{"target": -26.26354485025454, "params": {"C": 0.1, "epsilon": 6.804166436450299, "gamma": 0.2628840708546682, "lamda": 0.009}, "datetime": {"datetime": "2021-06-21 20:45:44", "elapsed": 143.8708, "delta": 0.867683}}
{"target": -27.418813391271986, "params": {"C": 0.020522070824486174, "epsilon": 9.393475557046752, "gamma": 0.1047376941648127, "lamda": 0.29997303079334375}, "datetime": {"datetime": "2021-06-21 20:45:45", "elapsed": 144.83223, "delta": 0.96143}}
{"target": -23.77636259273753, "params": {"C": 0.09284314794370564, "epsilon": 4.919137516595224, "gamma": 0.1063011109012223, "lamda": 0.3769562191587589}, "datetime": {"datetime": "2021-06-21 20:45:46", "elapsed": 145.663008, "delta": 0.830778}}
{"target": -26.057877701761072, "params": {"C": 0.1, "epsilon": 6.753283009125176, "gamma": 0.24494521544540235, "lamda": 0.7}, "datetime": {"datetime": "2021-06-21 20:45:46", "elapsed": 146.423973, "delta": 0.760965}}
{"target": -28.889476400541074, "params": {"C": 0.07221851176968076, "epsilon": 5.994794563008824, "gamma": 0.37070094860145086, "lamda": 0.6181330173552587}, "datetime": {"datetime": "2021-06-21 20:45:47", "elapsed": 147.084721, "delta": 0.660748}}
{"target": -32.97843914959817, "params": {"C": 0.008635593321016556, "epsilon": 5.371906038767061, "gamma": 0.23021640978316044, "lamda": 0.2636487895761912}, "datetime": {"datetime": "2021-06-21 20:45:48", "elapsed": 147.718028, "delta": 0.633307}}
{"target": -23.5090053222175, "params": {"C": 0.1, "epsilon": 4.681240635887091, "gamma": 0.1, "lamda": 0.5266788363948597}, "datetime": {"datetime": "2021-06-21 20:45:49", "elapsed": 148.462041, "delta": 0.744013}}
{"target": -22.527187047000623, "params": {"C": 0.09582590065036564, "epsilon": 9.911605347367932, "gamma": 0.10512744724457493, "lamda": 0.17148567553012078}, "datetime": {"datetime": "2021-06-21 20:45:49", "elapsed": 149.250929, "delta": 0.788888}}
{"target": -24.65522901041303, "params": {"C": 0.1, "epsilon": 10.0, "gamma": 0.2143357063396059, "lamda": 0.7}, "datetime": {"datetime": "2021-06-21 20:45:50", "elapsed": 150.131575, "delta": 0.880646}}
{"target": -23.22214972258696, "params": {"C": 0.1, "epsilon": 5.5364872107864995, "gamma": 0.1, "lamda": 0.009}, "datetime": {"datetime": "2021-06-21 20:45:51", "elapsed": 150.956368, "delta": 0.824793}}
{"target": -29.227014314360687, "params": {"C": 0.03482063675609894, "epsilon": 8.137461692813737, "gamma": 0.2563213261574923, "lamda": 0.10025338268531227}, "datetime": {"datetime": "2021-06-21 20:45:52", "elapsed": 151.615608, "delta": 0.65924}}
{"target": -33.76546411941353, "params": {"C": 0.001, "epsilon": 7.052514160830569, "gamma": 0.1, "lamda": 0.3991316896123936}, "datetime": {"datetime": "2021-06-21 20:45:52", "elapsed": 152.458355, "delta": 0.842747}}
{"target": -31.93450244096068, "params": {"C": 0.029233026344788405, "epsilon": 6.988526694839772, "gamma": 0.46893120002980826, "lamda": 0.6650536448707752}, "datetime": {"datetime": "2021-06-21 20:45:53", "elapsed": 153.067723, "delta": 0.609368}}
{"target": -30.8679008995609, "params": {"C": 0.1, "epsilon": 5.763583707973118, "gamma": 0.8, "lamda": 0.4126611638284105}, "datetime": {"datetime": "2021-06-21 20:45:54", "elapsed": 153.799765, "delta": 0.732042}}
{"target": -28.30054775901788, "params": {"C": 0.1, "epsilon": 10.0, "gamma": 0.537081157650069, "lamda": 0.009}, "datetime": {"datetime": "2021-06-21 20:45:55", "elapsed": 154.553749, "delta": 0.753984}}
{"target": -23.243036430398327, "params": {"C": 0.09355829010548578, "epsilon": 7.811942917485013, "gamma": 0.11461010980615831, "lamda": 0.2105442309368003}, "datetime": {"datetime": "2021-06-21 20:45:55", "elapsed": 155.166112, "delta": 0.612363}}
{"target": -34.026480120617656, "params": {"C": 0.004222020129087021, "epsilon": 6.5208335938728865, "gamma": 0.5575658373591345, "lamda": 0.560589304688677}, "datetime": {"datetime": "2021-06-21 20:45:56", "elapsed": 155.79842, "delta": 0.632308}}
{"target": -33.12375836075483, "params": {"C": 0.001, "epsilon": 10.0, "gamma": 0.1, "lamda": 0.30945474614412494}, "datetime": {"datetime": "2021-06-21 20:45:57", "elapsed": 156.622218, "delta": 0.823798}}
{"target": -22.24921214781551, "params": {"C": 0.1, "epsilon": 10.0, "gamma": 0.1, "lamda": 0.08756511832421027}, "datetime": {"datetime": "2021-06-21 20:45:58", "elapsed": 157.598607, "delta": 0.976389}}
{"target": -34.37476771787419, "params": {"C": 0.001, "epsilon": 6.10947891671261, "gamma": 0.8, "lamda": 0.009}, "datetime": {"datetime": "2021-06-21 20:45:59", "elapsed": 158.497205, "delta": 0.898598}}
{"target": -22.788159852142055, "params": {"C": 0.1, "epsilon": 7.554488914241729, "gamma": 0.1, "lamda": 0.1830586164494391}, "datetime": {"datetime": "2021-06-21 20:45:59", "elapsed": 159.378849, "delta": 0.881644}}
{"target": -25.837665963688945, "params": {"C": 0.03107910077231452, "epsilon": 8.683095886265937, "gamma": 0.10130857645056196, "lamda": 0.03489093050655083}, "datetime": {"datetime": "2021-06-21 20:46:00", "elapsed": 160.076979, "delta": 0.69813}}
{"target": -22.96343285623222, "params": {"C": 0.0950737324996785, "epsilon": 8.703138221447073, "gamma": 0.11143579050732598, "lamda": 0.25118558489534526}, "datetime": {"datetime": "2021-06-21 20:46:01", "elapsed": 161.019459, "delta": 0.94248}}
{"target": -22.671946376647313, "params": {"C": 0.1, "epsilon": 8.471441846145755, "gamma": 0.1, "lamda": 0.48214104297741284}, "datetime": {"datetime": "2021-06-21 20:46:02", "elapsed": 161.865199, "delta": 0.84574}}
{"target": -30.958599874153915, "params": {"C": 0.1, "epsilon": 5.364375009238188, "gamma": 0.8, "lamda": 0.009}, "datetime": {"datetime": "2021-06-21 20:46:03", "elapsed": 162.946307, "delta": 1.081108}}
{"target": -23.928258612645397, "params": {"C": 0.1, "epsilon": 10.0, "gamma": 0.1840259979120329, "lamda": 0.4898048743019042}, "datetime": {"datetime": "2021-06-21 20:46:04", "elapsed": 163.845902, "delta": 0.899595}}
{"target": -24.01523691641711, "params": {"C": 0.1, "epsilon": 8.307575876898953, "gamma": 0.1750825346492115, "lamda": 0.009}, "datetime": {"datetime": "2021-06-21 20:46:05", "elapsed": 164.660725, "delta": 0.814823}}
{"target": -22.710646962249765, "params": {"C": 0.1, "epsilon": 8.584723440942586, "gamma": 0.1, "lamda": 0.7}, "datetime": {"datetime": "2021-06-21 20:46:06", "elapsed": 165.590237, "delta": 0.929512}}
{"target": -25.356851926965955, "params": {"C": 0.1, "epsilon": 7.567454015506773, "gamma": 0.21998440635937308, "lamda": 0.6224396363095096}, "datetime": {"datetime": "2021-06-21 20:46:06", "elapsed": 166.430988, "delta": 0.840751}}
{"target": -33.583814144127224, "params": {"C": 0.001, "epsilon": 9.660355173069028, "gamma": 0.6499303453010558, "lamda": 0.009}, "datetime": {"datetime": "2021-06-21 20:46:08", "elapsed": 167.491155, "delta": 1.060167}}
{"target": -24.90364994819638, "params": {"C": 0.1, "epsilon": 9.218904401159042, "gamma": 0.21872440466278625, "lamda": 0.38366128107874065}, "datetime": {"datetime": "2021-06-21 20:46:09", "elapsed": 168.950156, "delta": 1.459001}}
{"target": -23.010966198019826, "params": {"C": 0.09108577855517554, "epsilon": 9.288751921352222, "gamma": 0.11514279847068704, "lamda": 0.015516347337774832}, "datetime": {"datetime": "2021-06-21 20:46:10", "elapsed": 169.955515, "delta": 1.005359}}
{"target": -33.00540663920115, "params": {"C": 0.02616124160797874, "epsilon": 5.522404355789526, "gamma": 0.6212658033485505, "lamda": 0.49016031765514084}, "datetime": {"datetime": "2021-06-21 20:46:11", "elapsed": 170.647664, "delta": 0.692149}}
{"target": -31.360526905522303, "params": {"C": 0.009581260676558487, "epsilon": 8.733537316688178, "gamma": 0.16567081983943036, "lamda": 0.32464759615827254}, "datetime": {"datetime": "2021-06-21 20:46:11", "elapsed": 171.325854, "delta": 0.67819}}
{"target": -22.485984175272158, "params": {"C": 0.1, "epsilon": 9.086848922901487, "gamma": 0.1, "lamda": 0.264866866300816}, "datetime": {"datetime": "2021-06-21 20:46:12", "elapsed": 172.276308, "delta": 0.950454}}
{"target": -23.07983207467994, "params": {"C": 0.1, "epsilon": 6.712640106437749, "gamma": 0.1, "lamda": 0.7}, "datetime": {"datetime": "2021-06-21 20:46:14", "elapsed": 173.574838, "delta": 1.29853}}
{"target": -30.34098687933439, "params": {"C": 0.1, "epsilon": 8.080961363386386, "gamma": 0.8, "lamda": 0.3530533791801308}, "datetime": {"datetime": "2021-06-21 20:46:15", "elapsed": 174.610078, "delta": 1.03524}}
{"target": -22.78890830704817, "params": {"C": 0.09617107412000771, "epsilon": 8.677045852079704, "gamma": 0.10149894345762157, "lamda": 0.5272568899564533}, "datetime": {"datetime": "2021-06-21 20:46:16", "elapsed": 175.586469, "delta": 0.976391}}
{"target": -26.058873250988384, "params": {"C": 0.1, "epsilon": 6.65220927750526, "gamma": 0.24355960941999993, "lamda": 0.22911519234046204}, "datetime": {"datetime": "2021-06-21 20:46:16", "elapsed": 176.34843, "delta": 0.761961}}
{"target": -33.279770724954425, "params": {"C": 0.021325086105403727, "epsilon": 7.02115646678111, "gamma": 0.7919221306749321, "lamda": 0.6568015582376405}, "datetime": {"datetime": "2021-06-21 20:46:17", "elapsed": 177.073492, "delta": 0.725062}}
{"target": -23.55094635865213, "params": {"C": 0.09518258544209521, "epsilon": 5.314285787820434, "gamma": 0.10320001084775662, "lamda": 0.4040079237092317}, "datetime": {"datetime": "2021-06-21 20:46:18", "elapsed": 177.950148, "delta": 0.876656}}
{"target": -30.190690436746394, "params": {"C": 0.062391806734717545, "epsilon": 7.5250748011288495, "gamma": 0.5250553959533434, "lamda": 0.6929924507702587}, "datetime": {"datetime": "2021-06-21 20:46:19", "elapsed": 178.903597, "delta": 0.953449}}
{"target": -22.9308548927797, "params": {"C": 0.1, "epsilon": 6.915402244890048, "gamma": 0.1, "lamda": 0.2108349876663448}, "datetime": {"datetime": "2021-06-21 20:46:20", "elapsed": 180.072473, "delta": 1.168876}}
{"target": -23.173421464017192, "params": {"C": 0.1, "epsilon": 5.858633649131263, "gamma": 0.1, "lamda": 0.20508696779423183}, "datetime": {"datetime": "2021-06-21 20:46:21", "elapsed": 180.884303, "delta": 0.81183}}
{"target": -31.638575637168042, "params": {"C": 0.03208823475450008, "epsilon": 7.539901826052264, "gamma": 0.47298959883367675, "lamda": 0.4046412677112215}, "datetime": {"datetime": "2021-06-21 20:46:22", "elapsed": 181.618338, "delta": 0.734035}}
{"target": -26.931023711624892, "params": {"C": 0.048419129201401054, "epsilon": 8.703980209147106, "gamma": 0.19254847517531254, "lamda": 0.14833713710167307}, "datetime": {"datetime": "2021-06-21 20:46:22", "elapsed": 182.357362, "delta": 0.739024}}
{"target": -23.74579634670251, "params": {"C": 0.08675426710070733, "epsilon": 8.763896519139823, "gamma": 0.12415337452044226, "lamda": 0.6014476322550417}, "datetime": {"datetime": "2021-06-21 20:46:24", "elapsed": 183.8774, "delta": 1.520038}}
{"target": -22.940846652071055, "params": {"C": 0.1, "epsilon": 7.230944164094549, "gamma": 0.1, "lamda": 0.5537432052691851}, "datetime": {"datetime": "2021-06-21 20:46:25", "elapsed": 184.957511, "delta": 1.080111}}
{"target": -28.718412453562642, "params": {"C": 0.06815814291914413, "epsilon": 7.076809045664, "gamma": 0.36924975880768074, "lamda": 0.026746151763567157}, "datetime": {"datetime": "2021-06-21 20:46:26", "elapsed": 185.78648, "delta": 0.828969}}
{"target": -22.892189286958658, "params": {"C": 0.097949791720958, "epsilon": 7.380339621485115, "gamma": 0.10020451174387639, "lamda": 0.21648082377798833}, "datetime": {"datetime": "2021-06-21 20:46:28", "elapsed": 187.884869, "delta": 2.098389}}
{"target": -23.169290841034552, "params": {"C": 0.09596933959973197, "epsilon": 7.025352275426392, "gamma": 0.10173012934064118, "lamda": 0.6548818445766769}, "datetime": {"datetime": "2021-06-21 20:46:30", "elapsed": 189.565374, "delta": 1.680505}}
{"target": -26.405669399241898, "params": {"C": 0.09590705018521457, "epsilon": 8.589711577028904, "gamma": 0.29064014913792247, "lamda": 0.5147646210879527}, "datetime": {"datetime": "2021-06-21 20:46:31", "elapsed": 191.327661, "delta": 1.762287}}
{"target": -23.047028466417256, "params": {"C": 0.08843156628391724, "epsilon": 9.549785195260787, "gamma": 0.11343471254155237, "lamda": 0.09836073985189105}, "datetime": {"datetime": "2021-06-21 20:46:33", "elapsed": 192.77579, "delta": 1.448129}}
{"target": -23.436562051361953, "params": {"C": 0.1, "epsilon": 5.096590709092963, "gamma": 0.1, "lamda": 0.7}, "datetime": {"datetime": "2021-06-21 20:46:34", "elapsed": 193.925715, "delta": 1.149925}}
{"target": -28.928291309548143, "params": {"C": 0.1, "epsilon": 8.459954921868503, "gamma": 0.5800657990650794, "lamda": 0.009}, "datetime": {"datetime": "2021-06-21 20:46:35", "elapsed": 194.842263, "delta": 0.916548}}
{"target": -26.291611695971014, "params": {"C": 0.1, "epsilon": 6.023756326489424, "gamma": 0.24792840434750224, "lamda": 0.38956781172031757}, "datetime": {"datetime": "2021-06-21 20:46:36", "elapsed": 195.726899, "delta": 0.884636}}
{"target": -22.975930829594592, "params": {"C": 0.1, "epsilon": 6.8367597706067444, "gamma": 0.1, "lamda": 0.3566836381599949}, "datetime": {"datetime": "2021-06-21 20:46:38", "elapsed": 197.495171, "delta": 1.768272}}
{"target": -34.0315517673435, "params": {"C": 0.001, "epsilon": 5.868764681201731, "gamma": 0.1, "lamda": 0.3601208142715664}, "datetime": {"datetime": "2021-06-21 20:46:39", "elapsed": 199.292363, "delta": 1.797192}}
{"target": -32.48828322945045, "params": {"C": 0.01689180206298829, "epsilon": 7.8983392069698315, "gamma": 0.43468573022118273, "lamda": 0.4056381690356377}, "datetime": {"datetime": "2021-06-21 20:46:40", "elapsed": 200.155058, "delta": 0.862695}}
{"target": -31.27508780415022, "params": {"C": 0.017159402389871913, "epsilon": 8.785935023799816, "gamma": 0.2710282169304784, "lamda": 0.3307864525907813}, "datetime": {"datetime": "2021-06-21 20:46:41", "elapsed": 200.878124, "delta": 0.723066}}
{"target": -22.679073735021944, "params": {"C": 0.09801689746660419, "epsilon": 8.83819385790796, "gamma": 0.10508825244251557, "lamda": 0.11926763607168467}, "datetime": {"datetime": "2021-06-21 20:46:42", "elapsed": 202.123793, "delta": 1.245669}}
{"target": -22.43916683637821, "params": {"C": 0.1, "epsilon": 9.004594250048044, "gamma": 0.1, "lamda": 0.009}, "datetime": {"datetime": "2021-06-21 20:46:43", "elapsed": 203.269728, "delta": 1.145935}}
{"target": -23.317121623089925, "params": {"C": 0.1, "epsilon": 5.513312889078173, "gamma": 0.1, "lamda": 0.5748224755199746}, "datetime": {"datetime": "2021-06-21 20:46:44", "elapsed": 204.444587, "delta": 1.174859}}
{"target": -22.802480403367134, "params": {"C": 0.1, "epsilon": 7.68384029374563, "gamma": 0.1, "lamda": 0.3687506703049697}, "datetime": {"datetime": "2021-06-21 20:46:45", "elapsed": 205.42696, "delta": 0.982373}}
{"target": -28.184519712906404, "params": {"C": 0.07267054570736024, "epsilon": 9.13432797178545, "gamma": 0.3870966278748299, "lamda": 0.2536724859545428}, "datetime": {"datetime": "2021-06-21 20:46:46", "elapsed": 206.160016, "delta": 0.733056}}
{"target": -22.79464090101424, "params": {"C": 0.1, "epsilon": 7.448092738080765, "gamma": 0.1, "lamda": 0.10458019678939985}, "datetime": {"datetime": "2021-06-21 20:46:47", "elapsed": 207.209211, "delta": 1.049195}}
{"target": -22.91094184755041, "params": {"C": 0.1, "epsilon": 6.828067362613887, "gamma": 0.1, "lamda": 0.009}, "datetime": {"datetime": "2021-06-21 20:46:48", "elapsed": 208.216517, "delta": 1.007306}}
{"target": -22.560443868818037, "params": {"C": 0.1, "epsilon": 8.584266587458336, "gamma": 0.1, "lamda": 0.14268427087463978}, "datetime": {"datetime": "2021-06-21 20:46:49", "elapsed": 209.239779, "delta": 1.023262}}
{"target": -23.45009232952168, "params": {"C": 0.09045860514011105, "epsilon": 5.91652525678305, "gamma": 0.10317554038635234, "lamda": 0.02875277264016706}, "datetime": {"datetime": "2021-06-21 20:46:50", "elapsed": 210.2421, "delta": 1.002321}}
{"target": -34.444409094946856, "params": {"C": 0.001, "epsilon": 5.799677904229772, "gamma": 0.8, "lamda": 0.7}, "datetime": {"datetime": "2021-06-21 20:46:51", "elapsed": 211.101801, "delta": 0.859701}}
{"target": -32.59617269295041, "params": {"C": 0.04367350200017147, "epsilon": 5.950197624389602, "gamma": 0.7597022133580693, "lamda": 0.012130231496938811}, "datetime": {"datetime": "2021-06-21 20:47:06", "elapsed": 225.580908, "delta": 14.479107}}
{"target": -27.05228443248592, "params": {"C": 0.09771841850017629, "epsilon": 5.615759512967026, "gamma": 0.2843698999230799, "lamda": 0.6282727222767971}, "datetime": {"datetime": "2021-06-21 20:47:08", "elapsed": 227.871754, "delta": 2.290846}}
{"target": -25.589841723929812, "params": {"C": 0.1, "epsilon": 6.912995765076041, "gamma": 0.22395024163251265, "lamda": 0.234684498441136}, "datetime": {"datetime": "2021-06-21 20:47:10", "elapsed": 230.05454, "delta": 2.182786}}
{"target": -22.661956515083048, "params": {"C": 0.1, "epsilon": 7.9611844796537365, "gamma": 0.1, "lamda": 0.009}, "datetime": {"datetime": "2021-06-21 20:47:12", "elapsed": 231.876615, "delta": 1.822075}}
{"target": -23.01987707957042, "params": {"C": 0.09231947234060565, "epsilon": 9.78073102458287, "gamma": 0.120234503011312, "lamda": 0.014005519847021346}, "datetime": {"datetime": "2021-06-21 20:47:14", "elapsed": 233.571179, "delta": 1.694564}}
{"target": -24.109551793951027, "params": {"C": 0.1, "epsilon": 8.996895390712158, "gamma": 0.18433002731824594, "lamda": 0.20130752501088828}, "datetime": {"datetime": "2021-06-21 20:47:16", "elapsed": 235.810214, "delta": 2.239035}}
{"target": -22.795071386276604, "params": {"C": 0.1, "epsilon": 7.94350382189556, "gamma": 0.1, "lamda": 0.5458403423746352}, "datetime": {"datetime": "2021-06-21 20:47:18", "elapsed": 238.003483, "delta": 2.193269}}
{"target": -33.33132784979133, "params": {"C": 0.01499454832386151, "epsilon": 5.383760636271058, "gamma": 0.46685354880021424, "lamda": 0.40017842796112324}, "datetime": {"datetime": "2021-06-21 20:47:19", "elapsed": 239.404387, "delta": 1.400904}}
{"target": -28.535333724815278, "params": {"C": 0.09757428459630124, "epsilon": 9.784407347851904, "gamma": 0.5467121406640152, "lamda": 0.5819909753001147}, "datetime": {"datetime": "2021-06-21 20:47:22", "elapsed": 241.635838, "delta": 2.231451}}
{"target": -24.12421638539197, "params": {"C": 0.08988047213671728, "epsilon": 7.430682171173876, "gamma": 0.14785405491798348, "lamda": 0.15716594712877768}, "datetime": {"datetime": "2021-06-21 20:47:23", "elapsed": 243.103529, "delta": 1.467691}}
{"target": -25.075315522541857, "params": {"C": 0.1, "epsilon": 4.596398122869164, "gamma": 0.1732476090482467, "lamda": 0.7}, "datetime": {"datetime": "2021-06-21 20:47:26", "elapsed": 245.556889, "delta": 2.45336}}
{"target": -23.259449002255884, "params": {"C": 0.1, "epsilon": 5.589117350643786, "gamma": 0.1, "lamda": 0.33834837330346695}, "datetime": {"datetime": "2021-06-21 20:47:27", "elapsed": 247.369299, "delta": 1.81241}}
{"target": -22.777681129182493, "params": {"C": 0.09980090956619254, "epsilon": 9.240387189140385, "gamma": 0.11797931532437816, "lamda": 0.15105440406771822}, "datetime": {"datetime": "2021-06-21 20:47:29", "elapsed": 249.124221, "delta": 1.754922}}
{"target": -23.20484047896271, "params": {"C": 0.1, "epsilon": 5.992363888390589, "gamma": 0.1, "lamda": 0.5652943287533909}, "datetime": {"datetime": "2021-06-21 20:47:31", "elapsed": 250.951967, "delta": 1.827746}}
{"target": -22.589525035371327, "params": {"C": 0.09355643237488459, "epsilon": 9.940076014391241, "gamma": 0.10377036884777613, "lamda": 0.3095435225801381}, "datetime": {"datetime": "2021-06-21 20:47:33", "elapsed": 253.007656, "delta": 2.055689}}
{"target": -23.258675146303222, "params": {"C": 0.1, "epsilon": 5.389738489330922, "gamma": 0.1, "lamda": 0.009}, "datetime": {"datetime": "2021-06-21 20:47:34", "elapsed": 254.267202, "delta": 1.259546}}
{"target": -31.176810227606992, "params": {"C": 0.06936941509391921, "epsilon": 8.15731999755413, "gamma": 0.7803199904660062, "lamda": 0.14055301704675152}, "datetime": {"datetime": "2021-06-21 20:47:35", "elapsed": 255.161212, "delta": 0.89401}}
{"target": -30.592067780365557, "params": {"C": 0.06687984103736898, "epsilon": 5.232745460276773, "gamma": 0.5287924928466793, "lamda": 0.4133760284690681}, "datetime": {"datetime": "2021-06-21 20:47:36", "elapsed": 255.982316, "delta": 0.821104}}
{"target": -23.1493880138751, "params": {"C": 0.1, "epsilon": 6.12718761823339, "gamma": 0.1, "lamda": 0.4400432592775601}, "datetime": {"datetime": "2021-06-21 20:47:38", "elapsed": 257.533373, "delta": 1.551057}}
{"target": -23.436943205473536, "params": {"C": 0.1, "epsilon": 4.8077992485426355, "gamma": 0.1, "lamda": 0.22570545423527374}, "datetime": {"datetime": "2021-06-21 20:47:39", "elapsed": 258.929959, "delta": 1.396586}}
{"target": -22.905729947761085, "params": {"C": 0.1, "epsilon": 7.219425238454848, "gamma": 0.1, "lamda": 0.39701106577148887}, "datetime": {"datetime": "2021-06-21 20:47:41", "elapsed": 260.700908, "delta": 1.770949}}
{"target": -23.140778325678664, "params": {"C": 0.1, "epsilon": 6.420688249357532, "gamma": 0.1, "lamda": 0.7}, "datetime": {"datetime": "2021-06-21 20:47:42", "elapsed": 262.026152, "delta": 1.325244}}
{"target": -24.142773776720546, "params": {"C": 0.09724135901710093, "epsilon": 8.432118409456768, "gamma": 0.17143444000361913, "lamda": 0.5921259820992336}, "datetime": {"datetime": "2021-06-21 20:47:43", "elapsed": 263.166842, "delta": 1.14069}}
{"target": -27.843106622786927, "params": {"C": 0.1, "epsilon": 10.0, "gamma": 0.481438012523967, "lamda": 0.2622174884821322}, "datetime": {"datetime": "2021-06-21 20:47:45", "elapsed": 264.535767, "delta": 1.368925}}
{"target": -26.5284640893288, "params": {"C": 0.1, "epsilon": 4.74482770747507, "gamma": 0.2394779659818898, "lamda": 0.2695955720926157}, "datetime": {"datetime": "2021-06-21 20:47:46", "elapsed": 266.201847, "delta": 1.66608}}
