{"target": -31.526341412475556, "params": {"C": 4.170803025021038, "epsilon": 7.20604168948716, "gamma": 0.0015717597119070882, "lamda": 3.024023393745766}, "datetime": {"datetime": "2021-06-21 18:55:12", "elapsed": 0.0, "delta": 0.0}}
{"target": -24.350621927624026, "params": {"C": 1.4684121522803133, "epsilon": 0.9324625617402901, "gamma": 0.9321147966769768, "lamda": 3.4562617097034343}, "datetime": {"datetime": "2021-06-21 18:55:13", "elapsed": 0.39746, "delta": 0.39746}}
{"target": -33.72747604196375, "params": {"C": 3.968277974832469, "epsilon": 5.392779172693536, "gamma": 2.0965533775020706, "lamda": 6.852509784467199}, "datetime": {"datetime": "2021-06-21 18:55:27", "elapsed": 14.809061, "delta": 14.411601}}
{"target": -45.71420672132538, "params": {"C": 2.045318045065443, "epsilon": 8.782393189545544, "gamma": 0.1379105783964329, "lamda": 6.705004634273845}, "datetime": {"datetime": "2021-06-21 18:55:42", "elapsed": 29.798842, "delta": 14.989781}}
{"target": -20.621072350061016, "params": {"C": 4.173630718868903, "epsilon": 5.591311386173059, "gamma": 0.7027943060375735, "lamda": 1.981816789359703}, "datetime": {"datetime": "2021-06-21 18:55:43", "elapsed": 30.138843, "delta": 0.340001}}
{"target": -32.91526800454621, "params": {"C": 8.00764494218669, "epsilon": 9.68293314143678, "gamma": 1.5678074666180548, "lamda": 6.923533834077472}, "datetime": {"datetime": "2021-06-21 18:55:58", "elapsed": 46.06417, "delta": 15.925327}}
{"target": -16.51013087196415, "params": {"C": 8.764015133808087, "epsilon": 8.947120568403435, "gamma": 0.42613601263751977, "lamda": 0.39150877754559077}, "datetime": {"datetime": "2021-06-21 18:55:59", "elapsed": 46.452169, "delta": 0.387999}}
{"target": -36.90091735644599, "params": {"C": 1.6991343652261244, "epsilon": 8.782643609259837, "gamma": 0.4926358223314174, "lamda": 4.211655142425517}, "datetime": {"datetime": "2021-06-21 18:56:15", "elapsed": 62.306094, "delta": 15.853925}}
{"target": -29.472446284298798, "params": {"C": 9.578937411974868, "epsilon": 5.336321196880441, "gamma": 3.459693692638416, "lamda": 3.1558407944296234}, "datetime": {"datetime": "2021-06-21 18:56:15", "elapsed": 62.665754, "delta": 0.35966}}
{"target": -54.08569112497917, "params": {"C": 6.865322775888155, "epsilon": 8.347910462254756, "gamma": 0.09242309844361483, "lamda": 7.50169300513473}, "datetime": {"datetime": "2021-06-21 18:56:31", "elapsed": 78.973339, "delta": 16.307585}}
{"target": -17.11970001593363, "params": {"C": 8.694726740560355, "epsilon": 8.848930906673246, "gamma": 0.4639123380838675, "lamda": 0.4363407820900729}, "datetime": {"datetime": "2021-06-21 18:56:33", "elapsed": 80.363341, "delta": 1.390002}}
{"target": -15.822512915228614, "params": {"C": 8.852492675147246, "epsilon": 9.032078888631592, "gamma": 0.3854686422395579, "lamda": 0.21519841755947686}, "datetime": {"datetime": "2021-06-21 18:56:34", "elapsed": 82.023191, "delta": 1.65985}}
{"target": -16.39270086416541, "params": {"C": 9.04097776135473, "epsilon": 9.24084639902569, "gamma": 0.42225769159574794, "lamda": 0.13918880491395452}, "datetime": {"datetime": "2021-06-21 18:56:36", "elapsed": 83.5103, "delta": 1.487109}}
{"target": -11.309077384742135, "params": {"C": 8.798538589298843, "epsilon": 9.071326016113822, "gamma": 0.10648072280244905, "lamda": 0.10539834455365577}, "datetime": {"datetime": "2021-06-21 18:56:37", "elapsed": 84.478304, "delta": 0.968004}}
{"target": -11.924770962796043, "params": {"C": 8.800238738092865, "epsilon": 9.133615622858013, "gamma": 0.005134945738872816, "lamda": 0.129604841572125}, "datetime": {"datetime": "2021-06-21 18:56:38", "elapsed": 85.396432, "delta": 0.918128}}
{"target": -10.617170575524144, "params": {"C": 8.04589519114515, "epsilon": 9.176484222004834, "gamma": 0.027928423320511313, "lamda": 0.15859199918744768}, "datetime": {"datetime": "2021-06-21 18:56:38", "elapsed": 85.994033, "delta": 0.597601}}
{"target": -10.802195425076818, "params": {"C": 8.36918267137015, "epsilon": 9.096962360338372, "gamma": 0.0734583310807912, "lamda": 0.10598380866647428}, "datetime": {"datetime": "2021-06-21 18:56:39", "elapsed": 86.690629, "delta": 0.696596}}
{"target": -13.211326870707143, "params": {"C": 8.641784282069787, "epsilon": 8.803025039239955, "gamma": 0.2079118760624571, "lamda": 0.25624201506126665}, "datetime": {"datetime": "2021-06-21 18:56:40", "elapsed": 87.601777, "delta": 0.911148}}
{"target": -10.51725146693248, "params": {"C": 8.179074545671421, "epsilon": 9.107338580272426, "gamma": 0.032925237763969245, "lamda": 0.22311253045754437}, "datetime": {"datetime": "2021-06-21 18:56:41", "elapsed": 88.405447, "delta": 0.80367}}
{"target": -10.949643275159842, "params": {"C": 8.174775625444749, "epsilon": 9.200202231016954, "gamma": 0.08035006706592522, "lamda": 0.16727128005789177}, "datetime": {"datetime": "2021-06-21 18:56:42", "elapsed": 89.121052, "delta": 0.715605}}
{"target": -15.905856049085433, "params": {"C": 8.438947642903598, "epsilon": 8.80873445843464, "gamma": 0.3908128610665323, "lamda": 0.23462130850235924}, "datetime": {"datetime": "2021-06-21 18:56:42", "elapsed": 89.710052, "delta": 0.589}}
{"target": -38.866551716509676, "params": {"C": 8.185782898746842, "epsilon": 9.540120301751456, "gamma": 0.28018991926632547, "lamda": 0.7955762261574963}, "datetime": {"datetime": "2021-06-21 18:56:57", "elapsed": 104.118585, "delta": 14.408533}}
{"target": -30.00277537052827, "params": {"C": 2.3413366849364894, "epsilon": 4.475548538230487, "gamma": 2.750998455514037, "lamda": 9.49187769157268}, "datetime": {"datetime": "2021-06-21 18:56:57", "elapsed": 104.586584, "delta": 0.467999}}
{"target": -10.86150536708251, "params": {"C": 7.623649281770955, "epsilon": 9.007323049776149, "gamma": 0.07436689783859758, "lamda": 0.046472957097717746}, "datetime": {"datetime": "2021-06-21 18:56:58", "elapsed": 105.112583, "delta": 0.525999}}
{"target": -13.325799971677268, "params": {"C": 8.404556965965552, "epsilon": 9.311896333588638, "gamma": 0.21494955656700035, "lamda": 0.1863081484460704}, "datetime": {"datetime": "2021-06-21 18:56:58", "elapsed": 105.880583, "delta": 0.768}}
{"target": -11.378696004676684, "params": {"C": 8.50789215912361, "epsilon": 8.945813611937346, "gamma": 0.009451883002726636, "lamda": 0.19902401242058446}, "datetime": {"datetime": "2021-06-21 18:56:59", "elapsed": 106.381584, "delta": 0.501001}}
{"target": -31.82299554592421, "params": {"C": 1.808704408257476, "epsilon": 2.7249952320008513, "gamma": 4.017899547642099, "lamda": 6.48073739739021}, "datetime": {"datetime": "2021-06-21 18:56:59", "elapsed": 106.763588, "delta": 0.382004}}
{"target": -17.396088487344706, "params": {"C": 8.30516434952113, "epsilon": 8.976498161402688, "gamma": 0.4866085472489028, "lamda": 0.21202803021290725}, "datetime": {"datetime": "2021-06-21 18:57:00", "elapsed": 107.245579, "delta": 0.481991}}
{"target": -19.13266065657465, "params": {"C": 8.37891310314, "epsilon": 9.122833989127408, "gamma": 0.6734077424028958, "lamda": 0.0037077979835888745}, "datetime": {"datetime": "2021-06-21 18:57:00", "elapsed": 107.72658, "delta": 0.481001}}
{"target": -56.91077255995127, "params": {"C": 8.180601448167693, "epsilon": 1.6436318536487518, "gamma": 0.07615105427726898, "lamda": 1.6107260972318538}, "datetime": {"datetime": "2021-06-21 18:57:09", "elapsed": 117.095905, "delta": 9.369325}}
{"target": -11.154849481476665, "params": {"C": 9.267428088243443, "epsilon": 9.49898139858685, "gamma": 0.09540227825652785, "lamda": 0.06147766721472278}, "datetime": {"datetime": "2021-06-21 18:57:10", "elapsed": 117.661493, "delta": 0.565588}}
{"target": -33.94358541167694, "params": {"C": 8.99009133428202, "epsilon": 4.527672293586909, "gamma": 1.996675108624822, "lamda": 3.115970564231651}, "datetime": {"datetime": "2021-06-21 18:57:24", "elapsed": 131.183711, "delta": 13.522218}}
{"target": -10.693615275136974, "params": {"C": 7.898936902743934, "epsilon": 9.021622582380308, "gamma": 0.05015391198447502, "lamda": 0.07970231130340741}, "datetime": {"datetime": "2021-06-21 18:57:24", "elapsed": 131.991713, "delta": 0.808002}}
{"target": -10.90417217542398, "params": {"C": 9.152798813669923, "epsilon": 9.417023400640929, "gamma": 0.07903964529200885, "lamda": 0.0499232079985181}, "datetime": {"datetime": "2021-06-21 18:57:25", "elapsed": 132.697339, "delta": 0.705626}}
{"target": -14.071606742446358, "params": {"C": 9.6421915984713, "epsilon": 9.402972365940073, "gamma": 0.27418466961901167, "lamda": 0.13602383261203127}, "datetime": {"datetime": "2021-06-21 18:57:26", "elapsed": 133.318181, "delta": 0.620842}}
{"target": -69.0208924009377, "params": {"C": 8.79635636407764, "epsilon": 8.318622372333442, "gamma": 0.037804528758736196, "lamda": 0.3927779275362809}, "datetime": {"datetime": "2021-06-21 18:57:35", "elapsed": 142.93561, "delta": 9.617429}}
{"target": -31.423467363659068, "params": {"C": 5.393106001162706, "epsilon": 3.9268066648409543, "gamma": 4.686302220809581, "lamda": 4.21710333505969}, "datetime": {"datetime": "2021-06-21 18:57:36", "elapsed": 143.357821, "delta": 0.422211}}
{"target": -25.743933464968233, "params": {"C": 4.885501789487967, "epsilon": 0.6513064588248493, "gamma": 1.6488540326688277, "lamda": 6.402168059823599}, "datetime": {"datetime": "2021-06-21 18:57:36", "elapsed": 143.812822, "delta": 0.455001}}
{"target": -13.516401719079981, "params": {"C": 9.526402144166436, "epsilon": 9.25647136981531, "gamma": 0.2300740305858577, "lamda": 0.23501234324085588}, "datetime": {"datetime": "2021-06-21 18:57:37", "elapsed": 144.325826, "delta": 0.513004}}
{"target": -30.1030098177868, "params": {"C": 6.55097812024532, "epsilon": 2.185329474467088, "gamma": 3.513573109917623, "lamda": 9.070069810759112}, "datetime": {"datetime": "2021-06-21 18:57:37", "elapsed": 144.778823, "delta": 0.452997}}
{"target": -12.334031137323734, "params": {"C": 8.970884140233059, "epsilon": 9.651636385396934, "gamma": 0.16734537659290877, "lamda": 0.516319188851116}, "datetime": {"datetime": "2021-06-21 18:57:38", "elapsed": 145.275416, "delta": 0.496593}}
{"target": -18.612082861967885, "params": {"C": 9.596409631114584, "epsilon": 9.088324408571781, "gamma": 0.6182966182303407, "lamda": 0.28273060481916024}, "datetime": {"datetime": "2021-06-21 18:57:38", "elapsed": 145.805121, "delta": 0.529705}}
{"target": -33.282716799489066, "params": {"C": 3.5972849925974875, "epsilon": 5.0743595981205525, "gamma": 3.6244564822927896, "lamda": 5.209786047228737}, "datetime": {"datetime": "2021-06-21 18:57:52", "elapsed": 159.823921, "delta": 14.0188}}
{"target": -16.202265963015567, "params": {"C": 9.639684587362519, "epsilon": 9.251334238484644, "gamma": 0.4095800772117718, "lamda": 0.15323804561172857}, "datetime": {"datetime": "2021-06-21 18:57:53", "elapsed": 160.380924, "delta": 0.557003}}
{"target": -32.08068946697115, "params": {"C": 9.307091108023549, "epsilon": 9.125779205306513, "gamma": 3.77495873129737, "lamda": 6.893798707890729}, "datetime": {"datetime": "2021-06-21 18:58:08", "elapsed": 175.425977, "delta": 15.045053}}
{"target": -32.023854824976695, "params": {"C": 3.934119788092047, "epsilon": 9.445207012578162, "gamma": 3.824932041437582, "lamda": 7.862554576871396}, "datetime": {"datetime": "2021-06-21 18:58:23", "elapsed": 190.703315, "delta": 15.277338}}
{"target": -32.44309454030942, "params": {"C": 3.502174106601666, "epsilon": 9.429755906509845, "gamma": 1.8973569713318872, "lamda": 2.8946033539798517}, "datetime": {"datetime": "2021-06-21 18:58:38", "elapsed": 205.177999, "delta": 14.474684}}
{"target": -45.81921582408489, "params": {"C": 9.274189617958292, "epsilon": 9.503372574540315, "gamma": 0.15096002322342392, "lamda": 0.8970031346837644}, "datetime": {"datetime": "2021-06-21 18:58:49", "elapsed": 216.648667, "delta": 11.470668}}
{"target": -11.92780877802388, "params": {"C": 9.300089432832781, "epsilon": 9.464874722732946, "gamma": 0.14599331895853876, "lamda": 0.41358592812959966}, "datetime": {"datetime": "2021-06-21 18:58:50", "elapsed": 217.30658, "delta": 0.657913}}
{"target": -30.91256477846534, "params": {"C": 4.214697847803718, "epsilon": 4.186371397852311, "gamma": 4.124837894880511, "lamda": 3.5801985032931243}, "datetime": {"datetime": "2021-06-21 18:58:50", "elapsed": 217.75927, "delta": 0.45269}}
{"target": -18.773464112299727, "params": {"C": 9.31896564656154, "epsilon": 9.853159697962012, "gamma": 0.6370477265048956, "lamda": 0.2579066149256744}, "datetime": {"datetime": "2021-06-21 18:58:51", "elapsed": 218.193271, "delta": 0.434001}}
{"target": -16.879068912086957, "params": {"C": 9.903177580194669, "epsilon": 6.443957202341401, "gamma": 0.4399631192632508, "lamda": 0.7071174275773443}, "datetime": {"datetime": "2021-06-21 18:58:51", "elapsed": 218.692922, "delta": 0.499651}}
{"target": -12.132925368992236, "params": {"C": 8.957337978781576, "epsilon": 9.236912856384413, "gamma": 0.15477837480956916, "lamda": 0.1948032846299029}, "datetime": {"datetime": "2021-06-21 18:58:52", "elapsed": 219.281516, "delta": 0.588594}}
{"target": -13.313949741006786, "params": {"C": 8.506595281655722, "epsilon": 9.399979537735241, "gamma": 0.21471498866487557, "lamda": 0.1607250303463071}, "datetime": {"datetime": "2021-06-21 18:58:52", "elapsed": 219.81257, "delta": 0.531054}}
{"target": -32.61639714171862, "params": {"C": 3.802248303056222, "epsilon": 8.485474365010045, "gamma": 2.055278921219943, "lamda": 3.729006894937956}, "datetime": {"datetime": "2021-06-21 18:59:07", "elapsed": 234.871735, "delta": 15.059165}}
{"target": -18.987850693017123, "params": {"C": 8.43663523374783, "epsilon": 8.902447202806247, "gamma": 0.6427883597089608, "lamda": 0.37922573798737935}, "datetime": {"datetime": "2021-06-21 18:59:08", "elapsed": 235.405131, "delta": 0.533396}}
{"target": -44.33000839997797, "params": {"C": 8.974151933259773, "epsilon": 9.631806264362028, "gamma": 0.14283109306612024, "lamda": 0.6599073597177039}, "datetime": {"datetime": "2021-06-21 18:59:16", "elapsed": 243.505874, "delta": 8.100743}}
{"target": -12.643854387527822, "params": {"C": 9.824535043524751, "epsilon": 9.443462373636514, "gamma": 0.18143152329327358, "lamda": 0.188716930776969}, "datetime": {"datetime": "2021-06-21 18:59:16", "elapsed": 244.027128, "delta": 0.521254}}
{"target": -31.628991334418856, "params": {"C": 2.866366895882373, "epsilon": 1.0476324395562597, "gamma": 4.267978467766202, "lamda": 1.412384316746123}, "datetime": {"datetime": "2021-06-21 18:59:17", "elapsed": 244.47913, "delta": 0.452002}}
{"target": -18.406405050725507, "params": {"C": 8.488469939572996, "epsilon": 8.659453944982005, "gamma": 0.5821520423511078, "lamda": 0.37123306194524786}, "datetime": {"datetime": "2021-06-21 18:59:17", "elapsed": 244.988127, "delta": 0.508997}}
{"target": -33.46469651084204, "params": {"C": 9.39195305981058, "epsilon": 9.71919707913153, "gamma": 1.241648444896169, "lamda": 1.3854390426149352}, "datetime": {"datetime": "2021-06-21 18:59:33", "elapsed": 260.322495, "delta": 15.334368}}
{"target": -16.49995870950327, "params": {"C": 9.679945449945107, "epsilon": 6.527145033717564, "gamma": 0.4213058023021823, "lamda": 0.5606199480419307}, "datetime": {"datetime": "2021-06-21 18:59:33", "elapsed": 260.794203, "delta": 0.471708}}
{"target": -12.300741037394465, "params": {"C": 7.480539832199223, "epsilon": 8.66574895219767, "gamma": 0.1575883406478743, "lamda": 0.13721315662692835}, "datetime": {"datetime": "2021-06-21 18:59:34", "elapsed": 261.325205, "delta": 0.531002}}
{"target": -13.768107273528205, "params": {"C": 8.228998023337859, "epsilon": 9.451809936423, "gamma": 0.23956158142246384, "lamda": 0.08337325938970262}, "datetime": {"datetime": "2021-06-21 18:59:34", "elapsed": 261.82399, "delta": 0.498785}}
{"target": -29.265345911857356, "params": {"C": 1.591030605802536, "epsilon": 4.789580142384174, "gamma": 2.5339503476689536, "lamda": 1.2122628298977165}, "datetime": {"datetime": "2021-06-21 18:59:35", "elapsed": 262.281991, "delta": 0.458001}}
{"target": -16.317970208421617, "params": {"C": 9.0992844473017, "epsilon": 9.839547602545336, "gamma": 0.41541595539560894, "lamda": 0.4625681948262374}, "datetime": {"datetime": "2021-06-21 18:59:35", "elapsed": 262.748831, "delta": 0.46684}}
{"target": -16.271299873919197, "params": {"C": 9.793301498737796, "epsilon": 9.46173825506426, "gamma": 0.4126175051468367, "lamda": 0.31165722552802944}, "datetime": {"datetime": "2021-06-21 18:59:36", "elapsed": 263.238832, "delta": 0.490001}}
{"target": -13.57895369649035, "params": {"C": 9.776276080912435, "epsilon": 6.495793542060256, "gamma": 0.23130276322747678, "lamda": 0.5410021627750179}, "datetime": {"datetime": "2021-06-21 18:59:36", "elapsed": 263.759184, "delta": 0.520352}}
{"target": -13.133220054458306, "params": {"C": 9.594469457913874, "epsilon": 6.320744964131641, "gamma": 0.20296136855089064, "lamda": 0.6617965368782572}, "datetime": {"datetime": "2021-06-21 18:59:37", "elapsed": 264.326184, "delta": 0.567}}
{"target": -32.984313063695545, "params": {"C": 6.791924990361519, "epsilon": 8.291121518489822, "gamma": 1.6393560749972664, "lamda": 3.7973509757357338}, "datetime": {"datetime": "2021-06-21 18:59:51", "elapsed": 278.832677, "delta": 14.506493}}
{"target": -29.720023856105087, "params": {"C": 7.993353938606942, "epsilon": 2.7275044246249767, "gamma": 3.493497760368551, "lamda": 4.439588732571249}, "datetime": {"datetime": "2021-06-21 18:59:52", "elapsed": 279.324676, "delta": 0.491999}}
{"target": -16.13567648071231, "params": {"C": 9.603311632329648, "epsilon": 9.590099143090693, "gamma": 0.4048984663054598, "lamda": 0.26204824348275857}, "datetime": {"datetime": "2021-06-21 18:59:52", "elapsed": 279.844567, "delta": 0.519891}}
{"target": -53.54428042088459, "params": {"C": 8.757250547960014, "epsilon": 9.966657027646693, "gamma": 0.09214919449570835, "lamda": 0.44591929685594106}, "datetime": {"datetime": "2021-06-21 19:00:00", "elapsed": 287.457773, "delta": 7.613206}}
{"target": -31.304460664106728, "params": {"C": 5.399738526224509, "epsilon": 3.2194042024951233, "gamma": 4.186144746605472, "lamda": 9.895927890746226}, "datetime": {"datetime": "2021-06-21 19:00:00", "elapsed": 287.940773, "delta": 0.483}}
{"target": -30.623353676491956, "params": {"C": 7.9970420809976295, "epsilon": 3.842396980348834, "gamma": 3.9182301836320113, "lamda": 7.14159710496453}, "datetime": {"datetime": "2021-06-21 19:00:01", "elapsed": 288.421774, "delta": 0.481001}}
{"target": -14.132762351155264, "params": {"C": 8.195206839229387, "epsilon": 9.109777747724003, "gamma": 0.2704346880280294, "lamda": 0.1476688683963824}, "datetime": {"datetime": "2021-06-21 19:00:01", "elapsed": 288.903772, "delta": 0.481998}}
{"target": -13.773176711898438, "params": {"C": 7.683285619760908, "epsilon": 8.490534543348803, "gamma": 0.23677188576965774, "lamda": 0.23056657323210844}, "datetime": {"datetime": "2021-06-21 19:00:02", "elapsed": 289.438773, "delta": 0.535001}}
{"target": -30.980145546334047, "params": {"C": 5.6995602183457805, "epsilon": 0.35795865644352, "gamma": 4.192738047558479, "lamda": 5.4038631561324255}, "datetime": {"datetime": "2021-06-21 19:00:02", "elapsed": 289.972774, "delta": 0.534001}}
{"target": -19.88088658774541, "params": {"C": 8.3880667041759, "epsilon": 9.011261825025462, "gamma": 0.7593810678742329, "lamda": 0.11618992258100425}, "datetime": {"datetime": "2021-06-21 19:00:03", "elapsed": 290.522771, "delta": 0.549997}}
{"target": -32.35745985863627, "params": {"C": 9.533559092917242, "epsilon": 7.664190882208875, "gamma": 4.998593902443164, "lamda": 3.3643750059587347}, "datetime": {"datetime": "2021-06-21 19:00:18", "elapsed": 305.669773, "delta": 15.147002}}
{"target": -18.261780052671583, "params": {"C": 8.603499305095726, "epsilon": 8.642833833971464, "gamma": 0.5753554785984819, "lamda": 0.14149545252858708}, "datetime": {"datetime": "2021-06-21 19:00:19", "elapsed": 306.196773, "delta": 0.527}}
{"target": -14.638505631857889, "params": {"C": 9.868028735128847, "epsilon": 9.691413807716183, "gamma": 0.31411967570266647, "lamda": 0.10729111043810792}, "datetime": {"datetime": "2021-06-21 19:00:19", "elapsed": 306.768773, "delta": 0.572}}
{"target": -32.32469763463118, "params": {"C": 5.2734690636142565, "epsilon": 8.082632320788726, "gamma": 3.9502081555525286, "lamda": 6.4325538343376625}, "datetime": {"datetime": "2021-06-21 19:00:34", "elapsed": 321.876774, "delta": 15.108001}}
{"target": -14.458767874726616, "params": {"C": 8.270984941398638, "epsilon": 8.967116276387216, "gamma": 0.2982811326894, "lamda": 0.010298080667095484}, "datetime": {"datetime": "2021-06-21 19:00:35", "elapsed": 322.418772, "delta": 0.541998}}
{"target": -11.457898111365958, "params": {"C": 7.823408372054513, "epsilon": 8.92986363813833, "gamma": 0.11183671036580893, "lamda": 0.31610459324910867}, "datetime": {"datetime": "2021-06-21 19:00:36", "elapsed": 323.167771, "delta": 0.748999}}
{"target": -14.431261160678414, "params": {"C": 8.827777196485082, "epsilon": 9.331788160709058, "gamma": 0.30006559131941296, "lamda": 0.1516752956300048}, "datetime": {"datetime": "2021-06-21 19:00:36", "elapsed": 323.754772, "delta": 0.587001}}
{"target": -11.264231966588904, "params": {"C": 8.940067017902752, "epsilon": 9.298940000574902, "gamma": 0.1016913474515344, "lamda": 0.08448839942402812}, "datetime": {"datetime": "2021-06-21 19:00:37", "elapsed": 324.32677, "delta": 0.571998}}
{"target": -32.737840850359426, "params": {"C": 6.041595703781352, "epsilon": 6.903727786221845, "gamma": 3.2614707382401846, "lamda": 4.151525095558312}, "datetime": {"datetime": "2021-06-21 19:00:52", "elapsed": 339.594293, "delta": 15.267523}}
{"target": -13.502323161419344, "params": {"C": 8.268738868901089, "epsilon": 8.968551057027542, "gamma": 0.22394626568783105, "lamda": 0.07839301868947038}, "datetime": {"datetime": "2021-06-21 19:00:53", "elapsed": 340.122296, "delta": 0.528003}}
