{"target": -19.22816167129817, "params": {"C": 9.768831901284177, "epsilon": 9.496873205977439, "gamma": 0.6914974225700793, "lamda": 0.24795187532104904}, "datetime": {"datetime": "2021-06-21 19:11:24", "elapsed": 971.673048, "delta": 1.372101}}
{"target": -34.34994014535216, "params": {"C": 3.02347574116418, "epsilon": 4.626483863552878, "gamma": 1.4697437946624636, "lamda": 7.554659850680424}, "datetime": {"datetime": "2021-06-21 19:11:35", "elapsed": 982.633053, "delta": 10.960005}}
{"target": -25.845769316237643, "params": {"C": 6.783972434833557, "epsilon": 4.690422248396973, "gamma": 1.9238279203994224, "lamda": 0.2577927228421245}, "datetime": {"datetime": "2021-06-21 19:11:36", "elapsed": 983.598569, "delta": 0.965516}}
{"target": -30.55143706437644, "params": {"C": 9.352432797876512, "epsilon": 5.959710708228458, "gamma": 4.527675334339991, "lamda": 0.6717843461082607}, "datetime": {"datetime": "2021-06-21 19:11:37", "elapsed": 984.548151, "delta": 0.949582}}
{"target": -12.937584796079122, "params": {"C": 9.92173345497643, "epsilon": 9.730523284393586, "gamma": 0.1982797446933974, "lamda": 0.08415976335748004}, "datetime": {"datetime": "2021-06-21 19:11:38", "elapsed": 985.523149, "delta": 0.974998}}
{"target": -33.324284139450555, "params": {"C": 9.586612068706671, "epsilon": 7.43840339173068, "gamma": 1.3624430079149632, "lamda": 7.319582411372562}, "datetime": {"datetime": "2021-06-21 19:11:53", "elapsed": 1000.180149, "delta": 14.657}}
{"target": -16.702235887391904, "params": {"C": 7.599858039317367, "epsilon": 9.317807184883346, "gamma": 0.4420744752893321, "lamda": 0.28031780444493953}, "datetime": {"datetime": "2021-06-21 19:11:54", "elapsed": 1001.496914, "delta": 1.316765}}
{"target": -32.510437049594394, "params": {"C": 0.32126577310249693, "epsilon": 9.811414121263262, "gamma": 4.797781760150452, "lamda": 1.2665251063090468}, "datetime": {"datetime": "2021-06-21 19:11:55", "elapsed": 1002.513873, "delta": 1.016959}}
{"target": -13.964859325505378, "params": {"C": 9.64389083543999, "epsilon": 9.669135289504942, "gamma": 0.2670560308731, "lamda": 0.28196345347016444}, "datetime": {"datetime": "2021-06-21 19:11:56", "elapsed": 1003.784416, "delta": 1.270543}}
{"target": -12.546220023844207, "params": {"C": 7.351332429941063, "epsilon": 8.720462869808356, "gamma": 0.17026103798786074, "lamda": 0.4634053102594263}, "datetime": {"datetime": "2021-06-21 19:11:57", "elapsed": 1004.914416, "delta": 1.13}}
{"target": -19.62892802239825, "params": {"C": 8.882142693500446, "epsilon": 9.353578249247665, "gamma": 0.7322590484048653, "lamda": 0.19028181795078783}, "datetime": {"datetime": "2021-06-21 19:11:58", "elapsed": 1006.00988, "delta": 1.095464}}
{"target": -18.093920494572348, "params": {"C": 8.568086451913503, "epsilon": 8.838186737198138, "gamma": 0.5523220026471367, "lamda": 0.3959799956230355}, "datetime": {"datetime": "2021-06-21 19:12:00", "elapsed": 1007.343887, "delta": 1.334007}}
{"target": -29.34859995179669, "params": {"C": 1.606072008361817, "epsilon": 6.18261975956884, "gamma": 2.3911342362509886, "lamda": 5.740486327333346}, "datetime": {"datetime": "2021-06-21 19:12:01", "elapsed": 1008.33584, "delta": 0.991953}}
{"target": -25.80786660927728, "params": {"C": 1.633099641377063, "epsilon": 7.794816525047302, "gamma": 1.2223857949078019, "lamda": 4.657357075912045}, "datetime": {"datetime": "2021-06-21 19:12:02", "elapsed": 1009.316245, "delta": 0.980405}}
{"target": -18.181725905057824, "params": {"C": 8.671536822790886, "epsilon": 9.095106125544145, "gamma": 0.5609805231605735, "lamda": 0.46792113897875126}, "datetime": {"datetime": "2021-06-21 19:12:03", "elapsed": 1010.405238, "delta": 1.088993}}
{"target": -15.647698569905144, "params": {"C": 9.198390933931467, "epsilon": 9.898999572146877, "gamma": 0.3730055687329279, "lamda": 0.5087182725771004}, "datetime": {"datetime": "2021-06-21 19:12:04", "elapsed": 1011.569273, "delta": 1.164035}}
{"target": -19.644239400251276, "params": {"C": 9.278583795145181, "epsilon": 9.857321028261202, "gamma": 0.7378827908263479, "lamda": 0.2610272928586563}, "datetime": {"datetime": "2021-06-21 19:12:05", "elapsed": 1012.532319, "delta": 0.963046}}
{"target": -12.539983178953666, "params": {"C": 9.16605282621509, "epsilon": 9.108713993990898, "gamma": 0.17532673369680393, "lamda": 0.7260216970960793}, "datetime": {"datetime": "2021-06-21 19:12:06", "elapsed": 1013.69517, "delta": 1.162851}}
{"target": -32.73789559216058, "params": {"C": 7.239725116443385, "epsilon": 8.427624806933935, "gamma": 2.0512800610661066, "lamda": 3.5414923112293395}, "datetime": {"datetime": "2021-06-21 19:12:20", "elapsed": 1027.82423, "delta": 14.12906}}
{"target": -27.92254302817047, "params": {"C": 5.107212284419173, "epsilon": 3.931159104295614, "gamma": 2.2295347068423794, "lamda": 7.885269862619492}, "datetime": {"datetime": "2021-06-21 19:12:21", "elapsed": 1028.754231, "delta": 0.930001}}
{"target": -14.979390845098015, "params": {"C": 9.405267745965617, "epsilon": 5.860150823361269, "gamma": 0.32503759617687816, "lamda": 0.7715768244271826}, "datetime": {"datetime": "2021-06-21 19:12:22", "elapsed": 1029.995993, "delta": 1.241762}}
{"target": -18.80935495735234, "params": {"C": 9.181152104864534, "epsilon": 9.922178305609263, "gamma": 0.6405464638974103, "lamda": 0.23324894618100367}, "datetime": {"datetime": "2021-06-21 19:12:24", "elapsed": 1031.315037, "delta": 1.319044}}
{"target": -16.76808849490524, "params": {"C": 8.368974926401368, "epsilon": 8.758443651329179, "gamma": 0.4394877718732884, "lamda": 0.6249152483550237}, "datetime": {"datetime": "2021-06-21 19:12:25", "elapsed": 1032.476357, "delta": 1.16132}}
{"target": -19.21705853427683, "params": {"C": 2.543521224596219, "epsilon": 2.2962599692180263, "gamma": 0.5319307632093616, "lamda": 0.5472062106642235}, "datetime": {"datetime": "2021-06-21 19:12:26", "elapsed": 1033.515026, "delta": 1.038669}}
{"target": -31.460197078954256, "params": {"C": 4.3110237020173185, "epsilon": 2.644086230482205, "gamma": 4.712216235109983, "lamda": 0.046295491661202885}, "datetime": {"datetime": "2021-06-21 19:12:27", "elapsed": 1034.527284, "delta": 1.012258}}
{"target": -16.28258285263743, "params": {"C": 7.525911474905264, "epsilon": 9.422571356264184, "gamma": 0.415999075650901, "lamda": 0.19550173232900897}, "datetime": {"datetime": "2021-06-21 19:12:28", "elapsed": 1035.513104, "delta": 0.98582}}
{"target": -15.041600818570439, "params": {"C": 9.506888031710186, "epsilon": 9.130481290957093, "gamma": 0.33932779605284336, "lamda": 0.04012137667615146}, "datetime": {"datetime": "2021-06-21 19:12:29", "elapsed": 1036.686559, "delta": 1.173455}}
{"target": -11.232991373128872, "params": {"C": 9.547453550903331, "epsilon": 9.373989976630819, "gamma": 0.1056399528775618, "lamda": 0.5648454448539855}, "datetime": {"datetime": "2021-06-21 19:12:30", "elapsed": 1037.792559, "delta": 1.106}}
{"target": -25.434603831219356, "params": {"C": 9.204006648543482, "epsilon": 1.276047372175666, "gamma": 1.7111857182451737, "lamda": 8.18316947988243}, "datetime": {"datetime": "2021-06-21 19:12:31", "elapsed": 1038.822556, "delta": 1.029997}}
{"target": -13.41114713376887, "params": {"C": 8.141685455472341, "epsilon": 9.464980689183358, "gamma": 0.21943336532104096, "lamda": 0.1191737244386442}, "datetime": {"datetime": "2021-06-21 19:12:32", "elapsed": 1039.98256, "delta": 1.160004}}
{"target": -35.426367478896296, "params": {"C": 8.495707424014618, "epsilon": 9.743681993619159, "gamma": 0.36290173583228563, "lamda": 2.0440831825495778}, "datetime": {"datetime": "2021-06-21 19:12:48", "elapsed": 1055.478984, "delta": 15.496424}}
{"target": -30.29993549738653, "params": {"C": 1.4144493807100125, "epsilon": 1.6152306829723404, "gamma": 2.6208584149318153, "lamda": 5.661482056705169}, "datetime": {"datetime": "2021-06-21 19:12:49", "elapsed": 1056.554597, "delta": 1.075613}}
{"target": -15.513437196391406, "params": {"C": 9.639174710216514, "epsilon": 6.427964950057914, "gamma": 0.3609011412165831, "lamda": 0.6055361748147294}, "datetime": {"datetime": "2021-06-21 19:12:51", "elapsed": 1058.226799, "delta": 1.672202}}
{"target": -15.479763171859979, "params": {"C": 8.977927685808446, "epsilon": 5.333184525459458, "gamma": 0.34274631504999914, "lamda": 2.1450105721282897}, "datetime": {"datetime": "2021-06-21 19:12:52", "elapsed": 1059.304798, "delta": 1.077999}}
{"target": -13.411840205346886, "params": {"C": 8.146909258930025, "epsilon": 8.583977558918804, "gamma": 0.2178862697262182, "lamda": 0.05839196533468386}, "datetime": {"datetime": "2021-06-21 19:12:53", "elapsed": 1060.441799, "delta": 1.137001}}
{"target": -12.364229720089515, "params": {"C": 7.75103065031825, "epsilon": 9.215622674547193, "gamma": 0.16210871214259848, "lamda": 0.2286736453318456}, "datetime": {"datetime": "2021-06-21 19:12:54", "elapsed": 1061.703323, "delta": 1.261524}}
{"target": -30.749744103627798, "params": {"C": 8.207896439297208, "epsilon": 1.2890462089790564, "gamma": 4.302607623602115, "lamda": 1.5779324548443099}, "datetime": {"datetime": "2021-06-21 19:12:55", "elapsed": 1062.769322, "delta": 1.065999}}
{"target": -12.146256932915115, "params": {"C": 8.98639217163609, "epsilon": 9.038086254456477, "gamma": 0.15692887215989978, "lamda": 0.5934973261355246}, "datetime": {"datetime": "2021-06-21 19:12:57", "elapsed": 1064.173244, "delta": 1.403922}}
{"target": -28.638163766451523, "params": {"C": 4.456444204511428, "epsilon": 3.7224349995919397, "gamma": 2.5523802020643798, "lamda": 6.719020047959838}, "datetime": {"datetime": "2021-06-21 19:12:58", "elapsed": 1065.417281, "delta": 1.244037}}
{"target": -16.35495419424231, "params": {"C": 8.338970538107484, "epsilon": 8.900740059154305, "gamma": 0.4165513487998602, "lamda": 0.32159582461684877}, "datetime": {"datetime": "2021-06-21 19:12:59", "elapsed": 1067.020253, "delta": 1.602972}}
{"target": -32.584049417574086, "params": {"C": 6.90631092448584, "epsilon": 6.653023050102863, "gamma": 4.8594566176279494, "lamda": 1.904615944211966}, "datetime": {"datetime": "2021-06-21 19:13:15", "elapsed": 1082.95154, "delta": 15.931287}}
{"target": -29.110349379375084, "params": {"C": 6.654863944774267, "epsilon": 1.3409322087572662, "gamma": 3.063190959629356, "lamda": 5.852455728888875}, "datetime": {"datetime": "2021-06-21 19:13:17", "elapsed": 1084.140611, "delta": 1.189071}}
{"target": -33.0582254079813, "params": {"C": 3.4987578855920693, "epsilon": 9.30591823433697, "gamma": 1.4207973228749853, "lamda": 2.229285896084744}, "datetime": {"datetime": "2021-06-21 19:13:34", "elapsed": 1101.380445, "delta": 17.239834}}
{"target": -12.537837937154391, "params": {"C": 7.274347163507146, "epsilon": 8.754125272518282, "gamma": 0.16863796373825926, "lamda": 0.35100969611345223}, "datetime": {"datetime": "2021-06-21 19:13:35", "elapsed": 1102.764447, "delta": 1.384002}}
{"target": -11.546167272729466, "params": {"C": 9.219726514627034, "epsilon": 9.500739479509281, "gamma": 0.12751596176098182, "lamda": 0.04836630077086312}, "datetime": {"datetime": "2021-06-21 19:13:37", "elapsed": 1104.229444, "delta": 1.464997}}
{"target": -18.229991190839957, "params": {"C": 9.547225679657906, "epsilon": 9.417614646713416, "gamma": 0.5818464828405596, "lamda": 0.24728301997224814}, "datetime": {"datetime": "2021-06-21 19:13:38", "elapsed": 1105.514446, "delta": 1.285002}}
{"target": -17.566290855568983, "params": {"C": 7.587365177090574, "epsilon": 9.353187920294623, "gamma": 0.5010836548279822, "lamda": 0.16845857576675233}, "datetime": {"datetime": "2021-06-21 19:13:39", "elapsed": 1106.828447, "delta": 1.314001}}
{"target": -13.906114256126143, "params": {"C": 9.313943066745484, "epsilon": 9.196792985391966, "gamma": 0.258306529050987, "lamda": 0.25202113941562676}, "datetime": {"datetime": "2021-06-21 19:13:41", "elapsed": 1108.652447, "delta": 1.824}}
{"target": -31.005480979913163, "params": {"C": 1.4629119544480416, "epsilon": 6.855127821949947, "gamma": 3.4539151103254153, "lamda": 5.404912616859186}, "datetime": {"datetime": "2021-06-21 19:13:42", "elapsed": 1110.050444, "delta": 1.397997}}
{"target": -12.708332957181456, "params": {"C": 8.54676594162307, "epsilon": 9.482817046402209, "gamma": 0.18080994043217802, "lamda": 0.13276584473120473}, "datetime": {"datetime": "2021-06-21 19:13:44", "elapsed": 1111.340447, "delta": 1.290003}}
{"target": -17.512622215758125, "params": {"C": 9.957036088848803, "epsilon": 6.4898269019909405, "gamma": 0.49232190700590134, "lamda": 0.9507451106992674}, "datetime": {"datetime": "2021-06-21 19:13:45", "elapsed": 1112.965775, "delta": 1.625328}}
{"target": -12.775349688162787, "params": {"C": 3.6435740291271945, "epsilon": 4.186816368939025, "gamma": 0.11854577662071926, "lamda": 2.236998066617269}, "datetime": {"datetime": "2021-06-21 19:13:47", "elapsed": 1114.233903, "delta": 1.268128}}
{"target": -11.62733912471654, "params": {"C": 9.262588178164016, "epsilon": 8.943257315257078, "gamma": 0.13044683017781994, "lamda": 0.41531256705864844}, "datetime": {"datetime": "2021-06-21 19:13:48", "elapsed": 1115.525314, "delta": 1.291411}}
{"target": -32.76474269782367, "params": {"C": 4.35394274842938, "epsilon": 9.88281366199815, "gamma": 1.7065269962030094, "lamda": 4.995570926333721}, "datetime": {"datetime": "2021-06-21 19:14:04", "elapsed": 1131.505708, "delta": 15.980394}}
{"target": -35.89494366054941, "params": {"C": 8.226286128269782, "epsilon": 6.913289320619214, "gamma": 0.7206289973402616, "lamda": 9.587739938305148}, "datetime": {"datetime": "2021-06-21 19:14:20", "elapsed": 1147.542366, "delta": 16.036658}}
{"target": -32.582642171148116, "params": {"C": 7.042671168004756, "epsilon": 7.586333421619506, "gamma": 3.2546752326816732, "lamda": 4.874421366052913}, "datetime": {"datetime": "2021-06-21 19:14:37", "elapsed": 1164.745052, "delta": 17.202686}}
{"target": -19.240165492688835, "params": {"C": 8.63931863389301, "epsilon": 8.91744732448658, "gamma": 0.6764114204873213, "lamda": 0.40002506238475466}, "datetime": {"datetime": "2021-06-21 19:14:38", "elapsed": 1165.841288, "delta": 1.096236}}
{"target": -15.779869093635348, "params": {"C": 9.828434216785999, "epsilon": 9.513701023163991, "gamma": 0.38218149318308725, "lamda": 0.2569372844646573}, "datetime": {"datetime": "2021-06-21 19:14:40", "elapsed": 1167.180315, "delta": 1.339027}}
{"target": -31.947900889117477, "params": {"C": 0.7623604780145677, "epsilon": 8.688377752532906, "gamma": 4.952027883604153, "lamda": 1.027341440521089}, "datetime": {"datetime": "2021-06-21 19:14:41", "elapsed": 1168.348491, "delta": 1.168176}}
{"target": -68.86700668834384, "params": {"C": 7.649927947607908, "epsilon": 8.737770193269348, "gamma": 0.05152351506119299, "lamda": 0.12280299659662022}, "datetime": {"datetime": "2021-06-21 19:14:51", "elapsed": 1178.553734, "delta": 10.205243}}
{"target": -27.291790470044948, "params": {"C": 9.583570890931794, "epsilon": 3.425264337241659, "gamma": 2.2584698836563772, "lamda": 5.933993496796052}, "datetime": {"datetime": "2021-06-21 19:14:52", "elapsed": 1179.73373, "delta": 1.179996}}
{"target": -18.25164358612871, "params": {"C": 8.818507708249436, "epsilon": 8.781077530952404, "gamma": 0.5703868754199902, "lamda": 0.38663030151276684}, "datetime": {"datetime": "2021-06-21 19:14:53", "elapsed": 1181.090728, "delta": 1.356998}}
{"target": -30.88713416627456, "params": {"C": 1.394920229863932, "epsilon": 4.421773742606639, "gamma": 3.1950690034549467, "lamda": 3.9911504241431355}, "datetime": {"datetime": "2021-06-21 19:14:55", "elapsed": 1182.235732, "delta": 1.145004}}
{"target": -25.802679545949893, "params": {"C": 9.24546642713485, "epsilon": 1.7046849964823876, "gamma": 1.8477458173641599, "lamda": 5.114387452035266}, "datetime": {"datetime": "2021-06-21 19:14:56", "elapsed": 1183.427603, "delta": 1.191871}}
{"target": -67.42173912597667, "params": {"C": 9.539266026557593, "epsilon": 9.501738765682909, "gamma": 0.04860934685998614, "lamda": 0.24560328940821669}, "datetime": {"datetime": "2021-06-21 19:15:12", "elapsed": 1199.326734, "delta": 15.899131}}
{"target": -11.751889882222548, "params": {"C": 8.077118865968274, "epsilon": 9.170836277005343, "gamma": 0.13664571705457618, "lamda": 0.21093452158370263}, "datetime": {"datetime": "2021-06-21 19:15:14", "elapsed": 1201.121003, "delta": 1.794269}}
{"target": -32.181469732432994, "params": {"C": 6.1785175301791915, "epsilon": 9.186381900706722, "gamma": 3.0912853612954345, "lamda": 6.832877656348863}, "datetime": {"datetime": "2021-06-21 19:15:29", "elapsed": 1216.961369, "delta": 15.840366}}
{"target": -14.592496711120717, "params": {"C": 8.211834706987805, "epsilon": 9.065135245148946, "gamma": 0.3082145171772234, "lamda": 0.007632490310728462}, "datetime": {"datetime": "2021-06-21 19:15:30", "elapsed": 1218.064226, "delta": 1.102857}}
{"target": -17.411654419307958, "params": {"C": 9.53098306490851, "epsilon": 9.635157176765546, "gamma": 0.4994306428267932, "lamda": 0.24594083971166297}, "datetime": {"datetime": "2021-06-21 19:15:32", "elapsed": 1219.559644, "delta": 1.495418}}
{"target": -31.8514015678655, "params": {"C": 0.3542996096823487, "epsilon": 5.554930907184291, "gamma": 2.566346316061051, "lamda": 6.033837499857346}, "datetime": {"datetime": "2021-06-21 19:15:33", "elapsed": 1220.962558, "delta": 1.402914}}
{"target": -32.81776886212467, "params": {"C": 6.772349557973791, "epsilon": 7.317468930284722, "gamma": 2.7871959355619755, "lamda": 6.714397386993538}, "datetime": {"datetime": "2021-06-21 19:15:50", "elapsed": 1237.83912, "delta": 16.876562}}
{"target": -30.67818071798637, "params": {"C": 3.8624771294000464, "epsilon": 0.2923944712512996, "gamma": 3.699135081389793, "lamda": 4.160568767042437}, "datetime": {"datetime": "2021-06-21 19:15:52", "elapsed": 1239.345821, "delta": 1.506701}}
{"target": -32.09447758160079, "params": {"C": 5.457910518012101, "epsilon": 9.018058778960599, "gamma": 4.8779811677156335, "lamda": 7.6734952496747555}, "datetime": {"datetime": "2021-06-21 19:16:09", "elapsed": 1256.362386, "delta": 17.016565}}
{"target": -13.937401303349587, "params": {"C": 9.081689616924114, "epsilon": 9.12382190777709, "gamma": 0.25933034370979874, "lamda": 0.6249553869854952}, "datetime": {"datetime": "2021-06-21 19:16:10", "elapsed": 1258.072809, "delta": 1.710423}}
{"target": -20.185636103503388, "params": {"C": 6.906600158272246, "epsilon": 3.893946540977233, "gamma": 0.6533878949708931, "lamda": 5.295484674404186}, "datetime": {"datetime": "2021-06-21 19:16:12", "elapsed": 1259.374793, "delta": 1.301984}}
{"target": -15.423044628436857, "params": {"C": 9.277469658290553, "epsilon": 5.881795035405527, "gamma": 0.3525820719738635, "lamda": 0.7033304127733191}, "datetime": {"datetime": "2021-06-21 19:16:13", "elapsed": 1260.954879, "delta": 1.580086}}
{"target": -25.575849592358157, "params": {"C": 8.557728718520067, "epsilon": 1.3705462930671641, "gamma": 1.8011850740546576, "lamda": 1.5215361608840827}, "datetime": {"datetime": "2021-06-21 19:16:15", "elapsed": 1262.20756, "delta": 1.252681}}
{"target": -22.369376227094023, "params": {"C": 2.610940982847875, "epsilon": 2.2886873793236333, "gamma": 0.8365318255306736, "lamda": 0.3956602014727658}, "datetime": {"datetime": "2021-06-21 19:16:16", "elapsed": 1263.805306, "delta": 1.597746}}
{"target": -12.282333163641509, "params": {"C": 9.06362840591818, "epsilon": 8.930260228904261, "gamma": 0.1616224391485214, "lamda": 0.019753751850443722}, "datetime": {"datetime": "2021-06-21 19:16:17", "elapsed": 1264.986202, "delta": 1.180896}}
{"target": -32.33694114427358, "params": {"C": 8.695988212466819, "epsilon": 8.381612249175713, "gamma": 3.3959034644475494, "lamda": 2.8223393476069267}, "datetime": {"datetime": "2021-06-21 19:16:33", "elapsed": 1280.924665, "delta": 15.938463}}
{"target": -17.799339307735725, "params": {"C": 7.998805751771871, "epsilon": 8.969742548803431, "gamma": 0.5221818259044744, "lamda": 0.13210762721069297}, "datetime": {"datetime": "2021-06-21 19:16:35", "elapsed": 1282.139677, "delta": 1.215012}}
{"target": -25.87956946741948, "params": {"C": 8.966262957196276, "epsilon": 9.42534168660546, "gamma": 2.0954643777806323, "lamda": 0.0902947252497311}, "datetime": {"datetime": "2021-06-21 19:16:36", "elapsed": 1283.4415, "delta": 1.301823}}
{"target": -37.989436289439425, "params": {"C": 2.7595917353531725, "epsilon": 1.617538597234668, "gamma": 0.4593996493027668, "lamda": 8.732326844822262}, "datetime": {"datetime": "2021-06-21 19:16:46", "elapsed": 1293.835988, "delta": 10.394488}}
{"target": -29.848229245657897, "params": {"C": 0.3987869071782602, "epsilon": 9.449646490641475, "gamma": 2.0771573429862777, "lamda": 1.9665411226259968}, "datetime": {"datetime": "2021-06-21 19:16:48", "elapsed": 1295.159053, "delta": 1.323065}}
{"target": -18.451699895939527, "params": {"C": 7.696549707637354, "epsilon": 9.101328510564395, "gamma": 0.5838384705842519, "lamda": 0.2662781739798448}, "datetime": {"datetime": "2021-06-21 19:16:49", "elapsed": 1296.912579, "delta": 1.753526}}
{"target": -36.86299582411824, "params": {"C": 2.3735098840410793, "epsilon": 8.527761750877447, "gamma": 0.0026240870873533253, "lamda": 4.898891644156658}, "datetime": {"datetime": "2021-06-21 19:17:00", "elapsed": 1307.47866, "delta": 10.566081}}
{"target": -68.78204457156338, "params": {"C": 9.14290159657978, "epsilon": 9.246937443067264, "gamma": 0.03730980681211758, "lamda": 0.20638328967283026}, "datetime": {"datetime": "2021-06-21 19:17:10", "elapsed": 1317.855395, "delta": 10.376735}}
{"target": -33.573898614756494, "params": {"C": 6.906976457819517, "epsilon": 9.592091771695452, "gamma": 1.0914529658958347, "lamda": 8.36093147209984}, "datetime": {"datetime": "2021-06-21 19:17:27", "elapsed": 1334.94651, "delta": 17.091115}}
