{"target": -29.20595752221545, "params": {"C": 2.757366821130475, "epsilon": 3.9354266359230663, "gamma": 2.8412848300179636, "lamda": 1.1972405032139017}, "datetime": {"datetime": "2021-06-21 19:00:53", "elapsed": 340.682333, "delta": 0.560037}}
{"target": -13.764848484288317, "params": {"C": 9.687254703913819, "epsilon": 6.401324803903907, "gamma": 0.24307864418885647, "lamda": 0.619129808585139}, "datetime": {"datetime": "2021-06-21 19:00:54", "elapsed": 341.276296, "delta": 0.593963}}
{"target": -19.910473763193007, "params": {"C": 9.89630876164265, "epsilon": 9.49591326702361, "gamma": 0.771385173830506, "lamda": 0.2628638743219111}, "datetime": {"datetime": "2021-06-21 19:00:54", "elapsed": 341.758294, "delta": 0.481998}}
{"target": -64.54992849400982, "params": {"C": 7.452091401721274, "epsilon": 1.18882208231569, "gamma": 0.054931513457153726, "lamda": 5.897580285353003}, "datetime": {"datetime": "2021-06-21 19:01:10", "elapsed": 357.57348, "delta": 15.815186}}
{"target": -33.27387554345266, "params": {"C": 9.55200209689955, "epsilon": 6.337393778634998, "gamma": 2.2916868161920547, "lamda": 8.15378951897544}, "datetime": {"datetime": "2021-06-21 19:01:25", "elapsed": 372.329755, "delta": 14.756275}}
{"target": -65.8672708880517, "params": {"C": 9.798200104059159, "epsilon": 6.332381293583337, "gamma": 0.05742794128554129, "lamda": 0.7953549198358069}, "datetime": {"datetime": "2021-06-21 19:01:39", "elapsed": 386.634274, "delta": 14.304519}}
{"target": -71.8099003153449, "params": {"C": 8.339428025847772, "epsilon": 9.157015995077444, "gamma": 0.043602091734060815, "lamda": 0.23966516794686837}, "datetime": {"datetime": "2021-06-21 19:01:49", "elapsed": 396.139274, "delta": 9.505}}
{"target": -33.16522884833593, "params": {"C": 5.422880267532676, "epsilon": 6.2735286688398855, "gamma": 2.4905118577276104, "lamda": 1.8276439966707227}, "datetime": {"datetime": "2021-06-21 19:02:03", "elapsed": 410.344387, "delta": 14.205113}}
{"target": -15.097451136595291, "params": {"C": 8.972284905432074, "epsilon": 8.960290976077573, "gamma": 0.33702040471417555, "lamda": 0.5644255928445377}, "datetime": {"datetime": "2021-06-21 19:02:03", "elapsed": 410.859388, "delta": 0.515001}}
{"target": -32.15087801279724, "params": {"C": 7.211065511406478, "epsilon": 9.17085925652698, "gamma": 3.2091010578968207, "lamda": 2.269058708530159}, "datetime": {"datetime": "2021-06-21 19:02:18", "elapsed": 425.405887, "delta": 14.546499}}
{"target": -13.08460446335432, "params": {"C": 8.583245282265715, "epsilon": 8.793595822513632, "gamma": 0.20189155247726756, "lamda": 0.2878744887320982}, "datetime": {"datetime": "2021-06-21 19:02:18", "elapsed": 426.045719, "delta": 0.639832}}
{"target": -18.386097781504837, "params": {"C": 9.600142909099196, "epsilon": 9.10376754057956, "gamma": 0.5982936335273185, "lamda": 0.271239942815757}, "datetime": {"datetime": "2021-06-21 19:02:19", "elapsed": 426.640377, "delta": 0.594658}}
{"target": -15.023183928970527, "params": {"C": 9.627481588499009, "epsilon": 6.170584641182515, "gamma": 0.3295890054219483, "lamda": 0.6309832546447198}, "datetime": {"datetime": "2021-06-21 19:02:20", "elapsed": 427.183376, "delta": 0.542999}}
{"target": -13.576138543556922, "params": {"C": 9.863036077647822, "epsilon": 9.562748089049618, "gamma": 0.23681660551340097, "lamda": 0.18559437541492124}, "datetime": {"datetime": "2021-06-21 19:02:20", "elapsed": 427.803998, "delta": 0.620622}}
{"target": -13.7462174916106, "params": {"C": 9.638500482784053, "epsilon": 5.831068656091026, "gamma": 0.239966228225854, "lamda": 0.5694234560001655}, "datetime": {"datetime": "2021-06-21 19:02:21", "elapsed": 428.407582, "delta": 0.603584}}
{"target": -29.632895487379933, "params": {"C": 4.978132955630313, "epsilon": 2.5421571310644673, "gamma": 3.1130973523793326, "lamda": 8.257412077661874}, "datetime": {"datetime": "2021-06-21 19:02:21", "elapsed": 428.962399, "delta": 0.554817}}
{"target": -28.59947781657687, "params": {"C": 2.388709204275049, "epsilon": 3.068350062516571, "gamma": 2.398396196392491, "lamda": 1.287839495491257}, "datetime": {"datetime": "2021-06-21 19:02:22", "elapsed": 429.546399, "delta": 0.584}}
{"target": -17.546692810802163, "params": {"C": 8.119592029965109, "epsilon": 9.113751268692338, "gamma": 0.4967762802582035, "lamda": 0.3332267057816901}, "datetime": {"datetime": "2021-06-21 19:02:22", "elapsed": 430.073397, "delta": 0.526998}}
{"target": -31.549566268313693, "params": {"C": 2.4606371589478164, "epsilon": 2.034976584243263, "gamma": 3.9927233137574434, "lamda": 8.566784094311034}, "datetime": {"datetime": "2021-06-21 19:02:23", "elapsed": 430.694157, "delta": 0.62076}}
{"target": -10.89559630232582, "params": {"C": 7.6408542597627545, "epsilon": 8.397745740925357, "gamma": 0.0756847519254149, "lamda": 0.17289147323014206}, "datetime": {"datetime": "2021-06-21 19:02:24", "elapsed": 431.355763, "delta": 0.661606}}
{"target": -14.596715537804661, "params": {"C": 9.534111516789732, "epsilon": 9.345749132130326, "gamma": 0.3089879334959966, "lamda": 0.2808896129023853}, "datetime": {"datetime": "2021-06-21 19:02:24", "elapsed": 431.960763, "delta": 0.605}}
{"target": -29.965187551889905, "params": {"C": 4.194588981508751, "epsilon": 3.200108163212812, "gamma": 3.3143629656008766, "lamda": 5.638864155613147}, "datetime": {"datetime": "2021-06-21 19:02:25", "elapsed": 432.548319, "delta": 0.587556}}
{"target": -11.281569651822144, "params": {"C": 9.401465707052342, "epsilon": 9.327563549716384, "gamma": 0.1125501187524238, "lamda": 0.2918992104272136}, "datetime": {"datetime": "2021-06-21 19:02:26", "elapsed": 433.205544, "delta": 0.657225}}
{"target": -62.97590531940976, "params": {"C": 8.058079804193524, "epsilon": 9.297541664972641, "gamma": 0.06865809876329776, "lamda": 0.3869636726625837}, "datetime": {"datetime": "2021-06-21 19:02:37", "elapsed": 444.803661, "delta": 11.598117}}
{"target": -28.929030882975198, "params": {"C": 1.823083838922666, "epsilon": 4.651151718369281, "gamma": 2.4163692537456245, "lamda": 2.5629935487357356}, "datetime": {"datetime": "2021-06-21 19:02:38", "elapsed": 445.402667, "delta": 0.599006}}
{"target": -28.738033942530894, "params": {"C": 1.781118754763142, "epsilon": 5.984160747523879, "gamma": 2.174483079593613, "lamda": 5.728741916946177}, "datetime": {"datetime": "2021-06-21 19:02:38", "elapsed": 446.05238, "delta": 0.649713}}
{"target": -28.57373994347638, "params": {"C": 0.9554829802333161, "epsilon": 0.9684949751124706, "gamma": 1.5701087117105414, "lamda": 9.210458267453356}, "datetime": {"datetime": "2021-06-21 19:02:39", "elapsed": 446.744934, "delta": 0.692554}}
{"target": -11.57323805108625, "params": {"C": 9.269688593018401, "epsilon": 6.453295703064363, "gamma": 0.1204789609958767, "lamda": 0.9083173255615948}, "datetime": {"datetime": "2021-06-21 19:02:40", "elapsed": 447.343933, "delta": 0.598999}}
{"target": -12.300263727201823, "params": {"C": 8.613337942464833, "epsilon": 9.443726977477418, "gamma": 0.1641114969092555, "lamda": 0.3708855596868737}, "datetime": {"datetime": "2021-06-21 19:02:40", "elapsed": 447.968089, "delta": 0.624156}}
{"target": -71.8179119511999, "params": {"C": 9.745755973569889, "epsilon": 9.331866280426823, "gamma": 0.045256925033037985, "lamda": 0.1252012480629804}, "datetime": {"datetime": "2021-06-21 19:02:50", "elapsed": 457.68581, "delta": 9.717721}}
{"target": -28.657514331815428, "params": {"C": 7.716062233196507, "epsilon": 5.147697033178859, "gamma": 2.893113489468644, "lamda": 3.658786866863198}, "datetime": {"datetime": "2021-06-21 19:02:51", "elapsed": 458.274809, "delta": 0.588999}}
{"target": -13.481477999802827, "params": {"C": 9.61751509754056, "epsilon": 6.3377931560760885, "gamma": 0.223064640063768, "lamda": 0.6445619679023634}, "datetime": {"datetime": "2021-06-21 19:02:51", "elapsed": 458.996812, "delta": 0.722003}}
{"target": -33.37229788809062, "params": {"C": 0.7270908999058718, "epsilon": 2.2662875217952343, "gamma": 4.69095196731201, "lamda": 5.93878689984136}, "datetime": {"datetime": "2021-06-21 19:02:52", "elapsed": 459.682812, "delta": 0.686}}
{"target": -16.303605921385905, "params": {"C": 8.319972551227103, "epsilon": 8.9039535703162, "gamma": 0.4127267361017547, "lamda": 0.37762890728130155}, "datetime": {"datetime": "2021-06-21 19:02:53", "elapsed": 460.333898, "delta": 0.651086}}
{"target": -11.596853429420543, "params": {"C": 9.796841505202451, "epsilon": 6.099254447729025, "gamma": 0.12258783509958289, "lamda": 0.5422827831173146}, "datetime": {"datetime": "2021-06-21 19:02:53", "elapsed": 461.052809, "delta": 0.718911}}
{"target": -17.298673820905723, "params": {"C": 8.212100533602095, "epsilon": 9.502734613732756, "gamma": 0.48242509874679845, "lamda": 0.08512078035397061}, "datetime": {"datetime": "2021-06-21 19:02:54", "elapsed": 461.61481, "delta": 0.562001}}
{"target": -30.420913411461452, "params": {"C": 0.5167116523829306, "epsilon": 2.8814434154181723, "gamma": 1.8856893395504881, "lamda": 5.564692769749297}, "datetime": {"datetime": "2021-06-21 19:02:55", "elapsed": 462.26881, "delta": 0.654}}
{"target": -11.11857632577361, "params": {"C": 9.869128487911372, "epsilon": 9.47888750325939, "gamma": 0.09574673349520653, "lamda": 0.28158164054501944}, "datetime": {"datetime": "2021-06-21 19:02:55", "elapsed": 462.873112, "delta": 0.604302}}
{"target": -32.93743978999276, "params": {"C": 5.727461378763044, "epsilon": 6.102020276493471, "gamma": 3.4539355261224087, "lamda": 7.197432306042455}, "datetime": {"datetime": "2021-06-21 19:03:10", "elapsed": 477.764509, "delta": 14.891397}}
{"target": -11.514796763328032, "params": {"C": 7.574958720356511, "epsilon": 9.034092021177017, "gamma": 0.11521411416167375, "lamda": 0.20359046621208252}, "datetime": {"datetime": "2021-06-21 19:03:11", "elapsed": 478.455097, "delta": 0.690588}}
{"target": -32.77811176654891, "params": {"C": 7.2953907523974175, "epsilon": 6.280822290931874, "gamma": 4.19418167026385, "lamda": 7.582594755379824}, "datetime": {"datetime": "2021-06-21 19:03:26", "elapsed": 493.47023, "delta": 15.015133}}
{"target": -13.45429944331904, "params": {"C": 9.592605372672022, "epsilon": 9.409378418563854, "gamma": 0.2264588429495584, "lamda": 0.36968696924680045}, "datetime": {"datetime": "2021-06-21 19:03:27", "elapsed": 494.256782, "delta": 0.786552}}
{"target": -10.762419113142174, "params": {"C": 8.63269691549581, "epsilon": 9.037792118594792, "gamma": 0.07011017723111905, "lamda": 0.006445149991487698}, "datetime": {"datetime": "2021-06-21 19:03:27", "elapsed": 494.918181, "delta": 0.661399}}
{"target": -11.288739848774854, "params": {"C": 8.651002511796738, "epsilon": 9.183410856820036, "gamma": 0.10525844033024827, "lamda": 0.0864094801020207}, "datetime": {"datetime": "2021-06-21 19:03:28", "elapsed": 495.608182, "delta": 0.690001}}
{"target": -10.760965259441491, "params": {"C": 7.6227068060056435, "epsilon": 8.807546287860868, "gamma": 0.058161567657528675, "lamda": 0.11610604403169984}, "datetime": {"datetime": "2021-06-21 19:03:29", "elapsed": 496.292785, "delta": 0.684603}}
{"target": -15.893291955537906, "params": {"C": 3.8429283208575598, "epsilon": 0.3762896785919923, "gamma": 0.32217336049430917, "lamda": 2.156865188988857}, "datetime": {"datetime": "2021-06-21 19:03:29", "elapsed": 496.988954, "delta": 0.696169}}
{"target": -25.89887405810786, "params": {"C": 8.048958804853184, "epsilon": 3.136447494195161, "gamma": 1.8806919193247071, "lamda": 2.602645964510237}, "datetime": {"datetime": "2021-06-21 19:03:30", "elapsed": 497.681956, "delta": 0.693002}}
{"target": -31.299792577242542, "params": {"C": 1.7162256379119876, "epsilon": 7.557623753287525, "gamma": 3.919361787553484, "lamda": 5.241885445475955}, "datetime": {"datetime": "2021-06-21 19:03:31", "elapsed": 498.354553, "delta": 0.672597}}
{"target": -11.40748350606169, "params": {"C": 7.844798149734192, "epsilon": 8.923618948849388, "gamma": 0.10567260468565802, "lamda": 0.24573347055551314}, "datetime": {"datetime": "2021-06-21 19:03:31", "elapsed": 499.024821, "delta": 0.670268}}
{"target": -16.73071375896863, "params": {"C": 9.406172697379594, "epsilon": 9.899608921724116, "gamma": 0.444169833232764, "lamda": 0.23471249724958404}, "datetime": {"datetime": "2021-06-21 19:03:32", "elapsed": 499.708824, "delta": 0.684003}}
{"target": -39.76619518005641, "params": {"C": 5.249774603828128, "epsilon": 0.8680735567078481, "gamma": 0.37028963299103723, "lamda": 5.316281438050139}, "datetime": {"datetime": "2021-06-21 19:03:42", "elapsed": 509.824718, "delta": 10.115894}}
{"target": -17.526586481693638, "params": {"C": 9.981793033714002, "epsilon": 6.509559818431958, "gamma": 0.4955292469841625, "lamda": 0.8468731892329586}, "datetime": {"datetime": "2021-06-21 19:03:43", "elapsed": 510.574371, "delta": 0.749653}}
{"target": -33.404324157627556, "params": {"C": 4.626437281114018, "epsilon": 7.269332255911181, "gamma": 1.4940888436364022, "lamda": 3.620388301363475}, "datetime": {"datetime": "2021-06-21 19:03:59", "elapsed": 526.477493, "delta": 15.903122}}
{"target": -32.98157331641825, "params": {"C": 3.870369869667342, "epsilon": 6.014178103052841, "gamma": 3.810978279767685, "lamda": 3.7422788836249286}, "datetime": {"datetime": "2021-06-21 19:04:15", "elapsed": 542.290495, "delta": 15.813002}}
{"target": -28.61643015000452, "params": {"C": 4.124774059046769, "epsilon": 1.7737984835063165, "gamma": 2.5095881221928584, "lamda": 9.286780190243732}, "datetime": {"datetime": "2021-06-21 19:04:15", "elapsed": 543.029019, "delta": 0.738524}}
{"target": -31.414283302042612, "params": {"C": 5.342830983654296, "epsilon": 3.594127002121014, "gamma": 4.915286609530287, "lamda": 0.29291650664263896}, "datetime": {"datetime": "2021-06-21 19:04:16", "elapsed": 543.680022, "delta": 0.651003}}
{"target": -29.13687254123661, "params": {"C": 5.583986660135974, "epsilon": 1.8185701113317787, "gamma": 3.0922865994172666, "lamda": 0.8161517691919138}, "datetime": {"datetime": "2021-06-21 19:04:17", "elapsed": 544.340018, "delta": 0.659996}}
{"target": -17.716847242361965, "params": {"C": 9.402975721216816, "epsilon": 9.80659810180061, "gamma": 0.5279986226386351, "lamda": 0.33557440714534975}, "datetime": {"datetime": "2021-06-21 19:04:18", "elapsed": 545.140019, "delta": 0.800001}}
{"target": -15.442832187711787, "params": {"C": 9.560365471346811, "epsilon": 9.366423699703999, "gamma": 0.3644036644928337, "lamda": 0.09583545853191842}, "datetime": {"datetime": "2021-06-21 19:04:18", "elapsed": 545.804021, "delta": 0.664002}}
{"target": -18.35980688041714, "params": {"C": 9.015619840479006, "epsilon": 9.187770261988549, "gamma": 0.5918305873015857, "lamda": 0.14167813648642413}, "datetime": {"datetime": "2021-06-21 19:04:19", "elapsed": 546.51902, "delta": 0.714999}}
{"target": -10.852455089890265, "params": {"C": 7.825298723314455, "epsilon": 9.157563885450408, "gamma": 0.07494787827839207, "lamda": 0.24102311089658326}, "datetime": {"datetime": "2021-06-21 19:04:21", "elapsed": 548.15902, "delta": 1.64}}
{"target": -16.981327853952592, "params": {"C": 7.845247373687641, "epsilon": 8.390247627312235, "gamma": 0.46107963031872923, "lamda": 0.09627998477645146}, "datetime": {"datetime": "2021-06-21 19:04:22", "elapsed": 549.5111, "delta": 1.35208}}
{"target": -10.610761260282874, "params": {"C": 8.830520758777789, "epsilon": 9.485676471017108, "gamma": 0.026322171764912274, "lamda": 0.2209467619306085}, "datetime": {"datetime": "2021-06-21 19:04:23", "elapsed": 550.557099, "delta": 1.045999}}
{"target": -30.687361894254984, "params": {"C": 2.0986758597942408, "epsilon": 1.5401791106695792, "gamma": 3.255952243026368, "lamda": 3.63290525214519}, "datetime": {"datetime": "2021-06-21 19:04:24", "elapsed": 551.410625, "delta": 0.853526}}
{"target": -14.42633115020675, "params": {"C": 3.8921730140989093, "epsilon": 0.31574364547607536, "gamma": 0.22152743083942109, "lamda": 2.3074655960356654}, "datetime": {"datetime": "2021-06-21 19:04:25", "elapsed": 552.425641, "delta": 1.015016}}
{"target": -32.92294561181293, "params": {"C": 6.07628577712512, "epsilon": 6.875313504015678, "gamma": 2.5572697041718366, "lamda": 4.573760949121466}, "datetime": {"datetime": "2021-06-21 19:04:40", "elapsed": 568.057624, "delta": 15.631983}}
{"target": -12.464941901312827, "params": {"C": 7.721606687072207, "epsilon": 8.649592107864118, "gamma": 0.16676500781387127, "lamda": 0.28002196594753886}, "datetime": {"datetime": "2021-06-21 19:04:41", "elapsed": 568.887623, "delta": 0.829999}}
{"target": -12.839715545313094, "params": {"C": 7.599295862659017, "epsilon": 8.606603391484967, "gamma": 0.18633324505277285, "lamda": 0.034949778445604276}, "datetime": {"datetime": "2021-06-21 19:04:42", "elapsed": 569.703626, "delta": 0.816003}}
{"target": -12.200675248720794, "params": {"C": 9.103265158212759, "epsilon": 9.382605000543935, "gamma": 0.1590726680832457, "lamda": 0.2607216851523106}, "datetime": {"datetime": "2021-06-21 19:04:43", "elapsed": 570.694624, "delta": 0.990998}}
{"target": -11.911120191810106, "params": {"C": 7.874683757775386, "epsilon": 8.893215472574619, "gamma": 0.14343881440293987, "lamda": 0.32390137269225855}, "datetime": {"datetime": "2021-06-21 19:04:44", "elapsed": 571.525155, "delta": 0.830531}}
{"target": -28.584222560875578, "params": {"C": 7.506092526863465, "epsilon": 4.141631767965804, "gamma": 2.643899862781354, "lamda": 7.301770153328114}, "datetime": {"datetime": "2021-06-21 19:04:45", "elapsed": 572.260153, "delta": 0.734998}}
{"target": -14.216970476452694, "params": {"C": 8.298853047302142, "epsilon": 9.063863507105292, "gamma": 0.2797367331421757, "lamda": 0.20284590844275474}, "datetime": {"datetime": "2021-06-21 19:04:45", "elapsed": 573.100155, "delta": 0.840002}}
{"target": -14.494051146650433, "params": {"C": 7.591142788034398, "epsilon": 9.223340011930864, "gamma": 0.2977943611538567, "lamda": 0.298040319816562}, "datetime": {"datetime": "2021-06-21 19:04:47", "elapsed": 574.258155, "delta": 1.158}}
{"target": -38.690327021809125, "params": {"C": 7.664988721062219, "epsilon": 5.1796677608730946, "gamma": 0.3269423341495858, "lamda": 9.635471211059471}, "datetime": {"datetime": "2021-06-21 19:05:02", "elapsed": 589.849156, "delta": 15.591001}}
{"target": -13.615463372671696, "params": {"C": 7.737352308532796, "epsilon": 9.018595183299201, "gamma": 0.22882024766865944, "lamda": 0.5171765039937178}, "datetime": {"datetime": "2021-06-21 19:05:03", "elapsed": 590.685154, "delta": 0.835998}}
{"target": -18.542144697674026, "params": {"C": 8.769425573741369, "epsilon": 9.091698709117532, "gamma": 0.5968837534811686, "lamda": 0.46193125177995464}, "datetime": {"datetime": "2021-06-21 19:05:04", "elapsed": 591.409155, "delta": 0.724001}}
{"target": -18.708377279430287, "params": {"C": 8.069278880414092, "epsilon": 9.027972425759602, "gamma": 0.6085757647499309, "lamda": 0.43020303510011776}, "datetime": {"datetime": "2021-06-21 19:05:05", "elapsed": 592.216153, "delta": 0.806998}}
{"target": -33.869985655512735, "params": {"C": 8.38319754580031, "epsilon": 7.497324402308229, "gamma": 1.3347475944864513, "lamda": 9.751869858444792}, "datetime": {"datetime": "2021-06-21 19:05:21", "elapsed": 608.703263, "delta": 16.48711}}
{"target": -13.018728853361223, "params": {"C": 7.55059523262603, "epsilon": 8.589016950585698, "gamma": 0.19472395848711743, "lamda": 0.3227700240464189}, "datetime": {"datetime": "2021-06-21 19:05:22", "elapsed": 609.553186, "delta": 0.849923}}
{"target": -17.069944198773047, "params": {"C": 8.55524592030677, "epsilon": 8.475262661234819, "gamma": 0.4639934215615159, "lamda": 0.2276782226542178}, "datetime": {"datetime": "2021-06-21 19:05:23", "elapsed": 610.398226, "delta": 0.84504}}
{"target": -18.95825264343757, "params": {"C": 8.796510695062977, "epsilon": 9.327885052730707, "gamma": 0.6535681582556213, "lamda": 0.14243746383511202}, "datetime": {"datetime": "2021-06-21 19:05:24", "elapsed": 611.150437, "delta": 0.752211}}
{"target": -18.428438888091588, "params": {"C": 8.737283983599546, "epsilon": 8.839756161302658, "gamma": 0.5934226835833956, "lamda": 0.16648397634960999}, "datetime": {"datetime": "2021-06-21 19:05:24", "elapsed": 611.947625, "delta": 0.797188}}
{"target": -33.56618650649227, "params": {"C": 6.480283464808503, "epsilon": 6.859719507422815, "gamma": 1.7286588711350364, "lamda": 8.619002019273292}, "datetime": {"datetime": "2021-06-21 19:05:40", "elapsed": 627.640913, "delta": 15.693288}}
{"target": -14.095763338192333, "params": {"C": 8.190273620352952, "epsilon": 9.525252924889108, "gamma": 0.26828213246843485, "lamda": 0.21360852048634973}, "datetime": {"datetime": "2021-06-21 19:05:41", "elapsed": 628.451673, "delta": 0.81076}}
{"target": -15.072073219601567, "params": {"C": 7.621946086434042, "epsilon": 8.325647881921338, "gamma": 0.3388441791075656, "lamda": 0.20937258995104327}, "datetime": {"datetime": "2021-06-21 19:05:42", "elapsed": 629.319212, "delta": 0.867539}}
{"target": -14.197314300850758, "params": {"C": 3.517898525533096, "epsilon": 4.124053850581975, "gamma": 0.2050345399620227, "lamda": 2.220518075274426}, "datetime": {"datetime": "2021-06-21 19:05:43", "elapsed": 630.269687, "delta": 0.950475}}
{"target": -32.848693259897274, "params": {"C": 8.443884383133925, "epsilon": 6.460983327828679, "gamma": 3.4335095396604767, "lamda": 6.365594558320821}, "datetime": {"datetime": "2021-06-21 19:05:58", "elapsed": 645.823375, "delta": 15.553688}}
{"target": -18.308220697411862, "params": {"C": 8.840333536616313, "epsilon": 8.756851375001723, "gamma": 0.5737896257308912, "lamda": 0.4716003558200408}, "datetime": {"datetime": "2021-06-21 19:05:59", "elapsed": 646.613351, "delta": 0.789976}}
{"target": -41.29772878367555, "params": {"C": 2.03162834866072, "epsilon": 0.013336465757870284, "gamma": 0.3272580041720154, "lamda": 6.846231454690579}, "datetime": {"datetime": "2021-06-21 19:06:10", "elapsed": 657.159347, "delta": 10.545996}}
