{"target": -53.89275783133197, "params": {"C": 7.742792439017994, "epsilon": 14.517092135726195, "gamma": 0.09382398510391475, "lamda": 0.4157272678466814}, "datetime": {"datetime": "2021-06-21 22:15:36", "elapsed": 1354.550323, "delta": 22.053614}}
{"target": -62.45494392320944, "params": {"C": 19.986173150412604, "epsilon": 26.21699182992763, "gamma": 0.06389438327220895, "lamda": 0.5854805895293232}, "datetime": {"datetime": "2021-06-21 22:15:58", "elapsed": 1376.628087, "delta": 22.077764}}
{"target": -61.80527913132219, "params": {"C": 19.708859026285843, "epsilon": 25.82858730979067, "gamma": 0.06823764288588596, "lamda": 0.4371732217645308}, "datetime": {"datetime": "2021-06-21 22:16:19", "elapsed": 1397.745855, "delta": 21.117768}}
{"target": -56.57457109996892, "params": {"C": 12.016197626050552, "epsilon": 25.045472801061376, "gamma": 0.08265879283894548, "lamda": 0.4350926389577483}, "datetime": {"datetime": "2021-06-21 22:16:41", "elapsed": 1419.198112, "delta": 21.452257}}
{"target": -75.20779990536475, "params": {"C": 7.237831748893923, "epsilon": 15.748635466302648, "gamma": 0.03776362572936463, "lamda": 0.3895418011348667}, "datetime": {"datetime": "2021-06-21 22:16:54", "elapsed": 1433.056352, "delta": 13.85824}}
{"target": -77.26793983531546, "params": {"C": 14.051204859285031, "epsilon": 24.22969713069194, "gamma": 0.023699328441618126, "lamda": 0.6035201999778679}, "datetime": {"datetime": "2021-06-21 22:17:09", "elapsed": 1447.293524, "delta": 14.237172}}
{"target": -58.2680319991422, "params": {"C": 19.744881797211026, "epsilon": 22.19623678977672, "gamma": 0.06910345250242622, "lamda": 0.5038286699669081}, "datetime": {"datetime": "2021-06-21 22:17:29", "elapsed": 1467.13695, "delta": 19.843426}}
{"target": -49.68928162910998, "params": {"C": 29.310774933625012, "epsilon": 19.361057586477035, "gamma": 0.0969320124646331, "lamda": 0.5386697405845834}, "datetime": {"datetime": "2021-06-21 22:17:41", "elapsed": 1479.731389, "delta": 12.594439}}
{"target": -53.02350427547504, "params": {"C": 23.508288634617262, "epsilon": 22.55419878064439, "gamma": 0.08389652907768727, "lamda": 0.5307888858176155}, "datetime": {"datetime": "2021-06-21 22:18:02", "elapsed": 1500.529977, "delta": 20.798588}}
{"target": -10.642079378304695, "params": {"C": 23.530985398796748, "epsilon": 14.957476730937689, "gamma": 0.0743238714340023, "lamda": 0.03050465668647419}, "datetime": {"datetime": "2021-06-21 22:18:03", "elapsed": 1501.759952, "delta": 1.229975}}
{"target": -47.22435742901303, "params": {"C": 27.736708620655936, "epsilon": 15.761797042680962, "gamma": 0.0056118639100890275, "lamda": 0.6541927503717139}, "datetime": {"datetime": "2021-06-21 22:18:18", "elapsed": 1516.177332, "delta": 14.41738}}
{"target": -80.8253128399706, "params": {"C": 24.75031778417529, "epsilon": 16.60175937789181, "gamma": 0.020433236360558788, "lamda": 0.6610093928251012}, "datetime": {"datetime": "2021-06-21 22:18:33", "elapsed": 1531.477026, "delta": 15.299694}}
{"target": -58.688632416087074, "params": {"C": 23.968256413242916, "epsilon": 22.555100870228443, "gamma": 0.07024567531637893, "lamda": 0.6476443058108168}, "datetime": {"datetime": "2021-06-21 22:18:54", "elapsed": 1553.058327, "delta": 21.581301}}
{"target": -11.33984342132162, "params": {"C": 15.22155012507065, "epsilon": 10.733312669853838, "gamma": 0.00651832740815793, "lamda": 0.15100409498682874}, "datetime": {"datetime": "2021-06-21 22:18:56", "elapsed": 1554.174577, "delta": 1.11625}}
{"target": -73.73910354240829, "params": {"C": 25.317032834931137, "epsilon": 16.259154142532854, "gamma": 0.03766375729956757, "lamda": 0.1822074117972512}, "datetime": {"datetime": "2021-06-21 22:19:10", "elapsed": 1568.139008, "delta": 13.964431}}
{"target": -59.74856938116044, "params": {"C": 10.116953226311402, "epsilon": 25.11035786443949, "gamma": 0.07840452942120286, "lamda": 0.36694625695455746}, "datetime": {"datetime": "2021-06-21 22:19:30", "elapsed": 1589.023416, "delta": 20.884408}}
{"target": -66.13733070013869, "params": {"C": 16.460976392065643, "epsilon": 18.30192772680664, "gamma": 0.055499054147753676, "lamda": 0.13446366124348308}, "datetime": {"datetime": "2021-06-21 22:19:51", "elapsed": 1609.531129, "delta": 20.507713}}
{"target": -11.29512973249331, "params": {"C": 21.59162721429238, "epsilon": 11.907136634033307, "gamma": 0.007046929433545069, "lamda": 0.6657046236597246}, "datetime": {"datetime": "2021-06-21 22:19:53", "elapsed": 1611.360549, "delta": 1.82942}}
{"target": -11.222373587978511, "params": {"C": 18.598318881075613, "epsilon": 11.71786497839409, "gamma": 0.0074798828437296705, "lamda": 0.3721537532244516}, "datetime": {"datetime": "2021-06-21 22:19:54", "elapsed": 1612.555156, "delta": 1.194607}}
{"target": -10.453738434121922, "params": {"C": 16.42694783467576, "epsilon": 19.912597216111685, "gamma": 0.06680734055843181, "lamda": 0.020620205909692373}, "datetime": {"datetime": "2021-06-21 22:19:55", "elapsed": 1613.855584, "delta": 1.300428}}
{"target": -71.43683983812133, "params": {"C": 17.102159690642708, "epsilon": 24.533197709531894, "gamma": 0.0299378826723898, "lamda": 0.253446321844614}, "datetime": {"datetime": "2021-06-21 22:20:11", "elapsed": 1629.581667, "delta": 15.726083}}
{"target": -55.71481683945908, "params": {"C": 15.287416428844505, "epsilon": 22.02037658268837, "gamma": 0.07623859374850805, "lamda": 0.2619782968945982}, "datetime": {"datetime": "2021-06-21 22:20:31", "elapsed": 1650.016572, "delta": 20.434905}}
{"target": -70.64100742150275, "params": {"C": 15.898047546466891, "epsilon": 13.531128095107741, "gamma": 0.05023161700481428, "lamda": 0.6500767531904779}, "datetime": {"datetime": "2021-06-21 22:20:55", "elapsed": 1673.200923, "delta": 23.184351}}
{"target": -10.973823803038785, "params": {"C": 18.82167652842315, "epsilon": 17.175429433675703, "gamma": 0.09830708787599032, "lamda": 0.020533279627881085}, "datetime": {"datetime": "2021-06-21 22:20:56", "elapsed": 1674.40529, "delta": 1.204367}}
{"target": -10.544793396526613, "params": {"C": 19.400508035129846, "epsilon": 13.620760983647205, "gamma": 0.061876261508658735, "lamda": 0.0571581781435564}, "datetime": {"datetime": "2021-06-21 22:20:57", "elapsed": 1675.701688, "delta": 1.296398}}
{"target": -78.16211961109025, "params": {"C": 15.160657613621241, "epsilon": 13.96736153419997, "gamma": 0.02952194535027351, "lamda": 0.5435689554722912}, "datetime": {"datetime": "2021-06-21 22:21:12", "elapsed": 1690.391285, "delta": 14.689597}}
{"target": -75.8577928680505, "params": {"C": 14.003086657723962, "epsilon": 17.481654888902618, "gamma": 0.03103674684165551, "lamda": 0.3847324024688593}, "datetime": {"datetime": "2021-06-21 22:21:26", "elapsed": 1704.69906, "delta": 14.307775}}
{"target": -56.45405268602898, "params": {"C": 6.084935968449296, "epsilon": 27.219812061504406, "gamma": 0.0854826225003105, "lamda": 0.17439345324201613}, "datetime": {"datetime": "2021-06-21 22:21:48", "elapsed": 1726.560351, "delta": 21.861291}}
{"target": -49.453276570911235, "params": {"C": 8.349385522628264, "epsilon": 22.72332185969333, "gamma": 0.006158318626675951, "lamda": 0.6791811223052104}, "datetime": {"datetime": "2021-06-21 22:22:01", "elapsed": 1739.835712, "delta": 13.275361}}
{"target": -10.900230933974758, "params": {"C": 6.248391005913103, "epsilon": 16.283998113416697, "gamma": 0.016736971243043543, "lamda": 0.02108084734707112}, "datetime": {"datetime": "2021-06-21 22:22:02", "elapsed": 1740.768824, "delta": 0.933112}}
{"target": -76.6914588443643, "params": {"C": 29.52768571414989, "epsilon": 14.031978322728397, "gamma": 0.023592255179860674, "lamda": 0.46058274236952035}, "datetime": {"datetime": "2021-06-21 22:22:16", "elapsed": 1754.337661, "delta": 13.568837}}
{"target": -60.93261679535431, "params": {"C": 11.034925556061784, "epsilon": 13.06342164298214, "gamma": 0.06514695520670818, "lamda": 0.2543224708447263}, "datetime": {"datetime": "2021-06-21 22:22:35", "elapsed": 1773.386683, "delta": 19.049022}}
{"target": -60.998434869633776, "params": {"C": 26.801737833258354, "epsilon": 21.741655243101007, "gamma": 0.06900852854063957, "lamda": 0.37012465053182425}, "datetime": {"datetime": "2021-06-21 22:22:57", "elapsed": 1795.920022, "delta": 22.533339}}
{"target": -67.93135005283602, "params": {"C": 20.582144079508236, "epsilon": 23.744371379410765, "gamma": 0.051184485586470596, "lamda": 0.3201795467836897}, "datetime": {"datetime": "2021-06-21 22:23:22", "elapsed": 1821.076712, "delta": 25.15669}}
{"target": -55.02193179640271, "params": {"C": 22.04205727592779, "epsilon": 18.030239147112965, "gamma": 0.007329023513364207, "lamda": 0.649556355317504}, "datetime": {"datetime": "2021-06-21 22:23:33", "elapsed": 1831.582729, "delta": 10.506017}}
{"target": -79.66911663317845, "params": {"C": 25.760405149746504, "epsilon": 18.0565634292187, "gamma": 0.020945822089280804, "lamda": 0.5930612560786113}, "datetime": {"datetime": "2021-06-21 22:23:44", "elapsed": 1843.049698, "delta": 11.466969}}
{"target": -68.26316454050769, "params": {"C": 29.890521460380743, "epsilon": 12.43086529868602, "gamma": 0.03948974518230537, "lamda": 0.3570940428674697}, "datetime": {"datetime": "2021-06-21 22:23:56", "elapsed": 1854.356177, "delta": 11.306479}}
{"target": -76.63213524374551, "params": {"C": 16.98620934995445, "epsilon": 25.712377585292465, "gamma": 0.032129817720224496, "lamda": 0.6590701100258886}, "datetime": {"datetime": "2021-06-21 22:24:07", "elapsed": 1865.219167, "delta": 10.86299}}
{"target": -65.10765263173185, "params": {"C": 24.014023466818998, "epsilon": 18.27153507100261, "gamma": 0.05291570239885123, "lamda": 0.5111320062320578}, "datetime": {"datetime": "2021-06-21 22:24:23", "elapsed": 1881.943172, "delta": 16.724005}}
{"target": -10.373258017106203, "params": {"C": 12.689021282027293, "epsilon": 16.707231491386935, "gamma": 0.04219699348116963, "lamda": 0.040363596153684345}, "datetime": {"datetime": "2021-06-21 22:24:24", "elapsed": 1882.829167, "delta": 0.885995}}
{"target": -78.28523420869014, "params": {"C": 11.36650764055911, "epsilon": 22.50702642854933, "gamma": 0.027559617548448424, "lamda": 0.476420188231745}, "datetime": {"datetime": "2021-06-21 22:24:35", "elapsed": 1893.961381, "delta": 11.132214}}
