{"target": -58.72216133108278, "params": {"C": 9.132929005367874, "epsilon": 6.349716039274608, "gamma": 0.07191344279351847, "lamda": 0.8907584834868688}, "datetime": {"datetime": "2021-06-21 19:06:19", "elapsed": 667.099247, "delta": 9.9399}}
{"target": -32.72240935289752, "params": {"C": 2.6588387355318197, "epsilon": 7.247272878091026, "gamma": 3.153269579277056, "lamda": 6.884286949874657}, "datetime": {"datetime": "2021-06-21 19:06:35", "elapsed": 683.090706, "delta": 15.991459}}
{"target": -12.15088990922976, "params": {"C": 7.423758987037803, "epsilon": 8.753904011879357, "gamma": 0.15372309457619643, "lamda": 0.37739776986206947}, "datetime": {"datetime": "2021-06-21 19:06:37", "elapsed": 684.189094, "delta": 1.098388}}
{"target": -12.739325234765477, "params": {"C": 9.158014074650628, "epsilon": 9.839268049719983, "gamma": 0.18754575541935403, "lamda": 0.502064326933648}, "datetime": {"datetime": "2021-06-21 19:06:38", "elapsed": 685.160094, "delta": 0.971}}
{"target": -38.17840896652849, "params": {"C": 8.729905275112664, "epsilon": 0.9182492680201747, "gamma": 0.6186907088355413, "lamda": 7.004281474430767}, "datetime": {"datetime": "2021-06-21 19:06:48", "elapsed": 695.879733, "delta": 10.719639}}
{"target": -36.8694654790522, "params": {"C": 5.864617758719169, "epsilon": 4.66962667851323, "gamma": 0.6656707574332136, "lamda": 9.025362436883807}, "datetime": {"datetime": "2021-06-21 19:07:05", "elapsed": 712.617855, "delta": 16.738122}}
{"target": -11.358135827437998, "params": {"C": 9.049213590880875, "epsilon": 9.516590644319201, "gamma": 0.11886114411913612, "lamda": 0.03261784112684083}, "datetime": {"datetime": "2021-06-21 19:07:06", "elapsed": 713.504647, "delta": 0.886792}}
{"target": -16.18463775049725, "params": {"C": 9.458367695606002, "epsilon": 9.113022708901044, "gamma": 0.406244232699891, "lamda": 0.35846308298288554}, "datetime": {"datetime": "2021-06-21 19:07:07", "elapsed": 714.354962, "delta": 0.850315}}
{"target": -32.686492434232875, "params": {"C": 5.109568218006211, "epsilon": 6.867557580642505, "gamma": 3.290623023769299, "lamda": 8.492314309794049}, "datetime": {"datetime": "2021-06-21 19:07:23", "elapsed": 730.197263, "delta": 15.842301}}
{"target": -37.38012899955706, "params": {"C": 6.465405367586828, "epsilon": 0.5622508407779115, "gamma": 0.610087974777489, "lamda": 8.733627132011945}, "datetime": {"datetime": "2021-06-21 19:07:33", "elapsed": 740.454647, "delta": 10.257384}}
{"target": -16.37114981848361, "params": {"C": 9.575550144755184, "epsilon": 9.111464610207168, "gamma": 0.4210026831527596, "lamda": 0.14941287162987785}, "datetime": {"datetime": "2021-06-21 19:07:34", "elapsed": 741.334244, "delta": 0.879597}}
{"target": -14.088961707089807, "params": {"C": 9.294937940360148, "epsilon": 9.166118058480437, "gamma": 0.2742128157904183, "lamda": 0.5096970933183559}, "datetime": {"datetime": "2021-06-21 19:07:35", "elapsed": 742.227949, "delta": 0.893705}}
{"target": -31.30101591497493, "params": {"C": 2.204471799139153, "epsilon": 5.721462754657769, "gamma": 4.239712366359143, "lamda": 2.6291573484153874}, "datetime": {"datetime": "2021-06-21 19:07:35", "elapsed": 743.073946, "delta": 0.845997}}
{"target": -30.041040352329375, "params": {"C": 2.8189567103410655, "epsilon": 0.9601035688329125, "gamma": 3.1155506315367103, "lamda": 0.6052723041223398}, "datetime": {"datetime": "2021-06-21 19:07:36", "elapsed": 743.868898, "delta": 0.794952}}
{"target": -20.516012686061664, "params": {"C": 2.5973487308445806, "epsilon": 2.3131991788867925, "gamma": 0.64065895008465, "lamda": 0.4876786171266907}, "datetime": {"datetime": "2021-06-21 19:07:37", "elapsed": 744.733179, "delta": 0.864281}}
{"target": -11.9587066197577, "params": {"C": 9.14974243223427, "epsilon": 9.454018794450771, "gamma": 0.14602064387398703, "lamda": 0.045160280647665293}, "datetime": {"datetime": "2021-06-21 19:07:38", "elapsed": 745.545179, "delta": 0.812}}
{"target": -28.586726111237944, "params": {"C": 7.7386482856429195, "epsilon": 0.9846734313974638, "gamma": 2.9081749198948685, "lamda": 1.5312891976064453}, "datetime": {"datetime": "2021-06-21 19:07:39", "elapsed": 746.355111, "delta": 0.809932}}
{"target": -15.278583285342961, "params": {"C": 9.641952797317108, "epsilon": 9.74230991206104, "gamma": 0.35386517330979694, "lamda": 0.2825364625386738}, "datetime": {"datetime": "2021-06-21 19:07:40", "elapsed": 747.344109, "delta": 0.988998}}
{"target": -10.450734355504983, "params": {"C": 8.863494927086984, "epsilon": 9.19518370266755, "gamma": 0.03134651227981981, "lamda": 0.2895956181487678}, "datetime": {"datetime": "2021-06-21 19:07:41", "elapsed": 748.22937, "delta": 0.885261}}
{"target": -14.569661440679727, "params": {"C": 7.592395788254443, "epsilon": 9.1965153775493, "gamma": 0.001991982949876859, "lamda": 0.2519646295667961}, "datetime": {"datetime": "2021-06-21 19:07:41", "elapsed": 749.064373, "delta": 0.835003}}
{"target": -32.46424210550741, "params": {"C": 4.761730453511161, "epsilon": 7.360193430875739, "gamma": 3.8893899619818644, "lamda": 5.4967293108969955}, "datetime": {"datetime": "2021-06-21 19:07:59", "elapsed": 766.53885, "delta": 17.474477}}
{"target": -32.04174950194426, "params": {"C": 4.007052106546829, "epsilon": 1.1104139222157896, "gamma": 4.945686379278761, "lamda": 5.233598227753106}, "datetime": {"datetime": "2021-06-21 19:08:00", "elapsed": 767.47785, "delta": 0.939}}
{"target": -15.835473696079609, "params": {"C": 8.098792782514286, "epsilon": 8.798880934100664, "gamma": 0.3868871967660613, "lamda": 0.007055155407096283}, "datetime": {"datetime": "2021-06-21 19:08:01", "elapsed": 768.446309, "delta": 0.968459}}
{"target": -20.854089190511313, "params": {"C": 8.756606601362996, "epsilon": 8.851078777465355, "gamma": 0.8719252941100482, "lamda": 0.3311924749687452}, "datetime": {"datetime": "2021-06-21 19:08:02", "elapsed": 769.298005, "delta": 0.851696}}
{"target": -32.02882551644245, "params": {"C": 4.289917627032467, "epsilon": 1.1160067403298224, "gamma": 4.906892183035752, "lamda": 9.593634152035174}, "datetime": {"datetime": "2021-06-21 19:08:03", "elapsed": 770.150856, "delta": 0.852851}}
{"target": -14.343872832942386, "params": {"C": 8.23555729242628, "epsilon": 8.773640470602931, "gamma": 0.2890462782812612, "lamda": 0.11131690909296185}, "datetime": {"datetime": "2021-06-21 19:08:03", "elapsed": 771.077574, "delta": 0.926718}}
{"target": -10.642266910099544, "params": {"C": 8.971999045053762, "epsilon": 9.612569636132145, "gamma": 0.04299515758028696, "lamda": 0.05981157659595691}, "datetime": {"datetime": "2021-06-21 19:08:05", "elapsed": 772.157795, "delta": 1.080221}}
{"target": -36.01915310546173, "params": {"C": 4.341972583076534, "epsilon": 5.566340138220956, "gamma": 0.7822673426756119, "lamda": 2.08748814264548}, "datetime": {"datetime": "2021-06-21 19:08:21", "elapsed": 788.52273, "delta": 16.364935}}
{"target": -16.898964956100155, "params": {"C": 9.608945165111455, "epsilon": 9.299197212894569, "gamma": 0.45007625537853024, "lamda": 0.3917117204269808}, "datetime": {"datetime": "2021-06-21 19:08:22", "elapsed": 789.5341, "delta": 1.01137}}
{"target": -31.62526397653686, "params": {"C": 2.369667547708823, "epsilon": 3.0448991856982794, "gamma": 4.131922942487138, "lamda": 7.089372374725028}, "datetime": {"datetime": "2021-06-21 19:08:23", "elapsed": 790.452853, "delta": 0.918753}}
{"target": -14.382166493831575, "params": {"C": 9.816752867610136, "epsilon": 9.332156724789291, "gamma": 0.2934558031729904, "lamda": 0.5634814209365763}, "datetime": {"datetime": "2021-06-21 19:08:24", "elapsed": 791.268852, "delta": 0.815999}}
{"target": -23.0486677394684, "params": {"C": 5.835178399659993, "epsilon": 1.673172167428243, "gamma": 1.0482334733989631, "lamda": 8.606807738193348}, "datetime": {"datetime": "2021-06-21 19:08:24", "elapsed": 792.085296, "delta": 0.816444}}
{"target": -32.06236429031426, "params": {"C": 2.8116451172190327, "epsilon": 8.70172732293983, "gamma": 4.982189626261543, "lamda": 5.986515161851257}, "datetime": {"datetime": "2021-06-21 19:08:42", "elapsed": 809.850199, "delta": 17.764903}}
{"target": -11.207325908420824, "params": {"C": 7.856504337314672, "epsilon": 8.929925501439438, "gamma": 0.013880098140437887, "lamda": 0.34848009164625665}, "datetime": {"datetime": "2021-06-21 19:08:43", "elapsed": 810.872069, "delta": 1.02187}}
{"target": -12.53677848443122, "params": {"C": 9.147515616231063, "epsilon": 9.340108144044347, "gamma": 0.17445306438882516, "lamda": 0.2965387750394371}, "datetime": {"datetime": "2021-06-21 19:08:44", "elapsed": 812.009802, "delta": 1.137733}}
{"target": -11.151103511661494, "params": {"C": 8.752142973295394, "epsilon": 9.525387684883842, "gamma": 0.013996400854839178, "lamda": 0.3692659151589786}, "datetime": {"datetime": "2021-06-21 19:08:46", "elapsed": 813.35851, "delta": 1.348708}}
{"target": -16.629268392069605, "params": {"C": 8.299779024378715, "epsilon": 9.53569398890848, "gamma": 0.43864893563936924, "lamda": 0.1322163560756756}, "datetime": {"datetime": "2021-06-21 19:08:47", "elapsed": 814.362489, "delta": 1.003979}}
{"target": -11.740656295471245, "params": {"C": 8.997737984617498, "epsilon": 9.08981698424701, "gamma": 0.1360186043580237, "lamda": 0.06803195503442022}, "datetime": {"datetime": "2021-06-21 19:08:48", "elapsed": 815.195841, "delta": 0.833352}}
{"target": -14.563585933839232, "params": {"C": 7.429355090444452, "epsilon": 8.709815678099151, "gamma": 0.3006286345038781, "lamda": 0.4377946098933766}, "datetime": {"datetime": "2021-06-21 19:08:49", "elapsed": 816.175169, "delta": 0.979328}}
{"target": -11.579635849772947, "params": {"C": 9.152922712146962, "epsilon": 8.917942821706925, "gamma": 0.12668758890831322, "lamda": 0.3942820531745766}, "datetime": {"datetime": "2021-06-21 19:08:49", "elapsed": 817.092391, "delta": 0.917222}}
{"target": -30.80238265777841, "params": {"C": 1.058445979011583, "epsilon": 8.086132982945667, "gamma": 3.6393026103171486, "lamda": 0.07879371774305613}, "datetime": {"datetime": "2021-06-21 19:08:51", "elapsed": 818.134836, "delta": 1.042445}}
{"target": -14.431113605921828, "params": {"C": 9.537870068933087, "epsilon": 9.66329667480284, "gamma": 0.2981960313444164, "lamda": 0.3791488992047509}, "datetime": {"datetime": "2021-06-21 19:08:52", "elapsed": 819.153973, "delta": 1.019137}}
{"target": -16.059694973940562, "params": {"C": 9.365066269355163, "epsilon": 9.224492347844743, "gamma": 0.39512634583242867, "lamda": 0.6511876071395621}, "datetime": {"datetime": "2021-06-21 19:08:53", "elapsed": 820.206544, "delta": 1.052571}}
{"target": -16.915070450318375, "params": {"C": 9.37534265892736, "epsilon": 9.19130475188526, "gamma": 0.4508561365135589, "lamda": 0.4173287172779288}, "datetime": {"datetime": "2021-06-21 19:08:53", "elapsed": 821.082843, "delta": 0.876299}}
{"target": -31.05521636299462, "params": {"C": 9.323288576378435, "epsilon": 2.8460490193283343, "gamma": 4.27156842508276, "lamda": 8.758714990796705}, "datetime": {"datetime": "2021-06-21 19:08:54", "elapsed": 822.006459, "delta": 0.923616}}
{"target": -15.528356098193747, "params": {"C": 9.149028096862263, "epsilon": 9.795549580442405, "gamma": 0.36622039004538076, "lamda": 0.4288737133172757}, "datetime": {"datetime": "2021-06-21 19:08:55", "elapsed": 822.948564, "delta": 0.942105}}
{"target": -33.38582379751178, "params": {"C": 0.6359840858523261, "epsilon": 0.1506692475919922, "gamma": 3.7558795381161936, "lamda": 5.245276389225613}, "datetime": {"datetime": "2021-06-21 19:08:56", "elapsed": 823.842136, "delta": 0.893572}}
{"target": -26.731464435286377, "params": {"C": 7.194069688737758, "epsilon": 2.7250904880833002, "gamma": 1.934191488655218, "lamda": 8.815357511628411}, "datetime": {"datetime": "2021-06-21 19:08:57", "elapsed": 824.804836, "delta": 0.9627}}
{"target": -26.083541712884774, "params": {"C": 0.7721949254226721, "epsilon": 1.5936984231423519, "gamma": 0.9309311892943126, "lamda": 3.685852745256637}, "datetime": {"datetime": "2021-06-21 19:08:58", "elapsed": 825.871471, "delta": 1.066635}}
{"target": -17.200943264003392, "params": {"C": 9.920282568297978, "epsilon": 9.89403783520009, "gamma": 0.4845587777829641, "lamda": 0.2824850240260907}, "datetime": {"datetime": "2021-06-21 19:08:59", "elapsed": 826.754726, "delta": 0.883255}}
{"target": -30.89757550505803, "params": {"C": 8.083149406420791, "epsilon": 3.037216521375611, "gamma": 4.039820630133825, "lamda": 9.466510309716964}, "datetime": {"datetime": "2021-06-21 19:09:00", "elapsed": 827.735724, "delta": 0.980998}}
{"target": -25.800475102088832, "params": {"C": 2.3352011498085434, "epsilon": 0.5443320398972206, "gamma": 1.3671748218391626, "lamda": 1.1557561617153211}, "datetime": {"datetime": "2021-06-21 19:09:01", "elapsed": 828.605981, "delta": 0.870257}}
{"target": -12.953344180782524, "params": {"C": 9.628118644228861, "epsilon": 9.662406034918076, "gamma": 0.19823828892763692, "lamda": 0.18031588158496809}, "datetime": {"datetime": "2021-06-21 19:09:02", "elapsed": 829.601717, "delta": 0.995736}}
{"target": -23.547081205850887, "params": {"C": 3.4168843123659935, "epsilon": 6.616953147492588, "gamma": 1.11735758494472, "lamda": 1.3214668212307343}, "datetime": {"datetime": "2021-06-21 19:09:03", "elapsed": 830.548268, "delta": 0.946551}}
{"target": -14.358996854318553, "params": {"C": 9.649799979321, "epsilon": 6.318709321989512, "gamma": 0.2876555729283944, "lamda": 0.7421852967632742}, "datetime": {"datetime": "2021-06-21 19:09:04", "elapsed": 831.595027, "delta": 1.046759}}
{"target": -33.81494126650939, "params": {"C": 2.8525356608236287, "epsilon": 4.530069396627148, "gamma": 2.6356958127843013, "lamda": 9.49431460935294}, "datetime": {"datetime": "2021-06-21 19:09:22", "elapsed": 849.22787, "delta": 17.632843}}
{"target": -11.736298781852748, "params": {"C": 7.635378190507758, "epsilon": 9.140557353837206, "gamma": 0.13356685035153662, "lamda": 0.23254369874424707}, "datetime": {"datetime": "2021-06-21 19:09:23", "elapsed": 850.393822, "delta": 1.165952}}
{"target": -16.43894637617183, "params": {"C": 3.9074214572792263, "epsilon": 0.3770501714222595, "gamma": 0.3629246482925202, "lamda": 2.2831764591782724}, "datetime": {"datetime": "2021-06-21 19:09:24", "elapsed": 851.376789, "delta": 0.982967}}
{"target": -15.039529918117339, "params": {"C": 6.515033982523642, "epsilon": 1.6306678190781803, "gamma": 0.29925891213320727, "lamda": 4.970459232681874}, "datetime": {"datetime": "2021-06-21 19:09:25", "elapsed": 852.438787, "delta": 1.061998}}
{"target": -33.081438963511765, "params": {"C": 0.32642403303778916, "epsilon": 3.6805686550527525, "gamma": 3.268673744226161, "lamda": 7.982680835864084}, "datetime": {"datetime": "2021-06-21 19:09:26", "elapsed": 853.518791, "delta": 1.080004}}
{"target": -17.960162357866167, "params": {"C": 8.077810784792817, "epsilon": 9.008457836793312, "gamma": 0.5380067009417179, "lamda": 0.21900236192663708}, "datetime": {"datetime": "2021-06-21 19:09:27", "elapsed": 854.427825, "delta": 0.909034}}
{"target": -20.095792080267337, "params": {"C": 2.5668184674611134, "epsilon": 2.259324031773287, "gamma": 0.6019115212858323, "lamda": 0.5010660655760655}, "datetime": {"datetime": "2021-06-21 19:09:28", "elapsed": 855.280827, "delta": 0.853002}}
{"target": -59.26119818321004, "params": {"C": 8.998697694578778, "epsilon": 9.273868276017998, "gamma": 0.06815141667132366, "lamda": 0.38726466802555937}, "datetime": {"datetime": "2021-06-21 19:09:45", "elapsed": 872.77879, "delta": 17.497963}}
{"target": -15.83773637136154, "params": {"C": 8.280991510357829, "epsilon": 9.584282400836, "gamma": 0.38876669016250875, "lamda": 0.16831663251138443}, "datetime": {"datetime": "2021-06-21 19:09:46", "elapsed": 873.732646, "delta": 0.953856}}
{"target": -15.077783560522048, "params": {"C": 9.47733630284568, "epsilon": 9.106252622662202, "gamma": 0.33920778836636006, "lamda": 0.2874148049294598}, "datetime": {"datetime": "2021-06-21 19:09:47", "elapsed": 874.777235, "delta": 1.044589}}
{"target": -14.382789971025412, "params": {"C": 8.251552799679645, "epsilon": 9.02854575800505, "gamma": 0.29289965726763934, "lamda": 0.10278921656500108}, "datetime": {"datetime": "2021-06-21 19:09:48", "elapsed": 876.058922, "delta": 1.281687}}
{"target": -14.945295154897842, "params": {"C": 9.454762527818398, "epsilon": 5.828202374254808, "gamma": 0.32393930618870004, "lamda": 0.6414937303557336}, "datetime": {"datetime": "2021-06-21 19:09:49", "elapsed": 876.971945, "delta": 0.913023}}
{"target": -17.40592897617686, "params": {"C": 9.754295836207984, "epsilon": 6.4269168983500675, "gamma": 0.48759588900982814, "lamda": 0.5464288344726973}, "datetime": {"datetime": "2021-06-21 19:09:50", "elapsed": 877.930948, "delta": 0.959003}}
{"target": -10.686817956817078, "params": {"C": 9.876877044958634, "epsilon": 5.8459939957525355, "gamma": 0.035871722788324664, "lamda": 0.6522431985785385}, "datetime": {"datetime": "2021-06-21 19:09:51", "elapsed": 879.100519, "delta": 1.169571}}
{"target": -12.443655761684418, "params": {"C": 9.436433377284093, "epsilon": 9.341767582397573, "gamma": 0.17127134126746596, "lamda": 0.4977422463350072}, "datetime": {"datetime": "2021-06-21 19:09:53", "elapsed": 880.277739, "delta": 1.17722}}
{"target": -34.29808047390904, "params": {"C": 1.7644863690633201, "epsilon": 6.873223504364435, "gamma": 1.080239658439408, "lamda": 7.5300899350280535}, "datetime": {"datetime": "2021-06-21 19:10:08", "elapsed": 896.04248, "delta": 15.764741}}
{"target": -48.0817863323901, "params": {"C": 7.739408369477998, "epsilon": 9.077720465682871, "gamma": 0.12010235622778867, "lamda": 0.622322986789081}, "datetime": {"datetime": "2021-06-21 19:10:16", "elapsed": 903.718792, "delta": 7.676312}}
{"target": -32.42300251388456, "params": {"C": 2.6819446173450294, "epsilon": 8.147069144834822, "gamma": 2.654581058435087, "lamda": 7.214185011082298}, "datetime": {"datetime": "2021-06-21 19:10:31", "elapsed": 918.753871, "delta": 15.035079}}
{"target": -17.699874285669228, "params": {"C": 8.65622937872909, "epsilon": 8.54172489924154, "gamma": 0.517949481100313, "lamda": 0.18413172207568243}, "datetime": {"datetime": "2021-06-21 19:10:32", "elapsed": 919.803686, "delta": 1.049815}}
{"target": -30.85065941151256, "params": {"C": 6.443759484482167, "epsilon": 0.7855039459747285, "gamma": 4.151917328425496, "lamda": 6.6523860233503385}, "datetime": {"datetime": "2021-06-21 19:10:33", "elapsed": 920.65569, "delta": 0.852004}}
{"target": -31.16720314881442, "params": {"C": 2.5422854024058523, "epsilon": 1.8670580935158845, "gamma": 3.7235825013420047, "lamda": 6.963549951134232}, "datetime": {"datetime": "2021-06-21 19:10:34", "elapsed": 921.56369, "delta": 0.908}}
{"target": -21.59367017726405, "params": {"C": 0.8677073283324072, "epsilon": 7.699643235220888, "gamma": 0.46998346911044614, "lamda": 4.568525780009505}, "datetime": {"datetime": "2021-06-21 19:10:35", "elapsed": 922.577165, "delta": 1.013475}}
{"target": -16.175805340242068, "params": {"C": 9.858239495626417, "epsilon": 9.73926967896631, "gamma": 0.4079832799519022, "lamda": 0.1905848612432589}, "datetime": {"datetime": "2021-06-21 19:10:36", "elapsed": 923.683365, "delta": 1.1062}}
{"target": -14.527243423214362, "params": {"C": 9.496738496615967, "epsilon": 9.245232769220722, "gamma": 0.30449137882817884, "lamda": 0.2805066741323876}, "datetime": {"datetime": "2021-06-21 19:10:37", "elapsed": 924.572271, "delta": 0.888906}}
{"target": -16.025840683135236, "params": {"C": 9.549008684865175, "epsilon": 9.567338474372466, "gamma": 0.3989674776806555, "lamda": 0.12778237936630168}, "datetime": {"datetime": "2021-06-21 19:10:38", "elapsed": 925.52702, "delta": 0.954749}}
{"target": -19.164016441954132, "params": {"C": 8.730462618340644, "epsilon": 9.02310933486954, "gamma": 0.6719481445765279, "lamda": 0.30603330955172525}, "datetime": {"datetime": "2021-06-21 19:10:39", "elapsed": 926.857875, "delta": 1.330855}}
{"target": -11.162544868997538, "params": {"C": 8.917830677944414, "epsilon": 9.309681219202115, "gamma": 0.012994541478092429, "lamda": 0.22810131285409524}, "datetime": {"datetime": "2021-06-21 19:10:40", "elapsed": 927.800486, "delta": 0.942611}}
{"target": -32.48863600597442, "params": {"C": 2.053833696645776, "epsilon": 4.589336927844235, "gamma": 4.942312473205694, "lamda": 9.374904169056684}, "datetime": {"datetime": "2021-06-21 19:10:41", "elapsed": 928.707152, "delta": 0.906666}}
{"target": -69.41065079960953, "params": {"C": 8.779293203053799, "epsilon": 9.485204814080596, "gamma": 0.044165986212263544, "lamda": 0.12403246462909377}, "datetime": {"datetime": "2021-06-21 19:10:51", "elapsed": 938.216337, "delta": 9.509185}}
{"target": -12.46852438242518, "params": {"C": 8.4656132303394, "epsilon": 9.434965447001154, "gamma": 0.17187508781023392, "lamda": 0.35014654637685927}, "datetime": {"datetime": "2021-06-21 19:10:52", "elapsed": 939.293036, "delta": 1.076699}}
{"target": -13.795156898496666, "params": {"C": 7.612031609201043, "epsilon": 8.538371957265333, "gamma": 0.23803906619265036, "lamda": 0.42087987178786007}, "datetime": {"datetime": "2021-06-21 19:10:53", "elapsed": 940.600024, "delta": 1.306988}}
{"target": -18.484038788513725, "params": {"C": 8.539248052035587, "epsilon": 8.74771759045358, "gamma": 0.5845776318503391, "lamda": 0.5759578266761989}, "datetime": {"datetime": "2021-06-21 19:10:54", "elapsed": 941.588728, "delta": 0.988704}}
{"target": -33.32163839782748, "params": {"C": 3.1409117102045085, "epsilon": 5.531567134956749, "gamma": 2.6646785779565, "lamda": 5.7260608333495}, "datetime": {"datetime": "2021-06-21 19:11:09", "elapsed": 956.203732, "delta": 14.615004}}
{"target": -35.79833214806248, "params": {"C": 4.790332049341507, "epsilon": 7.645956779887199, "gamma": 0.6619283248591246, "lamda": 2.0172547523583635}, "datetime": {"datetime": "2021-06-21 19:11:23", "elapsed": 970.300947, "delta": 14.097215}}
