{"target": -61.944760857684265, "params": {"C": 29.861718821819863, "epsilon": 15.116832876344636, "gamma": 0.0619010202914531, "lamda": 0.2589494138017799}, "datetime": {"datetime": "2021-06-21 21:57:35", "elapsed": 273.872446, "delta": 9.241119}}
{"target": -10.825339580987961, "params": {"C": 26.42447787083711, "epsilon": 25.659123321169474, "gamma": 0.09022881527920591, "lamda": 0.06546354713238112}, "datetime": {"datetime": "2021-06-21 21:57:36", "elapsed": 274.361016, "delta": 0.48857}}
{"target": -70.01914732382095, "params": {"C": 15.994416297486854, "epsilon": 21.200941329644685, "gamma": 0.043389979978750284, "lamda": 0.1396728121002054}, "datetime": {"datetime": "2021-06-21 21:57:45", "elapsed": 283.367941, "delta": 9.006925}}
{"target": -51.998890794378006, "params": {"C": 18.94234863765426, "epsilon": 17.841454784466375, "gamma": 0.09373106458469237, "lamda": 0.29521458387921556}, "datetime": {"datetime": "2021-06-21 21:57:55", "elapsed": 293.38509, "delta": 10.017149}}
{"target": -75.9949703000378, "params": {"C": 17.723976692440363, "epsilon": 11.283896814464162, "gamma": 0.03303070971466612, "lamda": 0.4481625587629299}, "datetime": {"datetime": "2021-06-21 21:58:05", "elapsed": 303.554451, "delta": 10.169361}}
{"target": -73.48609254969875, "params": {"C": 15.732867325042033, "epsilon": 10.279384786006247, "gamma": 0.04087424761344468, "lamda": 0.5515305362165789}, "datetime": {"datetime": "2021-06-21 21:58:15", "elapsed": 313.344156, "delta": 9.789705}}
{"target": -60.45528299323498, "params": {"C": 21.72151964055282, "epsilon": 14.355013962897074, "gamma": 0.07029524978611135, "lamda": 0.6349076768227124}, "datetime": {"datetime": "2021-06-21 21:58:29", "elapsed": 327.693615, "delta": 14.349459}}
{"target": -55.377494537939995, "params": {"C": 13.233003303761294, "epsilon": 22.64565450569825, "gamma": 0.0892990568112676, "lamda": 0.3529333492993951}, "datetime": {"datetime": "2021-06-21 21:58:44", "elapsed": 342.43048, "delta": 14.736865}}
{"target": -68.55132573958252, "params": {"C": 23.76428015265196, "epsilon": 29.677758879643218, "gamma": 0.01612412812034434, "lamda": 0.5188115425934482}, "datetime": {"datetime": "2021-06-21 21:58:54", "elapsed": 352.731005, "delta": 10.300525}}
{"target": -62.49613143318319, "params": {"C": 14.631947176951666, "epsilon": 20.1388580542954, "gamma": 0.07251114274475891, "lamda": 0.36469939538507773}, "datetime": {"datetime": "2021-06-21 21:59:09", "elapsed": 367.188935, "delta": 14.45793}}
{"target": -64.04036931510912, "params": {"C": 17.6556416660269, "epsilon": 23.76741428199357, "gamma": 0.06479797559705776, "lamda": 0.5607437862031476}, "datetime": {"datetime": "2021-06-21 21:59:23", "elapsed": 382.058938, "delta": 14.870003}}
{"target": -59.78910871866388, "params": {"C": 28.336852344490964, "epsilon": 28.24980821883186, "gamma": 0.07551877920716289, "lamda": 0.48257522908818085}, "datetime": {"datetime": "2021-06-21 21:59:39", "elapsed": 397.476673, "delta": 15.417735}}
{"target": -56.71817725505374, "params": {"C": 15.440431534574369, "epsilon": 28.88930332848481, "gamma": 0.0765174456770583, "lamda": 0.5503852333585648}, "datetime": {"datetime": "2021-06-21 21:59:54", "elapsed": 412.606633, "delta": 15.12996}}
{"target": -72.1904748234113, "params": {"C": 14.403658221666165, "epsilon": 28.858370183202894, "gamma": 0.03799679164554022, "lamda": 0.20264355310035984}, "datetime": {"datetime": "2021-06-21 22:00:05", "elapsed": 423.180858, "delta": 10.574225}}
{"target": -51.705308178768114, "params": {"C": 16.364392403111335, "epsilon": 23.576770579373285, "gamma": 0.09317338254816307, "lamda": 0.47295473100270835}, "datetime": {"datetime": "2021-06-21 22:00:18", "elapsed": 437.097857, "delta": 13.916999}}
{"target": -10.664447240928325, "params": {"C": 21.478815566591276, "epsilon": 12.504415378917672, "gamma": 0.06797593201231654, "lamda": 0.17986476618591515}, "datetime": {"datetime": "2021-06-21 22:00:19", "elapsed": 437.689089, "delta": 0.591232}}
{"target": -53.91357586046396, "params": {"C": 16.11388622335126, "epsilon": 18.361103899604228, "gamma": 0.0825107632923711, "lamda": 0.2506331565611419}, "datetime": {"datetime": "2021-06-21 22:00:28", "elapsed": 446.401623, "delta": 8.712534}}
{"target": -65.13941293310144, "params": {"C": 29.075206381591325, "epsilon": 23.63946230470994, "gamma": 0.05951954698983641, "lamda": 0.48584537830766816}, "datetime": {"datetime": "2021-06-21 22:00:42", "elapsed": 460.581318, "delta": 14.179695}}
{"target": -10.75710684754382, "params": {"C": 29.76760295276248, "epsilon": 22.880795199882684, "gamma": 0.008872237570393831, "lamda": 0.04952610136627496}, "datetime": {"datetime": "2021-06-21 22:00:43", "elapsed": 461.192318, "delta": 0.611}}
{"target": -68.45599698307247, "params": {"C": 16.286740246656805, "epsilon": 13.508616859611298, "gamma": 0.04175141193518586, "lamda": 0.5959537973981012}, "datetime": {"datetime": "2021-06-21 22:00:54", "elapsed": 472.572602, "delta": 11.380284}}
{"target": -65.33561403717452, "params": {"C": 22.538353650066504, "epsilon": 12.356938167077576, "gamma": 0.05439736423033828, "lamda": 0.48965007577918357}, "datetime": {"datetime": "2021-06-21 22:01:09", "elapsed": 487.58415, "delta": 15.011548}}
{"target": -74.98402659064932, "params": {"C": 15.123908318166748, "epsilon": 26.967916646666758, "gamma": 0.0411527033866518, "lamda": 0.2610492975064581}, "datetime": {"datetime": "2021-06-21 22:01:18", "elapsed": 496.788786, "delta": 9.204636}}
{"target": -70.96246895162065, "params": {"C": 24.70695322865329, "epsilon": 28.060897603388025, "gamma": 0.05128986892021786, "lamda": 0.20673359163968483}, "datetime": {"datetime": "2021-06-21 22:01:34", "elapsed": 512.18958, "delta": 15.400794}}
{"target": -10.378108423583878, "params": {"C": 21.92455093075035, "epsilon": 19.15665940153419, "gamma": 0.038907252965718425, "lamda": 0.056849550942101486}, "datetime": {"datetime": "2021-06-21 22:01:34", "elapsed": 512.75258, "delta": 0.563}}
{"target": -67.15925452714876, "params": {"C": 28.13076202262999, "epsilon": 16.11081969771582, "gamma": 0.054101008200073845, "lamda": 0.08127071894045314}, "datetime": {"datetime": "2021-06-21 22:01:44", "elapsed": 522.336578, "delta": 9.583998}}
{"target": -10.82313335712581, "params": {"C": 12.87756830694839, "epsilon": 12.077342221333854, "gamma": 0.08537128404277727, "lamda": 0.09889266759582073}, "datetime": {"datetime": "2021-06-21 22:01:44", "elapsed": 522.886882, "delta": 0.550304}}
{"target": -10.320267443158873, "params": {"C": 23.275273820811492, "epsilon": 15.740748537308438, "gamma": 0.024674937896564608, "lamda": 0.12308277180313146}, "datetime": {"datetime": "2021-06-21 22:01:45", "elapsed": 523.469882, "delta": 0.583}}
{"target": -74.28936154523271, "params": {"C": 28.54054139768516, "epsilon": 29.43783199025331, "gamma": 0.02489311455193585, "lamda": 0.09700657925054437}, "datetime": {"datetime": "2021-06-21 22:01:54", "elapsed": 532.828925, "delta": 9.359043}}
{"target": -61.989633701926905, "params": {"C": 19.454933795826747, "epsilon": 26.31727152441751, "gamma": 0.07075145392637727, "lamda": 0.11193749380744787}, "datetime": {"datetime": "2021-06-21 22:02:04", "elapsed": 542.294153, "delta": 9.465228}}
{"target": -62.27559450205439, "params": {"C": 17.439483118571086, "epsilon": 26.309019323938372, "gamma": 0.06302515766081489, "lamda": 0.6380047728919384}, "datetime": {"datetime": "2021-06-21 22:02:18", "elapsed": 556.917066, "delta": 14.622913}}
{"target": -62.535457794831395, "params": {"C": 23.283649945973, "epsilon": 21.454618987379195, "gamma": 0.06592056172080843, "lamda": 0.6939474748315624}, "datetime": {"datetime": "2021-06-21 22:02:34", "elapsed": 572.236205, "delta": 15.319139}}
{"target": -66.52237433615224, "params": {"C": 9.81645509943603, "epsilon": 19.56872901378213, "gamma": 0.050718471640753854, "lamda": 0.08488476394093528}, "datetime": {"datetime": "2021-06-21 22:02:47", "elapsed": 585.866131, "delta": 13.629926}}
{"target": -50.472607580808294, "params": {"C": 29.440854026819046, "epsilon": 20.777683557383916, "gamma": 0.09844404994746346, "lamda": 0.5543438294100923}, "datetime": {"datetime": "2021-06-21 22:03:02", "elapsed": 600.167389, "delta": 14.301258}}
{"target": -10.676146454077893, "params": {"C": 19.412764824992546, "epsilon": 13.99605343827147, "gamma": 0.08034602032053786, "lamda": 0.0570264256942964}, "datetime": {"datetime": "2021-06-21 22:03:02", "elapsed": 600.727019, "delta": 0.55963}}
{"target": -73.44207370245545, "params": {"C": 25.14059596275102, "epsilon": 13.663646294057454, "gamma": 0.02176848040313702, "lamda": 0.6623976568072139}, "datetime": {"datetime": "2021-06-21 22:03:12", "elapsed": 610.270445, "delta": 9.543426}}
{"target": -68.48088182089712, "params": {"C": 10.362037027239836, "epsilon": 27.881863670193244, "gamma": 0.05050383257075262, "lamda": 0.6903774116345828}, "datetime": {"datetime": "2021-06-21 22:03:28", "elapsed": 626.284313, "delta": 16.013868}}
{"target": -72.34777351252306, "params": {"C": 22.299849961863828, "epsilon": 26.578821858838484, "gamma": 0.032840902558957184, "lamda": 0.2658331781095549}, "datetime": {"datetime": "2021-06-21 22:03:38", "elapsed": 636.374597, "delta": 10.090284}}
{"target": -58.36887214464004, "params": {"C": 25.183567809437605, "epsilon": 15.440449298548502, "gamma": 0.06989406406497665, "lamda": 0.31078789418207986}, "datetime": {"datetime": "2021-06-21 22:03:48", "elapsed": 646.897639, "delta": 10.523042}}
{"target": -61.909708293668245, "params": {"C": 15.681333965245464, "epsilon": 29.742806365385928, "gamma": 0.06816109758253171, "lamda": 0.6359215535241451}, "datetime": {"datetime": "2021-06-21 22:04:05", "elapsed": 664.030606, "delta": 17.132967}}
{"target": -10.666525216575373, "params": {"C": 21.441388534786366, "epsilon": 22.21853060997855, "gamma": 0.08644408624956099, "lamda": 0.1450634334220562}, "datetime": {"datetime": "2021-06-21 22:04:06", "elapsed": 664.725593, "delta": 0.694987}}
{"target": -53.37667483686312, "params": {"C": 18.958268289767794, "epsilon": 16.425233638628875, "gamma": 0.08373591922102154, "lamda": 0.6927152645997883}, "datetime": {"datetime": "2021-06-21 22:04:21", "elapsed": 679.865737, "delta": 15.140144}}
{"target": -53.91136098493906, "params": {"C": 25.192420236417952, "epsilon": 17.672466427124792, "gamma": 0.07838191545205801, "lamda": 0.49992037341380874}, "datetime": {"datetime": "2021-06-21 22:04:37", "elapsed": 695.248896, "delta": 15.383159}}
{"target": -67.5360388841019, "params": {"C": 29.976647327883057, "epsilon": 21.696014089023823, "gamma": 0.04756991522354328, "lamda": 0.6198678956257537}, "datetime": {"datetime": "2021-06-21 22:04:55", "elapsed": 713.188393, "delta": 17.939497}}
{"target": -11.250001518598584, "params": {"C": 29.83234185001319, "epsilon": 15.329274013111851, "gamma": 0.004503402239918673, "lamda": 0.3827296169276305}, "datetime": {"datetime": "2021-06-21 22:04:55", "elapsed": 714.04113, "delta": 0.852737}}
{"target": -10.841670554998899, "params": {"C": 19.6779123152614, "epsilon": 10.696613926813853, "gamma": 0.08386767972616364, "lamda": 0.37828421071878027}, "datetime": {"datetime": "2021-06-21 22:04:56", "elapsed": 714.852866, "delta": 0.811736}}
{"target": -10.615549144092883, "params": {"C": 9.073036758201894, "epsilon": 13.03424208732087, "gamma": 0.0643719207403602, "lamda": 0.13347920420455114}, "datetime": {"datetime": "2021-06-21 22:04:57", "elapsed": 715.733864, "delta": 0.880998}}
{"target": -49.3877366562415, "params": {"C": 28.88042986598798, "epsilon": 25.32370546988764, "gamma": 0.09997190055092461, "lamda": 0.23552615928298012}, "datetime": {"datetime": "2021-06-21 22:05:08", "elapsed": 726.560643, "delta": 10.826779}}
{"target": -10.358829616383401, "params": {"C": 7.104170825321188, "epsilon": 14.857283371953036, "gamma": 0.03457393253774988, "lamda": 0.06052147498963992}, "datetime": {"datetime": "2021-06-21 22:05:09", "elapsed": 727.180765, "delta": 0.620122}}
{"target": -55.7843721406845, "params": {"C": 10.837721744617888, "epsilon": 14.41093637531246, "gamma": 0.0814605105542918, "lamda": 0.5200484640203574}, "datetime": {"datetime": "2021-06-21 22:05:25", "elapsed": 743.175325, "delta": 15.99456}}
{"target": -58.832516215536565, "params": {"C": 18.655191271801392, "epsilon": 26.161426067645095, "gamma": 0.07902096314056764, "lamda": 0.4502894718124742}, "datetime": {"datetime": "2021-06-21 22:05:40", "elapsed": 758.59603, "delta": 15.420705}}
{"target": -71.62563463204499, "params": {"C": 27.92439637906401, "epsilon": 24.369224101824855, "gamma": 0.05326056311312365, "lamda": 0.32328947236139355}, "datetime": {"datetime": "2021-06-21 22:05:58", "elapsed": 776.415079, "delta": 17.819049}}
{"target": -54.37219379018687, "params": {"C": 7.659592685002495, "epsilon": 29.509392009132817, "gamma": 0.0937404164171198, "lamda": 0.1945426785891949}, "datetime": {"datetime": "2021-06-21 22:06:16", "elapsed": 794.48577, "delta": 18.070691}}
{"target": -59.34896623071649, "params": {"C": 26.654883398921367, "epsilon": 16.23984194339343, "gamma": 0.06782420986944326, "lamda": 0.6254662799321058}, "datetime": {"datetime": "2021-06-21 22:06:33", "elapsed": 811.708363, "delta": 17.222593}}
{"target": -73.13516268688495, "params": {"C": 10.855890810879039, "epsilon": 26.032383983574913, "gamma": 0.04363451918909883, "lamda": 0.22103494844864116}, "datetime": {"datetime": "2021-06-21 22:06:45", "elapsed": 823.220882, "delta": 11.512519}}
{"target": -63.0526544292183, "params": {"C": 20.498879577032945, "epsilon": 23.801256829272965, "gamma": 0.06525723679739838, "lamda": 0.290624303868513}, "datetime": {"datetime": "2021-06-21 22:07:02", "elapsed": 840.947922, "delta": 17.72704}}
{"target": -62.576719268800844, "params": {"C": 10.50967195210217, "epsilon": 11.953896955099808, "gamma": 0.05779283042675266, "lamda": 0.6310207151948656}, "datetime": {"datetime": "2021-06-21 22:07:19", "elapsed": 857.960698, "delta": 17.012776}}
{"target": -62.311057275185114, "params": {"C": 12.61594196490963, "epsilon": 17.858711983829963, "gamma": 0.0568602429523494, "lamda": 0.08383324614455544}, "datetime": {"datetime": "2021-06-21 22:07:32", "elapsed": 870.456064, "delta": 12.495366}}
{"target": -74.39880938487488, "params": {"C": 14.050676939827602, "epsilon": 17.585080458269204, "gamma": 0.02046155445652975, "lamda": 0.4262102269970586}, "datetime": {"datetime": "2021-06-21 22:07:43", "elapsed": 881.41125, "delta": 10.955186}}
{"target": -78.67409294948666, "params": {"C": 24.30578669470738, "epsilon": 23.166457562378604, "gamma": 0.029968208524631026, "lamda": 0.4804389881965532}, "datetime": {"datetime": "2021-06-21 22:07:55", "elapsed": 893.269598, "delta": 11.858348}}
{"target": -14.004246389303852, "params": {"C": 23.884407804911547, "epsilon": 12.360004168800181, "gamma": 0.001177767192312394, "lamda": 0.4128429284647031}, "datetime": {"datetime": "2021-06-21 22:07:56", "elapsed": 894.173381, "delta": 0.903783}}
{"target": -70.94787994323333, "params": {"C": 28.92469750230915, "epsilon": 22.66745501228228, "gamma": 0.04587707800311788, "lamda": 0.5707708055136423}, "datetime": {"datetime": "2021-06-21 22:08:14", "elapsed": 912.742408, "delta": 18.569027}}
{"target": -71.0431477970081, "params": {"C": 15.062008566419943, "epsilon": 27.975853481641458, "gamma": 0.03934125214359311, "lamda": 0.5246973666397107}, "datetime": {"datetime": "2021-06-21 22:08:26", "elapsed": 924.253387, "delta": 11.510979}}
{"target": -53.1183694893561, "params": {"C": 11.721508983872031, "epsilon": 29.063773590807347, "gamma": 0.09702973215881294, "lamda": 0.3773156374046491}, "datetime": {"datetime": "2021-06-21 22:08:43", "elapsed": 942.101818, "delta": 17.848431}}
{"target": -64.50982446159972, "params": {"C": 19.01381402348077, "epsilon": 22.539596934614387, "gamma": 0.049850396996797025, "lamda": 0.12795959928691256}, "datetime": {"datetime": "2021-06-21 22:09:01", "elapsed": 959.510961, "delta": 17.409143}}
{"target": -53.48651414911967, "params": {"C": 8.643504349198805, "epsilon": 19.74326183616676, "gamma": 0.09075560031456155, "lamda": 0.20236707818290886}, "datetime": {"datetime": "2021-06-21 22:09:18", "elapsed": 976.928867, "delta": 17.417906}}
{"target": -65.74769099483828, "params": {"C": 23.30588781615716, "epsilon": 28.340058571625583, "gamma": 0.06421068127303309, "lamda": 0.15885730474049986}, "datetime": {"datetime": "2021-06-21 22:09:38", "elapsed": 996.602302, "delta": 19.673435}}
{"target": -66.90647405003487, "params": {"C": 22.920256690733005, "epsilon": 19.782522185153383, "gamma": 0.049324415702803694, "lamda": 0.13858106782998414}, "datetime": {"datetime": "2021-06-21 22:10:00", "elapsed": 1018.757032, "delta": 22.15473}}
{"target": -54.492730604661965, "params": {"C": 16.137766709060184, "epsilon": 24.402323017795133, "gamma": 0.08399581650845153, "lamda": 0.29128818963591513}, "datetime": {"datetime": "2021-06-21 22:10:20", "elapsed": 1038.63275, "delta": 19.875718}}
{"target": -71.2350346086755, "params": {"C": 28.214083642635227, "epsilon": 24.409939506629613, "gamma": 0.01659139156882649, "lamda": 0.46391762481869686}, "datetime": {"datetime": "2021-06-21 22:10:33", "elapsed": 1051.675507, "delta": 13.042757}}
{"target": -70.4952444216382, "params": {"C": 17.852425755178288, "epsilon": 20.19573808169651, "gamma": 0.0191564618290077, "lamda": 0.4675700583199464}, "datetime": {"datetime": "2021-06-21 22:10:46", "elapsed": 1064.270509, "delta": 12.595002}}
{"target": -30.545819255462032, "params": {"C": 10.673274438272824, "epsilon": 27.498993045979667, "gamma": 0.0006262404279646787, "lamda": 0.08410584440428877}, "datetime": {"datetime": "2021-06-21 22:11:07", "elapsed": 1085.239664, "delta": 20.969155}}
{"target": -60.591615063729364, "params": {"C": 17.94631372488524, "epsilon": 15.06938364577471, "gamma": 0.06229214352924492, "lamda": 0.5780240737229269}, "datetime": {"datetime": "2021-06-21 22:11:27", "elapsed": 1105.494841, "delta": 20.255177}}
{"target": -66.54778290205547, "params": {"C": 11.731075197779894, "epsilon": 16.122822947981124, "gamma": 0.04800955791550508, "lamda": 0.09017490377981106}, "datetime": {"datetime": "2021-06-21 22:11:49", "elapsed": 1127.122094, "delta": 21.627253}}
{"target": -72.60676377772681, "params": {"C": 14.519976178439322, "epsilon": 12.121262577719676, "gamma": 0.03578037431801208, "lamda": 0.6433050813485653}, "datetime": {"datetime": "2021-06-21 22:12:03", "elapsed": 1141.322845, "delta": 14.200751}}
{"target": -60.23934025387925, "params": {"C": 11.903719553430102, "epsilon": 14.05400717566219, "gamma": 0.07987058592605895, "lamda": 0.5996791866794972}, "datetime": {"datetime": "2021-06-21 22:12:20", "elapsed": 1158.484758, "delta": 17.161913}}
{"target": -68.60407666854736, "params": {"C": 9.78446135027936, "epsilon": 19.201003149689626, "gamma": 0.04442967293954075, "lamda": 0.039169436518095825}, "datetime": {"datetime": "2021-06-21 22:12:32", "elapsed": 1170.163756, "delta": 11.678998}}
{"target": -72.91862353644333, "params": {"C": 21.442901976447963, "epsilon": 25.98105189228339, "gamma": 0.028970743935209393, "lamda": 0.3038983790351204}, "datetime": {"datetime": "2021-06-21 22:12:44", "elapsed": 1182.504717, "delta": 12.340961}}
{"target": -57.42598031489563, "params": {"C": 16.065620117632765, "epsilon": 16.38660292935498, "gamma": 0.06631423489968546, "lamda": 0.394733575608925}, "datetime": {"datetime": "2021-06-21 22:13:02", "elapsed": 1200.757526, "delta": 18.252809}}
{"target": -79.15343916705075, "params": {"C": 16.00606170880847, "epsilon": 27.576677195006972, "gamma": 0.02811334842088624, "lamda": 0.454008169540075}, "datetime": {"datetime": "2021-06-21 22:13:15", "elapsed": 1214.084612, "delta": 13.327086}}
{"target": -64.21706762835136, "params": {"C": 21.53162183454915, "epsilon": 27.41689213205278, "gamma": 0.055211272275743566, "lamda": 0.5532757995848417}, "datetime": {"datetime": "2021-06-21 22:13:35", "elapsed": 1233.191203, "delta": 19.106591}}
{"target": -69.69321904178184, "params": {"C": 10.373438557270125, "epsilon": 19.29159503177033, "gamma": 0.04836873143612481, "lamda": 0.1794318616621803}, "datetime": {"datetime": "2021-06-21 22:13:54", "elapsed": 1252.747567, "delta": 19.556364}}
{"target": -71.31660528093494, "params": {"C": 10.272712282659807, "epsilon": 21.960281776824583, "gamma": 0.04353487890606161, "lamda": 0.40102474924198706}, "datetime": {"datetime": "2021-06-21 22:14:06", "elapsed": 1265.020981, "delta": 12.273414}}
{"target": -77.79960837992964, "params": {"C": 8.290988251385098, "epsilon": 11.918908859084025, "gamma": 0.03145706347267116, "lamda": 0.6447344475838188}, "datetime": {"datetime": "2021-06-21 22:14:18", "elapsed": 1276.492217, "delta": 11.471236}}
{"target": -65.52380406674413, "params": {"C": 27.21829021773056, "epsilon": 28.460080629409607, "gamma": 0.05296944582263553, "lamda": 0.6351296840778743}, "datetime": {"datetime": "2021-06-21 22:14:35", "elapsed": 1294.091324, "delta": 17.599107}}
{"target": -66.8695668092004, "params": {"C": 19.750278004059023, "epsilon": 27.71734829520047, "gamma": 0.0452220816768785, "lamda": 0.32443673391574096}, "datetime": {"datetime": "2021-06-21 22:14:53", "elapsed": 1311.588517, "delta": 17.497193}}
{"target": -10.259903471386869, "params": {"C": 9.12922095243815, "epsilon": 23.904833080811255, "gamma": 0.03128726535791975, "lamda": 0.012210067572164703}, "datetime": {"datetime": "2021-06-21 22:14:54", "elapsed": 1312.357939, "delta": 0.769422}}
{"target": -60.687965562792, "params": {"C": 24.518001159787595, "epsilon": 20.285679746103824, "gamma": 0.0578959867169269, "lamda": 0.2561341062223775}, "datetime": {"datetime": "2021-06-21 22:15:13", "elapsed": 1331.291605, "delta": 18.933666}}
{"target": -11.02011948357994, "params": {"C": 9.846562295128066, "epsilon": 11.63379587375599, "gamma": 0.09327914891806234, "lamda": 0.25208684157798944}, "datetime": {"datetime": "2021-06-21 22:15:14", "elapsed": 1332.496709, "delta": 1.205104}}
