{"target": -33.35533422471538, "params": {"C": 4.269639377827899, "epsilon": 5.534171250613607, "gamma": 2.6420749255895664, "lamda": 9.426105049370538}, "datetime": {"datetime": "2021-06-21 19:17:44", "elapsed": 1351.38234, "delta": 16.43583}}
{"target": -30.643180767792224, "params": {"C": 7.960535963906849, "epsilon": 1.4253507560079521, "gamma": 4.060019506899238, "lamda": 8.016146162702297}, "datetime": {"datetime": "2021-06-21 19:17:45", "elapsed": 1352.70334, "delta": 1.321}}
{"target": -29.57959904111896, "params": {"C": 7.853141204503525, "epsilon": 2.397629869590729, "gamma": 3.5060045727766984, "lamda": 1.7054078240616235}, "datetime": {"datetime": "2021-06-21 19:17:46", "elapsed": 1354.015567, "delta": 1.312227}}
{"target": -26.412538002294355, "params": {"C": 8.735833527550124, "epsilon": 3.903863666912389, "gamma": 1.7993585943107524, "lamda": 8.611815153185248}, "datetime": {"datetime": "2021-06-21 19:17:48", "elapsed": 1355.278638, "delta": 1.263071}}
{"target": -32.84107245248203, "params": {"C": 5.9626774863314145, "epsilon": 8.560382805307995, "gamma": 1.9451105940010027, "lamda": 1.1062657400710074}, "datetime": {"datetime": "2021-06-21 19:18:03", "elapsed": 1370.670243, "delta": 15.391605}}
{"target": -12.401197701959896, "params": {"C": 8.459918498441212, "epsilon": 9.533957453528819, "gamma": 0.16959989253768276, "lamda": 0.49449050273976647}, "datetime": {"datetime": "2021-06-21 19:18:04", "elapsed": 1372.08824, "delta": 1.417997}}
{"target": -25.39318064642526, "params": {"C": 4.829761607410909, "epsilon": 6.196711457015089, "gamma": 1.6485734542727912, "lamda": 1.368056080296277}, "datetime": {"datetime": "2021-06-21 19:18:06", "elapsed": 1373.34774, "delta": 1.2595}}
{"target": -34.160071343585216, "params": {"C": 8.9993440962711, "epsilon": 6.660878708710209, "gamma": 1.1950093018380616, "lamda": 9.199311626239213}, "datetime": {"datetime": "2021-06-21 19:18:22", "elapsed": 1389.456734, "delta": 16.108994}}
{"target": -15.896174168429864, "params": {"C": 8.57575682783504, "epsilon": 8.419641711025545, "gamma": 0.38922293366141264, "lamda": 0.11547953353455338}, "datetime": {"datetime": "2021-06-21 19:18:24", "elapsed": 1391.409879, "delta": 1.953145}}
{"target": -19.062262437481557, "params": {"C": 8.180584447397711, "epsilon": 9.228837391068545, "gamma": 0.6602328873204522, "lamda": 0.04946946130594634}, "datetime": {"datetime": "2021-06-21 19:18:26", "elapsed": 1393.811174, "delta": 2.401295}}
{"target": -30.424991656613855, "params": {"C": 4.676549475137175, "epsilon": 5.717720781590619, "gamma": 4.110587565394613, "lamda": 0.925029695366318}, "datetime": {"datetime": "2021-06-21 19:18:27", "elapsed": 1395.096517, "delta": 1.285343}}
{"target": -10.755244979180043, "params": {"C": 9.101705892993268, "epsilon": 8.897123994238036, "gamma": 0.024525515893819554, "lamda": 0.14952960041249372}, "datetime": {"datetime": "2021-06-21 19:18:29", "elapsed": 1396.886235, "delta": 1.789718}}
{"target": -13.747863468557517, "params": {"C": 3.799468466150415, "epsilon": 0.3810688404257135, "gamma": 0.1780266873958253, "lamda": 2.14525732349019}, "datetime": {"datetime": "2021-06-21 19:18:31", "elapsed": 1398.310896, "delta": 1.424661}}
{"target": -17.191242109255953, "params": {"C": 9.836968511554485, "epsilon": 9.512695150435812, "gamma": 0.4820333305606753, "lamda": 0.2769995244260921}, "datetime": {"datetime": "2021-06-21 19:18:33", "elapsed": 1400.688645, "delta": 2.377749}}
{"target": -16.31475355772712, "params": {"C": 8.392791027152075, "epsilon": 8.67423578938875, "gamma": 0.41587480984882746, "lamda": 0.032260328854423564}, "datetime": {"datetime": "2021-06-21 19:18:35", "elapsed": 1402.739957, "delta": 2.051312}}
{"target": -13.23507245342999, "params": {"C": 7.502891786690883, "epsilon": 8.760137973295564, "gamma": 0.20747235199707212, "lamda": 0.4252340925437892}, "datetime": {"datetime": "2021-06-21 19:18:37", "elapsed": 1404.13476, "delta": 1.394803}}
{"target": -26.69068947440764, "params": {"C": 8.995029992683241, "epsilon": 3.8436156812609577, "gamma": 2.1388380476889957, "lamda": 3.0190215298625507}, "datetime": {"datetime": "2021-06-21 19:18:38", "elapsed": 1405.480408, "delta": 1.345648}}
{"target": -29.20147550547721, "params": {"C": 0.9341601630814271, "epsilon": 7.4866173534941485, "gamma": 1.8062546794810284, "lamda": 8.38336557448821}, "datetime": {"datetime": "2021-06-21 19:18:39", "elapsed": 1406.796019, "delta": 1.315611}}
{"target": -36.71693015028384, "params": {"C": 2.9518594542244196, "epsilon": 7.692062435167862, "gamma": 0.39572591644016336, "lamda": 1.9095455637653633}, "datetime": {"datetime": "2021-06-21 19:18:55", "elapsed": 1423.054951, "delta": 16.258932}}
{"target": -19.577193428269467, "params": {"C": 9.885310440131573, "epsilon": 9.499989972311463, "gamma": 0.7336273956284822, "lamda": 0.2874491680226843}, "datetime": {"datetime": "2021-06-21 19:18:57", "elapsed": 1424.825272, "delta": 1.770321}}
{"target": -32.418561021681214, "params": {"C": 0.17741920340633247, "epsilon": 5.174388249182569, "gamma": 1.9584082030088676, "lamda": 8.31687647862441}, "datetime": {"datetime": "2021-06-21 19:18:59", "elapsed": 1426.189549, "delta": 1.364277}}
{"target": -13.912603688656139, "params": {"C": 8.774358546166479, "epsilon": 8.6089505670604, "gamma": 0.2527408864560681, "lamda": 0.3936490701866251}, "datetime": {"datetime": "2021-06-21 19:19:01", "elapsed": 1428.19929, "delta": 2.009741}}
{"target": -17.67516428802148, "params": {"C": 7.61898167524746, "epsilon": 8.476785391480432, "gamma": 0.5050261410961897, "lamda": 0.22259180082810276}, "datetime": {"datetime": "2021-06-21 19:19:02", "elapsed": 1429.995559, "delta": 1.796269}}
{"target": -16.544287417794767, "params": {"C": 8.19810938403744, "epsilon": 9.093032697232019, "gamma": 0.4311079023997126, "lamda": 0.11284596825732918}, "datetime": {"datetime": "2021-06-21 19:19:04", "elapsed": 1431.789072, "delta": 1.793513}}
{"target": -10.516825901522317, "params": {"C": 8.495809702923319, "epsilon": 9.451833234560139, "gamma": 0.035362251774413295, "lamda": 0.030776923308931926}, "datetime": {"datetime": "2021-06-21 19:19:06", "elapsed": 1433.84861, "delta": 2.059538}}
{"target": -20.928255233835802, "params": {"C": 0.8786239811223722, "epsilon": 3.3837971487082754, "gamma": 0.38334105733725976, "lamda": 6.083864203598529}, "datetime": {"datetime": "2021-06-21 19:19:08", "elapsed": 1435.669106, "delta": 1.820496}}
{"target": -28.72609270327934, "params": {"C": 4.311952202014931, "epsilon": 9.25587784646346, "gamma": 3.1353309390148114, "lamda": 1.0185543657117808}, "datetime": {"datetime": "2021-06-21 19:19:09", "elapsed": 1437.015672, "delta": 1.346566}}
{"target": -18.291375129660945, "params": {"C": 8.845414108034184, "epsilon": 8.825145287750635, "gamma": 0.5764374378602024, "lamda": 0.3404517249678535}, "datetime": {"datetime": "2021-06-21 19:19:11", "elapsed": 1438.749981, "delta": 1.734309}}
{"target": -32.87543130113655, "params": {"C": 3.09902923149816, "epsilon": 8.24241641083096, "gamma": 1.6562650476543994, "lamda": 3.7487364103413285}, "datetime": {"datetime": "2021-06-21 19:19:23", "elapsed": 1450.293142, "delta": 11.543161}}
{"target": -26.263699720998464, "params": {"C": 6.793417711475266, "epsilon": 0.5714699957129624, "gamma": 1.9341017965652831, "lamda": 5.1557491642060045}, "datetime": {"datetime": "2021-06-21 19:19:24", "elapsed": 1451.866192, "delta": 1.57305}}
{"target": -21.949468042869942, "params": {"C": 4.397384094108432, "epsilon": 3.03127660047636, "gamma": 0.8598747763312112, "lamda": 3.306687550198664}, "datetime": {"datetime": "2021-06-21 19:19:26", "elapsed": 1453.204146, "delta": 1.337954}}
{"target": -13.625240295843327, "params": {"C": 3.8448528926839582, "epsilon": 0.3525407878662714, "gamma": 0.16943829334240243, "lamda": 1.971351607264789}, "datetime": {"datetime": "2021-06-21 19:19:28", "elapsed": 1455.256273, "delta": 2.052127}}
{"target": -10.941113180653373, "params": {"C": 7.765188883325856, "epsilon": 9.136177231084078, "gamma": 0.019299775446109516, "lamda": 0.17625282514406518}, "datetime": {"datetime": "2021-06-21 19:19:29", "elapsed": 1456.920276, "delta": 1.664003}}
{"target": -19.454470161255802, "params": {"C": 7.516126872004781, "epsilon": 9.248101652594288, "gamma": 0.6934040500181917, "lamda": 0.16641548685986016}, "datetime": {"datetime": "2021-06-21 19:19:31", "elapsed": 1458.716274, "delta": 1.795998}}
{"target": -35.22293977323003, "params": {"C": 9.689979061813915, "epsilon": 9.694979537271292, "gamma": 0.5822215577465285, "lamda": 3.4377305375460256}, "datetime": {"datetime": "2021-06-21 19:19:47", "elapsed": 1474.977322, "delta": 16.261048}}
{"target": -21.74510595436633, "params": {"C": 8.692467967053066, "epsilon": 4.010319195865205, "gamma": 0.8780743294495656, "lamda": 5.6241504050624815}, "datetime": {"datetime": "2021-06-21 19:19:49", "elapsed": 1476.391845, "delta": 1.414523}}
{"target": -27.03197723248165, "params": {"C": 0.8580334361797889, "epsilon": 2.0251303647317687, "gamma": 1.202460829866248, "lamda": 2.5554909259091265}, "datetime": {"datetime": "2021-06-21 19:19:50", "elapsed": 1477.819397, "delta": 1.427552}}
{"target": -18.245744977966755, "params": {"C": 8.1433560783417, "epsilon": 9.065993212049378, "gamma": 0.5682660695216045, "lamda": 0.22117837223054232}, "datetime": {"datetime": "2021-06-21 19:19:53", "elapsed": 1480.235939, "delta": 2.416542}}
{"target": -19.74864429864339, "params": {"C": 8.524108431358147, "epsilon": 8.793528970487875, "gamma": 0.7365522697947735, "lamda": 0.37799282519492455}, "datetime": {"datetime": "2021-06-21 19:19:54", "elapsed": 1481.888268, "delta": 1.652329}}
{"target": -15.215869640463639, "params": {"C": 7.350008751868911, "epsilon": 9.459562939265906, "gamma": 0.35079708649491453, "lamda": 0.06851696159855883}, "datetime": {"datetime": "2021-06-21 19:19:56", "elapsed": 1483.933885, "delta": 2.045617}}
{"target": -32.932333511453436, "params": {"C": 1.9578958501178807, "epsilon": 6.394250947656573, "gamma": 2.5537338300785897, "lamda": 4.6052457165497795}, "datetime": {"datetime": "2021-06-21 19:20:12", "elapsed": 1499.565681, "delta": 15.631796}}
{"target": -12.70692442428268, "params": {"C": 8.830889149139104, "epsilon": 8.766965885175226, "gamma": 0.18147848570159547, "lamda": 0.3479662309970133}, "datetime": {"datetime": "2021-06-21 19:20:14", "elapsed": 1501.547414, "delta": 1.981733}}
{"target": -38.7839357838563, "params": {"C": 9.349699253930645, "epsilon": 4.97870938379924, "gamma": 0.2861344369877057, "lamda": 3.155098208295825}, "datetime": {"datetime": "2021-06-21 19:20:24", "elapsed": 1511.987414, "delta": 10.44}}
{"target": -33.38327910182135, "params": {"C": 5.428420245111268, "epsilon": 5.500701334875448, "gamma": 2.3575642043709606, "lamda": 7.481790153195461}, "datetime": {"datetime": "2021-06-21 19:20:40", "elapsed": 1527.844947, "delta": 15.857533}}
{"target": -14.857434966939723, "params": {"C": 9.238658511948245, "epsilon": 9.085150473326022, "gamma": 0.32414190379862057, "lamda": 0.4134368920755416}, "datetime": {"datetime": "2021-06-21 19:20:42", "elapsed": 1529.889948, "delta": 2.045001}}
{"target": -31.011844544007772, "params": {"C": 9.341409967135503, "epsilon": 0.03718538693232876, "gamma": 4.4993590614620365, "lamda": 3.638803381316792}, "datetime": {"datetime": "2021-06-21 19:20:44", "elapsed": 1531.537946, "delta": 1.647998}}
{"target": -32.326395392365605, "params": {"C": 4.480594768056278, "epsilon": 7.909463157503116, "gamma": 3.909330104727191, "lamda": 3.5986473232587306}, "datetime": {"datetime": "2021-06-21 19:21:01", "elapsed": 1548.798902, "delta": 17.260956}}
{"target": -16.206264238420086, "params": {"C": 8.333722591444642, "epsilon": 9.570355044394754, "gamma": 0.4102991867686243, "lamda": 0.12684832376665667}, "datetime": {"datetime": "2021-06-21 19:21:03", "elapsed": 1550.708894, "delta": 1.909992}}
{"target": -28.632098545417755, "params": {"C": 6.793466848788085, "epsilon": 3.7727468723116027, "gamma": 2.679672496803822, "lamda": 7.053209694041618}, "datetime": {"datetime": "2021-06-21 19:21:05", "elapsed": 1552.355773, "delta": 1.646879}}
{"target": -10.929862589174116, "params": {"C": 7.634120044927425, "epsilon": 8.670568095583443, "gamma": 0.07771139103163069, "lamda": 0.3060397403583053}, "datetime": {"datetime": "2021-06-21 19:21:07", "elapsed": 1554.713446, "delta": 2.357673}}
{"target": -35.07700260530909, "params": {"C": 8.416387128791557, "epsilon": 6.764379880195954, "gamma": 0.8598724153225056, "lamda": 3.9406906215622377}, "datetime": {"datetime": "2021-06-21 19:21:22", "elapsed": 1569.737635, "delta": 15.024189}}
{"target": -19.082165668735442, "params": {"C": 9.67012702895976, "epsilon": 9.528579711924092, "gamma": 0.6745222639988014, "lamda": 0.2650716613859847}, "datetime": {"datetime": "2021-06-21 19:21:24", "elapsed": 1571.868949, "delta": 2.131314}}
{"target": -11.116705849029692, "params": {"C": 9.947704527850682, "epsilon": 9.754144833163656, "gamma": 0.09878727366731066, "lamda": 0.05609476160119268}, "datetime": {"datetime": "2021-06-21 19:21:26", "elapsed": 1573.993945, "delta": 2.124996}}
{"target": -16.527642768615735, "params": {"C": 9.379953740199678, "epsilon": 9.23817667152389, "gamma": 0.4302719839719752, "lamda": 0.22694273122929814}, "datetime": {"datetime": "2021-06-21 19:21:28", "elapsed": 1575.730515, "delta": 1.73657}}
{"target": -33.62443802894541, "params": {"C": 4.145072267682139, "epsilon": 5.562890747974073, "gamma": 2.207738408762369, "lamda": 3.7279314814516655}, "datetime": {"datetime": "2021-06-21 19:21:43", "elapsed": 1591.011964, "delta": 15.281449}}
{"target": -16.935237457957452, "params": {"C": 16.008528112861775, "epsilon": 24.40648986884316, "gamma": 0.00011142604425275418, "lamda": 0.21170256758502462}, "datetime": {"datetime": "2021-06-21 21:53:01", "elapsed": 0.0, "delta": 0.0}}
{"target": -10.759035462713634, "params": {"C": 9.522141379610712, "epsilon": 11.846771895375955, "gamma": 0.018707395116629322, "lamda": 0.2419579528574291}, "datetime": {"datetime": "2021-06-21 21:53:02", "elapsed": 0.407964, "delta": 0.407964}}
{"target": -71.49808044135057, "params": {"C": 15.522419381536078, "epsilon": 20.776334680067137, "gamma": 0.04197753198888916, "lamda": 0.47968512832769195}, "datetime": {"datetime": "2021-06-21 21:53:11", "elapsed": 10.048029, "delta": 9.640065}}
{"target": -34.99808006826196, "params": {"C": 10.906853993556417, "epsilon": 27.562348727818907, "gamma": 0.002836020560472824, "lamda": 0.46936021037386366}, "datetime": {"datetime": "2021-06-21 21:53:22", "elapsed": 20.335936, "delta": 10.287907}}
{"target": -10.490839493182644, "params": {"C": 16.015315256811046, "epsilon": 21.173796568915034, "gamma": 0.014124655165663854, "lamda": 0.13875123221050664}, "datetime": {"datetime": "2021-06-21 21:53:22", "elapsed": 20.812305, "delta": 0.476369}}
{"target": -79.39677947014081, "params": {"C": 25.21786964821288, "epsilon": 29.36523151438795, "gamma": 0.03141107539810836, "lamda": 0.4846565987069529}, "datetime": {"datetime": "2021-06-21 21:53:32", "elapsed": 30.531181, "delta": 9.718876}}
{"target": -10.805254273195759, "params": {"C": 27.033339655104918, "epsilon": 27.892133270076947, "gamma": 0.008595916715840812, "lamda": 0.02743444278469436}, "datetime": {"datetime": "2021-06-21 21:53:32", "elapsed": 30.912671, "delta": 0.38149}}
{"target": -59.637793375735335, "params": {"C": 10.075930069549653, "epsilon": 27.56285006858826, "gamma": 0.009924848699921704, "lamda": 0.29483322674103596}, "datetime": {"datetime": "2021-06-21 21:53:41", "elapsed": 39.616735, "delta": 8.704064}}
{"target": -59.87903941767062, "params": {"C": 28.989348723612046, "epsilon": 20.66330569946034, "gamma": 0.06921852368365229, "lamda": 0.22092939014114343}, "datetime": {"datetime": "2021-06-21 21:53:50", "elapsed": 48.56162, "delta": 8.944885}}
{"target": -31.993363923743484, "params": {"C": 22.476022264358008, "epsilon": 26.692513437947458, "gamma": 0.0019269989066847614, "lamda": 0.5251260060299827}, "datetime": {"datetime": "2021-06-21 21:53:59", "elapsed": 57.500804, "delta": 8.939184}}
{"target": -61.50643869970849, "params": {"C": 6.185276543618905, "epsilon": 13.237218684253925, "gamma": 0.07096596651358285, "lamda": 0.5353393276082214}, "datetime": {"datetime": "2021-06-21 21:54:13", "elapsed": 71.799697, "delta": 14.298893}}
{"target": -64.37859301577996, "params": {"C": 16.621375618931097, "epsilon": 18.26941415868134, "gamma": 0.05482571408398851, "lamda": 0.5209666869445078}, "datetime": {"datetime": "2021-06-21 21:54:28", "elapsed": 86.640688, "delta": 14.840991}}
{"target": -51.087292259602556, "params": {"C": 20.9612564706861, "epsilon": 14.464490732027496, "gamma": 0.09591355523761591, "lamda": 0.5632990419775032}, "datetime": {"datetime": "2021-06-21 21:54:37", "elapsed": 96.079217, "delta": 9.438529}}
{"target": -53.75568883659876, "params": {"C": 6.508950567663092, "epsilon": 26.157624792534424, "gamma": 0.09648906855620851, "lamda": 0.4914809117677925}, "datetime": {"datetime": "2021-06-21 21:54:53", "elapsed": 111.327751, "delta": 15.248534}}
{"target": -10.81306500903048, "params": {"C": 14.746060597618285, "epsilon": 10.44796222267119, "gamma": 0.015326193185055256, "lamda": 0.6800679145646638}, "datetime": {"datetime": "2021-06-21 21:54:53", "elapsed": 111.807209, "delta": 0.479458}}
{"target": -10.809414854416854, "params": {"C": 29.887204991244722, "epsilon": 16.503450117654225, "gamma": 0.08170491170064288, "lamda": 0.03133930665899037}, "datetime": {"datetime": "2021-06-21 21:54:54", "elapsed": 112.239432, "delta": 0.432223}}
{"target": -53.02800420636537, "params": {"C": 29.549551055485566, "epsilon": 15.408346569621445, "gamma": 0.08089762330516984, "lamda": 0.3126468765569671}, "datetime": {"datetime": "2021-06-21 21:55:02", "elapsed": 120.908087, "delta": 8.668655}}
{"target": -74.13680527532142, "params": {"C": 13.797018273576288, "epsilon": 22.71562832371588, "gamma": 0.04011046042515569, "lamda": 0.5261132044602317}, "datetime": {"datetime": "2021-06-21 21:55:11", "elapsed": 129.510808, "delta": 8.602721}}
{"target": -63.9230817598095, "params": {"C": 13.341869296090664, "epsilon": 23.533066080260532, "gamma": 0.05518303465467055, "lamda": 0.22116878173121277}, "datetime": {"datetime": "2021-06-21 21:55:23", "elapsed": 141.998025, "delta": 12.487217}}
{"target": -11.245889620134967, "params": {"C": 15.532428739694865, "epsilon": 13.883557928383858, "gamma": 0.00538031209884772, "lamda": 0.24153192662493972}, "datetime": {"datetime": "2021-06-21 21:55:24", "elapsed": 142.461024, "delta": 0.462999}}
{"target": -10.896359003638638, "params": {"C": 6.227127651806856, "epsilon": 21.004084669154757, "gamma": 0.01628262880304169, "lamda": 0.3345116595007946}, "datetime": {"datetime": "2021-06-21 21:55:24", "elapsed": 142.909984, "delta": 0.44896}}
{"target": -71.7994661533751, "params": {"C": 13.97646396631257, "epsilon": 19.69585013027256, "gamma": 0.041740948237964086, "lamda": 0.5745991123828021}, "datetime": {"datetime": "2021-06-21 21:55:33", "elapsed": 151.774388, "delta": 8.864404}}
{"target": -62.81167997507161, "params": {"C": 11.617369780825657, "epsilon": 18.940037113574547, "gamma": 0.05505596033323712, "lamda": 0.6644329629294649}, "datetime": {"datetime": "2021-06-21 21:55:48", "elapsed": 166.332957, "delta": 14.558569}}
{"target": -72.40138868843918, "params": {"C": 8.828905516393732, "epsilon": 21.01062191553357, "gamma": 0.04919736753187943, "lamda": 0.10225779652408476}, "datetime": {"datetime": "2021-06-21 21:56:03", "elapsed": 181.370687, "delta": 15.03773}}
{"target": -10.772558247526923, "params": {"C": 12.305285008392218, "epsilon": 10.436677106230672, "gamma": 0.01683023331083279, "lamda": 0.4491754164979928}, "datetime": {"datetime": "2021-06-21 21:56:03", "elapsed": 181.879653, "delta": 0.508966}}
{"target": -66.59152436943721, "params": {"C": 10.705951194318617, "epsilon": 18.00738226382676, "gamma": 0.05158130979303211, "lamda": 0.049153289035215826}, "datetime": {"datetime": "2021-06-21 21:56:12", "elapsed": 191.038856, "delta": 9.159203}}
{"target": -58.8274138363009, "params": {"C": 10.33892447226517, "epsilon": 15.435425889891594, "gamma": 0.08037370770342982, "lamda": 0.45366217666100683}, "datetime": {"datetime": "2021-06-21 21:56:26", "elapsed": 204.188292, "delta": 13.149436}}
{"target": -53.352434690000784, "params": {"C": 9.209111465890668, "epsilon": 20.156972171975404, "gamma": 0.08892142187847248, "lamda": 0.39705814868258354}, "datetime": {"datetime": "2021-06-21 21:56:40", "elapsed": 218.666013, "delta": 14.477721}}
{"target": -57.85554241596949, "params": {"C": 9.639283330069995, "epsilon": 14.085282418198437, "gamma": 0.06728031653548625, "lamda": 0.612380821407426}, "datetime": {"datetime": "2021-06-21 21:56:54", "elapsed": 232.13768, "delta": 13.471667}}
{"target": -12.536288601750654, "params": {"C": 25.63300677628009, "epsilon": 13.270534241539043, "gamma": 0.0016018184281454636, "lamda": 0.11277599714497195}, "datetime": {"datetime": "2021-06-21 21:56:54", "elapsed": 232.616151, "delta": 0.478471}}
{"target": -63.59796708490955, "params": {"C": 29.664232546505954, "epsilon": 24.166552797965622, "gamma": 0.05829305577735414, "lamda": 0.5223124835001133}, "datetime": {"datetime": "2021-06-21 21:57:08", "elapsed": 246.398389, "delta": 13.782238}}
{"target": -70.94520530662423, "params": {"C": 27.575976799956845, "epsilon": 19.044388976149968, "gamma": 0.03998156498332062, "lamda": 0.21813859364993823}, "datetime": {"datetime": "2021-06-21 21:57:16", "elapsed": 255.042103, "delta": 8.643714}}
{"target": -71.78459787042573, "params": {"C": 22.84082594819332, "epsilon": 17.684716616509903, "gamma": 0.026909698535103155, "lamda": 0.3424794467578872}, "datetime": {"datetime": "2021-06-21 21:57:26", "elapsed": 264.631327, "delta": 9.589224}}
