{"target": -34.31924042614874, "params": {"C": 77.46201978704414, "epsilon": 26.879975203824607, "gamma": 0.008296257117111884, "lamda": 0.033125603876321595}, "datetime": {"datetime": "2021-10-06 09:04:14", "elapsed": 63.286616, "delta": 0.633446}}
{"target": -34.02561318649177, "params": {"C": 161.170397256304, "epsilon": 33.51098497103943, "gamma": 0.03884933148506128, "lamda": 0.03976840171137366}, "datetime": {"datetime": "2021-10-06 09:04:15", "elapsed": 64.085928, "delta": 0.799312}}
{"target": -34.49383388492228, "params": {"C": 35.13640383483204, "epsilon": 44.13242943732739, "gamma": 0.07881525408686567, "lamda": 0.0790970028378755}, "datetime": {"datetime": "2021-10-06 09:04:16", "elapsed": 64.690634, "delta": 0.604706}}
{"target": -34.501648471703135, "params": {"C": 87.73892925087763, "epsilon": 35.96231327216797, "gamma": 0.05634541848328189, "lamda": 0.029604351372023118}, "datetime": {"datetime": "2021-10-06 09:04:17", "elapsed": 65.392546, "delta": 0.701912}}
{"target": -36.58179363130986, "params": {"C": 130.280575651841, "epsilon": 28.288563960839966, "gamma": 0.008814805650524692, "lamda": 0.14269894117059434}, "datetime": {"datetime": "2021-10-06 09:04:17", "elapsed": 65.951697, "delta": 0.559151}}
{"target": -34.69406397769154, "params": {"C": 105.46106072225197, "epsilon": 28.06143797407291, "gamma": 0.009239524711566645, "lamda": 0.0802056139883459}, "datetime": {"datetime": "2021-10-06 09:04:18", "elapsed": 66.560021, "delta": 0.608324}}
{"target": -35.8165691955641, "params": {"C": 87.4567757958532, "epsilon": 37.89511665933402, "gamma": 0.06743863237964282, "lamda": 0.005368496471701905}, "datetime": {"datetime": "2021-10-06 09:04:18", "elapsed": 67.200733, "delta": 0.640712}}
{"target": -34.153391141204764, "params": {"C": 93.05540743491244, "epsilon": 43.43983725143827, "gamma": 0.03127039541435636, "lamda": 0.0549342791182276}, "datetime": {"datetime": "2021-10-06 09:04:19", "elapsed": 67.825647, "delta": 0.624914}}
{"target": -34.49148436882582, "params": {"C": 78.00816122250235, "epsilon": 40.42445189922604, "gamma": 0.07669051238592382, "lamda": 0.056750630429054344}, "datetime": {"datetime": "2021-10-06 09:04:20", "elapsed": 68.449598, "delta": 0.623951}}
{"target": -34.78570044700942, "params": {"C": 83.07131090612131, "epsilon": 30.237353714129288, "gamma": 0.05117816282754554, "lamda": 0.13937196203083468}, "datetime": {"datetime": "2021-10-06 09:04:20", "elapsed": 69.16924, "delta": 0.719642}}
{"target": -36.70058912388194, "params": {"C": 107.31306788150863, "epsilon": 34.61051532041084, "gamma": 0.09833928540387439, "lamda": 0.0053499909480701265}, "datetime": {"datetime": "2021-10-06 09:04:21", "elapsed": 69.771356, "delta": 0.602116}}
{"target": -35.01773872249068, "params": {"C": 112.11254579128499, "epsilon": 30.344913180376643, "gamma": 0.06260133761610165, "lamda": 0.013146976058565369}, "datetime": {"datetime": "2021-10-06 09:04:22", "elapsed": 70.417666, "delta": 0.64631}}
{"target": -34.27066175043499, "params": {"C": 76.95711937960947, "epsilon": 30.76083384103996, "gamma": 0.03086236881208012, "lamda": 0.11669777734729447}, "datetime": {"datetime": "2021-10-06 09:04:22", "elapsed": 70.995055, "delta": 0.577389}}
{"target": -33.80702391724712, "params": {"C": 67.35892687029451, "epsilon": 34.97798586668314, "gamma": 0.032348360265087486, "lamda": 0.08288345187578232}, "datetime": {"datetime": "2021-10-06 09:04:23", "elapsed": 71.697253, "delta": 0.702198}}
{"target": -37.350474094663596, "params": {"C": 1.7042607383920763, "epsilon": 46.66377447380529, "gamma": 0.08575872877908337, "lamda": 0.03810490717682584}, "datetime": {"datetime": "2021-10-06 09:04:24", "elapsed": 72.456712, "delta": 0.759459}}
{"target": -35.18229634133008, "params": {"C": 20.48032162512603, "epsilon": 41.267986231631994, "gamma": 0.007943095349491924, "lamda": 0.14556792002211225}, "datetime": {"datetime": "2021-10-06 09:04:24", "elapsed": 73.20004, "delta": 0.743328}}
{"target": -37.41194869933625, "params": {"C": 3.0595754240294766, "epsilon": 33.54079773610004, "gamma": 0.018320552370553224, "lamda": 0.0054665613012053116}, "datetime": {"datetime": "2021-10-06 09:04:25", "elapsed": 73.978264, "delta": 0.778224}}
{"target": -34.07187998348289, "params": {"C": 196.08372737982617, "epsilon": 30.83837398727408, "gamma": 0.025045455531795262, "lamda": 0.09903104531084232}, "datetime": {"datetime": "2021-10-06 09:04:26", "elapsed": 74.581198, "delta": 0.602934}}
{"target": -34.55139004016826, "params": {"C": 42.74792440234563, "epsilon": 29.67610597157857, "gamma": 0.06580982592850253, "lamda": 0.055120800336997025}, "datetime": {"datetime": "2021-10-06 09:04:26", "elapsed": 75.182785, "delta": 0.601587}}
{"target": -34.2740812063895, "params": {"C": 173.48107620076718, "epsilon": 40.08998629172121, "gamma": 0.06959795592575253, "lamda": 0.0797736432765278}, "datetime": {"datetime": "2021-10-06 09:04:27", "elapsed": 75.940404, "delta": 0.757619}}
{"target": -34.15328434960737, "params": {"C": 121.91027799258913, "epsilon": 42.493245655292924, "gamma": 0.05211290878352471, "lamda": 0.06914095223713354}, "datetime": {"datetime": "2021-10-06 09:04:28", "elapsed": 76.607987, "delta": 0.667583}}
{"target": -35.20630324718695, "params": {"C": 134.01539157956793, "epsilon": 35.63628697653556, "gamma": 0.009091534577674597, "lamda": 0.13926117579984013}, "datetime": {"datetime": "2021-10-06 09:04:28", "elapsed": 77.22474, "delta": 0.616753}}
{"target": -33.96496056092128, "params": {"C": 164.84669269998145, "epsilon": 35.66787611506244, "gamma": 0.022449355002497687, "lamda": 0.12723407223276623}, "datetime": {"datetime": "2021-10-06 09:04:29", "elapsed": 77.970595, "delta": 0.745855}}
{"target": -34.273884345827646, "params": {"C": 199.09224044232366, "epsilon": 28.917038358423223, "gamma": 0.04064059086952879, "lamda": 0.07699958906594226}, "datetime": {"datetime": "2021-10-06 09:04:30", "elapsed": 78.82095, "delta": 0.850355}}
{"target": -34.06892854925502, "params": {"C": 92.09398586003897, "epsilon": 44.85485310235096, "gamma": 0.033420642007827836, "lamda": 0.14128653578205086}, "datetime": {"datetime": "2021-10-06 09:04:31", "elapsed": 79.488185, "delta": 0.667235}}
{"target": -34.082101426205, "params": {"C": 150.3662779123742, "epsilon": 35.92584208520313, "gamma": 0.053811199550424633, "lamda": 0.1097923545200409}, "datetime": {"datetime": "2021-10-06 09:04:31", "elapsed": 80.094254, "delta": 0.606069}}
{"target": -34.6634006188331, "params": {"C": 56.46313479680963, "epsilon": 34.048677789664325, "gamma": 0.04329634996150774, "lamda": 0.009571618555363575}, "datetime": {"datetime": "2021-10-06 09:04:32", "elapsed": 80.794196, "delta": 0.699942}}
{"target": -33.893752486915204, "params": {"C": 45.49729251963595, "epsilon": 41.0084317142592, "gamma": 0.028937362560039495, "lamda": 0.10240264044367768}, "datetime": {"datetime": "2021-10-06 09:04:33", "elapsed": 81.421342, "delta": 0.627146}}
{"target": -35.19909174499766, "params": {"C": 153.52862841197933, "epsilon": 38.41962224834377, "gamma": 0.008389747698871656, "lamda": 0.1445679778425704}, "datetime": {"datetime": "2021-10-06 09:04:33", "elapsed": 82.053524, "delta": 0.632182}}
{"target": -34.3588596581125, "params": {"C": 105.76605724300902, "epsilon": 42.844261085146954, "gamma": 0.0766347868629997, "lamda": 0.12027747979487276}, "datetime": {"datetime": "2021-10-06 09:04:34", "elapsed": 82.791358, "delta": 0.737834}}
{"target": -34.661287419611305, "params": {"C": 147.4895236350277, "epsilon": 35.542553317005776, "gamma": 0.08966204061008895, "lamda": 0.11178908172591843}, "datetime": {"datetime": "2021-10-06 09:04:35", "elapsed": 83.562491, "delta": 0.771133}}
{"target": -34.89896105714404, "params": {"C": 84.98632477124964, "epsilon": 31.54555370355108, "gamma": 0.0740467154026441, "lamda": 0.1401578380616711}, "datetime": {"datetime": "2021-10-06 09:04:35", "elapsed": 84.276776, "delta": 0.714285}}
{"target": -34.056858926878206, "params": {"C": 167.82241340276644, "epsilon": 43.98756613167142, "gamma": 0.028146682188372123, "lamda": 0.1463024911399414}, "datetime": {"datetime": "2021-10-06 09:04:36", "elapsed": 85.179077, "delta": 0.902301}}
{"target": -34.614656015559106, "params": {"C": 157.60100277779912, "epsilon": 42.58538431753317, "gamma": 0.056508429446062644, "lamda": 0.02957338644030688}, "datetime": {"datetime": "2021-10-06 09:04:37", "elapsed": 85.907862, "delta": 0.728785}}
{"target": -37.043188022486156, "params": {"C": 2.0662023789808144, "epsilon": 46.90252443650628, "gamma": 0.03098829354958326, "lamda": 0.10860480432195267}, "datetime": {"datetime": "2021-10-06 09:04:38", "elapsed": 86.725997, "delta": 0.818135}}
{"target": -33.902923701908826, "params": {"C": 82.06032690739997, "epsilon": 36.84942377768129, "gamma": 0.017775134479200982, "lamda": 0.031285112400696084}, "datetime": {"datetime": "2021-10-06 09:04:39", "elapsed": 87.74304, "delta": 1.017043}}
{"target": -34.15380370237455, "params": {"C": 192.26303760245727, "epsilon": 44.88323301984481, "gamma": 0.050865398600890344, "lamda": 0.14979750510335182}, "datetime": {"datetime": "2021-10-06 09:04:40", "elapsed": 88.608668, "delta": 0.865628}}
{"target": -33.94215889168297, "params": {"C": 129.95063601329053, "epsilon": 42.455782600415176, "gamma": 0.03586888765177707, "lamda": 0.12942107219439147}, "datetime": {"datetime": "2021-10-06 09:04:41", "elapsed": 89.406153, "delta": 0.797485}}
{"target": -34.05808530066729, "params": {"C": 40.83483120767308, "epsilon": 35.30832674732952, "gamma": 0.05120750773742971, "lamda": 0.1103064554077379}, "datetime": {"datetime": "2021-10-06 09:04:41", "elapsed": 90.26509, "delta": 0.858937}}
{"target": -35.01025890031986, "params": {"C": 198.5908045855776, "epsilon": 26.459715101959723, "gamma": 0.05100655395487292, "lamda": 0.11697459371941242}, "datetime": {"datetime": "2021-10-06 09:04:42", "elapsed": 91.07416, "delta": 0.80907}}
{"target": -33.769264987871004, "params": {"C": 82.5239983122016, "epsilon": 34.33754667540316, "gamma": 0.027074620587264654, "lamda": 0.07456081994911018}, "datetime": {"datetime": "2021-10-06 09:04:43", "elapsed": 92.23155, "delta": 1.15739}}
{"target": -34.246931277292056, "params": {"C": 169.0302022445896, "epsilon": 41.49785784463346, "gamma": 0.06929064510636662, "lamda": 0.09584194311329156}, "datetime": {"datetime": "2021-10-06 09:04:44", "elapsed": 92.946371, "delta": 0.714821}}
{"target": -34.535953144693835, "params": {"C": 54.05345489490869, "epsilon": 28.566161094140945, "gamma": 0.0070575493869113656, "lamda": 0.030836197563452145}, "datetime": {"datetime": "2021-10-06 09:04:45", "elapsed": 93.684398, "delta": 0.738027}}
{"target": -35.89308968338082, "params": {"C": 41.41354549289761, "epsilon": 26.008015533352243, "gamma": 0.0083959360689853, "lamda": 0.10300414908979859}, "datetime": {"datetime": "2021-10-06 09:04:45", "elapsed": 94.381837, "delta": 0.697439}}
{"target": -34.04818971935249, "params": {"C": 165.03231644675603, "epsilon": 34.51304663129533, "gamma": 0.03998942273651289, "lamda": 0.03343502391015785}, "datetime": {"datetime": "2021-10-06 09:04:46", "elapsed": 95.163915, "delta": 0.782078}}
{"target": -34.21300035332664, "params": {"C": 53.89628046512973, "epsilon": 43.38684174916763, "gamma": 0.06379684312245479, "lamda": 0.1035712326764}, "datetime": {"datetime": "2021-10-06 09:04:47", "elapsed": 95.944234, "delta": 0.780319}}
{"target": -33.92325546767424, "params": {"C": 154.60637537742505, "epsilon": 38.69482287785326, "gamma": 0.043257487938344975, "lamda": 0.08929037168434707}, "datetime": {"datetime": "2021-10-06 09:04:48", "elapsed": 96.634536, "delta": 0.690302}}
{"target": -34.98179699145556, "params": {"C": 67.62386700681984, "epsilon": 34.78736106743396, "gamma": 0.008649543740928552, "lamda": 0.11976503167282634}, "datetime": {"datetime": "2021-10-06 09:04:49", "elapsed": 97.838158, "delta": 1.203622}}
{"target": -34.720235694901156, "params": {"C": 174.72258723346536, "epsilon": 28.18198022347189, "gamma": 0.014109159725121636, "lamda": 0.10535932990200861}, "datetime": {"datetime": "2021-10-06 09:04:50", "elapsed": 98.60798, "delta": 0.769822}}
{"target": -34.35632206870231, "params": {"C": 117.69766316482794, "epsilon": 37.19429832675851, "gamma": 0.015030152876266242, "lamda": 0.13547644795436417}, "datetime": {"datetime": "2021-10-06 09:04:50", "elapsed": 99.328103, "delta": 0.720123}}
{"target": -34.03474071392641, "params": {"C": 77.91960761858633, "epsilon": 41.87162219774686, "gamma": 0.022375154263223222, "lamda": 0.11492201435010613}, "datetime": {"datetime": "2021-10-06 09:04:51", "elapsed": 100.121847, "delta": 0.793744}}
{"target": -34.74904919677117, "params": {"C": 196.05575160270362, "epsilon": 36.10277320962173, "gamma": 0.004019094918974179, "lamda": 0.02306442884262434}, "datetime": {"datetime": "2021-10-06 09:04:52", "elapsed": 100.933543, "delta": 0.811696}}
{"target": -35.21702242154564, "params": {"C": 80.00723421543542, "epsilon": 38.4942858453245, "gamma": 0.0607590104512072, "lamda": 0.009370012373679258}, "datetime": {"datetime": "2021-10-06 09:04:53", "elapsed": 101.980323, "delta": 1.04678}}
{"target": -34.068220290636035, "params": {"C": 82.75591319666566, "epsilon": 34.18236829433707, "gamma": 0.05051808942733534, "lamda": 0.08195783436133099}, "datetime": {"datetime": "2021-10-06 09:04:54", "elapsed": 102.899965, "delta": 0.919642}}
{"target": -36.011144582733884, "params": {"C": 64.53244961651112, "epsilon": 28.104260056483845, "gamma": 0.0952409342727317, "lamda": 0.13828809548252322}, "datetime": {"datetime": "2021-10-06 09:04:55", "elapsed": 103.778108, "delta": 0.878143}}
{"target": -34.54680274649108, "params": {"C": 16.13203131298895, "epsilon": 40.318696825817575, "gamma": 0.014306581590012945, "lamda": 0.04140901327742939}, "datetime": {"datetime": "2021-10-06 09:04:56", "elapsed": 104.563015, "delta": 0.784907}}
{"target": -34.807463348414956, "params": {"C": 81.7918622172232, "epsilon": 37.25671574445381, "gamma": 0.0046353527125544206, "lamda": 0.06118546907413766}, "datetime": {"datetime": "2021-10-06 09:04:57", "elapsed": 105.774751, "delta": 1.211736}}
{"target": -35.097599775215365, "params": {"C": 57.08294683047025, "epsilon": 28.282531096295287, "gamma": 0.0630574038588913, "lamda": 0.010004557787201582}, "datetime": {"datetime": "2021-10-06 09:04:58", "elapsed": 106.600984, "delta": 0.826233}}
{"target": -34.337740656362655, "params": {"C": 52.672506994506605, "epsilon": 31.53321124056887, "gamma": 0.01453982338633641, "lamda": 0.008252236618849575}, "datetime": {"datetime": "2021-10-06 09:04:59", "elapsed": 107.398566, "delta": 0.797582}}
{"target": -34.2295751054648, "params": {"C": 115.43867134249136, "epsilon": 35.339393384125174, "gamma": 0.06218198284883282, "lamda": 0.07480586690536939}, "datetime": {"datetime": "2021-10-06 09:04:59", "elapsed": 108.108069, "delta": 0.709503}}
{"target": -34.76165384467399, "params": {"C": 154.99460034432852, "epsilon": 28.34155779314706, "gamma": 0.0589920268353065, "lamda": 0.023803589403276364}, "datetime": {"datetime": "2021-10-06 09:05:00", "elapsed": 108.8354, "delta": 0.727331}}
{"target": -34.275694587427985, "params": {"C": 67.50260826413425, "epsilon": 35.317274939992174, "gamma": 0.06409946381252739, "lamda": 0.1131137406777789}, "datetime": {"datetime": "2021-10-06 09:05:01", "elapsed": 110.08065, "delta": 1.24525}}
{"target": -35.007434574385, "params": {"C": 183.16357508192112, "epsilon": 31.492188778156507, "gamma": 0.09611102053649546, "lamda": 0.05742410997995609}, "datetime": {"datetime": "2021-10-06 09:05:02", "elapsed": 110.900587, "delta": 0.819937}}
{"target": -34.32060697885625, "params": {"C": 67.92935144487585, "epsilon": 35.18722288083273, "gamma": 0.06785592004451509, "lamda": 0.07881313283259958}, "datetime": {"datetime": "2021-10-06 09:05:03", "elapsed": 112.003354, "delta": 1.102767}}
{"target": -34.43086484746693, "params": {"C": 95.74801082595468, "epsilon": 43.658122356458236, "gamma": 0.07822768879260308, "lamda": 0.08289455618798403}, "datetime": {"datetime": "2021-10-06 09:05:04", "elapsed": 112.829691, "delta": 0.826337}}
{"target": -35.24101421955933, "params": {"C": 80.728409761258, "epsilon": 28.643637050368262, "gamma": 0.0989352400818801, "lamda": 0.07897351094461573}, "datetime": {"datetime": "2021-10-06 09:05:05", "elapsed": 113.62169, "delta": 0.791999}}
{"target": -34.71153940391407, "params": {"C": 99.12149499480006, "epsilon": 38.41969079847744, "gamma": 0.05561247566923774, "lamda": 0.01749741873273569}, "datetime": {"datetime": "2021-10-06 09:05:06", "elapsed": 114.938839, "delta": 1.317149}}
{"target": -34.04227595255645, "params": {"C": 38.21312019624284, "epsilon": 37.54932309472113, "gamma": 0.0536384298616132, "lamda": 0.10854772333882008}, "datetime": {"datetime": "2021-10-06 09:05:07", "elapsed": 115.826937, "delta": 0.888098}}
{"target": -36.06034475929608, "params": {"C": 86.35799657760384, "epsilon": 28.657073250041616, "gamma": 0.09817472173184712, "lamda": 0.14394454331965606}, "datetime": {"datetime": "2021-10-06 09:05:08", "elapsed": 116.641274, "delta": 0.814337}}
{"target": -34.582082198377776, "params": {"C": 82.26814485898004, "epsilon": 34.08767740235057, "gamma": 0.08289755553699081, "lamda": 0.0806309299619099}, "datetime": {"datetime": "2021-10-06 09:05:09", "elapsed": 117.933886, "delta": 1.292612}}
{"target": -35.62202221136739, "params": {"C": 80.43004757257972, "epsilon": 49.73047171563104, "gamma": 0.0049724345700425734, "lamda": 0.0419107058466003}, "datetime": {"datetime": "2021-10-06 09:05:10", "elapsed": 118.840303, "delta": 0.906417}}
{"target": -35.20753142598455, "params": {"C": 158.38547843087053, "epsilon": 26.241790402973358, "gamma": 0.07215156506450364, "lamda": 0.10226205171483747}, "datetime": {"datetime": "2021-10-06 09:05:11", "elapsed": 119.729694, "delta": 0.889391}}
{"target": -33.78362655036828, "params": {"C": 68.3494849430645, "epsilon": 38.48361990143947, "gamma": 0.02956100463382684, "lamda": 0.1105236378516125}, "datetime": {"datetime": "2021-10-06 09:05:12", "elapsed": 120.470793, "delta": 0.741099}}
{"target": -34.6528176939761, "params": {"C": 48.141198319237496, "epsilon": 33.29104909477064, "gamma": 0.08298228612997392, "lamda": 0.10662731111451434}, "datetime": {"datetime": "2021-10-06 09:05:12", "elapsed": 121.24305, "delta": 0.772257}}
{"target": -33.81443438778209, "params": {"C": 80.2731123072438, "epsilon": 38.93812244537529, "gamma": 0.02340852875096433, "lamda": 0.08049944419761516}, "datetime": {"datetime": "2021-10-06 09:05:14", "elapsed": 122.717783, "delta": 1.474733}}
{"target": -34.676380735868875, "params": {"C": 117.11176132936679, "epsilon": 29.995608810638423, "gamma": 0.02252988205503069, "lamda": 0.12923935923500438}, "datetime": {"datetime": "2021-10-06 09:05:15", "elapsed": 123.52927, "delta": 0.811487}}
{"target": -34.81848430705172, "params": {"C": 56.93743157581633, "epsilon": 46.88102660165725, "gamma": 0.09965084684409506, "lamda": 0.09019309522110582}, "datetime": {"datetime": "2021-10-06 09:05:16", "elapsed": 124.524279, "delta": 0.995009}}
{"target": -34.49910171540431, "params": {"C": 119.9602153999367, "epsilon": 47.69238930536547, "gamma": 0.024377629063498933, "lamda": 0.018240309661351626}, "datetime": {"datetime": "2021-10-06 09:05:17", "elapsed": 125.579585, "delta": 1.055306}}
{"target": -33.80017980753281, "params": {"C": 38.202542088803455, "epsilon": 35.74205773614208, "gamma": 0.02367729254419583, "lamda": 0.06825139849998929}, "datetime": {"datetime": "2021-10-06 09:05:18", "elapsed": 126.654076, "delta": 1.074491}}
{"target": -34.938706346514515, "params": {"C": 77.71062491267453, "epsilon": 36.88770239185834, "gamma": 0.07873507398727365, "lamda": 0.035035028765056694}, "datetime": {"datetime": "2021-10-06 09:05:19", "elapsed": 127.837744, "delta": 1.183668}}
{"target": -34.7981759515805, "params": {"C": 25.0738038930171, "epsilon": 28.69329706920647, "gamma": 0.054087975181341924, "lamda": 0.00806511554651609}, "datetime": {"datetime": "2021-10-06 09:05:20", "elapsed": 128.727705, "delta": 0.889961}}
{"target": -34.43730958822177, "params": {"C": 12.152659785839154, "epsilon": 37.90771992346009, "gamma": 0.06871865846526942, "lamda": 0.0873450070249976}, "datetime": {"datetime": "2021-10-06 09:05:21", "elapsed": 129.602831, "delta": 0.875126}}
{"target": -33.936216553440694, "params": {"C": 80.19825224310011, "epsilon": 39.3424706207072, "gamma": 0.044537404429750974, "lamda": 0.08909270599349937}, "datetime": {"datetime": "2021-10-06 09:05:22", "elapsed": 130.892379, "delta": 1.289548}}
{"target": -34.67761446518118, "params": {"C": 130.91510491792337, "epsilon": 47.57894699278519, "gamma": 0.0586271654977248, "lamda": 0.06736392015370367}, "datetime": {"datetime": "2021-10-06 09:05:23", "elapsed": 131.805955, "delta": 0.913576}}
{"target": -35.7397980655821, "params": {"C": 22.04527951028153, "epsilon": 45.40212128034995, "gamma": 0.07332499616144841, "lamda": 0.0021592423186033967}, "datetime": {"datetime": "2021-10-06 09:05:24", "elapsed": 132.790375, "delta": 0.98442}}
{"target": -35.29883836689015, "params": {"C": 45.970274821827054, "epsilon": 28.208420137422713, "gamma": 0.095402020783355, "lamda": 0.035022610244780615}, "datetime": {"datetime": "2021-10-06 09:05:25", "elapsed": 133.711426, "delta": 0.921051}}
{"target": -34.874922435972266, "params": {"C": 82.30049573566095, "epsilon": 36.89869476921048, "gamma": 0.010865657816209861, "lamda": 0.14242388613947113}, "datetime": {"datetime": "2021-10-06 09:05:26", "elapsed": 134.979346, "delta": 1.26792}}
{"target": -34.340148073921064, "params": {"C": 68.04683935600801, "epsilon": 38.3709779119966, "gamma": 0.0745381125913308, "lamda": 0.09604048231152425}, "datetime": {"datetime": "2021-10-06 09:05:27", "elapsed": 136.290315, "delta": 1.310969}}
