{"target": -33.430251070934, "params": {"C": 349.5897618860686, "epsilon": 34.931996921787515, "gamma": 0.05101498373173642, "lamda": 0.07588661201476532}, "datetime": {"datetime": "2021-10-06 09:17:32", "elapsed": 248.294173, "delta": 1.747906}}
{"target": -34.85123031029013, "params": {"C": 215.2287324335347, "epsilon": 37.81835833561523, "gamma": 0.07923325223044045, "lamda": 0.020618617257742344}, "datetime": {"datetime": "2021-10-06 09:17:34", "elapsed": 249.729502, "delta": 1.435329}}
{"target": -33.51758343277345, "params": {"C": 364.5003191625183, "epsilon": 37.218734620991334, "gamma": 0.027400167668301452, "lamda": 0.19183126087101632}, "datetime": {"datetime": "2021-10-06 09:17:35", "elapsed": 251.516637, "delta": 1.787135}}
{"target": -33.352265348430684, "params": {"C": 391.6705848771236, "epsilon": 33.07681471823573, "gamma": 0.036181585057840485, "lamda": 0.1187124012410772}, "datetime": {"datetime": "2021-10-06 09:17:37", "elapsed": 252.809848, "delta": 1.293211}}
{"target": -33.759448138353704, "params": {"C": 295.50788593126777, "epsilon": 38.8561569336413, "gamma": 0.06215842463956838, "lamda": 0.13567305767523447}, "datetime": {"datetime": "2021-10-06 09:17:38", "elapsed": 254.503724, "delta": 1.693876}}
{"target": -33.467748585014526, "params": {"C": 227.8811927165503, "epsilon": 33.97457093928526, "gamma": 0.05115143296180242, "lamda": 0.07987108408702999}, "datetime": {"datetime": "2021-10-06 09:17:40", "elapsed": 255.821257, "delta": 1.317533}}
{"target": -33.22009095620204, "params": {"C": 384.9078193246295, "epsilon": 31.52674324007422, "gamma": 0.029616901541787637, "lamda": 0.10232683784996997}, "datetime": {"datetime": "2021-10-06 09:17:41", "elapsed": 257.148363, "delta": 1.327106}}
{"target": -33.102921493258854, "params": {"C": 236.83773932054257, "epsilon": 38.51969986483277, "gamma": 0.019842314644331022, "lamda": 0.1261891605462561}, "datetime": {"datetime": "2021-10-06 09:17:43", "elapsed": 259.347333, "delta": 2.19897}}
{"target": -33.020351544372346, "params": {"C": 378.4378173658365, "epsilon": 37.29049573067355, "gamma": 0.02574854867371322, "lamda": 0.0755324833077763}, "datetime": {"datetime": "2021-10-06 09:17:45", "elapsed": 261.514593, "delta": 2.16726}}
{"target": -33.48813867454521, "params": {"C": 323.56270687427127, "epsilon": 38.26701072135741, "gamma": 0.049492638601221293, "lamda": 0.13668289263967773}, "datetime": {"datetime": "2021-10-06 09:17:47", "elapsed": 262.948658, "delta": 1.434065}}
{"target": -33.8755119776414, "params": {"C": 353.9544875288584, "epsilon": 34.1108653556995, "gamma": 0.05129777136925985, "lamda": 0.1539717693659502}, "datetime": {"datetime": "2021-10-06 09:17:48", "elapsed": 264.495752, "delta": 1.547094}}
{"target": -33.08800305681086, "params": {"C": 317.65545693874475, "epsilon": 37.89177421121728, "gamma": 0.012452111869898632, "lamda": 0.13842875710124164}, "datetime": {"datetime": "2021-10-06 09:17:50", "elapsed": 266.40958, "delta": 1.913828}}
{"target": -33.3808821773106, "params": {"C": 207.06669886353333, "epsilon": 34.995433249715575, "gamma": 0.04110243461757911, "lamda": 0.1207084824703954}, "datetime": {"datetime": "2021-10-06 09:17:52", "elapsed": 267.969292, "delta": 1.559712}}
{"target": -33.452431807464315, "params": {"C": 335.44053521299713, "epsilon": 36.58330534259885, "gamma": 0.04463231751378313, "lamda": 0.13431423518951974}, "datetime": {"datetime": "2021-10-06 09:17:53", "elapsed": 269.4428, "delta": 1.473508}}
{"target": -33.89476832746562, "params": {"C": 277.2372663146324, "epsilon": 30.25440943355973, "gamma": 0.05920802020464983, "lamda": 0.08325809546272459}, "datetime": {"datetime": "2021-10-06 09:17:55", "elapsed": 270.799816, "delta": 1.357016}}
{"target": -34.2502995051233, "params": {"C": 309.1491252727693, "epsilon": 38.11536826933387, "gamma": 0.0780497490098978, "lamda": 0.15348851889288764}, "datetime": {"datetime": "2021-10-06 09:17:56", "elapsed": 272.150313, "delta": 1.350497}}
{"target": -33.59072852962998, "params": {"C": 270.55583546294986, "epsilon": 37.406775098811174, "gamma": 0.047646124146342776, "lamda": 0.1507434202812975}, "datetime": {"datetime": "2021-10-06 09:17:58", "elapsed": 274.024785, "delta": 1.874472}}
{"target": -33.04213336345554, "params": {"C": 338.1258157470196, "epsilon": 33.49905093781733, "gamma": 0.01052724401043696, "lamda": 0.10594733337467714}, "datetime": {"datetime": "2021-10-06 09:17:59", "elapsed": 275.391767, "delta": 1.366982}}
{"target": -33.58743641359484, "params": {"C": 245.5005662767855, "epsilon": 38.877043957250386, "gamma": 0.035076006065380666, "lamda": 0.19441855901622018}, "datetime": {"datetime": "2021-10-06 09:18:01", "elapsed": 277.180057, "delta": 1.78829}}
{"target": -33.15907358103009, "params": {"C": 371.1516895393553, "epsilon": 31.22571738114159, "gamma": 0.02887271202579859, "lamda": 0.030498557711844}, "datetime": {"datetime": "2021-10-06 09:18:02", "elapsed": 278.582855, "delta": 1.402798}}
{"target": -33.261279196079826, "params": {"C": 375.18862953651893, "epsilon": 36.986345489331434, "gamma": 0.021762275604464105, "lamda": 0.15032511392340328}, "datetime": {"datetime": "2021-10-06 09:18:04", "elapsed": 280.036256, "delta": 1.453401}}
{"target": -33.21948488532828, "params": {"C": 302.82605165512007, "epsilon": 36.32430060507204, "gamma": 0.01943589370370275, "lamda": 0.142381528143235}, "datetime": {"datetime": "2021-10-06 09:18:05", "elapsed": 281.49777, "delta": 1.461514}}
{"target": -33.408586896012324, "params": {"C": 373.9171559649329, "epsilon": 37.541993017275416, "gamma": 0.05436140964380061, "lamda": 0.056504213980060475}, "datetime": {"datetime": "2021-10-06 09:18:07", "elapsed": 282.930387, "delta": 1.432617}}
{"target": -33.796731925359516, "params": {"C": 376.7629460538184, "epsilon": 34.65490159148722, "gamma": 0.06421798588890325, "lamda": 0.08672357368712855}, "datetime": {"datetime": "2021-10-06 09:18:08", "elapsed": 284.348175, "delta": 1.417788}}
{"target": -35.06642609125474, "params": {"C": 379.3231914630718, "epsilon": 38.482289807752665, "gamma": 0.03357623600413533, "lamda": 0.0018851800757496999}, "datetime": {"datetime": "2021-10-06 09:18:10", "elapsed": 285.839326, "delta": 1.491151}}
{"target": -34.15105951370144, "params": {"C": 255.17735244230767, "epsilon": 31.448232970481683, "gamma": 0.007426691734205055, "lamda": 0.17465667929592663}, "datetime": {"datetime": "2021-10-06 09:18:12", "elapsed": 287.676916, "delta": 1.83759}}
{"target": -32.98418777242594, "params": {"C": 207.9565337969449, "epsilon": 38.50418602760493, "gamma": 0.03328363106713415, "lamda": 0.03939509655094878}, "datetime": {"datetime": "2021-10-06 09:18:13", "elapsed": 289.326593, "delta": 1.649677}}
{"target": -34.33275319782592, "params": {"C": 385.6946612469884, "epsilon": 36.843394578112644, "gamma": 0.0642514904825078, "lamda": 0.19870683173895656}, "datetime": {"datetime": "2021-10-06 09:18:15", "elapsed": 291.523458, "delta": 2.196865}}
{"target": -43.0902845143672, "params": {"C": 247.4549431751391, "epsilon": 37.67365923502473, "gamma": 0.00012595810327656145, "lamda": 0.09801864583127472}, "datetime": {"datetime": "2021-10-06 09:18:17", "elapsed": 293.227486, "delta": 1.704028}}
{"target": -34.24012436468069, "params": {"C": 232.79699635532157, "epsilon": 30.84628523718997, "gamma": 0.07343278275826731, "lamda": 0.06919660279195451}, "datetime": {"datetime": "2021-10-06 09:18:19", "elapsed": 295.013114, "delta": 1.785628}}
{"target": -33.272593509347956, "params": {"C": 338.1333424906394, "epsilon": 38.63251510963554, "gamma": 0.017528924179851413, "lamda": 0.16723174330160595}, "datetime": {"datetime": "2021-10-06 09:18:20", "elapsed": 296.586125, "delta": 1.573011}}
{"target": -33.9121277550553, "params": {"C": 285.38132568912687, "epsilon": 34.97673085640866, "gamma": 0.04231281987489626, "lamda": 0.1885266926061777}, "datetime": {"datetime": "2021-10-06 09:18:22", "elapsed": 298.265924, "delta": 1.679799}}
{"target": -34.653186679236626, "params": {"C": 359.2066399421312, "epsilon": 31.275090771178334, "gamma": 0.06497610694163815, "lamda": 0.1603387956719861}, "datetime": {"datetime": "2021-10-06 09:18:24", "elapsed": 299.931635, "delta": 1.665711}}
{"target": -33.71374141846419, "params": {"C": 357.0585299430648, "epsilon": 32.15101790053219, "gamma": 0.056121177308433336, "lamda": 0.03417451985497736}, "datetime": {"datetime": "2021-10-06 09:18:25", "elapsed": 301.491871, "delta": 1.560236}}
{"target": -33.64623840029708, "params": {"C": 374.714141965199, "epsilon": 33.507985285506656, "gamma": 0.028843519040894005, "lamda": 0.17224740965313842}, "datetime": {"datetime": "2021-10-06 09:18:27", "elapsed": 303.178459, "delta": 1.686588}}
{"target": -33.03746654968788, "params": {"C": 319.2454742740557, "epsilon": 37.70304757234955, "gamma": 0.031173101912518528, "lamda": 0.022196471791198564}, "datetime": {"datetime": "2021-10-06 09:18:29", "elapsed": 304.825036, "delta": 1.646577}}
{"target": -33.403524452077235, "params": {"C": 216.7455279287834, "epsilon": 37.19383218490728, "gamma": 0.04892687290349485, "lamda": 0.10822716826061886}, "datetime": {"datetime": "2021-10-06 09:18:31", "elapsed": 307.040574, "delta": 2.215538}}
{"target": -33.02466621354705, "params": {"C": 296.5848906372819, "epsilon": 35.57361392523882, "gamma": 0.026433490497378684, "lamda": 0.027430184063528932}, "datetime": {"datetime": "2021-10-06 09:18:33", "elapsed": 308.665099, "delta": 1.624525}}
{"target": -33.42053353938213, "params": {"C": 379.9848804134633, "epsilon": 35.991782620459645, "gamma": 0.019184085460464323, "lamda": 0.18399263867238913}, "datetime": {"datetime": "2021-10-06 09:18:34", "elapsed": 310.193213, "delta": 1.528114}}
{"target": -33.04454199193822, "params": {"C": 207.7872371679855, "epsilon": 32.59963342276067, "gamma": 0.008266152685795045, "lamda": 0.1001561772763}, "datetime": {"datetime": "2021-10-06 09:18:36", "elapsed": 312.032331, "delta": 1.839118}}
{"target": -33.944785046124196, "params": {"C": 242.41494127394716, "epsilon": 34.66477858353861, "gamma": 0.06865800594931597, "lamda": 0.045563524491732475}, "datetime": {"datetime": "2021-10-06 09:18:39", "elapsed": 315.20426, "delta": 3.171929}}
{"target": -34.41788801545141, "params": {"C": 293.52034153689715, "epsilon": 35.14209079422578, "gamma": 0.06578434616423876, "lamda": 0.01857320093046574}, "datetime": {"datetime": "2021-10-06 09:18:41", "elapsed": 317.202643, "delta": 1.998383}}
{"target": -33.44169837877597, "params": {"C": 255.9751153678386, "epsilon": 38.837612507390965, "gamma": 0.052366366421776056, "lamda": 0.11286342146240472}, "datetime": {"datetime": "2021-10-06 09:18:43", "elapsed": 319.616593, "delta": 2.41395}}
{"target": -33.057504675725305, "params": {"C": 295.78043369232876, "epsilon": 35.141031605194996, "gamma": 0.032705693106288666, "lamda": 0.058332219770928485}, "datetime": {"datetime": "2021-10-06 09:18:45", "elapsed": 321.236655, "delta": 1.620062}}
{"target": -34.875279244351745, "params": {"C": 311.82244796871635, "epsilon": 30.10593243030764, "gamma": 0.06578611917996206, "lamda": 0.16154485436196148}, "datetime": {"datetime": "2021-10-06 09:18:47", "elapsed": 322.746291, "delta": 1.509636}}
{"target": -33.40913687424255, "params": {"C": 264.87800323605006, "epsilon": 33.78657120161677, "gamma": 0.04926181593599966, "lamda": 0.039694861719313655}, "datetime": {"datetime": "2021-10-06 09:18:49", "elapsed": 325.136663, "delta": 2.390372}}
{"target": -33.490237405287694, "params": {"C": 252.18370388575403, "epsilon": 37.118843442576825, "gamma": 0.03821245499505557, "lamda": 0.16341081984573302}, "datetime": {"datetime": "2021-10-06 09:18:51", "elapsed": 326.750069, "delta": 1.613406}}
{"target": -33.1267550776193, "params": {"C": 379.89858971263607, "epsilon": 33.45370782095582, "gamma": 0.03426948589925, "lamda": 0.06043628401035343}, "datetime": {"datetime": "2021-10-06 09:18:52", "elapsed": 328.383109, "delta": 1.63304}}
{"target": -33.41663852713554, "params": {"C": 218.6650697686054, "epsilon": 36.73569130945419, "gamma": 0.02895374052621208, "lamda": 0.16768024585860516}, "datetime": {"datetime": "2021-10-06 09:18:54", "elapsed": 329.993133, "delta": 1.610024}}
{"target": -32.809107335093934, "params": {"C": 259.02309139362774, "epsilon": 36.92077696861969, "gamma": 0.006408981941102032, "lamda": 0.038255641383808}, "datetime": {"datetime": "2021-10-06 09:18:55", "elapsed": 331.5625, "delta": 1.569367}}
{"target": -33.92079097319642, "params": {"C": 257.1358800226926, "epsilon": 38.38343259059101, "gamma": 0.06480603435006524, "lamda": 0.1508862925636909}, "datetime": {"datetime": "2021-10-06 09:18:58", "elapsed": 333.860425, "delta": 2.297925}}
{"target": -33.56139222816602, "params": {"C": 203.52873694182082, "epsilon": 34.6526020262906, "gamma": 0.03138564021212414, "lamda": 0.16635099590729271}, "datetime": {"datetime": "2021-10-06 09:18:59", "elapsed": 335.512209, "delta": 1.651784}}
{"target": -33.00355791367626, "params": {"C": 206.3982834149732, "epsilon": 33.168835046480744, "gamma": 0.021455556055375826, "lamda": 0.03836337519909908}, "datetime": {"datetime": "2021-10-06 09:19:01", "elapsed": 337.296441, "delta": 1.784232}}
{"target": -33.42484873910321, "params": {"C": 273.17329179822013, "epsilon": 33.320011563160634, "gamma": 0.014042223132704344, "lamda": 0.16217303671780553}, "datetime": {"datetime": "2021-10-06 09:19:03", "elapsed": 339.486361, "delta": 2.18992}}
{"target": -34.31597912874994, "params": {"C": 352.16531805721866, "epsilon": 36.01845456274434, "gamma": 0.07170163130416969, "lamda": 0.16751268076650197}, "datetime": {"datetime": "2021-10-06 09:19:05", "elapsed": 341.271988, "delta": 1.785627}}
{"target": -33.99976431505017, "params": {"C": 253.18496386874295, "epsilon": 37.351762767973206, "gamma": 0.06771417921502987, "lamda": 0.14558194689780024}, "datetime": {"datetime": "2021-10-06 09:19:07", "elapsed": 342.9688, "delta": 1.696812}}
{"target": -33.32153661644401, "params": {"C": 217.55423504595203, "epsilon": 33.039456890728175, "gamma": 0.0062110323027099535, "lamda": 0.12170861629156375}, "datetime": {"datetime": "2021-10-06 09:19:08", "elapsed": 344.589093, "delta": 1.620293}}
{"target": -33.743462849556174, "params": {"C": 286.2276668069793, "epsilon": 38.32961968149861, "gamma": 0.05019662773100289, "lamda": 0.020442946065185017}, "datetime": {"datetime": "2021-10-06 09:19:10", "elapsed": 346.313947, "delta": 1.724854}}
{"target": -33.893634614182346, "params": {"C": 262.01482849209924, "epsilon": 38.00040458586243, "gamma": 0.0648649737712252, "lamda": 0.13923507389255668}, "datetime": {"datetime": "2021-10-06 09:19:12", "elapsed": 348.140903, "delta": 1.826956}}
{"target": -33.024939127625764, "params": {"C": 261.966781308094, "epsilon": 37.41659136110897, "gamma": 0.02655642674686668, "lamda": 0.07502474331705487}, "datetime": {"datetime": "2021-10-06 09:19:14", "elapsed": 349.774955, "delta": 1.634052}}
{"target": -33.310142262918156, "params": {"C": 335.8619404235477, "epsilon": 30.50582882496663, "gamma": 0.030997146138340894, "lamda": 0.10315374116659469}, "datetime": {"datetime": "2021-10-06 09:19:15", "elapsed": 351.443825, "delta": 1.66887}}
{"target": -32.95827691568668, "params": {"C": 287.9364755297216, "epsilon": 32.72187081123997, "gamma": 0.013827564438660487, "lamda": 0.06618730285875718}, "datetime": {"datetime": "2021-10-06 09:19:17", "elapsed": 353.393056, "delta": 1.949231}}
{"target": -32.85555613271083, "params": {"C": 341.8601974294992, "epsilon": 35.150186920414576, "gamma": 0.009549405345880287, "lamda": 0.0701977433614044}, "datetime": {"datetime": "2021-10-06 09:19:20", "elapsed": 355.679976, "delta": 2.28692}}
{"target": -33.202240979751416, "params": {"C": 312.4152577912386, "epsilon": 37.67755052727097, "gamma": 0.029312690269838532, "lamda": 0.010470891283616737}, "datetime": {"datetime": "2021-10-06 09:19:21", "elapsed": 357.550687, "delta": 1.870711}}
{"target": -33.117024093138184, "params": {"C": 201.63919143082362, "epsilon": 35.74788141662093, "gamma": 0.030522088888305658, "lamda": 0.09578348320535547}, "datetime": {"datetime": "2021-10-06 09:19:23", "elapsed": 359.377874, "delta": 1.827187}}
{"target": -32.889804512880275, "params": {"C": 393.7989611323915, "epsilon": 38.7252067903345, "gamma": 0.00938977844847922, "lamda": 0.06880711415696077}, "datetime": {"datetime": "2021-10-06 09:19:25", "elapsed": 361.325335, "delta": 1.947461}}
{"target": -33.09827278801541, "params": {"C": 373.84674401546283, "epsilon": 33.60389116744613, "gamma": 0.014118451474899039, "lamda": 0.11251801839903891}, "datetime": {"datetime": "2021-10-06 09:19:27", "elapsed": 363.076164, "delta": 1.750829}}
{"target": -33.04520309488213, "params": {"C": 217.14238296189197, "epsilon": 31.81543276101961, "gamma": 0.01930318469820229, "lamda": 0.05116938054697815}, "datetime": {"datetime": "2021-10-06 09:19:29", "elapsed": 365.044959, "delta": 1.968795}}
{"target": -33.3412676133597, "params": {"C": 272.8581390688728, "epsilon": 30.98682212457445, "gamma": 0.022303600633011227, "lamda": 0.12077608028153208}, "datetime": {"datetime": "2021-10-06 09:19:32", "elapsed": 367.990814, "delta": 2.945855}}
{"target": -32.942713107750684, "params": {"C": 211.00994280324826, "epsilon": 38.461275345199326, "gamma": 0.008615789716431751, "lamda": 0.07246673179100634}, "datetime": {"datetime": "2021-10-06 09:19:34", "elapsed": 370.315427, "delta": 2.324613}}
{"target": -33.37779570398026, "params": {"C": 391.4654757894191, "epsilon": 35.39997725609079, "gamma": 0.019975227254764878, "lamda": 0.1674980817515921}, "datetime": {"datetime": "2021-10-06 09:19:36", "elapsed": 371.907032, "delta": 1.591605}}
{"target": -33.22844002387427, "params": {"C": 239.14183118547618, "epsilon": 35.751577430321234, "gamma": 0.04090084677401067, "lamda": 0.09214807668149824}, "datetime": {"datetime": "2021-10-06 09:19:38", "elapsed": 373.906638, "delta": 1.999606}}
{"target": -33.1230191895623, "params": {"C": 306.54219169764644, "epsilon": 38.210109118886216, "gamma": 0.041748015415943966, "lamda": 0.051599631567455555}, "datetime": {"datetime": "2021-10-06 09:19:40", "elapsed": 375.97009, "delta": 2.063452}}
{"target": -33.10774649910707, "params": {"C": 386.9926843470476, "epsilon": 34.47631476017949, "gamma": 0.0046573597750185405, "lamda": 0.06315672885671922}, "datetime": {"datetime": "2021-10-06 09:19:42", "elapsed": 378.10041, "delta": 2.13032}}
{"target": -33.52844841017091, "params": {"C": 308.5592608283082, "epsilon": 34.94657777916707, "gamma": 0.03776542907166229, "lamda": 0.149655950757453}, "datetime": {"datetime": "2021-10-06 09:19:44", "elapsed": 379.926084, "delta": 1.825674}}
{"target": -34.17971136406185, "params": {"C": 382.4171628595701, "epsilon": 31.29138512173777, "gamma": 0.0677458610598558, "lamda": 0.11495828779004093}, "datetime": {"datetime": "2021-10-06 09:19:46", "elapsed": 381.909331, "delta": 1.983247}}
{"target": -34.25876629124869, "params": {"C": 386.82688203091317, "epsilon": 30.024491339578674, "gamma": 0.07199815743365007, "lamda": 0.07282696228875156}, "datetime": {"datetime": "2021-10-06 09:19:48", "elapsed": 383.912861, "delta": 2.00353}}
{"target": -33.636350056476175, "params": {"C": 289.6008554466702, "epsilon": 37.116633475228035, "gamma": 0.06256760859525957, "lamda": 0.07202416240818285}, "datetime": {"datetime": "2021-10-06 09:19:50", "elapsed": 385.780865, "delta": 1.868004}}
{"target": -33.02417372834037, "params": {"C": 306.9507271470003, "epsilon": 35.04250361663794, "gamma": 0.029993856169624595, "lamda": 0.05594716692542118}, "datetime": {"datetime": "2021-10-06 09:19:51", "elapsed": 387.491341, "delta": 1.710476}}
{"target": -33.630689210812655, "params": {"C": 335.8629232680885, "epsilon": 33.38986204712757, "gamma": 0.042913749248774835, "lamda": 0.141087770560948}, "datetime": {"datetime": "2021-10-06 09:19:53", "elapsed": 389.12604, "delta": 1.634699}}
{"target": -32.95945414105118, "params": {"C": 209.44303943942552, "epsilon": 38.65873825873568, "gamma": 0.022733841413541518, "lamda": 0.02190379217847848}, "datetime": {"datetime": "2021-10-06 09:19:55", "elapsed": 390.891578, "delta": 1.765538}}
{"target": -32.9044680455718, "params": {"C": 368.32457503333444, "epsilon": 36.085026919095455, "gamma": 0.013827526702194077, "lamda": 0.07886229175420456}, "datetime": {"datetime": "2021-10-06 09:19:57", "elapsed": 392.737474, "delta": 1.845896}}
{"target": -34.14996246664268, "params": {"C": 259.96940088300033, "epsilon": 30.78055562533823, "gamma": 0.01701135856954695, "lamda": 0.0003291164041370238}, "datetime": {"datetime": "2021-10-06 09:19:59", "elapsed": 395.025549, "delta": 2.288075}}
{"target": -33.924827704217904, "params": {"C": 255.2731202632232, "epsilon": 32.546017132007265, "gamma": 0.05494430091302552, "lamda": 0.13808365393472152}, "datetime": {"datetime": "2021-10-06 09:20:01", "elapsed": 397.445774, "delta": 2.420225}}
{"target": -33.370583158851, "params": {"C": 339.05980603471903, "epsilon": 30.279307957582137, "gamma": 0.021444477986202158, "lamda": 0.11640967631852514}, "datetime": {"datetime": "2021-10-06 09:20:03", "elapsed": 399.224619, "delta": 1.778845}}
{"target": -33.115853005820824, "params": {"C": 282.8897343270755, "epsilon": 35.00260427745412, "gamma": 0.03537073391880642, "lamda": 0.07460881119533834}, "datetime": {"datetime": "2021-10-06 09:20:05", "elapsed": 401.015886, "delta": 1.791267}}
{"target": -33.8372567593994, "params": {"C": 365.7998929519715, "epsilon": 35.00067502417056, "gamma": 0.04245680620706231, "lamda": 0.17570085904493674}, "datetime": {"datetime": "2021-10-06 09:20:07", "elapsed": 402.771291, "delta": 1.755405}}
{"target": -32.958976521987715, "params": {"C": 248.742868137181, "epsilon": 35.67976716547499, "gamma": 0.01661332356597185, "lamda": 0.0983061535383633}, "datetime": {"datetime": "2021-10-06 09:20:08", "elapsed": 404.535506, "delta": 1.764215}}
