{"target": -34.46029991223734, "params": {"C": 265.02769684640475, "epsilon": 35.72248921762243, "gamma": 0.04539331091427566, "lamda": 0.012401856689800636}, "datetime": {"datetime": "2021-10-06 09:24:13", "elapsed": 645.188551, "delta": 2.115675}}
{"target": -33.94135101930822, "params": {"C": 260.9882009979077, "epsilon": 36.653495427195885, "gamma": 0.032698955914799765, "lamda": 0.029374596314343106}, "datetime": {"datetime": "2021-10-06 09:24:16", "elapsed": 647.420962, "delta": 2.232411}}
{"target": -33.77198266206096, "params": {"C": 283.5669084170236, "epsilon": 34.8303975384383, "gamma": 0.02132692886642918, "lamda": 0.040948341522820175}, "datetime": {"datetime": "2021-10-06 09:24:20", "elapsed": 651.644306, "delta": 4.223344}}
{"target": -34.559797596488536, "params": {"C": 200.057273331127, "epsilon": 35.95444293978786, "gamma": 0.08605766033653764, "lamda": 0.10084177769250251}, "datetime": {"datetime": "2021-10-06 09:24:22", "elapsed": 653.939176, "delta": 2.29487}}
{"target": -34.016649635794245, "params": {"C": 283.5213479836897, "epsilon": 34.81242871403773, "gamma": 0.04207711212072038, "lamda": 0.049184445778677324}, "datetime": {"datetime": "2021-10-06 09:24:26", "elapsed": 657.441081, "delta": 3.501905}}
{"target": -34.680530293498435, "params": {"C": 274.73613914142663, "epsilon": 36.88335709865147, "gamma": 0.0952370219006316, "lamda": 0.10539997438271706}, "datetime": {"datetime": "2021-10-06 09:24:28", "elapsed": 659.705867, "delta": 2.264786}}
{"target": -34.519181398139956, "params": {"C": 283.5343415094782, "epsilon": 35.06200496290191, "gamma": 0.05014953149289224, "lamda": 0.014920784929391813}, "datetime": {"datetime": "2021-10-06 09:24:31", "elapsed": 662.569359, "delta": 2.863492}}
{"target": -34.35267908748911, "params": {"C": 282.68221108215334, "epsilon": 38.59087005169229, "gamma": 0.011916643023152514, "lamda": 0.10693344470978164}, "datetime": {"datetime": "2021-10-06 09:24:33", "elapsed": 664.683782, "delta": 2.114423}}
{"target": -34.27741029795607, "params": {"C": 261.55066403958904, "epsilon": 36.64740100985646, "gamma": 0.06615276351158628, "lamda": 0.06958288123153084}, "datetime": {"datetime": "2021-10-06 09:24:35", "elapsed": 667.029672, "delta": 2.34589}}
{"target": -33.89346009647106, "params": {"C": 310.3551249428207, "epsilon": 31.80670196014149, "gamma": 0.029796579913666806, "lamda": 0.06584988289422404}, "datetime": {"datetime": "2021-10-06 09:24:38", "elapsed": 669.352971, "delta": 2.323299}}
{"target": -33.9203635868396, "params": {"C": 317.61151517883064, "epsilon": 36.186683096203886, "gamma": 0.04294400484729342, "lamda": 0.11755014606636546}, "datetime": {"datetime": "2021-10-06 09:24:40", "elapsed": 671.704236, "delta": 2.351265}}
{"target": -34.455732426636445, "params": {"C": 376.61090936450586, "epsilon": 34.164401827634634, "gamma": 0.06587764571416434, "lamda": 0.13669445060393706}, "datetime": {"datetime": "2021-10-06 09:24:43", "elapsed": 674.246657, "delta": 2.542421}}
{"target": -33.83107635173451, "params": {"C": 344.1138823944941, "epsilon": 32.625029899833336, "gamma": 0.02590029326749789, "lamda": 0.07291640138560937}, "datetime": {"datetime": "2021-10-06 09:24:47", "elapsed": 678.702829, "delta": 4.456172}}
{"target": -33.84859909202463, "params": {"C": 246.70544458127543, "epsilon": 30.514714872145603, "gamma": 0.020112430682687525, "lamda": 0.06892853548156919}, "datetime": {"datetime": "2021-10-06 09:24:50", "elapsed": 681.900883, "delta": 3.198054}}
{"target": -34.811311831245696, "params": {"C": 379.5415967009226, "epsilon": 34.81613016542802, "gamma": 0.003901760617864969, "lamda": 0.010351677527632615}, "datetime": {"datetime": "2021-10-06 09:24:53", "elapsed": 684.437994, "delta": 2.537111}}
{"target": -35.90598185141538, "params": {"C": 316.3263548073271, "epsilon": 38.53079081261812, "gamma": 0.09312615325732918, "lamda": 0.017134030196122314}, "datetime": {"datetime": "2021-10-06 09:24:55", "elapsed": 686.864712, "delta": 2.426718}}
{"target": -34.74458038082809, "params": {"C": 279.3818901362965, "epsilon": 34.88052969893637, "gamma": 0.00755386291030163, "lamda": 0.09010330746451177}, "datetime": {"datetime": "2021-10-06 09:24:59", "elapsed": 690.62005, "delta": 3.755338}}
{"target": -34.556460352088806, "params": {"C": 325.57727826371206, "epsilon": 33.57429308974158, "gamma": 0.07192334338356414, "lamda": 0.13064008902859994}, "datetime": {"datetime": "2021-10-06 09:25:01", "elapsed": 692.918476, "delta": 2.298426}}
{"target": -34.43531023313402, "params": {"C": 393.5950772067623, "epsilon": 37.924256262348216, "gamma": 0.07416227009147826, "lamda": 0.058940071017867704}, "datetime": {"datetime": "2021-10-06 09:25:04", "elapsed": 695.458515, "delta": 2.540039}}
{"target": -33.842818358917256, "params": {"C": 232.65378017350122, "epsilon": 36.97133983015031, "gamma": 0.019635716524156854, "lamda": 0.097656960911792}, "datetime": {"datetime": "2021-10-06 09:25:07", "elapsed": 698.464711, "delta": 3.006196}}
{"target": -34.46966777062227, "params": {"C": 323.71174280100655, "epsilon": 31.219756055300998, "gamma": 0.04744224429449603, "lamda": 0.129325395831902}, "datetime": {"datetime": "2021-10-06 09:25:09", "elapsed": 700.95074, "delta": 2.486029}}
{"target": -34.66594914512654, "params": {"C": 234.0723951173051, "epsilon": 32.51576511610158, "gamma": 0.0853999817101157, "lamda": 0.08187136178507161}, "datetime": {"datetime": "2021-10-06 09:25:12", "elapsed": 703.538799, "delta": 2.588059}}
{"target": -34.005224521643505, "params": {"C": 201.27973736303076, "epsilon": 35.98031400559522, "gamma": 0.044249861108240404, "lamda": 0.06014431422238861}, "datetime": {"datetime": "2021-10-06 09:25:15", "elapsed": 706.829315, "delta": 3.290516}}
{"target": -34.41110518452534, "params": {"C": 260.45416061563054, "epsilon": 34.15935458645309, "gamma": 0.06990402757582892, "lamda": 0.11018170078638496}, "datetime": {"datetime": "2021-10-06 09:25:18", "elapsed": 710.009113, "delta": 3.179798}}
{"target": -35.96115060170534, "params": {"C": 231.81798768041696, "epsilon": 34.30399081993926, "gamma": 0.07840127926653445, "lamda": 0.011965078909980043}, "datetime": {"datetime": "2021-10-06 09:25:21", "elapsed": 712.424523, "delta": 2.41541}}
{"target": -34.889051167337605, "params": {"C": 274.0491563946813, "epsilon": 35.1491585656865, "gamma": 0.011356663001873523, "lamda": 0.1384902599955204}, "datetime": {"datetime": "2021-10-06 09:25:23", "elapsed": 715.10577, "delta": 2.681247}}
{"target": -34.56085781166405, "params": {"C": 279.31296455603297, "epsilon": 34.892086573311566, "gamma": 0.08428172111615502, "lamda": 0.09470045565887707}, "datetime": {"datetime": "2021-10-06 09:25:26", "elapsed": 718.033326, "delta": 2.927556}}
{"target": -33.978167291314186, "params": {"C": 283.79350393700497, "epsilon": 35.21171030946971, "gamma": 0.03988480148124537, "lamda": 0.12581855712018503}, "datetime": {"datetime": "2021-10-06 09:25:30", "elapsed": 721.569651, "delta": 3.536325}}
{"target": -34.61233784611049, "params": {"C": 250.684299804099, "epsilon": 37.55675364840352, "gamma": 0.08959871892882708, "lamda": 0.08395166750289994}, "datetime": {"datetime": "2021-10-06 09:25:32", "elapsed": 724.086301, "delta": 2.51665}}
{"target": -34.158699157258134, "params": {"C": 221.68192891184876, "epsilon": 32.81868029472947, "gamma": 0.05199644679026454, "lamda": 0.08143993070631236}, "datetime": {"datetime": "2021-10-06 09:25:35", "elapsed": 726.517997, "delta": 2.431696}}
{"target": -34.33115564859027, "params": {"C": 381.6954928368812, "epsilon": 36.92770179662197, "gamma": 0.04238966360642402, "lamda": 0.013128576927933396}, "datetime": {"datetime": "2021-10-06 09:25:38", "elapsed": 729.997596, "delta": 3.479599}}
{"target": -34.0389588239437, "params": {"C": 335.77952945962943, "epsilon": 37.33532442965087, "gamma": 0.05251971714928283, "lamda": 0.09123184647078939}, "datetime": {"datetime": "2021-10-06 09:25:41", "elapsed": 733.096426, "delta": 3.09883}}
{"target": -33.78898576435561, "params": {"C": 279.3398144116778, "epsilon": 34.80316438274033, "gamma": 0.031678387476727826, "lamda": 0.09615172908408014}, "datetime": {"datetime": "2021-10-06 09:25:45", "elapsed": 736.351141, "delta": 3.254715}}
{"target": -34.10085445250521, "params": {"C": 360.2195119729143, "epsilon": 38.78665985967852, "gamma": 0.018312625144079893, "lamda": 0.12845021029075232}, "datetime": {"datetime": "2021-10-06 09:25:48", "elapsed": 739.269925, "delta": 2.918784}}
{"target": -33.773795395128055, "params": {"C": 335.7965609635898, "epsilon": 37.445401477564886, "gamma": 0.030056053193017206, "lamda": 0.07917080440709698}, "datetime": {"datetime": "2021-10-06 09:25:51", "elapsed": 742.667155, "delta": 3.39723}}
{"target": -33.988169429384904, "params": {"C": 381.0182579621775, "epsilon": 35.31322522945995, "gamma": 0.03147514837168544, "lamda": 0.02219979407189883}, "datetime": {"datetime": "2021-10-06 09:25:54", "elapsed": 745.396198, "delta": 2.729043}}
{"target": -34.48605688192113, "params": {"C": 368.3641389247106, "epsilon": 36.08737945918046, "gamma": 0.06443239572679944, "lamda": 0.03612898703872469}, "datetime": {"datetime": "2021-10-06 09:25:58", "elapsed": 749.330399, "delta": 3.934201}}
{"target": -34.41881937521238, "params": {"C": 307.00069420381396, "epsilon": 35.05170284414762, "gamma": 0.07125089586199657, "lamda": 0.060145735439818285}, "datetime": {"datetime": "2021-10-06 09:26:02", "elapsed": 753.849483, "delta": 4.519084}}
{"target": -34.55112854321261, "params": {"C": 230.13192232104757, "epsilon": 34.459451355923896, "gamma": 0.07924734594759798, "lamda": 0.0643980467236873}, "datetime": {"datetime": "2021-10-06 09:26:05", "elapsed": 756.774247, "delta": 2.924764}}
{"target": -33.81209521386938, "params": {"C": 312.9814653493325, "epsilon": 33.50138087929088, "gamma": 0.028525797331604562, "lamda": 0.07234276685702935}, "datetime": {"datetime": "2021-10-06 09:26:08", "elapsed": 759.727277, "delta": 2.95303}}
{"target": -34.259161968080235, "params": {"C": 335.7403437564915, "epsilon": 37.39646257247642, "gamma": 0.010232101863841157, "lamda": 0.03809841449163824}, "datetime": {"datetime": "2021-10-06 09:26:12", "elapsed": 763.880742, "delta": 4.153465}}
{"target": -33.90213897418658, "params": {"C": 335.795308776035, "epsilon": 37.45907969717809, "gamma": 0.016121354693971877, "lamda": 0.0440224858895609}, "datetime": {"datetime": "2021-10-06 09:26:16", "elapsed": 767.740743, "delta": 3.860001}}
{"target": -35.210403147533604, "params": {"C": 273.33849847993827, "epsilon": 35.53378399837592, "gamma": 0.08980513770401267, "lamda": 0.029723944790715887}, "datetime": {"datetime": "2021-10-06 09:26:18", "elapsed": 770.200455, "delta": 2.459712}}
{"target": -33.994452918126576, "params": {"C": 379.9016464461171, "epsilon": 33.455599649725166, "gamma": 0.03907678623055167, "lamda": 0.052533528721902}, "datetime": {"datetime": "2021-10-06 09:26:21", "elapsed": 772.613529, "delta": 2.413074}}
{"target": -34.03777775898681, "params": {"C": 340.92727798223905, "epsilon": 35.978806393572704, "gamma": 0.043328952831485364, "lamda": 0.13491531842813048}, "datetime": {"datetime": "2021-10-06 09:26:24", "elapsed": 775.40984, "delta": 2.796311}}
{"target": -35.04818338573403, "params": {"C": 393.36142363573595, "epsilon": 30.67999895616581, "gamma": 0.06934228716280284, "lamda": 0.14728443455421136}, "datetime": {"datetime": "2021-10-06 09:26:26", "elapsed": 778.042421, "delta": 2.632581}}
{"target": -34.19743101880498, "params": {"C": 264.87676548274914, "epsilon": 35.75769203771248, "gamma": 0.013637904657463925, "lamda": 0.10730280084315724}, "datetime": {"datetime": "2021-10-06 09:26:30", "elapsed": 781.575315, "delta": 3.532894}}
{"target": -33.96298514600354, "params": {"C": 267.676011382805, "epsilon": 34.67904866048599, "gamma": 0.02964196043854317, "lamda": 0.1236859739040651}, "datetime": {"datetime": "2021-10-06 09:26:33", "elapsed": 784.313608, "delta": 2.738293}}
{"target": -34.53418015306156, "params": {"C": 264.98602479330424, "epsilon": 35.73263363364641, "gamma": 0.07547905327244782, "lamda": 0.049901114888919254}, "datetime": {"datetime": "2021-10-06 09:26:37", "elapsed": 788.651569, "delta": 4.337961}}
{"target": -34.61861993074453, "params": {"C": 357.3787621032902, "epsilon": 34.62687089378986, "gamma": 0.08326823750185215, "lamda": 0.06351250918663424}, "datetime": {"datetime": "2021-10-06 09:26:40", "elapsed": 791.317272, "delta": 2.665703}}
{"target": -34.77531380997578, "params": {"C": 255.53734993623902, "epsilon": 36.782938373169415, "gamma": 0.08457570851674724, "lamda": 0.044236923338985185}, "datetime": {"datetime": "2021-10-06 09:26:42", "elapsed": 794.067203, "delta": 2.749931}}
{"target": -34.0856381384534, "params": {"C": 264.6149704359642, "epsilon": 32.30183804487018, "gamma": 0.04024752468898013, "lamda": 0.032612477506917606}, "datetime": {"datetime": "2021-10-06 09:26:45", "elapsed": 796.867083, "delta": 2.79988}}
{"target": -38.706526810374484, "params": {"C": 201.9008563531071, "epsilon": 34.92929303429226, "gamma": 0.002, "lamda": 0.10022343108619687}, "datetime": {"datetime": "2021-10-06 09:26:50", "elapsed": 801.424792, "delta": 4.557709}}
{"target": -34.56358956676679, "params": {"C": 385.5246496918952, "epsilon": 30.39173196589601, "gamma": 0.06335414471410278, "lamda": 0.11616345990635087}, "datetime": {"datetime": "2021-10-06 09:26:52", "elapsed": 804.0882, "delta": 2.663408}}
{"target": -33.76723665906389, "params": {"C": 235.66090108342217, "epsilon": 35.4301084948044, "gamma": 0.029801368795762027, "lamda": 0.09075385372043715}, "datetime": {"datetime": "2021-10-06 09:26:56", "elapsed": 807.530437, "delta": 3.442237}}
{"target": -34.06336726507387, "params": {"C": 266.66022249893217, "epsilon": 33.31727300104837, "gamma": 0.047744403240543264, "lamda": 0.08376877517302977}, "datetime": {"datetime": "2021-10-06 09:27:01", "elapsed": 813.157649, "delta": 5.627212}}
{"target": -34.446478016502255, "params": {"C": 258.96786479958416, "epsilon": 35.100452556195364, "gamma": 0.06368347945689824, "lamda": 0.038209145759137454}, "datetime": {"datetime": "2021-10-06 09:27:04", "elapsed": 815.78531, "delta": 2.627661}}
{"target": -34.25728427836275, "params": {"C": 360.33240067153395, "epsilon": 38.74311153209171, "gamma": 0.07025412754150585, "lamda": 0.10437646689544501}, "datetime": {"datetime": "2021-10-06 09:27:07", "elapsed": 819.129726, "delta": 3.344416}}
{"target": -34.118796552335304, "params": {"C": 339.0679295656738, "epsilon": 38.4930466495548, "gamma": 0.05681230706592184, "lamda": 0.1331843005674059}, "datetime": {"datetime": "2021-10-06 09:27:10", "elapsed": 821.902871, "delta": 2.773145}}
{"target": -34.150266730061944, "params": {"C": 251.9487176848161, "epsilon": 32.089360166509515, "gamma": 0.03820804786885638, "lamda": 0.021438025620161345}, "datetime": {"datetime": "2021-10-06 09:27:15", "elapsed": 826.515087, "delta": 4.612216}}
{"target": -33.940523126499855, "params": {"C": 368.3140074708699, "epsilon": 36.116115831595124, "gamma": 0.01581616245932368, "lamda": 0.08373431957272659}, "datetime": {"datetime": "2021-10-06 09:27:19", "elapsed": 830.762024, "delta": 4.246937}}
{"target": -34.724517159427656, "params": {"C": 206.07321475586164, "epsilon": 36.8953389321882, "gamma": 0.09744257400500549, "lamda": 0.1131205883417797}, "datetime": {"datetime": "2021-10-06 09:27:22", "elapsed": 833.679843, "delta": 2.917819}}
{"target": -36.364184925443524, "params": {"C": 345.35636731290504, "epsilon": 31.959139729452986, "gamma": 0.09149888127941555, "lamda": 0.013133116177113248}, "datetime": {"datetime": "2021-10-06 09:27:25", "elapsed": 836.470445, "delta": 2.790602}}
{"target": -34.23665573903662, "params": {"C": 260.4098093978989, "epsilon": 34.137615380016584, "gamma": 0.05125125287079276, "lamda": 0.13376271594171038}, "datetime": {"datetime": "2021-10-06 09:27:29", "elapsed": 840.580813, "delta": 4.110368}}
{"target": -34.20131471833478, "params": {"C": 368.3202969131711, "epsilon": 36.10724835553018, "gamma": 0.058038204885671255, "lamda": 0.05988856435113214}, "datetime": {"datetime": "2021-10-06 09:27:33", "elapsed": 844.540792, "delta": 3.959979}}
{"target": -36.022960547203084, "params": {"C": 283.8290738645838, "epsilon": 35.33568352052973, "gamma": 0.004790507508935141, "lamda": 0.11098017681480277}, "datetime": {"datetime": "2021-10-06 09:27:36", "elapsed": 848.116931, "delta": 3.576139}}
{"target": -34.18969047409172, "params": {"C": 352.41198208514015, "epsilon": 32.68015628295684, "gamma": 0.04760925248592217, "lamda": 0.11705154066466987}, "datetime": {"datetime": "2021-10-06 09:27:39", "elapsed": 850.853211, "delta": 2.73628}}
{"target": -34.034157198548655, "params": {"C": 344.02421449112427, "epsilon": 32.62083372298153, "gamma": 0.023006743769580458, "lamda": 0.11577521524965785}, "datetime": {"datetime": "2021-10-06 09:27:44", "elapsed": 855.998853, "delta": 5.145642}}
{"target": -33.769416828058894, "params": {"C": 353.4777271404621, "epsilon": 32.7434227594924, "gamma": 0.02149874018587617, "lamda": 0.06691937403440928}, "datetime": {"datetime": "2021-10-06 09:27:47", "elapsed": 859.023017, "delta": 3.024164}}
{"target": -34.30983949681502, "params": {"C": 244.7351192849925, "epsilon": 35.6263109026666, "gamma": 0.06885338892935995, "lamda": 0.09096431330211197}, "datetime": {"datetime": "2021-10-06 09:27:52", "elapsed": 863.56329, "delta": 4.540273}}
{"target": -34.155917768043516, "params": {"C": 360.37340197548315, "epsilon": 38.793752170874185, "gamma": 0.06060143958762253, "lamda": 0.08137609685168075}, "datetime": {"datetime": "2021-10-06 09:27:57", "elapsed": 868.506643, "delta": 4.943353}}
{"target": -33.949627721385816, "params": {"C": 239.24561311541666, "epsilon": 31.765593904968227, "gamma": 0.03438215713417411, "lamda": 0.08276205609570937}, "datetime": {"datetime": "2021-10-06 09:28:00", "elapsed": 871.377901, "delta": 2.871258}}
{"target": -34.273663705781814, "params": {"C": 337.84922266587864, "epsilon": 34.54206812259229, "gamma": 0.052667763505179155, "lamda": 0.1417535673346645}, "datetime": {"datetime": "2021-10-06 09:28:02", "elapsed": 874.194019, "delta": 2.816118}}
{"target": -35.5267240505288, "params": {"C": 361.82839176754385, "epsilon": 34.7304790030924, "gamma": 0.005122489898956051, "lamda": 0.09879691412718064}, "datetime": {"datetime": "2021-10-06 09:28:07", "elapsed": 879.08852, "delta": 4.894501}}
{"target": -34.33892840381414, "params": {"C": 185.04281166941377, "epsilon": 36.60162246721079, "gamma": 0.010002287496346898, "lamda": 0.07116328008422879}, "datetime": {"datetime": "2021-10-06 09:28:10", "elapsed": 0.0, "delta": 0.0}}
{"target": -33.98746635929122, "params": {"C": 89.09834124007513, "epsilon": 33.46169297384399, "gamma": 0.013725204227553418, "lamda": 0.07418925089301334}, "datetime": {"datetime": "2021-10-06 09:28:10", "elapsed": 0.231199, "delta": 0.231199}}
{"target": -33.88592973768237, "params": {"C": 177.85245335188782, "epsilon": 35.69408367001679, "gamma": 0.018383890288065897, "lamda": 0.09796536502777317}, "datetime": {"datetime": "2021-10-06 09:28:10", "elapsed": 0.498745, "delta": 0.267546}}
{"target": -34.39457693474218, "params": {"C": 109.58054865468868, "epsilon": 37.39058718195473, "gamma": 0.010547751863958524, "lamda": 0.09693272571248815}, "datetime": {"datetime": "2021-10-06 09:28:10", "elapsed": 0.749172, "delta": 0.250427}}
{"target": -34.048815154889006, "params": {"C": 185.14320484033007, "epsilon": 35.79344914222876, "gamma": 0.012807738771904675, "lamda": 0.06386710423594152}, "datetime": {"datetime": "2021-10-06 09:28:11", "elapsed": 1.015347, "delta": 0.266175}}
{"target": -34.04499157219391, "params": {"C": 321.2643218798155, "epsilon": 37.841307878596986, "gamma": 0.016268483563184857, "lamda": 0.09846258309685199}, "datetime": {"datetime": "2021-10-06 09:28:11", "elapsed": 1.246497, "delta": 0.23115}}
{"target": -34.18820762207177, "params": {"C": 348.1181490650936, "epsilon": 37.47303331751924, "gamma": 0.011700884227395559, "lamda": 0.05273383482630177}, "datetime": {"datetime": "2021-10-06 09:28:11", "elapsed": 1.523925, "delta": 0.277428}}
{"target": -34.248008503979996, "params": {"C": 97.28979894542195, "epsilon": 37.390712517147065, "gamma": 0.011966936676661002, "lamda": 0.07947753375035366}, "datetime": {"datetime": "2021-10-06 09:28:11", "elapsed": 1.784398, "delta": 0.260473}}
{"target": -33.723061163977896, "params": {"C": 377.0507832034282, "epsilon": 35.66582642486509, "gamma": 0.023837542279009465, "lamda": 0.07208609417042441}, "datetime": {"datetime": "2021-10-06 09:28:12", "elapsed": 2.042758, "delta": 0.25836}}
{"target": -34.44203061101129, "params": {"C": 280.7078293269622, "epsilon": 37.17312835948687, "gamma": 0.010365765546883836, "lamda": 0.10251010204614772}, "datetime": {"datetime": "2021-10-06 09:28:12", "elapsed": 2.271214, "delta": 0.228456}}
{"target": -33.847800135307956, "params": {"C": 39.74054887436298, "epsilon": 33.80930467106348, "gamma": 0.024187380683399966, "lamda": 0.10353158012941206}, "datetime": {"datetime": "2021-10-06 09:28:12", "elapsed": 2.607051, "delta": 0.335837}}
{"target": -33.83076314115358, "params": {"C": 194.10784769668913, "epsilon": 35.067353539670336, "gamma": 0.020956098915713414, "lamda": 0.10209411071026653}, "datetime": {"datetime": "2021-10-06 09:28:13", "elapsed": 2.903965, "delta": 0.296914}}
{"target": -33.79988670647455, "params": {"C": 377.17651486722616, "epsilon": 35.663399841830135, "gamma": 0.029884771129915402, "lamda": 0.06290035954788933}, "datetime": {"datetime": "2021-10-06 09:28:13", "elapsed": 3.251622, "delta": 0.347657}}
{"target": -33.83876204627068, "params": {"C": 376.75975634108374, "epsilon": 35.21697778929993, "gamma": 0.028700235056583076, "lamda": 0.11246957368726117}, "datetime": {"datetime": "2021-10-06 09:28:13", "elapsed": 3.574626, "delta": 0.323004}}
