{"target": -35.95743578723711, "params": {"C": 179.61099135461674, "epsilon": 16.26712613543902, "gamma": 0.04444536520766434, "lamda": 0.015539731214219045}, "datetime": {"datetime": "2021-10-05 14:47:59", "elapsed": 1634.077637, "delta": 6.499985}}
{"target": -34.50723524115437, "params": {"C": 192.87493082569077, "epsilon": 28.670064493038886, "gamma": 0.025835909878032522, "lamda": 0.0009612733283606836}, "datetime": {"datetime": "2021-10-05 14:48:06", "elapsed": 1641.507322, "delta": 7.429685}}
{"target": -39.71276875530466, "params": {"C": 192.16206204442247, "epsilon": 27.997874887979037, "gamma": 0.24335796344534785, "lamda": 0.029209172141772505}, "datetime": {"datetime": "2021-10-05 14:48:17", "elapsed": 1652.295895, "delta": 10.788573}}
{"target": -45.54273681577611, "params": {"C": 192.95672947503402, "epsilon": 27.537980150148023, "gamma": 0.3142076885442297, "lamda": 0.22545815580471718}, "datetime": {"datetime": "2021-10-05 14:48:29", "elapsed": 1663.70209, "delta": 11.406195}}
{"target": -42.17748441681216, "params": {"C": 83.53244288766626, "epsilon": 28.312893155632235, "gamma": 0.1613095776319692, "lamda": 0.27721955777846197}, "datetime": {"datetime": "2021-10-05 14:48:39", "elapsed": 1674.058972, "delta": 10.356882}}
{"target": -35.60187636072062, "params": {"C": 60.003262757750036, "epsilon": 23.126969913482213, "gamma": 0.05427982017970933, "lamda": 0.001391103099845008}, "datetime": {"datetime": "2021-10-05 14:48:45", "elapsed": 1680.570522, "delta": 6.51155}}
{"target": -35.6447680849093, "params": {"C": 129.44952213602338, "epsilon": 28.337993855878054, "gamma": 0.012183701664647759, "lamda": 0.24186460628069642}, "datetime": {"datetime": "2021-10-05 14:48:56", "elapsed": 1690.913533, "delta": 10.343011}}
{"target": -41.62371505236172, "params": {"C": 128.90247974353537, "epsilon": 27.989957856091483, "gamma": 0.23523944775314534, "lamda": 0.15210712355645084}, "datetime": {"datetime": "2021-10-05 14:49:03", "elapsed": 1697.722112, "delta": 6.808579}}
{"target": -46.52154127444104, "params": {"C": 48.01366613130603, "epsilon": 28.155492367126914, "gamma": 0.3546432663084873, "lamda": 0.24237981319635626}, "datetime": {"datetime": "2021-10-05 14:49:06", "elapsed": 1700.710465, "delta": 2.988353}}
{"target": -57.719362398823726, "params": {"C": 129.8213768152516, "epsilon": 6.823988234322431, "gamma": 0.3186960993406599, "lamda": 0.30184769915850995}, "datetime": {"datetime": "2021-10-05 14:49:09", "elapsed": 1703.937693, "delta": 3.227228}}
{"target": -45.29506359622191, "params": {"C": 25.41414749783798, "epsilon": 8.423963402451207, "gamma": 0.07749067423607338, "lamda": 0.25087008561916335}, "datetime": {"datetime": "2021-10-05 14:49:13", "elapsed": 1707.741004, "delta": 3.803311}}
{"target": -34.09302073286575, "params": {"C": 193.94290657483634, "epsilon": 29.919343286480167, "gamma": 0.0005754904431042373, "lamda": 0.01619572520453867}, "datetime": {"datetime": "2021-10-05 14:49:22", "elapsed": 1716.957699, "delta": 9.216695}}
{"target": -48.37109727128397, "params": {"C": 35.75229678016097, "epsilon": 25.78887102714471, "gamma": 0.3847227352630518, "lamda": 0.27116152727114323}, "datetime": {"datetime": "2021-10-05 14:49:31", "elapsed": 1726.01511, "delta": 9.057411}}
{"target": -51.89742885478632, "params": {"C": 164.75496087948082, "epsilon": 11.500061087412778, "gamma": 0.3760763755532148, "lamda": 0.19018935477502666}, "datetime": {"datetime": "2021-10-05 14:49:34", "elapsed": 1729.442608, "delta": 3.427498}}
{"target": -36.38815259908118, "params": {"C": 137.5570017341646, "epsilon": 27.720249199839312, "gamma": 0.08105249074484812, "lamda": 0.17778939853478204}, "datetime": {"datetime": "2021-10-05 14:49:42", "elapsed": 1737.333393, "delta": 7.890785}}
{"target": -45.437691536752226, "params": {"C": 151.43433362190748, "epsilon": 19.96418127291029, "gamma": 0.3613379561259075, "lamda": 0.10289029883641422}, "datetime": {"datetime": "2021-10-05 14:49:46", "elapsed": 1741.301177, "delta": 3.967784}}
{"target": -33.257018354702794, "params": {"C": 35.85377249244012, "epsilon": 28.103197773746913, "gamma": 0.003871551847848525, "lamda": 0.04673897957780734}, "datetime": {"datetime": "2021-10-05 14:49:56", "elapsed": 1750.681453, "delta": 9.380276}}
{"target": -36.076773132894076, "params": {"C": 93.35771440499363, "epsilon": 27.699135191765368, "gamma": 0.06123595899019486, "lamda": 0.19874499109385613}, "datetime": {"datetime": "2021-10-05 14:49:59", "elapsed": 1753.78779, "delta": 3.106337}}
{"target": -41.075419401915, "params": {"C": 36.26220444487919, "epsilon": 28.27278199984656, "gamma": 0.2653654602962731, "lamda": 0.10222226062375904}, "datetime": {"datetime": "2021-10-05 14:50:08", "elapsed": 1762.85012, "delta": 9.06233}}
{"target": -33.70977787687443, "params": {"C": 137.3534773872976, "epsilon": 27.232885048017465, "gamma": 0.012059572503987448, "lamda": 0.1231144564386128}, "datetime": {"datetime": "2021-10-05 14:50:16", "elapsed": 1771.430663, "delta": 8.580543}}
{"target": -34.22122076583933, "params": {"C": 193.09623055626304, "epsilon": 28.041972850352508, "gamma": 0.06647105145120127, "lamda": 0.06858576215747941}, "datetime": {"datetime": "2021-10-05 14:50:24", "elapsed": 1779.034638, "delta": 7.603975}}
{"target": -45.63846153089459, "params": {"C": 137.3921157784657, "epsilon": 26.97258007127379, "gamma": 0.3097810339218361, "lamda": 0.22360759303257063}, "datetime": {"datetime": "2021-10-06 07:39:48", "elapsed": 62343.521177, "delta": 60564.486539}}
{"target": -41.75298887410477, "params": {"C": 193.52047286363404, "epsilon": 28.146968271210962, "gamma": 0.316180091189388, "lamda": 0.07628911061583944}, "datetime": {"datetime": "2021-10-06 07:39:56", "elapsed": 62351.470954, "delta": 7.949777}}
{"target": -37.57136253953469, "params": {"C": 58.25838745018905, "epsilon": 16.278673536117957, "gamma": 0.09525879872266609, "lamda": 0.09538495607103059}, "datetime": {"datetime": "2021-10-06 07:40:00", "elapsed": 62354.909063, "delta": 3.438109}}
{"target": -38.45067240353963, "params": {"C": 193.75653226437723, "epsilon": 29.47653976702233, "gamma": 0.0032058988283770306, "lamda": 0.2710237198604568}, "datetime": {"datetime": "2021-10-06 07:40:07", "elapsed": 62361.773916, "delta": 6.864853}}
{"target": -36.44630352117865, "params": {"C": 137.43787763627196, "epsilon": 28.153193178254227, "gamma": 0.13564085091481207, "lamda": 0.06728830054945256}, "datetime": {"datetime": "2021-10-06 07:40:14", "elapsed": 62368.935959, "delta": 7.162043}}
{"target": -34.94147652820362, "params": {"C": 137.5991025404059, "epsilon": 27.474651578364686, "gamma": 0.031889006353548244, "lamda": 0.19343466010775462}, "datetime": {"datetime": "2021-10-06 07:40:20", "elapsed": 62375.596442, "delta": 6.660483}}
{"target": -40.124168589563666, "params": {"C": 193.06276224718513, "epsilon": 28.094224472861278, "gamma": 0.0818780845733561, "lamda": 0.3188366402823791}, "datetime": {"datetime": "2021-10-06 07:40:27", "elapsed": 62382.004113, "delta": 6.407671}}
{"target": -48.34770662511203, "params": {"C": 137.32786840653597, "epsilon": 27.573850282255712, "gamma": 0.3433485696165247, "lamda": 0.34674593063692877}, "datetime": {"datetime": "2021-10-06 07:40:33", "elapsed": 62387.993313, "delta": 5.9892}}
{"target": -36.70003488188597, "params": {"C": 129.83846157248882, "epsilon": 28.849257647474904, "gamma": 0.0001, "lamda": 0.0001}, "datetime": {"datetime": "2021-10-06 07:40:39", "elapsed": 62394.058872, "delta": 6.065559}}
{"target": -49.28407303478811, "params": {"C": 93.48732191548181, "epsilon": 27.741847744141243, "gamma": 0.3595050369155515, "lamda": 0.3856698125625254}, "datetime": {"datetime": "2021-10-06 07:40:46", "elapsed": 62400.772155, "delta": 6.713283}}
{"target": -37.896316817778576, "params": {"C": 35.9740881012286, "epsilon": 27.902029177449545, "gamma": 0.0020766453582570657, "lamda": 0.19454006770918073}, "datetime": {"datetime": "2021-10-06 07:40:54", "elapsed": 62408.852773, "delta": 8.080618}}
{"target": -37.82652979715669, "params": {"C": 35.98373787652636, "epsilon": 28.380660432131155, "gamma": 0.05286710153830203, "lamda": 0.28479388939334993}, "datetime": {"datetime": "2021-10-06 07:41:01", "elapsed": 62415.718735, "delta": 6.865962}}
{"target": -45.47532653391735, "params": {"C": 164.20358790359757, "epsilon": 4.0777129088540285, "gamma": 0.23664123262120534, "lamda": 0.12265915530844887}, "datetime": {"datetime": "2021-10-06 07:41:03", "elapsed": 62417.997382, "delta": 2.278647}}
{"target": -41.67951993936364, "params": {"C": 133.09414878718374, "epsilon": 15.64771012243359, "gamma": 0.16715831354952249, "lamda": 0.14068010214414522}, "datetime": {"datetime": "2021-10-06 07:41:06", "elapsed": 62420.762057, "delta": 2.764675}}
{"target": -35.56805710757436, "params": {"C": 132.40212781403295, "epsilon": 27.430170136379115, "gamma": 0.08010737231671128, "lamda": 0.018361692280106492}, "datetime": {"datetime": "2021-10-06 07:41:10", "elapsed": 62425.249963, "delta": 4.487906}}
{"target": -61.11410853436411, "params": {"C": 161.24319250619317, "epsilon": 1.4117633019150468, "gamma": 0.19528697647445512, "lamda": 0.37656094450780947}, "datetime": {"datetime": "2021-10-06 07:41:12", "elapsed": 62427.474682, "delta": 2.224719}}
{"target": -38.64923349654301, "params": {"C": 138.0185023639441, "epsilon": 28.023234073126282, "gamma": 0.20336255689599933, "lamda": 0.0826037936167952}, "datetime": {"datetime": "2021-10-06 07:41:18", "elapsed": 62432.865584, "delta": 5.390902}}
{"target": -38.78936771170143, "params": {"C": 179.6665468734503, "epsilon": 16.70647834919209, "gamma": 0.13273858984282572, "lamda": 0.032892675645315735}, "datetime": {"datetime": "2021-10-06 07:41:28", "elapsed": 62443.316848, "delta": 10.451264}}
{"target": -38.35192099225242, "params": {"C": 89.9101337516582, "epsilon": 12.313237268238609, "gamma": 0.09710578325045825, "lamda": 0.08559659831402654}, "datetime": {"datetime": "2021-10-06 07:41:31", "elapsed": 62445.7383, "delta": 2.421452}}
{"target": -39.06353453137392, "params": {"C": 132.51313702819857, "epsilon": 27.178509996792155, "gamma": 0.06143760624133887, "lamda": 0.29959200305139033}, "datetime": {"datetime": "2021-10-06 07:41:37", "elapsed": 62452.523959, "delta": 6.785659}}
{"target": -34.484208167955046, "params": {"C": 160.25751774177124, "epsilon": 28.62193593655738, "gamma": 0.0111520908221258, "lamda": 0.18443599869635885}, "datetime": {"datetime": "2021-10-06 07:41:44", "elapsed": 62459.014185, "delta": 6.490226}}
{"target": -39.98457605646745, "params": {"C": 137.08199393427944, "epsilon": 28.289167142090584, "gamma": 0.08286208562439958, "lamda": 0.31366049451446765}, "datetime": {"datetime": "2021-10-06 07:41:50", "elapsed": 62465.514528, "delta": 6.500343}}
{"target": -37.00947467809783, "params": {"C": 137.85018326508893, "epsilon": 27.582051864758043, "gamma": 0.0001, "lamda": 0.0001}, "datetime": {"datetime": "2021-10-06 07:41:57", "elapsed": 62472.215265, "delta": 6.700737}}
{"target": -44.73046790309012, "params": {"C": 95.64025074084948, "epsilon": 26.837949836331564, "gamma": 0.2518128722535126, "lamda": 0.24803674843710746}, "datetime": {"datetime": "2021-10-06 07:42:00", "elapsed": 62474.774715, "delta": 2.55945}}
{"target": -49.39237759392979, "params": {"C": 85.5744428881801, "epsilon": 12.842731900674663, "gamma": 0.397495861192952, "lamda": 0.12737140451904544}, "datetime": {"datetime": "2021-10-06 07:42:02", "elapsed": 62476.927745, "delta": 2.15303}}
{"target": -42.564954818940265, "params": {"C": 195.2768055528552, "epsilon": 21.913005784347103, "gamma": 0.04453044786186463, "lamda": 0.35828055559706307}, "datetime": {"datetime": "2021-10-06 07:42:05", "elapsed": 62480.324675, "delta": 3.39693}}
{"target": -46.45090331594516, "params": {"C": 48.359850760915805, "epsilon": 25.20166371386502, "gamma": 0.23640895172771267, "lamda": 0.30320917655580504}, "datetime": {"datetime": "2021-10-06 07:42:08", "elapsed": 62483.498463, "delta": 3.173788}}
{"target": -40.63151196643416, "params": {"C": 102.00464394671786, "epsilon": 23.03109403895172, "gamma": 0.061614682374621636, "lamda": 0.2988329254704793}, "datetime": {"datetime": "2021-10-06 07:42:12", "elapsed": 62487.581639, "delta": 4.083176}}
{"target": -43.11757166884603, "params": {"C": 151.0042608491522, "epsilon": 4.69264527679362, "gamma": 0.06353316959026112, "lamda": 0.1961585370330865}, "datetime": {"datetime": "2021-10-06 07:42:15", "elapsed": 62490.676384, "delta": 3.094745}}
{"target": -37.647097091993935, "params": {"C": 160.86286179492836, "epsilon": 10.62521108874889, "gamma": 0.06615375903242804, "lamda": 0.05006139632818032}, "datetime": {"datetime": "2021-10-06 07:42:19", "elapsed": 62494.163078, "delta": 3.486694}}
{"target": -40.9821529663454, "params": {"C": 44.97047120305191, "epsilon": 19.774716423884165, "gamma": 0.014293607931149113, "lamda": 0.311054443314045}, "datetime": {"datetime": "2021-10-06 07:42:23", "elapsed": 62498.188311, "delta": 4.025233}}
{"target": -36.91626212292925, "params": {"C": 137.15548162653215, "epsilon": 27.442680888836172, "gamma": 0.12675491273213532, "lamda": 0.022904518744328042}, "datetime": {"datetime": "2021-10-06 07:42:34", "elapsed": 62509.430208, "delta": 11.241897}}
{"target": -42.997906122542716, "params": {"C": 132.225766571972, "epsilon": 27.42987908947159, "gamma": 0.39416958816991193, "lamda": 0.060809018334304715}, "datetime": {"datetime": "2021-10-06 07:42:54", "elapsed": 62529.067221, "delta": 19.637013}}
{"target": -43.7341122593539, "params": {"C": 18.480427479560905, "epsilon": 23.070430836798693, "gamma": 0.10403281645433181, "lamda": 0.3320291435824268}, "datetime": {"datetime": "2021-10-06 07:43:04", "elapsed": 62539.207055, "delta": 10.139834}}
{"target": -54.96042394120181, "params": {"C": 159.30465138084062, "epsilon": 2.3940767647607464, "gamma": 0.39145014891073426, "lamda": 0.22825805667803062}, "datetime": {"datetime": "2021-10-06 07:43:08", "elapsed": 62542.7693, "delta": 3.562245}}
{"target": -49.57436584479697, "params": {"C": 84.09780887894188, "epsilon": 28.656550738310862, "gamma": 0.0001, "lamda": 0.34876865528503637}, "datetime": {"datetime": "2021-10-06 07:43:19", "elapsed": 62554.30611, "delta": 11.53681}}
{"target": -33.54427718465489, "params": {"C": 92.92263098871422, "epsilon": 27.52688332231637, "gamma": 0.010878383305229708, "lamda": 0.01325278318407436}, "datetime": {"datetime": "2021-10-06 07:43:32", "elapsed": 62566.869297, "delta": 12.563187}}
{"target": -50.61829287159756, "params": {"C": 7.2895314054509655, "epsilon": 22.642913320446787, "gamma": 0.3150066376599892, "lamda": 0.3174290485496881}, "datetime": {"datetime": "2021-10-06 07:43:35", "elapsed": 62570.580425, "delta": 3.711128}}
{"target": -33.551379170616116, "params": {"C": 35.56385002331889, "epsilon": 28.097793254540562, "gamma": 0.0260899765458655, "lamda": 0.11472199650643224}, "datetime": {"datetime": "2021-10-06 07:43:45", "elapsed": 62579.926127, "delta": 9.345702}}
{"target": -34.585266359770216, "params": {"C": 50.031959269466384, "epsilon": 26.305093277936198, "gamma": 0.07317863921913893, "lamda": 0.07097290415039076}, "datetime": {"datetime": "2021-10-06 07:43:48", "elapsed": 62583.118354, "delta": 3.192227}}
{"target": -42.137224357531835, "params": {"C": 192.73653663409985, "epsilon": 28.11535277789056, "gamma": 0.36603209174232765, "lamda": 0.05043454022841599}, "datetime": {"datetime": "2021-10-06 07:43:57", "elapsed": 62592.53579, "delta": 9.417436}}
{"target": -46.17654237591633, "params": {"C": 18.141908502082003, "epsilon": 23.117187960244465, "gamma": 0.0001, "lamda": 0.0001}, "datetime": {"datetime": "2021-10-06 07:44:15", "elapsed": 62610.60943, "delta": 18.07364}}
{"target": -48.390392021853685, "params": {"C": 50.22731363741451, "epsilon": 26.09976370345954, "gamma": 0.2668513863865894, "lamda": 0.3703456421490565}, "datetime": {"datetime": "2021-10-06 07:44:24", "elapsed": 62619.180534, "delta": 8.571104}}
{"target": -43.482296991399444, "params": {"C": 107.79767015778553, "epsilon": 10.864457196767477, "gamma": 0.20044648519550667, "lamda": 0.12997452094809453}, "datetime": {"datetime": "2021-10-06 07:44:28", "elapsed": 62623.500852, "delta": 4.320318}}
{"target": -42.59220847888402, "params": {"C": 35.659657465568415, "epsilon": 28.377147262265236, "gamma": 0.0001, "lamda": 0.0001}, "datetime": {"datetime": "2021-10-06 07:44:52", "elapsed": 62646.696848, "delta": 23.195996}}
{"target": -41.17936919772109, "params": {"C": 193.14431617768872, "epsilon": 29.92341139842046, "gamma": 0.21691682525052888, "lamda": 0.002276148236918059}, "datetime": {"datetime": "2021-10-06 07:45:02", "elapsed": 62657.036548, "delta": 10.3397}}
{"target": -45.947406785106196, "params": {"C": 49.85813408890565, "epsilon": 26.62476097143557, "gamma": 0.36396388614736724, "lamda": 0.1870621940440214}, "datetime": {"datetime": "2021-10-06 07:45:13", "elapsed": 62668.483574, "delta": 11.447026}}
{"target": -34.71889447514804, "params": {"C": 93.08758714048274, "epsilon": 27.214285915153756, "gamma": 0.03745945692118914, "lamda": 0.17108921446839132}, "datetime": {"datetime": "2021-10-06 07:45:23", "elapsed": 62677.984615, "delta": 9.501041}}
{"target": -42.88631014353393, "params": {"C": 24.47623606316657, "epsilon": 16.91936965659929, "gamma": 0.22928112284997496, "lamda": 0.06171775149986124}, "datetime": {"datetime": "2021-10-06 07:45:27", "elapsed": 62682.175833, "delta": 4.191218}}
{"target": -44.55616052004349, "params": {"C": 92.64817791153818, "epsilon": 27.569163991064073, "gamma": 0.33980416593638096, "lamda": 0.15895045531359067}, "datetime": {"datetime": "2021-10-06 07:45:41", "elapsed": 62695.720085, "delta": 13.544252}}
{"target": -36.89415272028871, "params": {"C": 93.44959399209299, "epsilon": 26.99581065236512, "gamma": 0.02132823346195878, "lamda": 0.2787591450425036}, "datetime": {"datetime": "2021-10-06 07:45:51", "elapsed": 62706.349034, "delta": 10.628949}}
{"target": -39.52940437642833, "params": {"C": 132.52232425774682, "epsilon": 27.677984838933966, "gamma": 0.18356916403853002, "lamda": 0.008363555577993608}, "datetime": {"datetime": "2021-10-06 07:46:07", "elapsed": 62722.424935, "delta": 16.075901}}
{"target": -39.48434414059253, "params": {"C": 137.93635655698023, "epsilon": 27.34217785184764, "gamma": 0.034726084578200124, "lamda": 0.35611738727183706}, "datetime": {"datetime": "2021-10-06 07:46:20", "elapsed": 62735.298399, "delta": 12.873464}}
{"target": -39.40050129690863, "params": {"C": 93.12305241068191, "epsilon": 27.449302288744736, "gamma": 0.0251182958094174, "lamda": 0.3688189726517848}, "datetime": {"datetime": "2021-10-06 07:46:30", "elapsed": 62745.634523, "delta": 10.336124}}
{"target": -33.34625732173857, "params": {"C": 36.03998723690835, "epsilon": 27.32909397843617, "gamma": 0.028906987119369208, "lamda": 0.042623413925838155}, "datetime": {"datetime": "2021-10-06 07:46:39", "elapsed": 62754.501199, "delta": 8.866676}}
{"target": -37.01750105607762, "params": {"C": 93.12715223984841, "epsilon": 26.814687783084285, "gamma": 0.13726904748349786, "lamda": 0.08906816815368657}, "datetime": {"datetime": "2021-10-06 07:46:50", "elapsed": 62764.79633, "delta": 10.295131}}
{"target": -35.38921777185801, "params": {"C": 170.1796837916232, "epsilon": 29.607434512103787, "gamma": 0.0001, "lamda": 0.0001}, "datetime": {"datetime": "2021-10-06 07:47:04", "elapsed": 62779.250486, "delta": 14.454156}}
{"target": -33.777932018055125, "params": {"C": 93.36998567875118, "epsilon": 27.035240110035627, "gamma": 0.006513019235723348, "lamda": 0.0043060333541257104}, "datetime": {"datetime": "2021-10-06 07:47:16", "elapsed": 62790.957906, "delta": 11.70742}}
{"target": -42.02803035858415, "params": {"C": 93.50894820664132, "epsilon": 27.16910723100779, "gamma": 0.3708583691777764, "lamda": 0.01559166501686537}, "datetime": {"datetime": "2021-10-06 07:47:26", "elapsed": 62801.235861, "delta": 10.277955}}
{"target": -48.288324265500506, "params": {"C": 175.50396422872683, "epsilon": 26.81783852911784, "gamma": 0.0001, "lamda": 0.20040279646572298}, "datetime": {"datetime": "2021-10-06 07:47:40", "elapsed": 62815.168441, "delta": 13.93258}}
{"target": -42.0273949482448, "params": {"C": 60.03386378968233, "epsilon": 22.721254053522614, "gamma": 0.0001, "lamda": 0.0001}, "datetime": {"datetime": "2021-10-06 07:47:50", "elapsed": 62825.053445, "delta": 9.885004}}
{"target": -39.66394907290648, "params": {"C": 41.17124422346172, "epsilon": 26.35799363842489, "gamma": 0.2234785708803078, "lamda": 0.040191170882359274}, "datetime": {"datetime": "2021-10-06 07:48:01", "elapsed": 62836.638654, "delta": 11.585209}}
{"target": -40.617310094900574, "params": {"C": 93.00163646249518, "epsilon": 27.25614074167035, "gamma": 0.284610857911482, "lamda": 0.037396519863815494}, "datetime": {"datetime": "2021-10-06 07:48:12", "elapsed": 62846.761922, "delta": 10.123268}}
{"target": -35.31465899808325, "params": {"C": 191.99483508381604, "epsilon": 28.40138473536108, "gamma": 0.0001, "lamda": 0.0001}, "datetime": {"datetime": "2021-10-06 07:48:21", "elapsed": 62856.157871, "delta": 9.395949}}
{"target": -42.28407604091975, "params": {"C": 4.7259018734740845, "epsilon": 7.219396973774976, "gamma": 0.01386687626088788, "lamda": 0.07396777756375748}, "datetime": {"datetime": "2021-10-06 07:48:25", "elapsed": 62859.810092, "delta": 3.652221}}
{"target": -33.33381642003408, "params": {"C": 93.14380898301523, "epsilon": 27.986038276514847, "gamma": 0.009051057883759381, "lamda": 0.038924955859227756}, "datetime": {"datetime": "2021-10-06 07:48:37", "elapsed": 62872.372914, "delta": 12.562822}}
{"target": -42.3728663831473, "params": {"C": 65.38835302482589, "epsilon": 15.973417515992097, "gamma": 0.1359877880057905, "lamda": 0.1938476937571751}, "datetime": {"datetime": "2021-10-06 07:48:41", "elapsed": 62876.586457, "delta": 4.213543}}
