{"target": -32.9757030963728, "params": {"C": 299.7977886316828, "epsilon": 34.78324471746002, "gamma": 0.018312169895524727, "lamda": 0.06717754420332833}, "datetime": {"datetime": "2021-10-06 09:29:41", "elapsed": 78.750936, "delta": 0.669927}}
{"target": -32.964606409223194, "params": {"C": 187.66893438862374, "epsilon": 33.61745316353573, "gamma": 0.015762729045329646, "lamda": 0.07669726109452049}, "datetime": {"datetime": "2021-10-06 09:29:41", "elapsed": 79.382864, "delta": 0.631928}}
{"target": -32.91739117598344, "params": {"C": 336.2743798230534, "epsilon": 37.24637345507083, "gamma": 0.008268846071570959, "lamda": 0.07875922521474543}, "datetime": {"datetime": "2021-10-06 09:29:42", "elapsed": 80.006669, "delta": 0.623805}}
{"target": -32.90993949134887, "params": {"C": 317.9374773450969, "epsilon": 36.837403759280505, "gamma": 0.01289933541976533, "lamda": 0.039588384711512374}, "datetime": {"datetime": "2021-10-06 09:29:43", "elapsed": 80.677352, "delta": 0.670683}}
{"target": -32.93299901127475, "params": {"C": 38.912734921086184, "epsilon": 38.09656962731433, "gamma": 0.008732782620340124, "lamda": 0.0661089947389103}, "datetime": {"datetime": "2021-10-06 09:29:43", "elapsed": 81.449202, "delta": 0.77185}}
{"target": -32.99517237827363, "params": {"C": 195.70465863514966, "epsilon": 33.040492152444536, "gamma": 0.01562782379649815, "lamda": 0.05318630862936834}, "datetime": {"datetime": "2021-10-06 09:29:44", "elapsed": 82.209193, "delta": 0.759991}}
{"target": -32.925073332273676, "params": {"C": 380.12012273405657, "epsilon": 37.50760963078807, "gamma": 0.011978024261369851, "lamda": 0.07993204869239995}, "datetime": {"datetime": "2021-10-06 09:29:45", "elapsed": 83.024667, "delta": 0.815474}}
{"target": -32.8443416217385, "params": {"C": 268.33355304896844, "epsilon": 36.799603258454425, "gamma": 0.009529614310494216, "lamda": 0.0730943195283193}, "datetime": {"datetime": "2021-10-06 09:29:46", "elapsed": 83.729517, "delta": 0.70485}}
{"target": -32.86869680716211, "params": {"C": 108.46248613637835, "epsilon": 34.71492863463778, "gamma": 0.012033878814274238, "lamda": 0.06668001859320064}, "datetime": {"datetime": "2021-10-06 09:29:47", "elapsed": 84.711433, "delta": 0.981916}}
{"target": -32.987185305892744, "params": {"C": 391.47194591483014, "epsilon": 32.13408357140492, "gamma": 0.01200107003344864, "lamda": 0.06891764889913168}, "datetime": {"datetime": "2021-10-06 09:29:47", "elapsed": 85.397961, "delta": 0.686528}}
{"target": -32.91869008103418, "params": {"C": 162.565833944926, "epsilon": 34.88272041582321, "gamma": 0.004653041136105694, "lamda": 0.041098700246396766}, "datetime": {"datetime": "2021-10-06 09:29:48", "elapsed": 86.107768, "delta": 0.709807}}
{"target": -32.91025506780982, "params": {"C": 338.4411165895401, "epsilon": 36.520208538018096, "gamma": 0.01498622777246802, "lamda": 0.06182615540714482}, "datetime": {"datetime": "2021-10-06 09:29:49", "elapsed": 86.836239, "delta": 0.728471}}
{"target": -32.914540348150304, "params": {"C": 132.17629847981107, "epsilon": 32.74846365245777, "gamma": 0.004825722348883488, "lamda": 0.0400121468333732}, "datetime": {"datetime": "2021-10-06 09:29:49", "elapsed": 87.543682, "delta": 0.707443}}
{"target": -33.03175364599416, "params": {"C": 109.50068211539923, "epsilon": 32.002337863894404, "gamma": 0.005044234460242498, "lamda": 0.06422958023147604}, "datetime": {"datetime": "2021-10-06 09:29:50", "elapsed": 88.238176, "delta": 0.694494}}
{"target": -32.878296113140465, "params": {"C": 331.269030007497, "epsilon": 34.482971934127804, "gamma": 0.0102023547324919, "lamda": 0.040884236211462366}, "datetime": {"datetime": "2021-10-06 09:29:51", "elapsed": 88.956004, "delta": 0.717828}}
{"target": -32.91605829212324, "params": {"C": 131.89433229171513, "epsilon": 37.07116217684056, "gamma": 0.014089280509788537, "lamda": 0.064419876737047}, "datetime": {"datetime": "2021-10-06 09:29:52", "elapsed": 89.689483, "delta": 0.733479}}
{"target": -32.84650283973922, "params": {"C": 312.56520607909926, "epsilon": 35.7026566727072, "gamma": 0.01073591639809714, "lamda": 0.059627641504814456}, "datetime": {"datetime": "2021-10-06 09:29:52", "elapsed": 90.391219, "delta": 0.701736}}
{"target": -32.99704445837258, "params": {"C": 238.10033914666147, "epsilon": 38.067803685486126, "gamma": 0.004558316284786235, "lamda": 0.03394990414302031}, "datetime": {"datetime": "2021-10-06 09:29:53", "elapsed": 91.264919, "delta": 0.8737}}
{"target": -32.94719418341188, "params": {"C": 348.6530836298851, "epsilon": 32.636410898512636, "gamma": 0.005977005669407614, "lamda": 0.06501990936309014}, "datetime": {"datetime": "2021-10-06 09:29:54", "elapsed": 91.934067, "delta": 0.669148}}
{"target": -32.99562599029169, "params": {"C": 246.35208919519386, "epsilon": 35.265003678637896, "gamma": 0.006127371898165917, "lamda": 0.07512632481690074}, "datetime": {"datetime": "2021-10-06 09:29:55", "elapsed": 92.648034, "delta": 0.713967}}
{"target": -32.894743994103244, "params": {"C": 174.99145688359457, "epsilon": 36.629223141009504, "gamma": 0.007326555798077261, "lamda": 0.06822886387587454}, "datetime": {"datetime": "2021-10-06 09:29:55", "elapsed": 93.483075, "delta": 0.835041}}
{"target": -32.9625096564961, "params": {"C": 386.92413729731254, "epsilon": 34.94664218613967, "gamma": 0.0043296481500366005, "lamda": 0.0374041707525585}, "datetime": {"datetime": "2021-10-06 09:29:56", "elapsed": 94.228691, "delta": 0.745616}}
{"target": -32.924542812974536, "params": {"C": 219.39412479530122, "epsilon": 36.8050954018516, "gamma": 0.014528899455952949, "lamda": 0.07246081763073331}, "datetime": {"datetime": "2021-10-06 09:29:57", "elapsed": 94.952194, "delta": 0.723503}}
{"target": -32.985683657919424, "params": {"C": 267.80235185803554, "epsilon": 32.386962551095635, "gamma": 0.005949471413570679, "lamda": 0.07366750241030076}, "datetime": {"datetime": "2021-10-06 09:29:58", "elapsed": 95.686772, "delta": 0.734578}}
{"target": -33.02104052838243, "params": {"C": 150.9752990607762, "epsilon": 32.61374251647445, "gamma": 0.019223009677180686, "lamda": 0.0760698306988333}, "datetime": {"datetime": "2021-10-06 09:29:58", "elapsed": 96.538434, "delta": 0.851662}}
{"target": -32.873829251909044, "params": {"C": 64.14640793335204, "epsilon": 36.176286574196794, "gamma": 0.006009237810614359, "lamda": 0.04356007156960718}, "datetime": {"datetime": "2021-10-06 09:29:59", "elapsed": 97.282129, "delta": 0.743695}}
{"target": -32.95012928765231, "params": {"C": 115.6718104103088, "epsilon": 36.00202595421465, "gamma": 0.017566592890927442, "lamda": 0.04314210095217215}, "datetime": {"datetime": "2021-10-06 09:30:00", "elapsed": 98.053723, "delta": 0.771594}}
{"target": -33.07970750761267, "params": {"C": 137.61111567074312, "epsilon": 32.66573823641946, "gamma": 0.013968555732063887, "lamda": 0.033021663686980396}, "datetime": {"datetime": "2021-10-06 09:30:01", "elapsed": 98.805265, "delta": 0.751542}}
{"target": -32.83460683277496, "params": {"C": 129.69891958310984, "epsilon": 33.613853278499256, "gamma": 0.006047318103891659, "lamda": 0.03243363644927838}, "datetime": {"datetime": "2021-10-06 09:30:01", "elapsed": 99.524311, "delta": 0.719046}}
{"target": -32.92701658530274, "params": {"C": 242.2995259762282, "epsilon": 34.72398973703651, "gamma": 0.013825629852870664, "lamda": 0.05476706943133201}, "datetime": {"datetime": "2021-10-06 09:30:02", "elapsed": 100.26748, "delta": 0.743169}}
{"target": -33.049060459732125, "params": {"C": 313.26166996444863, "epsilon": 32.68295435633456, "gamma": 0.013304820707805143, "lamda": 0.037652211209153144}, "datetime": {"datetime": "2021-10-06 09:30:03", "elapsed": 101.016089, "delta": 0.748609}}
{"target": -32.94637415978009, "params": {"C": 337.72812904287366, "epsilon": 37.68183818620192, "gamma": 0.019712981840249347, "lamda": 0.049460487264065385}, "datetime": {"datetime": "2021-10-06 09:30:04", "elapsed": 102.077013, "delta": 1.060924}}
{"target": -33.00578698389231, "params": {"C": 363.79596132786855, "epsilon": 33.60188839362898, "gamma": 0.019365064577387014, "lamda": 0.048934265093944995}, "datetime": {"datetime": "2021-10-06 09:30:05", "elapsed": 102.829089, "delta": 0.752076}}
{"target": -33.029662097161676, "params": {"C": 151.37608583981063, "epsilon": 36.65518071204361, "gamma": 0.004106112266927262, "lamda": 0.033905785126572795}, "datetime": {"datetime": "2021-10-06 09:30:06", "elapsed": 103.593282, "delta": 0.764193}}
{"target": -32.92682868716922, "params": {"C": 206.9750746978182, "epsilon": 37.15028568730032, "gamma": 0.016445336945731116, "lamda": 0.05748139469395437}, "datetime": {"datetime": "2021-10-06 09:30:06", "elapsed": 104.348856, "delta": 0.755574}}
{"target": -33.038267521214635, "params": {"C": 180.03036324004577, "epsilon": 32.77106080635741, "gamma": 0.01982616164602124, "lamda": 0.05616560769953548}, "datetime": {"datetime": "2021-10-06 09:30:07", "elapsed": 105.098901, "delta": 0.750045}}
{"target": -33.025775832568115, "params": {"C": 304.90397657728187, "epsilon": 32.69765820351529, "gamma": 0.01783187072079615, "lamda": 0.0566299099196072}, "datetime": {"datetime": "2021-10-06 09:30:08", "elapsed": 105.82655, "delta": 0.727649}}
{"target": -32.86842490582191, "params": {"C": 103.75921562843565, "epsilon": 35.36855256929366, "gamma": 0.012430764059038889, "lamda": 0.06608984004658391}, "datetime": {"datetime": "2021-10-06 09:30:09", "elapsed": 106.691294, "delta": 0.864744}}
{"target": -33.022960751830475, "params": {"C": 190.12967225228428, "epsilon": 32.774979697928806, "gamma": 0.019701995384791365, "lamda": 0.07796796755693156}, "datetime": {"datetime": "2021-10-06 09:30:09", "elapsed": 107.446391, "delta": 0.755097}}
{"target": -32.981857726118314, "params": {"C": 54.50620868013698, "epsilon": 36.878966985370305, "gamma": 0.012005141687159614, "lamda": 0.03365252620062529}, "datetime": {"datetime": "2021-10-06 09:30:10", "elapsed": 108.378756, "delta": 0.932365}}
{"target": -33.21661287261798, "params": {"C": 179.49511046940182, "epsilon": 38.92138758372572, "gamma": 0.00448529544000695, "lamda": 0.04372842478073836}, "datetime": {"datetime": "2021-10-06 09:30:11", "elapsed": 109.281083, "delta": 0.902327}}
{"target": -32.99801950350172, "params": {"C": 319.3448030141748, "epsilon": 32.07052220086723, "gamma": 0.015453316745225085, "lamda": 0.06398055426672399}, "datetime": {"datetime": "2021-10-06 09:30:12", "elapsed": 110.205626, "delta": 0.924543}}
{"target": -32.840768020757075, "params": {"C": 157.82294535012073, "epsilon": 35.641055804586514, "gamma": 0.008499755858583974, "lamda": 0.06675289860792366}, "datetime": {"datetime": "2021-10-06 09:30:13", "elapsed": 110.960806, "delta": 0.75518}}
{"target": -32.97239929485535, "params": {"C": 121.56988844204918, "epsilon": 34.12655598597477, "gamma": 0.017221597735505946, "lamda": 0.06544540641426656}, "datetime": {"datetime": "2021-10-06 09:30:14", "elapsed": 111.709709, "delta": 0.748903}}
{"target": -33.06030675910006, "params": {"C": 166.10157995446932, "epsilon": 32.823552776733486, "gamma": 0.019859575096273865, "lamda": 0.03179449014278736}, "datetime": {"datetime": "2021-10-06 09:30:14", "elapsed": 112.522475, "delta": 0.812766}}
{"target": -32.92099682496187, "params": {"C": 245.30099896775852, "epsilon": 33.16538590310287, "gamma": 0.007351817478372357, "lamda": 0.07303334202516926}, "datetime": {"datetime": "2021-10-06 09:30:15", "elapsed": 113.269021, "delta": 0.746546}}
{"target": -32.97927803620994, "params": {"C": 137.3500656912886, "epsilon": 38.090299425483366, "gamma": 0.01994299540311756, "lamda": 0.0599305688661429}, "datetime": {"datetime": "2021-10-06 09:30:16", "elapsed": 114.039446, "delta": 0.770425}}
{"target": -32.859990772864904, "params": {"C": 250.41103968732364, "epsilon": 38.3269468807316, "gamma": 0.007653490459346764, "lamda": 0.0357853388125341}, "datetime": {"datetime": "2021-10-06 09:30:17", "elapsed": 115.051522, "delta": 1.012076}}
{"target": -32.82322857206079, "params": {"C": 103.7402388226273, "epsilon": 34.84143350637477, "gamma": 0.007539149803134013, "lamda": 0.052567583389258155}, "datetime": {"datetime": "2021-10-06 09:30:18", "elapsed": 115.997068, "delta": 0.945546}}
{"target": -32.96020208266971, "params": {"C": 174.61654821017493, "epsilon": 35.17557986429202, "gamma": 0.016528175344861007, "lamda": 0.04142115059230091}, "datetime": {"datetime": "2021-10-06 09:30:19", "elapsed": 117.079859, "delta": 1.082791}}
{"target": -33.115708401023575, "params": {"C": 80.18767834073923, "epsilon": 32.78554497851855, "gamma": 0.012504159213280314, "lamda": 0.0323708441431262}, "datetime": {"datetime": "2021-10-06 09:30:20", "elapsed": 117.901505, "delta": 0.821646}}
{"target": -32.953334044136795, "params": {"C": 57.007535394696376, "epsilon": 35.47308497767586, "gamma": 0.014892842198411334, "lamda": 0.05897483457214685}, "datetime": {"datetime": "2021-10-06 09:30:21", "elapsed": 118.699475, "delta": 0.79797}}
{"target": -33.11068887454752, "params": {"C": 210.6208985324449, "epsilon": 35.34657801907018, "gamma": 0.005369346554614469, "lamda": 0.07377274133992716}, "datetime": {"datetime": "2021-10-06 09:30:21", "elapsed": 119.579782, "delta": 0.880307}}
{"target": -32.930182371804165, "params": {"C": 270.0637811844153, "epsilon": 38.29385953956235, "gamma": 0.01324525150983262, "lamda": 0.05226977186365895}, "datetime": {"datetime": "2021-10-06 09:30:22", "elapsed": 120.37093, "delta": 0.791148}}
{"target": -33.02767119638536, "params": {"C": 74.75459691040456, "epsilon": 37.65895204010207, "gamma": 0.015644897332481374, "lamda": 0.030389007489464225}, "datetime": {"datetime": "2021-10-06 09:30:23", "elapsed": 121.179447, "delta": 0.808517}}
{"target": -33.02024095617645, "params": {"C": 117.67531714267467, "epsilon": 32.644122540081625, "gamma": 0.019249309515649796, "lamda": 0.041416983303617656}, "datetime": {"datetime": "2021-10-06 09:30:24", "elapsed": 122.128844, "delta": 0.949397}}
{"target": -32.944916361067264, "params": {"C": 142.9389039801807, "epsilon": 35.65533913758915, "gamma": 0.016060747615917872, "lamda": 0.05136537337439735}, "datetime": {"datetime": "2021-10-06 09:30:25", "elapsed": 122.946923, "delta": 0.818079}}
{"target": -32.870944743716464, "params": {"C": 361.3856825131693, "epsilon": 37.466861276122785, "gamma": 0.008983680672431084, "lamda": 0.03988270869748551}, "datetime": {"datetime": "2021-10-06 09:30:26", "elapsed": 123.787125, "delta": 0.840202}}
{"target": -32.97950463435404, "params": {"C": 369.8389860753176, "epsilon": 33.9872215350649, "gamma": 0.017668552670798993, "lamda": 0.07379295424940846}, "datetime": {"datetime": "2021-10-06 09:30:26", "elapsed": 124.580209, "delta": 0.793084}}
{"target": -32.94046085136381, "params": {"C": 253.19134580213765, "epsilon": 36.19699459525865, "gamma": 0.01651612115858598, "lamda": 0.07931668540741968}, "datetime": {"datetime": "2021-10-06 09:30:28", "elapsed": 125.595906, "delta": 1.015697}}
{"target": -33.04981146003145, "params": {"C": 59.671198984826525, "epsilon": 32.09856704035475, "gamma": 0.01601801812559694, "lamda": 0.05622400434656272}, "datetime": {"datetime": "2021-10-06 09:30:28", "elapsed": 126.402696, "delta": 0.80679}}
{"target": -32.88938471775536, "params": {"C": 293.81826971490943, "epsilon": 33.902465807465774, "gamma": 0.010187450253747447, "lamda": 0.07407619517765983}, "datetime": {"datetime": "2021-10-06 09:30:29", "elapsed": 127.262829, "delta": 0.860133}}
{"target": -32.918255084458885, "params": {"C": 64.53441227881727, "epsilon": 33.10969859479444, "gamma": 0.006976375080757952, "lamda": 0.04842610633691688}, "datetime": {"datetime": "2021-10-06 09:30:30", "elapsed": 128.110139, "delta": 0.84731}}
{"target": -33.24930044562575, "params": {"C": 337.70255959454107, "epsilon": 32.222504742824086, "gamma": 0.004293325773435974, "lamda": 0.07829745196555762}, "datetime": {"datetime": "2021-10-06 09:30:31", "elapsed": 128.967708, "delta": 0.857569}}
{"target": -32.96969774809533, "params": {"C": 325.56158996821904, "epsilon": 34.121172737700626, "gamma": 0.01692681137870398, "lamda": 0.07733228477706253}, "datetime": {"datetime": "2021-10-06 09:30:32", "elapsed": 129.818638, "delta": 0.85093}}
{"target": -32.92974698714325, "params": {"C": 120.33931497966296, "epsilon": 32.374406834762816, "gamma": 0.008372633956676657, "lamda": 0.03577435824440105}, "datetime": {"datetime": "2021-10-06 09:30:33", "elapsed": 130.66285, "delta": 0.844212}}
{"target": -32.94818508816781, "params": {"C": 310.2848297394323, "epsilon": 36.03708841721981, "gamma": 0.013296163420988055, "lamda": 0.03541706343585684}, "datetime": {"datetime": "2021-10-06 09:30:34", "elapsed": 131.750694, "delta": 1.087844}}
{"target": -32.839015294759996, "params": {"C": 158.95926587805377, "epsilon": 36.62949669994475, "gamma": 0.007573058883599824, "lamda": 0.03660299440559423}, "datetime": {"datetime": "2021-10-06 09:30:35", "elapsed": 132.632743, "delta": 0.882049}}
{"target": -32.98424623451482, "params": {"C": 277.73921091718034, "epsilon": 33.64205624876614, "gamma": 0.015793179539543692, "lamda": 0.05139571810558728}, "datetime": {"datetime": "2021-10-06 09:30:35", "elapsed": 133.467265, "delta": 0.834522}}
{"target": -32.86861467020833, "params": {"C": 138.81000409181274, "epsilon": 35.16721579343243, "gamma": 0.012432713143538474, "lamda": 0.07747132017878258}, "datetime": {"datetime": "2021-10-06 09:30:36", "elapsed": 134.285341, "delta": 0.818076}}
{"target": -33.01348243501623, "params": {"C": 367.10994589133907, "epsilon": 32.9706392859079, "gamma": 0.019886184379476746, "lamda": 0.06538412413992381}, "datetime": {"datetime": "2021-10-06 09:30:37", "elapsed": 135.317629, "delta": 1.032288}}
{"target": -32.90789795545146, "params": {"C": 142.42227713410622, "epsilon": 38.02711287565598, "gamma": 0.012307795998157667, "lamda": 0.05255202221305003}, "datetime": {"datetime": "2021-10-06 09:30:38", "elapsed": 136.330912, "delta": 1.013283}}
{"target": -32.96063852864276, "params": {"C": 269.57427060315433, "epsilon": 33.13560307643116, "gamma": 0.004954619442714806, "lamda": 0.054849781141523515}, "datetime": {"datetime": "2021-10-06 09:30:39", "elapsed": 137.186749, "delta": 0.855837}}
{"target": -32.941448087848535, "params": {"C": 48.618799859435015, "epsilon": 34.571970028565495, "gamma": 0.01445864771106593, "lamda": 0.0699123954188623}, "datetime": {"datetime": "2021-10-06 09:30:40", "elapsed": 138.073177, "delta": 0.886428}}
{"target": -32.994545813516936, "params": {"C": 39.42052529276346, "epsilon": 36.03294882393462, "gamma": 0.017135289896610763, "lamda": 0.07470973242725434}, "datetime": {"datetime": "2021-10-06 09:30:41", "elapsed": 138.98139, "delta": 0.908213}}
{"target": -32.94385425810481, "params": {"C": 133.39114133606233, "epsilon": 37.516523279242236, "gamma": 0.01691793069956684, "lamda": 0.06490114517467001}, "datetime": {"datetime": "2021-10-06 09:30:42", "elapsed": 139.891093, "delta": 0.909703}}
{"target": -33.02722179418505, "params": {"C": 53.918850730447744, "epsilon": 34.50817930521503, "gamma": 0.017831904240402187, "lamda": 0.042987175801504636}, "datetime": {"datetime": "2021-10-06 09:30:43", "elapsed": 140.786036, "delta": 0.894943}}
{"target": -32.941943369610094, "params": {"C": 197.92118297812104, "epsilon": 37.87131945532986, "gamma": 0.01772210321559905, "lamda": 0.038105869491180326}, "datetime": {"datetime": "2021-10-06 09:30:44", "elapsed": 141.676695, "delta": 0.890659}}
{"target": -32.93896572021329, "params": {"C": 374.96648345402116, "epsilon": 34.268863087056786, "gamma": 0.010208627065178964, "lamda": 0.034669207808181515}, "datetime": {"datetime": "2021-10-06 09:30:45", "elapsed": 142.744992, "delta": 1.068297}}
{"target": -32.912751643379764, "params": {"C": 213.00493664198206, "epsilon": 35.96014883257172, "gamma": 0.009335958465904685, "lamda": 0.031712104474318395}, "datetime": {"datetime": "2021-10-06 09:30:46", "elapsed": 143.863588, "delta": 1.118596}}
{"target": -32.93926906016897, "params": {"C": 307.7355746300911, "epsilon": 37.415295545257266, "gamma": 0.018080195296282332, "lamda": 0.03830920311157915}, "datetime": {"datetime": "2021-10-06 09:30:47", "elapsed": 144.773943, "delta": 0.910355}}
{"target": -32.97379650730631, "params": {"C": 232.578960807425, "epsilon": 35.32014099709894, "gamma": 0.012706702581298678, "lamda": 0.03469112237666509}, "datetime": {"datetime": "2021-10-06 09:30:48", "elapsed": 145.63326, "delta": 0.859317}}
{"target": -32.90655584550961, "params": {"C": 105.61135741947017, "epsilon": 35.5396767130752, "gamma": 0.010569746683003551, "lamda": 0.03662254924236585}, "datetime": {"datetime": "2021-10-06 09:30:49", "elapsed": 146.914697, "delta": 1.281437}}
{"target": -32.86929760943377, "params": {"C": 213.38866331620855, "epsilon": 38.829743387447195, "gamma": 0.006738552071656653, "lamda": 0.047288951180577035}, "datetime": {"datetime": "2021-10-06 09:30:50", "elapsed": 148.004629, "delta": 1.089932}}
{"target": -32.893173269621045, "params": {"C": 99.96275965152569, "epsilon": 36.809065518573675, "gamma": 0.007454257758557818, "lamda": 0.06764921459659992}, "datetime": {"datetime": "2021-10-06 09:30:51", "elapsed": 148.891385, "delta": 0.886756}}
{"target": -32.861503493156256, "params": {"C": 322.7319979808632, "epsilon": 38.15340636332717, "gamma": 0.00902702432551095, "lamda": 0.045498914463373084}, "datetime": {"datetime": "2021-10-06 09:30:52", "elapsed": 149.881066, "delta": 0.989681}}
{"target": -32.920775491799276, "params": {"C": 132.7192947686944, "epsilon": 37.70165005143581, "gamma": 0.012493158018595999, "lamda": 0.06606953200861235}, "datetime": {"datetime": "2021-10-06 09:30:53", "elapsed": 150.776401, "delta": 0.895335}}
{"target": -32.9173127952059, "params": {"C": 158.91086124326216, "epsilon": 37.71823971925883, "gamma": 0.012595550845872015, "lamda": 0.035486683517788484}, "datetime": {"datetime": "2021-10-06 09:30:54", "elapsed": 151.912053, "delta": 1.135652}}
