{"target": -34.35827484716295, "params": {"C": 283.45813124308256, "epsilon": 35.01757037203832, "gamma": 0.05646889167675983, "lamda": 0.14809025706596893}, "datetime": {"datetime": "2021-10-06 09:13:51", "elapsed": 22.942036, "delta": 0.495045}}
{"target": -33.8908066029804, "params": {"C": 264.9603458095565, "epsilon": 35.751172147443775, "gamma": 0.021109187420855803, "lamda": 0.014163323831482205}, "datetime": {"datetime": "2021-10-06 09:13:52", "elapsed": 23.396629, "delta": 0.454593}}
{"target": -33.86267078033857, "params": {"C": 335.8320830155319, "epsilon": 37.460469836477316, "gamma": 0.03411820271048853, "lamda": 0.05757128666712914}, "datetime": {"datetime": "2021-10-06 09:13:52", "elapsed": 23.829071, "delta": 0.432442}}
{"target": -34.44678278367774, "params": {"C": 359.8630650786467, "epsilon": 32.448202184346826, "gamma": 0.07046664943311023, "lamda": 0.067141586273939}, "datetime": {"datetime": "2021-10-06 09:13:53", "elapsed": 24.252052, "delta": 0.422981}}
{"target": -34.43673698892443, "params": {"C": 360.1195466655466, "epsilon": 38.83361632312075, "gamma": 0.07039744003107447, "lamda": 0.05019414335015218}, "datetime": {"datetime": "2021-10-06 09:13:53", "elapsed": 24.700212, "delta": 0.44816}}
{"target": -38.728573466404335, "params": {"C": 398.08874925059837, "epsilon": 35.920302112564336, "gamma": 0.0828500411488895, "lamda": 0.0030629456873623663}, "datetime": {"datetime": "2021-10-06 09:13:53", "elapsed": 25.186124, "delta": 0.485912}}
{"target": -34.93157795450491, "params": {"C": 283.7269056695363, "epsilon": 34.852113286797554, "gamma": 0.06952933323129531, "lamda": 0.02108343846027245}, "datetime": {"datetime": "2021-10-06 09:13:54", "elapsed": 25.718614, "delta": 0.53249}}
{"target": -34.56751010156207, "params": {"C": 359.9368353034829, "epsilon": 33.452609892206155, "gamma": 0.07879307021323008, "lamda": 0.10740553741771325}, "datetime": {"datetime": "2021-10-06 09:13:54", "elapsed": 26.134802, "delta": 0.416188}}
{"target": -34.11882609244968, "params": {"C": 399.8053943990255, "epsilon": 35.26320634006072, "gamma": 0.04856708400307549, "lamda": 0.1329408721935095}, "datetime": {"datetime": "2021-10-06 09:13:55", "elapsed": 26.55176, "delta": 0.416958}}
{"target": -34.96108618638345, "params": {"C": 398.60284875010996, "epsilon": 32.398173305900336, "gamma": 0.006319653848969269, "lamda": 0.08245708375798964}, "datetime": {"datetime": "2021-10-06 09:13:55", "elapsed": 26.990782, "delta": 0.439022}}
{"target": -34.781420864455534, "params": {"C": 313.9826026271783, "epsilon": 30.313476267066235, "gamma": 0.08417450063227265, "lamda": 0.08151071209758289}, "datetime": {"datetime": "2021-10-06 09:13:56", "elapsed": 27.42297, "delta": 0.432188}}
{"target": -33.82060341631812, "params": {"C": 264.88802488461346, "epsilon": 35.91182155922815, "gamma": 0.019284202914047782, "lamda": 0.024452717974856795}, "datetime": {"datetime": "2021-10-06 09:13:56", "elapsed": 27.924433, "delta": 0.501463}}
{"target": -34.977604485494574, "params": {"C": 390.67024888323317, "epsilon": 36.895667461449435, "gamma": 0.09997243497488101, "lamda": 0.05111929951873702}, "datetime": {"datetime": "2021-10-06 09:13:57", "elapsed": 28.363533, "delta": 0.4391}}
{"target": -34.068881502559144, "params": {"C": 283.64365533228255, "epsilon": 34.89279531434915, "gamma": 0.03444295159799815, "lamda": 0.13526868997297364}, "datetime": {"datetime": "2021-10-06 09:13:57", "elapsed": 28.835815, "delta": 0.472282}}
{"target": -34.55324252694601, "params": {"C": 297.7396728381574, "epsilon": 30.59096819055763, "gamma": 0.06929607598105518, "lamda": 0.09682333037781549}, "datetime": {"datetime": "2021-10-06 09:13:58", "elapsed": 29.289806, "delta": 0.453991}}
{"target": -34.43245944637103, "params": {"C": 305.45992726501163, "epsilon": 37.27264173044029, "gamma": 0.07941996384159788, "lamda": 0.09683973610524169}, "datetime": {"datetime": "2021-10-06 09:13:58", "elapsed": 29.722319, "delta": 0.432513}}
{"target": -33.84378721509954, "params": {"C": 375.2044038311119, "epsilon": 38.140136696109465, "gamma": 0.017216963584876045, "lamda": 0.038632778058370475}, "datetime": {"datetime": "2021-10-06 09:13:59", "elapsed": 30.239478, "delta": 0.517159}}
{"target": -36.684547456042765, "params": {"C": 283.87479723120447, "epsilon": 35.25837408618976, "gamma": 0.0653669461415031, "lamda": 0.0037098562740874937}, "datetime": {"datetime": "2021-10-06 09:13:59", "elapsed": 30.825222, "delta": 0.585744}}
{"target": -34.3057031256956, "params": {"C": 265.0089028755275, "epsilon": 35.707455660385676, "gamma": 0.04689449180514947, "lamda": 0.020146027441736818}, "datetime": {"datetime": "2021-10-06 09:14:00", "elapsed": 31.33404, "delta": 0.508818}}
{"target": -33.84439035720808, "params": {"C": 387.88569959784064, "epsilon": 38.67961798145115, "gamma": 0.017723789024531957, "lamda": 0.02456012760598215}, "datetime": {"datetime": "2021-10-06 09:14:00", "elapsed": 31.810278, "delta": 0.476238}}
{"target": -34.30381562458583, "params": {"C": 320.82399647527455, "epsilon": 36.210565573172836, "gamma": 0.06591801007152194, "lamda": 0.0628490088247013}, "datetime": {"datetime": "2021-10-06 09:14:01", "elapsed": 32.264723, "delta": 0.454445}}
{"target": -34.24659498488765, "params": {"C": 283.75316006300966, "epsilon": 35.2500502879051, "gamma": 0.04984348358748141, "lamda": 0.14672962405579396}, "datetime": {"datetime": "2021-10-06 09:14:01", "elapsed": 32.713971, "delta": 0.449248}}
{"target": -34.62285974857821, "params": {"C": 255.13284970758025, "epsilon": 33.536420392723485, "gamma": 0.05768071881211452, "lamda": 0.018825766074494585}, "datetime": {"datetime": "2021-10-06 09:14:02", "elapsed": 33.215493, "delta": 0.501522}}
{"target": -34.052083414954275, "params": {"C": 397.2050798268469, "epsilon": 36.42601375192066, "gamma": 0.04572111902975504, "lamda": 0.13666484597758444}, "datetime": {"datetime": "2021-10-06 09:14:02", "elapsed": 33.670113, "delta": 0.45462}}
{"target": -34.48515281886623, "params": {"C": 375.2299725352757, "epsilon": 38.1505262109485, "gamma": 0.08232776148796855, "lamda": 0.12478995028362472}, "datetime": {"datetime": "2021-10-06 09:14:02", "elapsed": 34.20009, "delta": 0.529977}}
{"target": -37.1418529174, "params": {"C": 349.03673170759623, "epsilon": 31.06200187596008, "gamma": 0.0030572691175837297, "lamda": 0.08886783303506325}, "datetime": {"datetime": "2021-10-06 09:14:03", "elapsed": 34.70824, "delta": 0.50815}}
{"target": -34.6962764033102, "params": {"C": 387.90818135246195, "epsilon": 38.65778125939738, "gamma": 0.005781178449509771, "lamda": 0.0360793921053734}, "datetime": {"datetime": "2021-10-06 09:14:03", "elapsed": 35.187638, "delta": 0.479398}}
{"target": -33.887100256947924, "params": {"C": 275.5167380534995, "epsilon": 38.08913406673866, "gamma": 0.04049492202274399, "lamda": 0.11268025093487198}, "datetime": {"datetime": "2021-10-06 09:14:04", "elapsed": 35.711378, "delta": 0.52374}}
{"target": -34.72902446856672, "params": {"C": 247.67924153226693, "epsilon": 38.578698115863304, "gamma": 0.09708622373937606, "lamda": 0.08130451489254567}, "datetime": {"datetime": "2021-10-06 09:14:05", "elapsed": 36.213047, "delta": 0.501669}}
{"target": -34.275943328321645, "params": {"C": 308.4484501956731, "epsilon": 35.64281862057648, "gamma": 0.0508041932501112, "lamda": 0.028219717522145985}, "datetime": {"datetime": "2021-10-06 09:14:05", "elapsed": 36.692524, "delta": 0.479477}}
{"target": -34.92785956080605, "params": {"C": 222.02920290999003, "epsilon": 34.38446782627504, "gamma": 0.09093141972799831, "lamda": 0.04406014380519135}, "datetime": {"datetime": "2021-10-06 09:14:06", "elapsed": 37.216242, "delta": 0.523718}}
{"target": -34.55201101831314, "params": {"C": 344.21573180130963, "epsilon": 38.25302635723151, "gamma": 0.06489135900657901, "lamda": 0.03479745450254962}, "datetime": {"datetime": "2021-10-06 09:14:06", "elapsed": 37.71103, "delta": 0.494788}}
{"target": -34.245080793704766, "params": {"C": 341.0021390894417, "epsilon": 34.40213498331902, "gamma": 0.05028821560435197, "lamda": 0.03048089599466729}, "datetime": {"datetime": "2021-10-06 09:14:07", "elapsed": 38.234723, "delta": 0.523693}}
{"target": -34.29169590339114, "params": {"C": 283.8515869635748, "epsilon": 34.90967838048196, "gamma": 0.06582831408398644, "lamda": 0.08018410430975695}, "datetime": {"datetime": "2021-10-06 09:14:07", "elapsed": 38.753107, "delta": 0.518384}}
{"target": -33.917896602898004, "params": {"C": 385.11736368862694, "epsilon": 36.48447277798333, "gamma": 0.018177741478928887, "lamda": 0.09974100028287732}, "datetime": {"datetime": "2021-10-06 09:14:08", "elapsed": 39.264853, "delta": 0.511746}}
{"target": -33.74624941230071, "params": {"C": 264.91554107372, "epsilon": 35.69223613521928, "gamma": 0.027602608184677586, "lamda": 0.08313839302974349}, "datetime": {"datetime": "2021-10-06 09:14:08", "elapsed": 39.750495, "delta": 0.485642}}
{"target": -34.94459980260898, "params": {"C": 238.94395365227354, "epsilon": 37.87454687069085, "gamma": 0.002516231851256642, "lamda": 0.01888379885160598}, "datetime": {"datetime": "2021-10-06 09:14:09", "elapsed": 40.246514, "delta": 0.496019}}
{"target": -34.46136749390248, "params": {"C": 299.5526143740436, "epsilon": 32.28122264059862, "gamma": 0.06300930996862865, "lamda": 0.12403284324148607}, "datetime": {"datetime": "2021-10-06 09:14:09", "elapsed": 40.714513, "delta": 0.467999}}
{"target": -34.356944376576045, "params": {"C": 247.75895998149912, "epsilon": 32.75527032659151, "gamma": 0.0489983651223173, "lamda": 0.020175826065426273}, "datetime": {"datetime": "2021-10-06 09:14:10", "elapsed": 41.253015, "delta": 0.538502}}
{"target": -34.524006792522485, "params": {"C": 270.99980148699433, "epsilon": 30.954568159973853, "gamma": 0.03700176860025209, "lamda": 0.13793035736667558}, "datetime": {"datetime": "2021-10-06 09:14:10", "elapsed": 41.823378, "delta": 0.570363}}
{"target": -34.8657526413625, "params": {"C": 249.19766294525084, "epsilon": 31.824303229047985, "gamma": 0.08025342763517294, "lamda": 0.1286429472999644}, "datetime": {"datetime": "2021-10-06 09:14:11", "elapsed": 42.38737, "delta": 0.563992}}
{"target": -34.226818169279625, "params": {"C": 385.18389436516577, "epsilon": 36.48346702929911, "gamma": 0.0645012558830415, "lamda": 0.1120970031270772}, "datetime": {"datetime": "2021-10-06 09:14:11", "elapsed": 43.013836, "delta": 0.626466}}
{"target": -34.39938924109484, "params": {"C": 343.98501619355295, "epsilon": 32.508086517530174, "gamma": 0.0671355602211758, "lamda": 0.062357050871335626}, "datetime": {"datetime": "2021-10-06 09:14:12", "elapsed": 43.583947, "delta": 0.570111}}
{"target": -34.366808171743166, "params": {"C": 283.8801676469397, "epsilon": 32.87397131820974, "gamma": 0.06695490510679855, "lamda": 0.08501257717635352}, "datetime": {"datetime": "2021-10-06 09:14:12", "elapsed": 44.162501, "delta": 0.578554}}
{"target": -33.76544986784343, "params": {"C": 283.3838475734039, "epsilon": 37.90950473775314, "gamma": 0.029480562014483, "lamda": 0.0976314005736122}, "datetime": {"datetime": "2021-10-06 09:14:13", "elapsed": 44.679745, "delta": 0.517244}}
{"target": -36.31765637779403, "params": {"C": 264.89225890529167, "epsilon": 35.946404522713124, "gamma": 0.003421041914108949, "lamda": 0.0939120540434909}, "datetime": {"datetime": "2021-10-06 09:14:14", "elapsed": 45.355226, "delta": 0.675481}}
{"target": -34.174573712604925, "params": {"C": 236.44532131058438, "epsilon": 34.18121776429665, "gamma": 0.04935070751491723, "lamda": 0.03917752162832529}, "datetime": {"datetime": "2021-10-06 09:14:14", "elapsed": 45.941556, "delta": 0.58633}}
{"target": -33.95579119997759, "params": {"C": 235.60593568883172, "epsilon": 35.38212679957106, "gamma": 0.04460879011805843, "lamda": 0.08635188975147318}, "datetime": {"datetime": "2021-10-06 09:14:15", "elapsed": 46.505608, "delta": 0.564052}}
{"target": -34.51541845775154, "params": {"C": 219.09156876154248, "epsilon": 30.86350898658781, "gamma": 0.032760682886103835, "lamda": 0.13823465165022003}, "datetime": {"datetime": "2021-10-06 09:14:15", "elapsed": 47.044325, "delta": 0.538717}}
{"target": -34.100060798718474, "params": {"C": 376.81908514775466, "epsilon": 38.307036283234325, "gamma": 0.05386392082700983, "lamda": 0.13618991702758004}, "datetime": {"datetime": "2021-10-06 09:14:16", "elapsed": 47.630606, "delta": 0.586281}}
{"target": -34.03759583176137, "params": {"C": 344.11930021923536, "epsilon": 32.57807023673021, "gamma": 0.04186758791036057, "lamda": 0.0975086458517713}, "datetime": {"datetime": "2021-10-06 09:14:16", "elapsed": 48.179064, "delta": 0.548458}}
{"target": -34.06791140441857, "params": {"C": 283.60192637999796, "epsilon": 34.92567669875064, "gamma": 0.04008593843248924, "lamda": 0.028438055843756336}, "datetime": {"datetime": "2021-10-06 09:14:17", "elapsed": 48.834482, "delta": 0.655418}}
{"target": -34.241778719275615, "params": {"C": 354.31667633156326, "epsilon": 34.62855588574672, "gamma": 0.0586967637463347, "lamda": 0.05550647496375803}, "datetime": {"datetime": "2021-10-06 09:14:18", "elapsed": 49.365923, "delta": 0.531441}}
{"target": -35.00161016039806, "params": {"C": 232.0546857927339, "epsilon": 30.735208143190196, "gamma": 0.09340697291261371, "lamda": 0.05464486268769885}, "datetime": {"datetime": "2021-10-06 09:14:18", "elapsed": 49.966227, "delta": 0.600304}}
{"target": -34.879017582412516, "params": {"C": 214.52327032514995, "epsilon": 32.03269146107679, "gamma": 0.09394144684868515, "lamda": 0.08948187299493575}, "datetime": {"datetime": "2021-10-06 09:14:19", "elapsed": 50.539181, "delta": 0.572954}}
{"target": -35.960413609549, "params": {"C": 276.05351120323655, "epsilon": 37.60216955883726, "gamma": 0.06574260829254439, "lamda": 0.007979328657422582}, "datetime": {"datetime": "2021-10-06 09:14:19", "elapsed": 51.187492, "delta": 0.648311}}
{"target": -33.916060925511395, "params": {"C": 235.6987917028813, "epsilon": 35.37148149095263, "gamma": 0.039491413609215785, "lamda": 0.0699482065566517}, "datetime": {"datetime": "2021-10-06 09:14:20", "elapsed": 51.726688, "delta": 0.539196}}
{"target": -34.500076422444195, "params": {"C": 250.13498021708793, "epsilon": 36.77046276047762, "gamma": 0.08298860558775432, "lamda": 0.0936045195095078}, "datetime": {"datetime": "2021-10-06 09:14:21", "elapsed": 52.275126, "delta": 0.548438}}
{"target": -33.94786138027004, "params": {"C": 210.31526457411601, "epsilon": 32.586885959836195, "gamma": 0.03894730051529263, "lamda": 0.08390731300056457}, "datetime": {"datetime": "2021-10-06 09:14:21", "elapsed": 52.820864, "delta": 0.545738}}
{"target": -33.918707361478994, "params": {"C": 267.0933738273753, "epsilon": 36.40336370881137, "gamma": 0.025150492365150913, "lamda": 0.1294606512311792}, "datetime": {"datetime": "2021-10-06 09:14:22", "elapsed": 53.438133, "delta": 0.617269}}
{"target": -34.34541033037871, "params": {"C": 314.5406816434252, "epsilon": 35.488306555399525, "gamma": 0.0696910745269046, "lamda": 0.10823756511654423}, "datetime": {"datetime": "2021-10-06 09:14:22", "elapsed": 53.985379, "delta": 0.547246}}
{"target": -34.87860133697519, "params": {"C": 394.25645778020845, "epsilon": 34.212475913914666, "gamma": 0.09699036257791835, "lamda": 0.11565479546664227}, "datetime": {"datetime": "2021-10-06 09:14:23", "elapsed": 54.570975, "delta": 0.585596}}
{"target": -34.55281709771844, "params": {"C": 345.9024052884772, "epsilon": 35.64938945128998, "gamma": 0.08420280129743095, "lamda": 0.11397705956111548}, "datetime": {"datetime": "2021-10-06 09:14:23", "elapsed": 55.129824, "delta": 0.558849}}
{"target": -34.293750989788826, "params": {"C": 344.0643926605289, "epsilon": 32.623793829996494, "gamma": 0.05287191007860648, "lamda": 0.12000021215314943}, "datetime": {"datetime": "2021-10-06 09:14:24", "elapsed": 55.717819, "delta": 0.587995}}
{"target": -36.06878686918195, "params": {"C": 381.1392385054661, "epsilon": 32.592808669206434, "gamma": 0.0074070336655528, "lamda": 0.14024820660863746}, "datetime": {"datetime": "2021-10-06 09:14:25", "elapsed": 56.323287, "delta": 0.605468}}
{"target": -34.431209361191264, "params": {"C": 356.2526482014608, "epsilon": 32.97079172005132, "gamma": 0.021946518151499117, "lamda": 0.14169938495633672}, "datetime": {"datetime": "2021-10-06 09:14:25", "elapsed": 56.939003, "delta": 0.615716}}
{"target": -34.33389879562711, "params": {"C": 235.61415335697282, "epsilon": 35.322548132835664, "gamma": 0.008346458199050666, "lamda": 0.044516206276432636}, "datetime": {"datetime": "2021-10-06 09:14:26", "elapsed": 57.543207, "delta": 0.604204}}
{"target": -34.228891466395176, "params": {"C": 276.8462510422554, "epsilon": 30.329990701434227, "gamma": 0.008296257117111884, "lamda": 0.033125603876321595}, "datetime": {"datetime": "2021-10-06 09:14:26", "elapsed": 58.160656, "delta": 0.617449}}
{"target": -34.036454820988254, "params": {"C": 360.9752736244261, "epsilon": 32.81661936413978, "gamma": 0.03884933148506128, "lamda": 0.03976840171137366}, "datetime": {"datetime": "2021-10-06 09:14:27", "elapsed": 58.771646, "delta": 0.61099}}
{"target": -34.46712038544128, "params": {"C": 234.30794355259502, "epsilon": 36.79966103899777, "gamma": 0.07881525408686567, "lamda": 0.0790970028378755}, "datetime": {"datetime": "2021-10-06 09:14:28", "elapsed": 59.386392, "delta": 0.614746}}
{"target": -33.79277296095164, "params": {"C": 360.30661184286265, "epsilon": 38.81391090333888, "gamma": 0.02888376449532852, "lamda": 0.10969204362142775}, "datetime": {"datetime": "2021-10-06 09:14:28", "elapsed": 59.98284, "delta": 0.596448}}
{"target": -36.125030024970414, "params": {"C": 329.93022678576983, "epsilon": 30.85821148531499, "gamma": 0.008814805650524692, "lamda": 0.14269894117059434}, "datetime": {"datetime": "2021-10-06 09:14:29", "elapsed": 60.56918, "delta": 0.58634}}
{"target": -34.49607402977266, "params": {"C": 304.9859906756301, "epsilon": 30.773039240277342, "gamma": 0.009239524711566645, "lamda": 0.0802056139883459}, "datetime": {"datetime": "2021-10-06 09:14:29", "elapsed": 61.155485, "delta": 0.586305}}
{"target": -36.570038078237594, "params": {"C": 286.8912319556314, "epsilon": 34.46066874725026, "gamma": 0.06743863237964282, "lamda": 0.005368496471701905}, "datetime": {"datetime": "2021-10-06 09:14:30", "elapsed": 61.842214, "delta": 0.686729}}
{"target": -33.834074190290394, "params": {"C": 292.5179974220226, "epsilon": 36.53993896928935, "gamma": 0.03127039541435636, "lamda": 0.0549342791182276}, "datetime": {"datetime": "2021-10-06 09:14:31", "elapsed": 62.422182, "delta": 0.579968}}
{"target": -34.52201176755153, "params": {"C": 277.39513690703757, "epsilon": 35.40916946220977, "gamma": 0.07669051238592382, "lamda": 0.056750630429054344}, "datetime": {"datetime": "2021-10-06 09:14:31", "elapsed": 63.046951, "delta": 0.624769}}
{"target": -34.586007546619555, "params": {"C": 282.4837295538907, "epsilon": 31.589007642798485, "gamma": 0.05117816282754554, "lamda": 0.13937196203083468}, "datetime": {"datetime": "2021-10-06 09:14:32", "elapsed": 63.68626, "delta": 0.639309}}
{"target": -38.45615894452728, "params": {"C": 306.84730440352627, "epsilon": 33.22894324515407, "gamma": 0.09833928540387439, "lamda": 0.0053499909480701265}, "datetime": {"datetime": "2021-10-06 09:14:33", "elapsed": 64.303281, "delta": 0.617021}}
{"target": -35.1872696784193, "params": {"C": 311.67090029274874, "epsilon": 31.629342442641242, "gamma": 0.06260133761610165, "lamda": 0.013146976058565369}, "datetime": {"datetime": "2021-10-06 09:14:33", "elapsed": 64.922305, "delta": 0.619024}}
{"target": -34.08607203659541, "params": {"C": 279.3916486526994, "epsilon": 34.862873502252874, "gamma": 0.0468635645506799, "lamda": 0.04940048950067204}, "datetime": {"datetime": "2021-10-06 09:14:34", "elapsed": 65.657938, "delta": 0.735633}}
{"target": -33.843322993919436, "params": {"C": 266.6923888143663, "epsilon": 33.36674470000618, "gamma": 0.032348360265087486, "lamda": 0.08288345187578232}, "datetime": {"datetime": "2021-10-06 09:14:35", "elapsed": 66.259745, "delta": 0.601807}}
{"target": -34.586267319722225, "params": {"C": 229.4169662083824, "epsilon": 30.831608277892162, "gamma": 0.07449320583345163, "lamda": 0.05868461858581541}, "datetime": {"datetime": "2021-10-06 09:14:35", "elapsed": 66.999815, "delta": 0.74007}}
{"target": -34.69293792359302, "params": {"C": 279.3780790660238, "epsilon": 34.790762226170465, "gamma": 0.08285900332812612, "lamda": 0.13635563949661683}, "datetime": {"datetime": "2021-10-06 09:14:36", "elapsed": 67.647875, "delta": 0.64806}}
{"target": -35.069328547754225, "params": {"C": 344.0829967707532, "epsilon": 32.57128081023127, "gamma": 0.06806427352106793, "lamda": 0.017353495337749894}, "datetime": {"datetime": "2021-10-06 09:14:37", "elapsed": 68.384621, "delta": 0.736746}}
{"target": -33.94546702985984, "params": {"C": 396.0640476179158, "epsilon": 31.814390245227777, "gamma": 0.025045455531795262, "lamda": 0.09903104531084232}, "datetime": {"datetime": "2021-10-06 09:14:37", "elapsed": 69.087651, "delta": 0.70303}}
{"target": -34.43458356312976, "params": {"C": 241.95771296718152, "epsilon": 31.378539739341964, "gamma": 0.06580982592850253, "lamda": 0.055120800336997025}, "datetime": {"datetime": "2021-10-06 09:14:38", "elapsed": 69.703976, "delta": 0.616325}}
{"target": -34.42178618828556, "params": {"C": 275.589098562345, "epsilon": 38.07002604223074, "gamma": 0.07837602295338665, "lamda": 0.08356833681712904}, "datetime": {"datetime": "2021-10-06 09:14:39", "elapsed": 70.475314, "delta": 0.771338}}
{"target": -34.0841321192007, "params": {"C": 321.5178673292353, "epsilon": 36.184967120734846, "gamma": 0.05211290878352471, "lamda": 0.06914095223713354}, "datetime": {"datetime": "2021-10-06 09:14:39", "elapsed": 71.187582, "delta": 0.712268}}
