{"target": -33.45904676506278, "params": {"C": 77.19385503254028, "epsilon": 33.59479116764561, "gamma": 0.016018423617112667, "lamda": 0.17339877129492393}, "datetime": {"datetime": "2021-10-06 08:46:13", "elapsed": 107.420481, "delta": 0.856703}}
{"target": -32.977344248523806, "params": {"C": 186.6919015477181, "epsilon": 34.56749203381246, "gamma": 0.02137391417689821, "lamda": 0.03674810601374012}, "datetime": {"datetime": "2021-10-06 08:46:14", "elapsed": 108.393939, "delta": 0.973458}}
{"target": -34.131176608153126, "params": {"C": 44.85347415028417, "epsilon": 30.717179934592362, "gamma": 0.06784817324906893, "lamda": 0.05264211960678428}, "datetime": {"datetime": "2021-10-06 08:46:15", "elapsed": 109.367283, "delta": 0.973344}}
{"target": -34.33886141519882, "params": {"C": 57.08294683047025, "epsilon": 25.95105462345637, "gamma": 0.04988047518699404, "lamda": 0.012180611420547627}, "datetime": {"datetime": "2021-10-06 08:46:16", "elapsed": 110.28397, "delta": 0.916687}}
{"target": -33.59593314404761, "params": {"C": 34.980038519955016, "epsilon": 33.61407993387732, "gamma": 0.028028786145934452, "lamda": 0.1688312654703009}, "datetime": {"datetime": "2021-10-06 08:46:16", "elapsed": 111.034739, "delta": 0.750769}}
{"target": -35.29307351032197, "params": {"C": 160.68684370996397, "epsilon": 34.69084769804174, "gamma": 0.04827533448889255, "lamda": 0.001788913555991683}, "datetime": {"datetime": "2021-10-06 08:46:17", "elapsed": 112.019792, "delta": 0.985053}}
{"target": -33.85839981715023, "params": {"C": 154.99460034432852, "epsilon": 25.975649080477943, "gamma": 0.04656594840960193, "lamda": 0.030693540414194267}, "datetime": {"datetime": "2021-10-06 08:46:18", "elapsed": 112.767275, "delta": 0.747483}}
{"target": -36.27479222069645, "params": {"C": 92.95558282424989, "epsilon": 32.27338047357568, "gamma": 0.08, "lamda": 0.0001}, "datetime": {"datetime": "2021-10-06 08:46:19", "elapsed": 114.020003, "delta": 1.252728}}
{"target": -33.22599909744028, "params": {"C": 77.10690219974497, "epsilon": 33.9861713334843, "gamma": 0.017009668899405063, "lamda": 0.011155568162786777}, "datetime": {"datetime": "2021-10-06 08:46:20", "elapsed": 114.99647, "delta": 0.976467}}
{"target": -33.4523229768771, "params": {"C": 34.53538171934564, "epsilon": 33.21000214795181, "gamma": 0.04615366696171544, "lamda": 0.07970464355302917}, "datetime": {"datetime": "2021-10-06 08:46:21", "elapsed": 115.851187, "delta": 0.854717}}
{"target": -33.94761327149704, "params": {"C": 95.74801082595468, "epsilon": 32.3575509818576, "gamma": 0.062248901372744754, "lamda": 0.10997061598642958}, "datetime": {"datetime": "2021-10-06 08:46:22", "elapsed": 116.595499, "delta": 0.744312}}
{"target": -35.05032596546123, "params": {"C": 80.728409761258, "epsilon": 26.101515437653443, "gamma": 0.07913189471981856, "lamda": 0.10471009958274287}, "datetime": {"datetime": "2021-10-06 08:46:23", "elapsed": 117.381018, "delta": 0.785519}}
{"target": -33.46711745471616, "params": {"C": 70.65316825143225, "epsilon": 34.57242405934951, "gamma": 0.0020095137026682813, "lamda": 0.02560181474480969}, "datetime": {"datetime": "2021-10-06 08:46:24", "elapsed": 118.405119, "delta": 1.024101}}
{"target": -33.26114359366091, "params": {"C": 175.2539967668003, "epsilon": 33.849928706171525, "gamma": 0.014020170233925355, "lamda": 0.006701207695394757}, "datetime": {"datetime": "2021-10-06 08:46:25", "elapsed": 119.366572, "delta": 0.961453}}
{"target": -37.06448492368284, "params": {"C": 86.35799657760384, "epsilon": 26.107113854184007, "gamma": 0.07851183945280188, "lamda": 0.1918759342926124}, "datetime": {"datetime": "2021-10-06 08:46:26", "elapsed": 120.147167, "delta": 0.780595}}
{"target": -33.883555424666234, "params": {"C": 76.3951012999078, "epsilon": 33.55600565576948, "gamma": 0.0012306072406545055, "lamda": 0.03814549178224014}, "datetime": {"datetime": "2021-10-06 08:46:27", "elapsed": 121.158852, "delta": 1.011685}}
{"target": -33.1302249491385, "params": {"C": 93.03094862007977, "epsilon": 31.931766015763174, "gamma": 0.023207106707459027, "lamda": 0.03378502849022254}, "datetime": {"datetime": "2021-10-06 08:46:28", "elapsed": 122.274078, "delta": 1.115226}}
{"target": -33.57260176267909, "params": {"C": 92.96113596883934, "epsilon": 32.03206737019665, "gamma": 0.05271102934319855, "lamda": 0.06204859733034964}, "datetime": {"datetime": "2021-10-06 08:46:29", "elapsed": 123.175601, "delta": 0.901523}}
{"target": -33.74841633556452, "params": {"C": 180.0492535335221, "epsilon": 29.59817368089542, "gamma": 0.054320231960073594, "lamda": 0.07011112273599619}, "datetime": {"datetime": "2021-10-06 08:46:29", "elapsed": 123.946449, "delta": 0.770848}}
{"target": -34.85745563839176, "params": {"C": 48.141198319237496, "epsilon": 28.0379371228211, "gamma": 0.06612535369168282, "lamda": 0.14181073484423773}, "datetime": {"datetime": "2021-10-06 08:46:30", "elapsed": 124.726669, "delta": 0.78022}}
{"target": -34.30709380719289, "params": {"C": 34.798560244146536, "epsilon": 33.78133441229498, "gamma": 0.051125302156678286, "lamda": 0.19478236015335093}, "datetime": {"datetime": "2021-10-06 08:46:31", "elapsed": 125.691538, "delta": 0.964869}}
{"target": -34.53057235711299, "params": {"C": 117.11176132936679, "epsilon": 26.664837004432677, "gamma": 0.01683813853262196, "lamda": 0.1721473014166267}, "datetime": {"datetime": "2021-10-06 08:46:32", "elapsed": 126.47798, "delta": 0.786442}}
{"target": -34.39174943215815, "params": {"C": 56.93743157581633, "epsilon": 33.70042775069052, "gamma": 0.07971533329431832, "lamda": 0.1197624143268393}, "datetime": {"datetime": "2021-10-06 08:46:33", "elapsed": 127.25479, "delta": 0.77681}}
{"target": -45.589176270290125, "params": {"C": 77.1142944088797, "epsilon": 34.00198159778918, "gamma": 0.0001, "lamda": 0.1611343849399143}, "datetime": {"datetime": "2021-10-06 08:46:34", "elapsed": 128.28234, "delta": 1.02755}}
{"target": -33.38220082123523, "params": {"C": 186.78273555389637, "epsilon": 34.5684452939145, "gamma": 0.0359147666678101, "lamda": 0.1346178450860133}, "datetime": {"datetime": "2021-10-06 08:46:35", "elapsed": 129.212683, "delta": 0.930343}}
{"target": -33.02278603983143, "params": {"C": 187.85099340420155, "epsilon": 34.85048707952592, "gamma": 0.027718297661464903, "lamda": 0.029733808015059468}, "datetime": {"datetime": "2021-10-06 08:46:36", "elapsed": 130.190673, "delta": 0.97799}}
{"target": -33.06208030666401, "params": {"C": 187.60134094229454, "epsilon": 34.9305056379849, "gamma": 0.031909217622528956, "lamda": 0.029362541811149962}, "datetime": {"datetime": "2021-10-06 08:46:37", "elapsed": 131.189849, "delta": 0.999176}}
{"target": -33.50282626936036, "params": {"C": 187.1571682340835, "epsilon": 34.39385353140492, "gamma": 0.0501535856509595, "lamda": 0.0983157267541517}, "datetime": {"datetime": "2021-10-06 08:46:38", "elapsed": 132.140841, "delta": 0.950992}}
{"target": -33.74822982906, "params": {"C": 76.87496612416662, "epsilon": 33.96769755581548, "gamma": 0.025183064539221287, "lamda": 0.19613549057455154}, "datetime": {"datetime": "2021-10-06 08:46:38", "elapsed": 133.025586, "delta": 0.884745}}
{"target": -34.33229117507119, "params": {"C": 71.04182864987263, "epsilon": 34.20913122391208, "gamma": 0.05074502949463303, "lamda": 0.007273284132681671}, "datetime": {"datetime": "2021-10-06 08:46:40", "elapsed": 134.136307, "delta": 1.110721}}
{"target": -34.55366273977924, "params": {"C": 22.04527951028153, "epsilon": 33.084217200145815, "gamma": 0.05825170605407885, "lamda": 0.0016552519428779798}, "datetime": {"datetime": "2021-10-06 08:46:41", "elapsed": 135.064409, "delta": 0.928102}}
{"target": -33.070187948377374, "params": {"C": 34.46945973257981, "epsilon": 32.69056201185049, "gamma": 0.024460558684044145, "lamda": 0.05895235448588323}, "datetime": {"datetime": "2021-10-06 08:46:42", "elapsed": 136.074557, "delta": 1.010148}}
{"target": -32.92605746970095, "params": {"C": 160.34877854331242, "epsilon": 34.7265626590699, "gamma": 0.01242817734624733, "lamda": 0.043834236862448125}, "datetime": {"datetime": "2021-10-06 08:46:43", "elapsed": 137.259746, "delta": 1.185189}}
{"target": -33.034385105505635, "params": {"C": 187.5308719881075, "epsilon": 34.75859016967577, "gamma": 0.010087446053985647, "lamda": 0.026608939830166753}, "datetime": {"datetime": "2021-10-06 08:46:44", "elapsed": 138.246142, "delta": 0.986396}}
{"target": -35.862059031800364, "params": {"C": 186.53209587951878, "epsilon": 27.83888790723557, "gamma": 0.06835733489980247, "lamda": 0.17518423108913506}, "datetime": {"datetime": "2021-10-06 08:46:45", "elapsed": 139.048488, "delta": 0.802346}}
{"target": -35.254058179406314, "params": {"C": 76.49544397461318, "epsilon": 33.883290322165806, "gamma": 0.06807775884905605, "lamda": 0.0029629609301019552}, "datetime": {"datetime": "2021-10-06 08:46:46", "elapsed": 140.061405, "delta": 1.012917}}
{"target": -34.01796862088807, "params": {"C": 187.74381894067497, "epsilon": 34.93957846247651, "gamma": 0.0506241964159213, "lamda": 0.17730542130086088}, "datetime": {"datetime": "2021-10-06 08:46:46", "elapsed": 140.869915, "delta": 0.80851}}
{"target": -34.52731649523457, "params": {"C": 144.15640244612598, "epsilon": 27.71780829637968, "gamma": 0.030998579704651318, "lamda": 0.176316628320284}, "datetime": {"datetime": "2021-10-06 08:46:47", "elapsed": 141.681373, "delta": 0.811458}}
{"target": -33.37380106819951, "params": {"C": 16.348313847295906, "epsilon": 26.5852837068492, "gamma": 0.014963273059535024, "lamda": 0.07376757313499367}, "datetime": {"datetime": "2021-10-06 08:46:48", "elapsed": 142.563898, "delta": 0.882525}}
{"target": -39.490069270344016, "params": {"C": 168.6185136115229, "epsilon": 25.31786391832012, "gamma": 0.0015647955810958963, "lamda": 0.19319321295829942}, "datetime": {"datetime": "2021-10-06 08:46:49", "elapsed": 143.388366, "delta": 0.824468}}
{"target": -35.934745549703166, "params": {"C": 161.8508582736011, "epsilon": 28.030246768143755, "gamma": 0.06465326432240301, "lamda": 0.189334474538696}, "datetime": {"datetime": "2021-10-06 08:46:50", "elapsed": 144.235737, "delta": 0.847371}}
{"target": -33.55812199270961, "params": {"C": 47.45524840603061, "epsilon": 25.534866906804023, "gamma": 0.021935840821154053, "lamda": 0.023185884261115383}, "datetime": {"datetime": "2021-10-06 08:46:51", "elapsed": 145.145902, "delta": 0.910165}}
{"target": -33.09282106305703, "params": {"C": 76.90648688091242, "epsilon": 34.008072264560255, "gamma": 0.016841208556664683, "lamda": 0.03425472291162644}, "datetime": {"datetime": "2021-10-06 08:46:52", "elapsed": 146.182553, "delta": 1.036651}}
{"target": -33.24979106005608, "params": {"C": 68.98289610569384, "epsilon": 31.613566714206794, "gamma": 0.01794296279997662, "lamda": 0.02649877163356574}, "datetime": {"datetime": "2021-10-06 08:46:53", "elapsed": 147.055502, "delta": 0.872949}}
{"target": -33.16153436982767, "params": {"C": 93.06277191151536, "epsilon": 32.42339813404594, "gamma": 0.030639867069936804, "lamda": 0.03652693183158749}, "datetime": {"datetime": "2021-10-06 08:46:53", "elapsed": 147.936289, "delta": 0.880787}}
{"target": -34.73571619131613, "params": {"C": 57.751234773867594, "epsilon": 29.524593990617767, "gamma": 0.042210861260545254, "lamda": 0.1898903380747728}, "datetime": {"datetime": "2021-10-06 08:46:54", "elapsed": 148.770676, "delta": 0.834387}}
{"target": -34.18292019201801, "params": {"C": 187.7086962176641, "epsilon": 34.679014063279425, "gamma": 0.07837673677682695, "lamda": 0.08740186828561271}, "datetime": {"datetime": "2021-10-06 08:46:55", "elapsed": 149.820579, "delta": 1.049903}}
{"target": -33.33175099342083, "params": {"C": 93.1237421840789, "epsilon": 31.867862097785903, "gamma": 0.03712603488624314, "lamda": 0.10112758920571295}, "datetime": {"datetime": "2021-10-06 08:46:56", "elapsed": 150.89566, "delta": 1.075081}}
{"target": -34.022724539472264, "params": {"C": 130.64224047626809, "epsilon": 26.622290109187368, "gamma": 0.004867130842057064, "lamda": 0.09944942500381104}, "datetime": {"datetime": "2021-10-06 08:46:57", "elapsed": 151.728469, "delta": 0.832809}}
{"target": -35.15294161003932, "params": {"C": 7.476585916043608, "epsilon": 28.674242897950705, "gamma": 0.052327872007135484, "lamda": 0.1596697568846115}, "datetime": {"datetime": "2021-10-06 08:46:58", "elapsed": 152.614693, "delta": 0.886224}}
{"target": -38.489257417498365, "params": {"C": 2.349256395686073, "epsilon": 30.761355462763746, "gamma": 0.06569435392119999, "lamda": 0.1788495102441629}, "datetime": {"datetime": "2021-10-06 08:46:59", "elapsed": 153.529209, "delta": 0.914516}}
{"target": -34.98973344577649, "params": {"C": 93.04367135827235, "epsilon": 32.03282777482174, "gamma": 0.06531368260729806, "lamda": 0.18369997210759453}, "datetime": {"datetime": "2021-10-06 08:47:00", "elapsed": 154.630109, "delta": 1.1009}}
{"target": -34.269817102944664, "params": {"C": 92.9540799918204, "epsilon": 31.831704018753605, "gamma": 0.07670165263997444, "lamda": 0.07567732133214022}, "datetime": {"datetime": "2021-10-06 08:47:01", "elapsed": 155.948266, "delta": 1.318157}}
{"target": -34.20196080021549, "params": {"C": 187.8631964990101, "epsilon": 34.74734547618475, "gamma": 0.06984371551741016, "lamda": 0.14841245331789638}, "datetime": {"datetime": "2021-10-06 08:47:03", "elapsed": 157.079973, "delta": 1.131707}}
{"target": -33.23589585589052, "params": {"C": 186.6344917407911, "epsilon": 34.520219906585254, "gamma": 0.023353567140690364, "lamda": 0.1329259556760437}, "datetime": {"datetime": "2021-10-06 08:47:04", "elapsed": 158.131294, "delta": 1.051321}}
{"target": -33.308211341180964, "params": {"C": 77.07319608781147, "epsilon": 33.673030932683716, "gamma": 0.03497351230107023, "lamda": 0.11903982218324026}, "datetime": {"datetime": "2021-10-06 08:47:05", "elapsed": 159.626442, "delta": 1.495148}}
{"target": -33.63875751126423, "params": {"C": 65.62220281105414, "epsilon": 31.443723513842368, "gamma": 0.030009998087397943, "lamda": 0.14769726366419433}, "datetime": {"datetime": "2021-10-06 08:47:06", "elapsed": 160.499254, "delta": 0.872812}}
{"target": -33.305908853662444, "params": {"C": 77.06305985938502, "epsilon": 33.67889306581092, "gamma": 0.012357502668793135, "lamda": 0.1463301833715823}, "datetime": {"datetime": "2021-10-06 08:47:07", "elapsed": 161.368329, "delta": 0.869075}}
{"target": -34.17438696857742, "params": {"C": 34.64648079589173, "epsilon": 33.31256693391775, "gamma": 0.05028339796453047, "lamda": 0.18002974735224545}, "datetime": {"datetime": "2021-10-06 08:47:08", "elapsed": 162.681423, "delta": 1.313094}}
{"target": -32.93748049582265, "params": {"C": 34.63251172442767, "epsilon": 33.105992287138726, "gamma": 0.0058005793024700145, "lamda": 0.05464609451859118}, "datetime": {"datetime": "2021-10-06 08:47:09", "elapsed": 163.852414, "delta": 1.170991}}
{"target": -34.35633197631985, "params": {"C": 72.58907146481332, "epsilon": 30.06265311637808, "gamma": 0.07608451713917946, "lamda": 0.07700349074009127}, "datetime": {"datetime": "2021-10-06 08:47:10", "elapsed": 164.716523, "delta": 0.864109}}
{"target": -34.35405137470497, "params": {"C": 83.92064428671716, "epsilon": 30.573558256080002, "gamma": 0.07640540193589024, "lamda": 0.08967610151875009}, "datetime": {"datetime": "2021-10-06 08:47:11", "elapsed": 165.901277, "delta": 1.184754}}
{"target": -33.66663246851678, "params": {"C": 54.35613349851593, "epsilon": 33.145214359194014, "gamma": 0.04251270785536377, "lamda": 0.14430598897043218}, "datetime": {"datetime": "2021-10-06 08:47:12", "elapsed": 166.818187, "delta": 0.91691}}
{"target": -32.9925177895637, "params": {"C": 175.34283455917685, "epsilon": 34.04712194443936, "gamma": 0.01990494181844319, "lamda": 0.06024398668988172}, "datetime": {"datetime": "2021-10-06 08:47:13", "elapsed": 167.986568, "delta": 1.168381}}
{"target": -35.13236431838739, "params": {"C": 129.2237361148066, "epsilon": 25.776280226200928, "gamma": 0.06644492789381819, "lamda": 0.13307450405717897}, "datetime": {"datetime": "2021-10-06 08:47:14", "elapsed": 168.882015, "delta": 0.895447}}
{"target": -34.80821214853281, "params": {"C": 51.57663717159362, "epsilon": 26.85891701052641, "gamma": 0.05959876812507026, "lamda": 0.13929529305247854}, "datetime": {"datetime": "2021-10-06 08:47:15", "elapsed": 169.795838, "delta": 0.913823}}
{"target": -33.067164423869215, "params": {"C": 18.24920075389029, "epsilon": 32.69734057579669, "gamma": 0.007595855007386407, "lamda": 0.09141397173956396}, "datetime": {"datetime": "2021-10-06 08:47:16", "elapsed": 170.725678, "delta": 0.92984}}
{"target": -32.90069375204037, "params": {"C": 175.18733548600397, "epsilon": 34.02200979205592, "gamma": 0.00977968088592233, "lamda": 0.0807485030656827}, "datetime": {"datetime": "2021-10-06 08:47:17", "elapsed": 171.999911, "delta": 1.274233}}
{"target": -34.264745729920165, "params": {"C": 175.25691735416606, "epsilon": 33.940990540470054, "gamma": 0.07706385276799076, "lamda": 0.042301713923978045}, "datetime": {"datetime": "2021-10-06 08:47:19", "elapsed": 173.329533, "delta": 1.329622}}
{"target": -33.12670404807877, "params": {"C": 34.49209805746374, "epsilon": 32.51254795730348, "gamma": 0.02503192013322565, "lamda": 0.04578100150982347}, "datetime": {"datetime": "2021-10-06 08:47:20", "elapsed": 174.537405, "delta": 1.207872}}
{"target": -34.21846575986585, "params": {"C": 84.13176036752012, "epsilon": 30.52502490904331, "gamma": 0.04585435429726741, "lamda": 0.16441938340612205}, "datetime": {"datetime": "2021-10-06 08:47:21", "elapsed": 175.992449, "delta": 1.455044}}
{"target": -33.21417479770568, "params": {"C": 34.60648747454807, "epsilon": 32.57289207005453, "gamma": 0.03296839114619128, "lamda": 0.08806962817624008}, "datetime": {"datetime": "2021-10-06 08:47:23", "elapsed": 177.228694, "delta": 1.236245}}
{"target": -36.07550605150868, "params": {"C": 41.855476110862035, "epsilon": 29.583920848692927, "gamma": 0.0790779689156101, "lamda": 0.1875030846479079}, "datetime": {"datetime": "2021-10-06 08:47:24", "elapsed": 178.245366, "delta": 1.016672}}
{"target": -33.96480403063507, "params": {"C": 34.440439373068415, "epsilon": 32.585703559226715, "gamma": 0.042093040801458814, "lamda": 0.172301957942315}, "datetime": {"datetime": "2021-10-06 08:47:25", "elapsed": 179.498935, "delta": 1.253569}}
{"target": -33.090292323198604, "params": {"C": 187.76862500573952, "epsilon": 34.87288560208958, "gamma": 0.018966629254949886, "lamda": 0.019590722764734857}, "datetime": {"datetime": "2021-10-06 08:47:26", "elapsed": 180.850237, "delta": 1.351302}}
{"target": -45.26873142043024, "params": {"C": 34.47499953264882, "epsilon": 33.07369093947095, "gamma": 0.00015186156079419414, "lamda": 0.17494158619107594}, "datetime": {"datetime": "2021-10-06 08:47:28", "elapsed": 182.161024, "delta": 1.310787}}
{"target": -32.967263041989355, "params": {"C": 175.13411094985813, "epsilon": 34.126355146918854, "gamma": 0.016797656682157668, "lamda": 0.07164883280040554}, "datetime": {"datetime": "2021-10-06 08:47:29", "elapsed": 183.488315, "delta": 1.327291}}
{"target": -33.57949195959275, "params": {"C": 63.49049208227794, "epsilon": 30.527094229185934, "gamma": 0.042674098495443964, "lamda": 0.11455541159981648}, "datetime": {"datetime": "2021-10-06 08:47:30", "elapsed": 184.507056, "delta": 1.018741}}
{"target": -32.99175239993068, "params": {"C": 96.31723950584656, "epsilon": 32.643600380267465, "gamma": 0.010663747380724954, "lamda": 0.04040896339598329}, "datetime": {"datetime": "2021-10-06 08:47:31", "elapsed": 185.56765, "delta": 1.060594}}
{"target": -33.81166067077666, "params": {"C": 34.75337173989067, "epsilon": 33.13870202995105, "gamma": 0.026832149095849585, "lamda": 0.00314983842539132}, "datetime": {"datetime": "2021-10-06 08:47:33", "elapsed": 187.266608, "delta": 1.698958}}
{"target": -33.80172186908862, "params": {"C": 61.15328257742493, "epsilon": 29.6211049685214, "gamma": 0.023575220882882747, "lamda": 0.1511127616912708}, "datetime": {"datetime": "2021-10-06 08:47:34", "elapsed": 188.310266, "delta": 1.043658}}
{"target": -33.943596996781075, "params": {"C": 135.9946509182796, "epsilon": 29.685107355752727, "gamma": 0.03083293675533384, "lamda": 0.00523379990960503}, "datetime": {"datetime": "2021-10-06 08:47:35", "elapsed": 189.411242, "delta": 1.100976}}
{"target": -35.32347067002824, "params": {"C": 187.11212389013158, "epsilon": 30.955666374603062, "gamma": 0.07245074199115129, "lamda": 0.013510320110715204}, "datetime": {"datetime": "2021-10-06 08:47:36", "elapsed": 190.514956, "delta": 1.103714}}
{"target": -34.13266241733691, "params": {"C": 175.3376071584682, "epsilon": 33.74361243415355, "gamma": 0.056319955980936955, "lamda": 0.16718768253604904}, "datetime": {"datetime": "2021-10-06 08:47:37", "elapsed": 191.768288, "delta": 1.253332}}
{"target": -33.43229960079026, "params": {"C": 191.77275744300704, "epsilon": 32.43583923096164, "gamma": 0.021860211308742862, "lamda": 0.14641309371270878}, "datetime": {"datetime": "2021-10-06 08:47:38", "elapsed": 192.856635, "delta": 1.088347}}
{"target": -33.52392089081557, "params": {"C": 175.0206697900415, "epsilon": 34.03043407459842, "gamma": 0.021386871205259627, "lamda": 0.18148818130251373}, "datetime": {"datetime": "2021-10-06 08:47:40", "elapsed": 194.598705, "delta": 1.74207}}
{"target": -35.06828306687267, "params": {"C": 7.373926277367426, "epsilon": 34.811225346609874, "gamma": 0.07676790610842592, "lamda": 0.02540037691280913}, "datetime": {"datetime": "2021-10-06 08:47:41", "elapsed": 195.665591, "delta": 1.066886}}
{"target": -33.5078946185584, "params": {"C": 174.92615650123815, "epsilon": 34.09210786695216, "gamma": 0.0024195066418418233, "lamda": 0.04837613474057313}, "datetime": {"datetime": "2021-10-06 08:47:43", "elapsed": 197.348479, "delta": 1.682888}}
