{"target": -33.83068070764877, "params": {"C": 200.70779973707747, "epsilon": 37.748915427676984, "gamma": 0.06838900438213022, "lamda": 0.04988034191038582}, "datetime": {"datetime": "2021-10-06 09:14:30", "elapsed": 65.830539, "delta": 0.649391}}
{"target": -34.13683155464082, "params": {"C": 219.57821268856887, "epsilon": 35.725494836862, "gamma": 0.004945442024738824, "lamda": 0.19405387390886067}, "datetime": {"datetime": "2021-10-06 09:14:30", "elapsed": 66.563812, "delta": 0.733273}}
{"target": -33.302296390069024, "params": {"C": 202.06992504927587, "epsilon": 32.82779915103751, "gamma": 0.01340624626946125, "lamda": 0.006092386604771422}, "datetime": {"datetime": "2021-10-06 09:14:31", "elapsed": 67.357945, "delta": 0.794133}}
{"target": -33.35213214006505, "params": {"C": 396.0640476179158, "epsilon": 31.814390245227777, "gamma": 0.018889100989698378, "lamda": 0.1316195030713918}, "datetime": {"datetime": "2021-10-06 09:14:32", "elapsed": 67.99058, "delta": 0.632635}}
{"target": -33.61110622052429, "params": {"C": 241.95771296718152, "epsilon": 31.378539739341964, "gamma": 0.05212454175191175, "lamda": 0.07270904689507186}, "datetime": {"datetime": "2021-10-06 09:14:32", "elapsed": 68.593042, "delta": 0.602462}}
{"target": -33.60177699243214, "params": {"C": 373.34781527715296, "epsilon": 35.283744859395455, "gamma": 0.05521302733130232, "lamda": 0.10578356571126116}, "datetime": {"datetime": "2021-10-06 09:14:33", "elapsed": 69.349185, "delta": 0.756143}}
{"target": -33.21980385643445, "params": {"C": 321.5178673292353, "epsilon": 36.184967120734846, "gamma": 0.04095736134493494, "lamda": 0.09151863323626173}, "datetime": {"datetime": "2021-10-06 09:14:34", "elapsed": 70.015767, "delta": 0.666582}}
{"target": -34.07507792875403, "params": {"C": 333.6838106327316, "epsilon": 33.61360761620084, "gamma": 0.0058817715587367375, "lamda": 0.1855926781368325}, "datetime": {"datetime": "2021-10-06 09:14:34", "elapsed": 70.624132, "delta": 0.608365}}
{"target": -33.454350547108106, "params": {"C": 364.6700429145542, "epsilon": 33.62545354314842, "gamma": 0.01677248433366903, "lamda": 0.16945698684114074}, "datetime": {"datetime": "2021-10-06 09:14:35", "elapsed": 71.373208, "delta": 0.749076}}
{"target": -33.28394261711379, "params": {"C": 399.0876788365062, "epsilon": 31.09388938440871, "gamma": 0.03160391031097297, "lamda": 0.102061864793838}, "datetime": {"datetime": "2021-10-06 09:14:36", "elapsed": 72.090403, "delta": 0.717195}}
{"target": -33.48249819092868, "params": {"C": 291.55174458295375, "epsilon": 37.07056991338161, "gamma": 0.025717441800259627, "lamda": 0.18830992283779846}, "datetime": {"datetime": "2021-10-06 09:14:37", "elapsed": 72.849285, "delta": 0.758882}}
{"target": -33.64435856089229, "params": {"C": 350.11686222349164, "epsilon": 33.72219078195118, "gamma": 0.04234198820488702, "lamda": 0.14605699106413542}, "datetime": {"datetime": "2021-10-06 09:14:37", "elapsed": 73.460388, "delta": 0.611103}}
{"target": -33.46116261146317, "params": {"C": 255.7418440168941, "epsilon": 33.01825417112412, "gamma": 0.03376916695841294, "lamda": 0.011599775498101874}, "datetime": {"datetime": "2021-10-06 09:14:38", "elapsed": 74.093004, "delta": 0.632616}}
{"target": -33.211931950255455, "params": {"C": 244.72089700465924, "epsilon": 35.6281618928472, "gamma": 0.022062196617828118, "lamda": 0.13614287130665215}, "datetime": {"datetime": "2021-10-06 09:14:39", "elapsed": 74.732893, "delta": 0.639889}}
{"target": -34.14396998731457, "params": {"C": 353.2951039316375, "epsilon": 34.65735834312891, "gamma": 0.00530960041979434, "lamda": 0.19271234074315316}, "datetime": {"datetime": "2021-10-06 09:14:39", "elapsed": 75.354513, "delta": 0.62162}}
{"target": -33.99729733870163, "params": {"C": 305.29251984222014, "epsilon": 36.316597906930106, "gamma": 0.06095019867707832, "lamda": 0.1601239477247991}, "datetime": {"datetime": "2021-10-06 09:14:40", "elapsed": 76.014575, "delta": 0.660062}}
{"target": -34.35487217664617, "params": {"C": 347.2256518945002, "epsilon": 33.57845749387717, "gamma": 0.0715713984157766, "lamda": 0.14873582172490668}, "datetime": {"datetime": "2021-10-06 09:14:41", "elapsed": 76.732365, "delta": 0.71779}}
{"target": -34.70287526120649, "params": {"C": 284.408366604271, "epsilon": 32.07958263883165, "gamma": 0.05884012817011493, "lamda": 0.18679564985589295}, "datetime": {"datetime": "2021-10-06 09:14:41", "elapsed": 77.354849, "delta": 0.622484}}
{"target": -33.48053835430972, "params": {"C": 367.660716987705, "epsilon": 36.745337299376786, "gamma": 0.021417550069907476, "lamda": 0.19503938240855226}, "datetime": {"datetime": "2021-10-06 09:14:42", "elapsed": 78.01171, "delta": 0.656861}}
{"target": -33.24104087491463, "params": {"C": 357.38794249025034, "epsilon": 36.21951911907494, "gamma": 0.044541056252453116, "lamda": 0.03843436207662649}, "datetime": {"datetime": "2021-10-06 09:14:43", "elapsed": 78.652789, "delta": 0.641079}}
{"target": -33.2264988442424, "params": {"C": 201.0715601798802, "epsilon": 37.83844666368986, "gamma": 0.023734333210323495, "lamda": 0.14446376096616337}, "datetime": {"datetime": "2021-10-06 09:14:43", "elapsed": 79.307493, "delta": 0.654704}}
{"target": -33.808578519893, "params": {"C": 288.91017290484575, "epsilon": 31.337775624571545, "gamma": 0.05816644508376264, "lamda": 0.09279886190021464}, "datetime": {"datetime": "2021-10-06 09:14:44", "elapsed": 80.026962, "delta": 0.719469}}
{"target": -33.79007728463883, "params": {"C": 392.2241583944294, "epsilon": 37.081212382441805, "gamma": 0.0399402586552157, "lamda": 0.19972833067221496}, "datetime": {"datetime": "2021-10-06 09:14:45", "elapsed": 80.716961, "delta": 0.689999}}
{"target": -33.456555761929444, "params": {"C": 329.59862915908593, "epsilon": 36.17091847515569, "gamma": 0.02771351146303049, "lamda": 0.17239108947422055}, "datetime": {"datetime": "2021-10-06 09:14:45", "elapsed": 81.383608, "delta": 0.666647}}
{"target": -33.633592155661006, "params": {"C": 240.03500623886742, "epsilon": 33.49062253024857, "gamma": 0.04021918232878197, "lamda": 0.14674671433561615}, "datetime": {"datetime": "2021-10-06 09:14:46", "elapsed": 82.253141, "delta": 0.869533}}
{"target": -34.046075642212635, "params": {"C": 398.5837232015855, "epsilon": 30.172393163234897, "gamma": 0.04005534347953415, "lamda": 0.15569276029872847}, "datetime": {"datetime": "2021-10-06 09:14:47", "elapsed": 82.903226, "delta": 0.650085}}
{"target": -33.2146676673437, "params": {"C": 270.34500501116304, "epsilon": 33.706354820344124, "gamma": 0.003361124173427808, "lamda": 0.04447260358509429}, "datetime": {"datetime": "2021-10-06 09:14:47", "elapsed": 83.614514, "delta": 0.711288}}
{"target": -33.67844484893956, "params": {"C": 368.87457512019057, "epsilon": 35.81169669173755, "gamma": 0.054962474938762176, "lamda": 0.12734096931776498}, "datetime": {"datetime": "2021-10-06 09:14:48", "elapsed": 84.284203, "delta": 0.669689}}
{"target": -33.017507624171735, "params": {"C": 253.3200551707625, "epsilon": 30.962310410302855, "gamma": 0.004223450979736919, "lamda": 0.04012856303982607}, "datetime": {"datetime": "2021-10-06 09:14:49", "elapsed": 84.932593, "delta": 0.64839}}
{"target": -34.08166404084959, "params": {"C": 240.616628636078, "epsilon": 30.00300582500709, "gamma": 0.005314645835835973, "lamda": 0.1369498617654412}, "datetime": {"datetime": "2021-10-06 09:14:49", "elapsed": 85.635951, "delta": 0.703358}}
{"target": -33.08615060904162, "params": {"C": 364.85659944397594, "epsilon": 33.19239248673575, "gamma": 0.03107300894538142, "lamda": 0.04361517637342655}, "datetime": {"datetime": "2021-10-06 09:14:50", "elapsed": 86.360153, "delta": 0.724202}}
{"target": -33.589682179240484, "params": {"C": 253.16209091972837, "epsilon": 36.52006565593786, "gamma": 0.05048334454575651, "lamda": 0.13771066719471384}, "datetime": {"datetime": "2021-10-06 09:14:51", "elapsed": 87.059017, "delta": 0.698864}}
{"target": -33.22678789059504, "params": {"C": 354.37826671098, "epsilon": 34.76055857919497, "gamma": 0.03373748251299759, "lamda": 0.11855131073624821}, "datetime": {"datetime": "2021-10-06 09:14:52", "elapsed": 87.761228, "delta": 0.702211}}
{"target": -33.184916405190926, "params": {"C": 312.6612544239, "epsilon": 37.80146188133931, "gamma": 0.0028880919471512612, "lamda": 0.015891716763795204}, "datetime": {"datetime": "2021-10-06 09:14:52", "elapsed": 88.582145, "delta": 0.820917}}
{"target": -33.54284033732694, "params": {"C": 374.5955650587591, "epsilon": 30.818242583801958, "gamma": 0.00997267206160427, "lamda": 0.1401095976336344}, "datetime": {"datetime": "2021-10-06 09:14:53", "elapsed": 89.283399, "delta": 0.701254}}
{"target": -33.53547595331355, "params": {"C": 317.28408358274163, "epsilon": 34.19786187253444, "gamma": 0.010723563416466046, "lamda": 0.1805150466179691}, "datetime": {"datetime": "2021-10-06 09:14:54", "elapsed": 90.038734, "delta": 0.755335}}
{"target": -33.250776506345, "params": {"C": 277.30613831013704, "epsilon": 35.951858324155076, "gamma": 0.01671198801664832, "lamda": 0.15293899777574643}, "datetime": {"datetime": "2021-10-06 09:14:55", "elapsed": 90.850988, "delta": 0.812254}}
{"target": -33.586867546398395, "params": {"C": 396.03593125899863, "epsilon": 33.78853995360815, "gamma": 0.0017461804492452744, "lamda": 0.0297018746687289}, "datetime": {"datetime": "2021-10-06 09:14:55", "elapsed": 91.57671, "delta": 0.725722}}
{"target": -33.87604954282458, "params": {"C": 302.18158251837605, "epsilon": 36.177979802380634, "gamma": 0.05267869165816504, "lamda": 0.16985834888767182}, "datetime": {"datetime": "2021-10-06 09:14:56", "elapsed": 92.313481, "delta": 0.736771}}
{"target": -34.08295510120232, "params": {"C": 329.30103745548206, "epsilon": 30.4975232799801, "gamma": 0.009835172871518577, "lamda": 0.17468267463638243}, "datetime": {"datetime": "2021-10-06 09:14:57", "elapsed": 93.000077, "delta": 0.686596}}
{"target": -35.54631810047062, "params": {"C": 263.8517081572976, "epsilon": 30.789097521181443, "gamma": 0.07611990457542105, "lamda": 0.18428718313393552}, "datetime": {"datetime": "2021-10-06 09:14:58", "elapsed": 93.845957, "delta": 0.84588}}
{"target": -32.840112388347386, "params": {"C": 215.2080716713457, "epsilon": 35.36951130968159, "gamma": 0.010133631316755452, "lamda": 0.05431316613528951}, "datetime": {"datetime": "2021-10-06 09:14:58", "elapsed": 94.578396, "delta": 0.732439}}
{"target": -33.86596942314395, "params": {"C": 244.07384336711976, "epsilon": 35.14546194113313, "gamma": 0.06784817324906893, "lamda": 0.05264211960678428}, "datetime": {"datetime": "2021-10-06 09:14:59", "elapsed": 95.328408, "delta": 0.750012}}
{"target": -34.43453479622754, "params": {"C": 256.3647706838897, "epsilon": 30.855949161110733, "gamma": 0.04988047518699404, "lamda": 0.012180611420547627}, "datetime": {"datetime": "2021-10-06 09:15:00", "elapsed": 96.036209, "delta": 0.707801}}
{"target": -33.346382795092026, "params": {"C": 251.93216783367498, "epsilon": 32.074954215213324, "gamma": 0.01032379478130897, "lamda": 0.00982967852421497}, "datetime": {"datetime": "2021-10-06 09:15:01", "elapsed": 96.788126, "delta": 0.751917}}
{"target": -33.52092754420443, "params": {"C": 315.01374004270485, "epsilon": 33.50227251904694, "gamma": 0.04916673907777288, "lamda": 0.0991187435864654}, "datetime": {"datetime": "2021-10-06 09:15:01", "elapsed": 97.612766, "delta": 0.82464}}
{"target": -33.48846299592101, "params": {"C": 354.7684425571141, "epsilon": 30.878084172430146, "gamma": 0.04656594840960193, "lamda": 0.030693540414194267}, "datetime": {"datetime": "2021-10-06 09:15:02", "elapsed": 98.334626, "delta": 0.72186}}
{"target": -34.05750503207416, "params": {"C": 368.4751423209376, "epsilon": 37.30522052511676, "gamma": 0.07856670306474518, "lamda": 0.07790302808173342}, "datetime": {"datetime": "2021-10-06 09:15:03", "elapsed": 99.406377, "delta": 1.071751}}
{"target": -34.25952143131507, "params": {"C": 383.078969931579, "epsilon": 32.05957079180869, "gamma": 0.0768292912333264, "lamda": 0.07579919184559211}, "datetime": {"datetime": "2021-10-06 09:15:04", "elapsed": 100.12906, "delta": 0.722683}}
{"target": -33.98662036340625, "params": {"C": 264.07623856572025, "epsilon": 35.985232344056065, "gamma": 0.0006298981329680149, "lamda": 0.015715328936038046}, "datetime": {"datetime": "2021-10-06 09:15:05", "elapsed": 100.881041, "delta": 0.751981}}
{"target": -33.739959265429896, "params": {"C": 295.22413148337154, "epsilon": 36.62179588367184, "gamma": 0.062248901372744754, "lamda": 0.10997061598642958}, "datetime": {"datetime": "2021-10-06 09:15:05", "elapsed": 101.64979, "delta": 0.768749}}
{"target": -34.48973808652518, "params": {"C": 280.1290550364402, "epsilon": 30.9913638938881, "gamma": 0.07913189471981856, "lamda": 0.10471009958274287}, "datetime": {"datetime": "2021-10-06 09:15:06", "elapsed": 102.420737, "delta": 0.770947}}
{"target": -34.20821293424817, "params": {"C": 350.08626138783296, "epsilon": 30.896989118805372, "gamma": 0.06917290441197578, "lamda": 0.10656637985858962}, "datetime": {"datetime": "2021-10-06 09:15:07", "elapsed": 103.169725, "delta": 0.748988}}
{"target": -33.59702341847403, "params": {"C": 237.40012080024405, "epsilon": 34.33099616052042, "gamma": 0.04220112801982546, "lamda": 0.14438718050624252}, "datetime": {"datetime": "2021-10-06 09:15:08", "elapsed": 104.034103, "delta": 0.864378}}
{"target": -35.78516414835209, "params": {"C": 285.7869312337727, "epsilon": 30.996402468765606, "gamma": 0.07851183945280188, "lamda": 0.1918759342926124}, "datetime": {"datetime": "2021-10-06 09:15:09", "elapsed": 104.79006, "delta": 0.755957}}
{"target": -33.45184407227712, "params": {"C": 209.80739982080502, "epsilon": 36.27295755261896, "gamma": 0.04007567630025333, "lamda": 0.014702799750099907}, "datetime": {"datetime": "2021-10-06 09:15:10", "elapsed": 105.711533, "delta": 0.921473}}
{"target": -33.74622384330449, "params": {"C": 279.82919354028115, "epsilon": 38.89892689336164, "gamma": 0.0025234441035347096, "lamda": 0.05498624227339196}, "datetime": {"datetime": "2021-10-06 09:15:11", "elapsed": 106.659255, "delta": 0.947722}}
{"target": -34.17812759635982, "params": {"C": 358.1763602320307, "epsilon": 30.09067140111501, "gamma": 0.05729500049646777, "lamda": 0.1359542559583625}, "datetime": {"datetime": "2021-10-06 09:15:11", "elapsed": 107.608552, "delta": 0.949297}}
{"target": -33.32238855090555, "params": {"C": 267.687924565894, "epsilon": 34.6813574630398, "gamma": 0.02257065581880372, "lamda": 0.1470380886344788}, "datetime": {"datetime": "2021-10-06 09:15:12", "elapsed": 108.379633, "delta": 0.771081}}
{"target": -34.227588665879104, "params": {"C": 247.37808876305274, "epsilon": 32.73414341053899, "gamma": 0.06612535369168282, "lamda": 0.14181073484423773}, "datetime": {"datetime": "2021-10-06 09:15:13", "elapsed": 109.153022, "delta": 0.773389}}
{"target": -36.74265646147564, "params": {"C": 272.325815100543, "epsilon": 31.05885357008591, "gamma": 0.07929875313701762, "lamda": 0.0072743715908638595}, "datetime": {"datetime": "2021-10-06 09:15:14", "elapsed": 109.953757, "delta": 0.800735}}
{"target": -33.68836997042789, "params": {"C": 316.6952375169516, "epsilon": 31.498353303989408, "gamma": 0.01683813853262196, "lamda": 0.1721473014166267}, "datetime": {"datetime": "2021-10-06 09:15:15", "elapsed": 110.757856, "delta": 0.804099}}
{"target": -34.145779883454395, "params": {"C": 256.21852419680033, "epsilon": 37.83038497562147, "gamma": 0.07971533329431832, "lamda": 0.1197624143268393}, "datetime": {"datetime": "2021-10-06 09:15:15", "elapsed": 111.553476, "delta": 0.79562}}
{"target": -32.99020921773141, "params": {"C": 319.5580054270721, "epsilon": 38.13464598951205, "gamma": 0.018344617981362905, "lamda": 0.023229784572511344}, "datetime": {"datetime": "2021-10-06 09:15:16", "elapsed": 112.506512, "delta": 0.953036}}
{"target": -32.99760910931117, "params": {"C": 237.38948953648588, "epsilon": 33.65327165105328, "gamma": 0.017773629329400475, "lamda": 0.0903251983902541}, "datetime": {"datetime": "2021-10-06 09:15:17", "elapsed": 113.456221, "delta": 0.949709}}
{"target": -33.780399230116686, "params": {"C": 277.0961054398739, "epsilon": 34.08288839694688, "gamma": 0.06266257562839965, "lamda": 0.045761760068019026}, "datetime": {"datetime": "2021-10-06 09:15:18", "elapsed": 114.5824, "delta": 1.126179}}
{"target": -34.15367026756176, "params": {"C": 224.19477778192675, "epsilon": 31.009986400952425, "gamma": 0.04256764507131857, "lamda": 0.009578634884218569}, "datetime": {"datetime": "2021-10-06 09:15:19", "elapsed": 115.37992, "delta": 0.79752}}
{"target": -33.66878840937174, "params": {"C": 211.2087033023509, "epsilon": 34.465394971297535, "gamma": 0.0544961307283166, "lamda": 0.1159413886194431}, "datetime": {"datetime": "2021-10-06 09:15:20", "elapsed": 116.173987, "delta": 0.794067}}
{"target": -33.694954320634594, "params": {"C": 297.26660982209796, "epsilon": 34.30274316737595, "gamma": 0.006938174357106001, "lamda": 0.1751034198770288}, "datetime": {"datetime": "2021-10-06 09:15:21", "elapsed": 116.961722, "delta": 0.787735}}
{"target": -33.266727662176855, "params": {"C": 330.56794464112903, "epsilon": 38.09210512229445, "gamma": 0.04626847472722665, "lamda": 0.0891345479109085}, "datetime": {"datetime": "2021-10-06 09:15:22", "elapsed": 117.764369, "delta": 0.802647}}
{"target": -36.26923287264863, "params": {"C": 221.15103468370003, "epsilon": 37.27579548013123, "gamma": 0.05825170605407885, "lamda": 0.0016552519428779798}, "datetime": {"datetime": "2021-10-06 09:15:23", "elapsed": 118.656446, "delta": 0.892077}}
{"target": -34.35584517952254, "params": {"C": 245.19625610233874, "epsilon": 30.82815755153352, "gamma": 0.07625123939377616, "lamda": 0.045745099247863394}, "datetime": {"datetime": "2021-10-06 09:15:23", "elapsed": 119.614599, "delta": 0.958153}}
{"target": -33.696238305542764, "params": {"C": 259.3495260393169, "epsilon": 34.699721748328905, "gamma": 0.06032835840698987, "lamda": 0.08551876275084064}, "datetime": {"datetime": "2021-10-06 09:15:24", "elapsed": 120.415218, "delta": 0.800619}}
{"target": -32.963655230093366, "params": {"C": 381.7286736768455, "epsilon": 37.02882164072929, "gamma": 0.02498725535795272, "lamda": 0.039611069372547075}, "datetime": {"datetime": "2021-10-06 09:15:25", "elapsed": 121.282432, "delta": 0.867214}}
{"target": -34.7941104664342, "params": {"C": 386.4644179693656, "epsilon": 32.554999116512015, "gamma": 0.06835733489980247, "lamda": 0.17518423108913506}, "datetime": {"datetime": "2021-10-06 09:15:26", "elapsed": 122.077128, "delta": 0.794696}}
{"target": -34.408884422685084, "params": {"C": 321.11559988915275, "epsilon": 35.39613590818969, "gamma": 0.06260238003568872, "lamda": 0.19726810825886387}, "datetime": {"datetime": "2021-10-06 09:15:27", "elapsed": 123.123615, "delta": 1.046487}}
{"target": -33.97454501866603, "params": {"C": 212.70095181222774, "epsilon": 30.126729051884677, "gamma": 0.06011497801469973, "lamda": 0.10494356937755776}, "datetime": {"datetime": "2021-10-06 09:15:28", "elapsed": 123.952734, "delta": 0.829119}}
{"target": -33.84565484936884, "params": {"C": 343.87578135289044, "epsilon": 32.44602746674171, "gamma": 0.030998579704651318, "lamda": 0.176316628320284}, "datetime": {"datetime": "2021-10-06 09:15:29", "elapsed": 124.765407, "delta": 0.812673}}
{"target": -33.03366404263892, "params": {"C": 215.4254410525587, "epsilon": 31.42675533616428, "gamma": 0.014963273059535024, "lamda": 0.07376757313499367}, "datetime": {"datetime": "2021-10-06 09:15:30", "elapsed": 125.652486, "delta": 0.887079}}
{"target": -38.22937476870727, "params": {"C": 368.460817700023, "epsilon": 30.28607752648811, "gamma": 0.0015647955810958963, "lamda": 0.19319321295829942}, "datetime": {"datetime": "2021-10-06 09:15:30", "elapsed": 126.544564, "delta": 0.892078}}
{"target": -34.857348293634246, "params": {"C": 361.6591540438202, "epsilon": 32.72722209132938, "gamma": 0.06465326432240301, "lamda": 0.189334474538696}, "datetime": {"datetime": "2021-10-06 09:15:31", "elapsed": 127.370498, "delta": 0.825934}}
{"target": -33.23890111065042, "params": {"C": 246.68869186535738, "epsilon": 30.481380216123622, "gamma": 0.021935840821154053, "lamda": 0.023185884261115383}, "datetime": {"datetime": "2021-10-06 09:15:32", "elapsed": 128.188446, "delta": 0.817948}}
{"target": -33.47889388695848, "params": {"C": 353.10074495206294, "epsilon": 35.19054225071119, "gamma": 0.0465227160835591, "lamda": 0.021757419616555668}, "datetime": {"datetime": "2021-10-06 09:15:33", "elapsed": 129.247271, "delta": 1.058825}}
{"target": -33.01983833840267, "params": {"C": 268.32451869918975, "epsilon": 35.95221004278611, "gamma": 0.01794296279997662, "lamda": 0.02649877163356574}, "datetime": {"datetime": "2021-10-06 09:15:34", "elapsed": 130.124295, "delta": 0.877024}}
{"target": -33.77989061926293, "params": {"C": 334.8679052757313, "epsilon": 32.111215176985034, "gamma": 0.058992190325596314, "lamda": 0.08564008098613796}, "datetime": {"datetime": "2021-10-06 09:15:35", "elapsed": 130.995412, "delta": 0.871117}}
{"target": -34.01064007155217, "params": {"C": 257.0364168581584, "epsilon": 34.07213459155599, "gamma": 0.042210861260545254, "lamda": 0.1898903380747728}, "datetime": {"datetime": "2021-10-06 09:15:36", "elapsed": 131.82963, "delta": 0.834218}}
{"target": -34.841781288690306, "params": {"C": 384.9355439167166, "epsilon": 31.247964796167306, "gamma": 0.07943163324501201, "lamda": 0.14156572831141542}, "datetime": {"datetime": "2021-10-06 09:15:37", "elapsed": 132.832543, "delta": 1.002913}}
{"target": -33.20043673026967, "params": {"C": 259.0600992347934, "epsilon": 37.749145125843405, "gamma": 0.04158705626579985, "lamda": 0.09026298480777405}, "datetime": {"datetime": "2021-10-06 09:15:38", "elapsed": 133.919835, "delta": 1.087292}}
