{"target": -33.10593086786659, "params": {"C": 190.28456025405694, "epsilon": 40.11607314323227, "gamma": 0.02483213795567105, "lamda": 0.08561191419895024}, "datetime": {"datetime": "2021-10-06 09:05:19", "elapsed": 6.15673, "delta": 0.409116}}
{"target": -33.451546946655604, "params": {"C": 188.202770853063, "epsilon": 40.344273830546356, "gamma": 0.05827806627825846, "lamda": 0.07245733029488083}, "datetime": {"datetime": "2021-10-06 09:05:19", "elapsed": 6.466185, "delta": 0.309455}}
{"target": -33.911168467700456, "params": {"C": 28.16232929821452, "epsilon": 28.490333309069477, "gamma": 0.028903393555169694, "lamda": 0.14351807411046802}, "datetime": {"datetime": "2021-10-06 09:05:20", "elapsed": 6.778322, "delta": 0.312137}}
{"target": -33.11839714960866, "params": {"C": 189.89684022752874, "epsilon": 42.26960382791623, "gamma": 0.028653929921240287, "lamda": 0.0627434954074217}, "datetime": {"datetime": "2021-10-06 09:05:20", "elapsed": 7.065173, "delta": 0.286851}}
{"target": -34.04214458464599, "params": {"C": 188.07100267489142, "epsilon": 43.64233435580967, "gamma": 0.07861026718304445, "lamda": 0.11544391899549838}, "datetime": {"datetime": "2021-10-06 09:05:20", "elapsed": 7.418665, "delta": 0.353492}}
{"target": -33.93132176748992, "params": {"C": 191.83673015408945, "epsilon": 42.71457190098084, "gamma": 0.05655517182269057, "lamda": 0.19914955031012915}, "datetime": {"datetime": "2021-10-06 09:05:21", "elapsed": 7.781507, "delta": 0.362842}}
{"target": -34.46791005850636, "params": {"C": 31.154750679493254, "epsilon": 29.375425427800867, "gamma": 0.0769930922876835, "lamda": 0.07655221963164217}, "datetime": {"datetime": "2021-10-06 09:05:21", "elapsed": 8.16004, "delta": 0.378533}}
{"target": -33.92924565261793, "params": {"C": 28.779824231016516, "epsilon": 25.798155281645155, "gamma": 0.05078940915248344, "lamda": 0.03345860941869066}, "datetime": {"datetime": "2021-10-06 09:05:21", "elapsed": 8.575082, "delta": 0.415042}}
{"target": -33.28165527729235, "params": {"C": 86.57428953556789, "epsilon": 38.76090493138691, "gamma": 0.03297074657103331, "lamda": 0.14772777130947673}, "datetime": {"datetime": "2021-10-06 09:05:22", "elapsed": 9.039362, "delta": 0.46428}}
{"target": -36.838234460938004, "params": {"C": 87.35693616812698, "epsilon": 36.69106352521505, "gamma": 0.0001, "lamda": 0.0001}, "datetime": {"datetime": "2021-10-06 09:05:23", "elapsed": 10.028621, "delta": 0.989259}}
{"target": -33.066194657076935, "params": {"C": 187.7780652450904, "epsilon": 37.61461415501362, "gamma": 0.020942264354198395, "lamda": 0.11518310952960217}, "datetime": {"datetime": "2021-10-06 09:05:23", "elapsed": 10.410714, "delta": 0.382093}}
{"target": -33.62467706114625, "params": {"C": 187.70693484724072, "epsilon": 35.35182864188611, "gamma": 0.05507635165214731, "lamda": 0.11129790194173864}, "datetime": {"datetime": "2021-10-06 09:05:24", "elapsed": 10.824998, "delta": 0.414284}}
{"target": -33.402215327028344, "params": {"C": 186.15416799422195, "epsilon": 38.412971063119386, "gamma": 0.04381372762448158, "lamda": 0.14640136210419927}, "datetime": {"datetime": "2021-10-06 09:05:24", "elapsed": 11.197256, "delta": 0.372258}}
{"target": -34.54147265720028, "params": {"C": 185.64052246783405, "epsilon": 36.35713608578147, "gamma": 0.0001, "lamda": 0.0001}, "datetime": {"datetime": "2021-10-06 09:05:25", "elapsed": 12.126944, "delta": 0.929688}}
{"target": -33.25692076269442, "params": {"C": 186.0569740030579, "epsilon": 40.62133739947369, "gamma": 0.014333260832008612, "lamda": 0.16272310803173257}, "datetime": {"datetime": "2021-10-06 09:05:25", "elapsed": 12.509566, "delta": 0.382622}}
{"target": -33.944034856842755, "params": {"C": 184.03338151837917, "epsilon": 40.10613388834439, "gamma": 0.06636564488841662, "lamda": 0.15939993794268126}, "datetime": {"datetime": "2021-10-06 09:05:26", "elapsed": 13.094679, "delta": 0.585113}}
{"target": -34.14914476821348, "params": {"C": 31.52645411017895, "epsilon": 25.523576047904225, "gamma": 0.0038640080015782926, "lamda": 0.08560141671267113}, "datetime": {"datetime": "2021-10-06 09:05:27", "elapsed": 13.679304, "delta": 0.584625}}
{"target": -34.397502263319275, "params": {"C": 176.63069382771286, "epsilon": 45.53940086031652, "gamma": 0.03916375872873913, "lamda": 0.006329214196819683}, "datetime": {"datetime": "2021-10-06 09:05:27", "elapsed": 14.255736, "delta": 0.576432}}
{"target": -34.23055835315405, "params": {"C": 174.63969455165974, "epsilon": 49.39908888119016, "gamma": 0.014239225824996041, "lamda": 0.19962289467687488}, "datetime": {"datetime": "2021-10-06 09:05:28", "elapsed": 14.647263, "delta": 0.391527}}
{"target": -32.91011342851454, "params": {"C": 82.43208346961897, "epsilon": 39.57806061400483, "gamma": 0.00674066642984869, "lamda": 0.03662191397251648}, "datetime": {"datetime": "2021-10-06 09:05:28", "elapsed": 15.114264, "delta": 0.467001}}
{"target": -33.18136423635995, "params": {"C": 88.02872791398843, "epsilon": 40.40115063225194, "gamma": 0.028887670075988168, "lamda": 0.1071008960720083}, "datetime": {"datetime": "2021-10-06 09:05:29", "elapsed": 15.67726, "delta": 0.562996}}
{"target": -33.27184097343313, "params": {"C": 90.10200888667659, "epsilon": 41.00398532224002, "gamma": 0.028005757309927406, "lamda": 0.1510581577651132}, "datetime": {"datetime": "2021-10-06 09:05:29", "elapsed": 16.207471, "delta": 0.530211}}
{"target": -33.1997321116173, "params": {"C": 89.3147194825264, "epsilon": 42.81001172189869, "gamma": 0.015064875790110325, "lamda": 0.06949893597970701}, "datetime": {"datetime": "2021-10-06 09:05:30", "elapsed": 16.635101, "delta": 0.42763}}
{"target": -33.94377266494334, "params": {"C": 91.30339040204235, "epsilon": 42.87967556238671, "gamma": 0.06317685307526485, "lamda": 0.18247061789961067}, "datetime": {"datetime": "2021-10-06 09:05:30", "elapsed": 17.138098, "delta": 0.502997}}
{"target": -35.424581563417725, "params": {"C": 189.91425155809083, "epsilon": 33.20920084122861, "gamma": 0.06158105886195667, "lamda": 0.006845254274113721}, "datetime": {"datetime": "2021-10-06 09:05:31", "elapsed": 17.628634, "delta": 0.490536}}
{"target": -33.40358505536944, "params": {"C": 89.1546827615555, "epsilon": 45.208494012537614, "gamma": 0.029276511817626118, "lamda": 0.09074768038786227}, "datetime": {"datetime": "2021-10-06 09:05:31", "elapsed": 18.20764, "delta": 0.579006}}
{"target": -33.58695943935554, "params": {"C": 90.92704922470284, "epsilon": 46.63149428302805, "gamma": 0.04238158160386537, "lamda": 0.13543974680432547}, "datetime": {"datetime": "2021-10-06 09:05:32", "elapsed": 18.828552, "delta": 0.620912}}
{"target": -33.610347449358095, "params": {"C": 88.35285860780695, "epsilon": 47.775366458013025, "gamma": 0.023012075706675326, "lamda": 0.18235083206540503}, "datetime": {"datetime": "2021-10-06 09:05:32", "elapsed": 19.507555, "delta": 0.679003}}
{"target": -33.76106643190302, "params": {"C": 173.30714444009263, "epsilon": 46.21367934095679, "gamma": 0.013324074441692752, "lamda": 0.09679472671679606}, "datetime": {"datetime": "2021-10-06 09:05:33", "elapsed": 20.044546, "delta": 0.536991}}
{"target": -33.38052885752555, "params": {"C": 91.26814785653784, "epsilon": 39.22412448403347, "gamma": 0.0489870956268699, "lamda": 0.04118460690154305}, "datetime": {"datetime": "2021-10-06 09:05:33", "elapsed": 20.592691, "delta": 0.548145}}
{"target": -33.05960697603831, "params": {"C": 93.44133396576039, "epsilon": 40.175331348491845, "gamma": 0.017541931592197295, "lamda": 0.05961578634007998}, "datetime": {"datetime": "2021-10-06 09:05:34", "elapsed": 21.205818, "delta": 0.613127}}
{"target": -44.99205523819328, "params": {"C": 93.47260720763309, "epsilon": 38.23567504018448, "gamma": 0.0001, "lamda": 0.2}, "datetime": {"datetime": "2021-10-06 09:05:35", "elapsed": 21.843412, "delta": 0.637594}}
{"target": -34.26385482318674, "params": {"C": 93.50729798808695, "epsilon": 41.458084263742236, "gamma": 0.07897803497015646, "lamda": 0.1712665503690939}, "datetime": {"datetime": "2021-10-06 09:05:35", "elapsed": 22.364838, "delta": 0.521426}}
{"target": -33.457290041135046, "params": {"C": 188.86241628561052, "epsilon": 36.93233931375742, "gamma": 0.04252218293234056, "lamda": 0.01733160965003984}, "datetime": {"datetime": "2021-10-06 09:05:36", "elapsed": 22.825835, "delta": 0.460997}}
{"target": -33.18213929394599, "params": {"C": 191.21536307148747, "epsilon": 36.97350222914603, "gamma": 0.04339601585824872, "lamda": 0.05248234609504698}, "datetime": {"datetime": "2021-10-06 09:05:36", "elapsed": 23.246181, "delta": 0.420346}}
{"target": -33.927672977365575, "params": {"C": 89.66604714763876, "epsilon": 39.4435629907924, "gamma": 0.07430689594870124, "lamda": 0.06168136852231394}, "datetime": {"datetime": "2021-10-06 09:05:37", "elapsed": 23.733792, "delta": 0.487611}}
{"target": -33.26358784449778, "params": {"C": 91.96191102294831, "epsilon": 40.61427952954831, "gamma": 0.005755366388959097, "lamda": 0.0530162820691414}, "datetime": {"datetime": "2021-10-06 09:05:37", "elapsed": 24.14485, "delta": 0.411058}}
{"target": -33.617875174149994, "params": {"C": 86.09976844249229, "epsilon": 40.28976160812987, "gamma": 0.05850632365229863, "lamda": 0.13041731524932754}, "datetime": {"datetime": "2021-10-06 09:05:38", "elapsed": 24.636733, "delta": 0.491883}}
{"target": -34.10410464691421, "params": {"C": 188.69739622178298, "epsilon": 38.876764438333765, "gamma": 0.07097934060265298, "lamda": 0.16498851012120735}, "datetime": {"datetime": "2021-10-06 09:05:38", "elapsed": 25.253772, "delta": 0.617039}}
{"target": -33.298552615102125, "params": {"C": 185.65341985381215, "epsilon": 42.33082506033179, "gamma": 0.03583474071505677, "lamda": 0.03887125791791883}, "datetime": {"datetime": "2021-10-06 09:05:39", "elapsed": 25.902731, "delta": 0.648959}}
{"target": -33.1705514713207, "params": {"C": 87.7090731369301, "epsilon": 42.01403094238607, "gamma": 0.041082999392593834, "lamda": 0.06446657792629065}, "datetime": {"datetime": "2021-10-06 09:05:40", "elapsed": 26.628213, "delta": 0.725482}}
{"target": -34.036418729792366, "params": {"C": 87.65067483919505, "epsilon": 43.78756388359902, "gamma": 0.006093502888591189, "lamda": 0.15821138153537836}, "datetime": {"datetime": "2021-10-06 09:05:40", "elapsed": 27.126225, "delta": 0.498012}}
{"target": -35.18237021886309, "params": {"C": 187.37991505018482, "epsilon": 41.83166999237251, "gamma": 0.0001, "lamda": 0.0001}, "datetime": {"datetime": "2021-10-06 09:05:41", "elapsed": 28.143112, "delta": 1.016887}}
{"target": -35.54541732313142, "params": {"C": 183.7951333915126, "epsilon": 42.396727972086, "gamma": 0.07256773259826423, "lamda": 0.00975495733901037}, "datetime": {"datetime": "2021-10-06 09:05:42", "elapsed": 28.671534, "delta": 0.528422}}
{"target": -37.74813583729725, "params": {"C": 90.27290371907434, "epsilon": 48.632833320649596, "gamma": 0.08, "lamda": 0.0001}, "datetime": {"datetime": "2021-10-06 09:05:43", "elapsed": 29.657085, "delta": 0.985551}}
{"target": -33.645988132213354, "params": {"C": 90.96642093725586, "epsilon": 45.01861704381814, "gamma": 0.034191901289131375, "lamda": 0.19379113329535055}, "datetime": {"datetime": "2021-10-06 09:05:43", "elapsed": 30.036539, "delta": 0.379454}}
{"target": -34.244850906612804, "params": {"C": 87.04707167442092, "epsilon": 46.364176399414674, "gamma": 0.0058951026031067565, "lamda": 0.07354752962318276}, "datetime": {"datetime": "2021-10-06 09:05:43", "elapsed": 30.465874, "delta": 0.429335}}
{"target": -33.41879327616136, "params": {"C": 189.93286611104793, "epsilon": 44.55622694815072, "gamma": 0.015895859843920602, "lamda": 0.09975315950718737}, "datetime": {"datetime": "2021-10-06 09:05:44", "elapsed": 31.078774, "delta": 0.6129}}
{"target": -33.21015314919037, "params": {"C": 191.50613507860618, "epsilon": 41.13634963426988, "gamma": 0.02480846575316134, "lamda": 0.1327112176717711}, "datetime": {"datetime": "2021-10-06 09:05:44", "elapsed": 31.575083, "delta": 0.496309}}
{"target": -34.01511652697457, "params": {"C": 190.51221639835939, "epsilon": 46.52124139403108, "gamma": 0.03842792610338015, "lamda": 0.011077671006789852}, "datetime": {"datetime": "2021-10-06 09:05:45", "elapsed": 31.993553, "delta": 0.41847}}
{"target": -33.612124736803125, "params": {"C": 93.03643206379509, "epsilon": 46.030705626300374, "gamma": 0.04699286141118069, "lamda": 0.13801568340030038}, "datetime": {"datetime": "2021-10-06 09:05:46", "elapsed": 32.742346, "delta": 0.748793}}
{"target": -34.51019813484103, "params": {"C": 177.4613512868281, "epsilon": 48.474277927294494, "gamma": 0.005532666062134147, "lamda": 0.09379486819626169}, "datetime": {"datetime": "2021-10-06 09:05:46", "elapsed": 33.204938, "delta": 0.462592}}
{"target": -34.07244349965365, "params": {"C": 188.08251894289157, "epsilon": 46.04832665888331, "gamma": 0.07019772305087545, "lamda": 0.16498329520809157}, "datetime": {"datetime": "2021-10-06 09:05:47", "elapsed": 33.746987, "delta": 0.542049}}
{"target": -33.994711892418415, "params": {"C": 86.91837093842858, "epsilon": 49.09921293286535, "gamma": 0.05200156129776223, "lamda": 0.17234952750209948}, "datetime": {"datetime": "2021-10-06 09:05:47", "elapsed": 34.231746, "delta": 0.484759}}
{"target": -33.06392898344605, "params": {"C": 192.71035290182, "epsilon": 35.27197477964219, "gamma": 0.02008060900749972, "lamda": 0.02097371610217163}, "datetime": {"datetime": "2021-10-06 09:05:48", "elapsed": 34.638183, "delta": 0.406437}}
{"target": -37.330785002040464, "params": {"C": 194.27452036610498, "epsilon": 34.822210760007216, "gamma": 0.08, "lamda": 0.0001}, "datetime": {"datetime": "2021-10-06 09:05:48", "elapsed": 35.333838, "delta": 0.695655}}
{"target": -33.19494423809575, "params": {"C": 191.67070595532473, "epsilon": 35.369153473314206, "gamma": 0.026211180821348806, "lamda": 0.1287497528337181}, "datetime": {"datetime": "2021-10-06 09:05:49", "elapsed": 35.803131, "delta": 0.469293}}
{"target": -33.39091495936049, "params": {"C": 85.18033315104019, "epsilon": 38.91211676789038, "gamma": 0.038451330456449405, "lamda": 0.15867166829669851}, "datetime": {"datetime": "2021-10-06 09:05:49", "elapsed": 36.257875, "delta": 0.454744}}
{"target": -33.718874115171204, "params": {"C": 95.06293027183526, "epsilon": 46.867136030587574, "gamma": 0.04624758652933473, "lamda": 0.059037098641733114}, "datetime": {"datetime": "2021-10-06 09:05:50", "elapsed": 36.767328, "delta": 0.509453}}
{"target": -33.67517357781548, "params": {"C": 95.21292664771204, "epsilon": 44.66071514279351, "gamma": 0.046038479863808844, "lamda": 0.18253750568409446}, "datetime": {"datetime": "2021-10-06 09:05:50", "elapsed": 37.137343, "delta": 0.370015}}
{"target": -41.64850142333387, "params": {"C": 97.07401461230029, "epsilon": 45.80075008641019, "gamma": 0.0001, "lamda": 0.06579648896470203}, "datetime": {"datetime": "2021-10-06 09:05:51", "elapsed": 37.76633, "delta": 0.628987}}
{"target": -33.77805725072094, "params": {"C": 94.5723535479608, "epsilon": 48.690519735491236, "gamma": 0.03409703720033929, "lamda": 0.10574719270237418}, "datetime": {"datetime": "2021-10-06 09:05:51", "elapsed": 38.208654, "delta": 0.442324}}
{"target": -33.94624828814028, "params": {"C": 93.86620261737144, "epsilon": 44.30271777110893, "gamma": 0.07067225654781324, "lamda": 0.13794026129417142}, "datetime": {"datetime": "2021-10-06 09:05:52", "elapsed": 38.699796, "delta": 0.491142}}
{"target": -33.54904057380384, "params": {"C": 160.68580640347196, "epsilon": 46.91789396415534, "gamma": 0.03212508244705458, "lamda": 0.1269613285037675}, "datetime": {"datetime": "2021-10-06 09:05:52", "elapsed": 39.329375, "delta": 0.629579}}
{"target": -33.82393699400592, "params": {"C": 158.64007046062903, "epsilon": 47.81963719510511, "gamma": 0.04705219351495797, "lamda": 0.16693708059210358}, "datetime": {"datetime": "2021-10-06 09:05:53", "elapsed": 39.985966, "delta": 0.656591}}
{"target": -34.280822490315735, "params": {"C": 162.634715198694, "epsilon": 48.240590506489724, "gamma": 0.07602792118805092, "lamda": 0.1712666458321653}, "datetime": {"datetime": "2021-10-06 09:05:53", "elapsed": 40.500945, "delta": 0.514979}}
{"target": -43.27803032697837, "params": {"C": 159.21424667565273, "epsilon": 45.40292424562843, "gamma": 0.0001, "lamda": 0.14275018999563985}, "datetime": {"datetime": "2021-10-06 09:05:54", "elapsed": 41.145236, "delta": 0.644291}}
{"target": -34.108445390545725, "params": {"C": 157.58694463189175, "epsilon": 49.59641137889534, "gamma": 0.06565808046327198, "lamda": 0.12733569106335788}, "datetime": {"datetime": "2021-10-06 09:05:55", "elapsed": 41.804652, "delta": 0.659416}}
{"target": -33.832251159054714, "params": {"C": 172.16159648287078, "epsilon": 48.1626661528021, "gamma": 0.04992501717165361, "lamda": 0.15157333714237958}, "datetime": {"datetime": "2021-10-06 09:05:55", "elapsed": 42.621021, "delta": 0.816369}}
{"target": -33.70919942150155, "params": {"C": 171.07071830778145, "epsilon": 46.03948322594114, "gamma": 0.05527569266339179, "lamda": 0.05409224763127645}, "datetime": {"datetime": "2021-10-06 09:05:56", "elapsed": 43.126225, "delta": 0.505204}}
{"target": -33.36196559132293, "params": {"C": 172.5058714274347, "epsilon": 43.95360816545245, "gamma": 0.043829932055141345, "lamda": 0.07714579948311703}, "datetime": {"datetime": "2021-10-06 09:05:57", "elapsed": 43.637233, "delta": 0.511008}}
{"target": -33.32616659420029, "params": {"C": 170.55895025019038, "epsilon": 43.96064466558011, "gamma": 0.015721906225916037, "lamda": 0.14447632878685987}, "datetime": {"datetime": "2021-10-06 09:05:57", "elapsed": 44.077809, "delta": 0.440576}}
{"target": -33.24254120237523, "params": {"C": 171.4949789498553, "epsilon": 42.15917806890159, "gamma": 0.023720296151953427, "lamda": 0.142853707002921}, "datetime": {"datetime": "2021-10-06 09:05:57", "elapsed": 44.601069, "delta": 0.52326}}
{"target": -33.8186808855558, "params": {"C": 173.43756432064228, "epsilon": 41.72114761731918, "gamma": 0.07229029711426656, "lamda": 0.08498454788653334}, "datetime": {"datetime": "2021-10-06 09:05:58", "elapsed": 45.137283, "delta": 0.536214}}
{"target": -33.98396801799255, "params": {"C": 169.79727895388723, "epsilon": 41.76215940704634, "gamma": 0.07286016051866925, "lamda": 0.135641559074708}, "datetime": {"datetime": "2021-10-06 09:05:59", "elapsed": 45.800294, "delta": 0.663011}}
{"target": -33.359156607452164, "params": {"C": 168.59201605024725, "epsilon": 44.52352939012428, "gamma": 0.03072493855957267, "lamda": 0.05260489027526296}, "datetime": {"datetime": "2021-10-06 09:05:59", "elapsed": 46.323293, "delta": 0.522999}}
{"target": -34.06162007938266, "params": {"C": 168.51479204382247, "epsilon": 46.52065341478844, "gamma": 0.010226929272175406, "lamda": 0.15990641985025816}, "datetime": {"datetime": "2021-10-06 09:06:00", "elapsed": 46.817364, "delta": 0.494071}}
{"target": -44.068173428106164, "params": {"C": 167.09170063522288, "epsilon": 43.11315921958575, "gamma": 0.0001, "lamda": 0.2}, "datetime": {"datetime": "2021-10-06 09:06:00", "elapsed": 47.464513, "delta": 0.647149}}
{"target": -33.63121747018156, "params": {"C": 171.19795272473897, "epsilon": 39.805503751062474, "gamma": 0.046277171440028866, "lamda": 0.17915942436193857}, "datetime": {"datetime": "2021-10-06 09:06:01", "elapsed": 48.096981, "delta": 0.632468}}
{"target": -33.94506660120761, "params": {"C": 173.6886722702836, "epsilon": 38.95608416060901, "gamma": 0.07528962060458719, "lamda": 0.08575895642387278}, "datetime": {"datetime": "2021-10-06 09:06:02", "elapsed": 48.655211, "delta": 0.55823}}
{"target": -33.35131487929859, "params": {"C": 171.5195131975837, "epsilon": 37.38921727495298, "gamma": 0.033236013382326776, "lamda": 0.15309770831381556}, "datetime": {"datetime": "2021-10-06 09:06:02", "elapsed": 49.246585, "delta": 0.591374}}
{"target": -34.66381784491696, "params": {"C": 169.30039989537045, "epsilon": 37.67334988723003, "gamma": 0.06163179007131767, "lamda": 0.012181298172939514}, "datetime": {"datetime": "2021-10-06 09:06:03", "elapsed": 49.79956, "delta": 0.552975}}
{"target": -33.51096885997535, "params": {"C": 172.90491192312334, "epsilon": 35.707040926809455, "gamma": 0.0443881281766286, "lamda": 0.01815893012282291}, "datetime": {"datetime": "2021-10-06 09:06:03", "elapsed": 50.358126, "delta": 0.558566}}
{"target": -33.097595099340815, "params": {"C": 171.20065050351812, "epsilon": 34.24351418824029, "gamma": 0.005242471371481781, "lamda": 0.08178097187027576}, "datetime": {"datetime": "2021-10-06 09:06:04", "elapsed": 50.959931, "delta": 0.601805}}
{"target": -33.16724195767229, "params": {"C": 172.06360078112888, "epsilon": 32.5221868042231, "gamma": 0.031699639165803956, "lamda": 0.08817859500281616}, "datetime": {"datetime": "2021-10-06 09:06:04", "elapsed": 51.559301, "delta": 0.59937}}
{"target": -32.82485941119325, "params": {"C": 173.0401300992683, "epsilon": 33.86450480710125, "gamma": 0.006247065826680371, "lamda": 0.03354312835262311}, "datetime": {"datetime": "2021-10-06 09:06:05", "elapsed": 52.4012, "delta": 0.841899}}
{"target": -35.75119155919379, "params": {"C": 174.14695898743216, "epsilon": 32.3414734810057, "gamma": 0.08, "lamda": 0.2}, "datetime": {"datetime": "2021-10-06 09:06:06", "elapsed": 53.053522, "delta": 0.652322}}
{"target": -32.98589689204311, "params": {"C": 169.99165127545115, "epsilon": 32.156505287230154, "gamma": 0.011926123662002271, "lamda": 0.06444379076070693}, "datetime": {"datetime": "2021-10-06 09:06:06", "elapsed": 53.566595, "delta": 0.513073}}
{"target": -34.31556853112812, "params": {"C": 170.89781073814078, "epsilon": 30.282763296081914, "gamma": 0.03471907621648531, "lamda": 0.1854934018892574}, "datetime": {"datetime": "2021-10-06 09:06:07", "elapsed": 54.067957, "delta": 0.501362}}
