{"target": -33.76087234375596, "params": {"C": 194.11871576129545, "epsilon": 33.912428427803306, "gamma": 0.019211586649857754, "lamda": 0.054562014098965377}, "datetime": {"datetime": "2021-10-06 09:33:34", "elapsed": 324.217484, "delta": 1.673659}}
{"target": -33.765592407352415, "params": {"C": 207.01026980388355, "epsilon": 35.856128669552774, "gamma": 0.018161625308207426, "lamda": 0.07039147265615305}, "datetime": {"datetime": "2021-10-06 09:33:35", "elapsed": 325.754433, "delta": 1.536949}}
{"target": -34.07958378231747, "params": {"C": 121.6094407820775, "epsilon": 37.815903576289, "gamma": 0.014014980000271389, "lamda": 0.07012986968270722}, "datetime": {"datetime": "2021-10-06 09:33:38", "elapsed": 328.122287, "delta": 2.367854}}
{"target": -33.72510878477875, "params": {"C": 194.42190486449124, "epsilon": 34.407358048635224, "gamma": 0.023037468076743062, "lamda": 0.06808167340279142}, "datetime": {"datetime": "2021-10-06 09:33:40", "elapsed": 330.150056, "delta": 2.027769}}
{"target": -33.906225306157566, "params": {"C": 129.62607439721342, "epsilon": 36.954913023653795, "gamma": 0.01954003879726047, "lamda": 0.10718738063632471}, "datetime": {"datetime": "2021-10-06 09:33:42", "elapsed": 332.004794, "delta": 1.854738}}
{"target": -33.73942627884826, "params": {"C": 356.3199967399291, "epsilon": 34.91872656719768, "gamma": 0.018553062803316644, "lamda": 0.0711282635353914}, "datetime": {"datetime": "2021-10-06 09:33:44", "elapsed": 333.883576, "delta": 1.878782}}
{"target": -34.020558587012154, "params": {"C": 70.1304988392746, "epsilon": 36.74205072747455, "gamma": 0.017222463210566228, "lamda": 0.10868242726414387}, "datetime": {"datetime": "2021-10-06 09:33:45", "elapsed": 335.711383, "delta": 1.827807}}
{"target": -34.20241616591401, "params": {"C": 141.76598722368925, "epsilon": 36.844876093677605, "gamma": 0.011579219509662586, "lamda": 0.06336115506186374}, "datetime": {"datetime": "2021-10-06 09:33:47", "elapsed": 337.522154, "delta": 1.810771}}
{"target": -33.73094915275563, "params": {"C": 180.68217408923857, "epsilon": 34.92530583175499, "gamma": 0.025267618565262506, "lamda": 0.08251576552941084}, "datetime": {"datetime": "2021-10-06 09:33:49", "elapsed": 339.512688, "delta": 1.990534}}
{"target": -33.93834327775895, "params": {"C": 194.13828892358057, "epsilon": 33.98250800670013, "gamma": 0.014359633360023449, "lamda": 0.07363695838680959}, "datetime": {"datetime": "2021-10-06 09:33:51", "elapsed": 341.818878, "delta": 2.30619}}
{"target": -34.39060095757412, "params": {"C": 131.35536869756305, "epsilon": 36.65459344893618, "gamma": 0.01095543821676952, "lamda": 0.1034437346260095}, "datetime": {"datetime": "2021-10-06 09:33:54", "elapsed": 344.69661, "delta": 2.877732}}
{"target": -33.8292816849905, "params": {"C": 298.38598725627185, "epsilon": 34.977438021147684, "gamma": 0.015778827408915324, "lamda": 0.0701086269195672}, "datetime": {"datetime": "2021-10-06 09:33:57", "elapsed": 347.531312, "delta": 2.834702}}
{"target": -33.873429390376515, "params": {"C": 226.5539848567484, "epsilon": 33.59514847334879, "gamma": 0.02879111998431473, "lamda": 0.10534476329176518}, "datetime": {"datetime": "2021-10-06 09:33:59", "elapsed": 349.536798, "delta": 2.005486}}
{"target": -33.86514912392799, "params": {"C": 287.0143273613742, "epsilon": 36.780937028761244, "gamma": 0.019909800373181318, "lamda": 0.10363575690152954}, "datetime": {"datetime": "2021-10-06 09:34:02", "elapsed": 351.908988, "delta": 2.37219}}
{"target": -34.26741570554189, "params": {"C": 68.15876720656487, "epsilon": 34.688587161515656, "gamma": 0.011529670163381715, "lamda": 0.0925843078559753}, "datetime": {"datetime": "2021-10-06 09:34:03", "elapsed": 353.581984, "delta": 1.672996}}
{"target": -33.77664372828556, "params": {"C": 190.05410858238827, "epsilon": 37.62756648972145, "gamma": 0.022539831722403723, "lamda": 0.057123592919274394}, "datetime": {"datetime": "2021-10-06 09:34:05", "elapsed": 355.25435, "delta": 1.672366}}
{"target": -33.72832422126895, "params": {"C": 356.1441792756023, "epsilon": 35.300285559594705, "gamma": 0.02020835273132892, "lamda": 0.07859884726153202}, "datetime": {"datetime": "2021-10-06 09:34:07", "elapsed": 357.349119, "delta": 2.094769}}
{"target": -33.89240555454168, "params": {"C": 146.99103682186689, "epsilon": 37.12032853394943, "gamma": 0.01662238466755111, "lamda": 0.07623677855024433}, "datetime": {"datetime": "2021-10-06 09:34:09", "elapsed": 359.209686, "delta": 1.860567}}
{"target": -33.85170695552347, "params": {"C": 278.15494425179713, "epsilon": 33.28101601387035, "gamma": 0.017733953977056544, "lamda": 0.0860868528347255}, "datetime": {"datetime": "2021-10-06 09:34:11", "elapsed": 361.011315, "delta": 1.801629}}
{"target": -34.020657877383535, "params": {"C": 193.08724406525582, "epsilon": 34.51215045068887, "gamma": 0.013436186342593363, "lamda": 0.07314212706409706}, "datetime": {"datetime": "2021-10-06 09:34:12", "elapsed": 362.662348, "delta": 1.651033}}
