{"target": -52.93074253889601, "params": {"C": 85.95441906068125, "epsilon": 17.036132759538997, "gamma": 0.21137542763418038, "lamda": 0.3770476456888967}, "datetime": {"datetime": "2021-10-05 14:27:49", "elapsed": 424.419523, "delta": 1.390725}}
{"target": -36.51243649653993, "params": {"C": 129.97009776275746, "epsilon": 28.021549982265007, "gamma": 0.05268236257273216, "lamda": 0.2313015865727012}, "datetime": {"datetime": "2021-10-05 14:27:52", "elapsed": 427.093702, "delta": 2.674179}}
{"target": -44.46056620406863, "params": {"C": 157.27323729334947, "epsilon": 7.931057679492607, "gamma": 0.2804863429992802, "lamda": 0.06826608549277362}, "datetime": {"datetime": "2021-10-05 14:27:54", "elapsed": 428.692485, "delta": 1.598783}}
{"target": -51.99536682925571, "params": {"C": 174.84057125537302, "epsilon": 12.303508142188118, "gamma": 0.1439614926715083, "lamda": 0.34448093606948504}, "datetime": {"datetime": "2021-10-05 14:27:55", "elapsed": 430.09374, "delta": 1.401255}}
{"target": -37.48817881575331, "params": {"C": 119.64924690268539, "epsilon": 25.820931066459647, "gamma": 0.15562106952210464, "lamda": 0.044303997345174116}, "datetime": {"datetime": "2021-10-05 14:27:56", "elapsed": 431.540158, "delta": 1.446418}}
{"target": -48.01450145110028, "params": {"C": 129.99881359790768, "epsilon": 28.105508977023362, "gamma": 0.3587133819369644, "lamda": 0.3318747708142058}, "datetime": {"datetime": "2021-10-05 14:28:00", "elapsed": 435.018736, "delta": 3.478578}}
{"target": -37.893355292324586, "params": {"C": 97.10196618409547, "epsilon": 18.95942264799175, "gamma": 0.1318992847296838, "lamda": 0.054774040055053624}, "datetime": {"datetime": "2021-10-05 14:28:02", "elapsed": 436.786776, "delta": 1.76804}}
{"target": -36.169547112588326, "params": {"C": 160.13472036604813, "epsilon": 27.418155784660467, "gamma": 0.020223304065102764, "lamda": 0.25804701291631577}, "datetime": {"datetime": "2021-10-05 14:28:05", "elapsed": 440.022514, "delta": 3.235738}}
{"target": -48.82436417336301, "params": {"C": 119.18148665533732, "epsilon": 25.774966259660616, "gamma": 0.274431039161833, "lamda": 0.3748934335205287}, "datetime": {"datetime": "2021-10-05 14:28:08", "elapsed": 443.443884, "delta": 3.42137}}
{"target": -33.77145112239786, "params": {"C": 35.874110113217895, "epsilon": 27.053559128286164, "gamma": 0.04553652326322258, "lamda": 0.08210091166917814}, "datetime": {"datetime": "2021-10-05 14:28:13", "elapsed": 448.110234, "delta": 4.66635}}
{"target": -43.187657717802004, "params": {"C": 94.05273982921268, "epsilon": 17.568959225838633, "gamma": 0.32885056359297976, "lamda": 0.03705564308200726}, "datetime": {"datetime": "2021-10-05 14:28:14", "elapsed": 449.431067, "delta": 1.320833}}
{"target": -42.593200003363236, "params": {"C": 179.79584009799973, "epsilon": 15.465447315953536, "gamma": 0.14180418423835317, "lamda": 0.1891284789791074}, "datetime": {"datetime": "2021-10-05 14:28:17", "elapsed": 452.480772, "delta": 3.049705}}
{"target": -39.62589364491917, "params": {"C": 119.96003797870823, "epsilon": 26.04454073438077, "gamma": 0.12626805686223477, "lamda": 0.2104581227614603}, "datetime": {"datetime": "2021-10-05 14:28:20", "elapsed": 455.614471, "delta": 3.133699}}
{"target": -34.947509189606244, "params": {"C": 119.60647522137423, "epsilon": 25.799779585715214, "gamma": 0.08422111958236253, "lamda": 0.04865581480738449}, "datetime": {"datetime": "2021-10-05 14:28:22", "elapsed": 457.089881, "delta": 1.47541}}
{"target": -35.09811855457694, "params": {"C": 187.68268594416512, "epsilon": 29.591026295469117, "gamma": 0.0001, "lamda": 0.0001}, "datetime": {"datetime": "2021-10-05 14:28:26", "elapsed": 461.443397, "delta": 4.353516}}
{"target": -37.93948215503198, "params": {"C": 119.48472895851795, "epsilon": 26.1240442245163, "gamma": 0.0001, "lamda": 0.0001}, "datetime": {"datetime": "2021-10-05 14:28:30", "elapsed": 465.589093, "delta": 4.145696}}
{"target": -41.84161093824736, "params": {"C": 179.99909676407293, "epsilon": 12.128614089746524, "gamma": 0.17111849075231636, "lamda": 0.12080275125432884}, "datetime": {"datetime": "2021-10-05 14:28:32", "elapsed": 467.271031, "delta": 1.681938}}
{"target": -36.878128467880195, "params": {"C": 129.68119849632544, "epsilon": 28.23830391387602, "gamma": 0.0001, "lamda": 0.0001}, "datetime": {"datetime": "2021-10-05 14:28:36", "elapsed": 470.769823, "delta": 3.498792}}
{"target": -33.77206213138759, "params": {"C": 59.72797593665962, "epsilon": 23.300281343330127, "gamma": 0.03167649409570342, "lamda": 0.07643037013199008}, "datetime": {"datetime": "2021-10-05 14:28:37", "elapsed": 472.339992, "delta": 1.570169}}
{"target": -35.53808324254795, "params": {"C": 60.192492900694155, "epsilon": 23.535812279638158, "gamma": 0.07906254280630241, "lamda": 0.10198662698670702}, "datetime": {"datetime": "2021-10-05 14:28:41", "elapsed": 476.452747, "delta": 4.112755}}
{"target": -53.207413209708065, "params": {"C": 4.511093257111727, "epsilon": 15.99171764026972, "gamma": 0.1566848250416576, "lamda": 0.3326851588960798}, "datetime": {"datetime": "2021-10-05 14:28:43", "elapsed": 478.249209, "delta": 1.796462}}
{"target": -34.57144567854143, "params": {"C": 59.249840410119766, "epsilon": 23.246385917540078, "gamma": 0.05838552783271896, "lamda": 0.08979842696036366}, "datetime": {"datetime": "2021-10-05 14:28:46", "elapsed": 481.313322, "delta": 3.064113}}
{"target": -43.87276385106001, "params": {"C": 60.036281164326034, "epsilon": 23.32010420778176, "gamma": 0.08584386764231242, "lamda": 0.3622693338266332}, "datetime": {"datetime": "2021-10-05 14:28:49", "elapsed": 484.512078, "delta": 3.198756}}
{"target": -42.197664288391636, "params": {"C": 188.8960063552481, "epsilon": 28.885707966392363, "gamma": 0.322968276130944, "lamda": 0.09154593555930512}, "datetime": {"datetime": "2021-10-05 14:28:51", "elapsed": 486.275976, "delta": 1.763898}}
{"target": -34.9193016344284, "params": {"C": 188.31709028738442, "epsilon": 28.98031000553136, "gamma": 0.08884533208243472, "lamda": 0.04234042409761109}, "datetime": {"datetime": "2021-10-05 14:28:53", "elapsed": 487.769642, "delta": 1.493666}}
{"target": -42.568708737760765, "params": {"C": 18.46646387072228, "epsilon": 10.793805536790789, "gamma": 0.030685754916817406, "lamda": 0.243378067308636}, "datetime": {"datetime": "2021-10-05 14:28:54", "elapsed": 489.283818, "delta": 1.514176}}
{"target": -42.28851708509876, "params": {"C": 59.63441842742713, "epsilon": 23.280653997053168, "gamma": 0.29108555864116986, "lamda": 0.08108124494589071}, "datetime": {"datetime": "2021-10-05 14:28:57", "elapsed": 492.582993, "delta": 3.299175}}
{"target": -36.89070074512959, "params": {"C": 59.999278804733386, "epsilon": 23.753547339415515, "gamma": 0.12879265225336564, "lamda": 0.06460798763049073}, "datetime": {"datetime": "2021-10-05 14:29:01", "elapsed": 495.708421, "delta": 3.125428}}
{"target": -38.44750394679216, "params": {"C": 62.65694740155354, "epsilon": 24.89790549690669, "gamma": 0.13251458142768444, "lamda": 0.14998696774632436}, "datetime": {"datetime": "2021-10-05 14:29:02", "elapsed": 497.660671, "delta": 1.95225}}
{"target": -34.089148071462965, "params": {"C": 119.80661092847593, "epsilon": 25.508462242898204, "gamma": 0.04191757099456852, "lamda": 0.11612315866025406}, "datetime": {"datetime": "2021-10-05 14:29:06", "elapsed": 501.255824, "delta": 3.595153}}
{"target": -39.16286493346237, "params": {"C": 88.49679315207298, "epsilon": 9.77047261399544, "gamma": 0.06880654592015431, "lamda": 0.13230766589903448}, "datetime": {"datetime": "2021-10-05 14:29:08", "elapsed": 502.848952, "delta": 1.593128}}
{"target": -41.98529764208887, "params": {"C": 120.11729498085197, "epsilon": 25.061240001843174, "gamma": 0.06429761504656017, "lamda": 0.3550042712654951}, "datetime": {"datetime": "2021-10-05 14:29:12", "elapsed": 507.100383, "delta": 4.251431}}
{"target": -41.649262381087965, "params": {"C": 119.56272715485028, "epsilon": 25.153043586042248, "gamma": 0.32279274325189217, "lamda": 0.05058605493744965}, "datetime": {"datetime": "2021-10-05 14:29:16", "elapsed": 510.746559, "delta": 3.646176}}
{"target": -42.40473736480496, "params": {"C": 58.85142244047133, "epsilon": 23.284771741241247, "gamma": 0.3289244948695039, "lamda": 0.041566375959503674}, "datetime": {"datetime": "2021-10-05 14:29:20", "elapsed": 515.453651, "delta": 4.707092}}
{"target": -34.02564092241903, "params": {"C": 193.82996632672956, "epsilon": 29.114555213300047, "gamma": 0.046595399268421045, "lamda": 0.1375485990563712}, "datetime": {"datetime": "2021-10-05 14:29:22", "elapsed": 517.265746, "delta": 1.812095}}
{"target": -41.935920267572044, "params": {"C": 173.97751029538557, "epsilon": 12.612538206215309, "gamma": 0.07026243735684765, "lamda": 0.2249922739258412}, "datetime": {"datetime": "2021-10-05 14:29:24", "elapsed": 518.792883, "delta": 1.527137}}
{"target": -42.30309143473481, "params": {"C": 18.056671047082506, "epsilon": 6.849727785507637, "gamma": 0.09621205958461947, "lamda": 0.10226430855796179}, "datetime": {"datetime": "2021-10-05 14:29:25", "elapsed": 520.43012, "delta": 1.637237}}
{"target": -35.39192022576499, "params": {"C": 194.24771279661343, "epsilon": 29.237695392910062, "gamma": 0.07528991170463181, "lamda": 0.1588175154131024}, "datetime": {"datetime": "2021-10-05 14:29:29", "elapsed": 524.479271, "delta": 4.049151}}
{"target": -41.967377159313344, "params": {"C": 193.37438703704206, "epsilon": 29.452735159390006, "gamma": 0.10674229745642776, "lamda": 0.3647154172400998}, "datetime": {"datetime": "2021-10-05 14:29:34", "elapsed": 528.751573, "delta": 4.272302}}
{"target": -46.0830424476549, "params": {"C": 191.508148410472, "epsilon": 18.399926714070318, "gamma": 0.09957563678573812, "lamda": 0.33497990441451564}, "datetime": {"datetime": "2021-10-05 14:29:35", "elapsed": 530.477317, "delta": 1.725744}}
{"target": -34.364271753647735, "params": {"C": 59.14288062218922, "epsilon": 22.633072437427412, "gamma": 0.017763369246490468, "lamda": 0.001908250938029867}, "datetime": {"datetime": "2021-10-05 14:29:39", "elapsed": 533.784478, "delta": 3.307161}}
{"target": -39.46508917430459, "params": {"C": 107.00948073915822, "epsilon": 27.45479604974447, "gamma": 0.20854857778267824, "lamda": 0.1031250258320434}, "datetime": {"datetime": "2021-10-05 14:29:40", "elapsed": 535.420926, "delta": 1.636448}}
{"target": -36.32229439431302, "params": {"C": 187.05772092531234, "epsilon": 15.423680893911706, "gamma": 0.022909614193115324, "lamda": 0.12624500184993503}, "datetime": {"datetime": "2021-10-05 14:29:42", "elapsed": 537.074587, "delta": 1.653661}}
{"target": -48.76744735346672, "params": {"C": 109.01646452416664, "epsilon": 16.938972843982782, "gamma": 0.1886157082072309, "lamda": 0.29928671689797626}, "datetime": {"datetime": "2021-10-05 14:29:43", "elapsed": 538.6193, "delta": 1.544713}}
{"target": -35.7864250736625, "params": {"C": 59.41485416224204, "epsilon": 22.69176295847039, "gamma": 0.08947340736487076, "lamda": 0.07932959961616534}, "datetime": {"datetime": "2021-10-05 14:29:47", "elapsed": 542.262591, "delta": 3.643291}}
{"target": -41.794096881925405, "params": {"C": 193.96387671277859, "epsilon": 29.16079375823342, "gamma": 0.35417716707799113, "lamda": 0.05279426412928735}, "datetime": {"datetime": "2021-10-05 14:29:52", "elapsed": 546.739707, "delta": 4.477116}}
{"target": -35.781780173562765, "params": {"C": 58.90641985307626, "epsilon": 22.873795036260464, "gamma": 0.021949404286650973, "lamda": 0.18677323401270798}, "datetime": {"datetime": "2021-10-05 14:29:55", "elapsed": 550.311727, "delta": 3.57202}}
{"target": -39.708711004755116, "params": {"C": 107.4159735112653, "epsilon": 17.24806720916668, "gamma": 0.1497189371994102, "lamda": 0.11182227140308118}, "datetime": {"datetime": "2021-10-05 14:29:57", "elapsed": 551.992313, "delta": 1.680586}}
{"target": -36.570663216103654, "params": {"C": 18.5140846332385, "epsilon": 23.179260926399397, "gamma": 0.10458062724682582, "lamda": 0.06168806593127806}, "datetime": {"datetime": "2021-10-05 14:29:58", "elapsed": 553.618821, "delta": 1.626508}}
{"target": -36.79476431047985, "params": {"C": 193.765371775315, "epsilon": 28.808299488242376, "gamma": 0.014841072816409895, "lamda": 0.30209112712063474}, "datetime": {"datetime": "2021-10-05 14:30:02", "elapsed": 557.495512, "delta": 3.876691}}
{"target": -37.11158224153329, "params": {"C": 168.4829521581678, "epsilon": 20.6073089615298, "gamma": 0.06880635704890378, "lamda": 0.15766398435470935}, "datetime": {"datetime": "2021-10-05 14:30:04", "elapsed": 559.090841, "delta": 1.595329}}
{"target": -37.028797515896635, "params": {"C": 129.80230319874812, "epsilon": 27.715759880887926, "gamma": 0.0001, "lamda": 0.0001}, "datetime": {"datetime": "2021-10-05 14:30:09", "elapsed": 564.384163, "delta": 5.293322}}
{"target": -44.17472236387173, "params": {"C": 186.95548563911112, "epsilon": 15.810017878652893, "gamma": 0.35348435285399255, "lamda": 0.0450093343960348}, "datetime": {"datetime": "2021-10-05 14:30:15", "elapsed": 570.218226, "delta": 5.834063}}
{"target": -33.417141515260035, "params": {"C": 41.51168559507335, "epsilon": 26.955599919053512, "gamma": 0.0069070123770539294, "lamda": 0.011645367298230288}, "datetime": {"datetime": "2021-10-05 14:30:20", "elapsed": 575.063655, "delta": 4.845429}}
{"target": -39.81098327598002, "params": {"C": 60.59260246210843, "epsilon": 23.421785472866013, "gamma": 0.1873874872677651, "lamda": 0.11389340976742032}, "datetime": {"datetime": "2021-10-05 14:30:24", "elapsed": 579.087538, "delta": 4.023883}}
{"target": -36.95813860129987, "params": {"C": 130.27413141606482, "epsilon": 27.918247180709123, "gamma": 0.0001, "lamda": 0.0001}, "datetime": {"datetime": "2021-10-05 14:30:28", "elapsed": 583.39289, "delta": 4.305352}}
{"target": -39.343356753694934, "params": {"C": 49.4991537964951, "epsilon": 19.301471977641643, "gamma": 0.08274928778513321, "lamda": 0.19656143471731607}, "datetime": {"datetime": "2021-10-05 14:30:30", "elapsed": 585.149973, "delta": 1.757083}}
{"target": -35.02109243754156, "params": {"C": 187.96836287666983, "epsilon": 29.94782881606969, "gamma": 0.0001, "lamda": 0.0001}, "datetime": {"datetime": "2021-10-05 14:30:35", "elapsed": 590.370744, "delta": 5.220771}}
{"target": -48.202180610290306, "params": {"C": 89.56323718597352, "epsilon": 13.341392988283852, "gamma": 0.39715611479445406, "lamda": 0.10336385578465075}, "datetime": {"datetime": "2021-10-05 14:30:37", "elapsed": 592.065198, "delta": 1.694454}}
{"target": -35.28625251676922, "params": {"C": 59.071547830404526, "epsilon": 22.18697485610388, "gamma": 0.0825711433708706, "lamda": 0.03436560106485084}, "datetime": {"datetime": "2021-10-05 14:30:41", "elapsed": 595.986299, "delta": 3.921101}}
{"target": -41.41081428192249, "params": {"C": 58.84536205903025, "epsilon": 22.401300992036646, "gamma": 0.26909508449968755, "lamda": 0.03460308905065555}, "datetime": {"datetime": "2021-10-05 14:30:45", "elapsed": 600.05791, "delta": 4.071611}}
{"target": -54.98142574516625, "params": {"C": 64.4597601852908, "epsilon": 19.160645957684107, "gamma": 0.39773081827955115, "lamda": 0.3757615401088433}, "datetime": {"datetime": "2021-10-05 14:30:47", "elapsed": 601.711656, "delta": 1.653746}}
{"target": -37.32160876971739, "params": {"C": 45.678665338045796, "epsilon": 20.24162922189966, "gamma": 0.024460470729227433, "lamda": 0.20650786830509804}, "datetime": {"datetime": "2021-10-05 14:30:48", "elapsed": 603.359965, "delta": 1.648309}}
{"target": -50.008708586711435, "params": {"C": 134.357014426752, "epsilon": 24.034168894646925, "gamma": 0.36965510208082536, "lamda": 0.3296588993292508}, "datetime": {"datetime": "2021-10-05 14:30:50", "elapsed": 605.067358, "delta": 1.707393}}
{"target": -36.07714904434844, "params": {"C": 160.62627585231593, "epsilon": 28.561685687582784, "gamma": 0.05615097849121857, "lamda": 0.2154939336341704}, "datetime": {"datetime": "2021-10-05 14:30:52", "elapsed": 606.812107, "delta": 1.744749}}
{"target": -46.11518421070328, "params": {"C": 42.29171598541001, "epsilon": 13.800119878774346, "gamma": 0.1540751731697486, "lamda": 0.2428316283969171}, "datetime": {"datetime": "2021-10-05 14:30:53", "elapsed": 608.38744, "delta": 1.575333}}
{"target": -44.69664052537102, "params": {"C": 97.68209753395902, "epsilon": 17.410174202754856, "gamma": 0.20306420585681917, "lamda": 0.1944958169011727}, "datetime": {"datetime": "2021-10-05 14:30:55", "elapsed": 610.208318, "delta": 1.820878}}
{"target": -36.002221990653425, "params": {"C": 59.46755170223899, "epsilon": 22.026599341685998, "gamma": 0.006173285336737614, "lamda": 0.1574181944335889}, "datetime": {"datetime": "2021-10-05 14:31:01", "elapsed": 616.389853, "delta": 6.181535}}
{"target": -36.13450976333583, "params": {"C": 187.2934699519131, "epsilon": 29.806883924953944, "gamma": 0.03493560667744866, "lamda": 0.26938196671407194}, "datetime": {"datetime": "2021-10-05 14:31:06", "elapsed": 620.714949, "delta": 4.325096}}
{"target": -44.65934914517519, "params": {"C": 59.26788403903583, "epsilon": 22.835932149359685, "gamma": 0.09350458891880674, "lamda": 0.36781867353429426}, "datetime": {"datetime": "2021-10-05 14:31:10", "elapsed": 624.772083, "delta": 4.057134}}
{"target": -36.06323505917292, "params": {"C": 194.39120548040967, "epsilon": 28.898695738788856, "gamma": 0.12007119797155605, "lamda": 0.09301407480771373}, "datetime": {"datetime": "2021-10-05 14:31:14", "elapsed": 628.679293, "delta": 3.90721}}
{"target": -33.61995340871208, "params": {"C": 34.97886875467992, "epsilon": 26.484267511209833, "gamma": 0.0372043968491165, "lamda": 0.02149258842491083}, "datetime": {"datetime": "2021-10-05 14:31:18", "elapsed": 633.056567, "delta": 4.377274}}
{"target": -52.03135044550821, "params": {"C": 105.70130440131129, "epsilon": 8.050560341834643, "gamma": 0.014122852696367658, "lamda": 0.37217488810742577}, "datetime": {"datetime": "2021-10-05 14:31:20", "elapsed": 634.792913, "delta": 1.736346}}
{"target": -33.19465080754779, "params": {"C": 187.9844365596563, "epsilon": 29.87928239229904, "gamma": 0.01480301757077087, "lamda": 0.0949631044442828}, "datetime": {"datetime": "2021-10-05 14:31:21", "elapsed": 636.670196, "delta": 1.877283}}
{"target": -47.78827965925303, "params": {"C": 167.21115396218033, "epsilon": 21.945147310684945, "gamma": 0.336278347351766, "lamda": 0.21438911984937473}, "datetime": {"datetime": "2021-10-05 14:31:23", "elapsed": 638.378734, "delta": 1.708538}}
{"target": -41.43365649365716, "params": {"C": 187.81842420595459, "epsilon": 29.84951986709452, "gamma": 0.2983260270074148, "lamda": 0.09340819102854876}, "datetime": {"datetime": "2021-10-05 14:31:29", "elapsed": 644.166175, "delta": 5.787441}}
{"target": -48.780812083444424, "params": {"C": 184.92533682243996, "epsilon": 18.562922393397876, "gamma": 0.21193692463129252, "lamda": 0.29868434492218693}, "datetime": {"datetime": "2021-10-05 14:31:31", "elapsed": 646.517692, "delta": 2.351517}}
{"target": -41.58735096424671, "params": {"C": 60.43699522913163, "epsilon": 23.917404510844968, "gamma": 0.0001, "lamda": 0.0001}, "datetime": {"datetime": "2021-10-05 14:31:36", "elapsed": 651.071146, "delta": 4.553454}}
{"target": -51.36044135122203, "params": {"C": 187.01040090217646, "epsilon": 14.94566429277928, "gamma": 0.0001, "lamda": 0.15502098533984165}, "datetime": {"datetime": "2021-10-05 14:31:41", "elapsed": 656.389964, "delta": 5.318818}}
{"target": -45.38068307744339, "params": {"C": 22.952385653084427, "epsilon": 19.820464151004746, "gamma": 0.38415415492935573, "lamda": 0.03759488775175608}, "datetime": {"datetime": "2021-10-05 14:31:43", "elapsed": 658.080065, "delta": 1.690101}}
{"target": -44.35499897081824, "params": {"C": 59.123705191633974, "epsilon": 21.806922455471337, "gamma": 0.2528527450869621, "lamda": 0.17860619337901656}, "datetime": {"datetime": "2021-10-05 14:31:49", "elapsed": 664.320133, "delta": 6.240068}}
{"target": -43.80265825573175, "params": {"C": 59.91297379066239, "epsilon": 22.084784783397872, "gamma": 0.04963699766549335, "lamda": 0.3864172410788606}, "datetime": {"datetime": "2021-10-05 14:31:54", "elapsed": 668.764573, "delta": 4.44444}}
{"target": -42.26646050265296, "params": {"C": 194.82348535759442, "epsilon": 26.11791129645712, "gamma": 0.38369504611345806, "lamda": 0.026341806909106338}, "datetime": {"datetime": "2021-10-05 14:31:55", "elapsed": 670.650073, "delta": 1.8855}}
{"target": -43.80461938713612, "params": {"C": 168.16145136723577, "epsilon": 20.855818882966837, "gamma": 0.32837633340534317, "lamda": 0.08278425156457545}, "datetime": {"datetime": "2021-10-05 14:31:59", "elapsed": 674.571847, "delta": 3.921774}}
{"target": -43.37715549507279, "params": {"C": 194.1968424874823, "epsilon": 28.385031452284505, "gamma": 0.23180930198501729, "lamda": 0.23371091349585377}, "datetime": {"datetime": "2021-10-05 14:32:05", "elapsed": 679.922097, "delta": 5.35025}}
{"target": -43.119682992475276, "params": {"C": 186.88892696532952, "epsilon": 29.7599683163089, "gamma": 0.3708707588563612, "lamda": 0.09067282687925028}, "datetime": {"datetime": "2021-10-05 14:32:09", "elapsed": 684.515717, "delta": 4.59362}}
{"target": -38.779131829861484, "params": {"C": 169.4166669344448, "epsilon": 28.814945538288452, "gamma": 0.15923333486755545, "lamda": 0.011981341633731907}, "datetime": {"datetime": "2021-10-05 14:32:15", "elapsed": 689.813971, "delta": 5.298254}}
{"target": -35.25061796912976, "params": {"C": 59.413367627845815, "epsilon": 23.76698464825392, "gamma": 0.04998718456282473, "lamda": 0.0019182206008240908}, "datetime": {"datetime": "2021-10-05 14:32:21", "elapsed": 695.806926, "delta": 5.992955}}
{"target": -40.1076165884778, "params": {"C": 194.9019225991577, "epsilon": 29.12420436663423, "gamma": 0.12816916132619996, "lamda": 0.2583134486155606}, "datetime": {"datetime": "2021-10-05 14:32:25", "elapsed": 700.056134, "delta": 4.249208}}
