{"target": -34.99140255845271, "params": {"C": 193.51809836337648, "epsilon": 29.989414819367287, "gamma": 0.0001, "lamda": 0.0001}, "datetime": {"datetime": "2021-10-06 08:03:04", "elapsed": 63738.708515, "delta": 15.135009}}
{"target": -35.024484376757776, "params": {"C": 192.2965117460842, "epsilon": 29.72928068774705, "gamma": 0.0001, "lamda": 0.0001}, "datetime": {"datetime": "2021-10-06 08:03:16", "elapsed": 63751.352811, "delta": 12.644296}}
{"target": -44.7054919411081, "params": {"C": 177.14298463795186, "epsilon": 25.21731728767473, "gamma": 0.23104431599267072, "lamda": 0.24808808025830614}, "datetime": {"datetime": "2021-10-06 08:03:20", "elapsed": 63755.677006, "delta": 4.324195}}
{"target": -48.124905984727654, "params": {"C": 124.44704988175589, "epsilon": 14.9575745508015, "gamma": 0.027400426365831253, "lamda": 0.39821541718232695}, "datetime": {"datetime": "2021-10-06 08:03:25", "elapsed": 63760.17728, "delta": 4.500274}}
{"target": -57.14289144159296, "params": {"C": 32.2934134979578, "epsilon": 6.251985475766326, "gamma": 0.370399904780444, "lamda": 0.24883618855231215}, "datetime": {"datetime": "2021-10-06 08:03:30", "elapsed": 63765.635778, "delta": 5.458498}}
{"target": -39.81539627860931, "params": {"C": 93.97056684115236, "epsilon": 26.89816687589635, "gamma": 0.01324646497202788, "lamda": 0.3728012807394696}, "datetime": {"datetime": "2021-10-06 08:03:51", "elapsed": 63785.885219, "delta": 20.249441}}
{"target": -46.022655740167686, "params": {"C": 112.80917331239436, "epsilon": 24.19868764313435, "gamma": 0.2415370390649664, "lamda": 0.26756365896344375}, "datetime": {"datetime": "2021-10-06 08:03:55", "elapsed": 63790.572324, "delta": 4.687105}}
{"target": -42.8963094578417, "params": {"C": 25.227118570006404, "epsilon": 23.821951712639056, "gamma": 0.3311162446086058, "lamda": 0.03828836454633471}, "datetime": {"datetime": "2021-10-06 08:04:01", "elapsed": 63796.221402, "delta": 5.649078}}
{"target": -39.378242168169, "params": {"C": 191.49008528540688, "epsilon": 28.067667512220087, "gamma": 0.09028882318087338, "lamda": 0.28005395684767287}, "datetime": {"datetime": "2021-10-06 08:04:13", "elapsed": 63808.540221, "delta": 12.318819}}
{"target": -34.80825908949135, "params": {"C": 93.92701678595635, "epsilon": 28.11103481258297, "gamma": 0.036417637992438724, "lamda": 0.18749597331348805}, "datetime": {"datetime": "2021-10-06 08:04:31", "elapsed": 63826.206589, "delta": 17.666368}}
{"target": -52.91696863545503, "params": {"C": 44.25722892529048, "epsilon": 4.081494104118994, "gamma": 0.21357248420202782, "lamda": 0.2615291137447446}, "datetime": {"datetime": "2021-10-06 08:04:36", "elapsed": 63831.193868, "delta": 4.987279}}
{"target": -36.88421160367362, "params": {"C": 137.5228715650388, "epsilon": 27.328402629910954, "gamma": 0.13030943987604082, "lamda": 0.026121880493589447}, "datetime": {"datetime": "2021-10-06 08:04:51", "elapsed": 63845.726977, "delta": 14.533109}}
{"target": -46.85603409161986, "params": {"C": 196.57236511830058, "epsilon": 26.48773661642873, "gamma": 0.2632117172247935, "lamda": 0.3201388240215207}, "datetime": {"datetime": "2021-10-06 08:04:56", "elapsed": 63851.231395, "delta": 5.504418}}
{"target": -42.83015263725633, "params": {"C": 49.59786460409346, "epsilon": 23.12061477080158, "gamma": 0.0001, "lamda": 0.0001}, "datetime": {"datetime": "2021-10-06 08:05:09", "elapsed": 63863.981726, "delta": 12.750331}}
{"target": -34.2381157063595, "params": {"C": 93.99648477593664, "epsilon": 27.726308486205735, "gamma": 0.06540672912105812, "lamda": 0.037694267425995125}, "datetime": {"datetime": "2021-10-06 08:05:21", "elapsed": 63875.959687, "delta": 11.977961}}
{"target": -39.29118472613211, "params": {"C": 192.48353222553766, "epsilon": 29.80701634734087, "gamma": 0.2371393692513724, "lamda": 0.02508015514978105}, "datetime": {"datetime": "2021-10-06 08:05:36", "elapsed": 63890.961184, "delta": 15.001497}}
{"target": -46.778355460898055, "params": {"C": 8.5900442730895, "epsilon": 21.88997909619126, "gamma": 0.14102094420826652, "lamda": 0.35015273465372915}, "datetime": {"datetime": "2021-10-06 08:05:40", "elapsed": 63895.198996, "delta": 4.237812}}
{"target": -39.714262889996924, "params": {"C": 93.7163570566912, "epsilon": 28.35187520664805, "gamma": 0.2229065634862689, "lamda": 0.01349903775406847}, "datetime": {"datetime": "2021-10-06 08:05:53", "elapsed": 63908.103729, "delta": 12.904733}}
{"target": -38.98085175266965, "params": {"C": 137.8359658139148, "epsilon": 28.3803339395457, "gamma": 0.008664093393963504, "lamda": 0.35220617459126996}, "datetime": {"datetime": "2021-10-06 08:06:06", "elapsed": 63921.061471, "delta": 12.957742}}
{"target": -40.865474334626455, "params": {"C": 192.02946924914562, "epsilon": 29.93610831126969, "gamma": 0.32015359591824794, "lamda": 0.01927297118373802}, "datetime": {"datetime": "2021-10-06 08:06:29", "elapsed": 63944.573925, "delta": 23.512454}}
{"target": -38.51152840104885, "params": {"C": 93.92983481338355, "epsilon": 26.976042244217293, "gamma": 0.0001, "lamda": 0.0001}, "datetime": {"datetime": "2021-10-06 08:06:46", "elapsed": 63961.545341, "delta": 16.971416}}
{"target": -37.92602883913448, "params": {"C": 49.844629533729, "epsilon": 25.876198306736683, "gamma": 0.16158393049870695, "lamda": 0.00980504538798421}, "datetime": {"datetime": "2021-10-06 08:07:06", "elapsed": 63980.67981, "delta": 19.134469}}
{"target": -37.879301769114925, "params": {"C": 194.47581302273358, "epsilon": 29.84789440779972, "gamma": 0.03412613157992085, "lamda": 0.3418510858913358}, "datetime": {"datetime": "2021-10-06 08:07:22", "elapsed": 63997.383656, "delta": 16.703846}}
{"target": -41.20021119337691, "params": {"C": 91.91747441308361, "epsilon": 22.001186086473638, "gamma": 0.1306412153624671, "lamda": 0.21967330000328972}, "datetime": {"datetime": "2021-10-06 08:07:28", "elapsed": 64002.965543, "delta": 5.581887}}
{"target": -38.53029271238658, "params": {"C": 160.00057699641346, "epsilon": 29.280164176384723, "gamma": 0.08586507286438078, "lamda": 0.2729948686106527}, "datetime": {"datetime": "2021-10-06 08:07:33", "elapsed": 64008.116084, "delta": 5.150541}}
{"target": -44.12285631722227, "params": {"C": 197.4720676723012, "epsilon": 26.651300312524146, "gamma": 0.32347432378269364, "lamda": 0.14614756395986578}, "datetime": {"datetime": "2021-10-06 08:07:50", "elapsed": 64025.654748, "delta": 17.538664}}
{"target": -33.44771872169448, "params": {"C": 160.07345092128992, "epsilon": 27.258190007323883, "gamma": 0.016002147876133393, "lamda": 0.02911146095686986}, "datetime": {"datetime": "2021-10-06 08:08:04", "elapsed": 64039.502949, "delta": 13.848201}}
{"target": -39.64263824444235, "params": {"C": 120.64628552985016, "epsilon": 25.88293843532453, "gamma": 0.07061052114348007, "lamda": 0.28783875867854175}, "datetime": {"datetime": "2021-10-06 08:08:10", "elapsed": 64045.365446, "delta": 5.862497}}
{"target": -42.61986437889419, "params": {"C": 41.92491617223905, "epsilon": 22.336659153411933, "gamma": 0.1582640617176233, "lamda": 0.2313772471195715}, "datetime": {"datetime": "2021-10-06 08:08:15", "elapsed": 64050.284665, "delta": 4.919219}}
{"target": -38.16685426481438, "params": {"C": 165.99775063563655, "epsilon": 17.815644585048293, "gamma": 0.11988648622209494, "lamda": 0.0963227108029429}, "datetime": {"datetime": "2021-10-06 08:08:20", "elapsed": 64055.616677, "delta": 5.332012}}
{"target": -33.67057639047745, "params": {"C": 94.37137241470704, "epsilon": 26.40793816079626, "gamma": 0.03955617857671811, "lamda": 0.034888739686308574}, "datetime": {"datetime": "2021-10-06 08:08:45", "elapsed": 64079.974122, "delta": 24.357445}}
{"target": -36.80883056356272, "params": {"C": 93.1841568162557, "epsilon": 26.82993530425991, "gamma": 0.12927225760345215, "lamda": 0.0993895772901067}, "datetime": {"datetime": "2021-10-06 08:08:50", "elapsed": 64084.773274, "delta": 4.799152}}
{"target": -40.40732013695541, "params": {"C": 94.33875790774738, "epsilon": 26.382585616479968, "gamma": 0.2641758662272625, "lamda": 0.025616603617886494}, "datetime": {"datetime": "2021-10-06 08:09:04", "elapsed": 64098.750024, "delta": 13.97675}}
{"target": -33.580749578385685, "params": {"C": 120.06903449607746, "epsilon": 25.623361571939068, "gamma": 0.004881633503341686, "lamda": 0.009365620766864787}, "datetime": {"datetime": "2021-10-06 08:09:24", "elapsed": 64119.668453, "delta": 20.918429}}
{"target": -41.6260142945405, "params": {"C": 94.74113025941432, "epsilon": 26.195327498351563, "gamma": 0.10557194975581526, "lamda": 0.3123508451833704}, "datetime": {"datetime": "2021-10-06 08:09:43", "elapsed": 64138.60915, "delta": 18.940697}}
{"target": -41.16506738124012, "params": {"C": 116.20428614613257, "epsilon": 9.631015225544884, "gamma": 0.15748408789871507, "lamda": 0.08336515654934562}, "datetime": {"datetime": "2021-10-06 08:09:49", "elapsed": 64143.911078, "delta": 5.301928}}
{"target": -36.140190199245495, "params": {"C": 169.86203925625722, "epsilon": 29.814151386602358, "gamma": 0.07081495438926731, "lamda": 0.2093515989751558}, "datetime": {"datetime": "2021-10-06 08:10:04", "elapsed": 64159.210914, "delta": 15.299836}}
{"target": -48.088677221862255, "params": {"C": 137.48725205881146, "epsilon": 28.40172174873225, "gamma": 0.3786093443914639, "lamda": 0.3289726670033357}, "datetime": {"datetime": "2021-10-06 08:10:27", "elapsed": 64182.081299, "delta": 22.870385}}
{"target": -52.48026492160155, "params": {"C": 40.06515839542644, "epsilon": 8.559519794358856, "gamma": 0.3143192721612047, "lamda": 0.2069356017154398}, "datetime": {"datetime": "2021-10-06 08:10:32", "elapsed": 64187.20921, "delta": 5.127911}}
{"target": -33.736209377050265, "params": {"C": 94.41570219028307, "epsilon": 28.095708723029546, "gamma": 0.05142891078924692, "lamda": 0.06317640498114788}, "datetime": {"datetime": "2021-10-06 08:10:45", "elapsed": 64199.88532, "delta": 12.67611}}
{"target": -39.74449580135977, "params": {"C": 94.32986619865537, "epsilon": 28.585175510629636, "gamma": 0.24964268277940432, "lamda": 0.07456703230221197}, "datetime": {"datetime": "2021-10-06 08:11:12", "elapsed": 64227.020985, "delta": 27.135665}}
{"target": -53.97082667395643, "params": {"C": 51.30990110633488, "epsilon": 8.90476686391655, "gamma": 0.3295233072938333, "lamda": 0.23618839497699762}, "datetime": {"datetime": "2021-10-06 08:11:17", "elapsed": 64232.01834, "delta": 4.997355}}
{"target": -35.997858258538486, "params": {"C": 94.22423273191117, "epsilon": 27.972476376990134, "gamma": 0.023140785791426113, "lamda": 0.2585353759798221}, "datetime": {"datetime": "2021-10-06 08:11:32", "elapsed": 64246.854497, "delta": 14.836157}}
{"target": -41.080979747495036, "params": {"C": 94.16729469280251, "epsilon": 26.303051818616893, "gamma": 0.09743683336147133, "lamda": 0.3055083506731193}, "datetime": {"datetime": "2021-10-06 08:11:49", "elapsed": 64264.605436, "delta": 17.750939}}
{"target": -38.84266722632139, "params": {"C": 185.920838256571, "epsilon": 28.15753948060866, "gamma": 0.21517980909407686, "lamda": 0.06769038800253889}, "datetime": {"datetime": "2021-10-06 08:12:11", "elapsed": 64285.856854, "delta": 21.251418}}
{"target": -35.38427308913501, "params": {"C": 185.3845408940102, "epsilon": 28.540191062721426, "gamma": 0.09787900101417575, "lamda": 0.10274262448093387}, "datetime": {"datetime": "2021-10-06 08:12:42", "elapsed": 64317.291285, "delta": 31.434431}}
{"target": -42.93760675675303, "params": {"C": 36.12988671093609, "epsilon": 26.966795149673434, "gamma": 0.0001, "lamda": 0.0001}, "datetime": {"datetime": "2021-10-06 08:13:02", "elapsed": 64336.959982, "delta": 19.668697}}
{"target": -35.76135790957445, "params": {"C": 88.49289703381659, "epsilon": 14.220189116271937, "gamma": 0.0227976688606345, "lamda": 0.08031126302016868}, "datetime": {"datetime": "2021-10-06 08:13:07", "elapsed": 64341.81211, "delta": 4.852128}}
{"target": -37.32239834367152, "params": {"C": 185.33806873435762, "epsilon": 28.068059475704636, "gamma": 0.054602297868923635, "lamda": 0.2606574522474511}, "datetime": {"datetime": "2021-10-06 08:13:24", "elapsed": 64359.107454, "delta": 17.295344}}
{"target": -44.339242334551656, "params": {"C": 185.183229085923, "epsilon": 28.42795605907575, "gamma": 0.23842913568374385, "lamda": 0.2701655780114473}, "datetime": {"datetime": "2021-10-06 08:13:51", "elapsed": 64386.425426, "delta": 27.317972}}
{"target": -39.23043525054496, "params": {"C": 94.35027378003001, "epsilon": 28.623134856912692, "gamma": 0.22671754019920842, "lamda": 0.08122832594386846}, "datetime": {"datetime": "2021-10-06 08:13:59", "elapsed": 64394.327782, "delta": 7.902356}}
{"target": -43.51382246629374, "params": {"C": 88.20568259467326, "epsilon": 14.540425279502138, "gamma": 0.2154358728070203, "lamda": 0.1337978487194345}, "datetime": {"datetime": "2021-10-06 08:14:14", "elapsed": 64409.228006, "delta": 14.900224}}
{"target": -43.35678095136735, "params": {"C": 94.62682044837615, "epsilon": 28.092555250891944, "gamma": 0.20455206172068682, "lamda": 0.2635999627122907}, "datetime": {"datetime": "2021-10-06 08:14:33", "elapsed": 64428.444045, "delta": 19.216039}}
{"target": -33.56692980285763, "params": {"C": 94.5165312138639, "epsilon": 26.580042207849335, "gamma": 0.019303105909102197, "lamda": 0.008528320116202954}, "datetime": {"datetime": "2021-10-06 08:14:59", "elapsed": 64453.819846, "delta": 25.375801}}
{"target": -34.14573683782857, "params": {"C": 92.75140255437367, "epsilon": 27.181210703133818, "gamma": 0.06233407156093052, "lamda": 0.053365040672160524}, "datetime": {"datetime": "2021-10-06 08:15:22", "elapsed": 64477.150073, "delta": 23.330227}}
{"target": -42.990015402513095, "params": {"C": 182.45009560660978, "epsilon": 4.858811246661857, "gamma": 0.02000131537690974, "lamda": 0.20613345501667127}, "datetime": {"datetime": "2021-10-06 08:15:27", "elapsed": 64482.387775, "delta": 5.237702}}
{"target": -44.0391113259772, "params": {"C": 102.89669076327671, "epsilon": 8.180932611794418, "gamma": 0.24534624997204904, "lamda": 0.049661996674729085}, "datetime": {"datetime": "2021-10-06 08:15:33", "elapsed": 64488.282031, "delta": 5.894256}}
{"target": -50.497584183943324, "params": {"C": 137.85275030320346, "epsilon": 27.854524501328903, "gamma": 0.0001, "lamda": 0.3765827234093685}, "datetime": {"datetime": "2021-10-06 08:15:53", "elapsed": 64507.823415, "delta": 19.541384}}
{"target": -41.089445308418505, "params": {"C": 185.6043409191695, "epsilon": 28.308160088177583, "gamma": 0.3277760303843292, "lamda": 0.011651421785470018}, "datetime": {"datetime": "2021-10-06 08:16:22", "elapsed": 64537.174986, "delta": 29.351571}}
{"target": -45.49176936499456, "params": {"C": 45.689402658576014, "epsilon": 24.509253008860465, "gamma": 0.17715968049057193, "lamda": 0.32184324998453634}, "datetime": {"datetime": "2021-10-06 08:16:28", "elapsed": 64543.074508, "delta": 5.899522}}
{"target": -40.23899722550461, "params": {"C": 94.14130475047611, "epsilon": 28.04775915197964, "gamma": 0.27124046015084435, "lamda": 0.05260370702039456}, "datetime": {"datetime": "2021-10-06 08:16:50", "elapsed": 64565.156652, "delta": 22.082144}}
{"target": -36.91748918317837, "params": {"C": 185.5724093098723, "epsilon": 28.750420413439223, "gamma": 0.1529319073768305, "lamda": 0.04709390101019464}, "datetime": {"datetime": "2021-10-06 08:17:07", "elapsed": 64581.806316, "delta": 16.649664}}
{"target": -36.729623464678916, "params": {"C": 92.48493146855718, "epsilon": 26.69872371580918, "gamma": 0.11608644003706949, "lamda": 0.02198779340512462}, "datetime": {"datetime": "2021-10-06 08:17:24", "elapsed": 64598.852175, "delta": 17.045859}}
{"target": -34.252544971189735, "params": {"C": 160.18017363159802, "epsilon": 28.060204566230706, "gamma": 0.06785502886479715, "lamda": 0.062032878688228245}, "datetime": {"datetime": "2021-10-06 08:17:30", "elapsed": 64605.080121, "delta": 6.227946}}
{"target": -39.71666575635233, "params": {"C": 94.04951815253854, "epsilon": 28.27389713992163, "gamma": 0.03590320411641611, "lamda": 0.3777954825077358}, "datetime": {"datetime": "2021-10-06 08:17:47", "elapsed": 64622.63428, "delta": 17.554159}}
{"target": -37.49274104242779, "params": {"C": 160.04943532755024, "epsilon": 26.815081088305547, "gamma": 0.152698964041274, "lamda": 0.09571501146707512}, "datetime": {"datetime": "2021-10-06 08:18:05", "elapsed": 64639.733167, "delta": 17.098887}}
{"target": -35.75816792957917, "params": {"C": 92.46437766485442, "epsilon": 26.881771707436535, "gamma": 0.018748898574466738, "lamda": 0.23680401648356536}, "datetime": {"datetime": "2021-10-06 08:18:22", "elapsed": 64657.329905, "delta": 17.596738}}
{"target": -49.441720936225906, "params": {"C": 39.096940080105185, "epsilon": 20.75333260327288, "gamma": 0.35818955772351696, "lamda": 0.23893089645946386}, "datetime": {"datetime": "2021-10-06 08:18:27", "elapsed": 64661.983626, "delta": 4.653721}}
{"target": -35.8722160439181, "params": {"C": 177.03837575444587, "epsilon": 26.41941239617786, "gamma": 0.013862187492392307, "lamda": 0.23218269736818495}, "datetime": {"datetime": "2021-10-06 08:18:32", "elapsed": 64667.585948, "delta": 5.602322}}
{"target": -42.192409767602044, "params": {"C": 88.66254017655083, "epsilon": 13.955104602965193, "gamma": 0.1811058301071802, "lamda": 0.12896140112893098}, "datetime": {"datetime": "2021-10-06 08:18:53", "elapsed": 64687.813538, "delta": 20.22759}}
{"target": -47.099748907999306, "params": {"C": 69.69228193591863, "epsilon": 26.664201327801788, "gamma": 0.30644813621833683, "lamda": 0.288362290906363}, "datetime": {"datetime": "2021-10-06 08:18:59", "elapsed": 64693.936026, "delta": 6.122488}}
{"target": -34.27736143320346, "params": {"C": 68.5490803777228, "epsilon": 20.319280485157535, "gamma": 0.04211360495921095, "lamda": 0.02208033453717864}, "datetime": {"datetime": "2021-10-06 08:19:23", "elapsed": 64717.90363, "delta": 23.967604}}
{"target": -49.06161266720532, "params": {"C": 47.74638019487037, "epsilon": 23.504331804881165, "gamma": 0.2412108305997884, "lamda": 0.3603501385778418}, "datetime": {"datetime": "2021-10-06 08:19:29", "elapsed": 64724.499557, "delta": 6.595927}}
{"target": -42.78848675416113, "params": {"C": 50.09585084078623, "epsilon": 23.08615867288647, "gamma": 0.0001, "lamda": 0.0001}, "datetime": {"datetime": "2021-10-06 08:19:46", "elapsed": 64740.853104, "delta": 16.353547}}
{"target": -46.40594381894697, "params": {"C": 121.00263854890514, "epsilon": 20.641015471227515, "gamma": 0.18551240195245627, "lamda": 0.2848686800767051}, "datetime": {"datetime": "2021-10-06 08:19:51", "elapsed": 64746.179831, "delta": 5.326727}}
{"target": -34.39574963043717, "params": {"C": 96.01553876089304, "epsilon": 20.56368194509519, "gamma": 0.007071710624731538, "lamda": 0.05497222620861269}, "datetime": {"datetime": "2021-10-06 08:19:56", "elapsed": 64750.919717, "delta": 4.739886}}
{"target": -39.9320091873142, "params": {"C": 95.650055758738, "epsilon": 20.896178152890467, "gamma": 0.10869648921210517, "lamda": 0.19409374085502942}, "datetime": {"datetime": "2021-10-06 08:20:26", "elapsed": 64780.810454, "delta": 29.890737}}
{"target": -34.36386912401087, "params": {"C": 35.741636098503484, "epsilon": 26.22725585639425, "gamma": 0.06361793101625202, "lamda": 0.09515810486384978}, "datetime": {"datetime": "2021-10-06 08:20:30", "elapsed": 64785.636575, "delta": 4.826121}}
{"target": -47.47951222127452, "params": {"C": 39.789448610621356, "epsilon": 6.500383351017296, "gamma": 0.27926320400014143, "lamda": 0.03269351356648646}, "datetime": {"datetime": "2021-10-06 08:20:35", "elapsed": 64790.6016, "delta": 4.965025}}
{"target": -48.28410188680689, "params": {"C": 22.891066870218783, "epsilon": 15.389929534799421, "gamma": 0.18735058309681069, "lamda": 0.2702939214932653}, "datetime": {"datetime": "2021-10-06 08:20:41", "elapsed": 64796.091223, "delta": 5.489623}}
{"target": -34.858836327132714, "params": {"C": 95.6901664288502, "epsilon": 20.35536770805902, "gamma": 0.040879813570697136, "lamda": 0.1083485273604365}, "datetime": {"datetime": "2021-10-06 08:20:56", "elapsed": 64811.63923, "delta": 15.548007}}
{"target": -42.87449896797751, "params": {"C": 96.03023943393715, "epsilon": 20.52693498146217, "gamma": 0.3342122823935006, "lamda": 0.017645436016261822}, "datetime": {"datetime": "2021-10-06 08:21:21", "elapsed": 64836.480122, "delta": 24.840892}}
{"target": -38.16148582243794, "params": {"C": 94.16254093489542, "epsilon": 28.169605161785597, "gamma": 0.0001, "lamda": 0.0001}, "datetime": {"datetime": "2021-10-06 08:21:42", "elapsed": 64857.127075, "delta": 20.646953}}
{"target": -38.10081489901036, "params": {"C": 92.75528972263446, "epsilon": 28.3059441037256, "gamma": 0.008055872117651715, "lamda": 0.3161654736859569}, "datetime": {"datetime": "2021-10-06 08:22:00", "elapsed": 64875.377099, "delta": 18.250024}}
{"target": -45.60894872366107, "params": {"C": 177.0679820262, "epsilon": 26.404459952646665, "gamma": 0.37519420835738315, "lamda": 0.16108879268233722}, "datetime": {"datetime": "2021-10-06 08:22:29", "elapsed": 64904.649049, "delta": 29.27195}}
{"target": -40.54912520698544, "params": {"C": 95.4193838406937, "epsilon": 20.52587550817657, "gamma": 0.0001, "lamda": 0.0001}, "datetime": {"datetime": "2021-10-06 08:22:47", "elapsed": 64921.754409, "delta": 17.10536}}
{"target": -39.32228826757866, "params": {"C": 92.49984412408227, "epsilon": 27.051962785524005, "gamma": 0.21928554826885102, "lamda": 0.0833697783382848}, "datetime": {"datetime": "2021-10-06 08:23:03", "elapsed": 64938.229796, "delta": 16.475387}}
{"target": -45.673232241932645, "params": {"C": 176.29130984024067, "epsilon": 28.3407675218786, "gamma": 0.307783673578413, "lamda": 0.24915595653997893}, "datetime": {"datetime": "2021-10-06 08:23:09", "elapsed": 64944.024029, "delta": 5.794233}}
