{"target": -32.838806058499635, "params": {"C": 328.34625446897894, "epsilon": 33.92376813193538, "gamma": 0.009957347448900611, "lamda": 0.05388335749882263}, "datetime": {"datetime": "2021-10-06 09:28:51", "elapsed": 28.865297, "delta": 0.447064}}
{"target": -33.03229353756222, "params": {"C": 240.4589456895133, "epsilon": 32.243814874384846, "gamma": 0.01741624500118737, "lamda": 0.057017017482410365}, "datetime": {"datetime": "2021-10-06 09:28:51", "elapsed": 29.337043, "delta": 0.471746}}
{"target": -32.980103672248745, "params": {"C": 327.95775813664665, "epsilon": 33.63654386920831, "gamma": 0.014679409987600684, "lamda": 0.043533334082018794}, "datetime": {"datetime": "2021-10-06 09:28:52", "elapsed": 29.844736, "delta": 0.507693}}
{"target": -32.94930475897393, "params": {"C": 377.3463942565712, "epsilon": 37.363296914460676, "gamma": 0.019995499587735676, "lamda": 0.046818556885482226}, "datetime": {"datetime": "2021-10-06 09:28:52", "elapsed": 30.382764, "delta": 0.538028}}
{"target": -32.953688078956404, "params": {"C": 53.424541026652676, "epsilon": 33.70004918018356, "gamma": 0.009521350556596576, "lamda": 0.03431643627587083}, "datetime": {"datetime": "2021-10-06 09:28:53", "elapsed": 30.803497, "delta": 0.420733}}
{"target": -32.95365567148237, "params": {"C": 328.68309783146685, "epsilon": 34.05633731259777, "gamma": 0.015910960071933024, "lamda": 0.07205965845659354}, "datetime": {"datetime": "2021-10-06 09:28:53", "elapsed": 31.292515, "delta": 0.489018}}
{"target": -32.951724734182264, "params": {"C": 225.24597016804572, "epsilon": 37.656499123675786, "gamma": 0.01663999409658741, "lamda": 0.06216098527021533}, "datetime": {"datetime": "2021-10-06 09:28:54", "elapsed": 31.747028, "delta": 0.454513}}
{"target": -32.89566028168913, "params": {"C": 363.1253961385772, "epsilon": 37.0292284356387, "gamma": 0.012514204302402186, "lamda": 0.053088260634475894}, "datetime": {"datetime": "2021-10-06 09:28:54", "elapsed": 32.210023, "delta": 0.462995}}
{"target": -32.979114351912614, "params": {"C": 179.5673868008458, "epsilon": 34.83585335896262, "gamma": 0.011133610297282602, "lamda": 0.03175260311587287}, "datetime": {"datetime": "2021-10-06 09:28:55", "elapsed": 32.796345, "delta": 0.586322}}
{"target": -32.94683577845608, "params": {"C": 390.4524297469492, "epsilon": 36.84396379307204, "gamma": 0.01671258412559378, "lamda": 0.07101959155694462}, "datetime": {"datetime": "2021-10-06 09:28:55", "elapsed": 33.320024, "delta": 0.523679}}
{"target": -32.885948667382785, "params": {"C": 109.23137581182571, "epsilon": 37.611334394251216, "gamma": 0.010972495565821635, "lamda": 0.04578332250668961}, "datetime": {"datetime": "2021-10-06 09:28:56", "elapsed": 33.761752, "delta": 0.441728}}
{"target": -32.909347720037424, "params": {"C": 252.67083370836508, "epsilon": 36.830439890245536, "gamma": 0.014435593481064804, "lamda": 0.050754700947886346}, "datetime": {"datetime": "2021-10-06 09:28:56", "elapsed": 34.215588, "delta": 0.453836}}
{"target": -32.99494535135112, "params": {"C": 390.5885353026873, "epsilon": 36.2114711923398, "gamma": 0.004, "lamda": 0.03}, "datetime": {"datetime": "2021-10-06 09:28:57", "elapsed": 34.820056, "delta": 0.604468}}
{"target": -32.990349534275886, "params": {"C": 135.41213672803076, "epsilon": 34.750549194340486, "gamma": 0.013090729601977881, "lamda": 0.03598180069613912}, "datetime": {"datetime": "2021-10-06 09:28:57", "elapsed": 35.258871, "delta": 0.438815}}
{"target": -32.99462858935276, "params": {"C": 328.62054778395475, "epsilon": 33.17172764850443, "gamma": 0.016948903534639417, "lamda": 0.060969799326102164}, "datetime": {"datetime": "2021-10-06 09:28:58", "elapsed": 35.806507, "delta": 0.547636}}
{"target": -33.005478371427614, "params": {"C": 328.49532505854415, "epsilon": 33.657672985333214, "gamma": 0.01129048026563709, "lamda": 0.03476293148813176}, "datetime": {"datetime": "2021-10-06 09:28:58", "elapsed": 36.372934, "delta": 0.566427}}
{"target": -33.133182069765276, "params": {"C": 303.0305660980593, "epsilon": 32.82600145908006, "gamma": 0.004172615366136119, "lamda": 0.05948585001176619}, "datetime": {"datetime": "2021-10-06 09:28:59", "elapsed": 36.839672, "delta": 0.466738}}
{"target": -32.86207726439568, "params": {"C": 378.0048753468486, "epsilon": 36.4336092542988, "gamma": 0.011331664144643504, "lamda": 0.07076802439731694}, "datetime": {"datetime": "2021-10-06 09:28:59", "elapsed": 37.311702, "delta": 0.47203}}
{"target": -32.89048089661742, "params": {"C": 171.79737742549665, "epsilon": 38.29154871857451, "gamma": 0.0102848852282031, "lamda": 0.06747659427344697}, "datetime": {"datetime": "2021-10-06 09:29:00", "elapsed": 37.817449, "delta": 0.505747}}
{"target": -32.982094099178774, "params": {"C": 122.10744613509647, "epsilon": 38.67232075678257, "gamma": 0.019524281426836907, "lamda": 0.05694782378944486}, "datetime": {"datetime": "2021-10-06 09:29:00", "elapsed": 38.259941, "delta": 0.442492}}
{"target": -32.90456550597466, "params": {"C": 230.58048359927645, "epsilon": 36.38885892711504, "gamma": 0.011968031551038563, "lamda": 0.039134133396693284}, "datetime": {"datetime": "2021-10-06 09:29:01", "elapsed": 38.730207, "delta": 0.470266}}
{"target": -32.952975214725555, "params": {"C": 186.07013732742973, "epsilon": 36.07607080809647, "gamma": 0.017840866108359943, "lamda": 0.03768115699584585}, "datetime": {"datetime": "2021-10-06 09:29:01", "elapsed": 39.24735, "delta": 0.517143}}
{"target": -32.94790886780457, "params": {"C": 294.4250812653378, "epsilon": 38.41902050006895, "gamma": 0.01426797698066596, "lamda": 0.04134142768541933}, "datetime": {"datetime": "2021-10-06 09:29:02", "elapsed": 39.7103, "delta": 0.46295}}
{"target": -32.90427872465408, "params": {"C": 288.6888182746535, "epsilon": 35.423882764803686, "gamma": 0.011883790302751341, "lamda": 0.039892918119015866}, "datetime": {"datetime": "2021-10-06 09:29:02", "elapsed": 40.211844, "delta": 0.501544}}
{"target": -32.956649379596534, "params": {"C": 185.91064325338274, "epsilon": 35.764686407362795, "gamma": 0.01840016172062301, "lamda": 0.06452864010083192}, "datetime": {"datetime": "2021-10-06 09:29:03", "elapsed": 40.750699, "delta": 0.538855}}
{"target": -32.92647346700069, "params": {"C": 328.2893247276945, "epsilon": 34.00319581938214, "gamma": 0.013991265630573187, "lamda": 0.07134681361647283}, "datetime": {"datetime": "2021-10-06 09:29:03", "elapsed": 41.260878, "delta": 0.510179}}
{"target": -32.896963762230044, "params": {"C": 178.75467419696582, "epsilon": 35.72133626317807, "gamma": 0.0133423596359087, "lamda": 0.05868452980360185}, "datetime": {"datetime": "2021-10-06 09:29:04", "elapsed": 41.793316, "delta": 0.532438}}
{"target": -33.12670163980282, "params": {"C": 106.51495726930824, "epsilon": 38.12464756609288, "gamma": 0.004084282751225575, "lamda": 0.036001274782418116}, "datetime": {"datetime": "2021-10-06 09:29:04", "elapsed": 42.263738, "delta": 0.470422}}
{"target": -32.929978875532015, "params": {"C": 214.70141665766792, "epsilon": 33.77428427602115, "gamma": 0.013960703668347535, "lamda": 0.0712861890072101}, "datetime": {"datetime": "2021-10-06 09:29:05", "elapsed": 42.749451, "delta": 0.485713}}
{"target": -32.98756524131703, "params": {"C": 122.24974356697594, "epsilon": 34.142988031793394, "gamma": 0.011673202468949762, "lamda": 0.03643484096155244}, "datetime": {"datetime": "2021-10-06 09:29:05", "elapsed": 43.250724, "delta": 0.501273}}
{"target": -32.92474707042759, "params": {"C": 163.73464565428492, "epsilon": 32.74244190220189, "gamma": 0.00971457446534728, "lamda": 0.07594978435123342}, "datetime": {"datetime": "2021-10-06 09:29:06", "elapsed": 43.764659, "delta": 0.513935}}
{"target": -32.97890495378939, "params": {"C": 124.81782835727277, "epsilon": 33.41890251148177, "gamma": 0.01677606981798742, "lamda": 0.07283320379193436}, "datetime": {"datetime": "2021-10-06 09:29:06", "elapsed": 44.303584, "delta": 0.538925}}
{"target": -33.13490660264451, "params": {"C": 390.6226317555447, "epsilon": 36.5701769211184, "gamma": 0.005745890519765309, "lamda": 0.07753184543434881}, "datetime": {"datetime": "2021-10-06 09:29:07", "elapsed": 44.852056, "delta": 0.548472}}
{"target": -32.82562515043026, "params": {"C": 266.7131668996635, "epsilon": 37.593368162299186, "gamma": 0.00862394297260611, "lamda": 0.05170298464317191}, "datetime": {"datetime": "2021-10-06 09:29:07", "elapsed": 45.429909, "delta": 0.577853}}
{"target": -32.949535604449736, "params": {"C": 186.72609924978738, "epsilon": 34.23531102527424, "gamma": 0.01460488246641609, "lamda": 0.05819213999206494}, "datetime": {"datetime": "2021-10-06 09:29:08", "elapsed": 45.947976, "delta": 0.518067}}
{"target": -32.84797005313074, "params": {"C": 185.840167918526, "epsilon": 38.15183701825244, "gamma": 0.00848662236971151, "lamda": 0.06242664448778933}, "datetime": {"datetime": "2021-10-06 09:29:08", "elapsed": 46.465124, "delta": 0.517148}}
{"target": -32.94395221353443, "params": {"C": 268.03287478891855, "epsilon": 38.095912246218475, "gamma": 0.012826630194313285, "lamda": 0.06951820257071309}, "datetime": {"datetime": "2021-10-06 09:29:09", "elapsed": 47.041984, "delta": 0.57686}}
{"target": -32.897814115632265, "params": {"C": 102.05489853939311, "epsilon": 35.252058261119615, "gamma": 0.011730727757537507, "lamda": 0.042811248868565535}, "datetime": {"datetime": "2021-10-06 09:29:09", "elapsed": 47.577011, "delta": 0.535027}}
{"target": -32.85371426553273, "params": {"C": 100.55659520456463, "epsilon": 36.186098621888604, "gamma": 0.010956537162131989, "lamda": 0.05864157374210509}, "datetime": {"datetime": "2021-10-06 09:29:10", "elapsed": 48.078243, "delta": 0.501232}}
{"target": -32.94010638060767, "params": {"C": 71.07845023935332, "epsilon": 32.67161810067941, "gamma": 0.00902215230793532, "lamda": 0.07605189652691949}, "datetime": {"datetime": "2021-10-06 09:29:11", "elapsed": 48.595297, "delta": 0.517054}}
{"target": -32.95937364906303, "params": {"C": 352.62206698874206, "epsilon": 38.461028220293365, "gamma": 0.012467578910532217, "lamda": 0.0753657439689866}, "datetime": {"datetime": "2021-10-06 09:29:11", "elapsed": 49.112423, "delta": 0.517126}}
{"target": -32.89941974838113, "params": {"C": 241.53538531037796, "epsilon": 38.20107190332016, "gamma": 0.01122675982812869, "lamda": 0.05317021959678104}, "datetime": {"datetime": "2021-10-06 09:29:12", "elapsed": 49.71399, "delta": 0.601567}}
{"target": -32.975978748885396, "params": {"C": 83.54716166751746, "epsilon": 36.86669157828394, "gamma": 0.008994957414681842, "lamda": 0.030865128416356958}, "datetime": {"datetime": "2021-10-06 09:29:12", "elapsed": 50.315891, "delta": 0.601901}}
{"target": -32.90718625974292, "params": {"C": 312.4552672518405, "epsilon": 35.59998791113634, "gamma": 0.013256614489197502, "lamda": 0.04829076341065706}, "datetime": {"datetime": "2021-10-06 09:29:13", "elapsed": 50.848337, "delta": 0.532446}}
{"target": -33.02717858143405, "params": {"C": 94.21761414003001, "epsilon": 32.5718285558146, "gamma": 0.018923587414304277, "lamda": 0.04800163177439559}, "datetime": {"datetime": "2021-10-06 09:29:13", "elapsed": 51.387562, "delta": 0.539225}}
{"target": -33.02751106916039, "params": {"C": 62.92403753039267, "epsilon": 33.58098224750417, "gamma": 0.019010848465091452, "lamda": 0.059691903689575755}, "datetime": {"datetime": "2021-10-06 09:29:14", "elapsed": 51.925626, "delta": 0.538064}}
{"target": -32.95456156856564, "params": {"C": 245.04432561238747, "epsilon": 37.67594714047467, "gamma": 0.014217318642195628, "lamda": 0.07181887337686266}, "datetime": {"datetime": "2021-10-06 09:29:14", "elapsed": 52.529253, "delta": 0.603627}}
{"target": -32.92913409951194, "params": {"C": 240.91927801600193, "epsilon": 37.540005558426735, "gamma": 0.014912935797539292, "lamda": 0.061223976408381967}, "datetime": {"datetime": "2021-10-06 09:29:15", "elapsed": 53.12788, "delta": 0.598627}}
{"target": -32.943922368105504, "params": {"C": 126.49093968750196, "epsilon": 37.26591548037148, "gamma": 0.01722262948371499, "lamda": 0.06107534211728449}, "datetime": {"datetime": "2021-10-06 09:29:16", "elapsed": 53.657062, "delta": 0.529182}}
{"target": -32.875889779958264, "params": {"C": 55.412747264797105, "epsilon": 34.012022413205926, "gamma": 0.010032212329027368, "lamda": 0.057821245973343816}, "datetime": {"datetime": "2021-10-06 09:29:16", "elapsed": 54.220278, "delta": 0.563216}}
{"target": -32.916249241081545, "params": {"C": 156.76167228186483, "epsilon": 36.980393995742176, "gamma": 0.007779672222881782, "lamda": 0.07310760108428832}, "datetime": {"datetime": "2021-10-06 09:29:17", "elapsed": 54.856478, "delta": 0.6362}}
{"target": -32.91184802606529, "params": {"C": 241.45511673351402, "epsilon": 36.26868287642185, "gamma": 0.015051604004392587, "lamda": 0.0659857601062229}, "datetime": {"datetime": "2021-10-06 09:29:17", "elapsed": 55.427457, "delta": 0.570979}}
{"target": -32.97169257103653, "params": {"C": 383.7477771376721, "epsilon": 35.27637015526696, "gamma": 0.01950863062496626, "lamda": 0.06847476357941015}, "datetime": {"datetime": "2021-10-06 09:29:18", "elapsed": 55.975229, "delta": 0.547772}}
{"target": -32.93960249237659, "params": {"C": 297.4357934399318, "epsilon": 36.39396957322554, "gamma": 0.017420865517947907, "lamda": 0.06791176495339446}, "datetime": {"datetime": "2021-10-06 09:29:18", "elapsed": 56.523687, "delta": 0.548458}}
{"target": -33.04717288907095, "params": {"C": 297.77340780710165, "epsilon": 33.73511685582819, "gamma": 0.015887707136576945, "lamda": 0.032172071487817845}, "datetime": {"datetime": "2021-10-06 09:29:19", "elapsed": 57.185298, "delta": 0.661611}}
{"target": -33.12673599774074, "params": {"C": 360.33354073225706, "epsilon": 34.016628964938334, "gamma": 0.004882781006620865, "lamda": 0.07672758611028103}, "datetime": {"datetime": "2021-10-06 09:29:20", "elapsed": 57.75242, "delta": 0.567122}}
{"target": -32.91474703058483, "params": {"C": 315.9109770396075, "epsilon": 34.31061578226213, "gamma": 0.007256574392081488, "lamda": 0.07721455871018011}, "datetime": {"datetime": "2021-10-06 09:29:20", "elapsed": 58.316392, "delta": 0.563972}}
{"target": -32.92092419742328, "params": {"C": 304.27781414698836, "epsilon": 36.39428530457995, "gamma": 0.015234542593213843, "lamda": 0.0762597732398069}, "datetime": {"datetime": "2021-10-06 09:29:21", "elapsed": 58.918169, "delta": 0.601777}}
{"target": -32.91149125786579, "params": {"C": 174.17055811042593, "epsilon": 32.25665943444884, "gamma": 0.00502796034565092, "lamda": 0.040780403985342814}, "datetime": {"datetime": "2021-10-06 09:29:21", "elapsed": 59.488877, "delta": 0.570708}}
{"target": -32.86972521084379, "params": {"C": 324.3408634196007, "epsilon": 34.1907039498865, "gamma": 0.010016217385316127, "lamda": 0.043009530775628746}, "datetime": {"datetime": "2021-10-06 09:29:22", "elapsed": 60.089354, "delta": 0.600477}}
{"target": -32.928782648900615, "params": {"C": 98.23967924138209, "epsilon": 37.28862525255382, "gamma": 0.016541265973365825, "lamda": 0.05620704793217299}, "datetime": {"datetime": "2021-10-06 09:29:23", "elapsed": 60.645941, "delta": 0.556587}}
{"target": -32.94141290441764, "params": {"C": 192.60702383197645, "epsilon": 34.90567470438232, "gamma": 0.012872721385025614, "lamda": 0.03959877562819568}, "datetime": {"datetime": "2021-10-06 09:29:23", "elapsed": 61.301259, "delta": 0.655318}}
{"target": -33.093472764880445, "params": {"C": 268.9254548125991, "epsilon": 32.66749782191166, "gamma": 0.0051126213306979095, "lamda": 0.0775499802585887}, "datetime": {"datetime": "2021-10-06 09:29:24", "elapsed": 61.849953, "delta": 0.548694}}
{"target": -32.963965990832136, "params": {"C": 224.39999335599978, "epsilon": 32.60125274243793, "gamma": 0.005181963218214962, "lamda": 0.05657906509676037}, "datetime": {"datetime": "2021-10-06 09:29:24", "elapsed": 62.435688, "delta": 0.585735}}
{"target": -33.003296026300205, "params": {"C": 192.10084904080196, "epsilon": 35.46940902563909, "gamma": 0.014683858347696786, "lamda": 0.031465938413322785}, "datetime": {"datetime": "2021-10-06 09:29:25", "elapsed": 63.00731, "delta": 0.571622}}
{"target": -32.836281917643426, "params": {"C": 202.14462539831027, "epsilon": 37.086619198336166, "gamma": 0.008778840067650017, "lamda": 0.04809875138195557}, "datetime": {"datetime": "2021-10-06 09:29:26", "elapsed": 63.607787, "delta": 0.600477}}
{"target": -32.93446691279006, "params": {"C": 175.150319379062, "epsilon": 36.20713180394093, "gamma": 0.01619436936913042, "lamda": 0.04870826524464911}, "datetime": {"datetime": "2021-10-06 09:29:26", "elapsed": 64.209633, "delta": 0.601846}}
{"target": -32.95123987700677, "params": {"C": 184.233457253695, "epsilon": 33.23589483328771, "gamma": 0.012029087808578863, "lamda": 0.07643354430564922}, "datetime": {"datetime": "2021-10-06 09:29:27", "elapsed": 64.810214, "delta": 0.600581}}
{"target": -33.004885359330544, "params": {"C": 227.72243836029438, "epsilon": 34.511400301786495, "gamma": 0.01972886292308153, "lamda": 0.0314597285060638}, "datetime": {"datetime": "2021-10-06 09:29:27", "elapsed": 65.427372, "delta": 0.617158}}
{"target": -33.05280207398348, "params": {"C": 236.33255702255647, "epsilon": 33.26726634427652, "gamma": 0.01389409593732272, "lamda": 0.03407616646260583}, "datetime": {"datetime": "2021-10-06 09:29:28", "elapsed": 66.012989, "delta": 0.585617}}
{"target": -32.90943622032267, "params": {"C": 173.26478200261596, "epsilon": 33.38857653696999, "gamma": 0.008712223479523286, "lamda": 0.06882475749909212}, "datetime": {"datetime": "2021-10-06 09:29:29", "elapsed": 66.702833, "delta": 0.689844}}
{"target": -32.821812605416895, "params": {"C": 156.04591403364392, "epsilon": 34.618579211115915, "gamma": 0.008954834328993876, "lamda": 0.057477668414692054}, "datetime": {"datetime": "2021-10-06 09:29:29", "elapsed": 67.316324, "delta": 0.613491}}
{"target": -33.06864885664773, "params": {"C": 38.26342253068327, "epsilon": 38.026934221526545, "gamma": 0.01767489449454422, "lamda": 0.042451311133163035}, "datetime": {"datetime": "2021-10-06 09:29:30", "elapsed": 67.941368, "delta": 0.625044}}
{"target": -33.227176413737055, "params": {"C": 71.94710964909544, "epsilon": 36.453162650892665, "gamma": 0.004970301281549702, "lamda": 0.07851272483963498}, "datetime": {"datetime": "2021-10-06 09:29:31", "elapsed": 68.630651, "delta": 0.689283}}
{"target": -32.88874759394421, "params": {"C": 40.694816212957406, "epsilon": 34.199399339695844, "gamma": 0.0066645799788658325, "lamda": 0.031498846074229966}, "datetime": {"datetime": "2021-10-06 09:29:31", "elapsed": 69.39232, "delta": 0.761669}}
{"target": -32.88175870937422, "params": {"C": 386.9743249979796, "epsilon": 33.41119241295494, "gamma": 0.007762523352129838, "lamda": 0.06289632392981287}, "datetime": {"datetime": "2021-10-06 09:29:32", "elapsed": 70.008938, "delta": 0.616618}}
{"target": -32.98607555249038, "params": {"C": 111.89451764641905, "epsilon": 33.07219757504375, "gamma": 0.014417930763837147, "lamda": 0.048161342394965445}, "datetime": {"datetime": "2021-10-06 09:29:33", "elapsed": 70.628733, "delta": 0.619795}}
{"target": -32.924622085147064, "params": {"C": 346.425850269718, "epsilon": 36.10957933508535, "gamma": 0.0150364009674698, "lamda": 0.05643410848205631}, "datetime": {"datetime": "2021-10-06 09:29:33", "elapsed": 71.330798, "delta": 0.702065}}
{"target": -32.88491586504657, "params": {"C": 253.90939318268502, "epsilon": 36.81052998279377, "gamma": 0.012181699393228523, "lamda": 0.0528660913547428}, "datetime": {"datetime": "2021-10-06 09:29:34", "elapsed": 71.96589, "delta": 0.635092}}
{"target": -33.12310248043751, "params": {"C": 275.6256019794259, "epsilon": 34.810583701489534, "gamma": 0.005157801563701975, "lamda": 0.07639636771806715}, "datetime": {"datetime": "2021-10-06 09:29:35", "elapsed": 72.605886, "delta": 0.639996}}
{"target": -32.89130680187789, "params": {"C": 330.9360266024793, "epsilon": 34.819797200226546, "gamma": 0.007338670204489418, "lamda": 0.07236042692374706}, "datetime": {"datetime": "2021-10-06 09:29:35", "elapsed": 73.354897, "delta": 0.749011}}
{"target": -32.88307935580771, "params": {"C": 392.3715067231636, "epsilon": 32.850802854540106, "gamma": 0.010308667897065926, "lamda": 0.05550321780736318}, "datetime": {"datetime": "2021-10-06 09:29:36", "elapsed": 74.19896, "delta": 0.844063}}
{"target": -32.892642372834814, "params": {"C": 200.41986408057244, "epsilon": 37.49933215485236, "gamma": 0.009129900735971891, "lamda": 0.07707601871880901}, "datetime": {"datetime": "2021-10-06 09:29:37", "elapsed": 74.911456, "delta": 0.712496}}
{"target": -32.88288627498718, "params": {"C": 304.9585990689326, "epsilon": 34.895037274850914, "gamma": 0.012458971355171369, "lamda": 0.06650750151679224}, "datetime": {"datetime": "2021-10-06 09:29:37", "elapsed": 75.518464, "delta": 0.607008}}
{"target": -32.977690331729534, "params": {"C": 136.49919157015597, "epsilon": 34.347531021985425, "gamma": 0.010742261218205346, "lamda": 0.03287638206555825}, "datetime": {"datetime": "2021-10-06 09:29:38", "elapsed": 76.157005, "delta": 0.638541}}
{"target": -32.82378939281385, "params": {"C": 116.82680115331675, "epsilon": 36.37745924999227, "gamma": 0.008397936744496244, "lamda": 0.06402773169250929}, "datetime": {"datetime": "2021-10-06 09:29:39", "elapsed": 76.781258, "delta": 0.624253}}
{"target": -33.171176794265634, "params": {"C": 310.63176051797296, "epsilon": 35.6223898224336, "gamma": 0.0050432241141014945, "lamda": 0.07817717377267464}, "datetime": {"datetime": "2021-10-06 09:29:39", "elapsed": 77.404999, "delta": 0.623741}}
{"target": -32.9336265281528, "params": {"C": 224.94714791836293, "epsilon": 36.912909483167866, "gamma": 0.016185271324571378, "lamda": 0.07002599993116536}, "datetime": {"datetime": "2021-10-06 09:29:40", "elapsed": 78.081009, "delta": 0.67601}}
