{"target": -33.19269079216734, "params": {"C": 188.09366759680296, "epsilon": 34.6517521463543, "gamma": 0.038515207520511206, "lamda": 0.08713810850711808}, "datetime": {"datetime": "2021-10-06 08:45:12", "elapsed": 46.590587, "delta": 0.547789}}
{"target": -35.41140385637585, "params": {"C": 187.9704548154393, "epsilon": 34.487686958949126, "gamma": 0.049412200820024614, "lamda": 0.002427280875077584}, "datetime": {"datetime": "2021-10-06 08:45:13", "elapsed": 47.156123, "delta": 0.565536}}
{"target": -33.74462638477721, "params": {"C": 34.63465042634507, "epsilon": 33.39046930515163, "gamma": 0.05734427726596637, "lamda": 0.04022529555843039}, "datetime": {"datetime": "2021-10-06 08:45:13", "elapsed": 47.731774, "delta": 0.575651}}
{"target": -33.65224226717572, "params": {"C": 35.4057237335587, "epsilon": 33.41912328051431, "gamma": 0.043091640021018035, "lamda": 0.01580237938848736}, "datetime": {"datetime": "2021-10-06 08:45:14", "elapsed": 48.261868, "delta": 0.530094}}
{"target": -34.82906207812689, "params": {"C": 100.05485130217343, "epsilon": 27.534691822887353, "gamma": 0.0498412639438105, "lamda": 0.16516218365082597}, "datetime": {"datetime": "2021-10-06 08:45:14", "elapsed": 48.778315, "delta": 0.516447}}
{"target": -33.4828407948379, "params": {"C": 48.52016518159163, "epsilon": 28.06141147399056, "gamma": 0.03841805482931788, "lamda": 0.02582649416428666}, "datetime": {"datetime": "2021-10-06 08:45:15", "elapsed": 49.30135, "delta": 0.523035}}
{"target": -33.59006759785419, "params": {"C": 188.245133097249, "epsilon": 34.9717441567903, "gamma": 0.002580419108880125, "lamda": 0.06501617281506093}, "datetime": {"datetime": "2021-10-06 08:45:15", "elapsed": 49.821537, "delta": 0.520187}}
{"target": -33.36867667132424, "params": {"C": 83.6706767828331, "epsilon": 30.234268762132572, "gamma": 0.023500497702693128, "lamda": 0.01802825080882359}, "datetime": {"datetime": "2021-10-06 08:45:16", "elapsed": 50.364933, "delta": 0.543396}}
{"target": -34.04438589997182, "params": {"C": 34.86177884769253, "epsilon": 33.074852175276206, "gamma": 0.05821803289192214, "lamda": 0.1458780940968346}, "datetime": {"datetime": "2021-10-06 08:45:16", "elapsed": 50.979586, "delta": 0.614653}}
{"target": -36.90150067476449, "params": {"C": 187.13309798888216, "epsilon": 34.819547025724845, "gamma": 0.000837248070320732, "lamda": 0.11522349992204596}, "datetime": {"datetime": "2021-10-06 08:45:17", "elapsed": 51.560681, "delta": 0.581095}}
{"target": -33.98674436848538, "params": {"C": 84.460766808705, "epsilon": 28.19330146467749, "gamma": 0.05305813181666535, "lamda": 0.11281217568827565}, "datetime": {"datetime": "2021-10-06 08:45:18", "elapsed": 52.093108, "delta": 0.532427}}
{"target": -33.72260082205587, "params": {"C": 65.61388935622583, "epsilon": 31.404825586406634, "gamma": 0.011476308378940156, "lamda": 0.16586298907140823}, "datetime": {"datetime": "2021-10-06 08:45:18", "elapsed": 52.603318, "delta": 0.51021}}
{"target": -32.98402618381249, "params": {"C": 187.50425687225317, "epsilon": 34.962343735143364, "gamma": 0.02123286441247395, "lamda": 0.04791403364782087}, "datetime": {"datetime": "2021-10-06 08:45:19", "elapsed": 53.232312, "delta": 0.628994}}
{"target": -33.4206747718313, "params": {"C": 37.26309470403145, "epsilon": 29.645797515885164, "gamma": 0.03870532173920292, "lamda": 0.05131937297652501}, "datetime": {"datetime": "2021-10-06 08:45:19", "elapsed": 53.767099, "delta": 0.534787}}
{"target": -33.383535686878865, "params": {"C": 36.42790601038757, "epsilon": 30.980140888412294, "gamma": 0.03483920745339662, "lamda": 0.11460901182093618}, "datetime": {"datetime": "2021-10-06 08:45:20", "elapsed": 54.280931, "delta": 0.513832}}
{"target": -34.98341951743421, "params": {"C": 19.996110917734764, "epsilon": 25.959454429542014, "gamma": 0.025179373087752005, "lamda": 0.1842154823146241}, "datetime": {"datetime": "2021-10-06 08:45:20", "elapsed": 54.816077, "delta": 0.535146}}
{"target": -33.23372339989582, "params": {"C": 36.4120277271194, "epsilon": 31.006911269237882, "gamma": 0.02976589753795893, "lamda": 0.09216667213101594}, "datetime": {"datetime": "2021-10-06 08:45:21", "elapsed": 55.335789, "delta": 0.519712}}
{"target": -34.76885480964098, "params": {"C": 34.65340050849843, "epsilon": 33.686958762663494, "gamma": 0.05956205403731532, "lamda": 0.004215010887695369}, "datetime": {"datetime": "2021-10-06 08:45:21", "elapsed": 55.979038, "delta": 0.643249}}
{"target": -33.795957680880804, "params": {"C": 34.98298768261332, "epsilon": 33.66532682562841, "gamma": 0.0049131714608599796, "lamda": 0.15652073723651766}, "datetime": {"datetime": "2021-10-06 08:45:22", "elapsed": 56.662351, "delta": 0.683313}}
{"target": -33.535786909601526, "params": {"C": 154.54509294990547, "epsilon": 30.142839873051912, "gamma": 0.04632521860543002, "lamda": 0.07322647211580692}, "datetime": {"datetime": "2021-10-06 08:45:23", "elapsed": 57.192745, "delta": 0.530394}}
{"target": -33.39634500468453, "params": {"C": 187.56563700171031, "epsilon": 34.83377430471128, "gamma": 0.035655254239832956, "lamda": 0.13856456569300377}, "datetime": {"datetime": "2021-10-06 08:45:23", "elapsed": 57.848512, "delta": 0.655767}}
{"target": -34.08855166728657, "params": {"C": 77.22513944711925, "epsilon": 33.43641646398824, "gamma": 0.042060717271702096, "lamda": 0.18881789724937517}, "datetime": {"datetime": "2021-10-06 08:45:24", "elapsed": 58.419419, "delta": 0.570907}}
{"target": -33.590454460144116, "params": {"C": 187.74980167971697, "epsilon": 34.91451522153324, "gamma": 0.043036912338402865, "lamda": 0.1459637564192209}, "datetime": {"datetime": "2021-10-06 08:45:24", "elapsed": 59.016417, "delta": 0.596998}}
{"target": -36.153031748133984, "params": {"C": 187.373069129566, "epsilon": 34.94963280992887, "gamma": 0.06212818003597244, "lamda": 0.00155249745509275}, "datetime": {"datetime": "2021-10-06 08:45:25", "elapsed": 59.691115, "delta": 0.674698}}
{"target": -34.014507483865515, "params": {"C": 187.97936499579438, "epsilon": 34.83754643424661, "gamma": 0.04035267591333128, "lamda": 0.19899036353768373}, "datetime": {"datetime": "2021-10-06 08:45:26", "elapsed": 60.259215, "delta": 0.5681}}
{"target": -33.75901309653306, "params": {"C": 11.263688251245442, "epsilon": 27.874317733151322, "gamma": 0.03022336031808042, "lamda": 0.1113293414014286}, "datetime": {"datetime": "2021-10-06 08:45:26", "elapsed": 60.801566, "delta": 0.542351}}
{"target": -33.9608990415574, "params": {"C": 34.57363776010163, "epsilon": 32.825496645573395, "gamma": 0.06546144052476946, "lamda": 0.09795560851925066}, "datetime": {"datetime": "2021-10-06 08:45:27", "elapsed": 61.416005, "delta": 0.614439}}
{"target": -33.46007309732138, "params": {"C": 35.4236996156636, "epsilon": 33.422084496207056, "gamma": 0.015344492009144754, "lamda": 0.008631104041445861}, "datetime": {"datetime": "2021-10-06 08:45:27", "elapsed": 62.022447, "delta": 0.606442}}
{"target": -39.66292028194965, "params": {"C": 76.77980447520318, "epsilon": 33.79480791503321, "gamma": 0.0001, "lamda": 0.023107349107123438}, "datetime": {"datetime": "2021-10-06 08:45:28", "elapsed": 62.777411, "delta": 0.754964}}
{"target": -34.573009478804636, "params": {"C": 146.1728932620348, "epsilon": 31.277099390322196, "gamma": 0.06712044718025237, "lamda": 0.15167123628367105}, "datetime": {"datetime": "2021-10-06 08:45:29", "elapsed": 63.337868, "delta": 0.560457}}
{"target": -33.132840871465326, "params": {"C": 187.78676483671066, "epsilon": 34.76339334671299, "gamma": 0.01678701063877081, "lamda": 0.12173038984617794}, "datetime": {"datetime": "2021-10-06 08:45:30", "elapsed": 64.133056, "delta": 0.795188}}
{"target": -33.645473080023685, "params": {"C": 83.99006911667847, "epsilon": 30.43332091879872, "gamma": 0.027910236082075133, "lamda": 0.14293071092569865}, "datetime": {"datetime": "2021-10-06 08:45:30", "elapsed": 64.787384, "delta": 0.654328}}
{"target": -33.21806188110391, "params": {"C": 76.97193589632462, "epsilon": 33.66735827102943, "gamma": 0.0131178878974193, "lamda": 0.1324225173390099}, "datetime": {"datetime": "2021-10-06 08:45:31", "elapsed": 65.507586, "delta": 0.720202}}
{"target": -33.021052769805415, "params": {"C": 76.31660926789937, "epsilon": 33.65359401060728, "gamma": 0.019479454213186944, "lamda": 0.04892731013510587}, "datetime": {"datetime": "2021-10-06 08:45:32", "elapsed": 66.177589, "delta": 0.670003}}
{"target": -33.60721224163025, "params": {"C": 77.46201978704414, "epsilon": 25.36665633492692, "gamma": 0.005233376976094281, "lamda": 0.0432000551334006}, "datetime": {"datetime": "2021-10-06 08:45:32", "elapsed": 66.799066, "delta": 0.621477}}
{"target": -33.88963647439881, "params": {"C": 180.05907622698768, "epsilon": 29.565511085906465, "gamma": 0.0585334739983791, "lamda": 0.07802241972868022}, "datetime": {"datetime": "2021-10-06 08:45:33", "elapsed": 67.455545, "delta": 0.656479}}
{"target": -33.931971693428196, "params": {"C": 35.13640383483204, "epsilon": 32.55517893221975, "gamma": 0.06272794695449557, "lamda": 0.10487577763282763}, "datetime": {"datetime": "2021-10-06 08:45:33", "elapsed": 68.030945, "delta": 0.5754}}
{"target": -33.23986850863378, "params": {"C": 187.07871553534318, "epsilon": 34.25742358646086, "gamma": 0.03259210121006683, "lamda": 0.12246244688147268}, "datetime": {"datetime": "2021-10-06 08:45:34", "elapsed": 68.672699, "delta": 0.641754}}
{"target": -33.25843480521329, "params": {"C": 37.2832773484985, "epsilon": 29.59733499893578, "gamma": 0.02497734686302463, "lamda": 0.09561177170965854}, "datetime": {"datetime": "2021-10-06 08:45:35", "elapsed": 69.275515, "delta": 0.602816}}
{"target": -34.1151223741949, "params": {"C": 105.46106072225197, "epsilon": 25.858932489197045, "gamma": 0.006002428820960967, "lamda": 0.10636310225684796}, "datetime": {"datetime": "2021-10-06 08:45:35", "elapsed": 69.856758, "delta": 0.581243}}
{"target": -33.21305657132191, "params": {"C": 160.58930560301064, "epsilon": 34.64887057738362, "gamma": 0.021397935986198074, "lamda": 0.1288182803046237}, "datetime": {"datetime": "2021-10-06 08:45:36", "elapsed": 70.622868, "delta": 0.76611}}
{"target": -33.05453215849031, "params": {"C": 93.05540743491244, "epsilon": 32.266598854765945, "gamma": 0.023964332587827274, "lamda": 0.07245880802505837}, "datetime": {"datetime": "2021-10-06 08:45:37", "elapsed": 71.253762, "delta": 0.630894}}
{"target": -33.863861690501906, "params": {"C": 78.00816122250235, "epsilon": 31.010188291344186, "gamma": 0.06099563203709503, "lamda": 0.07489564444810715}, "datetime": {"datetime": "2021-10-06 08:45:37", "elapsed": 71.867097, "delta": 0.613335}}
{"target": -35.182735859683945, "params": {"C": 83.07131090612131, "epsilon": 26.76556404755387, "gamma": 0.0401952572440907, "lamda": 0.18574131013398562}, "datetime": {"datetime": "2021-10-06 08:45:38", "elapsed": 72.464327, "delta": 0.59723}}
{"target": -35.63560658723185, "params": {"C": 107.31306788150863, "epsilon": 28.58771471683785, "gamma": 0.07864600922213841, "lamda": 0.005935994567243077}, "datetime": {"datetime": "2021-10-06 08:45:39", "elapsed": 73.079614, "delta": 0.615287}}
{"target": -34.14502371360889, "params": {"C": 112.11254579128499, "epsilon": 26.8103804918236, "gamma": 0.04950864158700533, "lamda": 0.016396513517498105}, "datetime": {"datetime": "2021-10-06 08:45:39", "elapsed": 73.728204, "delta": 0.64859}}
{"target": -34.170432997819944, "params": {"C": 160.50201155106103, "epsilon": 34.63355665127387, "gamma": 0.07552410035623827, "lamda": 0.04431469004579354}, "datetime": {"datetime": "2021-10-06 08:45:40", "elapsed": 74.502822, "delta": 0.774618}}
{"target": -33.4093060374504, "params": {"C": 93.1029229767814, "epsilon": 32.38840811290427, "gamma": 0.027245527440823748, "lamda": 0.0091714538005838}, "datetime": {"datetime": "2021-10-06 08:45:41", "elapsed": 75.211456, "delta": 0.708634}}
{"target": -33.494887916818776, "params": {"C": 77.0709503848492, "epsilon": 33.836805711826486, "gamma": 0.0513149089414437, "lamda": 0.08509712842785172}, "datetime": {"datetime": "2021-10-06 08:45:41", "elapsed": 76.021884, "delta": 0.810428}}
{"target": -34.734408923541174, "params": {"C": 34.81812716211576, "epsilon": 33.86545124744822, "gamma": 0.07433213628211849, "lamda": 0.009944973288847865}, "datetime": {"datetime": "2021-10-06 08:45:42", "elapsed": 76.751373, "delta": 0.729489}}
{"target": -33.05306149638256, "params": {"C": 70.87578572834869, "epsilon": 34.04614370107946, "gamma": 0.02350922702786366, "lamda": 0.0868383137073429}, "datetime": {"datetime": "2021-10-06 08:45:43", "elapsed": 77.451776, "delta": 0.700403}}
{"target": -34.48244264659449, "params": {"C": 76.19788297719182, "epsilon": 33.60810630298514, "gamma": 0.08, "lamda": 0.1290969555562684}, "datetime": {"datetime": "2021-10-06 08:45:44", "elapsed": 78.366182, "delta": 0.914406}}
{"target": -33.945979198698026, "params": {"C": 42.74792440234563, "epsilon": 26.53171082149107, "gamma": 0.05212454175191175, "lamda": 0.07270904689507186}, "datetime": {"datetime": "2021-10-06 08:45:44", "elapsed": 79.013892, "delta": 0.64771}}
{"target": -34.506349073596134, "params": {"C": 70.6836290783594, "epsilon": 34.443369921898274, "gamma": 0.06040455406291074, "lamda": 0.19974395939267833}, "datetime": {"datetime": "2021-10-06 08:45:45", "elapsed": 79.833236, "delta": 0.819344}}
{"target": -33.38135078246731, "params": {"C": 121.91027799258913, "epsilon": 31.872185689705383, "gamma": 0.04095736134493494, "lamda": 0.09151863323626173}, "datetime": {"datetime": "2021-10-06 08:45:46", "elapsed": 80.457384, "delta": 0.624148}}
{"target": -34.247922254566085, "params": {"C": 76.47001656872105, "epsilon": 33.491616999245956, "gamma": 0.07496399061890499, "lamda": 0.11009773000687312}, "datetime": {"datetime": "2021-10-06 08:45:47", "elapsed": 81.249056, "delta": 0.791672}}
{"target": -33.25209465742308, "params": {"C": 70.96420659259145, "epsilon": 34.172521609917304, "gamma": 0.03613877037981115, "lamda": 0.10752538502617527}, "datetime": {"datetime": "2021-10-06 08:45:48", "elapsed": 82.063058, "delta": 0.814002}}
{"target": -34.63805805988475, "params": {"C": 70.94541786983163, "epsilon": 33.954138363380814, "gamma": 0.0026080083274534, "lamda": 0.14964087203310986}, "datetime": {"datetime": "2021-10-06 08:45:48", "elapsed": 82.898255, "delta": 0.835197}}
{"target": -33.23886704060118, "params": {"C": 92.9626478353199, "epsilon": 32.132565752195035, "gamma": 0.03852442000640455, "lamda": 0.058625778194620955}, "datetime": {"datetime": "2021-10-06 08:45:49", "elapsed": 83.712561, "delta": 0.814306}}
{"target": -34.065350209312776, "params": {"C": 150.3662779123742, "epsilon": 29.135767535501305, "gamma": 0.04234198820488702, "lamda": 0.14605699106413542}, "datetime": {"datetime": "2021-10-06 08:45:50", "elapsed": 84.328173, "delta": 0.615612}}
{"target": -33.716226234782184, "params": {"C": 77.4185433451808, "epsilon": 33.73082171503264, "gamma": 0.009681559259949592, "lamda": 0.18669418519785538}, "datetime": {"datetime": "2021-10-06 08:45:51", "elapsed": 85.130704, "delta": 0.802531}}
{"target": -34.22760335936089, "params": {"C": 187.18950145774443, "epsilon": 34.18283614941613, "gamma": 0.0786845665463143, "lamda": 0.0559809462182321}, "datetime": {"datetime": "2021-10-06 08:45:51", "elapsed": 85.950852, "delta": 0.820148}}
{"target": -35.019890428140464, "params": {"C": 153.52862841197933, "epsilon": 30.17484260347657, "gamma": 0.00530960041979434, "lamda": 0.19271234074315316}, "datetime": {"datetime": "2021-10-06 08:45:52", "elapsed": 86.584265, "delta": 0.633413}}
{"target": -34.010058472909094, "params": {"C": 70.80172956257317, "epsilon": 34.23912659185366, "gamma": 0.04261588214514237, "lamda": 0.19072174122169855}, "datetime": {"datetime": "2021-10-06 08:45:53", "elapsed": 87.305575, "delta": 0.72131}}
{"target": -33.209965904112664, "params": {"C": 186.84725330248975, "epsilon": 34.55141223769002, "gamma": 0.04188452053016709, "lamda": 0.04724598012799098}, "datetime": {"datetime": "2021-10-06 08:45:53", "elapsed": 88.042883, "delta": 0.737308}}
{"target": -33.436924951402304, "params": {"C": 160.79719807461126, "epsilon": 34.67173479882293, "gamma": 0.022495500868842572, "lamda": 0.16851694186439406}, "datetime": {"datetime": "2021-10-06 08:45:54", "elapsed": 88.843141, "delta": 0.800258}}
{"target": -33.855334634099485, "params": {"C": 167.82241340276644, "epsilon": 32.49481922152976, "gamma": 0.021417550069907476, "lamda": 0.19503938240855226}, "datetime": {"datetime": "2021-10-06 08:45:55", "elapsed": 89.517768, "delta": 0.674627}}
{"target": -33.153494490352884, "params": {"C": 187.62302895760655, "epsilon": 34.77503229547575, "gamma": 0.02189724775077292, "lamda": 0.01278003579483653}, "datetime": {"datetime": "2021-10-06 08:45:56", "elapsed": 90.300545, "delta": 0.782777}}
{"target": -34.454148342384556, "params": {"C": 76.4956300570719, "epsilon": 33.730707071578465, "gamma": 0.07818022989917522, "lamda": 0.1397345430010024}, "datetime": {"datetime": "2021-10-06 08:45:57", "elapsed": 91.283969, "delta": 0.983424}}
{"target": -33.32680248484452, "params": {"C": 93.1429765531367, "epsilon": 32.143139335813416, "gamma": 0.03184730159965406, "lamda": 0.021100606761652083}, "datetime": {"datetime": "2021-10-06 08:45:58", "elapsed": 92.144479, "delta": 0.86051}}
{"target": -33.1771177757644, "params": {"C": 175.29273620659777, "epsilon": 33.890537084115365, "gamma": 0.013837978179701322, "lamda": 0.1276226556133953}, "datetime": {"datetime": "2021-10-06 08:45:58", "elapsed": 92.909503, "delta": 0.765024}}
{"target": -33.79896372193848, "params": {"C": 129.95063601329053, "epsilon": 31.856576083506322, "gamma": 0.02771351146303049, "lamda": 0.17239108947422055}, "datetime": {"datetime": "2021-10-06 08:45:59", "elapsed": 93.567887, "delta": 0.658384}}
{"target": -33.89192263303322, "params": {"C": 160.60806812507332, "epsilon": 34.85902952432855, "gamma": 0.05667895551281345, "lamda": 0.14851840099236321}, "datetime": {"datetime": "2021-10-06 08:46:00", "elapsed": 94.452057, "delta": 0.88417}}
{"target": -34.50748592547035, "params": {"C": 70.76138070836141, "epsilon": 34.10208236989281, "gamma": 0.07448406268182788, "lamda": 0.022506533734141614}, "datetime": {"datetime": "2021-10-06 08:46:01", "elapsed": 95.386474, "delta": 0.934417}}
{"target": -33.32961552429944, "params": {"C": 70.99327998610721, "epsilon": 29.11817202260458, "gamma": 0.003361124173427808, "lamda": 0.04447260358509429}, "datetime": {"datetime": "2021-10-06 08:46:02", "elapsed": 96.085128, "delta": 0.698654}}
{"target": -33.89450443603176, "params": {"C": 169.0302022445896, "epsilon": 31.457440768597277, "gamma": 0.054962474938762176, "lamda": 0.12734096931776498}, "datetime": {"datetime": "2021-10-06 08:46:02", "elapsed": 96.779839, "delta": 0.694711}}
{"target": -35.20246562568266, "params": {"C": 160.50814059246073, "epsilon": 34.70748851819555, "gamma": 0.07994683163075299, "lamda": 0.19719582083910722}, "datetime": {"datetime": "2021-10-06 08:46:03", "elapsed": 97.591341, "delta": 0.811502}}
{"target": -35.07054703950529, "params": {"C": 41.41354549289761, "epsilon": 25.003339805563435, "gamma": 0.005314645835835973, "lamda": 0.1369498617654412}, "datetime": {"datetime": "2021-10-06 08:46:04", "elapsed": 98.310808, "delta": 0.719467}}
{"target": -34.13653102932115, "params": {"C": 186.83468004558793, "epsilon": 34.39996800077944, "gamma": 0.07718041180427465, "lamda": 0.07165500874277046}, "datetime": {"datetime": "2021-10-06 08:46:05", "elapsed": 99.151415, "delta": 0.840607}}
{"target": -33.833156581729156, "params": {"C": 53.89628046512973, "epsilon": 32.24451739548651, "gamma": 0.05048334454575651, "lamda": 0.13771066719471384}, "datetime": {"datetime": "2021-10-06 08:46:05", "elapsed": 99.858774, "delta": 0.707359}}
{"target": -34.04493674674056, "params": {"C": 188.21352263667507, "epsilon": 34.58515790568628, "gamma": 0.07279469603939015, "lamda": 0.05250925580757356}, "datetime": {"datetime": "2021-10-06 08:46:06", "elapsed": 100.899678, "delta": 1.040904}}
{"target": -33.72289109037724, "params": {"C": 93.1681335676707, "epsilon": 32.196736133257716, "gamma": 0.03369273150065894, "lamda": 0.15955780538751319}, "datetime": {"datetime": "2021-10-06 08:46:07", "elapsed": 101.752489, "delta": 0.852811}}
{"target": -34.375869410159254, "params": {"C": 174.72258723346536, "epsilon": 25.90915842644662, "gamma": 0.00997267206160427, "lamda": 0.1401095976336344}, "datetime": {"datetime": "2021-10-06 08:46:08", "elapsed": 102.417976, "delta": 0.665487}}
{"target": -34.24293205767658, "params": {"C": 117.69766316482794, "epsilon": 29.664290969482714, "gamma": 0.010723563416466046, "lamda": 0.1805150466179691}, "datetime": {"datetime": "2021-10-06 08:46:09", "elapsed": 103.119562, "delta": 0.701586}}
{"target": -35.34779712403715, "params": {"C": 77.2439815214385, "epsilon": 33.48248728308682, "gamma": 0.0737193884775047, "lamda": 0.0035114680256289094}, "datetime": {"datetime": "2021-10-06 08:46:09", "elapsed": 104.005447, "delta": 0.885885}}
{"target": -33.380003760482765, "params": {"C": 186.84754489610378, "epsilon": 34.68106753979606, "gamma": 0.016086780191172583, "lamda": 0.16648141770644198}, "datetime": {"datetime": "2021-10-06 08:46:10", "elapsed": 104.892196, "delta": 0.886749}}
{"target": -34.28841973419558, "params": {"C": 102.67067460578416, "epsilon": 31.86442200264515, "gamma": 0.05267869165816504, "lamda": 0.16985834888767182}, "datetime": {"datetime": "2021-10-06 08:46:11", "elapsed": 105.772394, "delta": 0.880198}}
{"target": -35.0451743993723, "params": {"C": 129.6545322682047, "epsilon": 25.552803644422333, "gamma": 0.009835172871518577, "lamda": 0.17468267463638243}, "datetime": {"datetime": "2021-10-06 08:46:12", "elapsed": 106.563778, "delta": 0.791384}}
