{"target": -34.589049709049554, "params": {"C": 191.69049706641692, "epsilon": 30.326799683660273, "gamma": 0.07953966066401205, "lamda": 0.036939741051758276}, "datetime": {"datetime": "2021-10-06 08:44:29", "elapsed": 3.184497, "delta": 0.285371}}
{"target": -35.85391497586351, "params": {"C": 5.220048456873139, "epsilon": 33.07881239626721, "gamma": 0.07719195773414474, "lamda": 0.14044439814599474}, "datetime": {"datetime": "2021-10-06 08:44:29", "elapsed": 3.500971, "delta": 0.316474}}
{"target": -34.48610396227538, "params": {"C": 191.1560606842599, "epsilon": 30.234870660033057, "gamma": 0.07310565094725334, "lamda": 0.12132165705741313}, "datetime": {"datetime": "2021-10-06 08:44:29", "elapsed": 3.858475, "delta": 0.357504}}
{"target": -33.275732615392414, "params": {"C": 83.6778363574639, "epsilon": 30.213745090235545, "gamma": 0.032509804190486276, "lamda": 0.08761996254148334}, "datetime": {"datetime": "2021-10-06 08:44:30", "elapsed": 4.149278, "delta": 0.290803}}
{"target": -34.4448073371935, "params": {"C": 84.22498982243589, "epsilon": 30.124710443768464, "gamma": 0.06971232267662314, "lamda": 0.1292171766598589}, "datetime": {"datetime": "2021-10-06 08:44:30", "elapsed": 4.472333, "delta": 0.323055}}
{"target": -33.710593419419496, "params": {"C": 65.65027651840339, "epsilon": 31.357814161857938, "gamma": 0.03210035823793733, "lamda": 0.15033580450292944}, "datetime": {"datetime": "2021-10-06 08:44:30", "elapsed": 4.791109, "delta": 0.318776}}
{"target": -33.26129024533126, "params": {"C": 83.62099838592476, "epsilon": 30.117138731303598, "gamma": 0.012941279879427692, "lamda": 0.03540587835052949}, "datetime": {"datetime": "2021-10-06 08:44:31", "elapsed": 5.0895, "delta": 0.298391}}
{"target": -33.24205468067063, "params": {"C": 160.43262927312574, "epsilon": 34.75757508968219, "gamma": 0.036754375657170074, "lamda": 0.10796751270033463}, "datetime": {"datetime": "2021-10-06 08:44:31", "elapsed": 5.407273, "delta": 0.317773}}
{"target": -35.76313160182175, "params": {"C": 2.8832667795651803, "epsilon": 30.50204233457738, "gamma": 0.013042863276907218, "lamda": 0.09561205991457188}, "datetime": {"datetime": "2021-10-06 08:44:31", "elapsed": 5.752959, "delta": 0.345686}}
{"target": -33.41688713417135, "params": {"C": 83.99028234930519, "epsilon": 30.63199673203942, "gamma": 0.025078652074503625, "lamda": 0.010636583300785844}, "datetime": {"datetime": "2021-10-06 08:44:32", "elapsed": 6.100696, "delta": 0.347737}}
{"target": -34.811584380308474, "params": {"C": 47.57735776601274, "epsilon": 29.470018556787274, "gamma": 0.04405376607232878, "lamda": 0.18984161921645953}, "datetime": {"datetime": "2021-10-06 08:44:32", "elapsed": 6.449632, "delta": 0.348936}}
{"target": -34.48040995114591, "params": {"C": 83.62873394262512, "epsilon": 30.116320754275463, "gamma": 0.0751081278455049, "lamda": 0.10889419916849868}, "datetime": {"datetime": "2021-10-06 08:44:32", "elapsed": 6.76716, "delta": 0.317528}}
{"target": -33.4494898608608, "params": {"C": 35.1623238021343, "epsilon": 34.136206317473345, "gamma": 0.020396542812460314, "lamda": 0.16918460964708815}, "datetime": {"datetime": "2021-10-06 08:44:33", "elapsed": 7.083267, "delta": 0.316107}}
{"target": -33.08370049750508, "params": {"C": 34.666367040940536, "epsilon": 33.24008576509339, "gamma": 0.020216410981665517, "lamda": 0.09691170346150775}, "datetime": {"datetime": "2021-10-06 08:44:33", "elapsed": 7.45322, "delta": 0.369953}}
{"target": -34.58310028678313, "params": {"C": 36.976915415865356, "epsilon": 27.717712944945795, "gamma": 0.06430289535039081, "lamda": 0.12964290486431673}, "datetime": {"datetime": "2021-10-06 08:44:33", "elapsed": 7.832304, "delta": 0.379084}}
{"target": -33.83676125308196, "params": {"C": 35.348675846508634, "epsilon": 33.43796390258885, "gamma": 0.025697909344809425, "lamda": 0.0013650265518285645}, "datetime": {"datetime": "2021-10-06 08:44:34", "elapsed": 8.328629, "delta": 0.496325}}
{"target": -35.132076630604175, "params": {"C": 34.37134467345754, "epsilon": 34.01952158090049, "gamma": 0.07707649177138573, "lamda": 0.18962125726857054}, "datetime": {"datetime": "2021-10-06 08:44:34", "elapsed": 8.718925, "delta": 0.390296}}
{"target": -34.060686148424665, "params": {"C": 163.79034785332243, "epsilon": 26.63526712076952, "gamma": 0.0013011540781663917, "lamda": 0.032281642847949564}, "datetime": {"datetime": "2021-10-06 08:44:35", "elapsed": 9.256552, "delta": 0.537627}}
{"target": -33.578812437967606, "params": {"C": 35.04583243015672, "epsilon": 32.72854109689181, "gamma": 0.010096824934581344, "lamda": 0.16279443286824496}, "datetime": {"datetime": "2021-10-06 08:44:35", "elapsed": 9.688995, "delta": 0.432443}}
{"target": -33.26198532774845, "params": {"C": 179.9008076329755, "epsilon": 29.522194488074984, "gamma": 0.031997267689362535, "lamda": 0.062374489027893505}, "datetime": {"datetime": "2021-10-06 08:44:35", "elapsed": 10.036614, "delta": 0.347619}}
{"target": -33.28608248262187, "params": {"C": 34.5718733108427, "epsilon": 32.68526981496488, "gamma": 0.008159814983477202, "lamda": 0.0023969401443009325}, "datetime": {"datetime": "2021-10-06 08:44:36", "elapsed": 10.861393, "delta": 0.824779}}
{"target": -33.821265950579146, "params": {"C": 34.08327241616852, "epsilon": 33.098773314860885, "gamma": 0.05720980627409545, "lamda": 0.024663743687572952}, "datetime": {"datetime": "2021-10-06 08:44:37", "elapsed": 11.433258, "delta": 0.571865}}
{"target": -34.837283618733636, "params": {"C": 179.39781735738316, "epsilon": 29.746267203280453, "gamma": 0.005380598599332384, "lamda": 0.17639669978286335}, "datetime": {"datetime": "2021-10-06 08:44:37", "elapsed": 11.89131, "delta": 0.458052}}
{"target": -33.77800516394812, "params": {"C": 191.4780837445973, "epsilon": 30.81132825366843, "gamma": 0.015390158409498216, "lamda": 0.1720083052970221}, "datetime": {"datetime": "2021-10-06 08:44:38", "elapsed": 12.276576, "delta": 0.385266}}
{"target": -34.39759837837714, "params": {"C": 108.31364078721656, "epsilon": 28.92072739223319, "gamma": 0.07498610670987908, "lamda": 0.08438833450129334}, "datetime": {"datetime": "2021-10-06 08:44:38", "elapsed": 12.624361, "delta": 0.347785}}
{"target": -34.08708302543359, "params": {"C": 98.21130674148469, "epsilon": 25.641948407232082, "gamma": 0.02643797503705528, "lamda": 0.1280721467305468}, "datetime": {"datetime": "2021-10-06 08:44:38", "elapsed": 13.025975, "delta": 0.401614}}
{"target": -34.354516776477254, "params": {"C": 83.20871847087382, "epsilon": 30.356523766711863, "gamma": 0.04631061589748888, "lamda": 0.0063358718294289915}, "datetime": {"datetime": "2021-10-06 08:44:39", "elapsed": 13.594399, "delta": 0.568424}}
{"target": -35.569389399951106, "params": {"C": 131.35760035291713, "epsilon": 27.177506981448538, "gamma": 0.05624214672582879, "lamda": 0.18140883640071473}, "datetime": {"datetime": "2021-10-06 08:44:40", "elapsed": 14.089064, "delta": 0.494665}}
{"target": -33.92238816128151, "params": {"C": 34.98142466543798, "epsilon": 33.38996568629157, "gamma": 0.04046248385341475, "lamda": 0.17698923251534765}, "datetime": {"datetime": "2021-10-06 08:44:40", "elapsed": 14.598145, "delta": 0.509081}}
{"target": -34.5399026271342, "params": {"C": 160.65443810248468, "epsilon": 34.27940130703921, "gamma": 0.07242836526645911, "lamda": 0.021769377446952023}, "datetime": {"datetime": "2021-10-06 08:44:41", "elapsed": 15.052469, "delta": 0.454324}}
{"target": -33.91204781950278, "params": {"C": 72.57322867555756, "epsilon": 30.0694290271477, "gamma": 0.058014417470532896, "lamda": 0.10423404648875133}, "datetime": {"datetime": "2021-10-06 08:44:41", "elapsed": 15.485734, "delta": 0.433265}}
{"target": -35.163999416947625, "params": {"C": 84.44593782222739, "epsilon": 30.806015078908732, "gamma": 0.003958880567867292, "lamda": 0.18559615493241893}, "datetime": {"datetime": "2021-10-06 08:44:42", "elapsed": 16.217854, "delta": 0.73212}}
{"target": -33.95332144078902, "params": {"C": 186.20973402307092, "epsilon": 34.12490410941593, "gamma": 0.06041992451103419, "lamda": 0.13790082625336098}, "datetime": {"datetime": "2021-10-06 08:44:42", "elapsed": 16.626215, "delta": 0.408361}}
{"target": -33.889484232539516, "params": {"C": 72.5405167096819, "epsilon": 30.089493246308805, "gamma": 0.0031491164941571037, "lamda": 0.09064040525253977}, "datetime": {"datetime": "2021-10-06 08:44:43", "elapsed": 17.094492, "delta": 0.468277}}
{"target": -33.056625157673224, "params": {"C": 70.68033275464862, "epsilon": 34.42918509160145, "gamma": 0.030409846371157793, "lamda": 0.05794891593765101}, "datetime": {"datetime": "2021-10-06 08:44:43", "elapsed": 17.569098, "delta": 0.474606}}
{"target": -33.96914511175815, "params": {"C": 70.20597487486421, "epsilon": 34.407243760883944, "gamma": 0.02592473987275794, "lamda": 0.0017584526232802035}, "datetime": {"datetime": "2021-10-06 08:44:44", "elapsed": 18.333951, "delta": 0.764853}}
{"target": -34.35861207891756, "params": {"C": 70.92757782340516, "epsilon": 34.82184593227391, "gamma": 0.0544187429289683, "lamda": 0.009510088004975374}, "datetime": {"datetime": "2021-10-06 08:44:44", "elapsed": 18.90616, "delta": 0.572209}}
{"target": -34.1469531597927, "params": {"C": 84.86097326862084, "epsilon": 29.180551949802116, "gamma": 0.0660121119825871, "lamda": 0.07165533361419099}, "datetime": {"datetime": "2021-10-06 08:44:45", "elapsed": 19.378389, "delta": 0.472229}}
{"target": -33.26790586133278, "params": {"C": 70.7920264877693, "epsilon": 33.88115222298633, "gamma": 0.024888750920009552, "lamda": 0.011391010998473923}, "datetime": {"datetime": "2021-10-06 08:44:45", "elapsed": 19.98471, "delta": 0.606321}}
{"target": -33.362890454663614, "params": {"C": 198.0730411499889, "epsilon": 31.440397599941342, "gamma": 0.007116033852597269, "lamda": 0.014216699047175832}, "datetime": {"datetime": "2021-10-06 08:44:46", "elapsed": 20.495988, "delta": 0.511278}}
{"target": -33.62677834247416, "params": {"C": 71.04422857749186, "epsilon": 34.33479679645901, "gamma": 0.04029338218484756, "lamda": 0.15180335166310935}, "datetime": {"datetime": "2021-10-06 08:44:46", "elapsed": 20.996438, "delta": 0.50045}}
{"target": -37.06414680737251, "params": {"C": 160.05420828373104, "epsilon": 35.0, "gamma": 0.08, "lamda": 0.0001}, "datetime": {"datetime": "2021-10-06 08:44:47", "elapsed": 21.900539, "delta": 0.904101}}
{"target": -33.12745691859409, "params": {"C": 76.65240647146597, "epsilon": 33.48395832333338, "gamma": 0.03293394394988467, "lamda": 0.07463031086089583}, "datetime": {"datetime": "2021-10-06 08:44:48", "elapsed": 22.426538, "delta": 0.525999}}
{"target": -32.95797985863769, "params": {"C": 76.30191938353138, "epsilon": 33.5271887264712, "gamma": 0.015546319312690389, "lamda": 0.07328279086938436}, "datetime": {"datetime": "2021-10-06 08:44:48", "elapsed": 22.950247, "delta": 0.523709}}
{"target": -32.94821410565276, "params": {"C": 76.50931827269523, "epsilon": 33.76556153622831, "gamma": 0.013747571163621615, "lamda": 0.05358837198591735}, "datetime": {"datetime": "2021-10-06 08:44:49", "elapsed": 23.466221, "delta": 0.515974}}
{"target": -33.849768664815436, "params": {"C": 76.09069825757952, "epsilon": 33.8348975403967, "gamma": 0.060631863478634425, "lamda": 0.11712747668919085}, "datetime": {"datetime": "2021-10-06 08:44:49", "elapsed": 24.010085, "delta": 0.543864}}
{"target": -34.40783167666833, "params": {"C": 58.026503878447066, "epsilon": 26.038671110666925, "gamma": 0.06829995590608512, "lamda": 0.02831639413116812}, "datetime": {"datetime": "2021-10-06 08:44:50", "elapsed": 24.437085, "delta": 0.427}}
{"target": -34.08239748879629, "params": {"C": 180.29419294293814, "epsilon": 29.208912797989996, "gamma": 0.012275559701691334, "lamda": 0.0006080059203707943}, "datetime": {"datetime": "2021-10-06 08:44:51", "elapsed": 25.062974, "delta": 0.625889}}
{"target": -33.04802711784636, "params": {"C": 187.89865575580612, "epsilon": 34.71891599512666, "gamma": 0.019929528055051795, "lamda": 0.02777770423229579}, "datetime": {"datetime": "2021-10-06 08:44:51", "elapsed": 25.484024, "delta": 0.42105}}
{"target": -33.62613197307734, "params": {"C": 187.7132239586442, "epsilon": 34.323253115626706, "gamma": 0.05789802941587203, "lamda": 0.05046848415542985}, "datetime": {"datetime": "2021-10-06 08:44:51", "elapsed": 25.973021, "delta": 0.488997}}
{"target": -33.155948702272184, "params": {"C": 187.34388392965886, "epsilon": 34.85659150448345, "gamma": 0.030434837302782444, "lamda": 0.10541343490198048}, "datetime": {"datetime": "2021-10-06 08:44:52", "elapsed": 26.4739, "delta": 0.500879}}
{"target": -34.45824714295991, "params": {"C": 76.09711391628305, "epsilon": 33.14286324894862, "gamma": 0.06963450311322933, "lamda": 0.15701578243463568}, "datetime": {"datetime": "2021-10-06 08:44:52", "elapsed": 27.012808, "delta": 0.538908}}
{"target": -33.49238458080172, "params": {"C": 32.64477353282375, "epsilon": 29.784364506891066, "gamma": 0.04058464348444677, "lamda": 0.024315565526207977}, "datetime": {"datetime": "2021-10-06 08:44:53", "elapsed": 27.462852, "delta": 0.450044}}
{"target": -33.50223324098608, "params": {"C": 188.2018823099016, "epsilon": 34.46581926938563, "gamma": 0.02781942907766605, "lamda": 0.16452699479819152}, "datetime": {"datetime": "2021-10-06 08:44:53", "elapsed": 27.990523, "delta": 0.527671}}
{"target": -33.82175398255803, "params": {"C": 188.2180631799289, "epsilon": 34.9481294427947, "gamma": 0.06370311040391673, "lamda": 0.03917521997545149}, "datetime": {"datetime": "2021-10-06 08:44:54", "elapsed": 28.508213, "delta": 0.51769}}
{"target": -32.90374767201487, "params": {"C": 187.2204419074395, "epsilon": 34.357129205659845, "gamma": 0.004364471782115627, "lamda": 0.03464160653587243}, "datetime": {"datetime": "2021-10-06 08:44:55", "elapsed": 29.123304, "delta": 0.615091}}
{"target": -34.10986140537026, "params": {"C": 186.96386832430122, "epsilon": 34.08528472662611, "gamma": 0.07039191414366666, "lamda": 0.036444156351824554}, "datetime": {"datetime": "2021-10-06 08:44:55", "elapsed": 29.892293, "delta": 0.768989}}
{"target": -32.89214671951291, "params": {"C": 76.94802389263134, "epsilon": 33.80879801237688, "gamma": 0.010095024250825119, "lamda": 0.07209445084469215}, "datetime": {"datetime": "2021-10-06 08:44:56", "elapsed": 30.6289, "delta": 0.736607}}
{"target": -33.983647314105674, "params": {"C": 160.06374975325346, "epsilon": 27.72022464927425, "gamma": 0.05592127846638273, "lamda": 0.0888362623903383}, "datetime": {"datetime": "2021-10-06 08:44:57", "elapsed": 31.084828, "delta": 0.455928}}
{"target": -33.06637300056331, "params": {"C": 77.33052116234832, "epsilon": 33.65501534565079, "gamma": 0.022324119428892255, "lamda": 0.09605770692346995}, "datetime": {"datetime": "2021-10-06 08:44:57", "elapsed": 31.560201, "delta": 0.475373}}
{"target": -33.418063563998835, "params": {"C": 186.96042115391683, "epsilon": 34.596033688254494, "gamma": 0.011290473801849103, "lamda": 0.16998089090264673}, "datetime": {"datetime": "2021-10-06 08:44:58", "elapsed": 32.092398, "delta": 0.532197}}
{"target": -32.903157651466245, "params": {"C": 187.70943340712904, "epsilon": 34.34069941054347, "gamma": 0.00899305425238354, "lamda": 0.08250278109790832}, "datetime": {"datetime": "2021-10-06 08:44:58", "elapsed": 32.544309, "delta": 0.451911}}
{"target": -34.63046689634701, "params": {"C": 160.1371511269655, "epsilon": 28.836233213562398, "gamma": 0.06270986030650084, "lamda": 0.1428548116094019}, "datetime": {"datetime": "2021-10-06 08:44:58", "elapsed": 33.003212, "delta": 0.458903}}
{"target": -40.463312553204275, "params": {"C": 187.54333487761446, "epsilon": 34.398363389162114, "gamma": 0.000543384377462391, "lamda": 0.1601902223045653}, "datetime": {"datetime": "2021-10-06 08:44:59", "elapsed": 33.462625, "delta": 0.459413}}
{"target": -33.79349178504183, "params": {"C": 76.56942239930812, "epsilon": 33.835943656001916, "gamma": 0.04534893858796505, "lamda": 0.15406177880670402}, "datetime": {"datetime": "2021-10-06 08:44:59", "elapsed": 33.920626, "delta": 0.458001}}
{"target": -34.79933725412522, "params": {"C": 114.41268961404243, "epsilon": 25.348306963406927, "gamma": 0.06709737347467944, "lamda": 0.10811403589467666}, "datetime": {"datetime": "2021-10-06 08:45:00", "elapsed": 34.390625, "delta": 0.469999}}
{"target": -33.299485752518784, "params": {"C": 77.12906866821737, "epsilon": 33.59838457486487, "gamma": 0.0438110477213741, "lamda": 0.05064778938677623}, "datetime": {"datetime": "2021-10-06 08:45:00", "elapsed": 34.881911, "delta": 0.491286}}
{"target": -34.3008693193575, "params": {"C": 190.71689763881702, "epsilon": 32.66185273494382, "gamma": 0.07997752606625502, "lamda": 0.06734059042815793}, "datetime": {"datetime": "2021-10-06 08:45:01", "elapsed": 35.328226, "delta": 0.446315}}
{"target": -33.58789277205163, "params": {"C": 187.84902436021963, "epsilon": 34.33402905547278, "gamma": 0.05193138300983115, "lamda": 0.11062135367565062}, "datetime": {"datetime": "2021-10-06 08:45:01", "elapsed": 35.817434, "delta": 0.489208}}
{"target": -33.453769860092855, "params": {"C": 76.6050547850266, "epsilon": 33.59471952205624, "gamma": 0.0473991409640352, "lamda": 0.08931377417225439}, "datetime": {"datetime": "2021-10-06 08:45:02", "elapsed": 36.339619, "delta": 0.522185}}
{"target": -34.02862063836403, "params": {"C": 105.93262762868655, "epsilon": 33.08071303382255, "gamma": 0.06322097051983339, "lamda": 0.1286796191103209}, "datetime": {"datetime": "2021-10-06 08:45:02", "elapsed": 36.811287, "delta": 0.471668}}
{"target": -33.4021713897793, "params": {"C": 70.84992787157508, "epsilon": 34.42272412984707, "gamma": 0.04909308613013556, "lamda": 0.07250152649440789}, "datetime": {"datetime": "2021-10-06 08:45:03", "elapsed": 37.340258, "delta": 0.528971}}
{"target": -33.21056079497609, "params": {"C": 76.96944919592816, "epsilon": 33.969251689757826, "gamma": 0.013779200555802854, "lamda": 0.13095660567949177}, "datetime": {"datetime": "2021-10-06 08:45:03", "elapsed": 37.862372, "delta": 0.522114}}
{"target": -32.98593847736458, "params": {"C": 187.04594268409764, "epsilon": 34.371796598501156, "gamma": 0.022222206471670333, "lamda": 0.04217295789367149}, "datetime": {"datetime": "2021-10-06 08:45:04", "elapsed": 38.386267, "delta": 0.523895}}
{"target": -34.240506900453546, "params": {"C": 187.06609081724417, "epsilon": 34.47548171433399, "gamma": 0.07117702908920247, "lamda": 0.14683916909180383}, "datetime": {"datetime": "2021-10-06 08:45:04", "elapsed": 38.897041, "delta": 0.510774}}
{"target": -33.59649861535308, "params": {"C": 121.21987649289818, "epsilon": 31.900628414636483, "gamma": 0.05221274494606737, "lamda": 0.08307729438964961}, "datetime": {"datetime": "2021-10-06 08:45:05", "elapsed": 39.375086, "delta": 0.478045}}
{"target": -33.816504290846225, "params": {"C": 76.88592062579218, "epsilon": 33.5400159052646, "gamma": 0.06170585513682983, "lamda": 0.09863891554984232}, "datetime": {"datetime": "2021-10-06 08:45:05", "elapsed": 39.912891, "delta": 0.537805}}
{"target": -33.66421739121293, "params": {"C": 55.857185459042356, "epsilon": 28.92935599191498, "gamma": 0.04549683094987704, "lamda": 0.024015239183164214}, "datetime": {"datetime": "2021-10-06 08:45:06", "elapsed": 40.44589, "delta": 0.532999}}
{"target": -33.21357684496501, "params": {"C": 76.33500192683746, "epsilon": 33.80628368470474, "gamma": 0.039710162093475956, "lamda": 0.06389219250337065}, "datetime": {"datetime": "2021-10-06 08:45:06", "elapsed": 41.030554, "delta": 0.584664}}
{"target": -33.67011573311364, "params": {"C": 77.22524957171291, "epsilon": 33.80234655963345, "gamma": 0.05169203805390245, "lamda": 0.02631030814945268}, "datetime": {"datetime": "2021-10-06 08:45:07", "elapsed": 41.620523, "delta": 0.589969}}
{"target": -38.02492129123331, "params": {"C": 149.29154804905826, "epsilon": 26.18000208440009, "gamma": 0.0009619979846422452, "lamda": 0.11798442834704125}, "datetime": {"datetime": "2021-10-06 08:45:08", "elapsed": 42.085912, "delta": 0.465389}}
{"target": -33.83041224699235, "params": {"C": 175.46816921942587, "epsilon": 33.937628496307916, "gamma": 0.0634928726540081, "lamda": 0.041766376793564236}, "datetime": {"datetime": "2021-10-06 08:45:08", "elapsed": 42.57691, "delta": 0.490998}}
{"target": -35.10865971825551, "params": {"C": 70.51358723105741, "epsilon": 34.322567370207395, "gamma": 0.07381168320575232, "lamda": 0.007696058517546219}, "datetime": {"datetime": "2021-10-06 08:45:09", "elapsed": 43.41116, "delta": 0.83425}}
{"target": -34.23961337712155, "params": {"C": 48.44084532460559, "epsilon": 34.53188679540367, "gamma": 0.07762438037526681, "lamda": 0.10783739951020056}, "datetime": {"datetime": "2021-10-06 08:45:09", "elapsed": 43.915909, "delta": 0.504749}}
{"target": -33.31430909174159, "params": {"C": 108.90620794469471, "epsilon": 31.269798467307194, "gamma": 0.03989035755799882, "lamda": 0.036618265319979755}, "datetime": {"datetime": "2021-10-06 08:45:10", "elapsed": 44.42964, "delta": 0.513731}}
{"target": -33.40758731474335, "params": {"C": 76.38799225194727, "epsilon": 33.61051426798098, "gamma": 0.024240003340269697, "lamda": 0.15063273221560947}, "datetime": {"datetime": "2021-10-06 08:45:10", "elapsed": 44.994971, "delta": 0.565331}}
{"target": -33.45466793957827, "params": {"C": 144.49465314230312, "epsilon": 34.17002928581279, "gamma": 0.05137571004720064, "lamda": 0.04544302788630651}, "datetime": {"datetime": "2021-10-06 08:45:11", "elapsed": 45.47661, "delta": 0.481639}}
{"target": -34.14426863760744, "params": {"C": 76.42763290957063, "epsilon": 33.30921808536736, "gamma": 0.05849189443181705, "lamda": 0.15795175600219383}, "datetime": {"datetime": "2021-10-06 08:45:11", "elapsed": 46.042798, "delta": 0.566188}}
