{"target": -36.89733183872532, "params": {"C": 137.136744181713, "epsilon": 27.829244601640916, "gamma": 0.16816271115623146, "lamda": 0.056364460477942316}, "datetime": {"datetime": "2021-10-05 14:46:48", "elapsed": 1572.491263, "delta": 3.440562}}
{"target": -48.59683075980474, "params": {"C": 196.1815900022934, "epsilon": 18.01592848376743, "gamma": 0.2956730050364086, "lamda": 0.26003177349576156}, "datetime": {"datetime": "2021-10-05 14:46:56", "elapsed": 1580.57344, "delta": 8.082177}}
{"target": -38.06069342094594, "params": {"C": 132.79418492734723, "epsilon": 28.184056028812332, "gamma": 0.06654069902277009, "lamda": 0.25754217173561067}, "datetime": {"datetime": "2021-10-05 14:47:04", "elapsed": 1588.0186, "delta": 7.44516}}
{"target": -46.04717700837362, "params": {"C": 35.1047241122774, "epsilon": 26.856745606985193, "gamma": 0.0001, "lamda": 0.0001}, "datetime": {"datetime": "2021-10-05 14:47:13", "elapsed": 1597.349145, "delta": 9.330545}}
{"target": -38.62833283552, "params": {"C": 35.53819930830638, "epsilon": 26.418585330428566, "gamma": 0.23276388825986202, "lamda": 0.04398275616665027}, "datetime": {"datetime": "2021-10-05 14:47:24", "elapsed": 1608.085121, "delta": 10.735976}}
{"target": -37.97700952281737, "params": {"C": 186.9361970861492, "epsilon": 28.27264626890243, "gamma": 0.2354496984256972, "lamda": 0.03546734806198918}, "datetime": {"datetime": "2021-10-05 14:47:31", "elapsed": 1615.795563, "delta": 7.710442}}
{"target": -44.86936320580401, "params": {"C": 132.45845349522392, "epsilon": 28.501562504221287, "gamma": 0.19449175710870525, "lamda": 0.38179968208376736}, "datetime": {"datetime": "2021-10-05 14:47:38", "elapsed": 1622.847194, "delta": 7.051631}}
{"target": -45.38436329236952, "params": {"C": 168.14190000600564, "epsilon": 20.826460602226714, "gamma": 0.3122750815005915, "lamda": 0.19676980766882668}, "datetime": {"datetime": "2021-10-05 14:47:46", "elapsed": 1629.974723, "delta": 7.127529}}
{"target": -39.938014977167775, "params": {"C": 32.968433409645286, "epsilon": 28.76340647715147, "gamma": 0.32063894539100135, "lamda": 0.05428371536678114}, "datetime": {"datetime": "2021-10-05 14:47:55", "elapsed": 1639.52016, "delta": 9.545437}}
{"target": -34.30257886493025, "params": {"C": 31.62151295641361, "epsilon": 28.474833358753333, "gamma": 0.035051400233507765, "lamda": 0.08316685614460498}, "datetime": {"datetime": "2021-10-05 14:48:02", "elapsed": 1646.615678, "delta": 7.095518}}
{"target": -45.09407341766568, "params": {"C": 48.01366613130603, "epsilon": 28.155492367126914, "gamma": 0.3546432663084873, "lamda": 0.24237981319635626}, "datetime": {"datetime": "2021-10-05 14:48:05", "elapsed": 1649.91032, "delta": 3.294642}}
{"target": -55.69959243118164, "params": {"C": 129.8213768152516, "epsilon": 6.823988234322431, "gamma": 0.3186960993406599, "lamda": 0.30184769915850995}, "datetime": {"datetime": "2021-10-05 14:48:09", "elapsed": 1653.157788, "delta": 3.247468}}
{"target": -46.563513422954586, "params": {"C": 25.41414749783798, "epsilon": 8.423963402451207, "gamma": 0.07749067423607338, "lamda": 0.25087008561916335}, "datetime": {"datetime": "2021-10-05 14:48:12", "elapsed": 1656.380498, "delta": 3.22271}}
{"target": -38.00205306829444, "params": {"C": 132.5895031367619, "epsilon": 28.055131357220354, "gamma": 0.22796450878427407, "lamda": 0.03210979195307026}, "datetime": {"datetime": "2021-10-05 14:48:21", "elapsed": 1665.034696, "delta": 8.654198}}
{"target": -50.964862193427706, "params": {"C": 167.995454342466, "epsilon": 21.221384075197886, "gamma": 0.003645641738709437, "lamda": 0.38614553798034357}, "datetime": {"datetime": "2021-10-05 14:48:29", "elapsed": 1673.542519, "delta": 8.507823}}
{"target": -49.952141210278334, "params": {"C": 164.75496087948082, "epsilon": 11.500061087412778, "gamma": 0.3760763755532148, "lamda": 0.19018935477502666}, "datetime": {"datetime": "2021-10-05 14:48:32", "elapsed": 1676.454482, "delta": 2.911963}}
{"target": -47.53760017000472, "params": {"C": 137.13318947117017, "epsilon": 27.81783206015073, "gamma": 0.39301942693507563, "lamda": 0.3268869165019324}, "datetime": {"datetime": "2021-10-05 14:48:40", "elapsed": 1684.23804, "delta": 7.783558}}
{"target": -34.18730902956841, "params": {"C": 31.2568762044278, "epsilon": 28.26386460072733, "gamma": 0.03158443656431311, "lamda": 0.06855958824486985}, "datetime": {"datetime": "2021-10-05 14:48:50", "elapsed": 1694.106987, "delta": 9.868947}}
{"target": -35.14944618571176, "params": {"C": 31.86399568851016, "epsilon": 28.453254388836825, "gamma": 0.052135023239355066, "lamda": 0.14229381422808}, "datetime": {"datetime": "2021-10-05 14:48:57", "elapsed": 1701.717433, "delta": 7.610446}}
{"target": -36.711177909679385, "params": {"C": 93.35771440499363, "epsilon": 27.699135191765368, "gamma": 0.06123595899019486, "lamda": 0.19874499109385613}, "datetime": {"datetime": "2021-10-05 14:49:01", "elapsed": 1705.627045, "delta": 3.909612}}
{"target": -41.070668251328534, "params": {"C": 175.73731023948864, "epsilon": 27.8711982708856, "gamma": 0.05791779950648202, "lamda": 0.36245485312860354}, "datetime": {"datetime": "2021-10-05 14:49:05", "elapsed": 1709.079622, "delta": 3.452577}}
{"target": -44.957924109926395, "params": {"C": 31.74754399357939, "epsilon": 28.788610320584215, "gamma": 0.2232670883801673, "lamda": 0.35976447817978874}, "datetime": {"datetime": "2021-10-05 14:49:12", "elapsed": 1716.479879, "delta": 7.400257}}
{"target": -34.65834563719557, "params": {"C": 35.560418595116104, "epsilon": 29.401609777226188, "gamma": 0.032919142121168914, "lamda": 0.1300536372365709}, "datetime": {"datetime": "2021-10-05 14:49:20", "elapsed": 1724.20214, "delta": 7.722261}}
{"target": -43.50143607280421, "params": {"C": 188.58609773782757, "epsilon": 28.193267488585377, "gamma": 0.21469785163630134, "lamda": 0.30289936464572664}, "datetime": {"datetime": "2021-10-05 14:49:27", "elapsed": 1731.293539, "delta": 7.091399}}
{"target": -47.235371131223694, "params": {"C": 186.97256839537562, "epsilon": 15.126318217402478, "gamma": 0.28642930572773373, "lamda": 0.20777610400538254}, "datetime": {"datetime": "2021-10-05 14:49:34", "elapsed": 1737.961083, "delta": 6.667544}}
{"target": -37.69252255132988, "params": {"C": 58.25838745018905, "epsilon": 16.278673536117957, "gamma": 0.09525879872266609, "lamda": 0.09538495607103059}, "datetime": {"datetime": "2021-10-05 14:49:37", "elapsed": 1741.314678, "delta": 3.353595}}
{"target": -35.96251955372051, "params": {"C": 93.355039748495, "epsilon": 28.012000911722122, "gamma": 0.06108526578886924, "lamda": 0.1688025385280769}, "datetime": {"datetime": "2021-10-05 14:49:45", "elapsed": 1749.135244, "delta": 7.820566}}
{"target": -40.405386848045445, "params": {"C": 96.86512783507243, "epsilon": 23.182125118685224, "gamma": 0.27054053865203115, "lamda": 0.09470654080309789}, "datetime": {"datetime": "2021-10-05 14:49:48", "elapsed": 1752.58655, "delta": 3.451306}}
{"target": -48.65173895567369, "params": {"C": 93.40449586016831, "epsilon": 27.88835508831285, "gamma": 0.39231244052397796, "lamda": 0.3875171302444061}, "datetime": {"datetime": "2021-10-05 14:49:56", "elapsed": 1760.320027, "delta": 7.733477}}
{"target": -42.732435703147466, "params": {"C": 137.21583242128867, "epsilon": 28.073770634769367, "gamma": 0.0001, "lamda": 0.0001}, "datetime": {"datetime": "2021-10-05 14:50:07", "elapsed": 1771.396451, "delta": 11.076424}}
{"target": -41.40116641710006, "params": {"C": 187.31451033331234, "epsilon": 28.82756092768601, "gamma": 0.0001, "lamda": 0.0001}, "datetime": {"datetime": "2021-10-05 14:50:18", "elapsed": 1782.265204, "delta": 10.868753}}
{"target": -42.82603175427753, "params": {"C": 132.35721779259248, "epsilon": 28.262138840161256, "gamma": 0.0001, "lamda": 0.0001}, "datetime": {"datetime": "2021-10-05 14:50:30", "elapsed": 1794.130911, "delta": 11.865707}}
{"target": -38.198535761199004, "params": {"C": 35.24841791272792, "epsilon": 27.32293203599412, "gamma": 0.21486075884436534, "lamda": 0.021021073077482723}, "datetime": {"datetime": "2021-10-06 07:39:49", "elapsed": 62353.645928, "delta": 60559.515017}}
{"target": -39.5180921270915, "params": {"C": 31.785091048586683, "epsilon": 28.377562446406017, "gamma": 0.06141978267457617, "lamda": 0.31438225140921944}, "datetime": {"datetime": "2021-10-06 07:39:59", "elapsed": 62363.386549, "delta": 9.740621}}
{"target": -36.21779351065563, "params": {"C": 59.527183469492336, "epsilon": 23.22920391745965, "gamma": 0.10679750692303114, "lamda": 0.0473074879620163}, "datetime": {"datetime": "2021-10-06 07:40:06", "elapsed": 62370.581502, "delta": 7.194953}}
{"target": -44.56180082303394, "params": {"C": 164.20358790359757, "epsilon": 4.0777129088540285, "gamma": 0.23664123262120534, "lamda": 0.12265915530844887}, "datetime": {"datetime": "2021-10-06 07:40:09", "elapsed": 62373.063009, "delta": 2.481507}}
{"target": -40.821020996268416, "params": {"C": 133.09414878718374, "epsilon": 15.64771012243359, "gamma": 0.16715831354952249, "lamda": 0.14068010214414522}, "datetime": {"datetime": "2021-10-06 07:40:11", "elapsed": 62375.669605, "delta": 2.606596}}
{"target": -45.13482698372501, "params": {"C": 165.1745854966174, "epsilon": 23.68940971528844, "gamma": 0.36675067807882805, "lamda": 0.17931521634149772}, "datetime": {"datetime": "2021-10-06 07:40:17", "elapsed": 62381.501201, "delta": 5.831596}}
{"target": -60.91168338451466, "params": {"C": 161.24319250619317, "epsilon": 1.4117633019150468, "gamma": 0.19528697647445512, "lamda": 0.37656094450780947}, "datetime": {"datetime": "2021-10-06 07:40:20", "elapsed": 62384.35198, "delta": 2.850779}}
{"target": -38.97591449477303, "params": {"C": 83.83354826356059, "epsilon": 18.173564803274882, "gamma": 0.05697089586451266, "lamda": 0.1889630668964481}, "datetime": {"datetime": "2021-10-06 07:40:25", "elapsed": 62389.57453, "delta": 5.22255}}
{"target": -38.343044195280754, "params": {"C": 179.6665468734503, "epsilon": 16.70647834919209, "gamma": 0.13273858984282572, "lamda": 0.032892675645315735}, "datetime": {"datetime": "2021-10-06 07:40:35", "elapsed": 62399.018246, "delta": 9.443716}}
{"target": -38.54618395300927, "params": {"C": 89.9101337516582, "epsilon": 12.313237268238609, "gamma": 0.09710578325045825, "lamda": 0.08559659831402654}, "datetime": {"datetime": "2021-10-06 07:40:38", "elapsed": 62402.39128, "delta": 3.373034}}
{"target": -45.56025221630141, "params": {"C": 96.38083463579737, "epsilon": 22.94658119805882, "gamma": 0.0001, "lamda": 0.0001}, "datetime": {"datetime": "2021-10-06 07:40:46", "elapsed": 62410.489149, "delta": 8.097869}}
{"target": -42.87981090311155, "params": {"C": 137.05664336639475, "epsilon": 27.58232371866853, "gamma": 0.0001, "lamda": 0.0001}, "datetime": {"datetime": "2021-10-06 07:40:54", "elapsed": 62418.35285, "delta": 7.863701}}
{"target": -34.2067950099092, "params": {"C": 33.837779177936696, "epsilon": 29.253496692315775, "gamma": 0.01700756537575357, "lamda": 0.018508726444488786}, "datetime": {"datetime": "2021-10-06 07:41:00", "elapsed": 62424.033469, "delta": 5.680619}}
{"target": -37.79821290754602, "params": {"C": 93.44209768317988, "epsilon": 28.313066349339312, "gamma": 0.21548120126503445, "lamda": 0.03633644102899811}, "datetime": {"datetime": "2021-10-06 07:41:05", "elapsed": 62429.878282, "delta": 5.844813}}
{"target": -43.51747669990799, "params": {"C": 95.64025074084948, "epsilon": 26.837949836331564, "gamma": 0.2518128722535126, "lamda": 0.24803674843710746}, "datetime": {"datetime": "2021-10-06 07:41:08", "elapsed": 62432.177669, "delta": 2.299387}}
{"target": -46.924088286248356, "params": {"C": 85.5744428881801, "epsilon": 12.842731900674663, "gamma": 0.397495861192952, "lamda": 0.12737140451904544}, "datetime": {"datetime": "2021-10-06 07:41:11", "elapsed": 62435.390713, "delta": 3.213044}}
{"target": -44.02067685424139, "params": {"C": 195.2768055528552, "epsilon": 21.913005784347103, "gamma": 0.04453044786186463, "lamda": 0.35828055559706307}, "datetime": {"datetime": "2021-10-06 07:41:13", "elapsed": 62437.882887, "delta": 2.492174}}
{"target": -45.23388061341573, "params": {"C": 48.359850760915805, "epsilon": 25.20166371386502, "gamma": 0.23640895172771267, "lamda": 0.30320917655580504}, "datetime": {"datetime": "2021-10-06 07:41:16", "elapsed": 62440.755659, "delta": 2.872772}}
{"target": -41.22228391289669, "params": {"C": 102.00464394671786, "epsilon": 23.03109403895172, "gamma": 0.061614682374621636, "lamda": 0.2988329254704793}, "datetime": {"datetime": "2021-10-06 07:41:19", "elapsed": 62443.221727, "delta": 2.466068}}
{"target": -43.82747704441161, "params": {"C": 151.0042608491522, "epsilon": 4.69264527679362, "gamma": 0.06353316959026112, "lamda": 0.1961585370330865}, "datetime": {"datetime": "2021-10-06 07:41:21", "elapsed": 62445.637505, "delta": 2.415778}}
{"target": -37.88512113214694, "params": {"C": 160.86286179492836, "epsilon": 10.62521108874889, "gamma": 0.06615375903242804, "lamda": 0.05006139632818032}, "datetime": {"datetime": "2021-10-06 07:41:24", "elapsed": 62448.204904, "delta": 2.567399}}
{"target": -44.49979229347183, "params": {"C": 44.97047120305191, "epsilon": 19.774716423884165, "gamma": 0.014293607931149113, "lamda": 0.311054443314045}, "datetime": {"datetime": "2021-10-06 07:41:27", "elapsed": 62451.770862, "delta": 3.565958}}
{"target": -34.58180828496969, "params": {"C": 35.80110699005766, "epsilon": 29.55925386247367, "gamma": 0.05823286408138394, "lamda": 0.10518863048376752}, "datetime": {"datetime": "2021-10-06 07:41:33", "elapsed": 62457.767302, "delta": 5.99644}}
{"target": -42.827854291488414, "params": {"C": 58.281687497065256, "epsilon": 15.907060286891369, "gamma": 0.32335989718049096, "lamda": 0.0816546317687192}, "datetime": {"datetime": "2021-10-06 07:41:43", "elapsed": 62466.961907, "delta": 9.194605}}
{"target": -44.04127106621091, "params": {"C": 120.46699574795485, "epsilon": 25.441519281906242, "gamma": 0.0001, "lamda": 0.0001}, "datetime": {"datetime": "2021-10-06 07:41:51", "elapsed": 62475.50612, "delta": 8.544213}}
{"target": -53.14603509471751, "params": {"C": 159.30465138084062, "epsilon": 2.3940767647607464, "gamma": 0.39145014891073426, "lamda": 0.22825805667803062}, "datetime": {"datetime": "2021-10-06 07:41:54", "elapsed": 62478.025027, "delta": 2.518907}}
{"target": -36.63659228796753, "params": {"C": 35.40979240141934, "epsilon": 29.247361386235546, "gamma": 0.0399405449872473, "lamda": 0.22870597925559902}, "datetime": {"datetime": "2021-10-06 07:42:02", "elapsed": 62486.008972, "delta": 7.983945}}
{"target": -37.29911946410368, "params": {"C": 36.046539228826276, "epsilon": 29.769582232239575, "gamma": 0.04527895097506162, "lamda": 0.2618908472098239}, "datetime": {"datetime": "2021-10-06 07:42:11", "elapsed": 62495.215752, "delta": 9.20678}}
{"target": -49.30608208598043, "params": {"C": 7.2895314054509655, "epsilon": 22.642913320446787, "gamma": 0.3150066376599892, "lamda": 0.3174290485496881}, "datetime": {"datetime": "2021-10-06 07:42:14", "elapsed": 62498.555742, "delta": 3.33999}}
{"target": -41.297868290530495, "params": {"C": 31.149376323939133, "epsilon": 28.1963889358639, "gamma": 0.014927567312253767, "lamda": 0.3364020617190336}, "datetime": {"datetime": "2021-10-06 07:42:22", "elapsed": 62506.14018, "delta": 7.584438}}
{"target": -34.97548271230031, "params": {"C": 50.031959269466384, "epsilon": 26.305093277936198, "gamma": 0.07317863921913893, "lamda": 0.07097290415039076}, "datetime": {"datetime": "2021-10-06 07:42:25", "elapsed": 62509.584117, "delta": 3.443937}}
{"target": -36.696417251787075, "params": {"C": 176.6518358464935, "epsilon": 27.51573753292155, "gamma": 0.053552719641220034, "lamda": 0.20088681459152813}, "datetime": {"datetime": "2021-10-06 07:42:34", "elapsed": 62518.742264, "delta": 9.158147}}
{"target": -43.28654626956627, "params": {"C": 49.68481834314858, "epsilon": 26.238374051997212, "gamma": 0.3019178308413675, "lamda": 0.18936124994518377}, "datetime": {"datetime": "2021-10-06 07:42:48", "elapsed": 62532.763025, "delta": 14.020761}}
{"target": -37.59852369082371, "params": {"C": 35.52913928187969, "epsilon": 27.07846083238588, "gamma": 0.18526186029055783, "lamda": 0.025659022296729932}, "datetime": {"datetime": "2021-10-06 07:42:58", "elapsed": 62542.608356, "delta": 9.845331}}
{"target": -42.47182813051568, "params": {"C": 107.79767015778553, "epsilon": 10.864457196767477, "gamma": 0.20044648519550667, "lamda": 0.12997452094809453}, "datetime": {"datetime": "2021-10-06 07:43:03", "elapsed": 62547.044989, "delta": 4.436633}}
{"target": -35.12951618697111, "params": {"C": 34.33307331563592, "epsilon": 27.509733128860738, "gamma": 0.059287626510001086, "lamda": 0.1255328315332845}, "datetime": {"datetime": "2021-10-06 07:43:18", "elapsed": 62562.196678, "delta": 15.151689}}
{"target": -38.447781616910994, "params": {"C": 50.07517128575819, "epsilon": 26.125254961820616, "gamma": 0.056208839254068846, "lamda": 0.25016470631064835}, "datetime": {"datetime": "2021-10-06 07:43:26", "elapsed": 62570.702621, "delta": 8.505943}}
{"target": -44.88409771114268, "params": {"C": 187.72610182751703, "epsilon": 29.298027936637673, "gamma": 0.3599253144946561, "lamda": 0.2507592672644682}, "datetime": {"datetime": "2021-10-06 07:43:36", "elapsed": 62580.504561, "delta": 9.80194}}
{"target": -44.474118093124154, "params": {"C": 167.96480320522116, "epsilon": 20.912964220703415, "gamma": 0.0001, "lamda": 0.0001}, "datetime": {"datetime": "2021-10-06 07:43:48", "elapsed": 62592.720933, "delta": 12.216372}}
{"target": -42.37333490380046, "params": {"C": 48.11489895194251, "epsilon": 13.597627121620402, "gamma": 0.273754693703501, "lamda": 0.05162692063373886}, "datetime": {"datetime": "2021-10-06 07:43:52", "elapsed": 62596.118572, "delta": 3.397639}}
{"target": -37.30077424142327, "params": {"C": 34.913531179876266, "epsilon": 27.306135970905412, "gamma": 0.16484055105690595, "lamda": 0.09663548419912774}, "datetime": {"datetime": "2021-10-06 07:44:04", "elapsed": 62608.173442, "delta": 12.05487}}
{"target": -38.096772071344034, "params": {"C": 36.11970421761394, "epsilon": 29.410650400318527, "gamma": 0.19663991599069203, "lamda": 0.11752855620910425}, "datetime": {"datetime": "2021-10-06 07:44:14", "elapsed": 62618.388289, "delta": 10.214847}}
{"target": -37.28526253816769, "params": {"C": 50.19814884238979, "epsilon": 26.30901138281339, "gamma": 0.15808209684906235, "lamda": 0.004051848054802054}, "datetime": {"datetime": "2021-10-06 07:44:27", "elapsed": 62631.298741, "delta": 12.910452}}
{"target": -34.175641799893306, "params": {"C": 93.18871838325772, "epsilon": 28.20961972023693, "gamma": 0.025499554130219582, "lamda": 0.030197065717358553}, "datetime": {"datetime": "2021-10-06 07:44:38", "elapsed": 62642.309363, "delta": 11.010622}}
{"target": -38.131613495528185, "params": {"C": 35.711132560734065, "epsilon": 29.55817927093718, "gamma": 0.2345796834503384, "lamda": 0.04841635093016762}, "datetime": {"datetime": "2021-10-06 07:44:48", "elapsed": 62652.633137, "delta": 10.323774}}
{"target": -41.47449611512552, "params": {"C": 65.29560068718682, "epsilon": 11.452779222420725, "gamma": 0.21465046659284484, "lamda": 0.06404243868224671}, "datetime": {"datetime": "2021-10-06 07:44:52", "elapsed": 62656.073704, "delta": 3.440567}}
{"target": -46.34641488391468, "params": {"C": 59.57371091567175, "epsilon": 23.505695218361, "gamma": 0.0001, "lamda": 0.0001}, "datetime": {"datetime": "2021-10-06 07:45:03", "elapsed": 62666.992801, "delta": 10.919097}}
{"target": -38.886332744718196, "params": {"C": 49.94419026267404, "epsilon": 26.523657517202853, "gamma": 0.07754524584574714, "lamda": 0.25321580872065275}, "datetime": {"datetime": "2021-10-06 07:45:14", "elapsed": 62678.075186, "delta": 11.082385}}
{"target": -42.676374426801, "params": {"C": 93.09291955928755, "epsilon": 28.115679600417394, "gamma": 0.09636911721502439, "lamda": 0.3942203261069287}, "datetime": {"datetime": "2021-10-06 07:45:26", "elapsed": 62690.382562, "delta": 12.307376}}
{"target": -40.948527429830285, "params": {"C": 132.779760889595, "epsilon": 28.40573826174528, "gamma": 0.2606489763107844, "lamda": 0.0001}, "datetime": {"datetime": "2021-10-06 07:45:34", "elapsed": 62698.416907, "delta": 8.034345}}
{"target": -34.56327059748454, "params": {"C": 174.42360308400367, "epsilon": 27.728997800940178, "gamma": 0.030379407929669776, "lamda": 0.11139909040894555}, "datetime": {"datetime": "2021-10-06 07:45:46", "elapsed": 62710.755819, "delta": 12.338912}}
{"target": -43.01642039071005, "params": {"C": 59.68712465509089, "epsilon": 23.2011709514294, "gamma": 0.3690718191780175, "lamda": 0.10602204679174981}, "datetime": {"datetime": "2021-10-06 07:45:56", "elapsed": 62719.953362, "delta": 9.197543}}
{"target": -34.669416214490504, "params": {"C": 34.93845603751512, "epsilon": 26.20407531372078, "gamma": 0.05758243067744116, "lamda": 0.07030054338225562}, "datetime": {"datetime": "2021-10-06 07:46:08", "elapsed": 62732.651892, "delta": 12.69853}}
{"target": -34.35169012894757, "params": {"C": 174.25766827562825, "epsilon": 28.24715481353645, "gamma": 0.020539522204898464, "lamda": 0.09668707406457265}, "datetime": {"datetime": "2021-10-06 07:46:18", "elapsed": 62742.034185, "delta": 9.382293}}
{"target": -41.005656710079904, "params": {"C": 193.74147488630686, "epsilon": 29.710416624319535, "gamma": 0.0001, "lamda": 0.0001}, "datetime": {"datetime": "2021-10-06 07:46:29", "elapsed": 62753.73457, "delta": 11.700385}}
{"target": -48.35566290152686, "params": {"C": 4.7259018734740845, "epsilon": 7.219396973774976, "gamma": 0.01386687626088788, "lamda": 0.07396777756375748}, "datetime": {"datetime": "2021-10-06 07:46:33", "elapsed": 62757.363039, "delta": 3.628469}}
