{"target": -34.90962658183604, "params": {"C": 186.53209587951878, "epsilon": 32.81333097736537, "gamma": 0.08571988510864384, "lamda": 0.13150300366323722}, "datetime": {"datetime": "2021-10-06 09:05:28", "elapsed": 137.285276, "delta": 0.994961}}
{"target": -34.44847237068939, "params": {"C": 121.51002188970699, "epsilon": 40.38969575517252, "gamma": 0.07866124209633911, "lamda": 0.14796372251411063}, "datetime": {"datetime": "2021-10-06 09:05:30", "elapsed": 138.440117, "delta": 1.154841}}
{"target": -35.58342384937662, "params": {"C": 13.637447053166607, "epsilon": 26.33794413835914, "gamma": 0.07561036101928127, "lamda": 0.0791475329527569}, "datetime": {"datetime": "2021-10-06 09:05:31", "elapsed": 139.427691, "delta": 0.987574}}
{"target": -34.26676293063032, "params": {"C": 144.15640244612598, "epsilon": 32.522739911311234, "gamma": 0.039898132804203124, "lamda": 0.13234706162942628}, "datetime": {"datetime": "2021-10-06 09:05:32", "elapsed": 140.452575, "delta": 1.024884}}
{"target": -33.96873108276146, "params": {"C": 68.60569520559712, "epsilon": 38.33787124101545, "gamma": 0.017227215648796836, "lamda": 0.0881420136138593}, "datetime": {"datetime": "2021-10-06 09:05:33", "elapsed": 142.029562, "delta": 1.576987}}
{"target": -34.29524978049703, "params": {"C": 37.78686689101612, "epsilon": 35.812449700467255, "gamma": 0.066354097562932, "lamda": 0.11319464497188478}, "datetime": {"datetime": "2021-10-06 09:05:35", "elapsed": 143.757424, "delta": 1.727862}}
{"target": -34.87054374164146, "params": {"C": 161.8508582736011, "epsilon": 33.27259224354501, "gamma": 0.08117671969456189, "lamda": 0.14205020863564635}, "datetime": {"datetime": "2021-10-06 09:05:36", "elapsed": 144.623816, "delta": 0.866392}}
{"target": -34.467416596379216, "params": {"C": 47.45524840603061, "epsilon": 27.283680576329658, "gamma": 0.02878238298464452, "lamda": 0.018207587568315114}, "datetime": {"datetime": "2021-10-06 09:05:37", "elapsed": 145.547801, "delta": 0.923985}}
{"target": -34.86332360225236, "params": {"C": 153.33524122730262, "epsilon": 39.841446001896514, "gamma": 0.05893900095355184, "lamda": 0.017142849038853398}, "datetime": {"datetime": "2021-10-06 09:05:38", "elapsed": 146.599746, "delta": 1.051945}}
{"target": -34.174345903634276, "params": {"C": 68.98289610569384, "epsilon": 41.8725601140963, "gamma": 0.02388498566204892, "lamda": 0.02067692332867081}, "datetime": {"datetime": "2021-10-06 09:05:39", "elapsed": 147.623752, "delta": 1.024006}}
{"target": -34.535292031152494, "params": {"C": 135.19356574935264, "epsilon": 31.629907138626756, "gamma": 0.07423322467970511, "lamda": 0.06475923995465009}, "datetime": {"datetime": "2021-10-06 09:05:40", "elapsed": 148.610226, "delta": 0.986474}}
{"target": -34.15289365139661, "params": {"C": 57.751234773867594, "epsilon": 36.85902557748264, "gamma": 0.05365036800417315, "lamda": 0.1424645341327721}, "datetime": {"datetime": "2021-10-06 09:05:41", "elapsed": 149.584236, "delta": 0.97401}}
{"target": -35.431577870695556, "params": {"C": 185.01086619713297, "epsilon": 29.32790612311281, "gamma": 0.09930287932429509, "lamda": 0.10644468993697297}, "datetime": {"datetime": "2021-10-06 09:05:42", "elapsed": 150.569823, "delta": 0.985587}}
{"target": -34.77377304905975, "params": {"C": 99.62167520913866, "epsilon": 38.16434586438788, "gamma": 0.09430590893784437, "lamda": 0.1463192354364761}, "datetime": {"datetime": "2021-10-06 09:05:43", "elapsed": 151.717098, "delta": 1.147275}}
{"target": -34.69391530828478, "params": {"C": 130.64224047626809, "epsilon": 29.89349626204968, "gamma": 0.007847044086628188, "lamda": 0.07505234780174008}, "datetime": {"datetime": "2021-10-06 09:05:44", "elapsed": 152.539923, "delta": 0.822825}}
{"target": -34.96877003929418, "params": {"C": 7.476585916043608, "epsilon": 34.81818295508169, "gamma": 0.06605921723027881, "lamda": 0.11993893834820965}, "datetime": {"datetime": "2021-10-06 09:05:45", "elapsed": 153.41813, "delta": 0.878207}}
{"target": -34.669169975554226, "params": {"C": 68.434707787198, "epsilon": 38.09309278739384, "gamma": 0.09042855408956117, "lamda": 0.07006649241218098}, "datetime": {"datetime": "2021-10-06 09:05:46", "elapsed": 154.761953, "delta": 1.343823}}
{"target": -34.493781963318575, "params": {"C": 68.544432507301, "epsilon": 38.6527154349579, "gamma": 0.08315414203528924, "lamda": 0.13004652074690382}, "datetime": {"datetime": "2021-10-06 09:05:47", "elapsed": 155.978762, "delta": 1.216809}}
{"target": -35.11525860572485, "params": {"C": 10.430956009409245, "epsilon": 34.59947190359439, "gamma": 0.0867204134724634, "lamda": 0.03970178388848381}, "datetime": {"datetime": "2021-10-06 09:05:48", "elapsed": 156.836315, "delta": 0.857553}}
{"target": -35.790837340208476, "params": {"C": 90.70116362085739, "epsilon": 46.130238132559526, "gamma": 0.08604788219554418, "lamda": 0.02515549108371738}, "datetime": {"datetime": "2021-10-06 09:05:49", "elapsed": 157.711476, "delta": 0.875161}}
{"target": -34.33696598678006, "params": {"C": 189.39028069285771, "epsilon": 33.77895915562327, "gamma": 0.04002784077422116, "lamda": 0.014914239268380928}, "datetime": {"datetime": "2021-10-06 09:05:50", "elapsed": 158.696579, "delta": 0.985103}}
{"target": -34.8166928779834, "params": {"C": 99.10919437466227, "epsilon": 39.5776531402459, "gamma": 0.03468274560366619, "lamda": 0.006102071333468812}, "datetime": {"datetime": "2021-10-06 09:05:51", "elapsed": 159.780871, "delta": 1.084292}}
{"target": -35.659589536860494, "params": {"C": 151.91422787503677, "epsilon": 44.5667275837392, "gamma": 0.0882411961897293, "lamda": 0.025761425272505866}, "datetime": {"datetime": "2021-10-06 09:05:52", "elapsed": 160.666165, "delta": 0.885294}}
{"target": -33.79021488457518, "params": {"C": 67.05923553823737, "epsilon": 34.946945283674424, "gamma": 0.016771493366448186, "lamda": 0.07145533707539857}, "datetime": {"datetime": "2021-10-06 09:05:53", "elapsed": 162.026281, "delta": 1.360116}}
{"target": -34.53922760413172, "params": {"C": 39.245546572757874, "epsilon": 38.13603444482928, "gamma": 0.042239698433396755, "lamda": 0.02073519674225023}, "datetime": {"datetime": "2021-10-06 09:05:54", "elapsed": 163.163284, "delta": 1.137003}}
{"target": -34.720355482483356, "params": {"C": 99.01746094608855, "epsilon": 38.04835181540365, "gamma": 0.005536919315937127, "lamda": 0.052221691806585355}, "datetime": {"datetime": "2021-10-06 09:05:56", "elapsed": 164.640975, "delta": 1.477691}}
{"target": -34.056102078314815, "params": {"C": 36.09688843320339, "epsilon": 42.48822463510976, "gamma": 0.023157328771166635, "lamda": 0.11319465949786776}, "datetime": {"datetime": "2021-10-06 09:05:57", "elapsed": 165.531277, "delta": 0.890302}}
{"target": -34.62360128535843, "params": {"C": 160.27357870641953, "epsilon": 47.09739324569315, "gamma": 0.032790523993754574, "lamda": 0.0471867651008518}, "datetime": {"datetime": "2021-10-06 09:05:58", "elapsed": 166.445054, "delta": 0.913777}}
{"target": -34.88723498793369, "params": {"C": 38.18710354729003, "epsilon": 36.17855510186679, "gamma": 0.06153976636383138, "lamda": 0.01839184933763875}, "datetime": {"datetime": "2021-10-06 09:05:59", "elapsed": 167.884302, "delta": 1.439248}}
{"target": -35.009758022873086, "params": {"C": 68.95591425044584, "epsilon": 45.605393323173146, "gamma": 0.0546477489309661, "lamda": 0.017350316883009694}, "datetime": {"datetime": "2021-10-06 09:06:00", "elapsed": 169.001085, "delta": 1.116783}}
{"target": -35.12925784382185, "params": {"C": 129.2237361148066, "epsilon": 27.86307254288223, "gamma": 0.08337425448803733, "lamda": 0.10011556330425045}, "datetime": {"datetime": "2021-10-06 09:06:01", "elapsed": 169.866996, "delta": 0.865911}}
{"target": -34.7040804944009, "params": {"C": 51.57663717159362, "epsilon": 30.461400825263386, "gamma": 0.07497721246879707, "lamda": 0.10475236950885093}, "datetime": {"datetime": "2021-10-06 09:06:02", "elapsed": 170.781739, "delta": 0.914743}}
{"target": -34.946408464961685, "params": {"C": 18.24920075389029, "epsilon": 44.47361738191204, "gamma": 0.011193914777520249, "lamda": 0.06906294041618323}, "datetime": {"datetime": "2021-10-06 09:06:03", "elapsed": 171.735574, "delta": 0.953835}}
{"target": -34.97712447953615, "params": {"C": 66.98650819932048, "epsilon": 39.000132099713866, "gamma": 0.04853125860333346, "lamda": 0.0013732994216935663}, "datetime": {"datetime": "2021-10-06 09:06:04", "elapsed": 172.798944, "delta": 1.06337}}
{"target": -34.0114233246788, "params": {"C": 45.33050957007363, "epsilon": 41.34566225339642, "gamma": 0.03940939940009937, "lamda": 0.058310712102970626}, "datetime": {"datetime": "2021-10-06 09:06:05", "elapsed": 174.360533, "delta": 1.561589}}
{"target": -34.56370491511891, "params": {"C": 85.13312386159737, "epsilon": 26.679314324979575, "gamma": 0.025564511908194885, "lamda": 0.09828808824660053}, "datetime": {"datetime": "2021-10-06 09:06:07", "elapsed": 175.535974, "delta": 1.175441}}
{"target": -33.946691552655764, "params": {"C": 145.4698112091511, "epsilon": 34.318379696624746, "gamma": 0.03147915734611935, "lamda": 0.11972514661274594}, "datetime": {"datetime": "2021-10-06 09:06:08", "elapsed": 176.501149, "delta": 0.965175}}
{"target": -34.65850102213091, "params": {"C": 37.91800063610637, "epsilon": 35.36531265528892, "gamma": 0.08534008996362692, "lamda": 0.12857032302705462}, "datetime": {"datetime": "2021-10-06 09:06:10", "elapsed": 178.506447, "delta": 2.005298}}
{"target": -34.87850909478283, "params": {"C": 41.855476110862035, "epsilon": 37.00141003686302, "gamma": 0.09886909829449049, "lamda": 0.14068514063300788}, "datetime": {"datetime": "2021-10-06 09:06:11", "elapsed": 179.420065, "delta": 0.913618}}
{"target": -35.56004423978044, "params": {"C": 30.232191285373894, "epsilon": 49.57540480763046, "gamma": 0.08937911211741635, "lamda": 0.05588405042175593}, "datetime": {"datetime": "2021-10-06 09:06:11", "elapsed": 180.327066, "delta": 0.907001}}
{"target": -34.10079924858729, "params": {"C": 152.8327870340638, "epsilon": 42.118726560464964, "gamma": 0.057041729441515546, "lamda": 0.1304477072834309}, "datetime": {"datetime": "2021-10-06 09:06:13", "elapsed": 181.863291, "delta": 1.536225}}
{"target": -34.503725837176276, "params": {"C": 111.94451301454941, "epsilon": 45.37327143674583, "gamma": 0.077507543366553, "lamda": 0.08208562243638032}, "datetime": {"datetime": "2021-10-06 09:06:14", "elapsed": 183.09036, "delta": 1.227069}}
{"target": -34.656727924164265, "params": {"C": 38.40634896822203, "epsilon": 35.59031237969095, "gamma": 0.09126210707318894, "lamda": 0.10400123161275782}, "datetime": {"datetime": "2021-10-06 09:06:16", "elapsed": 184.931173, "delta": 1.840813}}
{"target": -35.6592144936053, "params": {"C": 45.541358626195816, "epsilon": 41.239306806616796, "gamma": 0.09080857131338171, "lamda": 0.020135227355320376}, "datetime": {"datetime": "2021-10-06 09:06:18", "elapsed": 186.529972, "delta": 1.598799}}
{"target": -34.66343900678947, "params": {"C": 96.31723950584656, "epsilon": 44.34464091264192, "gamma": 0.014956786524543752, "lamda": 0.03104520033017263}, "datetime": {"datetime": "2021-10-06 09:06:19", "elapsed": 187.593351, "delta": 1.063379}}
{"target": -34.551684861107454, "params": {"C": 45.14812572630829, "epsilon": 41.272022859988205, "gamma": 0.029032043231965086, "lamda": 0.013958115029341918}, "datetime": {"datetime": "2021-10-06 09:06:20", "elapsed": 189.154215, "delta": 1.560864}}
{"target": -33.785782439596304, "params": {"C": 61.15328257742493, "epsilon": 37.090651924451365, "gamma": 0.030793137002784847, "lamda": 0.11356078785392369}, "datetime": {"datetime": "2021-10-06 09:06:21", "elapsed": 190.158871, "delta": 1.004656}}
{"target": -35.01068967454684, "params": {"C": 135.9946509182796, "epsilon": 37.24425765380654, "gamma": 0.0396949662330753, "lamda": 0.004826594229770631}, "datetime": {"datetime": "2021-10-06 09:06:22", "elapsed": 191.278834, "delta": 1.119963}}
{"target": -36.45250891035132, "params": {"C": 187.11212389013158, "epsilon": 40.293599299047344, "gamma": 0.09074058466999782, "lamda": 0.010995686325645647}, "datetime": {"datetime": "2021-10-06 09:06:23", "elapsed": 192.330891, "delta": 1.052057}}
{"target": -34.198251507240656, "params": {"C": 144.3545299342173, "epsilon": 32.7159987501713, "gamma": 0.0489234158956133, "lamda": 0.10594889334825264}, "datetime": {"datetime": "2021-10-06 09:06:25", "elapsed": 193.971615, "delta": 1.640724}}
{"target": -34.10691384786261, "params": {"C": 191.77275744300704, "epsilon": 43.84601415430794, "gamma": 0.028689620879309145, "lamda": 0.11005778370782195}, "datetime": {"datetime": "2021-10-06 09:06:26", "elapsed": 195.025658, "delta": 1.054043}}
{"target": -34.13317529007806, "params": {"C": 80.45169678500618, "epsilon": 39.272078935738854, "gamma": 0.059470992376604276, "lamda": 0.13335945276044014}, "datetime": {"datetime": "2021-10-06 09:06:28", "elapsed": 197.166688, "delta": 2.14103}}
{"target": -35.94763876659072, "params": {"C": 7.373926277367426, "epsilon": 49.546940831863694, "gamma": 0.09603572964487786, "lamda": 0.0198582099049953}, "datetime": {"datetime": "2021-10-06 09:06:29", "elapsed": 198.223084, "delta": 1.056396}}
{"target": -35.72271528064584, "params": {"C": 67.162277821593, "epsilon": 35.16400588130915, "gamma": 0.09261991097914965, "lamda": 0.016084086565961213}, "datetime": {"datetime": "2021-10-06 09:06:31", "elapsed": 199.894423, "delta": 1.671339}}
{"target": -34.361700604087744, "params": {"C": 19.73765042004837, "epsilon": 39.26947782859598, "gamma": 0.07261118041209004, "lamda": 0.1250928941522433}, "datetime": {"datetime": "2021-10-06 09:06:32", "elapsed": 200.949583, "delta": 1.05516}}
{"target": -40.046255158622735, "params": {"C": 68.19772122654349, "epsilon": 38.61813163971518, "gamma": 0.002, "lamda": 0.15}, "datetime": {"datetime": "2021-10-06 09:06:34", "elapsed": 202.65782, "delta": 1.708237}}
{"target": -34.71325398937122, "params": {"C": 152.19217397398916, "epsilon": 26.67658640054116, "gamma": 0.024061765265116192, "lamda": 0.005391389704258357}, "datetime": {"datetime": "2021-10-06 09:06:35", "elapsed": 204.160637, "delta": 1.502817}}
{"target": -34.01242951774071, "params": {"C": 32.94412737913807, "epsilon": 40.829116539504724, "gamma": 0.04885600223096558, "lamda": 0.08652689896716356}, "datetime": {"datetime": "2021-10-06 09:06:36", "elapsed": 205.244704, "delta": 1.084067}}
{"target": -34.47470739033932, "params": {"C": 33.48203106651021, "epsilon": 44.70226192203556, "gamma": 0.025943950370266977, "lamda": 0.07038665909699915}, "datetime": {"datetime": "2021-10-06 09:06:37", "elapsed": 206.323899, "delta": 1.079195}}
{"target": -34.535036323497295, "params": {"C": 63.93380878253193, "epsilon": 48.48912158538386, "gamma": 0.04872717358141676, "lamda": 0.09909912670492137}, "datetime": {"datetime": "2021-10-06 09:06:39", "elapsed": 207.396389, "delta": 1.07249}}
{"target": -34.095873750480024, "params": {"C": 51.00704950903119, "epsilon": 31.273761841513608, "gamma": 0.03705847817979896, "lamda": 0.03544718395735987}, "datetime": {"datetime": "2021-10-06 09:06:40", "elapsed": 208.836055, "delta": 1.439666}}
{"target": -35.40181519668838, "params": {"C": 5.167123114431912, "epsilon": 46.90267463732668, "gamma": 0.04728691871514534, "lamda": 0.019789701759853586}, "datetime": {"datetime": "2021-10-06 09:06:41", "elapsed": 210.072858, "delta": 1.236803}}
{"target": -34.093494294765634, "params": {"C": 62.424946300459894, "epsilon": 41.13637784530312, "gamma": 0.021268827304112385, "lamda": 0.14295273683388082}, "datetime": {"datetime": "2021-10-06 09:06:43", "elapsed": 211.522223, "delta": 1.449365}}
{"target": -34.50232018093222, "params": {"C": 145.06503632085543, "epsilon": 46.22252205870014, "gamma": 0.04219352790247619, "lamda": 0.053758611298447}, "datetime": {"datetime": "2021-10-06 09:06:44", "elapsed": 212.647445, "delta": 1.125222}}
{"target": -33.989703730839686, "params": {"C": 102.6237868386254, "epsilon": 35.42020205236184, "gamma": 0.04568801785768218, "lamda": 0.11848736968999941}, "datetime": {"datetime": "2021-10-06 09:06:45", "elapsed": 213.701108, "delta": 1.053663}}
{"target": -34.17883787431791, "params": {"C": 17.08387043632473, "epsilon": 41.45446558833328, "gamma": 0.04076316974398743, "lamda": 0.07144213224668705}, "datetime": {"datetime": "2021-10-06 09:06:46", "elapsed": 215.202661, "delta": 1.501553}}
{"target": -36.11926622862183, "params": {"C": 174.38752349438437, "epsilon": 46.962531715159955, "gamma": 0.09063339918864881, "lamda": 0.01969737916336665}, "datetime": {"datetime": "2021-10-06 09:06:47", "elapsed": 216.29425, "delta": 1.091589}}
{"target": -34.78191451673176, "params": {"C": 49.77615664592528, "epsilon": 26.632054127611706, "gamma": 0.03288768932920608, "lamda": 0.008150144987115249}, "datetime": {"datetime": "2021-10-06 09:06:49", "elapsed": 217.484241, "delta": 1.189991}}
{"target": -35.142234673527305, "params": {"C": 171.4366945847396, "epsilon": 32.39319649591051, "gamma": 0.09977517601723601, "lamda": 0.1190046414933774}, "datetime": {"datetime": "2021-10-06 09:06:50", "elapsed": 218.951799, "delta": 1.467558}}
{"target": -36.699156365896606, "params": {"C": 86.77804947509215, "epsilon": 32.32813508824554, "gamma": 0.0943583098701297, "lamda": 0.0016749703227842013}, "datetime": {"datetime": "2021-10-06 09:06:51", "elapsed": 220.183162, "delta": 1.231363}}
{"target": -33.734728594212655, "params": {"C": 113.3266875210925, "epsilon": 35.445972322408096, "gamma": 0.025359711726357828, "lamda": 0.0996356953358032}, "datetime": {"datetime": "2021-10-06 09:06:52", "elapsed": 221.370129, "delta": 1.186967}}
{"target": -33.77370377070124, "params": {"C": 112.06135446898732, "epsilon": 36.941265672716426, "gamma": 0.02444800288279233, "lamda": 0.05078933776154288}, "datetime": {"datetime": "2021-10-06 09:06:54", "elapsed": 222.561975, "delta": 1.191846}}
{"target": -34.2981553225208, "params": {"C": 107.25157527711366, "epsilon": 28.856163785027725, "gamma": 0.04873603465462574, "lamda": 0.04837584269803509}, "datetime": {"datetime": "2021-10-06 09:06:55", "elapsed": 224.094579, "delta": 1.532604}}
{"target": -34.56029512706718, "params": {"C": 184.15814812082738, "epsilon": 29.04155524847007, "gamma": 0.035526345346674745, "lamda": 0.12292651790203842}, "datetime": {"datetime": "2021-10-06 09:06:56", "elapsed": 225.202673, "delta": 1.108094}}
{"target": -34.44760135093636, "params": {"C": 124.84106439390663, "epsilon": 45.77233103575578, "gamma": 0.03527358113889663, "lamda": 0.04831348544630543}, "datetime": {"datetime": "2021-10-06 09:06:57", "elapsed": 226.251149, "delta": 1.048476}}
{"target": -35.85768433586109, "params": {"C": 170.06158389628052, "epsilon": 49.38422100569167, "gamma": 0.00909469296090498, "lamda": 0.03144498391838054}, "datetime": {"datetime": "2021-10-06 09:06:58", "elapsed": 227.288155, "delta": 1.037006}}
{"target": -34.43077064665675, "params": {"C": 29.130455721701416, "epsilon": 29.8564100491828, "gamma": 0.05335949683202999, "lamda": 0.08534961760666768}, "datetime": {"datetime": "2021-10-06 09:07:00", "elapsed": 228.394731, "delta": 1.106576}}
{"target": -35.15780786922397, "params": {"C": 145.1892646517037, "epsilon": 29.022444900757407, "gamma": 0.08704893699991371, "lamda": 0.03661084758318425}, "datetime": {"datetime": "2021-10-06 09:07:01", "elapsed": 229.52032, "delta": 1.125589}}
{"target": -34.45215823366057, "params": {"C": 179.6587268202701, "epsilon": 38.788431292395096, "gamma": 0.008699567688517687, "lamda": 0.03294895241995351}, "datetime": {"datetime": "2021-10-06 09:07:02", "elapsed": 230.667, "delta": 1.14668}}
{"target": -34.66339041867331, "params": {"C": 173.93675512423297, "epsilon": 44.85827630884934, "gamma": 0.019547508899565705, "lamda": 0.060220753802213714}, "datetime": {"datetime": "2021-10-06 09:07:03", "elapsed": 232.249594, "delta": 1.582594}}
{"target": -36.73722232940925, "params": {"C": 168.38872125052418, "epsilon": 26.673154395742895, "gamma": 0.08258514130615767, "lamda": 0.008453450154834043}, "datetime": {"datetime": "2021-10-06 09:07:05", "elapsed": 233.718884, "delta": 1.46929}}
{"target": -35.50028332622105, "params": {"C": 164.33357249926436, "epsilon": 29.07278368523497, "gamma": 0.08632837509762098, "lamda": 0.02449864344152437}, "datetime": {"datetime": "2021-10-06 09:07:06", "elapsed": 234.863802, "delta": 1.144918}}
{"target": -35.18995281745209, "params": {"C": 126.70255673600816, "epsilon": 39.16078894336625, "gamma": 0.007783296823009713, "lamda": 0.13903221042170147}, "datetime": {"datetime": "2021-10-06 09:07:07", "elapsed": 236.35383, "delta": 1.490028}}
{"target": -34.07266393295762, "params": {"C": 89.67220689046644, "epsilon": 34.91876276178244, "gamma": 0.052017055371536156, "lamda": 0.10110850956555813}, "datetime": {"datetime": "2021-10-06 09:07:09", "elapsed": 237.486992, "delta": 1.133162}}
{"target": -35.262883924233826, "params": {"C": 179.1932724869823, "epsilon": 26.089013748858697, "gamma": 0.06556882961885908, "lamda": 0.020929896234372147}, "datetime": {"datetime": "2021-10-06 09:07:11", "elapsed": 239.393961, "delta": 1.906969}}
{"target": -35.58869001892806, "params": {"C": 138.42943034030225, "epsilon": 41.95921453478165, "gamma": 0.09724479866524087, "lamda": 0.02936671424018231}, "datetime": {"datetime": "2021-10-06 09:07:12", "elapsed": 240.557742, "delta": 1.163781}}
{"target": -34.543190880453736, "params": {"C": 133.42513501450935, "epsilon": 29.19743473575319, "gamma": 0.0620309489985351, "lamda": 0.08819540990143437}, "datetime": {"datetime": "2021-10-06 09:07:13", "elapsed": 241.756092, "delta": 1.19835}}
{"target": -34.761560513215834, "params": {"C": 70.61234315759793, "epsilon": 48.33253629870744, "gamma": 0.029833594247199155, "lamda": 0.03420478032969566}, "datetime": {"datetime": "2021-10-06 09:07:14", "elapsed": 242.898478, "delta": 1.142386}}
