{"target": -33.0119569607392, "params": {"C": 267.0295165476681, "epsilon": 32.54339615834065, "gamma": 0.017285592569475483, "lamda": 0.06326025614236593}, "datetime": {"datetime": "2021-10-06 09:30:55", "elapsed": 152.785683, "delta": 0.87363}}
{"target": -32.97903794652912, "params": {"C": 127.73296216210514, "epsilon": 33.301241907368485, "gamma": 0.015914646933681154, "lamda": 0.06481623137880904}, "datetime": {"datetime": "2021-10-06 09:30:56", "elapsed": 153.766742, "delta": 0.981059}}
{"target": -33.02192046812574, "params": {"C": 67.94454607607454, "epsilon": 37.38813840305768, "gamma": 0.005501047310615551, "lamda": 0.05283991289133666}, "datetime": {"datetime": "2021-10-06 09:30:57", "elapsed": 154.716048, "delta": 0.949306}}
{"target": -32.97891743592738, "params": {"C": 155.37780616662013, "epsilon": 35.79170519574988, "gamma": 0.011596940180136076, "lamda": 0.030125268262313275}, "datetime": {"datetime": "2021-10-06 09:30:58", "elapsed": 155.698154, "delta": 0.982106}}
{"target": -32.894244852521965, "params": {"C": 300.52737834292896, "epsilon": 32.5941792430849, "gamma": 0.006307775592989773, "lamda": 0.04890567971005935}, "datetime": {"datetime": "2021-10-06 09:30:59", "elapsed": 156.636416, "delta": 0.938262}}
{"target": -32.917007137963964, "params": {"C": 187.93228753060433, "epsilon": 32.19813334478571, "gamma": 0.007847267250317532, "lamda": 0.06264700947872501}, "datetime": {"datetime": "2021-10-06 09:31:00", "elapsed": 157.944136, "delta": 1.30772}}
{"target": -32.88605208641403, "params": {"C": 296.1744854355122, "epsilon": 34.42619407818222, "gamma": 0.008812923648346016, "lamda": 0.06984065322575367}, "datetime": {"datetime": "2021-10-06 09:31:01", "elapsed": 159.391021, "delta": 1.446885}}
{"target": -32.884152458341354, "params": {"C": 265.3751672516542, "epsilon": 33.97232307383853, "gamma": 0.00991685036295983, "lamda": 0.06731331415557387}, "datetime": {"datetime": "2021-10-06 09:31:02", "elapsed": 160.446212, "delta": 1.055191}}
{"target": -32.98626769360059, "params": {"C": 110.29349231948616, "epsilon": 35.20874459408505, "gamma": 0.01981536298685559, "lamda": 0.07687420826611002}, "datetime": {"datetime": "2021-10-06 09:31:03", "elapsed": 161.455077, "delta": 1.008865}}
{"target": -32.956607253124716, "params": {"C": 89.4416697933592, "epsilon": 38.876159735558886, "gamma": 0.018265977488557773, "lamda": 0.04841746658448186}, "datetime": {"datetime": "2021-10-06 09:31:05", "elapsed": 162.63926, "delta": 1.184183}}
{"target": -32.94071510825513, "params": {"C": 184.0157867489178, "epsilon": 37.6161688135149, "gamma": 0.01787519192816149, "lamda": 0.03956003663100881}, "datetime": {"datetime": "2021-10-06 09:31:06", "elapsed": 163.912002, "delta": 1.272742}}
{"target": -32.93460255625143, "params": {"C": 236.03111128740773, "epsilon": 37.6505375023842, "gamma": 0.016327762182294366, "lamda": 0.057209940414892725}, "datetime": {"datetime": "2021-10-06 09:31:07", "elapsed": 165.195263, "delta": 1.283261}}
{"target": -32.96056866815353, "params": {"C": 165.12450041454338, "epsilon": 37.07836036663228, "gamma": 0.014500353812740912, "lamda": 0.03184771789992843}, "datetime": {"datetime": "2021-10-06 09:31:08", "elapsed": 166.359474, "delta": 1.164211}}
{"target": -32.87677307024778, "params": {"C": 149.10605866016698, "epsilon": 35.86896596043015, "gamma": 0.012525476544769754, "lamda": 0.05862816698344584}, "datetime": {"datetime": "2021-10-06 09:31:09", "elapsed": 167.445841, "delta": 1.086367}}
{"target": -32.82977036373343, "params": {"C": 207.99625378687045, "epsilon": 37.350520266187225, "gamma": 0.006115393718292858, "lamda": 0.040082281989990816}, "datetime": {"datetime": "2021-10-06 09:31:10", "elapsed": 168.498687, "delta": 1.052846}}
{"target": -33.10412164414128, "params": {"C": 64.47463995025802, "epsilon": 33.72407879950695, "gamma": 0.015838327381737113, "lamda": 0.03011625873449733}, "datetime": {"datetime": "2021-10-06 09:31:11", "elapsed": 169.485755, "delta": 0.987068}}
{"target": -32.84760735210839, "params": {"C": 144.91317527708895, "epsilon": 35.23477347796498, "gamma": 0.008700920326985282, "lamda": 0.06777207646104821}, "datetime": {"datetime": "2021-10-06 09:31:12", "elapsed": 170.503728, "delta": 1.017973}}
{"target": -32.948804707920736, "params": {"C": 279.1763335569136, "epsilon": 35.27957514902691, "gamma": 0.010154280201318417, "lamda": 0.031284092023412965}, "datetime": {"datetime": "2021-10-06 09:31:14", "elapsed": 171.601695, "delta": 1.097967}}
{"target": -32.973015629129115, "params": {"C": 370.8795388380753, "epsilon": 36.168966462222144, "gamma": 0.018488258721632296, "lamda": 0.03335425715625693}, "datetime": {"datetime": "2021-10-06 09:31:15", "elapsed": 172.686334, "delta": 1.084639}}
{"target": -33.03113083740146, "params": {"C": 136.5141223803171, "epsilon": 32.83902591085322, "gamma": 0.014349511853598817, "lamda": 0.042206030152492954}, "datetime": {"datetime": "2021-10-06 09:31:16", "elapsed": 173.77134, "delta": 1.085006}}
{"target": -32.84819681475854, "params": {"C": 379.2405749103192, "epsilon": 37.20508746167315, "gamma": 0.008357489123152513, "lamda": 0.06659657171403421}, "datetime": {"datetime": "2021-10-06 09:31:17", "elapsed": 174.807454, "delta": 1.036114}}
{"target": -32.84139263971029, "params": {"C": 314.7337625891595, "epsilon": 35.774122759759784, "gamma": 0.007105528484405864, "lamda": 0.05923268306240745}, "datetime": {"datetime": "2021-10-06 09:31:18", "elapsed": 176.230504, "delta": 1.42305}}
{"target": -33.01778876541199, "params": {"C": 48.43463156291543, "epsilon": 38.86785774262691, "gamma": 0.019352772186918832, "lamda": 0.036328258357380974}, "datetime": {"datetime": "2021-10-06 09:31:19", "elapsed": 177.272741, "delta": 1.042237}}
{"target": -32.87369838471966, "params": {"C": 217.4204374070553, "epsilon": 35.26571781162965, "gamma": 0.006483005572778257, "lamda": 0.060015733403432595}, "datetime": {"datetime": "2021-10-06 09:31:20", "elapsed": 178.364588, "delta": 1.091847}}
{"target": -32.92021335524852, "params": {"C": 70.61477989928275, "epsilon": 35.87026436667383, "gamma": 0.015528355985647353, "lamda": 0.0716419107893434}, "datetime": {"datetime": "2021-10-06 09:31:22", "elapsed": 179.687379, "delta": 1.322791}}
{"target": -33.003925678121355, "params": {"C": 352.75116892299167, "epsilon": 32.939557270282755, "gamma": 0.0180255996720228, "lamda": 0.07176485600536894}, "datetime": {"datetime": "2021-10-06 09:31:23", "elapsed": 181.02903, "delta": 1.341651}}
{"target": -32.93873702796369, "params": {"C": 308.23420155132726, "epsilon": 32.19733770015784, "gamma": 0.007601920859610808, "lamda": 0.03147362070612696}, "datetime": {"datetime": "2021-10-06 09:31:24", "elapsed": 182.404616, "delta": 1.375586}}
{"target": -32.87207179621735, "params": {"C": 94.30680137865474, "epsilon": 36.32515899068888, "gamma": 0.011649959547912748, "lamda": 0.05870030166683341}, "datetime": {"datetime": "2021-10-06 09:31:25", "elapsed": 183.481943, "delta": 1.077327}}
{"target": -32.8153191145273, "params": {"C": 95.27178437559871, "epsilon": 37.454826393927036, "gamma": 0.007909216386982363, "lamda": 0.053284113790939315}, "datetime": {"datetime": "2021-10-06 09:31:26", "elapsed": 184.520232, "delta": 1.038289}}
{"target": -32.936368504681724, "params": {"C": 149.90135545408995, "epsilon": 38.55932712907029, "gamma": 0.011628926299006817, "lamda": 0.06291917003520851}, "datetime": {"datetime": "2021-10-06 09:31:28", "elapsed": 185.883953, "delta": 1.363721}}
{"target": -32.885469886380534, "params": {"C": 126.71113906896551, "epsilon": 33.53818053710813, "gamma": 0.009723833172212076, "lamda": 0.04155945770381204}, "datetime": {"datetime": "2021-10-06 09:31:29", "elapsed": 187.314665, "delta": 1.430712}}
{"target": -33.03315466942757, "params": {"C": 44.4756932253879, "epsilon": 38.09661343588695, "gamma": 0.011393782647370667, "lamda": 0.03630526904693073}, "datetime": {"datetime": "2021-10-06 09:31:30", "elapsed": 188.419736, "delta": 1.105071}}
{"target": -32.960916240032546, "params": {"C": 147.19450165459386, "epsilon": 36.41477687154674, "gamma": 0.0071459309884265125, "lamda": 0.07763514658855061}, "datetime": {"datetime": "2021-10-06 09:31:31", "elapsed": 189.579902, "delta": 1.160166}}
{"target": -32.88279319340693, "params": {"C": 295.44833149017785, "epsilon": 37.89823560045421, "gamma": 0.01056220863713897, "lamda": 0.04770423197934463}, "datetime": {"datetime": "2021-10-06 09:31:33", "elapsed": 190.696916, "delta": 1.117014}}
{"target": -32.8522878245052, "params": {"C": 219.31000955471993, "epsilon": 34.74755893193887, "gamma": 0.0111327376094175, "lamda": 0.06942529184228169}, "datetime": {"datetime": "2021-10-06 09:31:34", "elapsed": 191.723833, "delta": 1.026917}}
{"target": -32.86365330955029, "params": {"C": 65.85397862194938, "epsilon": 36.50755246326388, "gamma": 0.01032868077452856, "lamda": 0.05363829941163995}, "datetime": {"datetime": "2021-10-06 09:31:35", "elapsed": 193.176049, "delta": 1.452216}}
{"target": -32.94421350624525, "params": {"C": 348.0519893843981, "epsilon": 38.114071750254986, "gamma": 0.018470759051207968, "lamda": 0.03627428830985458}, "datetime": {"datetime": "2021-10-06 09:31:36", "elapsed": 194.463574, "delta": 1.287525}}
{"target": -33.022562241523374, "params": {"C": 124.50295438490113, "epsilon": 32.184349120553414, "gamma": 0.00904288805374793, "lamda": 0.03239937751245478}, "datetime": {"datetime": "2021-10-06 09:31:38", "elapsed": 195.586384, "delta": 1.12281}}
{"target": -32.999202441253, "params": {"C": 342.7582912902112, "epsilon": 33.864682311307234, "gamma": 0.01996329404363037, "lamda": 0.06959887298435483}, "datetime": {"datetime": "2021-10-06 09:31:39", "elapsed": 196.681531, "delta": 1.095147}}
{"target": -33.038005607981255, "params": {"C": 190.8832344854668, "epsilon": 33.84570606740495, "gamma": 0.019078907733898726, "lamda": 0.030226500108316845}, "datetime": {"datetime": "2021-10-06 09:31:40", "elapsed": 197.889544, "delta": 1.208013}}
{"target": -32.842070452015015, "params": {"C": 238.51069067854283, "epsilon": 34.75507526070236, "gamma": 0.007813830485935973, "lamda": 0.06309922662275275}, "datetime": {"datetime": "2021-10-06 09:31:41", "elapsed": 199.042551, "delta": 1.153007}}
{"target": -32.794320160557575, "params": {"C": 236.24072133381142, "epsilon": 35.19120248787562, "gamma": 0.007664980062496707, "lamda": 0.04670783146360499}, "datetime": {"datetime": "2021-10-06 09:31:42", "elapsed": 200.230346, "delta": 1.187795}}
{"target": -32.95222780635667, "params": {"C": 227.61212248205817, "epsilon": 32.83304777063309, "gamma": 0.011630373004836856, "lamda": 0.04589793379128694}, "datetime": {"datetime": "2021-10-06 09:31:44", "elapsed": 201.769613, "delta": 1.539267}}
{"target": -32.94364547848744, "params": {"C": 365.58019537253955, "epsilon": 32.88712028080377, "gamma": 0.009473689036191795, "lamda": 0.07091493889330149}, "datetime": {"datetime": "2021-10-06 09:31:45", "elapsed": 202.841078, "delta": 1.071465}}
{"target": -32.86755999149422, "params": {"C": 259.1671356212295, "epsilon": 37.76692988542877, "gamma": 0.009432421410432101, "lamda": 0.045877008539028666}, "datetime": {"datetime": "2021-10-06 09:31:46", "elapsed": 203.912726, "delta": 1.071648}}
{"target": -33.02621416925418, "params": {"C": 340.29138417573944, "epsilon": 38.820397793326734, "gamma": 0.005158317218106935, "lamda": 0.04021643755650354}, "datetime": {"datetime": "2021-10-06 09:31:47", "elapsed": 204.950275, "delta": 1.037549}}
{"target": -32.92833408597367, "params": {"C": 87.46518941028847, "epsilon": 33.12478626434498, "gamma": 0.012385223972576326, "lamda": 0.0583052408076066}, "datetime": {"datetime": "2021-10-06 09:31:48", "elapsed": 206.084513, "delta": 1.134238}}
{"target": -33.014183852148136, "params": {"C": 295.6711933701418, "epsilon": 32.881546429387576, "gamma": 0.017885540734679788, "lamda": 0.04194994885341753}, "datetime": {"datetime": "2021-10-06 09:31:49", "elapsed": 207.27992, "delta": 1.195407}}
{"target": -32.88182201403929, "params": {"C": 357.5083692202835, "epsilon": 35.72995912694857, "gamma": 0.005093806969553909, "lamda": 0.04072112497313876}, "datetime": {"datetime": "2021-10-06 09:31:50", "elapsed": 208.415704, "delta": 1.135784}}
{"target": -32.820165534784294, "params": {"C": 347.24332451935265, "epsilon": 37.500330590081056, "gamma": 0.006864899412173992, "lamda": 0.049872736175239504}, "datetime": {"datetime": "2021-10-06 09:31:52", "elapsed": 209.934043, "delta": 1.518339}}
{"target": -33.09171840813929, "params": {"C": 337.29031902732225, "epsilon": 32.196336698758344, "gamma": 0.01715675776427064, "lamda": 0.03250115777007854}, "datetime": {"datetime": "2021-10-06 09:31:53", "elapsed": 211.184116, "delta": 1.250073}}
{"target": -33.042069409122085, "params": {"C": 330.01550443335367, "epsilon": 32.8962285748602, "gamma": 0.017767897975121794, "lamda": 0.03788545081930348}, "datetime": {"datetime": "2021-10-06 09:31:54", "elapsed": 212.3577, "delta": 1.173584}}
{"target": -33.193266570293346, "params": {"C": 262.5065967575624, "epsilon": 35.838563441815154, "gamma": 0.004944211726205667, "lamda": 0.07631953369855754}, "datetime": {"datetime": "2021-10-06 09:31:56", "elapsed": 213.95039, "delta": 1.59269}}
{"target": -32.88023755000976, "params": {"C": 196.0752656276207, "epsilon": 34.60130580551988, "gamma": 0.012166049856577332, "lamda": 0.06359345958575777}, "datetime": {"datetime": "2021-10-06 09:31:57", "elapsed": 215.032123, "delta": 1.081733}}
{"target": -33.08331422457314, "params": {"C": 356.6733581801642, "epsilon": 32.02596234341712, "gamma": 0.014378584427568829, "lamda": 0.03668788464240676}, "datetime": {"datetime": "2021-10-06 09:31:59", "elapsed": 216.82506, "delta": 1.792937}}
{"target": -32.95223293498563, "params": {"C": 283.54425442958745, "epsilon": 36.65477090597798, "gamma": 0.01955017121065157, "lamda": 0.03951903162422225}, "datetime": {"datetime": "2021-10-06 09:32:00", "elapsed": 217.935124, "delta": 1.110064}}
{"target": -32.96434498827506, "params": {"C": 274.56669949839113, "epsilon": 32.93258513126135, "gamma": 0.013800971265066955, "lamda": 0.059260204664910866}, "datetime": {"datetime": "2021-10-06 09:32:01", "elapsed": 219.157337, "delta": 1.222213}}
{"target": -32.86405099540011, "params": {"C": 161.8824447601129, "epsilon": 38.513656420456336, "gamma": 0.008544260285257005, "lamda": 0.0411425437347972}, "datetime": {"datetime": "2021-10-06 09:32:02", "elapsed": 220.313429, "delta": 1.156092}}
{"target": -32.93420584678458, "params": {"C": 271.66398152766146, "epsilon": 38.24135965245801, "gamma": 0.013248316008344592, "lamda": 0.04408511774385067}, "datetime": {"datetime": "2021-10-06 09:32:03", "elapsed": 221.559609, "delta": 1.24618}}
{"target": -32.94465044248607, "params": {"C": 280.1662150878557, "epsilon": 37.64038954486831, "gamma": 0.013334166915130147, "lamda": 0.07556910095074697}, "datetime": {"datetime": "2021-10-06 09:32:05", "elapsed": 222.731734, "delta": 1.172125}}
{"target": -32.94247253129642, "params": {"C": 214.39130413420622, "epsilon": 35.40230682799984, "gamma": 0.016290090503058074, "lamda": 0.06295634529996891}, "datetime": {"datetime": "2021-10-06 09:32:06", "elapsed": 223.969567, "delta": 1.237833}}
{"target": -32.94024963535351, "params": {"C": 307.57081983385575, "epsilon": 37.60106958385242, "gamma": 0.01925624030691537, "lamda": 0.03723882540576336}, "datetime": {"datetime": "2021-10-06 09:32:07", "elapsed": 225.204227, "delta": 1.23466}}
{"target": -32.93852873265257, "params": {"C": 154.13905265893573, "epsilon": 36.81354063108123, "gamma": 0.015510670591582672, "lamda": 0.07171941712024099}, "datetime": {"datetime": "2021-10-06 09:32:08", "elapsed": 226.482169, "delta": 1.277942}}
{"target": -32.91380578154224, "params": {"C": 89.19547632142724, "epsilon": 36.79638586122619, "gamma": 0.015051538660773484, "lamda": 0.057022265310827006}, "datetime": {"datetime": "2021-10-06 09:32:10", "elapsed": 227.692011, "delta": 1.209842}}
{"target": -32.87043427384814, "params": {"C": 84.10647110434628, "epsilon": 36.318501438505905, "gamma": 0.009425547178597922, "lamda": 0.07950016123294058}, "datetime": {"datetime": "2021-10-06 09:32:11", "elapsed": 228.907961, "delta": 1.21595}}
{"target": -32.857171442648884, "params": {"C": 268.4403098830812, "epsilon": 38.81269100416741, "gamma": 0.009073389651346665, "lamda": 0.04923994970005716}, "datetime": {"datetime": "2021-10-06 09:32:12", "elapsed": 230.04917, "delta": 1.141209}}
{"target": -32.839657248590875, "params": {"C": 198.97276867798132, "epsilon": 36.65842482965289, "gamma": 0.008189010515434131, "lamda": 0.04084881016298357}, "datetime": {"datetime": "2021-10-06 09:32:13", "elapsed": 231.32133, "delta": 1.27216}}
{"target": -32.86192276783726, "params": {"C": 131.12463054304868, "epsilon": 34.40799383849026, "gamma": 0.005645187657963277, "lamda": 0.04705978528630882}, "datetime": {"datetime": "2021-10-06 09:32:15", "elapsed": 232.994674, "delta": 1.673344}}
{"target": -32.86697720011828, "params": {"C": 192.4155976786967, "epsilon": 38.917887450849555, "gamma": 0.009458778143478327, "lamda": 0.05497535216688529}, "datetime": {"datetime": "2021-10-06 09:32:16", "elapsed": 234.223321, "delta": 1.228647}}
{"target": -33.084798820168594, "params": {"C": 330.6720819874299, "epsilon": 36.83713966409755, "gamma": 0.0063032734461780735, "lamda": 0.07793849354087984}, "datetime": {"datetime": "2021-10-06 09:32:17", "elapsed": 235.497679, "delta": 1.274358}}
{"target": -32.91143768536454, "params": {"C": 288.41280197796755, "epsilon": 37.308742137270926, "gamma": 0.014413843513284013, "lamda": 0.054369543784643024}, "datetime": {"datetime": "2021-10-06 09:32:19", "elapsed": 236.800489, "delta": 1.30281}}
{"target": -32.983894672829805, "params": {"C": 181.52766247697122, "epsilon": 34.66210974460154, "gamma": 0.018056084036933186, "lamda": 0.05422974997278411}, "datetime": {"datetime": "2021-10-06 09:32:20", "elapsed": 238.177663, "delta": 1.377174}}
{"target": -32.91813931288471, "params": {"C": 304.01772496663244, "epsilon": 35.835997605834734, "gamma": 0.014195741423126192, "lamda": 0.048956131069225944}, "datetime": {"datetime": "2021-10-06 09:32:22", "elapsed": 239.813379, "delta": 1.635716}}
{"target": -32.99580460307159, "params": {"C": 64.18328739385946, "epsilon": 38.08094537214518, "gamma": 0.019846458519237137, "lamda": 0.035132220424647906}, "datetime": {"datetime": "2021-10-06 09:32:23", "elapsed": 241.019296, "delta": 1.205917}}
{"target": -32.891632991983116, "params": {"C": 330.6330697050952, "epsilon": 37.61457137188215, "gamma": 0.009466867117557239, "lamda": 0.07795679361456136}, "datetime": {"datetime": "2021-10-06 09:32:25", "elapsed": 242.823865, "delta": 1.804569}}
{"target": -32.85649294296142, "params": {"C": 379.1319940056656, "epsilon": 34.393078114183346, "gamma": 0.011225348697439897, "lamda": 0.059667934277408}, "datetime": {"datetime": "2021-10-06 09:32:26", "elapsed": 243.972208, "delta": 1.148343}}
{"target": -33.01263349591817, "params": {"C": 207.4815763873129, "epsilon": 38.88812205949879, "gamma": 0.01642721895160318, "lamda": 0.0639102195285729}, "datetime": {"datetime": "2021-10-06 09:32:28", "elapsed": 245.692253, "delta": 1.720045}}
{"target": -32.928679996276806, "params": {"C": 86.76792899904228, "epsilon": 35.09133295277743, "gamma": 0.014223065424140658, "lamda": 0.04995274739545522}, "datetime": {"datetime": "2021-10-06 09:32:29", "elapsed": 246.932094, "delta": 1.239841}}
{"target": -32.86255077398769, "params": {"C": 367.0604574944636, "epsilon": 33.18746696450217, "gamma": 0.009910768769319176, "lamda": 0.05556949420959729}, "datetime": {"datetime": "2021-10-06 09:32:30", "elapsed": 248.181836, "delta": 1.249742}}
{"target": -32.88258492536744, "params": {"C": 102.7553646871685, "epsilon": 38.62643322820327, "gamma": 0.007953404684722108, "lamda": 0.061538059166147095}, "datetime": {"datetime": "2021-10-06 09:32:32", "elapsed": 249.906493, "delta": 1.724657}}
{"target": -32.84677204291116, "params": {"C": 355.5115039980182, "epsilon": 37.670385568301654, "gamma": 0.009136129897114037, "lamda": 0.048867554604246195}, "datetime": {"datetime": "2021-10-06 09:32:34", "elapsed": 251.719836, "delta": 1.813343}}
{"target": -32.97013614044245, "params": {"C": 257.5594317705742, "epsilon": 38.42989722772243, "gamma": 0.013890891334412275, "lamda": 0.06416280456220053}, "datetime": {"datetime": "2021-10-06 09:32:35", "elapsed": 252.993356, "delta": 1.27352}}
{"target": -32.909918877757235, "params": {"C": 311.8087602390122, "epsilon": 35.19733972109961, "gamma": 0.014252369736021998, "lamda": 0.06848718593445477}, "datetime": {"datetime": "2021-10-06 09:32:36", "elapsed": 254.266023, "delta": 1.272667}}
{"target": -33.04104754704954, "params": {"C": 247.0149906356594, "epsilon": 38.13804660872455, "gamma": 0.006473514266813243, "lamda": 0.06459948901982032}, "datetime": {"datetime": "2021-10-06 09:32:38", "elapsed": 256.02123, "delta": 1.755207}}
{"target": -32.901095408340645, "params": {"C": 49.61405747140699, "epsilon": 35.88533697200101, "gamma": 0.012210750361467657, "lamda": 0.0601672042197087}, "datetime": {"datetime": "2021-10-06 09:32:39", "elapsed": 257.347465, "delta": 1.326235}}
{"target": -32.893943904728005, "params": {"C": 278.76135535519984, "epsilon": 37.1203485997991, "gamma": 0.012917610515901503, "lamda": 0.06357034396936462}, "datetime": {"datetime": "2021-10-06 09:32:41", "elapsed": 258.684451, "delta": 1.336986}}
{"target": -33.01922214003225, "params": {"C": 174.8685203716188, "epsilon": 32.19787400387979, "gamma": 0.01583639954035541, "lamda": 0.05079992382759494}, "datetime": {"datetime": "2021-10-06 09:32:42", "elapsed": 259.974704, "delta": 1.290253}}
{"target": -33.00060489071578, "params": {"C": 231.83118861189317, "epsilon": 38.31195309837079, "gamma": 0.01960946162901583, "lamda": 0.06836631287966174}, "datetime": {"datetime": "2021-10-06 09:32:43", "elapsed": 261.347429, "delta": 1.372725}}
