{"target": -34.843266398378475, "params": {"C": 120.32985646757365, "epsilon": 25.716803145909708, "gamma": 0.055145548501724165, "lamda": 0.010101451071716458}, "datetime": {"datetime": "2021-10-05 14:32:29", "elapsed": 704.650758, "delta": 4.594624}}
{"target": -38.53276563943106, "params": {"C": 194.07309025958128, "epsilon": 29.033859255941124, "gamma": 0.04565427731163913, "lamda": 0.3346232751961139}, "datetime": {"datetime": "2021-10-05 14:32:36", "elapsed": 710.693799, "delta": 6.043041}}
{"target": -53.17568025016883, "params": {"C": 121.06594091416846, "epsilon": 15.609278526882703, "gamma": 0.2166368745019578, "lamda": 0.3626281992413185}, "datetime": {"datetime": "2021-10-05 14:32:38", "elapsed": 712.76048, "delta": 2.066681}}
{"target": -42.943067312801205, "params": {"C": 121.05778477419295, "epsilon": 25.769568457622885, "gamma": 0.17453570719913314, "lamda": 0.2575332082934789}, "datetime": {"datetime": "2021-10-05 14:32:42", "elapsed": 717.516287, "delta": 4.755807}}
{"target": -35.64015550710152, "params": {"C": 193.44086111929914, "epsilon": 28.79953247488371, "gamma": 0.11348631920338023, "lamda": 0.07844959261461751}, "datetime": {"datetime": "2021-10-05 14:32:47", "elapsed": 721.979749, "delta": 4.463462}}
{"target": -33.540576229678, "params": {"C": 193.92721988945098, "epsilon": 29.6390704274959, "gamma": 0.04547039119009117, "lamda": 0.06886318557800623}, "datetime": {"datetime": "2021-10-05 14:32:53", "elapsed": 728.368469, "delta": 6.38872}}
{"target": -43.20633490283631, "params": {"C": 130.75672009995745, "epsilon": 9.638236830561917, "gamma": 0.08909272103580622, "lamda": 0.20967585309340786}, "datetime": {"datetime": "2021-10-05 14:32:55", "elapsed": 730.498147, "delta": 2.129678}}
{"target": -44.39843096672844, "params": {"C": 4.857002173831749, "epsilon": 24.834330846282118, "gamma": 0.25661285730363353, "lamda": 0.09406762603261169}, "datetime": {"datetime": "2021-10-05 14:32:57", "elapsed": 732.548234, "delta": 2.050087}}
{"target": -48.60665584882532, "params": {"C": 90.63112413765711, "epsilon": 21.364029024084523, "gamma": 0.30707693348132653, "lamda": 0.258033342558413}, "datetime": {"datetime": "2021-10-05 14:33:00", "elapsed": 734.781045, "delta": 2.232811}}
{"target": -35.949663946933214, "params": {"C": 194.5753931201167, "epsilon": 29.98706402372663, "gamma": 0.07692263628038924, "lamda": 0.19137288417401893}, "datetime": {"datetime": "2021-10-05 14:33:05", "elapsed": 740.364153, "delta": 5.583108}}
{"target": -45.8335615502968, "params": {"C": 194.03369294134546, "epsilon": 29.71497998831325, "gamma": 0.3867237104447179, "lamda": 0.20948529821164116}, "datetime": {"datetime": "2021-10-05 14:33:11", "elapsed": 745.997022, "delta": 5.632869}}
{"target": -41.60609546797478, "params": {"C": 187.61905828690928, "epsilon": 15.551257716494298, "gamma": 0.12624932188793855, "lamda": 0.18078023605975066}, "datetime": {"datetime": "2021-10-05 14:33:17", "elapsed": 752.619332, "delta": 6.62231}}
{"target": -42.74328625634916, "params": {"C": 45.140995598419, "epsilon": 20.147230812057042, "gamma": 0.18877449931348084, "lamda": 0.1805989400931812}, "datetime": {"datetime": "2021-10-05 14:33:23", "elapsed": 758.472627, "delta": 5.853295}}
{"target": -38.11086475572542, "params": {"C": 192.86644286961243, "epsilon": 28.90425289470201, "gamma": 0.11049708261964862, "lamda": 0.20982603630611124}, "datetime": {"datetime": "2021-10-05 14:33:28", "elapsed": 763.168189, "delta": 4.695562}}
{"target": -53.03089874317386, "params": {"C": 169.00772437062716, "epsilon": 20.921053389670814, "gamma": 0.28759083658050594, "lamda": 0.39710434856593635}, "datetime": {"datetime": "2021-10-05 14:33:34", "elapsed": 768.973543, "delta": 5.805354}}
{"target": -43.53621377162545, "params": {"C": 94.24676302262485, "epsilon": 13.869591466719871, "gamma": 0.3014974901543464, "lamda": 0.04694200495190655}, "datetime": {"datetime": "2021-10-05 14:33:36", "elapsed": 771.190194, "delta": 2.216651}}
{"target": -48.67944794107152, "params": {"C": 193.302335130792, "epsilon": 28.74105225851114, "gamma": 0.3709464296884872, "lamda": 0.37403360456992457}, "datetime": {"datetime": "2021-10-05 14:33:41", "elapsed": 776.052169, "delta": 4.861975}}
{"target": -33.37744101073759, "params": {"C": 192.41738947815657, "epsilon": 28.67190616648724, "gamma": 0.0042368992611659904, "lamda": 0.010563530541638116}, "datetime": {"datetime": "2021-10-05 14:33:47", "elapsed": 782.596998, "delta": 6.544829}}
{"target": -40.68615418611188, "params": {"C": 192.4117526240269, "epsilon": 28.335268317420187, "gamma": 0.05565318272499176, "lamda": 0.37762798476284526}, "datetime": {"datetime": "2021-10-05 14:33:52", "elapsed": 787.571177, "delta": 4.974179}}
{"target": -36.39641608755352, "params": {"C": 187.78721047068754, "epsilon": 29.728794407602585, "gamma": 0.012144061406761282, "lamda": 0.2942427413813934}, "datetime": {"datetime": "2021-10-05 14:34:00", "elapsed": 795.110133, "delta": 7.538956}}
{"target": -35.97343918375179, "params": {"C": 192.7595686424889, "epsilon": 28.484748222717606, "gamma": 0.12377492326759411, "lamda": 0.06605128618843863}, "datetime": {"datetime": "2021-10-05 14:34:06", "elapsed": 800.804874, "delta": 5.694741}}
{"target": -43.54545011516962, "params": {"C": 2.2799761743109626, "epsilon": 20.185067470777934, "gamma": 0.09070115718537347, "lamda": 0.09156043382262577}, "datetime": {"datetime": "2021-10-05 14:34:08", "elapsed": 803.17896, "delta": 2.374086}}
{"target": -37.08804727533735, "params": {"C": 59.17018078838637, "epsilon": 24.27040043511072, "gamma": 0.13207161661626024, "lamda": 0.03297687045991785}, "datetime": {"datetime": "2021-10-05 14:34:13", "elapsed": 807.986411, "delta": 4.807451}}
{"target": -39.55727394816286, "params": {"C": 46.01682214133045, "epsilon": 19.850269493360653, "gamma": 0.06717614539070685, "lamda": 0.22993799998874265}, "datetime": {"datetime": "2021-10-05 14:34:18", "elapsed": 812.71496, "delta": 4.728549}}
{"target": -52.29392723088423, "params": {"C": 190.43677067240182, "epsilon": 21.45518940504461, "gamma": 0.3861961188988687, "lamda": 0.3447658974419917}, "datetime": {"datetime": "2021-10-05 14:34:19", "elapsed": 814.636592, "delta": 1.921632}}
{"target": -41.03600254277586, "params": {"C": 175.94550673066541, "epsilon": 22.021251255773514, "gamma": 0.2009310483132758, "lamda": 0.128500314191438}, "datetime": {"datetime": "2021-10-05 14:34:22", "elapsed": 817.08476, "delta": 2.448168}}
{"target": -43.21496141862632, "params": {"C": 161.6033227393945, "epsilon": 19.768672029538788, "gamma": 0.17050138593371125, "lamda": 0.21085320943699756}, "datetime": {"datetime": "2021-10-05 14:34:24", "elapsed": 819.157634, "delta": 2.072874}}
{"target": -38.2215466442162, "params": {"C": 41.73054191551794, "epsilon": 26.508195039348024, "gamma": 0.03927641858786778, "lamda": 0.2982316320572257}, "datetime": {"datetime": "2021-10-05 14:34:26", "elapsed": 821.288276, "delta": 2.130642}}
{"target": -39.24492752278113, "params": {"C": 191.97197453500638, "epsilon": 28.722695613045868, "gamma": 0.14523767652668967, "lamda": 0.19045137798090442}, "datetime": {"datetime": "2021-10-05 14:34:34", "elapsed": 828.753744, "delta": 7.465468}}
{"target": -37.99945903537062, "params": {"C": 59.58828351638169, "epsilon": 22.352267390848066, "gamma": 0.14645915789826444, "lamda": 0.02395275222623337}, "datetime": {"datetime": "2021-10-05 14:34:41", "elapsed": 835.862707, "delta": 7.108963}}
{"target": -40.32941373354249, "params": {"C": 59.43576968366852, "epsilon": 24.720633816435008, "gamma": 0.19156069613278956, "lamda": 0.1345594541456147}, "datetime": {"datetime": "2021-10-05 14:34:47", "elapsed": 842.231258, "delta": 6.368551}}
{"target": -39.201574050309, "params": {"C": 39.86614431974138, "epsilon": 27.389292597713908, "gamma": 0.04139553774388093, "lamda": 0.34283399813161664}, "datetime": {"datetime": "2021-10-05 14:34:49", "elapsed": 844.671274, "delta": 2.440016}}
{"target": -52.342928495806696, "params": {"C": 46.25140354401476, "epsilon": 20.27724866663339, "gamma": 0.2449882323394631, "lamda": 0.3879482789436466}, "datetime": {"datetime": "2021-10-05 14:34:53", "elapsed": 848.652448, "delta": 3.981174}}
{"target": -34.2917643202975, "params": {"C": 195.16733213481967, "epsilon": 29.8128173426883, "gamma": 0.0684628671622459, "lamda": 0.1116913591962531}, "datetime": {"datetime": "2021-10-05 14:35:02", "elapsed": 856.863295, "delta": 8.210847}}
{"target": -52.44058197000578, "params": {"C": 59.20309650688599, "epsilon": 23.66604091455694, "gamma": 0.0001, "lamda": 0.35428194666601376}, "datetime": {"datetime": "2021-10-05 14:35:07", "elapsed": 862.608672, "delta": 5.745377}}
{"target": -56.28035337784185, "params": {"C": 189.26137648156904, "epsilon": 3.8811511544404467, "gamma": 0.346045152101186, "lamda": 0.25408396234759134}, "datetime": {"datetime": "2021-10-05 14:35:09", "elapsed": 864.589102, "delta": 1.98043}}
{"target": -48.65930182296214, "params": {"C": 195.11490519283032, "epsilon": 29.46299895148453, "gamma": 0.38890302644918306, "lamda": 0.3822210201018934}, "datetime": {"datetime": "2021-10-05 14:35:16", "elapsed": 870.945582, "delta": 6.35648}}
{"target": -40.03186097502709, "params": {"C": 192.2822134225595, "epsilon": 29.337669111156252, "gamma": 0.164378934979697, "lamda": 0.19804205960182578}, "datetime": {"datetime": "2021-10-05 14:35:21", "elapsed": 876.028516, "delta": 5.082934}}
{"target": -37.06916595211713, "params": {"C": 194.34434436993726, "epsilon": 29.58038025622685, "gamma": 0.15752101864278076, "lamda": 0.03771571155636626}, "datetime": {"datetime": "2021-10-05 14:35:28", "elapsed": 883.337007, "delta": 7.308491}}
{"target": -42.825596131373096, "params": {"C": 109.16530115694319, "epsilon": 5.037501399112129, "gamma": 0.14030855735623649, "lamda": 0.05174363802061888}, "datetime": {"datetime": "2021-10-05 14:35:30", "elapsed": 885.514194, "delta": 2.177187}}
{"target": -40.69197694219325, "params": {"C": 195.3473501905986, "epsilon": 29.98130127894562, "gamma": 0.1918870188235116, "lamda": 0.0037200192878609948}, "datetime": {"datetime": "2021-10-05 14:35:37", "elapsed": 892.277347, "delta": 6.763153}}
{"target": -38.4998369179889, "params": {"C": 179.49878073145283, "epsilon": 28.27100883097007, "gamma": 0.18117537894025249, "lamda": 0.020633309797357065}, "datetime": {"datetime": "2021-10-05 14:35:39", "elapsed": 894.447401, "delta": 2.170054}}
{"target": -40.77101300022102, "params": {"C": 119.98042450127559, "epsilon": 25.600693236430143, "gamma": 0.018449588184414834, "lamda": 0.38575473271885435}, "datetime": {"datetime": "2021-10-05 14:35:45", "elapsed": 899.804069, "delta": 5.356668}}
{"target": -43.004554516082464, "params": {"C": 35.60134959340629, "epsilon": 26.927908950178484, "gamma": 0.0001, "lamda": 0.0001}, "datetime": {"datetime": "2021-10-05 14:35:51", "elapsed": 906.247245, "delta": 6.443176}}
{"target": -50.35175293688569, "params": {"C": 42.51594005698912, "epsilon": 12.872426906535665, "gamma": 0.19420347558262405, "lamda": 0.2836307376207843}, "datetime": {"datetime": "2021-10-05 14:35:53", "elapsed": 908.296228, "delta": 2.048983}}
{"target": -44.075135937631664, "params": {"C": 192.50295610402873, "epsilon": 28.714514911931527, "gamma": 0.3886825844078049, "lamda": 0.10399436875198301}, "datetime": {"datetime": "2021-10-05 14:36:00", "elapsed": 915.040888, "delta": 6.74466}}
{"target": -39.713623924843226, "params": {"C": 113.00318644495111, "epsilon": 5.52695329113431, "gamma": 0.05037506086383836, "lamda": 0.10663861913990472}, "datetime": {"datetime": "2021-10-05 14:36:02", "elapsed": 917.064078, "delta": 2.02319}}
{"target": -41.64431925116364, "params": {"C": 179.9936045453422, "epsilon": 27.964685333044276, "gamma": 0.36623596797468555, "lamda": 0.01028964641902013}, "datetime": {"datetime": "2021-10-05 14:36:08", "elapsed": 922.902779, "delta": 5.838701}}
{"target": -47.710788022518244, "params": {"C": 179.37371123025304, "epsilon": 16.300860660855353, "gamma": 0.046637357528095766, "lamda": 0.3974701324377916}, "datetime": {"datetime": "2021-10-05 14:36:16", "elapsed": 930.704688, "delta": 7.801909}}
{"target": -46.00015751942603, "params": {"C": 179.70547897073828, "epsilon": 16.449636181618324, "gamma": 0.0002725528718947594, "lamda": 0.1327732819834069}, "datetime": {"datetime": "2021-10-05 14:36:18", "elapsed": 933.01203, "delta": 2.307342}}
{"target": -33.80362023009664, "params": {"C": 193.6179908213947, "epsilon": 28.901852301793117, "gamma": 0.05515929506327895, "lamda": 0.06383705824693689}, "datetime": {"datetime": "2021-10-05 14:36:22", "elapsed": 937.339558, "delta": 4.327528}}
{"target": -42.49348331406183, "params": {"C": 68.84167218641144, "epsilon": 19.95447334252728, "gamma": 0.0001, "lamda": 0.0001}, "datetime": {"datetime": "2021-10-05 14:36:28", "elapsed": 942.80599, "delta": 5.466432}}
{"target": -34.60847819639003, "params": {"C": 59.56318482064118, "epsilon": 23.952739105157956, "gamma": 0.04666990609619415, "lamda": 0.009293017732992305}, "datetime": {"datetime": "2021-10-05 14:36:32", "elapsed": 947.628579, "delta": 4.822589}}
{"target": -35.10660898518502, "params": {"C": 194.8918365390512, "epsilon": 29.86081393139943, "gamma": 0.045798404267583845, "lamda": 0.0037133265182235286}, "datetime": {"datetime": "2021-10-05 14:36:36", "elapsed": 951.542799, "delta": 3.91422}}
{"target": -39.745821530262845, "params": {"C": 120.06348065700841, "epsilon": 25.450874688439615, "gamma": 0.22964865142934887, "lamda": 0.05413093917644554}, "datetime": {"datetime": "2021-10-05 14:36:41", "elapsed": 956.561618, "delta": 5.018819}}
{"target": -42.0251818188884, "params": {"C": 173.98668317768193, "epsilon": 12.554640284090887, "gamma": 0.06870960313619656, "lamda": 0.2287877824072013}, "datetime": {"datetime": "2021-10-05 14:36:43", "elapsed": 958.668685, "delta": 2.107067}}
{"target": -66.75547425463579, "params": {"C": 2.8771734373109616, "epsilon": 5.938537732296637, "gamma": 0.31380225271276635, "lamda": 0.319378175973345}, "datetime": {"datetime": "2021-10-05 14:36:46", "elapsed": 961.094854, "delta": 2.426169}}
{"target": -43.02409092451321, "params": {"C": 162.01927451497735, "epsilon": 16.147262178544036, "gamma": 0.12500098700145817, "lamda": 0.22496181508452393}, "datetime": {"datetime": "2021-10-05 14:36:48", "elapsed": 963.203887, "delta": 2.109033}}
{"target": -38.706118333296175, "params": {"C": 160.02969239254224, "epsilon": 27.511924606839386, "gamma": 0.20535788004354497, "lamda": 0.041446574948839444}, "datetime": {"datetime": "2021-10-05 14:36:53", "elapsed": 968.252239, "delta": 5.048352}}
{"target": -42.83099008974078, "params": {"C": 180.56913535842705, "epsilon": 17.249217959033146, "gamma": 0.2508539114208538, "lamda": 0.09948455928772232}, "datetime": {"datetime": "2021-10-05 14:36:55", "elapsed": 970.557208, "delta": 2.304969}}
{"target": -35.494193544328986, "params": {"C": 169.8956106327299, "epsilon": 28.9770912650493, "gamma": 0.0001, "lamda": 0.0001}, "datetime": {"datetime": "2021-10-05 14:37:02", "elapsed": 977.65294, "delta": 7.095732}}
{"target": -35.145268775438396, "params": {"C": 35.41293031252512, "epsilon": 27.458017531632155, "gamma": 0.09485046650168957, "lamda": 0.05667214003923389}, "datetime": {"datetime": "2021-10-05 14:37:07", "elapsed": 982.221271, "delta": 4.568331}}
{"target": -35.34704029331989, "params": {"C": 196.1115252983067, "epsilon": 17.864612576551256, "gamma": 0.011702830507766509, "lamda": 0.11036906842666246}, "datetime": {"datetime": "2021-10-05 14:37:09", "elapsed": 984.25792, "delta": 2.036649}}
{"target": -38.75715328216736, "params": {"C": 119.81858090550975, "epsilon": 21.757182023667095, "gamma": 0.14306629712213734, "lamda": 0.016885667426477693}, "datetime": {"datetime": "2021-10-05 14:37:11", "elapsed": 986.674199, "delta": 2.416279}}
{"target": -39.91001767033845, "params": {"C": 42.36537670101297, "epsilon": 27.074994710266342, "gamma": 0.04853614397730121, "lamda": 0.347103596374673}, "datetime": {"datetime": "2021-10-05 14:37:17", "elapsed": 992.532981, "delta": 5.858782}}
{"target": -42.692270322183, "params": {"C": 59.52097265559027, "epsilon": 24.224156023790645, "gamma": 0.3260411333222378, "lamda": 0.0711910498706389}, "datetime": {"datetime": "2021-10-05 14:37:23", "elapsed": 997.971643, "delta": 5.438662}}
{"target": -37.51244715541058, "params": {"C": 170.25770840601146, "epsilon": 29.32950813105353, "gamma": 0.17050467684707266, "lamda": 0.03638078298739766}, "datetime": {"datetime": "2021-10-05 14:37:30", "elapsed": 1005.345114, "delta": 7.373471}}
{"target": -34.20384705130581, "params": {"C": 192.32885334173696, "epsilon": 28.425280711308016, "gamma": 0.0008657200696573986, "lamda": 0.030913808258869645}, "datetime": {"datetime": "2021-10-05 14:37:35", "elapsed": 1010.356341, "delta": 5.011227}}
{"target": -49.7012892905383, "params": {"C": 75.36245844571947, "epsilon": 23.179706206765868, "gamma": 0.3805641332455365, "lamda": 0.2802983205077084}, "datetime": {"datetime": "2021-10-05 14:37:37", "elapsed": 1012.654199, "delta": 2.297858}}
{"target": -42.78314219182517, "params": {"C": 39.51080258452969, "epsilon": 26.526265734370718, "gamma": 0.0001, "lamda": 0.0001}, "datetime": {"datetime": "2021-10-05 14:37:43", "elapsed": 1018.408418, "delta": 5.754219}}
{"target": -37.12734252372094, "params": {"C": 83.2688000267426, "epsilon": 28.681692388786285, "gamma": 0.04056597494855807, "lamda": 0.28441399019759517}, "datetime": {"datetime": "2021-10-05 14:37:45", "elapsed": 1020.574195, "delta": 2.165777}}
{"target": -44.59867522484689, "params": {"C": 62.2429107193911, "epsilon": 22.419403253981933, "gamma": 0.261882552329422, "lamda": 0.18416908862073278}, "datetime": {"datetime": "2021-10-05 14:37:48", "elapsed": 1022.87913, "delta": 2.304935}}
{"target": -35.39442507965539, "params": {"C": 179.3804526444943, "epsilon": 16.660108020261287, "gamma": 0.032925693880991494, "lamda": 0.09689132310058346}, "datetime": {"datetime": "2021-10-05 14:37:56", "elapsed": 1030.796109, "delta": 7.916979}}
{"target": -39.347065180333125, "params": {"C": 196.1094915755633, "epsilon": 17.561209883701103, "gamma": 0.12315682208335993, "lamda": 0.13308602179651804}, "datetime": {"datetime": "2021-10-05 14:38:02", "elapsed": 1037.267362, "delta": 6.471253}}
{"target": -43.21562815828826, "params": {"C": 35.382445199579855, "epsilon": 26.289342336130527, "gamma": 0.0001, "lamda": 0.0001}, "datetime": {"datetime": "2021-10-05 14:38:10", "elapsed": 1045.158457, "delta": 7.891095}}
{"target": -33.46132476195772, "params": {"C": 39.91353865081695, "epsilon": 26.27752345125724, "gamma": 0.022622555694407243, "lamda": 0.02112809530664872}, "datetime": {"datetime": "2021-10-05 14:38:16", "elapsed": 1051.649775, "delta": 6.491318}}
{"target": -43.35575713701177, "params": {"C": 179.33039600832873, "epsilon": 16.514832401205545, "gamma": 0.31779925051224767, "lamda": 0.05350360583735857}, "datetime": {"datetime": "2021-10-05 14:38:23", "elapsed": 1058.101011, "delta": 6.451236}}
{"target": -39.26006055986325, "params": {"C": 192.29324055754046, "epsilon": 29.358134925226878, "gamma": 0.14485212771096567, "lamda": 0.19751974484595197}, "datetime": {"datetime": "2021-10-05 14:38:25", "elapsed": 1060.260964, "delta": 2.159953}}
{"target": -41.99063066128673, "params": {"C": 116.74472303329048, "epsilon": 28.48810372954727, "gamma": 0.37195049681230546, "lamda": 0.04340200453308265}, "datetime": {"datetime": "2021-10-05 14:38:28", "elapsed": 1062.734856, "delta": 2.473892}}
{"target": -41.3696819587451, "params": {"C": 35.98942313306634, "epsilon": 17.260169671485848, "gamma": 0.15938729811065613, "lamda": 0.14765805563267587}, "datetime": {"datetime": "2021-10-05 14:38:30", "elapsed": 1065.43077, "delta": 2.695914}}
{"target": -56.632921369559355, "params": {"C": 125.94939187239348, "epsilon": 12.51716662250064, "gamma": 0.2854300512151765, "lamda": 0.34804007786937663}, "datetime": {"datetime": "2021-10-05 14:38:33", "elapsed": 1067.856265, "delta": 2.425495}}
{"target": -35.36848888601142, "params": {"C": 192.5989046465517, "epsilon": 28.24548020808029, "gamma": 0.0001, "lamda": 0.0001}, "datetime": {"datetime": "2021-10-05 14:38:40", "elapsed": 1075.210603, "delta": 7.354338}}
{"target": -38.330776147108374, "params": {"C": 41.75296034430616, "epsilon": 26.931893254895428, "gamma": 0.08259344483480184, "lamda": 0.23767968784175128}, "datetime": {"datetime": "2021-10-05 14:38:46", "elapsed": 1080.746402, "delta": 5.535799}}
{"target": -57.33800822207319, "params": {"C": 124.09318408700153, "epsilon": 4.9303250670809895, "gamma": 0.1855321785037649, "lamda": 0.3445115825045478}, "datetime": {"datetime": "2021-10-05 14:38:48", "elapsed": 1083.370594, "delta": 2.624192}}
{"target": -53.441250253396625, "params": {"C": 34.90203314171856, "epsilon": 9.106354262993985, "gamma": 0.34042298659056397, "lamda": 0.2171500508580546}, "datetime": {"datetime": "2021-10-05 14:38:51", "elapsed": 1085.744278, "delta": 2.373684}}
{"target": -36.12653852793862, "params": {"C": 195.85030734861178, "epsilon": 17.90729270279547, "gamma": 0.02851381673766283, "lamda": 0.14464919737701243}, "datetime": {"datetime": "2021-10-05 14:38:57", "elapsed": 1092.526133, "delta": 6.781855}}
{"target": -43.13796169102543, "params": {"C": 34.82589905052085, "epsilon": 26.707928995794287, "gamma": 0.0001, "lamda": 0.0001}, "datetime": {"datetime": "2021-10-05 14:39:05", "elapsed": 1099.704168, "delta": 7.178035}}
{"target": -45.538790895326365, "params": {"C": 141.6848484456542, "epsilon": 19.003476061628838, "gamma": 0.2970937084498252, "lamda": 0.1463278477921004}, "datetime": {"datetime": "2021-10-05 14:39:07", "elapsed": 1102.025585, "delta": 2.321417}}
{"target": -34.9683921158551, "params": {"C": 170.21261551091487, "epsilon": 29.788399678928812, "gamma": 0.007725919174759226, "lamda": 0.20745694863728814}, "datetime": {"datetime": "2021-10-05 14:39:12", "elapsed": 1107.60062, "delta": 5.575035}}
