{"target": -34.518853552503046, "params": {"C": 169.02083629752724, "epsilon": 33.775545217602854, "gamma": 0.06770545392579295, "lamda": 0.17052420041228017}, "datetime": {"datetime": "2021-10-06 09:06:07", "elapsed": 54.610134, "delta": 0.542177}}
{"target": -34.17052084277514, "params": {"C": 168.3104225694956, "epsilon": 30.88628262902347, "gamma": 0.03089282694856161, "lamda": 0.1869419377000809}, "datetime": {"datetime": "2021-10-06 09:06:08", "elapsed": 55.145006, "delta": 0.534872}}
{"target": -33.45925296707774, "params": {"C": 174.53166908667262, "epsilon": 43.91012416388581, "gamma": 0.03347514608927794, "lamda": 0.16169679756757724}, "datetime": {"datetime": "2021-10-06 09:06:08", "elapsed": 55.578112, "delta": 0.433106}}
{"target": -34.145682311372575, "params": {"C": 174.81278943304065, "epsilon": 35.0042326573303, "gamma": 0.0735029750326238, "lamda": 0.039011481572781434}, "datetime": {"datetime": "2021-10-06 09:06:09", "elapsed": 56.297355, "delta": 0.719243}}
{"target": -33.19229114759475, "params": {"C": 176.17779957164052, "epsilon": 41.72239627926693, "gamma": 0.011206915697140373, "lamda": 0.12335254969895648}, "datetime": {"datetime": "2021-10-06 09:06:10", "elapsed": 56.776433, "delta": 0.479078}}
{"target": -33.79532940195426, "params": {"C": 176.0676775308331, "epsilon": 39.915597334517805, "gamma": 0.06718798642892966, "lamda": 0.11941842166177709}, "datetime": {"datetime": "2021-10-06 09:06:10", "elapsed": 57.31404, "delta": 0.537607}}
{"target": -33.584143669126, "params": {"C": 178.0958621234876, "epsilon": 42.11452307979095, "gamma": 0.0422556919661348, "lamda": 0.18439415258633243}, "datetime": {"datetime": "2021-10-06 09:06:11", "elapsed": 57.967084, "delta": 0.653044}}
{"target": -33.8531438802882, "params": {"C": 178.30240611762977, "epsilon": 39.61955945229876, "gamma": 0.07236122137840194, "lamda": 0.08048984321799438}, "datetime": {"datetime": "2021-10-06 09:06:11", "elapsed": 58.54709, "delta": 0.580006}}
{"target": -33.687863636828084, "params": {"C": 176.7776008598543, "epsilon": 43.38868949167754, "gamma": 0.05221823682724793, "lamda": 0.17337489710079007}, "datetime": {"datetime": "2021-10-06 09:06:12", "elapsed": 59.162353, "delta": 0.615263}}
{"target": -32.97635289393604, "params": {"C": 177.1935026899207, "epsilon": 37.116228866602995, "gamma": 0.016839115830082088, "lamda": 0.09059903152766416}, "datetime": {"datetime": "2021-10-06 09:06:13", "elapsed": 59.871665, "delta": 0.709312}}
{"target": -33.35650079566397, "params": {"C": 179.01526674656012, "epsilon": 36.1223377536336, "gamma": 0.05018535526163574, "lamda": 0.07166543867340074}, "datetime": {"datetime": "2021-10-06 09:06:13", "elapsed": 60.617132, "delta": 0.745467}}
{"target": -33.56747846977884, "params": {"C": 177.37287161574213, "epsilon": 35.13340086805513, "gamma": 0.051855466229228986, "lamda": 0.1166330557330454}, "datetime": {"datetime": "2021-10-06 09:06:14", "elapsed": 61.163918, "delta": 0.546786}}
{"target": -33.73350679321235, "params": {"C": 175.0769170294169, "epsilon": 37.16485726615507, "gamma": 0.040795853640563776, "lamda": 0.18945353788890693}, "datetime": {"datetime": "2021-10-06 09:06:15", "elapsed": 61.670694, "delta": 0.506776}}
{"target": -33.83235004568514, "params": {"C": 180.53804290316555, "epsilon": 37.76431994685282, "gamma": 0.05099186020635331, "lamda": 0.016637434691894656}, "datetime": {"datetime": "2021-10-06 09:06:15", "elapsed": 62.283449, "delta": 0.612755}}
{"target": -33.37327301610485, "params": {"C": 180.1085890283052, "epsilon": 34.07939220002218, "gamma": 0.043631409116806685, "lamda": 0.09780961189775979}, "datetime": {"datetime": "2021-10-06 09:06:16", "elapsed": 63.036161, "delta": 0.752712}}
{"target": -33.76214320186523, "params": {"C": 181.38224960560393, "epsilon": 35.72548011796998, "gamma": 0.0013067004125406536, "lamda": 0.024970800481165335}, "datetime": {"datetime": "2021-10-06 09:06:17", "elapsed": 63.639721, "delta": 0.60356}}
{"target": -34.215556032449506, "params": {"C": 182.16799818191444, "epsilon": 33.12792548269133, "gamma": 0.02969796448882955, "lamda": 0.0028982903684596027}, "datetime": {"datetime": "2021-10-06 09:06:17", "elapsed": 64.53941, "delta": 0.899689}}
{"target": -34.27904443426209, "params": {"C": 178.5876894319549, "epsilon": 32.343117073898725, "gamma": 0.06965272723514745, "lamda": 0.028578588779669296}, "datetime": {"datetime": "2021-10-06 09:06:18", "elapsed": 65.149294, "delta": 0.609884}}
{"target": -34.12752691507562, "params": {"C": 179.60636210015332, "epsilon": 43.95877782638243, "gamma": 0.004544253402546531, "lamda": 0.1574594174483036}, "datetime": {"datetime": "2021-10-06 09:06:19", "elapsed": 65.829336, "delta": 0.680042}}
{"target": -33.391451639366394, "params": {"C": 192.65469781197427, "epsilon": 45.22729980671276, "gamma": 0.019464448382818862, "lamda": 0.15644327784833834}, "datetime": {"datetime": "2021-10-06 09:06:19", "elapsed": 66.482296, "delta": 0.65296}}
{"target": -34.164149658325975, "params": {"C": 193.95155438530378, "epsilon": 46.9084545893778, "gamma": 0.07772173257201827, "lamda": 0.14451989712470936}, "datetime": {"datetime": "2021-10-06 09:06:20", "elapsed": 67.134206, "delta": 0.65191}}
{"target": -34.72747742876775, "params": {"C": 194.63090157483347, "epsilon": 43.90500001492475, "gamma": 0.04315743954582843, "lamda": 0.004601410228481649}, "datetime": {"datetime": "2021-10-06 09:06:21", "elapsed": 67.82153, "delta": 0.687324}}
{"target": -33.80127323358636, "params": {"C": 178.46758369306062, "epsilon": 37.882339800764036, "gamma": 0.0032683667683366334, "lamda": 0.13654987632493473}, "datetime": {"datetime": "2021-10-06 09:06:21", "elapsed": 68.563147, "delta": 0.741617}}
{"target": -33.50227971733329, "params": {"C": 169.78146018374048, "epsilon": 45.202474155327934, "gamma": 0.042957605558844314, "lamda": 0.12420202388742646}, "datetime": {"datetime": "2021-10-06 09:06:22", "elapsed": 69.223128, "delta": 0.659981}}
{"target": -33.87536753088031, "params": {"C": 169.96821216993035, "epsilon": 49.619558160619036, "gamma": 0.018625961975491778, "lamda": 0.1629378171753322}, "datetime": {"datetime": "2021-10-06 09:06:23", "elapsed": 69.897446, "delta": 0.674318}}
{"target": -34.891825498299944, "params": {"C": 167.10982995006182, "epsilon": 49.963915530509055, "gamma": 0.005237543528025549, "lamda": 0.06955277857088263}, "datetime": {"datetime": "2021-10-06 09:06:23", "elapsed": 70.491045, "delta": 0.593599}}
{"target": -33.525788428200215, "params": {"C": 26.001905775971316, "epsilon": 26.39046476841276, "gamma": 0.03587726154632655, "lamda": 0.055427216046872285}, "datetime": {"datetime": "2021-10-06 09:06:24", "elapsed": 71.143058, "delta": 0.652013}}
{"target": -33.47017774810266, "params": {"C": 25.315543735491996, "epsilon": 28.50843643620005, "gamma": 0.018346990780564378, "lamda": 0.007489711625062845}, "datetime": {"datetime": "2021-10-06 09:06:25", "elapsed": 71.976291, "delta": 0.833233}}
{"target": -33.37993311398356, "params": {"C": 23.70906661887049, "epsilon": 27.54687119018214, "gamma": 0.024054250988457804, "lamda": 0.08112561055313}, "datetime": {"datetime": "2021-10-06 09:06:26", "elapsed": 72.632193, "delta": 0.655902}}
{"target": -34.305379748839165, "params": {"C": 23.626068423021994, "epsilon": 25.71222722593875, "gamma": 0.03569878061540367, "lamda": 0.13130464039324066}, "datetime": {"datetime": "2021-10-06 09:06:26", "elapsed": 73.278646, "delta": 0.646453}}
{"target": -33.876566879656245, "params": {"C": 23.29583618728126, "epsilon": 29.70300937563779, "gamma": 0.056633175077224006, "lamda": 0.06859987106017074}, "datetime": {"datetime": "2021-10-06 09:06:27", "elapsed": 73.842061, "delta": 0.563415}}
{"target": -35.32024374781499, "params": {"C": 25.62061658177441, "epsilon": 30.912435091872005, "gamma": 0.07591004263168954, "lamda": 0.1684563334910726}, "datetime": {"datetime": "2021-10-06 09:06:27", "elapsed": 74.463169, "delta": 0.621108}}
{"target": -34.32378887329911, "params": {"C": 21.31849966696884, "epsilon": 28.59643186026664, "gamma": 0.04084349608139153, "lamda": 0.1620967859443966}, "datetime": {"datetime": "2021-10-06 09:06:28", "elapsed": 75.16668, "delta": 0.703511}}
{"target": -34.241580584657235, "params": {"C": 185.7439580408106, "epsilon": 44.80593585278399, "gamma": 0.07471467270487446, "lamda": 0.04543294214494427}, "datetime": {"datetime": "2021-10-06 09:06:29", "elapsed": 75.79654, "delta": 0.62986}}
{"target": -33.00661090263148, "params": {"C": 180.12139601385795, "epsilon": 41.03984477432124, "gamma": 0.016203000643892358, "lamda": 0.01821072182051923}, "datetime": {"datetime": "2021-10-06 09:06:29", "elapsed": 76.616565, "delta": 0.820025}}
{"target": -35.33445070855979, "params": {"C": 181.31055804246523, "epsilon": 39.77818595818523, "gamma": 0.045940453675834894, "lamda": 0.0017291849541965021}, "datetime": {"datetime": "2021-10-06 09:06:30", "elapsed": 77.476872, "delta": 0.860307}}
{"target": -33.91635691821022, "params": {"C": 180.4018834547099, "epsilon": 42.267700200407, "gamma": 0.006363656183622796, "lamda": 0.19914757461494728}, "datetime": {"datetime": "2021-10-06 09:06:31", "elapsed": 78.312406, "delta": 0.835534}}
{"target": -34.325230063167226, "params": {"C": 83.60169024771022, "epsilon": 49.79727563147663, "gamma": 0.04967604245426818, "lamda": 0.04235106302578361}, "datetime": {"datetime": "2021-10-06 09:06:32", "elapsed": 78.938329, "delta": 0.625923}}
{"target": -36.318666276485736, "params": {"C": 171.00142027095572, "epsilon": 35.787300414126804, "gamma": 0.07979391901261693, "lamda": 0.004667166781224629}, "datetime": {"datetime": "2021-10-06 09:06:33", "elapsed": 79.667957, "delta": 0.729628}}
{"target": -35.13269722823656, "params": {"C": 170.5513834668569, "epsilon": 33.004380350505144, "gamma": 0.07933583996279954, "lamda": 0.1739452934669327}, "datetime": {"datetime": "2021-10-06 09:06:33", "elapsed": 80.389697, "delta": 0.72174}}
{"target": -33.36192550900196, "params": {"C": 187.03067183764662, "epsilon": 39.561898819349096, "gamma": 0.022933970104703955, "lamda": 0.17535299979982238}, "datetime": {"datetime": "2021-10-06 09:06:34", "elapsed": 81.025808, "delta": 0.636111}}
{"target": -33.15047691817205, "params": {"C": 88.86508391775826, "epsilon": 41.38883416501752, "gamma": 0.012857317365433512, "lamda": 0.1259664700690179}, "datetime": {"datetime": "2021-10-06 09:06:35", "elapsed": 81.961116, "delta": 0.935308}}
{"target": -34.17396360119088, "params": {"C": 172.81669082853705, "epsilon": 37.34252668425099, "gamma": 0.060484476858471456, "lamda": 0.19148647270559488}, "datetime": {"datetime": "2021-10-06 09:06:36", "elapsed": 82.737726, "delta": 0.77661}}
{"target": -33.192368685844656, "params": {"C": 176.69443945918314, "epsilon": 38.211396942617874, "gamma": 0.008157029117172676, "lamda": 0.009525616462401942}, "datetime": {"datetime": "2021-10-06 09:06:36", "elapsed": 83.43569, "delta": 0.697964}}
{"target": -34.06994863773033, "params": {"C": 188.7236859007383, "epsilon": 49.29056084341798, "gamma": 0.02920174197002187, "lamda": 0.08171671457287397}, "datetime": {"datetime": "2021-10-06 09:06:37", "elapsed": 84.065191, "delta": 0.629501}}
{"target": -34.04660127855393, "params": {"C": 193.73605409877473, "epsilon": 40.96771906375867, "gamma": 0.07073451363495789, "lamda": 0.165339698060348}, "datetime": {"datetime": "2021-10-06 09:06:38", "elapsed": 84.730997, "delta": 0.665806}}
{"target": -33.92158270407655, "params": {"C": 191.64531908859567, "epsilon": 48.97974295215482, "gamma": 0.04798189210054252, "lamda": 0.17523231233043}, "datetime": {"datetime": "2021-10-06 09:06:39", "elapsed": 85.662627, "delta": 0.93163}}
{"target": -33.53401778343745, "params": {"C": 194.2515966870386, "epsilon": 49.56589110888417, "gamma": 0.012245791994069877, "lamda": 0.026136054353631234}, "datetime": {"datetime": "2021-10-06 09:06:39", "elapsed": 86.271521, "delta": 0.608894}}
{"target": -33.88035240068697, "params": {"C": 196.12925749948838, "epsilon": 48.6971261121207, "gamma": 0.046727871384193265, "lamda": 0.0761681581618749}, "datetime": {"datetime": "2021-10-06 09:06:40", "elapsed": 87.039902, "delta": 0.768381}}
{"target": -33.899291217569214, "params": {"C": 175.10326662264507, "epsilon": 42.59745765879322, "gamma": 0.004546832791920853, "lamda": 0.10335710236360533}, "datetime": {"datetime": "2021-10-06 09:06:41", "elapsed": 87.943247, "delta": 0.903345}}
{"target": -34.78660214766447, "params": {"C": 198.5984862415639, "epsilon": 48.50384135565598, "gamma": 0.004757622953698875, "lamda": 0.17893442907515827}, "datetime": {"datetime": "2021-10-06 09:06:42", "elapsed": 88.836354, "delta": 0.893107}}
{"target": -34.09397653101926, "params": {"C": 162.72795790823508, "epsilon": 46.05719455681333, "gamma": 0.07693016880107745, "lamda": 0.13405267620520792}, "datetime": {"datetime": "2021-10-06 09:06:42", "elapsed": 89.562207, "delta": 0.725853}}
{"target": -43.119750508714446, "params": {"C": 185.77121064015694, "epsilon": 49.06723637491782, "gamma": 0.0001, "lamda": 0.2}, "datetime": {"datetime": "2021-10-06 09:06:43", "elapsed": 90.217063, "delta": 0.654856}}
{"target": -33.604596278458054, "params": {"C": 20.942462450219885, "epsilon": 32.38569614478238, "gamma": 0.03912297185577137, "lamda": 0.12945712752261126}, "datetime": {"datetime": "2021-10-06 09:06:44", "elapsed": 90.894426, "delta": 0.677363}}
{"target": -33.151402470032245, "params": {"C": 19.93756400961013, "epsilon": 34.41517408934489, "gamma": 0.02264712781369472, "lamda": 0.0620150918954265}, "datetime": {"datetime": "2021-10-06 09:06:44", "elapsed": 91.614794, "delta": 0.720368}}
{"target": -34.26999694663282, "params": {"C": 18.552325503553373, "epsilon": 33.05403953096547, "gamma": 0.046340480187323306, "lamda": 0.1924343737179796}, "datetime": {"datetime": "2021-10-06 09:06:45", "elapsed": 92.34198, "delta": 0.727186}}
{"target": -33.36888939631016, "params": {"C": 21.921712036905966, "epsilon": 34.535753684012434, "gamma": 0.020519983837056964, "lamda": 0.15819898714824873}, "datetime": {"datetime": "2021-10-06 09:06:46", "elapsed": 93.072631, "delta": 0.730651}}
{"target": -33.432920951154344, "params": {"C": 21.032138880878154, "epsilon": 36.278234879415365, "gamma": 0.01433242708030289, "lamda": 0.012811820750582712}, "datetime": {"datetime": "2021-10-06 09:06:47", "elapsed": 93.914033, "delta": 0.841402}}
{"target": -33.681201108443815, "params": {"C": 18.79802158832205, "epsilon": 35.66313536154112, "gamma": 0.05549446180191461, "lamda": 0.10129689494726037}, "datetime": {"datetime": "2021-10-06 09:06:48", "elapsed": 94.663239, "delta": 0.749206}}
{"target": -35.394002294120796, "params": {"C": 23.274826785030672, "epsilon": 36.29529367899932, "gamma": 0.08, "lamda": 0.0001}, "datetime": {"datetime": "2021-10-06 09:06:49", "elapsed": 95.791221, "delta": 1.127982}}
{"target": -33.52653116698157, "params": {"C": 19.49157567701112, "epsilon": 37.90540196897031, "gamma": 0.03452739133786852, "lamda": 0.17940931176360825}, "datetime": {"datetime": "2021-10-06 09:06:49", "elapsed": 96.471227, "delta": 0.680006}}
{"target": -34.00800414453181, "params": {"C": 18.639481416094295, "epsilon": 39.98836787328985, "gamma": 0.06773364226570446, "lamda": 0.16409712814627653}, "datetime": {"datetime": "2021-10-06 09:06:50", "elapsed": 97.282888, "delta": 0.811661}}
{"target": -33.860456088641726, "params": {"C": 17.1925013656884, "epsilon": 37.66924789427349, "gamma": 0.02023643550291363, "lamda": 0.0001}, "datetime": {"datetime": "2021-10-06 09:06:51", "elapsed": 98.257202, "delta": 0.974314}}
{"target": -33.56081612549507, "params": {"C": 21.292154750583254, "epsilon": 39.79774030537355, "gamma": 0.052360156317167214, "lamda": 0.04317449828576494}, "datetime": {"datetime": "2021-10-06 09:06:52", "elapsed": 99.026508, "delta": 0.769306}}
{"target": -44.20019556086625, "params": {"C": 21.018292931023602, "epsilon": 42.02718804699556, "gamma": 0.0001, "lamda": 0.2}, "datetime": {"datetime": "2021-10-06 09:06:53", "elapsed": 99.905079, "delta": 0.878571}}
{"target": -33.67904766953884, "params": {"C": 22.419017643114493, "epsilon": 38.77055908273927, "gamma": 0.059949393446365615, "lamda": 0.046630041836617515}, "datetime": {"datetime": "2021-10-06 09:06:53", "elapsed": 100.624554, "delta": 0.719475}}
{"target": -34.847703105936034, "params": {"C": 15.33901460054129, "epsilon": 39.772691122466014, "gamma": 0.0012420085494057554, "lamda": 0.07869186895852406}, "datetime": {"datetime": "2021-10-06 09:06:54", "elapsed": 101.486767, "delta": 0.862213}}
{"target": -33.627635853650915, "params": {"C": 15.059780691213637, "epsilon": 35.215383988836166, "gamma": 0.03632312096509674, "lamda": 0.16204316033800079}, "datetime": {"datetime": "2021-10-06 09:06:55", "elapsed": 102.38615, "delta": 0.899383}}
{"target": -33.49130243393447, "params": {"C": 12.746753908039704, "epsilon": 34.39285062736123, "gamma": 0.015988842376367104, "lamda": 0.17741060196105574}, "datetime": {"datetime": "2021-10-06 09:06:56", "elapsed": 103.175656, "delta": 0.789506}}
{"target": -43.859357702791684, "params": {"C": 14.401867028863709, "epsilon": 32.828764045317214, "gamma": 0.0001, "lamda": 0.0001}, "datetime": {"datetime": "2021-10-06 09:06:57", "elapsed": 104.273813, "delta": 1.098157}}
{"target": -33.25938942780171, "params": {"C": 12.769444856912605, "epsilon": 36.139400085628615, "gamma": 0.020074240925840457, "lamda": 0.06357749581756512}, "datetime": {"datetime": "2021-10-06 09:06:58", "elapsed": 104.968392, "delta": 0.694579}}
{"target": -33.38838146867398, "params": {"C": 10.80309687606442, "epsilon": 35.13428387111315, "gamma": 0.006349851002809626, "lamda": 0.059848484450302115}, "datetime": {"datetime": "2021-10-06 09:06:59", "elapsed": 105.876696, "delta": 0.908304}}
{"target": -43.085152711912365, "params": {"C": 10.298732673907324, "epsilon": 37.26621086756542, "gamma": 0.0002785779624280262, "lamda": 0.15736442522380387}, "datetime": {"datetime": "2021-10-06 09:07:00", "elapsed": 106.721716, "delta": 0.84502}}
{"target": -35.74451976811778, "params": {"C": 10.51080821927298, "epsilon": 33.43236847201932, "gamma": 0.08, "lamda": 0.2}, "datetime": {"datetime": "2021-10-06 09:07:01", "elapsed": 107.71292, "delta": 0.991204}}
{"target": -33.23883301941884, "params": {"C": 15.075636390775857, "epsilon": 37.364794194891076, "gamma": 0.01760083244828261, "lamda": 0.1371278893339329}, "datetime": {"datetime": "2021-10-06 09:07:01", "elapsed": 108.537495, "delta": 0.824575}}
{"target": -33.6701143432196, "params": {"C": 34.67488673848804, "epsilon": 27.110036665046763, "gamma": 0.004110740753454443, "lamda": 0.07647514100815199}, "datetime": {"datetime": "2021-10-06 09:07:02", "elapsed": 109.352431, "delta": 0.814936}}
{"target": -34.163998361780564, "params": {"C": 37.20211366770206, "epsilon": 26.79089752660672, "gamma": 0.045176614574746525, "lamda": 0.011054211034498697}, "datetime": {"datetime": "2021-10-06 09:07:03", "elapsed": 110.166651, "delta": 0.81422}}
{"target": -34.177915021991296, "params": {"C": 35.08074667250108, "epsilon": 29.43122652308746, "gamma": 0.031462205244314326, "lamda": 0.17200576319760194}, "datetime": {"datetime": "2021-10-06 09:07:04", "elapsed": 111.103587, "delta": 0.936936}}
{"target": -34.269363268792446, "params": {"C": 35.263324777559625, "epsilon": 25.035246753051325, "gamma": 0.04572725395647972, "lamda": 0.11461773019421671}, "datetime": {"datetime": "2021-10-06 09:07:05", "elapsed": 111.942865, "delta": 0.839278}}
{"target": -33.50912487634204, "params": {"C": 38.57899573494499, "epsilon": 30.068210907844808, "gamma": 0.03472031643785321, "lamda": 0.11879247914390939}, "datetime": {"datetime": "2021-10-06 09:07:06", "elapsed": 112.780752, "delta": 0.837887}}
{"target": -34.38799600884558, "params": {"C": 38.41883783950694, "epsilon": 32.49017271539186, "gamma": 0.0016131136204454472, "lamda": 0.08633750398457478}, "datetime": {"datetime": "2021-10-06 09:07:07", "elapsed": 113.781273, "delta": 1.000521}}
{"target": -34.62063328974587, "params": {"C": 40.51544227064198, "epsilon": 28.962945906267905, "gamma": 0.05106459863304182, "lamda": 0.16523522945350613}, "datetime": {"datetime": "2021-10-06 09:07:08", "elapsed": 114.692141, "delta": 0.910868}}
{"target": -33.68457655343502, "params": {"C": 31.30975148423781, "epsilon": 48.31745932651093, "gamma": 0.02677657965028396, "lamda": 0.19529626368122657}, "datetime": {"datetime": "2021-10-06 09:07:09", "elapsed": 115.748944, "delta": 1.056803}}
{"target": -34.41560427348236, "params": {"C": 31.225256618256164, "epsilon": 45.8915277424002, "gamma": 0.07590238941134103, "lamda": 0.04082138451271605}, "datetime": {"datetime": "2021-10-06 09:07:10", "elapsed": 116.667205, "delta": 0.918261}}
{"target": -33.86191554804804, "params": {"C": 29.163457512008154, "epsilon": 49.25163499265723, "gamma": 0.046398575527191496, "lamda": 0.1102712754402741}, "datetime": {"datetime": "2021-10-06 09:07:10", "elapsed": 117.4876, "delta": 0.820395}}
{"target": -34.022005825625634, "params": {"C": 32.95284132136746, "epsilon": 49.64119767785593, "gamma": 0.01626499344545268, "lamda": 0.13515980837312416}, "datetime": {"datetime": "2021-10-06 09:07:11", "elapsed": 118.304588, "delta": 0.816988}}
{"target": -34.09055284711127, "params": {"C": 27.45658281031276, "epsilon": 46.97793398597604, "gamma": 0.07190582373592125, "lamda": 0.15357243056027736}, "datetime": {"datetime": "2021-10-06 09:07:12", "elapsed": 119.139478, "delta": 0.83489}}
{"target": -33.841682316019245, "params": {"C": 26.424364261033375, "epsilon": 50.0, "gamma": 0.027691002416014403, "lamda": 0.2}, "datetime": {"datetime": "2021-10-06 09:07:13", "elapsed": 120.038595, "delta": 0.899117}}
{"target": -34.844573289177475, "params": {"C": 24.109833839064013, "epsilon": 48.64055087980486, "gamma": 0.005969889525974649, "lamda": 0.0709488030403109}, "datetime": {"datetime": "2021-10-06 09:07:14", "elapsed": 120.99147, "delta": 0.952875}}
