{"target": -42.724871939639755, "params": {"C": 55.857185459042356, "epsilon": 12.395132376553445, "gamma": 0.22731142298943466, "lamda": 0.047942441967720704}, "datetime": {"datetime": "2021-10-05 14:21:19", "elapsed": 34.596453, "delta": 0.467695}}
{"target": -35.90500309295972, "params": {"C": 188.33493795512908, "epsilon": 28.922717835050868, "gamma": 0.12332342943634232, "lamda": 0.05055676682928276}, "datetime": {"datetime": "2021-10-05 14:21:20", "elapsed": 35.16399, "delta": 0.567537}}
{"target": -33.52495662510287, "params": {"C": 188.08931841898806, "epsilon": 29.04304481333253, "gamma": 0.04625431717795118, "lamda": 0.03502895462110681}, "datetime": {"datetime": "2021-10-05 14:21:21", "elapsed": 35.751424, "delta": 0.587434}}
{"target": -45.53913967223676, "params": {"C": 149.29154804905826, "epsilon": 4.422006044760262, "gamma": 0.004414305307364629, "lamda": 0.235927828394106}, "datetime": {"datetime": "2021-10-05 14:21:21", "elapsed": 36.214534, "delta": 0.46311}}
{"target": -48.38470597895093, "params": {"C": 191.08395012331337, "epsilon": 19.3678097678093, "gamma": 0.1833457807151836, "lamda": 0.32616265912974085}, "datetime": {"datetime": "2021-10-05 14:21:22", "elapsed": 36.733872, "delta": 0.519338}}
{"target": -34.35380743530511, "params": {"C": 61.866927475923006, "epsilon": 20.63826283498523, "gamma": 0.014299740557921223, "lamda": 0.0767194859795952}, "datetime": {"datetime": "2021-10-05 14:21:22", "elapsed": 37.232637, "delta": 0.498765}}
{"target": -44.672209017366434, "params": {"C": 71.04601781960352, "epsilon": 28.555602100994165, "gamma": 0.2619487131411333, "lamda": 0.2572174481841296}, "datetime": {"datetime": "2021-10-05 14:21:23", "elapsed": 37.899542, "delta": 0.666905}}
{"target": -40.18848983858674, "params": {"C": 108.90620794469471, "epsilon": 19.182415555190858, "gamma": 0.19925098857877008, "lamda": 0.07315479890675289}, "datetime": {"datetime": "2021-10-05 14:21:23", "elapsed": 38.37317, "delta": 0.473628}}
{"target": -63.87022904007357, "params": {"C": 163.70812688600125, "epsilon": 5.768257039874135, "gamma": 0.3188812818175755, "lamda": 0.38224526851136015}, "datetime": {"datetime": "2021-10-05 14:21:24", "elapsed": 39.007251, "delta": 0.634081}}
{"target": -40.60019732860323, "params": {"C": 144.49465314230312, "epsilon": 27.593084928857095, "gamma": 0.25673524966051986, "lamda": 0.09080873862798386}, "datetime": {"datetime": "2021-10-05 14:21:24", "elapsed": 39.472749, "delta": 0.465498}}
{"target": -37.79748233835602, "params": {"C": 61.990108566354195, "epsilon": 20.59004771276853, "gamma": 0.12841250738624424, "lamda": 0.09123790983975083}, "datetime": {"datetime": "2021-10-05 14:21:25", "elapsed": 39.974445, "delta": 0.501696}}
{"target": -40.757045450528025, "params": {"C": 187.81594698352637, "epsilon": 29.027363886196817, "gamma": 0.07007706324452913, "lamda": 0.36858520385689175}, "datetime": {"datetime": "2021-10-05 14:21:25", "elapsed": 40.632766, "delta": 0.658321}}
{"target": -40.39396984467049, "params": {"C": 61.88255594299875, "epsilon": 21.246314109037996, "gamma": 0.041825968189256726, "lamda": 0.2965785157982259}, "datetime": {"datetime": "2021-10-05 14:21:26", "elapsed": 41.224775, "delta": 0.592009}}
{"target": -40.3904442060822, "params": {"C": 61.32370450098381, "epsilon": 21.340105334461192, "gamma": 0.2199511160182856, "lamda": 0.003725676937122063}, "datetime": {"datetime": "2021-10-05 14:21:27", "elapsed": 41.898419, "delta": 0.673644}}
{"target": -33.870899727714615, "params": {"C": 39.749233884012156, "epsilon": 26.373539916670513, "gamma": 0.0022065420134441942, "lamda": 0.048098195709780085}, "datetime": {"datetime": "2021-10-05 14:21:27", "elapsed": 42.402812, "delta": 0.504393}}
{"target": -56.35344715849081, "params": {"C": 100.05485130217343, "epsilon": 8.35060628637333, "gamma": 0.24905533731076118, "lamda": 0.33030693967966634}, "datetime": {"datetime": "2021-10-05 14:21:28", "elapsed": 42.912738, "delta": 0.509926}}
{"target": -39.639524610315455, "params": {"C": 39.45221667696803, "epsilon": 26.88611608623735, "gamma": 0.2242918306496761, "lamda": 0.017881240757647895}, "datetime": {"datetime": "2021-10-05 14:21:28", "elapsed": 43.500687, "delta": 0.587949}}
{"target": -47.57439358027866, "params": {"C": 30.125212289190586, "epsilon": 3.6278814417828613, "gamma": 0.14285455207657607, "lamda": 0.18232309074545214}, "datetime": {"datetime": "2021-10-05 14:21:29", "elapsed": 44.055221, "delta": 0.554534}}
{"target": -43.344432833692, "params": {"C": 39.83244720199161, "epsilon": 26.3898638502715, "gamma": 0.2856381211995043, "lamda": 0.1496231750142193}, "datetime": {"datetime": "2021-10-05 14:21:30", "elapsed": 44.74915, "delta": 0.693929}}
{"target": -42.65087190782306, "params": {"C": 197.6722146005488, "epsilon": 19.631583263147906, "gamma": 0.04387543414883473, "lamda": 0.33498922341530174}, "datetime": {"datetime": "2021-10-05 14:21:30", "elapsed": 45.3297, "delta": 0.58055}}
{"target": -35.15235439447195, "params": {"C": 175.59273384572776, "epsilon": 27.38161309078833, "gamma": 0.0948042330988043, "lamda": 0.05851275409137256}, "datetime": {"datetime": "2021-10-05 14:21:31", "elapsed": 46.018665, "delta": 0.688965}}
{"target": -50.97537485421769, "params": {"C": 84.460766808705, "epsilon": 10.260574247564719, "gamma": 0.26515578114498717, "lamda": 0.2255807356565354}, "datetime": {"datetime": "2021-10-05 14:21:31", "elapsed": 46.534773, "delta": 0.516108}}
{"target": -40.309235899726794, "params": {"C": 83.96692833553689, "epsilon": 26.486181932760108, "gamma": 0.11223751785297706, "lamda": 0.25944830261333907}, "datetime": {"datetime": "2021-10-05 14:21:32", "elapsed": 47.107871, "delta": 0.573098}}
{"target": -39.425685056961974, "params": {"C": 70.42956316783194, "epsilon": 28.624640819513495, "gamma": 0.23734121253369347, "lamda": 0.03140397708299266}, "datetime": {"datetime": "2021-10-05 14:21:33", "elapsed": 47.750687, "delta": 0.642816}}
{"target": -42.11113412435786, "params": {"C": 37.26309470403145, "epsilon": 14.472812796066982, "gamma": 0.19331987688995306, "lamda": 0.10256436845078715}, "datetime": {"datetime": "2021-10-05 14:21:33", "elapsed": 48.27929, "delta": 0.528603}}
{"target": -44.5450499970406, "params": {"C": 36.42790601038757, "epsilon": 18.34240857639565, "gamma": 0.1739699506960364, "lamda": 0.22917530678935655}, "datetime": {"datetime": "2021-10-05 14:21:34", "elapsed": 48.850216, "delta": 0.570926}}
{"target": -59.7591825838764, "params": {"C": 19.996110917734764, "epsilon": 3.7824178456718367, "gamma": 0.1256224192464584, "lamda": 0.368423068422302}, "datetime": {"datetime": "2021-10-05 14:21:34", "elapsed": 49.449484, "delta": 0.599268}}
{"target": -38.60144819942129, "params": {"C": 175.79762345138658, "epsilon": 27.36563946243517, "gamma": 0.04362354902744214, "lamda": 0.31537462941454697}, "datetime": {"datetime": "2021-10-05 14:21:35", "elapsed": 49.998796, "delta": 0.549312}}
{"target": -39.044662790035076, "params": {"C": 175.32580574705563, "epsilon": 27.49455717990023, "gamma": 0.1578532336999619, "lamda": 0.1536162515060031}, "datetime": {"datetime": "2021-10-05 14:21:35", "elapsed": 50.593854, "delta": 0.595058}}
{"target": -36.73346899034316, "params": {"C": 188.2697648867654, "epsilon": 28.335204580024676, "gamma": 0.13684085502559518, "lamda": 0.03237367079571375}, "datetime": {"datetime": "2021-10-05 14:21:36", "elapsed": 51.363487, "delta": 0.769633}}
{"target": -44.154484368885875, "params": {"C": 154.54509294990547, "epsilon": 15.914235631850541, "gamma": 0.23145750838938006, "lamda": 0.14638952575843514}, "datetime": {"datetime": "2021-10-05 14:21:37", "elapsed": 51.975574, "delta": 0.612087}}
{"target": -36.59945812857408, "params": {"C": 175.382306198896, "epsilon": 26.955384615049812, "gamma": 0.07571838947385547, "lamda": 0.005476382853713756}, "datetime": {"datetime": "2021-10-05 14:21:37", "elapsed": 52.520438, "delta": 0.544864}}
{"target": -34.2326217985096, "params": {"C": 188.4744488760318, "epsilon": 28.55190832807237, "gamma": 0.05774203034733368, "lamda": 0.12915031039161806}, "datetime": {"datetime": "2021-10-05 14:21:38", "elapsed": 53.234076, "delta": 0.713638}}
{"target": -41.07972929996717, "params": {"C": 188.8771114621053, "epsilon": 28.893495525122134, "gamma": 0.3167152075515037, "lamda": 0.05792979040779562}, "datetime": {"datetime": "2021-10-05 14:21:39", "elapsed": 53.973155, "delta": 0.739079}}
{"target": -47.53522488358042, "params": {"C": 70.39015484003113, "epsilon": 28.150806113543265, "gamma": 0.33845247952086194, "lamda": 0.31653227930567657}, "datetime": {"datetime": "2021-10-05 14:21:40", "elapsed": 54.743159, "delta": 0.770004}}
{"target": -42.193063764482105, "params": {"C": 188.42076506694337, "epsilon": 28.49141748501405, "gamma": 0.07915315346085824, "lamda": 0.39730466928117497}, "datetime": {"datetime": "2021-10-05 14:21:40", "elapsed": 55.370929, "delta": 0.62777}}
{"target": -50.17146527476049, "params": {"C": 11.263688251245442, "epsilon": 9.335521426138838, "gamma": 0.1508676068986278, "lamda": 0.22261432529480385}, "datetime": {"datetime": "2021-10-05 14:21:41", "elapsed": 55.913403, "delta": 0.542474}}
{"target": -43.367728090987995, "params": {"C": 79.56550926050714, "epsilon": 19.331832756725447, "gamma": 0.24817729008235506, "lamda": 0.13108812880443788}, "datetime": {"datetime": "2021-10-05 14:21:41", "elapsed": 56.583261, "delta": 0.669858}}
{"target": -41.87908936969754, "params": {"C": 39.76668646388152, "epsilon": 25.851287829853067, "gamma": 0.09034074517039138, "lamda": 0.33002390387028213}, "datetime": {"datetime": "2021-10-05 14:21:42", "elapsed": 57.411212, "delta": 0.827951}}
{"target": -39.05606823708148, "params": {"C": 39.246945708359775, "epsilon": 26.349458873383035, "gamma": 0.176161770834736, "lamda": 0.12044587803928955}, "datetime": {"datetime": "2021-10-05 14:21:43", "elapsed": 58.057248, "delta": 0.646036}}
{"target": -51.51282785148038, "params": {"C": 146.1728932620348, "epsilon": 19.20358823193437, "gamma": 0.33553775753921056, "lamda": 0.30331829609724886}, "datetime": {"datetime": "2021-10-05 14:21:43", "elapsed": 58.580786, "delta": 0.523538}}
{"target": -41.525455804787924, "params": {"C": 188.6250395781855, "epsilon": 28.04872942147636, "gamma": 0.31508069456423177, "lamda": 0.06693774048242342}, "datetime": {"datetime": "2021-10-05 14:21:44", "elapsed": 59.387531, "delta": 0.806745}}
{"target": -45.73492961522902, "params": {"C": 41.64364883596349, "epsilon": 26.54256575843668, "gamma": 0.1904463651964965, "lamda": 0.3455665808042804}, "datetime": {"datetime": "2021-10-05 14:21:45", "elapsed": 59.918013, "delta": 0.530482}}
{"target": -42.48641191536448, "params": {"C": 34.35306438880905, "epsilon": 27.190266569151177, "gamma": 0.10026056061118786, "lamda": 0.3548819378002707}, "datetime": {"datetime": "2021-10-05 14:21:45", "elapsed": 60.660063, "delta": 0.74205}}
{"target": -51.509839842636694, "params": {"C": 34.57226581386976, "epsilon": 26.52499892520807, "gamma": 0.0001, "lamda": 0.4}, "datetime": {"datetime": "2021-10-05 14:21:46", "elapsed": 61.637919, "delta": 0.977856}}
{"target": -40.17555424081203, "params": {"C": 77.46201978704414, "epsilon": 2.0633033712880655, "gamma": 0.025792583889112673, "lamda": 0.08632167107477187}, "datetime": {"datetime": "2021-10-05 14:21:47", "elapsed": 62.33377, "delta": 0.695851}}
{"target": -39.03772045749289, "params": {"C": 61.22761065711211, "epsilon": 20.666524154874665, "gamma": 0.16763925371283375, "lamda": 0.010571672622185163}, "datetime": {"datetime": "2021-10-05 14:21:48", "elapsed": 63.189785, "delta": 0.856015}}
{"target": -46.75841098925291, "params": {"C": 35.13640383483204, "epsilon": 22.910018903437262, "gamma": 0.313553266421812, "lamda": 0.20970396936151958}, "datetime": {"datetime": "2021-10-05 14:21:49", "elapsed": 63.802501, "delta": 0.612716}}
{"target": -43.54860687745779, "params": {"C": 39.522816817873895, "epsilon": 26.279316351232602, "gamma": 0.15147546188136934, "lamda": 0.3140305834518418}, "datetime": {"datetime": "2021-10-05 14:21:49", "elapsed": 64.601864, "delta": 0.799363}}
{"target": -56.50247196470497, "params": {"C": 130.280575651841, "epsilon": 3.7653481193482943, "gamma": 0.027908579384130862, "lamda": 0.3804047421081925}, "datetime": {"datetime": "2021-10-05 14:21:50", "elapsed": 65.239515, "delta": 0.637651}}
{"target": -43.9416060136981, "params": {"C": 105.46106072225197, "epsilon": 3.4909042186714307, "gamma": 0.029641693185260214, "lamda": 0.21267936264388942}, "datetime": {"datetime": "2021-10-05 14:21:51", "elapsed": 65.867894, "delta": 0.628379}}
{"target": -36.673775863870475, "params": {"C": 188.57280268612757, "epsilon": 28.609775019630884, "gamma": 0.11958740213245037, "lamda": 0.12882938379770498}, "datetime": {"datetime": "2021-10-05 14:21:51", "elapsed": 66.431804, "delta": 0.56391}}
{"target": -33.591822072270524, "params": {"C": 188.36438417817283, "epsilon": 29.298320403112367, "gamma": 0.04589951705040093, "lamda": 0.028606350434090256}, "datetime": {"datetime": "2021-10-05 14:21:52", "elapsed": 67.257529, "delta": 0.825725}}
{"target": -34.55026866092207, "params": {"C": 61.574721667329904, "epsilon": 20.609185175846235, "gamma": 0.005164713976063525, "lamda": 0.006491145921174698}, "datetime": {"datetime": "2021-10-05 14:21:53", "elapsed": 68.104457, "delta": 0.846928}}
{"target": -44.12278657753831, "params": {"C": 175.8693830449388, "epsilon": 27.900880836548282, "gamma": 0.2404788428241844, "lamda": 0.24902733701008611}, "datetime": {"datetime": "2021-10-05 14:21:54", "elapsed": 68.913921, "delta": 0.809464}}
{"target": -46.27455737414768, "params": {"C": 107.31306788150863, "epsilon": 11.404372678829771, "gamma": 0.3932232676837691, "lamda": 0.011774908591498282}, "datetime": {"datetime": "2021-10-05 14:21:54", "elapsed": 69.614783, "delta": 0.700862}}
{"target": -45.12694331391061, "params": {"C": 112.11254579128499, "epsilon": 6.2501034262884465, "gamma": 0.2473905603334597, "lamda": 0.032701179367921426}, "datetime": {"datetime": "2021-10-05 14:21:55", "elapsed": 70.3248, "delta": 0.710017}}
{"target": -34.044612490012966, "params": {"C": 188.11802865508014, "epsilon": 29.43857306829006, "gamma": 0.042257781394917024, "lamda": 0.013480968638606396}, "datetime": {"datetime": "2021-10-05 14:21:56", "elapsed": 71.352755, "delta": 1.027955}}
{"target": -42.81160661399339, "params": {"C": 30.678891927704537, "epsilon": 3.8821583810236424, "gamma": 0.08047960600716918, "lamda": 0.13799094612993576}, "datetime": {"datetime": "2021-10-05 14:21:57", "elapsed": 72.265059, "delta": 0.912304}}
{"target": -33.95449879201159, "params": {"C": 41.28720366449869, "epsilon": 26.097380963277494, "gamma": 0.05451526084332907, "lamda": 0.035393657254327984}, "datetime": {"datetime": "2021-10-05 14:21:58", "elapsed": 73.178696, "delta": 0.913637}}
{"target": -36.13458757610224, "params": {"C": 39.79206094151752, "epsilon": 26.9012114366175, "gamma": 0.011583275183319013, "lamda": 0.2432119840667757}, "datetime": {"datetime": "2021-10-05 14:21:59", "elapsed": 74.031836, "delta": 0.85314}}
{"target": -36.8366141792693, "params": {"C": 41.293356524482185, "epsilon": 25.441325368571206, "gamma": 0.1336227272097964, "lamda": 0.042555760674637046}, "datetime": {"datetime": "2021-10-05 14:22:00", "elapsed": 74.796758, "delta": 0.764922}}
{"target": -46.706945652205015, "params": {"C": 196.08372737982617, "epsilon": 6.846368567956177, "gamma": 0.09413956803229515, "lamda": 0.26320479879064324}, "datetime": {"datetime": "2021-10-05 14:22:00", "elapsed": 75.473505, "delta": 0.676747}}
{"target": -49.38437445489685, "params": {"C": 42.74792440234563, "epsilon": 5.441961382324104, "gamma": 0.2604831570286547, "lamda": 0.14535441647493363}, "datetime": {"datetime": "2021-10-05 14:22:01", "elapsed": 76.124355, "delta": 0.65085}}
{"target": -33.565257035327086, "params": {"C": 40.76652537653166, "epsilon": 25.76412648601219, "gamma": 0.03623993944966962, "lamda": 0.026521144294168613}, "datetime": {"datetime": "2021-10-05 14:22:02", "elapsed": 77.133494, "delta": 1.009139}}
{"target": -43.19719862566616, "params": {"C": 121.91027799258913, "epsilon": 20.92933850014561, "gamma": 0.20459134920950542, "lamda": 0.18298299865523293}, "datetime": {"datetime": "2021-10-05 14:22:03", "elapsed": 77.770938, "delta": 0.637444}}
{"target": -38.40274655264832, "params": {"C": 40.87395461073976, "epsilon": 25.626801319306296, "gamma": 0.0020942466503873682, "lamda": 0.19327119423477235}, "datetime": {"datetime": "2021-10-05 14:22:04", "elapsed": 79.116614, "delta": 1.345676}}
{"target": -35.32120536633091, "params": {"C": 40.88064695852373, "epsilon": 26.24099350325863, "gamma": 0.08990524748731937, "lamda": 0.01684056378457477}, "datetime": {"datetime": "2021-10-05 14:22:05", "elapsed": 80.077942, "delta": 0.961328}}
{"target": -42.56168405453892, "params": {"C": 40.75441934028752, "epsilon": 25.989281377492475, "gamma": 0.21757773329974586, "lamda": 0.19683363922774547}, "datetime": {"datetime": "2021-10-05 14:22:06", "elapsed": 81.169081, "delta": 1.091139}}
{"target": -39.55378153698887, "params": {"C": 39.791211293539625, "epsilon": 27.36653020802144, "gamma": 0.06587390685275976, "lamda": 0.31322262897057174}, "datetime": {"datetime": "2021-10-05 14:22:07", "elapsed": 82.249003, "delta": 1.079922}}
{"target": -51.280954617929865, "params": {"C": 150.3662779123742, "epsilon": 12.993725852953787, "gamma": 0.2115214153083144, "lamda": 0.29208699713130437}, "datetime": {"datetime": "2021-10-05 14:22:08", "elapsed": 82.931465, "delta": 0.682462}}
{"target": -42.694404729385624, "params": {"C": 39.94331449309986, "epsilon": 26.658816138668556, "gamma": 0.0001, "lamda": 0.0001}, "datetime": {"datetime": "2021-10-05 14:22:09", "elapsed": 84.23879, "delta": 1.307325}}
{"target": -38.920932226706924, "params": {"C": 41.09235873052877, "epsilon": 25.14327813530443, "gamma": 0.1916703924337691, "lamda": 0.05203361111250609}, "datetime": {"datetime": "2021-10-05 14:22:10", "elapsed": 85.184869, "delta": 0.946079}}
{"target": -46.71320623006925, "params": {"C": 153.52862841197933, "epsilon": 16.00704355008206, "gamma": 0.02617408270182424, "lamda": 0.3854210358338517}, "datetime": {"datetime": "2021-10-05 14:22:11", "elapsed": 85.919897, "delta": 0.735028}}
{"target": -37.3142905932693, "params": {"C": 34.827833413564676, "epsilon": 27.111886067371607, "gamma": 0.06248504607955636, "lamda": 0.23459532372053285}, "datetime": {"datetime": "2021-10-05 14:22:12", "elapsed": 86.879143, "delta": 0.959246}}
{"target": -42.227508381624226, "params": {"C": 41.17383662512841, "epsilon": 25.807933691922646, "gamma": 0.31619862473503074, "lamda": 0.06379703947791318}, "datetime": {"datetime": "2021-10-05 14:22:13", "elapsed": 87.900642, "delta": 1.021499}}
{"target": -40.14922772607719, "params": {"C": 41.34167153155969, "epsilon": 26.1468079188567, "gamma": 0.08083526967480707, "lamda": 0.29259208223257216}, "datetime": {"datetime": "2021-10-05 14:22:14", "elapsed": 89.047033, "delta": 1.146391}}
{"target": -35.999289134446215, "params": {"C": 188.4322985083948, "epsilon": 29.248231661253836, "gamma": 0.020246503660212575, "lamda": 0.27756198484112365}, "datetime": {"datetime": "2021-10-05 14:22:15", "elapsed": 90.032509, "delta": 0.985476}}
{"target": -42.361090580708854, "params": {"C": 41.676066950828684, "epsilon": 25.424034818571833, "gamma": 0.33154363273728493, "lamda": 0.04540123351839243}, "datetime": {"datetime": "2021-10-05 14:22:16", "elapsed": 90.985815, "delta": 0.953306}}
{"target": -37.68403846746256, "params": {"C": 188.26379370584604, "epsilon": 29.507512437706534, "gamma": 0.03731001639207273, "lamda": 0.32261055398798905}, "datetime": {"datetime": "2021-10-05 14:22:17", "elapsed": 92.147728, "delta": 1.161913}}
{"target": -43.711485572157294, "params": {"C": 39.33926386448588, "epsilon": 27.15841751890817, "gamma": 0.09943072956014572, "lamda": 0.3948259845735492}, "datetime": {"datetime": "2021-10-05 14:22:18", "elapsed": 93.098619, "delta": 0.950891}}
{"target": -46.20205188555532, "params": {"C": 188.59995261460077, "epsilon": 29.46384873321992, "gamma": 0.36724537145079084, "lamda": 0.24085942095614327}, "datetime": {"datetime": "2021-10-05 14:22:19", "elapsed": 94.075201, "delta": 0.976582}}
{"target": -46.67622874520039, "params": {"C": 129.95063601329053, "epsilon": 20.884070642168332, "gamma": 0.13830579767291482, "lamda": 0.34476836758749774}, "datetime": {"datetime": "2021-10-05 14:22:20", "elapsed": 94.818156, "delta": 0.742955}}
{"target": -43.867710022688854, "params": {"C": 61.06459713065234, "epsilon": 20.91297703466824, "gamma": 0.06219801295581844, "lamda": 0.3563900444581964}, "datetime": {"datetime": "2021-10-05 14:22:21", "elapsed": 95.759447, "delta": 0.941291}}
{"target": -39.838732670904825, "params": {"C": 61.82923171890123, "epsilon": 20.210959465368916, "gamma": 0.0401073753407765, "lamda": 0.2698083963510516}, "datetime": {"datetime": "2021-10-05 14:22:22", "elapsed": 96.779332, "delta": 1.019885}}
{"target": -42.50181431402949, "params": {"C": 62.12998102735254, "epsilon": 20.892369298271678, "gamma": 0.0001, "lamda": 0.0001}, "datetime": {"datetime": "2021-10-05 14:22:23", "elapsed": 98.217507, "delta": 1.438175}}
{"target": -48.520354492229956, "params": {"C": 169.0302022445896, "epsilon": 19.726578228932098, "gamma": 0.2746870303881226, "lamda": 0.25464559094634426}, "datetime": {"datetime": "2021-10-05 14:22:24", "elapsed": 98.917122, "delta": 0.699615}}
{"target": -39.543377374760766, "params": {"C": 84.69145937310842, "epsilon": 16.981742264892183, "gamma": 0.1566971169070738, "lamda": 0.03895677367535292}, "datetime": {"datetime": "2021-10-05 14:22:25", "elapsed": 99.906128, "delta": 0.989006}}
{"target": -49.513000071142024, "params": {"C": 41.41354549289761, "epsilon": 1.0096854361339578, "gamma": 0.02619933504068593, "lamda": 0.27386818269134533}, "datetime": {"datetime": "2021-10-05 14:22:25", "elapsed": 100.642738, "delta": 0.73661}}
