{"target": -33.812001757825705, "params": {"C": 40.97252512733307, "epsilon": 25.936091660002955, "gamma": 0.003376572831670637, "lamda": 0.0628910605711751}, "datetime": {"datetime": "2021-10-05 14:39:18", "elapsed": 1113.158647, "delta": 5.558027}}
{"target": -41.16147902086555, "params": {"C": 59.32123758102839, "epsilon": 22.444126158449357, "gamma": 0.17147980674951893, "lamda": 0.17058954108041968}, "datetime": {"datetime": "2021-10-05 14:39:24", "elapsed": 1119.555736, "delta": 6.397089}}
{"target": -47.15015355294173, "params": {"C": 51.430878305078494, "epsilon": 25.349539533744686, "gamma": 0.3575564050983464, "lamda": 0.2227333680161724}, "datetime": {"datetime": "2021-10-05 14:39:27", "elapsed": 1122.0045, "delta": 2.448764}}
{"target": -35.32482999009923, "params": {"C": 170.42847410553716, "epsilon": 29.8873034493317, "gamma": 0.0001, "lamda": 0.0001}, "datetime": {"datetime": "2021-10-05 14:39:33", "elapsed": 1128.061403, "delta": 6.056903}}
{"target": -40.104317684516666, "params": {"C": 35.33904496504057, "epsilon": 27.206359782716234, "gamma": 0.05235778419298773, "lamda": 0.349339034754135}, "datetime": {"datetime": "2021-10-05 14:39:39", "elapsed": 1133.915879, "delta": 5.854476}}
{"target": -41.28288994223318, "params": {"C": 41.18287855350515, "epsilon": 26.71356678366586, "gamma": 0.31350890415895166, "lamda": 0.024233408346777143}, "datetime": {"datetime": "2021-10-05 14:39:46", "elapsed": 1141.42229, "delta": 7.506411}}
{"target": -43.44981161466481, "params": {"C": 170.39327159302678, "epsilon": 29.781762498097525, "gamma": 0.15128834262916002, "lamda": 0.35724095549359863}, "datetime": {"datetime": "2021-10-05 14:39:52", "elapsed": 1147.186685, "delta": 5.764395}}
{"target": -33.72997730210929, "params": {"C": 160.09304183720099, "epsilon": 27.790001817346504, "gamma": 0.049615123932650745, "lamda": 0.06291120419917104}, "datetime": {"datetime": "2021-10-05 14:39:58", "elapsed": 1153.131635, "delta": 5.94495}}
{"target": -36.45056789049835, "params": {"C": 179.4931634347888, "epsilon": 16.47484886090516, "gamma": 0.06626635934384596, "lamda": 0.10240926430034106}, "datetime": {"datetime": "2021-10-05 14:40:05", "elapsed": 1160.409378, "delta": 7.277743}}
{"target": -35.080055728165064, "params": {"C": 194.89296888264056, "epsilon": 29.69416178836404, "gamma": 0.027770854137014182, "lamda": 0.23192412246952943}, "datetime": {"datetime": "2021-10-05 14:40:11", "elapsed": 1166.492957, "delta": 6.083579}}
{"target": -48.35871860256183, "params": {"C": 196.24236932774937, "epsilon": 17.87714054347002, "gamma": 0.07569346808309603, "lamda": 0.3974981585241899}, "datetime": {"datetime": "2021-10-05 14:40:20", "elapsed": 1174.679419, "delta": 8.186462}}
{"target": -41.483168988231746, "params": {"C": 194.7447937077056, "epsilon": 29.84398873802212, "gamma": 0.26221503003779223, "lamda": 0.1293189345640536}, "datetime": {"datetime": "2021-10-05 14:40:27", "elapsed": 1182.450701, "delta": 7.771282}}
{"target": -37.68980850161738, "params": {"C": 193.96509701090233, "epsilon": 28.96054527450321, "gamma": 0.09473018496918538, "lamda": 0.005270313449085818}, "datetime": {"datetime": "2021-10-05 14:40:33", "elapsed": 1188.664511, "delta": 6.21381}}
{"target": -34.03685852018016, "params": {"C": 195.07461863168714, "epsilon": 29.510815055585052, "gamma": 0.04891806687844965, "lamda": 0.01849824624332055}, "datetime": {"datetime": "2021-10-05 14:40:40", "elapsed": 1195.538852, "delta": 6.874341}}
{"target": -45.89182478202455, "params": {"C": 120.47288445257414, "epsilon": 25.9937611923375, "gamma": 0.2503658279389935, "lamda": 0.28420186434363676}, "datetime": {"datetime": "2021-10-05 14:40:46", "elapsed": 1201.135857, "delta": 5.597005}}
{"target": -35.813799568469925, "params": {"C": 59.81587390554601, "epsilon": 23.534759279914947, "gamma": 0.09539729264367969, "lamda": 0.017622832398681464}, "datetime": {"datetime": "2021-10-05 14:40:55", "elapsed": 1210.149551, "delta": 9.013694}}
{"target": -33.52722417883008, "params": {"C": 160.58777821751417, "epsilon": 27.808748265123437, "gamma": 0.04364930731090902, "lamda": 0.03655154717711824}, "datetime": {"datetime": "2021-10-05 14:41:01", "elapsed": 1215.80519, "delta": 5.655639}}
{"target": -45.50021780613, "params": {"C": 35.97280657705743, "epsilon": 27.063280119411516, "gamma": 0.3033017230537817, "lamda": 0.22591624417376166}, "datetime": {"datetime": "2021-10-05 14:41:06", "elapsed": 1220.942554, "delta": 5.137364}}
{"target": -41.25298690391977, "params": {"C": 169.94378899748577, "epsilon": 29.022967017461312, "gamma": 0.3079794759491013, "lamda": 0.07061779713451907}, "datetime": {"datetime": "2021-10-05 14:41:12", "elapsed": 1227.047219, "delta": 6.104665}}
{"target": -65.27767362048539, "params": {"C": 193.39461651755724, "epsilon": 3.191107747645392, "gamma": 0.2748977615959679, "lamda": 0.3927117139478465}, "datetime": {"datetime": "2021-10-05 14:41:14", "elapsed": 1229.620594, "delta": 2.573375}}
{"target": -36.03305516541052, "params": {"C": 129.36375727640274, "epsilon": 28.086775094733447, "gamma": 0.11974050293357531, "lamda": 0.03967029977397277}, "datetime": {"datetime": "2021-10-05 14:41:21", "elapsed": 1236.296108, "delta": 6.675514}}
{"target": -43.10191876702972, "params": {"C": 160.2875173813398, "epsilon": 27.622720309347326, "gamma": 0.15895887596907823, "lamda": 0.3065921803945819}, "datetime": {"datetime": "2021-10-05 14:41:27", "elapsed": 1242.173175, "delta": 5.877067}}
{"target": -34.70685677106973, "params": {"C": 59.26643003993313, "epsilon": 22.9468061547888, "gamma": 0.0651441729462613, "lamda": 0.021815821907913372}, "datetime": {"datetime": "2021-10-05 14:41:32", "elapsed": 1247.348093, "delta": 5.174918}}
{"target": -48.39963129074617, "params": {"C": 157.5918682927738, "epsilon": 15.908806213322865, "gamma": 0.33172416507133345, "lamda": 0.16787686190426196}, "datetime": {"datetime": "2021-10-05 14:41:35", "elapsed": 1250.516383, "delta": 3.16829}}
{"target": -44.54180431855031, "params": {"C": 56.25966318655783, "epsilon": 22.856134757990326, "gamma": 0.3370594473045635, "lamda": 0.11614325935073944}, "datetime": {"datetime": "2021-10-05 14:41:38", "elapsed": 1253.08739, "delta": 2.571007}}
{"target": -41.93503279133853, "params": {"C": 65.29189558378441, "epsilon": 8.417033700137235, "gamma": 0.1561733175828893, "lamda": 0.08494449500010974}, "datetime": {"datetime": "2021-10-05 14:41:41", "elapsed": 1255.806391, "delta": 2.719001}}
{"target": -38.07120386456774, "params": {"C": 159.7150789259913, "epsilon": 29.753865860233258, "gamma": 0.1287234391820803, "lamda": 0.18034580716346776}, "datetime": {"datetime": "2021-10-05 14:41:46", "elapsed": 1261.642365, "delta": 5.835974}}
{"target": -56.53770719303542, "params": {"C": 185.5970264434357, "epsilon": 2.262247445664922, "gamma": 0.2504624741956092, "lamda": 0.30918635984261555}, "datetime": {"datetime": "2021-10-05 14:41:49", "elapsed": 1264.172788, "delta": 2.530423}}
{"target": -34.05016481154588, "params": {"C": 159.94727912592057, "epsilon": 29.07053426122462, "gamma": 0.027793859023415843, "lamda": 0.16704047633121047}, "datetime": {"datetime": "2021-10-05 14:41:56", "elapsed": 1271.619148, "delta": 7.44636}}
{"target": -35.98741230249064, "params": {"C": 194.4772085688932, "epsilon": 29.314379004630865, "gamma": 0.04933566206722297, "lamda": 0.22990611126641478}, "datetime": {"datetime": "2021-10-05 14:42:02", "elapsed": 1277.377287, "delta": 5.758139}}
{"target": -42.90965770005188, "params": {"C": 59.673025475586236, "epsilon": 17.434791569962854, "gamma": 0.25180636157973074, "lamda": 0.09996535160455752}, "datetime": {"datetime": "2021-10-05 14:42:05", "elapsed": 1279.847737, "delta": 2.47045}}
{"target": -38.784638254046946, "params": {"C": 129.34800235947225, "epsilon": 27.61187758112416, "gamma": 0.06199974386933208, "lamda": 0.2957022279810435}, "datetime": {"datetime": "2021-10-05 14:42:16", "elapsed": 1291.483257, "delta": 11.63552}}
{"target": -35.288536433879116, "params": {"C": 193.63815963698536, "epsilon": 28.593899369482294, "gamma": 0.0001, "lamda": 0.0001}, "datetime": {"datetime": "2021-10-05 14:42:23", "elapsed": 1297.812888, "delta": 6.329631}}
{"target": -35.59665073940263, "params": {"C": 160.153776157562, "epsilon": 29.336567749562565, "gamma": 0.11362807369991001, "lamda": 0.07969330790364475}, "datetime": {"datetime": "2021-10-05 14:42:29", "elapsed": 1303.880566, "delta": 6.067678}}
{"target": -36.229541719996746, "params": {"C": 132.3721193624842, "epsilon": 28.083820803993, "gamma": 0.07011014938808408, "lamda": 0.19192082080099876}, "datetime": {"datetime": "2021-10-05 14:42:32", "elapsed": 1306.704292, "delta": 2.823726}}
{"target": -39.87457004313056, "params": {"C": 129.2945180055067, "epsilon": 28.47518379472905, "gamma": 0.26333993128521244, "lamda": 0.05845834513238639}, "datetime": {"datetime": "2021-10-05 14:42:39", "elapsed": 1314.022478, "delta": 7.318186}}
{"target": -46.15471915742831, "params": {"C": 145.6295854763405, "epsilon": 7.312783572681841, "gamma": 0.3653102308534518, "lamda": 0.032663980934413354}, "datetime": {"datetime": "2021-10-05 14:42:41", "elapsed": 1316.398398, "delta": 2.37592}}
{"target": -42.004965377087444, "params": {"C": 169.44066795750655, "epsilon": 8.818152149689098, "gamma": 0.1822916891833663, "lamda": 0.06450116323158946}, "datetime": {"datetime": "2021-10-05 14:42:44", "elapsed": 1318.756236, "delta": 2.357838}}
{"target": -49.84629032335171, "params": {"C": 29.696056232775888, "epsilon": 13.352929925241568, "gamma": 0.2688423060712444, "lamda": 0.213902441007646}, "datetime": {"datetime": "2021-10-05 14:42:46", "elapsed": 1321.082867, "delta": 2.326631}}
{"target": -33.18601003978094, "params": {"C": 193.4961531313225, "epsilon": 29.582671795205204, "gamma": 0.021119881402600987, "lamda": 0.03465817846061093}, "datetime": {"datetime": "2021-10-05 14:42:52", "elapsed": 1327.408836, "delta": 6.325969}}
{"target": -52.43731805229196, "params": {"C": 152.64992217471448, "epsilon": 9.636059133972028, "gamma": 0.18621367417469667, "lamda": 0.311569873233567}, "datetime": {"datetime": "2021-10-05 14:42:55", "elapsed": 1330.071218, "delta": 2.662382}}
{"target": -41.01471424230058, "params": {"C": 132.19339358155105, "epsilon": 28.353369137020564, "gamma": 0.3091220917762683, "lamda": 0.013197610380529598}, "datetime": {"datetime": "2021-10-05 14:43:03", "elapsed": 1338.194562, "delta": 8.123344}}
{"target": -39.571132033177896, "params": {"C": 160.09475799112283, "epsilon": 28.639560490247923, "gamma": 0.2390035355374403, "lamda": 0.018908233110466785}, "datetime": {"datetime": "2021-10-05 14:43:10", "elapsed": 1344.722851, "delta": 6.528289}}
{"target": -39.28863226144858, "params": {"C": 129.49505013717356, "epsilon": 27.830659243269803, "gamma": 0.23068429408660482, "lamda": 0.06677628179522752}, "datetime": {"datetime": "2021-10-05 14:43:16", "elapsed": 1351.602375, "delta": 6.879524}}
{"target": -35.112127234533766, "params": {"C": 193.73295593238387, "epsilon": 29.39977184191, "gamma": 0.0001, "lamda": 0.0001}, "datetime": {"datetime": "2021-10-05 14:43:26", "elapsed": 1361.406676, "delta": 9.804301}}
{"target": -46.61449800050361, "params": {"C": 40.04938504983957, "epsilon": 6.6891359160087305, "gamma": 0.1322390269179207, "lamda": 0.21954057874277974}, "datetime": {"datetime": "2021-10-05 14:43:29", "elapsed": 1364.480679, "delta": 3.074003}}
{"target": -53.939531968135924, "params": {"C": 138.15997655254924, "epsilon": 15.635552839464054, "gamma": 0.206855496180828, "lamda": 0.3778674602492103}, "datetime": {"datetime": "2021-10-05 14:43:32", "elapsed": 1367.087185, "delta": 2.606506}}
{"target": -38.583636869574875, "params": {"C": 195.80776502059078, "epsilon": 17.640570085245653, "gamma": 0.0001, "lamda": 0.0001}, "datetime": {"datetime": "2021-10-05 14:43:39", "elapsed": 1374.655976, "delta": 7.568791}}
{"target": -48.97658662549448, "params": {"C": 104.57236166949549, "epsilon": 2.0405220802447173, "gamma": 0.3011852400901579, "lamda": 0.14907261987683787}, "datetime": {"datetime": "2021-10-05 14:43:42", "elapsed": 1377.382044, "delta": 2.726068}}
{"target": -49.314480408121256, "params": {"C": 46.37637360621486, "epsilon": 16.182542846444793, "gamma": 0.2822859070184808, "lamda": 0.2264186981530157}, "datetime": {"datetime": "2021-10-05 14:43:45", "elapsed": 1380.568316, "delta": 3.186272}}
{"target": -35.298295165330906, "params": {"C": 193.1276577110942, "epsilon": 29.132431031712592, "gamma": 0.10192833320433795, "lamda": 0.04772557648806983}, "datetime": {"datetime": "2021-10-05 14:43:53", "elapsed": 1388.103684, "delta": 7.535368}}
{"target": -41.84326678773452, "params": {"C": 195.85062085104286, "epsilon": 18.04907124625702, "gamma": 0.26226216012060255, "lamda": 0.021318638893138377}, "datetime": {"datetime": "2021-10-05 14:44:02", "elapsed": 1397.396042, "delta": 9.292358}}
{"target": -37.57162823279842, "params": {"C": 165.4032995214652, "epsilon": 23.579768535682838, "gamma": 0.09057356425309158, "lamda": 0.16743148152861775}, "datetime": {"datetime": "2021-10-05 14:44:05", "elapsed": 1400.398386, "delta": 3.002344}}
{"target": -57.79196740237631, "params": {"C": 61.291084297011096, "epsilon": 4.420590031375854, "gamma": 0.24577678275674855, "lamda": 0.33853168067958644}, "datetime": {"datetime": "2021-10-05 14:44:09", "elapsed": 1403.791195, "delta": 3.392809}}
{"target": -56.480404268151204, "params": {"C": 65.36017919016618, "epsilon": 2.854245129439618, "gamma": 0.3925611718598734, "lamda": 0.2299514922951489}, "datetime": {"datetime": "2021-10-05 14:44:11", "elapsed": 1406.294191, "delta": 2.502996}}
{"target": -34.81970586504589, "params": {"C": 194.14995943274542, "epsilon": 29.59680678995387, "gamma": 0.007785773357399937, "lamda": 0.1987655883712498}, "datetime": {"datetime": "2021-10-05 14:44:18", "elapsed": 1413.05899, "delta": 6.764799}}
{"target": -35.627786409164415, "params": {"C": 194.6033883319875, "epsilon": 29.7180960046808, "gamma": 0.04828545282885794, "lamda": 0.0017325832952114878}, "datetime": {"datetime": "2021-10-05 14:44:27", "elapsed": 1421.95768, "delta": 8.89869}}
{"target": -40.31781286303492, "params": {"C": 192.61820334132346, "epsilon": 29.43267991336104, "gamma": 0.10940699399408503, "lamda": 0.3022059738835173}, "datetime": {"datetime": "2021-10-05 14:44:36", "elapsed": 1431.012481, "delta": 9.054801}}
{"target": -42.0859466449235, "params": {"C": 42.67452141206979, "epsilon": 11.740928866503788, "gamma": 0.19373452079205167, "lamda": 0.03132210033128799}, "datetime": {"datetime": "2021-10-05 14:44:38", "elapsed": 1433.630115, "delta": 2.617634}}
{"target": -34.999770621158774, "params": {"C": 194.1810637169187, "epsilon": 29.91852066640016, "gamma": 0.0001, "lamda": 0.0001}, "datetime": {"datetime": "2021-10-05 14:44:47", "elapsed": 1441.868684, "delta": 8.238569}}
{"target": -38.63672339901114, "params": {"C": 35.33556311342691, "epsilon": 27.20771333438902, "gamma": 0.016828486511044058, "lamda": 0.3423764977728522}, "datetime": {"datetime": "2021-10-05 14:44:50", "elapsed": 1444.879062, "delta": 3.010378}}
{"target": -33.6240151069161, "params": {"C": 193.3212397559563, "epsilon": 29.725895224142462, "gamma": 0.010587229809469403, "lamda": 0.1335816943456405}, "datetime": {"datetime": "2021-10-05 14:45:00", "elapsed": 1454.768812, "delta": 9.88975}}
{"target": -41.65906595555916, "params": {"C": 110.9833466744358, "epsilon": 25.811014790118666, "gamma": 0.11636810663139799, "lamda": 0.29458247076456595}, "datetime": {"datetime": "2021-10-05 14:45:02", "elapsed": 1457.60117, "delta": 2.832358}}
{"target": -44.598221346618566, "params": {"C": 132.75844135750086, "epsilon": 28.084773127970482, "gamma": 0.35123213115523205, "lamda": 0.15724421921786025}, "datetime": {"datetime": "2021-10-05 14:45:10", "elapsed": 1464.995504, "delta": 7.394334}}
{"target": -34.55076206148283, "params": {"C": 119.50593220200929, "epsilon": 25.60718099798397, "gamma": 0.05915701922634158, "lamda": 0.02435989559519183}, "datetime": {"datetime": "2021-10-05 14:45:20", "elapsed": 1474.959683, "delta": 9.964179}}
{"target": -39.506476632471596, "params": {"C": 187.28794913103454, "epsilon": 29.333448798013244, "gamma": 0.05491852306618404, "lamda": 0.3573304801239337}, "datetime": {"datetime": "2021-10-05 14:45:28", "elapsed": 1482.700528, "delta": 7.740845}}
{"target": -43.09566838215034, "params": {"C": 4.495397129216508, "epsilon": 16.778585300709935, "gamma": 0.05466856400218661, "lamda": 0.2252666544765983}, "datetime": {"datetime": "2021-10-05 14:45:30", "elapsed": 1485.479928, "delta": 2.7794}}
{"target": -40.74764174325156, "params": {"C": 193.55716240805688, "epsilon": 29.70949491885631, "gamma": 0.3022946605767322, "lamda": 0.06290959630485166}, "datetime": {"datetime": "2021-10-05 14:45:38", "elapsed": 1493.000358, "delta": 7.52043}}
{"target": -42.925484521261275, "params": {"C": 35.12150592219729, "epsilon": 27.3506202443105, "gamma": 0.0001, "lamda": 0.0001}, "datetime": {"datetime": "2021-10-05 14:45:45", "elapsed": 1500.483392, "delta": 7.483034}}
{"target": -36.37390070308488, "params": {"C": 193.8081728225224, "epsilon": 29.903655087119297, "gamma": 0.025400586927883308, "lamda": 0.29533262820737377}, "datetime": {"datetime": "2021-10-05 14:45:53", "elapsed": 1508.334168, "delta": 7.850776}}
{"target": -41.79484538673098, "params": {"C": 130.24451611805424, "epsilon": 27.744947108578643, "gamma": 0.0027538052220221414, "lamda": 0.34221728625452086}, "datetime": {"datetime": "2021-10-05 14:46:03", "elapsed": 1518.346012, "delta": 10.011844}}
{"target": -38.05721239340721, "params": {"C": 193.1885752939404, "epsilon": 29.52073745222405, "gamma": 0.1699288745265578, "lamda": 0.0211938188741565}, "datetime": {"datetime": "2021-10-05 14:46:11", "elapsed": 1526.123072, "delta": 7.77706}}
{"target": -37.45411669535129, "params": {"C": 41.52213065138795, "epsilon": 26.561213053489496, "gamma": 0.1439383111105396, "lamda": 0.0050891156936775424}, "datetime": {"datetime": "2021-10-05 14:46:18", "elapsed": 1533.413397, "delta": 7.290325}}
{"target": -45.58303870598617, "params": {"C": 186.61099354134754, "epsilon": 1.2498655565966927, "gamma": 0.15651008500929217, "lamda": 0.14844684721585}, "datetime": {"datetime": "2021-10-05 14:46:22", "elapsed": 1537.079516, "delta": 3.666119}}
{"target": -47.40026909526898, "params": {"C": 162.6109367859778, "epsilon": 3.320176056892407, "gamma": 0.2840345593719109, "lamda": 0.1320823392116057}, "datetime": {"datetime": "2021-10-05 14:46:25", "elapsed": 1540.019713, "delta": 2.940197}}
{"target": -45.60686438071785, "params": {"C": 171.18109554085757, "epsilon": 6.647900958244313, "gamma": 0.007901380500109363, "lamda": 0.2636447471556068}, "datetime": {"datetime": "2021-10-05 14:46:28", "elapsed": 1543.003736, "delta": 2.984023}}
{"target": -34.251385273397275, "params": {"C": 35.62506178994197, "epsilon": 27.83459647087018, "gamma": 0.0400354731799105, "lamda": 0.005283454664570689}, "datetime": {"datetime": "2021-10-05 14:46:35", "elapsed": 1549.974833, "delta": 6.971097}}
{"target": -47.04464266860885, "params": {"C": 35.53245222781278, "epsilon": 27.875118349921554, "gamma": 0.38012768642105166, "lamda": 0.24164773320092706}, "datetime": {"datetime": "2021-10-05 14:46:43", "elapsed": 1558.577566, "delta": 8.602733}}
{"target": -37.07366310282224, "params": {"C": 83.68315213373401, "epsilon": 28.71330295928829, "gamma": 0.05155630850082766, "lamda": 0.2644168223033135}, "datetime": {"datetime": "2021-10-05 14:46:50", "elapsed": 1564.955748, "delta": 6.378182}}
{"target": -49.19600465502813, "params": {"C": 148.00028034008545, "epsilon": 10.348171379796254, "gamma": 0.1087018019625622, "lamda": 0.3060723898495119}, "datetime": {"datetime": "2021-10-05 14:46:53", "elapsed": 1568.203687, "delta": 3.247939}}
{"target": -35.91475185328939, "params": {"C": 59.724224682886096, "epsilon": 22.85487504153015, "gamma": 0.09642213296868045, "lamda": 0.06697889280829393}, "datetime": {"datetime": "2021-10-05 14:47:00", "elapsed": 1574.828823, "delta": 6.625136}}
{"target": -43.00670672374624, "params": {"C": 97.79664090489936, "epsilon": 9.714195148246818, "gamma": 0.135933638468835, "lamda": 0.166750619006913}, "datetime": {"datetime": "2021-10-05 14:47:03", "elapsed": 1578.074845, "delta": 3.246022}}
{"target": -36.841503199189546, "params": {"C": 132.20646000067845, "epsilon": 27.77400766575516, "gamma": 0.07045914037999279, "lamda": 0.21240252856177852}, "datetime": {"datetime": "2021-10-05 14:47:13", "elapsed": 1588.130167, "delta": 10.055322}}
{"target": -46.78173860703478, "params": {"C": 83.52819442376969, "epsilon": 28.86515798035808, "gamma": 0.36932878427307253, "lamda": 0.25579049398526665}, "datetime": {"datetime": "2021-10-05 14:47:21", "elapsed": 1595.744906, "delta": 7.614739}}
{"target": -33.40395586544055, "params": {"C": 193.31374829072746, "epsilon": 28.485916286328415, "gamma": 0.01855496888847768, "lamda": 0.005916992341457856}, "datetime": {"datetime": "2021-10-05 14:47:32", "elapsed": 1607.452802, "delta": 11.707896}}
{"target": -36.08838137820079, "params": {"C": 192.97014437012987, "epsilon": 27.857284969383848, "gamma": 0.04038463467467545, "lamda": 0.2359255661761975}, "datetime": {"datetime": "2021-10-05 14:47:42", "elapsed": 1617.360855, "delta": 9.908053}}
{"target": -37.53989917572133, "params": {"C": 137.136744181713, "epsilon": 27.829244601640916, "gamma": 0.16816271115623146, "lamda": 0.056364460477942316}, "datetime": {"datetime": "2021-10-05 14:47:45", "elapsed": 1620.51601, "delta": 3.155155}}
{"target": -48.80274825868041, "params": {"C": 131.93106644062243, "epsilon": 27.846114987719105, "gamma": 0.32225013605666625, "lamda": 0.38618101544363065}, "datetime": {"datetime": "2021-10-05 14:47:52", "elapsed": 1627.577652, "delta": 7.061642}}
