{"target": -34.429459026172594, "params": {"C": 235.7324299238669, "epsilon": 35.43828076230749, "gamma": 0.05557893320965362, "lamda": 0.025129721541452262}, "datetime": {"datetime": "2021-10-06 09:17:57", "elapsed": 269.13096, "delta": 1.775236}}
{"target": -33.72200366353214, "params": {"C": 290.75291832450665, "epsilon": 36.050920923944844, "gamma": 0.02201944437721974, "lamda": 0.08371973956402079}, "datetime": {"datetime": "2021-10-06 09:17:59", "elapsed": 271.125945, "delta": 1.994985}}
{"target": -34.156272935548174, "params": {"C": 323.56270687427127, "epsilon": 38.26701072135741, "gamma": 0.06258170942327518, "lamda": 0.10280515759535759}, "datetime": {"datetime": "2021-10-06 09:18:01", "elapsed": 272.509801, "delta": 1.383856}}
{"target": -34.366098182260224, "params": {"C": 353.9544875288584, "epsilon": 34.1108653556995, "gamma": 0.06479576463313473, "lamda": 0.11569181408467523}, "datetime": {"datetime": "2021-10-06 09:18:02", "elapsed": 273.894654, "delta": 1.384853}}
{"target": -34.33040432910956, "params": {"C": 235.20989036093425, "epsilon": 36.19315997914462, "gamma": 0.06670916928193897, "lamda": 0.13183108972853982}, "datetime": {"datetime": "2021-10-06 09:18:04", "elapsed": 275.627764, "delta": 1.73311}}
{"target": -34.070622577816096, "params": {"C": 207.06669886353333, "epsilon": 34.995433249715575, "gamma": 0.0522908459639894, "lamda": 0.09089826857473192}, "datetime": {"datetime": "2021-10-06 09:18:05", "elapsed": 277.077243, "delta": 1.449479}}
{"target": -34.101463254812685, "params": {"C": 335.44053521299713, "epsilon": 36.58330534259885, "gamma": 0.056620364409896706, "lamda": 0.10103962502870656}, "datetime": {"datetime": "2021-10-06 09:18:07", "elapsed": 278.547896, "delta": 1.470653}}
{"target": -34.585314993529074, "params": {"C": 277.2372663146324, "epsilon": 30.25440943355973, "gamma": 0.0744979471846769, "lamda": 0.06298377300623292}, "datetime": {"datetime": "2021-10-06 09:18:08", "elapsed": 279.902647, "delta": 1.354751}}
{"target": -34.70127055451624, "params": {"C": 309.1491252727693, "epsilon": 38.11536826933387, "gamma": 0.09760795247772197, "lamda": 0.11533161238139199}, "datetime": {"datetime": "2021-10-06 09:18:10", "elapsed": 281.405798, "delta": 1.503151}}
{"target": -34.02851624934113, "params": {"C": 312.8842165452072, "epsilon": 33.4694672917733, "gamma": 0.031415557741672734, "lamda": 0.12171540354223878}, "datetime": {"datetime": "2021-10-06 09:18:13", "elapsed": 284.207827, "delta": 2.802029}}
{"target": -33.95832083897712, "params": {"C": 338.1258157470196, "epsilon": 33.49905093781733, "gamma": 0.014789360613552217, "lamda": 0.07989571121974433}, "datetime": {"datetime": "2021-10-06 09:18:14", "elapsed": 285.717853, "delta": 1.510026}}
{"target": -34.96942036626785, "params": {"C": 335.8160940405466, "epsilon": 37.452534789205174, "gamma": 0.009498990481140241, "lamda": 0.1383482319756504}, "datetime": {"datetime": "2021-10-06 09:18:16", "elapsed": 287.761952, "delta": 2.044099}}
{"target": -34.13308068735078, "params": {"C": 371.1516895393553, "epsilon": 31.22571738114159, "gamma": 0.037290685588589015, "lamda": 0.023658254622635096}, "datetime": {"datetime": "2021-10-06 09:18:18", "elapsed": 289.48512, "delta": 1.723168}}
{"target": -33.767045809528305, "params": {"C": 375.18862953651893, "epsilon": 36.986345489331434, "gamma": 0.02856949948983082, "lamda": 0.11297369672129609}, "datetime": {"datetime": "2021-10-06 09:18:19", "elapsed": 291.165123, "delta": 1.680003}}
{"target": -34.617705751195196, "params": {"C": 290.7895418836101, "epsilon": 36.004158227959365, "gamma": 0.08966037516329989, "lamda": 0.09419318034341237}, "datetime": {"datetime": "2021-10-06 09:18:21", "elapsed": 293.065097, "delta": 1.899974}}
{"target": -34.48371617452203, "params": {"C": 373.9171559649329, "epsilon": 37.541993017275416, "gamma": 0.06855341858688936, "lamda": 0.043042160495392744}, "datetime": {"datetime": "2021-10-06 09:18:23", "elapsed": 294.853365, "delta": 1.788268}}
{"target": -34.55514649708108, "params": {"C": 283.81602805230335, "epsilon": 35.43029399502697, "gamma": 0.08325051038739056, "lamda": 0.11089343766158226}, "datetime": {"datetime": "2021-10-06 09:18:25", "elapsed": 296.889342, "delta": 2.035977}}
{"target": -36.02951568718281, "params": {"C": 379.3231914630718, "epsilon": 38.482289807752665, "gamma": 0.04305971374724985, "lamda": 0.0023306244686678605}, "datetime": {"datetime": "2021-10-06 09:18:27", "elapsed": 298.577935, "delta": 1.688593}}
{"target": -35.15721130789294, "params": {"C": 255.17735244230767, "epsilon": 31.448232970481683, "gamma": 0.010986430412416714, "lamda": 0.1311097809659483}, "datetime": {"datetime": "2021-10-06 09:18:28", "elapsed": 300.166899, "delta": 1.588964}}
{"target": -34.100870460365044, "params": {"C": 207.9565337969449, "epsilon": 38.50418602760493, "gamma": 0.04270082408734852, "lamda": 0.03028949167629498}, "datetime": {"datetime": "2021-10-06 09:18:30", "elapsed": 301.96148, "delta": 1.794581}}
{"target": -34.755604449086555, "params": {"C": 375.11260103298946, "epsilon": 36.9588011501919, "gamma": 0.09304355758804572, "lamda": 0.135563323847416}, "datetime": {"datetime": "2021-10-06 09:18:33", "elapsed": 304.408427, "delta": 2.446947}}
{"target": -36.933024573444946, "params": {"C": 247.4549431751391, "epsilon": 37.67365923502473, "gamma": 0.0020318384746070466, "lamda": 0.07398588408634282}, "datetime": {"datetime": "2021-10-06 09:18:34", "elapsed": 305.838683, "delta": 1.430256}}
{"target": -35.424485113613166, "params": {"C": 375.17268668780724, "epsilon": 38.07343881201054, "gamma": 0.002711131519619919, "lamda": 0.06255668647348839}, "datetime": {"datetime": "2021-10-06 09:18:36", "elapsed": 307.866801, "delta": 2.028118}}
{"target": -33.886126819661854, "params": {"C": 338.1333424906394, "epsilon": 38.63251510963554, "gamma": 0.023377153562270818, "lamda": 0.1255754364779354}, "datetime": {"datetime": "2021-10-06 09:18:38", "elapsed": 309.502684, "delta": 1.635883}}
{"target": -34.24768354774439, "params": {"C": 285.38132568912687, "epsilon": 34.97673085640866, "gamma": 0.053775423626280766, "lamda": 0.14144811004662566}, "datetime": {"datetime": "2021-10-06 09:18:40", "elapsed": 311.269726, "delta": 1.767042}}
{"target": -34.87829056127745, "params": {"C": 359.2066399421312, "epsilon": 31.275090771178334, "gamma": 0.08157269687459999, "lamda": 0.12043762158642286}, "datetime": {"datetime": "2021-10-06 09:18:41", "elapsed": 313.054121, "delta": 1.784395}}
{"target": -34.80240408032688, "params": {"C": 357.0585299430648, "epsilon": 32.15101790053219, "gamma": 0.07071183199282186, "lamda": 0.026398216400158207}, "datetime": {"datetime": "2021-10-06 09:18:43", "elapsed": 314.907413, "delta": 1.853292}}
{"target": -34.134739125308194, "params": {"C": 374.714141965199, "epsilon": 33.507985285506656, "gamma": 0.03725487942437563, "lamda": 0.1293139771801782}, "datetime": {"datetime": "2021-10-06 09:18:45", "elapsed": 316.44899, "delta": 1.541577}}
{"target": -34.19484377593797, "params": {"C": 319.2454742740557, "epsilon": 37.70304757234955, "gamma": 0.04011219008043575, "lamda": 0.017470106537711784}, "datetime": {"datetime": "2021-10-06 09:18:46", "elapsed": 317.982766, "delta": 1.533776}}
{"target": -34.203370926236616, "params": {"C": 266.7580301611891, "epsilon": 33.359403857407806, "gamma": 0.0523669695739079, "lamda": 0.04484799749589395}, "datetime": {"datetime": "2021-10-06 09:18:48", "elapsed": 319.860263, "delta": 1.877497}}
{"target": -34.02646328467171, "params": {"C": 296.5848906372819, "epsilon": 35.57361392523882, "gamma": 0.034298899483643445, "lamda": 0.021371172713685896}, "datetime": {"datetime": "2021-10-06 09:18:50", "elapsed": 321.296132, "delta": 1.435869}}
{"target": -34.03791687189784, "params": {"C": 379.9848804134633, "epsilon": 35.991782620459645, "gamma": 0.02540726376877977, "lamda": 0.13806855008597288}, "datetime": {"datetime": "2021-10-06 09:18:51", "elapsed": 322.812303, "delta": 1.516171}}
{"target": -34.11442295767174, "params": {"C": 207.7872371679855, "epsilon": 32.59963342276067, "gamma": 0.012016057111488291, "lamda": 0.07557914164166432}, "datetime": {"datetime": "2021-10-06 09:18:53", "elapsed": 324.380864, "delta": 1.568561}}
{"target": -34.171711225343195, "params": {"C": 381.68480545641665, "epsilon": 36.96734551390782, "gamma": 0.01134000531146516, "lamda": 0.04316231875314199}, "datetime": {"datetime": "2021-10-06 09:18:55", "elapsed": 326.782035, "delta": 2.401171}}
{"target": -35.7592891182205, "params": {"C": 293.52034153689715, "epsilon": 35.14209079422578, "gamma": 0.08256402908755192, "lamda": 0.014769419402898425}, "datetime": {"datetime": "2021-10-06 09:18:57", "elapsed": 328.417289, "delta": 1.635254}}
{"target": -34.76616031595077, "params": {"C": 396.00390490147447, "epsilon": 31.874763547403717, "gamma": 0.08925575641550204, "lamda": 0.07138684239399458}, "datetime": {"datetime": "2021-10-06 09:18:59", "elapsed": 330.433258, "delta": 2.015969}}
{"target": -36.216488342714584, "params": {"C": 391.6663470803436, "epsilon": 36.69667874748372, "gamma": 0.0038081379226263604, "lamda": 0.1015138755176805}, "datetime": {"datetime": "2021-10-06 09:19:01", "elapsed": 332.477454, "delta": 2.044196}}
{"target": -35.03773167905113, "params": {"C": 311.82244796871635, "epsilon": 30.10593243030764, "gamma": 0.0825662037501412, "lamda": 0.12133658479205732}, "datetime": {"datetime": "2021-10-06 09:19:02", "elapsed": 334.112355, "delta": 1.634901}}
{"target": -34.143248489885494, "params": {"C": 312.90529395931395, "epsilon": 33.460667695692365, "gamma": 0.04649987416672038, "lamda": 0.03740034798934306}, "datetime": {"datetime": "2021-10-06 09:19:05", "elapsed": 336.41611, "delta": 2.303755}}
{"target": -34.46939706931913, "params": {"C": 268.23142331371884, "epsilon": 35.9092120416818, "gamma": 0.0250148739311089, "lamda": 0.0043255799896211155}, "datetime": {"datetime": "2021-10-06 09:19:07", "elapsed": 338.709308, "delta": 2.293198}}
{"target": -34.074939276782004, "params": {"C": 379.89858971263607, "epsilon": 33.45370782095582, "gamma": 0.043910007736251574, "lamda": 0.04597301809676168}, "datetime": {"datetime": "2021-10-06 09:19:09", "elapsed": 340.260583, "delta": 1.551275}}
{"target": -33.86590337683076, "params": {"C": 218.6650697686054, "epsilon": 36.73569130945419, "gamma": 0.03739006973177452, "lamda": 0.12590973803367767}, "datetime": {"datetime": "2021-10-06 09:19:10", "elapsed": 342.129384, "delta": 1.868801}}
{"target": -34.272844985632034, "params": {"C": 259.02309139362774, "epsilon": 36.92077696861969, "gamma": 0.009738175597346672, "lamda": 0.029440172917395653}, "datetime": {"datetime": "2021-10-06 09:19:12", "elapsed": 343.936187, "delta": 1.806803}}
{"target": -33.77838686926547, "params": {"C": 375.18631328843895, "epsilon": 36.94010483271617, "gamma": 0.01945102404546621, "lamda": 0.04959954152362224}, "datetime": {"datetime": "2021-10-06 09:19:14", "elapsed": 345.914419, "delta": 1.978232}}
{"target": -34.00643885342039, "params": {"C": 203.52873694182082, "epsilon": 34.6526020262906, "gamma": 0.04037287535404462, "lamda": 0.12491895142664639}, "datetime": {"datetime": "2021-10-06 09:19:16", "elapsed": 347.547893, "delta": 1.633474}}
{"target": -35.47076328947062, "params": {"C": 347.661808838021, "epsilon": 30.757642645233, "gamma": 0.03181678216817121, "lamda": 0.001382850505231883}, "datetime": {"datetime": "2021-10-06 09:19:18", "elapsed": 350.025008, "delta": 2.477115}}
{"target": -33.78929972587535, "params": {"C": 335.79332737830805, "epsilon": 37.49850655951148, "gamma": 0.028215743835288513, "lamda": 0.05423789371762952}, "datetime": {"datetime": "2021-10-06 09:19:20", "elapsed": 352.144932, "delta": 2.119924}}
{"target": -34.70259056893433, "params": {"C": 352.16531805721866, "epsilon": 36.01845456274434, "gamma": 0.0898217755670667, "lamda": 0.12578483959083936}, "datetime": {"datetime": "2021-10-06 09:19:22", "elapsed": 353.975482, "delta": 1.83055}}
{"target": -34.50353488842779, "params": {"C": 253.18496386874295, "epsilon": 37.351762767973206, "gamma": 0.08493103333007418, "lamda": 0.109438269573648}, "datetime": {"datetime": "2021-10-06 09:19:24", "elapsed": 355.830321, "delta": 1.854839}}
{"target": -34.52276745649524, "params": {"C": 217.55423504595203, "epsilon": 33.039456890728175, "gamma": 0.009495383800570406, "lamda": 0.09164374100771884}, "datetime": {"datetime": "2021-10-06 09:19:26", "elapsed": 357.695977, "delta": 1.865656}}
{"target": -34.95775583301664, "params": {"C": 286.2276668069793, "epsilon": 38.32961968149861, "gamma": 0.06344517543977826, "lamda": 0.016163076356741208}, "datetime": {"datetime": "2021-10-06 09:19:28", "elapsed": 359.593025, "delta": 1.897048}}
{"target": -34.441024682634584, "params": {"C": 262.01482849209924, "epsilon": 38.00040458586243, "gamma": 0.08143638835519487, "lamda": 0.10470748379185064}, "datetime": {"datetime": "2021-10-06 09:19:30", "elapsed": 361.480191, "delta": 1.887166}}
{"target": -33.870018249357464, "params": {"C": 261.966781308094, "epsilon": 37.41659136110897, "gamma": 0.03444968487100044, "lamda": 0.05684685719980578}, "datetime": {"datetime": "2021-10-06 09:19:32", "elapsed": 363.278005, "delta": 1.797814}}
{"target": -34.12850670589754, "params": {"C": 335.8619404235477, "epsilon": 30.50582882496663, "gamma": 0.039896374487577074, "lamda": 0.07781344389105856}, "datetime": {"datetime": "2021-10-06 09:19:33", "elapsed": 365.123944, "delta": 1.845939}}
{"target": -33.79309973767662, "params": {"C": 287.9364755297216, "epsilon": 32.72187081123997, "gamma": 0.01883731307870748, "lamda": 0.050259670465006595}, "datetime": {"datetime": "2021-10-06 09:19:35", "elapsed": 366.841414, "delta": 1.71747}}
{"target": -36.784276964743576, "params": {"C": 262.020824429333, "epsilon": 37.40068785124098, "gamma": 0.0031706994802551632, "lamda": 0.10362308971940083}, "datetime": {"datetime": "2021-10-06 09:19:37", "elapsed": 369.094363, "delta": 2.252949}}
{"target": -34.38077956791531, "params": {"C": 264.89474910671487, "epsilon": 35.69575824621256, "gamma": 0.06778938905445925, "lamda": 0.13420556872017847}, "datetime": {"datetime": "2021-10-06 09:19:40", "elapsed": 371.918564, "delta": 2.824201}}
{"target": -34.102401949827026, "params": {"C": 244.6873007010282, "epsilon": 35.60133218875515, "gamma": 0.050493685370343336, "lamda": 0.05878571702049106}, "datetime": {"datetime": "2021-10-06 09:19:43", "elapsed": 374.468454, "delta": 2.54989}}
{"target": -34.15054471034754, "params": {"C": 393.7989611323915, "epsilon": 38.7252067903345, "gamma": 0.013394221376107181, "lamda": 0.05221240625006079}, "datetime": {"datetime": "2021-10-06 09:19:45", "elapsed": 376.211935, "delta": 1.743481}}
{"target": -33.79271720398455, "params": {"C": 373.84674401546283, "epsilon": 33.60389116744613, "gamma": 0.019194095676346758, "lamda": 0.08479332036746771}, "datetime": {"datetime": "2021-10-06 09:19:47", "elapsed": 378.22229, "delta": 2.010355}}
{"target": -33.930619970660345, "params": {"C": 217.14238296189197, "epsilon": 31.81543276101961, "gamma": 0.02555334293396526, "lamda": 0.0390657213681828}, "datetime": {"datetime": "2021-10-06 09:19:48", "elapsed": 380.092094, "delta": 1.869804}}
{"target": -34.22126544682764, "params": {"C": 347.5799191975243, "epsilon": 30.76347690044358, "gamma": 0.049582493463713545, "lamda": 0.07284624414311947}, "datetime": {"datetime": "2021-10-06 09:19:51", "elapsed": 382.618247, "delta": 2.526153}}
{"target": -36.37495060705188, "params": {"C": 244.662291111047, "epsilon": 35.66766818740323, "gamma": 0.06974802519725165, "lamda": 0.006417341689680544}, "datetime": {"datetime": "2021-10-06 09:19:53", "elapsed": 384.792817, "delta": 2.17457}}
{"target": -33.924439048265526, "params": {"C": 391.4654757894191, "epsilon": 35.39997725609079, "gamma": 0.026377625418860552, "lamda": 0.12577395788387802}, "datetime": {"datetime": "2021-10-06 09:19:55", "elapsed": 386.627088, "delta": 1.834271}}
{"target": -34.08448673299201, "params": {"C": 239.14183118547618, "epsilon": 35.751577430321234, "gamma": 0.05204359178789794, "lamda": 0.06961012218881059}, "datetime": {"datetime": "2021-10-06 09:19:57", "elapsed": 388.51424, "delta": 1.887152}}
{"target": -34.231073539292865, "params": {"C": 306.54219169764644, "epsilon": 38.210109118886216, "gamma": 0.053082672224812374, "lamda": 0.03938641872711794}, "datetime": {"datetime": "2021-10-06 09:19:59", "elapsed": 390.289618, "delta": 1.775378}}
{"target": -34.42338997301675, "params": {"C": 386.9926843470476, "epsilon": 34.47631476017949, "gamma": 0.00758975291554214, "lamda": 0.048000763379945785}, "datetime": {"datetime": "2021-10-06 09:20:00", "elapsed": 391.908041, "delta": 1.618423}}
{"target": -34.041989427290794, "params": {"C": 308.5592608283082, "epsilon": 34.94657777916707, "gamma": 0.04819789798526789, "lamda": 0.11247492077468983}, "datetime": {"datetime": "2021-10-06 09:20:02", "elapsed": 393.56096, "delta": 1.652919}}
{"target": -35.0779351598759, "params": {"C": 335.74018407287514, "epsilon": 37.4136153654446, "gamma": 0.09827501874521624, "lamda": 0.042694727867711585}, "datetime": {"datetime": "2021-10-06 09:20:04", "elapsed": 395.579138, "delta": 2.018178}}
{"target": -34.96080406948898, "params": {"C": 386.82688203091317, "epsilon": 30.024491339578674, "gamma": 0.09018547469959584, "lamda": 0.055208691250745276}, "datetime": {"datetime": "2021-10-06 09:20:06", "elapsed": 397.330539, "delta": 1.751401}}
{"target": -34.543473970907854, "params": {"C": 289.6008554466702, "epsilon": 37.116633475228035, "gamma": 0.07861859377140724, "lamda": 0.0546103061471698}, "datetime": {"datetime": "2021-10-06 09:20:07", "elapsed": 399.041622, "delta": 1.711083}}
{"target": -33.99394194355919, "params": {"C": 306.9507271470003, "epsilon": 35.04250361663794, "gamma": 0.03866580606537185, "lamda": 0.0426269528358567}, "datetime": {"datetime": "2021-10-06 09:20:09", "elapsed": 400.71414, "delta": 1.672518}}
{"target": -34.21106218692629, "params": {"C": 335.8629232680885, "epsilon": 33.38986204712757, "gamma": 0.05451248343404173, "lamda": 0.10608843328454853}, "datetime": {"datetime": "2021-10-06 09:20:11", "elapsed": 402.52512, "delta": 1.81098}}
{"target": -34.10955287165073, "params": {"C": 295.74489048390205, "epsilon": 36.88512671701971, "gamma": 0.05037188325851343, "lamda": 0.053824533098164776}, "datetime": {"datetime": "2021-10-06 09:20:13", "elapsed": 404.811151, "delta": 2.286031}}
{"target": -33.748622637775334, "params": {"C": 368.32457503333444, "epsilon": 36.085026919095455, "gamma": 0.01883726679367985, "lamda": 0.059707260987376075}, "datetime": {"datetime": "2021-10-06 09:20:15", "elapsed": 406.630693, "delta": 1.819542}}
{"target": -34.661901333711, "params": {"C": 344.1775571769007, "epsilon": 32.55313896045201, "gamma": 0.08412703318079431, "lamda": 0.07165143046321305}, "datetime": {"datetime": "2021-10-06 09:20:18", "elapsed": 409.766092, "delta": 3.135399}}
{"target": -34.22917145373213, "params": {"C": 287.03113938068424, "epsilon": 38.913413056830635, "gamma": 0.03831636621679038, "lamda": 0.013700345590124039}, "datetime": {"datetime": "2021-10-06 09:20:21", "elapsed": 412.916924, "delta": 3.150832}}
{"target": -34.006105159897736, "params": {"C": 339.05980603471903, "epsilon": 30.279307957582137, "gamma": 0.02817971017081116, "lamda": 0.08769405588524383}, "datetime": {"datetime": "2021-10-06 09:20:23", "elapsed": 414.883106, "delta": 1.966182}}
{"target": -34.03743997820592, "params": {"C": 282.8897343270755, "epsilon": 35.00260427745412, "gamma": 0.04526072495673378, "lamda": 0.056536832756905506}, "datetime": {"datetime": "2021-10-06 09:20:25", "elapsed": 416.599107, "delta": 1.716001}}
{"target": -34.20609046607366, "params": {"C": 365.7998929519715, "epsilon": 35.00067502417056, "gamma": 0.053952027638199083, "lamda": 0.1318880840304931}, "datetime": {"datetime": "2021-10-06 09:20:27", "elapsed": 418.315565, "delta": 1.716458}}
{"target": -33.72466296619979, "params": {"C": 248.742868137181, "epsilon": 35.67976716547499, "gamma": 0.022254139042118162, "lamda": 0.07420018447831982}, "datetime": {"datetime": "2021-10-06 09:20:28", "elapsed": 420.203915, "delta": 1.88835}}
{"target": -39.707431915065996, "params": {"C": 312.9283358517846, "epsilon": 33.50969929480659, "gamma": 0.002, "lamda": 0.1186109237904272}, "datetime": {"datetime": "2021-10-06 09:20:31", "elapsed": 422.679243, "delta": 2.475328}}
{"target": -35.18655486263882, "params": {"C": 289.0082785788679, "epsilon": 33.830087479122575, "gamma": 0.09930307389311452, "lamda": 0.039475405131065164}, "datetime": {"datetime": "2021-10-06 09:20:33", "elapsed": 424.360173, "delta": 1.68093}}
{"target": -34.83666059760451, "params": {"C": 311.64873559809615, "epsilon": 36.528914680899334, "gamma": 0.003136452637711404, "lamda": 0.027353858483534204}, "datetime": {"datetime": "2021-10-06 09:20:35", "elapsed": 426.252421, "delta": 1.892248}}
{"target": -35.512548013032216, "params": {"C": 248.81089338053928, "epsilon": 34.778639278196344, "gamma": 0.00853273137361028, "lamda": 0.14161755759944544}, "datetime": {"datetime": "2021-10-06 09:20:36", "elapsed": 428.166139, "delta": 1.913718}}
{"target": -34.994665886837, "params": {"C": 263.77865345255356, "epsilon": 35.63606253859162, "gamma": 0.09944391145635412, "lamda": 0.14096891591952398}, "datetime": {"datetime": "2021-10-06 09:20:38", "elapsed": 430.190378, "delta": 2.024239}}
{"target": -34.52917234111678, "params": {"C": 244.90318124426713, "epsilon": 35.97154010334817, "gamma": 0.007969807780605874, "lamda": 0.07790615748301977}, "datetime": {"datetime": "2021-10-06 09:20:40", "elapsed": 432.151886, "delta": 1.961508}}
{"target": -34.681681579685254, "params": {"C": 334.0271501776402, "epsilon": 37.148535174200774, "gamma": 0.09256364092003222, "lamda": 0.12379138784710769}, "datetime": {"datetime": "2021-10-06 09:20:42", "elapsed": 433.994205, "delta": 1.842319}}
