{"target": -34.321110744516034, "params": {"C": 96.31723950584656, "epsilon": 23.166441102775654, "gamma": 0.05297162174658211, "lamda": 0.08073809135594655}, "datetime": {"datetime": "2021-10-05 14:24:29", "elapsed": 224.534088, "delta": 1.154331}}
{"target": -36.65451378249405, "params": {"C": 96.62499041890507, "epsilon": 22.940498725073155, "gamma": 0.0765644097059548, "lamda": 0.14918727505189516}, "datetime": {"datetime": "2021-10-05 14:24:32", "elapsed": 227.119692, "delta": 2.585604}}
{"target": -38.54013405510505, "params": {"C": 95.8211316326279, "epsilon": 23.21732718279042, "gamma": 0.12964542723669678, "lamda": 0.14305277344818326}, "datetime": {"datetime": "2021-10-05 14:24:34", "elapsed": 228.951277, "delta": 1.831585}}
{"target": -41.07710694030326, "params": {"C": 135.9946509182796, "epsilon": 14.586811331682904, "gamma": 0.15391854078170217, "lamda": 0.010370168003256885}, "datetime": {"datetime": "2021-10-05 14:24:35", "elapsed": 230.068253, "delta": 1.116976}}
{"target": -38.21544727575596, "params": {"C": 159.46839725433944, "epsilon": 29.743438481284215, "gamma": 0.19886232959570008, "lamda": 0.072686858920284}, "datetime": {"datetime": "2021-10-05 14:24:37", "elapsed": 232.182178, "delta": 2.113925}}
{"target": -39.70095506962556, "params": {"C": 96.1739814032151, "epsilon": 22.77739841974158, "gamma": 0.0001, "lamda": 0.0001}, "datetime": {"datetime": "2021-10-05 14:24:39", "elapsed": 234.538293, "delta": 2.356115}}
{"target": -42.63137598764835, "params": {"C": 191.77275744300704, "epsilon": 22.56393376978876, "gamma": 0.10900999377179314, "lamda": 0.29279938056884564}, "datetime": {"datetime": "2021-10-05 14:24:41", "elapsed": 235.729509, "delta": 1.191216}}
{"target": -42.4356323592133, "params": {"C": 83.80971864346719, "epsilon": 18.14542981140311, "gamma": 0.0001, "lamda": 0.0001}, "datetime": {"datetime": "2021-10-05 14:24:43", "elapsed": 238.505106, "delta": 2.775597}}
{"target": -33.24380612182092, "params": {"C": 40.804121111045845, "epsilon": 26.75889111946355, "gamma": 0.005251258780728714, "lamda": 0.02222234291935748}, "datetime": {"datetime": "2021-10-05 14:24:45", "elapsed": 240.334909, "delta": 1.829803}}
{"target": -40.57006229746675, "params": {"C": 96.83900473558462, "epsilon": 23.194879181954406, "gamma": 0.24543710789463175, "lamda": 0.04304451354573879}, "datetime": {"datetime": "2021-10-05 14:24:48", "elapsed": 243.090605, "delta": 2.755696}}
{"target": -46.511965982204444, "params": {"C": 96.41578999761626, "epsilon": 23.228302523888626, "gamma": 0.17233333160791994, "lamda": 0.341496666441706}, "datetime": {"datetime": "2021-10-05 14:24:50", "elapsed": 245.007064, "delta": 1.916459}}
{"target": -38.589801658552666, "params": {"C": 97.19500407020976, "epsilon": 22.443038950321846, "gamma": 0.10229276511575625, "lamda": 0.1751079447038596}, "datetime": {"datetime": "2021-10-05 14:24:53", "elapsed": 247.864228, "delta": 2.857164}}
{"target": -47.84492583093829, "params": {"C": 159.44311590685476, "epsilon": 29.326811478346123, "gamma": 0.3457050485363088, "lamda": 0.3571005517882306}, "datetime": {"datetime": "2021-10-05 14:24:55", "elapsed": 250.018726, "delta": 2.154498}}
{"target": -34.44777169449444, "params": {"C": 68.59400665131011, "epsilon": 20.051690646333768, "gamma": 0.042084259501085027, "lamda": 0.06851311396896657}, "datetime": {"datetime": "2021-10-05 14:24:57", "elapsed": 251.917683, "delta": 1.898957}}
{"target": -38.41910078335724, "params": {"C": 33.48203106651021, "epsilon": 23.598566489126302, "gamma": 0.09780597707214045, "lamda": 0.18632634209993265}, "datetime": {"datetime": "2021-10-05 14:24:58", "elapsed": 253.093742, "delta": 1.176059}}
{"target": -41.778156015825786, "params": {"C": 160.15745237493326, "epsilon": 29.627598993267718, "gamma": 0.3013591970675821, "lamda": 0.1017342904320533}, "datetime": {"datetime": "2021-10-05 14:25:00", "elapsed": 255.67392, "delta": 2.580178}}
{"target": -41.63088252591369, "params": {"C": 33.36694711125569, "epsilon": 24.01631393358799, "gamma": 0.26289808717881225, "lamda": 0.06948129493959716}, "datetime": {"datetime": "2021-10-05 14:25:03", "elapsed": 257.830964, "delta": 2.157044}}
{"target": -48.964513169465306, "params": {"C": 33.952609579956054, "epsilon": 23.278753625402594, "gamma": 0.36746291218104565, "lamda": 0.25953347844887925}, "datetime": {"datetime": "2021-10-05 14:25:05", "elapsed": 259.743001, "delta": 1.912037}}
{"target": -33.57438171213376, "params": {"C": 159.8292291146136, "epsilon": 29.859716282295075, "gamma": 0.029025835746680117, "lamda": 0.007987155023545847}, "datetime": {"datetime": "2021-10-05 14:25:07", "elapsed": 261.806807, "delta": 2.063806}}
{"target": -39.3411096972131, "params": {"C": 145.06503632085543, "epsilon": 25.435547487596008, "gamma": 0.16411420212449213, "lamda": 0.14169844737079837}, "datetime": {"datetime": "2021-10-05 14:25:08", "elapsed": 262.936132, "delta": 1.129325}}
{"target": -51.24994245487304, "params": {"C": 102.6237868386254, "epsilon": 12.382744146603885, "gamma": 0.1783738606253786, "lamda": 0.31542348415456894}, "datetime": {"datetime": "2021-10-05 14:25:09", "elapsed": 264.135868, "delta": 1.199736}}
{"target": -45.35604260646433, "params": {"C": 97.63366781641898, "epsilon": 22.630001771646953, "gamma": 0.355426896243681, "lamda": 0.12638374207604233}, "datetime": {"datetime": "2021-10-05 14:25:11", "elapsed": 266.510067, "delta": 2.374199}}
{"target": -45.56125538008224, "params": {"C": 68.249331194228, "epsilon": 20.34117532199906, "gamma": 0.21117035145851543, "lamda": 0.23635837370747648}, "datetime": {"datetime": "2021-10-05 14:25:14", "elapsed": 269.455038, "delta": 2.944971}}
{"target": -42.85678089073516, "params": {"C": 49.77615664592528, "epsilon": 1.7637320708641462, "gamma": 0.12614068329336234, "lamda": 0.01929022134461334}, "datetime": {"datetime": "2021-10-05 14:25:16", "elapsed": 270.782316, "delta": 1.327278}}
{"target": -39.74436295738583, "params": {"C": 96.74770566311608, "epsilon": 22.517127315175614, "gamma": 0.0001, "lamda": 0.0001}, "datetime": {"datetime": "2021-10-05 14:25:18", "elapsed": 273.526123, "delta": 2.743807}}
{"target": -35.91627442728411, "params": {"C": 95.74915903902748, "epsilon": 23.89644352127987, "gamma": 0.07765134324631104, "lamda": 0.005920703659040395}, "datetime": {"datetime": "2021-10-05 14:25:21", "elapsed": 275.87985, "delta": 2.353727}}
{"target": -43.589014448185175, "params": {"C": 95.78303157653194, "epsilon": 24.21943079177388, "gamma": 0.2944631274515797, "lamda": 0.13034371104340037}, "datetime": {"datetime": "2021-10-05 14:25:23", "elapsed": 278.649121, "delta": 2.769271}}
{"target": -43.01960557067143, "params": {"C": 84.41691964290456, "epsilon": 16.60980382647773, "gamma": 0.0001, "lamda": 0.0001}, "datetime": {"datetime": "2021-10-05 14:25:26", "elapsed": 281.494965, "delta": 2.845844}}
{"target": -42.77291332985176, "params": {"C": 83.59837678962202, "epsilon": 17.365358028268194, "gamma": 0.0001, "lamda": 0.0001}, "datetime": {"datetime": "2021-10-05 14:25:29", "elapsed": 284.070208, "delta": 2.575243}}
{"target": -55.2273185277638, "params": {"C": 184.15814812082738, "epsilon": 4.6752125919013325, "gamma": 0.13690801534831867, "lamda": 0.3273376812686253}, "datetime": {"datetime": "2021-10-05 14:25:30", "elapsed": 285.229869, "delta": 1.159661}}
{"target": -44.93840588522314, "params": {"C": 96.90657761981133, "epsilon": 21.95454838484433, "gamma": 0.2000781075776635, "lamda": 0.24861534904025076}, "datetime": {"datetime": "2021-10-05 14:25:32", "elapsed": 287.644146, "delta": 2.414277}}
{"target": -33.27472941857964, "params": {"C": 170.06158389628052, "epsilon": 29.25593371521077, "gamma": 0.02905069097006022, "lamda": 0.08181106757691531}, "datetime": {"datetime": "2021-10-05 14:25:34", "elapsed": 289.188962, "delta": 1.544816}}
{"target": -41.50255335727455, "params": {"C": 170.5354904985539, "epsilon": 28.90575484682677, "gamma": 0.311819401871689, "lamda": 0.07700760133057294}, "datetime": {"datetime": "2021-10-05 14:25:36", "elapsed": 291.00209, "delta": 1.813128}}
{"target": -51.05505952510563, "params": {"C": 32.92890360162838, "epsilon": 23.257958209772443, "gamma": 0.3166224015542155, "lamda": 0.37226314738222144}, "datetime": {"datetime": "2021-10-05 14:25:39", "elapsed": 293.859479, "delta": 2.857389}}
{"target": -35.240686720910944, "params": {"C": 179.6587268202701, "epsilon": 16.452687811644076, "gamma": 0.027438337945287994, "lamda": 0.08584755753516383}, "datetime": {"datetime": "2021-10-05 14:25:40", "elapsed": 295.136538, "delta": 1.277059}}
{"target": -40.10900740291605, "params": {"C": 170.01230182193237, "epsilon": 29.533369385543175, "gamma": 0.27901782126147817, "lamda": 0.03382821257674149}, "datetime": {"datetime": "2021-10-05 14:25:42", "elapsed": 297.647031, "delta": 2.510493}}
{"target": -35.90919254226358, "params": {"C": 179.88660543900323, "epsilon": 16.009085749655647, "gamma": 0.06262232732014304, "lamda": 0.07152837806209217}, "datetime": {"datetime": "2021-10-05 14:25:45", "elapsed": 300.305028, "delta": 2.657997}}
{"target": -46.59624680960229, "params": {"C": 164.33357249926436, "epsilon": 4.712946952992256, "gamma": 0.34421140001570033, "lamda": 0.06316783565278924}, "datetime": {"datetime": "2021-10-05 14:25:46", "elapsed": 301.631268, "delta": 1.32624}}
{"target": -34.486623581990465, "params": {"C": 170.29817332522774, "epsilon": 29.44173436915363, "gamma": 0.009475872268861976, "lamda": 0.1862741232827054}, "datetime": {"datetime": "2021-10-05 14:25:49", "elapsed": 303.836007, "delta": 2.204739}}
{"target": -50.425560356788836, "params": {"C": 89.67220689046644, "epsilon": 11.77683833715378, "gamma": 0.20420020860282967, "lamda": 0.2687804897668906}, "datetime": {"datetime": "2021-10-05 14:25:50", "elapsed": 305.095904, "delta": 1.259897}}
{"target": -40.42809706374521, "params": {"C": 170.14186156334935, "epsilon": 29.014844090208026, "gamma": 0.1264915995234378, "lamda": 0.27249183349194284}, "datetime": {"datetime": "2021-10-05 14:25:53", "elapsed": 307.881198, "delta": 2.785294}}
{"target": -45.06693175626427, "params": {"C": 138.42943034030225, "epsilon": 20.284050896194497, "gamma": 0.3887570916962227, "lamda": 0.07623321493052958}, "datetime": {"datetime": "2021-10-05 14:25:54", "elapsed": 309.011537, "delta": 1.130339}}
{"target": -51.52210485264007, "params": {"C": 133.42513501450935, "epsilon": 4.8635669723684405, "gamma": 0.2450630255562672, "lamda": 0.2341231169099571}, "datetime": {"datetime": "2021-10-05 14:25:55", "elapsed": 310.44047, "delta": 1.428933}}
{"target": -35.890723419118856, "params": {"C": 70.61234315759793, "epsilon": 27.98514802760482, "gamma": 0.11367810550464229, "lamda": 0.08921806479090802}, "datetime": {"datetime": "2021-10-05 14:25:56", "elapsed": 311.564972, "delta": 1.124502}}
{"target": -43.0674350547011, "params": {"C": 179.62099571115684, "epsilon": 16.070658287898567, "gamma": 0.233465028813501, "lamda": 0.006634390822978665}, "datetime": {"datetime": "2021-10-05 14:25:59", "elapsed": 314.220381, "delta": 2.655409}}
{"target": -48.549251899876914, "params": {"C": 136.54643362040136, "epsilon": 24.367328114454445, "gamma": 0.23339583433503408, "lamda": 0.36456166940407425}, "datetime": {"datetime": "2021-10-05 14:26:00", "elapsed": 315.40408, "delta": 1.183699}}
{"target": -41.79962852368981, "params": {"C": 180.18726079223038, "epsilon": 16.21000702334227, "gamma": 0.03502228191296184, "lamda": 0.28254967931989977}, "datetime": {"datetime": "2021-10-05 14:26:03", "elapsed": 318.079324, "delta": 2.675244}}
{"target": -36.490719326787804, "params": {"C": 170.6012595502176, "epsilon": 29.5901594514667, "gamma": 0.07963793385891718, "lamda": 0.004960280991110401}, "datetime": {"datetime": "2021-10-05 14:26:06", "elapsed": 320.921874, "delta": 2.84255}}
{"target": -33.39224548003395, "params": {"C": 40.93127922842227, "epsilon": 26.49029651280331, "gamma": 0.02701896163821377, "lamda": 0.061114682964215114}, "datetime": {"datetime": "2021-10-05 14:26:08", "elapsed": 323.63596, "delta": 2.714086}}
{"target": -46.6802485811541, "params": {"C": 30.094957389254954, "epsilon": 20.870741425079927, "gamma": 0.2763193944027073, "lamda": 0.21622407795599444}, "datetime": {"datetime": "2021-10-05 14:26:10", "elapsed": 324.994193, "delta": 1.358233}}
{"target": -35.05621634928055, "params": {"C": 179.32823980770996, "epsilon": 16.863475212319045, "gamma": 0.022551906047096303, "lamda": 0.0046336674507810455}, "datetime": {"datetime": "2021-10-05 14:26:12", "elapsed": 327.590709, "delta": 2.596516}}
{"target": -37.46046623302418, "params": {"C": 130.01014472474276, "epsilon": 29.224005588693572, "gamma": 0.12690303259834573, "lamda": 0.15398111770105719}, "datetime": {"datetime": "2021-10-05 14:26:14", "elapsed": 328.816304, "delta": 1.225595}}
{"target": -40.18380390661292, "params": {"C": 83.39481261792247, "epsilon": 17.734548677123747, "gamma": 0.1851607428507316, "lamda": 0.08532420366310703}, "datetime": {"datetime": "2021-10-05 14:26:15", "elapsed": 330.276832, "delta": 1.460528}}
{"target": -42.797279607448814, "params": {"C": 170.78833683038278, "epsilon": 29.519767620461796, "gamma": 0.10781172470109764, "lamda": 0.3924525930123865}, "datetime": {"datetime": "2021-10-05 14:26:17", "elapsed": 332.410078, "delta": 2.133246}}
{"target": -48.26506132946567, "params": {"C": 179.69197120531072, "epsilon": 16.994751278845563, "gamma": 0.30258347752336706, "lamda": 0.1908452659943188}, "datetime": {"datetime": "2021-10-05 14:26:20", "elapsed": 335.030435, "delta": 2.620357}}
{"target": -39.74014896082321, "params": {"C": 71.14939321209596, "epsilon": 27.663133269289766, "gamma": 0.2321117019306448, "lamda": 0.01071662529031145}, "datetime": {"datetime": "2021-10-05 14:26:22", "elapsed": 337.580016, "delta": 2.549581}}
{"target": -44.77893658511189, "params": {"C": 141.14327057035166, "epsilon": 22.99336028297955, "gamma": 0.2603810013101423, "lamda": 0.19500761118957494}, "datetime": {"datetime": "2021-10-05 14:26:24", "elapsed": 339.028168, "delta": 1.448152}}
{"target": -44.247557719950315, "params": {"C": 178.7994839625223, "epsilon": 16.672223240150522, "gamma": 0.18889932724327857, "lamda": 0.19252468093400582}, "datetime": {"datetime": "2021-10-05 14:26:27", "elapsed": 342.575882, "delta": 3.547714}}
{"target": -39.70658577767334, "params": {"C": 70.93600083231357, "epsilon": 28.056448235419488, "gamma": 0.0001, "lamda": 0.0001}, "datetime": {"datetime": "2021-10-05 14:26:30", "elapsed": 345.364143, "delta": 2.788261}}
{"target": -39.17272636441872, "params": {"C": 70.64526804376511, "epsilon": 27.433540100446823, "gamma": 0.15196334030327255, "lamda": 0.1670729288424355}, "datetime": {"datetime": "2021-10-05 14:26:33", "elapsed": 348.57194, "delta": 3.207797}}
{"target": -33.45666677526466, "params": {"C": 159.96399450138247, "epsilon": 27.627943624003002, "gamma": 0.03359189102665114, "lamda": 0.03137181204816132}, "datetime": {"datetime": "2021-10-05 14:26:36", "elapsed": 351.595035, "delta": 3.023095}}
{"target": -39.42054257940597, "params": {"C": 130.2309049637869, "epsilon": 29.77279849915101, "gamma": 0.2503162603154311, "lamda": 0.05831551329137346}, "datetime": {"datetime": "2021-10-05 14:26:39", "elapsed": 354.23096, "delta": 2.635925}}
{"target": -39.35356259865659, "params": {"C": 129.44356653190115, "epsilon": 28.896454935325167, "gamma": 0.16507675975940567, "lamda": 0.1658604203850904}, "datetime": {"datetime": "2021-10-05 14:26:42", "elapsed": 356.850657, "delta": 2.619697}}
{"target": -46.794840098669724, "params": {"C": 28.741786752967545, "epsilon": 13.806950804363618, "gamma": 0.2556127414446156, "lamda": 0.15968207366885087}, "datetime": {"datetime": "2021-10-05 14:26:43", "elapsed": 358.14971, "delta": 1.299053}}
{"target": -45.95438319811105, "params": {"C": 184.98328022800632, "epsilon": 5.919505995794719, "gamma": 0.14783227692817116, "lamda": 0.20460481468835912}, "datetime": {"datetime": "2021-10-05 14:26:44", "elapsed": 359.536204, "delta": 1.386494}}
{"target": -39.445429933592195, "params": {"C": 96.0972493518492, "epsilon": 23.558601666016983, "gamma": 0.0001, "lamda": 0.0001}, "datetime": {"datetime": "2021-10-05 14:26:48", "elapsed": 362.749557, "delta": 3.213353}}
{"target": -35.4527272553858, "params": {"C": 169.66458800234545, "epsilon": 29.187576106317714, "gamma": 0.0001, "lamda": 0.0001}, "datetime": {"datetime": "2021-10-05 14:26:52", "elapsed": 367.59249, "delta": 4.842933}}
{"target": -44.95782315208096, "params": {"C": 123.94489333989989, "epsilon": 27.638145657707202, "gamma": 0.24731046528946676, "lamda": 0.27333411088847986}, "datetime": {"datetime": "2021-10-05 14:26:54", "elapsed": 368.872072, "delta": 1.279582}}
{"target": -38.166664164850125, "params": {"C": 130.04931331981413, "epsilon": 28.56832614051921, "gamma": 0.18866532934963365, "lamda": 0.08554539051714807}, "datetime": {"datetime": "2021-10-05 14:26:56", "elapsed": 371.539307, "delta": 2.667235}}
{"target": -33.2876323625998, "params": {"C": 41.80452874706963, "epsilon": 26.768379402287778, "gamma": 0.004048099315340681, "lamda": 0.00817099252340079}, "datetime": {"datetime": "2021-10-05 14:26:59", "elapsed": 374.67172, "delta": 3.132413}}
{"target": -38.52808601935072, "params": {"C": 95.21605264953413, "epsilon": 23.87592404456235, "gamma": 0.15515314666564858, "lamda": 0.11487686519534326}, "datetime": {"datetime": "2021-10-05 14:27:02", "elapsed": 377.664743, "delta": 2.993023}}
{"target": -41.308856078129935, "params": {"C": 159.80098916365662, "epsilon": 27.210267306414348, "gamma": 0.051012391170767904, "lamda": 0.39111812327743584}, "datetime": {"datetime": "2021-10-05 14:27:07", "elapsed": 381.725139, "delta": 4.060396}}
{"target": -50.421934609092645, "params": {"C": 77.85107998305924, "epsilon": 1.8197637303591279, "gamma": 0.29593601101175804, "lamda": 0.16645779077310432}, "datetime": {"datetime": "2021-10-05 14:27:08", "elapsed": 383.079047, "delta": 1.353908}}
{"target": -40.65939475211883, "params": {"C": 169.59987412385524, "epsilon": 29.37160406657821, "gamma": 0.0036540694929826597, "lamda": 0.35587791551922215}, "datetime": {"datetime": "2021-10-05 14:27:10", "elapsed": 385.598795, "delta": 2.519748}}
{"target": -43.40543996569733, "params": {"C": 130.49662963737893, "epsilon": 28.83657108926863, "gamma": 0.33888809754476273, "lamda": 0.12208143580594664}, "datetime": {"datetime": "2021-10-05 14:27:14", "elapsed": 389.452509, "delta": 3.853714}}
{"target": -42.84686057430708, "params": {"C": 129.52937161850718, "epsilon": 29.502791648311, "gamma": 0.3115284577912075, "lamda": 0.1302619000426033}, "datetime": {"datetime": "2021-10-05 14:27:17", "elapsed": 392.62144, "delta": 3.168931}}
{"target": -37.68323436313858, "params": {"C": 180.14906576822736, "epsilon": 15.745905810481819, "gamma": 0.017062506654730032, "lamda": 0.16849982582899906}, "datetime": {"datetime": "2021-10-05 14:27:20", "elapsed": 395.100972, "delta": 2.479532}}
{"target": -42.86454438871403, "params": {"C": 171.2959310916585, "epsilon": 4.949533783678454, "gamma": 0.14410760374364026, "lamda": 0.060912322305985075}, "datetime": {"datetime": "2021-10-05 14:27:21", "elapsed": 396.6465, "delta": 1.545528}}
{"target": -42.5445940569453, "params": {"C": 175.31268638883634, "epsilon": 23.511557687845727, "gamma": 0.10851982495901373, "lamda": 0.3006253779788343}, "datetime": {"datetime": "2021-10-05 14:27:23", "elapsed": 398.026946, "delta": 1.380446}}
{"target": -34.38570158891579, "params": {"C": 42.02683969520532, "epsilon": 27.20033339418698, "gamma": 0.029786944091803713, "lamda": 0.16658355740709258}, "datetime": {"datetime": "2021-10-05 14:27:26", "elapsed": 401.180039, "delta": 3.153093}}
{"target": -42.151979285481126, "params": {"C": 174.0475701851082, "epsilon": 25.30197750010968, "gamma": 0.2716786948254801, "lamda": 0.11293664417521852}, "datetime": {"datetime": "2021-10-05 14:27:28", "elapsed": 402.709814, "delta": 1.529775}}
{"target": -43.396431236365416, "params": {"C": 95.48839091627814, "epsilon": 23.444037166887476, "gamma": 0.2439122491079624, "lamda": 0.17299294222152917}, "datetime": {"datetime": "2021-10-05 14:27:30", "elapsed": 405.4772, "delta": 2.767386}}
{"target": -40.18094102789542, "params": {"C": 179.42657550575646, "epsilon": 28.331822713869702, "gamma": 0.16764877068903278, "lamda": 0.0036712531880555527}, "datetime": {"datetime": "2021-10-05 14:27:32", "elapsed": 407.041366, "delta": 1.564166}}
{"target": -40.75659971294701, "params": {"C": 42.66803260342028, "epsilon": 27.098663320794863, "gamma": 0.2946726053085356, "lamda": 0.010793493501683031}, "datetime": {"datetime": "2021-10-05 14:27:35", "elapsed": 409.722662, "delta": 2.681296}}
{"target": -42.8530989643429, "params": {"C": 41.810024521547504, "epsilon": 27.284636340332316, "gamma": 0.19713326695461994, "lamda": 0.24420871530500132}, "datetime": {"datetime": "2021-10-05 14:27:38", "elapsed": 413.113436, "delta": 3.390774}}
{"target": -42.24666902552217, "params": {"C": 42.290473480524646, "epsilon": 27.38958536588635, "gamma": 0.0001, "lamda": 0.0001}, "datetime": {"datetime": "2021-10-05 14:27:42", "elapsed": 417.247724, "delta": 4.134288}}
{"target": -46.661416652666844, "params": {"C": 48.2176684592634, "epsilon": 25.726235312857455, "gamma": 0.00022992046934038702, "lamda": 0.19598627547737246}, "datetime": {"datetime": "2021-10-05 14:27:43", "elapsed": 418.611451, "delta": 1.363727}}
{"target": -37.28753820448166, "params": {"C": 42.0533268769419, "epsilon": 27.029096696973042, "gamma": 0.15147097759186892, "lamda": 0.0760133006528365}, "datetime": {"datetime": "2021-10-05 14:27:46", "elapsed": 421.209552, "delta": 2.598101}}
{"target": -40.51059894507017, "params": {"C": 138.44267577818619, "epsilon": 28.81588201993675, "gamma": 0.08733187458726634, "lamda": 0.33444709427870045}, "datetime": {"datetime": "2021-10-05 14:27:48", "elapsed": 423.028798, "delta": 1.819246}}
