{"target": -34.93836036779956, "params": {"C": 70.68033275464862, "epsilon": 48.63004421984347, "gamma": 0.039176031844473894, "lamda": 0.04411900187448724}, "datetime": {"datetime": "2021-10-06 09:03:29", "elapsed": 17.412788, "delta": 0.393119}}
{"target": -34.616891755790796, "params": {"C": 86.93808700913148, "epsilon": 42.29212469524794, "gamma": 0.09330321811531513, "lamda": 0.10166488772596592}, "datetime": {"datetime": "2021-10-06 09:03:29", "elapsed": 17.808867, "delta": 0.396079}}
{"target": -34.6482222644491, "params": {"C": 129.34517907298599, "epsilon": 29.005298454701208, "gamma": 0.06858499837044064, "lamda": 0.039269681614089676}, "datetime": {"datetime": "2021-10-06 09:03:29", "elapsed": 18.326576, "delta": 0.517709}}
{"target": -34.63405423761118, "params": {"C": 84.86097326862084, "epsilon": 36.03332467952507, "gamma": 0.08284339141794161, "lamda": 0.05433539123819137}, "datetime": {"datetime": "2021-10-06 09:03:30", "elapsed": 18.684148, "delta": 0.357572}}
{"target": -34.134603149047095, "params": {"C": 192.33191958069474, "epsilon": 42.36735476565193, "gamma": 0.060289445495535214, "lamda": 0.10440914611779191}, "datetime": {"datetime": "2021-10-06 09:03:30", "elapsed": 19.112477, "delta": 0.428329}}
{"target": -34.26363896984448, "params": {"C": 198.0730411499889, "epsilon": 41.45695423985922, "gamma": 0.010605398217203158, "lamda": 0.01152220189109154}, "datetime": {"datetime": "2021-10-06 09:03:31", "elapsed": 19.608616, "delta": 0.496139}}
{"target": -34.517755764034746, "params": {"C": 86.29422121186268, "epsilon": 30.210340231533557, "gamma": 0.04285924293942157, "lamda": 0.12784985828306483}, "datetime": {"datetime": "2021-10-06 09:03:31", "elapsed": 19.972161, "delta": 0.363545}}
{"target": -34.615335911168124, "params": {"C": 138.13051568180143, "epsilon": 28.82832580049309, "gamma": 0.055264681627358876, "lamda": 0.10521911886140642}, "datetime": {"datetime": "2021-10-06 09:03:31", "elapsed": 20.3673, "delta": 0.395139}}
{"target": -34.45561769842381, "params": {"C": 76.65240647146597, "epsilon": 46.361499976000104, "gamma": 0.042271921240158924, "lamda": 0.05655285802037757}, "datetime": {"datetime": "2021-10-06 09:03:32", "elapsed": 20.762365, "delta": 0.395065}}
{"target": -34.77831734343006, "params": {"C": 156.11182052091687, "epsilon": 47.67307712406563, "gamma": 0.052216287829643146, "lamda": 0.04498972018047298}, "datetime": {"datetime": "2021-10-06 09:03:32", "elapsed": 21.169251, "delta": 0.406886}}
{"target": -34.360970556383, "params": {"C": 133.0410681341383, "epsilon": 36.987991281841026, "gamma": 0.04006917708348754, "lamda": 0.013081273168128477}, "datetime": {"datetime": "2021-10-06 09:03:33", "elapsed": 21.587187, "delta": 0.417936}}
{"target": -34.59081369392811, "params": {"C": 184.50090177097368, "epsilon": 33.33298363725898, "gamma": 0.05497396199807044, "lamda": 0.018280235922456804}, "datetime": {"datetime": "2021-10-06 09:03:33", "elapsed": 22.012808, "delta": 0.425621}}
{"target": -35.29900720382134, "params": {"C": 58.026503878447066, "epsilon": 28.492810665600622, "gamma": 0.08564950786979152, "lamda": 0.02203172949246648}, "datetime": {"datetime": "2021-10-06 09:03:34", "elapsed": 22.514661, "delta": 0.501853}}
{"target": -33.94062319878426, "params": {"C": 144.24081209756196, "epsilon": 32.888898244770125, "gamma": 0.026107546685318637, "lamda": 0.027181501641186722}, "datetime": {"datetime": "2021-10-06 09:03:34", "elapsed": 22.96411, "delta": 0.449449}}
{"target": -34.68517003076996, "params": {"C": 187.89865575580612, "epsilon": 49.325398388303974, "gamma": 0.02632157383473186, "lamda": 0.02163020475543808}, "datetime": {"datetime": "2021-10-06 09:03:34", "elapsed": 23.368394, "delta": 0.404284}}
{"target": -35.32222713786949, "params": {"C": 112.56382605706344, "epsilon": 45.58072582930102, "gamma": 0.07130773258043016, "lamda": 0.024808810654821736}, "datetime": {"datetime": "2021-10-06 09:03:35", "elapsed": 23.831403, "delta": 0.463009}}
{"target": -34.30608650377566, "params": {"C": 95.85238085815192, "epsilon": 45.570823188726045, "gamma": 0.06372838289048909, "lamda": 0.13680198765666357}, "datetime": {"datetime": "2021-10-06 09:03:35", "elapsed": 24.296241, "delta": 0.464838}}
{"target": -34.27388834732395, "params": {"C": 144.31026413535946, "epsilon": 39.74554278485503, "gamma": 0.06656871920559786, "lamda": 0.14871149271310588}, "datetime": {"datetime": "2021-10-06 09:03:36", "elapsed": 24.723397, "delta": 0.427156}}
{"target": -34.69890772454649, "params": {"C": 32.64477353282375, "epsilon": 37.482474816538556, "gamma": 0.05165575796590468, "lamda": 0.019049621127588734}, "datetime": {"datetime": "2021-10-06 09:03:36", "elapsed": 25.202546, "delta": 0.479149}}
{"target": -34.71148709833293, "params": {"C": 195.3637479723746, "epsilon": 38.933220268860694, "gamma": 0.0984736425911053, "lamda": 0.11899161391927955}, "datetime": {"datetime": "2021-10-06 09:03:37", "elapsed": 25.618392, "delta": 0.415846}}
{"target": -35.675487611289775, "params": {"C": 112.21417500722985, "epsilon": 30.795264125925762, "gamma": 0.08071981973386097, "lamda": 0.013118927601729051}, "datetime": {"datetime": "2021-10-06 09:03:37", "elapsed": 26.078337, "delta": 0.459945}}
{"target": -34.86478238621053, "params": {"C": 159.70744152447725, "epsilon": 30.396375552868946, "gamma": 0.023256367162236516, "lamda": 0.14199492908169006}, "datetime": {"datetime": "2021-10-06 09:03:38", "elapsed": 26.517149, "delta": 0.438812}}
{"target": -34.33785657417111, "params": {"C": 37.168557017530304, "epsilon": 47.45823640423189, "gamma": 0.05144520112045802, "lamda": 0.14795147068660214}, "datetime": {"datetime": "2021-10-06 09:03:38", "elapsed": 27.052714, "delta": 0.535565}}
{"target": -34.40339506532752, "params": {"C": 136.15292260045425, "epsilon": 45.89458623060618, "gamma": 0.03411820271048853, "lamda": 0.05757128666712914}, "datetime": {"datetime": "2021-10-06 09:03:39", "elapsed": 27.484943, "delta": 0.432229}}
{"target": -34.444928365390865, "params": {"C": 160.06374975325346, "epsilon": 32.528539158258205, "gamma": 0.07046664943311023, "lamda": 0.067141586273939}, "datetime": {"datetime": "2021-10-06 09:03:39", "elapsed": 27.952895, "delta": 0.467952}}
{"target": -34.711175183529065, "params": {"C": 81.27439412849364, "epsilon": 49.69136763846311, "gamma": 0.06876664227315424, "lamda": 0.13635849617816492}, "datetime": {"datetime": "2021-10-06 09:03:40", "elapsed": 28.479728, "delta": 0.526833}}
{"target": -35.235598889166326, "params": {"C": 129.03484660093696, "epsilon": 40.66223673197426, "gamma": 0.08670190643100077, "lamda": 0.03186091095854604}, "datetime": {"datetime": "2021-10-06 09:03:40", "elapsed": 28.986545, "delta": 0.506817}}
{"target": -34.91362707985441, "params": {"C": 108.4456412359913, "epsilon": 33.71028036635465, "gamma": 0.0840452460826838, "lamda": 0.14844917048916767}, "datetime": {"datetime": "2021-10-06 09:03:41", "elapsed": 29.419663, "delta": 0.433118}}
{"target": -34.48899116566374, "params": {"C": 160.1371511269655, "epsilon": 35.206959712549754, "gamma": 0.07879307021323008, "lamda": 0.10740553741771325}, "datetime": {"datetime": "2021-10-06 09:03:41", "elapsed": 29.887264, "delta": 0.467601}}
{"target": -33.9938775676133, "params": {"C": 199.80636742703035, "epsilon": 40.03521690682859, "gamma": 0.04856708400307549, "lamda": 0.1329408721935095}, "datetime": {"datetime": "2021-10-06 09:03:41", "elapsed": 30.371918, "delta": 0.484654}}
{"target": -34.961265529399796, "params": {"C": 198.60983450635936, "epsilon": 32.395128815734225, "gamma": 0.006319653848969269, "lamda": 0.08245708375798964}, "datetime": {"datetime": "2021-10-06 09:03:42", "elapsed": 30.845678, "delta": 0.47376}}
{"target": -35.139475261168776, "params": {"C": 114.41268961404243, "epsilon": 26.835936712176625, "gamma": 0.08417450063227265, "lamda": 0.08151071209758289}, "datetime": {"datetime": "2021-10-06 09:03:42", "elapsed": 31.289615, "delta": 0.443937}}
{"target": -34.823758647689935, "params": {"C": 26.48059645342404, "epsilon": 29.64109050478504, "gamma": 0.06504953185741041, "lamda": 0.029394772719642984}, "datetime": {"datetime": "2021-10-06 09:03:43", "elapsed": 31.78664, "delta": 0.497025}}
{"target": -35.14432227273626, "params": {"C": 190.71689763881702, "epsilon": 44.388446563865166, "gamma": 0.09997243497488101, "lamda": 0.05111929951873702}, "datetime": {"datetime": "2021-10-06 09:03:43", "elapsed": 32.219844, "delta": 0.433204}}
{"target": -34.69664734775283, "params": {"C": 10.15541642662152, "epsilon": 31.828740046343643, "gamma": 0.035818272159154035, "lamda": 0.013862980102095083}, "datetime": {"datetime": "2021-10-06 09:03:44", "elapsed": 32.720867, "delta": 0.501023}}
{"target": -34.79813021276342, "params": {"C": 41.11277613245666, "epsilon": 31.29312365037495, "gamma": 0.08181311345666263, "lamda": 0.11169055742110767}, "datetime": {"datetime": "2021-10-06 09:03:44", "elapsed": 33.280914, "delta": 0.560047}}
{"target": -34.485879624997004, "params": {"C": 105.93262762868655, "epsilon": 45.39371128117412, "gamma": 0.07941996384159788, "lamda": 0.09683973610524169}, "datetime": {"datetime": "2021-10-06 09:03:45", "elapsed": 33.732831, "delta": 0.451917}}
{"target": -34.20321966302421, "params": {"C": 182.78978664307243, "epsilon": 43.24306892218983, "gamma": 0.05414950135221339, "lamda": 0.06980301669073816}, "datetime": {"datetime": "2021-10-06 09:03:45", "elapsed": 34.17347, "delta": 0.440639}}
{"target": -36.00125174097751, "params": {"C": 14.760789346479019, "epsilon": 49.41127041095938, "gamma": 0.09385946755633373, "lamda": 0.04239442650348627}, "datetime": {"datetime": "2021-10-06 09:03:46", "elapsed": 34.75723, "delta": 0.58376}}
{"target": -34.52007193083808, "params": {"C": 172.263408182723, "epsilon": 33.487810332072115, "gamma": 0.06843616183388829, "lamda": 0.1341326985424829}, "datetime": {"datetime": "2021-10-06 09:03:46", "elapsed": 35.247238, "delta": 0.490008}}
{"target": -34.55795671874228, "params": {"C": 41.263427973538704, "epsilon": 45.2388607802899, "gamma": 0.04470653534065751, "lamda": 0.048034301069935045}, "datetime": {"datetime": "2021-10-06 09:03:47", "elapsed": 35.761219, "delta": 0.513981}}
{"target": -34.31956336825069, "params": {"C": 121.21987649289818, "epsilon": 42.56150819512756, "gamma": 0.06591801007152194, "lamda": 0.0628490088247013}, "datetime": {"datetime": "2021-10-06 09:03:47", "elapsed": 36.239726, "delta": 0.478507}}
{"target": -35.10001798926009, "params": {"C": 38.392696602847174, "epsilon": 28.34467634611977, "gamma": 0.05859556938760521, "lamda": 0.13531516868700524}, "datetime": {"datetime": "2021-10-06 09:03:48", "elapsed": 36.736993, "delta": 0.497267}}
{"target": -34.67753579227649, "params": {"C": 55.857185459042356, "epsilon": 35.430454380595954, "gamma": 0.05768071881211452, "lamda": 0.018825766074494585}, "datetime": {"datetime": "2021-10-06 09:03:48", "elapsed": 37.238428, "delta": 0.501435}}
{"target": -33.723050412774455, "params": {"C": 67.75352962607053, "epsilon": 35.10209654992305, "gamma": 0.021974297665064223, "lamda": 0.09171356454145126}, "datetime": {"datetime": "2021-10-06 09:03:49", "elapsed": 37.761426, "delta": 0.522998}}
{"target": -33.940523132129265, "params": {"C": 152.78548134361534, "epsilon": 41.79974907485432, "gamma": 0.03130014449863704, "lamda": 0.10325819294368685}, "datetime": {"datetime": "2021-10-06 09:03:49", "elapsed": 38.266598, "delta": 0.505172}}
{"target": -37.48534554857436, "params": {"C": 149.29154804905826, "epsilon": 28.832005002560216, "gamma": 0.0030572691175837297, "lamda": 0.08886783303506325}, "datetime": {"datetime": "2021-10-06 09:03:50", "elapsed": 38.770472, "delta": 0.503874}}
{"target": -33.9826355695733, "params": {"C": 191.08395012331337, "epsilon": 41.20094601473873, "gamma": 0.046906442885941466, "lamda": 0.12248871270400445}, "datetime": {"datetime": "2021-10-06 09:03:50", "elapsed": 39.264823, "delta": 0.494351}}
{"target": -34.49778976404282, "params": {"C": 76.13915436323202, "epsilon": 47.57102417796975, "gamma": 0.04049492202274399, "lamda": 0.11268025093487198}, "datetime": {"datetime": "2021-10-06 09:03:51", "elapsed": 39.757982, "delta": 0.493159}}
{"target": -34.981746517734905, "params": {"C": 48.44084532460559, "epsilon": 48.876528308968815, "gamma": 0.09708622373937606, "lamda": 0.08130451489254567}, "datetime": {"datetime": "2021-10-06 09:03:51", "elapsed": 40.239211, "delta": 0.481229}}
{"target": -34.37401399773571, "params": {"C": 108.90620794469471, "epsilon": 41.04751632153726, "gamma": 0.0508041932501112, "lamda": 0.028219717522145985}, "datetime": {"datetime": "2021-10-06 09:03:52", "elapsed": 40.805409, "delta": 0.566198}}
{"target": -34.831262339306214, "params": {"C": 22.919056895440093, "epsilon": 37.69191420340011, "gamma": 0.09093141972799831, "lamda": 0.04406014380519135}, "datetime": {"datetime": "2021-10-06 09:03:53", "elapsed": 41.440131, "delta": 0.634722}}
{"target": -35.11925280639737, "params": {"C": 144.49465314230312, "epsilon": 48.0080702859507, "gamma": 0.06489135900657901, "lamda": 0.03479745450254962}, "datetime": {"datetime": "2021-10-06 09:03:53", "elapsed": 41.970474, "delta": 0.530343}}
{"target": -34.25424956480929, "params": {"C": 141.2971283939945, "epsilon": 37.739026622184056, "gamma": 0.05028821560435197, "lamda": 0.03048089599466729}, "datetime": {"datetime": "2021-10-06 09:03:54", "elapsed": 42.528383, "delta": 0.557909}}
{"target": -34.67254053507662, "params": {"C": 85.05898229595735, "epsilon": 43.28278762135416, "gamma": 0.08430020037866116, "lamda": 0.0629903418427652}, "datetime": {"datetime": "2021-10-06 09:03:54", "elapsed": 43.164049, "delta": 0.635666}}
{"target": -34.29241971152739, "params": {"C": 185.19177687018376, "epsilon": 43.29192740795554, "gamma": 0.018177741478928887, "lamda": 0.09974100028287732}, "datetime": {"datetime": "2021-10-06 09:03:55", "elapsed": 43.689635, "delta": 0.525586}}
{"target": -33.833755095436665, "params": {"C": 99.2763635533533, "epsilon": 38.23488569803581, "gamma": 0.020694026619046596, "lamda": 0.10051855792209176}, "datetime": {"datetime": "2021-10-06 09:03:55", "elapsed": 44.319986, "delta": 0.630351}}
{"target": -36.08199936794498, "params": {"C": 39.749233884012156, "epsilon": 46.998791655175594, "gamma": 0.002516231851256642, "lamda": 0.01888379885160598}, "datetime": {"datetime": "2021-10-06 09:03:56", "elapsed": 44.835545, "delta": 0.515559}}
{"target": -34.47669699500949, "params": {"C": 100.05485130217343, "epsilon": 32.08326037492965, "gamma": 0.06300930996862865, "lamda": 0.12403284324148607}, "datetime": {"datetime": "2021-10-06 09:03:56", "elapsed": 45.341651, "delta": 0.506106}}
{"target": -34.53756845763144, "params": {"C": 48.52016518159163, "epsilon": 33.34738753757735, "gamma": 0.0489983651223173, "lamda": 0.020175826065426273}, "datetime": {"datetime": "2021-10-06 09:03:57", "elapsed": 45.869313, "delta": 0.527662}}
{"target": -34.97348180028532, "params": {"C": 71.64480247955937, "epsilon": 28.54551509326361, "gamma": 0.03700176860025209, "lamda": 0.13793035736667558}, "datetime": {"datetime": "2021-10-06 09:03:57", "elapsed": 46.377867, "delta": 0.508554}}
{"target": -34.98514084392653, "params": {"C": 49.9516746305246, "epsilon": 30.864808610794626, "gamma": 0.08025342763517294, "lamda": 0.1286429472999644}, "datetime": {"datetime": "2021-10-06 09:03:58", "elapsed": 46.932595, "delta": 0.554728}}
{"target": -34.63949083578422, "params": {"C": 32.379492029399685, "epsilon": 37.04120377962755, "gamma": 0.04548656604679673, "lamda": 0.009317396829827514}, "datetime": {"datetime": "2021-10-06 09:03:59", "elapsed": 47.548014, "delta": 0.615419}}
{"target": -34.42432252965501, "params": {"C": 129.04739555471437, "epsilon": 45.17726227074007, "gamma": 0.03032165070721242, "lamda": 0.06567489423665229}, "datetime": {"datetime": "2021-10-06 09:03:59", "elapsed": 48.208839, "delta": 0.660825}}
{"target": -34.33034498502296, "params": {"C": 84.460766808705, "epsilon": 33.663923515225974, "gamma": 0.06695490510679855, "lamda": 0.08501257717635352}, "datetime": {"datetime": "2021-10-06 09:04:00", "elapsed": 48.719527, "delta": 0.510688}}
{"target": -34.58895313899638, "params": {"C": 83.96692833553689, "epsilon": 47.09201263400837, "gamma": 0.029480562014483, "lamda": 0.0976314005736122}, "datetime": {"datetime": "2021-10-06 09:04:00", "elapsed": 49.232776, "delta": 0.513249}}
{"target": -34.43256834857816, "params": {"C": 129.78303104480335, "epsilon": 46.90027055846333, "gamma": 0.056063109940168866, "lamda": 0.118764243660725}, "datetime": {"datetime": "2021-10-06 09:04:01", "elapsed": 49.748933, "delta": 0.516157}}
{"target": -34.22047004390386, "params": {"C": 37.26309470403145, "epsilon": 37.1499140381244, "gamma": 0.04935070751491723, "lamda": 0.03917752162832529}, "datetime": {"datetime": "2021-10-06 09:04:01", "elapsed": 50.309205, "delta": 0.560272}}
{"target": -33.95309340376143, "params": {"C": 36.42790601038757, "epsilon": 40.3523381321895, "gamma": 0.04460879011805843, "lamda": 0.08635188975147318}, "datetime": {"datetime": "2021-10-06 09:04:02", "elapsed": 50.821526, "delta": 0.512321}}
{"target": -35.11604676861359, "params": {"C": 19.996110917734764, "epsilon": 28.30269063090083, "gamma": 0.032760682886103835, "lamda": 0.13823465165022003}, "datetime": {"datetime": "2021-10-06 09:04:02", "elapsed": 51.341964, "delta": 0.520438}}
{"target": -34.439827618627014, "params": {"C": 176.9349897220159, "epsilon": 48.15209675529153, "gamma": 0.05386392082700983, "lamda": 0.13618991702758004}, "datetime": {"datetime": "2021-10-06 09:04:03", "elapsed": 51.858341, "delta": 0.516377}}
{"target": -34.52054514088917, "params": {"C": 115.01272178365606, "epsilon": 47.260817954240565, "gamma": 0.04626390394728822, "lamda": 0.07004725439840749}, "datetime": {"datetime": "2021-10-06 09:04:04", "elapsed": 52.452418, "delta": 0.594077}}
{"target": -35.033186246698776, "params": {"C": 26.946457063966317, "epsilon": 42.685799696973504, "gamma": 0.03259411416492628, "lamda": 0.003578082680743736}, "datetime": {"datetime": "2021-10-06 09:04:04", "elapsed": 53.17448, "delta": 0.722062}}
{"target": -34.214106606471844, "params": {"C": 154.54509294990547, "epsilon": 38.34281569532459, "gamma": 0.0586967637463347, "lamda": 0.05550647496375803}, "datetime": {"datetime": "2021-10-06 09:04:05", "elapsed": 53.763122, "delta": 0.588642}}
{"target": -35.19264212879212, "params": {"C": 32.89441236377023, "epsilon": 27.96055504850719, "gamma": 0.09340697291261371, "lamda": 0.05464486268769885}, "datetime": {"datetime": "2021-10-06 09:04:05", "elapsed": 54.309107, "delta": 0.545985}}
{"target": -34.991812058278335, "params": {"C": 15.4506539735242, "epsilon": 31.420510562871435, "gamma": 0.09394144684868515, "lamda": 0.08948187299493575}, "datetime": {"datetime": "2021-10-06 09:04:06", "elapsed": 54.931966, "delta": 0.622859}}
{"target": -34.337925999581074, "params": {"C": 116.9686857055045, "epsilon": 45.46039019591315, "gamma": 0.06458107668344822, "lamda": 0.1256202426630507}, "datetime": {"datetime": "2021-10-06 09:04:07", "elapsed": 55.543561, "delta": 0.611595}}
{"target": -34.37753771605912, "params": {"C": 114.6692894262868, "epsilon": 44.9943047717488, "gamma": 0.06884173175992817, "lamda": 0.09404744969697827}, "datetime": {"datetime": "2021-10-06 09:04:07", "elapsed": 56.210282, "delta": 0.666721}}
{"target": -34.48301373071296, "params": {"C": 50.88430531600249, "epsilon": 44.05456736127365, "gamma": 0.08298860558775432, "lamda": 0.0936045195095078}, "datetime": {"datetime": "2021-10-06 09:04:08", "elapsed": 56.838434, "delta": 0.628152}}
{"target": -34.37600395164759, "params": {"C": 11.263688251245442, "epsilon": 32.898362559563175, "gamma": 0.03894730051529263, "lamda": 0.08390731300056457}, "datetime": {"datetime": "2021-10-06 09:04:08", "elapsed": 57.383745, "delta": 0.545311}}
{"target": -34.034262826918344, "params": {"C": 67.75790695823838, "epsilon": 43.075636556830325, "gamma": 0.025150492365150913, "lamda": 0.1294606512311792}, "datetime": {"datetime": "2021-10-06 09:04:09", "elapsed": 58.075099, "delta": 0.691354}}
{"target": -34.23790584763886, "params": {"C": 114.9679782352081, "epsilon": 40.635484147732065, "gamma": 0.0696910745269046, "lamda": 0.10823756511654423}, "datetime": {"datetime": "2021-10-06 09:04:10", "elapsed": 58.696379, "delta": 0.62128}}
{"target": -34.7193254073994, "params": {"C": 194.2851754913074, "epsilon": 37.23326910377244, "gamma": 0.09699036257791835, "lamda": 0.11565479546664227}, "datetime": {"datetime": "2021-10-06 09:04:11", "elapsed": 59.38946, "delta": 0.693081}}
{"target": -34.472614695288065, "params": {"C": 146.1728932620348, "epsilon": 41.06503853677327, "gamma": 0.08420280129743095, "lamda": 0.11397705956111548}, "datetime": {"datetime": "2021-10-06 09:04:11", "elapsed": 59.95103, "delta": 0.56157}}
{"target": -36.00261422088656, "params": {"C": 146.36108726502303, "epsilon": 31.948972077125227, "gamma": 0.07481220621153378, "lamda": 0.007472773033697177}, "datetime": {"datetime": "2021-10-06 09:04:12", "elapsed": 60.78452, "delta": 0.83349}}
{"target": -36.03284061691811, "params": {"C": 181.2335423129388, "epsilon": 32.91415645121715, "gamma": 0.0074070336655528, "lamda": 0.14024820660863746}, "datetime": {"datetime": "2021-10-06 09:04:12", "elapsed": 61.382963, "delta": 0.598443}}
{"target": -34.326869824271384, "params": {"C": 156.47138496045346, "epsilon": 33.92211125347018, "gamma": 0.021946518151499117, "lamda": 0.14169938495633672}, "datetime": {"datetime": "2021-10-06 09:04:13", "elapsed": 62.01201, "delta": 0.629047}}
{"target": -34.28996086069303, "params": {"C": 149.98679275980584, "epsilon": 41.06612104427413, "gamma": 0.07081157338343479, "lamda": 0.13885412425462454}, "datetime": {"datetime": "2021-10-06 09:04:14", "elapsed": 62.65317, "delta": 0.64116}}
