{"target": -41.435446641650316, "params": {"C": 55.857185459042356, "epsilon": 12.395132376553445, "gamma": 0.22731142298943466, "lamda": 0.047942441967720704}, "datetime": {"datetime": "2021-10-05 14:21:13", "elapsed": 37.879606, "delta": 0.482583}}
{"target": -35.01571733472937, "params": {"C": 31.312074092195584, "epsilon": 26.091029567704386, "gamma": 0.070899917995297, "lamda": 0.0829189281575017}, "datetime": {"datetime": "2021-10-05 14:21:14", "elapsed": 38.337089, "delta": 0.457483}}
{"target": -37.790313864445984, "params": {"C": 31.665889041494683, "epsilon": 26.38336346133563, "gamma": 0.0047552041577240784, "lamda": 0.11127526101872635}, "datetime": {"datetime": "2021-10-05 14:21:14", "elapsed": 38.816735, "delta": 0.479646}}
{"target": -49.4744533665331, "params": {"C": 149.29154804905826, "epsilon": 4.422006044760262, "gamma": 0.004414305307364629, "lamda": 0.235927828394106}, "datetime": {"datetime": "2021-10-05 14:21:15", "elapsed": 39.320581, "delta": 0.503846}}
{"target": -47.28884223651315, "params": {"C": 191.08395012331337, "epsilon": 19.3678097678093, "gamma": 0.1833457807151836, "lamda": 0.32616265912974085}, "datetime": {"datetime": "2021-10-05 14:21:15", "elapsed": 39.77903, "delta": 0.458449}}
{"target": -41.80669933846367, "params": {"C": 188.13533246229704, "epsilon": 29.862677611038656, "gamma": 0.27355723175655206, "lamda": 0.19175028100394959}, "datetime": {"datetime": "2021-10-05 14:21:16", "elapsed": 40.243293, "delta": 0.464263}}
{"target": -36.75349424890225, "params": {"C": 30.776021198255535, "epsilon": 26.042577677319233, "gamma": 0.12396594917486177, "lamda": 0.11475987264988116}, "datetime": {"datetime": "2021-10-05 14:21:16", "elapsed": 40.804128, "delta": 0.560835}}
{"target": -39.06823328259287, "params": {"C": 108.90620794469471, "epsilon": 19.182415555190858, "gamma": 0.19925098857877008, "lamda": 0.07315479890675289}, "datetime": {"datetime": "2021-10-05 14:21:17", "elapsed": 41.284275, "delta": 0.480147}}
{"target": -42.58608904214437, "params": {"C": 30.82437466731127, "epsilon": 25.226214057624663, "gamma": 0.3952439171184527, "lamda": 0.0662209784986485}, "datetime": {"datetime": "2021-10-05 14:21:18", "elapsed": 41.981621, "delta": 0.697346}}
{"target": -39.55739419160082, "params": {"C": 32.13938388232155, "epsilon": 25.774102351216914, "gamma": 0.16708949446164043, "lamda": 0.1779032542874917}, "datetime": {"datetime": "2021-10-05 14:21:18", "elapsed": 42.576194, "delta": 0.594573}}
{"target": -37.16606384752289, "params": {"C": 83.87779260625673, "epsilon": 18.687528632604945, "gamma": 0.012698106335985792, "lamda": 0.1148906477019836}, "datetime": {"datetime": "2021-10-05 14:21:19", "elapsed": 43.079145, "delta": 0.502951}}
{"target": -50.67614004173966, "params": {"C": 187.98055785497715, "epsilon": 28.945214443175132, "gamma": 0.0001, "lamda": 0.4}, "datetime": {"datetime": "2021-10-05 14:21:21", "elapsed": 45.269499, "delta": 2.190354}}
{"target": -39.86408779542489, "params": {"C": 84.09974959753936, "epsilon": 17.674421136264826, "gamma": 0.1229206026640261, "lamda": 0.1651096933956646}, "datetime": {"datetime": "2021-10-05 14:21:21", "elapsed": 45.818833, "delta": 0.549334}}
{"target": -47.19920697661091, "params": {"C": 31.38843884099343, "epsilon": 26.399578642680115, "gamma": 0.24178528919697617, "lamda": 0.3881800333467035}, "datetime": {"datetime": "2021-10-05 14:21:22", "elapsed": 46.417694, "delta": 0.598861}}
{"target": -38.0458269189998, "params": {"C": 39.749233884012156, "epsilon": 26.373539916670513, "gamma": 0.0022065420134441942, "lamda": 0.048098195709780085}, "datetime": {"datetime": "2021-10-05 14:21:23", "elapsed": 46.992071, "delta": 0.574377}}
{"target": -55.3809674710767, "params": {"C": 100.05485130217343, "epsilon": 8.35060628637333, "gamma": 0.24905533731076118, "lamda": 0.33030693967966634}, "datetime": {"datetime": "2021-10-05 14:21:23", "elapsed": 47.500061, "delta": 0.50799}}
{"target": -43.11425629177016, "params": {"C": 31.993883561432547, "epsilon": 28.01758754693389, "gamma": 0.22530175079021403, "lamda": 0.2726438595901719}, "datetime": {"datetime": "2021-10-05 14:21:24", "elapsed": 48.114577, "delta": 0.614516}}
{"target": -35.55647022751216, "params": {"C": 31.374590887360164, "epsilon": 27.958654966909496, "gamma": 0.07189434477607147, "lamda": 0.14330892386115301}, "datetime": {"datetime": "2021-10-05 14:21:24", "elapsed": 48.601705, "delta": 0.487128}}
{"target": -40.335399772743806, "params": {"C": 32.580980190721334, "epsilon": 27.726127038510658, "gamma": 0.31880100204959055, "lamda": 0.06716889625580273}, "datetime": {"datetime": "2021-10-05 14:21:25", "elapsed": 49.195107, "delta": 0.593402}}
{"target": -41.40078465992937, "params": {"C": 175.5264260417748, "epsilon": 26.593588993587414, "gamma": 0.2828052693244174, "lamda": 0.13949626950673036}, "datetime": {"datetime": "2021-10-05 14:21:25", "elapsed": 49.828555, "delta": 0.633448}}
{"target": -35.05431320030876, "params": {"C": 31.09556631575124, "epsilon": 25.762867394195528, "gamma": 0.07090069357191602, "lamda": 0.04285808092110979}, "datetime": {"datetime": "2021-10-05 14:21:26", "elapsed": 50.649009, "delta": 0.820454}}
{"target": -49.22144971337475, "params": {"C": 84.460766808705, "epsilon": 10.260574247564719, "gamma": 0.26515578114498717, "lamda": 0.2255807356565354}, "datetime": {"datetime": "2021-10-05 14:21:27", "elapsed": 51.233017, "delta": 0.584008}}
{"target": -40.01534103730936, "params": {"C": 83.96692833553689, "epsilon": 26.486181932760108, "gamma": 0.11223751785297706, "lamda": 0.25944830261333907}, "datetime": {"datetime": "2021-10-05 14:21:27", "elapsed": 51.75054, "delta": 0.517523}}
{"target": -34.89744749884242, "params": {"C": 187.63399930676775, "epsilon": 27.979195626674734, "gamma": 0.050750421850477484, "lamda": 0.013788193826162105}, "datetime": {"datetime": "2021-10-05 14:21:28", "elapsed": 52.503578, "delta": 0.753038}}
{"target": -41.01237459251403, "params": {"C": 37.26309470403145, "epsilon": 14.472812796066982, "gamma": 0.19331987688995306, "lamda": 0.10256436845078715}, "datetime": {"datetime": "2021-10-05 14:21:29", "elapsed": 53.031448, "delta": 0.52787}}
{"target": -43.51951071015628, "params": {"C": 36.42790601038757, "epsilon": 18.34240857639565, "gamma": 0.1739699506960364, "lamda": 0.22917530678935655}, "datetime": {"datetime": "2021-10-05 14:21:29", "elapsed": 53.553136, "delta": 0.521688}}
{"target": -60.60165495327332, "params": {"C": 19.996110917734764, "epsilon": 3.7824178456718367, "gamma": 0.1256224192464584, "lamda": 0.368423068422302}, "datetime": {"datetime": "2021-10-05 14:21:30", "elapsed": 54.14095, "delta": 0.587814}}
{"target": -40.22573450483801, "params": {"C": 176.04448953259197, "epsilon": 27.424271196010892, "gamma": 0.2778252137331559, "lamda": 0.10597611771859802}, "datetime": {"datetime": "2021-10-05 14:21:30", "elapsed": 54.709998, "delta": 0.569048}}
{"target": -43.173282294152926, "params": {"C": 187.63391658731913, "epsilon": 27.674365898416955, "gamma": 0.1804669553498882, "lamda": 0.31821199364988245}, "datetime": {"datetime": "2021-10-05 14:21:31", "elapsed": 55.521247, "delta": 0.811249}}
{"target": -38.772981437447726, "params": {"C": 187.61808340320002, "epsilon": 28.279601135645024, "gamma": 0.28628845232161254, "lamda": 0.04421145113788765}, "datetime": {"datetime": "2021-10-05 14:21:32", "elapsed": 56.196327, "delta": 0.67508}}
{"target": -42.72281497246825, "params": {"C": 154.54509294990547, "epsilon": 15.914235631850541, "gamma": 0.23145750838938006, "lamda": 0.14638952575843514}, "datetime": {"datetime": "2021-10-05 14:21:32", "elapsed": 56.749805, "delta": 0.553478}}
{"target": -36.69825861609609, "params": {"C": 175.382306198896, "epsilon": 26.955384615049812, "gamma": 0.07571838947385547, "lamda": 0.005476382853713756}, "datetime": {"datetime": "2021-10-05 14:21:33", "elapsed": 57.321972, "delta": 0.572167}}
{"target": -37.5786960446056, "params": {"C": 31.57862924494443, "epsilon": 25.685228150521652, "gamma": 0.17006491413389038, "lamda": 0.009931961479526887}, "datetime": {"datetime": "2021-10-05 14:21:34", "elapsed": 58.040758, "delta": 0.718786}}
{"target": -38.06480407336109, "params": {"C": 31.97364969881855, "epsilon": 27.151361963597882, "gamma": 0.06770264982425231, "lamda": 0.24034084313351647}, "datetime": {"datetime": "2021-10-05 14:21:34", "elapsed": 58.754754, "delta": 0.713996}}
{"target": -39.206540918574056, "params": {"C": 187.5918500156274, "epsilon": 29.291842302930263, "gamma": 0.126315119871353, "lamda": 0.0028395751327757943}, "datetime": {"datetime": "2021-10-05 14:21:35", "elapsed": 59.6387, "delta": 0.883946}}
{"target": -41.596956191600626, "params": {"C": 34.01977117470285, "epsilon": 27.266719088374437, "gamma": 0.13401771768757523, "lamda": 0.3008272608560642}, "datetime": {"datetime": "2021-10-05 14:21:36", "elapsed": 60.234868, "delta": 0.596168}}
{"target": -49.63390409040023, "params": {"C": 11.263688251245442, "epsilon": 9.335521426138838, "gamma": 0.1508676068986278, "lamda": 0.22261432529480385}, "datetime": {"datetime": "2021-10-05 14:21:36", "elapsed": 60.828248, "delta": 0.59338}}
{"target": -38.08703931773999, "params": {"C": 34.434814478045645, "epsilon": 27.972554161316957, "gamma": 0.19920819709435805, "lamda": 0.10296326109305502}, "datetime": {"datetime": "2021-10-05 14:21:37", "elapsed": 61.508782, "delta": 0.680534}}
{"target": -39.94398782581866, "params": {"C": 33.817988485304625, "epsilon": 28.289243057326164, "gamma": 0.31592702642314596, "lamda": 0.0532678807770522}, "datetime": {"datetime": "2021-10-05 14:21:38", "elapsed": 62.251718, "delta": 0.742936}}
{"target": -45.77088741165725, "params": {"C": 83.5044992628557, "epsilon": 18.66606906252416, "gamma": 0.15790163655947614, "lamda": 0.29884628666292684}, "datetime": {"datetime": "2021-10-05 14:21:38", "elapsed": 62.907345, "delta": 0.655627}}
{"target": -50.27269571933256, "params": {"C": 146.1728932620348, "epsilon": 19.20358823193437, "gamma": 0.33553775753921056, "lamda": 0.30331829609724886}, "datetime": {"datetime": "2021-10-05 14:21:39", "elapsed": 63.491231, "delta": 0.583886}}
{"target": -39.99427289076872, "params": {"C": 35.07654424927179, "epsilon": 26.348509035213233, "gamma": 0.3486710632045725, "lamda": 0.0001}, "datetime": {"datetime": "2021-10-05 14:21:40", "elapsed": 64.579399, "delta": 1.088168}}
{"target": -53.773295963751536, "params": {"C": 181.2335423129388, "epsilon": 9.354605711887396, "gamma": 0.022164007784230253, "lamda": 0.37382723371002774}, "datetime": {"datetime": "2021-10-05 14:21:41", "elapsed": 65.152131, "delta": 0.572732}}
{"target": -38.227891738254634, "params": {"C": 34.52793349705106, "epsilon": 27.557497826295098, "gamma": 0.05149155473912549, "lamda": 0.2638081548591111}, "datetime": {"datetime": "2021-10-05 14:21:42", "elapsed": 65.943164, "delta": 0.791033}}
{"target": -45.73157892054898, "params": {"C": 33.44388590258159, "epsilon": 28.07013841770751, "gamma": 0.0001, "lamda": 0.0001}, "datetime": {"datetime": "2021-10-05 14:21:45", "elapsed": 69.159629, "delta": 3.216465}}
{"target": -41.53930077197396, "params": {"C": 77.46201978704414, "epsilon": 2.0633033712880655, "gamma": 0.025792583889112673, "lamda": 0.08632167107477187}, "datetime": {"datetime": "2021-10-05 14:21:45", "elapsed": 69.867522, "delta": 0.707893}}
{"target": -41.570897630225836, "params": {"C": 32.11623321771003, "epsilon": 26.19240464273279, "gamma": 0.29396274599021377, "lamda": 0.13122299009471786}, "datetime": {"datetime": "2021-10-05 14:21:46", "elapsed": 70.622946, "delta": 0.755424}}
{"target": -45.187740255904366, "params": {"C": 35.13640383483204, "epsilon": 22.910018903437262, "gamma": 0.313553266421812, "lamda": 0.20970396936151958}, "datetime": {"datetime": "2021-10-05 14:21:47", "elapsed": 71.19805, "delta": 0.575104}}
{"target": -38.689808800719234, "params": {"C": 188.10068942249745, "epsilon": 29.368510377381863, "gamma": 0.28397316425084246, "lamda": 0.02524341564753272}, "datetime": {"datetime": "2021-10-05 14:21:47", "elapsed": 71.863737, "delta": 0.665687}}
{"target": -58.99201727233832, "params": {"C": 130.280575651841, "epsilon": 3.7653481193482943, "gamma": 0.027908579384130862, "lamda": 0.3804047421081925}, "datetime": {"datetime": "2021-10-05 14:21:48", "elapsed": 72.53354, "delta": 0.669803}}
{"target": -44.68721534688027, "params": {"C": 105.46106072225197, "epsilon": 3.4909042186714307, "gamma": 0.029641693185260214, "lamda": 0.21267936264388942}, "datetime": {"datetime": "2021-10-05 14:21:49", "elapsed": 73.150498, "delta": 0.616958}}
{"target": -40.013281593385265, "params": {"C": 175.5487356797151, "epsilon": 26.55802902926098, "gamma": 0.25309931968003474, "lamda": 0.1155546229605187}, "datetime": {"datetime": "2021-10-05 14:21:49", "elapsed": 73.768602, "delta": 0.618104}}
{"target": -43.017386484001804, "params": {"C": 35.113255254225095, "epsilon": 26.402474065836074, "gamma": 0.06085217936437536, "lamda": 0.39912815817617614}, "datetime": {"datetime": "2021-10-05 14:21:50", "elapsed": 74.59051, "delta": 0.821908}}
{"target": -35.03032600452227, "params": {"C": 187.09179331902473, "epsilon": 28.163765094292515, "gamma": 0.01977523223001078, "lamda": 0.13000930785626685}, "datetime": {"datetime": "2021-10-05 14:21:51", "elapsed": 75.379698, "delta": 0.789188}}
{"target": -35.32188082345198, "params": {"C": 39.97421410042996, "epsilon": 25.888669791984846, "gamma": 0.07973062794290045, "lamda": 0.09150017556166108}, "datetime": {"datetime": "2021-10-05 14:21:52", "elapsed": 76.266831, "delta": 0.887133}}
{"target": -44.34355228118549, "params": {"C": 107.31306788150863, "epsilon": 11.404372678829771, "gamma": 0.3932232676837691, "lamda": 0.011774908591498282}, "datetime": {"datetime": "2021-10-05 14:21:53", "elapsed": 76.933287, "delta": 0.666456}}
{"target": -44.263587074411845, "params": {"C": 112.11254579128499, "epsilon": 6.2501034262884465, "gamma": 0.2473905603334597, "lamda": 0.032701179367921426}, "datetime": {"datetime": "2021-10-05 14:21:53", "elapsed": 77.549373, "delta": 0.616086}}
{"target": -40.39715361510582, "params": {"C": 39.891160806977794, "epsilon": 25.555630281820296, "gamma": 0.3346761765375301, "lamda": 0.024754409174356475}, "datetime": {"datetime": "2021-10-05 14:21:54", "elapsed": 78.634964, "delta": 1.085591}}
{"target": -36.93647389014574, "params": {"C": 176.04944879291136, "epsilon": 27.92768188005888, "gamma": 0.11138417286786441, "lamda": 0.1571784639814325}, "datetime": {"datetime": "2021-10-05 14:21:55", "elapsed": 79.416234, "delta": 0.78127}}
{"target": -34.269099796673665, "params": {"C": 33.65333137933263, "epsilon": 28.887151661020187, "gamma": 0.016011685837693506, "lamda": 0.0795444541538081}, "datetime": {"datetime": "2021-10-05 14:21:56", "elapsed": 80.29564, "delta": 0.879406}}
{"target": -45.39669188438308, "params": {"C": 39.51943902498506, "epsilon": 25.935818609746892, "gamma": 0.29546806632479045, "lamda": 0.2732291564728962}, "datetime": {"datetime": "2021-10-05 14:21:57", "elapsed": 81.116758, "delta": 0.821118}}
{"target": -46.09243006605902, "params": {"C": 40.26064798983104, "epsilon": 26.155413675862953, "gamma": 0.0001, "lamda": 0.0001}, "datetime": {"datetime": "2021-10-05 14:22:00", "elapsed": 84.207681, "delta": 3.090923}}
{"target": -35.61891654361031, "params": {"C": 31.57836817122674, "epsilon": 27.055702760894693, "gamma": 0.0388231397865933, "lamda": 0.15909826184788098}, "datetime": {"datetime": "2021-10-05 14:22:00", "elapsed": 84.856232, "delta": 0.648551}}
{"target": -47.765851727837685, "params": {"C": 42.74792440234563, "epsilon": 5.441961382324104, "gamma": 0.2604831570286547, "lamda": 0.14535441647493363}, "datetime": {"datetime": "2021-10-05 14:22:01", "elapsed": 85.486482, "delta": 0.63025}}
{"target": -42.03017622324718, "params": {"C": 175.56160124400782, "epsilon": 27.159686229412753, "gamma": 0.07958647036714782, "lamda": 0.3690845243294737}, "datetime": {"datetime": "2021-10-05 14:22:02", "elapsed": 86.396096, "delta": 0.909614}}
{"target": -41.921978946485815, "params": {"C": 121.91027799258913, "epsilon": 20.92933850014561, "gamma": 0.20459134920950542, "lamda": 0.18298299865523293}, "datetime": {"datetime": "2021-10-05 14:22:03", "elapsed": 87.040356, "delta": 0.64426}}
{"target": -39.27049990441823, "params": {"C": 31.842845758928554, "epsilon": 26.86370263631989, "gamma": 0.2655794800531684, "lamda": 0.001828770227762759}, "datetime": {"datetime": "2021-10-05 14:22:04", "elapsed": 88.176754, "delta": 1.136398}}
{"target": -35.602546237560226, "params": {"C": 31.599536344327422, "epsilon": 27.405984381551246, "gamma": 0.011718321428329116, "lamda": 0.1231911081886382}, "datetime": {"datetime": "2021-10-05 14:22:05", "elapsed": 89.20528, "delta": 1.028526}}
{"target": -34.143100600291596, "params": {"C": 186.70986941605955, "epsilon": 27.90709827686373, "gamma": 0.02838188963845505, "lamda": 0.03817608157961226}, "datetime": {"datetime": "2021-10-05 14:22:06", "elapsed": 90.214513, "delta": 1.009233}}
{"target": -46.479771713221965, "params": {"C": 186.6300604828727, "epsilon": 27.507242522425205, "gamma": 0.3707912594188245, "lamda": 0.28139556266166826}, "datetime": {"datetime": "2021-10-05 14:22:07", "elapsed": 91.15711, "delta": 0.942597}}
{"target": -50.03986282791363, "params": {"C": 150.3662779123742, "epsilon": 12.993725852953787, "gamma": 0.2115214153083144, "lamda": 0.29208699713130437}, "datetime": {"datetime": "2021-10-05 14:22:07", "elapsed": 91.786583, "delta": 0.629473}}
{"target": -39.05305069304896, "params": {"C": 176.6749534663276, "epsilon": 27.856604181569598, "gamma": 0.009909485142521313, "lamda": 0.22967237984281724}, "datetime": {"datetime": "2021-10-05 14:22:08", "elapsed": 92.845152, "delta": 1.058569}}
{"target": -44.519383407264556, "params": {"C": 33.4382221958831, "epsilon": 28.87884931841497, "gamma": 0.18048484912184332, "lamda": 0.387496631903236}, "datetime": {"datetime": "2021-10-05 14:22:09", "elapsed": 93.642053, "delta": 0.796901}}
{"target": -49.48358756063827, "params": {"C": 153.52862841197933, "epsilon": 16.00704355008206, "gamma": 0.02617408270182424, "lamda": 0.3854210358338517}, "datetime": {"datetime": "2021-10-05 14:22:10", "elapsed": 94.334561, "delta": 0.692508}}
{"target": -40.78412394155636, "params": {"C": 187.35800225011516, "epsilon": 28.131978959398317, "gamma": 0.043005501277558915, "lamda": 0.3605269670491789}, "datetime": {"datetime": "2021-10-05 14:22:11", "elapsed": 95.257599, "delta": 0.923038}}
{"target": -45.80970871909042, "params": {"C": 31.37235354650236, "epsilon": 25.5776565007822, "gamma": 0.1766218094796968, "lamda": 0.3825298099045366}, "datetime": {"datetime": "2021-10-05 14:22:12", "elapsed": 96.173766, "delta": 0.916167}}
{"target": -45.34403350077247, "params": {"C": 176.26948767304515, "epsilon": 28.015194776698298, "gamma": 0.3433534100388092, "lamda": 0.26233158565259107}, "datetime": {"datetime": "2021-10-05 14:22:13", "elapsed": 97.203154, "delta": 1.029388}}
{"target": -39.009767577189116, "params": {"C": 175.73158127680108, "epsilon": 27.865122180120377, "gamma": 0.04410226417403958, "lamda": 0.299627919501176}, "datetime": {"datetime": "2021-10-05 14:22:14", "elapsed": 98.072392, "delta": 0.869238}}
{"target": -36.03796003471793, "params": {"C": 187.24885482375134, "epsilon": 28.121632909529747, "gamma": 0.04846301224086381, "lamda": 0.001251332683793259}, "datetime": {"datetime": "2021-10-05 14:22:15", "elapsed": 98.995184, "delta": 0.922792}}
{"target": -41.85953359983024, "params": {"C": 175.81278323455143, "epsilon": 28.216064599905753, "gamma": 0.0001, "lamda": 0.0001}, "datetime": {"datetime": "2021-10-05 14:22:17", "elapsed": 101.754166, "delta": 2.758982}}
{"target": -42.363752783012245, "params": {"C": 186.44399097249018, "epsilon": 28.10042739670741, "gamma": 0.27849092955581345, "lamda": 0.19145569806051538}, "datetime": {"datetime": "2021-10-05 14:22:18", "elapsed": 102.792269, "delta": 1.038103}}
{"target": -35.41905305956847, "params": {"C": 31.015588842502456, "epsilon": 27.867396299948982, "gamma": 0.07106548301386041, "lamda": 0.13275146289126571}, "datetime": {"datetime": "2021-10-05 14:22:19", "elapsed": 103.746764, "delta": 0.954495}}
{"target": -45.91793381185651, "params": {"C": 129.95063601329053, "epsilon": 20.884070642168332, "gamma": 0.13830579767291482, "lamda": 0.34476836758749774}, "datetime": {"datetime": "2021-10-05 14:22:20", "elapsed": 104.456756, "delta": 0.709992}}
{"target": -38.85083680936316, "params": {"C": 34.118722842060045, "epsilon": 27.45402362613543, "gamma": 0.25058254614606845, "lamda": 0.0161275029397192}, "datetime": {"datetime": "2021-10-05 14:22:21", "elapsed": 105.512001, "delta": 1.055245}}
{"target": -42.41802968168149, "params": {"C": 82.72965711236286, "epsilon": 19.0629966568434, "gamma": 0.15264387178625025, "lamda": 0.22321568646395798}, "datetime": {"datetime": "2021-10-05 14:22:22", "elapsed": 106.632176, "delta": 1.120175}}
{"target": -46.09487616939092, "params": {"C": 84.46406788948973, "epsilon": 17.362696123307632, "gamma": 0.363503257013048, "lamda": 0.1526143875691263}, "datetime": {"datetime": "2021-10-05 14:22:23", "elapsed": 107.619182, "delta": 0.987006}}
{"target": -47.09171304995045, "params": {"C": 169.0302022445896, "epsilon": 19.726578228932098, "gamma": 0.2746870303881226, "lamda": 0.25464559094634426}, "datetime": {"datetime": "2021-10-05 14:22:24", "elapsed": 108.314991, "delta": 0.695809}}
{"target": -37.16098296173328, "params": {"C": 30.960879034947382, "epsilon": 28.145030609019294, "gamma": 0.1733764656547552, "lamda": 0.021436865482869924}, "datetime": {"datetime": "2021-10-05 14:22:25", "elapsed": 109.274349, "delta": 0.959358}}
{"target": -52.01423857672079, "params": {"C": 41.41354549289761, "epsilon": 1.0096854361339578, "gamma": 0.02619933504068593, "lamda": 0.27386818269134533}, "datetime": {"datetime": "2021-10-05 14:22:26", "elapsed": 110.026779, "delta": 0.75243}}
