{"target": -34.514263588794414, "params": {"C": 201.88660646965926, "epsilon": 31.532649641057578, "gamma": 0.06277769440297583, "lamda": 0.15969916823473784}, "datetime": {"datetime": "2021-10-06 09:23:29", "elapsed": 604.65635, "delta": 2.179046}}
{"target": -33.120422415290925, "params": {"C": 361.8284165979672, "epsilon": 34.70087446920332, "gamma": 0.025055210956280338, "lamda": 0.11250279278668751}, "datetime": {"datetime": "2021-10-06 09:23:31", "elapsed": 606.703357, "delta": 2.047007}}
{"target": -33.68458497281268, "params": {"C": 382.8226819572619, "epsilon": 36.46394094302559, "gamma": 0.05354102340911232, "lamda": 0.1402936409962157}, "datetime": {"datetime": "2021-10-06 09:23:33", "elapsed": 609.12502, "delta": 2.421663}}
{"target": -33.38231861112861, "params": {"C": 380.47149282253974, "epsilon": 35.042860745906836, "gamma": 0.05020061896105581, "lamda": 0.04977985346740608}, "datetime": {"datetime": "2021-10-06 09:23:35", "elapsed": 611.399709, "delta": 2.274689}}
{"target": -32.96663767076474, "params": {"C": 297.51690743435023, "epsilon": 36.254116226141974, "gamma": 0.017224366052739082, "lamda": 0.09198804026516269}, "datetime": {"datetime": "2021-10-06 09:23:38", "elapsed": 614.49175, "delta": 3.092041}}
{"target": -34.28908170246287, "params": {"C": 224.10502233411626, "epsilon": 37.586811801219504, "gamma": 0.0720129594648658, "lamda": 0.17334565731912457}, "datetime": {"datetime": "2021-10-06 09:23:41", "elapsed": 616.696517, "delta": 2.204767}}
{"target": -33.57054180563876, "params": {"C": 396.09198522442887, "epsilon": 35.23384528237798, "gamma": 0.002418244955165151, "lamda": 0.055220747133007814}, "datetime": {"datetime": "2021-10-06 09:23:43", "elapsed": 618.829653, "delta": 2.133136}}
{"target": -33.31683691748774, "params": {"C": 319.4156592015173, "epsilon": 36.44188407631048, "gamma": 0.028664659014900656, "lamda": 0.008490734980127259}, "datetime": {"datetime": "2021-10-06 09:23:45", "elapsed": 620.917609, "delta": 2.087956}}
{"target": -32.96279241164821, "params": {"C": 260.9882009979077, "epsilon": 36.653495427195885, "gamma": 0.025129046710127563, "lamda": 0.03816766310897442}, "datetime": {"datetime": "2021-10-06 09:23:47", "elapsed": 623.184138, "delta": 2.266529}}
{"target": -33.7531932079235, "params": {"C": 309.2719194401039, "epsilon": 32.00024952046627, "gamma": 0.04875732042217732, "lamda": 0.019750304087822728}, "datetime": {"datetime": "2021-10-06 09:23:50", "elapsed": 626.321518, "delta": 3.13738}}
{"target": -34.0299419805471, "params": {"C": 200.057273331127, "epsilon": 35.95444293978786, "gamma": 0.06863272511111589, "lamda": 0.13404880107873324}, "datetime": {"datetime": "2021-10-06 09:23:53", "elapsed": 628.651244, "delta": 2.329726}}
{"target": -33.118957710769756, "params": {"C": 360.0069202423741, "epsilon": 33.5524655020933, "gamma": 0.024824439734408194, "lamda": 0.10335444420005406}, "datetime": {"datetime": "2021-10-06 09:23:55", "elapsed": 630.847536, "delta": 2.196292}}
{"target": -34.18074936352765, "params": {"C": 274.73613914142663, "epsilon": 36.88335709865147, "gamma": 0.07611671479449453, "lamda": 0.14016412670540362}, "datetime": {"datetime": "2021-10-06 09:23:57", "elapsed": 633.107728, "delta": 2.260192}}
{"target": -33.70703274198566, "params": {"C": 237.59653450237124, "epsilon": 37.7000149189508, "gamma": 0.06281507299332854, "lamda": 0.10531963583915122}, "datetime": {"datetime": "2021-10-06 09:24:00", "elapsed": 636.392741, "delta": 3.285013}}
{"target": -33.245887733179465, "params": {"C": 282.68221108215334, "epsilon": 38.59087005169229, "gamma": 0.008185099770917201, "lamda": 0.14222144696298894}, "datetime": {"datetime": "2021-10-06 09:24:02", "elapsed": 638.478927, "delta": 2.086186}}
{"target": -33.454375045384985, "params": {"C": 261.55066403958904, "epsilon": 36.64740100985646, "gamma": 0.0524041408630178, "lamda": 0.0921115299206914}, "datetime": {"datetime": "2021-10-06 09:24:05", "elapsed": 640.773182, "delta": 2.294255}}
{"target": -33.08189785216495, "params": {"C": 310.3551249428207, "epsilon": 31.80670196014149, "gamma": 0.022762721786754873, "lamda": 0.08710329926547239}, "datetime": {"datetime": "2021-10-06 09:24:07", "elapsed": 643.095518, "delta": 2.322336}}
{"target": -33.42441008256862, "params": {"C": 317.61151517883064, "epsilon": 36.186683096203886, "gamma": 0.03348189782957902, "lamda": 0.1564649275078286}, "datetime": {"datetime": "2021-10-06 09:24:09", "elapsed": 645.404111, "delta": 2.308593}}
{"target": -34.161436830309796, "params": {"C": 376.61090936450586, "epsilon": 34.164401827634634, "gamma": 0.052179835638385005, "lamda": 0.1821491320518592}, "datetime": {"datetime": "2021-10-06 09:24:12", "elapsed": 648.645511, "delta": 3.2414}}
{"target": -34.4665888849135, "params": {"C": 258.3030177599328, "epsilon": 30.902640497127933, "gamma": 0.07800570090808852, "lamda": 0.10531855525983835}, "datetime": {"datetime": "2021-10-06 09:24:17", "elapsed": 652.982648, "delta": 4.337137}}
{"target": -34.02643852748231, "params": {"C": 375.7816343864454, "epsilon": 34.97002960006061, "gamma": 0.05178781945742049, "lamda": 0.17438625992912365}, "datetime": {"datetime": "2021-10-06 09:24:20", "elapsed": 656.163965, "delta": 3.181317}}
{"target": -33.84044734152802, "params": {"C": 293.6256748527109, "epsilon": 32.03008580499281, "gamma": 0.03879789386466518, "lamda": 0.16147160544805844}, "datetime": {"datetime": "2021-10-06 09:24:22", "elapsed": 658.417009, "delta": 2.253044}}
{"target": -34.615121878109925, "params": {"C": 316.3263548073271, "epsilon": 38.53079081261812, "gamma": 0.0743957106659245, "lamda": 0.021745588162448665}, "datetime": {"datetime": "2021-10-06 09:24:25", "elapsed": 660.719677, "delta": 2.302668}}
{"target": -33.069601525411144, "params": {"C": 235.16524937996616, "epsilon": 35.04625955321975, "gamma": 0.0319255941961526, "lamda": 0.07386057844704154}, "datetime": {"datetime": "2021-10-06 09:24:27", "elapsed": 662.986149, "delta": 2.266472}}
{"target": -34.26455964482087, "params": {"C": 325.57727826371206, "epsilon": 33.57429308974158, "gamma": 0.05710892996272219, "lamda": 0.17402653554910824}, "datetime": {"datetime": "2021-10-06 09:24:29", "elapsed": 665.231078, "delta": 2.244929}}
{"target": -33.5329325422078, "params": {"C": 393.5950772067623, "epsilon": 37.924256262348216, "gamma": 0.058934340615399115, "lamda": 0.07783302145283058}, "datetime": {"datetime": "2021-10-06 09:24:31", "elapsed": 667.582328, "delta": 2.35125}}
{"target": -34.440701677850704, "params": {"C": 251.29906549718214, "epsilon": 33.37209074582658, "gamma": 0.05447726632095402, "lamda": 0.19271788506768917}, "datetime": {"datetime": "2021-10-06 09:24:34", "elapsed": 669.91281, "delta": 2.330482}}
{"target": -34.06486047567244, "params": {"C": 323.71174280100655, "epsilon": 31.219756055300998, "gamma": 0.037149339991124825, "lamda": 0.1722627290389075}, "datetime": {"datetime": "2021-10-06 09:24:36", "elapsed": 672.232205, "delta": 2.319395}}
{"target": -34.107334702313636, "params": {"C": 234.0723951173051, "epsilon": 32.51576511610158, "gamma": 0.06809651570039024, "lamda": 0.10859788738815984}, "datetime": {"datetime": "2021-10-06 09:24:38", "elapsed": 674.574313, "delta": 2.342108}}
{"target": -33.71504770540123, "params": {"C": 379.3559275280122, "epsilon": 36.73892790292564, "gamma": 0.06162821203247001, "lamda": 0.10822844010507247}, "datetime": {"datetime": "2021-10-06 09:24:42", "elapsed": 678.087648, "delta": 3.513335}}
{"target": -33.85941747841309, "params": {"C": 248.05727385147077, "epsilon": 33.16277969841142, "gamma": 0.05041315649674885, "lamda": 0.14606201564011662}, "datetime": {"datetime": "2021-10-06 09:24:45", "elapsed": 680.724533, "delta": 2.636885}}
{"target": -33.58923204362013, "params": {"C": 341.39180748306956, "epsilon": 35.587285674298606, "gamma": 0.0594393280948763, "lamda": 0.07319564084431326}, "datetime": {"datetime": "2021-10-06 09:24:47", "elapsed": 682.927155, "delta": 2.202622}}
{"target": -33.581374068274414, "params": {"C": 274.0491563946813, "epsilon": 35.1491585656865, "gamma": 0.007728544631119332, "lamda": 0.18455840921546665}, "datetime": {"datetime": "2021-10-06 09:24:49", "elapsed": 685.358776, "delta": 2.431621}}
{"target": -33.80180182727241, "params": {"C": 356.5313924821554, "epsilon": 37.78366937292911, "gamma": 0.0038364457228116876, "lamda": 0.1556362384392928}, "datetime": {"datetime": "2021-10-06 09:24:53", "elapsed": 688.723564, "delta": 3.364788}}
{"target": -32.98038524362051, "params": {"C": 234.6753498943616, "epsilon": 33.855870491566044, "gamma": 0.005558113200448331, "lamda": 0.06846529206379351}, "datetime": {"datetime": "2021-10-06 09:24:55", "elapsed": 691.159342, "delta": 2.435778}}
{"target": -33.92874605908326, "params": {"C": 250.684299804099, "epsilon": 37.55675364840352, "gamma": 0.07151977186136003, "lamda": 0.11138884787805169}, "datetime": {"datetime": "2021-10-06 09:24:57", "elapsed": 693.614945, "delta": 2.455603}}
{"target": -33.409703076866975, "params": {"C": 221.68192891184876, "epsilon": 32.81868029472947, "gamma": 0.04086240916879732, "lamda": 0.1080190748200795}, "datetime": {"datetime": "2021-10-06 09:25:00", "elapsed": 696.642912, "delta": 3.027967}}
{"target": -33.1727172692468, "params": {"C": 252.19073061763433, "epsilon": 33.803357461501335, "gamma": 0.02103408510763944, "lamda": 0.010410829690507873}, "datetime": {"datetime": "2021-10-06 09:25:04", "elapsed": 700.012904, "delta": 3.369992}}
{"target": -32.94307113292856, "params": {"C": 313.59505097443235, "epsilon": 38.0886619694925, "gamma": 0.022671303329781515, "lamda": 0.0379583868738934}, "datetime": {"datetime": "2021-10-06 09:25:07", "elapsed": 703.416575, "delta": 3.403671}}
{"target": -32.99847789598788, "params": {"C": 277.8198100582209, "epsilon": 35.54654035925668, "gamma": 0.018906186316172156, "lamda": 0.09939227236866792}, "datetime": {"datetime": "2021-10-06 09:25:10", "elapsed": 706.030293, "delta": 2.613718}}
{"target": -34.08538279656493, "params": {"C": 394.4604069199696, "epsilon": 30.653605904677477, "gamma": 0.018676142309769984, "lamda": 0.19330451845395608}, "datetime": {"datetime": "2021-10-06 09:25:13", "elapsed": 709.390299, "delta": 3.360006}}
{"target": -33.60778939599414, "params": {"C": 287.9706543059956, "epsilon": 38.45538537364679, "gamma": 0.011116216670745534, "lamda": 0.0012600097758181355}, "datetime": {"datetime": "2021-10-06 09:25:16", "elapsed": 712.119371, "delta": 2.729072}}
{"target": -32.981793865747306, "params": {"C": 381.0182579621775, "epsilon": 35.31322522945995, "gamma": 0.02413126892752721, "lamda": 0.02854187137565487}, "datetime": {"datetime": "2021-10-06 09:25:18", "elapsed": 714.548639, "delta": 2.429268}}
{"target": -33.858689453961354, "params": {"C": 275.3508719627423, "epsilon": 31.405925213099025, "gamma": 0.045852558612495015, "lamda": 0.016283938694001007}, "datetime": {"datetime": "2021-10-06 09:25:21", "elapsed": 717.173053, "delta": 2.624414}}
{"target": -35.23804082629644, "params": {"C": 309.5945078050822, "epsilon": 35.67138976178194, "gamma": 0.00044205548944602875, "lamda": 0.04463925196691382}, "datetime": {"datetime": "2021-10-06 09:25:26", "elapsed": 721.67937, "delta": 4.506317}}
{"target": -33.763784886040526, "params": {"C": 230.13192232104757, "epsilon": 34.459451355923896, "gamma": 0.063080234094011, "lamda": 0.08515550026889325}, "datetime": {"datetime": "2021-10-06 09:25:29", "elapsed": 725.310628, "delta": 3.631258}}
{"target": -34.74597384640776, "params": {"C": 322.6962798812256, "epsilon": 31.53954133421797, "gamma": 0.05364942441109078, "lamda": 0.01059686651424767}, "datetime": {"datetime": "2021-10-06 09:25:32", "elapsed": 727.855869, "delta": 2.545241}}
{"target": -34.31926187040454, "params": {"C": 393.77510196012065, "epsilon": 31.376161289322884, "gamma": 0.06203311966405902, "lamda": 0.14757429373425585}, "datetime": {"datetime": "2021-10-06 09:25:34", "elapsed": 730.225553, "delta": 2.369684}}
{"target": -33.64327023277394, "params": {"C": 375.03024601093443, "epsilon": 33.38448423427565, "gamma": 0.03867404520598493, "lamda": 0.149924072203426}, "datetime": {"datetime": "2021-10-06 09:25:37", "elapsed": 733.592647, "delta": 3.367094}}
{"target": -34.078762445791476, "params": {"C": 273.33849847993827, "epsilon": 35.53378399837592, "gamma": 0.07168806635255727, "lamda": 0.03863635277626917}, "datetime": {"datetime": "2021-10-06 09:25:40", "elapsed": 736.187814, "delta": 2.595167}}
{"target": -32.807198256316425, "params": {"C": 272.16311985081484, "epsilon": 35.66461897816169, "gamma": 0.008189627737479515, "lamda": 0.048047907874794925}, "datetime": {"datetime": "2021-10-06 09:25:43", "elapsed": 738.796075, "delta": 2.608261}}
{"target": -33.63642044236448, "params": {"C": 340.92727798223905, "epsilon": 35.978806393572704, "gamma": 0.03379574827791511, "lamda": 0.17976222922002205}, "datetime": {"datetime": "2021-10-06 09:25:45", "elapsed": 741.420808, "delta": 2.624733}}
{"target": -35.037206921130526, "params": {"C": 393.36142363573595, "epsilon": 30.67999895616581, "gamma": 0.05500457902355048, "lamda": 0.19635676823749565}, "datetime": {"datetime": "2021-10-06 09:25:48", "elapsed": 744.08983, "delta": 2.669022}}
{"target": -33.80116663012395, "params": {"C": 263.8088855130103, "epsilon": 34.09489743856254, "gamma": 0.03957425247643208, "lamda": 0.17264803048690416}, "datetime": {"datetime": "2021-10-06 09:25:52", "elapsed": 748.07723, "delta": 3.9874}}
{"target": -33.55032007855592, "params": {"C": 267.81176994930934, "epsilon": 37.990805519829884, "gamma": 0.038033378873279476, "lamda": 0.17549617494941772}, "datetime": {"datetime": "2021-10-06 09:25:55", "elapsed": 750.79755, "delta": 2.72032}}
{"target": -34.19021062861328, "params": {"C": 302.7606572584629, "epsilon": 33.63511613381091, "gamma": 0.07551432670764513, "lamda": 0.09301297780617136}, "datetime": {"datetime": "2021-10-06 09:25:59", "elapsed": 754.793472, "delta": 3.995922}}
{"target": -33.831089310555825, "params": {"C": 357.3787621032902, "epsilon": 34.62687089378986, "gamma": 0.06635849159589782, "lamda": 0.08396745360005495}, "datetime": {"datetime": "2021-10-06 09:26:02", "elapsed": 757.923339, "delta": 3.129867}}
{"target": -33.798992082457715, "params": {"C": 255.53734993623902, "epsilon": 36.782938373169415, "gamma": 0.06742448071926638, "lamda": 0.05810712064069221}, "datetime": {"datetime": "2021-10-06 09:26:04", "elapsed": 760.642523, "delta": 2.719184}}
{"target": -33.10776307949268, "params": {"C": 264.6149704359642, "epsilon": 32.30183804487018, "gamma": 0.031283441047444, "lamda": 0.042511639286126376}, "datetime": {"datetime": "2021-10-06 09:26:07", "elapsed": 763.456716, "delta": 2.814193}}
{"target": -32.91192520832685, "params": {"C": 202.0986449575868, "epsilon": 34.99814641070166, "gamma": 0.01476326003101095, "lamda": 0.08056633999772256}, "datetime": {"datetime": "2021-10-06 09:26:10", "elapsed": 766.617393, "delta": 3.160677}}
{"target": -34.257938694054744, "params": {"C": 385.5246496918952, "epsilon": 30.39173196589601, "gamma": 0.050122409823028694, "lamda": 0.15460453446496336}, "datetime": {"datetime": "2021-10-06 09:26:13", "elapsed": 769.440152, "delta": 2.822759}}
{"target": -32.904363330564735, "params": {"C": 229.94143001932517, "epsilon": 33.95461516499504, "gamma": 0.012165768136021706, "lamda": 0.0795797547475524}, "datetime": {"datetime": "2021-10-06 09:26:17", "elapsed": 773.198696, "delta": 3.758544}}
{"target": -33.39593326272846, "params": {"C": 320.94191904543544, "epsilon": 38.67572670918252, "gamma": 0.045615206478708814, "lamda": 0.13843903179997563}, "datetime": {"datetime": "2021-10-06 09:26:21", "elapsed": 776.837183, "delta": 3.638487}}
{"target": -33.38549238638128, "params": {"C": 258.96786479958416, "epsilon": 35.100452556195364, "gamma": 0.050390918455165, "lamda": 0.05002018951175556}, "datetime": {"datetime": "2021-10-06 09:26:23", "elapsed": 779.413463, "delta": 2.57628}}
{"target": -33.11429789654727, "params": {"C": 349.4110492129445, "epsilon": 34.90693322566607, "gamma": 0.008495383386268032, "lamda": 0.015821415166550706}, "datetime": {"datetime": "2021-10-06 09:26:26", "elapsed": 782.340952, "delta": 2.927489}}
{"target": -33.66485970919195, "params": {"C": 339.0679295656738, "epsilon": 38.4930466495548, "gamma": 0.044788809536399535, "lamda": 0.17743987706996273}, "datetime": {"datetime": "2021-10-06 09:26:30", "elapsed": 786.181801, "delta": 3.840849}}
{"target": -34.209596014607015, "params": {"C": 288.44216694172155, "epsilon": 36.3017502590442, "gamma": 0.06400980404227753, "lamda": 0.1785832709228069}, "datetime": {"datetime": "2021-10-06 09:26:33", "elapsed": 788.765133, "delta": 2.583332}}
{"target": -32.980315044476804, "params": {"C": 332.0322807663158, "epsilon": 38.405323697790934, "gamma": 0.014088024346356382, "lamda": 0.09598642680199963}, "datetime": {"datetime": "2021-10-06 09:26:35", "elapsed": 791.338789, "delta": 2.573656}}
{"target": -34.29859552056539, "params": {"C": 206.07321475586164, "epsilon": 36.8953389321882, "gamma": 0.07791491492857079, "lamda": 0.1505221852988038}, "datetime": {"datetime": "2021-10-06 09:26:38", "elapsed": 794.255345, "delta": 2.916556}}
{"target": -35.041540801532854, "params": {"C": 345.35636731290504, "epsilon": 31.959139729452986, "gamma": 0.07306898585944185, "lamda": 0.016377918951711}, "datetime": {"datetime": "2021-10-06 09:26:41", "elapsed": 797.00337, "delta": 2.748025}}
{"target": -33.18536793160992, "params": {"C": 369.28710347488095, "epsilon": 32.426323080938, "gamma": 0.03650189038697416, "lamda": 0.03229252945735117}, "datetime": {"datetime": "2021-10-06 09:26:43", "elapsed": 799.507223, "delta": 2.503853}}
{"target": -33.63110102981081, "params": {"C": 228.84025752037778, "epsilon": 33.83366790783359, "gamma": 0.05379469931255921, "lamda": 0.10697448851570002}, "datetime": {"datetime": "2021-10-06 09:26:46", "elapsed": 802.054394, "delta": 2.547171}}
{"target": -33.84974487059798, "params": {"C": 253.54299970258094, "epsilon": 32.59133416848518, "gamma": 0.012352817621687126, "lamda": 0.19282404473085796}, "datetime": {"datetime": "2021-10-06 09:26:50", "elapsed": 805.987782, "delta": 3.933388}}
{"target": -33.709900282276415, "params": {"C": 352.41198208514015, "epsilon": 32.68015628295684, "gamma": 0.03728550279209369, "lamda": 0.1557959931467618}, "datetime": {"datetime": "2021-10-06 09:26:53", "elapsed": 808.819261, "delta": 2.831479}}
{"target": -33.159539976752285, "params": {"C": 274.8816312205268, "epsilon": 31.930515078956276, "gamma": 0.028983606160475756, "lamda": 0.02641370788926606}, "datetime": {"datetime": "2021-10-06 09:26:58", "elapsed": 814.06747, "delta": 5.248209}}
{"target": -32.99939927083702, "params": {"C": 353.4777271404621, "epsilon": 32.7434227594924, "gamma": 0.015997442253586795, "lamda": 0.08853814006361355}, "datetime": {"datetime": "2021-10-06 09:27:01", "elapsed": 817.15497, "delta": 3.0875}}
{"target": -33.068709921772, "params": {"C": 218.51046814536966, "epsilon": 34.54721601272523, "gamma": 0.014065728234057199, "lamda": 0.11351123968060645}, "datetime": {"datetime": "2021-10-06 09:27:04", "elapsed": 820.113433, "delta": 2.958463}}
{"target": -33.067373098749655, "params": {"C": 330.3700276843723, "epsilon": 37.0063574075121, "gamma": 0.03788264023743231, "lamda": 0.0424261322803736}, "datetime": {"datetime": "2021-10-06 09:27:09", "elapsed": 825.041778, "delta": 4.928345}}
{"target": -33.227067108212935, "params": {"C": 239.24561311541666, "epsilon": 31.765593904968227, "gamma": 0.026501370969597055, "lamda": 0.10979285243981414}, "datetime": {"datetime": "2021-10-06 09:27:12", "elapsed": 827.873394, "delta": 2.831616}}
{"target": -33.93111213433972, "params": {"C": 337.84922266587864, "epsilon": 34.54206812259229, "gamma": 0.041409737796569535, "lamda": 0.18893649738388882}, "datetime": {"datetime": "2021-10-06 09:27:15", "elapsed": 830.675801, "delta": 2.802407}}
{"target": -34.505454417482106, "params": {"C": 255.67699941251973, "epsilon": 37.049012599834896, "gamma": 0.07471813524930072, "lamda": 0.18987756572349013}, "datetime": {"datetime": "2021-10-06 09:27:18", "elapsed": 834.333101, "delta": 3.6573}}
{"target": -33.89984789197526, "params": {"C": 304.0928257984879, "epsilon": 30.32292064559319, "gamma": 0.06025681591198703, "lamda": 0.07456768370437583}, "datetime": {"datetime": "2021-10-06 09:27:21", "elapsed": 837.092683, "delta": 2.759582}}
{"target": -33.705771164409356, "params": {"C": 245.60439558413555, "epsilon": 34.711823642000105, "gamma": 0.0564807301094689, "lamda": 0.11323105216501088}, "datetime": {"datetime": "2021-10-06 09:27:24", "elapsed": 839.965843, "delta": 2.87316}}
{"target": -32.896141296649326, "params": {"C": 321.24311536097827, "epsilon": 35.60225195680962, "gamma": 0.01121487447820061, "lamda": 0.03957567533243433}, "datetime": {"datetime": "2021-10-06 09:27:27", "elapsed": 843.075671, "delta": 3.109828}}
{"target": -32.87890172327188, "params": {"C": 351.9423331687632, "epsilon": 37.61441591532507, "gamma": 0.007084157746139478, "lamda": 0.02851441221959839}, "datetime": {"datetime": "2021-10-06 09:27:31", "elapsed": 846.905291, "delta": 3.82962}}
{"target": -32.98255989969213, "params": {"C": 365.2294467552414, "epsilon": 37.00751437314295, "gamma": 0.01817661361295828, "lamda": 0.0837448190987014}, "datetime": {"datetime": "2021-10-06 09:27:34", "elapsed": 849.92281, "delta": 3.017519}}
{"target": -34.32129784275096, "params": {"C": 260.5940545698604, "epsilon": 31.061562423530436, "gamma": 0.049186208907887496, "lamda": 0.16927352580107358}, "datetime": {"datetime": "2021-10-06 09:27:37", "elapsed": 852.677936, "delta": 2.755126}}
{"target": -34.58012038243915, "params": {"C": 264.6835971760464, "epsilon": 30.575455384998502, "gamma": 0.07851372250963712, "lamda": 0.11499700752638227}, "datetime": {"datetime": "2021-10-06 09:27:39", "elapsed": 855.322697, "delta": 2.644761}}
