{"target": -46.71986269351734, "params": {"C": 83.98737893581223, "epsilon": 21.889410309822583, "gamma": 0.00014573848945622018, "lamda": 0.12100279579547274}, "datetime": {"datetime": "2021-10-05 14:20:45", "elapsed": 0.0, "delta": 0.0}}
{"target": -42.746267594996844, "params": {"C": 30.204422272605495, "epsilon": 3.677819248295136, "gamma": 0.0745854585299306, "lamda": 0.13828973474451478}, "datetime": {"datetime": "2021-10-05 14:20:45", "elapsed": 0.272246, "delta": 0.272246}}
{"target": -46.9566923816905, "params": {"C": 79.95672737190331, "epsilon": 16.62568528609735, "gamma": 0.1677358863098776, "lamda": 0.2741192782086641}, "datetime": {"datetime": "2021-10-05 14:20:45", "elapsed": 0.504295, "delta": 0.232049}}
{"target": -36.95335519214667, "params": {"C": 41.68599769657197, "epsilon": 26.465405655337417, "gamma": 0.011052298519850673, "lamda": 0.26821995732034304}, "datetime": {"datetime": "2021-10-05 14:20:46", "elapsed": 0.730688, "delta": 0.226393}}
{"target": -35.565310099655214, "params": {"C": 84.04365567105826, "epsilon": 17.202005024926798, "gamma": 0.05624073674423399, "lamda": 0.07932078548504304}, "datetime": {"datetime": "2021-10-05 14:20:46", "elapsed": 0.988708, "delta": 0.25802}}
{"target": -40.46712064350499, "params": {"C": 160.3481691664318, "epsilon": 29.079585695862527, "gamma": 0.12543832884588121, "lamda": 0.2769598140061587}, "datetime": {"datetime": "2021-10-05 14:20:46", "elapsed": 1.202143, "delta": 0.213435}}
{"target": -33.80586462812327, "params": {"C": 175.40144130691164, "epsilon": 26.943593241611573, "gamma": 0.03410918012677419, "lamda": 0.015718007814829658}, "datetime": {"datetime": "2021-10-05 14:20:46", "elapsed": 1.453266, "delta": 0.251123}}
{"target": -34.804084028729605, "params": {"C": 34.79625349334921, "epsilon": 26.46613259945298, "gamma": 0.03942889884983674, "lamda": 0.16850093923952036}, "datetime": {"datetime": "2021-10-05 14:20:47", "elapsed": 1.69127, "delta": 0.238004}}
{"target": -44.904965932634504, "params": {"C": 191.62001649994988, "epsilon": 16.461793264217494, "gamma": 0.27678165786879433, "lamda": 0.12627470083932457}, "datetime": {"datetime": "2021-10-05 14:20:47", "elapsed": 1.912975, "delta": 0.221705}}
{"target": -38.91628229167954, "params": {"C": 137.61368460863514, "epsilon": 25.204144485023814, "gamma": 0.007413482109942304, "lamda": 0.3000827115464925}, "datetime": {"datetime": "2021-10-05 14:20:47", "elapsed": 2.125873, "delta": 0.212898}}
{"target": -44.41366312429413, "params": {"C": 137.65779240745024, "epsilon": 25.286257921536425, "gamma": 0.34418748021540907, "lamda": 0.12784861183361115}, "datetime": {"datetime": "2021-10-05 14:20:47", "elapsed": 2.496467, "delta": 0.370594}}
{"target": -51.7405049590539, "params": {"C": 89.068906173637, "epsilon": 12.99065053008794, "gamma": 0.21916719781968974, "lamda": 0.29770621247193696}, "datetime": {"datetime": "2021-10-05 14:20:48", "elapsed": 2.772341, "delta": 0.275874}}
{"target": -59.617768804303765, "params": {"C": 125.05375156943892, "epsilon": 7.473511561439868, "gamma": 0.38364194934457063, "lamda": 0.3218935374865032}, "datetime": {"datetime": "2021-10-05 14:20:48", "elapsed": 3.029974, "delta": 0.257633}}
{"target": -49.8610259447281, "params": {"C": 5.220048456873139, "epsilon": 24.428555949174914, "gamma": 0.385945730887165, "lamda": 0.2808590035947139}, "datetime": {"datetime": "2021-10-05 14:20:48", "elapsed": 3.319046, "delta": 0.289072}}
{"target": -58.58734503957969, "params": {"C": 73.51941912191828, "epsilon": 1.6495452228732255, "gamma": 0.06105049704408006, "lamda": 0.388611457400213}, "datetime": {"datetime": "2021-10-05 14:20:48", "elapsed": 3.634341, "delta": 0.315295}}
{"target": -48.47462221804846, "params": {"C": 34.68461729298555, "epsilon": 25.80329040923065, "gamma": 0.25773432844644806, "lamda": 0.37754754260435774}, "datetime": {"datetime": "2021-10-05 14:20:49", "elapsed": 3.938223, "delta": 0.303882}}
{"target": -46.318560666888615, "params": {"C": 34.97676789139188, "epsilon": 26.396347013938602, "gamma": 0.3163395717046713, "lamda": 0.23777488579856848}, "datetime": {"datetime": "2021-10-05 14:20:49", "elapsed": 4.226601, "delta": 0.288378}}
{"target": -46.48389478869667, "params": {"C": 65.65027651840339, "epsilon": 19.437661069388025, "gamma": 0.16026199323343102, "lamda": 0.30064676448585037}, "datetime": {"datetime": "2021-10-05 14:20:49", "elapsed": 4.531712, "delta": 0.305111}}
{"target": -41.956651637058826, "params": {"C": 61.876332913418416, "epsilon": 20.622945816377776, "gamma": 0.2205975531371647, "lamda": 0.12641148137492783}, "datetime": {"datetime": "2021-10-05 14:20:50", "elapsed": 4.835544, "delta": 0.303832}}
{"target": -39.81252077115931, "params": {"C": 80.03972163330324, "epsilon": 6.631158996156595, "gamma": 0.021237105188480515, "lamda": 0.13804631727005773}, "datetime": {"datetime": "2021-10-05 14:20:50", "elapsed": 5.113697, "delta": 0.278153}}
{"target": -44.601462151448466, "params": {"C": 2.8832667795651803, "epsilon": 16.955922770274398, "gamma": 0.06487911169505879, "lamda": 0.19117189974906096}, "datetime": {"datetime": "2021-10-05 14:20:50", "elapsed": 5.425842, "delta": 0.312145}}
{"target": -50.03982915970464, "params": {"C": 67.13818038734173, "epsilon": 15.058982688895213, "gamma": 0.16678884084446283, "lamda": 0.3283500286353516}, "datetime": {"datetime": "2021-10-05 14:20:51", "elapsed": 5.718738, "delta": 0.292896}}
{"target": -55.8067671956078, "params": {"C": 47.57735776601274, "epsilon": 13.963053814683095, "gamma": 0.22008887424686208, "lamda": 0.37967815670166166}, "datetime": {"datetime": "2021-10-05 14:20:51", "elapsed": 5.995749, "delta": 0.277011}}
{"target": -41.62405244589533, "params": {"C": 24.45634157343136, "epsilon": 16.965401777523674, "gamma": 0.19663690966965547, "lamda": 0.0584696282754415}, "datetime": {"datetime": "2021-10-05 14:20:51", "elapsed": 6.308539, "delta": 0.31279}}
{"target": -48.41778274973709, "params": {"C": 53.2813215279188, "epsilon": 1.633181804034474, "gamma": 0.06707117418420454, "lamda": 0.2566870253715493}, "datetime": {"datetime": "2021-10-05 14:20:51", "elapsed": 6.667982, "delta": 0.359443}}
{"target": -42.465774167267696, "params": {"C": 40.020178652891865, "epsilon": 12.6107042825488, "gamma": 0.20617983770003545, "lamda": 0.028127447185573383}, "datetime": {"datetime": "2021-10-05 14:20:52", "elapsed": 7.033186, "delta": 0.365204}}
{"target": -55.26351219480971, "params": {"C": 36.976915415865356, "epsilon": 8.881367540342811, "gamma": 0.32143589299901487, "lamda": 0.2592506135829928}, "datetime": {"datetime": "2021-10-05 14:20:52", "elapsed": 7.352158, "delta": 0.318972}}
{"target": -51.29032933621994, "params": {"C": 27.608882571343464, "epsilon": 15.727609649364338, "gamma": 0.35565241851052193, "lamda": 0.22690892078606253}, "datetime": {"datetime": "2021-10-05 14:20:53", "elapsed": 7.687491, "delta": 0.335333}}
{"target": -58.91469328243474, "params": {"C": 31.175724278497043, "epsilon": 6.923659506387734, "gamma": 0.26902300883424374, "lamda": 0.3499372631530642}, "datetime": {"datetime": "2021-10-05 14:20:53", "elapsed": 8.029165, "delta": 0.341674}}
{"target": -37.91087717918299, "params": {"C": 163.79034785332243, "epsilon": 5.742274650231612, "gamma": 0.006111783677831541, "lamda": 0.06447938456675852}, "datetime": {"datetime": "2021-10-05 14:20:53", "elapsed": 8.362331, "delta": 0.333166}}
{"target": -47.95809185422091, "params": {"C": 197.21592819811187, "epsilon": 21.541501557050154, "gamma": 0.23304697703066987, "lamda": 0.29847515666766017}, "datetime": {"datetime": "2021-10-05 14:20:53", "elapsed": 8.678718, "delta": 0.316387}}
{"target": -41.12281446484689, "params": {"C": 179.9008076329755, "epsilon": 14.114364015417454, "gamma": 0.1597460243926918, "lamda": 0.12468013087671141}, "datetime": {"datetime": "2021-10-05 14:20:54", "elapsed": 9.011885, "delta": 0.333167}}
{"target": -42.52234933458073, "params": {"C": 140.63851515376962, "epsilon": 12.142839093939356, "gamma": 0.10741930374562315, "lamda": 0.1957244331454195}, "datetime": {"datetime": "2021-10-05 14:20:54", "elapsed": 9.375645, "delta": 0.36376}}
{"target": -46.527303726660826, "params": {"C": 198.85341856425637, "epsilon": 8.419407670699723, "gamma": 0.2474896698153363, "lamda": 0.14799810055626772}, "datetime": {"datetime": "2021-10-05 14:20:55", "elapsed": 9.730528, "delta": 0.354883}}
{"target": -42.543399447559985, "params": {"C": 170.35296234569103, "epsilon": 23.70572881569574, "gamma": 0.36088591821976423, "lamda": 0.0374465959397617}, "datetime": {"datetime": "2021-10-05 14:20:55", "elapsed": 10.096749, "delta": 0.366221}}
{"target": -37.32126177987975, "params": {"C": 79.53008377801707, "epsilon": 19.810457873420606, "gamma": 0.06282191575825327, "lamda": 0.16699509369446802}, "datetime": {"datetime": "2021-10-05 14:20:55", "elapsed": 10.468529, "delta": 0.37178}}
{"target": -50.5479486222587, "params": {"C": 108.31364078721656, "epsilon": 12.370109437476245, "gamma": 0.3749054327068917, "lamda": 0.16871883425246223}, "datetime": {"datetime": "2021-10-05 14:20:56", "elapsed": 10.835731, "delta": 0.367202}}
{"target": -49.09559112206395, "params": {"C": 98.21130674148469, "epsilon": 2.861650380973036, "gamma": 0.13192172987882864, "lamda": 0.25610831154350006}, "datetime": {"datetime": "2021-10-05 14:20:56", "elapsed": 11.177367, "delta": 0.341636}}
{"target": -54.17246777214517, "params": {"C": 81.7016915701402, "epsilon": 1.4051079397090582, "gamma": 0.16331943564180706, "lamda": 0.31516939767539637}, "datetime": {"datetime": "2021-10-05 14:20:56", "elapsed": 11.54337, "delta": 0.366003}}
{"target": -60.308489674706124, "params": {"C": 131.35760035291713, "epsilon": 7.314770246200758, "gamma": 0.2810917956903496, "lamda": 0.36280837256951387}, "datetime": {"datetime": "2021-10-05 14:20:57", "elapsed": 11.907025, "delta": 0.363655}}
{"target": -48.96767433645682, "params": {"C": 60.97365239368739, "epsilon": 19.33619903326246, "gamma": 0.3571640922805397, "lamda": 0.20169745161427077}, "datetime": {"datetime": "2021-10-05 14:20:57", "elapsed": 12.245626, "delta": 0.338601}}
{"target": -33.64138447109216, "params": {"C": 175.63204445118913, "epsilon": 26.761664947234834, "gamma": 0.04578383490546141, "lamda": 0.048859101520801515}, "datetime": {"datetime": "2021-10-05 14:20:57", "elapsed": 12.636227, "delta": 0.390601}}
{"target": -49.1648365621326, "params": {"C": 72.57322867555756, "epsilon": 15.70134417872833, "gamma": 0.289962021858149, "lamda": 0.2084201860472819}, "datetime": {"datetime": "2021-10-05 14:20:58", "elapsed": 12.996557, "delta": 0.36033}}
{"target": -43.34588525431979, "params": {"C": 41.62517350153016, "epsilon": 26.518206499971956, "gamma": 0.19094960159248633, "lamda": 0.2615552359171133}, "datetime": {"datetime": "2021-10-05 14:20:58", "elapsed": 13.33983, "delta": 0.343273}}
{"target": -46.429991178215815, "params": {"C": 186.20973402307092, "epsilon": 27.462221917306195, "gamma": 0.3020015996490935, "lamda": 0.27577058738728893}, "datetime": {"datetime": "2021-10-05 14:20:59", "elapsed": 13.701703, "delta": 0.361873}}
{"target": -46.82620290013016, "params": {"C": 79.27691147417914, "epsilon": 28.389489826302974, "gamma": 0.30599926452708326, "lamda": 0.31451500902999013}, "datetime": {"datetime": "2021-10-05 14:20:59", "elapsed": 14.057405, "delta": 0.355702}}
{"target": -37.543762119842725, "params": {"C": 70.68033275464862, "epsilon": 28.344636765644193, "gamma": 0.1518009707612766, "lamda": 0.11582677080273455}, "datetime": {"datetime": "2021-10-05 14:20:59", "elapsed": 14.428649, "delta": 0.371244}}
{"target": -39.49195683707074, "params": {"C": 175.59522364086843, "epsilon": 26.440335763614417, "gamma": 0.08316811456716275, "lamda": 0.2705353651642053}, "datetime": {"datetime": "2021-10-05 14:21:00", "elapsed": 14.870446, "delta": 0.441797}}
{"target": -47.721493798524314, "params": {"C": 175.64414081281427, "epsilon": 26.80828531576, "gamma": 0.3671358684490152, "lamda": 0.27130312573603516}, "datetime": {"datetime": "2021-10-05 14:21:00", "elapsed": 15.220947, "delta": 0.350501}}
{"target": -48.20191747727623, "params": {"C": 84.86097326862084, "epsilon": 13.12360065442613, "gamma": 0.32999053293913116, "lamda": 0.14324646279297135}, "datetime": {"datetime": "2021-10-05 14:21:00", "elapsed": 15.60936, "delta": 0.388413}}
{"target": -35.5595393127329, "params": {"C": 84.19356924684699, "epsilon": 17.001340716341602, "gamma": 0.0439520409512586, "lamda": 0.10288903884215626}, "datetime": {"datetime": "2021-10-05 14:21:01", "elapsed": 15.997013, "delta": 0.387653}}
{"target": -34.38636355104391, "params": {"C": 198.0730411499889, "epsilon": 19.677153039829893, "gamma": 0.03521529333734228, "lamda": 0.028340459974815484}, "datetime": {"datetime": "2021-10-05 14:21:01", "elapsed": 16.375027, "delta": 0.378014}}
{"target": -34.680636206440916, "params": {"C": 160.4679403586365, "epsilon": 29.155972697683115, "gamma": 0.014776118324812487, "lamda": 0.20939519456347527}, "datetime": {"datetime": "2021-10-05 14:21:02", "elapsed": 16.728797, "delta": 0.35377}}
{"target": -44.52329630511987, "params": {"C": 160.70113561552972, "epsilon": 29.304721076129372, "gamma": 0.0001, "lamda": 0.0778226377920883}, "datetime": {"datetime": "2021-10-05 14:21:02", "elapsed": 17.234473, "delta": 0.505676}}
{"target": -39.56876123382591, "params": {"C": 76.65240647146597, "epsilon": 25.603479137666795, "gamma": 0.1644340949381587, "lamda": 0.14919790551912077}, "datetime": {"datetime": "2021-10-05 14:21:02", "elapsed": 17.608831, "delta": 0.374358}}
{"target": -47.758766937457295, "params": {"C": 160.34302193035396, "epsilon": 29.068640053618683, "gamma": 0.31750892199364894, "lamda": 0.37040792071460754}, "datetime": {"datetime": "2021-10-05 14:21:03", "elapsed": 18.000689, "delta": 0.391858}}
{"target": -35.565174650280746, "params": {"C": 84.20041391651793, "epsilon": 17.230480741395233, "gamma": 0.060936390984969675, "lamda": 0.03235173575089724}, "datetime": {"datetime": "2021-10-05 14:21:03", "elapsed": 18.423433, "delta": 0.422744}}
{"target": -40.30175647145341, "params": {"C": 179.78142039023982, "epsilon": 14.068777324962792, "gamma": 0.08139119174455761, "lamda": 0.18325638662105678}, "datetime": {"datetime": "2021-10-05 14:21:04", "elapsed": 18.839815, "delta": 0.416382}}
{"target": -50.27052880724378, "params": {"C": 58.026503878447066, "epsilon": 4.0121462209340875, "gamma": 0.3414412060931595, "lamda": 0.05654690351702917}, "datetime": {"datetime": "2021-10-05 14:21:04", "elapsed": 19.271531, "delta": 0.431716}}
{"target": -54.443764716257746, "params": {"C": 84.00300187807642, "epsilon": 16.914137470670326, "gamma": 0.25740955823521683, "lamda": 0.37866553703883593}, "datetime": {"datetime": "2021-10-05 14:21:05", "elapsed": 19.707948, "delta": 0.436417}}
{"target": -35.18277907949219, "params": {"C": 187.89865575580612, "epsilon": 29.184856385867302, "gamma": 0.09934691200519667, "lamda": 0.05546925423959523}, "datetime": {"datetime": "2021-10-05 14:21:05", "elapsed": 20.148822, "delta": 0.440874}}
{"target": -38.946616101267765, "params": {"C": 198.39410549561558, "epsilon": 19.48465348787505, "gamma": 0.10688883990420757, "lamda": 0.15738513929604395}, "datetime": {"datetime": "2021-10-05 14:21:05", "elapsed": 20.566782, "delta": 0.41796}}
{"target": -36.59393327171009, "params": {"C": 175.33728437733498, "epsilon": 27.022080872699245, "gamma": 0.017628123187581272, "lamda": 0.27006842575391865}, "datetime": {"datetime": "2021-10-05 14:21:06", "elapsed": 21.080061, "delta": 0.513279}}
{"target": -43.991133230087456, "params": {"C": 187.95782521552408, "epsilon": 29.251654551560705, "gamma": 0.3678734189037322, "lamda": 0.12616240428221814}, "datetime": {"datetime": "2021-10-05 14:21:06", "elapsed": 21.489223, "delta": 0.409162}}
{"target": -42.003998171437296, "params": {"C": 32.64477353282375, "epsilon": 14.874657069984087, "gamma": 0.20272589398536, "lamda": 0.0485432448920989}, "datetime": {"datetime": "2021-10-05 14:21:07", "elapsed": 21.911473, "delta": 0.42225}}
{"target": -44.68955552435566, "params": {"C": 198.18881070153088, "epsilon": 20.147650916323904, "gamma": 0.17778387419334055, "lamda": 0.24614309037061383}, "datetime": {"datetime": "2021-10-05 14:21:07", "elapsed": 22.336571, "delta": 0.425098}}
{"target": -37.775531324456814, "params": {"C": 187.89090096778932, "epsilon": 28.719989529251517, "gamma": 0.17197716579444206, "lamda": 0.030744748227999746}, "datetime": {"datetime": "2021-10-05 14:21:08", "elapsed": 22.768968, "delta": 0.432397}}
{"target": -39.73269953246554, "params": {"C": 79.20009883789757, "epsilon": 19.823186779213085, "gamma": 0.17079050599473272, "lamda": 0.10524123300769524}, "datetime": {"datetime": "2021-10-05 14:21:08", "elapsed": 23.227419, "delta": 0.458451}}
{"target": -34.912168699378064, "params": {"C": 34.67934549667203, "epsilon": 26.748223297770455, "gamma": 0.029751877584362256, "lamda": 0.18752332472185648}, "datetime": {"datetime": "2021-10-05 14:21:09", "elapsed": 23.739822, "delta": 0.512403}}
{"target": -41.23310634070991, "params": {"C": 34.6461587258776, "epsilon": 26.737877851599787, "gamma": 0.3292223127025387, "lamda": 0.01096004575752057}, "datetime": {"datetime": "2021-10-05 14:21:09", "elapsed": 24.312897, "delta": 0.573075}}
{"target": -49.2797800645253, "params": {"C": 160.06374975325346, "epsilon": 8.888651482895327, "gamma": 0.27948584804388554, "lamda": 0.17761691510703492}, "datetime": {"datetime": "2021-10-05 14:21:10", "elapsed": 24.709174, "delta": 0.396277}}
{"target": -34.358957311972276, "params": {"C": 175.65591416185558, "epsilon": 27.012237205216575, "gamma": 0.06900608872187519, "lamda": 0.060460065232470925}, "datetime": {"datetime": "2021-10-05 14:21:10", "elapsed": 25.164628, "delta": 0.455454}}
{"target": -36.323629965354414, "params": {"C": 34.93683188257489, "epsilon": 26.816853105132928, "gamma": 0.013005942983103992, "lamda": 0.2528020960742246}, "datetime": {"datetime": "2021-10-05 14:21:10", "elapsed": 25.628392, "delta": 0.463764}}
{"target": -37.889051870315384, "params": {"C": 175.69643385137724, "epsilon": 26.91909720858034, "gamma": 0.10115987205328514, "lamda": 0.0034115244586680965}, "datetime": {"datetime": "2021-10-05 14:21:11", "elapsed": 26.07631, "delta": 0.447918}}
{"target": -54.46398364536829, "params": {"C": 160.1371511269655, "epsilon": 12.125076319330951, "gamma": 0.3134627426354154, "lamda": 0.28568103633116465}, "datetime": {"datetime": "2021-10-05 14:21:11", "elapsed": 26.486814, "delta": 0.410504}}
{"target": -37.944493707403595, "params": {"C": 197.9681906851866, "epsilon": 19.36874547614332, "gamma": 0.0001, "lamda": 0.0001}, "datetime": {"datetime": "2021-10-05 14:21:12", "elapsed": 27.23266, "delta": 0.745846}}
{"target": -42.716523973304255, "params": {"C": 198.03842798968788, "epsilon": 19.370071767406177, "gamma": 0.29167728065374915, "lamda": 0.0712639527071965}, "datetime": {"datetime": "2021-10-05 14:21:13", "elapsed": 27.702738, "delta": 0.470078}}
{"target": -52.75653086105698, "params": {"C": 114.41268961404243, "epsilon": 2.010090193880088, "gamma": 0.33542227349842685, "lamda": 0.21618210582431813}, "datetime": {"datetime": "2021-10-05 14:21:13", "elapsed": 28.155429, "delta": 0.452691}}
{"target": -39.52672023926448, "params": {"C": 187.63137509220059, "epsilon": 29.03240559575621, "gamma": 0.20591086381121843, "lamda": 0.010668546513914358}, "datetime": {"datetime": "2021-10-05 14:21:13", "elapsed": 28.620393, "delta": 0.464964}}
{"target": -46.31846395581982, "params": {"C": 190.71689763881702, "epsilon": 23.219372931337077, "gamma": 0.39988751782096854, "lamda": 0.13461481797008681}, "datetime": {"datetime": "2021-10-05 14:21:14", "elapsed": 29.076661, "delta": 0.456268}}
{"target": -46.96530431782944, "params": {"C": 140.5727444679055, "epsilon": 12.355291753391858, "gamma": 0.09786204102494761, "lamda": 0.2951010231318504}, "datetime": {"datetime": "2021-10-05 14:21:14", "elapsed": 29.517792, "delta": 0.441131}}
{"target": -37.81878314556261, "params": {"C": 175.76516853027212, "epsilon": 27.24192805122089, "gamma": 0.06841234484263388, "lamda": 0.2436452215854612}, "datetime": {"datetime": "2021-10-05 14:21:15", "elapsed": 30.044881, "delta": 0.527089}}
{"target": -47.432088272212994, "params": {"C": 105.93262762868655, "epsilon": 24.43406779808539, "gamma": 0.31602085245158157, "lamda": 0.25732356019118224}, "datetime": {"datetime": "2021-10-05 14:21:15", "elapsed": 30.508132, "delta": 0.463251}}
{"target": -37.91711625604942, "params": {"C": 61.85975442959644, "epsilon": 20.69204177531625, "gamma": 0.12576449780403626, "lamda": 0.10616567795898539}, "datetime": {"datetime": "2021-10-05 14:21:16", "elapsed": 30.960141, "delta": 0.452009}}
{"target": -35.948342318005295, "params": {"C": 175.36099208094882, "epsilon": 26.601953292030913, "gamma": 0.0001, "lamda": 0.0001}, "datetime": {"datetime": "2021-10-05 14:21:17", "elapsed": 31.860962, "delta": 0.900821}}
{"target": -36.78079729125233, "params": {"C": 61.48711042059824, "epsilon": 20.94188873955607, "gamma": 0.10976245165900672, "lamda": 0.04506675240234129}, "datetime": {"datetime": "2021-10-05 14:21:17", "elapsed": 32.387992, "delta": 0.52703}}
{"target": -50.04140158600347, "params": {"C": 41.98235562737133, "epsilon": 26.208142239836487, "gamma": 0.0001, "lamda": 0.3006943490489419}, "datetime": {"datetime": "2021-10-05 14:21:18", "elapsed": 32.980444, "delta": 0.592452}}
{"target": -44.45831693429863, "params": {"C": 121.21987649289818, "epsilon": 21.011822402445798, "gamma": 0.2609246145673635, "lamda": 0.166096098181195}, "datetime": {"datetime": "2021-10-05 14:21:18", "elapsed": 33.461671, "delta": 0.481227}}
{"target": -44.09484721988227, "params": {"C": 79.62703570794838, "epsilon": 19.987248085575125, "gamma": 0.37724832363841865, "lamda": 0.0030085375943801093}, "datetime": {"datetime": "2021-10-05 14:21:19", "elapsed": 34.128758, "delta": 0.667087}}
