{"target": -34.263387552215576, "params": {"C": 33.97991370181511, "epsilon": 29.071803458848514, "gamma": 0.017969379415008924, "lamda": 0.09124533533950856}, "datetime": {"datetime": "2021-10-05 14:22:27", "elapsed": 111.028496, "delta": 1.001717}}
{"target": -46.19986842673327, "params": {"C": 53.89628046512973, "epsilon": 22.009100446910885, "gamma": 0.2522689547415273, "lamda": 0.2753901741429018}, "datetime": {"datetime": "2021-10-05 14:22:27", "elapsed": 111.730369, "delta": 0.701873}}
{"target": -45.37935561170621, "params": {"C": 84.55629486252707, "epsilon": 16.839232578537914, "gamma": 0.00890837141318523, "lamda": 0.27509180419265056}, "datetime": {"datetime": "2021-10-05 14:22:28", "elapsed": 112.8169, "delta": 1.086531}}
{"target": -35.04823682558152, "params": {"C": 188.11133787505187, "epsilon": 27.77854133181582, "gamma": 0.06382402004382651, "lamda": 0.12003304619121105}, "datetime": {"datetime": "2021-10-05 14:22:29", "elapsed": 113.913277, "delta": 1.096377}}
{"target": -49.92109450230015, "params": {"C": 174.72258723346536, "epsilon": 3.636559436695202, "gamma": 0.049512785449756555, "lamda": 0.28018923508599497}, "datetime": {"datetime": "2021-10-05 14:22:30", "elapsed": 114.615841, "delta": 0.702564}}
{"target": -48.51097241702098, "params": {"C": 117.69766316482794, "epsilon": 14.526443811499867, "gamma": 0.05327100137978439, "lamda": 0.361020345885572}, "datetime": {"datetime": "2021-10-05 14:22:31", "elapsed": 115.303279, "delta": 0.687438}}
{"target": -34.9328006685183, "params": {"C": 33.0223808478777, "epsilon": 27.55134550887006, "gamma": 0.023915129852779944, "lamda": 0.0030512160248873975}, "datetime": {"datetime": "2021-10-05 14:22:32", "elapsed": 116.546281, "delta": 1.243002}}
{"target": -34.30345793288, "params": {"C": 34.421366953704606, "epsilon": 28.962576675188494, "gamma": 0.014004408098480968, "lamda": 0.07748170255772854}, "datetime": {"datetime": "2021-10-05 14:22:33", "elapsed": 117.703019, "delta": 1.156738}}
{"target": -41.10468204582652, "params": {"C": 188.1668562216772, "epsilon": 27.964121959055017, "gamma": 0.3945525296078594, "lamda": 0.06383942947099783}, "datetime": {"datetime": "2021-10-05 14:22:34", "elapsed": 118.688467, "delta": 0.985448}}
{"target": -45.66133955753507, "params": {"C": 34.29067329345098, "epsilon": 29.09617396178175, "gamma": 0.37288232256238013, "lamda": 0.2727231521014585}, "datetime": {"datetime": "2021-10-05 14:22:35", "elapsed": 119.794299, "delta": 1.105832}}
{"target": -38.409212938942034, "params": {"C": 84.07403452422733, "epsilon": 18.16197110480674, "gamma": 0.16787313611056254, "lamda": 0.06150916042776755}, "datetime": {"datetime": "2021-10-05 14:22:37", "elapsed": 120.935895, "delta": 1.141596}}
{"target": -36.91423734842736, "params": {"C": 188.36431594364623, "epsilon": 27.311631120872235, "gamma": 0.1663877901024073, "lamda": 0.05722749138555639}, "datetime": {"datetime": "2021-10-05 14:22:38", "elapsed": 122.069707, "delta": 1.133812}}
{"target": -35.281095386786404, "params": {"C": 34.72018562502397, "epsilon": 29.21819602929552, "gamma": 0.03969787634892547, "lamda": 0.163584053569033}, "datetime": {"datetime": "2021-10-05 14:22:39", "elapsed": 123.175198, "delta": 1.105491}}
{"target": -45.20172958828884, "params": {"C": 57.08294683047025, "epsilon": 3.7580584080234694, "gamma": 0.24925158982827178, "lamda": 0.024267266168469217}, "datetime": {"datetime": "2021-10-05 14:22:40", "elapsed": 123.975784, "delta": 0.800586}}
{"target": -38.36001030620612, "params": {"C": 52.672506994506605, "epsilon": 7.685963582354052, "gamma": 0.05127015685914215, "lamda": 0.019564224321328493}, "datetime": {"datetime": "2021-10-05 14:22:40", "elapsed": 124.814825, "delta": 0.839041}}
{"target": -35.85001744966428, "params": {"C": 31.32275625480932, "epsilon": 27.25742951628679, "gamma": 0.10492902793278623, "lamda": 0.0026841462808603464}, "datetime": {"datetime": "2021-10-05 14:22:42", "elapsed": 125.952507, "delta": 1.137682}}
{"target": -44.853145897023396, "params": {"C": 154.99460034432852, "epsilon": 3.8293823333860306, "gamma": 0.23266236256570477, "lamda": 0.06130238525080684}, "datetime": {"datetime": "2021-10-05 14:22:42", "elapsed": 126.731256, "delta": 0.778749}}
{"target": -42.68611485878209, "params": {"C": 35.15222526861394, "epsilon": 29.45763321909658, "gamma": 0.24474411924353454, "lamda": 0.2522718037602579}, "datetime": {"datetime": "2021-10-05 14:22:44", "elapsed": 128.113055, "delta": 1.381799}}
{"target": -35.64840173888216, "params": {"C": 34.97193524601651, "epsilon": 28.90066149287594, "gamma": 0.04301102267046422, "lamda": 0.17908490873940566}, "datetime": {"datetime": "2021-10-05 14:22:45", "elapsed": 129.238628, "delta": 1.125573}}
{"target": -40.56800835587427, "params": {"C": 188.71902250961435, "epsilon": 27.563239933008205, "gamma": 0.024915607175973974, "lamda": 0.3324392053907382}, "datetime": {"datetime": "2021-10-05 14:22:46", "elapsed": 130.460396, "delta": 1.221768}}
{"target": -34.572610699224505, "params": {"C": 186.96511754486804, "epsilon": 27.706684360889618, "gamma": 0.04270060377409498, "lamda": 0.10606626236440667}, "datetime": {"datetime": "2021-10-05 14:22:47", "elapsed": 131.705538, "delta": 1.245142}}
{"target": -52.545735843015386, "params": {"C": 80.728409761258, "epsilon": 4.194394769194985, "gamma": 0.39565512764024335, "lamda": 0.2093725303808848}, "datetime": {"datetime": "2021-10-05 14:22:48", "elapsed": 132.537208, "delta": 0.83167}}
{"target": -42.85665021071244, "params": {"C": 30.61727988750628, "epsilon": 27.95963737021309, "gamma": 0.2962235785682719, "lamda": 0.19371588984231977}, "datetime": {"datetime": "2021-10-05 14:22:50", "elapsed": 134.009314, "delta": 1.472106}}
{"target": -42.50804480023921, "params": {"C": 188.37640744763254, "epsilon": 26.87770070114326, "gamma": 0.16098498598152783, "lamda": 0.3010384423855332}, "datetime": {"datetime": "2021-10-05 14:22:51", "elapsed": 135.21589, "delta": 1.206576}}
{"target": -34.68807461304249, "params": {"C": 176.4924610733363, "epsilon": 27.28933635521416, "gamma": 0.05288317328810163, "lamda": 0.0962352493499579}, "datetime": {"datetime": "2021-10-05 14:22:52", "elapsed": 136.35251, "delta": 1.13662}}
{"target": -42.625790213904885, "params": {"C": 34.62307987602982, "epsilon": 26.963082196271717, "gamma": 0.045482672567027996, "lamda": 0.3990503688090089}, "datetime": {"datetime": "2021-10-05 14:22:53", "elapsed": 137.736989, "delta": 1.384479}}
{"target": -34.109708249370044, "params": {"C": 176.31829597985356, "epsilon": 27.616092838722683, "gamma": 0.01263997227264136, "lamda": 0.018035030314451545}, "datetime": {"datetime": "2021-10-05 14:22:55", "elapsed": 139.157213, "delta": 1.420224}}
{"target": -37.25191732345859, "params": {"C": 35.83689433002556, "epsilon": 26.99169017701076, "gamma": 0.1700647847124343, "lamda": 0.05856022533448458}, "datetime": {"datetime": "2021-10-05 14:22:56", "elapsed": 140.384318, "delta": 1.227105}}
{"target": -45.749931380395395, "params": {"C": 68.3494849430645, "epsilon": 16.084374047572695, "gamma": 0.11256577299048322, "lamda": 0.2940496830661734}, "datetime": {"datetime": "2021-10-05 14:22:57", "elapsed": 141.184459, "delta": 0.800141}}
{"target": -44.30952354480671, "params": {"C": 177.13069953500033, "epsilon": 27.29177149930964, "gamma": 0.2855141900426443, "lamda": 0.25797335859207143}, "datetime": {"datetime": "2021-10-05 14:22:58", "elapsed": 142.48295, "delta": 1.298491}}
{"target": -34.64871029150173, "params": {"C": 34.482448548307076, "epsilon": 29.273645531850438, "gamma": 0.011042903942727085, "lamda": 0.0017838800436935872}, "datetime": {"datetime": "2021-10-05 14:22:59", "elapsed": 143.865253, "delta": 1.382303}}
{"target": -54.02952468031972, "params": {"C": 117.11176132936679, "epsilon": 5.828027312854759, "gamma": 0.08387448810006912, "lamda": 0.34428066951730374}, "datetime": {"datetime": "2021-10-05 14:23:00", "elapsed": 144.7039, "delta": 0.838647}}
{"target": -46.37445865774459, "params": {"C": 56.93743157581633, "epsilon": 26.231240477002505, "gamma": 0.39857524135666955, "lamda": 0.23948468979141085}, "datetime": {"datetime": "2021-10-05 14:23:01", "elapsed": 145.514172, "delta": 0.810272}}
{"target": -36.04121848124464, "params": {"C": 35.81318163838624, "epsilon": 26.69667005977214, "gamma": 0.007828551711572077, "lamda": 0.1070239424070923}, "datetime": {"datetime": "2021-10-05 14:23:02", "elapsed": 146.913327, "delta": 1.399155}}
{"target": -42.3969337569452, "params": {"C": 36.42415160307181, "epsilon": 26.9006467390668, "gamma": 0.09120987943905269, "lamda": 0.369354040415312}, "datetime": {"datetime": "2021-10-05 14:23:04", "elapsed": 148.352016, "delta": 1.438689}}
{"target": -48.06035642998203, "params": {"C": 52.98224435662938, "epsilon": 7.187266357661185, "gamma": 0.3162965074662801, "lamda": 0.15320879853564418}, "datetime": {"datetime": "2021-10-05 14:23:05", "elapsed": 149.914681, "delta": 1.562665}}
{"target": -45.68371758468802, "params": {"C": 25.0738038930171, "epsilon": 4.254400625291151, "gamma": 0.21265082933692486, "lamda": 0.01906201145672339}, "datetime": {"datetime": "2021-10-05 14:23:06", "elapsed": 150.797949, "delta": 0.883268}}
{"target": -40.05181204432156, "params": {"C": 36.218078886735185, "epsilon": 25.995143739692953, "gamma": 0.2582698035777793, "lamda": 0.10801107050527135}, "datetime": {"datetime": "2021-10-05 14:23:08", "elapsed": 152.451466, "delta": 1.653517}}
{"target": -37.19574006187135, "params": {"C": 175.8416545095491, "epsilon": 26.965838450116948, "gamma": 0.07304270440545366, "lamda": 0.0012412063001166192}, "datetime": {"datetime": "2021-10-05 14:23:09", "elapsed": 153.773168, "delta": 1.321702}}
{"target": -35.184274886053146, "params": {"C": 174.55727427238796, "epsilon": 27.508666927943555, "gamma": 0.07628030828428352, "lamda": 0.027380419781008913}, "datetime": {"datetime": "2021-10-05 14:23:11", "elapsed": 155.366435, "delta": 1.593267}}
{"target": -40.170242054201026, "params": {"C": 22.04527951028153, "epsilon": 24.44422988042286, "gamma": 0.2911496527037063, "lamda": 0.003211281900734888}, "datetime": {"datetime": "2021-10-05 14:23:12", "elapsed": 156.266019, "delta": 0.899584}}
{"target": -37.912863645656465, "params": {"C": 174.7712018061408, "epsilon": 28.046460202495446, "gamma": 0.07831157288741732, "lamda": 0.23733183411649253}, "datetime": {"datetime": "2021-10-05 14:23:13", "elapsed": 157.783578, "delta": 1.517559}}
{"target": -42.16503104234944, "params": {"C": 109.13557969400873, "epsilon": 19.779745608696345, "gamma": 0.2830860635141522, "lamda": 0.1186113811445543}, "datetime": {"datetime": "2021-10-05 14:23:15", "elapsed": 159.17464, "delta": 1.391062}}
{"target": -47.280941537659864, "params": {"C": 174.38498269182645, "epsilon": 27.59808214762276, "gamma": 0.3565984432984849, "lamda": 0.332117276025962}, "datetime": {"datetime": "2021-10-05 14:23:16", "elapsed": 160.706088, "delta": 1.531448}}
{"target": -58.35859442343886, "params": {"C": 186.53209587951878, "epsilon": 9.232774930983153, "gamma": 0.34172838831578234, "lamda": 0.35035604808676896}, "datetime": {"datetime": "2021-10-05 14:23:17", "elapsed": 161.560453, "delta": 0.854365}}
{"target": -42.5864977510161, "params": {"C": 52.91611489350367, "epsilon": 8.30597446669447, "gamma": 0.11007118417247098, "lamda": 0.16579618447903471}, "datetime": {"datetime": "2021-10-05 14:23:19", "elapsed": 163.249829, "delta": 1.689376}}
{"target": -59.47714271515231, "params": {"C": 13.637447053166607, "epsilon": 1.4083491671839612, "gamma": 0.30047534052663855, "lamda": 0.20983958676380862}, "datetime": {"datetime": "2021-10-05 14:23:20", "elapsed": 164.146551, "delta": 0.896722}}
{"target": -54.806292567894864, "params": {"C": 144.15640244612598, "epsilon": 8.881644059501072, "gamma": 0.1547475847796003, "lamda": 0.3526214090309233}, "datetime": {"datetime": "2021-10-05 14:23:21", "elapsed": 165.021508, "delta": 0.874957}}
{"target": -46.26309692951294, "params": {"C": 32.83078576833254, "epsilon": 26.431431359566528, "gamma": 0.0001, "lamda": 0.0001}, "datetime": {"datetime": "2021-10-05 14:23:24", "elapsed": 168.713986, "delta": 3.692478}}
{"target": -42.382919934759904, "params": {"C": 85.18427018292685, "epsilon": 17.60380658424533, "gamma": 0.005144951178717183, "lamda": 0.18197880041814962}, "datetime": {"datetime": "2021-10-05 14:23:26", "elapsed": 170.377267, "delta": 1.663281}}
{"target": -35.37533928603118, "params": {"C": 83.25796209353835, "epsilon": 19.93228057337816, "gamma": 0.008500690429951633, "lamda": 0.04606982125727764}, "datetime": {"datetime": "2021-10-05 14:23:27", "elapsed": 171.81669, "delta": 1.439423}}
{"target": -41.8541776143505, "params": {"C": 47.45524840603061, "epsilon": 2.5511140297316715, "gamma": 0.1093885199546872, "lamda": 0.04628331723871957}, "datetime": {"datetime": "2021-10-05 14:23:28", "elapsed": 172.844754, "delta": 1.028064}}
{"target": -38.68805863711616, "params": {"C": 82.79956303243058, "epsilon": 20.15204805999173, "gamma": 0.17741923969705878, "lamda": 0.03456061936052318}, "datetime": {"datetime": "2021-10-05 14:23:30", "elapsed": 174.28689, "delta": 1.442136}}
{"target": -36.26892052023338, "params": {"C": 68.98289610569384, "epsilon": 20.179343471199704, "gamma": 0.0894041404719731, "lamda": 0.05291074925594267}, "datetime": {"datetime": "2021-10-05 14:23:31", "elapsed": 175.163336, "delta": 0.876446}}
{"target": -47.806028977714924, "params": {"C": 135.19356574935264, "epsilon": 7.802804459173998, "gamma": 0.29485578111647015, "lamda": 0.17122295340848706}, "datetime": {"datetime": "2021-10-05 14:23:32", "elapsed": 176.084781, "delta": 0.921445}}
{"target": -54.28358692170582, "params": {"C": 57.751234773867594, "epsilon": 14.12132257279152, "gamma": 0.21086512413131472, "lamda": 0.3797756187899031}, "datetime": {"datetime": "2021-10-05 14:23:33", "elapsed": 177.196946, "delta": 1.112165}}
{"target": -35.196145694871866, "params": {"C": 174.4982324392729, "epsilon": 26.929025188776865, "gamma": 0.05753196945692985, "lamda": 0.012298675822170025}, "datetime": {"datetime": "2021-10-05 14:23:35", "elapsed": 178.993564, "delta": 1.796618}}
{"target": -38.996578741056986, "params": {"C": 68.56966828310505, "epsilon": 20.636089017407855, "gamma": 0.1989979609552358, "lamda": 0.03552406201984571}, "datetime": {"datetime": "2021-10-05 14:23:37", "elapsed": 181.074994, "delta": 2.08143}}
{"target": -43.65328402090271, "params": {"C": 130.64224047626809, "epsilon": 5.704641316643366, "gamma": 0.02395951969635319, "lamda": 0.1988485495699051}, "datetime": {"datetime": "2021-10-05 14:23:38", "elapsed": 181.953355, "delta": 0.878361}}
{"target": -41.13463528010408, "params": {"C": 68.59603419277285, "epsilon": 19.826888858255533, "gamma": 0.12189383998729178, "lamda": 0.2192612489175071}, "datetime": {"datetime": "2021-10-05 14:23:39", "elapsed": 183.676815, "delta": 1.72346}}
{"target": -35.29353220137313, "params": {"C": 175.13914072307006, "epsilon": 27.68624394818031, "gamma": 0.06579317111510152, "lamda": 0.01795665466445422}, "datetime": {"datetime": "2021-10-05 14:23:41", "elapsed": 185.403863, "delta": 1.727048}}
{"target": -41.37136192863446, "params": {"C": 83.63219243530887, "epsilon": 20.1567318052739, "gamma": 0.08089818084325083, "lamda": 0.25829242615526254}, "datetime": {"datetime": "2021-10-05 14:23:43", "elapsed": 187.482063, "delta": 2.0782}}
{"target": -46.1357589516836, "params": {"C": 52.12352214529861, "epsilon": 7.858473103307327, "gamma": 0.3352696203297327, "lamda": 0.06680989256184293}, "datetime": {"datetime": "2021-10-05 14:23:46", "elapsed": 190.001777, "delta": 2.519714}}
{"target": -44.25762030344762, "params": {"C": 69.28382891655879, "epsilon": 20.029223874991338, "gamma": 0.28445571519083707, "lamda": 0.18116856153025765}, "datetime": {"datetime": "2021-10-05 14:23:47", "elapsed": 191.827833, "delta": 1.826056}}
{"target": -42.62482757252384, "params": {"C": 69.00049486427844, "epsilon": 20.641430931296497, "gamma": 0.054437649360333976, "lamda": 0.30760986036126503}, "datetime": {"datetime": "2021-10-05 14:23:49", "elapsed": 193.406646, "delta": 1.578813}}
{"target": -41.8885239047168, "params": {"C": 83.06788286041153, "epsilon": 19.49801337066401, "gamma": 0.3261801875813137, "lamda": 0.07988655588450952}, "datetime": {"datetime": "2021-10-05 14:23:51", "elapsed": 195.906003, "delta": 2.499357}}
{"target": -41.286733937415235, "params": {"C": 151.91422787503677, "epsilon": 23.434795830351533, "gamma": 0.3520168811864566, "lamda": 0.06655700648641005}, "datetime": {"datetime": "2021-10-05 14:23:52", "elapsed": 196.927607, "delta": 1.021604}}
{"target": -34.67926757228427, "params": {"C": 35.52460255546532, "epsilon": 28.76171951961106, "gamma": 0.04640101297198103, "lamda": 0.01193453038441307}, "datetime": {"datetime": "2021-10-05 14:23:54", "elapsed": 198.906192, "delta": 1.978585}}
{"target": -42.140688635688306, "params": {"C": 174.84472304415613, "epsilon": 27.268705402564898, "gamma": 0.0001, "lamda": 0.0001}, "datetime": {"datetime": "2021-10-05 14:23:59", "elapsed": 203.658782, "delta": 4.75259}}
{"target": -36.01901355784925, "params": {"C": 174.3103342243899, "epsilon": 26.499172519265752, "gamma": 0.07278282214221345, "lamda": 0.14555589300109828}, "datetime": {"datetime": "2021-10-05 14:24:01", "elapsed": 205.622815, "delta": 1.964033}}
{"target": -42.96988115478657, "params": {"C": 36.09688843320339, "epsilon": 20.923271434090953, "gamma": 0.08643485485295446, "lamda": 0.3012184183436062}, "datetime": {"datetime": "2021-10-05 14:24:02", "elapsed": 206.929287, "delta": 1.306472}}
{"target": -46.78590421038716, "params": {"C": 175.2261295441604, "epsilon": 26.61814560767836, "gamma": 0.0001, "lamda": 0.04071349544126261}, "datetime": {"datetime": "2021-10-05 14:24:08", "elapsed": 211.997637, "delta": 5.06835}}
{"target": -39.46421434258856, "params": {"C": 35.66825442357073, "epsilon": 29.078679431696237, "gamma": 0.26544726286351067, "lamda": 0.09326683685405675}, "datetime": {"datetime": "2021-10-05 14:24:09", "elapsed": 213.594468, "delta": 1.596831}}
{"target": -42.696970390431815, "params": {"C": 174.26970470215798, "epsilon": 27.06092562860053, "gamma": 0.2795227129385622, "lamda": 0.1938774066526711}, "datetime": {"datetime": "2021-10-05 14:24:11", "elapsed": 215.284566, "delta": 1.690098}}
{"target": -54.80176259379832, "params": {"C": 129.2237361148066, "epsilon": 3.2512126559826955, "gamma": 0.3321567792833278, "lamda": 0.2661155286266427}, "datetime": {"datetime": "2021-10-05 14:24:12", "elapsed": 216.179057, "delta": 0.894491}}
{"target": -54.796932890345616, "params": {"C": 51.57663717159362, "epsilon": 6.390859330526592, "gamma": 0.2978917067986933, "lamda": 0.2785602185677147}, "datetime": {"datetime": "2021-10-05 14:24:13", "elapsed": 217.423431, "delta": 1.244374}}
{"target": -37.30663089144221, "params": {"C": 18.24920075389029, "epsilon": 23.322287669810386, "gamma": 0.03761680121969743, "lamda": 0.18277362330491057}, "datetime": {"datetime": "2021-10-05 14:24:14", "elapsed": 218.41362, "delta": 0.990189}}
{"target": -40.996018017534844, "params": {"C": 174.83033692285716, "epsilon": 27.751880003624848, "gamma": 0.18537196860729915, "lamda": 0.0016099757614627143}, "datetime": {"datetime": "2021-10-05 14:24:16", "elapsed": 220.39818, "delta": 1.98456}}
{"target": -38.36888923128177, "params": {"C": 35.09441447718433, "epsilon": 28.656655328247073, "gamma": 0.2380958153496574, "lamda": 0.04165861895223477}, "datetime": {"datetime": "2021-10-05 14:24:18", "elapsed": 222.038943, "delta": 1.640763}}
{"target": -37.16543955547761, "params": {"C": 32.977207006888044, "epsilon": 27.740984367945977, "gamma": 0.022243546793176423, "lamda": 0.21995246959094408}, "datetime": {"datetime": "2021-10-05 14:24:20", "elapsed": 224.049065, "delta": 2.010122}}
{"target": -39.71156428735706, "params": {"C": 17.98668364520192, "epsilon": 23.90754711165143, "gamma": 0.25225693859199705, "lamda": 0.01249867384022002}, "datetime": {"datetime": "2021-10-05 14:24:22", "elapsed": 226.321037, "delta": 2.271972}}
{"target": -43.84345879712813, "params": {"C": 18.712465705192322, "epsilon": 23.76513555279672, "gamma": 0.24811223004729507, "lamda": 0.22610099529873517}, "datetime": {"datetime": "2021-10-05 14:24:24", "elapsed": 228.610815, "delta": 2.289778}}
{"target": -41.639992501836474, "params": {"C": 175.0789910113815, "epsilon": 27.78826574854915, "gamma": 0.08245449387485292, "lamda": 0.36278223490930306}, "datetime": {"datetime": "2021-10-05 14:24:26", "elapsed": 230.350546, "delta": 1.739731}}
{"target": -38.04475454821865, "params": {"C": 18.184034593319133, "epsilon": 22.814173218176723, "gamma": 0.07078188825792882, "lamda": 0.18574189232572189}, "datetime": {"datetime": "2021-10-05 14:24:28", "elapsed": 232.239853, "delta": 1.889307}}
{"target": -45.5654673751125, "params": {"C": 17.69232921798636, "epsilon": 23.2996419444525, "gamma": 0.20082410400461465, "lamda": 0.31637215054581247}, "datetime": {"datetime": "2021-10-05 14:24:30", "elapsed": 234.093686, "delta": 1.853833}}
{"target": -42.7632661453265, "params": {"C": 35.485865887689904, "epsilon": 28.64257835374218, "gamma": 0.15857887577726174, "lamda": 0.33820965548093784}, "datetime": {"datetime": "2021-10-05 14:24:31", "elapsed": 235.757427, "delta": 1.663741}}
{"target": -37.580691743241815, "params": {"C": 34.69837343417264, "epsilon": 28.890987084569208, "gamma": 0.1903673278470491, "lamda": 0.008149614390596261}, "datetime": {"datetime": "2021-10-05 14:24:33", "elapsed": 237.339176, "delta": 1.581749}}
{"target": -41.97659730518515, "params": {"C": 160.25287287012816, "epsilon": 28.741850768013354, "gamma": 0.0001, "lamda": 0.0001}, "datetime": {"datetime": "2021-10-05 14:24:37", "elapsed": 241.493217, "delta": 4.154041}}
