{"target": -32.96789146412469, "params": {"C": 386.91191097875054, "epsilon": 38.5405943259975, "gamma": 0.025896256598711725, "lamda": 0.05407397756834936}, "datetime": {"datetime": "2021-10-06 09:20:11", "elapsed": 406.71365, "delta": 2.178144}}
{"target": -34.28096020225978, "params": {"C": 289.0082785788679, "epsilon": 33.830087479122575, "gamma": 0.07943179187816174, "lamda": 0.05171901668254985}, "datetime": {"datetime": "2021-10-06 09:20:12", "elapsed": 408.527339, "delta": 1.813689}}
{"target": -33.9212846671568, "params": {"C": 311.64873559809615, "epsilon": 36.528914680899334, "gamma": 0.0010265567933994, "lamda": 0.035456619535963005}, "datetime": {"datetime": "2021-10-06 09:20:15", "elapsed": 411.068222, "delta": 2.540883}}
{"target": -34.02044502311735, "params": {"C": 248.81089338053928, "epsilon": 34.778639278196344, "gamma": 0.005426175885218993, "lamda": 0.1887540252626117}, "datetime": {"datetime": "2021-10-06 09:20:17", "elapsed": 413.140577, "delta": 2.072355}}
{"target": -34.84328751192637, "params": {"C": 263.77865345255356, "epsilon": 35.63606253859162, "gamma": 0.07954661760574178, "lamda": 0.1878838006195493}, "datetime": {"datetime": "2021-10-06 09:20:19", "elapsed": 415.2194, "delta": 2.078823}}
{"target": -33.29509310092089, "params": {"C": 244.90318124426713, "epsilon": 35.97154010334817, "gamma": 0.004967220833371523, "lamda": 0.10327812671715204}, "datetime": {"datetime": "2021-10-06 09:20:21", "elapsed": 417.374456, "delta": 2.155056}}
{"target": -34.263126512001904, "params": {"C": 334.0271501776402, "epsilon": 37.148535174200774, "gamma": 0.07393709091337321, "lamda": 0.16483824450091833}, "datetime": {"datetime": "2021-10-06 09:20:23", "elapsed": 419.303632, "delta": 1.929176}}
{"target": -33.385395211756716, "params": {"C": 268.6127475470796, "epsilon": 37.50912559748407, "gamma": 0.007291024406576613, "lamda": 0.161282919654591}, "datetime": {"datetime": "2021-10-06 09:20:25", "elapsed": 420.979415, "delta": 1.675783}}
{"target": -33.22328179417274, "params": {"C": 241.49921204563822, "epsilon": 33.972450996861006, "gamma": 0.030864231898631942, "lamda": 0.12143546515764875}, "datetime": {"datetime": "2021-10-06 09:20:26", "elapsed": 422.557822, "delta": 1.578407}}
{"target": -33.25205049786445, "params": {"C": 297.16793722005934, "epsilon": 35.09281268361357, "gamma": 0.04065223817944449, "lamda": 0.09727360289708534}, "datetime": {"datetime": "2021-10-06 09:20:28", "elapsed": 424.449824, "delta": 1.892002}}
{"target": -33.567530166400026, "params": {"C": 295.2066397452726, "epsilon": 36.312799204844076, "gamma": 0.0586533131234788, "lamda": 0.058976749004887724}, "datetime": {"datetime": "2021-10-06 09:20:30", "elapsed": 426.404051, "delta": 1.954227}}
{"target": -34.5312716308068, "params": {"C": 290.8339201354877, "epsilon": 34.804701239882874, "gamma": 0.06435240887321415, "lamda": 0.1949393845581875}, "datetime": {"datetime": "2021-10-06 09:20:32", "elapsed": 428.247098, "delta": 1.843047}}
{"target": -33.38961485494596, "params": {"C": 249.22728995277154, "epsilon": 34.2394829047548, "gamma": 0.00780822719770122, "lamda": 0.0068649947609336895}, "datetime": {"datetime": "2021-10-06 09:20:34", "elapsed": 430.136951, "delta": 1.889853}}
{"target": -34.42861550431381, "params": {"C": 295.4656013713396, "epsilon": 37.171649547348785, "gamma": 0.07677951480355158, "lamda": 0.17151420618239757}, "datetime": {"datetime": "2021-10-06 09:20:36", "elapsed": 432.14398, "delta": 2.007029}}
{"target": -36.22678540887676, "params": {"C": 354.1108052446817, "epsilon": 31.198215850010907, "gamma": 0.041828700706610204, "lamda": 0.001161785778400478}, "datetime": {"datetime": "2021-10-06 09:20:38", "elapsed": 434.387187, "delta": 2.243207}}
{"target": -35.62416701371816, "params": {"C": 305.2274416093581, "epsilon": 32.18810493367282, "gamma": 0.0029017652674162937, "lamda": 0.18609092306245162}, "datetime": {"datetime": "2021-10-06 09:20:40", "elapsed": 436.311378, "delta": 1.924191}}
{"target": -33.793850716502035, "params": {"C": 335.72196095304, "epsilon": 36.88415205133805, "gamma": 0.06603676519204063, "lamda": 0.09957293554869326}, "datetime": {"datetime": "2021-10-06 09:20:42", "elapsed": 438.316733, "delta": 2.005355}}
{"target": -33.86377549928425, "params": {"C": 367.0463858916386, "epsilon": 36.500218130902226, "gamma": 0.0672684169877622, "lamda": 0.10721776708649666}, "datetime": {"datetime": "2021-10-06 09:20:44", "elapsed": 440.450384, "delta": 2.133651}}
{"target": -32.95937716824617, "params": {"C": 349.7032644603379, "epsilon": 38.47299549020153, "gamma": 0.009533631131456508, "lamda": 0.02498914532960104}, "datetime": {"datetime": "2021-10-06 09:20:47", "elapsed": 442.936687, "delta": 2.486303}}
{"target": -33.57639579375064, "params": {"C": 384.8495847461708, "epsilon": 35.450562122088996, "gamma": 0.04242500694683739, "lamda": 0.14935484008488414}, "datetime": {"datetime": "2021-10-06 09:20:49", "elapsed": 444.955869, "delta": 2.019182}}
{"target": -33.70613625621603, "params": {"C": 342.21130756152337, "epsilon": 37.70451654822489, "gamma": 0.005819057887095164, "lamda": 0.1873884768177604}, "datetime": {"datetime": "2021-10-06 09:20:51", "elapsed": 446.794203, "delta": 1.838334}}
{"target": -36.39453553094934, "params": {"C": 201.24737101480073, "epsilon": 33.37518019142931, "gamma": 0.05810646907026268, "lamda": 0.00034171702278814714}, "datetime": {"datetime": "2021-10-06 09:20:53", "elapsed": 449.083729, "delta": 2.289526}}
{"target": -34.86457090943673, "params": {"C": 222.06269914882856, "epsilon": 35.84083370203596, "gamma": 0.07683400094737565, "lamda": 0.018842755842900825}, "datetime": {"datetime": "2021-10-06 09:20:55", "elapsed": 451.321319, "delta": 2.23759}}
{"target": -34.641830813496696, "params": {"C": 352.4243503029745, "epsilon": 35.26811263948771, "gamma": 0.07329327723463418, "lamda": 0.18391545949976923}, "datetime": {"datetime": "2021-10-06 09:20:59", "elapsed": 454.783542, "delta": 3.462223}}
{"target": -33.79306130428053, "params": {"C": 231.05976302950447, "epsilon": 30.88586069410967, "gamma": 0.05280587769272187, "lamda": 0.02586471714402595}, "datetime": {"datetime": "2021-10-06 09:21:01", "elapsed": 456.685495, "delta": 1.901953}}
{"target": -35.30566435684827, "params": {"C": 394.7974727212004, "epsilon": 37.79521385062462, "gamma": 0.07674227102892048, "lamda": 0.013217622408428}, "datetime": {"datetime": "2021-10-06 09:21:03", "elapsed": 458.922748, "delta": 2.237253}}
{"target": -34.44700267449789, "params": {"C": 391.7961959734447, "epsilon": 34.30214112195443, "gamma": 0.059401763367449505, "lamda": 0.014090651860394038}, "datetime": {"datetime": "2021-10-06 09:21:05", "elapsed": 461.331821, "delta": 2.409073}}
{"target": -33.59981096197901, "params": {"C": 252.30961855168624, "epsilon": 34.949996668701225, "gamma": 0.028917277207893905, "lamda": 0.17986155770588064}, "datetime": {"datetime": "2021-10-06 09:21:07", "elapsed": 463.553516, "delta": 2.221695}}
{"target": -34.090308691734414, "params": {"C": 257.5722520076091, "epsilon": 31.458749856557382, "gamma": 0.0037229150787183346, "lamda": 0.13386264049895963}, "datetime": {"datetime": "2021-10-06 09:21:10", "elapsed": 465.719228, "delta": 2.165712}}
{"target": -33.35439968851079, "params": {"C": 328.35721404437106, "epsilon": 36.36134104152507, "gamma": 0.05010086123176668, "lamda": 0.04327317013628845}, "datetime": {"datetime": "2021-10-06 09:21:12", "elapsed": 468.195411, "delta": 2.476183}}
{"target": -33.69809061706196, "params": {"C": 298.0817602602515, "epsilon": 37.0309462690297, "gamma": 0.04223792120256242, "lamda": 0.17706299123249122}, "datetime": {"datetime": "2021-10-06 09:21:14", "elapsed": 470.580267, "delta": 2.384856}}
{"target": -34.15565759137204, "params": {"C": 227.8624366939488, "epsilon": 31.421321136070905, "gamma": 0.06975493680002791, "lamda": 0.04167029799653328}, "datetime": {"datetime": "2021-10-06 09:21:16", "elapsed": 472.510011, "delta": 1.929744}}
{"target": -33.18453310214717, "params": {"C": 352.9444328927858, "epsilon": 37.72728326959086, "gamma": 0.0192425226625183, "lamda": 0.14328552301620792}, "datetime": {"datetime": "2021-10-06 09:21:19", "elapsed": 475.194735, "delta": 2.684724}}
{"target": -33.593640903297356, "params": {"C": 378.2824169911458, "epsilon": 32.19225418030861, "gamma": 0.04548174025198981, "lamda": 0.11991970089033915}, "datetime": {"datetime": "2021-10-06 09:21:21", "elapsed": 477.390349, "delta": 2.195614}}
{"target": -33.90606874229166, "params": {"C": 320.66928735092307, "epsilon": 34.53391402558429, "gamma": 0.043364056695940054, "lamda": 0.1813187722639149}, "datetime": {"datetime": "2021-10-06 09:21:23", "elapsed": 479.182553, "delta": 1.792204}}
{"target": -33.428329522274126, "params": {"C": 202.4115407271372, "epsilon": 32.36191532841166, "gamma": 0.03555134977007811, "lamda": 0.12459869276488689}, "datetime": {"datetime": "2021-10-06 09:21:25", "elapsed": 481.12363, "delta": 1.941077}}
{"target": -33.481343280695235, "params": {"C": 205.23308749545018, "epsilon": 33.87920168377715, "gamma": 0.049149627561781206, "lamda": 0.02848327201758938}, "datetime": {"datetime": "2021-10-06 09:21:27", "elapsed": 483.026247, "delta": 1.902617}}
{"target": -33.19758398878561, "params": {"C": 210.63578739276184, "epsilon": 30.608956627208265, "gamma": 0.031812747736655274, "lamda": 0.07045195170977672}, "datetime": {"datetime": "2021-10-06 09:21:29", "elapsed": 485.020222, "delta": 1.993975}}
{"target": -33.10936928563023, "params": {"C": 330.4087639195552, "epsilon": 32.68083211982956, "gamma": 0.017880741212205342, "lamda": 0.10486172301418413}, "datetime": {"datetime": "2021-10-06 09:21:31", "elapsed": 486.867967, "delta": 1.847745}}
{"target": -33.35710016458736, "params": {"C": 203.87638409430326, "epsilon": 37.39686129712204, "gamma": 0.051351256060415906, "lamda": 0.04707206412582915}, "datetime": {"datetime": "2021-10-06 09:21:33", "elapsed": 489.006472, "delta": 2.138505}}
{"target": -33.832853067699595, "params": {"C": 290.0815317966403, "epsilon": 36.31987107644002, "gamma": 0.06143397595688419, "lamda": 0.12903442154895411}, "datetime": {"datetime": "2021-10-06 09:21:35", "elapsed": 490.796153, "delta": 1.789681}}
{"target": -34.309185722471724, "params": {"C": 230.89857843032308, "epsilon": 35.575467381646035, "gamma": 0.060862856759470035, "lamda": 0.19106493367316513}, "datetime": {"datetime": "2021-10-06 09:21:37", "elapsed": 492.775816, "delta": 1.979663}}
{"target": -34.30990293208647, "params": {"C": 393.84703820693153, "epsilon": 37.32535561209573, "gamma": 0.07881278782539716, "lamda": 0.15445846846355563}, "datetime": {"datetime": "2021-10-06 09:21:39", "elapsed": 494.687693, "delta": 1.911877}}
{"target": -34.63395487021692, "params": {"C": 398.31821969358236, "epsilon": 36.856115450001184, "gamma": 0.07151171971330321, "lamda": 0.01871531529405806}, "datetime": {"datetime": "2021-10-06 09:21:41", "elapsed": 497.473296, "delta": 2.785603}}
{"target": -34.37949116329417, "params": {"C": 349.33767593223035, "epsilon": 35.593011916063006, "gamma": 0.07211635154593499, "lamda": 0.16907012714037895}, "datetime": {"datetime": "2021-10-06 09:21:43", "elapsed": 499.259478, "delta": 1.786182}}
{"target": -34.21214817323492, "params": {"C": 211.1259107732756, "epsilon": 35.24464718073877, "gamma": 0.0783048732075131, "lamda": 0.04692333611422557}, "datetime": {"datetime": "2021-10-06 09:21:46", "elapsed": 501.94871, "delta": 2.689232}}
{"target": -33.027664843238476, "params": {"C": 279.24495668652145, "epsilon": 38.631055059377644, "gamma": 0.014853638477287729, "lamda": 0.11402471452858333}, "datetime": {"datetime": "2021-10-06 09:21:48", "elapsed": 504.235949, "delta": 2.287239}}
{"target": -34.00332499405768, "params": {"C": 293.715339721231, "epsilon": 33.994011144844094, "gamma": 0.060319203459195496, "lamda": 0.023515145761155584}, "datetime": {"datetime": "2021-10-06 09:21:50", "elapsed": 506.308557, "delta": 2.072608}}
{"target": -33.03183441167333, "params": {"C": 273.11761392222803, "epsilon": 37.685324642391784, "gamma": 0.02996808797097079, "lamda": 0.06697031540591228}, "datetime": {"datetime": "2021-10-06 09:21:52", "elapsed": 508.424521, "delta": 2.115964}}
{"target": -35.1312464001355, "params": {"C": 255.86897723613913, "epsilon": 32.446115463601494, "gamma": 0.06798319362548341, "lamda": 0.19685315328980776}, "datetime": {"datetime": "2021-10-06 09:21:55", "elapsed": 511.566064, "delta": 3.141543}}
{"target": -32.958141959493275, "params": {"C": 260.3583944670922, "epsilon": 35.44529617616436, "gamma": 0.01824727096305087, "lamda": 0.06265537235356171}, "datetime": {"datetime": "2021-10-06 09:21:58", "elapsed": 514.040305, "delta": 2.474241}}
{"target": -34.48816671650711, "params": {"C": 299.24758614897684, "epsilon": 31.383719994863547, "gamma": 0.06947027977772327, "lamda": 0.14190302627477425}, "datetime": {"datetime": "2021-10-06 09:22:01", "elapsed": 516.741764, "delta": 2.701459}}
{"target": -34.705328384771065, "params": {"C": 274.29981576471, "epsilon": 30.30362439378461, "gamma": 0.07834849979249084, "lamda": 0.12695253397140827}, "datetime": {"datetime": "2021-10-06 09:22:03", "elapsed": 518.95612, "delta": 2.214356}}
{"target": -32.95356633259196, "params": {"C": 201.2864082153879, "epsilon": 35.95398645644833, "gamma": 0.01820210667444696, "lamda": 0.04581878149823179}, "datetime": {"datetime": "2021-10-06 09:22:05", "elapsed": 521.021981, "delta": 2.065861}}
{"target": -33.58310899326633, "params": {"C": 341.0636524717695, "epsilon": 34.25629687250627, "gamma": 0.04066117256975711, "lamda": 0.013256905467434785}, "datetime": {"datetime": "2021-10-06 09:22:08", "elapsed": 523.689021, "delta": 2.66704}}
{"target": -33.49517041947042, "params": {"C": 209.8348761781742, "epsilon": 35.83382218112313, "gamma": 0.021501967646521042, "lamda": 0.19183121661574454}, "datetime": {"datetime": "2021-10-06 09:22:10", "elapsed": 525.920719, "delta": 2.231698}}
{"target": -34.51818304191561, "params": {"C": 390.3887142436199, "epsilon": 36.348162229151775, "gamma": 0.0772419852463606, "lamda": 0.17238985471031293}, "datetime": {"datetime": "2021-10-06 09:22:12", "elapsed": 527.947304, "delta": 2.026585}}
{"target": -33.15217214163744, "params": {"C": 375.82462988006574, "epsilon": 36.52383659661937, "gamma": 0.04022603340892907, "lamda": 0.06428410304293189}, "datetime": {"datetime": "2021-10-06 09:22:14", "elapsed": 529.971446, "delta": 2.024142}}
{"target": -33.1789432900252, "params": {"C": 361.4103746124568, "epsilon": 35.82476028502928, "gamma": 0.03414618838735566, "lamda": 0.10545025397963445}, "datetime": {"datetime": "2021-10-06 09:22:16", "elapsed": 531.996016, "delta": 2.02457}}
{"target": -33.38194255729577, "params": {"C": 238.5675860606128, "epsilon": 37.24364774103729, "gamma": 0.043041485246303676, "lamda": 0.13457422104566802}, "datetime": {"datetime": "2021-10-06 09:22:18", "elapsed": 533.973411, "delta": 1.977395}}
{"target": -33.22133830116118, "params": {"C": 352.6388822653204, "epsilon": 30.51268628977517, "gamma": 0.031014210980333596, "lamda": 0.07725692905030554}, "datetime": {"datetime": "2021-10-06 09:22:20", "elapsed": 536.116989, "delta": 2.143578}}
{"target": -33.296998783704844, "params": {"C": 352.48028730133706, "epsilon": 35.7952264606809, "gamma": 0.02471546166473742, "lamda": 0.14764918901350213}, "datetime": {"datetime": "2021-10-06 09:22:23", "elapsed": 539.043278, "delta": 2.926289}}
{"target": -33.92277489795672, "params": {"C": 216.05216587313566, "epsilon": 36.54913073718713, "gamma": 0.06893411395513371, "lamda": 0.11646063386416584}, "datetime": {"datetime": "2021-10-06 09:22:25", "elapsed": 541.146431, "delta": 2.103153}}
{"target": -33.97519388480509, "params": {"C": 396.8227122197594, "epsilon": 31.58162006449193, "gamma": 0.018817065397778946, "lamda": 0.19668052444492162}, "datetime": {"datetime": "2021-10-06 09:22:27", "elapsed": 543.127161, "delta": 1.98073}}
{"target": -33.652890871782034, "params": {"C": 386.6921825647719, "epsilon": 30.718470699885607, "gamma": 0.04965241064461825, "lamda": 0.10285875576748041}, "datetime": {"datetime": "2021-10-06 09:22:29", "elapsed": 545.2343, "delta": 2.107139}}
{"target": -34.24213892120186, "params": {"C": 276.16526265756306, "epsilon": 34.93789122755666, "gamma": 0.069240085374297, "lamda": 0.1553029252021202}, "datetime": {"datetime": "2021-10-06 09:22:33", "elapsed": 549.148148, "delta": 3.913848}}
{"target": -33.03435671694126, "params": {"C": 322.7527365287733, "epsilon": 34.831874629052635, "gamma": 0.030890639452704663, "lamda": 0.03526690053733503}, "datetime": {"datetime": "2021-10-06 09:22:35", "elapsed": 551.419499, "delta": 2.271351}}
{"target": -34.330845318512196, "params": {"C": 389.2074135493156, "epsilon": 30.894150358274622, "gamma": 0.06921982408823397, "lamda": 0.12706022523951865}, "datetime": {"datetime": "2021-10-06 09:22:37", "elapsed": 553.358818, "delta": 1.939319}}
{"target": -33.84061040092147, "params": {"C": 284.4814718454445, "epsilon": 31.172105609383873, "gamma": 0.05742722610433493, "lamda": 0.10356707571257846}, "datetime": {"datetime": "2021-10-06 09:22:40", "elapsed": 555.947138, "delta": 2.58832}}
{"target": -33.80039646755604, "params": {"C": 316.3104264749692, "epsilon": 32.952562597366146, "gamma": 0.05523169622435018, "lamda": 0.12456213023496746}, "datetime": {"datetime": "2021-10-06 09:22:42", "elapsed": 558.236507, "delta": 2.289369}}
{"target": -36.11407199907972, "params": {"C": 246.54012445980558, "epsilon": 38.264557160379916, "gamma": 0.0754420151252688, "lamda": 0.007379448291450578}, "datetime": {"datetime": "2021-10-06 09:22:45", "elapsed": 560.663675, "delta": 2.427168}}
{"target": -33.195846824643816, "params": {"C": 308.70884538386247, "epsilon": 31.253017675586523, "gamma": 0.028113662747595136, "lamda": 0.02591536194128961}, "datetime": {"datetime": "2021-10-06 09:22:47", "elapsed": 562.727924, "delta": 2.064249}}
{"target": -34.44302874420297, "params": {"C": 296.3490259494527, "epsilon": 32.02790493687503, "gamma": 0.07980693493477393, "lamda": 0.10485637804320007}, "datetime": {"datetime": "2021-10-06 09:22:49", "elapsed": 565.409333, "delta": 2.681409}}
{"target": -33.91515263299259, "params": {"C": 328.65520548283007, "epsilon": 32.690452265463925, "gamma": 0.040438560179074184, "lamda": 0.17058804079761355}, "datetime": {"datetime": "2021-10-06 09:22:51", "elapsed": 567.556172, "delta": 2.146839}}
{"target": -34.42957115963443, "params": {"C": 217.8023975631135, "epsilon": 30.958271153362464, "gamma": 0.03995421063284371, "lamda": 0.19071173216460555}, "datetime": {"datetime": "2021-10-06 09:22:54", "elapsed": 570.49351, "delta": 2.937338}}
{"target": -38.93458607865541, "params": {"C": 230.9159749321803, "epsilon": 33.531735547785466, "gamma": 0.0008906268224853031, "lamda": 0.17162288654733462}, "datetime": {"datetime": "2021-10-06 09:22:57", "elapsed": 572.847883, "delta": 2.354373}}
{"target": -33.55736416385628, "params": {"C": 241.72456287134585, "epsilon": 33.684546281338655, "gamma": 0.038881864713807605, "lamda": 0.14182991860563834}, "datetime": {"datetime": "2021-10-06 09:22:59", "elapsed": 575.009366, "delta": 2.161483}}
{"target": -34.18553154959639, "params": {"C": 227.35198879185475, "epsilon": 34.2003032954603, "gamma": 0.07655792625698489, "lamda": 0.0951724493078602}, "datetime": {"datetime": "2021-10-06 09:23:01", "elapsed": 577.198742, "delta": 2.189376}}
{"target": -32.93904464790502, "params": {"C": 312.56601652758906, "epsilon": 31.40491653862789, "gamma": 0.010144954646213265, "lamda": 0.053355988912395486}, "datetime": {"datetime": "2021-10-06 09:23:03", "elapsed": 579.443872, "delta": 2.24513}}
{"target": -34.39865377013859, "params": {"C": 268.00218541280486, "epsilon": 33.10424686413776, "gamma": 0.07773601505145288, "lamda": 0.036240146891603334}, "datetime": {"datetime": "2021-10-06 09:23:06", "elapsed": 581.776969, "delta": 2.333097}}
{"target": -33.06074758038457, "params": {"C": 268.6842761281778, "epsilon": 34.64101195704925, "gamma": 0.02839523919147927, "lamda": 0.07954675841693828}, "datetime": {"datetime": "2021-10-06 09:23:09", "elapsed": 584.748887, "delta": 2.971918}}
{"target": -33.48788226251048, "params": {"C": 323.4301608002771, "epsilon": 38.70100302426884, "gamma": 0.05034530353386032, "lamda": 0.1328841758217188}, "datetime": {"datetime": "2021-10-06 09:23:11", "elapsed": 586.93398, "delta": 2.185093}}
{"target": -34.51590157671844, "params": {"C": 334.2837384726227, "epsilon": 31.56634595765658, "gamma": 0.0059040521486678115, "lamda": 0.1838522337901029}, "datetime": {"datetime": "2021-10-06 09:23:13", "elapsed": 589.207786, "delta": 2.273806}}
{"target": -33.20412162620825, "params": {"C": 388.1155126112076, "epsilon": 33.941541594940524, "gamma": 0.036703493982065585, "lamda": 0.09415201655328381}, "datetime": {"datetime": "2021-10-06 09:23:15", "elapsed": 591.616304, "delta": 2.408518}}
{"target": -33.204030621837894, "params": {"C": 311.4397697961321, "epsilon": 36.36794726760875, "gamma": 0.042685548766360513, "lamda": 0.07622737865432236}, "datetime": {"datetime": "2021-10-06 09:23:18", "elapsed": 593.933342, "delta": 2.317038}}
{"target": -33.68125337548394, "params": {"C": 322.1656693629181, "epsilon": 32.24754738389673, "gamma": 0.034047622300184925, "lamda": 0.15322753584739288}, "datetime": {"datetime": "2021-10-06 09:23:21", "elapsed": 596.958854, "delta": 3.025512}}
{"target": -33.455842270641156, "params": {"C": 328.59001782710243, "epsilon": 30.290600152061874, "gamma": 0.04041095396297796, "lamda": 0.023166645641759978}, "datetime": {"datetime": "2021-10-06 09:23:24", "elapsed": 600.162845, "delta": 3.203991}}
{"target": -35.60738254587707, "params": {"C": 206.0428490306808, "epsilon": 36.350394305779886, "gamma": 0.0629047108094382, "lamda": 0.0058954775775152575}, "datetime": {"datetime": "2021-10-06 09:23:26", "elapsed": 602.477304, "delta": 2.314459}}
