{"target": -38.244585014456334, "params": {"C": 92.49984412408227, "epsilon": 27.051962785524005, "gamma": 0.21928554826885102, "lamda": 0.0833697783382848}, "datetime": {"datetime": "2021-10-06 08:18:39", "elapsed": 64682.982927, "delta": 12.14457}}
{"target": -44.301305914097846, "params": {"C": 176.29130984024067, "epsilon": 28.3407675218786, "gamma": 0.307783673578413, "lamda": 0.24915595653997893}, "datetime": {"datetime": "2021-10-06 08:18:44", "elapsed": 64688.486713, "delta": 5.503786}}
{"target": -38.692646134089344, "params": {"C": 95.75677896292447, "epsilon": 21.00392554061557, "gamma": 0.19767447688202588, "lamda": 0.07951175797347138}, "datetime": {"datetime": "2021-10-06 08:19:00", "elapsed": 64704.360333, "delta": 15.87362}}
{"target": -40.457913009599785, "params": {"C": 49.79901046763115, "epsilon": 23.506661062440866, "gamma": 0.0556876599009004, "lamda": 0.2857584951762257}, "datetime": {"datetime": "2021-10-06 08:19:14", "elapsed": 64717.938962, "delta": 13.578629}}
{"target": -40.33806112487815, "params": {"C": 30.747092100795648, "epsilon": 26.722376774765916, "gamma": 0.3723015683764849, "lamda": 0.0033555967321799345}, "datetime": {"datetime": "2021-10-06 08:19:27", "elapsed": 64731.764038, "delta": 13.825076}}
{"target": -41.41836470893886, "params": {"C": 132.40369045740343, "epsilon": 28.334612000754372, "gamma": 0.4, "lamda": 0.0001}, "datetime": {"datetime": "2021-10-06 08:19:44", "elapsed": 64748.128895, "delta": 16.364857}}
{"target": -46.56262852241946, "params": {"C": 95.88961883784528, "epsilon": 20.226185787573556, "gamma": 0.0001, "lamda": 0.0001}, "datetime": {"datetime": "2021-10-06 08:20:13", "elapsed": 64777.371391, "delta": 29.242496}}
{"target": -40.348524138622004, "params": {"C": 171.9407299131363, "epsilon": 27.23500046239722, "gamma": 0.38867562541098405, "lamda": 0.038292796006516486}, "datetime": {"datetime": "2021-10-06 08:20:27", "elapsed": 64791.124043, "delta": 13.752652}}
{"target": -51.56568957951902, "params": {"C": 179.93707694166403, "epsilon": 15.244551388174663, "gamma": 0.3886816432482632, "lamda": 0.25575442223599826}, "datetime": {"datetime": "2021-10-06 08:20:32", "elapsed": 64796.221656, "delta": 5.097613}}
{"target": -44.3218495832527, "params": {"C": 92.16730715432871, "epsilon": 26.982625911660786, "gamma": 0.0001, "lamda": 0.0001}, "datetime": {"datetime": "2021-10-06 08:20:55", "elapsed": 64819.017869, "delta": 22.796213}}
{"target": -42.11667534063144, "params": {"C": 96.05481922926738, "epsilon": 23.673677666763375, "gamma": 0.35349984783393257, "lamda": 0.0876316162324991}, "datetime": {"datetime": "2021-10-06 08:21:00", "elapsed": 64824.544737, "delta": 5.526868}}
{"target": -38.11035460697308, "params": {"C": 93.25678507854303, "epsilon": 27.170435821884247, "gamma": 0.04339982288597868, "lamda": 0.2579255518580179}, "datetime": {"datetime": "2021-10-06 08:21:25", "elapsed": 64849.569691, "delta": 25.024954}}
{"target": -35.30523095222939, "params": {"C": 173.9778961182297, "epsilon": 27.07891361653955, "gamma": 0.005420464339656619, "lamda": 0.06736266244258476}, "datetime": {"datetime": "2021-10-06 08:21:50", "elapsed": 64874.436817, "delta": 24.867126}}
{"target": -41.68559770775167, "params": {"C": 37.43449198382558, "epsilon": 5.74329004146028, "gamma": 0.1454411496290331, "lamda": 0.03191461676894171}, "datetime": {"datetime": "2021-10-06 08:21:57", "elapsed": 64881.458019, "delta": 7.021202}}
{"target": -41.709662311283445, "params": {"C": 196.9391464474546, "epsilon": 26.816273319864024, "gamma": 0.0001, "lamda": 0.0001}, "datetime": {"datetime": "2021-10-06 08:22:20", "elapsed": 64904.375076, "delta": 22.917057}}
{"target": -52.674397729580356, "params": {"C": 110.91926986575676, "epsilon": 7.795003955522597, "gamma": 0.26303413341326454, "lamda": 0.2641220565317068}, "datetime": {"datetime": "2021-10-06 08:22:28", "elapsed": 64912.102133, "delta": 7.727057}}
{"target": -34.39644922637911, "params": {"C": 186.13259424048647, "epsilon": 27.4903419279748, "gamma": 0.03081141318888332, "lamda": 0.09958206174505967}, "datetime": {"datetime": "2021-10-06 08:22:56", "elapsed": 64940.85896, "delta": 28.756827}}
{"target": -46.80420385308607, "params": {"C": 140.9511701256999, "epsilon": 22.138322493516302, "gamma": 0.28547301310495515, "lamda": 0.27176593610905786}, "datetime": {"datetime": "2021-10-06 08:23:04", "elapsed": 64948.360654, "delta": 7.501694}}
{"target": -41.00416322559492, "params": {"C": 95.35052342222319, "epsilon": 20.38994298172871, "gamma": 0.2625719503305827, "lamda": 0.007771491903605525}, "datetime": {"datetime": "2021-10-06 08:23:18", "elapsed": 64962.745432, "delta": 14.384778}}
{"target": -47.28207364113878, "params": {"C": 80.72596186624922, "epsilon": 13.47790484562277, "gamma": 0.027561247674067535, "lamda": 0.31575239996761983}, "datetime": {"datetime": "2021-10-06 08:23:25", "elapsed": 64969.612576, "delta": 6.867144}}
{"target": -35.71301311712673, "params": {"C": 82.51543937805381, "epsilon": 21.163784436215185, "gamma": 0.06837632396434931, "lamda": 0.018221565909703367}, "datetime": {"datetime": "2021-10-06 08:23:31", "elapsed": 64975.443799, "delta": 5.831223}}
{"target": -44.351520998590175, "params": {"C": 186.79606148472428, "epsilon": 29.66456551811042, "gamma": 0.3509512555311184, "lamda": 0.233899436468262}, "datetime": {"datetime": "2021-10-06 08:23:37", "elapsed": 64981.20188, "delta": 5.758081}}
{"target": -56.85921450644159, "params": {"C": 107.5035669833369, "epsilon": 7.305033642264574, "gamma": 0.21094140164679595, "lamda": 0.34955641401911636}, "datetime": {"datetime": "2021-10-06 08:23:44", "elapsed": 64988.620914, "delta": 7.419034}}
{"target": -35.414435851586155, "params": {"C": 174.4188631749737, "epsilon": 26.63575540290174, "gamma": 0.062129836227522904, "lamda": 0.014322968278549073}, "datetime": {"datetime": "2021-10-06 08:24:13", "elapsed": 65017.180636, "delta": 28.559722}}
{"target": -45.036140490272544, "params": {"C": 103.45165046911166, "epsilon": 10.204374584888987, "gamma": 0.26945484158316263, "lamda": 0.13951608587921796}, "datetime": {"datetime": "2021-10-06 08:24:20", "elapsed": 65024.65004, "delta": 7.469404}}
{"target": -64.44847166743625, "params": {"C": 21.176460359636938, "epsilon": 2.1446954030352066, "gamma": 0.22556819234435274, "lamda": 0.36279621932422823}, "datetime": {"datetime": "2021-10-06 08:24:26", "elapsed": 65030.741104, "delta": 6.091064}}
{"target": -37.151044420571104, "params": {"C": 173.84594673501925, "epsilon": 27.27906334887017, "gamma": 0.01355544319418417, "lamda": 0.1863690798188412}, "datetime": {"datetime": "2021-10-06 08:24:43", "elapsed": 65047.62124, "delta": 16.880136}}
{"target": -39.587316273527954, "params": {"C": 110.27216910993614, "epsilon": 11.778449496097657, "gamma": 0.12711401467121738, "lamda": 0.04156518961784188}, "datetime": {"datetime": "2021-10-06 08:24:49", "elapsed": 65053.844488, "delta": 6.223248}}
{"target": -37.092662161683755, "params": {"C": 163.16929731016901, "epsilon": 23.30598338833631, "gamma": 0.10136962330445089, "lamda": 0.1329856876368276}, "datetime": {"datetime": "2021-10-06 08:24:56", "elapsed": 65060.841801, "delta": 6.997313}}
{"target": -39.50810868695221, "params": {"C": 197.09529525572705, "epsilon": 26.794812396761767, "gamma": 0.32504851783171623, "lamda": 0.0274327142396985}, "datetime": {"datetime": "2021-10-06 08:25:15", "elapsed": 65079.664274, "delta": 18.822473}}
{"target": -47.726930319827616, "params": {"C": 136.09645484810497, "epsilon": 5.5637865187796365, "gamma": 0.3947537929438199, "lamda": 0.12986702961499552}, "datetime": {"datetime": "2021-10-06 08:25:21", "elapsed": 65085.46865, "delta": 5.804376}}
{"target": -40.92661512613488, "params": {"C": 142.21098303612385, "epsilon": 24.572074240734548, "gamma": 0.20512379213804807, "lamda": 0.0025377513993290438}, "datetime": {"datetime": "2021-10-06 08:25:27", "elapsed": 65091.538011, "delta": 6.069361}}
{"target": -51.03116896074129, "params": {"C": 113.29936156610832, "epsilon": 14.306610406765543, "gamma": 0.07787142603133317, "lamda": 0.3936161704621322}, "datetime": {"datetime": "2021-10-06 08:25:34", "elapsed": 65097.992152, "delta": 6.454141}}
{"target": -45.604148469761505, "params": {"C": 89.3634644963657, "epsilon": 25.310044910323274, "gamma": 0.39054160123095544, "lamda": 0.19778283404800734}, "datetime": {"datetime": "2021-10-06 08:25:39", "elapsed": 65103.914393, "delta": 5.922241}}
{"target": -42.06580924005984, "params": {"C": 174.010409209569, "epsilon": 27.60026735413992, "gamma": 0.0001, "lamda": 0.0001}, "datetime": {"datetime": "2021-10-06 08:26:05", "elapsed": 65129.92864, "delta": 26.014247}}
{"target": -35.15590859335015, "params": {"C": 19.16016434669269, "epsilon": 26.245795166638906, "gamma": 0.07526202233588129, "lamda": 0.0032539032623076975}, "datetime": {"datetime": "2021-10-06 08:26:11", "elapsed": 65135.213327, "delta": 5.284687}}
{"target": -38.12953358807892, "params": {"C": 19.09803234200046, "epsilon": 26.419092840843273, "gamma": 0.07539502206194058, "lamda": 0.22679017364917764}, "datetime": {"datetime": "2021-10-06 08:26:24", "elapsed": 65148.206135, "delta": 12.992808}}
{"target": -44.24035283585745, "params": {"C": 99.06399688595222, "epsilon": 8.567396370071535, "gamma": 0.2191771714717465, "lamda": 0.14731030049519334}, "datetime": {"datetime": "2021-10-06 08:26:30", "elapsed": 65154.829141, "delta": 6.623006}}
{"target": -42.52364329480381, "params": {"C": 152.14291476697457, "epsilon": 27.547233698179063, "gamma": 0.2570484699248674, "lamda": 0.21179363033653922}, "datetime": {"datetime": "2021-10-06 08:26:36", "elapsed": 65160.27584, "delta": 5.446699}}
{"target": -37.909735482971826, "params": {"C": 44.401135053573284, "epsilon": 19.987354368335943, "gamma": 0.125256522872243, "lamda": 0.10664855208675444}, "datetime": {"datetime": "2021-10-06 08:26:42", "elapsed": 65166.503824, "delta": 6.227984}}
{"target": -36.919622667531115, "params": {"C": 162.86390197712788, "epsilon": 23.4623394842545, "gamma": 0.10067900213479554, "lamda": 0.12749586213839992}, "datetime": {"datetime": "2021-10-06 08:27:03", "elapsed": 65187.010466, "delta": 20.506642}}
{"target": -41.13288884913012, "params": {"C": 82.37824054111285, "epsilon": 20.965559418008244, "gamma": 0.3556194744835706, "lamda": 0.047493823759907974}, "datetime": {"datetime": "2021-10-06 08:27:29", "elapsed": 65213.298343, "delta": 26.287877}}
{"target": -42.714288295062936, "params": {"C": 14.410960444614515, "epsilon": 24.835973750119543, "gamma": 0.2688004439027079, "lamda": 0.15300911225038938}, "datetime": {"datetime": "2021-10-06 08:27:35", "elapsed": 65219.372803, "delta": 6.07446}}
{"target": -39.841868871744666, "params": {"C": 175.00837273408612, "epsilon": 28.396371430641707, "gamma": 0.36875751862993117, "lamda": 0.024406130151018397}, "datetime": {"datetime": "2021-10-06 08:27:54", "elapsed": 65238.265695, "delta": 18.892892}}
{"target": -42.3803354376748, "params": {"C": 82.56032310640255, "epsilon": 21.260411561539897, "gamma": 0.037377138751517165, "lamda": 0.31204908629191824}, "datetime": {"datetime": "2021-10-06 08:28:08", "elapsed": 65252.344448, "delta": 14.078753}}
{"target": -38.05821415968819, "params": {"C": 120.01921948970403, "epsilon": 25.349473937556994, "gamma": 0.19694740910141356, "lamda": 0.028458290930120422}, "datetime": {"datetime": "2021-10-06 08:28:36", "elapsed": 65280.901861, "delta": 28.557413}}
{"target": -45.85927349033034, "params": {"C": 52.82512954070648, "epsilon": 22.02593522430263, "gamma": 0.13801548392765114, "lamda": 0.36091966347404586}, "datetime": {"datetime": "2021-10-06 08:28:43", "elapsed": 65287.646479, "delta": 6.744618}}
{"target": -39.33378650815711, "params": {"C": 19.428068751177477, "epsilon": 26.319707249396625, "gamma": 0.24113848832084234, "lamda": 0.051212658028451784}, "datetime": {"datetime": "2021-10-06 08:29:01", "elapsed": 65305.115384, "delta": 17.468905}}
{"target": -61.79423764817599, "params": {"C": 8.784901137614973, "epsilon": 11.435783390603513, "gamma": 0.38792188583091797, "lamda": 0.38946699317267797}, "datetime": {"datetime": "2021-10-06 08:29:07", "elapsed": 65311.600402, "delta": 6.485018}}
{"target": -50.012753733119695, "params": {"C": 196.78612710266322, "epsilon": 10.890907470067347, "gamma": 0.27271965373910645, "lamda": 0.23674815510354996}, "datetime": {"datetime": "2021-10-06 08:29:14", "elapsed": 65318.702777, "delta": 7.102375}}
{"target": -35.17495346688521, "params": {"C": 186.54106238988712, "epsilon": 27.661191218767772, "gamma": 0.03693118654770989, "lamda": 0.14236331223695775}, "datetime": {"datetime": "2021-10-06 08:29:28", "elapsed": 65332.583867, "delta": 13.88109}}
{"target": -58.533104251044534, "params": {"C": 122.25938177396158, "epsilon": 8.726153418334787, "gamma": 0.34395423416641874, "lamda": 0.3499941691299502}, "datetime": {"datetime": "2021-10-06 08:29:35", "elapsed": 65338.945169, "delta": 6.361302}}
{"target": -46.33181188901204, "params": {"C": 96.08686651452757, "epsilon": 20.83168552577349, "gamma": 0.0001, "lamda": 0.0001}, "datetime": {"datetime": "2021-10-06 08:30:01", "elapsed": 65365.273453, "delta": 26.328284}}
{"target": -37.29799437084335, "params": {"C": 175.46573484970463, "epsilon": 26.846546609176624, "gamma": 0.019841155723463805, "lamda": 0.21163224777543413}, "datetime": {"datetime": "2021-10-06 08:30:26", "elapsed": 65389.99339, "delta": 24.719937}}
{"target": -36.626359903812116, "params": {"C": 51.52490645381538, "epsilon": 18.843873976793226, "gamma": 0.07826112490460524, "lamda": 0.09008279560350432}, "datetime": {"datetime": "2021-10-06 08:30:32", "elapsed": 65396.038625, "delta": 6.045235}}
{"target": -43.210261153763206, "params": {"C": 130.19175655029707, "epsilon": 17.972078074181383, "gamma": 0.10938360209467436, "lamda": 0.2645639236871216}, "datetime": {"datetime": "2021-10-06 08:30:37", "elapsed": 65401.604231, "delta": 5.565606}}
{"target": -57.74933092849488, "params": {"C": 91.22141614976282, "epsilon": 14.663275004483161, "gamma": 0.36350665423830175, "lamda": 0.3993952343270606}, "datetime": {"datetime": "2021-10-06 08:30:43", "elapsed": 65407.377242, "delta": 5.773011}}
{"target": -34.840905092846505, "params": {"C": 185.80612865823338, "epsilon": 27.346037749115833, "gamma": 0.016862714895357088, "lamda": 0.11114017554892969}, "datetime": {"datetime": "2021-10-06 08:31:00", "elapsed": 65424.722583, "delta": 17.345341}}
{"target": -36.338098169023894, "params": {"C": 18.875911627299615, "epsilon": 26.18158793992578, "gamma": 0.11179583024040066, "lamda": 0.10223385816515666}, "datetime": {"datetime": "2021-10-06 08:31:26", "elapsed": 65450.390133, "delta": 25.66755}}
{"target": -36.81986897136234, "params": {"C": 188.26971843969375, "epsilon": 27.82434009789265, "gamma": 0.12377943200163395, "lamda": 0.021170275988554785}, "datetime": {"datetime": "2021-10-06 08:31:52", "elapsed": 65476.129377, "delta": 25.739244}}
{"target": -39.48836953749681, "params": {"C": 18.830457137398337, "epsilon": 26.371952001048523, "gamma": 0.27542258624220567, "lamda": 0.0028898243228153006}, "datetime": {"datetime": "2021-10-06 08:32:08", "elapsed": 65492.044009, "delta": 15.914632}}
{"target": -34.82792672763761, "params": {"C": 50.421129474387236, "epsilon": 23.59401003724877, "gamma": 0.010986270067333485, "lamda": 0.011939976757668806}, "datetime": {"datetime": "2021-10-06 08:32:27", "elapsed": 65511.462951, "delta": 19.418942}}
{"target": -35.0042058272443, "params": {"C": 19.196771351535727, "epsilon": 25.887175788930204, "gamma": 0.014926674459772775, "lamda": 0.03706971326052269}, "datetime": {"datetime": "2021-10-06 08:32:50", "elapsed": 65533.9671, "delta": 22.504149}}
{"target": -40.472690023278105, "params": {"C": 18.95424768256111, "epsilon": 25.95262114686165, "gamma": 0.2826322866538004, "lamda": 0.04691430856152549}, "datetime": {"datetime": "2021-10-06 08:33:25", "elapsed": 65569.904977, "delta": 35.937877}}
{"target": -39.65062403273975, "params": {"C": 19.545082506276724, "epsilon": 25.8715764185895, "gamma": 0.167593976732324, "lamda": 0.176700477067129}, "datetime": {"datetime": "2021-10-06 08:33:49", "elapsed": 65593.330423, "delta": 23.425446}}
{"target": -39.24834216788578, "params": {"C": 34.60893633833122, "epsilon": 27.478838408359263, "gamma": 0.26903390978467934, "lamda": 0.0001}, "datetime": {"datetime": "2021-10-06 08:34:08", "elapsed": 65612.57781, "delta": 19.247387}}
{"target": -44.77616406744765, "params": {"C": 156.42143076282366, "epsilon": 14.617760840758129, "gamma": 0.3140700178593849, "lamda": 0.13690727392161917}, "datetime": {"datetime": "2021-10-06 08:34:15", "elapsed": 65619.890122, "delta": 7.312312}}
{"target": -34.56948819696532, "params": {"C": 34.159940862531414, "epsilon": 29.249827128250168, "gamma": 0.018221921083384544, "lamda": 0.009073239977869149}, "datetime": {"datetime": "2021-10-06 08:34:37", "elapsed": 65640.960585, "delta": 21.070463}}
{"target": -41.20905020197982, "params": {"C": 34.50026482782287, "epsilon": 29.34613391155491, "gamma": 0.017042153505707727, "lamda": 0.3605988619835175}, "datetime": {"datetime": "2021-10-06 08:34:54", "elapsed": 65658.139539, "delta": 17.178954}}
{"target": -42.1930557571269, "params": {"C": 144.23946070621326, "epsilon": 27.903909044105543, "gamma": 0.22785304821713206, "lamda": 0.23131808595350545}, "datetime": {"datetime": "2021-10-06 08:35:00", "elapsed": 65664.491508, "delta": 6.351969}}
{"target": -42.642000171319495, "params": {"C": 185.8650711412364, "epsilon": 27.074231987441745, "gamma": 0.004028756756562665, "lamda": 0.23960384595768272}, "datetime": {"datetime": "2021-10-06 08:35:35", "elapsed": 65699.642988, "delta": 35.15148}}
{"target": -42.21316790638961, "params": {"C": 162.9969533045565, "epsilon": 23.749348100288024, "gamma": 0.20104539212472558, "lamda": 0.21869556958431893}, "datetime": {"datetime": "2021-10-06 08:36:02", "elapsed": 65726.749515, "delta": 27.106527}}
{"target": -41.78619645539641, "params": {"C": 185.66637798184445, "epsilon": 27.55706626400173, "gamma": 0.0001, "lamda": 0.0001}, "datetime": {"datetime": "2021-10-06 08:36:35", "elapsed": 65759.286556, "delta": 32.537041}}
{"target": -43.38823620288169, "params": {"C": 166.80188483113733, "epsilon": 5.758599063830592, "gamma": 0.19253083201879276, "lamda": 0.05568477259279856}, "datetime": {"datetime": "2021-10-06 08:36:42", "elapsed": 65766.017997, "delta": 6.731441}}
{"target": -37.91793202903791, "params": {"C": 5.089602559579379, "epsilon": 28.495575738127904, "gamma": 0.0372660297332009, "lamda": 0.2026580866282476}, "datetime": {"datetime": "2021-10-06 08:36:49", "elapsed": 65773.76378, "delta": 7.745783}}
{"target": -34.273687633791475, "params": {"C": 173.33550670024968, "epsilon": 27.251626685688926, "gamma": 0.03027716694079854, "lamda": 0.08167370012001636}, "datetime": {"datetime": "2021-10-06 08:37:12", "elapsed": 65796.251739, "delta": 22.487959}}
{"target": -54.13136061768602, "params": {"C": 89.54637006201979, "epsilon": 12.05971676414889, "gamma": 0.334581735173565, "lamda": 0.3083494916666068}, "datetime": {"datetime": "2021-10-06 08:37:18", "elapsed": 65802.78608, "delta": 6.534341}}
{"target": -48.951402739994656, "params": {"C": 93.65938296684058, "epsilon": 28.489789234879826, "gamma": 0.0001, "lamda": 0.2208876131555531}, "datetime": {"datetime": "2021-10-06 08:37:46", "elapsed": 65830.386288, "delta": 27.600208}}
{"target": -43.16602640374157, "params": {"C": 141.55845977664669, "epsilon": 8.240304710870296, "gamma": 0.13463781561110397, "lamda": 0.16983845104451997}, "datetime": {"datetime": "2021-10-06 08:37:52", "elapsed": 65836.928479, "delta": 6.542191}}
{"target": -40.71506255133882, "params": {"C": 37.06613111022801, "epsilon": 28.9908006851113, "gamma": 0.10977195675265969, "lamda": 0.31752062276904747}, "datetime": {"datetime": "2021-10-06 08:37:59", "elapsed": 65843.695727, "delta": 6.767248}}
{"target": -36.80853945552576, "params": {"C": 175.44547507426572, "epsilon": 27.812451854666975, "gamma": 0.019583827993345078, "lamda": 0.2009082645982378}, "datetime": {"datetime": "2021-10-06 08:38:15", "elapsed": 65859.198151, "delta": 15.502424}}
{"target": -42.205596683651535, "params": {"C": 173.59083590922071, "epsilon": 27.145592932501437, "gamma": 0.0001, "lamda": 0.0001}, "datetime": {"datetime": "2021-10-06 08:38:36", "elapsed": 65880.465317, "delta": 21.267166}}
{"target": -43.92569378903073, "params": {"C": 161.36507050537355, "epsilon": 13.366862750849052, "gamma": 0.11660723338764928, "lamda": 0.23904315776550844}, "datetime": {"datetime": "2021-10-06 08:38:44", "elapsed": 65888.14276, "delta": 7.677443}}
{"target": -39.724406111206285, "params": {"C": 92.43950787375941, "epsilon": 27.42353179569772, "gamma": 0.23757024424227613, "lamda": 0.0027009472800347176}, "datetime": {"datetime": "2021-10-06 08:39:08", "elapsed": 65912.637432, "delta": 24.494672}}
{"target": -37.09892460231347, "params": {"C": 140.92853053405048, "epsilon": 10.013207069294571, "gamma": 0.030408428894291364, "lamda": 0.036896973270052286}, "datetime": {"datetime": "2021-10-06 08:39:16", "elapsed": 65920.037821, "delta": 7.400389}}
{"target": -35.33014687293504, "params": {"C": 50.5108197320529, "epsilon": 23.842381004070774, "gamma": 0.00807482057942078, "lamda": 0.06310715288808942}, "datetime": {"datetime": "2021-10-06 08:39:42", "elapsed": 65946.311793, "delta": 26.273972}}
{"target": -38.82778289619191, "params": {"C": 173.42686193702164, "epsilon": 27.546794100426364, "gamma": 0.15545932616000113, "lamda": 0.012170683570586597}, "datetime": {"datetime": "2021-10-06 08:39:58", "elapsed": 65962.923838, "delta": 16.612045}}
{"target": -38.25711025458179, "params": {"C": 173.10188429991737, "epsilon": 27.46293168274708, "gamma": 0.20262114592958436, "lamda": 0.10510361526727595}, "datetime": {"datetime": "2021-10-06 08:40:13", "elapsed": 65977.144188, "delta": 14.22035}}
