{"target": -35.94733840068823, "params": {"C": 244.74162477504942, "epsilon": 35.5587721497174, "gamma": 0.006332615202485859, "lamda": 0.13462694198890354}, "datetime": {"datetime": "2021-10-06 09:15:54", "elapsed": 145.463731, "delta": 1.18375}}
{"target": -35.34092467245511, "params": {"C": 351.6725908291827, "epsilon": 36.9625228439022, "gamma": 0.0882411961897293, "lamda": 0.025761425272505866}, "datetime": {"datetime": "2021-10-06 09:15:55", "elapsed": 146.405747, "delta": 0.942016}}
{"target": -34.682010403788766, "params": {"C": 309.5680452702661, "epsilon": 34.26875271055577, "gamma": 0.05532855331045441, "lamda": 0.01497954468246197}, "datetime": {"datetime": "2021-10-06 09:15:56", "elapsed": 147.325952, "delta": 0.920205}}
{"target": -34.50230632901668, "params": {"C": 360.2117719465414, "epsilon": 38.8321563387655, "gamma": 0.009293179829885881, "lamda": 0.07282466116027515}, "datetime": {"datetime": "2021-10-06 09:15:57", "elapsed": 148.455946, "delta": 1.129994}}
{"target": -33.94659721709285, "params": {"C": 360.35250315571204, "epsilon": 38.759420107111055, "gamma": 0.04518708154938821, "lamda": 0.08863750154969582}, "datetime": {"datetime": "2021-10-06 09:15:58", "elapsed": 149.540804, "delta": 1.084858}}
{"target": -33.847309312162345, "params": {"C": 235.27325470673708, "epsilon": 36.18308423816616, "gamma": 0.023157328771166635, "lamda": 0.11319465949786776}, "datetime": {"datetime": "2021-10-06 09:15:59", "elapsed": 150.442898, "delta": 0.902094}}
{"target": -33.94800365890161, "params": {"C": 283.8826300516886, "epsilon": 35.378224063095175, "gamma": 0.04281941312834307, "lamda": 0.0767950343662479}, "datetime": {"datetime": "2021-10-06 09:16:00", "elapsed": 151.608563, "delta": 1.165665}}
{"target": -34.05171013295981, "params": {"C": 253.6242547723778, "epsilon": 37.33069292327461, "gamma": 0.0540205928639005, "lamda": 0.1084872053856648}, "datetime": {"datetime": "2021-10-06 09:16:01", "elapsed": 152.727197, "delta": 1.118634}}
{"target": -34.64816432184511, "params": {"C": 201.9366422139534, "epsilon": 34.94833399713211, "gamma": 0.08656702054702321, "lamda": 0.07207411334015454}, "datetime": {"datetime": "2021-10-06 09:16:02", "elapsed": 154.014966, "delta": 1.287769}}
{"target": -34.81259773459971, "params": {"C": 328.86807649729303, "epsilon": 30.698652203580835, "gamma": 0.08337425448803733, "lamda": 0.10011556330425045}, "datetime": {"datetime": "2021-10-06 09:16:03", "elapsed": 154.962472, "delta": 0.947506}}
{"target": -34.610960313940495, "params": {"C": 250.83079112722976, "epsilon": 31.67302530947377, "gamma": 0.07497721246879707, "lamda": 0.10475236950885093}, "datetime": {"datetime": "2021-10-06 09:16:04", "elapsed": 155.959544, "delta": 0.997072}}
{"target": -34.25756524962407, "params": {"C": 217.3358801546636, "epsilon": 36.92760651821702, "gamma": 0.011193914777520249, "lamda": 0.06906294041618323}, "datetime": {"datetime": "2021-10-06 09:16:05", "elapsed": 156.973717, "delta": 1.014173}}
{"target": -33.82177903529131, "params": {"C": 244.7245894894312, "epsilon": 35.68935568227547, "gamma": 0.021942841900445882, "lamda": 0.02760105232283871}, "datetime": {"datetime": "2021-10-06 09:16:07", "elapsed": 158.329211, "delta": 1.355494}}
{"target": -33.83565204860649, "params": {"C": 347.63438562629074, "epsilon": 30.763944741109164, "gamma": 0.016135125507062358, "lamda": 0.05733892553597685}, "datetime": {"datetime": "2021-10-06 09:16:08", "elapsed": 159.395461, "delta": 1.06625}}
{"target": -33.8481779887985, "params": {"C": 268.34128510697354, "epsilon": 35.900129695714035, "gamma": 0.03492530001936292, "lamda": 0.07246816658700904}, "datetime": {"datetime": "2021-10-06 09:16:09", "elapsed": 160.689038, "delta": 1.293577}}
{"target": -33.97951357373451, "params": {"C": 360.23987686891655, "epsilon": 38.75467657018602, "gamma": 0.02545118175748657, "lamda": 0.14670129867283924}, "datetime": {"datetime": "2021-10-06 09:16:11", "elapsed": 162.217659, "delta": 1.528621}}
{"target": -34.070411026705685, "params": {"C": 327.9412701689939, "epsilon": 32.53584395207812, "gamma": 0.03824070847312897, "lamda": 0.11219367618361013}, "datetime": {"datetime": "2021-10-06 09:16:12", "elapsed": 163.340752, "delta": 1.123093}}
{"target": -35.10428388044476, "params": {"C": 241.06078001091663, "epsilon": 34.12552876382364, "gamma": 0.09886909829449049, "lamda": 0.14068514063300788}, "datetime": {"datetime": "2021-10-06 09:16:13", "elapsed": 164.456237, "delta": 1.115485}}
{"target": -34.13804450488434, "params": {"C": 283.8811619794699, "epsilon": 35.26417858897006, "gamma": 0.05464176846013328, "lamda": 0.11348309648880459}, "datetime": {"datetime": "2021-10-06 09:16:14", "elapsed": 165.855761, "delta": 1.399524}}
{"target": -36.252057017796396, "params": {"C": 235.31477739612666, "epsilon": 36.228652333108485, "gamma": 0.006081675288549026, "lamda": 0.14298987587575612}, "datetime": {"datetime": "2021-10-06 09:16:16", "elapsed": 167.417782, "delta": 1.562021}}
{"target": -34.4382681648475, "params": {"C": 387.80429925440137, "epsilon": 38.69763218394348, "gamma": 0.04331394720166079, "lamda": 0.010959058236882369}, "datetime": {"datetime": "2021-10-06 09:16:17", "elapsed": 168.880081, "delta": 1.462299}}
{"target": -34.52045573468629, "params": {"C": 264.98029837335054, "epsilon": 35.66648265896813, "gamma": 0.08186363597173364, "lamda": 0.10628106290644825}, "datetime": {"datetime": "2021-10-06 09:16:19", "elapsed": 170.304675, "delta": 1.424594}}
{"target": -34.10009664362093, "params": {"C": 262.80451465555575, "epsilon": 34.97438480626734, "gamma": 0.05421854383671475, "lamda": 0.0863119376106686}, "datetime": {"datetime": "2021-10-06 09:16:20", "elapsed": 171.656496, "delta": 1.351821}}
{"target": -33.86459361809749, "params": {"C": 295.796220608891, "epsilon": 36.87924034224072, "gamma": 0.014956786524543752, "lamda": 0.03104520033017263}, "datetime": {"datetime": "2021-10-06 09:16:21", "elapsed": 172.959296, "delta": 1.3028}}
{"target": -33.962297774728526, "params": {"C": 244.70656512195268, "epsilon": 35.67451721759486, "gamma": 0.044641885744400686, "lamda": 0.08190120709018459}, "datetime": {"datetime": "2021-10-06 09:16:23", "elapsed": 174.771583, "delta": 1.812287}}
{"target": -33.919413834062645, "params": {"C": 260.4555603793215, "epsilon": 34.15899447166926, "gamma": 0.030793137002784847, "lamda": 0.11356078785392369}, "datetime": {"datetime": "2021-10-06 09:16:24", "elapsed": 176.011284, "delta": 1.239701}}
{"target": -34.96102876546491, "params": {"C": 335.67301599827096, "epsilon": 34.216596620177455, "gamma": 0.0396949662330753, "lamda": 0.004826594229770631}, "datetime": {"datetime": "2021-10-06 09:16:26", "elapsed": 177.384797, "delta": 1.373513}}
{"target": -36.46319947941515, "params": {"C": 387.04736069359956, "epsilon": 35.360099737142754, "gamma": 0.09074058466999782, "lamda": 0.010995686325645647}, "datetime": {"datetime": "2021-10-06 09:16:27", "elapsed": 178.615571, "delta": 1.230774}}
{"target": -34.52316904954793, "params": {"C": 255.75020861642415, "epsilon": 31.078747599668432, "gamma": 0.06539076010329276, "lamda": 0.037373969854429014}, "datetime": {"datetime": "2021-10-06 09:16:28", "elapsed": 179.760086, "delta": 1.144515}}
{"target": -33.75985084056347, "params": {"C": 391.731414515585, "epsilon": 36.69225530786548, "gamma": 0.028689620879309145, "lamda": 0.11005778370782195}, "datetime": {"datetime": "2021-10-06 09:16:29", "elapsed": 180.908194, "delta": 1.148108}}
{"target": -34.74893244375499, "params": {"C": 283.3956385029265, "epsilon": 37.92535961691682, "gamma": 0.08975109835833257, "lamda": 0.05315297107659963}, "datetime": {"datetime": "2021-10-06 09:16:31", "elapsed": 182.610005, "delta": 1.701811}}
{"target": -35.835682261597626, "params": {"C": 206.40595605765571, "epsilon": 38.83010281194888, "gamma": 0.09603572964487786, "lamda": 0.0198582099049953}, "datetime": {"datetime": "2021-10-06 09:16:32", "elapsed": 183.95735, "delta": 1.347345}}
{"target": -34.11529650537111, "params": {"C": 360.2384016803651, "epsilon": 38.69766154774826, "gamma": 0.05501615090960785, "lamda": 0.14009179993574775}, "datetime": {"datetime": "2021-10-06 09:16:34", "elapsed": 185.5638, "delta": 1.60645}}
{"target": -34.26355199818364, "params": {"C": 266.70912902205396, "epsilon": 33.292277267963335, "gamma": 0.05914119875715794, "lamda": 0.10010071936138047}, "datetime": {"datetime": "2021-10-06 09:16:35", "elapsed": 187.137563, "delta": 1.573763}}
{"target": -33.788477904490264, "params": {"C": 344.167917453277, "epsilon": 32.58389540820681, "gamma": 0.021529846117899265, "lamda": 0.05961745380776981}, "datetime": {"datetime": "2021-10-06 09:16:37", "elapsed": 188.773853, "delta": 1.63629}}
{"target": -34.53293410725689, "params": {"C": 292.5956024701327, "epsilon": 36.58004037160259, "gamma": 0.08541539634645445, "lamda": 0.09898524861098679}, "datetime": {"datetime": "2021-10-06 09:16:39", "elapsed": 190.371564, "delta": 1.597711}}
{"target": -34.00876492587087, "params": {"C": 232.10465063229958, "epsilon": 35.56091870231427, "gamma": 0.04885600223096558, "lamda": 0.08652689896716356}, "datetime": {"datetime": "2021-10-06 09:16:40", "elapsed": 192.085745, "delta": 1.714181}}
{"target": -33.762539669305056, "params": {"C": 232.64525735327658, "epsilon": 37.01334822076333, "gamma": 0.025943950370266977, "lamda": 0.07038665909699915}, "datetime": {"datetime": "2021-10-06 09:16:42", "elapsed": 193.246061, "delta": 1.160316}}
{"target": -34.665880380851874, "params": {"C": 391.71456962495625, "epsilon": 36.740592995919734, "gamma": 0.08921663342756335, "lamda": 0.13117463850014505}, "datetime": {"datetime": "2021-10-06 09:16:43", "elapsed": 194.523115, "delta": 1.277054}}
{"target": -34.16552019726337, "params": {"C": 201.9089161735834, "epsilon": 34.8742306877645, "gamma": 0.014600990508322151, "lamda": 0.10883399047804375}, "datetime": {"datetime": "2021-10-06 09:16:44", "elapsed": 195.877392, "delta": 1.354277}}
{"target": -34.32654362865329, "params": {"C": 204.18806343158985, "epsilon": 37.838502988997504, "gamma": 0.04728691871514534, "lamda": 0.019789701759853586}, "datetime": {"datetime": "2021-10-06 09:16:46", "elapsed": 197.260078, "delta": 1.382686}}
{"target": -33.8879763479021, "params": {"C": 360.09216965770156, "epsilon": 38.74258784850316, "gamma": 0.04080326767584481, "lamda": 0.09678515608188579}, "datetime": {"datetime": "2021-10-06 09:16:47", "elapsed": 198.752507, "delta": 1.492429}}
{"target": -33.98638825818629, "params": {"C": 344.78898122699036, "epsilon": 37.58344577201255, "gamma": 0.04219352790247619, "lamda": 0.053758611298447}, "datetime": {"datetime": "2021-10-06 09:16:48", "elapsed": 199.943259, "delta": 1.190752}}
{"target": -34.09289863858872, "params": {"C": 302.1344591342969, "epsilon": 33.532575769635685, "gamma": 0.04568801785768218, "lamda": 0.11848736968999941}, "datetime": {"datetime": "2021-10-06 09:16:49", "elapsed": 201.054762, "delta": 1.111503}}
{"target": -33.782554420372286, "params": {"C": 266.73848974141623, "epsilon": 33.42994139971675, "gamma": 0.02463412656413562, "lamda": 0.06360482065683117}, "datetime": {"datetime": "2021-10-06 09:16:51", "elapsed": 202.873777, "delta": 1.819015}}
{"target": -34.029854513599645, "params": {"C": 215.4884624686237, "epsilon": 31.460439801901973, "gamma": 0.036580353336436625, "lamda": 0.0493931618749228}, "datetime": {"datetime": "2021-10-06 09:16:53", "elapsed": 204.607897, "delta": 1.73412}}
{"target": -34.36413337010117, "params": {"C": 249.02126296072893, "epsilon": 30.23702029785439, "gamma": 0.03288768932920608, "lamda": 0.008150144987115249}, "datetime": {"datetime": "2021-10-06 09:16:54", "elapsed": 205.977935, "delta": 1.370038}}
{"target": -34.16464246264701, "params": {"C": 360.1618661738922, "epsilon": 38.71589942688239, "gamma": 0.057036054757493335, "lamda": 0.14535687958512958}, "datetime": {"datetime": "2021-10-06 09:16:56", "elapsed": 207.475499, "delta": 1.497564}}
{"target": -38.900408930812524, "params": {"C": 286.20909494984136, "epsilon": 32.373050658092076, "gamma": 0.0943583098701297, "lamda": 0.0016749703227842013}, "datetime": {"datetime": "2021-10-06 09:16:57", "elapsed": 208.901165, "delta": 1.425666}}
{"target": -33.82276483850191, "params": {"C": 312.8911432372789, "epsilon": 33.54223962090303, "gamma": 0.025359711726357828, "lamda": 0.0996356953358032}, "datetime": {"datetime": "2021-10-06 09:16:59", "elapsed": 210.336399, "delta": 1.435234}}
{"target": -33.83930028221103, "params": {"C": 260.46928971403855, "epsilon": 34.111263433251224, "gamma": 0.032074041248264296, "lamda": 0.06674772263663035}, "datetime": {"datetime": "2021-10-06 09:17:00", "elapsed": 212.152515, "delta": 1.816116}}
{"target": -34.63519600794317, "params": {"C": 283.4399137778664, "epsilon": 37.88966739868587, "gamma": 0.08771921428654283, "lamda": 0.13870534517390445}, "datetime": {"datetime": "2021-10-06 09:17:02", "elapsed": 213.699453, "delta": 1.546938}}
{"target": -34.30917278006707, "params": {"C": 384.07854082495214, "epsilon": 31.140583218176275, "gamma": 0.035526345346674745, "lamda": 0.12292651790203842}, "datetime": {"datetime": "2021-10-06 09:17:03", "elapsed": 214.866992, "delta": 1.167539}}
{"target": -34.01122301457614, "params": {"C": 381.7181240705802, "epsilon": 37.102975336335206, "gamma": 0.050718739459960166, "lamda": 0.11651070707930725}, "datetime": {"datetime": "2021-10-06 09:17:05", "elapsed": 216.434357, "delta": 1.567365}}
{"target": -34.44111371812035, "params": {"C": 369.9111395942518, "epsilon": 38.76908287713438, "gamma": 0.00909469296090498, "lamda": 0.03144498391838054}, "datetime": {"datetime": "2021-10-06 09:17:06", "elapsed": 217.744688, "delta": 1.310331}}
{"target": -34.27770669751558, "params": {"C": 228.2718147956798, "epsilon": 31.44615376844355, "gamma": 0.05335949683202999, "lamda": 0.08534961760666768}, "datetime": {"datetime": "2021-10-06 09:17:07", "elapsed": 219.135244, "delta": 1.390556}}
{"target": -34.10990627900088, "params": {"C": 292.5490184089822, "epsilon": 36.47884793355576, "gamma": 0.049470869136247264, "lamda": 0.0510753850467782}, "datetime": {"datetime": "2021-10-06 09:17:10", "elapsed": 221.469184, "delta": 2.33394}}
{"target": -34.29048400239309, "params": {"C": 379.5565093671056, "epsilon": 34.795661734648164, "gamma": 0.008699567688517687, "lamda": 0.03294895241995351}, "datetime": {"datetime": "2021-10-06 09:17:11", "elapsed": 222.769288, "delta": 1.300104}}
{"target": -33.96370352861653, "params": {"C": 267.074299201711, "epsilon": 36.435334682779114, "gamma": 0.0438533280767031, "lamda": 0.07266487444867868}, "datetime": {"datetime": "2021-10-06 09:17:13", "elapsed": 224.460737, "delta": 1.691449}}
{"target": -36.171913700773814, "params": {"C": 283.80028829456353, "epsilon": 34.98285479621864, "gamma": 0.0026592288714236724, "lamda": 0.07016382431233514}, "datetime": {"datetime": "2021-10-06 09:17:15", "elapsed": 226.275494, "delta": 1.814757}}
{"target": -35.3752471645486, "params": {"C": 364.15434422036617, "epsilon": 31.152293881963114, "gamma": 0.08632837509762098, "lamda": 0.02449864344152437}, "datetime": {"datetime": "2021-10-06 09:17:16", "elapsed": 227.658495, "delta": 1.383001}}
{"target": -33.96012587812955, "params": {"C": 312.95781204417153, "epsilon": 33.511815407696474, "gamma": 0.041518953067022156, "lamda": 0.07953544094131083}, "datetime": {"datetime": "2021-10-06 09:17:18", "elapsed": 229.393865, "delta": 1.73537}}
{"target": -34.14876373049635, "params": {"C": 289.1177958698155, "epsilon": 33.34453603566841, "gamma": 0.052017055371536156, "lamda": 0.10110850956555813}, "datetime": {"datetime": "2021-10-06 09:17:19", "elapsed": 230.684679, "delta": 1.290814}}
{"target": -33.86301612593584, "params": {"C": 283.4460274842735, "epsilon": 37.91538736288158, "gamma": 0.0388332598447594, "lamda": 0.09956483702338595}, "datetime": {"datetime": "2021-10-06 09:17:21", "elapsed": 232.482552, "delta": 1.797873}}
{"target": -35.39907452404192, "params": {"C": 338.1200304927661, "epsilon": 35.98470545054312, "gamma": 0.09724479866524087, "lamda": 0.02936671424018231}, "datetime": {"datetime": "2021-10-06 09:17:22", "elapsed": 233.729743, "delta": 1.247191}}
{"target": -34.411917369027755, "params": {"C": 333.09058795428075, "epsilon": 31.19903802590745, "gamma": 0.0620309489985351, "lamda": 0.08819540990143437}, "datetime": {"datetime": "2021-10-06 09:17:23", "elapsed": 234.972744, "delta": 1.243001}}
{"target": -33.86833248577553, "params": {"C": 269.9621539272341, "epsilon": 38.37470111201529, "gamma": 0.029833594247199155, "lamda": 0.03420478032969566}, "datetime": {"datetime": "2021-10-06 09:17:24", "elapsed": 236.126942, "delta": 1.154198}}
{"target": -34.29595791435869, "params": {"C": 331.4644154216591, "epsilon": 38.024605267446006, "gamma": 0.058645935551110626, "lamda": 0.042973650876674985}, "datetime": {"datetime": "2021-10-06 09:17:26", "elapsed": 237.364884, "delta": 1.237942}}
{"target": -34.19520324066572, "params": {"C": 336.2275714777903, "epsilon": 37.25192941483069, "gamma": 0.059171772355172146, "lamda": 0.13679592083322595}, "datetime": {"datetime": "2021-10-06 09:17:27", "elapsed": 238.659985, "delta": 1.295101}}
{"target": -34.19424884432398, "params": {"C": 235.25520562426965, "epsilon": 36.08869584196493, "gamma": 0.05948801049758611, "lamda": 0.11984772623413581}, "datetime": {"datetime": "2021-10-06 09:17:29", "elapsed": 240.491749, "delta": 1.831764}}
{"target": -35.6372620312814, "params": {"C": 351.5802912234486, "epsilon": 37.20137517923882, "gamma": 0.09544447187985662, "lamda": 0.022571699709174813}, "datetime": {"datetime": "2021-10-06 09:17:30", "elapsed": 242.020906, "delta": 1.529157}}
{"target": -34.38416059345516, "params": {"C": 265.6241191366587, "epsilon": 36.1888379542473, "gamma": 0.07250285737344386, "lamda": 0.12532386301831813}, "datetime": {"datetime": "2021-10-06 09:17:32", "elapsed": 243.45608, "delta": 1.435174}}
{"target": -34.32714821252, "params": {"C": 229.24116320528137, "epsilon": 36.16678182157653, "gamma": 0.0696906742972376, "lamda": 0.08152635062626448}, "datetime": {"datetime": "2021-10-06 09:17:33", "elapsed": 244.713749, "delta": 1.257669}}
{"target": -34.170593066762876, "params": {"C": 226.39017989039007, "epsilon": 35.55235899236473, "gamma": 0.035231476468912275, "lamda": 0.14851048047416293}, "datetime": {"datetime": "2021-10-06 09:17:34", "elapsed": 246.102411, "delta": 1.388662}}
{"target": -33.84013379315988, "params": {"C": 329.6584369092892, "epsilon": 38.759174148215244, "gamma": 0.03307451161449833, "lamda": 0.05833505010617034}, "datetime": {"datetime": "2021-10-06 09:17:36", "elapsed": 247.46335, "delta": 1.360939}}
{"target": -33.86502832484798, "params": {"C": 290.7410468784209, "epsilon": 35.989403352410854, "gamma": 0.02765768940703405, "lamda": 0.03332945428569105}, "datetime": {"datetime": "2021-10-06 09:17:37", "elapsed": 248.792427, "delta": 1.329077}}
{"target": -34.03230157921849, "params": {"C": 266.74365066694384, "epsilon": 33.33534320429236, "gamma": 0.011322432623768903, "lamda": 0.03189544710243741}, "datetime": {"datetime": "2021-10-06 09:17:39", "elapsed": 250.375354, "delta": 1.582927}}
{"target": -33.84215210046368, "params": {"C": 287.0675617247601, "epsilon": 38.894426722520855, "gamma": 0.03543501612880475, "lamda": 0.07542654945731816}, "datetime": {"datetime": "2021-10-06 09:17:40", "elapsed": 251.622109, "delta": 1.246755}}
{"target": -34.41294870685037, "params": {"C": 364.5221747828739, "epsilon": 36.21917956812542, "gamma": 0.0161075498578407, "lamda": 0.14385671075182188}, "datetime": {"datetime": "2021-10-06 09:17:41", "elapsed": 253.17302, "delta": 1.550911}}
{"target": -34.25823332812932, "params": {"C": 340.84750811090623, "epsilon": 36.825525605062616, "gamma": 0.06578479151886459, "lamda": 0.07362124047823622}, "datetime": {"datetime": "2021-10-06 09:17:43", "elapsed": 254.812805, "delta": 1.639785}}
{"target": -34.70538383540644, "params": {"C": 280.9678781383592, "epsilon": 33.42271252877341, "gamma": 0.08809351472621577, "lamda": 0.07320465491889665}, "datetime": {"datetime": "2021-10-06 09:17:45", "elapsed": 256.375067, "delta": 1.562262}}
{"target": -33.82944329090306, "params": {"C": 335.7531396223983, "epsilon": 37.34955218343302, "gamma": 0.033674330649339126, "lamda": 0.07121979674378592}, "datetime": {"datetime": "2021-10-06 09:17:46", "elapsed": 258.117458, "delta": 1.742391}}
{"target": -36.17061563200513, "params": {"C": 215.2287324335347, "epsilon": 37.81835833561523, "gamma": 0.09905955843032747, "lamda": 0.01629401686545077}, "datetime": {"datetime": "2021-10-06 09:17:48", "elapsed": 259.623494, "delta": 1.506036}}
{"target": -33.81831250524275, "params": {"C": 268.2209940336412, "epsilon": 35.89353253064567, "gamma": 0.025922541716513543, "lamda": 0.1134157313849867}, "datetime": {"datetime": "2021-10-06 09:17:50", "elapsed": 261.597254, "delta": 1.97376}}
{"target": -34.04796086429126, "params": {"C": 391.6705848771236, "epsilon": 33.07681471823573, "gamma": 0.04625526077181937, "lamda": 0.08941044414667583}, "datetime": {"datetime": "2021-10-06 09:17:51", "elapsed": 263.088057, "delta": 1.490803}}
{"target": -34.30045528082747, "params": {"C": 268.278822319049, "epsilon": 35.84039100518386, "gamma": 0.010836289704802113, "lamda": 0.08551404377478108}, "datetime": {"datetime": "2021-10-06 09:17:53", "elapsed": 264.807279, "delta": 1.719222}}
{"target": -34.325413665700346, "params": {"C": 227.8811927165503, "epsilon": 33.97457093928526, "gamma": 0.06461627572286154, "lamda": 0.060459187238456565}, "datetime": {"datetime": "2021-10-06 09:17:54", "elapsed": 266.089802, "delta": 1.282523}}
{"target": -34.02387230787547, "params": {"C": 384.9078193246295, "epsilon": 31.52674324007422, "gamma": 0.03820345871207996, "lamda": 0.07719709274459992}, "datetime": {"datetime": "2021-10-06 09:17:56", "elapsed": 267.355724, "delta": 1.265922}}
