{"target": -34.27389861671286, "params": {"C": 187.14975619016715, "epsilon": 27.518020181956178, "gamma": 0.021451106672799165, "lamda": 0.08646118153538156}, "datetime": {"datetime": "2021-10-06 08:00:11", "elapsed": 63575.04527, "delta": 19.43937}}
{"target": -41.49988195117631, "params": {"C": 98.0177938909003, "epsilon": 2.191974442497276, "gamma": 0.012533283272993499, "lamda": 0.09599392747524955}, "datetime": {"datetime": "2021-10-06 08:00:15", "elapsed": 63579.534587, "delta": 4.489317}}
{"target": -42.409762451711444, "params": {"C": 31.565720050341717, "epsilon": 25.94327584570735, "gamma": 0.38757745518789943, "lamda": 0.06979443255127069}, "datetime": {"datetime": "2021-10-06 08:00:29", "elapsed": 63593.140158, "delta": 13.605571}}
{"target": -41.96506294835169, "params": {"C": 173.703167770469, "epsilon": 28.004668663344365, "gamma": 0.0001, "lamda": 0.0001}, "datetime": {"datetime": "2021-10-06 08:00:42", "elapsed": 63606.505082, "delta": 13.364924}}
{"target": -43.464026293307036, "params": {"C": 177.14298463795186, "epsilon": 25.21731728767473, "gamma": 0.23104431599267072, "lamda": 0.24808808025830614}, "datetime": {"datetime": "2021-10-06 08:00:46", "elapsed": 63610.893136, "delta": 4.388054}}
{"target": -51.521916426882356, "params": {"C": 124.44704988175589, "epsilon": 14.9575745508015, "gamma": 0.027400426365831253, "lamda": 0.39821541718232695}, "datetime": {"datetime": "2021-10-06 08:00:52", "elapsed": 63616.171985, "delta": 5.278849}}
{"target": -55.66462797307642, "params": {"C": 32.2934134979578, "epsilon": 6.251985475766326, "gamma": 0.370399904780444, "lamda": 0.24883618855231215}, "datetime": {"datetime": "2021-10-06 08:00:56", "elapsed": 63620.613679, "delta": 4.441694}}
{"target": -37.363077640032785, "params": {"C": 186.9211085408004, "epsilon": 27.968868000590017, "gamma": 0.0019260509101120201, "lamda": 0.05782397603345163}, "datetime": {"datetime": "2021-10-06 08:01:11", "elapsed": 63634.989588, "delta": 14.375909}}
{"target": -44.75473749654214, "params": {"C": 112.80917331239436, "epsilon": 24.19868764313435, "gamma": 0.2415370390649664, "lamda": 0.26756365896344375}, "datetime": {"datetime": "2021-10-06 08:01:17", "elapsed": 63641.851856, "delta": 6.862268}}
{"target": -41.4449644284986, "params": {"C": 25.227118570006404, "epsilon": 23.821951712639056, "gamma": 0.3311162446086058, "lamda": 0.03828836454633471}, "datetime": {"datetime": "2021-10-06 08:01:22", "elapsed": 63646.494685, "delta": 4.642829}}
{"target": -40.508139824921635, "params": {"C": 186.57193844158138, "epsilon": 28.421713950219686, "gamma": 0.159604363926878, "lamda": 0.0026156886115104787}, "datetime": {"datetime": "2021-10-06 08:01:32", "elapsed": 63656.391355, "delta": 9.89667}}
{"target": -44.11853354543123, "params": {"C": 50.22161014259885, "epsilon": 23.132435725313133, "gamma": 0.08989227666918434, "lamda": 0.36213625032772495}, "datetime": {"datetime": "2021-10-06 08:01:48", "elapsed": 63672.628646, "delta": 16.237291}}
{"target": -52.152753614256575, "params": {"C": 44.25722892529048, "epsilon": 4.081494104118994, "gamma": 0.21357248420202782, "lamda": 0.2615291137447446}, "datetime": {"datetime": "2021-10-06 08:01:53", "elapsed": 63677.291905, "delta": 4.663259}}
{"target": -39.1922497779533, "params": {"C": 96.83980177030521, "epsilon": 22.778770947805885, "gamma": 0.0589630324908108, "lamda": 0.23851919738648067}, "datetime": {"datetime": "2021-10-06 08:02:03", "elapsed": 63687.543663, "delta": 10.251758}}
{"target": -45.753721892394324, "params": {"C": 196.57236511830058, "epsilon": 26.48773661642873, "gamma": 0.2632117172247935, "lamda": 0.3201388240215207}, "datetime": {"datetime": "2021-10-06 08:02:08", "elapsed": 63692.665074, "delta": 5.121411}}
{"target": -34.07461415009877, "params": {"C": 174.64772161944163, "epsilon": 28.19987957497787, "gamma": 0.02347334784931867, "lamda": 0.04402302938203658}, "datetime": {"datetime": "2021-10-06 08:02:19", "elapsed": 63703.346426, "delta": 10.681352}}
{"target": -40.85784305698233, "params": {"C": 187.20893241761948, "epsilon": 27.527367223980352, "gamma": 0.20900378417078905, "lamda": 0.1983953871060683}, "datetime": {"datetime": "2021-10-06 08:02:30", "elapsed": 63714.042446, "delta": 10.69602}}
{"target": -46.69402600895777, "params": {"C": 84.01855111276119, "epsilon": 17.308396775853506, "gamma": 0.024440729946877744, "lamda": 0.34876796200292026}, "datetime": {"datetime": "2021-10-06 08:02:42", "elapsed": 63726.888443, "delta": 12.845997}}
{"target": -45.77071955157021, "params": {"C": 8.5900442730895, "epsilon": 21.88997909619126, "gamma": 0.14102094420826652, "lamda": 0.35015273465372915}, "datetime": {"datetime": "2021-10-06 08:02:47", "elapsed": 63731.189955, "delta": 4.301512}}
{"target": -34.098901057404944, "params": {"C": 173.70695467625436, "epsilon": 27.40364653664131, "gamma": 0.02298593320648663, "lamda": 0.049001966326564596}, "datetime": {"datetime": "2021-10-06 08:02:58", "elapsed": 63742.083456, "delta": 10.893501}}
{"target": -43.93509269548185, "params": {"C": 92.78931899265166, "epsilon": 26.727668591942574, "gamma": 0.2679304478827562, "lamda": 0.24856004786177213}, "datetime": {"datetime": "2021-10-06 08:03:14", "elapsed": 63758.548927, "delta": 16.465471}}
{"target": -38.98851801596808, "params": {"C": 93.13998329857796, "epsilon": 27.79057107284717, "gamma": 0.011600776459479795, "lamda": 0.23847274670232652}, "datetime": {"datetime": "2021-10-06 08:03:32", "elapsed": 63776.172993, "delta": 17.624066}}
{"target": -37.313029028796194, "params": {"C": 174.42034918715635, "epsilon": 28.188156399045447, "gamma": 0.13334668261137642, "lamda": 0.151830595049467}, "datetime": {"datetime": "2021-10-06 08:03:46", "elapsed": 63790.538759, "delta": 14.365766}}
{"target": -34.738887898836104, "params": {"C": 32.31575361283856, "epsilon": 27.625218277838904, "gamma": 0.03715857702309567, "lamda": 0.005894658244253948}, "datetime": {"datetime": "2021-10-06 08:04:00", "elapsed": 63804.78962, "delta": 14.250861}}
{"target": -41.229265418193314, "params": {"C": 187.94052996655145, "epsilon": 29.42971807753099, "gamma": 0.0001, "lamda": 0.0001}, "datetime": {"datetime": "2021-10-06 08:04:19", "elapsed": 63822.988326, "delta": 18.198706}}
{"target": -40.715061342577705, "params": {"C": 91.91747441308361, "epsilon": 22.001186086473638, "gamma": 0.1306412153624671, "lamda": 0.21967330000328972}, "datetime": {"datetime": "2021-10-06 08:04:23", "elapsed": 63827.551204, "delta": 4.562878}}
{"target": -37.87160356194188, "params": {"C": 70.6886272290401, "epsilon": 27.723509196164333, "gamma": 0.031718519719736604, "lamda": 0.25561063441989806}, "datetime": {"datetime": "2021-10-06 08:04:29", "elapsed": 63833.735503, "delta": 6.184299}}
{"target": -42.93285190555011, "params": {"C": 173.66939546967703, "epsilon": 27.456581420788048, "gamma": 0.3388997543092388, "lamda": 0.15553642769089915}, "datetime": {"datetime": "2021-10-06 08:04:45", "elapsed": 63849.780559, "delta": 16.045056}}
{"target": -39.18790620576112, "params": {"C": 120.35918667868944, "epsilon": 25.702153952593573, "gamma": 0.2808976166840943, "lamda": 0.027761702991978925}, "datetime": {"datetime": "2021-10-06 08:04:59", "elapsed": 63863.328267, "delta": 13.547708}}
{"target": -39.91171197654382, "params": {"C": 120.64628552985016, "epsilon": 25.88293843532453, "gamma": 0.07061052114348007, "lamda": 0.28783875867854175}, "datetime": {"datetime": "2021-10-06 08:05:04", "elapsed": 63868.298731, "delta": 4.970464}}
{"target": -41.84611770141589, "params": {"C": 41.92491617223905, "epsilon": 22.336659153411933, "gamma": 0.1582640617176233, "lamda": 0.2313772471195715}, "datetime": {"datetime": "2021-10-06 08:05:10", "elapsed": 63874.192157, "delta": 5.893426}}
{"target": -37.850246633144614, "params": {"C": 165.99775063563655, "epsilon": 17.815644585048293, "gamma": 0.11988648622209494, "lamda": 0.0963227108029429}, "datetime": {"datetime": "2021-10-06 08:05:15", "elapsed": 63879.11905, "delta": 4.926893}}
{"target": -35.22590601266231, "params": {"C": 186.7840751729674, "epsilon": 27.613809387974232, "gamma": 0.004431859103857932, "lamda": 0.05578501904628333}, "datetime": {"datetime": "2021-10-06 08:05:37", "elapsed": 63901.549776, "delta": 22.430726}}
{"target": -35.061853595770266, "params": {"C": 175.83268167203312, "epsilon": 26.984761332743645, "gamma": 0.08452416568555614, "lamda": 0.05142973573642762}, "datetime": {"datetime": "2021-10-06 08:05:42", "elapsed": 63906.070674, "delta": 4.520898}}
{"target": -34.30243470352643, "params": {"C": 185.98708135319993, "epsilon": 27.959348915426858, "gamma": 0.03550789116439823, "lamda": 0.08163358920671791}, "datetime": {"datetime": "2021-10-06 08:05:55", "elapsed": 63919.643048, "delta": 13.572374}}
{"target": -37.377196720319404, "params": {"C": 185.89982800983276, "epsilon": 28.18380318381952, "gamma": 0.09675249856596041, "lamda": 0.19634060405004214}, "datetime": {"datetime": "2021-10-06 08:06:14", "elapsed": 63938.523617, "delta": 18.880569}}
{"target": -43.11088448153661, "params": {"C": 165.65187367446893, "epsilon": 23.302712728785426, "gamma": 0.035098192175217154, "lamda": 0.3542368836433183}, "datetime": {"datetime": "2021-10-06 08:06:28", "elapsed": 63952.385893, "delta": 13.862276}}
{"target": -40.72309424092645, "params": {"C": 116.20428614613257, "epsilon": 9.631015225544884, "gamma": 0.15748408789871507, "lamda": 0.08336515654934562}, "datetime": {"datetime": "2021-10-06 08:06:33", "elapsed": 63957.528623, "delta": 5.14273}}
{"target": -35.980760001869236, "params": {"C": 185.88400053539326, "epsilon": 27.71935836333292, "gamma": 0.11634067709196237, "lamda": 0.09571307635296226}, "datetime": {"datetime": "2021-10-06 08:06:47", "elapsed": 63971.871731, "delta": 14.343108}}
{"target": -37.08473779312054, "params": {"C": 93.09793583191284, "epsilon": 27.25120749493032, "gamma": 0.12649804284869742, "lamda": 0.019789596717683277}, "datetime": {"datetime": "2021-10-06 08:07:07", "elapsed": 63991.400908, "delta": 19.529177}}
{"target": -50.40266840620467, "params": {"C": 40.06515839542644, "epsilon": 8.559519794358856, "gamma": 0.3143192721612047, "lamda": 0.2069356017154398}, "datetime": {"datetime": "2021-10-06 08:07:12", "elapsed": 63996.491205, "delta": 5.090297}}
{"target": -41.83612240750029, "params": {"C": 186.10190883890814, "epsilon": 28.217648712847367, "gamma": 0.002119244263942593, "lamda": 0.15336926555921596}, "datetime": {"datetime": "2021-10-06 08:07:26", "elapsed": 64010.709115, "delta": 14.21791}}
{"target": -41.08931333046598, "params": {"C": 197.28394426040373, "epsilon": 26.579319208858216, "gamma": 0.0769740117614759, "lamda": 0.33026651038960164}, "datetime": {"datetime": "2021-10-06 08:07:48", "elapsed": 64032.434081, "delta": 21.724966}}
{"target": -52.00916597239449, "params": {"C": 51.30990110633488, "epsilon": 8.90476686391655, "gamma": 0.3295233072938333, "lamda": 0.23618839497699762}, "datetime": {"datetime": "2021-10-06 08:07:54", "elapsed": 64038.04491, "delta": 5.610829}}
{"target": -37.166877101205756, "params": {"C": 174.1098511019111, "epsilon": 27.420775944076258, "gamma": 0.04067305957890441, "lamda": 0.22670095286796055}, "datetime": {"datetime": "2021-10-06 08:08:08", "elapsed": 64052.651435, "delta": 14.606525}}
{"target": -41.15940724869769, "params": {"C": 49.83563317332221, "epsilon": 23.36305957006075, "gamma": 0.35021460438525104, "lamda": 0.041745973281840244}, "datetime": {"datetime": "2021-10-06 08:08:22", "elapsed": 64066.358797, "delta": 13.707362}}
{"target": -45.41429782618297, "params": {"C": 175.79907220525484, "epsilon": 26.925155244644948, "gamma": 0.37460494976318065, "lamda": 0.22275022715655907}, "datetime": {"datetime": "2021-10-06 08:08:38", "elapsed": 64082.114392, "delta": 15.755595}}
{"target": -34.324069327851866, "params": {"C": 186.2026652153824, "epsilon": 27.710038371751214, "gamma": 0.039543918241870285, "lamda": 0.02719143535928472}, "datetime": {"datetime": "2021-10-06 08:08:57", "elapsed": 64101.708158, "delta": 19.593766}}
{"target": -38.33099423258323, "params": {"C": 33.94751266098384, "epsilon": 29.200456514539272, "gamma": 0.2388084693440157, "lamda": 0.012350579480693097}, "datetime": {"datetime": "2021-10-06 08:09:13", "elapsed": 64117.476134, "delta": 15.767976}}
{"target": -36.87049754771132, "params": {"C": 88.49289703381659, "epsilon": 14.220189116271937, "gamma": 0.0227976688606345, "lamda": 0.08031126302016868}, "datetime": {"datetime": "2021-10-06 08:09:18", "elapsed": 64122.689148, "delta": 5.213014}}
{"target": -37.786789288918854, "params": {"C": 185.6076891872348, "epsilon": 28.18382143026512, "gamma": 0.22266329504239393, "lamda": 0.06159195367857499}, "datetime": {"datetime": "2021-10-06 08:09:32", "elapsed": 64136.413612, "delta": 13.724464}}
{"target": -49.16028509895078, "params": {"C": 187.15200066071918, "epsilon": 15.752916703827756, "gamma": 0.0001, "lamda": 0.03597483607300546}, "datetime": {"datetime": "2021-10-06 08:09:55", "elapsed": 64159.823893, "delta": 23.410281}}
{"target": -35.58768482751894, "params": {"C": 174.26158865301903, "epsilon": 28.244835508805934, "gamma": 0.019193853429593257, "lamda": 0.15868896747689426}, "datetime": {"datetime": "2021-10-06 08:10:03", "elapsed": 64167.274745, "delta": 7.450852}}
{"target": -35.614631313277954, "params": {"C": 31.312107008219225, "epsilon": 28.512084633842555, "gamma": 0.10325838055663211, "lamda": 0.023624589419485992}, "datetime": {"datetime": "2021-10-06 08:10:15", "elapsed": 64179.657749, "delta": 12.383004}}
{"target": -39.288631303492025, "params": {"C": 173.63819059290933, "epsilon": 27.501092771256737, "gamma": 0.077433586081832, "lamda": 0.2845380218692837}, "datetime": {"datetime": "2021-10-06 08:10:30", "elapsed": 64194.251797, "delta": 14.594048}}
{"target": -50.245870479330264, "params": {"C": 88.51916246037896, "epsilon": 14.278972850204982, "gamma": 0.23939211248267128, "lamda": 0.2945739651627932}, "datetime": {"datetime": "2021-10-06 08:10:50", "elapsed": 64214.884108, "delta": 20.632311}}
{"target": -34.622749256660775, "params": {"C": 92.75140255437367, "epsilon": 27.181210703133818, "gamma": 0.06233407156093052, "lamda": 0.053365040672160524}, "datetime": {"datetime": "2021-10-06 08:11:10", "elapsed": 64234.519392, "delta": 19.635284}}
{"target": -44.572405454861894, "params": {"C": 182.45009560660978, "epsilon": 4.858811246661857, "gamma": 0.02000131537690974, "lamda": 0.20613345501667127}, "datetime": {"datetime": "2021-10-06 08:11:15", "elapsed": 64239.223084, "delta": 4.703692}}
{"target": -43.141462464542954, "params": {"C": 102.89669076327671, "epsilon": 8.180932611794418, "gamma": 0.24534624997204904, "lamda": 0.049661996674729085}, "datetime": {"datetime": "2021-10-06 08:11:20", "elapsed": 64244.117697, "delta": 4.894613}}
{"target": -34.221689920603495, "params": {"C": 92.35410974031349, "epsilon": 27.180902422894174, "gamma": 0.02347306786986493, "lamda": 0.02586565938225023}, "datetime": {"datetime": "2021-10-06 08:11:39", "elapsed": 64263.288901, "delta": 19.171204}}
{"target": -41.82495016723493, "params": {"C": 186.22920948198833, "epsilon": 28.119814036313343, "gamma": 0.2317087583517938, "lamda": 0.0036541432666122886}, "datetime": {"datetime": "2021-10-06 08:11:59", "elapsed": 64283.410971, "delta": 20.12207}}
{"target": -44.5628984172249, "params": {"C": 45.689402658576014, "epsilon": 24.509253008860465, "gamma": 0.17715968049057193, "lamda": 0.32184324998453634}, "datetime": {"datetime": "2021-10-06 08:12:05", "elapsed": 64289.257929, "delta": 5.846958}}
{"target": -37.60941572068749, "params": {"C": 171.6163693761337, "epsilon": 27.508982634709966, "gamma": 0.19045937821526934, "lamda": 0.08801425424195285}, "datetime": {"datetime": "2021-10-06 08:12:27", "elapsed": 64311.071102, "delta": 21.813173}}
{"target": -39.92514547210387, "params": {"C": 171.70139902058716, "epsilon": 27.011013662765553, "gamma": 0.08181769607128137, "lamda": 0.2965151749700836}, "datetime": {"datetime": "2021-10-06 08:12:44", "elapsed": 64328.565246, "delta": 17.494144}}
{"target": -41.031585072115654, "params": {"C": 186.12184053305097, "epsilon": 27.63911399301887, "gamma": 0.3981160498948046, "lamda": 0.05585096189244658}, "datetime": {"datetime": "2021-10-06 08:13:03", "elapsed": 64347.169464, "delta": 18.604218}}
{"target": -46.708247008138834, "params": {"C": 192.64588194662235, "epsilon": 12.721963773735537, "gamma": 0.22892730960574673, "lamda": 0.21206893810668653}, "datetime": {"datetime": "2021-10-06 08:13:08", "elapsed": 64352.442666, "delta": 5.273202}}
{"target": -37.35431219914588, "params": {"C": 185.659135648553, "epsilon": 27.91732595513074, "gamma": 0.09669150212223773, "lamda": 0.1923032765425268}, "datetime": {"datetime": "2021-10-06 08:13:25", "elapsed": 64369.483399, "delta": 17.040733}}
{"target": -37.44873312072931, "params": {"C": 197.15229159392388, "epsilon": 27.029615228420003, "gamma": 0.14472752001106243, "lamda": 0.020474195468610488}, "datetime": {"datetime": "2021-10-06 08:13:41", "elapsed": 64385.733328, "delta": 16.249929}}
{"target": -38.1866599321106, "params": {"C": 92.46437766485442, "epsilon": 26.881771707436535, "gamma": 0.018748898574466738, "lamda": 0.23680401648356536}, "datetime": {"datetime": "2021-10-06 08:14:01", "elapsed": 64405.255773, "delta": 19.522445}}
{"target": -47.85174622893225, "params": {"C": 39.096940080105185, "epsilon": 20.75333260327288, "gamma": 0.35818955772351696, "lamda": 0.23893089645946386}, "datetime": {"datetime": "2021-10-06 08:14:07", "elapsed": 64410.968852, "delta": 5.713079}}
{"target": -38.727541840260145, "params": {"C": 177.03837575444587, "epsilon": 26.41941239617786, "gamma": 0.013862187492392307, "lamda": 0.23218269736818495}, "datetime": {"datetime": "2021-10-06 08:14:14", "elapsed": 64417.978475, "delta": 7.009623}}
{"target": -34.37999521821797, "params": {"C": 34.205220408868236, "epsilon": 28.89745806819631, "gamma": 0.016549821991383922, "lamda": 0.012957159918796148}, "datetime": {"datetime": "2021-10-06 08:14:29", "elapsed": 64433.272354, "delta": 15.293879}}
{"target": -45.70874943846415, "params": {"C": 69.69228193591863, "epsilon": 26.664201327801788, "gamma": 0.30644813621833683, "lamda": 0.288362290906363}, "datetime": {"datetime": "2021-10-06 08:14:35", "elapsed": 64439.421088, "delta": 6.148734}}
{"target": -41.0079811605961, "params": {"C": 186.04481920306384, "epsilon": 27.820255881351443, "gamma": 0.11391342095180537, "lamda": 0.3089501478049351}, "datetime": {"datetime": "2021-10-06 08:14:57", "elapsed": 64461.364838, "delta": 21.94375}}
{"target": -47.84230337500743, "params": {"C": 47.74638019487037, "epsilon": 23.504331804881165, "gamma": 0.2412108305997884, "lamda": 0.3603501385778418}, "datetime": {"datetime": "2021-10-06 08:15:02", "elapsed": 64466.843122, "delta": 5.478284}}
{"target": -46.768103506360745, "params": {"C": 50.02418029125042, "epsilon": 23.130907304005063, "gamma": 0.0001, "lamda": 0.0001}, "datetime": {"datetime": "2021-10-06 08:15:20", "elapsed": 64484.62225, "delta": 17.779128}}
{"target": -45.261085559210336, "params": {"C": 121.00263854890514, "epsilon": 20.641015471227515, "gamma": 0.18551240195245627, "lamda": 0.2848686800767051}, "datetime": {"datetime": "2021-10-06 08:15:25", "elapsed": 64489.909523, "delta": 5.287273}}
{"target": -35.54204954562811, "params": {"C": 96.01553876089304, "epsilon": 20.56368194509519, "gamma": 0.007071710624731538, "lamda": 0.05497222620861269}, "datetime": {"datetime": "2021-10-06 08:15:31", "elapsed": 64495.163008, "delta": 5.253485}}
{"target": -46.29912520915677, "params": {"C": 34.33286681284913, "epsilon": 26.1565681420338, "gamma": 0.0001, "lamda": 0.0001}, "datetime": {"datetime": "2021-10-06 08:16:00", "elapsed": 64524.333359, "delta": 29.170351}}
{"target": -49.98959422357201, "params": {"C": 44.93195956405898, "epsilon": 2.7027982046166543, "gamma": 0.20150303687918092, "lamda": 0.1994043352082749}, "datetime": {"datetime": "2021-10-06 08:16:06", "elapsed": 64530.032955, "delta": 5.699596}}
{"target": -45.6429823776122, "params": {"C": 39.789448610621356, "epsilon": 6.500383351017296, "gamma": 0.27926320400014143, "lamda": 0.03269351356648646}, "datetime": {"datetime": "2021-10-06 08:16:11", "elapsed": 64535.726097, "delta": 5.693142}}
{"target": -47.210120644170544, "params": {"C": 22.891066870218783, "epsilon": 15.389929534799421, "gamma": 0.18735058309681069, "lamda": 0.2702939214932653}, "datetime": {"datetime": "2021-10-06 08:16:19", "elapsed": 64543.311785, "delta": 7.585688}}
{"target": -35.87812140305366, "params": {"C": 95.6901664288502, "epsilon": 20.35536770805902, "gamma": 0.040879813570697136, "lamda": 0.1083485273604365}, "datetime": {"datetime": "2021-10-06 08:16:37", "elapsed": 64561.140955, "delta": 17.82917}}
{"target": -41.47464234150349, "params": {"C": 96.03023943393715, "epsilon": 20.52693498146217, "gamma": 0.3342122823935006, "lamda": 0.017645436016261822}, "datetime": {"datetime": "2021-10-06 08:17:05", "elapsed": 64589.005426, "delta": 27.864471}}
{"target": -41.80179792136985, "params": {"C": 186.96999016581051, "epsilon": 27.376811142452155, "gamma": 0.0001, "lamda": 0.0001}, "datetime": {"datetime": "2021-10-06 08:17:23", "elapsed": 64607.890029, "delta": 18.884603}}
{"target": -40.43836640262031, "params": {"C": 93.21827222846025, "epsilon": 27.729330098782658, "gamma": 0.3067321442316392, "lamda": 0.007797277898579669}, "datetime": {"datetime": "2021-10-06 08:17:39", "elapsed": 64623.070436, "delta": 15.180407}}
{"target": -35.121984981520015, "params": {"C": 95.82150930659273, "epsilon": 20.809543098449872, "gamma": 0.009843254666045017, "lamda": 0.047970073918306426}, "datetime": {"datetime": "2021-10-06 08:18:08", "elapsed": 64652.434815, "delta": 29.364379}}
{"target": -53.41885483000689, "params": {"C": 95.79395780286768, "epsilon": 20.611820311269554, "gamma": 0.0001, "lamda": 0.27275936174571347}, "datetime": {"datetime": "2021-10-06 08:18:26", "elapsed": 64670.838357, "delta": 18.403542}}
