{"target": -33.751745023468665, "params": {"C": 115.2310719766376, "epsilon": 35.85858996729618, "gamma": 0.026958241113659305, "lamda": 0.06839894133304102}, "datetime": {"datetime": "2021-10-06 09:29:50", "elapsed": 99.916338, "delta": 0.780895}}
{"target": -33.78543834857179, "params": {"C": 137.0474679639042, "epsilon": 33.475527311728186, "gamma": 0.022460694665079856, "lamda": 0.05423032916177256}, "datetime": {"datetime": "2021-10-06 09:29:50", "elapsed": 100.633084, "delta": 0.716746}}
{"target": -33.867993664288775, "params": {"C": 164.67942016154834, "epsilon": 35.426979059664845, "gamma": 0.024784778801818834, "lamda": 0.1174788435571273}, "datetime": {"datetime": "2021-10-06 09:29:51", "elapsed": 101.551501, "delta": 0.918417}}
{"target": -33.74086435186081, "params": {"C": 367.42508482172747, "epsilon": 37.49806090056025, "gamma": 0.026100977129925394, "lamda": 0.10607190925679835}, "datetime": {"datetime": "2021-10-06 09:29:52", "elapsed": 102.384843, "delta": 0.833342}}
{"target": -33.76096001101034, "params": {"C": 311.7139855388775, "epsilon": 33.48782454023897, "gamma": 0.021631025884756426, "lamda": 0.0607130956928144}, "datetime": {"datetime": "2021-10-06 09:29:53", "elapsed": 103.167637, "delta": 0.782794}}
{"target": -33.782738221437356, "params": {"C": 164.74095402378498, "epsilon": 35.525579206174854, "gamma": 0.029024986283634993, "lamda": 0.0670590727377349}, "datetime": {"datetime": "2021-10-06 09:29:54", "elapsed": 104.166049, "delta": 0.998412}}
{"target": -34.15389072220157, "params": {"C": 320.7057935424549, "epsilon": 34.341875947755085, "gamma": 0.016581014815331648, "lamda": 0.1176544182055552}, "datetime": {"datetime": "2021-10-06 09:29:55", "elapsed": 105.049423, "delta": 0.883374}}
{"target": -34.25078379193978, "params": {"C": 150.73532345415344, "epsilon": 36.32512908003115, "gamma": 0.010132640333659078, "lamda": 0.05546809917720192}, "datetime": {"datetime": "2021-10-06 09:29:55", "elapsed": 105.77752, "delta": 0.728097}}
{"target": -33.72585106110176, "params": {"C": 206.0228333829845, "epsilon": 36.6787754909288, "gamma": 0.02555667118216389, "lamda": 0.08847395257153612}, "datetime": {"datetime": "2021-10-06 09:29:56", "elapsed": 106.523162, "delta": 0.745642}}
{"target": -33.82074277009012, "params": {"C": 179.22907268968137, "epsilon": 33.55075771882672, "gamma": 0.029782702057526547, "lamda": 0.08663185077934968}, "datetime": {"datetime": "2021-10-06 09:29:57", "elapsed": 107.309192, "delta": 0.78603}}
{"target": -34.174245780445894, "params": {"C": 344.65758855465054, "epsilon": 35.88974485384221, "gamma": 0.01283295153059096, "lamda": 0.08945205564389935}, "datetime": {"datetime": "2021-10-06 09:29:58", "elapsed": 108.284485, "delta": 0.975293}}
{"target": -33.75267095058591, "params": {"C": 272.57087376440586, "epsilon": 35.26998849034231, "gamma": 0.02840540111564853, "lamda": 0.09317740521778906}, "datetime": {"datetime": "2021-10-06 09:29:59", "elapsed": 109.133958, "delta": 0.849473}}
{"target": -33.79585987848823, "params": {"C": 193.768739337833, "epsilon": 34.864278604685275, "gamma": 0.01627921268161212, "lamda": 0.05393859884587419}, "datetime": {"datetime": "2021-10-06 09:30:00", "elapsed": 109.935521, "delta": 0.801563}}
{"target": -33.737431585113555, "params": {"C": 251.46565051257318, "epsilon": 36.391565628447964, "gamma": 0.027384476137097907, "lamda": 0.08934249368248831}, "datetime": {"datetime": "2021-10-06 09:30:00", "elapsed": 110.830094, "delta": 0.894573}}
{"target": -33.78106641217183, "params": {"C": 101.18854587643776, "epsilon": 34.29886569248114, "gamma": 0.027673765124356202, "lamda": 0.06705409646115196}, "datetime": {"datetime": "2021-10-06 09:30:01", "elapsed": 111.760752, "delta": 0.930658}}
{"target": -33.72648038727957, "params": {"C": 377.1204674417693, "epsilon": 35.67064398627113, "gamma": 0.02573191049246612, "lamda": 0.07963500142663014}, "datetime": {"datetime": "2021-10-06 09:30:02", "elapsed": 112.608872, "delta": 0.84812}}
{"target": -33.76214571336635, "params": {"C": 367.46938798699216, "epsilon": 37.55452138729203, "gamma": 0.0280526503173287, "lamda": 0.109471669793541}, "datetime": {"datetime": "2021-10-06 09:30:03", "elapsed": 113.617506, "delta": 1.008634}}
{"target": -33.71868316510579, "params": {"C": 55.31454430715098, "epsilon": 34.4321308508286, "gamma": 0.022425080700660276, "lamda": 0.08183343565305445}, "datetime": {"datetime": "2021-10-06 09:30:04", "elapsed": 114.409275, "delta": 0.791769}}
{"target": -33.86641996570094, "params": {"C": 165.37832180346388, "epsilon": 33.58825198338106, "gamma": 0.029824468870342326, "lamda": 0.0525122861999023}, "datetime": {"datetime": "2021-10-06 09:30:05", "elapsed": 115.170457, "delta": 0.761182}}
{"target": -34.25753189885517, "params": {"C": 244.134046592589, "epsilon": 33.832418502216335, "gamma": 0.014189771847965446, "lamda": 0.11024667883523695}, "datetime": {"datetime": "2021-10-06 09:30:06", "elapsed": 115.97242, "delta": 0.801963}}
{"target": -33.763358862186664, "params": {"C": 136.7878804493206, "epsilon": 37.35021387534526, "gamma": 0.029928744253896945, "lamda": 0.09190279641260005}, "datetime": {"datetime": "2021-10-06 09:30:06", "elapsed": 116.743614, "delta": 0.771194}}
{"target": -33.90221941126403, "params": {"C": 377.1466111957389, "epsilon": 35.64732947684803, "gamma": 0.022296558185083866, "lamda": 0.11728317752376029}, "datetime": {"datetime": "2021-10-06 09:30:07", "elapsed": 117.619672, "delta": 0.876058}}
{"target": -33.72629765253554, "params": {"C": 240.34882164643577, "epsilon": 36.09502880473752, "gamma": 0.021685339684557728, "lamda": 0.07922108115321519}, "datetime": {"datetime": "2021-10-06 09:30:08", "elapsed": 118.468465, "delta": 0.848793}}
{"target": -33.755198163941024, "params": {"C": 361.3489415803795, "epsilon": 36.58686868793618, "gamma": 0.028956648269147282, "lamda": 0.08919595756590434}, "datetime": {"datetime": "2021-10-06 09:30:09", "elapsed": 119.440388, "delta": 0.971923}}
{"target": -33.73938069146061, "params": {"C": 186.54709857733093, "epsilon": 35.12254339443117, "gamma": 0.023169920390134824, "lamda": 0.05559191519414082}, "datetime": {"datetime": "2021-10-06 09:30:10", "elapsed": 120.418469, "delta": 0.978081}}
{"target": -33.94761167849628, "params": {"C": 194.3116819654571, "epsilon": 34.35827643040768, "gamma": 0.016397345423693886, "lamda": 0.09251181422068572}, "datetime": {"datetime": "2021-10-06 09:30:11", "elapsed": 121.353275, "delta": 0.934806}}
{"target": -33.83829493429537, "params": {"C": 320.8419558352075, "epsilon": 34.375108220715035, "gamma": 0.016058222691322836, "lamda": 0.07378686578517013}, "datetime": {"datetime": "2021-10-06 09:30:12", "elapsed": 122.52227, "delta": 1.168995}}
{"target": -33.86903967066342, "params": {"C": 287.2725001971478, "epsilon": 35.40925949281817, "gamma": 0.024631818277158747, "lamda": 0.11618764065349803}, "datetime": {"datetime": "2021-10-06 09:30:13", "elapsed": 123.487132, "delta": 0.964862}}
{"target": -33.78322199267603, "params": {"C": 74.54308656356756, "epsilon": 37.04210860007291, "gamma": 0.024556121665601713, "lamda": 0.05054461048524992}, "datetime": {"datetime": "2021-10-06 09:30:14", "elapsed": 124.362498, "delta": 0.875366}}
{"target": -33.979216539869974, "params": {"C": 55.35768819967491, "epsilon": 34.353476963699514, "gamma": 0.013598361559940734, "lamda": 0.06849480751677456}, "datetime": {"datetime": "2021-10-06 09:30:15", "elapsed": 125.547869, "delta": 1.185371}}
{"target": -34.512795001713194, "params": {"C": 240.37346619213596, "epsilon": 36.08177316309712, "gamma": 0.011115018871465958, "lamda": 0.1137364113396201}, "datetime": {"datetime": "2021-10-06 09:30:16", "elapsed": 126.703884, "delta": 1.156015}}
{"target": -33.89430369294942, "params": {"C": 359.5683957764008, "epsilon": 36.90490091151627, "gamma": 0.016229600840538854, "lamda": 0.06383579217647972}, "datetime": {"datetime": "2021-10-06 09:30:17", "elapsed": 127.537516, "delta": 0.833632}}
{"target": -33.88388149690414, "params": {"C": 367.974341895624, "epsilon": 34.41944395361779, "gamma": 0.027085690838498738, "lamda": 0.11131013594917186}, "datetime": {"datetime": "2021-10-06 09:30:18", "elapsed": 128.376207, "delta": 0.838691}}
{"target": -34.076815783072284, "params": {"C": 320.74190489466224, "epsilon": 34.39263829086062, "gamma": 0.012742154711394798, "lamda": 0.07333478557012}, "datetime": {"datetime": "2021-10-06 09:30:19", "elapsed": 129.320943, "delta": 0.944736}}
{"target": -33.727245530394796, "params": {"C": 134.8574112165077, "epsilon": 34.9974378365772, "gamma": 0.02104062332880481, "lamda": 0.07195036610201647}, "datetime": {"datetime": "2021-10-06 09:30:20", "elapsed": 130.279154, "delta": 0.958211}}
{"target": -34.00511848330797, "params": {"C": 292.3795119013805, "epsilon": 34.35890414818984, "gamma": 0.01773431281718431, "lamda": 0.11170667324872376}, "datetime": {"datetime": "2021-10-06 09:30:21", "elapsed": 131.125513, "delta": 0.846359}}
{"target": -33.99355133879745, "params": {"C": 64.38015786829169, "epsilon": 33.7926418534246, "gamma": 0.01372046885094744, "lamda": 0.07579654887168363}, "datetime": {"datetime": "2021-10-06 09:30:22", "elapsed": 132.005797, "delta": 0.880284}}
{"target": -34.823807100548706, "params": {"C": 336.01795141754087, "epsilon": 33.158931959160064, "gamma": 0.010366657216794969, "lamda": 0.11761643275178067}, "datetime": {"datetime": "2021-10-06 09:30:23", "elapsed": 132.872201, "delta": 0.866404}}
{"target": -33.9204673957558, "params": {"C": 323.94499842778083, "epsilon": 34.51512338407188, "gamma": 0.026158514223379975, "lamda": 0.11626519868788754}, "datetime": {"datetime": "2021-10-06 09:30:23", "elapsed": 133.721452, "delta": 0.849251}}
{"target": -33.74431551714185, "params": {"C": 298.3647000361969, "epsilon": 34.994131636899205, "gamma": 0.02729326122688376, "lamda": 0.0836379267921666}, "datetime": {"datetime": "2021-10-06 09:30:24", "elapsed": 134.755568, "delta": 1.034116}}
{"target": -34.03654166129291, "params": {"C": 272.5829387404861, "epsilon": 35.28340450540306, "gamma": 0.012505114763134043, "lamda": 0.060054006338852065}, "datetime": {"datetime": "2021-10-06 09:30:25", "elapsed": 135.727289, "delta": 0.971721}}
{"target": -33.956820061574646, "params": {"C": 158.2760206910619, "epsilon": 36.3067833571034, "gamma": 0.01446632360449978, "lamda": 0.05924419216783193}, "datetime": {"datetime": "2021-10-06 09:30:26", "elapsed": 136.599955, "delta": 0.872666}}
{"target": -33.76178199620481, "params": {"C": 101.15050304780634, "epsilon": 34.32317539411528, "gamma": 0.025007391030005408, "lamda": 0.07584282664996075}, "datetime": {"datetime": "2021-10-06 09:30:27", "elapsed": 137.652313, "delta": 1.052358}}
{"target": -33.9375518007072, "params": {"C": 138.23963992323115, "epsilon": 35.26229699530888, "gamma": 0.02054089142942309, "lamda": 0.11645984825029561}, "datetime": {"datetime": "2021-10-06 09:30:28", "elapsed": 138.518726, "delta": 0.866413}}
{"target": -33.93003762320744, "params": {"C": 367.4646511867128, "epsilon": 37.53484454031537, "gamma": 0.020762095649156057, "lamda": 0.11917150731029892}, "datetime": {"datetime": "2021-10-06 09:30:29", "elapsed": 139.394129, "delta": 0.875403}}
{"target": -33.95136546583423, "params": {"C": 191.69830921328864, "epsilon": 35.04466038396637, "gamma": 0.013656484487087412, "lamda": 0.06301664199023452}, "datetime": {"datetime": "2021-10-06 09:30:30", "elapsed": 140.373362, "delta": 0.979233}}
{"target": -34.243755726756675, "params": {"C": 268.27133351294054, "epsilon": 33.81114505459368, "gamma": 0.011193274303393508, "lamda": 0.08478969359813293}, "datetime": {"datetime": "2021-10-06 09:30:31", "elapsed": 141.246556, "delta": 0.873194}}
{"target": -33.82312666700979, "params": {"C": 48.55370854369588, "epsilon": 34.83712144897535, "gamma": 0.02307330963883241, "lamda": 0.10587735358640721}, "datetime": {"datetime": "2021-10-06 09:30:32", "elapsed": 142.150946, "delta": 0.90439}}
{"target": -33.812475955605315, "params": {"C": 39.406964926977665, "epsilon": 35.88067773138187, "gamma": 0.02641911237076345, "lamda": 0.11259362539815608}, "datetime": {"datetime": "2021-10-06 09:30:33", "elapsed": 143.010736, "delta": 0.85979}}
{"target": -33.728769237420195, "params": {"C": 132.85113494202278, "epsilon": 36.94037377088731, "gamma": 0.02614741337445855, "lamda": 0.09886160324453801}, "datetime": {"datetime": "2021-10-06 09:30:34", "elapsed": 143.897879, "delta": 0.887143}}
{"target": -34.131387033928526, "params": {"C": 377.0991585593167, "epsilon": 35.728518725707445, "gamma": 0.011129192195647957, "lamda": 0.053765343961286}, "datetime": {"datetime": "2021-10-06 09:30:35", "elapsed": 144.949436, "delta": 1.051557}}
{"target": -33.78328301769869, "params": {"C": 310.93716054237643, "epsilon": 35.588875177902615, "gamma": 0.027248938461892927, "lamda": 0.10911220464802517}, "datetime": {"datetime": "2021-10-06 09:30:36", "elapsed": 145.968871, "delta": 1.019435}}
{"target": -33.760133197947454, "params": {"C": 373.07311379881656, "epsilon": 34.62061649075485, "gamma": 0.017760783831473705, "lamda": 0.05653689093145413}, "datetime": {"datetime": "2021-10-06 09:30:37", "elapsed": 146.887242, "delta": 0.918371}}
{"target": -33.7457784996021, "params": {"C": 101.69278562628632, "epsilon": 35.290223786235615, "gamma": 0.019416326778095738, "lamda": 0.05620011629796887}, "datetime": {"datetime": "2021-10-06 09:30:38", "elapsed": 147.976784, "delta": 1.089542}}
{"target": -33.73477700411877, "params": {"C": 240.30724852397833, "epsilon": 36.08580869319346, "gamma": 0.02008299513224651, "lamda": 0.07309003797699579}, "datetime": {"datetime": "2021-10-06 09:30:39", "elapsed": 148.995381, "delta": 1.018597}}
{"target": -33.76002182547744, "params": {"C": 361.30478581670457, "epsilon": 36.61121444117844, "gamma": 0.02499229389135347, "lamda": 0.0579041233916681}, "datetime": {"datetime": "2021-10-06 09:30:40", "elapsed": 150.14519, "delta": 1.149809}}
{"target": -33.723395415239054, "params": {"C": 373.1183490022386, "epsilon": 34.60688546616735, "gamma": 0.02290268620471516, "lamda": 0.07056666604675145}, "datetime": {"datetime": "2021-10-06 09:30:41", "elapsed": 151.260238, "delta": 1.115048}}
{"target": -33.72713653731379, "params": {"C": 194.38863869368205, "epsilon": 34.41375033319168, "gamma": 0.02117284406837696, "lamda": 0.07651822215572858}, "datetime": {"datetime": "2021-10-06 09:30:42", "elapsed": 152.40426, "delta": 1.144022}}
{"target": -33.89456743986146, "params": {"C": 185.92654963154106, "epsilon": 34.57388296544884, "gamma": 0.018127564150538553, "lamda": 0.0983565900610971}, "datetime": {"datetime": "2021-10-06 09:30:43", "elapsed": 153.792733, "delta": 1.388473}}
{"target": -34.07055603658593, "params": {"C": 101.73260397577731, "epsilon": 35.27678111509731, "gamma": 0.011580850981166546, "lamda": 0.05348331037073394}, "datetime": {"datetime": "2021-10-06 09:30:45", "elapsed": 155.039472, "delta": 1.246739}}
{"target": -33.81779193679614, "params": {"C": 132.18305222097064, "epsilon": 37.07260717959701, "gamma": 0.020616447523245, "lamda": 0.10049734481205728}, "datetime": {"datetime": "2021-10-06 09:30:46", "elapsed": 155.979638, "delta": 0.940166}}
{"target": -33.99170040641196, "params": {"C": 194.46380886780656, "epsilon": 34.28363489901864, "gamma": 0.016121283326064013, "lamda": 0.09774777034232107}, "datetime": {"datetime": "2021-10-06 09:30:47", "elapsed": 157.030644, "delta": 1.051006}}
{"target": -34.031125832403205, "params": {"C": 350.8573139933555, "epsilon": 37.63377633657096, "gamma": 0.016648964177797904, "lamda": 0.10309292051706753}, "datetime": {"datetime": "2021-10-06 09:30:48", "elapsed": 157.949878, "delta": 0.919234}}
{"target": -33.790227623817024, "params": {"C": 127.22465425083284, "epsilon": 33.929458505263206, "gamma": 0.02489330866710144, "lamda": 0.09874272393033265}, "datetime": {"datetime": "2021-10-06 09:30:48", "elapsed": 158.85186, "delta": 0.901982}}
{"target": -34.244785865967046, "params": {"C": 67.7711872745279, "epsilon": 36.848670287898344, "gamma": 0.011876309138269439, "lamda": 0.08197587804787132}, "datetime": {"datetime": "2021-10-06 09:30:49", "elapsed": 159.813495, "delta": 0.961635}}
{"target": -33.730909136927025, "params": {"C": 336.7141650173411, "epsilon": 36.26045126836172, "gamma": 0.02301225813822492, "lamda": 0.0722012625903582}, "datetime": {"datetime": "2021-10-06 09:30:51", "elapsed": 161.148057, "delta": 1.334562}}
{"target": -34.05852497060956, "params": {"C": 299.051034486666, "epsilon": 33.42441374506065, "gamma": 0.012884719491237215, "lamda": 0.0764679515940831}, "datetime": {"datetime": "2021-10-06 09:30:52", "elapsed": 162.128704, "delta": 0.980647}}
{"target": -33.744051906268, "params": {"C": 134.81715981684755, "epsilon": 34.978808321761484, "gamma": 0.018138986783376457, "lamda": 0.06467894442269653}, "datetime": {"datetime": "2021-10-06 09:30:53", "elapsed": 163.40956, "delta": 1.280856}}
{"target": -34.20836987113965, "params": {"C": 336.734889087428, "epsilon": 36.19579207789264, "gamma": 0.011963802709224213, "lamda": 0.07928851144969123}, "datetime": {"datetime": "2021-10-06 09:30:54", "elapsed": 164.741882, "delta": 1.332322}}
{"target": -33.95307420749181, "params": {"C": 264.0957545499642, "epsilon": 34.40880219559895, "gamma": 0.01739606295369979, "lamda": 0.10223863981780343}, "datetime": {"datetime": "2021-10-06 09:30:56", "elapsed": 165.867171, "delta": 1.125289}}
{"target": -33.83856649094048, "params": {"C": 109.882884519377, "epsilon": 35.29196042434646, "gamma": 0.029769203733569484, "lamda": 0.11562389157255404}, "datetime": {"datetime": "2021-10-06 09:30:57", "elapsed": 166.903319, "delta": 1.036148}}
{"target": -33.740126879665205, "params": {"C": 252.72740383111105, "epsilon": 36.41965186912712, "gamma": 0.02273151973367749, "lamda": 0.06908734382693871}, "datetime": {"datetime": "2021-10-06 09:30:58", "elapsed": 168.023887, "delta": 1.120568}}
{"target": -33.72592543721284, "params": {"C": 336.7800489794345, "epsilon": 36.275108061900866, "gamma": 0.02214074478155162, "lamda": 0.07830924584681943}, "datetime": {"datetime": "2021-10-06 09:30:59", "elapsed": 169.236033, "delta": 1.212146}}
{"target": -33.763975661327024, "params": {"C": 194.26681305447428, "epsilon": 33.98730453363842, "gamma": 0.023478811366015446, "lamda": 0.060100861914024944}, "datetime": {"datetime": "2021-10-06 09:31:00", "elapsed": 170.56148, "delta": 1.325447}}
{"target": -33.75834031529107, "params": {"C": 164.4067160984955, "epsilon": 36.627400261880204, "gamma": 0.02312544226592614, "lamda": 0.05258680505989981}, "datetime": {"datetime": "2021-10-06 09:31:01", "elapsed": 171.600854, "delta": 1.039374}}
{"target": -33.741377072169165, "params": {"C": 148.47801351361142, "epsilon": 35.76354711459297, "gamma": 0.02065684568096219, "lamda": 0.09007943377682417}, "datetime": {"datetime": "2021-10-06 09:31:02", "elapsed": 172.709469, "delta": 1.108615}}
{"target": -34.10605192250011, "params": {"C": 207.03829158078156, "epsilon": 36.821800190133736, "gamma": 0.012644242147866072, "lamda": 0.06411519478598715}, "datetime": {"datetime": "2021-10-06 09:31:03", "elapsed": 173.78734, "delta": 1.077871}}
{"target": -33.980345081136775, "params": {"C": 176.64684667152488, "epsilon": 37.73802184650191, "gamma": 0.01617404402988079, "lamda": 0.06752894732862454}, "datetime": {"datetime": "2021-10-06 09:31:05", "elapsed": 175.388412, "delta": 1.601072}}
{"target": -34.04150956133727, "params": {"C": 144.3086196732957, "epsilon": 35.3105524842607, "gamma": 0.015876150408731603, "lamda": 0.10288090704546751}, "datetime": {"datetime": "2021-10-06 09:31:06", "elapsed": 176.392713, "delta": 1.004301}}
{"target": -33.76059982995562, "params": {"C": 277.8196033969309, "epsilon": 35.34255367787636, "gamma": 0.017692850251648018, "lamda": 0.05179772883277815}, "datetime": {"datetime": "2021-10-06 09:31:07", "elapsed": 177.405067, "delta": 1.012354}}
{"target": -33.79211114270462, "params": {"C": 369.0090652311393, "epsilon": 35.97783318730153, "gamma": 0.028110323402040366, "lamda": 0.054695960018759704}, "datetime": {"datetime": "2021-10-06 09:31:08", "elapsed": 178.475445, "delta": 1.070378}}
{"target": -33.85196825259178, "params": {"C": 134.8188831450572, "epsilon": 34.9835498413321, "gamma": 0.015381132885170009, "lamda": 0.061553638688831}, "datetime": {"datetime": "2021-10-06 09:31:09", "elapsed": 179.524828, "delta": 1.049383}}
{"target": -34.07036368749722, "params": {"C": 377.32326076516335, "epsilon": 36.717919615480824, "gamma": 0.01544686140394064, "lamda": 0.1012352003996479}, "datetime": {"datetime": "2021-10-06 09:31:10", "elapsed": 180.545693, "delta": 1.020865}}
{"target": -33.88624118771607, "params": {"C": 251.42563668227743, "epsilon": 36.41834689954366, "gamma": 0.017384478496564992, "lamda": 0.08848851749298164}, "datetime": {"datetime": "2021-10-06 09:31:11", "elapsed": 181.711194, "delta": 1.165501}}
{"target": -33.86224963908969, "params": {"C": 164.71296763595365, "epsilon": 35.499815862823006, "gamma": 0.017171632934611575, "lamda": 0.08525581023561499}, "datetime": {"datetime": "2021-10-06 09:31:13", "elapsed": 183.294258, "delta": 1.583064}}
{"target": -33.73133784675909, "params": {"C": 205.99866259434768, "epsilon": 36.65728329160351, "gamma": 0.025739229431943095, "lamda": 0.0840628109399391}, "datetime": {"datetime": "2021-10-06 09:31:14", "elapsed": 184.584637, "delta": 1.290379}}
{"target": -33.76893738045711, "params": {"C": 310.92244863357126, "epsilon": 35.60679819949465, "gamma": 0.020153704905609353, "lamda": 0.0919253974114155}, "datetime": {"datetime": "2021-10-06 09:31:15", "elapsed": 185.833987, "delta": 1.24935}}
{"target": -33.90678955953574, "params": {"C": 134.8262237072145, "epsilon": 34.93850312174064, "gamma": 0.014170397411444, "lamda": 0.05549357685104273}, "datetime": {"datetime": "2021-10-06 09:31:17", "elapsed": 187.130911, "delta": 1.296924}}
