{"target": -34.03826855579479, "params": {"C": 90.63112413765711, "epsilon": 32.022078973822246, "gamma": 0.06143397595688419, "lamda": 0.12903442154895411}, "datetime": {"datetime": "2021-10-06 08:53:19", "elapsed": 533.914929, "delta": 2.440013}}
{"target": -33.416173383217306, "params": {"C": 186.68054002713356, "epsilon": 34.75426247780767, "gamma": 0.04569441944341154, "lamda": 0.023550864164735754}, "datetime": {"datetime": "2021-10-06 08:53:22", "elapsed": 536.630559, "delta": 2.71563}}
{"target": -34.1004833656466, "params": {"C": 68.93303131848926, "epsilon": 31.645637377699863, "gamma": 0.06637167693418311, "lamda": 0.11004156675238905}, "datetime": {"datetime": "2021-10-06 08:53:26", "elapsed": 540.712805, "delta": 4.082246}}
{"target": -33.28446858896543, "params": {"C": 62.76509339391673, "epsilon": 33.20429443935639, "gamma": 0.04118124469209239, "lamda": 0.06838334208363094}, "datetime": {"datetime": "2021-10-06 08:53:29", "elapsed": 543.492015, "delta": 2.77921}}
{"target": -33.77588328395298, "params": {"C": 77.00632529555104, "epsilon": 33.54679551564866, "gamma": 0.033612936720742, "lamda": 0.17554850068308858}, "datetime": {"datetime": "2021-10-06 08:53:32", "elapsed": 546.099116, "delta": 2.607101}}
{"target": -34.398377088642164, "params": {"C": 121.98050158451977, "epsilon": 31.754402015224972, "gamma": 0.05402626212555355, "lamda": 0.17173447859347882}, "datetime": {"datetime": "2021-10-06 08:53:34", "elapsed": 548.736642, "delta": 2.637526}}
{"target": -33.63930349200597, "params": {"C": 34.65040781668496, "epsilon": 32.707280056953394, "gamma": 0.003087258570407064, "lamda": 0.08267103559394912}, "datetime": {"datetime": "2021-10-06 08:53:37", "elapsed": 551.165024, "delta": 2.428382}}
{"target": -33.1343246410119, "params": {"C": 72.52733202442637, "epsilon": 30.09841648368738, "gamma": 0.02316136071613884, "lamda": 0.07811646959877994}, "datetime": {"datetime": "2021-10-06 08:53:39", "elapsed": 553.454208, "delta": 2.289184}}
{"target": -33.071731702948775, "params": {"C": 73.75202585261688, "epsilon": 33.539249602657534, "gamma": 0.02996808797097079, "lamda": 0.06697031540591228}, "datetime": {"datetime": "2021-10-06 08:53:41", "elapsed": 555.379277, "delta": 1.925069}}
{"target": -34.54443493453355, "params": {"C": 96.45210252880554, "epsilon": 32.65984146240481, "gamma": 0.06990858816500574, "lamda": 0.01936120359387163}, "datetime": {"datetime": "2021-10-06 08:53:45", "elapsed": 559.124954, "delta": 3.745677}}
{"target": -34.2709960999881, "params": {"C": 34.66012863048773, "epsilon": 32.491223572596624, "gamma": 0.055483224608965, "lamda": 0.16744982085636725}, "datetime": {"datetime": "2021-10-06 08:53:48", "elapsed": 562.677676, "delta": 3.552722}}
{"target": -33.60424176353305, "params": {"C": 62.68622769922182, "epsilon": 33.103329800714064, "gamma": 0.04951460508982439, "lamda": 0.11194344732185235}, "datetime": {"datetime": "2021-10-06 08:53:51", "elapsed": 565.623296, "delta": 2.94562}}
{"target": -33.59553409132688, "params": {"C": 144.47096345935262, "epsilon": 34.12348865109108, "gamma": 0.05525817086748518, "lamda": 0.036828130770921945}, "datetime": {"datetime": "2021-10-06 08:53:54", "elapsed": 568.187319, "delta": 2.564023}}
{"target": -35.85387017211132, "params": {"C": 2.2799761743109626, "epsilon": 31.615540507164805, "gamma": 0.01820210667444696, "lamda": 0.04581878149823179}, "datetime": {"datetime": "2021-10-06 08:53:56", "elapsed": 570.137693, "delta": 1.950374}}
{"target": -33.86493840814849, "params": {"C": 160.66390528049698, "epsilon": 34.54922599874819, "gamma": 0.05420722934255653, "lamda": 0.1491722552074736}, "datetime": {"datetime": "2021-10-06 08:53:58", "elapsed": 572.999779, "delta": 2.862086}}
{"target": -33.99511198215583, "params": {"C": 10.78570179728333, "epsilon": 31.48202464569237, "gamma": 0.021501967646521042, "lamda": 0.19183121661574454}, "datetime": {"datetime": "2021-10-06 08:54:01", "elapsed": 575.291152, "delta": 2.291373}}
{"target": -33.61432218821173, "params": {"C": 65.64233099954214, "epsilon": 31.343929688753168, "gamma": 0.03889601398908752, "lamda": 0.1327783813952838}, "datetime": {"datetime": "2021-10-06 08:54:03", "elapsed": 577.269678, "delta": 1.978526}}
{"target": -33.29959617102092, "params": {"C": 175.94550673066541, "epsilon": 32.24870732957707, "gamma": 0.04022603340892907, "lamda": 0.06428410304293189}, "datetime": {"datetime": "2021-10-06 08:54:05", "elapsed": 579.470949, "delta": 2.201271}}
{"target": -33.322934089409834, "params": {"C": 161.6033227393945, "epsilon": 31.471955872254753, "gamma": 0.03414618838735566, "lamda": 0.10545025397963445}, "datetime": {"datetime": "2021-10-06 08:54:07", "elapsed": 581.371927, "delta": 1.900978}}
{"target": -33.941374306468184, "params": {"C": 34.69460300922462, "epsilon": 33.01303470847627, "gamma": 0.05295838033308923, "lamda": 0.015587089586734354}, "datetime": {"datetime": "2021-10-06 08:54:10", "elapsed": 584.285319, "delta": 2.913392}}
{"target": -34.61152042658228, "params": {"C": 96.18263992106398, "epsilon": 32.70044338832196, "gamma": 0.058709353257618425, "lamda": 0.008350268320438434}, "datetime": {"datetime": "2021-10-06 08:54:13", "elapsed": 587.493397, "delta": 3.208078}}
{"target": -32.913060408631836, "params": {"C": 77.10146532992302, "epsilon": 33.70442173182278, "gamma": 0.004172206050643008, "lamda": 0.017284165712555342}, "datetime": {"datetime": "2021-10-06 08:54:17", "elapsed": 591.270533, "delta": 3.777136}}
{"target": -35.513155708261394, "params": {"C": 87.53898885252954, "epsilon": 34.82853438487562, "gamma": 0.07080637744160985, "lamda": 0.00325975978124374}, "datetime": {"datetime": "2021-10-06 08:54:22", "elapsed": 596.055435, "delta": 4.784902}}
{"target": -34.02109530958988, "params": {"C": 37.21778630425456, "epsilon": 29.450587958114156, "gamma": 0.04296733703913117, "lamda": 0.14493875969650358}, "datetime": {"datetime": "2021-10-06 08:54:25", "elapsed": 599.370184, "delta": 3.314749}}
{"target": -33.76569609266114, "params": {"C": 186.3939408148012, "epsilon": 34.6416326608852, "gamma": 0.0634579788608374, "lamda": 0.05465894968557187}, "datetime": {"datetime": "2021-10-06 08:54:29", "elapsed": 603.57773, "delta": 4.207546}}
{"target": -33.2669650312611, "params": {"C": 122.08915062497108, "epsilon": 31.91701310541599, "gamma": 0.017431791554281855, "lamda": 0.12079106291693102}, "datetime": {"datetime": "2021-10-06 08:54:33", "elapsed": 607.254964, "delta": 3.677234}}
{"target": -33.20485575744907, "params": {"C": 123.13897284612945, "epsilon": 30.36874958783626, "gamma": 0.030890639452704663, "lamda": 0.03526690053733503}, "datetime": {"datetime": "2021-10-06 08:54:35", "elapsed": 609.336775, "delta": 2.081811}}
{"target": -34.994252181166075, "params": {"C": 189.26137648156904, "epsilon": 25.99350039808291, "gamma": 0.06921982408823397, "lamda": 0.12706022523951865}, "datetime": {"datetime": "2021-10-06 08:54:37", "elapsed": 611.254887, "delta": 1.918112}}
{"target": -34.228699637607335, "params": {"C": 85.05906448621728, "epsilon": 26.30233956598208, "gamma": 0.05742722610433493, "lamda": 0.10356707571257846}, "datetime": {"datetime": "2021-10-06 08:54:39", "elapsed": 613.404718, "delta": 2.149831}}
{"target": -33.39570445174342, "params": {"C": 87.5336017356114, "epsilon": 34.98854825914961, "gamma": 0.02797342668548714, "lamda": 0.15322238034417895}, "datetime": {"datetime": "2021-10-06 08:54:42", "elapsed": 616.442541, "delta": 3.037823}}
{"target": -33.34077199292032, "params": {"C": 186.60639475113808, "epsilon": 34.51491207298034, "gamma": 0.03218947552519668, "lamda": 0.1369220258414444}, "datetime": {"datetime": "2021-10-06 08:54:44", "elapsed": 618.917102, "delta": 2.474561}}
{"target": -33.14118129813132, "params": {"C": 187.73454072373158, "epsilon": 34.32998971389335, "gamma": 0.033236179459909865, "lamda": 0.026676676271551913}, "datetime": {"datetime": "2021-10-06 08:54:46", "elapsed": 620.917594, "delta": 2.000492}}
{"target": -34.263628797569844, "params": {"C": 119.77265802438441, "epsilon": 33.46326095953378, "gamma": 0.06987706946702009, "lamda": 0.027916472305912085}, "datetime": {"datetime": "2021-10-06 08:54:50", "elapsed": 624.350722, "delta": 3.433128}}
{"target": -33.16809563664828, "params": {"C": 70.8422118581144, "epsilon": 34.271131697791475, "gamma": 0.034356439728233115, "lamda": 0.02932560136351872}, "datetime": {"datetime": "2021-10-06 08:54:53", "elapsed": 627.484008, "delta": 3.133286}}
{"target": -35.613165525970686, "params": {"C": 34.48513699600229, "epsilon": 32.69195888499151, "gamma": 0.002487191387974211, "lamda": 0.17375516893886114}, "datetime": {"datetime": "2021-10-06 08:54:56", "elapsed": 630.86353, "delta": 3.379522}}
{"target": -34.55438560701842, "params": {"C": 59.83397102844161, "epsilon": 32.69300480999205, "gamma": 0.07585121686883119, "lamda": 0.1458806731301846}, "datetime": {"datetime": "2021-10-06 08:55:01", "elapsed": 635.658726, "delta": 4.795196}}
{"target": -34.04533811774245, "params": {"C": 187.72296729027846, "epsilon": 34.941470525627324, "gamma": 0.05130998046203254, "lamda": 0.18087674066398762}, "datetime": {"datetime": "2021-10-06 08:55:03", "elapsed": 637.721126, "delta": 2.0624}}
{"target": -33.336267479787395, "params": {"C": 87.52921969964831, "epsilon": 34.676489539483384, "gamma": 0.03198362922499651, "lamda": 0.1379638203554821}, "datetime": {"datetime": "2021-10-06 08:55:07", "elapsed": 641.339926, "delta": 3.6188}}
{"target": -33.31346696438743, "params": {"C": 113.00318644495111, "epsilon": 26.56101837625321, "gamma": 0.010144954646213265, "lamda": 0.053355988912395486}, "datetime": {"datetime": "2021-10-06 08:55:09", "elapsed": 643.352684, "delta": 2.012758}}
{"target": -36.164443703184716, "params": {"C": 175.1986989033589, "epsilon": 34.099926937885606, "gamma": 0.06027675359378661, "lamda": 0.0006165713167437757}, "datetime": {"datetime": "2021-10-06 08:55:13", "elapsed": 647.270204, "delta": 3.91752}}
{"target": -33.3451387655768, "params": {"C": 76.27423665130051, "epsilon": 33.44733660025037, "gamma": 0.010975836615902554, "lamda": 0.14990673059129678}, "datetime": {"datetime": "2021-10-06 08:55:17", "elapsed": 651.510565, "delta": 4.240361}}
{"target": -33.342184519620396, "params": {"C": 175.42392061396455, "epsilon": 34.18910818391173, "gamma": 0.03753995245598524, "lamda": 0.11864508356663643}, "datetime": {"datetime": "2021-10-06 08:55:21", "elapsed": 655.515744, "delta": 4.005179}}
{"target": -35.53815036827134, "params": {"C": 134.6123197802596, "epsilon": 26.7403843973962, "gamma": 0.0059040521486678115, "lamda": 0.1838522337901029}, "datetime": {"datetime": "2021-10-06 08:55:23", "elapsed": 657.497124, "delta": 1.98138}}
{"target": -33.038321169637115, "params": {"C": 175.13196471699908, "epsilon": 33.90507148938633, "gamma": 0.022797674553502158, "lamda": 0.08018719513922173}, "datetime": {"datetime": "2021-10-06 08:55:27", "elapsed": 661.34076, "delta": 3.843636}}
{"target": -33.85702779788683, "params": {"C": 87.43124723804463, "epsilon": 34.78406923872227, "gamma": 0.04175748426079494, "lamda": 0.1789526795801352}, "datetime": {"datetime": "2021-10-06 08:55:30", "elapsed": 664.119752, "delta": 2.778992}}
{"target": -35.11907326539626, "params": {"C": 62.76007843359884, "epsilon": 33.3170127006631, "gamma": 0.07828078620745282, "lamda": 0.18050254868690455}, "datetime": {"datetime": "2021-10-06 08:55:33", "elapsed": 667.573599, "delta": 3.453847}}
{"target": -32.97015688806952, "params": {"C": 187.71347627886723, "epsilon": 34.98523862615234, "gamma": 0.011724997428525855, "lamda": 0.03421561014614358}, "datetime": {"datetime": "2021-10-06 08:55:37", "elapsed": 671.523612, "delta": 3.950013}}
{"target": -33.28776303459187, "params": {"C": 175.29352077305356, "epsilon": 33.90463722623242, "gamma": 0.02282527437048543, "lamda": 0.13733020670432605}, "datetime": {"datetime": "2021-10-06 08:55:39", "elapsed": 673.684999, "delta": 2.161387}}
{"target": -39.157425896691514, "params": {"C": 2.8771734373109616, "epsilon": 26.70294404561953, "gamma": 0.06277769440297583, "lamda": 0.15969916823473784}, "datetime": {"datetime": "2021-10-06 08:55:41", "elapsed": 675.843603, "delta": 2.158604}}
{"target": -33.33095091896634, "params": {"C": 162.01927451497735, "epsilon": 30.223193854670356, "gamma": 0.025055210956280338, "lamda": 0.11250279278668751}, "datetime": {"datetime": "2021-10-06 08:55:43", "elapsed": 677.957344, "delta": 2.113741}}
{"target": -33.945586376582604, "params": {"C": 182.90856854747557, "epsilon": 32.18215660336177, "gamma": 0.05354102340911232, "lamda": 0.1402936409962157}, "datetime": {"datetime": "2021-10-06 08:55:46", "elapsed": 680.287735, "delta": 2.330391}}
{"target": -33.55074885591385, "params": {"C": 180.56913535842705, "epsilon": 30.603178606563155, "gamma": 0.05020061896105581, "lamda": 0.04977985346740608}, "datetime": {"datetime": "2021-10-06 08:55:48", "elapsed": 682.759061, "delta": 2.471326}}
{"target": -32.969989789676006, "params": {"C": 187.94409010679468, "epsilon": 34.98857195155607, "gamma": 0.021043245115081984, "lamda": 0.03723866583718134}, "datetime": {"datetime": "2021-10-06 08:55:52", "elapsed": 686.543898, "delta": 3.784837}}
{"target": -35.11836823840232, "params": {"C": 77.34092803554958, "epsilon": 33.70500724647991, "gamma": 0.0656644128043925, "lamda": 0.003407238619173822}, "datetime": {"datetime": "2021-10-06 08:55:57", "elapsed": 691.172324, "delta": 4.628426}}
{"target": -33.63234380306798, "params": {"C": 30.068453298703133, "epsilon": 31.8461691347604, "gamma": 0.0494068803954197, "lamda": 0.09850312888076701}, "datetime": {"datetime": "2021-10-06 08:55:59", "elapsed": 693.69907, "delta": 2.526746}}
{"target": -33.37535760090206, "params": {"C": 119.81858090550975, "epsilon": 32.157648973678306, "gamma": 0.028664659014900656, "lamda": 0.008490734980127259}, "datetime": {"datetime": "2021-10-06 08:56:01", "elapsed": 695.76813, "delta": 2.06906}}
{"target": -33.75536003846354, "params": {"C": 73.84260530818992, "epsilon": 33.40621995673519, "gamma": 0.0020977669655305006, "lamda": 0.06775102366585241}, "datetime": {"datetime": "2021-10-06 08:56:05", "elapsed": 699.887863, "delta": 4.119733}}
{"target": -34.00042067428265, "params": {"C": 144.9036729326945, "epsilon": 33.42579928699509, "gamma": 0.06987763052209271, "lamda": 0.053119689142681}, "datetime": {"datetime": "2021-10-06 08:56:10", "elapsed": 704.923132, "delta": 5.035269}}
{"target": -33.57751801717472, "params": {"C": 186.80130091021084, "epsilon": 34.77954879058819, "gamma": 0.0031989819538794043, "lamda": 0.09169939411683178}, "datetime": {"datetime": "2021-10-06 08:56:15", "elapsed": 709.323706, "delta": 4.400574}}
{"target": -33.35512895821625, "params": {"C": 161.71023282929823, "epsilon": 31.475076407385217, "gamma": 0.022089803813695207, "lamda": 0.008402130943544585}, "datetime": {"datetime": "2021-10-06 08:56:19", "elapsed": 713.840402, "delta": 4.516696}}
{"target": -34.479628172704835, "params": {"C": 75.36245844571947, "epsilon": 32.64817455405719, "gamma": 0.07611671479449453, "lamda": 0.14016412670540362}, "datetime": {"datetime": "2021-10-06 08:56:21", "elapsed": 715.920531, "delta": 2.080129}}
{"target": -34.1468065675876, "params": {"C": 34.67903337842791, "epsilon": 33.147804806364704, "gamma": 0.07336015758937678, "lamda": 0.05832956099595492}, "datetime": {"datetime": "2021-10-06 08:56:25", "elapsed": 719.370846, "delta": 3.450315}}
{"target": -33.23194613087403, "params": {"C": 83.2688000267426, "epsilon": 34.54541116854699, "gamma": 0.008185099770917201, "lamda": 0.14222144696298894}, "datetime": {"datetime": "2021-10-06 08:56:27", "elapsed": 721.520004, "delta": 2.149158}}
{"target": -33.617679921556324, "params": {"C": 62.2429107193911, "epsilon": 32.38600112206274, "gamma": 0.0524041408630178, "lamda": 0.0921115299206914}, "datetime": {"datetime": "2021-10-06 08:56:30", "elapsed": 724.217641, "delta": 2.697637}}
{"target": -33.97486714941623, "params": {"C": 73.70765812572364, "epsilon": 33.63498638352746, "gamma": 0.001718422471861284, "lamda": 0.0733311114202108}, "datetime": {"datetime": "2021-10-06 08:56:33", "elapsed": 727.493711, "delta": 3.27607}}
{"target": -33.21826056968437, "params": {"C": 175.2365479300163, "epsilon": 33.85709575366967, "gamma": 0.020399261207167285, "lamda": 0.010793142176183193}, "datetime": {"datetime": "2021-10-06 08:56:36", "elapsed": 730.257576, "delta": 2.763865}}
{"target": -34.790741169487234, "params": {"C": 59.66823357871887, "epsilon": 32.674422033794954, "gamma": 0.07467486340843772, "lamda": 0.01091376503182443}, "datetime": {"datetime": "2021-10-06 08:56:40", "elapsed": 734.827743, "delta": 4.570167}}
{"target": -34.23433998624746, "params": {"C": 123.24786118268106, "epsilon": 30.445667862215366, "gamma": 0.07118710076365234, "lamda": 0.09393177737967877}, "datetime": {"datetime": "2021-10-06 08:56:45", "elapsed": 739.975808, "delta": 5.148065}}
{"target": -33.875077034483716, "params": {"C": 96.0396428415852, "epsilon": 32.17639840643034, "gamma": 0.053040301149781685, "lamda": 0.13609125170773725}, "datetime": {"datetime": "2021-10-06 08:56:49", "elapsed": 743.290563, "delta": 3.314755}}
{"target": -34.143125212084364, "params": {"C": 187.64747713250782, "epsilon": 34.90082812212384, "gamma": 0.07712548438177375, "lamda": 0.09238556443080638}, "datetime": {"datetime": "2021-10-06 08:56:53", "elapsed": 747.196611, "delta": 3.906048}}
{"target": -34.665119046887305, "params": {"C": 116.74472303329048, "epsilon": 34.47865645846458, "gamma": 0.0743957106659245, "lamda": 0.021745588162448665}, "datetime": {"datetime": "2021-10-06 08:56:55", "elapsed": 749.522268, "delta": 2.325657}}
{"target": -33.55434012878638, "params": {"C": 34.430625496254784, "epsilon": 32.80547194998573, "gamma": 0.05044764234545117, "lamda": 0.051886498803129545}, "datetime": {"datetime": "2021-10-06 08:56:58", "elapsed": 752.700553, "delta": 3.178285}}
{"target": -35.03153473094056, "params": {"C": 125.94939187239348, "epsilon": 28.971436766379533, "gamma": 0.05710892996272219, "lamda": 0.17402653554910824}, "datetime": {"datetime": "2021-10-06 08:57:00", "elapsed": 754.944241, "delta": 2.243688}}
{"target": -33.65744084633961, "params": {"C": 193.62710182072846, "epsilon": 33.80472918038691, "gamma": 0.058934340615399115, "lamda": 0.07783302145283058}, "datetime": {"datetime": "2021-10-06 08:57:03", "elapsed": 757.2827, "delta": 2.338459}}
{"target": -34.64560155891132, "params": {"C": 72.51332168926034, "epsilon": 30.25790734126246, "gamma": 0.07174508816075746, "lamda": 0.13846366289184597}, "datetime": {"datetime": "2021-10-06 08:57:06", "elapsed": 760.644553, "delta": 3.361853}}
{"target": -34.89549549864542, "params": {"C": 124.09318408700153, "epsilon": 26.355284505889998, "gamma": 0.037149339991124825, "lamda": 0.1722627290389075}, "datetime": {"datetime": "2021-10-06 08:57:08", "elapsed": 762.985167, "delta": 2.340614}}
{"target": -34.473484874221825, "params": {"C": 34.90203314171856, "epsilon": 27.795294573446203, "gamma": 0.06809651570039024, "lamda": 0.10859788738815984}, "datetime": {"datetime": "2021-10-06 08:57:11", "elapsed": 765.834087, "delta": 2.84892}}
{"target": -33.26443018687134, "params": {"C": 72.37108720064637, "epsilon": 30.07345958113389, "gamma": 0.03415132246763953, "lamda": 0.05670877575692763}, "datetime": {"datetime": "2021-10-06 08:57:15", "elapsed": 769.703474, "delta": 3.869387}}
{"target": -34.444807106914354, "params": {"C": 175.04244559147162, "epsilon": 33.852331390475406, "gamma": 0.06072050590502653, "lamda": 0.1855300280123736}, "datetime": {"datetime": "2021-10-06 08:57:19", "elapsed": 773.201158, "delta": 3.497684}}
{"target": -33.642591747278274, "params": {"C": 70.56227518770459, "epsilon": 34.204641889963476, "gamma": 0.04440554075885286, "lamda": 0.14499717992486244}, "datetime": {"datetime": "2021-10-06 08:57:23", "elapsed": 777.786787, "delta": 4.585629}}
{"target": -34.400277729295944, "params": {"C": 74.67891061270785, "epsilon": 30.72128729520722, "gamma": 0.007728544631119332, "lamda": 0.18455840921546665}, "datetime": {"datetime": "2021-10-06 08:57:27", "elapsed": 781.048193, "delta": 3.261406}}
{"target": -33.95160237972702, "params": {"C": 161.61815824351402, "epsilon": 31.367098293267112, "gamma": 0.06311549910964266, "lamda": 0.039938188186582124}, "datetime": {"datetime": "2021-10-06 08:57:30", "elapsed": 784.354608, "delta": 3.306415}}
{"target": -33.27017667153548, "params": {"C": 83.26592362180557, "epsilon": 34.400294769767996, "gamma": 0.02341143690365498, "lamda": 0.1377454447232474}, "datetime": {"datetime": "2021-10-06 08:57:34", "elapsed": 789.042483, "delta": 4.687875}}
{"target": -34.16177722557377, "params": {"C": 51.430878305078494, "epsilon": 33.39639294267058, "gamma": 0.07151977186136003, "lamda": 0.11138884787805169}, "datetime": {"datetime": "2021-10-06 08:57:37", "elapsed": 791.393801, "delta": 2.351318}}
{"target": -34.42705718241611, "params": {"C": 93.20812203088519, "epsilon": 32.32456021104902, "gamma": 0.055932166714870224, "lamda": 0.1765041919546551}, "datetime": {"datetime": "2021-10-06 08:57:41", "elapsed": 795.658913, "delta": 4.265112}}
{"target": -33.544439511701476, "params": {"C": 161.75517669337177, "epsilon": 31.43804764922509, "gamma": 0.010920004091348596, "lamda": 0.1487960541815496}, "datetime": {"datetime": "2021-10-06 08:57:44", "elapsed": 798.997723, "delta": 3.33881}}
{"target": -33.961335658215525, "params": {"C": 175.5003249822944, "epsilon": 34.10064834941258, "gamma": 0.07052369033475994, "lamda": 0.0709622891164432}, "datetime": {"datetime": "2021-10-06 08:57:49", "elapsed": 803.955647, "delta": 4.957924}}
{"target": -36.28437134847535, "params": {"C": 73.83448349199945, "epsilon": 33.53943203825312, "gamma": 0.08, "lamda": 0.0001}, "datetime": {"datetime": "2021-10-06 08:57:53", "elapsed": 808.037719, "delta": 4.082072}}
