{"target": -34.22222837115454, "params": {"C": 93.14380898301523, "epsilon": 27.986038276514847, "gamma": 0.009051057883759381, "lamda": 0.038924955859227756}, "datetime": {"datetime": "2021-10-06 07:46:45", "elapsed": 62769.037901, "delta": 11.674862}}
{"target": -41.85829426255147, "params": {"C": 65.38835302482589, "epsilon": 15.973417515992097, "gamma": 0.1359877880057905, "lamda": 0.1938476937571751}, "datetime": {"datetime": "2021-10-06 07:46:49", "elapsed": 62773.492608, "delta": 4.454707}}
{"target": -40.303297585152116, "params": {"C": 151.56270220077985, "epsilon": 4.745117650362191, "gamma": 0.07506499840959284, "lamda": 0.02365531638072077}, "datetime": {"datetime": "2021-10-06 07:46:53", "elapsed": 62777.044089, "delta": 3.551481}}
{"target": -41.67493363122553, "params": {"C": 35.55661615022304, "epsilon": 29.860648862620536, "gamma": 0.018444986998200835, "lamda": 0.3889548150426045}, "datetime": {"datetime": "2021-10-06 07:47:04", "elapsed": 62788.502421, "delta": 11.458332}}
{"target": -35.73091911240343, "params": {"C": 185.9505558778126, "epsilon": 28.39987309691838, "gamma": 0.09620269385920031, "lamda": 0.02692232161376696}, "datetime": {"datetime": "2021-10-06 07:47:08", "elapsed": 62792.29793, "delta": 3.795509}}
{"target": -36.8466391637689, "params": {"C": 185.76430735742542, "epsilon": 28.739577705954844, "gamma": 0.1226117800584903, "lamda": 0.14922770908659552}, "datetime": {"datetime": "2021-10-06 07:47:21", "elapsed": 62804.956346, "delta": 12.658416}}
{"target": -46.67622783873503, "params": {"C": 86.56606269287316, "epsilon": 17.276717738856, "gamma": 0.3948529925567522, "lamda": 0.15173550981380507}, "datetime": {"datetime": "2021-10-06 07:47:25", "elapsed": 62809.645526, "delta": 4.68918}}
{"target": -34.656797364130334, "params": {"C": 186.07511696260042, "epsilon": 28.688140693108203, "gamma": 0.01161719685541695, "lamda": 0.09525797939685962}, "datetime": {"datetime": "2021-10-06 07:47:39", "elapsed": 62823.423791, "delta": 13.778265}}
{"target": -45.18527615364583, "params": {"C": 186.1034119990171, "epsilon": 28.559169602121795, "gamma": 0.1992972089302957, "lamda": 0.3893592575202416}, "datetime": {"datetime": "2021-10-06 07:47:46", "elapsed": 62830.623105, "delta": 7.199314}}
{"target": -45.45050787996628, "params": {"C": 96.60865424575198, "epsilon": 23.24834800302961, "gamma": 0.0001, "lamda": 0.0001}, "datetime": {"datetime": "2021-10-06 07:47:59", "elapsed": 62843.741901, "delta": 13.118796}}
{"target": -46.26427142302115, "params": {"C": 35.20757894498748, "epsilon": 26.1703753548915, "gamma": 0.0001, "lamda": 0.0001}, "datetime": {"datetime": "2021-10-06 07:48:15", "elapsed": 62859.904958, "delta": 16.163057}}
{"target": -46.69739394730624, "params": {"C": 86.02799015593169, "epsilon": 20.435049628774074, "gamma": 0.22015365114473048, "lamda": 0.2944157692037006}, "datetime": {"datetime": "2021-10-06 07:48:20", "elapsed": 62864.717247, "delta": 4.812289}}
{"target": -39.28981848890589, "params": {"C": 174.12402516655126, "epsilon": 28.06827654614033, "gamma": 0.3214897012244844, "lamda": 0.031788349686317725}, "datetime": {"datetime": "2021-10-06 07:48:28", "elapsed": 62872.140679, "delta": 7.423432}}
{"target": -40.70951905687672, "params": {"C": 4.304746265531258, "epsilon": 20.098023224435753, "gamma": 0.040161080245208904, "lamda": 0.13563389480762042}, "datetime": {"datetime": "2021-10-06 07:48:31", "elapsed": 62875.842806, "delta": 3.702127}}
{"target": -38.87178866434096, "params": {"C": 33.67148746250169, "epsilon": 29.326083910072356, "gamma": 0.1994025961272462, "lamda": 0.14833947016645474}, "datetime": {"datetime": "2021-10-06 07:48:41", "elapsed": 62885.640564, "delta": 9.797758}}
{"target": -54.0316351676755, "params": {"C": 166.2412771055195, "epsilon": 11.389317449303682, "gamma": 0.20349209305424695, "lamda": 0.3529198046469813}, "datetime": {"datetime": "2021-10-06 07:48:45", "elapsed": 62889.059963, "delta": 3.419399}}
{"target": -43.974980559171186, "params": {"C": 93.39631698455976, "epsilon": 28.085761078361205, "gamma": 0.0001, "lamda": 0.0001}, "datetime": {"datetime": "2021-10-06 07:48:59", "elapsed": 62903.6092, "delta": 14.549237}}
{"target": -59.351342311309885, "params": {"C": 181.25821732285166, "epsilon": 7.286994639561596, "gamma": 0.12589773269874077, "lamda": 0.3970588671673577}, "datetime": {"datetime": "2021-10-06 07:49:03", "elapsed": 62907.313723, "delta": 3.704523}}
{"target": -34.47973607194606, "params": {"C": 175.56666089500428, "epsilon": 26.744303932484648, "gamma": 0.017047073488403317, "lamda": 0.08969816151086324}, "datetime": {"datetime": "2021-10-06 07:49:13", "elapsed": 62917.905203, "delta": 10.59148}}
{"target": -36.51995495646405, "params": {"C": 174.26954576368564, "epsilon": 27.851507085734966, "gamma": 0.014434665569619604, "lamda": 0.17336372554191296}, "datetime": {"datetime": "2021-10-06 07:49:21", "elapsed": 62925.694722, "delta": 7.789519}}
{"target": -36.74181834830777, "params": {"C": 197.1023847323851, "epsilon": 26.59955661815306, "gamma": 0.14953606957832016, "lamda": 0.07638339259127896}, "datetime": {"datetime": "2021-10-06 07:49:25", "elapsed": 62929.588771, "delta": 3.894049}}
{"target": -43.60002704672377, "params": {"C": 190.04943496448297, "epsilon": 7.666010043371637, "gamma": 0.31917714592504, "lamda": 0.06859870862062259}, "datetime": {"datetime": "2021-10-06 07:49:29", "elapsed": 62933.345649, "delta": 3.756878}}
{"target": -33.98575878836655, "params": {"C": 175.7064341326244, "epsilon": 27.910881144866778, "gamma": 0.014283401700693676, "lamda": 0.05587198397489571}, "datetime": {"datetime": "2021-10-06 07:49:44", "elapsed": 62948.233857, "delta": 14.888208}}
{"target": -39.6028025824092, "params": {"C": 93.05142923470498, "epsilon": 28.149918845922492, "gamma": 0.2141639813069283, "lamda": 0.0001}, "datetime": {"datetime": "2021-10-06 07:49:56", "elapsed": 62960.598495, "delta": 12.364638}}
{"target": -34.675136401460776, "params": {"C": 35.57385745946801, "epsilon": 26.609332252754076, "gamma": 0.040372620933205504, "lamda": 0.014891216411702775}, "datetime": {"datetime": "2021-10-06 07:50:07", "elapsed": 62971.323604, "delta": 10.725109}}
{"target": -34.410584213796405, "params": {"C": 34.70602378574571, "epsilon": 27.28342505781553, "gamma": 0.03185299570981857, "lamda": 0.02748095386321934}, "datetime": {"datetime": "2021-10-06 07:50:15", "elapsed": 62979.127942, "delta": 7.804338}}
{"target": -38.83018897754357, "params": {"C": 156.51407620104857, "epsilon": 20.185040247942347, "gamma": 0.1162194863710079, "lamda": 0.1556043769823852}, "datetime": {"datetime": "2021-10-06 07:50:19", "elapsed": 62983.924549, "delta": 4.796607}}
{"target": -34.23755930880548, "params": {"C": 174.01381066304754, "epsilon": 28.068354898338413, "gamma": 0.03709961572826623, "lamda": 0.04400757854340758}, "datetime": {"datetime": "2021-10-06 07:50:28", "elapsed": 62992.25501, "delta": 8.330461}}
{"target": -34.84242461324172, "params": {"C": 93.44023874117147, "epsilon": 28.592099168183257, "gamma": 0.015698874793218888, "lamda": 0.11894167140906921}, "datetime": {"datetime": "2021-10-06 07:50:38", "elapsed": 63002.28207, "delta": 10.02706}}
{"target": -43.151806391653025, "params": {"C": 81.23950305605949, "epsilon": 24.26344854778028, "gamma": 0.16510361328293072, "lamda": 0.2858535378452385}, "datetime": {"datetime": "2021-10-06 07:50:41", "elapsed": 63005.795055, "delta": 3.512985}}
{"target": -38.34020311839789, "params": {"C": 93.13831827793105, "epsilon": 28.797161916391783, "gamma": 0.16543762121589042, "lamda": 0.010060338763552867}, "datetime": {"datetime": "2021-10-06 07:50:53", "elapsed": 63016.973126, "delta": 11.178071}}
{"target": -44.72698360579512, "params": {"C": 122.75986284895379, "epsilon": 22.8175254053932, "gamma": 0.28443484893693805, "lamda": 0.2150685847595053}, "datetime": {"datetime": "2021-10-06 07:50:57", "elapsed": 63021.16199, "delta": 4.188864}}
{"target": -40.170685347717544, "params": {"C": 144.75627721369028, "epsilon": 17.201466398364836, "gamma": 0.21799373159065497, "lamda": 0.0926147414701636}, "datetime": {"datetime": "2021-10-06 07:51:01", "elapsed": 63025.099715, "delta": 3.937725}}
{"target": -41.93720257721167, "params": {"C": 96.2961913810298, "epsilon": 19.012786221403488, "gamma": 0.16776946671346868, "lamda": 0.19761122613089965}, "datetime": {"datetime": "2021-10-06 07:51:06", "elapsed": 63029.954756, "delta": 4.855041}}
{"target": -42.801180101907896, "params": {"C": 162.13858082475426, "epsilon": 11.15488562224132, "gamma": 0.23318629068874178, "lamda": 0.11634390863521067}, "datetime": {"datetime": "2021-10-06 07:51:10", "elapsed": 63034.092633, "delta": 4.137877}}
{"target": -42.79512193313887, "params": {"C": 16.570155352592046, "epsilon": 15.35975158443679, "gamma": 0.16784135136325046, "lamda": 0.15539777251464443}, "datetime": {"datetime": "2021-10-06 07:51:14", "elapsed": 63038.000479, "delta": 3.907846}}
{"target": -39.5363400239143, "params": {"C": 35.90990652966014, "epsilon": 29.379228121415025, "gamma": 0.03551296112680391, "lamda": 0.33429461532859056}, "datetime": {"datetime": "2021-10-06 07:51:27", "elapsed": 63050.943274, "delta": 12.942795}}
{"target": -38.92604909759612, "params": {"C": 93.00309734211238, "epsilon": 28.562524239719973, "gamma": 0.03693539853834555, "lamda": 0.3059445955900153}, "datetime": {"datetime": "2021-10-06 07:51:36", "elapsed": 63060.037827, "delta": 9.094553}}
{"target": -43.24464708760744, "params": {"C": 93.33387592598321, "epsilon": 28.450547386469424, "gamma": 0.2351544607583422, "lamda": 0.27647993009446786}, "datetime": {"datetime": "2021-10-06 07:51:47", "elapsed": 63071.367943, "delta": 11.330116}}
{"target": -34.09363733081046, "params": {"C": 93.1530470668251, "epsilon": 27.59001691245931, "gamma": 0.020621496783083348, "lamda": 0.07288820948427484}, "datetime": {"datetime": "2021-10-06 07:51:57", "elapsed": 63081.486171, "delta": 10.118228}}
{"target": -63.80190564450473, "params": {"C": 113.7398184734837, "epsilon": 2.4764322277752844, "gamma": 0.2391270379517819, "lamda": 0.3918311330894187}, "datetime": {"datetime": "2021-10-06 07:52:01", "elapsed": 63085.691655, "delta": 4.205484}}
{"target": -41.41334534685222, "params": {"C": 185.95687973609884, "epsilon": 28.915584038664203, "gamma": 0.0001, "lamda": 0.0001}, "datetime": {"datetime": "2021-10-06 07:52:13", "elapsed": 63097.284323, "delta": 11.592668}}
{"target": -41.302313044644436, "params": {"C": 132.8651531556753, "epsilon": 26.93883316727761, "gamma": 0.16493038956309083, "lamda": 0.25523085262590955}, "datetime": {"datetime": "2021-10-06 07:52:18", "elapsed": 63102.075825, "delta": 4.791502}}
{"target": -45.14904252936497, "params": {"C": 35.8687960013468, "epsilon": 29.803637972399265, "gamma": 0.0001, "lamda": 0.0001}, "datetime": {"datetime": "2021-10-06 07:52:35", "elapsed": 63119.835741, "delta": 17.759916}}
{"target": -35.82998696018574, "params": {"C": 175.58917054126545, "epsilon": 27.88864802571601, "gamma": 0.11371106983195334, "lamda": 0.04033830426289038}, "datetime": {"datetime": "2021-10-06 07:52:49", "elapsed": 63133.637093, "delta": 13.801352}}
{"target": -43.75463271529865, "params": {"C": 93.51850542397942, "epsilon": 28.831483613335802, "gamma": 0.0001, "lamda": 0.0001}, "datetime": {"datetime": "2021-10-06 07:53:04", "elapsed": 63147.978917, "delta": 14.341824}}
{"target": -37.899834586848876, "params": {"C": 173.9960033975456, "epsilon": 28.471954681892313, "gamma": 0.04970468784152515, "lamda": 0.2623617423036999}, "datetime": {"datetime": "2021-10-06 07:53:16", "elapsed": 63160.543587, "delta": 12.56467}}
{"target": -45.990893646916895, "params": {"C": 17.43223585469038, "epsilon": 25.65559868301121, "gamma": 0.2533465458770793, "lamda": 0.325992576451211}, "datetime": {"datetime": "2021-10-06 07:53:20", "elapsed": 63164.41794, "delta": 3.874353}}
{"target": -34.05697772188767, "params": {"C": 186.25659157662, "epsilon": 28.324452873080197, "gamma": 0.025417336569988146, "lamda": 0.06563546660884731}, "datetime": {"datetime": "2021-10-06 07:53:29", "elapsed": 63173.558087, "delta": 9.140147}}
{"target": -42.13691143091186, "params": {"C": 176.17672966624718, "epsilon": 27.172512346848276, "gamma": 0.0001, "lamda": 0.0001}, "datetime": {"datetime": "2021-10-06 07:53:43", "elapsed": 63187.648143, "delta": 14.090056}}
{"target": -34.236530524218914, "params": {"C": 175.9638399352066, "epsilon": 27.684519011470687, "gamma": 0.016733925103353472, "lamda": 0.009612491755878132}, "datetime": {"datetime": "2021-10-06 07:53:55", "elapsed": 63199.361377, "delta": 11.713234}}
{"target": -45.76234564507431, "params": {"C": 131.323552830579, "epsilon": 1.523077285303296, "gamma": 0.16407493695028932, "lamda": 0.095674672623835}, "datetime": {"datetime": "2021-10-06 07:53:59", "elapsed": 63203.92553, "delta": 4.564153}}
{"target": -41.52469314999535, "params": {"C": 185.6869064297357, "epsilon": 28.521219538098425, "gamma": 0.0001, "lamda": 0.0001}, "datetime": {"datetime": "2021-10-06 07:54:17", "elapsed": 63221.891875, "delta": 17.966345}}
{"target": -38.75238772745439, "params": {"C": 174.82557062127046, "epsilon": 27.688090108113123, "gamma": 0.19028285398589428, "lamda": 0.01500286646772655}, "datetime": {"datetime": "2021-10-06 07:54:23", "elapsed": 63227.615282, "delta": 5.723407}}
{"target": -34.658561192263235, "params": {"C": 35.61866928378338, "epsilon": 26.906802696870887, "gamma": 0.033490645019382696, "lamda": 0.012137197694667142}, "datetime": {"datetime": "2021-10-06 07:54:37", "elapsed": 63241.121914, "delta": 13.506632}}
{"target": -44.66639246616821, "params": {"C": 134.50222055820407, "epsilon": 16.795447006635314, "gamma": 0.2123652715931512, "lamda": 0.21685125473638067}, "datetime": {"datetime": "2021-10-06 07:54:41", "elapsed": 63245.854642, "delta": 4.732728}}
{"target": -35.92595749817401, "params": {"C": 92.87659488320784, "epsilon": 27.256723299588323, "gamma": 0.03242511983700476, "lamda": 0.1757870092447016}, "datetime": {"datetime": "2021-10-06 07:54:57", "elapsed": 63261.436294, "delta": 15.581652}}
{"target": -36.96295774018232, "params": {"C": 137.08258379264495, "epsilon": 27.815485385116094, "gamma": 0.16963233401232128, "lamda": 0.07140146612603512}, "datetime": {"datetime": "2021-10-06 07:55:01", "elapsed": 63265.768912, "delta": 4.332618}}
{"target": -44.94425627750336, "params": {"C": 80.1650263815887, "epsilon": 22.901186570388443, "gamma": 0.31687989061942406, "lamda": 0.20011074014720703}, "datetime": {"datetime": "2021-10-06 07:55:06", "elapsed": 63270.17259, "delta": 4.403678}}
{"target": -43.695018418495074, "params": {"C": 92.97984177486198, "epsilon": 27.39793767862261, "gamma": 0.24601601846222967, "lamda": 0.26973845036952054}, "datetime": {"datetime": "2021-10-06 07:55:17", "elapsed": 63281.023833, "delta": 10.851243}}
{"target": -34.7242746889334, "params": {"C": 92.90034298901155, "epsilon": 27.60809974742089, "gamma": 0.07069946117286283, "lamda": 0.06771254098191712}, "datetime": {"datetime": "2021-10-06 07:55:30", "elapsed": 63294.532624, "delta": 13.508791}}
{"target": -43.997306333503, "params": {"C": 159.53664838170042, "epsilon": 5.008226148806615, "gamma": 0.2614938326187097, "lamda": 0.06060534356525288}, "datetime": {"datetime": "2021-10-06 07:55:34", "elapsed": 63298.710249, "delta": 4.177625}}
{"target": -47.96113767346852, "params": {"C": 3.1471906661478926, "epsilon": 17.668880558760296, "gamma": 0.12864622587678268, "lamda": 0.23202232313353532}, "datetime": {"datetime": "2021-10-06 07:55:39", "elapsed": 63302.953768, "delta": 4.243519}}
{"target": -40.13253938798789, "params": {"C": 33.73060941409605, "epsilon": 28.368337756725353, "gamma": 0.07974153259768144, "lamda": 0.3210368315321424}, "datetime": {"datetime": "2021-10-06 07:55:49", "elapsed": 63313.893202, "delta": 10.939434}}
{"target": -36.246779529684616, "params": {"C": 92.97999930778212, "epsilon": 26.96962617965853, "gamma": 0.012290062881126242, "lamda": 0.14784794042383298}, "datetime": {"datetime": "2021-10-06 07:56:00", "elapsed": 63324.556263, "delta": 10.663061}}
{"target": -49.14672132250447, "params": {"C": 166.36457801398407, "epsilon": 8.661078067893065, "gamma": 0.2795551013619766, "lamda": 0.20844564383894126}, "datetime": {"datetime": "2021-10-06 07:56:04", "elapsed": 63328.548678, "delta": 3.992415}}
{"target": -39.97154081879226, "params": {"C": 31.35863861869654, "epsilon": 26.88784477913495, "gamma": 0.32636608716789145, "lamda": 0.021405184350389166}, "datetime": {"datetime": "2021-10-06 07:56:17", "elapsed": 63340.99244, "delta": 12.443762}}
{"target": -36.4670854836921, "params": {"C": 32.789491863419656, "epsilon": 27.568959161199146, "gamma": 0.13152768549809202, "lamda": 0.006845760654921498}, "datetime": {"datetime": "2021-10-06 07:56:33", "elapsed": 63357.227068, "delta": 16.234628}}
{"target": -38.163332774292385, "params": {"C": 186.2188002480993, "epsilon": 28.629872318140396, "gamma": 0.2547200898575701, "lamda": 0.04439157562836501}, "datetime": {"datetime": "2021-10-06 07:56:45", "elapsed": 63369.641598, "delta": 12.41453}}
{"target": -34.96223007705332, "params": {"C": 173.82826224692542, "epsilon": 27.79174549004023, "gamma": 0.08417904182073656, "lamda": 0.06356529309133446}, "datetime": {"datetime": "2021-10-06 07:56:58", "elapsed": 63382.589509, "delta": 12.947911}}
{"target": -41.83328388693112, "params": {"C": 173.8632001390133, "epsilon": 28.1839124189461, "gamma": 0.2039608775435282, "lamda": 0.2474709209815788}, "datetime": {"datetime": "2021-10-06 07:57:11", "elapsed": 63395.333345, "delta": 12.743836}}
{"target": -34.80787682271564, "params": {"C": 174.25392039479888, "epsilon": 28.097286788031504, "gamma": 0.011148846866860336, "lamda": 0.001147941836228017}, "datetime": {"datetime": "2021-10-06 07:57:22", "elapsed": 63406.320181, "delta": 10.986836}}
{"target": -40.812838042367936, "params": {"C": 84.9186778049699, "epsilon": 21.748847124831748, "gamma": 0.17801582188694895, "lamda": 0.17551496047059817}, "datetime": {"datetime": "2021-10-06 07:57:26", "elapsed": 63410.876304, "delta": 4.556123}}
{"target": -34.55598288983414, "params": {"C": 92.670950685168, "epsilon": 27.44506299521058, "gamma": 0.05042843205135404, "lamda": 0.08604423016653923}, "datetime": {"datetime": "2021-10-06 07:57:40", "elapsed": 63424.02551, "delta": 13.149206}}
{"target": -41.77879514287995, "params": {"C": 92.47091786657175, "epsilon": 27.488285428623886, "gamma": 0.12284484044699905, "lamda": 0.3254747545163828}, "datetime": {"datetime": "2021-10-06 07:57:54", "elapsed": 63438.926485, "delta": 14.900975}}
{"target": -53.11671569541107, "params": {"C": 161.980354796091, "epsilon": 6.308538931194641, "gamma": 0.13642205185354114, "lamda": 0.3101469141053321}, "datetime": {"datetime": "2021-10-06 07:57:59", "elapsed": 63443.275526, "delta": 4.349041}}
{"target": -43.861074231018904, "params": {"C": 93.19851638707621, "epsilon": 28.489350148106862, "gamma": 0.0001, "lamda": 0.0001}, "datetime": {"datetime": "2021-10-06 07:58:12", "elapsed": 63456.433145, "delta": 13.157619}}
{"target": -35.846232921369214, "params": {"C": 174.15856380886376, "epsilon": 26.68318358161077, "gamma": 0.041962763587295046, "lamda": 0.16257020766106076}, "datetime": {"datetime": "2021-10-06 07:58:22", "elapsed": 63466.626438, "delta": 10.193293}}
{"target": -37.16263555194343, "params": {"C": 171.94572189205843, "epsilon": 27.342146485771668, "gamma": 0.15646564066915017, "lamda": 0.11101436311673268}, "datetime": {"datetime": "2021-10-06 07:58:26", "elapsed": 63470.665612, "delta": 4.039174}}
{"target": -48.19101847371089, "params": {"C": 45.57249560656303, "epsilon": 12.05741956942598, "gamma": 0.15500554025914298, "lamda": 0.2801034275174063}, "datetime": {"datetime": "2021-10-06 07:58:31", "elapsed": 63475.100506, "delta": 4.434894}}
{"target": -34.71924902172555, "params": {"C": 50.14714552761319, "epsilon": 23.372806811639485, "gamma": 0.02628006516979704, "lamda": 0.03444254030376491}, "datetime": {"datetime": "2021-10-06 07:58:36", "elapsed": 63480.03151, "delta": 4.931004}}
{"target": -34.88169571598523, "params": {"C": 49.87671716176319, "epsilon": 23.329582710035236, "gamma": 0.05336845350978196, "lamda": 0.052399968190785025}, "datetime": {"datetime": "2021-10-06 07:58:52", "elapsed": 63496.925442, "delta": 16.893932}}
{"target": -39.19132089722468, "params": {"C": 49.85164402413285, "epsilon": 22.921902085310876, "gamma": 0.03768651511589496, "lamda": 0.24347342207017988}, "datetime": {"datetime": "2021-10-06 07:59:10", "elapsed": 63514.583089, "delta": 17.657647}}
{"target": -43.91012454197363, "params": {"C": 83.74583772802386, "epsilon": 22.24774621898925, "gamma": 0.32023017344741433, "lamda": 0.1616700436826061}, "datetime": {"datetime": "2021-10-06 07:59:14", "elapsed": 63518.586533, "delta": 4.003444}}
{"target": -58.355316348507024, "params": {"C": 81.50920601411752, "epsilon": 1.6371664753959827, "gamma": 0.3223174000777815, "lamda": 0.3409225032838255}, "datetime": {"datetime": "2021-10-06 07:59:19", "elapsed": 63523.2633, "delta": 4.676767}}
{"target": -39.123914941712925, "params": {"C": 50.00300663810335, "epsilon": 23.591157289419787, "gamma": 0.1760308940149385, "lamda": 0.13887490878049355}, "datetime": {"datetime": "2021-10-06 07:59:41", "elapsed": 63545.409973, "delta": 22.146673}}
{"target": -56.14942266642575, "params": {"C": 22.249541848291145, "epsilon": 9.186506564434312, "gamma": 0.3205201124787358, "lamda": 0.32281730645886014}, "datetime": {"datetime": "2021-10-06 07:59:45", "elapsed": 63549.79187, "delta": 4.381897}}
{"target": -43.661257955296534, "params": {"C": 175.8461916792549, "epsilon": 19.334065622392156, "gamma": 0.2655861117042458, "lamda": 0.1721429064741779}, "datetime": {"datetime": "2021-10-06 07:59:51", "elapsed": 63555.6059, "delta": 5.81403}}
