{"target": -33.17508141454413, "params": {"C": 76.99668343839386, "epsilon": 33.60818472722808, "gamma": 0.030821556783346235, "lamda": 0.032769700817353926}, "datetime": {"datetime": "2021-10-06 08:57:58", "elapsed": 812.249647, "delta": 4.211928}}
{"target": -34.292341567221186, "params": {"C": 93.28751051561918, "epsilon": 32.043733287947695, "gamma": 0.001820780195735791, "lamda": 0.08877896759438562}, "datetime": {"datetime": "2021-10-06 08:58:03", "elapsed": 817.169765, "delta": 4.920118}}
{"target": -33.172271625696794, "params": {"C": 181.11316667236656, "epsilon": 30.90358358828884, "gamma": 0.02413126892752721, "lamda": 0.02854187137565487}, "datetime": {"datetime": "2021-10-06 08:58:05", "elapsed": 819.620073, "delta": 2.450308}}
{"target": -37.25899001919931, "params": {"C": 93.1405466357175, "epsilon": 31.919142887802526, "gamma": 0.0001, "lamda": 0.0001}, "datetime": {"datetime": "2021-10-06 08:58:11", "elapsed": 825.703705, "delta": 6.083632}}
{"target": -33.5436481787648, "params": {"C": 76.87748563001308, "epsilon": 34.15708079883978, "gamma": 0.002225745507641259, "lamda": 0.04481870259707205}, "datetime": {"datetime": "2021-10-06 08:58:15", "elapsed": 830.033276, "delta": 4.329571}}
{"target": -34.61767898404702, "params": {"C": 145.01400426927418, "epsilon": 33.364930485689484, "gamma": 0.06142206377171876, "lamda": 0.18967533485706126}, "datetime": {"datetime": "2021-10-06 08:58:19", "elapsed": 834.039305, "delta": 4.006029}}
{"target": -37.78111845156015, "params": {"C": 145.012165505779, "epsilon": 33.346223619159545, "gamma": 0.0001, "lamda": 0.016856734049431263}, "datetime": {"datetime": "2021-10-06 08:58:26", "elapsed": 840.366507, "delta": 6.327202}}
{"target": -33.881860215237026, "params": {"C": 77.36344163505724, "epsilon": 33.62280437487035, "gamma": 0.035935532348380164, "lamda": 0.18546863973360575}, "datetime": {"datetime": "2021-10-06 08:58:29", "elapsed": 843.822575, "delta": 3.456068}}
{"target": -33.447106689847864, "params": {"C": 59.81587390554601, "epsilon": 32.770606648246535, "gamma": 0.01914039430415105, "lamda": 0.008859225297565453}, "datetime": {"datetime": "2021-10-06 08:58:33", "elapsed": 847.80122, "delta": 3.978645}}
{"target": -34.29988788186347, "params": {"C": 73.97180598753859, "epsilon": 31.148648887084352, "gamma": 0.07168806635255727, "lamda": 0.03863635277626917}, "datetime": {"datetime": "2021-10-06 08:58:36", "elapsed": 850.858007, "delta": 3.056787}}
{"target": -33.06740348778586, "params": {"C": 145.1203460764767, "epsilon": 33.52671042054995, "gamma": 0.022283865289809163, "lamda": 0.09582751128837819}, "datetime": {"datetime": "2021-10-06 08:58:40", "elapsed": 854.538369, "delta": 3.680362}}
{"target": -34.02712205434191, "params": {"C": 141.22264159232785, "epsilon": 31.643118215080783, "gamma": 0.03379574827791511, "lamda": 0.17976222922002205}, "datetime": {"datetime": "2021-10-06 08:58:43", "elapsed": 857.68284, "delta": 3.144471}}
{"target": -36.256263356226015, "params": {"C": 193.39461651755724, "epsilon": 25.75555439573979, "gamma": 0.05500457902355048, "lamda": 0.19635676823749565}, "datetime": {"datetime": "2021-10-06 08:58:45", "elapsed": 860.021858, "delta": 2.339018}}
{"target": -34.69419331295086, "params": {"C": 186.974599006135, "epsilon": 34.311538180123776, "gamma": 0.06982312546215808, "lamda": 0.18674128268393173}, "datetime": {"datetime": "2021-10-06 08:58:50", "elapsed": 864.428772, "delta": 4.406914}}
{"target": -33.81885598709925, "params": {"C": 68.47271109956276, "epsilon": 33.878672799810985, "gamma": 0.038033378873279476, "lamda": 0.17549617494941772}, "datetime": {"datetime": "2021-10-06 08:58:52", "elapsed": 866.984062, "delta": 2.55529}}
{"target": -33.92624265126791, "params": {"C": 96.19691146220798, "epsilon": 32.513762500806386, "gamma": 0.04700066068450321, "lamda": 0.15712007448462398}, "datetime": {"datetime": "2021-10-06 08:58:59", "elapsed": 873.584688, "delta": 6.600626}}
{"target": -34.09715641119285, "params": {"C": 157.5918682927738, "epsilon": 30.140967659766506, "gamma": 0.06635849159589782, "lamda": 0.08396745360005495}, "datetime": {"datetime": "2021-10-06 08:59:02", "elapsed": 876.049643, "delta": 2.464955}}
{"target": -33.98662881733187, "params": {"C": 56.25966318655783, "epsilon": 32.53659819241046, "gamma": 0.06742448071926638, "lamda": 0.05810712064069221}, "datetime": {"datetime": "2021-10-06 08:59:04", "elapsed": 878.603046, "delta": 2.553403}}
{"target": -33.4225849799231, "params": {"C": 65.29189558378441, "epsilon": 27.55759782763353, "gamma": 0.031283441047444, "lamda": 0.042511639286126376}, "datetime": {"datetime": "2021-10-06 08:59:07", "elapsed": 881.546833, "delta": 2.943787}}
{"target": -34.06442043213013, "params": {"C": 175.18355665963082, "epsilon": 34.002218841258305, "gamma": 0.04476607319486427, "lamda": 0.1892018984276494}, "datetime": {"datetime": "2021-10-06 08:59:11", "elapsed": 885.870264, "delta": 4.323431}}
{"target": -35.03802149993162, "params": {"C": 185.5970264434357, "epsilon": 25.435257739884456, "gamma": 0.050122409823028694, "lamda": 0.15460453446496336}, "datetime": {"datetime": "2021-10-06 08:59:14", "elapsed": 888.464269, "delta": 2.594005}}
{"target": -33.91302809889432, "params": {"C": 76.80774711454644, "epsilon": 34.07327151232247, "gamma": 0.0688634565150925, "lamda": 0.0826762107836353}, "datetime": {"datetime": "2021-10-06 08:59:19", "elapsed": 893.105665, "delta": 4.641396}}
{"target": -34.11835327809645, "params": {"C": 73.63234475316494, "epsilon": 33.55589440969918, "gamma": 0.0685865877503779, "lamda": 0.12332326570373561}, "datetime": {"datetime": "2021-10-06 08:59:23", "elapsed": 897.759155, "delta": 4.65349}}
{"target": -33.63364977284718, "params": {"C": 59.673025475586236, "epsilon": 30.66716950688374, "gamma": 0.050390918455165, "lamda": 0.05002018951175556}, "datetime": {"datetime": "2021-10-06 08:59:26", "elapsed": 900.438081, "delta": 2.678926}}
{"target": -33.50947277871525, "params": {"C": 93.04435447053983, "epsilon": 32.437135570377436, "gamma": 0.02756994767977645, "lamda": 0.14503989370955758}, "datetime": {"datetime": "2021-10-06 08:59:33", "elapsed": 907.564443, "delta": 7.126362}}
{"target": -35.89025690177728, "params": {"C": 187.76761390999545, "epsilon": 34.94789215126578, "gamma": 0.07187426980575218, "lamda": 0.006927500766614373}, "datetime": {"datetime": "2021-10-06 08:59:38", "elapsed": 912.323529, "delta": 4.759086}}
{"target": -35.31515076591222, "params": {"C": 122.03484405840086, "epsilon": 31.94627295859631, "gamma": 0.06963811231399746, "lamda": 0.006717959083069905}, "datetime": {"datetime": "2021-10-06 08:59:42", "elapsed": 916.672517, "delta": 4.348988}}
{"target": -34.74603095651281, "params": {"C": 72.46787686104796, "epsilon": 30.106352191837274, "gamma": 0.07387680719803054, "lamda": 0.012027461456146681}, "datetime": {"datetime": "2021-10-06 08:59:47", "elapsed": 921.88073, "delta": 5.208213}}
{"target": -35.46441832691548, "params": {"C": 7.042848682082337, "epsilon": 32.66148770243134, "gamma": 0.07791491492857079, "lamda": 0.1505221852988038}, "datetime": {"datetime": "2021-10-06 08:59:52", "elapsed": 926.120796, "delta": 4.240066}}
{"target": -35.50127808767679, "params": {"C": 145.6295854763405, "epsilon": 27.176821921614426, "gamma": 0.07306898585944185, "lamda": 0.016377918951711}, "datetime": {"datetime": "2021-10-06 08:59:54", "elapsed": 928.790947, "delta": 2.670151}}
{"target": -33.689343144100256, "params": {"C": 76.73721240626925, "epsilon": 33.51679232951244, "gamma": 0.05912771057539663, "lamda": 0.08206707822383263}, "datetime": {"datetime": "2021-10-06 08:59:59", "elapsed": 933.537869, "delta": 4.746922}}
{"target": -32.98792631322844, "params": {"C": 87.46165571727406, "epsilon": 34.9605323664115, "gamma": 0.022174582014916542, "lamda": 0.0636419359704303}, "datetime": {"datetime": "2021-10-06 09:00:02", "elapsed": 936.236009, "delta": 2.69814}}
{"target": -34.37316594297896, "params": {"C": 87.61562246542167, "epsilon": 34.955695300725296, "gamma": 0.06414140643269917, "lamda": 0.18067810530024667}, "datetime": {"datetime": "2021-10-06 09:00:06", "elapsed": 940.972824, "delta": 4.736815}}
{"target": -34.26499350631925, "params": {"C": 152.64992217471448, "epsilon": 27.977951425507595, "gamma": 0.03728550279209369, "lamda": 0.1557959931467618}, "datetime": {"datetime": "2021-10-06 09:00:11", "elapsed": 945.544902, "delta": 4.572078}}
{"target": -35.221372383364994, "params": {"C": 144.94256526908828, "epsilon": 33.161966130324956, "gamma": 0.04684668454910853, "lamda": 0.0017578121117188866}, "datetime": {"datetime": "2021-10-06 09:00:19", "elapsed": 954.021393, "delta": 8.476491}}
{"target": -33.27053613060198, "params": {"C": 153.71033850475976, "epsilon": 28.048247510547107, "gamma": 0.015997442253586795, "lamda": 0.08853814006361355}, "datetime": {"datetime": "2021-10-06 09:00:23", "elapsed": 957.377768, "delta": 3.356375}}
{"target": -34.787230856498816, "params": {"C": 34.6653033861566, "epsilon": 32.532532098399535, "gamma": 0.07798951735706569, "lamda": 0.011546235665072289}, "datetime": {"datetime": "2021-10-06 09:00:29", "elapsed": 963.951232, "delta": 6.573464}}
{"target": -34.768777923895506, "params": {"C": 93.0481420797887, "epsilon": 32.1988110206772, "gamma": 0.07752589191525357, "lamda": 0.15037376171187303}, "datetime": {"datetime": "2021-10-06 09:00:39", "elapsed": 973.633168, "delta": 9.681936}}
{"target": -33.63654300253839, "params": {"C": 40.04938504983957, "epsilon": 26.96177100552025, "gamma": 0.026501370969597055, "lamda": 0.10979285243981414}, "datetime": {"datetime": "2021-10-06 09:00:42", "elapsed": 976.417578, "delta": 2.78441}}
{"target": -34.58526325053103, "params": {"C": 138.15997655254924, "epsilon": 30.04674235843588, "gamma": 0.041409737796569535, "lamda": 0.18893649738388882}, "datetime": {"datetime": "2021-10-06 09:00:45", "elapsed": 979.341197, "delta": 2.923619}}
{"target": -34.697552885829516, "params": {"C": 144.90589479732614, "epsilon": 33.36381089600192, "gamma": 0.004054577779678335, "lamda": 0.18952531858155836}, "datetime": {"datetime": "2021-10-06 09:00:50", "elapsed": 984.303391, "delta": 4.962194}}
{"target": -33.632738367569594, "params": {"C": 123.91861467540798, "epsilon": 34.18322095933091, "gamma": 0.04731625628329694, "lamda": 0.1377077271424287}, "datetime": {"datetime": "2021-10-06 09:00:54", "elapsed": 988.106096, "delta": 3.802705}}
{"target": -33.93980915927783, "params": {"C": 46.37637360621486, "epsilon": 30.235359602222342, "gamma": 0.0564807301094689, "lamda": 0.11323105216501088}, "datetime": {"datetime": "2021-10-06 09:00:57", "elapsed": 991.442007, "delta": 3.335911}}
{"target": -33.57749734097226, "params": {"C": 73.76060343261236, "epsilon": 33.58806189398892, "gamma": 0.026586417591477233, "lamda": 0.1689343331582058}, "datetime": {"datetime": "2021-10-06 09:01:02", "elapsed": 996.782755, "delta": 5.340748}}
{"target": -32.97610967742154, "params": {"C": 93.14624280020575, "epsilon": 32.34557897054251, "gamma": 0.011496521487897269, "lamda": 0.07701212438877476}, "datetime": {"datetime": "2021-10-06 09:01:09", "elapsed": 1003.907565, "delta": 7.12481}}
{"target": -33.01286106988457, "params": {"C": 165.4032995214652, "epsilon": 32.786127081269946, "gamma": 0.01817661361295828, "lamda": 0.0837448190987014}, "datetime": {"datetime": "2021-10-06 09:01:12", "elapsed": 1006.952197, "delta": 3.044632}}
{"target": -35.23444002269973, "params": {"C": 61.291084297011096, "epsilon": 26.17951380392271, "gamma": 0.049186208907887496, "lamda": 0.16927352580107358}, "datetime": {"datetime": "2021-10-06 09:01:15", "elapsed": 1009.907083, "delta": 2.954886}}
{"target": -35.279965067124316, "params": {"C": 65.36017919016618, "epsilon": 25.639394872220556, "gamma": 0.07851372250963712, "lamda": 0.11499700752638227}, "datetime": {"datetime": "2021-10-06 09:01:18", "elapsed": 1012.933908, "delta": 3.026825}}
{"target": -33.68908841256348, "params": {"C": 76.99084197703301, "epsilon": 33.77015004345455, "gamma": 0.052598328115592445, "lamda": 0.028766859093860543}, "datetime": {"datetime": "2021-10-06 09:01:24", "elapsed": 1018.852205, "delta": 5.918297}}
{"target": -33.26248142019907, "params": {"C": 160.35289788822837, "epsilon": 34.63650076287615, "gamma": 0.0386305415826676, "lamda": 0.022109177184909547}, "datetime": {"datetime": "2021-10-06 09:01:29", "elapsed": 1023.227267, "delta": 4.375062}}
{"target": -33.76280480916834, "params": {"C": 70.85131937303721, "epsilon": 34.34708064305951, "gamma": 0.054048455936851425, "lamda": 0.133588711445477}, "datetime": {"datetime": "2021-10-06 09:01:37", "elapsed": 1031.294704, "delta": 8.067437}}
{"target": -33.65588778341829, "params": {"C": 42.67452141206979, "epsilon": 28.70376857465648, "gamma": 0.03878816757010485, "lamda": 0.015707146427167962}, "datetime": {"datetime": "2021-10-06 09:01:40", "elapsed": 1034.170469, "delta": 2.875765}}
{"target": -33.662202419872365, "params": {"C": 77.1526163405965, "epsilon": 33.711965589236506, "gamma": 0.05067527291330484, "lamda": 0.12382752534770916}, "datetime": {"datetime": "2021-10-06 09:01:44", "elapsed": 1038.79395, "delta": 4.623481}}
{"target": -32.89034828272669, "params": {"C": 96.02533816113903, "epsilon": 32.235790848348415, "gamma": 0.0063302798986295174, "lamda": 0.04036838599153167}, "datetime": {"datetime": "2021-10-06 09:01:52", "elapsed": 1046.157271, "delta": 7.363321}}
{"target": -33.32474386601705, "params": {"C": 62.68374069201163, "epsilon": 33.17612611125137, "gamma": 0.005540849321116462, "lamda": 0.0020660096625698455}, "datetime": {"datetime": "2021-10-06 09:01:57", "elapsed": 1051.467358, "delta": 5.310087}}
{"target": -33.38389488477329, "params": {"C": 110.9833466744358, "epsilon": 33.55552234142023, "gamma": 0.02333036189009427, "lamda": 0.14730441586855897}, "datetime": {"datetime": "2021-10-06 09:02:00", "elapsed": 1054.642195, "delta": 3.174837}}
{"target": -34.01410016017886, "params": {"C": 191.73450888067973, "epsilon": 29.390166498551572, "gamma": 0.018877366889406794, "lamda": 0.17314187555433283}, "datetime": {"datetime": "2021-10-06 09:02:03", "elapsed": 1057.932606, "delta": 3.290411}}
{"target": -33.69786599966664, "params": {"C": 70.63959475142647, "epsilon": 34.32212191196891, "gamma": 0.049954738673961156, "lamda": 0.13829421184506446}, "datetime": {"datetime": "2021-10-06 09:02:09", "elapsed": 1063.617221, "delta": 5.684615}}
{"target": -33.09945710874172, "params": {"C": 70.89539167776722, "epsilon": 34.17620860299965, "gamma": 0.016161582204105577, "lamda": 0.0290208973222374}, "datetime": {"datetime": "2021-10-06 09:02:15", "elapsed": 1070.031329, "delta": 6.414108}}
{"target": -34.4870883261356, "params": {"C": 4.495397129216508, "epsilon": 30.440891483003426, "gamma": 0.011002796358526405, "lamda": 0.11265517436827208}, "datetime": {"datetime": "2021-10-06 09:02:19", "elapsed": 1073.218998, "delta": 3.187669}}
{"target": -33.12214239182323, "params": {"C": 187.07870711958157, "epsilon": 30.07369671777701, "gamma": 0.02076892571998438, "lamda": 0.04139227646856458}, "datetime": {"datetime": "2021-10-06 09:02:25", "elapsed": 1079.347265, "delta": 6.128267}}
{"target": -33.71264521907046, "params": {"C": 145.11572047252344, "epsilon": 33.494022554652844, "gamma": 0.001463782953508391, "lamda": 0.03111411085629929}, "datetime": {"datetime": "2021-10-06 09:02:30", "elapsed": 1084.405158, "delta": 5.057893}}
{"target": -33.87462932341641, "params": {"C": 187.09405554414994, "epsilon": 34.281638425855206, "gamma": 0.05283738266274503, "lamda": 0.017624067028948524}, "datetime": {"datetime": "2021-10-06 09:02:37", "elapsed": 1091.793465, "delta": 7.388307}}
{"target": -33.408866013330666, "params": {"C": 88.40412770522805, "epsilon": 27.963765376002257, "gamma": 0.007905458779609367, "lamda": 0.0115320649967458}, "datetime": {"datetime": "2021-10-06 09:02:42", "elapsed": 1096.572637, "delta": 4.779172}}
{"target": -33.453297296059, "params": {"C": 87.4742510622305, "epsilon": 34.88176986787575, "gamma": 0.028187982523168453, "lamda": 0.1598130190887392}, "datetime": {"datetime": "2021-10-06 09:02:47", "elapsed": 1101.438044, "delta": 4.865407}}
{"target": -33.51608843880963, "params": {"C": 96.0747129920028, "epsilon": 32.25185949412889, "gamma": 0.05023019257347456, "lamda": 0.06927045800119469}, "datetime": {"datetime": "2021-10-06 09:02:52", "elapsed": 1106.839442, "delta": 5.401398}}
{"target": -33.55445570145378, "params": {"C": 186.61099354134754, "epsilon": 25.08616053675748, "gamma": 0.031350727162396716, "lamda": 0.0742548756150248}, "datetime": {"datetime": "2021-10-06 09:02:55", "elapsed": 1109.751925, "delta": 2.912483}}
{"target": -34.099764066835384, "params": {"C": 162.6109367859778, "epsilon": 25.800060709273243, "gamma": 0.05683011076222976, "lamda": 0.06607466768792193}, "datetime": {"datetime": "2021-10-06 09:02:59", "elapsed": 1113.375549, "delta": 3.623624}}
{"target": -33.257076109215284, "params": {"C": 18.318855478605997, "epsilon": 32.58039506455878, "gamma": 0.03494563759288623, "lamda": 0.07306387425666494}, "datetime": {"datetime": "2021-10-06 09:03:02", "elapsed": 1116.367206, "delta": 2.991657}}
{"target": -33.108770181885724, "params": {"C": 33.54346543187674, "epsilon": 32.723283609757544, "gamma": 0.027153572329020288, "lamda": 0.05336440373146419}, "datetime": {"datetime": "2021-10-06 09:03:07", "elapsed": 1121.224029, "delta": 4.856823}}
{"target": -41.43204493215285, "params": {"C": 83.98737893581223, "epsilon": 43.008112336053955, "gamma": 0.00010913854790585645, "lamda": 0.06053628126910478}, "datetime": {"datetime": "2021-10-06 09:05:13", "elapsed": 0.0, "delta": 0.0}}
{"target": -33.34346601597636, "params": {"C": 30.204422272605495, "epsilon": 27.308464869219947, "gamma": 0.014982190889075904, "lamda": 0.06917758933590526}, "datetime": {"datetime": "2021-10-06 09:05:13", "elapsed": 0.375547, "delta": 0.375547}}
{"target": -33.25283273428627, "params": {"C": 79.95672737190331, "epsilon": 38.470418350083925, "gamma": 0.033593641700823254, "lamda": 0.13707537812931223}, "datetime": {"datetime": "2021-10-06 09:05:13", "elapsed": 0.586635, "delta": 0.211088}}
{"target": -34.622321840119405, "params": {"C": 41.68599769657197, "epsilon": 46.952935909773636, "gamma": 0.0022882686965143, "lamda": 0.1341264552846626}, "datetime": {"datetime": "2021-10-06 09:05:14", "elapsed": 0.814768, "delta": 0.228133}}
{"target": -32.94710032582777, "params": {"C": 84.04365567105826, "epsilon": 38.96724571114379, "gamma": 0.011316916393759178, "lamda": 0.039700487668067275}, "datetime": {"datetime": "2021-10-06 09:05:14", "elapsed": 1.088766, "delta": 0.273998}}
{"target": -33.72378752285467, "params": {"C": 160.3481691664318, "epsilon": 49.206539392984936, "gamma": 0.0251425918349235, "lamda": 0.1384952908722959}, "datetime": {"datetime": "2021-10-06 09:05:14", "elapsed": 1.293989, "delta": 0.205223}}
{"target": -33.397359920345785, "params": {"C": 175.40144130691164, "epsilon": 47.36516658759618, "gamma": 0.006895032488445255, "lamda": 0.007907051168253184}, "datetime": {"datetime": "2021-10-06 09:05:14", "elapsed": 1.536507, "delta": 0.242518}}
{"target": -34.222962207480705, "params": {"C": 34.79625349334921, "epsilon": 46.95356258573533, "gamma": 0.007957912023260702, "lamda": 0.08427941423850994}, "datetime": {"datetime": "2021-10-06 09:05:15", "elapsed": 1.75226, "delta": 0.215753}}
{"target": -33.41107908080449, "params": {"C": 191.62001649994988, "epsilon": 38.329132124325426, "gamma": 0.05538098140464282, "lamda": 0.06317157463811199}, "datetime": {"datetime": "2021-10-06 09:05:15", "elapsed": 2.050204, "delta": 0.297944}}
{"target": -35.16610060614257, "params": {"C": 137.61368460863514, "epsilon": 45.86564179743432, "gamma": 0.0015612333598009254, "lamda": 0.150053848557499}, "datetime": {"datetime": "2021-10-06 09:05:15", "elapsed": 2.340917, "delta": 0.290713}}
{"target": -34.058055698304415, "params": {"C": 191.82634361762388, "epsilon": 38.364301300308405, "gamma": 0.0028234558655825825, "lamda": 0.14519009908360278}, "datetime": {"datetime": "2021-10-06 09:05:16", "elapsed": 2.697266, "delta": 0.356349}}
{"target": -33.04878099407423, "params": {"C": 190.0663882883524, "epsilon": 38.12031294123496, "gamma": 0.038110657958095824, "lamda": 0.048953843304920586}, "datetime": {"datetime": "2021-10-06 09:05:16", "elapsed": 3.065571, "delta": 0.368305}}
{"target": -33.04174613544173, "params": {"C": 82.22038562757504, "epsilon": 38.18138272230438, "gamma": 0.02284535137176071, "lamda": 0.08042125824609171}, "datetime": {"datetime": "2021-10-06 09:05:16", "elapsed": 3.391579, "delta": 0.326008}}
{"target": -33.66225409261159, "params": {"C": 84.35396158415293, "epsilon": 37.216146082325764, "gamma": 0.06210532801550556, "lamda": 0.04893742177890012}, "datetime": {"datetime": "2021-10-06 09:05:17", "elapsed": 3.811607, "delta": 0.420028}}
{"target": -33.41825257258742, "params": {"C": 190.20376596823098, "epsilon": 35.88539905495283, "gamma": 0.0055213183358393475, "lamda": 0.14068713419490295}, "datetime": {"datetime": "2021-10-06 09:05:17", "elapsed": 4.21057, "delta": 0.398963}}
{"target": -37.37509303581042, "params": {"C": 80.8656812341089, "epsilon": 36.19262816397838, "gamma": 0.0001, "lamda": 0.0001}, "datetime": {"datetime": "2021-10-06 09:05:18", "elapsed": 4.993612, "delta": 0.783042}}
{"target": -33.3670687556751, "params": {"C": 80.89509158020854, "epsilon": 39.88046716029581, "gamma": 0.009331790173478086, "lamda": 0.1607839581991138}, "datetime": {"datetime": "2021-10-06 09:05:18", "elapsed": 5.361609, "delta": 0.367997}}
{"target": -34.563191038358454, "params": {"C": 78.45838980682069, "epsilon": 39.99233031605397, "gamma": 0.08, "lamda": 0.2}, "datetime": {"datetime": "2021-10-06 09:05:19", "elapsed": 5.747614, "delta": 0.386005}}
