{"target": -32.94585683292183, "params": {"C": 387.8378449807097, "epsilon": 38.74702439561399, "gamma": 0.019929528055051795, "lamda": 0.02777770423229579}, "datetime": {"datetime": "2021-10-06 09:13:44", "elapsed": 20.097653, "delta": 0.39573}}
{"target": -33.69448487636441, "params": {"C": 312.1244482985562, "epsilon": 37.34277218598788, "gamma": 0.05660701870588132, "lamda": 0.03204215603958971}, "datetime": {"datetime": "2021-10-06 09:13:44", "elapsed": 20.498569, "delta": 0.400916}}
{"target": -33.884751740509365, "params": {"C": 295.3290259880924, "epsilon": 37.339058695772266, "gamma": 0.05042752849949059, "lamda": 0.18229340491655738}, "datetime": {"datetime": "2021-10-06 09:13:45", "elapsed": 20.868564, "delta": 0.369995}}
{"target": -34.20678271713419, "params": {"C": 344.03041621644167, "epsilon": 35.154578544320636, "gamma": 0.05274327208701294, "lamda": 0.198271324787583}, "datetime": {"datetime": "2021-10-06 09:13:45", "elapsed": 21.285423, "delta": 0.416859}}
{"target": -33.27304386084895, "params": {"C": 231.80379249530026, "epsilon": 34.30592805620196, "gamma": 0.04058464348444677, "lamda": 0.024315565526207977}, "datetime": {"datetime": "2021-10-06 09:13:46", "elapsed": 21.676281, "delta": 0.390858}}
{"target": -34.544541449504365, "params": {"C": 395.3404502234921, "epsilon": 34.84995760082276, "gamma": 0.07875555145948279, "lamda": 0.15839881625814753}, "datetime": {"datetime": "2021-10-06 09:13:46", "elapsed": 22.107393, "delta": 0.431112}}
{"target": -34.672232095406216, "params": {"C": 311.7730402082712, "epsilon": 31.79822404722216, "gamma": 0.06428075098709685, "lamda": 0.016358883406615017}, "datetime": {"datetime": "2021-10-06 09:13:46", "elapsed": 22.555544, "delta": 0.448151}}
{"target": -33.86674054261447, "params": {"C": 359.50496635625854, "epsilon": 31.648640832325853, "gamma": 0.017430446288394873, "lamda": 0.18926031089550233}, "datetime": {"datetime": "2021-10-06 09:13:47", "elapsed": 22.978908, "delta": 0.423364}}
{"target": -33.72278128300021, "params": {"C": 236.35030856033197, "epsilon": 38.04683865158696, "gamma": 0.040412975199230566, "lamda": 0.19725167107551525}, "datetime": {"datetime": "2021-10-06 09:13:47", "elapsed": 23.410986, "delta": 0.432078}}
{"target": -33.0255683960493, "params": {"C": 335.8320830155319, "epsilon": 37.460469836477316, "gamma": 0.026286167311918705, "lamda": 0.07599664566952427}, "datetime": {"datetime": "2021-10-06 09:13:48", "elapsed": 23.811914, "delta": 0.400928}}
{"target": -33.67611560750777, "params": {"C": 359.8630650786467, "epsilon": 32.448202184346826, "gamma": 0.05592127846638273, "lamda": 0.0888362623903383}, "datetime": {"datetime": "2021-10-06 09:13:48", "elapsed": 24.21325, "delta": 0.401336}}
{"target": -33.895457872038854, "params": {"C": 280.6777830437122, "epsilon": 38.88426286442367, "gamma": 0.0545352522206635, "lamda": 0.18169841198667902}, "datetime": {"datetime": "2021-10-06 09:13:49", "elapsed": 24.661359, "delta": 0.448109}}
{"target": -33.954385116464834, "params": {"C": 328.6782377898864, "epsilon": 35.49833877449035, "gamma": 0.06915798289629553, "lamda": 0.04150332953431782}, "datetime": {"datetime": "2021-10-06 09:13:49", "elapsed": 25.1473, "delta": 0.485941}}
{"target": -34.99326239436716, "params": {"C": 307.9855690813983, "epsilon": 32.891355137382995, "gamma": 0.06699199144904526, "lamda": 0.19791939047506457}, "datetime": {"datetime": "2021-10-06 09:13:49", "elapsed": 25.56338, "delta": 0.41608}}
{"target": -34.09791415458375, "params": {"C": 359.9368353034829, "epsilon": 33.452609892206155, "gamma": 0.06270986030650084, "lamda": 0.1428548116094019}, "datetime": {"datetime": "2021-10-06 09:13:50", "elapsed": 25.980092, "delta": 0.416712}}
{"target": -33.74567490136036, "params": {"C": 399.8053943990255, "epsilon": 35.26320634006072, "gamma": 0.03806642869230338, "lamda": 0.17711329094954734}, "datetime": {"datetime": "2021-10-06 09:13:50", "elapsed": 26.387876, "delta": 0.407784}}
{"target": -33.69479145608058, "params": {"C": 398.60284875010996, "epsilon": 32.398173305900336, "gamma": 0.003621840229924944, "lamda": 0.1093836982766586}, "datetime": {"datetime": "2021-10-06 09:13:51", "elapsed": 26.804793, "delta": 0.416917}}
{"target": -34.19030134094502, "params": {"C": 313.9826026271783, "epsilon": 30.313476267066235, "gamma": 0.06709737347467944, "lamda": 0.10811403589467666}, "datetime": {"datetime": "2021-10-06 09:13:51", "elapsed": 27.252995, "delta": 0.448202}}
{"target": -33.564994808675635, "params": {"C": 225.60863965168244, "epsilon": 31.36540893929439, "gamma": 0.05150466934088869, "lamda": 0.03819473199098412}, "datetime": {"datetime": "2021-10-06 09:13:52", "elapsed": 27.723167, "delta": 0.470172}}
{"target": -34.124356427234616, "params": {"C": 390.67024888323317, "epsilon": 36.895667461449435, "gamma": 0.07997752606625502, "lamda": 0.06734059042815793}, "datetime": {"datetime": "2021-10-06 09:13:52", "elapsed": 28.155696, "delta": 0.432529}}
{"target": -33.24042814818323, "params": {"C": 209.20142354434324, "epsilon": 32.18577751737887, "gamma": 0.027672244342004153, "lamda": 0.01735711223093159}, "datetime": {"datetime": "2021-10-06 09:13:52", "elapsed": 28.625607, "delta": 0.469911}}
{"target": -34.35709284928651, "params": {"C": 240.31434787181573, "epsilon": 31.984921368890607, "gamma": 0.06517212005293208, "lamda": 0.14860364045959346}, "datetime": {"datetime": "2021-10-06 09:13:53", "elapsed": 29.095847, "delta": 0.47024}}
{"target": -33.82116625626701, "params": {"C": 305.45992726501163, "epsilon": 37.27264173044029, "gamma": 0.06322097051983339, "lamda": 0.1286796191103209}, "datetime": {"datetime": "2021-10-06 09:13:53", "elapsed": 29.543987, "delta": 0.44814}}
{"target": -33.24495783570065, "params": {"C": 382.7033031588668, "epsilon": 36.46615084582118, "gamma": 0.04261780773512092, "lamda": 0.09240686601663463}, "datetime": {"datetime": "2021-10-06 09:13:54", "elapsed": 30.013935, "delta": 0.469948}}
{"target": -33.979104250221546, "params": {"C": 213.82993904168745, "epsilon": 38.779226404109764, "gamma": 0.0749935863035823, "lamda": 0.05563520710098596}, "datetime": {"datetime": "2021-10-06 09:13:54", "elapsed": 30.530415, "delta": 0.51648}}
{"target": -34.348235288847356, "params": {"C": 372.12402832434475, "epsilon": 32.80792887452704, "gamma": 0.054265809495180346, "lamda": 0.1787122579774653}, "datetime": {"datetime": "2021-10-06 09:13:55", "elapsed": 31.000848, "delta": 0.470433}}
{"target": -33.05749685154069, "params": {"C": 240.46575675732532, "epsilon": 37.21457279260871, "gamma": 0.03491889973182179, "lamda": 0.06320172338174508}, "datetime": {"datetime": "2021-10-06 09:13:55", "elapsed": 31.502323, "delta": 0.501475}}
{"target": -33.43008154524251, "params": {"C": 320.82399647527455, "epsilon": 36.210565573172836, "gamma": 0.05221274494606737, "lamda": 0.08307729438964961}, "datetime": {"datetime": "2021-10-06 09:13:56", "elapsed": 31.965772, "delta": 0.463449}}
{"target": -34.408301375303935, "params": {"C": 237.58059960085143, "epsilon": 30.879253629794913, "gamma": 0.04624271422520057, "lamda": 0.1802986726210225}, "datetime": {"datetime": "2021-10-06 09:13:56", "elapsed": 32.467324, "delta": 0.501552}}
{"target": -33.43962682465373, "params": {"C": 255.13284970758025, "epsilon": 33.536420392723485, "gamma": 0.04549683094987704, "lamda": 0.024015239183164214}, "datetime": {"datetime": "2021-10-06 09:13:57", "elapsed": 32.918726, "delta": 0.451402}}
{"target": -33.185754799834854, "params": {"C": 267.08897449856335, "epsilon": 33.413286206221144, "gamma": 0.016385167177945213, "lamda": 0.12180229229420209}, "datetime": {"datetime": "2021-10-06 09:13:57", "elapsed": 33.378673, "delta": 0.459947}}
{"target": -33.216172434319276, "params": {"C": 352.5482224558948, "epsilon": 35.92490590307037, "gamma": 0.02398858719837857, "lamda": 0.1372906897278054}, "datetime": {"datetime": "2021-10-06 09:13:58", "elapsed": 33.863992, "delta": 0.485319}}
{"target": -37.12562179623801, "params": {"C": 349.03673170759623, "epsilon": 31.06200187596008, "gamma": 0.0009619979846422452, "lamda": 0.11798442834704125}, "datetime": {"datetime": "2021-10-06 09:13:58", "elapsed": 34.334178, "delta": 0.470186}}
{"target": -33.55536805104512, "params": {"C": 391.03914585257627, "epsilon": 35.70035475552702, "gamma": 0.0367124978223135, "lamda": 0.1630905615404731}, "datetime": {"datetime": "2021-10-06 09:13:59", "elapsed": 34.782374, "delta": 0.448196}}
{"target": -33.299523274939276, "params": {"C": 275.5167380534995, "epsilon": 38.08913406673866, "gamma": 0.03148514560833923, "lamda": 0.149931423905241}, "datetime": {"datetime": "2021-10-06 09:13:59", "elapsed": 35.305605, "delta": 0.523231}}
{"target": -34.0432979581179, "params": {"C": 247.67924153226693, "epsilon": 38.578698115863304, "gamma": 0.07762438037526681, "lamda": 0.10783739951020056}, "datetime": {"datetime": "2021-10-06 09:14:00", "elapsed": 35.776568, "delta": 0.470963}}
{"target": -33.15260353985812, "params": {"C": 308.4484501956731, "epsilon": 35.64281862057648, "gamma": 0.03989035755799882, "lamda": 0.036618265319979755}, "datetime": {"datetime": "2021-10-06 09:14:00", "elapsed": 36.237223, "delta": 0.460655}}
{"target": -34.03071399218854, "params": {"C": 222.02920290999003, "epsilon": 34.38446782627504, "gamma": 0.07260633098231699, "lamda": 0.05786995131985068}, "datetime": {"datetime": "2021-10-06 09:14:01", "elapsed": 36.707251, "delta": 0.470028}}
{"target": -33.373485914737714, "params": {"C": 344.21573180130963, "epsilon": 38.25302635723151, "gamma": 0.05137571004720064, "lamda": 0.04544302788630651}, "datetime": {"datetime": "2021-10-06 09:14:01", "elapsed": 37.187751, "delta": 0.4805}}
{"target": -33.1694535587181, "params": {"C": 341.0021390894417, "epsilon": 34.40213498331902, "gamma": 0.039469677824364516, "lamda": 0.039651886639825454}, "datetime": {"datetime": "2021-10-06 09:14:02", "elapsed": 37.689265, "delta": 0.501514}}
{"target": -33.787463500731214, "params": {"C": 284.4813892421682, "epsilon": 36.48104535800781, "gamma": 0.06719985724750027, "lamda": 0.08326690828435412}, "datetime": {"datetime": "2021-10-06 09:14:02", "elapsed": 38.228549, "delta": 0.539284}}
{"target": -33.091687514126505, "params": {"C": 385.11736368862694, "epsilon": 36.48447277798333, "gamma": 0.013289811675167532, "lamda": 0.13257198628555153}, "datetime": {"datetime": "2021-10-06 09:14:03", "elapsed": 38.711667, "delta": 0.483118}}
{"target": -33.20441774365697, "params": {"C": 298.77021462648577, "epsilon": 34.58808213676343, "gamma": 0.015341354355732884, "lamda": 0.13361516596393386}, "datetime": {"datetime": "2021-10-06 09:14:03", "elapsed": 39.244537, "delta": 0.53287}}
{"target": -34.04348095689074, "params": {"C": 238.94395365227354, "epsilon": 37.87454687069085, "gamma": 0.0005208869889327109, "lamda": 0.024093096580107623}, "datetime": {"datetime": "2021-10-06 09:14:04", "elapsed": 39.752561, "delta": 0.508024}}
{"target": -34.09552772787587, "params": {"C": 299.5526143740436, "epsilon": 32.28122264059862, "gamma": 0.0498412639438105, "lamda": 0.16516218365082597}, "datetime": {"datetime": "2021-10-06 09:14:04", "elapsed": 40.254195, "delta": 0.501634}}
{"target": -33.26232210364456, "params": {"C": 247.75895998149912, "epsilon": 32.75527032659151, "gamma": 0.03841805482931788, "lamda": 0.02582649416428666}, "datetime": {"datetime": "2021-10-06 09:14:05", "elapsed": 40.771613, "delta": 0.517418}}
{"target": -34.08192359683211, "params": {"C": 270.99980148699433, "epsilon": 30.954568159973853, "gamma": 0.028637156236327975, "lamda": 0.1838072378362312}, "datetime": {"datetime": "2021-10-06 09:14:05", "elapsed": 41.257492, "delta": 0.485879}}
{"target": -34.68321780824335, "params": {"C": 249.19766294525084, "epsilon": 31.824303229047985, "gamma": 0.06390049865357467, "lamda": 0.1713471487601536}, "datetime": {"datetime": "2021-10-06 09:14:06", "elapsed": 41.753705, "delta": 0.496213}}
{"target": -33.53391890122086, "params": {"C": 231.53717791899467, "epsilon": 34.14045141736033, "gamma": 0.03555486354223529, "lamda": 0.011258708901224969}, "datetime": {"datetime": "2021-10-06 09:14:06", "elapsed": 42.291679, "delta": 0.537974}}
{"target": -33.03375721875547, "params": {"C": 328.69084980373304, "epsilon": 37.19147335152753, "gamma": 0.023190815219451755, "lamda": 0.08686853260340133}, "datetime": {"datetime": "2021-10-06 09:14:07", "elapsed": 42.893425, "delta": 0.601746}}
{"target": -33.69611224176431, "params": {"C": 283.8801676469397, "epsilon": 32.87397131820974, "gamma": 0.05305813181666535, "lamda": 0.11281217568827565}, "datetime": {"datetime": "2021-10-06 09:14:07", "elapsed": 43.406851, "delta": 0.513426}}
{"target": -33.128860733470766, "params": {"C": 283.3838475734039, "epsilon": 37.90950473775314, "gamma": 0.02250507045874685, "lamda": 0.12974172466218176}, "datetime": {"datetime": "2021-10-06 09:14:08", "elapsed": 43.90767, "delta": 0.500819}}
{"target": -33.535201594014715, "params": {"C": 329.43018195457626, "epsilon": 37.83760145942375, "gamma": 0.04417798453285196, "lamda": 0.15809377387771092}, "datetime": {"datetime": "2021-10-06 09:14:08", "elapsed": 44.493915, "delta": 0.586245}}
{"target": -33.16908727054948, "params": {"C": 236.44532131058438, "epsilon": 34.18121776429665, "gamma": 0.03870532173920292, "lamda": 0.05131937297652501}, "datetime": {"datetime": "2021-10-06 09:14:09", "elapsed": 45.056709, "delta": 0.562794}}
{"target": -33.220386423292716, "params": {"C": 235.60593568883172, "epsilon": 35.38212679957106, "gamma": 0.03483920745339662, "lamda": 0.11460901182093618}, "datetime": {"datetime": "2021-10-06 09:14:09", "elapsed": 45.579547, "delta": 0.522838}}
{"target": -34.02960833666586, "params": {"C": 219.09156876154248, "epsilon": 30.86350898658781, "gamma": 0.025179373087752005, "lamda": 0.1842154823146241}, "datetime": {"datetime": "2021-10-06 09:14:10", "elapsed": 46.080968, "delta": 0.501421}}
{"target": -33.65004483582042, "params": {"C": 376.81908514775466, "epsilon": 38.307036283234325, "gamma": 0.04238497218447026, "lamda": 0.1814722443880084}, "datetime": {"datetime": "2021-10-06 09:14:10", "elapsed": 46.629314, "delta": 0.548346}}
{"target": -33.15427678270094, "params": {"C": 314.5856500338252, "epsilon": 37.97280673284021, "gamma": 0.03618863189171764, "lamda": 0.0927345379479306}, "datetime": {"datetime": "2021-10-06 09:14:11", "elapsed": 47.275384, "delta": 0.64607}}
{"target": -33.778393833854906, "params": {"C": 226.0768412703179, "epsilon": 36.257174886365064, "gamma": 0.02504356858956745, "lamda": 0.00355878340859512}, "datetime": {"datetime": "2021-10-06 09:14:12", "elapsed": 47.957449, "delta": 0.682065}}
{"target": -33.32967368832642, "params": {"C": 354.31667633156326, "epsilon": 34.62855588574672, "gamma": 0.04632521860543002, "lamda": 0.07322647211580692}, "datetime": {"datetime": "2021-10-06 09:14:12", "elapsed": 48.536893, "delta": 0.579444}}
{"target": -34.2831484140536, "params": {"C": 232.0546857927339, "epsilon": 30.735208143190196, "gamma": 0.07462466465018198, "lamda": 0.07207052383403358}, "datetime": {"datetime": "2021-10-06 09:14:13", "elapsed": 49.059746, "delta": 0.522853}}
{"target": -34.37625757039713, "params": {"C": 214.52327032514995, "epsilon": 32.03269146107679, "gamma": 0.07506042452255043, "lamda": 0.11880823095092388}, "datetime": {"datetime": "2021-10-06 09:14:13", "elapsed": 49.639438, "delta": 0.579692}}
{"target": -33.770305544486895, "params": {"C": 316.55144292010505, "epsilon": 37.29764632346743, "gamma": 0.051122734969464415, "lamda": 0.16729185576069688}, "datetime": {"datetime": "2021-10-06 09:14:14", "elapsed": 50.277705, "delta": 0.638267}}
{"target": -33.594995850272, "params": {"C": 314.24049188571536, "epsilon": 37.122864289405804, "gamma": 0.05459647313896184, "lamda": 0.12493345768071114}, "datetime": {"datetime": "2021-10-06 09:14:15", "elapsed": 50.901258, "delta": 0.623553}}
{"target": -33.89566727948499, "params": {"C": 250.13498021708793, "epsilon": 36.77046276047762, "gamma": 0.06613050598430174, "lamda": 0.12433921778490342}, "datetime": {"datetime": "2021-10-06 09:14:15", "elapsed": 51.455603, "delta": 0.554345}}
{"target": -33.2298423673174, "params": {"C": 210.31526457411601, "epsilon": 32.586885959836195, "gamma": 0.03022336031808042, "lamda": 0.1113293414014286}, "datetime": {"datetime": "2021-10-06 09:14:16", "elapsed": 52.019701, "delta": 0.564098}}
{"target": -33.361101718091376, "params": {"C": 267.0933738273753, "epsilon": 36.40336370881137, "gamma": 0.018974738163015897, "lamda": 0.17244418913498472}, "datetime": {"datetime": "2021-10-06 09:14:16", "elapsed": 52.574697, "delta": 0.554996}}
{"target": -33.78881878115737, "params": {"C": 314.5406816434252, "epsilon": 35.488306555399525, "gamma": 0.055288947496935484, "lamda": 0.14397106890467914}, "datetime": {"datetime": "2021-10-06 09:14:17", "elapsed": 53.138943, "delta": 0.564246}}
{"target": -34.50165478845628, "params": {"C": 394.25645778020845, "epsilon": 34.212475913914666, "gamma": 0.07754622418342526, "lamda": 0.15392210479048182}, "datetime": {"datetime": "2021-10-06 09:14:18", "elapsed": 53.706712, "delta": 0.567769}}
{"target": -34.10386042436007, "params": {"C": 345.9024052884772, "epsilon": 35.64938945128998, "gamma": 0.06712044718025237, "lamda": 0.15167123628367105}, "datetime": {"datetime": "2021-10-06 09:14:18", "elapsed": 54.277207, "delta": 0.570495}}
{"target": -35.25720265963654, "params": {"C": 346.09154498997293, "epsilon": 32.23086452892196, "gamma": 0.059464237513281115, "lamda": 0.008783941808295745}, "datetime": {"datetime": "2021-10-06 09:14:19", "elapsed": 54.950458, "delta": 0.673251}}
{"target": -34.61357814406617, "params": {"C": 381.1392385054661, "epsilon": 32.592808669206434, "gamma": 0.004508387651812946, "lamda": 0.18691688926890357}, "datetime": {"datetime": "2021-10-06 09:14:19", "elapsed": 55.536242, "delta": 0.585784}}
{"target": -33.64464123029279, "params": {"C": 356.2526482014608, "epsilon": 32.97079172005132, "gamma": 0.01636251837045693, "lamda": 0.18886380572330008}, "datetime": {"datetime": "2021-10-06 09:14:20", "elapsed": 56.068852, "delta": 0.53261}}
{"target": -34.11205728530959, "params": {"C": 349.7354701103576, "epsilon": 35.6497953916028, "gamma": 0.05620249707486163, "lamda": 0.18504657341274797}, "datetime": {"datetime": "2021-10-06 09:14:21", "elapsed": 56.655156, "delta": 0.586304}}
{"target": -32.996254117444074, "params": {"C": 276.8462510422554, "epsilon": 30.329990701434227, "gamma": 0.005233376976094281, "lamda": 0.0432000551334006}, "datetime": {"datetime": "2021-10-06 09:14:21", "elapsed": 57.225632, "delta": 0.570476}}
{"target": -33.06844592386524, "params": {"C": 360.9752736244261, "epsilon": 32.81661936413978, "gamma": 0.030143485567922408, "lamda": 0.05211210404096374}, "datetime": {"datetime": "2021-10-06 09:14:22", "elapsed": 57.830254, "delta": 0.604622}}
{"target": -33.731948125631746, "params": {"C": 234.30794355259502, "epsilon": 36.79966103899777, "gamma": 0.06272794695449557, "lamda": 0.10487577763282763}, "datetime": {"datetime": "2021-10-06 09:14:22", "elapsed": 58.412319, "delta": 0.582065}}
{"target": -33.28368326454921, "params": {"C": 287.1748032672137, "epsilon": 33.73586747706299, "gamma": 0.04440815241647166, "lamda": 0.03847590496152632}, "datetime": {"datetime": "2021-10-06 09:14:23", "elapsed": 59.051312, "delta": 0.638993}}
{"target": -34.785181288700585, "params": {"C": 329.93022678576983, "epsilon": 30.85821148531499, "gamma": 0.005656152770172683, "lamda": 0.19020482107383765}, "datetime": {"datetime": "2021-10-06 09:14:23", "elapsed": 59.641476, "delta": 0.590164}}
{"target": -33.38188645169014, "params": {"C": 304.9859906756301, "epsilon": 30.773039240277342, "gamma": 0.006002428820960967, "lamda": 0.10636310225684796}, "datetime": {"datetime": "2021-10-06 09:14:24", "elapsed": 60.238533, "delta": 0.597057}}
{"target": -35.31139118309431, "params": {"C": 286.8912319556314, "epsilon": 34.46066874725026, "gamma": 0.05345251762381083, "lamda": 0.005960821776464504}, "datetime": {"datetime": "2021-10-06 09:14:25", "elapsed": 60.819218, "delta": 0.580685}}
{"target": -33.00428852080858, "params": {"C": 292.5179974220226, "epsilon": 36.53993896928935, "gamma": 0.023964332587827274, "lamda": 0.07245880802505837}, "datetime": {"datetime": "2021-10-06 09:14:25", "elapsed": 61.430166, "delta": 0.610948}}
{"target": -33.64847596009898, "params": {"C": 277.39513690703757, "epsilon": 35.40916946220977, "gamma": 0.06099563203709503, "lamda": 0.07489564444810715}, "datetime": {"datetime": "2021-10-06 09:14:26", "elapsed": 62.05478, "delta": 0.624614}}
{"target": -34.26972223494512, "params": {"C": 282.4837295538907, "epsilon": 31.589007642798485, "gamma": 0.0401952572440907, "lamda": 0.18574131013398562}, "datetime": {"datetime": "2021-10-06 09:14:27", "elapsed": 62.68786, "delta": 0.63308}}
{"target": -36.95130594166536, "params": {"C": 306.84730440352627, "epsilon": 33.22894324515407, "gamma": 0.07864600922213841, "lamda": 0.005935994567243077}, "datetime": {"datetime": "2021-10-06 09:14:27", "elapsed": 63.283223, "delta": 0.595363}}
{"target": -34.00162150205331, "params": {"C": 311.67090029274874, "epsilon": 31.629342442641242, "gamma": 0.04950864158700533, "lamda": 0.016396513517498105}, "datetime": {"datetime": "2021-10-06 09:14:28", "elapsed": 63.865204, "delta": 0.581981}}
{"target": -33.568549811125955, "params": {"C": 276.3388134468437, "epsilon": 31.785312690389986, "gamma": 0.023631666000869404, "lamda": 0.15532138048137023}, "datetime": {"datetime": "2021-10-06 09:14:28", "elapsed": 64.563522, "delta": 0.698318}}
{"target": -33.14868867142686, "params": {"C": 266.6923888143663, "epsilon": 33.36674470000618, "gamma": 0.024843203930413164, "lamda": 0.10995571832193884}, "datetime": {"datetime": "2021-10-06 09:14:29", "elapsed": 65.181148, "delta": 0.617626}}
