{"target": -33.558293193229844, "params": {"C": 93.15792352964628, "epsilon": 32.446250001622474, "gamma": 0.027592970297929356, "lamda": 0.1536928976266321}, "datetime": {"datetime": "2021-10-06 08:47:44", "elapsed": 198.635835, "delta": 1.287356}}
{"target": -33.67317385963667, "params": {"C": 76.66979501420823, "epsilon": 33.37966859235091, "gamma": 0.03422852168677855, "lamda": 0.1644567005897463}, "datetime": {"datetime": "2021-10-06 08:47:46", "elapsed": 200.317948, "delta": 1.682113}}
{"target": -33.699784814535846, "params": {"C": 18.317213079993635, "epsilon": 32.56479945371035, "gamma": 0.05420363910292587, "lamda": 0.06516561648950589}, "datetime": {"datetime": "2021-10-06 08:47:47", "elapsed": 201.941271, "delta": 1.623323}}
{"target": -33.46465750314954, "params": {"C": 32.94412737913807, "epsilon": 31.178798558126967, "gamma": 0.038301985492389286, "lamda": 0.11484380606399999}, "datetime": {"datetime": "2021-10-06 08:47:49", "elapsed": 203.065837, "delta": 1.124566}}
{"target": -33.097767861653224, "params": {"C": 33.48203106651021, "epsilon": 32.79260913418148, "gamma": 0.019621649332493177, "lamda": 0.09318988693617539}, "datetime": {"datetime": "2021-10-06 08:47:50", "elapsed": 204.130536, "delta": 1.064699}}
{"target": -34.35772069614991, "params": {"C": 187.41948009569325, "epsilon": 34.75244248810817, "gamma": 0.07945529050437332, "lamda": 0.03902074438069864}, "datetime": {"datetime": "2021-10-06 08:47:51", "elapsed": 205.659632, "delta": 1.529096}}
{"target": -33.906287122521206, "params": {"C": 175.26692080329815, "epsilon": 34.203041161093125, "gamma": 0.06823427906425358, "lamda": 0.055517907454249324}, "datetime": {"datetime": "2021-10-06 08:47:52", "elapsed": 206.988809, "delta": 1.329177}}
{"target": -35.131000467564554, "params": {"C": 18.317267640986948, "epsilon": 32.72445258159068, "gamma": 0.06880755126274059, "lamda": 0.19878078485377917}, "datetime": {"datetime": "2021-10-06 08:47:54", "elapsed": 208.333047, "delta": 1.344238}}
{"target": -33.960732194838215, "params": {"C": 187.43780645010833, "epsilon": 34.81258599770161, "gamma": 0.004000577757895421, "lamda": 0.15662020004429605}, "datetime": {"datetime": "2021-10-06 08:47:55", "elapsed": 209.733127, "delta": 1.40008}}
{"target": -33.11454025351808, "params": {"C": 145.06503632085543, "epsilon": 33.42605085779173, "gamma": 0.03287002938171273, "lamda": 0.07088151945341985}, "datetime": {"datetime": "2021-10-06 08:47:56", "elapsed": 210.835748, "delta": 1.102621}}
{"target": -34.11451899188806, "params": {"C": 102.6237868386254, "epsilon": 28.9250841884841, "gamma": 0.035719108437028635, "lamda": 0.15772231678544218}, "datetime": {"datetime": "2021-10-06 08:47:57", "elapsed": 211.918482, "delta": 1.082734}}
{"target": -34.03529994975366, "params": {"C": 33.34046008200837, "epsilon": 32.77382738777484, "gamma": 0.06208410715431117, "lamda": 0.1324550676718972}, "datetime": {"datetime": "2021-10-06 08:47:59", "elapsed": 213.765505, "delta": 1.847023}}
{"target": -33.60672941039067, "params": {"C": 33.46039105347588, "epsilon": 32.93480762875779, "gamma": 0.032999839366125876, "lamda": 0.013184372303025476}, "datetime": {"datetime": "2021-10-06 08:48:01", "elapsed": 215.703542, "delta": 1.938037}}
{"target": -33.38970208633928, "params": {"C": 77.10747678184238, "epsilon": 33.564484165686096, "gamma": 0.04783108219742283, "lamda": 0.054665848310711}, "datetime": {"datetime": "2021-10-06 08:48:02", "elapsed": 216.884138, "delta": 1.180596}}
{"target": -33.554272980950415, "params": {"C": 71.07837474740775, "epsilon": 29.233877238836712, "gamma": 0.04244168123384204, "lamda": 0.09861829499922933}, "datetime": {"datetime": "2021-10-06 08:48:04", "elapsed": 218.569483, "delta": 1.685345}}
{"target": -35.98637718302102, "params": {"C": 86.77804947509215, "epsilon": 27.63672295343564, "gamma": 0.07540029549615676, "lamda": 0.0010055474330507507}, "datetime": {"datetime": "2021-10-06 08:48:05", "elapsed": 219.847436, "delta": 1.277953}}
{"target": -33.25518825698558, "params": {"C": 160.42654233460814, "epsilon": 34.889680786982474, "gamma": 0.01637941739290697, "lamda": 0.004485165554531806}, "datetime": {"datetime": "2021-10-06 08:48:07", "elapsed": 221.853364, "delta": 2.005928}}
{"target": -33.12920722111578, "params": {"C": 96.16732418363553, "epsilon": 32.55830754047952, "gamma": 0.020106934892582903, "lamda": 0.03189376181824117}, "datetime": {"datetime": "2021-10-06 08:48:09", "elapsed": 223.402523, "delta": 1.549159}}
{"target": -34.38115743700707, "params": {"C": 145.2024721484439, "epsilon": 33.400729864372444, "gamma": 0.06146866526143096, "lamda": 0.17196395101644563}, "datetime": {"datetime": "2021-10-06 08:48:10", "elapsed": 224.963018, "delta": 1.560495}}
{"target": -34.474653831651565, "params": {"C": 184.15814812082738, "epsilon": 26.267314686862527, "gamma": 0.027434234624482773, "lamda": 0.16367792569541934}, "datetime": {"datetime": "2021-10-06 08:48:12", "elapsed": 226.062246, "delta": 1.099228}}
{"target": -33.347448162505216, "params": {"C": 186.49787290905834, "epsilon": 34.531125290752996, "gamma": 0.04009218923072355, "lamda": 0.1153198618439498}, "datetime": {"datetime": "2021-10-06 08:48:14", "elapsed": 228.071416, "delta": 2.00917}}
{"target": -34.26075652216006, "params": {"C": 53.91734254447098, "epsilon": 32.245127070410206, "gamma": 0.06522468925329727, "lamda": 0.14299757834702373}, "datetime": {"datetime": "2021-10-06 08:48:15", "elapsed": 229.167601, "delta": 1.096185}}
{"target": -33.93180302931832, "params": {"C": 29.130455721701416, "epsilon": 26.60683752049283, "gamma": 0.04197371221305302, "lamda": 0.1132643527488112}, "datetime": {"datetime": "2021-10-06 08:48:16", "elapsed": 230.261758, "delta": 1.094157}}
{"target": -33.48937577150277, "params": {"C": 69.03792025046792, "epsilon": 31.46472821603122, "gamma": 0.030892543656415066, "lamda": 0.011164750909929291}, "datetime": {"datetime": "2021-10-06 08:48:18", "elapsed": 232.602283, "delta": 2.340525}}
{"target": -32.985560657286456, "params": {"C": 179.6587268202701, "epsilon": 30.328513038497956, "gamma": 0.005562198554209829, "lamda": 0.04296305764260878}, "datetime": {"datetime": "2021-10-06 08:48:19", "elapsed": 233.755605, "delta": 1.153322}}
{"target": -34.20014099532992, "params": {"C": 160.29403749696473, "epsilon": 34.81463045306833, "gamma": 0.06877559321455853, "lamda": 0.15128595956342053}, "datetime": {"datetime": "2021-10-06 08:48:21", "elapsed": 235.376891, "delta": 1.621286}}
{"target": -33.2443809028135, "params": {"C": 37.156774981655005, "epsilon": 29.527081276844765, "gamma": 0.02821115430126786, "lamda": 0.04313003949004113}, "datetime": {"datetime": "2021-10-06 08:48:22", "elapsed": 236.91691, "delta": 1.540019}}
{"target": -34.58350725475087, "params": {"C": 164.33357249926436, "epsilon": 26.280326535514572, "gamma": 0.06885344051326446, "lamda": 0.03162603237557532}, "datetime": {"datetime": "2021-10-06 08:48:24", "elapsed": 238.061758, "delta": 1.144848}}
{"target": -34.12932058726739, "params": {"C": 179.65908487514622, "epsilon": 30.311151213518464, "gamma": 0.05203696834007118, "lamda": 0.14530340598096486}, "datetime": {"datetime": "2021-10-06 08:48:25", "elapsed": 239.613033, "delta": 1.551275}}
{"target": -33.899712956747024, "params": {"C": 89.67220689046644, "epsilon": 28.716151150742682, "gamma": 0.040879211471283046, "lamda": 0.13440665142385955}, "datetime": {"datetime": "2021-10-06 08:48:26", "elapsed": 240.994811, "delta": 1.381778}}
{"target": -33.44396687281845, "params": {"C": 96.24736814810106, "epsilon": 32.61553418831352, "gamma": 0.036390850739721876, "lamda": 0.126614846369522}, "datetime": {"datetime": "2021-10-06 08:48:28", "elapsed": 242.957062, "delta": 1.962251}}
{"target": -34.45176043468784, "params": {"C": 138.42943034030225, "epsilon": 31.649672722825688, "gamma": 0.07775366748319128, "lamda": 0.03815708843364057}, "datetime": {"datetime": "2021-10-06 08:48:30", "elapsed": 244.084236, "delta": 1.127174}}
{"target": -34.12781128117293, "params": {"C": 133.42513501450935, "epsilon": 26.332264473230495, "gamma": 0.049043600254928106, "lamda": 0.11708229825031366}, "datetime": {"datetime": "2021-10-06 08:48:31", "elapsed": 245.476876, "delta": 1.39264}}
{"target": -33.03411974396502, "params": {"C": 70.61234315759793, "epsilon": 34.30522345779477, "gamma": 0.022792899799502168, "lamda": 0.04464788985171921}, "datetime": {"datetime": "2021-10-06 08:48:32", "elapsed": 246.627483, "delta": 1.150607}}
{"target": -32.95986036163975, "params": {"C": 70.75891675071769, "epsilon": 34.31718819543044, "gamma": 0.014649635256865863, "lamda": 0.05360157741281485}, "datetime": {"datetime": "2021-10-06 08:48:34", "elapsed": 248.335586, "delta": 1.708103}}
{"target": -33.089044132238804, "params": {"C": 93.24966086498752, "epsilon": 32.26759728393134, "gamma": 0.017954908923131323, "lamda": 0.038305262595429254}, "datetime": {"datetime": "2021-10-06 08:48:36", "elapsed": 250.121345, "delta": 1.785759}}
{"target": -39.423210387775185, "params": {"C": 53.70745860544923, "epsilon": 32.26386628333784, "gamma": 0.0006419154353389929, "lamda": 0.1413172570994471}, "datetime": {"datetime": "2021-10-06 08:48:37", "elapsed": 252.005868, "delta": 1.884523}}
{"target": -34.68186588129038, "params": {"C": 186.59421092367003, "epsilon": 34.42400516332659, "gamma": 0.05190507614641911, "lamda": 0.007443729830136491}, "datetime": {"datetime": "2021-10-06 08:48:39", "elapsed": 253.450593, "delta": 1.444725}}
{"target": -33.13289209602374, "params": {"C": 96.24640492569118, "epsilon": 32.459909997534425, "gamma": 0.0271351827891259, "lamda": 0.033467282298727904}, "datetime": {"datetime": "2021-10-06 08:48:41", "elapsed": 255.361731, "delta": 1.911138}}
{"target": -33.78762830340026, "params": {"C": 30.094957389254954, "epsilon": 31.8519798017517, "gamma": 0.05528862118723759, "lamda": 0.1081350167126864}, "datetime": {"datetime": "2021-10-06 08:48:42", "elapsed": 256.559615, "delta": 1.197884}}
{"target": -33.071723033919994, "params": {"C": 144.95103475405364, "epsilon": 33.3655367536581, "gamma": 0.009035484355002215, "lamda": 0.11139981466610617}, "datetime": {"datetime": "2021-10-06 08:48:43", "elapsed": 258.019235, "delta": 1.45962}}
{"target": -33.42511022708023, "params": {"C": 37.299530307245675, "epsilon": 29.612854165685775, "gamma": 0.03598130514397474, "lamda": 0.08693345795995952}, "datetime": {"datetime": "2021-10-06 08:48:45", "elapsed": 259.271616, "delta": 1.252381}}
{"target": -33.086947848208936, "params": {"C": 34.67315890406068, "epsilon": 32.44149682734365, "gamma": 0.026167276865911856, "lamda": 0.06356110333417435}, "datetime": {"datetime": "2021-10-06 08:48:47", "elapsed": 261.083452, "delta": 1.811836}}
{"target": -33.8340461107085, "params": {"C": 144.99142421255704, "epsilon": 33.53726796932903, "gamma": 0.06419031197669557, "lamda": 0.06825546477957953}, "datetime": {"datetime": "2021-10-06 08:48:48", "elapsed": 262.809477, "delta": 1.726025}}
{"target": -33.11221757897648, "params": {"C": 87.63222391613627, "epsilon": 34.882696358356505, "gamma": 0.027359773353994893, "lamda": 0.0999514579632074}, "datetime": {"datetime": "2021-10-06 08:48:49", "elapsed": 264.000063, "delta": 1.190586}}
{"target": -33.97231382321555, "params": {"C": 164.69956390895956, "epsilon": 31.91019952013935, "gamma": 0.011601971771851752, "lamda": 0.19175809717643758}, "datetime": {"datetime": "2021-10-06 08:48:51", "elapsed": 265.25671, "delta": 1.256647}}
{"target": -33.607957316166974, "params": {"C": 141.14327057035166, "epsilon": 32.583917338958464, "gamma": 0.05210413104446204, "lamda": 0.09752943605100284}, "datetime": {"datetime": "2021-10-06 08:48:52", "elapsed": 266.578174, "delta": 1.321464}}
{"target": -33.31130065629518, "params": {"C": 96.09049589071208, "epsilon": 32.433308046870835, "gamma": 0.02742668895131287, "lamda": 0.12650569213546486}, "datetime": {"datetime": "2021-10-06 08:48:54", "elapsed": 268.378837, "delta": 1.800663}}
{"target": -33.76312501569296, "params": {"C": 186.64812375980952, "epsilon": 34.712523376905814, "gamma": 0.036272901554014, "lamda": 0.17862192958968165}, "datetime": {"datetime": "2021-10-06 08:48:56", "elapsed": 270.061503, "delta": 1.682666}}
{"target": -34.78712837407549, "params": {"C": 16.152588771367036, "epsilon": 33.68706481735026, "gamma": 0.07923325223044045, "lamda": 0.020618617257742344}, "datetime": {"datetime": "2021-10-06 08:48:57", "elapsed": 271.558345, "delta": 1.496842}}
{"target": -34.12364214900258, "params": {"C": 33.52120855959746, "epsilon": 32.90136840866789, "gamma": 0.037041160517240934, "lamda": 0.19297942941980806}, "datetime": {"datetime": "2021-10-06 08:48:59", "elapsed": 273.831706, "delta": 2.273361}}
{"target": -34.065131788289435, "params": {"C": 37.13202962991298, "epsilon": 29.651479094085964, "gamma": 0.032970260864697586, "lamda": 0.16563792542410685}, "datetime": {"datetime": "2021-10-06 08:49:01", "elapsed": 275.454311, "delta": 1.622605}}
{"target": -33.12836303576343, "params": {"C": 96.1389757011627, "epsilon": 32.3438796964365, "gamma": 0.031137041103368093, "lamda": 0.039694118220262094}, "datetime": {"datetime": "2021-10-06 08:49:03", "elapsed": 277.359248, "delta": 1.904937}}
{"target": -33.726598485364136, "params": {"C": 28.741786752967545, "epsilon": 29.41618993253918, "gamma": 0.05115143296180242, "lamda": 0.07987108408702999}, "datetime": {"datetime": "2021-10-06 08:49:04", "elapsed": 278.825937, "delta": 1.466689}}
{"target": -33.52986987527938, "params": {"C": 47.438732280024105, "epsilon": 25.548568043831967, "gamma": 0.010123342669393263, "lamda": 0.03242340958232444}, "datetime": {"datetime": "2021-10-06 08:49:05", "elapsed": 280.039601, "delta": 1.213664}}
{"target": -33.098255076076356, "params": {"C": 186.77325222882996, "epsilon": 34.69574214232811, "gamma": 0.034371763122413274, "lamda": 0.030434738680274173}, "datetime": {"datetime": "2021-10-06 08:49:07", "elapsed": 281.841916, "delta": 1.802315}}
{"target": -32.97028954388082, "params": {"C": 186.5505900071069, "epsilon": 34.69966064597474, "gamma": 0.016611170745010194, "lamda": 0.051733064277151714}, "datetime": {"datetime": "2021-10-06 08:49:10", "elapsed": 284.09296, "delta": 2.251044}}
{"target": -33.68026625454716, "params": {"C": 123.94489333989989, "epsilon": 34.185567468174895, "gamma": 0.049492638601221293, "lamda": 0.13668289263967773}, "datetime": {"datetime": "2021-10-06 08:49:11", "elapsed": 285.462526, "delta": 1.369566}}
{"target": -34.807776696996655, "params": {"C": 175.32757829435275, "epsilon": 33.984197528288746, "gamma": 0.07155977472869418, "lamda": 0.1872643592609432}, "datetime": {"datetime": "2021-10-06 08:49:13", "elapsed": 287.177374, "delta": 1.714848}}
{"target": -33.61614059021371, "params": {"C": 18.125508733259306, "epsilon": 32.67040167421547, "gamma": 0.04863145006700511, "lamda": 0.07982758551103947}, "datetime": {"datetime": "2021-10-06 08:49:15", "elapsed": 289.278669, "delta": 2.101295}}
{"target": -34.09141868095774, "params": {"C": 8.03136536921566, "epsilon": 30.550481388572862, "gamma": 0.04110243461757911, "lamda": 0.1207084824703954}, "datetime": {"datetime": "2021-10-06 08:49:16", "elapsed": 290.707869, "delta": 1.4292}}
{"target": -34.037826833843155, "params": {"C": 83.86640497161655, "epsilon": 30.22983070653595, "gamma": 0.06478041996855165, "lamda": 0.07263853551169783}, "datetime": {"datetime": "2021-10-06 08:49:18", "elapsed": 292.59742, "delta": 1.889551}}
{"target": -34.26829428441109, "params": {"C": 77.85107998305924, "epsilon": 25.2826771483997, "gamma": 0.05920802020464983, "lamda": 0.08325809546272459}, "datetime": {"datetime": "2021-10-06 08:49:19", "elapsed": 293.888067, "delta": 1.290647}}
{"target": -34.53316566824567, "params": {"C": 109.60337964640543, "epsilon": 34.01707585481542, "gamma": 0.0780497490098978, "lamda": 0.15348851889288764}, "datetime": {"datetime": "2021-10-06 08:49:21", "elapsed": 295.459341, "delta": 1.571274}}
{"target": -33.969151777229754, "params": {"C": 96.07642503467883, "epsilon": 32.575577195692375, "gamma": 0.0055325460611515215, "lamda": 0.16371613044691727}, "datetime": {"datetime": "2021-10-06 08:49:23", "elapsed": 297.760532, "delta": 2.301191}}
{"target": -34.43756560132867, "params": {"C": 8.045366283283464, "epsilon": 30.55642297472289, "gamma": 0.049287641621333554, "lamda": 0.14127876175056026}, "datetime": {"datetime": "2021-10-06 08:49:25", "elapsed": 299.072103, "delta": 1.311571}}
{"target": -33.176883870390064, "params": {"C": 187.55372129159144, "epsilon": 34.9662918140019, "gamma": 0.008881906187275957, "lamda": 0.13958775714890131}, "datetime": {"datetime": "2021-10-06 08:49:26", "elapsed": 301.005045, "delta": 1.932942}}
{"target": -33.477368080022316, "params": {"C": 171.2959310916585, "epsilon": 26.36190820126843, "gamma": 0.02887271202579859, "lamda": 0.030498557711844}, "datetime": {"datetime": "2021-10-06 08:49:28", "elapsed": 302.35542, "delta": 1.350375}}
{"target": -33.90810148981461, "params": {"C": 34.79877797490308, "epsilon": 32.48321623847548, "gamma": 0.0631004031475063, "lamda": 0.06751055994050593}, "datetime": {"datetime": "2021-10-06 08:49:30", "elapsed": 304.38401, "delta": 2.02859}}
{"target": -33.864695936283574, "params": {"C": 37.31298378518957, "epsilon": 29.47179961255743, "gamma": 0.056415342180624065, "lamda": 0.042992812679919175}, "datetime": {"datetime": "2021-10-06 08:49:32", "elapsed": 306.371527, "delta": 1.987517}}
{"target": -33.551623445322704, "params": {"C": 174.0475701851082, "epsilon": 33.37999224141713, "gamma": 0.05436140964380061, "lamda": 0.056504213980060475}, "datetime": {"datetime": "2021-10-06 08:49:33", "elapsed": 307.741439, "delta": 1.369912}}
{"target": -34.438305935166184, "params": {"C": 175.0177367402525, "epsilon": 34.03247725605739, "gamma": 0.06384027952617123, "lamda": 0.016775485354086805}, "datetime": {"datetime": "2021-10-06 08:49:35", "elapsed": 309.761096, "delta": 2.019657}}
{"target": -34.65348034814404, "params": {"C": 179.42657550575646, "epsilon": 34.42476645305852, "gamma": 0.03357623600413533, "lamda": 0.0018851800757496999}, "datetime": {"datetime": "2021-10-06 08:49:37", "elapsed": 311.195896, "delta": 1.4348}}
{"target": -35.14900048225057, "params": {"C": 55.901465680096145, "epsilon": 26.609147744979648, "gamma": 0.007426691734205055, "lamda": 0.17465667929592663}, "datetime": {"datetime": "2021-10-06 08:49:38", "elapsed": 312.620081, "delta": 1.424185}}
{"target": -33.93462568891752, "params": {"C": 186.48229646219343, "epsilon": 34.797289881793304, "gamma": 0.06764270704987892, "lamda": 0.10168378388179046}, "datetime": {"datetime": "2021-10-06 08:49:40", "elapsed": 314.831738, "delta": 2.211657}}
{"target": -32.99640731858183, "params": {"C": 87.47749435964737, "epsilon": 34.93848477745907, "gamma": 0.021409596923534377, "lamda": 0.04150168968217516}, "datetime": {"datetime": "2021-10-06 08:49:43", "elapsed": 317.384065, "delta": 2.552327}}
{"target": -33.84561934295492, "params": {"C": 121.8942133683993, "epsilon": 31.881183624718386, "gamma": 0.060889952921693365, "lamda": 0.08916230331261814}, "datetime": {"datetime": "2021-10-06 08:49:45", "elapsed": 319.262077, "delta": 1.878012}}
{"target": -34.17542113616066, "params": {"C": 87.38053660142918, "epsilon": 34.97624120894934, "gamma": 0.07711623455858711, "lamda": 0.10195777983338393}, "datetime": {"datetime": "2021-10-06 08:49:47", "elapsed": 321.306994, "delta": 2.044917}}
{"target": -33.25361953756566, "params": {"C": 37.16359777563481, "epsilon": 29.556504610255775, "gamma": 0.02798233569359926, "lamda": 0.074814019373441}, "datetime": {"datetime": "2021-10-06 08:49:48", "elapsed": 322.796036, "delta": 1.489042}}
{"target": -34.5220932598078, "params": {"C": 85.95441906068125, "epsilon": 30.52970095156517, "gamma": 0.04231281987489626, "lamda": 0.1885266926061777}, "datetime": {"datetime": "2021-10-06 08:49:50", "elapsed": 324.484679, "delta": 1.688643}}
{"target": -35.62658706192691, "params": {"C": 159.41060674242053, "epsilon": 26.416767523531483, "gamma": 0.06497610694163815, "lamda": 0.1603387956719861}, "datetime": {"datetime": "2021-10-06 08:49:51", "elapsed": 325.900749, "delta": 1.41607}}
{"target": -33.993115048232205, "params": {"C": 157.27323729334947, "epsilon": 27.390019889480207, "gamma": 0.056121177308433336, "lamda": 0.03417451985497736}, "datetime": {"datetime": "2021-10-06 08:49:53", "elapsed": 327.536076, "delta": 1.635327}}
{"target": -34.21582062539068, "params": {"C": 174.84057125537302, "epsilon": 28.89776142834073, "gamma": 0.028843519040894005, "lamda": 0.17224740965313842}, "datetime": {"datetime": "2021-10-06 08:49:54", "elapsed": 328.955002, "delta": 1.418926}}
{"target": -33.23390028352102, "params": {"C": 119.64924690268539, "epsilon": 33.55894174705505, "gamma": 0.031173101912518528, "lamda": 0.022196471791198564}, "datetime": {"datetime": "2021-10-06 08:49:56", "elapsed": 330.448719, "delta": 1.493717}}
{"target": -43.4036635804315, "params": {"C": 18.212303318426958, "epsilon": 32.7856150569617, "gamma": 0.0001, "lamda": 0.0001}, "datetime": {"datetime": "2021-10-06 08:49:58", "elapsed": 332.773967, "delta": 2.325248}}
{"target": -33.269035740082, "params": {"C": 97.10196618409547, "epsilon": 31.192904361376463, "gamma": 0.026433490497378684, "lamda": 0.027430184063528932}, "datetime": {"datetime": "2021-10-06 08:50:00", "elapsed": 334.485425, "delta": 1.711458}}
{"target": -33.78773505289567, "params": {"C": 180.08495601139603, "epsilon": 31.657536244955164, "gamma": 0.019184085460464323, "lamda": 0.18399263867238913}, "datetime": {"datetime": "2021-10-06 08:50:01", "elapsed": 335.924369, "delta": 1.438944}}
{"target": -34.0760881789553, "params": {"C": 34.54623132059161, "epsilon": 32.43886231715067, "gamma": 0.06957739549053037, "lamda": 0.05030196152484145}, "datetime": {"datetime": "2021-10-06 08:50:04", "elapsed": 338.337018, "delta": 2.412649}}
