{"target": -33.47785048098423, "params": {"C": 192.3958345418311, "epsilon": 36.47654259724955, "gamma": 0.05153129704960183, "lamda": 0.03378543594231091}, "datetime": {"datetime": "2021-10-06 09:09:01", "elapsed": 227.779376, "delta": 1.47283}}
{"target": -33.44306487953142, "params": {"C": 20.730686265929812, "epsilon": 34.99587035999579, "gamma": 0.045972502861350795, "lamda": 0.09713916430190322}, "datetime": {"datetime": "2021-10-06 09:09:02", "elapsed": 229.441523, "delta": 1.662147}}
{"target": -33.33033490871365, "params": {"C": 189.41933261904165, "epsilon": 42.99586655114841, "gamma": 0.037257789430942545, "lamda": 0.1192722356631893}, "datetime": {"datetime": "2021-10-06 09:09:04", "elapsed": 231.149596, "delta": 1.708073}}
{"target": -34.46158945745147, "params": {"C": 81.30121231701501, "epsilon": 38.7540229139808, "gamma": 0.07023021457944448, "lamda": 0.025642693878329095}, "datetime": {"datetime": "2021-10-06 09:09:06", "elapsed": 233.482822, "delta": 2.333226}}
{"target": -33.65439141055479, "params": {"C": 159.71972333095792, "epsilon": 33.16430961448106, "gamma": 0.050976207374437685, "lamda": 0.11652121500565395}, "datetime": {"datetime": "2021-10-06 09:09:08", "elapsed": 235.204628, "delta": 1.721806}}
{"target": -32.95668417499138, "params": {"C": 176.40813271751844, "epsilon": 36.201954064137375, "gamma": 0.01948123359063746, "lamda": 0.042558432929541236}, "datetime": {"datetime": "2021-10-06 09:09:10", "elapsed": 236.942137, "delta": 1.737509}}
{"target": -33.27623946449728, "params": {"C": 89.9117747513743, "epsilon": 44.055143491912716, "gamma": 0.019290953904826946, "lamda": 0.10223584102017963}, "datetime": {"datetime": "2021-10-06 09:09:11", "elapsed": 238.594377, "delta": 1.65224}}
{"target": -34.10326853001309, "params": {"C": 178.8880844231388, "epsilon": 41.00733344954292, "gamma": 0.05853388416890408, "lamda": 0.024828383298021922}, "datetime": {"datetime": "2021-10-06 09:09:13", "elapsed": 240.463429, "delta": 1.869052}}
{"target": -33.34961979855703, "params": {"C": 20.985475801406913, "epsilon": 33.58040722269828, "gamma": 0.015071794715892955, "lamda": 0.014664135302929818}, "datetime": {"datetime": "2021-10-06 09:09:16", "elapsed": 242.666748, "delta": 2.203319}}
{"target": -33.17138878115682, "params": {"C": 172.00681403982406, "epsilon": 40.8376300649373, "gamma": 0.0389666194915102, "lamda": 0.0854233198493912}, "datetime": {"datetime": "2021-10-06 09:09:17", "elapsed": 244.525432, "delta": 1.858684}}
{"target": -34.618303523408045, "params": {"C": 36.152854616898146, "epsilon": 32.76770086850334, "gamma": 0.06747899198840518, "lamda": 0.16867359066164755}, "datetime": {"datetime": "2021-10-06 09:09:19", "elapsed": 246.010521, "delta": 1.485089}}
{"target": -32.994946534297156, "params": {"C": 83.90565897371683, "epsilon": 40.12261258340223, "gamma": 0.011928128371159, "lamda": 0.06364450212095803}, "datetime": {"datetime": "2021-10-06 09:09:21", "elapsed": 247.989481, "delta": 1.97896}}
{"target": -33.99755636971364, "params": {"C": 163.23497914647322, "epsilon": 33.03592580194811, "gamma": 0.06920403422307736, "lamda": 0.07172735321447465}, "datetime": {"datetime": "2021-10-06 09:09:22", "elapsed": 249.49981, "delta": 1.510329}}
{"target": -33.59415657564155, "params": {"C": 191.24166713721615, "epsilon": 40.09739197561536, "gamma": 0.004880482384717441, "lamda": 0.10797844073393698}, "datetime": {"datetime": "2021-10-06 09:09:24", "elapsed": 251.344988, "delta": 1.845178}}
{"target": -33.15257172257614, "params": {"C": 82.2831794005904, "epsilon": 40.86154507043938, "gamma": 0.02050383469595614, "lamda": 0.10928404126301929}, "datetime": {"datetime": "2021-10-06 09:09:26", "elapsed": 253.458968, "delta": 2.11398}}
{"target": -34.05704283833631, "params": {"C": 80.93592291473855, "epsilon": 41.209630558791446, "gamma": 0.07598736348459803, "lamda": 0.13529415486760277}, "datetime": {"datetime": "2021-10-06 09:09:27", "elapsed": 254.616449, "delta": 1.157481}}
{"target": -33.722593410149074, "params": {"C": 20.302090737740365, "epsilon": 38.855358555559576, "gamma": 0.019917951169390217, "lamda": 0.009073883362270383}, "datetime": {"datetime": "2021-10-06 09:09:29", "elapsed": 256.401292, "delta": 1.784843}}
{"target": -33.47521489849499, "params": {"C": 179.97607943708562, "epsilon": 35.31869633672916, "gamma": 0.005214370930593184, "lamda": 0.14321742565484005}, "datetime": {"datetime": "2021-10-06 09:09:31", "elapsed": 258.428957, "delta": 2.027665}}
{"target": -33.977048510244, "params": {"C": 173.9614053221459, "epsilon": 47.84938007581891, "gamma": 0.06503447933333904, "lamda": 0.13650347631745016}, "datetime": {"datetime": "2021-10-06 09:09:33", "elapsed": 260.088309, "delta": 1.659352}}
{"target": -33.46114628922244, "params": {"C": 171.61203586510348, "epsilon": 44.76840011157379, "gamma": 0.02994084973563525, "lamda": 0.16524230059269668}, "datetime": {"datetime": "2021-10-06 09:09:35", "elapsed": 261.81314, "delta": 1.724831}}
{"target": -33.302057639430295, "params": {"C": 17.227880022278345, "epsilon": 34.78199015956437, "gamma": 0.029655097710302274, "lamda": 0.03407127552326576}, "datetime": {"datetime": "2021-10-06 09:09:36", "elapsed": 263.360357, "delta": 1.547217}}
{"target": -34.0859978157261, "params": {"C": 33.544927398877135, "epsilon": 34.55224135127909, "gamma": 0.04876724655621776, "lamda": 0.18753199121486863}, "datetime": {"datetime": "2021-10-06 09:09:39", "elapsed": 265.738912, "delta": 2.378555}}
{"target": -33.39528855414503, "params": {"C": 161.65441533162706, "epsilon": 34.90533208393231, "gamma": 0.05027355314345714, "lamda": 0.06520376123970842}, "datetime": {"datetime": "2021-10-06 09:09:40", "elapsed": 267.064682, "delta": 1.32577}}
{"target": -34.09009805708436, "params": {"C": 34.7209452967335, "epsilon": 45.03342653372446, "gamma": 0.06827395236399401, "lamda": 0.1829804744579402}, "datetime": {"datetime": "2021-10-06 09:09:42", "elapsed": 268.780959, "delta": 1.716277}}
{"target": -33.447760441590624, "params": {"C": 175.01360380199202, "epsilon": 40.83640296173426, "gamma": 0.05822307824473551, "lamda": 0.07585764745451866}, "datetime": {"datetime": "2021-10-06 09:09:43", "elapsed": 270.376584, "delta": 1.595625}}
{"target": -33.87406348172903, "params": {"C": 168.51755075683164, "epsilon": 32.41621108113518, "gamma": 0.032610661436840806, "lamda": 0.17613507247515678}, "datetime": {"datetime": "2021-10-06 09:09:45", "elapsed": 272.342491, "delta": 1.965907}}
{"target": -33.1764621223765, "params": {"C": 37.277433683696316, "epsilon": 34.82379999017975, "gamma": 0.030699513811124932, "lamda": 0.022209370171393662}, "datetime": {"datetime": "2021-10-06 09:09:47", "elapsed": 273.982936, "delta": 1.640445}}
{"target": -33.80240652826264, "params": {"C": 34.23214331840186, "epsilon": 43.0378383264669, "gamma": 0.007905638205646255, "lamda": 0.00849931112937853}, "datetime": {"datetime": "2021-10-06 09:09:48", "elapsed": 275.495086, "delta": 1.51215}}
{"target": -34.03753656706088, "params": {"C": 78.48174051491667, "epsilon": 38.002486999458924, "gamma": 0.07391387136406033, "lamda": 0.12776920167483966}, "datetime": {"datetime": "2021-10-06 09:09:50", "elapsed": 277.544551, "delta": 2.049465}}
{"target": -33.67964289802226, "params": {"C": 25.005053084434998, "epsilon": 27.318569288233064, "gamma": 0.015078387772167112, "lamda": 0.12034623231456698}, "datetime": {"datetime": "2021-10-06 09:09:53", "elapsed": 279.818146, "delta": 2.273595}}
{"target": -39.68299466191898, "params": {"C": 30.91171023245215, "epsilon": 50.0, "gamma": 0.0001, "lamda": 0.0001}, "datetime": {"datetime": "2021-10-06 09:09:55", "elapsed": 281.640719, "delta": 1.822573}}
{"target": -33.773093996533106, "params": {"C": 32.814865268224, "epsilon": 47.46565229966917, "gamma": 0.05356086294620941, "lamda": 0.12623967949595105}, "datetime": {"datetime": "2021-10-06 09:09:57", "elapsed": 283.704881, "delta": 2.064162}}
{"target": -34.59737161902762, "params": {"C": 29.90081495072872, "epsilon": 47.62725617334698, "gamma": 0.005046113803207859, "lamda": 0.02157907919703694}, "datetime": {"datetime": "2021-10-06 09:09:58", "elapsed": 285.502159, "delta": 1.797278}}
{"target": -35.03301556014786, "params": {"C": 192.18523908185483, "epsilon": 46.48011539589014, "gamma": 0.0021054955865444877, "lamda": 0.176273661601544}, "datetime": {"datetime": "2021-10-06 09:10:00", "elapsed": 287.134258, "delta": 1.632099}}
{"target": -33.89547384341011, "params": {"C": 27.57772325366185, "epsilon": 49.13463930369821, "gamma": 0.026762725554669194, "lamda": 0.060148380069303446}, "datetime": {"datetime": "2021-10-06 09:10:02", "elapsed": 289.061496, "delta": 1.927238}}
{"target": -32.942839090855756, "params": {"C": 192.03441921097632, "epsilon": 34.0605850422975, "gamma": 0.013793336890503487, "lamda": 0.05193823306579789}, "datetime": {"datetime": "2021-10-06 09:10:04", "elapsed": 290.794091, "delta": 1.732595}}
{"target": -33.19901752760329, "params": {"C": 192.27100380048716, "epsilon": 32.627622825214544, "gamma": 0.025810515346337676, "lamda": 0.01764892923084464}, "datetime": {"datetime": "2021-10-06 09:10:06", "elapsed": 292.874532, "delta": 2.080441}}
{"target": -34.37171183833778, "params": {"C": 193.0886731385876, "epsilon": 31.52760623341752, "gamma": 0.06942329797988335, "lamda": 0.13669814342280862}, "datetime": {"datetime": "2021-10-06 09:10:07", "elapsed": 294.328763, "delta": 1.454231}}
{"target": -34.279168715062724, "params": {"C": 185.58328177614428, "epsilon": 39.56335886537866, "gamma": 0.06349657945763594, "lamda": 0.019842975946541806}, "datetime": {"datetime": "2021-10-06 09:10:09", "elapsed": 296.602518, "delta": 2.273755}}
{"target": -33.232977121667126, "params": {"C": 87.82284462458625, "epsilon": 39.08700266665002, "gamma": 0.035632675689856036, "lamda": 0.11758343009051908}, "datetime": {"datetime": "2021-10-06 09:10:12", "elapsed": 298.645192, "delta": 2.042674}}
{"target": -34.04943081073652, "params": {"C": 167.296312009881, "epsilon": 35.68885269484923, "gamma": 0.056213831342357176, "lamda": 0.016963706214978603}, "datetime": {"datetime": "2021-10-06 09:10:13", "elapsed": 300.610217, "delta": 1.965025}}
{"target": -34.14771109289553, "params": {"C": 172.28117683321014, "epsilon": 38.824304487040685, "gamma": 0.06597724565901485, "lamda": 0.18108681873522675}, "datetime": {"datetime": "2021-10-06 09:10:16", "elapsed": 302.778655, "delta": 2.168438}}
{"target": -33.94362554290607, "params": {"C": 171.80381656178258, "epsilon": 49.791954034474735, "gamma": 0.04193680619770323, "lamda": 0.08300905738841967}, "datetime": {"datetime": "2021-10-06 09:10:17", "elapsed": 304.555767, "delta": 1.777112}}
{"target": -33.54051452250174, "params": {"C": 33.269598959245066, "epsilon": 45.84491861226958, "gamma": 0.020212326660814326, "lamda": 0.07880411197432685}, "datetime": {"datetime": "2021-10-06 09:10:19", "elapsed": 306.375058, "delta": 1.819291}}
{"target": -34.1389045858906, "params": {"C": 159.29519923419633, "epsilon": 28.468988907720565, "gamma": 0.020051226816954128, "lamda": 0.1674769505581615}, "datetime": {"datetime": "2021-10-06 09:10:21", "elapsed": 307.672512, "delta": 1.297454}}
{"target": -33.42313676388542, "params": {"C": 26.59157120553772, "epsilon": 25.0136469438961, "gamma": 0.003743810559207448, "lamda": 0.0093993387307055}, "datetime": {"datetime": "2021-10-06 09:10:22", "elapsed": 309.402828, "delta": 1.730316}}
{"target": -33.5473201998289, "params": {"C": 177.17388619044024, "epsilon": 33.408905369777116, "gamma": 0.04963796206843335, "lamda": 0.1036966203945777}, "datetime": {"datetime": "2021-10-06 09:10:25", "elapsed": 311.794898, "delta": 2.39207}}
{"target": -36.58307854671337, "params": {"C": 25.136596195715512, "epsilon": 25.17421703921179, "gamma": 0.06109377546542178, "lamda": 0.19434287109363263}, "datetime": {"datetime": "2021-10-06 09:10:27", "elapsed": 314.295042, "delta": 2.500144}}
{"target": -34.16778642640874, "params": {"C": 21.891822621396305, "epsilon": 26.739432284418946, "gamma": 0.04123865291573069, "lamda": 0.006334154802521212}, "datetime": {"datetime": "2021-10-06 09:10:29", "elapsed": 316.138363, "delta": 1.843321}}
{"target": -32.88526404954773, "params": {"C": 38.66435394489921, "epsilon": 34.330705755078625, "gamma": 0.00677844078877756, "lamda": 0.044216186844406175}, "datetime": {"datetime": "2021-10-06 09:10:31", "elapsed": 318.051021, "delta": 1.912658}}
{"target": -33.88717894031609, "params": {"C": 40.23506418690202, "epsilon": 34.404124073912776, "gamma": 0.06064319255725488, "lamda": 0.1265957437898511}, "datetime": {"datetime": "2021-10-06 09:10:33", "elapsed": 320.134389, "delta": 2.083368}}
{"target": -34.87373326249166, "params": {"C": 186.30876305238954, "epsilon": 33.90431252303316, "gamma": 0.0018537667778146377, "lamda": 0.12389394085524304}, "datetime": {"datetime": "2021-10-06 09:10:35", "elapsed": 321.998944, "delta": 1.864555}}
{"target": -33.76428833705959, "params": {"C": 95.18523704985238, "epsilon": 42.97222170535143, "gamma": 0.05363094146618849, "lamda": 0.1849363983574874}, "datetime": {"datetime": "2021-10-06 09:10:37", "elapsed": 324.125623, "delta": 2.126679}}
{"target": -32.902098452566584, "params": {"C": 37.757922613091004, "epsilon": 33.69256521348939, "gamma": 0.008484022051200489, "lamda": 0.033762725453809844}, "datetime": {"datetime": "2021-10-06 09:10:39", "elapsed": 325.870566, "delta": 1.744943}}
{"target": -33.62416222286865, "params": {"C": 94.81090084340576, "epsilon": 40.63203434100471, "gamma": 0.061272022474045854, "lamda": 0.11845210921713654}, "datetime": {"datetime": "2021-10-06 09:10:41", "elapsed": 327.730916, "delta": 1.86035}}
{"target": -33.50402122282332, "params": {"C": 96.79918076985449, "epsilon": 41.72383780201805, "gamma": 0.05928965998035229, "lamda": 0.10096787892299675}, "datetime": {"datetime": "2021-10-06 09:10:43", "elapsed": 330.023211, "delta": 2.292295}}
{"target": -33.6305507598785, "params": {"C": 97.48188659019372, "epsilon": 40.39423843111139, "gamma": 0.004017600465790948, "lamda": 0.07256129837336404}, "datetime": {"datetime": "2021-10-06 09:10:45", "elapsed": 332.280004, "delta": 2.256793}}
{"target": -36.84965032526932, "params": {"C": 98.49704625198643, "epsilon": 41.77478967524282, "gamma": 0.08, "lamda": 0.0001}, "datetime": {"datetime": "2021-10-06 09:10:48", "elapsed": 335.444944, "delta": 3.16494}}
{"target": -33.00522098949566, "params": {"C": 96.3418873153153, "epsilon": 40.174065735916386, "gamma": 0.015298357605652154, "lamda": 0.045581838678475296}, "datetime": {"datetime": "2021-10-06 09:10:50", "elapsed": 337.391368, "delta": 1.946424}}
{"target": -34.126647334736234, "params": {"C": 97.42119903352207, "epsilon": 38.77638463546111, "gamma": 0.07878183544007733, "lamda": 0.12761810792030745}, "datetime": {"datetime": "2021-10-06 09:10:52", "elapsed": 339.204326, "delta": 1.812958}}
{"target": -35.48260773522835, "params": {"C": 96.12979777392908, "epsilon": 49.710752080091126, "gamma": 0.0688048031745196, "lamda": 0.018516103544829465}, "datetime": {"datetime": "2021-10-06 09:10:55", "elapsed": 341.991871, "delta": 2.787545}}
{"target": -37.61220638791147, "params": {"C": 173.49134383004784, "epsilon": 44.820154746570154, "gamma": 0.08, "lamda": 0.0001}, "datetime": {"datetime": "2021-10-06 09:10:57", "elapsed": 344.579633, "delta": 2.587762}}
{"target": -34.02537168250749, "params": {"C": 89.19891618975859, "epsilon": 46.626038967839925, "gamma": 0.07652899402873826, "lamda": 0.07622252575970291}, "datetime": {"datetime": "2021-10-06 09:11:00", "elapsed": 347.319676, "delta": 2.740043}}
{"target": -33.9577283370179, "params": {"C": 171.71522276043575, "epsilon": 43.2177991556299, "gamma": 0.04723178572643618, "lamda": 0.01386914825077168}, "datetime": {"datetime": "2021-10-06 09:11:03", "elapsed": 349.694287, "delta": 2.374611}}
{"target": -33.10205082709769, "params": {"C": 175.1894149827114, "epsilon": 38.61276323520157, "gamma": 0.021326678925700702, "lamda": 0.12363471230549934}, "datetime": {"datetime": "2021-10-06 09:11:05", "elapsed": 352.397956, "delta": 2.703669}}
{"target": -33.90431492075139, "params": {"C": 11.894613533064499, "epsilon": 35.23415460028306, "gamma": 0.04242317900885131, "lamda": 0.02210677230821694}, "datetime": {"datetime": "2021-10-06 09:11:08", "elapsed": 355.128206, "delta": 2.73025}}
{"target": -33.826070928034405, "params": {"C": 32.132427147703176, "epsilon": 44.24385028544086, "gamma": 0.0604209660382037, "lamda": 0.04865934139230244}, "datetime": {"datetime": "2021-10-06 09:11:11", "elapsed": 357.916843, "delta": 2.788637}}
{"target": -33.59129803828912, "params": {"C": 39.97971735120847, "epsilon": 31.065134342112145, "gamma": 0.03731577399826025, "lamda": 0.13133535729376078}, "datetime": {"datetime": "2021-10-06 09:11:13", "elapsed": 359.94577, "delta": 2.028927}}
{"target": -33.185270967101914, "params": {"C": 41.253642548480286, "epsilon": 32.428367232718486, "gamma": 0.01908265440641962, "lamda": 0.01851556750073294}, "datetime": {"datetime": "2021-10-06 09:11:16", "elapsed": 363.302212, "delta": 3.356442}}
{"target": -35.30048204935928, "params": {"C": 41.76940559814216, "epsilon": 31.11153810417344, "gamma": 0.07043034356833514, "lamda": 0.18022881245710623}, "datetime": {"datetime": "2021-10-06 09:11:18", "elapsed": 365.542846, "delta": 2.240634}}
{"target": -33.084416894040295, "params": {"C": 40.033774270444326, "epsilon": 32.763111872483606, "gamma": 0.01244854124800609, "lamda": 0.10341575548295445}, "datetime": {"datetime": "2021-10-06 09:11:20", "elapsed": 367.536179, "delta": 1.993333}}
{"target": -34.31104529496483, "params": {"C": 42.69805516000648, "epsilon": 33.67823596135687, "gamma": 0.06967093819361975, "lamda": 0.15046678581430326}, "datetime": {"datetime": "2021-10-06 09:11:22", "elapsed": 369.328783, "delta": 1.792604}}
{"target": -33.42504443132061, "params": {"C": 169.5115143417838, "epsilon": 39.951449124366825, "gamma": 0.05685660435325185, "lamda": 0.06239357241487638}, "datetime": {"datetime": "2021-10-06 09:11:24", "elapsed": 371.25887, "delta": 1.930087}}
{"target": -33.44448370434515, "params": {"C": 24.713585936920605, "epsilon": 33.89549247988753, "gamma": 0.04411940737174794, "lamda": 0.09537292040660451}, "datetime": {"datetime": "2021-10-06 09:11:26", "elapsed": 373.345498, "delta": 2.086628}}
{"target": -33.691698789129795, "params": {"C": 25.962557979732907, "epsilon": 35.128067918527776, "gamma": 0.0562165877787977, "lamda": 0.1139193468145618}, "datetime": {"datetime": "2021-10-06 09:11:28", "elapsed": 375.385752, "delta": 2.040254}}
{"target": -33.972134887762316, "params": {"C": 26.60384981679066, "epsilon": 33.511742321331724, "gamma": 0.0665069814134758, "lamda": 0.08417908948871493}, "datetime": {"datetime": "2021-10-06 09:11:31", "elapsed": 378.136639, "delta": 2.750887}}
{"target": -33.657348169763516, "params": {"C": 27.791878654173257, "epsilon": 35.300950850514646, "gamma": 0.04791861810037373, "lamda": 0.02212182843173964}, "datetime": {"datetime": "2021-10-06 09:11:33", "elapsed": 380.130217, "delta": 1.993578}}
{"target": -33.17685966632223, "params": {"C": 26.500991732291276, "epsilon": 36.638483982042814, "gamma": 0.03915489399832023, "lamda": 0.07210995765184046}, "datetime": {"datetime": "2021-10-06 09:11:35", "elapsed": 382.594021, "delta": 2.463804}}
{"target": -34.85916244365018, "params": {"C": 27.905739645650026, "epsilon": 37.0446806379359, "gamma": 0.08, "lamda": 0.2}, "datetime": {"datetime": "2021-10-06 09:11:38", "elapsed": 385.243197, "delta": 2.649176}}
{"target": -33.63960844492363, "params": {"C": 25.42965393294903, "epsilon": 37.75567079790626, "gamma": 0.04082960052801742, "lamda": 0.01974943092178295}, "datetime": {"datetime": "2021-10-06 09:11:42", "elapsed": 388.79838, "delta": 3.555183}}
{"target": -33.141328844345516, "params": {"C": 24.65429993133094, "epsilon": 39.40011926699442, "gamma": 0.021903265920821726, "lamda": 0.1251628946823717}, "datetime": {"datetime": "2021-10-06 09:11:45", "elapsed": 391.94348, "delta": 3.1451}}
{"target": -33.46722598972093, "params": {"C": 25.499555140345187, "epsilon": 40.57951785454942, "gamma": 0.04879276644556028, "lamda": 0.0459561087816737}, "datetime": {"datetime": "2021-10-06 09:11:47", "elapsed": 394.318611, "delta": 2.375131}}
{"target": -33.72180414311366, "params": {"C": 26.12790117246829, "epsilon": 39.290589609137335, "gamma": 0.0642076217258446, "lamda": 0.10460122183691342}, "datetime": {"datetime": "2021-10-06 09:11:50", "elapsed": 397.439864, "delta": 3.121253}}
{"target": -35.087728876373845, "params": {"C": 23.94126290936706, "epsilon": 40.571874032790696, "gamma": 0.07006143866396627, "lamda": 0.003847048139276577}, "datetime": {"datetime": "2021-10-06 09:11:53", "elapsed": 399.860162, "delta": 2.420298}}
{"target": -33.96317765798271, "params": {"C": 24.05653014877661, "epsilon": 38.20723931357658, "gamma": 0.07191073816222461, "lamda": 0.10402258161858938}, "datetime": {"datetime": "2021-10-06 09:11:56", "elapsed": 403.472313, "delta": 3.612151}}
{"target": -44.712657931877395, "params": {"C": 167.94753264913405, "epsilon": 39.51205356665658, "gamma": 0.0001, "lamda": 0.2}, "datetime": {"datetime": "2021-10-06 09:11:59", "elapsed": 406.300612, "delta": 2.828299}}
{"target": -33.709008600754395, "params": {"C": 170.53515454205044, "epsilon": 40.69371371122015, "gamma": 0.06090021584689201, "lamda": 0.043165244835679614}, "datetime": {"datetime": "2021-10-06 09:12:01", "elapsed": 408.451988, "delta": 2.151376}}
{"target": -34.0790854136013, "params": {"C": 27.474705305295164, "epsilon": 40.484443858261784, "gamma": 0.07850159719602638, "lamda": 0.0805035867790409}, "datetime": {"datetime": "2021-10-06 09:12:04", "elapsed": 410.701051, "delta": 2.249063}}
{"target": -34.07652715718965, "params": {"C": 19.847229293787034, "epsilon": 30.8863609095497, "gamma": 0.06632508067757563, "lamda": 0.07698826627877443}, "datetime": {"datetime": "2021-10-06 09:12:05", "elapsed": 412.569872, "delta": 1.868821}}
