{"target": -35.376175372897976, "params": {"C": 36.44709598293989, "epsilon": 49.44832583893438, "gamma": 0.022133025655552956, "lamda": 0.006013028157019452}, "datetime": {"datetime": "2021-10-06 09:07:15", "elapsed": 121.921576, "delta": 0.930106}}
{"target": -33.302286067820454, "params": {"C": 16.566514478402738, "epsilon": 36.03355181748369, "gamma": 0.035601285525471746, "lamda": 0.07646314071976522}, "datetime": {"datetime": "2021-10-06 09:07:16", "elapsed": 123.069986, "delta": 1.14841}}
{"target": -33.87530467082493, "params": {"C": 35.655326227843325, "epsilon": 43.43561459300407, "gamma": 0.05344941942313554, "lamda": 0.2}, "datetime": {"datetime": "2021-10-06 09:07:17", "elapsed": 124.106998, "delta": 1.037012}}
{"target": -34.064483988085, "params": {"C": 38.003826793736515, "epsilon": 42.213011953329264, "gamma": 0.07685571601218243, "lamda": 0.13193418679127197}, "datetime": {"datetime": "2021-10-06 09:07:18", "elapsed": 124.917002, "delta": 0.810004}}
{"target": -33.529246156192826, "params": {"C": 34.65144589159458, "epsilon": 41.0869098009785, "gamma": 0.039530035351606284, "lamda": 0.18066940708023732}, "datetime": {"datetime": "2021-10-06 09:07:19", "elapsed": 126.040844, "delta": 1.123842}}
{"target": -33.79990239347161, "params": {"C": 36.445412431049974, "epsilon": 39.651196603013794, "gamma": 0.04699575894507544, "lamda": 0.2}, "datetime": {"datetime": "2021-10-06 09:07:20", "elapsed": 126.846603, "delta": 0.805759}}
{"target": -33.46706531267239, "params": {"C": 33.67749166403028, "epsilon": 38.977116360577824, "gamma": 0.008499683524914547, "lamda": 0.005413630628153288}, "datetime": {"datetime": "2021-10-06 09:07:21", "elapsed": 127.834253, "delta": 0.98765}}
{"target": -33.12774052932297, "params": {"C": 31.851155574210573, "epsilon": 40.64472380974321, "gamma": 0.026456344464187827, "lamda": 0.05493327902648937}, "datetime": {"datetime": "2021-10-06 09:07:22", "elapsed": 128.783289, "delta": 0.949036}}
{"target": -36.83201738182158, "params": {"C": 31.605643540971467, "epsilon": 38.714962132038394, "gamma": 0.0015202139669159803, "lamda": 0.1976816108204624}, "datetime": {"datetime": "2021-10-06 09:07:22", "elapsed": 129.608045, "delta": 0.824756}}
{"target": -34.33391873757124, "params": {"C": 32.589952004858574, "epsilon": 42.46090175399641, "gamma": 0.028911641517934746, "lamda": 0.011815727107279465}, "datetime": {"datetime": "2021-10-06 09:07:23", "elapsed": 130.452433, "delta": 0.844388}}
{"target": -33.796760486374815, "params": {"C": 35.57768902915441, "epsilon": 37.466396638970345, "gamma": 0.002261332149937469, "lamda": 0.05654966367167014}, "datetime": {"datetime": "2021-10-06 09:07:24", "elapsed": 131.508811, "delta": 1.056378}}
{"target": -34.08472660655673, "params": {"C": 30.04358761874849, "epsilon": 41.93925422796921, "gamma": 0.07292686765987515, "lamda": 0.1623745587920496}, "datetime": {"datetime": "2021-10-06 09:07:25", "elapsed": 132.473127, "delta": 0.964316}}
{"target": -40.299811504600555, "params": {"C": 38.219390979502364, "epsilon": 37.67243380084208, "gamma": 0.0001, "lamda": 0.0001}, "datetime": {"datetime": "2021-10-06 09:07:27", "elapsed": 133.845901, "delta": 1.372774}}
{"target": -33.72229071108167, "params": {"C": 34.09064579144893, "epsilon": 35.72946242249768, "gamma": 0.06091476392936734, "lamda": 0.05140550878342383}, "datetime": {"datetime": "2021-10-06 09:07:28", "elapsed": 134.915416, "delta": 1.069515}}
{"target": -33.527542776187346, "params": {"C": 34.500683813028935, "epsilon": 33.098134628154384, "gamma": 0.0060087913358788025, "lamda": 0.14095064056391074}, "datetime": {"datetime": "2021-10-06 09:07:29", "elapsed": 135.78716, "delta": 0.871744}}
{"target": -34.12509993935709, "params": {"C": 32.231997043161726, "epsilon": 33.87542248387981, "gamma": 0.06558120229729883, "lamda": 0.14337573223398123}, "datetime": {"datetime": "2021-10-06 09:07:30", "elapsed": 136.734187, "delta": 0.947027}}
{"target": -34.12616243899313, "params": {"C": 37.669357946778845, "epsilon": 45.18189289202445, "gamma": 0.07896087907646487, "lamda": 0.13321671075100366}, "datetime": {"datetime": "2021-10-06 09:07:30", "elapsed": 137.599849, "delta": 0.865662}}
{"target": -33.76808793189057, "params": {"C": 23.21922498489538, "epsilon": 32.97487312758097, "gamma": 0.011286673454896175, "lamda": 0.1905530828489749}, "datetime": {"datetime": "2021-10-06 09:07:31", "elapsed": 138.421387, "delta": 0.821538}}
{"target": -33.69125801570602, "params": {"C": 36.45449882328142, "epsilon": 31.29211838366159, "gamma": 0.01646366401225533, "lamda": 0.1654475949490273}, "datetime": {"datetime": "2021-10-06 09:07:32", "elapsed": 139.386846, "delta": 0.965459}}
{"target": -40.50107749739452, "params": {"C": 27.31576898651688, "epsilon": 43.876298698749764, "gamma": 0.0001, "lamda": 0.0001}, "datetime": {"datetime": "2021-10-06 09:07:34", "elapsed": 140.756813, "delta": 1.369967}}
{"target": -33.165178933523514, "params": {"C": 33.02707706012296, "epsilon": 31.532843614689405, "gamma": 0.013961429917017038, "lamda": 0.1012457505230626}, "datetime": {"datetime": "2021-10-06 09:07:35", "elapsed": 141.825447, "delta": 1.068634}}
{"target": -42.2282086711874, "params": {"C": 30.670160634236325, "epsilon": 32.00743742734663, "gamma": 0.0001, "lamda": 0.0001}, "datetime": {"datetime": "2021-10-06 09:07:36", "elapsed": 143.01163, "delta": 1.186183}}
{"target": -35.090155324241906, "params": {"C": 32.34178773264261, "epsilon": 27.767612775494044, "gamma": 0.05888734922700512, "lamda": 0.16235168406777473}, "datetime": {"datetime": "2021-10-06 09:07:37", "elapsed": 143.881865, "delta": 0.870235}}
{"target": -36.032295670744574, "params": {"C": 181.89712459051296, "epsilon": 29.508617884764444, "gamma": 0.07440554965814533, "lamda": 0.19294693915872235}, "datetime": {"datetime": "2021-10-06 09:07:38", "elapsed": 144.755612, "delta": 0.873747}}
{"target": -34.31747681267158, "params": {"C": 40.708442166068906, "epsilon": 43.41887039156936, "gamma": 0.023431377218714973, "lamda": 0.003665126472054161}, "datetime": {"datetime": "2021-10-06 09:07:39", "elapsed": 145.833881, "delta": 1.078269}}
{"target": -34.16375462745794, "params": {"C": 154.09784011146795, "epsilon": 49.34006619586686, "gamma": 0.018028405017822324, "lamda": 0.10161342738136972}, "datetime": {"datetime": "2021-10-06 09:07:40", "elapsed": 146.951701, "delta": 1.11782}}
{"target": -33.5475198744046, "params": {"C": 34.587299009294185, "epsilon": 31.433235684752034, "gamma": 0.02414502973221191, "lamda": 0.14951382625229412}, "datetime": {"datetime": "2021-10-06 09:07:41", "elapsed": 147.939977, "delta": 0.988276}}
{"target": -34.58387475991876, "params": {"C": 150.7516784377527, "epsilon": 49.751975480791174, "gamma": 0.007909897880611336, "lamda": 0.12256152184309574}, "datetime": {"datetime": "2021-10-06 09:07:42", "elapsed": 148.970763, "delta": 1.030786}}
{"target": -32.99168145536072, "params": {"C": 165.14822102633445, "epsilon": 33.14397767757153, "gamma": 0.01766248010158549, "lamda": 0.06542496196323407}, "datetime": {"datetime": "2021-10-06 09:07:43", "elapsed": 149.891552, "delta": 0.920789}}
{"target": -33.66465324360776, "params": {"C": 163.62131976851103, "epsilon": 34.28884676380992, "gamma": 0.05727320275466672, "lamda": 0.09498630041606022}, "datetime": {"datetime": "2021-10-06 09:07:44", "elapsed": 150.917357, "delta": 1.025805}}
{"target": -34.81376308838164, "params": {"C": 164.15378315004176, "epsilon": 31.663816499429448, "gamma": 0.0694356809733397, "lamda": 0.01689097539950686}, "datetime": {"datetime": "2021-10-06 09:07:45", "elapsed": 151.943387, "delta": 1.02603}}
{"target": -33.040965614817196, "params": {"C": 165.53604065721572, "epsilon": 34.87458964950102, "gamma": 0.030545544447442462, "lamda": 0.05819349632455132}, "datetime": {"datetime": "2021-10-06 09:07:46", "elapsed": 153.085572, "delta": 1.142185}}
{"target": -33.082651346100974, "params": {"C": 166.9905861682501, "epsilon": 32.99871019631162, "gamma": 0.026128987039465392, "lamda": 0.08158436126994027}, "datetime": {"datetime": "2021-10-06 09:07:47", "elapsed": 154.05111, "delta": 0.965538}}
{"target": -45.31684059592511, "params": {"C": 164.40956620022232, "epsilon": 36.72975770611794, "gamma": 0.0001, "lamda": 0.2}, "datetime": {"datetime": "2021-10-06 09:07:48", "elapsed": 155.023801, "delta": 0.972691}}
{"target": -33.049077174269115, "params": {"C": 166.9921244415827, "epsilon": 34.32610503311716, "gamma": 0.023445591406868988, "lamda": 0.09068043000330478}, "datetime": {"datetime": "2021-10-06 09:07:49", "elapsed": 155.981155, "delta": 0.957354}}
{"target": -33.163609623021365, "params": {"C": 160.73609485960608, "epsilon": 33.65120928528979, "gamma": 0.03152254505376286, "lamda": 0.10062101816551851}, "datetime": {"datetime": "2021-10-06 09:07:50", "elapsed": 156.893166, "delta": 0.912011}}
{"target": -33.0584324431696, "params": {"C": 159.74834207392988, "epsilon": 31.820375125571697, "gamma": 0.011405939393867066, "lamda": 0.08953616177913946}, "datetime": {"datetime": "2021-10-06 09:07:51", "elapsed": 157.875111, "delta": 0.981945}}
{"target": -33.364057098306674, "params": {"C": 158.65663661859983, "epsilon": 33.610066652282754, "gamma": 0.04685961001569361, "lamda": 0.05846704446624814}, "datetime": {"datetime": "2021-10-06 09:07:52", "elapsed": 158.999207, "delta": 1.124096}}
{"target": -33.68949439823623, "params": {"C": 157.4226906203168, "epsilon": 31.239254635254735, "gamma": 0.056304725245915434, "lamda": 0.05106595803272624}, "datetime": {"datetime": "2021-10-06 09:07:53", "elapsed": 159.990161, "delta": 0.990954}}
{"target": -34.26652905118191, "params": {"C": 160.42135372113952, "epsilon": 29.77821691168896, "gamma": 0.044448371113193795, "lamda": 0.1646659283459691}, "datetime": {"datetime": "2021-10-06 09:07:54", "elapsed": 161.20875, "delta": 1.218589}}
{"target": -37.08047604841494, "params": {"C": 159.45407059403297, "epsilon": 35.691702878360736, "gamma": 0.08, "lamda": 0.0001}, "datetime": {"datetime": "2021-10-06 09:07:55", "elapsed": 162.527935, "delta": 1.319185}}
{"target": -33.658222900575154, "params": {"C": 161.92343020884027, "epsilon": 32.222783595095926, "gamma": 0.038292706656428734, "lamda": 0.012690770978104607}, "datetime": {"datetime": "2021-10-06 09:07:56", "elapsed": 163.556067, "delta": 1.028132}}
{"target": -33.739950706858394, "params": {"C": 156.08129426746024, "epsilon": 33.39874244838432, "gamma": 0.0539462023151372, "lamda": 0.12121202520286668}, "datetime": {"datetime": "2021-10-06 09:07:58", "elapsed": 164.672535, "delta": 1.116468}}
{"target": -33.6727773817158, "params": {"C": 154.24049986992074, "epsilon": 31.449989206059257, "gamma": 0.04075455265221483, "lamda": 0.13549959184937754}, "datetime": {"datetime": "2021-10-06 09:07:59", "elapsed": 165.748095, "delta": 1.07556}}
{"target": -34.27092754727549, "params": {"C": 155.49145281640642, "epsilon": 29.215438367152558, "gamma": 0.07149203299280771, "lamda": 0.050770003965886906}, "datetime": {"datetime": "2021-10-06 09:08:00", "elapsed": 166.81488, "delta": 1.066785}}
{"target": -33.00962069520445, "params": {"C": 152.95060132374655, "epsilon": 33.83880222603436, "gamma": 0.012882818135682919, "lamda": 0.1015687999901851}, "datetime": {"datetime": "2021-10-06 09:08:01", "elapsed": 167.868486, "delta": 1.053606}}
{"target": -34.32983522142525, "params": {"C": 151.7354599214171, "epsilon": 32.14481232097001, "gamma": 0.07235599101970959, "lamda": 0.03172470962960568}, "datetime": {"datetime": "2021-10-06 09:08:02", "elapsed": 169.021934, "delta": 1.153448}}
{"target": -33.6959261506172, "params": {"C": 153.83768515173028, "epsilon": 35.640220287405306, "gamma": 0.06208197928285989, "lamda": 0.053701740129927275}, "datetime": {"datetime": "2021-10-06 09:08:03", "elapsed": 170.165484, "delta": 1.14355}}
{"target": -36.64160204837232, "params": {"C": 151.29215889601622, "epsilon": 34.97909054578322, "gamma": 0.07133520564158309, "lamda": 0.00010007119862736683}, "datetime": {"datetime": "2021-10-06 09:08:04", "elapsed": 171.601045, "delta": 1.435561}}
{"target": -44.99257006412584, "params": {"C": 154.8112690530205, "epsilon": 38.23320970349894, "gamma": 0.0001, "lamda": 0.2}, "datetime": {"datetime": "2021-10-06 09:08:06", "elapsed": 172.919133, "delta": 1.318088}}
{"target": -46.019145987252195, "params": {"C": 154.41481193117536, "epsilon": 33.972959856774054, "gamma": 0.0001, "lamda": 0.2}, "datetime": {"datetime": "2021-10-06 09:08:07", "elapsed": 174.429649, "delta": 1.510516}}
{"target": -32.915217247432, "params": {"C": 166.0322579317208, "epsilon": 33.904148568763084, "gamma": 0.011149793409304535, "lamda": 0.04047705996905833}, "datetime": {"datetime": "2021-10-06 09:08:09", "elapsed": 175.765975, "delta": 1.336326}}
{"target": -34.082111228420345, "params": {"C": 157.39477913022102, "epsilon": 33.44053746213014, "gamma": 0.07075849167663649, "lamda": 0.0427577679711145}, "datetime": {"datetime": "2021-10-06 09:08:10", "elapsed": 176.801156, "delta": 1.035181}}
{"target": -33.39957573741877, "params": {"C": 158.6130935939852, "epsilon": 32.411772874304205, "gamma": 0.04705611609936268, "lamda": 0.04671571531694086}, "datetime": {"datetime": "2021-10-06 09:08:11", "elapsed": 177.882891, "delta": 1.081735}}
{"target": -33.44210915782071, "params": {"C": 14.243279293755016, "epsilon": 36.27935879857549, "gamma": 0.028139344590685147, "lamda": 0.1599974790710325}, "datetime": {"datetime": "2021-10-06 09:08:12", "elapsed": 179.020858, "delta": 1.137967}}
{"target": -33.32396739053039, "params": {"C": 21.124016954248617, "epsilon": 37.910581103987404, "gamma": 0.0428078179242288, "lamda": 0.05875526134776886}, "datetime": {"datetime": "2021-10-06 09:08:13", "elapsed": 180.452585, "delta": 1.431727}}
{"target": -33.18036718646294, "params": {"C": 178.8173467063938, "epsilon": 34.377169881081485, "gamma": 0.014690892538335363, "lamda": 0.013339407973559066}, "datetime": {"datetime": "2021-10-06 09:08:14", "elapsed": 181.505729, "delta": 1.053144}}
{"target": -32.877251859290695, "params": {"C": 162.28070299735342, "epsilon": 33.889325942135216, "gamma": 0.007214199813166551, "lamda": 0.06539314636838632}, "datetime": {"datetime": "2021-10-06 09:08:16", "elapsed": 182.779583, "delta": 1.273854}}
{"target": -33.73626617486928, "params": {"C": 191.55065136594652, "epsilon": 44.515025895173395, "gamma": 0.04443751521392994, "lamda": 0.0325617154109111}, "datetime": {"datetime": "2021-10-06 09:08:17", "elapsed": 184.182641, "delta": 1.403058}}
{"target": -33.926162839768075, "params": {"C": 33.09406391946661, "epsilon": 40.765298731730596, "gamma": 0.06855779210648945, "lamda": 0.14712059964227178}, "datetime": {"datetime": "2021-10-06 09:08:18", "elapsed": 185.346741, "delta": 1.1641}}
{"target": -33.628868915559174, "params": {"C": 34.83687698349121, "epsilon": 39.55609814724491, "gamma": 0.059628300587223064, "lamda": 0.060756772813783666}, "datetime": {"datetime": "2021-10-06 09:08:19", "elapsed": 186.548821, "delta": 1.20208}}
{"target": -34.763202470589874, "params": {"C": 37.10450063740119, "epsilon": 29.044822638209247, "gamma": 0.073135344096324, "lamda": 0.013199020045234877}, "datetime": {"datetime": "2021-10-06 09:08:20", "elapsed": 187.601619, "delta": 1.052798}}
{"target": -33.83791239508941, "params": {"C": 156.16471594456314, "epsilon": 32.00531502153949, "gamma": 0.004285760742316423, "lamda": 0.13183226774485604}, "datetime": {"datetime": "2021-10-06 09:08:21", "elapsed": 188.590242, "delta": 0.988623}}
{"target": -33.11382343102851, "params": {"C": 36.2399313250282, "epsilon": 33.945761020711885, "gamma": 0.02251161895082105, "lamda": 0.02545805776708964}, "datetime": {"datetime": "2021-10-06 09:08:23", "elapsed": 190.399372, "delta": 1.80913}}
{"target": -33.91401987657785, "params": {"C": 35.69504867355113, "epsilon": 35.74069771914475, "gamma": 0.06408746314774617, "lamda": 0.1284805364217736}, "datetime": {"datetime": "2021-10-06 09:08:25", "elapsed": 191.662437, "delta": 1.263065}}
{"target": -33.92498390828009, "params": {"C": 36.37539975457174, "epsilon": 41.456281591421, "gamma": 0.06976598805046315, "lamda": 0.05636475168536521}, "datetime": {"datetime": "2021-10-06 09:08:26", "elapsed": 192.866261, "delta": 1.203824}}
{"target": -34.362951091929915, "params": {"C": 166.2311567605269, "epsilon": 31.846094541119985, "gamma": 0.07998922496221758, "lamda": 0.06530186765516106}, "datetime": {"datetime": "2021-10-06 09:08:27", "elapsed": 194.197146, "delta": 1.330885}}
{"target": -33.35720043348532, "params": {"C": 152.07083340373472, "epsilon": 33.66152024414066, "gamma": 0.028199731614273027, "lamda": 0.009160025048934723}, "datetime": {"datetime": "2021-10-06 09:08:29", "elapsed": 195.934989, "delta": 1.737843}}
{"target": -44.846152637479456, "params": {"C": 153.13511935571123, "epsilon": 30.04334400009793, "gamma": 0.0001884206486294915, "lamda": 0.14641962250777063}, "datetime": {"datetime": "2021-10-06 09:08:30", "elapsed": 197.454746, "delta": 1.519757}}
{"target": -33.89236228500323, "params": {"C": 174.91030258605875, "epsilon": 45.6499365465581, "gamma": 0.060049976132715135, "lamda": 0.17240110298277297}, "datetime": {"datetime": "2021-10-06 09:08:32", "elapsed": 198.766474, "delta": 1.311728}}
{"target": -33.284255646941425, "params": {"C": 157.57461893840286, "epsilon": 29.205841869576354, "gamma": 0.009365865850486254, "lamda": 0.09650235297267032}, "datetime": {"datetime": "2021-10-06 09:08:33", "elapsed": 199.950729, "delta": 1.184255}}
{"target": -33.58042863859629, "params": {"C": 158.90639767005717, "epsilon": 30.371001585082706, "gamma": 0.04034411698655368, "lamda": 0.12073574203875119}, "datetime": {"datetime": "2021-10-06 09:08:34", "elapsed": 201.199917, "delta": 1.249188}}
{"target": -35.6174181844976, "params": {"C": 156.87474195862018, "epsilon": 27.60018559663088, "gamma": 0.05693168309499102, "lamda": 0.18545188151249314}, "datetime": {"datetime": "2021-10-06 09:08:35", "elapsed": 202.43725, "delta": 1.237333}}
{"target": -33.126038602576166, "params": {"C": 33.43089958497919, "epsilon": 30.022408930197987, "gamma": 0.011425984415380525, "lamda": 0.023415647277233782}, "datetime": {"datetime": "2021-10-06 09:08:37", "elapsed": 203.74738, "delta": 1.31013}}
{"target": -34.211051773932226, "params": {"C": 93.0458653118699, "epsilon": 47.61360888265545, "gamma": 0.0657485273393667, "lamda": 0.04319844594989142}, "datetime": {"datetime": "2021-10-06 09:08:38", "elapsed": 205.592202, "delta": 1.844822}}
{"target": -35.20298814715096, "params": {"C": 22.47568785285255, "epsilon": 31.15089829331125, "gamma": 0.0788421730328475, "lamda": 0.16071857408587212}, "datetime": {"datetime": "2021-10-06 09:08:40", "elapsed": 207.301136, "delta": 1.708934}}
{"target": -33.29827547984103, "params": {"C": 13.684638085412347, "epsilon": 37.955414600300706, "gamma": 0.027724874184181545, "lamda": 0.13567194416495412}, "datetime": {"datetime": "2021-10-06 09:08:41", "elapsed": 208.604644, "delta": 1.303508}}
{"target": -35.12829479575485, "params": {"C": 184.3067602801467, "epsilon": 38.02856649065922, "gamma": 0.04096106382752402, "lamda": 0.0017503364421034364}, "datetime": {"datetime": "2021-10-06 09:08:43", "elapsed": 210.240694, "delta": 1.63605}}
{"target": -34.39797230480716, "params": {"C": 27.462375333995148, "epsilon": 26.95480510785869, "gamma": 0.043837277684488904, "lamda": 0.14476704035426227}, "datetime": {"datetime": "2021-10-06 09:08:44", "elapsed": 211.617944, "delta": 1.37725}}
{"target": -40.77485657346113, "params": {"C": 33.95532306553558, "epsilon": 37.40013261254869, "gamma": 0.0001, "lamda": 0.0001}, "datetime": {"datetime": "2021-10-06 09:08:46", "elapsed": 213.282043, "delta": 1.664099}}
{"target": -33.3449941502981, "params": {"C": 34.81400440127493, "epsilon": 34.40360703257106, "gamma": 0.039215957663831354, "lamda": 0.11379042179261682}, "datetime": {"datetime": "2021-10-06 09:08:47", "elapsed": 214.568099, "delta": 1.286056}}
{"target": -33.96794471049482, "params": {"C": 170.4364970573201, "epsilon": 47.77705455519541, "gamma": 0.029052034320133736, "lamda": 0.03290871029505528}, "datetime": {"datetime": "2021-10-06 09:08:49", "elapsed": 216.457813, "delta": 1.889714}}
{"target": -44.36956853430864, "params": {"C": 189.45199388157462, "epsilon": 41.08956340509933, "gamma": 0.0001, "lamda": 0.2}, "datetime": {"datetime": "2021-10-06 09:08:51", "elapsed": 217.747856, "delta": 1.290043}}
{"target": -33.929339639092696, "params": {"C": 190.78618897324318, "epsilon": 39.081822761908015, "gamma": 0.06499968219131302, "lamda": 0.15736134933679605}, "datetime": {"datetime": "2021-10-06 09:08:52", "elapsed": 219.294713, "delta": 1.546857}}
{"target": -33.32654228864467, "params": {"C": 33.48203106651021, "epsilon": 44.4815228354537, "gamma": 0.019621649332493177, "lamda": 0.09318988693617539}, "datetime": {"datetime": "2021-10-06 09:08:53", "elapsed": 220.343354, "delta": 1.048641}}
{"target": -33.47363508562697, "params": {"C": 187.05319265542113, "epsilon": 39.623096022828456, "gamma": 0.029156322439215406, "lamda": 0.18673619102435213}, "datetime": {"datetime": "2021-10-06 09:08:54", "elapsed": 221.440676, "delta": 1.097322}}
{"target": -33.34494598804775, "params": {"C": 190.43269662755412, "epsilon": 43.446970231253154, "gamma": 0.030410112846427324, "lamda": 0.1403658308194308}, "datetime": {"datetime": "2021-10-06 09:08:56", "elapsed": 223.195664, "delta": 1.754988}}
{"target": -33.38593965294648, "params": {"C": 172.06603199278922, "epsilon": 33.66202575933084, "gamma": 0.023785471252539915, "lamda": 0.1496475273544042}, "datetime": {"datetime": "2021-10-06 09:08:58", "elapsed": 224.644672, "delta": 1.449008}}
{"target": -33.21607462612229, "params": {"C": 83.45732475648236, "epsilon": 38.2678071261583, "gamma": 0.041988955114236524, "lamda": 0.037120204842379295}, "datetime": {"datetime": "2021-10-06 09:08:59", "elapsed": 226.306546, "delta": 1.661874}}
