{"target": -42.69732298908951, "params": {"C": 187.70150449534898, "epsilon": 28.286295388704268, "gamma": 0.2425597994110128, "lamda": 0.18926319320114343}, "datetime": {"datetime": "2021-10-05 14:22:26", "elapsed": 101.654552, "delta": 1.011814}}
{"target": -47.5408807449038, "params": {"C": 53.89628046512973, "epsilon": 22.009100446910885, "gamma": 0.2522689547415273, "lamda": 0.2753901741429018}, "datetime": {"datetime": "2021-10-05 14:22:27", "elapsed": 102.364709, "delta": 0.710157}}
{"target": -34.54168146121484, "params": {"C": 160.60978358953201, "epsilon": 28.540883898016315, "gamma": 0.012392723457890682, "lamda": 0.19041285230447064}, "datetime": {"datetime": "2021-10-05 14:22:28", "elapsed": 103.479033, "delta": 1.114324}}
{"target": -40.100323085512485, "params": {"C": 160.57145758003895, "epsilon": 28.25947585402894, "gamma": 0.009688945301377544, "lamda": 0.39302255281052617}, "datetime": {"datetime": "2021-10-05 14:22:29", "elapsed": 104.615907, "delta": 1.136874}}
{"target": -48.06245960730711, "params": {"C": 174.72258723346536, "epsilon": 3.636559436695202, "gamma": 0.049512785449756555, "lamda": 0.28018923508599497}, "datetime": {"datetime": "2021-10-05 14:22:30", "elapsed": 105.314699, "delta": 0.698792}}
{"target": -47.13086708331441, "params": {"C": 117.69766316482794, "epsilon": 14.526443811499867, "gamma": 0.05327100137978439, "lamda": 0.361020345885572}, "datetime": {"datetime": "2021-10-05 14:22:31", "elapsed": 106.036786, "delta": 0.722087}}
{"target": -34.44549199319586, "params": {"C": 34.6950178674159, "epsilon": 27.05882162359955, "gamma": 0.04571227853103208, "lamda": 0.00488285344857028}, "datetime": {"datetime": "2021-10-05 14:22:32", "elapsed": 107.484648, "delta": 1.447862}}
{"target": -38.94121538995869, "params": {"C": 160.54601866899665, "epsilon": 28.710439001403643, "gamma": 0.2204351573270002, "lamda": 0.03905248429973417}, "datetime": {"datetime": "2021-10-05 14:22:33", "elapsed": 108.584352, "delta": 1.099704}}
{"target": -34.49036652229782, "params": {"C": 160.16921223370267, "epsilon": 28.10622009862187, "gamma": 0.07609100738601698, "lamda": 0.05162247095492965}, "datetime": {"datetime": "2021-10-05 14:22:34", "elapsed": 109.48862, "delta": 0.904268}}
{"target": -44.2759752061347, "params": {"C": 159.72353761036894, "epsilon": 27.92137035350408, "gamma": 0.19396093154275815, "lamda": 0.31296200610546454}, "datetime": {"datetime": "2021-10-05 14:22:35", "elapsed": 110.505151, "delta": 1.016531}}
{"target": -43.75674274408857, "params": {"C": 40.544270249511754, "epsilon": 25.088074166271575, "gamma": 0.25725552796467793, "lamda": 0.18377207030994658}, "datetime": {"datetime": "2021-10-05 14:22:36", "elapsed": 111.609304, "delta": 1.104153}}
{"target": -43.86992848157256, "params": {"C": 160.20732086687687, "epsilon": 28.155365537520492, "gamma": 0.2990844739020947, "lamda": 0.17166145242868436}, "datetime": {"datetime": "2021-10-05 14:22:38", "elapsed": 112.736847, "delta": 1.127543}}
{"target": -47.392378554872316, "params": {"C": 161.00159027128595, "epsilon": 28.435316855783608, "gamma": 0.33419797154346237, "lamda": 0.3190289097774454}, "datetime": {"datetime": "2021-10-05 14:22:39", "elapsed": 113.762774, "delta": 1.025927}}
{"target": -46.478809448691756, "params": {"C": 57.08294683047025, "epsilon": 3.7580584080234694, "gamma": 0.24925158982827178, "lamda": 0.024267266168469217}, "datetime": {"datetime": "2021-10-05 14:22:39", "elapsed": 114.559857, "delta": 0.797083}}
{"target": -37.69102900577631, "params": {"C": 52.672506994506605, "epsilon": 7.685963582354052, "gamma": 0.05127015685914215, "lamda": 0.019564224321328493}, "datetime": {"datetime": "2021-10-05 14:22:40", "elapsed": 115.353244, "delta": 0.793387}}
{"target": -52.983206307024766, "params": {"C": 52.34796436874383, "epsilon": 7.6544593344225165, "gamma": 0.19419958530311943, "lamda": 0.2994506303059265}, "datetime": {"datetime": "2021-10-05 14:22:41", "elapsed": 116.542244, "delta": 1.189}}
{"target": -45.28154932808109, "params": {"C": 154.99460034432852, "epsilon": 3.8293823333860306, "gamma": 0.23266236256570477, "lamda": 0.06130238525080684}, "datetime": {"datetime": "2021-10-05 14:22:42", "elapsed": 117.292919, "delta": 0.750675}}
{"target": -33.21578503334225, "params": {"C": 160.16010132135403, "epsilon": 28.441466171363707, "gamma": 0.0174794681742834, "lamda": 0.04794003277063174}, "datetime": {"datetime": "2021-10-05 14:22:44", "elapsed": 118.734359, "delta": 1.44144}}
{"target": -35.30167838785886, "params": {"C": 40.5745155696776, "epsilon": 26.136348905898668, "gamma": 0.05728004647029929, "lamda": 0.001158538405675709}, "datetime": {"datetime": "2021-10-05 14:22:45", "elapsed": 119.996983, "delta": 1.262624}}
{"target": -38.51901146233486, "params": {"C": 40.221830838189945, "epsilon": 25.941434870710776, "gamma": 0.18221859214975683, "lamda": 0.02444794364246156}, "datetime": {"datetime": "2021-10-05 14:22:46", "elapsed": 121.151937, "delta": 1.154954}}
{"target": -37.10210378395191, "params": {"C": 159.8336351309777, "epsilon": 28.449207294571266, "gamma": 0.12780495269028755, "lamda": 0.01897155481620735}, "datetime": {"datetime": "2021-10-05 14:22:47", "elapsed": 122.52916, "delta": 1.377223}}
{"target": -54.62584061371398, "params": {"C": 80.728409761258, "epsilon": 4.194394769194985, "gamma": 0.39565512764024335, "lamda": 0.2093725303808848}, "datetime": {"datetime": "2021-10-05 14:22:48", "elapsed": 123.289912, "delta": 0.760752}}
{"target": -36.67722365760239, "params": {"C": 62.36055465869038, "epsilon": 20.275914184597337, "gamma": 0.0888274379279477, "lamda": 0.00395990242359609}, "datetime": {"datetime": "2021-10-05 14:22:50", "elapsed": 124.806207, "delta": 1.516295}}
{"target": -36.979768579002794, "params": {"C": 159.86351958277479, "epsilon": 28.646107016030925, "gamma": 0.005801003615470302, "lamda": 0.26108149661851165}, "datetime": {"datetime": "2021-10-05 14:22:51", "elapsed": 126.078489, "delta": 1.272282}}
{"target": -34.82571975298145, "params": {"C": 35.034120177438325, "epsilon": 27.059352264135324, "gamma": 0.0846983280898626, "lamda": 0.036042582515085055}, "datetime": {"datetime": "2021-10-05 14:22:52", "elapsed": 127.246192, "delta": 1.167703}}
{"target": -51.27664208792263, "params": {"C": 62.70369440255591, "epsilon": 19.789536061264656, "gamma": 0.3192160052224845, "lamda": 0.31789639213117515}, "datetime": {"datetime": "2021-10-05 14:22:53", "elapsed": 128.543979, "delta": 1.297787}}
{"target": -39.32979474240478, "params": {"C": 159.51052830615728, "epsilon": 28.861465181807052, "gamma": 0.23099299539397528, "lamda": 0.08027263863194753}, "datetime": {"datetime": "2021-10-05 14:22:55", "elapsed": 130.024531, "delta": 1.480552}}
{"target": -33.17699695100647, "params": {"C": 35.31886049745122, "epsilon": 27.183667319958108, "gamma": 0.004165572736952262, "lamda": 0.018613689827541476}, "datetime": {"datetime": "2021-10-05 14:22:56", "elapsed": 131.194811, "delta": 1.17028}}
{"target": -45.637096633440436, "params": {"C": 68.3494849430645, "epsilon": 16.084374047572695, "gamma": 0.11256577299048322, "lamda": 0.2940496830661734}, "datetime": {"datetime": "2021-10-05 14:22:57", "elapsed": 131.995955, "delta": 0.801144}}
{"target": -55.968122356415506, "params": {"C": 48.141198319237496, "epsilon": 9.810017656181191, "gamma": 0.33055730840180175, "lamda": 0.283592360501304}, "datetime": {"datetime": "2021-10-05 14:22:58", "elapsed": 132.932514, "delta": 0.936559}}
{"target": -33.576012689065074, "params": {"C": 41.22542420743625, "epsilon": 26.5954304944289, "gamma": 0.04026616504559792, "lamda": 0.057190658989338124}, "datetime": {"datetime": "2021-10-05 14:22:59", "elapsed": 134.160854, "delta": 1.22834}}
{"target": -54.04271665927091, "params": {"C": 117.11176132936679, "epsilon": 5.828027312854759, "gamma": 0.08387448810006912, "lamda": 0.34428066951730374}, "datetime": {"datetime": "2021-10-05 14:23:00", "elapsed": 134.988015, "delta": 0.827161}}
{"target": -47.86266915865289, "params": {"C": 56.93743157581633, "epsilon": 26.231240477002505, "gamma": 0.39857524135666955, "lamda": 0.23948468979141085}, "datetime": {"datetime": "2021-10-05 14:23:01", "elapsed": 135.771633, "delta": 0.783618}}
{"target": -33.84596288287616, "params": {"C": 35.81318163838624, "epsilon": 26.69667005977214, "gamma": 0.007828551711572077, "lamda": 0.1070239424070923}, "datetime": {"datetime": "2021-10-05 14:23:02", "elapsed": 137.211668, "delta": 1.440035}}
{"target": -35.67071115425538, "params": {"C": 35.707980206765434, "epsilon": 26.21986414895256, "gamma": 0.09096035718324592, "lamda": 0.1117530954682996}, "datetime": {"datetime": "2021-10-05 14:23:04", "elapsed": 138.817151, "delta": 1.605483}}
{"target": -43.66381714136182, "params": {"C": 34.960747796286554, "epsilon": 27.4759624602262, "gamma": 0.306213265604731, "lamda": 0.15016185375692723}, "datetime": {"datetime": "2021-10-05 14:23:05", "elapsed": 140.524711, "delta": 1.70756}}
{"target": -38.47661112330311, "params": {"C": 175.33262550789777, "epsilon": 27.061896182911138, "gamma": 0.05410352201659716, "lamda": 0.29068624987976277}, "datetime": {"datetime": "2021-10-05 14:23:06", "elapsed": 141.308233, "delta": 0.783522}}
{"target": -41.835180985528254, "params": {"C": 35.40486167394156, "epsilon": 26.945605997136823, "gamma": 0.29861633773380997, "lamda": 0.0769924174720273}, "datetime": {"datetime": "2021-10-05 14:23:08", "elapsed": 142.728946, "delta": 1.420713}}
{"target": -41.74816722950547, "params": {"C": 53.09660400310586, "epsilon": 7.252981355960565, "gamma": 0.1280543165959825, "lamda": 0.10724888715229344}, "datetime": {"datetime": "2021-10-05 14:23:09", "elapsed": 144.442026, "delta": 1.71308}}
{"target": -43.546366283946355, "params": {"C": 36.040155241302834, "epsilon": 26.57375589365909, "gamma": 0.2171685452575823, "lamda": 0.23740470732693203}, "datetime": {"datetime": "2021-10-05 14:23:11", "elapsed": 145.964376, "delta": 1.52235}}
{"target": -41.3908583771357, "params": {"C": 22.04527951028153, "epsilon": 24.44422988042286, "gamma": 0.2911496527037063, "lamda": 0.003211281900734888}, "datetime": {"datetime": "2021-10-05 14:23:12", "elapsed": 146.867139, "delta": 0.902763}}
{"target": -35.976748130063456, "params": {"C": 160.45794601172338, "epsilon": 28.287296536289357, "gamma": 0.0001, "lamda": 0.0001}, "datetime": {"datetime": "2021-10-05 14:23:14", "elapsed": 148.746259, "delta": 1.87912}}
{"target": -41.52047313290619, "params": {"C": 35.74449724100611, "epsilon": 27.465128599222787, "gamma": 0.12780682222131748, "lamda": 0.2927096018684226}, "datetime": {"datetime": "2021-10-05 14:23:15", "elapsed": 150.129945, "delta": 1.383686}}
{"target": -38.588864491325545, "params": {"C": 36.00709705602752, "epsilon": 25.84717064343258, "gamma": 0.07857506729462164, "lamda": 0.2411255154100025}, "datetime": {"datetime": "2021-10-05 14:23:17", "elapsed": 151.724829, "delta": 1.594884}}
{"target": -60.02356683994906, "params": {"C": 186.53209587951878, "epsilon": 9.232774930983153, "gamma": 0.34172838831578234, "lamda": 0.35035604808676896}, "datetime": {"datetime": "2021-10-05 14:23:17", "elapsed": 152.556962, "delta": 0.832133}}
{"target": -42.55001819314953, "params": {"C": 41.02797329417809, "epsilon": 26.931126864724753, "gamma": 0.1668820744636679, "lamda": 0.2680406994084287}, "datetime": {"datetime": "2021-10-05 14:23:19", "elapsed": 154.28068, "delta": 1.723718}}
{"target": -60.9728860436003, "params": {"C": 13.637447053166607, "epsilon": 1.4083491671839612, "gamma": 0.30047534052663855, "lamda": 0.20983958676380862}, "datetime": {"datetime": "2021-10-05 14:23:20", "elapsed": 155.133265, "delta": 0.852585}}
{"target": -55.420698452151974, "params": {"C": 144.15640244612598, "epsilon": 8.881644059501072, "gamma": 0.1547475847796003, "lamda": 0.3526214090309233}, "datetime": {"datetime": "2021-10-05 14:23:21", "elapsed": 156.015592, "delta": 0.882327}}
{"target": -43.84858485311361, "params": {"C": 35.95843596030242, "epsilon": 25.248795660384886, "gamma": 0.17568649961946353, "lamda": 0.2802801994575036}, "datetime": {"datetime": "2021-10-05 14:23:22", "elapsed": 157.436012, "delta": 1.42042}}
{"target": -44.2372968613637, "params": {"C": 164.21855064431426, "epsilon": 5.60694891605538, "gamma": 0.0001, "lamda": 0.0001}, "datetime": {"datetime": "2021-10-05 14:23:24", "elapsed": 159.16274, "delta": 1.726728}}
{"target": -48.830121743636916, "params": {"C": 53.45760445105623, "epsilon": 7.799621826758305, "gamma": 0.3385467836227599, "lamda": 0.09369507941070286}, "datetime": {"datetime": "2021-10-05 14:23:26", "elapsed": 160.87241, "delta": 1.70967}}
{"target": -41.905468432108236, "params": {"C": 47.45524840603061, "epsilon": 2.5511140297316715, "gamma": 0.1093885199546872, "lamda": 0.04628331723871957}, "datetime": {"datetime": "2021-10-05 14:23:27", "elapsed": 161.824778, "delta": 0.952368}}
{"target": -34.22803109267619, "params": {"C": 40.639605469981134, "epsilon": 26.588719030756575, "gamma": 0.0024394050763269825, "lamda": 0.06906625215678902}, "datetime": {"datetime": "2021-10-05 14:23:28", "elapsed": 163.397805, "delta": 1.573027}}
{"target": -36.032845195167546, "params": {"C": 68.98289610569384, "epsilon": 20.179343471199704, "gamma": 0.0894041404719731, "lamda": 0.05291074925594267}, "datetime": {"datetime": "2021-10-05 14:23:29", "elapsed": 164.226173, "delta": 0.828368}}
{"target": -49.60290945175437, "params": {"C": 135.19356574935264, "epsilon": 7.802804459173998, "gamma": 0.29485578111647015, "lamda": 0.17122295340848706}, "datetime": {"datetime": "2021-10-05 14:23:30", "elapsed": 165.337098, "delta": 1.110925}}
{"target": -55.552268933066415, "params": {"C": 57.751234773867594, "epsilon": 14.12132257279152, "gamma": 0.21086512413131472, "lamda": 0.3797756187899031}, "datetime": {"datetime": "2021-10-05 14:23:31", "elapsed": 166.213315, "delta": 0.876217}}
{"target": -37.84597152851974, "params": {"C": 40.3350047506372, "epsilon": 27.160940864140787, "gamma": 0.05576376982806989, "lamda": 0.2650413326865632}, "datetime": {"datetime": "2021-10-05 14:23:32", "elapsed": 167.54437, "delta": 1.331055}}
{"target": -39.99619605133876, "params": {"C": 68.56966828310505, "epsilon": 20.636089017407855, "gamma": 0.1989979609552358, "lamda": 0.03552406201984571}, "datetime": {"datetime": "2021-10-05 14:23:34", "elapsed": 169.467111, "delta": 1.922741}}
{"target": -42.421757073989745, "params": {"C": 130.64224047626809, "epsilon": 5.704641316643366, "gamma": 0.02395951969635319, "lamda": 0.1988485495699051}, "datetime": {"datetime": "2021-10-05 14:23:35", "elapsed": 170.399044, "delta": 0.931933}}
{"target": -41.25111139645104, "params": {"C": 69.31414221301254, "epsilon": 20.468738927711517, "gamma": 0.014185566621358763, "lamda": 0.3289308012337523}, "datetime": {"datetime": "2021-10-05 14:23:37", "elapsed": 172.132931, "delta": 1.733887}}
{"target": -46.259965370685194, "params": {"C": 68.84479374185372, "epsilon": 19.56906748587428, "gamma": 0.3175779529071628, "lamda": 0.1574529872851758}, "datetime": {"datetime": "2021-10-05 14:23:38", "elapsed": 173.569173, "delta": 1.436242}}
{"target": -49.85583269907386, "params": {"C": 69.03158658805583, "epsilon": 20.325321314858662, "gamma": 0.37182334579395065, "lamda": 0.23749218312218787}, "datetime": {"datetime": "2021-10-05 14:23:40", "elapsed": 175.330966, "delta": 1.761793}}
{"target": -46.86279803035785, "params": {"C": 40.57393551688962, "epsilon": 27.635551184006868, "gamma": 0.34394403631288706, "lamda": 0.26257225717964}, "datetime": {"datetime": "2021-10-05 14:23:42", "elapsed": 177.351322, "delta": 2.020356}}
{"target": -49.53692052121541, "params": {"C": 40.311265746216684, "epsilon": 26.738815003595406, "gamma": 0.36440457867246245, "lamda": 0.3725431390837704}, "datetime": {"datetime": "2021-10-05 14:23:44", "elapsed": 178.889987, "delta": 1.538665}}
{"target": -35.1072079779421, "params": {"C": 83.85949682635136, "epsilon": 17.655461099476703, "gamma": 0.042307858226440835, "lamda": 0.012272395682093366}, "datetime": {"datetime": "2021-10-05 14:23:45", "elapsed": 180.586117, "delta": 1.69613}}
{"target": -36.8679964204032, "params": {"C": 35.60538838274697, "epsilon": 26.587299831794304, "gamma": 0.052866235735701844, "lamda": 0.22913117467814362}, "datetime": {"datetime": "2021-10-05 14:23:48", "elapsed": 182.694139, "delta": 2.108022}}
{"target": -43.3174010055397, "params": {"C": 151.91422787503677, "epsilon": 23.434795830351533, "gamma": 0.3520168811864566, "lamda": 0.06655700648641005}, "datetime": {"datetime": "2021-10-05 14:23:49", "elapsed": 183.867965, "delta": 1.173826}}
{"target": -51.966285684739965, "params": {"C": 84.31356337222411, "epsilon": 17.58899737571917, "gamma": 0.2336318315435493, "lamda": 0.3515280233257799}, "datetime": {"datetime": "2021-10-05 14:23:50", "elapsed": 185.35378, "delta": 1.485815}}
{"target": -36.64302292154339, "params": {"C": 35.523152369495435, "epsilon": 25.98288199879773, "gamma": 0.006312881983876843, "lamda": 0.2221414025466052}, "datetime": {"datetime": "2021-10-05 14:23:52", "elapsed": 187.213965, "delta": 1.860185}}
{"target": -33.29973008551909, "params": {"C": 160.34787275032517, "epsilon": 27.77603812311281, "gamma": 0.005315381625744912, "lamda": 0.026264923406233136}, "datetime": {"datetime": "2021-10-05 14:23:54", "elapsed": 189.186485, "delta": 1.97252}}
{"target": -42.78441156817812, "params": {"C": 36.09688843320339, "epsilon": 20.923271434090953, "gamma": 0.08643485485295446, "lamda": 0.3012184183436062}, "datetime": {"datetime": "2021-10-05 14:23:55", "elapsed": 190.093057, "delta": 0.906572}}
{"target": -35.840526659210525, "params": {"C": 160.25076877997952, "epsilon": 28.82299171834923, "gamma": 0.0001, "lamda": 0.0001}, "datetime": {"datetime": "2021-10-05 14:23:57", "elapsed": 192.386746, "delta": 2.293689}}
{"target": -35.89326609655548, "params": {"C": 40.48393897518092, "epsilon": 25.635309019669666, "gamma": 0.10991675837068697, "lamda": 0.029411142375521355}, "datetime": {"datetime": "2021-10-05 14:23:59", "elapsed": 194.004475, "delta": 1.617729}}
{"target": -44.554185136731675, "params": {"C": 160.6190026305512, "epsilon": 27.256478172120644, "gamma": 0.3442974381221577, "lamda": 0.14991080000763332}, "datetime": {"datetime": "2021-10-05 14:24:01", "elapsed": 196.109488, "delta": 2.105013}}
{"target": -56.30845005358401, "params": {"C": 129.2237361148066, "epsilon": 3.2512126559826955, "gamma": 0.3321567792833278, "lamda": 0.2661155286266427}, "datetime": {"datetime": "2021-10-05 14:24:02", "elapsed": 197.621124, "delta": 1.511636}}
{"target": -56.22931456224508, "params": {"C": 51.57663717159362, "epsilon": 6.390859330526592, "gamma": 0.2978917067986933, "lamda": 0.2785602185677147}, "datetime": {"datetime": "2021-10-05 14:24:04", "elapsed": 198.901043, "delta": 1.279919}}
{"target": -36.04248778279537, "params": {"C": 18.24920075389029, "epsilon": 23.322287669810386, "gamma": 0.03761680121969743, "lamda": 0.18277362330491057}, "datetime": {"datetime": "2021-10-05 14:24:05", "elapsed": 200.202367, "delta": 1.301324}}
{"target": -49.00368463546362, "params": {"C": 18.145839086498107, "epsilon": 23.72121874165861, "gamma": 0.3184758056697048, "lamda": 0.30343925580795655}, "datetime": {"datetime": "2021-10-05 14:24:07", "elapsed": 202.477671, "delta": 2.275304}}
{"target": -35.54642825032525, "params": {"C": 18.54066479549593, "epsilon": 23.132887030437566, "gamma": 0.07873007327312348, "lamda": 0.046674713608588436}, "datetime": {"datetime": "2021-10-05 14:24:09", "elapsed": 204.214306, "delta": 1.736635}}
{"target": -35.91256334277087, "params": {"C": 18.235508821776232, "epsilon": 22.489351261206412, "gamma": 0.010498359406928337, "lamda": 0.17568766536647448}, "datetime": {"datetime": "2021-10-05 14:24:11", "elapsed": 206.383589, "delta": 2.169283}}
{"target": -49.898283647897365, "params": {"C": 17.73483539726713, "epsilon": 22.337180392947094, "gamma": 0.3227660598017469, "lamda": 0.3128585471347354}, "datetime": {"datetime": "2021-10-05 14:24:13", "elapsed": 208.544321, "delta": 2.160732}}
{"target": -56.143505052555255, "params": {"C": 79.37730637214533, "epsilon": 20.21478556009429, "gamma": 0.0001, "lamda": 0.4}, "datetime": {"datetime": "2021-10-05 14:24:16", "elapsed": 210.890142, "delta": 2.345821}}
{"target": -42.52177113118493, "params": {"C": 18.533974436871933, "epsilon": 22.491472931393794, "gamma": 0.21303418633765883, "lamda": 0.14788581705315595}, "datetime": {"datetime": "2021-10-05 14:24:18", "elapsed": 213.0155, "delta": 2.125358}}
{"target": -37.59229400561741, "params": {"C": 18.184034593319133, "epsilon": 22.814173218176723, "gamma": 0.07078188825792882, "lamda": 0.18574189232572189}, "datetime": {"datetime": "2021-10-05 14:24:20", "elapsed": 215.139168, "delta": 2.123668}}
{"target": -38.73872387743043, "params": {"C": 83.4284987846319, "epsilon": 17.81146381960175, "gamma": 0.14411872187891533, "lamda": 0.046516773709584604}, "datetime": {"datetime": "2021-10-05 14:24:22", "elapsed": 217.456492, "delta": 2.317324}}
{"target": -42.89298262289066, "params": {"C": 19.032018834086177, "epsilon": 23.28852113564796, "gamma": 0.14557540843889866, "lamda": 0.2636281960473473}, "datetime": {"datetime": "2021-10-05 14:24:24", "elapsed": 219.271759, "delta": 1.815267}}
{"target": -33.468886172113876, "params": {"C": 159.7838636209854, "epsilon": 29.564913720694808, "gamma": 0.04528595996667508, "lamda": 0.03799583162635999}, "datetime": {"datetime": "2021-10-05 14:24:26", "elapsed": 221.3058, "delta": 2.034041}}
{"target": -35.76098698086594, "params": {"C": 159.90113253356688, "epsilon": 29.68225671501805, "gamma": 0.01745063345888239, "lamda": 0.2760450162178255}, "datetime": {"datetime": "2021-10-05 14:24:28", "elapsed": 223.379757, "delta": 2.073957}}
