{"target": -34.090210562225955, "params": {"C": 156.13484840267284, "epsilon": 48.36010818103007, "gamma": 0.07222592860720914, "lamda": 0.13241096716868478}, "datetime": {"datetime": "2021-10-06 09:12:08", "elapsed": 415.279814, "delta": 2.709942}}
{"target": -33.955599294130565, "params": {"C": 196.12865666954116, "epsilon": 46.79435379327025, "gamma": 0.010634745645244794, "lamda": 0.10408738679812728}, "datetime": {"datetime": "2021-10-06 09:12:10", "elapsed": 417.278456, "delta": 1.998642}}
{"target": -34.17537227812346, "params": {"C": 170.4333725894102, "epsilon": 38.6116011440591, "gamma": 0.07468359617938929, "lamda": 0.0383808612502511}, "datetime": {"datetime": "2021-10-06 09:12:12", "elapsed": 419.18293, "delta": 1.904474}}
{"target": -33.350594653537286, "params": {"C": 183.00858236841123, "epsilon": 34.98911190031632, "gamma": 0.04897168618076679, "lamda": 0.05153946513682408}, "datetime": {"datetime": "2021-10-06 09:12:14", "elapsed": 421.621234, "delta": 2.438304}}
{"target": -33.62494626688126, "params": {"C": 183.91125881289838, "epsilon": 33.89078465816822, "gamma": 0.03925075813103706, "lamda": 0.15051723942571144}, "datetime": {"datetime": "2021-10-06 09:12:17", "elapsed": 423.858207, "delta": 2.236973}}
{"target": -35.15113535505607, "params": {"C": 84.19270731689936, "epsilon": 35.280758229289454, "gamma": 0.08, "lamda": 0.2}, "datetime": {"datetime": "2021-10-06 09:12:19", "elapsed": 426.04789, "delta": 2.189683}}
{"target": -34.103906102289436, "params": {"C": 12.927859400657042, "epsilon": 39.29638332501428, "gamma": 0.002924046131647669, "lamda": 0.05468502841692103}, "datetime": {"datetime": "2021-10-06 09:12:21", "elapsed": 428.468796, "delta": 2.420906}}
{"target": -34.12948616795738, "params": {"C": 85.44656360076104, "epsilon": 47.84370440338116, "gamma": 0.07864826172744681, "lamda": 0.11924394794084964}, "datetime": {"datetime": "2021-10-06 09:12:24", "elapsed": 431.177585, "delta": 2.708789}}
{"target": -33.17971488234612, "params": {"C": 184.22807452135612, "epsilon": 31.98718303210547, "gamma": 0.031029983758586673, "lamda": 0.09300373521462901}, "datetime": {"datetime": "2021-10-06 09:12:27", "elapsed": 434.052697, "delta": 2.875112}}
{"target": -34.84055539150421, "params": {"C": 185.1800045658739, "epsilon": 30.481587688058813, "gamma": 0.004254473688545274, "lamda": 0.17370527419774895}, "datetime": {"datetime": "2021-10-06 09:12:29", "elapsed": 436.360291, "delta": 2.307594}}
{"target": -33.70536355144033, "params": {"C": 197.8528826091138, "epsilon": 45.0077671730935, "gamma": 0.04264113612286178, "lamda": 0.19318335245913196}, "datetime": {"datetime": "2021-10-06 09:12:32", "elapsed": 438.989913, "delta": 2.629622}}
{"target": -33.36081325720889, "params": {"C": 199.58229066254174, "epsilon": 44.35284734325637, "gamma": 0.03455596785471959, "lamda": 0.06894269582129808}, "datetime": {"datetime": "2021-10-06 09:12:34", "elapsed": 441.508031, "delta": 2.518118}}
{"target": -34.00127608186432, "params": {"C": 199.14370857883745, "epsilon": 45.91895724567304, "gamma": 0.07524041265965856, "lamda": 0.1193866474547011}, "datetime": {"datetime": "2021-10-06 09:12:37", "elapsed": 444.58131, "delta": 3.073279}}
{"target": -33.44899429323021, "params": {"C": 199.4785436428067, "epsilon": 42.81147571743255, "gamma": 0.010968273728976248, "lamda": 0.1519659562470514}, "datetime": {"datetime": "2021-10-06 09:12:40", "elapsed": 447.062462, "delta": 2.481152}}
{"target": -37.54309900988518, "params": {"C": 198.0950045166223, "epsilon": 43.393269749214085, "gamma": 0.08, "lamda": 0.0001}, "datetime": {"datetime": "2021-10-06 09:12:44", "elapsed": 451.144182, "delta": 4.08172}}
{"target": -44.30657731529815, "params": {"C": 200.0, "epsilon": 41.435676786564926, "gamma": 0.0001, "lamda": 0.2}, "datetime": {"datetime": "2021-10-06 09:12:46", "elapsed": 453.583991, "delta": 2.439809}}
{"target": -34.41087243669605, "params": {"C": 187.17977256671065, "epsilon": 36.55469377325539, "gamma": 0.07020372484793778, "lamda": 0.18610957484496718}, "datetime": {"datetime": "2021-10-06 09:12:49", "elapsed": 455.669556, "delta": 2.085565}}
{"target": -33.655806773371246, "params": {"C": 177.1253708018934, "epsilon": 40.918188193732355, "gamma": 0.0650112058945082, "lamda": 0.06295317733102068}, "datetime": {"datetime": "2021-10-06 09:12:51", "elapsed": 458.275591, "delta": 2.606035}}
{"target": -33.396221925051805, "params": {"C": 169.71629851597189, "epsilon": 31.219593716160354, "gamma": 0.04437889008196182, "lamda": 0.050104322189444946}, "datetime": {"datetime": "2021-10-06 09:12:54", "elapsed": 461.502154, "delta": 3.226563}}
{"target": -38.678541048545284, "params": {"C": 175.64681388171556, "epsilon": 44.21847138677968, "gamma": 0.0006909263075161507, "lamda": 0.16990935679178035}, "datetime": {"datetime": "2021-10-06 09:12:58", "elapsed": 464.75734, "delta": 3.255186}}
{"target": -33.23119738354788, "params": {"C": 173.41953189970576, "epsilon": 42.85689705087351, "gamma": 0.021236629359871136, "lamda": 0.13856754009943517}, "datetime": {"datetime": "2021-10-06 09:13:00", "elapsed": 467.04077, "delta": 2.28343}}
{"target": -37.57204179054997, "params": {"C": 178.05984209833625, "epsilon": 43.569620913987585, "gamma": 0.08, "lamda": 0.0001}, "datetime": {"datetime": "2021-10-06 09:13:03", "elapsed": 469.968731, "delta": 2.927961}}
{"target": -33.866011613446304, "params": {"C": 19.956134378159454, "epsilon": 36.71107981739828, "gamma": 0.034779950013841286, "lamda": 0.007631261765487485}, "datetime": {"datetime": "2021-10-06 09:13:05", "elapsed": 472.174323, "delta": 2.205592}}
{"target": -34.70124567789281, "params": {"C": 187.32797734413916, "epsilon": 38.51326716299643, "gamma": 0.0001, "lamda": 0.0001}, "datetime": {"datetime": "2021-10-06 09:13:08", "elapsed": 474.756501, "delta": 2.582178}}
{"target": -32.96952134017893, "params": {"C": 190.68502862874524, "epsilon": 42.48304123214942, "gamma": 0.01862490358697991, "lamda": 0.014618473151918073}, "datetime": {"datetime": "2021-10-06 09:13:10", "elapsed": 477.097329, "delta": 2.340828}}
{"target": -33.64656933661087, "params": {"C": 156.7145725466345, "epsilon": 30.11525051478945, "gamma": 0.04597785488550882, "lamda": 0.10926179795801767}, "datetime": {"datetime": "2021-10-06 09:13:13", "elapsed": 480.15343, "delta": 3.056101}}
{"target": -33.53494875827907, "params": {"C": 182.91765488148127, "epsilon": 31.711963085698297, "gamma": 0.045873549769960824, "lamda": 0.02287351559498227}, "datetime": {"datetime": "2021-10-06 09:13:16", "elapsed": 483.090412, "delta": 2.936982}}
{"target": -33.85054079571147, "params": {"C": 182.92720560620282, "epsilon": 36.32645718050961, "gamma": 0.06968909135750043, "lamda": 0.07146235591597087}, "datetime": {"datetime": "2021-10-06 09:13:19", "elapsed": 485.880998, "delta": 2.790586}}
{"target": -34.44765810416913, "params": {"C": 189.09532728211187, "epsilon": 35.245884579159494, "gamma": 0.07666122271760742, "lamda": 0.15907187728865738}, "datetime": {"datetime": "2021-10-06 09:13:21", "elapsed": 488.080123, "delta": 2.199125}}
{"target": -42.13836465176754, "params": {"C": 283.4044009405148, "epsilon": 36.48292044097942, "gamma": 0.00010913854790585645, "lamda": 0.06053628126910478}, "datetime": {"datetime": "2021-10-06 09:13:24", "elapsed": 0.0, "delta": 0.0}}
{"target": -33.048635171038, "params": {"C": 229.35117816342262, "epsilon": 30.83104735291918, "gamma": 0.014982190889075904, "lamda": 0.06917758933590526}, "datetime": {"datetime": "2021-10-06 09:13:24", "elapsed": 0.197654, "delta": 0.197654}}
{"target": -33.34320813652189, "params": {"C": 279.35349484613397, "epsilon": 34.849350606030214, "gamma": 0.033593641700823254, "lamda": 0.13707537812931223}, "datetime": {"datetime": "2021-10-06 09:13:24", "elapsed": 0.437279, "delta": 0.239625}}
{"target": -34.26182914064418, "params": {"C": 240.89044994630348, "epsilon": 37.903056927518506, "gamma": 0.0022882686965143, "lamda": 0.1341264552846626}, "datetime": {"datetime": "2021-10-06 09:13:25", "elapsed": 0.727261, "delta": 0.289982}}
{"target": -32.89932280455049, "params": {"C": 283.4609604734254, "epsilon": 35.02820845601177, "gamma": 0.011316916393759178, "lamda": 0.039700487668067275}, "datetime": {"datetime": "2021-10-06 09:13:25", "elapsed": 1.027653, "delta": 0.300392}}
{"target": -33.18538789327356, "params": {"C": 360.1489137351073, "epsilon": 38.714354181474576, "gamma": 0.0251425918349235, "lamda": 0.1384952908722959}, "datetime": {"datetime": "2021-10-06 09:13:25", "elapsed": 1.253001, "delta": 0.225348}}
{"target": -33.192164610676016, "params": {"C": 375.2778304592076, "epsilon": 38.05145997153463, "gamma": 0.006895032488445255, "lamda": 0.007907051168253184}, "datetime": {"datetime": "2021-10-06 09:13:25", "elapsed": 1.617514, "delta": 0.364513}}
{"target": -33.01621189324058, "params": {"C": 233.96608391291377, "epsilon": 37.903282530864715, "gamma": 0.007957912023260702, "lamda": 0.08427941423850994}, "datetime": {"datetime": "2021-10-06 09:13:26", "elapsed": 1.85856, "delta": 0.241046}}
{"target": -33.52224891975111, "params": {"C": 391.5779060301004, "epsilon": 34.79848756475715, "gamma": 0.05538098140464282, "lamda": 0.06317157463811199}, "datetime": {"datetime": "2021-10-06 09:13:26", "elapsed": 2.100325, "delta": 0.241765}}
{"target": -35.57133363597033, "params": {"C": 337.30018553631675, "epsilon": 37.51163104707636, "gamma": 0.0015612333598009254, "lamda": 0.150053848557499}, "datetime": {"datetime": "2021-10-06 09:13:26", "elapsed": 2.318812, "delta": 0.218487}}
{"target": -36.38249430979262, "params": {"C": 229.3311025173554, "epsilon": 30.858974387329933, "gamma": 0.07502145012534558, "lamda": 0.0073977214799365735}, "datetime": {"datetime": "2021-10-06 09:13:26", "elapsed": 2.614264, "delta": 0.295452}}
{"target": -33.70404019233843, "params": {"C": 288.51146349109246, "epsilon": 33.721236371406604, "gamma": 0.043869615168275096, "lamda": 0.14886589615688972}, "datetime": {"datetime": "2021-10-06 09:13:27", "elapsed": 2.972736, "delta": 0.358472}}
{"target": -34.95718621045022, "params": {"C": 324.6771372557175, "epsilon": 32.00902082941237, "gamma": 0.07673166229715227, "lamda": 0.1609565344925031}, "datetime": {"datetime": "2021-10-06 09:13:27", "elapsed": 3.342627, "delta": 0.369891}}
{"target": -34.18219851834153, "params": {"C": 204.24125473052578, "epsilon": 37.27093115664049, "gamma": 0.07719195773414474, "lamda": 0.14044439814599474}, "datetime": {"datetime": "2021-10-06 09:13:28", "elapsed": 3.651818, "delta": 0.309191}}
{"target": -34.303065922746825, "params": {"C": 272.88383831348574, "epsilon": 30.201583000202035, "gamma": 0.01227790626112027, "lamda": 0.19430715262391243}, "datetime": {"datetime": "2021-10-06 09:13:28", "elapsed": 3.912367, "delta": 0.260549}}
{"target": -35.5086084893464, "params": {"C": 399.06004159370605, "epsilon": 32.9265525529444, "gamma": 0.06536759204085452, "lamda": 0.009022328048481461}, "datetime": {"datetime": "2021-10-06 09:13:28", "elapsed": 4.29456, "delta": 0.382193}}
{"target": -33.932421516372536, "params": {"C": 396.24625879571306, "epsilon": 32.43375595632965, "gamma": 0.06472192294377448, "lamda": 0.08936721049255285}, "datetime": {"datetime": "2021-10-06 09:13:28", "elapsed": 4.595037, "delta": 0.300477}}
{"target": -33.39596645414851, "params": {"C": 264.9751522798024, "epsilon": 35.722032745672145, "gamma": 0.03210035823793733, "lamda": 0.15033580450292944}, "datetime": {"datetime": "2021-10-06 09:13:29", "elapsed": 4.884937, "delta": 0.2899}}
{"target": -33.21360225230755, "params": {"C": 261.1822441340889, "epsilon": 36.08987973611724, "gamma": 0.04415540008917094, "lamda": 0.06323994780407122}, "datetime": {"datetime": "2021-10-06 09:13:29", "elapsed": 5.185064, "delta": 0.300127}}
{"target": -33.17813825868707, "params": {"C": 279.43690616412385, "epsilon": 31.747601067772734, "gamma": 0.0043231925595388675, "lamda": 0.06905591103346972}, "datetime": {"datetime": "2021-10-06 09:13:29", "elapsed": 5.500956, "delta": 0.315892}}
{"target": -32.95268537722545, "params": {"C": 201.8927304317238, "epsilon": 34.95183810111964, "gamma": 0.013042863276907218, "lamda": 0.09561205991457188}, "datetime": {"datetime": "2021-10-06 09:13:30", "elapsed": 5.796374, "delta": 0.295418}}
{"target": -33.5986620371003, "params": {"C": 266.47053305260476, "epsilon": 34.36313255862265, "gamma": 0.033404422064197505, "lamda": 0.1641839728037179}, "datetime": {"datetime": "2021-10-06 09:13:30", "elapsed": 6.085142, "delta": 0.288768}}
{"target": -34.05481843921713, "params": {"C": 246.8114148402138, "epsilon": 34.023016701108546, "gamma": 0.04405376607232878, "lamda": 0.18984161921645953}, "datetime": {"datetime": "2021-10-06 09:13:30", "elapsed": 6.386015, "delta": 0.300873}}
{"target": -33.17684571054579, "params": {"C": 223.57421263661445, "epsilon": 34.954779861990104, "gamma": 0.03936806472269436, "lamda": 0.029277516109679307}, "datetime": {"datetime": "2021-10-06 09:13:31", "elapsed": 6.686991, "delta": 0.300976}}
{"target": -33.38502265457448, "params": {"C": 252.5440417366018, "epsilon": 30.196504697803803, "gamma": 0.013480837252608006, "lamda": 0.12836143128725358}, "datetime": {"datetime": "2021-10-06 09:13:31", "elapsed": 6.972289, "delta": 0.285298}}
{"target": -33.615020735536795, "params": {"C": 239.21625995265515, "epsilon": 33.60332201872204, "gamma": 0.04127474126589856, "lamda": 0.014110219285811751}, "datetime": {"datetime": "2021-10-06 09:13:31", "elapsed": 7.311058, "delta": 0.338769}}
{"target": -34.0954967441974, "params": {"C": 236.15770393554308, "epsilon": 32.44594165045122, "gamma": 0.06430289535039081, "lamda": 0.12964290486431673}, "datetime": {"datetime": "2021-10-06 09:13:31", "elapsed": 7.627494, "delta": 0.316436}}
{"target": -34.07430729712478, "params": {"C": 226.74259554908892, "epsilon": 34.570637477388935, "gamma": 0.07113935543633584, "lamda": 0.11347610218838186}, "datetime": {"datetime": "2021-10-06 09:13:32", "elapsed": 7.943883, "delta": 0.316389}}
{"target": -34.41240240526767, "params": {"C": 230.32736108391663, "epsilon": 31.838377088189297, "gamma": 0.05383080371556907, "lamda": 0.17497489098348973}, "datetime": {"datetime": "2021-10-06 09:13:32", "elapsed": 8.276005, "delta": 0.332122}}
{"target": -33.83818353954764, "params": {"C": 363.6083898023341, "epsilon": 31.47174040869257, "gamma": 0.0013011540781663917, "lamda": 0.032281642847949564}, "datetime": {"datetime": "2021-10-06 09:13:32", "elapsed": 8.593108, "delta": 0.317103}}
{"target": -33.61954643792949, "params": {"C": 397.2019378875496, "epsilon": 36.37494875908453, "gamma": 0.04664279436046642, "lamda": 0.14925027211269132}, "datetime": {"datetime": "2021-10-06 09:13:33", "elapsed": 8.90923, "delta": 0.316122}}
{"target": -33.07714269227498, "params": {"C": 379.79980666630706, "epsilon": 34.06997503926748, "gamma": 0.031997267689362535, "lamda": 0.062374489027893505}, "datetime": {"datetime": "2021-10-06 09:13:33", "elapsed": 9.232317, "delta": 0.323087}}
{"target": -33.06603995281345, "params": {"C": 340.34021623494436, "epsilon": 33.458122477429455, "gamma": 0.021542391521068488, "lamda": 0.09788775740377435}, "datetime": {"datetime": "2021-10-06 09:13:33", "elapsed": 9.607116, "delta": 0.374799}}
{"target": -33.4996296050241, "params": {"C": 398.8476568484989, "epsilon": 32.30257479435509, "gamma": 0.04952844365652755, "lamda": 0.07403055839259295}, "datetime": {"datetime": "2021-10-06 09:13:34", "elapsed": 9.951363, "delta": 0.344247}}
{"target": -34.66499941176879, "params": {"C": 370.2039822569759, "epsilon": 37.04660549452626, "gamma": 0.07218500841650202, "lamda": 0.01876862847801541}, "datetime": {"datetime": "2021-10-06 09:13:34", "elapsed": 10.290708, "delta": 0.339345}}
{"target": -32.88120096321383, "params": {"C": 278.92470731459, "epsilon": 35.837728305544324, "gamma": 0.012631835631618994, "lamda": 0.08352667974374633}, "datetime": {"datetime": "2021-10-06 09:13:35", "elapsed": 10.706934, "delta": 0.416226}}
{"target": -34.143030899852945, "params": {"C": 307.85290531378547, "epsilon": 33.528654653009866, "gamma": 0.07498610670987908, "lamda": 0.08438833450129334}, "datetime": {"datetime": "2021-10-06 09:13:35", "elapsed": 11.023475, "delta": 0.316541}}
{"target": -33.47190217776472, "params": {"C": 297.69980577033635, "epsilon": 30.577753566508875, "gamma": 0.02643797503705528, "lamda": 0.1280721467305468}, "datetime": {"datetime": "2021-10-06 09:13:35", "elapsed": 11.37127, "delta": 0.347795}}
{"target": -33.89940812922269, "params": {"C": 281.1072277086836, "epsilon": 30.12572315370281, "gamma": 0.03271123507822052, "lamda": 0.15759530531460797}, "datetime": {"datetime": "2021-10-06 09:13:36", "elapsed": 11.725392, "delta": 0.354122}}
{"target": -34.560868247532255, "params": {"C": 331.0126636712735, "epsilon": 31.959756283303683, "gamma": 0.05624214672582879, "lamda": 0.18140883640071473}, "datetime": {"datetime": "2021-10-06 09:13:36", "elapsed": 12.042042, "delta": 0.31665}}
{"target": -33.977737074502684, "params": {"C": 260.2750275313441, "epsilon": 35.690544527564214, "gamma": 0.0714413877799828, "lamda": 0.10087351982418788}, "datetime": {"datetime": "2021-10-06 09:13:36", "elapsed": 12.416325, "delta": 0.374283}}
{"target": -33.154481457520625, "params": {"C": 348.0356679387663, "epsilon": 38.85499149583945, "gamma": 0.012916094462617744, "lamda": 0.148250360572125}, "datetime": {"datetime": "2021-10-06 09:13:37", "elapsed": 12.791195, "delta": 0.37487}}
{"target": -33.706876079361045, "params": {"C": 271.9328931412639, "epsilon": 34.56248612443293, "gamma": 0.058014417470532896, "lamda": 0.10423404648875133}, "datetime": {"datetime": "2021-10-06 09:13:37", "elapsed": 13.129884, "delta": 0.338689}}
{"target": -33.79418453552839, "params": {"C": 297.1303472168908, "epsilon": 36.19533642689711, "gamma": 0.05184542792997912, "lamda": 0.16022672219175482}, "datetime": {"datetime": "2021-10-06 09:13:37", "elapsed": 13.524693, "delta": 0.394809}}
{"target": -33.76237940374271, "params": {"C": 386.1404362040914, "epsilon": 38.212413698474336, "gamma": 0.06041992451103419, "lamda": 0.13790082625336098}, "datetime": {"datetime": "2021-10-06 09:13:38", "elapsed": 13.878959, "delta": 0.354266}}
{"target": -33.86122704465059, "params": {"C": 278.67026278811977, "epsilon": 38.50018649781816, "gamma": 0.06121865775372331, "lamda": 0.1572681928109403}, "datetime": {"datetime": "2021-10-06 09:13:38", "elapsed": 14.179996, "delta": 0.301037}}
{"target": -33.00318616435459, "params": {"C": 270.03048518055135, "epsilon": 38.4862665824413, "gamma": 0.030409846371157793, "lamda": 0.05794891593765101}, "datetime": {"datetime": "2021-10-06 09:13:38", "elapsed": 14.557083, "delta": 0.377087}}
{"target": -34.18491319332194, "params": {"C": 286.3699366925945, "epsilon": 36.109546760717976, "gamma": 0.074540072728711, "lamda": 0.1351530943383932}, "datetime": {"datetime": "2021-10-06 09:13:39", "elapsed": 14.954449, "delta": 0.397366}}
{"target": -33.63999826468335, "params": {"C": 328.990129721594, "epsilon": 31.12698692051295, "gamma": 0.05438715683467559, "lamda": 0.051443015803063936}, "datetime": {"datetime": "2021-10-06 09:13:39", "elapsed": 15.324401, "delta": 0.369952}}
{"target": -33.85816867132434, "params": {"C": 284.2823851945938, "epsilon": 33.7624967548219, "gamma": 0.0660121119825871, "lamda": 0.07165533361419099}, "datetime": {"datetime": "2021-10-06 09:13:40", "elapsed": 15.709662, "delta": 0.385261}}
{"target": -33.56223044425088, "params": {"C": 392.29338651326105, "epsilon": 36.137758037119475, "gamma": 0.04762374178666595, "lamda": 0.13883482086541343}, "datetime": {"datetime": "2021-10-06 09:13:40", "elapsed": 16.072701, "delta": 0.363039}}
{"target": -33.09825278874081, "params": {"C": 398.0633579396873, "epsilon": 35.796357839947206, "gamma": 0.007116033852597269, "lamda": 0.014216699047175832}, "datetime": {"datetime": "2021-10-06 09:13:40", "elapsed": 16.442645, "delta": 0.369944}}
{"target": -33.88661993274258, "params": {"C": 285.72283538880674, "epsilon": 31.578877586825083, "gamma": 0.03341279092714065, "lamda": 0.17028313201868903}, "datetime": {"datetime": "2021-10-06 09:13:41", "elapsed": 16.843473, "delta": 0.400828}}
{"target": -33.78729245851562, "params": {"C": 337.8196137505542, "epsilon": 31.06062217518491, "gamma": 0.04352702104108137, "lamda": 0.13992148899594056}, "datetime": {"datetime": "2021-10-06 09:13:41", "elapsed": 17.244732, "delta": 0.401259}}
{"target": -33.07477203590409, "params": {"C": 276.03256931805623, "epsilon": 37.635562491000044, "gamma": 0.03293394394988467, "lamda": 0.07463031086089583}, "datetime": {"datetime": "2021-10-06 09:13:42", "elapsed": 17.683593, "delta": 0.438861}}
{"target": -33.117007949211725, "params": {"C": 355.8912769054441, "epsilon": 38.12740392152461, "gamma": 0.041041646914168235, "lamda": 0.05911708096695672}, "datetime": {"datetime": "2021-10-06 09:13:42", "elapsed": 18.084923, "delta": 0.40133}}
{"target": -33.19811854315422, "params": {"C": 332.70459108958624, "epsilon": 34.120496730690384, "gamma": 0.031138033152761778, "lamda": 0.016308365814153576}, "datetime": {"datetime": "2021-10-06 09:13:42", "elapsed": 18.517362, "delta": 0.432439}}
{"target": -33.41955153122511, "params": {"C": 384.4230168552499, "epsilon": 32.74986886397212, "gamma": 0.04328999554740641, "lamda": 0.023283350073148426}, "datetime": {"datetime": "2021-10-06 09:13:43", "elapsed": 18.949483, "delta": 0.432121}}
{"target": -34.31585048278528, "params": {"C": 257.3130692245699, "epsilon": 30.934803999600234, "gamma": 0.06829995590608512, "lamda": 0.02831639413116812}, "datetime": {"datetime": "2021-10-06 09:13:43", "elapsed": 19.310456, "delta": 0.360973}}
{"target": -33.05690779010128, "params": {"C": 343.9606151734291, "epsilon": 32.5833368417888, "gamma": 0.01975503040976489, "lamda": 0.0352253837454579}, "datetime": {"datetime": "2021-10-06 09:13:44", "elapsed": 19.701923, "delta": 0.391467}}
