{"target": -39.46221298565505, "params": {"C": 216.50689085583662, "epsilon": 31.84834973196483, "gamma": 0.0008996916563005691, "lamda": 0.17579994373197072}, "datetime": {"datetime": "2021-10-06 09:27:43", "elapsed": 858.836149, "delta": 3.513452}}
{"target": -33.209330391851566, "params": {"C": 349.32365600304104, "epsilon": 31.104664765902356, "gamma": 0.024455826164940006, "lamda": 0.01927743431857611}, "datetime": {"datetime": "2021-10-06 09:27:46", "elapsed": 861.674583, "delta": 2.838434}}
{"target": -33.1496663631239, "params": {"C": 244.15274061365085, "epsilon": 31.373721517449923, "gamma": 0.024870749360463035, "lamda": 0.09931877742923283}, "datetime": {"datetime": "2021-10-06 09:27:50", "elapsed": 866.345013, "delta": 4.67043}}
{"target": -33.438193568547305, "params": {"C": 241.88394111765808, "epsilon": 33.33339171719083, "gamma": 0.03878816757010485, "lamda": 0.015707146427167962}, "datetime": {"datetime": "2021-10-06 09:27:53", "elapsed": 869.175709, "delta": 2.830696}}
{"target": -34.008346251023156, "params": {"C": 361.88795649945706, "epsilon": 32.29140022485038, "gamma": 0.06762077701923658, "lamda": 0.07035809429569892}, "datetime": {"datetime": "2021-10-06 09:27:56", "elapsed": 871.936879, "delta": 2.76117}}
{"target": -33.53052078665752, "params": {"C": 221.3493172543562, "epsilon": 34.389681672129456, "gamma": 0.05478409898288569, "lamda": 0.066117023961328}, "datetime": {"datetime": "2021-10-06 09:27:59", "elapsed": 874.770367, "delta": 2.833488}}
{"target": -33.898861778472664, "params": {"C": 371.9853602908222, "epsilon": 37.81285229851002, "gamma": 0.053974731783952186, "lamda": 0.17804280412251636}, "datetime": {"datetime": "2021-10-06 09:28:03", "elapsed": 878.903505, "delta": 4.133138}}
{"target": -33.24637670843335, "params": {"C": 310.5360268084782, "epsilon": 37.699970107278205, "gamma": 0.02333036189009427, "lamda": 0.14730441586855897}, "datetime": {"datetime": "2021-10-06 09:28:06", "elapsed": 882.16226, "delta": 3.258755}}
{"target": -33.45634941878804, "params": {"C": 391.69297374942687, "epsilon": 33.95114984869642, "gamma": 0.018877366889406794, "lamda": 0.17314187555433283}, "datetime": {"datetime": "2021-10-06 09:28:09", "elapsed": 885.03256, "delta": 2.8703}}
{"target": -33.36225602904357, "params": {"C": 275.6752891089286, "epsilon": 31.398046793433156, "gamma": 0.014095037570061874, "lamda": 0.13370919028614858}, "datetime": {"datetime": "2021-10-06 09:28:14", "elapsed": 890.471409, "delta": 5.438849}}
{"target": -33.10591547879853, "params": {"C": 360.946361596162, "epsilon": 36.43468505468663, "gamma": 0.015292498080581448, "lamda": 0.12904530981912282}, "datetime": {"datetime": "2021-10-06 09:28:17", "elapsed": 893.301903, "delta": 2.830494}}
{"target": -33.006152164313, "params": {"C": 203.51296193891108, "epsilon": 34.89680233470308, "gamma": 0.011002796358526405, "lamda": 0.11265517436827208}, "datetime": {"datetime": "2021-10-06 09:28:20", "elapsed": 896.209135, "delta": 2.907232}}
{"target": -33.20635923899245, "params": {"C": 185.8768556788189, "epsilon": 37.04227145409511, "gamma": 0.004001829997077518, "lamda": 0.045116628631591986}, "datetime": {"datetime": "2021-10-06 09:28:22", "elapsed": 0.0, "delta": 0.0}}
{"target": -32.87644436293839, "params": {"C": 89.39185302170935, "epsilon": 32.64637016338158, "gamma": 0.006980163382042734, "lamda": 0.047278036352152386}, "datetime": {"datetime": "2021-10-06 09:28:22", "elapsed": 0.203108, "delta": 0.203108}}
{"target": -32.84505845521233, "params": {"C": 178.64598830034916, "epsilon": 35.7717171380235, "gamma": 0.010707112230452717, "lamda": 0.06426097501983798}, "datetime": {"datetime": "2021-10-06 09:28:22", "elapsed": 0.429396, "delta": 0.226288}}
{"target": -33.39559704348718, "params": {"C": 109.98945315415172, "epsilon": 38.14682205473662, "gamma": 0.004438201491166818, "lamda": 0.06352337550892012}, "datetime": {"datetime": "2021-10-06 09:28:23", "elapsed": 0.687135, "delta": 0.257739}}
{"target": -32.788291529779535, "params": {"C": 185.97781444506433, "epsilon": 35.91082879912026, "gamma": 0.006246191017523741, "lamda": 0.03990507445424394}, "datetime": {"datetime": "2021-10-06 09:28:23", "elapsed": 0.90882, "delta": 0.221685}}
{"target": -32.90555060116293, "params": {"C": 322.8658110171666, "epsilon": 38.777831030035784, "gamma": 0.009014786850547886, "lamda": 0.0646161307834657}, "datetime": {"datetime": "2021-10-06 09:28:23", "elapsed": 1.173449, "delta": 0.264629}}
{"target": -32.92157627992701, "params": {"C": 349.87092736968566, "epsilon": 38.26224664452693, "gamma": 0.0053607073819164465, "lamda": 0.031952739161644116}, "datetime": {"datetime": "2021-10-06 09:28:23", "elapsed": 1.438841, "delta": 0.265392}}
{"target": -33.03332239811292, "params": {"C": 97.6294597845511, "epsilon": 38.14699752400589, "gamma": 0.005573549341328802, "lamda": 0.05105538125025261}, "datetime": {"datetime": "2021-10-06 09:28:24", "elapsed": 1.709358, "delta": 0.270517}}
{"target": -32.92897319238603, "params": {"C": 378.9665622637292, "epsilon": 35.73215699481112, "gamma": 0.015070033823207573, "lamda": 0.04577578155030315}, "datetime": {"datetime": "2021-10-06 09:28:24", "elapsed": 1.919763, "delta": 0.210405}}
{"target": -33.37646885389258, "params": {"C": 282.08083118232537, "epsilon": 37.84237970328161, "gamma": 0.004292612437507069, "lamda": 0.06750721574724838}, "datetime": {"datetime": "2021-10-06 09:28:24", "elapsed": 2.147413, "delta": 0.22765}}
{"target": -33.02549132761495, "params": {"C": 39.75598858633122, "epsilon": 33.133026539488874, "gamma": 0.015349904546719974, "lamda": 0.06823684294958005}, "datetime": {"datetime": "2021-10-06 09:28:24", "elapsed": 2.52841, "delta": 0.380997}}
{"target": -32.88177340906987, "params": {"C": 194.99296233160007, "epsilon": 34.89429495553847, "gamma": 0.012764879132570732, "lamda": 0.06721007907876181}, "datetime": {"datetime": "2021-10-06 09:28:25", "elapsed": 2.876406, "delta": 0.347996}}
{"target": -32.9622883463353, "params": {"C": 379.09300227492884, "epsilon": 35.72875977856219, "gamma": 0.019907816903932327, "lamda": 0.03921454253420667}, "datetime": {"datetime": "2021-10-06 09:28:25", "elapsed": 3.284003, "delta": 0.407597}}
{"target": -32.948537592474615, "params": {"C": 186.53449389719898, "epsilon": 35.42052090305121, "gamma": 0.01641658633602114, "lamda": 0.04221546317631318}, "datetime": {"datetime": "2021-10-06 09:28:26", "elapsed": 3.593859, "delta": 0.309856}}
{"target": -32.91585305236173, "params": {"C": 185.67924745762014, "epsilon": 35.28318478810022, "gamma": 0.013846554200464727, "lamda": 0.0604518234183347}, "datetime": {"datetime": "2021-10-06 09:28:26", "elapsed": 3.904251, "delta": 0.310392}}
{"target": -32.90560965729302, "params": {"C": 178.04067613203694, "epsilon": 35.19879430726336, "gamma": 0.012929093374068473, "lamda": 0.05325296609211233}, "datetime": {"datetime": "2021-10-06 09:28:26", "elapsed": 4.245995, "delta": 0.341744}}
{"target": -32.95296213515389, "params": {"C": 178.06810391696638, "epsilon": 36.295129434113164, "gamma": 0.018397961041607604, "lamda": 0.040270248727982495}, "datetime": {"datetime": "2021-10-06 09:28:26", "elapsed": 4.560375, "delta": 0.31438}}
{"target": -32.849420233461764, "params": {"C": 179.2796940862504, "epsilon": 35.149920750955765, "gamma": 0.008802715304950404, "lamda": 0.03996752399925145}, "datetime": {"datetime": "2021-10-06 09:28:27", "elapsed": 4.874873, "delta": 0.314498}}
{"target": -32.836501658564316, "params": {"C": 179.75303254070153, "epsilon": 36.052286872999495, "gamma": 0.01024536211921652, "lamda": 0.061017426039666325}, "datetime": {"datetime": "2021-10-06 09:28:27", "elapsed": 5.256609, "delta": 0.381736}}
{"target": -32.90907224590221, "params": {"C": 180.59430649847496, "epsilon": 35.471935200119894, "gamma": 0.014699847482846747, "lamda": 0.07612393178225504}, "datetime": {"datetime": "2021-10-06 09:28:28", "elapsed": 5.593686, "delta": 0.337077}}
{"target": -32.988148674152924, "params": {"C": 377.8415755494754, "epsilon": 35.1880971412853, "gamma": 0.016776698781992488, "lamda": 0.03468916798747593}, "datetime": {"datetime": "2021-10-06 09:28:28", "elapsed": 5.924297, "delta": 0.330611}}
{"target": -32.9425415118848, "params": {"C": 179.26747060863923, "epsilon": 37.08204500119031, "gamma": 0.015808477664271542, "lamda": 0.036254234275807144}, "datetime": {"datetime": "2021-10-06 09:28:28", "elapsed": 6.228567, "delta": 0.30427}}
{"target": -33.06687451380642, "params": {"C": 88.28528373447064, "epsilon": 32.373694350542834, "gamma": 0.010210821794441351, "lamda": 0.03492757253043991}, "datetime": {"datetime": "2021-10-06 09:28:29", "elapsed": 6.588633, "delta": 0.360066}}
{"target": -32.94194118555963, "params": {"C": 90.31213111174753, "epsilon": 32.58930987066697, "gamma": 0.009605133450759173, "lamda": 0.06773122379232656}, "datetime": {"datetime": "2021-10-06 09:28:29", "elapsed": 6.934914, "delta": 0.346281}}
{"target": -33.37698571771045, "params": {"C": 180.61811022994993, "epsilon": 36.710818870828916, "gamma": 0.004, "lamda": 0.08}, "datetime": {"datetime": "2021-10-06 09:28:29", "elapsed": 7.319236, "delta": 0.384322}}
{"target": -32.903877603563195, "params": {"C": 180.11917396810455, "epsilon": 34.81149600258536, "gamma": 0.012540884997561811, "lamda": 0.052235110801107446}, "datetime": {"datetime": "2021-10-06 09:28:30", "elapsed": 7.639471, "delta": 0.320235}}
{"target": -32.8410163871068, "params": {"C": 89.40923065137665, "epsilon": 33.72110261012457, "gamma": 0.008418136850423969, "lamda": 0.0494714326900889}, "datetime": {"datetime": "2021-10-06 09:28:30", "elapsed": 7.959845, "delta": 0.320374}}
{"target": -32.96938386345612, "params": {"C": 89.28094157992618, "epsilon": 34.65037877712792, "gamma": 0.00503922497965776, "lamda": 0.05486296779887849}, "datetime": {"datetime": "2021-10-06 09:28:30", "elapsed": 8.319559, "delta": 0.359714}}
{"target": -33.12344787423795, "params": {"C": 90.28364069413884, "epsilon": 33.773950564313225, "gamma": 0.02, "lamda": 0.03}, "datetime": {"datetime": "2021-10-06 09:28:31", "elapsed": 8.72682, "delta": 0.407261}}
{"target": -32.94713721649727, "params": {"C": 329.04097579716637, "epsilon": 33.144686984538666, "gamma": 0.004240531479983258, "lamda": 0.03804943542970224}, "datetime": {"datetime": "2021-10-06 09:28:31", "elapsed": 9.027072, "delta": 0.300252}}
{"target": -32.99061694929592, "params": {"C": 179.17408524880722, "epsilon": 36.10288562674084, "gamma": 0.004, "lamda": 0.03}, "datetime": {"datetime": "2021-10-06 09:28:31", "elapsed": 9.378979, "delta": 0.351907}}
{"target": -32.86457771970992, "params": {"C": 357.94265489935805, "epsilon": 35.16553614165249, "gamma": 0.010387437835166465, "lamda": 0.045576410462204474}, "datetime": {"datetime": "2021-10-06 09:28:32", "elapsed": 9.723603, "delta": 0.344624}}
{"target": -32.913925519453954, "params": {"C": 178.68082408226675, "epsilon": 35.102307967677824, "gamma": 0.014631306870724637, "lamda": 0.07620844713640293}, "datetime": {"datetime": "2021-10-06 09:28:32", "elapsed": 10.103979, "delta": 0.380376}}
{"target": -32.84443216750594, "params": {"C": 179.7431289513653, "epsilon": 35.34504924788904, "gamma": 0.005539574953286105, "lamda": 0.04358871624437213}, "datetime": {"datetime": "2021-10-06 09:28:32", "elapsed": 10.517724, "delta": 0.413745}}
{"target": -32.920014491625196, "params": {"C": 88.87215896664262, "epsilon": 33.14059103338455, "gamma": 0.010997798128238907, "lamda": 0.06805670848421144}, "datetime": {"datetime": "2021-10-06 09:28:33", "elapsed": 10.857022, "delta": 0.339298}}
{"target": -32.878679995559146, "params": {"C": 185.27145048362175, "epsilon": 35.91370762893877, "gamma": 0.009805122723409318, "lamda": 0.03804752645416633}, "datetime": {"datetime": "2021-10-06 09:28:33", "elapsed": 11.285464, "delta": 0.428442}}
{"target": -32.986178575635336, "params": {"C": 229.51743598510708, "epsilon": 34.744509174563234, "gamma": 0.01899596629985063, "lamda": 0.051082624937792226}, "datetime": {"datetime": "2021-10-06 09:28:34", "elapsed": 11.625882, "delta": 0.340418}}
{"target": -32.90201374947352, "params": {"C": 211.39415330005042, "epsilon": 32.44936388506245, "gamma": 0.009274187742088668, "lamda": 0.062009041203238316}, "datetime": {"datetime": "2021-10-06 09:28:34", "elapsed": 11.98135, "delta": 0.355468}}
{"target": -32.962209255839596, "params": {"C": 358.3612302911968, "epsilon": 35.778500088968045, "gamma": 0.01974089077358045, "lamda": 0.03505643438254826}, "datetime": {"datetime": "2021-10-06 09:28:34", "elapsed": 12.366997, "delta": 0.385647}}
{"target": -32.955464678582246, "params": {"C": 270.85760465322323, "epsilon": 33.524254887013974, "gamma": 0.015242482448226041, "lamda": 0.07534988404219978}, "datetime": {"datetime": "2021-10-06 09:28:35", "elapsed": 12.72126, "delta": 0.354263}}
{"target": -32.953011619316605, "params": {"C": 357.17859852793833, "epsilon": 34.9395341311159, "gamma": 0.015630035956232007, "lamda": 0.04959070183806871}, "datetime": {"datetime": "2021-10-06 09:28:35", "elapsed": 13.101537, "delta": 0.380277}}
{"target": -32.901354985147, "params": {"C": 88.71726568438625, "epsilon": 33.79636672590078, "gamma": 0.009412277246875435, "lamda": 0.040039978523336614}, "datetime": {"datetime": "2021-10-06 09:28:35", "elapsed": 13.54541, "delta": 0.443873}}
{"target": -32.941513450282045, "params": {"C": 165.40021425715602, "epsilon": 35.54860031900339, "gamma": 0.015597380219380804, "lamda": 0.05604653488963264}, "datetime": {"datetime": "2021-10-06 09:28:36", "elapsed": 13.913686, "delta": 0.368276}}
{"target": -33.01144059141854, "params": {"C": 329.06783831868955, "epsilon": 33.076416560919505, "gamma": 0.01770110412450592, "lamda": 0.04551152185865366}, "datetime": {"datetime": "2021-10-06 09:28:36", "elapsed": 14.256132, "delta": 0.342446}}
{"target": -32.97414893449065, "params": {"C": 369.2606786243031, "epsilon": 38.38743287659115, "gamma": 0.016079083756902965, "lamda": 0.06446744028348199}, "datetime": {"datetime": "2021-10-06 09:28:37", "elapsed": 14.606788, "delta": 0.350656}}
{"target": -32.99654349174253, "params": {"C": 177.42641907679376, "epsilon": 38.61125616496968, "gamma": 0.016239030338667998, "lamda": 0.06931170405476245}, "datetime": {"datetime": "2021-10-06 09:28:37", "elapsed": 14.966117, "delta": 0.359329}}
{"target": -32.89178207938782, "params": {"C": 162.0044160472842, "epsilon": 38.600429564121015, "gamma": 0.010069556219505942, "lamda": 0.044469463716270884}, "datetime": {"datetime": "2021-10-06 09:28:37", "elapsed": 15.315938, "delta": 0.349821}}
{"target": -32.854388964482766, "params": {"C": 328.7154909536593, "epsilon": 33.51037222461955, "gamma": 0.00863843806488229, "lamda": 0.051759278223735966}, "datetime": {"datetime": "2021-10-06 09:28:38", "elapsed": 15.731052, "delta": 0.415114}}
{"target": -32.92116687170527, "params": {"C": 186.3371510803849, "epsilon": 36.08962710959363, "gamma": 0.011151624199263663, "lamda": 0.03441423457520669}, "datetime": {"datetime": "2021-10-06 09:28:38", "elapsed": 16.12921, "delta": 0.398158}}
{"target": -32.96682833845879, "params": {"C": 187.44405757234995, "epsilon": 34.92638636486148, "gamma": 0.017198921047827203, "lamda": 0.04789778229469509}, "datetime": {"datetime": "2021-10-06 09:28:38", "elapsed": 16.493452, "delta": 0.364242}}
{"target": -32.850511040244314, "params": {"C": 179.4971645013557, "epsilon": 35.66676438126005, "gamma": 0.009824769639798224, "lamda": 0.04627227428365581}, "datetime": {"datetime": "2021-10-06 09:28:39", "elapsed": 16.899998, "delta": 0.406546}}
{"target": -32.81631022283969, "params": {"C": 390.54309392234194, "epsilon": 36.50827831995894, "gamma": 0.005404962974237251, "lamda": 0.03353094023190991}, "datetime": {"datetime": "2021-10-06 09:28:39", "elapsed": 17.276206, "delta": 0.376208}}
{"target": -32.92327970120797, "params": {"C": 190.01526116902, "epsilon": 33.22801590086395, "gamma": 0.010670896806436174, "lamda": 0.07256706653794123}, "datetime": {"datetime": "2021-10-06 09:28:40", "elapsed": 17.665708, "delta": 0.389502}}
{"target": -32.93416942342674, "params": {"C": 390.9018300175974, "epsilon": 36.82832589632952, "gamma": 0.01687764237899816, "lamda": 0.042360383886406415}, "datetime": {"datetime": "2021-10-06 09:28:40", "elapsed": 18.122097, "delta": 0.456389}}
{"target": -32.88848657252532, "params": {"C": 172.7181362327304, "epsilon": 37.93877082633337, "gamma": 0.010575007549413703, "lamda": 0.04864189866455623}, "datetime": {"datetime": "2021-10-06 09:28:40", "elapsed": 18.494093, "delta": 0.371996}}
{"target": -32.931221008568436, "params": {"C": 315.2659292762177, "epsilon": 38.32131416118581, "gamma": 0.012198577604839698, "lamda": 0.04476165106727281}, "datetime": {"datetime": "2021-10-06 09:28:41", "elapsed": 18.902032, "delta": 0.407939}}
{"target": -32.91774924715741, "params": {"C": 273.8776950949114, "epsilon": 35.20483079053697, "gamma": 0.010215375850365312, "lamda": 0.03405411851279479}, "datetime": {"datetime": "2021-10-06 09:28:41", "elapsed": 19.309045, "delta": 0.407013}}
{"target": -33.002574772952684, "params": {"C": 366.19508508662113, "epsilon": 34.138786894200535, "gamma": 0.012648810122133949, "lamda": 0.03579873688673047}, "datetime": {"datetime": "2021-10-06 09:28:42", "elapsed": 19.727415, "delta": 0.41837}}
{"target": -33.05038469630489, "params": {"C": 139.3038285658573, "epsilon": 32.72706977746685, "gamma": 0.017657062509353717, "lamda": 0.03705762734646526}, "datetime": {"datetime": "2021-10-06 09:28:42", "elapsed": 20.144719, "delta": 0.417304}}
{"target": -32.947342981627855, "params": {"C": 390.21949883812295, "epsilon": 36.3747534126138, "gamma": 0.016445456238526585, "lamda": 0.07950345412587526}, "datetime": {"datetime": "2021-10-06 09:28:43", "elapsed": 20.701696, "delta": 0.556977}}
{"target": -32.867383019182434, "params": {"C": 372.2905532905668, "epsilon": 38.80324119658866, "gamma": 0.007970869197507243, "lamda": 0.03692288750182486}, "datetime": {"datetime": "2021-10-06 09:28:43", "elapsed": 21.142541, "delta": 0.440845}}
{"target": -32.98804474770904, "params": {"C": 329.1019972776462, "epsilon": 33.63744213915197, "gamma": 0.016084228285534432, "lamda": 0.050890141901134736}, "datetime": {"datetime": "2021-10-06 09:28:44", "elapsed": 21.681665, "delta": 0.539124}}
{"target": -32.95173287767181, "params": {"C": 185.58093731664283, "epsilon": 36.16706934065245, "gamma": 0.017526551348650166, "lamda": 0.0789405735372529}, "datetime": {"datetime": "2021-10-06 09:28:44", "elapsed": 22.155953, "delta": 0.474288}}
{"target": -32.93025907244824, "params": {"C": 180.1748760548875, "epsilon": 35.642829324963905, "gamma": 0.015866939985987285, "lamda": 0.06886468352298863}, "datetime": {"datetime": "2021-10-06 09:28:45", "elapsed": 22.761913, "delta": 0.60596}}
{"target": -32.977985286582, "params": {"C": 93.76976960411096, "epsilon": 35.349055154823745, "gamma": 0.012107062525045661, "lamda": 0.03605691984147273}, "datetime": {"datetime": "2021-10-06 09:28:45", "elapsed": 23.185093, "delta": 0.42318}}
{"target": -32.897928224236935, "params": {"C": 185.98973006776723, "epsilon": 35.572585497574494, "gamma": 0.013573815658293357, "lamda": 0.06374559426381901}, "datetime": {"datetime": "2021-10-06 09:28:46", "elapsed": 23.624786, "delta": 0.439693}}
{"target": -32.82031779498361, "params": {"C": 178.9274223601508, "epsilon": 35.49298851296699, "gamma": 0.008684132665579148, "lamda": 0.04820828584749985}, "datetime": {"datetime": "2021-10-06 09:28:46", "elapsed": 24.090262, "delta": 0.465476}}
{"target": -33.03779923001136, "params": {"C": 89.30592060480592, "epsilon": 33.24636892611474, "gamma": 0.009437850772347533, "lamda": 0.03203339872408334}, "datetime": {"datetime": "2021-10-06 09:28:46", "elapsed": 24.572558, "delta": 0.482296}}
{"target": -32.88057472115198, "params": {"C": 390.92040139270557, "epsilon": 36.19473032944944, "gamma": 0.00827748446521108, "lamda": 0.07414708952657431}, "datetime": {"datetime": "2021-10-06 09:28:47", "elapsed": 25.032056, "delta": 0.459498}}
{"target": -32.932693946712924, "params": {"C": 185.73798849076343, "epsilon": 35.748028782064566, "gamma": 0.015138862561807805, "lamda": 0.057502859103867016}, "datetime": {"datetime": "2021-10-06 09:28:47", "elapsed": 25.498511, "delta": 0.466455}}
{"target": -32.96892979829194, "params": {"C": 322.35557116538433, "epsilon": 33.90415725449198, "gamma": 0.01517822847887514, "lamda": 0.052195163179174164}, "datetime": {"datetime": "2021-10-06 09:28:48", "elapsed": 25.934556, "delta": 0.436045}}
{"target": -32.956162023418685, "params": {"C": 89.1954059476026, "epsilon": 34.086118213065085, "gamma": 0.015071728315596446, "lamda": 0.06477045234264225}, "datetime": {"datetime": "2021-10-06 09:28:48", "elapsed": 26.424292, "delta": 0.489736}}
{"target": -32.84213168757885, "params": {"C": 178.28576698675448, "epsilon": 35.634973323307946, "gamma": 0.007407040698280573, "lamda": 0.03338341976557034}, "datetime": {"datetime": "2021-10-06 09:28:49", "elapsed": 26.961669, "delta": 0.537377}}
{"target": -32.97370743030159, "params": {"C": 229.75424081029595, "epsilon": 34.24883177352011, "gamma": 0.017395142217581025, "lamda": 0.07947958741247238}, "datetime": {"datetime": "2021-10-06 09:28:49", "elapsed": 27.452996, "delta": 0.491327}}
{"target": -32.95304229826721, "params": {"C": 322.48725101671704, "epsilon": 34.685363249493676, "gamma": 0.016537644116445725, "lamda": 0.06570655618044069}, "datetime": {"datetime": "2021-10-06 09:28:50", "elapsed": 27.912942, "delta": 0.459946}}
{"target": -32.85328243334028, "params": {"C": 328.28972526916203, "epsilon": 33.41890206806658, "gamma": 0.008754256306075375, "lamda": 0.05513774353842732}, "datetime": {"datetime": "2021-10-06 09:28:50", "elapsed": 28.418233, "delta": 0.505291}}
