{"target": -34.89148885364347, "params": {"C": 75.36245844571947, "epsilon": 32.88335709865147, "gamma": 0.0952370219006316, "lamda": 0.10539997438271706}, "datetime": {"datetime": "2021-10-06 08:58:47", "elapsed": 866.012279, "delta": 2.303375}}
{"target": -34.57542287586328, "params": {"C": 38.408551829859384, "epsilon": 33.7000149189508, "gamma": 0.07892211706315641, "lamda": 0.07942784262147838}, "datetime": {"datetime": "2021-10-06 08:58:50", "elapsed": 869.297, "delta": 3.284721}}
{"target": -34.386326537592524, "params": {"C": 83.2688000267426, "epsilon": 34.59087005169229, "gamma": 0.011916643023152514, "lamda": 0.10693344470978164}, "datetime": {"datetime": "2021-10-06 08:58:52", "elapsed": 871.486331, "delta": 2.189331}}
{"target": -34.36234091905666, "params": {"C": 62.2429107193911, "epsilon": 32.64740100985646, "gamma": 0.06615276351158628, "lamda": 0.06958288123153084}, "datetime": {"datetime": "2021-10-06 08:58:55", "elapsed": 873.79494, "delta": 2.308609}}
{"target": -34.007448126403524, "params": {"C": 155.97081152972632, "epsilon": 31.252876549480824, "gamma": 0.03499636356581944, "lamda": 0.08344504428758305}, "datetime": {"datetime": "2021-10-06 08:59:02", "elapsed": 881.233455, "delta": 7.438515}}
{"target": -34.455115599257546, "params": {"C": 61.35151104284621, "epsilon": 31.56454240516301, "gamma": 0.05175194682026738, "lamda": 0.02191045732957193}, "datetime": {"datetime": "2021-10-06 08:59:11", "elapsed": 890.352493, "delta": 9.119038}}
{"target": -36.2918305098179, "params": {"C": 88.6835058889256, "epsilon": 28.41481048631805, "gamma": 0.1, "lamda": 0.15}, "datetime": {"datetime": "2021-10-06 08:59:21", "elapsed": 899.85927, "delta": 9.506777}}
{"target": -35.41934674339633, "params": {"C": 59.01150267113312, "epsilon": 26.902640497127933, "gamma": 0.09755392601993335, "lamda": 0.07942703718717314}, "datetime": {"datetime": "2021-10-06 08:59:26", "elapsed": 904.679345, "delta": 4.820075}}
{"target": -33.81419705762715, "params": {"C": 97.99153472179388, "epsilon": 31.928811061946643, "gamma": 0.01935599121583649, "lamda": 0.05036239771103637}, "datetime": {"datetime": "2021-10-06 08:59:34", "elapsed": 912.954596, "delta": 8.275251}}
{"target": -34.81372217340433, "params": {"C": 94.15754647844736, "epsilon": 28.03008580499281, "gamma": 0.049464250297086204, "lamda": 0.12128198705232969}, "datetime": {"datetime": "2021-10-06 08:59:37", "elapsed": 915.57567, "delta": 2.621074}}
{"target": -36.00055245610934, "params": {"C": 116.74472303329048, "epsilon": 34.53079081261812, "gamma": 0.09312615325732918, "lamda": 0.017134030196122314}, "datetime": {"datetime": "2021-10-06 08:59:40", "elapsed": 918.535185, "delta": 2.959515}}
{"target": -34.067858843865146, "params": {"C": 35.98942313306634, "epsilon": 31.046259553219745, "gamma": 0.04103514682381671, "lamda": 0.055979120503297584}, "datetime": {"datetime": "2021-10-06 08:59:42", "elapsed": 921.074746, "delta": 2.539561}}
{"target": -35.006291282294136, "params": {"C": 125.94939187239348, "epsilon": 29.574293089741577, "gamma": 0.07192334338356414, "lamda": 0.13064008902859994}, "datetime": {"datetime": "2021-10-06 08:59:45", "elapsed": 923.60342, "delta": 2.528674}}
{"target": -33.923827329176014, "params": {"C": 112.38998222601506, "epsilon": 29.957447526742005, "gamma": 0.02468119080570419, "lamda": 0.06347288250030422}, "datetime": {"datetime": "2021-10-06 08:59:57", "elapsed": 936.261646, "delta": 12.658226}}
{"target": -35.241759470062654, "params": {"C": 52.04257016969624, "epsilon": 29.372090745826583, "gamma": 0.06869552064397363, "lamda": 0.14457211043064375}, "datetime": {"datetime": "2021-10-06 09:00:00", "elapsed": 939.081805, "delta": 2.820159}}
{"target": -35.068203019623, "params": {"C": 124.09318408700153, "epsilon": 27.219756055300998, "gamma": 0.04744224429449603, "lamda": 0.129325395831902}, "datetime": {"datetime": "2021-10-06 09:00:03", "elapsed": 941.604268, "delta": 2.522463}}
{"target": -35.08024772995707, "params": {"C": 34.90203314171856, "epsilon": 28.515765116101583, "gamma": 0.0853999817101157, "lamda": 0.08187136178507161}, "datetime": {"datetime": "2021-10-06 09:00:05", "elapsed": 944.422288, "delta": 2.81802}}
{"target": -34.28719026401753, "params": {"C": 98.43653505827854, "epsilon": 31.8831165452141, "gamma": 0.008119209577983554, "lamda": 0.02253705711353634}, "datetime": {"datetime": "2021-10-06 09:00:14", "elapsed": 952.696307, "delta": 8.274019}}
{"target": -35.23974032611342, "params": {"C": 36.38283084630063, "epsilon": 30.915551328764508, "gamma": 0.09339465233507187, "lamda": 0.12359605444659773}, "datetime": {"datetime": "2021-10-06 09:00:24", "elapsed": 962.72434, "delta": 10.028033}}
{"target": -34.585385153747666, "params": {"C": 141.6848484456542, "epsilon": 31.587285674298606, "gamma": 0.0747816539837031, "lamda": 0.055483494176101426}, "datetime": {"datetime": "2021-10-06 09:00:26", "elapsed": 965.057237, "delta": 2.332897}}
{"target": -35.350916699606536, "params": {"C": 74.67891061270785, "epsilon": 31.1491585656865, "gamma": 0.011356663001873523, "lamda": 0.1384902599955204}, "datetime": {"datetime": "2021-10-06 09:00:29", "elapsed": 968.201453, "delta": 3.144216}}
{"target": -35.56533372773394, "params": {"C": 156.74873551974463, "epsilon": 33.78366937292911, "gamma": 0.006582874603698941, "lamda": 0.11693246386920775}, "datetime": {"datetime": "2021-10-06 09:00:33", "elapsed": 972.048516, "delta": 3.847063}}
{"target": -34.82053129014604, "params": {"C": 112.17394606906127, "epsilon": 29.6518476957771, "gamma": 0.08439783519841762, "lamda": 0.07792797016035156}, "datetime": {"datetime": "2021-10-06 09:00:43", "elapsed": 982.195002, "delta": 10.146486}}
{"target": -34.69457878953666, "params": {"C": 51.430878305078494, "epsilon": 33.55675364840352, "gamma": 0.08959871892882708, "lamda": 0.08395166750289994}, "datetime": {"datetime": "2021-10-06 09:00:46", "elapsed": 984.95015, "delta": 2.755148}}
{"target": -34.00703838137654, "params": {"C": 120.2826415964058, "epsilon": 34.49319815380939, "gamma": 0.02371385835919653, "lamda": 0.12599758310375642}, "datetime": {"datetime": "2021-10-06 09:00:55", "elapsed": 994.085694, "delta": 9.135544}}
{"target": -34.55160975893516, "params": {"C": 52.92977696454616, "epsilon": 29.803357461501335, "gamma": 0.027676349693975782, "lamda": 0.008685410824840785}, "datetime": {"datetime": "2021-10-06 09:00:59", "elapsed": 998.156914, "delta": 4.07122}}
{"target": -35.09270771053703, "params": {"C": 88.27757120654964, "epsilon": 28.939647541740708, "gamma": 0.08945032423602346, "lamda": 0.04520763577784464}, "datetime": {"datetime": "2021-10-06 09:01:09", "elapsed": 1007.626995, "delta": 9.470081}}
{"target": -33.85263437852989, "params": {"C": 78.43071100792983, "epsilon": 31.54654035925668, "gamma": 0.025066411251375112, "lamda": 0.07500974778855186}, "datetime": {"datetime": "2021-10-06 09:01:12", "elapsed": 1010.63958, "delta": 3.012585}}
{"target": -35.51510372056556, "params": {"C": 194.48810488536978, "epsilon": 26.653605904677477, "gamma": 0.024784254647777955, "lamda": 0.1450093709336641}, "datetime": {"datetime": "2021-10-06 09:01:15", "elapsed": 1014.286311, "delta": 3.646731}}
{"target": -35.22532031256236, "params": {"C": 112.31772589706095, "epsilon": 30.2401990842772, "gamma": 0.08484236787835725, "lamda": 0.1338877942670667}, "datetime": {"datetime": "2021-10-06 09:01:27", "elapsed": 1026.190623, "delta": 11.904312}}
{"target": -34.07009644762083, "params": {"C": 181.11316667236656, "epsilon": 31.313225229459956, "gamma": 0.03147514837168544, "lamda": 0.02219979407189883}, "datetime": {"datetime": "2021-10-06 09:01:30", "elapsed": 1029.077002, "delta": 2.886379}}
{"target": -37.139177607744, "params": {"C": 78.25753587538753, "epsilon": 31.893338348941423, "gamma": 0.0042641546399411765, "lamda": 0.11709533199031287}, "datetime": {"datetime": "2021-10-06 09:01:41", "elapsed": 1040.229199, "delta": 11.152197}}
{"target": -35.12509110648806, "params": {"C": 110.04653526605674, "epsilon": 31.67138976178194, "gamma": 0.0024195424025746036, "lamda": 0.034198341886293934}, "datetime": {"datetime": "2021-10-06 09:01:46", "elapsed": 1044.790899, "delta": 4.5617}}
{"target": -35.10927803891574, "params": {"C": 155.66224682178887, "epsilon": 31.483218157548762, "gamma": 0.08380284435395989, "lamda": 0.029838739483115297}, "datetime": {"datetime": "2021-10-06 09:01:56", "elapsed": 1055.003301, "delta": 10.212402}}
{"target": -33.91949500178492, "params": {"C": 77.5398799911357, "epsilon": 31.77450581533119, "gamma": 0.015779751080785213, "lamda": 0.07787115700779063}, "datetime": {"datetime": "2021-10-06 09:02:06", "elapsed": 1065.016273, "delta": 10.012972}}
{"target": -35.238689215697484, "params": {"C": 193.80622645032005, "epsilon": 27.376161289322884, "gamma": 0.07796302537018504, "lamda": 0.11092331048726423}, "datetime": {"datetime": "2021-10-06 09:02:09", "elapsed": 1067.970915, "delta": 2.954642}}
{"target": -34.45062156717659, "params": {"C": 77.65550112421656, "epsilon": 32.14002838126336, "gamma": 0.03274484891955475, "lamda": 0.14561511445865963}, "datetime": {"datetime": "2021-10-06 09:02:19", "elapsed": 1078.290264, "delta": 10.319349}}
{"target": -34.135792087398634, "params": {"C": 78.72759902883064, "epsilon": 31.324628349326908, "gamma": 0.03597543004975315, "lamda": 0.024312039873003944}, "datetime": {"datetime": "2021-10-06 09:02:29", "elapsed": 1088.407633, "delta": 10.117369}}
{"target": -34.196554422413236, "params": {"C": 62.60462048619889, "epsilon": 33.062150118530255, "gamma": 0.017180771575467053, "lamda": 0.11787416873673796}, "datetime": {"datetime": "2021-10-06 09:02:40", "elapsed": 1098.722124, "delta": 10.314491}}
{"target": -35.03572472597349, "params": {"C": 78.38063059701207, "epsilon": 31.264562987047654, "gamma": 0.05696512479726928, "lamda": 0.009743438664894074}, "datetime": {"datetime": "2021-10-06 09:02:48", "elapsed": 1107.162533, "delta": 8.440409}}
{"target": -35.94775334962565, "params": {"C": 193.39461651755724, "epsilon": 26.67999895616581, "gamma": 0.06934228716280284, "lamda": 0.14728443455421136}, "datetime": {"datetime": "2021-10-06 09:02:51", "elapsed": 1110.211472, "delta": 3.048939}}
{"target": -34.893937617760216, "params": {"C": 119.9438285559069, "epsilon": 34.478244820132396, "gamma": 0.09958401806333354, "lamda": 0.10696869763059838}, "datetime": {"datetime": "2021-10-06 09:03:01", "elapsed": 1119.770999, "delta": 9.559527}}
{"target": -34.524700658839635, "params": {"C": 96.35511730079027, "epsilon": 32.534830547600606, "gamma": 0.006086334903395453, "lamda": 0.020557210442568703}, "datetime": {"datetime": "2021-10-06 09:03:09", "elapsed": 1127.834791, "delta": 8.063792}}
{"target": -35.265507786619466, "params": {"C": 83.98737893581223, "epsilon": 43.28778784261179, "gamma": 0.0020112087320997988, "lamda": 0.04604755332214412}, "datetime": {"datetime": "2021-10-06 09:03:11", "elapsed": 0.0, "delta": 0.0}}
{"target": -34.22914187106028, "params": {"C": 30.204422272605495, "epsilon": 28.21612627445115, "gamma": 0.020253500715011752, "lamda": 0.05248854832941411}, "datetime": {"datetime": "2021-10-06 09:03:11", "elapsed": 0.224483, "delta": 0.224483}}
{"target": -33.91652030656508, "params": {"C": 79.95672737190331, "epsilon": 38.93160161608057, "gamma": 0.043081062411522895, "lamda": 0.10309770555911717}, "datetime": {"datetime": "2021-10-06 09:03:12", "elapsed": 0.440736, "delta": 0.216253}}
{"target": -35.340106852892106, "params": {"C": 41.68599769657197, "epsilon": 47.07481847338269, "gamma": 0.0046839841333967645, "lamda": 0.10089965901658193}, "datetime": {"datetime": "2021-10-06 09:03:12", "elapsed": 0.64135, "delta": 0.200614}}
{"target": -34.0367037389516, "params": {"C": 84.04365567105826, "epsilon": 39.40855588269804, "gamma": 0.01575791998233291, "lamda": 0.03051712187364694}, "datetime": {"datetime": "2021-10-06 09:03:12", "elapsed": 0.892359, "delta": 0.251009}}
{"target": -34.78794084319365, "params": {"C": 160.3481691664318, "epsilon": 49.23827781726554, "gamma": 0.0327155694596058, "lamda": 0.1041560697347278}, "datetime": {"datetime": "2021-10-06 09:03:12", "elapsed": 1.110363, "delta": 0.218004}}
{"target": -35.05609440735434, "params": {"C": 175.40144130691164, "epsilon": 47.470559924092335, "gamma": 0.010334332714238236, "lamda": 0.006819162701699472}, "datetime": {"datetime": "2021-10-06 09:03:12", "elapsed": 1.364452, "delta": 0.254089}}
{"target": -35.14384972225735, "params": {"C": 34.79625349334921, "epsilon": 47.07542008230591, "gamma": 0.01163798971563891, "lamda": 0.06374503612575277}, "datetime": {"datetime": "2021-10-06 09:03:13", "elapsed": 1.577346, "delta": 0.212894}}
{"target": -34.45393279121844, "params": {"C": 191.62001649994988, "epsilon": 38.79596683935241, "gamma": 0.0698039571671464, "lamda": 0.048011829019903376}, "datetime": {"datetime": "2021-10-06 09:03:13", "elapsed": 1.77871, "delta": 0.201364}}
{"target": -35.94694638723123, "params": {"C": 137.61368460863514, "epsilon": 46.03101612553695, "gamma": 0.003792251179730797, "lamda": 0.11277150292680015}, "datetime": {"datetime": "2021-10-06 09:03:13", "elapsed": 2.009664, "delta": 0.230954}}
{"target": -33.884701145661744, "params": {"C": 82.1235197588036, "epsilon": 37.27127334146126, "gamma": 0.03554241179025619, "lamda": 0.05738937099971143}, "datetime": {"datetime": "2021-10-06 09:03:13", "elapsed": 2.364305, "delta": 0.354641}}
{"target": -34.76003058400705, "params": {"C": 86.98678304418117, "epsilon": 35.439560255495174, "gamma": 0.08357903161777462, "lamda": 0.15}, "datetime": {"datetime": "2021-10-06 09:03:14", "elapsed": 2.940951, "delta": 0.576646}}
{"target": -35.030671255954005, "params": {"C": 77.8882579584697, "epsilon": 35.361209742430276, "gamma": 0.002, "lamda": 0.001}, "datetime": {"datetime": "2021-10-06 09:03:15", "elapsed": 3.632364, "delta": 0.691413}}
{"target": -34.125941363691204, "params": {"C": 81.77123207050488, "epsilon": 39.180807174757604, "gamma": 0.061192004157172956, "lamda": 0.09985440992011137}, "datetime": {"datetime": "2021-10-06 09:03:15", "elapsed": 3.977301, "delta": 0.344937}}
{"target": -34.31928323776056, "params": {"C": 77.53218553707971, "epsilon": 41.0427453871072, "gamma": 0.07471281137759411, "lamda": 0.10828302806918101}, "datetime": {"datetime": "2021-10-06 09:03:16", "elapsed": 4.394396, "delta": 0.417095}}
{"target": -34.60063441290045, "params": {"C": 26.982231193390152, "epsilon": 26.000000004629676, "gamma": 0.036081038917994725, "lamda": 0.046776850401932274}, "datetime": {"datetime": "2021-10-06 09:03:16", "elapsed": 5.12316, "delta": 0.728764}}
{"target": -34.44514452596918, "params": {"C": 33.75981514297567, "epsilon": 26.77563070410544, "gamma": 0.030183529536912886, "lamda": 0.03260339819133418}, "datetime": {"datetime": "2021-10-06 09:03:17", "elapsed": 5.612321, "delta": 0.489161}}
{"target": -34.30057280242112, "params": {"C": 32.06115390373842, "epsilon": 31.63476435773438, "gamma": 0.05128172893789893, "lamda": 0.09299019447452449}, "datetime": {"datetime": "2021-10-06 09:03:17", "elapsed": 6.079093, "delta": 0.466772}}
{"target": -34.43305469303578, "params": {"C": 27.76172922255508, "epsilon": 31.63696354373886, "gamma": 0.008820978605126376, "lamda": 0.01935805732573473}, "datetime": {"datetime": "2021-10-06 09:03:18", "elapsed": 6.589823, "delta": 0.51073}}
{"target": -34.43872519727996, "params": {"C": 36.8094263109428, "epsilon": 31.44808851179599, "gamma": 0.05165922789983716, "lamda": 0.12419730594511333}, "datetime": {"datetime": "2021-10-06 09:03:18", "elapsed": 6.966772, "delta": 0.376949}}
{"target": -35.661654207162684, "params": {"C": 33.64440454730781, "epsilon": 36.12238370689887, "gamma": 0.002, "lamda": 0.001}, "datetime": {"datetime": "2021-10-06 09:03:19", "elapsed": 7.518394, "delta": 0.551622}}
{"target": -33.764644554428614, "params": {"C": 82.75017660442352, "epsilon": 33.87992930288487, "gamma": 0.02577154307028269, "lamda": 0.08858967656143685}, "datetime": {"datetime": "2021-10-06 09:03:19", "elapsed": 8.066422, "delta": 0.548028}}
{"target": -34.999784145591114, "params": {"C": 83.01061361602261, "epsilon": 30.929009105358453, "gamma": 0.002, "lamda": 0.001}, "datetime": {"datetime": "2021-10-06 09:03:20", "elapsed": 8.668681, "delta": 0.602259}}
{"target": -39.40227629982567, "params": {"C": 83.7646383705673, "epsilon": 34.912331322153115, "gamma": 0.002607923125264609, "lamda": 0.14544752562068305}, "datetime": {"datetime": "2021-10-06 09:03:20", "elapsed": 9.144178, "delta": 0.475497}}
{"target": -34.66188419454553, "params": {"C": 53.2813215279188, "epsilon": 26.524012527476806, "gamma": 0.018412040685301438, "lamda": 0.09660256759280031}, "datetime": {"datetime": "2021-10-06 09:03:21", "elapsed": 9.468272, "delta": 0.324094}}
{"target": -34.72301906925493, "params": {"C": 40.020178652891865, "epsilon": 35.60885871659211, "gamma": 0.05250218578295442, "lamda": 0.011442834785322414}, "datetime": {"datetime": "2021-10-06 09:03:21", "elapsed": 9.809627, "delta": 0.341355}}
{"target": -34.634622004950124, "params": {"C": 36.976915415865356, "epsilon": 32.522511067869914, "gamma": 0.08074698052989111, "lamda": 0.09755774299541366}, "datetime": {"datetime": "2021-10-06 09:03:21", "elapsed": 10.10533, "delta": 0.295703}}
{"target": -34.15022257147656, "params": {"C": 82.50270922826557, "epsilon": 33.804454442236946, "gamma": 0.039689195111988644, "lamda": 0.13188389346137613}, "datetime": {"datetime": "2021-10-06 09:03:22", "elapsed": 10.426748, "delta": 0.321418}}
{"target": -34.45050126897379, "params": {"C": 83.28441069778346, "epsilon": 33.418276429963335, "gamma": 0.020276950817918055, "lamda": 0.14343293700033358}, "datetime": {"datetime": "2021-10-06 09:03:22", "elapsed": 10.777135, "delta": 0.350387}}
{"target": -34.853695524547454, "params": {"C": 163.79034785332243, "epsilon": 29.92464108984685, "gamma": 0.0034732553148974516, "lamda": 0.024987317580512675}, "datetime": {"datetime": "2021-10-06 09:03:22", "elapsed": 11.141644, "delta": 0.364509}}
{"target": -33.98902898145475, "params": {"C": 80.66204645080427, "epsilon": 39.01825318432674, "gamma": 0.04989774323807021, "lamda": 0.10152640036429192}, "datetime": {"datetime": "2021-10-06 09:03:23", "elapsed": 11.501939, "delta": 0.360295}}
{"target": -33.99617912443751, "params": {"C": 179.9008076329755, "epsilon": 36.853266771379964, "gamma": 0.0411230567403946, "lamda": 0.04741770317736934}, "datetime": {"datetime": "2021-10-06 09:03:23", "elapsed": 11.823144, "delta": 0.321205}}
{"target": -34.39968768439194, "params": {"C": 81.99704457480097, "epsilon": 38.24105021965197, "gamma": 0.07883882115815326, "lamda": 0.10065705126150734}, "datetime": {"datetime": "2021-10-06 09:03:23", "elapsed": 12.200735, "delta": 0.377591}}
{"target": -34.886803181713724, "params": {"C": 82.18909651324702, "epsilon": 37.396189261622354, "gamma": 0.004281748112841493, "lamda": 0.062155541934020675}, "datetime": {"datetime": "2021-10-06 09:03:24", "elapsed": 12.575149, "delta": 0.374414}}
{"target": -33.92020207477479, "params": {"C": 80.5843582274314, "epsilon": 38.75367681908965, "gamma": 0.043201658659357864, "lamda": 0.09140576409363763}, "datetime": {"datetime": "2021-10-06 09:03:24", "elapsed": 12.95576, "delta": 0.380611}}
{"target": -35.57606424293841, "params": {"C": 83.03508285460283, "epsilon": 33.79895714120037, "gamma": 0.09820674518773614, "lamda": 0.029014024920915576}, "datetime": {"datetime": "2021-10-06 09:03:24", "elapsed": 13.37675, "delta": 0.42099}}
{"target": -34.79963868233661, "params": {"C": 108.31364078721656, "epsilon": 35.40974574135965, "gamma": 0.0938502935865851, "lamda": 0.06382622231462083}, "datetime": {"datetime": "2021-10-06 09:03:25", "elapsed": 13.696356, "delta": 0.319606}}
{"target": -34.40242861155703, "params": {"C": 98.21130674148469, "epsilon": 27.540676177356996, "gamma": 0.03430439992029309, "lamda": 0.09638694278565017}, "datetime": {"datetime": "2021-10-06 09:03:25", "elapsed": 14.038971, "delta": 0.342615}}
{"target": -34.96223996284583, "params": {"C": 81.7016915701402, "epsilon": 26.335261743207496, "gamma": 0.04199876142259838, "lamda": 0.11839269880878733}, "datetime": {"datetime": "2021-10-06 09:03:26", "elapsed": 14.412116, "delta": 0.373145}}
{"target": -34.85335024911617, "params": {"C": 131.35760035291713, "epsilon": 31.22601675547649, "gamma": 0.07086020499538451, "lamda": 0.13614265444575532}, "datetime": {"datetime": "2021-10-06 09:03:26", "elapsed": 14.750251, "delta": 0.338135}}
{"target": -34.585746151904786, "params": {"C": 60.97365239368739, "epsilon": 41.1747854068379, "gamma": 0.08950257825329555, "lamda": 0.07611382918361177}, "datetime": {"datetime": "2021-10-06 09:03:26", "elapsed": 15.212286, "delta": 0.462035}}
{"target": -35.04036469818217, "params": {"C": 148.29548959907248, "epsilon": 49.61331065557186, "gamma": 0.01771936492286031, "lamda": 0.11142723224235432}, "datetime": {"datetime": "2021-10-06 09:03:27", "elapsed": 15.571385, "delta": 0.359099}}
{"target": -34.34331152584738, "params": {"C": 72.57322867555756, "epsilon": 38.16662966515448, "gamma": 0.07303395384370744, "lamda": 0.07861867397110528}, "datetime": {"datetime": "2021-10-06 09:03:27", "elapsed": 15.936982, "delta": 0.365597}}
{"target": -34.21651922299834, "params": {"C": 97.64469548080636, "epsilon": 42.520897138392286, "gamma": 0.06546748356868529, "lamda": 0.12035408507539504}, "datetime": {"datetime": "2021-10-06 09:03:27", "elapsed": 16.298633, "delta": 0.361651}}
{"target": -34.66870786526977, "params": {"C": 186.20973402307092, "epsilon": 47.899769862598234, "gamma": 0.07598438801103068, "lamda": 0.10371297204477632}, "datetime": {"datetime": "2021-10-06 09:03:28", "elapsed": 16.660246, "delta": 0.361613}}
{"target": -34.72893745713838, "params": {"C": 79.27691147417914, "epsilon": 48.66716399418177, "gamma": 0.07696406082434148, "lamda": 0.1181488780831921}, "datetime": {"datetime": "2021-10-06 09:03:28", "elapsed": 17.019669, "delta": 0.359423}}
