{"target": -34.91364796573992, "params": {"C": 131.8070933445508, "epsilon": 47.398947379856025, "gamma": 0.058645935551110626, "lamda": 0.042973650876674985}, "datetime": {"datetime": "2021-10-06 09:07:15", "elapsed": 244.145017, "delta": 1.246539}}
{"target": -34.2495017494534, "params": {"C": 136.54643362040136, "epsilon": 45.33847843954851, "gamma": 0.059171772355172146, "lamda": 0.13679592083322595}, "datetime": {"datetime": "2021-10-06 09:07:16", "elapsed": 245.355299, "delta": 1.210282}}
{"target": -34.391738850267615, "params": {"C": 99.88198745856313, "epsilon": 37.66505198171372, "gamma": 0.0772768043312307, "lamda": 0.09920990899390734}, "datetime": {"datetime": "2021-10-06 09:07:18", "elapsed": 246.597054, "delta": 1.241755}}
{"target": -35.98624749788832, "params": {"C": 151.82238976733137, "epsilon": 45.203667144636874, "gamma": 0.09544447187985662, "lamda": 0.022571699709174813}, "datetime": {"datetime": "2021-10-06 09:07:19", "elapsed": 247.815838, "delta": 1.218784}}
{"target": -34.300684506614324, "params": {"C": 66.29599854097538, "epsilon": 42.503567877992786, "gamma": 0.07250285737344386, "lamda": 0.12532386301831813}, "datetime": {"datetime": "2021-10-06 09:07:20", "elapsed": 249.056449, "delta": 1.240611}}
{"target": -34.35135492175985, "params": {"C": 30.094957389254954, "epsilon": 42.44475152420408, "gamma": 0.0696906742972376, "lamda": 0.08152635062626448}, "datetime": {"datetime": "2021-10-06 09:07:21", "elapsed": 250.288246, "delta": 1.231797}}
{"target": -33.94194806996438, "params": {"C": 27.258228990938125, "epsilon": 40.80629064630595, "gamma": 0.035231476468912275, "lamda": 0.14851048047416293}, "datetime": {"datetime": "2021-10-06 09:07:23", "elapsed": 251.541434, "delta": 1.253188}}
{"target": -35.05103466261599, "params": {"C": 130.01014472474276, "epsilon": 49.35779772857399, "gamma": 0.03307451161449833, "lamda": 0.05833505010617034}, "datetime": {"datetime": "2021-10-06 09:07:24", "elapsed": 252.773045, "delta": 1.231611}}
{"target": -34.00644308746077, "params": {"C": 91.2873416440288, "epsilon": 41.9717422730956, "gamma": 0.02765768940703405, "lamda": 0.03332945428569105}, "datetime": {"datetime": "2021-10-06 09:07:25", "elapsed": 254.003926, "delta": 1.230881}}
{"target": -34.05343432266888, "params": {"C": 53.467231030999116, "epsilon": 34.25597887482377, "gamma": 0.012076774405025071, "lamda": 0.051838160153200266}, "datetime": {"datetime": "2021-10-06 09:07:27", "elapsed": 255.5553, "delta": 1.551374}}
{"target": -34.93438633564018, "params": {"C": 87.63222391613627, "epsilon": 49.71847126005561, "gamma": 0.03543501612880475, "lamda": 0.07542654945731816}, "datetime": {"datetime": "2021-10-06 09:07:28", "elapsed": 256.839275, "delta": 1.283975}}
{"target": -34.355806929592106, "params": {"C": 164.69956390895956, "epsilon": 42.58447884833445, "gamma": 0.0161075498578407, "lamda": 0.14385671075182188}, "datetime": {"datetime": "2021-10-06 09:07:29", "elapsed": 258.116706, "delta": 1.277431}}
{"target": -34.371748585068126, "params": {"C": 141.14327057035166, "epsilon": 44.201401613500316, "gamma": 0.06578479151886459, "lamda": 0.07362124047823622}, "datetime": {"datetime": "2021-10-06 09:07:30", "elapsed": 259.336867, "delta": 1.220161}}
{"target": -34.6614135535647, "params": {"C": 81.56303874766742, "epsilon": 35.12723341006242, "gamma": 0.08809351472621577, "lamda": 0.07320465491889665}, "datetime": {"datetime": "2021-10-06 09:07:32", "elapsed": 260.657749, "delta": 1.320882}}
{"target": -34.28381997619854, "params": {"C": 149.84181307663823, "epsilon": 39.151991791433375, "gamma": 0.06444891621664793, "lamda": 0.0574892705862933}, "datetime": {"datetime": "2021-10-06 09:07:33", "elapsed": 261.941405, "delta": 1.283656}}
{"target": -36.00326465072032, "params": {"C": 16.152588771367036, "epsilon": 46.84895556164062, "gamma": 0.09905955843032747, "lamda": 0.01629401686545077}, "datetime": {"datetime": "2021-10-06 09:07:34", "elapsed": 263.268116, "delta": 1.326711}}
{"target": -34.110682453481864, "params": {"C": 164.67781756670573, "epsilon": 45.24995898931022, "gamma": 0.03548456109503808, "lamda": 0.14391124497139282}, "datetime": {"datetime": "2021-10-06 09:07:36", "elapsed": 264.995976, "delta": 1.72786}}
{"target": -33.994051823047926, "params": {"C": 191.71223195273797, "epsilon": 34.20483924862861, "gamma": 0.04625526077181937, "lamda": 0.08941044414667583}, "datetime": {"datetime": "2021-10-06 09:07:37", "elapsed": 266.244391, "delta": 1.248415}}
{"target": -34.84778342623898, "params": {"C": 96.03034650161139, "epsilon": 49.61641848971014, "gamma": 0.07811671607856949, "lamda": 0.10205245419514723}, "datetime": {"datetime": "2021-10-06 09:07:39", "elapsed": 267.932727, "delta": 1.688336}}
{"target": -34.275791867696654, "params": {"C": 28.741786752967545, "epsilon": 36.598855838094025, "gamma": 0.06461627572286154, "lamda": 0.060459187238456565}, "datetime": {"datetime": "2021-10-06 09:07:40", "elapsed": 269.113306, "delta": 1.180579}}
{"target": -34.13785588375234, "params": {"C": 184.98328022800632, "epsilon": 30.071315306864594, "gamma": 0.03820345871207996, "lamda": 0.07719709274459992}, "datetime": {"datetime": "2021-10-06 09:07:41", "elapsed": 270.354294, "delta": 1.240988}}
{"target": -34.918564880240396, "params": {"C": 37.65355062393986, "epsilon": 48.719199639554056, "gamma": 0.026214603693922908, "lamda": 0.09498341631511835}, "datetime": {"datetime": "2021-10-06 09:07:43", "elapsed": 271.703596, "delta": 1.349302}}
{"target": -34.361425379590735, "params": {"C": 178.54562827900733, "epsilon": 45.4413219484628, "gamma": 0.03345879561982348, "lamda": 0.05722531272065366}, "datetime": {"datetime": "2021-10-06 09:07:44", "elapsed": 273.349951, "delta": 1.646355}}
{"target": -34.54129190212538, "params": {"C": 123.94489333989989, "epsilon": 48.04536192361975, "gamma": 0.06258170942327518, "lamda": 0.10280515759535759}, "datetime": {"datetime": "2021-10-06 09:07:46", "elapsed": 274.563123, "delta": 1.213172}}
{"target": -34.227914694578146, "params": {"C": 154.1847150912141, "epsilon": 36.96230761519867, "gamma": 0.06479576463313473, "lamda": 0.11569181408467523}, "datetime": {"datetime": "2021-10-06 09:07:47", "elapsed": 275.863072, "delta": 1.299949}}
{"target": -34.71223541996426, "params": {"C": 118.06717965405103, "epsilon": 47.04473122991274, "gamma": 0.017150274884231115, "lamda": 0.10410647727906454}, "datetime": {"datetime": "2021-10-06 09:07:49", "elapsed": 277.602977, "delta": 1.739905}}
{"target": -34.47018199134658, "params": {"C": 8.03136536921566, "epsilon": 39.321155332574875, "gamma": 0.0522908459639894, "lamda": 0.09089826857473192}, "datetime": {"datetime": "2021-10-06 09:07:50", "elapsed": 278.928089, "delta": 1.325112}}
{"target": -34.186226285503686, "params": {"C": 135.76333253693213, "epsilon": 43.55548091359693, "gamma": 0.056620364409896706, "lamda": 0.10103962502870656}, "datetime": {"datetime": "2021-10-06 09:07:51", "elapsed": 280.320156, "delta": 1.392067}}
{"target": -34.885215913799236, "params": {"C": 77.85107998305924, "epsilon": 26.67842515615928, "gamma": 0.0744979471846769, "lamda": 0.06298377300623292}, "datetime": {"datetime": "2021-10-06 09:07:53", "elapsed": 281.619374, "delta": 1.299218}}
{"target": -34.783510962503854, "params": {"C": 109.60337964640543, "epsilon": 47.64098205155699, "gamma": 0.09760795247772197, "lamda": 0.11533161238139199}, "datetime": {"datetime": "2021-10-06 09:07:54", "elapsed": 282.969763, "delta": 1.350389}}
{"target": -34.37424515445607, "params": {"C": 71.20305628563511, "epsilon": 45.751400263496464, "gamma": 0.06031689820202243, "lamda": 0.11328549085499413}, "datetime": {"datetime": "2021-10-06 09:07:56", "elapsed": 284.578169, "delta": 1.608406}}
{"target": -33.973039331510364, "params": {"C": 138.4351866682845, "epsilon": 35.330802500846204, "gamma": 0.014789360613552217, "lamda": 0.07989571121974433}, "datetime": {"datetime": "2021-10-06 09:07:57", "elapsed": 285.794388, "delta": 1.216219}}
{"target": -34.565015355266524, "params": {"C": 46.27306344540156, "epsilon": 49.67211721933437, "gamma": 0.044899231469428105, "lamda": 0.14583974634025415}, "datetime": {"datetime": "2021-10-06 09:07:58", "elapsed": 287.1536, "delta": 1.359212}}
{"target": -34.213806527921456, "params": {"C": 171.2959310916585, "epsilon": 29.268579683044237, "gamma": 0.037290685588589015, "lamda": 0.023658254622635096}, "datetime": {"datetime": "2021-10-06 09:08:00", "elapsed": 288.442937, "delta": 1.289337}}
{"target": -34.15918979761256, "params": {"C": 175.31268638883634, "epsilon": 44.63025463821715, "gamma": 0.02856949948983082, "lamda": 0.11297369672129609}, "datetime": {"datetime": "2021-10-06 09:08:01", "elapsed": 289.808588, "delta": 1.365651}}
{"target": -34.058068013766174, "params": {"C": 103.31192139684444, "epsilon": 42.86480161352544, "gamma": 0.025716114930699245, "lamda": 0.10705276484913462}, "datetime": {"datetime": "2021-10-06 09:08:03", "elapsed": 291.560273, "delta": 1.751685}}
{"target": -34.903597195013226, "params": {"C": 174.0475701851082, "epsilon": 46.111981379401115, "gamma": 0.06855341858688936, "lamda": 0.043042160495392744}, "datetime": {"datetime": "2021-10-06 09:08:04", "elapsed": 292.912595, "delta": 1.352322}}
{"target": -34.5060431528054, "params": {"C": 176.8791313235493, "epsilon": 38.413070910632584, "gamma": 0.08064283625923052, "lamda": 0.06556684581982067}, "datetime": {"datetime": "2021-10-06 09:08:05", "elapsed": 294.261112, "delta": 1.348517}}
{"target": -36.36143111797495, "params": {"C": 179.42657550575646, "epsilon": 48.61943948734044, "gamma": 0.04305971374724985, "lamda": 0.0023306244686678605}, "datetime": {"datetime": "2021-10-06 09:08:07", "elapsed": 295.68286, "delta": 1.421748}}
{"target": -35.38942220688316, "params": {"C": 55.901465680096145, "epsilon": 29.861954587951153, "gamma": 0.010986430412416714, "lamda": 0.1311097809659483}, "datetime": {"datetime": "2021-10-06 09:08:08", "elapsed": 297.130689, "delta": 1.447829}}
{"target": -35.32192008077713, "params": {"C": 8.916751127960174, "epsilon": 48.677829406946486, "gamma": 0.04270082408734852, "lamda": 0.03028949167629498}, "datetime": {"datetime": "2021-10-06 09:08:10", "elapsed": 298.555181, "delta": 1.424492}}
{"target": -34.45668963946895, "params": {"C": 185.76618794075347, "epsilon": 44.24905220830039, "gamma": 0.0806839307545152, "lamda": 0.1490361076993723}, "datetime": {"datetime": "2021-10-06 09:08:12", "elapsed": 300.617197, "delta": 2.062016}}
{"target": -36.326066654201945, "params": {"C": 48.2176684592634, "epsilon": 46.46309129339927, "gamma": 0.0020318384746070466, "lamda": 0.07398588408634282}, "datetime": {"datetime": "2021-10-06 09:08:13", "elapsed": 302.072982, "delta": 1.455785}}
{"target": -35.13160112164532, "params": {"C": 33.63301137354495, "epsilon": 28.25676063250659, "gamma": 0.09194509024167956, "lamda": 0.05250272044022621}, "datetime": {"datetime": "2021-10-06 09:08:15", "elapsed": 303.8347, "delta": 1.761718}}
{"target": -34.78777328501408, "params": {"C": 138.44267577818619, "epsilon": 49.02004029236145, "gamma": 0.023377153562270818, "lamda": 0.1255754364779354}, "datetime": {"datetime": "2021-10-06 09:08:16", "elapsed": 305.187978, "delta": 1.353278}}
{"target": -34.087605515019625, "params": {"C": 85.95441906068125, "epsilon": 39.27128228375641, "gamma": 0.053775423626280766, "lamda": 0.14144811004662566}, "datetime": {"datetime": "2021-10-06 09:08:18", "elapsed": 306.577477, "delta": 1.389499}}
{"target": -35.12307506056918, "params": {"C": 159.41060674242053, "epsilon": 29.400242056475562, "gamma": 0.08157269687459999, "lamda": 0.12043762158642286}, "datetime": {"datetime": "2021-10-06 09:08:19", "elapsed": 307.93861, "delta": 1.361133}}
{"target": -34.81539429144093, "params": {"C": 157.27323729334947, "epsilon": 31.736047734752503, "gamma": 0.07071183199282186, "lamda": 0.026398216400158207}, "datetime": {"datetime": "2021-10-06 09:08:20", "elapsed": 309.355637, "delta": 1.417027}}
{"target": -33.98071103643637, "params": {"C": 174.84057125537302, "epsilon": 35.35462742801775, "gamma": 0.03725487942437563, "lamda": 0.1293139771801782}, "datetime": {"datetime": "2021-10-06 09:08:22", "elapsed": 310.793839, "delta": 1.438202}}
{"target": -34.633462596151624, "params": {"C": 119.64924690268539, "epsilon": 46.54146019293212, "gamma": 0.04011219008043575, "lamda": 0.017470106537711784}, "datetime": {"datetime": "2021-10-06 09:08:23", "elapsed": 312.216353, "delta": 1.422514}}
{"target": -34.49987776115253, "params": {"C": 17.66180028913947, "epsilon": 45.18355249308608, "gamma": 0.061887779030569405, "lamda": 0.08159503787309758}, "datetime": {"datetime": "2021-10-06 09:08:25", "elapsed": 313.659005, "delta": 1.442652}}
{"target": -34.191516651877926, "params": {"C": 97.10196618409547, "epsilon": 40.86297046730352, "gamma": 0.034298899483643445, "lamda": 0.021371172713685896}, "datetime": {"datetime": "2021-10-06 09:08:26", "elapsed": 315.057054, "delta": 1.398049}}
{"target": -34.00005672127289, "params": {"C": 180.08495601139603, "epsilon": 41.9780869878924, "gamma": 0.02540726376877977, "lamda": 0.13806855008597288}, "datetime": {"datetime": "2021-10-06 09:08:28", "elapsed": 316.500598, "delta": 1.443544}}
{"target": -35.73863160050876, "params": {"C": 8.748300982145556, "epsilon": 32.932355794028446, "gamma": 0.012016057111488291, "lamda": 0.07557914164166432}, "datetime": {"datetime": "2021-10-06 09:08:29", "elapsed": 317.947007, "delta": 1.446409}}
{"target": -35.03972416330806, "params": {"C": 43.20286656757742, "epsilon": 38.43940955610296, "gamma": 0.08608866812306588, "lamda": 0.034887269381031205}, "datetime": {"datetime": "2021-10-06 09:08:31", "elapsed": 319.810365, "delta": 1.863358}}
{"target": -35.75154247584789, "params": {"C": 94.05273982921268, "epsilon": 39.71224211793542, "gamma": 0.08256402908755192, "lamda": 0.014769419402898425}, "datetime": {"datetime": "2021-10-06 09:08:32", "elapsed": 321.310212, "delta": 1.499847}}
{"target": -34.74403928214777, "params": {"C": 56.695239790999416, "epsilon": 49.566966686375906, "gamma": 0.06610643190655886, "lamda": 0.08505077437667984}, "datetime": {"datetime": "2021-10-06 09:08:34", "elapsed": 322.78794, "delta": 1.477728}}
{"target": -34.004333213526486, "params": {"C": 96.30153152386711, "epsilon": 39.70941761385333, "gamma": 0.04199196401021639, "lamda": 0.0444047060823829}, "datetime": {"datetime": "2021-10-06 09:08:36", "elapsed": 324.63726, "delta": 1.84932}}
{"target": -35.702358063585976, "params": {"C": 112.26333572887279, "epsilon": 26.282486480820374, "gamma": 0.0825662037501412, "lamda": 0.12133658479205732}, "datetime": {"datetime": "2021-10-06 09:08:37", "elapsed": 326.020942, "delta": 1.383682}}
{"target": -34.610860447202604, "params": {"C": 65.55361321986982, "epsilon": 36.09752320431139, "gamma": 0.062298597768810596, "lamda": 0.030512928445111224}, "datetime": {"datetime": "2021-10-06 09:08:39", "elapsed": 328.110297, "delta": 2.089355}}
{"target": -34.19499642739711, "params": {"C": 52.92278536632527, "epsilon": 44.98358251353821, "gamma": 0.0487461901065763, "lamda": 0.12272742449731976}, "datetime": {"datetime": "2021-10-06 09:08:41", "elapsed": 330.017557, "delta": 1.90726}}
{"target": -34.05179067721165, "params": {"C": 179.99909676407293, "epsilon": 35.20988752254885, "gamma": 0.043910007736251574, "lamda": 0.04597301809676168}, "datetime": {"datetime": "2021-10-06 09:08:43", "elapsed": 331.495945, "delta": 1.478388}}
{"target": -34.06953672187501, "params": {"C": 19.571744419762375, "epsilon": 43.961843491877836, "gamma": 0.03739006973177452, "lamda": 0.12590973803367767}, "datetime": {"datetime": "2021-10-06 09:08:44", "elapsed": 332.986725, "delta": 1.49078}}
{"target": -35.3675801068859, "params": {"C": 59.72797593665962, "epsilon": 44.45540524965252, "gamma": 0.009738175597346672, "lamda": 0.029440172917395653}, "datetime": {"datetime": "2021-10-06 09:08:46", "elapsed": 334.480955, "delta": 1.49423}}
{"target": -34.72147384371121, "params": {"C": 57.850200622579166, "epsilon": 48.355820241576026, "gamma": 0.08136409720033033, "lamda": 0.11339198395192568}, "datetime": {"datetime": "2021-10-06 09:08:47", "elapsed": 336.232463, "delta": 1.751508}}
{"target": -35.0408064385796, "params": {"C": 4.511093257111727, "epsilon": 38.40693873677494, "gamma": 0.04037287535404462, "lamda": 0.12491895142664639}, "datetime": {"datetime": "2021-10-06 09:08:49", "elapsed": 337.77847, "delta": 1.546007}}
{"target": -34.7518466208366, "params": {"C": 7.36629199789835, "epsilon": 34.45022679061532, "gamma": 0.02819329779007298, "lamda": 0.029520474760709167}, "datetime": {"datetime": "2021-10-06 09:08:50", "elapsed": 339.237873, "delta": 1.459403}}
{"target": -34.04536237638959, "params": {"C": 73.80742533922904, "epsilon": 34.85336416842836, "gamma": 0.019100599086420852, "lamda": 0.12180481476214618}, "datetime": {"datetime": "2021-10-06 09:08:52", "elapsed": 341.223488, "delta": 1.985615}}
{"target": -34.5635533997621, "params": {"C": 152.40449146693257, "epsilon": 42.04921216731823, "gamma": 0.0898217755670667, "lamda": 0.12578483959083936}, "datetime": {"datetime": "2021-10-06 09:08:54", "elapsed": 342.664391, "delta": 1.440903}}
{"target": -34.54797903541518, "params": {"C": 53.919039049399224, "epsilon": 45.60470071459522, "gamma": 0.08493103333007418, "lamda": 0.109438269573648}, "datetime": {"datetime": "2021-10-06 09:08:55", "elapsed": 344.161525, "delta": 1.497134}}
{"target": -34.86368029826004, "params": {"C": 18.46646387072228, "epsilon": 34.105218375275136, "gamma": 0.009495383800570406, "lamda": 0.09164374100771884}, "datetime": {"datetime": "2021-10-06 09:08:57", "elapsed": 345.661606, "delta": 1.500081}}
{"target": -35.481861106987125, "params": {"C": 86.79652847294442, "epsilon": 48.212319150662964, "gamma": 0.06344517543977826, "lamda": 0.016163076356741208}, "datetime": {"datetime": "2021-10-06 09:08:58", "elapsed": 347.223028, "delta": 1.561422}}
{"target": -34.6647822503391, "params": {"C": 62.70475434963873, "epsilon": 47.33441222896648, "gamma": 0.08143638835519487, "lamda": 0.10470748379185064}, "datetime": {"datetime": "2021-10-06 09:09:00", "elapsed": 348.755249, "delta": 1.532221}}
{"target": -34.35690036325407, "params": {"C": 62.65694740155354, "epsilon": 45.77757696295726, "gamma": 0.03444968487100044, "lamda": 0.05684685719980578}, "datetime": {"datetime": "2021-10-06 09:09:01", "elapsed": 350.360378, "delta": 1.605129}}
{"target": -34.38451622695868, "params": {"C": 136.18263072142992, "epsilon": 27.348876866577687, "gamma": 0.039896374487577074, "lamda": 0.07781344389105856}, "datetime": {"datetime": "2021-10-06 09:09:03", "elapsed": 351.985884, "delta": 1.625506}}
{"target": -33.782572771135314, "params": {"C": 88.49679315207298, "epsilon": 33.25832216330657, "gamma": 0.01883731307870748, "lamda": 0.050259670465006595}, "datetime": {"datetime": "2021-10-06 09:09:05", "elapsed": 353.498632, "delta": 1.512748}}
{"target": -34.22125418030025, "params": {"C": 142.1508964423517, "epsilon": 39.73383178777221, "gamma": 0.013590009060028389, "lamda": 0.05324894327588421}, "datetime": {"datetime": "2021-10-06 09:09:07", "elapsed": 355.422383, "delta": 1.923751}}
{"target": -34.895481956239685, "params": {"C": 112.85318150228242, "epsilon": 46.47346807272258, "gamma": 0.037830333497423985, "lamda": 0.00873017909584239}, "datetime": {"datetime": "2021-10-06 09:09:08", "elapsed": 356.93364, "delta": 1.511257}}
{"target": -36.12439724235524, "params": {"C": 2.6309954736694876, "epsilon": 41.32768377765581, "gamma": 0.03931370101444249, "lamda": 0.07231985491544754}, "datetime": {"datetime": "2021-10-06 09:09:10", "elapsed": 358.529159, "delta": 1.595519}}
{"target": -35.557217290346614, "params": {"C": 193.82996632672956, "epsilon": 49.26721810755866, "gamma": 0.013394221376107181, "lamda": 0.05221240625006079}, "datetime": {"datetime": "2021-10-06 09:09:11", "elapsed": 360.093272, "delta": 1.564113}}
{"target": -33.75288739506236, "params": {"C": 173.97751029538557, "epsilon": 35.61037644652301, "gamma": 0.019194095676346758, "lamda": 0.08479332036746771}, "datetime": {"datetime": "2021-10-06 09:09:13", "elapsed": 361.668232, "delta": 1.57496}}
{"target": -34.199114508372894, "params": {"C": 18.056671047082506, "epsilon": 30.84115402938563, "gamma": 0.02555334293396526, "lamda": 0.0390657213681828}, "datetime": {"datetime": "2021-10-06 09:09:14", "elapsed": 363.249164, "delta": 1.580932}}
{"target": -34.217610867750565, "params": {"C": 73.49384837352845, "epsilon": 28.631525665531864, "gamma": 0.029233452591177732, "lamda": 0.09094865413680979}, "datetime": {"datetime": "2021-10-06 09:09:17", "elapsed": 365.522499, "delta": 2.273335}}
{"target": -35.82885065328017, "params": {"C": 11.954893089232032, "epsilon": 48.56340092053154, "gamma": 0.01244489852578613, "lamda": 0.054940185276938176}, "datetime": {"datetime": "2021-10-06 09:09:18", "elapsed": 367.066973, "delta": 1.544474}}
{"target": -33.88387684319953, "params": {"C": 191.508148410472, "epsilon": 40.39993934957543, "gamma": 0.026377625418860552, "lamda": 0.12577395788387802}, "datetime": {"datetime": "2021-10-06 09:09:20", "elapsed": 368.699557, "delta": 1.632584}}
{"target": -34.11236834764019, "params": {"C": 39.94612202954878, "epsilon": 41.33753981418997, "gamma": 0.05204359178789794, "lamda": 0.06961012218881059}, "datetime": {"datetime": "2021-10-06 09:09:21", "elapsed": 370.367833, "delta": 1.668276}}
{"target": -34.947274041866265, "params": {"C": 107.00948073915822, "epsilon": 47.893624317029904, "gamma": 0.053082672224812374, "lamda": 0.03938641872711794}, "datetime": {"datetime": "2021-10-06 09:09:23", "elapsed": 372.045599, "delta": 1.677766}}
{"target": -34.533834882650794, "params": {"C": 187.05772092531234, "epsilon": 37.93683936047866, "gamma": 0.00758975291554214, "lamda": 0.048000763379945785}, "datetime": {"datetime": "2021-10-06 09:09:25", "elapsed": 373.687343, "delta": 1.641744}}
