{"target": -33.97614470517617, "params": {"C": 109.01646452416664, "epsilon": 39.19087407777886, "gamma": 0.04819789798526789, "lamda": 0.11247492077468983}, "datetime": {"datetime": "2021-10-06 09:09:26", "elapsed": 375.323226, "delta": 1.635883}}
{"target": -34.88521527677868, "params": {"C": 182.50507704527223, "epsilon": 29.44369365796738, "gamma": 0.08496989216352778, "lamda": 0.0866122305188399}, "datetime": {"datetime": "2021-10-06 09:09:28", "elapsed": 376.951668, "delta": 1.628442}}
{"target": -35.28304277391931, "params": {"C": 186.8927476207586, "epsilon": 26.065310238876464, "gamma": 0.09018547469959584, "lamda": 0.055208691250745276}, "datetime": {"datetime": "2021-10-06 09:09:30", "elapsed": 378.639428, "delta": 1.68776}}
{"target": -34.77622429247039, "params": {"C": 90.15285116943687, "epsilon": 44.977689267274755, "gamma": 0.07861859377140724, "lamda": 0.0546103061471698}, "datetime": {"datetime": "2021-10-06 09:09:31", "elapsed": 380.294005, "delta": 1.654577}}
{"target": -33.96305621027744, "params": {"C": 107.4159735112653, "epsilon": 39.446676311034494, "gamma": 0.03866580606537185, "lamda": 0.0426269528358567}, "datetime": {"datetime": "2021-10-06 09:09:33", "elapsed": 381.975616, "delta": 1.681611}}
{"target": -34.1301054836732, "params": {"C": 136.18360865174805, "epsilon": 35.03963212567352, "gamma": 0.05451248343404173, "lamda": 0.10608843328454853}, "datetime": {"datetime": "2021-10-06 09:09:35", "elapsed": 383.588151, "delta": 1.612535}}
{"target": -35.540369575351505, "params": {"C": 10.395824242228398, "epsilon": 49.08996868996183, "gamma": 0.029761157178060937, "lamda": 0.017251951148540737}, "datetime": {"datetime": "2021-10-06 09:09:37", "elapsed": 385.869818, "delta": 2.281667}}
{"target": -34.26037167362267, "params": {"C": 168.4829521581678, "epsilon": 42.22673845092121, "gamma": 0.01883726679367985, "lamda": 0.059707260987376075}, "datetime": {"datetime": "2021-10-06 09:09:39", "elapsed": 387.480932, "delta": 1.611114}}
{"target": -34.860634627079094, "params": {"C": 60.66955387858531, "epsilon": 28.08148166756861, "gamma": 0.02274234217541428, "lamda": 0.0011707771096369011}, "datetime": {"datetime": "2021-10-06 09:09:40", "elapsed": 389.325532, "delta": 1.8446}}
{"target": -34.45668909767458, "params": {"C": 55.99675466190708, "epsilon": 32.78937901868604, "gamma": 0.06926835406103256, "lamda": 0.10384924680476991}, "datetime": {"datetime": "2021-10-06 09:09:44", "elapsed": 392.392598, "delta": 3.067066}}
{"target": -34.40281422391229, "params": {"C": 139.36450700454546, "epsilon": 26.744821220219038, "gamma": 0.02817971017081116, "lamda": 0.08769405588524383}, "datetime": {"datetime": "2021-10-06 09:09:45", "elapsed": 394.231891, "delta": 1.839293}}
{"target": -34.01205278129111, "params": {"C": 83.47528565544012, "epsilon": 39.34027807321099, "gamma": 0.04526072495673378, "lamda": 0.056536832756905506}, "datetime": {"datetime": "2021-10-06 09:09:47", "elapsed": 395.964944, "delta": 1.733053}}
{"target": -34.05534835227884, "params": {"C": 165.9708934872117, "epsilon": 39.33513339778817, "gamma": 0.053952027638199083, "lamda": 0.1318880840304931}, "datetime": {"datetime": "2021-10-06 09:09:49", "elapsed": 397.682738, "delta": 1.717794}}
{"target": -34.04543935370597, "params": {"C": 49.4991537964951, "epsilon": 41.14604577459998, "gamma": 0.022254139042118162, "lamda": 0.07420018447831982}, "datetime": {"datetime": "2021-10-06 09:09:51", "elapsed": 399.396861, "delta": 1.714123}}
{"target": -34.81840716685957, "params": {"C": 186.9773514238568, "epsilon": 48.77491820266002, "gamma": 0.033639964288782846, "lamda": 0.04123072865274664}, "datetime": {"datetime": "2021-10-06 09:09:52", "elapsed": 401.14681, "delta": 1.749949}}
{"target": -35.190007899423925, "params": {"C": 89.56323718597352, "epsilon": 36.21356661099353, "gamma": 0.09930307389311452, "lamda": 0.039475405131065164}, "datetime": {"datetime": "2021-10-06 09:09:54", "elapsed": 402.81568, "delta": 1.66887}}
{"target": -35.129684864188384, "params": {"C": 112.09049192010568, "epsilon": 43.410439149064885, "gamma": 0.003136452637711404, "lamda": 0.027353858483534204}, "datetime": {"datetime": "2021-10-06 09:09:56", "elapsed": 405.061701, "delta": 2.246021}}
{"target": -35.0993587417693, "params": {"C": 49.56683891363658, "epsilon": 38.743038075190256, "gamma": 0.00853273137361028, "lamda": 0.14161755759944544}, "datetime": {"datetime": "2021-10-06 09:09:58", "elapsed": 406.841784, "delta": 1.780083}}
{"target": -34.740553331160484, "params": {"C": 64.4597601852908, "epsilon": 41.02950010291099, "gamma": 0.09944391145635412, "lamda": 0.14096891591952398}, "datetime": {"datetime": "2021-10-06 09:10:00", "elapsed": 408.586324, "delta": 1.74454}}
{"target": -34.71040999703759, "params": {"C": 45.678665338045796, "epsilon": 41.92410694226179, "gamma": 0.007969807780605874, "lamda": 0.07790615748301977}, "datetime": {"datetime": "2021-10-06 09:10:01", "elapsed": 410.32736, "delta": 1.741036}}
{"target": -34.61877031407516, "params": {"C": 134.357014426752, "epsilon": 45.06276046453539, "gamma": 0.09256364092003222, "lamda": 0.12379138784710769}, "datetime": {"datetime": "2021-10-06 09:10:03", "elapsed": 412.093988, "delta": 1.766628}}
{"target": -34.90769305852347, "params": {"C": 69.26968380934419, "epsilon": 46.024334926624185, "gamma": 0.010820029935475695, "lamda": 0.12114134581557806}, "datetime": {"datetime": "2021-10-06 09:10:05", "elapsed": 413.796369, "delta": 1.702381}}
{"target": -33.887651916506115, "params": {"C": 42.29171598541001, "epsilon": 36.59320265829601, "gamma": 0.03973335076427949, "lamda": 0.09144014161325492}, "datetime": {"datetime": "2021-10-06 09:10:06", "elapsed": 415.357017, "delta": 1.560648}}
{"target": -34.05116763948545, "params": {"C": 97.68209753395902, "epsilon": 39.58083382296954, "gamma": 0.051738665101196, "lamda": 0.07343054943304508}, "datetime": {"datetime": "2021-10-06 09:10:08", "elapsed": 417.088937, "delta": 1.73192}}
{"target": -34.771399493587154, "params": {"C": 95.73060654654618, "epsilon": 42.83413121291754, "gamma": 0.07381758055195148, "lamda": 0.04488512056892581}, "datetime": {"datetime": "2021-10-06 09:10:10", "elapsed": 418.922665, "delta": 1.833728}}
{"target": -34.50055230999657, "params": {"C": 91.37975053481024, "epsilon": 38.812536639687664, "gamma": 0.08080771050782211, "lamda": 0.14622795547358647}, "datetime": {"datetime": "2021-10-06 09:10:12", "elapsed": 421.246607, "delta": 2.323942}}
{"target": -34.65291675344679, "params": {"C": 49.98115350300769, "epsilon": 37.30528774601281, "gamma": 0.011454396312574713, "lamda": 0.0060424423180546255}, "datetime": {"datetime": "2021-10-06 09:10:14", "elapsed": 423.05522, "delta": 1.808613}}
{"target": -34.670530293527044, "params": {"C": 95.98827336448288, "epsilon": 45.1243987929301, "gamma": 0.09604996809446877, "lamda": 0.12876746733955596}, "datetime": {"datetime": "2021-10-06 09:10:16", "elapsed": 424.789306, "delta": 1.734086}}
{"target": -35.92003934269759, "params": {"C": 154.34025121845835, "epsilon": 29.195242266695757, "gamma": 0.053181635409859825, "lamda": 0.0017914261179673395}, "datetime": {"datetime": "2021-10-06 09:10:18", "elapsed": 426.982626, "delta": 2.19332}}
{"target": -37.226060045849025, "params": {"C": 105.70130440131129, "epsilon": 31.834946489794188, "gamma": 0.005436458025116355, "lamda": 0.1396325539585057}, "datetime": {"datetime": "2021-10-06 09:10:20", "elapsed": 428.692531, "delta": 1.709905}}
{"target": -34.57632993927834, "params": {"C": 136.0433511482748, "epsilon": 44.35773880356814, "gamma": 0.08287362939699602, "lamda": 0.07514440918837065}, "datetime": {"datetime": "2021-10-06 09:10:22", "elapsed": 430.569668, "delta": 1.877137}}
{"target": -34.51990921427696, "params": {"C": 167.21115396218033, "epsilon": 43.333915015739265, "gamma": 0.08438429117397617, "lamda": 0.08084265780834417}, "datetime": {"datetime": "2021-10-06 09:10:23", "elapsed": 432.340701, "delta": 1.771033}}
{"target": -35.386477959328865, "params": {"C": 149.95474813803622, "epsilon": 48.5946546405374, "gamma": 0.013570661462862801, "lamda": 0.019551689115110328}, "datetime": {"datetime": "2021-10-06 09:10:25", "elapsed": 434.373904, "delta": 2.033203}}
{"target": -34.04785263834172, "params": {"C": 184.92533682243996, "epsilon": 40.534832325570655, "gamma": 0.053913024790864385, "lamda": 0.11225048110379057}, "datetime": {"datetime": "2021-10-06 09:10:27", "elapsed": 436.292758, "delta": 1.918854}}
{"target": -35.010810049462734, "params": {"C": 142.50025102371578, "epsilon": 46.545377461933036, "gamma": 0.009014614179415846, "lamda": 0.14059971508677488}, "datetime": {"datetime": "2021-10-06 09:10:29", "elapsed": 438.088641, "delta": 1.795883}}
{"target": -37.22099644412346, "params": {"C": 2.241134159726721, "epsilon": 35.00048051047815, "gamma": 0.07314685818380154, "lamda": 0.0011801692666104748}, "datetime": {"datetime": "2021-10-06 09:10:32", "elapsed": 440.689266, "delta": 2.600625}}
{"target": -35.601141640066146, "params": {"C": 22.952385653084427, "epsilon": 41.57555653876255, "gamma": 0.09611679715698139, "lamda": 0.01497033827209716}, "datetime": {"datetime": "2021-10-06 09:10:34", "elapsed": 442.487943, "delta": 1.798677}}
{"target": -34.62206329685792, "params": {"C": 152.66222855145966, "epsilon": 40.04830037196722, "gamma": 0.09177398209003942, "lamda": 0.13801102283874744}, "datetime": {"datetime": "2021-10-06 09:10:36", "elapsed": 444.863763, "delta": 2.37582}}
{"target": -34.96626536570414, "params": {"C": 31.90446421435694, "epsilon": 28.362295184292453, "gamma": 0.06664550705740604, "lamda": 0.02020431643051459}, "datetime": {"datetime": "2021-10-06 09:10:38", "elapsed": 446.641441, "delta": 1.777678}}
{"target": -36.91795873345318, "params": {"C": 194.82348535759442, "epsilon": 46.787236934998994, "gamma": 0.09600428736963963, "lamda": 0.010777517453005363}, "datetime": {"datetime": "2021-10-06 09:10:40", "elapsed": 448.588522, "delta": 1.947081}}
{"target": -35.85409677456381, "params": {"C": 191.8372149935775, "epsilon": 37.47237632521181, "gamma": 0.07473557959962518, "lamda": 0.011428249760873994}, "datetime": {"datetime": "2021-10-06 09:10:42", "elapsed": 450.459255, "delta": 1.870733}}
{"target": -33.89634361210469, "params": {"C": 53.0480704589278, "epsilon": 39.19999111653661, "gamma": 0.03734534626249816, "lamda": 0.1349893551684653}, "datetime": {"datetime": "2021-10-06 09:10:44", "elapsed": 452.636873, "delta": 2.177618}}
{"target": -35.68365328811958, "params": {"C": 58.28439074757107, "epsilon": 29.889999617486357, "gamma": 0.006443625503309096, "lamda": 0.10070301868106545}, "datetime": {"datetime": "2021-10-06 09:10:46", "elapsed": 454.642707, "delta": 2.005834}}
{"target": -34.78619808557766, "params": {"C": 128.71542797414924, "epsilon": 42.963576110733534, "gamma": 0.06332771465222947, "lamda": 0.033180101802436114}, "datetime": {"datetime": "2021-10-06 09:10:48", "elapsed": 456.506765, "delta": 1.864058}}
{"target": -34.18545860676323, "params": {"C": 98.5913514589502, "epsilon": 44.74919005074586, "gamma": 0.053683557920539644, "lamda": 0.1329033801582851}, "datetime": {"datetime": "2021-10-06 09:10:51", "elapsed": 459.449905, "delta": 2.94314}}
{"target": -35.121259501228955, "params": {"C": 28.723124510479067, "epsilon": 29.79018969618908, "gamma": 0.08743409019277516, "lamda": 0.031985364689762166}, "datetime": {"datetime": "2021-10-06 09:10:53", "elapsed": 461.633024, "delta": 2.183119}}
{"target": -34.49845725484742, "params": {"C": 153.17971072832194, "epsilon": 46.60608871890897, "gamma": 0.025478938935253985, "lamda": 0.10772657793604291}, "datetime": {"datetime": "2021-10-06 09:10:55", "elapsed": 463.861156, "delta": 2.228132}}
{"target": -34.33304537605635, "params": {"C": 178.39100490619006, "epsilon": 31.84601114748963, "gamma": 0.05766220957065083, "lamda": 0.09031033232946739}, "datetime": {"datetime": "2021-10-06 09:10:57", "elapsed": 466.220518, "delta": 2.359362}}
{"target": -34.12215809506785, "params": {"C": 121.06594091416846, "epsilon": 38.0904374015581, "gamma": 0.055064800453092935, "lamda": 0.13607552309816567}, "datetime": {"datetime": "2021-10-06 09:11:00", "elapsed": 468.498695, "delta": 2.278177}}
{"target": -36.88583328318554, "params": {"C": 3.3994830235015208, "epsilon": 32.29844087576443, "gamma": 0.045482256288706564, "lamda": 0.0937979250723769}, "datetime": {"datetime": "2021-10-06 09:11:02", "elapsed": 470.706636, "delta": 2.207941}}
{"target": -34.94812975865552, "params": {"C": 6.206922057972922, "epsilon": 36.34453782340572, "gamma": 0.06216099500694066, "lamda": 0.022156115710959566}, "datetime": {"datetime": "2021-10-06 09:11:05", "elapsed": 473.392516, "delta": 2.68588}}
{"target": -34.91711230031441, "params": {"C": 11.582608455798022, "epsilon": 27.62388433922204, "gamma": 0.04089673689852587, "lamda": 0.05343842323540135}, "datetime": {"datetime": "2021-10-06 09:11:07", "elapsed": 475.730946, "delta": 2.33843}}
{"target": -33.794125335518665, "params": {"C": 130.75672009995745, "epsilon": 33.14888565287883, "gamma": 0.02380866882097777, "lamda": 0.07908652690902168}, "datetime": {"datetime": "2021-10-06 09:11:09", "elapsed": 477.597439, "delta": 1.866493}}
{"target": -35.36510893958062, "params": {"C": 4.857002173831749, "epsilon": 45.7249634589921, "gamma": 0.0648613653807354, "lamda": 0.03601169362055299}, "datetime": {"datetime": "2021-10-06 09:11:11", "elapsed": 479.653627, "delta": 2.056188}}
{"target": -34.37421157677888, "params": {"C": 90.63112413765711, "epsilon": 42.8529895371734, "gamma": 0.07722815574186047, "lamda": 0.09710419615204684}, "datetime": {"datetime": "2021-10-06 09:11:13", "elapsed": 481.956386, "delta": 2.302759}}
{"target": -34.39234039671776, "params": {"C": 31.744085538171472, "epsilon": 40.86791301772277, "gamma": 0.07652765910423108, "lamda": 0.14334004560931266}, "datetime": {"datetime": "2021-10-06 09:11:16", "elapsed": 484.463231, "delta": 2.506845}}
{"target": -34.70700216974932, "params": {"C": 193.8778030158969, "epsilon": 45.53428163225527, "gamma": 0.09854384489222681, "lamda": 0.11605458629849817}, "datetime": {"datetime": "2021-10-06 09:11:18", "elapsed": 486.62345, "delta": 2.160219}}
{"target": -36.173425449744265, "params": {"C": 198.32662859511444, "epsilon": 44.28297453333649, "gamma": 0.08958884270217414, "lamda": 0.014875347567857179}, "datetime": {"datetime": "2021-10-06 09:11:20", "elapsed": 488.818872, "delta": 2.195422}}
{"target": -34.571407286499635, "params": {"C": 149.59098755256923, "epsilon": 40.91469844283469, "gamma": 0.09033044369839335, "lamda": 0.12694571757837148}, "datetime": {"datetime": "2021-10-06 09:11:22", "elapsed": 490.784525, "delta": 1.965653}}
{"target": -35.19311540009969, "params": {"C": 12.070281219409205, "epsilon": 39.98572581530338, "gamma": 0.09792087076766313, "lamda": 0.03590083582300955}, "datetime": {"datetime": "2021-10-06 09:11:24", "elapsed": 493.34128, "delta": 2.556755}}
{"target": -35.178991570262696, "params": {"C": 79.84873190308885, "epsilon": 49.01614682500704, "gamma": 0.020095826918325378, "lamda": 0.08591637050904909}, "datetime": {"datetime": "2021-10-06 09:11:27", "elapsed": 495.624802, "delta": 2.283522}}
{"target": -35.36238999633902, "params": {"C": 94.24676302262485, "epsilon": 36.65069638625093, "gamma": 0.07586085030038997, "lamda": 0.018453010097109465}, "datetime": {"datetime": "2021-10-06 09:11:29", "elapsed": 497.637948, "delta": 2.013146}}
{"target": -34.56153241483203, "params": {"C": 73.75202585261688, "epsilon": 46.494199046378085, "gamma": 0.03863420051508308, "lamda": 0.05084330663072}, "datetime": {"datetime": "2021-10-06 09:11:31", "elapsed": 499.760646, "delta": 2.122698}}
{"target": -35.072739145107505, "params": {"C": 56.589632349958435, "epsilon": 32.52297456960399, "gamma": 0.08526098842675063, "lamda": 0.14765442641411383}, "datetime": {"datetime": "2021-10-06 09:11:34", "elapsed": 503.339298, "delta": 3.578652}}
{"target": -33.93587056706117, "params": {"C": 61.05660249475673, "epsilon": 40.52078980310496, "gamma": 0.02425822971688342, "lamda": 0.04762706593637165}, "datetime": {"datetime": "2021-10-06 09:11:37", "elapsed": 505.462404, "delta": 2.123106}}
{"target": -35.07670182981755, "params": {"C": 99.75134821823195, "epsilon": 29.68991998630279, "gamma": 0.08708494891385332, "lamda": 0.10669610262601982}, "datetime": {"datetime": "2021-10-06 09:11:39", "elapsed": 507.757027, "delta": 2.294623}}
{"target": -35.58030511916292, "params": {"C": 74.92831668588644, "epsilon": 26.809665050092292, "gamma": 0.09797438022107763, "lamda": 0.09555241401570701}, "datetime": {"datetime": "2021-10-06 09:11:41", "elapsed": 510.051527, "delta": 2.2945}}
{"target": -36.783858769592385, "params": {"C": 2.2799761743109626, "epsilon": 41.87729721719553, "gamma": 0.024202834218971243, "lamda": 0.035077530981673516}, "datetime": {"datetime": "2021-10-06 09:11:44", "elapsed": 512.544697, "delta": 2.49317}}
{"target": -34.84046243032432, "params": {"C": 141.35833420941063, "epsilon": 37.35012499335005, "gamma": 0.05174962342723651, "lamda": 0.010806797972225026}, "datetime": {"datetime": "2021-10-06 09:11:46", "elapsed": 514.875418, "delta": 2.330721}}
{"target": -34.18368359225761, "params": {"C": 10.78570179728333, "epsilon": 41.55685914966169, "gamma": 0.028250223145920676, "lamda": 0.14391121198472204}, "datetime": {"datetime": "2021-10-06 09:11:48", "elapsed": 517.255226, "delta": 2.379808}}
{"target": -34.66625384049732, "params": {"C": 190.43677067240182, "epsilon": 42.9284326110714, "gamma": 0.09661720343108059, "lamda": 0.12942015183510067}, "datetime": {"datetime": "2021-10-06 09:11:51", "elapsed": 519.632876, "delta": 2.37765}}
{"target": -34.287535841382535, "params": {"C": 175.94550673066541, "epsilon": 43.39689759098498, "gamma": 0.051215910814456186, "lamda": 0.04884107730563707}, "datetime": {"datetime": "2021-10-06 09:11:53", "elapsed": 522.14496, "delta": 2.512084}}
{"target": -33.986661228593384, "params": {"C": 161.6033227393945, "epsilon": 41.53269409341141, "gamma": 0.043758779248571404, "lamda": 0.07952520181573551}, "datetime": {"datetime": "2021-10-06 09:11:55", "elapsed": 524.372075, "delta": 2.227115}}
{"target": -34.305804739869146, "params": {"C": 39.374748130309726, "epsilon": 45.31639397609946, "gamma": 0.05466915587156146, "lamda": 0.10123341138471503}, "datetime": {"datetime": "2021-10-06 09:11:58", "elapsed": 526.702121, "delta": 2.330046}}
{"target": -34.36780005733968, "params": {"C": 152.87568785399378, "epsilon": 27.367163439400457, "gamma": 0.03991730508226149, "lamda": 0.05851066747621572}, "datetime": {"datetime": "2021-10-06 09:12:00", "elapsed": 529.019998, "delta": 2.317877}}
{"target": -33.91601645035068, "params": {"C": 152.71788586483035, "epsilon": 41.4539372284824, "gamma": 0.03219168013947769, "lamda": 0.11097913538275045}, "datetime": {"datetime": "2021-10-06 09:12:03", "elapsed": 532.025372, "delta": 3.005374}}
{"target": -34.627901454930296, "params": {"C": 16.971905043769993, "epsilon": 43.46434863249901, "gamma": 0.08642732374972596, "lamda": 0.08773203824792751}, "datetime": {"datetime": "2021-10-06 09:12:05", "elapsed": 534.208136, "delta": 2.182764}}
{"target": -34.93362588241287, "params": {"C": 196.83859865866057, "epsilon": 30.21765350531181, "gamma": 0.02495710148914064, "lamda": 0.14752575358826073}, "datetime": {"datetime": "2021-10-06 09:12:07", "elapsed": 536.290531, "delta": 2.082395}}
{"target": -34.59399347068713, "params": {"C": 186.75872165194804, "epsilon": 27.915921866361618, "gamma": 0.06277767513357432, "lamda": 0.07759356983168875}, "datetime": {"datetime": "2021-10-06 09:12:10", "elapsed": 538.485474, "delta": 2.194943}}
{"target": -34.51422378585773, "params": {"C": 76.78443634427524, "epsilon": 39.167709940151084, "gamma": 0.08680260784331799, "lamda": 0.11668402128622264}, "datetime": {"datetime": "2021-10-06 09:12:12", "elapsed": 540.81007, "delta": 2.324596}}
{"target": -34.096867619760204, "params": {"C": 123.13897284612945, "epsilon": 38.88499901080702, "gamma": 0.03976574050519471, "lamda": 0.027212447123876528}, "datetime": {"datetime": "2021-10-06 09:12:14", "elapsed": 543.107834, "delta": 2.297764}}
{"target": -35.117098579038164, "params": {"C": 189.26137648156904, "epsilon": 28.38440095539899, "gamma": 0.08677775670396658, "lamda": 0.09563268414551415}, "datetime": {"datetime": "2021-10-06 09:12:16", "elapsed": 545.054556, "delta": 1.946722}}
{"target": -34.64384472205139, "params": {"C": 85.05906448621728, "epsilon": 29.12561495835699, "gamma": 0.0723137441580078, "lamda": 0.07812153217195693}, "datetime": {"datetime": "2021-10-06 09:12:18", "elapsed": 547.253328, "delta": 2.198772}}
{"target": -34.38195183661718, "params": {"C": 116.72887434259432, "epsilon": 33.87350025964306, "gamma": 0.0696208539422568, "lamda": 0.09377067236123135}, "datetime": {"datetime": "2021-10-06 09:12:21", "elapsed": 549.710615, "delta": 2.457287}}
{"target": -37.06706432328353, "params": {"C": 47.30742383750655, "epsilon": 48.03881909434644, "gamma": 0.09440948037892793, "lamda": 0.006425901928094727}, "datetime": {"datetime": "2021-10-06 09:12:24", "elapsed": 552.602943, "delta": 2.892328}}
{"target": -34.22257893749545, "params": {"C": 109.16530115694319, "epsilon": 29.341380468230728, "gamma": 0.03635968647389642, "lamda": 0.020242065679100307}, "datetime": {"datetime": "2021-10-06 09:12:26", "elapsed": 555.202972, "delta": 2.600029}}
{"target": -35.014392500384226, "params": {"C": 96.86728081970546, "epsilon": 31.407746498333424, "gamma": 0.09976319929421584, "lamda": 0.07908254291364086}, "datetime": {"datetime": "2021-10-06 09:12:28", "elapsed": 557.356413, "delta": 2.153441}}
{"target": -34.27712544232076, "params": {"C": 129.01192945541595, "epsilon": 33.17453937457047, "gamma": 0.051476581946799375, "lamda": 0.12807712895870144}, "datetime": {"datetime": "2021-10-06 09:12:30", "elapsed": 559.377755, "delta": 2.021342}}
