{"target": -33.42432210146312, "params": {"C": 330.293709021375, "epsilon": 31.460061098268632, "gamma": 0.004867130842057064, "lamda": 0.09944942500381104}, "datetime": {"datetime": "2021-10-06 09:15:39", "elapsed": 134.786548, "delta": 0.866713}}
{"target": -34.02544451284661, "params": {"C": 206.50913157391318, "epsilon": 33.30681860815563, "gamma": 0.052327872007135484, "lamda": 0.1596697568846115}, "datetime": {"datetime": "2021-10-06 09:15:40", "elapsed": 135.678869, "delta": 0.892321}}
{"target": -34.35058712765872, "params": {"C": 201.35603657857897, "epsilon": 35.18521991648737, "gamma": 0.06569435392119999, "lamda": 0.1788495102441629}, "datetime": {"datetime": "2021-10-06 09:15:40", "elapsed": 136.518644, "delta": 0.839775}}
{"target": -33.927408396618745, "params": {"C": 254.00063940395648, "epsilon": 37.09267278759716, "gamma": 0.06460891643096191, "lamda": 0.1396347784083307}, "datetime": {"datetime": "2021-10-06 09:15:41", "elapsed": 137.422961, "delta": 0.904317}}
{"target": -33.992016585152776, "params": {"C": 209.47834774815, "epsilon": 33.224801963847895, "gamma": 0.06917307180050843, "lamda": 0.05202272885441554}, "datetime": {"datetime": "2021-10-06 09:15:42", "elapsed": 138.32523, "delta": 0.902269}}
{"target": -34.08892791736843, "params": {"C": 290.1519232370426, "epsilon": 37.548839299709826, "gamma": 0.06862475293289776, "lamda": 0.03250726622573896}, "datetime": {"datetime": "2021-10-06 09:15:43", "elapsed": 139.192312, "delta": 0.867082}}
{"target": -33.21186225191406, "params": {"C": 389.33696552046, "epsilon": 32.917109683358724, "gamma": 0.03110433140673745, "lamda": 0.018767492817109713}, "datetime": {"datetime": "2021-10-06 09:15:44", "elapsed": 140.089622, "delta": 0.89731}}
{"target": -33.380214022080025, "params": {"C": 298.60220540167063, "epsilon": 35.09161992759221, "gamma": 0.026746442589111512, "lamda": 0.006944993688324938}, "datetime": {"datetime": "2021-10-06 09:15:45", "elapsed": 141.124089, "delta": 1.034467}}
{"target": -34.12012356321847, "params": {"C": 351.6725908291827, "epsilon": 36.9625228439022, "gamma": 0.0704129752608099, "lamda": 0.03332019404009345}, "datetime": {"datetime": "2021-10-06 09:15:46", "elapsed": 142.00818, "delta": 0.884091}}
{"target": -33.46237652281781, "params": {"C": 309.5680452702661, "epsilon": 34.26875271055577, "gamma": 0.04357909601536028, "lamda": 0.018855107261907037}, "datetime": {"datetime": "2021-10-06 09:15:47", "elapsed": 142.910764, "delta": 0.902584}}
{"target": -33.129778964825014, "params": {"C": 238.43773524900288, "epsilon": 34.551012916810976, "gamma": 0.03290767249824898, "lamda": 0.02657695187097867}, "datetime": {"datetime": "2021-10-06 09:15:48", "elapsed": 143.968639, "delta": 1.057875}}
{"target": -32.99487537629503, "params": {"C": 298.81717832840815, "epsilon": 38.78109864100353, "gamma": 0.013775644407835408, "lamda": 0.06922122681994701}, "datetime": {"datetime": "2021-10-06 09:15:49", "elapsed": 145.180587, "delta": 1.211948}}
{"target": -33.25416460847525, "params": {"C": 235.27325470673708, "epsilon": 36.18308423816616, "gamma": 0.0173496996817981, "lamda": 0.1506215599572065}, "datetime": {"datetime": "2021-10-06 09:15:50", "elapsed": 146.051357, "delta": 0.87077}}
{"target": -32.98893808828323, "params": {"C": 360.07394844866286, "epsilon": 37.91152246713493, "gamma": 0.02520370272552031, "lamda": 0.062064660024565614}, "datetime": {"datetime": "2021-10-06 09:15:51", "elapsed": 147.170544, "delta": 1.119187}}
{"target": -33.41851896745352, "params": {"C": 253.6242547723778, "epsilon": 37.33069292327461, "gamma": 0.04251270785536377, "lamda": 0.14430598897043218}, "datetime": {"datetime": "2021-10-06 09:15:52", "elapsed": 148.09868, "delta": 0.928136}}
{"target": -33.38039586843327, "params": {"C": 268.2974012567295, "epsilon": 37.35202249618993, "gamma": 0.04302403203657338, "lamda": 0.022035760704118376}, "datetime": {"datetime": "2021-10-06 09:15:53", "elapsed": 149.272809, "delta": 1.174129}}
{"target": -34.30958808142295, "params": {"C": 328.86807649729303, "epsilon": 30.698652203580835, "gamma": 0.06644492789381819, "lamda": 0.13307450405717897}, "datetime": {"datetime": "2021-10-06 09:15:54", "elapsed": 150.191226, "delta": 0.918417}}
{"target": -34.11105528941192, "params": {"C": 250.83079112722976, "epsilon": 31.67302530947377, "gamma": 0.05959876812507026, "lamda": 0.13929529305247854}, "datetime": {"datetime": "2021-10-06 09:15:55", "elapsed": 151.164778, "delta": 0.973552}}
{"target": -33.00826178592949, "params": {"C": 217.3358801546636, "epsilon": 36.92760651821702, "gamma": 0.007595855007386407, "lamda": 0.09141397173956396}, "datetime": {"datetime": "2021-10-06 09:15:56", "elapsed": 152.075931, "delta": 0.911153}}
{"target": -35.76237214404331, "params": {"C": 266.3180986927844, "epsilon": 34.8750495373927, "gamma": 0.03803722002455453, "lamda": 0.0006008225127284826}, "datetime": {"datetime": "2021-10-06 09:15:57", "elapsed": 153.365975, "delta": 1.290044}}
{"target": -33.07131478553266, "params": {"C": 347.63438562629074, "epsilon": 30.763944741109164, "gamma": 0.011624454367492675, "lamda": 0.07568490748081728}, "datetime": {"datetime": "2021-10-06 09:15:58", "elapsed": 154.368947, "delta": 1.002972}}
{"target": -33.45547996935784, "params": {"C": 284.5559033784898, "epsilon": 30.25474287186734, "gamma": 0.019312290831273178, "lamda": 0.13062274389594258}, "datetime": {"datetime": "2021-10-06 09:16:00", "elapsed": 155.725416, "delta": 1.356469}}
{"target": -33.49722903821018, "params": {"C": 345.19579015995083, "epsilon": 33.11939238623428, "gamma": 0.02413453746892792, "lamda": 0.1593829315965632}, "datetime": {"datetime": "2021-10-06 09:16:01", "elapsed": 157.339059, "delta": 1.613643}}
{"target": -33.566967471185976, "params": {"C": 327.9412701689939, "epsilon": 32.53584395207812, "gamma": 0.029647271500030655, "lamda": 0.14927862999398436}, "datetime": {"datetime": "2021-10-06 09:16:02", "elapsed": 158.493529, "delta": 1.15447}}
{"target": -35.153949675419454, "params": {"C": 241.06078001091663, "epsilon": 34.12552876382364, "gamma": 0.0790779689156101, "lamda": 0.1875030846479079}, "datetime": {"datetime": "2021-10-06 09:16:03", "elapsed": 159.542001, "delta": 1.048472}}
{"target": -33.83991808941525, "params": {"C": 229.37908671896875, "epsilon": 38.84077680286142, "gamma": 0.07134072508348538, "lamda": 0.07373303140475847}, "datetime": {"datetime": "2021-10-06 09:16:05", "elapsed": 160.80653, "delta": 1.264529}}
{"target": -33.99630608351132, "params": {"C": 282.3617852935114, "epsilon": 37.22078847451916, "gamma": 0.06938923969125645, "lamda": 0.03832102645077323}, "datetime": {"datetime": "2021-10-06 09:16:06", "elapsed": 162.200231, "delta": 1.393701}}
{"target": -33.70166965441462, "params": {"C": 311.5020231302004, "epsilon": 37.264976788779684, "gamma": 0.06166176239783249, "lamda": 0.10888534177874112}, "datetime": {"datetime": "2021-10-06 09:16:07", "elapsed": 163.395566, "delta": 1.195335}}
{"target": -34.89260038021833, "params": {"C": 271.7784316047862, "epsilon": 36.529320471384366, "gamma": 0.05253614185237493, "lamda": 0.007487176163913866}, "datetime": {"datetime": "2021-10-06 09:16:08", "elapsed": 164.449093, "delta": 1.053527}}
{"target": -33.37964500359284, "params": {"C": 262.80451465555575, "epsilon": 34.97438480626734, "gamma": 0.042674098495443964, "lamda": 0.11455541159981648}, "datetime": {"datetime": "2021-10-06 09:16:09", "elapsed": 165.611761, "delta": 1.162668}}
{"target": -32.894143438896435, "params": {"C": 295.796220608891, "epsilon": 36.87924034224072, "gamma": 0.010663747380724954, "lamda": 0.04040896339598329}, "datetime": {"datetime": "2021-10-06 09:16:11", "elapsed": 166.795826, "delta": 1.184065}}
{"target": -36.59187932220781, "params": {"C": 215.3919551542062, "epsilon": 32.21667274222322, "gamma": 0.0592176473625497, "lamda": 0.0005648024205203336}, "datetime": {"datetime": "2021-10-06 09:16:12", "elapsed": 168.296702, "delta": 1.500876}}
{"target": -33.370737213552765, "params": {"C": 260.4555603793215, "epsilon": 34.15899447166926, "gamma": 0.023575220882882747, "lamda": 0.1511127616912708}, "datetime": {"datetime": "2021-10-06 09:16:13", "elapsed": 169.64621, "delta": 1.349508}}
{"target": -33.76304176978311, "params": {"C": 335.67301599827096, "epsilon": 34.216596620177455, "gamma": 0.03083293675533384, "lamda": 0.00523379990960503}, "datetime": {"datetime": "2021-10-06 09:16:15", "elapsed": 170.759734, "delta": 1.113524}}
{"target": -35.12616820033188, "params": {"C": 387.04736069359956, "epsilon": 35.360099737142754, "gamma": 0.07245074199115129, "lamda": 0.013510320110715204}, "datetime": {"datetime": "2021-10-06 09:16:16", "elapsed": 171.835316, "delta": 1.075582}}
{"target": -33.574298489211195, "params": {"C": 255.75020861642415, "epsilon": 31.078747599668432, "gamma": 0.05178287481890909, "lamda": 0.048899708549666854}, "datetime": {"datetime": "2021-10-06 09:16:17", "elapsed": 172.993535, "delta": 1.158219}}
{"target": -33.25091584836862, "params": {"C": 391.731414515585, "epsilon": 36.69225530786548, "gamma": 0.021860211308742862, "lamda": 0.14641309371270878}, "datetime": {"datetime": "2021-10-06 09:16:18", "elapsed": 174.248652, "delta": 1.255117}}
{"target": -33.091866784693806, "params": {"C": 355.5931443076523, "epsilon": 34.85244354826258, "gamma": 0.015608232869001785, "lamda": 0.116972266883505}, "datetime": {"datetime": "2021-10-06 09:16:20", "elapsed": 176.217026, "delta": 1.968374}}
{"target": -34.57483025201983, "params": {"C": 206.40595605765571, "epsilon": 38.83010281194888, "gamma": 0.07676790610842592, "lamda": 0.02540037691280913}, "datetime": {"datetime": "2021-10-06 09:16:21", "elapsed": 177.474836, "delta": 1.25781}}
{"target": -33.10838399851904, "params": {"C": 301.0758752980702, "epsilon": 34.19878004352383, "gamma": 0.012499509079061421, "lamda": 0.12010290214692353}, "datetime": {"datetime": "2021-10-06 09:16:23", "elapsed": 178.801096, "delta": 1.32626}}
{"target": -34.03833202267082, "params": {"C": 218.8318094673853, "epsilon": 34.97605418572349, "gamma": 0.057669727703326464, "lamda": 0.16658435933579493}, "datetime": {"datetime": "2021-10-06 09:16:24", "elapsed": 180.45178, "delta": 1.650684}}
{"target": -34.998573074295145, "params": {"C": 376.8914111613399, "epsilon": 31.20800220464925, "gamma": 0.07014033836216385, "lamda": 0.16707589430946507}, "datetime": {"datetime": "2021-10-06 09:16:26", "elapsed": 182.159289, "delta": 1.707509}}
{"target": -33.35128733365458, "params": {"C": 351.9519336422002, "epsilon": 30.253719900202935, "gamma": 0.01808709229268147, "lamda": 0.00599153558309561}, "datetime": {"datetime": "2021-10-06 09:16:27", "elapsed": 183.390101, "delta": 1.230812}}
{"target": -33.27572855214001, "params": {"C": 232.10465063229958, "epsilon": 35.56091870231427, "gamma": 0.038301985492389286, "lamda": 0.11484380606399999}, "datetime": {"datetime": "2021-10-06 09:16:28", "elapsed": 184.544882, "delta": 1.154781}}
{"target": -33.01177036497731, "params": {"C": 232.64525735327658, "epsilon": 37.01334822076333, "gamma": 0.019621649332493177, "lamda": 0.09318988693617539}, "datetime": {"datetime": "2021-10-06 09:16:30", "elapsed": 185.83027, "delta": 1.285388}}
{"target": -33.28176068750254, "params": {"C": 263.25005907792155, "epsilon": 38.43342059451895, "gamma": 0.0381969507056653, "lamda": 0.13171084180076365}, "datetime": {"datetime": "2021-10-06 09:16:31", "elapsed": 187.409174, "delta": 1.578904}}
{"target": -33.10250548972255, "params": {"C": 250.25834121510673, "epsilon": 31.977660690567603, "gamma": 0.02868339190373405, "lamda": 0.04631471189984053}, "datetime": {"datetime": "2021-10-06 09:16:33", "elapsed": 189.052214, "delta": 1.64304}}
{"target": -33.140439309874544, "params": {"C": 204.18806343158985, "epsilon": 37.838502988997504, "gamma": 0.037022702095307274, "lamda": 0.025308465649629075}, "datetime": {"datetime": "2021-10-06 09:16:34", "elapsed": 190.516117, "delta": 1.463903}}
{"target": -33.44246949637463, "params": {"C": 261.7336143723215, "epsilon": 35.67614169198867, "gamma": 0.015809992873454894, "lamda": 0.19054531606102537}, "datetime": {"datetime": "2021-10-06 09:16:36", "elapsed": 191.861059, "delta": 1.344942}}
{"target": -33.06246754614655, "params": {"C": 344.78898122699036, "epsilon": 37.58344577201255, "gamma": 0.03287002938171273, "lamda": 0.07088151945341985}, "datetime": {"datetime": "2021-10-06 09:16:37", "elapsed": 193.316378, "delta": 1.455319}}
{"target": -33.638895559338536, "params": {"C": 302.1344591342969, "epsilon": 33.532575769635685, "gamma": 0.035719108437028635, "lamda": 0.15772231678544218}, "datetime": {"datetime": "2021-10-06 09:16:39", "elapsed": 194.744085, "delta": 1.427707}}
{"target": -33.12312860941341, "params": {"C": 216.164693905854, "epsilon": 35.79542459562498, "gamma": 0.031703849617801996, "lamda": 0.09460592104773653}, "datetime": {"datetime": "2021-10-06 09:16:40", "elapsed": 196.515014, "delta": 1.770929}}
{"target": -34.423967230442415, "params": {"C": 374.2588175822958, "epsilon": 37.86094939318498, "gamma": 0.07236335301196979, "lamda": 0.025184604662798617}, "datetime": {"datetime": "2021-10-06 09:16:42", "elapsed": 197.865083, "delta": 1.350069}}
{"target": -33.39581667160783, "params": {"C": 249.02126296072893, "epsilon": 30.23702029785439, "gamma": 0.025282922218403725, "lamda": 0.009692711294794215}, "datetime": {"datetime": "2021-10-06 09:16:43", "elapsed": 199.051681, "delta": 1.186598}}
{"target": -34.94415699549647, "params": {"C": 371.293160386673, "epsilon": 32.39744868596644, "gamma": 0.07981669963037916, "lamda": 0.15841629419145062}, "datetime": {"datetime": "2021-10-06 09:16:44", "elapsed": 200.260925, "delta": 1.209244}}
{"target": -37.58619833050958, "params": {"C": 286.20909494984136, "epsilon": 32.373050658092076, "gamma": 0.07540029549615676, "lamda": 0.0010055474330507507}, "datetime": {"datetime": "2021-10-06 09:16:46", "elapsed": 201.772571, "delta": 1.511646}}
{"target": -33.26406567505087, "params": {"C": 312.8911432372789, "epsilon": 33.54223962090303, "gamma": 0.019145315989142757, "lamda": 0.13243070803776552}, "datetime": {"datetime": "2021-10-06 09:16:47", "elapsed": 203.041609, "delta": 1.269038}}
{"target": -32.98680357353952, "params": {"C": 311.61945172762546, "epsilon": 34.10297462726866, "gamma": 0.018401994187092926, "lamda": 0.06689791019149277}, "datetime": {"datetime": "2021-10-06 09:16:48", "elapsed": 204.323954, "delta": 1.282345}}
{"target": -33.31037892759905, "params": {"C": 306.785502791069, "epsilon": 31.071061419385398, "gamma": 0.03820417519290405, "lamda": 0.06365993929756521}, "datetime": {"datetime": "2021-10-06 09:16:50", "elapsed": 205.761809, "delta": 1.437855}}
{"target": -33.79000567653234, "params": {"C": 384.07854082495214, "epsilon": 31.140583218176275, "gamma": 0.027434234624482773, "lamda": 0.16367792569541934}, "datetime": {"datetime": "2021-10-06 09:16:51", "elapsed": 206.869343, "delta": 1.107534}}
{"target": -33.00498289676595, "params": {"C": 324.4633813004087, "epsilon": 37.41462413840842, "gamma": 0.02722815441834531, "lamda": 0.06357628013903663}, "datetime": {"datetime": "2021-10-06 09:16:52", "elapsed": 208.124683, "delta": 1.25534}}
{"target": -32.93313902159465, "params": {"C": 369.9111395942518, "epsilon": 38.76908287713438, "gamma": 0.005884346607921509, "lamda": 0.04094531735090115}, "datetime": {"datetime": "2021-10-06 09:16:53", "elapsed": 209.492891, "delta": 1.368208}}
{"target": -33.52101294563164, "params": {"C": 228.2718147956798, "epsilon": 31.44615376844355, "gamma": 0.04197371221305302, "lamda": 0.1132643527488112}, "datetime": {"datetime": "2021-10-06 09:16:55", "elapsed": 210.773463, "delta": 1.280572}}
{"target": -34.11335432824191, "params": {"C": 344.9138338208077, "epsilon": 31.13341683778403, "gamma": 0.0694409190438072, "lamda": 0.047875895515963315}, "datetime": {"datetime": "2021-10-06 09:16:56", "elapsed": 212.198564, "delta": 1.425101}}
{"target": -32.84340438132962, "params": {"C": 379.5565093671056, "epsilon": 34.795661734648164, "gamma": 0.005562198554209829, "lamda": 0.04296305764260878}, "datetime": {"datetime": "2021-10-06 09:16:57", "elapsed": 213.572403, "delta": 1.373839}}
{"target": -32.94321958009884, "params": {"C": 373.80578404445527, "epsilon": 37.071853615818505, "gamma": 0.014406591439543872, "lamda": 0.07955119922860754}, "datetime": {"datetime": "2021-10-06 09:16:59", "elapsed": 215.004932, "delta": 1.432529}}
{"target": -35.53767052576436, "params": {"C": 368.2298706035419, "epsilon": 30.252432898403587, "gamma": 0.0658015590853265, "lamda": 0.010099628764773995}, "datetime": {"datetime": "2021-10-06 09:17:00", "elapsed": 216.593043, "delta": 1.588111}}
{"target": -34.242891153803626, "params": {"C": 364.15434422036617, "epsilon": 31.152293881963114, "gamma": 0.06885344051326446, "lamda": 0.03162603237557532}, "datetime": {"datetime": "2021-10-06 09:17:02", "elapsed": 217.901507, "delta": 1.308464}}
{"target": -34.131771065725694, "params": {"C": 326.33422787538507, "epsilon": 34.93529585376234, "gamma": 0.004815157307739551, "lamda": 0.18528549572683306}, "datetime": {"datetime": "2021-10-06 09:17:03", "elapsed": 219.538803, "delta": 1.637296}}
{"target": -33.529145914744504, "params": {"C": 289.1177958698155, "epsilon": 33.34453603566841, "gamma": 0.040879211471283046, "lamda": 0.13440665142385955}, "datetime": {"datetime": "2021-10-06 09:17:05", "elapsed": 220.766377, "delta": 1.227574}}
{"target": -33.78653224019587, "params": {"C": 379.0887160673189, "epsilon": 30.033380155822012, "gamma": 0.05192805598517184, "lamda": 0.026838162800342232}, "datetime": {"datetime": "2021-10-06 09:17:06", "elapsed": 222.556979, "delta": 1.790602}}
{"target": -34.287059516011865, "params": {"C": 338.1200304927661, "epsilon": 35.98470545054312, "gamma": 0.07775366748319128, "lamda": 0.03815708843364057}, "datetime": {"datetime": "2021-10-06 09:17:08", "elapsed": 223.902345, "delta": 1.345366}}
{"target": -33.69735821932313, "params": {"C": 333.09058795428075, "epsilon": 31.19903802590745, "gamma": 0.049043600254928106, "lamda": 0.11708229825031366}, "datetime": {"datetime": "2021-10-06 09:17:09", "elapsed": 225.35771, "delta": 1.455365}}
{"target": -32.94606264864998, "params": {"C": 269.9621539272341, "epsilon": 38.37470111201529, "gamma": 0.022792899799502168, "lamda": 0.04464788985171921}, "datetime": {"datetime": "2021-10-06 09:17:11", "elapsed": 226.748167, "delta": 1.390457}}
{"target": -33.21050929082474, "params": {"C": 331.4644154216591, "epsilon": 38.024605267446006, "gamma": 0.046283778066670805, "lamda": 0.056412300739914975}, "datetime": {"datetime": "2021-10-06 09:17:12", "elapsed": 228.229302, "delta": 1.481135}}
{"target": -33.812103019727, "params": {"C": 336.2275714777903, "epsilon": 37.25192941483069, "gamma": 0.04671249603243117, "lamda": 0.18228526560108638}, "datetime": {"datetime": "2021-10-06 09:17:14", "elapsed": 229.822266, "delta": 1.592964}}
{"target": -33.93012711931778, "params": {"C": 299.37888186790263, "epsilon": 34.374394493142646, "gamma": 0.061473639449646254, "lamda": 0.1318594685092757}, "datetime": {"datetime": "2021-10-06 09:17:15", "elapsed": 231.30302, "delta": 1.480754}}
{"target": -34.43825291136489, "params": {"C": 351.5802912234486, "epsilon": 37.20137517923882, "gamma": 0.07628585003265861, "lamda": 0.02904082397224192}, "datetime": {"datetime": "2021-10-06 09:17:17", "elapsed": 232.82175, "delta": 1.51873}}
{"target": -33.97322802704936, "params": {"C": 265.6241191366587, "epsilon": 36.1888379542473, "gamma": 0.05758141126671597, "lamda": 0.16689422964672349}, "datetime": {"datetime": "2021-10-06 09:17:18", "elapsed": 234.197993, "delta": 1.376243}}
{"target": -33.57583427580361, "params": {"C": 229.24116320528137, "epsilon": 36.16678182157653, "gamma": 0.05528862118723759, "lamda": 0.1081350167126864}, "datetime": {"datetime": "2021-10-06 09:17:19", "elapsed": 235.5852, "delta": 1.387207}}
{"target": -33.6360903633972, "params": {"C": 226.39017989039007, "epsilon": 35.55235899236473, "gamma": 0.02719382622312337, "lamda": 0.19800164460929645}, "datetime": {"datetime": "2021-10-06 09:17:21", "elapsed": 236.882085, "delta": 1.296885}}
{"target": -33.04653073230596, "params": {"C": 329.6584369092892, "epsilon": 38.759174148215244, "gamma": 0.025435239571412412, "lamda": 0.07702131890082854}, "datetime": {"datetime": "2021-10-06 09:17:22", "elapsed": 238.17327, "delta": 1.291185}}
{"target": -32.96595954645694, "params": {"C": 290.7410468784209, "epsilon": 35.989403352410854, "gamma": 0.02101887126144919, "lamda": 0.04347354303160834}, "datetime": {"datetime": "2021-10-06 09:17:23", "elapsed": 239.426269, "delta": 1.252999}}
{"target": -32.91932983105267, "params": {"C": 252.73088545829057, "epsilon": 33.09599207805891, "gamma": 0.008315655866954113, "lamda": 0.06830502157466266}, "datetime": {"datetime": "2021-10-06 09:17:25", "elapsed": 241.10072, "delta": 1.674451}}
{"target": -33.12710647941506, "params": {"C": 287.0675617247601, "epsilon": 38.894426722520855, "gamma": 0.027359773353994893, "lamda": 0.0999514579632074}, "datetime": {"datetime": "2021-10-06 09:17:26", "elapsed": 242.329941, "delta": 1.229221}}
{"target": -33.42944869212966, "params": {"C": 364.5221747828739, "epsilon": 36.21917956812542, "gamma": 0.011601971771851752, "lamda": 0.19175809717643758}, "datetime": {"datetime": "2021-10-06 09:17:28", "elapsed": 243.704601, "delta": 1.37466}}
{"target": -33.455440413713205, "params": {"C": 340.84750811090623, "epsilon": 36.825525605062616, "gamma": 0.05210413104446204, "lamda": 0.09752943605100284}, "datetime": {"datetime": "2021-10-06 09:17:29", "elapsed": 244.950271, "delta": 1.24567}}
{"target": -34.0722211974774, "params": {"C": 280.9678781383592, "epsilon": 33.42271252877341, "gamma": 0.0702925696594351, "lamda": 0.09697054039119088}, "datetime": {"datetime": "2021-10-06 09:17:30", "elapsed": 246.546267, "delta": 1.595996}}
