{"target": -35.14033611977719, "params": {"C": 129.03484660093696, "epsilon": 31.49833877449035, "gamma": 0.08670190643100077, "lamda": 0.03186091095854604}, "datetime": {"datetime": "2021-10-06 08:44:51", "elapsed": 30.508254, "delta": 0.545004}}
{"target": -35.725308112871836, "params": {"C": 108.4456412359913, "epsilon": 28.891355137382995, "gamma": 0.0840452460826838, "lamda": 0.14844917048916767}, "datetime": {"datetime": "2021-10-06 08:44:52", "elapsed": 30.97713, "delta": 0.468876}}
{"target": -34.92515998861171, "params": {"C": 160.1371511269655, "epsilon": 29.452609892206155, "gamma": 0.07879307021323008, "lamda": 0.10740553741771325}, "datetime": {"datetime": "2021-10-06 08:44:52", "elapsed": 31.463629, "delta": 0.486499}}
{"target": -34.530448821908024, "params": {"C": 199.80636742703035, "epsilon": 31.26320634006072, "gamma": 0.04856708400307549, "lamda": 0.1329408721935095}, "datetime": {"datetime": "2021-10-06 08:44:53", "elapsed": 31.894074, "delta": 0.430445}}
{"target": -35.3404801233843, "params": {"C": 198.60983450635936, "epsilon": 28.398173305900333, "gamma": 0.006319653848969269, "lamda": 0.08245708375798964}, "datetime": {"datetime": "2021-10-06 08:44:53", "elapsed": 32.399754, "delta": 0.50568}}
{"target": -35.19356385414831, "params": {"C": 114.41268961404243, "epsilon": 26.313476267066235, "gamma": 0.08417450063227265, "lamda": 0.08151071209758289}, "datetime": {"datetime": "2021-10-06 08:44:54", "elapsed": 32.85807, "delta": 0.458316}}
{"target": -34.953704755595574, "params": {"C": 26.48059645342404, "epsilon": 27.36540893929439, "gamma": 0.06504953185741041, "lamda": 0.029394772719642984}, "datetime": {"datetime": "2021-10-06 08:44:54", "elapsed": 33.415804, "delta": 0.557734}}
{"target": -35.07834757324538, "params": {"C": 190.71689763881702, "epsilon": 32.895667461449435, "gamma": 0.09997243497488101, "lamda": 0.05111929951873702}, "datetime": {"datetime": "2021-10-06 08:44:55", "elapsed": 34.089226, "delta": 0.673422}}
{"target": -35.25370195093373, "params": {"C": 10.15541642662152, "epsilon": 28.185777517378867, "gamma": 0.035818272159154035, "lamda": 0.013862980102095083}, "datetime": {"datetime": "2021-10-06 08:44:56", "elapsed": 34.846127, "delta": 0.756901}}
{"target": -35.251270960049936, "params": {"C": 41.11277613245666, "epsilon": 27.984921368890607, "gamma": 0.08181311345666263, "lamda": 0.11169055742110767}, "datetime": {"datetime": "2021-10-06 08:44:56", "elapsed": 35.369771, "delta": 0.523644}}
{"target": -34.562677877171026, "params": {"C": 105.93262762868655, "epsilon": 33.27264173044029, "gamma": 0.07941996384159788, "lamda": 0.09683973610524169}, "datetime": {"datetime": "2021-10-06 08:44:57", "elapsed": 35.854434, "delta": 0.484663}}
{"target": -34.19339131686151, "params": {"C": 182.78978664307243, "epsilon": 32.46615084582118, "gamma": 0.05414950135221339, "lamda": 0.06980301669073816}, "datetime": {"datetime": "2021-10-06 08:44:57", "elapsed": 36.333206, "delta": 0.478772}}
{"target": -35.10174715071257, "params": {"C": 14.760789346479019, "epsilon": 34.779226404109764, "gamma": 0.09385946755633373, "lamda": 0.04239442650348627}, "datetime": {"datetime": "2021-10-06 08:44:58", "elapsed": 36.946536, "delta": 0.61333}}
{"target": -35.14201678692874, "params": {"C": 172.263408182723, "epsilon": 28.807928874527043, "gamma": 0.06843616183388829, "lamda": 0.1341326985424829}, "datetime": {"datetime": "2021-10-06 08:44:58", "elapsed": 37.481443, "delta": 0.534907}}
{"target": -34.08047198281557, "params": {"C": 41.263427973538704, "epsilon": 33.21457279260871, "gamma": 0.04470653534065751, "lamda": 0.048034301069935045}, "datetime": {"datetime": "2021-10-06 08:44:59", "elapsed": 38.016853, "delta": 0.53541}}
{"target": -34.38400118770884, "params": {"C": 121.21987649289818, "epsilon": 32.210565573172836, "gamma": 0.06591801007152194, "lamda": 0.0628490088247013}, "datetime": {"datetime": "2021-10-06 08:44:59", "elapsed": 38.525854, "delta": 0.509001}}
{"target": -35.453473084759565, "params": {"C": 38.392696602847174, "epsilon": 26.879253629794913, "gamma": 0.05859556938760521, "lamda": 0.13531516868700524}, "datetime": {"datetime": "2021-10-06 08:45:00", "elapsed": 39.044078, "delta": 0.518224}}
{"target": -34.698226885128605, "params": {"C": 55.857185459042356, "epsilon": 29.536420392723482, "gamma": 0.05768071881211452, "lamda": 0.018825766074494585}, "datetime": {"datetime": "2021-10-06 08:45:01", "elapsed": 39.562136, "delta": 0.518058}}
{"target": -34.14849129118256, "params": {"C": 67.75352962607053, "epsilon": 29.41328620622114, "gamma": 0.021974297665064223, "lamda": 0.09171356454145126}, "datetime": {"datetime": "2021-10-06 08:45:01", "elapsed": 40.182451, "delta": 0.620315}}
{"target": -34.010963148614856, "params": {"C": 152.78548134361534, "epsilon": 31.92490590307037, "gamma": 0.03130014449863704, "lamda": 0.10325819294368685}, "datetime": {"datetime": "2021-10-06 08:45:02", "elapsed": 40.755845, "delta": 0.573394}}
{"target": -37.831485709194936, "params": {"C": 149.29154804905826, "epsilon": 27.06200187596008, "gamma": 0.0030572691175837297, "lamda": 0.08886783303506325}, "datetime": {"datetime": "2021-10-06 08:45:02", "elapsed": 41.268045, "delta": 0.5122}}
{"target": -34.33244051143573, "params": {"C": 191.08395012331337, "epsilon": 31.700354755527023, "gamma": 0.046906442885941466, "lamda": 0.12248871270400445}, "datetime": {"datetime": "2021-10-06 08:45:03", "elapsed": 41.749224, "delta": 0.481179}}
{"target": -33.95636543341692, "params": {"C": 76.13915436323202, "epsilon": 34.08913406673866, "gamma": 0.04049492202274399, "lamda": 0.11268025093487198}, "datetime": {"datetime": "2021-10-06 08:45:03", "elapsed": 42.261599, "delta": 0.512375}}
{"target": -34.8076462629156, "params": {"C": 48.44084532460559, "epsilon": 34.578698115863304, "gamma": 0.09708622373937606, "lamda": 0.08130451489254567}, "datetime": {"datetime": "2021-10-06 08:45:04", "elapsed": 42.78505, "delta": 0.523451}}
{"target": -34.38732338776694, "params": {"C": 108.90620794469471, "epsilon": 31.642818620576474, "gamma": 0.0508041932501112, "lamda": 0.028219717522145985}, "datetime": {"datetime": "2021-10-06 08:45:04", "elapsed": 43.280095, "delta": 0.495045}}
{"target": -35.097306099640306, "params": {"C": 22.919056895440093, "epsilon": 30.384467826275042, "gamma": 0.09093141972799831, "lamda": 0.04406014380519135}, "datetime": {"datetime": "2021-10-06 08:45:05", "elapsed": 43.868308, "delta": 0.588213}}
{"target": -34.515146888475826, "params": {"C": 144.49465314230312, "epsilon": 34.25302635723151, "gamma": 0.06489135900657901, "lamda": 0.03479745450254962}, "datetime": {"datetime": "2021-10-06 08:45:05", "elapsed": 44.407123, "delta": 0.538815}}
{"target": -34.325013790342965, "params": {"C": 141.2971283939945, "epsilon": 30.402134983319023, "gamma": 0.05028821560435197, "lamda": 0.03048089599466729}, "datetime": {"datetime": "2021-10-06 08:45:06", "elapsed": 44.910121, "delta": 0.502998}}
{"target": -34.70279549023807, "params": {"C": 85.05898229595735, "epsilon": 32.48104535800781, "gamma": 0.08430020037866116, "lamda": 0.0629903418427652}, "datetime": {"datetime": "2021-10-06 08:45:06", "elapsed": 45.482777, "delta": 0.572656}}
{"target": -33.99146132990112, "params": {"C": 185.19177687018376, "epsilon": 32.48447277798333, "gamma": 0.018177741478928887, "lamda": 0.09974100028287732}, "datetime": {"datetime": "2021-10-06 08:45:07", "elapsed": 46.053744, "delta": 0.570967}}
{"target": -34.0865237398648, "params": {"C": 99.2763635533533, "epsilon": 30.58808213676343, "gamma": 0.020694026619046596, "lamda": 0.10051855792209176}, "datetime": {"datetime": "2021-10-06 08:45:08", "elapsed": 46.648138, "delta": 0.594394}}
{"target": -35.26473778199983, "params": {"C": 39.749233884012156, "epsilon": 33.87454687069085, "gamma": 0.002516231851256642, "lamda": 0.01888379885160598}, "datetime": {"datetime": "2021-10-06 08:45:08", "elapsed": 47.189136, "delta": 0.540998}}
{"target": -34.99482896011809, "params": {"C": 100.05485130217343, "epsilon": 28.28122264059862, "gamma": 0.06300930996862865, "lamda": 0.12403284324148607}, "datetime": {"datetime": "2021-10-06 08:45:09", "elapsed": 47.806388, "delta": 0.617252}}
{"target": -34.6633298859426, "params": {"C": 48.52016518159163, "epsilon": 28.755270326591507, "gamma": 0.0489983651223173, "lamda": 0.020175826065426273}, "datetime": {"datetime": "2021-10-06 08:45:09", "elapsed": 48.3471, "delta": 0.540712}}
{"target": -35.23063887835819, "params": {"C": 71.64480247955937, "epsilon": 26.954568159973853, "gamma": 0.03700176860025209, "lamda": 0.13793035736667558}, "datetime": {"datetime": "2021-10-06 08:45:10", "elapsed": 48.848868, "delta": 0.501768}}
{"target": -35.529052420568554, "params": {"C": 49.9516746305246, "epsilon": 27.824303229047985, "gamma": 0.08025342763517294, "lamda": 0.1286429472999644}, "datetime": {"datetime": "2021-10-06 08:45:10", "elapsed": 49.364633, "delta": 0.515765}}
{"target": -34.66940864661294, "params": {"C": 32.379492029399685, "epsilon": 30.14045141736033, "gamma": 0.04548656604679673, "lamda": 0.009317396829827514}, "datetime": {"datetime": "2021-10-06 08:45:11", "elapsed": 49.98684, "delta": 0.622207}}
{"target": -33.84207193974779, "params": {"C": 129.04739555471437, "epsilon": 33.19147335152753, "gamma": 0.03032165070721242, "lamda": 0.06567489423665229}, "datetime": {"datetime": "2021-10-06 08:45:12", "elapsed": 50.56606, "delta": 0.57922}}
{"target": -34.60656441497979, "params": {"C": 84.460766808705, "epsilon": 28.87397131820974, "gamma": 0.06695490510679855, "lamda": 0.08501257717635352}, "datetime": {"datetime": "2021-10-06 08:45:12", "elapsed": 51.07681, "delta": 0.51075}}
{"target": -33.79809173551062, "params": {"C": 83.96692833553689, "epsilon": 33.90950473775314, "gamma": 0.029480562014483, "lamda": 0.0976314005736122}, "datetime": {"datetime": "2021-10-06 08:45:13", "elapsed": 51.581746, "delta": 0.504936}}
{"target": -34.25684746258796, "params": {"C": 129.78303104480335, "epsilon": 33.83760145942375, "gamma": 0.056063109940168866, "lamda": 0.118764243660725}, "datetime": {"datetime": "2021-10-06 08:45:13", "elapsed": 52.173992, "delta": 0.592246}}
{"target": -34.34484828286366, "params": {"C": 37.26309470403145, "epsilon": 30.181217764296647, "gamma": 0.04935070751491723, "lamda": 0.03917752162832529}, "datetime": {"datetime": "2021-10-06 08:45:14", "elapsed": 52.744097, "delta": 0.570105}}
{"target": -34.19694744636108, "params": {"C": 36.42790601038757, "epsilon": 31.38212679957106, "gamma": 0.04460879011805843, "lamda": 0.08635188975147318}, "datetime": {"datetime": "2021-10-06 08:45:14", "elapsed": 53.276862, "delta": 0.532765}}
{"target": -35.436857763287165, "params": {"C": 19.996110917734764, "epsilon": 26.86350898658781, "gamma": 0.032760682886103835, "lamda": 0.13823465165022003}, "datetime": {"datetime": "2021-10-06 08:45:15", "elapsed": 53.799526, "delta": 0.522664}}
{"target": -34.26418584724102, "params": {"C": 176.9349897220159, "epsilon": 34.307036283234325, "gamma": 0.05386392082700983, "lamda": 0.13618991702758004}, "datetime": {"datetime": "2021-10-06 08:45:15", "elapsed": 54.299768, "delta": 0.500242}}
{"target": -34.02429398148051, "params": {"C": 115.01272178365606, "epsilon": 33.97280673284021, "gamma": 0.04626390394728822, "lamda": 0.07004725439840749}, "datetime": {"datetime": "2021-10-06 08:45:16", "elapsed": 54.912158, "delta": 0.61239}}
{"target": -34.645185548341054, "params": {"C": 26.946457063966317, "epsilon": 32.257174886365064, "gamma": 0.03259411416492628, "lamda": 0.003578082680743736}, "datetime": {"datetime": "2021-10-06 08:45:17", "elapsed": 55.60382, "delta": 0.691662}}
{"target": -34.35127159911235, "params": {"C": 154.54509294990547, "epsilon": 30.62855588574672, "gamma": 0.0586967637463347, "lamda": 0.05550647496375803}, "datetime": {"datetime": "2021-10-06 08:45:17", "elapsed": 56.173134, "delta": 0.569314}}
{"target": -35.355272571837645, "params": {"C": 32.89441236377023, "epsilon": 26.735208143190196, "gamma": 0.09340697291261371, "lamda": 0.05464486268769885}, "datetime": {"datetime": "2021-10-06 08:45:18", "elapsed": 56.703546, "delta": 0.530412}}
{"target": -35.445339670157786, "params": {"C": 15.4506539735242, "epsilon": 28.032691461076787, "gamma": 0.09394144684868515, "lamda": 0.08948187299493575}, "datetime": {"datetime": "2021-10-06 08:45:18", "elapsed": 57.291422, "delta": 0.587876}}
{"target": -34.4242903297269, "params": {"C": 116.9686857055045, "epsilon": 33.29764632346743, "gamma": 0.06458107668344822, "lamda": 0.1256202426630507}, "datetime": {"datetime": "2021-10-06 08:45:19", "elapsed": 57.869541, "delta": 0.578119}}
{"target": -34.40695459041695, "params": {"C": 114.6692894262868, "epsilon": 33.122864289405804, "gamma": 0.06884173175992817, "lamda": 0.09404744969697827}, "datetime": {"datetime": "2021-10-06 08:45:19", "elapsed": 58.503201, "delta": 0.63366}}
{"target": -34.629211508909705, "params": {"C": 50.88430531600249, "epsilon": 32.77046276047762, "gamma": 0.08298860558775432, "lamda": 0.0936045195095078}, "datetime": {"datetime": "2021-10-06 08:45:20", "elapsed": 59.07131, "delta": 0.568109}}
{"target": -34.93119824646392, "params": {"C": 11.263688251245442, "epsilon": 28.58688595983619, "gamma": 0.03894730051529263, "lamda": 0.08390731300056457}, "datetime": {"datetime": "2021-10-06 08:45:21", "elapsed": 59.63102, "delta": 0.55971}}
{"target": -34.270479909421006, "params": {"C": 67.75790695823838, "epsilon": 32.40336370881137, "gamma": 0.025150492365150913, "lamda": 0.1294606512311792}, "datetime": {"datetime": "2021-10-06 08:45:21", "elapsed": 60.328272, "delta": 0.697252}}
{"target": -34.55497348180604, "params": {"C": 114.9679782352081, "epsilon": 31.488306555399525, "gamma": 0.0696910745269046, "lamda": 0.10823756511654423}, "datetime": {"datetime": "2021-10-06 08:45:22", "elapsed": 60.938189, "delta": 0.609917}}
{"target": -35.3136257492866, "params": {"C": 194.2851754913074, "epsilon": 30.212475913914666, "gamma": 0.09699036257791835, "lamda": 0.11565479546664227}, "datetime": {"datetime": "2021-10-06 08:45:22", "elapsed": 61.522978, "delta": 0.584789}}
{"target": -34.823356481449935, "params": {"C": 146.1728932620348, "epsilon": 31.649389451289977, "gamma": 0.08420280129743095, "lamda": 0.11397705956111548}, "datetime": {"datetime": "2021-10-06 08:45:23", "elapsed": 62.088364, "delta": 0.565386}}
{"target": -36.13161671916092, "params": {"C": 146.36108726502303, "epsilon": 28.23086452892196, "gamma": 0.07481220621153378, "lamda": 0.007472773033697177}, "datetime": {"datetime": "2021-10-06 08:45:24", "elapsed": 62.820683, "delta": 0.732319}}
{"target": -36.9162219934953, "params": {"C": 181.2335423129388, "epsilon": 28.592808669206434, "gamma": 0.0074070336655528, "lamda": 0.14024820660863746}, "datetime": {"datetime": "2021-10-06 08:45:24", "elapsed": 63.433333, "delta": 0.61265}}
{"target": -35.0975571527788, "params": {"C": 156.47138496045346, "epsilon": 28.970791720051317, "gamma": 0.021946518151499117, "lamda": 0.14169938495633672}, "datetime": {"datetime": "2021-10-06 08:45:25", "elapsed": 64.01234, "delta": 0.579007}}
{"target": -34.82020246129694, "params": {"C": 149.98679275980584, "epsilon": 31.6497953916028, "gamma": 0.07081157338343479, "lamda": 0.13885412425462454}, "datetime": {"datetime": "2021-10-06 08:45:26", "elapsed": 64.685449, "delta": 0.673109}}
{"target": -34.33793073078586, "params": {"C": 77.46201978704414, "epsilon": 26.329990701434227, "gamma": 0.008296257117111884, "lamda": 0.033125603876321595}, "datetime": {"datetime": "2021-10-06 08:45:26", "elapsed": 65.312593, "delta": 0.627144}}
{"target": -34.17408605683062, "params": {"C": 161.170397256304, "epsilon": 28.816619364139783, "gamma": 0.03884933148506128, "lamda": 0.03976840171137366}, "datetime": {"datetime": "2021-10-06 08:45:27", "elapsed": 65.943195, "delta": 0.630602}}
{"target": -34.64710879853326, "params": {"C": 35.13640383483204, "epsilon": 32.79966103899777, "gamma": 0.07881525408686567, "lamda": 0.0790970028378755}, "datetime": {"datetime": "2021-10-06 08:45:28", "elapsed": 66.567715, "delta": 0.62452}}
{"target": -34.54913460145032, "params": {"C": 87.73892925087763, "epsilon": 29.73586747706299, "gamma": 0.05634541848328189, "lamda": 0.029604351372023118}, "datetime": {"datetime": "2021-10-06 08:45:28", "elapsed": 67.253612, "delta": 0.685897}}
{"target": -36.85282492157375, "params": {"C": 130.280575651841, "epsilon": 26.85821148531499, "gamma": 0.008814805650524692, "lamda": 0.14269894117059434}, "datetime": {"datetime": "2021-10-06 08:45:29", "elapsed": 67.805095, "delta": 0.551483}}
{"target": -34.86121303393373, "params": {"C": 105.46106072225197, "epsilon": 26.773039240277342, "gamma": 0.009239524711566645, "lamda": 0.0802056139883459}, "datetime": {"datetime": "2021-10-06 08:45:29", "elapsed": 68.462041, "delta": 0.656946}}
{"target": -35.55626077633577, "params": {"C": 87.4567757958532, "epsilon": 30.46066874725026, "gamma": 0.06743863237964282, "lamda": 0.005368496471701905}, "datetime": {"datetime": "2021-10-06 08:45:30", "elapsed": 69.145555, "delta": 0.683514}}
{"target": -33.92408967182954, "params": {"C": 93.05540743491244, "epsilon": 32.53993896928935, "gamma": 0.03127039541435636, "lamda": 0.0549342791182276}, "datetime": {"datetime": "2021-10-06 08:45:31", "elapsed": 69.778621, "delta": 0.633066}}
{"target": -34.628934907598016, "params": {"C": 78.00816122250235, "epsilon": 31.409169462209768, "gamma": 0.07669051238592382, "lamda": 0.056750630429054344}, "datetime": {"datetime": "2021-10-06 08:45:31", "elapsed": 70.381819, "delta": 0.603198}}
{"target": -35.237434627631636, "params": {"C": 83.07131090612131, "epsilon": 27.589007642798485, "gamma": 0.05117816282754554, "lamda": 0.13937196203083468}, "datetime": {"datetime": "2021-10-06 08:45:32", "elapsed": 70.988611, "delta": 0.606792}}
{"target": -36.729154473000996, "params": {"C": 107.31306788150863, "epsilon": 29.228943245154067, "gamma": 0.09833928540387439, "lamda": 0.0053499909480701265}, "datetime": {"datetime": "2021-10-06 08:45:33", "elapsed": 71.636156, "delta": 0.647545}}
{"target": -35.125742184425384, "params": {"C": 112.11254579128499, "epsilon": 27.629342442641242, "gamma": 0.06260133761610165, "lamda": 0.013146976058565369}, "datetime": {"datetime": "2021-10-06 08:45:33", "elapsed": 72.308476, "delta": 0.67232}}
{"target": -34.64831686347862, "params": {"C": 76.95711937960947, "epsilon": 27.785312690389986, "gamma": 0.03086236881208012, "lamda": 0.11669777734729447}, "datetime": {"datetime": "2021-10-06 08:45:34", "elapsed": 72.981447, "delta": 0.672971}}
{"target": -34.11795224478442, "params": {"C": 67.35892687029451, "epsilon": 29.366744700006176, "gamma": 0.032348360265087486, "lamda": 0.08288345187578232}, "datetime": {"datetime": "2021-10-06 08:45:35", "elapsed": 73.605149, "delta": 0.623702}}
{"target": -39.042625307662675, "params": {"C": 1.7042607383920763, "epsilon": 33.748915427676984, "gamma": 0.08575872877908337, "lamda": 0.03810490717682584}, "datetime": {"datetime": "2021-10-06 08:45:35", "elapsed": 74.499283, "delta": 0.894134}}
{"target": -36.40978274490256, "params": {"C": 20.48032162512603, "epsilon": 31.725494836861998, "gamma": 0.007943095349491924, "lamda": 0.14556792002211225}, "datetime": {"datetime": "2021-10-06 08:45:36", "elapsed": 75.359105, "delta": 0.859822}}
{"target": -38.57895109048579, "params": {"C": 3.0595754240294766, "epsilon": 28.827799151037514, "gamma": 0.018320552370553224, "lamda": 0.0054665613012053116}, "datetime": {"datetime": "2021-10-06 08:45:37", "elapsed": 76.259908, "delta": 0.900803}}
{"target": -34.4135726928797, "params": {"C": 196.08372737982617, "epsilon": 27.814390245227777, "gamma": 0.025045455531795262, "lamda": 0.09903104531084232}, "datetime": {"datetime": "2021-10-06 08:45:38", "elapsed": 76.90455, "delta": 0.644642}}
{"target": -34.671149356202335, "params": {"C": 42.74792440234563, "epsilon": 27.378539739341964, "gamma": 0.06580982592850253, "lamda": 0.055120800336997025}, "datetime": {"datetime": "2021-10-06 08:45:38", "elapsed": 77.521836, "delta": 0.617286}}
{"target": -34.484986149026724, "params": {"C": 173.48107620076718, "epsilon": 31.283744859395455, "gamma": 0.06959795592575253, "lamda": 0.0797736432765278}, "datetime": {"datetime": "2021-10-06 08:45:39", "elapsed": 78.432354, "delta": 0.910518}}
{"target": -34.194495165153626, "params": {"C": 121.91027799258913, "epsilon": 32.184967120734846, "gamma": 0.05211290878352471, "lamda": 0.06914095223713354}, "datetime": {"datetime": "2021-10-06 08:45:40", "elapsed": 79.111258, "delta": 0.678904}}
{"target": -36.1284931736395, "params": {"C": 134.01539157956793, "epsilon": 29.613607616200834, "gamma": 0.009091534577674597, "lamda": 0.13926117579984013}, "datetime": {"datetime": "2021-10-06 08:45:41", "elapsed": 79.746547, "delta": 0.635289}}
{"target": -34.680347072790504, "params": {"C": 164.84669269998145, "epsilon": 29.625453543148414, "gamma": 0.022449355002497687, "lamda": 0.12723407223276623}, "datetime": {"datetime": "2021-10-06 08:45:42", "elapsed": 80.600121, "delta": 0.853574}}
{"target": -34.408993032816625, "params": {"C": 199.09224044232366, "epsilon": 27.09388938440871, "gamma": 0.04064059086952879, "lamda": 0.07699958906594226}, "datetime": {"datetime": "2021-10-06 08:45:43", "elapsed": 81.583616, "delta": 0.983495}}
{"target": -34.305397021681884, "params": {"C": 92.09398586003897, "epsilon": 33.07056991338161, "gamma": 0.033420642007827836, "lamda": 0.14128653578205086}, "datetime": {"datetime": "2021-10-06 08:45:43", "elapsed": 82.45342, "delta": 0.869804}}
{"target": -34.52289066011719, "params": {"C": 150.3662779123742, "epsilon": 29.722190781951177, "gamma": 0.053811199550424633, "lamda": 0.1097923545200409}, "datetime": {"datetime": "2021-10-06 08:45:44", "elapsed": 83.061405, "delta": 0.607985}}
