{"target": -33.0073605114033, "params": {"C": 186.47784463442943, "epsilon": 34.61786624163073, "gamma": 0.020982264444112185, "lamda": 0.0296570829537178}, "datetime": {"datetime": "2021-10-06 08:50:07", "elapsed": 341.259123, "delta": 2.922105}}
{"target": -34.42688362188327, "params": {"C": 94.05273982921268, "epsilon": 30.713434215806426, "gamma": 0.06578434616423876, "lamda": 0.01857320093046574}, "datetime": {"datetime": "2021-10-06 08:50:08", "elapsed": 342.797922, "delta": 1.538799}}
{"target": -33.317781662939936, "params": {"C": 119.54302283173926, "epsilon": 33.486228944341406, "gamma": 0.04128429226200406, "lamda": 0.09367060958828478}, "datetime": {"datetime": "2021-10-06 08:50:10", "elapsed": 344.771092, "delta": 1.97317}}
{"target": -33.842265662999424, "params": {"C": 175.1444419568978, "epsilon": 34.17188267320208, "gamma": 0.040784819435862, "lamda": 0.17509006401353142}, "datetime": {"datetime": "2021-10-06 08:50:13", "elapsed": 347.155825, "delta": 2.384733}}
{"target": -35.85595189579845, "params": {"C": 70.68044431471236, "epsilon": 34.313455396612156, "gamma": 0.07627367578314098, "lamda": 0.0014731245133974206}, "datetime": {"datetime": "2021-10-06 08:50:16", "elapsed": 350.28031, "delta": 3.124485}}
{"target": -33.18558532807595, "params": {"C": 87.50842000801126, "epsilon": 34.7696358917606, "gamma": 0.03940941233600317, "lamda": 0.08036159130651731}, "datetime": {"datetime": "2021-10-06 08:50:19", "elapsed": 353.096167, "delta": 2.815857}}
{"target": -33.57478912041362, "params": {"C": 87.61892296518974, "epsilon": 34.75891596669267, "gamma": 0.03964677324986097, "lamda": 0.1499918710471828}, "datetime": {"datetime": "2021-10-06 08:50:21", "elapsed": 355.532763, "delta": 2.436596}}
{"target": -33.327318157696716, "params": {"C": 179.99909676407293, "epsilon": 28.837453134395354, "gamma": 0.03426948589925, "lamda": 0.06043628401035343}, "datetime": {"datetime": "2021-10-06 08:50:23", "elapsed": 357.100032, "delta": 1.567269}}
{"target": -34.16839378802045, "params": {"C": 179.66883056013222, "epsilon": 30.467346909850566, "gamma": 0.07015241389157538, "lamda": 0.06491327644088152}, "datetime": {"datetime": "2021-10-06 08:50:25", "elapsed": 359.109386, "delta": 2.009354}}
{"target": -32.918217734507074, "params": {"C": 59.72797593665962, "epsilon": 32.68975218735522, "gamma": 0.006408981941102032, "lamda": 0.038255641383808}, "datetime": {"datetime": "2021-10-06 08:50:26", "elapsed": 360.609737, "delta": 1.500351}}
{"target": -35.66212835496622, "params": {"C": 186.97443986870343, "epsilon": 34.480143941310715, "gamma": 0.043914700617212164, "lamda": 0.0008208923626091972}, "datetime": {"datetime": "2021-10-06 08:50:28", "elapsed": 362.718003, "delta": 2.108266}}
{"target": -35.019215950490576, "params": {"C": 4.511093257111727, "epsilon": 30.16955780698956, "gamma": 0.03138564021212414, "lamda": 0.16635099590729271}, "datetime": {"datetime": "2021-10-06 08:50:30", "elapsed": 364.704795, "delta": 1.986792}}
{"target": -33.24588325214064, "params": {"C": 93.34412106541636, "epsilon": 32.14244633262646, "gamma": 0.0055777144687054565, "lamda": 0.09706020223422795}, "datetime": {"datetime": "2021-10-06 08:50:32", "elapsed": 366.659853, "delta": 1.955058}}
{"target": -41.659866781739524, "params": {"C": 34.41902298082565, "epsilon": 32.60003795896584, "gamma": 0.0001, "lamda": 0.0001}, "datetime": {"datetime": "2021-10-06 08:50:34", "elapsed": 369.024035, "delta": 2.364182}}
{"target": -33.4849931338738, "params": {"C": 154.9892667301285, "epsilon": 25.95758011443399, "gamma": 0.010812253574640971, "lamda": 0.04157541241597609}, "datetime": {"datetime": "2021-10-06 08:50:36", "elapsed": 370.612188, "delta": 1.588153}}
{"target": -34.19304474256536, "params": {"C": 186.57911242973344, "epsilon": 34.657315717743565, "gamma": 0.07935111370179297, "lamda": 0.08281989489774716}, "datetime": {"datetime": "2021-10-06 08:50:39", "elapsed": 373.266196, "delta": 2.654008}}
{"target": -33.93515785561074, "params": {"C": 18.46646387072228, "epsilon": 28.377174323031305, "gamma": 0.0062110323027099535, "lamda": 0.12170861629156375}, "datetime": {"datetime": "2021-10-06 08:50:40", "elapsed": 374.811827, "delta": 1.545631}}
{"target": -33.58556101779549, "params": {"C": 96.34567745558422, "epsilon": 32.54309425706062, "gamma": 0.048690977968328074, "lamda": 0.10744886471914114}, "datetime": {"datetime": "2021-10-06 08:50:42", "elapsed": 376.960238, "delta": 2.148411}}
{"target": -33.307777036265364, "params": {"C": 69.03032164974974, "epsilon": 31.508542558883477, "gamma": 0.02412095778392783, "lamda": 0.014052897058823448}, "datetime": {"datetime": "2021-10-06 08:50:44", "elapsed": 378.946327, "delta": 1.986089}}
{"target": -33.057684211298046, "params": {"C": 62.65694740155354, "epsilon": 33.24065706789886, "gamma": 0.02655642674686668, "lamda": 0.07502474331705487}, "datetime": {"datetime": "2021-10-06 08:50:46", "elapsed": 380.503749, "delta": 1.557422}}
{"target": -33.73108851068895, "params": {"C": 136.18263072142992, "epsilon": 25.562032027740702, "gamma": 0.030997146138340894, "lamda": 0.10315374116659469}, "datetime": {"datetime": "2021-10-06 08:50:48", "elapsed": 382.191437, "delta": 1.687688}}
{"target": -33.23412096155483, "params": {"C": 88.49679315207298, "epsilon": 28.02430090137774, "gamma": 0.013827564438660487, "lamda": 0.06618730285875718}, "datetime": {"datetime": "2021-10-06 08:50:49", "elapsed": 383.695234, "delta": 1.503797}}
{"target": -34.31856463647181, "params": {"C": 93.37129318917134, "epsilon": 32.28379717861691, "gamma": 0.07402691231708312, "lamda": 0.03631859163647254}, "datetime": {"datetime": "2021-10-06 08:50:52", "elapsed": 386.122887, "delta": 2.427653}}
{"target": -33.24721123656473, "params": {"C": 93.17235441960956, "epsilon": 32.02870541850286, "gamma": 0.01745560464704894, "lamda": 0.02166911635994126}, "datetime": {"datetime": "2021-10-06 08:50:54", "elapsed": 388.368775, "delta": 2.245888}}
{"target": -34.76476145619021, "params": {"C": 18.155165504156773, "epsilon": 32.64482903247539, "gamma": 0.06168252401848121, "lamda": 0.18834246747246014}, "datetime": {"datetime": "2021-10-06 08:50:56", "elapsed": 390.568828, "delta": 2.200053}}
{"target": -33.30978287380362, "params": {"C": 93.10918699353944, "epsilon": 31.854903674479893, "gamma": 0.03795001102596517, "lamda": 0.08006951150523842}, "datetime": {"datetime": "2021-10-06 08:50:58", "elapsed": 392.097624, "delta": 1.528796}}
{"target": -33.35384143203676, "params": {"C": 173.97751029538557, "epsilon": 29.00432351938459, "gamma": 0.014118451474899039, "lamda": 0.11251801839903891}, "datetime": {"datetime": "2021-10-06 08:50:59", "elapsed": 393.706659, "delta": 1.609035}}
{"target": -33.32704325612188, "params": {"C": 160.8127892426801, "epsilon": 34.64535723057105, "gamma": 0.01351649229927929, "lamda": 0.15832035520334778}, "datetime": {"datetime": "2021-10-06 08:51:01", "elapsed": 395.902094, "delta": 2.195435}}
{"target": -34.281642476366635, "params": {"C": 96.13757835451545, "epsilon": 32.43808913610326, "gamma": 0.07324632731729677, "lamda": 0.036435613278294525}, "datetime": {"datetime": "2021-10-06 08:51:04", "elapsed": 398.411096, "delta": 2.509002}}
{"target": -34.768634814802724, "params": {"C": 87.60733190420818, "epsilon": 34.97956381272157, "gamma": 0.04603605225131407, "lamda": 0.00232865287744591}, "datetime": {"datetime": "2021-10-06 08:51:07", "elapsed": 401.151413, "delta": 2.740317}}
{"target": -32.804297639305915, "params": {"C": 186.66320621741272, "epsilon": 34.65630506088121, "gamma": 0.005959268564190691, "lamda": 0.03278469446609723}, "datetime": {"datetime": "2021-10-06 08:51:09", "elapsed": 403.579779, "delta": 2.428366}}
{"target": -33.422281153104514, "params": {"C": 39.94612202954878, "epsilon": 31.390641589245817, "gamma": 0.04090084677401067, "lamda": 0.09214807668149824}, "datetime": {"datetime": "2021-10-06 08:51:11", "elapsed": 405.3088, "delta": 1.729021}}
{"target": -33.50934806211937, "params": {"C": 186.6192505345823, "epsilon": 34.71603686056905, "gamma": 0.027085310265160534, "lamda": 0.17031828898282814}, "datetime": {"datetime": "2021-10-06 08:51:13", "elapsed": 407.283172, "delta": 1.974372}}
{"target": -33.165304887840605, "params": {"C": 187.05772092531234, "epsilon": 29.973683066866105, "gamma": 0.0046573597750185405, "lamda": 0.06315672885671922}, "datetime": {"datetime": "2021-10-06 08:51:14", "elapsed": 408.937067, "delta": 1.653895}}
{"target": -33.84507312412254, "params": {"C": 109.01646452416664, "epsilon": 30.496197532407855, "gamma": 0.03776542907166229, "lamda": 0.149655950757453}, "datetime": {"datetime": "2021-10-06 08:51:16", "elapsed": 410.550387, "delta": 1.61332}}
{"target": -33.84031528507484, "params": {"C": 76.2682152367992, "epsilon": 33.75571596517237, "gamma": 0.0367343762011768, "lamda": 0.17828067510048626}, "datetime": {"datetime": "2021-10-06 08:51:19", "elapsed": 413.286132, "delta": 2.735745}}
{"target": -34.703887190125506, "params": {"C": 186.8927476207586, "epsilon": 25.02721259953186, "gamma": 0.07199815743365007, "lamda": 0.07282696228875156}, "datetime": {"datetime": "2021-10-06 08:51:20", "elapsed": 414.967847, "delta": 1.681715}}
{"target": -33.81064414045078, "params": {"C": 90.15285116943687, "epsilon": 32.907370528031144, "gamma": 0.06256760859525957, "lamda": 0.07202416240818285}, "datetime": {"datetime": "2021-10-06 08:51:22", "elapsed": 416.825286, "delta": 1.857439}}
{"target": -34.126120852873534, "params": {"C": 187.13067955961847, "epsilon": 29.985304121596254, "gamma": 0.04212273498644703, "lamda": 0.15554638136326804}, "datetime": {"datetime": "2021-10-06 08:51:25", "elapsed": 419.565225, "delta": 2.739939}}
{"target": -33.02332479305683, "params": {"C": 76.319904381868, "epsilon": 33.66391709995818, "gamma": 0.02000278497271513, "lamda": 0.08639651188287244}, "datetime": {"datetime": "2021-10-06 08:51:27", "elapsed": 421.241709, "delta": 1.676484}}
{"target": -32.96948644631704, "params": {"C": 96.04426807053137, "epsilon": 32.31073298562881, "gamma": 0.007593034794969219, "lamda": 0.07815266464878781}, "datetime": {"datetime": "2021-10-06 08:51:30", "elapsed": 424.4142, "delta": 3.172491}}
{"target": -33.261267809520504, "params": {"C": 76.40301485382236, "epsilon": 33.648482098949216, "gamma": 0.011688500129788155, "lamda": 0.13865166126241035}, "datetime": {"datetime": "2021-10-06 08:51:32", "elapsed": 426.109016, "delta": 1.694816}}
{"target": -33.81840289379064, "params": {"C": 59.74786026509071, "epsilon": 32.79151680423162, "gamma": 0.005167488876386156, "lamda": 0.14896908553514365}, "datetime": {"datetime": "2021-10-06 08:51:34", "elapsed": 429.02778, "delta": 2.918764}}
{"target": -34.060221304677924, "params": {"C": 95.96427900923818, "epsilon": 32.37512730724274, "gamma": 0.05361705974432474, "lamda": 0.15217551507532542}, "datetime": {"datetime": "2021-10-06 08:51:37", "elapsed": 431.909018, "delta": 2.881238}}
{"target": -33.48869062962474, "params": {"C": 187.42558804974422, "epsilon": 34.97602100099585, "gamma": 0.01783100377731431, "lamda": 0.1918868358796797}, "datetime": {"datetime": "2021-10-06 08:51:40", "elapsed": 434.596664, "delta": 2.687646}}
{"target": -41.332512584791246, "params": {"C": 83.54128401499656, "epsilon": 30.21875116474086, "gamma": 0.0001, "lamda": 0.03283756330968602}, "datetime": {"datetime": "2021-10-06 08:51:42", "elapsed": 436.920742, "delta": 2.324078}}
{"target": -33.72917628230285, "params": {"C": 188.04953189190852, "epsilon": 34.776958368385465, "gamma": 0.04855532684482227, "lamda": 0.01680987154270349}, "datetime": {"datetime": "2021-10-06 08:51:45", "elapsed": 439.179149, "delta": 2.258407}}
{"target": -33.63746422418769, "params": {"C": 187.41650452317822, "epsilon": 34.8202331601328, "gamma": 0.007428821786897613, "lamda": 0.1791905923631877}, "datetime": {"datetime": "2021-10-06 08:51:46", "elapsed": 440.840739, "delta": 1.66159}}
{"target": -34.1967521886907, "params": {"C": 186.8713643328502, "epsilon": 34.6565229338719, "gamma": 0.08, "lamda": 0.06925756716178771}, "datetime": {"datetime": "2021-10-06 08:51:49", "elapsed": 443.220054, "delta": 2.379315}}
{"target": -34.51922638426909, "params": {"C": 89.56323718597352, "epsilon": 29.255652754580638, "gamma": 0.07943179187816174, "lamda": 0.05171901668254985}, "datetime": {"datetime": "2021-10-06 08:51:50", "elapsed": 444.900243, "delta": 1.680189}}
{"target": -35.22229423161296, "params": {"C": 83.72142734263949, "epsilon": 30.07260470637139, "gamma": 0.059432823393349724, "lamda": 0.002971134207241481}, "datetime": {"datetime": "2021-10-06 08:51:53", "elapsed": 447.848063, "delta": 2.94782}}
{"target": -33.29098098210498, "params": {"C": 144.95628546781182, "epsilon": 33.23500421393211, "gamma": 0.0162747044240643, "lamda": 0.010427724761220203}, "datetime": {"datetime": "2021-10-06 08:51:55", "elapsed": 450.011795, "delta": 2.163732}}
{"target": -33.22025326664112, "params": {"C": 96.24114809438467, "epsilon": 32.27507630480776, "gamma": 0.015271075800744879, "lamda": 0.02508287816876983}, "datetime": {"datetime": "2021-10-06 08:51:58", "elapsed": 452.59026, "delta": 2.578465}}
{"target": -33.43512186425276, "params": {"C": 45.678665338045796, "epsilon": 31.635044559275745, "gamma": 0.004967220833371523, "lamda": 0.10327812671715204}, "datetime": {"datetime": "2021-10-06 08:52:00", "elapsed": 454.360971, "delta": 1.770711}}
{"target": -34.75072781111144, "params": {"C": 134.357014426752, "epsilon": 32.942816860223076, "gamma": 0.07393709091337321, "lamda": 0.16483824450091833}, "datetime": {"datetime": "2021-10-06 08:52:02", "elapsed": 456.42387, "delta": 2.062899}}
{"target": -33.16951661670179, "params": {"C": 76.91566634772163, "epsilon": 33.90519975228397, "gamma": 0.03560107659011342, "lamda": 0.08314724012751241}, "datetime": {"datetime": "2021-10-06 08:52:04", "elapsed": 459.021903, "delta": 2.598033}}
{"target": -33.54977814173859, "params": {"C": 42.29171598541001, "epsilon": 29.41383444095667, "gamma": 0.030864231898631942, "lamda": 0.12143546515764875}, "datetime": {"datetime": "2021-10-06 08:52:06", "elapsed": 460.676977, "delta": 1.655074}}
{"target": -33.44718052434318, "params": {"C": 97.68209753395902, "epsilon": 30.65868075957064, "gamma": 0.04065223817944449, "lamda": 0.09727360289708534}, "datetime": {"datetime": "2021-10-06 08:52:08", "elapsed": 462.484911, "delta": 1.807934}}
{"target": -33.72775055628291, "params": {"C": 95.73060654654618, "epsilon": 32.01422133871564, "gamma": 0.0586533131234788, "lamda": 0.058976749004887724}, "datetime": {"datetime": "2021-10-06 08:52:10", "elapsed": 464.764866, "delta": 2.279955}}
{"target": -34.15346340626266, "params": {"C": 76.96755139532458, "epsilon": 33.83740315399662, "gamma": 0.062058817226874924, "lamda": 0.1533252282848337}, "datetime": {"datetime": "2021-10-06 08:52:13", "elapsed": 467.281745, "delta": 2.516879}}
{"target": -33.192756379118585, "params": {"C": 76.4234581579089, "epsilon": 33.7302742698792, "gamma": 0.024802249446441188, "lamda": 0.023891735114512844}, "datetime": {"datetime": "2021-10-06 08:52:16", "elapsed": 470.069976, "delta": 2.788231}}
{"target": -34.980166218500386, "params": {"C": 95.98827336448288, "epsilon": 32.96849949705421, "gamma": 0.07677951480355158, "lamda": 0.17151420618239757}, "datetime": {"datetime": "2021-10-06 08:52:17", "elapsed": 471.87852, "delta": 1.808544}}
{"target": -33.30377045432018, "params": {"C": 187.1456560493712, "epsilon": 34.345234558424025, "gamma": 0.020671231097523952, "lamda": 0.004530883040807373}, "datetime": {"datetime": "2021-10-06 08:52:20", "elapsed": 474.639203, "delta": 2.760683}}
{"target": -36.68577209878672, "params": {"C": 105.70130440131129, "epsilon": 27.43122770408091, "gamma": 0.0029017652674162937, "lamda": 0.18609092306245162}, "datetime": {"datetime": "2021-10-06 08:52:22", "elapsed": 476.438719, "delta": 1.799516}}
{"target": -33.80261074422071, "params": {"C": 96.27970556337658, "epsilon": 32.38666347794776, "gamma": 0.04508012487442611, "lamda": 0.14746030473557778}, "datetime": {"datetime": "2021-10-06 08:52:25", "elapsed": 479.412157, "delta": 2.973438}}
{"target": -34.08398746194426, "params": {"C": 167.21115396218033, "epsilon": 32.22246458989136, "gamma": 0.0672684169877622, "lamda": 0.10721776708649666}, "datetime": {"datetime": "2021-10-06 08:52:27", "elapsed": 481.081506, "delta": 1.669349}}
{"target": -32.96489660153625, "params": {"C": 70.92145397373747, "epsilon": 34.28638479319385, "gamma": 0.006362958679678717, "lamda": 0.0778453844567718}, "datetime": {"datetime": "2021-10-06 08:52:29", "elapsed": 483.843164, "delta": 2.761658}}
{"target": -33.86748128319247, "params": {"C": 184.92533682243996, "epsilon": 31.05618013565444, "gamma": 0.04242500694683739, "lamda": 0.14935484008488414}, "datetime": {"datetime": "2021-10-06 08:52:31", "elapsed": 485.800492, "delta": 1.957328}}
{"target": -34.14298281149768, "params": {"C": 142.50025102371578, "epsilon": 33.5605739424721, "gamma": 0.005819057887095164, "lamda": 0.1873884768177604}, "datetime": {"datetime": "2021-10-06 08:52:33", "elapsed": 487.551805, "delta": 1.751313}}
{"target": -33.084138421874684, "params": {"C": 59.834610688685416, "epsilon": 32.697957460016305, "gamma": 0.01898505173041453, "lamda": 0.039508043067871076}, "datetime": {"datetime": "2021-10-06 08:52:36", "elapsed": 490.10876, "delta": 2.556955}}
{"target": -34.648543585342864, "params": {"C": 22.952385653084427, "epsilon": 31.489815224484396, "gamma": 0.07683400094737565, "lamda": 0.018842755842900825}, "datetime": {"datetime": "2021-10-06 08:52:38", "elapsed": 492.462284, "delta": 2.353524}}
{"target": -33.17983342177216, "params": {"C": 96.15178671398495, "epsilon": 32.204591654532, "gamma": 0.03552818793912335, "lamda": 0.04371007004875385}, "datetime": {"datetime": "2021-10-06 08:52:40", "elapsed": 494.855554, "delta": 2.39327}}
{"target": -33.02512000929237, "params": {"C": 70.77830279219044, "epsilon": 34.538145596825565, "gamma": 0.024745959696136206, "lamda": 0.04667085527412699}, "datetime": {"datetime": "2021-10-06 08:52:43", "elapsed": 497.253413, "delta": 2.397859}}
{"target": -35.373056786378, "params": {"C": 194.82348535759442, "epsilon": 33.661348722916244, "gamma": 0.07674227102892048, "lamda": 0.013217622408428}, "datetime": {"datetime": "2021-10-06 08:52:45", "elapsed": 499.120877, "delta": 1.867464}}
{"target": -34.81749846841342, "params": {"C": 191.8372149935775, "epsilon": 29.780156802171586, "gamma": 0.059401763367449505, "lamda": 0.014090651860394038}, "datetime": {"datetime": "2021-10-06 08:52:47", "elapsed": 501.043873, "delta": 1.922996}}
{"target": -34.11816224742848, "params": {"C": 70.17949009822092, "epsilon": 34.3807384004446, "gamma": 0.03828779698314593, "lamda": 0.004313570284794798}, "datetime": {"datetime": "2021-10-06 08:52:49", "elapsed": 503.105807, "delta": 2.061934}}
{"target": -33.67501949432146, "params": {"C": 34.60921924751076, "epsilon": 33.26887521284905, "gamma": 0.047001737352275384, "lamda": 0.019205875343681757}, "datetime": {"datetime": "2021-10-06 08:52:51", "elapsed": 505.691036, "delta": 2.585229}}
{"target": -34.232361510889895, "params": {"C": 96.21830813385961, "epsilon": 32.29727528739958, "gamma": 0.06970236301040522, "lamda": 0.1251959407970119}, "datetime": {"datetime": "2021-10-06 08:52:54", "elapsed": 508.475949, "delta": 2.784913}}
{"target": -33.95630478644745, "params": {"C": 144.93780907088296, "epsilon": 33.26674976799456, "gamma": 0.050232154562413145, "lamda": 0.15907414487386992}, "datetime": {"datetime": "2021-10-06 08:52:57", "elapsed": 511.273298, "delta": 2.797349}}
{"target": -34.36826967592966, "params": {"C": 28.723124510479067, "epsilon": 26.57924570674545, "gamma": 0.06975493680002791, "lamda": 0.04167029799653328}, "datetime": {"datetime": "2021-10-06 08:52:59", "elapsed": 513.458544, "delta": 2.185246}}
{"target": -33.962255831399396, "params": {"C": 70.94005496599964, "epsilon": 34.527108000719835, "gamma": 0.027091282548873673, "lamda": 0.0025424342629927076}, "datetime": {"datetime": "2021-10-06 08:53:01", "elapsed": 515.945271, "delta": 2.486727}}
{"target": -33.92430625005544, "params": {"C": 178.39100490619006, "epsilon": 27.43583797812068, "gamma": 0.04548174025198981, "lamda": 0.11991970089033915}, "datetime": {"datetime": "2021-10-06 08:53:03", "elapsed": 517.926942, "delta": 1.981671}}
{"target": -34.49427876594912, "params": {"C": 121.06594091416846, "epsilon": 30.03768225064921, "gamma": 0.043364056695940054, "lamda": 0.1813187722639149}, "datetime": {"datetime": "2021-10-06 08:53:06", "elapsed": 520.08166, "delta": 2.154718}}
{"target": -32.99277522158772, "params": {"C": 122.02122605526962, "epsilon": 31.812579123926284, "gamma": 0.012472476314449837, "lamda": 0.06317583520881628}, "datetime": {"datetime": "2021-10-06 08:53:09", "elapsed": 523.269256, "delta": 3.187596}}
{"target": -34.91236918867073, "params": {"C": 6.206922057972922, "epsilon": 29.310224093085715, "gamma": 0.049149627561781206, "lamda": 0.02848327201758938}, "datetime": {"datetime": "2021-10-06 08:53:11", "elapsed": 525.12048, "delta": 1.851224}}
{"target": -33.399693320169916, "params": {"C": 18.243213619903507, "epsilon": 32.61105822918973, "gamma": 0.01743674739878412, "lamda": 0.1391096007238619}, "datetime": {"datetime": "2021-10-06 08:53:13", "elapsed": 527.665955, "delta": 2.545475}}
{"target": -33.881339556815774, "params": {"C": 65.65092063053639, "epsilon": 31.424737198398038, "gamma": 0.03884478351693042, "lamda": 0.15968700203999078}, "datetime": {"datetime": "2021-10-06 08:53:15", "elapsed": 529.354211, "delta": 1.688256}}
{"target": -34.717040453445996, "params": {"C": 4.857002173831749, "epsilon": 33.21873477458004, "gamma": 0.051351256060415906, "lamda": 0.04707206412582915}, "datetime": {"datetime": "2021-10-06 08:53:17", "elapsed": 531.474916, "delta": 2.120705}}
