{"target": -34.0740056229757, "params": {"C": 36.09688843320339, "epsilon": 32.18308423816616, "gamma": 0.023157328771166635, "lamda": 0.11319465949786776}, "datetime": {"datetime": "2021-10-06 08:47:04", "elapsed": 163.471827, "delta": 0.899308}}
{"target": -33.91902940634112, "params": {"C": 160.27357870641953, "epsilon": 33.91152246713493, "gamma": 0.032790523993754574, "lamda": 0.0471867651008518}, "datetime": {"datetime": "2021-10-06 08:47:06", "elapsed": 164.644481, "delta": 1.172654}}
{"target": -34.225070216398976, "params": {"C": 54.35613349851593, "epsilon": 33.33069292327461, "gamma": 0.0540205928639005, "lamda": 0.1084872053856648}, "datetime": {"datetime": "2021-10-06 08:47:07", "elapsed": 165.665952, "delta": 1.021471}}
{"target": -34.63087251585378, "params": {"C": 68.95591425044584, "epsilon": 33.35202249618993, "gamma": 0.0546477489309661, "lamda": 0.017350316883009694}, "datetime": {"datetime": "2021-10-06 08:47:08", "elapsed": 166.876879, "delta": 1.210927}}
{"target": -35.31450268896556, "params": {"C": 129.2237361148066, "epsilon": 26.698652203580835, "gamma": 0.08337425448803733, "lamda": 0.10011556330425045}, "datetime": {"datetime": "2021-10-06 08:47:09", "elapsed": 167.773849, "delta": 0.89697}}
{"target": -35.06952071139076, "params": {"C": 51.57663717159362, "epsilon": 27.67302530947377, "gamma": 0.07497721246879707, "lamda": 0.10475236950885093}, "datetime": {"datetime": "2021-10-06 08:47:10", "elapsed": 168.72464, "delta": 0.950791}}
{"target": -34.58527681794053, "params": {"C": 18.24920075389029, "epsilon": 32.92760651821702, "gamma": 0.011193914777520249, "lamda": 0.06906294041618323}, "datetime": {"datetime": "2021-10-06 08:47:11", "elapsed": 169.701833, "delta": 0.977193}}
{"target": -34.728723976377466, "params": {"C": 66.98650819932048, "epsilon": 30.875049537392698, "gamma": 0.04853125860333346, "lamda": 0.0013732994216935663}, "datetime": {"datetime": "2021-10-06 08:47:12", "elapsed": 170.937914, "delta": 1.236081}}
{"target": -34.05071115493784, "params": {"C": 147.89621369815927, "epsilon": 26.763944741109164, "gamma": 0.016135125507062358, "lamda": 0.05733892553597685}, "datetime": {"datetime": "2021-10-06 08:47:13", "elapsed": 172.347759, "delta": 1.409845}}
{"target": -34.627376253299936, "params": {"C": 85.13312386159737, "epsilon": 26.25474287186734, "gamma": 0.025564511908194885, "lamda": 0.09828808824660053}, "datetime": {"datetime": "2021-10-06 08:47:15", "elapsed": 173.594855, "delta": 1.247096}}
{"target": -34.49037699168565, "params": {"C": 145.4698112091511, "epsilon": 29.119392386234278, "gamma": 0.03147915734611935, "lamda": 0.11972514661274594}, "datetime": {"datetime": "2021-10-06 08:47:16", "elapsed": 175.096859, "delta": 1.502004}}
{"target": -34.495886928101655, "params": {"C": 128.30156381814896, "epsilon": 28.535843952078114, "gamma": 0.03824070847312897, "lamda": 0.11219367618361013}, "datetime": {"datetime": "2021-10-06 08:47:17", "elapsed": 176.385673, "delta": 1.288814}}
{"target": -35.71881639939945, "params": {"C": 41.855476110862035, "epsilon": 30.125528763823635, "gamma": 0.09886909829449049, "lamda": 0.14068514063300788}, "datetime": {"datetime": "2021-10-06 08:47:18", "elapsed": 177.346113, "delta": 0.96044}}
{"target": -34.72961642961992, "params": {"C": 30.232191285373894, "epsilon": 34.84077680286142, "gamma": 0.08937911211741635, "lamda": 0.05588405042175593}, "datetime": {"datetime": "2021-10-06 08:47:20", "elapsed": 178.601413, "delta": 1.2553}}
{"target": -35.2815608420354, "params": {"C": 82.94997636704382, "epsilon": 33.22078847451916, "gamma": 0.08698555055998915, "lamda": 0.02948890916040626}, "datetime": {"datetime": "2021-10-06 08:47:21", "elapsed": 180.024089, "delta": 1.422676}}
{"target": -34.50767394179917, "params": {"C": 111.94451301454941, "epsilon": 33.264976788779684, "gamma": 0.077507543366553, "lamda": 0.08208562243638032}, "datetime": {"datetime": "2021-10-06 08:47:22", "elapsed": 181.45592, "delta": 1.431831}}
{"target": -35.42774398818222, "params": {"C": 72.41953944676227, "epsilon": 32.529320471384366, "gamma": 0.06631466710303809, "lamda": 0.006506199341786723}, "datetime": {"datetime": "2021-10-06 08:47:24", "elapsed": 182.922595, "delta": 1.466675}}
{"target": -34.319059572929795, "params": {"C": 63.49049208227794, "epsilon": 30.97438480626734, "gamma": 0.05421854383671475, "lamda": 0.0863119376106686}, "datetime": {"datetime": "2021-10-06 08:47:25", "elapsed": 184.026163, "delta": 1.103568}}
{"target": -33.9109933242018, "params": {"C": 96.31723950584656, "epsilon": 32.87924034224072, "gamma": 0.014956786524543752, "lamda": 0.03104520033017263}, "datetime": {"datetime": "2021-10-06 08:47:26", "elapsed": 185.156377, "delta": 1.130214}}
{"target": -34.988982046162285, "params": {"C": 16.314995378435142, "epsilon": 28.216672742223214, "gamma": 0.07450975521313981, "lamda": 0.0013464510288020495}, "datetime": {"datetime": "2021-10-06 08:47:28", "elapsed": 186.773981, "delta": 1.617604}}
{"target": -34.28685711355331, "params": {"C": 61.15328257742493, "epsilon": 30.15899447166926, "gamma": 0.030793137002784847, "lamda": 0.11356078785392369}, "datetime": {"datetime": "2021-10-06 08:47:29", "elapsed": 187.835614, "delta": 1.061633}}
{"target": -34.98567478331587, "params": {"C": 135.9946509182796, "epsilon": 30.216596620177455, "gamma": 0.0396949662330753, "lamda": 0.004826594229770631}, "datetime": {"datetime": "2021-10-06 08:47:30", "elapsed": 188.958249, "delta": 1.122635}}
{"target": -36.76968676945068, "params": {"C": 187.11212389013158, "epsilon": 31.360099737142754, "gamma": 0.09074058466999782, "lamda": 0.010995686325645647}, "datetime": {"datetime": "2021-10-06 08:47:31", "elapsed": 190.039874, "delta": 1.081625}}
{"target": -34.66497684114797, "params": {"C": 56.47145757334202, "epsilon": 27.078747599668432, "gamma": 0.06539076010329276, "lamda": 0.037373969854429014}, "datetime": {"datetime": "2021-10-06 08:47:32", "elapsed": 191.500202, "delta": 1.460328}}
{"target": -34.010480184412984, "params": {"C": 191.77275744300704, "epsilon": 32.69225530786548, "gamma": 0.028689620879309145, "lamda": 0.11005778370782195}, "datetime": {"datetime": "2021-10-06 08:47:34", "elapsed": 192.5645, "delta": 1.064298}}
{"target": -33.94693838850534, "params": {"C": 155.81517858611411, "epsilon": 30.852443548262578, "gamma": 0.021021361966985917, "lamda": 0.08811339552597419}, "datetime": {"datetime": "2021-10-06 08:47:35", "elapsed": 194.226538, "delta": 1.662038}}
{"target": -35.57731979774893, "params": {"C": 7.373926277367426, "epsilon": 34.83010281194888, "gamma": 0.09603572964487786, "lamda": 0.0198582099049953}, "datetime": {"datetime": "2021-10-06 08:47:36", "elapsed": 195.316074, "delta": 1.089536}}
{"target": -34.06755508819376, "params": {"C": 101.57049592157983, "epsilon": 30.198780043523833, "gamma": 0.017208409133266826, "lamda": 0.09044688554222913}, "datetime": {"datetime": "2021-10-06 08:47:38", "elapsed": 196.814921, "delta": 1.498847}}
{"target": -34.91821402841593, "params": {"C": 19.73765042004837, "epsilon": 30.97605418572349, "gamma": 0.07261118041209004, "lamda": 0.1250928941522433}, "datetime": {"datetime": "2021-10-06 08:47:39", "elapsed": 198.1741, "delta": 1.359179}}
{"target": -35.732474456488546, "params": {"C": 177.00695410553317, "epsilon": 27.20800220464925, "gamma": 0.08790679799113964, "lamda": 0.12545927089599945}, "datetime": {"datetime": "2021-10-06 08:47:41", "elapsed": 200.037863, "delta": 1.863763}}
{"target": -34.73545543886122, "params": {"C": 152.19217397398916, "epsilon": 26.253719900202935, "gamma": 0.024061765265116192, "lamda": 0.005391389704258357}, "datetime": {"datetime": "2021-10-06 08:47:43", "elapsed": 201.602837, "delta": 1.564974}}
{"target": -34.27360191444889, "params": {"C": 32.94412737913807, "epsilon": 31.560918702314268, "gamma": 0.04885600223096558, "lamda": 0.08652689896716356}, "datetime": {"datetime": "2021-10-06 08:47:44", "elapsed": 202.766636, "delta": 1.163799}}
{"target": -33.86420087609474, "params": {"C": 33.48203106651021, "epsilon": 33.01334822076333, "gamma": 0.025943950370266977, "lamda": 0.07038665909699915}, "datetime": {"datetime": "2021-10-06 08:47:45", "elapsed": 203.896033, "delta": 1.129397}}
{"target": -34.03715427817979, "params": {"C": 63.93380878253193, "epsilon": 34.43342059451895, "gamma": 0.04872717358141676, "lamda": 0.09909912670492137}, "datetime": {"datetime": "2021-10-06 08:47:46", "elapsed": 205.357753, "delta": 1.46172}}
{"target": -34.3135448189562, "params": {"C": 51.00704950903119, "epsilon": 27.977660690567603, "gamma": 0.03705847817979896, "lamda": 0.03544718395735987}, "datetime": {"datetime": "2021-10-06 08:47:48", "elapsed": 206.840533, "delta": 1.48278}}
{"target": -35.2645664329192, "params": {"C": 5.167123114431912, "epsilon": 33.838502988997504, "gamma": 0.04728691871514534, "lamda": 0.019789701759853586}, "datetime": {"datetime": "2021-10-06 08:47:49", "elapsed": 208.361059, "delta": 1.520526}}
{"target": -34.627320431612056, "params": {"C": 62.424946300459894, "epsilon": 31.67614169198867, "gamma": 0.021268827304112385, "lamda": 0.14295273683388082}, "datetime": {"datetime": "2021-10-06 08:47:51", "elapsed": 209.911261, "delta": 1.550202}}
{"target": -34.02749656608007, "params": {"C": 145.06503632085543, "epsilon": 33.58344577201255, "gamma": 0.04219352790247619, "lamda": 0.053758611298447}, "datetime": {"datetime": "2021-10-06 08:47:52", "elapsed": 210.951735, "delta": 1.040474}}
{"target": -34.50072182290921, "params": {"C": 102.6237868386254, "epsilon": 29.532575769635688, "gamma": 0.04568801785768218, "lamda": 0.11848736968999941}, "datetime": {"datetime": "2021-10-06 08:47:53", "elapsed": 212.046357, "delta": 1.094622}}
{"target": -34.24377134070185, "params": {"C": 17.08387043632473, "epsilon": 31.79542459562498, "gamma": 0.04076316974398743, "lamda": 0.07144213224668705}, "datetime": {"datetime": "2021-10-06 08:47:55", "elapsed": 213.697935, "delta": 1.651578}}
{"target": -35.68011850987251, "params": {"C": 174.38752349438437, "epsilon": 33.86094939318498, "gamma": 0.09063339918864881, "lamda": 0.01969737916336665}, "datetime": {"datetime": "2021-10-06 08:47:56", "elapsed": 215.160695, "delta": 1.46276}}
{"target": -34.81219671673851, "params": {"C": 49.77615664592528, "epsilon": 26.23702029785439, "gamma": 0.03288768932920608, "lamda": 0.008150144987115249}, "datetime": {"datetime": "2021-10-06 08:47:57", "elapsed": 216.340126, "delta": 1.179431}}
{"target": -35.71004921407696, "params": {"C": 171.4366945847396, "epsilon": 28.397448685966438, "gamma": 0.09977517601723601, "lamda": 0.1190046414933774}, "datetime": {"datetime": "2021-10-06 08:47:59", "elapsed": 217.843407, "delta": 1.503281}}
{"target": -36.676789328712175, "params": {"C": 86.77804947509215, "epsilon": 28.373050658092076, "gamma": 0.0943583098701297, "lamda": 0.0016749703227842013}, "datetime": {"datetime": "2021-10-06 08:48:00", "elapsed": 219.146413, "delta": 1.303006}}
{"target": -34.212471933680696, "params": {"C": 113.3266875210925, "epsilon": 29.542239620903036, "gamma": 0.025359711726357828, "lamda": 0.0996356953358032}, "datetime": {"datetime": "2021-10-06 08:48:02", "elapsed": 221.166592, "delta": 2.020179}}
{"target": -33.93208097256491, "params": {"C": 112.06135446898732, "epsilon": 30.102974627268658, "gamma": 0.02444800288279233, "lamda": 0.05078933776154288}, "datetime": {"datetime": "2021-10-06 08:48:04", "elapsed": 222.800675, "delta": 1.634083}}
{"target": -34.424116371609955, "params": {"C": 107.25157527711366, "epsilon": 27.071061419385398, "gamma": 0.04873603465462574, "lamda": 0.04837584269803509}, "datetime": {"datetime": "2021-10-06 08:48:05", "elapsed": 224.365043, "delta": 1.564368}}
{"target": -34.88572081133866, "params": {"C": 184.15814812082738, "epsilon": 27.140583218176275, "gamma": 0.035526345346674745, "lamda": 0.12292651790203842}, "datetime": {"datetime": "2021-10-06 08:48:06", "elapsed": 225.451828, "delta": 1.086785}}
{"target": -33.96051662152115, "params": {"C": 124.84106439390663, "epsilon": 33.41462413840842, "gamma": 0.03527358113889663, "lamda": 0.04831348544630543}, "datetime": {"datetime": "2021-10-06 08:48:08", "elapsed": 226.605728, "delta": 1.1539}}
{"target": -34.26443108137017, "params": {"C": 170.06158389628052, "epsilon": 34.76908287713438, "gamma": 0.00909469296090498, "lamda": 0.03144498391838054}, "datetime": {"datetime": "2021-10-06 08:48:09", "elapsed": 227.802798, "delta": 1.19707}}
{"target": -34.56241435059586, "params": {"C": 29.130455721701416, "epsilon": 27.44615376844355, "gamma": 0.05335949683202999, "lamda": 0.08534961760666768}, "datetime": {"datetime": "2021-10-06 08:48:10", "elapsed": 228.955981, "delta": 1.153183}}
{"target": -35.26334733506237, "params": {"C": 145.1892646517037, "epsilon": 27.13341683778403, "gamma": 0.08704893699991371, "lamda": 0.03661084758318425}, "datetime": {"datetime": "2021-10-06 08:48:11", "elapsed": 230.164238, "delta": 1.208257}}
{"target": -34.198116965139924, "params": {"C": 179.6587268202701, "epsilon": 30.79566173464816, "gamma": 0.008699567688517687, "lamda": 0.03294895241995351}, "datetime": {"datetime": "2021-10-06 08:48:12", "elapsed": 231.358208, "delta": 1.19397}}
{"target": -33.7701406070286, "params": {"C": 173.93675512423297, "epsilon": 33.071853615818505, "gamma": 0.019547508899565705, "lamda": 0.060220753802213714}, "datetime": {"datetime": "2021-10-06 08:48:14", "elapsed": 232.986553, "delta": 1.628345}}
{"target": -36.76823807996392, "params": {"C": 168.38872125052418, "epsilon": 26.252432898403587, "gamma": 0.08258514130615767, "lamda": 0.008453450154834043}, "datetime": {"datetime": "2021-10-06 08:48:15", "elapsed": 234.489672, "delta": 1.503119}}
{"target": -35.65554264149269, "params": {"C": 164.33357249926436, "epsilon": 27.152293881963114, "gamma": 0.08632837509762098, "lamda": 0.02449864344152437}, "datetime": {"datetime": "2021-10-06 08:48:17", "elapsed": 235.620634, "delta": 1.130962}}
{"target": -36.306841405736776, "params": {"C": 126.70255673600816, "epsilon": 30.935295853762344, "gamma": 0.007783296823009713, "lamda": 0.13903221042170147}, "datetime": {"datetime": "2021-10-06 08:48:18", "elapsed": 237.226511, "delta": 1.605877}}
{"target": -34.483565832827175, "params": {"C": 89.67220689046644, "epsilon": 29.344536035668416, "gamma": 0.052017055371536156, "lamda": 0.10110850956555813}, "datetime": {"datetime": "2021-10-06 08:48:19", "elapsed": 238.307834, "delta": 1.081323}}
{"target": -35.26852728740252, "params": {"C": 179.1932724869823, "epsilon": 26.033380155822012, "gamma": 0.06556882961885908, "lamda": 0.020929896234372147}, "datetime": {"datetime": "2021-10-06 08:48:21", "elapsed": 240.124309, "delta": 1.816475}}
{"target": -35.47282552910751, "params": {"C": 138.42943034030225, "epsilon": 31.98470545054312, "gamma": 0.09724479866524087, "lamda": 0.02936671424018231}, "datetime": {"datetime": "2021-10-06 08:48:22", "elapsed": 241.332498, "delta": 1.208189}}
{"target": -34.72929286561614, "params": {"C": 133.42513501450935, "epsilon": 27.19903802590745, "gamma": 0.0620309489985351, "lamda": 0.08819540990143437}, "datetime": {"datetime": "2021-10-06 08:48:24", "elapsed": 242.545988, "delta": 1.21349}}
{"target": -34.006782112536946, "params": {"C": 70.61234315759793, "epsilon": 34.37470111201529, "gamma": 0.029833594247199155, "lamda": 0.03420478032969566}, "datetime": {"datetime": "2021-10-06 08:48:25", "elapsed": 243.737147, "delta": 1.191159}}
{"target": -33.93712086227408, "params": {"C": 84.23938898263532, "epsilon": 30.83436078304209, "gamma": 0.022028193342280122, "lamda": 0.08616461290796268}, "datetime": {"datetime": "2021-10-06 08:48:27", "elapsed": 246.428805, "delta": 2.691658}}
{"target": -34.42755559053135, "params": {"C": 136.54643362040136, "epsilon": 33.25192941483069, "gamma": 0.059171772355172146, "lamda": 0.13679592083322595}, "datetime": {"datetime": "2021-10-06 08:48:29", "elapsed": 247.663799, "delta": 1.234994}}
{"target": -34.15071010137416, "params": {"C": 84.22278944788209, "epsilon": 31.18454152612793, "gamma": 0.009596459030258138, "lamda": 0.012432467347882701}, "datetime": {"datetime": "2021-10-06 08:48:32", "elapsed": 250.720118, "delta": 3.056319}}
{"target": -34.25803869430755, "params": {"C": 191.26213389377227, "epsilon": 31.08963914687268, "gamma": 0.05357355572262816, "lamda": 0.05223597162891564}, "datetime": {"datetime": "2021-10-06 08:48:35", "elapsed": 253.655959, "delta": 2.935841}}
{"target": -34.511108122175294, "params": {"C": 191.40273638364673, "epsilon": 30.686768796937034, "gamma": 0.01838580082100596, "lamda": 0.12230127177993323}, "datetime": {"datetime": "2021-10-06 08:48:38", "elapsed": 256.760044, "delta": 3.104085}}
{"target": -34.5426211743701, "params": {"C": 30.094957389254954, "epsilon": 32.16678182157653, "gamma": 0.0696906742972376, "lamda": 0.08152635062626448}, "datetime": {"datetime": "2021-10-06 08:48:39", "elapsed": 258.033069, "delta": 1.273025}}
{"target": -34.06716225743261, "params": {"C": 160.349818063309, "epsilon": 34.3197517298539, "gamma": 0.036747058230973004, "lamda": 0.025278151066106418}, "datetime": {"datetime": "2021-10-06 08:48:42", "elapsed": 260.670449, "delta": 2.63738}}
{"target": -33.86608237008357, "params": {"C": 130.01014472474276, "epsilon": 34.759174148215244, "gamma": 0.03307451161449833, "lamda": 0.05833505010617034}, "datetime": {"datetime": "2021-10-06 08:48:43", "elapsed": 261.899301, "delta": 1.228852}}
{"target": -34.023413208960946, "params": {"C": 91.2873416440288, "epsilon": 31.98940335241085, "gamma": 0.02765768940703405, "lamda": 0.03332945428569105}, "datetime": {"datetime": "2021-10-06 08:48:44", "elapsed": 263.176862, "delta": 1.277561}}
{"target": -34.085211345826494, "params": {"C": 53.467231030999116, "epsilon": 29.095992078058913, "gamma": 0.012076774405025071, "lamda": 0.051838160153200266}, "datetime": {"datetime": "2021-10-06 08:48:46", "elapsed": 264.777234, "delta": 1.600372}}
{"target": -33.9319259778103, "params": {"C": 76.35371913697986, "epsilon": 33.84589871502561, "gamma": 0.03341171299518475, "lamda": 0.11557820138043037}, "datetime": {"datetime": "2021-10-06 08:48:49", "elapsed": 267.557912, "delta": 2.780678}}
{"target": -34.78420409484048, "params": {"C": 164.69956390895956, "epsilon": 32.21917956812542, "gamma": 0.0161075498578407, "lamda": 0.14385671075182188}, "datetime": {"datetime": "2021-10-06 08:48:50", "elapsed": 268.807982, "delta": 1.25007}}
{"target": -34.34105349432085, "params": {"C": 141.14327057035166, "epsilon": 32.825525605062616, "gamma": 0.06578479151886459, "lamda": 0.07362124047823622}, "datetime": {"datetime": "2021-10-06 08:48:51", "elapsed": 270.060522, "delta": 1.25254}}
{"target": -34.83698341680617, "params": {"C": 160.57849997265347, "epsilon": 34.56512975308371, "gamma": 0.09393157028206657, "lamda": 0.12051861161779973}, "datetime": {"datetime": "2021-10-06 08:48:54", "elapsed": 273.220027, "delta": 3.159505}}
{"target": -34.42527225663245, "params": {"C": 149.84181307663823, "epsilon": 30.931996921787515, "gamma": 0.06444891621664793, "lamda": 0.0574892705862933}, "datetime": {"datetime": "2021-10-06 08:48:56", "elapsed": 274.992477, "delta": 1.77245}}
{"target": -34.69550275713267, "params": {"C": 99.24246317656429, "epsilon": 34.53433378310591, "gamma": 0.08518591771125789, "lamda": 0.12229012838245634}, "datetime": {"datetime": "2021-10-06 08:49:00", "elapsed": 278.565319, "delta": 3.572842}}
{"target": -34.243213960381254, "params": {"C": 159.97729951170703, "epsilon": 34.1164315595325, "gamma": 0.05642948944441715, "lamda": 0.04925564953327011}, "datetime": {"datetime": "2021-10-06 08:49:02", "elapsed": 281.464172, "delta": 2.898853}}
{"target": -34.251898046478644, "params": {"C": 174.14066233063622, "epsilon": 32.855013923692646, "gamma": 0.008424519483539231, "lamda": 0.025427160556025143}, "datetime": {"datetime": "2021-10-06 08:49:05", "elapsed": 284.339632, "delta": 2.87546}}
{"target": -34.48487016967328, "params": {"C": 96.03034650161139, "epsilon": 34.8561569336413, "gamma": 0.07811671607856949, "lamda": 0.10205245419514723}, "datetime": {"datetime": "2021-10-06 08:49:07", "elapsed": 285.681574, "delta": 1.341942}}
{"target": -34.46983518525033, "params": {"C": 28.741786752967545, "epsilon": 29.97457093928526, "gamma": 0.06461627572286154, "lamda": 0.060459187238456565}, "datetime": {"datetime": "2021-10-06 08:49:08", "elapsed": 287.021587, "delta": 1.340013}}
{"target": -34.35500595325723, "params": {"C": 184.98328022800632, "epsilon": 27.52674324007422, "gamma": 0.03820345871207996, "lamda": 0.07719709274459992}, "datetime": {"datetime": "2021-10-06 08:49:09", "elapsed": 288.328876, "delta": 1.307289}}
{"target": -33.767140057788154, "params": {"C": 37.65355062393986, "epsilon": 34.51969986483277, "gamma": 0.026214603693922908, "lamda": 0.09498341631511835}, "datetime": {"datetime": "2021-10-06 08:49:11", "elapsed": 290.091588, "delta": 1.762712}}
{"target": -34.49324897134237, "params": {"C": 37.41330399420437, "epsilon": 34.526241577142564, "gamma": 0.07004328184045847, "lamda": 0.13466259302032985}, "datetime": {"datetime": "2021-10-06 08:49:14", "elapsed": 292.940794, "delta": 2.849206}}
{"target": -34.27917178817309, "params": {"C": 123.94489333989989, "epsilon": 34.26701072135741, "gamma": 0.06258170942327518, "lamda": 0.10280515759535759}, "datetime": {"datetime": "2021-10-06 08:49:15", "elapsed": 294.258047, "delta": 1.317253}}
{"target": -34.64430032847062, "params": {"C": 79.32059504102267, "epsilon": 31.6928430378494, "gamma": 0.08153612469111927, "lamda": 0.08376113451405184}, "datetime": {"datetime": "2021-10-06 08:49:18", "elapsed": 297.192158, "delta": 2.934111}}
{"target": -34.348487484541366, "params": {"C": 79.70893463905645, "epsilon": 32.08024762097511, "gamma": 0.017875320067072042, "lamda": 0.12358279003311078}, "datetime": {"datetime": "2021-10-06 08:49:21", "elapsed": 299.858533, "delta": 2.666375}}
