{"target": -43.67128359636393, "params": {"C": 95.70219854079103, "epsilon": 20.547241831117937, "gamma": 0.09026229212784566, "lamda": 0.312575361727087}, "datetime": {"datetime": "2021-10-06 08:23:31", "elapsed": 64966.013743, "delta": 21.989714}}
{"target": -40.505068874866694, "params": {"C": 70.83282805631403, "epsilon": 27.778440716864495, "gamma": 0.08746833165072092, "lamda": 0.319302899637821}, "datetime": {"datetime": "2021-10-06 08:23:48", "elapsed": 64983.619753, "delta": 17.60601}}
{"target": -48.85553093884017, "params": {"C": 95.71145217603535, "epsilon": 19.981907986159843, "gamma": 0.29433077444929645, "lamda": 0.2542289371239665}, "datetime": {"datetime": "2021-10-06 08:24:06", "elapsed": 65001.144773, "delta": 17.52502}}
{"target": -35.16836358527937, "params": {"C": 193.4454285854471, "epsilon": 29.1567289724717, "gamma": 0.0001, "lamda": 0.0001}, "datetime": {"datetime": "2021-10-06 08:24:26", "elapsed": 65021.28217, "delta": 20.137397}}
{"target": -37.76775108010552, "params": {"C": 165.85973806592273, "epsilon": 23.531642109859344, "gamma": 0.05516610731282237, "lamda": 0.22662555687996672}, "datetime": {"datetime": "2021-10-06 08:24:56", "elapsed": 65051.310369, "delta": 30.028199}}
{"target": -35.667959148008634, "params": {"C": 160.2306613724843, "epsilon": 29.90255412629439, "gamma": 0.005343020144991244, "lamda": 0.21700095143015627}, "datetime": {"datetime": "2021-10-06 08:25:13", "elapsed": 65068.433904, "delta": 17.123535}}
{"target": -53.01541743912577, "params": {"C": 179.93707694166403, "epsilon": 15.244551388174663, "gamma": 0.3886816432482632, "lamda": 0.25575442223599826}, "datetime": {"datetime": "2021-10-06 08:25:18", "elapsed": 65073.464347, "delta": 5.030443}}
{"target": -38.25067860218145, "params": {"C": 92.57494062939242, "epsilon": 28.335131404943272, "gamma": 0.0001, "lamda": 0.0001}, "datetime": {"datetime": "2021-10-06 08:25:39", "elapsed": 65094.195473, "delta": 20.731126}}
{"target": -43.86510316148015, "params": {"C": 96.05481922926738, "epsilon": 23.673677666763375, "gamma": 0.35349984783393257, "lamda": 0.0876316162324991}, "datetime": {"datetime": "2021-10-06 08:25:45", "elapsed": 65099.867874, "delta": 5.672401}}
{"target": -35.82868945487909, "params": {"C": 93.55218661875479, "epsilon": 27.94270146931534, "gamma": 0.0925277103768636, "lamda": 0.016331582970547463}, "datetime": {"datetime": "2021-10-06 08:26:08", "elapsed": 65123.476029, "delta": 23.608155}}
{"target": -41.75727923099461, "params": {"C": 49.791676209636364, "epsilon": 26.41377705613977, "gamma": 0.0001, "lamda": 0.0001}, "datetime": {"datetime": "2021-10-06 08:26:34", "elapsed": 65149.358952, "delta": 25.882923}}
{"target": -42.54415789636188, "params": {"C": 37.43449198382558, "epsilon": 5.74329004146028, "gamma": 0.1454411496290331, "lamda": 0.03191461676894171}, "datetime": {"datetime": "2021-10-06 08:26:41", "elapsed": 65155.731317, "delta": 6.372365}}
{"target": -38.61639095000027, "params": {"C": 94.45009134647636, "epsilon": 26.793018306842708, "gamma": 0.14677878103888242, "lamda": 0.1496986550512306}, "datetime": {"datetime": "2021-10-06 08:27:00", "elapsed": 65174.772852, "delta": 19.041535}}
{"target": -44.510842576762556, "params": {"C": 93.60958076299474, "epsilon": 26.69119043426613, "gamma": 0.3292580412601476, "lamda": 0.15656081784511933}, "datetime": {"datetime": "2021-10-06 08:27:19", "elapsed": 65193.775955, "delta": 19.003103}}
{"target": -41.55569505498483, "params": {"C": 170.09900541012084, "epsilon": 29.95057660618244, "gamma": 0.3235645712887769, "lamda": 0.0015736630832731508}, "datetime": {"datetime": "2021-10-06 08:27:56", "elapsed": 65231.495414, "delta": 37.719459}}
{"target": -48.13650159171425, "params": {"C": 140.9511701256999, "epsilon": 22.138322493516302, "gamma": 0.28547301310495515, "lamda": 0.27176593610905786}, "datetime": {"datetime": "2021-10-06 08:28:02", "elapsed": 65237.350677, "delta": 5.855263}}
{"target": -37.141224115938115, "params": {"C": 35.97928090984292, "epsilon": 26.355333784984328, "gamma": 0.12553953965332607, "lamda": 0.0033182272605887667}, "datetime": {"datetime": "2021-10-06 08:28:20", "elapsed": 65255.340095, "delta": 17.989418}}
{"target": -44.086593510367855, "params": {"C": 80.72596186624922, "epsilon": 13.47790484562277, "gamma": 0.027561247674067535, "lamda": 0.31575239996761983}, "datetime": {"datetime": "2021-10-06 08:28:26", "elapsed": 65260.809888, "delta": 5.469793}}
{"target": -35.34146345497094, "params": {"C": 82.51543937805381, "epsilon": 21.163784436215185, "gamma": 0.06837632396434931, "lamda": 0.018221565909703367}, "datetime": {"datetime": "2021-10-06 08:28:32", "elapsed": 65266.876112, "delta": 6.066224}}
{"target": -45.79589134871361, "params": {"C": 186.79606148472428, "epsilon": 29.66456551811042, "gamma": 0.3509512555311184, "lamda": 0.233899436468262}, "datetime": {"datetime": "2021-10-06 08:28:39", "elapsed": 65274.337583, "delta": 7.461471}}
{"target": -57.172941247898024, "params": {"C": 107.5035669833369, "epsilon": 7.305033642264574, "gamma": 0.21094140164679595, "lamda": 0.34955641401911636}, "datetime": {"datetime": "2021-10-06 08:28:45", "elapsed": 65280.408224, "delta": 6.070641}}
{"target": -34.598872665124205, "params": {"C": 93.79142034063702, "epsilon": 27.8836659488102, "gamma": 0.03678764051496305, "lamda": 0.17399564997013406}, "datetime": {"datetime": "2021-10-06 08:29:17", "elapsed": 65312.603232, "delta": 32.195008}}
{"target": -46.69399346682632, "params": {"C": 103.45165046911166, "epsilon": 10.204374584888987, "gamma": 0.26945484158316263, "lamda": 0.13951608587921796}, "datetime": {"datetime": "2021-10-06 08:29:25", "elapsed": 65320.053295, "delta": 7.450063}}
{"target": -65.16048428201226, "params": {"C": 21.176460359636938, "epsilon": 2.1446954030352066, "gamma": 0.22556819234435274, "lamda": 0.36279621932422823}, "datetime": {"datetime": "2021-10-06 08:29:31", "elapsed": 65326.568905, "delta": 6.51561}}
{"target": -47.16565153432653, "params": {"C": 175.02382096296253, "epsilon": 26.974799614049214, "gamma": 0.0001, "lamda": 0.1460875589048073}, "datetime": {"datetime": "2021-10-06 08:29:49", "elapsed": 65344.620246, "delta": 18.051341}}
{"target": -39.93077412771871, "params": {"C": 110.27216910993614, "epsilon": 11.778449496097657, "gamma": 0.12711401467121738, "lamda": 0.04156518961784188}, "datetime": {"datetime": "2021-10-06 08:29:58", "elapsed": 65353.225285, "delta": 8.605039}}
{"target": -37.15666096176598, "params": {"C": 163.16929731016901, "epsilon": 23.30598338833631, "gamma": 0.10136962330445089, "lamda": 0.1329856876368276}, "datetime": {"datetime": "2021-10-06 08:30:04", "elapsed": 65359.407625, "delta": 6.18234}}
{"target": -44.44799253498783, "params": {"C": 45.625627725716235, "epsilon": 19.86469772065044, "gamma": 0.0001, "lamda": 0.0001}, "datetime": {"datetime": "2021-10-06 08:30:27", "elapsed": 65382.360018, "delta": 22.952393}}
{"target": -50.87743312131331, "params": {"C": 136.09645484810497, "epsilon": 5.5637865187796365, "gamma": 0.3947537929438199, "lamda": 0.12986702961499552}, "datetime": {"datetime": "2021-10-06 08:30:33", "elapsed": 65388.394669, "delta": 6.034651}}
{"target": -40.98601877973543, "params": {"C": 142.21098303612385, "epsilon": 24.572074240734548, "gamma": 0.20512379213804807, "lamda": 0.0025377513993290438}, "datetime": {"datetime": "2021-10-06 08:30:39", "elapsed": 65394.030618, "delta": 5.635949}}
{"target": -50.49762983878584, "params": {"C": 113.29936156610832, "epsilon": 14.306610406765543, "gamma": 0.07787142603133317, "lamda": 0.3936161704621322}, "datetime": {"datetime": "2021-10-06 08:30:44", "elapsed": 65399.337569, "delta": 5.306951}}
{"target": -47.20944839350933, "params": {"C": 89.3634644963657, "epsilon": 25.310044910323274, "gamma": 0.39054160123095544, "lamda": 0.19778283404800734}, "datetime": {"datetime": "2021-10-06 08:30:50", "elapsed": 65405.229702, "delta": 5.892133}}
{"target": -43.3444798365747, "params": {"C": 82.22027084232008, "epsilon": 21.111576352021807, "gamma": 0.06770646464452797, "lamda": 0.3383702527041818}, "datetime": {"datetime": "2021-10-06 08:31:17", "elapsed": 65431.750113, "delta": 26.520411}}
{"target": -35.5653020780759, "params": {"C": 19.16016434669269, "epsilon": 26.245795166638906, "gamma": 0.07526202233588129, "lamda": 0.0032539032623076975}, "datetime": {"datetime": "2021-10-06 08:31:23", "elapsed": 65437.708301, "delta": 5.958188}}
{"target": -45.26595242395334, "params": {"C": 82.59161423998421, "epsilon": 21.136196408581654, "gamma": 0.3587207670671859, "lamda": 0.10859619734984825}, "datetime": {"datetime": "2021-10-06 08:31:40", "elapsed": 65455.431811, "delta": 17.72351}}
{"target": -45.3883219396807, "params": {"C": 99.06399688595222, "epsilon": 8.567396370071535, "gamma": 0.2191771714717465, "lamda": 0.14731030049519334}, "datetime": {"datetime": "2021-10-06 08:31:48", "elapsed": 65462.721334, "delta": 7.289523}}
{"target": -35.28968530550451, "params": {"C": 40.86115776618623, "epsilon": 26.27259448472796, "gamma": 0.09585159049482468, "lamda": 0.03378647016707573}, "datetime": {"datetime": "2021-10-06 08:31:53", "elapsed": 65468.206896, "delta": 5.485562}}
{"target": -38.15805148876216, "params": {"C": 44.401135053573284, "epsilon": 19.987354368335943, "gamma": 0.125256522872243, "lamda": 0.10664855208675444}, "datetime": {"datetime": "2021-10-06 08:31:59", "elapsed": 65473.728101, "delta": 5.521205}}
{"target": -44.366842689916275, "params": {"C": 92.65902062825076, "epsilon": 26.715361063929812, "gamma": 0.1442364433136669, "lamda": 0.3585069006433186}, "datetime": {"datetime": "2021-10-06 08:32:17", "elapsed": 65492.43005, "delta": 18.701949}}
{"target": -34.05001444905946, "params": {"C": 19.196017125711354, "epsilon": 26.59912582384078, "gamma": 0.04225853993337757, "lamda": 0.017734034665763048}, "datetime": {"datetime": "2021-10-06 08:32:48", "elapsed": 65523.642046, "delta": 31.211996}}
{"target": -44.11622177931266, "params": {"C": 14.410960444614515, "epsilon": 24.835973750119543, "gamma": 0.2688004439027079, "lamda": 0.15300911225038938}, "datetime": {"datetime": "2021-10-06 08:32:54", "elapsed": 65529.604678, "delta": 5.962632}}
{"target": -40.15001048387434, "params": {"C": 18.822723789229922, "epsilon": 26.680009068954327, "gamma": 0.010133051542017714, "lamda": 0.37016408910318505}, "datetime": {"datetime": "2021-10-06 08:33:18", "elapsed": 65553.432066, "delta": 23.827388}}
{"target": -44.65268297181301, "params": {"C": 19.27134864883703, "epsilon": 26.513884482417538, "gamma": 0.3634197425402812, "lamda": 0.11342772684739723}, "datetime": {"datetime": "2021-10-06 08:33:43", "elapsed": 65578.135642, "delta": 24.703576}}
{"target": -43.40240416749502, "params": {"C": 92.14902890833795, "epsilon": 26.84004197460028, "gamma": 0.0001, "lamda": 0.05324248605783215}, "datetime": {"datetime": "2021-10-06 08:34:07", "elapsed": 65601.98928, "delta": 23.853638}}
{"target": -46.719502286410595, "params": {"C": 52.82512954070648, "epsilon": 22.02593522430263, "gamma": 0.13801548392765114, "lamda": 0.36091966347404586}, "datetime": {"datetime": "2021-10-06 08:34:13", "elapsed": 65607.931665, "delta": 5.942385}}
{"target": -39.32314194225901, "params": {"C": 95.46245840055552, "epsilon": 24.083742078549893, "gamma": 0.0001, "lamda": 0.0001}, "datetime": {"datetime": "2021-10-06 08:34:39", "elapsed": 65634.569719, "delta": 26.638054}}
{"target": -62.25475590615456, "params": {"C": 8.784901137614973, "epsilon": 11.435783390603513, "gamma": 0.38792188583091797, "lamda": 0.38946699317267797}, "datetime": {"datetime": "2021-10-06 08:34:47", "elapsed": 65641.71539, "delta": 7.145671}}
{"target": -51.62205718697973, "params": {"C": 196.78612710266322, "epsilon": 10.890907470067347, "gamma": 0.27271965373910645, "lamda": 0.23674815510354996}, "datetime": {"datetime": "2021-10-06 08:34:54", "elapsed": 65649.151611, "delta": 7.436221}}
{"target": -37.35906535083466, "params": {"C": 185.5177434998578, "epsilon": 28.441331232165954, "gamma": 0.02764121660766759, "lamda": 0.31013407801974235}, "datetime": {"datetime": "2021-10-06 08:35:12", "elapsed": 65666.961312, "delta": 17.809701}}
{"target": -60.31587128571319, "params": {"C": 122.25938177396158, "epsilon": 8.726153418334787, "gamma": 0.34395423416641874, "lamda": 0.3499941691299502}, "datetime": {"datetime": "2021-10-06 08:35:18", "elapsed": 65673.023555, "delta": 6.062243}}
{"target": -43.11549434237833, "params": {"C": 165.78155382621003, "epsilon": 23.148502345202942, "gamma": 0.2676021206813233, "lamda": 0.13369695857860123}, "datetime": {"datetime": "2021-10-06 08:35:40", "elapsed": 65695.210087, "delta": 22.186532}}
{"target": -39.414862485057476, "params": {"C": 36.8661709755809, "epsilon": 26.764516581773027, "gamma": 0.21951915616578555, "lamda": 0.07532066441756552}, "datetime": {"datetime": "2021-10-06 08:36:07", "elapsed": 65721.967627, "delta": 26.75754}}
{"target": -36.27361574274454, "params": {"C": 51.52490645381538, "epsilon": 18.843873976793226, "gamma": 0.07826112490460524, "lamda": 0.09008279560350432}, "datetime": {"datetime": "2021-10-06 08:36:13", "elapsed": 65728.136572, "delta": 6.168945}}
{"target": -43.475075863545456, "params": {"C": 130.19175655029707, "epsilon": 17.972078074181383, "gamma": 0.10938360209467436, "lamda": 0.2645639236871216}, "datetime": {"datetime": "2021-10-06 08:36:19", "elapsed": 65733.877514, "delta": 5.740942}}
{"target": -59.000050074545285, "params": {"C": 91.22141614976282, "epsilon": 14.663275004483161, "gamma": 0.36350665423830175, "lamda": 0.3993952343270606}, "datetime": {"datetime": "2021-10-06 08:36:26", "elapsed": 65741.25773, "delta": 7.380216}}
{"target": -47.1783747857416, "params": {"C": 51.62229750940878, "epsilon": 18.69544235383275, "gamma": 0.38942235666433855, "lamda": 0.12262547464489695}, "datetime": {"datetime": "2021-10-06 08:36:50", "elapsed": 65765.317173, "delta": 24.059443}}
{"target": -36.06110195137928, "params": {"C": 175.39073128324054, "epsilon": 26.175002521106077, "gamma": 0.0001, "lamda": 0.0001}, "datetime": {"datetime": "2021-10-06 08:37:17", "elapsed": 65791.85328, "delta": 26.536107}}
{"target": -37.02042337242591, "params": {"C": 137.41888006828864, "epsilon": 27.591288694431437, "gamma": 0.0001, "lamda": 0.0001}, "datetime": {"datetime": "2021-10-06 08:37:44", "elapsed": 65819.65515, "delta": 27.80187}}
{"target": -44.73054698116328, "params": {"C": 61.68394946726765, "epsilon": 20.78183142496188, "gamma": 0.004930935381323254, "lamda": 0.36920258382632803}, "datetime": {"datetime": "2021-10-06 08:38:02", "elapsed": 65837.608622, "delta": 17.953472}}
{"target": -35.58274331529174, "params": {"C": 194.72642068381356, "epsilon": 29.39767763620215, "gamma": 0.03737317195562974, "lamda": 0.0005610041827433088}, "datetime": {"datetime": "2021-10-06 08:38:24", "elapsed": 65858.794513, "delta": 21.185891}}
{"target": -33.69836281080997, "params": {"C": 193.25114268921195, "epsilon": 28.9125745090338, "gamma": 0.0021210878199303374, "lamda": 0.0438353347121467}, "datetime": {"datetime": "2021-10-06 08:38:45", "elapsed": 65879.956442, "delta": 21.161929}}
{"target": -33.687893702279794, "params": {"C": 34.98372683553107, "epsilon": 26.165693295228742, "gamma": 0.011023019537084513, "lamda": 0.0042031563609168125}, "datetime": {"datetime": "2021-10-06 08:39:21", "elapsed": 65916.202605, "delta": 36.246163}}
{"target": -36.05499092512298, "params": {"C": 58.95160225594386, "epsilon": 24.561313585712483, "gamma": 0.0006883721295091854, "lamda": 0.04730392674619305}, "datetime": {"datetime": "2021-10-06 08:39:43", "elapsed": 65938.03133, "delta": 21.828725}}
{"target": -38.40286996062069, "params": {"C": 58.54176563837303, "epsilon": 24.709416670955907, "gamma": 0.16892455558234037, "lamda": 0.010134722737451463}, "datetime": {"datetime": "2021-10-06 08:40:00", "elapsed": 65955.372939, "delta": 17.341609}}
{"target": -34.51446812340567, "params": {"C": 51.78328366484919, "epsilon": 19.295601666777884, "gamma": 0.03844915234589446, "lamda": 0.07113640965215254}, "datetime": {"datetime": "2021-10-06 08:40:19", "elapsed": 65974.648418, "delta": 19.275479}}
{"target": -38.01203335789826, "params": {"C": 58.857719398740805, "epsilon": 24.87691111015304, "gamma": 0.02973116514871424, "lamda": 0.27964391831310664}, "datetime": {"datetime": "2021-10-06 08:40:37", "elapsed": 65992.146322, "delta": 17.497904}}
{"target": -40.248144389052726, "params": {"C": 165.69560354025984, "epsilon": 23.961208009496893, "gamma": 0.1795121870957423, "lamda": 0.009615764354562812}, "datetime": {"datetime": "2021-10-06 08:40:57", "elapsed": 66012.649934, "delta": 20.503612}}
{"target": -43.33015813974849, "params": {"C": 144.23946070621326, "epsilon": 27.903909044105543, "gamma": 0.22785304821713206, "lamda": 0.23131808595350545}, "datetime": {"datetime": "2021-10-06 08:41:05", "elapsed": 66020.050012, "delta": 7.400078}}
{"target": -35.66876890250539, "params": {"C": 51.75444672966415, "epsilon": 18.952347865501107, "gamma": 0.06632209042643886, "lamda": 0.08710997220041958}, "datetime": {"datetime": "2021-10-06 08:41:47", "elapsed": 66062.481672, "delta": 42.43166}}
{"target": -36.74498428473258, "params": {"C": 138.06407371785787, "epsilon": 28.456285420090094, "gamma": 0.0001, "lamda": 0.0001}, "datetime": {"datetime": "2021-10-06 08:42:24", "elapsed": 66098.879772, "delta": 36.3981}}
{"target": -38.2262450252057, "params": {"C": 51.62779226245593, "epsilon": 19.59601033657749, "gamma": 0.13688422509420134, "lamda": 0.07324813297296512}, "datetime": {"datetime": "2021-10-06 08:42:57", "elapsed": 66131.823193, "delta": 32.943421}}
{"target": -43.61449734713037, "params": {"C": 166.80188483113733, "epsilon": 5.758599063830592, "gamma": 0.19253083201879276, "lamda": 0.05568477259279856}, "datetime": {"datetime": "2021-10-06 08:43:04", "elapsed": 66139.314769, "delta": 7.491576}}
{"target": -35.819632226084515, "params": {"C": 5.089602559579379, "epsilon": 28.495575738127904, "gamma": 0.0372660297332009, "lamda": 0.2026580866282476}, "datetime": {"datetime": "2021-10-06 08:43:14", "elapsed": 66148.743124, "delta": 9.428355}}
{"target": -45.15468195046387, "params": {"C": 51.35040283411522, "epsilon": 19.35643531163069, "gamma": 0.2685817046642417, "lamda": 0.164301037159197}, "datetime": {"datetime": "2021-10-06 08:43:42", "elapsed": 66177.092342, "delta": 28.349218}}
{"target": -55.83900746580148, "params": {"C": 89.54637006201979, "epsilon": 12.05971676414889, "gamma": 0.334581735173565, "lamda": 0.3083494916666068}, "datetime": {"datetime": "2021-10-06 08:43:49", "elapsed": 66183.823715, "delta": 6.731373}}
{"target": -46.670390979075634, "params": {"C": 4.905402123415163, "epsilon": 28.48998357746096, "gamma": 0.3705614748613826, "lamda": 0.20609729197191778}, "datetime": {"datetime": "2021-10-06 08:44:20", "elapsed": 66215.274933, "delta": 31.451218}}
{"target": -42.708979301244874, "params": {"C": 83.98737893581223, "epsilon": 32.20324493442158, "gamma": 0.00010913854790585645, "lamda": 0.06053628126910478}, "datetime": {"datetime": "2021-10-06 08:44:25", "elapsed": 0.0, "delta": 0.0}}
{"target": -33.499542792662176, "params": {"C": 30.204422272605495, "epsilon": 25.92338594768798, "gamma": 0.014982190889075904, "lamda": 0.06917758933590526}, "datetime": {"datetime": "2021-10-06 08:44:26", "elapsed": 0.270856, "delta": 0.270856}}
{"target": -33.670622801699544, "params": {"C": 79.95672737190331, "epsilon": 30.38816734003357, "gamma": 0.033593641700823254, "lamda": 0.13707537812931223}, "datetime": {"datetime": "2021-10-06 08:44:26", "elapsed": 0.484099, "delta": 0.213243}}
{"target": -34.65340414633498, "params": {"C": 41.68599769657197, "epsilon": 33.78117436390946, "gamma": 0.0022882686965143, "lamda": 0.1341264552846626}, "datetime": {"datetime": "2021-10-06 08:44:26", "elapsed": 0.797055, "delta": 0.312956}}
{"target": -33.146087493031665, "params": {"C": 84.04365567105826, "epsilon": 30.58689828445752, "gamma": 0.011316916393759178, "lamda": 0.039700487668067275}, "datetime": {"datetime": "2021-10-06 08:44:26", "elapsed": 1.022729, "delta": 0.225674}}
{"target": -33.28668869310128, "params": {"C": 160.3481691664318, "epsilon": 34.68261575719397, "gamma": 0.0251425918349235, "lamda": 0.1384952908722959}, "datetime": {"datetime": "2021-10-06 08:44:27", "elapsed": 1.238699, "delta": 0.21597}}
{"target": -33.323875837794745, "params": {"C": 175.40144130691164, "epsilon": 33.94606663503848, "gamma": 0.006895032488445255, "lamda": 0.007907051168253184}, "datetime": {"datetime": "2021-10-06 08:44:27", "elapsed": 1.501792, "delta": 0.263093}}
{"target": -32.9670440057309, "params": {"C": 34.79625349334921, "epsilon": 33.78142503429413, "gamma": 0.007957912023260702, "lamda": 0.08427941423850994}, "datetime": {"datetime": "2021-10-06 08:44:27", "elapsed": 1.724542, "delta": 0.22275}}
{"target": -33.720256950783615, "params": {"C": 191.62001649994988, "epsilon": 30.33165284973017, "gamma": 0.05538098140464282, "lamda": 0.06317157463811199}, "datetime": {"datetime": "2021-10-06 08:44:27", "elapsed": 1.955638, "delta": 0.231096}}
{"target": -36.22606411243399, "params": {"C": 137.61368460863514, "epsilon": 33.34625671897373, "gamma": 0.0015612333598009254, "lamda": 0.150053848557499}, "datetime": {"datetime": "2021-10-06 08:44:28", "elapsed": 2.181455, "delta": 0.225817}}
{"target": -39.27834225367335, "params": {"C": 2.536251340840091, "epsilon": 26.618609342126963, "gamma": 0.05677858583018287, "lamda": 0.15297089811242104}, "datetime": {"datetime": "2021-10-06 08:44:28", "elapsed": 2.482361, "delta": 0.300906}}
{"target": -34.13727644965525, "params": {"C": 89.068906173637, "epsilon": 29.13470707934067, "gamma": 0.043869615168275096, "lamda": 0.14886589615688972}, "datetime": {"datetime": "2021-10-06 08:44:28", "elapsed": 2.899126, "delta": 0.416765}}
