{"target": -49.95551821491793, "params": {"C": 83.98737893581223, "epsilon": 21.889410309822583, "gamma": 0.00014573848945622018, "lamda": 0.12100279579547274}, "datetime": {"datetime": "2021-10-05 14:20:36", "elapsed": 0.0, "delta": 0.0}}
{"target": -43.91009934827027, "params": {"C": 30.204422272605495, "epsilon": 3.677819248295136, "gamma": 0.0745854585299306, "lamda": 0.13828973474451478}, "datetime": {"datetime": "2021-10-05 14:20:36", "elapsed": 0.276004, "delta": 0.276004}}
{"target": -46.00438611087026, "params": {"C": 79.95672737190331, "epsilon": 16.62568528609735, "gamma": 0.1677358863098776, "lamda": 0.2741192782086641}, "datetime": {"datetime": "2021-10-05 14:20:36", "elapsed": 0.570322, "delta": 0.294318}}
{"target": -40.51198630154317, "params": {"C": 41.68599769657197, "epsilon": 26.465405655337417, "gamma": 0.011052298519850673, "lamda": 0.26821995732034304}, "datetime": {"datetime": "2021-10-05 14:20:36", "elapsed": 0.86716, "delta": 0.296838}}
{"target": -36.26603955155089, "params": {"C": 84.04365567105826, "epsilon": 17.202005024926798, "gamma": 0.05624073674423399, "lamda": 0.07932078548504304}, "datetime": {"datetime": "2021-10-05 14:20:37", "elapsed": 1.090972, "delta": 0.223812}}
{"target": -40.04241454134432, "params": {"C": 160.3481691664318, "epsilon": 29.079585695862527, "gamma": 0.12543832884588121, "lamda": 0.2769598140061587}, "datetime": {"datetime": "2021-10-05 14:20:37", "elapsed": 1.339898, "delta": 0.248926}}
{"target": -34.38541533913123, "params": {"C": 175.40144130691164, "epsilon": 26.943593241611573, "gamma": 0.03410918012677419, "lamda": 0.015718007814829658}, "datetime": {"datetime": "2021-10-05 14:20:37", "elapsed": 1.593783, "delta": 0.253885}}
{"target": -35.99656909034574, "params": {"C": 34.79625349334921, "epsilon": 26.46613259945298, "gamma": 0.03942889884983674, "lamda": 0.16850093923952036}, "datetime": {"datetime": "2021-10-05 14:20:37", "elapsed": 1.809599, "delta": 0.215816}}
{"target": -42.966021208090346, "params": {"C": 191.62001649994988, "epsilon": 16.461793264217494, "gamma": 0.27678165786879433, "lamda": 0.12627470083932457}, "datetime": {"datetime": "2021-10-05 14:20:38", "elapsed": 2.051971, "delta": 0.242372}}
{"target": -43.32936171126185, "params": {"C": 137.61368460863514, "epsilon": 25.204144485023814, "gamma": 0.007413482109942304, "lamda": 0.3000827115464925}, "datetime": {"datetime": "2021-10-05 14:20:38", "elapsed": 2.280548, "delta": 0.228577}}
{"target": -38.44947309811893, "params": {"C": 160.62401441515257, "epsilon": 28.881778812123063, "gamma": 0.10569894733747391, "lamda": 0.23394877084581608}, "datetime": {"datetime": "2021-10-05 14:20:38", "elapsed": 2.594034, "delta": 0.313486}}
{"target": -45.10146240547505, "params": {"C": 175.12648774025902, "epsilon": 25.962924779693267, "gamma": 0.2805627269825714, "lamda": 0.27584955976712183}, "datetime": {"datetime": "2021-10-05 14:20:39", "elapsed": 3.031171, "delta": 0.437137}}
{"target": -37.353018261409666, "params": {"C": 175.16693059812445, "epsilon": 27.025541087403138, "gamma": 0.09370545886583538, "lamda": 0.18689413091265158}, "datetime": {"datetime": "2021-10-05 14:20:39", "elapsed": 3.441961, "delta": 0.41079}}
{"target": -39.71622609863213, "params": {"C": 160.74265293024732, "epsilon": 28.74842065491325, "gamma": 0.2899354708174397, "lamda": 0.08636139045324787}, "datetime": {"datetime": "2021-10-05 14:20:39", "elapsed": 3.735375, "delta": 0.293414}}
{"target": -41.93814957941869, "params": {"C": 175.99854794198265, "epsilon": 27.371237037031136, "gamma": 0.2953545600052257, "lamda": 0.15432099197251825}, "datetime": {"datetime": "2021-10-05 14:20:40", "elapsed": 4.064889, "delta": 0.329514}}
{"target": -39.41690744093119, "params": {"C": 160.76531042071466, "epsilon": 28.86404885784211, "gamma": 0.30761433109899905, "lamda": 0.016037711827802687}, "datetime": {"datetime": "2021-10-05 14:20:40", "elapsed": 4.37299, "delta": 0.308101}}
{"target": -40.927719488103996, "params": {"C": 34.60761388521597, "epsilon": 25.92990371913683, "gamma": 0.13187126597250376, "lamda": 0.26491708650072526}, "datetime": {"datetime": "2021-10-05 14:20:40", "elapsed": 4.683326, "delta": 0.310336}}
{"target": -45.56985020383043, "params": {"C": 65.65027651840339, "epsilon": 19.437661069388025, "gamma": 0.16026199323343102, "lamda": 0.30064676448585037}, "datetime": {"datetime": "2021-10-05 14:20:41", "elapsed": 5.015574, "delta": 0.332248}}
{"target": -37.2420134309317, "params": {"C": 35.296002095524855, "epsilon": 26.74643207897548, "gamma": 0.16991616151617878, "lamda": 0.0191569578061818}, "datetime": {"datetime": "2021-10-05 14:20:41", "elapsed": 5.351862, "delta": 0.336288}}
{"target": -40.12822617953435, "params": {"C": 34.42114706466781, "epsilon": 25.961646959217752, "gamma": 0.15153151374059445, "lamda": 0.2160404524847274}, "datetime": {"datetime": "2021-10-05 14:20:41", "elapsed": 5.657895, "delta": 0.306033}}
{"target": -45.9650702038897, "params": {"C": 2.8832667795651803, "epsilon": 16.955922770274398, "gamma": 0.06487911169505879, "lamda": 0.19117189974906096}, "datetime": {"datetime": "2021-10-05 14:20:42", "elapsed": 6.056827, "delta": 0.398932}}
{"target": -34.75991292316935, "params": {"C": 34.41392045548617, "epsilon": 27.237362132287696, "gamma": 0.017044984962967302, "lamda": 0.10504877048843847}, "datetime": {"datetime": "2021-10-05 14:20:42", "elapsed": 6.404702, "delta": 0.347875}}
{"target": -46.208277096223824, "params": {"C": 35.248101902616305, "epsilon": 27.744097476198935, "gamma": 0.3271261484040552, "lamda": 0.30702227976664576}, "datetime": {"datetime": "2021-10-05 14:20:42", "elapsed": 6.712643, "delta": 0.307941}}
{"target": -41.02970592893402, "params": {"C": 34.08041244438256, "epsilon": 26.79605194088194, "gamma": 0.13261065958051307, "lamda": 0.27778255400159196}, "datetime": {"datetime": "2021-10-05 14:20:43", "elapsed": 7.063087, "delta": 0.350444}}
{"target": -37.58547364939041, "params": {"C": 84.58973164320318, "epsilon": 17.160985773421086, "gamma": 0.06619329744312037, "lamda": 0.13032049531626583}, "datetime": {"datetime": "2021-10-05 14:20:43", "elapsed": 7.401766, "delta": 0.338679}}
{"target": -39.15231005819153, "params": {"C": 34.63361932467358, "epsilon": 26.97622873111832, "gamma": 0.25618627173797015, "lamda": 0.005346090917177669}, "datetime": {"datetime": "2021-10-05 14:20:43", "elapsed": 7.768255, "delta": 0.366489}}
{"target": -53.52024109464719, "params": {"C": 36.976915415865356, "epsilon": 8.881367540342811, "gamma": 0.32143589299901487, "lamda": 0.2592506135829928}, "datetime": {"datetime": "2021-10-05 14:20:44", "elapsed": 8.105409, "delta": 0.337154}}
{"target": -38.70615514148506, "params": {"C": 84.49467389743083, "epsilon": 17.88546700900311, "gamma": 0.16001216889931508, "lamda": 0.09310110893901191}, "datetime": {"datetime": "2021-10-05 14:20:44", "elapsed": 8.455349, "delta": 0.34994}}
{"target": -52.8860146336453, "params": {"C": 83.47089445011636, "epsilon": 16.90811328798617, "gamma": 0.3882999180163991, "lamda": 0.3216331765958141}, "datetime": {"datetime": "2021-10-05 14:20:44", "elapsed": 8.792173, "delta": 0.336824}}
{"target": -39.40168036565396, "params": {"C": 163.79034785332243, "epsilon": 5.742274650231612, "gamma": 0.006111783677831541, "lamda": 0.06447938456675852}, "datetime": {"datetime": "2021-10-05 14:20:45", "elapsed": 9.206732, "delta": 0.414559}}
{"target": -39.13487237851602, "params": {"C": 33.75288339667859, "epsilon": 27.69783527515061, "gamma": 0.2699318814220093, "lamda": 0.03318838466334685}, "datetime": {"datetime": "2021-10-05 14:20:45", "elapsed": 9.605736, "delta": 0.399004}}
{"target": -40.44925002813175, "params": {"C": 179.9008076329755, "epsilon": 14.114364015417454, "gamma": 0.1597460243926918, "lamda": 0.12468013087671141}, "datetime": {"datetime": "2021-10-05 14:20:46", "elapsed": 9.949978, "delta": 0.344242}}
{"target": -36.18165461449648, "params": {"C": 34.13719932226409, "epsilon": 27.612945461043186, "gamma": 0.02097539304902701, "lamda": 0.18127793615603105}, "datetime": {"datetime": "2021-10-05 14:20:46", "elapsed": 10.293293, "delta": 0.343315}}
{"target": -39.357119553730655, "params": {"C": 35.56641351561999, "epsilon": 26.1639506559956, "gamma": 0.017438042365757186, "lamda": 0.2648448995889109}, "datetime": {"datetime": "2021-10-05 14:20:46", "elapsed": 10.667006, "delta": 0.373713}}
{"target": -41.074530334269426, "params": {"C": 161.311578945615, "epsilon": 29.115098956796757, "gamma": 0.0746430388419416, "lamda": 0.3689773564395415}, "datetime": {"datetime": "2021-10-05 14:20:47", "elapsed": 11.064492, "delta": 0.397486}}
{"target": -39.160103109698184, "params": {"C": 175.89971673139175, "epsilon": 26.656372979076725, "gamma": 0.050813459923833834, "lamda": 0.28831772423869284}, "datetime": {"datetime": "2021-10-05 14:20:47", "elapsed": 11.486164, "delta": 0.421672}}
{"target": -48.56420851361379, "params": {"C": 108.31364078721656, "epsilon": 12.370109437476245, "gamma": 0.3749054327068917, "lamda": 0.16871883425246223}, "datetime": {"datetime": "2021-10-05 14:20:47", "elapsed": 11.84901, "delta": 0.362846}}
{"target": -49.87465979328908, "params": {"C": 98.21130674148469, "epsilon": 2.861650380973036, "gamma": 0.13192172987882864, "lamda": 0.25610831154350006}, "datetime": {"datetime": "2021-10-05 14:20:48", "elapsed": 12.205831, "delta": 0.356821}}
{"target": -50.9927254191273, "params": {"C": 164.65840618707358, "epsilon": 6.573378972425612, "gamma": 0.25796136827297417, "lamda": 0.24206038924862328}, "datetime": {"datetime": "2021-10-05 14:20:48", "elapsed": 12.5753, "delta": 0.369469}}
{"target": -59.11395371637279, "params": {"C": 131.35760035291713, "epsilon": 7.314770246200758, "gamma": 0.2810917956903496, "lamda": 0.36280837256951387}, "datetime": {"datetime": "2021-10-05 14:20:49", "elapsed": 12.938051, "delta": 0.362751}}
{"target": -54.764068357506254, "params": {"C": 162.80700832300974, "epsilon": 5.10649488332735, "gamma": 0.30354994918349004, "lamda": 0.2695691146866632}, "datetime": {"datetime": "2021-10-05 14:20:49", "elapsed": 13.336377, "delta": 0.398326}}
{"target": -43.946130877544334, "params": {"C": 181.11852654479463, "epsilon": 13.883930117910273, "gamma": 0.3967832652386641, "lamda": 0.0676030419509263}, "datetime": {"datetime": "2021-10-05 14:20:49", "elapsed": 13.85221, "delta": 0.515833}}
{"target": -48.39654842431788, "params": {"C": 84.9987080504026, "epsilon": 16.09771797965213, "gamma": 0.0001, "lamda": 0.0001}, "datetime": {"datetime": "2021-10-05 14:20:52", "elapsed": 16.035848, "delta": 2.183638}}
{"target": -47.38835425167443, "params": {"C": 179.0907158145332, "epsilon": 13.260779176016495, "gamma": 0.1328976703791742, "lamda": 0.2874185687841811}, "datetime": {"datetime": "2021-10-05 14:20:52", "elapsed": 16.432607, "delta": 0.396759}}
{"target": -35.55482658980327, "params": {"C": 83.64159869241998, "epsilon": 18.35123376424451, "gamma": 0.024424388622201507, "lamda": 0.014352759410764526}, "datetime": {"datetime": "2021-10-05 14:20:52", "elapsed": 16.832254, "delta": 0.399647}}
{"target": -37.563823394092005, "params": {"C": 83.18759122126751, "epsilon": 19.14934979481913, "gamma": 0.0862733995313504, "lamda": 0.12803650567826966}, "datetime": {"datetime": "2021-10-05 14:20:53", "elapsed": 17.218726, "delta": 0.386472}}
{"target": -46.868980491201704, "params": {"C": 84.16876848979982, "epsilon": 19.31578707230889, "gamma": 0.1627190140325502, "lamda": 0.32956479750135564}, "datetime": {"datetime": "2021-10-05 14:20:53", "elapsed": 17.596524, "delta": 0.377798}}
{"target": -40.59395823655932, "params": {"C": 82.50209196855234, "epsilon": 18.371164181022714, "gamma": 0.02167399627390863, "lamda": 0.22546557876414208}, "datetime": {"datetime": "2021-10-05 14:20:54", "elapsed": 18.0535, "delta": 0.456976}}
{"target": -49.94248701418087, "params": {"C": 81.76893305165366, "epsilon": 19.39980050105392, "gamma": 0.3684536497959777, "lamda": 0.2792452931128309}, "datetime": {"datetime": "2021-10-05 14:20:54", "elapsed": 18.488913, "delta": 0.435413}}
{"target": -44.28103567052267, "params": {"C": 83.27157426528197, "epsilon": 18.27189067882919, "gamma": 0.3730814884755337, "lamda": 0.10716587866558376}, "datetime": {"datetime": "2021-10-05 14:20:54", "elapsed": 18.930173, "delta": 0.44126}}
{"target": -40.22311253207796, "params": {"C": 34.23485903759235, "epsilon": 28.534250986614484, "gamma": 0.0038421307831256004, "lamda": 0.17501230316343636}, "datetime": {"datetime": "2021-10-05 14:20:55", "elapsed": 19.314412, "delta": 0.384239}}
{"target": -36.16102324364, "params": {"C": 33.27991644059195, "epsilon": 28.748787574288485, "gamma": 0.1339783359180112, "lamda": 0.02863270956790436}, "datetime": {"datetime": "2021-10-05 14:20:55", "elapsed": 19.758863, "delta": 0.444451}}
{"target": -41.58466845680071, "params": {"C": 32.428918196727395, "epsilon": 28.38615215330354, "gamma": 0.3164916017117155, "lamda": 0.12823157844602998}, "datetime": {"datetime": "2021-10-05 14:20:56", "elapsed": 20.166517, "delta": 0.407654}}
{"target": -45.25821072368011, "params": {"C": 33.053145672563865, "epsilon": 29.392803996185616, "gamma": 0.3492568126027515, "lamda": 0.275106635269012}, "datetime": {"datetime": "2021-10-05 14:20:56", "elapsed": 20.61148, "delta": 0.444963}}
{"target": -42.047847111704016, "params": {"C": 42.04696864456678, "epsilon": 27.52394980369518, "gamma": 0.13127759576766615, "lamda": 0.32643719353784084}, "datetime": {"datetime": "2021-10-05 14:20:57", "elapsed": 21.054614, "delta": 0.443134}}
{"target": -46.81713547624725, "params": {"C": 160.34302193035396, "epsilon": 29.068640053618683, "gamma": 0.31750892199364894, "lamda": 0.37040792071460754}, "datetime": {"datetime": "2021-10-05 14:20:57", "elapsed": 21.439925, "delta": 0.385311}}
{"target": -35.12471495553102, "params": {"C": 33.56936694413054, "epsilon": 28.45135941962315, "gamma": 0.07529735116922709, "lamda": 0.11941504448096886}, "datetime": {"datetime": "2021-10-05 14:20:57", "elapsed": 21.874021, "delta": 0.434096}}
{"target": -40.62397455586538, "params": {"C": 179.78142039023982, "epsilon": 14.068777324962792, "gamma": 0.08139119174455761, "lamda": 0.18325638662105678}, "datetime": {"datetime": "2021-10-05 14:20:58", "elapsed": 22.274035, "delta": 0.400014}}
{"target": -47.76032329366136, "params": {"C": 58.026503878447066, "epsilon": 4.0121462209340875, "gamma": 0.3414412060931595, "lamda": 0.05654690351702917}, "datetime": {"datetime": "2021-10-05 14:20:58", "elapsed": 22.710893, "delta": 0.436858}}
{"target": -35.38928528009521, "params": {"C": 33.02618994790376, "epsilon": 27.950507556232985, "gamma": 0.09752444122440279, "lamda": 0.0318336768323277}, "datetime": {"datetime": "2021-10-05 14:20:59", "elapsed": 23.110654, "delta": 0.399761}}
{"target": -35.21260924702718, "params": {"C": 187.89865575580612, "epsilon": 29.184856385867302, "gamma": 0.09934691200519667, "lamda": 0.05546925423959523}, "datetime": {"datetime": "2021-10-05 14:20:59", "elapsed": 23.520417, "delta": 0.409763}}
{"target": -37.40389057503734, "params": {"C": 187.4538265617903, "epsilon": 28.66519329295788, "gamma": 0.028971983791659262, "lamda": 0.24714985794270916}, "datetime": {"datetime": "2021-10-05 14:21:00", "elapsed": 23.941609, "delta": 0.421192}}
{"target": -38.98817631356212, "params": {"C": 187.34388392965886, "epsilon": 29.584115363002006, "gamma": 0.1519260505304468, "lamda": 0.2107795528629414}, "datetime": {"datetime": "2021-10-05 14:21:00", "elapsed": 24.421771, "delta": 0.480162}}
{"target": -38.66875490498932, "params": {"C": 188.05926312020964, "epsilon": 28.20963773192564, "gamma": 0.08762296585875998, "lamda": 0.2568756069740738}, "datetime": {"datetime": "2021-10-05 14:21:00", "elapsed": 24.880526, "delta": 0.458755}}
{"target": -40.66196341664289, "params": {"C": 32.64477353282375, "epsilon": 14.874657069984087, "gamma": 0.20272589398536, "lamda": 0.0485432448920989}, "datetime": {"datetime": "2021-10-05 14:21:01", "elapsed": 25.312994, "delta": 0.432468}}
{"target": -39.69303901630233, "params": {"C": 188.81496488098526, "epsilon": 29.014779278787685, "gamma": 0.1347633320414024, "lamda": 0.25560423429801676}, "datetime": {"datetime": "2021-10-05 14:21:01", "elapsed": 25.752178, "delta": 0.439184}}
{"target": -39.914683089977245, "params": {"C": 188.2180631799289, "epsilon": 29.84957538410464, "gamma": 0.31843396558856446, "lamda": 0.07826998733458253}, "datetime": {"datetime": "2021-10-05 14:21:02", "elapsed": 26.189212, "delta": 0.437034}}
{"target": -46.97586995293872, "params": {"C": 33.153678775485616, "epsilon": 28.2608568213039, "gamma": 0.28320617304883455, "lamda": 0.3897677208869751}, "datetime": {"datetime": "2021-10-05 14:21:02", "elapsed": 26.629734, "delta": 0.440522}}
{"target": -41.62980641583587, "params": {"C": 187.92255075742477, "epsilon": 28.778482685080746, "gamma": 0.4, "lamda": 0.0001}, "datetime": {"datetime": "2021-10-05 14:21:03", "elapsed": 27.461039, "delta": 0.831305}}
{"target": -40.075866586246676, "params": {"C": 33.77176916319034, "epsilon": 28.876652674073508, "gamma": 0.3575192170532181, "lamda": 0.021476900781602953}, "datetime": {"datetime": "2021-10-05 14:21:04", "elapsed": 27.984375, "delta": 0.523336}}
{"target": -47.51638090468081, "params": {"C": 160.06374975325346, "epsilon": 8.888651482895327, "gamma": 0.27948584804388554, "lamda": 0.17761691510703492}, "datetime": {"datetime": "2021-10-05 14:21:04", "elapsed": 28.408584, "delta": 0.424209}}
{"target": -46.06753280485218, "params": {"C": 186.8264208600043, "epsilon": 28.695141346158735, "gamma": 0.3001884337002347, "lamda": 0.34302537493515795}, "datetime": {"datetime": "2021-10-05 14:21:04", "elapsed": 28.928558, "delta": 0.519974}}
{"target": -38.94834471005588, "params": {"C": 83.96758900200922, "epsilon": 18.58778351845958, "gamma": 0.02578265841470608, "lamda": 0.1906074643230453}, "datetime": {"datetime": "2021-10-05 14:21:05", "elapsed": 29.491477, "delta": 0.562919}}
{"target": -60.9688942827367, "params": {"C": 108.4456412359913, "epsilon": 10.31658877601187, "gamma": 0.3348948358006658, "lamda": 0.3958377401249541}, "datetime": {"datetime": "2021-10-05 14:21:05", "elapsed": 29.900052, "delta": 0.408575}}
{"target": -52.80129676177579, "params": {"C": 160.1371511269655, "epsilon": 12.125076319330951, "gamma": 0.3134627426354154, "lamda": 0.28568103633116465}, "datetime": {"datetime": "2021-10-05 14:21:06", "elapsed": 30.326583, "delta": 0.426531}}
{"target": -35.14645272939351, "params": {"C": 32.66820156976635, "epsilon": 27.771244156981513, "gamma": 0.005225808975723077, "lamda": 0.003244989455258808}, "datetime": {"datetime": "2021-10-05 14:21:06", "elapsed": 30.867174, "delta": 0.540591}}
{"target": -35.00777986333365, "params": {"C": 32.16550447842383, "epsilon": 27.60263712997859, "gamma": 0.0707907431743943, "lamda": 0.027903957512369473}, "datetime": {"datetime": "2021-10-05 14:21:07", "elapsed": 31.364158, "delta": 0.496984}}
{"target": -50.896047581842794, "params": {"C": 114.41268961404243, "epsilon": 2.010090193880088, "gamma": 0.33542227349842685, "lamda": 0.21618210582431813}, "datetime": {"datetime": "2021-10-05 14:21:07", "elapsed": 31.825983, "delta": 0.461825}}
{"target": -41.799160400453076, "params": {"C": 32.82134495168387, "epsilon": 27.241103696534164, "gamma": 0.11438254596338623, "lamda": 0.3307854463252272}, "datetime": {"datetime": "2021-10-05 14:21:08", "elapsed": 32.320168, "delta": 0.494185}}
{"target": -44.61854934982249, "params": {"C": 190.71689763881702, "epsilon": 23.219372931337077, "gamma": 0.39988751782096854, "lamda": 0.13461481797008681}, "datetime": {"datetime": "2021-10-05 14:21:08", "elapsed": 32.741508, "delta": 0.42134}}
{"target": -38.903763680939015, "params": {"C": 31.574608588217586, "epsilon": 27.039944314611795, "gamma": 0.07823954639376757, "lamda": 0.26272415687632167}, "datetime": {"datetime": "2021-10-05 14:21:09", "elapsed": 33.131696, "delta": 0.390188}}
{"target": -36.572869432231855, "params": {"C": 31.392458158981494, "epsilon": 28.062950251795012, "gamma": 0.03706527172706904, "lamda": 0.21007052387366967}, "datetime": {"datetime": "2021-10-05 14:21:09", "elapsed": 33.68904, "delta": 0.557344}}
{"target": -46.052358693280695, "params": {"C": 105.93262762868655, "epsilon": 24.43406779808539, "gamma": 0.31602085245158157, "lamda": 0.25732356019118224}, "datetime": {"datetime": "2021-10-05 14:21:10", "elapsed": 34.131117, "delta": 0.442077}}
{"target": -39.371478275760516, "params": {"C": 161.38358754313438, "epsilon": 29.057875365754494, "gamma": 0.1360429182133201, "lamda": 0.24084756030866344}, "datetime": {"datetime": "2021-10-05 14:21:10", "elapsed": 34.567939, "delta": 0.436822}}
{"target": -45.76602618700464, "params": {"C": 31.423703269432533, "epsilon": 27.572921161713182, "gamma": 0.3539723918823366, "lamda": 0.26496291839111186}, "datetime": {"datetime": "2021-10-05 14:21:11", "elapsed": 35.186167, "delta": 0.618228}}
{"target": -37.805082769596005, "params": {"C": 32.28849339422776, "epsilon": 26.671877902367225, "gamma": 0.18869045619845579, "lamda": 0.07860600911003172}, "datetime": {"datetime": "2021-10-05 14:21:11", "elapsed": 35.737788, "delta": 0.551621}}
{"target": -43.673218215109344, "params": {"C": 31.069808861889108, "epsilon": 28.57786944038567, "gamma": 0.29134614688236016, "lamda": 0.23943254284946383}, "datetime": {"datetime": "2021-10-05 14:21:12", "elapsed": 36.382624, "delta": 0.644836}}
{"target": -42.925563585905984, "params": {"C": 121.21987649289818, "epsilon": 21.011822402445798, "gamma": 0.2609246145673635, "lamda": 0.166096098181195}, "datetime": {"datetime": "2021-10-05 14:21:12", "elapsed": 36.832305, "delta": 0.449681}}
{"target": -49.192175133782605, "params": {"C": 161.716180495912, "epsilon": 28.45764341705337, "gamma": 0.0005801796528846924, "lamda": 0.34416576860529846}, "datetime": {"datetime": "2021-10-05 14:21:13", "elapsed": 37.397023, "delta": 0.564718}}
