{"target": -34.12446027870641, "params": {"C": 212.3171309620122, "epsilon": 35.548934520424126, "gamma": 0.013815107473274815, "lamda": 0.09675368492984177}, "datetime": {"datetime": "2021-10-06 09:28:52", "elapsed": 42.576516, "delta": 0.617113}}
{"target": -34.32880818893654, "params": {"C": 106.1255177327855, "epsilon": 37.374748261494915, "gamma": 0.010105353439031968, "lamda": 0.05840178469538536}, "datetime": {"datetime": "2021-10-06 09:28:53", "elapsed": 43.074247, "delta": 0.497731}}
{"target": -33.86918488943323, "params": {"C": 213.7058905139275, "epsilon": 34.26734591144368, "gamma": 0.022450879585434416, "lamda": 0.10780066461009413}, "datetime": {"datetime": "2021-10-06 09:28:53", "elapsed": 43.555734, "delta": 0.481487}}
{"target": -33.748551308384386, "params": {"C": 121.77215396716095, "epsilon": 34.53070573699528, "gamma": 0.0195915030861872, "lamda": 0.05900877734617342}, "datetime": {"datetime": "2021-10-06 09:28:54", "elapsed": 44.09659, "delta": 0.540856}}
{"target": -34.11895526654099, "params": {"C": 163.02464763941495, "epsilon": 33.53031564442992, "gamma": 0.0171432180816841, "lamda": 0.11432969809172679}, "datetime": {"datetime": "2021-10-06 09:28:54", "elapsed": 44.627102, "delta": 0.530512}}
{"target": -33.88176381005046, "params": {"C": 124.32585172782026, "epsilon": 34.013501793915545, "gamma": 0.025970087272484267, "lamda": 0.10996648530870812}, "datetime": {"datetime": "2021-10-06 09:28:55", "elapsed": 45.144193, "delta": 0.517091}}
{"target": -33.75159103522877, "params": {"C": 92.97849080621552, "epsilon": 35.30025078742241, "gamma": 0.018874809397305452, "lamda": 0.05390750186636192}, "datetime": {"datetime": "2021-10-06 09:28:55", "elapsed": 45.761686, "delta": 0.617493}}
{"target": -33.960362782805035, "params": {"C": 265.4262584016261, "epsilon": 36.99526297307085, "gamma": 0.015779928715757636, "lamda": 0.08038417850044068}, "datetime": {"datetime": "2021-10-06 09:28:56", "elapsed": 46.328143, "delta": 0.566457}}
{"target": -33.727895307794654, "params": {"C": 185.887297573318, "epsilon": 34.596650732338745, "gamma": 0.023256103083020112, "lamda": 0.08946899598889091}, "datetime": {"datetime": "2021-10-06 09:28:57", "elapsed": 46.86704, "delta": 0.538897}}
{"target": -34.05606856858023, "params": {"C": 185.00632944279195, "epsilon": 37.39416929875174, "gamma": 0.015608277962139386, "lamda": 0.09539730228290505}, "datetime": {"datetime": "2021-10-06 09:28:57", "elapsed": 47.396649, "delta": 0.529609}}
{"target": -33.834968393280704, "params": {"C": 266.7385729693728, "epsilon": 37.3542230330132, "gamma": 0.021033287742891604, "lamda": 0.10532548359899832}, "datetime": {"datetime": "2021-10-06 09:28:58", "elapsed": 47.93818, "delta": 0.541531}}
{"target": -33.7361109341991, "params": {"C": 101.69044532628727, "epsilon": 35.32289875794258, "gamma": 0.01966340969692188, "lamda": 0.06793574841599175}, "datetime": {"datetime": "2021-10-06 09:28:58", "elapsed": 48.455485, "delta": 0.517305}}
{"target": -33.82199334747363, "params": {"C": 100.20053584767632, "epsilon": 35.99007044420615, "gamma": 0.018695671452664986, "lamda": 0.09009820323894713}, "datetime": {"datetime": "2021-10-06 09:28:59", "elapsed": 49.002567, "delta": 0.547082}}
{"target": -34.177009541587815, "params": {"C": 70.8875345517379, "epsilon": 33.479727214771, "gamma": 0.01627769038491915, "lamda": 0.11447265513768727}, "datetime": {"datetime": "2021-10-06 09:28:59", "elapsed": 49.537092, "delta": 0.534525}}
{"target": -33.9079890695122, "params": {"C": 350.85387613726454, "epsilon": 37.615020157352404, "gamma": 0.02058447363816527, "lamda": 0.11351204155658123}, "datetime": {"datetime": "2021-10-06 09:29:00", "elapsed": 50.088261, "delta": 0.551169}}
{"target": -33.806417674570824, "params": {"C": 240.3895288100397, "epsilon": 37.42933707380012, "gamma": 0.01903344978516086, "lamda": 0.08243830743549346}, "datetime": {"datetime": "2021-10-06 09:29:00", "elapsed": 50.654733, "delta": 0.566472}}
{"target": -33.87323705970758, "params": {"C": 83.28639325481429, "epsilon": 36.47620827020281, "gamma": 0.0162436967683523, "lamda": 0.05121117978289975}, "datetime": {"datetime": "2021-10-06 09:29:01", "elapsed": 51.272174, "delta": 0.617441}}
{"target": -33.72701882352621, "params": {"C": 310.91210048852486, "epsilon": 35.571419936525956, "gamma": 0.021570768111496875, "lamda": 0.07560706877491988}, "datetime": {"datetime": "2021-10-06 09:29:01", "elapsed": 51.843455, "delta": 0.571281}}
{"target": -33.821635701364094, "params": {"C": 93.89706728210265, "epsilon": 33.408448968439, "gamma": 0.028654484267880344, "lamda": 0.07520228448415382}, "datetime": {"datetime": "2021-10-06 09:29:02", "elapsed": 52.390347, "delta": 0.546892}}
{"target": -33.77669844771785, "params": {"C": 62.77880482714116, "epsilon": 34.12927303393155, "gamma": 0.02876356058136431, "lamda": 0.09156866516540606}, "datetime": {"datetime": "2021-10-06 09:29:03", "elapsed": 52.960505, "delta": 0.570158}}
{"target": -33.809566118391444, "params": {"C": 243.8788111831864, "epsilon": 37.054247957481905, "gamma": 0.022771648302744533, "lamda": 0.1085464227276077}, "datetime": {"datetime": "2021-10-06 09:29:03", "elapsed": 53.539726, "delta": 0.579221}}
{"target": -33.72913199794796, "params": {"C": 239.77687309714477, "epsilon": 36.957146827447666, "gamma": 0.023641169746924113, "lamda": 0.09371356697173476}, "datetime": {"datetime": "2021-10-06 09:29:04", "elapsed": 54.156835, "delta": 0.617109}}
{"target": -33.727260983382564, "params": {"C": 125.98958988533109, "epsilon": 36.761368200265345, "gamma": 0.026528286854643736, "lamda": 0.09350547896419828}, "datetime": {"datetime": "2021-10-06 09:29:04", "elapsed": 54.712753, "delta": 0.555918}}
{"target": -33.86125099256898, "params": {"C": 55.30959461905594, "epsilon": 34.437158866575665, "gamma": 0.017540265411284207, "lamda": 0.08894974436268134}, "datetime": {"datetime": "2021-10-06 09:29:05", "elapsed": 55.228991, "delta": 0.516238}}
{"target": -34.152359598403834, "params": {"C": 156.0907385435911, "epsilon": 36.55742428267298, "gamma": 0.014724590278602227, "lamda": 0.11035064151800364}, "datetime": {"datetime": "2021-10-06 09:29:05", "elapsed": 55.85533, "delta": 0.626339}}
{"target": -33.73899301787612, "params": {"C": 240.30970991707974, "epsilon": 36.04905919744418, "gamma": 0.023814505005490733, "lamda": 0.10038006414871206}, "datetime": {"datetime": "2021-10-06 09:29:06", "elapsed": 56.428711, "delta": 0.573381}}
{"target": -33.76709227867891, "params": {"C": 381.80521255987, "epsilon": 35.34026439661926, "gamma": 0.029385788281207824, "lamda": 0.10386466901117422}, "datetime": {"datetime": "2021-10-06 09:29:07", "elapsed": 56.999356, "delta": 0.570645}}
{"target": -33.73800047905281, "params": {"C": 295.976769387047, "epsilon": 36.138549695161096, "gamma": 0.026776081897434884, "lamda": 0.10307647093475224}, "datetime": {"datetime": "2021-10-06 09:29:07", "elapsed": 57.523801, "delta": 0.524445}}
{"target": -33.78860443076029, "params": {"C": 296.3124923572019, "epsilon": 34.23936918273442, "gamma": 0.02485963392072118, "lamda": 0.053040900082944986}, "datetime": {"datetime": "2021-10-06 09:29:08", "elapsed": 58.195552, "delta": 0.671751}}
{"target": -34.615048445729585, "params": {"C": 358.5221483472024, "epsilon": 34.44044926067024, "gamma": 0.011103476258276082, "lamda": 0.11541862055439345}, "datetime": {"datetime": "2021-10-06 09:29:08", "elapsed": 58.743972, "delta": 0.54842}}
{"target": -34.30330474639227, "params": {"C": 314.34845055759286, "epsilon": 34.650439844472956, "gamma": 0.014070717990101858, "lamda": 0.11610038219425214}, "datetime": {"datetime": "2021-10-06 09:29:09", "elapsed": 59.320832, "delta": 0.57686}}
{"target": -33.84778898521706, "params": {"C": 302.7804594458848, "epsilon": 36.13877521755711, "gamma": 0.0240431782415173, "lamda": 0.11476368253572965}, "datetime": {"datetime": "2021-10-06 09:29:10", "elapsed": 59.930205, "delta": 0.609373}}
{"target": -34.137329713248974, "params": {"C": 173.40209560000338, "epsilon": 33.18332816746346, "gamma": 0.011284950432063649, "lamda": 0.06509256557947994}, "datetime": {"datetime": "2021-10-06 09:29:10", "elapsed": 60.557673, "delta": 0.627468}}
{"target": -33.760889729402535, "params": {"C": 322.7311106833564, "epsilon": 34.56478853563321, "gamma": 0.017520271731645158, "lamda": 0.06821334308588024}, "datetime": {"datetime": "2021-10-06 09:29:11", "elapsed": 61.137211, "delta": 0.579538}}
{"target": -33.731146093532885, "params": {"C": 97.89659980585614, "epsilon": 36.77758946610987, "gamma": 0.025676582466707273, "lamda": 0.08668986710504217}, "datetime": {"datetime": "2021-10-06 09:29:11", "elapsed": 61.761189, "delta": 0.623978}}
{"target": -33.73172082050042, "params": {"C": 191.7352757993043, "epsilon": 35.07548193170166, "gamma": 0.021090901731282016, "lamda": 0.06343828587947395}, "datetime": {"datetime": "2021-10-06 09:29:12", "elapsed": 62.378448, "delta": 0.617259}}
{"target": -34.65445072227084, "params": {"C": 267.62615254474144, "epsilon": 33.47678415850832, "gamma": 0.011390776663372387, "lamda": 0.11656997236202418}, "datetime": {"datetime": "2021-10-06 09:29:13", "elapsed": 62.964357, "delta": 0.585909}}
{"target": -34.23131682128769, "params": {"C": 223.3501334492435, "epsilon": 33.42946624459852, "gamma": 0.011477454022768703, "lamda": 0.08721069113546451}, "datetime": {"datetime": "2021-10-06 09:29:13", "elapsed": 63.597372, "delta": 0.633015}}
{"target": -33.747922747472, "params": {"C": 191.23193672124566, "epsilon": 35.47814930402792, "gamma": 0.023354822934620982, "lamda": 0.0520523137786519}, "datetime": {"datetime": "2021-10-06 09:29:14", "elapsed": 64.182334, "delta": 0.584962}}
{"target": -33.904319885204984, "params": {"C": 201.21944542409003, "epsilon": 36.63329942738297, "gamma": 0.01597355008456252, "lamda": 0.0753382519347378}, "datetime": {"datetime": "2021-10-06 09:29:14", "elapsed": 64.768186, "delta": 0.585852}}
{"target": -33.72904707627107, "params": {"C": 174.37636800999164, "epsilon": 36.00509414567209, "gamma": 0.02524296171141302, "lamda": 0.07619157134250876}, "datetime": {"datetime": "2021-10-06 09:29:15", "elapsed": 65.359823, "delta": 0.591637}}
{"target": -34.01113556233165, "params": {"C": 183.4086199581561, "epsilon": 33.88278202377693, "gamma": 0.020036359760723578, "lamda": 0.11500696202790892}, "datetime": {"datetime": "2021-10-06 09:29:16", "elapsed": 65.967163, "delta": 0.60734}}
{"target": -33.842607166502134, "params": {"C": 226.6539653162591, "epsilon": 34.793857358418926, "gamma": 0.02966107865385191, "lamda": 0.052043619908489325}, "datetime": {"datetime": "2021-10-06 09:29:16", "elapsed": 66.547133, "delta": 0.57997}}
{"target": -33.76037941675288, "params": {"C": 235.215848019629, "epsilon": 33.905190245911804, "gamma": 0.022367619921653398, "lamda": 0.05570663304764816}, "datetime": {"datetime": "2021-10-06 09:29:17", "elapsed": 67.150956, "delta": 0.603823}}
{"target": -34.04520357377188, "params": {"C": 172.50139386814752, "epsilon": 33.99184038354999, "gamma": 0.015890279349404107, "lamda": 0.10435466049872894}, "datetime": {"datetime": "2021-10-06 09:29:17", "elapsed": 67.837494, "delta": 0.686538}}
{"target": -33.9363458781126, "params": {"C": 155.37899014550027, "epsilon": 34.870413722225656, "gamma": 0.016193542911242344, "lamda": 0.08846873578056888}, "datetime": {"datetime": "2021-10-06 09:29:18", "elapsed": 68.454643, "delta": 0.617149}}
{"target": -33.83573479920706, "params": {"C": 38.2563445333125, "epsilon": 37.3049530153761, "gamma": 0.027093618118180278, "lamda": 0.06743183558642825}, "datetime": {"datetime": "2021-10-06 09:29:19", "elapsed": 69.087914, "delta": 0.633271}}
{"target": -34.561065467240255, "params": {"C": 71.75132752220975, "epsilon": 36.18083046492333, "gamma": 0.011212876601937127, "lamda": 0.11791781477548896}, "datetime": {"datetime": "2021-10-06 09:29:19", "elapsed": 69.777269, "delta": 0.689355}}
{"target": -33.9932456763418, "params": {"C": 40.674116962464645, "epsilon": 34.57099952835417, "gamma": 0.01333072497358229, "lamda": 0.05209838450392196}, "datetime": {"datetime": "2021-10-06 09:29:20", "elapsed": 70.44803, "delta": 0.670761}}
{"target": -34.06261076827283, "params": {"C": 385.0136845218004, "epsilon": 34.0079945806821, "gamma": 0.014703154190162297, "lamda": 0.09605485350173801}, "datetime": {"datetime": "2021-10-06 09:29:21", "elapsed": 71.096769, "delta": 0.648739}}
{"target": -33.76173421583976, "params": {"C": 111.47494051674722, "epsilon": 33.76585541074554, "gamma": 0.02302241345479643, "lamda": 0.07542587935295163}, "datetime": {"datetime": "2021-10-06 09:29:21", "elapsed": 71.720821, "delta": 0.624052}}
{"target": -33.71462533819329, "params": {"C": 344.6923721169465, "epsilon": 35.93541381077525, "gamma": 0.02379550120933725, "lamda": 0.08700775187487883}, "datetime": {"datetime": "2021-10-06 09:29:22", "elapsed": 72.42162, "delta": 0.700799}}
{"target": -33.737584229299344, "params": {"C": 252.69421450939268, "epsilon": 36.436092844852695, "gamma": 0.02022712424153565, "lamda": 0.08201252789663993}, "datetime": {"datetime": "2021-10-06 09:29:23", "elapsed": 73.094202, "delta": 0.672582}}
{"target": -34.53628534842973, "params": {"C": 274.28876387309856, "epsilon": 35.007559786778245, "gamma": 0.01144725195462747, "lamda": 0.11495491480529402}, "datetime": {"datetime": "2021-10-06 09:29:23", "elapsed": 73.742952, "delta": 0.64875}}
{"target": -34.18988107195965, "params": {"C": 329.28932617333373, "epsilon": 35.014140857304675, "gamma": 0.014173337755611772, "lamda": 0.10930459769324588}, "datetime": {"datetime": "2021-10-06 09:29:24", "elapsed": 74.414112, "delta": 0.67116}}
{"target": -33.8333958468298, "params": {"C": 390.3806299347985, "epsilon": 33.60771632467151, "gamma": 0.017885834871332405, "lamda": 0.08570450493030846}, "datetime": {"datetime": "2021-10-06 09:29:25", "elapsed": 75.06889, "delta": 0.654778}}
{"target": -34.09965835842234, "params": {"C": 199.5043466347429, "epsilon": 36.92809439632312, "gamma": 0.01641237591996486, "lamda": 0.11590642620633261}, "datetime": {"datetime": "2021-10-06 09:29:25", "elapsed": 75.833225, "delta": 0.764335}}
{"target": -33.8296706838572, "params": {"C": 303.45743044669763, "epsilon": 35.06788376775065, "gamma": 0.02057371419396421, "lamda": 0.10111050212350914}, "datetime": {"datetime": "2021-10-06 09:29:26", "elapsed": 76.472896, "delta": 0.639671}}
{"target": -33.75782788956825, "params": {"C": 135.94177312998704, "epsilon": 34.67680787284674, "gamma": 0.01842782652275668, "lamda": 0.05402693489178155}, "datetime": {"datetime": "2021-10-06 09:29:27", "elapsed": 77.120313, "delta": 0.647417}}
{"target": -34.039083436318876, "params": {"C": 116.37959218327016, "epsilon": 36.12675660713733, "gamma": 0.015497420930620304, "lamda": 0.097638824369513}, "datetime": {"datetime": "2021-10-06 09:29:27", "elapsed": 77.807145, "delta": 0.686832}}
{"target": -34.56964815173369, "params": {"C": 309.0988094786566, "epsilon": 35.58742130173829, "gamma": 0.011304030142626868, "lamda": 0.11744804328174448}, "datetime": {"datetime": "2021-10-06 09:29:28", "elapsed": 78.445666, "delta": 0.638521}}
{"target": -33.75326617568067, "params": {"C": 223.89422271994073, "epsilon": 36.50922105940562, "gamma": 0.025231589155714218, "lamda": 0.1060363999036315}, "datetime": {"datetime": "2021-10-06 09:29:29", "elapsed": 79.081968, "delta": 0.636302}}
{"target": -33.76308901162453, "params": {"C": 298.32553211273785, "epsilon": 34.98803194104287, "gamma": 0.027890212369405906, "lamda": 0.10204856188465966}, "datetime": {"datetime": "2021-10-06 09:29:29", "elapsed": 79.769075, "delta": 0.687107}}
{"target": -33.93875496373692, "params": {"C": 186.82485072258103, "epsilon": 34.15532368823981, "gamma": 0.02470341130666206, "lamda": 0.1153761655323287}, "datetime": {"datetime": "2021-10-06 09:29:30", "elapsed": 80.411233, "delta": 0.642158}}
{"target": -34.16337675454068, "params": {"C": 334.5977726531763, "epsilon": 36.747409610764876, "gamma": 0.015336057589463697, "lamda": 0.1182629153006436}, "datetime": {"datetime": "2021-10-06 09:29:31", "elapsed": 81.078907, "delta": 0.667674}}
{"target": -33.74666607800888, "params": {"C": 316.3635979201944, "epsilon": 36.45528839948608, "gamma": 0.02112416927470666, "lamda": 0.06342373859611733}, "datetime": {"datetime": "2021-10-06 09:29:31", "elapsed": 81.771499, "delta": 0.692592}}
{"target": -33.752615269276056, "params": {"C": 176.68217080726106, "epsilon": 37.74692839225463, "gamma": 0.02347305221476737, "lamda": 0.09112540241582114}, "datetime": {"datetime": "2021-10-06 09:29:32", "elapsed": 82.622671, "delta": 0.851172}}
{"target": -33.860575356333136, "params": {"C": 174.39701134935822, "epsilon": 35.95618918816962, "gamma": 0.02302518066096098, "lamda": 0.11484644368103215}, "datetime": {"datetime": "2021-10-06 09:29:33", "elapsed": 83.39346, "delta": 0.770789}}
{"target": -33.75445602156929, "params": {"C": 194.42140883412517, "epsilon": 34.38030307713043, "gamma": 0.018023229003766388, "lamda": 0.0617575964841858}, "datetime": {"datetime": "2021-10-06 09:29:34", "elapsed": 84.160119, "delta": 0.766659}}
{"target": -34.039921698315865, "params": {"C": 267.0375667573776, "epsilon": 36.42828804175316, "gamma": 0.016912017888117768, "lamda": 0.11033204733964701}, "datetime": {"datetime": "2021-10-06 09:29:34", "elapsed": 84.83132, "delta": 0.671201}}
{"target": -34.01550729588181, "params": {"C": 361.2402762643571, "epsilon": 36.55134732913216, "gamma": 0.014581853609112875, "lamda": 0.07744765497682715}, "datetime": {"datetime": "2021-10-06 09:29:35", "elapsed": 85.58687, "delta": 0.75555}}
{"target": -34.028428566733794, "params": {"C": 194.20201483314654, "epsilon": 33.875902985856946, "gamma": 0.01841825521063435, "lamda": 0.1135996615296844}, "datetime": {"datetime": "2021-10-06 09:29:36", "elapsed": 86.415284, "delta": 0.828414}}
{"target": -34.21887218524359, "params": {"C": 161.8623838948144, "epsilon": 35.05908601130229, "gamma": 0.010816301420132117, "lamda": 0.06553818034495548}, "datetime": {"datetime": "2021-10-06 09:29:37", "elapsed": 87.121225, "delta": 0.705941}}
{"target": -33.7177110040138, "params": {"C": 336.7523708383382, "epsilon": 36.22872038429864, "gamma": 0.02373278471558502, "lamda": 0.09455661757000275}, "datetime": {"datetime": "2021-10-06 09:29:37", "elapsed": 87.849745, "delta": 0.72852}}
{"target": -34.1972031287213, "params": {"C": 265.89668273679536, "epsilon": 33.64626935276823, "gamma": 0.01047961935406653, "lamda": 0.06197828177446581}, "datetime": {"datetime": "2021-10-06 09:29:38", "elapsed": 88.714664, "delta": 0.864919}}
{"target": -34.410101104535265, "params": {"C": 109.09451582903846, "epsilon": 33.001669902781714, "gamma": 0.011305293075303122, "lamda": 0.09792141232406645}, "datetime": {"datetime": "2021-10-06 09:29:39", "elapsed": 89.37312, "delta": 0.658456}}
{"target": -33.792857204824564, "params": {"C": 228.45499287882328, "epsilon": 34.96889969563158, "gamma": 0.02562625571503869, "lamda": 0.10562079073997238}, "datetime": {"datetime": "2021-10-06 09:29:40", "elapsed": 90.190531, "delta": 0.817411}}
{"target": -33.74528795762977, "params": {"C": 131.36271138251783, "epsilon": 36.622258697743256, "gamma": 0.02261160063723567, "lamda": 0.09818782743186577}, "datetime": {"datetime": "2021-10-06 09:29:41", "elapsed": 90.913849, "delta": 0.723318}}
{"target": -33.726093082882905, "params": {"C": 310.95868823727574, "epsilon": 35.60267125858227, "gamma": 0.020227867556442833, "lamda": 0.08237045855672823}, "datetime": {"datetime": "2021-10-06 09:29:41", "elapsed": 91.815455, "delta": 0.901606}}
{"target": -33.8214047237472, "params": {"C": 194.1959528749534, "epsilon": 33.972445234447164, "gamma": 0.02704698595211112, "lamda": 0.053296998678417605}, "datetime": {"datetime": "2021-10-06 09:29:42", "elapsed": 92.648946, "delta": 0.833491}}
{"target": -33.73699340756047, "params": {"C": 387.0250549572159, "epsilon": 36.52573490041121, "gamma": 0.027456479172822963, "lamda": 0.09172528653302131}, "datetime": {"datetime": "2021-10-06 09:29:43", "elapsed": 93.416393, "delta": 0.767447}}
{"target": -34.3634962138141, "params": {"C": 245.17924835936643, "epsilon": 35.33214548474135, "gamma": 0.012659214872707396, "lamda": 0.11317685474366102}, "datetime": {"datetime": "2021-10-06 09:29:44", "elapsed": 94.14559, "delta": 0.729197}}
{"target": -33.821029082494185, "params": {"C": 193.833044736779, "epsilon": 34.303357987268605, "gamma": 0.015545665121718465, "lamda": 0.06561994958155878}, "datetime": {"datetime": "2021-10-06 09:29:45", "elapsed": 95.071664, "delta": 0.926074}}
{"target": -34.12562807909797, "params": {"C": 174.29602108848206, "epsilon": 35.996640973762794, "gamma": 0.013793862121376874, "lamda": 0.09443815867629368}, "datetime": {"datetime": "2021-10-06 09:29:46", "elapsed": 95.908034, "delta": 0.83637}}
{"target": -33.811738700052004, "params": {"C": 218.37230897011747, "epsilon": 36.43221100132258, "gamma": 0.023161124319941183, "lamda": 0.10944514468302663}, "datetime": {"datetime": "2021-10-06 09:29:46", "elapsed": 96.732739, "delta": 0.824705}}
{"target": -34.452689952202554, "params": {"C": 266.50934148348074, "epsilon": 33.27640182221117, "gamma": 0.012436839266963349, "lamda": 0.11113450337442106}, "datetime": {"datetime": "2021-10-06 09:29:47", "elapsed": 97.513991, "delta": 0.781252}}
{"target": -34.220650054917186, "params": {"C": 164.6370900822127, "epsilon": 35.565018298415296, "gamma": 0.010511122092756255, "lamda": 0.059077267737615305}, "datetime": {"datetime": "2021-10-06 09:29:48", "elapsed": 98.308429, "delta": 0.794438}}
{"target": -33.764514768914204, "params": {"C": 377.111937386552, "epsilon": 35.72860152623496, "gamma": 0.02918831278006581, "lamda": 0.08437138497281729}, "datetime": {"datetime": "2021-10-06 09:29:49", "elapsed": 99.135443, "delta": 0.827014}}
