{"target": -32.93494272059038, "params": {"C": 162.9421663013655, "epsilon": 37.76082507685314, "gamma": 0.013521126237064886, "lamda": 0.06767969491778328}, "datetime": {"datetime": "2021-10-06 09:32:45", "elapsed": 263.094326, "delta": 1.746897}}
{"target": -32.875626189248756, "params": {"C": 283.55458110843, "epsilon": 34.72148406274681, "gamma": 0.006088058875681994, "lamda": 0.05647507087910884}, "datetime": {"datetime": "2021-10-06 09:32:46", "elapsed": 264.42802, "delta": 1.333694}}
{"target": -32.94971816868602, "params": {"C": 118.2185108040621, "epsilon": 38.90436752230586, "gamma": 0.011003956158273976, "lamda": 0.0786039417249175}, "datetime": {"datetime": "2021-10-06 09:32:48", "elapsed": 266.147255, "delta": 1.719235}}
{"target": -32.945810597878086, "params": {"C": 342.5057658277492, "epsilon": 32.9533357408879, "gamma": 0.009761744585892084, "lamda": 0.03760344114853527}, "datetime": {"datetime": "2021-10-06 09:32:49", "elapsed": 267.454236, "delta": 1.306981}}
{"target": -32.85769917165859, "params": {"C": 349.7117037226863, "epsilon": 37.433824269480006, "gamma": 0.00833787746772748, "lamda": 0.06757506601385775}, "datetime": {"datetime": "2021-10-06 09:32:51", "elapsed": 268.826964, "delta": 1.372728}}
{"target": -32.856167901624374, "params": {"C": 220.5445022043893, "epsilon": 36.91890047061159, "gamma": 0.007872018764195795, "lamda": 0.06558817612387069}, "datetime": {"datetime": "2021-10-06 09:32:52", "elapsed": 270.194534, "delta": 1.36757}}
{"target": -32.9388535529357, "params": {"C": 347.44212339740517, "epsilon": 37.865994568991994, "gamma": 0.014865864259083976, "lamda": 0.04410810754878951}, "datetime": {"datetime": "2021-10-06 09:32:54", "elapsed": 271.815798, "delta": 1.621264}}
{"target": -32.95240499134674, "params": {"C": 352.5218587060658, "epsilon": 35.62047901560117, "gamma": 0.016839646736200902, "lamda": 0.05166672678517473}, "datetime": {"datetime": "2021-10-06 09:32:55", "elapsed": 273.475625, "delta": 1.659827}}
{"target": -32.93865976098909, "params": {"C": 357.0918967615832, "epsilon": 38.59733651714096, "gamma": 0.010703626734244874, "lamda": 0.030446518278076463}, "datetime": {"datetime": "2021-10-06 09:32:57", "elapsed": 275.104479, "delta": 1.628854}}
{"target": -33.012776569380854, "params": {"C": 135.4915741095192, "epsilon": 33.126403421485755, "gamma": 0.0054671723122313, "lamda": 0.07366100032414372}, "datetime": {"datetime": "2021-10-06 09:32:59", "elapsed": 276.709064, "delta": 1.604585}}
{"target": -32.997808762150385, "params": {"C": 51.202412827546645, "epsilon": 38.614366910359394, "gamma": 0.010645032504056903, "lamda": 0.03982868848197818}, "datetime": {"datetime": "2021-10-06 09:33:00", "elapsed": 278.414399, "delta": 1.705335}}
{"target": -32.977039020751356, "params": {"C": 368.46497032587433, "epsilon": 37.32264022742095, "gamma": 0.016846356041553504, "lamda": 0.07967654620784306}, "datetime": {"datetime": "2021-10-06 09:33:03", "elapsed": 280.736467, "delta": 2.322068}}
{"target": -33.372563095104255, "params": {"C": 121.70707356762328, "epsilon": 37.968401627241455, "gamma": 0.004005198118303192, "lamda": 0.05449190741152444}, "datetime": {"datetime": "2021-10-06 09:33:04", "elapsed": 282.434228, "delta": 1.697761}}
{"target": -33.023406145778466, "params": {"C": 95.54263849424899, "epsilon": 32.65822185114776, "gamma": 0.01868491269251911, "lamda": 0.047282792094035644}, "datetime": {"datetime": "2021-10-06 09:33:06", "elapsed": 284.366351, "delta": 1.932123}}
{"target": -33.052374619294675, "params": {"C": 283.5680163457913, "epsilon": 38.71417841860542, "gamma": 0.007490147520370746, "lamda": 0.07180383774427362}, "datetime": {"datetime": "2021-10-06 09:33:08", "elapsed": 286.057953, "delta": 1.691602}}
{"target": -32.87087251172052, "params": {"C": 189.40566635509148, "epsilon": 35.87079066609562, "gamma": 0.012453130387964207, "lamda": 0.07713023827067976}, "datetime": {"datetime": "2021-10-06 09:33:09", "elapsed": 287.528443, "delta": 1.47049}}
{"target": -32.993074236778845, "params": {"C": 321.1838522967042, "epsilon": 32.991737266472036, "gamma": 0.016991460714220405, "lamda": 0.07007973878739022}, "datetime": {"datetime": "2021-10-06 09:33:11", "elapsed": 289.012073, "delta": 1.48363}}
{"target": -33.01832628073478, "params": {"C": 317.34947594837064, "epsilon": 33.673013922636144, "gamma": 0.015218258284542345, "lamda": 0.03852289140944906}, "datetime": {"datetime": "2021-10-06 09:33:13", "elapsed": 290.586558, "delta": 1.574485}}
{"target": -32.86495132431163, "params": {"C": 348.8647434078802, "epsilon": 34.72843299983851, "gamma": 0.009755898681530715, "lamda": 0.07305838160408665}, "datetime": {"datetime": "2021-10-06 09:33:14", "elapsed": 292.003427, "delta": 1.416869}}
{"target": -32.907054370679944, "params": {"C": 249.85317157918936, "epsilon": 37.99125922293854, "gamma": 0.010222398380479305, "lamda": 0.035526881388493886}, "datetime": {"datetime": "2021-10-06 09:33:15", "elapsed": 293.55021, "delta": 1.546783}}
{"target": -32.9095268556982, "params": {"C": 66.89076735287836, "epsilon": 37.59520281048344, "gamma": 0.013777596576419495, "lamda": 0.05704531472251596}, "datetime": {"datetime": "2021-10-06 09:33:17", "elapsed": 295.177616, "delta": 1.627406}}
{"target": -32.87533552108014, "params": {"C": 209.40402978754815, "epsilon": 36.335033052963524, "gamma": 0.009273289711615257, "lamda": 0.03683596399788117}, "datetime": {"datetime": "2021-10-06 09:33:19", "elapsed": 296.771215, "delta": 1.593599}}
{"target": -32.913725541443455, "params": {"C": 358.27301153803205, "epsilon": 36.660275371468614, "gamma": 0.007821594084698739, "lamda": 0.07599615774697077}, "datetime": {"datetime": "2021-10-06 09:33:20", "elapsed": 298.541704, "delta": 1.770489}}
{"target": -32.95363257408861, "params": {"C": 50.90021834485409, "epsilon": 34.02193710659163, "gamma": 0.005635274630447068, "lamda": 0.055026557597873935}, "datetime": {"datetime": "2021-10-06 09:33:22", "elapsed": 300.299909, "delta": 1.758205}}
{"target": -32.959785867787154, "params": {"C": 112.71067017399568, "epsilon": 35.62816112053003, "gamma": 0.01772876214254137, "lamda": 0.04137156690638631}, "datetime": {"datetime": "2021-10-06 09:33:25", "elapsed": 303.232747, "delta": 2.932838}}
{"target": -32.972354553435686, "params": {"C": 203.93380964336146, "epsilon": 35.9994039510645, "gamma": 0.01715331087143705, "lamda": 0.03462061053788538}, "datetime": {"datetime": "2021-10-06 09:33:27", "elapsed": 304.820419, "delta": 1.587672}}
{"target": -32.96894663254948, "params": {"C": 136.91558093159193, "epsilon": 38.87369861685964, "gamma": 0.014466356229642263, "lamda": 0.05820495784452344}, "datetime": {"datetime": "2021-10-06 09:33:29", "elapsed": 306.774347, "delta": 1.953928}}
{"target": -32.869429093848886, "params": {"C": 207.96807414080683, "epsilon": 35.99858013737389, "gamma": 0.01052930024656594, "lamda": 0.044565337611537886}, "datetime": {"datetime": "2021-10-06 09:33:31", "elapsed": 308.637829, "delta": 1.863482}}
{"target": -33.0089928664634, "params": {"C": 236.6030696241587, "epsilon": 32.08239189023927, "gamma": 0.0171536659183904, "lamda": 0.07038140429263669}, "datetime": {"datetime": "2021-10-06 09:33:32", "elapsed": 310.091397, "delta": 1.453568}}
{"target": -32.95640857534901, "params": {"C": 152.80723577634936, "epsilon": 34.94511093459082, "gamma": 0.013844669023479281, "lamda": 0.03990366726346014}, "datetime": {"datetime": "2021-10-06 09:33:34", "elapsed": 312.563304, "delta": 2.471907}}
{"target": -32.89696621801535, "params": {"C": 130.14791143607096, "epsilon": 37.53687823311531, "gamma": 0.011632031037808375, "lamda": 0.07084812902594623}, "datetime": {"datetime": "2021-10-06 09:33:36", "elapsed": 314.509366, "delta": 1.946062}}
{"target": -32.877672117050984, "params": {"C": 358.11898263705547, "epsilon": 34.68621719407675, "gamma": 0.010842450242653318, "lamda": 0.04509161681099385}, "datetime": {"datetime": "2021-10-06 09:33:38", "elapsed": 316.203589, "delta": 1.694223}}
{"target": -32.84080152697755, "params": {"C": 70.31714953696064, "epsilon": 37.238871018464366, "gamma": 0.009777970568452983, "lamda": 0.07191601947438848}, "datetime": {"datetime": "2021-10-06 09:33:40", "elapsed": 317.836664, "delta": 1.633075}}
{"target": -32.92744763915492, "params": {"C": 142.35621813762555, "epsilon": 37.38282653114865, "gamma": 0.005263375607730069, "lamda": 0.03954368218704552}, "datetime": {"datetime": "2021-10-06 09:33:41", "elapsed": 319.512934, "delta": 1.67627}}
{"target": -33.00855231002838, "params": {"C": 138.98754584050636, "epsilon": 38.52044757045967, "gamma": 0.016957403624543725, "lamda": 0.0677154308563509}, "datetime": {"datetime": "2021-10-06 09:33:44", "elapsed": 322.028411, "delta": 2.515477}}
{"target": -32.88199291006267, "params": {"C": 43.29879544115018, "epsilon": 35.618690464892694, "gamma": 0.010264959241476673, "lamda": 0.07158354074719678}, "datetime": {"datetime": "2021-10-06 09:33:46", "elapsed": 323.856075, "delta": 1.827664}}
{"target": -32.87724142393412, "params": {"C": 48.42093589572719, "epsilon": 34.46464948059614, "gamma": 0.008276456782052731, "lamda": 0.039570629114331936}, "datetime": {"datetime": "2021-10-06 09:33:47", "elapsed": 325.469922, "delta": 1.613847}}
{"target": -32.908616155479095, "params": {"C": 167.61432585982294, "epsilon": 34.5822312157916, "gamma": 0.0067919345447217715, "lamda": 0.07053852844367323}, "datetime": {"datetime": "2021-10-06 09:33:50", "elapsed": 327.763987, "delta": 2.294065}}
{"target": -32.96414003139147, "params": {"C": 308.61509273213534, "epsilon": 36.68102021546782, "gamma": 0.018338249072174156, "lamda": 0.07187410724524812}, "datetime": {"datetime": "2021-10-06 09:33:51", "elapsed": 329.457018, "delta": 1.693031}}
{"target": -32.967021006557495, "params": {"C": 131.93516050570616, "epsilon": 37.71803770842361, "gamma": 0.01753976054368558, "lamda": 0.06638868106498255}, "datetime": {"datetime": "2021-10-06 09:33:53", "elapsed": 331.277768, "delta": 1.82075}}
{"target": -32.98658753777836, "params": {"C": 68.33430955702438, "epsilon": 34.364022026121916, "gamma": 0.005223736130705372, "lamda": 0.06041736275426807}, "datetime": {"datetime": "2021-10-06 09:33:55", "elapsed": 333.238154, "delta": 1.960386}}
{"target": -32.93924041718043, "params": {"C": 190.91638525045806, "epsilon": 38.47859308561003, "gamma": 0.014031865377922982, "lamda": 0.03508828065662457}, "datetime": {"datetime": "2021-10-06 09:33:57", "elapsed": 335.158459, "delta": 1.920305}}
{"target": -32.98124729149048, "params": {"C": 147.6964688583971, "epsilon": 38.22253690011522, "gamma": 0.01696920626207263, "lamda": 0.064801169057668}, "datetime": {"datetime": "2021-10-06 09:33:59", "elapsed": 336.797353, "delta": 1.638894}}
{"target": -32.85239310900041, "params": {"C": 147.6107046349478, "epsilon": 37.7684599475292, "gamma": 0.009297907734040888, "lamda": 0.048740556107317375}, "datetime": {"datetime": "2021-10-06 09:34:01", "elapsed": 338.661627, "delta": 1.864274}}
{"target": -32.905232399944744, "params": {"C": 279.5135636560326, "epsilon": 32.39342241941849, "gamma": 0.010187163181645236, "lamda": 0.055776323453375354}, "datetime": {"datetime": "2021-10-06 09:34:02", "elapsed": 340.313549, "delta": 1.651922}}
{"target": -32.825438695655826, "params": {"C": 193.96660882055303, "epsilon": 34.117010630964415, "gamma": 0.0067489490740746914, "lamda": 0.04653009076006932}, "datetime": {"datetime": "2021-10-06 09:34:04", "elapsed": 341.938262, "delta": 1.624713}}
{"target": -32.84306053475902, "params": {"C": 290.2204524116561, "epsilon": 36.005700938100226, "gamma": 0.005892246377147492, "lamda": 0.04753320244157189}, "datetime": {"datetime": "2021-10-06 09:34:06", "elapsed": 344.333017, "delta": 2.394755}}
{"target": -32.91352470847421, "params": {"C": 237.66123515736095, "epsilon": 37.97142818787742, "gamma": 0.009849850366926365, "lamda": 0.032594019830819596}, "datetime": {"datetime": "2021-10-06 09:34:08", "elapsed": 346.101228, "delta": 1.768211}}
{"target": -32.90604247369923, "params": {"C": 39.92595670402014, "epsilon": 36.470574435149615, "gamma": 0.010092032818684487, "lamda": 0.053932837219948834}, "datetime": {"datetime": "2021-10-06 09:34:10", "elapsed": 347.905934, "delta": 1.804706}}
