{"target": -35.0187654762349, "params": {"C": 96.31723950584656, "epsilon": 23.166441102775654, "gamma": 0.05297162174658211, "lamda": 0.08073809135594655}, "datetime": {"datetime": "2021-10-05 14:24:38", "elapsed": 242.567229, "delta": 1.074012}}
{"target": -36.97213210803178, "params": {"C": 96.62499041890507, "epsilon": 22.940498725073155, "gamma": 0.0765644097059548, "lamda": 0.14918727505189516}, "datetime": {"datetime": "2021-10-05 14:24:40", "elapsed": 244.927162, "delta": 2.359933}}
{"target": -38.13179793149317, "params": {"C": 95.8211316326279, "epsilon": 23.21732718279042, "gamma": 0.12964542723669678, "lamda": 0.14305277344818326}, "datetime": {"datetime": "2021-10-05 14:24:42", "elapsed": 246.486331, "delta": 1.559169}}
{"target": -40.90214668689447, "params": {"C": 135.9946509182796, "epsilon": 14.586811331682904, "gamma": 0.15391854078170217, "lamda": 0.010370168003256885}, "datetime": {"datetime": "2021-10-05 14:24:43", "elapsed": 247.822978, "delta": 1.336647}}
{"target": -41.29976882966794, "params": {"C": 187.11212389013158, "epsilon": 18.27143248634888, "gamma": 0.36221591642379725, "lamda": 0.026927348735742918}, "datetime": {"datetime": "2021-10-05 14:24:45", "elapsed": 249.180481, "delta": 1.357503}}
{"target": -47.53633508199137, "params": {"C": 96.13102904096812, "epsilon": 22.799561767348745, "gamma": 0.35098124116589474, "lamda": 0.2653848183596817}, "datetime": {"datetime": "2021-10-05 14:24:47", "elapsed": 251.182313, "delta": 2.001832}}
{"target": -42.289157602224485, "params": {"C": 191.77275744300704, "epsilon": 22.56393376978876, "gamma": 0.10900999377179314, "lamda": 0.29279938056884564}, "datetime": {"datetime": "2021-10-05 14:24:48", "elapsed": 252.495856, "delta": 1.313543}}
{"target": -40.50577575838504, "params": {"C": 176.52574130489756, "epsilon": 26.50848500826667, "gamma": 0.2616084447636825, "lamda": 0.12621334451713767}, "datetime": {"datetime": "2021-10-05 14:24:51", "elapsed": 255.479965, "delta": 2.984109}}
{"target": -40.093178124976, "params": {"C": 30.965988035191618, "epsilon": 26.004767263673987, "gamma": 0.3277342754466034, "lamda": 0.013794170138074735}, "datetime": {"datetime": "2021-10-05 14:24:53", "elapsed": 257.375695, "delta": 1.89573}}
{"target": -38.86814319308669, "params": {"C": 96.83900473558462, "epsilon": 23.194879181954406, "gamma": 0.24543710789463175, "lamda": 0.04304451354573879}, "datetime": {"datetime": "2021-10-05 14:24:55", "elapsed": 259.721788, "delta": 2.346093}}
{"target": -43.3706543939811, "params": {"C": 18.558951093727906, "epsilon": 23.068545955130556, "gamma": 0.3159034156191422, "lamda": 0.11900782986426574}, "datetime": {"datetime": "2021-10-05 14:24:57", "elapsed": 261.733758, "delta": 2.01197}}
{"target": -38.43289857312992, "params": {"C": 96.21535746500263, "epsilon": 23.77362109468616, "gamma": 0.12347507781378976, "lamda": 0.16507852322344754}, "datetime": {"datetime": "2021-10-05 14:25:00", "elapsed": 264.290242, "delta": 2.556484}}
{"target": -45.39397036161495, "params": {"C": 96.11019311148475, "epsilon": 23.438535872371155, "gamma": 0.0001, "lamda": 0.0001}, "datetime": {"datetime": "2021-10-05 14:25:04", "elapsed": 268.769213, "delta": 4.478971}}
{"target": -34.705210003469816, "params": {"C": 31.436978001172914, "epsilon": 26.894802833121673, "gamma": 0.03425675993936668, "lamda": 0.011624235254312373}, "datetime": {"datetime": "2021-10-05 14:25:06", "elapsed": 270.757169, "delta": 1.987956}}
{"target": -38.3677716783914, "params": {"C": 33.48203106651021, "epsilon": 23.598566489126302, "gamma": 0.09780597707214045, "lamda": 0.18632634209993265}, "datetime": {"datetime": "2021-10-05 14:25:07", "elapsed": 271.807099, "delta": 1.04993}}
{"target": -42.91369845519402, "params": {"C": 96.44532740548453, "epsilon": 23.38078699351066, "gamma": 0.1673680861347521, "lamda": 0.26617269445062036}, "datetime": {"datetime": "2021-10-05 14:25:09", "elapsed": 273.585197, "delta": 1.778098}}
{"target": -35.32545876006282, "params": {"C": 30.908428194405104, "epsilon": 27.278135223506478, "gamma": 0.08605753281846389, "lamda": 0.019448070241605105}, "datetime": {"datetime": "2021-10-05 14:25:11", "elapsed": 275.650048, "delta": 2.064851}}
{"target": -34.73283684079315, "params": {"C": 30.95631606233261, "epsilon": 26.424557411978142, "gamma": 0.05688594597312391, "lamda": 0.05398623027591515}, "datetime": {"datetime": "2021-10-05 14:25:13", "elapsed": 277.308936, "delta": 1.658888}}
{"target": -44.123312648960336, "params": {"C": 95.86167859984901, "epsilon": 24.008159100435254, "gamma": 0.2362283794498407, "lamda": 0.24898502406760437}, "datetime": {"datetime": "2021-10-05 14:25:15", "elapsed": 279.215912, "delta": 1.906976}}
{"target": -38.44044577667945, "params": {"C": 145.06503632085543, "epsilon": 25.435547487596008, "gamma": 0.16411420212449213, "lamda": 0.14169844737079837}, "datetime": {"datetime": "2021-10-05 14:25:16", "elapsed": 280.35076, "delta": 1.134848}}
{"target": -50.71977484780572, "params": {"C": 102.6237868386254, "epsilon": 12.382744146603885, "gamma": 0.1783738606253786, "lamda": 0.31542348415456894}, "datetime": {"datetime": "2021-10-05 14:25:17", "elapsed": 281.703193, "delta": 1.352433}}
{"target": -41.612855833692564, "params": {"C": 30.47510696681686, "epsilon": 27.012555931506494, "gamma": 0.3491176551863533, "lamda": 0.08792853688814002}, "datetime": {"datetime": "2021-10-05 14:25:19", "elapsed": 283.796837, "delta": 2.093644}}
{"target": -38.83622126329892, "params": {"C": 34.165908317084266, "epsilon": 29.4128917549372, "gamma": 0.010432192654731382, "lamda": 0.24017270825830997}, "datetime": {"datetime": "2021-10-05 14:25:22", "elapsed": 286.221269, "delta": 2.424432}}
{"target": -42.318273088736056, "params": {"C": 49.77615664592528, "epsilon": 1.7637320708641462, "gamma": 0.12614068329336234, "lamda": 0.01929022134461334}, "datetime": {"datetime": "2021-10-05 14:25:23", "elapsed": 287.495073, "delta": 1.273804}}
{"target": -46.72992933014177, "params": {"C": 83.18683909114895, "epsilon": 20.323870262670233, "gamma": 0.0001, "lamda": 0.0001}, "datetime": {"datetime": "2021-10-05 14:25:27", "elapsed": 291.55158, "delta": 4.056507}}
{"target": -35.76021354329602, "params": {"C": 31.211888269451926, "epsilon": 27.46167595884877, "gamma": 0.009102033084565047, "lamda": 0.11099114947907732}, "datetime": {"datetime": "2021-10-05 14:25:29", "elapsed": 293.647669, "delta": 2.096089}}
{"target": -35.3510962953407, "params": {"C": 30.827960885151544, "epsilon": 26.748914931350605, "gamma": 0.09095940821738659, "lamda": 0.03767437540251332}, "datetime": {"datetime": "2021-10-05 14:25:32", "elapsed": 296.103163, "delta": 2.455494}}
{"target": -48.524807993634944, "params": {"C": 35.59264027938947, "epsilon": 26.769915682977672, "gamma": 0.35793126868066694, "lamda": 0.3727314918337835}, "datetime": {"datetime": "2021-10-05 14:25:35", "elapsed": 299.229395, "delta": 3.126232}}
{"target": -36.49945623766593, "params": {"C": 188.14644371347887, "epsilon": 27.492929378620836, "gamma": 0.02051147433914878, "lamda": 0.19015206625896558}, "datetime": {"datetime": "2021-10-05 14:25:37", "elapsed": 301.333298, "delta": 2.103903}}
{"target": -54.93106451009502, "params": {"C": 184.15814812082738, "epsilon": 4.6752125919013325, "gamma": 0.13690801534831867, "lamda": 0.3273376812686253}, "datetime": {"datetime": "2021-10-05 14:25:39", "elapsed": 302.962832, "delta": 1.629534}}
{"target": -35.90379917691019, "params": {"C": 31.24729852795169, "epsilon": 26.4788793459507, "gamma": 0.10722483101320911, "lamda": 0.013377689552468812}, "datetime": {"datetime": "2021-10-05 14:25:40", "elapsed": 304.869152, "delta": 1.90632}}
{"target": -34.07861973991047, "params": {"C": 170.06158389628052, "epsilon": 29.25593371521077, "gamma": 0.02905069097006022, "lamda": 0.08181106757691531}, "datetime": {"datetime": "2021-10-05 14:25:42", "elapsed": 306.371087, "delta": 1.501935}}
{"target": -39.898366169149156, "params": {"C": 170.5354904985539, "epsilon": 28.90575484682677, "gamma": 0.311819401871689, "lamda": 0.07700760133057294}, "datetime": {"datetime": "2021-10-05 14:25:44", "elapsed": 308.096094, "delta": 1.725007}}
{"target": -45.30372849577884, "params": {"C": 174.17072406794907, "epsilon": 26.13078321904955, "gamma": 0.17380959858712428, "lamda": 0.3739117977345958}, "datetime": {"datetime": "2021-10-05 14:25:46", "elapsed": 310.905425, "delta": 2.809331}}
{"target": -36.388135335397735, "params": {"C": 179.6587268202701, "epsilon": 16.452687811644076, "gamma": 0.027438337945287994, "lamda": 0.08584755753516383}, "datetime": {"datetime": "2021-10-05 14:25:48", "elapsed": 312.114778, "delta": 1.209353}}
{"target": -38.46899957922874, "params": {"C": 170.01230182193237, "epsilon": 29.533369385543175, "gamma": 0.27901782126147817, "lamda": 0.03382821257674149}, "datetime": {"datetime": "2021-10-05 14:25:50", "elapsed": 314.360052, "delta": 2.245274}}
{"target": -36.52570940897918, "params": {"C": 179.88660543900323, "epsilon": 16.009085749655647, "gamma": 0.06262232732014304, "lamda": 0.07152837806209217}, "datetime": {"datetime": "2021-10-05 14:25:52", "elapsed": 316.776691, "delta": 2.416639}}
{"target": -44.608291797750525, "params": {"C": 164.33357249926436, "epsilon": 4.712946952992256, "gamma": 0.34421140001570033, "lamda": 0.06316783565278924}, "datetime": {"datetime": "2021-10-05 14:25:53", "elapsed": 317.911111, "delta": 1.13442}}
{"target": -37.52136738189476, "params": {"C": 170.29817332522774, "epsilon": 29.44173436915363, "gamma": 0.009475872268861976, "lamda": 0.1862741232827054}, "datetime": {"datetime": "2021-10-05 14:25:56", "elapsed": 320.086519, "delta": 2.175408}}
{"target": -49.5162221061672, "params": {"C": 89.67220689046644, "epsilon": 11.77683833715378, "gamma": 0.20420020860282967, "lamda": 0.2687804897668906}, "datetime": {"datetime": "2021-10-05 14:25:57", "elapsed": 321.260816, "delta": 1.174297}}
{"target": -39.992524849105024, "params": {"C": 170.14186156334935, "epsilon": 29.014844090208026, "gamma": 0.1264915995234378, "lamda": 0.27249183349194284}, "datetime": {"datetime": "2021-10-05 14:26:00", "elapsed": 324.003292, "delta": 2.742476}}
{"target": -42.98895520730422, "params": {"C": 138.42943034030225, "epsilon": 20.284050896194497, "gamma": 0.3887570916962227, "lamda": 0.07623321493052958}, "datetime": {"datetime": "2021-10-05 14:26:01", "elapsed": 325.098845, "delta": 1.095553}}
{"target": -50.04218294463417, "params": {"C": 133.42513501450935, "epsilon": 4.8635669723684405, "gamma": 0.2450630255562672, "lamda": 0.2341231169099571}, "datetime": {"datetime": "2021-10-05 14:26:02", "elapsed": 326.336873, "delta": 1.238028}}
{"target": -35.76683924336203, "params": {"C": 70.61234315759793, "epsilon": 27.98514802760482, "gamma": 0.11367810550464229, "lamda": 0.08921806479090802}, "datetime": {"datetime": "2021-10-05 14:26:03", "elapsed": 327.821751, "delta": 1.484878}}
{"target": -36.71456460787041, "params": {"C": 70.66579739264061, "epsilon": 27.520451103796926, "gamma": 0.02281604175468348, "lamda": 0.20115286852896958}, "datetime": {"datetime": "2021-10-05 14:26:06", "elapsed": 330.251353, "delta": 2.429602}}
{"target": -47.32244727663257, "params": {"C": 136.54643362040136, "epsilon": 24.367328114454445, "gamma": 0.23339583433503408, "lamda": 0.36456166940407425}, "datetime": {"datetime": "2021-10-05 14:26:07", "elapsed": 331.527357, "delta": 1.276004}}
{"target": -41.858078892378686, "params": {"C": 180.047451769772, "epsilon": 16.5347719646251, "gamma": 0.3733526967727382, "lamda": 0.015830091977410057}, "datetime": {"datetime": "2021-10-05 14:26:10", "elapsed": 334.405692, "delta": 2.878335}}
{"target": -37.13416479400698, "params": {"C": 70.16794485565826, "epsilon": 27.9582291407992, "gamma": 0.05946990645984505, "lamda": 0.22091735104363228}, "datetime": {"datetime": "2021-10-05 14:26:13", "elapsed": 336.935962, "delta": 2.53027}}
{"target": -43.753070387990725, "params": {"C": 70.27058033263434, "epsilon": 27.742092747667343, "gamma": 0.312286745728789, "lamda": 0.2134790088490502}, "datetime": {"datetime": "2021-10-05 14:26:15", "elapsed": 339.390206, "delta": 2.454244}}
{"target": -45.13305193984312, "params": {"C": 30.094957389254954, "epsilon": 20.870741425079927, "gamma": 0.2763193944027073, "lamda": 0.21622407795599444}, "datetime": {"datetime": "2021-10-05 14:26:16", "elapsed": 340.567663, "delta": 1.177457}}
{"target": -42.253730193507806, "params": {"C": 179.62455950939173, "epsilon": 16.23738604921156, "gamma": 0.3382461624494686, "lamda": 0.06854883462304445}, "datetime": {"datetime": "2021-10-05 14:26:19", "elapsed": 343.090375, "delta": 2.522712}}
{"target": -39.82956174036165, "params": {"C": 33.74990263880279, "epsilon": 27.64121931628404, "gamma": 0.267357470785033, "lamda": 0.09760067408685148}, "datetime": {"datetime": "2021-10-05 14:26:20", "elapsed": 344.728639, "delta": 1.638264}}
{"target": -35.62782004076407, "params": {"C": 31.09966395778585, "epsilon": 25.712304399405195, "gamma": 0.05137268932442001, "lamda": 0.13570476776693663}, "datetime": {"datetime": "2021-10-05 14:26:22", "elapsed": 346.174772, "delta": 1.446133}}
{"target": -35.719846139097726, "params": {"C": 169.45625409943963, "epsilon": 29.032923925051623, "gamma": 0.0722089974372922, "lamda": 0.1613531919882143}, "datetime": {"datetime": "2021-10-05 14:26:24", "elapsed": 348.034876, "delta": 1.860104}}
{"target": -38.19534581843182, "params": {"C": 70.98065527592857, "epsilon": 28.061342907547637, "gamma": 0.12683992552850099, "lamda": 0.19555698736922597}, "datetime": {"datetime": "2021-10-05 14:26:26", "elapsed": 350.069643, "delta": 2.034767}}
{"target": -45.58978403087624, "params": {"C": 164.69956390895956, "epsilon": 21.039578608404124, "gamma": 0.05766744069541322, "lamda": 0.3835120713399569}, "datetime": {"datetime": "2021-10-05 14:26:27", "elapsed": 351.419644, "delta": 1.350001}}
{"target": -43.27665069259564, "params": {"C": 141.14327057035166, "epsilon": 22.99336028297955, "gamma": 0.2603810013101423, "lamda": 0.19500761118957494}, "datetime": {"datetime": "2021-10-05 14:26:28", "elapsed": 352.71273, "delta": 1.293086}}
{"target": -39.286483709080564, "params": {"C": 30.478032773726724, "epsilon": 26.424418874245504, "gamma": 0.04383307764445839, "lamda": 0.2914021979250488}, "datetime": {"datetime": "2021-10-05 14:26:31", "elapsed": 355.651631, "delta": 2.938901}}
{"target": -40.40595421598477, "params": {"C": 169.35480874680565, "epsilon": 29.42580107711678, "gamma": 0.019070473894390236, "lamda": 0.34098740556347373}, "datetime": {"datetime": "2021-10-05 14:26:34", "elapsed": 358.456309, "delta": 2.804678}}
{"target": -40.92559797617834, "params": {"C": 70.1520080505858, "epsilon": 28.489573104890233, "gamma": 0.2539829112523515, "lamda": 0.16328612359788516}, "datetime": {"datetime": "2021-10-05 14:26:37", "elapsed": 360.935635, "delta": 2.479326}}
{"target": -39.6680386795227, "params": {"C": 32.35463213139728, "epsilon": 27.244108667952876, "gamma": 0.27014822680009065, "lamda": 0.08152645211896421}, "datetime": {"datetime": "2021-10-05 14:26:39", "elapsed": 363.654949, "delta": 2.719314}}
{"target": -37.98172312421002, "params": {"C": 187.01038082613786, "epsilon": 27.829788986386546, "gamma": 0.16973819276852575, "lamda": 0.01817561934278495}, "datetime": {"datetime": "2021-10-05 14:26:41", "elapsed": 365.885052, "delta": 2.230103}}
{"target": -42.88912324980253, "params": {"C": 83.44656512628077, "epsilon": 19.546171371032113, "gamma": 0.05457926375530598, "lamda": 0.30283550167292805}, "datetime": {"datetime": "2021-10-05 14:26:44", "elapsed": 368.084897, "delta": 2.199845}}
{"target": -45.059645900330224, "params": {"C": 28.741786752967545, "epsilon": 13.806950804363618, "gamma": 0.2556127414446156, "lamda": 0.15968207366885087}, "datetime": {"datetime": "2021-10-05 14:26:45", "elapsed": 369.359889, "delta": 1.274992}}
{"target": -46.34060493121445, "params": {"C": 184.98328022800632, "epsilon": 5.919505995794719, "gamma": 0.14783227692817116, "lamda": 0.20460481468835912}, "datetime": {"datetime": "2021-10-05 14:26:47", "elapsed": 371.186341, "delta": 1.826452}}
{"target": -45.450635667013394, "params": {"C": 35.91383310755011, "epsilon": 28.722868323754525, "gamma": 0.0001, "lamda": 0.0001}, "datetime": {"datetime": "2021-10-05 14:26:51", "elapsed": 375.919925, "delta": 4.733584}}
{"target": -41.717770785368224, "params": {"C": 169.7286328016749, "epsilon": 29.232584850526187, "gamma": 0.0001, "lamda": 0.0001}, "datetime": {"datetime": "2021-10-05 14:26:57", "elapsed": 381.593368, "delta": 5.673443}}
{"target": -43.73003132276171, "params": {"C": 123.94489333989989, "epsilon": 27.638145657707202, "gamma": 0.24731046528946676, "lamda": 0.27333411088847986}, "datetime": {"datetime": "2021-10-05 14:26:59", "elapsed": 383.015254, "delta": 1.421886}}
{"target": -39.50878508361161, "params": {"C": 169.4915613765062, "epsilon": 28.453483711836125, "gamma": 0.035165863373733106, "lamda": 0.3223639605427969}, "datetime": {"datetime": "2021-10-05 14:27:01", "elapsed": 385.474861, "delta": 2.459607}}
{"target": -41.14099718359951, "params": {"C": 169.34721101713006, "epsilon": 28.90842272733571, "gamma": 0.22696333239111907, "lamda": 0.0050151522292640055}, "datetime": {"datetime": "2021-10-05 14:27:04", "elapsed": 388.490182, "delta": 3.015321}}
{"target": -42.43512289542012, "params": {"C": 188.30986800025877, "epsilon": 27.747694611923098, "gamma": 0.08515704215930087, "lamda": 0.3890630235125136}, "datetime": {"datetime": "2021-10-05 14:27:07", "elapsed": 390.969244, "delta": 2.479062}}
{"target": -34.042400130712466, "params": {"C": 70.42288828998683, "epsilon": 28.246021560585433, "gamma": 0.017474631239656056, "lamda": 0.03147608423185744}, "datetime": {"datetime": "2021-10-05 14:27:10", "elapsed": 394.064423, "delta": 3.095179}}
{"target": -49.52739454912761, "params": {"C": 77.85107998305924, "epsilon": 1.8197637303591279, "gamma": 0.29593601101175804, "lamda": 0.16645779077310432}, "datetime": {"datetime": "2021-10-05 14:27:11", "elapsed": 395.661929, "delta": 1.597506}}
{"target": -34.436524347945394, "params": {"C": 31.03361550361406, "epsilon": 27.040200996858637, "gamma": 0.019343509342284244, "lamda": 0.0804675077911002}, "datetime": {"datetime": "2021-10-05 14:27:14", "elapsed": 398.154205, "delta": 2.492276}}
{"target": -37.09825443291927, "params": {"C": 70.54827675999157, "epsilon": 28.496685191407952, "gamma": 0.1736808734934596, "lamda": 0.04544427750925284}, "datetime": {"datetime": "2021-10-05 14:27:17", "elapsed": 401.900298, "delta": 3.746093}}
{"target": -41.851174984295895, "params": {"C": 138.4351866682845, "epsilon": 12.274719688522499, "gamma": 0.05228842152407686, "lamda": 0.21184761689111248}, "datetime": {"datetime": "2021-10-05 14:27:19", "elapsed": 403.234278, "delta": 1.33398}}
{"target": -34.38492308285838, "params": {"C": 35.25507780353276, "epsilon": 29.151392529609698, "gamma": 0.03054051283615026, "lamda": 0.1109663753515689}, "datetime": {"datetime": "2021-10-05 14:27:21", "elapsed": 405.917118, "delta": 2.68284}}
{"target": -43.07157946627546, "params": {"C": 171.2959310916585, "epsilon": 4.949533783678454, "gamma": 0.14410760374364026, "lamda": 0.060912322305985075}, "datetime": {"datetime": "2021-10-05 14:27:23", "elapsed": 407.317278, "delta": 1.40016}}
{"target": -42.1580529024194, "params": {"C": 175.31268638883634, "epsilon": 23.511557687845727, "gamma": 0.10851982495901373, "lamda": 0.3006253779788343}, "datetime": {"datetime": "2021-10-05 14:27:24", "elapsed": 408.729748, "delta": 1.41247}}
{"target": -34.63966506177496, "params": {"C": 174.7979677395098, "epsilon": 28.412574707767618, "gamma": 0.04994035807662043, "lamda": 0.11209492524220986}, "datetime": {"datetime": "2021-10-05 14:27:28", "elapsed": 412.27905, "delta": 3.549302}}
{"target": -40.65883511978425, "params": {"C": 174.0475701851082, "epsilon": 25.30197750010968, "gamma": 0.2716786948254801, "lamda": 0.11293664417521852}, "datetime": {"datetime": "2021-10-05 14:27:30", "elapsed": 414.022492, "delta": 1.743442}}
{"target": -41.43063373369981, "params": {"C": 30.95260490038619, "epsilon": 27.164191682503585, "gamma": 0.017062073195937628, "lamda": 0.3362136183228589}, "datetime": {"datetime": "2021-10-05 14:27:32", "elapsed": 416.317599, "delta": 2.295107}}
{"target": -40.65110431738109, "params": {"C": 179.42657550575646, "epsilon": 28.331822713869702, "gamma": 0.16764877068903278, "lamda": 0.0036712531880555527}, "datetime": {"datetime": "2021-10-05 14:27:33", "elapsed": 417.73819, "delta": 1.420591}}
{"target": -34.48061652397202, "params": {"C": 175.42794729269167, "epsilon": 27.586370276441524, "gamma": 0.04113922980038793, "lamda": 0.09766274520570621}, "datetime": {"datetime": "2021-10-05 14:27:36", "elapsed": 420.394796, "delta": 2.656606}}
{"target": -41.82066264118383, "params": {"C": 175.18262070920463, "epsilon": 28.303150571415912, "gamma": 0.16536750499673328, "lamda": 0.2905322064753468}, "datetime": {"datetime": "2021-10-05 14:27:39", "elapsed": 423.043133, "delta": 2.648337}}
{"target": -46.137626295214716, "params": {"C": 36.10163987897661, "epsilon": 26.466261937615876, "gamma": 0.0001, "lamda": 0.0001}, "datetime": {"datetime": "2021-10-05 14:27:44", "elapsed": 428.158429, "delta": 5.115296}}
{"target": -49.29627351792462, "params": {"C": 48.2176684592634, "epsilon": 25.726235312857455, "gamma": 0.00022992046934038702, "lamda": 0.19598627547737246}, "datetime": {"datetime": "2021-10-05 14:27:46", "elapsed": 430.164547, "delta": 2.006118}}
{"target": -48.1686796659516, "params": {"C": 180.14651376414636, "epsilon": 15.651488030919678, "gamma": 0.37256956063595986, "lamda": 0.18450557774894424}, "datetime": {"datetime": "2021-10-05 14:27:48", "elapsed": 432.527206, "delta": 2.362659}}
