{"target": -43.67353581010176, "params": {"C": 141.6848484456542, "epsilon": 19.003476061628838, "gamma": 0.2970937084498252, "lamda": 0.1463278477921004}, "datetime": {"datetime": "2021-10-05 14:38:23", "elapsed": 1067.397523, "delta": 2.710176}}
{"target": -46.986385267756084, "params": {"C": 74.67891061270785, "epsilon": 17.591733156100933, "gamma": 0.0382809136168288, "lamda": 0.36910909377321216}, "datetime": {"datetime": "2021-10-05 14:38:26", "elapsed": 1070.051991, "delta": 2.654468}}
{"target": -40.23649475382889, "params": {"C": 30.489161939389437, "epsilon": 26.052543377798628, "gamma": 0.046179085525141356, "lamda": 0.31433568133078665}, "datetime": {"datetime": "2021-10-05 14:38:30", "elapsed": 1074.450859, "delta": 4.398868}}
{"target": -39.12153794121798, "params": {"C": 68.83397849593727, "epsilon": 20.416717782718944, "gamma": 0.19254995384059823, "lamda": 0.020508365179741347}, "datetime": {"datetime": "2021-10-05 14:38:35", "elapsed": 1079.732427, "delta": 5.281568}}
{"target": -45.672159715803176, "params": {"C": 51.430878305078494, "epsilon": 25.349539533744686, "gamma": 0.3575564050983464, "lamda": 0.2227333680161724}, "datetime": {"datetime": "2021-10-05 14:38:38", "elapsed": 1082.651586, "delta": 2.919159}}
{"target": -36.08129094904486, "params": {"C": 30.772238679763344, "epsilon": 25.748018485128945, "gamma": 0.054673101441190544, "lamda": 0.15407278475447453}, "datetime": {"datetime": "2021-10-05 14:38:43", "elapsed": 1087.609046, "delta": 4.95746}}
{"target": -47.40971229779087, "params": {"C": 31.04548042692808, "epsilon": 26.793205399003995, "gamma": 0.00024462638475052236, "lamda": 0.11250939034893105}, "datetime": {"datetime": "2021-10-05 14:38:49", "elapsed": 1093.414288, "delta": 5.805242}}
{"target": -44.33915697178423, "params": {"C": 160.60705575679384, "epsilon": 29.200982993615334, "gamma": 0.0001, "lamda": 0.019255274061053276}, "datetime": {"datetime": "2021-10-05 14:38:59", "elapsed": 1103.059349, "delta": 9.645061}}
{"target": -39.694985638796474, "params": {"C": 196.33214410379762, "epsilon": 17.58668858405271, "gamma": 0.010043231929240228, "lamda": 0.1675855345478453}, "datetime": {"datetime": "2021-10-05 14:39:04", "elapsed": 1108.058929, "delta": 4.99958}}
{"target": -37.566711785587984, "params": {"C": 193.97883919446943, "epsilon": 29.265368613138516, "gamma": 0.2022525743366104, "lamda": 0.08387582899282808}, "datetime": {"datetime": "2021-10-05 14:39:08", "elapsed": 1112.86987, "delta": 4.810941}}
{"target": -34.9293592812548, "params": {"C": 35.40228147725384, "epsilon": 27.08864926213811, "gamma": 0.014418078013446384, "lamda": 0.004573508156716614}, "datetime": {"datetime": "2021-10-05 14:39:15", "elapsed": 1119.924442, "delta": 7.054572}}
{"target": -37.000216365529084, "params": {"C": 30.700904229675313, "epsilon": 26.475022362276412, "gamma": 0.006635388366094652, "lamda": 0.11812581970725322}, "datetime": {"datetime": "2021-10-05 14:39:22", "elapsed": 1126.089946, "delta": 6.165504}}
{"target": -34.82546177726651, "params": {"C": 35.26006275406167, "epsilon": 26.455106869182202, "gamma": 0.010885747026500652, "lamda": 0.010186984661163781}, "datetime": {"datetime": "2021-10-05 14:39:29", "elapsed": 1133.591588, "delta": 7.501642}}
{"target": -39.61936302993439, "params": {"C": 194.2099928759966, "epsilon": 29.4284229257031, "gamma": 0.02007048562842035, "lamda": 0.3158139079961524}, "datetime": {"datetime": "2021-10-05 14:39:37", "elapsed": 1140.942273, "delta": 7.350685}}
{"target": -34.699730910184854, "params": {"C": 120.3240864534026, "epsilon": 25.14915831097793, "gamma": 0.00470310398419322, "lamda": 0.004030263767581782}, "datetime": {"datetime": "2021-10-05 14:39:43", "elapsed": 1147.158779, "delta": 6.216506}}
{"target": -43.10984024209553, "params": {"C": 120.3505485203136, "epsilon": 24.813758521164196, "gamma": 0.0068281920257670225, "lamda": 0.28146452555769297}, "datetime": {"datetime": "2021-10-05 14:39:49", "elapsed": 1153.764971, "delta": 6.606192}}
{"target": -44.897774883298915, "params": {"C": 32.14007908308339, "epsilon": 26.85438167212645, "gamma": 0.2124992942378179, "lamda": 0.33817154977435326}, "datetime": {"datetime": "2021-10-05 14:39:57", "elapsed": 1161.252423, "delta": 7.487452}}
{"target": -39.20805980617733, "params": {"C": 70.72887332211748, "epsilon": 27.772120162339608, "gamma": 0.04224646543637261, "lamda": 0.30589587715876865}, "datetime": {"datetime": "2021-10-05 14:40:03", "elapsed": 1167.233354, "delta": 5.980931}}
{"target": -38.0086069907533, "params": {"C": 31.247265873235758, "epsilon": 27.219528620233287, "gamma": 0.012342673837280028, "lamda": 0.20694944600200893}, "datetime": {"datetime": "2021-10-05 14:40:08", "elapsed": 1172.771246, "delta": 5.537892}}
{"target": -36.73265410092482, "params": {"C": 34.652829005022, "epsilon": 26.24638016125848, "gamma": 0.14489897260197607, "lamda": 0.022200239877375308}, "datetime": {"datetime": "2021-10-05 14:40:14", "elapsed": 1178.121232, "delta": 5.349986}}
{"target": -36.98805860014525, "params": {"C": 120.396350092309, "epsilon": 25.99376121129056, "gamma": 0.07005720939216405, "lamda": 0.0001}, "datetime": {"datetime": "2021-10-05 14:40:19", "elapsed": 1183.805154, "delta": 5.683922}}
{"target": -64.03770447276752, "params": {"C": 193.39461651755724, "epsilon": 3.191107747645392, "gamma": 0.2748977615959679, "lamda": 0.3927117139478465}, "datetime": {"datetime": "2021-10-05 14:40:22", "elapsed": 1186.425685, "delta": 2.620531}}
{"target": -38.74216066812593, "params": {"C": 176.4673868092169, "epsilon": 27.02163339306709, "gamma": 0.17858944880095126, "lamda": 0.015035330572564403}, "datetime": {"datetime": "2021-10-05 14:40:28", "elapsed": 1192.416407, "delta": 5.990722}}
{"target": -49.05740998453461, "params": {"C": 96.87991260133136, "epsilon": 18.95875665699606, "gamma": 0.19146146903484013, "lamda": 0.35362898359330797}, "datetime": {"datetime": "2021-10-05 14:40:33", "elapsed": 1197.799252, "delta": 5.382845}}
{"target": -34.05915092740406, "params": {"C": 70.73756722531584, "epsilon": 27.667964966623845, "gamma": 0.014494186519416696, "lamda": 0.03402794956310838}, "datetime": {"datetime": "2021-10-05 14:40:38", "elapsed": 1202.801818, "delta": 5.002566}}
{"target": -46.388785380362535, "params": {"C": 157.5918682927738, "epsilon": 15.908806213322865, "gamma": 0.33172416507133345, "lamda": 0.16787686190426196}, "datetime": {"datetime": "2021-10-05 14:40:41", "elapsed": 1205.915219, "delta": 3.113401}}
{"target": -42.78370349760853, "params": {"C": 56.25966318655783, "epsilon": 22.856134757990326, "gamma": 0.3370594473045635, "lamda": 0.11614325935073944}, "datetime": {"datetime": "2021-10-05 14:40:44", "elapsed": 1208.374999, "delta": 2.45978}}
{"target": -41.41676852938495, "params": {"C": 65.29189558378441, "epsilon": 8.417033700137235, "gamma": 0.1561733175828893, "lamda": 0.08494449500010974}, "datetime": {"datetime": "2021-10-05 14:40:47", "elapsed": 1211.568966, "delta": 3.193967}}
{"target": -37.410172300480944, "params": {"C": 34.27517998783128, "epsilon": 26.428169210774495, "gamma": 0.17207354946131964, "lamda": 0.0671830848594112}, "datetime": {"datetime": "2021-10-05 14:40:53", "elapsed": 1217.367648, "delta": 5.798682}}
{"target": -55.70531203447139, "params": {"C": 185.5970264434357, "epsilon": 2.262247445664922, "gamma": 0.2504624741956092, "lamda": 0.30918635984261555}, "datetime": {"datetime": "2021-10-05 14:40:55", "elapsed": 1219.802143, "delta": 2.434495}}
{"target": -35.97527683892678, "params": {"C": 97.4338137590886, "epsilon": 18.960783897445207, "gamma": 0.04284505042817349, "lamda": 0.0001}, "datetime": {"datetime": "2021-10-05 14:41:02", "elapsed": 1226.474786, "delta": 6.672643}}
{"target": -34.68082526601832, "params": {"C": 187.03907598511026, "epsilon": 28.307286707733667, "gamma": 0.004246731222234132, "lamda": 0.011136280518107227}, "datetime": {"datetime": "2021-10-05 14:41:08", "elapsed": 1232.459432, "delta": 5.984646}}
{"target": -41.271120379717445, "params": {"C": 59.673025475586236, "epsilon": 17.434791569962854, "gamma": 0.25180636157973074, "lamda": 0.09996535160455752}, "datetime": {"datetime": "2021-10-05 14:41:11", "elapsed": 1235.399233, "delta": 2.939801}}
{"target": -37.569172703838724, "params": {"C": 97.32278995615457, "epsilon": 18.68166211649283, "gamma": 0.12712394764987858, "lamda": 0.0836288692500438}, "datetime": {"datetime": "2021-10-05 14:41:22", "elapsed": 1246.122537, "delta": 10.723304}}
{"target": -41.097045181606916, "params": {"C": 194.0738958469491, "epsilon": 29.325935124085394, "gamma": 0.0001, "lamda": 0.0001}, "datetime": {"datetime": "2021-10-05 14:41:30", "elapsed": 1254.803931, "delta": 8.681394}}
{"target": -40.24098163315885, "params": {"C": 193.967386747193, "epsilon": 29.78355290692642, "gamma": 0.2926176040710408, "lamda": 0.11088892612459764}, "datetime": {"datetime": "2021-10-05 14:41:36", "elapsed": 1260.893687, "delta": 6.089756}}
{"target": -36.58150818438392, "params": {"C": 132.3721193624842, "epsilon": 28.083820803993, "gamma": 0.07011014938808408, "lamda": 0.19192082080099876}, "datetime": {"datetime": "2021-10-05 14:41:39", "elapsed": 1263.5484, "delta": 2.654713}}
{"target": -40.05016148369162, "params": {"C": 175.84533853027287, "epsilon": 26.380042467680394, "gamma": 0.1891070057469076, "lamda": 0.010095124628564605}, "datetime": {"datetime": "2021-10-05 14:41:47", "elapsed": 1271.745151, "delta": 8.196751}}
{"target": -44.13846416765267, "params": {"C": 145.6295854763405, "epsilon": 7.312783572681841, "gamma": 0.3653102308534518, "lamda": 0.032663980934413354}, "datetime": {"datetime": "2021-10-05 14:41:50", "elapsed": 1274.303452, "delta": 2.558301}}
{"target": -41.40300093608162, "params": {"C": 169.44066795750655, "epsilon": 8.818152149689098, "gamma": 0.1822916891833663, "lamda": 0.06450116323158946}, "datetime": {"datetime": "2021-10-05 14:41:52", "elapsed": 1276.890693, "delta": 2.587241}}
{"target": -47.63865954756525, "params": {"C": 29.696056232775888, "epsilon": 13.352929925241568, "gamma": 0.2688423060712444, "lamda": 0.213902441007646}, "datetime": {"datetime": "2021-10-05 14:41:55", "elapsed": 1279.778679, "delta": 2.887986}}
{"target": -45.0840434283261, "params": {"C": 97.51874098708363, "epsilon": 19.011493081411135, "gamma": 0.22502312594880963, "lamda": 0.23497936800247562}, "datetime": {"datetime": "2021-10-05 14:42:03", "elapsed": 1287.226808, "delta": 7.448129}}
{"target": -52.368979992086096, "params": {"C": 152.64992217471448, "epsilon": 9.636059133972028, "gamma": 0.18621367417469667, "lamda": 0.311569873233567}, "datetime": {"datetime": "2021-10-05 14:42:06", "elapsed": 1289.950746, "delta": 2.723938}}
{"target": -35.20679884915195, "params": {"C": 186.7173903877378, "epsilon": 28.18484174255758, "gamma": 0.08910884336535484, "lamda": 0.038576418484436784}, "datetime": {"datetime": "2021-10-05 14:42:15", "elapsed": 1299.444512, "delta": 9.493766}}
{"target": -44.7658759282759, "params": {"C": 70.90674676689224, "epsilon": 27.436211619995444, "gamma": 0.0001, "lamda": 0.0001}, "datetime": {"datetime": "2021-10-05 14:42:23", "elapsed": 1307.586413, "delta": 8.141901}}
{"target": -36.084838132392015, "params": {"C": 168.11823843251165, "epsilon": 20.74736315452548, "gamma": 0.0645497841121595, "lamda": 0.10227148232482296}, "datetime": {"datetime": "2021-10-05 14:42:30", "elapsed": 1314.17356, "delta": 6.587147}}
{"target": -41.34776611814188, "params": {"C": 194.3371193054636, "epsilon": 28.3751241528834, "gamma": 0.0001, "lamda": 0.0001}, "datetime": {"datetime": "2021-10-05 14:42:41", "elapsed": 1325.807272, "delta": 11.633712}}
{"target": -46.861521816884974, "params": {"C": 40.04938504983957, "epsilon": 6.6891359160087305, "gamma": 0.1322390269179207, "lamda": 0.21954057874277974}, "datetime": {"datetime": "2021-10-05 14:42:44", "elapsed": 1328.478738, "delta": 2.671466}}
{"target": -52.72922136429678, "params": {"C": 138.15997655254924, "epsilon": 15.635552839464054, "gamma": 0.206855496180828, "lamda": 0.3778674602492103}, "datetime": {"datetime": "2021-10-05 14:42:47", "elapsed": 1331.095518, "delta": 2.61678}}
{"target": -45.71747781679305, "params": {"C": 132.35911532831423, "epsilon": 27.780075952573142, "gamma": 0.291211981990652, "lamda": 0.3195646979346222}, "datetime": {"datetime": "2021-10-05 14:42:53", "elapsed": 1336.9936, "delta": 5.898082}}
{"target": -48.121834287080404, "params": {"C": 104.57236166949549, "epsilon": 2.0405220802447173, "gamma": 0.3011852400901579, "lamda": 0.14907261987683787}, "datetime": {"datetime": "2021-10-05 14:42:55", "elapsed": 1339.484356, "delta": 2.490756}}
{"target": -47.64575256351984, "params": {"C": 46.37637360621486, "epsilon": 16.182542846444793, "gamma": 0.2822859070184808, "lamda": 0.2264186981530157}, "datetime": {"datetime": "2021-10-05 14:42:58", "elapsed": 1342.156125, "delta": 2.671769}}
{"target": -36.88812192272717, "params": {"C": 70.92762471936399, "epsilon": 27.815668263884625, "gamma": 0.1560156021650122, "lamda": 0.09547537026241508}, "datetime": {"datetime": "2021-10-05 14:43:06", "elapsed": 1350.611022, "delta": 8.454897}}
{"target": -36.46322750187369, "params": {"C": 70.54810834176659, "epsilon": 27.699286988009547, "gamma": 0.14060847191505144, "lamda": 0.04697455553512633}, "datetime": {"datetime": "2021-10-05 14:43:15", "elapsed": 1359.562532, "delta": 8.95151}}
{"target": -37.57204485028619, "params": {"C": 165.4032995214652, "epsilon": 23.579768535682838, "gamma": 0.09057356425309158, "lamda": 0.16743148152861775}, "datetime": {"datetime": "2021-10-05 14:43:18", "elapsed": 1362.582812, "delta": 3.02028}}
{"target": -57.74208433128605, "params": {"C": 61.291084297011096, "epsilon": 4.420590031375854, "gamma": 0.24577678275674855, "lamda": 0.33853168067958644}, "datetime": {"datetime": "2021-10-05 14:43:21", "elapsed": 1365.408683, "delta": 2.825871}}
{"target": -54.07216850770511, "params": {"C": 65.36017919016618, "epsilon": 2.854245129439618, "gamma": 0.3925611718598734, "lamda": 0.2299514922951489}, "datetime": {"datetime": "2021-10-05 14:43:24", "elapsed": 1368.121828, "delta": 2.713145}}
{"target": -39.56356119576422, "params": {"C": 120.66149987096483, "epsilon": 25.221259196475067, "gamma": 0.1983180176078932, "lamda": 0.013406564426488812}, "datetime": {"datetime": "2021-10-05 14:43:30", "elapsed": 1374.432551, "delta": 6.310723}}
{"target": -36.25250601021408, "params": {"C": 175.06164049015703, "epsilon": 28.16425384122893, "gamma": 0.07414182816412383, "lamda": 0.008216577346415859}, "datetime": {"datetime": "2021-10-05 14:43:38", "elapsed": 1382.03341, "delta": 7.600859}}
{"target": -34.30553829613834, "params": {"C": 35.11715430903781, "epsilon": 27.09228779734817, "gamma": 0.026754462311581326, "lamda": 0.05238608874170194}, "datetime": {"datetime": "2021-10-05 14:43:45", "elapsed": 1389.445517, "delta": 7.412107}}
{"target": -40.86407723596086, "params": {"C": 42.67452141206979, "epsilon": 11.740928866503788, "gamma": 0.19373452079205167, "lamda": 0.03132210033128799}, "datetime": {"datetime": "2021-10-05 14:43:48", "elapsed": 1392.190044, "delta": 2.744527}}
{"target": -41.69508564238113, "params": {"C": 187.84671534221744, "epsilon": 27.690448021844922, "gamma": 0.0001, "lamda": 0.0001}, "datetime": {"datetime": "2021-10-05 14:43:58", "elapsed": 1402.417463, "delta": 10.227419}}
{"target": -45.07311012853732, "params": {"C": 22.242570668084422, "epsilon": 15.144529832417135, "gamma": 0.27379425761271575, "lamda": 0.13216707294714888}, "datetime": {"datetime": "2021-10-05 14:44:01", "elapsed": 1405.670367, "delta": 3.252904}}
{"target": -41.271769397259675, "params": {"C": 168.07646076105078, "epsilon": 20.402026983581685, "gamma": 0.09183708196190546, "lamda": 0.25052963557042845}, "datetime": {"datetime": "2021-10-05 14:44:10", "elapsed": 1414.15328, "delta": 8.482913}}
{"target": -41.38841140434816, "params": {"C": 110.9833466744358, "epsilon": 25.811014790118666, "gamma": 0.11636810663139799, "lamda": 0.29458247076456595}, "datetime": {"datetime": "2021-10-05 14:44:13", "elapsed": 1416.9418, "delta": 2.78852}}
{"target": -49.397341367052086, "params": {"C": 191.73450888067973, "epsilon": 13.731482845799562, "gamma": 0.09408083878690586, "lamda": 0.34627031532855274}, "datetime": {"datetime": "2021-10-05 14:44:16", "elapsed": 1420.861126, "delta": 3.919326}}
{"target": -36.55233437524271, "params": {"C": 168.18514637657455, "epsilon": 21.050495290460553, "gamma": 0.10217372643660198, "lamda": 0.08268261971641862}, "datetime": {"datetime": "2021-10-05 14:44:24", "elapsed": 1428.694402, "delta": 7.833276}}
{"target": -46.41445453665961, "params": {"C": 59.98516886618059, "epsilon": 23.262090231103414, "gamma": 0.0001, "lamda": 0.0001}, "datetime": {"datetime": "2021-10-05 14:44:33", "elapsed": 1437.924144, "delta": 9.229742}}
{"target": -44.74579458790822, "params": {"C": 4.495397129216508, "epsilon": 16.778585300709935, "gamma": 0.05466856400218661, "lamda": 0.2252666544765983}, "datetime": {"datetime": "2021-10-05 14:44:37", "elapsed": 1441.462402, "delta": 3.538258}}
{"target": -45.21482217160055, "params": {"C": 168.53731953137796, "epsilon": 21.066172160665783, "gamma": 0.16857823139340752, "lamda": 0.30477271839866055}, "datetime": {"datetime": "2021-10-05 14:44:43", "elapsed": 1447.433311, "delta": 5.970909}}
{"target": -38.48550857530599, "params": {"C": 132.0742218132289, "epsilon": 28.28743990749642, "gamma": 0.2637330051986603, "lamda": 0.05652442673584975}, "datetime": {"datetime": "2021-10-05 14:44:50", "elapsed": 1454.744426, "delta": 7.311115}}
{"target": -38.90841304256488, "params": {"C": 195.7735501355843, "epsilon": 17.69556425867878, "gamma": 0.14923548823424124, "lamda": 0.10892851727772294}, "datetime": {"datetime": "2021-10-05 14:44:58", "elapsed": 1462.099623, "delta": 7.355197}}
{"target": -37.66977544122979, "params": {"C": 188.48400165700053, "epsilon": 27.553381507970972, "gamma": 0.20488867850840964, "lamda": 0.038218129536739115}, "datetime": {"datetime": "2021-10-05 14:45:05", "elapsed": 1469.294608, "delta": 7.194985}}
{"target": -39.84869222419137, "params": {"C": 120.21878438679559, "epsilon": 26.300562301754514, "gamma": 0.3062530553581037, "lamda": 0.017691189499758057}, "datetime": {"datetime": "2021-10-05 14:45:13", "elapsed": 1477.007826, "delta": 7.713218}}
{"target": -37.6836233330273, "params": {"C": 167.8843862114995, "epsilon": 21.150761616649326, "gamma": 0.1666010831089417, "lamda": 0.05052247146660212}, "datetime": {"datetime": "2021-10-05 14:45:19", "elapsed": 1483.752166, "delta": 6.74434}}
{"target": -46.81103356251304, "params": {"C": 186.61099354134754, "epsilon": 1.2498655565966927, "gamma": 0.15651008500929217, "lamda": 0.14844684721585}, "datetime": {"datetime": "2021-10-05 14:45:22", "elapsed": 1486.726446, "delta": 2.97428}}
{"target": -45.61939985715448, "params": {"C": 162.6109367859778, "epsilon": 3.320176056892407, "gamma": 0.2840345593719109, "lamda": 0.1320823392116057}, "datetime": {"datetime": "2021-10-05 14:45:26", "elapsed": 1490.177251, "delta": 3.450805}}
{"target": -49.37374975691357, "params": {"C": 171.18109554085757, "epsilon": 6.647900958244313, "gamma": 0.007901380500109363, "lamda": 0.2636447471556068}, "datetime": {"datetime": "2021-10-05 14:45:29", "elapsed": 1493.252125, "delta": 3.074874}}
{"target": -38.27447098645231, "params": {"C": 83.57056908801772, "epsilon": 17.974131696247237, "gamma": 0.10142344976809192, "lamda": 0.1319729301146315}, "datetime": {"datetime": "2021-10-05 14:45:35", "elapsed": 1499.247266, "delta": 5.995141}}
{"target": -36.0855028854283, "params": {"C": 34.627121537265914, "epsilon": 29.49305895048705, "gamma": 0.04202006769180481, "lamda": 0.2054479056592944}, "datetime": {"datetime": "2021-10-05 14:45:42", "elapsed": 1506.442391, "delta": 7.195125}}
{"target": -34.2316768234753, "params": {"C": 188.41402770063576, "epsilon": 28.01296074950876, "gamma": 0.03425054794425657, "lamda": 0.048635576342424686}, "datetime": {"datetime": "2021-10-05 14:45:49", "elapsed": 1513.75222, "delta": 7.309829}}
{"target": -49.7069482448643, "params": {"C": 148.00028034008545, "epsilon": 10.348171379796254, "gamma": 0.1087018019625622, "lamda": 0.3060723898495119}, "datetime": {"datetime": "2021-10-05 14:45:53", "elapsed": 1517.391469, "delta": 3.639249}}
{"target": -36.08683169441342, "params": {"C": 132.52229161660915, "epsilon": 28.427584274144817, "gamma": 0.13481936912695014, "lamda": 0.06455343252528907}, "datetime": {"datetime": "2021-10-05 14:45:59", "elapsed": 1523.825907, "delta": 6.434438}}
{"target": -42.59499099714635, "params": {"C": 97.79664090489936, "epsilon": 9.714195148246818, "gamma": 0.135933638468835, "lamda": 0.166750619006913}, "datetime": {"datetime": "2021-10-05 14:46:03", "elapsed": 1527.298114, "delta": 3.472207}}
{"target": -46.00935498206887, "params": {"C": 179.4113335001174, "epsilon": 16.346612775444676, "gamma": 0.0001, "lamda": 0.0001}, "datetime": {"datetime": "2021-10-05 14:46:14", "elapsed": 1538.726616, "delta": 11.428502}}
{"target": -36.89709580384945, "params": {"C": 59.566434337864976, "epsilon": 22.98919178907547, "gamma": 0.114871957629813, "lamda": 0.004783151862573067}, "datetime": {"datetime": "2021-10-05 14:46:23", "elapsed": 1547.140913, "delta": 8.414297}}
{"target": -41.67285705466664, "params": {"C": 35.21764309240457, "epsilon": 27.248873612618834, "gamma": 0.006717669607777343, "lamda": 0.2636867260693963}, "datetime": {"datetime": "2021-10-05 14:46:34", "elapsed": 1558.44698, "delta": 11.306067}}
{"target": -34.9348952355903, "params": {"C": 34.53729198173163, "epsilon": 27.50934563228529, "gamma": 0.0065555338938060904, "lamda": 0.030905630807477987}, "datetime": {"datetime": "2021-10-05 14:46:45", "elapsed": 1569.050701, "delta": 10.603721}}
