{"target": -33.758029391532524, "params": {"C": 377.04597773278675, "epsilon": 35.61391565172151, "gamma": 0.027085509952608527, "lamda": 0.0661865011569781}, "datetime": {"datetime": "2021-10-06 09:31:18", "elapsed": 188.456931, "delta": 1.32602}}
{"target": -33.781750901008536, "params": {"C": 93.98575487233174, "epsilon": 36.089399279063485, "gamma": 0.01956244943489093, "lamda": 0.09018042233356677}, "datetime": {"datetime": "2021-10-06 09:31:19", "elapsed": 189.563645, "delta": 1.106714}}
{"target": -34.034477009596976, "params": {"C": 94.94533180206595, "epsilon": 36.89630456709074, "gamma": 0.014886520483727954, "lamda": 0.08259775930731504}, "datetime": {"datetime": "2021-10-06 09:31:20", "elapsed": 190.627801, "delta": 1.064156}}
{"target": -33.96278247036654, "params": {"C": 252.74861274854752, "epsilon": 36.382741847453566, "gamma": 0.015898415574388224, "lamda": 0.08641073042590947}, "datetime": {"datetime": "2021-10-06 09:31:22", "elapsed": 191.912804, "delta": 1.285003}}
{"target": -33.97843874095198, "params": {"C": 235.1703846996505, "epsilon": 33.89149115918268, "gamma": 0.014484055576967737, "lamda": 0.08064758424163188}, "datetime": {"datetime": "2021-10-06 09:31:23", "elapsed": 193.09161, "delta": 1.178806}}
{"target": -33.843147882010825, "params": {"C": 44.433812591072005, "epsilon": 37.35472388277639, "gamma": 0.019242228309213332, "lamda": 0.05882737666570303}, "datetime": {"datetime": "2021-10-06 09:31:24", "elapsed": 194.257089, "delta": 1.165479}}
{"target": -34.26336772568307, "params": {"C": 146.57716551087066, "epsilon": 36.153412051104816, "gamma": 0.013932413735533139, "lamda": 0.11668920522397086}, "datetime": {"datetime": "2021-10-06 09:31:25", "elapsed": 195.37518, "delta": 1.118091}}
{"target": -33.847073163827886, "params": {"C": 294.00044167790793, "epsilon": 37.21302542889586, "gamma": 0.01820276079642371, "lamda": 0.07478592477108248}, "datetime": {"datetime": "2021-10-06 09:31:26", "elapsed": 196.545075, "delta": 1.169895}}
{"target": -33.90434558765267, "params": {"C": 218.28866496337696, "epsilon": 34.962542094242046, "gamma": 0.01891592201177187, "lamda": 0.10519540857919435}, "datetime": {"datetime": "2021-10-06 09:31:27", "elapsed": 197.606358, "delta": 1.061283}}
{"target": -33.73185948177521, "params": {"C": 252.73693831874127, "epsilon": 36.45311498963615, "gamma": 0.022454060892898836, "lamda": 0.07725384660105208}, "datetime": {"datetime": "2021-10-06 09:31:29", "elapsed": 198.9563, "delta": 1.349942}}
{"target": -33.783998582585184, "params": {"C": 373.1271026308361, "epsilon": 34.56036597901358, "gamma": 0.02550407767023663, "lamda": 0.05271322656001629}, "datetime": {"datetime": "2021-10-06 09:31:30", "elapsed": 200.520148, "delta": 1.563848}}
{"target": -33.73433318215042, "params": {"C": 310.9254041579784, "epsilon": 35.54660208358813, "gamma": 0.026303876839302326, "lamda": 0.09992418859606866}, "datetime": {"datetime": "2021-10-06 09:31:32", "elapsed": 201.959071, "delta": 1.438923}}
{"target": -33.814043865410675, "params": {"C": 341.0453596863445, "epsilon": 34.33191593664802, "gamma": 0.02995411755453796, "lamda": 0.10543842217809676}, "datetime": {"datetime": "2021-10-06 09:31:33", "elapsed": 203.160703, "delta": 1.201632}}
{"target": -33.840334800871396, "params": {"C": 190.02114353596838, "epsilon": 34.31836147671782, "gamma": 0.028848634667373405, "lamda": 0.05031710015164359}, "datetime": {"datetime": "2021-10-06 09:31:34", "elapsed": 204.319212, "delta": 1.158509}}
{"target": -34.064613752485364, "params": {"C": 237.38177924617003, "epsilon": 34.967910900501685, "gamma": 0.014767288107419965, "lamda": 0.09633891727185386}, "datetime": {"datetime": "2021-10-06 09:31:35", "elapsed": 205.50831, "delta": 1.189098}}
{"target": -33.99278482331573, "params": {"C": 194.30923357525143, "epsilon": 34.01262530021104, "gamma": 0.015276192032622211, "lamda": 0.08975185330589099}, "datetime": {"datetime": "2021-10-06 09:31:37", "elapsed": 206.92085, "delta": 1.41254}}
{"target": -33.74787200271623, "params": {"C": 226.54426745414747, "epsilon": 33.59503412188078, "gamma": 0.019537966256046067, "lamda": 0.07225710730780172}, "datetime": {"datetime": "2021-10-06 09:31:38", "elapsed": 208.065838, "delta": 1.144988}}
{"target": -33.78122376932123, "params": {"C": 134.8895578248769, "epsilon": 35.01341103923212, "gamma": 0.016746458393715847, "lamda": 0.05888599378244279}, "datetime": {"datetime": "2021-10-06 09:31:39", "elapsed": 209.617395, "delta": 1.551557}}
{"target": -33.74103851293228, "params": {"C": 295.9619354501237, "epsilon": 36.11041718112723, "gamma": 0.022371922804985192, "lamda": 0.06280690064522465}, "datetime": {"datetime": "2021-10-06 09:31:41", "elapsed": 211.205459, "delta": 1.588064}}
{"target": -33.72866924796589, "params": {"C": 131.40028443862914, "epsilon": 36.6225635352051, "gamma": 0.026301549249886674, "lamda": 0.10003917200746204}, "datetime": {"datetime": "2021-10-06 09:31:43", "elapsed": 213.025202, "delta": 1.819743}}
{"target": -33.78232075114855, "params": {"C": 87.18247126233167, "epsilon": 33.803418760246416, "gamma": 0.020481529965720405, "lamda": 0.08962733713064924}, "datetime": {"datetime": "2021-10-06 09:31:44", "elapsed": 214.217293, "delta": 1.192091}}
{"target": -34.13380780915084, "params": {"C": 367.4240392167776, "epsilon": 37.59336667607162, "gamma": 0.013526923248523686, "lamda": 0.07388760564195106}, "datetime": {"datetime": "2021-10-06 09:31:46", "elapsed": 216.053919, "delta": 1.836626}}
{"target": -34.18236906932543, "params": {"C": 355.71280412661247, "epsilon": 35.66425651924898, "gamma": 0.011367258711942385, "lamda": 0.06500957496239426}, "datetime": {"datetime": "2021-10-06 09:31:47", "elapsed": 217.229123, "delta": 1.175204}}
{"target": -33.77761740346799, "params": {"C": 186.5597402792431, "epsilon": 35.07592942599158, "gamma": 0.02990730929300226, "lamda": 0.10538712275928416}, "datetime": {"datetime": "2021-10-06 09:31:49", "elapsed": 219.289091, "delta": 2.059968}}
{"target": -33.84677949666073, "params": {"C": 335.60802032128686, "epsilon": 33.140240499113105, "gamma": 0.0264459472053383, "lamda": 0.05350162087810995}, "datetime": {"datetime": "2021-10-06 09:31:50", "elapsed": 220.509992, "delta": 1.220901}}
{"target": -33.77844328558237, "params": {"C": 194.65143109195728, "epsilon": 34.210097100033266, "gamma": 0.02030323032672272, "lamda": 0.08947665283932657}, "datetime": {"datetime": "2021-10-06 09:31:51", "elapsed": 221.707843, "delta": 1.197851}}
{"target": -33.77739957403652, "params": {"C": 176.71526389961844, "epsilon": 37.73764108320974, "gamma": 0.02564437115871257, "lamda": 0.06725594960017034}, "datetime": {"datetime": "2021-10-06 09:31:53", "elapsed": 222.992675, "delta": 1.284832}}
{"target": -33.768154655914856, "params": {"C": 194.37089139286633, "epsilon": 34.45341606300706, "gamma": 0.017055167880528715, "lamda": 0.06005557160930338}, "datetime": {"datetime": "2021-10-06 09:31:54", "elapsed": 224.626528, "delta": 1.633853}}
{"target": -33.75417371541589, "params": {"C": 185.91683341961763, "epsilon": 34.63461971186772, "gamma": 0.027793361813778082, "lamda": 0.0885402403803547}, "datetime": {"datetime": "2021-10-06 09:31:56", "elapsed": 225.928283, "delta": 1.301755}}
{"target": -33.79083263617525, "params": {"C": 282.16305412465977, "epsilon": 36.32483636141284, "gamma": 0.029437714013314457, "lamda": 0.06332664427391116}, "datetime": {"datetime": "2021-10-06 09:31:57", "elapsed": 227.108255, "delta": 1.179972}}
{"target": -33.77465120510155, "params": {"C": 273.23579361884833, "epsilon": 33.66613223661525, "gamma": 0.022251214081333688, "lamda": 0.09096428653087521}, "datetime": {"datetime": "2021-10-06 09:31:58", "elapsed": 228.301579, "delta": 1.193324}}
{"target": -33.89475798238796, "params": {"C": 251.47907470295024, "epsilon": 36.48554553480087, "gamma": 0.01585148832150863, "lamda": 0.05213246354721607}, "datetime": {"datetime": "2021-10-06 09:32:00", "elapsed": 230.229572, "delta": 1.927993}}
{"target": -33.750905433186176, "params": {"C": 270.3493373734449, "epsilon": 37.458114037470004, "gamma": 0.021560395010430736, "lamda": 0.06971916484139093}, "datetime": {"datetime": "2021-10-06 09:32:01", "elapsed": 231.467433, "delta": 1.237861}}
{"target": -34.01687230524516, "params": {"C": 186.638565595836, "epsilon": 35.123929160762096, "gamma": 0.012558125377245741, "lamda": 0.058636455487400325}, "datetime": {"datetime": "2021-10-06 09:32:03", "elapsed": 233.24079, "delta": 1.773357}}
{"target": -34.26144781183596, "params": {"C": 92.9760596068493, "epsilon": 35.33905657704282, "gamma": 0.010819178978517318, "lamda": 0.07423149078297361}, "datetime": {"datetime": "2021-10-06 09:32:04", "elapsed": 234.645949, "delta": 1.405159}}
{"target": -33.78973984383254, "params": {"C": 306.05501692162125, "epsilon": 37.00076398846601, "gamma": 0.029070300383644207, "lamda": 0.060134355568068704}, "datetime": {"datetime": "2021-10-06 09:32:06", "elapsed": 235.907168, "delta": 1.261219}}
{"target": -33.99093380489646, "params": {"C": 131.38685275361988, "epsilon": 36.58592186942622, "gamma": 0.01435613690800213, "lamda": 0.0676675418719085}, "datetime": {"datetime": "2021-10-06 09:32:07", "elapsed": 237.404983, "delta": 1.497815}}
{"target": -34.27208179627589, "params": {"C": 322.760073527385, "epsilon": 34.53642521101204, "gamma": 0.01103441663168419, "lamda": 0.0860604176105281}, "datetime": {"datetime": "2021-10-06 09:32:09", "elapsed": 239.015081, "delta": 1.610098}}
{"target": -33.75540152265381, "params": {"C": 101.6754595112168, "epsilon": 35.312567536603055, "gamma": 0.028193502838154944, "lamda": 0.09959038972352091}, "datetime": {"datetime": "2021-10-06 09:32:10", "elapsed": 240.685253, "delta": 1.670172}}
{"target": -33.89763887941892, "params": {"C": 373.1136048305104, "epsilon": 34.645102768236555, "gamma": 0.019003113537782258, "lamda": 0.10346507895851631}, "datetime": {"datetime": "2021-10-06 09:32:12", "elapsed": 242.666524, "delta": 1.981271}}
{"target": -33.78451352373911, "params": {"C": 361.32576809000756, "epsilon": 36.61372854970171, "gamma": 0.01892651314084088, "lamda": 0.07920574054113748}, "datetime": {"datetime": "2021-10-06 09:32:14", "elapsed": 244.850136, "delta": 2.183612}}
{"target": -34.00805887541009, "params": {"C": 377.10848323647633, "epsilon": 35.63579543968215, "gamma": 0.012923083618112336, "lamda": 0.05075469954365563}, "datetime": {"datetime": "2021-10-06 09:32:16", "elapsed": 246.31723, "delta": 1.467094}}
{"target": -33.95077667225496, "params": {"C": 191.5449220614491, "epsilon": 37.94134817917825, "gamma": 0.016823472679347907, "lamda": 0.0849654930336394}, "datetime": {"datetime": "2021-10-06 09:32:17", "elapsed": 247.506193, "delta": 1.188963}}
{"target": -34.357020854877085, "params": {"C": 329.0268602396012, "epsilon": 36.45509976006968, "gamma": 0.01287909180772259, "lamda": 0.11711389095723175}, "datetime": {"datetime": "2021-10-06 09:32:18", "elapsed": 248.747106, "delta": 1.240913}}
{"target": -33.732714849120114, "params": {"C": 287.0043268968585, "epsilon": 36.79195866947923, "gamma": 0.023017304391605015, "lamda": 0.08411736129850024}, "datetime": {"datetime": "2021-10-06 09:32:20", "elapsed": 250.131454, "delta": 1.384348}}
{"target": -33.74951034114609, "params": {"C": 180.7179836955876, "epsilon": 34.90150696042967, "gamma": 0.027570105046166478, "lamda": 0.08392164996189774}, "datetime": {"datetime": "2021-10-06 09:32:21", "elapsed": 251.443527, "delta": 1.312073}}
{"target": -34.072350245313245, "params": {"C": 115.25831080651423, "epsilon": 35.83821324493865, "gamma": 0.013585827657416862, "lamda": 0.07802078538151697}, "datetime": {"datetime": "2021-10-06 09:32:23", "elapsed": 252.981608, "delta": 1.538081}}
{"target": -33.8130916780439, "params": {"C": 64.03100006952411, "epsilon": 37.34353240867513, "gamma": 0.02980807314904642, "lamda": 0.057185108594507074}, "datetime": {"datetime": "2021-10-06 09:32:24", "elapsed": 254.370315, "delta": 1.388707}}
{"target": -34.09304024582494, "params": {"C": 186.62364118654264, "epsilon": 35.04738037154875, "gamma": 0.01407765968114444, "lamda": 0.09415999353341131}, "datetime": {"datetime": "2021-10-06 09:32:26", "elapsed": 256.050461, "delta": 1.680146}}
{"target": -33.81547004142026, "params": {"C": 377.21528815689436, "epsilon": 34.70934151013096, "gamma": 0.019031685871799868, "lamda": 0.0915351079883712}, "datetime": {"datetime": "2021-10-06 09:32:27", "elapsed": 257.30052, "delta": 1.250059}}
{"target": -34.00424018557809, "params": {"C": 132.83215007805143, "epsilon": 36.94377304568079, "gamma": 0.014427054960811383, "lamda": 0.069186582171936}, "datetime": {"datetime": "2021-10-06 09:32:29", "elapsed": 259.032438, "delta": 1.731918}}
{"target": -33.72007996222973, "params": {"C": 86.48911707187678, "epsilon": 35.20809496626959, "gamma": 0.02277883178017582, "lamda": 0.07793384635363731}, "datetime": {"datetime": "2021-10-06 09:32:30", "elapsed": 260.24448, "delta": 1.212042}}
{"target": -34.14029065614998, "params": {"C": 272.5398369938639, "epsilon": 35.25820513773077, "gamma": 0.014662148691722204, "lamda": 0.10818965378824086}, "datetime": {"datetime": "2021-10-06 09:32:32", "elapsed": 262.000388, "delta": 1.755908}}
{"target": -34.45311932753064, "params": {"C": 373.15327829580264, "epsilon": 34.5866750773378, "gamma": 0.010305252722423911, "lamda": 0.09721413710779392}, "datetime": {"datetime": "2021-10-06 09:32:33", "elapsed": 263.628811, "delta": 1.628423}}
{"target": -33.72498241198456, "params": {"C": 86.52058674510883, "epsilon": 35.191794033811675, "gamma": 0.02041737852578754, "lamda": 0.08148765749679826}, "datetime": {"datetime": "2021-10-06 09:32:35", "elapsed": 265.44161, "delta": 1.812799}}
{"target": -33.76063729481466, "params": {"C": 239.79813539227112, "epsilon": 36.93019061081832, "gamma": 0.028833866063656406, "lamda": 0.0788464421825655}, "datetime": {"datetime": "2021-10-06 09:32:37", "elapsed": 267.537992, "delta": 2.096382}}
{"target": -33.79504510924863, "params": {"C": 310.2692153637236, "epsilon": 35.283814086499724, "gamma": 0.022815462170027494, "lamda": 0.10388206030823668}, "datetime": {"datetime": "2021-10-06 09:32:39", "elapsed": 268.871286, "delta": 1.333294}}
{"target": -33.73547033698338, "params": {"C": 206.00864071153376, "epsilon": 36.702594126325835, "gamma": 0.02480005719925888, "lamda": 0.08052530492903438}, "datetime": {"datetime": "2021-10-06 09:32:41", "elapsed": 270.947677, "delta": 2.076391}}
{"target": -33.76747217791026, "params": {"C": 49.543390482771656, "epsilon": 35.77524069428643, "gamma": 0.02026343795183457, "lamda": 0.09223408590759218}, "datetime": {"datetime": "2021-10-06 09:32:42", "elapsed": 272.306949, "delta": 1.359272}}
{"target": -33.77500727317084, "params": {"C": 277.4069500030698, "epsilon": 36.65739185699936, "gamma": 0.021147013144876877, "lamda": 0.09699848155711047}, "datetime": {"datetime": "2021-10-06 09:32:43", "elapsed": 273.711057, "delta": 1.404108}}
{"target": -33.760841927203586, "params": {"C": 310.26082330035837, "epsilon": 35.28320228740722, "gamma": 0.028772916110861566, "lamda": 0.09699143220665218}, "datetime": {"datetime": "2021-10-06 09:32:45", "elapsed": 275.056596, "delta": 1.345539}}
{"target": -33.76872868197417, "params": {"C": 230.73969735916546, "epsilon": 37.50853792740771, "gamma": 0.029511827036269783, "lamda": 0.10371283803152644}, "datetime": {"datetime": "2021-10-06 09:32:46", "elapsed": 276.465115, "delta": 1.408519}}
{"target": -33.799316546781704, "params": {"C": 270.3909138363699, "epsilon": 37.43636788923274, "gamma": 0.027460840390690668, "lamda": 0.05062338405865261}, "datetime": {"datetime": "2021-10-06 09:32:48", "elapsed": 278.357066, "delta": 1.891951}}
{"target": -33.74802907857518, "params": {"C": 344.68956388427705, "epsilon": 35.96652920137063, "gamma": 0.02753048017823652, "lamda": 0.07857301107920296}, "datetime": {"datetime": "2021-10-06 09:32:50", "elapsed": 280.256476, "delta": 1.89941}}
{"target": -33.9139172426905, "params": {"C": 126.01468887023655, "epsilon": 36.8166073333613, "gamma": 0.018077985841011158, "lamda": 0.09742324532852507}, "datetime": {"datetime": "2021-10-06 09:32:52", "elapsed": 281.876939, "delta": 1.620463}}
{"target": -33.77733932120061, "params": {"C": 340.79424893235563, "epsilon": 33.68095410063422, "gamma": 0.017202180732365104, "lamda": 0.060644817607949375}, "datetime": {"datetime": "2021-10-06 09:32:53", "elapsed": 283.348225, "delta": 1.471286}}
{"target": -34.33805667734481, "params": {"C": 377.0416713480001, "epsilon": 35.6335442095621, "gamma": 0.013067696815383365, "lamda": 0.11485526858003017}, "datetime": {"datetime": "2021-10-06 09:32:55", "elapsed": 285.221811, "delta": 1.873586}}
{"target": -34.093119540934815, "params": {"C": 219.5162416878381, "epsilon": 36.51350033615113, "gamma": 0.014840023455244744, "lamda": 0.09982344657341895}, "datetime": {"datetime": "2021-10-06 09:32:56", "elapsed": 286.858521, "delta": 1.63671}}
{"target": -33.75497458122893, "params": {"C": 345.70295183775585, "epsilon": 37.189996120708564, "gamma": 0.02358233032385497, "lamda": 0.06975135056830531}, "datetime": {"datetime": "2021-10-06 09:32:58", "elapsed": 288.553735, "delta": 1.695214}}
{"target": -33.73002777972774, "params": {"C": 350.75422924552765, "epsilon": 35.58605643971512, "gamma": 0.026049558420251126, "lamda": 0.08033341749924461}, "datetime": {"datetime": "2021-10-06 09:33:00", "elapsed": 290.195252, "delta": 1.641517}}
{"target": -33.84876066670698, "params": {"C": 355.2986648469525, "epsilon": 37.71238322652926, "gamma": 0.018379533417806092, "lamda": 0.050625125589307055}, "datetime": {"datetime": "2021-10-06 09:33:01", "elapsed": 291.686963, "delta": 1.491711}}
{"target": -34.499745678855575, "params": {"C": 134.93980058509612, "epsilon": 33.804573872489826, "gamma": 0.011833965390289126, "lamda": 0.1111254004538012}, "datetime": {"datetime": "2021-10-06 09:33:03", "elapsed": 293.355526, "delta": 1.668563}}
{"target": -33.837353235224015, "params": {"C": 51.1228474895772, "epsilon": 37.72454779311385, "gamma": 0.018306290630071127, "lamda": 0.06376016387476946}, "datetime": {"datetime": "2021-10-06 09:33:05", "elapsed": 295.143944, "delta": 1.788418}}
{"target": -33.992687674148264, "params": {"C": 344.6979958952772, "epsilon": 35.95623955402831, "gamma": 0.017668751831995597, "lamda": 0.10971600308237602}, "datetime": {"datetime": "2021-10-06 09:33:07", "elapsed": 297.204239, "delta": 2.060295}}
{"target": -33.74602632039706, "params": {"C": 93.47785077216099, "epsilon": 35.39569083306758, "gamma": 0.019768009966049545, "lamda": 0.08713289039407714}, "datetime": {"datetime": "2021-10-06 09:33:10", "elapsed": 299.943252, "delta": 2.739013}}
{"target": -33.81668419202592, "params": {"C": 95.21466853069577, "epsilon": 33.47015846510554, "gamma": 0.028356140865648888, "lamda": 0.0741959089316499}, "datetime": {"datetime": "2021-10-06 09:33:11", "elapsed": 301.347916, "delta": 1.404664}}
{"target": -33.75182252291121, "params": {"C": 251.51840120872572, "epsilon": 36.4008931738461, "gamma": 0.028754920822490627, "lamda": 0.09332846057506172}, "datetime": {"datetime": "2021-10-06 09:33:13", "elapsed": 303.372851, "delta": 2.024935}}
{"target": -33.91635141971881, "params": {"C": 188.5518530982002, "epsilon": 35.76485047578259, "gamma": 0.020566412984955255, "lamda": 0.11598233357895166}, "datetime": {"datetime": "2021-10-06 09:33:14", "elapsed": 304.832069, "delta": 1.459218}}
{"target": -33.87796176787681, "params": {"C": 319.5917858972828, "epsilon": 33.708383761765745, "gamma": 0.026239325892775507, "lamda": 0.10611163430234631}, "datetime": {"datetime": "2021-10-06 09:33:16", "elapsed": 306.422065, "delta": 1.589996}}
{"target": -33.74979668988119, "params": {"C": 315.77889064894003, "epsilon": 34.19500994474011, "gamma": 0.02402282285567793, "lamda": 0.06193204797322869}, "datetime": {"datetime": "2021-10-06 09:33:18", "elapsed": 307.986007, "delta": 1.563942}}
{"target": -34.01406984306108, "params": {"C": 347.1176019882282, "epsilon": 34.948880714170365, "gamma": 0.017194873351913394, "lamda": 0.1102817342457213}, "datetime": {"datetime": "2021-10-06 09:33:19", "elapsed": 309.57978, "delta": 1.593773}}
{"target": -33.82486350233188, "params": {"C": 248.6607168364488, "epsilon": 37.27947087352753, "gamma": 0.01777799797559913, "lamda": 0.05773763394389145}, "datetime": {"datetime": "2021-10-06 09:33:21", "elapsed": 311.426511, "delta": 1.846731}}
{"target": -33.74730554898484, "params": {"C": 194.07802098026318, "epsilon": 33.939231684023554, "gamma": 0.021406206991501364, "lamda": 0.05941557214296579}, "datetime": {"datetime": "2021-10-06 09:33:23", "elapsed": 313.355877, "delta": 1.929366}}
{"target": -33.82857955653769, "params": {"C": 208.43818088117536, "epsilon": 36.09645218068823, "gamma": 0.01659161213951907, "lamda": 0.05957034959703364}, "datetime": {"datetime": "2021-10-06 09:33:25", "elapsed": 314.885615, "delta": 1.529738}}
{"target": -34.172550782707376, "params": {"C": 356.4731627338974, "epsilon": 36.328768122477584, "gamma": 0.014776992605873422, "lamda": 0.11439462084575908}, "datetime": {"datetime": "2021-10-06 09:33:26", "elapsed": 316.408547, "delta": 1.522932}}
{"target": -33.81278509170237, "params": {"C": 336.8011218818026, "epsilon": 36.28369487006206, "gamma": 0.029056705338874993, "lamda": 0.11711387053142083}, "datetime": {"datetime": "2021-10-06 09:33:28", "elapsed": 318.84603, "delta": 2.437483}}
{"target": -33.987861810153746, "params": {"C": 134.79138686803182, "epsilon": 34.962805761380444, "gamma": 0.01335584404716685, "lamda": 0.0652736350373664}, "datetime": {"datetime": "2021-10-06 09:33:31", "elapsed": 321.038301, "delta": 2.192271}}
{"target": -33.76873079358147, "params": {"C": 202.99860622799247, "epsilon": 35.856717107903215, "gamma": 0.02644163858929631, "lamda": 0.05646885475303953}, "datetime": {"datetime": "2021-10-06 09:33:32", "elapsed": 322.543825, "delta": 1.505524}}
