{"target": -34.305652170248614, "params": {"C": 37.89879519988231, "epsilon": 34.32423220949401, "gamma": 0.05747337864215547, "lamda": 0.13595738367164992}, "datetime": {"datetime": "2021-10-06 08:49:24", "elapsed": 302.806969, "delta": 2.948436}}
{"target": -33.90867817394891, "params": {"C": 129.28618492269322, "epsilon": 33.39967589699578, "gamma": 0.03840828514187873, "lamda": 0.08300505358298679}, "datetime": {"datetime": "2021-10-06 08:49:28", "elapsed": 306.569478, "delta": 3.762509}}
{"target": -34.92287635220597, "params": {"C": 77.85107998305924, "epsilon": 26.25440943355973, "gamma": 0.0744979471846769, "lamda": 0.06298377300623292}, "datetime": {"datetime": "2021-10-06 08:49:29", "elapsed": 307.895601, "delta": 1.326123}}
{"target": -34.89459996998963, "params": {"C": 109.60337964640543, "epsilon": 34.11536826933387, "gamma": 0.09760795247772197, "lamda": 0.11533161238139199}, "datetime": {"datetime": "2021-10-06 08:49:30", "elapsed": 309.25714, "delta": 1.361539}}
{"target": -34.32167684675959, "params": {"C": 71.20305628563511, "epsilon": 33.406775098811174, "gamma": 0.06031689820202243, "lamda": 0.11328549085499413}, "datetime": {"datetime": "2021-10-06 08:49:32", "elapsed": 311.004794, "delta": 1.747654}}
{"target": -34.09080186124401, "params": {"C": 138.4351866682845, "epsilon": 29.499050937817326, "gamma": 0.014789360613552217, "lamda": 0.07989571121974433}, "datetime": {"datetime": "2021-10-06 08:49:33", "elapsed": 312.284046, "delta": 1.279252}}
{"target": -34.23366034512057, "params": {"C": 46.27306344540156, "epsilon": 34.877043957250386, "gamma": 0.044899231469428105, "lamda": 0.14583974634025415}, "datetime": {"datetime": "2021-10-06 08:49:35", "elapsed": 314.026761, "delta": 1.742715}}
{"target": -34.38082808675736, "params": {"C": 171.2959310916585, "epsilon": 27.22571738114159, "gamma": 0.037290685588589015, "lamda": 0.023658254622635096}, "datetime": {"datetime": "2021-10-06 08:49:36", "elapsed": 315.372572, "delta": 1.345811}}
{"target": -34.01461777133278, "params": {"C": 175.31268638883634, "epsilon": 32.986345489331434, "gamma": 0.02856949948983082, "lamda": 0.11297369672129609}, "datetime": {"datetime": "2021-10-06 08:49:38", "elapsed": 316.658371, "delta": 1.285799}}
{"target": -34.265213462395955, "params": {"C": 129.32330837801106, "epsilon": 33.092545013192456, "gamma": 0.061037339548915916, "lamda": 0.07007572771303132}, "datetime": {"datetime": "2021-10-06 08:49:41", "elapsed": 320.330583, "delta": 3.672212}}
{"target": -34.50085722412782, "params": {"C": 174.0475701851082, "epsilon": 33.541993017275416, "gamma": 0.06855341858688936, "lamda": 0.043042160495392744}, "datetime": {"datetime": "2021-10-06 08:49:43", "elapsed": 321.791291, "delta": 1.460708}}
{"target": -34.15739098927506, "params": {"C": 160.10260531064264, "epsilon": 34.88993356828947, "gamma": 0.041572671189488035, "lamda": 0.1410185914691618}, "datetime": {"datetime": "2021-10-06 08:49:45", "elapsed": 324.497083, "delta": 2.705792}}
{"target": -35.475159155536, "params": {"C": 179.42657550575646, "epsilon": 34.482289807752665, "gamma": 0.04305971374724985, "lamda": 0.0023306244686678605}, "datetime": {"datetime": "2021-10-06 08:49:47", "elapsed": 326.001653, "delta": 1.50457}}
{"target": -34.13994099646479, "params": {"C": 160.0178272407911, "epsilon": 34.59786510062242, "gamma": 0.032988449973864443, "lamda": 0.13911083920762582}, "datetime": {"datetime": "2021-10-06 08:49:50", "elapsed": 328.850628, "delta": 2.848975}}
{"target": -33.90693492954809, "params": {"C": 84.28448723025585, "epsilon": 33.979671657350835, "gamma": 0.03132170238509035, "lamda": 0.04720094646294163}, "datetime": {"datetime": "2021-10-06 08:49:53", "elapsed": 332.380573, "delta": 3.529945}}
{"target": -34.972347975953035, "params": {"C": 185.76618794075347, "epsilon": 32.843394578112644, "gamma": 0.0806839307545152, "lamda": 0.1490361076993723}, "datetime": {"datetime": "2021-10-06 08:49:56", "elapsed": 334.594502, "delta": 2.213929}}
{"target": -37.615791464815175, "params": {"C": 48.2176684592634, "epsilon": 33.67365923502473, "gamma": 0.0020318384746070466, "lamda": 0.07398588408634282}, "datetime": {"datetime": "2021-10-06 08:49:57", "elapsed": 335.996207, "delta": 1.401705}}
{"target": -34.56069956361297, "params": {"C": 84.16493112494618, "epsilon": 33.68213153928389, "gamma": 0.07987749805464378, "lamda": 0.09930294501467472}, "datetime": {"datetime": "2021-10-06 08:50:01", "elapsed": 339.803526, "delta": 3.807319}}
{"target": -34.00091684382111, "params": {"C": 138.44267577818619, "epsilon": 34.63251510963554, "gamma": 0.023377153562270818, "lamda": 0.1255754364779354}, "datetime": {"datetime": "2021-10-06 08:50:02", "elapsed": 341.191345, "delta": 1.387819}}
{"target": -34.721655592400786, "params": {"C": 85.95441906068125, "epsilon": 30.976730856408654, "gamma": 0.053775423626280766, "lamda": 0.14144811004662566}, "datetime": {"datetime": "2021-10-06 08:50:04", "elapsed": 342.707282, "delta": 1.515937}}
{"target": -35.47116498209725, "params": {"C": 159.41060674242053, "epsilon": 27.275090771178334, "gamma": 0.08157269687459999, "lamda": 0.12043762158642286}, "datetime": {"datetime": "2021-10-06 08:50:05", "elapsed": 344.091196, "delta": 1.383914}}
{"target": -34.98535499405115, "params": {"C": 157.27323729334947, "epsilon": 28.15101790053219, "gamma": 0.07071183199282186, "lamda": 0.026398216400158207}, "datetime": {"datetime": "2021-10-06 08:50:07", "elapsed": 345.619982, "delta": 1.528786}}
{"target": -34.66679252923358, "params": {"C": 174.84057125537302, "epsilon": 29.507985285506656, "gamma": 0.03725487942437563, "lamda": 0.1293139771801782}, "datetime": {"datetime": "2021-10-06 08:50:08", "elapsed": 347.017925, "delta": 1.397943}}
{"target": -34.22702621164422, "params": {"C": 119.64924690268539, "epsilon": 33.70304757234955, "gamma": 0.04011219008043575, "lamda": 0.017470106537711784}, "datetime": {"datetime": "2021-10-06 08:50:09", "elapsed": 348.452391, "delta": 1.434466}}
{"target": -34.80699885262662, "params": {"C": 129.99881359790768, "epsilon": 34.4120545101107, "gamma": 0.08988224913684048, "lamda": 0.12461700637988662}, "datetime": {"datetime": "2021-10-06 08:50:13", "elapsed": 352.126007, "delta": 3.673616}}
{"target": -34.125929187354906, "params": {"C": 97.10196618409547, "epsilon": 31.573613925238817, "gamma": 0.034298899483643445, "lamda": 0.021371172713685896}, "datetime": {"datetime": "2021-10-06 08:50:15", "elapsed": 353.651617, "delta": 1.52561}}
{"target": -34.144997963991216, "params": {"C": 99.46671489655505, "epsilon": 34.956902852734004, "gamma": 0.05430198791129031, "lamda": 0.06321279888401704}, "datetime": {"datetime": "2021-10-06 08:50:19", "elapsed": 357.653404, "delta": 4.001787}}
{"target": -33.774928615162466, "params": {"C": 76.02859463388874, "epsilon": 33.79567066127473, "gamma": 0.023724087944527322, "lamda": 0.09366358093178472}, "datetime": {"datetime": "2021-10-06 08:50:22", "elapsed": 360.841024, "delta": 3.18762}}
{"target": -34.961473810992906, "params": {"C": 43.20286656757742, "epsilon": 30.66477858353861, "gamma": 0.08608866812306588, "lamda": 0.034887269381031205}, "datetime": {"datetime": "2021-10-06 08:50:24", "elapsed": 363.312607, "delta": 2.471583}}
{"target": -35.52784146112827, "params": {"C": 94.05273982921268, "epsilon": 31.142090794225783, "gamma": 0.08256402908755192, "lamda": 0.014769419402898425}, "datetime": {"datetime": "2021-10-06 08:50:26", "elapsed": 364.820394, "delta": 1.507787}}
{"target": -34.29207024775647, "params": {"C": 56.695239790999416, "epsilon": 34.837612507390965, "gamma": 0.06610643190655886, "lamda": 0.08505077437667984}, "datetime": {"datetime": "2021-10-06 08:50:28", "elapsed": 366.684909, "delta": 1.864515}}
{"target": -34.0094918823428, "params": {"C": 84.03218153970738, "epsilon": 34.24892671076972, "gamma": 0.027463598399889384, "lamda": 0.03001418786493914}, "datetime": {"datetime": "2021-10-06 08:50:31", "elapsed": 370.237321, "delta": 3.552412}}
{"target": -35.738223587419995, "params": {"C": 112.26333572887279, "epsilon": 26.10593243030764, "gamma": 0.0825662037501412, "lamda": 0.12133658479205732}, "datetime": {"datetime": "2021-10-06 08:50:33", "elapsed": 371.78938, "delta": 1.552059}}
{"target": -34.57162824931122, "params": {"C": 65.55361321986982, "epsilon": 29.786571201616773, "gamma": 0.062298597768810596, "lamda": 0.030512928445111224}, "datetime": {"datetime": "2021-10-06 08:50:35", "elapsed": 374.154802, "delta": 2.365422}}
{"target": -34.50952604492663, "params": {"C": 37.803670844465586, "epsilon": 34.85368993633918, "gamma": 0.07745745533145273, "lamda": 0.0812880651143869}, "datetime": {"datetime": "2021-10-06 08:50:40", "elapsed": 378.545273, "delta": 4.390471}}
{"target": -34.20427174978498, "params": {"C": 179.99909676407293, "epsilon": 29.453707820955817, "gamma": 0.043910007736251574, "lamda": 0.04597301809676168}, "datetime": {"datetime": "2021-10-06 08:50:41", "elapsed": 380.101375, "delta": 1.556102}}
{"target": -35.0063573060101, "params": {"C": 99.09318302863328, "epsilon": 34.983991987046515, "gamma": 0.002, "lamda": 0.001}, "datetime": {"datetime": "2021-10-06 08:50:46", "elapsed": 384.97302, "delta": 4.871645}}
{"target": -34.22175538138914, "params": {"C": 59.72797593665962, "epsilon": 32.92077696861969, "gamma": 0.009738175597346672, "lamda": 0.029440172917395653}, "datetime": {"datetime": "2021-10-06 08:50:47", "elapsed": 386.46737, "delta": 1.49435}}
{"target": -34.58669028665485, "params": {"C": 57.850200622579166, "epsilon": 34.38343259059101, "gamma": 0.08136409720033033, "lamda": 0.11339198395192568}, "datetime": {"datetime": "2021-10-06 08:50:50", "elapsed": 388.545989, "delta": 2.078619}}
{"target": -36.651520845260286, "params": {"C": 4.511093257111727, "epsilon": 30.6526020262906, "gamma": 0.04037287535404462, "lamda": 0.12491895142664639}, "datetime": {"datetime": "2021-10-06 08:50:51", "elapsed": 390.047618, "delta": 1.501629}}
{"target": -35.66055856039733, "params": {"C": 7.36629199789835, "epsilon": 29.168835046480744, "gamma": 0.02819329779007298, "lamda": 0.029520474760709167}, "datetime": {"datetime": "2021-10-06 08:50:53", "elapsed": 391.681985, "delta": 1.634367}}
{"target": -34.68432359932375, "params": {"C": 73.80742533922904, "epsilon": 29.320011563160634, "gamma": 0.019100599086420852, "lamda": 0.12180481476214618}, "datetime": {"datetime": "2021-10-06 08:50:54", "elapsed": 393.346856, "delta": 1.664871}}
{"target": -35.054169093401185, "params": {"C": 152.40449146693257, "epsilon": 32.01845456274434, "gamma": 0.0898217755670667, "lamda": 0.12578483959083936}, "datetime": {"datetime": "2021-10-06 08:50:56", "elapsed": 394.961016, "delta": 1.61416}}
{"target": -34.6995640909833, "params": {"C": 53.919039049399224, "epsilon": 33.351762767973206, "gamma": 0.08493103333007418, "lamda": 0.109438269573648}, "datetime": {"datetime": "2021-10-06 08:50:57", "elapsed": 396.43447, "delta": 1.473454}}
{"target": -35.68339378904204, "params": {"C": 18.46646387072228, "epsilon": 29.039456890728175, "gamma": 0.009495383800570406, "lamda": 0.09164374100771884}, "datetime": {"datetime": "2021-10-06 08:50:59", "elapsed": 397.998346, "delta": 1.563876}}
{"target": -34.13631638673576, "params": {"C": 76.21223190677391, "epsilon": 33.416501879429916, "gamma": 0.012108888350588261, "lamda": 0.07982979176057604}, "datetime": {"datetime": "2021-10-06 08:51:04", "elapsed": 403.110284, "delta": 5.111938}}
{"target": -34.35238856545115, "params": {"C": 128.97095085740682, "epsilon": 33.50704800405902, "gamma": 0.06798515876353639, "lamda": 0.08508970269604768}, "datetime": {"datetime": "2021-10-06 08:51:08", "elapsed": 407.195451, "delta": 4.085167}}
{"target": -33.935330685383356, "params": {"C": 62.65694740155354, "epsilon": 33.41659136110897, "gamma": 0.03444968487100044, "lamda": 0.05684685719980578}, "datetime": {"datetime": "2021-10-06 08:51:10", "elapsed": 408.865388, "delta": 1.669937}}
{"target": -34.78470341963257, "params": {"C": 79.76447243591194, "epsilon": 31.512001746072922, "gamma": 0.0802946237652172, "lamda": 0.11472565985535017}, "datetime": {"datetime": "2021-10-06 08:51:14", "elapsed": 412.7234, "delta": 3.858012}}
{"target": -33.95263656250179, "params": {"C": 88.49679315207298, "epsilon": 28.721870811239963, "gamma": 0.01883731307870748, "lamda": 0.050259670465006595}, "datetime": {"datetime": "2021-10-06 08:51:15", "elapsed": 414.259284, "delta": 1.535884}}
{"target": -34.91101685744159, "params": {"C": 136.0557696934082, "epsilon": 33.14237257816989, "gamma": 0.08044939208956961, "lamda": 0.1460628479893863}, "datetime": {"datetime": "2021-10-06 08:51:19", "elapsed": 418.30332, "delta": 4.044036}}
{"target": -34.55020072710671, "params": {"C": 112.85318150228242, "epsilon": 33.67755052727097, "gamma": 0.037830333497423985, "lamda": 0.00873017909584239}, "datetime": {"datetime": "2021-10-06 08:51:21", "elapsed": 419.860881, "delta": 1.557561}}
{"target": -33.901386110612755, "params": {"C": 197.76458901872212, "epsilon": 32.004589212083005, "gamma": 0.028058796555700212, "lamda": 0.04774727656515443}, "datetime": {"datetime": "2021-10-06 08:51:24", "elapsed": 423.227153, "delta": 3.366272}}
{"target": -33.95161090225682, "params": {"C": 193.82996632672956, "epsilon": 34.7252067903345, "gamma": 0.013394221376107181, "lamda": 0.05221240625006079}, "datetime": {"datetime": "2021-10-06 08:51:26", "elapsed": 424.803909, "delta": 1.576756}}
{"target": -34.02635469679787, "params": {"C": 173.97751029538557, "epsilon": 29.60389116744613, "gamma": 0.019194095676346758, "lamda": 0.08479332036746771}, "datetime": {"datetime": "2021-10-06 08:51:27", "elapsed": 426.380352, "delta": 1.576443}}
{"target": -34.468709014584654, "params": {"C": 18.056671047082506, "epsilon": 27.81543276101961, "gamma": 0.02555334293396526, "lamda": 0.0390657213681828}, "datetime": {"datetime": "2021-10-06 08:51:29", "elapsed": 427.990874, "delta": 1.610522}}
{"target": -34.39485842667134, "params": {"C": 73.49384837352845, "epsilon": 26.98682212457445, "gamma": 0.029233452591177732, "lamda": 0.09094865413680979}, "datetime": {"datetime": "2021-10-06 08:51:31", "elapsed": 430.49347, "delta": 2.502596}}
{"target": -34.56030546903599, "params": {"C": 173.64067636965493, "epsilon": 32.92417058564518, "gamma": 0.07429004316513582, "lamda": 0.05152635006129126}, "datetime": {"datetime": "2021-10-06 08:51:36", "elapsed": 434.837471, "delta": 4.344001}}
{"target": -34.30295681950494, "params": {"C": 191.508148410472, "epsilon": 31.39997725609079, "gamma": 0.026377625418860552, "lamda": 0.12577395788387802}, "datetime": {"datetime": "2021-10-06 08:51:37", "elapsed": 436.404245, "delta": 1.566774}}
{"target": -34.4357678903648, "params": {"C": 197.67709359918513, "epsilon": 31.692068472858104, "gamma": 0.06775211658760147, "lamda": 0.08248921232778433}, "datetime": {"datetime": "2021-10-06 08:51:42", "elapsed": 441.366736, "delta": 4.962491}}
{"target": -34.24570677606039, "params": {"C": 107.00948073915822, "epsilon": 34.210109118886216, "gamma": 0.053082672224812374, "lamda": 0.03938641872711794}, "datetime": {"datetime": "2021-10-06 08:51:44", "elapsed": 443.014426, "delta": 1.64769}}
{"target": -34.40351562854616, "params": {"C": 187.05772092531234, "epsilon": 30.476314760179495, "gamma": 0.00758975291554214, "lamda": 0.048000763379945785}, "datetime": {"datetime": "2021-10-06 08:51:46", "elapsed": 444.650203, "delta": 1.635777}}
{"target": -34.32062515233497, "params": {"C": 109.01646452416664, "epsilon": 30.94657777916707, "gamma": 0.04819789798526789, "lamda": 0.11247492077468983}, "datetime": {"datetime": "2021-10-06 08:51:47", "elapsed": 446.291292, "delta": 1.641089}}
{"target": -35.13781485208246, "params": {"C": 182.50507704527223, "epsilon": 27.29138512173777, "gamma": 0.08496989216352778, "lamda": 0.0866122305188399}, "datetime": {"datetime": "2021-10-06 08:51:49", "elapsed": 447.942278, "delta": 1.650986}}
{"target": -34.629866328871046, "params": {"C": 96.39195354818536, "epsilon": 33.23690832489076, "gamma": 0.0826558560786477, "lamda": 0.10118643418461332}, "datetime": {"datetime": "2021-10-06 08:51:53", "elapsed": 451.670035, "delta": 3.727757}}
{"target": -34.62167093141861, "params": {"C": 90.15285116943687, "epsilon": 33.116633475228035, "gamma": 0.07861859377140724, "lamda": 0.0546103061471698}, "datetime": {"datetime": "2021-10-06 08:51:54", "elapsed": 453.396702, "delta": 1.726667}}
{"target": -34.07846935942075, "params": {"C": 107.4159735112653, "epsilon": 31.042503616637937, "gamma": 0.03866580606537185, "lamda": 0.0426269528358567}, "datetime": {"datetime": "2021-10-06 08:51:56", "elapsed": 455.009528, "delta": 1.612826}}
{"target": -34.558392151490956, "params": {"C": 136.18360865174805, "epsilon": 29.38986204712757, "gamma": 0.05451248343404173, "lamda": 0.10608843328454853}, "datetime": {"datetime": "2021-10-06 08:51:58", "elapsed": 456.620227, "delta": 1.610699}}
{"target": -34.84034113242696, "params": {"C": 83.63688749452757, "epsilon": 34.10626728204317, "gamma": 0.09837485393522345, "lamda": 0.08942237231831403}, "datetime": {"datetime": "2021-10-06 08:52:02", "elapsed": 460.653625, "delta": 4.033398}}
{"target": -33.79173694569919, "params": {"C": 168.4829521581678, "epsilon": 32.085026919095455, "gamma": 0.01883726679367985, "lamda": 0.059707260987376075}, "datetime": {"datetime": "2021-10-06 08:52:03", "elapsed": 462.290778, "delta": 1.637153}}
{"target": -34.9462389800959, "params": {"C": 60.66955387858531, "epsilon": 26.78055562533823, "gamma": 0.02274234217541428, "lamda": 0.0011707771096369011}, "datetime": {"datetime": "2021-10-06 08:52:05", "elapsed": 464.431849, "delta": 2.141071}}
{"target": -34.82445819057977, "params": {"C": 198.0701311592312, "epsilon": 32.22272131296862, "gamma": 0.09125459591088692, "lamda": 0.10024964677613594}, "datetime": {"datetime": "2021-10-06 08:52:11", "elapsed": 469.761858, "delta": 5.330009}}
{"target": -38.7672768016332, "params": {"C": 168.12111811510306, "epsilon": 31.9732570901566, "gamma": 0.0026365057087375083, "lamda": 0.11674423665610711}, "datetime": {"datetime": "2021-10-06 08:52:16", "elapsed": 474.820658, "delta": 5.0588}}
{"target": -34.33292545059087, "params": {"C": 75.84345236899925, "epsilon": 34.035604179042394, "gamma": 0.06552321186088897, "lamda": 0.06534895753403923}, "datetime": {"datetime": "2021-10-06 08:52:21", "elapsed": 479.56539, "delta": 4.744732}}
{"target": -34.568868011856715, "params": {"C": 168.70496181738605, "epsilon": 32.36528325853963, "gamma": 0.018168552073812766, "lamda": 0.13757638948713255}, "datetime": {"datetime": "2021-10-06 08:52:25", "elapsed": 484.356341, "delta": 4.790951}}
{"target": -33.84974089646925, "params": {"C": 49.4991537964951, "epsilon": 31.679767165474992, "gamma": 0.022254139042118162, "lamda": 0.07420018447831982}, "datetime": {"datetime": "2021-10-06 08:52:27", "elapsed": 486.125555, "delta": 1.769214}}
{"target": -34.08299493044687, "params": {"C": 119.93807452140136, "epsilon": 33.85078502795472, "gamma": 0.021060654596444697, "lamda": 0.12369645611563639}, "datetime": {"datetime": "2021-10-06 08:52:31", "elapsed": 490.313718, "delta": 4.188163}}
{"target": -35.399798474367856, "params": {"C": 89.56323718597352, "epsilon": 29.830087479122575, "gamma": 0.09930307389311452, "lamda": 0.039475405131065164}, "datetime": {"datetime": "2021-10-06 08:52:33", "elapsed": 491.985348, "delta": 1.67163}}
{"target": -34.893595942007174, "params": {"C": 112.09049192010568, "epsilon": 32.528914680899334, "gamma": 0.003136452637711404, "lamda": 0.027353858483534204}, "datetime": {"datetime": "2021-10-06 08:52:35", "elapsed": 493.975911, "delta": 1.990563}}
{"target": -34.03706577462899, "params": {"C": 49.522488738955055, "epsilon": 31.36909640035277, "gamma": 0.017519691644967673, "lamda": 0.09744229698072293}, "datetime": {"datetime": "2021-10-06 08:52:39", "elapsed": 498.235334, "delta": 4.259423}}
{"target": -35.50078345174261, "params": {"C": 64.4597601852908, "epsilon": 31.63606253859162, "gamma": 0.09944391145635412, "lamda": 0.14096891591952398}, "datetime": {"datetime": "2021-10-06 08:52:41", "elapsed": 499.948463, "delta": 1.713129}}
{"target": -34.62052940931919, "params": {"C": 45.678665338045796, "epsilon": 31.971540103348172, "gamma": 0.007969807780605874, "lamda": 0.07790615748301977}, "datetime": {"datetime": "2021-10-06 08:52:43", "elapsed": 501.707368, "delta": 1.758905}}
{"target": -34.96430395997751, "params": {"C": 134.357014426752, "epsilon": 33.148535174200774, "gamma": 0.09256364092003222, "lamda": 0.12379138784710769}, "datetime": {"datetime": "2021-10-06 08:52:44", "elapsed": 503.395133, "delta": 1.687765}}
{"target": -34.79255161207219, "params": {"C": 69.26968380934419, "epsilon": 33.50912559748407, "gamma": 0.010820029935475695, "lamda": 0.12114134581557806}, "datetime": {"datetime": "2021-10-06 08:52:46", "elapsed": 505.036827, "delta": 1.641694}}
{"target": -34.211023570548804, "params": {"C": 42.29171598541001, "epsilon": 29.972450996861003, "gamma": 0.03973335076427949, "lamda": 0.09144014161325492}, "datetime": {"datetime": "2021-10-06 08:52:48", "elapsed": 506.760118, "delta": 1.723291}}
{"target": -34.2389775579694, "params": {"C": 97.68209753395902, "epsilon": 31.092812683613577, "gamma": 0.051738665101196, "lamda": 0.07343054943304508}, "datetime": {"datetime": "2021-10-06 08:52:49", "elapsed": 508.414199, "delta": 1.654081}}
{"target": -34.413711445739175, "params": {"C": 49.75390788803696, "epsilon": 31.548060684370384, "gamma": 0.06471900162230024, "lamda": 0.07801490960040361}, "datetime": {"datetime": "2021-10-06 08:52:56", "elapsed": 514.806897, "delta": 6.392698}}
{"target": -34.77190535184236, "params": {"C": 97.45262030020012, "epsilon": 31.522705186253287, "gamma": 0.08635951101437726, "lamda": 0.06160021823487221}, "datetime": {"datetime": "2021-10-06 08:53:00", "elapsed": 518.914715, "delta": 4.107818}}
