{"target": -34.591217523208705, "params": {"C": 268.6127475470796, "epsilon": 37.50912559748407, "gamma": 0.010820029935475695, "lamda": 0.12114134581557806}, "datetime": {"datetime": "2021-10-06 09:20:44", "elapsed": 436.177861, "delta": 2.183656}}
{"target": -33.90992420440986, "params": {"C": 241.49921204563822, "epsilon": 33.972450996861006, "gamma": 0.03973335076427949, "lamda": 0.09144014161325492}, "datetime": {"datetime": "2021-10-06 09:20:46", "elapsed": 437.834115, "delta": 1.656254}}
{"target": -34.07895080605773, "params": {"C": 297.16793722005934, "epsilon": 35.09281268361357, "gamma": 0.051738665101196, "lamda": 0.07343054943304508}, "datetime": {"datetime": "2021-10-06 09:20:48", "elapsed": 439.60123, "delta": 1.767115}}
{"target": -34.55071701165373, "params": {"C": 295.2066397452726, "epsilon": 36.312799204844076, "gamma": 0.07381758055195148, "lamda": 0.04488512056892581}, "datetime": {"datetime": "2021-10-06 09:20:50", "elapsed": 441.65267, "delta": 2.05144}}
{"target": -34.7169628187539, "params": {"C": 290.8339201354877, "epsilon": 34.804701239882874, "gamma": 0.08080771050782211, "lamda": 0.14622795547358647}, "datetime": {"datetime": "2021-10-06 09:20:52", "elapsed": 443.663229, "delta": 2.010559}}
{"target": -34.020638264761324, "params": {"C": 249.22728995277154, "epsilon": 34.2394829047548, "gamma": 0.011454396312574713, "lamda": 0.0060424423180546255}, "datetime": {"datetime": "2021-10-06 09:20:54", "elapsed": 445.910146, "delta": 2.246917}}
{"target": -34.7497395824911, "params": {"C": 295.4656013713396, "epsilon": 37.171649547348785, "gamma": 0.09604996809446877, "lamda": 0.12876746733955596}, "datetime": {"datetime": "2021-10-06 09:20:57", "elapsed": 448.364958, "delta": 2.454812}}
{"target": -36.85804903475622, "params": {"C": 354.1108052446817, "epsilon": 31.198215850010907, "gamma": 0.053181635409859825, "lamda": 0.0017914261179673395}, "datetime": {"datetime": "2021-10-06 09:20:59", "elapsed": 450.728014, "delta": 2.363056}}
{"target": -37.16019752195166, "params": {"C": 305.2274416093581, "epsilon": 32.18810493367282, "gamma": 0.005436458025116355, "lamda": 0.1396325539585057}, "datetime": {"datetime": "2021-10-06 09:21:01", "elapsed": 452.681773, "delta": 1.953759}}
{"target": -34.535260139416685, "params": {"C": 335.72196095304, "epsilon": 36.88415205133805, "gamma": 0.08287362939699602, "lamda": 0.07514440918837065}, "datetime": {"datetime": "2021-10-06 09:21:03", "elapsed": 455.039795, "delta": 2.358022}}
{"target": -34.554869525284516, "params": {"C": 367.0463858916386, "epsilon": 36.500218130902226, "gamma": 0.08438429117397617, "lamda": 0.08084265780834417}, "datetime": {"datetime": "2021-10-06 09:21:06", "elapsed": 457.255656, "delta": 2.215861}}
{"target": -34.139006674088, "params": {"C": 283.447302528018, "epsilon": 35.01437394743616, "gamma": 0.05544459475096778, "lamda": 0.0690568400017367}, "datetime": {"datetime": "2021-10-06 09:21:08", "elapsed": 460.013465, "delta": 2.757809}}
{"target": -34.100824443664465, "params": {"C": 384.8495847461708, "epsilon": 35.450562122088996, "gamma": 0.053913024790864385, "lamda": 0.11225048110379057}, "datetime": {"datetime": "2021-10-06 09:21:10", "elapsed": 461.996818, "delta": 1.983353}}
{"target": -35.03955232287417, "params": {"C": 342.21130756152337, "epsilon": 37.70451654822489, "gamma": 0.009014614179415846, "lamda": 0.14059971508677488}, "datetime": {"datetime": "2021-10-06 09:21:12", "elapsed": 463.837844, "delta": 1.841026}}
{"target": -37.18326968055282, "params": {"C": 201.24737101480073, "epsilon": 33.37518019142931, "gamma": 0.07314685818380154, "lamda": 0.0011801692666104748}, "datetime": {"datetime": "2021-10-06 09:21:14", "elapsed": 465.863201, "delta": 2.025357}}
{"target": -36.16500772367141, "params": {"C": 222.06269914882856, "epsilon": 35.84083370203596, "gamma": 0.09611679715698139, "lamda": 0.01497033827209716}, "datetime": {"datetime": "2021-10-06 09:21:16", "elapsed": 467.596951, "delta": 1.73375}}
{"target": -34.83546620837463, "params": {"C": 352.4243503029745, "epsilon": 35.26811263948771, "gamma": 0.09177398209003942, "lamda": 0.13801102283874744}, "datetime": {"datetime": "2021-10-06 09:21:18", "elapsed": 469.620232, "delta": 2.023281}}
{"target": -33.84410727529602, "params": {"C": 235.66868454732503, "epsilon": 35.39447659882225, "gamma": 0.03660457871877037, "lamda": 0.09825417856844623}, "datetime": {"datetime": "2021-10-06 09:21:21", "elapsed": 472.244175, "delta": 2.623943}}
{"target": -36.60162777399778, "params": {"C": 394.7974727212004, "epsilon": 37.79521385062462, "gamma": 0.09600428736963963, "lamda": 0.010777517453005363}, "datetime": {"datetime": "2021-10-06 09:21:23", "elapsed": 474.258932, "delta": 2.014757}}
{"target": -35.82628377218756, "params": {"C": 391.7961959734447, "epsilon": 34.30214112195443, "gamma": 0.07473557959962518, "lamda": 0.011428249760873994}, "datetime": {"datetime": "2021-10-06 09:21:24", "elapsed": 476.178656, "delta": 1.919724}}
{"target": -34.07909152284475, "params": {"C": 252.30961855168624, "epsilon": 34.949996668701225, "gamma": 0.03734534626249816, "lamda": 0.1349893551684653}, "datetime": {"datetime": "2021-10-06 09:21:26", "elapsed": 478.062041, "delta": 1.883385}}
{"target": -35.4843167318957, "params": {"C": 257.5722520076091, "epsilon": 31.458749856557382, "gamma": 0.006443625503309096, "lamda": 0.10070301868106545}, "datetime": {"datetime": "2021-10-06 09:21:28", "elapsed": 479.995423, "delta": 1.933382}}
{"target": -34.31617441113733, "params": {"C": 375.1631697448106, "epsilon": 36.95102620212317, "gamma": 0.07122537298939227, "lamda": 0.09804183837919714}, "datetime": {"datetime": "2021-10-06 09:21:31", "elapsed": 482.316437, "delta": 2.321014}}
{"target": -34.11311221478025, "params": {"C": 298.0817602602515, "epsilon": 37.0309462690297, "gamma": 0.053683557920539644, "lamda": 0.1329033801582851}, "datetime": {"datetime": "2021-10-06 09:21:33", "elapsed": 484.408463, "delta": 2.092026}}
{"target": -35.15624729903571, "params": {"C": 227.8624366939488, "epsilon": 31.421321136070905, "gamma": 0.08743409019277516, "lamda": 0.031985364689762166}, "datetime": {"datetime": "2021-10-06 09:21:35", "elapsed": 486.332629, "delta": 1.924166}}
{"target": -36.77849020697004, "params": {"C": 264.9118258784108, "epsilon": 35.657433061854825, "gamma": 0.004069240936038008, "lamda": 0.11957597828584482}, "datetime": {"datetime": "2021-10-06 09:21:38", "elapsed": 489.219938, "delta": 2.887309}}
{"target": -34.290812373296234, "params": {"C": 378.2824169911458, "epsilon": 32.19225418030861, "gamma": 0.05766220957065083, "lamda": 0.09031033232946739}, "datetime": {"datetime": "2021-10-06 09:21:40", "elapsed": 491.245595, "delta": 2.025657}}
{"target": -34.25241716633101, "params": {"C": 320.66928735092307, "epsilon": 34.53391402558429, "gamma": 0.055064800453092935, "lamda": 0.13607552309816567}, "datetime": {"datetime": "2021-10-06 09:21:41", "elapsed": 493.075771, "delta": 1.830176}}
{"target": -34.048893349336, "params": {"C": 283.88242648535083, "epsilon": 35.23448210016233, "gamma": 0.05149358693629907, "lamda": 0.09315170848204216}, "datetime": {"datetime": "2021-10-06 09:21:44", "elapsed": 496.024667, "delta": 2.948896}}
{"target": -34.66410524111012, "params": {"C": 205.23308749545018, "epsilon": 33.87920168377715, "gamma": 0.06216099500694066, "lamda": 0.022156115710959566}, "datetime": {"datetime": "2021-10-06 09:21:46", "elapsed": 498.164287, "delta": 2.13962}}
{"target": -34.10591797668443, "params": {"C": 210.63578739276184, "epsilon": 30.608956627208265, "gamma": 0.04089673689852587, "lamda": 0.05343842323540135}, "datetime": {"datetime": "2021-10-06 09:21:49", "elapsed": 500.376432, "delta": 2.212145}}
{"target": -33.81152532559933, "params": {"C": 330.4087639195552, "epsilon": 32.68083211982956, "gamma": 0.02380866882097777, "lamda": 0.07908652690902168}, "datetime": {"datetime": "2021-10-06 09:21:51", "elapsed": 502.324031, "delta": 1.947599}}
{"target": -34.506004969558134, "params": {"C": 203.87638409430326, "epsilon": 37.39686129712204, "gamma": 0.0648613653807354, "lamda": 0.03601169362055299}, "datetime": {"datetime": "2021-10-06 09:21:53", "elapsed": 504.533117, "delta": 2.209086}}
{"target": -34.419792729371004, "params": {"C": 290.0815317966403, "epsilon": 36.31987107644002, "gamma": 0.07722815574186047, "lamda": 0.09710419615204684}, "datetime": {"datetime": "2021-10-06 09:21:55", "elapsed": 506.610414, "delta": 2.077297}}
{"target": -33.95062489404268, "params": {"C": 360.30536719634836, "epsilon": 38.84190358421558, "gamma": 0.045682941007182745, "lamda": 0.09001985132847226}, "datetime": {"datetime": "2021-10-06 09:21:58", "elapsed": 509.65078, "delta": 3.040366}}
{"target": -33.830435296199546, "params": {"C": 391.7777738003192, "epsilon": 36.6943424206017, "gamma": 0.03515836343028401, "lamda": 0.08886372268774385}, "datetime": {"datetime": "2021-10-06 09:22:01", "elapsed": 512.955392, "delta": 3.304612}}
{"target": -33.86875385209245, "params": {"C": 360.2340397170391, "epsilon": 38.75268720240706, "gamma": 0.039166014169688755, "lamda": 0.09613091544251225}, "datetime": {"datetime": "2021-10-06 09:22:04", "elapsed": 515.41914, "delta": 2.463748}}
{"target": -34.74469110597765, "params": {"C": 349.33767593223035, "epsilon": 35.593011916063006, "gamma": 0.09033044369839335, "lamda": 0.12694571757837148}, "datetime": {"datetime": "2021-10-06 09:22:06", "elapsed": 517.378985, "delta": 1.959845}}
{"target": -33.89856335381288, "params": {"C": 279.37221430104995, "epsilon": 34.85202154127182, "gamma": 0.014768079468757337, "lamda": 0.0695185265914031}, "datetime": {"datetime": "2021-10-06 09:22:08", "elapsed": 519.830853, "delta": 2.451868}}
{"target": -33.93245934605426, "params": {"C": 381.6735032485607, "epsilon": 36.97612696734755, "gamma": 0.014841971223260095, "lamda": 0.0066937727258803556}, "datetime": {"datetime": "2021-10-06 09:22:10", "elapsed": 522.033592, "delta": 2.202739}}
{"target": -34.047961363269444, "params": {"C": 265.62187952697786, "epsilon": 36.190540357545295, "gamma": 0.04015193709002827, "lamda": 0.13996107988866172}, "datetime": {"datetime": "2021-10-06 09:22:12", "elapsed": 524.005274, "delta": 1.971682}}
{"target": -33.94474753621705, "params": {"C": 273.11761392222803, "epsilon": 37.685324642391784, "gamma": 0.03863420051508308, "lamda": 0.05084330663072}, "datetime": {"datetime": "2021-10-06 09:22:14", "elapsed": 526.052026, "delta": 2.046752}}
{"target": -34.3171498693669, "params": {"C": 229.35087597094224, "epsilon": 30.827277451574794, "gamma": 0.017661921187781406, "lamda": 0.004808529779899484}, "datetime": {"datetime": "2021-10-06 09:22:17", "elapsed": 528.556267, "delta": 2.504241}}
{"target": -34.33630786888261, "params": {"C": 347.6142936429129, "epsilon": 30.767193409240004, "gamma": 0.01152057796858863, "lamda": 0.08825134223677081}, "datetime": {"datetime": "2021-10-06 09:22:19", "elapsed": 531.1169, "delta": 2.560633}}
{"target": -34.247290268014716, "params": {"C": 321.5734876941398, "epsilon": 36.197031462905755, "gamma": 0.048179318862379895, "lamda": 0.026035554428229003}, "datetime": {"datetime": "2021-10-06 09:22:22", "elapsed": 533.671339, "delta": 2.554439}}
{"target": -34.17723073324459, "params": {"C": 391.7784033786569, "epsilon": 36.67075728245165, "gamma": 0.05872434509825127, "lamda": 0.06788763719413778}, "datetime": {"datetime": "2021-10-06 09:22:24", "elapsed": 535.799196, "delta": 2.127857}}
{"target": -33.81175987733324, "params": {"C": 201.2864082153879, "epsilon": 35.95398645644833, "gamma": 0.024202834218971243, "lamda": 0.035077530981673516}, "datetime": {"datetime": "2021-10-06 09:22:26", "elapsed": 537.812418, "delta": 2.013222}}
{"target": -34.23492459832344, "params": {"C": 396.0776171831985, "epsilon": 31.79137137128165, "gamma": 0.05107783576908295, "lamda": 0.09161414754683123}, "datetime": {"datetime": "2021-10-06 09:22:29", "elapsed": 540.652774, "delta": 2.840356}}
{"target": -34.090611490402964, "params": {"C": 209.8348761781742, "epsilon": 35.83382218112313, "gamma": 0.028250223145920676, "lamda": 0.14391121198472204}, "datetime": {"datetime": "2021-10-06 09:22:31", "elapsed": 542.939781, "delta": 2.287007}}
{"target": -34.01193307409447, "params": {"C": 264.9671668337107, "epsilon": 35.70953671987785, "gamma": 0.0495845978839872, "lamda": 0.09989484156026657}, "datetime": {"datetime": "2021-10-06 09:22:33", "elapsed": 544.946718, "delta": 2.006937}}
{"target": -34.14613452662641, "params": {"C": 375.82462988006574, "epsilon": 36.52383659661937, "gamma": 0.051215910814456186, "lamda": 0.04884107730563707}, "datetime": {"datetime": "2021-10-06 09:22:35", "elapsed": 547.064969, "delta": 2.118251}}
{"target": -33.95383213878992, "params": {"C": 361.4103746124568, "epsilon": 35.82476028502928, "gamma": 0.043758779248571404, "lamda": 0.07952520181573551}, "datetime": {"datetime": "2021-10-06 09:22:37", "elapsed": 549.146552, "delta": 2.081583}}
{"target": -33.91987473792176, "params": {"C": 330.43618912127613, "epsilon": 32.7132567376861, "gamma": 0.03512190598552406, "lamda": 0.06606071274625445}, "datetime": {"datetime": "2021-10-06 09:22:41", "elapsed": 552.366646, "delta": 3.220094}}
{"target": -34.01509477483971, "params": {"C": 264.91106650123515, "epsilon": 35.759443223172596, "gamma": 0.04126962447809189, "lamda": 0.04448029151172466}, "datetime": {"datetime": "2021-10-06 09:22:44", "elapsed": 555.225465, "delta": 2.858819}}
{"target": -34.82516678264719, "params": {"C": 381.7338632105673, "epsilon": 37.05564208385537, "gamma": 0.07703616696037785, "lamda": 0.03449186423577827}, "datetime": {"datetime": "2021-10-06 09:22:46", "elapsed": 558.082396, "delta": 2.856931}}
{"target": -33.83338846546445, "params": {"C": 344.164954571468, "epsilon": 32.619678924085534, "gamma": 0.02062712448783128, "lamda": 0.03938627861215371}, "datetime": {"datetime": "2021-10-06 09:22:49", "elapsed": 560.601008, "delta": 2.518612}}
{"target": -36.252557429646444, "params": {"C": 360.9560715732724, "epsilon": 32.808433972113235, "gamma": 0.0942605634381733, "lamda": 0.014576800969677589}, "datetime": {"datetime": "2021-10-06 09:22:52", "elapsed": 563.626376, "delta": 3.025368}}
{"target": -34.06022879645653, "params": {"C": 268.2935458615592, "epsilon": 35.91014324682219, "gamma": 0.031054622008397502, "lamda": 0.014035659809120318}, "datetime": {"datetime": "2021-10-06 09:22:55", "elapsed": 566.835396, "delta": 3.20902}}
{"target": -33.90718373009065, "params": {"C": 248.73653419635306, "epsilon": 35.651339260289376, "gamma": 0.03701948233501952, "lamda": 0.05920984443973853}, "datetime": {"datetime": "2021-10-06 09:22:59", "elapsed": 570.574947, "delta": 3.739551}}
{"target": -34.073973099214406, "params": {"C": 322.7527365287733, "epsilon": 34.831874629052635, "gamma": 0.03976574050519471, "lamda": 0.027212447123876528}, "datetime": {"datetime": "2021-10-06 09:23:01", "elapsed": 572.793541, "delta": 2.218594}}
{"target": -34.82741718593599, "params": {"C": 389.2074135493156, "epsilon": 30.894150358274622, "gamma": 0.08677775670396658, "lamda": 0.09563268414551415}, "datetime": {"datetime": "2021-10-06 09:23:03", "elapsed": 574.844408, "delta": 2.050867}}
{"target": -34.52602108588992, "params": {"C": 284.4814718454445, "epsilon": 31.172105609383873, "gamma": 0.0723137441580078, "lamda": 0.07812153217195693}, "datetime": {"datetime": "2021-10-06 09:23:06", "elapsed": 577.269573, "delta": 2.425165}}
{"target": -33.82059423783393, "params": {"C": 279.3253498431584, "epsilon": 34.87051253212766, "gamma": 0.0341127780524027, "lamda": 0.09159583539716272}, "datetime": {"datetime": "2021-10-06 09:23:08", "elapsed": 579.444905, "delta": 2.175332}}
{"target": -37.58253705264815, "params": {"C": 246.54012445980558, "epsilon": 38.264557160379916, "gamma": 0.09440948037892793, "lamda": 0.006425901928094727}, "datetime": {"datetime": "2021-10-06 09:23:10", "elapsed": 581.711535, "delta": 2.26663}}
{"target": -37.09340255175535, "params": {"C": 391.46793817694254, "epsilon": 35.4126876201244, "gamma": 0.004310431491668446, "lamda": 0.13331006846394655}, "datetime": {"datetime": "2021-10-06 09:23:12", "elapsed": 583.825033, "delta": 2.113498}}
{"target": -33.93514366053299, "params": {"C": 244.72631650488663, "epsilon": 35.66178705350173, "gamma": 0.034525884631355724, "lamda": 0.0386539027206305}, "datetime": {"datetime": "2021-10-06 09:23:15", "elapsed": 586.601804, "delta": 2.776771}}
{"target": -33.792272251065555, "params": {"C": 283.8907247657876, "epsilon": 35.345122104201934, "gamma": 0.031221572828280295, "lamda": 0.10887904904454557}, "datetime": {"datetime": "2021-10-06 09:23:17", "elapsed": 589.082181, "delta": 2.480377}}
{"target": -34.726274065482485, "params": {"C": 217.8023975631135, "epsilon": 30.958271153362464, "gamma": 0.050882511164188786, "lamda": 0.14307677885205716}, "datetime": {"datetime": "2021-10-06 09:23:20", "elapsed": 591.398504, "delta": 2.316323}}
{"target": -34.31579078571929, "params": {"C": 283.85526666027584, "epsilon": 35.30103605932308, "gamma": 0.06715219548458994, "lamda": 0.1085450114466783}, "datetime": {"datetime": "2021-10-06 09:23:24", "elapsed": 595.253711, "delta": 3.855207}}
{"target": -34.37183370293196, "params": {"C": 323.58090682529684, "epsilon": 38.24939980045989, "gamma": 0.07607655547364114, "lamda": 0.08651992303350095}, "datetime": {"datetime": "2021-10-06 09:23:26", "elapsed": 597.39805, "delta": 2.144339}}
{"target": -34.20194049933217, "params": {"C": 283.9000519872731, "epsilon": 34.896235725324196, "gamma": 0.040258137268792994, "lamda": 0.14825389016971627}, "datetime": {"datetime": "2021-10-06 09:23:29", "elapsed": 600.530389, "delta": 3.132339}}
{"target": -33.87641061660199, "params": {"C": 312.56601652758906, "epsilon": 31.40491653862789, "gamma": 0.014320470029147684, "lamda": 0.04069555951949438}, "datetime": {"datetime": "2021-10-06 09:23:31", "elapsed": 602.693204, "delta": 2.162815}}
{"target": -34.11841064609221, "params": {"C": 235.2881889407342, "epsilon": 36.157417764318886, "gamma": 0.05424825383222436, "lamda": 0.12169659785115788}, "datetime": {"datetime": "2021-10-06 09:23:34", "elapsed": 605.769756, "delta": 3.076552}}
{"target": -34.234424496555405, "params": {"C": 312.9755501028515, "epsilon": 33.51784095993272, "gamma": 0.057415994005744965, "lamda": 0.05595126892003476}, "datetime": {"datetime": "2021-10-06 09:23:37", "elapsed": 608.48357, "delta": 2.713814}}
{"target": -33.91300783290424, "params": {"C": 251.9452448071114, "epsilon": 32.043521519644415, "gamma": 0.012054849712285213, "lamda": 0.00907125662582169}, "datetime": {"datetime": "2021-10-06 09:23:40", "elapsed": 611.837215, "delta": 3.353645}}
{"target": -35.75312146725668, "params": {"C": 334.2837384726227, "epsilon": 31.56634595765658, "gamma": 0.009118862460193312, "lamda": 0.1379638961216875}, "datetime": {"datetime": "2021-10-06 09:23:42", "elapsed": 613.917125, "delta": 2.07991}}
{"target": -34.03448073816484, "params": {"C": 388.1155126112076, "epsilon": 33.941541594940524, "gamma": 0.04689539937725191, "lamda": 0.07110380423431359}, "datetime": {"datetime": "2021-10-06 09:23:45", "elapsed": 616.214549, "delta": 2.297424}}
{"target": -34.154090329910765, "params": {"C": 311.4397697961321, "epsilon": 36.36794726760875, "gamma": 0.05423258797375883, "lamda": 0.057743268731836064}, "datetime": {"datetime": "2021-10-06 09:23:47", "elapsed": 618.456145, "delta": 2.241596}}
{"target": -34.15462143942485, "params": {"C": 322.1656693629181, "epsilon": 32.24754738389673, "gamma": 0.043637884673568494, "lamda": 0.11513708274768153}, "datetime": {"datetime": "2021-10-06 09:23:49", "elapsed": 620.608174, "delta": 2.152029}}
{"target": -34.54325326469247, "params": {"C": 328.59001782710243, "epsilon": 30.290600152061874, "gamma": 0.05144272200715695, "lamda": 0.018193247626924643}, "datetime": {"datetime": "2021-10-06 09:23:51", "elapsed": 622.736737, "delta": 2.128563}}
{"target": -33.85493934599532, "params": {"C": 330.4357210452934, "epsilon": 32.65481610383714, "gamma": 0.030676762025766753, "lamda": 0.07714719602582243}, "datetime": {"datetime": "2021-10-06 09:23:54", "elapsed": 626.046051, "delta": 3.309314}}
{"target": -34.78146830419898, "params": {"C": 201.88660646965926, "epsilon": 31.532649641057578, "gamma": 0.07887627098237336, "lamda": 0.11996086076526231}, "datetime": {"datetime": "2021-10-06 09:23:56", "elapsed": 628.195172, "delta": 2.149121}}
{"target": -33.809210166173834, "params": {"C": 361.8284165979672, "epsilon": 34.70087446920332, "gamma": 0.032608393913835715, "lamda": 0.08478197161188814}, "datetime": {"datetime": "2021-10-06 09:23:59", "elapsed": 630.322791, "delta": 2.127619}}
{"target": -34.26631474879777, "params": {"C": 382.8226819572619, "epsilon": 36.46394094302559, "gamma": 0.06754718766073851, "lamda": 0.10549651079757948}, "datetime": {"datetime": "2021-10-06 09:24:01", "elapsed": 632.670724, "delta": 2.347933}}
{"target": -34.44412632300707, "params": {"C": 380.47149282253974, "epsilon": 35.042860745906836, "gamma": 0.06345007081581312, "lamda": 0.03803000583613559}, "datetime": {"datetime": "2021-10-06 09:24:03", "elapsed": 635.038703, "delta": 2.367979}}
{"target": -34.09778367956965, "params": {"C": 391.7430503993348, "epsilon": 36.647509659790074, "gamma": 0.04076482002802082, "lamda": 0.14873895912576324}, "datetime": {"datetime": "2021-10-06 09:24:06", "elapsed": 637.615103, "delta": 2.5764}}
{"target": -33.92907422530485, "params": {"C": 312.8581283736339, "epsilon": 33.443179489703724, "gamma": 0.0356135543588603, "lamda": 0.10672504298254053}, "datetime": {"datetime": "2021-10-06 09:24:09", "elapsed": 640.961583, "delta": 3.34648}}
{"target": -34.6543265851858, "params": {"C": 283.4798462572266, "epsilon": 34.86123142876343, "gamma": 0.06556309220597795, "lamda": 0.02672403856611975}, "datetime": {"datetime": "2021-10-06 09:24:11", "elapsed": 643.072876, "delta": 2.111293}}
