{"target": -33.91530722973092, "params": {"C": 376.47987786766896, "epsilon": 35.77979130945203, "gamma": 0.01852650286576938, "lamda": 0.10397765915257662}, "datetime": {"datetime": "2021-10-06 09:28:14", "elapsed": 3.906636, "delta": 0.33201}}
{"target": -33.7779383524716, "params": {"C": 193.59594344032348, "epsilon": 34.57825158394344, "gamma": 0.016869470353658593, "lamda": 0.06280261954865078}, "datetime": {"datetime": "2021-10-06 09:28:14", "elapsed": 4.331061, "delta": 0.424425}}
{"target": -33.73397652896542, "params": {"C": 194.3505184008085, "epsilon": 34.43487642049953, "gamma": 0.023210965159935038, "lamda": 0.09117138144869988}, "datetime": {"datetime": "2021-10-06 09:28:14", "elapsed": 4.715464, "delta": 0.384403}}
{"target": -33.93848060632917, "params": {"C": 152.33089529664926, "epsilon": 36.17890708092897, "gamma": 0.018010102187218352, "lamda": 0.10260883599402232}, "datetime": {"datetime": "2021-10-06 09:28:15", "elapsed": 5.018138, "delta": 0.302674}}
{"target": -33.755597563709316, "params": {"C": 193.8217040684845, "epsilon": 33.95267059124573, "gamma": 0.023283919331899584, "lamda": 0.07129484130075925}, "datetime": {"datetime": "2021-10-06 09:28:15", "elapsed": 5.347727, "delta": 0.329589}}
{"target": -34.121945491677266, "params": {"C": 376.5558956180849, "epsilon": 35.72028948975604, "gamma": 0.011445806835029264, "lamda": 0.0569146993387634}, "datetime": {"datetime": "2021-10-06 09:28:15", "elapsed": 5.66713, "delta": 0.319403}}
{"target": -34.129935838694834, "params": {"C": 40.35959651630974, "epsilon": 35.75102116728869, "gamma": 0.013239765526134473, "lamda": 0.0834459439420712}, "datetime": {"datetime": "2021-10-06 09:28:16", "elapsed": 5.982705, "delta": 0.315575}}
{"target": -33.942837786341265, "params": {"C": 154.98519616837342, "epsilon": 35.42396253256814, "gamma": 0.018336526173766583, "lamda": 0.10745811954107179}, "datetime": {"datetime": "2021-10-06 09:28:16", "elapsed": 6.283782, "delta": 0.301077}}
{"target": -33.92460795887898, "params": {"C": 120.0902613413795, "epsilon": 35.23500927839363, "gamma": 0.02100219426090833, "lamda": 0.11644278811982074}, "datetime": {"datetime": "2021-10-06 09:28:16", "elapsed": 6.675672, "delta": 0.39189}}
{"target": -33.74199290193805, "params": {"C": 78.84422742999061, "epsilon": 35.75265547888339, "gamma": 0.019829302809185066, "lamda": 0.060217239258016766}, "datetime": {"datetime": "2021-10-06 09:28:17", "elapsed": 7.110973, "delta": 0.435301}}
{"target": -33.83344955546067, "params": {"C": 78.84771438899958, "epsilon": 35.907554692738394, "gamma": 0.02094487818669479, "lamda": 0.10465472339556743}, "datetime": {"datetime": "2021-10-06 09:28:17", "elapsed": 7.516001, "delta": 0.405028}}
{"target": -33.73134295443112, "params": {"C": 193.78012340972646, "epsilon": 34.26447759050058, "gamma": 0.02027176266447693, "lamda": 0.0771171313988728}, "datetime": {"datetime": "2021-10-06 09:28:18", "elapsed": 7.866771, "delta": 0.35077}}
{"target": -33.76059292820049, "params": {"C": 101.17992448558896, "epsilon": 34.3588564724729, "gamma": 0.026070812353039, "lamda": 0.09536269805153662}, "datetime": {"datetime": "2021-10-06 09:28:18", "elapsed": 8.211728, "delta": 0.344957}}
{"target": -33.760546820069436, "params": {"C": 193.7794233697809, "epsilon": 34.875262513016956, "gamma": 0.026415134004960122, "lamda": 0.06271076536667071}, "datetime": {"datetime": "2021-10-06 09:28:18", "elapsed": 8.634316, "delta": 0.422588}}
{"target": -33.78998630359856, "params": {"C": 193.8270629960386, "epsilon": 34.576163692305244, "gamma": 0.017908655764896034, "lamda": 0.08186353903332685}, "datetime": {"datetime": "2021-10-06 09:28:19", "elapsed": 9.020473, "delta": 0.386157}}
{"target": -34.21369125661679, "params": {"C": 327.404891899143, "epsilon": 33.81763356038476, "gamma": 0.010300664349979071, "lamda": 0.061269209601583136}, "datetime": {"datetime": "2021-10-06 09:28:19", "elapsed": 9.349139, "delta": 0.328666}}
{"target": -33.79675882776664, "params": {"C": 387.03343975040053, "epsilon": 36.54163819949141, "gamma": 0.021650261416887716, "lamda": 0.10222870959423908}, "datetime": {"datetime": "2021-10-06 09:28:19", "elapsed": 9.727401, "delta": 0.378262}}
{"target": -33.759840405580704, "params": {"C": 356.144656832695, "epsilon": 35.261097244037494, "gamma": 0.01798429729395808, "lamda": 0.07180697464708627}, "datetime": {"datetime": "2021-10-06 09:28:20", "elapsed": 10.116994, "delta": 0.389593}}
{"target": -33.7299644173586, "params": {"C": 194.215406585255, "epsilon": 34.01611696002495, "gamma": 0.020490535400233337, "lamda": 0.08040746045957675}, "datetime": {"datetime": "2021-10-06 09:28:20", "elapsed": 10.507197, "delta": 0.390203}}
{"target": -33.76802045088856, "params": {"C": 194.65543128294027, "epsilon": 34.21180823235332, "gamma": 0.02687090131685268, "lamda": 0.0943530765165728}, "datetime": {"datetime": "2021-10-06 09:28:21", "elapsed": 10.972917, "delta": 0.46572}}
{"target": -34.22819101541906, "params": {"C": 194.0764747595629, "epsilon": 34.248370765482015, "gamma": 0.011752467808202483, "lamda": 0.09039202229619939}, "datetime": {"datetime": "2021-10-06 09:28:21", "elapsed": 11.352863, "delta": 0.379946}}
{"target": -34.1039842318091, "params": {"C": 194.5206941263819, "epsilon": 34.61127681904279, "gamma": 0.011650422606735567, "lamda": 0.06127778022162554}, "datetime": {"datetime": "2021-10-06 09:28:21", "elapsed": 11.73826, "delta": 0.385397}}
{"target": -33.76549956931508, "params": {"C": 228.43890693196923, "epsilon": 34.960363696116595, "gamma": 0.028744957874813286, "lamda": 0.07951567491290912}, "datetime": {"datetime": "2021-10-06 09:28:22", "elapsed": 12.151847, "delta": 0.413587}}
{"target": -33.9469119140426, "params": {"C": 210.41715524234706, "epsilon": 33.32097420361604, "gamma": 0.016592734677610833, "lamda": 0.09481265768453365}, "datetime": {"datetime": "2021-10-06 09:28:22", "elapsed": 12.497577, "delta": 0.34573}}
{"target": -33.73755676226393, "params": {"C": 194.1266466949297, "epsilon": 33.92773585632652, "gamma": 0.02153308347644292, "lamda": 0.0789381434705649}, "datetime": {"datetime": "2021-10-06 09:28:23", "elapsed": 12.908927, "delta": 0.41135}}
{"target": -33.93217850069853, "params": {"C": 269.54747801651047, "epsilon": 34.088753490724265, "gamma": 0.02405310306028255, "lamda": 0.11348983765907969}, "datetime": {"datetime": "2021-10-06 09:28:23", "elapsed": 13.317299, "delta": 0.408372}}
{"target": -34.22495320867631, "params": {"C": 193.56155328498664, "epsilon": 34.24100478322327, "gamma": 0.014065848109913705, "lamda": 0.10805648752397792}, "datetime": {"datetime": "2021-10-06 09:28:23", "elapsed": 13.726686, "delta": 0.409387}}
{"target": -33.76689152237608, "params": {"C": 78.69307336257941, "epsilon": 35.828849278278184, "gamma": 0.01761172549562047, "lamda": 0.053609903521786684}, "datetime": {"datetime": "2021-10-06 09:28:24", "elapsed": 14.138242, "delta": 0.411556}}
{"target": -33.712994211129875, "params": {"C": 164.68088532574336, "epsilon": 35.53471451357385, "gamma": 0.024496725274226003, "lamda": 0.0864651488454857}, "datetime": {"datetime": "2021-10-06 09:28:24", "elapsed": 14.505256, "delta": 0.367014}}
{"target": -33.77541507303303, "params": {"C": 194.46946601007434, "epsilon": 34.242297214416375, "gamma": 0.01826331701510967, "lamda": 0.08141544953283353}, "datetime": {"datetime": "2021-10-06 09:28:25", "elapsed": 15.224253, "delta": 0.718997}}
{"target": -33.739167509112924, "params": {"C": 367.39927426226217, "epsilon": 37.56245205470796, "gamma": 0.025098854696128707, "lamda": 0.09825441639687478}, "datetime": {"datetime": "2021-10-06 09:28:25", "elapsed": 15.705411, "delta": 0.481158}}
{"target": -33.746524327018626, "params": {"C": 176.63971644891257, "epsilon": 37.7223258321212, "gamma": 0.025298787923334995, "lamda": 0.10503638567666743}, "datetime": {"datetime": "2021-10-06 09:28:26", "elapsed": 16.073398, "delta": 0.367987}}
{"target": -33.919197129587, "params": {"C": 161.3041111954787, "epsilon": 37.71459254580073, "gamma": 0.017586945274382426, "lamda": 0.07025724920277925}, "datetime": {"datetime": "2021-10-06 09:28:26", "elapsed": 16.453845, "delta": 0.380447}}
{"target": -33.872568739681064, "params": {"C": 164.64948604906374, "epsilon": 35.657381106924916, "gamma": 0.015267012833580404, "lamda": 0.05425287555442622}, "datetime": {"datetime": "2021-10-06 09:28:27", "elapsed": 16.872484, "delta": 0.418639}}
{"target": -33.76057254811702, "params": {"C": 265.9574802558293, "epsilon": 33.62610384472942, "gamma": 0.023588775177640946, "lamda": 0.06797904505359917}, "datetime": {"datetime": "2021-10-06 09:28:27", "elapsed": 17.260007, "delta": 0.387523}}
{"target": -33.74117752477828, "params": {"C": 186.60123372040403, "epsilon": 35.090275974901054, "gamma": 0.026498651309784002, "lamda": 0.07505689521257312}, "datetime": {"datetime": "2021-10-06 09:28:27", "elapsed": 17.739249, "delta": 0.479242}}
{"target": -33.89315952935727, "params": {"C": 377.054277800257, "epsilon": 35.51162746651385, "gamma": 0.015448918469177824, "lamda": 0.07375274767958047}, "datetime": {"datetime": "2021-10-06 09:28:28", "elapsed": 18.125109, "delta": 0.38586}}
{"target": -34.12111731841127, "params": {"C": 388.56246034294503, "epsilon": 36.220198799970674, "gamma": 0.011756203717796563, "lamda": 0.05494331632467388}, "datetime": {"datetime": "2021-10-06 09:28:28", "elapsed": 18.501417, "delta": 0.376308}}
{"target": -33.75417774850508, "params": {"C": 193.80946212001038, "epsilon": 34.378744255122314, "gamma": 0.021458223401866067, "lamda": 0.09125812542946397}, "datetime": {"datetime": "2021-10-06 09:28:29", "elapsed": 18.906631, "delta": 0.405214}}
{"target": -33.88695064284101, "params": {"C": 193.90342322683082, "epsilon": 33.78517929712502, "gamma": 0.025389234059030708, "lamda": 0.10834574500877714}, "datetime": {"datetime": "2021-10-06 09:28:29", "elapsed": 19.30555, "delta": 0.398919}}
{"target": -33.8341360484761, "params": {"C": 171.95781053954983, "epsilon": 37.24197916166669, "gamma": 0.018218759436767124, "lamda": 0.07609865813037872}, "datetime": {"datetime": "2021-10-06 09:28:29", "elapsed": 19.713321, "delta": 0.407771}}
{"target": -33.92969425186587, "params": {"C": 78.81415780355877, "epsilon": 35.80010770291045, "gamma": 0.014515869077314775, "lamda": 0.0649861486411187}, "datetime": {"datetime": "2021-10-06 09:28:30", "elapsed": 20.113696, "delta": 0.400375}}
{"target": -33.75425191312536, "params": {"C": 272.5506491840156, "epsilon": 35.28916485038355, "gamma": 0.01776921981295664, "lamda": 0.055675765917912706}, "datetime": {"datetime": "2021-10-06 09:28:30", "elapsed": 20.496701, "delta": 0.383005}}
{"target": -33.74229380467158, "params": {"C": 364.35085491806865, "epsilon": 34.52770492442895, "gamma": 0.020811012652667434, "lamda": 0.05811823164142266}, "datetime": {"datetime": "2021-10-06 09:28:31", "elapsed": 20.92367, "delta": 0.426969}}
{"target": -33.81359504630238, "params": {"C": 138.73069787361158, "epsilon": 33.51933555533346, "gamma": 0.027071328136692142, "lamda": 0.059880678285051364}, "datetime": {"datetime": "2021-10-06 09:28:31", "elapsed": 21.321962, "delta": 0.398292}}
{"target": -33.85685218071496, "params": {"C": 292.5300919328366, "epsilon": 34.43518713432711, "gamma": 0.014919907486799722, "lamda": 0.0623000343280743}, "datetime": {"datetime": "2021-10-06 09:28:31", "elapsed": 21.712396, "delta": 0.390434}}
{"target": -34.01497140196887, "params": {"C": 370.4121748407597, "epsilon": 37.859457997563325, "gamma": 0.014963586496884052, "lamda": 0.059692042502554804}, "datetime": {"datetime": "2021-10-06 09:28:32", "elapsed": 22.108408, "delta": 0.396012}}
{"target": -33.92333693063957, "params": {"C": 194.087240398044, "epsilon": 34.030616601128756, "gamma": 0.01793551257250025, "lamda": 0.10109700719353984}, "datetime": {"datetime": "2021-10-06 09:28:32", "elapsed": 22.517018, "delta": 0.40861}}
{"target": -33.83601907472032, "params": {"C": 206.20902112886398, "epsilon": 37.07725483098459, "gamma": 0.022597629161324302, "lamda": 0.11379959151655335}, "datetime": {"datetime": "2021-10-06 09:28:33", "elapsed": 22.901913, "delta": 0.384895}}
{"target": -33.765034204700726, "params": {"C": 194.20160608973993, "epsilon": 33.873611716852864, "gamma": 0.020570520119751884, "lamda": 0.05196422128634119}, "datetime": {"datetime": "2021-10-06 09:28:33", "elapsed": 23.337311, "delta": 0.435398}}
{"target": -33.7403533942543, "params": {"C": 93.45173167915794, "epsilon": 35.39218225344553, "gamma": 0.020133828156307074, "lamda": 0.058479687778061826}, "datetime": {"datetime": "2021-10-06 09:28:33", "elapsed": 23.756243, "delta": 0.418932}}
{"target": -33.76092021740073, "params": {"C": 164.68388580101555, "epsilon": 35.380274169657376, "gamma": 0.026053812738926936, "lamda": 0.059205517283924}, "datetime": {"datetime": "2021-10-06 09:28:34", "elapsed": 24.205195, "delta": 0.448952}}
{"target": -33.80608092338331, "params": {"C": 235.3971463696814, "epsilon": 33.99901335956787, "gamma": 0.026065269333441013, "lamda": 0.05569345592027539}, "datetime": {"datetime": "2021-10-06 09:28:34", "elapsed": 24.638851, "delta": 0.433656}}
{"target": -34.73950760020974, "params": {"C": 193.73507167520046, "epsilon": 34.50591350767562, "gamma": 0.010345575670477468, "lamda": 0.11782102140898346}, "datetime": {"datetime": "2021-10-06 09:28:35", "elapsed": 25.065107, "delta": 0.426256}}
{"target": -33.956671398040776, "params": {"C": 101.52179769458924, "epsilon": 37.47046591754831, "gamma": 0.020090857371522042, "lamda": 0.11903760367826946}, "datetime": {"datetime": "2021-10-06 09:28:35", "elapsed": 25.509733, "delta": 0.444626}}
{"target": -33.89622025905169, "params": {"C": 278.10194735256914, "epsilon": 37.144705464709624, "gamma": 0.016554735247038474, "lamda": 0.07657711454160429}, "datetime": {"datetime": "2021-10-06 09:28:36", "elapsed": 25.924259, "delta": 0.414526}}
{"target": -33.73020170969665, "params": {"C": 320.7569405145979, "epsilon": 34.36011232463713, "gamma": 0.02397278559859392, "lamda": 0.08107322845084383}, "datetime": {"datetime": "2021-10-06 09:28:36", "elapsed": 26.372744, "delta": 0.448485}}
{"target": -33.81127914864287, "params": {"C": 180.20306490258915, "epsilon": 37.93570159134648, "gamma": 0.02362584536186821, "lamda": 0.11359123981524527}, "datetime": {"datetime": "2021-10-06 09:28:36", "elapsed": 26.818596, "delta": 0.445852}}
{"target": -33.76114422057196, "params": {"C": 265.40387207704833, "epsilon": 36.05463265249464, "gamma": 0.027286103353265458, "lamda": 0.06449841454428337}, "datetime": {"datetime": "2021-10-06 09:28:37", "elapsed": 27.251965, "delta": 0.433369}}
{"target": -33.939270435013405, "params": {"C": 228.67438511948197, "epsilon": 34.60630840965722, "gamma": 0.026743927771976282, "lamda": 0.11927142237746133}, "datetime": {"datetime": "2021-10-06 09:28:37", "elapsed": 27.662288, "delta": 0.410323}}
{"target": -33.747078263877874, "params": {"C": 320.8878826636822, "epsilon": 34.9181166067812, "gamma": 0.025672055145557156, "lamda": 0.09998917865261697}, "datetime": {"datetime": "2021-10-06 09:28:38", "elapsed": 28.095592, "delta": 0.433304}}
{"target": -33.91943493512675, "params": {"C": 391.65457505827027, "epsilon": 35.92400352225596, "gamma": 0.019503486531239893, "lamda": 0.1119856446546689}, "datetime": {"datetime": "2021-10-06 09:28:38", "elapsed": 28.559297, "delta": 0.463705}}
{"target": -34.29775048825498, "params": {"C": 389.5200565314451, "epsilon": 34.33231850327796, "gamma": 0.010881562009993729, "lamda": 0.08826842861113607}, "datetime": {"datetime": "2021-10-06 09:28:39", "elapsed": 29.002846, "delta": 0.443549}}
{"target": -33.810706342269, "params": {"C": 239.3191196632415, "epsilon": 33.17415348170346, "gamma": 0.02677030625148421, "lamda": 0.08782382447537451}, "datetime": {"datetime": "2021-10-06 09:28:39", "elapsed": 29.466707, "delta": 0.463861}}
{"target": -33.75237589148351, "params": {"C": 82.45533538173635, "epsilon": 33.75856052183022, "gamma": 0.02286725139947151, "lamda": 0.06333982610989938}, "datetime": {"datetime": "2021-10-06 09:28:40", "elapsed": 29.923549, "delta": 0.456842}}
{"target": -33.78057188017963, "params": {"C": 375.4396917677389, "epsilon": 36.83092636747191, "gamma": 0.029994374484669586, "lamda": 0.07354597963967512}, "datetime": {"datetime": "2021-10-06 09:28:40", "elapsed": 30.373546, "delta": 0.449997}}
{"target": -33.806816706544964, "params": {"C": 53.33252679120924, "epsilon": 34.21432084298826, "gamma": 0.01690168819574572, "lamda": 0.05604301078621917}, "datetime": {"datetime": "2021-10-06 09:28:41", "elapsed": 30.876364, "delta": 0.502818}}
{"target": -33.80262444070493, "params": {"C": 108.55796747247294, "epsilon": 34.10273409382812, "gamma": 0.02628839050135972, "lamda": 0.10200227529850696}, "datetime": {"datetime": "2021-10-06 09:28:41", "elapsed": 31.382884, "delta": 0.50652}}
{"target": -33.729622984154055, "params": {"C": 224.1913708953956, "epsilon": 37.040356516911274, "gamma": 0.025799992620734263, "lamda": 0.09502537937830147}, "datetime": {"datetime": "2021-10-06 09:28:41", "elapsed": 31.84526, "delta": 0.462376}}
{"target": -33.733848297067176, "params": {"C": 361.2983631069885, "epsilon": 36.59230602545621, "gamma": 0.020642755378002732, "lamda": 0.08232356488826625}, "datetime": {"datetime": "2021-10-06 09:28:42", "elapsed": 32.364568, "delta": 0.519308}}
{"target": -33.78461834356637, "params": {"C": 61.54814179899523, "epsilon": 37.877348002283206, "gamma": 0.028746830113537493, "lamda": 0.06944704600834925}, "datetime": {"datetime": "2021-10-06 09:28:43", "elapsed": 33.017547, "delta": 0.652979}}
{"target": -33.880365297637226, "params": {"C": 342.5201502757119, "epsilon": 34.55996048584836, "gamma": 0.023558400374262913, "lamda": 0.11254556307364967}, "datetime": {"datetime": "2021-10-06 09:28:43", "elapsed": 33.561385, "delta": 0.543838}}
{"target": -33.789043931682414, "params": {"C": 108.82671824425246, "epsilon": 37.008095995893726, "gamma": 0.01871561945727704, "lamda": 0.07209665150936545}, "datetime": {"datetime": "2021-10-06 09:28:44", "elapsed": 34.089865, "delta": 0.52848}}
{"target": -33.72870057288959, "params": {"C": 251.46259374361233, "epsilon": 36.45031420731824, "gamma": 0.023044491851331006, "lamda": 0.07905658132704088}, "datetime": {"datetime": "2021-10-06 09:28:44", "elapsed": 34.600771, "delta": 0.510906}}
{"target": -33.95911071424067, "params": {"C": 103.70556429151128, "epsilon": 33.488474238774955, "gamma": 0.02155011620155208, "lamda": 0.11310108596033804}, "datetime": {"datetime": "2021-10-06 09:28:45", "elapsed": 35.152799, "delta": 0.552028}}
{"target": -33.737776543945856, "params": {"C": 134.86080823095494, "epsilon": 34.96467799595749, "gamma": 0.021363412002472347, "lamda": 0.05837452097459477}, "datetime": {"datetime": "2021-10-06 09:28:45", "elapsed": 35.637776, "delta": 0.484977}}
{"target": -34.0836737937439, "params": {"C": 156.08292973494994, "epsilon": 34.8962701145673, "gamma": 0.014076387278584533, "lamda": 0.09261711085839992}, "datetime": {"datetime": "2021-10-06 09:28:46", "elapsed": 36.202634, "delta": 0.564858}}
{"target": -34.017406666913466, "params": {"C": 307.7730948592133, "epsilon": 36.29161439059465, "gamma": 0.015979621326252455, "lamda": 0.0980407617856247}, "datetime": {"datetime": "2021-10-06 09:28:46", "elapsed": 36.704209, "delta": 0.501575}}
{"target": -34.41488604176833, "params": {"C": 301.5401987809833, "epsilon": 33.59000104220004, "gamma": 0.01021576920767015, "lamda": 0.09128019001647267}, "datetime": {"datetime": "2021-10-06 09:28:47", "elapsed": 37.208328, "delta": 0.504119}}
{"target": -33.91005132942943, "params": {"C": 376.0944838883229, "epsilon": 36.16686375307057, "gamma": 0.01916458018080438, "lamda": 0.1070752341562437}, "datetime": {"datetime": "2021-10-06 09:28:47", "elapsed": 37.714755, "delta": 0.506427}}
{"target": -33.9657255012084, "params": {"C": 171.04221004496165, "epsilon": 37.49396337041036, "gamma": 0.017856106535253873, "lamda": 0.10246723198282576}, "datetime": {"datetime": "2021-10-06 09:28:48", "elapsed": 38.252437, "delta": 0.537682}}
{"target": -33.75888456056129, "params": {"C": 121.63065371977379, "epsilon": 37.76594339770184, "gamma": 0.029405351783546134, "lamda": 0.0877269533052228}, "datetime": {"datetime": "2021-10-06 09:28:48", "elapsed": 38.757143, "delta": 0.504706}}
{"target": -33.74129757384367, "params": {"C": 229.49599909731973, "epsilon": 36.1348992336536, "gamma": 0.0199600394387982, "lamda": 0.0627877867553706}, "datetime": {"datetime": "2021-10-06 09:28:49", "elapsed": 39.24851, "delta": 0.491367}}
{"target": -33.767267262455874, "params": {"C": 76.10183516523233, "epsilon": 35.43581545904169, "gamma": 0.02814926933224455, "lamda": 0.07022959776082816}, "datetime": {"datetime": "2021-10-06 09:28:49", "elapsed": 39.796198, "delta": 0.547688}}
{"target": -33.77193209250888, "params": {"C": 292.98292394732465, "epsilon": 37.585014642906394, "gamma": 0.02283497122583245, "lamda": 0.06587799875958707}, "datetime": {"datetime": "2021-10-06 09:28:50", "elapsed": 40.306756, "delta": 0.510558}}
{"target": -33.739034821853735, "params": {"C": 287.27879688375907, "epsilon": 35.44563054628834, "gamma": 0.019854737878439176, "lamda": 0.06385008536662222}, "datetime": {"datetime": "2021-10-06 09:28:51", "elapsed": 40.897908, "delta": 0.591152}}
{"target": -33.7370213176042, "params": {"C": 186.95446590484855, "epsilon": 36.600580754448785, "gamma": 0.026795959260951255, "lamda": 0.07912297938921856}, "datetime": {"datetime": "2021-10-06 09:28:51", "elapsed": 41.445893, "delta": 0.547985}}
{"target": -34.182337293750074, "params": {"C": 365.5833205473127, "epsilon": 36.60248487665741, "gamma": 0.013301579893658957, "lamda": 0.09638838939464034}, "datetime": {"datetime": "2021-10-06 09:28:52", "elapsed": 41.959403, "delta": 0.51351}}
