{"target": -39.841937901540916, "params": {"C": 176.57940836740303, "epsilon": 27.564363575559167, "gamma": 0.3332940857476436, "lamda": 0.01587686694947817}, "datetime": {"datetime": "2021-10-05 14:32:11", "elapsed": 695.412255, "delta": 3.867351}}
{"target": -36.684479198173854, "params": {"C": 35.31417566339448, "epsilon": 28.94002036890752, "gamma": 0.15341106623980147, "lamda": 0.016213830009484502}, "datetime": {"datetime": "2021-10-05 14:32:15", "elapsed": 699.503932, "delta": 4.091677}}
{"target": -39.681670968119775, "params": {"C": 194.07309025958128, "epsilon": 29.033859255941124, "gamma": 0.04565427731163913, "lamda": 0.3346232751961139}, "datetime": {"datetime": "2021-10-05 14:32:20", "elapsed": 704.78626, "delta": 5.282328}}
{"target": -51.91395618745345, "params": {"C": 121.06594091416846, "epsilon": 15.609278526882703, "gamma": 0.2166368745019578, "lamda": 0.3626281992413185}, "datetime": {"datetime": "2021-10-05 14:32:22", "elapsed": 706.590966, "delta": 1.804706}}
{"target": -41.719842480724864, "params": {"C": 170.28284060661207, "epsilon": 29.186184905387393, "gamma": 0.0001, "lamda": 0.0001}, "datetime": {"datetime": "2021-10-05 14:32:29", "elapsed": 713.384938, "delta": 6.793972}}
{"target": -35.55541648587342, "params": {"C": 187.22938339665941, "epsilon": 28.408263127159962, "gamma": 0.10806007855199114, "lamda": 0.04706476609716878}, "datetime": {"datetime": "2021-10-05 14:32:33", "elapsed": 717.129283, "delta": 3.744345}}
{"target": -41.5325179132675, "params": {"C": 187.52151979525817, "epsilon": 28.322365763329415, "gamma": 0.0001, "lamda": 0.0001}, "datetime": {"datetime": "2021-10-05 14:32:39", "elapsed": 723.919589, "delta": 6.790306}}
{"target": -43.532009960609535, "params": {"C": 130.75672009995745, "epsilon": 9.638236830561917, "gamma": 0.08909272103580622, "lamda": 0.20967585309340786}, "datetime": {"datetime": "2021-10-05 14:32:42", "elapsed": 725.999322, "delta": 2.079733}}
{"target": -43.63542665398222, "params": {"C": 4.857002173831749, "epsilon": 24.834330846282118, "gamma": 0.25661285730363353, "lamda": 0.09406762603261169}, "datetime": {"datetime": "2021-10-05 14:32:44", "elapsed": 728.072464, "delta": 2.073142}}
{"target": -47.19912370250575, "params": {"C": 90.63112413765711, "epsilon": 21.364029024084523, "gamma": 0.30707693348132653, "lamda": 0.258033342558413}, "datetime": {"datetime": "2021-10-05 14:32:46", "elapsed": 730.354957, "delta": 2.282493}}
{"target": -42.064069457697315, "params": {"C": 169.99477830052285, "epsilon": 29.285823713788975, "gamma": 0.13985543931663616, "lamda": 0.3422904112694855}, "datetime": {"datetime": "2021-10-05 14:32:50", "elapsed": 734.116417, "delta": 3.76146}}
{"target": -36.444605153482115, "params": {"C": 119.73109530681063, "epsilon": 25.300990402340652, "gamma": 0.11496066340279523, "lamda": 0.10402507642047516}, "datetime": {"datetime": "2021-10-05 14:32:54", "elapsed": 738.729331, "delta": 4.612914}}
{"target": -45.56043438108511, "params": {"C": 175.31800791608433, "epsilon": 27.479814515586952, "gamma": 0.0016065097513901323, "lamda": 0.24187302353586967}, "datetime": {"datetime": "2021-10-05 14:32:59", "elapsed": 743.105558, "delta": 4.376227}}
{"target": -34.687046767752356, "params": {"C": 176.36431449570085, "epsilon": 27.405808644010992, "gamma": 0.05987681580775212, "lamda": 0.02915531148903062}, "datetime": {"datetime": "2021-10-05 14:33:02", "elapsed": 746.522712, "delta": 3.417154}}
{"target": -41.45622548999096, "params": {"C": 119.70285213955513, "epsilon": 25.476897226313326, "gamma": 0.06319689435716623, "lamda": 0.3371016280563337}, "datetime": {"datetime": "2021-10-05 14:33:07", "elapsed": 751.275861, "delta": 4.753149}}
{"target": -40.83691292596925, "params": {"C": 194.22610629396624, "epsilon": 28.891165588413315, "gamma": 0.1937129133817095, "lamda": 0.00558629365137449}, "datetime": {"datetime": "2021-10-05 14:33:12", "elapsed": 756.39067, "delta": 5.114809}}
{"target": -41.74306899654141, "params": {"C": 94.24676302262485, "epsilon": 13.869591466719871, "gamma": 0.3014974901543464, "lamda": 0.04694200495190655}, "datetime": {"datetime": "2021-10-05 14:33:14", "elapsed": 758.461222, "delta": 2.070552}}
{"target": -42.75086633135995, "params": {"C": 194.51969078756645, "epsilon": 29.254092152495307, "gamma": 0.18224233726911274, "lamda": 0.32121858350462984}, "datetime": {"datetime": "2021-10-05 14:33:18", "elapsed": 762.399049, "delta": 3.937827}}
{"target": -42.275657102867555, "params": {"C": 32.2066871251683, "epsilon": 27.65951280477674, "gamma": 0.11288882454515951, "lamda": 0.35775522971542845}, "datetime": {"datetime": "2021-10-05 14:33:23", "elapsed": 767.334196, "delta": 4.935147}}
{"target": -34.45613613081397, "params": {"C": 33.80319675320593, "epsilon": 29.07734663401693, "gamma": 0.04377770232682959, "lamda": 0.1094661568232289}, "datetime": {"datetime": "2021-10-05 14:33:27", "elapsed": 771.677399, "delta": 4.343203}}
{"target": -37.833733158565295, "params": {"C": 193.9026389617303, "epsilon": 28.303147125576906, "gamma": 0.20059331005584063, "lamda": 0.024640832692930246}, "datetime": {"datetime": "2021-10-05 14:33:32", "elapsed": 776.602221, "delta": 4.924822}}
{"target": -34.58238286866741, "params": {"C": 31.38011216774902, "epsilon": 25.89548304368946, "gamma": 0.04281065953161687, "lamda": 0.056144924035057935}, "datetime": {"datetime": "2021-10-05 14:33:36", "elapsed": 780.605294, "delta": 4.003073}}
{"target": -43.46775114029477, "params": {"C": 2.2799761743109626, "epsilon": 20.185067470777934, "gamma": 0.09070115718537347, "lamda": 0.09156043382262577}, "datetime": {"datetime": "2021-10-05 14:33:38", "elapsed": 782.869962, "delta": 2.264668}}
{"target": -41.502456280799485, "params": {"C": 34.751984091414414, "epsilon": 28.63431895545161, "gamma": 0.1653018097400958, "lamda": 0.2821567698676332}, "datetime": {"datetime": "2021-10-05 14:33:42", "elapsed": 786.84194, "delta": 3.971978}}
{"target": -35.04433799099217, "params": {"C": 175.2730389116648, "epsilon": 27.919970152643547, "gamma": 0.08872553643563837, "lamda": 0.06147016377526152}, "datetime": {"datetime": "2021-10-05 14:33:47", "elapsed": 790.951423, "delta": 4.109483}}
{"target": -51.12691809523594, "params": {"C": 190.43677067240182, "epsilon": 21.45518940504461, "gamma": 0.3861961188988687, "lamda": 0.3447658974419917}, "datetime": {"datetime": "2021-10-05 14:33:48", "elapsed": 792.83149, "delta": 1.880067}}
{"target": -39.79295135953068, "params": {"C": 175.94550673066541, "epsilon": 22.021251255773514, "gamma": 0.2009310483132758, "lamda": 0.128500314191438}, "datetime": {"datetime": "2021-10-05 14:33:51", "elapsed": 795.490667, "delta": 2.659177}}
{"target": -42.25948003307959, "params": {"C": 161.6033227393945, "epsilon": 19.768672029538788, "gamma": 0.17050138593371125, "lamda": 0.21085320943699756}, "datetime": {"datetime": "2021-10-05 14:33:53", "elapsed": 797.590068, "delta": 2.099401}}
{"target": -35.43308802896188, "params": {"C": 33.790597647447846, "epsilon": 28.841436087190885, "gamma": 0.09237199608095914, "lamda": 0.013627751040292284}, "datetime": {"datetime": "2021-10-05 14:33:58", "elapsed": 802.273599, "delta": 4.683531}}
{"target": -40.14062671589067, "params": {"C": 33.09844766707541, "epsilon": 27.611537179369464, "gamma": 0.33049918209717727, "lamda": 0.03492214874047308}, "datetime": {"datetime": "2021-10-05 14:34:03", "elapsed": 807.389371, "delta": 5.115772}}
{"target": -39.0256550338311, "params": {"C": 33.40961872504976, "epsilon": 29.054735740267674, "gamma": 0.2760570741058098, "lamda": 0.025591542129555486}, "datetime": {"datetime": "2021-10-05 14:34:07", "elapsed": 811.461667, "delta": 4.072296}}
{"target": -34.268069301418954, "params": {"C": 193.89841955448273, "epsilon": 29.52550873835092, "gamma": 0.046012351635807545, "lamda": 0.07067643521232293}, "datetime": {"datetime": "2021-10-05 14:34:13", "elapsed": 817.134773, "delta": 5.673106}}
{"target": -34.6292533667239, "params": {"C": 31.506507435209443, "epsilon": 28.19553646080591, "gamma": 0.036490638040947994, "lamda": 0.0013764131259671318}, "datetime": {"datetime": "2021-10-05 14:34:17", "elapsed": 821.86544, "delta": 4.730667}}
{"target": -35.4265368400264, "params": {"C": 31.581261574372704, "epsilon": 25.988767201512772, "gamma": 0.06213437519763277, "lamda": 0.12038115510388586}, "datetime": {"datetime": "2021-10-05 14:34:21", "elapsed": 825.72026, "delta": 3.85482}}
{"target": -39.35771520549946, "params": {"C": 34.03882508660594, "epsilon": 27.949796749826856, "gamma": 0.17836753964833973, "lamda": 0.18208171427061182}, "datetime": {"datetime": "2021-10-05 14:34:27", "elapsed": 831.583668, "delta": 5.863408}}
{"target": -39.822132731968, "params": {"C": 193.74143151093193, "epsilon": 29.506220195935892, "gamma": 0.14427024928795748, "lamda": 0.2543102271152922}, "datetime": {"datetime": "2021-10-05 14:34:31", "elapsed": 835.800056, "delta": 4.216388}}
{"target": -54.29035787945483, "params": {"C": 189.26137648156904, "epsilon": 3.8811511544404467, "gamma": 0.346045152101186, "lamda": 0.25408396234759134}, "datetime": {"datetime": "2021-10-05 14:34:34", "elapsed": 838.416647, "delta": 2.616591}}
{"target": -39.26719123938658, "params": {"C": 194.2439475224031, "epsilon": 29.498716917038056, "gamma": 0.2574453618399618, "lamda": 0.10285667414871058}, "datetime": {"datetime": "2021-10-05 14:34:39", "elapsed": 843.753578, "delta": 5.336931}}
{"target": -37.45798909792884, "params": {"C": 193.75745845903077, "epsilon": 29.309196343207923, "gamma": 0.006371876070965365, "lamda": 0.1479301423947438}, "datetime": {"datetime": "2021-10-05 14:34:43", "elapsed": 847.646193, "delta": 3.892615}}
{"target": -39.5234744146771, "params": {"C": 34.398150353456536, "epsilon": 29.520933207968373, "gamma": 0.32022119901822943, "lamda": 0.038870978855765084}, "datetime": {"datetime": "2021-10-05 14:34:48", "elapsed": 852.911167, "delta": 5.264974}}
{"target": -34.59806613689759, "params": {"C": 31.04417919680401, "epsilon": 27.01787439084255, "gamma": 0.05126430093517427, "lamda": 0.050555039651516476}, "datetime": {"datetime": "2021-10-05 14:34:51", "elapsed": 855.018669, "delta": 2.107502}}
{"target": -35.87343020581038, "params": {"C": 187.59574398792137, "epsilon": 28.914329856635646, "gamma": 0.11973993718182722, "lamda": 0.042196026971163474}, "datetime": {"datetime": "2021-10-05 14:34:55", "elapsed": 859.582183, "delta": 4.563514}}
{"target": -34.62670281400761, "params": {"C": 33.78451776597971, "epsilon": 28.40821955195229, "gamma": 0.022830365529417834, "lamda": 0.11285367176714584}, "datetime": {"datetime": "2021-10-05 14:35:00", "elapsed": 864.070632, "delta": 4.488449}}
{"target": -39.85223976664835, "params": {"C": 187.3986381570534, "epsilon": 29.07911714600903, "gamma": 0.035158281689643675, "lamda": 0.34058493274287327}, "datetime": {"datetime": "2021-10-05 14:35:04", "elapsed": 868.919284, "delta": 4.848652}}
{"target": -39.8272923669263, "params": {"C": 187.91707457220662, "epsilon": 28.04305808715244, "gamma": 0.1356052478148589, "lamda": 0.004222754726753173}, "datetime": {"datetime": "2021-10-05 14:35:12", "elapsed": 876.061796, "delta": 7.142512}}
{"target": -49.13170165530283, "params": {"C": 42.51594005698912, "epsilon": 12.872426906535665, "gamma": 0.19420347558262405, "lamda": 0.2836307376207843}, "datetime": {"datetime": "2021-10-05 14:35:14", "elapsed": 878.284586, "delta": 2.22279}}
{"target": -41.13348259509372, "params": {"C": 30.940178993989402, "epsilon": 26.560306508694186, "gamma": 0.19563741331295084, "lamda": 0.21360040767336633}, "datetime": {"datetime": "2021-10-05 14:35:19", "elapsed": 883.087937, "delta": 4.803351}}
{"target": -40.29425714989864, "params": {"C": 113.00318644495111, "epsilon": 5.52695329113431, "gamma": 0.05037506086383836, "lamda": 0.10663861913990472}, "datetime": {"datetime": "2021-10-05 14:35:22", "elapsed": 885.945411, "delta": 2.857474}}
{"target": -36.60941614286572, "params": {"C": 30.819558222910164, "epsilon": 27.576362215424066, "gamma": 0.14868899293663065, "lamda": 0.0285105528108299}, "datetime": {"datetime": "2021-10-05 14:35:27", "elapsed": 891.105424, "delta": 5.160013}}
{"target": -35.76350376689519, "params": {"C": 175.78374442745053, "epsilon": 27.597402158554228, "gamma": 0.058920190247813316, "lamda": 0.0059884695947422135}, "datetime": {"datetime": "2021-10-05 14:35:32", "elapsed": 896.273412, "delta": 5.167988}}
{"target": -36.677218071050454, "params": {"C": 32.742361844875, "epsilon": 28.10881100705991, "gamma": 0.1472779937547794, "lamda": 0.08429703570083362}, "datetime": {"datetime": "2021-10-05 14:35:37", "elapsed": 901.815223, "delta": 5.541811}}
{"target": -39.83629237645083, "params": {"C": 187.31146667660113, "epsilon": 28.773568019367232, "gamma": 0.3007199010039102, "lamda": 0.08274646242605226}, "datetime": {"datetime": "2021-10-05 14:35:41", "elapsed": 905.603611, "delta": 3.788388}}
{"target": -38.377222732354774, "params": {"C": 176.32836499417462, "epsilon": 27.75942516757414, "gamma": 0.013154203478474995, "lamda": 0.22916938836001952}, "datetime": {"datetime": "2021-10-05 14:35:47", "elapsed": 910.951053, "delta": 5.347442}}
{"target": -40.196110265016074, "params": {"C": 31.56661718422963, "epsilon": 28.23705679974685, "gamma": 0.33208981732562765, "lamda": 0.043986681013789816}, "datetime": {"datetime": "2021-10-05 14:35:51", "elapsed": 915.457313, "delta": 4.50626}}
{"target": -39.507514137877855, "params": {"C": 59.819651144430274, "epsilon": 23.46142614633734, "gamma": 0.24822446806098744, "lamda": 0.029717376507634077}, "datetime": {"datetime": "2021-10-05 14:35:55", "elapsed": 919.304809, "delta": 3.847496}}
{"target": -41.84793037219603, "params": {"C": 34.758803734663644, "epsilon": 26.56736384443908, "gamma": 0.3515239373179568, "lamda": 0.09618304812822734}, "datetime": {"datetime": "2021-10-05 14:36:00", "elapsed": 924.120492, "delta": 4.815683}}
{"target": -43.72903925777139, "params": {"C": 7.012634785527393, "epsilon": 21.46238165195741, "gamma": 0.31443797062195666, "lamda": 0.011693854343413463}, "datetime": {"datetime": "2021-10-05 14:36:02", "elapsed": 926.298145, "delta": 2.177653}}
{"target": -66.14736346686236, "params": {"C": 2.8771734373109616, "epsilon": 5.938537732296637, "gamma": 0.31380225271276635, "lamda": 0.319378175973345}, "datetime": {"datetime": "2021-10-05 14:36:04", "elapsed": 928.55143, "delta": 2.253285}}
{"target": -42.6355628688664, "params": {"C": 162.01927451497735, "epsilon": 16.147262178544036, "gamma": 0.12500098700145817, "lamda": 0.22496181508452393}, "datetime": {"datetime": "2021-10-05 14:36:06", "elapsed": 930.863305, "delta": 2.311875}}
{"target": -35.68525189060857, "params": {"C": 120.27303104492397, "epsilon": 25.396895184836353, "gamma": 0.0972986062471832, "lamda": 0.08773221854902177}, "datetime": {"datetime": "2021-10-05 14:36:10", "elapsed": 934.871441, "delta": 4.008136}}
{"target": -41.182511548448765, "params": {"C": 180.56913535842705, "epsilon": 17.249217959033146, "gamma": 0.2508539114208538, "lamda": 0.09948455928772232}, "datetime": {"datetime": "2021-10-05 14:36:13", "elapsed": 937.225777, "delta": 2.354336}}
{"target": -36.912668606676874, "params": {"C": 193.85178652518562, "epsilon": 28.733497338878156, "gamma": 0.15787056033023408, "lamda": 0.03182343672130397}, "datetime": {"datetime": "2021-10-05 14:36:18", "elapsed": 942.822736, "delta": 5.596959}}
{"target": -39.77341401882012, "params": {"C": 82.93706930477822, "epsilon": 19.81057587957274, "gamma": 0.04369376119596387, "lamda": 0.22751471794011033}, "datetime": {"datetime": "2021-10-05 14:36:23", "elapsed": 947.572194, "delta": 4.749458}}
{"target": -37.3118370214168, "params": {"C": 196.1115252983067, "epsilon": 17.864612576551256, "gamma": 0.011702830507766509, "lamda": 0.11036906842666246}, "datetime": {"datetime": "2021-10-05 14:36:26", "elapsed": 950.122856, "delta": 2.550662}}
{"target": -38.56896063517148, "params": {"C": 119.81858090550975, "epsilon": 21.757182023667095, "gamma": 0.14306629712213734, "lamda": 0.016885667426477693}, "datetime": {"datetime": "2021-10-05 14:36:28", "elapsed": 952.153372, "delta": 2.030516}}
{"target": -35.97736488494004, "params": {"C": 194.23134964805706, "epsilon": 28.192348692906172, "gamma": 0.06377473323242201, "lamda": 0.16923254456045206}, "datetime": {"datetime": "2021-10-05 14:36:33", "elapsed": 957.648825, "delta": 5.495453}}
{"target": -35.09384045141824, "params": {"C": 120.00632313150375, "epsilon": 25.300978571912623, "gamma": 0.007469934929665612, "lamda": 0.06938516829253058}, "datetime": {"datetime": "2021-10-05 14:36:39", "elapsed": 963.535962, "delta": 5.887137}}
{"target": -38.719303791250745, "params": {"C": 39.95592519968055, "epsilon": 26.080589133085464, "gamma": 0.2293124530658717, "lamda": 0.023578136176342013}, "datetime": {"datetime": "2021-10-05 14:36:46", "elapsed": 970.235042, "delta": 6.69908}}
{"target": -39.21819024224838, "params": {"C": 35.03324436348109, "epsilon": 29.14221387325378, "gamma": 0.2559123052590975, "lamda": 0.09285925833049145}, "datetime": {"datetime": "2021-10-05 14:36:52", "elapsed": 976.444064, "delta": 6.209022}}
{"target": -48.430181637278345, "params": {"C": 75.36245844571947, "epsilon": 23.179706206765868, "gamma": 0.3805641332455365, "lamda": 0.2802983205077084}, "datetime": {"datetime": "2021-10-05 14:36:54", "elapsed": 978.646598, "delta": 2.202534}}
{"target": -42.1690825822037, "params": {"C": 175.57467010980594, "epsilon": 27.109916210406656, "gamma": 0.0001, "lamda": 0.0001}, "datetime": {"datetime": "2021-10-05 14:37:01", "elapsed": 985.768109, "delta": 7.121511}}
{"target": -38.30486716598499, "params": {"C": 83.2688000267426, "epsilon": 28.681692388786285, "gamma": 0.04056597494855807, "lamda": 0.28441399019759517}, "datetime": {"datetime": "2021-10-05 14:37:03", "elapsed": 987.898142, "delta": 2.130033}}
{"target": -43.12013504067932, "params": {"C": 62.2429107193911, "epsilon": 22.419403253981933, "gamma": 0.261882552329422, "lamda": 0.18416908862073278}, "datetime": {"datetime": "2021-10-05 14:37:06", "elapsed": 990.73648, "delta": 2.838338}}
{"target": -45.697231410992735, "params": {"C": 194.38022050264954, "epsilon": 27.909403077397883, "gamma": 0.2428015597498784, "lamda": 0.36065371343214725}, "datetime": {"datetime": "2021-10-05 14:37:12", "elapsed": 996.04171, "delta": 5.30523}}
{"target": -51.68612332475547, "params": {"C": 120.33135921648483, "epsilon": 25.57562988250215, "gamma": 0.0001, "lamda": 0.33512408322997916}, "datetime": {"datetime": "2021-10-05 14:37:19", "elapsed": 1003.253311, "delta": 7.211601}}
{"target": -36.36202848158785, "params": {"C": 31.286015909069505, "epsilon": 27.701971838696988, "gamma": 0.1280314188615302, "lamda": 0.09239618364777784}, "datetime": {"datetime": "2021-10-05 14:37:27", "elapsed": 1011.201876, "delta": 7.948565}}
{"target": -34.89934983671829, "params": {"C": 34.96484987193995, "epsilon": 26.592306478867503, "gamma": 0.022011046174169355, "lamda": 0.00678309068123185}, "datetime": {"datetime": "2021-10-05 14:37:33", "elapsed": 1017.772175, "delta": 6.570299}}
{"target": -39.86792719336776, "params": {"C": 120.1661567659812, "epsilon": 25.040815235830124, "gamma": 0.2992223950848313, "lamda": 0.019571557077015713}, "datetime": {"datetime": "2021-10-05 14:37:40", "elapsed": 1024.039116, "delta": 6.266941}}
{"target": -54.21198411764657, "params": {"C": 94.15754647844736, "epsilon": 7.541387593865726, "gamma": 0.19378320095719156, "lamda": 0.3229239370619238}, "datetime": {"datetime": "2021-10-05 14:37:42", "elapsed": 1026.584183, "delta": 2.545067}}
{"target": -39.98121627599922, "params": {"C": 116.74472303329048, "epsilon": 28.48810372954727, "gamma": 0.37195049681230546, "lamda": 0.04340200453308265}, "datetime": {"datetime": "2021-10-05 14:37:44", "elapsed": 1028.822472, "delta": 2.238289}}
{"target": -34.91891930982071, "params": {"C": 35.544261254967765, "epsilon": 29.125647321874375, "gamma": 0.02696239649924737, "lamda": 0.13944987488762375}, "datetime": {"datetime": "2021-10-05 14:37:50", "elapsed": 1034.263246, "delta": 5.440774}}
{"target": -54.76869204884509, "params": {"C": 125.94939187239348, "epsilon": 12.51716662250064, "gamma": 0.2854300512151765, "lamda": 0.34804007786937663}, "datetime": {"datetime": "2021-10-05 14:37:52", "elapsed": 1036.737803, "delta": 2.474557}}
{"target": -39.07358357392077, "params": {"C": 188.0163670771783, "epsilon": 27.596249455711785, "gamma": 0.30195256718261165, "lamda": 0.04108824882415834}, "datetime": {"datetime": "2021-10-05 14:37:58", "elapsed": 1042.442318, "delta": 5.704515}}
{"target": -41.9450265474685, "params": {"C": 193.93542316789572, "epsilon": 28.445131049258244, "gamma": 0.10256280986219345, "lamda": 0.36747223520689365}, "datetime": {"datetime": "2021-10-05 14:38:03", "elapsed": 1047.311148, "delta": 4.86883}}
{"target": -57.23591450382217, "params": {"C": 124.09318408700153, "epsilon": 4.9303250670809895, "gamma": 0.1855321785037649, "lamda": 0.3445115825045478}, "datetime": {"datetime": "2021-10-05 14:38:05", "elapsed": 1049.758219, "delta": 2.447071}}
{"target": -51.44532761882736, "params": {"C": 34.90203314171856, "epsilon": 9.106354262993985, "gamma": 0.34042298659056397, "lamda": 0.2171500508580546}, "datetime": {"datetime": "2021-10-05 14:38:09", "elapsed": 1053.126574, "delta": 3.368355}}
{"target": -43.42496025125699, "params": {"C": 33.92055323152616, "epsilon": 28.758024833262546, "gamma": 0.16350972196579688, "lamda": 0.3588148026669096}, "datetime": {"datetime": "2021-10-05 14:38:14", "elapsed": 1058.704235, "delta": 5.577661}}
{"target": -40.121455242759794, "params": {"C": 31.133069891664245, "epsilon": 27.9758725060099, "gamma": 0.31421019300782527, "lamda": 0.05853661083952729}, "datetime": {"datetime": "2021-10-05 14:38:20", "elapsed": 1064.687347, "delta": 5.983112}}
