{"target": -35.26018679565981, "params": {"C": 18.713385575297913, "epsilon": 28.5553897422999, "gamma": 0.050882511164188786, "lamda": 0.14307677885205716}, "datetime": {"datetime": "2021-10-06 09:12:34", "elapsed": 562.576055, "delta": 3.1983}}
{"target": -38.28781607744811, "params": {"C": 31.761395057519376, "epsilon": 35.41796146076125, "gamma": 0.0029697300200695834, "lamda": 0.12884847471512184}, "datetime": {"datetime": "2021-10-06 09:12:36", "elapsed": 565.055213, "delta": 2.479158}}
{"target": -34.01162840315596, "params": {"C": 42.51594005698912, "epsilon": 35.82545675023641, "gamma": 0.04956724332857504, "lamda": 0.1066416101662837}, "datetime": {"datetime": "2021-10-06 09:12:38", "elapsed": 567.224483, "delta": 2.16927}}
{"target": -34.83158698094179, "params": {"C": 28.215228847895492, "epsilon": 37.20080878789414, "gamma": 0.09577818239279748, "lamda": 0.07186440693782475}, "datetime": {"datetime": "2021-10-06 09:12:41", "elapsed": 569.776891, "delta": 2.552408}}
{"target": -33.90735654722368, "params": {"C": 113.00318644495111, "epsilon": 29.746444103007704, "gamma": 0.014320470029147684, "lamda": 0.04069555951949438}, "datetime": {"datetime": "2021-10-06 09:12:43", "elapsed": 572.201933, "delta": 2.425042}}
{"target": -35.51530455321581, "params": {"C": 68.66217448574085, "epsilon": 34.27799163770068, "gamma": 0.09722314737224508, "lamda": 0.027937878373431195}, "datetime": {"datetime": "2021-10-06 09:12:46", "elapsed": 574.508537, "delta": 2.306604}}
{"target": -33.88700068162557, "params": {"C": 69.34085474753695, "epsilon": 38.37603188546467, "gamma": 0.03670504932121363, "lamda": 0.06021744374249026}, "datetime": {"datetime": "2021-10-06 09:12:49", "elapsed": 577.498714, "delta": 2.990177}}
{"target": -34.68611889550009, "params": {"C": 123.81300999627572, "epsilon": 49.20267473138358, "gamma": 0.06362753124303268, "lamda": 0.09997369783609855}, "datetime": {"datetime": "2021-10-06 09:12:51", "elapsed": 579.816615, "delta": 2.317901}}
{"target": -35.98616733671667, "params": {"C": 134.6123197802596, "epsilon": 30.176922553750877, "gamma": 0.009118862460193312, "lamda": 0.1379638961216875}, "datetime": {"datetime": "2021-10-06 09:12:53", "elapsed": 582.091261, "delta": 2.274646}}
{"target": -34.00886429106421, "params": {"C": 188.1749350481515, "epsilon": 36.51077758650807, "gamma": 0.04689539937725191, "lamda": 0.07110380423431359}, "datetime": {"datetime": "2021-10-06 09:12:55", "elapsed": 584.321383, "delta": 2.230122}}
{"target": -34.21259434087523, "params": {"C": 111.88257094715146, "epsilon": 42.98119271362334, "gamma": 0.05423258797375883, "lamda": 0.057743268731836064}, "datetime": {"datetime": "2021-10-06 09:12:58", "elapsed": 586.799978, "delta": 2.478595}}
{"target": -34.17300365445352, "params": {"C": 122.5548410161035, "epsilon": 31.993459690391287, "gamma": 0.043637884673568494, "lamda": 0.11513708274768153}, "datetime": {"datetime": "2021-10-06 09:13:01", "elapsed": 590.349565, "delta": 3.549587}}
{"target": -34.697388803556045, "params": {"C": 128.9470677379669, "epsilon": 26.774933738831663, "gamma": 0.05144272200715695, "lamda": 0.018193247626924643}, "datetime": {"datetime": "2021-10-06 09:13:05", "elapsed": 593.601558, "delta": 3.251993}}
{"target": -35.22847620949119, "params": {"C": 7.012634785527393, "epsilon": 42.93438481541303, "gamma": 0.07903206081758378, "lamda": 0.005319790690594163}, "datetime": {"datetime": "2021-10-06 09:13:07", "elapsed": 595.880384, "delta": 2.278826}}
{"target": -38.73648129932759, "params": {"C": 2.8771734373109616, "epsilon": 30.087065709486872, "gamma": 0.07887627098237336, "lamda": 0.11996086076526231}, "datetime": {"datetime": "2021-10-06 09:13:09", "elapsed": 597.998055, "delta": 2.117671}}
{"target": -33.79740474694951, "params": {"C": 162.01927451497735, "epsilon": 38.535665251208854, "gamma": 0.032608393913835715, "lamda": 0.08478197161188814}, "datetime": {"datetime": "2021-10-06 09:13:11", "elapsed": 600.15701, "delta": 2.158955}}
{"target": -34.247223806181125, "params": {"C": 182.90856854747557, "epsilon": 43.23717584806824, "gamma": 0.06754718766073851, "lamda": 0.10549651079757948}, "datetime": {"datetime": "2021-10-06 09:13:14", "elapsed": 602.875664, "delta": 2.718654}}
{"target": -34.485312671173865, "params": {"C": 180.56913535842705, "epsilon": 39.44762865575157, "gamma": 0.06345007081581312, "lamda": 0.03803000583613559}, "datetime": {"datetime": "2021-10-06 09:13:16", "elapsed": 605.351493, "delta": 2.475829}}
{"target": -34.041306154939335, "params": {"C": 152.74813353647784, "epsilon": 41.800409364605024, "gamma": 0.04578855749893378, "lamda": 0.06304589299496238}, "datetime": {"datetime": "2021-10-06 09:13:20", "elapsed": 608.984359, "delta": 3.632866}}
{"target": -35.172926740610485, "params": {"C": 73.76876588756525, "epsilon": 46.467829827471014, "gamma": 0.006652607334653427, "lamda": 0.05823300517751338}, "datetime": {"datetime": "2021-10-06 09:13:23", "elapsed": 611.502528, "delta": 2.518169}}
{"target": -34.83757365539283, "params": {"C": 196.1115252983067, "epsilon": 39.956920753007935, "gamma": 0.004843404325484166, "lamda": 0.042085499363772705}, "datetime": {"datetime": "2021-10-06 09:13:25", "elapsed": 613.774378, "delta": 2.27185}}
{"target": -35.50585206038398, "params": {"C": 283.4044009405148, "epsilon": 36.48292044097942, "gamma": 0.0020112087320997988, "lamda": 0.04604755332214412}, "datetime": {"datetime": "2021-10-06 09:13:28", "elapsed": 0.0, "delta": 0.0}}
{"target": -33.86457234804812, "params": {"C": 229.35117816342262, "epsilon": 30.83104735291918, "gamma": 0.020253500715011752, "lamda": 0.05248854832941411}, "datetime": {"datetime": "2021-10-06 09:13:29", "elapsed": 0.221481, "delta": 0.221481}}
{"target": -33.92772075987015, "params": {"C": 279.35349484613397, "epsilon": 34.849350606030214, "gamma": 0.043081062411522895, "lamda": 0.10309770555911717}, "datetime": {"datetime": "2021-10-06 09:13:29", "elapsed": 0.424261, "delta": 0.20278}}
{"target": -35.46981963266986, "params": {"C": 240.89044994630348, "epsilon": 37.903056927518506, "gamma": 0.0046839841333967645, "lamda": 0.10089965901658193}, "datetime": {"datetime": "2021-10-06 09:13:29", "elapsed": 0.642252, "delta": 0.217991}}
{"target": -33.824214521336174, "params": {"C": 283.4609604734254, "epsilon": 35.02820845601177, "gamma": 0.01575791998233291, "lamda": 0.03051712187364694}, "datetime": {"datetime": "2021-10-06 09:13:29", "elapsed": 0.889764, "delta": 0.247512}}
{"target": -33.80950307909726, "params": {"C": 360.1489137351073, "epsilon": 38.714354181474576, "gamma": 0.0327155694596058, "lamda": 0.1041560697347278}, "datetime": {"datetime": "2021-10-06 09:13:29", "elapsed": 1.105271, "delta": 0.215507}}
{"target": -33.953064497960106, "params": {"C": 375.2778304592076, "epsilon": 38.05145997153463, "gamma": 0.010334332714238236, "lamda": 0.006819162701699472}, "datetime": {"datetime": "2021-10-06 09:13:30", "elapsed": 1.321429, "delta": 0.216158}}
{"target": -34.25387874829755, "params": {"C": 233.96608391291377, "epsilon": 37.903282530864715, "gamma": 0.01163798971563891, "lamda": 0.06374503612575277}, "datetime": {"datetime": "2021-10-06 09:13:30", "elapsed": 1.542289, "delta": 0.22086}}
{"target": -34.465218998554676, "params": {"C": 391.5779060301004, "epsilon": 34.79848756475715, "gamma": 0.0698039571671464, "lamda": 0.048011829019903376}, "datetime": {"datetime": "2021-10-06 09:13:30", "elapsed": 1.765043, "delta": 0.222754}}
{"target": -36.562002550136256, "params": {"C": 337.30018553631675, "epsilon": 37.51163104707636, "gamma": 0.003792251179730797, "lamda": 0.11277150292680015}, "datetime": {"datetime": "2021-10-06 09:13:30", "elapsed": 1.965624, "delta": 0.200581}}
{"target": -34.62847356390079, "params": {"C": 201.5439711968242, "epsilon": 31.456748407914265, "gamma": 0.07151816534865985, "lamda": 0.11494579198974854}, "datetime": {"datetime": "2021-10-06 09:13:31", "elapsed": 2.244463, "delta": 0.278839}}
{"target": -34.236438722791675, "params": {"C": 288.51146349109246, "epsilon": 33.721236371406604, "gamma": 0.055684884686995735, "lamda": 0.11188603565471018}, "datetime": {"datetime": "2021-10-06 09:13:31", "elapsed": 2.514173, "delta": 0.26971}}
{"target": -34.08702563632808, "params": {"C": 234.05556575818753, "epsilon": 37.88650065994239, "gamma": 0.057224244224896616, "lamda": 0.11082256009196223}, "datetime": {"datetime": "2021-10-06 09:13:31", "elapsed": 2.799435, "delta": 0.285262}}
{"target": -34.764190693207546, "params": {"C": 283.7728257127165, "epsilon": 34.397812589637276, "gamma": 0.07805159130812948, "lamda": 0.03740208026541329}, "datetime": {"datetime": "2021-10-06 09:13:31", "elapsed": 3.084945, "delta": 0.28551}}
{"target": -34.74682793155899, "params": {"C": 360.85236744206827, "epsilon": 38.62312902737702, "gamma": 0.09525927296049001, "lamda": 0.06982075345384972}, "datetime": {"datetime": "2021-10-06 09:13:32", "elapsed": 3.401048, "delta": 0.316103}}
{"target": -34.47274637962202, "params": {"C": 359.7471975639985, "epsilon": 38.40323830878559, "gamma": 0.079368910146752, "lamda": 0.1375558015572763}, "datetime": {"datetime": "2021-10-06 09:13:32", "elapsed": 3.71756, "delta": 0.316512}}
{"target": -34.80197565069773, "params": {"C": 282.9064241234887, "epsilon": 35.20619780503145, "gamma": 0.09915233432300545, "lamda": 0.09374996316737916}, "datetime": {"datetime": "2021-10-06 09:13:32", "elapsed": 4.018431, "delta": 0.300871}}
{"target": -33.89577313864298, "params": {"C": 264.9751522798024, "epsilon": 35.722032745672145, "gamma": 0.04124950071736994, "lamda": 0.11298166518727606}, "datetime": {"datetime": "2021-10-06 09:13:33", "elapsed": 4.288228, "delta": 0.269797}}
{"target": -35.31951172419095, "params": {"C": 229.22965038019655, "epsilon": 30.3907795764959, "gamma": 0.08931392486507898, "lamda": 0.029382474706446487}, "datetime": {"datetime": "2021-10-06 09:13:33", "elapsed": 4.573518, "delta": 0.28529}}
{"target": -33.978353408349264, "params": {"C": 360.23379826444796, "epsilon": 38.78181758071397, "gamma": 0.046957807439332505, "lamda": 0.08140149771060459}, "datetime": {"datetime": "2021-10-06 09:13:33", "elapsed": 4.874512, "delta": 0.300994}}
{"target": -33.757144104962656, "params": {"C": 201.8927304317238, "epsilon": 34.95183810111964, "gamma": 0.017874851078058918, "lamda": 0.07219208067669437}, "datetime": {"datetime": "2021-10-06 09:13:33", "elapsed": 5.175103, "delta": 0.300591}}
{"target": -34.34336766609752, "params": {"C": 283.4073189440253, "epsilon": 35.06879705883547, "gamma": 0.03263714522279544, "lamda": 0.008853681399785346}, "datetime": {"datetime": "2021-10-06 09:13:34", "elapsed": 5.47815, "delta": 0.303047}}
{"target": -34.37955722310351, "params": {"C": 246.8114148402138, "epsilon": 34.023016701108546, "gamma": 0.05591075187845083, "lamda": 0.14242822042647557}, "datetime": {"datetime": "2021-10-06 09:13:34", "elapsed": 5.779125, "delta": 0.300975}}
{"target": -33.82820227660739, "params": {"C": 264.8901442983396, "epsilon": 35.75627049430631, "gamma": 0.0335168229801363, "lamda": 0.07428932864390149}, "datetime": {"datetime": "2021-10-06 09:13:34", "elapsed": 6.094967, "delta": 0.315842}}
{"target": -34.41026451112862, "params": {"C": 201.88991857570446, "epsilon": 34.722906803753254, "gamma": 0.07371248627994124, "lamda": 0.08664053753052202}, "datetime": {"datetime": "2021-10-06 09:13:35", "elapsed": 6.3804, "delta": 0.285433}}
{"target": -34.991908524607396, "params": {"C": 229.19229350141487, "epsilon": 31.041874360052486, "gamma": 0.09105608364384635, "lamda": 0.047784230166366896}, "datetime": {"datetime": "2021-10-06 09:13:35", "elapsed": 6.696919, "delta": 0.316519}}
{"target": -34.61739706817886, "params": {"C": 236.15770393554308, "epsilon": 32.44594165045122, "gamma": 0.08074698052989111, "lamda": 0.09755774299541366}, "datetime": {"datetime": "2021-10-06 09:13:35", "elapsed": 6.997871, "delta": 0.300952}}
{"target": -33.845762173442964, "params": {"C": 283.79923253259585, "epsilon": 34.91398679403605, "gamma": 0.02926428933710428, "lamda": 0.11152449137595111}, "datetime": {"datetime": "2021-10-06 09:13:36", "elapsed": 7.282864, "delta": 0.284993}}
{"target": -33.71820017463975, "params": {"C": 283.8253485900235, "epsilon": 35.265176062037156, "gamma": 0.024791296302907703, "lamda": 0.08080009343251765}, "datetime": {"datetime": "2021-10-06 09:13:36", "elapsed": 7.615105, "delta": 0.332241}}
{"target": -34.79826308867063, "params": {"C": 363.6083898023341, "epsilon": 31.47174040869257, "gamma": 0.0034732553148974516, "lamda": 0.024987317580512675}, "datetime": {"datetime": "2021-10-06 09:13:36", "elapsed": 7.955609, "delta": 0.340504}}
{"target": -34.15186932056229, "params": {"C": 397.2019378875496, "epsilon": 36.37494875908453, "gamma": 0.05908628094274981, "lamda": 0.11217253899345175}, "datetime": {"datetime": "2021-10-06 09:13:37", "elapsed": 8.263929, "delta": 0.30832}}
{"target": -33.88892464088077, "params": {"C": 283.8857785177945, "epsilon": 35.265092690031196, "gamma": 0.01580119955202148, "lamda": 0.07842323829359084}, "datetime": {"datetime": "2021-10-06 09:13:37", "elapsed": 8.587066, "delta": 0.323137}}
{"target": -34.593001440715675, "params": {"C": 283.73422206273756, "epsilon": 35.03133848385864, "gamma": 0.017348658928909085, "lamda": 0.001593156086328997}, "datetime": {"datetime": "2021-10-06 09:13:37", "elapsed": 9.004077, "delta": 0.417011}}
{"target": -34.67554907881331, "params": {"C": 283.7633047358182, "epsilon": 35.35897118456443, "gamma": 0.024922804034538837, "lamda": 0.0030127755992820754}, "datetime": {"datetime": "2021-10-06 09:13:38", "elapsed": 9.436431, "delta": 0.432354}}
{"target": -35.97731281446351, "params": {"C": 370.2039822569759, "epsilon": 37.04660549452626, "gamma": 0.09041465362724904, "lamda": 0.014915085759000978}, "datetime": {"datetime": "2021-10-06 09:13:38", "elapsed": 9.753094, "delta": 0.316663}}
{"target": -33.855359383937056, "params": {"C": 283.59453541349404, "epsilon": 34.80583587988351, "gamma": 0.037468869652212654, "lamda": 0.10761397433529461}, "datetime": {"datetime": "2021-10-06 09:13:38", "elapsed": 10.114555, "delta": 0.361461}}
{"target": -34.835496861321516, "params": {"C": 307.85290531378547, "epsilon": 33.528654653009866, "gamma": 0.0938502935865851, "lamda": 0.06382622231462083}, "datetime": {"datetime": "2021-10-06 09:13:39", "elapsed": 10.449379, "delta": 0.334824}}
{"target": -34.09262834621654, "params": {"C": 297.69980577033635, "epsilon": 30.577753566508875, "gamma": 0.03430439992029309, "lamda": 0.09638694278565017}, "datetime": {"datetime": "2021-10-06 09:13:39", "elapsed": 10.797214, "delta": 0.347835}}
{"target": -34.087228925913124, "params": {"C": 202.00332486846756, "epsilon": 34.97841312801049, "gamma": 0.05011482079543602, "lamda": 0.06264067326624603}, "datetime": {"datetime": "2021-10-06 09:13:40", "elapsed": 11.215183, "delta": 0.417969}}
{"target": -34.75405768878528, "params": {"C": 331.0126636712735, "epsilon": 31.959756283303683, "gamma": 0.07086020499538451, "lamda": 0.13614265444575532}, "datetime": {"datetime": "2021-10-06 09:13:40", "elapsed": 11.552084, "delta": 0.336901}}
{"target": -34.29413999358925, "params": {"C": 283.4879339839564, "epsilon": 34.88172512281895, "gamma": 0.05602844742583499, "lamda": 0.03822683231191238}, "datetime": {"datetime": "2021-10-06 09:13:40", "elapsed": 11.937594, "delta": 0.38551}}
{"target": -34.250726610573444, "params": {"C": 283.98800507514, "epsilon": 35.06237308574461, "gamma": 0.0193401121200378, "lamda": 0.13781247353107057}, "datetime": {"datetime": "2021-10-06 09:13:41", "elapsed": 12.301115, "delta": 0.363521}}
{"target": -34.416264637265556, "params": {"C": 271.9328931412639, "epsilon": 34.56248612443293, "gamma": 0.07303395384370744, "lamda": 0.07861867397110528}, "datetime": {"datetime": "2021-10-06 09:13:41", "elapsed": 12.655031, "delta": 0.353916}}
{"target": -34.40543325279973, "params": {"C": 265.03244537158497, "epsilon": 35.94610685944561, "gamma": 0.07373105361772718, "lamda": 0.07594883879602679}, "datetime": {"datetime": "2021-10-06 09:13:41", "elapsed": 13.018459, "delta": 0.363428}}
{"target": -34.352053501399325, "params": {"C": 386.1404362040914, "epsilon": 38.212413698474336, "gamma": 0.07598438801103068, "lamda": 0.10371297204477632}, "datetime": {"datetime": "2021-10-06 09:13:42", "elapsed": 13.388321, "delta": 0.369862}}
{"target": -34.1525035761715, "params": {"C": 283.53819213724313, "epsilon": 34.80211398790671, "gamma": 0.05574230445749425, "lamda": 0.10393485375145838}, "datetime": {"datetime": "2021-10-06 09:13:42", "elapsed": 13.758352, "delta": 0.370031}}
{"target": -33.970238652012405, "params": {"C": 270.03048518055135, "epsilon": 38.4862665824413, "gamma": 0.039176031844473894, "lamda": 0.04411900187448724}, "datetime": {"datetime": "2021-10-06 09:13:42", "elapsed": 14.106775, "delta": 0.348423}}
{"target": -35.02756271424517, "params": {"C": 264.7740558384768, "epsilon": 35.572153668258316, "gamma": 0.09738381363886925, "lamda": 0.14956877034444122}, "datetime": {"datetime": "2021-10-06 09:13:43", "elapsed": 14.491371, "delta": 0.384596}}
{"target": -34.07022512242978, "params": {"C": 283.81129316069985, "epsilon": 35.1750507454389, "gamma": 0.05035132718065837, "lamda": 0.11272194465079842}, "datetime": {"datetime": "2021-10-06 09:13:43", "elapsed": 14.896419, "delta": 0.405048}}
{"target": -34.68230005177254, "params": {"C": 284.2823851945938, "epsilon": 33.7624967548219, "gamma": 0.08284339141794161, "lamda": 0.05433539123819137}, "datetime": {"datetime": "2021-10-06 09:13:44", "elapsed": 15.385458, "delta": 0.489039}}
{"target": -34.714268423497394, "params": {"C": 201.82415543480766, "epsilon": 35.07807867068944, "gamma": 0.024091049135659, "lamda": 0.002900429083270787}, "datetime": {"datetime": "2021-10-06 09:13:44", "elapsed": 15.824553, "delta": 0.439095}}
{"target": -33.87315094047671, "params": {"C": 398.0633579396873, "epsilon": 35.796357839947206, "gamma": 0.010605398217203158, "lamda": 0.01152220189109154}, "datetime": {"datetime": "2021-10-06 09:13:44", "elapsed": 16.172039, "delta": 0.347486}}
{"target": -34.339117999963165, "params": {"C": 229.5583325734668, "epsilon": 30.889670080690603, "gamma": 0.05353718205568141, "lamda": 0.09750330901606004}, "datetime": {"datetime": "2021-10-06 09:13:45", "elapsed": 16.604448, "delta": 0.432409}}
{"target": -35.66598229751352, "params": {"C": 360.2538526580267, "epsilon": 38.647721752606955, "gamma": 0.08988241325781744, "lamda": 0.019783814754245687}, "datetime": {"datetime": "2021-10-06 09:13:45", "elapsed": 17.005792, "delta": 0.401344}}
{"target": -33.978006808559755, "params": {"C": 276.03256931805623, "epsilon": 37.635562491000044, "gamma": 0.042271921240158924, "lamda": 0.05655285802037757}, "datetime": {"datetime": "2021-10-06 09:13:46", "elapsed": 17.374987, "delta": 0.369195}}
{"target": -34.464276747761666, "params": {"C": 201.83154707206126, "epsilon": 34.85736583848866, "gamma": 0.06859336277617638, "lamda": 0.1421231622261323}, "datetime": {"datetime": "2021-10-06 09:13:46", "elapsed": 17.812103, "delta": 0.437116}}
{"target": -34.66296339140845, "params": {"C": 360.04551159544684, "epsilon": 38.64699321871992, "gamma": 0.011889215417583624, "lamda": 0.14220881504195343}, "datetime": {"datetime": "2021-10-06 09:13:46", "elapsed": 18.197681, "delta": 0.385578}}
{"target": -34.66657402924273, "params": {"C": 398.0696715897677, "epsilon": 35.7292100307742, "gamma": 0.07431487935187699, "lamda": 0.038736374731770544}, "datetime": {"datetime": "2021-10-06 09:13:47", "elapsed": 18.614532, "delta": 0.416851}}
{"target": -35.49378237587292, "params": {"C": 257.3130692245699, "epsilon": 30.934803999600234, "gamma": 0.08564950786979152, "lamda": 0.02203172949246648}, "datetime": {"datetime": "2021-10-06 09:13:47", "elapsed": 19.037551, "delta": 0.423019}}
{"target": -33.944681988471345, "params": {"C": 343.9606151734291, "epsilon": 32.5833368417888, "gamma": 0.026107546685318637, "lamda": 0.027181501641186722}, "datetime": {"datetime": "2021-10-06 09:13:48", "elapsed": 19.438472, "delta": 0.400921}}
{"target": -33.87165925559374, "params": {"C": 387.8378449807097, "epsilon": 38.74702439561399, "gamma": 0.02632157383473186, "lamda": 0.02163020475543808}, "datetime": {"datetime": "2021-10-06 09:13:48", "elapsed": 19.839745, "delta": 0.401273}}
{"target": -34.19556548410536, "params": {"C": 283.8157171687658, "epsilon": 34.83001441835134, "gamma": 0.031093718925971257, "lamda": 0.14403786656275397}, "datetime": {"datetime": "2021-10-06 09:13:49", "elapsed": 20.240978, "delta": 0.401233}}
{"target": -33.90906586095713, "params": {"C": 283.6810300222267, "epsilon": 34.908777171241546, "gamma": 0.031609338384680746, "lamda": 0.03859180903206662}, "datetime": {"datetime": "2021-10-06 09:13:49", "elapsed": 20.673565, "delta": 0.432587}}
{"target": -34.18005420817357, "params": {"C": 283.6350440717768, "epsilon": 34.7137784705461, "gamma": 0.05214617499067676, "lamda": 0.04700468467470849}, "datetime": {"datetime": "2021-10-06 09:13:49", "elapsed": 21.120852, "delta": 0.447287}}
{"target": -34.45326869437464, "params": {"C": 231.80379249530026, "epsilon": 34.30592805620196, "gamma": 0.05165575796590468, "lamda": 0.019049621127588734}, "datetime": {"datetime": "2021-10-06 09:13:50", "elapsed": 21.544079, "delta": 0.423227}}
{"target": -33.85282479408644, "params": {"C": 344.0886515447405, "epsilon": 32.58627598379821, "gamma": 0.014561809085291092, "lamda": 0.04137903603002963}, "datetime": {"datetime": "2021-10-06 09:13:50", "elapsed": 21.976617, "delta": 0.432538}}
{"target": -34.405321780417964, "params": {"C": 387.83005122390887, "epsilon": 38.602755371147026, "gamma": 0.044120435728570453, "lamda": 0.012418023220735087}, "datetime": {"datetime": "2021-10-06 09:13:51", "elapsed": 22.446991, "delta": 0.470374}}
