{"target": -35.48687218535267, "params": {"C": 333.6838106327316, "epsilon": 33.61360761620084, "gamma": 0.009091534577674597, "lamda": 0.13926117579984013}, "datetime": {"datetime": "2021-10-06 09:14:40", "elapsed": 71.919868, "delta": 0.732286}}
{"target": -34.552181934651315, "params": {"C": 292.4595329491351, "epsilon": 36.5222157471354, "gamma": 0.08443361924289974, "lamda": 0.08302476888747902}, "datetime": {"datetime": "2021-10-06 09:14:41", "elapsed": 72.654744, "delta": 0.734876}}
{"target": -35.18326404459001, "params": {"C": 375.1939901614476, "epsilon": 38.12463458791147, "gamma": 0.09091708405627583, "lamda": 0.03302295951872894}, "datetime": {"datetime": "2021-10-06 09:14:42", "elapsed": 73.506659, "delta": 0.851915}}
{"target": -34.34095954897673, "params": {"C": 264.95610437686116, "epsilon": 35.73944800244986, "gamma": 0.009826975839243642, "lamda": 0.07280809955809384}, "datetime": {"datetime": "2021-10-06 09:14:43", "elapsed": 74.248043, "delta": 0.741384}}
{"target": -34.19816817702607, "params": {"C": 350.11686222349164, "epsilon": 33.72219078195118, "gamma": 0.053811199550424633, "lamda": 0.1097923545200409}, "datetime": {"datetime": "2021-10-06 09:14:43", "elapsed": 74.887148, "delta": 0.639105}}
{"target": -34.67957422254308, "params": {"C": 255.7418440168941, "epsilon": 33.01825417112412, "gamma": 0.04329634996150774, "lamda": 0.009571618555363575}, "datetime": {"datetime": "2021-10-06 09:14:44", "elapsed": 75.637849, "delta": 0.750701}}
{"target": -33.757916608268204, "params": {"C": 244.72089700465924, "epsilon": 35.6281618928472, "gamma": 0.028937362560039495, "lamda": 0.10240264044367768}, "datetime": {"datetime": "2021-10-06 09:14:45", "elapsed": 76.374803, "delta": 0.736954}}
{"target": -35.610246263551616, "params": {"C": 353.2951039316375, "epsilon": 34.65735834312891, "gamma": 0.008389747698871656, "lamda": 0.1445679778425704}, "datetime": {"datetime": "2021-10-06 09:14:45", "elapsed": 77.041372, "delta": 0.666569}}
{"target": -34.43858537156248, "params": {"C": 305.29251984222014, "epsilon": 36.316597906930106, "gamma": 0.0766347868629997, "lamda": 0.12027747979487276}, "datetime": {"datetime": "2021-10-06 09:14:46", "elapsed": 77.741571, "delta": 0.700199}}
{"target": -34.76005602922166, "params": {"C": 347.2256518945002, "epsilon": 33.57845749387717, "gamma": 0.08966204061008895, "lamda": 0.11178908172591843}, "datetime": {"datetime": "2021-10-06 09:14:47", "elapsed": 78.382514, "delta": 0.640943}}
{"target": -34.83778600740639, "params": {"C": 284.408366604271, "epsilon": 32.07958263883165, "gamma": 0.0740467154026441, "lamda": 0.1401578380616711}, "datetime": {"datetime": "2021-10-06 09:14:47", "elapsed": 79.088226, "delta": 0.705712}}
{"target": -34.06414024434666, "params": {"C": 367.660716987705, "epsilon": 36.745337299376786, "gamma": 0.028146682188372123, "lamda": 0.1463024911399414}, "datetime": {"datetime": "2021-10-06 09:14:48", "elapsed": 79.788248, "delta": 0.700022}}
{"target": -34.39707649669207, "params": {"C": 357.38794249025034, "epsilon": 36.21951911907494, "gamma": 0.056508429446062644, "lamda": 0.02957338644030688}, "datetime": {"datetime": "2021-10-06 09:14:49", "elapsed": 80.505663, "delta": 0.717415}}
{"target": -33.79881744790208, "params": {"C": 283.8343029927535, "epsilon": 35.22169467343015, "gamma": 0.032684333035070616, "lamda": 0.09742897212176871}, "datetime": {"datetime": "2021-10-06 09:14:50", "elapsed": 81.531945, "delta": 1.026282}}
{"target": -34.58144392494897, "params": {"C": 367.6836909564654, "epsilon": 36.679503040047074, "gamma": 0.011131480954309065, "lamda": 0.12014368555282819}, "datetime": {"datetime": "2021-10-06 09:14:51", "elapsed": 82.32374, "delta": 0.791795}}
{"target": -34.02561824901964, "params": {"C": 264.8798245187279, "epsilon": 35.71290444255547, "gamma": 0.04533976223206586, "lamda": 0.05913931534586848}, "datetime": {"datetime": "2021-10-06 09:14:51", "elapsed": 83.06463, "delta": 0.74089}}
{"target": -33.92253735660264, "params": {"C": 329.59862915908593, "epsilon": 36.17091847515569, "gamma": 0.03586888765177707, "lamda": 0.12942107219439147}, "datetime": {"datetime": "2021-10-06 09:14:52", "elapsed": 83.731498, "delta": 0.666868}}
{"target": -33.79396019060996, "params": {"C": 360.3868515310112, "epsilon": 38.78594865490554, "gamma": 0.028003454233309896, "lamda": 0.09158377650495805}, "datetime": {"datetime": "2021-10-06 09:14:53", "elapsed": 84.555551, "delta": 0.824053}}
{"target": -33.717323408947905, "params": {"C": 283.8678015497743, "epsilon": 35.34311901562335, "gamma": 0.024079071947695187, "lamda": 0.09008563451231383}, "datetime": {"datetime": "2021-10-06 09:14:54", "elapsed": 85.411503, "delta": 0.855952}}
{"target": -34.52151165882474, "params": {"C": 270.34500501116304, "epsilon": 33.706354820344124, "gamma": 0.0059998769586473745, "lamda": 0.034074126734262376}, "datetime": {"datetime": "2021-10-06 09:14:54", "elapsed": 86.113486, "delta": 0.701983}}
{"target": -34.30956275564675, "params": {"C": 368.87457512019057, "epsilon": 35.81169669173755, "gamma": 0.06929064510636662, "lamda": 0.09584194311329156}, "datetime": {"datetime": "2021-10-06 09:14:55", "elapsed": 86.802327, "delta": 0.688841}}
{"target": -34.373456297688264, "params": {"C": 253.3200551707625, "epsilon": 30.962310410302855, "gamma": 0.0070575493869113656, "lamda": 0.030836197563452145}, "datetime": {"datetime": "2021-10-06 09:14:56", "elapsed": 87.495748, "delta": 0.693421}}
{"target": -35.17189403895666, "params": {"C": 240.616628636078, "epsilon": 30.00300582500709, "gamma": 0.0083959360689853, "lamda": 0.10300414908979859}, "datetime": {"datetime": "2021-10-06 09:14:56", "elapsed": 88.187538, "delta": 0.69179}}
{"target": -35.03293680915632, "params": {"C": 264.87694710048856, "epsilon": 35.84969491930392, "gamma": 0.07836579278835976, "lamda": 0.026965091127903566}, "datetime": {"datetime": "2021-10-06 09:14:57", "elapsed": 89.030012, "delta": 0.842474}}
{"target": -34.211257364539605, "params": {"C": 253.16209091972837, "epsilon": 36.52006565593786, "gamma": 0.06379684312245479, "lamda": 0.1035712326764}, "datetime": {"datetime": "2021-10-06 09:14:58", "elapsed": 89.754325, "delta": 0.724313}}
{"target": -35.21853262450783, "params": {"C": 387.910164372223, "epsilon": 38.78479085610614, "gamma": 0.062396884610229936, "lamda": 0.011320616643163407}, "datetime": {"datetime": "2021-10-06 09:14:59", "elapsed": 90.732072, "delta": 0.977747}}
{"target": -34.09685434319719, "params": {"C": 283.5082732538471, "epsilon": 35.027888807766075, "gamma": 0.05370935180023809, "lamda": 0.07812381881820461}, "datetime": {"datetime": "2021-10-06 09:15:00", "elapsed": 91.440172, "delta": 0.7081}}
{"target": -34.371814883168746, "params": {"C": 374.5955650587591, "epsilon": 30.818242583801958, "gamma": 0.014109159725121636, "lamda": 0.10535932990200861}, "datetime": {"datetime": "2021-10-06 09:15:00", "elapsed": 92.160609, "delta": 0.720437}}
{"target": -34.55537998698806, "params": {"C": 317.28408358274163, "epsilon": 34.19786187253444, "gamma": 0.015030152876266242, "lamda": 0.13547644795436417}, "datetime": {"datetime": "2021-10-06 09:15:01", "elapsed": 92.900489, "delta": 0.73988}}
{"target": -34.141589610674245, "params": {"C": 283.3567680265006, "epsilon": 37.87046473735452, "gamma": 0.0611705165556627, "lamda": 0.10730867465517416}, "datetime": {"datetime": "2021-10-06 09:15:02", "elapsed": 93.713661, "delta": 0.813172}}
{"target": -34.317244706662756, "params": {"C": 385.1127400820663, "epsilon": 36.43496804444077, "gamma": 0.06188216815796681, "lamda": 0.04821709235551487}, "datetime": {"datetime": "2021-10-06 09:15:03", "elapsed": 94.531388, "delta": 0.817727}}
{"target": -34.31165228859665, "params": {"C": 302.18158251837605, "epsilon": 36.177979802380634, "gamma": 0.06648950916771182, "lamda": 0.1275332365395853}, "datetime": {"datetime": "2021-10-06 09:15:04", "elapsed": 95.219626, "delta": 0.688238}}
{"target": -34.92455699365712, "params": {"C": 329.30103745548206, "epsilon": 30.4975232799801, "gamma": 0.01394051240812041, "lamda": 0.13112915718269624}, "datetime": {"datetime": "2021-10-06 09:15:04", "elapsed": 95.997105, "delta": 0.777479}}
{"target": -33.8296379017621, "params": {"C": 283.57673605228314, "epsilon": 34.888247453892326, "gamma": 0.015555307724649395, "lamda": 0.05487526275635923}, "datetime": {"datetime": "2021-10-06 09:15:05", "elapsed": 96.89066, "delta": 0.893555}}
{"target": -34.60601725572724, "params": {"C": 283.62201239875867, "epsilon": 34.80398483494233, "gamma": 0.08723387023865715, "lamda": 0.09650016566758568}, "datetime": {"datetime": "2021-10-06 09:15:06", "elapsed": 97.73978, "delta": 0.84912}}
{"target": -34.85274140535016, "params": {"C": 244.07384336711976, "epsilon": 35.14546194113313, "gamma": 0.0850953814569306, "lamda": 0.04016346083747301}, "datetime": {"datetime": "2021-10-06 09:15:07", "elapsed": 98.495278, "delta": 0.755498}}
{"target": -35.67196464721712, "params": {"C": 256.3647706838897, "epsilon": 30.855949161110733, "gamma": 0.0630574038588913, "lamda": 0.010004557787201582}, "datetime": {"datetime": "2021-10-06 09:15:08", "elapsed": 99.267906, "delta": 0.772628}}
{"target": -33.944488156935726, "params": {"C": 251.93216783367498, "epsilon": 32.074954215213324, "gamma": 0.01453982338633641, "lamda": 0.008252236618849575}, "datetime": {"datetime": "2021-10-06 09:15:08", "elapsed": 100.023232, "delta": 0.755326}}
{"target": -34.12788838545785, "params": {"C": 321.5833296312574, "epsilon": 36.17009217232585, "gamma": 0.05467786871644244, "lamda": 0.06663121997921734}, "datetime": {"datetime": "2021-10-06 09:15:09", "elapsed": 100.855679, "delta": 0.832447}}
{"target": -34.57211713346939, "params": {"C": 354.7684425571141, "epsilon": 30.878084172430146, "gamma": 0.0589920268353065, "lamda": 0.023803589403276364}, "datetime": {"datetime": "2021-10-06 09:15:10", "elapsed": 101.588645, "delta": 0.732966}}
{"target": -34.79813155062089, "params": {"C": 201.86928971552928, "epsilon": 34.90677820995051, "gamma": 0.05932308311647012, "lamda": 0.015896265844026515}, "datetime": {"datetime": "2021-10-06 09:15:11", "elapsed": 102.54896, "delta": 0.960315}}
{"target": -34.27646164836177, "params": {"C": 275.97290704983743, "epsilon": 37.668574303231125, "gamma": 0.06943358501930465, "lamda": 0.09318656659558949}, "datetime": {"datetime": "2021-10-06 09:15:12", "elapsed": 103.583609, "delta": 1.034649}}
{"target": -34.98294633139925, "params": {"C": 264.07623856572025, "epsilon": 35.985232344056065, "gamma": 0.0026499376349294803, "lamda": 0.012639239677186935}, "datetime": {"datetime": "2021-10-06 09:15:13", "elapsed": 104.368934, "delta": 0.785325}}
{"target": -34.45466909343964, "params": {"C": 295.22413148337154, "epsilon": 36.62179588367184, "gamma": 0.07822768879260308, "lamda": 0.08289455618798403}, "datetime": {"datetime": "2021-10-06 09:15:13", "elapsed": 105.131782, "delta": 0.762848}}
{"target": -35.02523608200496, "params": {"C": 280.1290550364402, "epsilon": 30.9913638938881, "gamma": 0.0989352400818801, "lamda": 0.07897351094461573}, "datetime": {"datetime": "2021-10-06 09:15:14", "elapsed": 105.871133, "delta": 0.739351}}
{"target": -34.77817387675932, "params": {"C": 350.08626138783296, "epsilon": 30.896989118805372, "gamma": 0.08672020816487643, "lamda": 0.08035713156042947}, "datetime": {"datetime": "2021-10-06 09:15:15", "elapsed": 106.679702, "delta": 0.808569}}
{"target": -36.415746700029544, "params": {"C": 283.3589728662731, "epsilon": 37.93824894678825, "gamma": 0.003164382508906858, "lamda": 0.09543458418044133}, "datetime": {"datetime": "2021-10-06 09:15:16", "elapsed": 107.600203, "delta": 0.920501}}
{"target": -35.613140825078325, "params": {"C": 285.7869312337727, "epsilon": 30.996402468765606, "gamma": 0.09817472173184712, "lamda": 0.14394454331965606}, "datetime": {"datetime": "2021-10-06 09:15:17", "elapsed": 108.364874, "delta": 0.764671}}
{"target": -34.7695739680269, "params": {"C": 209.80739982080502, "epsilon": 36.27295755261896, "gamma": 0.051031492833852644, "lamda": 0.01188452807786336}, "datetime": {"datetime": "2021-10-06 09:15:18", "elapsed": 109.220621, "delta": 0.855747}}
{"target": -34.77405094113516, "params": {"C": 279.82919354028115, "epsilon": 38.89892689336164, "gamma": 0.0049724345700425734, "lamda": 0.0419107058466003}, "datetime": {"datetime": "2021-10-06 09:15:18", "elapsed": 110.139872, "delta": 0.919251}}
{"target": -33.76916708903174, "params": {"C": 335.7573059913526, "epsilon": 37.455442542648704, "gamma": 0.0204070981846238, "lamda": 0.056572370030040536}, "datetime": {"datetime": "2021-10-06 09:15:19", "elapsed": 111.037773, "delta": 0.897901}}
{"target": -33.84956157568422, "params": {"C": 267.687924565894, "epsilon": 34.6813574630398, "gamma": 0.02956100463382684, "lamda": 0.1105236378516125}, "datetime": {"datetime": "2021-10-06 09:15:20", "elapsed": 111.784912, "delta": 0.747139}}
{"target": -34.686027301822364, "params": {"C": 247.37808876305274, "epsilon": 32.73414341053899, "gamma": 0.08298228612997392, "lamda": 0.10662731111451434}, "datetime": {"datetime": "2021-10-06 09:15:21", "elapsed": 112.534823, "delta": 0.749911}}
{"target": -38.2866496768995, "params": {"C": 272.325815100543, "epsilon": 31.05885357008591, "gamma": 0.09913989746467743, "lamda": 0.0063475806255063275}, "datetime": {"datetime": "2021-10-06 09:15:22", "elapsed": 113.359611, "delta": 0.824788}}
{"target": -34.409052124571296, "params": {"C": 316.6952375169516, "epsilon": 31.498353303989408, "gamma": 0.02252988205503069, "lamda": 0.12923935923500438}, "datetime": {"datetime": "2021-10-06 09:15:23", "elapsed": 114.213918, "delta": 0.854307}}
{"target": -34.75309666979093, "params": {"C": 256.21852419680033, "epsilon": 37.83038497562147, "gamma": 0.09965084684409506, "lamda": 0.09019309522110582}, "datetime": {"datetime": "2021-10-06 09:15:23", "elapsed": 115.02477, "delta": 0.810852}}
{"target": -33.88937672532485, "params": {"C": 335.8163138250907, "epsilon": 37.38955696831846, "gamma": 0.017163886361838354, "lamda": 0.08253345358378315}, "datetime": {"datetime": "2021-10-06 09:15:24", "elapsed": 115.894406, "delta": 0.869636}}
{"target": -34.00578000514383, "params": {"C": 283.5098802676745, "epsilon": 35.000798281276616, "gamma": 0.012553533642719343, "lamda": 0.054847961252748115}, "datetime": {"datetime": "2021-10-06 09:15:25", "elapsed": 116.808633, "delta": 0.914227}}
{"target": -33.991861652987815, "params": {"C": 375.20908659133875, "epsilon": 38.19726495591689, "gamma": 0.016384609609838077, "lamda": 0.07192154907522866}, "datetime": {"datetime": "2021-10-06 09:15:26", "elapsed": 117.786836, "delta": 0.978203}}
{"target": -35.233764770227914, "params": {"C": 224.19477778192675, "epsilon": 31.009986400952425, "gamma": 0.054087975181341924, "lamda": 0.00806511554651609}, "datetime": {"datetime": "2021-10-06 09:15:27", "elapsed": 118.66546, "delta": 0.878624}}
{"target": -34.33792422583373, "params": {"C": 211.2087033023509, "epsilon": 34.465394971297535, "gamma": 0.06871865846526942, "lamda": 0.0873450070249976}, "datetime": {"datetime": "2021-10-06 09:15:28", "elapsed": 119.66845, "delta": 1.00299}}
{"target": -34.96804311449673, "params": {"C": 297.26660982209796, "epsilon": 34.30274316737595, "gamma": 0.010387247647013619, "lamda": 0.13144276919298292}, "datetime": {"datetime": "2021-10-06 09:15:29", "elapsed": 120.47666, "delta": 0.80821}}
{"target": -34.168596324004305, "params": {"C": 330.56794464112903, "epsilon": 38.09210512229445, "gamma": 0.0586271654977248, "lamda": 0.06736392015370367}, "datetime": {"datetime": "2021-10-06 09:15:30", "elapsed": 121.44837, "delta": 0.97171}}
{"target": -37.22174088807942, "params": {"C": 221.15103468370003, "epsilon": 37.27579548013123, "gamma": 0.07332499616144841, "lamda": 0.0021592423186033967}, "datetime": {"datetime": "2021-10-06 09:15:31", "elapsed": 122.318337, "delta": 0.869967}}
{"target": -33.80434516937088, "params": {"C": 283.8193839488249, "epsilon": 35.368684085347454, "gamma": 0.016483628652922952, "lamda": 0.0628711803945386}, "datetime": {"datetime": "2021-10-06 09:15:32", "elapsed": 123.244634, "delta": 0.926297}}
{"target": -34.49117620524178, "params": {"C": 259.3495260393169, "epsilon": 34.699721748328905, "gamma": 0.07587207914749697, "lamda": 0.06466881265570412}, "datetime": {"datetime": "2021-10-06 09:15:32", "elapsed": 124.084697, "delta": 0.840063}}
{"target": -33.92369055368158, "params": {"C": 381.7286736768455, "epsilon": 37.02882164072929, "gamma": 0.032525044118640385, "lamda": 0.03045047191850682}, "datetime": {"datetime": "2021-10-06 09:15:33", "elapsed": 124.936298, "delta": 0.851601}}
{"target": -34.93468830541542, "params": {"C": 386.4644179693656, "epsilon": 32.554999116512015, "gamma": 0.08571988510864384, "lamda": 0.13150300366323722}, "datetime": {"datetime": "2021-10-06 09:15:34", "elapsed": 125.723558, "delta": 0.78726}}
{"target": -34.503550698865446, "params": {"C": 283.75272782282116, "epsilon": 34.941078569858924, "gamma": 0.06735411258429042, "lamda": 0.1472871968359069}, "datetime": {"datetime": "2021-10-06 09:15:35", "elapsed": 126.637496, "delta": 0.913938}}
{"target": -34.63168017463268, "params": {"C": 212.70095181222774, "epsilon": 30.126729051884677, "gamma": 0.07561036101928127, "lamda": 0.0791475329527569}, "datetime": {"datetime": "2021-10-06 09:15:36", "elapsed": 127.456183, "delta": 0.818687}}
{"target": -34.27444785210528, "params": {"C": 343.87578135289044, "epsilon": 32.44602746674171, "gamma": 0.039898132804203124, "lamda": 0.13234706162942628}, "datetime": {"datetime": "2021-10-06 09:15:37", "elapsed": 128.320941, "delta": 0.864758}}
{"target": -33.843816825102955, "params": {"C": 215.4254410525587, "epsilon": 31.42675533616428, "gamma": 0.020230297369642457, "lamda": 0.055909796884012285}, "datetime": {"datetime": "2021-10-06 09:15:38", "elapsed": 129.223233, "delta": 0.902292}}
{"target": -38.83782781150593, "params": {"C": 368.460817700023, "epsilon": 30.28607752648811, "gamma": 0.003796620362295342, "lamda": 0.14492640685736174}, "datetime": {"datetime": "2021-10-06 09:15:38", "elapsed": 130.088583, "delta": 0.86535}}
{"target": -34.91078231798025, "params": {"C": 361.6591540438202, "epsilon": 32.72722209132938, "gamma": 0.08117671969456189, "lamda": 0.14205020863564635}, "datetime": {"datetime": "2021-10-06 09:15:39", "elapsed": 130.912897, "delta": 0.824314}}
{"target": -34.08511470252725, "params": {"C": 246.68869186535738, "epsilon": 30.481380216123622, "gamma": 0.02878238298464452, "lamda": 0.018207587568315114}, "datetime": {"datetime": "2021-10-06 09:15:40", "elapsed": 131.757712, "delta": 0.844815}}
{"target": -34.01879594914263, "params": {"C": 283.8977824918842, "epsilon": 34.91426468165635, "gamma": 0.026728732872373387, "lamda": 0.13067748052096462}, "datetime": {"datetime": "2021-10-06 09:15:41", "elapsed": 132.6952, "delta": 0.937488}}
{"target": -33.88146929509253, "params": {"C": 268.32451869918975, "epsilon": 35.95221004278611, "gamma": 0.02388498566204892, "lamda": 0.02067692332867081}, "datetime": {"datetime": "2021-10-06 09:15:42", "elapsed": 133.58192, "delta": 0.88672}}
{"target": -34.52549650781918, "params": {"C": 334.8679052757313, "epsilon": 32.111215176985034, "gamma": 0.07423322467970511, "lamda": 0.06475923995465009}, "datetime": {"datetime": "2021-10-06 09:15:43", "elapsed": 134.459825, "delta": 0.877905}}
{"target": -34.34587770807692, "params": {"C": 257.0364168581584, "epsilon": 34.07213459155599, "gamma": 0.05365036800417315, "lamda": 0.1424645341327721}, "datetime": {"datetime": "2021-10-06 09:15:44", "elapsed": 135.330592, "delta": 0.870767}}
{"target": -34.393318534974604, "params": {"C": 267.6423992757352, "epsilon": 34.742617336898604, "gamma": 0.07056940647383715, "lamda": 0.0690066223299533}, "datetime": {"datetime": "2021-10-06 09:15:45", "elapsed": 136.358457, "delta": 1.027865}}
{"target": -34.403265498902144, "params": {"C": 215.38603812408462, "epsilon": 31.460487006421687, "gamma": 0.06152848561101008, "lamda": 0.09459834745972}, "datetime": {"datetime": "2021-10-06 09:15:46", "elapsed": 137.387172, "delta": 1.028715}}
{"target": -34.59839845634669, "params": {"C": 330.293709021375, "epsilon": 31.460061098268632, "gamma": 0.007847044086628188, "lamda": 0.07505234780174008}, "datetime": {"datetime": "2021-10-06 09:15:47", "elapsed": 138.251925, "delta": 0.864753}}
{"target": -34.43529735303119, "params": {"C": 206.50913157391318, "epsilon": 33.30681860815563, "gamma": 0.06605921723027881, "lamda": 0.11993893834820965}, "datetime": {"datetime": "2021-10-06 09:15:47", "elapsed": 139.154177, "delta": 0.902252}}
{"target": -34.66103132300514, "params": {"C": 201.35603657857897, "epsilon": 35.18521991648737, "gamma": 0.08245365061674091, "lamda": 0.13423500263321797}, "datetime": {"datetime": "2021-10-06 09:15:48", "elapsed": 140.026097, "delta": 0.87192}}
{"target": -34.45591805382432, "params": {"C": 254.00063940395648, "epsilon": 37.09267278759716, "gamma": 0.08112232553484688, "lamda": 0.10500541262051662}, "datetime": {"datetime": "2021-10-06 09:15:49", "elapsed": 140.901883, "delta": 0.875786}}
{"target": -33.87388579422504, "params": {"C": 268.2677706060447, "epsilon": 35.962097147074516, "gamma": 0.03258118524713855, "lamda": 0.049921532240899284}, "datetime": {"datetime": "2021-10-06 09:15:50", "elapsed": 142.179442, "delta": 1.277559}}
{"target": -35.31820627134418, "params": {"C": 290.1519232370426, "epsilon": 37.548839299709826, "gamma": 0.08604788219554418, "lamda": 0.02515549108371738}, "datetime": {"datetime": "2021-10-06 09:15:52", "elapsed": 143.232726, "delta": 1.053284}}
{"target": -33.89745398228053, "params": {"C": 268.30840961827806, "epsilon": 35.94084233060872, "gamma": 0.04013062707770673, "lamda": 0.12190956819214842}, "datetime": {"datetime": "2021-10-06 09:15:53", "elapsed": 144.279981, "delta": 1.047255}}
