{"target": -40.50278681111107, "params": {"C": 151.56270220077985, "epsilon": 4.745117650362191, "gamma": 0.07506499840959284, "lamda": 0.02365531638072077}, "datetime": {"datetime": "2021-10-06 07:48:45", "elapsed": 62880.014871, "delta": 3.428414}}
{"target": -35.79803609369115, "params": {"C": 175.49832764628735, "epsilon": 27.156838381213728, "gamma": 0.0001, "lamda": 0.0001}, "datetime": {"datetime": "2021-10-06 07:48:58", "elapsed": 62893.197343, "delta": 13.182472}}
{"target": -35.55344384740902, "params": {"C": 185.9505558778126, "epsilon": 28.39987309691838, "gamma": 0.09620269385920031, "lamda": 0.02692232161376696}, "datetime": {"datetime": "2021-10-06 07:49:01", "elapsed": 62896.626401, "delta": 3.429058}}
{"target": -33.88875692586708, "params": {"C": 192.8766450425392, "epsilon": 28.229557448419843, "gamma": 0.04848179340006375, "lamda": 0.023292154767053777}, "datetime": {"datetime": "2021-10-06 07:49:16", "elapsed": 62910.700809, "delta": 14.074408}}
{"target": -48.64511029108679, "params": {"C": 86.56606269287316, "epsilon": 17.276717738856, "gamma": 0.3948529925567522, "lamda": 0.15173550981380507}, "datetime": {"datetime": "2021-10-06 07:49:20", "elapsed": 62915.338414, "delta": 4.637605}}
{"target": -33.464650974165814, "params": {"C": 193.71289066192628, "epsilon": 29.750565199394384, "gamma": 0.03924564722832161, "lamda": 0.023431007576320557}, "datetime": {"datetime": "2021-10-06 07:49:33", "elapsed": 62928.314909, "delta": 12.976495}}
{"target": -40.30207377168321, "params": {"C": 93.10122811339512, "epsilon": 27.92740248064649, "gamma": 0.17209149076574415, "lamda": 0.1817347584816642}, "datetime": {"datetime": "2021-10-06 07:49:43", "elapsed": 62938.065416, "delta": 9.750507}}
{"target": -44.158638242149465, "params": {"C": 186.03115476453337, "epsilon": 28.492842424766973, "gamma": 0.2202070354751865, "lamda": 0.28436049844533356}, "datetime": {"datetime": "2021-10-06 07:49:54", "elapsed": 62948.690901, "delta": 10.625485}}
{"target": -34.46708323598346, "params": {"C": 93.50982993466178, "epsilon": 27.46931249052793, "gamma": 0.07412067416870677, "lamda": 0.050203371163491}, "datetime": {"datetime": "2021-10-06 07:50:08", "elapsed": 62963.000399, "delta": 14.309498}}
{"target": -47.967003370365745, "params": {"C": 86.02799015593169, "epsilon": 20.435049628774074, "gamma": 0.22015365114473048, "lamda": 0.2944157692037006}, "datetime": {"datetime": "2021-10-06 07:50:12", "elapsed": 62966.946096, "delta": 3.945697}}
{"target": -33.432893065004734, "params": {"C": 93.3128898491717, "epsilon": 27.474944697644794, "gamma": 0.020538971436352964, "lamda": 0.02872160721074062}, "datetime": {"datetime": "2021-10-06 07:50:21", "elapsed": 62976.646945, "delta": 9.700849}}
{"target": -38.886278462891774, "params": {"C": 4.304746265531258, "epsilon": 20.098023224435753, "gamma": 0.040161080245208904, "lamda": 0.13563389480762042}, "datetime": {"datetime": "2021-10-06 07:50:25", "elapsed": 62980.20225, "delta": 3.555305}}
{"target": -35.035820532821546, "params": {"C": 49.64556759576511, "epsilon": 26.15632665373409, "gamma": 0.08708013840923451, "lamda": 0.03233702465433287}, "datetime": {"datetime": "2021-10-06 07:50:39", "elapsed": 62994.030926, "delta": 13.828676}}
{"target": -54.94591123792853, "params": {"C": 166.2412771055195, "epsilon": 11.389317449303682, "gamma": 0.20349209305424695, "lamda": 0.3529198046469813}, "datetime": {"datetime": "2021-10-06 07:50:42", "elapsed": 62997.454556, "delta": 3.42363}}
{"target": -38.331603555025836, "params": {"C": 49.41312249279011, "epsilon": 26.086250296754113, "gamma": 0.09378214137394442, "lamda": 0.214236117149112}, "datetime": {"datetime": "2021-10-06 07:50:55", "elapsed": 63010.164538, "delta": 12.709982}}
{"target": -58.45888060552954, "params": {"C": 181.25821732285166, "epsilon": 7.286994639561596, "gamma": 0.12589773269874077, "lamda": 0.3970588671673577}, "datetime": {"datetime": "2021-10-06 07:50:59", "elapsed": 63013.807388, "delta": 3.64285}}
{"target": -41.166234390713605, "params": {"C": 175.7264781531702, "epsilon": 26.437667909650727, "gamma": 0.30892321476724915, "lamda": 0.0369662078574344}, "datetime": {"datetime": "2021-10-06 07:51:09", "elapsed": 63024.268646, "delta": 10.461258}}
{"target": -42.53277013232552, "params": {"C": 129.86666873791805, "epsilon": 28.789031537905238, "gamma": 0.14528242819368445, "lamda": 0.3212336042575186}, "datetime": {"datetime": "2021-10-06 07:51:17", "elapsed": 63032.032898, "delta": 7.764252}}
{"target": -37.23173326826561, "params": {"C": 197.1023847323851, "epsilon": 26.59955661815306, "gamma": 0.14953606957832016, "lamda": 0.07638339259127896}, "datetime": {"datetime": "2021-10-06 07:51:21", "elapsed": 63035.723449, "delta": 3.690551}}
{"target": -45.61061753235746, "params": {"C": 190.04943496448297, "epsilon": 7.666010043371637, "gamma": 0.31917714592504, "lamda": 0.06859870862062259}, "datetime": {"datetime": "2021-10-06 07:51:26", "elapsed": 63041.077449, "delta": 5.354}}
{"target": -37.1441113491962, "params": {"C": 132.73087290142553, "epsilon": 27.3243497173186, "gamma": 0.0001, "lamda": 0.0001}, "datetime": {"datetime": "2021-10-06 07:51:42", "elapsed": 63056.874056, "delta": 15.796607}}
{"target": -38.364985002426586, "params": {"C": 93.14071097630311, "epsilon": 27.724109584500052, "gamma": 0.0001, "lamda": 0.0001}, "datetime": {"datetime": "2021-10-06 07:51:54", "elapsed": 63069.112749, "delta": 12.238693}}
{"target": -33.33728269481786, "params": {"C": 93.80942486249923, "epsilon": 27.188220223472527, "gamma": 0.025626218996124734, "lamda": 0.08342949488974472}, "datetime": {"datetime": "2021-10-06 07:52:10", "elapsed": 63084.74756, "delta": 15.634811}}
{"target": -34.90670861014565, "params": {"C": 94.04353626445014, "epsilon": 27.445809242252615, "gamma": 0.04447037766363014, "lamda": 0.0024950849134961956}, "datetime": {"datetime": "2021-10-06 07:52:20", "elapsed": 63095.289348, "delta": 10.541788}}
{"target": -39.05638569337668, "params": {"C": 156.51407620104857, "epsilon": 20.185040247942347, "gamma": 0.1162194863710079, "lamda": 0.1556043769823852}, "datetime": {"datetime": "2021-10-06 07:52:24", "elapsed": 63099.438682, "delta": 4.149334}}
{"target": -34.2652106959102, "params": {"C": 191.6991444936191, "epsilon": 28.38202913746473, "gamma": 0.0048866606304603325, "lamda": 0.1293292030822516}, "datetime": {"datetime": "2021-10-06 07:52:35", "elapsed": 63110.394104, "delta": 10.955422}}
{"target": -33.60724259257974, "params": {"C": 36.363223799506414, "epsilon": 27.18817144411172, "gamma": 0.044119297395899815, "lamda": 0.036112244112496736}, "datetime": {"datetime": "2021-10-06 07:52:45", "elapsed": 63120.557807, "delta": 10.163703}}
{"target": -44.02987533184292, "params": {"C": 81.23950305605949, "epsilon": 24.26344854778028, "gamma": 0.16510361328293072, "lamda": 0.2858535378452385}, "datetime": {"datetime": "2021-10-06 07:52:50", "elapsed": 63125.098298, "delta": 4.540491}}
{"target": -34.32261857611704, "params": {"C": 92.92669099443626, "epsilon": 28.349159449658966, "gamma": 0.06181269582174989, "lamda": 0.02300872587400253}, "datetime": {"datetime": "2021-10-06 07:53:01", "elapsed": 63136.09847, "delta": 11.000172}}
{"target": -46.123345093104895, "params": {"C": 122.75986284895379, "epsilon": 22.8175254053932, "gamma": 0.28443484893693805, "lamda": 0.2150685847595053}, "datetime": {"datetime": "2021-10-06 07:53:05", "elapsed": 63139.867773, "delta": 3.769303}}
{"target": -41.57427639854885, "params": {"C": 144.75627721369028, "epsilon": 17.201466398364836, "gamma": 0.21799373159065497, "lamda": 0.0926147414701636}, "datetime": {"datetime": "2021-10-06 07:53:09", "elapsed": 63143.872309, "delta": 4.004536}}
{"target": -42.85539608908884, "params": {"C": 96.2961913810298, "epsilon": 19.012786221403488, "gamma": 0.16776946671346868, "lamda": 0.19761122613089965}, "datetime": {"datetime": "2021-10-06 07:53:13", "elapsed": 63147.843821, "delta": 3.971512}}
{"target": -44.18880737995511, "params": {"C": 162.13858082475426, "epsilon": 11.15488562224132, "gamma": 0.23318629068874178, "lamda": 0.11634390863521067}, "datetime": {"datetime": "2021-10-06 07:53:18", "elapsed": 63152.696755, "delta": 4.852934}}
{"target": -44.21788535659399, "params": {"C": 16.570155352592046, "epsilon": 15.35975158443679, "gamma": 0.16784135136325046, "lamda": 0.15539777251464443}, "datetime": {"datetime": "2021-10-06 07:53:21", "elapsed": 63156.506994, "delta": 3.810239}}
{"target": -35.05749936245962, "params": {"C": 188.2370697053332, "epsilon": 29.753424575561386, "gamma": 0.0001, "lamda": 0.0001}, "datetime": {"datetime": "2021-10-06 07:53:36", "elapsed": 63171.150993, "delta": 14.643999}}
{"target": -33.33478454788435, "params": {"C": 93.42050924422962, "epsilon": 28.474192123448326, "gamma": 0.03498341528547617, "lamda": 0.048523233254371155}, "datetime": {"datetime": "2021-10-06 07:53:46", "elapsed": 63181.560184, "delta": 10.409191}}
{"target": -44.40039556412093, "params": {"C": 93.33387592598321, "epsilon": 28.450547386469424, "gamma": 0.2351544607583422, "lamda": 0.27647993009446786}, "datetime": {"datetime": "2021-10-06 07:53:57", "elapsed": 63192.507028, "delta": 10.946844}}
{"target": -37.15525891252737, "params": {"C": 94.08655278302314, "epsilon": 26.735956769496042, "gamma": 0.1378664664650929, "lamda": 0.10117110737870127}, "datetime": {"datetime": "2021-10-06 07:54:08", "elapsed": 63203.306804, "delta": 10.799776}}
{"target": -64.46534015826485, "params": {"C": 113.7398184734837, "epsilon": 2.4764322277752844, "gamma": 0.2391270379517819, "lamda": 0.3918311330894187}, "datetime": {"datetime": "2021-10-06 07:54:12", "elapsed": 63207.541084, "delta": 4.23428}}
{"target": -40.806463926596614, "params": {"C": 191.780804897814, "epsilon": 28.250524147332683, "gamma": 0.2883246664117874, "lamda": 0.07235566963768161}, "datetime": {"datetime": "2021-10-06 07:54:22", "elapsed": 63217.677393, "delta": 10.136309}}
{"target": -42.159471847881306, "params": {"C": 132.8651531556753, "epsilon": 26.93883316727761, "gamma": 0.16493038956309083, "lamda": 0.25523085262590955}, "datetime": {"datetime": "2021-10-06 07:54:26", "elapsed": 63221.445099, "delta": 3.767706}}
{"target": -35.62357270659125, "params": {"C": 36.61630802283971, "epsilon": 26.95437313410597, "gamma": 0.03165378629446746, "lamda": 0.21994639166292881}, "datetime": {"datetime": "2021-10-06 07:54:42", "elapsed": 63237.002814, "delta": 15.557715}}
{"target": -38.21671609814683, "params": {"C": 93.25074824611774, "epsilon": 28.249219071345287, "gamma": 0.0001, "lamda": 0.0001}, "datetime": {"datetime": "2021-10-06 07:54:59", "elapsed": 63254.259227, "delta": 17.256413}}
{"target": -38.07342483402268, "params": {"C": 93.59974699716173, "epsilon": 28.67975053345519, "gamma": 0.0001, "lamda": 0.0001}, "datetime": {"datetime": "2021-10-06 07:55:12", "elapsed": 63266.824249, "delta": 12.565022}}
{"target": -35.31344245801452, "params": {"C": 92.72992447658713, "epsilon": 28.108072007402395, "gamma": 0.09421126700999213, "lamda": 0.10138410858856088}, "datetime": {"datetime": "2021-10-06 07:55:29", "elapsed": 63284.383496, "delta": 17.559247}}
{"target": -47.13551316322088, "params": {"C": 17.43223585469038, "epsilon": 25.65559868301121, "gamma": 0.2533465458770793, "lamda": 0.325992576451211}, "datetime": {"datetime": "2021-10-06 07:55:33", "elapsed": 63288.239605, "delta": 3.856109}}
{"target": -39.97215056017036, "params": {"C": 36.444701885678676, "epsilon": 27.48336001138376, "gamma": 0.24537757334169805, "lamda": 0.043792374209397175}, "datetime": {"datetime": "2021-10-06 07:55:43", "elapsed": 63298.343236, "delta": 10.103631}}
{"target": -35.986032735542885, "params": {"C": 175.7252168781513, "epsilon": 26.5599788838695, "gamma": 0.0001, "lamda": 0.0001}, "datetime": {"datetime": "2021-10-06 07:55:56", "elapsed": 63311.425531, "delta": 13.082295}}
{"target": -39.58222279723017, "params": {"C": 36.38886332186658, "epsilon": 27.075764869705306, "gamma": 0.030519842608394635, "lamda": 0.36093166943711485}, "datetime": {"datetime": "2021-10-06 07:56:08", "elapsed": 63323.621328, "delta": 12.195797}}
{"target": -45.95301124816524, "params": {"C": 131.323552830579, "epsilon": 1.523077285303296, "gamma": 0.16407493695028932, "lamda": 0.095674672623835}, "datetime": {"datetime": "2021-10-06 07:56:13", "elapsed": 63328.225675, "delta": 4.604347}}
{"target": -35.418149563455856, "params": {"C": 185.68864167820797, "epsilon": 28.227786536740226, "gamma": 0.0001, "lamda": 0.0001}, "datetime": {"datetime": "2021-10-06 07:56:25", "elapsed": 63339.8865, "delta": 11.660825}}
{"target": -35.44281055388187, "params": {"C": 192.8313673117976, "epsilon": 27.93115502755178, "gamma": 0.0001, "lamda": 0.0001}, "datetime": {"datetime": "2021-10-06 07:56:38", "elapsed": 63353.103498, "delta": 13.216998}}
{"target": -42.72514996937062, "params": {"C": 129.52928733209856, "epsilon": 27.993957894821612, "gamma": 0.10534071702627575, "lamda": 0.3702664718457332}, "datetime": {"datetime": "2021-10-06 07:56:54", "elapsed": 63369.463967, "delta": 16.360469}}
{"target": -46.1430042868211, "params": {"C": 134.50222055820407, "epsilon": 16.795447006635314, "gamma": 0.2123652715931512, "lamda": 0.21685125473638067}, "datetime": {"datetime": "2021-10-06 07:56:59", "elapsed": 63374.149515, "delta": 4.685548}}
{"target": -44.09604207299197, "params": {"C": 94.4264419002275, "epsilon": 27.388334047741004, "gamma": 0.27245305397661723, "lamda": 0.20378032426679663}, "datetime": {"datetime": "2021-10-06 07:57:15", "elapsed": 63390.014899, "delta": 15.865384}}
{"target": -37.58946025378723, "params": {"C": 137.08258379264495, "epsilon": 27.815485385116094, "gamma": 0.16963233401232128, "lamda": 0.07140146612603512}, "datetime": {"datetime": "2021-10-06 07:57:20", "elapsed": 63395.243885, "delta": 5.228986}}
{"target": -46.61795000094536, "params": {"C": 80.1650263815887, "epsilon": 22.901186570388443, "gamma": 0.31687989061942406, "lamda": 0.20011074014720703}, "datetime": {"datetime": "2021-10-06 07:57:24", "elapsed": 63399.508291, "delta": 4.264406}}
{"target": -33.78678875601911, "params": {"C": 49.89457399869003, "epsilon": 26.14305004178641, "gamma": 0.03862222578129109, "lamda": 0.01858419260634929}, "datetime": {"datetime": "2021-10-06 07:57:38", "elapsed": 63412.992968, "delta": 13.484677}}
{"target": -41.37104542985598, "params": {"C": 92.77915499086673, "epsilon": 28.577498637650358, "gamma": 0.2997723827360044, "lamda": 0.005822611988588363}, "datetime": {"datetime": "2021-10-06 07:57:53", "elapsed": 63428.170004, "delta": 15.177036}}
{"target": -44.955970064368614, "params": {"C": 159.53664838170042, "epsilon": 5.008226148806615, "gamma": 0.2614938326187097, "lamda": 0.06060534356525288}, "datetime": {"datetime": "2021-10-06 07:57:57", "elapsed": 63432.174784, "delta": 4.00478}}
{"target": -48.66165153865966, "params": {"C": 3.1471906661478926, "epsilon": 17.668880558760296, "gamma": 0.12864622587678268, "lamda": 0.23202232313353532}, "datetime": {"datetime": "2021-10-06 07:58:01", "elapsed": 63436.131118, "delta": 3.956334}}
{"target": -40.8719312697729, "params": {"C": 93.88470552232118, "epsilon": 27.405907350303465, "gamma": 0.1464589133036899, "lamda": 0.23745636935998077}, "datetime": {"datetime": "2021-10-06 07:58:12", "elapsed": 63446.883561, "delta": 10.752443}}
{"target": -36.90983838489211, "params": {"C": 36.76605156166163, "epsilon": 27.24596368826174, "gamma": 0.1398021129519884, "lamda": 0.06511281040734822}, "datetime": {"datetime": "2021-10-06 07:58:23", "elapsed": 63457.77325, "delta": 10.889689}}
{"target": -51.116729664474484, "params": {"C": 166.36457801398407, "epsilon": 8.661078067893065, "gamma": 0.2795551013619766, "lamda": 0.20844564383894126}, "datetime": {"datetime": "2021-10-06 07:58:26", "elapsed": 63461.592837, "delta": 3.819587}}
{"target": -34.24455602270986, "params": {"C": 93.66518944536845, "epsilon": 26.870670966445164, "gamma": 0.051467760826601525, "lamda": 0.12649195053808204}, "datetime": {"datetime": "2021-10-06 07:58:39", "elapsed": 63474.525676, "delta": 12.932839}}
{"target": -38.35671750754228, "params": {"C": 35.74271125210584, "epsilon": 28.01814669157439, "gamma": 0.032432369760946024, "lamda": 0.3346260862493932}, "datetime": {"datetime": "2021-10-06 07:58:59", "elapsed": 63493.869255, "delta": 19.343579}}
{"target": -39.63714694033995, "params": {"C": 93.65078658362158, "epsilon": 26.36678540632698, "gamma": 0.06498059193450517, "lamda": 0.30402067394412613}, "datetime": {"datetime": "2021-10-06 07:59:12", "elapsed": 63507.49714, "delta": 13.627885}}
{"target": -33.65638086799162, "params": {"C": 93.73468418786742, "epsilon": 27.669775175997216, "gamma": 0.03271128221946122, "lamda": 0.01781862716805277}, "datetime": {"datetime": "2021-10-06 07:59:23", "elapsed": 63518.547051, "delta": 11.049911}}
{"target": -37.55412485393565, "params": {"C": 191.3798429127155, "epsilon": 28.29188189135335, "gamma": 0.09401710939341117, "lamda": 0.006990503532037965}, "datetime": {"datetime": "2021-10-06 07:59:39", "elapsed": 63533.75988, "delta": 15.212829}}
{"target": -39.011542236366076, "params": {"C": 191.49930571787405, "epsilon": 28.678807740173742, "gamma": 0.1727025479691777, "lamda": 0.1408249015141643}, "datetime": {"datetime": "2021-10-06 07:59:50", "elapsed": 63544.934412, "delta": 11.174532}}
{"target": -41.70462903256505, "params": {"C": 84.9186778049699, "epsilon": 21.748847124831748, "gamma": 0.17801582188694895, "lamda": 0.17551496047059817}, "datetime": {"datetime": "2021-10-06 07:59:54", "elapsed": 63549.565713, "delta": 4.631301}}
{"target": -40.482907623343195, "params": {"C": 159.92537513718034, "epsilon": 29.033575867306464, "gamma": 0.2584947225201047, "lamda": 0.007224807954905301}, "datetime": {"datetime": "2021-10-06 08:00:08", "elapsed": 63563.101672, "delta": 13.535959}}
{"target": -42.5961275564754, "params": {"C": 37.020272900820096, "epsilon": 27.148685899215685, "gamma": 0.08046599504956804, "lamda": 0.3868703988278398}, "datetime": {"datetime": "2021-10-06 08:00:22", "elapsed": 63577.519772, "delta": 14.4181}}
{"target": -53.0422403329331, "params": {"C": 161.980354796091, "epsilon": 6.308538931194641, "gamma": 0.13642205185354114, "lamda": 0.3101469141053321}, "datetime": {"datetime": "2021-10-06 08:00:28", "elapsed": 63582.875632, "delta": 5.35586}}
{"target": -38.63940058650841, "params": {"C": 93.44685951010638, "epsilon": 26.675270772263058, "gamma": 0.0001, "lamda": 0.0001}, "datetime": {"datetime": "2021-10-06 08:00:42", "elapsed": 63596.938193, "delta": 14.062561}}
{"target": -35.75889516404125, "params": {"C": 160.00993723091884, "epsilon": 29.306298694963147, "gamma": 0.05557802454222776, "lamda": 0.2117253910491929}, "datetime": {"datetime": "2021-10-06 08:00:53", "elapsed": 63608.05082, "delta": 11.112627}}
{"target": -37.77702323973806, "params": {"C": 171.94572189205843, "epsilon": 27.342146485771668, "gamma": 0.15646564066915017, "lamda": 0.11101436311673268}, "datetime": {"datetime": "2021-10-06 08:00:57", "elapsed": 63611.975712, "delta": 3.924892}}
{"target": -48.33168163030338, "params": {"C": 45.57249560656303, "epsilon": 12.05741956942598, "gamma": 0.15500554025914298, "lamda": 0.2801034275174063}, "datetime": {"datetime": "2021-10-06 08:01:01", "elapsed": 63616.491243, "delta": 4.515531}}
{"target": -33.696011525618324, "params": {"C": 50.14714552761319, "epsilon": 23.372806811639485, "gamma": 0.02628006516979704, "lamda": 0.03444254030376491}, "datetime": {"datetime": "2021-10-06 08:01:06", "elapsed": 63620.864072, "delta": 4.372829}}
{"target": -34.14502382402038, "params": {"C": 49.87671716176319, "epsilon": 23.329582710035236, "gamma": 0.05336845350978196, "lamda": 0.052399968190785025}, "datetime": {"datetime": "2021-10-06 08:01:19", "elapsed": 63633.695494, "delta": 12.831422}}
{"target": -37.82254645189405, "params": {"C": 49.85164402413285, "epsilon": 22.921902085310876, "gamma": 0.03768651511589496, "lamda": 0.24347342207017988}, "datetime": {"datetime": "2021-10-06 08:01:40", "elapsed": 63655.183383, "delta": 21.487889}}
{"target": -45.67723552768801, "params": {"C": 83.74583772802386, "epsilon": 22.24774621898925, "gamma": 0.32023017344741433, "lamda": 0.1616700436826061}, "datetime": {"datetime": "2021-10-06 08:01:45", "elapsed": 63660.563453, "delta": 5.38007}}
{"target": -60.10752592552745, "params": {"C": 81.50920601411752, "epsilon": 1.6371664753959827, "gamma": 0.3223174000777815, "lamda": 0.3409225032838255}, "datetime": {"datetime": "2021-10-06 08:01:50", "elapsed": 63665.268196, "delta": 4.704743}}
{"target": -40.09756867840302, "params": {"C": 50.00300663810335, "epsilon": 23.591157289419787, "gamma": 0.1760308940149385, "lamda": 0.13887490878049355}, "datetime": {"datetime": "2021-10-06 08:02:11", "elapsed": 63686.091882, "delta": 20.823686}}
{"target": -57.9682699305204, "params": {"C": 22.249541848291145, "epsilon": 9.186506564434312, "gamma": 0.3205201124787358, "lamda": 0.32281730645886014}, "datetime": {"datetime": "2021-10-06 08:02:15", "elapsed": 63690.38885, "delta": 4.296968}}
{"target": -45.30333947189642, "params": {"C": 175.8461916792549, "epsilon": 19.334065622392156, "gamma": 0.2655861117042458, "lamda": 0.1721429064741779}, "datetime": {"datetime": "2021-10-06 08:02:21", "elapsed": 63696.063804, "delta": 5.674954}}
{"target": -51.63410981029997, "params": {"C": 50.06438618811612, "epsilon": 23.21337768059069, "gamma": 0.3825676081214492, "lamda": 0.36252883090791316}, "datetime": {"datetime": "2021-10-06 08:02:44", "elapsed": 63719.363378, "delta": 23.299574}}
{"target": -40.54168082395161, "params": {"C": 98.0177938909003, "epsilon": 2.191974442497276, "gamma": 0.012533283272993499, "lamda": 0.09599392747524955}, "datetime": {"datetime": "2021-10-06 08:02:48", "elapsed": 63723.573506, "delta": 4.210128}}
