{"target": -45.89843833351294, "params": {"C": 38.63854237156853, "epsilon": 7.660900259835073, "gamma": 0.10912166041315426, "lamda": 0.22779118904666354}, "datetime": {"datetime": "2021-10-06 08:40:21", "elapsed": 65985.318735, "delta": 8.174547}}
{"target": -40.66977682450942, "params": {"C": 185.84594890701152, "epsilon": 27.942602517807806, "gamma": 0.293849798621778, "lamda": 0.11258833906141577}, "datetime": {"datetime": "2021-10-06 08:40:43", "elapsed": 66007.619085, "delta": 22.30035}}
{"target": -41.70135249605322, "params": {"C": 51.42413455435999, "epsilon": 18.577020301888524, "gamma": 0.23434874340880096, "lamda": 0.1359404801931641}, "datetime": {"datetime": "2021-10-06 08:41:02", "elapsed": 66026.836836, "delta": 19.217751}}
{"target": -41.19041055943466, "params": {"C": 108.64962373241444, "epsilon": 26.458483688787098, "gamma": 0.14146798007597694, "lamda": 0.2702381015059521}, "datetime": {"datetime": "2021-10-06 08:41:09", "elapsed": 66033.580337, "delta": 6.743501}}
{"target": -57.58714111144726, "params": {"C": 110.12759064784103, "epsilon": 4.005595347040112, "gamma": 0.13527755009770553, "lamda": 0.35883863868704036}, "datetime": {"datetime": "2021-10-06 08:41:16", "elapsed": 66040.645416, "delta": 7.065079}}
{"target": -36.58626399843582, "params": {"C": 93.49076289667602, "epsilon": 27.415686341382553, "gamma": 0.1419240723543545, "lamda": 0.08965925484305239}, "datetime": {"datetime": "2021-10-06 08:41:49", "elapsed": 66073.847274, "delta": 33.201858}}
{"target": -62.165273307639836, "params": {"C": 59.969494811704145, "epsilon": 1.4996156659161513, "gamma": 0.05643248216586354, "lamda": 0.3948143279069036}, "datetime": {"datetime": "2021-10-06 08:41:56", "elapsed": 66080.400806, "delta": 6.553532}}
{"target": -34.057120581085556, "params": {"C": 198.4767615476596, "epsilon": 29.967770197776574, "gamma": 0.031244677137106283, "lamda": 0.03333107481094689}, "datetime": {"datetime": "2021-10-06 08:42:03", "elapsed": 66087.301919, "delta": 6.901113}}
{"target": -44.295689591545596, "params": {"C": 139.3181046814888, "epsilon": 28.2369489141054, "gamma": 0.3773010974960664, "lamda": 0.18824432519118955}, "datetime": {"datetime": "2021-10-06 08:42:15", "elapsed": 66099.357304, "delta": 12.055385}}
{"target": -34.21065084993643, "params": {"C": 173.0236904866673, "epsilon": 27.20699679657665, "gamma": 0.008351879229428955, "lamda": 0.031520577249687216}, "datetime": {"datetime": "2021-10-06 08:42:34", "elapsed": 66118.480578, "delta": 19.123274}}
{"target": -51.52766990225772, "params": {"C": 96.93693369844085, "epsilon": 21.546903639096218, "gamma": 0.38396210414239046, "lamda": 0.35634285998252024}, "datetime": {"datetime": "2021-10-06 08:42:43", "elapsed": 66127.088182, "delta": 8.607604}}
{"target": -59.13342433702026, "params": {"C": 111.51520794425296, "epsilon": 11.951963155153763, "gamma": 0.3887529859649458, "lamda": 0.3808611047607776}, "datetime": {"datetime": "2021-10-06 08:42:52", "elapsed": 66136.535483, "delta": 9.447301}}
{"target": -38.288246289836145, "params": {"C": 198.52538633009507, "epsilon": 29.764132509479044, "gamma": 0.2604754740287938, "lamda": 0.05945004181868826}, "datetime": {"datetime": "2021-10-06 08:43:15", "elapsed": 66159.454577, "delta": 22.919094}}
{"target": -34.6912981092404, "params": {"C": 32.0102352097461, "epsilon": 28.582084396338654, "gamma": 0.04224835711776966, "lamda": 0.005172518201756273}, "datetime": {"datetime": "2021-10-06 08:43:38", "elapsed": 66182.683902, "delta": 23.229325}}
{"target": -37.763886948558515, "params": {"C": 103.88030980138913, "epsilon": 25.51520913742647, "gamma": 0.1457754308641439, "lamda": 0.021230438341308822}, "datetime": {"datetime": "2021-10-06 08:43:45", "elapsed": 66189.844287, "delta": 7.160385}}
{"target": -42.08851802584961, "params": {"C": 162.75896349743047, "epsilon": 23.16578848909727, "gamma": 0.24323295398775807, "lamda": 0.17229926565742684}, "datetime": {"datetime": "2021-10-06 08:44:09", "elapsed": 66213.006277, "delta": 23.16199}}
{"target": -35.94376589890466, "params": {"C": 83.98737893581223, "epsilon": 32.48292044097942, "gamma": 0.0020112087320997988, "lamda": 0.04604755332214412}, "datetime": {"datetime": "2021-10-06 08:44:21", "elapsed": 0.0, "delta": 0.0}}
{"target": -34.38484292718402, "params": {"C": 30.204422272605495, "epsilon": 26.83104735291918, "gamma": 0.020253500715011752, "lamda": 0.05248854832941411}, "datetime": {"datetime": "2021-10-06 08:44:21", "elapsed": 0.284312, "delta": 0.284312}}
{"target": -34.236819070395555, "params": {"C": 79.95672737190331, "epsilon": 30.849350606030214, "gamma": 0.043081062411522895, "lamda": 0.10309770555911717}, "datetime": {"datetime": "2021-10-06 08:44:22", "elapsed": 0.565656, "delta": 0.281344}}
{"target": -35.92510178106594, "params": {"C": 41.68599769657197, "epsilon": 33.903056927518506, "gamma": 0.0046839841333967645, "lamda": 0.10089965901658193}, "datetime": {"datetime": "2021-10-06 08:44:22", "elapsed": 0.875798, "delta": 0.310142}}
{"target": -33.930280529200516, "params": {"C": 84.04365567105826, "epsilon": 31.028208456011765, "gamma": 0.01575791998233291, "lamda": 0.03051712187364694}, "datetime": {"datetime": "2021-10-06 08:44:22", "elapsed": 1.177945, "delta": 0.302147}}
{"target": -33.817746655918505, "params": {"C": 160.3481691664318, "epsilon": 34.714354181474576, "gamma": 0.0327155694596058, "lamda": 0.1041560697347278}, "datetime": {"datetime": "2021-10-06 08:44:22", "elapsed": 1.409874, "delta": 0.231929}}
{"target": -34.11280802757332, "params": {"C": 175.40144130691164, "epsilon": 34.05145997153463, "gamma": 0.010334332714238236, "lamda": 0.006819162701699472}, "datetime": {"datetime": "2021-10-06 08:44:23", "elapsed": 1.785696, "delta": 0.375822}}
{"target": -34.204533843752586, "params": {"C": 34.79625349334921, "epsilon": 33.903282530864715, "gamma": 0.01163798971563891, "lamda": 0.06374503612575277}, "datetime": {"datetime": "2021-10-06 08:44:23", "elapsed": 2.078959, "delta": 0.293263}}
{"target": -34.55603858804363, "params": {"C": 191.62001649994988, "epsilon": 30.798487564757153, "gamma": 0.0698039571671464, "lamda": 0.048011829019903376}, "datetime": {"datetime": "2021-10-06 08:44:23", "elapsed": 2.367905, "delta": 0.288946}}
{"target": -37.08904421286543, "params": {"C": 137.61368460863514, "epsilon": 33.51163104707636, "gamma": 0.003792251179730797, "lamda": 0.11277150292680015}, "datetime": {"datetime": "2021-10-06 08:44:24", "elapsed": 2.627807, "delta": 0.259902}}
{"target": -40.023259859922014, "params": {"C": 2.536251340840091, "epsilon": 27.456748407914265, "gamma": 0.07151816534865985, "lamda": 0.11494579198974854}, "datetime": {"datetime": "2021-10-06 08:44:24", "elapsed": 3.101803, "delta": 0.473996}}
{"target": -34.5588889831461, "params": {"C": 89.068906173637, "epsilon": 29.721236371406604, "gamma": 0.055684884686995735, "lamda": 0.11188603565471018}, "datetime": {"datetime": "2021-10-06 08:44:24", "elapsed": 3.462974, "delta": 0.361171}}
{"target": -35.5961372321594, "params": {"C": 191.69049706641692, "epsilon": 30.794119715294247, "gamma": 0.09943537853658549, "lamda": 0.02845933675193588}, "datetime": {"datetime": "2021-10-06 08:44:25", "elapsed": 3.736829, "delta": 0.273855}}
{"target": -36.53934385883192, "params": {"C": 5.220048456873139, "epsilon": 33.27093115664049, "gamma": 0.09655584302811245, "lamda": 0.10560888105929574}, "datetime": {"datetime": "2021-10-06 08:44:25", "elapsed": 4.092692, "delta": 0.355863}}
{"target": -35.88383778255764, "params": {"C": 73.51941912191828, "epsilon": 26.201583000202035, "gamma": 0.016936605927281433, "lamda": 0.14575670705834393}, "datetime": {"datetime": "2021-10-06 08:44:25", "elapsed": 4.434692, "delta": 0.342}}
{"target": -36.66233091759062, "params": {"C": 83.90227717538014, "epsilon": 31.022132559813727, "gamma": 0.09465281714461016, "lamda": 0.00149602150310505}, "datetime": {"datetime": "2021-10-06 08:44:26", "elapsed": 4.834794, "delta": 0.400102}}
{"target": -34.83926477700662, "params": {"C": 196.2650275017345, "epsilon": 28.43375595632965, "gamma": 0.08126093177083728, "lamda": 0.06753734048719545}, "datetime": {"datetime": "2021-10-06 08:44:26", "elapsed": 5.204518, "delta": 0.369724}}
{"target": -34.155998529042165, "params": {"C": 65.65027651840339, "epsilon": 31.722032745672145, "gamma": 0.04124950071736994, "lamda": 0.11298166518727606}, "datetime": {"datetime": "2021-10-06 08:44:26", "elapsed": 5.504958, "delta": 0.30044}}
{"target": -34.36596883396621, "params": {"C": 61.876332913418416, "epsilon": 32.08987973611724, "gamma": 0.056035409370948086, "lamda": 0.04806279251028819}, "datetime": {"datetime": "2021-10-06 08:44:27", "elapsed": 5.821222, "delta": 0.316264}}
{"target": -34.568946085427065, "params": {"C": 80.03972163330324, "epsilon": 27.747601067772734, "gamma": 0.007179885742613379, "lamda": 0.05239785264625806}, "datetime": {"datetime": "2021-10-06 08:44:27", "elapsed": 6.122116, "delta": 0.300894}}
{"target": -38.98940999846251, "params": {"C": 2.8832667795651803, "epsilon": 30.95183810111964, "gamma": 0.017874851078058918, "lamda": 0.07219208067669437}, "datetime": {"datetime": "2021-10-06 08:44:27", "elapsed": 6.479155, "delta": 0.357039}}
{"target": -34.4485839493801, "params": {"C": 67.13818038734173, "epsilon": 30.363132558622652, "gamma": 0.04284897825145626, "lamda": 0.1233037115945671}, "datetime": {"datetime": "2021-10-06 08:44:28", "elapsed": 6.7796, "delta": 0.300445}}
{"target": -34.9187314337547, "params": {"C": 47.57735776601274, "epsilon": 30.023016701108546, "gamma": 0.05591075187845083, "lamda": 0.14242822042647557}, "datetime": {"datetime": "2021-10-06 08:44:28", "elapsed": 7.09615, "delta": 0.31655}}
{"target": -34.51187991160876, "params": {"C": 24.45634157343136, "epsilon": 30.954779861990104, "gamma": 0.05016358376500685, "lamda": 0.022748123563492827}, "datetime": {"datetime": "2021-10-06 08:44:28", "elapsed": 7.466048, "delta": 0.369898}}
{"target": -34.71306404846992, "params": {"C": 53.2813215279188, "epsilon": 26.196504697803803, "gamma": 0.018412040685301438, "lamda": 0.09660256759280031}, "datetime": {"datetime": "2021-10-06 08:44:29", "elapsed": 7.782635, "delta": 0.316587}}
{"target": -34.71026056646263, "params": {"C": 40.020178652891865, "epsilon": 29.603322018722043, "gamma": 0.05250218578295442, "lamda": 0.011442834785322414}, "datetime": {"datetime": "2021-10-06 08:44:29", "elapsed": 8.168163, "delta": 0.385528}}
{"target": -35.05125108061613, "params": {"C": 36.976915415865356, "epsilon": 28.445941650451218, "gamma": 0.08074698052989111, "lamda": 0.09755774299541366}, "datetime": {"datetime": "2021-10-06 08:44:29", "elapsed": 8.484292, "delta": 0.316129}}
{"target": -34.975429939266775, "params": {"C": 27.608882571343464, "epsilon": 30.57063747738893, "gamma": 0.08913212556646949, "lamda": 0.0855074498552721}, "datetime": {"datetime": "2021-10-06 08:44:30", "elapsed": 8.832086, "delta": 0.347794}}
{"target": -35.34888617012382, "params": {"C": 31.175724278497043, "epsilon": 27.838377088189297, "gamma": 0.0679026128175941, "lamda": 0.131346967266333}, "datetime": {"datetime": "2021-10-06 08:44:30", "elapsed": 9.188421, "delta": 0.356335}}
{"target": -34.96648769364073, "params": {"C": 163.79034785332243, "epsilon": 27.47174040869257, "gamma": 0.0034732553148974516, "lamda": 0.024987317580512675}, "datetime": {"datetime": "2021-10-06 08:44:30", "elapsed": 9.518305, "delta": 0.329884}}
{"target": -34.35984861216783, "params": {"C": 197.21592819811187, "epsilon": 32.37494875908453, "gamma": 0.05908628094274981, "lamda": 0.11217253899345175}, "datetime": {"datetime": "2021-10-06 08:44:31", "elapsed": 9.850434, "delta": 0.332129}}
{"target": -34.15041455006717, "params": {"C": 179.9008076329755, "epsilon": 30.069975039267486, "gamma": 0.0411230567403946, "lamda": 0.04741770317736934}, "datetime": {"datetime": "2021-10-06 08:44:31", "elapsed": 10.197394, "delta": 0.34696}}
{"target": -34.00520425532291, "params": {"C": 140.63851515376962, "epsilon": 29.458122477429455, "gamma": 0.02829980436876986, "lamda": 0.07388832342752565}, "datetime": {"datetime": "2021-10-06 08:44:32", "elapsed": 10.567299, "delta": 0.369905}}
{"target": -34.54441896497951, "params": {"C": 198.85341856425637, "epsilon": 28.30257479435509, "gamma": 0.06262562551113517, "lamda": 0.056105818911937715}, "datetime": {"datetime": "2021-10-06 08:44:32", "elapsed": 10.941943, "delta": 0.374644}}
{"target": -36.198328598821035, "params": {"C": 170.35296234569103, "epsilon": 33.04660549452626, "gamma": 0.09041465362724904, "lamda": 0.014915085759000978}, "datetime": {"datetime": "2021-10-06 08:44:32", "elapsed": 11.311886, "delta": 0.369943}}
{"target": -33.80158049435603, "params": {"C": 79.53008377801707, "epsilon": 31.837728305544324, "gamma": 0.017370712038781745, "lamda": 0.06318396839328765}, "datetime": {"datetime": "2021-10-06 08:44:33", "elapsed": 11.712663, "delta": 0.400777}}
{"target": -35.01230678693539, "params": {"C": 108.31364078721656, "epsilon": 29.52865465300987, "gamma": 0.0938502935865851, "lamda": 0.06382622231462083}, "datetime": {"datetime": "2021-10-06 08:44:33", "elapsed": 12.06705, "delta": 0.354387}}
{"target": -34.50986846377405, "params": {"C": 98.21130674148469, "epsilon": 26.577753566508875, "gamma": 0.03430439992029309, "lamda": 0.09638694278565017}, "datetime": {"datetime": "2021-10-06 08:44:33", "elapsed": 12.452232, "delta": 0.385182}}
{"target": -34.99654137971518, "params": {"C": 81.7016915701402, "epsilon": 26.12572315370281, "gamma": 0.04199876142259838, "lamda": 0.11839269880878733}, "datetime": {"datetime": "2021-10-06 08:44:34", "elapsed": 12.852159, "delta": 0.399927}}
{"target": -35.42784874499867, "params": {"C": 131.35760035291713, "epsilon": 27.959756283303683, "gamma": 0.07086020499538451, "lamda": 0.13614265444575532}, "datetime": {"datetime": "2021-10-06 08:44:34", "elapsed": 13.346117, "delta": 0.493958}}
{"target": -34.77182492304481, "params": {"C": 60.97365239368739, "epsilon": 31.690544527564214, "gamma": 0.08950257825329555, "lamda": 0.07611382918361177}, "datetime": {"datetime": "2021-10-06 08:44:35", "elapsed": 13.870353, "delta": 0.524236}}
{"target": -33.99396229166122, "params": {"C": 148.29548959907248, "epsilon": 34.85499149583945, "gamma": 0.01771936492286031, "lamda": 0.11142723224235432}, "datetime": {"datetime": "2021-10-06 08:44:35", "elapsed": 14.290361, "delta": 0.420008}}
{"target": -34.57289492521981, "params": {"C": 72.57322867555756, "epsilon": 30.56248612443293, "gamma": 0.07303395384370744, "lamda": 0.07861867397110528}, "datetime": {"datetime": "2021-10-06 08:44:36", "elapsed": 14.911689, "delta": 0.621328}}
{"target": -34.494923511176054, "params": {"C": 97.64469548080636, "epsilon": 32.19533642689711, "gamma": 0.06546748356868529, "lamda": 0.12035408507539504}, "datetime": {"datetime": "2021-10-06 08:44:36", "elapsed": 15.439362, "delta": 0.527673}}
{"target": -34.48360883678423, "params": {"C": 186.20973402307092, "epsilon": 34.212413698474336, "gamma": 0.07598438801103068, "lamda": 0.10371297204477632}, "datetime": {"datetime": "2021-10-06 08:44:37", "elapsed": 15.880658, "delta": 0.441296}}
{"target": -34.51907430651796, "params": {"C": 79.27691147417914, "epsilon": 34.50018649781816, "gamma": 0.07696406082434148, "lamda": 0.1181488780831921}, "datetime": {"datetime": "2021-10-06 08:44:37", "elapsed": 16.357915, "delta": 0.477257}}
{"target": -34.05194842905461, "params": {"C": 70.68033275464862, "epsilon": 34.4862665824413, "gamma": 0.039176031844473894, "lamda": 0.04411900187448724}, "datetime": {"datetime": "2021-10-06 08:44:38", "elapsed": 16.727531, "delta": 0.369616}}
{"target": -34.87297186780769, "params": {"C": 86.93808700913148, "epsilon": 32.109546760717976, "gamma": 0.09330321811531513, "lamda": 0.10166488772596592}, "datetime": {"datetime": "2021-10-06 08:44:38", "elapsed": 17.13709, "delta": 0.409559}}
{"target": -34.752848884091655, "params": {"C": 129.34517907298599, "epsilon": 27.12698692051295, "gamma": 0.06858499837044064, "lamda": 0.039269681614089676}, "datetime": {"datetime": "2021-10-06 08:44:39", "elapsed": 17.577258, "delta": 0.440168}}
{"target": -34.81732646182031, "params": {"C": 84.86097326862084, "epsilon": 29.762496754821903, "gamma": 0.08284339141794161, "lamda": 0.05433539123819137}, "datetime": {"datetime": "2021-10-06 08:44:39", "elapsed": 18.055488, "delta": 0.47823}}
{"target": -34.36174496624619, "params": {"C": 192.33191958069474, "epsilon": 32.137758037119475, "gamma": 0.060289445495535214, "lamda": 0.10440914611779191}, "datetime": {"datetime": "2021-10-06 08:44:40", "elapsed": 18.614296, "delta": 0.558808}}
{"target": -33.95418876766766, "params": {"C": 198.0730411499889, "epsilon": 31.79635783994721, "gamma": 0.010605398217203158, "lamda": 0.01152220189109154}, "datetime": {"datetime": "2021-10-06 08:44:40", "elapsed": 19.111619, "delta": 0.497323}}
{"target": -34.93798912805769, "params": {"C": 86.29422121186268, "epsilon": 27.578877586825083, "gamma": 0.04285924293942157, "lamda": 0.12784985828306483}, "datetime": {"datetime": "2021-10-06 08:44:41", "elapsed": 19.565974, "delta": 0.454355}}
{"target": -34.80732543415591, "params": {"C": 138.13051568180143, "epsilon": 27.06062217518491, "gamma": 0.055264681627358876, "lamda": 0.10521911886140642}, "datetime": {"datetime": "2021-10-06 08:44:41", "elapsed": 20.07264, "delta": 0.506666}}
{"target": -34.019421307254355, "params": {"C": 76.65240647146597, "epsilon": 33.635562491000044, "gamma": 0.042271921240158924, "lamda": 0.05655285802037757}, "datetime": {"datetime": "2021-10-06 08:44:42", "elapsed": 20.725323, "delta": 0.652683}}
{"target": -34.19429911001807, "params": {"C": 156.11182052091687, "epsilon": 34.12740392152461, "gamma": 0.052216287829643146, "lamda": 0.04498972018047298}, "datetime": {"datetime": "2021-10-06 08:44:42", "elapsed": 21.198441, "delta": 0.473118}}
{"target": -34.35352747457723, "params": {"C": 133.0410681341383, "epsilon": 30.120496730690384, "gamma": 0.04006917708348754, "lamda": 0.013081273168128477}, "datetime": {"datetime": "2021-10-06 08:44:43", "elapsed": 21.760969, "delta": 0.562528}}
{"target": -34.81481073816021, "params": {"C": 184.50090177097368, "epsilon": 28.749868863972118, "gamma": 0.05497396199807044, "lamda": 0.018280235922456804}, "datetime": {"datetime": "2021-10-06 08:44:43", "elapsed": 22.512917, "delta": 0.751948}}
{"target": -35.36921966599317, "params": {"C": 58.026503878447066, "epsilon": 26.934803999600234, "gamma": 0.08564950786979152, "lamda": 0.02203172949246648}, "datetime": {"datetime": "2021-10-06 08:44:44", "elapsed": 23.053336, "delta": 0.540419}}
{"target": -34.134674550769425, "params": {"C": 144.24081209756196, "epsilon": 28.583336841788796, "gamma": 0.026107546685318637, "lamda": 0.027181501641186722}, "datetime": {"datetime": "2021-10-06 08:44:45", "elapsed": 23.546387, "delta": 0.493051}}
{"target": -33.93323485789371, "params": {"C": 187.89865575580612, "epsilon": 34.74702439561399, "gamma": 0.02632157383473186, "lamda": 0.02163020475543808}, "datetime": {"datetime": "2021-10-06 08:44:45", "elapsed": 24.031944, "delta": 0.485557}}
{"target": -34.93514335659571, "params": {"C": 112.56382605706344, "epsilon": 33.34277218598788, "gamma": 0.07130773258043016, "lamda": 0.024808810654821736}, "datetime": {"datetime": "2021-10-06 08:44:46", "elapsed": 24.54022, "delta": 0.508276}}
{"target": -34.48219400269509, "params": {"C": 95.85238085815192, "epsilon": 33.339058695772266, "gamma": 0.06372838289048909, "lamda": 0.13680198765666357}, "datetime": {"datetime": "2021-10-06 08:44:46", "elapsed": 25.103216, "delta": 0.562996}}
{"target": -34.96399918771108, "params": {"C": 144.31026413535946, "epsilon": 31.154578544320636, "gamma": 0.06656871920559786, "lamda": 0.14871149271310588}, "datetime": {"datetime": "2021-10-06 08:44:47", "elapsed": 25.544765, "delta": 0.441549}}
{"target": -34.65129096262684, "params": {"C": 32.64477353282375, "epsilon": 30.305928056201957, "gamma": 0.05165575796590468, "lamda": 0.019049621127588734}, "datetime": {"datetime": "2021-10-06 08:44:47", "elapsed": 26.219771, "delta": 0.675006}}
{"target": -35.28477858559905, "params": {"C": 195.3637479723746, "epsilon": 30.849957600822762, "gamma": 0.0984736425911053, "lamda": 0.11899161391927955}, "datetime": {"datetime": "2021-10-06 08:44:48", "elapsed": 26.851767, "delta": 0.631996}}
{"target": -35.791319115120096, "params": {"C": 112.21417500722985, "epsilon": 27.79822404722216, "gamma": 0.08071981973386097, "lamda": 0.013118927601729051}, "datetime": {"datetime": "2021-10-06 08:44:48", "elapsed": 27.387479, "delta": 0.535712}}
{"target": -35.27237420487315, "params": {"C": 159.70744152447725, "epsilon": 27.648640832325853, "gamma": 0.023256367162236516, "lamda": 0.14199492908169006}, "datetime": {"datetime": "2021-10-06 08:44:49", "elapsed": 27.930449, "delta": 0.54297}}
{"target": -34.37509904537715, "params": {"C": 37.168557017530304, "epsilon": 34.04683865158696, "gamma": 0.05144520112045802, "lamda": 0.14795147068660214}, "datetime": {"datetime": "2021-10-06 08:44:49", "elapsed": 28.494312, "delta": 0.563863}}
{"target": -33.90977130095865, "params": {"C": 136.15292260045425, "epsilon": 33.460469836477316, "gamma": 0.03411820271048853, "lamda": 0.05757128666712914}, "datetime": {"datetime": "2021-10-06 08:44:50", "elapsed": 28.919314, "delta": 0.425002}}
{"target": -34.64717984459107, "params": {"C": 160.06374975325346, "epsilon": 28.448202184346826, "gamma": 0.07046664943311023, "lamda": 0.067141586273939}, "datetime": {"datetime": "2021-10-06 08:44:50", "elapsed": 29.463204, "delta": 0.54389}}
{"target": -34.4432239777429, "params": {"C": 81.27439412849364, "epsilon": 34.88426286442367, "gamma": 0.06876664227315424, "lamda": 0.13635849617816492}, "datetime": {"datetime": "2021-10-06 08:44:51", "elapsed": 29.96325, "delta": 0.500046}}
