{"target": -34.5315501885383, "params": {"C": 49.98115350300769, "epsilon": 30.2394829047548, "gamma": 0.011454396312574713, "lamda": 0.0060424423180546255}, "datetime": {"datetime": "2021-10-06 08:53:02", "elapsed": 520.80801, "delta": 1.893295}}
{"target": -34.55863169119217, "params": {"C": 168.68062228263094, "epsilon": 31.8972563808939, "gamma": 0.006193242230314456, "lamda": 0.04864809466927331}, "datetime": {"datetime": "2021-10-06 08:53:06", "elapsed": 524.684561, "delta": 3.876551}}
{"target": -34.504527000902556, "params": {"C": 33.596286880548355, "epsilon": 33.28353418648022, "gamma": 0.04639670759443609, "lamda": 0.02316726709276709}, "datetime": {"datetime": "2021-10-06 08:53:10", "elapsed": 529.508336, "delta": 4.823775}}
{"target": -37.87359651812634, "params": {"C": 105.70130440131129, "epsilon": 28.18810493367282, "gamma": 0.005436458025116355, "lamda": 0.1396325539585057}, "datetime": {"datetime": "2021-10-06 08:53:12", "elapsed": 531.238959, "delta": 1.730623}}
{"target": -34.623058813420194, "params": {"C": 136.0433511482748, "epsilon": 32.88415205133805, "gamma": 0.08287362939699602, "lamda": 0.07514440918837065}, "datetime": {"datetime": "2021-10-06 08:53:14", "elapsed": 533.089381, "delta": 1.850422}}
{"target": -34.64999033036924, "params": {"C": 167.21115396218033, "epsilon": 32.500218130902226, "gamma": 0.08438429117397617, "lamda": 0.08084265780834417}, "datetime": {"datetime": "2021-10-06 08:53:16", "elapsed": 534.865141, "delta": 1.77576}}
{"target": -35.1432419304941, "params": {"C": 49.22227866404565, "epsilon": 31.537128093408086, "gamma": 0.08424860456453317, "lamda": 0.1429919272853787}, "datetime": {"datetime": "2021-10-06 08:53:21", "elapsed": 539.946647, "delta": 5.081506}}
{"target": -34.36609159096024, "params": {"C": 184.92533682243996, "epsilon": 31.450562122088996, "gamma": 0.053913024790864385, "lamda": 0.11225048110379057}, "datetime": {"datetime": "2021-10-06 08:53:23", "elapsed": 541.797312, "delta": 1.850665}}
{"target": -34.56842257942143, "params": {"C": 119.64253493245755, "epsilon": 34.13142473331744, "gamma": 0.08043841384261606, "lamda": 0.10718061639683918}, "datetime": {"datetime": "2021-10-06 08:53:27", "elapsed": 545.713479, "delta": 3.916167}}
{"target": -34.80133345620858, "params": {"C": 174.18895476256446, "epsilon": 33.17962570901962, "gamma": 0.09355329750975228, "lamda": 0.07329998675927671}, "datetime": {"datetime": "2021-10-06 08:53:32", "elapsed": 551.219065, "delta": 5.505586}}
{"target": -35.34332001469425, "params": {"C": 22.952385653084427, "epsilon": 31.840833702035955, "gamma": 0.09611679715698139, "lamda": 0.01497033827209716}, "datetime": {"datetime": "2021-10-06 08:53:34", "elapsed": 553.175572, "delta": 1.956507}}
{"target": -33.89613722518624, "params": {"C": 33.383735944934834, "epsilon": 32.708209657294, "gamma": 0.0195714185830842, "lamda": 0.08537372610049537}, "datetime": {"datetime": "2021-10-06 08:53:39", "elapsed": 558.441541, "delta": 5.265969}}
{"target": -35.01289803285222, "params": {"C": 31.90446421435694, "epsilon": 26.88586069410967, "gamma": 0.06664550705740604, "lamda": 0.02020431643051459}, "datetime": {"datetime": "2021-10-06 08:53:41", "elapsed": 560.284786, "delta": 1.843245}}
{"target": -36.890621737596945, "params": {"C": 194.82348535759442, "epsilon": 33.79521385062462, "gamma": 0.09600428736963963, "lamda": 0.010777517453005363}, "datetime": {"datetime": "2021-10-06 08:53:43", "elapsed": 562.187985, "delta": 1.903199}}
{"target": -34.30007830210809, "params": {"C": 33.67221454831225, "epsilon": 32.65300153366629, "gamma": 0.054747516955437135, "lamda": 0.11593847597115636}, "datetime": {"datetime": "2021-10-06 08:53:47", "elapsed": 566.438192, "delta": 4.250207}}
{"target": -34.491590953684984, "params": {"C": 53.0480704589278, "epsilon": 30.949996668701225, "gamma": 0.03734534626249816, "lamda": 0.1349893551684653}, "datetime": {"datetime": "2021-10-06 08:53:49", "elapsed": 568.376889, "delta": 1.938697}}
{"target": -35.381936885045576, "params": {"C": 33.17831093516413, "epsilon": 32.96192820882804, "gamma": 0.1, "lamda": 0.15}, "datetime": {"datetime": "2021-10-06 08:53:54", "elapsed": 573.145503, "delta": 4.768614}}
{"target": -34.520639432125925, "params": {"C": 128.71542797414924, "epsilon": 32.36134104152507, "gamma": 0.06332771465222947, "lamda": 0.033180101802436114}, "datetime": {"datetime": "2021-10-06 08:53:56", "elapsed": 575.474722, "delta": 2.329219}}
{"target": -33.92411832696957, "params": {"C": 129.6893290297846, "epsilon": 34.84928123437417, "gamma": 0.04030802069091325, "lamda": 0.07294536855064386}, "datetime": {"datetime": "2021-10-06 08:54:02", "elapsed": 580.791751, "delta": 5.317029}}
{"target": -34.15943103114182, "params": {"C": 136.20383099341777, "epsilon": 33.78092478239828, "gamma": 0.012330114274357476, "lamda": 0.08749104985738587}, "datetime": {"datetime": "2021-10-06 08:54:07", "elapsed": 586.198112, "delta": 5.406361}}
{"target": -33.88452709480731, "params": {"C": 153.17971072832194, "epsilon": 33.72728326959086, "gamma": 0.025478938935253985, "lamda": 0.10772657793604291}, "datetime": {"datetime": "2021-10-06 08:54:10", "elapsed": 588.64294, "delta": 2.444828}}
{"target": -33.86885620382701, "params": {"C": 92.76070809455132, "epsilon": 32.701855320835755, "gamma": 0.031930222857571224, "lamda": 0.081242106333905}, "datetime": {"datetime": "2021-10-06 08:54:15", "elapsed": 593.855937, "delta": 5.212997}}
{"target": -34.726085513040964, "params": {"C": 121.06594091416846, "epsilon": 30.533914025584288, "gamma": 0.055064800453092935, "lamda": 0.13607552309816567}, "datetime": {"datetime": "2021-10-06 08:54:17", "elapsed": 595.693725, "delta": 1.837788}}
{"target": -38.178454204902756, "params": {"C": 3.3994830235015208, "epsilon": 28.36191532841166, "gamma": 0.045482256288706564, "lamda": 0.0937979250723769}, "datetime": {"datetime": "2021-10-06 08:54:19", "elapsed": 597.586863, "delta": 1.893138}}
{"target": -33.925143717335246, "params": {"C": 36.13450599449773, "epsilon": 31.80112889243975, "gamma": 0.027299713951885497, "lamda": 0.06823254045166845}, "datetime": {"datetime": "2021-10-06 08:54:24", "elapsed": 603.167062, "delta": 5.580199}}
{"target": -34.840088477460455, "params": {"C": 153.05008240458494, "epsilon": 34.04893928741226, "gamma": 0.0882953911135191, "lamda": 0.13323745792504876}, "datetime": {"datetime": "2021-10-06 08:54:30", "elapsed": 608.807745, "delta": 5.640683}}
{"target": -34.07406714245039, "params": {"C": 130.75672009995745, "epsilon": 28.68083211982956, "gamma": 0.02380866882097777, "lamda": 0.07908652690902168}, "datetime": {"datetime": "2021-10-06 08:54:32", "elapsed": 610.596899, "delta": 1.789154}}
{"target": -35.7801741097449, "params": {"C": 4.857002173831749, "epsilon": 33.39686129712204, "gamma": 0.0648613653807354, "lamda": 0.03601169362055299}, "datetime": {"datetime": "2021-10-06 08:54:34", "elapsed": 612.679611, "delta": 2.082712}}
{"target": -34.57667125728477, "params": {"C": 90.63112413765711, "epsilon": 32.31987107644002, "gamma": 0.07722815574186047, "lamda": 0.09710419615204684}, "datetime": {"datetime": "2021-10-06 08:54:36", "elapsed": 614.529838, "delta": 1.850227}}
{"target": -34.98435452494171, "params": {"C": 31.744085538171472, "epsilon": 31.575467381646035, "gamma": 0.07652765910423108, "lamda": 0.14334004560931266}, "datetime": {"datetime": "2021-10-06 08:54:37", "elapsed": 616.494075, "delta": 1.964237}}
{"target": -34.97433566028634, "params": {"C": 193.8778030158969, "epsilon": 33.32535561209573, "gamma": 0.09854384489222681, "lamda": 0.11605458629849817}, "datetime": {"datetime": "2021-10-06 08:54:39", "elapsed": 618.492597, "delta": 1.998522}}
{"target": -36.67632646087152, "params": {"C": 153.3770099304027, "epsilon": 33.435710109233355, "gamma": 0.08930680526509148, "lamda": 0.0074800575941068774}, "datetime": {"datetime": "2021-10-06 08:54:46", "elapsed": 625.366823, "delta": 6.874226}}
{"target": -34.86126248493911, "params": {"C": 93.08069409909271, "epsilon": 32.98479450878993, "gamma": 0.09617185824251474, "lamda": 0.07200505470604308}, "datetime": {"datetime": "2021-10-06 08:54:53", "elapsed": 631.673543, "delta": 6.30672}}
{"target": -35.574034200000064, "params": {"C": 12.070281219409205, "epsilon": 31.244647180738767, "gamma": 0.09792087076766313, "lamda": 0.03590083582300955}, "datetime": {"datetime": "2021-10-06 08:54:55", "elapsed": 634.237508, "delta": 2.563965}}
{"target": -34.28529926440136, "params": {"C": 192.1213155914572, "epsilon": 32.50803368178705, "gamma": 0.03785416466702825, "lamda": 0.015459028951404347}, "datetime": {"datetime": "2021-10-06 08:55:00", "elapsed": 639.377189, "delta": 5.139681}}
{"target": -35.17272184712242, "params": {"C": 94.24676302262485, "epsilon": 29.994011144844098, "gamma": 0.07586085030038997, "lamda": 0.018453010097109465}, "datetime": {"datetime": "2021-10-06 08:55:02", "elapsed": 641.462188, "delta": 2.084999}}
{"target": -34.542354253873356, "params": {"C": 36.44357022587255, "epsilon": 31.92229556624915, "gamma": 0.042293092220652, "lamda": 0.15}, "datetime": {"datetime": "2021-10-06 08:55:07", "elapsed": 646.505759, "delta": 5.043571}}
{"target": -34.22399797145943, "params": {"C": 75.77120644435351, "epsilon": 33.50390912146051, "gamma": 0.01993740178722167, "lamda": 0.13114266795138932}, "datetime": {"datetime": "2021-10-06 08:55:14", "elapsed": 653.185928, "delta": 6.680169}}
{"target": -33.961037914659634, "params": {"C": 61.05660249475673, "epsilon": 31.445296176164362, "gamma": 0.02425822971688342, "lamda": 0.04762706593637165}, "datetime": {"datetime": "2021-10-06 08:55:16", "elapsed": 655.205962, "delta": 2.020034}}
{"target": -35.61866289602775, "params": {"C": 37.581161688943766, "epsilon": 34.19927423418397, "gamma": 0.002, "lamda": 0.001}, "datetime": {"datetime": "2021-10-06 08:55:22", "elapsed": 661.293457, "delta": 6.087495}}
{"target": -34.8769700700573, "params": {"C": 35.86068783192393, "epsilon": 32.00236485788885, "gamma": 0.09020507695361096, "lamda": 0.047143934862612064}, "datetime": {"datetime": "2021-10-06 08:55:27", "elapsed": 666.258485, "delta": 4.965028}}
{"target": -38.517398149957394, "params": {"C": 2.2799761743109626, "epsilon": 31.953986456448323, "gamma": 0.024202834218971243, "lamda": 0.035077530981673516}, "datetime": {"datetime": "2021-10-06 08:55:29", "elapsed": 668.164763, "delta": 1.906278}}
{"target": -34.821687264256546, "params": {"C": 141.35833420941063, "epsilon": 30.25629687250627, "gamma": 0.05174962342723651, "lamda": 0.010806797972225026}, "datetime": {"datetime": "2021-10-06 08:55:32", "elapsed": 670.587095, "delta": 2.422332}}
{"target": -34.41960454244011, "params": {"C": 92.74889432314055, "epsilon": 32.201932970024316, "gamma": 0.06947864654057143, "lamda": 0.08175267274246878}, "datetime": {"datetime": "2021-10-06 08:55:38", "elapsed": 677.327838, "delta": 6.740743}}
{"target": -35.19787721032451, "params": {"C": 190.43677067240182, "epsilon": 32.348162229151775, "gamma": 0.09661720343108059, "lamda": 0.12942015183510067}, "datetime": {"datetime": "2021-10-06 08:55:40", "elapsed": 679.236753, "delta": 1.908915}}
{"target": -34.1779269217725, "params": {"C": 175.94550673066541, "epsilon": 32.52383659661937, "gamma": 0.051215910814456186, "lamda": 0.04884107730563707}, "datetime": {"datetime": "2021-10-06 08:55:42", "elapsed": 681.212697, "delta": 1.975944}}
{"target": -34.11052822805446, "params": {"C": 161.6033227393945, "epsilon": 31.824760285029278, "gamma": 0.043758779248571404, "lamda": 0.07952520181573551}, "datetime": {"datetime": "2021-10-06 08:55:44", "elapsed": 683.223963, "delta": 2.011266}}
{"target": -34.20411273304021, "params": {"C": 39.374748130309726, "epsilon": 33.24364774103729, "gamma": 0.05466915587156146, "lamda": 0.10123341138471503}, "datetime": {"datetime": "2021-10-06 08:55:46", "elapsed": 685.191955, "delta": 1.967992}}
{"target": -34.03780589157283, "params": {"C": 175.75339371285395, "epsilon": 32.958584250551944, "gamma": 0.04438215635841966, "lamda": 0.07064375360746937}, "datetime": {"datetime": "2021-10-06 08:55:52", "elapsed": 691.203377, "delta": 6.011422}}
{"target": -34.10185015761795, "params": {"C": 152.71788586483035, "epsilon": 31.7952264606809, "gamma": 0.03219168013947769, "lamda": 0.11097913538275045}, "datetime": {"datetime": "2021-10-06 08:55:54", "elapsed": 693.387041, "delta": 2.183664}}
{"target": -35.97068751653711, "params": {"C": 99.67803202528098, "epsilon": 34.71007051587704, "gamma": 0.003836933437121575, "lamda": 0.09042845875584868}, "datetime": {"datetime": "2021-10-06 08:56:01", "elapsed": 699.768863, "delta": 6.381822}}
{"target": -35.34724571174798, "params": {"C": 196.83859865866057, "epsilon": 27.58162006449193, "gamma": 0.02495710148914064, "lamda": 0.14752575358826073}, "datetime": {"datetime": "2021-10-06 08:56:03", "elapsed": 701.786516, "delta": 2.017653}}
{"target": -36.00633733190224, "params": {"C": 60.95545536513884, "epsilon": 31.137733844162295, "gamma": 0.002971008860492348, "lamda": 0.06192660695649347}, "datetime": {"datetime": "2021-10-06 08:56:09", "elapsed": 707.707405, "delta": 5.920889}}
{"target": -34.27835858039053, "params": {"C": 175.41826280069665, "epsilon": 32.659412137612435, "gamma": 0.01058705968314864, "lamda": 0.08224569855631851}, "datetime": {"datetime": "2021-10-06 08:56:15", "elapsed": 714.511794, "delta": 6.804389}}
{"target": -34.20717291594074, "params": {"C": 67.49851945410275, "epsilon": 29.737639101506968, "gamma": 0.030510982067338325, "lamda": 0.10098047399594016}, "datetime": {"datetime": "2021-10-06 08:56:22", "elapsed": 720.546024, "delta": 6.03423}}
{"target": -35.307002773704035, "params": {"C": 189.26137648156904, "epsilon": 26.894150358274622, "gamma": 0.08677775670396658, "lamda": 0.09563268414551415}, "datetime": {"datetime": "2021-10-06 08:56:23", "elapsed": 722.524014, "delta": 1.97799}}
{"target": -34.4841685911108, "params": {"C": 191.75658531141377, "epsilon": 32.309228195753946, "gamma": 0.044318242334992444, "lamda": 0.15}, "datetime": {"datetime": "2021-10-06 08:56:31", "elapsed": 729.581163, "delta": 7.057149}}
{"target": -34.74737101771196, "params": {"C": 130.2572458902141, "epsilon": 34.95857400556272, "gamma": 0.0951241714923906, "lamda": 0.0948053197189955}, "datetime": {"datetime": "2021-10-06 08:56:37", "elapsed": 736.074658, "delta": 6.493495}}
{"target": -35.00701672234772, "params": {"C": 144.44960284287575, "epsilon": 28.88041813528559, "gamma": 0.002, "lamda": 0.001}, "datetime": {"datetime": "2021-10-06 08:56:45", "elapsed": 744.034528, "delta": 7.95987}}
{"target": -34.332435333533425, "params": {"C": 109.16530115694319, "epsilon": 27.253017675586523, "gamma": 0.03635968647389642, "lamda": 0.020242065679100307}, "datetime": {"datetime": "2021-10-06 08:56:47", "elapsed": 746.058278, "delta": 2.02375}}
{"target": -35.337012406457, "params": {"C": 96.86728081970546, "epsilon": 28.027904936875032, "gamma": 0.09976319929421584, "lamda": 0.07908254291364086}, "datetime": {"datetime": "2021-10-06 08:56:50", "elapsed": 748.861929, "delta": 2.803651}}
{"target": -34.80729055418537, "params": {"C": 129.01192945541595, "epsilon": 28.690452265463925, "gamma": 0.051476581946799375, "lamda": 0.12807712895870144}, "datetime": {"datetime": "2021-10-06 08:56:52", "elapsed": 750.84709, "delta": 1.985161}}
{"target": -35.644046947633186, "params": {"C": 18.713385575297913, "epsilon": 26.958271153362464, "gamma": 0.050882511164188786, "lamda": 0.14307677885205716}, "datetime": {"datetime": "2021-10-06 08:56:55", "elapsed": 753.944947, "delta": 3.097857}}
{"target": -39.34596319443918, "params": {"C": 31.761395057519376, "epsilon": 29.531735547785466, "gamma": 0.0029697300200695834, "lamda": 0.12884847471512184}, "datetime": {"datetime": "2021-10-06 08:56:57", "elapsed": 756.066052, "delta": 2.121105}}
{"target": -34.428082059452755, "params": {"C": 42.51594005698912, "epsilon": 29.684546281338655, "gamma": 0.04956724332857504, "lamda": 0.1066416101662837}, "datetime": {"datetime": "2021-10-06 08:56:59", "elapsed": 758.233931, "delta": 2.167879}}
{"target": -35.05585138086085, "params": {"C": 28.215228847895492, "epsilon": 30.2003032954603, "gamma": 0.09577818239279748, "lamda": 0.07186440693782475}, "datetime": {"datetime": "2021-10-06 08:57:01", "elapsed": 760.40601, "delta": 2.172079}}
{"target": -33.9914258338002, "params": {"C": 113.00318644495111, "epsilon": 27.40491653862789, "gamma": 0.014320470029147684, "lamda": 0.04069555951949438}, "datetime": {"datetime": "2021-10-06 08:57:04", "elapsed": 762.55923, "delta": 2.15322}}
{"target": -35.596782253033815, "params": {"C": 68.66217448574085, "epsilon": 29.104246864137757, "gamma": 0.09722314737224508, "lamda": 0.027937878373431195}, "datetime": {"datetime": "2021-10-06 08:57:06", "elapsed": 764.788562, "delta": 2.229332}}
{"target": -34.04647854604331, "params": {"C": 88.69606651563156, "epsilon": 29.025521878359683, "gamma": 0.02882040485796685, "lamda": 0.07169229150021647}, "datetime": {"datetime": "2021-10-06 08:57:13", "elapsed": 772.348333, "delta": 7.559771}}
{"target": -34.265932210243896, "params": {"C": 123.81300999627572, "epsilon": 34.70100302426884, "gamma": 0.06362753124303268, "lamda": 0.09997369783609855}, "datetime": {"datetime": "2021-10-06 08:57:16", "elapsed": 774.637667, "delta": 2.289334}}
{"target": -34.00623302942605, "params": {"C": 88.88961146446816, "epsilon": 28.714838297967486, "gamma": 0.01273055091186677, "lamda": 0.0293952355255893}, "datetime": {"datetime": "2021-10-06 08:57:22", "elapsed": 781.059603, "delta": 6.421936}}
{"target": -35.17473433981168, "params": {"C": 175.5902619590761, "epsilon": 33.38617855239466, "gamma": 0.060704419795019345, "lamda": 0.012165635643008328}, "datetime": {"datetime": "2021-10-06 08:57:30", "elapsed": 789.156795, "delta": 8.097192}}
{"target": -39.01621630724087, "params": {"C": 92.38871235884422, "epsilon": 32.65156662530495, "gamma": 0.002, "lamda": 0.09887054959705192}, "datetime": {"datetime": "2021-10-06 08:57:37", "elapsed": 796.338199, "delta": 7.181404}}
{"target": -35.47383356115102, "params": {"C": 36.01323482528414, "epsilon": 31.444536619817708, "gamma": 0.09796037838964332, "lamda": 0.019464026381300674}, "datetime": {"datetime": "2021-10-06 08:57:43", "elapsed": 801.846839, "delta": 5.50864}}
{"target": -34.730833186692514, "params": {"C": 128.9470677379669, "epsilon": 26.290600152061874, "gamma": 0.05144272200715695, "lamda": 0.018193247626924643}, "datetime": {"datetime": "2021-10-06 08:57:46", "elapsed": 804.961499, "delta": 3.11466}}
{"target": -35.568818095182394, "params": {"C": 7.012634785527393, "epsilon": 32.350394305779886, "gamma": 0.07903206081758378, "lamda": 0.005319790690594163}, "datetime": {"datetime": "2021-10-06 08:57:48", "elapsed": 807.137868, "delta": 2.176369}}
{"target": -39.65440865538188, "params": {"C": 2.8771734373109616, "epsilon": 27.532649641057578, "gamma": 0.07887627098237336, "lamda": 0.11996086076526231}, "datetime": {"datetime": "2021-10-06 08:57:50", "elapsed": 809.422837, "delta": 2.284969}}
{"target": -34.018878108073785, "params": {"C": 162.01927451497735, "epsilon": 30.70087446920332, "gamma": 0.032608393913835715, "lamda": 0.08478197161188814}, "datetime": {"datetime": "2021-10-06 08:57:52", "elapsed": 811.510065, "delta": 2.087228}}
{"target": -33.958054878288074, "params": {"C": 155.4407907127016, "epsilon": 30.825222036354475, "gamma": 0.02777267492906282, "lamda": 0.08878130772790796}, "datetime": {"datetime": "2021-10-06 08:58:00", "elapsed": 818.806301, "delta": 7.296236}}
{"target": -34.48029603081666, "params": {"C": 180.56913535842705, "epsilon": 31.04286074590684, "gamma": 0.06345007081581312, "lamda": 0.03803000583613559}, "datetime": {"datetime": "2021-10-06 08:58:02", "elapsed": 821.288298, "delta": 2.481997}}
{"target": -33.804300315400084, "params": {"C": 98.02932289717849, "epsilon": 32.254116226141974, "gamma": 0.023003602918253194, "lamda": 0.06949083541525382}, "datetime": {"datetime": "2021-10-06 08:58:05", "elapsed": 824.281345, "delta": 2.993047}}
{"target": -33.83472998677053, "params": {"C": 155.5240820594755, "epsilon": 31.1651589727569, "gamma": 0.016297576152042727, "lamda": 0.052193775018242655}, "datetime": {"datetime": "2021-10-06 08:58:12", "elapsed": 831.435233, "delta": 7.153888}}
{"target": -34.69459575212576, "params": {"C": 196.1115252983067, "epsilon": 31.233845282377978, "gamma": 0.004843404325484166, "lamda": 0.042085499363772705}, "datetime": {"datetime": "2021-10-06 08:58:15", "elapsed": 833.631154, "delta": 2.195921}}
{"target": -34.666420135948464, "params": {"C": 119.81858090550975, "epsilon": 32.44188407631048, "gamma": 0.03703550167034124, "lamda": 0.007254224672531073}, "datetime": {"datetime": "2021-10-06 08:58:17", "elapsed": 835.96775, "delta": 2.336596}}
{"target": -35.26047883813166, "params": {"C": 98.10532609402917, "epsilon": 32.56086221935812, "gamma": 0.06070179430669023, "lamda": 0.007548741032212846}, "datetime": {"datetime": "2021-10-06 08:58:26", "elapsed": 844.818738, "delta": 8.850988}}
{"target": -34.930630556292144, "params": {"C": 109.72555984290338, "epsilon": 28.00024952046627, "gamma": 0.061679817288778194, "lamda": 0.015646799945400632}, "datetime": {"datetime": "2021-10-06 08:58:29", "elapsed": 848.190804, "delta": 3.372066}}
{"target": -35.1438934475874, "params": {"C": 155.08997500579792, "epsilon": 31.04187190725249, "gamma": 0.011313072616244941, "lamda": 0.13066519743188154}, "datetime": {"datetime": "2021-10-06 08:58:38", "elapsed": 857.34613, "delta": 9.155326}}
{"target": -33.894886812279154, "params": {"C": 120.34620399908424, "epsilon": 34.091710004075885, "gamma": 0.03828021396013933, "lamda": 0.10713507107355412}, "datetime": {"datetime": "2021-10-06 08:58:45", "elapsed": 863.708904, "delta": 6.362774}}
