{"target": -34.699791899633034, "params": {"C": 56.46313479680963, "epsilon": 29.01825417112412, "gamma": 0.04329634996150774, "lamda": 0.009571618555363575}, "datetime": {"datetime": "2021-10-06 08:45:45", "elapsed": 83.761179, "delta": 0.699774}}
{"target": -34.034572334518415, "params": {"C": 45.49729251963595, "epsilon": 31.6281618928472, "gamma": 0.028937362560039495, "lamda": 0.10240264044367768}, "datetime": {"datetime": "2021-10-06 08:45:45", "elapsed": 84.430087, "delta": 0.668908}}
{"target": -36.332769162014515, "params": {"C": 153.52862841197933, "epsilon": 30.657358343128912, "gamma": 0.008389747698871656, "lamda": 0.1445679778425704}, "datetime": {"datetime": "2021-10-06 08:45:46", "elapsed": 85.070164, "delta": 0.640077}}
{"target": -34.67110474043614, "params": {"C": 105.76605724300902, "epsilon": 32.316597906930106, "gamma": 0.0766347868629997, "lamda": 0.12027747979487276}, "datetime": {"datetime": "2021-10-06 08:45:47", "elapsed": 85.767324, "delta": 0.69716}}
{"target": -35.24019501739856, "params": {"C": 147.4895236350277, "epsilon": 29.578457493877167, "gamma": 0.08966204061008895, "lamda": 0.11178908172591843}, "datetime": {"datetime": "2021-10-06 08:45:48", "elapsed": 86.542289, "delta": 0.774965}}
{"target": -35.51836968781914, "params": {"C": 84.98632477124964, "epsilon": 28.079582638831656, "gamma": 0.0740467154026441, "lamda": 0.1401578380616711}, "datetime": {"datetime": "2021-10-06 08:45:48", "elapsed": 87.199445, "delta": 0.657156}}
{"target": -34.44200405060089, "params": {"C": 167.82241340276644, "epsilon": 32.745337299376786, "gamma": 0.028146682188372123, "lamda": 0.1463024911399414}, "datetime": {"datetime": "2021-10-06 08:45:49", "elapsed": 87.864787, "delta": 0.665342}}
{"target": -34.407970758603014, "params": {"C": 157.60100277779912, "epsilon": 32.21951911907494, "gamma": 0.056508429446062644, "lamda": 0.02957338644030688}, "datetime": {"datetime": "2021-10-06 08:45:50", "elapsed": 88.567037, "delta": 0.70225}}
{"target": -38.79814612133774, "params": {"C": 2.0662023789808144, "epsilon": 33.83844666368986, "gamma": 0.03098829354958326, "lamda": 0.10860480432195267}, "datetime": {"datetime": "2021-10-06 08:45:50", "elapsed": 89.381337, "delta": 0.8143}}
{"target": -34.803256387122076, "params": {"C": 89.46562204032152, "epsilon": 27.337775624571545, "gamma": 0.07322042075355117, "lamda": 0.07009519971551766}, "datetime": {"datetime": "2021-10-06 08:45:51", "elapsed": 90.256047, "delta": 0.87471}}
{"target": -34.48336514676601, "params": {"C": 192.26303760245727, "epsilon": 33.081212382441805, "gamma": 0.050865398600890344, "lamda": 0.14979750510335182}, "datetime": {"datetime": "2021-10-06 08:45:52", "elapsed": 91.138501, "delta": 0.882454}}
{"target": -34.26155750492875, "params": {"C": 129.95063601329053, "epsilon": 32.17091847515569, "gamma": 0.03586888765177707, "lamda": 0.12942107219439147}, "datetime": {"datetime": "2021-10-06 08:45:53", "elapsed": 91.856583, "delta": 0.718082}}
{"target": -34.49384671760295, "params": {"C": 40.83483120767308, "epsilon": 29.49062253024857, "gamma": 0.05120750773742971, "lamda": 0.1103064554077379}, "datetime": {"datetime": "2021-10-06 08:45:54", "elapsed": 92.807538, "delta": 0.950955}}
{"target": -35.06072683057367, "params": {"C": 198.5908045855776, "epsilon": 26.172393163234897, "gamma": 0.05100655395487292, "lamda": 0.11697459371941242}, "datetime": {"datetime": "2021-10-06 08:45:55", "elapsed": 93.694478, "delta": 0.88694}}
{"target": -34.61480258704763, "params": {"C": 70.99327998610721, "epsilon": 29.70635482034412, "gamma": 0.0059998769586473745, "lamda": 0.034074126734262376}, "datetime": {"datetime": "2021-10-06 08:45:55", "elapsed": 94.459153, "delta": 0.764675}}
{"target": -34.493187692411226, "params": {"C": 169.0302022445896, "epsilon": 31.81169669173755, "gamma": 0.06929064510636662, "lamda": 0.09584194311329156}, "datetime": {"datetime": "2021-10-06 08:45:56", "elapsed": 95.213833, "delta": 0.75468}}
{"target": -34.58824269584682, "params": {"C": 54.05345489490869, "epsilon": 26.962310410302855, "gamma": 0.0070575493869113656, "lamda": 0.030836197563452145}, "datetime": {"datetime": "2021-10-06 08:45:57", "elapsed": 95.984196, "delta": 0.770363}}
{"target": -35.89411030509563, "params": {"C": 41.41354549289761, "epsilon": 26.00300582500709, "gamma": 0.0083959360689853, "lamda": 0.10300414908979859}, "datetime": {"datetime": "2021-10-06 08:45:58", "elapsed": 96.762716, "delta": 0.77852}}
{"target": -34.16635446879673, "params": {"C": 165.03231644675603, "epsilon": 29.19239248673575, "gamma": 0.03998942273651289, "lamda": 0.03343502391015785}, "datetime": {"datetime": "2021-10-06 08:45:59", "elapsed": 97.561252, "delta": 0.798536}}
{"target": -34.38475644839165, "params": {"C": 53.89628046512973, "epsilon": 32.52006565593786, "gamma": 0.06379684312245479, "lamda": 0.1035712326764}, "datetime": {"datetime": "2021-10-06 08:45:59", "elapsed": 98.30004, "delta": 0.738788}}
{"target": -34.18251722886672, "params": {"C": 154.60637537742505, "epsilon": 30.76055857919497, "gamma": 0.043257487938344975, "lamda": 0.08929037168434707}, "datetime": {"datetime": "2021-10-06 08:46:00", "elapsed": 99.025279, "delta": 0.725239}}
{"target": -34.67249528574566, "params": {"C": 113.09794815178049, "epsilon": 33.80146188133931, "gamma": 0.00541968724431569, "lamda": 0.012770714346200526}, "datetime": {"datetime": "2021-10-06 08:46:01", "elapsed": 100.126929, "delta": 1.10165}}
{"target": -34.944240135846194, "params": {"C": 174.72258723346536, "epsilon": 26.818242583801958, "gamma": 0.014109159725121636, "lamda": 0.10535932990200861}, "datetime": {"datetime": "2021-10-06 08:46:02", "elapsed": 100.856108, "delta": 0.729179}}
{"target": -35.020657546472876, "params": {"C": 117.69766316482794, "epsilon": 30.197861872534443, "gamma": 0.015030152876266242, "lamda": 0.13547644795436417}, "datetime": {"datetime": "2021-10-06 08:46:03", "elapsed": 101.573796, "delta": 0.717688}}
{"target": -34.10453796928002, "params": {"C": 77.91960761858633, "epsilon": 31.951858324155072, "gamma": 0.022375154263223222, "lamda": 0.11492201435010613}, "datetime": {"datetime": "2021-10-06 08:46:03", "elapsed": 102.505309, "delta": 0.931513}}
{"target": -34.7669031511027, "params": {"C": 196.05575160270362, "epsilon": 29.78853995360815, "gamma": 0.004019094918974179, "lamda": 0.02306442884262434}, "datetime": {"datetime": "2021-10-06 08:46:04", "elapsed": 103.277072, "delta": 0.771763}}
{"target": -34.55025167884685, "params": {"C": 102.67067460578416, "epsilon": 32.177979802380634, "gamma": 0.06648950916771182, "lamda": 0.1275332365395853}, "datetime": {"datetime": "2021-10-06 08:46:05", "elapsed": 104.007345, "delta": 0.730273}}
{"target": -35.694953759773284, "params": {"C": 129.6545322682047, "epsilon": 26.4975232799801, "gamma": 0.01394051240812041, "lamda": 0.13112915718269624}, "datetime": {"datetime": "2021-10-06 08:46:06", "elapsed": 104.74181, "delta": 0.734465}}
{"target": -36.29768660741571, "params": {"C": 64.53244961651112, "epsilon": 26.789097521181443, "gamma": 0.0952409342727317, "lamda": 0.13828809548252322}, "datetime": {"datetime": "2021-10-06 08:46:07", "elapsed": 105.723008, "delta": 0.981198}}
{"target": -34.49295528763422, "params": {"C": 16.13203131298895, "epsilon": 31.36951130968159, "gamma": 0.014306581590012945, "lamda": 0.04140901327742939}, "datetime": {"datetime": "2021-10-06 08:46:07", "elapsed": 106.48385, "delta": 0.760842}}
{"target": -34.876155354937644, "params": {"C": 44.85347415028417, "epsilon": 31.145461941133124, "gamma": 0.0850953814569306, "lamda": 0.04016346083747301}, "datetime": {"datetime": "2021-10-06 08:46:08", "elapsed": 107.236823, "delta": 0.752973}}
{"target": -35.12487892704891, "params": {"C": 57.08294683047025, "epsilon": 26.855949161110733, "gamma": 0.0630574038588913, "lamda": 0.010004557787201582}, "datetime": {"datetime": "2021-10-06 08:46:09", "elapsed": 107.99616, "delta": 0.759337}}
{"target": -34.487737548556446, "params": {"C": 52.672506994506605, "epsilon": 28.074954215213328, "gamma": 0.01453982338633641, "lamda": 0.008252236618849575}, "datetime": {"datetime": "2021-10-06 08:46:10", "elapsed": 108.845296, "delta": 0.849136}}
{"target": -34.47306589939447, "params": {"C": 115.43867134249136, "epsilon": 29.50227251904694, "gamma": 0.06218198284883282, "lamda": 0.07480586690536939}, "datetime": {"datetime": "2021-10-06 08:46:11", "elapsed": 109.904327, "delta": 1.059031}}
{"target": -34.893404070231426, "params": {"C": 154.99460034432852, "epsilon": 26.878084172430146, "gamma": 0.0589920268353065, "lamda": 0.023803589403276364}, "datetime": {"datetime": "2021-10-06 08:46:12", "elapsed": 110.790905, "delta": 0.886578}}
{"target": -34.96204431544746, "params": {"C": 168.63276660933292, "epsilon": 33.30522052511676, "gamma": 0.09824201377152725, "lamda": 0.05899225204691484}, "datetime": {"datetime": "2021-10-06 08:46:13", "elapsed": 111.97971, "delta": 1.188805}}
{"target": -35.207028587169795, "params": {"C": 183.16357508192112, "epsilon": 28.05957079180869, "gamma": 0.09611102053649546, "lamda": 0.05742410997995609}, "datetime": {"datetime": "2021-10-06 08:46:14", "elapsed": 112.897396, "delta": 0.917686}}
{"target": -34.967929414918544, "params": {"C": 64.75585737289165, "epsilon": 31.98523234405607, "gamma": 0.0026499376349294803, "lamda": 0.012639239677186935}, "datetime": {"datetime": "2021-10-06 08:46:15", "elapsed": 114.221066, "delta": 1.32367}}
{"target": -34.53723536917103, "params": {"C": 95.74801082595468, "epsilon": 32.62179588367184, "gamma": 0.07822768879260308, "lamda": 0.08289455618798403}, "datetime": {"datetime": "2021-10-06 08:46:16", "elapsed": 115.001742, "delta": 0.780676}}
{"target": -35.43684045831775, "params": {"C": 80.728409761258, "epsilon": 26.9913638938881, "gamma": 0.0989352400818801, "lamda": 0.07897351094461573}, "datetime": {"datetime": "2021-10-06 08:46:17", "elapsed": 115.790196, "delta": 0.788454}}
{"target": -35.190063850189475, "params": {"C": 150.3358300808938, "epsilon": 26.896989118805372, "gamma": 0.08672020816487643, "lamda": 0.08035713156042947}, "datetime": {"datetime": "2021-10-06 08:46:18", "elapsed": 116.878498, "delta": 1.088302}}
{"target": -34.44972777630635, "params": {"C": 38.21312019624284, "epsilon": 30.33099616052042, "gamma": 0.0536384298616132, "lamda": 0.10854772333882008}, "datetime": {"datetime": "2021-10-06 08:46:19", "elapsed": 117.765954, "delta": 0.887456}}
{"target": -36.40690398927235, "params": {"C": 86.35799657760384, "epsilon": 26.996402468765606, "gamma": 0.09817472173184712, "lamda": 0.14394454331965606}, "datetime": {"datetime": "2021-10-06 08:46:20", "elapsed": 118.568232, "delta": 0.802278}}
{"target": -34.7738239086873, "params": {"C": 10.758362821701004, "epsilon": 32.27295755261896, "gamma": 0.051031492833852644, "lamda": 0.01188452807786336}, "datetime": {"datetime": "2021-10-06 08:46:21", "elapsed": 119.737989, "delta": 1.169757}}
{"target": -34.69487472648336, "params": {"C": 80.43004757257972, "epsilon": 34.89892689336164, "gamma": 0.0049724345700425734, "lamda": 0.0419107058466003}, "datetime": {"datetime": "2021-10-06 08:46:22", "elapsed": 120.692144, "delta": 0.954155}}
{"target": -35.229461618743656, "params": {"C": 158.38547843087053, "epsilon": 26.09067140111501, "gamma": 0.07215156506450364, "lamda": 0.10226205171483747}, "datetime": {"datetime": "2021-10-06 08:46:23", "elapsed": 121.640037, "delta": 0.947893}}
{"target": -34.20522249612773, "params": {"C": 68.3494849430645, "epsilon": 30.681357463039802, "gamma": 0.02956100463382684, "lamda": 0.1105236378516125}, "datetime": {"datetime": "2021-10-06 08:46:23", "elapsed": 122.395494, "delta": 0.755457}}
{"target": -35.113316255228014, "params": {"C": 48.141198319237496, "epsilon": 28.73414341053899, "gamma": 0.08298228612997392, "lamda": 0.10662731111451434}, "datetime": {"datetime": "2021-10-06 08:46:24", "elapsed": 123.186347, "delta": 0.790853}}
{"target": -36.27936114551039, "params": {"C": 72.96418602504032, "epsilon": 27.05885357008591, "gamma": 0.09913989746467743, "lamda": 0.0063475806255063275}, "datetime": {"datetime": "2021-10-06 08:46:25", "elapsed": 124.252808, "delta": 1.066461}}
{"target": -35.06524372137111, "params": {"C": 117.11176132936679, "epsilon": 27.498353303989408, "gamma": 0.02252988205503069, "lamda": 0.12923935923500438}, "datetime": {"datetime": "2021-10-06 08:46:26", "elapsed": 125.064286, "delta": 0.811478}}
{"target": -34.87878054086893, "params": {"C": 56.93743157581633, "epsilon": 33.83038497562147, "gamma": 0.09965084684409506, "lamda": 0.09019309522110582}, "datetime": {"datetime": "2021-10-06 08:46:27", "elapsed": 125.870816, "delta": 0.80653}}
{"target": -33.963789589658354, "params": {"C": 119.9602153999367, "epsilon": 34.13464598951205, "gamma": 0.024377629063498933, "lamda": 0.018240309661351626}, "datetime": {"datetime": "2021-10-06 08:46:28", "elapsed": 126.866308, "delta": 0.995492}}
{"target": -34.03039254229383, "params": {"C": 38.202542088803455, "epsilon": 29.65327165105328, "gamma": 0.02367729254419583, "lamda": 0.06825139849998929}, "datetime": {"datetime": "2021-10-06 08:46:29", "elapsed": 127.836775, "delta": 0.970467}}
{"target": -35.01186431106566, "params": {"C": 77.71062491267453, "epsilon": 30.082888396946878, "gamma": 0.07873507398727365, "lamda": 0.035035028765056694}, "datetime": {"datetime": "2021-10-06 08:46:30", "elapsed": 128.984396, "delta": 1.147621}}
{"target": -34.9216496211024, "params": {"C": 25.0738038930171, "epsilon": 27.009986400952425, "gamma": 0.054087975181341924, "lamda": 0.00806511554651609}, "datetime": {"datetime": "2021-10-06 08:46:31", "elapsed": 129.836509, "delta": 0.852113}}
{"target": -34.90574237488243, "params": {"C": 12.152659785839154, "epsilon": 30.465394971297535, "gamma": 0.06871865846526942, "lamda": 0.0873450070249976}, "datetime": {"datetime": "2021-10-06 08:46:32", "elapsed": 130.647393, "delta": 0.810884}}
{"target": -35.4423638176765, "params": {"C": 97.78027677298749, "epsilon": 30.302743167375947, "gamma": 0.010387247647013619, "lamda": 0.13144276919298292}, "datetime": {"datetime": "2021-10-06 08:46:33", "elapsed": 131.665293, "delta": 1.0179}}
{"target": -34.212092136737986, "params": {"C": 130.91510491792337, "epsilon": 34.09210512229445, "gamma": 0.0586271654977248, "lamda": 0.06736392015370367}, "datetime": {"datetime": "2021-10-06 08:46:33", "elapsed": 132.458668, "delta": 0.793375}}
{"target": -34.72367142297472, "params": {"C": 22.04527951028153, "epsilon": 33.27579548013123, "gamma": 0.07332499616144841, "lamda": 0.0021592423186033967}, "datetime": {"datetime": "2021-10-06 08:46:34", "elapsed": 133.32939, "delta": 0.870722}}
{"target": -35.45340894216762, "params": {"C": 45.970274821827054, "epsilon": 26.82815755153352, "gamma": 0.095402020783355, "lamda": 0.035022610244780615}, "datetime": {"datetime": "2021-10-06 08:46:35", "elapsed": 134.297602, "delta": 0.968212}}
{"target": -34.60625162621321, "params": {"C": 60.05277840912033, "epsilon": 30.699721748328905, "gamma": 0.07587207914749697, "lamda": 0.06466881265570412}, "datetime": {"datetime": "2021-10-06 08:46:36", "elapsed": 135.291618, "delta": 0.994016}}
{"target": -33.99245316677113, "params": {"C": 181.8200303084613, "epsilon": 33.02882164072929, "gamma": 0.032525044118640385, "lamda": 0.03045047191850682}, "datetime": {"datetime": "2021-10-06 08:46:37", "elapsed": 136.330572, "delta": 1.038954}}
{"target": -35.57117807547529, "params": {"C": 186.53209587951878, "epsilon": 28.554999116512015, "gamma": 0.08571988510864384, "lamda": 0.13150300366323722}, "datetime": {"datetime": "2021-10-06 08:46:38", "elapsed": 137.158075, "delta": 0.827503}}
{"target": -35.10941656314862, "params": {"C": 121.51002188970699, "epsilon": 31.396135908189695, "gamma": 0.07866124209633911, "lamda": 0.14796372251411063}, "datetime": {"datetime": "2021-10-06 08:46:39", "elapsed": 138.17527, "delta": 1.017195}}
{"target": -35.63475343907645, "params": {"C": 13.637447053166607, "epsilon": 26.126729051884677, "gamma": 0.07561036101928127, "lamda": 0.0791475329527569}, "datetime": {"datetime": "2021-10-06 08:46:40", "elapsed": 139.007251, "delta": 0.831981}}
{"target": -34.87354829018284, "params": {"C": 144.15640244612598, "epsilon": 28.44602746674171, "gamma": 0.039898132804203124, "lamda": 0.13234706162942628}, "datetime": {"datetime": "2021-10-06 08:46:41", "elapsed": 139.848134, "delta": 0.840883}}
{"target": -34.76457610651068, "params": {"C": 16.348313847295906, "epsilon": 27.42675533616428, "gamma": 0.020230297369642457, "lamda": 0.055909796884012285}, "datetime": {"datetime": "2021-10-06 08:46:42", "elapsed": 140.792793, "delta": 0.944659}}
{"target": -39.692435682195445, "params": {"C": 168.6185136115229, "epsilon": 26.28607752648811, "gamma": 0.003796620362295342, "lamda": 0.14492640685736174}, "datetime": {"datetime": "2021-10-06 08:46:43", "elapsed": 141.894012, "delta": 1.101219}}
{"target": -35.57246230262903, "params": {"C": 161.8508582736011, "epsilon": 28.72722209132938, "gamma": 0.08117671969456189, "lamda": 0.14205020863564635}, "datetime": {"datetime": "2021-10-06 08:46:44", "elapsed": 142.717664, "delta": 0.823652}}
{"target": -34.49265152578456, "params": {"C": 47.45524840603061, "epsilon": 26.481380216123622, "gamma": 0.02878238298464452, "lamda": 0.018207587568315114}, "datetime": {"datetime": "2021-10-06 08:46:45", "elapsed": 143.58219, "delta": 0.864526}}
{"target": -34.87208176215293, "params": {"C": 153.33524122730262, "epsilon": 31.190542250711193, "gamma": 0.05893900095355184, "lamda": 0.017142849038853398}, "datetime": {"datetime": "2021-10-06 08:46:46", "elapsed": 144.644627, "delta": 1.062437}}
{"target": -34.10308955866536, "params": {"C": 68.98289610569384, "epsilon": 31.952210042786113, "gamma": 0.02388498566204892, "lamda": 0.02067692332867081}, "datetime": {"datetime": "2021-10-06 08:46:46", "elapsed": 145.521741, "delta": 0.877114}}
{"target": -34.72606780687384, "params": {"C": 135.19356574935264, "epsilon": 28.111215176985034, "gamma": 0.07423322467970511, "lamda": 0.06475923995465009}, "datetime": {"datetime": "2021-10-06 08:46:47", "elapsed": 146.406401, "delta": 0.88466}}
{"target": -34.89152398395607, "params": {"C": 57.751234773867594, "epsilon": 30.07213459155599, "gamma": 0.05365036800417315, "lamda": 0.1424645341327721}, "datetime": {"datetime": "2021-10-06 08:46:48", "elapsed": 147.266596, "delta": 0.860195}}
{"target": -35.71627911870635, "params": {"C": 185.01086619713297, "epsilon": 27.247964796167306, "gamma": 0.09930287932429509, "lamda": 0.10644468993697297}, "datetime": {"datetime": "2021-10-06 08:46:49", "elapsed": 148.37933, "delta": 1.112734}}
{"target": -34.145615851285704, "params": {"C": 59.76479873861944, "epsilon": 33.749145125843405, "gamma": 0.052885250488715715, "lamda": 0.06820502619488909}, "datetime": {"datetime": "2021-10-06 08:46:50", "elapsed": 149.411011, "delta": 1.031681}}
{"target": -34.875359684203666, "params": {"C": 130.64224047626809, "epsilon": 27.460061098268632, "gamma": 0.007847044086628188, "lamda": 0.07505234780174008}, "datetime": {"datetime": "2021-10-06 08:46:51", "elapsed": 150.257523, "delta": 0.846512}}
{"target": -36.046624507711975, "params": {"C": 7.476585916043608, "epsilon": 29.306818608155634, "gamma": 0.06605921723027881, "lamda": 0.11993893834820965}, "datetime": {"datetime": "2021-10-06 08:46:52", "elapsed": 151.198701, "delta": 0.941178}}
{"target": -39.36384049750525, "params": {"C": 2.349256395686073, "epsilon": 31.18521991648737, "gamma": 0.08245365061674091, "lamda": 0.13423500263321797}, "datetime": {"datetime": "2021-10-06 08:46:53", "elapsed": 152.36252, "delta": 1.163819}}
{"target": -34.618079268060455, "params": {"C": 54.730636206936715, "epsilon": 33.09267278759716, "gamma": 0.08112232553484688, "lamda": 0.10500541262051662}, "datetime": {"datetime": "2021-10-06 08:46:54", "elapsed": 153.491535, "delta": 1.129015}}
{"target": -35.71610823398657, "params": {"C": 10.430956009409245, "epsilon": 29.2248019638479, "gamma": 0.0867204134724634, "lamda": 0.03970178388848381}, "datetime": {"datetime": "2021-10-06 08:46:55", "elapsed": 154.434008, "delta": 0.942473}}
{"target": -35.37389167447845, "params": {"C": 90.70116362085739, "epsilon": 33.548839299709826, "gamma": 0.08604788219554418, "lamda": 0.02515549108371738}, "datetime": {"datetime": "2021-10-06 08:46:56", "elapsed": 155.358889, "delta": 0.924881}}
{"target": -34.48651258679412, "params": {"C": 189.39028069285771, "epsilon": 28.917109683358724, "gamma": 0.04002784077422116, "lamda": 0.014914239268380928}, "datetime": {"datetime": "2021-10-06 08:46:57", "elapsed": 156.506307, "delta": 1.147418}}
{"target": -34.69236551539807, "params": {"C": 99.10919437466227, "epsilon": 31.091619927592212, "gamma": 0.03468274560366619, "lamda": 0.006102071333468812}, "datetime": {"datetime": "2021-10-06 08:46:59", "elapsed": 157.806857, "delta": 1.30055}}
{"target": -35.341668563200564, "params": {"C": 151.91422787503677, "epsilon": 32.9625228439022, "gamma": 0.0882411961897293, "lamda": 0.025761425272505866}, "datetime": {"datetime": "2021-10-06 08:47:00", "elapsed": 158.762015, "delta": 0.955158}}
{"target": -34.6932377006368, "params": {"C": 110.02020504391479, "epsilon": 30.268752710555773, "gamma": 0.05532855331045441, "lamda": 0.01497954468246197}, "datetime": {"datetime": "2021-10-06 08:47:01", "elapsed": 159.691037, "delta": 0.929022}}
{"target": -34.50006632865299, "params": {"C": 39.245546572757874, "epsilon": 30.55101291681098, "gamma": 0.042239698433396755, "lamda": 0.02073519674225023}, "datetime": {"datetime": "2021-10-06 08:47:02", "elapsed": 161.134106, "delta": 1.443069}}
{"target": -33.75749035817756, "params": {"C": 99.3230924367661, "epsilon": 34.78109864100353, "gamma": 0.018773631438896994, "lamda": 0.052521074518119576}, "datetime": {"datetime": "2021-10-06 08:47:04", "elapsed": 162.572519, "delta": 1.438413}}
