{"target": -40.530729315777805, "params": {"C": 138.44267577818619, "epsilon": 28.81588201993675, "gamma": 0.08733187458726634, "lamda": 0.33444709427870045}, "datetime": {"datetime": "2021-10-05 14:27:49", "elapsed": 433.902845, "delta": 1.375639}}
{"target": -51.9109185375946, "params": {"C": 85.95441906068125, "epsilon": 17.036132759538997, "gamma": 0.21137542763418038, "lamda": 0.3770476456888967}, "datetime": {"datetime": "2021-10-05 14:27:51", "elapsed": 435.599066, "delta": 1.696221}}
{"target": -41.502027694735965, "params": {"C": 71.282176258208, "epsilon": 27.528881654345792, "gamma": 0.19658172112164, "lamda": 0.23544171453431215}, "datetime": {"datetime": "2021-10-05 14:27:54", "elapsed": 438.569171, "delta": 2.970105}}
{"target": -43.03553977262647, "params": {"C": 157.27323729334947, "epsilon": 7.931057679492607, "gamma": 0.2804863429992802, "lamda": 0.06826608549277362}, "datetime": {"datetime": "2021-10-05 14:27:56", "elapsed": 439.974118, "delta": 1.404947}}
{"target": -52.03344013952743, "params": {"C": 174.84057125537302, "epsilon": 12.303508142188118, "gamma": 0.1439614926715083, "lamda": 0.34448093606948504}, "datetime": {"datetime": "2021-10-05 14:27:57", "elapsed": 441.447972, "delta": 1.473854}}
{"target": -36.952532104169116, "params": {"C": 119.64924690268539, "epsilon": 25.820931066459647, "gamma": 0.15562106952210464, "lamda": 0.044303997345174116}, "datetime": {"datetime": "2021-10-05 14:27:59", "elapsed": 442.958109, "delta": 1.510137}}
{"target": -38.98164299035091, "params": {"C": 174.87851669125175, "epsilon": 28.96623355936106, "gamma": 0.3072601564095228, "lamda": 0.02903791677054386}, "datetime": {"datetime": "2021-10-05 14:28:02", "elapsed": 446.275696, "delta": 3.317587}}
{"target": -37.45952061816757, "params": {"C": 97.10196618409547, "epsilon": 18.95942264799175, "gamma": 0.1318992847296838, "lamda": 0.054774040055053624}, "datetime": {"datetime": "2021-10-05 14:28:04", "elapsed": 448.120941, "delta": 1.845245}}
{"target": -39.591742947783445, "params": {"C": 174.35138142632337, "epsilon": 28.777005745617377, "gamma": 0.01567349170153232, "lamda": 0.29121594009454127}, "datetime": {"datetime": "2021-10-05 14:28:06", "elapsed": 450.684189, "delta": 2.563248}}
{"target": -38.572904254490865, "params": {"C": 173.8615111177218, "epsilon": 26.704054315340745, "gamma": 0.10732800651802375, "lamda": 0.0019483755288642285}, "datetime": {"datetime": "2021-10-05 14:28:09", "elapsed": 453.657675, "delta": 2.973486}}
{"target": -44.524593423493364, "params": {"C": 70.75901202322204, "epsilon": 28.279763164352556, "gamma": 0.0001, "lamda": 0.0001}, "datetime": {"datetime": "2021-10-05 14:28:15", "elapsed": 459.672162, "delta": 6.014487}}
{"target": -41.335417335520056, "params": {"C": 94.05273982921268, "epsilon": 17.568959225838633, "gamma": 0.32885056359297976, "lamda": 0.03705564308200726}, "datetime": {"datetime": "2021-10-05 14:28:17", "elapsed": 461.384092, "delta": 1.71193}}
{"target": -39.43170545713333, "params": {"C": 119.46798025616029, "epsilon": 25.466752866367234, "gamma": 0.19982000737007558, "lamda": 0.01453014444879787}, "datetime": {"datetime": "2021-10-05 14:28:20", "elapsed": 464.644108, "delta": 3.260016}}
{"target": -39.24087737506336, "params": {"C": 119.96003797870823, "epsilon": 26.04454073438077, "gamma": 0.12626805686223477, "lamda": 0.2104581227614603}, "datetime": {"datetime": "2021-10-05 14:28:23", "elapsed": 467.523639, "delta": 2.879531}}
{"target": -35.156076666641866, "params": {"C": 119.60647522137423, "epsilon": 25.799779585715214, "gamma": 0.08422111958236253, "lamda": 0.04865581480738449}, "datetime": {"datetime": "2021-10-05 14:28:25", "elapsed": 469.766573, "delta": 2.242934}}
{"target": -44.32053080491339, "params": {"C": 174.68660817011357, "epsilon": 28.481701444185127, "gamma": 0.1993995310302507, "lamda": 0.35659889491033514}, "datetime": {"datetime": "2021-10-05 14:28:29", "elapsed": 473.913309, "delta": 4.146736}}
{"target": -50.5843639592168, "params": {"C": 119.35911635823206, "epsilon": 25.905564623702052, "gamma": 0.0001, "lamda": 0.26158843121898273}, "datetime": {"datetime": "2021-10-05 14:28:35", "elapsed": 479.001546, "delta": 5.088237}}
{"target": -41.08222556059419, "params": {"C": 179.99909676407293, "epsilon": 12.128614089746524, "gamma": 0.17111849075231636, "lamda": 0.12080275125432884}, "datetime": {"datetime": "2021-10-05 14:28:36", "elapsed": 480.514104, "delta": 1.512558}}
{"target": -45.25279225821697, "params": {"C": 169.53047615004763, "epsilon": 28.82744802051973, "gamma": 0.2509406683243352, "lamda": 0.35716698181728224}, "datetime": {"datetime": "2021-10-05 14:28:39", "elapsed": 483.459264, "delta": 2.94516}}
{"target": -34.79982376303825, "params": {"C": 59.72797593665962, "epsilon": 23.300281343330127, "gamma": 0.03167649409570342, "lamda": 0.07643037013199008}, "datetime": {"datetime": "2021-10-05 14:28:41", "elapsed": 485.269978, "delta": 1.810714}}
{"target": -41.617241977536864, "params": {"C": 59.5972287122145, "epsilon": 23.23162954919136, "gamma": 0.06883919894068612, "lamda": 0.308386294166179}, "datetime": {"datetime": "2021-10-05 14:28:43", "elapsed": 487.769582, "delta": 2.499604}}
{"target": -52.409358024073796, "params": {"C": 4.511093257111727, "epsilon": 15.99171764026972, "gamma": 0.1566848250416576, "lamda": 0.3326851588960798}, "datetime": {"datetime": "2021-10-05 14:28:45", "elapsed": 489.403476, "delta": 1.633894}}
{"target": -41.8877810486883, "params": {"C": 30.900924513227405, "epsilon": 27.085266524888347, "gamma": 0.39570048019121024, "lamda": 0.05294053470671928}, "datetime": {"datetime": "2021-10-05 14:28:48", "elapsed": 492.342551, "delta": 2.939075}}
{"target": -37.34072418508937, "params": {"C": 35.28936963904708, "epsilon": 28.94298641862496, "gamma": 0.02544906264258872, "lamda": 0.24322240450023955}, "datetime": {"datetime": "2021-10-05 14:28:52", "elapsed": 496.296279, "delta": 3.953728}}
{"target": -37.47367562074201, "params": {"C": 187.25507776148467, "epsilon": 28.067411483838523, "gamma": 0.11272621646040146, "lamda": 0.014260063628804618}, "datetime": {"datetime": "2021-10-05 14:28:53", "elapsed": 497.839515, "delta": 1.543236}}
{"target": -41.844877510307064, "params": {"C": 94.04260399670368, "epsilon": 17.53930551486995, "gamma": 0.36789512399592755, "lamda": 0.03616836941125632}, "datetime": {"datetime": "2021-10-05 14:28:55", "elapsed": 499.398495, "delta": 1.55898}}
{"target": -44.755336343052065, "params": {"C": 18.46646387072228, "epsilon": 10.793805536790789, "gamma": 0.030685754916817406, "lamda": 0.243378067308636}, "datetime": {"datetime": "2021-10-05 14:28:57", "elapsed": 501.414381, "delta": 2.015886}}
{"target": -39.56015690713393, "params": {"C": 59.87013230268353, "epsilon": 23.54248427641264, "gamma": 0.04057283038244293, "lamda": 0.26577692253828905}, "datetime": {"datetime": "2021-10-05 14:29:00", "elapsed": 504.673053, "delta": 3.258672}}
{"target": -51.64063765520649, "params": {"C": 40.04279482856969, "epsilon": 25.66771900736722, "gamma": 0.0001, "lamda": 0.3354180686037467}, "datetime": {"datetime": "2021-10-05 14:29:05", "elapsed": 509.039337, "delta": 4.366284}}
{"target": -37.97548227087315, "params": {"C": 62.65694740155354, "epsilon": 24.89790549690669, "gamma": 0.13251458142768444, "lamda": 0.14998696774632436}, "datetime": {"datetime": "2021-10-05 14:29:07", "elapsed": 511.083307, "delta": 2.04397}}
{"target": -35.08758881723495, "params": {"C": 119.80661092847593, "epsilon": 25.508462242898204, "gamma": 0.04191757099456852, "lamda": 0.11612315866025406}, "datetime": {"datetime": "2021-10-05 14:29:10", "elapsed": 514.381169, "delta": 3.297862}}
{"target": -39.75251347108856, "params": {"C": 88.49679315207298, "epsilon": 9.77047261399544, "gamma": 0.06880654592015431, "lamda": 0.13230766589903448}, "datetime": {"datetime": "2021-10-05 14:29:12", "elapsed": 516.173181, "delta": 1.792012}}
{"target": -39.96322737473972, "params": {"C": 70.50953513048836, "epsilon": 28.2748767071406, "gamma": 0.35656253063526666, "lamda": 0.03212715057158729}, "datetime": {"datetime": "2021-10-05 14:29:16", "elapsed": 520.063467, "delta": 3.890286}}
{"target": -34.54629649063285, "params": {"C": 31.499323091987502, "epsilon": 27.725252814023634, "gamma": 0.011650670169281133, "lamda": 0.013847175650684527}, "datetime": {"datetime": "2021-10-05 14:29:19", "elapsed": 523.240898, "delta": 3.177431}}
{"target": -40.54403759602219, "params": {"C": 174.53611084905427, "epsilon": 26.556820642319366, "gamma": 0.3524074309394456, "lamda": 0.060764314750642465}, "datetime": {"datetime": "2021-10-05 14:29:22", "elapsed": 526.698461, "delta": 3.457563}}
{"target": -34.884476212546815, "params": {"C": 193.82996632672956, "epsilon": 29.114555213300047, "gamma": 0.046595399268421045, "lamda": 0.1375485990563712}, "datetime": {"datetime": "2021-10-05 14:29:24", "elapsed": 528.217913, "delta": 1.519452}}
{"target": -42.498657119648186, "params": {"C": 173.97751029538557, "epsilon": 12.612538206215309, "gamma": 0.07026243735684765, "lamda": 0.2249922739258412}, "datetime": {"datetime": "2021-10-05 14:29:25", "elapsed": 529.828096, "delta": 1.610183}}
{"target": -42.87781335842748, "params": {"C": 18.056671047082506, "epsilon": 6.849727785507637, "gamma": 0.09621205958461947, "lamda": 0.10226430855796179}, "datetime": {"datetime": "2021-10-05 14:29:27", "elapsed": 531.529929, "delta": 1.701833}}
{"target": -35.686734042317255, "params": {"C": 194.24771279661343, "epsilon": 29.237695392910062, "gamma": 0.07528991170463181, "lamda": 0.1588175154131024}, "datetime": {"datetime": "2021-10-05 14:29:31", "elapsed": 535.917879, "delta": 4.38795}}
{"target": -36.76409934998069, "params": {"C": 194.5367505197592, "epsilon": 28.993209601140073, "gamma": 0.16629791049041326, "lamda": 0.07612709685206256}, "datetime": {"datetime": "2021-10-05 14:29:35", "elapsed": 539.850401, "delta": 3.932522}}
{"target": -46.04501359261129, "params": {"C": 191.508148410472, "epsilon": 18.399926714070318, "gamma": 0.09957563678573812, "lamda": 0.33497990441451564}, "datetime": {"datetime": "2021-10-05 14:29:38", "elapsed": 542.017567, "delta": 2.167166}}
{"target": -41.22473227452004, "params": {"C": 60.028884022978424, "epsilon": 23.032597268353317, "gamma": 0.31242313232347096, "lamda": 0.086108672575686}, "datetime": {"datetime": "2021-10-05 14:29:41", "elapsed": 544.968814, "delta": 2.951247}}
{"target": -38.36931207428281, "params": {"C": 107.00948073915822, "epsilon": 27.45479604974447, "gamma": 0.20854857778267824, "lamda": 0.1031250258320434}, "datetime": {"datetime": "2021-10-05 14:29:42", "elapsed": 546.595616, "delta": 1.626802}}
{"target": -37.74739891338932, "params": {"C": 187.05772092531234, "epsilon": 15.423680893911706, "gamma": 0.022909614193115324, "lamda": 0.12624500184993503}, "datetime": {"datetime": "2021-10-05 14:29:44", "elapsed": 548.151811, "delta": 1.556195}}
{"target": -47.559277742082365, "params": {"C": 109.01646452416664, "epsilon": 16.938972843982782, "gamma": 0.1886157082072309, "lamda": 0.29928671689797626}, "datetime": {"datetime": "2021-10-05 14:29:45", "elapsed": 549.856485, "delta": 1.704674}}
{"target": -44.52474737326034, "params": {"C": 193.74566984180927, "epsilon": 29.141730644691926, "gamma": 0.34813520093860284, "lamda": 0.23718963905627155}, "datetime": {"datetime": "2021-10-05 14:29:49", "elapsed": 553.346658, "delta": 3.490173}}
{"target": -35.221844537132405, "params": {"C": 194.1174227342474, "epsilon": 28.578842498807976, "gamma": 0.06533396610170422, "lamda": 0.017308982425691368}, "datetime": {"datetime": "2021-10-05 14:29:53", "elapsed": 557.282159, "delta": 3.935501}}
{"target": -42.80230254130279, "params": {"C": 90.15285116943687, "epsilon": 23.931374531290327, "gamma": 0.3127507719304669, "lamda": 0.14398430488760539}, "datetime": {"datetime": "2021-10-05 14:29:55", "elapsed": 559.191523, "delta": 1.909364}}
{"target": -39.0854174816781, "params": {"C": 107.4159735112653, "epsilon": 17.24806720916668, "gamma": 0.1497189371994102, "lamda": 0.11182227140308118}, "datetime": {"datetime": "2021-10-05 14:29:56", "elapsed": 560.793378, "delta": 1.601855}}
{"target": -50.26390746217086, "params": {"C": 136.18360865174805, "epsilon": 11.92288881852217, "gamma": 0.2143830829109519, "lamda": 0.2821460702717514}, "datetime": {"datetime": "2021-10-05 14:29:58", "elapsed": 562.427729, "delta": 1.634351}}
{"target": -40.083217872086706, "params": {"C": 193.765371775315, "epsilon": 28.808299488242376, "gamma": 0.014841072816409895, "lamda": 0.30209112712063474}, "datetime": {"datetime": "2021-10-05 14:30:02", "elapsed": 566.102844, "delta": 3.675115}}
{"target": -37.533427639132555, "params": {"C": 168.4829521581678, "epsilon": 20.6073089615298, "gamma": 0.06880635704890378, "lamda": 0.15766398435470935}, "datetime": {"datetime": "2021-10-05 14:30:03", "elapsed": 567.788832, "delta": 1.685988}}
{"target": -34.88217953830598, "params": {"C": 120.32117563079069, "epsilon": 25.69001310217416, "gamma": 0.057204857112246904, "lamda": 0.020941615316587538}, "datetime": {"datetime": "2021-10-05 14:30:07", "elapsed": 571.765481, "delta": 3.976649}}
{"target": -44.29563257673139, "params": {"C": 194.55797272260432, "epsilon": 28.690445572152132, "gamma": 0.25432539702555956, "lamda": 0.30832432786839953}, "datetime": {"datetime": "2021-10-05 14:30:13", "elapsed": 576.939482, "delta": 5.174001}}
{"target": -44.57234318226764, "params": {"C": 70.14830653001694, "epsilon": 28.18315431135187, "gamma": 0.0001, "lamda": 0.0001}, "datetime": {"datetime": "2021-10-05 14:30:20", "elapsed": 584.035585, "delta": 7.096103}}
{"target": -41.84860186233708, "params": {"C": 120.68481418432322, "epsilon": 25.78995974876098, "gamma": 0.2888308265743606, "lamda": 0.1439447491199066}, "datetime": {"datetime": "2021-10-05 14:30:23", "elapsed": 587.687927, "delta": 3.652342}}
{"target": -41.783457369757095, "params": {"C": 120.05640326086672, "epsilon": 25.570706448709057, "gamma": 0.3866891345654892, "lamda": 0.07004636572685656}, "datetime": {"datetime": "2021-10-05 14:30:26", "elapsed": 590.787476, "delta": 3.099549}}
{"target": -39.47989059312262, "params": {"C": 49.4991537964951, "epsilon": 19.301471977641643, "gamma": 0.08274928778513321, "lamda": 0.19656143471731607}, "datetime": {"datetime": "2021-10-05 14:30:28", "elapsed": 592.822667, "delta": 2.035191}}
{"target": -57.461129887956176, "params": {"C": 179.88601778460588, "epsilon": 16.279616049302753, "gamma": 0.0001, "lamda": 0.32038317123718313}, "datetime": {"datetime": "2021-10-05 14:30:34", "elapsed": 598.623501, "delta": 5.800834}}
{"target": -45.67605270747269, "params": {"C": 89.56323718597352, "epsilon": 13.341392988283852, "gamma": 0.39715611479445406, "lamda": 0.10336385578465075}, "datetime": {"datetime": "2021-10-05 14:30:36", "elapsed": 600.234007, "delta": 1.610506}}
{"target": -39.47853809629977, "params": {"C": 179.33814848209238, "epsilon": 16.67790709016753, "gamma": 0.06083790765148485, "lamda": 0.1871310025994681}, "datetime": {"datetime": "2021-10-05 14:30:39", "elapsed": 603.255223, "delta": 3.021216}}
{"target": -40.35234183302461, "params": {"C": 176.36731711335557, "epsilon": 27.20802460275314, "gamma": 0.09936286381259175, "lamda": 0.2959390730499032}, "datetime": {"datetime": "2021-10-05 14:30:42", "elapsed": 606.484075, "delta": 3.228852}}
{"target": -43.086580013699574, "params": {"C": 34.40917166350086, "epsilon": 25.9417617591363, "gamma": 0.17982202163152378, "lamda": 0.292163801192217}, "datetime": {"datetime": "2021-10-05 14:30:44", "elapsed": 608.718216, "delta": 2.234141}}
{"target": -39.04947578891599, "params": {"C": 45.678665338045796, "epsilon": 20.24162922189966, "gamma": 0.024460470729227433, "lamda": 0.20650786830509804}, "datetime": {"datetime": "2021-10-05 14:30:46", "elapsed": 610.308765, "delta": 1.590549}}
{"target": -48.908131030739725, "params": {"C": 134.357014426752, "epsilon": 24.034168894646925, "gamma": 0.36965510208082536, "lamda": 0.3296588993292508}, "datetime": {"datetime": "2021-10-05 14:30:48", "elapsed": 612.0189, "delta": 1.710135}}
{"target": -41.754521762358934, "params": {"C": 173.96372995667204, "epsilon": 25.34033720425495, "gamma": 0.309532711657367, "lamda": 0.11790202000593251}, "datetime": {"datetime": "2021-10-05 14:30:49", "elapsed": 613.768561, "delta": 1.749661}}
{"target": -45.19167674484093, "params": {"C": 42.29171598541001, "epsilon": 13.800119878774346, "gamma": 0.1540751731697486, "lamda": 0.2428316283969171}, "datetime": {"datetime": "2021-10-05 14:30:51", "elapsed": 615.341205, "delta": 1.572644}}
{"target": -43.24860759227157, "params": {"C": 97.68209753395902, "epsilon": 17.410174202754856, "gamma": 0.20306420585681917, "lamda": 0.1944958169011727}, "datetime": {"datetime": "2021-10-05 14:30:53", "elapsed": 617.078252, "delta": 1.737047}}
{"target": -41.31887947963351, "params": {"C": 186.94785878350356, "epsilon": 27.988846302053847, "gamma": 0.11367140954544136, "lamda": 0.3233681483791993}, "datetime": {"datetime": "2021-10-05 14:31:00", "elapsed": 623.980769, "delta": 6.902517}}
{"target": -45.96269074433823, "params": {"C": 31.882689278093604, "epsilon": 27.492451972837657, "gamma": 0.0001, "lamda": 0.0001}, "datetime": {"datetime": "2021-10-05 14:31:05", "elapsed": 629.153633, "delta": 5.172864}}
{"target": -34.07411986638415, "params": {"C": 34.47020742758692, "epsilon": 29.35874653458261, "gamma": 0.028046407667613994, "lamda": 0.07018427313628652}, "datetime": {"datetime": "2021-10-05 14:31:06", "elapsed": 630.930243, "delta": 1.77661}}
{"target": -38.32979552669036, "params": {"C": 34.36264400695616, "epsilon": 29.82202694219157, "gamma": 0.004121667622165378, "lamda": 0.1357778665354212}, "datetime": {"datetime": "2021-10-05 14:31:10", "elapsed": 634.325381, "delta": 3.395138}}
{"target": -43.972385824870905, "params": {"C": 119.92741351215528, "epsilon": 25.736926362490998, "gamma": 0.0001, "lamda": 0.0001}, "datetime": {"datetime": "2021-10-05 14:31:17", "elapsed": 641.714874, "delta": 7.389493}}
{"target": -56.04490905217796, "params": {"C": 105.70130440131129, "epsilon": 8.050560341834643, "gamma": 0.014122852696367658, "lamda": 0.37217488810742577}, "datetime": {"datetime": "2021-10-05 14:31:19", "elapsed": 643.403623, "delta": 1.688749}}
{"target": -37.880234463130606, "params": {"C": 176.05185750397249, "epsilon": 27.93412990970555, "gamma": 0.14328258380288075, "lamda": 0.16127224276524396}, "datetime": {"datetime": "2021-10-05 14:31:21", "elapsed": 645.323646, "delta": 1.920023}}
{"target": -46.16095859325829, "params": {"C": 167.21115396218033, "epsilon": 21.945147310684945, "gamma": 0.336278347351766, "lamda": 0.21438911984937473}, "datetime": {"datetime": "2021-10-05 14:31:23", "elapsed": 647.021821, "delta": 1.698175}}
{"target": -40.1184722431316, "params": {"C": 175.55525315353682, "epsilon": 27.652280625381273, "gamma": 0.310180241890789, "lamda": 0.07860064810574016}, "datetime": {"datetime": "2021-10-05 14:31:27", "elapsed": 651.055524, "delta": 4.033703}}
{"target": -47.4558246046943, "params": {"C": 184.92533682243996, "epsilon": 18.562922393397876, "gamma": 0.21193692463129252, "lamda": 0.29868434492218693}, "datetime": {"datetime": "2021-10-05 14:31:29", "elapsed": 653.103907, "delta": 2.048383}}
{"target": -38.480533851581086, "params": {"C": 31.150781647767406, "epsilon": 26.011676614570902, "gamma": 0.048249227299693394, "lamda": 0.2575908182748315}, "datetime": {"datetime": "2021-10-05 14:31:32", "elapsed": 655.983304, "delta": 2.879397}}
{"target": -37.28697277986357, "params": {"C": 174.58356537872697, "epsilon": 26.78893574076496, "gamma": 0.0883349499456573, "lamda": 0.187748407805201}, "datetime": {"datetime": "2021-10-05 14:31:35", "elapsed": 659.5766, "delta": 3.593296}}
{"target": -43.72649436577657, "params": {"C": 22.952385653084427, "epsilon": 19.820464151004746, "gamma": 0.38415415492935573, "lamda": 0.03759488775175608}, "datetime": {"datetime": "2021-10-05 14:31:37", "elapsed": 661.384673, "delta": 1.808073}}
{"target": -43.74434203012862, "params": {"C": 33.41808666375166, "epsilon": 28.591035385216443, "gamma": 0.00028914879635075604, "lamda": 0.008898798118352426}, "datetime": {"datetime": "2021-10-05 14:31:42", "elapsed": 666.215919, "delta": 4.831246}}
{"target": -34.93869794158609, "params": {"C": 174.94779448787753, "epsilon": 28.52009251696256, "gamma": 0.04339563624153189, "lamda": 0.006290514220990308}, "datetime": {"datetime": "2021-10-05 14:31:45", "elapsed": 669.544925, "delta": 3.329006}}
{"target": -40.27368990306569, "params": {"C": 194.82348535759442, "epsilon": 26.11791129645712, "gamma": 0.38369504611345806, "lamda": 0.026341806909106338}, "datetime": {"datetime": "2021-10-05 14:31:47", "elapsed": 671.575872, "delta": 2.030947}}
{"target": -41.778284032860704, "params": {"C": 174.69972371362942, "epsilon": 28.632294372767753, "gamma": 0.0001, "lamda": 0.0001}, "datetime": {"datetime": "2021-10-05 14:31:53", "elapsed": 677.660056, "delta": 6.084184}}
{"target": -49.13726883006966, "params": {"C": 53.0480704589278, "epsilon": 16.949989265815063, "gamma": 0.1443306527589083, "lamda": 0.3597130411534851}, "datetime": {"datetime": "2021-10-05 14:31:55", "elapsed": 679.469999, "delta": 1.809943}}
{"target": -38.9000503604359, "params": {"C": 70.45378241296315, "epsilon": 28.150095583534355, "gamma": 0.024626650632794327, "lamda": 0.28692231114210637}, "datetime": {"datetime": "2021-10-05 14:31:59", "elapsed": 683.436262, "delta": 3.966263}}
{"target": -39.04398023346832, "params": {"C": 34.34954547652895, "epsilon": 27.237398175916315, "gamma": 0.2642261504622075, "lamda": 0.05343347073341586}, "datetime": {"datetime": "2021-10-05 14:32:02", "elapsed": 686.674396, "delta": 3.238134}}
{"target": -35.471367163538666, "params": {"C": 34.809882489202046, "epsilon": 28.91932633153741, "gamma": 0.003959085118650561, "lamda": 0.01565723791704293}, "datetime": {"datetime": "2021-10-05 14:32:07", "elapsed": 691.544904, "delta": 4.870508}}
