{"target": 0.9153223794996816, "params": {"C": 325.63696306840023, "epsilon": 0.055266175701052425, "gamma": 0.06308764079410632}, "datetime": {"datetime": "2021-09-18 15:29:42", "elapsed": 85.76041, "delta": 0.716403}}
{"target": 0.9112023388418198, "params": {"C": 350.7193163909113, "epsilon": 0.8948904982447123, "gamma": 0.02539070910139817}, "datetime": {"datetime": "2021-09-18 15:29:43", "elapsed": 86.516404, "delta": 0.755994}}
{"target": 0.9113326268565539, "params": {"C": 365.64982001541546, "epsilon": 0.5401431013020113, "gamma": 0.0695664493349157}, "datetime": {"datetime": "2021-09-18 15:29:44", "elapsed": 87.497326, "delta": 0.980922}}
{"target": 0.8709880142445746, "params": {"C": 391.6935428691505, "epsilon": 0.7336027076164195, "gamma": 0.10854054577339728}, "datetime": {"datetime": "2021-09-18 15:29:45", "elapsed": 88.330293, "delta": 0.832967}}
{"target": 0.9164308708010939, "params": {"C": 475.28102066071585, "epsilon": 0.9046626768855033, "gamma": 0.028376915412914913}, "datetime": {"datetime": "2021-09-18 15:29:46", "elapsed": 88.948321, "delta": 0.618028}}
{"target": 0.8806467804458123, "params": {"C": 368.3362271812647, "epsilon": 0.3909230084368559, "gamma": 0.10419790416329064}, "datetime": {"datetime": "2021-09-18 15:29:47", "elapsed": 89.778331, "delta": 0.83001}}
{"target": 0.916266044318252, "params": {"C": 488.0214631995965, "epsilon": 0.18702868937754086, "gamma": 0.04739993312556229}, "datetime": {"datetime": "2021-09-18 15:29:48", "elapsed": 90.805328, "delta": 1.026997}}
{"target": 0.8878210787752115, "params": {"C": 439.5983092996423, "epsilon": 0.13156129651676537, "gamma": 0.09327979436960078}, "datetime": {"datetime": "2021-09-18 15:29:48", "elapsed": 91.549325, "delta": 0.743997}}
{"target": 0.8798621202096389, "params": {"C": 328.2461264922499, "epsilon": 0.14850680481392173, "gamma": 0.11403239389362604}, "datetime": {"datetime": "2021-09-18 15:29:49", "elapsed": 92.390325, "delta": 0.841}}
{"target": 0.8629580411332378, "params": {"C": 381.40989907416497, "epsilon": 0.5770257067631662, "gamma": 0.12621469057319917}, "datetime": {"datetime": "2021-09-18 15:29:50", "elapsed": 93.11729, "delta": 0.726965}}
{"target": 0.9078778712703266, "params": {"C": 439.7517733293635, "epsilon": 0.1447736403665183, "gamma": 0.02}, "datetime": {"datetime": "2021-09-18 15:29:51", "elapsed": 94.070287, "delta": 0.952997}}
{"target": 0.9199131831602821, "params": {"C": 362.4314370967562, "epsilon": 0.8072967217547615, "gamma": 0.03978010162276077}, "datetime": {"datetime": "2021-09-18 15:29:51", "elapsed": 94.703291, "delta": 0.633004}}
{"target": 0.9108107127951691, "params": {"C": 351.10304055370494, "epsilon": 0.8101107042048108, "gamma": 0.022109781019493856}, "datetime": {"datetime": "2021-09-18 15:29:52", "elapsed": 95.431862, "delta": 0.728571}}
{"target": 0.9210521129078582, "params": {"C": 335.30327222406027, "epsilon": 0.2738240337363982, "gamma": 0.03685414358206406}, "datetime": {"datetime": "2021-09-18 15:29:53", "elapsed": 96.385536, "delta": 0.953674}}
{"target": 0.9084639331046852, "params": {"C": 365.59312933175954, "epsilon": 0.41710621226032735, "gamma": 0.07424501544380925}, "datetime": {"datetime": "2021-09-18 15:29:54", "elapsed": 97.297111, "delta": 0.911575}}
{"target": 0.904368466439561, "params": {"C": 350.8396741081284, "epsilon": 0.9837067875817496, "gamma": 0.020435290914532216}, "datetime": {"datetime": "2021-09-18 15:29:55", "elapsed": 98.188763, "delta": 0.891652}}
{"target": 0.8934986682171834, "params": {"C": 365.7020608912639, "epsilon": 0.41784328907860824, "gamma": 0.08972063729766677}, "datetime": {"datetime": "2021-09-18 15:29:56", "elapsed": 99.083759, "delta": 0.894996}}
{"target": 0.8596641862785134, "params": {"C": 362.4329944102249, "epsilon": 0.866985006096262, "gamma": 0.13048172906421032}, "datetime": {"datetime": "2021-09-18 15:29:57", "elapsed": 99.865116, "delta": 0.781357}}
{"target": 0.9045477740781893, "params": {"C": 488.0451451290519, "epsilon": 0.2585158330005255, "gamma": 0.07411721773655142}, "datetime": {"datetime": "2021-09-18 15:29:58", "elapsed": 100.885113, "delta": 1.019997}}
{"target": 0.9152572134504933, "params": {"C": 475.2965709087788, "epsilon": 0.8202478127038801, "gamma": 0.026685468933041762}, "datetime": {"datetime": "2021-09-18 15:29:59", "elapsed": 101.832625, "delta": 0.947512}}
{"target": 0.8672945627872747, "params": {"C": 350.01846837936824, "epsilon": 0.24975437792302882, "gamma": 0.12599978520124197}, "datetime": {"datetime": "2021-09-18 15:29:59", "elapsed": 102.48762, "delta": 0.654995}}
{"target": 0.9094396073721183, "params": {"C": 487.9526165194579, "epsilon": 0.15513360874165796, "gamma": 0.02}, "datetime": {"datetime": "2021-09-18 15:30:00", "elapsed": 103.610759, "delta": 1.123139}}
{"target": 0.894561094225379, "params": {"C": 487.9593908443235, "epsilon": 0.9826429199961494, "gamma": 0.0747452857105425}, "datetime": {"datetime": "2021-09-18 15:30:01", "elapsed": 104.561222, "delta": 0.950463}}
{"target": 0.9200782700054028, "params": {"C": 362.3639940031138, "epsilon": 0.771768025025444, "gamma": 0.03898681242973682}, "datetime": {"datetime": "2021-09-18 15:30:02", "elapsed": 105.435671, "delta": 0.874449}}
{"target": 0.8662685029303994, "params": {"C": 399.875592695273, "epsilon": 0.17167875411950426, "gamma": 0.1224057008722782}, "datetime": {"datetime": "2021-09-18 15:30:03", "elapsed": 106.376869, "delta": 0.941198}}
{"target": 0.9071641649732654, "params": {"C": 362.43163372403217, "epsilon": 0.7366740314763257, "gamma": 0.02}, "datetime": {"datetime": "2021-09-18 15:30:04", "elapsed": 107.416642, "delta": 1.039773}}
{"target": 0.9190704786937708, "params": {"C": 399.75215530423816, "epsilon": 0.26463092641217867, "gamma": 0.04580675678709405}, "datetime": {"datetime": "2021-09-18 15:30:05", "elapsed": 108.70252, "delta": 1.285878}}
{"target": 0.9065412498207261, "params": {"C": 427.8749955955593, "epsilon": 0.07439377469639118, "gamma": 0.02}, "datetime": {"datetime": "2021-09-18 15:30:07", "elapsed": 109.895805, "delta": 1.193285}}
{"target": 0.9101564263426114, "params": {"C": 325.4318587427347, "epsilon": 0.08371553308371345, "gamma": 0.07685314973261746}, "datetime": {"datetime": "2021-09-18 15:30:07", "elapsed": 110.6998, "delta": 0.803995}}
{"target": 0.9130043129110736, "params": {"C": 416.78889261909393, "epsilon": 0.6807681768950654, "gamma": 0.020848215409820143}, "datetime": {"datetime": "2021-09-18 15:30:08", "elapsed": 111.690673, "delta": 0.990873}}
{"target": 0.8630808230900378, "params": {"C": 326.9983190301095, "epsilon": 0.07515028081985826, "gamma": 0.13738092408523198}, "datetime": {"datetime": "2021-09-18 15:30:09", "elapsed": 112.414518, "delta": 0.723845}}
{"target": 0.905392441278061, "params": {"C": 314.0188752876518, "epsilon": 0.9753490895526596, "gamma": 0.07259629375082619}, "datetime": {"datetime": "2021-09-18 15:30:10", "elapsed": 113.065256, "delta": 0.650738}}
{"target": 0.8883650226514087, "params": {"C": 351.99255671047285, "epsilon": 0.23154814189993553, "gamma": 0.09991975208298909}, "datetime": {"datetime": "2021-09-18 15:30:11", "elapsed": 113.823936, "delta": 0.75868}}
{"target": 0.9110728090961969, "params": {"C": 399.8648189050145, "epsilon": 0.3342442647106264, "gamma": 0.06976524565464504}, "datetime": {"datetime": "2021-09-18 15:30:12", "elapsed": 114.787978, "delta": 0.964042}}
{"target": 0.919418622221699, "params": {"C": 439.83430576913014, "epsilon": 0.2948154174915327, "gamma": 0.029603598294032373}, "datetime": {"datetime": "2021-09-18 15:30:13", "elapsed": 115.832534, "delta": 1.044556}}
{"target": 0.9196961408932514, "params": {"C": 310.183837235233, "epsilon": 0.31597479784774757, "gamma": 0.03310984927578392}, "datetime": {"datetime": "2021-09-18 15:30:13", "elapsed": 116.551365, "delta": 0.718831}}
{"target": 0.9115623901630209, "params": {"C": 475.38326943488073, "epsilon": 0.8451974559734101, "gamma": 0.023750784042696402}, "datetime": {"datetime": "2021-09-18 15:30:14", "elapsed": 117.521715, "delta": 0.97035}}
{"target": 0.9167309949996466, "params": {"C": 310.21020552673866, "epsilon": 0.24252295572106994, "gamma": 0.028683979820743867}, "datetime": {"datetime": "2021-09-18 15:30:16", "elapsed": 118.913986, "delta": 1.392271}}
{"target": 0.9118316375089169, "params": {"C": 475.3507312133554, "epsilon": 0.8956783679317999, "gamma": 0.024448440598441444}, "datetime": {"datetime": "2021-09-18 15:30:17", "elapsed": 119.992655, "delta": 1.078669}}
{"target": 0.8919656725311382, "params": {"C": 331.92302922823615, "epsilon": 0.9085490564858286, "gamma": 0.0873674928513831}, "datetime": {"datetime": "2021-09-18 15:30:18", "elapsed": 120.784618, "delta": 0.791963}}
{"target": 0.8909028686028486, "params": {"C": 419.47053573942225, "epsilon": 0.28379124471745354, "gamma": 0.09019456770234549}, "datetime": {"datetime": "2021-09-18 15:30:19", "elapsed": 121.843091, "delta": 1.058473}}
{"target": 0.8789975524719257, "params": {"C": 310.16502843098965, "epsilon": 0.27650242015419946, "gamma": 0.11508677406390508}, "datetime": {"datetime": "2021-09-18 15:30:20", "elapsed": 122.783078, "delta": 0.939987}}
{"target": 0.9160342231682632, "params": {"C": 439.76778190237815, "epsilon": 0.3880361823079636, "gamma": 0.025849614029730923}, "datetime": {"datetime": "2021-09-18 15:30:21", "elapsed": 123.883708, "delta": 1.10063}}
{"target": 0.898298814901549, "params": {"C": 399.7457931935022, "epsilon": 0.34946828068891334, "gamma": 0.08371290564849505}, "datetime": {"datetime": "2021-09-18 15:30:22", "elapsed": 124.931748, "delta": 1.04804}}
{"target": 0.9099249835795784, "params": {"C": 487.73802275924965, "epsilon": 0.14674422095479148, "gamma": 0.021882277692691264}, "datetime": {"datetime": "2021-09-18 15:30:23", "elapsed": 125.909702, "delta": 0.977954}}
{"target": 0.9025621110723275, "params": {"C": 328.19703944460673, "epsilon": 0.204554644508338, "gamma": 0.02}, "datetime": {"datetime": "2021-09-18 15:30:24", "elapsed": 127.371746, "delta": 1.462044}}
{"target": 0.8991129107376565, "params": {"C": 432.0533586574837, "epsilon": 0.045832334756935086, "gamma": 0.0846422721025012}, "datetime": {"datetime": "2021-09-18 15:30:25", "elapsed": 128.186748, "delta": 0.815002}}
{"target": 0.8652312018169065, "params": {"C": 341.1756169599787, "epsilon": 0.6297766827505825, "gamma": 0.12448692549566259}, "datetime": {"datetime": "2021-09-18 15:30:26", "elapsed": 128.920748, "delta": 0.734}}
{"target": 0.915507370225938, "params": {"C": 487.7987642674494, "epsilon": 0.8989625384938662, "gamma": 0.057499101234214575}, "datetime": {"datetime": "2021-09-18 15:30:27", "elapsed": 130.124631, "delta": 1.203883}}
{"target": 0.922032270291544, "params": {"C": 439.65073109483825, "epsilon": 0.24461273791767338, "gamma": 0.038521596328182764}, "datetime": {"datetime": "2021-09-18 15:30:28", "elapsed": 131.467526, "delta": 1.342895}}
{"target": 0.8810272223098761, "params": {"C": 487.78226259745577, "epsilon": 0.9757366829559257, "gamma": 0.08873579546283938}, "datetime": {"datetime": "2021-09-18 15:30:29", "elapsed": 132.44807, "delta": 0.980544}}
{"target": 0.9062985342095149, "params": {"C": 333.67607078058023, "epsilon": 0.3856476973120792, "gamma": 0.07942333648199106}, "datetime": {"datetime": "2021-09-18 15:30:30", "elapsed": 133.290682, "delta": 0.842612}}
{"target": 0.8504412986350781, "params": {"C": 467.83856722050666, "epsilon": 0.4261165521530594, "gamma": 0.14792145582682484}, "datetime": {"datetime": "2021-09-18 15:30:31", "elapsed": 134.294516, "delta": 1.003834}}
{"target": 0.866929079674142, "params": {"C": 323.41468259036503, "epsilon": 0.7805841481263034, "gamma": 0.11985839937686628}, "datetime": {"datetime": "2021-09-18 15:30:32", "elapsed": 135.058661, "delta": 0.764145}}
{"target": 0.9201075990233711, "params": {"C": 362.27385978227517, "epsilon": 0.825758916842216, "gamma": 0.05025621682147713}, "datetime": {"datetime": "2021-09-18 15:30:33", "elapsed": 136.280755, "delta": 1.222094}}
{"target": 0.8930879005988077, "params": {"C": 360.3580022290032, "epsilon": 0.02639387688568075, "gamma": 0.09698568453326926}, "datetime": {"datetime": "2021-09-18 15:30:35", "elapsed": 137.978821, "delta": 1.698066}}
{"target": 0.914421068156398, "params": {"C": 467.8048286895895, "epsilon": 0.37901166364054295, "gamma": 0.0246931483982375}, "datetime": {"datetime": "2021-09-18 15:30:36", "elapsed": 138.982853, "delta": 1.004032}}
{"target": 0.8796893029277196, "params": {"C": 346.2862970762942, "epsilon": 0.3308107409539801, "gamma": 0.10901118676823911}, "datetime": {"datetime": "2021-09-18 15:30:37", "elapsed": 139.804423, "delta": 0.82157}}
{"target": 0.8551420778991163, "params": {"C": 409.0849963845794, "epsilon": 0.4704105381291511, "gamma": 0.14047786785173824}, "datetime": {"datetime": "2021-09-18 15:30:37", "elapsed": 140.599808, "delta": 0.795385}}
{"target": 0.8974091307825417, "params": {"C": 320.642687409036, "epsilon": 0.02, "gamma": 0.02}, "datetime": {"datetime": "2021-09-18 15:30:38", "elapsed": 141.695822, "delta": 1.096014}}
{"target": 0.9142338223120614, "params": {"C": 381.43548910002187, "epsilon": 0.671729087727459, "gamma": 0.022388948835137173}, "datetime": {"datetime": "2021-09-18 15:30:40", "elapsed": 143.047797, "delta": 1.351975}}
{"target": 0.8790807919112666, "params": {"C": 362.2584806775281, "epsilon": 0.767934375593228, "gamma": 0.10118601226861147}, "datetime": {"datetime": "2021-09-18 15:30:41", "elapsed": 144.742188, "delta": 1.694391}}
{"target": 0.9071336332404861, "params": {"C": 368.6197762594087, "epsilon": 0.34321826293756097, "gamma": 0.02013809618013752}, "datetime": {"datetime": "2021-09-18 15:30:43", "elapsed": 145.954262, "delta": 1.212074}}
{"target": 0.864733345213397, "params": {"C": 326.6640372711276, "epsilon": 0.8162062737672737, "gamma": 0.1245489373765503}, "datetime": {"datetime": "2021-09-18 15:30:43", "elapsed": 146.741326, "delta": 0.787064}}
{"target": 0.9216150894947273, "params": {"C": 467.8733806890583, "epsilon": 0.5002346628303947, "gamma": 0.03286042349677382}, "datetime": {"datetime": "2021-09-18 15:30:45", "elapsed": 148.002247, "delta": 1.260921}}
{"target": 0.9188158383415564, "params": {"C": 340.77987993803566, "epsilon": 0.9059222674636552, "gamma": 0.03915708200181778}, "datetime": {"datetime": "2021-09-18 15:30:46", "elapsed": 148.785207, "delta": 0.78296}}
{"target": 0.9124699077284195, "params": {"C": 467.79282460583084, "epsilon": 0.4422813755424745, "gamma": 0.02119920897890489}, "datetime": {"datetime": "2021-09-18 15:30:47", "elapsed": 150.166032, "delta": 1.380825}}
{"target": 0.8767584810427758, "params": {"C": 350.7093937132139, "epsilon": 0.8671342979835422, "gamma": 0.1035416503040508}, "datetime": {"datetime": "2021-09-18 15:30:48", "elapsed": 151.703399, "delta": 1.537367}}
{"target": 0.9054989596423246, "params": {"C": 409.0086753548066, "epsilon": 0.10479127607767667, "gamma": 0.07900517815928704}, "datetime": {"datetime": "2021-09-18 15:30:49", "elapsed": 152.661702, "delta": 0.958303}}
{"target": 0.923190698289115, "params": {"C": 496.1021813731964, "epsilon": 0.4845653014628123, "gamma": 0.03591640316278761}, "datetime": {"datetime": "2021-09-18 15:30:50", "elapsed": 153.542106, "delta": 0.880404}}
{"target": 0.8674412472463157, "params": {"C": 496.1310198395547, "epsilon": 0.47542629370704986, "gamma": 0.10692296975052061}, "datetime": {"datetime": "2021-09-18 15:30:51", "elapsed": 154.649275, "delta": 1.107169}}
{"target": 0.9070525318341681, "params": {"C": 475.04418722231514, "epsilon": 0.9803913183817133, "gamma": 0.02}, "datetime": {"datetime": "2021-09-18 15:30:53", "elapsed": 155.828386, "delta": 1.179111}}
{"target": 0.8796852836317217, "params": {"C": 399.6962530430814, "epsilon": 0.22092791301584694, "gamma": 0.1044282698507907}, "datetime": {"datetime": "2021-09-18 15:30:54", "elapsed": 157.290695, "delta": 1.462309}}
{"target": 0.877178573095437, "params": {"C": 487.81671162957036, "epsilon": 0.8270570123832435, "gamma": 0.09321441373087845}, "datetime": {"datetime": "2021-09-18 15:30:55", "elapsed": 158.662289, "delta": 1.371594}}
{"target": 0.913103471406659, "params": {"C": 439.67643850981216, "epsilon": 0.3039609160897873, "gamma": 0.0648874722438589}, "datetime": {"datetime": "2021-09-18 15:30:57", "elapsed": 159.94804, "delta": 1.285751}}
{"target": 0.9072892071673245, "params": {"C": 362.3702363740504, "epsilon": 0.8184331360136308, "gamma": 0.020001255506715665}, "datetime": {"datetime": "2021-09-18 15:30:58", "elapsed": 161.373432, "delta": 1.425392}}
{"target": 0.8601413158551248, "params": {"C": 451.3051785006261, "epsilon": 0.27504140221011447, "gamma": 0.12913836184345667}, "datetime": {"datetime": "2021-09-18 15:30:59", "elapsed": 162.429352, "delta": 1.05592}}
{"target": 0.9193839798683701, "params": {"C": 362.26943820078844, "epsilon": 0.8978098482409832, "gamma": 0.04306937894702203}, "datetime": {"datetime": "2021-09-18 15:31:01", "elapsed": 164.071114, "delta": 1.641762}}
{"target": 0.9228168674635384, "params": {"C": 467.81356851926864, "epsilon": 0.5420392395753431, "gamma": 0.03585995085177519}, "datetime": {"datetime": "2021-09-18 15:31:02", "elapsed": 165.503062, "delta": 1.431948}}
{"target": 0.9094153199435341, "params": {"C": 439.6531223997462, "epsilon": 0.05238384483112038, "gamma": 0.021374709463073998}, "datetime": {"datetime": "2021-09-18 15:31:04", "elapsed": 166.887074, "delta": 1.384012}}
{"target": 0.891215206323337, "params": {"C": 335.26240447310187, "epsilon": 0.2615410364037852, "gamma": 0.09791187894897674}, "datetime": {"datetime": "2021-09-18 15:31:05", "elapsed": 168.518101, "delta": 1.631027}}
{"target": 0.9154048076629357, "params": {"C": 497.87580345490665, "epsilon": 0.9354313473512849, "gamma": 0.02717759673278336}, "datetime": {"datetime": "2021-09-18 15:31:06", "elapsed": 169.419067, "delta": 0.900966}}
{"target": 0.8908739900327635, "params": {"C": 340.8091926062339, "epsilon": 0.8523977126303547, "gamma": 0.08901650286203006}, "datetime": {"datetime": "2021-09-18 15:31:07", "elapsed": 170.619065, "delta": 1.199998}}
{"target": 0.9200587984423729, "params": {"C": 496.0142163396529, "epsilon": 0.4632022844217179, "gamma": 0.029204359960959284}, "datetime": {"datetime": "2021-09-18 15:31:09", "elapsed": 172.285101, "delta": 1.666036}}
{"target": 0.9124094933556679, "params": {"C": 379.83457065206323, "epsilon": 0.19841519904268723, "gamma": 0.024130182477468155}, "datetime": {"datetime": "2021-09-18 15:31:10", "elapsed": 173.323848, "delta": 1.038747}}
{"target": 0.9222429496154636, "params": {"C": 416.6927819941581, "epsilon": 0.4771235269498173, "gamma": 0.03634020506695901}, "datetime": {"datetime": "2021-09-18 15:31:12", "elapsed": 174.906611, "delta": 1.582763}}
{"target": 0.9206744788940717, "params": {"C": 467.9279866203127, "epsilon": 0.5937066651283042, "gamma": 0.05126808325482074}, "datetime": {"datetime": "2021-09-18 15:31:13", "elapsed": 176.317752, "delta": 1.411141}}
{"target": 0.8890743598555985, "params": {"C": 467.8569712450394, "epsilon": 0.5815842783108551, "gamma": 0.08547207553820946}, "datetime": {"datetime": "2021-09-18 15:31:14", "elapsed": 177.495756, "delta": 1.178004}}
{"target": 0.9084443760526667, "params": {"C": 480.78894528350594, "epsilon": 0.10618006016473724, "gamma": 0.02}, "datetime": {"datetime": "2021-09-18 15:31:16", "elapsed": 178.937697, "delta": 1.441941}}
{"target": 0.9192295351976585, "params": {"C": 365.6018766061738, "epsilon": 0.4858042204528923, "gamma": 0.03218867188482177}, "datetime": {"datetime": "2021-09-18 15:31:17", "elapsed": 180.737596, "delta": 1.799899}}
{"target": 0.9216084868459872, "params": {"C": 382.64629707332904, "epsilon": 0.3298921803433374, "gamma": 0.0394526500998222}, "datetime": {"datetime": "2021-09-18 15:31:18", "elapsed": 181.693501, "delta": 0.955905}}
{"target": 0.88945380072643, "params": {"C": 382.62111509174133, "epsilon": 0.2910630929359345, "gamma": 0.09513821879240303}, "datetime": {"datetime": "2021-09-18 15:31:20", "elapsed": 182.942132, "delta": 1.248631}}
{"target": 0.9156686052977484, "params": {"C": 467.9166998904939, "epsilon": 0.39568590306750195, "gamma": 0.025300863371743615}, "datetime": {"datetime": "2021-09-18 15:31:21", "elapsed": 184.380203, "delta": 1.438071}}
{"target": 0.9170721665252372, "params": {"C": 426.58031802429383, "epsilon": 0.8388017102917598, "gamma": 0.05742094154268634}, "datetime": {"datetime": "2021-09-18 15:31:22", "elapsed": 185.334827, "delta": 0.954624}}
{"target": 0.8682151322531912, "params": {"C": 413.85409036783625, "epsilon": 0.4681174268073468, "gamma": 0.11334795569582042}, "datetime": {"datetime": "2021-09-18 15:31:23", "elapsed": 186.315467, "delta": 0.98064}}
{"target": 0.9060238529274952, "params": {"C": 468.024195902487, "epsilon": 0.5360547074558978, "gamma": 0.07234135626764351}, "datetime": {"datetime": "2021-09-18 15:31:24", "elapsed": 187.6641, "delta": 1.348633}}
{"target": 0.9023197654516165, "params": {"C": 310.25648095992625, "epsilon": 0.31030305627037463, "gamma": 0.02}, "datetime": {"datetime": "2021-09-18 15:31:26", "elapsed": 189.289202, "delta": 1.625102}}
{"target": 0.9189047658790475, "params": {"C": 368.33923553548425, "epsilon": 0.5175640705382287, "gamma": 0.0317965212931432}, "datetime": {"datetime": "2021-09-18 15:31:27", "elapsed": 190.563714, "delta": 1.274512}}
{"target": 0.9215982188455945, "params": {"C": 495.103719144429, "epsilon": 0.29232542002599626, "gamma": 0.03234480012062374}, "datetime": {"datetime": "2021-09-18 15:31:28", "elapsed": 191.61176, "delta": 1.048046}}
{"target": 0.9103582006294941, "params": {"C": 406.37403417875726, "epsilon": 0.3486729473118495, "gamma": 0.02063496386197814}, "datetime": {"datetime": "2021-09-18 15:31:29", "elapsed": 192.554718, "delta": 0.942958}}
{"target": 0.8696447366919354, "params": {"C": 376.62113232711505, "epsilon": 0.7510869609537928, "gamma": 0.11157917197705984}, "datetime": {"datetime": "2021-09-18 15:31:30", "elapsed": 193.473715, "delta": 0.918997}}
