{"target": -14.216370307893547, "params": {"C": 42.28517846555483, "epsilon": 0.7206041689487159, "gamma": 0.0011142604425275417}, "datetime": {"datetime": "2021-09-27 15:30:20", "elapsed": 0.0, "delta": 0.0}}
{"target": -11.083888931138382, "params": {"C": 30.930924690552136, "epsilon": 0.14760913492629593, "gamma": 0.093246256174029}, "datetime": {"datetime": "2021-09-27 15:30:21", "elapsed": 0.053991, "delta": 0.053991}}
{"target": -15.775768867297932, "params": {"C": 19.439760926389418, "epsilon": 0.3462151663160047, "gamma": 0.39737070675643926}, "datetime": {"datetime": "2021-09-27 15:30:21", "elapsed": 0.102027, "delta": 0.048036}}
{"target": -19.198263084624436, "params": {"C": 54.34285666633234, "epsilon": 0.4197753198888915, "gamma": 0.6855342808963627}, "datetime": {"datetime": "2021-09-27 15:30:21", "elapsed": 0.158994, "delta": 0.056967}}
{"target": -10.724143755478298, "params": {"C": 21.240772723420225, "epsilon": 0.8782393189545544, "gamma": 0.02836020560472824}, "datetime": {"datetime": "2021-09-27 15:30:21", "elapsed": 0.186995, "delta": 0.028001}}
{"target": -18.069111161668978, "params": {"C": 67.37628350766182, "epsilon": 0.41788749756475985, "gamma": 0.5591311386173059}, "datetime": {"datetime": "2021-09-27 15:30:21", "elapsed": 0.225998, "delta": 0.039003}}
{"target": -20.202712851941158, "params": {"C": 14.898306920928142, "epsilon": 0.1989033875957939, "gamma": 0.8009438241068612}, "datetime": {"datetime": "2021-09-27 15:30:21", "elapsed": 0.268999, "delta": 0.043001}}
{"target": -19.292449647094887, "params": {"C": 96.85789599622035, "epsilon": 0.3141107539810836, "gamma": 0.6926302930536448}, "datetime": {"datetime": "2021-09-27 15:30:21", "elapsed": 0.313991, "delta": 0.044992}}
{"target": -11.563291917348142, "params": {"C": 87.7625260773078, "epsilon": 0.8947120568403435, "gamma": 0.08595916715840814}, "datetime": {"datetime": "2021-09-27 15:30:21", "elapsed": 0.358994, "delta": 0.045003}}
{"target": -22.43508709293991, "params": {"C": 4.866423540055354, "epsilon": 0.17066058914500434, "gamma": 0.8782643609259837}, "datetime": {"datetime": "2021-09-27 15:30:21", "elapsed": 0.409987, "delta": 0.050993}}
{"target": -15.038943832908855, "params": {"C": 22.33453957788475, "epsilon": 0.6549512900185755, "gamma": 0.31182870574225374}, "datetime": {"datetime": "2021-09-27 15:30:21", "elapsed": 0.67899, "delta": 0.269003}}
{"target": -10.92171530421016, "params": {"C": 31.788404910513115, "epsilon": 0.6801791074896157, "gamma": 0.01557919792336634}, "datetime": {"datetime": "2021-09-27 15:30:21", "elapsed": 0.931445, "delta": 0.252455}}
{"target": -21.24139366336575, "params": {"C": 32.27034983052707, "epsilon": 0.001, "gamma": 1.0}, "datetime": {"datetime": "2021-09-27 15:30:22", "elapsed": 1.25905, "delta": 0.327605}}
{"target": -11.041208374094884, "params": {"C": 31.14740906754964, "epsilon": 0.8642501754728968, "gamma": 0.08006922007048267}, "datetime": {"datetime": "2021-09-27 15:30:22", "elapsed": 1.460848, "delta": 0.201798}}
{"target": -21.490092153234432, "params": {"C": 20.924655234360422, "epsilon": 0.9053714067152187, "gamma": 0.9261314630244842}, "datetime": {"datetime": "2021-09-27 15:30:22", "elapsed": 1.72789, "delta": 0.267042}}
{"target": -10.645507197576169, "params": {"C": 31.40240068817382, "epsilon": 0.34565906308455846, "gamma": 0.020197009702998984}, "datetime": {"datetime": "2021-09-27 15:30:22", "elapsed": 1.92989, "delta": 0.202}}
{"target": -20.16842267955564, "params": {"C": 30.608085323025186, "epsilon": 0.5786057319466112, "gamma": 0.8144069967263926}, "datetime": {"datetime": "2021-09-27 15:30:23", "elapsed": 2.243972, "delta": 0.314082}}
{"target": -10.692827108139698, "params": {"C": 87.75355931520659, "epsilon": 0.8388979729726579, "gamma": 0.046802200857530576}, "datetime": {"datetime": "2021-09-27 15:30:23", "elapsed": 2.401972, "delta": 0.158}}
{"target": -13.655511722924663, "params": {"C": 87.66071590873739, "epsilon": 0.2609456094311636, "gamma": 0.001}, "datetime": {"datetime": "2021-09-27 15:30:23", "elapsed": 2.634974, "delta": 0.233002}}
{"target": -13.689984521623899, "params": {"C": 87.21940209812242, "epsilon": 0.7789907809796964, "gamma": 0.001}, "datetime": {"datetime": "2021-09-27 15:30:23", "elapsed": 2.933175, "delta": 0.298201}}
{"target": -16.326392359219035, "params": {"C": 68.0340411004982, "epsilon": 0.5483631316610356, "gamma": 0.3838259579715661}, "datetime": {"datetime": "2021-09-27 15:30:24", "elapsed": 3.034803, "delta": 0.101628}}
{"target": -14.865416171554008, "params": {"C": 14.934853999305448, "epsilon": 0.14024017734137936, "gamma": 0.3175154795393631}, "datetime": {"datetime": "2021-09-27 15:30:24", "elapsed": 3.145808, "delta": 0.111005}}
{"target": -10.747170709581814, "params": {"C": 28.12604630072965, "epsilon": 0.7645840554218787, "gamma": 0.06780367511465471}, "datetime": {"datetime": "2021-09-27 15:30:24", "elapsed": 3.371804, "delta": 0.225996}}
{"target": -10.96776210378371, "params": {"C": 27.64655009243306, "epsilon": 0.9999948363498539, "gamma": 0.06646424258689465}, "datetime": {"datetime": "2021-09-27 15:30:24", "elapsed": 3.635838, "delta": 0.264034}}
{"target": -11.853382561899863, "params": {"C": 60.221999821081056, "epsilon": 0.11358935525219095, "gamma": 0.11766073217474336}, "datetime": {"datetime": "2021-09-27 15:30:24", "elapsed": 3.774849, "delta": 0.139011}}
{"target": -18.968781823673194, "params": {"C": 61.74884141107047, "epsilon": 0.5578345037455184, "gamma": 0.653953313381478}, "datetime": {"datetime": "2021-09-27 15:30:24", "elapsed": 3.974852, "delta": 0.200003}}
{"target": -11.215480005235486, "params": {"C": 27.56336128630642, "epsilon": 0.4217022342356181, "gamma": 0.09317971998346457}, "datetime": {"datetime": "2021-09-27 15:30:25", "elapsed": 4.334008, "delta": 0.359156}}
{"target": -18.733932608426056, "params": {"C": 27.835604222478725, "epsilon": 0.728997804561548, "gamma": 0.6162029082025945}, "datetime": {"datetime": "2021-09-27 15:30:25", "elapsed": 4.601123, "delta": 0.267115}}
{"target": -14.845505278604298, "params": {"C": 27.136378447672968, "epsilon": 0.7588440672086518, "gamma": 0.001}, "datetime": {"datetime": "2021-09-27 15:30:25", "elapsed": 4.832285, "delta": 0.231162}}
{"target": -17.107658157205595, "params": {"C": 31.594898696996708, "epsilon": 0.8784354174660433, "gamma": 0.4399186362880902}, "datetime": {"datetime": "2021-09-27 15:30:26", "elapsed": 5.133288, "delta": 0.301003}}
{"target": -13.715675446150701, "params": {"C": 88.12884664037728, "epsilon": 0.6260095044398977, "gamma": 0.001}, "datetime": {"datetime": "2021-09-27 15:30:26", "elapsed": 5.521295, "delta": 0.388007}}
{"target": -19.12944992353005, "params": {"C": 23.7741430028068, "epsilon": 0.06572203071649878, "gamma": 0.7041418017704707}, "datetime": {"datetime": "2021-09-27 15:30:26", "elapsed": 5.656638, "delta": 0.135343}}
{"target": -14.611796825982607, "params": {"C": 28.014746955827977, "epsilon": 0.32523800311371165, "gamma": 0.001}, "datetime": {"datetime": "2021-09-27 15:30:26", "elapsed": 5.978656, "delta": 0.322018}}
{"target": -11.379253353264597, "params": {"C": 31.110996808108723, "epsilon": 0.4428491727824683, "gamma": 0.1079867950471969}, "datetime": {"datetime": "2021-09-27 15:30:27", "elapsed": 6.389657, "delta": 0.411001}}
{"target": -15.509119867497736, "params": {"C": 84.08119367674604, "epsilon": 0.4190919682264855, "gamma": 0.29679332795660723}, "datetime": {"datetime": "2021-09-27 15:30:27", "elapsed": 6.593656, "delta": 0.203999}}
{"target": -10.618555490283983, "params": {"C": 21.499128953661977, "epsilon": 0.5460612264812155, "gamma": 0.04560100688500628}, "datetime": {"datetime": "2021-09-27 15:30:27", "elapsed": 7.00371, "delta": 0.410054}}
{"target": -10.692013686192475, "params": {"C": 21.094382691446555, "epsilon": 0.2986427536213552, "gamma": 0.06893244196569788}, "datetime": {"datetime": "2021-09-27 15:30:28", "elapsed": 7.416743, "delta": 0.413033}}
{"target": -13.169765366220917, "params": {"C": 5.256207731247922, "epsilon": 0.4154480921520809, "gamma": 0.006286281438056462}, "datetime": {"datetime": "2021-09-27 15:30:28", "elapsed": 7.599736, "delta": 0.182993}}
{"target": -11.498781391108514, "params": {"C": 21.68477792734565, "epsilon": 0.006848095657862407, "gamma": 0.006212250424991469}, "datetime": {"datetime": "2021-09-27 15:30:28", "elapsed": 7.87774, "delta": 0.278004}}
{"target": -14.65318369432783, "params": {"C": 28.688103457685333, "epsilon": 0.9797309108197553, "gamma": 0.0011563726340951092}, "datetime": {"datetime": "2021-09-27 15:30:29", "elapsed": 8.255742, "delta": 0.378002}}
{"target": -15.830361102479534, "params": {"C": 21.415436719582946, "epsilon": 0.11020160023323268, "gamma": 0.42054493694030376}, "datetime": {"datetime": "2021-09-27 15:30:29", "elapsed": 8.608739, "delta": 0.352997}}
{"target": -15.835260948987537, "params": {"C": 11.216925533072661, "epsilon": 0.05809171903722195, "gamma": 0.37027643213282074}, "datetime": {"datetime": "2021-09-27 15:30:29", "elapsed": 8.786742, "delta": 0.178003}}
{"target": -11.1147398073581, "params": {"C": 20.72072692175557, "epsilon": 0.660092267499215, "gamma": 0.08142055731508288}, "datetime": {"datetime": "2021-09-27 15:30:30", "elapsed": 9.143747, "delta": 0.357005}}
{"target": -10.707130439829415, "params": {"C": 21.232754323114612, "epsilon": 0.8576596150614407, "gamma": 0.028951199523584104}, "datetime": {"datetime": "2021-09-27 15:30:30", "elapsed": 9.323745, "delta": 0.179998}}
{"target": -11.12010962813708, "params": {"C": 20.57873884155002, "epsilon": 0.12231924331327576, "gamma": 0.08891139350455007}, "datetime": {"datetime": "2021-09-27 15:30:30", "elapsed": 9.648739, "delta": 0.324994}}
{"target": -13.90548773021017, "params": {"C": 59.593492034585196, "epsilon": 0.001, "gamma": 0.001}, "datetime": {"datetime": "2021-09-27 15:30:31", "elapsed": 10.083739, "delta": 0.435}}
{"target": -10.4894023339313, "params": {"C": 32.03573088162191, "epsilon": 0.14557567479011282, "gamma": 0.026229119300977457}, "datetime": {"datetime": "2021-09-27 15:30:31", "elapsed": 10.48174, "delta": 0.398001}}
{"target": -10.543341512778975, "params": {"C": 32.4426380134252, "epsilon": 0.6489041685244181, "gamma": 0.05089730898128919}, "datetime": {"datetime": "2021-09-27 15:30:31", "elapsed": 10.741748, "delta": 0.260008}}
{"target": -10.622252650327072, "params": {"C": 33.01148133952262, "epsilon": 0.41861920754618503, "gamma": 0.038774031285554116}, "datetime": {"datetime": "2021-09-27 15:30:32", "elapsed": 11.069342, "delta": 0.327594}}
{"target": -12.921053284438075, "params": {"C": 33.32690231009734, "epsilon": 0.9689964242960413, "gamma": 0.1518145820741851}, "datetime": {"datetime": "2021-09-27 15:30:32", "elapsed": 11.438341, "delta": 0.368999}}
{"target": -20.522067703275813, "params": {"C": 75.71558088968531, "epsilon": 0.2371401527071588, "gamma": 0.8753153152752179}, "datetime": {"datetime": "2021-09-27 15:30:32", "elapsed": 11.623345, "delta": 0.185004}}
{"target": -14.646863545661146, "params": {"C": 32.623725989927635, "epsilon": 0.02888955988129194, "gamma": 0.001}, "datetime": {"datetime": "2021-09-27 15:30:32", "elapsed": 11.96734, "delta": 0.343995}}
{"target": -20.954274534758273, "params": {"C": 81.2761023225424, "epsilon": 0.7474988198213383, "gamma": 0.8896394683489618}, "datetime": {"datetime": "2021-09-27 15:30:33", "elapsed": 12.188343, "delta": 0.221003}}
{"target": -10.57072032454039, "params": {"C": 28.11771912279231, "epsilon": 0.7615541087637001, "gamma": 0.0451036781627292}, "datetime": {"datetime": "2021-09-27 15:30:33", "elapsed": 12.374349, "delta": 0.186006}}
{"target": -14.416471525788474, "params": {"C": 33.66930244573784, "epsilon": 0.2343603574253996, "gamma": 0.001}, "datetime": {"datetime": "2021-09-27 15:30:33", "elapsed": 12.783341, "delta": 0.408992}}
{"target": -14.06147280284741, "params": {"C": 60.16622466111374, "epsilon": 0.8556556793979987, "gamma": 0.001}, "datetime": {"datetime": "2021-09-27 15:30:34", "elapsed": 13.224138, "delta": 0.440797}}
{"target": -21.10645564371966, "params": {"C": 60.06981620854068, "epsilon": 0.30396288841830754, "gamma": 0.9548931855996533}, "datetime": {"datetime": "2021-09-27 15:30:34", "elapsed": 13.614186, "delta": 0.390048}}
{"target": -14.829056080650172, "params": {"C": 30.593726970433035, "epsilon": 1.0, "gamma": 0.001}, "datetime": {"datetime": "2021-09-27 15:30:34", "elapsed": 13.898849, "delta": 0.284663}}
{"target": -17.64263350676598, "params": {"C": 32.91102764577526, "epsilon": 0.7621875702588202, "gamma": 0.49906683519806627}, "datetime": {"datetime": "2021-09-27 15:30:35", "elapsed": 14.272177, "delta": 0.373328}}
{"target": -17.461484834212083, "params": {"C": 5.965270835634344, "epsilon": 0.8607534667341206, "gamma": 0.001}, "datetime": {"datetime": "2021-09-27 15:30:35", "elapsed": 14.653824, "delta": 0.381647}}
{"target": -11.509805186657552, "params": {"C": 31.49436719813615, "epsilon": 0.010949155235617025, "gamma": 0.11401763202848637}, "datetime": {"datetime": "2021-09-27 15:30:35", "elapsed": 14.980519, "delta": 0.326695}}
{"target": -10.994411667974036, "params": {"C": 60.950348521452824, "epsilon": 0.031047224960552983, "gamma": 0.010305918099153141}, "datetime": {"datetime": "2021-09-27 15:30:36", "elapsed": 15.369518, "delta": 0.388999}}
{"target": -10.56143951272723, "params": {"C": 60.8689442256239, "epsilon": 0.5533228297286333, "gamma": 0.03969332582566007}, "datetime": {"datetime": "2021-09-27 15:30:36", "elapsed": 15.75701, "delta": 0.387492}}
{"target": -21.994979227766954, "params": {"C": 11.755314481218766, "epsilon": 0.8155972403641031, "gamma": 0.9746549640850836}, "datetime": {"datetime": "2021-09-27 15:30:36", "elapsed": 15.97601, "delta": 0.219}}
{"target": -16.45337671239766, "params": {"C": 87.30295318096893, "epsilon": 0.1794165767810376, "gamma": 0.41936741569337754}, "datetime": {"datetime": "2021-09-27 15:30:37", "elapsed": 16.191595, "delta": 0.215585}}
{"target": -10.760523895814718, "params": {"C": 43.63590321466212, "epsilon": 0.5181587638985533, "gamma": 0.07350124998930671}, "datetime": {"datetime": "2021-09-27 15:30:37", "elapsed": 16.463408, "delta": 0.271813}}
{"target": -18.946084540762314, "params": {"C": 43.445560441854596, "epsilon": 0.32047670605859163, "gamma": 0.6723011234003486}, "datetime": {"datetime": "2021-09-27 15:30:37", "elapsed": 16.803258, "delta": 0.33985}}
{"target": -14.339269366971303, "params": {"C": 44.01946081610256, "epsilon": 0.935998676101449, "gamma": 0.001}, "datetime": {"datetime": "2021-09-27 15:30:38", "elapsed": 17.270187, "delta": 0.466929}}
{"target": -11.032891639577267, "params": {"C": 43.18907481918564, "epsilon": 0.9508855592515787, "gamma": 0.016170698961777575}, "datetime": {"datetime": "2021-09-27 15:30:38", "elapsed": 17.614718, "delta": 0.344531}}
{"target": -10.560413774727143, "params": {"C": 44.069076461830335, "epsilon": 0.14625705040352027, "gamma": 0.026604417432819435}, "datetime": {"datetime": "2021-09-27 15:30:38", "elapsed": 17.985424, "delta": 0.370706}}
{"target": -14.052067326091144, "params": {"C": 44.71763115940701, "epsilon": 0.001, "gamma": 0.001}, "datetime": {"datetime": "2021-09-27 15:30:39", "elapsed": 18.324992, "delta": 0.339568}}
{"target": -13.252613161784952, "params": {"C": 9.5385658654077, "epsilon": 0.5476586781004074, "gamma": 0.14588646836538197}, "datetime": {"datetime": "2021-09-27 15:30:39", "elapsed": 18.557947, "delta": 0.232955}}
{"target": -16.197840354293586, "params": {"C": 8.7500408348759, "epsilon": 0.001, "gamma": 0.001}, "datetime": {"datetime": "2021-09-27 15:30:40", "elapsed": 19.0353, "delta": 0.477353}}
{"target": -10.889229060394305, "params": {"C": 43.099366556960156, "epsilon": 0.3258930588451174, "gamma": 0.01165036900510704}, "datetime": {"datetime": "2021-09-27 15:30:40", "elapsed": 19.510065, "delta": 0.474765}}
{"target": -22.488430282485343, "params": {"C": 9.474432835404194, "epsilon": 0.9479778375488659, "gamma": 0.9795235003858527}, "datetime": {"datetime": "2021-09-27 15:30:40", "elapsed": 19.901061, "delta": 0.390996}}
{"target": -11.978497240352189, "params": {"C": 43.671981178306034, "epsilon": 0.05763470005429746, "gamma": 0.003309046861392757}, "datetime": {"datetime": "2021-09-27 15:30:41", "elapsed": 20.323105, "delta": 0.422044}}
{"target": -20.632082691571373, "params": {"C": 49.217498878309165, "epsilon": 0.9472328187660084, "gamma": 0.8195608797507447}, "datetime": {"datetime": "2021-09-27 15:30:41", "elapsed": 20.924194, "delta": 0.601089}}
{"target": -11.468527043252422, "params": {"C": 16.09692684686952, "epsilon": 0.05204137965573852, "gamma": 0.007876368526019785}, "datetime": {"datetime": "2021-09-27 15:30:42", "elapsed": 21.531083, "delta": 0.606889}}
{"target": -12.633657213433802, "params": {"C": 21.214996581752658, "epsilon": 0.8501337724438255, "gamma": 0.00340867380524018}, "datetime": {"datetime": "2021-09-27 15:30:42", "elapsed": 21.804878, "delta": 0.273795}}
{"target": -13.52933988417632, "params": {"C": 21.308674415614156, "epsilon": 0.7492118696950286, "gamma": 0.2054966704159083}, "datetime": {"datetime": "2021-09-27 15:30:43", "elapsed": 22.257637, "delta": 0.452759}}
{"target": -18.448503869776488, "params": {"C": 46.37544711239421, "epsilon": 0.9693123067206102, "gamma": 0.5694750215839498}, "datetime": {"datetime": "2021-09-27 15:30:43", "elapsed": 22.498842, "delta": 0.241205}}
{"target": -10.60293330865715, "params": {"C": 43.85927189467108, "epsilon": 0.2649265902039192, "gamma": 0.03779967518129916}, "datetime": {"datetime": "2021-09-27 15:30:44", "elapsed": 23.083347, "delta": 0.584505}}
{"target": -11.609591543248694, "params": {"C": 14.312293915013026, "epsilon": 0.9386989549771287, "gamma": 0.010461760961316027}, "datetime": {"datetime": "2021-09-27 15:30:44", "elapsed": 23.316055, "delta": 0.232708}}
{"target": -10.862582898023076, "params": {"C": 20.741386048623898, "epsilon": 0.38018559168960897, "gamma": 0.07700939757726814}, "datetime": {"datetime": "2021-09-27 15:30:44", "elapsed": 23.724813, "delta": 0.408758}}
{"target": -17.35207653772443, "params": {"C": 18.500601505244322, "epsilon": 0.21000415286538596, "gamma": 0.531069827316335}, "datetime": {"datetime": "2021-09-27 15:30:44", "elapsed": 23.985031, "delta": 0.260218}}
{"target": -17.923777209216734, "params": {"C": 82.71588353814604, "epsilon": 0.12077199411176504, "gamma": 0.5587505474807256}, "datetime": {"datetime": "2021-09-27 15:30:45", "elapsed": 24.263209, "delta": 0.278178}}
{"target": -11.126168106766025, "params": {"C": 43.61886734299378, "epsilon": 0.4798863730950411, "gamma": 0.09169672542952997}, "datetime": {"datetime": "2021-09-27 15:30:45", "elapsed": 24.528427, "delta": 0.265218}}
{"target": -10.96059391417084, "params": {"C": 31.802492884784286, "epsilon": 0.23471735484748504, "gamma": 0.08497157055872367}, "datetime": {"datetime": "2021-09-27 15:30:45", "elapsed": 24.969439, "delta": 0.441012}}
{"target": -10.551962962488055, "params": {"C": 31.98647984838259, "epsilon": 0.4401525103087498, "gamma": 0.05200085556997469}, "datetime": {"datetime": "2021-09-27 15:30:46", "elapsed": 25.897313, "delta": 0.927874}}
{"target": -18.10853992257461, "params": {"C": 83.27844492047777, "epsilon": 0.8404897292802676, "gamma": 0.5379514785927527}, "datetime": {"datetime": "2021-09-27 15:30:47", "elapsed": 26.182912, "delta": 0.285599}}
{"target": -10.847541982129153, "params": {"C": 27.90259943232734, "epsilon": 0.8336477504212504, "gamma": 0.02108254562631526}, "datetime": {"datetime": "2021-09-27 15:30:48", "elapsed": 27.108277, "delta": 0.925365}}
{"target": -19.990302399010563, "params": {"C": 79.46958282625279, "epsilon": 0.14176222388611812, "gamma": 0.7924693391386511}, "datetime": {"datetime": "2021-09-27 15:30:48", "elapsed": 27.383247, "delta": 0.27497}}
{"target": -10.549017711743488, "params": {"C": 60.82569724149638, "epsilon": 0.28910283388291436, "gamma": 0.03505889672860762}, "datetime": {"datetime": "2021-09-27 15:30:48", "elapsed": 27.928177, "delta": 0.54493}}
{"target": -12.31770238784094, "params": {"C": 39.61106249118704, "epsilon": 0.03625504213733892, "gamma": 0.15569547602160685}, "datetime": {"datetime": "2021-09-27 15:30:49", "elapsed": 28.237189, "delta": 0.309012}}
{"target": -12.106798171318934, "params": {"C": 3.516496369731814, "epsilon": 0.03707694882040773, "gamma": 0.030795106943932452}, "datetime": {"datetime": "2021-09-27 15:30:49", "elapsed": 28.528273, "delta": 0.291084}}
{"target": -11.202992616062135, "params": {"C": 32.16059112866445, "epsilon": 0.6560767260414582, "gamma": 0.09155105485981396}, "datetime": {"datetime": "2021-09-27 15:30:50", "elapsed": 29.057868, "delta": 0.529595}}
{"target": -13.990852759136793, "params": {"C": 61.074372971565104, "epsilon": 0.34269778547997803, "gamma": 0.001}, "datetime": {"datetime": "2021-09-27 15:30:50", "elapsed": 29.51898, "delta": 0.461112}}
{"target": -10.714452939439772, "params": {"C": 32.32170441326155, "epsilon": 0.4490317745840473, "gamma": 0.018140943041836798}, "datetime": {"datetime": "2021-09-27 15:30:51", "elapsed": 30.040975, "delta": 0.521995}}
{"target": -10.802505143295962, "params": {"C": 43.32880570963871, "epsilon": 0.6742857947271594, "gamma": 0.01640831185372156}, "datetime": {"datetime": "2021-09-27 15:30:51", "elapsed": 30.709587, "delta": 0.668612}}
{"target": -14.365960068170985, "params": {"C": 43.038195569438294, "epsilon": 0.6425065112761699, "gamma": 0.001}, "datetime": {"datetime": "2021-09-27 15:30:52", "elapsed": 31.470941, "delta": 0.761354}}
{"target": -10.73906622921467, "params": {"C": 31.38638289056841, "epsilon": 0.6836990938523898, "gamma": 0.027439062969764297}, "datetime": {"datetime": "2021-09-27 15:30:53", "elapsed": 32.342946, "delta": 0.872005}}
{"target": -12.49970072564623, "params": {"C": 31.25690421180621, "epsilon": 0.1845852758651997, "gamma": 0.17163175102313888}, "datetime": {"datetime": "2021-09-27 15:30:53", "elapsed": 32.996878, "delta": 0.653932}}
