{"target": -9.48458721844152, "params": {"C": 20.909398034658444, "epsilon": 21.6100144787713, "gamma": 0.0004431130145529254}, "datetime": {"datetime": "2021-09-18 08:43:32", "elapsed": 0.0, "delta": 0.0}}
{"target": -3.6078846415133077, "params": {"C": 15.186395374328804, "epsilon": 4.403529968622574, "gamma": 0.2771065504469165}, "datetime": {"datetime": "2021-09-18 08:43:32", "elapsed": 0.012549, "delta": 0.012549}}
{"target": -7.385747647572915, "params": {"C": 9.394384547745778, "epsilon": 10.367476250564389, "gamma": 1.1903627459445867}, "datetime": {"datetime": "2021-09-18 08:43:32", "elapsed": 0.022324, "delta": 0.009775}}
{"target": -8.382090702807949, "params": {"C": 26.98695502676751, "epsilon": 12.57641623758444, "gamma": 2.0556899792402388}, "datetime": {"datetime": "2021-09-18 08:43:32", "elapsed": 0.033669, "delta": 0.011345}}
{"target": -9.319078947368421, "params": {"C": 10.302167261602719, "epsilon": 26.343644974291973, "gamma": 0.08226004083445869}, "datetime": {"datetime": "2021-09-18 08:43:32", "elapsed": 0.036667, "delta": 0.002998}}
{"target": -8.317465656648533, "params": {"C": 33.55632875790227, "epsilon": 12.519726766211441, "gamma": 1.6761136163544104}, "datetime": {"datetime": "2021-09-18 08:43:32", "elapsed": 0.047795, "delta": 0.011128}}
{"target": -6.755189046786391, "params": {"C": 7.105308235902164, "epsilon": 5.9438465710572785, "gamma": 2.4022536315697427}, "datetime": {"datetime": "2021-09-18 08:43:32", "elapsed": 0.06442, "delta": 0.016625}}
{"target": -7.491995807542181, "params": {"C": 48.416252628397935, "epsilon": 9.403411920599124, "gamma": 2.0769986147463753}, "datetime": {"datetime": "2021-09-18 08:43:32", "elapsed": 0.083078, "delta": 0.018658}}
{"target": -9.319078947368421, "params": {"C": 43.83181869957231, "epsilon": 26.838305298451917, "gamma": 0.25522412968819674}, "datetime": {"datetime": "2021-09-18 08:43:32", "elapsed": 0.083078, "delta": 0.0}}
{"target": -7.086817639942611, "params": {"C": 2.04883368332083, "epsilon": 5.095742756517502, "gamma": 2.6344396960378966}, "datetime": {"datetime": "2021-09-18 08:43:32", "elapsed": 0.104136, "delta": 0.021058}}
{"target": -5.634216962381157, "params": {"C": 18.27245508312551, "epsilon": 0.001, "gamma": 0.0001}, "datetime": {"datetime": "2021-09-18 08:43:33", "elapsed": 0.549772, "delta": 0.445636}}
{"target": -6.822458227187673, "params": {"C": 17.37240938383014, "epsilon": 5.72130494364046, "gamma": 3.0}, "datetime": {"datetime": "2021-09-18 08:43:33", "elapsed": 0.903967, "delta": 0.354195}}
{"target": -6.033314068337258, "params": {"C": 13.23568304461334, "epsilon": 2.1500125703085553, "gamma": 0.0001}, "datetime": {"datetime": "2021-09-18 08:43:33", "elapsed": 1.275541, "delta": 0.371574}}
{"target": -5.771878403637469, "params": {"C": 16.821531044476828, "epsilon": 3.3087112896461757, "gamma": 0.0001}, "datetime": {"datetime": "2021-09-18 08:43:34", "elapsed": 1.864121, "delta": 0.58858}}
{"target": -6.169632497965885, "params": {"C": 14.028867641912372, "epsilon": 5.588595069115038, "gamma": 0.0001}, "datetime": {"datetime": "2021-09-18 08:43:35", "elapsed": 2.525586, "delta": 0.661465}}
{"target": -5.302366938646712, "params": {"C": 14.962200184256885, "epsilon": 3.7083625648835654, "gamma": 1.3015330202636262}, "datetime": {"datetime": "2021-09-18 08:43:35", "elapsed": 3.11373, "delta": 0.588144}}
{"target": -4.051411829911935, "params": {"C": 16.083463400741095, "epsilon": 5.168320343729112, "gamma": 0.3275640400996507}, "datetime": {"datetime": "2021-09-18 08:43:36", "elapsed": 3.514451, "delta": 0.400721}}
{"target": -6.325921131046425, "params": {"C": 17.102586095809507, "epsilon": 6.996143865152953, "gamma": 0.0001}, "datetime": {"datetime": "2021-09-18 08:43:36", "elapsed": 4.012445, "delta": 0.497994}}
{"target": -3.282520037995192, "params": {"C": 15.602829303515003, "epsilon": 0.27442805759369554, "gamma": 0.5567381600535002}, "datetime": {"datetime": "2021-09-18 08:43:37", "elapsed": 4.533788, "delta": 0.521343}}
{"target": -5.055692139734805, "params": {"C": 16.69319699288848, "epsilon": 0.0903010598243218, "gamma": 1.7918762569843314}, "datetime": {"datetime": "2021-09-18 08:43:37", "elapsed": 5.26616, "delta": 0.732372}}
{"target": -5.823456610157622, "params": {"C": 15.499273124257943, "epsilon": 1.36979919555671, "gamma": 0.0001}, "datetime": {"datetime": "2021-09-18 08:43:38", "elapsed": 5.944438, "delta": 0.678278}}
{"target": -2.308031478659494, "params": {"C": 14.551470708873275, "epsilon": 0.0779999045997788, "gamma": 0.06549381395991141}, "datetime": {"datetime": "2021-09-18 08:43:38", "elapsed": 6.313666, "delta": 0.369228}}
{"target": -4.219416966367115, "params": {"C": 14.372843107108718, "epsilon": 0.30265211009708964, "gamma": 0.9710228958719911}, "datetime": {"datetime": "2021-09-18 08:43:39", "elapsed": 6.817495, "delta": 0.503829}}
{"target": -4.903360014932922, "params": {"C": 10.239975050014102, "epsilon": 0.32675363733550944, "gamma": 1.367122851702471}, "datetime": {"datetime": "2021-09-18 08:43:39", "elapsed": 7.163248, "delta": 0.345753}}
{"target": -2.3644106069573834, "params": {"C": 13.0390259816166, "epsilon": 0.30169464955252046, "gamma": 0.03448876162107907}, "datetime": {"datetime": "2021-09-18 08:43:40", "elapsed": 7.420667, "delta": 0.257419}}
{"target": -5.494303337652873, "params": {"C": 12.281164190119464, "epsilon": 0.3866812067163596, "gamma": 2.2169928986222915}, "datetime": {"datetime": "2021-09-18 08:43:40", "elapsed": 7.837476, "delta": 0.416809}}
{"target": -6.436930634506528, "params": {"C": 7.691292460473471, "epsilon": 0.001, "gamma": 0.0001}, "datetime": {"datetime": "2021-09-18 08:43:40", "elapsed": 8.256242, "delta": 0.418766}}
{"target": -2.700124715740363, "params": {"C": 13.621764816157274, "epsilon": 0.012150901391891029, "gamma": 0.25025634522391105}, "datetime": {"datetime": "2021-09-18 08:43:41", "elapsed": 8.681786, "delta": 0.425544}}
{"target": -2.8831287435406083, "params": {"C": 11.592153163633725, "epsilon": 0.6045100667088116, "gamma": 0.3123181891011024}, "datetime": {"datetime": "2021-09-18 08:43:41", "elapsed": 9.115801, "delta": 0.434015}}
{"target": -2.3554698086054997, "params": {"C": 38.536201596580455, "epsilon": 0.001, "gamma": 0.21805648156993962}, "datetime": {"datetime": "2021-09-18 08:43:42", "elapsed": 9.598335, "delta": 0.482534}}
{"target": -3.1326262137953993, "params": {"C": 36.57834178749104, "epsilon": 0.001, "gamma": 0.6184594876687474}, "datetime": {"datetime": "2021-09-18 08:43:42", "elapsed": 10.209746, "delta": 0.611411}}
{"target": -5.256583561374763, "params": {"C": 38.528999751314984, "epsilon": 0.001, "gamma": 2.347560415135822}, "datetime": {"datetime": "2021-09-18 08:43:43", "elapsed": 10.744366, "delta": 0.53462}}
{"target": -4.994767091266141, "params": {"C": 37.88527454614399, "epsilon": 1.879811935667198, "gamma": 0.0001}, "datetime": {"datetime": "2021-09-18 08:43:43", "elapsed": 11.307297, "delta": 0.562931}}
{"target": -2.1851543378605154, "params": {"C": 40.93450646758663, "epsilon": 0.8641852311012047, "gamma": 0.12839937652997735}, "datetime": {"datetime": "2021-09-18 08:43:44", "elapsed": 11.806818, "delta": 0.499521}}
{"target": -4.841389647599235, "params": {"C": 42.76119391390918, "epsilon": 0.001, "gamma": 0.0001}, "datetime": {"datetime": "2021-09-18 08:43:44", "elapsed": 12.290082, "delta": 0.483264}}
{"target": -4.976085538283293, "params": {"C": 41.4202598178293, "epsilon": 2.8365249964754438, "gamma": 0.0001}, "datetime": {"datetime": "2021-09-18 08:43:45", "elapsed": 12.808548, "delta": 0.518466}}
{"target": -2.2793694514105933, "params": {"C": 40.214039033825806, "epsilon": 0.14743936509868247, "gamma": 0.1759301170331798}, "datetime": {"datetime": "2021-09-18 08:43:46", "elapsed": 13.44657, "delta": 0.638022}}
{"target": -5.037333693037302, "params": {"C": 33.771091703624215, "epsilon": 0.001, "gamma": 0.0001}, "datetime": {"datetime": "2021-09-18 08:43:46", "elapsed": 14.059042, "delta": 0.612472}}
{"target": -5.421310753597127, "params": {"C": 41.35782886663256, "epsilon": 0.7697334726399743, "gamma": 2.4538880386759874}, "datetime": {"datetime": "2021-09-18 08:43:47", "elapsed": 14.581183, "delta": 0.522141}}
{"target": -9.319078947368421, "params": {"C": 30.903595331589145, "epsilon": 30.0, "gamma": 3.0}, "datetime": {"datetime": "2021-09-18 08:43:47", "elapsed": 15.010452, "delta": 0.429269}}
{"target": -9.582945800736121, "params": {"C": 0.14605579553212766, "epsilon": 19.62116953371696, "gamma": 2.77276082701541}, "datetime": {"datetime": "2021-09-18 08:43:48", "elapsed": 15.564295, "delta": 0.553843}}
{"target": -5.609726475760119, "params": {"C": 27.87347794728261, "epsilon": 0.001, "gamma": 3.0}, "datetime": {"datetime": "2021-09-18 08:43:48", "elapsed": 16.103415, "delta": 0.53912}}
{"target": -9.319078947368421, "params": {"C": 0.1, "epsilon": 30.0, "gamma": 0.0001}, "datetime": {"datetime": "2021-09-18 08:43:49", "elapsed": 16.638421, "delta": 0.535006}}
{"target": -9.613737664967163, "params": {"C": 50.0, "epsilon": 19.040188754743443, "gamma": 3.0}, "datetime": {"datetime": "2021-09-18 08:43:49", "elapsed": 17.156911, "delta": 0.51849}}
{"target": -4.70264775384159, "params": {"C": 50.0, "epsilon": 0.001, "gamma": 0.0001}, "datetime": {"datetime": "2021-09-18 08:43:50", "elapsed": 17.67119, "delta": 0.514279}}
{"target": -6.0390550083240715, "params": {"C": 49.97495479946593, "epsilon": 2.3086242318095347, "gamma": 2.973516509416333}, "datetime": {"datetime": "2021-09-18 08:43:50", "elapsed": 18.321232, "delta": 0.650042}}
{"target": -6.344304226919066, "params": {"C": 32.38900906210272, "epsilon": 3.6458878813888234, "gamma": 2.9331685388280686}, "datetime": {"datetime": "2021-09-18 08:43:51", "elapsed": 18.851877, "delta": 0.530645}}
{"target": -9.560025617303483, "params": {"C": 34.82925157925653, "epsilon": 21.74967089856555, "gamma": 0.06427281998237831}, "datetime": {"datetime": "2021-09-18 08:43:52", "elapsed": 19.363706, "delta": 0.511829}}
{"target": -9.319078947368421, "params": {"C": 19.930165440939422, "epsilon": 30.0, "gamma": 0.0001}, "datetime": {"datetime": "2021-09-18 08:43:52", "elapsed": 19.921237, "delta": 0.557531}}
{"target": -5.424497824430789, "params": {"C": 25.546207783841623, "epsilon": 3.6157071324181516, "gamma": 0.0001}, "datetime": {"datetime": "2021-09-18 08:43:53", "elapsed": 20.468695, "delta": 0.547458}}
{"target": -9.422630056747385, "params": {"C": 12.72422789890755, "epsilon": 17.4799797300912, "gamma": 3.0}, "datetime": {"datetime": "2021-09-18 08:43:53", "elapsed": 21.00192, "delta": 0.533225}}
{"target": -8.42962768040648, "params": {"C": 41.812482457502156, "epsilon": 13.662939841528576, "gamma": 0.07919723835521783}, "datetime": {"datetime": "2021-09-18 08:43:54", "elapsed": 21.487339, "delta": 0.485419}}
{"target": -5.707146517067293, "params": {"C": 23.350317373644813, "epsilon": 1.0365129722117536, "gamma": 2.8233080260352685}, "datetime": {"datetime": "2021-09-18 08:43:54", "elapsed": 22.067731, "delta": 0.580392}}
{"target": -7.726547326647742, "params": {"C": 0.1, "epsilon": 11.422686244053091, "gamma": 0.0001}, "datetime": {"datetime": "2021-09-18 08:43:55", "elapsed": 22.600751, "delta": 0.53302}}
{"target": -2.6039198461288233, "params": {"C": 47.26425593965497, "epsilon": 2.6492266590706874, "gamma": 0.014963036641487444}, "datetime": {"datetime": "2021-09-18 08:43:55", "elapsed": 23.228279, "delta": 0.627528}}
{"target": -3.5540951860052146, "params": {"C": 46.51985574095627, "epsilon": 4.601570201036911, "gamma": 0.25235000609150754}, "datetime": {"datetime": "2021-09-18 08:43:56", "elapsed": 23.78354, "delta": 0.555261}}
{"target": -5.409772704902926, "params": {"C": 46.02110241973373, "epsilon": 2.441512267810076, "gamma": 1.9384825863902717}, "datetime": {"datetime": "2021-09-18 08:43:56", "elapsed": 24.326884, "delta": 0.543344}}
{"target": -4.210810058845239, "params": {"C": 49.571481341696966, "epsilon": 4.647803731448911, "gamma": 0.4900524013778294}, "datetime": {"datetime": "2021-09-18 08:43:57", "elapsed": 24.818767, "delta": 0.491883}}
{"target": -4.768207959661545, "params": {"C": 47.072686186774945, "epsilon": 0.033641790996546475, "gamma": 0.0001}, "datetime": {"datetime": "2021-09-18 08:43:57", "elapsed": 25.311418, "delta": 0.492651}}
{"target": -9.319078947368421, "params": {"C": 50.0, "epsilon": 30.0, "gamma": 3.0}, "datetime": {"datetime": "2021-09-18 08:43:58", "elapsed": 25.807217, "delta": 0.495799}}
{"target": -5.795831251243788, "params": {"C": 0.20654150963743723, "epsilon": 0.29345239067388273, "gamma": 0.01169124052485569}, "datetime": {"datetime": "2021-09-18 08:43:59", "elapsed": 26.392633, "delta": 0.585416}}
{"target": -6.970432833316343, "params": {"C": 24.16498268748265, "epsilon": 6.332184538626268, "gamma": 3.0}, "datetime": {"datetime": "2021-09-18 08:43:59", "elapsed": 26.974048, "delta": 0.581415}}
{"target": -2.719809833885684, "params": {"C": 49.234617117600564, "epsilon": 2.395905661336063, "gamma": 0.250958589296301}, "datetime": {"datetime": "2021-09-18 08:44:00", "elapsed": 27.530395, "delta": 0.556347}}
{"target": -8.377818694671316, "params": {"C": 19.371986883038048, "epsilon": 13.530630141680922, "gamma": 0.39558380224515044}, "datetime": {"datetime": "2021-09-18 08:44:00", "elapsed": 27.993192, "delta": 0.462797}}
{"target": -9.677994037442303, "params": {"C": 27.784749791684263, "epsilon": 21.026511544386643, "gamma": 3.0}, "datetime": {"datetime": "2021-09-18 08:44:01", "elapsed": 28.549635, "delta": 0.556443}}
{"target": -9.319078947368421, "params": {"C": 38.29579181763305, "epsilon": 30.0, "gamma": 3.0}, "datetime": {"datetime": "2021-09-18 08:44:01", "elapsed": 29.098235, "delta": 0.5486}}
{"target": -5.696310309313437, "params": {"C": 29.37757555160685, "epsilon": 5.812247585700571, "gamma": 0.0001}, "datetime": {"datetime": "2021-09-18 08:44:02", "elapsed": 29.587223, "delta": 0.488988}}
{"target": -4.548574269944768, "params": {"C": 43.440143559848515, "epsilon": 7.486417390451468, "gamma": 0.07983916486466557}, "datetime": {"datetime": "2021-09-18 08:44:02", "elapsed": 30.096836, "delta": 0.509613}}
{"target": -7.166608549745284, "params": {"C": 40.70635801929051, "epsilon": 7.6636983562329135, "gamma": 2.5944145897476063}, "datetime": {"datetime": "2021-09-18 08:44:03", "elapsed": 30.663064, "delta": 0.566228}}
{"target": -2.169107218895494, "params": {"C": 26.243101609870735, "epsilon": 0.043507349052688236, "gamma": 0.06003655230025067}, "datetime": {"datetime": "2021-09-18 08:44:03", "elapsed": 31.323678, "delta": 0.660614}}
{"target": -5.2203052553031055, "params": {"C": 28.471627406149373, "epsilon": 0.001, "gamma": 0.0001}, "datetime": {"datetime": "2021-09-18 08:44:04", "elapsed": 31.996545, "delta": 0.672867}}
{"target": -5.363266220995971, "params": {"C": 24.205783307764026, "epsilon": 0.001, "gamma": 0.0001}, "datetime": {"datetime": "2021-09-18 08:44:05", "elapsed": 32.503501, "delta": 0.506956}}
{"target": -3.381127492667902, "params": {"C": 26.560787501792223, "epsilon": 1.2457295048574797, "gamma": 0.6575456388758779}, "datetime": {"datetime": "2021-09-18 08:44:05", "elapsed": 33.047066, "delta": 0.543565}}
{"target": -8.552979150133488, "params": {"C": 6.099750216919349, "epsilon": 16.396501546026517, "gamma": 0.0001}, "datetime": {"datetime": "2021-09-18 08:44:06", "elapsed": 33.762495, "delta": 0.715429}}
{"target": -5.6101387801536475, "params": {"C": 34.67158533338831, "epsilon": 0.001, "gamma": 3.0}, "datetime": {"datetime": "2021-09-18 08:44:07", "elapsed": 34.55538, "delta": 0.792885}}
{"target": -9.689648718591863, "params": {"C": 41.755620092495874, "epsilon": 20.005671579448492, "gamma": 3.0}, "datetime": {"datetime": "2021-09-18 08:44:07", "elapsed": 35.080109, "delta": 0.524729}}
{"target": -6.504704840724256, "params": {"C": 3.32050387764164, "epsilon": 0.001, "gamma": 3.0}, "datetime": {"datetime": "2021-09-18 08:44:08", "elapsed": 35.69395, "delta": 0.613841}}
{"target": -9.319078947368421, "params": {"C": 4.760357707142985, "epsilon": 24.81702552486234, "gamma": 2.9380473427033618}, "datetime": {"datetime": "2021-09-18 08:44:08", "elapsed": 36.279564, "delta": 0.585614}}
{"target": -6.983093696526511, "params": {"C": 45.109736964226286, "epsilon": 6.388705487194079, "gamma": 3.0}, "datetime": {"datetime": "2021-09-18 08:44:09", "elapsed": 36.827146, "delta": 0.547582}}
{"target": -5.8375681113638285, "params": {"C": 34.24717921373559, "epsilon": 6.802936609236684, "gamma": 0.0001}, "datetime": {"datetime": "2021-09-18 08:44:10", "elapsed": 37.426831, "delta": 0.599685}}
{"target": -9.319078947368421, "params": {"C": 14.577497315506958, "epsilon": 29.8643848077213, "gamma": 2.5650543487533644}, "datetime": {"datetime": "2021-09-18 08:44:10", "elapsed": 38.03375, "delta": 0.606919}}
{"target": -2.7063565118424315, "params": {"C": 48.370088530452094, "epsilon": 4.053164723427219, "gamma": 0.08049348359019319}, "datetime": {"datetime": "2021-09-18 08:44:11", "elapsed": 38.781079, "delta": 0.747329}}
{"target": -9.319078947368421, "params": {"C": 25.9455373402656, "epsilon": 30.0, "gamma": 0.0001}, "datetime": {"datetime": "2021-09-18 08:44:11", "elapsed": 39.277794, "delta": 0.496715}}
{"target": -7.2972588993182095, "params": {"C": 30.791357727897235, "epsilon": 7.810538502944235, "gamma": 3.0}, "datetime": {"datetime": "2021-09-18 08:44:12", "elapsed": 39.8669, "delta": 0.589106}}
{"target": -7.987293288815501, "params": {"C": 50.0, "epsilon": 13.640455957621285, "gamma": 0.0001}, "datetime": {"datetime": "2021-09-18 08:44:13", "elapsed": 40.433286, "delta": 0.566386}}
{"target": -4.804636999853976, "params": {"C": 25.700297735782357, "epsilon": 0.14886950542292043, "gamma": 1.7191575098387166}, "datetime": {"datetime": "2021-09-18 08:44:13", "elapsed": 41.084953, "delta": 0.651667}}
{"target": -2.6634665316290715, "params": {"C": 39.87024828010577, "epsilon": 1.0146986786877363, "gamma": 0.3204498644437123}, "datetime": {"datetime": "2021-09-18 08:44:14", "elapsed": 41.740149, "delta": 0.655196}}
{"target": -5.884833471624646, "params": {"C": 46.42628553207726, "epsilon": 7.2458123057664645, "gamma": 0.0001}, "datetime": {"datetime": "2021-09-18 08:44:15", "elapsed": 42.622939, "delta": 0.88279}}
{"target": -7.543584993800049, "params": {"C": 4.432618674485847, "epsilon": 10.868744677077347, "gamma": 2.567964558582233}, "datetime": {"datetime": "2021-09-18 08:44:15", "elapsed": 43.241324, "delta": 0.618385}}
{"target": -4.3346969620546165, "params": {"C": 48.31065835110458, "epsilon": 3.249340012450593, "gamma": 0.8340310552231921}, "datetime": {"datetime": "2021-09-18 08:44:16", "elapsed": 43.855739, "delta": 0.614415}}
{"target": -3.140300558808286, "params": {"C": 44.72286855124701, "epsilon": 3.4893815035116593, "gamma": 0.25459851638596037}, "datetime": {"datetime": "2021-09-18 08:44:17", "elapsed": 44.520879, "delta": 0.66514}}
{"target": -2.6417232988925954, "params": {"C": 11.576019538226879, "epsilon": 0.13758536499078072, "gamma": 0.016080426519439132}, "datetime": {"datetime": "2021-09-18 08:44:17", "elapsed": 45.120501, "delta": 0.599622}}
{"target": -9.319078947368421, "params": {"C": 6.69818324763035, "epsilon": 30.0, "gamma": 3.0}, "datetime": {"datetime": "2021-09-18 08:44:18", "elapsed": 45.674301, "delta": 0.5538}}
{"target": -9.319078947368421, "params": {"C": 49.24216219217184, "epsilon": 23.65595719462005, "gamma": 0.011500509449303602}, "datetime": {"datetime": "2021-09-18 08:44:19", "elapsed": 46.462357, "delta": 0.788056}}
{"target": -4.810723923939516, "params": {"C": 45.41775109078574, "epsilon": 2.1121643094614186, "gamma": 0.0001}, "datetime": {"datetime": "2021-09-18 08:44:19", "elapsed": 47.088099, "delta": 0.625742}}
{"target": -3.7406830376083433, "params": {"C": 44.38985450594645, "epsilon": 5.015620348660575, "gamma": 0.25232976316303324}, "datetime": {"datetime": "2021-09-18 08:44:20", "elapsed": 47.786759, "delta": 0.69866}}
{"target": -6.399628539034545, "params": {"C": 27.866371002051654, "epsilon": 3.7646652628709796, "gamma": 3.0}, "datetime": {"datetime": "2021-09-18 08:44:21", "elapsed": 48.402955, "delta": 0.616196}}
{"target": -8.072143429220441, "params": {"C": 14.52523764507451, "epsilon": 11.029728926668225, "gamma": 3.0}, "datetime": {"datetime": "2021-09-18 08:44:21", "elapsed": 49.105169, "delta": 0.702214}}
{"target": -4.878387995449524, "params": {"C": 50.0, "epsilon": 3.138009584454681, "gamma": 0.0001}, "datetime": {"datetime": "2021-09-18 08:44:22", "elapsed": 49.752323, "delta": 0.647154}}
{"target": -2.3070787161141446, "params": {"C": 48.7204888307934, "epsilon": 0.8908968290973236, "gamma": 0.18354629690467025}, "datetime": {"datetime": "2021-09-18 08:44:23", "elapsed": 50.404339, "delta": 0.652016}}
{"target": -4.275661458864675, "params": {"C": 49.786228790810505, "epsilon": 6.610782064090723, "gamma": 0.13722789649472125}, "datetime": {"datetime": "2021-09-18 08:44:23", "elapsed": 51.060626, "delta": 0.656287}}
{"target": -2.4472311572969465, "params": {"C": 48.401170862924246, "epsilon": 1.8529635277717882, "gamma": 0.17882648863118888}, "datetime": {"datetime": "2021-09-18 08:44:24", "elapsed": 51.803803, "delta": 0.743177}}
{"target": -5.066088084309432, "params": {"C": 48.48988930287758, "epsilon": 0.1726709904668708, "gamma": 2.0500493220247913}, "datetime": {"datetime": "2021-09-18 08:44:25", "elapsed": 52.534121, "delta": 0.730318}}
{"target": -9.319078947368421, "params": {"C": 15.612447715629907, "epsilon": 23.17490551339013, "gamma": 2.6379108528110495}, "datetime": {"datetime": "2021-09-18 08:44:25", "elapsed": 53.136096, "delta": 0.601975}}
{"target": -6.582556273449861, "params": {"C": 22.403381164682187, "epsilon": 8.724168714551757, "gamma": 0.0001}, "datetime": {"datetime": "2021-09-18 08:44:26", "elapsed": 53.843553, "delta": 0.707457}}
