{"target": 0.8674619653686879, "params": {"C": 54.15097543730974, "epsilon": 0.9543793640181849, "gamma": 0.14608017518732477}, "datetime": {"datetime": "2021-09-18 14:11:00", "elapsed": 436.091803, "delta": 1.387559}}
{"target": 0.8850636469563905, "params": {"C": 100.18516332764135, "epsilon": 0.7289346462194676, "gamma": 0.12010273172529425}, "datetime": {"datetime": "2021-09-18 14:11:04", "elapsed": 439.501854, "delta": 3.410051}}
{"target": 0.9052832550054977, "params": {"C": 100.43486450243421, "epsilon": 0.6678872149085098, "gamma": 0.08247182784057591}, "datetime": {"datetime": "2021-09-18 14:11:07", "elapsed": 443.388499, "delta": 3.886645}}
{"target": 0.9011112034438569, "params": {"C": 113.93168893214164, "epsilon": 0.45572729938248696, "gamma": 0.09370588302089872}, "datetime": {"datetime": "2021-09-18 14:11:10", "elapsed": 446.079391, "delta": 2.690892}}
{"target": 0.8781603726283199, "params": {"C": 64.06678923112028, "epsilon": 0.4343901815438331, "gamma": 0.14302115001397725}, "datetime": {"datetime": "2021-09-18 14:11:11", "elapsed": 447.439172, "delta": 1.359781}}
{"target": 0.9110613707603459, "params": {"C": 100.33312426713766, "epsilon": 0.49067695592808935, "gamma": 0.05820451339603161}, "datetime": {"datetime": "2021-09-18 14:11:15", "elapsed": 451.483825, "delta": 4.044653}}
{"target": 0.9027330576592779, "params": {"C": 61.60689971502473, "epsilon": 0.8555286616356602, "gamma": 0.06362574960190344}, "datetime": {"datetime": "2021-09-18 14:11:17", "elapsed": 452.865697, "delta": 1.381872}}
{"target": 0.8736511289938876, "params": {"C": 100.35001235155721, "epsilon": 0.570371618752058, "gamma": 0.14287048791243037}, "datetime": {"datetime": "2021-09-18 14:11:20", "elapsed": 455.996136, "delta": 3.130439}}
{"target": 0.9084090529753714, "params": {"C": 100.27657801667661, "epsilon": 0.3500175864888203, "gamma": 0.07465688088854547}, "datetime": {"datetime": "2021-09-18 14:11:23", "elapsed": 459.16841, "delta": 3.172274}}
{"target": 0.9114093144247015, "params": {"C": 100.23137660788146, "epsilon": 0.4592894602777992, "gamma": 0.05}, "datetime": {"datetime": "2021-09-18 14:11:27", "elapsed": 463.038548, "delta": 3.870138}}
{"target": 0.9114460810056425, "params": {"C": 100.38522603654239, "epsilon": 0.3969314594753608, "gamma": 0.05}, "datetime": {"datetime": "2021-09-18 14:11:31", "elapsed": 466.984596, "delta": 3.946048}}
{"target": 0.9077285691983872, "params": {"C": 86.95157081512168, "epsilon": 0.7983771847334914, "gamma": 0.058982698569894666}, "datetime": {"datetime": "2021-09-18 14:11:34", "elapsed": 470.038861, "delta": 3.054265}}
{"target": 0.9122471694800296, "params": {"C": 100.40279926450587, "epsilon": 0.2631763981921378, "gamma": 0.05}, "datetime": {"datetime": "2021-09-18 14:11:38", "elapsed": 474.362373, "delta": 4.323512}}
{"target": 0.8814493120059992, "params": {"C": 57.78622379420488, "epsilon": 0.5371030926324644, "gamma": 0.1322515387076147}, "datetime": {"datetime": "2021-09-18 14:11:40", "elapsed": 475.755942, "delta": 1.393569}}
{"target": 0.8752218139789472, "params": {"C": 100.4935372811385, "epsilon": 0.3145883379636005, "gamma": 0.14915335440181537}, "datetime": {"datetime": "2021-09-18 14:11:43", "elapsed": 478.584005, "delta": 2.828063}}
{"target": 0.9128765389885983, "params": {"C": 100.33262039177876, "epsilon": 0.19846889653856015, "gamma": 0.05526188580091482}, "datetime": {"datetime": "2021-09-18 14:11:46", "elapsed": 482.139495, "delta": 3.55549}}
{"target": 0.8997576333269268, "params": {"C": 100.21327600714658, "epsilon": 0.19231245288874343, "gamma": 0.10105316121215085}, "datetime": {"datetime": "2021-09-18 14:11:49", "elapsed": 485.464214, "delta": 3.324719}}
{"target": 0.8996638084752155, "params": {"C": 100.3888336584626, "epsilon": 0.06925162363840887, "gamma": 0.1002063007742941}, "datetime": {"datetime": "2021-09-18 14:11:53", "elapsed": 488.849113, "delta": 3.384899}}
{"target": 0.9059370089796354, "params": {"C": 79.74481319052708, "epsilon": 0.5867494090012897, "gamma": 0.0691088073555104}, "datetime": {"datetime": "2021-09-18 14:11:56", "elapsed": 491.831432, "delta": 2.982319}}
{"target": 0.9051968347349734, "params": {"C": 86.80612906699736, "epsilon": 0.7577416803438468, "gamma": 0.0730952228221706}, "datetime": {"datetime": "2021-09-18 14:12:00", "elapsed": 495.682212, "delta": 3.85078}}
{"target": 0.9118113392064022, "params": {"C": 103.81999735754317, "epsilon": 0.4625088043580702, "gamma": 0.05066228827460997}, "datetime": {"datetime": "2021-09-18 14:12:03", "elapsed": 499.060205, "delta": 3.377993}}
{"target": 0.9076894135518955, "params": {"C": 79.83626166639098, "epsilon": 0.44751250393949094, "gamma": 0.05}, "datetime": {"datetime": "2021-09-18 14:12:07", "elapsed": 502.520397, "delta": 3.460192}}
{"target": 0.9086375126318298, "params": {"C": 79.96666158152209, "epsilon": 0.4024301418832313, "gamma": 0.06500488752224685}, "datetime": {"datetime": "2021-09-18 14:12:11", "elapsed": 506.907014, "delta": 4.386617}}
{"target": 0.8921808376940443, "params": {"C": 79.84194355681312, "epsilon": 0.3080370599729622, "gamma": 0.11486975950021844}, "datetime": {"datetime": "2021-09-18 14:12:14", "elapsed": 510.111945, "delta": 3.204931}}
{"target": 0.8996154100684991, "params": {"C": 80.00886143581977, "epsilon": 0.5156943682694427, "gamma": 0.09493651878570547}, "datetime": {"datetime": "2021-09-18 14:12:18", "elapsed": 513.516993, "delta": 3.405048}}
{"target": 0.9112360208019462, "params": {"C": 114.16061317996073, "epsilon": 0.5320182579986162, "gamma": 0.06178642324099331}, "datetime": {"datetime": "2021-09-18 14:12:21", "elapsed": 516.627401, "delta": 3.110408}}
{"target": 0.8957119926506192, "params": {"C": 114.26936262998515, "epsilon": 0.46531893122449874, "gamma": 0.10641331098257595}, "datetime": {"datetime": "2021-09-18 14:12:25", "elapsed": 521.283922, "delta": 4.656521}}
{"target": 0.8739254499004139, "params": {"C": 114.07062953205794, "epsilon": 0.6084252951098533, "gamma": 0.1385660470054524}, "datetime": {"datetime": "2021-09-18 14:12:29", "elapsed": 524.580312, "delta": 3.29639}}
{"target": 0.9144550305786948, "params": {"C": 118.22224958048123, "epsilon": 0.4144145100682278, "gamma": 0.051796330340784305}, "datetime": {"datetime": "2021-09-18 14:12:32", "elapsed": 527.655747, "delta": 3.075435}}
{"target": 0.8987387601694474, "params": {"C": 118.17031426826138, "epsilon": 0.5311795023248296, "gamma": 0.09735562320368749}, "datetime": {"datetime": "2021-09-18 14:12:36", "elapsed": 531.900163, "delta": 4.244416}}
{"target": 0.8723780161236403, "params": {"C": 86.97041524991303, "epsilon": 0.6896218762570989, "gamma": 0.14314946649111399}, "datetime": {"datetime": "2021-09-18 14:12:41", "elapsed": 536.902987, "delta": 5.002824}}
{"target": 0.9052134682098285, "params": {"C": 85.34537605361736, "epsilon": 0.7837926536902721, "gamma": 0.07151878182096094}, "datetime": {"datetime": "2021-09-18 14:12:42", "elapsed": 538.413588, "delta": 1.510601}}
{"target": 0.9035851954394105, "params": {"C": 86.9386477479641, "epsilon": 0.9194614440736738, "gamma": 0.0743827583427757}, "datetime": {"datetime": "2021-09-18 14:12:47", "elapsed": 542.988319, "delta": 4.574731}}
{"target": 0.9121561662982368, "params": {"C": 108.67868285619875, "epsilon": 0.5505254075806619, "gamma": 0.05}, "datetime": {"datetime": "2021-09-18 14:12:50", "elapsed": 546.282903, "delta": 3.294584}}
{"target": 0.8783130810877526, "params": {"C": 84.87815749292676, "epsilon": 0.7801847333821567, "gamma": 0.13054801171212385}, "datetime": {"datetime": "2021-09-18 14:12:52", "elapsed": 547.813948, "delta": 1.531045}}
{"target": 0.8829890890163358, "params": {"C": 108.62075397249134, "epsilon": 0.5954930606955033, "gamma": 0.12678355613440756}, "datetime": {"datetime": "2021-09-18 14:12:55", "elapsed": 551.063331, "delta": 3.249383}}
{"target": 0.9133812800532852, "params": {"C": 103.28958624602312, "epsilon": 0.20450179442089614, "gamma": 0.05602959470558216}, "datetime": {"datetime": "2021-09-18 14:12:59", "elapsed": 554.599357, "delta": 3.536026}}
{"target": 0.8878625235594599, "params": {"C": 103.28381990147682, "epsilon": 0.09185406603634653, "gamma": 0.12942872166649733}, "datetime": {"datetime": "2021-09-18 14:13:03", "elapsed": 559.284898, "delta": 4.685541}}
{"target": 0.8872115925200145, "params": {"C": 68.61531226022854, "epsilon": 0.6108868366648331, "gamma": 0.1190446496458137}, "datetime": {"datetime": "2021-09-18 14:13:05", "elapsed": 560.886919, "delta": 1.602021}}
{"target": 0.9100547875983931, "params": {"C": 103.30591008809776, "epsilon": 0.2766850270888044, "gamma": 0.06999617756079}, "datetime": {"datetime": "2021-09-18 14:13:08", "elapsed": 564.070927, "delta": 3.184008}}
{"target": 0.9112306795822969, "params": {"C": 108.7972044835036, "epsilon": 0.6280854308141752, "gamma": 0.05518159106350867}, "datetime": {"datetime": "2021-09-18 14:13:11", "elapsed": 567.343326, "delta": 3.272399}}
{"target": 0.892029971185642, "params": {"C": 99.86094044671582, "epsilon": 0.43301263309145366, "gamma": 0.11501341376774424}, "datetime": {"datetime": "2021-09-18 14:13:13", "elapsed": 568.846564, "delta": 1.503238}}
{"target": 0.9077567857390522, "params": {"C": 108.92524541762921, "epsilon": 0.6602226672118477, "gamma": 0.07156974373634484}, "datetime": {"datetime": "2021-09-18 14:13:16", "elapsed": 571.99174, "delta": 3.145176}}
{"target": 0.9120742893245828, "params": {"C": 108.773873960309, "epsilon": 0.5464401401758093, "gamma": 0.05250285158748274}, "datetime": {"datetime": "2021-09-18 14:13:21", "elapsed": 576.550525, "delta": 4.558785}}
{"target": 0.9093644221575053, "params": {"C": 96.67779463789005, "epsilon": 0.2098556210467351, "gamma": 0.06982088318311636}, "datetime": {"datetime": "2021-09-18 14:13:25", "elapsed": 580.642661, "delta": 4.092136}}
{"target": 0.9061568570787545, "params": {"C": 99.8119663735067, "epsilon": 0.9385843320902468, "gamma": 0.07002639272162847}, "datetime": {"datetime": "2021-09-18 14:13:26", "elapsed": 582.319931, "delta": 1.67727}}
{"target": 0.9112122081390496, "params": {"C": 96.69481199245583, "epsilon": 0.3339899349631809, "gamma": 0.05}, "datetime": {"datetime": "2021-09-18 14:13:31", "elapsed": 586.631252, "delta": 4.311321}}
{"target": 0.8759782885578155, "params": {"C": 96.7025594949287, "epsilon": 0.2727950187686358, "gamma": 0.14945048517882975}, "datetime": {"datetime": "2021-09-18 14:13:35", "elapsed": 590.937167, "delta": 4.305915}}
{"target": 0.9127624407463759, "params": {"C": 96.75463936844261, "epsilon": 0.08616894579895962, "gamma": 0.059861387459510695}, "datetime": {"datetime": "2021-09-18 14:13:39", "elapsed": 594.632597, "delta": 3.69543}}
{"target": 0.8876278338168805, "params": {"C": 110.50495404615248, "epsilon": 0.6236561201984334, "gamma": 0.11869673736837962}, "datetime": {"datetime": "2021-09-18 14:13:40", "elapsed": 596.229001, "delta": 1.596404}}
{"target": 0.9032343626361172, "params": {"C": 79.60999019757469, "epsilon": 0.3554681780835997, "gamma": 0.08586437424893248}, "datetime": {"datetime": "2021-09-18 14:13:42", "elapsed": 597.906698, "delta": 1.677697}}
{"target": 0.896823346032645, "params": {"C": 96.56764339819128, "epsilon": 0.060420829713993096, "gamma": 0.10737558750542606}, "datetime": {"datetime": "2021-09-18 14:13:47", "elapsed": 603.027458, "delta": 5.12076}}
{"target": 0.9143071720274296, "params": {"C": 118.4191839278375, "epsilon": 0.3838178195610758, "gamma": 0.05041234570981217}, "datetime": {"datetime": "2021-09-18 14:13:52", "elapsed": 608.234904, "delta": 5.207446}}
{"target": 0.9096306696183598, "params": {"C": 108.8930211685502, "epsilon": 0.7790905758836632, "gamma": 0.06320376060331431}, "datetime": {"datetime": "2021-09-18 14:13:56", "elapsed": 611.832236, "delta": 3.597332}}
{"target": 0.8948763704627135, "params": {"C": 68.72290715821688, "epsilon": 0.29235256233246826, "gamma": 0.10786220294671972}, "datetime": {"datetime": "2021-09-18 14:13:58", "elapsed": 613.507878, "delta": 1.675642}}
{"target": 0.8751591472612746, "params": {"C": 108.83406620900993, "epsilon": 0.7166244706008246, "gamma": 0.1347830675757382}, "datetime": {"datetime": "2021-09-18 14:14:02", "elapsed": 617.722182, "delta": 4.214304}}
{"target": 0.9097739895362582, "params": {"C": 112.1678523111336, "epsilon": 0.8275705086831072, "gamma": 0.06117826543601887}, "datetime": {"datetime": "2021-09-18 14:14:03", "elapsed": 619.473222, "delta": 1.75104}}
{"target": 0.9073007166476373, "params": {"C": 109.01669287742804, "epsilon": 0.8379241134202366, "gamma": 0.0710409245423724}, "datetime": {"datetime": "2021-09-18 14:14:08", "elapsed": 624.218227, "delta": 4.745005}}
{"target": 0.8890772702353048, "params": {"C": 59.46944669497483, "epsilon": 0.399972606121112, "gamma": 0.11740869292918982}, "datetime": {"datetime": "2021-09-18 14:14:10", "elapsed": 625.930107, "delta": 1.71188}}
{"target": 0.9090688633790899, "params": {"C": 92.73650043010281, "epsilon": 0.2542807992962067, "gamma": 0.06955401874462956}, "datetime": {"datetime": "2021-09-18 14:14:12", "elapsed": 627.596045, "delta": 1.665938}}
{"target": 0.9108670795624969, "params": {"C": 118.33663168466855, "epsilon": 0.4339366350003897, "gamma": 0.06697055163877474}, "datetime": {"datetime": "2021-09-18 14:14:16", "elapsed": 631.891131, "delta": 4.295086}}
{"target": 0.9125392368426667, "params": {"C": 96.76918710427452, "epsilon": 0.17082489110224217, "gamma": 0.05935237690576707}, "datetime": {"datetime": "2021-09-18 14:14:19", "elapsed": 635.400636, "delta": 3.509505}}
{"target": 0.9010424487662029, "params": {"C": 52.88830426003792, "epsilon": 0.7981850681326266, "gamma": 0.06545794306889138}, "datetime": {"datetime": "2021-09-18 14:14:21", "elapsed": 637.083098, "delta": 1.682462}}
{"target": 0.8719575586888656, "params": {"C": 107.67294947587003, "epsilon": 0.7718057015082966, "gamma": 0.13751740541677526}, "datetime": {"datetime": "2021-09-18 14:14:23", "elapsed": 638.745162, "delta": 1.662064}}
{"target": 0.9124508340429479, "params": {"C": 96.8472315288659, "epsilon": 0.13247688860243417, "gamma": 0.05143499340232165}, "datetime": {"datetime": "2021-09-18 14:14:26", "elapsed": 642.467093, "delta": 3.721931}}
{"target": 0.9073760111266554, "params": {"C": 72.95319014633746, "epsilon": 0.3103881192062069, "gamma": 0.05}, "datetime": {"datetime": "2021-09-18 14:14:31", "elapsed": 647.323207, "delta": 4.856114}}
{"target": 0.9072911621767811, "params": {"C": 109.07242746514213, "epsilon": 0.6454729605604362, "gamma": 0.07466941535008359}, "datetime": {"datetime": "2021-09-18 14:14:35", "elapsed": 650.753839, "delta": 3.430632}}
{"target": 0.8873526516311797, "params": {"C": 112.13377158953699, "epsilon": 0.9232411046054786, "gamma": 0.1097242615883535}, "datetime": {"datetime": "2021-09-18 14:14:38", "elapsed": 654.215314, "delta": 3.461475}}
{"target": 0.9112111260898076, "params": {"C": 112.16699419134095, "epsilon": 0.7335779500718541, "gamma": 0.05533104173981852}, "datetime": {"datetime": "2021-09-18 14:14:42", "elapsed": 657.855061, "delta": 3.639747}}
{"target": 0.9034987138453107, "params": {"C": 112.27789864889348, "epsilon": 0.7716491092270112, "gamma": 0.08489341960281634}, "datetime": {"datetime": "2021-09-18 14:14:46", "elapsed": 661.547201, "delta": 3.69214}}
{"target": 0.8750661445096575, "params": {"C": 112.1134036985336, "epsilon": 0.7360263809907928, "gamma": 0.13361429188371068}, "datetime": {"datetime": "2021-09-18 14:14:49", "elapsed": 665.055693, "delta": 3.508492}}
{"target": 0.8955574887350053, "params": {"C": 82.06144479474314, "epsilon": 0.6733845855377797, "gamma": 0.10190336351225743}, "datetime": {"datetime": "2021-09-18 14:14:51", "elapsed": 666.793394, "delta": 1.737701}}
{"target": 0.9088521529082784, "params": {"C": 103.1723048112732, "epsilon": 0.2574301296044735, "gamma": 0.07571484438697558}, "datetime": {"datetime": "2021-09-18 14:14:55", "elapsed": 671.288529, "delta": 4.495135}}
{"target": 0.895366956924629, "params": {"C": 61.714429839241426, "epsilon": 0.4106403667580661, "gamma": 0.10376684251140092}, "datetime": {"datetime": "2021-09-18 14:14:57", "elapsed": 672.989966, "delta": 1.701437}}
{"target": 0.912944002349181, "params": {"C": 103.52569316657028, "epsilon": 0.2019237119811734, "gamma": 0.050564353776518446}, "datetime": {"datetime": "2021-09-18 14:15:03", "elapsed": 678.894311, "delta": 5.904345}}
{"target": 0.912624991470401, "params": {"C": 96.86667339539306, "epsilon": 0.034215886559016896, "gamma": 0.06497033602612132}, "datetime": {"datetime": "2021-09-18 14:15:07", "elapsed": 683.005573, "delta": 4.111262}}
{"target": 0.9073469544062747, "params": {"C": 92.6226597258808, "epsilon": 0.20214330282263343, "gamma": 0.07739017171073356}, "datetime": {"datetime": "2021-09-18 14:15:11", "elapsed": 687.256888, "delta": 4.251315}}
{"target": 0.8916510201919188, "params": {"C": 108.88527285918954, "epsilon": 0.9159032033019445, "gamma": 0.10360832886272281}, "datetime": {"datetime": "2021-09-18 14:15:15", "elapsed": 691.484557, "delta": 4.227669}}
{"target": 0.9117532273221227, "params": {"C": 96.66328056155167, "epsilon": 0.44938272956451025, "gamma": 0.05551829888752659}, "datetime": {"datetime": "2021-09-18 14:15:20", "elapsed": 696.075912, "delta": 4.591355}}
{"target": 0.9118134928155918, "params": {"C": 96.5508563896628, "epsilon": 0.4258812914984705, "gamma": 0.05748487116880812}, "datetime": {"datetime": "2021-09-18 14:15:26", "elapsed": 701.844635, "delta": 5.768723}}
{"target": 0.9101427424650839, "params": {"C": 96.59695753558438, "epsilon": 0.5439813421213496, "gamma": 0.05757748656222002}, "datetime": {"datetime": "2021-09-18 14:15:30", "elapsed": 705.945063, "delta": 4.100428}}
{"target": 0.8942756310525262, "params": {"C": 96.4410548660021, "epsilon": 0.5174532990672925, "gamma": 0.10660765977247366}, "datetime": {"datetime": "2021-09-18 14:15:36", "elapsed": 711.611841, "delta": 5.666778}}
{"target": 0.9005283635544441, "params": {"C": 112.40905768396998, "epsilon": 0.5440034266506865, "gamma": 0.09310007102331119}, "datetime": {"datetime": "2021-09-18 14:15:37", "elapsed": 713.322279, "delta": 1.710438}}
{"target": 0.9101277720312182, "params": {"C": 92.76274797041128, "epsilon": 0.14532801780208268, "gamma": 0.06981435572701505}, "datetime": {"datetime": "2021-09-18 14:15:42", "elapsed": 717.72223, "delta": 4.399951}}
{"target": 0.8853190489428915, "params": {"C": 96.79202722720669, "epsilon": 0.031561138964191174, "gamma": 0.13498497426473532}, "datetime": {"datetime": "2021-09-18 14:15:46", "elapsed": 721.576124, "delta": 3.853894}}
{"target": 0.9117881943506435, "params": {"C": 96.52910664245812, "epsilon": 0.3267234792258139, "gamma": 0.05295852386912016}, "datetime": {"datetime": "2021-09-18 14:15:50", "elapsed": 726.003225, "delta": 4.427101}}
{"target": 0.8888528407115754, "params": {"C": 92.85967758736177, "epsilon": 0.22498791074744678, "gamma": 0.1252225485428852}, "datetime": {"datetime": "2021-09-18 14:15:54", "elapsed": 729.835971, "delta": 3.832746}}
{"target": 0.8821421985146274, "params": {"C": 92.64871860145757, "epsilon": 0.08642427592462958, "gamma": 0.14089795809584477}, "datetime": {"datetime": "2021-09-18 14:15:59", "elapsed": 734.672454, "delta": 4.836483}}
{"target": 0.9076159142201039, "params": {"C": 109.01635719234693, "epsilon": 0.7546466044719344, "gamma": 0.07181779983577022}, "datetime": {"datetime": "2021-09-18 14:16:04", "elapsed": 740.177223, "delta": 5.504769}}
{"target": 0.8775419395231805, "params": {"C": 112.45760482814043, "epsilon": 0.3937667185786534, "gamma": 0.14102281818000315}, "datetime": {"datetime": "2021-09-18 14:16:06", "elapsed": 741.990117, "delta": 1.812894}}
{"target": 0.8908021202335316, "params": {"C": 89.87825961236283, "epsilon": 0.7975772443152754, "gamma": 0.1083566012715968}, "datetime": {"datetime": "2021-09-18 14:16:08", "elapsed": 743.711182, "delta": 1.721065}}
{"target": 0.8770622858981809, "params": {"C": 96.71061579570672, "epsilon": 0.5697350650681619, "gamma": 0.138135809047224}, "datetime": {"datetime": "2021-09-18 14:16:12", "elapsed": 748.289584, "delta": 4.578402}}
{"target": 0.9081010980768377, "params": {"C": 104.07857013620756, "epsilon": 0.9934479735495895, "gamma": 0.05331448675667684}, "datetime": {"datetime": "2021-09-18 14:16:14", "elapsed": 750.07882, "delta": 1.789236}}
{"target": 0.9039315995646917, "params": {"C": 92.63298392836886, "epsilon": 0.35337261320828706, "gamma": 0.08864940876441153}, "datetime": {"datetime": "2021-09-18 14:16:18", "elapsed": 753.707105, "delta": 3.628285}}
{"target": 0.9000456575452626, "params": {"C": 89.22683672750244, "epsilon": 0.4535283316196954, "gamma": 0.09562664910536615}, "datetime": {"datetime": "2021-09-18 14:16:20", "elapsed": 755.51887, "delta": 1.811765}}
{"target": 0.9114514173465202, "params": {"C": 118.27104954453745, "epsilon": 0.3696760079107439, "gamma": 0.06329988883210066}, "datetime": {"datetime": "2021-09-18 14:16:25", "elapsed": 760.648705, "delta": 5.129835}}
{"target": 0.8943832773405714, "params": {"C": 80.66317608617871, "epsilon": 0.9573102090990574, "gamma": 0.09672593078638231}, "datetime": {"datetime": "2021-09-18 14:16:26", "elapsed": 762.44347, "delta": 1.794765}}
{"target": 0.9118636383903092, "params": {"C": 96.58369684005109, "epsilon": 0.23745570398086105, "gamma": 0.0518359788985544}, "datetime": {"datetime": "2021-09-18 14:16:30", "elapsed": 766.434863, "delta": 3.991393}}
{"target": 0.899818963718874, "params": {"C": 96.45410454469834, "epsilon": 0.27159426858592217, "gamma": 0.09879835041783533}, "datetime": {"datetime": "2021-09-18 14:16:36", "elapsed": 771.978552, "delta": 5.543689}}
{"target": 0.9113329702899425, "params": {"C": 96.6186615656799, "epsilon": 0.3870401047212444, "gamma": 0.06054854682714122}, "datetime": {"datetime": "2021-09-18 14:16:41", "elapsed": 777.126965, "delta": 5.148413}}
