{"target": 0.9065833154466972, "params": {"C": 567.7953609559431, "epsilon": 0.3294386533667962, "gamma": 0.06720793956420042}, "datetime": {"datetime": "2021-09-18 16:49:54", "elapsed": 84.094751, "delta": 0.619067}}
{"target": 0.9168012467879871, "params": {"C": 586.4828509788712, "epsilon": 0.5551203804908736, "gamma": 0.02509562621450317}, "datetime": {"datetime": "2021-09-18 16:49:55", "elapsed": 84.851417, "delta": 0.756666}}
{"target": 0.9081946162778893, "params": {"C": 578.4471572627633, "epsilon": 0.3115651531476121, "gamma": 0.02}, "datetime": {"datetime": "2021-09-18 16:49:56", "elapsed": 85.635893, "delta": 0.784476}}
{"target": 0.9115433543405377, "params": {"C": 586.4242843836106, "epsilon": 0.518842334228786, "gamma": 0.06133964257018336}, "datetime": {"datetime": "2021-09-18 16:49:56", "elapsed": 86.439667, "delta": 0.803774}}
{"target": 0.8647938490126826, "params": {"C": 505.9895107878709, "epsilon": 0.23422487273819198, "gamma": 0.1138800216199826}, "datetime": {"datetime": "2021-09-18 16:49:57", "elapsed": 87.350501, "delta": 0.910834}}
{"target": 0.9214329399581379, "params": {"C": 565.6590657771907, "epsilon": 0.42969048229286144, "gamma": 0.0292485874273967}, "datetime": {"datetime": "2021-09-18 16:49:58", "elapsed": 87.987723, "delta": 0.637222}}
{"target": 0.911553269175111, "params": {"C": 525.6369630684002, "epsilon": 0.055266175701052425, "gamma": 0.06308764079410632}, "datetime": {"datetime": "2021-09-18 16:49:59", "elapsed": 88.666797, "delta": 0.679074}}
{"target": 0.8863276742289504, "params": {"C": 565.6874419246907, "epsilon": 0.37061616413392895, "gamma": 0.08208623161570693}, "datetime": {"datetime": "2021-09-18 16:49:59", "elapsed": 89.471542, "delta": 0.804745}}
{"target": 0.8939149345695617, "params": {"C": 581.4406338553977, "epsilon": 0.7404637128468189, "gamma": 0.07400801353791774}, "datetime": {"datetime": "2021-09-18 16:50:00", "elapsed": 90.453872, "delta": 0.98233}}
{"target": 0.8652075940728835, "params": {"C": 690.5167707909749, "epsilon": 0.3128254094991999, "gamma": 0.09399965337806772}, "datetime": {"datetime": "2021-09-18 16:50:01", "elapsed": 91.351207, "delta": 0.897335}}
{"target": 0.918733824745324, "params": {"C": 693.2581641125729, "epsilon": 0.569335664739528, "gamma": 0.049958009615514776}, "datetime": {"datetime": "2021-09-18 16:50:02", "elapsed": 91.997394, "delta": 0.646187}}
{"target": 0.865837260148245, "params": {"C": 577.7326273574649, "epsilon": 0.49543326121698406, "gamma": 0.10257590404336307}, "datetime": {"datetime": "2021-09-18 16:50:03", "elapsed": 92.942263, "delta": 0.944869}}
{"target": 0.863768195233891, "params": {"C": 586.4798412966304, "epsilon": 0.5669019749772329, "gamma": 0.10628615579799472}, "datetime": {"datetime": "2021-09-18 16:50:04", "elapsed": 93.843304, "delta": 0.901041}}
{"target": 0.8705068083233888, "params": {"C": 578.1976008451202, "epsilon": 0.3841611929361849, "gamma": 0.09664139613495373}, "datetime": {"datetime": "2021-09-18 16:50:05", "elapsed": 94.552928, "delta": 0.709624}}
{"target": 0.8943705173054097, "params": {"C": 601.1225367831839, "epsilon": 0.9899461085280125, "gamma": 0.07059759701726591}, "datetime": {"datetime": "2021-09-18 16:50:05", "elapsed": 95.132787, "delta": 0.579859}}
{"target": 0.9082290944731095, "params": {"C": 578.2190561862236, "epsilon": 0.17865499470550703, "gamma": 0.020466190446075824}, "datetime": {"datetime": "2021-09-18 16:50:06", "elapsed": 95.932008, "delta": 0.799221}}
{"target": 0.8770751432725499, "params": {"C": 517.2350136895137, "epsilon": 0.49432114527923804, "gamma": 0.09392401370055976}, "datetime": {"datetime": "2021-09-18 16:50:07", "elapsed": 96.758443, "delta": 0.826435}}
{"target": 0.9238549142626375, "params": {"C": 562.4314370967562, "epsilon": 0.8072967217547615, "gamma": 0.03978010162276077}, "datetime": {"datetime": "2021-09-18 16:50:07", "elapsed": 97.365642, "delta": 0.607199}}
{"target": 0.8890210947869195, "params": {"C": 581.309746969791, "epsilon": 0.7308324393788536, "gamma": 0.07737663223485336}, "datetime": {"datetime": "2021-09-18 16:50:08", "elapsed": 98.105132, "delta": 0.73949}}
{"target": 0.9118123392118231, "params": {"C": 585.4762266001264, "epsilon": 0.8700675838355516, "gamma": 0.02308877591617571}, "datetime": {"datetime": "2021-09-18 16:50:09", "elapsed": 98.755034, "delta": 0.649902}}
{"target": 0.9215565534248429, "params": {"C": 578.2299827871569, "epsilon": 0.3345533656843717, "gamma": 0.03169502135153394}, "datetime": {"datetime": "2021-09-18 16:50:10", "elapsed": 99.730889, "delta": 0.975855}}
{"target": 0.8727391484972833, "params": {"C": 639.8195862566145, "epsilon": 0.3345877333670604, "gamma": 0.08887906395456455}, "datetime": {"datetime": "2021-09-18 16:50:11", "elapsed": 100.76635, "delta": 1.035461}}
{"target": 0.9089405084776108, "params": {"C": 535.1605970676403, "epsilon": 0.2048296844244392, "gamma": 0.02}, "datetime": {"datetime": "2021-09-18 16:50:12", "elapsed": 101.747316, "delta": 0.980966}}
{"target": 0.9207715295665669, "params": {"C": 577.8227711185561, "epsilon": 0.5466256810865067, "gamma": 0.02866268217770008}, "datetime": {"datetime": "2021-09-18 16:50:13", "elapsed": 102.554272, "delta": 0.806956}}
{"target": 0.8843943693037538, "params": {"C": 562.3954845498263, "epsilon": 0.8253289048855715, "gamma": 0.08111475361160042}, "datetime": {"datetime": "2021-09-18 16:50:13", "elapsed": 103.366974, "delta": 0.812702}}
{"target": 0.9164221709986602, "params": {"C": 599.8461678595679, "epsilon": 0.22738605518864424, "gamma": 0.04655335249539046}, "datetime": {"datetime": "2021-09-18 16:50:14", "elapsed": 104.084197, "delta": 0.717223}}
{"target": 0.8554219988338497, "params": {"C": 550.0184683793683, "epsilon": 0.24975437792302882, "gamma": 0.12599978520124197}, "datetime": {"datetime": "2021-09-18 16:50:15", "elapsed": 104.760852, "delta": 0.676655}}
{"target": 0.9220279956996946, "params": {"C": 562.4871021553905, "epsilon": 0.8428862437799186, "gamma": 0.03375680513816746}, "datetime": {"datetime": "2021-09-18 16:50:16", "elapsed": 105.788486, "delta": 1.027634}}
{"target": 0.9094471990655281, "params": {"C": 656.5900487065361, "epsilon": 0.908622994571281, "gamma": 0.0213053806349048}, "datetime": {"datetime": "2021-09-18 16:50:17", "elapsed": 106.816348, "delta": 1.027862}}
{"target": 0.9019204228320913, "params": {"C": 562.4943542744959, "epsilon": 0.7630536913362027, "gamma": 0.06875027998204544}, "datetime": {"datetime": "2021-09-18 16:50:18", "elapsed": 107.726317, "delta": 0.909969}}
{"target": 0.8608157599895085, "params": {"C": 624.9831996160375, "epsilon": 0.1460390890050176, "gamma": 0.10704876129827816}, "datetime": {"datetime": "2021-09-18 16:50:18", "elapsed": 108.439898, "delta": 0.713581}}
{"target": 0.9219003064688888, "params": {"C": 560.4525902768753, "epsilon": 0.23943931748372582, "gamma": 0.036917336230155515}, "datetime": {"datetime": "2021-09-18 16:50:20", "elapsed": 109.513299, "delta": 1.073401}}
{"target": 0.9147504004243591, "params": {"C": 586.3566407736703, "epsilon": 0.5721982381077008, "gamma": 0.02262430147007218}, "datetime": {"datetime": "2021-09-18 16:50:20", "elapsed": 110.4296, "delta": 0.916301}}
{"target": 0.8549037253814293, "params": {"C": 560.4500691121658, "epsilon": 0.20163367896520104, "gamma": 0.1255977235686108}, "datetime": {"datetime": "2021-09-18 16:50:21", "elapsed": 111.398963, "delta": 0.969363}}
{"target": 0.9004183250577429, "params": {"C": 525.4318587427347, "epsilon": 0.08371553308371345, "gamma": 0.07685314973261746}, "datetime": {"datetime": "2021-09-18 16:50:22", "elapsed": 112.141363, "delta": 0.7424}}
{"target": 0.9180975030462906, "params": {"C": 565.6884653584868, "epsilon": 0.5074871407313366, "gamma": 0.026238652205690844}, "datetime": {"datetime": "2021-09-18 16:50:23", "elapsed": 113.038163, "delta": 0.8968}}
{"target": 0.8505685053910563, "params": {"C": 526.9983190301095, "epsilon": 0.07515028081985826, "gamma": 0.13738092408523198}, "datetime": {"datetime": "2021-09-18 16:50:24", "elapsed": 113.758413, "delta": 0.72025}}
{"target": 0.8956692532951516, "params": {"C": 514.0188752876518, "epsilon": 0.9753490895526596, "gamma": 0.07259629375082619}, "datetime": {"datetime": "2021-09-18 16:50:24", "elapsed": 114.437888, "delta": 0.679475}}
{"target": 0.8707677287746752, "params": {"C": 551.9925567104729, "epsilon": 0.23154814189993553, "gamma": 0.09991975208298909}, "datetime": {"datetime": "2021-09-18 16:50:25", "elapsed": 115.178983, "delta": 0.741095}}
{"target": 0.9079078161137376, "params": {"C": 578.1332537092889, "epsilon": 0.26771861801189123, "gamma": 0.02}, "datetime": {"datetime": "2021-09-18 16:50:26", "elapsed": 116.107788, "delta": 0.928805}}
{"target": 0.9117128653280782, "params": {"C": 581.3709081945622, "epsilon": 0.8065627559683436, "gamma": 0.02}, "datetime": {"datetime": "2021-09-18 16:50:27", "elapsed": 117.088689, "delta": 0.980901}}
{"target": 0.9217120389988991, "params": {"C": 510.183837235233, "epsilon": 0.31597479784774757, "gamma": 0.03310984927578392}, "datetime": {"datetime": "2021-09-18 16:50:28", "elapsed": 117.812568, "delta": 0.723879}}
{"target": 0.9082573966810434, "params": {"C": 565.5990529834191, "epsilon": 0.4756542463931472, "gamma": 0.06530835774870078}, "datetime": {"datetime": "2021-09-18 16:50:29", "elapsed": 118.795969, "delta": 0.983401}}
{"target": 0.9122024230936533, "params": {"C": 550.9145494908606, "epsilon": 0.7817008072104193, "gamma": 0.02}, "datetime": {"datetime": "2021-09-18 16:50:30", "elapsed": 119.71108, "delta": 0.915111}}
{"target": 0.9197138429775886, "params": {"C": 560.511924125552, "epsilon": 0.20286828559909284, "gamma": 0.03952260369173828}, "datetime": {"datetime": "2021-09-18 16:50:31", "elapsed": 120.694892, "delta": 0.983812}}
{"target": 0.8795826479282094, "params": {"C": 531.9230292282361, "epsilon": 0.9085490564858286, "gamma": 0.0873674928513831}, "datetime": {"datetime": "2021-09-18 16:50:31", "elapsed": 121.415304, "delta": 0.720412}}
{"target": 0.9212796251273478, "params": {"C": 639.7455965123811, "epsilon": 0.25438131062926544, "gamma": 0.031928331132165436}, "datetime": {"datetime": "2021-09-18 16:50:32", "elapsed": 122.372822, "delta": 0.957518}}
{"target": 0.9069472201278718, "params": {"C": 690.5803601894135, "epsilon": 0.22945017568387485, "gamma": 0.02}, "datetime": {"datetime": "2021-09-18 16:50:34", "elapsed": 123.534677, "delta": 1.161855}}
{"target": 0.8888920539816145, "params": {"C": 656.6010066978225, "epsilon": 0.8320557642597811, "gamma": 0.0732007488411884}, "datetime": {"datetime": "2021-09-18 16:50:35", "elapsed": 124.561021, "delta": 1.026344}}
{"target": 0.9223341731688179, "params": {"C": 506.0823338038042, "epsilon": 0.31086502386879294, "gamma": 0.035711670097796855}, "datetime": {"datetime": "2021-09-18 16:50:36", "elapsed": 125.668397, "delta": 1.107376}}
{"target": 0.9050385907761999, "params": {"C": 627.7431791052951, "epsilon": 0.11868658418651673, "gamma": 0.06666390333556478}, "datetime": {"datetime": "2021-09-18 16:50:37", "elapsed": 126.686908, "delta": 1.018511}}
{"target": 0.8589149553871883, "params": {"C": 585.4731765961612, "epsilon": 0.8739911408490928, "gamma": 0.1174650463156577}, "datetime": {"datetime": "2021-09-18 16:50:38", "elapsed": 127.874669, "delta": 1.187761}}
{"target": 0.8803452115564223, "params": {"C": 632.0533586574837, "epsilon": 0.045832334756935086, "gamma": 0.0846422721025012}, "datetime": {"datetime": "2021-09-18 16:50:39", "elapsed": 128.724875, "delta": 0.850206}}
{"target": 0.8557165665542296, "params": {"C": 541.1756169599787, "epsilon": 0.6297766827505825, "gamma": 0.12448692549566259}, "datetime": {"datetime": "2021-09-18 16:50:39", "elapsed": 129.406981, "delta": 0.682106}}
{"target": 0.908135233811341, "params": {"C": 690.5968435058505, "epsilon": 0.3733421138326794, "gamma": 0.02}, "datetime": {"datetime": "2021-09-18 16:50:41", "elapsed": 130.492721, "delta": 1.08574}}
{"target": 0.9149191702850863, "params": {"C": 502.7128143761259, "epsilon": 0.7670796236499197, "gamma": 0.060122076830974064}, "datetime": {"datetime": "2021-09-18 16:50:42", "elapsed": 131.494135, "delta": 1.001414}}
{"target": 0.874289692960912, "params": {"C": 558.9725606384509, "epsilon": 0.06110832472850031, "gamma": 0.09670871656109052}, "datetime": {"datetime": "2021-09-18 16:50:42", "elapsed": 132.433043, "delta": 0.938908}}
{"target": 0.8914590199455695, "params": {"C": 533.6760707805802, "epsilon": 0.3856476973120792, "gamma": 0.07942333648199106}, "datetime": {"datetime": "2021-09-18 16:50:43", "elapsed": 133.181814, "delta": 0.748771}}
{"target": 0.9061426928729462, "params": {"C": 550.9381388594351, "epsilon": 0.9965672696061336, "gamma": 0.02}, "datetime": {"datetime": "2021-09-18 16:50:44", "elapsed": 134.1977, "delta": 1.015886}}
{"target": 0.858574698500528, "params": {"C": 523.414682590365, "epsilon": 0.7805841481263034, "gamma": 0.11985839937686628}, "datetime": {"datetime": "2021-09-18 16:50:45", "elapsed": 134.91433, "delta": 0.71663}}
{"target": 0.9180646715136517, "params": {"C": 627.8583769304793, "epsilon": 0.05940111435234238, "gamma": 0.04219476910439836}, "datetime": {"datetime": "2021-09-18 16:50:46", "elapsed": 136.074593, "delta": 1.160263}}
{"target": 0.9234249942041537, "params": {"C": 690.4936084065661, "epsilon": 0.4408943466920997, "gamma": 0.035663029538389276}, "datetime": {"datetime": "2021-09-18 16:50:48", "elapsed": 137.494992, "delta": 1.420399}}
{"target": 0.9156208398677324, "params": {"C": 502.73143016171633, "epsilon": 0.6704031296647038, "gamma": 0.05975343792441143}, "datetime": {"datetime": "2021-09-18 16:50:49", "elapsed": 138.626372, "delta": 1.13138}}
{"target": 0.8648525124240235, "params": {"C": 546.2862970762942, "epsilon": 0.3308107409539801, "gamma": 0.10901118676823911}, "datetime": {"datetime": "2021-09-18 16:50:49", "elapsed": 139.434211, "delta": 0.807839}}
{"target": 0.8514468838954558, "params": {"C": 609.0849963845794, "epsilon": 0.4704105381291511, "gamma": 0.14047786785173824}, "datetime": {"datetime": "2021-09-18 16:50:50", "elapsed": 140.190516, "delta": 0.756305}}
{"target": 0.9089479451384119, "params": {"C": 535.2300049057258, "epsilon": 0.13771354467422292, "gamma": 0.02}, "datetime": {"datetime": "2021-09-18 16:50:51", "elapsed": 141.392604, "delta": 1.202088}}
{"target": 0.9186357686080724, "params": {"C": 676.9025470809731, "epsilon": 0.9156958251141663, "gamma": 0.050111849763060254}, "datetime": {"datetime": "2021-09-18 16:50:52", "elapsed": 142.395694, "delta": 1.00309}}
{"target": 0.8737403395992883, "params": {"C": 676.9446466960992, "epsilon": 0.8530228335518674, "gamma": 0.08415653464408984}, "datetime": {"datetime": "2021-09-18 16:50:54", "elapsed": 143.48692, "delta": 1.091226}}
{"target": 0.8841846412772507, "params": {"C": 510.1287688035563, "epsilon": 0.3486346903949038, "gamma": 0.0880236129311434}, "datetime": {"datetime": "2021-09-18 16:50:55", "elapsed": 144.708115, "delta": 1.221195}}
{"target": 0.8569989983517462, "params": {"C": 526.6640372711275, "epsilon": 0.8162062737672737, "gamma": 0.1245489373765503}, "datetime": {"datetime": "2021-09-18 16:50:55", "elapsed": 145.474962, "delta": 0.766847}}
{"target": 0.9212581896047308, "params": {"C": 690.4701658840976, "epsilon": 0.44504829865839896, "gamma": 0.04498282762000474}, "datetime": {"datetime": "2021-09-18 16:50:56", "elapsed": 146.322312, "delta": 0.84735}}
{"target": 0.9228384486890587, "params": {"C": 540.7798799380356, "epsilon": 0.9059222674636552, "gamma": 0.03915708200181778}, "datetime": {"datetime": "2021-09-18 16:50:57", "elapsed": 147.175579, "delta": 0.853267}}
{"target": 0.8511061306441648, "params": {"C": 627.8661634961059, "epsilon": 0.09847775476024544, "gamma": 0.12554726394458535}, "datetime": {"datetime": "2021-09-18 16:50:59", "elapsed": 148.51058, "delta": 1.335001}}
{"target": 0.9227977954971167, "params": {"C": 577.8998903826878, "epsilon": 0.4963372020320312, "gamma": 0.03918419064577014}, "datetime": {"datetime": "2021-09-18 16:51:00", "elapsed": 149.684267, "delta": 1.173687}}
{"target": 0.8898678716211745, "params": {"C": 609.0086753548065, "epsilon": 0.10479127607767667, "gamma": 0.07900517815928704}, "datetime": {"datetime": "2021-09-18 16:51:01", "elapsed": 150.588266, "delta": 0.903999}}
{"target": 0.9236186321664999, "params": {"C": 696.1021813731963, "epsilon": 0.4845653014628123, "gamma": 0.03591640316278761}, "datetime": {"datetime": "2021-09-18 16:51:02", "elapsed": 151.483563, "delta": 0.895297}}
{"target": 0.8691504362742253, "params": {"C": 577.8495055756252, "epsilon": 0.5168381484619423, "gamma": 0.09684996682169193}, "datetime": {"datetime": "2021-09-18 16:51:03", "elapsed": 152.603753, "delta": 1.12019}}
{"target": 0.8701222232485282, "params": {"C": 696.1353304479767, "epsilon": 0.5295532247230894, "gamma": 0.0872073083586936}, "datetime": {"datetime": "2021-09-18 16:51:04", "elapsed": 153.741942, "delta": 1.138189}}
{"target": 0.917160686885321, "params": {"C": 577.9275283378287, "epsilon": 0.5557272866669116, "gamma": 0.025641404112570345}, "datetime": {"datetime": "2021-09-18 16:51:05", "elapsed": 154.80168, "delta": 1.059738}}
{"target": 0.9061020121401495, "params": {"C": 696.0910024318551, "epsilon": 0.4162552204217293, "gamma": 0.06216739096583283}, "datetime": {"datetime": "2021-09-18 16:51:06", "elapsed": 155.962108, "delta": 1.160428}}
{"target": 0.9091428719263794, "params": {"C": 510.2429702241761, "epsilon": 0.28086169790458415, "gamma": 0.02}, "datetime": {"datetime": "2021-09-18 16:51:07", "elapsed": 157.20499, "delta": 1.242882}}
{"target": 0.9191902294570742, "params": {"C": 540.7368943553585, "epsilon": 0.8243830339741262, "gamma": 0.028729813427344437}, "datetime": {"datetime": "2021-09-18 16:51:08", "elapsed": 158.318972, "delta": 1.113982}}
{"target": 0.8534593855029438, "params": {"C": 651.3051785006261, "epsilon": 0.27504140221011447, "gamma": 0.12913836184345667}, "datetime": {"datetime": "2021-09-18 16:51:09", "elapsed": 159.180746, "delta": 0.861774}}
{"target": 0.9165876204634335, "params": {"C": 506.11549457154325, "epsilon": 0.23734719613640354, "gamma": 0.0476360517939691}, "datetime": {"datetime": "2021-09-18 16:51:11", "elapsed": 160.572921, "delta": 1.392175}}
{"target": 0.9069268268846026, "params": {"C": 690.4408817652277, "epsilon": 0.22259695484494205, "gamma": 0.02}, "datetime": {"datetime": "2021-09-18 16:51:12", "elapsed": 162.284249, "delta": 1.711328}}
{"target": 0.9156267560253455, "params": {"C": 585.3585023412414, "epsilon": 0.8928880004957859, "gamma": 0.02548895643161454}, "datetime": {"datetime": "2021-09-18 16:51:14", "elapsed": 163.492981, "delta": 1.208732}}
{"target": 0.9195698119734619, "params": {"C": 690.4213560188423, "epsilon": 0.3737999530198008, "gamma": 0.026504978059950078}, "datetime": {"datetime": "2021-09-18 16:51:15", "elapsed": 165.103353, "delta": 1.610372}}
{"target": 0.9197708389894083, "params": {"C": 697.8758034549066, "epsilon": 0.9354313473512849, "gamma": 0.02717759673278336}, "datetime": {"datetime": "2021-09-18 16:51:16", "elapsed": 166.02575, "delta": 0.922397}}
{"target": 0.8774125824992011, "params": {"C": 540.8091926062339, "epsilon": 0.8523977126303547, "gamma": 0.08901650286203006}, "datetime": {"datetime": "2021-09-18 16:51:17", "elapsed": 167.325281, "delta": 1.299531}}
{"target": 0.8717717807362058, "params": {"C": 502.7899441363963, "epsilon": 0.74801844056836, "gamma": 0.09891501917174393}, "datetime": {"datetime": "2021-09-18 16:51:19", "elapsed": 169.088784, "delta": 1.763503}}
{"target": 0.9228417652619545, "params": {"C": 585.4197467274594, "epsilon": 0.8664243436384333, "gamma": 0.0442448220903989}, "datetime": {"datetime": "2021-09-18 16:51:20", "elapsed": 169.979395, "delta": 0.890611}}
{"target": 0.9066603297027793, "params": {"C": 676.8066546209839, "epsilon": 0.8326525952012452, "gamma": 0.060362459270321744}, "datetime": {"datetime": "2021-09-18 16:51:21", "elapsed": 171.328924, "delta": 1.349529}}
{"target": 0.9053413023773041, "params": {"C": 695.5327731041875, "epsilon": 0.21151240839060878, "gamma": 0.06302260787560711}, "datetime": {"datetime": "2021-09-18 16:51:23", "elapsed": 172.772691, "delta": 1.443767}}
{"target": 0.9057008066100238, "params": {"C": 577.9485728097238, "epsilon": 0.022235099387021673, "gamma": 0.06841119966972245}, "datetime": {"datetime": "2021-09-18 16:51:24", "elapsed": 173.893576, "delta": 1.120885}}
{"target": 0.8952269155528677, "params": {"C": 586.4097021239725, "epsilon": 0.7149958458513276, "gamma": 0.07297908752659313}, "datetime": {"datetime": "2021-09-18 16:51:25", "elapsed": 174.815544, "delta": 0.921968}}
{"target": 0.921974021195624, "params": {"C": 579.6106873311844, "epsilon": 0.5085417999644726, "gamma": 0.0415187573764861}, "datetime": {"datetime": "2021-09-18 16:51:26", "elapsed": 176.462337, "delta": 1.646793}}
{"target": 0.9213166840108596, "params": {"C": 582.646297073329, "epsilon": 0.3298921803433374, "gamma": 0.0394526500998222}, "datetime": {"datetime": "2021-09-18 16:51:27", "elapsed": 177.362008, "delta": 0.899671}}
{"target": 0.923797297380373, "params": {"C": 676.8344927397682, "epsilon": 0.9211916092504033, "gamma": 0.04079631340113}, "datetime": {"datetime": "2021-09-18 16:51:29", "elapsed": 178.512455, "delta": 1.150447}}
{"target": 0.8835843348057769, "params": {"C": 540.6815081221497, "epsilon": 0.8772659410386096, "gamma": 0.08284797568091712}, "datetime": {"datetime": "2021-09-18 16:51:30", "elapsed": 179.772387, "delta": 1.259932}}
{"target": 0.9088672039781047, "params": {"C": 578.2796589799982, "epsilon": 0.12128053334613378, "gamma": 0.021677886689133816}, "datetime": {"datetime": "2021-09-18 16:51:31", "elapsed": 180.740027, "delta": 0.96764}}
{"target": 0.8587164697404229, "params": {"C": 613.8540903678363, "epsilon": 0.4681174268073468, "gamma": 0.11334795569582042}, "datetime": {"datetime": "2021-09-18 16:51:32", "elapsed": 181.632733, "delta": 0.892706}}
