{"target": 0.913667333855595, "params": {"C": 277.7500474132869, "epsilon": 0.8967145302337703, "gamma": 0.03105574747807113}, "datetime": {"datetime": "2021-09-18 14:49:48", "elapsed": 0.57, "delta": 0.067002}}
{"target": 0.8840868090553131, "params": {"C": 127.02986098191883, "epsilon": 0.1864338111732775, "gamma": 0.1341585254458237}, "datetime": {"datetime": "2021-09-18 14:49:48", "elapsed": 0.658, "delta": 0.088}}
{"target": 0.8879095577855503, "params": {"C": 277.61396168414365, "epsilon": 0.8772474858253647, "gamma": 0.0958169945668488}, "datetime": {"datetime": "2021-09-18 14:49:48", "elapsed": 0.771034, "delta": 0.113034}}
{"target": 0.9165645307232637, "params": {"C": 215.8136256571351, "epsilon": 0.7916363286268597, "gamma": 0.04273697072149723}, "datetime": {"datetime": "2021-09-18 14:49:48", "elapsed": 0.886995, "delta": 0.115961}}
{"target": 0.8849924203376052, "params": {"C": 227.25200011127737, "epsilon": 0.275804410134655, "gamma": 0.11707476428222136}, "datetime": {"datetime": "2021-09-18 14:49:48", "elapsed": 1.030994, "delta": 0.143999}}
{"target": 0.8743559538074246, "params": {"C": 160.9526762408405, "epsilon": 0.1724781974404531, "gamma": 0.14314944864003176}, "datetime": {"datetime": "2021-09-18 14:49:48", "elapsed": 1.176027, "delta": 0.145033}}
{"target": 0.9182843927200514, "params": {"C": 250.72608933861963, "epsilon": 0.7340397735736781, "gamma": 0.045309444105695776}, "datetime": {"datetime": "2021-09-18 14:49:49", "elapsed": 1.309995, "delta": 0.133968}}
{"target": 0.906506848782036, "params": {"C": 204.64440432169343, "epsilon": 0.43502285713783057, "gamma": 0.08134864713990132}, "datetime": {"datetime": "2021-09-18 14:49:49", "elapsed": 1.478002, "delta": 0.168007}}
{"target": 0.9055501270414453, "params": {"C": 291.9802035974152, "epsilon": 0.6707899875252067, "gamma": 0.0811936831907937}, "datetime": {"datetime": "2021-09-18 14:49:49", "elapsed": 1.607002, "delta": 0.129}}
{"target": 0.8572399784420747, "params": {"C": 207.9718901174736, "epsilon": 0.8443551002576285, "gamma": 0.14727889698739502}, "datetime": {"datetime": "2021-09-18 14:49:49", "elapsed": 1.723995, "delta": 0.116993}}
{"target": 0.8698387265315028, "params": {"C": 178.04509669863364, "epsilon": 0.7682647398017641, "gamma": 0.1314050165249859}, "datetime": {"datetime": "2021-09-18 14:49:49", "elapsed": 1.854998, "delta": 0.131003}}
{"target": 0.8599932924972635, "params": {"C": 273.89052720878453, "epsilon": 0.7249650140570113, "gamma": 0.13855622006929222}, "datetime": {"datetime": "2021-09-18 14:49:49", "elapsed": 1.983995, "delta": 0.128997}}
{"target": 0.9116717484569863, "params": {"C": 241.88007472817856, "epsilon": 0.5569528218496644, "gamma": 0.06981719172803162}, "datetime": {"datetime": "2021-09-18 14:49:49", "elapsed": 2.131995, "delta": 0.148}}
{"target": 0.9142986810390079, "params": {"C": 145.33609818055535, "epsilon": 0.15659196576031206, "gamma": 0.061188200540657864}, "datetime": {"datetime": "2021-09-18 14:49:50", "elapsed": 2.295003, "delta": 0.163008}}
{"target": 0.9057383443627082, "params": {"C": 169.32008418314481, "epsilon": 0.7690614357491903, "gamma": 0.028693170935840954}, "datetime": {"datetime": "2021-09-18 14:49:50", "elapsed": 2.430009, "delta": 0.135006}}
{"target": 0.9162793060339459, "params": {"C": 289.07932068455193, "epsilon": 0.9509500740708898, "gamma": 0.056287085086304825}, "datetime": {"datetime": "2021-09-18 14:49:50", "elapsed": 2.594997, "delta": 0.164988}}
{"target": 0.9185398661459786, "params": {"C": 227.6763633110565, "epsilon": 0.13044801616331042, "gamma": 0.03518107625897561}, "datetime": {"datetime": "2021-09-18 14:49:50", "elapsed": 2.757001, "delta": 0.162004}}
{"target": 0.8902382310478383, "params": {"C": 230.45243892921906, "epsilon": 0.5662440577283363, "gamma": 0.10496889963923138}, "datetime": {"datetime": "2021-09-18 14:49:50", "elapsed": 2.897035, "delta": 0.140034}}
{"target": 0.8898921881524118, "params": {"C": 123.02627970526723, "epsilon": 0.27318970025773126, "gamma": 0.12407601174025411}, "datetime": {"datetime": "2021-09-18 14:49:50", "elapsed": 3.041994, "delta": 0.144959}}
{"target": 0.8766505542608668, "params": {"C": 176.21868688126904, "epsilon": 0.5553331935173947, "gamma": 0.12747857418582115}, "datetime": {"datetime": "2021-09-18 14:49:50", "elapsed": 3.205995, "delta": 0.164001}}
{"target": 0.9052890263999954, "params": {"C": 203.5130932454269, "epsilon": 0.15313134145898397, "gamma": 0.09375332965350187}, "datetime": {"datetime": "2021-09-18 14:49:51", "elapsed": 3.388999, "delta": 0.183004}}
{"target": 0.8564192482672598, "params": {"C": 284.052260637665, "epsilon": 0.6302210673844454, "gamma": 0.14600662901203612}, "datetime": {"datetime": "2021-09-18 14:49:51", "elapsed": 3.536003, "delta": 0.147004}}
{"target": 0.8963075875620444, "params": {"C": 264.72824482647013, "epsilon": 0.33160030782605293, "gamma": 0.09884882448143781}, "datetime": {"datetime": "2021-09-18 14:49:51", "elapsed": 3.715999, "delta": 0.179996}}
{"target": 0.8969886249839764, "params": {"C": 161.407532732376, "epsilon": 0.08349108118335216, "gamma": 0.11149993416432552}, "datetime": {"datetime": "2021-09-18 14:49:51", "elapsed": 3.904994, "delta": 0.188995}}
{"target": 0.8612352880056835, "params": {"C": 274.4557295078093, "epsilon": 0.8563181224523736, "gamma": 0.13468408061189896}, "datetime": {"datetime": "2021-09-18 14:49:51", "elapsed": 4.074996, "delta": 0.170002}}
{"target": 0.9124490615906574, "params": {"C": 227.7240362177727, "epsilon": 0.13282867977903012, "gamma": 0.07319226268753978}, "datetime": {"datetime": "2021-09-18 14:49:52", "elapsed": 4.317995, "delta": 0.242999}}
{"target": 0.9149212911204718, "params": {"C": 271.0567157759019, "epsilon": 0.4301402691310868, "gamma": 0.058491624258617564}, "datetime": {"datetime": "2021-09-18 14:49:52", "elapsed": 4.529999, "delta": 0.212004}}
{"target": 0.907001987736123, "params": {"C": 227.6254652429114, "epsilon": 0.04657923544985687, "gamma": 0.0876240725696915}, "datetime": {"datetime": "2021-09-18 14:49:52", "elapsed": 4.802999, "delta": 0.273}}
{"target": 0.9042998174390844, "params": {"C": 250.81697182757975, "epsilon": 0.8001963001506329, "gamma": 0.023119042365104318}, "datetime": {"datetime": "2021-09-18 14:49:52", "elapsed": 4.982038, "delta": 0.179039}}
{"target": 0.8834512864109175, "params": {"C": 127.73855951135985, "epsilon": 0.4265656960050443, "gamma": 0.02068790449143878}, "datetime": {"datetime": "2021-09-18 14:49:52", "elapsed": 5.160996, "delta": 0.178958}}
{"target": 0.8757052382829821, "params": {"C": 250.75071092296304, "epsilon": 0.6353294047904777, "gamma": 0.11860444456626651}, "datetime": {"datetime": "2021-09-18 14:49:53", "elapsed": 5.457994, "delta": 0.296998}}
{"target": 0.91349610101154, "params": {"C": 227.5834764873749, "epsilon": 0.14324488090215615, "gamma": 0.06440223127172648}, "datetime": {"datetime": "2021-09-18 14:49:53", "elapsed": 5.700995, "delta": 0.243001}}
{"target": 0.9167245907434878, "params": {"C": 215.78043519799385, "epsilon": 0.6976178259948427, "gamma": 0.05147642912335147}, "datetime": {"datetime": "2021-09-18 14:49:53", "elapsed": 5.908998, "delta": 0.208003}}
{"target": 0.9140512739559234, "params": {"C": 138.5762282419503, "epsilon": 0.07600589054702453, "gamma": 0.06805399016743413}, "datetime": {"datetime": "2021-09-18 14:49:53", "elapsed": 6.145996, "delta": 0.236998}}
{"target": 0.9117336625634138, "params": {"C": 198.64480925823347, "epsilon": 0.20960305490886247, "gamma": 0.029849568973659257}, "datetime": {"datetime": "2021-09-18 14:49:54", "elapsed": 6.344001, "delta": 0.198005}}
{"target": 0.8869117882727098, "params": {"C": 240.6588328886388, "epsilon": 0.4191945989239054, "gamma": 0.10925151415101844}, "datetime": {"datetime": "2021-09-18 14:49:54", "elapsed": 6.542996, "delta": 0.198995}}
{"target": 0.911369241161005, "params": {"C": 250.64300264333974, "epsilon": 0.7396245397159231, "gamma": 0.07014794483539434}, "datetime": {"datetime": "2021-09-18 14:49:54", "elapsed": 6.755005, "delta": 0.212009}}
{"target": 0.8778738882883365, "params": {"C": 155.657853382078, "epsilon": 0.36664880485876544, "gamma": 0.13440477434105277}, "datetime": {"datetime": "2021-09-18 14:49:54", "elapsed": 6.996996, "delta": 0.241991}}
{"target": 0.910312713930596, "params": {"C": 250.7049921616613, "epsilon": 0.8415109557886125, "gamma": 0.027763921107665585}, "datetime": {"datetime": "2021-09-18 14:49:54", "elapsed": 7.230996, "delta": 0.234}}
{"target": 0.9162588061840924, "params": {"C": 145.39643519055147, "epsilon": 0.07417320524176936, "gamma": 0.060956433997367526}, "datetime": {"datetime": "2021-09-18 14:49:55", "elapsed": 7.474997, "delta": 0.244001}}
{"target": 0.909302876381032, "params": {"C": 227.65364287499125, "epsilon": 0.25810393749916144, "gamma": 0.026106761369213204}, "datetime": {"datetime": "2021-09-18 14:49:55", "elapsed": 7.726, "delta": 0.251003}}
{"target": 0.9101112701735549, "params": {"C": 165.85086192508524, "epsilon": 0.8485803015966984, "gamma": 0.03698538554568362}, "datetime": {"datetime": "2021-09-18 14:49:55", "elapsed": 7.925996, "delta": 0.199996}}
{"target": 0.8706443146857704, "params": {"C": 255.84651070851876, "epsilon": 0.2516489986516673, "gamma": 0.13377476575152986}, "datetime": {"datetime": "2021-09-18 14:49:55", "elapsed": 8.151001, "delta": 0.225005}}
{"target": 0.8955912122983565, "params": {"C": 215.9066222617625, "epsilon": 0.6670803995614328, "gamma": 0.09890655515529509}, "datetime": {"datetime": "2021-09-18 14:49:56", "elapsed": 8.365008, "delta": 0.214007}}
{"target": 0.8613687512342354, "params": {"C": 265.9565496773498, "epsilon": 0.752301144569481, "gamma": 0.13563876965502006}, "datetime": {"datetime": "2021-09-18 14:49:56", "elapsed": 8.592997, "delta": 0.227989}}
{"target": 0.8603269152221716, "params": {"C": 227.35180341534112, "epsilon": 0.4765723353349208, "gamma": 0.14852704463009236}, "datetime": {"datetime": "2021-09-18 14:49:56", "elapsed": 8.804871, "delta": 0.211874}}
{"target": 0.9128416783893463, "params": {"C": 240.7925220146396, "epsilon": 0.548488682088073, "gamma": 0.028589238141726023}, "datetime": {"datetime": "2021-09-18 14:49:56", "elapsed": 9.046874, "delta": 0.242003}}
{"target": 0.9145971835095412, "params": {"C": 135.0324200046264, "epsilon": 0.2182233015980556, "gamma": 0.058716962490975036}, "datetime": {"datetime": "2021-09-18 14:49:57", "elapsed": 9.288866, "delta": 0.241992}}
{"target": 0.9067235401515189, "params": {"C": 131.98687629836678, "epsilon": 0.5184443287852726, "gamma": 0.03406845207529213}, "datetime": {"datetime": "2021-09-18 14:49:57", "elapsed": 9.50491, "delta": 0.216044}}
{"target": 0.9104603411235936, "params": {"C": 184.59539257121827, "epsilon": 0.14962261306830427, "gamma": 0.07772419340959073}, "datetime": {"datetime": "2021-09-18 14:49:57", "elapsed": 9.762864, "delta": 0.257954}}
{"target": 0.8960162966876717, "params": {"C": 237.95600066882167, "epsilon": 0.2643177783093182, "gamma": 0.10357056350286736}, "datetime": {"datetime": "2021-09-18 14:49:57", "elapsed": 9.999881, "delta": 0.237017}}
{"target": 0.8585524071216085, "params": {"C": 298.5534511862271, "epsilon": 0.8606325404382332, "gamma": 0.13760867778289265}, "datetime": {"datetime": "2021-09-18 14:49:57", "elapsed": 10.259903, "delta": 0.260022}}
{"target": 0.9145248811797385, "params": {"C": 215.65477595982424, "epsilon": 0.725581605379538, "gamma": 0.060833970443001775}, "datetime": {"datetime": "2021-09-18 14:49:58", "elapsed": 10.532864, "delta": 0.272961}}
{"target": 0.8643890480193188, "params": {"C": 127.59670490151882, "epsilon": 0.6644876209860552, "gamma": 0.14885210580543068}, "datetime": {"datetime": "2021-09-18 14:49:58", "elapsed": 10.743864, "delta": 0.211}}
{"target": 0.9192159034255174, "params": {"C": 240.88216126791048, "epsilon": 0.42825720000288553, "gamma": 0.04585695999130822}, "datetime": {"datetime": "2021-09-18 14:49:58", "elapsed": 11.120867, "delta": 0.377003}}
{"target": 0.8621868909106964, "params": {"C": 139.55511723857958, "epsilon": 0.8191043999567778, "gamma": 0.1467018471782391}, "datetime": {"datetime": "2021-09-18 14:49:59", "elapsed": 11.338865, "delta": 0.217998}}
{"target": 0.9119515577533341, "params": {"C": 276.9144603290344, "epsilon": 0.19502326851393076, "gamma": 0.07444220624638546}, "datetime": {"datetime": "2021-09-18 14:49:59", "elapsed": 11.638868, "delta": 0.300003}}
{"target": 0.8983019293738349, "params": {"C": 132.94418780893085, "epsilon": 0.1729850992358091, "gamma": 0.10807276684679736}, "datetime": {"datetime": "2021-09-18 14:49:59", "elapsed": 11.895871, "delta": 0.257003}}
{"target": 0.8804922051147096, "params": {"C": 215.66216549519652, "epsilon": 0.8843356754207523, "gamma": 0.10911867281132107}, "datetime": {"datetime": "2021-09-18 14:49:59", "elapsed": 12.203874, "delta": 0.308003}}
{"target": 0.907071189218361, "params": {"C": 222.15938891666207, "epsilon": 0.2898188667115895, "gamma": 0.08661734560152577}, "datetime": {"datetime": "2021-09-18 14:50:00", "elapsed": 12.500866, "delta": 0.296992}}
{"target": 0.8638940836863437, "params": {"C": 240.79814004070397, "epsilon": 0.4004274184722817, "gamma": 0.14263171400152858}, "datetime": {"datetime": "2021-09-18 14:50:00", "elapsed": 12.854871, "delta": 0.354005}}
{"target": 0.8980023202730972, "params": {"C": 215.61045174082, "epsilon": 0.6193592718793753, "gamma": 0.021397031802829168}, "datetime": {"datetime": "2021-09-18 14:50:00", "elapsed": 13.174865, "delta": 0.319994}}
{"target": 0.9127241387828562, "params": {"C": 123.06189830593696, "epsilon": 0.30745585895187, "gamma": 0.06050796686755018}, "datetime": {"datetime": "2021-09-18 14:50:01", "elapsed": 13.440874, "delta": 0.266009}}
{"target": 0.9111606538139574, "params": {"C": 135.5246652098322, "epsilon": 0.5562617663047039, "gamma": 0.03885409498248214}, "datetime": {"datetime": "2021-09-18 14:50:01", "elapsed": 13.678863, "delta": 0.237989}}
{"target": 0.8884457194162526, "params": {"C": 179.2999970506415, "epsilon": 0.7190776388124688, "gamma": 0.10852113994668276}, "datetime": {"datetime": "2021-09-18 14:50:01", "elapsed": 13.97887, "delta": 0.300007}}
{"target": 0.9168610305311772, "params": {"C": 240.88379795309964, "epsilon": 0.5621108242967572, "gamma": 0.052868759373808874}, "datetime": {"datetime": "2021-09-18 14:50:02", "elapsed": 14.30887, "delta": 0.33}}
{"target": 0.9109741389592763, "params": {"C": 240.97073408893652, "epsilon": 0.5326511168487693, "gamma": 0.07138809554285161}, "datetime": {"datetime": "2021-09-18 14:50:02", "elapsed": 14.648864, "delta": 0.339994}}
{"target": 0.9188814766512237, "params": {"C": 240.9616626009297, "epsilon": 0.43203475993922574, "gamma": 0.04867937524382676}, "datetime": {"datetime": "2021-09-18 14:50:02", "elapsed": 15.04687, "delta": 0.398006}}
{"target": 0.9150616570586332, "params": {"C": 159.1191488322591, "epsilon": 0.2961015963317914, "gamma": 0.057760653524778924}, "datetime": {"datetime": "2021-09-18 14:50:03", "elapsed": 15.372579, "delta": 0.325709}}
{"target": 0.8768507912415607, "params": {"C": 147.59715361699537, "epsilon": 0.034908342945487704, "gamma": 0.14478176242684987}, "datetime": {"datetime": "2021-09-18 14:50:03", "elapsed": 15.699535, "delta": 0.326956}}
{"target": 0.9076548541687681, "params": {"C": 211.03004363617424, "epsilon": 0.9901498278958766, "gamma": 0.07231823446071872}, "datetime": {"datetime": "2021-09-18 14:50:03", "elapsed": 15.974535, "delta": 0.275}}
{"target": 0.8851268684481686, "params": {"C": 289.0283471617116, "epsilon": 0.8576033539793042, "gamma": 0.09804587319152998}, "datetime": {"datetime": "2021-09-18 14:50:04", "elapsed": 16.374542, "delta": 0.400007}}
{"target": 0.8934631190991379, "params": {"C": 202.50081293162583, "epsilon": 0.9698959565427407, "gamma": 0.09397572853444792}, "datetime": {"datetime": "2021-09-18 14:50:04", "elapsed": 16.640536, "delta": 0.265994}}
{"target": 0.9115401468253892, "params": {"C": 145.30653081710247, "epsilon": 0.029240395147187955, "gamma": 0.03667000428408876}, "datetime": {"datetime": "2021-09-18 14:50:04", "elapsed": 17.044575, "delta": 0.404039}}
{"target": 0.8885009839196243, "params": {"C": 144.20417075456913, "epsilon": 0.9398648407183046, "gamma": 0.02123126018515624}, "datetime": {"datetime": "2021-09-18 14:50:05", "elapsed": 17.313545, "delta": 0.26897}}
{"target": 0.8663592847778572, "params": {"C": 215.7404329305825, "epsilon": 0.653597723679646, "gamma": 0.13480011785521653}, "datetime": {"datetime": "2021-09-18 14:50:05", "elapsed": 17.700504, "delta": 0.386959}}
{"target": 0.9062259006397112, "params": {"C": 151.8192754640806, "epsilon": 0.2250290989069852, "gamma": 0.08897805560673029}, "datetime": {"datetime": "2021-09-18 14:50:05", "elapsed": 17.985502, "delta": 0.284998}}
{"target": 0.9033314935810919, "params": {"C": 268.57433370572005, "epsilon": 0.13749404827780753, "gamma": 0.09258015132381815}, "datetime": {"datetime": "2021-09-18 14:50:06", "elapsed": 18.334148, "delta": 0.348646}}
{"target": 0.8642524719716511, "params": {"C": 247.83162336917752, "epsilon": 0.4671734481467294, "gamma": 0.1390432187462127}, "datetime": {"datetime": "2021-09-18 14:50:06", "elapsed": 18.61915, "delta": 0.285002}}
{"target": 0.8616109838711457, "params": {"C": 212.04984054024106, "epsilon": 0.7165412599956024, "gamma": 0.14129495211533935}, "datetime": {"datetime": "2021-09-18 14:50:06", "elapsed": 18.88819, "delta": 0.26904}}
{"target": 0.888627428170669, "params": {"C": 227.23371786868097, "epsilon": 0.9514061083667206, "gamma": 0.09723452475419003}, "datetime": {"datetime": "2021-09-18 14:50:06", "elapsed": 19.183155, "delta": 0.294965}}
{"target": 0.8948144623423965, "params": {"C": 269.5971725826869, "epsilon": 0.843523458152815, "gamma": 0.0898735657828407}, "datetime": {"datetime": "2021-09-18 14:50:07", "elapsed": 19.468624, "delta": 0.285469}}
{"target": 0.8760077198547969, "params": {"C": 135.01881746092585, "epsilon": 0.2654056832139569, "gamma": 0.14263403713138298}, "datetime": {"datetime": "2021-09-18 14:50:07", "elapsed": 19.839849, "delta": 0.371225}}
{"target": 0.8793084948331295, "params": {"C": 262.6719687750051, "epsilon": 0.1580850644728686, "gamma": 0.12299400809612078}, "datetime": {"datetime": "2021-09-18 14:50:07", "elapsed": 20.183854, "delta": 0.344005}}
{"target": 0.8836064245597741, "params": {"C": 227.67051875178072, "epsilon": 0.16588999697865367, "gamma": 0.12075883491292537}, "datetime": {"datetime": "2021-09-18 14:50:08", "elapsed": 20.570888, "delta": 0.387034}}
{"target": 0.9187125524788218, "params": {"C": 190.20193180215824, "epsilon": 0.05458452582041255, "gamma": 0.04013054242523413}, "datetime": {"datetime": "2021-09-18 14:50:08", "elapsed": 20.908892, "delta": 0.338004}}
{"target": 0.8901479955149467, "params": {"C": 124.57544794496694, "epsilon": 0.05539080064464422, "gamma": 0.023877241143855074}, "datetime": {"datetime": "2021-09-18 14:50:08", "elapsed": 21.225849, "delta": 0.316957}}
{"target": 0.9120420558095574, "params": {"C": 190.34351824157335, "epsilon": 0.20102779988264097, "gamma": 0.030875221159924207}, "datetime": {"datetime": "2021-09-18 14:50:09", "elapsed": 21.545627, "delta": 0.319778}}
{"target": 0.8979294261942625, "params": {"C": 145.3561694609437, "epsilon": 0.0495101906105751, "gamma": 0.10942380448247219}, "datetime": {"datetime": "2021-09-18 14:50:09", "elapsed": 21.939338, "delta": 0.393711}}
{"target": 0.8972919603755721, "params": {"C": 240.93175189767913, "epsilon": 0.46245037986000975, "gamma": 0.020170818335120414}, "datetime": {"datetime": "2021-09-18 14:50:10", "elapsed": 22.362331, "delta": 0.422993}}
{"target": 0.8993382416393361, "params": {"C": 240.8618869123954, "epsilon": 0.5272448335864823, "gamma": 0.020779033697722344}, "datetime": {"datetime": "2021-09-18 14:50:10", "elapsed": 22.724338, "delta": 0.362007}}
{"target": 0.9109390843687285, "params": {"C": 145.35710974050178, "epsilon": 0.1063765371781843, "gamma": 0.03514509500025019}, "datetime": {"datetime": "2021-09-18 14:50:10", "elapsed": 23.086337, "delta": 0.361999}}
{"target": 0.9148988157377895, "params": {"C": 215.71955993162803, "epsilon": 0.7725402219732975, "gamma": 0.056787459285315325}, "datetime": {"datetime": "2021-09-18 14:50:11", "elapsed": 23.502815, "delta": 0.416478}}
{"target": 0.9043500228481541, "params": {"C": 240.90850295567543, "epsilon": 0.36568833894371927, "gamma": 0.0232259122251954}, "datetime": {"datetime": "2021-09-18 14:50:11", "elapsed": 23.867863, "delta": 0.365048}}
{"target": 0.9199502328118176, "params": {"C": 235.03891109756873, "epsilon": 0.11715723787204309, "gamma": 0.03865495492338922}, "datetime": {"datetime": "2021-09-18 14:50:11", "elapsed": 24.216819, "delta": 0.348956}}
{"target": 0.8970041906337959, "params": {"C": 235.0207772064506, "epsilon": 0.11423833049711081, "gamma": 0.10479507713162405}, "datetime": {"datetime": "2021-09-18 14:50:12", "elapsed": 24.672458, "delta": 0.455639}}
{"target": 0.8824377357245847, "params": {"C": 240.97895882273878, "epsilon": 0.4465652497884289, "gamma": 0.11455806081506179}, "datetime": {"datetime": "2021-09-18 14:50:12", "elapsed": 25.062413, "delta": 0.389955}}
{"target": 0.9145509193406168, "params": {"C": 191.742743226002, "epsilon": 0.6628697287090819, "gamma": 0.05694393392228114}, "datetime": {"datetime": "2021-09-18 14:50:13", "elapsed": 25.401087, "delta": 0.338674}}
{"target": 0.9146130421996421, "params": {"C": 215.73868327279808, "epsilon": 0.724931998663136, "gamma": 0.060335347647360274}, "datetime": {"datetime": "2021-09-18 14:50:13", "elapsed": 25.840358, "delta": 0.439271}}
{"target": 0.9100229249785224, "params": {"C": 240.83309508172127, "epsilon": 0.5901843471112599, "gamma": 0.07493053299471278}, "datetime": {"datetime": "2021-09-18 14:50:14", "elapsed": 26.416358, "delta": 0.576}}
