{"target": 0.8926446279774396, "params": {"C": 317.04032360260885, "epsilon": 0.6556213327931713, "gamma": 0.11691064581434467}, "datetime": {"datetime": "2021-09-18 14:48:40", "elapsed": 29.511676, "delta": 0.369368}}
{"target": 0.8902792102495742, "params": {"C": 207.31869782712207, "epsilon": 0.5452102970241952, "gamma": 0.13679036019154517}, "datetime": {"datetime": "2021-09-18 14:48:40", "elapsed": 29.856673, "delta": 0.344997}}
{"target": 0.8909439157327499, "params": {"C": 210.0476567694005, "epsilon": 0.6781265939756641, "gamma": 0.1381745852534324}, "datetime": {"datetime": "2021-09-18 14:48:41", "elapsed": 30.212966, "delta": 0.356293}}
{"target": 0.8833878186174363, "params": {"C": 306.4056837849254, "epsilon": 0.6963079042463429, "gamma": 0.14511436458554722}, "datetime": {"datetime": "2021-09-18 14:48:41", "elapsed": 30.575967, "delta": 0.363001}}
{"target": 0.9056357241288012, "params": {"C": 289.5010810362968, "epsilon": 0.4732563997391348, "gamma": 0.09067135713049107}, "datetime": {"datetime": "2021-09-18 14:48:42", "elapsed": 31.037002, "delta": 0.461035}}
{"target": 0.9056013907441981, "params": {"C": 323.93194044514803, "epsilon": 0.28462911291978066, "gamma": 0.07158549209514102}, "datetime": {"datetime": "2021-09-18 14:48:42", "elapsed": 31.533724, "delta": 0.496722}}
{"target": 0.9040475491166469, "params": {"C": 250.55905268747043, "epsilon": 0.3932003710960254, "gamma": 0.0659698026860405}, "datetime": {"datetime": "2021-09-18 14:48:43", "elapsed": 31.940434, "delta": 0.40671}}
{"target": 0.8938129089670124, "params": {"C": 301.2463758089698, "epsilon": 0.7571823827339519, "gamma": 0.11692018963816167}, "datetime": {"datetime": "2021-09-18 14:48:43", "elapsed": 32.362055, "delta": 0.421621}}
{"target": 0.8922614519731383, "params": {"C": 283.8937846422028, "epsilon": 0.17957192953638434, "gamma": 0.11585273647711523}, "datetime": {"datetime": "2021-09-18 14:48:43", "elapsed": 32.762989, "delta": 0.400934}}
{"target": 0.896697904810676, "params": {"C": 320.11545979354787, "epsilon": 0.037142711838948114, "gamma": 0.06456648286768826}, "datetime": {"datetime": "2021-09-18 14:48:44", "elapsed": 33.250987, "delta": 0.487998}}
{"target": 0.899553497904349, "params": {"C": 222.89711798860617, "epsilon": 0.17260911608864452, "gamma": 0.06383054057778634}, "datetime": {"datetime": "2021-09-18 14:48:44", "elapsed": 33.630513, "delta": 0.379526}}
{"target": 0.8966813116645103, "params": {"C": 317.5465416590557, "epsilon": 0.06188973871004834, "gamma": 0.06338806396644343}, "datetime": {"datetime": "2021-09-18 14:48:45", "elapsed": 34.088233, "delta": 0.45772}}
{"target": 0.8851099593545342, "params": {"C": 293.1509736326244, "epsilon": 0.4607928725110486, "gamma": 0.13670140841507777}, "datetime": {"datetime": "2021-09-18 14:48:45", "elapsed": 34.562391, "delta": 0.474158}}
{"target": 0.8887714178598292, "params": {"C": 322.54575929139594, "epsilon": 0.4283707020703312, "gamma": 0.11812249416281408}, "datetime": {"datetime": "2021-09-18 14:48:46", "elapsed": 35.004145, "delta": 0.441754}}
{"target": 0.8868147777312686, "params": {"C": 287.3640415833236, "epsilon": 0.1776579051381123, "gamma": 0.12489133909181815}, "datetime": {"datetime": "2021-09-18 14:48:46", "elapsed": 35.459924, "delta": 0.455779}}
{"target": 0.8903335874154211, "params": {"C": 328.9093742560458, "epsilon": 0.3328812729722951, "gamma": 0.11189023784963165}, "datetime": {"datetime": "2021-09-18 14:48:47", "elapsed": 35.962918, "delta": 0.502994}}
{"target": 0.9029208375483977, "params": {"C": 273.70744763225787, "epsilon": 0.2545725544386264, "gamma": 0.09418918433463966}, "datetime": {"datetime": "2021-09-18 14:48:47", "elapsed": 36.424094, "delta": 0.461176}}
{"target": 0.8958741459136371, "params": {"C": 241.44435256502044, "epsilon": 0.6436188773657193, "gamma": 0.11872973222553064}, "datetime": {"datetime": "2021-09-18 14:48:48", "elapsed": 36.955591, "delta": 0.531497}}
{"target": 0.9097815670742684, "params": {"C": 231.54069785239608, "epsilon": 0.7111171166399242, "gamma": 0.08286533394538934}, "datetime": {"datetime": "2021-09-18 14:48:48", "elapsed": 37.397907, "delta": 0.442316}}
{"target": 0.881854387783013, "params": {"C": 292.19501203112, "epsilon": 0.14521562067629634, "gamma": 0.1426896478887419}, "datetime": {"datetime": "2021-09-18 14:48:49", "elapsed": 37.88963, "delta": 0.491723}}
{"target": 0.8997741511640653, "params": {"C": 305.7495464477548, "epsilon": 0.08964148043736252, "gamma": 0.07051530635597383}, "datetime": {"datetime": "2021-09-18 14:48:49", "elapsed": 38.386217, "delta": 0.496587}}
{"target": 0.8984365060576311, "params": {"C": 264.9173447143622, "epsilon": 0.145279375610508, "gamma": 0.06367604444559151}, "datetime": {"datetime": "2021-09-18 14:48:49", "elapsed": 38.819786, "delta": 0.433569}}
{"target": 0.9026046897320211, "params": {"C": 327.2210940096015, "epsilon": 0.5012559575390862, "gamma": 0.05904591269134535}, "datetime": {"datetime": "2021-09-18 14:48:50", "elapsed": 39.286597, "delta": 0.466811}}
{"target": 0.9068861809833825, "params": {"C": 205.2619595760234, "epsilon": 0.4355388445836295, "gamma": 0.09390168934447833}, "datetime": {"datetime": "2021-09-18 14:48:50", "elapsed": 39.746858, "delta": 0.460261}}
{"target": 0.8879878102397729, "params": {"C": 262.0544336550381, "epsilon": 0.7811705113308829, "gamma": 0.14095113191813136}, "datetime": {"datetime": "2021-09-18 14:48:51", "elapsed": 40.173852, "delta": 0.426994}}
{"target": 0.9090309508502895, "params": {"C": 228.30229212402654, "epsilon": 0.7000599149894338, "gamma": 0.07173201206152564}, "datetime": {"datetime": "2021-09-18 14:48:51", "elapsed": 40.650546, "delta": 0.476694}}
{"target": 0.8849163857738884, "params": {"C": 301.2422922675645, "epsilon": 0.45250825470060146, "gamma": 0.13482117010632105}, "datetime": {"datetime": "2021-09-18 14:48:52", "elapsed": 41.081582, "delta": 0.431036}}
{"target": 0.90760013195129, "params": {"C": 215.5673855693021, "epsilon": 0.6906779964991039, "gamma": 0.07046055827513678}, "datetime": {"datetime": "2021-09-18 14:48:52", "elapsed": 41.613933, "delta": 0.532351}}
{"target": 0.893646338730723, "params": {"C": 225.97826301938022, "epsilon": 0.2540241261303371, "gamma": 0.12399219955662767}, "datetime": {"datetime": "2021-09-18 14:48:53", "elapsed": 42.112958, "delta": 0.499025}}
{"target": 0.8903809949286271, "params": {"C": 202.69757385849854, "epsilon": 0.4489351921148067, "gamma": 0.1346825696362544}, "datetime": {"datetime": "2021-09-18 14:48:53", "elapsed": 42.547061, "delta": 0.434103}}
{"target": 0.9020116775584469, "params": {"C": 252.8879202375238, "epsilon": 0.592583475833574, "gamma": 0.06044637819694061}, "datetime": {"datetime": "2021-09-18 14:48:54", "elapsed": 42.961954, "delta": 0.414893}}
{"target": 0.899612093158185, "params": {"C": 231.19325974016255, "epsilon": 0.03400878737336349, "gamma": 0.07011874716732856}, "datetime": {"datetime": "2021-09-18 14:48:54", "elapsed": 43.490148, "delta": 0.528194}}
{"target": 0.899354339866743, "params": {"C": 234.35148027989675, "epsilon": 0.4046041763022123, "gamma": 0.11090040775252455}, "datetime": {"datetime": "2021-09-18 14:48:55", "elapsed": 43.940326, "delta": 0.450178}}
{"target": 0.9025918981877985, "params": {"C": 287.07616254790054, "epsilon": 0.5425451081539895, "gamma": 0.09890105658219109}, "datetime": {"datetime": "2021-09-18 14:48:55", "elapsed": 44.424931, "delta": 0.484605}}
{"target": 0.9041841065665106, "params": {"C": 253.2339554991691, "epsilon": 0.680988862003103, "gamma": 0.10343178841295778}, "datetime": {"datetime": "2021-09-18 14:48:55", "elapsed": 44.853932, "delta": 0.429001}}
{"target": 0.8994975321527673, "params": {"C": 210.89515019049858, "epsilon": 0.7361833588386792, "gamma": 0.057078059475341794}, "datetime": {"datetime": "2021-09-18 14:48:56", "elapsed": 45.288741, "delta": 0.434809}}
{"target": 0.8829117884449905, "params": {"C": 268.7839451105172, "epsilon": 0.1303605723992731, "gamma": 0.1429153504954045}, "datetime": {"datetime": "2021-09-18 14:48:56", "elapsed": 45.767009, "delta": 0.478268}}
{"target": 0.893060757917361, "params": {"C": 303.34625664882213, "epsilon": 0.4288409084738522, "gamma": 0.11175971268529716}, "datetime": {"datetime": "2021-09-18 14:48:57", "elapsed": 46.374939, "delta": 0.60793}}
{"target": 0.9082865583865554, "params": {"C": 275.8680462967883, "epsilon": 0.43973778963416754, "gamma": 0.07108366105926972}, "datetime": {"datetime": "2021-09-18 14:48:57", "elapsed": 46.819737, "delta": 0.444798}}
{"target": 0.9063227693926861, "params": {"C": 288.38077746409175, "epsilon": 0.3669878488146601, "gamma": 0.08315409763657956}, "datetime": {"datetime": "2021-09-18 14:48:58", "elapsed": 47.312963, "delta": 0.493226}}
{"target": 0.9000010327722135, "params": {"C": 203.96725436947926, "epsilon": 0.6092958157705458, "gamma": 0.05818929583485969}, "datetime": {"datetime": "2021-09-18 14:48:58", "elapsed": 47.77763, "delta": 0.464667}}
{"target": 0.9095905052187068, "params": {"C": 329.55165164728055, "epsilon": 0.765268558942558, "gamma": 0.08318961295588892}, "datetime": {"datetime": "2021-09-18 14:48:59", "elapsed": 48.337154, "delta": 0.559524}}
{"target": 0.9095368067398399, "params": {"C": 206.81841511927985, "epsilon": 0.6344251848314217, "gamma": 0.08382488804475077}, "datetime": {"datetime": "2021-09-18 14:48:59", "elapsed": 48.798927, "delta": 0.461773}}
{"target": 0.9037026954641596, "params": {"C": 227.78772582467326, "epsilon": 0.13321843067464215, "gamma": 0.09312348105756962}, "datetime": {"datetime": "2021-09-18 14:49:00", "elapsed": 49.301515, "delta": 0.502588}}
{"target": 0.8891539997216027, "params": {"C": 274.86652577157685, "epsilon": 0.6689021746737128, "gamma": 0.13491719179366937}, "datetime": {"datetime": "2021-09-18 14:49:00", "elapsed": 49.7738, "delta": 0.472285}}
{"target": 0.8872800405280379, "params": {"C": 233.80189295297993, "epsilon": 0.7024220379308891, "gamma": 0.14642154987411918}, "datetime": {"datetime": "2021-09-18 14:49:01", "elapsed": 50.329806, "delta": 0.556006}}
{"target": 0.9025241572817061, "params": {"C": 322.09350989712027, "epsilon": 0.15770976248769839, "gamma": 0.07373635346133661}, "datetime": {"datetime": "2021-09-18 14:49:01", "elapsed": 50.843549, "delta": 0.513743}}
{"target": 0.9100700065402182, "params": {"C": 259.5834209816771, "epsilon": 0.660405816997177, "gamma": 0.07987163660337816}, "datetime": {"datetime": "2021-09-18 14:49:02", "elapsed": 51.336659, "delta": 0.49311}}
{"target": 0.8883414960006121, "params": {"C": 255.7355154076995, "epsilon": 0.5986673131019032, "gamma": 0.13924804780583838}, "datetime": {"datetime": "2021-09-18 14:49:02", "elapsed": 51.813931, "delta": 0.477272}}
{"target": 0.8903359678516239, "params": {"C": 310.5614604167772, "epsilon": 0.6996593143940448, "gamma": 0.1256152088975478}, "datetime": {"datetime": "2021-09-18 14:49:03", "elapsed": 52.417575, "delta": 0.603644}}
{"target": 0.8968258571314457, "params": {"C": 268.0447752148925, "epsilon": 0.03046172621230927, "gamma": 0.062166691752686576}, "datetime": {"datetime": "2021-09-18 14:49:04", "elapsed": 53.047628, "delta": 0.630053}}
{"target": 0.8960074908408561, "params": {"C": 269.3108981512429, "epsilon": 0.5032519669473244, "gamma": 0.1132927080539853}, "datetime": {"datetime": "2021-09-18 14:49:04", "elapsed": 53.638635, "delta": 0.591007}}
{"target": 0.9041330070954594, "params": {"C": 222.87730074329752, "epsilon": 0.49147180902598875, "gamma": 0.1032221798190309}, "datetime": {"datetime": "2021-09-18 14:49:05", "elapsed": 54.13672, "delta": 0.498085}}
{"target": 0.8874200417560622, "params": {"C": 327.10029612742153, "epsilon": 0.20723743995420826, "gamma": 0.11662732993832998}, "datetime": {"datetime": "2021-09-18 14:49:05", "elapsed": 54.769831, "delta": 0.633111}}
{"target": 0.8991573738271694, "params": {"C": 329.10242703256034, "epsilon": 0.21144809518052185, "gamma": 0.09432755041262336}, "datetime": {"datetime": "2021-09-18 14:49:06", "elapsed": 55.32907, "delta": 0.559239}}
{"target": 0.9029984367289863, "params": {"C": 200.09118135939454, "epsilon": 0.11510424632592847, "gamma": 0.09908838516070995}, "datetime": {"datetime": "2021-09-18 14:49:07", "elapsed": 55.996787, "delta": 0.667717}}
{"target": 0.8858958307788459, "params": {"C": 217.56826313324996, "epsilon": 0.25865699688284843, "gamma": 0.14251911467149317}, "datetime": {"datetime": "2021-09-18 14:49:07", "elapsed": 56.509457, "delta": 0.51267}}
{"target": 0.9065134196596213, "params": {"C": 293.09724685727383, "epsilon": 0.3325467824507766, "gamma": 0.08009416271083529}, "datetime": {"datetime": "2021-09-18 14:49:08", "elapsed": 57.120048, "delta": 0.610591}}
{"target": 0.8978950975723972, "params": {"C": 263.609710895675, "epsilon": 0.052884183451133215, "gamma": 0.10954427682841963}, "datetime": {"datetime": "2021-09-18 14:49:08", "elapsed": 57.79584, "delta": 0.675792}}
{"target": 0.9007191239863066, "params": {"C": 290.8411104946496, "epsilon": 0.25944947089006265, "gamma": 0.06306876763024756}, "datetime": {"datetime": "2021-09-18 14:49:09", "elapsed": 58.334349, "delta": 0.538509}}
{"target": 0.9046233954884078, "params": {"C": 264.8950019288292, "epsilon": 0.18984766728714064, "gamma": 0.07536380464862853}, "datetime": {"datetime": "2021-09-18 14:49:10", "elapsed": 58.911366, "delta": 0.577017}}
{"target": 0.9095943605006583, "params": {"C": 252.8165278938797, "epsilon": 0.5011406430289079, "gamma": 0.07798676419462743}, "datetime": {"datetime": "2021-09-18 14:49:10", "elapsed": 59.546408, "delta": 0.635042}}
{"target": 0.8933180586291672, "params": {"C": 233.362542549662, "epsilon": 0.5597121131292861, "gamma": 0.12355671237689737}, "datetime": {"datetime": "2021-09-18 14:49:11", "elapsed": 60.062252, "delta": 0.515844}}
{"target": 0.8976512067589998, "params": {"C": 230.46035884715775, "epsilon": 0.20277969228566387, "gamma": 0.11432346620788661}, "datetime": {"datetime": "2021-09-18 14:49:11", "elapsed": 60.604921, "delta": 0.542669}}
{"target": 0.8955226633458773, "params": {"C": 329.0099831922508, "epsilon": 0.17016361882407158, "gamma": 0.10273308057386821}, "datetime": {"datetime": "2021-09-18 14:49:12", "elapsed": 61.170917, "delta": 0.565996}}
{"target": 0.909489838993401, "params": {"C": 277.0500285644623, "epsilon": 0.6649947116387529, "gamma": 0.08333492804579093}, "datetime": {"datetime": "2021-09-18 14:49:12", "elapsed": 61.698605, "delta": 0.527688}}
{"target": 0.8997608833258302, "params": {"C": 279.8159033756314, "epsilon": 0.20208566199967515, "gamma": 0.06366174213458345}, "datetime": {"datetime": "2021-09-18 14:49:13", "elapsed": 62.352694, "delta": 0.654089}}
{"target": 0.9057234189316123, "params": {"C": 250.00209068416598, "epsilon": 0.2610130396502061, "gamma": 0.07553515085331809}, "datetime": {"datetime": "2021-09-18 14:49:14", "elapsed": 62.918196, "delta": 0.565502}}
{"target": 0.8859950792628157, "params": {"C": 255.06768359231125, "epsilon": 0.13282443480202633, "gamma": 0.13379905289945193}, "datetime": {"datetime": "2021-09-18 14:49:14", "elapsed": 63.631513, "delta": 0.713317}}
{"target": 0.8849089232973574, "params": {"C": 263.2715366338482, "epsilon": 0.6700884867736987, "gamma": 0.14776997272748527}, "datetime": {"datetime": "2021-09-18 14:49:15", "elapsed": 64.19206, "delta": 0.560547}}
{"target": 0.8990906896589073, "params": {"C": 310.3104371038364, "epsilon": 0.13515353947519212, "gamma": 0.09750865924725519}, "datetime": {"datetime": "2021-09-18 14:49:15", "elapsed": 64.805533, "delta": 0.613473}}
{"target": 0.9023107823529661, "params": {"C": 206.41048976214262, "epsilon": 0.4556187529938149, "gamma": 0.10907483235022512}, "datetime": {"datetime": "2021-09-18 14:49:16", "elapsed": 65.360189, "delta": 0.554656}}
{"target": 0.9008406723457395, "params": {"C": 246.2598806146285, "epsilon": 0.37849526225827584, "gamma": 0.10581702360815759}, "datetime": {"datetime": "2021-09-18 14:49:17", "elapsed": 65.930155, "delta": 0.569966}}
{"target": 0.8989381224720069, "params": {"C": 245.73197445426294, "epsilon": 0.20134101751393288, "gamma": 0.06309947043673367}, "datetime": {"datetime": "2021-09-18 14:49:17", "elapsed": 66.613055, "delta": 0.6829}}
{"target": 0.8876361275799789, "params": {"C": 276.41657374919043, "epsilon": 0.4351879931758388, "gamma": 0.12951137626813977}, "datetime": {"datetime": "2021-09-18 14:49:18", "elapsed": 67.289364, "delta": 0.676309}}
{"target": 0.9026253410407751, "params": {"C": 243.38798200373046, "epsilon": 0.23225611726648432, "gamma": 0.09849808922086464}, "datetime": {"datetime": "2021-09-18 14:49:18", "elapsed": 67.873278, "delta": 0.583914}}
{"target": 0.9047127745926377, "params": {"C": 300.47032920735654, "epsilon": 0.19723216544749939, "gamma": 0.07883756258120377}, "datetime": {"datetime": "2021-09-18 14:49:19", "elapsed": 68.496288, "delta": 0.62301}}
{"target": 0.8980062886869337, "params": {"C": 320.28742755623267, "epsilon": 0.5986174170017586, "gamma": 0.1037153344031802}, "datetime": {"datetime": "2021-09-18 14:49:20", "elapsed": 69.083869, "delta": 0.587581}}
{"target": 0.8916835613109264, "params": {"C": 226.91021553564443, "epsilon": 0.354809727429705, "gamma": 0.1268520151870765}, "datetime": {"datetime": "2021-09-18 14:49:20", "elapsed": 69.771169, "delta": 0.6873}}
{"target": 0.8976468176120176, "params": {"C": 286.7250532018777, "epsilon": 0.705986476780389, "gamma": 0.11012183366842214}, "datetime": {"datetime": "2021-09-18 14:49:21", "elapsed": 70.367882, "delta": 0.596713}}
{"target": 0.9068651289529415, "params": {"C": 324.06452241498937, "epsilon": 0.3933981366611311, "gamma": 0.07713289277126122}, "datetime": {"datetime": "2021-09-18 14:49:22", "elapsed": 71.102982, "delta": 0.7351}}
{"target": 0.9001545398645154, "params": {"C": 201.8050304752527, "epsilon": 0.6018469592707075, "gamma": 0.05868614630584003}, "datetime": {"datetime": "2021-09-18 14:49:22", "elapsed": 71.672902, "delta": 0.56992}}
{"target": 0.8991751517473906, "params": {"C": 255.9213282873506, "epsilon": 0.06015522190476237, "gamma": 0.10705293831684752}, "datetime": {"datetime": "2021-09-18 14:49:23", "elapsed": 72.493342, "delta": 0.82044}}
{"target": 0.8963313142997467, "params": {"C": 239.39064719799134, "epsilon": 0.6223034080842214, "gamma": 0.11797654664154233}, "datetime": {"datetime": "2021-09-18 14:49:24", "elapsed": 73.081041, "delta": 0.587699}}
{"target": 0.9059190642809087, "params": {"C": 244.06698462136302, "epsilon": 0.2662879077817357, "gamma": 0.08631379966476956}, "datetime": {"datetime": "2021-09-18 14:49:24", "elapsed": 73.688666, "delta": 0.607625}}
{"target": 0.9016456810972888, "params": {"C": 206.490702700977, "epsilon": 0.09166222013329504, "gamma": 0.07456138071165883}, "datetime": {"datetime": "2021-09-18 14:49:25", "elapsed": 74.420547, "delta": 0.731881}}
{"target": 0.8954983287608209, "params": {"C": 312.4228132837728, "epsilon": 0.5445875487676803, "gamma": 0.10796650986767056}, "datetime": {"datetime": "2021-09-18 14:49:26", "elapsed": 75.042151, "delta": 0.621604}}
{"target": 0.904051797723653, "params": {"C": 206.47684701063721, "epsilon": 0.1384290445080672, "gamma": 0.09209192336043986}, "datetime": {"datetime": "2021-09-18 14:49:26", "elapsed": 75.797185, "delta": 0.755034}}
{"target": 0.8986225222395314, "params": {"C": 266.8719937480467, "epsilon": 0.07272724444429428, "gamma": 0.10693943568629674}, "datetime": {"datetime": "2021-09-18 14:49:27", "elapsed": 76.612839, "delta": 0.815654}}
{"target": 0.8980633501784744, "params": {"C": 242.67839275517397, "epsilon": 0.34608017978411426, "gamma": 0.057114298021074386}, "datetime": {"datetime": "2021-09-18 14:49:28", "elapsed": 77.195111, "delta": 0.582272}}
{"target": 0.9019104751742729, "params": {"C": 216.66402599446013, "epsilon": 0.04806899698655194, "gamma": 0.08314433907238947}, "datetime": {"datetime": "2021-09-18 14:49:28", "elapsed": 77.802533, "delta": 0.607422}}
{"target": 0.8997999525925579, "params": {"C": 217.67049015771426, "epsilon": 0.026762244466830367, "gamma": 0.06824698946150219}, "datetime": {"datetime": "2021-09-18 14:49:29", "elapsed": 78.552672, "delta": 0.750139}}
{"target": 0.8988708398981253, "params": {"C": 316.6179556570481, "epsilon": 0.6633403084807732, "gamma": 0.053737272285478394}, "datetime": {"datetime": "2021-09-18 14:49:30", "elapsed": 79.416366, "delta": 0.863694}}
{"target": 0.8858982055467987, "params": {"C": 289.4922199192024, "epsilon": 0.7762246526597585, "gamma": 0.14161971002604679}, "datetime": {"datetime": "2021-09-18 14:49:31", "elapsed": 80.000413, "delta": 0.584047}}
{"target": 0.9084303322902584, "params": {"C": 325.61780667317237, "epsilon": 0.4572263454049305, "gamma": 0.07304462278116522}, "datetime": {"datetime": "2021-09-18 14:49:31", "elapsed": 80.641416, "delta": 0.641003}}
{"target": 0.8979215989682293, "params": {"C": 307.7584716053066, "epsilon": 0.11042911394408801, "gamma": 0.10125431321171297}, "datetime": {"datetime": "2021-09-18 14:49:32", "elapsed": 81.583264, "delta": 0.941848}}
{"target": 0.9035282851846529, "params": {"C": 230.45962312983227, "epsilon": 0.18762118370112946, "gamma": 0.09771494749821832}, "datetime": {"datetime": "2021-09-18 14:49:33", "elapsed": 82.468761, "delta": 0.885497}}
{"target": 0.8985287945220342, "params": {"C": 318.8978016872897, "epsilon": 0.05116505770309338, "gamma": 0.09704975560820975}, "datetime": {"datetime": "2021-09-18 14:49:34", "elapsed": 83.157219, "delta": 0.688458}}
{"target": 0.8874520689143213, "params": {"C": 326.7667444114514, "epsilon": 0.38795115918020195, "gamma": 0.11991499421364156}, "datetime": {"datetime": "2021-09-18 14:49:34", "elapsed": 83.832192, "delta": 0.674973}}
{"target": 0.8943675610327956, "params": {"C": 300.9933705273091, "epsilon": 0.21821326781084097, "gamma": 0.053588742825382674}, "datetime": {"datetime": "2021-09-18 14:49:35", "elapsed": 84.486771, "delta": 0.654579}}
