{"target": 0.8955401515100462, "params": {"C": 307.26437142431087, "epsilon": 0.36347046722395887, "gamma": 0.10820026652578506}, "datetime": {"datetime": "2021-09-18 15:34:19", "elapsed": 364.632124, "delta": 1.422197}}
{"target": 0.9055764560097105, "params": {"C": 381.60054119678495, "epsilon": 0.4080962674396273, "gamma": 0.06266884062587655}, "datetime": {"datetime": "2021-09-18 15:34:20", "elapsed": 366.162713, "delta": 1.530589}}
{"target": 0.9072040593648689, "params": {"C": 401.9544360875075, "epsilon": 0.688508775405212, "gamma": 0.05952077629767127}, "datetime": {"datetime": "2021-09-18 15:34:23", "elapsed": 368.381753, "delta": 2.21904}}
{"target": 0.8712135358548945, "params": {"C": 463.52662214708585, "epsilon": 0.02989326556507893, "gamma": 0.14863037887087682}, "datetime": {"datetime": "2021-09-18 15:34:24", "elapsed": 369.950714, "delta": 1.568961}}
{"target": 0.9052132169735018, "params": {"C": 483.28671147496436, "epsilon": 0.6768164416360799, "gamma": 0.07850792972888876}, "datetime": {"datetime": "2021-09-18 15:34:27", "elapsed": 372.825753, "delta": 2.875039}}
{"target": 0.8974727770567967, "params": {"C": 665.7675538940632, "epsilon": 0.28382386584615293, "gamma": 0.06443497958494973}, "datetime": {"datetime": "2021-09-18 15:34:29", "elapsed": 374.41272, "delta": 1.586967}}
{"target": 0.9100485490322361, "params": {"C": 328.0850438082544, "epsilon": 0.6912326050190253, "gamma": 0.06793904447745396}, "datetime": {"datetime": "2021-09-18 15:34:32", "elapsed": 377.587318, "delta": 3.174598}}
{"target": 0.9031785988783751, "params": {"C": 380.3027638150716, "epsilon": 0.49852193842394965, "gamma": 0.08623940506385329}, "datetime": {"datetime": "2021-09-18 15:34:34", "elapsed": 379.728654, "delta": 2.141336}}
{"target": 0.9085725348192076, "params": {"C": 328.0210479638826, "epsilon": 0.5219003427170213, "gamma": 0.07597271251316538}, "datetime": {"datetime": "2021-09-18 15:34:36", "elapsed": 381.907644, "delta": 2.17899}}
{"target": 0.9045887893738853, "params": {"C": 587.8404457285968, "epsilon": 0.6176788708319608, "gamma": 0.06421917947562245}, "datetime": {"datetime": "2021-09-18 15:34:38", "elapsed": 383.399995, "delta": 1.492351}}
{"target": 0.8812885416944486, "params": {"C": 371.79511629784497, "epsilon": 0.5842294521604809, "gamma": 0.13767065712744647}, "datetime": {"datetime": "2021-09-18 15:34:40", "elapsed": 385.62723, "delta": 2.227235}}
{"target": 0.9045152045697925, "params": {"C": 328.0705337782228, "epsilon": 0.5968927646583878, "gamma": 0.06019045428592079}, "datetime": {"datetime": "2021-09-18 15:34:42", "elapsed": 387.894239, "delta": 2.267009}}
{"target": 0.877978807158169, "params": {"C": 385.2464678964762, "epsilon": 0.30639032415147954, "gamma": 0.1363981552862349}, "datetime": {"datetime": "2021-09-18 15:34:44", "elapsed": 389.518373, "delta": 1.624134}}
{"target": 0.8921279735261021, "params": {"C": 327.95849379868065, "epsilon": 0.4877375700627752, "gamma": 0.11087838237820294}, "datetime": {"datetime": "2021-09-18 15:34:47", "elapsed": 392.178392, "delta": 2.660019}}
{"target": 0.8868787620707763, "params": {"C": 334.4791644036676, "epsilon": 0.2903841115920999, "gamma": 0.11802610791682912}, "datetime": {"datetime": "2021-09-18 15:34:50", "elapsed": 395.538801, "delta": 3.360409}}
{"target": 0.8819586495351203, "params": {"C": 323.71985964177, "epsilon": 0.7636896978920248, "gamma": 0.14608017518732477}, "datetime": {"datetime": "2021-09-18 15:34:51", "elapsed": 397.051802, "delta": 1.513001}}
{"target": 0.8980069842594551, "params": {"C": 328.1288385691426, "epsilon": 0.7542304856257165, "gamma": 0.05203214862229821}, "datetime": {"datetime": "2021-09-18 15:34:54", "elapsed": 399.622774, "delta": 2.570972}}
{"target": 0.8986601588859462, "params": {"C": 328.0485043653877, "epsilon": 0.5135566982420467, "gamma": 0.1011661980033366}, "datetime": {"datetime": "2021-09-18 15:34:57", "elapsed": 402.398412, "delta": 2.775638}}
{"target": 0.9012143381488422, "params": {"C": 381.5200592309593, "epsilon": 0.3987751307907031, "gamma": 0.0871598857413508}, "datetime": {"datetime": "2021-09-18 15:34:59", "elapsed": 404.867245, "delta": 2.468833}}
{"target": 0.8771826486208306, "params": {"C": 380.3816527492587, "epsilon": 0.34982075673896923, "gamma": 0.14302115001397725}, "datetime": {"datetime": "2021-09-18 15:35:01", "elapsed": 406.472288, "delta": 1.605043}}
{"target": 0.9019414125260846, "params": {"C": 380.07228454177954, "epsilon": 0.4903168604919692, "gamma": 0.05660386969170342}, "datetime": {"datetime": "2021-09-18 15:35:04", "elapsed": 409.661408, "delta": 3.18912}}
{"target": 0.9092879881446608, "params": {"C": 366.3251412287127, "epsilon": 0.6850126082406276, "gamma": 0.06362574960190344}, "datetime": {"datetime": "2021-09-18 15:35:06", "elapsed": 411.293413, "delta": 1.632005}}
{"target": 0.8936830521742036, "params": {"C": 366.25329809685786, "epsilon": 0.7090977825953695, "gamma": 0.11017254838552054}, "datetime": {"datetime": "2021-09-18 15:35:08", "elapsed": 413.588448, "delta": 2.295035}}
{"target": 0.8976936535978768, "params": {"C": 327.99147297927794, "epsilon": 0.5816845021874031, "gamma": 0.05227415479367027}, "datetime": {"datetime": "2021-09-18 15:35:11", "elapsed": 416.180408, "delta": 2.59196}}
{"target": 0.8776720293787018, "params": {"C": 381.59459792499115, "epsilon": 0.4359505816827423, "gamma": 0.14631527905839017}, "datetime": {"datetime": "2021-09-18 15:35:14", "elapsed": 419.424408, "delta": 3.244}}
{"target": 0.8942381744584249, "params": {"C": 380.0757326631468, "epsilon": 0.7597136991556446, "gamma": 0.10840147355550098}, "datetime": {"datetime": "2021-09-18 15:35:17", "elapsed": 422.700443, "delta": 3.276035}}
{"target": 0.9070402413182741, "params": {"C": 366.33644328190735, "epsilon": 0.767907765650858, "gamma": 0.0867907344252434}, "datetime": {"datetime": "2021-09-18 15:35:20", "elapsed": 425.640444, "delta": 2.940001}}
{"target": 0.9016775410272274, "params": {"C": 695.7546003252719, "epsilon": 0.6825896492115833, "gamma": 0.05}, "datetime": {"datetime": "2021-09-18 15:35:23", "elapsed": 428.873443, "delta": 3.232999}}
{"target": 0.8829620289488873, "params": {"C": 344.4927073954565, "epsilon": 0.43157184923808384, "gamma": 0.1322515387076147}, "datetime": {"datetime": "2021-09-18 15:35:25", "elapsed": 430.568471, "delta": 1.695028}}
{"target": 0.8979810696564999, "params": {"C": 459.2431334067496, "epsilon": 0.586360775294849, "gamma": 0.05}, "datetime": {"datetime": "2021-09-18 15:35:27", "elapsed": 433.022316, "delta": 2.453845}}
{"target": 0.9086155426624414, "params": {"C": 371.8884814916787, "epsilon": 0.5621414577390392, "gamma": 0.07061459239509035}, "datetime": {"datetime": "2021-09-18 15:35:31", "elapsed": 436.216551, "delta": 3.194235}}
{"target": 0.9001784934531335, "params": {"C": 462.51327653481985, "epsilon": 0.6266810132438309, "gamma": 0.051770671607933055}, "datetime": {"datetime": "2021-09-18 15:35:32", "elapsed": 437.904062, "delta": 1.687511}}
{"target": 0.8816080452912793, "params": {"C": 366.3395632798226, "epsilon": 0.6351039597147935, "gamma": 0.13972673108932826}, "datetime": {"datetime": "2021-09-18 15:35:35", "elapsed": 440.221236, "delta": 2.317174}}
{"target": 0.8803392291470936, "params": {"C": 558.102159053354, "epsilon": 0.6732790867050542, "gamma": 0.12039472597222813}, "datetime": {"datetime": "2021-09-18 15:35:37", "elapsed": 442.577246, "delta": 2.35601}}
{"target": 0.9105243997378396, "params": {"C": 366.39898986824915, "epsilon": 0.7890841522903572, "gamma": 0.0746215970314346}, "datetime": {"datetime": "2021-09-18 15:35:40", "elapsed": 446.101137, "delta": 3.523891}}
{"target": 0.8903681216256933, "params": {"C": 339.05651843421606, "epsilon": 0.6966702263539313, "gamma": 0.12217548540026878}, "datetime": {"datetime": "2021-09-18 15:35:42", "elapsed": 447.825174, "delta": 1.724037}}
{"target": 0.9097668638052536, "params": {"C": 366.4533768259855, "epsilon": 0.7904182323049314, "gamma": 0.07968019865891801}, "datetime": {"datetime": "2021-09-18 15:35:45", "elapsed": 450.648724, "delta": 2.82355}}
{"target": 0.888904757241081, "params": {"C": 328.01729793082836, "epsilon": 0.6082612064470122, "gamma": 0.12489868354613555}, "datetime": {"datetime": "2021-09-18 15:35:48", "elapsed": 454.110972, "delta": 3.462248}}
{"target": 0.8821707646904144, "params": {"C": 380.2478581941739, "epsilon": 0.4536211566822531, "gamma": 0.12947498736782095}, "datetime": {"datetime": "2021-09-18 15:35:51", "elapsed": 456.707539, "delta": 2.596567}}
{"target": 0.8999996652234867, "params": {"C": 533.5094509338421, "epsilon": 0.4493908280656334, "gamma": 0.05194695452550329}, "datetime": {"datetime": "2021-09-18 15:35:53", "elapsed": 458.482883, "delta": 1.775344}}
{"target": 0.9024809179497072, "params": {"C": 366.3479837228389, "epsilon": 0.6985644259622538, "gamma": 0.055926044626346955}, "datetime": {"datetime": "2021-09-18 15:35:55", "elapsed": 461.079277, "delta": 2.596394}}
{"target": 0.9097240548968402, "params": {"C": 368.51023855916844, "epsilon": 0.796596637102585, "gamma": 0.06230952003013845}, "datetime": {"datetime": "2021-09-18 15:35:58", "elapsed": 463.716275, "delta": 2.636998}}
{"target": 0.9043131148046969, "params": {"C": 533.582433657777, "epsilon": 0.4741773601879044, "gamma": 0.06195844747555615}, "datetime": {"datetime": "2021-09-18 15:36:01", "elapsed": 466.674155, "delta": 2.95788}}
{"target": 0.8946503677032485, "params": {"C": 558.1969472952829, "epsilon": 0.7333302039929376, "gamma": 0.08898302116874925}, "datetime": {"datetime": "2021-09-18 15:36:04", "elapsed": 469.31861, "delta": 2.644455}}
{"target": 0.879457396715359, "params": {"C": 533.5854556467982, "epsilon": 0.41358698071554634, "gamma": 0.11287553754109032}, "datetime": {"datetime": "2021-09-18 15:36:08", "elapsed": 473.310517, "delta": 3.991907}}
{"target": 0.9065271251774261, "params": {"C": 483.1467687787298, "epsilon": 0.7958273560527166, "gamma": 0.05526374231709629}, "datetime": {"datetime": "2021-09-18 15:36:11", "elapsed": 476.702202, "delta": 3.391685}}
{"target": 0.9060641473240686, "params": {"C": 501.97357744924204, "epsilon": 0.6279166019167471, "gamma": 0.07151878182096094}, "datetime": {"datetime": "2021-09-18 15:36:13", "elapsed": 478.501537, "delta": 1.799335}}
{"target": 0.9018558270946663, "params": {"C": 371.92928656949357, "epsilon": 0.5886922364207947, "gamma": 0.0557642518055277}, "datetime": {"datetime": "2021-09-18 15:36:16", "elapsed": 481.350746, "delta": 2.849209}}
{"target": 0.8868559467822177, "params": {"C": 366.42832145352173, "epsilon": 0.742186455515892, "gamma": 0.12699738090529883}, "datetime": {"datetime": "2021-09-18 15:36:18", "elapsed": 484.042039, "delta": 2.691293}}
{"target": 0.8790592481443895, "params": {"C": 499.30375710243857, "epsilon": 0.6250449918755941, "gamma": 0.13054801171212385}, "datetime": {"datetime": "2021-09-18 15:36:20", "elapsed": 485.771205, "delta": 1.729166}}
{"target": 0.8643423802534178, "params": {"C": 681.2142524892813, "epsilon": 0.09435639056643773, "gamma": 0.13948172774135442}, "datetime": {"datetime": "2021-09-18 15:36:22", "elapsed": 487.711205, "delta": 1.94}}
{"target": 0.9053570879732933, "params": {"C": 502.0294201722079, "epsilon": 0.6733880617654795, "gamma": 0.05570060664551816}, "datetime": {"datetime": "2021-09-18 15:36:24", "elapsed": 489.90721, "delta": 2.196005}}
{"target": 0.9066579473717602, "params": {"C": 501.9706290437347, "epsilon": 0.7067202293312317, "gamma": 0.05709943230031378}, "datetime": {"datetime": "2021-09-18 15:36:27", "elapsed": 492.572211, "delta": 2.665001}}
{"target": 0.8850923149440062, "params": {"C": 406.37321291559164, "epsilon": 0.49029768632507126, "gamma": 0.1190446496458137}, "datetime": {"datetime": "2021-09-18 15:36:29", "elapsed": 494.413202, "delta": 1.840991}}
{"target": 0.9008173169071717, "params": {"C": 367.77511371803865, "epsilon": 0.7365628357724902, "gamma": 0.05414080788693581}, "datetime": {"datetime": "2021-09-18 15:36:31", "elapsed": 496.985205, "delta": 2.572003}}
{"target": 0.8715863943777065, "params": {"C": 588.8515205479433, "epsilon": 0.08663936503278279, "gamma": 0.12930019264894405}, "datetime": {"datetime": "2021-09-18 15:36:33", "elapsed": 498.902167, "delta": 1.916962}}
{"target": 0.8754186363478943, "params": {"C": 584.9196596955189, "epsilon": 0.3487243406238101, "gamma": 0.11501341376774424}, "datetime": {"datetime": "2021-09-18 15:36:35", "elapsed": 500.716173, "delta": 1.814006}}
{"target": 0.9013417959732193, "params": {"C": 380.1487208033335, "epsilon": 0.5601811911462766, "gamma": 0.05527376782703543}, "datetime": {"datetime": "2021-09-18 15:36:38", "elapsed": 503.402173, "delta": 2.686}}
{"target": 0.8933481274001742, "params": {"C": 502.00397932867577, "epsilon": 0.6840904933434909, "gamma": 0.09583621074662163}, "datetime": {"datetime": "2021-09-18 15:36:43", "elapsed": 508.468209, "delta": 5.066036}}
{"target": 0.9068834964002689, "params": {"C": 501.92678648646654, "epsilon": 0.6477570686181778, "gamma": 0.05935307111444809}, "datetime": {"datetime": "2021-09-18 15:36:45", "elapsed": 511.071165, "delta": 2.602956}}
{"target": 0.9059513363048898, "params": {"C": 584.6398078486097, "epsilon": 0.7511181418677475, "gamma": 0.07002639272162847}, "datetime": {"datetime": "2021-09-18 15:36:47", "elapsed": 512.878171, "delta": 1.807006}}
{"target": 0.901147475501872, "params": {"C": 371.83254018284845, "epsilon": 0.5484950800448344, "gamma": 0.0554324717677524}, "datetime": {"datetime": "2021-09-18 15:36:51", "elapsed": 516.399056, "delta": 3.520885}}
{"target": 0.9011395622411971, "params": {"C": 584.6755491116924, "epsilon": 0.7974150553022048, "gamma": 0.07879783246697739}, "datetime": {"datetime": "2021-09-18 15:36:54", "elapsed": 520.047123, "delta": 3.648067}}
{"target": 0.9002579057821039, "params": {"C": 508.5926572673276, "epsilon": 0.41790235212221183, "gamma": 0.05306293290465317}, "datetime": {"datetime": "2021-09-18 15:36:56", "elapsed": 521.990477, "delta": 1.943354}}
{"target": 0.8742690338800088, "params": {"C": 645.7425945494427, "epsilon": 0.5004609936273245, "gamma": 0.11869673736837962}, "datetime": {"datetime": "2021-09-18 15:36:58", "elapsed": 523.905442, "delta": 1.914965}}
{"target": 0.8961746664923473, "params": {"C": 469.1999439861411, "epsilon": 0.2870052845971508, "gamma": 0.08586437424893248}, "datetime": {"datetime": "2021-09-18 15:37:00", "elapsed": 525.783482, "delta": 1.87804}}
{"target": 0.8973496083834633, "params": {"C": 334.45691840592383, "epsilon": 0.4792411576005194, "gamma": 0.052951501677349556}, "datetime": {"datetime": "2021-09-18 15:37:05", "elapsed": 530.208447, "delta": 4.424965}}
{"target": 0.9102135361801692, "params": {"C": 366.5077101732985, "epsilon": 0.767228426614362, "gamma": 0.06715658255114751}, "datetime": {"datetime": "2021-09-18 15:37:08", "elapsed": 533.904067, "delta": 3.69562}}
{"target": 0.884466252884138, "params": {"C": 597.1028380101452, "epsilon": 0.6442098035735839, "gamma": 0.10422197920242046}, "datetime": {"datetime": "2021-09-18 15:37:10", "elapsed": 535.941903, "delta": 2.037836}}
{"target": 0.886299870333207, "params": {"C": 406.9880409040965, "epsilon": 0.23677040675441352, "gamma": 0.10786220294671972}, "datetime": {"datetime": "2021-09-18 15:37:12", "elapsed": 537.88504, "delta": 1.943137}}
{"target": 0.8984709922512193, "params": {"C": 584.5685893512624, "epsilon": 0.7777399501479076, "gamma": 0.0820528160004715}, "datetime": {"datetime": "2021-09-18 15:37:15", "elapsed": 541.108401, "delta": 3.223361}}
{"target": 0.9036761557595875, "params": {"C": 655.2448703493349, "epsilon": 0.6627602007885955, "gamma": 0.06117826543601887}, "datetime": {"datetime": "2021-09-18 15:37:18", "elapsed": 543.192102, "delta": 2.083701}}
{"target": 0.9002336558367086, "params": {"C": 584.5894465155603, "epsilon": 0.6926913035577894, "gamma": 0.0777274664708003}, "datetime": {"datetime": "2021-09-18 15:37:22", "elapsed": 547.423488, "delta": 4.231386}}
{"target": 0.8863234146489106, "params": {"C": 354.1111239712847, "epsilon": 0.32242717630047696, "gamma": 0.11740869292918982}, "datetime": {"datetime": "2021-09-18 15:37:24", "elapsed": 549.355337, "delta": 1.931849}}
{"target": 0.8972624625586106, "params": {"C": 544.2085738863018, "epsilon": 0.20646839127657268, "gamma": 0.06955401874462956}, "datetime": {"datetime": "2021-09-18 15:37:26", "elapsed": 551.297695, "delta": 1.942358}}
{"target": 0.8916354084325642, "params": {"C": 501.91956888175605, "epsilon": 0.6228195146236011, "gamma": 0.09675501280888531}, "datetime": {"datetime": "2021-09-18 15:37:29", "elapsed": 554.33926, "delta": 3.041565}}
{"target": 0.9015816925561995, "params": {"C": 367.7384874095319, "epsilon": 0.7981753778571536, "gamma": 0.05419837959105224}, "datetime": {"datetime": "2021-09-18 15:37:31", "elapsed": 556.822552, "delta": 2.483292}}
{"target": 0.9087036734539888, "params": {"C": 316.50459577164526, "epsilon": 0.6393717889218865, "gamma": 0.06545794306889138}, "datetime": {"datetime": "2021-09-18 15:37:33", "elapsed": 558.836527, "delta": 2.013975}}
{"target": 0.8700669605344956, "params": {"C": 629.5597112906859, "epsilon": 0.6183759665066035, "gamma": 0.13751740541677526}, "datetime": {"datetime": "2021-09-18 15:37:35", "elapsed": 560.771187, "delta": 1.93466}}
{"target": 0.8828114986095941, "params": {"C": 366.5435208615188, "epsilon": 0.7794938505869715, "gamma": 0.14014926466992345}, "datetime": {"datetime": "2021-09-18 15:37:39", "elapsed": 564.243756, "delta": 3.472569}}
{"target": 0.8953134488067807, "params": {"C": 514.731824302909, "epsilon": 0.210200526030275, "gamma": 0.05692217788012637}, "datetime": {"datetime": "2021-09-18 15:37:41", "elapsed": 566.41524, "delta": 2.171484}}
{"target": 0.9058530014107524, "params": {"C": 538.4049753193451, "epsilon": 0.6870285543744092, "gamma": 0.0710355387802857}, "datetime": {"datetime": "2021-09-18 15:37:43", "elapsed": 568.250337, "delta": 1.835097}}
{"target": 0.9058474609255714, "params": {"C": 538.3659442453135, "epsilon": 0.6369748870065131, "gamma": 0.06683739586479238}, "datetime": {"datetime": "2021-09-18 15:37:45", "elapsed": 571.128094, "delta": 2.877757}}
{"target": 0.8856218835206825, "params": {"C": 538.4226672735948, "epsilon": 0.6511660552254315, "gamma": 0.10819619901586533}, "datetime": {"datetime": "2021-09-18 15:37:48", "elapsed": 574.148679, "delta": 3.020585}}
{"target": 0.8980761190908654, "params": {"C": 316.49769303131677, "epsilon": 0.6980543495844667, "gamma": 0.052542617775741686}, "datetime": {"datetime": "2021-09-18 15:37:51", "elapsed": 576.723552, "delta": 2.574873}}
{"target": 0.8825152825663272, "params": {"C": 303.0753607622735, "epsilon": 0.690482745193366, "gamma": 0.14750023942888904}, "datetime": {"datetime": "2021-09-18 15:37:53", "elapsed": 578.708426, "delta": 1.984874}}
{"target": 0.8888262074852744, "params": {"C": 483.20825596996076, "epsilon": 0.5400407925708859, "gamma": 0.10190336351225743}, "datetime": {"datetime": "2021-09-18 15:37:55", "elapsed": 580.830138, "delta": 2.121712}}
{"target": 0.9061306026349981, "params": {"C": 328.04896474828377, "epsilon": 0.6419425241280502, "gamma": 0.061520171181147}, "datetime": {"datetime": "2021-09-18 15:37:59", "elapsed": 584.317255, "delta": 3.487117}}
{"target": 0.8929161339374148, "params": {"C": 366.9395990813796, "epsilon": 0.33091784292988935, "gamma": 0.10376684251140092}, "datetime": {"datetime": "2021-09-18 15:38:01", "elapsed": 586.314547, "delta": 1.997292}}
{"target": 0.9099171417928351, "params": {"C": 462.83997357976455, "epsilon": 0.7939373200705291, "gamma": 0.06554706111525535}, "datetime": {"datetime": "2021-09-18 15:38:04", "elapsed": 589.309309, "delta": 2.994762}}
{"target": 0.8883365787045219, "params": {"C": 587.8546994615455, "epsilon": 0.6884781577630829, "gamma": 0.09949913857510916}, "datetime": {"datetime": "2021-09-18 15:38:07", "elapsed": 592.373914, "delta": 3.064605}}
{"target": 0.8983652504184708, "params": {"C": 316.4571725171619, "epsilon": 0.6158032122764817, "gamma": 0.05324559484635891}, "datetime": {"datetime": "2021-09-18 15:38:10", "elapsed": 595.519912, "delta": 3.145998}}
{"target": 0.8979787150866032, "params": {"C": 369.8316722589486, "epsilon": 0.3707165292157636, "gamma": 0.09658386018081641}, "datetime": {"datetime": "2021-09-18 15:38:12", "elapsed": 597.563751, "delta": 2.043839}}
{"target": 0.8992248197102898, "params": {"C": 459.45010694776204, "epsilon": 0.6043071133907811, "gamma": 0.08727167129905981}, "datetime": {"datetime": "2021-09-18 15:38:14", "elapsed": 599.717011, "delta": 2.15326}}
{"target": 0.8736125221553006, "params": {"C": 584.6516831190951, "epsilon": 0.7206550343342731, "gamma": 0.13453683617895834}, "datetime": {"datetime": "2021-09-18 15:38:18", "elapsed": 603.812852, "delta": 4.095841}}
{"target": 0.9021979136924738, "params": {"C": 538.4263410495813, "epsilon": 0.7522051360470579, "gamma": 0.07974592740231533}, "datetime": {"datetime": "2021-09-18 15:38:21", "elapsed": 606.865625, "delta": 3.052773}}
{"target": 0.8848542438811143, "params": {"C": 316.5195990268721, "epsilon": 0.6743587269919038, "gamma": 0.1400585298973977}, "datetime": {"datetime": "2021-09-18 15:38:25", "elapsed": 610.748745, "delta": 3.88312}}
{"target": 0.8822490336249177, "params": {"C": 656.6231867655426, "epsilon": 0.43706395182401575, "gamma": 0.09310007102331119}, "datetime": {"datetime": "2021-09-18 15:38:27", "elapsed": 612.723084, "delta": 1.974339}}
{"target": 0.8999078670733964, "params": {"C": 462.74834756232707, "epsilon": 0.7881267510372287, "gamma": 0.050550966935590774}, "datetime": {"datetime": "2021-09-18 15:38:31", "elapsed": 616.655062, "delta": 3.931978}}
{"target": 0.9010550369720255, "params": {"C": 538.2905857362175, "epsilon": 0.5905736333954376, "gamma": 0.05160143537624095}, "datetime": {"datetime": "2021-09-18 15:38:34", "elapsed": 619.981495, "delta": 3.326433}}
