{"target": -2.4534133282544035, "params": {"C": 111.21642335158678, "epsilon": 0.02, "gamma": 0.2}, "datetime": {"datetime": "2021-09-19 08:31:19", "elapsed": 0.731206, "delta": 0.279612}}
{"target": -2.465567020529834, "params": {"C": 133.65934820783355, "epsilon": 0.07141943411027324, "gamma": 0.19769871867170571}, "datetime": {"datetime": "2021-09-19 08:31:19", "elapsed": 0.977452, "delta": 0.246246}}
{"target": -2.254160367249515, "params": {"C": 128.9137034717021, "epsilon": 0.026327521460054425, "gamma": 0.03}, "datetime": {"datetime": "2021-09-19 08:31:20", "elapsed": 1.196718, "delta": 0.219266}}
{"target": -2.3677118616683495, "params": {"C": 131.0627363159735, "epsilon": 0.14795045222835715, "gamma": 0.159668756895587}, "datetime": {"datetime": "2021-09-19 08:31:20", "elapsed": 1.488525, "delta": 0.291807}}
{"target": -2.133940534589642, "params": {"C": 118.60274110510571, "epsilon": 0.0801841609922056, "gamma": 0.10003320135198222}, "datetime": {"datetime": "2021-09-19 08:31:20", "elapsed": 1.631054, "delta": 0.142529}}
{"target": -2.2093910124737577, "params": {"C": 129.83928388533724, "epsilon": 0.06978545099242835, "gamma": 0.11882227420282218}, "datetime": {"datetime": "2021-09-19 08:31:20", "elapsed": 1.892181, "delta": 0.261127}}
{"target": -2.0628016700482745, "params": {"C": 130.2393243067221, "epsilon": 0.02094634477182117, "gamma": 0.05320877120648146}, "datetime": {"datetime": "2021-09-19 08:31:21", "elapsed": 2.021736, "delta": 0.129555}}
{"target": -2.072600779336685, "params": {"C": 119.29551486395411, "epsilon": 0.043514354361180015, "gamma": 0.06890106319540827}, "datetime": {"datetime": "2021-09-19 08:31:21", "elapsed": 2.260574, "delta": 0.238838}}
{"target": -2.4546887628036504, "params": {"C": 119.84687133980859, "epsilon": 0.03412762386623266, "gamma": 0.19624625297062293}, "datetime": {"datetime": "2021-09-19 08:31:21", "elapsed": 2.575871, "delta": 0.315297}}
{"target": -2.460113729889629, "params": {"C": 119.00871000673587, "epsilon": 0.09709231426513208, "gamma": 0.1996125388729882}, "datetime": {"datetime": "2021-09-19 08:31:21", "elapsed": 2.774479, "delta": 0.198608}}
{"target": -2.1346044670102113, "params": {"C": 167.71115262676585, "epsilon": 0.0912284355514861, "gamma": 0.09514555841357981}, "datetime": {"datetime": "2021-09-19 08:31:21", "elapsed": 2.95263, "delta": 0.178151}}
{"target": -2.1494157547113626, "params": {"C": 130.4104460979186, "epsilon": 0.050951000519560384, "gamma": 0.03582663329118847}, "datetime": {"datetime": "2021-09-19 08:31:22", "elapsed": 3.14014, "delta": 0.18751}}
{"target": -2.0875626224858466, "params": {"C": 127.40004676841379, "epsilon": 0.11936529249734157, "gamma": 0.04136799276225356}, "datetime": {"datetime": "2021-09-19 08:31:22", "elapsed": 3.278288, "delta": 0.138148}}
{"target": -2.468879977585247, "params": {"C": 130.18495165412315, "epsilon": 0.13821223257037665, "gamma": 0.1995913020166051}, "datetime": {"datetime": "2021-09-19 08:31:22", "elapsed": 3.476276, "delta": 0.197988}}
{"target": -2.216755315001937, "params": {"C": 130.40243929173425, "epsilon": 0.042956236584733784, "gamma": 0.03167580874542678}, "datetime": {"datetime": "2021-09-19 08:31:22", "elapsed": 3.601455, "delta": 0.125179}}
{"target": -2.3267460698705076, "params": {"C": 161.36246607178836, "epsilon": 0.09246094643335075, "gamma": 0.14111317645130256}, "datetime": {"datetime": "2021-09-19 08:31:22", "elapsed": 3.773327, "delta": 0.171872}}
{"target": -2.2279043551091853, "params": {"C": 119.30428340263757, "epsilon": 0.0471634552333684, "gamma": 0.12452623246299058}, "datetime": {"datetime": "2021-09-19 08:31:22", "elapsed": 3.9922, "delta": 0.218873}}
{"target": -2.069508733587226, "params": {"C": 119.24997110443323, "epsilon": 0.03494703333227257, "gamma": 0.0633637753452082}, "datetime": {"datetime": "2021-09-19 08:31:23", "elapsed": 4.187849, "delta": 0.195649}}
{"target": -2.069750540765335, "params": {"C": 130.44465445454827, "epsilon": 0.10698807148017014, "gamma": 0.07330262044179839}, "datetime": {"datetime": "2021-09-19 08:31:23", "elapsed": 4.375806, "delta": 0.187957}}
{"target": -2.216684236991548, "params": {"C": 130.38459834223528, "epsilon": 0.13966162523489847, "gamma": 0.030658777558464273}, "datetime": {"datetime": "2021-09-19 08:31:23", "elapsed": 4.519534, "delta": 0.143728}}
{"target": -2.0854615841660253, "params": {"C": 130.48571573601708, "epsilon": 0.05974879947330004, "gamma": 0.08046344308397216}, "datetime": {"datetime": "2021-09-19 08:31:23", "elapsed": 4.758947, "delta": 0.239413}}
{"target": -2.324931338611957, "params": {"C": 123.00418485131999, "epsilon": 0.028422286279424266, "gamma": 0.14965376006104109}, "datetime": {"datetime": "2021-09-19 08:31:23", "elapsed": 4.954384, "delta": 0.195437}}
{"target": -2.1136115365153145, "params": {"C": 119.2286971110806, "epsilon": 0.11790622437554948, "gamma": 0.03845107721993238}, "datetime": {"datetime": "2021-09-19 08:31:24", "elapsed": 5.148602, "delta": 0.194218}}
{"target": -2.190399692219917, "params": {"C": 130.42532184793225, "epsilon": 0.04601129866078886, "gamma": 0.11154617263446807}, "datetime": {"datetime": "2021-09-19 08:31:24", "elapsed": 5.373862, "delta": 0.22526}}
{"target": -2.128979532297338, "params": {"C": 183.92039765327883, "epsilon": 0.07440636223167478, "gamma": 0.0803352009535768}, "datetime": {"datetime": "2021-09-19 08:31:24", "elapsed": 5.587562, "delta": 0.2137}}
{"target": -2.237779583164698, "params": {"C": 130.48370271888191, "epsilon": 0.0928387876023364, "gamma": 0.03}, "datetime": {"datetime": "2021-09-19 08:31:24", "elapsed": 5.810744, "delta": 0.223182}}
{"target": -2.2026912632295783, "params": {"C": 127.45532803645368, "epsilon": 0.14936742926996188, "gamma": 0.031424274477792}, "datetime": {"datetime": "2021-09-19 08:31:25", "elapsed": 6.027319, "delta": 0.216575}}
{"target": -2.0811349689757375, "params": {"C": 130.24038726834453, "epsilon": 0.0215502344747588, "gamma": 0.06567305260147908}, "datetime": {"datetime": "2021-09-19 08:31:25", "elapsed": 6.224568, "delta": 0.197249}}
{"target": -2.061818250338856, "params": {"C": 130.1697071122076, "epsilon": 0.025621325420622593, "gamma": 0.048173999494272535}, "datetime": {"datetime": "2021-09-19 08:31:25", "elapsed": 6.630432, "delta": 0.405864}}
{"target": -2.104968857620052, "params": {"C": 119.33033127745193, "epsilon": 0.1104583193340014, "gamma": 0.039868705151599175}, "datetime": {"datetime": "2021-09-19 08:31:25", "elapsed": 6.859151, "delta": 0.228719}}
{"target": -2.1820172863998026, "params": {"C": 127.3427297617179, "epsilon": 0.11662183644149134, "gamma": 0.11472969794739382}, "datetime": {"datetime": "2021-09-19 08:31:26", "elapsed": 7.15042, "delta": 0.291269}}
{"target": -2.1059315636367617, "params": {"C": 110.32012680108349, "epsilon": 0.027429352827666523, "gamma": 0.0928398332958754}, "datetime": {"datetime": "2021-09-19 08:31:26", "elapsed": 7.358381, "delta": 0.207961}}
{"target": -2.07745527634052, "params": {"C": 143.6915606990186, "epsilon": 0.045151425651175636, "gamma": 0.042880205580939024}, "datetime": {"datetime": "2021-09-19 08:31:26", "elapsed": 7.55961, "delta": 0.201229}}
{"target": -2.1753985481109734, "params": {"C": 143.7247034603821, "epsilon": 0.07168121758058446, "gamma": 0.10753569727457134}, "datetime": {"datetime": "2021-09-19 08:31:26", "elapsed": 7.859353, "delta": 0.299743}}
{"target": -2.073187899189362, "params": {"C": 127.40732182350169, "epsilon": 0.04660093239999257, "gamma": 0.060971216215639126}, "datetime": {"datetime": "2021-09-19 08:31:27", "elapsed": 8.159893, "delta": 0.30054}}
{"target": -2.0872982706423464, "params": {"C": 143.60457109008905, "epsilon": 0.039029511753688975, "gamma": 0.06277464461663301}, "datetime": {"datetime": "2021-09-19 08:31:27", "elapsed": 8.460013, "delta": 0.30012}}
{"target": -2.1034997088848715, "params": {"C": 143.6246776899547, "epsilon": 0.12413225523206035, "gamma": 0.09171626057281156}, "datetime": {"datetime": "2021-09-19 08:31:27", "elapsed": 8.873585, "delta": 0.413572}}
{"target": -2.3106267500399285, "params": {"C": 130.4996191518907, "epsilon": 0.12321076614101807, "gamma": 0.14553759253520862}, "datetime": {"datetime": "2021-09-19 08:31:28", "elapsed": 9.163355, "delta": 0.28977}}
{"target": -2.2319291470908507, "params": {"C": 127.4539009001492, "epsilon": 0.06809275925520847, "gamma": 0.1260014003006309}, "datetime": {"datetime": "2021-09-19 08:31:28", "elapsed": 9.431988, "delta": 0.268633}}
{"target": -2.0406224704496636, "params": {"C": 125.47270106949179, "epsilon": 0.12991371347711306, "gamma": 0.052211658021278584}, "datetime": {"datetime": "2021-09-19 08:31:28", "elapsed": 9.666369, "delta": 0.234381}}
{"target": -2.460212060760284, "params": {"C": 175.47028372695485, "epsilon": 0.05072894880073138, "gamma": 0.17878238598276983}, "datetime": {"datetime": "2021-09-19 08:31:28", "elapsed": 9.942161, "delta": 0.275792}}
{"target": -2.179426904826508, "params": {"C": 125.49569572036772, "epsilon": 0.14081581820666933, "gamma": 0.1155208134044454}, "datetime": {"datetime": "2021-09-19 08:31:29", "elapsed": 10.252071, "delta": 0.30991}}
{"target": -2.466047029730477, "params": {"C": 181.08697204297212, "epsilon": 0.11714198856533932, "gamma": 0.1812199295488724}, "datetime": {"datetime": "2021-09-19 08:31:29", "elapsed": 10.50422, "delta": 0.252149}}
{"target": -2.089441524461013, "params": {"C": 125.43965158084481, "epsilon": 0.04293614031921666, "gamma": 0.04291033476026339}, "datetime": {"datetime": "2021-09-19 08:31:29", "elapsed": 10.769226, "delta": 0.265006}}
{"target": -2.1444152523494644, "params": {"C": 125.53165809248048, "epsilon": 0.06635865962973232, "gamma": 0.03630219737876744}, "datetime": {"datetime": "2021-09-19 08:31:30", "elapsed": 11.081366, "delta": 0.31214}}
{"target": -2.0734924728524655, "params": {"C": 125.41466420444385, "epsilon": 0.1036355274256674, "gamma": 0.07645584609035908}, "datetime": {"datetime": "2021-09-19 08:31:30", "elapsed": 11.415679, "delta": 0.334313}}
{"target": -2.1965556832243114, "params": {"C": 127.35687771765902, "epsilon": 0.04304128181097899, "gamma": 0.032895362613004055}, "datetime": {"datetime": "2021-09-19 08:31:30", "elapsed": 11.680696, "delta": 0.265017}}
{"target": -2.2321003944553657, "params": {"C": 125.41073538330512, "epsilon": 0.15, "gamma": 0.03}, "datetime": {"datetime": "2021-09-19 08:31:31", "elapsed": 12.029287, "delta": 0.348591}}
{"target": -2.28932016140593, "params": {"C": 143.5875325446339, "epsilon": 0.04611882815652285, "gamma": 0.1358319317455469}, "datetime": {"datetime": "2021-09-19 08:31:31", "elapsed": 12.410172, "delta": 0.380885}}
{"target": -2.315541099497606, "params": {"C": 125.45508839030667, "epsilon": 0.035330906501316844, "gamma": 0.1467185223534056}, "datetime": {"datetime": "2021-09-19 08:31:31", "elapsed": 12.745942, "delta": 0.33577}}
{"target": -2.1099034324766577, "params": {"C": 143.59812421400798, "epsilon": 0.11511506820238993, "gamma": 0.037006493975046684}, "datetime": {"datetime": "2021-09-19 08:31:32", "elapsed": 13.134173, "delta": 0.388231}}
{"target": -2.4498864875823023, "params": {"C": 104.2203916119549, "epsilon": 0.10549325584508897, "gamma": 0.19849890759171707}, "datetime": {"datetime": "2021-09-19 08:31:32", "elapsed": 13.367797, "delta": 0.233624}}
{"target": -2.2319759474959526, "params": {"C": 125.53501248761003, "epsilon": 0.15, "gamma": 0.03}, "datetime": {"datetime": "2021-09-19 08:31:32", "elapsed": 13.82868, "delta": 0.460883}}
{"target": -2.451372800868982, "params": {"C": 110.8639540214331, "epsilon": 0.12600364489222562, "gamma": 0.1956870309253896}, "datetime": {"datetime": "2021-09-19 08:31:33", "elapsed": 14.116529, "delta": 0.287849}}
{"target": -2.1777649554775445, "params": {"C": 187.1747001827969, "epsilon": 0.043217372353888776, "gamma": 0.10119365432219639}, "datetime": {"datetime": "2021-09-19 08:31:33", "elapsed": 14.4346, "delta": 0.318071}}
{"target": -2.2841049199250354, "params": {"C": 107.19121544940602, "epsilon": 0.04029394173536244, "gamma": 0.145172079722735}, "datetime": {"datetime": "2021-09-19 08:31:33", "elapsed": 14.721172, "delta": 0.286572}}
{"target": -2.0529597893191007, "params": {"C": 143.7020363880357, "epsilon": 0.1249590532492827, "gamma": 0.04863457067718529}, "datetime": {"datetime": "2021-09-19 08:31:34", "elapsed": 15.053423, "delta": 0.332251}}
{"target": -2.3667389668096384, "params": {"C": 110.34221947043625, "epsilon": 0.07042602002451813, "gamma": 0.17162034193263284}, "datetime": {"datetime": "2021-09-19 08:31:34", "elapsed": 15.414114, "delta": 0.360691}}
{"target": -2.079971382635408, "params": {"C": 143.66735764980695, "epsilon": 0.0832800633946156, "gamma": 0.06374643877145228}, "datetime": {"datetime": "2021-09-19 08:31:34", "elapsed": 15.73018, "delta": 0.316066}}
{"target": -2.296973438834429, "params": {"C": 125.73017779095947, "epsilon": 0.11639593412791036, "gamma": 0.1423736563359596}, "datetime": {"datetime": "2021-09-19 08:31:35", "elapsed": 16.030618, "delta": 0.300438}}
{"target": -2.2053466665639503, "params": {"C": 143.76008158838155, "epsilon": 0.09860047860200122, "gamma": 0.030817546719204187}, "datetime": {"datetime": "2021-09-19 08:31:35", "elapsed": 16.417074, "delta": 0.386456}}
{"target": -2.0328545839844585, "params": {"C": 108.62481400546233, "epsilon": 0.09113676491797093, "gamma": 0.05465535497709203}, "datetime": {"datetime": "2021-09-19 08:31:35", "elapsed": 16.678507, "delta": 0.261433}}
{"target": -2.1858891198443353, "params": {"C": 108.60773821954743, "epsilon": 0.07303636414398886, "gamma": 0.11665019226346486}, "datetime": {"datetime": "2021-09-19 08:31:36", "elapsed": 17.064776, "delta": 0.386269}}
{"target": -2.090155770760914, "params": {"C": 108.58745823799626, "epsilon": 0.14420334043437766, "gamma": 0.04289405390679909}, "datetime": {"datetime": "2021-09-19 08:31:36", "elapsed": 17.461508, "delta": 0.396732}}
{"target": -2.108011522513267, "params": {"C": 108.68841384928507, "epsilon": 0.10057169530242627, "gamma": 0.04088747600485817}, "datetime": {"datetime": "2021-09-19 08:31:36", "elapsed": 17.784869, "delta": 0.323361}}
{"target": -2.107128216888716, "params": {"C": 108.55379715971821, "epsilon": 0.05668020313799747, "gamma": 0.04166446018857717}, "datetime": {"datetime": "2021-09-19 08:31:37", "elapsed": 18.265667, "delta": 0.480798}}
{"target": -2.08382642803995, "params": {"C": 130.09642839643024, "epsilon": 0.027197551038092672, "gamma": 0.0433248936557525}, "datetime": {"datetime": "2021-09-19 08:31:37", "elapsed": 18.785708, "delta": 0.520041}}
{"target": -2.251751897726957, "params": {"C": 110.26867402803089, "epsilon": 0.02, "gamma": 0.03}, "datetime": {"datetime": "2021-09-19 08:31:38", "elapsed": 19.203113, "delta": 0.417405}}
{"target": -2.0714374631242873, "params": {"C": 143.70837955057354, "epsilon": 0.12420063593398108, "gamma": 0.05688737596122283}, "datetime": {"datetime": "2021-09-19 08:31:38", "elapsed": 19.534721, "delta": 0.331608}}
{"target": -2.09841336482826, "params": {"C": 108.47503999399831, "epsilon": 0.1478821400399279, "gamma": 0.04179175841575611}, "datetime": {"datetime": "2021-09-19 08:31:38", "elapsed": 19.980398, "delta": 0.445677}}
{"target": -2.248613645264141, "params": {"C": 145.83378496201436, "epsilon": 0.14600660648015948, "gamma": 0.12673749116043193}, "datetime": {"datetime": "2021-09-19 08:31:39", "elapsed": 20.297874, "delta": 0.317476}}
{"target": -2.08493502264868, "params": {"C": 108.65458823946489, "epsilon": 0.15, "gamma": 0.0875671143058164}, "datetime": {"datetime": "2021-09-19 08:31:39", "elapsed": 20.767824, "delta": 0.46995}}
{"target": -2.218443211057511, "params": {"C": 113.4467615303162, "epsilon": 0.1420228870340608, "gamma": 0.03161010947289662}, "datetime": {"datetime": "2021-09-19 08:31:40", "elapsed": 21.064284, "delta": 0.29646}}
{"target": -2.077815258821982, "params": {"C": 108.45339597046616, "epsilon": 0.06392460100686057, "gamma": 0.08493451290110983}, "datetime": {"datetime": "2021-09-19 08:31:40", "elapsed": 21.525903, "delta": 0.461619}}
{"target": -2.2090624483351475, "params": {"C": 117.67737525782255, "epsilon": 0.047197737610110285, "gamma": 0.12020207271649345}, "datetime": {"datetime": "2021-09-19 08:31:40", "elapsed": 21.859421, "delta": 0.333518}}
{"target": -2.273844937591343, "params": {"C": 182.54129650317782, "epsilon": 0.035585945179709165, "gamma": 0.12491250557730064}, "datetime": {"datetime": "2021-09-19 08:31:41", "elapsed": 22.258739, "delta": 0.399318}}
{"target": -2.0712571538606825, "params": {"C": 108.39754915461006, "epsilon": 0.140305144348905, "gamma": 0.08305308410370676}, "datetime": {"datetime": "2021-09-19 08:31:41", "elapsed": 22.637171, "delta": 0.378432}}
{"target": -2.1030025329796502, "params": {"C": 120.44880292953277, "epsilon": 0.14031605716041545, "gamma": 0.039808598765172246}, "datetime": {"datetime": "2021-09-19 08:31:41", "elapsed": 22.950589, "delta": 0.313418}}
{"target": -2.0958419725565762, "params": {"C": 120.48483412254598, "epsilon": 0.15, "gamma": 0.09169795726791154}, "datetime": {"datetime": "2021-09-19 08:31:42", "elapsed": 23.508885, "delta": 0.558296}}
{"target": -2.2589927799727367, "params": {"C": 183.1095403237149, "epsilon": 0.12924290771414892, "gamma": 0.12137312448525323}, "datetime": {"datetime": "2021-09-19 08:31:42", "elapsed": 23.843998, "delta": 0.335113}}
{"target": -2.3054043795452546, "params": {"C": 108.46349352695285, "epsilon": 0.11617472397642503, "gamma": 0.14945456686381706}, "datetime": {"datetime": "2021-09-19 08:31:43", "elapsed": 24.255994, "delta": 0.411996}}
{"target": -2.4372004294768135, "params": {"C": 179.26220487500282, "epsilon": 0.038317406511707064, "gamma": 0.1646844721256964}, "datetime": {"datetime": "2021-09-19 08:31:43", "elapsed": 24.627892, "delta": 0.371898}}
{"target": -2.055645194287752, "params": {"C": 108.36017261730774, "epsilon": 0.06687942999529617, "gamma": 0.06523902508125234}, "datetime": {"datetime": "2021-09-19 08:31:44", "elapsed": 25.172601, "delta": 0.544709}}
{"target": -2.0759816305370635, "params": {"C": 139.00107322342126, "epsilon": 0.024587743221075136, "gamma": 0.05632455547915232}, "datetime": {"datetime": "2021-09-19 08:31:44", "elapsed": 25.509637, "delta": 0.337036}}
{"target": -2.1952553204036476, "params": {"C": 143.73104348073988, "epsilon": 0.06818123025461635, "gamma": 0.11277901387499835}, "datetime": {"datetime": "2021-09-19 08:31:44", "elapsed": 25.906681, "delta": 0.397044}}
{"target": -2.238020727086279, "params": {"C": 108.41511784983781, "epsilon": 0.09039807242741578, "gamma": 0.03}, "datetime": {"datetime": "2021-09-19 08:31:45", "elapsed": 26.357742, "delta": 0.451061}}
{"target": -2.0705771873902474, "params": {"C": 108.32578603042214, "epsilon": 0.11174984072830528, "gamma": 0.08312132489955074}, "datetime": {"datetime": "2021-09-19 08:31:45", "elapsed": 26.766712, "delta": 0.40897}}
{"target": -2.2352115617955173, "params": {"C": 108.34403102505583, "epsilon": 0.07007065635805554, "gamma": 0.13003989475080957}, "datetime": {"datetime": "2021-09-19 08:31:46", "elapsed": 27.255425, "delta": 0.488713}}
{"target": -2.153814342962866, "params": {"C": 125.46567554865389, "epsilon": 0.08335394547143037, "gamma": 0.03528911539057487}, "datetime": {"datetime": "2021-09-19 08:31:46", "elapsed": 27.694634, "delta": 0.439209}}
{"target": -2.0794920643677814, "params": {"C": 108.30089013652167, "epsilon": 0.07533441877577561, "gamma": 0.04565829515040661}, "datetime": {"datetime": "2021-09-19 08:31:47", "elapsed": 28.115129, "delta": 0.420495}}
{"target": -2.13331088339854, "params": {"C": 139.049105832439, "epsilon": 0.0458694491355246, "gamma": 0.09703097408095045}, "datetime": {"datetime": "2021-09-19 08:31:47", "elapsed": 28.66585, "delta": 0.550721}}
{"target": -2.2336079568613116, "params": {"C": 119.28655145687371, "epsilon": 0.06359790053889958, "gamma": 0.031188477636825248}, "datetime": {"datetime": "2021-09-19 08:31:48", "elapsed": 29.098433, "delta": 0.432583}}
{"target": -2.0940078278535963, "params": {"C": 163.91050616531595, "epsilon": 0.03288820502384245, "gamma": 0.05439494105366282}, "datetime": {"datetime": "2021-09-19 08:31:48", "elapsed": 29.472873, "delta": 0.37444}}
{"target": -2.1773358010689083, "params": {"C": 130.12226661706126, "epsilon": 0.03451556427717235, "gamma": 0.10741995708230835}, "datetime": {"datetime": "2021-09-19 08:31:48", "elapsed": 29.928811, "delta": 0.455938}}
{"target": -2.170066609868274, "params": {"C": 108.34016194634864, "epsilon": 0.12569126274751158, "gamma": 0.034906181349543874}, "datetime": {"datetime": "2021-09-19 08:31:49", "elapsed": 30.387952, "delta": 0.459141}}
{"target": -2.0836344674606893, "params": {"C": 139.85707957000113, "epsilon": 0.10527863748181698, "gamma": 0.07831129820605995}, "datetime": {"datetime": "2021-09-19 08:31:49", "elapsed": 30.783303, "delta": 0.395351}}
{"target": -2.07865319682248, "params": {"C": 108.63879920708948, "epsilon": 0.0364325796550366, "gamma": 0.04621549283755889}, "datetime": {"datetime": "2021-09-19 08:31:50", "elapsed": 31.293585, "delta": 0.510282}}
{"target": -2.0730886268845508, "params": {"C": 119.17250177235357, "epsilon": 0.031126426190719588, "gamma": 0.0700277315668123}, "datetime": {"datetime": "2021-09-19 08:31:50", "elapsed": 31.813381, "delta": 0.519796}}
{"target": -2.0488744630023596, "params": {"C": 119.17175506777915, "epsilon": 0.1007246669035097, "gamma": 0.05685436330497789}, "datetime": {"datetime": "2021-09-19 08:31:51", "elapsed": 32.289748, "delta": 0.476367}}
{"target": -2.0658533365195457, "params": {"C": 129.49532830524362, "epsilon": 0.0211057366434456, "gamma": 0.056478374537511956}, "datetime": {"datetime": "2021-09-19 08:31:51", "elapsed": 32.671829, "delta": 0.382081}}
{"target": -2.383920936957032, "params": {"C": 190.03101815585296, "epsilon": 0.1259368887988619, "gamma": 0.14374809788438594}, "datetime": {"datetime": "2021-09-19 08:31:52", "elapsed": 33.09862, "delta": 0.426791}}
