{"target": 0.8845187818667748, "params": {"C": 240.9228788541181, "epsilon": 0.5543862697753795, "gamma": 0.10999970081792168}, "datetime": {"datetime": "2021-09-18 14:50:14", "elapsed": 26.881366, "delta": 0.465008}}
{"target": 0.9171131335903415, "params": {"C": 173.09159094943848, "epsilon": 0.028335553158282213, "gamma": 0.04024816876397973}, "datetime": {"datetime": "2021-09-18 14:50:14", "elapsed": 27.238397, "delta": 0.357031}}
{"target": 0.8790617627274737, "params": {"C": 282.05583268053533, "epsilon": 0.8186011617144973, "gamma": 0.10698383955864808}, "datetime": {"datetime": "2021-09-18 14:50:15", "elapsed": 27.593366, "delta": 0.354969}}
{"target": 0.8748076828751552, "params": {"C": 130.1335816067844, "epsilon": 0.6798796039534759, "gamma": 0.1328274682490087}, "datetime": {"datetime": "2021-09-18 14:50:15", "elapsed": 27.922901, "delta": 0.329535}}
{"target": 0.9058704551793866, "params": {"C": 215.78378831025117, "epsilon": 0.7209362336670937, "gamma": 0.024859816493916297}, "datetime": {"datetime": "2021-09-18 14:50:16", "elapsed": 28.291828, "delta": 0.368927}}
{"target": 0.9019266090866129, "params": {"C": 235.06220776294998, "epsilon": 0.16453926014520465, "gamma": 0.02264505141539473}, "datetime": {"datetime": "2021-09-18 14:50:16", "elapsed": 28.705824, "delta": 0.413996}}
{"target": 0.9108329503291502, "params": {"C": 243.92457374256483, "epsilon": 0.589475989415836, "gamma": 0.07287276426963839}, "datetime": {"datetime": "2021-09-18 14:50:16", "elapsed": 29.090833, "delta": 0.385009}}
{"target": 0.9059099821694055, "params": {"C": 190.19049253302893, "epsilon": 0.06747904688327191, "gamma": 0.09120923652551106}, "datetime": {"datetime": "2021-09-18 14:50:17", "elapsed": 29.51829, "delta": 0.427457}}
{"target": 0.8922864103810615, "params": {"C": 145.34928827898756, "epsilon": 0.1474716248893722, "gamma": 0.1195540404066775}, "datetime": {"datetime": "2021-09-18 14:50:17", "elapsed": 30.011296, "delta": 0.493006}}
{"target": 0.878563951119315, "params": {"C": 260.1872895816505, "epsilon": 0.9462035065118883, "gamma": 0.10699624652961018}, "datetime": {"datetime": "2021-09-18 14:50:18", "elapsed": 30.357295, "delta": 0.345999}}
{"target": 0.894973233667547, "params": {"C": 236.1606248892038, "epsilon": 0.220487808904688, "gamma": 0.10560855742024981}, "datetime": {"datetime": "2021-09-18 14:50:18", "elapsed": 30.774334, "delta": 0.417039}}
{"target": 0.9046829664677636, "params": {"C": 215.76095290895063, "epsilon": 0.773847482664505, "gamma": 0.0839021903354854}, "datetime": {"datetime": "2021-09-18 14:50:18", "elapsed": 31.226295, "delta": 0.451961}}
{"target": 0.9141581720996914, "params": {"C": 151.70370183037778, "epsilon": 0.21173965867547645, "gamma": 0.03797970275112225}, "datetime": {"datetime": "2021-09-18 14:50:19", "elapsed": 31.614333, "delta": 0.388038}}
{"target": 0.9198916871250717, "params": {"C": 282.75674998946175, "epsilon": 0.07263069735365048, "gamma": 0.03740448315637646}, "datetime": {"datetime": "2021-09-18 14:50:19", "elapsed": 32.016295, "delta": 0.401962}}
{"target": 0.8992103317261895, "params": {"C": 159.0836928233124, "epsilon": 0.29385703459073126, "gamma": 0.10496271622692108}, "datetime": {"datetime": "2021-09-18 14:50:20", "elapsed": 32.445333, "delta": 0.429038}}
{"target": 0.8873480744070412, "params": {"C": 145.37439483276188, "epsilon": 0.03793828444701718, "gamma": 0.021426078769438518}, "datetime": {"datetime": "2021-09-18 14:50:20", "elapsed": 32.938329, "delta": 0.492996}}
{"target": 0.9139577752038365, "params": {"C": 240.92154516471783, "epsilon": 0.40932938109827266, "gamma": 0.06455971130278663}, "datetime": {"datetime": "2021-09-18 14:50:21", "elapsed": 33.450299, "delta": 0.51197}}
{"target": 0.910231740903364, "params": {"C": 282.7780942775497, "epsilon": 0.07465648007888517, "gamma": 0.026076302260567185}, "datetime": {"datetime": "2021-09-18 14:50:21", "elapsed": 33.8853, "delta": 0.435001}}
{"target": 0.9096069957871996, "params": {"C": 222.056465952357, "epsilon": 0.3147193632690435, "gamma": 0.07744593963503156}, "datetime": {"datetime": "2021-09-18 14:50:22", "elapsed": 34.297293, "delta": 0.411993}}
{"target": 0.8941349847831676, "params": {"C": 227.6463795529177, "epsilon": 0.08959902819573119, "gamma": 0.020630520575754232}, "datetime": {"datetime": "2021-09-18 14:50:22", "elapsed": 34.778299, "delta": 0.481006}}
{"target": 0.9083755420219127, "params": {"C": 145.40322554266464, "epsilon": 0.1332491567985679, "gamma": 0.08021147985280466}, "datetime": {"datetime": "2021-09-18 14:50:22", "elapsed": 35.278333, "delta": 0.500034}}
{"target": 0.9198821264407041, "params": {"C": 235.06918928980963, "epsilon": 0.05997889540253673, "gamma": 0.04737224120563284}, "datetime": {"datetime": "2021-09-18 14:50:23", "elapsed": 35.805336, "delta": 0.527003}}
{"target": 0.8990997171392381, "params": {"C": 235.083838091804, "epsilon": 0.043864860503536315, "gamma": 0.10227311622974058}, "datetime": {"datetime": "2021-09-18 14:50:24", "elapsed": 36.419299, "delta": 0.613963}}
{"target": 0.8969945324666551, "params": {"C": 250.72260368016242, "epsilon": 0.8136672194739545, "gamma": 0.09021536710313573}, "datetime": {"datetime": "2021-09-18 14:50:24", "elapsed": 36.851295, "delta": 0.431996}}
{"target": 0.8822456268772052, "params": {"C": 289.11438858308236, "epsilon": 0.9811520195148247, "gamma": 0.09975421054045178}, "datetime": {"datetime": "2021-09-18 14:50:25", "elapsed": 37.371152, "delta": 0.519857}}
{"target": 0.9074410939456642, "params": {"C": 127.28579018218625, "epsilon": 0.5420872662717395, "gamma": 0.07707219614782183}, "datetime": {"datetime": "2021-09-18 14:50:25", "elapsed": 37.802113, "delta": 0.430961}}
{"target": 0.9148929949070088, "params": {"C": 250.69592331241722, "epsilon": 0.8339789348533219, "gamma": 0.03456373193148973}, "datetime": {"datetime": "2021-09-18 14:50:25", "elapsed": 38.213109, "delta": 0.410996}}
{"target": 0.9104015147430786, "params": {"C": 159.13777381022655, "epsilon": 0.3371884047711436, "gamma": 0.032964520925533716}, "datetime": {"datetime": "2021-09-18 14:50:26", "elapsed": 38.720152, "delta": 0.507043}}
{"target": 0.8669218443590099, "params": {"C": 260.18163544739707, "epsilon": 0.5634078071879352, "gamma": 0.13026752113821735}, "datetime": {"datetime": "2021-09-18 14:50:26", "elapsed": 39.129148, "delta": 0.408996}}
{"target": 0.9101531182033203, "params": {"C": 250.6152168239057, "epsilon": 0.8289651100532711, "gamma": 0.07164498601678031}, "datetime": {"datetime": "2021-09-18 14:50:27", "elapsed": 39.771112, "delta": 0.641964}}
{"target": 0.9135548067528984, "params": {"C": 190.2504048276315, "epsilon": 0.045711895053538565, "gamma": 0.06736950507401265}, "datetime": {"datetime": "2021-09-18 14:50:27", "elapsed": 40.251115, "delta": 0.480003}}
{"target": 0.915020532883749, "params": {"C": 145.28387543181708, "epsilon": 0.10180116151146981, "gamma": 0.04027487802373212}, "datetime": {"datetime": "2021-09-18 14:50:28", "elapsed": 40.886113, "delta": 0.634998}}
{"target": 0.9119537526003308, "params": {"C": 193.22942802118678, "epsilon": 0.7393997516883365, "gamma": 0.03358029165602279}, "datetime": {"datetime": "2021-09-18 14:50:29", "elapsed": 41.296112, "delta": 0.409999}}
{"target": 0.8847855874760864, "params": {"C": 271.02003272804916, "epsilon": 0.41544212957739884, "gamma": 0.10872018722129861}, "datetime": {"datetime": "2021-09-18 14:50:29", "elapsed": 41.832152, "delta": 0.53604}}
{"target": 0.910052900857577, "params": {"C": 250.663296671273, "epsilon": 0.7194158973028202, "gamma": 0.026370326905983045}, "datetime": {"datetime": "2021-09-18 14:50:30", "elapsed": 42.304154, "delta": 0.472002}}
{"target": 0.9056482258039664, "params": {"C": 240.56699429709306, "epsilon": 0.676531033321679, "gamma": 0.08357137355684842}, "datetime": {"datetime": "2021-09-18 14:50:30", "elapsed": 42.804109, "delta": 0.499955}}
{"target": 0.8999206582723339, "params": {"C": 193.70855376808032, "epsilon": 0.8504731855936422, "gamma": 0.08946132493684512}, "datetime": {"datetime": "2021-09-18 14:50:30", "elapsed": 43.249109, "delta": 0.445}}
{"target": 0.894918087360676, "params": {"C": 190.18392277983799, "epsilon": 0.057257054105512295, "gamma": 0.022672567723736145}, "datetime": {"datetime": "2021-09-18 14:50:31", "elapsed": 43.734112, "delta": 0.485003}}
{"target": 0.8710451072356908, "params": {"C": 215.23930861456228, "epsilon": 0.15865815506575337, "gamma": 0.14078995564402588}, "datetime": {"datetime": "2021-09-18 14:50:31", "elapsed": 44.197114, "delta": 0.463002}}
{"target": 0.917998578931269, "params": {"C": 250.72018093170195, "epsilon": 0.7829106908366921, "gamma": 0.04346743268333581}, "datetime": {"datetime": "2021-09-18 14:50:32", "elapsed": 44.850114, "delta": 0.653}}
{"target": 0.916512770201082, "params": {"C": 250.71812293757228, "epsilon": 0.7416380384568687, "gamma": 0.05345192344049607}, "datetime": {"datetime": "2021-09-18 14:50:33", "elapsed": 45.295149, "delta": 0.445035}}
{"target": 0.9172435380796174, "params": {"C": 282.7587122549803, "epsilon": 0.11576881386036963, "gamma": 0.055700361260028544}, "datetime": {"datetime": "2021-09-18 14:50:33", "elapsed": 45.965114, "delta": 0.669965}}
{"target": 0.9204210099441733, "params": {"C": 282.6754982730548, "epsilon": 0.09205823168195666, "gamma": 0.04423312474413129}, "datetime": {"datetime": "2021-09-18 14:50:34", "elapsed": 46.518114, "delta": 0.553}}
{"target": 0.8963588027223388, "params": {"C": 235.01913777627183, "epsilon": 0.07901197512942365, "gamma": 0.021289041786739113}, "datetime": {"datetime": "2021-09-18 14:50:34", "elapsed": 47.082112, "delta": 0.563998}}
{"target": 0.9103551262194047, "params": {"C": 129.440882472849, "epsilon": 0.7919701040189657, "gamma": 0.06397235445817602}, "datetime": {"datetime": "2021-09-18 14:50:35", "elapsed": 47.542114, "delta": 0.460002}}
{"target": 0.9109351699744817, "params": {"C": 282.7004062409601, "epsilon": 0.10623833650052102, "gamma": 0.07691533105271979}, "datetime": {"datetime": "2021-09-18 14:50:35", "elapsed": 48.19311, "delta": 0.650996}}
{"target": 0.8657580466694856, "params": {"C": 223.6613433760295, "epsilon": 0.8352873476669724, "gamma": 0.13039234933177019}, "datetime": {"datetime": "2021-09-18 14:50:36", "elapsed": 48.643159, "delta": 0.450049}}
{"target": 0.9037105718457392, "params": {"C": 282.6287441625884, "epsilon": 0.10779881409908094, "gamma": 0.022204987784829912}, "datetime": {"datetime": "2021-09-18 14:50:37", "elapsed": 49.298112, "delta": 0.654953}}
{"target": 0.9179131543041597, "params": {"C": 289.05255216524347, "epsilon": 0.19301995799736463, "gamma": 0.0508572594997376}, "datetime": {"datetime": "2021-09-18 14:50:37", "elapsed": 49.788148, "delta": 0.490036}}
{"target": 0.9140435962674387, "params": {"C": 202.50012135924518, "epsilon": 0.8246124367400429, "gamma": 0.058833127584391604}, "datetime": {"datetime": "2021-09-18 14:50:38", "elapsed": 50.295149, "delta": 0.507001}}
{"target": 0.9183747632076263, "params": {"C": 282.7429723583876, "epsilon": 0.030526717033421014, "gamma": 0.03391558109836676}, "datetime": {"datetime": "2021-09-18 14:50:38", "elapsed": 50.928114, "delta": 0.632965}}
{"target": 0.9124081988267947, "params": {"C": 289.09824525134985, "epsilon": 0.16184458159581144, "gamma": 0.02670150850171405}, "datetime": {"datetime": "2021-09-18 14:50:39", "elapsed": 51.580113, "delta": 0.651999}}
{"target": 0.9074029115753788, "params": {"C": 282.7228573169843, "epsilon": 0.0871861984296806, "gamma": 0.0237130262326652}, "datetime": {"datetime": "2021-09-18 14:50:40", "elapsed": 52.374148, "delta": 0.794035}}
{"target": 0.9101862305647332, "params": {"C": 173.0520090111989, "epsilon": 0.02049795601493234, "gamma": 0.07535650023818635}, "datetime": {"datetime": "2021-09-18 14:50:40", "elapsed": 52.944108, "delta": 0.56996}}
{"target": 0.9034592377394406, "params": {"C": 151.67626256764274, "epsilon": 0.6123620164685499, "gamma": 0.08918883376474017}, "datetime": {"datetime": "2021-09-18 14:50:41", "elapsed": 53.442117, "delta": 0.498009}}
{"target": 0.9158020596489218, "params": {"C": 215.82580261046553, "epsilon": 0.8480696518597101, "gamma": 0.0402869087406372}, "datetime": {"datetime": "2021-09-18 14:50:41", "elapsed": 53.976152, "delta": 0.534035}}
{"target": 0.903260961994461, "params": {"C": 235.09227375887906, "epsilon": 0.09655657964494847, "gamma": 0.023967462497624152}, "datetime": {"datetime": "2021-09-18 14:50:42", "elapsed": 54.618148, "delta": 0.641996}}
{"target": 0.9154312389454009, "params": {"C": 159.17882828336727, "epsilon": 0.27968668551767206, "gamma": 0.05557527668598132}, "datetime": {"datetime": "2021-09-18 14:50:42", "elapsed": 55.258112, "delta": 0.639964}}
{"target": 0.8758798170220454, "params": {"C": 144.32528741526914, "epsilon": 0.31985109864768135, "gamma": 0.14027484907294113}, "datetime": {"datetime": "2021-09-18 14:50:43", "elapsed": 55.757152, "delta": 0.49904}}
{"target": 0.919312395049529, "params": {"C": 173.08031378229228, "epsilon": 0.07978405122405563, "gamma": 0.04436407271603422}, "datetime": {"datetime": "2021-09-18 14:50:44", "elapsed": 56.438148, "delta": 0.680996}}
{"target": 0.9074043396154696, "params": {"C": 282.79291214761975, "epsilon": 0.024222836711405148, "gamma": 0.08500599512261299}, "datetime": {"datetime": "2021-09-18 14:50:44", "elapsed": 57.262115, "delta": 0.823967}}
{"target": 0.9196995706928742, "params": {"C": 245.77999914643794, "epsilon": 0.3208467711182838, "gamma": 0.03698939791932183}, "datetime": {"datetime": "2021-09-18 14:50:45", "elapsed": 57.805119, "delta": 0.543004}}
{"target": 0.9173687682966207, "params": {"C": 209.8546180553019, "epsilon": 0.2333983512069203, "gamma": 0.05297294604321709}, "datetime": {"datetime": "2021-09-18 14:50:46", "elapsed": 58.344154, "delta": 0.539035}}
{"target": 0.912858128634232, "params": {"C": 282.6635838054151, "epsilon": 0.036981166294946986, "gamma": 0.07218805210827144}, "datetime": {"datetime": "2021-09-18 14:50:47", "elapsed": 59.287112, "delta": 0.942958}}
{"target": 0.884281100845863, "params": {"C": 166.19428968414738, "epsilon": 0.6980998344444876, "gamma": 0.1156237260899666}, "datetime": {"datetime": "2021-09-18 14:50:47", "elapsed": 59.808112, "delta": 0.521}}
{"target": 0.900404244192518, "params": {"C": 162.17588148067995, "epsilon": 0.24964628005121867, "gamma": 0.10362050607025261}, "datetime": {"datetime": "2021-09-18 14:50:48", "elapsed": 60.345115, "delta": 0.537003}}
{"target": 0.8882310123464185, "params": {"C": 215.85731127061734, "epsilon": 0.8605734824341373, "gamma": 0.10068801156657223}, "datetime": {"datetime": "2021-09-18 14:50:48", "elapsed": 61.008113, "delta": 0.662998}}
{"target": 0.9136295735218084, "params": {"C": 226.6846549354093, "epsilon": 0.8303779710333048, "gamma": 0.0633354064595282}, "datetime": {"datetime": "2021-09-18 14:50:49", "elapsed": 61.533113, "delta": 0.525}}
{"target": 0.9195669125968962, "params": {"C": 173.15378336976306, "epsilon": 0.04447130910578959, "gamma": 0.05022263689842777}, "datetime": {"datetime": "2021-09-18 14:50:49", "elapsed": 62.216117, "delta": 0.683004}}
{"target": 0.9023061254074689, "params": {"C": 173.10214678871446, "epsilon": 0.07691101213834747, "gamma": 0.1000642955939526}, "datetime": {"datetime": "2021-09-18 14:50:50", "elapsed": 62.889109, "delta": 0.672992}}
{"target": 0.8910026339672943, "params": {"C": 173.15318370265257, "epsilon": 0.10092582123724074, "gamma": 0.02144802412333848}, "datetime": {"datetime": "2021-09-18 14:50:51", "elapsed": 63.602149, "delta": 0.71304}}
{"target": 0.8573712411573007, "params": {"C": 207.6067430314821, "epsilon": 0.8367778423566983, "gamma": 0.14710096454573088}, "datetime": {"datetime": "2021-09-18 14:50:51", "elapsed": 64.107113, "delta": 0.504964}}
{"target": 0.9093136789447626, "params": {"C": 272.7375282976197, "epsilon": 0.1646800880585747, "gamma": 0.08176125702143174}, "datetime": {"datetime": "2021-09-18 14:50:52", "elapsed": 64.673148, "delta": 0.566035}}
{"target": 0.9105468754199554, "params": {"C": 245.76123036523913, "epsilon": 0.31445883520288154, "gamma": 0.07497389983714534}, "datetime": {"datetime": "2021-09-18 14:50:53", "elapsed": 65.363116, "delta": 0.689968}}
{"target": 0.9148605121293756, "params": {"C": 145.41131929045093, "epsilon": 0.088440453163582, "gamma": 0.06559955511435903}, "datetime": {"datetime": "2021-09-18 14:50:53", "elapsed": 65.932114, "delta": 0.568998}}
{"target": 0.9135742514080935, "params": {"C": 227.72879049553364, "epsilon": 0.10067079503709897, "gamma": 0.03133766183286509}, "datetime": {"datetime": "2021-09-18 14:50:54", "elapsed": 67.012112, "delta": 1.079998}}
{"target": 0.9182682803130191, "params": {"C": 209.79368973185254, "epsilon": 0.2784608040592383, "gamma": 0.04713460233655373}, "datetime": {"datetime": "2021-09-18 14:50:55", "elapsed": 67.654108, "delta": 0.641996}}
{"target": 0.9077712803235856, "params": {"C": 180.07566738978062, "epsilon": 0.28668076271942905, "gamma": 0.08304751598712404}, "datetime": {"datetime": "2021-09-18 14:50:55", "elapsed": 68.232112, "delta": 0.578004}}
{"target": 0.9152749562708383, "params": {"C": 259.1127635178783, "epsilon": 0.24267631043403767, "gamma": 0.0574888313555649}, "datetime": {"datetime": "2021-09-18 14:50:56", "elapsed": 68.812113, "delta": 0.580001}}
{"target": 0.8964908983136725, "params": {"C": 286.5518227701683, "epsilon": 0.7469808572586197, "gamma": 0.08982993472413428}, "datetime": {"datetime": "2021-09-18 14:50:57", "elapsed": 69.394152, "delta": 0.582039}}
{"target": 0.9190149821415052, "params": {"C": 209.75203291948117, "epsilon": 0.33533834695807063, "gamma": 0.04395805594081324}, "datetime": {"datetime": "2021-09-18 14:50:57", "elapsed": 70.054113, "delta": 0.659961}}
{"target": 0.9040355659314518, "params": {"C": 227.62280017569768, "epsilon": 0.04978428216743189, "gamma": 0.09493591797600585}, "datetime": {"datetime": "2021-09-18 14:50:58", "elapsed": 70.699109, "delta": 0.644996}}
{"target": 0.9127503189811152, "params": {"C": 245.76134502458123, "epsilon": 0.3971781598432259, "gamma": 0.027002383170497572}, "datetime": {"datetime": "2021-09-18 14:50:59", "elapsed": 71.601107, "delta": 0.901998}}
{"target": 0.9023726814151356, "params": {"C": 122.49927296573448, "epsilon": 0.7510384872888377, "gamma": 0.03129199019759203}, "datetime": {"datetime": "2021-09-18 14:50:59", "elapsed": 72.163117, "delta": 0.56201}}
{"target": 0.9131734269375767, "params": {"C": 209.81553326437486, "epsilon": 0.19800488146381917, "gamma": 0.06546606599545629}, "datetime": {"datetime": "2021-09-18 14:51:00", "elapsed": 72.960111, "delta": 0.796994}}
{"target": 0.8950581747535873, "params": {"C": 215.77206185829286, "epsilon": 0.8290768089392561, "gamma": 0.02}, "datetime": {"datetime": "2021-09-18 14:51:01", "elapsed": 73.666111, "delta": 0.706}}
{"target": 0.9116880441479729, "params": {"C": 181.0158248603488, "epsilon": 0.3294386533667962, "gamma": 0.06720793956420042}, "datetime": {"datetime": "2021-09-18 14:51:02", "elapsed": 74.314108, "delta": 0.647997}}
{"target": 0.9116312957493631, "params": {"C": 227.69707399428808, "epsilon": 0.17754095349744814, "gamma": 0.028146570477216845}, "datetime": {"datetime": "2021-09-18 14:51:02", "elapsed": 75.113112, "delta": 0.799004}}
{"target": 0.8999025045866456, "params": {"C": 209.73359620655935, "epsilon": 0.29447539409711315, "gamma": 0.022597388770506124}, "datetime": {"datetime": "2021-09-18 14:51:03", "elapsed": 75.968109, "delta": 0.854997}}
{"target": 0.9151635935778157, "params": {"C": 259.16038312505066, "epsilon": 0.23104939737174165, "gamma": 0.05798500998455981}, "datetime": {"datetime": "2021-09-18 14:51:04", "elapsed": 76.689152, "delta": 0.721043}}
{"target": 0.9169582084818046, "params": {"C": 259.1123276795554, "epsilon": 0.20615152166141074, "gamma": 0.030704244463110906}, "datetime": {"datetime": "2021-09-18 14:51:05", "elapsed": 77.427832, "delta": 0.73868}}
{"target": 0.9083663770104955, "params": {"C": 179.09315919947164, "epsilon": 0.42969048229286144, "gamma": 0.0292485874273967}, "datetime": {"datetime": "2021-09-18 14:51:05", "elapsed": 78.044832, "delta": 0.617}}
{"target": 0.9161241118452929, "params": {"C": 143.0732667615602, "epsilon": 0.055266175701052425, "gamma": 0.06308764079410632}, "datetime": {"datetime": "2021-09-18 14:51:06", "elapsed": 78.662866, "delta": 0.618034}}
{"target": 0.9197970767113759, "params": {"C": 245.82101934186718, "epsilon": 0.37431728423467636, "gamma": 0.03865808163776531}, "datetime": {"datetime": "2021-09-18 14:51:07", "elapsed": 79.480587, "delta": 0.817721}}
{"target": 0.9037636433433192, "params": {"C": 245.79434432583702, "epsilon": 0.4137492607011199, "gamma": 0.08880954728651001}, "datetime": {"datetime": "2021-09-18 14:51:08", "elapsed": 80.391546, "delta": 0.910959}}
{"target": 0.8600754896383116, "params": {"C": 243.912304503511, "epsilon": 0.9701284097520041, "gamma": 0.13910562303386084}, "datetime": {"datetime": "2021-09-18 14:51:08", "elapsed": 80.990586, "delta": 0.59904}}
{"target": 0.9112160974199369, "params": {"C": 277.75291859464426, "epsilon": 0.9046626768855033, "gamma": 0.028376915412914913}, "datetime": {"datetime": "2021-09-18 14:51:09", "elapsed": 81.606554, "delta": 0.615968}}
{"target": 0.8954500171929118, "params": {"C": 209.8521155598686, "epsilon": 0.22688328916783804, "gamma": 0.10784841932538856}, "datetime": {"datetime": "2021-09-18 14:51:10", "elapsed": 82.590542, "delta": 0.983988}}
{"target": 0.8889877187028608, "params": {"C": 173.04281859664138, "epsilon": 0.11299964740776029, "gamma": 0.020499171703721585}, "datetime": {"datetime": "2021-09-18 14:51:11", "elapsed": 83.449545, "delta": 0.859003}}
{"target": 0.9109040039740028, "params": {"C": 209.8121687251807, "epsilon": 0.3262711099729723, "gamma": 0.028500842137096558}, "datetime": {"datetime": "2021-09-18 14:51:11", "elapsed": 84.151553, "delta": 0.702008}}
