{"target": -2.2018664273893274, "params": {"C": 77.15446557104113, "epsilon": 0.4993881401044235, "gamma": 0.10327861940791494}, "datetime": {"datetime": "2021-09-18 11:13:20", "elapsed": 490.196526, "delta": 3.104173}}
{"target": -2.357313246514751, "params": {"C": 77.25882146097092, "epsilon": 0.497155323529731, "gamma": 0.13158086520273507}, "datetime": {"datetime": "2021-09-18 11:13:26", "elapsed": 495.973362, "delta": 5.776836}}
{"target": -2.0129173721608984, "params": {"C": 62.91825123198044, "epsilon": 0.2192199333731677, "gamma": 0.04705093619763982}, "datetime": {"datetime": "2021-09-18 11:13:29", "elapsed": 499.214804, "delta": 3.241442}}
{"target": -2.364345238256725, "params": {"C": 97.7301208289337, "epsilon": 1.3172841338519892, "gamma": 0.013874405018416318}, "datetime": {"datetime": "2021-09-18 11:13:33", "elapsed": 502.729629, "delta": 3.514825}}
{"target": -2.1588148603345547, "params": {"C": 93.64337976841264, "epsilon": 0.6071114122239233, "gamma": 0.019458587214087986}, "datetime": {"datetime": "2021-09-18 11:13:37", "elapsed": 506.848241, "delta": 4.118612}}
{"target": -2.712776768122702, "params": {"C": 29.447473682831866, "epsilon": 1.4301771511131383, "gamma": 0.19255233285591708}, "datetime": {"datetime": "2021-09-18 11:13:38", "elapsed": 508.369444, "delta": 1.521203}}
{"target": -2.01509988161331, "params": {"C": 88.54162619663106, "epsilon": 0.02231752236651721, "gamma": 0.0777934217354487}, "datetime": {"datetime": "2021-09-18 11:13:42", "elapsed": 511.570211, "delta": 3.200767}}
{"target": -2.2205211502094238, "params": {"C": 93.54761486274361, "epsilon": 0.4377561941326354, "gamma": 0.10334413646415568}, "datetime": {"datetime": "2021-09-18 11:13:47", "elapsed": 516.723658, "delta": 5.153447}}
{"target": -2.005122179979912, "params": {"C": 62.65579150400488, "epsilon": 0.32627666591484533, "gamma": 0.07341108036276775}, "datetime": {"datetime": "2021-09-18 11:13:50", "elapsed": 519.541509, "delta": 2.817851}}
{"target": -2.5501992570775656, "params": {"C": 40.071559890486014, "epsilon": 0.6343284013240768, "gamma": 0.1867401850265568}, "datetime": {"datetime": "2021-09-18 11:13:51", "elapsed": 521.194077, "delta": 1.652568}}
{"target": -2.138436533063413, "params": {"C": 72.86479288368959, "epsilon": 0.15795186915143247, "gamma": 0.021897335323150517}, "datetime": {"datetime": "2021-09-18 11:13:56", "elapsed": 525.682317, "delta": 4.48824}}
{"target": -2.1909847262389803, "params": {"C": 37.43596398038364, "epsilon": 1.278885142436048, "gamma": 0.03588892424361653}, "datetime": {"datetime": "2021-09-18 11:13:57", "elapsed": 527.297355, "delta": 1.615038}}
{"target": -2.142122176971492, "params": {"C": 34.78707006711971, "epsilon": 0.12435746836813248, "gamma": 0.11158918501058457}, "datetime": {"datetime": "2021-09-18 11:14:01", "elapsed": 531.181363, "delta": 3.884008}}
{"target": -2.056761667936124, "params": {"C": 38.9937599348729, "epsilon": 0.6457890059956501, "gamma": 0.04498305094909292}, "datetime": {"datetime": "2021-09-18 11:14:04", "elapsed": 533.880918, "delta": 2.699555}}
{"target": -1.9834912343883426, "params": {"C": 93.65753713566411, "epsilon": 0.4929113128184335, "gamma": 0.056665336524769405}, "datetime": {"datetime": "2021-09-18 11:14:07", "elapsed": 537.380412, "delta": 3.499494}}
{"target": -2.000190077407847, "params": {"C": 93.69609179082012, "epsilon": 0.4467164431031871, "gamma": 0.06542093473787863}, "datetime": {"datetime": "2021-09-18 11:14:12", "elapsed": 542.09976, "delta": 4.719348}}
{"target": -2.118623000519494, "params": {"C": 93.70675056121205, "epsilon": 0.4895849434621696, "gamma": 0.08684935830021073}, "datetime": {"datetime": "2021-09-18 11:14:15", "elapsed": 544.953793, "delta": 2.854033}}
{"target": -1.9868578940288197, "params": {"C": 93.64467131790781, "epsilon": 0.3983751592224556, "gamma": 0.04480616104664889}, "datetime": {"datetime": "2021-09-18 11:14:20", "elapsed": 550.0252, "delta": 5.071407}}
{"target": -2.288739697096779, "params": {"C": 93.67582059701934, "epsilon": 0.419784451045081, "gamma": 0.1159017470149129}, "datetime": {"datetime": "2021-09-18 11:14:23", "elapsed": 553.361919, "delta": 3.336719}}
{"target": -2.1398589131059453, "params": {"C": 93.74347619768514, "epsilon": 0.34113628919811334, "gamma": 0.018444977068895897}, "datetime": {"datetime": "2021-09-18 11:14:28", "elapsed": 557.935212, "delta": 4.573293}}
{"target": -2.1327544182082896, "params": {"C": 93.73553293638255, "epsilon": 0.43635971320483824, "gamma": 0.02048283316184453}, "datetime": {"datetime": "2021-09-18 11:14:32", "elapsed": 561.559456, "delta": 3.624244}}
{"target": -2.194248592948463, "params": {"C": 93.61420587026441, "epsilon": 0.45986440052530086, "gamma": 0.015216460336293074}, "datetime": {"datetime": "2021-09-18 11:14:36", "elapsed": 566.212956, "delta": 4.6535}}
{"target": -1.9437780812064924, "params": {"C": 88.45109541407618, "epsilon": 0.12543923945463203, "gamma": 0.052846144709878876}, "datetime": {"datetime": "2021-09-18 11:14:39", "elapsed": 569.408805, "delta": 3.195849}}
{"target": -2.311507926308289, "params": {"C": 93.5400170588285, "epsilon": 0.5738508837197215, "gamma": 0.11475769100567258}, "datetime": {"datetime": "2021-09-18 11:14:44", "elapsed": 573.96318, "delta": 4.554375}}
{"target": -1.9517219625169981, "params": {"C": 95.64087639574576, "epsilon": 0.03620426073543925, "gamma": 0.045256955389779516}, "datetime": {"datetime": "2021-09-18 11:14:50", "elapsed": 579.923266, "delta": 5.960086}}
{"target": -2.150316780288361, "params": {"C": 95.62555229087502, "epsilon": 0.07121415546435468, "gamma": 0.09323058872423029}, "datetime": {"datetime": "2021-09-18 11:14:54", "elapsed": 583.771854, "delta": 3.848588}}
{"target": -2.14355546885797, "params": {"C": 34.373974568427506, "epsilon": 0.03402123005548115, "gamma": 0.031646615176391314}, "datetime": {"datetime": "2021-09-18 11:14:56", "elapsed": 586.464511, "delta": 2.692657}}
{"target": -2.123013388244763, "params": {"C": 88.37020727334817, "epsilon": 0.11278827913220979, "gamma": 0.09191457012334094}, "datetime": {"datetime": "2021-09-18 11:15:00", "elapsed": 590.4106, "delta": 3.946089}}
{"target": -2.054705558518166, "params": {"C": 95.6864448269141, "epsilon": 0.007667260135366589, "gamma": 0.08118318260496145}, "datetime": {"datetime": "2021-09-18 11:15:05", "elapsed": 595.345396, "delta": 4.934796}}
{"target": -2.0836740055638985, "params": {"C": 73.31350009004727, "epsilon": 1.3075494692653287, "gamma": 0.05674870376990028}, "datetime": {"datetime": "2021-09-18 11:15:10", "elapsed": 600.056317, "delta": 4.710921}}
{"target": -1.973565057168003, "params": {"C": 95.36024517316623, "epsilon": 0.2343858313897717, "gamma": 0.06546063621828771}, "datetime": {"datetime": "2021-09-18 11:15:13", "elapsed": 603.478825, "delta": 3.422508}}
{"target": -1.954188746688865, "params": {"C": 95.74252841841376, "epsilon": 0.08356581319261522, "gamma": 0.06605529311703444}, "datetime": {"datetime": "2021-09-18 11:15:18", "elapsed": 608.025863, "delta": 4.547038}}
{"target": -2.184192246990161, "params": {"C": 95.78154673742321, "epsilon": 0.13106644142425075, "gamma": 0.1025207253587458}, "datetime": {"datetime": "2021-09-18 11:15:22", "elapsed": 612.418059, "delta": 4.392196}}
{"target": -2.445546184657034, "params": {"C": 95.30610575740698, "epsilon": 0.1770374372732592, "gamma": 0.15737516268900692}, "datetime": {"datetime": "2021-09-18 11:15:26", "elapsed": 615.815806, "delta": 3.397747}}
{"target": -2.1887936296026664, "params": {"C": 95.55845082435818, "epsilon": 0.2833999019879752, "gamma": 0.10062335004427093}, "datetime": {"datetime": "2021-09-18 11:15:31", "elapsed": 621.015144, "delta": 5.199338}}
{"target": -2.1457561656971955, "params": {"C": 95.69573775363668, "epsilon": 0.002796493054185966, "gamma": 0.021665771239522652}, "datetime": {"datetime": "2021-09-18 11:15:36", "elapsed": 626.450363, "delta": 5.435219}}
{"target": -2.085099117916015, "params": {"C": 62.87004577173288, "epsilon": 1.16909245027555, "gamma": 0.05088568545982579}, "datetime": {"datetime": "2021-09-18 11:15:38", "elapsed": 628.220084, "delta": 1.769721}}
{"target": -1.9883468820326147, "params": {"C": 95.77683995257948, "epsilon": 0.04859274873818327, "gamma": 0.041011503368842656}, "datetime": {"datetime": "2021-09-18 11:15:42", "elapsed": 631.519359, "delta": 3.299275}}
{"target": -2.2724858409849045, "params": {"C": 88.42995986646568, "epsilon": 0.4604613997732496, "gamma": 0.010471369233003716}, "datetime": {"datetime": "2021-09-18 11:15:45", "elapsed": 634.835045, "delta": 3.315686}}
{"target": -2.6043354313182956, "params": {"C": 62.36945445670723, "epsilon": 1.1635704914284661, "gamma": 0.16304122225303533}, "datetime": {"datetime": "2021-09-18 11:15:46", "elapsed": 636.465193, "delta": 1.630148}}
{"target": -2.54365794959362, "params": {"C": 96.47767234174025, "epsilon": 0.14308352591102555, "gamma": 0.18001528270857342}, "datetime": {"datetime": "2021-09-18 11:15:49", "elapsed": 638.591811, "delta": 2.126618}}
{"target": -1.964454459504548, "params": {"C": 93.57940701239694, "epsilon": 0.33905653532104013, "gamma": 0.0515742544538488}, "datetime": {"datetime": "2021-09-18 11:15:53", "elapsed": 643.332789, "delta": 4.740978}}
{"target": -2.379868678587671, "params": {"C": 34.726722856098704, "epsilon": 0.028140088385010947, "gamma": 0.010172957773671982}, "datetime": {"datetime": "2021-09-18 11:15:59", "elapsed": 649.018181, "delta": 5.685392}}
{"target": -2.1779814277072815, "params": {"C": 95.84673913827073, "epsilon": 0.04156875254025188, "gamma": 0.018132050439113243}, "datetime": {"datetime": "2021-09-18 11:16:03", "elapsed": 653.366083, "delta": 4.347902}}
{"target": -2.34851289986955, "params": {"C": 93.57795622093072, "epsilon": 0.25553720573689503, "gamma": 0.1336654610766904}, "datetime": {"datetime": "2021-09-18 11:16:08", "elapsed": 657.927541, "delta": 4.561458}}
{"target": -2.430528178877481, "params": {"C": 79.15966010273937, "epsilon": 0.12824408155470626, "gamma": 0.16067036603299373}, "datetime": {"datetime": "2021-09-18 11:16:10", "elapsed": 659.676, "delta": 1.748459}}
{"target": -2.116630826855775, "params": {"C": 95.5931082553463, "epsilon": 0.006666406755083194, "gamma": 0.02377863138610143}, "datetime": {"datetime": "2021-09-18 11:16:15", "elapsed": 664.81044, "delta": 5.13444}}
{"target": -2.091397454327011, "params": {"C": 34.67806865018019, "epsilon": 0.11390138012158342, "gamma": 0.09738362401558709}, "datetime": {"datetime": "2021-09-18 11:16:18", "elapsed": 668.224174, "delta": 3.413734}}
{"target": -1.964037487286926, "params": {"C": 95.71606281984593, "epsilon": 0.15286348103644534, "gamma": 0.04391299207175184}, "datetime": {"datetime": "2021-09-18 11:16:23", "elapsed": 673.377879, "delta": 5.153705}}
{"target": -2.0136093377621522, "params": {"C": 93.64600214932517, "epsilon": 0.309870045177642, "gamma": 0.03741672996074489}, "datetime": {"datetime": "2021-09-18 11:16:30", "elapsed": 680.255474, "delta": 6.877595}}
{"target": -2.104352235359471, "params": {"C": 78.36996397161433, "epsilon": 1.4060026935736338, "gamma": 0.0480501461710941}, "datetime": {"datetime": "2021-09-18 11:16:32", "elapsed": 681.985116, "delta": 1.729642}}
{"target": -2.134649172801485, "params": {"C": 95.61240956791352, "epsilon": 0.10204679130524393, "gamma": 0.021301783697685667}, "datetime": {"datetime": "2021-09-18 11:16:36", "elapsed": 686.473747, "delta": 4.488631}}
{"target": -1.992799551186944, "params": {"C": 95.76936304623366, "epsilon": 0.23040025811216394, "gamma": 0.03924325566837891}, "datetime": {"datetime": "2021-09-18 11:16:40", "elapsed": 689.977735, "delta": 3.503988}}
{"target": -2.2472292274478285, "params": {"C": 64.11112323762393, "epsilon": 0.7652458178821866, "gamma": 0.015819572518841023}, "datetime": {"datetime": "2021-09-18 11:16:42", "elapsed": 692.319447, "delta": 2.341712}}
{"target": -2.5104691184464025, "params": {"C": 73.34511389118668, "epsilon": 1.3584460575061545, "gamma": 0.12973161298647426}, "datetime": {"datetime": "2021-09-18 11:16:47", "elapsed": 696.888281, "delta": 4.568834}}
{"target": -2.0458382387881087, "params": {"C": 56.72498949740145, "epsilon": 0.5135374697016236, "gamma": 0.07814231107297172}, "datetime": {"datetime": "2021-09-18 11:16:49", "elapsed": 698.569052, "delta": 1.680771}}
{"target": -2.073469333592232, "params": {"C": 56.727578957525026, "epsilon": 0.454108289177776, "gamma": 0.03415318975311132}, "datetime": {"datetime": "2021-09-18 11:16:54", "elapsed": 703.541497, "delta": 4.972445}}
{"target": -1.9613186758482193, "params": {"C": 95.72868177939685, "epsilon": 0.20536854241737837, "gamma": 0.047737360964405666}, "datetime": {"datetime": "2021-09-18 11:16:59", "elapsed": 708.529755, "delta": 4.988258}}
{"target": -2.396544517522932, "params": {"C": 80.70678212690223, "epsilon": 1.2004234415128443, "gamma": 0.11302176048459886}, "datetime": {"datetime": "2021-09-18 11:17:01", "elapsed": 710.501982, "delta": 1.972227}}
{"target": -2.1905923931973805, "params": {"C": 45.060257669518094, "epsilon": 0.4169383757576216, "gamma": 0.11993818559876747}, "datetime": {"datetime": "2021-09-18 11:17:03", "elapsed": 712.509092, "delta": 2.00711}}
{"target": -2.4064795170016446, "params": {"C": 73.37694813639501, "epsilon": 1.2777966051522427, "gamma": 0.01}, "datetime": {"datetime": "2021-09-18 11:17:06", "elapsed": 716.28588, "delta": 3.776788}}
{"target": -2.1374439678545554, "params": {"C": 91.60841319050027, "epsilon": 1.2360949040548903, "gamma": 0.03123870432843584}, "datetime": {"datetime": "2021-09-18 11:17:08", "elapsed": 718.416255, "delta": 2.130375}}
{"target": -2.020938608608249, "params": {"C": 93.61619324330036, "epsilon": 0.34562635015226584, "gamma": 0.035164200108742855}, "datetime": {"datetime": "2021-09-18 11:17:13", "elapsed": 722.807346, "delta": 4.391091}}
{"target": -2.05607132357613, "params": {"C": 95.73609390713553, "epsilon": 0.07736687788169089, "gamma": 0.027202886692953246}, "datetime": {"datetime": "2021-09-18 11:17:18", "elapsed": 727.602622, "delta": 4.795276}}
{"target": -2.0032600892334442, "params": {"C": 70.78910760368159, "epsilon": 0.35866915394324533, "gamma": 0.04715263561479618}, "datetime": {"datetime": "2021-09-18 11:17:19", "elapsed": 729.474058, "delta": 1.871436}}
{"target": -2.0166294205468382, "params": {"C": 70.74668313983065, "epsilon": 0.42582207768571995, "gamma": 0.04588894228405618}, "datetime": {"datetime": "2021-09-18 11:17:24", "elapsed": 733.710415, "delta": 4.236357}}
{"target": -2.302757297776472, "params": {"C": 70.79465142352205, "epsilon": 0.4028579713049885, "gamma": 0.12570843838132578}, "datetime": {"datetime": "2021-09-18 11:17:28", "elapsed": 737.525884, "delta": 3.815469}}
{"target": -2.18891971618661, "params": {"C": 28.094611707183482, "epsilon": 1.1911201874409454, "gamma": 0.03937009183089364}, "datetime": {"datetime": "2021-09-18 11:17:29", "elapsed": 739.343884, "delta": 1.818}}
{"target": -2.6598560774725812, "params": {"C": 86.79244586700361, "epsilon": 1.150746297645198, "gamma": 0.17628307029187304}, "datetime": {"datetime": "2021-09-18 11:17:31", "elapsed": 741.152882, "delta": 1.808998}}
{"target": -1.983557717064107, "params": {"C": 77.22929542270978, "epsilon": 0.4110424308249756, "gamma": 0.06323628385929862}, "datetime": {"datetime": "2021-09-18 11:17:35", "elapsed": 744.763879, "delta": 3.610997}}
{"target": -2.0201692161782296, "params": {"C": 93.47217287955982, "epsilon": 0.34162143926209526, "gamma": 0.035901210955156325}, "datetime": {"datetime": "2021-09-18 11:17:39", "elapsed": 748.722885, "delta": 3.959006}}
{"target": -2.2071927116558183, "params": {"C": 93.41143057165095, "epsilon": 0.3411428558054495, "gamma": 0.10339177291814466}, "datetime": {"datetime": "2021-09-18 11:17:44", "elapsed": 753.538365, "delta": 4.81548}}
{"target": -2.048493887822835, "params": {"C": 95.76114211802646, "epsilon": 0.01673734685409352, "gamma": 0.08030444616467927}, "datetime": {"datetime": "2021-09-18 11:17:52", "elapsed": 761.760534, "delta": 8.222169}}
{"target": -2.0868811382242414, "params": {"C": 77.27251536680275, "epsilon": 0.3653142965035334, "gamma": 0.08838356845941996}, "datetime": {"datetime": "2021-09-18 11:17:56", "elapsed": 765.922687, "delta": 4.162153}}
{"target": -2.0364051309254037, "params": {"C": 95.71386457464622, "epsilon": 0.3000003430289859, "gamma": 0.030200920194989364}, "datetime": {"datetime": "2021-09-18 11:17:59", "elapsed": 769.424398, "delta": 3.501711}}
{"target": -2.0597101642193767, "params": {"C": 93.51527199043734, "epsilon": 0.36884698026880974, "gamma": 0.02754621296272739}, "datetime": {"datetime": "2021-09-18 11:18:06", "elapsed": 776.071596, "delta": 6.647198}}
{"target": -2.2863039646972037, "params": {"C": 59.35154799436764, "epsilon": 1.00011177535522, "gamma": 0.10861639067328913}, "datetime": {"datetime": "2021-09-18 11:18:08", "elapsed": 778.08787, "delta": 2.016274}}
{"target": -2.0534083825288816, "params": {"C": 93.4890963019882, "epsilon": 0.2855764416598072, "gamma": 0.027591346910194478}, "datetime": {"datetime": "2021-09-18 11:18:12", "elapsed": 782.055197, "delta": 3.967327}}
{"target": -2.1658586279895173, "params": {"C": 37.55117482775867, "epsilon": 0.5979790674494115, "gamma": 0.11215700077166173}, "datetime": {"datetime": "2021-09-18 11:18:14", "elapsed": 783.929537, "delta": 1.87434}}
{"target": -2.2490683581814173, "params": {"C": 93.54532858494214, "epsilon": 0.30039387390085925, "gamma": 0.011527770904502067}, "datetime": {"datetime": "2021-09-18 11:18:19", "elapsed": 789.335885, "delta": 5.406348}}
{"target": -2.0247052540244765, "params": {"C": 70.75483607446259, "epsilon": 0.28303824360325613, "gamma": 0.039767856687473235}, "datetime": {"datetime": "2021-09-18 11:18:24", "elapsed": 793.792191, "delta": 4.456306}}
{"target": -1.9726813354997448, "params": {"C": 70.66713542058656, "epsilon": 0.2788721835751713, "gamma": 0.06204132625039378}, "datetime": {"datetime": "2021-09-18 11:18:29", "elapsed": 798.660636, "delta": 4.868445}}
{"target": -1.9825853168971652, "params": {"C": 70.69652768261662, "epsilon": 0.3221000130107232, "gamma": 0.0660014305774968}, "datetime": {"datetime": "2021-09-18 11:18:33", "elapsed": 802.587399, "delta": 3.926763}}
{"target": -2.3167540173601653, "params": {"C": 70.74694276541604, "epsilon": 0.230298607985538, "gamma": 0.13475458315706254}, "datetime": {"datetime": "2021-09-18 11:18:37", "elapsed": 806.763705, "delta": 4.176306}}
{"target": -2.22808778482645, "params": {"C": 70.68403741471165, "epsilon": 0.27608441914540827, "gamma": 0.013569070587065872}, "datetime": {"datetime": "2021-09-18 11:18:43", "elapsed": 812.883749, "delta": 6.120044}}
{"target": -2.00113504961573, "params": {"C": 95.77385313794731, "epsilon": 0.1512560084257695, "gamma": 0.037531479859497466}, "datetime": {"datetime": "2021-09-18 11:18:48", "elapsed": 817.966024, "delta": 5.082275}}
{"target": -2.041604118208285, "params": {"C": 70.67634882590336, "epsilon": 0.41148684071961666, "gamma": 0.035821296576694736}, "datetime": {"datetime": "2021-09-18 11:18:53", "elapsed": 823.244767, "delta": 5.278743}}
{"target": -2.2936231019031252, "params": {"C": 70.64722673446255, "epsilon": 0.3385327886640567, "gamma": 0.12654422061027945}, "datetime": {"datetime": "2021-09-18 11:18:58", "elapsed": 827.695134, "delta": 4.450367}}
{"target": -2.112728985846705, "params": {"C": 56.65495674479399, "epsilon": 0.43983045052826425, "gamma": 0.0995509202268957}, "datetime": {"datetime": "2021-09-18 11:19:05", "elapsed": 835.145448, "delta": 7.450314}}
{"target": -2.138137733315573, "params": {"C": 70.62300121842422, "epsilon": 0.2401637505824581, "gamma": 0.10025614072000412}, "datetime": {"datetime": "2021-09-18 11:19:11", "elapsed": 841.420526, "delta": 6.275078}}
{"target": -2.127350533042609, "params": {"C": 88.43356810084339, "epsilon": 0.31843738167331487, "gamma": 0.09126862115221585}, "datetime": {"datetime": "2021-09-18 11:19:17", "elapsed": 846.901164, "delta": 5.480638}}
{"target": -2.1251525076003452, "params": {"C": 95.57043803588437, "epsilon": 0.31644318357761514, "gamma": 0.02040838114784925}, "datetime": {"datetime": "2021-09-18 11:19:21", "elapsed": 850.759537, "delta": 3.858373}}
{"target": -2.025091154973992, "params": {"C": 73.14863430025568, "epsilon": 0.2537729551339661, "gamma": 0.0384608591380191}, "datetime": {"datetime": "2021-09-18 11:19:28", "elapsed": 858.0151, "delta": 7.255563}}
{"target": -2.142438601391955, "params": {"C": 34.47142171340296, "epsilon": 0.036951736982476655, "gamma": 0.03187518287176127}, "datetime": {"datetime": "2021-09-18 11:19:35", "elapsed": 865.289538, "delta": 7.274438}}
{"target": -2.6215978680637897, "params": {"C": 91.91886231586476, "epsilon": 0.572153776730737, "gamma": 0.182943354542006}, "datetime": {"datetime": "2021-09-18 11:19:37", "elapsed": 867.298665, "delta": 2.009127}}
{"target": -2.4227690658017793, "params": {"C": 67.72670672753159, "epsilon": 1.1901899068862056, "gamma": 0.12087754241603393}, "datetime": {"datetime": "2021-09-18 11:19:39", "elapsed": 869.239288, "delta": 1.940623}}
{"target": -1.9693904480418967, "params": {"C": 77.18679877379657, "epsilon": 0.3511191339455516, "gamma": 0.057302731101117076}, "datetime": {"datetime": "2021-09-18 11:19:45", "elapsed": 874.67845, "delta": 5.439162}}
{"target": -2.0539411856537937, "params": {"C": 77.16244153572396, "epsilon": 0.31467715291342474, "gamma": 0.08327621517867156}, "datetime": {"datetime": "2021-09-18 11:19:50", "elapsed": 879.515258, "delta": 4.836808}}
{"target": -2.104062649133424, "params": {"C": 56.800916639439635, "epsilon": 0.4909152272325658, "gamma": 0.09587492989710217}, "datetime": {"datetime": "2021-09-18 11:19:56", "elapsed": 885.630332, "delta": 6.115074}}
{"target": -2.1415729773013785, "params": {"C": 67.02875363660976, "epsilon": 0.6636195353024297, "gamma": 0.0966906333001957}, "datetime": {"datetime": "2021-09-18 11:19:58", "elapsed": 887.911331, "delta": 2.280999}}
