{"target": -1.9301555625396598, "params": {"C": 92.16378013430598, "epsilon": 0.03589874265441761, "gamma": 0.05667333516402774}, "datetime": {"datetime": "2021-09-18 12:01:21", "elapsed": 597.142503, "delta": 3.762863}}
{"target": -1.9426719748425432, "params": {"C": 98.98957993704587, "epsilon": 0.12769538948927578, "gamma": 0.05423660077750048}, "datetime": {"datetime": "2021-09-18 12:01:26", "elapsed": 602.437758, "delta": 5.295255}}
{"target": -1.933571172480059, "params": {"C": 91.98209355282373, "epsilon": 0.06207158834415963, "gamma": 0.05527920981983036}, "datetime": {"datetime": "2021-09-18 12:01:31", "elapsed": 606.932962, "delta": 4.495204}}
{"target": -1.9470867915304741, "params": {"C": 92.16513025876526, "epsilon": 0.04203671794911846, "gamma": 0.06527186244222018}, "datetime": {"datetime": "2021-09-18 12:01:36", "elapsed": 611.719119, "delta": 4.786157}}
{"target": -1.9442306093327915, "params": {"C": 92.19080299532423, "epsilon": 0.008362118120202728, "gamma": 0.047339419178055064}, "datetime": {"datetime": "2021-09-18 12:01:39", "elapsed": 615.330042, "delta": 3.610923}}
{"target": -1.9472456338741821, "params": {"C": 61.46465023503786, "epsilon": 0.042121096836790155, "gamma": 0.06717883250495835}, "datetime": {"datetime": "2021-09-18 12:01:44", "elapsed": 620.400132, "delta": 5.07009}}
{"target": -1.951446527509721, "params": {"C": 92.17771697217296, "epsilon": 0.08002898796132249, "gamma": 0.04809736977230343}, "datetime": {"datetime": "2021-09-18 12:01:49", "elapsed": 625.495834, "delta": 5.095702}}
{"target": -1.9773457487970105, "params": {"C": 95.04356888706371, "epsilon": 0.18049267785184672, "gamma": 0.06730684545400095}, "datetime": {"datetime": "2021-09-18 12:01:51", "elapsed": 627.484353, "delta": 1.988519}}
{"target": -1.9722426460893776, "params": {"C": 80.20571345955271, "epsilon": 0.3733328064689274, "gamma": 0.05750698038147904}, "datetime": {"datetime": "2021-09-18 12:01:53", "elapsed": 629.49415, "delta": 2.009797}}
{"target": -1.9359403726883777, "params": {"C": 73.7996575459664, "epsilon": 0.03424997482043128, "gamma": 0.06318514412912984}, "datetime": {"datetime": "2021-09-18 12:01:57", "elapsed": 632.668005, "delta": 3.173855}}
{"target": -1.9543505545864077, "params": {"C": 73.76531177472869, "epsilon": 0.0028854078275347334, "gamma": 0.0699177086848226}, "datetime": {"datetime": "2021-09-18 12:02:00", "elapsed": 636.406091, "delta": 3.738086}}
{"target": -1.952284878134809, "params": {"C": 92.18209732256993, "epsilon": 0.04656852379267581, "gamma": 0.04584957939540922}, "datetime": {"datetime": "2021-09-18 12:02:06", "elapsed": 641.908085, "delta": 5.501994}}
{"target": -1.9556876525879074, "params": {"C": 79.77763556378731, "epsilon": 0.20903189714083412, "gamma": 0.05368799473160985}, "datetime": {"datetime": "2021-09-18 12:02:08", "elapsed": 643.926595, "delta": 2.01851}}
{"target": -1.9406087549807325, "params": {"C": 99.00107632763672, "epsilon": 0.10283083259177404, "gamma": 0.051881615217484196}, "datetime": {"datetime": "2021-09-18 12:02:12", "elapsed": 648.215304, "delta": 4.288709}}
{"target": -1.9875227960035908, "params": {"C": 74.15008714234601, "epsilon": 0.4496134467942437, "gamma": 0.05401777923591469}, "datetime": {"datetime": "2021-09-18 12:02:14", "elapsed": 650.230293, "delta": 2.014989}}
{"target": -1.9657151464335971, "params": {"C": 59.70068028685099, "epsilon": 0.25516679090130845, "gamma": 0.05926401849776777}, "datetime": {"datetime": "2021-09-18 12:02:16", "elapsed": 652.30333, "delta": 2.073037}}
{"target": -1.981522038239545, "params": {"C": 99.64565860204517, "epsilon": 0.07921307231997851, "gamma": 0.07}, "datetime": {"datetime": "2021-09-18 12:02:21", "elapsed": 657.054146, "delta": 4.750816}}
{"target": -1.9646876927836316, "params": {"C": 75.36623582663557, "epsilon": 0.0541618912610473, "gamma": 0.07}, "datetime": {"datetime": "2021-09-18 12:02:25", "elapsed": 661.083687, "delta": 4.029541}}
{"target": -1.9437648865421147, "params": {"C": 98.53031921206463, "epsilon": 0.1275070863736721, "gamma": 0.06213632682685711}, "datetime": {"datetime": "2021-09-18 12:02:29", "elapsed": 664.865221, "delta": 3.781534}}
{"target": -1.9486103895778566, "params": {"C": 75.87903571505328, "epsilon": 0.027963010023388947, "gamma": 0.06660314060999456}, "datetime": {"datetime": "2021-09-18 12:02:31", "elapsed": 667.186614, "delta": 2.321393}}
{"target": -2.0044718400239674, "params": {"C": 64.02015078027439, "epsilon": 0.07213200617439619, "gamma": 0.046608098060023584}, "datetime": {"datetime": "2021-09-18 12:02:36", "elapsed": 672.186888, "delta": 5.000274}}
{"target": -1.9624980900646716, "params": {"C": 88.98592556525895, "epsilon": 0.28741912179011436, "gamma": 0.055942014262558945}, "datetime": {"datetime": "2021-09-18 12:02:39", "elapsed": 674.581272, "delta": 2.394384}}
{"target": -2.0049841693663217, "params": {"C": 72.5900684614466, "epsilon": 0.0549415245963143, "gamma": 0.043600230496450766}, "datetime": {"datetime": "2021-09-18 12:02:41", "elapsed": 676.805386, "delta": 2.224114}}
{"target": -1.9552078341836325, "params": {"C": 63.900588939931524, "epsilon": 0.20080246251873593, "gamma": 0.060098849143580046}, "datetime": {"datetime": "2021-09-18 12:02:43", "elapsed": 679.127485, "delta": 2.322099}}
{"target": -1.963560073900652, "params": {"C": 78.18746632920154, "epsilon": 0.3107009482652782, "gamma": 0.05706025456636064}, "datetime": {"datetime": "2021-09-18 12:02:45", "elapsed": 681.534497, "delta": 2.407012}}
{"target": -1.9470475119358512, "params": {"C": 75.34852782463827, "epsilon": 0.008603865035781536, "gamma": 0.06771019915752817}, "datetime": {"datetime": "2021-09-18 12:02:49", "elapsed": 685.284171, "delta": 3.749674}}
{"target": -1.9903707492566385, "params": {"C": 99.8956039062125, "epsilon": 0.45404475610117173, "gamma": 0.06160007120710594}, "datetime": {"datetime": "2021-09-18 12:02:51", "elapsed": 687.402356, "delta": 2.118185}}
{"target": -1.9383986041352317, "params": {"C": 72.06446365337911, "epsilon": 0.07225436489747222, "gamma": 0.06124921990471528}, "datetime": {"datetime": "2021-09-18 12:02:54", "elapsed": 689.603944, "delta": 2.201588}}
{"target": -1.9543818074923494, "params": {"C": 65.50519844165441, "epsilon": 0.11276338297837837, "gamma": 0.06425650055332618}, "datetime": {"datetime": "2021-09-18 12:02:56", "elapsed": 691.87758, "delta": 2.273636}}
{"target": -1.947708147947335, "params": {"C": 61.48047744143136, "epsilon": 0.03130339218494566, "gamma": 0.06800166366631379}, "datetime": {"datetime": "2021-09-18 12:03:00", "elapsed": 695.80189, "delta": 3.92431}}
{"target": -2.00081601318911, "params": {"C": 72.06462429572655, "epsilon": 0.05188486770232397, "gamma": 0.04474671289232988}, "datetime": {"datetime": "2021-09-18 12:03:03", "elapsed": 699.33405, "delta": 3.53216}}
{"target": -1.9850114825645087, "params": {"C": 93.05140404245219, "epsilon": 0.11359526308995456, "gamma": 0.04107425959258653}, "datetime": {"datetime": "2021-09-18 12:03:10", "elapsed": 706.501011, "delta": 7.166961}}
{"target": -1.9578565515398758, "params": {"C": 92.16754874004377, "epsilon": 0.0543163129203003, "gamma": 0.044855301964849145}, "datetime": {"datetime": "2021-09-18 12:03:15", "elapsed": 711.10817, "delta": 4.607159}}
{"target": -1.97866667277862, "params": {"C": 98.9981769407128, "epsilon": 0.11202623170973475, "gamma": 0.04058914951900023}, "datetime": {"datetime": "2021-09-18 12:03:18", "elapsed": 714.530801, "delta": 3.422631}}
{"target": -1.9686517778248218, "params": {"C": 72.05247775319147, "epsilon": 0.09066347964301669, "gamma": 0.06940219623956234}, "datetime": {"datetime": "2021-09-18 12:03:23", "elapsed": 718.600623, "delta": 4.069822}}
{"target": -2.0260784304694974, "params": {"C": 60.395932811917646, "epsilon": 0.18116371883853094, "gamma": 0.0403150359153499}, "datetime": {"datetime": "2021-09-18 12:03:25", "elapsed": 720.690838, "delta": 2.090215}}
{"target": -1.9460266841605873, "params": {"C": 63.99163233241959, "epsilon": 0.08577992060931099, "gamma": 0.06309160213184782}, "datetime": {"datetime": "2021-09-18 12:03:30", "elapsed": 726.360678, "delta": 5.66984}}
{"target": -1.9398167625693017, "params": {"C": 76.51880344199718, "epsilon": 0.02064094618696495, "gamma": 0.06467819181207286}, "datetime": {"datetime": "2021-09-18 12:03:34", "elapsed": 730.01121, "delta": 3.650532}}
{"target": -1.9441367135970729, "params": {"C": 99.00246345682584, "epsilon": 0.09466244990106604, "gamma": 0.061938619089831816}, "datetime": {"datetime": "2021-09-18 12:03:37", "elapsed": 733.346594, "delta": 3.335384}}
{"target": -1.964683901088337, "params": {"C": 93.07220628425495, "epsilon": 0.0768758161192525, "gamma": 0.06849635408047704}, "datetime": {"datetime": "2021-09-18 12:03:41", "elapsed": 736.812325, "delta": 3.465731}}
{"target": -1.9591426728779109, "params": {"C": 99.0063918014188, "epsilon": 0.11377376227730318, "gamma": 0.06636600387452331}, "datetime": {"datetime": "2021-09-18 12:03:44", "elapsed": 740.131398, "delta": 3.319073}}
{"target": -1.922118649668547, "params": {"C": 92.1606966792921, "epsilon": 0.004874618057182792, "gamma": 0.05408668361755548}, "datetime": {"datetime": "2021-09-18 12:03:48", "elapsed": 744.190809, "delta": 4.059411}}
{"target": -1.990631790866606, "params": {"C": 73.07824921697289, "epsilon": 0.349564069458804, "gamma": 0.06959018836929426}, "datetime": {"datetime": "2021-09-18 12:03:50", "elapsed": 746.465401, "delta": 2.274592}}
{"target": -1.9850565780938272, "params": {"C": 54.302100693038554, "epsilon": 0.03456531254019924, "gamma": 0.05302257506840262}, "datetime": {"datetime": "2021-09-18 12:03:53", "elapsed": 748.841528, "delta": 2.376127}}
{"target": -1.9461720353172318, "params": {"C": 91.93710058097726, "epsilon": 0.05952340389686567, "gamma": 0.0632117414956681}, "datetime": {"datetime": "2021-09-18 12:03:57", "elapsed": 752.78306, "delta": 3.941532}}
{"target": -1.9515883045495517, "params": {"C": 98.57250501943003, "epsilon": 0.1477643604153641, "gamma": 0.06350682036891277}, "datetime": {"datetime": "2021-09-18 12:04:00", "elapsed": 756.548241, "delta": 3.765181}}
{"target": -1.946575613650071, "params": {"C": 92.52137898910831, "epsilon": 0.16962103275855503, "gamma": 0.056541335532616886}, "datetime": {"datetime": "2021-09-18 12:04:04", "elapsed": 760.012836, "delta": 3.464595}}
{"target": -1.9759889711850822, "params": {"C": 90.99894022080142, "epsilon": 0.14411055007235615, "gamma": 0.04283398563577753}, "datetime": {"datetime": "2021-09-18 12:04:07", "elapsed": 763.425694, "delta": 3.412858}}
{"target": -1.9421302949010606, "params": {"C": 98.19365357114765, "epsilon": 0.09967347249394179, "gamma": 0.055817251386900454}, "datetime": {"datetime": "2021-09-18 12:04:12", "elapsed": 767.719015, "delta": 4.293321}}
{"target": -2.0109691000243557, "params": {"C": 87.90332237850163, "epsilon": 0.45879959497843104, "gamma": 0.06937503194921035}, "datetime": {"datetime": "2021-09-18 12:04:14", "elapsed": 769.878508, "delta": 2.159493}}
{"target": -1.943413488680764, "params": {"C": 92.16892122006585, "epsilon": 0.0056550955370639235, "gamma": 0.06432709043302536}, "datetime": {"datetime": "2021-09-18 12:04:18", "elapsed": 774.253983, "delta": 4.375475}}
{"target": -1.943132602254386, "params": {"C": 98.95713031054875, "epsilon": 0.13610761870932692, "gamma": 0.05598431774185023}, "datetime": {"datetime": "2021-09-18 12:04:21", "elapsed": 777.497606, "delta": 3.243623}}
{"target": -1.9788447286715751, "params": {"C": 90.96487096395308, "epsilon": 0.13976555310062502, "gamma": 0.06996045835680163}, "datetime": {"datetime": "2021-09-18 12:04:25", "elapsed": 781.524598, "delta": 4.026992}}
{"target": -1.9381819181790607, "params": {"C": 61.03960246156076, "epsilon": 0.0252900880658879, "gamma": 0.0651037247255597}, "datetime": {"datetime": "2021-09-18 12:04:31", "elapsed": 786.956687, "delta": 5.432089}}
{"target": -1.960661339111739, "params": {"C": 98.96911477336648, "epsilon": 0.14370485803406752, "gamma": 0.06579536057341318}, "datetime": {"datetime": "2021-09-18 12:04:36", "elapsed": 791.906811, "delta": 4.950124}}
{"target": -1.9645280384886699, "params": {"C": 61.031943266925154, "epsilon": 0.01673934730942158, "gamma": 0.05262978864567139}, "datetime": {"datetime": "2021-09-18 12:04:41", "elapsed": 796.766544, "delta": 4.859733}}
{"target": -1.9601665093733942, "params": {"C": 63.9931344790097, "epsilon": 0.06483096826379878, "gamma": 0.06882326567651956}, "datetime": {"datetime": "2021-09-18 12:04:46", "elapsed": 801.714163, "delta": 4.947619}}
{"target": -2.0010816526052637, "params": {"C": 66.89985334991418, "epsilon": 0.4316765237200187, "gamma": 0.06493471631766361}, "datetime": {"datetime": "2021-09-18 12:04:48", "elapsed": 803.873722, "delta": 2.159559}}
{"target": -1.9329461297801147, "params": {"C": 92.19714589541752, "epsilon": 0.044211328957927835, "gamma": 0.05733017744596949}, "datetime": {"datetime": "2021-09-18 12:04:53", "elapsed": 808.851167, "delta": 4.977445}}
{"target": -2.0314434521353872, "params": {"C": 54.75574001057815, "epsilon": 0.1822352365543222, "gamma": 0.0411274852112197}, "datetime": {"datetime": "2021-09-18 12:04:55", "elapsed": 810.955361, "delta": 2.104194}}
{"target": -1.9772908818467314, "params": {"C": 90.21281396006931, "epsilon": 0.43229466107695197, "gamma": 0.06128511117730255}, "datetime": {"datetime": "2021-09-18 12:04:57", "elapsed": 813.128758, "delta": 2.173397}}
{"target": -1.9978192884576471, "params": {"C": 97.22256261537882, "epsilon": 0.2331407899061283, "gamma": 0.06853878207187099}, "datetime": {"datetime": "2021-09-18 12:04:59", "elapsed": 815.324801, "delta": 2.196043}}
{"target": -1.9425914256780552, "params": {"C": 92.21602379270092, "epsilon": 0.04554403496950593, "gamma": 0.06093904447461469}, "datetime": {"datetime": "2021-09-18 12:05:06", "elapsed": 821.913488, "delta": 6.588687}}
{"target": -1.9602473558147018, "params": {"C": 98.96900519067358, "epsilon": 0.12285477363947742, "gamma": 0.043429400307868994}, "datetime": {"datetime": "2021-09-18 12:05:11", "elapsed": 826.678725, "delta": 4.765237}}
{"target": -1.983812561403439, "params": {"C": 85.74190073120096, "epsilon": 0.29970574352737045, "gamma": 0.045017733418072005}, "datetime": {"datetime": "2021-09-18 12:05:13", "elapsed": 828.931425, "delta": 2.2527}}
{"target": -1.9739538481889407, "params": {"C": 92.22444721877272, "epsilon": 0.02982093803796918, "gamma": 0.043214740304310204}, "datetime": {"datetime": "2021-09-18 12:05:18", "elapsed": 833.751113, "delta": 4.819688}}
{"target": -1.9604022997080157, "params": {"C": 57.05373612953336, "epsilon": 0.15217381756073467, "gamma": 0.06476138040739136}, "datetime": {"datetime": "2021-09-18 12:05:20", "elapsed": 835.886308, "delta": 2.135195}}
{"target": -1.9658025805731032, "params": {"C": 92.19346580273188, "epsilon": 0.036595048624265665, "gamma": 0.06957355759135665}, "datetime": {"datetime": "2021-09-18 12:05:25", "elapsed": 840.939304, "delta": 5.052996}}
{"target": -1.9503322498015756, "params": {"C": 92.1995045557292, "epsilon": 0.06236551326184194, "gamma": 0.047738846857803885}, "datetime": {"datetime": "2021-09-18 12:05:28", "elapsed": 844.512798, "delta": 3.573494}}
{"target": -1.9252932199161663, "params": {"C": 91.98148305221572, "epsilon": 0.020896302004305013, "gamma": 0.05559405779978774}, "datetime": {"datetime": "2021-09-18 12:05:32", "elapsed": 847.917855, "delta": 3.405057}}
{"target": -1.9868632706532359, "params": {"C": 98.94620968094705, "epsilon": 0.12418204032819159, "gamma": 0.06984530375425181}, "datetime": {"datetime": "2021-09-18 12:05:36", "elapsed": 851.757649, "delta": 3.839794}}
{"target": -1.975940772279647, "params": {"C": 98.18182141306838, "epsilon": 0.12280952886404566, "gamma": 0.041094157739876735}, "datetime": {"datetime": "2021-09-18 12:05:40", "elapsed": 856.305685, "delta": 4.548036}}
{"target": -1.9455628908724678, "params": {"C": 91.91421474794845, "epsilon": 0.00678363846145572, "gamma": 0.06530674517214427}, "datetime": {"datetime": "2021-09-18 12:05:44", "elapsed": 859.835103, "delta": 3.529418}}
{"target": -1.9461846463120096, "params": {"C": 92.54368042356342, "epsilon": 0.16660902788382848, "gamma": 0.0624484639475536}, "datetime": {"datetime": "2021-09-18 12:05:49", "elapsed": 864.928388, "delta": 5.093285}}
{"target": -1.9614331915579202, "params": {"C": 92.55207329771302, "epsilon": 0.1520386948241436, "gamma": 0.04744645405323093}, "datetime": {"datetime": "2021-09-18 12:05:55", "elapsed": 870.715489, "delta": 5.787101}}
{"target": -1.978095712384966, "params": {"C": 61.05189058791501, "epsilon": 0.024965191535997792, "gamma": 0.05104348485335646}, "datetime": {"datetime": "2021-09-18 12:05:58", "elapsed": 874.477356, "delta": 3.761867}}
{"target": -1.9429737653387513, "params": {"C": 98.51647134849438, "epsilon": 0.14925880053305388, "gamma": 0.05441179100325591}, "datetime": {"datetime": "2021-09-18 12:06:03", "elapsed": 878.726021, "delta": 4.248665}}
{"target": -1.962834103672024, "params": {"C": 74.87076001075897, "epsilon": 0.05092851291229048, "gamma": 0.06932346115079234}, "datetime": {"datetime": "2021-09-18 12:06:05", "elapsed": 880.842761, "delta": 2.11674}}
{"target": -2.0218544038505595, "params": {"C": 60.40131213175462, "epsilon": 0.39720918446382597, "gamma": 0.04742529313478852}, "datetime": {"datetime": "2021-09-18 12:06:07", "elapsed": 883.216761, "delta": 2.374}}
{"target": -1.9406940631372358, "params": {"C": 94.06087571821368, "epsilon": 0.08346619945351041, "gamma": 0.05148376728935461}, "datetime": {"datetime": "2021-09-18 12:06:14", "elapsed": 889.749266, "delta": 6.532505}}
{"target": -1.9510780647847024, "params": {"C": 98.2114771667659, "epsilon": 0.09567436665915609, "gamma": 0.06490849371782875}, "datetime": {"datetime": "2021-09-18 12:06:18", "elapsed": 893.760465, "delta": 4.011199}}
{"target": -1.9869555077048975, "params": {"C": 92.55711162419294, "epsilon": 0.40853471446674483, "gamma": 0.045493603867862324}, "datetime": {"datetime": "2021-09-18 12:06:20", "elapsed": 896.139203, "delta": 2.378738}}
{"target": -1.9731849209744412, "params": {"C": 98.20907776867654, "epsilon": 0.09862075668083611, "gamma": 0.04165125999516428}, "datetime": {"datetime": "2021-09-18 12:06:25", "elapsed": 901.195641, "delta": 5.056438}}
{"target": -1.9553579779800299, "params": {"C": 84.09136393621915, "epsilon": 0.22270660978497236, "gamma": 0.05380506878993874}, "datetime": {"datetime": "2021-09-18 12:06:27", "elapsed": 903.428719, "delta": 2.233078}}
{"target": -1.9450503828512518, "params": {"C": 94.06485385538141, "epsilon": 0.060437062295348884, "gamma": 0.06403562593306086}, "datetime": {"datetime": "2021-09-18 12:06:31", "elapsed": 907.195926, "delta": 3.767207}}
{"target": -1.9671116193062381, "params": {"C": 55.82771743863843, "epsilon": 0.18212720366254764, "gamma": 0.06556403956263282}, "datetime": {"datetime": "2021-09-18 12:06:34", "elapsed": 909.666933, "delta": 2.471007}}
{"target": -1.961742021063373, "params": {"C": 61.50838841406707, "epsilon": 0.003624509345644229, "gamma": 0.05270685982616292}, "datetime": {"datetime": "2021-09-18 12:06:38", "elapsed": 913.644646, "delta": 3.977713}}
{"target": -1.92717592891139, "params": {"C": 91.98887112373534, "epsilon": 0.03000766120319414, "gamma": 0.05557214449143316}, "datetime": {"datetime": "2021-09-18 12:06:42", "elapsed": 918.29607, "delta": 4.651424}}
{"target": -1.953647058316896, "params": {"C": 94.04038398766448, "epsilon": 0.0771326666675302, "gamma": 0.06623029592503993}, "datetime": {"datetime": "2021-09-18 12:06:47", "elapsed": 922.620922, "delta": 4.324852}}
{"target": -1.9398280471400704, "params": {"C": 92.00265312951973, "epsilon": 0.0302877252138782, "gamma": 0.060923752174564486}, "datetime": {"datetime": "2021-09-18 12:06:52", "elapsed": 927.674385, "delta": 5.053463}}
{"target": -1.9998104601618154, "params": {"C": 74.8474813318159, "epsilon": 0.4641946156330725, "gamma": 0.047611101024307836}, "datetime": {"datetime": "2021-09-18 12:06:54", "elapsed": 930.163789, "delta": 2.489404}}
{"target": -1.969396567359837, "params": {"C": 69.99110866995986, "epsilon": 0.23704829352871662, "gamma": 0.0632338242624135}, "datetime": {"datetime": "2021-09-18 12:06:56", "elapsed": 932.433885, "delta": 2.270096}}
{"target": -1.9474687726536049, "params": {"C": 93.01657433118527, "epsilon": 0.08123260764730256, "gamma": 0.06473141442875195}, "datetime": {"datetime": "2021-09-18 12:07:01", "elapsed": 937.295524, "delta": 4.861639}}
{"target": -1.938430781416931, "params": {"C": 77.65438496875919, "epsilon": 0.02008251077569647, "gamma": 0.052098317307058266}, "datetime": {"datetime": "2021-09-18 12:07:05", "elapsed": 940.848291, "delta": 3.552767}}
{"target": -1.970675881195616, "params": {"C": 98.5280270984235, "epsilon": 0.11897283069932334, "gamma": 0.041764807470844295}, "datetime": {"datetime": "2021-09-18 12:07:10", "elapsed": 946.034857, "delta": 5.186566}}
{"target": -1.9416703996394444, "params": {"C": 70.51074159336274, "epsilon": 0.08621980825588618, "gamma": 0.056015082428528845}, "datetime": {"datetime": "2021-09-18 12:07:14", "elapsed": 949.741227, "delta": 3.70637}}
{"target": -1.937375514382036, "params": {"C": 99.01883940984982, "epsilon": 0.08962086862898819, "gamma": 0.05295542344862831}, "datetime": {"datetime": "2021-09-18 12:07:19", "elapsed": 954.760791, "delta": 5.019564}}
{"target": -1.9486391322239247, "params": {"C": 70.5299545000896, "epsilon": 0.07004278522451184, "gamma": 0.05286856616749208}, "datetime": {"datetime": "2021-09-18 12:07:23", "elapsed": 959.140854, "delta": 4.380063}}
{"target": -1.9849636889419278, "params": {"C": 98.19572180592972, "epsilon": 0.11238801635859255, "gamma": 0.07}, "datetime": {"datetime": "2021-09-18 12:07:29", "elapsed": 965.266485, "delta": 6.125631}}
{"target": -1.9701405195276278, "params": {"C": 70.5160067232853, "epsilon": 0.07384956816455843, "gamma": 0.07}, "datetime": {"datetime": "2021-09-18 12:07:36", "elapsed": 972.207593, "delta": 6.941108}}
