{"target": -16.661249316642028, "params": {"C": 26.25772377615815, "epsilon": 0.1730912040353758, "gamma": 0.4841441780238907}, "datetime": {"datetime": "2021-09-27 15:55:50", "elapsed": 692.773658, "delta": 1.917436}}
{"target": -15.237936073496916, "params": {"C": 89.65529414788915, "epsilon": 0.71131542333965, "gamma": 0.2452761768549184}, "datetime": {"datetime": "2021-09-27 15:55:52", "elapsed": 694.607309, "delta": 1.833651}}
{"target": -11.732184430517256, "params": {"C": 59.69952731374717, "epsilon": 0.4009411175556156, "gamma": 0.003263418911355826}, "datetime": {"datetime": "2021-09-27 15:56:02", "elapsed": 704.154272, "delta": 9.546963}}
{"target": -10.764230347872779, "params": {"C": 23.730933259633254, "epsilon": 0.892463905746508, "gamma": 0.031237480850315212}, "datetime": {"datetime": "2021-09-27 15:56:12", "elapsed": 714.531836, "delta": 10.377564}}
{"target": -13.531212988220611, "params": {"C": 34.91569987566901, "epsilon": 0.2426733991612615, "gamma": 0.22285885227690247}, "datetime": {"datetime": "2021-09-27 15:56:14", "elapsed": 716.465505, "delta": 1.933669}}
{"target": -10.498959566392726, "params": {"C": 82.4897212970478, "epsilon": 0.8078787695238729, "gamma": 0.044236997407943845}, "datetime": {"datetime": "2021-09-27 15:56:19", "elapsed": 721.546559, "delta": 5.081054}}
{"target": -10.67288473972052, "params": {"C": 64.02446436269061, "epsilon": 0.48052034698934654, "gamma": 0.029440416576384396}, "datetime": {"datetime": "2021-09-27 15:56:26", "elapsed": 729.013957, "delta": 7.467398}}
{"target": -11.282609517830393, "params": {"C": 80.01195621106832, "epsilon": 0.5683785407169631, "gamma": 0.08135480483019665}, "datetime": {"datetime": "2021-09-27 15:56:33", "elapsed": 735.191531, "delta": 6.177574}}
{"target": -12.807386574197432, "params": {"C": 39.42590651216551, "epsilon": 0.0625099138394605, "gamma": 0.00232341558524305}, "datetime": {"datetime": "2021-09-27 15:56:40", "elapsed": 742.775783, "delta": 7.584252}}
{"target": -10.514103982130427, "params": {"C": 81.49109585766836, "epsilon": 0.40666764864515786, "gamma": 0.05723588843023111}, "datetime": {"datetime": "2021-09-27 15:56:48", "elapsed": 750.038078, "delta": 7.262295}}
{"target": -11.128570325622993, "params": {"C": 49.53743374801626, "epsilon": 0.44720943676792524, "gamma": 0.008494021804059018}, "datetime": {"datetime": "2021-09-27 15:56:56", "elapsed": 758.063929, "delta": 8.025851}}
{"target": -13.03549265479265, "params": {"C": 10.963836739476527, "epsilon": 0.17005477653570575, "gamma": 0.14673308124893877}, "datetime": {"datetime": "2021-09-27 15:56:57", "elapsed": 759.927106, "delta": 1.863177}}
{"target": -21.099017409958158, "params": {"C": 1.1054766521222825, "epsilon": 0.31430283338217396, "gamma": 0.27451865160755123}, "datetime": {"datetime": "2021-09-27 15:56:59", "elapsed": 761.840867, "delta": 1.913761}}
{"target": -21.03648211845064, "params": {"C": 80.89422287028619, "epsilon": 0.19979030694818187, "gamma": 0.9520906527219677}, "datetime": {"datetime": "2021-09-27 15:57:01", "elapsed": 764.018049, "delta": 2.177182}}
{"target": -10.643157911988991, "params": {"C": 56.546813582560056, "epsilon": 0.44359524761262914, "gamma": 0.01873574698068375}, "datetime": {"datetime": "2021-09-27 15:57:08", "elapsed": 770.302837, "delta": 6.284788}}
{"target": -14.05682729209213, "params": {"C": 84.66294877909813, "epsilon": 0.09115056696554302, "gamma": 0.21434089826024352}, "datetime": {"datetime": "2021-09-27 15:57:10", "elapsed": 772.15927, "delta": 1.856433}}
{"target": -10.827684741705133, "params": {"C": 63.97809629616355, "epsilon": 0.6356823852364996, "gamma": 0.027935441042579605}, "datetime": {"datetime": "2021-09-27 15:57:15", "elapsed": 777.545679, "delta": 5.386409}}
{"target": -20.54495235476293, "params": {"C": 46.213099252826076, "epsilon": 0.023913027689256044, "gamma": 0.8920087641896504}, "datetime": {"datetime": "2021-09-27 15:57:18", "elapsed": 780.04217, "delta": 2.496491}}
{"target": -19.131662023294687, "params": {"C": 21.43492537966194, "epsilon": 0.5657168808500962, "gamma": 0.6518533817668367}, "datetime": {"datetime": "2021-09-27 15:57:20", "elapsed": 782.101455, "delta": 2.059285}}
{"target": -16.040640313880516, "params": {"C": 19.112745499853, "epsilon": 0.5441796855177504, "gamma": 0.3997987548396499}, "datetime": {"datetime": "2021-09-27 15:57:22", "elapsed": 784.31316, "delta": 2.211705}}
{"target": -13.016675098839933, "params": {"C": 34.945062524349034, "epsilon": 0.8186562370236233, "gamma": 0.16118691358734022}, "datetime": {"datetime": "2021-09-27 15:57:24", "elapsed": 786.19816, "delta": 1.885}}
{"target": -10.519778296938641, "params": {"C": 81.45700275146326, "epsilon": 0.5352850027346662, "gamma": 0.037838582128060384}, "datetime": {"datetime": "2021-09-27 15:57:29", "elapsed": 791.512241, "delta": 5.314081}}
{"target": -20.372093040965773, "params": {"C": 92.57819259218552, "epsilon": 0.36871498203283715, "gamma": 0.8475425957229417}, "datetime": {"datetime": "2021-09-27 15:57:31", "elapsed": 793.806545, "delta": 2.294304}}
{"target": -11.42570531957475, "params": {"C": 81.06083376135332, "epsilon": 0.3080814703575482, "gamma": 0.09095784828709141}, "datetime": {"datetime": "2021-09-27 15:57:38", "elapsed": 800.037819, "delta": 6.231274}}
{"target": -10.80006022614139, "params": {"C": 59.87053117266221, "epsilon": 0.25752962125816464, "gamma": 0.012714770634178599}, "datetime": {"datetime": "2021-09-27 15:57:45", "elapsed": 807.052531, "delta": 7.014712}}
{"target": -11.846452866222613, "params": {"C": 82.62346614837342, "epsilon": 0.8008919547584239, "gamma": 0.09545468865139853}, "datetime": {"datetime": "2021-09-27 15:57:51", "elapsed": 813.550745, "delta": 6.498214}}
{"target": -12.85833765334309, "params": {"C": 56.557008620821605, "epsilon": 0.48066133187552773, "gamma": 0.15328400260224054}, "datetime": {"datetime": "2021-09-27 15:57:58", "elapsed": 820.474267, "delta": 6.923522}}
{"target": -11.362602150316015, "params": {"C": 59.79198626143024, "epsilon": 0.17207283212088784, "gamma": 0.09757534449115544}, "datetime": {"datetime": "2021-09-27 15:58:07", "elapsed": 829.981219, "delta": 9.506952}}
{"target": -11.115828079231518, "params": {"C": 16.69465695785195, "epsilon": 0.802779772820014, "gamma": 0.01635989827231247}, "datetime": {"datetime": "2021-09-27 15:58:10", "elapsed": 832.643876, "delta": 2.662657}}
{"target": -21.811958595936513, "params": {"C": 8.844576960734663, "epsilon": 0.3797011559336109, "gamma": 0.9388744766063802}, "datetime": {"datetime": "2021-09-27 15:58:12", "elapsed": 834.728718, "delta": 2.084842}}
{"target": -10.78327973842486, "params": {"C": 64.1184693918292, "epsilon": 0.6263608468787415, "gamma": 0.02507570759021658}, "datetime": {"datetime": "2021-09-27 15:58:18", "elapsed": 840.522825, "delta": 5.794107}}
{"target": -14.940326249075492, "params": {"C": 37.49063981152922, "epsilon": 0.6711629476503279, "gamma": 0.286546304506473}, "datetime": {"datetime": "2021-09-27 15:58:20", "elapsed": 842.685713, "delta": 2.162888}}
{"target": -13.922368483741785, "params": {"C": 37.96919157557382, "epsilon": 0.9615680168782342, "gamma": 0.19232212668180923}, "datetime": {"datetime": "2021-09-27 15:58:23", "elapsed": 845.43347, "delta": 2.747757}}
{"target": -10.31394864284405, "params": {"C": 82.50446700932767, "epsilon": 0.01514637326849546, "gamma": 0.044264200679486256}, "datetime": {"datetime": "2021-09-27 15:58:29", "elapsed": 851.477429, "delta": 6.043959}}
{"target": -15.66986582648499, "params": {"C": 86.03569639919681, "epsilon": 0.15585756464722506, "gamma": 0.3525374689311769}, "datetime": {"datetime": "2021-09-27 15:58:31", "elapsed": 853.709876, "delta": 2.232447}}
{"target": -13.235370622146355, "params": {"C": 59.53714958157924, "epsilon": 0.46217894833844997, "gamma": 0.16596212422357307}, "datetime": {"datetime": "2021-09-27 15:58:38", "elapsed": 860.192936, "delta": 6.48306}}
{"target": -13.991551031734032, "params": {"C": 59.49895500738336, "epsilon": 0.29050061697320073, "gamma": 0.001}, "datetime": {"datetime": "2021-09-27 15:58:47", "elapsed": 869.056712, "delta": 8.863776}}
{"target": -10.583176347007976, "params": {"C": 53.066833659961674, "epsilon": 0.1455685312139973, "gamma": 0.025091054174101894}, "datetime": {"datetime": "2021-09-27 15:58:54", "elapsed": 876.141601, "delta": 7.084889}}
{"target": -20.04142769810236, "params": {"C": 51.05749229479834, "epsilon": 0.2719973412230528, "gamma": 0.8039680193438611}, "datetime": {"datetime": "2021-09-27 15:58:56", "elapsed": 878.770211, "delta": 2.62861}}
{"target": -11.182424211851623, "params": {"C": 81.61077256532434, "epsilon": 0.3115424861695515, "gamma": 0.08193690090677179}, "datetime": {"datetime": "2021-09-27 15:59:03", "elapsed": 885.795409, "delta": 7.025198}}
{"target": -19.699566348485927, "params": {"C": 9.76590742802846, "epsilon": 0.41831981899802684, "gamma": 0.6971290221517332}, "datetime": {"datetime": "2021-09-27 15:59:06", "elapsed": 888.707428, "delta": 2.912019}}
{"target": -10.755117421211786, "params": {"C": 80.15937032452298, "epsilon": 0.6101834195671977, "gamma": 0.014565984408462913}, "datetime": {"datetime": "2021-09-27 15:59:18", "elapsed": 900.151164, "delta": 11.443736}}
{"target": -11.250256602173536, "params": {"C": 64.17147286325921, "epsilon": 0.5276038320610189, "gamma": 0.0844748031746903}, "datetime": {"datetime": "2021-09-27 15:59:26", "elapsed": 908.833575, "delta": 8.682411}}
{"target": -12.956794035483469, "params": {"C": 82.4947049374416, "epsilon": 0.1136246920309518, "gamma": 0.15117753224813782}, "datetime": {"datetime": "2021-09-27 15:59:36", "elapsed": 919.009342, "delta": 10.175767}}
{"target": -13.2653729960035, "params": {"C": 64.04159585270082, "epsilon": 0.5804099785524692, "gamma": 0.15815464868034754}, "datetime": {"datetime": "2021-09-27 15:59:48", "elapsed": 930.623889, "delta": 11.614547}}
{"target": -14.393654772494568, "params": {"C": 32.56321954602185, "epsilon": 0.34821045770889913, "gamma": 0.2719379736144875}, "datetime": {"datetime": "2021-09-27 15:59:51", "elapsed": 933.47015, "delta": 2.846261}}
{"target": -16.506834325244842, "params": {"C": 68.35962392117067, "epsilon": 0.8895128241278348, "gamma": 0.3583197905219247}, "datetime": {"datetime": "2021-09-27 15:59:54", "elapsed": 936.609627, "delta": 3.139477}}
{"target": -10.719224614283872, "params": {"C": 59.938923099415135, "epsilon": 0.09057775694941922, "gamma": 0.026886368866441544}, "datetime": {"datetime": "2021-09-27 16:00:04", "elapsed": 946.778894, "delta": 10.169267}}
{"target": -10.581467191008679, "params": {"C": 97.26312572391654, "epsilon": 0.424046769239345, "gamma": 0.055459744699679625}, "datetime": {"datetime": "2021-09-27 16:00:14", "elapsed": 956.425771, "delta": 9.646877}}
{"target": -13.116519345715243, "params": {"C": 97.42040571714773, "epsilon": 0.3961498088970234, "gamma": 0.1422276540819459}, "datetime": {"datetime": "2021-09-27 16:00:24", "elapsed": 966.710129, "delta": 10.284358}}
{"target": -10.480420106269586, "params": {"C": 81.21322666036818, "epsilon": 0.4324037956008709, "gamma": 0.054984734162052615}, "datetime": {"datetime": "2021-09-27 16:00:35", "elapsed": 977.675385, "delta": 10.965256}}
{"target": -13.556996649805054, "params": {"C": 6.538055539604376, "epsilon": 0.5797304634838516, "gamma": 0.13935849456997718}, "datetime": {"datetime": "2021-09-27 16:00:38", "elapsed": 980.803235, "delta": 3.12785}}
{"target": -19.171747286037693, "params": {"C": 54.19489583693437, "epsilon": 0.9491547497742019, "gamma": 0.6419597287736486}, "datetime": {"datetime": "2021-09-27 16:00:41", "elapsed": 983.471758, "delta": 2.668523}}
{"target": -21.01697542966705, "params": {"C": 86.84811314033063, "epsilon": 0.22428519810227024, "gamma": 0.9475863302698581}, "datetime": {"datetime": "2021-09-27 16:00:44", "elapsed": 986.543685, "delta": 3.071927}}
{"target": -13.695528028976145, "params": {"C": 97.23054770231823, "epsilon": 0.5228344196003513, "gamma": 0.16154340038831078}, "datetime": {"datetime": "2021-09-27 16:00:56", "elapsed": 998.104856, "delta": 11.561171}}
{"target": -11.505629423348534, "params": {"C": 80.91925760242496, "epsilon": 0.10483661405404726, "gamma": 0.09522067923037983}, "datetime": {"datetime": "2021-09-27 16:01:11", "elapsed": 1013.073478, "delta": 14.968622}}
{"target": -14.012600158741915, "params": {"C": 56.4000540137244, "epsilon": 0.3339425206613469, "gamma": 0.001}, "datetime": {"datetime": "2021-09-27 16:01:23", "elapsed": 1025.590414, "delta": 12.516936}}
{"target": -10.853199486713853, "params": {"C": 63.88601513581115, "epsilon": 0.8255022177335962, "gamma": 0.027643314565903757}, "datetime": {"datetime": "2021-09-27 16:01:35", "elapsed": 1037.492811, "delta": 11.902397}}
{"target": -12.040596689239498, "params": {"C": 23.935182257692905, "epsilon": 0.60717397628802, "gamma": 0.12724110065653815}, "datetime": {"datetime": "2021-09-27 16:01:38", "elapsed": 1040.03727, "delta": 2.544459}}
{"target": -18.901299352997405, "params": {"C": 4.658719891787471, "epsilon": 0.6321093294120909, "gamma": 0.43766990965421526}, "datetime": {"datetime": "2021-09-27 16:01:40", "elapsed": 1042.655682, "delta": 2.618412}}
{"target": -13.23092660589141, "params": {"C": 58.88992954910715, "epsilon": 0.036317818912844455, "gamma": 0.18930127639543692}, "datetime": {"datetime": "2021-09-27 16:01:44", "elapsed": 1046.33051, "delta": 3.674828}}
{"target": -10.9626663197357, "params": {"C": 23.78696311603239, "epsilon": 0.7626217338778313, "gamma": 0.019149514414596037}, "datetime": {"datetime": "2021-09-27 16:01:57", "elapsed": 1059.795285, "delta": 13.464775}}
{"target": -10.31289597149706, "params": {"C": 78.37125643556398, "epsilon": 0.7979778079362746, "gamma": 0.036674389055740636}, "datetime": {"datetime": "2021-09-27 16:02:08", "elapsed": 1070.471293, "delta": 10.676008}}
{"target": -11.39122603627026, "params": {"C": 56.28137873662052, "epsilon": 0.5865316974517837, "gamma": 0.09326632207551447}, "datetime": {"datetime": "2021-09-27 16:02:20", "elapsed": 1082.069031, "delta": 11.597738}}
{"target": -11.856843206552824, "params": {"C": 69.27546946344606, "epsilon": 0.9460312796917314, "gamma": 0.0035693814055686385}, "datetime": {"datetime": "2021-09-27 16:02:23", "elapsed": 1085.201106, "delta": 3.132075}}
{"target": -11.129985707199848, "params": {"C": 69.19625054269909, "epsilon": 0.7363700844487536, "gamma": 0.010543764672559488}, "datetime": {"datetime": "2021-09-27 16:02:34", "elapsed": 1096.559454, "delta": 11.358348}}
{"target": -10.306819496703849, "params": {"C": 69.34325285029762, "epsilon": 0.7997813717570955, "gamma": 0.04011325940935628}, "datetime": {"datetime": "2021-09-27 16:02:46", "elapsed": 1108.04928, "delta": 11.489826}}
{"target": -14.33226535740681, "params": {"C": 69.2979696342299, "epsilon": 0.8900435981523667, "gamma": 0.19698297537512996}, "datetime": {"datetime": "2021-09-27 16:02:54", "elapsed": 1116.795824, "delta": 8.746544}}
{"target": -10.854669645656076, "params": {"C": 81.33712176032535, "epsilon": 0.3944947457958707, "gamma": 0.010908793457526503}, "datetime": {"datetime": "2021-09-27 16:03:04", "elapsed": 1126.073612, "delta": 9.277788}}
{"target": -10.898824960532357, "params": {"C": 53.149586696020464, "epsilon": 0.04156391086462619, "gamma": 0.08557079989828718}, "datetime": {"datetime": "2021-09-27 16:03:15", "elapsed": 1137.778501, "delta": 11.704889}}
{"target": -12.188333111310431, "params": {"C": 69.1699797135233, "epsilon": 0.9291257205963744, "gamma": 0.10680661079364215}, "datetime": {"datetime": "2021-09-27 16:03:33", "elapsed": 1155.420197, "delta": 17.641696}}
{"target": -10.742052407190668, "params": {"C": 78.31637549436195, "epsilon": 0.6538391125786689, "gamma": 0.05713348911676436}, "datetime": {"datetime": "2021-09-27 16:03:41", "elapsed": 1163.896978, "delta": 8.476781}}
{"target": -10.859216567675253, "params": {"C": 81.12390351131488, "epsilon": 0.030175204018935222, "gamma": 0.0150185993905194}, "datetime": {"datetime": "2021-09-27 16:03:49", "elapsed": 1171.616644, "delta": 7.719666}}
{"target": -10.389241986866038, "params": {"C": 63.82322978706645, "epsilon": 0.6966247109208712, "gamma": 0.049759739570751714}, "datetime": {"datetime": "2021-09-27 16:04:04", "elapsed": 1186.723113, "delta": 15.106469}}
{"target": -12.303325777822709, "params": {"C": 23.684547464884382, "epsilon": 0.822678834063591, "gamma": 0.13267307600300995}, "datetime": {"datetime": "2021-09-27 16:04:15", "elapsed": 1197.176063, "delta": 10.45295}}
{"target": -18.188195689270785, "params": {"C": 55.33253688880515, "epsilon": 3.5031627823034683, "gamma": 0.18480137906077673}, "datetime": {"datetime": "2021-09-27 16:16:37", "elapsed": 0.0, "delta": 0.0}}
{"target": -16.26198555956548, "params": {"C": 54.94343511669279, "epsilon": 2.4827917976861666, "gamma": 0.19730929278933027}, "datetime": {"datetime": "2021-09-27 16:16:37", "elapsed": 0.026003, "delta": 0.026003}}
{"target": -21.37842042467187, "params": {"C": 44.321133915006556, "epsilon": 4.121205502737279, "gamma": 0.2894622005452985}, "datetime": {"datetime": "2021-09-27 16:16:37", "elapsed": 0.049004, "delta": 0.023001}}
{"target": -18.258393802303562, "params": {"C": 38.96071036375199, "epsilon": 3.771037633289326, "gamma": 0.1633795267283423}, "datetime": {"datetime": "2021-09-27 16:16:37", "elapsed": 0.064999, "delta": 0.015995}}
{"target": -13.187736915189486, "params": {"C": 57.2364115482993, "epsilon": 4.239588234024314, "gamma": 0.03060045687738721}, "datetime": {"datetime": "2021-09-27 16:16:37", "elapsed": 0.078, "delta": 0.013001}}
{"target": -15.363557874333031, "params": {"C": 9.62580067045253, "epsilon": 1.07076439104114, "gamma": 0.251459755208902}, "datetime": {"datetime": "2021-09-27 16:16:37", "elapsed": 0.107003, "delta": 0.029003}}
{"target": -21.604493837038707, "params": {"C": 78.03751834403519, "epsilon": 4.045042518863867, "gamma": 0.2937993192475016}, "datetime": {"datetime": "2021-09-27 16:16:37", "elapsed": 0.132003, "delta": 0.025}}
{"target": -17.465731778091858, "params": {"C": 80.11669785745563, "epsilon": 2.6151777678852612, "gamma": 0.23635346112307207}, "datetime": {"datetime": "2021-09-27 16:16:37", "elapsed": 0.156, "delta": 0.023997}}
{"target": -13.717725480916187, "params": {"C": 12.709168161024389, "epsilon": 3.2397235746463333, "gamma": 0.051572453348623454}, "datetime": {"datetime": "2021-09-27 16:16:37", "elapsed": 0.172003, "delta": 0.016003}}
{"target": -15.660291857151321, "params": {"C": 94.5222227879088, "epsilon": 2.826469126125251, "gamma": 0.13025196259725183}, "datetime": {"datetime": "2021-09-27 16:16:37", "elapsed": 0.205004, "delta": 0.033001}}
{"target": -19.633664817308365, "params": {"C": 67.24770841762295, "epsilon": 3.486249647175674, "gamma": 0.25545012973599573}, "datetime": {"datetime": "2021-09-27 16:16:37", "elapsed": 0.31, "delta": 0.104996}}
{"target": -14.697207478746508, "params": {"C": 9.607167204702456, "epsilon": 1.0880349531244553, "gamma": 0.20190014227812522}, "datetime": {"datetime": "2021-09-27 16:16:37", "elapsed": 0.402, "delta": 0.092}}
{"target": -17.580059956879058, "params": {"C": 54.56925155134167, "epsilon": 2.9358736778963217, "gamma": 0.2224437133368838}, "datetime": {"datetime": "2021-09-27 16:16:37", "elapsed": 0.474008, "delta": 0.072008}}
{"target": -15.374381267796325, "params": {"C": 57.46908788183232, "epsilon": 4.398307644487242, "gamma": 0.06137211950284757}, "datetime": {"datetime": "2021-09-27 16:16:37", "elapsed": 0.607658, "delta": 0.13365}}
{"target": -15.496120755088805, "params": {"C": 37.83265543329909, "epsilon": 1.4041757047455965, "gamma": 0.2585725115152243}, "datetime": {"datetime": "2021-09-27 16:16:38", "elapsed": 0.70166, "delta": 0.094002}}
{"target": -19.0962482681364, "params": {"C": 56.919605553337725, "epsilon": 4.31451914962895, "gamma": 0.13801169032809077}, "datetime": {"datetime": "2021-09-27 16:16:38", "elapsed": 0.943655, "delta": 0.241995}}
{"target": -16.701298127200033, "params": {"C": 57.29345428559008, "epsilon": 4.100960699004295, "gamma": 0.09026948887121951}, "datetime": {"datetime": "2021-09-27 16:16:38", "elapsed": 1.068655, "delta": 0.125}}
{"target": -11.85601252977807, "params": {"C": 21.397992521829106, "epsilon": 1.6337199682550025, "gamma": 0.010108198131508497}, "datetime": {"datetime": "2021-09-27 16:16:38", "elapsed": 1.185663, "delta": 0.117008}}
{"target": -14.56150108281288, "params": {"C": 94.51402776175607, "epsilon": 2.8646400409243165, "gamma": 0.10075932828714854}, "datetime": {"datetime": "2021-09-27 16:16:38", "elapsed": 1.291662, "delta": 0.105999}}
{"target": -11.479622682462768, "params": {"C": 21.277521643325283, "epsilon": 1.6574920501364536, "gamma": 0.029902956803302294}, "datetime": {"datetime": "2021-09-27 16:16:38", "elapsed": 1.398658, "delta": 0.106996}}
{"target": -17.2802710061457, "params": {"C": 54.92299087072409, "epsilon": 2.4927765369324626, "gamma": 0.25401668763843166}, "datetime": {"datetime": "2021-09-27 16:16:38", "elapsed": 1.563663, "delta": 0.165005}}
{"target": -14.523982562895247, "params": {"C": 9.652560486474979, "epsilon": 1.076897560588613, "gamma": 0.19120840794552776}, "datetime": {"datetime": "2021-09-27 16:16:39", "elapsed": 1.690882, "delta": 0.127219}}
{"target": -13.576531464554945, "params": {"C": 21.26943804995582, "epsilon": 1.4351997214690617, "gamma": 0.1538438929667488}, "datetime": {"datetime": "2021-09-27 16:16:39", "elapsed": 1.886881, "delta": 0.195999}}
{"target": -13.429687838424284, "params": {"C": 21.358415640946877, "epsilon": 1.8193053504814576, "gamma": 0.12046632210690024}, "datetime": {"datetime": "2021-09-27 16:16:39", "elapsed": 2.256609, "delta": 0.369728}}
{"target": -16.666502796147103, "params": {"C": 17.427002182698306, "epsilon": 2.313411609583489, "gamma": 0.2599099247630454}, "datetime": {"datetime": "2021-09-27 16:16:39", "elapsed": 2.484609, "delta": 0.228}}
