{"target": 0.9158933202912898, "params": {"C": 145.38851965116191, "epsilon": 0.0904471407864698, "gamma": 0.060985699485650496}, "datetime": {"datetime": "2021-09-18 14:51:12", "elapsed": 84.81855, "delta": 0.666997}}
{"target": 0.9047270746965168, "params": {"C": 209.77032654993235, "epsilon": 0.38972505788066103, "gamma": 0.08928572852562945}, "datetime": {"datetime": "2021-09-18 14:51:13", "elapsed": 85.569543, "delta": 0.750993}}
{"target": 0.8912439511079967, "params": {"C": 282.8143005281365, "epsilon": 0.10648670536246481, "gamma": 0.10570029843181698}, "datetime": {"datetime": "2021-09-18 14:51:14", "elapsed": 86.427542, "delta": 0.857999}}
{"target": 0.9133005053898943, "params": {"C": 176.18829338708056, "epsilon": 0.8072967217547615, "gamma": 0.03978010162276077}, "datetime": {"datetime": "2021-09-18 14:51:14", "elapsed": 87.048546, "delta": 0.621004}}
{"target": 0.9016727560766618, "params": {"C": 289.0280447546335, "epsilon": 0.9983166918876627, "gamma": 0.021201024985738566}, "datetime": {"datetime": "2021-09-18 14:51:15", "elapsed": 87.807546, "delta": 0.759}}
{"target": 0.9193621414541582, "params": {"C": 245.8612166040867, "epsilon": 0.2925574170487725, "gamma": 0.04376720938692318}, "datetime": {"datetime": "2021-09-18 14:51:16", "elapsed": 88.722586, "delta": 0.91504}}
{"target": 0.9056514257272499, "params": {"C": 289.0751261576397, "epsilon": 0.15022835730969117, "gamma": 0.08724454407916253}, "datetime": {"datetime": "2021-09-18 14:51:17", "elapsed": 89.658544, "delta": 0.935958}}
{"target": 0.9049738422812724, "params": {"C": 245.83762763095305, "epsilon": 0.3345877333670604, "gamma": 0.08887906395456455}, "datetime": {"datetime": "2021-09-18 14:51:18", "elapsed": 90.497546, "delta": 0.839002}}
{"target": 0.9202244327449647, "params": {"C": 289.0950738512271, "epsilon": 0.260792117804176, "gamma": 0.04419662787903415}, "datetime": {"datetime": "2021-09-18 14:51:18", "elapsed": 91.272586, "delta": 0.77504}}
{"target": 0.9195640087943869, "params": {"C": 190.25189181817893, "epsilon": 0.09629392283095956, "gamma": 0.04834278848414686}, "datetime": {"datetime": "2021-09-18 14:51:19", "elapsed": 92.174542, "delta": 0.901956}}
{"target": 0.9187647148725049, "params": {"C": 259.15426303412244, "epsilon": 0.15828372551211684, "gamma": 0.0336478679055808}, "datetime": {"datetime": "2021-09-18 14:51:20", "elapsed": 93.071546, "delta": 0.897004}}
{"target": 0.9186350014720682, "params": {"C": 245.81610420811268, "epsilon": 0.24249227811361823, "gamma": 0.03290005363265809}, "datetime": {"datetime": "2021-09-18 14:51:21", "elapsed": 93.923542, "delta": 0.851996}}
{"target": 0.8850551983513204, "params": {"C": 165.01662154143142, "epsilon": 0.24975437792302882, "gamma": 0.12599978520124197}, "datetime": {"datetime": "2021-09-18 14:51:22", "elapsed": 94.558587, "delta": 0.635045}}
{"target": 0.9196870079034486, "params": {"C": 190.2800664075056, "epsilon": 0.18098584572647422, "gamma": 0.04460047244554055}, "datetime": {"datetime": "2021-09-18 14:51:23", "elapsed": 95.582588, "delta": 1.024001}}
{"target": 0.9089972804164678, "params": {"C": 289.0476919025849, "epsilon": 0.2534106147218157, "gamma": 0.08132017310132561}, "datetime": {"datetime": "2021-09-18 14:51:24", "elapsed": 96.657551, "delta": 1.074963}}
{"target": 0.9082555476771511, "params": {"C": 209.87548124282566, "epsilon": 0.17386962488655852, "gamma": 0.026830051110187957}, "datetime": {"datetime": "2021-09-18 14:51:25", "elapsed": 97.637541, "delta": 0.97999}}
{"target": 0.8952074040386758, "params": {"C": 232.48487965443377, "epsilon": 0.1460390890050176, "gamma": 0.10704876129827816}, "datetime": {"datetime": "2021-09-18 14:51:26", "elapsed": 98.36959, "delta": 0.732049}}
{"target": 0.9053877376646879, "params": {"C": 289.1288389732565, "epsilon": 0.26748404883832677, "gamma": 0.08654894380323043}, "datetime": {"datetime": "2021-09-18 14:51:27", "elapsed": 99.365545, "delta": 0.995955}}
{"target": 0.9153698850770832, "params": {"C": 190.3058820480287, "epsilon": 0.1407390865388462, "gamma": 0.06295819744601504}, "datetime": {"datetime": "2021-09-18 14:51:28", "elapsed": 100.318818, "delta": 0.953273}}
{"target": 0.8850830727818486, "params": {"C": 259.0807458420769, "epsilon": 0.178903392131969, "gamma": 0.1147104167204237}, "datetime": {"datetime": "2021-09-18 14:51:29", "elapsed": 101.319777, "delta": 1.000959}}
{"target": 0.9093514926030158, "params": {"C": 142.8886728684612, "epsilon": 0.08371553308371345, "gamma": 0.07685314973261746}, "datetime": {"datetime": "2021-09-18 14:51:29", "elapsed": 102.048265, "delta": 0.728488}}
{"target": 0.920703905518476, "params": {"C": 245.86816175135363, "epsilon": 0.21102542358547907, "gamma": 0.03945342980777954}, "datetime": {"datetime": "2021-09-18 14:51:30", "elapsed": 102.906573, "delta": 0.858308}}
{"target": 0.8816985246771039, "params": {"C": 144.29848712709855, "epsilon": 0.07515028081985826, "gamma": 0.13738092408523198}, "datetime": {"datetime": "2021-09-18 14:51:31", "elapsed": 103.659472, "delta": 0.752899}}
{"target": 0.9060313092994363, "params": {"C": 132.61698775888658, "epsilon": 0.9753490895526596, "gamma": 0.07259629375082619}, "datetime": {"datetime": "2021-09-18 14:51:32", "elapsed": 104.325981, "delta": 0.666509}}
{"target": 0.9022192242108054, "params": {"C": 166.79330103942556, "epsilon": 0.23154814189993553, "gamma": 0.09991975208298909}, "datetime": {"datetime": "2021-09-18 14:51:32", "elapsed": 105.033939, "delta": 0.707958}}
{"target": 0.9093292848191907, "params": {"C": 190.2399371915288, "epsilon": 0.15470577609013264, "gamma": 0.0821469929921003}, "datetime": {"datetime": "2021-09-18 14:51:33", "elapsed": 106.107774, "delta": 1.073835}}
{"target": 0.9155648371517451, "params": {"C": 138.63083027381677, "epsilon": 0.03122978166463643, "gamma": 0.06536441518395084}, "datetime": {"datetime": "2021-09-18 14:51:34", "elapsed": 107.020736, "delta": 0.912962}}
{"target": 0.9059522123004061, "params": {"C": 129.16545351170973, "epsilon": 0.31597479784774757, "gamma": 0.03310984927578392}, "datetime": {"datetime": "2021-09-18 14:51:35", "elapsed": 107.727367, "delta": 0.706631}}
{"target": 0.9186598095522751, "params": {"C": 241.01411101990846, "epsilon": 0.38230976200224465, "gamma": 0.0342691377525715}, "datetime": {"datetime": "2021-09-18 14:51:36", "elapsed": 108.65263, "delta": 0.925263}}
{"target": 0.915517183926094, "params": {"C": 245.94044481977184, "epsilon": 0.2681699834509982, "gamma": 0.057203459276640486}, "datetime": {"datetime": "2021-09-18 14:51:37", "elapsed": 109.675793, "delta": 1.023163}}
{"target": 0.9116672541996769, "params": {"C": 245.90869058203594, "epsilon": 0.3132821308455648, "gamma": 0.026217054793706014}, "datetime": {"datetime": "2021-09-18 14:51:38", "elapsed": 110.68524, "delta": 1.009447}}
{"target": 0.9015257260570246, "params": {"C": 148.73072630541253, "epsilon": 0.9085490564858286, "gamma": 0.0873674928513831}, "datetime": {"datetime": "2021-09-18 14:51:39", "elapsed": 111.390275, "delta": 0.705035}}
{"target": 0.8686531273566184, "params": {"C": 255.1015371667892, "epsilon": 0.5911615008937275, "gamma": 0.12787835453947802}, "datetime": {"datetime": "2021-09-18 14:51:39", "elapsed": 112.166595, "delta": 0.77632}}
{"target": 0.9018673028763483, "params": {"C": 209.77874012059306, "epsilon": 0.31490069544417487, "gamma": 0.09688468741954358}, "datetime": {"datetime": "2021-09-18 14:51:40", "elapsed": 113.209594, "delta": 1.042999}}
{"target": 0.9185380564024548, "params": {"C": 245.95265484573528, "epsilon": 0.19252779390011646, "gamma": 0.04953123045892327}, "datetime": {"datetime": "2021-09-18 14:51:41", "elapsed": 114.132764, "delta": 0.92317}}
{"target": 0.886964605714938, "params": {"C": 245.93026700097536, "epsilon": 0.21267709536189283, "gamma": 0.11310124425557781}, "datetime": {"datetime": "2021-09-18 14:51:42", "elapsed": 115.119849, "delta": 0.987085}}
{"target": 0.9009088647114498, "params": {"C": 138.6242667458518, "epsilon": 0.09448470361735571, "gamma": 0.028663677313551884}, "datetime": {"datetime": "2021-09-18 14:51:43", "elapsed": 116.004202, "delta": 0.884353}}
{"target": 0.8898392988416535, "params": {"C": 190.2305703182411, "epsilon": 0.13711555712257903, "gamma": 0.020319875128630843}, "datetime": {"datetime": "2021-09-18 14:51:44", "elapsed": 117.054357, "delta": 1.050155}}
{"target": 0.9082348603415318, "params": {"C": 238.84802279173533, "epsilon": 0.045832334756935086, "gamma": 0.0846422721025012}, "datetime": {"datetime": "2021-09-18 14:51:45", "elapsed": 117.855641, "delta": 0.801284}}
{"target": 0.879570915109295, "params": {"C": 157.05805526398083, "epsilon": 0.6297766827505825, "gamma": 0.12448692549566259}, "datetime": {"datetime": "2021-09-18 14:51:46", "elapsed": 118.605655, "delta": 0.750014}}
{"target": 0.9076071758342568, "params": {"C": 245.91839552960536, "epsilon": 0.16575540984206427, "gamma": 0.024734175658801153}, "datetime": {"datetime": "2021-09-18 14:51:47", "elapsed": 119.890487, "delta": 1.284832}}
{"target": 0.8972438818261039, "params": {"C": 259.2006664540126, "epsilon": 0.19094544719045847, "gamma": 0.02}, "datetime": {"datetime": "2021-09-18 14:51:48", "elapsed": 121.032784, "delta": 1.142297}}
{"target": 0.9031576969712096, "params": {"C": 143.03602459481786, "epsilon": 0.029639973146217156, "gamma": 0.09643432783013656}, "datetime": {"datetime": "2021-09-18 14:51:49", "elapsed": 122.120031, "delta": 1.087247}}
{"target": 0.9082363324553956, "params": {"C": 150.3084637025222, "epsilon": 0.3856476973120792, "gamma": 0.07942333648199106}, "datetime": {"datetime": "2021-09-18 14:51:50", "elapsed": 122.927189, "delta": 0.807158}}
{"target": 0.9156452794555328, "params": {"C": 241.07382049645724, "epsilon": 0.35661251880223527, "gamma": 0.02950769419097727}, "datetime": {"datetime": "2021-09-18 14:51:51", "elapsed": 123.86868, "delta": 0.941491}}
{"target": 0.8810744939819136, "params": {"C": 141.0732143313285, "epsilon": 0.7805841481263034, "gamma": 0.11985839937686628}, "datetime": {"datetime": "2021-09-18 14:51:52", "elapsed": 124.616137, "delta": 0.747457}}
{"target": 0.9086934193713619, "params": {"C": 215.8741422683171, "epsilon": 0.829258674032023, "gamma": 0.028878601421468912}, "datetime": {"datetime": "2021-09-18 14:51:53", "elapsed": 125.673137, "delta": 1.057}}
{"target": 0.8891993765425901, "params": {"C": 190.30705806472497, "epsilon": 0.23348333931460657, "gamma": 0.11761269109359503}, "datetime": {"datetime": "2021-09-18 14:51:54", "elapsed": 127.208532, "delta": 1.535395}}
{"target": 0.8841197137510792, "params": {"C": 135.0219736307948, "epsilon": 0.1722051961971738, "gamma": 0.020535769595256832}, "datetime": {"datetime": "2021-09-18 14:51:55", "elapsed": 128.258994, "delta": 1.050462}}
{"target": 0.8963017183340171, "params": {"C": 161.65766736866482, "epsilon": 0.3308107409539801, "gamma": 0.10901118676823911}, "datetime": {"datetime": "2021-09-18 14:51:56", "elapsed": 129.037711, "delta": 0.778717}}
{"target": 0.8658785664990046, "params": {"C": 218.1764967461215, "epsilon": 0.4704105381291511, "gamma": 0.14047786785173824}, "datetime": {"datetime": "2021-09-18 14:51:57", "elapsed": 129.834825, "delta": 0.797114}}
{"target": 0.90273932402351, "params": {"C": 245.93428753207724, "epsilon": 0.23633469350281264, "gamma": 0.02215493648485107}, "datetime": {"datetime": "2021-09-18 14:51:58", "elapsed": 131.07888, "delta": 1.244055}}
{"target": 0.9105606325260774, "params": {"C": 202.48050356076664, "epsilon": 0.7646227787705876, "gamma": 0.03148479973027529}, "datetime": {"datetime": "2021-09-18 14:51:59", "elapsed": 132.166861, "delta": 1.087981}}
{"target": 0.9189329176789535, "params": {"C": 271.1180447879445, "epsilon": 0.47664187774078165, "gamma": 0.036624445560241636}, "datetime": {"datetime": "2021-09-18 14:52:01", "elapsed": 133.327108, "delta": 1.160247}}
{"target": 0.8850005656292989, "params": {"C": 245.78473031196265, "epsilon": 0.21458242493553595, "gamma": 0.11583768137923066}, "datetime": {"datetime": "2021-09-18 14:52:02", "elapsed": 134.520331, "delta": 1.193223}}
{"target": 0.8764480765147664, "params": {"C": 143.99763354401483, "epsilon": 0.8162062737672737, "gamma": 0.1245489373765503}, "datetime": {"datetime": "2021-09-18 14:52:03", "elapsed": 135.316325, "delta": 0.795994}}
{"target": 0.8991748427812905, "params": {"C": 241.00140764690968, "epsilon": 0.4257630475654487, "gamma": 0.020832305822438866}, "datetime": {"datetime": "2021-09-18 14:52:04", "elapsed": 136.387847, "delta": 1.071522}}
{"target": 0.9102242093178802, "params": {"C": 156.70189194423207, "epsilon": 0.9059222674636552, "gamma": 0.03915708200181778}, "datetime": {"datetime": "2021-09-18 14:52:04", "elapsed": 137.20381, "delta": 0.815963}}
{"target": 0.9092819529887846, "params": {"C": 271.146219140668, "epsilon": 0.41363371019305656, "gamma": 0.07591033444368525}, "datetime": {"datetime": "2021-09-18 14:52:06", "elapsed": 138.385362, "delta": 1.181552}}
{"target": 0.9132403880655323, "params": {"C": 241.0318331333462, "epsilon": 0.3299651231533772, "gamma": 0.027721577582300823}, "datetime": {"datetime": "2021-09-18 14:52:07", "elapsed": 139.541187, "delta": 1.155825}}
{"target": 0.9106427138313928, "params": {"C": 218.10780781932593, "epsilon": 0.10479127607767667, "gamma": 0.07900517815928704}, "datetime": {"datetime": "2021-09-18 14:52:08", "elapsed": 140.362092, "delta": 0.820905}}
{"target": 0.9191606900963419, "params": {"C": 296.49196323587677, "epsilon": 0.4845653014628123, "gamma": 0.03591640316278761}, "datetime": {"datetime": "2021-09-18 14:52:08", "elapsed": 141.260126, "delta": 0.898034}}
{"target": 0.9190667570841853, "params": {"C": 246.0206199803087, "epsilon": 0.20448249227708043, "gamma": 0.03377766564860951}, "datetime": {"datetime": "2021-09-18 14:52:10", "elapsed": 142.444329, "delta": 1.184203}}
{"target": 0.9082670248666838, "params": {"C": 240.99585471620878, "epsilon": 0.34675762908299457, "gamma": 0.07992949510371347}, "datetime": {"datetime": "2021-09-18 14:52:11", "elapsed": 143.561668, "delta": 1.117339}}
{"target": 0.9165702653472515, "params": {"C": 289.12631801936834, "epsilon": 0.21616517050130246, "gamma": 0.053339614103963595}, "datetime": {"datetime": "2021-09-18 14:52:12", "elapsed": 144.959994, "delta": 1.398326}}
{"target": 0.9204817652981742, "params": {"C": 246.0313321799341, "epsilon": 0.26122218357696836, "gamma": 0.03841103457328747}, "datetime": {"datetime": "2021-09-18 14:52:13", "elapsed": 145.992223, "delta": 1.032229}}
{"target": 0.9104215983232259, "params": {"C": 296.5424423123335, "epsilon": 0.46229128922482526, "gamma": 0.07285954136731354}, "datetime": {"datetime": "2021-09-18 14:52:14", "elapsed": 147.176501, "delta": 1.184278}}
{"target": 0.9169512021416582, "params": {"C": 296.4928236217975, "epsilon": 0.542772438566541, "gamma": 0.05824603378288301}, "datetime": {"datetime": "2021-09-18 14:52:16", "elapsed": 148.322411, "delta": 1.14591}}
{"target": 0.9040448392847881, "params": {"C": 215.8688074000733, "epsilon": 0.8275219351416223, "gamma": 0.023827513425819596}, "datetime": {"datetime": "2021-09-18 14:52:16", "elapsed": 149.219549, "delta": 0.897138}}
{"target": 0.9125571330456326, "params": {"C": 245.8488913609289, "epsilon": 0.2486400884450265, "gamma": 0.0713364855529353}, "datetime": {"datetime": "2021-09-18 14:52:18", "elapsed": 150.440498, "delta": 1.220949}}
{"target": 0.897889561738956, "params": {"C": 271.0781171139436, "epsilon": 0.48265926165137635, "gamma": 0.09405686630930665}, "datetime": {"datetime": "2021-09-18 14:52:19", "elapsed": 151.792456, "delta": 1.351958}}
{"target": 0.9155982678744248, "params": {"C": 191.68998725376449, "epsilon": 0.7023446586541497, "gamma": 0.05427992321513113}, "datetime": {"datetime": "2021-09-18 14:52:20", "elapsed": 152.906418, "delta": 1.113962}}
{"target": 0.8877764979864848, "params": {"C": 191.73861654486177, "epsilon": 0.6861962128863739, "gamma": 0.10899903300194291}, "datetime": {"datetime": "2021-09-18 14:52:21", "elapsed": 154.078056, "delta": 1.171638}}
{"target": 0.9106632736120331, "params": {"C": 298.08822310941594, "epsilon": 0.9354313473512849, "gamma": 0.02717759673278336}, "datetime": {"datetime": "2021-09-18 14:52:22", "elapsed": 154.930525, "delta": 0.852469}}
{"target": 0.909823480244499, "params": {"C": 296.4530843334269, "epsilon": 0.45685586146131696, "gamma": 0.07414206649852771}, "datetime": {"datetime": "2021-09-18 14:52:23", "elapsed": 156.054163, "delta": 1.123638}}
{"target": 0.8972539105401731, "params": {"C": 296.47354541935954, "epsilon": 0.5168454674544629, "gamma": 0.09194629249402124}, "datetime": {"datetime": "2021-09-18 14:52:25", "elapsed": 157.458144, "delta": 1.403981}}
{"target": 0.9182720215736824, "params": {"C": 173.08317299334766, "epsilon": 0.0726904473593156, "gamma": 0.05471682648901928}, "datetime": {"datetime": "2021-09-18 14:52:26", "elapsed": 158.366222, "delta": 0.908078}}
{"target": 0.9197794849522002, "params": {"C": 246.07383408111718, "epsilon": 0.29111741936043656, "gamma": 0.042346154242708475}, "datetime": {"datetime": "2021-09-18 14:52:27", "elapsed": 159.733458, "delta": 1.367236}}
{"target": 0.8903814372714106, "params": {"C": 191.69791482723934, "epsilon": 0.6528791269268536, "gamma": 0.02}, "datetime": {"datetime": "2021-09-18 14:52:28", "elapsed": 161.197109, "delta": 1.463651}}
{"target": 0.9073253781933958, "params": {"C": 245.98689430243866, "epsilon": 0.28938765600795385, "gamma": 0.08581503458136944}, "datetime": {"datetime": "2021-09-18 14:52:30", "elapsed": 162.459442, "delta": 1.262333}}
{"target": 0.9101216301085081, "params": {"C": 282.73057482292893, "epsilon": 0.050832232902749956, "gamma": 0.0786901142611168}, "datetime": {"datetime": "2021-09-18 14:52:31", "elapsed": 164.203792, "delta": 1.74435}}
{"target": 0.9120637086465444, "params": {"C": 240.85420479991024, "epsilon": 0.6009590106351748, "gamma": 0.02845936943957928}, "datetime": {"datetime": "2021-09-18 14:52:33", "elapsed": 165.825869, "delta": 1.622077}}
{"target": 0.9187804678971698, "params": {"C": 194.38166736599612, "epsilon": 0.3298921803433374, "gamma": 0.0394526500998222}, "datetime": {"datetime": "2021-09-18 14:52:34", "elapsed": 166.740903, "delta": 0.915034}}
{"target": 0.904903616151162, "params": {"C": 245.9763532788159, "epsilon": 0.14870015423303168, "gamma": 0.02368256998246556}, "datetime": {"datetime": "2021-09-18 14:52:35", "elapsed": 168.066867, "delta": 1.325964}}
{"target": 0.9088778079081199, "params": {"C": 271.0700648833073, "epsilon": 0.4874257507898569, "gamma": 0.02372166749585022}, "datetime": {"datetime": "2021-09-18 14:52:37", "elapsed": 169.419859, "delta": 1.352992}}
{"target": 0.9198035118505375, "params": {"C": 245.8194400200005, "epsilon": 0.3727319981108158, "gamma": 0.03877805670553061}, "datetime": {"datetime": "2021-09-18 14:52:38", "elapsed": 170.366864, "delta": 0.947005}}
{"target": 0.8844862369604648, "params": {"C": 222.46868133105264, "epsilon": 0.4681174268073468, "gamma": 0.11334795569582042}, "datetime": {"datetime": "2021-09-18 14:52:39", "elapsed": 171.312904, "delta": 0.94604}}
{"target": 0.9186326608169835, "params": {"C": 246.04120391435436, "epsilon": 0.3318791042877192, "gamma": 0.03377216904220011}, "datetime": {"datetime": "2021-09-18 14:52:40", "elapsed": 172.49887, "delta": 1.185966}}
{"target": 0.9201562507132235, "params": {"C": 296.48342543703325, "epsilon": 0.608746171183983, "gamma": 0.04269287281510997}, "datetime": {"datetime": "2021-09-18 14:52:41", "elapsed": 173.904872, "delta": 1.406002}}
{"target": 0.9132392181007669, "params": {"C": 203.63352706409637, "epsilon": 0.5026665388388554, "gamma": 0.061471326108096636}, "datetime": {"datetime": "2021-09-18 14:52:42", "elapsed": 174.892861, "delta": 0.987989}}
{"target": 0.919566765045635, "params": {"C": 295.5933472299861, "epsilon": 0.29232542002599626, "gamma": 0.03234480012062374}, "datetime": {"datetime": "2021-09-18 14:52:43", "elapsed": 175.860906, "delta": 0.968045}}
{"target": 0.8953570178478729, "params": {"C": 215.73663076088155, "epsilon": 0.3486729473118495, "gamma": 0.02063496386197814}, "datetime": {"datetime": "2021-09-18 14:52:44", "elapsed": 176.785869, "delta": 0.924963}}
{"target": 0.8840856141644253, "params": {"C": 188.95901909440354, "epsilon": 0.7510869609537928, "gamma": 0.11157917197705984}, "datetime": {"datetime": "2021-09-18 14:52:45", "elapsed": 177.743907, "delta": 0.958038}}
{"target": 0.9043383522983722, "params": {"C": 246.06327485260564, "epsilon": 0.3205462690549317, "gamma": 0.09038915541864247}, "datetime": {"datetime": "2021-09-18 14:52:47", "elapsed": 179.486863, "delta": 1.742956}}
{"target": 0.9120827026616147, "params": {"C": 271.12682314818056, "epsilon": 0.4310521217047736, "gamma": 0.02521545790780842}, "datetime": {"datetime": "2021-09-18 14:52:48", "elapsed": 180.734899, "delta": 1.248036}}
{"target": 0.885214649744254, "params": {"C": 295.58888021334224, "epsilon": 0.2642669243143269, "gamma": 0.10909631419002147}, "datetime": {"datetime": "2021-09-18 14:52:49", "elapsed": 182.084863, "delta": 1.349964}}
{"target": 0.9195506165544243, "params": {"C": 296.5477101271192, "epsilon": 0.6349594144466839, "gamma": 0.04579695057315987}, "datetime": {"datetime": "2021-09-18 14:52:51", "elapsed": 183.420899, "delta": 1.336036}}
{"target": 0.9097370890257073, "params": {"C": 250.6379758045954, "epsilon": 0.790855566312236, "gamma": 0.02655025375698844}, "datetime": {"datetime": "2021-09-18 14:52:53", "elapsed": 185.288679, "delta": 1.86778}}
{"target": 0.9180678892779494, "params": {"C": 296.5095983207036, "epsilon": 0.5653272588387097, "gamma": 0.03622028308690828}, "datetime": {"datetime": "2021-09-18 14:52:54", "elapsed": 187.147732, "delta": 1.859053}}
{"target": 0.9061811621334361, "params": {"C": 296.5460519210611, "epsilon": 0.6971642135367939, "gamma": 0.07900997296236656}, "datetime": {"datetime": "2021-09-18 14:52:56", "elapsed": 188.990692, "delta": 1.84296}}
