{"target": -13.146302946805053, "params": {"C": 376.3936955314026, "epsilon": 0.25533849829755806, "gamma": 0.08902436202399187}, "datetime": {"datetime": "2021-09-27 17:42:01", "elapsed": 514.591562, "delta": 2.356185}}
{"target": -10.352661144582479, "params": {"C": 341.34472839133605, "epsilon": 0.8214879698937397, "gamma": 0.018365919321350132}, "datetime": {"datetime": "2021-09-27 17:42:05", "elapsed": 518.137218, "delta": 3.545656}}
{"target": -10.796403261125379, "params": {"C": 367.39329206259146, "epsilon": 0.9649976559383389, "gamma": 0.02428455094176318}, "datetime": {"datetime": "2021-09-27 17:42:07", "elapsed": 520.879638, "delta": 2.74242}}
{"target": -10.707427566030448, "params": {"C": 326.8033732101667, "epsilon": 0.3415650924301321, "gamma": 0.04593500154809211}, "datetime": {"datetime": "2021-09-27 17:42:09", "elapsed": 522.429154, "delta": 1.549516}}
{"target": -11.154364512488506, "params": {"C": 326.69919665346345, "epsilon": 0.3692870846181663, "gamma": 0.010000081299517658}, "datetime": {"datetime": "2021-09-27 17:42:11", "elapsed": 524.735643, "delta": 2.306489}}
{"target": -11.411234500607543, "params": {"C": 376.34356704168675, "epsilon": 0.5286826112006879, "gamma": 0.056399966301738234}, "datetime": {"datetime": "2021-09-27 17:42:14", "elapsed": 527.938902, "delta": 3.203259}}
{"target": -10.693188281580868, "params": {"C": 375.97946504939245, "epsilon": 0.017693179961052515, "gamma": 0.017042964670156716}, "datetime": {"datetime": "2021-09-27 17:42:19", "elapsed": 532.710601, "delta": 4.771699}}
{"target": -13.883689602537885, "params": {"C": 326.71881961699415, "epsilon": 0.2597395591266841, "gamma": 0.11167590149357828}, "datetime": {"datetime": "2021-09-27 17:42:22", "elapsed": 535.391278, "delta": 2.680677}}
{"target": -15.070810705600445, "params": {"C": 463.65378458019603, "epsilon": 0.713289802600304, "gamma": 0.12122019067551741}, "datetime": {"datetime": "2021-09-27 17:42:23", "elapsed": 536.898992, "delta": 1.507714}}
{"target": -15.88850030612255, "params": {"C": 301.13466175887123, "epsilon": 0.5597348274881335, "gamma": 0.27325271721644745}, "datetime": {"datetime": "2021-09-27 17:42:25", "elapsed": 538.393509, "delta": 1.494517}}
{"target": -14.804756954878057, "params": {"C": 351.0257045982993, "epsilon": 0.1723462411561284, "gamma": 0.15025206369061891}, "datetime": {"datetime": "2021-09-27 17:42:27", "elapsed": 540.159589, "delta": 1.76608}}
{"target": -13.362155179645105, "params": {"C": 479.10160433916997, "epsilon": 0.7110553471444606, "gamma": 0.08091100229021654}, "datetime": {"datetime": "2021-09-27 17:42:28", "elapsed": 541.919592, "delta": 1.760003}}
{"target": -11.019311849218905, "params": {"C": 477.05713777276526, "epsilon": 0.7508895346042486, "gamma": 0.01}, "datetime": {"datetime": "2021-09-27 17:42:32", "elapsed": 545.883215, "delta": 3.963623}}
{"target": -10.789964430488675, "params": {"C": 326.89521460514976, "epsilon": 0.42404665006295006, "gamma": 0.014944412593729178}, "datetime": {"datetime": "2021-09-27 17:42:35", "elapsed": 548.896321, "delta": 3.013106}}
{"target": -12.160810765359189, "params": {"C": 368.51656540539193, "epsilon": 0.24199112294428965, "gamma": 0.07440347063093264}, "datetime": {"datetime": "2021-09-27 17:42:37", "elapsed": 550.668541, "delta": 1.77222}}
{"target": -11.037305474289266, "params": {"C": 326.8220750797025, "epsilon": 0.43938117612572114, "gamma": 0.05144077372582861}, "datetime": {"datetime": "2021-09-27 17:42:40", "elapsed": 553.722706, "delta": 3.054165}}
{"target": -13.690949532563929, "params": {"C": 326.9132208237014, "epsilon": 0.3552645898956776, "gamma": 0.10484872465863636}, "datetime": {"datetime": "2021-09-27 17:42:44", "elapsed": 557.356619, "delta": 3.633913}}
{"target": -10.835764974992411, "params": {"C": 341.13994328250084, "epsilon": 0.3996224029525461, "gamma": 0.014312618133368395}, "datetime": {"datetime": "2021-09-27 17:42:47", "elapsed": 560.143694, "delta": 2.787075}}
{"target": -10.676761712168318, "params": {"C": 376.37475264185554, "epsilon": 0.39268708820886494, "gamma": 0.016432616584014414}, "datetime": {"datetime": "2021-09-27 17:42:49", "elapsed": 562.928278, "delta": 2.784584}}
{"target": -10.639086473610861, "params": {"C": 412.7127814636047, "epsilon": 0.7051223568502227, "gamma": 0.015186764928621211}, "datetime": {"datetime": "2021-09-27 17:42:53", "elapsed": 566.600997, "delta": 3.672719}}
{"target": -15.15615415402267, "params": {"C": 376.23788804091635, "epsilon": 0.5459274464905837, "gamma": 0.16218321072063674}, "datetime": {"datetime": "2021-09-27 17:42:57", "elapsed": 570.00478, "delta": 3.403783}}
{"target": -10.955419173578658, "params": {"C": 320.1289631100536, "epsilon": 0.16930707813618834, "gamma": 0.05230489846065289}, "datetime": {"datetime": "2021-09-27 17:42:58", "elapsed": 571.851273, "delta": 1.846493}}
{"target": -11.168389107282321, "params": {"C": 320.0453399558181, "epsilon": 0.27809803677974104, "gamma": 0.010627795356302254}, "datetime": {"datetime": "2021-09-27 17:43:02", "elapsed": 575.644751, "delta": 3.793478}}
{"target": -15.982881310611846, "params": {"C": 461.4024704450226, "epsilon": 0.19906939731480183, "gamma": 0.2860923816710417}, "datetime": {"datetime": "2021-09-27 17:43:04", "elapsed": 577.710859, "delta": 2.066108}}
{"target": -11.194715494790838, "params": {"C": 413.2815632335292, "epsilon": 1.0, "gamma": 0.01}, "datetime": {"datetime": "2021-09-27 17:43:10", "elapsed": 583.546846, "delta": 5.835987}}
{"target": -12.267035426513091, "params": {"C": 469.0160581395922, "epsilon": 0.09033178369253901, "gamma": 0.07193079128675738}, "datetime": {"datetime": "2021-09-27 17:43:12", "elapsed": 585.761337, "delta": 2.214491}}
{"target": -14.02021358240393, "params": {"C": 320.0230082245999, "epsilon": 0.19913952297130605, "gamma": 0.11741570578598283}, "datetime": {"datetime": "2021-09-27 17:43:16", "elapsed": 589.223988, "delta": 3.462651}}
{"target": -15.7148345440867, "params": {"C": 391.3395944501537, "epsilon": 0.02303367005654366, "gamma": 0.26865119280780636}, "datetime": {"datetime": "2021-09-27 17:43:18", "elapsed": 591.050091, "delta": 1.826103}}
{"target": -15.400187951865613, "params": {"C": 341.2826775346706, "epsilon": 0.565325634796808, "gamma": 0.19893641712951213}, "datetime": {"datetime": "2021-09-27 17:43:19", "elapsed": 592.921838, "delta": 1.871747}}
{"target": -14.637491014194417, "params": {"C": 336.5914050502081, "epsilon": 0.5437690365857845, "gamma": 0.12576740630980826}, "datetime": {"datetime": "2021-09-27 17:43:21", "elapsed": 594.803076, "delta": 1.881238}}
{"target": -11.539139295430852, "params": {"C": 368.5758838875738, "epsilon": 0.8184928642641851, "gamma": 0.05650070564597463}, "datetime": {"datetime": "2021-09-27 17:43:23", "elapsed": 596.702679, "delta": 1.899603}}
{"target": -13.661621317335351, "params": {"C": 320.2704050598187, "epsilon": 0.13557120688533103, "gamma": 0.11099913442532304}, "datetime": {"datetime": "2021-09-27 17:43:27", "elapsed": 600.068552, "delta": 3.365873}}
{"target": -15.782057108959135, "params": {"C": 485.00644968118286, "epsilon": 0.36814625679142526, "gamma": 0.2557430958555086}, "datetime": {"datetime": "2021-09-27 17:43:28", "elapsed": 601.9783, "delta": 1.909748}}
{"target": -10.67135879910553, "params": {"C": 433.0983905951109, "epsilon": 0.3674864845129987, "gamma": 0.04163777382288227}, "datetime": {"datetime": "2021-09-27 17:43:32", "elapsed": 605.679134, "delta": 3.700834}}
{"target": -11.476247173087172, "params": {"C": 320.17589312760975, "epsilon": 0.27806693146221906, "gamma": 0.06401637114889012}, "datetime": {"datetime": "2021-09-27 17:43:35", "elapsed": 608.631206, "delta": 2.952072}}
{"target": -10.41326425018891, "params": {"C": 326.9488693132274, "epsilon": 0.561218164186453, "gamma": 0.025616977240960518}, "datetime": {"datetime": "2021-09-27 17:43:38", "elapsed": 611.96209, "delta": 3.330884}}
{"target": -11.965470063586055, "params": {"C": 326.8963268313531, "epsilon": 0.6770370186319954, "gamma": 0.069481608949576}, "datetime": {"datetime": "2021-09-27 17:43:41", "elapsed": 614.899255, "delta": 2.937165}}
{"target": -11.472094891398314, "params": {"C": 433.2523222697945, "epsilon": 0.3392824189923878, "gamma": 0.05639873340973721}, "datetime": {"datetime": "2021-09-27 17:43:46", "elapsed": 619.106691, "delta": 4.207436}}
{"target": -10.711333954787957, "params": {"C": 331.7063776926302, "epsilon": 0.8026020969396717, "gamma": 0.014458829328298915}, "datetime": {"datetime": "2021-09-27 17:43:47", "elapsed": 620.831504, "delta": 1.724813}}
{"target": -15.850107191589103, "params": {"C": 315.8476302237064, "epsilon": 0.3791423281461637, "gamma": 0.2822558540699202}, "datetime": {"datetime": "2021-09-27 17:43:49", "elapsed": 622.876865, "delta": 2.045361}}
{"target": -12.558901800201802, "params": {"C": 327.05949986490305, "epsilon": 0.4918087833030693, "gamma": 0.0811076414548805}, "datetime": {"datetime": "2021-09-27 17:43:52", "elapsed": 625.851058, "delta": 2.974193}}
{"target": -10.919483537784721, "params": {"C": 450.0943204455897, "epsilon": 0.550468586438405, "gamma": 0.012293145542698086}, "datetime": {"datetime": "2021-09-27 17:43:54", "elapsed": 627.716894, "delta": 1.865836}}
{"target": -12.232221179227428, "params": {"C": 374.6852355062097, "epsilon": 0.9615333934700164, "gamma": 0.06553895569341808}, "datetime": {"datetime": "2021-09-27 17:43:56", "elapsed": 629.431551, "delta": 1.714657}}
{"target": -16.267816332001743, "params": {"C": 449.76800249485007, "epsilon": 0.9681201883559389, "gamma": 0.2808717716851418}, "datetime": {"datetime": "2021-09-27 17:43:58", "elapsed": 631.228659, "delta": 1.797108}}
{"target": -14.475563989290874, "params": {"C": 471.78928565494306, "epsilon": 0.15509707596672703, "gamma": 0.11204791390394522}, "datetime": {"datetime": "2021-09-27 17:43:59", "elapsed": 632.982109, "delta": 1.75345}}
{"target": -10.801605628335853, "params": {"C": 326.8358194447488, "epsilon": 0.5476601098082027, "gamma": 0.014990459151769137}, "datetime": {"datetime": "2021-09-27 17:44:04", "elapsed": 637.057374, "delta": 4.075265}}
{"target": -13.069531741194435, "params": {"C": 433.0895986997654, "epsilon": 0.5033380244724146, "gamma": 0.0805757820095242}, "datetime": {"datetime": "2021-09-27 17:44:07", "elapsed": 640.277973, "delta": 3.220599}}
{"target": -11.074052975231638, "params": {"C": 331.6191389830093, "epsilon": 0.8577165392661491, "gamma": 0.050798999890719405}, "datetime": {"datetime": "2021-09-27 17:44:10", "elapsed": 643.706242, "delta": 3.428269}}
{"target": -15.51822174409978, "params": {"C": 401.1262470601987, "epsilon": 0.2713414829719024, "gamma": 0.24309381942914884}, "datetime": {"datetime": "2021-09-27 17:44:12", "elapsed": 645.545561, "delta": 1.839319}}
{"target": -15.216813292185115, "params": {"C": 331.75834085419734, "epsilon": 0.8344932501825364, "gamma": 0.15657688565558148}, "datetime": {"datetime": "2021-09-27 17:44:15", "elapsed": 648.697057, "delta": 3.151496}}
{"target": -15.316895141759023, "params": {"C": 317.708903895007, "epsilon": 0.417795782798926, "gamma": 0.21207949591992253}, "datetime": {"datetime": "2021-09-27 17:44:17", "elapsed": 650.452039, "delta": 1.754982}}
{"target": -10.924822861279686, "params": {"C": 331.6246653927525, "epsilon": 0.7255315628996561, "gamma": 0.011849536563619421}, "datetime": {"datetime": "2021-09-27 17:44:21", "elapsed": 654.677315, "delta": 4.225276}}
{"target": -10.802319079827056, "params": {"C": 320.10446462815804, "epsilon": 0.40553350013075995, "gamma": 0.014841212897403486}, "datetime": {"datetime": "2021-09-27 17:44:25", "elapsed": 658.603214, "delta": 3.925899}}
{"target": -10.524399090886984, "params": {"C": 367.4752988569339, "epsilon": 0.9197499718535531, "gamma": 0.018715745452043825}, "datetime": {"datetime": "2021-09-27 17:44:28", "elapsed": 661.973675, "delta": 3.370461}}
{"target": -10.856282997889384, "params": {"C": 331.4915422480946, "epsilon": 0.832292031854801, "gamma": 0.013184843196588882}, "datetime": {"datetime": "2021-09-27 17:44:32", "elapsed": 665.575739, "delta": 3.602064}}
{"target": -13.138441903884562, "params": {"C": 363.7640798909532, "epsilon": 0.34762325992305126, "gamma": 0.08865066301121258}, "datetime": {"datetime": "2021-09-27 17:44:34", "elapsed": 667.393593, "delta": 1.817854}}
{"target": -14.861165343537294, "params": {"C": 436.0800483255973, "epsilon": 0.8894132861315536, "gamma": 0.11372646571707523}, "datetime": {"datetime": "2021-09-27 17:44:36", "elapsed": 669.33079, "delta": 1.937197}}
{"target": -15.270664787052274, "params": {"C": 322.0056162894865, "epsilon": 0.16614182820330903, "gamma": 0.23093110176932297}, "datetime": {"datetime": "2021-09-27 17:44:38", "elapsed": 671.39312, "delta": 2.06233}}
{"target": -15.116752458907445, "params": {"C": 331.4609786932917, "epsilon": 0.8159219387457856, "gamma": 0.14799862423214966}, "datetime": {"datetime": "2021-09-27 17:44:42", "elapsed": 675.267503, "delta": 3.874383}}
{"target": -10.824708409470132, "params": {"C": 331.5475738835868, "epsilon": 0.9722965024748215, "gamma": 0.02162982343321601}, "datetime": {"datetime": "2021-09-27 17:44:45", "elapsed": 678.764964, "delta": 3.497461}}
{"target": -10.696954742510444, "params": {"C": 341.4764103979196, "epsilon": 0.7977609872164261, "gamma": 0.014359350309614407}, "datetime": {"datetime": "2021-09-27 17:44:48", "elapsed": 681.459172, "delta": 2.694208}}
{"target": -11.129422953826758, "params": {"C": 320.2806319885069, "epsilon": 0.39494807660493136, "gamma": 0.010197400771566684}, "datetime": {"datetime": "2021-09-27 17:44:52", "elapsed": 685.269931, "delta": 3.810759}}
{"target": -15.731321436327844, "params": {"C": 407.46443603421085, "epsilon": 0.9491089432424669, "gamma": 0.19606438573008816}, "datetime": {"datetime": "2021-09-27 17:44:54", "elapsed": 687.101241, "delta": 1.83131}}
{"target": -15.9867429390397, "params": {"C": 473.43053159662753, "epsilon": 0.2235863559383984, "gamma": 0.2847848205988577}, "datetime": {"datetime": "2021-09-27 17:44:55", "elapsed": 688.79203, "delta": 1.690789}}
{"target": -15.039646700434531, "params": {"C": 367.43692097957444, "epsilon": 0.9864588909777263, "gamma": 0.13927492407527634}, "datetime": {"datetime": "2021-09-27 17:44:59", "elapsed": 692.113945, "delta": 3.321915}}
{"target": -15.195133208985965, "params": {"C": 320.20194448461405, "epsilon": 0.4763952981812654, "gamma": 0.18479099206265837}, "datetime": {"datetime": "2021-09-27 17:45:03", "elapsed": 696.350065, "delta": 4.23612}}
{"target": -11.215518259774141, "params": {"C": 405.1973528970866, "epsilon": 0.1672017392611385, "gamma": 0.01069477911835199}, "datetime": {"datetime": "2021-09-27 17:45:07", "elapsed": 700.871064, "delta": 4.520999}}
{"target": -10.60191908503755, "params": {"C": 367.81423599371885, "epsilon": 0.7525516311304207, "gamma": 0.015436545198585318}, "datetime": {"datetime": "2021-09-27 17:45:12", "elapsed": 705.150046, "delta": 4.278982}}
{"target": -10.824437435458645, "params": {"C": 346.33370153069274, "epsilon": 0.6068200789693604, "gamma": 0.04664656575615222}, "datetime": {"datetime": "2021-09-27 17:45:13", "elapsed": 706.993098, "delta": 1.843052}}
{"target": -14.86590484885795, "params": {"C": 307.39135331674237, "epsilon": 0.6317778963755252, "gamma": 0.13676103483455698}, "datetime": {"datetime": "2021-09-27 17:45:16", "elapsed": 709.178853, "delta": 2.185755}}
{"target": -11.512524706959605, "params": {"C": 416.9493526244589, "epsilon": 0.03544963676772089, "gamma": 0.06466203218686356}, "datetime": {"datetime": "2021-09-27 17:45:18", "elapsed": 711.127856, "delta": 1.949003}}
{"target": -15.079746503897892, "params": {"C": 346.31218643043474, "epsilon": 0.5049692785629206, "gamma": 0.15855028104807092}, "datetime": {"datetime": "2021-09-27 17:45:22", "elapsed": 715.444403, "delta": 4.316547}}
{"target": -11.00110209258885, "params": {"C": 346.30926870086466, "epsilon": 0.7247020073658209, "gamma": 0.05022665590256312}, "datetime": {"datetime": "2021-09-27 17:45:27", "elapsed": 720.582188, "delta": 5.137785}}
{"target": -10.575112195951505, "params": {"C": 477.15328643070757, "epsilon": 0.8790795205869041, "gamma": 0.014900018926956759}, "datetime": {"datetime": "2021-09-27 17:45:33", "elapsed": 726.460151, "delta": 5.877963}}
{"target": -13.773270709283892, "params": {"C": 477.148739677932, "epsilon": 0.9466775355611472, "gamma": 0.08717201033810056}, "datetime": {"datetime": "2021-09-27 17:45:37", "elapsed": 730.506246, "delta": 4.046095}}
{"target": -11.231075873777437, "params": {"C": 374.38736101133253, "epsilon": 0.337716927909644, "gamma": 0.01}, "datetime": {"datetime": "2021-09-27 17:45:43", "elapsed": 736.549348, "delta": 6.043102}}
{"target": -10.45653956713177, "params": {"C": 346.42579161662013, "epsilon": 0.6737614175490693, "gamma": 0.026002728264241298}, "datetime": {"datetime": "2021-09-27 17:45:47", "elapsed": 740.419962, "delta": 3.870614}}
{"target": -15.970982105765291, "params": {"C": 467.3720068424742, "epsilon": 0.7282113635085736, "gamma": 0.2502315491368477}, "datetime": {"datetime": "2021-09-27 17:45:49", "elapsed": 742.146438, "delta": 1.726476}}
{"target": -10.602519904796019, "params": {"C": 477.19223763442085, "epsilon": 0.7811072657007244, "gamma": 0.038082735227509504}, "datetime": {"datetime": "2021-09-27 17:45:52", "elapsed": 745.742218, "delta": 3.59578}}
{"target": -10.709483932542467, "params": {"C": 341.5143823011441, "epsilon": 0.9196813089816442, "gamma": 0.024480808957144565}, "datetime": {"datetime": "2021-09-27 17:45:57", "elapsed": 750.798813, "delta": 5.056595}}
{"target": -14.540991290813842, "params": {"C": 326.9055094649209, "epsilon": 0.5695812367900372, "gamma": 0.12425986467040931}, "datetime": {"datetime": "2021-09-27 17:46:02", "elapsed": 755.759136, "delta": 4.960323}}
{"target": -10.365900074404204, "params": {"C": 341.2886980456936, "epsilon": 0.734044566434399, "gamma": 0.022521731674483333}, "datetime": {"datetime": "2021-09-27 17:46:06", "elapsed": 759.869413, "delta": 4.110277}}
{"target": -10.614716510857596, "params": {"C": 326.6857335267051, "epsilon": 0.5976306333223583, "gamma": 0.03581494377473941}, "datetime": {"datetime": "2021-09-27 17:46:10", "elapsed": 763.94478, "delta": 4.075367}}
{"target": -14.615607551156963, "params": {"C": 346.46505792705466, "epsilon": 0.7234560685372312, "gamma": 0.11896142291900126}, "datetime": {"datetime": "2021-09-27 17:46:15", "elapsed": 768.771485, "delta": 4.826705}}
{"target": -15.809781869223425, "params": {"C": 470.7444822399221, "epsilon": 0.36619701721625175, "gamma": 0.26008792988672214}, "datetime": {"datetime": "2021-09-27 17:46:17", "elapsed": 770.661382, "delta": 1.889897}}
{"target": -15.688141759451726, "params": {"C": 609.762700785465, "epsilon": 0.7152178474357822, "gamma": 0.18480137906077673}, "datetime": {"datetime": "2021-09-27 18:01:12", "elapsed": 0.0, "delta": 0.0}}
{"target": -15.476571805872318, "params": {"C": 608.9766365993794, "epsilon": 0.42371243385897084, "gamma": 0.19730929278933027}, "datetime": {"datetime": "2021-09-27 18:01:12", "elapsed": 0.092994, "delta": 0.092994}}
{"target": -16.262138313729913, "params": {"C": 587.5174422525386, "epsilon": 0.8917838234820016, "gamma": 0.2894622005452985}, "datetime": {"datetime": "2021-09-27 18:01:12", "elapsed": 0.141999, "delta": 0.049005}}
{"target": -15.517632722663006, "params": {"C": 576.6883037651555, "epsilon": 0.7917458655788563, "gamma": 0.1633795267283423}, "datetime": {"datetime": "2021-09-27 18:01:12", "elapsed": 0.210993, "delta": 0.068994}}
{"target": -10.437553665337346, "params": {"C": 613.6089122187865, "epsilon": 0.9256040786288318, "gamma": 0.03060045687738721}, "datetime": {"datetime": "2021-09-27 18:01:12", "elapsed": 0.334203, "delta": 0.12321}}
{"target": -11.153601200952751, "params": {"C": 615.2278876892224, "epsilon": 0.9923134912896081, "gamma": 0.01}, "datetime": {"datetime": "2021-09-27 18:01:12", "elapsed": 0.572206, "delta": 0.238003}}
{"target": -16.245191844178642, "params": {"C": 619.170714052896, "epsilon": 0.0001, "gamma": 0.3}, "datetime": {"datetime": "2021-09-27 18:01:13", "elapsed": 0.890202, "delta": 0.317996}}
{"target": -16.242759649756128, "params": {"C": 614.1986344703453, "epsilon": 0.0001, "gamma": 0.3}, "datetime": {"datetime": "2021-09-27 18:01:13", "elapsed": 1.220207, "delta": 0.330005}}
{"target": -12.749247726773675, "params": {"C": 613.5849737288767, "epsilon": 0.781153474661133, "gamma": 0.06567037472140186}, "datetime": {"datetime": "2021-09-27 18:01:13", "elapsed": 1.566208, "delta": 0.346001}}
{"target": -15.833255847188173, "params": {"C": 574.4094049157558, "epsilon": 0.11556722490717773, "gamma": 0.2585725115152243}, "datetime": {"datetime": "2021-09-27 18:01:14", "elapsed": 1.861262, "delta": 0.295054}}
{"target": -15.253026758620623, "params": {"C": 613.7759711899856, "epsilon": 0.8711584954801713, "gamma": 0.14268028600304633}, "datetime": {"datetime": "2021-09-27 18:01:14", "elapsed": 2.026232, "delta": 0.16497}}
{"target": -10.978854595500263, "params": {"C": 613.4261696808394, "epsilon": 0.9807845740651888, "gamma": 0.011248994931488997}, "datetime": {"datetime": "2021-09-27 18:01:14", "elapsed": 2.279649, "delta": 0.253417}}
{"target": -11.279819082271391, "params": {"C": 541.2080657006649, "epsilon": 0.1811447417880506, "gamma": 0.010108198131508497}, "datetime": {"datetime": "2021-09-27 18:01:14", "elapsed": 2.611653, "delta": 0.332004}}
{"target": -15.011297139586047, "params": {"C": 664.4101813676625, "epsilon": 0.12082278012324472, "gamma": 0.12606855889126084}, "datetime": {"datetime": "2021-09-27 18:01:15", "elapsed": 2.890648, "delta": 0.278995}}
{"target": -10.610188817341026, "params": {"C": 615.0758615662102, "epsilon": 0.8993108120703598, "gamma": 0.03581306594024608}, "datetime": {"datetime": "2021-09-27 18:01:15", "elapsed": 3.089652, "delta": 0.199004}}
