{"target": -2.627144045590674, "params": {"C": 29.447473682831866, "epsilon": 1.4301771511131383, "gamma": 0.2882797238101011}, "datetime": {"datetime": "2021-09-18 11:08:02", "elapsed": 491.117575, "delta": 1.532947}}
{"target": -2.297063707861309, "params": {"C": 93.61142063641074, "epsilon": 0.5929626132631717, "gamma": 0.01876181740760654}, "datetime": {"datetime": "2021-09-18 11:08:05", "elapsed": 494.393399, "delta": 3.275824}}
{"target": -2.089680142006488, "params": {"C": 97.89666070727067, "epsilon": 1.231588020766014, "gamma": 0.06617695814068288}, "datetime": {"datetime": "2021-09-18 11:08:09", "elapsed": 498.350924, "delta": 3.957525}}
{"target": -2.596396086578212, "params": {"C": 93.55005081023315, "epsilon": 0.4041476405347522, "gamma": 0.005054421467112629}, "datetime": {"datetime": "2021-09-18 11:08:12", "elapsed": 501.599668, "delta": 3.248744}}
{"target": -2.5207843497059805, "params": {"C": 40.071559890486014, "epsilon": 0.6343284013240768, "gamma": 0.27913323854179195}, "datetime": {"datetime": "2021-09-18 11:08:14", "elapsed": 503.159398, "delta": 1.55973}}
{"target": -2.3214336385437893, "params": {"C": 97.50538637662325, "epsilon": 0.7015695710981275, "gamma": 0.017816375762255247}, "datetime": {"datetime": "2021-09-18 11:08:18", "elapsed": 507.153892, "delta": 3.994494}}
{"target": -2.2938533906661602, "params": {"C": 37.43596398038364, "epsilon": 1.278885142436048, "gamma": 0.04174099130969127}, "datetime": {"datetime": "2021-09-18 11:08:20", "elapsed": 508.791884, "delta": 1.637992}}
{"target": -2.2670701679122547, "params": {"C": 62.29467761165094, "epsilon": 0.23808276322284405, "gamma": 0.02468209132885014}, "datetime": {"datetime": "2021-09-18 11:08:23", "elapsed": 512.416887, "delta": 3.625003}}
{"target": -2.0703835770293133, "params": {"C": 69.1934305794525, "epsilon": 0.2844671059450788, "gamma": 0.08412034543252969}, "datetime": {"datetime": "2021-09-18 11:08:27", "elapsed": 516.335891, "delta": 3.919004}}
{"target": -2.3179413978794132, "params": {"C": 97.48993165032293, "epsilon": 0.6609563127906477, "gamma": 0.1676925479466534}, "datetime": {"datetime": "2021-09-18 11:08:31", "elapsed": 520.167888, "delta": 3.831997}}
{"target": -2.095397467271256, "params": {"C": 97.45576451029895, "epsilon": 0.5569159526365247, "gamma": 0.08961861265891975}, "datetime": {"datetime": "2021-09-18 11:08:35", "elapsed": 524.487885, "delta": 4.319997}}
{"target": -2.089248409038742, "params": {"C": 92.89991375997492, "epsilon": 0.1012575683939576, "gamma": 0.09059023501250933}, "datetime": {"datetime": "2021-09-18 11:08:38", "elapsed": 527.50991, "delta": 3.022025}}
{"target": -2.148177415127525, "params": {"C": 69.0620462915837, "epsilon": 0.4399856957942602, "gamma": 0.11651653016988729}, "datetime": {"datetime": "2021-09-18 11:08:43", "elapsed": 532.240427, "delta": 4.730517}}
{"target": -2.425382842802048, "params": {"C": 33.34238263664808, "epsilon": 0.7915315598361563, "gamma": 0.24693210073576796}, "datetime": {"datetime": "2021-09-18 11:08:45", "elapsed": 533.97912, "delta": 1.738693}}
{"target": -2.6256755751307264, "params": {"C": 97.84514327550826, "epsilon": 1.164368449672747, "gamma": 0.005383748611877664}, "datetime": {"datetime": "2021-09-18 11:08:48", "elapsed": 537.027012, "delta": 3.047892}}
{"target": -2.1203632927584066, "params": {"C": 97.90239042577618, "epsilon": 1.2918540429099012, "gamma": 0.05695452886892301}, "datetime": {"datetime": "2021-09-18 11:08:52", "elapsed": 540.851281, "delta": 3.824269}}
{"target": -2.2348339278771205, "params": {"C": 54.16162418237853, "epsilon": 0.2688533836975935, "gamma": 0.15262735311404654}, "datetime": {"datetime": "2021-09-18 11:08:55", "elapsed": 544.685449, "delta": 3.834168}}
{"target": -2.369582119330675, "params": {"C": 97.85425442966245, "epsilon": 1.2776362307998308, "gamma": 0.1714866196964341}, "datetime": {"datetime": "2021-09-18 11:08:58", "elapsed": 547.527363, "delta": 2.841914}}
{"target": -2.1132821339825796, "params": {"C": 68.95686972889844, "epsilon": 0.1861195457882951, "gamma": 0.10080625232914647}, "datetime": {"datetime": "2021-09-18 11:09:01", "elapsed": 550.323455, "delta": 2.796092}}
{"target": -2.149125834084606, "params": {"C": 93.5590781147889, "epsilon": 0.5227153767841203, "gamma": 0.11394050691804794}, "datetime": {"datetime": "2021-09-18 11:09:06", "elapsed": 554.791028, "delta": 4.467573}}
{"target": -2.035550938170882, "params": {"C": 62.19480820326052, "epsilon": 0.3747167020292991, "gamma": 0.061249557185398575}, "datetime": {"datetime": "2021-09-18 11:09:09", "elapsed": 558.218442, "delta": 3.427414}}
{"target": -2.118608397407659, "params": {"C": 97.37345888273573, "epsilon": 0.6667089003686509, "gamma": 0.06496599824167075}, "datetime": {"datetime": "2021-09-18 11:09:12", "elapsed": 561.716687, "delta": 3.498245}}
{"target": -2.1780547636937357, "params": {"C": 97.38036945017107, "epsilon": 0.8107396745460701, "gamma": 0.11992441608121705}, "datetime": {"datetime": "2021-09-18 11:09:18", "elapsed": 566.73603, "delta": 5.019343}}
{"target": -2.1966233033328537, "params": {"C": 97.98484650655324, "epsilon": 1.2631190857698817, "gamma": 0.12486428298920829}, "datetime": {"datetime": "2021-09-18 11:09:21", "elapsed": 570.238473, "delta": 3.502443}}
{"target": -2.0764353533007927, "params": {"C": 93.65439029872834, "epsilon": 0.5144515856366247, "gamma": 0.06851732746060486}, "datetime": {"datetime": "2021-09-18 11:09:24", "elapsed": 573.621044, "delta": 3.382571}}
{"target": -2.324749999688243, "params": {"C": 97.4149008200671, "epsilon": 0.6061642558341153, "gamma": 0.017069219952552925}, "datetime": {"datetime": "2021-09-18 11:09:28", "elapsed": 577.420517, "delta": 3.799473}}
{"target": -2.1949726914546575, "params": {"C": 97.38885760882016, "epsilon": 0.7041658387112782, "gamma": 0.12991621990289634}, "datetime": {"datetime": "2021-09-18 11:09:33", "elapsed": 582.66758, "delta": 5.247063}}
{"target": -2.2083380160019064, "params": {"C": 97.80241284489186, "epsilon": 1.3412637772494485, "gamma": 0.03576327364431578}, "datetime": {"datetime": "2021-09-18 11:09:38", "elapsed": 586.94127, "delta": 4.27369}}
{"target": -2.3122650019930187, "params": {"C": 93.68593088473544, "epsilon": 0.5233163332539015, "gamma": 0.1675405500805474}, "datetime": {"datetime": "2021-09-18 11:09:41", "elapsed": 590.461312, "delta": 3.520042}}
{"target": -2.1526463766349506, "params": {"C": 92.96399639707802, "epsilon": 0.20954221753655006, "gamma": 0.11220798353130938}, "datetime": {"datetime": "2021-09-18 11:09:47", "elapsed": 596.324192, "delta": 5.86288}}
{"target": -2.3837069073579884, "params": {"C": 92.94101050748574, "epsilon": 0.1616368423875832, "gamma": 0.01495045729619806}, "datetime": {"datetime": "2021-09-18 11:09:54", "elapsed": 602.953937, "delta": 6.629745}}
{"target": -2.1486933782938245, "params": {"C": 62.87004577173288, "epsilon": 1.16909245027555, "gamma": 0.06534115764467321}, "datetime": {"datetime": "2021-09-18 11:09:55", "elapsed": 604.593346, "delta": 1.639409}}
{"target": -2.0885932281957698, "params": {"C": 77.49603042384646, "epsilon": 0.5179576518744353, "gamma": 0.07597241335964962}, "datetime": {"datetime": "2021-09-18 11:09:59", "elapsed": 608.473865, "delta": 3.880519}}
{"target": -2.5202398471049565, "params": {"C": 77.28543871455221, "epsilon": 0.5792445067510632, "gamma": 0.007879293079465485}, "datetime": {"datetime": "2021-09-18 11:10:03", "elapsed": 612.078874, "delta": 3.605009}}
{"target": -2.5357231900049726, "params": {"C": 62.36945445670723, "epsilon": 1.1635704914284661, "gamma": 0.24183855501925033}, "datetime": {"datetime": "2021-09-18 11:10:05", "elapsed": 613.7952, "delta": 1.716326}}
{"target": -2.5425562928665006, "params": {"C": 96.47767234174025, "epsilon": 0.14308352591102555, "gamma": 0.2685503659466497}, "datetime": {"datetime": "2021-09-18 11:10:06", "elapsed": 615.59935, "delta": 1.80415}}
{"target": -2.139387240923302, "params": {"C": 77.47598397973645, "epsilon": 0.6469779322134733, "gamma": 0.03767847037409401}, "datetime": {"datetime": "2021-09-18 11:10:11", "elapsed": 619.738038, "delta": 4.138688}}
{"target": -2.2230033786959376, "params": {"C": 68.73707877474553, "epsilon": 0.42468443408814843, "gamma": 0.026857061084167234}, "datetime": {"datetime": "2021-09-18 11:10:15", "elapsed": 624.550081, "delta": 4.812043}}
{"target": -2.3752321742547786, "params": {"C": 44.944977421673435, "epsilon": 0.904458332973044, "gamma": 0.20744350244098295}, "datetime": {"datetime": "2021-09-18 11:10:17", "elapsed": 626.225501, "delta": 1.67542}}
{"target": -2.2593532621848578, "params": {"C": 77.52925350725542, "epsilon": 0.4605951098856547, "gamma": 0.15374396490734052}, "datetime": {"datetime": "2021-09-18 11:10:20", "elapsed": 629.534964, "delta": 3.309463}}
{"target": -2.4882470068954494, "params": {"C": 79.15966010273937, "epsilon": 0.12824408155470626, "gamma": 0.23810757602034271}, "datetime": {"datetime": "2021-09-18 11:10:22", "elapsed": 631.376518, "delta": 1.841554}}
{"target": -2.1503661335613353, "params": {"C": 79.30494707601747, "epsilon": 0.9788368975064876, "gamma": 0.04544344651987008}, "datetime": {"datetime": "2021-09-18 11:10:24", "elapsed": 633.25405, "delta": 1.877532}}
{"target": -2.4122054910572404, "params": {"C": 77.55066316615202, "epsilon": 0.5679115613591427, "gamma": 0.013167522622084451}, "datetime": {"datetime": "2021-09-18 11:10:27", "elapsed": 636.294736, "delta": 3.040686}}
{"target": -2.1204345610400654, "params": {"C": 77.38066898099035, "epsilon": 0.6824994811884199, "gamma": 0.07381938829438316}, "datetime": {"datetime": "2021-09-18 11:10:32", "elapsed": 641.68372, "delta": 5.388984}}
{"target": -2.120504913227694, "params": {"C": 79.43917035167235, "epsilon": 1.0105409950943793, "gamma": 0.09042107069499568}, "datetime": {"datetime": "2021-09-18 11:10:39", "elapsed": 648.444727, "delta": 6.761007}}
{"target": -2.15270144549403, "params": {"C": 78.36996397161433, "epsilon": 1.4060026935736338, "gamma": 0.06087891423766913}, "datetime": {"datetime": "2021-09-18 11:10:41", "elapsed": 650.199926, "delta": 1.755199}}
{"target": -2.3774111789639316, "params": {"C": 62.365986707606254, "epsilon": 0.3190711770950276, "gamma": 0.014862847158088336}, "datetime": {"datetime": "2021-09-18 11:10:46", "elapsed": 655.074255, "delta": 4.874329}}
{"target": -2.047810426046348, "params": {"C": 77.43584859252196, "epsilon": 0.5513027306746039, "gamma": 0.05606462465294206}, "datetime": {"datetime": "2021-09-18 11:10:51", "elapsed": 659.959559, "delta": 4.885304}}
{"target": -2.5216133011840194, "params": {"C": 64.11112323762393, "epsilon": 0.7652458178821866, "gamma": 0.010158169384912978}, "datetime": {"datetime": "2021-09-18 11:10:53", "elapsed": 661.909109, "delta": 1.94955}}
{"target": -2.45010477489103, "params": {"C": 89.8267364780205, "epsilon": 0.9240018517200308, "gamma": 0.20640324473145502}, "datetime": {"datetime": "2021-09-18 11:10:55", "elapsed": 663.838362, "delta": 1.929253}}
{"target": -2.1507706229714567, "params": {"C": 56.72498949740145, "epsilon": 0.5135374697016236, "gamma": 0.10823447900430813}, "datetime": {"datetime": "2021-09-18 11:10:56", "elapsed": 665.646217, "delta": 1.807855}}
{"target": -2.2273862133783875, "params": {"C": 77.4085675375353, "epsilon": 0.6025085861709563, "gamma": 0.14530599270518404}, "datetime": {"datetime": "2021-09-18 11:11:03", "elapsed": 672.173397, "delta": 6.52718}}
{"target": -2.083603297409647, "params": {"C": 68.68362316513833, "epsilon": 0.6213645253340662, "gamma": 0.049339301325426875}, "datetime": {"datetime": "2021-09-18 11:11:09", "elapsed": 677.879334, "delta": 5.705937}}
{"target": -2.3430444158944574, "params": {"C": 80.70678212690223, "epsilon": 1.2004234415128443, "gamma": 0.16312371781523716}, "datetime": {"datetime": "2021-09-18 11:11:11", "elapsed": 679.934061, "delta": 2.054727}}
{"target": -2.255509738115431, "params": {"C": 45.060257669518094, "epsilon": 0.4169383757576216, "gamma": 0.17400798681069196}, "datetime": {"datetime": "2021-09-18 11:11:13", "elapsed": 681.799683, "delta": 1.865622}}
{"target": -2.1050789444791635, "params": {"C": 68.8825101723483, "epsilon": 0.11849317952044953, "gamma": 0.09680343873793514}, "datetime": {"datetime": "2021-09-18 11:11:17", "elapsed": 686.46636, "delta": 4.666677}}
{"target": -2.2129914874670886, "params": {"C": 91.60841319050027, "epsilon": 1.2360949040548903, "gamma": 0.034423013653696405}, "datetime": {"datetime": "2021-09-18 11:11:19", "elapsed": 688.447055, "delta": 1.980695}}
{"target": -2.2800047355747397, "params": {"C": 77.31143323163303, "epsilon": 0.6771663039480893, "gamma": 0.16955299744841312}, "datetime": {"datetime": "2021-09-18 11:11:25", "elapsed": 694.221708, "delta": 5.774653}}
{"target": -2.2949702706251323, "params": {"C": 35.14583574461589, "epsilon": 0.581651950939853, "gamma": 0.20255199185827755}, "datetime": {"datetime": "2021-09-18 11:11:27", "elapsed": 696.028804, "delta": 1.807096}}
{"target": -2.0299352744994397, "params": {"C": 70.78910760368159, "epsilon": 0.35866915394324533, "gamma": 0.059466516046442396}, "datetime": {"datetime": "2021-09-18 11:11:29", "elapsed": 697.901199, "delta": 1.872395}}
{"target": -2.0331287407761827, "params": {"C": 70.74668313983065, "epsilon": 0.42582207768571995, "gamma": 0.057477861804909464}, "datetime": {"datetime": "2021-09-18 11:11:33", "elapsed": 702.234792, "delta": 4.333593}}
{"target": -2.2081841592398717, "params": {"C": 70.75341751164638, "epsilon": 0.45190628898765123, "gamma": 0.13904929305251398}, "datetime": {"datetime": "2021-09-18 11:11:37", "elapsed": 706.312586, "delta": 4.077794}}
{"target": -2.299071728100206, "params": {"C": 28.094611707183482, "epsilon": 1.1911201874409454, "gamma": 0.04721924977598525}, "datetime": {"datetime": "2021-09-18 11:11:39", "elapsed": 708.145394, "delta": 1.832808}}
{"target": -2.611368393718773, "params": {"C": 86.79244586700361, "epsilon": 1.150746297645198, "gamma": 0.2626770421961581}, "datetime": {"datetime": "2021-09-18 11:11:41", "elapsed": 709.952328, "delta": 1.806934}}
{"target": -2.0862122585035165, "params": {"C": 70.81884389984421, "epsilon": 0.4771580210039453, "gamma": 0.0453241618725572}, "datetime": {"datetime": "2021-09-18 11:11:45", "elapsed": 714.022868, "delta": 4.07054}}
{"target": -2.075448923507605, "params": {"C": 68.77956831561357, "epsilon": 0.2197351573128013, "gamma": 0.08666442844610024}, "datetime": {"datetime": "2021-09-18 11:11:49", "elapsed": 718.172483, "delta": 4.149615}}
{"target": -2.1561167169581665, "params": {"C": 69.70093287237722, "epsilon": 1.282761703469457, "gamma": 0.06389626095305424}, "datetime": {"datetime": "2021-09-18 11:11:51", "elapsed": 720.027425, "delta": 1.854942}}
{"target": -2.1838301411321397, "params": {"C": 68.7342399108255, "epsilon": 0.3029481664369449, "gamma": 0.1271461948385365}, "datetime": {"datetime": "2021-09-18 11:11:55", "elapsed": 724.079915, "delta": 4.05249}}
{"target": -2.0509355092138652, "params": {"C": 70.67791451908943, "epsilon": 0.49100279760651366, "gamma": 0.05381578685675408}, "datetime": {"datetime": "2021-09-18 11:11:59", "elapsed": 728.493829, "delta": 4.413914}}
{"target": -2.1515059781521355, "params": {"C": 70.89596982020839, "epsilon": 0.3485135771747597, "gamma": 0.11481934380359698}, "datetime": {"datetime": "2021-09-18 11:12:03", "elapsed": 732.620766, "delta": 4.126937}}
{"target": -2.401160503335342, "params": {"C": 70.7575322320646, "epsilon": 0.588296728802421, "gamma": 0.014596464764854777}, "datetime": {"datetime": "2021-09-18 11:12:08", "elapsed": 737.05638, "delta": 4.435614}}
{"target": -2.2594853944237827, "params": {"C": 59.35154799436764, "epsilon": 1.00011177535522, "gamma": 0.15619105690164975}, "datetime": {"datetime": "2021-09-18 11:12:10", "elapsed": 739.134032, "delta": 2.077652}}
{"target": -2.025209736155686, "params": {"C": 70.59900056888515, "epsilon": 0.4087135909706521, "gamma": 0.06340042303275645}, "datetime": {"datetime": "2021-09-18 11:12:14", "elapsed": 743.354387, "delta": 4.220355}}
{"target": -2.2291741210465466, "params": {"C": 37.55117482775867, "epsilon": 0.5979790674494115, "gamma": 0.16176285910908872}, "datetime": {"datetime": "2021-09-18 11:12:16", "elapsed": 745.340457, "delta": 1.98607}}
{"target": -2.136601554564167, "params": {"C": 70.5507210797847, "epsilon": 0.44487799508159065, "gamma": 0.10963128544083513}, "datetime": {"datetime": "2021-09-18 11:12:23", "elapsed": 752.436238, "delta": 7.095781}}
{"target": -2.0268986877246173, "params": {"C": 70.86152467592308, "epsilon": 0.4245392894783399, "gamma": 0.06050048160149474}, "datetime": {"datetime": "2021-09-18 11:12:28", "elapsed": 756.774987, "delta": 4.338749}}
{"target": -2.0612850205827256, "params": {"C": 68.72488662831039, "epsilon": 0.13573927682325312, "gamma": 0.08406589108118015}, "datetime": {"datetime": "2021-09-18 11:12:32", "elapsed": 761.454968, "delta": 4.679981}}
{"target": -2.095037492508421, "params": {"C": 70.69652768261662, "epsilon": 0.3221000130107232, "gamma": 0.08912856706669232}, "datetime": {"datetime": "2021-09-18 11:12:37", "elapsed": 766.193407, "delta": 4.738439}}
{"target": -2.2495214839295237, "params": {"C": 70.6518015028193, "epsilon": 0.4311883786671691, "gamma": 0.15398022679548845}, "datetime": {"datetime": "2021-09-18 11:12:41", "elapsed": 770.618136, "delta": 4.424729}}
{"target": -2.1618221608418113, "params": {"C": 70.81972942811419, "epsilon": 0.3924513540353798, "gamma": 0.12192051041208672}, "datetime": {"datetime": "2021-09-18 11:12:49", "elapsed": 777.762354, "delta": 7.144218}}
{"target": -2.017037973615268, "params": {"C": 68.81766507804286, "epsilon": 0.14462900155658284, "gamma": 0.06198781273370644}, "datetime": {"datetime": "2021-09-18 11:12:53", "elapsed": 782.156238, "delta": 4.393884}}
{"target": -2.0949442832678447, "params": {"C": 70.67634882590336, "epsilon": 0.41148684071961666, "gamma": 0.04163456671806172}, "datetime": {"datetime": "2021-09-18 11:13:00", "elapsed": 789.473262, "delta": 7.317024}}
{"target": -2.1860941064622157, "params": {"C": 91.86684751853926, "epsilon": 0.8020925914626169, "gamma": 0.1298692123597005}, "datetime": {"datetime": "2021-09-18 11:13:02", "elapsed": 791.355007, "delta": 1.881745}}
{"target": -2.05267708713917, "params": {"C": 68.77806610137988, "epsilon": 0.09340768206030593, "gamma": 0.07995018551777697}, "datetime": {"datetime": "2021-09-18 11:13:08", "elapsed": 796.946994, "delta": 5.591987}}
{"target": -2.7918886380986634, "params": {"C": 70.73539023959978, "epsilon": 0.31141192170480847, "gamma": 0.003443281503247443}, "datetime": {"datetime": "2021-09-18 11:13:12", "elapsed": 801.388522, "delta": 4.441528}}
{"target": -2.119210638283815, "params": {"C": 70.49552958183185, "epsilon": 0.41417196158313924, "gamma": 0.03851867724035444}, "datetime": {"datetime": "2021-09-18 11:13:19", "elapsed": 808.724045, "delta": 7.335523}}
{"target": -2.304138895690507, "params": {"C": 68.87118592255649, "epsilon": 0.16695901855120965, "gamma": 0.16802062117694608}, "datetime": {"datetime": "2021-09-18 11:13:24", "elapsed": 813.081566, "delta": 4.357521}}
{"target": -2.0923922808345794, "params": {"C": 70.58531664112928, "epsilon": 0.34059336711512717, "gamma": 0.08787188267779927}, "datetime": {"datetime": "2021-09-18 11:13:29", "elapsed": 818.648329, "delta": 5.566763}}
{"target": -2.3537455880242817, "params": {"C": 70.94168108771342, "epsilon": 0.47208052820048185, "gamma": 0.017825702234356054}, "datetime": {"datetime": "2021-09-18 11:13:36", "elapsed": 824.88016, "delta": 6.231831}}
{"target": -2.558994516600641, "params": {"C": 91.91886231586476, "epsilon": 0.572153776730737, "gamma": 0.2731582263582094}, "datetime": {"datetime": "2021-09-18 11:13:38", "elapsed": 827.038013, "delta": 2.157853}}
{"target": -2.3615638908517305, "params": {"C": 67.72670672753159, "epsilon": 1.1901899068862056, "gamma": 0.17548623780207445}, "datetime": {"datetime": "2021-09-18 11:13:40", "elapsed": 829.0179, "delta": 1.979887}}
{"target": -2.2120275362489874, "params": {"C": 97.3745484868443, "epsilon": 0.5836015531918316, "gamma": 0.13526184674469097}, "datetime": {"datetime": "2021-09-18 11:13:45", "elapsed": 834.686225, "delta": 5.668325}}
{"target": -2.5588011087186042, "params": {"C": 82.94132514593667, "epsilon": 1.489972056660234, "gamma": 0.010910315402463743}, "datetime": {"datetime": "2021-09-18 11:13:48", "elapsed": 836.832185, "delta": 2.14596}}
{"target": -2.2714781041229055, "params": {"C": 70.74269549792122, "epsilon": 0.32013372569242676, "gamma": 0.15742673410698302}, "datetime": {"datetime": "2021-09-18 11:13:53", "elapsed": 841.89878, "delta": 5.066595}}
{"target": -2.1966771085952685, "params": {"C": 67.02875363660976, "epsilon": 0.6636195353024297, "gamma": 0.1374236808250448}, "datetime": {"datetime": "2021-09-18 11:13:55", "elapsed": 843.903884, "delta": 2.005104}}
{"target": -2.186089528006469, "params": {"C": 68.88794032504104, "epsilon": 0.045679959697680295, "gamma": 0.037234247323306754}, "datetime": {"datetime": "2021-09-18 11:13:59", "elapsed": 848.67788, "delta": 4.773996}}
{"target": -2.263549119448517, "params": {"C": 57.853402949477186, "epsilon": 1.4346628394159961, "gamma": 0.1407105330512831}, "datetime": {"datetime": "2021-09-18 11:14:02", "elapsed": 850.801879, "delta": 2.123999}}
{"target": -2.288724323282498, "params": {"C": 34.29458742421357, "epsilon": 0.811477926651437, "gamma": 0.1929980510277521}, "datetime": {"datetime": "2021-09-18 11:14:04", "elapsed": 853.081442, "delta": 2.279563}}
{"target": -2.087614498542355, "params": {"C": 70.4634663710287, "epsilon": 0.3328851454132594, "gamma": 0.08660283809480558}, "datetime": {"datetime": "2021-09-18 11:14:10", "elapsed": 859.618434, "delta": 6.536992}}
{"target": -2.331738640015611, "params": {"C": 68.73943242121132, "epsilon": 0.10083251256873611, "gamma": 0.17780631487411275}, "datetime": {"datetime": "2021-09-18 11:14:17", "elapsed": 866.678984, "delta": 7.06055}}
