{"target": 0.8863678358861788, "params": {"C": 291.8713389768251, "epsilon": 0.6403332897822855, "gamma": 0.1397270982607808}, "datetime": {"datetime": "2021-09-18 14:51:09", "elapsed": 178.836063, "delta": 1.139993}}
{"target": 0.9047638634722772, "params": {"C": 224.6939943697626, "epsilon": 0.31732904208987434, "gamma": 0.09455880086332594}, "datetime": {"datetime": "2021-09-18 14:51:11", "elapsed": 179.906064, "delta": 1.070001}}
{"target": 0.8913973851424957, "params": {"C": 246.5475887850107, "epsilon": 0.6625287434864577, "gamma": 0.130411421967005}, "datetime": {"datetime": "2021-09-18 14:51:12", "elapsed": 180.98007, "delta": 1.074006}}
{"target": 0.9008416376160473, "params": {"C": 292.6341559120635, "epsilon": 0.120348001364017, "gamma": 0.0702961011887753}, "datetime": {"datetime": "2021-09-18 14:51:13", "elapsed": 182.018067, "delta": 1.037997}}
{"target": 0.9015745439249361, "params": {"C": 268.2411370881255, "epsilon": 0.6554634962198526, "gamma": 0.05870482840187638}, "datetime": {"datetime": "2021-09-18 14:51:14", "elapsed": 183.075068, "delta": 1.057001}}
{"target": 0.9051738656892054, "params": {"C": 208.13991262553282, "epsilon": 0.715437769025809, "gamma": 0.06712431689180073}, "datetime": {"datetime": "2021-09-18 14:51:15", "elapsed": 184.524067, "delta": 1.448999}}
{"target": 0.8967114068679555, "params": {"C": 218.26748576464223, "epsilon": 0.17369103294190785, "gamma": 0.05479308417846421}, "datetime": {"datetime": "2021-09-18 14:51:16", "elapsed": 185.745063, "delta": 1.220996}}
{"target": 0.8937418243939083, "params": {"C": 231.54083316592772, "epsilon": 0.7143535387595639, "gamma": 0.12472411169933385}, "datetime": {"datetime": "2021-09-18 14:51:18", "elapsed": 187.301064, "delta": 1.556001}}
{"target": 0.8863246592699876, "params": {"C": 329.90198170622267, "epsilon": 0.21036393702287495, "gamma": 0.11902177603819086}, "datetime": {"datetime": "2021-09-18 14:51:19", "elapsed": 188.411067, "delta": 1.110003}}
{"target": 0.8997471053178101, "params": {"C": 258.3726664512843, "epsilon": 0.27742082626617054, "gamma": 0.10584095708105856}, "datetime": {"datetime": "2021-09-18 14:51:20", "elapsed": 189.447105, "delta": 1.036038}}
{"target": 0.8820174059273364, "params": {"C": 296.37249227461774, "epsilon": 0.7291479573547445, "gamma": 0.14934598898464269}, "datetime": {"datetime": "2021-09-18 14:51:21", "elapsed": 190.453108, "delta": 1.006003}}
{"target": 0.8943765338565385, "params": {"C": 320.2835604822774, "epsilon": 0.6260883304951982, "gamma": 0.11048479239515169}, "datetime": {"datetime": "2021-09-18 14:51:22", "elapsed": 191.551067, "delta": 1.097959}}
{"target": 0.9098693822991162, "params": {"C": 226.03742066045265, "epsilon": 0.5809434999365595, "gamma": 0.07884005056660363}, "datetime": {"datetime": "2021-09-18 14:51:23", "elapsed": 192.672065, "delta": 1.120998}}
{"target": 0.8880647622037248, "params": {"C": 255.82060271664875, "epsilon": 0.6283467518986621, "gamma": 0.14042720529890798}, "datetime": {"datetime": "2021-09-18 14:51:24", "elapsed": 193.714103, "delta": 1.042038}}
{"target": 0.9029065766885986, "params": {"C": 231.5658768372442, "epsilon": 0.6660389822792354, "gamma": 0.062291983193292745}, "datetime": {"datetime": "2021-09-18 14:51:26", "elapsed": 195.491068, "delta": 1.776965}}
{"target": 0.8994285823804324, "params": {"C": 259.55103901159276, "epsilon": 0.6910063449148642, "gamma": 0.05518820288629725}, "datetime": {"datetime": "2021-09-18 14:51:28", "elapsed": 197.199298, "delta": 1.70823}}
{"target": 0.9065357489791052, "params": {"C": 206.78743243826705, "epsilon": 0.6263835179751899, "gamma": 0.09903768751744621}, "datetime": {"datetime": "2021-09-18 14:51:29", "elapsed": 198.859049, "delta": 1.659751}}
{"target": 0.9063660526342134, "params": {"C": 207.57957005813154, "epsilon": 0.3792648969249637, "gamma": 0.09242047493848346}, "datetime": {"datetime": "2021-09-18 14:51:31", "elapsed": 199.961674, "delta": 1.102625}}
{"target": 0.9075950790879785, "params": {"C": 226.05387643442398, "epsilon": 0.6126036787454515, "gamma": 0.09385166865957073}, "datetime": {"datetime": "2021-09-18 14:51:32", "elapsed": 201.43546, "delta": 1.473786}}
{"target": 0.8928528544227582, "params": {"C": 329.54119576764896, "epsilon": 0.7897705605369584, "gamma": 0.11771801684318055}, "datetime": {"datetime": "2021-09-18 14:51:34", "elapsed": 202.973258, "delta": 1.537798}}
{"target": 0.9091496958444767, "params": {"C": 326.18914808423716, "epsilon": 0.675810263795583, "gamma": 0.08035314975403113}, "datetime": {"datetime": "2021-09-18 14:51:35", "elapsed": 204.069257, "delta": 1.095999}}
{"target": 0.8962200785093981, "params": {"C": 218.99410379370863, "epsilon": 0.03575648711953848, "gamma": 0.12122230978610178}, "datetime": {"datetime": "2021-09-18 14:51:36", "elapsed": 205.211156, "delta": 1.141899}}
{"target": 0.8975360693250284, "params": {"C": 251.8233320036321, "epsilon": 0.5469451845656215, "gamma": 0.052008121892372874}, "datetime": {"datetime": "2021-09-18 14:51:37", "elapsed": 206.837794, "delta": 1.626638}}
{"target": 0.9002650190675042, "params": {"C": 251.82359305119968, "epsilon": 0.5458548812073201, "gamma": 0.10904171724205977}, "datetime": {"datetime": "2021-09-18 14:51:39", "elapsed": 208.70812, "delta": 1.870326}}
{"target": 0.9081993117309817, "params": {"C": 313.26581830779963, "epsilon": 0.4000361700021309, "gamma": 0.07380593480768335}, "datetime": {"datetime": "2021-09-18 14:51:41", "elapsed": 209.891116, "delta": 1.182996}}
{"target": 0.8897612612002156, "params": {"C": 313.06403542749274, "epsilon": 0.5776478035629348, "gamma": 0.12318018108855867}, "datetime": {"datetime": "2021-09-18 14:51:42", "elapsed": 211.073413, "delta": 1.182297}}
{"target": 0.9098715639936386, "params": {"C": 266.85163635974993, "epsilon": 0.5234489270553156, "gamma": 0.07453179588337674}, "datetime": {"datetime": "2021-09-18 14:51:43", "elapsed": 212.75192, "delta": 1.678507}}
{"target": 0.8913956783320413, "params": {"C": 263.6140577006007, "epsilon": 0.697005246962085, "gamma": 0.12832397373705323}, "datetime": {"datetime": "2021-09-18 14:51:44", "elapsed": 213.875879, "delta": 1.123959}}
{"target": 0.9009102393800866, "params": {"C": 259.6199954934263, "epsilon": 0.6687229459206714, "gamma": 0.05789557790816163}, "datetime": {"datetime": "2021-09-18 14:51:46", "elapsed": 215.60414, "delta": 1.728261}}
{"target": 0.9108427577927007, "params": {"C": 302.1780207374102, "epsilon": 0.7578808954271603, "gamma": 0.07809291303347174}, "datetime": {"datetime": "2021-09-18 14:51:47", "elapsed": 216.73931, "delta": 1.13517}}
{"target": 0.9002769435545142, "params": {"C": 221.9102700049324, "epsilon": 0.3425496446862072, "gamma": 0.1099280088220671}, "datetime": {"datetime": "2021-09-18 14:51:49", "elapsed": 217.938347, "delta": 1.199037}}
{"target": 0.8921855941532244, "params": {"C": 314.1101776352417, "epsilon": 0.20200755313728616, "gamma": 0.11134177296956896}, "datetime": {"datetime": "2021-09-18 14:51:50", "elapsed": 219.148717, "delta": 1.21037}}
{"target": 0.8837315063724572, "params": {"C": 249.89507478521014, "epsilon": 0.23524037515141705, "gamma": 0.1436951083094271}, "datetime": {"datetime": "2021-09-18 14:51:51", "elapsed": 220.416971, "delta": 1.268254}}
{"target": 0.9089558599422043, "params": {"C": 275.8812300658347, "epsilon": 0.49476208775129454, "gamma": 0.07860536598905919}, "datetime": {"datetime": "2021-09-18 14:51:53", "elapsed": 222.051619, "delta": 1.634648}}
{"target": 0.8943079036400406, "params": {"C": 299.79478183329917, "epsilon": 0.24210549756691074, "gamma": 0.0531108548852026}, "datetime": {"datetime": "2021-09-18 14:51:54", "elapsed": 223.229054, "delta": 1.177435}}
{"target": 0.9064253111670091, "params": {"C": 255.42039570056588, "epsilon": 0.63969560836883, "gamma": 0.06588679268938731}, "datetime": {"datetime": "2021-09-18 14:51:55", "elapsed": 224.47082, "delta": 1.241766}}
{"target": 0.8821448204135083, "params": {"C": 249.74077193573726, "epsilon": 0.08050911939388301, "gamma": 0.14893419429935464}, "datetime": {"datetime": "2021-09-18 14:51:56", "elapsed": 225.732198, "delta": 1.261378}}
{"target": 0.8827390338809498, "params": {"C": 238.64796344434166, "epsilon": 0.06883297701493925, "gamma": 0.14768561816525505}, "datetime": {"datetime": "2021-09-18 14:51:58", "elapsed": 226.993401, "delta": 1.261203}}
{"target": 0.89765136182974, "params": {"C": 296.6532126145144, "epsilon": 0.5248638147189959, "gamma": 0.1070284241623518}, "datetime": {"datetime": "2021-09-18 14:51:59", "elapsed": 228.196403, "delta": 1.203002}}
{"target": 0.9022117164866711, "params": {"C": 229.8816789445903, "epsilon": 0.12211729773073439, "gamma": 0.07449766031905092}, "datetime": {"datetime": "2021-09-18 14:52:00", "elapsed": 229.4556, "delta": 1.259197}}
{"target": 0.9008375471282979, "params": {"C": 265.6528975267572, "epsilon": 0.522052685047385, "gamma": 0.10566681900714481}, "datetime": {"datetime": "2021-09-18 14:52:01", "elapsed": 230.685989, "delta": 1.230389}}
{"target": 0.9037144355569663, "params": {"C": 211.63755905538653, "epsilon": 0.20129600284264168, "gamma": 0.0989114344147393}, "datetime": {"datetime": "2021-09-18 14:52:03", "elapsed": 231.907845, "delta": 1.221856}}
{"target": 0.9067027925017068, "params": {"C": 228.30162937789066, "epsilon": 0.6688179007927182, "gamma": 0.09893696543474331}, "datetime": {"datetime": "2021-09-18 14:52:04", "elapsed": 233.56133, "delta": 1.653485}}
{"target": 0.8978593954833118, "params": {"C": 220.19911935030933, "epsilon": 0.3737550607094671, "gamma": 0.11650130182404368}, "datetime": {"datetime": "2021-09-18 14:52:05", "elapsed": 234.822878, "delta": 1.261548}}
{"target": 0.9055474297680821, "params": {"C": 328.42835873191467, "epsilon": 0.7072799003925824, "gamma": 0.09279697771315698}, "datetime": {"datetime": "2021-09-18 14:52:07", "elapsed": 236.060673, "delta": 1.237795}}
{"target": 0.8954474389352347, "params": {"C": 302.15524194654097, "epsilon": 0.7606942718502606, "gamma": 0.11289767046202427}, "datetime": {"datetime": "2021-09-18 14:52:08", "elapsed": 237.630606, "delta": 1.569933}}
{"target": 0.8998279445782439, "params": {"C": 262.66043851155877, "epsilon": 0.04835660608225088, "gamma": 0.07334928333932325}, "datetime": {"datetime": "2021-09-18 14:52:09", "elapsed": 238.850809, "delta": 1.220203}}
{"target": 0.9093189417806071, "params": {"C": 302.2037601473056, "epsilon": 0.744855361947265, "gamma": 0.06538619543527305}, "datetime": {"datetime": "2021-09-18 14:52:11", "elapsed": 240.469867, "delta": 1.619058}}
{"target": 0.9080913497446725, "params": {"C": 252.7930132435925, "epsilon": 0.5363728096255225, "gamma": 0.08779282934555696}, "datetime": {"datetime": "2021-09-18 14:52:13", "elapsed": 242.621736, "delta": 2.151869}}
{"target": 0.886460239716482, "params": {"C": 288.20355195504334, "epsilon": 0.41749233040809935, "gamma": 0.13073337856092648}, "datetime": {"datetime": "2021-09-18 14:52:15", "elapsed": 243.914022, "delta": 1.292286}}
{"target": 0.9092465395712791, "params": {"C": 312.19723644508684, "epsilon": 0.47644030249768254, "gamma": 0.07104311246778826}, "datetime": {"datetime": "2021-09-18 14:52:16", "elapsed": 245.15911, "delta": 1.245088}}
{"target": 0.9103185081468297, "params": {"C": 282.2652454687002, "epsilon": 0.6977644013628073, "gamma": 0.07628919315633473}, "datetime": {"datetime": "2021-09-18 14:52:18", "elapsed": 246.919023, "delta": 1.759913}}
{"target": 0.9020647432391723, "params": {"C": 226.05812701575542, "epsilon": 0.5516837145913819, "gamma": 0.10798725918068672}, "datetime": {"datetime": "2021-09-18 14:52:19", "elapsed": 248.767744, "delta": 1.848721}}
{"target": 0.9032748872367771, "params": {"C": 313.72058155851073, "epsilon": 0.5127569636982685, "gamma": 0.09416077444853219}, "datetime": {"datetime": "2021-09-18 14:52:21", "elapsed": 250.046941, "delta": 1.279197}}
{"target": 0.9077616146989104, "params": {"C": 228.27779728509338, "epsilon": 0.7063571286884112, "gamma": 0.0954993859930672}, "datetime": {"datetime": "2021-09-18 14:52:23", "elapsed": 252.019045, "delta": 1.972104}}
{"target": 0.898301236314509, "params": {"C": 210.23940349269841, "epsilon": 0.3194454729667796, "gamma": 0.05788609202603806}, "datetime": {"datetime": "2021-09-18 14:52:24", "elapsed": 253.264631, "delta": 1.245586}}
{"target": 0.8975487314118772, "params": {"C": 262.56472718301643, "epsilon": 0.20145922160126764, "gamma": 0.060184597434081014}, "datetime": {"datetime": "2021-09-18 14:52:25", "elapsed": 254.52329, "delta": 1.258659}}
{"target": 0.8792138828578727, "params": {"C": 327.04519754812617, "epsilon": 0.31086575755743734, "gamma": 0.1442530225528124}, "datetime": {"datetime": "2021-09-18 14:52:26", "elapsed": 255.790323, "delta": 1.267033}}
{"target": 0.8978268431923285, "params": {"C": 243.9863489212031, "epsilon": 0.6166532862868849, "gamma": 0.11465727379083325}, "datetime": {"datetime": "2021-09-18 14:52:28", "elapsed": 257.048631, "delta": 1.258308}}
{"target": 0.8983397174000367, "params": {"C": 225.06103784469195, "epsilon": 0.578437752675637, "gamma": 0.11677186090358994}, "datetime": {"datetime": "2021-09-18 14:52:29", "elapsed": 258.192631, "delta": 1.144}}
{"target": 0.8958417243384891, "params": {"C": 299.6562379790215, "epsilon": 0.6212051022152447, "gamma": 0.1102057658808907}, "datetime": {"datetime": "2021-09-18 14:52:31", "elapsed": 260.074637, "delta": 1.882006}}
{"target": 0.9039354321369165, "params": {"C": 275.8771370855512, "epsilon": 0.46736365028703797, "gamma": 0.09676834662205203}, "datetime": {"datetime": "2021-09-18 14:52:33", "elapsed": 261.925424, "delta": 1.850787}}
{"target": 0.9075947658545311, "params": {"C": 252.82584591942893, "epsilon": 0.5306011521618231, "gamma": 0.08963856880779994}, "datetime": {"datetime": "2021-09-18 14:52:35", "elapsed": 264.06242, "delta": 2.136996}}
{"target": 0.9009317826359942, "params": {"C": 227.41987184216407, "epsilon": 0.14839142816535178, "gamma": 0.06842941786762799}, "datetime": {"datetime": "2021-09-18 14:52:36", "elapsed": 265.298425, "delta": 1.236005}}
{"target": 0.9020686692843687, "params": {"C": 285.48823007046707, "epsilon": 0.32680321017556363, "gamma": 0.09674377017595484}, "datetime": {"datetime": "2021-09-18 14:52:37", "elapsed": 266.483391, "delta": 1.184966}}
{"target": 0.9098740009397038, "params": {"C": 329.56857130075394, "epsilon": 0.7727017095521557, "gamma": 0.06466755622655475}, "datetime": {"datetime": "2021-09-18 14:52:39", "elapsed": 268.561429, "delta": 2.078038}}
{"target": 0.8836418020455458, "params": {"C": 240.21971571327975, "epsilon": 0.4049145320891506, "gamma": 0.1494773757279208}, "datetime": {"datetime": "2021-09-18 14:52:40", "elapsed": 269.857388, "delta": 1.295959}}
{"target": 0.8851521377461508, "params": {"C": 320.96398627462133, "epsilon": 0.7447448978688115, "gamma": 0.13903522880790875}, "datetime": {"datetime": "2021-09-18 14:52:42", "elapsed": 271.167385, "delta": 1.309997}}
{"target": 0.9086231108599795, "params": {"C": 257.3352263341492, "epsilon": 0.6629060356462215, "gamma": 0.08900887149649282}, "datetime": {"datetime": "2021-09-18 14:52:43", "elapsed": 272.526426, "delta": 1.359041}}
{"target": 0.9056327822497436, "params": {"C": 321.6887306668154, "epsilon": 0.6451046141090221, "gamma": 0.09099203221785032}, "datetime": {"datetime": "2021-09-18 14:52:44", "elapsed": 273.85842, "delta": 1.331994}}
{"target": 0.9021014454367555, "params": {"C": 230.14282953992944, "epsilon": 0.7289123466413331, "gamma": 0.11011684388860071}, "datetime": {"datetime": "2021-09-18 14:52:46", "elapsed": 275.172425, "delta": 1.314005}}
{"target": 0.9104179229643168, "params": {"C": 283.8982069011866, "epsilon": 0.7187748267758982, "gamma": 0.07468135771587676}, "datetime": {"datetime": "2021-09-18 14:52:47", "elapsed": 276.571422, "delta": 1.398997}}
{"target": 0.9026613310302417, "params": {"C": 311.0395802116423, "epsilon": 0.47726324197428344, "gamma": 0.0949022682620752}, "datetime": {"datetime": "2021-09-18 14:52:49", "elapsed": 278.834425, "delta": 2.263003}}
{"target": 0.8865321317234132, "params": {"C": 249.03567066951524, "epsilon": 0.27786514369420834, "gamma": 0.13332169386611753}, "datetime": {"datetime": "2021-09-18 14:52:51", "elapsed": 280.167108, "delta": 1.332683}}
{"target": 0.8970472768158806, "params": {"C": 226.06252215552195, "epsilon": 0.5950913520739595, "gamma": 0.051477135243673325}, "datetime": {"datetime": "2021-09-18 14:52:53", "elapsed": 282.570852, "delta": 2.403744}}
{"target": 0.9102023666563587, "params": {"C": 329.5883271742965, "epsilon": 0.7281260088025818, "gamma": 0.07713241748285678}, "datetime": {"datetime": "2021-09-18 14:52:55", "elapsed": 284.524271, "delta": 1.953419}}
{"target": 0.9030365404856318, "params": {"C": 329.5965239363595, "epsilon": 0.7526689438335101, "gamma": 0.09679410286864952}, "datetime": {"datetime": "2021-09-18 14:52:57", "elapsed": 286.876053, "delta": 2.351782}}
{"target": 0.880779984277501, "params": {"C": 287.5713773917241, "epsilon": 0.17187816237452344, "gamma": 0.14684169387499646}, "datetime": {"datetime": "2021-09-18 14:52:59", "elapsed": 288.340401, "delta": 1.464348}}
{"target": 0.9001676271949375, "params": {"C": 221.28484285285666, "epsilon": 0.09935089740418171, "gamma": 0.10985640412167949}, "datetime": {"datetime": "2021-09-18 14:53:00", "elapsed": 289.696432, "delta": 1.356031}}
{"target": 0.8959064928945565, "params": {"C": 275.88208980945393, "epsilon": 0.47146448716765293, "gamma": 0.05}, "datetime": {"datetime": "2021-09-18 14:53:02", "elapsed": 291.637489, "delta": 1.941057}}
{"target": 0.8930483147579861, "params": {"C": 266.8741425747641, "epsilon": 0.5350880897364664, "gamma": 0.11865306436566514}, "datetime": {"datetime": "2021-09-18 14:53:04", "elapsed": 293.715676, "delta": 2.078187}}
{"target": 0.8987401873579572, "params": {"C": 266.8270350742293, "epsilon": 0.5552301409985614, "gamma": 0.05397939933042552}, "datetime": {"datetime": "2021-09-18 14:53:06", "elapsed": 295.745452, "delta": 2.029776}}
{"target": 0.90026966678629, "params": {"C": 254.0389726098676, "epsilon": 0.3473713721327519, "gamma": 0.10571914607927854}, "datetime": {"datetime": "2021-09-18 14:53:08", "elapsed": 297.374572, "delta": 1.62912}}
{"target": 0.9063152823862939, "params": {"C": 329.5569071450934, "epsilon": 0.7381172433849527, "gamma": 0.06034873365784424}, "datetime": {"datetime": "2021-09-18 14:53:11", "elapsed": 300.252853, "delta": 2.878281}}
{"target": 0.90296146047211, "params": {"C": 209.119708958951, "epsilon": 0.753736100860443, "gamma": 0.1105418131897967}, "datetime": {"datetime": "2021-09-18 14:53:13", "elapsed": 302.300597, "delta": 2.047744}}
{"target": 0.8989500097918214, "params": {"C": 275.92208977534506, "epsilon": 0.4860628982827972, "gamma": 0.10716716486018765}, "datetime": {"datetime": "2021-09-18 14:53:15", "elapsed": 304.484898, "delta": 2.184301}}
{"target": 0.907766167500686, "params": {"C": 226.01514461700603, "epsilon": 0.608463002264092, "gamma": 0.09320134139060814}, "datetime": {"datetime": "2021-09-18 14:53:17", "elapsed": 306.43048, "delta": 1.945582}}
{"target": 0.8937901957651764, "params": {"C": 310.6853082797733, "epsilon": 0.1971353239193225, "gamma": 0.10947156244255529}, "datetime": {"datetime": "2021-09-18 14:53:19", "elapsed": 307.93985, "delta": 1.50937}}
{"target": 0.8891154078933463, "params": {"C": 234.9069601600329, "epsilon": 0.45372933704232143, "gamma": 0.13155273900423986}, "datetime": {"datetime": "2021-09-18 14:53:20", "elapsed": 309.398817, "delta": 1.458967}}
{"target": 0.8955225247705566, "params": {"C": 308.12671607722615, "epsilon": 0.5448937012186491, "gamma": 0.10850278800398921}, "datetime": {"datetime": "2021-09-18 14:53:21", "elapsed": 310.864848, "delta": 1.466031}}
{"target": 0.9087016836436266, "params": {"C": 223.33766780815492, "epsilon": 0.6706413744372557, "gamma": 0.08905473234626093}, "datetime": {"datetime": "2021-09-18 14:53:23", "elapsed": 312.200852, "delta": 1.336004}}
{"target": 0.9097704792013398, "params": {"C": 277.01362784772977, "epsilon": 0.6795611746327502, "gamma": 0.082201458648061}, "datetime": {"datetime": "2021-09-18 14:53:25", "elapsed": 314.177854, "delta": 1.977002}}
{"target": 0.9044341800990194, "params": {"C": 283.8988119016002, "epsilon": 0.6851603401740609, "gamma": 0.09929014468950517}, "datetime": {"datetime": "2021-09-18 14:53:27", "elapsed": 316.718814, "delta": 2.54096}}
{"target": 0.9063214235043231, "params": {"C": 283.8583929578551, "epsilon": 0.6989889063729859, "gamma": 0.06316110890234197}, "datetime": {"datetime": "2021-09-18 14:53:30", "elapsed": 319.006827, "delta": 2.288013}}
{"target": 0.9100967442279021, "params": {"C": 277.0275600046022, "epsilon": 0.6453244019199604, "gamma": 0.07799512112689216}, "datetime": {"datetime": "2021-09-18 14:53:31", "elapsed": 320.833819, "delta": 1.826992}}
{"target": 0.9008642007071153, "params": {"C": 266.87743971533894, "epsilon": 0.5425650162088768, "gamma": 0.05808225418084065}, "datetime": {"datetime": "2021-09-18 14:53:34", "elapsed": 323.112814, "delta": 2.278995}}
{"target": 0.9019305382185792, "params": {"C": 202.36092071290105, "epsilon": 0.36347046722395887, "gamma": 0.10820026652578506}, "datetime": {"datetime": "2021-09-18 14:53:35", "elapsed": 324.521814, "delta": 1.409}}
{"target": 0.9013203045163314, "params": {"C": 226.5201758889551, "epsilon": 0.4080962674396273, "gamma": 0.06266884062587655}, "datetime": {"datetime": "2021-09-18 14:53:37", "elapsed": 325.952729, "delta": 1.430915}}
{"target": 0.9079570006721903, "params": {"C": 275.9034701864352, "epsilon": 0.42456932539776593, "gamma": 0.08051650190717573}, "datetime": {"datetime": "2021-09-18 14:53:39", "elapsed": 328.063817, "delta": 2.111088}}
{"target": 0.8815831030001556, "params": {"C": 253.1461521978029, "epsilon": 0.02989326556507893, "gamma": 0.14863037887087682}, "datetime": {"datetime": "2021-09-18 14:53:40", "elapsed": 329.612413, "delta": 1.548596}}
