{"target": 0.6026810049123665, "params": {"C": 24.37052181524329, "epsilon": 9.11453343342664, "gamma": 0.07171063147114531}, "datetime": {"datetime": "2021-09-18 12:51:15", "elapsed": 1586.395646, "delta": 12.173581}}
{"target": 0.8114094329339461, "params": {"C": 67.92480888271592, "epsilon": 0.0016859936259165861, "gamma": 0.002567726044975299}, "datetime": {"datetime": "2021-09-18 12:51:21", "elapsed": 1592.605121, "delta": 6.209475}}
{"target": 0.6531916334031702, "params": {"C": 24.05448792148588, "epsilon": 7.205528025467814, "gamma": 0.16798092202224638}, "datetime": {"datetime": "2021-09-18 12:51:27", "elapsed": 1598.041787, "delta": 5.436666}}
{"target": 0.5828356160280983, "params": {"C": 89.28144010481117, "epsilon": 0.0001, "gamma": 0.0001}, "datetime": {"datetime": "2021-09-18 12:51:32", "elapsed": 1603.2378, "delta": 5.196013}}
{"target": -0.09955229863912973, "params": {"C": 70.77264866036667, "epsilon": 17.061311493178412, "gamma": 0.03701645493080484}, "datetime": {"datetime": "2021-09-18 12:51:37", "elapsed": 1608.297954, "delta": 5.060154}}
{"target": 0.7171032656776276, "params": {"C": 38.39705377632886, "epsilon": 8.03655668642588, "gamma": 0.023159268502301794}, "datetime": {"datetime": "2021-09-18 12:51:42", "elapsed": 1613.181638, "delta": 4.883684}}
{"target": 0.7482618044932628, "params": {"C": 30.172175825397566, "epsilon": 7.167475312651974, "gamma": 0.03038282637582972}, "datetime": {"datetime": "2021-09-18 12:51:47", "elapsed": 1618.466938, "delta": 5.2853}}
{"target": 0.3118979656799832, "params": {"C": 37.85902445651431, "epsilon": 8.245849175875964, "gamma": 1.0}, "datetime": {"datetime": "2021-09-18 12:51:53", "elapsed": 1623.80079, "delta": 5.333852}}
{"target": 0.6059987495057954, "params": {"C": 86.28270858534988, "epsilon": 6.645097508199692, "gamma": 0.00034287948473886486}, "datetime": {"datetime": "2021-09-18 12:52:03", "elapsed": 1633.928122, "delta": 10.127332}}
{"target": 0.6949068470847972, "params": {"C": 39.57667035608748, "epsilon": 8.730961081994547, "gamma": 0.039618733161886764}, "datetime": {"datetime": "2021-09-18 12:52:14", "elapsed": 1645.595134, "delta": 11.667012}}
{"target": 0.5390858919706119, "params": {"C": 28.01252787636505, "epsilon": 0.03904282467045419, "gamma": 0.998682747911684}, "datetime": {"datetime": "2021-09-18 12:52:20", "elapsed": 1650.847944, "delta": 5.25281}}
{"target": 0.7434890440890429, "params": {"C": 77.0818533113869, "epsilon": 5.910964170672805, "gamma": 0.0015143744062021782}, "datetime": {"datetime": "2021-09-18 12:52:26", "elapsed": 1657.648099, "delta": 6.800155}}
{"target": 0.4010892197478608, "params": {"C": 38.93807639583281, "epsilon": 7.016489979644223, "gamma": 0.0001}, "datetime": {"datetime": "2021-09-18 12:52:31", "elapsed": 1662.472525, "delta": 4.824426}}
{"target": 0.3137501286233322, "params": {"C": 86.88080328174505, "epsilon": 8.28426586040297, "gamma": 0.9812367185317312}, "datetime": {"datetime": "2021-09-18 12:52:39", "elapsed": 1670.106584, "delta": 7.634059}}
{"target": 0.6473365554205972, "params": {"C": 49.47464124491934, "epsilon": 9.414935429162824, "gamma": 0.015418504886654635}, "datetime": {"datetime": "2021-09-18 12:52:49", "elapsed": 1679.858628, "delta": 9.752044}}
{"target": 0.48607404938836263, "params": {"C": 56.45855160278379, "epsilon": 5.250332490847208, "gamma": 0.0001}, "datetime": {"datetime": "2021-09-18 12:52:54", "elapsed": 1685.238886, "delta": 5.380258}}
{"target": 0.4693436104539338, "params": {"C": 73.75008825460701, "epsilon": 7.002851559236906, "gamma": 0.0001}, "datetime": {"datetime": "2021-09-18 12:53:02", "elapsed": 1693.646392, "delta": 8.407506}}
{"target": 0.26014343530122896, "params": {"C": 43.916952218124464, "epsilon": 9.408190669256255, "gamma": 1.0}, "datetime": {"datetime": "2021-09-18 12:53:08", "elapsed": 1698.83781, "delta": 5.191418}}
{"target": 0.08202943789370465, "params": {"C": 63.45861140596942, "epsilon": 12.903848642004295, "gamma": 0.939185289156813}, "datetime": {"datetime": "2021-09-18 12:53:13", "elapsed": 1703.939488, "delta": 5.101678}}
{"target": 0.5250394560290721, "params": {"C": 66.69402868832368, "epsilon": 4.230751971531334, "gamma": 0.0001}, "datetime": {"datetime": "2021-09-18 12:53:25", "elapsed": 1716.081918, "delta": 12.14243}}
{"target": 0.5960224285121891, "params": {"C": 100.0, "epsilon": 0.0001, "gamma": 0.0001}, "datetime": {"datetime": "2021-09-18 12:53:32", "elapsed": 1723.094837, "delta": 7.012919}}
{"target": 0.6921839365162907, "params": {"C": 67.51810251701615, "epsilon": 5.2355094062176, "gamma": 0.25041149209711094}, "datetime": {"datetime": "2021-09-18 12:53:38", "elapsed": 1728.800457, "delta": 5.70562}}
{"target": 0.8243697617700048, "params": {"C": 75.33194669071338, "epsilon": 3.8073145833832203, "gamma": 0.11645017233374953}, "datetime": {"datetime": "2021-09-18 12:53:44", "elapsed": 1735.528596, "delta": 6.728139}}
{"target": 0.26230283322528547, "params": {"C": 68.91776430413113, "epsilon": 9.401766809839424, "gamma": 0.9891976335801796}, "datetime": {"datetime": "2021-09-18 12:53:54", "elapsed": 1745.412727, "delta": 9.884131}}
{"target": 0.46952966119927453, "params": {"C": 44.984017999361335, "epsilon": 4.952538216711525, "gamma": 0.0001}, "datetime": {"datetime": "2021-09-18 12:54:00", "elapsed": 1750.799545, "delta": 5.386818}}
{"target": 0.9005671916480876, "params": {"C": 72.3830927122619, "epsilon": 1.1281113168481844, "gamma": 0.0686782982596471}, "datetime": {"datetime": "2021-09-18 12:54:05", "elapsed": 1756.323559, "delta": 5.524014}}
{"target": 0.8968970846363776, "params": {"C": 72.47768126909004, "epsilon": 2.3011752673855725, "gamma": 0.06437108589426406}, "datetime": {"datetime": "2021-09-18 12:54:10", "elapsed": 1761.696796, "delta": 5.373237}}
{"target": 0.8555632673696236, "params": {"C": 71.90855785234412, "epsilon": 1.7015315060123215, "gamma": 0.14997935587497166}, "datetime": {"datetime": "2021-09-18 12:54:17", "elapsed": 1768.480094, "delta": 6.783298}}
{"target": 0.8488120119028904, "params": {"C": 71.50662758234174, "epsilon": 2.5700517136393577, "gamma": 0.007732436838292543}, "datetime": {"datetime": "2021-09-18 12:54:22", "elapsed": 1773.554301, "delta": 5.074207}}
{"target": 0.5761811088857733, "params": {"C": 71.99179731519493, "epsilon": 3.011548455365516, "gamma": 0.712624082022334}, "datetime": {"datetime": "2021-09-18 12:54:31", "elapsed": 1782.018941, "delta": 8.46464}}
{"target": 0.5500167054205596, "params": {"C": 72.66645780603339, "epsilon": 1.8628200546322333, "gamma": 0.8765825570770748}, "datetime": {"datetime": "2021-09-18 12:54:36", "elapsed": 1787.341665, "delta": 5.322724}}
{"target": 0.8907870593424281, "params": {"C": 70.80369399962458, "epsilon": 1.0523195305219366, "gamma": 0.03168889824046402}, "datetime": {"datetime": "2021-09-18 12:54:43", "elapsed": 1794.784497, "delta": 7.442832}}
{"target": 0.8885181943241027, "params": {"C": 70.23563007509428, "epsilon": 1.3914474292565326, "gamma": 0.09877168850703558}, "datetime": {"datetime": "2021-09-18 12:54:49", "elapsed": 1800.290219, "delta": 5.505722}}
{"target": 0.8331749649472324, "params": {"C": 71.11679042466116, "epsilon": 1.9969286293707904, "gamma": 0.0038934354503022462}, "datetime": {"datetime": "2021-09-18 12:54:58", "elapsed": 1808.88798, "delta": 8.597761}}
{"target": 0.87970730055475, "params": {"C": 73.47821062168696, "epsilon": 3.2342222869354607, "gamma": 0.07095888025232047}, "datetime": {"datetime": "2021-09-18 12:55:04", "elapsed": 1815.474186, "delta": 6.586206}}
{"target": 0.5508684146149012, "params": {"C": 70.2206403968317, "epsilon": 1.1154635991333417, "gamma": 0.9121818010103716}, "datetime": {"datetime": "2021-09-18 12:55:09", "elapsed": 1820.426182, "delta": 4.951996}}
{"target": 0.8975728176785044, "params": {"C": 71.73261710401208, "epsilon": 0.8982901619232889, "gamma": 0.08785653722885142}, "datetime": {"datetime": "2021-09-18 12:55:16", "elapsed": 1826.920902, "delta": 6.49472}}
{"target": 0.2283544167802093, "params": {"C": 49.50207102655936, "epsilon": 10.190420517469533, "gamma": 0.9679676008118792}, "datetime": {"datetime": "2021-09-18 12:55:22", "elapsed": 1833.132743, "delta": 6.211841}}
{"target": 0.7025762999423487, "params": {"C": 58.98319877251108, "epsilon": 5.503781237472801, "gamma": 0.21699171314533253}, "datetime": {"datetime": "2021-09-18 12:55:27", "elapsed": 1838.642132, "delta": 5.509389}}
{"target": 0.663620795673584, "params": {"C": 78.61143759982438, "epsilon": 8.905235629103831, "gamma": 0.008739084861481793}, "datetime": {"datetime": "2021-09-18 12:55:35", "elapsed": 1845.883677, "delta": 7.241545}}
{"target": 0.8237093005668754, "params": {"C": 6.0841777118356735, "epsilon": 0.024383929115897, "gamma": 0.032447797673534826}, "datetime": {"datetime": "2021-09-18 12:55:46", "elapsed": 1857.695518, "delta": 11.811841}}
{"target": 0.3249195483447541, "params": {"C": 6.366513978220584, "epsilon": 0.17675687884254299, "gamma": 0.9451348243476906}, "datetime": {"datetime": "2021-09-18 12:55:52", "elapsed": 1863.686145, "delta": 5.990627}}
{"target": 0.34872230216052946, "params": {"C": 20.63114511232618, "epsilon": 0.7437021875901229, "gamma": 0.0001}, "datetime": {"datetime": "2021-09-18 12:56:00", "elapsed": 1870.969143, "delta": 7.282998}}
{"target": 0.5234672459458913, "params": {"C": 54.202376234456736, "epsilon": 3.035603373994156, "gamma": 0.0001}, "datetime": {"datetime": "2021-09-18 12:56:05", "elapsed": 1876.695176, "delta": 5.726033}}
{"target": -0.12163593310538645, "params": {"C": 2.4770164076883314, "epsilon": 17.764467780797343, "gamma": 1.0}, "datetime": {"datetime": "2021-09-18 12:56:19", "elapsed": 1889.977604, "delta": 13.282428}}
{"target": 0.3838729794130331, "params": {"C": 23.420139540158164, "epsilon": 3.7382707856974817, "gamma": 0.0001}, "datetime": {"datetime": "2021-09-18 12:56:25", "elapsed": 1896.266222, "delta": 6.288618}}
{"target": 0.3821385370006961, "params": {"C": 30.918827505269384, "epsilon": 6.5578903284550085, "gamma": 1.0}, "datetime": {"datetime": "2021-09-18 12:56:33", "elapsed": 1904.615923, "delta": 8.349701}}
{"target": 0.4842890535525394, "params": {"C": 43.804747771563704, "epsilon": 1.6461751434958565, "gamma": 0.0001}, "datetime": {"datetime": "2021-09-18 12:56:40", "elapsed": 1911.192467, "delta": 6.576544}}
{"target": 0.8814636021511141, "params": {"C": 55.30434765761647, "epsilon": 1.806601945679206, "gamma": 0.03039184781918491}, "datetime": {"datetime": "2021-09-18 12:56:48", "elapsed": 1918.869512, "delta": 7.677045}}
{"target": 0.4528767444157299, "params": {"C": 24.438365584774004, "epsilon": 4.501442026702914, "gamma": 1.0}, "datetime": {"datetime": "2021-09-18 12:56:57", "elapsed": 1928.582614, "delta": 9.713102}}
{"target": 0.8713084976855702, "params": {"C": 94.16882707863338, "epsilon": 0.7030197133207339, "gamma": 0.011210030214360152}, "datetime": {"datetime": "2021-09-18 12:57:05", "elapsed": 1935.826983, "delta": 7.244369}}
{"target": 0.7903049135822238, "params": {"C": 46.262879648155156, "epsilon": 5.434093043989511, "gamma": 0.08328963747311184}, "datetime": {"datetime": "2021-09-18 12:57:13", "elapsed": 1944.547702, "delta": 8.720719}}
{"target": 0.8817250906342406, "params": {"C": 72.72232597091015, "epsilon": 0.3795049975139003, "gamma": 0.020106542468209063}, "datetime": {"datetime": "2021-09-18 12:57:21", "elapsed": 1952.691056, "delta": 8.143354}}
{"target": 0.3110909329916556, "params": {"C": 18.940551018412098, "epsilon": 8.26421687564411, "gamma": 1.0}, "datetime": {"datetime": "2021-09-18 12:57:36", "elapsed": 1966.87677, "delta": 14.185714}}
{"target": 0.2634358091911332, "params": {"C": 15.53297286099152, "epsilon": 9.510347773027794, "gamma": 0.9543642301970742}, "datetime": {"datetime": "2021-09-18 12:57:45", "elapsed": 1976.097771, "delta": 9.221001}}
{"target": 0.4541914875290435, "params": {"C": 17.11027472768069, "epsilon": 3.3418644730761966, "gamma": 0.9849240661210947}, "datetime": {"datetime": "2021-09-18 12:57:51", "elapsed": 1982.036779, "delta": 5.939008}}
{"target": 0.8972027935842215, "params": {"C": 73.13301357325557, "epsilon": 2.378106736861433, "gamma": 0.06067055824717064}, "datetime": {"datetime": "2021-09-18 12:57:57", "elapsed": 1988.11473, "delta": 6.077951}}
{"target": 0.7408867845574965, "params": {"C": 44.187185888722716, "epsilon": 6.7856194635861815, "gamma": 0.0031800490913991434}, "datetime": {"datetime": "2021-09-18 12:58:03", "elapsed": 1993.914764, "delta": 5.800034}}
{"target": 0.38944116225606995, "params": {"C": 43.07862502589667, "epsilon": 7.194060476956456, "gamma": 0.855150073051502}, "datetime": {"datetime": "2021-09-18 12:58:10", "elapsed": 2001.563768, "delta": 7.649004}}
{"target": 0.42653491117740894, "params": {"C": 45.1599238630077, "epsilon": 6.741001411996579, "gamma": 0.0001}, "datetime": {"datetime": "2021-09-18 12:58:16", "elapsed": 2007.255772, "delta": 5.692004}}
{"target": -0.2027656748102029, "params": {"C": 7.508571154464175, "epsilon": 20.0, "gamma": 0.0001}, "datetime": {"datetime": "2021-09-18 12:58:24", "elapsed": 2015.260956, "delta": 8.005184}}
{"target": 0.7980545269220338, "params": {"C": 94.20259043025172, "epsilon": 6.373817504676332, "gamma": 0.052481774039918945}, "datetime": {"datetime": "2021-09-18 12:58:32", "elapsed": 2022.995178, "delta": 7.734222}}
{"target": 0.39664688977294416, "params": {"C": 25.76060430828102, "epsilon": 1.8494770809438832, "gamma": 0.0001}, "datetime": {"datetime": "2021-09-18 12:58:39", "elapsed": 2030.256209, "delta": 7.261031}}
{"target": 0.5431666172196836, "params": {"C": 26.34604057430367, "epsilon": 0.5232996474512859, "gamma": 0.9657962883213339}, "datetime": {"datetime": "2021-09-18 12:58:47", "elapsed": 2038.325878, "delta": 8.069669}}
{"target": 0.8884116055453777, "params": {"C": 53.599687122814046, "epsilon": 1.7399778092646092, "gamma": 0.037218184196353796}, "datetime": {"datetime": "2021-09-18 12:58:54", "elapsed": 2045.775872, "delta": 7.449994}}
{"target": 0.5274419150818064, "params": {"C": 24.54174270543543, "epsilon": 0.0001, "gamma": 1.0}, "datetime": {"datetime": "2021-09-18 12:59:01", "elapsed": 2052.121517, "delta": 6.345645}}
{"target": 0.5598294763965588, "params": {"C": 72.74007635150173, "epsilon": 2.9608422159930434, "gamma": 0.0001}, "datetime": {"datetime": "2021-09-18 12:59:09", "elapsed": 2060.448866, "delta": 8.327349}}
{"target": 0.8612823870301425, "params": {"C": 27.96543567150869, "epsilon": 2.2723715837227307, "gamma": 0.0222465560893189}, "datetime": {"datetime": "2021-09-18 12:59:18", "elapsed": 2069.395336, "delta": 8.94647}}
{"target": 0.5571003924635218, "params": {"C": 76.45897563955869, "epsilon": 0.5126150378050517, "gamma": 0.0001}, "datetime": {"datetime": "2021-09-18 12:59:25", "elapsed": 2076.760377, "delta": 7.365041}}
{"target": 0.535624568574494, "params": {"C": 57.525918361002645, "epsilon": 2.3684262322557874, "gamma": 0.893641368526403}, "datetime": {"datetime": "2021-09-18 12:59:32", "elapsed": 2083.344407, "delta": 6.58403}}
{"target": 0.8447473759295486, "params": {"C": 72.8148410817961, "epsilon": 1.7773326816475683, "gamma": 0.0059013906727718}, "datetime": {"datetime": "2021-09-18 12:59:42", "elapsed": 2092.950703, "delta": 9.606296}}
{"target": 0.8888400869614074, "params": {"C": 73.76711096326521, "epsilon": 2.64286782716455, "gamma": 0.03901037021017919}, "datetime": {"datetime": "2021-09-18 12:59:48", "elapsed": 2099.0467, "delta": 6.095997}}
{"target": 0.6894698877110143, "params": {"C": 66.11945952542068, "epsilon": 0.0001, "gamma": 0.5409167213113081}, "datetime": {"datetime": "2021-09-18 12:59:54", "elapsed": 2105.068705, "delta": 6.022005}}
{"target": 0.818707629180108, "params": {"C": 6.650854701709088, "epsilon": 1.2572910412133744, "gamma": 0.04904288462289453}, "datetime": {"datetime": "2021-09-18 13:00:04", "elapsed": 2115.167809, "delta": 10.099104}}
{"target": 0.7107074223212968, "params": {"C": 94.43041259688128, "epsilon": 7.412080823428285, "gamma": 0.08390502505706475}, "datetime": {"datetime": "2021-09-18 13:00:10", "elapsed": 2121.509656, "delta": 6.341847}}
{"target": -0.07422576108503098, "params": {"C": 15.575397353273994, "epsilon": 17.154959691345145, "gamma": 0.08661235865544221}, "datetime": {"datetime": "2021-09-18 13:00:17", "elapsed": 2127.970616, "delta": 6.46096}}
{"target": 0.48081592718901556, "params": {"C": 59.25153366566652, "epsilon": 4.54409385964962, "gamma": 0.8831177086441413}, "datetime": {"datetime": "2021-09-18 13:00:23", "elapsed": 2134.17266, "delta": 6.202044}}
{"target": 0.5191481395257709, "params": {"C": 58.741284953853864, "epsilon": 0.6764426311081743, "gamma": 0.0001}, "datetime": {"datetime": "2021-09-18 13:00:29", "elapsed": 2140.286664, "delta": 6.114004}}
{"target": 0.7729105406722745, "params": {"C": 31.396821362882246, "epsilon": 5.348189924684431, "gamma": 0.003915823120073503}, "datetime": {"datetime": "2021-09-18 13:00:37", "elapsed": 2148.52252, "delta": 8.235856}}
{"target": 0.8347206962236531, "params": {"C": 54.37231721243869, "epsilon": 0.48422412912547264, "gamma": 0.004584893851228171}, "datetime": {"datetime": "2021-09-18 13:00:45", "elapsed": 2156.473775, "delta": 7.951255}}
{"target": 0.8852035083726354, "params": {"C": 57.82879454329267, "epsilon": 0.033583851312651986, "gamma": 0.1273710245533678}, "datetime": {"datetime": "2021-09-18 13:00:53", "elapsed": 2164.687606, "delta": 8.213831}}
{"target": 0.7250577929577677, "params": {"C": 60.058090103274836, "epsilon": 0.06512536685727845, "gamma": 0.4561982614709615}, "datetime": {"datetime": "2021-09-18 13:01:07", "elapsed": 2178.076621, "delta": 13.389015}}
{"target": 0.44545383011693207, "params": {"C": 84.15874421337105, "epsilon": 5.065480759079925, "gamma": 0.9589286850812709}, "datetime": {"datetime": "2021-09-18 13:01:13", "elapsed": 2184.434663, "delta": 6.358042}}
{"target": -0.16597450347435028, "params": {"C": 54.34335285760117, "epsilon": 19.986109314555076, "gamma": 0.006715948411008993}, "datetime": {"datetime": "2021-09-18 13:01:20", "elapsed": 2190.840277, "delta": 6.405614}}
{"target": 0.8708417763915474, "params": {"C": 89.89022907978466, "epsilon": 1.2884626746933516, "gamma": 0.01639842357627972}, "datetime": {"datetime": "2021-09-18 13:01:26", "elapsed": 2197.396739, "delta": 6.556462}}
{"target": 0.43516494693914753, "params": {"C": 10.555638922646335, "epsilon": 3.3285678231946885, "gamma": 0.798363439066912}, "datetime": {"datetime": "2021-09-18 13:01:34", "elapsed": 2204.841374, "delta": 7.444635}}
{"target": 0.4143114533183001, "params": {"C": 47.0182580174067, "epsilon": 7.427734389340975, "gamma": 0.0001}, "datetime": {"datetime": "2021-09-18 13:01:40", "elapsed": 2211.481926, "delta": 6.640552}}
{"target": 0.1980564683849304, "params": {"C": 45.701171133675274, "epsilon": 13.649962337596357, "gamma": 0.06243263352697316}, "datetime": {"datetime": "2021-09-18 13:01:52", "elapsed": 2222.944727, "delta": 11.462801}}
{"target": 0.8749983486182971, "params": {"C": 92.07549996974541, "epsilon": 1.021087495635704, "gamma": 0.017882680818477978}, "datetime": {"datetime": "2021-09-18 13:01:59", "elapsed": 2230.351608, "delta": 7.406881}}
{"target": 0.8308635197285505, "params": {"C": 29.14581781381973, "epsilon": 3.5993794387199625, "gamma": 0.008242570686211762}, "datetime": {"datetime": "2021-09-18 13:02:06", "elapsed": 2236.956758, "delta": 6.60515}}
{"target": 0.7979473963495305, "params": {"C": 47.573750407379634, "epsilon": 5.436490079677036, "gamma": 0.005343172037466602}, "datetime": {"datetime": "2021-09-18 13:02:12", "elapsed": 2243.052621, "delta": 6.095863}}
{"target": 0.541220651443469, "params": {"C": 85.53715569741271, "epsilon": 5.260636855662681, "gamma": 0.0001}, "datetime": {"datetime": "2021-09-18 13:02:24", "elapsed": 2255.395618, "delta": 12.342997}}
{"target": 0.22721920568084897, "params": {"C": 9.49246911278611, "epsilon": 0.0001, "gamma": 0.0001}, "datetime": {"datetime": "2021-09-18 13:02:32", "elapsed": 2263.682391, "delta": 8.286773}}
{"target": 0.48408082826146537, "params": {"C": 28.648499372493216, "epsilon": 4.010281299223358, "gamma": 0.931234050280585}, "datetime": {"datetime": "2021-09-18 13:02:41", "elapsed": 2272.008677, "delta": 8.326286}}
{"target": 0.5215575125921527, "params": {"C": 64.92468633998793, "epsilon": 4.293356826967988, "gamma": 0.0001}, "datetime": {"datetime": "2021-09-18 13:02:48", "elapsed": 2278.832546, "delta": 6.823869}}
{"target": 0.8366429611195334, "params": {"C": 8.521381069810122, "epsilon": 1.215577519217666, "gamma": 0.05840818919756103}, "datetime": {"datetime": "2021-09-18 13:02:57", "elapsed": 2287.967577, "delta": 9.135031}}
{"target": 0.8729333432839281, "params": {"C": 87.44037238884066, "epsilon": 2.8110867358080722, "gamma": 0.023360181592040404}, "datetime": {"datetime": "2021-09-18 13:03:06", "elapsed": 2297.614668, "delta": 9.647091}}
{"target": 0.5290682183347346, "params": {"C": 59.20498923835592, "epsilon": 1.8137886439346789, "gamma": 0.0001}, "datetime": {"datetime": "2021-09-18 13:03:13", "elapsed": 2304.298222, "delta": 6.683554}}
{"target": 0.49870861298733016, "params": {"C": 49.423953044122165, "epsilon": 2.4694965452400464, "gamma": 0.0001}, "datetime": {"datetime": "2021-09-18 13:03:22", "elapsed": 2313.190291, "delta": 8.892069}}
{"target": 0.004033489850307381, "params": {"C": 75.74946373489495, "epsilon": 15.572524385662767, "gamma": 0.13273678922639445}, "datetime": {"datetime": "2021-09-18 13:03:32", "elapsed": 2323.430925, "delta": 10.240634}}
{"target": 0.7568052620627997, "params": {"C": 85.49425050431122, "epsilon": 3.6169547050366226, "gamma": 0.2302904962155877}, "datetime": {"datetime": "2021-09-18 13:03:48", "elapsed": 2339.635613, "delta": 16.204688}}
{"target": -0.011542854515227408, "params": {"C": 57.06630781702759, "epsilon": 15.751826111945247, "gamma": 0.031941870715696936}, "datetime": {"datetime": "2021-09-18 13:04:00", "elapsed": 2351.371087, "delta": 11.735474}}
