{"target": -12.617546929609466, "params": {"C": 125.63696306840022, "epsilon": 0.01808934819689399, "gamma": 0.133245912898834}, "datetime": {"datetime": "2021-09-27 18:20:36", "elapsed": 120.606046, "delta": 0.944619}}
{"target": -10.98188549764996, "params": {"C": 135.01848064327294, "epsilon": 0.37810544579288313, "gamma": 0.022999908170551184}, "datetime": {"datetime": "2021-09-27 18:20:37", "elapsed": 121.694042, "delta": 1.087996}}
{"target": -11.36797969279753, "params": {"C": 102.8357565962891, "epsilon": 0.3105331783041662, "gamma": 0.007408311428439671}, "datetime": {"datetime": "2021-09-27 18:20:38", "elapsed": 123.026274, "delta": 1.332232}}
{"target": -11.296971251576112, "params": {"C": 165.59916473382924, "epsilon": 0.1496939840696384, "gamma": 0.02202644267132427}, "datetime": {"datetime": "2021-09-27 18:20:40", "elapsed": 124.19928, "delta": 1.173006}}
{"target": -12.325537930330755, "params": {"C": 293.2581641125729, "epsilon": 0.2803172436768266, "gamma": 0.09294804489684921}, "datetime": {"datetime": "2021-09-27 18:20:41", "elapsed": 125.079273, "delta": 0.879993}}
{"target": -11.06259595068653, "params": {"C": 135.28057059214143, "epsilon": 0.2273343887750824, "gamma": 0.01840489662011903}, "datetime": {"datetime": "2021-09-27 18:20:42", "elapsed": 126.31338, "delta": 1.234107}}
{"target": -11.011220082974981, "params": {"C": 135.05143722726606, "epsilon": 0.44105073523314153, "gamma": 0.02467380713145929}, "datetime": {"datetime": "2021-09-27 18:20:43", "elapsed": 127.754377, "delta": 1.440997}}
{"target": -11.67221237058289, "params": {"C": 135.10615011654502, "epsilon": 0.4670550017486657, "gamma": 0.10325091493354542}, "datetime": {"datetime": "2021-09-27 18:20:44", "elapsed": 128.898548, "delta": 1.144171}}
{"target": -11.071757335999518, "params": {"C": 181.3186202541528, "epsilon": 0.33587258381024493, "gamma": 0.017553106160276156}, "datetime": {"datetime": "2021-09-27 18:20:45", "elapsed": 129.763547, "delta": 0.864999}}
{"target": -13.036322630841784, "params": {"C": 102.71820781238088, "epsilon": 0.35447082439042876, "gamma": 0.16182091183559497}, "datetime": {"datetime": "2021-09-27 18:20:46", "elapsed": 131.011822, "delta": 1.248275}}
{"target": -13.952163784785071, "params": {"C": 239.77331929637506, "epsilon": 0.008588357199862996, "gamma": 0.001}, "datetime": {"datetime": "2021-09-27 18:20:48", "elapsed": 132.286538, "delta": 1.274716}}
{"target": -10.829106031602482, "params": {"C": 162.43143709675618, "epsilon": 0.4017016644951074, "gamma": 0.06170969651908883}, "datetime": {"datetime": "2021-09-27 18:20:49", "elapsed": 133.201849, "delta": 0.915311}}
{"target": -10.289697125441648, "params": {"C": 162.4526958818233, "epsilon": 0.28981326040085165, "gamma": 0.0415718372454184}, "datetime": {"datetime": "2021-09-27 18:20:50", "elapsed": 134.273813, "delta": 1.071964}}
{"target": -10.984372753302948, "params": {"C": 162.45388117341048, "epsilon": 0.35990616384282453, "gamma": 0.08258420662970664}, "datetime": {"datetime": "2021-09-27 18:20:51", "elapsed": 135.463816, "delta": 1.190003}}
{"target": -12.036530949659456, "params": {"C": 135.27691234598615, "epsilon": 0.4172943156583619, "gamma": 0.11086288258898921}, "datetime": {"datetime": "2021-09-27 18:20:52", "elapsed": 136.694624, "delta": 1.230808}}
{"target": -11.083280619103252, "params": {"C": 162.36582090701657, "epsilon": 0.22517856261248692, "gamma": 0.07710686270273234}, "datetime": {"datetime": "2021-09-27 18:20:53", "elapsed": 137.906622, "delta": 1.211998}}
{"target": -11.855242052282518, "params": {"C": 102.83520218882096, "epsilon": 0.46022521299959085, "gamma": 0.004595071801671195}, "datetime": {"datetime": "2021-09-27 18:20:55", "elapsed": 139.105419, "delta": 1.198797}}
{"target": -11.29655878558514, "params": {"C": 162.34306450831403, "epsilon": 0.3068050507964785, "gamma": 0.013685075854183201}, "datetime": {"datetime": "2021-09-27 18:20:56", "elapsed": 140.430944, "delta": 1.325525}}
{"target": -11.141736490238545, "params": {"C": 162.37023191971036, "epsilon": 0.32044003007299693, "gamma": 0.08860079816961554}, "datetime": {"datetime": "2021-09-27 18:20:57", "elapsed": 141.823942, "delta": 1.392998}}
{"target": -13.117142496748455, "params": {"C": 165.6925629324164, "epsilon": 0.18744533209707143, "gamma": 0.13594197964621602}, "datetime": {"datetime": "2021-09-27 18:20:59", "elapsed": 143.428547, "delta": 1.604605}}
{"target": -14.787211604840204, "params": {"C": 150.01846837936824, "epsilon": 0.11729817706502257, "gamma": 0.32633780227150416}, "datetime": {"datetime": "2021-09-27 18:21:00", "elapsed": 144.445729, "delta": 1.017182}}
{"target": -12.454123272114204, "params": {"C": 162.48074481032603, "epsilon": 0.2340957930436789, "gamma": 0.11586080276461046}, "datetime": {"datetime": "2021-09-27 18:21:02", "elapsed": 146.179904, "delta": 1.734175}}
{"target": -10.65691254914889, "params": {"C": 165.54642445114172, "epsilon": 0.2670715091207907, "gamma": 0.05437020585350745}, "datetime": {"datetime": "2021-09-27 18:21:03", "elapsed": 147.611903, "delta": 1.431999}}
{"target": -13.17921480397452, "params": {"C": 165.5133395915735, "epsilon": 0.3410552722747024, "gamma": 0.1396606040382406}, "datetime": {"datetime": "2021-09-27 18:21:04", "elapsed": 148.869707, "delta": 1.257804}}
{"target": -11.00665737796666, "params": {"C": 151.018082856387, "epsilon": 0.2968404028776297, "gamma": 0.08076155152015439}, "datetime": {"datetime": "2021-09-27 18:21:05", "elapsed": 149.895704, "delta": 1.025997}}
{"target": -14.168348974179864, "params": {"C": 162.43893559137305, "epsilon": 0.3460695441948112, "gamma": 0.001}, "datetime": {"datetime": "2021-09-27 18:21:07", "elapsed": 151.35234, "delta": 1.456636}}
{"target": -12.244479806673233, "params": {"C": 162.3790342645857, "epsilon": 0.47334661702984543, "gamma": 0.1101416203177308}, "datetime": {"datetime": "2021-09-27 18:21:08", "elapsed": 152.943885, "delta": 1.591545}}
{"target": -13.994080467740517, "params": {"C": 206.27969719862685, "epsilon": 0.5, "gamma": 0.001}, "datetime": {"datetime": "2021-09-27 18:21:10", "elapsed": 154.428237, "delta": 1.484352}}
{"target": -13.503260158014113, "params": {"C": 125.43185874273468, "epsilon": 0.0326014234577024, "gamma": 0.17549543648703358}, "datetime": {"datetime": "2021-09-27 18:21:11", "elapsed": 155.388231, "delta": 0.959994}}
{"target": -10.463839893968533, "params": {"C": 165.56688353516324, "epsilon": 0.3325375719622761, "gamma": 0.03254661311476652}, "datetime": {"datetime": "2021-09-27 18:21:12", "elapsed": 156.723426, "delta": 1.335195}}
{"target": -14.802892171629454, "params": {"C": 126.9983190301095, "epsilon": 0.028232270797803213, "gamma": 0.3612691439231351}, "datetime": {"datetime": "2021-09-27 18:21:13", "elapsed": 157.738423, "delta": 1.014997}}
{"target": -13.1987909091439, "params": {"C": 114.01887528765175, "epsilon": 0.4874255202728312, "gamma": 0.16243016312753575}, "datetime": {"datetime": "2021-09-27 18:21:14", "elapsed": 158.625678, "delta": 0.887255}}
{"target": -14.101328776780672, "params": {"C": 151.99255671047283, "epsilon": 0.10801113891405896, "gamma": 0.24629216216240496}, "datetime": {"datetime": "2021-09-27 18:21:15", "elapsed": 159.585672, "delta": 0.959994}}
{"target": -11.145295969504613, "params": {"C": 102.71720617783373, "epsilon": 0.30447843517498624, "gamma": 0.017485599923941147}, "datetime": {"datetime": "2021-09-27 18:21:16", "elapsed": 160.843115, "delta": 1.257443}}
{"target": -11.066794967324382, "params": {"C": 165.64979144695198, "epsilon": 0.3449333458656553, "gamma": 0.025588424691623604}, "datetime": {"datetime": "2021-09-27 18:21:18", "elapsed": 162.381035, "delta": 1.53792}}
{"target": -10.469251703171711, "params": {"C": 110.18383723523301, "epsilon": 0.15107734841233572, "gamma": 0.04123715277721374}, "datetime": {"datetime": "2021-09-27 18:21:19", "elapsed": 163.352343, "delta": 0.971308}}
{"target": -12.322117218491458, "params": {"C": 110.11948804408618, "epsilon": 0.14433249968777098, "gamma": 0.0027923903134076597}, "datetime": {"datetime": "2021-09-27 18:21:20", "elapsed": 164.761523, "delta": 1.40918}}
{"target": -11.75657750211165, "params": {"C": 239.840068484553, "epsilon": 0.14124450706194028, "gamma": 0.007773201991799055}, "datetime": {"datetime": "2021-09-27 18:21:22", "elapsed": 166.414774, "delta": 1.653251}}
{"target": -10.882167497488677, "params": {"C": 160.3459675606925, "epsilon": 0.2420392436857364, "gamma": 0.06337579708389723}, "datetime": {"datetime": "2021-09-27 18:21:23", "elapsed": 167.895774, "delta": 1.481}}
{"target": -13.786133189046247, "params": {"C": 131.92302922823615, "epsilon": 0.4533506870788426, "gamma": 0.20776638190539887}, "datetime": {"datetime": "2021-09-27 18:21:24", "elapsed": 168.893965, "delta": 0.998191}}
{"target": -11.452649398658279, "params": {"C": 162.41745489113183, "epsilon": 0.2137399082578989, "gamma": 0.011650276659933442}, "datetime": {"datetime": "2021-09-27 18:21:26", "elapsed": 170.534792, "delta": 1.640827}}
{"target": -10.9597008181072, "params": {"C": 110.2061431907295, "epsilon": 0.1811755756864804, "gamma": 0.08375657259090317}, "datetime": {"datetime": "2021-09-27 18:21:28", "elapsed": 172.186793, "delta": 1.652001}}
{"target": -10.578967789028383, "params": {"C": 135.06843790390977, "epsilon": 0.33186946676933954, "gamma": 0.03321040643905645}, "datetime": {"datetime": "2021-09-27 18:21:29", "elapsed": 173.532036, "delta": 1.345243}}
{"target": -12.24318677960919, "params": {"C": 160.40765546923538, "epsilon": 0.24872362498361897, "gamma": 0.11185821455061411}, "datetime": {"datetime": "2021-09-27 18:21:31", "elapsed": 175.180035, "delta": 1.647999}}
{"target": -11.846617695118077, "params": {"C": 110.15483627081187, "epsilon": 0.1365195131356084, "gamma": 0.11550387759923861}, "datetime": {"datetime": "2021-09-27 18:21:32", "elapsed": 176.693983, "delta": 1.513948}}
{"target": -10.487592824594723, "params": {"C": 110.22940997402017, "epsilon": 0.07408643716421212, "gamma": 0.042483600946878475}, "datetime": {"datetime": "2021-09-27 18:21:34", "elapsed": 178.17852, "delta": 1.484537}}
{"target": -14.09349711522417, "params": {"C": 232.0533586574837, "epsilon": 0.013277126678563114, "gamma": 0.19940205052998447}, "datetime": {"datetime": "2021-09-27 18:21:35", "elapsed": 179.377263, "delta": 1.198743}}
{"target": -14.843286059480748, "params": {"C": 141.1756169599787, "epsilon": 0.3111483303132818, "gamma": 0.32169448671361056}, "datetime": {"datetime": "2021-09-27 18:21:36", "elapsed": 180.631183, "delta": 1.25392}}
{"target": -10.401546106575687, "params": {"C": 165.47463111576377, "epsilon": 0.1965738709694522, "gamma": 0.03630978631616954}, "datetime": {"datetime": "2021-09-27 18:21:38", "elapsed": 182.778679, "delta": 2.147496}}
{"target": -10.823711975582546, "params": {"C": 110.3198177880262, "epsilon": 0.07340873001239322, "gamma": 0.0764836507949936}, "datetime": {"datetime": "2021-09-27 18:21:40", "elapsed": 184.322141, "delta": 1.543462}}
{"target": -11.854885331080748, "params": {"C": 110.28138783181743, "epsilon": 0.10994043112908064, "gamma": 0.004056393904372088}, "datetime": {"datetime": "2021-09-27 18:21:41", "elapsed": 185.598143, "delta": 1.276002}}
{"target": -13.706821347659282, "params": {"C": 133.6760707805802, "epsilon": 0.18661763661868203, "gamma": 0.18338393274088025}, "datetime": {"datetime": "2021-09-27 18:21:42", "elapsed": 186.679565, "delta": 1.081422}}
{"target": -11.01664257546853, "params": {"C": 135.21173879908827, "epsilon": 0.26972952419784124, "gamma": 0.08633820359811883}, "datetime": {"datetime": "2021-09-27 18:21:44", "elapsed": 188.117155, "delta": 1.43759}}
{"target": -14.619802625491673, "params": {"C": 123.414682590365, "epsilon": 0.38807552617177454, "gamma": 0.3074884719336126}, "datetime": {"datetime": "2021-09-27 18:21:45", "elapsed": 189.199783, "delta": 1.082628}}
{"target": -14.152618512011609, "params": {"C": 165.4889506955705, "epsilon": 0.130248051254886, "gamma": 0.001}, "datetime": {"datetime": "2021-09-27 18:21:46", "elapsed": 190.877443, "delta": 1.67766}}
{"target": -13.150941328527994, "params": {"C": 110.22608735202195, "epsilon": 0.06858677165189239, "gamma": 0.1623318745223742}, "datetime": {"datetime": "2021-09-27 18:21:48", "elapsed": 192.817445, "delta": 1.940002}}
{"target": -10.358056028298936, "params": {"C": 165.4579079176193, "epsilon": 0.2603519190838764, "gamma": 0.044999801110881726}, "datetime": {"datetime": "2021-09-27 18:21:50", "elapsed": 194.204157, "delta": 1.386712}}
{"target": -14.312277148413866, "params": {"C": 146.28629707629423, "epsilon": 0.15864519326825985, "gamma": 0.27419587323482614}, "datetime": {"datetime": "2021-09-27 18:21:51", "elapsed": 195.210318, "delta": 1.006161}}
{"target": -15.015976634907982, "params": {"C": 209.08499638457943, "epsilon": 0.22985533470485983, "gamma": 0.37077437902187355}, "datetime": {"datetime": "2021-09-27 18:21:52", "elapsed": 196.330315, "delta": 1.119997}}
{"target": -10.556853289761573, "params": {"C": 165.54830679324198, "epsilon": 0.41757445151276434, "gamma": 0.03142249186080883}, "datetime": {"datetime": "2021-09-27 18:21:53", "elapsed": 197.989385, "delta": 1.65907}}
{"target": -10.866372445828162, "params": {"C": 110.32300223238298, "epsilon": 0.0055120487926164285, "gamma": 0.07503304356672016}, "datetime": {"datetime": "2021-09-27 18:21:55", "elapsed": 199.658529, "delta": 1.669144}}
{"target": -11.515007660515945, "params": {"C": 165.52388634439782, "epsilon": 0.19962926223297878, "gamma": 0.09555343892975852}, "datetime": {"datetime": "2021-09-27 18:21:57", "elapsed": 201.318721, "delta": 1.660192}}
{"target": -10.682948899170304, "params": {"C": 102.76871874708489, "epsilon": 0.21594126957474188, "gamma": 0.0353292727917911}, "datetime": {"datetime": "2021-09-27 18:21:58", "elapsed": 202.95599, "delta": 1.637269}}
{"target": -14.824413191490905, "params": {"C": 126.66403727112758, "epsilon": 0.40624644515944913, "gamma": 0.321884815486489}, "datetime": {"datetime": "2021-09-27 18:22:00", "elapsed": 204.117993, "delta": 1.162003}}
{"target": -10.972094638950333, "params": {"C": 102.69158300797632, "epsilon": 0.20856920332427883, "gamma": 0.025811757664447852}, "datetime": {"datetime": "2021-09-27 18:22:01", "elapsed": 206.007995, "delta": 1.890002}}
{"target": -10.705007961056804, "params": {"C": 140.77987993803566, "epsilon": 0.45201075663783796, "gamma": 0.05979750552865609}, "datetime": {"datetime": "2021-09-27 18:22:03", "elapsed": 207.199894, "delta": 1.191899}}
{"target": -10.780566053406746, "params": {"C": 219.67103828966367, "epsilon": 0.0001, "gamma": 0.03351284782900449}, "datetime": {"datetime": "2021-09-27 18:22:05", "elapsed": 209.216098, "delta": 2.016204}}
{"target": -11.533379033874203, "params": {"C": 135.07378898470643, "epsilon": 0.18026259152854066, "gamma": 0.010906901855595928}, "datetime": {"datetime": "2021-09-27 18:22:06", "elapsed": 210.710098, "delta": 1.494}}
{"target": -10.32489401477694, "params": {"C": 165.45296321758303, "epsilon": 0.26872528684935304, "gamma": 0.04393475007010243}, "datetime": {"datetime": "2021-09-27 18:22:07", "elapsed": 211.668094, "delta": 0.957996}}
{"target": -11.321959168688197, "params": {"C": 296.1021813731964, "epsilon": 0.23707570836863248, "gamma": 0.04985111432270966}, "datetime": {"datetime": "2021-09-27 18:22:08", "elapsed": 212.860389, "delta": 1.192295}}
{"target": -10.323678854374457, "params": {"C": 165.618358954053, "epsilon": 0.46236586800144547, "gamma": 0.03961436991459542}, "datetime": {"datetime": "2021-09-27 18:22:10", "elapsed": 214.894096, "delta": 2.033707}}
{"target": -14.144643689200057, "params": {"C": 165.4945122456289, "epsilon": 0.31355339147500727, "gamma": 0.001}, "datetime": {"datetime": "2021-09-27 18:22:12", "elapsed": 216.794088, "delta": 1.899992}}
{"target": -11.053306995653962, "params": {"C": 165.38384988470492, "epsilon": 0.24525846457568562, "gamma": 0.07097453745540655}, "datetime": {"datetime": "2021-09-27 18:22:14", "elapsed": 219.041171, "delta": 2.247083}}
{"target": -10.57809453685632, "params": {"C": 110.41365961532014, "epsilon": 0.02075705865271179, "gamma": 0.04013687856943286}, "datetime": {"datetime": "2021-09-27 18:22:16", "elapsed": 220.796075, "delta": 1.754904}}
{"target": -11.587326710297399, "params": {"C": 165.66517001587889, "epsilon": 0.42851997790893553, "gamma": 0.007489189117640388}, "datetime": {"datetime": "2021-09-27 18:22:18", "elapsed": 222.68468, "delta": 1.888605}}
{"target": -10.234293907964423, "params": {"C": 140.7399316181861, "epsilon": 0.36616150659157254, "gamma": 0.0454781108296395}, "datetime": {"datetime": "2021-09-27 18:22:20", "elapsed": 224.366815, "delta": 1.682135}}
{"target": -14.95371065788422, "params": {"C": 251.30517850062606, "epsilon": 0.13019713976003697, "gamma": 0.33597081827337855}, "datetime": {"datetime": "2021-09-27 18:22:21", "elapsed": 225.599818, "delta": 1.233003}}
{"target": -10.934955081678485, "params": {"C": 140.81260503144387, "epsilon": 0.3418690313487285, "gamma": 0.07840481975745744}, "datetime": {"datetime": "2021-09-27 18:22:23", "elapsed": 227.506515, "delta": 1.906697}}
{"target": -11.28135402842318, "params": {"C": 140.6428433188571, "epsilon": 0.3944466660176617, "gamma": 0.09525846323650439}, "datetime": {"datetime": "2021-09-27 18:22:25", "elapsed": 229.689264, "delta": 2.182749}}
{"target": -10.851926834987657, "params": {"C": 110.43733542935779, "epsilon": 0.07289711105969607, "gamma": 0.07842038868305914}, "datetime": {"datetime": "2021-09-27 18:22:27", "elapsed": 231.50707, "delta": 1.817806}}
{"target": -10.977945352773236, "params": {"C": 140.68473609636862, "epsilon": 0.34494493223181, "gamma": 0.08601804924097248}, "datetime": {"datetime": "2021-09-27 18:22:29", "elapsed": 233.615875, "delta": 2.108805}}
{"target": -11.114318048742788, "params": {"C": 297.87580345490665, "epsilon": 0.4670633985111299, "gamma": 0.023029700741388923}, "datetime": {"datetime": "2021-09-27 18:22:30", "elapsed": 234.814166, "delta": 1.198291}}
{"target": -11.690857633814714, "params": {"C": 140.67444660142502, "epsilon": 0.4815078428305601, "gamma": 0.004671849094843731}, "datetime": {"datetime": "2021-09-27 18:22:32", "elapsed": 236.470169, "delta": 1.656003}}
{"target": -10.932516230880351, "params": {"C": 165.5642082626473, "epsilon": 0.49076289004902274, "gamma": 0.06856732673858797}, "datetime": {"datetime": "2021-09-27 18:22:34", "elapsed": 238.78604, "delta": 2.315871}}
{"target": -11.432945951089343, "params": {"C": 179.8345706520632, "epsilon": 0.09110995714432588, "gamma": 0.013676483142383032}, "datetime": {"datetime": "2021-09-27 18:22:35", "elapsed": 240.050993, "delta": 1.264953}}
{"target": -12.116276581532851, "params": {"C": 165.62159927878466, "epsilon": 0.2500385307806861, "gamma": 0.002639210757141933}, "datetime": {"datetime": "2021-09-27 18:22:37", "elapsed": 242.000392, "delta": 1.949399}}
{"target": -14.226901562415293, "params": {"C": 140.7603857949582, "epsilon": 0.30649057568979715, "gamma": 0.001}, "datetime": {"datetime": "2021-09-27 18:22:40", "elapsed": 244.764584, "delta": 2.764192}}
{"target": -13.453959392001478, "params": {"C": 110.36700657814727, "epsilon": 0.007534821260763578, "gamma": 0.18316800070936312}, "datetime": {"datetime": "2021-09-27 18:22:42", "elapsed": 246.244585, "delta": 1.480001}}
{"target": -13.19672613830864, "params": {"C": 140.80150561170763, "epsilon": 0.39064177237487946, "gamma": 0.14905837517506482}, "datetime": {"datetime": "2021-09-27 18:22:44", "elapsed": 248.290808, "delta": 2.046223}}
{"target": -11.446737529094637, "params": {"C": 110.51284942461717, "epsilon": 0.057028961827305796, "gamma": 0.011164124064138546}, "datetime": {"datetime": "2021-09-27 18:22:46", "elapsed": 250.976474, "delta": 2.685666}}
{"target": -11.038669440784474, "params": {"C": 182.64629707332904, "epsilon": 0.1581766336261575, "gamma": 0.060704672229454276}, "datetime": {"datetime": "2021-09-27 18:22:48", "elapsed": 252.177474, "delta": 1.201}}
{"target": -10.72478386923189, "params": {"C": 102.76623580985928, "epsilon": 0.14682690290431383, "gamma": 0.07536379963358297}, "datetime": {"datetime": "2021-09-27 18:22:49", "elapsed": 253.777588, "delta": 1.600114}}
{"target": -11.481399772886581, "params": {"C": 110.40056608264668, "epsilon": 0.12979002684946564, "gamma": 0.012780149347183661}, "datetime": {"datetime": "2021-09-27 18:22:51", "elapsed": 255.769751, "delta": 1.992163}}
{"target": -10.514498853302893, "params": {"C": 151.1327677278548, "epsilon": 0.33222720153238594, "gamma": 0.05318603645859329}, "datetime": {"datetime": "2021-09-27 18:22:52", "elapsed": 256.996581, "delta": 1.22683}}
{"target": -14.934478517676656, "params": {"C": 213.85409036783625, "epsilon": 0.22868561393978842, "gamma": 0.28750641786640263}, "datetime": {"datetime": "2021-09-27 18:22:54", "elapsed": 258.13321, "delta": 1.136629}}
{"target": -11.787988442658692, "params": {"C": 162.49579107462057, "epsilon": 0.4308504491708391, "gamma": 0.10004759516042781}, "datetime": {"datetime": "2021-09-27 18:22:55", "elapsed": 259.891348, "delta": 1.758138}}
{"target": -11.519731044351996, "params": {"C": 165.62877981621517, "epsilon": 0.4069039639651171, "gamma": 0.0951184073313328}, "datetime": {"datetime": "2021-09-27 18:22:57", "elapsed": 261.998996, "delta": 2.107648}}
{"target": -12.310040833232398, "params": {"C": 102.71109362416786, "epsilon": 0.18437425799627202, "gamma": 0.13102157920250163}, "datetime": {"datetime": "2021-09-27 18:22:59", "elapsed": 263.574863, "delta": 1.575867}}
{"target": -10.932731657689313, "params": {"C": 295.103719144429, "epsilon": 0.139013752521424, "gamma": 0.0388890403702221}, "datetime": {"datetime": "2021-09-27 18:23:00", "elapsed": 264.866036, "delta": 1.291173}}
{"target": -11.93697101201151, "params": {"C": 206.37403417875728, "epsilon": 0.1677567411848914, "gamma": 0.0029488506225329083}, "datetime": {"datetime": "2021-09-27 18:23:02", "elapsed": 266.100039, "delta": 1.234003}}
