{"target": 0.4176810518689198, "params": {"C": 91.48185743400406, "epsilon": 9.770197904813669, "gamma": 0.0001}, "datetime": {"datetime": "2021-09-18 12:31:05", "elapsed": 376.592529, "delta": 2.319004}}
{"target": 0.33445389220982813, "params": {"C": 7.984523418582209, "epsilon": 4.396603365634438, "gamma": 0.9767647858024593}, "datetime": {"datetime": "2021-09-18 12:31:07", "elapsed": 378.541526, "delta": 1.948997}}
{"target": 0.5219638384789065, "params": {"C": 58.210893687077125, "epsilon": 2.0090264099050343, "gamma": 0.0001}, "datetime": {"datetime": "2021-09-18 12:31:09", "elapsed": 380.399525, "delta": 1.857999}}
{"target": 0.5398585158548113, "params": {"C": 57.00396481696513, "epsilon": 3.2976838317600348, "gamma": 0.8021957914038841}, "datetime": {"datetime": "2021-09-18 12:31:11", "elapsed": 382.397092, "delta": 1.997567}}
{"target": 0.7277470972404072, "params": {"C": 99.78294442376735, "epsilon": 8.204075069977671, "gamma": 0.04832614699904366}, "datetime": {"datetime": "2021-09-18 12:31:13", "elapsed": 384.529724, "delta": 2.132632}}
{"target": 0.9067812902766217, "params": {"C": 58.25993052403921, "epsilon": 0.33183156202957675, "gamma": 0.06152174793942601}, "datetime": {"datetime": "2021-09-18 12:31:15", "elapsed": 386.599869, "delta": 2.070145}}
{"target": 0.5183897404724587, "params": {"C": 60.73673578802864, "epsilon": 1.74074543841837, "gamma": 1.0}, "datetime": {"datetime": "2021-09-18 12:31:18", "elapsed": 389.237413, "delta": 2.637544}}
{"target": 0.2376412968813687, "params": {"C": 8.692062686742286, "epsilon": 14.117584928654132, "gamma": 0.020953916134717282}, "datetime": {"datetime": "2021-09-18 12:31:20", "elapsed": 391.336994, "delta": 2.099581}}
{"target": 0.5550958011566122, "params": {"C": 98.6139518539444, "epsilon": 7.591561202806729, "gamma": 0.00021663999300072778}, "datetime": {"datetime": "2021-09-18 12:31:23", "elapsed": 393.856046, "delta": 2.519052}}
{"target": 0.4074948082144262, "params": {"C": 12.66534085531727, "epsilon": 3.326647175176708, "gamma": 1.0}, "datetime": {"datetime": "2021-09-18 12:31:25", "elapsed": 395.942954, "delta": 2.086908}}
{"target": -0.20331418424528325, "params": {"C": 22.93646755773021, "epsilon": 20.0, "gamma": 1.0}, "datetime": {"datetime": "2021-09-18 12:31:27", "elapsed": 397.942649, "delta": 1.999695}}
{"target": 0.214390652142342, "params": {"C": 35.0798329120433, "epsilon": 10.580816484113615, "gamma": 0.9252943844881483}, "datetime": {"datetime": "2021-09-18 12:31:29", "elapsed": 400.424403, "delta": 2.481754}}
{"target": 0.19707768402102588, "params": {"C": 13.189637079004687, "epsilon": 9.954492599574097, "gamma": 0.0001}, "datetime": {"datetime": "2021-09-18 12:31:32", "elapsed": 403.453982, "delta": 3.029579}}
{"target": 0.14540590930050712, "params": {"C": 2.8965329970307585, "epsilon": 8.227157383047713, "gamma": 1.0}, "datetime": {"datetime": "2021-09-18 12:31:34", "elapsed": 405.703074, "delta": 2.249092}}
{"target": -0.20231711372622185, "params": {"C": 90.18119480956099, "epsilon": 19.999347745436786, "gamma": 0.8661574706116849}, "datetime": {"datetime": "2021-09-18 12:31:36", "elapsed": 407.663209, "delta": 1.960135}}
{"target": -0.01985598952587586, "params": {"C": 51.52942968468631, "epsilon": 15.851453358450875, "gamma": 0.1930624145282111}, "datetime": {"datetime": "2021-09-18 12:31:38", "elapsed": 409.350736, "delta": 1.687527}}
{"target": 0.18358568345449255, "params": {"C": 80.18392911026135, "epsilon": 11.015505762233953, "gamma": 0.9797471665105298}, "datetime": {"datetime": "2021-09-18 12:31:40", "elapsed": 411.598623, "delta": 2.247887}}
{"target": -0.10316095913839018, "params": {"C": 41.943571678126595, "epsilon": 17.85958436962903, "gamma": 0.057382394536544895}, "datetime": {"datetime": "2021-09-18 12:31:42", "elapsed": 413.313865, "delta": 1.715242}}
{"target": 0.42028941604220205, "params": {"C": 46.970431263766315, "epsilon": 5.522153143154444, "gamma": 1.0}, "datetime": {"datetime": "2021-09-18 12:31:44", "elapsed": 415.335, "delta": 2.021135}}
{"target": 0.20157256182953598, "params": {"C": 40.821953451731765, "epsilon": 10.73148312670196, "gamma": 0.9580457304835516}, "datetime": {"datetime": "2021-09-18 12:31:46", "elapsed": 417.63585, "delta": 2.30085}}
{"target": 0.5209911649562584, "params": {"C": 44.897406088206104, "epsilon": 8.018186170110269, "gamma": 0.3244223235038924}, "datetime": {"datetime": "2021-09-18 12:31:49", "elapsed": 420.53529, "delta": 2.89944}}
{"target": 0.24417853426182878, "params": {"C": 70.83894837573294, "epsilon": 12.737318085141252, "gamma": 0.0001}, "datetime": {"datetime": "2021-09-18 12:31:51", "elapsed": 422.689652, "delta": 2.154362}}
{"target": 0.4746213825572949, "params": {"C": 43.84472806037645, "epsilon": 3.774259829742887, "gamma": 0.0001}, "datetime": {"datetime": "2021-09-18 12:31:54", "elapsed": 425.398512, "delta": 2.70886}}
{"target": -0.017010827099234183, "params": {"C": 4.131542475036621, "epsilon": 15.640500493821737, "gamma": 0.13314930216239038}, "datetime": {"datetime": "2021-09-18 12:31:57", "elapsed": 428.000516, "delta": 2.602004}}
{"target": 0.4008121314795313, "params": {"C": 48.341534462092895, "epsilon": 11.02152498299563, "gamma": 0.13673402423159167}, "datetime": {"datetime": "2021-09-18 12:31:59", "elapsed": 430.727553, "delta": 2.727037}}
{"target": 0.3303429542452485, "params": {"C": 100.0, "epsilon": 7.822096093798064, "gamma": 1.0}, "datetime": {"datetime": "2021-09-18 12:32:02", "elapsed": 432.993555, "delta": 2.266002}}
{"target": 0.8794063185968808, "params": {"C": 52.17139334903546, "epsilon": 3.6132961786061553, "gamma": 0.05095661374704123}, "datetime": {"datetime": "2021-09-18 12:32:04", "elapsed": 434.935516, "delta": 1.941961}}
{"target": 0.20762609990385605, "params": {"C": 8.158109253567696, "epsilon": 0.0001, "gamma": 0.0001}, "datetime": {"datetime": "2021-09-18 12:32:07", "elapsed": 437.872515, "delta": 2.936999}}
{"target": 0.674912164106035, "params": {"C": 7.504363445864348, "epsilon": 1.9756642471848074, "gamma": 0.21985030561263622}, "datetime": {"datetime": "2021-09-18 12:32:09", "elapsed": 440.232515, "delta": 2.36}}
{"target": 0.32169980758008665, "params": {"C": 5.611631517552578, "epsilon": 1.1400595901283799, "gamma": 0.8430050047785759}, "datetime": {"datetime": "2021-09-18 12:32:11", "elapsed": 442.511511, "delta": 2.278996}}
{"target": 0.392495477790465, "params": {"C": 93.44388613770504, "epsilon": 7.296749344776057, "gamma": 0.8248146961901603}, "datetime": {"datetime": "2021-09-18 12:32:13", "elapsed": 444.759557, "delta": 2.248046}}
{"target": 0.37992352614342206, "params": {"C": 8.225283724950756, "epsilon": 1.2806885101968097, "gamma": 0.8870411695451855}, "datetime": {"datetime": "2021-09-18 12:32:16", "elapsed": 447.34729, "delta": 2.587733}}
{"target": 0.6431144940777502, "params": {"C": 99.96064812434172, "epsilon": 4.739172300977594, "gamma": 0.391311425450659}, "datetime": {"datetime": "2021-09-18 12:32:19", "elapsed": 450.521584, "delta": 3.174294}}
{"target": 0.865355728123852, "params": {"C": 61.608507912473776, "epsilon": 2.4313185166172486, "gamma": 0.018988300017026834}, "datetime": {"datetime": "2021-09-18 12:32:21", "elapsed": 452.76565, "delta": 2.244066}}
{"target": 0.567112902343903, "params": {"C": 89.93951945734881, "epsilon": 0.8359995722191067, "gamma": 0.8682453278679284}, "datetime": {"datetime": "2021-09-18 12:32:23", "elapsed": 454.774402, "delta": 2.008752}}
{"target": 0.8377652460853067, "params": {"C": 79.34061588669543, "epsilon": 3.39533422158137, "gamma": 0.006472873724725699}, "datetime": {"datetime": "2021-09-18 12:32:26", "elapsed": 456.817813, "delta": 2.043411}}
{"target": -0.19976418825672915, "params": {"C": 85.20109544562543, "epsilon": 19.95306573293535, "gamma": 0.6623103635081327}, "datetime": {"datetime": "2021-09-18 12:32:28", "elapsed": 458.870493, "delta": 2.05268}}
{"target": 0.26229116113364703, "params": {"C": 57.8127652173818, "epsilon": 12.475037364666134, "gamma": 0.0001}, "datetime": {"datetime": "2021-09-18 12:32:30", "elapsed": 461.141274, "delta": 2.270781}}
{"target": 0.6887878104556868, "params": {"C": 3.306495307942607, "epsilon": 0.2968456170321098, "gamma": 0.0059408217325767464}, "datetime": {"datetime": "2021-09-18 12:32:32", "elapsed": 463.260687, "delta": 2.119413}}
{"target": 0.5501472155099987, "params": {"C": 41.520973390604595, "epsilon": 0.03363209444679413, "gamma": 0.956087872432721}, "datetime": {"datetime": "2021-09-18 12:32:34", "elapsed": 465.38369, "delta": 2.123003}}
{"target": 0.5191405489525311, "params": {"C": 56.84891456475311, "epsilon": 2.1383467994962277, "gamma": 0.0001}, "datetime": {"datetime": "2021-09-18 12:32:36", "elapsed": 467.382691, "delta": 1.999001}}
{"target": 0.14408956911030935, "params": {"C": 87.14517619673865, "epsilon": 11.688741971407495, "gamma": 1.0}, "datetime": {"datetime": "2021-09-18 12:32:39", "elapsed": 469.879588, "delta": 2.496897}}
{"target": 0.8540115925356246, "params": {"C": 49.608510617968584, "epsilon": 4.537469930215689, "gamma": 0.022119964074214554}, "datetime": {"datetime": "2021-09-18 12:32:41", "elapsed": 472.460587, "delta": 2.580999}}
{"target": 0.8003146730254572, "params": {"C": 84.5497354491887, "epsilon": 6.72570054426757, "gamma": 0.03415607057704041}, "datetime": {"datetime": "2021-09-18 12:32:44", "elapsed": 475.058588, "delta": 2.598001}}
{"target": 0.8838728420286794, "params": {"C": 48.147895677872214, "epsilon": 0.007494787014058315, "gamma": 0.025277363967892947}, "datetime": {"datetime": "2021-09-18 12:32:46", "elapsed": 477.232627, "delta": 2.174039}}
{"target": 0.7555565515642962, "params": {"C": 13.732343778232652, "epsilon": 5.700399980953993, "gamma": 0.006759497984266979}, "datetime": {"datetime": "2021-09-18 12:32:48", "elapsed": 479.703589, "delta": 2.470962}}
{"target": 0.5626635120543837, "params": {"C": 14.921288668554741, "epsilon": 6.0363079962044965, "gamma": 0.40929855714035146}, "datetime": {"datetime": "2021-09-18 12:32:51", "elapsed": 482.520593, "delta": 2.817004}}
{"target": 0.5470132347064409, "params": {"C": 48.45425967986026, "epsilon": 0.015394842817151961, "gamma": 0.9670138718927341}, "datetime": {"datetime": "2021-09-18 12:32:54", "elapsed": 485.152592, "delta": 2.631999}}
{"target": 0.4860472383248534, "params": {"C": 47.187675315334175, "epsilon": 0.0001, "gamma": 0.0001}, "datetime": {"datetime": "2021-09-18 12:32:56", "elapsed": 487.396586, "delta": 2.243994}}
{"target": 0.3674799580354883, "params": {"C": 12.781351164884313, "epsilon": 6.283312681743634, "gamma": 0.9380723558668341}, "datetime": {"datetime": "2021-09-18 12:32:59", "elapsed": 489.854583, "delta": 2.457997}}
{"target": 0.4742594508166169, "params": {"C": 83.57137288340515, "epsilon": 7.50997410635044, "gamma": 0.0001}, "datetime": {"datetime": "2021-09-18 12:33:02", "elapsed": 493.054587, "delta": 3.200004}}
{"target": 0.5625548290604669, "params": {"C": 77.48625889465596, "epsilon": 0.76184715239777, "gamma": 0.0001}, "datetime": {"datetime": "2021-09-18 12:33:04", "elapsed": 495.580584, "delta": 2.525997}}
{"target": 0.5445886419078059, "params": {"C": 77.20245893839937, "epsilon": 0.004933723768847376, "gamma": 0.9754842393169804}, "datetime": {"datetime": "2021-09-18 12:33:07", "elapsed": 498.072586, "delta": 2.492002}}
{"target": -0.15382448221861034, "params": {"C": 48.406343043568555, "epsilon": 18.204084627426216, "gamma": 0.9536967573443854}, "datetime": {"datetime": "2021-09-18 12:33:10", "elapsed": 501.230593, "delta": 3.158007}}
{"target": 0.8876556192241227, "params": {"C": 48.93759413630803, "epsilon": 0.5774808085794042, "gamma": 0.11533553849614867}, "datetime": {"datetime": "2021-09-18 12:33:12", "elapsed": 503.252629, "delta": 2.022036}}
{"target": 0.7884623197997137, "params": {"C": 77.14486945091764, "epsilon": 4.835491690884219, "gamma": 0.12287057304337656}, "datetime": {"datetime": "2021-09-18 12:33:14", "elapsed": 505.359594, "delta": 2.106965}}
{"target": 0.7481585913527089, "params": {"C": 76.12284965052184, "epsilon": 5.780808849555914, "gamma": 0.12945656940434905}, "datetime": {"datetime": "2021-09-18 12:33:17", "elapsed": 508.464587, "delta": 3.104993}}
{"target": 0.4378469381108624, "params": {"C": 77.61376921075059, "epsilon": 5.656115623184607, "gamma": 0.9081654236327096}, "datetime": {"datetime": "2021-09-18 12:33:20", "elapsed": 511.427372, "delta": 2.962785}}
{"target": 0.7800496657793012, "params": {"C": 76.33757735891965, "epsilon": 3.6308220218549403, "gamma": 0.19238299512133814}, "datetime": {"datetime": "2021-09-18 12:33:24", "elapsed": 515.021312, "delta": 3.59394}}
{"target": 0.8846166703186626, "params": {"C": 66.53142808571457, "epsilon": 0.042673857725065094, "gamma": 0.024697444588847012}, "datetime": {"datetime": "2021-09-18 12:33:26", "elapsed": 517.441645, "delta": 2.420333}}
{"target": 0.4403594413602542, "params": {"C": 42.47813475966643, "epsilon": 6.012247702907169, "gamma": 0.0001}, "datetime": {"datetime": "2021-09-18 12:33:29", "elapsed": 520.110491, "delta": 2.668846}}
{"target": 0.7452558177871675, "params": {"C": 74.61588606015535, "epsilon": 6.385837599667479, "gamma": 0.09954316418612827}, "datetime": {"datetime": "2021-09-18 12:33:32", "elapsed": 523.178021, "delta": 3.06753}}
{"target": -0.12195043848674292, "params": {"C": 54.75573993657823, "epsilon": 17.40452245080492, "gamma": 0.8600191091640466}, "datetime": {"datetime": "2021-09-18 12:33:34", "elapsed": 525.489545, "delta": 2.311524}}
{"target": 0.21182259954299676, "params": {"C": 76.87914617102638, "epsilon": 13.523290867438414, "gamma": 0.0001}, "datetime": {"datetime": "2021-09-18 12:33:38", "elapsed": 529.178402, "delta": 3.688857}}
{"target": 0.7302151907986731, "params": {"C": 31.214754109042534, "epsilon": 7.550253092127998, "gamma": 0.017690292520688728}, "datetime": {"datetime": "2021-09-18 12:33:41", "elapsed": 531.807587, "delta": 2.629185}}
{"target": 0.8600699786031039, "params": {"C": 77.60180376941314, "epsilon": 3.6405165835769795, "gamma": 0.015925544071781518}, "datetime": {"datetime": "2021-09-18 12:33:43", "elapsed": 534.138042, "delta": 2.330455}}
{"target": 0.3698970171875089, "params": {"C": 32.489454648628, "epsilon": 7.502622260547602, "gamma": 0.8800274569547393}, "datetime": {"datetime": "2021-09-18 12:33:46", "elapsed": 537.24864, "delta": 3.110598}}
{"target": 0.376132051250344, "params": {"C": 75.51441951358335, "epsilon": 6.7137394044362955, "gamma": 1.0}, "datetime": {"datetime": "2021-09-18 12:33:48", "elapsed": 539.476527, "delta": 2.227887}}
{"target": 0.434951389581565, "params": {"C": 98.40675507798093, "epsilon": 5.124346103077045, "gamma": 0.9952670927896456}, "datetime": {"datetime": "2021-09-18 12:33:50", "elapsed": 541.757634, "delta": 2.281107}}
{"target": 0.5153956055766999, "params": {"C": 65.13899973882825, "epsilon": 1.9237810548005312, "gamma": 1.0}, "datetime": {"datetime": "2021-09-18 12:33:53", "elapsed": 544.027658, "delta": 2.270024}}
{"target": 0.7639361802542376, "params": {"C": 73.76325971609407, "epsilon": 5.206068983782321, "gamma": 0.13844662892978032}, "datetime": {"datetime": "2021-09-18 12:33:55", "elapsed": 546.385452, "delta": 2.357794}}
{"target": 0.1564543076660163, "params": {"C": 93.0663472063339, "epsilon": 11.55535529587483, "gamma": 0.9582299618577232}, "datetime": {"datetime": "2021-09-18 12:33:58", "elapsed": 549.778274, "delta": 3.392822}}
{"target": 0.40385352399208574, "params": {"C": 73.3262915202673, "epsilon": 5.976079240022872, "gamma": 1.0}, "datetime": {"datetime": "2021-09-18 12:34:02", "elapsed": 553.153805, "delta": 3.375531}}
{"target": 0.13843343393232588, "params": {"C": 83.08996242043311, "epsilon": 11.788619075317966, "gamma": 1.0}, "datetime": {"datetime": "2021-09-18 12:34:04", "elapsed": 555.391811, "delta": 2.238006}}
{"target": 0.5267974167649467, "params": {"C": 75.01407771530259, "epsilon": 5.267766554277207, "gamma": 0.0001}, "datetime": {"datetime": "2021-09-18 12:34:06", "elapsed": 557.686841, "delta": 2.29503}}
{"target": 0.4890585327232341, "params": {"C": 51.75802979273753, "epsilon": 4.521674935672331, "gamma": 0.0001}, "datetime": {"datetime": "2021-09-18 12:34:11", "elapsed": 562.116802, "delta": 4.429961}}
{"target": 0.8792919285596283, "params": {"C": 76.12952109847988, "epsilon": 0.02525240654867063, "gamma": 0.01737061750510488}, "datetime": {"datetime": "2021-09-18 12:34:14", "elapsed": 565.08781, "delta": 2.971008}}
{"target": 0.4814125231484714, "params": {"C": 76.88715480035219, "epsilon": 3.6486300430740517, "gamma": 0.9816007499765651}, "datetime": {"datetime": "2021-09-18 12:34:16", "elapsed": 567.350801, "delta": 2.262991}}
{"target": 0.8474979528385258, "params": {"C": 74.6191726896627, "epsilon": 3.218773962679729, "gamma": 0.010402940554145569}, "datetime": {"datetime": "2021-09-18 12:34:19", "elapsed": 570.617805, "delta": 3.267004}}
{"target": 0.4941888502099404, "params": {"C": 48.432798778531605, "epsilon": 1.3392464863626243, "gamma": 0.0001}, "datetime": {"datetime": "2021-09-18 12:34:23", "elapsed": 573.949804, "delta": 3.331999}}
{"target": 0.5318251001755823, "params": {"C": 65.43582685163652, "epsilon": 0.0001, "gamma": 0.0001}, "datetime": {"datetime": "2021-09-18 12:34:26", "elapsed": 577.270803, "delta": 3.320999}}
{"target": 0.9018500238055901, "params": {"C": 66.95331347923148, "epsilon": 0.8155070734964593, "gamma": 0.07341066955839555}, "datetime": {"datetime": "2021-09-18 12:34:29", "elapsed": 580.181239, "delta": 2.910436}}
{"target": 0.5092416069260051, "params": {"C": 74.07877436615398, "epsilon": 3.3429864494125687, "gamma": 0.9048936346748323}, "datetime": {"datetime": "2021-09-18 12:34:32", "elapsed": 582.963392, "delta": 2.782153}}
{"target": 0.8822395491819566, "params": {"C": 59.42064494031442, "epsilon": 0.41550048093667713, "gamma": 0.020773549092680928}, "datetime": {"datetime": "2021-09-18 12:34:34", "elapsed": 585.248261, "delta": 2.284869}}
{"target": 0.32451125253265833, "params": {"C": 54.406414540693135, "epsilon": 10.763723507545873, "gamma": 0.0001}, "datetime": {"datetime": "2021-09-18 12:34:36", "elapsed": 587.635252, "delta": 2.386991}}
{"target": 0.4554037997546462, "params": {"C": 66.59974115194711, "epsilon": 4.509944062555401, "gamma": 0.9883016642402789}, "datetime": {"datetime": "2021-09-18 12:34:39", "elapsed": 590.099481, "delta": 2.464229}}
{"target": 0.8674928612205693, "params": {"C": 75.03621063161113, "epsilon": 2.1341858739828825, "gamma": 0.018686893048352124}, "datetime": {"datetime": "2021-09-18 12:34:42", "elapsed": 593.446619, "delta": 3.347138}}
{"target": 0.8752466478441387, "params": {"C": 75.36612861289058, "epsilon": 2.8279458737629386, "gamma": 0.02623004816825308}, "datetime": {"datetime": "2021-09-18 12:34:45", "elapsed": 595.803829, "delta": 2.35721}}
{"target": 0.564577717635926, "params": {"C": 81.6519341674478, "epsilon": 0.6318716843698979, "gamma": 0.0001}, "datetime": {"datetime": "2021-09-18 12:34:47", "elapsed": 598.736837, "delta": 2.933008}}
{"target": 0.33148653538173867, "params": {"C": 63.69450226155108, "epsilon": 11.084331371422664, "gamma": 0.0001}, "datetime": {"datetime": "2021-09-18 12:34:50", "elapsed": 601.017409, "delta": 2.280572}}
{"target": 0.7153094060389003, "params": {"C": 65.62026211223984, "epsilon": 7.305978601357306, "gamma": 0.002297523795829853}, "datetime": {"datetime": "2021-09-18 12:34:52", "elapsed": 603.221693, "delta": 2.204284}}
{"target": -0.15470787912989503, "params": {"C": 29.054108816543692, "epsilon": 18.2283340796494, "gamma": 0.9600842348467911}, "datetime": {"datetime": "2021-09-18 12:34:56", "elapsed": 606.847227, "delta": 3.625534}}
{"target": 0.8303926470142049, "params": {"C": 91.63391444914842, "epsilon": 4.050065570642124, "gamma": 0.0073304185448902345}, "datetime": {"datetime": "2021-09-18 12:34:58", "elapsed": 609.221944, "delta": 2.374717}}
{"target": 0.47764642769292853, "params": {"C": 91.26819531432486, "epsilon": 4.252728359432089, "gamma": 0.9286912677117464}, "datetime": {"datetime": "2021-09-18 12:35:01", "elapsed": 612.681004, "delta": 3.45906}}
{"target": 0.8630688290926151, "params": {"C": 90.75732018335113, "epsilon": 3.4133670561816407, "gamma": 0.016360924431111038}, "datetime": {"datetime": "2021-09-18 12:35:04", "elapsed": 615.578653, "delta": 2.897649}}
{"target": -0.06852384792380772, "params": {"C": 38.94168332928588, "epsilon": 15.982957931066547, "gamma": 1.0}, "datetime": {"datetime": "2021-09-18 12:35:07", "elapsed": 617.910683, "delta": 2.33203}}
{"target": 0.5798883915609145, "params": {"C": 85.55776216437899, "epsilon": 2.1969146828857813, "gamma": 0.0001}, "datetime": {"datetime": "2021-09-18 12:35:09", "elapsed": 620.37465, "delta": 2.463967}}
{"target": 0.6809160241886247, "params": {"C": 30.139633260897952, "epsilon": 8.832790179444372, "gamma": 0.02427272874025877}, "datetime": {"datetime": "2021-09-18 12:35:11", "elapsed": 622.760644, "delta": 2.385994}}
{"target": 0.500915616046598, "params": {"C": 49.96536631071559, "epsilon": 3.217096589852215, "gamma": 0.9484792721386095}, "datetime": {"datetime": "2021-09-18 12:35:14", "elapsed": 625.223647, "delta": 2.463003}}
{"target": 0.8937569683055583, "params": {"C": 67.55209995167007, "epsilon": 0.04479884539375802, "gamma": 0.03336087066182357}, "datetime": {"datetime": "2021-09-18 12:35:17", "elapsed": 628.435625, "delta": 3.211978}}
{"target": 0.19458054016109594, "params": {"C": 8.323766494861134, "epsilon": 7.305336566537958, "gamma": 0.0001}, "datetime": {"datetime": "2021-09-18 12:35:20", "elapsed": 631.011584, "delta": 2.575959}}
{"target": 0.8042567296014096, "params": {"C": 85.43733916196015, "epsilon": 6.228129573604192, "gamma": 0.008744030746265794}, "datetime": {"datetime": "2021-09-18 12:35:24", "elapsed": 634.931584, "delta": 3.92}}
{"target": 0.8498063664197708, "params": {"C": 92.32574695714321, "epsilon": 3.116875103721841, "gamma": 0.1120431520414955}, "datetime": {"datetime": "2021-09-18 12:35:26", "elapsed": 637.529592, "delta": 2.598008}}
