{"target": -1.9508170591349012, "params": {"C": 94.08848560781794, "epsilon": 0.08859678636778202, "gamma": 0.06554931789385893}, "datetime": {"datetime": "2021-09-18 11:54:24", "elapsed": 180.08264, "delta": 1.458583}}
{"target": -1.9356108064633244, "params": {"C": 76.47629767535274, "epsilon": 0.023872211279666974, "gamma": 0.06328190261967385}, "datetime": {"datetime": "2021-09-18 11:54:25", "elapsed": 181.43151, "delta": 1.34887}}
{"target": -1.9518089812318014, "params": {"C": 93.03138946140707, "epsilon": 0.08023682259069018, "gamma": 0.047032854223912686}, "datetime": {"datetime": "2021-09-18 11:54:27", "elapsed": 183.254902, "delta": 1.823392}}
{"target": -1.9322092332100989, "params": {"C": 92.11099822624129, "epsilon": 0.02145027041566922, "gamma": 0.05903002758881896}, "datetime": {"datetime": "2021-09-18 11:54:29", "elapsed": 185.002315, "delta": 1.747413}}
{"target": -1.9574819274331021, "params": {"C": 84.95018978522418, "epsilon": 0.11982771859961114, "gamma": 0.047564519976405234}, "datetime": {"datetime": "2021-09-18 11:54:30", "elapsed": 185.885301, "delta": 0.882986}}
{"target": -1.9467185234569693, "params": {"C": 75.317262319833, "epsilon": 0.050187879925259825, "gamma": 0.06491889870894837}, "datetime": {"datetime": "2021-09-18 11:54:31", "elapsed": 187.220103, "delta": 1.334802}}
{"target": -1.9443811459355804, "params": {"C": 92.09746209506417, "epsilon": 0.026239452175940182, "gamma": 0.048045495436443944}, "datetime": {"datetime": "2021-09-18 11:54:33", "elapsed": 188.790767, "delta": 1.570664}}
{"target": -1.9892461591782566, "params": {"C": 70.4706852623884, "epsilon": 0.3875172460918746, "gamma": 0.0641234265901015}, "datetime": {"datetime": "2021-09-18 11:54:34", "elapsed": 189.719549, "delta": 0.928782}}
{"target": -1.9527507718415962, "params": {"C": 96.08211261160699, "epsilon": 0.010424497702422014, "gamma": 0.0667816253046771}, "datetime": {"datetime": "2021-09-18 11:54:35", "elapsed": 191.135521, "delta": 1.415972}}
{"target": -1.9574851796856898, "params": {"C": 64.5707654917856, "epsilon": 0.027820850415783683, "gamma": 0.07}, "datetime": {"datetime": "2021-09-18 11:54:37", "elapsed": 192.616338, "delta": 1.480817}}
{"target": -1.9413063559318768, "params": {"C": 64.00284820404887, "epsilon": 0.06827412507947664, "gamma": 0.058532342556503934}, "datetime": {"datetime": "2021-09-18 11:54:37", "elapsed": 193.575771, "delta": 0.959433}}
{"target": -1.9573538079271815, "params": {"C": 91.95669134139823, "epsilon": 0.06470964940681272, "gamma": 0.06730385803063475}, "datetime": {"datetime": "2021-09-18 11:54:39", "elapsed": 194.908876, "delta": 1.333105}}
{"target": -1.952094497981418, "params": {"C": 64.60018655637273, "epsilon": 0.015516679908768934, "gamma": 0.06953746315152076}, "datetime": {"datetime": "2021-09-18 11:54:40", "elapsed": 196.22379, "delta": 1.314914}}
{"target": -1.943262897042689, "params": {"C": 56.711433638995096, "epsilon": 0.018503489595948344, "gamma": 0.06768174812888189}, "datetime": {"datetime": "2021-09-18 11:54:42", "elapsed": 197.633566, "delta": 1.409776}}
{"target": -1.9524426340043517, "params": {"C": 96.05332574460499, "epsilon": 0.05269595392079997, "gamma": 0.04549871813336752}, "datetime": {"datetime": "2021-09-18 11:54:43", "elapsed": 199.376028, "delta": 1.742462}}
{"target": -1.9429868626735065, "params": {"C": 93.05655806608866, "epsilon": 0.092997346576815, "gamma": 0.05828636798580768}, "datetime": {"datetime": "2021-09-18 11:54:45", "elapsed": 200.683527, "delta": 1.307499}}
{"target": -1.9603896017524085, "params": {"C": 96.56187524757507, "epsilon": 0.3656529982971189, "gamma": 0.05814543771854551}, "datetime": {"datetime": "2021-09-18 11:54:46", "elapsed": 201.644049, "delta": 0.960522}}
{"target": -2.00843166886288, "params": {"C": 63.21324115677555, "epsilon": 0.33856609996193565, "gamma": 0.04865201516998109}, "datetime": {"datetime": "2021-09-18 11:54:47", "elapsed": 202.611464, "delta": 0.967415}}
{"target": -1.9862169649895243, "params": {"C": 73.75190557666032, "epsilon": 0.36700805113919716, "gamma": 0.0671281615896724}, "datetime": {"datetime": "2021-09-18 11:54:48", "elapsed": 203.599977, "delta": 0.988513}}
{"target": -1.9542437566662791, "params": {"C": 75.32429308110473, "epsilon": 0.02387106982577019, "gamma": 0.04924698085560275}, "datetime": {"datetime": "2021-09-18 11:54:49", "elapsed": 205.451106, "delta": 1.851129}}
{"target": -1.9826673085939248, "params": {"C": 83.6618962444126, "epsilon": 0.46158452423356033, "gamma": 0.0590831264293663}, "datetime": {"datetime": "2021-09-18 11:54:50", "elapsed": 206.482203, "delta": 1.031097}}
{"target": -1.9304346578698464, "params": {"C": 81.54418049200012, "epsilon": 0.04894781991074626, "gamma": 0.05790555326498406}, "datetime": {"datetime": "2021-09-18 11:54:52", "elapsed": 207.886767, "delta": 1.404564}}
{"target": -1.9951539192267795, "params": {"C": 56.68200171287731, "epsilon": 0.21755893815497815, "gamma": 0.052726142481545044}, "datetime": {"datetime": "2021-09-18 11:54:53", "elapsed": 208.880805, "delta": 0.994038}}
{"target": -1.951781755702729, "params": {"C": 81.55657537573975, "epsilon": 0.042278544622534615, "gamma": 0.04796072380596264}, "datetime": {"datetime": "2021-09-18 11:54:55", "elapsed": 210.680959, "delta": 1.800154}}
{"target": -1.9455936818213764, "params": {"C": 64.58814023334527, "epsilon": 0.024553252739075174, "gamma": 0.06761323122490281}, "datetime": {"datetime": "2021-09-18 11:54:56", "elapsed": 212.070954, "delta": 1.389995}}
{"target": -1.9745546951604664, "params": {"C": 98.65154470673008, "epsilon": 0.39548615827734973, "gamma": 0.049105944926209344}, "datetime": {"datetime": "2021-09-18 11:54:57", "elapsed": 213.10997, "delta": 1.039016}}
{"target": -1.9483856492972238, "params": {"C": 92.10128173562234, "epsilon": 0.004832283564165648, "gamma": 0.0662082242134691}, "datetime": {"datetime": "2021-09-18 11:54:59", "elapsed": 214.590834, "delta": 1.480864}}
{"target": -1.926744754112656, "params": {"C": 81.53400593342243, "epsilon": 0.030437817338332257, "gamma": 0.058569604948648435}, "datetime": {"datetime": "2021-09-18 11:55:00", "elapsed": 216.148804, "delta": 1.55797}}
{"target": -1.9878477235940917, "params": {"C": 73.79999920356065, "epsilon": 0.05200666810529371, "gamma": 0.045959573867795776}, "datetime": {"datetime": "2021-09-18 11:55:02", "elapsed": 217.704379, "delta": 1.555575}}
{"target": -1.9437138670743082, "params": {"C": 99.66250037321313, "epsilon": 0.11566929676627219, "gamma": 0.06232361149668317}, "datetime": {"datetime": "2021-09-18 11:55:03", "elapsed": 219.181777, "delta": 1.477398}}
{"target": -1.941872184013006, "params": {"C": 81.53407113154826, "epsilon": 0.04159589192273357, "gamma": 0.06319069783087279}, "datetime": {"datetime": "2021-09-18 11:55:05", "elapsed": 220.714873, "delta": 1.533096}}
{"target": -1.92640604021669, "params": {"C": 81.54448388150148, "epsilon": 0.033851409596676214, "gamma": 0.05570918182995487}, "datetime": {"datetime": "2021-09-18 11:55:06", "elapsed": 222.235569, "delta": 1.520696}}
{"target": -1.9843293593164875, "params": {"C": 76.50958964790486, "epsilon": 0.4082031481772509, "gamma": 0.06349719212111597}, "datetime": {"datetime": "2021-09-18 11:55:07", "elapsed": 223.238035, "delta": 1.002466}}
{"target": -2.0250146489130683, "params": {"C": 62.07389253617184, "epsilon": 0.22206187983689107, "gamma": 0.041238091958058436}, "datetime": {"datetime": "2021-09-18 11:55:08", "elapsed": 224.364945, "delta": 1.12691}}
{"target": -1.9893837929768556, "params": {"C": 90.15529964554514, "epsilon": 0.44472853725629613, "gamma": 0.048427873910041525}, "datetime": {"datetime": "2021-09-18 11:55:09", "elapsed": 225.36026, "delta": 0.995315}}
{"target": -1.9245267195042097, "params": {"C": 92.12428602700574, "epsilon": 0.006251006826247359, "gamma": 0.05658138851586772}, "datetime": {"datetime": "2021-09-18 11:55:11", "elapsed": 226.848294, "delta": 1.488034}}
{"target": -1.9444288434334125, "params": {"C": 94.37744747093168, "epsilon": 0.11120453188237168, "gamma": 0.05840253189087069}, "datetime": {"datetime": "2021-09-18 11:55:12", "elapsed": 227.920219, "delta": 1.071925}}
{"target": -1.9639344467845221, "params": {"C": 71.65518030861281, "epsilon": 0.13114422509085022, "gamma": 0.06810853249282814}, "datetime": {"datetime": "2021-09-18 11:55:13", "elapsed": 228.968572, "delta": 1.048353}}
{"target": -1.94042384632283, "params": {"C": 92.14400787323747, "epsilon": 0.007261014645879966, "gamma": 0.048836607405872166}, "datetime": {"datetime": "2021-09-18 11:55:15", "elapsed": 230.793625, "delta": 1.825053}}
{"target": -1.9916953821196437, "params": {"C": 89.31199972562894, "epsilon": 0.13526329854014646, "gamma": 0.04093325646556078}, "datetime": {"datetime": "2021-09-18 11:55:16", "elapsed": 231.888587, "delta": 1.094962}}
{"target": -1.9459138765426682, "params": {"C": 91.9933888451291, "epsilon": 0.05010230680525424, "gamma": 0.06275494431342601}, "datetime": {"datetime": "2021-09-18 11:55:17", "elapsed": 233.572157, "delta": 1.68357}}
{"target": -1.961736761407629, "params": {"C": 71.60058083879935, "epsilon": 0.03830547163632981, "gamma": 0.0696802582898064}, "datetime": {"datetime": "2021-09-18 11:55:19", "elapsed": 234.60879, "delta": 1.036633}}
{"target": -1.9575539005540374, "params": {"C": 67.67543321876705, "epsilon": 0.03129978620896355, "gamma": 0.06930568544957652}, "datetime": {"datetime": "2021-09-18 11:55:20", "elapsed": 235.70069, "delta": 1.0919}}
{"target": -1.963701373289376, "params": {"C": 88.20036754052049, "epsilon": 0.3049182888313975, "gamma": 0.05710852724870555}, "datetime": {"datetime": "2021-09-18 11:55:21", "elapsed": 236.790921, "delta": 1.090231}}
{"target": -1.9978178984247608, "params": {"C": 64.57351716500888, "epsilon": 0.06327037863844062, "gamma": 0.04734929809571528}, "datetime": {"datetime": "2021-09-18 11:55:22", "elapsed": 237.883731, "delta": 1.09281}}
{"target": -1.9436776382371495, "params": {"C": 92.13113280681696, "epsilon": 0.021762665027838045, "gamma": 0.06317672362231393}, "datetime": {"datetime": "2021-09-18 11:55:23", "elapsed": 239.494924, "delta": 1.611193}}
{"target": -1.9418599307061988, "params": {"C": 81.53582135880333, "epsilon": 0.04385318497815397, "gamma": 0.06304152681963375}, "datetime": {"datetime": "2021-09-18 11:55:24", "elapsed": 240.580906, "delta": 1.085982}}
{"target": -1.9766032263875253, "params": {"C": 99.67996956958473, "epsilon": 0.11787855872584031, "gamma": 0.06851722423963531}, "datetime": {"datetime": "2021-09-18 11:55:26", "elapsed": 242.059217, "delta": 1.478311}}
{"target": -1.9611053296187835, "params": {"C": 61.14738069318638, "epsilon": 0.21425303642568025, "gamma": 0.05995039054721311}, "datetime": {"datetime": "2021-09-18 11:55:27", "elapsed": 243.165824, "delta": 1.106607}}
{"target": -1.9725927839342592, "params": {"C": 99.44388078206211, "epsilon": 0.4143679402355494, "gamma": 0.0528390933139471}, "datetime": {"datetime": "2021-09-18 11:55:28", "elapsed": 244.303457, "delta": 1.137633}}
{"target": -1.9476288474345071, "params": {"C": 91.95906026291965, "epsilon": 0.04790382762893298, "gamma": 0.06538015294521936}, "datetime": {"datetime": "2021-09-18 11:55:30", "elapsed": 246.026242, "delta": 1.722785}}
{"target": -1.9450249480879116, "params": {"C": 92.11767648251632, "epsilon": 0.010768138946408466, "gamma": 0.0471387769743854}, "datetime": {"datetime": "2021-09-18 11:55:33", "elapsed": 248.696385, "delta": 2.670143}}
{"target": -1.9401819093499828, "params": {"C": 91.99614415684866, "epsilon": 0.07477955783933175, "gamma": 0.05782382067346564}, "datetime": {"datetime": "2021-09-18 11:55:34", "elapsed": 250.332395, "delta": 1.63601}}
{"target": -1.936072798688521, "params": {"C": 91.97985112889198, "epsilon": 0.07713174216628359, "gamma": 0.05288255769852292}, "datetime": {"datetime": "2021-09-18 11:55:36", "elapsed": 252.562833, "delta": 2.230438}}
{"target": -1.965745411758114, "params": {"C": 85.21048761486148, "epsilon": 0.2404953982448596, "gamma": 0.06422001356827796}, "datetime": {"datetime": "2021-09-18 11:55:38", "elapsed": 253.692106, "delta": 1.129273}}
{"target": -1.974259417556597, "params": {"C": 56.71316033243865, "epsilon": 0.0028766130857868803, "gamma": 0.053109899971105975}, "datetime": {"datetime": "2021-09-18 11:55:39", "elapsed": 255.55334, "delta": 1.861234}}
{"target": -1.9445903271209297, "params": {"C": 91.72212751685815, "epsilon": 0.009739986644645955, "gamma": 0.0647926283204752}, "datetime": {"datetime": "2021-09-18 11:55:41", "elapsed": 256.738105, "delta": 1.184765}}
{"target": -1.997787797245032, "params": {"C": 67.92761404998583, "epsilon": 0.4457034688085761, "gamma": 0.06299356700529145}, "datetime": {"datetime": "2021-09-18 11:55:42", "elapsed": 257.90882, "delta": 1.170715}}
{"target": -1.9725213449593344, "params": {"C": 99.02416206888483, "epsilon": 0.294814827793629, "gamma": 0.06389753665782162}, "datetime": {"datetime": "2021-09-18 11:55:44", "elapsed": 259.617164, "delta": 1.708344}}
{"target": -1.9427962180029172, "params": {"C": 75.36052614777951, "epsilon": 0.03453222241306768, "gamma": 0.06478410517033266}, "datetime": {"datetime": "2021-09-18 11:55:45", "elapsed": 261.370507, "delta": 1.753343}}
{"target": -1.9628893338163325, "params": {"C": 98.81686464554967, "epsilon": 0.33193083195335316, "gamma": 0.053329996237412844}, "datetime": {"datetime": "2021-09-18 11:55:46", "elapsed": 262.470777, "delta": 1.10027}}
{"target": -1.9439245543273245, "params": {"C": 64.57377294637294, "epsilon": 0.028768715119645308, "gamma": 0.06697344274488296}, "datetime": {"datetime": "2021-09-18 11:55:48", "elapsed": 263.651458, "delta": 1.180681}}
{"target": -1.9232020731966994, "params": {"C": 91.95311145011328, "epsilon": 0.016127344734454874, "gamma": 0.05419389653749423}, "datetime": {"datetime": "2021-09-18 11:55:49", "elapsed": 265.207849, "delta": 1.556391}}
{"target": -1.9759541932679334, "params": {"C": 69.56440038750264, "epsilon": 0.3599919717721309, "gamma": 0.05939718213724998}, "datetime": {"datetime": "2021-09-18 11:55:50", "elapsed": 266.330817, "delta": 1.122968}}
{"target": -1.9213400177527082, "params": {"C": 91.97320176464623, "epsilon": 0.009448485705775299, "gamma": 0.0547481801823692}, "datetime": {"datetime": "2021-09-18 11:55:52", "elapsed": 268.006934, "delta": 1.676117}}
{"target": -1.940015383958472, "params": {"C": 91.984516820851, "epsilon": 0.009793107534893583, "gamma": 0.061945754524207225}, "datetime": {"datetime": "2021-09-18 11:55:54", "elapsed": 269.654922, "delta": 1.647988}}
{"target": -1.9470214386577152, "params": {"C": 91.95696382407372, "epsilon": 0.010891517184097145, "gamma": 0.06570208560171165}, "datetime": {"datetime": "2021-09-18 11:55:56", "elapsed": 271.694516, "delta": 2.039594}}
{"target": -1.9370372780876366, "params": {"C": 81.54227276088955, "epsilon": 0.018119671120600207, "gamma": 0.052101972579639076}, "datetime": {"datetime": "2021-09-18 11:55:57", "elapsed": 273.383021, "delta": 1.688505}}
{"target": -1.949273823636674, "params": {"C": 91.99632563396665, "epsilon": 0.05518941010876394, "gamma": 0.04752541234101554}, "datetime": {"datetime": "2021-09-18 11:55:59", "elapsed": 275.019857, "delta": 1.636836}}
{"target": -1.9929594472280292, "params": {"C": 92.00304232591706, "epsilon": 0.08856849750591239, "gamma": 0.040432797152709476}, "datetime": {"datetime": "2021-09-18 11:56:01", "elapsed": 277.178011, "delta": 2.158154}}
{"target": -1.9501935779332287, "params": {"C": 81.53739292388529, "epsilon": 0.03839409351644397, "gamma": 0.0482096009711574}, "datetime": {"datetime": "2021-09-18 11:56:03", "elapsed": 278.968177, "delta": 1.790166}}
{"target": -1.9407808239674131, "params": {"C": 56.69914417785694, "epsilon": 0.007942769809339709, "gamma": 0.06363350599729509}, "datetime": {"datetime": "2021-09-18 11:56:04", "elapsed": 280.182455, "delta": 1.214278}}
{"target": -2.0033250785217938, "params": {"C": 96.8026412971737, "epsilon": 0.4368469387212869, "gamma": 0.06671056864237264}, "datetime": {"datetime": "2021-09-18 11:56:05", "elapsed": 281.366453, "delta": 1.183998}}
{"target": -2.006545601242263, "params": {"C": 80.1032594116775, "epsilon": 0.11573210722799726, "gamma": 0.040854803095726686}, "datetime": {"datetime": "2021-09-18 11:56:07", "elapsed": 283.084361, "delta": 1.717908}}
{"target": -1.9683004994335025, "params": {"C": 97.05908931287314, "epsilon": 0.3770627684654132, "gamma": 0.0522976096653551}, "datetime": {"datetime": "2021-09-18 11:56:08", "elapsed": 284.26994, "delta": 1.185579}}
{"target": -1.9525687477428606, "params": {"C": 91.99280554091396, "epsilon": 0.00218844469303281, "gamma": 0.045553024579943126}, "datetime": {"datetime": "2021-09-18 11:56:10", "elapsed": 286.030021, "delta": 1.760081}}
{"target": -1.9893277133929836, "params": {"C": 83.68705782657372, "epsilon": 0.4212648960655389, "gamma": 0.04740440731476303}, "datetime": {"datetime": "2021-09-18 11:56:11", "elapsed": 287.245892, "delta": 1.215871}}
{"target": -1.9518489033987572, "params": {"C": 80.12563284025146, "epsilon": 0.132119573772037, "gamma": 0.06416377925562954}, "datetime": {"datetime": "2021-09-18 11:56:13", "elapsed": 289.262909, "delta": 2.017017}}
{"target": -1.957278056167502, "params": {"C": 71.35108346767463, "epsilon": 0.15671908621652497, "gamma": 0.06499650815983526}, "datetime": {"datetime": "2021-09-18 11:56:14", "elapsed": 290.401954, "delta": 1.139045}}
{"target": -1.9628771524079762, "params": {"C": 91.98416546126131, "epsilon": 0.07877273393106901, "gamma": 0.068247284952279}, "datetime": {"datetime": "2021-09-18 11:56:17", "elapsed": 292.733783, "delta": 2.331829}}
{"target": -1.9693693747693872, "params": {"C": 96.54033433587672, "epsilon": 0.33059424332704634, "gamma": 0.04669387177434916}, "datetime": {"datetime": "2021-09-18 11:56:18", "elapsed": 293.949239, "delta": 1.215456}}
{"target": -1.9808683333844532, "params": {"C": 71.65598632902278, "epsilon": 0.2912833364626369, "gamma": 0.06716500460720032}, "datetime": {"datetime": "2021-09-18 11:56:19", "elapsed": 295.230335, "delta": 1.281096}}
{"target": -1.9548475571104056, "params": {"C": 98.36548849104247, "epsilon": 0.0020133466290746167, "gamma": 0.06703239048048538}, "datetime": {"datetime": "2021-09-18 11:56:21", "elapsed": 297.413684, "delta": 2.183349}}
{"target": -1.9467122001506336, "params": {"C": 61.53155977870313, "epsilon": 0.049610538442509025, "gamma": 0.05795692123650385}, "datetime": {"datetime": "2021-09-18 11:56:22", "elapsed": 298.543767, "delta": 1.130083}}
{"target": -1.9542049504182384, "params": {"C": 91.93248680107158, "epsilon": 0.015021280498480154, "gamma": 0.04533432684400242}, "datetime": {"datetime": "2021-09-18 11:56:25", "elapsed": 301.262804, "delta": 2.719037}}
{"target": -1.9545847506176601, "params": {"C": 99.64127321516483, "epsilon": 0.10876716799247498, "gamma": 0.06537836865119556}, "datetime": {"datetime": "2021-09-18 11:56:27", "elapsed": 303.080832, "delta": 1.818028}}
{"target": -1.9536707595542442, "params": {"C": 94.0850172276205, "epsilon": 0.09831376255430574, "gamma": 0.046870429748547666}, "datetime": {"datetime": "2021-09-18 11:56:29", "elapsed": 304.936158, "delta": 1.855326}}
{"target": -1.9673875789900082, "params": {"C": 81.54585016530613, "epsilon": 0.06191188907661102, "gamma": 0.046002955348069904}, "datetime": {"datetime": "2021-09-18 11:56:31", "elapsed": 306.602593, "delta": 1.666435}}
{"target": -1.9454838413089035, "params": {"C": 80.11447855784559, "epsilon": 0.15136346789012295, "gamma": 0.057950400527996465}, "datetime": {"datetime": "2021-09-18 11:56:33", "elapsed": 309.440199, "delta": 2.837606}}
{"target": -1.9525611549418453, "params": {"C": 91.96788318601126, "epsilon": 0.02131902840825941, "gamma": 0.045607256785955515}, "datetime": {"datetime": "2021-09-18 11:56:35", "elapsed": 311.413503, "delta": 1.973304}}
{"target": -1.942192607600017, "params": {"C": 98.3699797404714, "epsilon": 0.03067401276553461, "gamma": 0.05966806454952496}, "datetime": {"datetime": "2021-09-18 11:56:38", "elapsed": 313.682388, "delta": 2.268885}}
{"target": -1.9513080066734296, "params": {"C": 73.77595054787083, "epsilon": 0.04307901488641654, "gamma": 0.06690504900981811}, "datetime": {"datetime": "2021-09-18 11:56:40", "elapsed": 316.004802, "delta": 2.322414}}
{"target": -1.9442522493802115, "params": {"C": 93.16557062207363, "epsilon": 0.1082811943515935, "gamma": 0.05784146873276659}, "datetime": {"datetime": "2021-09-18 11:56:41", "elapsed": 317.336085, "delta": 1.331283}}
{"target": -1.9773903017118795, "params": {"C": 66.35169359508856, "epsilon": 0.26223760222539283, "gamma": 0.06446582170127196}, "datetime": {"datetime": "2021-09-18 11:56:43", "elapsed": 318.594434, "delta": 1.258349}}
{"target": -1.9449677121226374, "params": {"C": 61.51505797305138, "epsilon": 0.040114558827678566, "gamma": 0.06670921453613593}, "datetime": {"datetime": "2021-09-18 11:56:44", "elapsed": 320.51088, "delta": 1.916446}}
{"target": -1.9999987202648712, "params": {"C": 62.25794399365482, "epsilon": 0.39238482466235336, "gamma": 0.05171641970387828}, "datetime": {"datetime": "2021-09-18 11:56:46", "elapsed": 321.716339, "delta": 1.205459}}
{"target": -1.9583735769668607, "params": {"C": 99.67462474071337, "epsilon": 0.129637923445002, "gamma": 0.044838121207170206}, "datetime": {"datetime": "2021-09-18 11:56:48", "elapsed": 323.686919, "delta": 1.97058}}
{"target": -1.9670880172850982, "params": {"C": 93.04296915697044, "epsilon": 0.08017660584368107, "gamma": 0.06899012379439792}, "datetime": {"datetime": "2021-09-18 11:56:50", "elapsed": 326.117224, "delta": 2.430305}}
{"target": -1.9477455569565507, "params": {"C": 92.13559123752745, "epsilon": 0.00366630696592724, "gamma": 0.06604391220699957}, "datetime": {"datetime": "2021-09-18 11:56:52", "elapsed": 328.267621, "delta": 2.150397}}
