{"target": 0.8718054239751382, "params": {"C": 84.58995993050281, "epsilon": 0.011471965101918545, "gamma": 0.1635497571703568}, "datetime": {"datetime": "2021-09-18 12:26:16", "elapsed": 87.415506, "delta": 0.936037}}
{"target": 0.8233905028767065, "params": {"C": 83.81024481297273, "epsilon": 0.8810246298231084, "gamma": 0.2251527348290046}, "datetime": {"datetime": "2021-09-18 12:26:17", "elapsed": 88.235507, "delta": 0.820001}}
{"target": 0.5670625900998147, "params": {"C": 85.00465293457391, "epsilon": 0.6786869847178172, "gamma": 0.8747005507741319}, "datetime": {"datetime": "2021-09-18 12:26:18", "elapsed": 89.295462, "delta": 1.059955}}
{"target": 0.6879801526820343, "params": {"C": 83.08773768446908, "epsilon": 0.044381694944614546, "gamma": 0.5401438938885088}, "datetime": {"datetime": "2021-09-18 12:26:19", "elapsed": 90.062507, "delta": 0.767045}}
{"target": 0.5734934665315929, "params": {"C": 82.90049377590374, "epsilon": 1.9592903897824412, "gamma": 0.0001}, "datetime": {"datetime": "2021-09-18 12:26:20", "elapsed": 90.996473, "delta": 0.933966}}
{"target": 0.4543396561965628, "params": {"C": 38.88058268036913, "epsilon": 0.11741366631793687, "gamma": 0.0001}, "datetime": {"datetime": "2021-09-18 12:26:21", "elapsed": 91.871474, "delta": 0.875001}}
{"target": 0.11381850274569927, "params": {"C": 74.24244535626943, "epsilon": 12.39234731788019, "gamma": 0.9101685704621426}, "datetime": {"datetime": "2021-09-18 12:26:21", "elapsed": 92.627508, "delta": 0.756034}}
{"target": -0.17737256178131178, "params": {"C": 93.68705589211368, "epsilon": 20.0, "gamma": 0.12117400314998243}, "datetime": {"datetime": "2021-09-18 12:26:22", "elapsed": 93.470046, "delta": 0.842538}}
{"target": 0.902658516149684, "params": {"C": 86.35907146898246, "epsilon": 0.09887693391048157, "gamma": 0.09098684706349051}, "datetime": {"datetime": "2021-09-18 12:26:23", "elapsed": 94.19405, "delta": 0.724004}}
{"target": 0.6351951862230172, "params": {"C": 87.0578394636205, "epsilon": 0.07137012768576152, "gamma": 0.6757624256827396}, "datetime": {"datetime": "2021-09-18 12:26:24", "elapsed": 95.150047, "delta": 0.955997}}
{"target": 0.8987858714712452, "params": {"C": 85.73005702289515, "epsilon": 0.9302702654362048, "gamma": 0.03404716797880118}, "datetime": {"datetime": "2021-09-18 12:26:25", "elapsed": 96.156186, "delta": 1.006139}}
{"target": 0.9091736807785519, "params": {"C": 85.52416207207597, "epsilon": 0.24557335236872596, "gamma": 0.047828844410205844}, "datetime": {"datetime": "2021-09-18 12:26:26", "elapsed": 96.954156, "delta": 0.79797}}
{"target": 0.8657391786086305, "params": {"C": 86.66690757353506, "epsilon": 1.1710500993590396, "gamma": 0.011406761047313958}, "datetime": {"datetime": "2021-09-18 12:26:27", "elapsed": 97.941156, "delta": 0.987}}
{"target": -0.19943215903282296, "params": {"C": 45.33255950873129, "epsilon": 19.931537685046614, "gamma": 0.6915248164578115}, "datetime": {"datetime": "2021-09-18 12:26:27", "elapsed": 98.78015, "delta": 0.838994}}
{"target": 0.21681465791530907, "params": {"C": 99.92746945088116, "epsilon": 10.756174119420349, "gamma": 0.8491529511833068}, "datetime": {"datetime": "2021-09-18 12:26:28", "elapsed": 99.533151, "delta": 0.753001}}
{"target": 0.1714707336536908, "params": {"C": 22.600254928447587, "epsilon": 11.193437508111463, "gamma": 1.0}, "datetime": {"datetime": "2021-09-18 12:26:29", "elapsed": 100.32653, "delta": 0.793379}}
{"target": -0.1917885222396576, "params": {"C": 81.54868516053723, "epsilon": 19.985734477795365, "gamma": 0.2729006575304112}, "datetime": {"datetime": "2021-09-18 12:26:30", "elapsed": 101.163538, "delta": 0.837008}}
{"target": 0.07815897667835525, "params": {"C": 1.0, "epsilon": 0.0001, "gamma": 1.0}, "datetime": {"datetime": "2021-09-18 12:26:31", "elapsed": 102.004497, "delta": 0.840959}}
{"target": 0.0624437324350694, "params": {"C": 48.46663694935861, "epsilon": 14.126004343976616, "gamma": 0.3459807116686389}, "datetime": {"datetime": "2021-09-18 12:26:32", "elapsed": 102.80453, "delta": 0.800033}}
{"target": 0.4786969196079478, "params": {"C": 65.1707907117995, "epsilon": 3.5796225067166003, "gamma": 1.0}, "datetime": {"datetime": "2021-09-18 12:26:32", "elapsed": 103.59391, "delta": 0.78938}}
{"target": 0.5034936182678407, "params": {"C": 50.88735926735827, "epsilon": 4.571151451694708, "gamma": 0.8005180943490591}, "datetime": {"datetime": "2021-09-18 12:26:33", "elapsed": 104.689901, "delta": 1.095991}}
{"target": 0.4792965228486352, "params": {"C": 72.08066896290401, "epsilon": 6.554661897715436, "gamma": 0.0001}, "datetime": {"datetime": "2021-09-18 12:26:34", "elapsed": 105.755911, "delta": 1.06601}}
{"target": -0.17640508718024672, "params": {"C": 26.51113617960729, "epsilon": 19.913278364123954, "gamma": 0.03493553926970938}, "datetime": {"datetime": "2021-09-18 12:26:35", "elapsed": 106.671948, "delta": 0.916037}}
{"target": 0.5009121601707354, "params": {"C": 46.658919400020956, "epsilon": 3.16938758299225, "gamma": 0.0001}, "datetime": {"datetime": "2021-09-18 12:26:36", "elapsed": 107.523901, "delta": 0.851953}}
{"target": 0.5038743135155579, "params": {"C": 78.49084375194163, "epsilon": 3.5627242670318857, "gamma": 0.9031866751820955}, "datetime": {"datetime": "2021-09-18 12:26:37", "elapsed": 108.680904, "delta": 1.157003}}
{"target": -0.15759163356913009, "params": {"C": 57.12970383318, "epsilon": 20.0, "gamma": 0.0001}, "datetime": {"datetime": "2021-09-18 12:26:38", "elapsed": 109.522908, "delta": 0.842004}}
{"target": 0.4942165343254179, "params": {"C": 81.64126914927851, "epsilon": 6.554053067065928, "gamma": 0.0001}, "datetime": {"datetime": "2021-09-18 12:26:39", "elapsed": 110.249296, "delta": 0.726388}}
{"target": 0.3603927104785124, "params": {"C": 42.210180694687445, "epsilon": 8.643476832506016, "gamma": 0.0001}, "datetime": {"datetime": "2021-09-18 12:26:40", "elapsed": 111.2953, "delta": 1.046004}}
{"target": 0.6094804054530353, "params": {"C": 58.971803710430414, "epsilon": 0.15448796976814422, "gamma": 0.7509750311230083}, "datetime": {"datetime": "2021-09-18 12:26:41", "elapsed": 112.196302, "delta": 0.901002}}
{"target": 0.5060836502557979, "params": {"C": 59.046447595810776, "epsilon": 2.438223820894168, "gamma": 0.9988062322511049}, "datetime": {"datetime": "2021-09-18 12:26:42", "elapsed": 113.128296, "delta": 0.931994}}
{"target": 0.14642749312011372, "params": {"C": 90.01269946507041, "epsilon": 12.69893659440444, "gamma": 0.5206401965208945}, "datetime": {"datetime": "2021-09-18 12:26:43", "elapsed": 113.882335, "delta": 0.754039}}
{"target": 0.2982658355243021, "params": {"C": 1.0459974653292783, "epsilon": 6.041506848752499, "gamma": 0.1948587758098854}, "datetime": {"datetime": "2021-09-18 12:26:43", "elapsed": 114.625294, "delta": 0.742959}}
{"target": 0.7456549181151765, "params": {"C": 54.474077700316656, "epsilon": 3.7740802828287836, "gamma": 0.24393019601906876}, "datetime": {"datetime": "2021-09-18 12:26:44", "elapsed": 115.569297, "delta": 0.944003}}
{"target": 0.7465964139272525, "params": {"C": 55.99017107845824, "epsilon": 4.376521970985038, "gamma": 0.21012762612405436}, "datetime": {"datetime": "2021-09-18 12:26:45", "elapsed": 116.389296, "delta": 0.819999}}
{"target": 0.4812475957847049, "params": {"C": 54.70118003738517, "epsilon": 5.340074705615482, "gamma": 0.0001}, "datetime": {"datetime": "2021-09-18 12:26:46", "elapsed": 117.407337, "delta": 1.018041}}
{"target": 0.8609017456049296, "params": {"C": 54.25392390172424, "epsilon": 2.262763915605028, "gamma": 0.01576573088093656}, "datetime": {"datetime": "2021-09-18 12:26:47", "elapsed": 118.524299, "delta": 1.116962}}
{"target": 0.5026316690747785, "params": {"C": 53.46452291620808, "epsilon": 2.5845073183570864, "gamma": 1.0}, "datetime": {"datetime": "2021-09-18 12:26:48", "elapsed": 119.43932, "delta": 0.915021}}
{"target": 0.5258965168281879, "params": {"C": 55.43522810789563, "epsilon": 2.864103644822967, "gamma": 0.0001}, "datetime": {"datetime": "2021-09-18 12:26:49", "elapsed": 120.577332, "delta": 1.138012}}
{"target": 0.8318176204801333, "params": {"C": 53.94343032397456, "epsilon": 0.9382652305260687, "gamma": 0.2125629764500589}, "datetime": {"datetime": "2021-09-18 12:26:50", "elapsed": 121.652336, "delta": 1.075004}}
{"target": 0.8559506627135639, "params": {"C": 54.788095347658775, "epsilon": 0.0737350314343956, "gamma": 0.19460330019263364}, "datetime": {"datetime": "2021-09-18 12:26:51", "elapsed": 122.709337, "delta": 1.057001}}
{"target": 0.8769119378727519, "params": {"C": 52.954772079592935, "epsilon": 0.10352576941093025, "gamma": 0.14486755907754334}, "datetime": {"datetime": "2021-09-18 12:26:52", "elapsed": 123.653301, "delta": 0.943964}}
{"target": 0.5052470903524957, "params": {"C": 52.464016428451025, "epsilon": 1.2466855615492927, "gamma": 0.0001}, "datetime": {"datetime": "2021-09-18 12:26:53", "elapsed": 124.752299, "delta": 1.098998}}
{"target": 0.8446663584988738, "params": {"C": 53.8597196508981, "epsilon": 0.05172040025598086, "gamma": 0.21540998845195042}, "datetime": {"datetime": "2021-09-18 12:26:54", "elapsed": 125.777302, "delta": 1.025003}}
{"target": 0.5813449692805126, "params": {"C": 57.571331165328125, "epsilon": 5.02572286184763, "gamma": 0.5234726139791599}, "datetime": {"datetime": "2021-09-18 12:26:56", "elapsed": 126.870296, "delta": 1.092994}}
{"target": 0.7951058540884126, "params": {"C": 56.09854695888393, "epsilon": 0.017724703490742913, "gamma": 0.305536475209717}, "datetime": {"datetime": "2021-09-18 12:26:57", "elapsed": 127.796302, "delta": 0.926006}}
{"target": 0.8658706156061113, "params": {"C": 55.10035934635656, "epsilon": 1.068286753235752, "gamma": 0.013134382977145649}, "datetime": {"datetime": "2021-09-18 12:26:58", "elapsed": 128.845837, "delta": 1.049535}}
{"target": 0.5680970486335405, "params": {"C": 54.9256440640039, "epsilon": 0.44198965096467974, "gamma": 0.878969017457853}, "datetime": {"datetime": "2021-09-18 12:26:59", "elapsed": 129.836883, "delta": 0.991046}}
{"target": 0.1367676249729024, "params": {"C": 5.838028897114971, "epsilon": 12.296925263234531, "gamma": 0.7948871082269664}, "datetime": {"datetime": "2021-09-18 12:26:59", "elapsed": 130.767881, "delta": 0.930998}}
{"target": 0.3106172556815683, "params": {"C": 32.46321728491726, "epsilon": 9.523576885801852, "gamma": 0.0001}, "datetime": {"datetime": "2021-09-18 12:27:00", "elapsed": 131.659877, "delta": 0.891996}}
{"target": 0.8724061290822274, "params": {"C": 57.168917202099635, "epsilon": 0.20207669299780123, "gamma": 0.013937793710461685}, "datetime": {"datetime": "2021-09-18 12:27:01", "elapsed": 132.786848, "delta": 1.126971}}
{"target": 0.8991138834455791, "params": {"C": 57.78020992702788, "epsilon": 1.1709604046125555, "gamma": 0.05670905383326608}, "datetime": {"datetime": "2021-09-18 12:27:03", "elapsed": 133.904882, "delta": 1.118034}}
{"target": -0.15265332805707232, "params": {"C": 69.95768741604076, "epsilon": 20.0, "gamma": 0.0001}, "datetime": {"datetime": "2021-09-18 12:27:04", "elapsed": 134.965882, "delta": 1.061}}
{"target": 0.54467858202948, "params": {"C": 57.63879621064325, "epsilon": 0.816259486801119, "gamma": 0.9481912647564547}, "datetime": {"datetime": "2021-09-18 12:27:05", "elapsed": 135.930842, "delta": 0.96496}}
{"target": -0.1977388085309102, "params": {"C": 16.88370976285458, "epsilon": 19.924067307158946, "gamma": 0.5391425721494898}, "datetime": {"datetime": "2021-09-18 12:27:06", "elapsed": 136.973882, "delta": 1.04304}}
{"target": 0.8720959684271611, "params": {"C": 57.469052315005655, "epsilon": 2.534994903790591, "gamma": 0.10832188818933781}, "datetime": {"datetime": "2021-09-18 12:27:07", "elapsed": 137.917881, "delta": 0.943999}}
{"target": 0.843673467585938, "params": {"C": 56.53173162189425, "epsilon": 1.1451459916514615, "gamma": 0.006203341138672098}, "datetime": {"datetime": "2021-09-18 12:27:08", "elapsed": 138.830877, "delta": 0.912996}}
{"target": 0.8931943554433364, "params": {"C": 68.62143109348273, "epsilon": 2.833995568211741, "gamma": 0.047156874287810374}, "datetime": {"datetime": "2021-09-18 12:27:09", "elapsed": 139.809843, "delta": 0.978966}}
{"target": 0.5290260849769135, "params": {"C": 68.86194999582204, "epsilon": 4.1254784096002215, "gamma": 0.0001}, "datetime": {"datetime": "2021-09-18 12:27:10", "elapsed": 140.989878, "delta": 1.180035}}
{"target": 0.8949124728661335, "params": {"C": 67.57986144536912, "epsilon": 2.3754733903029415, "gamma": 0.06609823421538}, "datetime": {"datetime": "2021-09-18 12:27:11", "elapsed": 141.954877, "delta": 0.964999}}
{"target": 0.5474213069358194, "params": {"C": 68.66171278766761, "epsilon": 1.6579664713697981, "gamma": 0.0001}, "datetime": {"datetime": "2021-09-18 12:27:12", "elapsed": 142.972882, "delta": 1.018005}}
{"target": 0.5670940112850299, "params": {"C": 67.76417967916677, "epsilon": 3.0322337039541796, "gamma": 0.738253605298046}, "datetime": {"datetime": "2021-09-18 12:27:13", "elapsed": 143.898882, "delta": 0.926}}
{"target": 0.8353666783659639, "params": {"C": 66.55232745274972, "epsilon": 2.083805727701053, "gamma": 0.1722970226602593}, "datetime": {"datetime": "2021-09-18 12:27:14", "elapsed": 144.843842, "delta": 0.94496}}
{"target": 0.9057308397681503, "params": {"C": 65.79574045402079, "epsilon": 0.6493520498280867, "gamma": 0.06010499790382738}, "datetime": {"datetime": "2021-09-18 12:27:15", "elapsed": 145.871674, "delta": 1.027832}}
{"target": 0.5772682075619172, "params": {"C": 64.72487704806301, "epsilon": 0.33487955774433786, "gamma": 0.8500014835753597}, "datetime": {"datetime": "2021-09-18 12:27:16", "elapsed": 146.854715, "delta": 0.983041}}
{"target": 0.6185201901732342, "params": {"C": 66.36722380202, "epsilon": 0.7799281166308166, "gamma": 0.7067681193633872}, "datetime": {"datetime": "2021-09-18 12:27:17", "elapsed": 148.086677, "delta": 1.231962}}
{"target": 0.8900616044645083, "params": {"C": 64.98487841009606, "epsilon": 1.7905866107883714, "gamma": 0.037615835543032904}, "datetime": {"datetime": "2021-09-18 12:27:18", "elapsed": 149.212682, "delta": 1.126005}}
{"target": 0.7259385137996883, "params": {"C": 63.10768656033414, "epsilon": 2.3655958814885945, "gamma": 0.36812552284083067}, "datetime": {"datetime": "2021-09-18 12:27:19", "elapsed": 150.273678, "delta": 1.060996}}
{"target": 0.538294901143906, "params": {"C": 52.31994442246151, "epsilon": 0.0001, "gamma": 1.0}, "datetime": {"datetime": "2021-09-18 12:27:20", "elapsed": 151.218715, "delta": 0.945037}}
{"target": 0.44142831489163814, "params": {"C": 13.936130470470648, "epsilon": 7.654586115746391, "gamma": 0.5336474590895267}, "datetime": {"datetime": "2021-09-18 12:27:21", "elapsed": 152.251682, "delta": 1.032967}}
{"target": 0.8627693584552307, "params": {"C": 62.43735034814486, "epsilon": 4.058969190733905, "gamma": 0.02019843468666925}, "datetime": {"datetime": "2021-09-18 12:27:22", "elapsed": 153.473681, "delta": 1.221999}}
{"target": 0.5763436134198451, "params": {"C": 61.74531843390254, "epsilon": 3.1780408653722594, "gamma": 0.6992894690905448}, "datetime": {"datetime": "2021-09-18 12:27:24", "elapsed": 155.124675, "delta": 1.650994}}
{"target": 0.8092503152014546, "params": {"C": 63.450209167543875, "epsilon": 5.40753990795497, "gamma": 0.06861770362746854}, "datetime": {"datetime": "2021-09-18 12:27:25", "elapsed": 156.202717, "delta": 1.078042}}
{"target": 0.49704269080968677, "params": {"C": 62.99764928046155, "epsilon": 4.332728206897177, "gamma": 0.8479398829636107}, "datetime": {"datetime": "2021-09-18 12:27:26", "elapsed": 157.356683, "delta": 1.153966}}
{"target": 0.7496152938539004, "params": {"C": 63.03525066639778, "epsilon": 6.995639440782966, "gamma": 0.06632870500778212}, "datetime": {"datetime": "2021-09-18 12:27:27", "elapsed": 158.714675, "delta": 1.357992}}
{"target": 0.6916421122779746, "params": {"C": 64.54141761986241, "epsilon": 6.4520962498911745, "gamma": 0.1725990215785319}, "datetime": {"datetime": "2021-09-18 12:27:29", "elapsed": 159.903683, "delta": 1.189008}}
{"target": 0.8112478536660421, "params": {"C": 62.08256315273887, "epsilon": 5.533265201719766, "gamma": 0.061812748823455985}, "datetime": {"datetime": "2021-09-18 12:27:30", "elapsed": 161.210682, "delta": 1.306999}}
{"target": 0.48694807586589706, "params": {"C": 61.35867601597123, "epsilon": 7.4669245798560056, "gamma": 0.48156953554680265}, "datetime": {"datetime": "2021-09-18 12:27:31", "elapsed": 162.288673, "delta": 1.077991}}
{"target": 0.3880481425317348, "params": {"C": 63.907515316994925, "epsilon": 8.42523609929499, "gamma": 0.6342667085491708}, "datetime": {"datetime": "2021-09-18 12:27:32", "elapsed": 163.591716, "delta": 1.303043}}
{"target": 0.0006050815250790986, "params": {"C": 1.0, "epsilon": 15.297049607470633, "gamma": 1.0}, "datetime": {"datetime": "2021-09-18 12:27:33", "elapsed": 164.772715, "delta": 1.180999}}
{"target": 0.4319867029696798, "params": {"C": 94.0119089314139, "epsilon": 9.197428798295379, "gamma": 0.0001}, "datetime": {"datetime": "2021-09-18 12:27:35", "elapsed": 165.858674, "delta": 1.085959}}
{"target": 0.0072630931838724155, "params": {"C": 99.95785769380797, "epsilon": 15.213377846558405, "gamma": 0.250624610853124}, "datetime": {"datetime": "2021-09-18 12:27:36", "elapsed": 167.201675, "delta": 1.343001}}
{"target": 0.631857983630253, "params": {"C": 46.156853403297475, "epsilon": 0.17343197785321277, "gamma": 0.6881588151110232}, "datetime": {"datetime": "2021-09-18 12:27:38", "elapsed": 168.848674, "delta": 1.646999}}
{"target": 0.09882384898666052, "params": {"C": 64.16133227005886, "epsilon": 15.250235466437648, "gamma": 0.0001}, "datetime": {"datetime": "2021-09-18 12:27:39", "elapsed": 170.389682, "delta": 1.541008}}
{"target": 0.5156825010687941, "params": {"C": 58.06965006413509, "epsilon": 3.551385693067528, "gamma": 0.0001}, "datetime": {"datetime": "2021-09-18 12:27:40", "elapsed": 171.647676, "delta": 1.257994}}
{"target": 0.12625495021488364, "params": {"C": 84.94227550539422, "epsilon": 13.823550584832182, "gamma": 0.1761526443416484}, "datetime": {"datetime": "2021-09-18 12:27:42", "elapsed": 173.026677, "delta": 1.379001}}
{"target": 0.5557551511079784, "params": {"C": 69.99736758136943, "epsilon": 2.902202712998669, "gamma": 0.0001}, "datetime": {"datetime": "2021-09-18 12:27:43", "elapsed": 174.468711, "delta": 1.442034}}
{"target": 0.23718072226099052, "params": {"C": 5.877190577602436, "epsilon": 7.6091253149513145, "gamma": 0.9690949376214765}, "datetime": {"datetime": "2021-09-18 12:27:45", "elapsed": 176.037682, "delta": 1.568971}}
{"target": 0.5377147868717491, "params": {"C": 63.93055745926255, "epsilon": 1.2589965411151482, "gamma": 0.0001}, "datetime": {"datetime": "2021-09-18 12:27:46", "elapsed": 177.176682, "delta": 1.139}}
{"target": 0.3950387856457509, "params": {"C": 63.03285643145424, "epsilon": 6.21537525013885, "gamma": 1.0}, "datetime": {"datetime": "2021-09-18 12:27:47", "elapsed": 178.435676, "delta": 1.258994}}
{"target": 0.5944077631453557, "params": {"C": 79.9633562648249, "epsilon": 9.586853568221533, "gamma": 0.07007957562555364}, "datetime": {"datetime": "2021-09-18 12:27:48", "elapsed": 179.569679, "delta": 1.134003}}
{"target": 0.08455254473234619, "params": {"C": 11.765737192809144, "epsilon": 12.754193692326208, "gamma": 1.0}, "datetime": {"datetime": "2021-09-18 12:27:50", "elapsed": 180.942676, "delta": 1.372997}}
{"target": 0.4294837508102337, "params": {"C": 70.55717715675927, "epsilon": 10.256406051945742, "gamma": 0.20586083162025082}, "datetime": {"datetime": "2021-09-18 12:27:51", "elapsed": 182.260714, "delta": 1.318038}}
{"target": 0.24341211216451897, "params": {"C": 10.5946810797396, "epsilon": 5.5796347003046325, "gamma": 0.0001}, "datetime": {"datetime": "2021-09-18 12:27:52", "elapsed": 183.62471, "delta": 1.363996}}
{"target": 0.4961500164213106, "params": {"C": 51.02017141486803, "epsilon": 10.069502472805365, "gamma": 0.11510156543689636}, "datetime": {"datetime": "2021-09-18 12:27:54", "elapsed": 184.839674, "delta": 1.214964}}
{"target": 0.44914945969404574, "params": {"C": 75.05580484995575, "epsilon": 4.626975684260901, "gamma": 1.0}, "datetime": {"datetime": "2021-09-18 12:27:55", "elapsed": 186.008682, "delta": 1.169008}}
{"target": 0.6868661841152912, "params": {"C": 58.1757541446346, "epsilon": 8.468719158225705, "gamma": 0.011336014197513187}, "datetime": {"datetime": "2021-09-18 12:27:56", "elapsed": 187.274678, "delta": 1.265996}}
{"target": 0.2572566815796534, "params": {"C": 57.28004223828639, "epsilon": 9.619928777994888, "gamma": 0.9599072531769476}, "datetime": {"datetime": "2021-09-18 12:27:57", "elapsed": 188.553711, "delta": 1.279033}}
{"target": 0.5969260189150307, "params": {"C": 58.31197551693934, "epsilon": 6.933761575045697, "gamma": 0.28935721589244146}, "datetime": {"datetime": "2021-09-18 12:27:59", "elapsed": 189.835676, "delta": 1.281965}}
{"target": -0.06713943956111756, "params": {"C": 59.251569866692535, "epsilon": 15.948117507464133, "gamma": 1.0}, "datetime": {"datetime": "2021-09-18 12:28:00", "elapsed": 190.901716, "delta": 1.06604}}
{"target": 0.8653271868263649, "params": {"C": 87.34901217110499, "epsilon": 3.4517386563544936, "gamma": 0.017566661463766047}, "datetime": {"datetime": "2021-09-18 12:28:01", "elapsed": 192.035715, "delta": 1.133999}}
{"target": 0.4932979033032918, "params": {"C": 87.93727187690212, "epsilon": 2.992436533475635, "gamma": 1.0}, "datetime": {"datetime": "2021-09-18 12:28:02", "elapsed": 193.150716, "delta": 1.115001}}
{"target": 0.8075457661572675, "params": {"C": 86.28641094617677, "epsilon": 3.4754441369634805, "gamma": 0.15519373942574896}, "datetime": {"datetime": "2021-09-18 12:28:03", "elapsed": 194.266682, "delta": 1.115966}}
{"target": 0.6004439374388608, "params": {"C": 99.91276176280131, "epsilon": 6.4751296684923805, "gamma": 0.3263060625228325}, "datetime": {"datetime": "2021-09-18 12:28:04", "elapsed": 195.461682, "delta": 1.195}}
