{"target": -1.9594235374912419, "params": {"C": 64.7780204920945, "epsilon": 0.10257271022067767, "gamma": 0.0543144842494655}, "datetime": {"datetime": "2021-09-18 11:52:48", "elapsed": 84.254542, "delta": 0.805332}}
{"target": -1.9248049710471526, "params": {"C": 96.0715298278102, "epsilon": 0.02069903462185603, "gamma": 0.05411492668246293}, "datetime": {"datetime": "2021-09-18 11:52:49", "elapsed": 84.835459, "delta": 0.580917}}
{"target": -1.9582367804020755, "params": {"C": 57.3072200507522, "epsilon": 0.07310648260907507, "gamma": 0.059143367903330295}, "datetime": {"datetime": "2021-09-18 11:52:49", "elapsed": 85.431181, "delta": 0.595722}}
{"target": -1.9700777163807228, "params": {"C": 76.5140221925545, "epsilon": 0.01018482968389538, "gamma": 0.047094761735003224}, "datetime": {"datetime": "2021-09-18 11:52:50", "elapsed": 86.341146, "delta": 0.909965}}
{"target": -1.9406439039493177, "params": {"C": 96.06387014655303, "epsilon": 0.007069334591535756, "gamma": 0.06167489798895808}, "datetime": {"datetime": "2021-09-18 11:52:51", "elapsed": 87.10028, "delta": 0.759134}}
{"target": -1.9442589869279285, "params": {"C": 64.59598164473438, "epsilon": 0.034264948272804616, "gamma": 0.06668105915608226}, "datetime": {"datetime": "2021-09-18 11:52:52", "elapsed": 88.005347, "delta": 0.905067}}
{"target": -2.0174014921329193, "params": {"C": 87.85670312616898, "epsilon": 0.45947809569363857, "gamma": 0.04101008094040569}, "datetime": {"datetime": "2021-09-18 11:52:53", "elapsed": 88.591927, "delta": 0.58658}}
{"target": -1.9354125225810535, "params": {"C": 93.05302378151342, "epsilon": 0.07044149844687511, "gamma": 0.055132417848572916}, "datetime": {"datetime": "2021-09-18 11:52:53", "elapsed": 89.322943, "delta": 0.731016}}
{"target": -1.9453685080123462, "params": {"C": 77.65701223295805, "epsilon": 0.01913529909609514, "gamma": 0.06614210709122084}, "datetime": {"datetime": "2021-09-18 11:52:54", "elapsed": 90.16072, "delta": 0.837777}}
{"target": -1.924464373832936, "params": {"C": 76.49009051077297, "epsilon": 0.026503728980920037, "gamma": 0.057443976792689755}, "datetime": {"datetime": "2021-09-18 11:52:55", "elapsed": 91.095214, "delta": 0.934494}}
{"target": -1.9320095079369881, "params": {"C": 96.05483104954652, "epsilon": 0.02909794934919703, "gamma": 0.051827702250868274}, "datetime": {"datetime": "2021-09-18 11:52:56", "elapsed": 92.066003, "delta": 0.970789}}
{"target": -1.9545304618510522, "params": {"C": 61.485015308533725, "epsilon": 0.04816256347216723, "gamma": 0.05505277525013706}, "datetime": {"datetime": "2021-09-18 11:52:57", "elapsed": 92.704477, "delta": 0.638474}}
{"target": -1.9608222845000327, "params": {"C": 81.53980140483804, "epsilon": 0.07254892484125054, "gamma": 0.06908101242613843}, "datetime": {"datetime": "2021-09-18 11:52:57", "elapsed": 93.52111, "delta": 0.816633}}
{"target": -1.9232805670212743, "params": {"C": 73.77737894513831, "epsilon": 0.007981036437277853, "gamma": 0.06122447294497689}, "datetime": {"datetime": "2021-09-18 11:52:58", "elapsed": 94.440359, "delta": 0.919249}}
{"target": -1.9548081325403168, "params": {"C": 65.5042477272547, "epsilon": 0.11171943762038519, "gamma": 0.0644614888925943}, "datetime": {"datetime": "2021-09-18 11:52:59", "elapsed": 95.027239, "delta": 0.58688}}
{"target": -1.950025206705422, "params": {"C": 76.49164365461415, "epsilon": 0.008841814034959324, "gamma": 0.0685432003570852}, "datetime": {"datetime": "2021-09-18 11:53:00", "elapsed": 96.237471, "delta": 1.210232}}
{"target": -1.9526827876275186, "params": {"C": 73.79173924602827, "epsilon": 0.019831941458753756, "gamma": 0.06850307211128827}, "datetime": {"datetime": "2021-09-18 11:53:01", "elapsed": 97.280437, "delta": 1.042966}}
{"target": -1.9804396513766687, "params": {"C": 76.49242940385162, "epsilon": 0.04965707184033361, "gamma": 0.045979905723732124}, "datetime": {"datetime": "2021-09-18 11:53:03", "elapsed": 98.653557, "delta": 1.37312}}
{"target": -1.9332099586602716, "params": {"C": 92.12043272970223, "epsilon": 0.039158042358689256, "gamma": 0.05803653210842738}, "datetime": {"datetime": "2021-09-18 11:53:03", "elapsed": 99.536603, "delta": 0.883046}}
{"target": -1.999704382438281, "params": {"C": 73.77233046347544, "epsilon": 0.01866784863080239, "gamma": 0.04451142064891383}, "datetime": {"datetime": "2021-09-18 11:53:04", "elapsed": 100.456894, "delta": 0.920291}}
{"target": -1.9521202909912514, "params": {"C": 96.06473257819108, "epsilon": 0.027156847605494503, "gamma": 0.06626054943738692}, "datetime": {"datetime": "2021-09-18 11:53:05", "elapsed": 101.453088, "delta": 0.996194}}
{"target": -1.9559038953526453, "params": {"C": 73.77503867744134, "epsilon": 0.017113597629203642, "gamma": 0.06949745749936302}, "datetime": {"datetime": "2021-09-18 11:53:06", "elapsed": 102.279849, "delta": 0.826761}}
{"target": -1.9662218989659128, "params": {"C": 59.84932751082898, "epsilon": 0.032427417839977435, "gamma": 0.05311995763060403}, "datetime": {"datetime": "2021-09-18 11:53:07", "elapsed": 102.905502, "delta": 0.625653}}
{"target": -1.9891712763377876, "params": {"C": 77.54289862217757, "epsilon": 0.19041176199202056, "gamma": 0.04542222018059895}, "datetime": {"datetime": "2021-09-18 11:53:08", "elapsed": 103.59319, "delta": 0.687688}}
{"target": -1.942615652577762, "params": {"C": 77.64729736022846, "epsilon": 0.0383896426997122, "gamma": 0.05136012026144163}, "datetime": {"datetime": "2021-09-18 11:53:08", "elapsed": 104.566538, "delta": 0.973348}}
{"target": -1.935079539349368, "params": {"C": 92.12846003802817, "epsilon": 0.05504926102746231, "gamma": 0.05732135485809502}, "datetime": {"datetime": "2021-09-18 11:53:09", "elapsed": 105.180144, "delta": 0.613606}}
{"target": -1.9884678177455994, "params": {"C": 99.0163867983498, "epsilon": 0.29130253418617635, "gamma": 0.04021776443053284}, "datetime": {"datetime": "2021-09-18 11:53:10", "elapsed": 105.841399, "delta": 0.661255}}
{"target": -1.9551041169142351, "params": {"C": 77.67061444289554, "epsilon": 0.016149159918253483, "gamma": 0.04846187933057418}, "datetime": {"datetime": "2021-09-18 11:53:11", "elapsed": 106.735323, "delta": 0.893924}}
{"target": -1.9785207180261875, "params": {"C": 89.26249133397991, "epsilon": 0.35575211878932483, "gamma": 0.04712360098299962}, "datetime": {"datetime": "2021-09-18 11:53:11", "elapsed": 107.380244, "delta": 0.644921}}
{"target": -1.948263334536606, "params": {"C": 61.48555770466996, "epsilon": 0.045177739065208465, "gamma": 0.057094827126239235}, "datetime": {"datetime": "2021-09-18 11:53:12", "elapsed": 108.041078, "delta": 0.660834}}
{"target": -1.937977584546356, "params": {"C": 75.32747725610064, "epsilon": 0.06035234115116128, "gamma": 0.05447501478234383}, "datetime": {"datetime": "2021-09-18 11:53:13", "elapsed": 109.112953, "delta": 1.071875}}
{"target": -1.9530519885616175, "params": {"C": 75.33288742804454, "epsilon": 0.07792114742635345, "gamma": 0.06553750161253313}, "datetime": {"datetime": "2021-09-18 11:53:14", "elapsed": 110.221531, "delta": 1.108578}}
{"target": -1.9475077845240072, "params": {"C": 73.79420047237564, "epsilon": 0.0067179645921164755, "gamma": 0.05059906853465555}, "datetime": {"datetime": "2021-09-18 11:53:15", "elapsed": 111.275922, "delta": 1.054391}}
{"target": -1.9855065497449882, "params": {"C": 61.34229672249432, "epsilon": 0.4263275086075181, "gamma": 0.05554634450416533}, "datetime": {"datetime": "2021-09-18 11:53:16", "elapsed": 111.914615, "delta": 0.638693}}
{"target": -1.9665918884178273, "params": {"C": 88.52594838706835, "epsilon": 0.2747587575696576, "gamma": 0.0648950048937257}, "datetime": {"datetime": "2021-09-18 11:53:16", "elapsed": 112.576357, "delta": 0.661742}}
{"target": -1.9604381427801325, "params": {"C": 76.4855368300631, "epsilon": 0.017437277366179532, "gamma": 0.04815435200608627}, "datetime": {"datetime": "2021-09-18 11:53:17", "elapsed": 113.579765, "delta": 1.003408}}
{"target": -1.9535965435229408, "params": {"C": 76.50046023724343, "epsilon": 0.02866158783268203, "gamma": 0.06823416415884534}, "datetime": {"datetime": "2021-09-18 11:53:18", "elapsed": 114.476064, "delta": 0.896299}}
{"target": -1.9908122741246397, "params": {"C": 94.1310664057721, "epsilon": 0.07144601520076539, "gamma": 0.04055051416570343}, "datetime": {"datetime": "2021-09-18 11:53:19", "elapsed": 115.172862, "delta": 0.696798}}
{"target": -1.9570343956027936, "params": {"C": 77.65075111237957, "epsilon": 0.046984354203604264, "gamma": 0.06799530302345289}, "datetime": {"datetime": "2021-09-18 11:53:20", "elapsed": 115.972124, "delta": 0.799262}}
{"target": -1.9775098687745694, "params": {"C": 99.67060767322391, "epsilon": 0.10610319270226125, "gamma": 0.04067546449208994}, "datetime": {"datetime": "2021-09-18 11:53:21", "elapsed": 117.196633, "delta": 1.224509}}
{"target": -1.9972267542157693, "params": {"C": 75.33635348967786, "epsilon": 0.07039410975627398, "gamma": 0.04442159299198394}, "datetime": {"datetime": "2021-09-18 11:53:23", "elapsed": 118.617665, "delta": 1.421032}}
{"target": -1.979483233021993, "params": {"C": 63.47039190079511, "epsilon": 0.29319947706864546, "gamma": 0.06411236742207599}, "datetime": {"datetime": "2021-09-18 11:53:23", "elapsed": 119.290293, "delta": 0.672628}}
{"target": -1.970704049137188, "params": {"C": 93.0370740637234, "epsilon": 0.060677515627155586, "gamma": 0.06971539334396273}, "datetime": {"datetime": "2021-09-18 11:53:24", "elapsed": 120.275609, "delta": 0.985316}}
{"target": -1.9299652251064479, "params": {"C": 92.10488173274197, "epsilon": 0.04714210325967375, "gamma": 0.05354210227775135}, "datetime": {"datetime": "2021-09-18 11:53:25", "elapsed": 121.176244, "delta": 0.900635}}
{"target": -1.9292337637412142, "params": {"C": 91.97133079300751, "epsilon": 0.041327853539161505, "gamma": 0.055254938576369324}, "datetime": {"datetime": "2021-09-18 11:53:26", "elapsed": 122.008721, "delta": 0.832477}}
{"target": -1.9366888249683563, "params": {"C": 91.94982493305031, "epsilon": 0.05051181806265144, "gamma": 0.058577673040378864}, "datetime": {"datetime": "2021-09-18 11:53:27", "elapsed": 122.984075, "delta": 0.975354}}
{"target": -1.947398446808689, "params": {"C": 92.10192381689868, "epsilon": 0.0454348249889737, "gamma": 0.0653318372136805}, "datetime": {"datetime": "2021-09-18 11:53:28", "elapsed": 124.094726, "delta": 1.110651}}
{"target": -1.9889127351421403, "params": {"C": 59.38537699578395, "epsilon": 0.36521773604398977, "gamma": 0.06304424601004607}, "datetime": {"datetime": "2021-09-18 11:53:29", "elapsed": 124.780733, "delta": 0.686007}}
{"target": -1.9662172280380599, "params": {"C": 62.673776760402795, "epsilon": 0.3080825551290518, "gamma": 0.05660520290323809}, "datetime": {"datetime": "2021-09-18 11:53:29", "elapsed": 125.514506, "delta": 0.733773}}
{"target": -1.935769369665225, "params": {"C": 75.33212112507097, "epsilon": 0.040616329206127295, "gamma": 0.05433325038143111}, "datetime": {"datetime": "2021-09-18 11:53:31", "elapsed": 126.592715, "delta": 1.078209}}
{"target": -1.9915977936932203, "params": {"C": 96.05580005395117, "epsilon": 0.004969505084400869, "gamma": 0.04092992084165751}, "datetime": {"datetime": "2021-09-18 11:53:32", "elapsed": 127.788613, "delta": 1.195898}}
{"target": -1.9475916918167144, "params": {"C": 84.14508700753376, "epsilon": 0.11791646281266069, "gamma": 0.061546830558765114}, "datetime": {"datetime": "2021-09-18 11:53:32", "elapsed": 128.517461, "delta": 0.728848}}
{"target": -1.9764136259455443, "params": {"C": 79.08954916845327, "epsilon": 0.21709401208616602, "gamma": 0.06780258488886268}, "datetime": {"datetime": "2021-09-18 11:53:33", "elapsed": 129.258645, "delta": 0.741184}}
{"target": -1.931803219803046, "params": {"C": 91.95684681169132, "epsilon": 0.034813128112802544, "gamma": 0.05781533680328632}, "datetime": {"datetime": "2021-09-18 11:53:34", "elapsed": 130.235961, "delta": 0.977316}}
{"target": -1.96497731037037, "params": {"C": 93.04525839457176, "epsilon": 0.06440532843685952, "gamma": 0.04368093247252915}, "datetime": {"datetime": "2021-09-18 11:53:35", "elapsed": 131.253751, "delta": 1.01779}}
{"target": -1.928941792748099, "params": {"C": 75.35140605417597, "epsilon": 0.05035963607917384, "gamma": 0.05719720062151309}, "datetime": {"datetime": "2021-09-18 11:53:36", "elapsed": 132.417067, "delta": 1.163316}}
{"target": -1.9429634170940517, "params": {"C": 92.1156758117771, "epsilon": 0.06551925579697428, "gamma": 0.060167586579581545}, "datetime": {"datetime": "2021-09-18 11:53:37", "elapsed": 133.542738, "delta": 1.125671}}
{"target": -1.995985812570167, "params": {"C": 60.13272857235934, "epsilon": 0.38222911849294294, "gamma": 0.064126677856127}, "datetime": {"datetime": "2021-09-18 11:53:38", "elapsed": 134.275927, "delta": 0.733189}}
{"target": -1.9548196126966897, "params": {"C": 92.10305519099597, "epsilon": 0.05884696366127382, "gamma": 0.04533081148917907}, "datetime": {"datetime": "2021-09-18 11:53:39", "elapsed": 135.458666, "delta": 1.182739}}
{"target": -2.028493900889705, "params": {"C": 63.3793723857482, "epsilon": 0.4250730828295822, "gamma": 0.04442086507734257}, "datetime": {"datetime": "2021-09-18 11:53:40", "elapsed": 136.198355, "delta": 0.739689}}
{"target": -1.9411692908143878, "params": {"C": 75.3428349190464, "epsilon": 0.0528768166102151, "gamma": 0.06327065621824844}, "datetime": {"datetime": "2021-09-18 11:53:42", "elapsed": 137.645302, "delta": 1.446947}}
{"target": -1.9249440601582164, "params": {"C": 73.78343312866711, "epsilon": 0.002511214000780299, "gamma": 0.06222825886560124}, "datetime": {"datetime": "2021-09-18 11:53:43", "elapsed": 138.969672, "delta": 1.32437}}
{"target": -1.9408824930838642, "params": {"C": 94.08065462796951, "epsilon": 0.07835568856301818, "gamma": 0.051270771917077365}, "datetime": {"datetime": "2021-09-18 11:53:44", "elapsed": 139.927972, "delta": 0.9583}}
{"target": -1.9670155480049474, "params": {"C": 99.10350171583516, "epsilon": 0.22385363375979198, "gamma": 0.04367301611448945}, "datetime": {"datetime": "2021-09-18 11:53:45", "elapsed": 140.707929, "delta": 0.779957}}
{"target": -1.9383895685140502, "params": {"C": 76.4993598465883, "epsilon": 0.02832452342165042, "gamma": 0.05251923453530746}, "datetime": {"datetime": "2021-09-18 11:53:46", "elapsed": 141.667693, "delta": 0.959764}}
{"target": -1.941805763309136, "params": {"C": 75.34524665503031, "epsilon": 0.03541840191506218, "gamma": 0.05182118120219132}, "datetime": {"datetime": "2021-09-18 11:53:47", "elapsed": 142.724693, "delta": 1.057}}
{"target": -1.9431331345330274, "params": {"C": 93.04013808463966, "epsilon": 0.09396768862351886, "gamma": 0.05851516196002157}, "datetime": {"datetime": "2021-09-18 11:53:48", "elapsed": 143.862609, "delta": 1.137916}}
{"target": -1.9735889981113335, "params": {"C": 92.12127069268928, "epsilon": 0.04693625420115341, "gamma": 0.043164485780962665}, "datetime": {"datetime": "2021-09-18 11:53:49", "elapsed": 144.955107, "delta": 1.092498}}
{"target": -1.9289612087786097, "params": {"C": 64.57525435005603, "epsilon": 0.020332952924749785, "gamma": 0.06045694905711399}, "datetime": {"datetime": "2021-09-18 11:53:50", "elapsed": 145.831928, "delta": 0.876821}}
{"target": -1.9793530847378322, "params": {"C": 95.70411850844077, "epsilon": 0.3943107734931228, "gamma": 0.06246406290446638}, "datetime": {"datetime": "2021-09-18 11:53:51", "elapsed": 146.629928, "delta": 0.798}}
{"target": -1.959565598315569, "params": {"C": 91.95591922827458, "epsilon": 0.04648918709564979, "gamma": 0.04464808355993152}, "datetime": {"datetime": "2021-09-18 11:53:52", "elapsed": 147.765968, "delta": 1.13604}}
{"target": -1.988497310840657, "params": {"C": 77.67203632163736, "epsilon": 0.03607516602986548, "gamma": 0.045024283643859214}, "datetime": {"datetime": "2021-09-18 11:53:53", "elapsed": 148.891451, "delta": 1.125483}}
{"target": -1.947131607619778, "params": {"C": 75.36699466938562, "epsilon": 0.04872558630375604, "gamma": 0.05107003849938123}, "datetime": {"datetime": "2021-09-18 11:53:54", "elapsed": 150.368165, "delta": 1.476714}}
{"target": -1.9344920682950453, "params": {"C": 96.06944334367064, "epsilon": 0.039621343242266883, "gamma": 0.05153363651873249}, "datetime": {"datetime": "2021-09-18 11:53:55", "elapsed": 151.39144, "delta": 1.023275}}
{"target": -2.014332978182091, "params": {"C": 64.5821546534341, "epsilon": 0.024907992919556463, "gamma": 0.043541595159112476}, "datetime": {"datetime": "2021-09-18 11:53:56", "elapsed": 152.47142, "delta": 1.07998}}
{"target": -1.9948528990406629, "params": {"C": 99.51143479462853, "epsilon": 0.4391651740412258, "gamma": 0.04165636847679616}, "datetime": {"datetime": "2021-09-18 11:53:57", "elapsed": 153.267509, "delta": 0.796089}}
{"target": -1.9752362937532448, "params": {"C": 80.85973181240786, "epsilon": 0.27208214432100936, "gamma": 0.04785775920685533}, "datetime": {"datetime": "2021-09-18 11:53:58", "elapsed": 154.099892, "delta": 0.832383}}
{"target": -1.9361492138108936, "params": {"C": 73.78709720108861, "epsilon": 0.04631518060395482, "gamma": 0.05481377598508773}, "datetime": {"datetime": "2021-09-18 11:53:59", "elapsed": 155.481006, "delta": 1.381114}}
{"target": -1.9491555744230202, "params": {"C": 75.3382954602491, "epsilon": 0.05114207604264557, "gamma": 0.050741528261453395}, "datetime": {"datetime": "2021-09-18 11:54:01", "elapsed": 156.641748, "delta": 1.160742}}
{"target": -1.9608449372288015, "params": {"C": 93.74551621021511, "epsilon": 0.2042508468636619, "gamma": 0.04840418580347418}, "datetime": {"datetime": "2021-09-18 11:54:01", "elapsed": 157.499533, "delta": 0.857785}}
{"target": -2.0236181935975672, "params": {"C": 63.29354934921826, "epsilon": 0.27933911840419406, "gamma": 0.04445852757254247}, "datetime": {"datetime": "2021-09-18 11:54:02", "elapsed": 158.358548, "delta": 0.859015}}
{"target": -1.931114764852583, "params": {"C": 73.80484626107445, "epsilon": 0.047057515813644514, "gamma": 0.06040203357583103}, "datetime": {"datetime": "2021-09-18 11:54:04", "elapsed": 159.587748, "delta": 1.2292}}
{"target": -1.9413791541775411, "params": {"C": 64.57473213776143, "epsilon": 0.003957361179308113, "gamma": 0.06799437417655202}, "datetime": {"datetime": "2021-09-18 11:54:05", "elapsed": 160.763957, "delta": 1.176209}}
{"target": -1.9447671334342571, "params": {"C": 91.97058528847627, "epsilon": 0.03411194631065866, "gamma": 0.06444502924645826}, "datetime": {"datetime": "2021-09-18 11:54:06", "elapsed": 162.143259, "delta": 1.379302}}
{"target": -1.9595225204104112, "params": {"C": 96.56198962934326, "epsilon": 0.34997471980892186, "gamma": 0.05850604463567588}, "datetime": {"datetime": "2021-09-18 11:54:07", "elapsed": 162.999591, "delta": 0.856332}}
{"target": -1.9634156427120644, "params": {"C": 98.81360414284725, "epsilon": 0.3324633220660778, "gamma": 0.05168169237019608}, "datetime": {"datetime": "2021-09-18 11:54:08", "elapsed": 163.897367, "delta": 0.897776}}
{"target": -1.945385021299773, "params": {"C": 75.35555786928252, "epsilon": 0.07041901169484688, "gamma": 0.0633743736093541}, "datetime": {"datetime": "2021-09-18 11:54:09", "elapsed": 165.071913, "delta": 1.174546}}
{"target": -1.9541710820732192, "params": {"C": 92.135059008093, "epsilon": 0.07726178882395601, "gamma": 0.06663195462909052}, "datetime": {"datetime": "2021-09-18 11:54:10", "elapsed": 166.473888, "delta": 1.401975}}
{"target": -1.9618993077241296, "params": {"C": 80.18644078460234, "epsilon": 0.21599893443452886, "gamma": 0.061541835929804715}, "datetime": {"datetime": "2021-09-18 11:54:11", "elapsed": 167.330025, "delta": 0.856137}}
{"target": -1.9356102871572596, "params": {"C": 92.14254558920445, "epsilon": 0.05260559817326394, "gamma": 0.0578562041299645}, "datetime": {"datetime": "2021-09-18 11:54:12", "elapsed": 168.564679, "delta": 1.234654}}
{"target": -1.9406316541755457, "params": {"C": 73.79814403157414, "epsilon": 0.0578522812273835, "gamma": 0.06301817154513495}, "datetime": {"datetime": "2021-09-18 11:54:14", "elapsed": 169.763811, "delta": 1.199132}}
{"target": -1.9768494396252478, "params": {"C": 75.37301247193574, "epsilon": 0.23249789813937177, "gamma": 0.04957030602494538}, "datetime": {"datetime": "2021-09-18 11:54:15", "elapsed": 170.617535, "delta": 0.853724}}
{"target": -1.9634643109519943, "params": {"C": 98.87385540321867, "epsilon": 0.13204928221649617, "gamma": 0.04284880002783625}, "datetime": {"datetime": "2021-09-18 11:54:15", "elapsed": 171.51301, "delta": 0.895475}}
{"target": -2.0121160147280874, "params": {"C": 78.46602786111417, "epsilon": 0.1589581013693322, "gamma": 0.040146530121994956}, "datetime": {"datetime": "2021-09-18 11:54:16", "elapsed": 172.354548, "delta": 0.841538}}
{"target": -1.977931202538751, "params": {"C": 71.62286043523646, "epsilon": 0.35113132421058674, "gamma": 0.0611336550716292}, "datetime": {"datetime": "2021-09-18 11:54:17", "elapsed": 173.227868, "delta": 0.87332}}
{"target": -1.9451974451347738, "params": {"C": 96.08111067204698, "epsilon": 0.02341433816293302, "gamma": 0.04692541455756482}, "datetime": {"datetime": "2021-09-18 11:54:19", "elapsed": 174.836426, "delta": 1.608558}}
{"target": -1.955314446888826, "params": {"C": 91.94428796663527, "epsilon": 0.03276321859796925, "gamma": 0.06745084762002233}, "datetime": {"datetime": "2021-09-18 11:54:20", "elapsed": 176.175654, "delta": 1.339228}}
{"target": -1.9465020174881162, "params": {"C": 94.10006547858478, "epsilon": 0.07108089858707609, "gamma": 0.06168814130259378}, "datetime": {"datetime": "2021-09-18 11:54:21", "elapsed": 177.384161, "delta": 1.208507}}
{"target": -1.9490600330911974, "params": {"C": 73.79496569891865, "epsilon": 0.031462100819142226, "gamma": 0.05084604453955437}, "datetime": {"datetime": "2021-09-18 11:54:23", "elapsed": 178.624057, "delta": 1.239896}}
