{"target": -2.534028882041891, "params": {"C": 370.76680772573286, "epsilon": 0.23459952575896925, "gamma": 0.11610843985875538}, "datetime": {"datetime": "2021-09-19 09:37:23", "elapsed": 69.515405, "delta": 0.727958}}
{"target": -2.097059536755124, "params": {"C": 318.53850548378813, "epsilon": 0.2484210564978825, "gamma": 0.0633354064595282}, "datetime": {"datetime": "2021-09-19 09:37:23", "elapsed": 70.064093, "delta": 0.548688}}
{"target": -2.4752962019169, "params": {"C": 291.62268294078035, "epsilon": 0.06755560187088509, "gamma": 0.12169772895777269}, "datetime": {"datetime": "2021-09-19 09:37:24", "elapsed": 70.751135, "delta": 0.687042}}
{"target": -2.416551537271563, "params": {"C": 339.6565722995948, "epsilon": 0.13418774856496352, "gamma": 0.10671008015000522}, "datetime": {"datetime": "2021-09-19 09:37:25", "elapsed": 71.466765, "delta": 0.71563}}
{"target": -2.036607505953943, "params": {"C": 339.8710418511214, "epsilon": 0.0977145986544663, "gamma": 0.05043211509897233}, "datetime": {"datetime": "2021-09-19 09:37:25", "elapsed": 72.19066, "delta": 0.723895}}
{"target": -1.9851066951987633, "params": {"C": 250.75826830264427, "epsilon": 0.16188528845251401, "gamma": 0.029946621510285536}, "datetime": {"datetime": "2021-09-19 09:37:26", "elapsed": 72.712661, "delta": 0.522001}}
{"target": -2.2163090386286215, "params": {"C": 369.70836477513296, "epsilon": 0.04599455738924007, "gamma": 0.08176125702143174}, "datetime": {"datetime": "2021-09-19 09:37:27", "elapsed": 73.299659, "delta": 0.586998}}
{"target": -2.393667921719785, "params": {"C": 250.66277622343932, "epsilon": 0.10406830786195638, "gamma": 0.11306821345656455}, "datetime": {"datetime": "2021-09-19 09:37:27", "elapsed": 74.002623, "delta": 0.702964}}
{"target": -2.1579500991334677, "params": {"C": 339.819524740651, "epsilon": 0.01563774047757138, "gamma": 0.07782525280129032}, "datetime": {"datetime": "2021-09-19 09:37:28", "elapsed": 74.874872, "delta": 0.872249}}
{"target": -2.2252822860772246, "params": {"C": 370.922881647739, "epsilon": 0.049417304443092676, "gamma": 0.0826733263607392}, "datetime": {"datetime": "2021-09-19 09:37:29", "elapsed": 75.706795, "delta": 0.831923}}
{"target": -2.0164723785951715, "params": {"C": 291.7657910993095, "epsilon": 0.1800894649834115, "gamma": 0.02}, "datetime": {"datetime": "2021-09-19 09:37:30", "elapsed": 76.380271, "delta": 0.673476}}
{"target": -2.4714782478082866, "params": {"C": 283.36314002275856, "epsilon": 0.2225770735142739, "gamma": 0.11786939563216385}, "datetime": {"datetime": "2021-09-19 09:37:30", "elapsed": 77.035975, "delta": 0.655704}}
{"target": -2.127464072614403, "params": {"C": 282.6285645988598, "epsilon": 0.0075645243283887055, "gamma": 0.07828086536731005}, "datetime": {"datetime": "2021-09-19 09:37:31", "elapsed": 77.708174, "delta": 0.672199}}
{"target": -2.0251953921985506, "params": {"C": 260.612839778938, "epsilon": 0.11937271203355629, "gamma": 0.02056158899772428}, "datetime": {"datetime": "2021-09-19 09:37:32", "elapsed": 78.415175, "delta": 0.707001}}
{"target": -2.0597874475212006, "params": {"C": 339.81649081311764, "epsilon": 0.2118238488592934, "gamma": 0.05083054415963213}, "datetime": {"datetime": "2021-09-19 09:37:33", "elapsed": 79.283256, "delta": 0.868081}}
{"target": -1.9869423185502286, "params": {"C": 240.03770225849252, "epsilon": 0.10488446545624591, "gamma": 0.027407252812017203}, "datetime": {"datetime": "2021-09-19 09:37:33", "elapsed": 80.14053, "delta": 0.857274}}
{"target": -2.435534196815086, "params": {"C": 240.03974152868403, "epsilon": 0.05355059697186278, "gamma": 0.12280130141211247}, "datetime": {"datetime": "2021-09-19 09:37:34", "elapsed": 81.025532, "delta": 0.885002}}
{"target": -1.9577565415257714, "params": {"C": 202.7769699619272, "epsilon": 0.22429537674701389, "gamma": 0.03129199019759203}, "datetime": {"datetime": "2021-09-19 09:37:35", "elapsed": 81.57653, "delta": 0.550998}}
{"target": -2.1428201448913184, "params": {"C": 202.73218103389192, "epsilon": 0.27379086722637425, "gamma": 0.0823393627831363}, "datetime": {"datetime": "2021-09-19 09:37:36", "elapsed": 82.574536, "delta": 0.998006}}
{"target": -1.9794340960872356, "params": {"C": 202.70217087864876, "epsilon": 0.14509253336310823, "gamma": 0.044062378492769796}, "datetime": {"datetime": "2021-09-19 09:37:37", "elapsed": 83.350527, "delta": 0.775991}}
{"target": -2.076803022455687, "params": {"C": 267.7953609559431, "epsilon": 0.09609461092174006, "gamma": 0.06720793956420042}, "datetime": {"datetime": "2021-09-19 09:37:37", "elapsed": 83.95553, "delta": 0.605003}}
{"target": -2.384249764119871, "params": {"C": 202.76555172856237, "epsilon": 0.11470711561465016, "gamma": 0.11869762679700903}, "datetime": {"datetime": "2021-09-19 09:37:38", "elapsed": 84.729262, "delta": 0.773732}}
{"target": -1.9616030588012405, "params": {"C": 202.6123240318724, "epsilon": 0.14486927256150034, "gamma": 0.03835747809325901}, "datetime": {"datetime": "2021-09-19 09:37:39", "elapsed": 85.520049, "delta": 0.790787}}
{"target": -2.060392841871514, "params": {"C": 202.63667983620485, "epsilon": 0.054399040329261746, "gamma": 0.02}, "datetime": {"datetime": "2021-09-19 09:37:39", "elapsed": 86.254426, "delta": 0.734377}}
{"target": -2.35072897823611, "params": {"C": 282.9900797386013, "epsilon": 0.19311034685193765, "gamma": 0.1021581162131753}, "datetime": {"datetime": "2021-09-19 09:37:40", "elapsed": 86.918048, "delta": 0.663622}}
{"target": -1.9984808100407059, "params": {"C": 265.65906577719073, "epsilon": 0.12657935073803336, "gamma": 0.0292485874273967}, "datetime": {"datetime": "2021-09-19 09:37:41", "elapsed": 87.499048, "delta": 0.581}}
{"target": -2.0432641760842065, "params": {"C": 225.63696306840023, "epsilon": 0.012723796284605739, "gamma": 0.06308764079410632}, "datetime": {"datetime": "2021-09-19 09:37:41", "elapsed": 88.123048, "delta": 0.624}}
{"target": -1.954425591905891, "params": {"C": 202.64000229205166, "epsilon": 0.2497411513364127, "gamma": 0.0360802280977669}, "datetime": {"datetime": "2021-09-19 09:37:42", "elapsed": 88.870048, "delta": 0.747}}
{"target": -2.0082184746063847, "params": {"C": 202.53537144047385, "epsilon": 0.22719995462765108, "gamma": 0.05783429754715215}, "datetime": {"datetime": "2021-09-19 09:37:43", "elapsed": 89.755436, "delta": 0.885388}}
{"target": -2.029914959879637, "params": {"C": 265.76640514368154, "epsilon": 0.11401718426583274, "gamma": 0.020249994377008956}, "datetime": {"datetime": "2021-09-19 09:37:44", "elapsed": 90.477973, "delta": 0.722537}}
{"target": -1.9676246084445808, "params": {"C": 375.28102066071585, "epsilon": 0.27100967113457136, "gamma": 0.028376915412914913}, "datetime": {"datetime": "2021-09-19 09:37:44", "elapsed": 91.116972, "delta": 0.638999}}
{"target": -2.283035182744549, "params": {"C": 265.7058641342745, "epsilon": 0.08941132240085178, "gamma": 0.09933750951732523}, "datetime": {"datetime": "2021-09-19 09:37:45", "elapsed": 91.923365, "delta": 0.806393}}
{"target": -2.0334562094302537, "params": {"C": 202.51665052446836, "epsilon": 0.10620134619581778, "gamma": 0.06327925710278216}, "datetime": {"datetime": "2021-09-19 09:37:46", "elapsed": 92.781979, "delta": 0.858614}}
{"target": -2.3731532205169783, "params": {"C": 202.6203002117669, "epsilon": 0.1863128259351764, "gamma": 0.11574255949194329}, "datetime": {"datetime": "2021-09-19 09:37:47", "elapsed": 93.614217, "delta": 0.832238}}
{"target": -2.020719114292845, "params": {"C": 265.70777209318277, "epsilon": 0.21736398926791703, "gamma": 0.02}, "datetime": {"datetime": "2021-09-19 09:37:48", "elapsed": 94.619254, "delta": 1.005037}}
{"target": -2.424714483447991, "params": {"C": 327.91068614852463, "epsilon": 0.028506615287424465, "gamma": 0.11136681477659333}, "datetime": {"datetime": "2021-09-19 09:37:49", "elapsed": 95.512476, "delta": 0.893222}}
{"target": -2.0059229728690924, "params": {"C": 327.7023653800792, "epsilon": 0.04016408121772536, "gamma": 0.04679874823488295}, "datetime": {"datetime": "2021-09-19 09:37:50", "elapsed": 96.356885, "delta": 0.844409}}
{"target": -1.9875281232665354, "params": {"C": 262.4314370967562, "epsilon": 0.24140247253359073, "gamma": 0.03978010162276077}, "datetime": {"datetime": "2021-09-19 09:37:50", "elapsed": 96.950634, "delta": 0.593749}}
{"target": -2.0408234426296645, "params": {"C": 202.45405935883227, "epsilon": 0.1934963343805004, "gamma": 0.020408375689529825}, "datetime": {"datetime": "2021-09-19 09:37:51", "elapsed": 97.730294, "delta": 0.77966}}
{"target": -2.466910124123834, "params": {"C": 262.5119203347535, "epsilon": 0.1990506346130072, "gamma": 0.12046226836112071}, "datetime": {"datetime": "2021-09-19 09:37:52", "elapsed": 98.568615, "delta": 0.838321}}
{"target": -1.983103474331053, "params": {"C": 262.313265151752, "epsilon": 0.1991953500155793, "gamma": 0.03923146411142447}, "datetime": {"datetime": "2021-09-19 09:37:53", "elapsed": 99.458643, "delta": 0.890028}}
{"target": -2.0028496947328613, "params": {"C": 216.86051397509232, "epsilon": 0.1463880520201187, "gamma": 0.022920737281545586}, "datetime": {"datetime": "2021-09-19 09:37:54", "elapsed": 100.515643, "delta": 1.057}}
{"target": -2.1766058911409645, "params": {"C": 262.2265472228961, "epsilon": 0.25824684375967527, "gamma": 0.08238267364728608}, "datetime": {"datetime": "2021-09-19 09:37:55", "elapsed": 101.296893, "delta": 0.78125}}
{"target": -2.1317903471332382, "params": {"C": 262.37600785858854, "epsilon": 0.29067848193316104, "gamma": 0.07394579323471223}, "datetime": {"datetime": "2021-09-19 09:37:55", "elapsed": 102.166905, "delta": 0.870012}}
{"target": -2.005354621921895, "params": {"C": 262.32747840780956, "epsilon": 0.08279426317607094, "gamma": 0.027635162029205157}, "datetime": {"datetime": "2021-09-19 09:37:56", "elapsed": 102.994345, "delta": 0.82744}}
{"target": -1.9590633683862528, "params": {"C": 283.183664722603, "epsilon": 0.25254843903980084, "gamma": 0.028912968714033857}, "datetime": {"datetime": "2021-09-19 09:37:57", "elapsed": 103.888826, "delta": 0.894481}}
{"target": -2.4635083145529095, "params": {"C": 250.01846837936824, "epsilon": 0.07186408634802305, "gamma": 0.12599978520124197}, "datetime": {"datetime": "2021-09-19 09:37:58", "elapsed": 104.545036, "delta": 0.65621}}
{"target": -2.5461063456193096, "params": {"C": 262.2930299669559, "epsilon": 0.11746310730381355, "gamma": 0.13545837899528843}, "datetime": {"datetime": "2021-09-19 09:37:59", "elapsed": 105.776541, "delta": 1.231505}}
{"target": -2.026323789543947, "params": {"C": 282.8591578665261, "epsilon": 0.07131113199829914, "gamma": 0.02128774954235577}, "datetime": {"datetime": "2021-09-19 09:38:00", "elapsed": 106.792199, "delta": 1.015658}}
{"target": -2.005172560451047, "params": {"C": 374.74243327776446, "epsilon": 0.19640121585541506, "gamma": 0.0246166965335509}, "datetime": {"datetime": "2021-09-19 09:38:01", "elapsed": 107.639418, "delta": 0.847219}}
{"target": -2.483915891251087, "params": {"C": 374.81939106516865, "epsilon": 0.2621662015416891, "gamma": 0.10823775952207992}, "datetime": {"datetime": "2021-09-19 09:38:02", "elapsed": 108.659666, "delta": 1.020248}}
{"target": -1.9863148312827488, "params": {"C": 327.72904635231447, "epsilon": 0.13089204057072573, "gamma": 0.033022942907893066}, "datetime": {"datetime": "2021-09-19 09:38:03", "elapsed": 109.606623, "delta": 0.946957}}
{"target": -2.6309184458213135, "params": {"C": 327.67906257129874, "epsilon": 0.16692649958414824, "gamma": 0.141786605343975}, "datetime": {"datetime": "2021-09-19 09:38:04", "elapsed": 110.645624, "delta": 1.039001}}
{"target": -2.002217470512957, "params": {"C": 327.8445361877868, "epsilon": 0.16012485213979974, "gamma": 0.026680386411982032}, "datetime": {"datetime": "2021-09-19 09:38:05", "elapsed": 111.563626, "delta": 0.918002}}
{"target": -2.0986603511698534, "params": {"C": 225.43185874273468, "epsilon": 0.021374723325455716, "gamma": 0.07685314973261746}, "datetime": {"datetime": "2021-09-19 09:38:05", "elapsed": 112.244665, "delta": 0.681039}}
{"target": -1.9646627188806642, "params": {"C": 265.56688353516324, "epsilon": 0.20017242737499155, "gamma": 0.030278345125111898}, "datetime": {"datetime": "2021-09-19 09:38:06", "elapsed": 113.155665, "delta": 0.911}}
{"target": -2.4566106935516463, "params": {"C": 265.599359012649, "epsilon": 0.2758713936524939, "gamma": 0.11736901087586411}, "datetime": {"datetime": "2021-09-19 09:38:08", "elapsed": 114.283681, "delta": 1.128016}}
{"target": -2.106742092784549, "params": {"C": 214.01887528765175, "epsilon": 0.29250411090478834, "gamma": 0.07259629375082619}, "datetime": {"datetime": "2021-09-19 09:38:08", "elapsed": 114.925423, "delta": 0.641742}}
{"target": -2.275156133036321, "params": {"C": 251.99255671047283, "epsilon": 0.06632790437365386, "gamma": 0.09991975208298909}, "datetime": {"datetime": "2021-09-19 09:38:09", "elapsed": 115.588015, "delta": 0.662592}}
{"target": -1.9839376741995447, "params": {"C": 374.44474804999095, "epsilon": 0.2595719628690221, "gamma": 0.023586375635498973}, "datetime": {"datetime": "2021-09-19 09:38:10", "elapsed": 116.588014, "delta": 0.999999}}
{"target": -2.070686596004688, "params": {"C": 265.53504250697824, "epsilon": 0.07078377017317551, "gamma": 0.06547573819908455}, "datetime": {"datetime": "2021-09-19 09:38:11", "elapsed": 117.533975, "delta": 0.945961}}
{"target": -1.9813692237061329, "params": {"C": 210.18383723523303, "epsilon": 0.09200049975370282, "gamma": 0.03310984927578392}, "datetime": {"datetime": "2021-09-19 09:38:11", "elapsed": 118.186712, "delta": 0.652737}}
{"target": -1.982482130302104, "params": {"C": 265.48273912801176, "epsilon": 0.1392620542181428, "gamma": 0.02589300738576494}, "datetime": {"datetime": "2021-09-19 09:38:12", "elapsed": 119.026713, "delta": 0.840001}}
{"target": -1.985855127500108, "params": {"C": 210.08671568848632, "epsilon": 0.07120066167896147, "gamma": 0.046850769407704426}, "datetime": {"datetime": "2021-09-19 09:38:14", "elapsed": 120.366823, "delta": 1.34011}}
{"target": -2.268512634642451, "params": {"C": 210.1655671202604, "epsilon": 0.01709219811759695, "gamma": 0.10421709213858639}, "datetime": {"datetime": "2021-09-19 09:38:15", "elapsed": 121.412819, "delta": 1.045996}}
{"target": -1.9961348748951124, "params": {"C": 210.15686072436583, "epsilon": 0.2300183562686975, "gamma": 0.05172886500782596}, "datetime": {"datetime": "2021-09-19 09:38:16", "elapsed": 122.320382, "delta": 0.907563}}
{"target": -1.9910936774595276, "params": {"C": 262.4174548911318, "epsilon": 0.12935485629296634, "gamma": 0.023470014951858013}, "datetime": {"datetime": "2021-09-19 09:38:16", "elapsed": 123.137262, "delta": 0.81688}}
{"target": -1.9724275027270022, "params": {"C": 210.1079967252361, "epsilon": 0.1711822738124373, "gamma": 0.031811816382683905}, "datetime": {"datetime": "2021-09-19 09:38:17", "elapsed": 124.069058, "delta": 0.931796}}
{"target": -2.4486257165310734, "params": {"C": 210.0982960483271, "epsilon": 0.16825081791384783, "gamma": 0.12602294344713727}, "datetime": {"datetime": "2021-09-19 09:38:18", "elapsed": 125.112059, "delta": 1.043001}}
{"target": -1.9912796140062365, "params": {"C": 210.28186315953724, "epsilon": 0.26700547267516983, "gamma": 0.023743466808639844}, "datetime": {"datetime": "2021-09-19 09:38:19", "elapsed": 126.220368, "delta": 1.108309}}
{"target": -2.0006547881886427, "params": {"C": 210.26319046444655, "epsilon": 0.14825981333715627, "gamma": 0.05689092502209191}, "datetime": {"datetime": "2021-09-19 09:38:21", "elapsed": 127.438727, "delta": 1.218359}}
{"target": -2.501185712085911, "params": {"C": 210.2845010326977, "epsilon": 0.2434259061697135, "gamma": 0.13512980559602308}, "datetime": {"datetime": "2021-09-19 09:38:22", "elapsed": 128.745949, "delta": 1.307222}}
{"target": -1.9793669210615947, "params": {"C": 374.768073870241, "epsilon": 0.2988051765255868, "gamma": 0.023494776623901266}, "datetime": {"datetime": "2021-09-19 09:38:23", "elapsed": 129.457624, "delta": 0.711675}}
{"target": -2.4695047697311012, "params": {"C": 241.1756169599787, "epsilon": 0.18742188924456488, "gamma": 0.12448692549566259}, "datetime": {"datetime": "2021-09-19 09:38:23", "elapsed": 130.189699, "delta": 0.732075}}
{"target": -2.293893239063325, "params": {"C": 283.1512630066908, "epsilon": 0.27019248105241256, "gamma": 0.09608021736966221}, "datetime": {"datetime": "2021-09-19 09:38:25", "elapsed": 131.402553, "delta": 1.212854}}
{"target": -2.0012099840289093, "params": {"C": 375.18675569834767, "epsilon": 0.3, "gamma": 0.02}, "datetime": {"datetime": "2021-09-19 09:38:26", "elapsed": 132.50118, "delta": 1.098627}}
{"target": -2.044016995511528, "params": {"C": 210.28138783181743, "epsilon": 0.06747799255144235, "gamma": 0.020995817562828}, "datetime": {"datetime": "2021-09-19 09:38:27", "elapsed": 133.386255, "delta": 0.885075}}
{"target": -2.113330359822461, "params": {"C": 233.6760707805802, "epsilon": 0.11318674877448939, "gamma": 0.07942333648199106}, "datetime": {"datetime": "2021-09-19 09:38:27", "elapsed": 134.094255, "delta": 0.708}}
{"target": -2.2900496781752193, "params": {"C": 260.6574291464249, "epsilon": 0.021281781136232622, "gamma": 0.10168721603271118}, "datetime": {"datetime": "2021-09-19 09:38:29", "elapsed": 135.380255, "delta": 1.286}}
{"target": -2.4372385820607607, "params": {"C": 223.414682590365, "epsilon": 0.2332796695322841, "gamma": 0.11985839937686628}, "datetime": {"datetime": "2021-09-19 09:38:29", "elapsed": 136.121255, "delta": 0.741}}
{"target": -2.032051545203665, "params": {"C": 265.5724631942725, "epsilon": 0.13103047525022807, "gamma": 0.02}, "datetime": {"datetime": "2021-09-19 09:38:30", "elapsed": 137.096594, "delta": 0.975339}}
{"target": -2.019269089208936, "params": {"C": 262.39144528151115, "epsilon": 0.03355173090696061, "gamma": 0.023137660354963573}, "datetime": {"datetime": "2021-09-19 09:38:32", "elapsed": 138.506332, "delta": 1.409738}}
{"target": -2.088362635430118, "params": {"C": 265.4239175042819, "epsilon": 0.2127399996373564, "gamma": 0.06607714523005474}, "datetime": {"datetime": "2021-09-19 09:38:33", "elapsed": 139.767334, "delta": 1.261002}}
{"target": -2.3540521865822903, "params": {"C": 246.28629707629423, "epsilon": 0.09651183755539396, "gamma": 0.10901118676823911}, "datetime": {"datetime": "2021-09-19 09:38:34", "elapsed": 140.581334, "delta": 0.814}}
{"target": -2.61271186572041, "params": {"C": 309.0849963845794, "epsilon": 0.13896157179845614, "gamma": 0.14047786785173824}, "datetime": {"datetime": "2021-09-19 09:38:35", "elapsed": 141.403334, "delta": 0.822}}
{"target": -2.0375283883628, "params": {"C": 210.21763033371343, "epsilon": 0.1963625577903043, "gamma": 0.020507750527882212}, "datetime": {"datetime": "2021-09-19 09:38:36", "elapsed": 142.437333, "delta": 1.033999}}
{"target": -2.624090761587661, "params": {"C": 282.60872752050267, "epsilon": 0.11442133077170683, "gamma": 0.149255328822324}, "datetime": {"datetime": "2021-09-19 09:38:37", "elapsed": 143.434334, "delta": 0.997001}}
{"target": -2.1013082537232304, "params": {"C": 250.97577777572036, "epsilon": 0.19265266919552132, "gamma": 0.07332261390143065}, "datetime": {"datetime": "2021-09-19 09:38:38", "elapsed": 144.812185, "delta": 1.377851}}
{"target": -1.9550625515436517, "params": {"C": 202.70527776866217, "epsilon": 0.21621368827495585, "gamma": 0.03343110398724865}, "datetime": {"datetime": "2021-09-19 09:38:39", "elapsed": 145.902679, "delta": 1.090494}}
{"target": -2.4627483846745, "params": {"C": 226.6640372711276, "epsilon": 0.24411170365576282, "gamma": 0.1245489373765503}, "datetime": {"datetime": "2021-09-19 09:38:40", "elapsed": 146.663714, "delta": 0.761035}}
{"target": -2.0033950459106618, "params": {"C": 283.14640595731123, "epsilon": 0.1918398134209731, "gamma": 0.02097614794887569}, "datetime": {"datetime": "2021-09-19 09:38:41", "elapsed": 147.773814, "delta": 1.1101}}
{"target": -1.974660682038388, "params": {"C": 240.77987993803566, "epsilon": 0.27139268949405027, "gamma": 0.03915708200181778}, "datetime": {"datetime": "2021-09-19 09:38:42", "elapsed": 148.522855, "delta": 0.749041}}
{"target": -1.9881181457610548, "params": {"C": 210.00800559146268, "epsilon": 0.04258383392195965, "gamma": 0.028159437817835826}, "datetime": {"datetime": "2021-09-19 09:38:43", "elapsed": 149.705815, "delta": 1.18296}}
{"target": -2.0320013470674207, "params": {"C": 251.06608269375133, "epsilon": 0.00947101502176989, "gamma": 0.021680440012058502}, "datetime": {"datetime": "2021-09-19 09:38:44", "elapsed": 150.986589, "delta": 1.280774}}
{"target": -2.018131820128987, "params": {"C": 217.19846307226447, "epsilon": 0.2265479083264485, "gamma": 0.021393532689477763}, "datetime": {"datetime": "2021-09-19 09:38:46", "elapsed": 152.390589, "delta": 1.404}}
{"target": -2.0117607512532896, "params": {"C": 396.1021813731964, "epsilon": 0.14326577534277352, "gamma": 0.03591640316278761}, "datetime": {"datetime": "2021-09-19 09:38:46", "elapsed": 153.206588, "delta": 0.815999}}
{"target": -2.028218205884782, "params": {"C": 240.68550389945133, "epsilon": 0.3, "gamma": 0.02}, "datetime": {"datetime": "2021-09-19 09:38:48", "elapsed": 154.351703, "delta": 1.145115}}
{"target": -1.9508248787714013, "params": {"C": 259.06037031162776, "epsilon": 0.28864588802091723, "gamma": 0.02683736012585486}, "datetime": {"datetime": "2021-09-19 09:38:49", "elapsed": 155.55168, "delta": 1.199977}}
{"target": -1.9479039184565285, "params": {"C": 210.10511579059676, "epsilon": 0.2908378565416369, "gamma": 0.02963634893308632}, "datetime": {"datetime": "2021-09-19 09:38:50", "elapsed": 156.952201, "delta": 1.400521}}
{"target": -2.0206464720427606, "params": {"C": 210.38065257633875, "epsilon": 0.16274845438769406, "gamma": 0.021690566086390976}, "datetime": {"datetime": "2021-09-19 09:38:51", "elapsed": 158.164254, "delta": 1.212053}}
