{"target": 0.9033965875557506, "params": {"C": 459.4283182800045, "epsilon": 0.5316718248909019, "gamma": 0.07841841070944702}, "datetime": {"datetime": "2021-09-18 15:28:44", "elapsed": 29.717618, "delta": 0.380996}}
{"target": 0.9047618240266234, "params": {"C": 459.4538208473574, "epsilon": 0.6023301274686257, "gamma": 0.07923023137484972}, "datetime": {"datetime": "2021-09-18 15:28:44", "elapsed": 30.131617, "delta": 0.413999}}
{"target": 0.9075141687289315, "params": {"C": 368.2629943695578, "epsilon": 0.6252068322364903, "gamma": 0.06187406602320616}, "datetime": {"datetime": "2021-09-18 15:28:45", "elapsed": 30.594623, "delta": 0.463006}}
{"target": 0.8756863760804725, "params": {"C": 459.4171896748439, "epsilon": 0.4976735091772896, "gamma": 0.1434524962466637}, "datetime": {"datetime": "2021-09-18 15:28:45", "elapsed": 31.017654, "delta": 0.423031}}
{"target": 0.8942147690775751, "params": {"C": 417.9813132209744, "epsilon": 0.026634419860673598, "gamma": 0.06557551443383056}, "datetime": {"datetime": "2021-09-18 15:28:46", "elapsed": 31.459658, "delta": 0.442004}}
{"target": 0.8776726202806091, "params": {"C": 660.1240726234118, "epsilon": 0.6556213327931713, "gamma": 0.11691064581434467}, "datetime": {"datetime": "2021-09-18 15:28:46", "elapsed": 31.874618, "delta": 0.41496}}
{"target": 0.910515647938289, "params": {"C": 368.57585017595636, "epsilon": 0.7600915680877547, "gamma": 0.07104339153841185}, "datetime": {"datetime": "2021-09-18 15:28:47", "elapsed": 32.240619, "delta": 0.366001}}
{"target": 0.9090840580034933, "params": {"C": 409.49268476973344, "epsilon": 0.7013681661537917, "gamma": 0.06715126292976242}, "datetime": {"datetime": "2021-09-18 15:28:47", "elapsed": 32.686624, "delta": 0.446005}}
{"target": 0.898712367134038, "params": {"C": 368.55584607431734, "epsilon": 0.6416089042672948, "gamma": 0.05227735771378721}, "datetime": {"datetime": "2021-09-18 15:28:47", "elapsed": 33.107617, "delta": 0.420993}}
{"target": 0.8878852289838316, "params": {"C": 575.3879416501441, "epsilon": 0.4732563997391348, "gamma": 0.09067135713049107}, "datetime": {"datetime": "2021-09-18 15:28:48", "elapsed": 33.567614, "delta": 0.459997}}
{"target": 0.8988713614280509, "params": {"C": 334.3875908614374, "epsilon": 0.47855559187529095, "gamma": 0.0999222112305361}, "datetime": {"datetime": "2021-09-18 15:28:48", "elapsed": 34.009771, "delta": 0.442157}}
{"target": 0.9026317664069604, "params": {"C": 409.5375447588653, "epsilon": 0.7667365739047955, "gamma": 0.08989437638465277}, "datetime": {"datetime": "2021-09-18 15:28:49", "elapsed": 34.453811, "delta": 0.44404}}
{"target": 0.9065549481170078, "params": {"C": 367.8391433953148, "epsilon": 0.7366295217150659, "gamma": 0.05912787258641199}, "datetime": {"datetime": "2021-09-18 15:28:49", "elapsed": 34.910805, "delta": 0.456994}}
{"target": 0.8766692308791779, "params": {"C": 558.1347219760084, "epsilon": 0.17957192953638434, "gamma": 0.11585273647711523}, "datetime": {"datetime": "2021-09-18 15:28:50", "elapsed": 35.395812, "delta": 0.485007}}
{"target": 0.9008984367511131, "params": {"C": 401.91868256693374, "epsilon": 0.7401517269958986, "gamma": 0.05329825759538931}, "datetime": {"datetime": "2021-09-18 15:28:50", "elapsed": 35.846774, "delta": 0.450962}}
{"target": 0.8994980690670813, "params": {"C": 370.45267073417284, "epsilon": 0.17260911608864452, "gamma": 0.06383054057778634}, "datetime": {"datetime": "2021-09-18 15:28:51", "elapsed": 36.290771, "delta": 0.443997}}
{"target": 0.8880015603449095, "params": {"C": 661.6816666432483, "epsilon": 0.06188973871004834, "gamma": 0.06338806396644343}, "datetime": {"datetime": "2021-09-18 15:28:51", "elapsed": 36.812773, "delta": 0.522002}}
{"target": 0.9034541408441006, "params": {"C": 459.5329943872874, "epsilon": 0.5674839272172754, "gamma": 0.08088669350498259}, "datetime": {"datetime": "2021-09-18 15:28:52", "elapsed": 37.278766, "delta": 0.465993}}
{"target": 0.9076821641661068, "params": {"C": 409.5346572665658, "epsilon": 0.6607497800009822, "gamma": 0.07776587136888768}, "datetime": {"datetime": "2021-09-18 15:28:52", "elapsed": 37.79277, "delta": 0.514004}}
{"target": 0.9024766220772831, "params": {"C": 368.7245139232545, "epsilon": 0.7677840993311116, "gamma": 0.05522763701289512}, "datetime": {"datetime": "2021-09-18 15:28:53", "elapsed": 38.417173, "delta": 0.624403}}
{"target": 0.90769522039278, "params": {"C": 401.93823516817, "epsilon": 0.6085733630936916, "gamma": 0.07623078695363714}, "datetime": {"datetime": "2021-09-18 15:28:53", "elapsed": 38.903169, "delta": 0.485996}}
{"target": 0.8859758056581999, "params": {"C": 526.7921465607933, "epsilon": 0.2545725544386264, "gamma": 0.09418918433463966}, "datetime": {"datetime": "2021-09-18 15:28:54", "elapsed": 39.408165, "delta": 0.504996}}
{"target": 0.9075282948985466, "params": {"C": 401.9416774216877, "epsilon": 0.5278539024204808, "gamma": 0.0718720980391622}, "datetime": {"datetime": "2021-09-18 15:28:54", "elapsed": 39.988163, "delta": 0.579998}}
{"target": 0.8964137713745349, "params": {"C": 334.5209566499033, "epsilon": 0.3751249669328003, "gamma": 0.05442397144333441}, "datetime": {"datetime": "2021-09-18 15:28:55", "elapsed": 40.493167, "delta": 0.505004}}
{"target": 0.9027367801589293, "params": {"C": 401.97823295965026, "epsilon": 0.48456927409988654, "gamma": 0.05700155922736368}, "datetime": {"datetime": "2021-09-18 15:28:55", "elapsed": 40.975164, "delta": 0.481997}}
{"target": 0.8762546740110984, "params": {"C": 459.53782200987393, "epsilon": 0.6261627581837809, "gamma": 0.14680800876535594}, "datetime": {"datetime": "2021-09-18 15:28:56", "elapsed": 41.534778, "delta": 0.559614}}
{"target": 0.9086466661678927, "params": {"C": 402.0248533669809, "epsilon": 0.5920049640619014, "gamma": 0.06885894505044551}, "datetime": {"datetime": "2021-09-18 15:28:56", "elapsed": 42.011273, "delta": 0.476495}}
{"target": 0.8789670257074118, "params": {"C": 402.09954695336035, "epsilon": 0.5080085659396233, "gamma": 0.138429520782625}, "datetime": {"datetime": "2021-09-18 15:28:57", "elapsed": 42.565275, "delta": 0.554002}}
{"target": 0.9022518236106762, "params": {"C": 316.19064484930277, "epsilon": 0.4355388445836295, "gamma": 0.09390168934447833}, "datetime": {"datetime": "2021-09-18 15:28:57", "elapsed": 43.015278, "delta": 0.450003}}
{"target": 0.9091645979443285, "params": {"C": 356.03416672055926, "epsilon": 0.5696614755572454, "gamma": 0.06831389908860985}, "datetime": {"datetime": "2021-09-18 15:28:58", "elapsed": 43.466312, "delta": 0.451034}}
{"target": 0.9034382427463323, "params": {"C": 459.59522501230424, "epsilon": 0.49492256908437016, "gamma": 0.0767701471490483}, "datetime": {"datetime": "2021-09-18 15:28:58", "elapsed": 43.992271, "delta": 0.525959}}
{"target": 0.8703505372783304, "params": {"C": 611.51474543866, "epsilon": 0.45250825470060146, "gamma": 0.13482117010632105}, "datetime": {"datetime": "2021-09-18 15:28:59", "elapsed": 44.467273, "delta": 0.475002}}
{"target": 0.8976898067221452, "params": {"C": 368.64954256007826, "epsilon": 0.7568323710042171, "gamma": 0.050702197842934504}, "datetime": {"datetime": "2021-09-18 15:28:59", "elapsed": 45.097275, "delta": 0.630002}}
{"target": 0.897334748041292, "params": {"C": 459.6579059508093, "epsilon": 0.4420347685130125, "gamma": 0.05123647068155306}, "datetime": {"datetime": "2021-09-18 15:29:00", "elapsed": 45.634275, "delta": 0.537}}
{"target": 0.8860531542465481, "params": {"C": 402.0219783036603, "epsilon": 0.6434455329244866, "gamma": 0.12285556246986508}, "datetime": {"datetime": "2021-09-18 15:29:00", "elapsed": 46.156308, "delta": 0.522033}}
{"target": 0.9070370375452247, "params": {"C": 462.7320622693039, "epsilon": 0.592583475833574, "gamma": 0.06044637819694061}, "datetime": {"datetime": "2021-09-18 15:29:01", "elapsed": 46.62227, "delta": 0.465962}}
{"target": 0.901141883528704, "params": {"C": 409.4064383080824, "epsilon": 0.7399742316449642, "gamma": 0.0532924840764895}, "datetime": {"datetime": "2021-09-18 15:29:01", "elapsed": 47.142269, "delta": 0.519999}}
{"target": 0.9066171272953634, "params": {"C": 462.7320805913148, "epsilon": 0.5178489824793845, "gamma": 0.06536762821439167}, "datetime": {"datetime": "2021-09-18 15:29:02", "elapsed": 47.688314, "delta": 0.546045}}
{"target": 0.8781883379018648, "params": {"C": 462.7409517052343, "epsilon": 0.5116611684105531, "gamma": 0.13206220217226433}, "datetime": {"datetime": "2021-09-18 15:29:03", "elapsed": 48.243277, "delta": 0.554963}}
{"target": 0.8918276346830726, "params": {"C": 463.79678615128955, "epsilon": 0.680988862003103, "gamma": 0.10343178841295778}, "datetime": {"datetime": "2021-09-18 15:29:03", "elapsed": 48.716271, "delta": 0.472994}}
{"target": 0.9027751238525905, "params": {"C": 333.5235390476879, "epsilon": 0.7361833588386792, "gamma": 0.057078059475341794}, "datetime": {"datetime": "2021-09-18 15:29:04", "elapsed": 49.191279, "delta": 0.475008}}
{"target": 0.8700045754542488, "params": {"C": 511.64290803236065, "epsilon": 0.1303605723992731, "gamma": 0.1429153504954045}, "datetime": {"datetime": "2021-09-18 15:29:04", "elapsed": 49.707275, "delta": 0.515996}}
{"target": 0.8844223585065457, "params": {"C": 368.2354920922648, "epsilon": 0.39410680290275923, "gamma": 0.12205935352243216}, "datetime": {"datetime": "2021-09-18 15:29:05", "elapsed": 50.354279, "delta": 0.647004}}
{"target": 0.9024424647850248, "params": {"C": 533.4401424516564, "epsilon": 0.43973778963416754, "gamma": 0.07108366105926972}, "datetime": {"datetime": "2021-09-18 15:29:05", "elapsed": 50.85228, "delta": 0.498001}}
{"target": 0.9069344757171329, "params": {"C": 462.7888469404951, "epsilon": 0.6153341251449131, "gamma": 0.07139589889497701}, "datetime": {"datetime": "2021-09-18 15:29:06", "elapsed": 51.428269, "delta": 0.575989}}
{"target": 0.906303196730093, "params": {"C": 462.85557356154055, "epsilon": 0.5784155582113721, "gamma": 0.07171753631443402}, "datetime": {"datetime": "2021-09-18 15:29:06", "elapsed": 52.001055, "delta": 0.572786}}
{"target": 0.8815296198580244, "params": {"C": 462.7542522813578, "epsilon": 0.6831732550220391, "gamma": 0.1273297599443125}, "datetime": {"datetime": "2021-09-18 15:29:07", "elapsed": 52.58805, "delta": 0.586995}}
{"target": 0.8984847737937036, "params": {"C": 401.96968518804994, "epsilon": 0.5706621428903046, "gamma": 0.0936582517803122}, "datetime": {"datetime": "2021-09-18 15:29:07", "elapsed": 53.159461, "delta": 0.571411}}
{"target": 0.8972874087154515, "params": {"C": 462.95329282893687, "epsilon": 0.5706420652823242, "gamma": 0.08912663481738911}, "datetime": {"datetime": "2021-09-18 15:29:08", "elapsed": 53.751733, "delta": 0.592272}}
{"target": 0.8761931774149087, "params": {"C": 530.358540835621, "epsilon": 0.6689021746737128, "gamma": 0.13491719179366937}, "datetime": {"datetime": "2021-09-18 15:29:09", "elapsed": 54.265735, "delta": 0.514002}}
{"target": 0.899377315259823, "params": {"C": 316.12260471435536, "epsilon": 0.49804489795961776, "gamma": 0.10141717678996914}, "datetime": {"datetime": "2021-09-18 15:29:09", "elapsed": 54.953333, "delta": 0.687598}}
{"target": 0.8883369340142977, "params": {"C": 675.6723381449855, "epsilon": 0.15770976248769839, "gamma": 0.07373635346133661}, "datetime": {"datetime": "2021-09-18 15:29:10", "elapsed": 55.566338, "delta": 0.613005}}
{"target": 0.90416022541623, "params": {"C": 483.33360302054484, "epsilon": 0.660405816997177, "gamma": 0.07987163660337816}, "datetime": {"datetime": "2021-09-18 15:29:10", "elapsed": 56.104339, "delta": 0.538001}}
{"target": 0.8997918714430361, "params": {"C": 401.8600359154319, "epsilon": 0.5306838408456093, "gamma": 0.09157151180438824}, "datetime": {"datetime": "2021-09-18 15:29:11", "elapsed": 56.767337, "delta": 0.662998}}
{"target": 0.9047500399052396, "params": {"C": 459.34696284954475, "epsilon": 0.6129242034195809, "gamma": 0.07965305105800138}, "datetime": {"datetime": "2021-09-18 15:29:12", "elapsed": 57.475335, "delta": 0.707998}}
{"target": 0.9061934476348752, "params": {"C": 401.9120820813804, "epsilon": 0.4637469798781495, "gamma": 0.07387134925660785}, "datetime": {"datetime": "2021-09-18 15:29:13", "elapsed": 58.23637, "delta": 0.761035}}
{"target": 0.9085178805963209, "params": {"C": 368.2205035378762, "epsilon": 0.721791056109679, "gamma": 0.06166853889817617}, "datetime": {"datetime": "2021-09-18 15:29:13", "elapsed": 58.867038, "delta": 0.630668}}
{"target": 0.879148814148367, "params": {"C": 316.1587797624992, "epsilon": 0.3800757898800355, "gamma": 0.14837849016308757}, "datetime": {"datetime": "2021-09-18 15:29:14", "elapsed": 59.564058, "delta": 0.69702}}
{"target": 0.9013561229737946, "params": {"C": 401.8663486787388, "epsilon": 0.6150747496248877, "gamma": 0.05426860511861135}, "datetime": {"datetime": "2021-09-18 15:29:14", "elapsed": 60.156058, "delta": 0.592}}
{"target": 0.9067602882180721, "params": {"C": 483.3252070201444, "epsilon": 0.5737288267812468, "gamma": 0.0616185402185995}, "datetime": {"datetime": "2021-09-18 15:29:15", "elapsed": 60.909384, "delta": 0.753326}}
{"target": 0.8834225952928868, "params": {"C": 333.49653829474966, "epsilon": 0.7530072944601749, "gamma": 0.1409356576146477}, "datetime": {"datetime": "2021-09-18 15:29:16", "elapsed": 61.600343, "delta": 0.690959}}
{"target": 0.8778060678219941, "params": {"C": 354.0561942561537, "epsilon": 0.25865699688284843, "gamma": 0.14251911467149317}, "datetime": {"datetime": "2021-09-18 15:29:16", "elapsed": 62.146387, "delta": 0.546044}}
{"target": 0.8982765797066697, "params": {"C": 459.39960799272785, "epsilon": 0.6590645940135468, "gamma": 0.05}, "datetime": {"datetime": "2021-09-18 15:29:17", "elapsed": 62.84138, "delta": 0.694993}}
{"target": 0.9066272247740427, "params": {"C": 483.21624854412994, "epsilon": 0.5774297781835441, "gamma": 0.06017004082854748}, "datetime": {"datetime": "2021-09-18 15:29:18", "elapsed": 63.663727, "delta": 0.822347}}
{"target": 0.8988731199131786, "params": {"C": 579.5111092143065, "epsilon": 0.25944947089006265, "gamma": 0.06306876763024756}, "datetime": {"datetime": "2021-09-18 15:29:19", "elapsed": 64.298027, "delta": 0.6343}}
{"target": 0.8970462662871516, "params": {"C": 499.676929011782, "epsilon": 0.18984766728714064, "gamma": 0.07536380464862853}, "datetime": {"datetime": "2021-09-18 15:29:19", "elapsed": 64.908986, "delta": 0.610959}}
{"target": 0.8977733615732046, "params": {"C": 462.7882797750294, "epsilon": 0.5527546038425155, "gamma": 0.05}, "datetime": {"datetime": "2021-09-18 15:29:20", "elapsed": 65.714026, "delta": 0.80504}}
{"target": 0.8845221141500387, "params": {"C": 402.65397707588306, "epsilon": 0.5597121131292861, "gamma": 0.12355671237689737}, "datetime": {"datetime": "2021-09-18 15:29:21", "elapsed": 66.264987, "delta": 0.550961}}
{"target": 0.8844705144940899, "params": {"C": 393.72418106817764, "epsilon": 0.20277969228566387, "gamma": 0.11432346620788661}, "datetime": {"datetime": "2021-09-18 15:29:21", "elapsed": 66.885986, "delta": 0.620999}}
{"target": 0.8831235895022644, "params": {"C": 483.24996196567736, "epsilon": 0.5827892609977771, "gamma": 0.1168135039434596}, "datetime": {"datetime": "2021-09-18 15:29:22", "elapsed": 67.455028, "delta": 0.569042}}
{"target": 0.8984682512752966, "params": {"C": 537.0770109675763, "epsilon": 0.6649947116387529, "gamma": 0.08333492804579093}, "datetime": {"datetime": "2021-09-18 15:29:22", "elapsed": 68.050988, "delta": 0.59596}}
{"target": 0.8775996839402918, "params": {"C": 401.90076434066196, "epsilon": 0.441194377944214, "gamma": 0.1433741038825156}, "datetime": {"datetime": "2021-09-18 15:29:23", "elapsed": 68.757028, "delta": 0.70604}}
{"target": 0.9020860390119417, "params": {"C": 401.99735501709927, "epsilon": 0.6457517761163954, "gamma": 0.054890428745863744}, "datetime": {"datetime": "2021-09-18 15:29:24", "elapsed": 69.410021, "delta": 0.652993}}
{"target": 0.8978818726107896, "params": {"C": 459.3965988839963, "epsilon": 0.5749722655661887, "gamma": 0.05}, "datetime": {"datetime": "2021-09-18 15:29:25", "elapsed": 70.180239, "delta": 0.770218}}
{"target": 0.8738740825633307, "params": {"C": 494.6816511810713, "epsilon": 0.6700884867736987, "gamma": 0.14776997272748527}, "datetime": {"datetime": "2021-09-18 15:29:25", "elapsed": 70.771236, "delta": 0.590997}}
{"target": 0.8780992923653705, "params": {"C": 639.4167295502659, "epsilon": 0.13515353947519212, "gamma": 0.09750865924725519}, "datetime": {"datetime": "2021-09-18 15:29:26", "elapsed": 71.495195, "delta": 0.723959}}
{"target": 0.9049790349089059, "params": {"C": 368.26735943280346, "epsilon": 0.48940103609184504, "gamma": 0.06065649876674395}, "datetime": {"datetime": "2021-09-18 15:29:26", "elapsed": 72.105008, "delta": 0.609813}}
{"target": 0.908399515325025, "params": {"C": 459.31063783461127, "epsilon": 0.714391269223296, "gamma": 0.06727734455100093}, "datetime": {"datetime": "2021-09-18 15:29:27", "elapsed": 72.835676, "delta": 0.730668}}
{"target": 0.9056293658656316, "params": {"C": 459.2734330876789, "epsilon": 0.6177064020650992, "gamma": 0.07731922704093308}, "datetime": {"datetime": "2021-09-18 15:29:28", "elapsed": 73.669607, "delta": 0.833931}}
{"target": 0.8955746358408077, "params": {"C": 459.2322671884011, "epsilon": 0.7094153739566091, "gamma": 0.0955123679931855}, "datetime": {"datetime": "2021-09-18 15:29:29", "elapsed": 74.344808, "delta": 0.675201}}
{"target": 0.8903664390835468, "params": {"C": 433.5014830884014, "epsilon": 0.23225611726648432, "gamma": 0.09849808922086464}, "datetime": {"datetime": "2021-09-18 15:29:29", "elapsed": 74.937844, "delta": 0.593036}}
{"target": 0.9060180660527404, "params": {"C": 483.1435086773611, "epsilon": 0.5127646174808294, "gamma": 0.06527988589430252}, "datetime": {"datetime": "2021-09-18 15:29:30", "elapsed": 75.682607, "delta": 0.744763}}
{"target": 0.8804190027029142, "params": {"C": 670.1151617114851, "epsilon": 0.5986174170017586, "gamma": 0.1037153344031802}, "datetime": {"datetime": "2021-09-18 15:29:31", "elapsed": 76.327984, "delta": 0.645377}}
{"target": 0.8866075364459569, "params": {"C": 483.41749700308446, "epsilon": 0.6272186779875167, "gamma": 0.11110534287704202}, "datetime": {"datetime": "2021-09-18 15:29:31", "elapsed": 77.03394, "delta": 0.705956}}
{"target": 0.8798409521545723, "params": {"C": 459.3525677029086, "epsilon": 0.6711965987312355, "gamma": 0.1341354642272351}, "datetime": {"datetime": "2021-09-18 15:29:32", "elapsed": 77.780145, "delta": 0.746205}}
{"target": 0.8979549264234324, "params": {"C": 409.5526891797199, "epsilon": 0.7126346335385434, "gamma": 0.050453557989051705}, "datetime": {"datetime": "2021-09-18 15:29:33", "elapsed": 78.586702, "delta": 0.806557}}
{"target": 0.9023156606030125, "params": {"C": 305.5539399238544, "epsilon": 0.6018469592707075, "gamma": 0.05868614630584003}, "datetime": {"datetime": "2021-09-18 15:29:33", "elapsed": 79.151707, "delta": 0.565005}}
{"target": 0.8871772011404886, "params": {"C": 483.1437090778263, "epsilon": 0.5411891012762878, "gamma": 0.10605110947201696}, "datetime": {"datetime": "2021-09-18 15:29:34", "elapsed": 79.963635, "delta": 0.811928}}
{"target": 0.9063306347550135, "params": {"C": 459.48144667139445, "epsilon": 0.5521926388989201, "gamma": 0.06029281567635996}, "datetime": {"datetime": "2021-09-18 15:29:35", "elapsed": 80.705868, "delta": 0.742233}}
{"target": 0.8978413408365902, "params": {"C": 435.59072191188625, "epsilon": 0.2662879077817357, "gamma": 0.08631379966476956}, "datetime": {"datetime": "2021-09-18 15:29:36", "elapsed": 81.343868, "delta": 0.638}}
{"target": 0.9080239106536602, "params": {"C": 462.8588673650397, "epsilon": 0.6551686510004301, "gamma": 0.06397485748192291}, "datetime": {"datetime": "2021-09-18 15:29:37", "elapsed": 82.170759, "delta": 0.826891}}
{"target": 0.9002789956142252, "params": {"C": 459.3591915065896, "epsilon": 0.753914732299189, "gamma": 0.051329932640888434}, "datetime": {"datetime": "2021-09-18 15:29:37", "elapsed": 82.914278, "delta": 0.743519}}
{"target": 0.9066209057797133, "params": {"C": 462.6493013600938, "epsilon": 0.516591609834992, "gamma": 0.06366138426881025}, "datetime": {"datetime": "2021-09-18 15:29:38", "elapsed": 83.682104, "delta": 0.767826}}
{"target": 0.9050720985992808, "params": {"C": 483.2379012312214, "epsilon": 0.45814677526241493, "gamma": 0.06437609364991773}, "datetime": {"datetime": "2021-09-18 15:29:39", "elapsed": 84.516893, "delta": 0.834789}}
{"target": 0.9011262685384753, "params": {"C": 431.31813155438147, "epsilon": 0.34608017978411426, "gamma": 0.057114298021074386}, "datetime": {"datetime": "2021-09-18 15:29:40", "elapsed": 85.172184, "delta": 0.655291}}
{"target": 0.8987434868853326, "params": {"C": 351.27392613680047, "epsilon": 0.04806899698655194, "gamma": 0.08314433907238947}, "datetime": {"datetime": "2021-09-18 15:29:40", "elapsed": 85.842455, "delta": 0.670271}}
{"target": 0.8863814489785948, "params": {"C": 409.462357791065, "epsilon": 0.6786214658463834, "gamma": 0.12205874017597305}, "datetime": {"datetime": "2021-09-18 15:29:41", "elapsed": 86.66529, "delta": 0.822835}}
{"target": 0.8861729183327764, "params": {"C": 483.35353514453845, "epsilon": 0.4668196148848712, "gamma": 0.1044812540050287}, "datetime": {"datetime": "2021-09-18 15:29:42", "elapsed": 87.593551, "delta": 0.928261}}
{"target": 0.872556612890101, "params": {"C": 575.3606766744689, "epsilon": 0.7762246526597585, "gamma": 0.14161971002604679}, "datetime": {"datetime": "2021-09-18 15:29:43", "elapsed": 88.290318, "delta": 0.696767}}
{"target": 0.8943707401043905, "params": {"C": 686.5163282251458, "epsilon": 0.4572263454049305, "gamma": 0.07304462278116522}, "datetime": {"datetime": "2021-09-18 15:29:43", "elapsed": 88.982319, "delta": 0.692001}}
{"target": 0.8905669042676915, "params": {"C": 462.92347799348363, "epsilon": 0.684201232689765, "gamma": 0.10680066037299846}, "datetime": {"datetime": "2021-09-18 15:29:44", "elapsed": 89.937198, "delta": 0.954879}}
