{"target": -15.703701870779135, "params": {"C": 333.18586299535013, "epsilon": 0.37532293383500875, "gamma": 0.2599099247630454}, "datetime": {"datetime": "2021-09-27 17:33:31", "elapsed": 4.548635, "delta": 0.236006}}
{"target": -10.726780975269518, "params": {"C": 474.8412383542188, "epsilon": 0.18168202628443642, "gamma": 0.022525332466747}, "datetime": {"datetime": "2021-09-27 17:33:31", "elapsed": 4.820634, "delta": 0.271999}}
{"target": -15.05060296602835, "params": {"C": 403.2128775854053, "epsilon": 0.907699600310323, "gamma": 0.13187885371526553}, "datetime": {"datetime": "2021-09-27 17:33:31", "elapsed": 4.986632, "delta": 0.165998}}
{"target": -14.94903493804302, "params": {"C": 474.66652972871685, "epsilon": 0.2834471589113641, "gamma": 0.16081519109011977}, "datetime": {"datetime": "2021-09-27 17:33:32", "elapsed": 5.193636, "delta": 0.207004}}
{"target": -12.28983683992361, "params": {"C": 474.89271154324115, "epsilon": 0.07607602031416383, "gamma": 0.07196672353035923}, "datetime": {"datetime": "2021-09-27 17:33:32", "elapsed": 5.527817, "delta": 0.334181}}
{"target": -12.007107819326354, "params": {"C": 414.9763949643481, "epsilon": 0.990726925494494, "gamma": 0.06016791034359304}, "datetime": {"datetime": "2021-09-27 17:33:32", "elapsed": 5.759817, "delta": 0.232}}
{"target": -11.043417617070514, "params": {"C": 474.9196638231621, "epsilon": 0.356275952431819, "gamma": 0.0468057721384811}, "datetime": {"datetime": "2021-09-27 17:33:33", "elapsed": 6.210819, "delta": 0.451002}}
{"target": -15.025401112850256, "params": {"C": 414.91427540456397, "epsilon": 0.9710141083607443, "gamma": 0.13227867762860337}, "datetime": {"datetime": "2021-09-27 17:33:33", "elapsed": 6.442815, "delta": 0.231996}}
{"target": -15.587288190293707, "params": {"C": 384.98657441520487, "epsilon": 0.9764197376990318, "gamma": 0.18547830483669833}, "datetime": {"datetime": "2021-09-27 17:33:33", "elapsed": 6.629817, "delta": 0.187002}}
{"target": -14.812603394545981, "params": {"C": 365.2198277656261, "epsilon": 0.20223574138631506, "gamma": 0.15406157996120848}, "datetime": {"datetime": "2021-09-27 17:33:33", "elapsed": 6.854818, "delta": 0.225001}}
{"target": -15.385715743340747, "params": {"C": 404.4929570935581, "epsilon": 0.6895819953069632, "gamma": 0.176089789254526}, "datetime": {"datetime": "2021-09-27 17:33:34", "elapsed": 7.198466, "delta": 0.343648}}
{"target": -15.183385569647909, "params": {"C": 359.30477085963383, "epsilon": 0.9947993705296853, "gamma": 0.15362185179327498}, "datetime": {"datetime": "2021-09-27 17:33:34", "elapsed": 7.481007, "delta": 0.282541}}
{"target": -11.654802994513076, "params": {"C": 302.9219140288498, "epsilon": 0.31081514487947765, "gamma": 0.06816383673504757}, "datetime": {"datetime": "2021-09-27 17:33:34", "elapsed": 7.729006, "delta": 0.247999}}
{"target": -13.919904783861279, "params": {"C": 413.485170190287, "epsilon": 0.9490967114783581, "gamma": 0.09516116196410697}, "datetime": {"datetime": "2021-09-27 17:33:35", "elapsed": 8.112006, "delta": 0.383}}
{"target": -15.726946292224728, "params": {"C": 356.94623203751195, "epsilon": 0.01683919498711854, "gamma": 0.2777196609330837}, "datetime": {"datetime": "2021-09-27 17:33:35", "elapsed": 8.371008, "delta": 0.259002}}
{"target": -15.87408895277463, "params": {"C": 404.7155481399416, "epsilon": 0.8951709633582755, "gamma": 0.21780693349766297}, "datetime": {"datetime": "2021-09-27 17:33:35", "elapsed": 8.592008, "delta": 0.221}}
{"target": -11.150071616671726, "params": {"C": 404.7087204319976, "epsilon": 0.48747640662673103, "gamma": 0.01}, "datetime": {"datetime": "2021-09-27 17:33:35", "elapsed": 8.96101, "delta": 0.369002}}
{"target": -13.760097237544896, "params": {"C": 475.0038304625645, "epsilon": 0.23413313895645374, "gamma": 0.09318340376598253}, "datetime": {"datetime": "2021-09-27 17:33:36", "elapsed": 9.501965, "delta": 0.540955}}
{"target": -10.420727863898026, "params": {"C": 404.64485148872876, "epsilon": 0.5804902474322444, "gamma": 0.026816314581149685}, "datetime": {"datetime": "2021-09-27 17:33:36", "elapsed": 9.757959, "delta": 0.255994}}
{"target": -15.505796285307285, "params": {"C": 415.2489995013753, "epsilon": 0.9574034568941893, "gamma": 0.17562132957138535}, "datetime": {"datetime": "2021-09-27 17:33:37", "elapsed": 10.023959, "delta": 0.266}}
{"target": -10.778118194492507, "params": {"C": 415.1266568566839, "epsilon": 0.9799632695014083, "gamma": 0.023960774712179646}, "datetime": {"datetime": "2021-09-27 17:33:37", "elapsed": 10.40496, "delta": 0.381001}}
{"target": -11.22111747375641, "params": {"C": 341.0708604026409, "epsilon": 0.15739886491899666, "gamma": 0.06171101436226121}, "datetime": {"datetime": "2021-09-27 17:33:37", "elapsed": 10.891958, "delta": 0.486998}}
{"target": -14.51571540717663, "params": {"C": 341.21352856217794, "epsilon": 0.1445563663938884, "gamma": 0.13228301458346853}, "datetime": {"datetime": "2021-09-27 17:33:38", "elapsed": 11.391766, "delta": 0.499808}}
{"target": -10.450552747174676, "params": {"C": 474.80074455174724, "epsilon": 0.38829555783366615, "gamma": 0.03384526578287641}, "datetime": {"datetime": "2021-09-27 17:33:38", "elapsed": 11.775764, "delta": 0.383998}}
{"target": -15.146020449125503, "params": {"C": 349.95665253420844, "epsilon": 0.7844976003465909, "gamma": 0.1485492181305421}, "datetime": {"datetime": "2021-09-27 17:33:39", "elapsed": 12.001354, "delta": 0.22559}}
{"target": -15.21747802052362, "params": {"C": 322.8419310508166, "epsilon": 0.5274303440731002, "gamma": 0.17920768574338228}, "datetime": {"datetime": "2021-09-27 17:33:39", "elapsed": 12.290355, "delta": 0.289001}}
{"target": -12.585544858311613, "params": {"C": 474.90509752790535, "epsilon": 0.5390619405093763, "gamma": 0.07193183975981504}, "datetime": {"datetime": "2021-09-27 17:33:39", "elapsed": 12.693357, "delta": 0.403002}}
{"target": -11.31125405980823, "params": {"C": 404.85265392599473, "epsilon": 0.5954047439527199, "gamma": 0.052969423322368064}, "datetime": {"datetime": "2021-09-27 17:33:40", "elapsed": 13.153355, "delta": 0.459998}}
{"target": -12.843308403919874, "params": {"C": 453.0373138747515, "epsilon": 0.042973594623686946, "gamma": 0.08233378834359618}, "datetime": {"datetime": "2021-09-27 17:33:40", "elapsed": 13.547782, "delta": 0.394427}}
{"target": -11.965578004537821, "params": {"C": 474.9186696154817, "epsilon": 0.5501530722546862, "gamma": 0.06255714583520329}, "datetime": {"datetime": "2021-09-27 17:33:40", "elapsed": 13.828769, "delta": 0.280987}}
{"target": -11.030892168330983, "params": {"C": 474.9038247091994, "epsilon": 0.34521181532230083, "gamma": 0.011539565300203726}, "datetime": {"datetime": "2021-09-27 17:33:41", "elapsed": 14.124773, "delta": 0.296004}}
{"target": -11.167494532680431, "params": {"C": 474.8064911603102, "epsilon": 0.3013616576174035, "gamma": 0.04881102959537464}, "datetime": {"datetime": "2021-09-27 17:33:41", "elapsed": 14.464769, "delta": 0.339996}}
{"target": -11.091432889797733, "params": {"C": 475.0530771106985, "epsilon": 0.5527603059675904, "gamma": 0.01}, "datetime": {"datetime": "2021-09-27 17:33:41", "elapsed": 14.822769, "delta": 0.358}}
{"target": -12.12358161639326, "params": {"C": 475.00370997919634, "epsilon": 0.7286428847821043, "gamma": 0.06434326141879429}, "datetime": {"datetime": "2021-09-27 17:33:42", "elapsed": 15.306771, "delta": 0.484002}}
{"target": -15.11049905417152, "params": {"C": 475.09406886397215, "epsilon": 0.5302334770167424, "gamma": 0.14516992423517258}, "datetime": {"datetime": "2021-09-27 17:33:42", "elapsed": 15.664353, "delta": 0.357582}}
{"target": -11.205961761387329, "params": {"C": 341.1014628147782, "epsilon": 0.2848280113221263, "gamma": 0.01}, "datetime": {"datetime": "2021-09-27 17:33:43", "elapsed": 16.199354, "delta": 0.535001}}
{"target": -13.197672364231869, "params": {"C": 340.9846654024283, "epsilon": 0.32663395341697604, "gamma": 0.0920686691374543}, "datetime": {"datetime": "2021-09-27 17:33:43", "elapsed": 16.573356, "delta": 0.374002}}
{"target": -11.140260321887743, "params": {"C": 404.89902840583, "epsilon": 0.44935241624862565, "gamma": 0.01}, "datetime": {"datetime": "2021-09-27 17:33:44", "elapsed": 17.259242, "delta": 0.685886}}
{"target": -15.00205312423776, "params": {"C": 499.4317790828957, "epsilon": 0.40686893632659404, "gamma": 0.13822194302263138}, "datetime": {"datetime": "2021-09-27 17:33:44", "elapsed": 17.589335, "delta": 0.330093}}
{"target": -15.378460610405028, "params": {"C": 438.34762160248675, "epsilon": 0.11422015481845652, "gamma": 0.22419027769796052}, "datetime": {"datetime": "2021-09-27 17:33:45", "elapsed": 18.064338, "delta": 0.475003}}
{"target": -11.81826437410409, "params": {"C": 404.7313082153763, "epsilon": 0.6363987831248774, "gamma": 0.06366546406550362}, "datetime": {"datetime": "2021-09-27 17:33:45", "elapsed": 18.440334, "delta": 0.375996}}
{"target": -14.924179315787429, "params": {"C": 404.96283722146393, "epsilon": 0.44871824430282015, "gamma": 0.1385336778705438}, "datetime": {"datetime": "2021-09-27 17:33:45", "elapsed": 18.843341, "delta": 0.403007}}
{"target": -11.017123388192648, "params": {"C": 303.0504726240819, "epsilon": 0.38946347548168697, "gamma": 0.05188769429959255}, "datetime": {"datetime": "2021-09-27 17:33:46", "elapsed": 19.455552, "delta": 0.612211}}
{"target": -10.705857920379538, "params": {"C": 340.9818372667502, "epsilon": 0.029691254539031785, "gamma": 0.03810391603856644}, "datetime": {"datetime": "2021-09-27 17:33:47", "elapsed": 20.069552, "delta": 0.614}}
{"target": -11.49252304629158, "params": {"C": 341.10654203573176, "epsilon": 0.0061934156382758045, "gamma": 0.01}, "datetime": {"datetime": "2021-09-27 17:33:47", "elapsed": 20.636554, "delta": 0.567002}}
{"target": -10.83283039071053, "params": {"C": 340.9960234941422, "epsilon": 0.028593049257664573, "gamma": 0.03046429962574279}, "datetime": {"datetime": "2021-09-27 17:33:48", "elapsed": 21.02055, "delta": 0.383996}}
{"target": -11.321978449355363, "params": {"C": 474.90376922663654, "epsilon": 0.34396210623224527, "gamma": 0.05198170119330665}, "datetime": {"datetime": "2021-09-27 17:33:48", "elapsed": 21.518884, "delta": 0.498334}}
{"target": -14.033710757905963, "params": {"C": 340.822760642733, "epsilon": 0.046069276004134595, "gamma": 0.12103649098652446}, "datetime": {"datetime": "2021-09-27 17:33:49", "elapsed": 22.002565, "delta": 0.483681}}
{"target": -15.344667553079825, "params": {"C": 303.0426992372603, "epsilon": 0.47572237416864543, "gamma": 0.20856420973038178}, "datetime": {"datetime": "2021-09-27 17:33:49", "elapsed": 22.365568, "delta": 0.363003}}
{"target": -12.287632881061532, "params": {"C": 415.4535337017827, "epsilon": 0.8025620951445533, "gamma": 0.06754395821851314}, "datetime": {"datetime": "2021-09-27 17:33:49", "elapsed": 22.668567, "delta": 0.302999}}
{"target": -13.489763089970063, "params": {"C": 303.17629240959667, "epsilon": 0.21714841800253723, "gamma": 0.10488428919607932}, "datetime": {"datetime": "2021-09-27 17:33:50", "elapsed": 23.082564, "delta": 0.413997}}
{"target": -15.011105402759735, "params": {"C": 446.3573408194446, "epsilon": 0.8807652184330317, "gamma": 0.12521404468574424}, "datetime": {"datetime": "2021-09-27 17:33:50", "elapsed": 23.457117, "delta": 0.374553}}
{"target": -14.736138899898755, "params": {"C": 341.02048974968005, "epsilon": 0.07060035763159717, "gamma": 0.15733459257490995}, "datetime": {"datetime": "2021-09-27 17:33:50", "elapsed": 23.929116, "delta": 0.471999}}
{"target": -15.52789815188291, "params": {"C": 333.3236735326822, "epsilon": 0.0645270038793117, "gamma": 0.26140244536612506}, "datetime": {"datetime": "2021-09-27 17:33:51", "elapsed": 24.299113, "delta": 0.369997}}
{"target": -11.194555691500948, "params": {"C": 415.433298649823, "epsilon": 1.0, "gamma": 0.01}, "datetime": {"datetime": "2021-09-27 17:33:51", "elapsed": 24.770114, "delta": 0.471001}}
{"target": -10.519844878659397, "params": {"C": 413.2535099506402, "epsilon": 0.8916180174280315, "gamma": 0.019079801971432574}, "datetime": {"datetime": "2021-09-27 17:33:52", "elapsed": 25.246116, "delta": 0.476002}}
{"target": -15.671512998088657, "params": {"C": 403.77897152863795, "epsilon": 0.17469672413349022, "gamma": 0.25875495333453385}, "datetime": {"datetime": "2021-09-27 17:33:52", "elapsed": 25.59141, "delta": 0.345294}}
{"target": -15.445514187622141, "params": {"C": 320.6253528636894, "epsilon": 0.6740087921236362, "gamma": 0.19725665793792588}, "datetime": {"datetime": "2021-09-27 17:33:52", "elapsed": 25.885372, "delta": 0.293962}}
{"target": -14.27867763609106, "params": {"C": 413.07687067774253, "epsilon": 0.9814360095391796, "gamma": 0.10166401927966758}, "datetime": {"datetime": "2021-09-27 17:33:53", "elapsed": 26.311374, "delta": 0.426002}}
{"target": -11.149791068737406, "params": {"C": 474.6951084252253, "epsilon": 0.001006690313171823, "gamma": 0.011981074232191111}, "datetime": {"datetime": "2021-09-27 17:33:53", "elapsed": 26.726371, "delta": 0.414997}}
{"target": -14.922513617463057, "params": {"C": 474.7310189474084, "epsilon": 0.060707482645068776, "gamma": 0.15239919897087456}, "datetime": {"datetime": "2021-09-27 17:33:54", "elapsed": 27.232137, "delta": 0.505766}}
{"target": -13.656690202341688, "params": {"C": 413.327953263989, "epsilon": 0.8717913546430988, "gamma": 0.08818257344076974}, "datetime": {"datetime": "2021-09-27 17:33:54", "elapsed": 27.655292, "delta": 0.423155}}
{"target": -16.00489842889809, "params": {"C": 400.8976227576791, "epsilon": 0.48509090176410646, "gamma": 0.2842730743131486}, "datetime": {"datetime": "2021-09-27 17:33:55", "elapsed": 28.039288, "delta": 0.383996}}
{"target": -10.42884081314646, "params": {"C": 413.18668376191243, "epsilon": 0.7829012212974009, "gamma": 0.024350713354276445}, "datetime": {"datetime": "2021-09-27 17:33:55", "elapsed": 28.663289, "delta": 0.624001}}
{"target": -13.569127056289782, "params": {"C": 415.58832970346293, "epsilon": 0.991912806650942, "gamma": 0.08469279816266033}, "datetime": {"datetime": "2021-09-27 17:33:56", "elapsed": 29.194299, "delta": 0.53101}}
{"target": -11.625083652050403, "params": {"C": 413.0877232190021, "epsilon": 0.6483226830195019, "gamma": 0.05925798070953492}, "datetime": {"datetime": "2021-09-27 17:33:56", "elapsed": 29.760721, "delta": 0.566422}}
{"target": -10.527335751023308, "params": {"C": 415.17206855869506, "epsilon": 0.8587250495440846, "gamma": 0.022898664498340663}, "datetime": {"datetime": "2021-09-27 17:33:57", "elapsed": 30.240703, "delta": 0.479982}}
{"target": -13.47574183709346, "params": {"C": 461.43553299151563, "epsilon": 0.019389447431234125, "gamma": 0.09387200131894571}, "datetime": {"datetime": "2021-09-27 17:33:57", "elapsed": 30.783705, "delta": 0.543002}}
{"target": -16.275941607784663, "params": {"C": 414.85907340792056, "epsilon": 0.9714817419354348, "gamma": 0.2818275659668332}, "datetime": {"datetime": "2021-09-27 17:33:58", "elapsed": 31.104702, "delta": 0.320997}}
{"target": -10.215305730240761, "params": {"C": 413.15376896138616, "epsilon": 0.517773691201778, "gamma": 0.01939520982772659}, "datetime": {"datetime": "2021-09-27 17:33:58", "elapsed": 31.532888, "delta": 0.428186}}
{"target": -15.397256983039636, "params": {"C": 331.91476190145676, "epsilon": 0.6763749541350034, "gamma": 0.18759650148436088}, "datetime": {"datetime": "2021-09-27 17:33:58", "elapsed": 31.885895, "delta": 0.353007}}
{"target": -12.08108286845571, "params": {"C": 413.13508048336735, "epsilon": 0.42895542626461136, "gamma": 0.06731185304787672}, "datetime": {"datetime": "2021-09-27 17:33:59", "elapsed": 32.400476, "delta": 0.514581}}
{"target": -14.876435695480522, "params": {"C": 413.35907523404876, "epsilon": 0.5636230118601904, "gamma": 0.12070740619536742}, "datetime": {"datetime": "2021-09-27 17:33:59", "elapsed": 32.868477, "delta": 0.468001}}
{"target": -10.98441166009768, "params": {"C": 474.8114304854603, "epsilon": 0.7422456775989301, "gamma": 0.010727893079071}, "datetime": {"datetime": "2021-09-27 17:34:00", "elapsed": 33.309477, "delta": 0.441}}
{"target": -14.824760303452662, "params": {"C": 474.6256072696183, "epsilon": 0.7872557936262659, "gamma": 0.10637087964512548}, "datetime": {"datetime": "2021-09-27 17:34:00", "elapsed": 33.764787, "delta": 0.45531}}
{"target": -11.147941815751764, "params": {"C": 413.0263756574475, "epsilon": 0.5166191226039939, "gamma": 0.01}, "datetime": {"datetime": "2021-09-27 17:34:01", "elapsed": 34.644796, "delta": 0.880009}}
{"target": -10.625450484586452, "params": {"C": 474.95982469216676, "epsilon": 0.9304365621647263, "gamma": 0.02502135564105416}, "datetime": {"datetime": "2021-09-27 17:34:02", "elapsed": 35.277786, "delta": 0.63299}}
{"target": -12.653899136980412, "params": {"C": 474.8384230248857, "epsilon": 0.987224622597878, "gamma": 0.06500010287546977}, "datetime": {"datetime": "2021-09-27 17:34:03", "elapsed": 36.191493, "delta": 0.913707}}
{"target": -10.552325810412833, "params": {"C": 475.06254042679996, "epsilon": 0.938236166076831, "gamma": 0.02691468476725597}, "datetime": {"datetime": "2021-09-27 17:34:04", "elapsed": 37.017094, "delta": 0.825601}}
{"target": -15.872632591258673, "params": {"C": 444.83057671741847, "epsilon": 0.24907991857853998, "gamma": 0.275380108851775}, "datetime": {"datetime": "2021-09-27 17:34:04", "elapsed": 37.614175, "delta": 0.597081}}
{"target": -15.170806799298365, "params": {"C": 438.46333110009584, "epsilon": 0.1446560149079735, "gamma": 0.1995071449344304}, "datetime": {"datetime": "2021-09-27 17:34:05", "elapsed": 38.219177, "delta": 0.605002}}
{"target": -11.241978227381644, "params": {"C": 475.2519538222929, "epsilon": 0.8258360631143635, "gamma": 0.04808224190854057}, "datetime": {"datetime": "2021-09-27 17:34:06", "elapsed": 39.074175, "delta": 0.854998}}
{"target": -15.735492086505715, "params": {"C": 358.8056667736988, "epsilon": 0.4686799491229499, "gamma": 0.2516066981375588}, "datetime": {"datetime": "2021-09-27 17:34:06", "elapsed": 39.60675, "delta": 0.532575}}
{"target": -15.279679671714664, "params": {"C": 370.96900057557434, "epsilon": 0.06469051637068535, "gamma": 0.22380166029907972}, "datetime": {"datetime": "2021-09-27 17:34:07", "elapsed": 40.157718, "delta": 0.550968}}
{"target": -15.535036192821956, "params": {"C": 475.1230198012487, "epsilon": 0.8607270614420841, "gamma": 0.1734273506723362}, "datetime": {"datetime": "2021-09-27 17:34:07", "elapsed": 40.717718, "delta": 0.56}}
{"target": -14.89937276706875, "params": {"C": 313.488645139107, "epsilon": 0.1611765433784659, "gamma": 0.18943792503562665}, "datetime": {"datetime": "2021-09-27 17:34:08", "elapsed": 41.247722, "delta": 0.530004}}
{"target": -11.020344573590316, "params": {"C": 413.6917302789856, "epsilon": 0.8942134862054124, "gamma": 0.01074596909304416}, "datetime": {"datetime": "2021-09-27 17:34:09", "elapsed": 41.999693, "delta": 0.751971}}
{"target": -14.50920621316582, "params": {"C": 475.40164435290745, "epsilon": 0.9983928161123237, "gamma": 0.10036855668492575}, "datetime": {"datetime": "2021-09-27 17:34:09", "elapsed": 42.709791, "delta": 0.710098}}
{"target": -10.603155147205442, "params": {"C": 341.36657291764783, "epsilon": 0.40285756838821235, "gamma": 0.04011697463197556}, "datetime": {"datetime": "2021-09-27 17:34:10", "elapsed": 43.843998, "delta": 1.134207}}
{"target": -14.286704924673446, "params": {"C": 341.34912427557646, "epsilon": 0.6029606007073852, "gamma": 0.11274039237477987}, "datetime": {"datetime": "2021-09-27 17:34:11", "elapsed": 44.541997, "delta": 0.697999}}
{"target": -10.640689251042149, "params": {"C": 341.51577372846396, "epsilon": 0.20637110993812402, "gamma": 0.04145873623353221}, "datetime": {"datetime": "2021-09-27 17:34:12", "elapsed": 45.08, "delta": 0.538003}}
{"target": -14.823041838181632, "params": {"C": 341.67099817325305, "epsilon": 0.242440336407293, "gamma": 0.1615788184202609}, "datetime": {"datetime": "2021-09-27 17:34:12", "elapsed": 45.654563, "delta": 0.574563}}
{"target": -15.844360794671154, "params": {"C": 442.80529526672535, "epsilon": 0.5278268790406377, "gamma": 0.2509044852734082}, "datetime": {"datetime": "2021-09-27 17:34:13", "elapsed": 46.063562, "delta": 0.408999}}
{"target": -13.88472557292566, "params": {"C": 341.3923683154553, "epsilon": 0.30970448981929216, "gamma": 0.10874716855903509}, "datetime": {"datetime": "2021-09-27 17:34:13", "elapsed": 46.662563, "delta": 0.599001}}
{"target": -11.944338257489665, "params": {"C": 341.52850222408625, "epsilon": 0.07855426263339453, "gamma": 0.07554914940400141}, "datetime": {"datetime": "2021-09-27 17:34:14", "elapsed": 47.430189, "delta": 0.767626}}
{"target": -10.39820400613044, "params": {"C": 412.8294872515944, "epsilon": 0.5432474106812062, "gamma": 0.0264390467831331}, "datetime": {"datetime": "2021-09-27 17:34:15", "elapsed": 48.102107, "delta": 0.671918}}
{"target": -14.951847665529016, "params": {"C": 412.8189473256655, "epsilon": 0.4767288293911909, "gamma": 0.13672929642230253}, "datetime": {"datetime": "2021-09-27 17:34:15", "elapsed": 48.824109, "delta": 0.722002}}
{"target": -10.35653549839004, "params": {"C": 412.7658477229786, "epsilon": 0.6201342665141961, "gamma": 0.022148852250202036}, "datetime": {"datetime": "2021-09-27 17:34:16", "elapsed": 49.661124, "delta": 0.837015}}
{"target": -15.16188815506449, "params": {"C": 412.907761393739, "epsilon": 0.6607580961977078, "gamma": 0.1398970173380164}, "datetime": {"datetime": "2021-09-27 17:34:17", "elapsed": 50.381125, "delta": 0.720001}}
{"target": -12.87767863990121, "params": {"C": 412.5380696349066, "epsilon": 0.7083135515393054, "gamma": 0.07783325857195643}, "datetime": {"datetime": "2021-09-27 17:34:18", "elapsed": 50.997128, "delta": 0.616003}}
{"target": -10.811744149605126, "params": {"C": 341.27533535592136, "epsilon": 0.32236241735395355, "gamma": 0.014460676281257353}, "datetime": {"datetime": "2021-09-27 17:34:18", "elapsed": 51.589983, "delta": 0.592855}}
