{"target": -11.081915495709127, "params": {"C": 180.90604927549865, "epsilon": 0.1811447417880506, "gamma": 0.010108198131508497}, "datetime": {"datetime": "2021-09-27 18:40:24", "elapsed": 1.970638, "delta": 0.224646}}
{"target": -13.905155347359145, "params": {"C": 273.3076360257469, "epsilon": 0.12082278012324472, "gamma": 0.12606855889126084}, "datetime": {"datetime": "2021-09-27 18:40:24", "elapsed": 2.23364, "delta": 0.263002}}
{"target": -10.625701801000842, "params": {"C": 272.6250655932281, "epsilon": 0.9741782678423596, "gamma": 0.04075762623481522}, "datetime": {"datetime": "2021-09-27 18:40:24", "elapsed": 2.396634, "delta": 0.162994}}
{"target": -14.224196417818993, "params": {"C": 194.19341113740268, "epsilon": 0.17049463706180856, "gamma": 0.16364189070093}, "datetime": {"datetime": "2021-09-27 18:40:24", "elapsed": 2.573636, "delta": 0.177002}}
{"target": -10.73774361851477, "params": {"C": 228.4754212666325, "epsilon": 0.5811823246123738, "gamma": 0.04953245144324743}, "datetime": {"datetime": "2021-09-27 18:40:24", "elapsed": 2.725638, "delta": 0.152002}}
{"target": -12.948014410296684, "params": {"C": 268.95234388679813, "epsilon": 0.09178168677190718, "gamma": 0.10092302937469735}, "datetime": {"datetime": "2021-09-27 18:40:25", "elapsed": 2.985635, "delta": 0.259997}}
{"target": -16.15462193559727, "params": {"C": 188.5629524210089, "epsilon": 0.7222576074323295, "gamma": 0.2927742644918511}, "datetime": {"datetime": "2021-09-27 18:40:25", "elapsed": 3.110638, "delta": 0.125003}}
{"target": -15.453863624030353, "params": {"C": 174.88939724651257, "epsilon": 0.37532293383500875, "gamma": 0.2599099247630454}, "datetime": {"datetime": "2021-09-27 18:40:25", "elapsed": 3.259657, "delta": 0.149019}}
{"target": -10.246522515671959, "params": {"C": 281.13092876566407, "epsilon": 0.18168202628443642, "gamma": 0.022525332466747}, "datetime": {"datetime": "2021-09-27 18:40:25", "elapsed": 3.442638, "delta": 0.182981}}
{"target": -14.30461756061544, "params": {"C": 227.40965818905397, "epsilon": 0.907699600310323, "gamma": 0.13187885371526553}, "datetime": {"datetime": "2021-09-27 18:40:25", "elapsed": 3.615638, "delta": 0.173}}
{"target": -10.521506831336794, "params": {"C": 295.6636522635657, "epsilon": 0.8816571621039327, "gamma": 0.03890931164405598}, "datetime": {"datetime": "2021-09-27 18:40:25", "elapsed": 3.778638, "delta": 0.163}}
{"target": -10.560114767772498, "params": {"C": 219.27188568251, "epsilon": 0.8636453696051525, "gamma": 0.04056793483590284}, "datetime": {"datetime": "2021-09-27 18:40:25", "elapsed": 3.928874, "delta": 0.150236}}
{"target": -16.200753231971284, "params": {"C": 263.1753328756646, "epsilon": 0.811929814560133, "gamma": 0.29039902593370875}, "datetime": {"datetime": "2021-09-27 18:40:26", "elapsed": 4.063874, "delta": 0.135}}
{"target": -14.27665570325613, "params": {"C": 290.4619145192746, "epsilon": 0.9654806246709614, "gamma": 0.11784410427185557}, "datetime": {"datetime": "2021-09-27 18:40:26", "elapsed": 4.345876, "delta": 0.282002}}
{"target": -12.656251830404546, "params": {"C": 178.2584644080993, "epsilon": 0.0910620658126226, "gamma": 0.10796094392355735}, "datetime": {"datetime": "2021-09-27 18:40:26", "elapsed": 4.60487, "delta": 0.258994}}
{"target": -15.331180141235102, "params": {"C": 213.73993081140367, "epsilon": 0.9764197376990318, "gamma": 0.18547830483669833}, "datetime": {"datetime": "2021-09-27 18:40:26", "elapsed": 4.803875, "delta": 0.199005}}
{"target": -14.146070835020353, "params": {"C": 198.91487082421958, "epsilon": 0.20223574138631506, "gamma": 0.15406157996120848}, "datetime": {"datetime": "2021-09-27 18:40:27", "elapsed": 4.995873, "delta": 0.191998}}
{"target": -14.815981878065845, "params": {"C": 234.93089932899767, "epsilon": 0.01881007168348145, "gamma": 0.21042447565555059}, "datetime": {"datetime": "2021-09-27 18:40:27", "elapsed": 5.169873, "delta": 0.174}}
{"target": -14.688227906519872, "params": {"C": 194.47857814472536, "epsilon": 0.9947993705296853, "gamma": 0.15362185179327498}, "datetime": {"datetime": "2021-09-27 18:40:27", "elapsed": 5.327872, "delta": 0.157999}}
{"target": -11.129410044100414, "params": {"C": 152.19143552163735, "epsilon": 0.31081514487947765, "gamma": 0.06816383673504757}, "datetime": {"datetime": "2021-09-27 18:40:27", "elapsed": 5.538875, "delta": 0.211003}}
{"target": -11.348817027306362, "params": {"C": 236.589098842143, "epsilon": 0.9278884145358717, "gamma": 0.05919182049350486}, "datetime": {"datetime": "2021-09-27 18:40:27", "elapsed": 5.738872, "delta": 0.199997}}
{"target": -15.355943643352903, "params": {"C": 192.70967402813395, "epsilon": 0.01683919498711854, "gamma": 0.2777196609330837}, "datetime": {"datetime": "2021-09-27 18:40:27", "elapsed": 5.918611, "delta": 0.179739}}
{"target": -15.612100573440593, "params": {"C": 228.53666110495618, "epsilon": 0.8951709633582755, "gamma": 0.21780693349766297}, "datetime": {"datetime": "2021-09-27 18:40:28", "elapsed": 6.068642, "delta": 0.150031}}
{"target": -11.75042078224248, "params": {"C": 178.25531787053905, "epsilon": 0.07989464885293687, "gamma": 0.08863922799167981}, "datetime": {"datetime": "2021-09-27 18:40:28", "elapsed": 6.277126, "delta": 0.208484}}
{"target": -12.255395508636276, "params": {"C": 179.2659859007884, "epsilon": 0.32759011090159257, "gamma": 0.09384564510517666}, "datetime": {"datetime": "2021-09-27 18:40:28", "elapsed": 6.528124, "delta": 0.250998}}
{"target": -14.011154471250093, "params": {"C": 219.2801970388656, "epsilon": 0.8975044745568309, "gamma": 0.1230084928479194}, "datetime": {"datetime": "2021-09-27 18:40:28", "elapsed": 6.756124, "delta": 0.228}}
{"target": -11.144984748133323, "params": {"C": 219.2579950610202, "epsilon": 0.8070565287897856, "gamma": 0.01}, "datetime": {"datetime": "2021-09-27 18:40:29", "elapsed": 7.105711, "delta": 0.349587}}
{"target": -11.160475031170906, "params": {"C": 281.0661225024261, "epsilon": 0.13327519717038447, "gamma": 0.0632736089850335}, "datetime": {"datetime": "2021-09-27 18:40:29", "elapsed": 7.458712, "delta": 0.353001}}
{"target": -10.738298672051497, "params": {"C": 281.2234294383953, "epsilon": 0.18090826584775166, "gamma": 0.016463173965280162}, "datetime": {"datetime": "2021-09-27 18:40:29", "elapsed": 7.778709, "delta": 0.319997}}
{"target": -14.704310266959656, "params": {"C": 295.7327897275918, "epsilon": 0.883024623826924, "gamma": 0.1290109641598249}, "datetime": {"datetime": "2021-09-27 18:40:30", "elapsed": 8.054165, "delta": 0.275456}}
{"target": -10.450141793302418, "params": {"C": 281.17131566089336, "epsilon": 0.12573856569574196, "gamma": 0.033073381442904344}, "datetime": {"datetime": "2021-09-27 18:40:30", "elapsed": 8.349163, "delta": 0.294998}}
{"target": -14.381978398881214, "params": {"C": 187.46748940065632, "epsilon": 0.7844976003465909, "gamma": 0.1485492181305421}, "datetime": {"datetime": "2021-09-27 18:40:30", "elapsed": 8.528168, "delta": 0.179005}}
{"target": -14.673114075759944, "params": {"C": 167.13144828811244, "epsilon": 0.5274303440731002, "gamma": 0.17920768574338228}, "datetime": {"datetime": "2021-09-27 18:40:30", "elapsed": 8.723168, "delta": 0.195}}
{"target": -10.980770189868245, "params": {"C": 179.32806454505317, "epsilon": 0.166378794820788, "gamma": 0.013356739692548903}, "datetime": {"datetime": "2021-09-27 18:40:31", "elapsed": 8.966167, "delta": 0.242999}}
{"target": -12.754918344723547, "params": {"C": 179.42504639465196, "epsilon": 0.25440166600368, "gamma": 0.10762033383765214}, "datetime": {"datetime": "2021-09-27 18:40:31", "elapsed": 9.179167, "delta": 0.213}}
{"target": -11.91784958676297, "params": {"C": 264.7779854060636, "epsilon": 0.042973594623686946, "gamma": 0.08233378834359618}, "datetime": {"datetime": "2021-09-27 18:40:31", "elapsed": 9.488168, "delta": 0.309001}}
{"target": -10.784857205410459, "params": {"C": 254.4082455492292, "epsilon": 0.9055390496261853, "gamma": 0.04588294725702536}, "datetime": {"datetime": "2021-09-27 18:40:31", "elapsed": 9.675169, "delta": 0.187001}}
{"target": -11.1360911183871, "params": {"C": 295.65220927943506, "epsilon": 0.9106199415065573, "gamma": 0.05243930560260518}, "datetime": {"datetime": "2021-09-27 18:40:31", "elapsed": 9.877887, "delta": 0.202718}}
{"target": -10.687319270291496, "params": {"C": 295.5189617575092, "epsilon": 0.7955732449546383, "gamma": 0.015660437507250557}, "datetime": {"datetime": "2021-09-27 18:40:32", "elapsed": 10.148888, "delta": 0.271001}}
{"target": -11.2185343646171, "params": {"C": 178.19863387641516, "epsilon": 0.0001, "gamma": 0.01}, "datetime": {"datetime": "2021-09-27 18:40:32", "elapsed": 10.490886, "delta": 0.341998}}
{"target": -11.172912673305708, "params": {"C": 235.07918880685668, "epsilon": 0.910505468215507, "gamma": 0.01}, "datetime": {"datetime": "2021-09-27 18:40:32", "elapsed": 10.846886, "delta": 0.356}}
{"target": -10.653904890199414, "params": {"C": 219.16267558765804, "epsilon": 0.9098366383939906, "gamma": 0.020922120976453996}, "datetime": {"datetime": "2021-09-27 18:40:33", "elapsed": 11.150889, "delta": 0.304003}}
{"target": -12.010187416940543, "params": {"C": 235.18053340855306, "epsilon": 0.7723018730194549, "gamma": 0.07358451082293066}, "datetime": {"datetime": "2021-09-27 18:40:33", "elapsed": 11.466884, "delta": 0.315995}}
{"target": -14.898779411004767, "params": {"C": 281.20141091755283, "epsilon": 0.21080873004651562, "gamma": 0.19160009150876545}, "datetime": {"datetime": "2021-09-27 18:40:33", "elapsed": 11.745886, "delta": 0.279002}}
{"target": -10.898284100832656, "params": {"C": 228.45110403503497, "epsilon": 0.4564954835115305, "gamma": 0.01}, "datetime": {"datetime": "2021-09-27 18:40:34", "elapsed": 12.145862, "delta": 0.399976}}
{"target": -14.585870448424654, "params": {"C": 299.57383431217175, "epsilon": 0.40686893632659404, "gamma": 0.13822194302263138}, "datetime": {"datetime": "2021-09-27 18:40:34", "elapsed": 12.371856, "delta": 0.225994}}
{"target": -15.075144290051318, "params": {"C": 253.76071620186508, "epsilon": 0.11422015481845652, "gamma": 0.22419027769796052}, "datetime": {"datetime": "2021-09-27 18:40:34", "elapsed": 12.599861, "delta": 0.228005}}
{"target": -14.565028215739485, "params": {"C": 272.48509207919324, "epsilon": 0.9806639228959106, "gamma": 0.1290140940687482}, "datetime": {"datetime": "2021-09-27 18:40:34", "elapsed": 12.917857, "delta": 0.317996}}
{"target": -14.970377001074292, "params": {"C": 228.53490871351426, "epsilon": 0.5027115080089801, "gamma": 0.17514758201941805}, "datetime": {"datetime": "2021-09-27 18:40:35", "elapsed": 13.166864, "delta": 0.249007}}
{"target": -10.533229884074917, "params": {"C": 272.7464808766756, "epsilon": 0.9024670921271531, "gamma": 0.03927106306083556}, "datetime": {"datetime": "2021-09-27 18:40:35", "elapsed": 13.462898, "delta": 0.296034}}
{"target": -12.303982465210298, "params": {"C": 228.3577964308438, "epsilon": 0.5422465573538723, "gamma": 0.08567693492958586}, "datetime": {"datetime": "2021-09-27 18:40:35", "elapsed": 13.844861, "delta": 0.381963}}
{"target": -13.56176513041146, "params": {"C": 272.66347264541304, "epsilon": 0.865983682487181, "gamma": 0.09982683042136524}, "datetime": {"datetime": "2021-09-27 18:40:36", "elapsed": 14.141901, "delta": 0.29704}}
{"target": -10.572859622421833, "params": {"C": 219.1256798820508, "epsilon": 0.9300954012808474, "gamma": 0.0351015678385129}, "datetime": {"datetime": "2021-09-27 18:40:36", "elapsed": 14.386868, "delta": 0.244967}}
{"target": -10.744703347013791, "params": {"C": 192.7638846038347, "epsilon": 0.4809964897640131, "gamma": 0.0192604675555814}, "datetime": {"datetime": "2021-09-27 18:40:36", "elapsed": 14.707861, "delta": 0.320993}}
{"target": -11.308135366694003, "params": {"C": 254.2755386339775, "epsilon": 0.878396555713886, "gamma": 0.05797922720941398}, "datetime": {"datetime": "2021-09-27 18:40:37", "elapsed": 15.039857, "delta": 0.331996}}
{"target": -10.730227531981406, "params": {"C": 272.6075313739054, "epsilon": 0.9981098593749707, "gamma": 0.021089082050168663}, "datetime": {"datetime": "2021-09-27 18:40:37", "elapsed": 15.278861, "delta": 0.239004}}
{"target": -11.779808106686081, "params": {"C": 236.59015027633703, "epsilon": 0.8025620951445533, "gamma": 0.06754395821851314}, "datetime": {"datetime": "2021-09-27 18:40:37", "elapsed": 15.557857, "delta": 0.278996}}
{"target": -10.877768933766374, "params": {"C": 192.88302863857695, "epsilon": 0.3970272662709268, "gamma": 0.012146480366126018}, "datetime": {"datetime": "2021-09-27 18:40:37", "elapsed": 15.84256, "delta": 0.284703}}
{"target": -14.306634113465572, "params": {"C": 259.76800561458344, "epsilon": 0.8807652184330317, "gamma": 0.12521404468574424}, "datetime": {"datetime": "2021-09-27 18:40:38", "elapsed": 16.071535, "delta": 0.228975}}
{"target": -13.33963412347616, "params": {"C": 192.82372485692125, "epsilon": 0.46251318163802374, "gamma": 0.1146712070188003}, "datetime": {"datetime": "2021-09-27 18:40:38", "elapsed": 16.527541, "delta": 0.456006}}
{"target": -15.179555186794689, "params": {"C": 174.99275514951165, "epsilon": 0.0645270038793117, "gamma": 0.26140244536612506}, "datetime": {"datetime": "2021-09-27 18:40:38", "elapsed": 16.772538, "delta": 0.244997}}
{"target": -11.176199112262184, "params": {"C": 219.03461602588706, "epsilon": 0.8412084495911495, "gamma": 0.01}, "datetime": {"datetime": "2021-09-27 18:40:39", "elapsed": 17.286729, "delta": 0.514191}}
{"target": -11.277957388542976, "params": {"C": 272.74270280364334, "epsilon": 1.0, "gamma": 0.01}, "datetime": {"datetime": "2021-09-27 18:40:39", "elapsed": 17.864762, "delta": 0.578033}}
{"target": -15.372946357828402, "params": {"C": 227.83422864647846, "epsilon": 0.17469672413349022, "gamma": 0.25875495333453385}, "datetime": {"datetime": "2021-09-27 18:40:40", "elapsed": 18.124322, "delta": 0.25956}}
{"target": -15.216843213959077, "params": {"C": 165.469014647767, "epsilon": 0.6740087921236362, "gamma": 0.19725665793792588}, "datetime": {"datetime": "2021-09-27 18:40:40", "elapsed": 18.648282, "delta": 0.52396}}
{"target": -11.111519029809303, "params": {"C": 295.6369808777355, "epsilon": 0.7560890976285576, "gamma": 0.01}, "datetime": {"datetime": "2021-09-27 18:40:41", "elapsed": 19.107282, "delta": 0.459}}
{"target": -15.072739368120086, "params": {"C": 254.37836907184757, "epsilon": 0.8576276542697986, "gamma": 0.1534541673198283}, "datetime": {"datetime": "2021-09-27 18:40:41", "elapsed": 19.50428, "delta": 0.396998}}
{"target": -10.919867222300986, "params": {"C": 192.7468785268379, "epsilon": 0.35122311154250524, "gamma": 0.01}, "datetime": {"datetime": "2021-09-27 18:40:42", "elapsed": 19.996517, "delta": 0.492237}}
{"target": -10.603877719996742, "params": {"C": 236.42642193103399, "epsilon": 0.8400595141420428, "gamma": 0.04321382922895752}, "datetime": {"datetime": "2021-09-27 18:40:42", "elapsed": 20.590874, "delta": 0.594357}}
{"target": -15.858120503184306, "params": {"C": 225.6732170682593, "epsilon": 0.48509090176410646, "gamma": 0.2842730743131486}, "datetime": {"datetime": "2021-09-27 18:40:43", "elapsed": 20.979871, "delta": 0.388997}}
{"target": -11.052152436605004, "params": {"C": 179.19952688310966, "epsilon": 0.21002231083579156, "gamma": 0.01}, "datetime": {"datetime": "2021-09-27 18:40:43", "elapsed": 21.38085, "delta": 0.400979}}
{"target": -15.566967071716647, "params": {"C": 236.40459916839725, "epsilon": 0.8583567629165533, "gamma": 0.21452419514849466}, "datetime": {"datetime": "2021-09-27 18:40:43", "elapsed": 21.95385, "delta": 0.573}}
{"target": -10.789930515377371, "params": {"C": 192.58838824945002, "epsilon": 0.4587316552853006, "gamma": 0.052689291616323186}, "datetime": {"datetime": "2021-09-27 18:40:44", "elapsed": 22.449855, "delta": 0.496005}}
{"target": -10.545393334988729, "params": {"C": 295.4768784413641, "epsilon": 0.9457649870936542, "gamma": 0.035967440470727925}, "datetime": {"datetime": "2021-09-27 18:40:44", "elapsed": 22.797858, "delta": 0.348003}}
{"target": -12.555707854364599, "params": {"C": 271.0766497436367, "epsilon": 0.019389447431234125, "gamma": 0.09387200131894571}, "datetime": {"datetime": "2021-09-27 18:40:45", "elapsed": 23.165848, "delta": 0.36799}}
{"target": -16.25717407132373, "params": {"C": 236.1443050559404, "epsilon": 0.9714817419354348, "gamma": 0.2818275659668332}, "datetime": {"datetime": "2021-09-27 18:40:45", "elapsed": 23.494848, "delta": 0.329}}
{"target": -10.622918842178683, "params": {"C": 295.3617670590394, "epsilon": 0.8678583646671914, "gamma": 0.027862818470028403}, "datetime": {"datetime": "2021-09-27 18:40:46", "elapsed": 24.021625, "delta": 0.526777}}
{"target": -15.1354970662129, "params": {"C": 173.93607142609255, "epsilon": 0.6763749541350034, "gamma": 0.18759650148436088}, "datetime": {"datetime": "2021-09-27 18:40:46", "elapsed": 24.46762, "delta": 0.445995}}
{"target": -10.771485459649325, "params": {"C": 192.6007777230241, "epsilon": 0.3273452319789506, "gamma": 0.051232068158685154}, "datetime": {"datetime": "2021-09-27 18:40:47", "elapsed": 25.039622, "delta": 0.572002}}
{"target": -10.895605900152532, "params": {"C": 192.65514254414927, "epsilon": 0.6016572777669862, "gamma": 0.01}, "datetime": {"datetime": "2021-09-27 18:40:47", "elapsed": 25.636627, "delta": 0.597005}}
{"target": -15.06266968273107, "params": {"C": 295.4009186163055, "epsilon": 0.945598095632722, "gamma": 0.14700440417459326}, "datetime": {"datetime": "2021-09-27 18:40:48", "elapsed": 26.144155, "delta": 0.507528}}
{"target": -11.311807628969275, "params": {"C": 254.3372338583373, "epsilon": 1.0, "gamma": 0.01}, "datetime": {"datetime": "2021-09-27 18:40:48", "elapsed": 26.738151, "delta": 0.593996}}
{"target": -10.535845915104037, "params": {"C": 272.8549158980594, "epsilon": 0.871502606595955, "gamma": 0.03805170993670461}, "datetime": {"datetime": "2021-09-27 18:40:49", "elapsed": 27.463275, "delta": 0.725124}}
{"target": -14.86969792870215, "params": {"C": 235.23542008330668, "epsilon": 0.9595493668145926, "gamma": 0.1490772037652497}, "datetime": {"datetime": "2021-09-27 18:40:50", "elapsed": 27.976799, "delta": 0.513524}}
{"target": -10.971784244291062, "params": {"C": 218.94582120684544, "epsilon": 0.9816856256696251, "gamma": 0.017149432891896802}, "datetime": {"datetime": "2021-09-27 18:40:50", "elapsed": 28.522801, "delta": 0.546002}}
{"target": -10.978666353602753, "params": {"C": 192.43530330259026, "epsilon": 0.36978090113936923, "gamma": 0.058563846264526175}, "datetime": {"datetime": "2021-09-27 18:40:51", "elapsed": 29.132799, "delta": 0.609998}}
{"target": -15.596582022540206, "params": {"C": 258.6229325380639, "epsilon": 0.24907991857853998, "gamma": 0.275380108851775}, "datetime": {"datetime": "2021-09-27 18:40:51", "elapsed": 29.500799, "delta": 0.368}}
{"target": -14.844063955460784, "params": {"C": 253.8474983250719, "epsilon": 0.1446560149079735, "gamma": 0.1995071449344304}, "datetime": {"datetime": "2021-09-27 18:40:51", "elapsed": 29.8378, "delta": 0.337001}}
{"target": -15.201509081298703, "params": {"C": 192.5910678022411, "epsilon": 0.39469864341611766, "gamma": 0.22685727567297262}, "datetime": {"datetime": "2021-09-27 18:40:52", "elapsed": 30.394475, "delta": 0.556675}}
{"target": -15.52784740068463, "params": {"C": 194.1042500802741, "epsilon": 0.4686799491229499, "gamma": 0.2516066981375588}, "datetime": {"datetime": "2021-09-27 18:40:52", "elapsed": 30.73947, "delta": 0.344995}}
{"target": -14.897997214708782, "params": {"C": 203.22675043168076, "epsilon": 0.06469051637068535, "gamma": 0.22380166029907972}, "datetime": {"datetime": "2021-09-27 18:40:53", "elapsed": 31.125511, "delta": 0.386041}}
{"target": -10.857156268926978, "params": {"C": 192.46204886786188, "epsilon": 0.5378784176165116, "gamma": 0.01}, "datetime": {"datetime": "2021-09-27 18:40:53", "elapsed": 31.614513, "delta": 0.489002}}
{"target": -10.60389072350065, "params": {"C": 219.2740393453995, "epsilon": 0.8168415748746888, "gamma": 0.020220839466948567}, "datetime": {"datetime": "2021-09-27 18:40:54", "elapsed": 31.974457, "delta": 0.359944}}
{"target": -10.320514805474966, "params": {"C": 180.9182205291822, "epsilon": 0.011976599425126971, "gamma": 0.026723829002527323}, "datetime": {"datetime": "2021-09-27 18:40:54", "elapsed": 32.522507, "delta": 0.54805}}
{"target": -10.65570708815909, "params": {"C": 181.06661734365724, "epsilon": 0.06721382999902616, "gamma": 0.04783844148224599}, "datetime": {"datetime": "2021-09-27 18:40:55", "elapsed": 33.237461, "delta": 0.714954}}
{"target": -13.864113041844472, "params": {"C": 180.94678476836324, "epsilon": 0.07952138539984185, "gamma": 0.15284045668928534}, "datetime": {"datetime": "2021-09-27 18:40:56", "elapsed": 34.009105, "delta": 0.771644}}
{"target": -10.469120761824545, "params": {"C": 181.25804435964727, "epsilon": 0.09193377620698046, "gamma": 0.02246237333768663}, "datetime": {"datetime": "2021-09-27 18:40:56", "elapsed": 34.461102, "delta": 0.451997}}
{"target": -10.43643145106444, "params": {"C": 181.13683029634797, "epsilon": 0.20637110993812402, "gamma": 0.04145873623353221}, "datetime": {"datetime": "2021-09-27 18:40:56", "elapsed": 34.957104, "delta": 0.496002}}
{"target": -14.131627535195987, "params": {"C": 181.2532486299398, "epsilon": 0.242440336407293, "gamma": 0.1615788184202609}, "datetime": {"datetime": "2021-09-27 18:40:57", "elapsed": 35.6171, "delta": 0.659996}}
{"target": -15.66329851543882, "params": {"C": 257.103971450044, "epsilon": 0.5278268790406377, "gamma": 0.2509044852734082}, "datetime": {"datetime": "2021-09-27 18:40:58", "elapsed": 35.964664, "delta": 0.347564}}
{"target": -10.675717299406529, "params": {"C": 219.46937272309927, "epsilon": 0.8343901041531844, "gamma": 0.04628315565344334}, "datetime": {"datetime": "2021-09-27 18:40:58", "elapsed": 36.425699, "delta": 0.461035}}
