{"target": -11.475236908152816, "params": {"C": 64.32016528444181, "epsilon": 0.029154924525199348, "gamma": 0.11042838835305196}, "datetime": {"datetime": "2021-09-27 17:59:08", "elapsed": 28.317078, "delta": 0.585148}}
{"target": -11.739816327216364, "params": {"C": 64.3397917037416, "epsilon": 0.2358467854010034, "gamma": 0.12115313507124296}, "datetime": {"datetime": "2021-09-27 17:59:08", "elapsed": 28.86207, "delta": 0.544992}}
{"target": -13.17691076915347, "params": {"C": 20.335823731358087, "epsilon": 0.2840139829540326, "gamma": 0.004530156986082313}, "datetime": {"datetime": "2021-09-27 17:59:09", "elapsed": 29.361752, "delta": 0.499682}}
{"target": -10.560693107313456, "params": {"C": 30.20037502219117, "epsilon": 0.008604815921394268, "gamma": 0.06314630259098394}, "datetime": {"datetime": "2021-09-27 17:59:09", "elapsed": 29.709795, "delta": 0.348043}}
{"target": -14.276680497505536, "params": {"C": 90.13070797429442, "epsilon": 0.8149176546921691, "gamma": 0.2679734767992353}, "datetime": {"datetime": "2021-09-27 17:59:10", "elapsed": 30.017361, "delta": 0.307566}}
{"target": -11.20295464479153, "params": {"C": 9.544279627865157, "epsilon": 0.5470895859224459, "gamma": 0.05252269525810909}, "datetime": {"datetime": "2021-09-27 17:59:10", "elapsed": 30.31532, "delta": 0.297959}}
{"target": -10.811686007628909, "params": {"C": 64.36288612574728, "epsilon": 0.16024112328708762, "gamma": 0.02873144770276895}, "datetime": {"datetime": "2021-09-27 17:59:10", "elapsed": 30.695935, "delta": 0.380615}}
{"target": -15.24212851223169, "params": {"C": 30.276513724101573, "epsilon": 0.07915570564932269, "gamma": 0.0010623086726451467}, "datetime": {"datetime": "2021-09-27 17:59:11", "elapsed": 31.326938, "delta": 0.631003}}
{"target": -12.231528919313421, "params": {"C": 64.2743013611221, "epsilon": 0.14754091529607255, "gamma": 0.14988777494843544}, "datetime": {"datetime": "2021-09-27 17:59:11", "elapsed": 31.749895, "delta": 0.422957}}
{"target": -11.403147912623409, "params": {"C": 60.09461065350936, "epsilon": 0.31516044618305394, "gamma": 0.10643585905818931}, "datetime": {"datetime": "2021-09-27 17:59:12", "elapsed": 32.273101, "delta": 0.523206}}
{"target": -10.385247498816154, "params": {"C": 39.592913221268546, "epsilon": 0.23004529983892508, "gamma": 0.062289727293760214}, "datetime": {"datetime": "2021-09-27 17:59:12", "elapsed": 32.781104, "delta": 0.508003}}
{"target": -10.75932568210652, "params": {"C": 39.653716693611166, "epsilon": 0.09550362677073689, "gamma": 0.09378863817253018}, "datetime": {"datetime": "2021-09-27 17:59:13", "elapsed": 33.318284, "delta": 0.53718}}
{"target": -13.85285852434862, "params": {"C": 64.8883436890621, "epsilon": 0.20465893890183423, "gamma": 0.2637524185436898}, "datetime": {"datetime": "2021-09-27 17:59:13", "elapsed": 33.67699, "delta": 0.358706}}
{"target": -10.778533186921385, "params": {"C": 39.69300705003906, "epsilon": 0.0025748436061288336, "gamma": 0.09348234624230725}, "datetime": {"datetime": "2021-09-27 17:59:14", "elapsed": 34.214539, "delta": 0.537549}}
{"target": -10.665429058940902, "params": {"C": 18.437036006707775, "epsilon": 0.19573314766286623, "gamma": 0.056183856905367514}, "datetime": {"datetime": "2021-09-27 17:59:14", "elapsed": 34.529159, "delta": 0.31462}}
{"target": -10.151598733204766, "params": {"C": 90.51621249420397, "epsilon": 0.053799422738688894, "gamma": 0.054418375226109296}, "datetime": {"datetime": "2021-09-27 17:59:14", "elapsed": 34.881351, "delta": 0.352192}}
{"target": -10.643133044058446, "params": {"C": 90.61260038048192, "epsilon": 0.02752677295423607, "gamma": 0.040233989077395935}, "datetime": {"datetime": "2021-09-27 17:59:15", "elapsed": 35.45673, "delta": 0.575379}}
{"target": -10.921225099548975, "params": {"C": 30.095130908023716, "epsilon": 0.015286821576727587, "gamma": 0.0976215091944109}, "datetime": {"datetime": "2021-09-27 17:59:16", "elapsed": 36.00388, "delta": 0.54715}}
{"target": -12.840374148887571, "params": {"C": 90.58070631250256, "epsilon": 0.05705547190772444, "gamma": 0.15819685455436452}, "datetime": {"datetime": "2021-09-27 17:59:16", "elapsed": 36.737933, "delta": 0.734053}}
{"target": -10.454433172438875, "params": {"C": 90.43720084585385, "epsilon": 0.10487127682701228, "gamma": 0.07059243364032641}, "datetime": {"datetime": "2021-09-27 17:59:17", "elapsed": 37.311894, "delta": 0.573961}}
{"target": -12.690410725247482, "params": {"C": 57.131056273796354, "epsilon": 0.30080397074766996, "gamma": 0.17731484549521226}, "datetime": {"datetime": "2021-09-27 17:59:17", "elapsed": 37.663423, "delta": 0.351529}}
{"target": -10.580808428773802, "params": {"C": 90.45472944858433, "epsilon": 0.010806541410576544, "gamma": 0.07308427343807503}, "datetime": {"datetime": "2021-09-27 17:59:18", "elapsed": 38.317851, "delta": 0.654428}}
{"target": -10.710030998200509, "params": {"C": 18.310015958101857, "epsilon": 0.23767480092027257, "gamma": 0.0414553708632366}, "datetime": {"datetime": "2021-09-27 17:59:18", "elapsed": 38.795847, "delta": 0.477996}}
{"target": -11.926721890224853, "params": {"C": 90.57314915201611, "epsilon": 0.11169953167895795, "gamma": 0.004239825714785506}, "datetime": {"datetime": "2021-09-27 17:59:19", "elapsed": 39.260479, "delta": 0.464632}}
{"target": -15.674609519575991, "params": {"C": 18.356248416137877, "epsilon": 0.14031707856139, "gamma": 0.001}, "datetime": {"datetime": "2021-09-27 17:59:20", "elapsed": 39.970475, "delta": 0.709996}}
{"target": -10.95026998613942, "params": {"C": 90.35917260799746, "epsilon": 0.04531460976805337, "gamma": 0.035204645228941116}, "datetime": {"datetime": "2021-09-27 17:59:20", "elapsed": 40.561227, "delta": 0.590752}}
{"target": -11.437031007692235, "params": {"C": 18.28000292341056, "epsilon": 0.3297247944760232, "gamma": 0.015674486127109522}, "datetime": {"datetime": "2021-09-27 17:59:21", "elapsed": 41.177225, "delta": 0.615998}}
{"target": -13.455873389896816, "params": {"C": 5.007184600202436, "epsilon": 0.5327888342297066, "gamma": 0.17616774048446857}, "datetime": {"datetime": "2021-09-27 17:59:21", "elapsed": 41.525868, "delta": 0.348643}}
{"target": -10.635070964190355, "params": {"C": 18.482024101952835, "epsilon": 0.2978536591783852, "gamma": 0.05665654917943801}, "datetime": {"datetime": "2021-09-27 17:59:22", "elapsed": 42.101186, "delta": 0.575318}}
{"target": -13.88355253323519, "params": {"C": 39.642810105761335, "epsilon": 0.29572677948367954, "gamma": 0.002253314042071456}, "datetime": {"datetime": "2021-09-27 17:59:22", "elapsed": 42.595212, "delta": 0.494026}}
{"target": -14.586596855558618, "params": {"C": 78.09989949606836, "epsilon": 0.5545423126604249, "gamma": 0.33943646872422095}, "datetime": {"datetime": "2021-09-27 17:59:23", "elapsed": 43.064593, "delta": 0.469381}}
{"target": -10.62432683924999, "params": {"C": 18.37108694683245, "epsilon": 0.3333827278624108, "gamma": 0.04455906800448206}, "datetime": {"datetime": "2021-09-27 17:59:23", "elapsed": 43.77763, "delta": 0.713037}}
{"target": -11.040949632589097, "params": {"C": 18.27791070340497, "epsilon": 0.27825109127330094, "gamma": 0.09560974664544312}, "datetime": {"datetime": "2021-09-27 17:59:24", "elapsed": 44.322079, "delta": 0.544449}}
{"target": -11.84379688117286, "params": {"C": 43.97105660819631, "epsilon": 0.20104807893865065, "gamma": 0.006667007777477446}, "datetime": {"datetime": "2021-09-27 17:59:25", "elapsed": 44.943072, "delta": 0.620993}}
{"target": -10.61186476832472, "params": {"C": 41.276185411652726, "epsilon": 0.7341079711358854, "gamma": 0.04268104900579303}, "datetime": {"datetime": "2021-09-27 17:59:25", "elapsed": 45.340073, "delta": 0.397001}}
{"target": -11.981414143367164, "params": {"C": 18.378272166923193, "epsilon": 0.22666007497218593, "gamma": 0.15571828484048564}, "datetime": {"datetime": "2021-09-27 17:59:26", "elapsed": 45.956902, "delta": 0.616829}}
{"target": -13.031092930433635, "params": {"C": 90.36708486389728, "epsilon": 0.06768289186390171, "gamma": 0.1659395128824248}, "datetime": {"datetime": "2021-09-27 17:59:26", "elapsed": 46.613906, "delta": 0.657004}}
{"target": -12.003696285216455, "params": {"C": 41.34170630957487, "epsilon": 0.7237351630362505, "gamma": 0.15567283649246275}, "datetime": {"datetime": "2021-09-27 17:59:27", "elapsed": 47.178901, "delta": 0.564995}}
{"target": -13.124064837354751, "params": {"C": 41.53970457244417, "epsilon": 0.8474368757909009, "gamma": 0.21419283576770157}, "datetime": {"datetime": "2021-09-27 17:59:27", "elapsed": 47.549297, "delta": 0.370396}}
{"target": -11.140814672810373, "params": {"C": 41.189058190591204, "epsilon": 0.7519452284278311, "gamma": 0.026431907724165513}, "datetime": {"datetime": "2021-09-27 17:59:28", "elapsed": 48.202262, "delta": 0.652965}}
{"target": -14.13272057105476, "params": {"C": 53.38161973800926, "epsilon": 0.14157376454106815, "gamma": 0.37173224847666403}, "datetime": {"datetime": "2021-09-27 17:59:28", "elapsed": 48.599301, "delta": 0.397039}}
{"target": -11.255929723412894, "params": {"C": 64.21762363679686, "epsilon": 0.023534123169569043, "gamma": 0.017544437488046988}, "datetime": {"datetime": "2021-09-27 17:59:29", "elapsed": 49.272052, "delta": 0.672751}}
{"target": -11.20593539209573, "params": {"C": 31.015321576110555, "epsilon": 0.1487120002257714, "gamma": 0.013783206256659557}, "datetime": {"datetime": "2021-09-27 17:59:29", "elapsed": 49.698052, "delta": 0.426}}
{"target": -11.24382780027636, "params": {"C": 64.32291265574662, "epsilon": 0.08708883080357774, "gamma": 0.014578202480356822}, "datetime": {"datetime": "2021-09-27 17:59:30", "elapsed": 50.461439, "delta": 0.763387}}
{"target": -11.846628181367132, "params": {"C": 30.18983147270303, "epsilon": 0.0001, "gamma": 0.15723408651158807}, "datetime": {"datetime": "2021-09-27 17:59:31", "elapsed": 51.633414, "delta": 1.171975}}
{"target": -13.660536697621325, "params": {"C": 30.963544136896342, "epsilon": 0.004435033588296373, "gamma": 0.00285947378961932}, "datetime": {"datetime": "2021-09-27 17:59:32", "elapsed": 52.336413, "delta": 0.702999}}
{"target": -10.51275493600353, "params": {"C": 64.13731077639814, "epsilon": 0.11020165982382284, "gamma": 0.04672917627786688}, "datetime": {"datetime": "2021-09-27 17:59:32", "elapsed": 52.865457, "delta": 0.529044}}
{"target": -10.838380966046731, "params": {"C": 64.08217647773212, "epsilon": 0.025565976624519544, "gamma": 0.09006405177574033}, "datetime": {"datetime": "2021-09-27 17:59:33", "elapsed": 53.531415, "delta": 0.665958}}
{"target": -14.573583904944837, "params": {"C": 58.01373885681621, "epsilon": 0.8319426723798018, "gamma": 0.3398195952567408}, "datetime": {"datetime": "2021-09-27 17:59:34", "elapsed": 54.044262, "delta": 0.512847}}
{"target": -11.410761404673812, "params": {"C": 90.44580928942362, "epsilon": 0.08968166756905208, "gamma": 0.0077676163549779634}, "datetime": {"datetime": "2021-09-27 17:59:34", "elapsed": 54.723261, "delta": 0.678999}}
{"target": -11.245357899307104, "params": {"C": 93.97890369088391, "epsilon": 0.17663332245057642, "gamma": 0.0957080503107331}, "datetime": {"datetime": "2021-09-27 17:59:35", "elapsed": 55.182296, "delta": 0.459035}}
{"target": -11.513865033845795, "params": {"C": 46.375066747584846, "epsilon": 0.821050995404458, "gamma": 0.12018783004747886}, "datetime": {"datetime": "2021-09-27 17:59:35", "elapsed": 55.671638, "delta": 0.489342}}
{"target": -11.615417189478604, "params": {"C": 64.1808197111355, "epsilon": 0.05750112875561116, "gamma": 0.11620966895307804}, "datetime": {"datetime": "2021-09-27 17:59:36", "elapsed": 56.569756, "delta": 0.898118}}
{"target": -11.11098205146028, "params": {"C": 44.06417601291131, "epsilon": 0.36789721340252196, "gamma": 0.019847953781266935}, "datetime": {"datetime": "2021-09-27 17:59:37", "elapsed": 57.404716, "delta": 0.83496}}
{"target": -10.158674143030145, "params": {"C": 64.00313176211682, "epsilon": 0.11134710799744703, "gamma": 0.06003059163593057}, "datetime": {"datetime": "2021-09-27 17:59:38", "elapsed": 58.248293, "delta": 0.843577}}
{"target": -10.670363592873947, "params": {"C": 64.00728833719356, "epsilon": 0.04075997979190288, "gamma": 0.04368094460102903}, "datetime": {"datetime": "2021-09-27 17:59:38", "elapsed": 58.900326, "delta": 0.652033}}
{"target": -12.364224680503092, "params": {"C": 63.940885450568125, "epsilon": 0.0745783091225555, "gamma": 0.15574499920727178}, "datetime": {"datetime": "2021-09-27 17:59:39", "elapsed": 59.561409, "delta": 0.661083}}
{"target": -11.572611027192153, "params": {"C": 64.04307923179623, "epsilon": 0.21846484006314904, "gamma": 0.007205776692246083}, "datetime": {"datetime": "2021-09-27 17:59:40", "elapsed": 60.192876, "delta": 0.631467}}
{"target": -10.713748003315999, "params": {"C": 30.465392567926237, "epsilon": 0.03940874851810944, "gamma": 0.08465611673890058}, "datetime": {"datetime": "2021-09-27 17:59:41", "elapsed": 60.978949, "delta": 0.786073}}
{"target": -11.220847007192768, "params": {"C": 39.76459142688352, "epsilon": 0.08061884796190802, "gamma": 0.013327207842088275}, "datetime": {"datetime": "2021-09-27 17:59:41", "elapsed": 61.710716, "delta": 0.731767}}
{"target": -12.33543329587858, "params": {"C": 30.39730407295708, "epsilon": 0.0701201804579013, "gamma": 0.19164951785017142}, "datetime": {"datetime": "2021-09-27 17:59:42", "elapsed": 62.451847, "delta": 0.741131}}
{"target": -12.599374808128466, "params": {"C": 64.05454080589206, "epsilon": 0.16989305377192435, "gamma": 0.166331614003519}, "datetime": {"datetime": "2021-09-27 17:59:43", "elapsed": 63.184747, "delta": 0.7329}}
{"target": -14.752998520343109, "params": {"C": 30.116701862255205, "epsilon": 0.0001, "gamma": 0.001366275828510568}, "datetime": {"datetime": "2021-09-27 17:59:44", "elapsed": 64.175342, "delta": 0.990595}}
{"target": -10.193254620163856, "params": {"C": 70.17899953054088, "epsilon": 0.3070558024909918, "gamma": 0.05314438284468776}, "datetime": {"datetime": "2021-09-27 17:59:44", "elapsed": 64.746336, "delta": 0.570994}}
{"target": -11.03189241392711, "params": {"C": 50.420039930416046, "epsilon": 0.21783164425693838, "gamma": 0.10220158054802785}, "datetime": {"datetime": "2021-09-27 17:59:45", "elapsed": 65.232333, "delta": 0.485997}}
{"target": -10.677645310731858, "params": {"C": 18.531179158796174, "epsilon": 0.20935188437807084, "gamma": 0.04241222503878368}, "datetime": {"datetime": "2021-09-27 17:59:46", "elapsed": 66.282468, "delta": 1.050135}}
{"target": -13.627118183394613, "params": {"C": 26.406859326281058, "epsilon": 0.6919694127153502, "gamma": 0.29449128238382055}, "datetime": {"datetime": "2021-09-27 17:59:46", "elapsed": 66.790464, "delta": 0.507996}}
{"target": -12.862449114123137, "params": {"C": 24.196734814373972, "epsilon": 0.2344095055338914, "gamma": 0.2576506301694676}, "datetime": {"datetime": "2021-09-27 17:59:47", "elapsed": 67.307467, "delta": 0.517003}}
{"target": -10.517819354617862, "params": {"C": 70.20282924931854, "epsilon": 0.1785031078610138, "gamma": 0.04262882849909024}, "datetime": {"datetime": "2021-09-27 17:59:48", "elapsed": 68.072529, "delta": 0.765062}}
{"target": -11.893627845924208, "params": {"C": 59.676560214475124, "epsilon": 0.8269336053430627, "gamma": 0.1340063629027058}, "datetime": {"datetime": "2021-09-27 17:59:48", "elapsed": 68.617532, "delta": 0.545003}}
{"target": -11.777202365899328, "params": {"C": 70.2546898217953, "epsilon": 0.26587330682621146, "gamma": 0.12264096849093806}, "datetime": {"datetime": "2021-09-27 17:59:49", "elapsed": 69.411122, "delta": 0.79359}}
{"target": -11.154697913333042, "params": {"C": 70.1074222633335, "epsilon": 0.27653549609214406, "gamma": 0.09563194438159509}, "datetime": {"datetime": "2021-09-27 17:59:50", "elapsed": 70.279323, "delta": 0.868201}}
{"target": -10.833512615461926, "params": {"C": 70.17929463914274, "epsilon": 0.4075915977395793, "gamma": 0.08386534604048583}, "datetime": {"datetime": "2021-09-27 17:59:51", "elapsed": 71.16633, "delta": 0.887007}}
{"target": -14.978335353436458, "params": {"C": 49.183708667315145, "epsilon": 0.8334634332372067, "gamma": 0.3911021911826663}, "datetime": {"datetime": "2021-09-27 17:59:51", "elapsed": 71.731325, "delta": 0.564995}}
{"target": -13.297908655088367, "params": {"C": 85.00564056369083, "epsilon": 0.14771797964262126, "gamma": 0.19055955039654818}, "datetime": {"datetime": "2021-09-27 17:59:52", "elapsed": 72.369288, "delta": 0.637963}}
{"target": -10.919870796925753, "params": {"C": 18.395037917040376, "epsilon": 0.2724228953854277, "gamma": 0.031257951863871015}, "datetime": {"datetime": "2021-09-27 17:59:53", "elapsed": 73.220298, "delta": 0.85101}}
{"target": -14.719461719815937, "params": {"C": 70.24171779771045, "epsilon": 0.3504428971224629, "gamma": 0.001}, "datetime": {"datetime": "2021-09-27 17:59:54", "elapsed": 74.412288, "delta": 1.19199}}
{"target": -10.129535416087302, "params": {"C": 70.08006404122126, "epsilon": 0.43035696413314, "gamma": 0.058191567488635874}, "datetime": {"datetime": "2021-09-27 17:59:55", "elapsed": 75.54732, "delta": 1.135032}}
{"target": -12.042876955384104, "params": {"C": 70.13578722624459, "epsilon": 0.239776688432798, "gamma": 0.004527660593229229}, "datetime": {"datetime": "2021-09-27 17:59:56", "elapsed": 76.612571, "delta": 1.065251}}
{"target": -14.523784040645046, "params": {"C": 90.53414955915673, "epsilon": 0.0001, "gamma": 0.001}, "datetime": {"datetime": "2021-09-27 17:59:57", "elapsed": 77.592574, "delta": 0.980003}}
{"target": -10.391531742610187, "params": {"C": 30.441676697400013, "epsilon": 0.2138196981717593, "gamma": 0.053337204455191155}, "datetime": {"datetime": "2021-09-27 17:59:58", "elapsed": 78.678823, "delta": 1.086249}}
{"target": -13.58956201339902, "params": {"C": 92.60350252359258, "epsilon": 0.7418430195641774, "gamma": 0.21532418426868907}, "datetime": {"datetime": "2021-09-27 17:59:59", "elapsed": 79.294832, "delta": 0.616009}}
{"target": -12.229230175058063, "params": {"C": 70.131705297909, "epsilon": 0.3288232984187104, "gamma": 0.14516964655596348}, "datetime": {"datetime": "2021-09-27 18:00:00", "elapsed": 80.125544, "delta": 0.830712}}
{"target": -10.764763716327453, "params": {"C": 70.09724328166642, "epsilon": 0.497673571160981, "gamma": 0.02584761401616233}, "datetime": {"datetime": "2021-09-27 18:00:01", "elapsed": 81.066536, "delta": 0.940992}}
{"target": -10.536211775480437, "params": {"C": 70.08318273510613, "epsilon": 0.35084389837557867, "gamma": 0.03468290545903302}, "datetime": {"datetime": "2021-09-27 18:00:02", "elapsed": 82.267871, "delta": 1.201335}}
{"target": -13.265760736206039, "params": {"C": 2.374600131153964, "epsilon": 0.7459830443266416, "gamma": 0.035657723760301706}, "datetime": {"datetime": "2021-09-27 18:00:02", "elapsed": 82.871907, "delta": 0.604036}}
{"target": -11.248541432405084, "params": {"C": 64.03194281940608, "epsilon": 0.10734838501537625, "gamma": 0.019604459143389118}, "datetime": {"datetime": "2021-09-27 18:00:04", "elapsed": 84.010668, "delta": 1.138761}}
{"target": -11.40980455468501, "params": {"C": 70.10322258943205, "epsilon": 0.47505155909541996, "gamma": 0.10934697611117535}, "datetime": {"datetime": "2021-09-27 18:00:05", "elapsed": 84.972659, "delta": 0.961991}}
{"target": -11.817251323971464, "params": {"C": 34.55870367319184, "epsilon": 0.31582215255250967, "gamma": 0.14589206066243052}, "datetime": {"datetime": "2021-09-27 18:00:05", "elapsed": 85.50666, "delta": 0.534001}}
{"target": -10.172716566236891, "params": {"C": 60.16939226382831, "epsilon": 0.14709666045101025, "gamma": 0.05977205939964725}, "datetime": {"datetime": "2021-09-27 18:00:06", "elapsed": 86.370969, "delta": 0.864309}}
{"target": -15.618255692614449, "params": {"C": 18.450805171523154, "epsilon": 0.38179858801608796, "gamma": 0.001}, "datetime": {"datetime": "2021-09-27 18:00:07", "elapsed": 87.181967, "delta": 0.810998}}
{"target": -11.882440907478681, "params": {"C": 20.393802256445277, "epsilon": 0.09563699883825418, "gamma": 0.009385394811928703}, "datetime": {"datetime": "2021-09-27 18:00:07", "elapsed": 87.888972, "delta": 0.707005}}
{"target": -10.99564965416682, "params": {"C": 30.886823583798535, "epsilon": 0.15600669989849547, "gamma": 0.10385011416235546}, "datetime": {"datetime": "2021-09-27 18:00:08", "elapsed": 88.744194, "delta": 0.855222}}
{"target": -10.789337980923818, "params": {"C": 33.5012375597094, "epsilon": 0.4181097073924818, "gamma": 0.029386049104086792}, "datetime": {"datetime": "2021-09-27 18:00:09", "elapsed": 89.308835, "delta": 0.564641}}
{"target": -11.652417182790465, "params": {"C": 13.690296718858109, "epsilon": 0.03608229498314523, "gamma": 0.133245912898834}, "datetime": {"datetime": "2021-09-27 18:00:09", "elapsed": 89.894838, "delta": 0.586003}}
{"target": -10.949714171023828, "params": {"C": 90.72218955255656, "epsilon": 0.05587896773888003, "gamma": 0.03502873690812424}, "datetime": {"datetime": "2021-09-27 18:00:10", "elapsed": 90.762024, "delta": 0.867186}}
{"target": -10.825296175511943, "params": {"C": 63.9290434893552, "epsilon": 0.11228505794259232, "gamma": 0.03064361670755969}, "datetime": {"datetime": "2021-09-27 18:00:12", "elapsed": 91.990034, "delta": 1.22801}}
{"target": -11.001693756646718, "params": {"C": 41.335778503120736, "epsilon": 0.8001885654148269, "gamma": 0.029568294178912595}, "datetime": {"datetime": "2021-09-27 18:00:12", "elapsed": 92.878283, "delta": 0.888249}}
{"target": -11.100491701793047, "params": {"C": 96.66279123572359, "epsilon": 0.5605905420133205, "gamma": 0.09294804489684921}, "datetime": {"datetime": "2021-09-27 18:00:13", "elapsed": 93.444809, "delta": 0.566526}}
{"target": -14.734573596517137, "params": {"C": 70.02294817908917, "epsilon": 0.4302262318361607, "gamma": 0.001}, "datetime": {"datetime": "2021-09-27 18:00:14", "elapsed": 94.387356, "delta": 0.942547}}
