{"target": -11.60432700386513, "params": {"C": 97.86303033473024, "epsilon": 0.13980022148756635, "gamma": 0.10814280767582005}, "datetime": {"datetime": "2021-09-27 18:06:37", "elapsed": 477.923594, "delta": 3.704964}}
{"target": -15.407666737654493, "params": {"C": 2.797931927516945, "epsilon": 0.4404027181759441, "gamma": 0.2332190634378824}, "datetime": {"datetime": "2021-09-27 18:06:39", "elapsed": 479.797478, "delta": 1.873884}}
{"target": -10.654461311409847, "params": {"C": 21.19613394620427, "epsilon": 0.4976095612985683, "gamma": 0.051548674097247456}, "datetime": {"datetime": "2021-09-27 18:06:41", "elapsed": 481.789682, "delta": 1.992204}}
{"target": -11.81869415604151, "params": {"C": 30.559577727268696, "epsilon": 0.2004248162591447, "gamma": 0.15569672519246486}, "datetime": {"datetime": "2021-09-27 18:06:46", "elapsed": 486.527568, "delta": 4.737886}}
{"target": -14.177825223441666, "params": {"C": 41.47283898140374, "epsilon": 0.012782405434003104, "gamma": 0.39453521169479866}, "datetime": {"datetime": "2021-09-27 18:06:48", "elapsed": 488.575812, "delta": 2.048244}}
{"target": -10.866324079174005, "params": {"C": 97.87892587287303, "epsilon": 0.22171653238649391, "gamma": 0.03281351494634638}, "datetime": {"datetime": "2021-09-27 18:06:52", "elapsed": 492.481543, "delta": 3.905731}}
{"target": -10.159385342411765, "params": {"C": 91.52746958878065, "epsilon": 0.3383019018712414, "gamma": 0.058595568543949456}, "datetime": {"datetime": "2021-09-27 18:06:54", "elapsed": 494.604466, "delta": 2.122923}}
{"target": -10.6970338580231, "params": {"C": 21.279221509982083, "epsilon": 0.4645840577436969, "gamma": 0.06351762402575649}, "datetime": {"datetime": "2021-09-27 18:06:58", "elapsed": 498.78493, "delta": 4.180464}}
{"target": -11.158080249492352, "params": {"C": 90.47682437809925, "epsilon": 0.2421013105345134, "gamma": 0.01857089033299367}, "datetime": {"datetime": "2021-09-27 18:07:02", "elapsed": 502.657845, "delta": 3.872915}}
{"target": -11.359962199325102, "params": {"C": 97.81426859054626, "epsilon": 0.1382144722931399, "gamma": 0.009815990718291309}, "datetime": {"datetime": "2021-09-27 18:07:06", "elapsed": 506.536373, "delta": 3.878528}}
{"target": -10.585409380904125, "params": {"C": 72.24051031782771, "epsilon": 0.7662783371088174, "gamma": 0.05773452610773356}, "datetime": {"datetime": "2021-09-27 18:07:08", "elapsed": 508.565236, "delta": 2.028863}}
{"target": -10.301211628837171, "params": {"C": 91.44998879666771, "epsilon": 0.3217495184041508, "gamma": 0.06447857027554695}, "datetime": {"datetime": "2021-09-27 18:07:12", "elapsed": 512.563543, "delta": 3.998307}}
{"target": -11.81372986378106, "params": {"C": 91.46629108800417, "epsilon": 0.30577603510061846, "gamma": 0.11925409167618829}, "datetime": {"datetime": "2021-09-27 18:07:17", "elapsed": 516.98637, "delta": 4.422827}}
{"target": -13.752244792275082, "params": {"C": 22.09850080437786, "epsilon": 0.367230365537262, "gamma": 0.3457286395920773}, "datetime": {"datetime": "2021-09-27 18:07:19", "elapsed": 519.083109, "delta": 2.096739}}
{"target": -10.64097204635089, "params": {"C": 91.46223150900043, "epsilon": 0.2410638156969573, "gamma": 0.03654485483476734}, "datetime": {"datetime": "2021-09-27 18:07:24", "elapsed": 523.984904, "delta": 4.901795}}
{"target": -10.87109937471199, "params": {"C": 91.60926129430469, "epsilon": 0.40476078477411886, "gamma": 0.020863033149584775}, "datetime": {"datetime": "2021-09-27 18:07:27", "elapsed": 527.761897, "delta": 3.776993}}
{"target": -15.285067992889736, "params": {"C": 6.870665261338062, "epsilon": 0.9534529857977379, "gamma": 0.3843598989974259}, "datetime": {"datetime": "2021-09-27 18:07:29", "elapsed": 529.903138, "delta": 2.141241}}
{"target": -10.248191912644412, "params": {"C": 91.5830835897018, "epsilon": 0.3217639033701522, "gamma": 0.062384113783477115}, "datetime": {"datetime": "2021-09-27 18:07:34", "elapsed": 534.423427, "delta": 4.520289}}
{"target": -10.441045200206341, "params": {"C": 91.39360341606877, "epsilon": 0.2791648343521846, "gamma": 0.04059439925331488}, "datetime": {"datetime": "2021-09-27 18:07:39", "elapsed": 539.681666, "delta": 5.258239}}
{"target": -10.098584491944692, "params": {"C": 91.4069271458295, "epsilon": 0.3946244704208708, "gamma": 0.054903125970164376}, "datetime": {"datetime": "2021-09-27 18:07:43", "elapsed": 543.464887, "delta": 3.783221}}
{"target": -14.00577402961586, "params": {"C": 20.894459055441533, "epsilon": 0.422904839311917, "gamma": 0.37215438855576927}, "datetime": {"datetime": "2021-09-27 18:07:45", "elapsed": 545.512625, "delta": 2.047738}}
{"target": -14.641012842357505, "params": {"C": 91.45819302542195, "epsilon": 0.3613095428751672, "gamma": 0.001}, "datetime": {"datetime": "2021-09-27 18:07:50", "elapsed": 550.116085, "delta": 4.60346}}
{"target": -11.146761909901999, "params": {"C": 17.415472454106403, "epsilon": 0.8525950089484661, "gamma": 0.055366740911594714}, "datetime": {"datetime": "2021-09-27 18:07:52", "elapsed": 552.407324, "delta": 2.291239}}
{"target": -10.777036137703258, "params": {"C": 21.230628754075273, "epsilon": 0.5685039528932594, "gamma": 0.06707407384828706}, "datetime": {"datetime": "2021-09-27 18:07:56", "elapsed": 556.858968, "delta": 4.451644}}
{"target": -11.279343022805955, "params": {"C": 91.54168469093214, "epsilon": 0.42801224831821283, "gamma": 0.10268374303412982}, "datetime": {"datetime": "2021-09-27 18:08:01", "elapsed": 561.207929, "delta": 4.348961}}
{"target": -11.234709433633464, "params": {"C": 91.40539723338277, "epsilon": 0.35036121265891895, "gamma": 0.09553511640018048}, "datetime": {"datetime": "2021-09-27 18:08:06", "elapsed": 566.321557, "delta": 5.113628}}
{"target": -15.473560521256822, "params": {"C": 21.263678726311174, "epsilon": 0.5208616734982752, "gamma": 0.001}, "datetime": {"datetime": "2021-09-27 18:08:11", "elapsed": 571.631651, "delta": 5.310094}}
{"target": -11.463257816036151, "params": {"C": 20.320217026727907, "epsilon": 0.13817222207968766, "gamma": 0.12573622812167665}, "datetime": {"datetime": "2021-09-27 18:08:13", "elapsed": 573.786464, "delta": 2.154813}}
{"target": -11.465564818344665, "params": {"C": 21.228228302549663, "epsilon": 0.4954337201215743, "gamma": 0.1228051657481994}, "datetime": {"datetime": "2021-09-27 18:08:19", "elapsed": 579.338628, "delta": 5.552164}}
{"target": -13.826118350525874, "params": {"C": 12.011945080375472, "epsilon": 0.5277034513502051, "gamma": 0.3291836394433827}, "datetime": {"datetime": "2021-09-27 18:08:21", "elapsed": 581.451808, "delta": 2.11318}}
{"target": -10.666992687644786, "params": {"C": 21.118105586235817, "epsilon": 0.44498832027205937, "gamma": 0.04467158429361044}, "datetime": {"datetime": "2021-09-27 18:08:25", "elapsed": 585.641625, "delta": 4.189817}}
{"target": -10.473515726851671, "params": {"C": 91.37673423771288, "epsilon": 0.47390053839869356, "gamma": 0.06473017229275782}, "datetime": {"datetime": "2021-09-27 18:08:30", "elapsed": 590.641866, "delta": 5.000241}}
{"target": -10.464978762677301, "params": {"C": 30.40640654900613, "epsilon": 0.1430736413309871, "gamma": 0.05203107266611343}, "datetime": {"datetime": "2021-09-27 18:08:32", "elapsed": 592.528182, "delta": 1.886316}}
{"target": -10.914039182622348, "params": {"C": 91.57019735517243, "epsilon": 0.23619480383629204, "gamma": 0.08436525155333527}, "datetime": {"datetime": "2021-09-27 18:08:36", "elapsed": 596.06715, "delta": 3.538968}}
{"target": -10.868531788532563, "params": {"C": 91.36781508760686, "epsilon": 0.42737163435373365, "gamma": 0.08138916458043761}, "datetime": {"datetime": "2021-09-27 18:08:39", "elapsed": 599.788964, "delta": 3.721814}}
{"target": -12.25378849122309, "params": {"C": 91.62228377543485, "epsilon": 0.3516710795815565, "gamma": 0.13194981410749315}, "datetime": {"datetime": "2021-09-27 18:08:45", "elapsed": 605.00322, "delta": 5.214256}}
{"target": -11.634570252048952, "params": {"C": 97.67001534561145, "epsilon": 0.18378018574510133, "gamma": 0.11034346219547456}, "datetime": {"datetime": "2021-09-27 18:08:47", "elapsed": 607.143418, "delta": 2.140198}}
{"target": -10.888681613986408, "params": {"C": 21.11936977463241, "epsilon": 0.5276613824329139, "gamma": 0.03240691397150491}, "datetime": {"datetime": "2021-09-27 18:08:51", "elapsed": 611.331733, "delta": 4.188315}}
{"target": -11.817408682485118, "params": {"C": 21.235891377851296, "epsilon": 0.6090339919434672, "gamma": 0.1395480296518302}, "datetime": {"datetime": "2021-09-27 18:08:55", "elapsed": 615.663126, "delta": 4.331393}}
{"target": -10.680218590153661, "params": {"C": 21.234607181570805, "epsilon": 0.4248564423918637, "gamma": 0.0597308466705822}, "datetime": {"datetime": "2021-09-27 18:09:00", "elapsed": 620.13849, "delta": 4.475364}}
{"target": -11.510420054480559, "params": {"C": 60.15585149744497, "epsilon": 0.15568282951409063, "gamma": 0.11573480322404081}, "datetime": {"datetime": "2021-09-27 18:09:02", "elapsed": 622.222493, "delta": 2.084003}}
{"target": -13.345293263881258, "params": {"C": 91.57396789157153, "epsilon": 0.28884113896515246, "gamma": 0.0020422518307483296}, "datetime": {"datetime": "2021-09-27 18:09:06", "elapsed": 625.996458, "delta": 3.773965}}
{"target": -12.291179594197262, "params": {"C": 91.43114052601749, "epsilon": 0.46909660167075956, "gamma": 0.1350338658809926}, "datetime": {"datetime": "2021-09-27 18:09:09", "elapsed": 629.733647, "delta": 3.737189}}
{"target": -11.138800561285663, "params": {"C": 60.10810321745955, "epsilon": 0.19626393316465415, "gamma": 0.0988692109689721}, "datetime": {"datetime": "2021-09-27 18:09:12", "elapsed": 631.953673, "delta": 2.220026}}
{"target": -12.187823526883983, "params": {"C": 72.19869057587564, "epsilon": 0.7655741257644014, "gamma": 0.14217015097770264}, "datetime": {"datetime": "2021-09-27 18:09:15", "elapsed": 635.930962, "delta": 3.977289}}
{"target": -12.131832726833796, "params": {"C": 97.84951218872902, "epsilon": 0.24360342099493326, "gamma": 0.12755989421325636}, "datetime": {"datetime": "2021-09-27 18:09:23", "elapsed": 643.763868, "delta": 7.832906}}
{"target": -11.325661305574409, "params": {"C": 21.270349813143195, "epsilon": 0.41732624271736934, "gamma": 0.11793910052098458}, "datetime": {"datetime": "2021-09-27 18:09:29", "elapsed": 649.159925, "delta": 5.396057}}
{"target": -11.137340047976862, "params": {"C": 50.9884604186874, "epsilon": 0.7794023208417378, "gamma": 0.08685993946563417}, "datetime": {"datetime": "2021-09-27 18:09:31", "elapsed": 651.360349, "delta": 2.200424}}
{"target": -14.872087891896916, "params": {"C": 72.29933558141629, "epsilon": 0.76726910396584, "gamma": 0.001}, "datetime": {"datetime": "2021-09-27 18:09:36", "elapsed": 656.654679, "delta": 5.29433}}
{"target": -11.4183373428641, "params": {"C": 30.585985614247146, "epsilon": 0.19587689168874137, "gamma": 0.011440237975693004}, "datetime": {"datetime": "2021-09-27 18:09:40", "elapsed": 660.743037, "delta": 4.088358}}
{"target": -14.201249062195789, "params": {"C": 50.327679882853545, "epsilon": 0.7757211376620596, "gamma": 0.3223865667313742}, "datetime": {"datetime": "2021-09-27 18:09:42", "elapsed": 662.808214, "delta": 2.065177}}
{"target": -14.443580043180889, "params": {"C": 95.35052749109713, "epsilon": 0.0954191729838219, "gamma": 0.35803209368800415}, "datetime": {"datetime": "2021-09-27 18:09:45", "elapsed": 665.034013, "delta": 2.225799}}
{"target": -10.194702361028767, "params": {"C": 90.38397163283675, "epsilon": 0.3584855678361336, "gamma": 0.06004141581227305}, "datetime": {"datetime": "2021-09-27 18:09:49", "elapsed": 669.450203, "delta": 4.41619}}
{"target": -12.941374958455132, "params": {"C": 90.38216452297132, "epsilon": 0.3834464753544883, "gamma": 0.16138782449169298}, "datetime": {"datetime": "2021-09-27 18:09:53", "elapsed": 673.789345, "delta": 4.339142}}
{"target": -13.333930794996935, "params": {"C": 27.327370196608936, "epsilon": 0.6029854571236394, "gamma": 0.27648815208679667}, "datetime": {"datetime": "2021-09-27 18:09:56", "elapsed": 676.040899, "delta": 2.251554}}
{"target": -10.711547017074533, "params": {"C": 21.039046036208397, "epsilon": 0.511384258213934, "gamma": 0.06699115857015217}, "datetime": {"datetime": "2021-09-27 18:09:59", "elapsed": 679.817058, "delta": 3.776159}}
{"target": -13.999199869601137, "params": {"C": 72.49075133561597, "epsilon": 0.085526539867025, "gamma": 0.3174077686692868}, "datetime": {"datetime": "2021-09-27 18:10:02", "elapsed": 682.282723, "delta": 2.465665}}
{"target": -13.781378411390774, "params": {"C": 71.51761577464093, "epsilon": 0.42149931819198416, "gamma": 0.26040352093329955}, "datetime": {"datetime": "2021-09-27 18:10:04", "elapsed": 684.47691, "delta": 2.194187}}
{"target": -10.109623036526365, "params": {"C": 63.966223462319334, "epsilon": 0.17922153374647265, "gamma": 0.06554550220572855}, "datetime": {"datetime": "2021-09-27 18:10:08", "elapsed": 688.534073, "delta": 4.057163}}
{"target": -11.688319719769684, "params": {"C": 41.83773012320406, "epsilon": 0.560829706104184, "gamma": 0.1318162019161664}, "datetime": {"datetime": "2021-09-27 18:10:12", "elapsed": 692.84923, "delta": 4.315157}}
{"target": -10.141453194514634, "params": {"C": 90.29979015159111, "epsilon": 0.37251021002170304, "gamma": 0.05778309968063403}, "datetime": {"datetime": "2021-09-27 18:10:17", "elapsed": 697.715958, "delta": 4.866728}}
{"target": -10.952269831704179, "params": {"C": 71.4483524425309, "epsilon": 0.9373372180173855, "gamma": 0.08090530695929761}, "datetime": {"datetime": "2021-09-27 18:10:20", "elapsed": 699.951943, "delta": 2.235985}}
{"target": -10.743788508068997, "params": {"C": 90.27626765947154, "epsilon": 0.4726240429491176, "gamma": 0.026147889355813424}, "datetime": {"datetime": "2021-09-27 18:10:25", "elapsed": 705.846886, "delta": 5.894943}}
{"target": -10.26763166038802, "params": {"C": 97.74701771974861, "epsilon": 0.21117653462533165, "gamma": 0.0626246661217329}, "datetime": {"datetime": "2021-09-27 18:10:30", "elapsed": 710.672094, "delta": 4.825208}}
{"target": -11.397876595615005, "params": {"C": 52.626682673663574, "epsilon": 0.5101802075474354, "gamma": 0.01322110228956615}, "datetime": {"datetime": "2021-09-27 18:10:33", "elapsed": 713.06569, "delta": 2.393596}}
{"target": -14.1432657411336, "params": {"C": 86.57129215098708, "epsilon": 0.6160140352922587, "gamma": 0.27509998209983466}, "datetime": {"datetime": "2021-09-27 18:10:35", "elapsed": 715.682956, "delta": 2.617266}}
{"target": -11.899818401505934, "params": {"C": 42.87698613656992, "epsilon": 0.3423802359855014, "gamma": 0.14409885325324062}, "datetime": {"datetime": "2021-09-27 18:10:38", "elapsed": 718.00816, "delta": 2.325204}}
{"target": -11.129757860329011, "params": {"C": 30.82854239998379, "epsilon": 0.05923420211767767, "gamma": 0.11226376968270256}, "datetime": {"datetime": "2021-09-27 18:10:43", "elapsed": 723.862573, "delta": 5.854413}}
{"target": -12.8810629494436, "params": {"C": 91.31743215120045, "epsilon": 0.5007277972556256, "gamma": 0.002488180245216339}, "datetime": {"datetime": "2021-09-27 18:10:50", "elapsed": 730.589429, "delta": 6.726856}}
{"target": -13.505017497827183, "params": {"C": 74.53295240751093, "epsilon": 0.8002889520425982, "gamma": 0.21734569701765763}, "datetime": {"datetime": "2021-09-27 18:10:53", "elapsed": 733.164829, "delta": 2.5754}}
{"target": -12.67789827451148, "params": {"C": 27.479540123763886, "epsilon": 0.27798298681248473, "gamma": 0.2318701897574117}, "datetime": {"datetime": "2021-09-27 18:10:55", "elapsed": 735.511242, "delta": 2.346413}}
{"target": -10.494576023988134, "params": {"C": 72.23579306495462, "epsilon": 0.7564298729908855, "gamma": 0.05549429856414725}, "datetime": {"datetime": "2021-09-27 18:10:57", "elapsed": 737.889592, "delta": 2.37835}}
{"target": -10.56341233814887, "params": {"C": 88.92310541146037, "epsilon": 0.8240691343186112, "gamma": 0.04560127908971527}, "datetime": {"datetime": "2021-09-27 18:11:00", "elapsed": 740.504994, "delta": 2.615402}}
{"target": -11.109949902060382, "params": {"C": 90.20648504737831, "epsilon": 0.40548906857487804, "gamma": 0.09119599042486695}, "datetime": {"datetime": "2021-09-27 18:11:08", "elapsed": 748.597755, "delta": 8.092761}}
{"target": -13.181986724613301, "params": {"C": 14.39250318289297, "epsilon": 0.3877883763882652, "gamma": 0.2699606847874674}, "datetime": {"datetime": "2021-09-27 18:11:11", "elapsed": 751.02922, "delta": 2.431465}}
{"target": -10.436122400094927, "params": {"C": 61.44162203685969, "epsilon": 0.23913813389416028, "gamma": 0.07902053479107196}, "datetime": {"datetime": "2021-09-27 18:11:13", "elapsed": 753.394017, "delta": 2.364797}}
{"target": -11.274023574165746, "params": {"C": 21.12210226540504, "epsilon": 0.502705229776332, "gamma": 0.11062555965820446}, "datetime": {"datetime": "2021-09-27 18:11:19", "elapsed": 759.732774, "delta": 6.338757}}
{"target": -10.186667089839965, "params": {"C": 61.469233442822144, "epsilon": 0.32736116928585296, "gamma": 0.05679455292447962}, "datetime": {"datetime": "2021-09-27 18:11:23", "elapsed": 763.894408, "delta": 4.161634}}
{"target": -11.785697193015118, "params": {"C": 5.084887453482199, "epsilon": 0.7940869894140952, "gamma": 0.06267719284487665}, "datetime": {"datetime": "2021-09-27 18:11:26", "elapsed": 766.316516, "delta": 2.422108}}
{"target": -14.958376109504876, "params": {"C": 82.56602854444476, "epsilon": 0.7671719601409651, "gamma": 0.3501944476129334}, "datetime": {"datetime": "2021-09-27 18:11:28", "elapsed": 768.904785, "delta": 2.588269}}
{"target": -11.124444582764877, "params": {"C": 61.56067476116505, "epsilon": 0.32700625488791424, "gamma": 0.019919291371635398}, "datetime": {"datetime": "2021-09-27 18:11:34", "elapsed": 774.174518, "delta": 5.269733}}
{"target": -11.251868607494456, "params": {"C": 60.062258804567115, "epsilon": 0.38916542550129674, "gamma": 0.015761058180890745}, "datetime": {"datetime": "2021-09-27 18:11:40", "elapsed": 780.635935, "delta": 6.461417}}
{"target": -11.086730762242984, "params": {"C": 60.00523139153793, "epsilon": 0.8551792968191946, "gamma": 0.08493179973333995}, "datetime": {"datetime": "2021-09-27 18:11:43", "elapsed": 783.192234, "delta": 2.556299}}
{"target": -12.193832213050415, "params": {"C": 61.49364723570505, "epsilon": 0.30483614440982176, "gamma": 0.149782550583968}, "datetime": {"datetime": "2021-09-27 18:11:47", "elapsed": 787.818654, "delta": 4.62642}}
{"target": -10.427650774984718, "params": {"C": 90.35678755964855, "epsilon": 0.2994095713100797, "gamma": 0.06940633222826204}, "datetime": {"datetime": "2021-09-27 18:11:53", "elapsed": 793.050265, "delta": 5.231611}}
{"target": -10.919934576053237, "params": {"C": 90.35478727962587, "epsilon": 0.46340358216217326, "gamma": 0.020426654760431685}, "datetime": {"datetime": "2021-09-27 18:11:58", "elapsed": 798.226551, "delta": 5.176286}}
{"target": -10.187682813717732, "params": {"C": 61.38801427012049, "epsilon": 0.2717558601844376, "gamma": 0.056201517427928574}, "datetime": {"datetime": "2021-09-27 18:12:03", "elapsed": 803.805733, "delta": 5.579182}}
{"target": -12.980744318552254, "params": {"C": 46.34404335256529, "epsilon": 0.6667522929379855, "gamma": 0.2080944204139072}, "datetime": {"datetime": "2021-09-27 18:12:06", "elapsed": 806.56058, "delta": 2.754847}}
{"target": -13.167611147916771, "params": {"C": 97.74663375293777, "epsilon": 0.20287939682667985, "gamma": 0.0021690059117878725}, "datetime": {"datetime": "2021-09-27 18:12:12", "elapsed": 812.264411, "delta": 5.703831}}
{"target": -12.55593169159993, "params": {"C": 17.567550772641443, "epsilon": 0.39867275787896966, "gamma": 0.21552970162048965}, "datetime": {"datetime": "2021-09-27 18:12:14", "elapsed": 814.705497, "delta": 2.441086}}
{"target": -11.076172971871697, "params": {"C": 97.78492087365481, "epsilon": 0.20259611018641177, "gamma": 0.08892144493286717}, "datetime": {"datetime": "2021-09-27 18:12:21", "elapsed": 821.272274, "delta": 6.566777}}
{"target": -11.475763192006646, "params": {"C": 90.33866134291881, "epsilon": 0.28803117971846587, "gamma": 0.0068026100637282065}, "datetime": {"datetime": "2021-09-27 18:12:26", "elapsed": 826.481863, "delta": 5.209589}}
{"target": -10.191260498740785, "params": {"C": 61.41556988771882, "epsilon": 0.3688165205893042, "gamma": 0.05319379627941618}, "datetime": {"datetime": "2021-09-27 18:12:32", "elapsed": 832.034071, "delta": 5.552208}}
{"target": -10.692204524636265, "params": {"C": 33.63913469949944, "epsilon": 0.3486176906113462, "gamma": 0.0839263683948467}, "datetime": {"datetime": "2021-09-27 18:12:34", "elapsed": 834.855591, "delta": 2.82152}}
{"target": -11.367522737060087, "params": {"C": 41.83873891103027, "epsilon": 0.5339338821807228, "gamma": 0.016335141291012666}, "datetime": {"datetime": "2021-09-27 18:12:37", "elapsed": 837.444533, "delta": 2.588942}}
{"target": -11.290034982546086, "params": {"C": 61.51439874032412, "epsilon": 0.4171302946528051, "gamma": 0.013947430841786346}, "datetime": {"datetime": "2021-09-27 18:12:44", "elapsed": 843.982675, "delta": 6.538142}}
{"target": -11.06230380105028, "params": {"C": 90.30106724786653, "epsilon": 0.43679272901063876, "gamma": 0.08945722244908906}, "datetime": {"datetime": "2021-09-27 18:12:49", "elapsed": 849.918342, "delta": 5.935667}}
{"target": -14.352580009594712, "params": {"C": 61.487661401754764, "epsilon": 0.216630389700843, "gamma": 0.0013519996266306519}, "datetime": {"datetime": "2021-09-27 18:13:00", "elapsed": 860.416073, "delta": 10.497731}}
{"target": -13.072710358774076, "params": {"C": 89.26423872447182, "epsilon": 0.5347439043959401, "gamma": 0.1729692833830117}, "datetime": {"datetime": "2021-09-27 18:13:02", "elapsed": 862.887307, "delta": 2.471234}}
{"target": -11.930181013922825, "params": {"C": 61.332750747063805, "epsilon": 0.19790873902157838, "gamma": 0.13219934645874284}, "datetime": {"datetime": "2021-09-27 18:13:09", "elapsed": 868.96768, "delta": 6.080373}}
