{"target": 0.9076541944457618, "params": {"C": 462.8314221203535, "epsilon": 0.6270377530284765, "gamma": 0.06311596144403755}, "datetime": {"datetime": "2021-09-18 15:31:29", "elapsed": 195.12063, "delta": 1.668961}}
{"target": 0.9072559504037806, "params": {"C": 459.2942073262632, "epsilon": 0.5700411684510158, "gamma": 0.06281463969338288}, "datetime": {"datetime": "2021-09-18 15:31:31", "elapsed": 196.586669, "delta": 1.466039}}
{"target": 0.9031736139026159, "params": {"C": 483.2182907461546, "epsilon": 0.7104563955895127, "gamma": 0.05320276781293485}, "datetime": {"datetime": "2021-09-18 15:31:32", "elapsed": 197.873628, "delta": 1.286959}}
{"target": 0.8950798504732551, "params": {"C": 569.1320850889059, "epsilon": 0.2163795309993519, "gamma": 0.07521506658801744}, "datetime": {"datetime": "2021-09-18 15:31:33", "elapsed": 198.976628, "delta": 1.103}}
{"target": 0.9005020559223421, "params": {"C": 402.0944036820654, "epsilon": 0.6003885252976335, "gamma": 0.053479621472853525}, "datetime": {"datetime": "2021-09-18 15:31:35", "elapsed": 200.296664, "delta": 1.320036}}
{"target": 0.8840192376394576, "params": {"C": 462.4822913959521, "epsilon": 0.39425047767352006, "gamma": 0.10934834385933578}, "datetime": {"datetime": "2021-09-18 15:31:36", "elapsed": 201.897634, "delta": 1.60097}}
{"target": 0.880959848014945, "params": {"C": 443.22335010772525, "epsilon": 0.6625287434864577, "gamma": 0.130411421967005}, "datetime": {"datetime": "2021-09-18 15:31:37", "elapsed": 202.949666, "delta": 1.052032}}
{"target": 0.9092249826672422, "params": {"C": 368.2088689553246, "epsilon": 0.604808726771117, "gamma": 0.07235054574064216}, "datetime": {"datetime": "2021-09-18 15:31:39", "elapsed": 204.477664, "delta": 1.527998}}
{"target": 0.9062651381582143, "params": {"C": 483.31367268484917, "epsilon": 0.7103604843604693, "gamma": 0.05650825459921979}, "datetime": {"datetime": "2021-09-18 15:31:40", "elapsed": 205.922995, "delta": 1.445331}}
{"target": 0.8850471527136585, "params": {"C": 368.700771706734, "epsilon": 0.7909383428064053, "gamma": 0.13143691253955286}, "datetime": {"datetime": "2021-09-18 15:31:42", "elapsed": 207.353191, "delta": 1.430196}}
{"target": 0.902872840805695, "params": {"C": 483.1050529155152, "epsilon": 0.766020052122837, "gamma": 0.08326694391267708}, "datetime": {"datetime": "2021-09-18 15:31:43", "elapsed": 208.748107, "delta": 1.394916}}
{"target": 0.9000935181480891, "params": {"C": 483.2997381629341, "epsilon": 0.3696630275107336, "gamma": 0.05430890587881718}, "datetime": {"datetime": "2021-09-18 15:31:45", "elapsed": 210.528829, "delta": 1.780722}}
{"target": 0.9018046753157828, "params": {"C": 462.5065572677179, "epsilon": 0.6150953880484233, "gamma": 0.05338431039407469}, "datetime": {"datetime": "2021-09-18 15:31:46", "elapsed": 212.016193, "delta": 1.487364}}
{"target": 0.9084416643918587, "params": {"C": 462.8386024927837, "epsilon": 0.7238277457732705, "gamma": 0.06541235147121838}, "datetime": {"datetime": "2021-09-18 15:31:48", "elapsed": 213.510175, "delta": 1.493982}}
{"target": 0.8692909598764694, "params": {"C": 596.5307454603624, "epsilon": 0.7291479573547445, "gamma": 0.14934598898464269}, "datetime": {"datetime": "2021-09-18 15:31:49", "elapsed": 214.590538, "delta": 1.080363}}
{"target": 0.8784426016125935, "params": {"C": 670.103263022392, "epsilon": 0.6260883304951982, "gamma": 0.11048479239515169}, "datetime": {"datetime": "2021-09-18 15:31:50", "elapsed": 215.673362, "delta": 1.082824}}
{"target": 0.9073698381363602, "params": {"C": 380.1151404937005, "epsilon": 0.5809434999365595, "gamma": 0.07884005056660363}, "datetime": {"datetime": "2021-09-18 15:31:51", "elapsed": 216.806151, "delta": 1.132789}}
{"target": 0.8775667248156038, "params": {"C": 471.75570066661146, "epsilon": 0.6283467518986621, "gamma": 0.14042720529890798}, "datetime": {"datetime": "2021-09-18 15:31:52", "elapsed": 217.879752, "delta": 1.073601}}
{"target": 0.8787674923848487, "params": {"C": 380.17170149042795, "epsilon": 0.5782960900972919, "gamma": 0.1483222291858543}, "datetime": {"datetime": "2021-09-18 15:31:54", "elapsed": 219.967949, "delta": 2.088197}}
{"target": 0.9083475502972348, "params": {"C": 334.4292801563635, "epsilon": 0.4422319409707708, "gamma": 0.06856050254337065}, "datetime": {"datetime": "2021-09-18 15:31:56", "elapsed": 221.609281, "delta": 1.641332}}
{"target": 0.9078798028925801, "params": {"C": 462.8273808333147, "epsilon": 0.6909905536633122, "gamma": 0.06101271031606035}, "datetime": {"datetime": "2021-09-18 15:31:58", "elapsed": 223.363072, "delta": 1.753791}}
{"target": 0.9019679643563169, "params": {"C": 323.3217540250201, "epsilon": 0.3792648969249637, "gamma": 0.09242047493848346}, "datetime": {"datetime": "2021-09-18 15:31:59", "elapsed": 224.486822, "delta": 1.12375}}
{"target": 0.8970138658902538, "params": {"C": 367.8914996743034, "epsilon": 0.7676359971956656, "gamma": 0.05}, "datetime": {"datetime": "2021-09-18 15:32:00", "elapsed": 225.853354, "delta": 1.366532}}
{"target": 0.8977764994752918, "params": {"C": 409.4306491563601, "epsilon": 0.8, "gamma": 0.05}, "datetime": {"datetime": "2021-09-18 15:32:02", "elapsed": 227.319175, "delta": 1.465821}}
{"target": 0.8930886131663305, "params": {"C": 688.2743017976528, "epsilon": 0.675810263795583, "gamma": 0.08035314975403113}, "datetime": {"datetime": "2021-09-18 15:32:03", "elapsed": 228.513579, "delta": 1.194404}}
{"target": 0.9078826465718229, "params": {"C": 380.1437440729049, "epsilon": 0.49831966722012755, "gamma": 0.06524230724302246}, "datetime": {"datetime": "2021-09-18 15:32:05", "elapsed": 230.265225, "delta": 1.751646}}
{"target": 0.9082984754629994, "params": {"C": 380.0486980528797, "epsilon": 0.5503949469121746, "gamma": 0.07104253713372685}, "datetime": {"datetime": "2021-09-18 15:32:06", "elapsed": 231.811099, "delta": 1.545874}}
{"target": 0.9063982373139201, "params": {"C": 381.63639572725, "epsilon": 0.7631736144338253, "gamma": 0.05809277036282279}, "datetime": {"datetime": "2021-09-18 15:32:08", "elapsed": 233.369737, "delta": 1.558638}}
{"target": 0.9027348779346563, "params": {"C": 379.97816847395734, "epsilon": 0.6171326280619124, "gamma": 0.09046854647794862}, "datetime": {"datetime": "2021-09-18 15:32:10", "elapsed": 235.241407, "delta": 1.87167}}
{"target": 0.9066571825012315, "params": {"C": 380.0360376431199, "epsilon": 0.5959099004159822, "gamma": 0.08226176297198343}, "datetime": {"datetime": "2021-09-18 15:32:11", "elapsed": 236.893043, "delta": 1.651636}}
{"target": 0.9020983933286747, "params": {"C": 380.23136486349836, "epsilon": 0.4399849892874355, "gamma": 0.05737045619355156}, "datetime": {"datetime": "2021-09-18 15:32:13", "elapsed": 238.348115, "delta": 1.455072}}
{"target": 0.8803730265857114, "params": {"C": 495.7355621556944, "epsilon": 0.697005246962085, "gamma": 0.12832397373705323}, "datetime": {"datetime": "2021-09-18 15:32:14", "elapsed": 239.486986, "delta": 1.138871}}
{"target": 0.907849384408348, "params": {"C": 334.38240154939894, "epsilon": 0.3938033568590107, "gamma": 0.06941712783721445}, "datetime": {"datetime": "2021-09-18 15:32:16", "elapsed": 241.502631, "delta": 2.015645}}
{"target": 0.8999644925127546, "params": {"C": 614.3939099612621, "epsilon": 0.7578808954271603, "gamma": 0.07809291303347174}, "datetime": {"datetime": "2021-09-18 15:32:17", "elapsed": 242.683656, "delta": 1.181025}}
{"target": 0.8834622437529233, "params": {"C": 334.4106226416995, "epsilon": 0.4162100924837684, "gamma": 0.1317316399205823}, "datetime": {"datetime": "2021-09-18 15:32:19", "elapsed": 244.570521, "delta": 1.886865}}
{"target": 0.8737471654176012, "params": {"C": 651.1082388776668, "epsilon": 0.20200755313728616, "gamma": 0.11134177296956896}, "datetime": {"datetime": "2021-09-18 15:32:20", "elapsed": 245.979943, "delta": 1.409422}}
{"target": 0.872131122495174, "params": {"C": 453.5233070314158, "epsilon": 0.23524037515141705, "gamma": 0.1436951083094271}, "datetime": {"datetime": "2021-09-18 15:32:22", "elapsed": 247.202978, "delta": 1.223035}}
{"target": 0.9045179472367639, "params": {"C": 367.72334170901047, "epsilon": 0.7191961017278182, "gamma": 0.0574632962421206}, "datetime": {"datetime": "2021-09-18 15:32:23", "elapsed": 248.834816, "delta": 1.631838}}
{"target": 0.8935137062237833, "params": {"C": 607.0608671793821, "epsilon": 0.24210549756691074, "gamma": 0.0531108548852026}, "datetime": {"datetime": "2021-09-18 15:32:25", "elapsed": 250.183806, "delta": 1.34899}}
{"target": 0.8930997452365119, "params": {"C": 380.1317537693086, "epsilon": 0.43883168259868627, "gamma": 0.10175804737937846}, "datetime": {"datetime": "2021-09-18 15:32:26", "elapsed": 251.941812, "delta": 1.758006}}
{"target": 0.8713019052284813, "params": {"C": 453.0485290330377, "epsilon": 0.08050911939388301, "gamma": 0.14893419429935464}, "datetime": {"datetime": "2021-09-18 15:32:28", "elapsed": 253.19081, "delta": 1.248998}}
{"target": 0.8737615856324138, "params": {"C": 418.91681059797435, "epsilon": 0.06883297701493925, "gamma": 0.14768561816525505}, "datetime": {"datetime": "2021-09-18 15:32:29", "elapsed": 254.489811, "delta": 1.299001}}
{"target": 0.8810477240990422, "params": {"C": 597.3945003523521, "epsilon": 0.5248638147189959, "gamma": 0.1070284241623518}, "datetime": {"datetime": "2021-09-18 15:32:30", "elapsed": 255.748851, "delta": 1.25904}}
{"target": 0.8948397685187398, "params": {"C": 334.3660114005955, "epsilon": 0.4404404324053753, "gamma": 0.05}, "datetime": {"datetime": "2021-09-18 15:32:32", "elapsed": 257.355813, "delta": 1.606962}}
{"target": 0.9041999435978291, "params": {"C": 462.900537340814, "epsilon": 0.7673405658571237, "gamma": 0.053661758546545396}, "datetime": {"datetime": "2021-09-18 15:32:34", "elapsed": 259.292808, "delta": 1.936995}}
{"target": 0.8970548712785691, "params": {"C": 335.8078740165739, "epsilon": 0.20129600284264168, "gamma": 0.0989114344147393}, "datetime": {"datetime": "2021-09-18 15:32:35", "elapsed": 260.509808, "delta": 1.217}}
{"target": 0.8814665384033371, "params": {"C": 380.0411269565436, "epsilon": 0.5836920990815682, "gamma": 0.13510504831699122}, "datetime": {"datetime": "2021-09-18 15:32:37", "elapsed": 262.419806, "delta": 1.909998}}
{"target": 0.8865224603669986, "params": {"C": 362.15113646249023, "epsilon": 0.3737550607094671, "gamma": 0.11650130182404368}, "datetime": {"datetime": "2021-09-18 15:32:38", "elapsed": 263.75281, "delta": 1.333004}}
{"target": 0.887318887802147, "params": {"C": 695.1641807135836, "epsilon": 0.7072799003925824, "gamma": 0.09279697771315698}, "datetime": {"datetime": "2021-09-18 15:32:39", "elapsed": 265.033807, "delta": 1.280997}}
{"target": 0.9036104385728746, "params": {"C": 334.4567408071217, "epsilon": 0.3649628221004841, "gamma": 0.06154057167429505}, "datetime": {"datetime": "2021-09-18 15:32:41", "elapsed": 266.601806, "delta": 1.567999}}
{"target": 0.9035416083955363, "params": {"C": 334.41072006470927, "epsilon": 0.2936459500547572, "gamma": 0.08517237669471564}, "datetime": {"datetime": "2021-09-18 15:32:43", "elapsed": 269.030812, "delta": 2.429006}}
{"target": 0.8972959009757283, "params": {"C": 381.532004639726, "epsilon": 0.7777209673841992, "gamma": 0.05}, "datetime": {"datetime": "2021-09-18 15:32:45", "elapsed": 270.836812, "delta": 1.806}}
{"target": 0.905627195651067, "params": {"C": 356.0828322760017, "epsilon": 0.5822737518790574, "gamma": 0.06080076898696521}, "datetime": {"datetime": "2021-09-18 15:32:48", "elapsed": 273.351808, "delta": 2.514996}}
{"target": 0.8722860020381322, "params": {"C": 571.3955444770563, "epsilon": 0.41749233040809935, "gamma": 0.13073337856092648}, "datetime": {"datetime": "2021-09-18 15:32:49", "elapsed": 274.693812, "delta": 1.342004}}
{"target": 0.9076065076854434, "params": {"C": 316.2382541862056, "epsilon": 0.5114202031583722, "gamma": 0.06628806785075905}, "datetime": {"datetime": "2021-09-18 15:32:50", "elapsed": 276.04581, "delta": 1.351998}}
{"target": 0.8975294751042356, "params": {"C": 401.97120833341586, "epsilon": 0.5932752406378199, "gamma": 0.050676309544881164}, "datetime": {"datetime": "2021-09-18 15:32:52", "elapsed": 277.975816, "delta": 1.930006}}
{"target": 0.898305257658476, "params": {"C": 380.00828364029314, "epsilon": 0.7128253473510886, "gamma": 0.051288136729364525}, "datetime": {"datetime": "2021-09-18 15:32:54", "elapsed": 279.826807, "delta": 1.850991}}
{"target": 0.883818491622036, "params": {"C": 649.9094817184946, "epsilon": 0.5127569636982685, "gamma": 0.09416077444853219}, "datetime": {"datetime": "2021-09-18 15:32:56", "elapsed": 281.272314, "delta": 1.445507}}
{"target": 0.898010116706519, "params": {"C": 334.35819611168625, "epsilon": 0.3519566793182002, "gamma": 0.10035754934259453}, "datetime": {"datetime": "2021-09-18 15:32:57", "elapsed": 283.127596, "delta": 1.855282}}
{"target": 0.8986924589892348, "params": {"C": 331.5058569006105, "epsilon": 0.3194454729667796, "gamma": 0.05788609202603806}, "datetime": {"datetime": "2021-09-18 15:32:59", "elapsed": 284.388208, "delta": 1.260612}}
{"target": 0.9022707082282156, "params": {"C": 424.7723851706723, "epsilon": 0.5418131823094212, "gamma": 0.0552483257919939}, "datetime": {"datetime": "2021-09-18 15:33:00", "elapsed": 286.033127, "delta": 1.644919}}
{"target": 0.8986923748686054, "params": {"C": 380.0847476895798, "epsilon": 0.5562455354865163, "gamma": 0.05250721000603156}, "datetime": {"datetime": "2021-09-18 15:33:02", "elapsed": 288.038861, "delta": 2.005734}}
{"target": 0.8874413247144358, "params": {"C": 435.34261206524036, "epsilon": 0.6166532862868849, "gamma": 0.11465727379083325}, "datetime": {"datetime": "2021-09-18 15:33:04", "elapsed": 289.313185, "delta": 1.274324}}
{"target": 0.8890102033668245, "params": {"C": 377.1108856759752, "epsilon": 0.578437752675637, "gamma": 0.11677186090358994}, "datetime": {"datetime": "2021-09-18 15:33:05", "elapsed": 290.640125, "delta": 1.32694}}
{"target": 0.8905768791348379, "params": {"C": 401.9113724158271, "epsilon": 0.5958640879232797, "gamma": 0.10988466423975521}, "datetime": {"datetime": "2021-09-18 15:33:07", "elapsed": 292.362988, "delta": 1.722863}}
{"target": 0.8998373241880493, "params": {"C": 459.2887773078925, "epsilon": 0.6610200936112377, "gamma": 0.051444801259689435}, "datetime": {"datetime": "2021-09-18 15:33:09", "elapsed": 294.389988, "delta": 2.027}}
{"target": 0.907578040327238, "params": {"C": 380.18982084271937, "epsilon": 0.47453475765370584, "gamma": 0.06514261962008477}, "datetime": {"datetime": "2021-09-18 15:33:11", "elapsed": 296.284661, "delta": 1.894673}}
{"target": 0.8906997028923327, "params": {"C": 367.77705191323497, "epsilon": 0.7839650448451481, "gamma": 0.11924469498290954}, "datetime": {"datetime": "2021-09-18 15:33:12", "elapsed": 298.022341, "delta": 1.73768}}
{"target": 0.8996188255106532, "params": {"C": 379.9244513784206, "epsilon": 0.5598107711237371, "gamma": 0.0945013823697009}, "datetime": {"datetime": "2021-09-18 15:33:15", "elapsed": 300.757659, "delta": 2.735318}}
{"target": 0.9099909199322876, "params": {"C": 328.0540314244359, "epsilon": 0.7382167830272415, "gamma": 0.06682504657807128}, "datetime": {"datetime": "2021-09-18 15:33:18", "elapsed": 303.304831, "delta": 2.547172}}
{"target": 0.8900200243607143, "params": {"C": 459.31140565591323, "epsilon": 0.5764005984021572, "gamma": 0.10329025477367462}, "datetime": {"datetime": "2021-09-18 15:33:19", "elapsed": 305.079215, "delta": 1.774384}}
{"target": 0.8683860563559267, "params": {"C": 672.1968808449886, "epsilon": 0.7447448978688115, "gamma": 0.13903522880790875}, "datetime": {"datetime": "2021-09-18 15:33:21", "elapsed": 306.435819, "delta": 1.356604}}
{"target": 0.8802556603806698, "params": {"C": 483.03641074008505, "epsilon": 0.4422890095541303, "gamma": 0.11888565918980158}, "datetime": {"datetime": "2021-09-18 15:33:23", "elapsed": 308.393652, "delta": 1.957833}}
{"target": 0.8876083381112079, "params": {"C": 674.4268635902013, "epsilon": 0.6451046141090221, "gamma": 0.09099203221785032}, "datetime": {"datetime": "2021-09-18 15:33:24", "elapsed": 309.77268, "delta": 1.379028}}
{"target": 0.9039499175669641, "params": {"C": 459.5490676822286, "epsilon": 0.5207113858288874, "gamma": 0.07668326558852508}, "datetime": {"datetime": "2021-09-18 15:33:26", "elapsed": 311.690862, "delta": 1.918182}}
{"target": 0.904272130025196, "params": {"C": 558.148328926728, "epsilon": 0.7187748267758982, "gamma": 0.07468135771587676}, "datetime": {"datetime": "2021-09-18 15:33:27", "elapsed": 313.084135, "delta": 1.393273}}
{"target": 0.9058472634687784, "params": {"C": 379.996592022848, "epsilon": 0.4738814211778856, "gamma": 0.07877591513979514}, "datetime": {"datetime": "2021-09-18 15:33:30", "elapsed": 315.485889, "delta": 2.401754}}
{"target": 0.8757511069016115, "params": {"C": 450.8789866754315, "epsilon": 0.27786514369420834, "gamma": 0.13332169386611753}, "datetime": {"datetime": "2021-09-18 15:33:31", "elapsed": 316.804111, "delta": 1.318222}}
{"target": 0.905717621819601, "params": {"C": 380.12919674545924, "epsilon": 0.64570482206633, "gamma": 0.05911415660880429}, "datetime": {"datetime": "2021-09-18 15:33:34", "elapsed": 319.183416, "delta": 2.379305}}
{"target": 0.8977783738202776, "params": {"C": 379.9676937747398, "epsilon": 0.5144513093133724, "gamma": 0.09650884298966277}, "datetime": {"datetime": "2021-09-18 15:33:35", "elapsed": 320.872764, "delta": 1.689348}}
{"target": 0.8995556166357155, "params": {"C": 409.5323785170406, "epsilon": 0.6438118158556184, "gamma": 0.052165109605533694}, "datetime": {"datetime": "2021-09-18 15:33:37", "elapsed": 323.0455, "delta": 2.172736}}
{"target": 0.9024964083922735, "params": {"C": 374.58504566928144, "epsilon": 0.2818604663214286, "gamma": 0.0638439140789}, "datetime": {"datetime": "2021-09-18 15:33:39", "elapsed": 325.010592, "delta": 1.965092}}
{"target": 0.8885199737117622, "params": {"C": 365.4918241626359, "epsilon": 0.09935089740418171, "gamma": 0.10985640412167949}, "datetime": {"datetime": "2021-09-18 15:33:41", "elapsed": 326.361819, "delta": 1.351227}}
{"target": 0.898051320559497, "params": {"C": 334.42525782316574, "epsilon": 0.40648728875573487, "gamma": 0.055196502610581316}, "datetime": {"datetime": "2021-09-18 15:33:43", "elapsed": 328.895059, "delta": 2.53324}}
{"target": 0.9036585694742407, "params": {"C": 695.8053348531009, "epsilon": 0.7280372040723554, "gamma": 0.05392001389355026}, "datetime": {"datetime": "2021-09-18 15:33:46", "elapsed": 331.191336, "delta": 2.296277}}
{"target": 0.8998042196218035, "params": {"C": 379.9359986101612, "epsilon": 0.4236966671715728, "gamma": 0.05539588111863121}, "datetime": {"datetime": "2021-09-18 15:33:48", "elapsed": 333.251718, "delta": 2.060382}}
{"target": 0.8917245738759334, "params": {"C": 334.3642221785031, "epsilon": 0.24038185156090508, "gamma": 0.05005725413949441}, "datetime": {"datetime": "2021-09-18 15:33:49", "elapsed": 335.106114, "delta": 1.854396}}
{"target": 0.9097148996877529, "params": {"C": 328.0173700730448, "epsilon": 0.6068983158267439, "gamma": 0.07370096473004162}, "datetime": {"datetime": "2021-09-18 15:33:52", "elapsed": 338.104417, "delta": 2.998303}}
{"target": 0.9083345629891839, "params": {"C": 380.2222181501035, "epsilon": 0.5166283577694267, "gamma": 0.06709323785938738}, "datetime": {"datetime": "2021-09-18 15:33:55", "elapsed": 340.191029, "delta": 2.086612}}
{"target": 0.898846120898563, "params": {"C": 462.5130172770451, "epsilon": 0.48986784336385186, "gamma": 0.05165022017159156}, "datetime": {"datetime": "2021-09-18 15:33:57", "elapsed": 343.012, "delta": 2.820971}}
{"target": 0.9039891860893573, "params": {"C": 380.0556915147174, "epsilon": 0.6081148788381985, "gamma": 0.057641963066606364}, "datetime": {"datetime": "2021-09-18 15:34:00", "elapsed": 345.72075, "delta": 2.70875}}
{"target": 0.8746539447415902, "params": {"C": 640.5701793223795, "epsilon": 0.1971353239193225, "gamma": 0.10947156244255529}, "datetime": {"datetime": "2021-09-18 15:34:02", "elapsed": 347.250891, "delta": 1.530141}}
{"target": 0.8798982196969809, "params": {"C": 407.40603126163967, "epsilon": 0.45372933704232143, "gamma": 0.13155273900423986}, "datetime": {"datetime": "2021-09-18 15:34:03", "elapsed": 348.719492, "delta": 1.468601}}
{"target": 0.9024781764940435, "params": {"C": 483.17366392320463, "epsilon": 0.4736846389307311, "gamma": 0.055465530266574796}, "datetime": {"datetime": "2021-09-18 15:34:05", "elapsed": 350.848521, "delta": 2.129029}}
{"target": 0.9046958868299096, "params": {"C": 371.80820864047666, "epsilon": 0.6706413744372557, "gamma": 0.08905473234626093}, "datetime": {"datetime": "2021-09-18 15:34:07", "elapsed": 352.257904, "delta": 1.409383}}
{"target": 0.8900842175750739, "params": {"C": 371.8269736234479, "epsilon": 0.7285025319753798, "gamma": 0.1197224872795957}, "datetime": {"datetime": "2021-09-18 15:34:08", "elapsed": 354.136671, "delta": 1.878767}}
{"target": 0.908067379964649, "params": {"C": 380.11530751245243, "epsilon": 0.7088606194604767, "gamma": 0.06088548869768449}, "datetime": {"datetime": "2021-09-18 15:34:11", "elapsed": 356.823913, "delta": 2.687242}}
{"target": 0.8962963023421694, "params": {"C": 380.1640005795289, "epsilon": 0.7555488304858278, "gamma": 0.10237999100287323}, "datetime": {"datetime": "2021-09-18 15:34:13", "elapsed": 359.017003, "delta": 2.19309}}
{"target": 0.9082798136156487, "params": {"C": 371.8575870218874, "epsilon": 0.624086883628877, "gamma": 0.07711310224867456}, "datetime": {"datetime": "2021-09-18 15:34:15", "elapsed": 361.071479, "delta": 2.054476}}
{"target": 0.8960157576354428, "params": {"C": 371.9323911082491, "epsilon": 0.6577245648430904, "gamma": 0.10208206640323739}, "datetime": {"datetime": "2021-09-18 15:34:18", "elapsed": 363.209927, "delta": 2.138448}}
