{"target": 0.8624557366494119, "params": {"C": 92.88014981111496, "epsilon": 1.5185616311920727, "gamma": 0.024881862617393034}, "datetime": {"datetime": "2021-09-18 12:25:58", "elapsed": 34.339818, "delta": 0.490233}}
{"target": 0.38545519291053265, "params": {"C": 45.92005272794512, "epsilon": 6.661195635403206, "gamma": 0.0001}, "datetime": {"datetime": "2021-09-18 12:25:58", "elapsed": 34.857817, "delta": 0.517999}}
{"target": 0.5418418816029228, "params": {"C": 88.93211003488533, "epsilon": 2.7803896355164475, "gamma": 0.0001}, "datetime": {"datetime": "2021-09-18 12:25:59", "elapsed": 35.366778, "delta": 0.508961}}
{"target": 0.8847085009034529, "params": {"C": 85.30385292387255, "epsilon": 1.9493668788384304, "gamma": 0.05033150409024116}, "datetime": {"datetime": "2021-09-18 12:25:59", "elapsed": 35.920817, "delta": 0.554039}}
{"target": 0.4594857601988638, "params": {"C": 91.7733514155748, "epsilon": 6.6796614074264085, "gamma": 0.0001}, "datetime": {"datetime": "2021-09-18 12:26:00", "elapsed": 36.373779, "delta": 0.452962}}
{"target": 0.5895763683355393, "params": {"C": 91.30447172304622, "epsilon": 3.0400668911198387, "gamma": 1.0}, "datetime": {"datetime": "2021-09-18 12:26:00", "elapsed": 36.834821, "delta": 0.461042}}
{"target": 0.6936296566739022, "params": {"C": 18.675736612408627, "epsilon": 4.033685591358876, "gamma": 0.5228864095888983}, "datetime": {"datetime": "2021-09-18 12:26:01", "elapsed": 37.357781, "delta": 0.52296}}
{"target": -0.027447903569012944, "params": {"C": 80.33264466167391, "epsilon": 15.675374492847517, "gamma": 0.7964059808790116}, "datetime": {"datetime": "2021-09-18 12:26:01", "elapsed": 37.958779, "delta": 0.600998}}
{"target": 0.8393680981386507, "params": {"C": 85.50204263134106, "epsilon": 3.9810287715813546, "gamma": 0.13919808404024503}, "datetime": {"datetime": "2021-09-18 12:26:02", "elapsed": 38.476775, "delta": 0.517996}}
{"target": 0.8327001849974793, "params": {"C": 82.0912196283247, "epsilon": 2.1997198008849015, "gamma": 0.008732849573020044}, "datetime": {"datetime": "2021-09-18 12:26:02", "elapsed": 38.92082, "delta": 0.444045}}
{"target": -0.19037766156006364, "params": {"C": 93.68849484640224, "epsilon": 19.80378950140826, "gamma": 0.692284163581513}, "datetime": {"datetime": "2021-09-18 12:26:03", "elapsed": 39.337834, "delta": 0.417014}}
{"target": 0.7817620708893034, "params": {"C": 51.2481831448726, "epsilon": 7.038902282799476, "gamma": 0.05090904447059859}, "datetime": {"datetime": "2021-09-18 12:26:03", "elapsed": 39.854781, "delta": 0.516947}}
{"target": 0.36180601693583714, "params": {"C": 31.579460356176867, "epsilon": 5.092362663450864, "gamma": 0.0001}, "datetime": {"datetime": "2021-09-18 12:26:04", "elapsed": 40.383859, "delta": 0.529078}}
{"target": 0.841984092454297, "params": {"C": 30.10784984043943, "epsilon": 1.3016655540530002, "gamma": 0.020114782228129523}, "datetime": {"datetime": "2021-09-18 12:26:04", "elapsed": 40.899856, "delta": 0.515997}}
{"target": 0.8363235146185133, "params": {"C": 73.9303772807917, "epsilon": 4.519246052896258, "gamma": 0.11343567699719032}, "datetime": {"datetime": "2021-09-18 12:26:05", "elapsed": 41.487855, "delta": 0.587999}}
{"target": 0.5436386203598823, "params": {"C": 74.90774476184825, "epsilon": 6.6052846583320255, "gamma": 0.6836141761316754}, "datetime": {"datetime": "2021-09-18 12:26:06", "elapsed": 41.989861, "delta": 0.502006}}
{"target": 0.715354390192039, "params": {"C": 73.23445475773276, "epsilon": 2.7671122581095333, "gamma": 0.6100792605682867}, "datetime": {"datetime": "2021-09-18 12:26:06", "elapsed": 42.485766, "delta": 0.495905}}
{"target": 0.8561819700959706, "params": {"C": 12.357686148575269, "epsilon": 1.6519923793777223, "gamma": 0.07042263220428656}, "datetime": {"datetime": "2021-09-18 12:26:07", "elapsed": 42.987763, "delta": 0.501997}}
{"target": 0.5448844103392723, "params": {"C": 11.614152372733487, "epsilon": 0.5685065501396409, "gamma": 0.8951558917659252}, "datetime": {"datetime": "2021-09-18 12:26:07", "elapsed": 43.537761, "delta": 0.549998}}
{"target": 0.24148891814731355, "params": {"C": 15.832831759282747, "epsilon": 1.2286591946909238, "gamma": 0.0001}, "datetime": {"datetime": "2021-09-18 12:26:08", "elapsed": 43.999759, "delta": 0.461998}}
{"target": 0.192519891572563, "params": {"C": 12.581131528053294, "epsilon": 5.608764404207241, "gamma": 0.0001}, "datetime": {"datetime": "2021-09-18 12:26:08", "elapsed": 44.454806, "delta": 0.455047}}
{"target": 0.5278022723513165, "params": {"C": 72.11383664817966, "epsilon": 5.665290634777556, "gamma": 0.8962770954140062}, "datetime": {"datetime": "2021-09-18 12:26:09", "elapsed": 44.976763, "delta": 0.521957}}
{"target": 0.8833224217448804, "params": {"C": 44.747264170639575, "epsilon": 1.7788371293235592, "gamma": 0.06708306171924806}, "datetime": {"datetime": "2021-09-18 12:26:09", "elapsed": 45.47477, "delta": 0.498007}}
{"target": 0.6382601618296954, "params": {"C": 46.04718292983381, "epsilon": 1.1814195686593356, "gamma": 0.9761196662750431}, "datetime": {"datetime": "2021-09-18 12:26:09", "elapsed": 45.962759, "delta": 0.487989}}
{"target": -0.1917916679418692, "params": {"C": 26.72477144022953, "epsilon": 20.0, "gamma": 0.0001}, "datetime": {"datetime": "2021-09-18 12:26:10", "elapsed": 46.546764, "delta": 0.584005}}
{"target": -0.19871387143650865, "params": {"C": 69.08222399310421, "epsilon": 20.0, "gamma": 1.0}, "datetime": {"datetime": "2021-09-18 12:26:11", "elapsed": 47.029763, "delta": 0.482999}}
{"target": 0.8154900382580876, "params": {"C": 53.156054769335654, "epsilon": 5.89763027903388, "gamma": 0.024892057746644915}, "datetime": {"datetime": "2021-09-18 12:26:11", "elapsed": 47.52176, "delta": 0.491997}}
{"target": 0.8355080614880562, "params": {"C": 75.60018810216326, "epsilon": 3.0621818825691305, "gamma": 0.0158411988776608}, "datetime": {"datetime": "2021-09-18 12:26:12", "elapsed": 48.112764, "delta": 0.591004}}
{"target": 0.24414448099293573, "params": {"C": 17.048128814001938, "epsilon": 5.974945335571922, "gamma": 0.0001}, "datetime": {"datetime": "2021-09-18 12:26:12", "elapsed": 48.578457, "delta": 0.465693}}
{"target": 0.8649263324705081, "params": {"C": 48.83402162776767, "epsilon": 2.4733794372107547, "gamma": 0.043869352674960796}, "datetime": {"datetime": "2021-09-18 12:26:13", "elapsed": 49.156496, "delta": 0.578039}}
{"target": 0.4276789120113639, "params": {"C": 48.60223800194797, "epsilon": 4.409532725555096, "gamma": 0.0001}, "datetime": {"datetime": "2021-09-18 12:26:13", "elapsed": 49.721457, "delta": 0.564961}}
{"target": 0.8779859067126208, "params": {"C": 49.60689412761937, "epsilon": 0.7456435720576037, "gamma": 0.04969154958856061}, "datetime": {"datetime": "2021-09-18 12:26:14", "elapsed": 50.417496, "delta": 0.696039}}
{"target": 0.6473279751572283, "params": {"C": 33.65150655251114, "epsilon": 0.0001, "gamma": 1.0}, "datetime": {"datetime": "2021-09-18 12:26:15", "elapsed": 51.09746, "delta": 0.679964}}
{"target": 0.3921349713731085, "params": {"C": 50.19280408049356, "epsilon": 7.992128297417833, "gamma": 0.9873267516369061}, "datetime": {"datetime": "2021-09-18 12:26:15", "elapsed": 51.66446, "delta": 0.567}}
{"target": 0.8844420496409313, "params": {"C": 36.27031821881981, "epsilon": 1.3543587433911397, "gamma": 0.12262176807408565}, "datetime": {"datetime": "2021-09-18 12:26:16", "elapsed": 52.180457, "delta": 0.515997}}
{"target": 0.889937180818523, "params": {"C": 78.23983743212568, "epsilon": 1.7784528412447145, "gamma": 0.12760537057049634}, "datetime": {"datetime": "2021-09-18 12:26:16", "elapsed": 52.74346, "delta": 0.563003}}
{"target": 0.05458104300694566, "params": {"C": 15.21714824113109, "epsilon": 14.905373926691256, "gamma": 0.0001}, "datetime": {"datetime": "2021-09-18 12:26:17", "elapsed": 53.269456, "delta": 0.525996}}
{"target": 0.8781092252653129, "params": {"C": 47.8063141252791, "epsilon": 1.220747944229068, "gamma": 0.053008594291418125}, "datetime": {"datetime": "2021-09-18 12:26:17", "elapsed": 53.856495, "delta": 0.587039}}
{"target": 0.6101570022301217, "params": {"C": 85.75918364864548, "epsilon": 2.785227127937107, "gamma": 0.9503204344216036}, "datetime": {"datetime": "2021-09-18 12:26:18", "elapsed": 54.576458, "delta": 0.719963}}
{"target": 0.4679560219550307, "params": {"C": 57.52237661525239, "epsilon": 6.396752356171753, "gamma": 1.0}, "datetime": {"datetime": "2021-09-18 12:26:19", "elapsed": 55.098495, "delta": 0.522037}}
{"target": 0.5800306639577502, "params": {"C": 67.09255657261353, "epsilon": 3.490331732245146, "gamma": 0.9881029576750165}, "datetime": {"datetime": "2021-09-18 12:26:19", "elapsed": 55.735493, "delta": 0.636998}}
{"target": 0.8479676366762566, "params": {"C": 56.36612552718931, "epsilon": 4.029831146479161, "gamma": 0.025585263917245447}, "datetime": {"datetime": "2021-09-18 12:26:20", "elapsed": 56.247459, "delta": 0.511966}}
{"target": 0.5284777958715092, "params": {"C": 20.411843350232328, "epsilon": 4.892068567515006, "gamma": 1.0}, "datetime": {"datetime": "2021-09-18 12:26:20", "elapsed": 56.792494, "delta": 0.545035}}
{"target": 0.2180409278153692, "params": {"C": 96.81433034234756, "epsilon": 13.827411905617167, "gamma": 0.04847096736067344}, "datetime": {"datetime": "2021-09-18 12:26:21", "elapsed": 57.31345, "delta": 0.520956}}
{"target": 0.8855471576437555, "params": {"C": 31.66674966448521, "epsilon": 1.2043458484894871, "gamma": 0.09969254968272397}, "datetime": {"datetime": "2021-09-18 12:26:21", "elapsed": 57.874489, "delta": 0.561039}}
{"target": 0.7141230401518279, "params": {"C": 7.0937651275233575, "epsilon": 6.884735026101394, "gamma": 0.059417160231845026}, "datetime": {"datetime": "2021-09-18 12:26:22", "elapsed": 58.466037, "delta": 0.591548}}
{"target": 0.8866950989013286, "params": {"C": 71.07843151387323, "epsilon": 0.17697365371966484, "gamma": 0.16522677251657872}, "datetime": {"datetime": "2021-09-18 12:26:23", "elapsed": 59.164071, "delta": 0.698034}}
{"target": -0.1757910734529602, "params": {"C": 56.64170317966714, "epsilon": 19.97020396683243, "gamma": 0.03548616095038807}, "datetime": {"datetime": "2021-09-18 12:26:23", "elapsed": 59.758029, "delta": 0.593958}}
{"target": 0.8275091999775015, "params": {"C": 82.02671511916789, "epsilon": 4.534069652306032, "gamma": 0.014075923024136764}, "datetime": {"datetime": "2021-09-18 12:26:24", "elapsed": 60.312071, "delta": 0.554042}}
{"target": 0.6233620712070994, "params": {"C": 8.729292022368295, "epsilon": 8.780072013572084, "gamma": 0.016290793634647055}, "datetime": {"datetime": "2021-09-18 12:26:25", "elapsed": 61.002142, "delta": 0.690071}}
{"target": 0.2531985062362504, "params": {"C": 5.196303299002943, "epsilon": 8.40916734881688, "gamma": 0.9786948853722178}, "datetime": {"datetime": "2021-09-18 12:26:25", "elapsed": 61.685136, "delta": 0.682994}}
{"target": 0.6380399845139486, "params": {"C": 49.616767975507436, "epsilon": 1.8107235814139122, "gamma": 0.933876248915416}, "datetime": {"datetime": "2021-09-18 12:26:26", "elapsed": 62.373136, "delta": 0.688}}
{"target": 0.11358009670088898, "params": {"C": 7.771441201974684, "epsilon": 4.484945525941488, "gamma": 0.0001}, "datetime": {"datetime": "2021-09-18 12:26:26", "elapsed": 62.924177, "delta": 0.551041}}
{"target": 0.30023713283303655, "params": {"C": 1.1018252435450717, "epsilon": 4.60333393410307, "gamma": 0.35881013721390476}, "datetime": {"datetime": "2021-09-18 12:26:27", "elapsed": 63.533134, "delta": 0.608957}}
{"target": 0.3437924404833814, "params": {"C": 78.23577385013576, "epsilon": 9.875399914720587, "gamma": 0.0001}, "datetime": {"datetime": "2021-09-18 12:26:28", "elapsed": 64.086132, "delta": 0.552998}}
{"target": 0.5837205406515436, "params": {"C": 80.73273772339154, "epsilon": 3.2491347247743283, "gamma": 1.0}, "datetime": {"datetime": "2021-09-18 12:26:28", "elapsed": 64.773138, "delta": 0.687006}}
{"target": 0.5548254610026309, "params": {"C": 75.29573058549421, "epsilon": 4.2021623451581664, "gamma": 1.0}, "datetime": {"datetime": "2021-09-18 12:26:29", "elapsed": 65.421484, "delta": 0.648346}}
{"target": 0.8965196197134477, "params": {"C": 71.71704692975602, "epsilon": 1.385918169621957, "gamma": 0.09916094954686332}, "datetime": {"datetime": "2021-09-18 12:26:30", "elapsed": 66.017518, "delta": 0.596034}}
{"target": 0.5894068511058027, "params": {"C": 24.9320372865359, "epsilon": 3.045872233690236, "gamma": 1.0}, "datetime": {"datetime": "2021-09-18 12:26:30", "elapsed": 66.592513, "delta": 0.574995}}
{"target": 0.3231352711845007, "params": {"C": 24.756826081448267, "epsilon": 0.0001, "gamma": 0.0001}, "datetime": {"datetime": "2021-09-18 12:26:31", "elapsed": 67.274477, "delta": 0.681964}}
{"target": 0.6421681821971799, "params": {"C": 27.989150025244477, "epsilon": 0.8302908004019623, "gamma": 0.9828554446658918}, "datetime": {"datetime": "2021-09-18 12:26:31", "elapsed": 67.888517, "delta": 0.61404}}
{"target": 0.7708692889826988, "params": {"C": 83.47099754075604, "epsilon": 1.6399434847848895, "gamma": 0.0022484741097547477}, "datetime": {"datetime": "2021-09-18 12:26:32", "elapsed": 68.481016, "delta": 0.592499}}
{"target": 0.7479995928110723, "params": {"C": 67.58422751206633, "epsilon": 1.490923853499799, "gamma": 0.0019276527881844244}, "datetime": {"datetime": "2021-09-18 12:26:33", "elapsed": 69.12989, "delta": 0.648874}}
{"target": 0.3850094127397903, "params": {"C": 34.84684980729782, "epsilon": 1.6981024410483092, "gamma": 0.0001}, "datetime": {"datetime": "2021-09-18 12:26:33", "elapsed": 69.706892, "delta": 0.577002}}
{"target": 0.6645858879831883, "params": {"C": 37.48922072901529, "epsilon": 1.980423313319604, "gamma": 0.8294120963101983}, "datetime": {"datetime": "2021-09-18 12:26:34", "elapsed": 70.328891, "delta": 0.621999}}
{"target": 0.866267277971442, "params": {"C": 36.8292149120458, "epsilon": 0.5492575294359298, "gamma": 0.03334045972135694}, "datetime": {"datetime": "2021-09-18 12:26:35", "elapsed": 71.031891, "delta": 0.703}}
{"target": 0.042826601699707645, "params": {"C": 51.697394188142695, "epsilon": 14.155293353940289, "gamma": 0.9231620523802014}, "datetime": {"datetime": "2021-09-18 12:26:35", "elapsed": 71.721897, "delta": 0.690006}}
{"target": -0.0022379403787726737, "params": {"C": 37.37042936112222, "epsilon": 15.050345549732382, "gamma": 0.8735351487479395}, "datetime": {"datetime": "2021-09-18 12:26:36", "elapsed": 72.310931, "delta": 0.589034}}
{"target": -0.19273904146573306, "params": {"C": 82.2532990809389, "epsilon": 19.92622367679321, "gamma": 0.6169641151899175}, "datetime": {"datetime": "2021-09-18 12:26:37", "elapsed": 72.984891, "delta": 0.67396}}
{"target": 0.6329965664450738, "params": {"C": 70.44744312891173, "epsilon": 1.4841041513712832, "gamma": 0.9754979832678295}, "datetime": {"datetime": "2021-09-18 12:26:37", "elapsed": 73.803931, "delta": 0.81904}}
{"target": 0.5063111232427193, "params": {"C": 81.65394853158568, "epsilon": 0.0001, "gamma": 0.0001}, "datetime": {"datetime": "2021-09-18 12:26:38", "elapsed": 74.559892, "delta": 0.755961}}
{"target": 0.39383706437941246, "params": {"C": 95.34927816838109, "epsilon": 9.128456313753532, "gamma": 0.0001}, "datetime": {"datetime": "2021-09-18 12:26:39", "elapsed": 75.220283, "delta": 0.660391}}
{"target": 0.8526951190905576, "params": {"C": 56.45590745795285, "epsilon": 0.6479999118194574, "gamma": 0.018855808349927058}, "datetime": {"datetime": "2021-09-18 12:26:40", "elapsed": 76.02429, "delta": 0.804007}}
{"target": 0.636901801342499, "params": {"C": 93.97205990462278, "epsilon": 0.8451345841271909, "gamma": 1.0}, "datetime": {"datetime": "2021-09-18 12:26:40", "elapsed": 76.71629, "delta": 0.692}}
{"target": 0.4269119884857411, "params": {"C": 43.17498580953109, "epsilon": 2.3350901187627735, "gamma": 0.0001}, "datetime": {"datetime": "2021-09-18 12:26:41", "elapsed": 77.477281, "delta": 0.760991}}
{"target": 0.027414855143541583, "params": {"C": 1.0, "epsilon": 14.592033696883151, "gamma": 1.0}, "datetime": {"datetime": "2021-09-18 12:26:42", "elapsed": 78.065285, "delta": 0.588004}}
{"target": 0.7346202440265786, "params": {"C": 32.40968297172132, "epsilon": 0.06993143016250213, "gamma": 0.002557770636888753}, "datetime": {"datetime": "2021-09-18 12:26:42", "elapsed": 78.857323, "delta": 0.792038}}
{"target": 0.6456743197920878, "params": {"C": 65.94930262318643, "epsilon": 0.0001, "gamma": 1.0}, "datetime": {"datetime": "2021-09-18 12:26:43", "elapsed": 79.642289, "delta": 0.784966}}
{"target": 0.8316178502858652, "params": {"C": 74.39331082497215, "epsilon": 1.1469195213035026, "gamma": 0.009173449503766291}, "datetime": {"datetime": "2021-09-18 12:26:44", "elapsed": 80.39828, "delta": 0.755991}}
{"target": -0.22751261362860964, "params": {"C": 6.406470337174156, "epsilon": 20.0, "gamma": 0.0001}, "datetime": {"datetime": "2021-09-18 12:26:45", "elapsed": 81.051283, "delta": 0.653003}}
{"target": 0.866275435250998, "params": {"C": 44.75458918171987, "epsilon": 0.2784777258813079, "gamma": 0.03256019967888216}, "datetime": {"datetime": "2021-09-18 12:26:45", "elapsed": 81.80129, "delta": 0.750007}}
{"target": 0.4126653556197185, "params": {"C": 36.56467681915976, "epsilon": 7.539317794081196, "gamma": 1.0}, "datetime": {"datetime": "2021-09-18 12:26:46", "elapsed": 82.533292, "delta": 0.732002}}
{"target": 0.612339030014015, "params": {"C": 30.546649805795013, "epsilon": 2.153760217889944, "gamma": 1.0}, "datetime": {"datetime": "2021-09-18 12:26:47", "elapsed": 83.247319, "delta": 0.714027}}
{"target": 0.056366313442465454, "params": {"C": 62.037334671907, "epsilon": 14.183171523231005, "gamma": 0.7157925491996106}, "datetime": {"datetime": "2021-09-18 12:26:48", "elapsed": 84.024281, "delta": 0.776962}}
{"target": 0.5947939298671332, "params": {"C": 21.676110835180868, "epsilon": 2.32169144039879, "gamma": 1.0}, "datetime": {"datetime": "2021-09-18 12:26:48", "elapsed": 84.826291, "delta": 0.80201}}
{"target": -0.19871387143650865, "params": {"C": 17.230911470514194, "epsilon": 20.0, "gamma": 1.0}, "datetime": {"datetime": "2021-09-18 12:26:49", "elapsed": 85.52829, "delta": 0.701999}}
{"target": 0.44974883258596987, "params": {"C": 100.0, "epsilon": 6.786257955181192, "gamma": 1.0}, "datetime": {"datetime": "2021-09-18 12:26:50", "elapsed": 86.194324, "delta": 0.666034}}
{"target": 0.432478710216353, "params": {"C": 45.46514925275145, "epsilon": 3.1238972299446925, "gamma": 0.0001}, "datetime": {"datetime": "2021-09-18 12:26:50", "elapsed": 86.929289, "delta": 0.734965}}
{"target": 0.654157681468263, "params": {"C": 36.35996273548902, "epsilon": 0.35402046502642043, "gamma": 0.9632806035924019}, "datetime": {"datetime": "2021-09-18 12:26:51", "elapsed": 87.820324, "delta": 0.891035}}
{"target": 0.29497686683432167, "params": {"C": 44.06579723157868, "epsilon": 9.936255585749148, "gamma": 0.9596639094863532}, "datetime": {"datetime": "2021-09-18 12:26:52", "elapsed": 88.474283, "delta": 0.653959}}
{"target": 0.8355060389332365, "params": {"C": 65.73665633453199, "epsilon": 1.0949000996894438, "gamma": 0.0121383148954324}, "datetime": {"datetime": "2021-09-18 12:26:53", "elapsed": 89.314288, "delta": 0.840005}}
{"target": 0.08089746630113104, "params": {"C": 4.790983713760109, "epsilon": 0.0001, "gamma": 0.0001}, "datetime": {"datetime": "2021-09-18 12:26:54", "elapsed": 90.094283, "delta": 0.779995}}
{"target": 0.5301558596081135, "params": {"C": 94.92861905635071, "epsilon": 0.0001, "gamma": 0.0001}, "datetime": {"datetime": "2021-09-18 12:26:54", "elapsed": 90.794289, "delta": 0.700006}}
{"target": 0.2947805537659538, "params": {"C": 59.44102482770376, "epsilon": 9.931693066660383, "gamma": 0.9622936515583392}, "datetime": {"datetime": "2021-09-18 12:26:55", "elapsed": 91.507282, "delta": 0.712993}}
{"target": 0.8959509983509746, "params": {"C": 91.98686020827203, "epsilon": 0.3711059827960397, "gamma": 0.05949788682530804}, "datetime": {"datetime": "2021-09-18 12:26:56", "elapsed": 92.320288, "delta": 0.813006}}
{"target": 0.8946599050617987, "params": {"C": 94.3289139578514, "epsilon": 2.751021933092345, "gamma": 0.07397429064932082}, "datetime": {"datetime": "2021-09-18 12:26:57", "elapsed": 93.055284, "delta": 0.734996}}
{"target": 0.7288223736551283, "params": {"C": 60.01637999097206, "epsilon": 5.931538966263095, "gamma": 0.24645912815812773}, "datetime": {"datetime": "2021-09-18 12:26:57", "elapsed": 93.777834, "delta": 0.72255}}
{"target": 0.0356337341553149, "params": {"C": 73.37796408831835, "epsilon": 14.905394101958779, "gamma": 0.1305240835712814}, "datetime": {"datetime": "2021-09-18 12:26:58", "elapsed": 94.516866, "delta": 0.739032}}
{"target": 0.3181287982601254, "params": {"C": 64.70060744141438, "epsilon": 9.913696649355732, "gamma": 0.0001}, "datetime": {"datetime": "2021-09-18 12:26:59", "elapsed": 95.216864, "delta": 0.699998}}
{"target": 0.8252911617811017, "params": {"C": 9.89627788076396, "epsilon": 1.4655880014261993, "gamma": 0.024751708980962277}, "datetime": {"datetime": "2021-09-18 12:26:59", "elapsed": 95.924868, "delta": 0.708004}}
{"target": 0.7409572961745643, "params": {"C": 88.50719187669529, "epsilon": 6.375027976913056, "gamma": 0.002476598258522028}, "datetime": {"datetime": "2021-09-18 12:27:00", "elapsed": 96.723867, "delta": 0.798999}}
{"target": 0.37743354072800794, "params": {"C": 70.49179298039564, "epsilon": 8.494895795497555, "gamma": 0.0001}, "datetime": {"datetime": "2021-09-18 12:27:01", "elapsed": 97.459825, "delta": 0.735958}}
{"target": 0.812534247904609, "params": {"C": 77.37398482375131, "epsilon": 1.2579539377332867, "gamma": 0.004693581766333658}, "datetime": {"datetime": "2021-09-18 12:27:02", "elapsed": 98.279869, "delta": 0.820044}}
{"target": 0.3915544298601128, "params": {"C": 38.70501255547523, "epsilon": 5.3304459557750885, "gamma": 0.0001}, "datetime": {"datetime": "2021-09-18 12:27:03", "elapsed": 99.091875, "delta": 0.812006}}
