{"target": -2.095719883339347, "params": {"C": 92.9010319962451, "epsilon": 0.20168209462616835, "gamma": 0.08747437256593468}, "datetime": {"datetime": "2021-09-19 09:09:30", "elapsed": 612.716952, "delta": 1.693367}}
{"target": -1.966237811856619, "params": {"C": 91.15522409676966, "epsilon": 0.05886604194616835, "gamma": 0.06919996492108757}, "datetime": {"datetime": "2021-09-19 09:09:34", "elapsed": 616.493834, "delta": 3.776882}}
{"target": -2.0895360066491664, "params": {"C": 78.36744988517245, "epsilon": 0.12259072264656071, "gamma": 0.0898968952648212}, "datetime": {"datetime": "2021-09-19 09:09:36", "elapsed": 618.15641, "delta": 1.662576}}
{"target": -2.0589335280438696, "params": {"C": 105.59093532639548, "epsilon": 0.23347510160314514, "gamma": 0.02544152738226397}, "datetime": {"datetime": "2021-09-19 09:09:40", "elapsed": 622.046522, "delta": 3.890112}}
{"target": -1.9802126885415785, "params": {"C": 100.57423957247003, "epsilon": 0.09306161332954369, "gamma": 0.040338918561858506}, "datetime": {"datetime": "2021-09-19 09:09:43", "elapsed": 625.8745, "delta": 3.827978}}
{"target": -1.9418701093487754, "params": {"C": 118.62489496284108, "epsilon": 0.15410694488829718, "gamma": 0.05305909785682829}, "datetime": {"datetime": "2021-09-19 09:09:47", "elapsed": 629.489543, "delta": 3.615043}}
{"target": -2.1618032322961147, "params": {"C": 118.61526620506524, "epsilon": 0.1362160420013243, "gamma": 0.09443830960768203}, "datetime": {"datetime": "2021-09-19 09:09:51", "elapsed": 633.351779, "delta": 3.862236}}
{"target": -1.9584863990383523, "params": {"C": 118.66591314717232, "epsilon": 0.12041863724264222, "gamma": 0.041864549782146133}, "datetime": {"datetime": "2021-09-19 09:09:55", "elapsed": 637.030373, "delta": 3.678594}}
{"target": -1.9677885532368447, "params": {"C": 118.6828307898254, "epsilon": 0.16761517051416122, "gamma": 0.037851897014732315}, "datetime": {"datetime": "2021-09-19 09:10:00", "elapsed": 642.829882, "delta": 5.799509}}
{"target": -2.034093104499829, "params": {"C": 118.6111428314407, "epsilon": 0.1762424850390783, "gamma": 0.026663505772404856}, "datetime": {"datetime": "2021-09-19 09:10:05", "elapsed": 647.87501, "delta": 5.045128}}
{"target": -2.01354586644906, "params": {"C": 118.71460905627973, "epsilon": 0.13095747998535762, "gamma": 0.03005007275737652}, "datetime": {"datetime": "2021-09-19 09:10:10", "elapsed": 652.332287, "delta": 4.457277}}
{"target": -2.015699516667589, "params": {"C": 119.02172564191125, "epsilon": 0.11632049309875223, "gamma": 0.07219997976469969}, "datetime": {"datetime": "2021-09-19 09:10:12", "elapsed": 654.123041, "delta": 1.790754}}
{"target": -1.9976166290212147, "params": {"C": 118.63387021013965, "epsilon": 0.13392003080805737, "gamma": 0.032731172182923186}, "datetime": {"datetime": "2021-09-19 09:10:15", "elapsed": 657.558416, "delta": 3.435375}}
{"target": -2.1341400753114197, "params": {"C": 118.68872987954306, "epsilon": 0.12295762699781256, "gamma": 0.08613352741975086}, "datetime": {"datetime": "2021-09-19 09:10:21", "elapsed": 663.404883, "delta": 5.846467}}
{"target": -2.127022446148929, "params": {"C": 103.59018742663193, "epsilon": 0.013061441848243396, "gamma": 0.08850192397930533}, "datetime": {"datetime": "2021-09-19 09:10:26", "elapsed": 668.267518, "delta": 4.862635}}
{"target": -2.0482799819464184, "params": {"C": 79.02844743826309, "epsilon": 0.26577792967465524, "gamma": 0.08255146811069482}, "datetime": {"datetime": "2021-09-19 09:10:30", "elapsed": 672.52582, "delta": 4.258302}}
{"target": -1.9530588898781267, "params": {"C": 76.30453344835483, "epsilon": 0.1691791575838739, "gamma": 0.06138104850348142}, "datetime": {"datetime": "2021-09-19 09:10:37", "elapsed": 678.97724, "delta": 6.45142}}
{"target": -2.088225040444042, "params": {"C": 105.6067753960445, "epsilon": 0.29850802943892546, "gamma": 0.02277999419738334}, "datetime": {"datetime": "2021-09-19 09:10:43", "elapsed": 685.592624, "delta": 6.615384}}
{"target": -2.0960762847166845, "params": {"C": 135.87242051728313, "epsilon": 0.2166566990457631, "gamma": 0.020014868726254836}, "datetime": {"datetime": "2021-09-19 09:18:14", "elapsed": 0.0, "delta": 0.0}}
{"target": -2.00635397590881, "params": {"C": 123.25658298950238, "epsilon": 0.045733255463499684, "gamma": 0.03200401731994371}, "datetime": {"datetime": "2021-09-19 09:18:14", "elapsed": 0.047749, "delta": 0.047749}}
{"target": -2.0082815057740504, "params": {"C": 110.4886232515438, "epsilon": 0.10497709665882822, "gamma": 0.07157977164998709}, "datetime": {"datetime": "2021-09-19 09:18:15", "elapsed": 0.125873, "delta": 0.078124}}
{"target": -2.256319400502661, "params": {"C": 149.26984074036926, "epsilon": 0.12691996529218183, "gamma": 0.10907853505157875}, "datetime": {"datetime": "2021-09-19 09:18:15", "elapsed": 0.188372, "delta": 0.062499}}
{"target": -2.07312222280626, "params": {"C": 112.48974747046691, "epsilon": 0.26367899604450173, "gamma": 0.023560387115730403}, "datetime": {"datetime": "2021-09-19 09:18:15", "elapsed": 0.235246, "delta": 0.046874}}
{"target": -2.166612473581728, "params": {"C": 163.75142611962423, "epsilon": 0.12635683110540383, "gamma": 0.09262967769794772}, "datetime": {"datetime": "2021-09-19 09:18:15", "elapsed": 0.329, "delta": 0.093754}}
{"target": -2.2960962015832656, "params": {"C": 105.44256324547571, "epsilon": 0.06103424374729388, "gamma": 0.12409679392781978}, "datetime": {"datetime": "2021-09-19 09:18:15", "elapsed": 0.400654, "delta": 0.071654}}
{"target": -2.3095737598335395, "params": {"C": 196.50877332913373, "epsilon": 0.09540040509145437, "gamma": 0.11000194003701083}, "datetime": {"datetime": "2021-09-19 09:18:15", "elapsed": 0.494365, "delta": 0.093711}}
{"target": -1.951656525906192, "params": {"C": 186.40280675256423, "epsilon": 0.26859278572414647, "gamma": 0.03105574747807113}, "datetime": {"datetime": "2021-09-19 09:18:15", "elapsed": 0.556865, "delta": 0.0625}}
{"target": -2.3278532154837572, "params": {"C": 94.29602615561706, "epsilon": 0.05260946503024153, "gamma": 0.1341585254458237}, "datetime": {"datetime": "2021-09-19 09:18:15", "elapsed": 0.634992, "delta": 0.078127}}
{"target": -1.9540366226872987, "params": {"C": 184.1550102832731, "epsilon": 0.3, "gamma": 0.03027779759777722}, "datetime": {"datetime": "2021-09-19 09:18:15", "elapsed": 0.884991, "delta": 0.249999}}
{"target": -1.9594861639782677, "params": {"C": 127.55269348311587, "epsilon": 0.09851541641741829, "gamma": 0.06100949748700654}, "datetime": {"datetime": "2021-09-19 09:18:16", "elapsed": 1.129224, "delta": 0.244233}}
{"target": -2.5035266358928077, "params": {"C": 178.96757628700715, "epsilon": 0.002, "gamma": 0.15}, "datetime": {"datetime": "2021-09-19 09:18:16", "elapsed": 1.389228, "delta": 0.260004}}
{"target": -2.355654355673291, "params": {"C": 130.91051533075287, "epsilon": 0.2530459828553478, "gamma": 0.126257682434456}, "datetime": {"datetime": "2021-09-19 09:18:16", "elapsed": 1.623563, "delta": 0.234335}}
{"target": -2.4833917629959403, "params": {"C": 125.58503340268302, "epsilon": 0.3, "gamma": 0.15}, "datetime": {"datetime": "2021-09-19 09:18:16", "elapsed": 1.889188, "delta": 0.265625}}
{"target": -2.124421015288969, "params": {"C": 141.7271359743682, "epsilon": 0.1282008279868097, "gamma": 0.08134864713990132}, "datetime": {"datetime": "2021-09-19 09:18:16", "elapsed": 2.04011, "delta": 0.150922}}
{"target": -2.1185868891217012, "params": {"C": 195.09901330953147, "epsilon": 0.1998932819209302, "gamma": 0.0811936831907937}, "datetime": {"datetime": "2021-09-19 09:18:17", "elapsed": 2.180779, "delta": 0.140669}}
{"target": -2.4921401426786014, "params": {"C": 143.76059951623387, "epsilon": 0.25267124477221764, "gamma": 0.14727889698739502}, "datetime": {"datetime": "2021-09-19 09:18:17", "elapsed": 2.321361, "delta": 0.140582}}
{"target": -2.3737927021453125, "params": {"C": 125.47200353805388, "epsilon": 0.22953356373563846, "gamma": 0.1314050165249859}, "datetime": {"datetime": "2021-09-19 09:18:17", "elapsed": 2.448764, "delta": 0.127403}}
{"target": -1.9535285027139853, "params": {"C": 186.70316198640353, "epsilon": 0.25324864221246196, "gamma": 0.03503733401560843}, "datetime": {"datetime": "2021-09-19 09:18:17", "elapsed": 2.651925, "delta": 0.203161}}
{"target": -2.0514361746872547, "params": {"C": 164.48226788944243, "epsilon": 0.1652774907257143, "gamma": 0.06981719172803162}, "datetime": {"datetime": "2021-09-19 09:18:17", "elapsed": 2.792505, "delta": 0.14058}}
{"target": -1.9422451513087198, "params": {"C": 105.48317111033938, "epsilon": 0.043535107955686735, "gamma": 0.061188200540657864}, "datetime": {"datetime": "2021-09-19 09:18:17", "elapsed": 2.917507, "delta": 0.125002}}
{"target": -2.0218719944933916, "params": {"C": 120.14005144525517, "epsilon": 0.2297758243400599, "gamma": 0.028693170935840954}, "datetime": {"datetime": "2021-09-19 09:18:17", "elapsed": 3.052684, "delta": 0.135177}}
{"target": -1.9927743850989386, "params": {"C": 193.32625152944837, "epsilon": 0.2850848184419644, "gamma": 0.056287085086304825}, "datetime": {"datetime": "2021-09-19 09:18:18", "elapsed": 3.203475, "delta": 0.150791}}
{"target": -1.985835323478202, "params": {"C": 155.80222202342338, "epsilon": 0.035585213078231134, "gamma": 0.03518107625897561}, "datetime": {"datetime": "2021-09-19 09:18:18", "elapsed": 3.351826, "delta": 0.148351}}
{"target": -2.2408646384687168, "params": {"C": 157.4987126789672, "epsilon": 0.16810278490106553, "gamma": 0.10496889963923138}, "datetime": {"datetime": "2021-09-19 09:18:18", "elapsed": 3.49287, "delta": 0.141044}}
{"target": -2.2806455041173495, "params": {"C": 91.84939315321886, "epsilon": 0.07899033742531011, "gamma": 0.12407601174025411}, "datetime": {"datetime": "2021-09-19 09:18:18", "elapsed": 3.63083, "delta": 0.13796}}
{"target": -2.3457526422406025, "params": {"C": 124.35586420521997, "epsilon": 0.16478499149814657, "gamma": 0.12747857418582115}, "datetime": {"datetime": "2021-09-19 09:18:18", "elapsed": 3.78083, "delta": 0.15}}
{"target": -2.154191686086275, "params": {"C": 141.03577920553863, "epsilon": 0.042482795668140026, "gamma": 0.09375332965350187}, "datetime": {"datetime": "2021-09-19 09:18:18", "elapsed": 3.951826, "delta": 0.170996}}
{"target": -2.5301041058410028, "params": {"C": 190.25415927857307, "epsilon": 0.18755701844955583, "gamma": 0.14600662901203612}, "datetime": {"datetime": "2021-09-19 09:18:19", "elapsed": 4.108826, "delta": 0.157}}
{"target": -2.2102780315707737, "params": {"C": 178.4450385050651, "epsilon": 0.09675193033894261, "gamma": 0.09884882448143781}, "datetime": {"datetime": "2021-09-19 09:18:19", "elapsed": 4.288831, "delta": 0.180005}}
{"target": -2.228368049653274, "params": {"C": 115.304603336452, "epsilon": 0.02130647162514178, "gamma": 0.11149993416432552}, "datetime": {"datetime": "2021-09-19 09:18:19", "elapsed": 4.441373, "delta": 0.152542}}
{"target": -2.472795364441469, "params": {"C": 184.38961247699456, "epsilon": 0.2563089800926605, "gamma": 0.13468408061189896}, "datetime": {"datetime": "2021-09-19 09:18:19", "elapsed": 4.613288, "delta": 0.171915}}
{"target": -2.066916409341535, "params": {"C": 155.83135546641665, "epsilon": 0.036309129157296914, "gamma": 0.07319226268753978}, "datetime": {"datetime": "2021-09-19 09:18:19", "elapsed": 4.800744, "delta": 0.187456}}
{"target": -1.9917526232584783, "params": {"C": 182.31243741860672, "epsilon": 0.1267161226541468, "gamma": 0.058491624258617564}, "datetime": {"datetime": "2021-09-19 09:18:19", "elapsed": 4.972622, "delta": 0.171878}}
{"target": -2.1243841318968517, "params": {"C": 105.50585876950593, "epsilon": 0.058366381575729286, "gamma": 0.021790389635383205}, "datetime": {"datetime": "2021-09-19 09:18:20", "elapsed": 5.196202, "delta": 0.22358}}
{"target": -1.950746055123413, "params": {"C": 105.44637872168715, "epsilon": 0.005093258746734693, "gamma": 0.04384125910080819}, "datetime": {"datetime": "2021-09-19 09:18:20", "elapsed": 5.384063, "delta": 0.187861}}
{"target": -2.1363399009921635, "params": {"C": 94.72911970138658, "epsilon": 0.12562916062194204, "gamma": 0.02068790449143878}, "datetime": {"datetime": "2021-09-19 09:18:20", "elapsed": 5.540022, "delta": 0.155959}}
{"target": -2.174294630988218, "params": {"C": 105.52546378721439, "epsilon": 0.003481039546757134, "gamma": 0.0974108723665676}, "datetime": {"datetime": "2021-09-19 09:18:20", "elapsed": 5.750065, "delta": 0.210043}}
{"target": -2.227171965963021, "params": {"C": 127.52431643252922, "epsilon": 0.07763637332257893, "gamma": 0.10786002535404977}, "datetime": {"datetime": "2021-09-19 09:18:20", "elapsed": 5.973019, "delta": 0.222954}}
{"target": -1.9506220327984876, "params": {"C": 127.60690485091057, "epsilon": 0.11280227851645912, "gamma": 0.04552122663011389}, "datetime": {"datetime": "2021-09-19 09:18:21", "elapsed": 6.159023, "delta": 0.186004}}
{"target": -1.9623798020571839, "params": {"C": 101.35213948119184, "epsilon": 0.019030362635727868, "gamma": 0.06805399016743413}, "datetime": {"datetime": "2021-09-19 09:18:21", "elapsed": 6.344019, "delta": 0.184996}}
{"target": -2.005879302313804, "params": {"C": 138.06071676892046, "epsilon": 0.05965480649269492, "gamma": 0.029849568973659257}, "datetime": {"datetime": "2021-09-19 09:18:21", "elapsed": 6.521373, "delta": 0.177354}}
{"target": -2.0061094537801516, "params": {"C": 123.25322923821739, "epsilon": 0.03165755501102952, "gamma": 0.032444214032058855}, "datetime": {"datetime": "2021-09-19 09:18:21", "elapsed": 6.708875, "delta": 0.187502}}
{"target": -1.9578395197878853, "params": {"C": 186.41839335386334, "epsilon": 0.2029728289781309, "gamma": 0.028459891225127914}, "datetime": {"datetime": "2021-09-19 09:18:21", "elapsed": 6.927671, "delta": 0.218796}}
{"target": -2.1096821294804067, "params": {"C": 127.55290084645388, "epsilon": 0.15707553192690374, "gamma": 0.02}, "datetime": {"datetime": "2021-09-19 09:18:22", "elapsed": 7.260448, "delta": 0.332777}}
{"target": -2.0032835576115486, "params": {"C": 186.46879372946063, "epsilon": 0.24198637498736866, "gamma": 0.05907733190985512}, "datetime": {"datetime": "2021-09-19 09:18:22", "elapsed": 7.513838, "delta": 0.25339}}
{"target": -2.392171097028077, "params": {"C": 186.38214034476863, "epsilon": 0.22796549648651562, "gamma": 0.12008107849702337}, "datetime": {"datetime": "2021-09-19 09:18:22", "elapsed": 7.732588, "delta": 0.21875}}
{"target": -1.9496222189445838, "params": {"C": 127.59971508510776, "epsilon": 0.06199950389555023, "gamma": 0.04496526093909478}, "datetime": {"datetime": "2021-09-19 09:18:22", "elapsed": 7.951335, "delta": 0.218747}}
{"target": -1.9718105440564528, "params": {"C": 118.01997117644098, "epsilon": 0.2539560508936899, "gamma": 0.03698538554568362}, "datetime": {"datetime": "2021-09-19 09:18:23", "elapsed": 8.138838, "delta": 0.187503}}
{"target": -2.43053216437766, "params": {"C": 173.01731209965035, "epsilon": 0.07244020571244576, "gamma": 0.13377476575152986}, "datetime": {"datetime": "2021-09-19 09:18:23", "elapsed": 8.357587, "delta": 0.218749}}
{"target": -2.0419180946920377, "params": {"C": 186.62535309082585, "epsilon": 0.25661407401558795, "gamma": 0.06419379210181406}, "datetime": {"datetime": "2021-09-19 09:18:23", "elapsed": 8.623215, "delta": 0.265628}}
{"target": -2.471849338069567, "params": {"C": 179.19566924726934, "epsilon": 0.2246793276343932, "gamma": 0.13563876965502006}, "datetime": {"datetime": "2021-09-19 09:18:23", "elapsed": 8.836535, "delta": 0.21332}}
{"target": -2.2630036551292205, "params": {"C": 184.1141445072979, "epsilon": 0.29036649319204755, "gamma": 0.10153704052593598}, "datetime": {"datetime": "2021-09-19 09:18:24", "elapsed": 9.158175, "delta": 0.32164}}
{"target": -1.9417685308935875, "params": {"C": 101.35523583455436, "epsilon": 0.0972078964144304, "gamma": 0.050831641447180234}, "datetime": {"datetime": "2021-09-19 09:18:24", "elapsed": 9.392565, "delta": 0.23439}}
{"target": -1.9409102873604567, "params": {"C": 101.26321190808792, "epsilon": 0.06703726576258866, "gamma": 0.05692816947458902}, "datetime": {"datetime": "2021-09-19 09:18:24", "elapsed": 9.65823, "delta": 0.265665}}
{"target": -2.272659936428833, "params": {"C": 101.3144612492506, "epsilon": 0.07901196628239987, "gamma": 0.12046955042736204}, "datetime": {"datetime": "2021-09-19 09:18:24", "elapsed": 9.955105, "delta": 0.296875}}
{"target": -2.0061946121521177, "params": {"C": 101.30624576699546, "epsilon": 0.04664664410372003, "gamma": 0.03488541982254467}, "datetime": {"datetime": "2021-09-19 09:18:25", "elapsed": 10.267567, "delta": 0.312462}}
{"target": -2.117359088025047, "params": {"C": 101.39842103182986, "epsilon": 0.05550142195380076, "gamma": 0.022771036447749846}, "datetime": {"datetime": "2021-09-19 09:18:25", "elapsed": 10.517566, "delta": 0.249999}}
{"target": -1.9797915486637332, "params": {"C": 101.2687082805984, "epsilon": 0.11407277751866872, "gamma": 0.039953574805982786}, "datetime": {"datetime": "2021-09-19 09:18:25", "elapsed": 10.814441, "delta": 0.296875}}
{"target": -2.1203403703004504, "params": {"C": 101.33132132890266, "epsilon": 0.16823873069203418, "gamma": 0.02102140168268679}, "datetime": {"datetime": "2021-09-19 09:18:26", "elapsed": 11.074585, "delta": 0.260144}}
{"target": -2.4104829263143652, "params": {"C": 94.6424307731504, "epsilon": 0.197976848014127, "gamma": 0.14885210580543068}, "datetime": {"datetime": "2021-09-19 09:18:26", "elapsed": 11.287947, "delta": 0.213362}}
{"target": -2.0106999330135493, "params": {"C": 184.21448581069356, "epsilon": 0.2713775339207668, "gamma": 0.02350538974236986}, "datetime": {"datetime": "2021-09-19 09:18:26", "elapsed": 11.678609, "delta": 0.390662}}
{"target": -2.4166721003293756, "params": {"C": 101.95034942357641, "epsilon": 0.2449929705991018, "gamma": 0.1467018471782391}, "datetime": {"datetime": "2021-09-19 09:18:26", "elapsed": 11.901609, "delta": 0.223}}
{"target": -2.0902641680821747, "params": {"C": 185.89217020107657, "epsilon": 0.05522136124199119, "gamma": 0.07444220624638546}, "datetime": {"datetime": "2021-09-19 09:18:27", "elapsed": 12.167618, "delta": 0.266009}}
{"target": -2.202667782469389, "params": {"C": 97.91033699434662, "epsilon": 0.04851995874721542, "gamma": 0.10807276684679736}, "datetime": {"datetime": "2021-09-19 09:18:27", "elapsed": 12.394763, "delta": 0.227145}}
{"target": -1.9851129969984642, "params": {"C": 101.20744019719235, "epsilon": 0.015448279743629632, "gamma": 0.04071288530404349}, "datetime": {"datetime": "2021-09-19 09:18:27", "elapsed": 12.72293, "delta": 0.328167}}
{"target": -2.227120447191028, "params": {"C": 186.69329651704106, "epsilon": 0.1899651196468933, "gamma": 0.09863733405358995}, "datetime": {"datetime": "2021-09-19 09:18:27", "elapsed": 13.051056, "delta": 0.328126}}
{"target": -1.9385361578331644, "params": {"C": 101.1614751404847, "epsilon": 0.08150110790149014, "gamma": 0.05183612658488447}, "datetime": {"datetime": "2021-09-19 09:18:28", "elapsed": 13.361394, "delta": 0.310338}}
{"target": -2.220793349871258, "params": {"C": 118.30319557005542, "epsilon": 0.2229691413085945, "gamma": 0.10593279602161618}, "datetime": {"datetime": "2021-09-19 09:18:28", "elapsed": 13.602395, "delta": 0.241001}}
{"target": -1.9636446178026559, "params": {"C": 120.14781170351372, "epsilon": 0.23359653331680538, "gamma": 0.041937051351803825}, "datetime": {"datetime": "2021-09-19 09:18:28", "elapsed": 13.844393, "delta": 0.241998}}
{"target": -1.9869571426082053, "params": {"C": 99.48729540600856, "epsilon": 0.16506735342734874, "gamma": 0.03885409498248214}, "datetime": {"datetime": "2021-09-19 09:18:29", "elapsed": 14.080822, "delta": 0.236429}}
{"target": -2.165386674004202, "params": {"C": 120.17865009377492, "epsilon": 0.28090933678140945, "gamma": 0.092601916826645}, "datetime": {"datetime": "2021-09-19 09:18:29", "elapsed": 14.368822, "delta": 0.288}}
{"target": -2.22538083690868, "params": {"C": 101.11336683051483, "epsilon": 0.03781363339464605, "gamma": 0.1131302773220369}, "datetime": {"datetime": "2021-09-19 09:18:29", "elapsed": 14.735824, "delta": 0.367002}}
{"target": -1.9518659919618244, "params": {"C": 120.21090765561652, "epsilon": 0.1871853633656369, "gamma": 0.05532826691834468}, "datetime": {"datetime": "2021-09-19 09:18:29", "elapsed": 15.016148, "delta": 0.280324}}
{"target": -2.1479267018930215, "params": {"C": 120.14819981082013, "epsilon": 0.17940004012941327, "gamma": 0.0901357812247398}, "datetime": {"datetime": "2021-09-19 09:18:30", "elapsed": 15.51214, "delta": 0.495992}}
{"target": -2.1212336528072093, "params": {"C": 101.19013661318286, "epsilon": 0.0784466067826442, "gamma": 0.02235021094567281}, "datetime": {"datetime": "2021-09-19 09:18:30", "elapsed": 15.889141, "delta": 0.377001}}
{"target": -2.1642460995203465, "params": {"C": 101.20153485113148, "epsilon": 0.08449292162775478, "gamma": 0.09366866794609643}, "datetime": {"datetime": "2021-09-19 09:18:31", "elapsed": 16.359107, "delta": 0.469966}}
{"target": -2.0648459112960413, "params": {"C": 127.55761210755702, "epsilon": 0.09855539749598614, "gamma": 0.0766891803289516}, "datetime": {"datetime": "2021-09-19 09:18:31", "elapsed": 16.651095, "delta": 0.291988}}
{"target": -2.029645315049862, "params": {"C": 120.2031612909448, "epsilon": 0.24535133146915797, "gamma": 0.02749196242994693}, "datetime": {"datetime": "2021-09-19 09:18:32", "elapsed": 17.078171, "delta": 0.427076}}
{"target": -2.1816866114335225, "params": {"C": 140.41716345821578, "epsilon": 0.29084591331605786, "gamma": 0.09397572853444792}, "datetime": {"datetime": "2021-09-19 09:18:32", "elapsed": 17.346138, "delta": 0.267967}}
{"target": -2.0529519886810634, "params": {"C": 127.52991844759815, "epsilon": 0.08109840603214531, "gamma": 0.02427791607891845}, "datetime": {"datetime": "2021-09-19 09:18:32", "elapsed": 17.71264, "delta": 0.366502}}
