{"target": -2.3560674430231416, "params": {"C": 92.54530069464553, "epsilon": 0.07354582714743498, "gamma": 0.1772424308690857}, "datetime": {"datetime": "2021-09-18 11:01:47", "elapsed": 116.61227, "delta": 1.228263}}
{"target": -2.1306005061811497, "params": {"C": 97.43782010088586, "epsilon": 0.7467001522960424, "gamma": 0.06076917978509214}, "datetime": {"datetime": "2021-09-18 11:01:49", "elapsed": 118.34665, "delta": 1.73438}}
{"target": -2.094270939707789, "params": {"C": 92.61985861733531, "epsilon": 0.05098441695201698, "gamma": 0.09099660447405786}, "datetime": {"datetime": "2021-09-18 11:01:50", "elapsed": 119.006169, "delta": 0.659519}}
{"target": -2.2818920032365915, "params": {"C": 92.69933575828126, "epsilon": 0.04475441163413649, "gamma": 0.14989852660918415}, "datetime": {"datetime": "2021-09-18 11:01:50", "elapsed": 119.677089, "delta": 0.67092}}
{"target": -2.5225127179962876, "params": {"C": 68.82037270044387, "epsilon": 0.9010741006375115, "gamma": 0.01134819829837379}, "datetime": {"datetime": "2021-09-18 11:01:52", "elapsed": 120.820136, "delta": 1.143047}}
{"target": -2.1250716242673735, "params": {"C": 68.72239573242136, "epsilon": 0.7184521989635941, "gamma": 0.11389218661266354}, "datetime": {"datetime": "2021-09-18 11:01:53", "elapsed": 122.180104, "delta": 1.359968}}
{"target": -2.244786363535809, "params": {"C": 68.69730257694648, "epsilon": 0.8005819258707688, "gamma": 0.1595241286593757}, "datetime": {"datetime": "2021-09-18 11:01:55", "elapsed": 123.977348, "delta": 1.797244}}
{"target": -2.182422079946698, "params": {"C": 34.5369470285255, "epsilon": 0.09761727354312427, "gamma": 0.13176224438502016}, "datetime": {"datetime": "2021-09-18 11:01:55", "elapsed": 124.721391, "delta": 0.744043}}
{"target": -2.532915793394564, "params": {"C": 97.53262511069795, "epsilon": 0.8360458995764097, "gamma": 0.00859545431272023}, "datetime": {"datetime": "2021-09-18 11:01:57", "elapsed": 125.870246, "delta": 1.148855}}
{"target": -2.457775270130881, "params": {"C": 35.124369636291064, "epsilon": 0.08450806755276064, "gamma": 0.27097612539603355}, "datetime": {"datetime": "2021-09-18 11:01:57", "elapsed": 126.571822, "delta": 0.701576}}
{"target": -2.262526282105692, "params": {"C": 30.257078232869407, "epsilon": 1.4622715300204432, "gamma": 0.12197147562690022}, "datetime": {"datetime": "2021-09-18 11:01:58", "elapsed": 127.304037, "delta": 0.732215}}
{"target": -2.2900921373265763, "params": {"C": 44.497208766427306, "epsilon": 0.3238765898323605, "gamma": 0.18481542979087487}, "datetime": {"datetime": "2021-09-18 11:01:59", "elapsed": 128.123045, "delta": 0.819008}}
{"target": -2.1452734819588497, "params": {"C": 92.83859561694096, "epsilon": 0.0001, "gamma": 0.10343017327544292}, "datetime": {"datetime": "2021-09-18 11:02:00", "elapsed": 129.35267, "delta": 1.229625}}
{"target": -2.476971136199078, "params": {"C": 62.039717680622516, "epsilon": 0.3596767452058357, "gamma": 0.009256034765815255}, "datetime": {"datetime": "2021-09-18 11:02:02", "elapsed": 130.750554, "delta": 1.397884}}
{"target": -2.27239138814805, "params": {"C": 28.818938963212382, "epsilon": 0.4530924482569761, "gamma": 0.031152653334303025}, "datetime": {"datetime": "2021-09-18 11:02:02", "elapsed": 131.484253, "delta": 0.733699}}
{"target": -2.3904324427589327, "params": {"C": 68.67948925808899, "epsilon": 0.7552872660617644, "gamma": 0.016778146148196036}, "datetime": {"datetime": "2021-09-18 11:02:03", "elapsed": 132.686574, "delta": 1.202321}}
{"target": -2.2581614172148043, "params": {"C": 75.75489558619853, "epsilon": 0.9158913708335729, "gamma": 0.15683580487478566}, "datetime": {"datetime": "2021-09-18 11:02:05", "elapsed": 134.422962, "delta": 1.736388}}
{"target": -2.1500063890528254, "params": {"C": 68.8675197860722, "epsilon": 0.7155807924929356, "gamma": 0.12168062051162594}, "datetime": {"datetime": "2021-09-18 11:02:07", "elapsed": 135.927829, "delta": 1.504867}}
{"target": -2.0632408616873246, "params": {"C": 62.44929382909199, "epsilon": 0.14752007817795976, "gamma": 0.0853094266923358}, "datetime": {"datetime": "2021-09-18 11:02:08", "elapsed": 137.387552, "delta": 1.459723}}
{"target": -2.1722129008075277, "params": {"C": 62.13198637306328, "epsilon": 0.4352515362356427, "gamma": 0.12759765071592993}, "datetime": {"datetime": "2021-09-18 11:02:10", "elapsed": 138.790049, "delta": 1.402497}}
{"target": -2.315990516761074, "params": {"C": 62.48292466272835, "epsilon": 0.17976356577570568, "gamma": 0.1771494785390694}, "datetime": {"datetime": "2021-09-18 11:02:11", "elapsed": 140.201372, "delta": 1.411323}}
{"target": -2.196075704473724, "params": {"C": 34.52992807215537, "epsilon": 0.0001, "gamma": 0.043971178110613365}, "datetime": {"datetime": "2021-09-18 11:02:12", "elapsed": 141.487104, "delta": 1.285732}}
{"target": -2.3588105869306393, "params": {"C": 68.80085320400525, "epsilon": 0.7671189115211785, "gamma": 0.1910580541022618}, "datetime": {"datetime": "2021-09-18 11:02:14", "elapsed": 143.047944, "delta": 1.56084}}
{"target": -2.125662637109223, "params": {"C": 62.388406153414415, "epsilon": 0.09636148843253908, "gamma": 0.10351997217122066}, "datetime": {"datetime": "2021-09-18 11:02:15", "elapsed": 144.486717, "delta": 1.438773}}
{"target": -2.050279410256914, "params": {"C": 54.16405716112283, "epsilon": 0.3197049375474906, "gamma": 0.06072482628581582}, "datetime": {"datetime": "2021-09-18 11:02:17", "elapsed": 145.737263, "delta": 1.250546}}
{"target": -2.2696121095699535, "params": {"C": 74.52000949655638, "epsilon": 0.03963665194074178, "gamma": 0.14967722583575277}, "datetime": {"datetime": "2021-09-18 11:02:17", "elapsed": 146.455216, "delta": 0.717953}}
{"target": -2.483161429120168, "params": {"C": 40.44085635999202, "epsilon": 0.9333694351608149, "gamma": 0.2413199286400239}, "datetime": {"datetime": "2021-09-18 11:02:18", "elapsed": 147.14279, "delta": 0.687574}}
{"target": -2.194222056998399, "params": {"C": 97.65414909380668, "epsilon": 0.7899321947920765, "gamma": 0.1351227168506692}, "datetime": {"datetime": "2021-09-18 11:02:20", "elapsed": 149.116628, "delta": 1.973838}}
{"target": -2.1400581725653116, "params": {"C": 54.26289944881482, "epsilon": 0.31424997767186985, "gamma": 0.03790975731718115}, "datetime": {"datetime": "2021-09-18 11:02:21", "elapsed": 150.490421, "delta": 1.373793}}
{"target": -2.2107623247739, "params": {"C": 54.1780960982918, "epsilon": 0.43301754420446625, "gamma": 0.029793127903675703}, "datetime": {"datetime": "2021-09-18 11:02:22", "elapsed": 151.562655, "delta": 1.072234}}
{"target": -2.2045656357933168, "params": {"C": 37.62852654271758, "epsilon": 0.5597275318350894, "gamma": 0.1376736739085794}, "datetime": {"datetime": "2021-09-18 11:02:23", "elapsed": 152.2969, "delta": 0.734245}}
{"target": -2.2007045942794727, "params": {"C": 54.08607877815248, "epsilon": 0.25890414444522747, "gamma": 0.13307224110681726}, "datetime": {"datetime": "2021-09-18 11:02:24", "elapsed": 153.658186, "delta": 1.361286}}
{"target": -2.447649477358027, "params": {"C": 33.78050597138688, "epsilon": 1.1641817997700434, "gamma": 0.2306743185667924}, "datetime": {"datetime": "2021-09-18 11:02:25", "elapsed": 154.401789, "delta": 0.743603}}
{"target": -2.1366754375728503, "params": {"C": 68.8159698309901, "epsilon": 0.7281291932352595, "gamma": 0.04204287158399588}, "datetime": {"datetime": "2021-09-18 11:02:27", "elapsed": 156.063963, "delta": 1.662174}}
{"target": -2.370118191150184, "params": {"C": 97.43617089431743, "epsilon": 0.8998341283696898, "gamma": 0.17240000353948912}, "datetime": {"datetime": "2021-09-18 11:02:29", "elapsed": 157.927505, "delta": 1.863542}}
{"target": -2.2321603710834323, "params": {"C": 62.33993044929905, "epsilon": 0.1385802568302762, "gamma": 0.02871738980494351}, "datetime": {"datetime": "2021-09-18 11:02:30", "elapsed": 159.186746, "delta": 1.259241}}
{"target": -2.3200571488537123, "params": {"C": 42.35736140361034, "epsilon": 0.4757990105682396, "gamma": 0.2057257295669499}, "datetime": {"datetime": "2021-09-18 11:02:31", "elapsed": 159.925114, "delta": 0.738368}}
{"target": -2.5540220898176544, "params": {"C": 65.90687364421728, "epsilon": 0.6894579246325651, "gamma": 0.27809909605899796}, "datetime": {"datetime": "2021-09-18 11:02:31", "elapsed": 160.684811, "delta": 0.759697}}
{"target": -2.615386722828165, "params": {"C": 34.67809670069907, "epsilon": 0.09718394423129494, "gamma": 0.0077924853683421615}, "datetime": {"datetime": "2021-09-18 11:02:33", "elapsed": 162.001236, "delta": 1.316425}}
{"target": -2.337337816343184, "params": {"C": 62.47153911438424, "epsilon": 0.031080125676656804, "gamma": 0.021278496988733762}, "datetime": {"datetime": "2021-09-18 11:02:34", "elapsed": 163.378431, "delta": 1.377195}}
{"target": -2.0791036599600816, "params": {"C": 68.77282913125029, "epsilon": 0.6329059954104924, "gamma": 0.051663263126943734}, "datetime": {"datetime": "2021-09-18 11:02:36", "elapsed": 164.921966, "delta": 1.543535}}
{"target": -2.200000268797431, "params": {"C": 68.72820375095647, "epsilon": 0.6127754213553233, "gamma": 0.13776868036979856}, "datetime": {"datetime": "2021-09-18 11:02:38", "elapsed": 166.768627, "delta": 1.846661}}
{"target": -2.5133303824831175, "params": {"C": 34.99901397667284, "epsilon": 1.2187018265546263, "gamma": 0.24146255596606567}, "datetime": {"datetime": "2021-09-18 11:02:38", "elapsed": 167.614402, "delta": 0.845775}}
{"target": -2.1746477060089537, "params": {"C": 26.51700923460044, "epsilon": 0.4328329429009575, "gamma": 0.10777689438692566}, "datetime": {"datetime": "2021-09-18 11:02:39", "elapsed": 168.382924, "delta": 0.768522}}
{"target": -2.2561286402873164, "params": {"C": 40.292454976763366, "epsilon": 1.3560130703762616, "gamma": 0.04506128860418088}, "datetime": {"datetime": "2021-09-18 11:02:40", "elapsed": 169.161264, "delta": 0.77834}}
{"target": -2.1389921012241437, "params": {"C": 68.86398821022189, "epsilon": 0.5294914372668368, "gamma": 0.034887772955665856}, "datetime": {"datetime": "2021-09-18 11:02:42", "elapsed": 170.926367, "delta": 1.765103}}
{"target": -2.183806206864015, "params": {"C": 68.92712025413553, "epsilon": 0.6965797448486436, "gamma": 0.03498781954428578}, "datetime": {"datetime": "2021-09-18 11:02:43", "elapsed": 172.46217, "delta": 1.535803}}
{"target": -2.215368558694743, "params": {"C": 65.87825325805247, "epsilon": 0.12987391325398698, "gamma": 0.1367119097663602}, "datetime": {"datetime": "2021-09-18 11:02:44", "elapsed": 173.286813, "delta": 0.824643}}
{"target": -2.1374503067916284, "params": {"C": 98.53831801494864, "epsilon": 0.7111219343510939, "gamma": 0.0376077272744115}, "datetime": {"datetime": "2021-09-18 11:02:45", "elapsed": 174.095251, "delta": 0.808438}}
{"target": -2.228546908736536, "params": {"C": 68.85790354110907, "epsilon": 0.5453448129656282, "gamma": 0.14881279538170164}, "datetime": {"datetime": "2021-09-18 11:02:47", "elapsed": 176.161304, "delta": 2.066053}}
{"target": -2.338938117388608, "params": {"C": 54.24445214282779, "epsilon": 0.3834083537876188, "gamma": 0.2020679089276416}, "datetime": {"datetime": "2021-09-18 11:02:49", "elapsed": 177.852956, "delta": 1.691652}}
{"target": -2.2165852963411106, "params": {"C": 38.38116796317269, "epsilon": 0.4334204488956904, "gamma": 0.1439566170976087}, "datetime": {"datetime": "2021-09-18 11:02:50", "elapsed": 179.493383, "delta": 1.640427}}
{"target": -2.9401515869369144, "params": {"C": 54.06104074657097, "epsilon": 0.36298602716431483, "gamma": 0.0031618053511943646}, "datetime": {"datetime": "2021-09-18 11:02:52", "elapsed": 181.051444, "delta": 1.558061}}
{"target": -2.293267156366579, "params": {"C": 40.225210546324064, "epsilon": 1.3687136618333038, "gamma": 0.16145488858567453}, "datetime": {"datetime": "2021-09-18 11:02:54", "elapsed": 183.106843, "delta": 2.055399}}
{"target": -2.7344247731596356, "params": {"C": 62.47214048698966, "epsilon": 0.2060202476541871, "gamma": 0.004179171611566571}, "datetime": {"datetime": "2021-09-18 11:02:55", "elapsed": 184.695819, "delta": 1.588976}}
{"target": -2.123636057821541, "params": {"C": 54.21331443427211, "epsilon": 0.14353504921784913, "gamma": 0.10514875545417098}, "datetime": {"datetime": "2021-09-18 11:02:56", "elapsed": 185.626665, "delta": 0.930846}}
{"target": -2.3259440991582956, "params": {"C": 34.57394083689355, "epsilon": 0.024038790653975194, "gamma": 0.20593770491644375}, "datetime": {"datetime": "2021-09-18 11:02:58", "elapsed": 187.508711, "delta": 1.882046}}
{"target": -2.3241351086674733, "params": {"C": 98.51311699592894, "epsilon": 0.690186999512305, "gamma": 0.16836529048062698}, "datetime": {"datetime": "2021-09-18 11:03:00", "elapsed": 189.402197, "delta": 1.893486}}
{"target": -2.130778221350279, "params": {"C": 68.95262597153797, "epsilon": 0.6037829131357929, "gamma": 0.11219084745711613}, "datetime": {"datetime": "2021-09-18 11:03:02", "elapsed": 190.968045, "delta": 1.565848}}
{"target": -2.1198916177547833, "params": {"C": 68.97545172256096, "epsilon": 0.484474747343755, "gamma": 0.09830209891611877}, "datetime": {"datetime": "2021-09-18 11:03:03", "elapsed": 192.626589, "delta": 1.658544}}
{"target": -2.429845006009284, "params": {"C": 99.20342629558999, "epsilon": 1.4011770182573389, "gamma": 0.017508472485401723}, "datetime": {"datetime": "2021-09-18 11:03:04", "elapsed": 193.440295, "delta": 0.813706}}
{"target": -2.127470993709059, "params": {"C": 54.21075160071011, "epsilon": 0.23200179485518566, "gamma": 0.0416732340938253}, "datetime": {"datetime": "2021-09-18 11:03:06", "elapsed": 195.274454, "delta": 1.834159}}
{"target": -2.6194425272557655, "params": {"C": 69.03472312808304, "epsilon": 0.6042995021006596, "gamma": 0.005717170644612993}, "datetime": {"datetime": "2021-09-18 11:03:08", "elapsed": 197.17902, "delta": 1.904566}}
{"target": -2.2267274960511365, "params": {"C": 97.65118099145526, "epsilon": 0.7874650201196898, "gamma": 0.14489616393948443}, "datetime": {"datetime": "2021-09-18 11:03:09", "elapsed": 198.02133, "delta": 0.84231}}
{"target": -2.3287131374606367, "params": {"C": 38.098388982629174, "epsilon": 0.23982846473450098, "gamma": 0.020885149138307493}, "datetime": {"datetime": "2021-09-18 11:03:11", "elapsed": 200.148165, "delta": 2.126835}}
{"target": -2.076441266576804, "params": {"C": 97.54663816234164, "epsilon": 0.6680202899847167, "gamma": 0.07745422038281624}, "datetime": {"datetime": "2021-09-18 11:03:13", "elapsed": 202.2625, "delta": 2.114335}}
{"target": -2.4551006021296913, "params": {"C": 68.96382453293526, "epsilon": 0.515800703556356, "gamma": 0.22979873529995876}, "datetime": {"datetime": "2021-09-18 11:03:15", "elapsed": 204.285257, "delta": 2.022757}}
{"target": -2.2551808673004903, "params": {"C": 92.81839086122136, "epsilon": 0.12637400443984334, "gamma": 0.14238924735647046}, "datetime": {"datetime": "2021-09-18 11:03:17", "elapsed": 206.471067, "delta": 2.18581}}
{"target": -2.139740133654218, "params": {"C": 68.73452280290068, "epsilon": 0.5311732993218143, "gamma": 0.03476275168876984}, "datetime": {"datetime": "2021-09-18 11:03:19", "elapsed": 208.577396, "delta": 2.106329}}
{"target": -2.098814281912487, "params": {"C": 55.99236140249839, "epsilon": 0.4743931441805834, "gamma": 0.04574109522959104}, "datetime": {"datetime": "2021-09-18 11:03:20", "elapsed": 209.398264, "delta": 0.820868}}
{"target": -2.024655547435971, "params": {"C": 68.89394682645569, "epsilon": 0.3877368344875363, "gamma": 0.06437352145254385}, "datetime": {"datetime": "2021-09-18 11:03:22", "elapsed": 210.797265, "delta": 1.399001}}
{"target": -2.0779043594802307, "params": {"C": 97.66244962095104, "epsilon": 0.6831932338992459, "gamma": 0.08282620825417605}, "datetime": {"datetime": "2021-09-18 11:03:23", "elapsed": 212.519272, "delta": 1.722007}}
{"target": -2.1339017647604286, "params": {"C": 72.46761925911018, "epsilon": 1.253284372721031, "gamma": 0.08706816554817859}, "datetime": {"datetime": "2021-09-18 11:03:24", "elapsed": 213.363043, "delta": 0.843771}}
{"target": -2.4227696999646717, "params": {"C": 67.6952838879386, "epsilon": 0.6859482943554484, "gamma": 0.21570029810038693}, "datetime": {"datetime": "2021-09-18 11:03:25", "elapsed": 214.242577, "delta": 0.879534}}
{"target": -2.144182309241692, "params": {"C": 68.80164269449696, "epsilon": 0.3378997175949221, "gamma": 0.03710553267133877}, "datetime": {"datetime": "2021-09-18 11:03:27", "elapsed": 216.236997, "delta": 1.99442}}
{"target": -2.1165885466810828, "params": {"C": 68.79600423836251, "epsilon": 0.42080875195464956, "gamma": 0.10122904871585321}, "datetime": {"datetime": "2021-09-18 11:03:29", "elapsed": 218.38023, "delta": 2.143233}}
{"target": -2.1432061202408748, "params": {"C": 68.99147807983336, "epsilon": 0.3762643540009211, "gamma": 0.03519479526077011}, "datetime": {"datetime": "2021-09-18 11:03:31", "elapsed": 220.121674, "delta": 1.741444}}
{"target": -2.1936680952906245, "params": {"C": 98.16389467916088, "epsilon": 0.41689683418060386, "gamma": 0.029393040277434605}, "datetime": {"datetime": "2021-09-18 11:03:32", "elapsed": 221.022108, "delta": 0.900434}}
{"target": -3.0382089133421153, "params": {"C": 64.89026281703397, "epsilon": 0.5031372996663704, "gamma": 0.0024604168825497234}, "datetime": {"datetime": "2021-09-18 11:03:33", "elapsed": 221.853727, "delta": 0.831619}}
{"target": -2.457417552703045, "params": {"C": 53.73292462266814, "epsilon": 1.11903605381081, "gamma": 0.2116320955472376}, "datetime": {"datetime": "2021-09-18 11:03:34", "elapsed": 222.833497, "delta": 0.97977}}
{"target": -2.214584763168186, "params": {"C": 68.85352143882409, "epsilon": 0.2910263547686193, "gamma": 0.13868804611951532}, "datetime": {"datetime": "2021-09-18 11:03:36", "elapsed": 225.192256, "delta": 2.358759}}
{"target": -2.1684067422312063, "params": {"C": 56.05018346055309, "epsilon": 0.42270578673091824, "gamma": 0.12321176424031609}, "datetime": {"datetime": "2021-09-18 11:03:38", "elapsed": 227.078048, "delta": 1.885792}}
{"target": -2.1254102785177773, "params": {"C": 68.86522715823577, "epsilon": 0.6312316371602187, "gamma": 0.07309422821654432}, "datetime": {"datetime": "2021-09-18 11:03:40", "elapsed": 228.988918, "delta": 1.91087}}
{"target": -2.2211234168563077, "params": {"C": 68.95731117995032, "epsilon": 0.3715033111283639, "gamma": 0.14269342853883452}, "datetime": {"datetime": "2021-09-18 11:03:42", "elapsed": 230.818489, "delta": 1.829571}}
{"target": -2.104105223650387, "params": {"C": 56.074379134223726, "epsilon": 0.5451296711402659, "gamma": 0.07922709143467531}, "datetime": {"datetime": "2021-09-18 11:03:44", "elapsed": 233.231334, "delta": 2.412845}}
{"target": -2.182873000159064, "params": {"C": 56.008095948354, "epsilon": 0.347934209702689, "gamma": 0.03268315093866999}, "datetime": {"datetime": "2021-09-18 11:03:47", "elapsed": 236.066876, "delta": 2.835542}}
{"target": -2.2755433450614175, "params": {"C": 55.95459532103037, "epsilon": 0.5688978523545737, "gamma": 0.17558825301884118}, "datetime": {"datetime": "2021-09-18 11:03:49", "elapsed": 237.919922, "delta": 1.853046}}
{"target": -2.282676911441937, "params": {"C": 56.07214784985584, "epsilon": 0.4441377055911376, "gamma": 0.023474286726477188}, "datetime": {"datetime": "2021-09-18 11:03:51", "elapsed": 239.869034, "delta": 1.949112}}
{"target": -2.0499857594943065, "params": {"C": 75.46226595416985, "epsilon": 0.37772776736657426, "gamma": 0.07639304909817211}, "datetime": {"datetime": "2021-09-18 11:03:52", "elapsed": 240.794623, "delta": 0.925589}}
{"target": -2.2334384492806207, "params": {"C": 75.45780245470841, "epsilon": 0.2809204356465731, "gamma": 0.14387521071221707}, "datetime": {"datetime": "2021-09-18 11:03:54", "elapsed": 242.931751, "delta": 2.137128}}
{"target": -2.287137762497376, "params": {"C": 30.39131974067395, "epsilon": 0.24792365124576468, "gamma": 0.20017721940856065}, "datetime": {"datetime": "2021-09-18 11:03:55", "elapsed": 243.904019, "delta": 0.972268}}
{"target": -2.5374158683737, "params": {"C": 51.85437814519849, "epsilon": 1.2356498235324844, "gamma": 0.2414301516813449}, "datetime": {"datetime": "2021-09-18 11:03:56", "elapsed": 244.881994, "delta": 0.977975}}
{"target": -2.209009761900335, "params": {"C": 55.92863874522007, "epsilon": 0.4112894775496948, "gamma": 0.14320905314233226}, "datetime": {"datetime": "2021-09-18 11:03:58", "elapsed": 246.858419, "delta": 1.976425}}
{"target": -2.175289881131158, "params": {"C": 75.32791529156574, "epsilon": 0.4000057465009544, "gamma": 0.12588538582392175}, "datetime": {"datetime": "2021-09-18 11:03:59", "elapsed": 248.64761, "delta": 1.789191}}
{"target": -2.3687769134571552, "params": {"C": 75.35188838200011, "epsilon": 0.35980884974525185, "gamma": 0.016119634695816454}, "datetime": {"datetime": "2021-09-18 11:04:02", "elapsed": 250.866386, "delta": 2.218776}}
{"target": -2.111068315584235, "params": {"C": 55.944351043700905, "epsilon": 0.5825392386786183, "gamma": 0.046090927594711485}, "datetime": {"datetime": "2021-09-18 11:04:04", "elapsed": 252.965506, "delta": 2.09912}}
{"target": -2.3839019717193137, "params": {"C": 75.46182024884966, "epsilon": 0.4164364930059748, "gamma": 0.19663396588925333}, "datetime": {"datetime": "2021-09-18 11:04:06", "elapsed": 255.08691, "delta": 2.121404}}
{"target": -2.096888008322665, "params": {"C": 56.04093417554063, "epsilon": 0.622701748727464, "gamma": 0.06297843734128038}, "datetime": {"datetime": "2021-09-18 11:04:08", "elapsed": 257.516751, "delta": 2.429841}}
{"target": -2.0981677708922164, "params": {"C": 55.85852445307137, "epsilon": 0.4670939257080993, "gamma": 0.04554698582931478}, "datetime": {"datetime": "2021-09-18 11:04:11", "elapsed": 259.930714, "delta": 2.413963}}
{"target": -2.6813127784603727, "params": {"C": 80.59951477381793, "epsilon": 1.363755155431258, "gamma": 0.2980445070640816}, "datetime": {"datetime": "2021-09-18 11:04:12", "elapsed": 260.934523, "delta": 1.003809}}
