{"target": -2.284683856845656, "params": {"C": 217.2371124214942, "epsilon": 0.04953631372564339, "gamma": 0.104997181731055}, "datetime": {"datetime": "2021-09-19 09:36:31", "elapsed": 18.018396, "delta": 0.38096}}
{"target": -1.959210849416482, "params": {"C": 217.2363609909934, "epsilon": 0.2861929136896585, "gamma": 0.03723108748947354}, "datetime": {"datetime": "2021-09-19 09:36:32", "elapsed": 18.377438, "delta": 0.359042}}
{"target": -2.1387071759381926, "params": {"C": 217.35986852217766, "epsilon": 0.2508849849671517, "gamma": 0.08149560856251205}, "datetime": {"datetime": "2021-09-19 09:36:32", "elapsed": 18.756441, "delta": 0.379003}}
{"target": -1.9550840177749134, "params": {"C": 217.09723673724642, "epsilon": 0.25484456933790023, "gamma": 0.030381157742799734}, "datetime": {"datetime": "2021-09-19 09:36:32", "elapsed": 19.122398, "delta": 0.365957}}
{"target": -2.4753352159037774, "params": {"C": 217.17285855954935, "epsilon": 0.2410263505906885, "gamma": 0.12878814608973949}, "datetime": {"datetime": "2021-09-19 09:36:33", "elapsed": 19.622328, "delta": 0.49993}}
{"target": -2.1289964814905287, "params": {"C": 238.3741099196447, "epsilon": 0.11883947052277019, "gamma": 0.08127490445911506}, "datetime": {"datetime": "2021-09-19 09:36:33", "elapsed": 19.925328, "delta": 0.303}}
{"target": -1.9558718525559524, "params": {"C": 216.98324696697017, "epsilon": 0.2504714306153524, "gamma": 0.030463159879709184}, "datetime": {"datetime": "2021-09-19 09:36:34", "elapsed": 20.348328, "delta": 0.423}}
{"target": -2.2854891406031506, "params": {"C": 291.6675699240287, "epsilon": 0.29084591331605786, "gamma": 0.09397572853444792}, "datetime": {"datetime": "2021-09-19 09:36:34", "elapsed": 20.636328, "delta": 0.288}}
{"target": -2.5556939817190334, "params": {"C": 240.917846528407, "epsilon": 0.2691048762093982, "gamma": 0.13988508984258924}, "datetime": {"datetime": "2021-09-19 09:36:34", "elapsed": 21.054328, "delta": 0.418}}
{"target": -2.0130849796860426, "params": {"C": 226.8935230606324, "epsilon": 0.2817140025857701, "gamma": 0.02123126018515624}, "datetime": {"datetime": "2021-09-19 09:36:35", "elapsed": 21.323329, "delta": 0.269001}}
{"target": -2.472795127641763, "params": {"C": 240.2973340338736, "epsilon": 0.0634222256679644, "gamma": 0.12948153682970504}, "datetime": {"datetime": "2021-09-19 09:36:35", "elapsed": 21.728327, "delta": 0.404998}}
{"target": -2.1737179555815374, "params": {"C": 235.3547505156451, "epsilon": 0.06434558313702203, "gamma": 0.08897805560673029}, "datetime": {"datetime": "2021-09-19 09:36:35", "elapsed": 22.037329, "delta": 0.309002}}
{"target": -2.3049248916185068, "params": {"C": 365.08259300635564, "epsilon": 0.03772778202733331, "gamma": 0.09258015132381815}, "datetime": {"datetime": "2021-09-19 09:36:36", "elapsed": 22.377328, "delta": 0.339999}}
{"target": -2.1452372513972713, "params": {"C": 251.040719843685, "epsilon": 0.25933274333287937, "gamma": 0.07841066820664651}, "datetime": {"datetime": "2021-09-19 09:36:36", "elapsed": 22.770336, "delta": 0.393008}}
{"target": -2.6124725575771843, "params": {"C": 302.2776006002679, "epsilon": 0.21380540354968317, "gamma": 0.14129495211533935}, "datetime": {"datetime": "2021-09-19 09:36:36", "elapsed": 23.07433, "delta": 0.303994}}
{"target": -2.0229082053883856, "params": {"C": 282.70730478107936, "epsilon": 0.15505002894196637, "gamma": 0.02}, "datetime": {"datetime": "2021-09-19 09:36:37", "elapsed": 23.474328, "delta": 0.399998}}
{"target": -2.318873879078081, "params": {"C": 366.2190806474298, "epsilon": 0.2524183576832029, "gamma": 0.0898735657828407}, "datetime": {"datetime": "2021-09-19 09:36:37", "elapsed": 23.791328, "delta": 0.317}}
{"target": -1.9998115401279746, "params": {"C": 216.99475935133333, "epsilon": 0.15756835755719348, "gamma": 0.054030521731333284}, "datetime": {"datetime": "2021-09-19 09:36:37", "elapsed": 24.171288, "delta": 0.37996}}
{"target": -2.5383305513387477, "params": {"C": 358.52440975000565, "epsilon": 0.043989131849913106, "gamma": 0.12299400809612078}, "datetime": {"datetime": "2021-09-19 09:36:38", "elapsed": 24.50433, "delta": 0.333042}}
{"target": -1.970654923644458, "params": {"C": 250.82998961204225, "epsilon": 0.2717972743801789, "gamma": 0.024024282067132044}, "datetime": {"datetime": "2021-09-19 09:36:38", "elapsed": 24.873327, "delta": 0.368997}}
{"target": -2.010399613770802, "params": {"C": 278.0021464468425, "epsilon": 0.012516519076003001, "gamma": 0.04013054242523413}, "datetime": {"datetime": "2021-09-19 09:36:38", "elapsed": 25.211334, "delta": 0.338007}}
{"target": -2.0242478129737336, "params": {"C": 205.08383104996327, "epsilon": 0.012761692440922425, "gamma": 0.023877241143855074}, "datetime": {"datetime": "2021-09-19 09:36:39", "elapsed": 25.516327, "delta": 0.304993}}
{"target": -2.069796149040598, "params": {"C": 371.10588285709116, "epsilon": 0.17463058421484642, "gamma": 0.05021011682086429}, "datetime": {"datetime": "2021-09-19 09:36:39", "elapsed": 25.937329, "delta": 0.421002}}
{"target": -2.2117562919765565, "params": {"C": 371.2692681695615, "epsilon": 0.2523213696192865, "gamma": 0.07717351703101284}, "datetime": {"datetime": "2021-09-19 09:36:40", "elapsed": 26.447868, "delta": 0.510539}}
{"target": -2.22413838293938, "params": {"C": 250.9017699129198, "epsilon": 0.29261518978758105, "gamma": 0.08997902578683831}, "datetime": {"datetime": "2021-09-19 09:36:40", "elapsed": 26.843868, "delta": 0.396}}
{"target": -1.9827664060954107, "params": {"C": 250.93135109730778, "epsilon": 0.1472267365422019, "gamma": 0.024044617651616074}, "datetime": {"datetime": "2021-09-19 09:36:40", "elapsed": 27.242827, "delta": 0.398959}}
{"target": -2.539116156866678, "params": {"C": 281.6487940104453, "epsilon": 0.17896095782943036, "gamma": 0.12898887665484468}, "datetime": {"datetime": "2021-09-19 09:36:41", "elapsed": 27.636871, "delta": 0.394044}}
{"target": -2.075112597555621, "params": {"C": 216.88198774642836, "epsilon": 0.21560633950906508, "gamma": 0.06443191930824903}, "datetime": {"datetime": "2021-09-19 09:36:41", "elapsed": 28.12087, "delta": 0.483999}}
{"target": -2.5483448504865875, "params": {"C": 260.42668879360514, "epsilon": 0.06085710565254439, "gamma": 0.13887355314109173}, "datetime": {"datetime": "2021-09-19 09:36:42", "elapsed": 28.55825, "delta": 0.43738}}
{"target": -2.0183224122841623, "params": {"C": 327.8210123306319, "epsilon": 0.03154373151619269, "gamma": 0.03865495492338922}, "datetime": {"datetime": "2021-09-19 09:36:42", "elapsed": 28.920294, "delta": 0.362044}}
{"target": -2.0769174390312206, "params": {"C": 283.04615406600936, "epsilon": 0.29208658752351757, "gamma": 0.056880050298229554}, "datetime": {"datetime": "2021-09-19 09:36:43", "elapsed": 29.337537, "delta": 0.417243}}
{"target": -2.5212027872172116, "params": {"C": 216.97253286880238, "epsilon": 0.2629135405137703, "gamma": 0.13740787466371263}, "datetime": {"datetime": "2021-09-19 09:36:43", "elapsed": 29.84004, "delta": 0.502503}}
{"target": -2.064619273379294, "params": {"C": 279.71415914000227, "epsilon": 0.19748487668908815, "gamma": 0.05694393392228114}, "datetime": {"datetime": "2021-09-19 09:36:43", "elapsed": 30.20604, "delta": 0.366}}
{"target": -1.994548100582307, "params": {"C": 217.0959164525794, "epsilon": 0.1444927554611402, "gamma": 0.02390326811177651}, "datetime": {"datetime": "2021-09-19 09:36:44", "elapsed": 30.704998, "delta": 0.498958}}
{"target": -2.0179765034203765, "params": {"C": 281.56426695255993, "epsilon": 0.3, "gamma": 0.02}, "datetime": {"datetime": "2021-09-19 09:36:44", "elapsed": 31.181318, "delta": 0.47632}}
{"target": -1.9859355356400565, "params": {"C": 240.1381683484372, "epsilon": 0.03586489024856188, "gamma": 0.0391226223632754}, "datetime": {"datetime": "2021-09-19 09:36:45", "elapsed": 31.619313, "delta": 0.437995}}
{"target": -2.006584314788497, "params": {"C": 258.99065661048724, "epsilon": 0.004534688613436836, "gamma": 0.04024816876397973}, "datetime": {"datetime": "2021-09-19 09:36:45", "elapsed": 32.007313, "delta": 0.388}}
{"target": -2.0093236717081537, "params": {"C": 375.29263228860856, "epsilon": 0.16518367636353076, "gamma": 0.02}, "datetime": {"datetime": "2021-09-19 09:36:46", "elapsed": 32.576323, "delta": 0.56901}}
{"target": -1.96041166639726, "params": {"C": 217.26117096538417, "epsilon": 0.16501919852474134, "gamma": 0.03678684306655183}, "datetime": {"datetime": "2021-09-19 09:36:46", "elapsed": 32.925322, "delta": 0.348999}}
{"target": -2.0635413473984423, "params": {"C": 283.30991030057265, "epsilon": 0.2976113543198241, "gamma": 0.05553241106945568}, "datetime": {"datetime": "2021-09-19 09:36:47", "elapsed": 33.341321, "delta": 0.415999}}
{"target": -1.9654143259356358, "params": {"C": 250.75636588863634, "epsilon": 0.16248055055633082, "gamma": 0.03568549418337151}, "datetime": {"datetime": "2021-09-19 09:36:47", "elapsed": 33.829649, "delta": 0.488328}}
{"target": -2.1314070212828016, "params": {"C": 250.69675474681995, "epsilon": 0.2637409829522581, "gamma": 0.0764706105912299}, "datetime": {"datetime": "2021-09-19 09:36:48", "elapsed": 34.457216, "delta": 0.627567}}
{"target": -1.9663553438047578, "params": {"C": 216.87303769071275, "epsilon": 0.07209070994296571, "gamma": 0.03622840856240098}, "datetime": {"datetime": "2021-09-19 09:36:48", "elapsed": 34.937227, "delta": 0.480011}}
{"target": -2.003078795942819, "params": {"C": 260.5771028131785, "epsilon": 0.0030698715707165062, "gamma": 0.025114638756389498}, "datetime": {"datetime": "2021-09-19 09:36:49", "elapsed": 35.443226, "delta": 0.505999}}
{"target": -2.0029172950392975, "params": {"C": 371.01577836044544, "epsilon": 0.3, "gamma": 0.02}, "datetime": {"datetime": "2021-09-19 09:36:49", "elapsed": 36.092441, "delta": 0.649215}}
{"target": -2.393581724367329, "params": {"C": 329.0673609880042, "epsilon": 0.06296466025877247, "gamma": 0.10560855742024981}, "datetime": {"datetime": "2021-09-19 09:36:50", "elapsed": 36.510489, "delta": 0.418048}}
{"target": -2.588747941863106, "params": {"C": 371.0865627581536, "epsilon": 0.28019136304289544, "gamma": 0.12663642974012895}, "datetime": {"datetime": "2021-09-19 09:36:50", "elapsed": 37.035765, "delta": 0.525276}}
{"target": -1.976279202651875, "params": {"C": 235.22633536708642, "epsilon": 0.060304508454379575, "gamma": 0.03797970275112225}, "datetime": {"datetime": "2021-09-19 09:36:51", "elapsed": 37.399135, "delta": 0.36337}}
{"target": -2.024311602955797, "params": {"C": 380.84083332162413, "epsilon": 0.01800402837896719, "gamma": 0.03740448315637646}, "datetime": {"datetime": "2021-09-19 09:36:51", "elapsed": 37.823533, "delta": 0.424398}}
{"target": -2.18425952823535, "params": {"C": 235.13825488606815, "epsilon": 0.11534498659266876, "gamma": 0.08978431471962718}, "datetime": {"datetime": "2021-09-19 09:36:52", "elapsed": 38.333755, "delta": 0.510222}}
{"target": -2.044323520328557, "params": {"C": 258.87778622957893, "epsilon": 0.05070123112690648, "gamma": 0.02}, "datetime": {"datetime": "2021-09-19 09:36:52", "elapsed": 38.989966, "delta": 0.656211}}
{"target": -2.4566920699885197, "params": {"C": 216.88948276524874, "epsilon": 0.024769751028015832, "gamma": 0.13180238513147868}, "datetime": {"datetime": "2021-09-19 09:36:53", "elapsed": 39.593111, "delta": 0.603145}}
{"target": -2.0772108856871108, "params": {"C": 250.86045537002025, "epsilon": 0.1751206790990333, "gamma": 0.06418496540510879}, "datetime": {"datetime": "2021-09-19 09:36:53", "elapsed": 40.218111, "delta": 0.625}}
{"target": -2.149606660420461, "params": {"C": 313.39607328039665, "epsilon": 0.09161874515732138, "gamma": 0.07744593963503156}, "datetime": {"datetime": "2021-09-19 09:36:54", "elapsed": 40.624357, "delta": 0.406246}}
{"target": -1.9891742293431678, "params": {"C": 216.75667242505236, "epsilon": 0.0822744779441637, "gamma": 0.029108809404442236}, "datetime": {"datetime": "2021-09-19 09:36:54", "elapsed": 41.264223, "delta": 0.639866}}
{"target": -2.4352099661855084, "params": {"C": 258.9155457727335, "epsilon": 0.03379651355275923, "gamma": 0.12093980063086969}, "datetime": {"datetime": "2021-09-19 09:36:55", "elapsed": 41.792481, "delta": 0.528258}}
{"target": -2.37500495437879, "params": {"C": 226.84810224440756, "epsilon": 0.22267876922906407, "gamma": 0.11130440766281785}, "datetime": {"datetime": "2021-09-19 09:36:55", "elapsed": 42.255803, "delta": 0.463322}}
{"target": -2.0059474814100478, "params": {"C": 362.8089524600701, "epsilon": 0.3, "gamma": 0.02}, "datetime": {"datetime": "2021-09-19 09:36:56", "elapsed": 42.896436, "delta": 0.640633}}
{"target": -2.1021298113126514, "params": {"C": 216.7656010262292, "epsilon": 0.17673285490146398, "gamma": 0.07687908616047352}, "datetime": {"datetime": "2021-09-19 09:36:57", "elapsed": 43.445586, "delta": 0.54915}}
{"target": -2.0364831250934348, "params": {"C": 240.9591918277448, "epsilon": 0.1678151437455427, "gamma": 0.02}, "datetime": {"datetime": "2021-09-19 09:36:57", "elapsed": 44.093857, "delta": 0.648271}}
{"target": -2.0982237169932465, "params": {"C": 208.09532242465139, "epsilon": 0.16075714831528407, "gamma": 0.07707219614782183}, "datetime": {"datetime": "2021-09-19 09:36:58", "elapsed": 44.515729, "delta": 0.421872}}
{"target": -2.093894859617145, "params": {"C": 283.45247958301087, "epsilon": 0.2973530049442587, "gamma": 0.060991827699841294}, "datetime": {"datetime": "2021-09-19 09:36:58", "elapsed": 45.031355, "delta": 0.515626}}
{"target": -2.0079590638948703, "params": {"C": 362.8787991403775, "epsilon": 0.16035983383140465, "gamma": 0.026850577604618384}, "datetime": {"datetime": "2021-09-19 09:36:59", "elapsed": 45.57363, "delta": 0.542275}}
{"target": -2.60166783973035, "params": {"C": 355.75737271933, "epsilon": 0.1672403332061272, "gamma": 0.13026752113821735}, "datetime": {"datetime": "2021-09-19 09:36:59", "elapsed": 45.995502, "delta": 0.421872}}
{"target": -2.0314506656029785, "params": {"C": 227.00997060333032, "epsilon": 0.3, "gamma": 0.02}, "datetime": {"datetime": "2021-09-19 09:37:00", "elapsed": 46.651752, "delta": 0.65625}}
{"target": -2.6138740964880087, "params": {"C": 362.83184940092923, "epsilon": 0.25527376246096395, "gamma": 0.1355692893506121}, "datetime": {"datetime": "2021-09-19 09:37:00", "elapsed": 47.265159, "delta": 0.613407}}
{"target": -2.5744964041743823, "params": {"C": 363.7228166584098, "epsilon": 0.2567250066426238, "gamma": 0.12362560875520336}, "datetime": {"datetime": "2021-09-19 09:37:01", "elapsed": 47.808168, "delta": 0.543009}}
{"target": -1.9587040483238622, "params": {"C": 281.36603113465196, "epsilon": 0.2207562510235962, "gamma": 0.03358029165602279}, "datetime": {"datetime": "2021-09-19 09:37:01", "elapsed": 48.240117, "delta": 0.431949}}
{"target": -2.0738059749567377, "params": {"C": 281.44974962176855, "epsilon": 0.15626692584657972, "gamma": 0.05895991856398784}, "datetime": {"datetime": "2021-09-19 09:37:02", "elapsed": 48.755779, "delta": 0.515662}}
{"target": -2.6317372267412495, "params": {"C": 281.37527278149304, "epsilon": 0.18118421939397816, "gamma": 0.14988890568176705}, "datetime": {"datetime": "2021-09-19 09:37:03", "elapsed": 49.34339, "delta": 0.587611}}
{"target": -1.9855684399369402, "params": {"C": 240.14793053702343, "epsilon": 0.15081425564072926, "gamma": 0.028229304275202552}, "datetime": {"datetime": "2021-09-19 09:37:03", "elapsed": 49.843391, "delta": 0.500001}}
{"target": -2.2331508992459144, "params": {"C": 281.8983930756448, "epsilon": 0.2545316421499034, "gamma": 0.08946132493684512}, "datetime": {"datetime": "2021-09-19 09:37:04", "elapsed": 50.280888, "delta": 0.437497}}
{"target": -2.00071546477846, "params": {"C": 259.0745002442334, "epsilon": 0.05934122071521012, "gamma": 0.042178914220934324}, "datetime": {"datetime": "2021-09-19 09:37:04", "elapsed": 50.81214, "delta": 0.531252}}
{"target": -2.110420042810161, "params": {"C": 251.0469384265211, "epsilon": 0.2514262159813053, "gamma": 0.07351985831434715}, "datetime": {"datetime": "2021-09-19 09:37:04", "elapsed": 51.254554, "delta": 0.442414}}
{"target": -1.9721361552655174, "params": {"C": 281.4463327416492, "epsilon": 0.2301096090128785, "gamma": 0.02689858667582129}, "datetime": {"datetime": "2021-09-19 09:37:05", "elapsed": 51.963824, "delta": 0.70927}}
{"target": -2.0839524561001084, "params": {"C": 216.7690959028881, "epsilon": 0.17565261678517724, "gamma": 0.06845715585251015}, "datetime": {"datetime": "2021-09-19 09:37:06", "elapsed": 52.427049, "delta": 0.463225}}
{"target": -1.969765176861104, "params": {"C": 258.97966071436286, "epsilon": 0.15511251381335903, "gamma": 0.03304996602192873}, "datetime": {"datetime": "2021-09-19 09:37:06", "elapsed": 53.067674, "delta": 0.640625}}
{"target": -2.344067856820324, "params": {"C": 259.0594254218475, "epsilon": 0.1615189919015997, "gamma": 0.10487193681773008}, "datetime": {"datetime": "2021-09-19 09:37:07", "elapsed": 53.733402, "delta": 0.665728}}
{"target": -2.4008593386434485, "params": {"C": 278.10022709396816, "epsilon": 0.03133622516150889, "gamma": 0.1126895535970102}, "datetime": {"datetime": "2021-09-19 09:37:08", "elapsed": 54.389653, "delta": 0.656251}}
{"target": -1.9947581775097454, "params": {"C": 251.0604075762872, "epsilon": 0.12649980419589765, "gamma": 0.03999039736334946}, "datetime": {"datetime": "2021-09-19 09:37:08", "elapsed": 55.092776, "delta": 0.703123}}
{"target": -2.242240166197477, "params": {"C": 277.8944145059369, "epsilon": 0.06761057156966704, "gamma": 0.09395541852541003}, "datetime": {"datetime": "2021-09-19 09:37:09", "elapsed": 55.667269, "delta": 0.574493}}
{"target": -2.577429389635591, "params": {"C": 315.1792704178105, "epsilon": 0.24991390775995692, "gamma": 0.13039234933177019}, "datetime": {"datetime": "2021-09-19 09:37:09", "elapsed": 56.136012, "delta": 0.468743}}
{"target": -2.0180269629375736, "params": {"C": 281.370248196202, "epsilon": 0.3, "gamma": 0.02}, "datetime": {"datetime": "2021-09-19 09:37:10", "elapsed": 56.77664, "delta": 0.640628}}
{"target": -2.059779795659689, "params": {"C": 387.83616907249274, "epsilon": 0.054612191309402716, "gamma": 0.0508572594997376}, "datetime": {"datetime": "2021-09-19 09:37:11", "elapsed": 57.291436, "delta": 0.514796}}
{"target": -2.0925681065243444, "params": {"C": 291.6668015102724, "epsilon": 0.2466678634168702, "gamma": 0.058833127584391604}, "datetime": {"datetime": "2021-09-19 09:37:11", "elapsed": 57.770383, "delta": 0.478947}}
{"target": -1.993419746162245, "params": {"C": 251.16440792222414, "epsilon": 0.13199627957729657, "gamma": 0.04106057018512728}, "datetime": {"datetime": "2021-09-19 09:37:12", "elapsed": 58.389944, "delta": 0.619561}}
{"target": -2.0259694897040204, "params": {"C": 291.66470455460114, "epsilon": 0.12609152124195555, "gamma": 0.02}, "datetime": {"datetime": "2021-09-19 09:37:12", "elapsed": 59.196919, "delta": 0.806975}}
{"target": -2.586387447131861, "params": {"C": 251.1979874937837, "epsilon": 0.1728486806048658, "gamma": 0.1442726601666669}, "datetime": {"datetime": "2021-09-19 09:37:13", "elapsed": 59.946101, "delta": 0.749182}}
{"target": -1.9944030548548999, "params": {"C": 251.14882712373372, "epsilon": 0.015888705738151217, "gamma": 0.0536667755604804}, "datetime": {"datetime": "2021-09-19 09:37:14", "elapsed": 60.524228, "delta": 0.578127}}
{"target": -2.003156423640791, "params": {"C": 370.9057861717654, "epsilon": 0.25373397605002823, "gamma": 0.02013075958251284}, "datetime": {"datetime": "2021-09-19 09:37:14", "elapsed": 61.104827, "delta": 0.580599}}
{"target": -1.9805751358278583, "params": {"C": 258.8763060156882, "epsilon": 0.1682120863215677, "gamma": 0.02992215969071066}, "datetime": {"datetime": "2021-09-19 09:37:15", "elapsed": 61.739354, "delta": 0.634527}}
{"target": -2.0113944754223203, "params": {"C": 370.9774431118852, "epsilon": 0.16151110953846062, "gamma": 0.02}, "datetime": {"datetime": "2021-09-19 09:37:16", "elapsed": 62.410475, "delta": 0.671121}}
{"target": -2.001389846201144, "params": {"C": 374.76545630641084, "epsilon": 0.3, "gamma": 0.02}, "datetime": {"datetime": "2021-09-19 09:37:16", "elapsed": 63.089724, "delta": 0.679249}}
{"target": -1.9514024889705042, "params": {"C": 258.96836982857593, "epsilon": 0.2797460349385514, "gamma": 0.028414803409470498}, "datetime": {"datetime": "2021-09-19 09:37:17", "elapsed": 63.799722, "delta": 0.709998}}
{"target": -2.0071568547256895, "params": {"C": 370.8487396797136, "epsilon": 0.13045717154773664, "gamma": 0.03346165195034361}, "datetime": {"datetime": "2021-09-19 09:37:18", "elapsed": 64.565721, "delta": 0.765999}}
{"target": -2.539965863605854, "params": {"C": 258.88876718988195, "epsilon": 0.2901024121934627, "gamma": 0.13302243676679196}, "datetime": {"datetime": "2021-09-19 09:37:19", "elapsed": 65.626238, "delta": 1.060517}}
{"target": -2.011109885373554, "params": {"C": 339.7555546071533, "epsilon": 0.09348197734004957, "gamma": 0.03698939791932183}, "datetime": {"datetime": "2021-09-19 09:37:19", "elapsed": 66.141727, "delta": 0.515489}}
{"target": -2.028626413891626, "params": {"C": 299.838464505891, "epsilon": 0.06689051904047168, "gamma": 0.05297294604321709}, "datetime": {"datetime": "2021-09-19 09:37:20", "elapsed": 66.679727, "delta": 0.538}}
{"target": -2.0166073445786505, "params": {"C": 291.55196334541245, "epsilon": 0.1788888551727874, "gamma": 0.02}, "datetime": {"datetime": "2021-09-19 09:37:21", "elapsed": 67.752727, "delta": 1.073}}
{"target": -2.4315291027192063, "params": {"C": 251.32698853794153, "epsilon": 0.20819770475965033, "gamma": 0.1156237260899666}, "datetime": {"datetime": "2021-09-19 09:37:21", "elapsed": 68.252728, "delta": 0.500001}}
{"target": -2.3022873528186256, "params": {"C": 246.86209053408882, "epsilon": 0.0718312157706767, "gamma": 0.10362050607025261}, "datetime": {"datetime": "2021-09-19 09:37:22", "elapsed": 68.787447, "delta": 0.534719}}
