{"target": 0.8426911353946467, "params": {"C": 40.63193887430505, "epsilon": 0.011821704824073166, "gamma": 0.333595685472104}, "datetime": {"datetime": "2021-09-18 12:27:03", "elapsed": 99.916828, "delta": 0.824953}}
{"target": 0.5271335641828434, "params": {"C": 13.406185856475894, "epsilon": 2.171615187087077, "gamma": 0.9825842622679446}, "datetime": {"datetime": "2021-09-18 12:27:04", "elapsed": 100.74687, "delta": 0.830042}}
{"target": 0.48863305987456607, "params": {"C": 69.5746706810368, "epsilon": 0.0001, "gamma": 0.0001}, "datetime": {"datetime": "2021-09-18 12:27:05", "elapsed": 101.619864, "delta": 0.872994}}
{"target": 0.8966125914300542, "params": {"C": 72.32742724326091, "epsilon": 0.014614450150771986, "gamma": 0.07350513940324499}, "datetime": {"datetime": "2021-09-18 12:27:06", "elapsed": 102.430868, "delta": 0.811004}}
{"target": 0.4939148126337961, "params": {"C": 64.15725712332323, "epsilon": 3.1851353473693185, "gamma": 0.0001}, "datetime": {"datetime": "2021-09-18 12:27:07", "elapsed": 103.214863, "delta": 0.783995}}
{"target": 0.45726647415685406, "params": {"C": 66.65507172704694, "epsilon": 5.923712239901555, "gamma": 0.0001}, "datetime": {"datetime": "2021-09-18 12:27:07", "elapsed": 103.928868, "delta": 0.714005}}
{"target": -0.0072447419688890236, "params": {"C": 46.59445443478848, "epsilon": 15.703871550390176, "gamma": 0.37216642321194865}, "datetime": {"datetime": "2021-09-18 12:27:08", "elapsed": 104.896829, "delta": 0.967961}}
{"target": 0.540802609749284, "params": {"C": 54.45438290569175, "epsilon": 5.2402059673224, "gamma": 0.9123746999463744}, "datetime": {"datetime": "2021-09-18 12:27:09", "elapsed": 105.779868, "delta": 0.883039}}
{"target": 0.8774209557263914, "params": {"C": 53.32822806755979, "epsilon": 2.7443424554779687, "gamma": 0.130300522820481}, "datetime": {"datetime": "2021-09-18 12:27:10", "elapsed": 106.540864, "delta": 0.760996}}
{"target": 0.6102030844685813, "params": {"C": 51.72190914395393, "epsilon": 3.1897380916887075, "gamma": 0.00034210261076569637}, "datetime": {"datetime": "2021-09-18 12:27:11", "elapsed": 107.510864, "delta": 0.97}}
{"target": 0.8767850186015411, "params": {"C": 54.368879134065764, "epsilon": 2.0241743685889504, "gamma": 0.15976045755433574}, "datetime": {"datetime": "2021-09-18 12:27:12", "elapsed": 108.273828, "delta": 0.762964}}
{"target": 0.34363258257155715, "params": {"C": 28.880064783231294, "epsilon": 0.0001, "gamma": 0.0001}, "datetime": {"datetime": "2021-09-18 12:27:13", "elapsed": 109.196829, "delta": 0.923001}}
{"target": 0.833940547601626, "params": {"C": 79.3541795166187, "epsilon": 1.4374387294617583, "gamma": 0.011407571945629085}, "datetime": {"datetime": "2021-09-18 12:27:14", "elapsed": 110.012834, "delta": 0.816005}}
{"target": 0.6056780200941485, "params": {"C": 95.37343898621235, "epsilon": 2.4381364411890614, "gamma": 1.0}, "datetime": {"datetime": "2021-09-18 12:27:14", "elapsed": 110.788703, "delta": 0.775869}}
{"target": 0.40761423921193507, "params": {"C": 85.05651412292107, "epsilon": 8.25165971233413, "gamma": 0.8547144155747652}, "datetime": {"datetime": "2021-09-18 12:27:15", "elapsed": 111.484661, "delta": 0.695958}}
{"target": 0.8249801655163717, "params": {"C": 54.39497072037573, "epsilon": 3.2539270010864008, "gamma": 0.010946494741480328}, "datetime": {"datetime": "2021-09-18 12:27:16", "elapsed": 112.272667, "delta": 0.788006}}
{"target": 0.6459193391747713, "params": {"C": 55.280953024316815, "epsilon": 0.0001, "gamma": 1.0}, "datetime": {"datetime": "2021-09-18 12:27:17", "elapsed": 113.117664, "delta": 0.844997}}
{"target": 0.7923998090969034, "params": {"C": 39.06405975866236, "epsilon": 0.27381508141946304, "gamma": 0.004685657917118512}, "datetime": {"datetime": "2021-09-18 12:27:18", "elapsed": 113.992663, "delta": 0.874999}}
{"target": 0.5382481049959997, "params": {"C": 91.66322850436558, "epsilon": 3.8539696465372066, "gamma": 0.0001}, "datetime": {"datetime": "2021-09-18 12:27:18", "elapsed": 114.813663, "delta": 0.821}}
{"target": 0.8149467125460992, "params": {"C": 85.26758004140521, "epsilon": 5.560313261495206, "gamma": 0.09208302318304995}, "datetime": {"datetime": "2021-09-18 12:27:19", "elapsed": 115.770668, "delta": 0.957005}}
{"target": 0.47784877048833874, "params": {"C": 82.71785194200996, "epsilon": 5.829501347667969, "gamma": 0.0001}, "datetime": {"datetime": "2021-09-18 12:27:20", "elapsed": 116.681669, "delta": 0.911001}}
{"target": 0.8725131335498337, "params": {"C": 82.59624896647009, "epsilon": 3.2077894322882243, "gamma": 0.11437085283654853}, "datetime": {"datetime": "2021-09-18 12:27:21", "elapsed": 117.730698, "delta": 1.049029}}
{"target": 0.8321650096461475, "params": {"C": 56.459901250550026, "epsilon": 2.244750273385378, "gamma": 0.009648523954630528}, "datetime": {"datetime": "2021-09-18 12:27:22", "elapsed": 118.647668, "delta": 0.91697}}
{"target": 0.3014372815789492, "params": {"C": 24.856907739594277, "epsilon": 6.638620348467396, "gamma": 0.0001}, "datetime": {"datetime": "2021-09-18 12:27:23", "elapsed": 119.481664, "delta": 0.833996}}
{"target": 0.6614015942761793, "params": {"C": 78.26539795228314, "epsilon": 0.7539143392989105, "gamma": 0.9193144826040816}, "datetime": {"datetime": "2021-09-18 12:27:24", "elapsed": 120.48567, "delta": 1.004006}}
{"target": 0.09657038415486563, "params": {"C": 85.77155848312407, "epsilon": 13.249855211770841, "gamma": 0.922412423476345}, "datetime": {"datetime": "2021-09-18 12:27:25", "elapsed": 121.451667, "delta": 0.965997}}
{"target": 0.17665984016040936, "params": {"C": 11.298391039506429, "epsilon": 2.2838117154574666, "gamma": 0.0001}, "datetime": {"datetime": "2021-09-18 12:27:26", "elapsed": 122.365664, "delta": 0.913997}}
{"target": 0.48807615730642095, "params": {"C": 9.408935298181689, "epsilon": 0.5338303000672687, "gamma": 0.9599345010295961}, "datetime": {"datetime": "2021-09-18 12:27:27", "elapsed": 123.22566, "delta": 0.859996}}
{"target": 0.8335217984058821, "params": {"C": 12.945412679487685, "epsilon": 1.0086634575657314, "gamma": 0.20386255315725169}, "datetime": {"datetime": "2021-09-18 12:27:28", "elapsed": 124.073663, "delta": 0.848003}}
{"target": 0.5802558761635443, "params": {"C": 58.1178727103581, "epsilon": 3.4341883390519694, "gamma": 0.9933288428119725}, "datetime": {"datetime": "2021-09-18 12:27:28", "elapsed": 124.963705, "delta": 0.890042}}
{"target": 0.36496875890051794, "params": {"C": 8.706402014868917, "epsilon": 6.881397805503649, "gamma": 0.9763085560999428}, "datetime": {"datetime": "2021-09-18 12:27:30", "elapsed": 125.984666, "delta": 1.020961}}
{"target": 0.1379161012019744, "params": {"C": 8.471730651389393, "epsilon": 1.6036783736003886, "gamma": 0.0001}, "datetime": {"datetime": "2021-09-18 12:27:31", "elapsed": 127.119661, "delta": 1.134995}}
{"target": 0.8662659357321145, "params": {"C": 85.39280274055439, "epsilon": 0.506083684978163, "gamma": 0.02945847505558643}, "datetime": {"datetime": "2021-09-18 12:27:32", "elapsed": 128.141668, "delta": 1.022007}}
{"target": 0.6904725479241777, "params": {"C": 98.0713225340559, "epsilon": 0.35316542927364225, "gamma": 0.8337704698783879}, "datetime": {"datetime": "2021-09-18 12:27:33", "elapsed": 129.044664, "delta": 0.902996}}
{"target": 0.8977705035060511, "params": {"C": 76.05532826848228, "epsilon": 0.018714848371836953, "gamma": 0.08130783822225522}, "datetime": {"datetime": "2021-09-18 12:27:34", "elapsed": 130.03666, "delta": 0.991996}}
{"target": 0.8635510908558228, "params": {"C": 91.38332641702071, "epsilon": 1.5285250086499311, "gamma": 0.026123834125067292}, "datetime": {"datetime": "2021-09-18 12:27:35", "elapsed": 130.980703, "delta": 0.944043}}
{"target": -0.01565371306564778, "params": {"C": 100.0, "epsilon": 15.216766365546729, "gamma": 1.0}, "datetime": {"datetime": "2021-09-18 12:27:35", "elapsed": 131.944666, "delta": 0.963963}}
{"target": 0.09714984729630693, "params": {"C": 21.010106256503402, "epsilon": 13.154619416850185, "gamma": 0.9781447539557485}, "datetime": {"datetime": "2021-09-18 12:27:36", "elapsed": 132.825663, "delta": 0.880997}}
{"target": 0.04967456152175187, "params": {"C": 10.707940294073861, "epsilon": 14.613841373513926, "gamma": 0.0001}, "datetime": {"datetime": "2021-09-18 12:27:38", "elapsed": 133.969703, "delta": 1.14404}}
{"target": 0.5193277567239891, "params": {"C": 95.08605310561235, "epsilon": 4.904840307130951, "gamma": 0.0001}, "datetime": {"datetime": "2021-09-18 12:27:38", "elapsed": 134.906671, "delta": 0.936968}}
{"target": 0.42284891779204725, "params": {"C": 51.65674670090805, "epsilon": 5.634970873610916, "gamma": 0.0001}, "datetime": {"datetime": "2021-09-18 12:27:39", "elapsed": 135.921661, "delta": 1.01499}}
{"target": 0.6721235785266712, "params": {"C": 52.229404782845194, "epsilon": 8.418553620682232, "gamma": 0.08848554573450526}, "datetime": {"datetime": "2021-09-18 12:27:40", "elapsed": 136.780671, "delta": 0.85901}}
{"target": 0.8346883323673056, "params": {"C": 77.00974243198561, "epsilon": 3.0151358155605914, "gamma": 0.015074342491709601}, "datetime": {"datetime": "2021-09-18 12:27:42", "elapsed": 138.139703, "delta": 1.359032}}
{"target": 0.6860425659497241, "params": {"C": 71.74897181756111, "epsilon": 0.5310349096384176, "gamma": 0.8442348194940236}, "datetime": {"datetime": "2021-09-18 12:27:43", "elapsed": 139.201669, "delta": 1.061966}}
{"target": 0.5023458455155323, "params": {"C": 71.92281291001993, "epsilon": 3.4993094112143854, "gamma": 0.0001}, "datetime": {"datetime": "2021-09-18 12:27:44", "elapsed": 140.276698, "delta": 1.075029}}
{"target": 0.6168899381762059, "params": {"C": 52.9495650116632, "epsilon": 2.1484212945282466, "gamma": 0.9836046503686443}, "datetime": {"datetime": "2021-09-18 12:27:45", "elapsed": 141.28867, "delta": 1.011972}}
{"target": 0.011583286986692198, "params": {"C": 32.390660673879225, "epsilon": 15.491508710123183, "gamma": 0.046029734458747466}, "datetime": {"datetime": "2021-09-18 12:27:46", "elapsed": 142.173706, "delta": 0.885036}}
{"target": 0.6271388065453396, "params": {"C": 99.46453229547562, "epsilon": 1.8654821675207423, "gamma": 0.9685972293560855}, "datetime": {"datetime": "2021-09-18 12:27:47", "elapsed": 143.270705, "delta": 1.096999}}
{"target": 0.468125636552291, "params": {"C": 89.84552117399514, "epsilon": 6.393072532625142, "gamma": 1.0}, "datetime": {"datetime": "2021-09-18 12:27:48", "elapsed": 144.386661, "delta": 1.115956}}
{"target": 0.2121717644293083, "params": {"C": 27.335542900654016, "epsilon": 10.364701924976812, "gamma": 0.0001}, "datetime": {"datetime": "2021-09-18 12:27:49", "elapsed": 145.313669, "delta": 0.927008}}
{"target": 0.8202593153974539, "params": {"C": 64.12091062477158, "epsilon": 5.865562941077629, "gamma": 0.02413007876748063}, "datetime": {"datetime": "2021-09-18 12:27:50", "elapsed": 146.6267, "delta": 1.313031}}
{"target": 0.4836732336431816, "params": {"C": 64.89799760579811, "epsilon": 6.373110280581032, "gamma": 0.9398161552310008}, "datetime": {"datetime": "2021-09-18 12:27:51", "elapsed": 147.543698, "delta": 0.916998}}
{"target": 0.769809892100925, "params": {"C": 62.31691839076967, "epsilon": 5.650809984396679, "gamma": 0.16626045252294064}, "datetime": {"datetime": "2021-09-18 12:27:52", "elapsed": 148.543658, "delta": 0.99996}}
{"target": 0.5229758660283694, "params": {"C": 38.36850013650027, "epsilon": 10.702701150337118, "gamma": 0.053981474088466944}, "datetime": {"datetime": "2021-09-18 12:27:53", "elapsed": 149.541662, "delta": 0.998004}}
{"target": 0.5056324956810478, "params": {"C": 72.94870119069796, "epsilon": 1.250078584037427, "gamma": 0.0001}, "datetime": {"datetime": "2021-09-18 12:27:54", "elapsed": 150.923704, "delta": 1.382042}}
{"target": 0.8834883406639039, "params": {"C": 74.75832599316306, "epsilon": 0.10878904903565045, "gamma": 0.1791058160576614}, "datetime": {"datetime": "2021-09-18 12:27:56", "elapsed": 151.981699, "delta": 1.057995}}
{"target": 0.8270461838974122, "params": {"C": 75.30316673060926, "epsilon": 1.7030067270721445, "gamma": 0.32191443956739146}, "datetime": {"datetime": "2021-09-18 12:27:57", "elapsed": 153.101669, "delta": 1.11997}}
{"target": 0.5318867158379403, "params": {"C": 86.55883155576036, "epsilon": 1.815623067689662, "gamma": 0.0001}, "datetime": {"datetime": "2021-09-18 12:27:58", "elapsed": 154.156664, "delta": 1.054995}}
{"target": 0.6645255091630384, "params": {"C": 61.26029030583221, "epsilon": 0.17119564947592528, "gamma": 0.9280409918277289}, "datetime": {"datetime": "2021-09-18 12:27:59", "elapsed": 155.194698, "delta": 1.038034}}
{"target": 0.8707674922165813, "params": {"C": 41.863398796813456, "epsilon": 0.09784386865345769, "gamma": 0.03721721471308094}, "datetime": {"datetime": "2021-09-18 12:28:00", "elapsed": 156.352669, "delta": 1.157971}}
{"target": 0.3725249512222544, "params": {"C": 42.32454641215707, "epsilon": 6.612582501402449, "gamma": 0.0001}, "datetime": {"datetime": "2021-09-18 12:28:01", "elapsed": 157.342674, "delta": 0.990005}}
{"target": 0.5152525457792629, "params": {"C": 88.03803162391502, "epsilon": 4.5049702587474, "gamma": 0.0001}, "datetime": {"datetime": "2021-09-18 12:28:02", "elapsed": 158.568669, "delta": 1.225995}}
{"target": 0.8845336956429486, "params": {"C": 57.91333814003542, "epsilon": 1.10212187873665, "gamma": 0.058990331891133896}, "datetime": {"datetime": "2021-09-18 12:28:03", "elapsed": 159.953669, "delta": 1.385}}
{"target": 0.7172168830830502, "params": {"C": 84.78319344023376, "epsilon": 1.2477450393204965, "gamma": 0.7062708397778223}, "datetime": {"datetime": "2021-09-18 12:28:05", "elapsed": 161.412705, "delta": 1.459036}}
{"target": 0.4367770396773848, "params": {"C": 50.473323025296146, "epsilon": 0.0001, "gamma": 0.0001}, "datetime": {"datetime": "2021-09-18 12:28:06", "elapsed": 162.501668, "delta": 1.088963}}
{"target": 0.5302987881079114, "params": {"C": 78.89112396712603, "epsilon": 2.8404373636508105, "gamma": 0.0001}, "datetime": {"datetime": "2021-09-18 12:28:07", "elapsed": 163.692668, "delta": 1.191}}
{"target": -0.19704774609678366, "params": {"C": 37.976718103491194, "epsilon": 20.0, "gamma": 0.0001}, "datetime": {"datetime": "2021-09-18 12:28:08", "elapsed": 164.93367, "delta": 1.241002}}
{"target": 0.44027187126565814, "params": {"C": 48.838577733616724, "epsilon": 1.322592265837561, "gamma": 0.0001}, "datetime": {"datetime": "2021-09-18 12:28:10", "elapsed": 166.290706, "delta": 1.357036}}
{"target": 0.8780958408374794, "params": {"C": 47.03707239576686, "epsilon": 1.0496138617334003, "gamma": 0.18696989085394589}, "datetime": {"datetime": "2021-09-18 12:28:11", "elapsed": 167.454669, "delta": 1.163963}}
{"target": 0.6447878532150428, "params": {"C": 48.23202704421237, "epsilon": 2.991672730337191, "gamma": 0.8111723376876205}, "datetime": {"datetime": "2021-09-18 12:28:12", "elapsed": 168.573665, "delta": 1.118996}}
{"target": 0.65975579319226, "params": {"C": 57.247994286609085, "epsilon": 1.7202264193187715, "gamma": 0.8647371505251655}, "datetime": {"datetime": "2021-09-18 12:28:13", "elapsed": 169.525659, "delta": 0.951994}}
{"target": 0.5791922580407212, "params": {"C": 82.67440048327771, "epsilon": 3.9605702869425694, "gamma": 0.9383535451765211}, "datetime": {"datetime": "2021-09-18 12:28:15", "elapsed": 171.079661, "delta": 1.554002}}
{"target": 0.8560861387353011, "params": {"C": 84.43807785254836, "epsilon": 2.4931575339743945, "gamma": 0.029247781199262107}, "datetime": {"datetime": "2021-09-18 12:28:16", "elapsed": 172.469669, "delta": 1.390008}}
{"target": 0.8472399622472981, "params": {"C": 50.092403077145086, "epsilon": 2.7042032701024907, "gamma": 0.02678135872094222}, "datetime": {"datetime": "2021-09-18 12:28:17", "elapsed": 173.603659, "delta": 1.13399}}
{"target": 0.3039205453021161, "params": {"C": 23.335465220025444, "epsilon": 2.6386750184485948, "gamma": 0.0001}, "datetime": {"datetime": "2021-09-18 12:28:18", "elapsed": 174.739662, "delta": 1.136003}}
{"target": 0.6676512419077432, "params": {"C": 41.50126062949, "epsilon": 0.5812244780638939, "gamma": 0.9071443386912543}, "datetime": {"datetime": "2021-09-18 12:28:19", "elapsed": 175.911701, "delta": 1.172039}}
{"target": 0.8836782658087834, "params": {"C": 63.55544327849776, "epsilon": 0.8254721385957373, "gamma": 0.054008643745879145}, "datetime": {"datetime": "2021-09-18 12:28:21", "elapsed": 177.132668, "delta": 1.220967}}
{"target": 0.6347409977607819, "params": {"C": 26.733297684969546, "epsilon": 1.8671900779172634, "gamma": 0.9425399447813431}, "datetime": {"datetime": "2021-09-18 12:28:22", "elapsed": 178.316669, "delta": 1.184001}}
{"target": 0.6131785396684243, "params": {"C": 19.36523821216084, "epsilon": 2.577008366926145, "gamma": 0.8707413151762604}, "datetime": {"datetime": "2021-09-18 12:28:23", "elapsed": 179.568701, "delta": 1.252032}}
{"target": 0.8668040574143083, "params": {"C": 55.40310527347585, "epsilon": 1.135002727453961, "gamma": 0.031624718491347716}, "datetime": {"datetime": "2021-09-18 12:28:24", "elapsed": 180.735663, "delta": 1.166962}}
{"target": 0.8669184177464341, "params": {"C": 62.085002874552906, "epsilon": 1.4454195601294253, "gamma": 0.03266258457374021}, "datetime": {"datetime": "2021-09-18 12:28:25", "elapsed": 181.911664, "delta": 1.176001}}
{"target": 0.7465517223161324, "params": {"C": 21.753732155510065, "epsilon": 6.652332387629853, "gamma": 0.09229885410987854}, "datetime": {"datetime": "2021-09-18 12:28:27", "elapsed": 182.999662, "delta": 1.087998}}
{"target": 0.387255178161489, "params": {"C": 20.5155253111934, "epsilon": 8.091897802596195, "gamma": 0.9863588029764444}, "datetime": {"datetime": "2021-09-18 12:28:28", "elapsed": 184.435012, "delta": 1.43535}}
{"target": -0.1878897699416917, "params": {"C": 46.49457438683796, "epsilon": 20.0, "gamma": 0.0001}, "datetime": {"datetime": "2021-09-18 12:28:29", "elapsed": 185.680012, "delta": 1.245}}
{"target": 0.6248741276419949, "params": {"C": 62.82012663085558, "epsilon": 1.5530842470676784, "gamma": 1.0}, "datetime": {"datetime": "2021-09-18 12:28:30", "elapsed": 186.765013, "delta": 1.085001}}
{"target": 0.6264868381339601, "params": {"C": 66.82589308656291, "epsilon": 1.4691528796817048, "gamma": 1.0}, "datetime": {"datetime": "2021-09-18 12:28:31", "elapsed": 187.866014, "delta": 1.101001}}
{"target": 0.45352658896348563, "params": {"C": 52.4175602687986, "epsilon": 6.882064627879297, "gamma": 0.96414615865283}, "datetime": {"datetime": "2021-09-18 12:28:33", "elapsed": 189.017019, "delta": 1.151005}}
{"target": 0.2695295848263318, "params": {"C": 53.28014907748341, "epsilon": 10.87162951770649, "gamma": 0.0001}, "datetime": {"datetime": "2021-09-18 12:28:34", "elapsed": 190.438051, "delta": 1.421032}}
{"target": 0.10757817129819125, "params": {"C": 77.18418068564844, "epsilon": 13.09024708935438, "gamma": 0.9104574809058166}, "datetime": {"datetime": "2021-09-18 12:28:35", "elapsed": 191.698011, "delta": 1.25996}}
{"target": 0.5095414710308644, "params": {"C": 77.45657864641069, "epsilon": 6.944971683841342, "gamma": 0.7374606034741704}, "datetime": {"datetime": "2021-09-18 12:28:36", "elapsed": 192.804053, "delta": 1.106042}}
{"target": 0.8411837388799754, "params": {"C": 79.20234823278065, "epsilon": 0.042663521674040764, "gamma": 0.008425253528481136}, "datetime": {"datetime": "2021-09-18 12:28:38", "elapsed": 194.136012, "delta": 1.331959}}
{"target": 0.4072807911189733, "params": {"C": 54.30782754684864, "epsilon": 6.610157131687781, "gamma": 0.0001}, "datetime": {"datetime": "2021-09-18 12:28:39", "elapsed": 195.198591, "delta": 1.062579}}
{"target": 0.8813372698100368, "params": {"C": 89.72442914477084, "epsilon": 1.0195414176693283, "gamma": 0.044769789788559555}, "datetime": {"datetime": "2021-09-18 12:28:40", "elapsed": 196.558592, "delta": 1.360001}}
{"target": 0.6399769270192914, "params": {"C": 89.80463685695196, "epsilon": 1.7136473963069254, "gamma": 0.934230214672308}, "datetime": {"datetime": "2021-09-18 12:28:41", "elapsed": 197.90621, "delta": 1.347618}}
{"target": 0.8301144850065277, "params": {"C": 56.70534320694761, "epsilon": 5.66424741088851, "gamma": 0.040644256324176925}, "datetime": {"datetime": "2021-09-18 12:28:43", "elapsed": 199.120959, "delta": 1.214749}}
{"target": -0.013648390002932942, "params": {"C": 92.90941769706777, "epsilon": 15.460183463908105, "gamma": 0.1257212706806153}, "datetime": {"datetime": "2021-09-18 12:28:44", "elapsed": 200.187958, "delta": 1.066999}}
{"target": 0.4639927166304252, "params": {"C": 59.14984754577926, "epsilon": 0.0001, "gamma": 0.0001}, "datetime": {"datetime": "2021-09-18 12:28:45", "elapsed": 201.386241, "delta": 1.198283}}
{"target": 0.848744323657913, "params": {"C": 61.59669821469168, "epsilon": 0.027260280998111983, "gamma": 0.01238106687765589}, "datetime": {"datetime": "2021-09-18 12:28:46", "elapsed": 202.604214, "delta": 1.217973}}
{"target": -0.006209319188551055, "params": {"C": 4.801941104138653, "epsilon": 15.835226299541747, "gamma": 0.0001}, "datetime": {"datetime": "2021-09-18 12:28:47", "elapsed": 203.716796, "delta": 1.112582}}
{"target": 0.43021811379176944, "params": {"C": 32.86924155140838, "epsilon": 8.308533415025, "gamma": 0.7500241087308402}, "datetime": {"datetime": "2021-09-18 12:28:48", "elapsed": 204.959067, "delta": 1.242271}}
{"target": 0.3764587078338397, "params": {"C": 31.72629896550084, "epsilon": 2.267044008588299, "gamma": 0.0001}, "datetime": {"datetime": "2021-09-18 12:28:50", "elapsed": 206.173482, "delta": 1.214415}}
{"target": 0.7970633103051945, "params": {"C": 30.52162500211665, "epsilon": 3.693502387972648, "gamma": 0.2678830217287715}, "datetime": {"datetime": "2021-09-18 12:28:51", "elapsed": 207.365706, "delta": 1.192224}}
{"target": 0.8591066081211618, "params": {"C": 30.19579727356392, "epsilon": 2.700347742287047, "gamma": 0.049857208735430425}, "datetime": {"datetime": "2021-09-18 12:28:52", "elapsed": 208.472733, "delta": 1.107027}}
