{"target": -12.253504662246957, "params": {"C": 115.50405888168831, "epsilon": 0.0839350687019933, "gamma": 0.12478720905927965}, "datetime": {"datetime": "2021-09-27 18:27:01", "elapsed": 505.206381, "delta": 3.282042}}
{"target": -12.364366799111526, "params": {"C": 182.50404621971958, "epsilon": 0.316164595776975, "gamma": 0.002211022754432658}, "datetime": {"datetime": "2021-09-27 18:27:05", "elapsed": 509.630602, "delta": 4.424221}}
{"target": -10.336291192570776, "params": {"C": 115.59295125748537, "epsilon": 0.3121018708475794, "gamma": 0.040113462147345735}, "datetime": {"datetime": "2021-09-27 18:27:09", "elapsed": 513.267557, "delta": 3.636955}}
{"target": -10.903369774795683, "params": {"C": 115.67934580082229, "epsilon": 0.41227702303217967, "gamma": 0.08263393576420112}, "datetime": {"datetime": "2021-09-27 18:27:12", "elapsed": 516.458415, "delta": 3.190858}}
{"target": -10.510307438800796, "params": {"C": 115.49275107232799, "epsilon": 0.35932260954637857, "gamma": 0.06158782242192231}, "datetime": {"datetime": "2021-09-27 18:27:15", "elapsed": 519.637041, "delta": 3.178626}}
{"target": -13.846536167660755, "params": {"C": 103.63218571215545, "epsilon": 0.2202293417503295, "gamma": 0.2332190634378824}, "datetime": {"datetime": "2021-09-27 18:27:17", "elapsed": 521.610522, "delta": 1.973481}}
{"target": -10.340980180741727, "params": {"C": 140.80027059839247, "epsilon": 0.24882990268342264, "gamma": 0.051548674097247456}, "datetime": {"datetime": "2021-09-27 18:27:19", "elapsed": 523.610315, "delta": 1.999793}}
{"target": -10.487405253726633, "params": {"C": 115.59238113289301, "epsilon": 0.40752261326663575, "gamma": 0.059521681168911156}, "datetime": {"datetime": "2021-09-27 18:27:23", "elapsed": 527.495377, "delta": 3.885062}}
{"target": -15.11582924392387, "params": {"C": 181.76331107354292, "epsilon": 0.006440568533311484, "gamma": 0.39453521169479866}, "datetime": {"datetime": "2021-09-27 18:27:25", "elapsed": 529.729257, "delta": 2.23388}}
{"target": -11.03560661307446, "params": {"C": 140.81353584804867, "epsilon": 0.20466324022363133, "gamma": 0.08437403046967543}, "datetime": {"datetime": "2021-09-27 18:27:28", "elapsed": 532.952923, "delta": 3.223666}}
{"target": -11.549950144759736, "params": {"C": 282.8837769470316, "epsilon": 0.16918403914934851, "gamma": 0.058595568543949456}, "datetime": {"datetime": "2021-09-27 18:27:30", "elapsed": 535.05019, "delta": 2.097267}}
{"target": -11.58660130477319, "params": {"C": 115.56081734519942, "epsilon": 0.3210179437713004, "gamma": 0.10654865502628677}, "datetime": {"datetime": "2021-09-27 18:27:34", "elapsed": 538.3421, "delta": 3.29191}}
{"target": -14.490649559025584, "params": {"C": 115.54812163868603, "epsilon": 0.3660158040170979, "gamma": 0.001}, "datetime": {"datetime": "2021-09-27 18:27:38", "elapsed": 542.12542, "delta": 3.78332}}
{"target": -11.987445959932915, "params": {"C": 115.51282843522318, "epsilon": 0.38444644591901245, "gamma": 0.11557033347500753}, "datetime": {"datetime": "2021-09-27 18:27:41", "elapsed": 545.439562, "delta": 3.314142}}
{"target": -11.21390490536868, "params": {"C": 243.9202228642984, "epsilon": 0.3831508558062785, "gamma": 0.05773452610773356}, "datetime": {"datetime": "2021-09-27 18:27:43", "elapsed": 547.213674, "delta": 1.774112}}
{"target": -10.746925893123214, "params": {"C": 115.45939263360717, "epsilon": 0.25419206962370433, "gamma": 0.07264490477458227}, "datetime": {"datetime": "2021-09-27 18:27:46", "elapsed": 550.204087, "delta": 2.990413}}
{"target": -10.371015502052455, "params": {"C": 115.63972878532917, "epsilon": 0.4600726963270378, "gamma": 0.03849214380573912}, "datetime": {"datetime": "2021-09-27 18:27:50", "elapsed": 554.879307, "delta": 4.67522}}
{"target": -14.851892587640966, "params": {"C": 142.6232339482381, "epsilon": 0.1836468244145187, "gamma": 0.3457286395920773}, "datetime": {"datetime": "2021-09-27 18:27:52", "elapsed": 556.798157, "delta": 1.91885}}
{"target": -10.774257321287244, "params": {"C": 140.86928150726158, "epsilon": 0.2658294658043225, "gamma": 0.06614457219329926}, "datetime": {"datetime": "2021-09-27 18:27:57", "elapsed": 561.310997, "delta": 4.51284}}
{"target": -10.885657883254424, "params": {"C": 115.38391465171985, "epsilon": 0.1681591619667654, "gamma": 0.08007163654071885}, "datetime": {"datetime": "2021-09-27 18:28:00", "elapsed": 564.350969, "delta": 3.039972}}
{"target": -15.057996580662945, "params": {"C": 111.85992982088497, "epsilon": 0.4767288204823374, "gamma": 0.3843598989974259}, "datetime": {"datetime": "2021-09-27 18:28:02", "elapsed": 566.452297, "delta": 2.101328}}
{"target": -12.372995049084548, "params": {"C": 140.7612942715016, "epsilon": 0.2616172694492638, "gamma": 0.11928744471235765}, "datetime": {"datetime": "2021-09-27 18:28:05", "elapsed": 569.739673, "delta": 3.287376}}
{"target": -10.914889281225761, "params": {"C": 115.42228722577015, "epsilon": 0.3044127022839554, "gamma": 0.08151107970772324}, "datetime": {"datetime": "2021-09-27 18:28:10", "elapsed": 574.729714, "delta": 4.990041}}
{"target": -11.66783307276525, "params": {"C": 115.58372504331204, "epsilon": 0.2395547942116093, "gamma": 0.005080617185840276}, "datetime": {"datetime": "2021-09-27 18:28:13", "elapsed": 577.94648, "delta": 3.216766}}
{"target": -15.00015001028582, "params": {"C": 140.19082637462935, "epsilon": 0.2114812772997573, "gamma": 0.37215438855576927}, "datetime": {"datetime": "2021-09-27 18:28:15", "elapsed": 580.019699, "delta": 2.073219}}
{"target": -11.197423477945716, "params": {"C": 115.46768204539926, "epsilon": 0.1505110658780159, "gamma": 0.017664590923722696}, "datetime": {"datetime": "2021-09-27 18:28:20", "elapsed": 584.255682, "delta": 4.235983}}
{"target": -10.525363101482748, "params": {"C": 133.16257061435635, "epsilon": 0.42630487546088425, "gamma": 0.055366740911594714}, "datetime": {"datetime": "2021-09-27 18:28:22", "elapsed": 586.643274, "delta": 2.387592}}
{"target": -13.105840980197367, "params": {"C": 133.18643831521013, "epsilon": 0.368036705975954, "gamma": 0.0018893081029478002}, "datetime": {"datetime": "2021-09-27 18:28:26", "elapsed": 590.355875, "delta": 3.712601}}
{"target": -12.103641113788333, "params": {"C": 133.05348908199912, "epsilon": 0.40580401980806774, "gamma": 0.11292739683521512}, "datetime": {"datetime": "2021-09-27 18:28:30", "elapsed": 594.357834, "delta": 4.001959}}
{"target": -11.491596033859146, "params": {"C": 115.29297578232034, "epsilon": 0.11504473482529612, "gamma": 0.10089864039104707}, "datetime": {"datetime": "2021-09-27 18:28:34", "elapsed": 598.443215, "delta": 4.085381}}
{"target": -11.546946570186183, "params": {"C": 140.84969739437625, "epsilon": 0.20390746409394642, "gamma": 0.010620926028448704}, "datetime": {"datetime": "2021-09-27 18:28:40", "elapsed": 604.444492, "delta": 6.001277}}
{"target": -13.07019009005628, "params": {"C": 133.16822164095367, "epsilon": 0.47943216929341526, "gamma": 0.14779503035672117}, "datetime": {"datetime": "2021-09-27 18:28:45", "elapsed": 609.222171, "delta": 4.777679}}
{"target": -10.967109540129497, "params": {"C": 115.70601077702827, "epsilon": 0.3851283285800444, "gamma": 0.017901871232313918}, "datetime": {"datetime": "2021-09-27 18:28:49", "elapsed": 613.547888, "delta": 4.325717}}
{"target": -14.722185819825299, "params": {"C": 122.24635369772822, "epsilon": 0.26387534286425396, "gamma": 0.3291836394433827}, "datetime": {"datetime": "2021-09-27 18:28:51", "elapsed": 615.81198, "delta": 2.264092}}
{"target": -11.509478016604895, "params": {"C": 115.7862123613458, "epsilon": 0.4315732481162217, "gamma": 0.010481836875828866}, "datetime": {"datetime": "2021-09-27 18:28:55", "elapsed": 619.215516, "delta": 3.403536}}
{"target": -10.842334970753317, "params": {"C": 115.66811750752004, "epsilon": 0.33980638750483555, "gamma": 0.07833852079425122}, "datetime": {"datetime": "2021-09-27 18:28:59", "elapsed": 623.431092, "delta": 4.215576}}
{"target": -11.315049657715749, "params": {"C": 135.2896996196123, "epsilon": 0.015135684766731607, "gamma": 0.015554045194316617}, "datetime": {"datetime": "2021-09-27 18:29:01", "elapsed": 625.354778, "delta": 1.923686}}
{"target": -11.347606740941725, "params": {"C": 115.3835800291905, "epsilon": 0.23660483172863678, "gamma": 0.013722108827404522}, "datetime": {"datetime": "2021-09-27 18:29:04", "elapsed": 628.484193, "delta": 3.129415}}
{"target": -10.824538548776976, "params": {"C": 115.60605506194838, "epsilon": 0.47898002669213235, "gamma": 0.07119796500252427}, "datetime": {"datetime": "2021-09-27 18:29:07", "elapsed": 631.977562, "delta": 3.493369}}
{"target": -11.16564289042246, "params": {"C": 110.10883417036268, "epsilon": 0.01875681559202025, "gamma": 0.03046372339621124}, "datetime": {"datetime": "2021-09-27 18:29:13", "elapsed": 637.558181, "delta": 5.580619}}
{"target": -11.12249213808274, "params": {"C": 110.40931781608853, "epsilon": 0.020768064887735874, "gamma": 0.02504850352365102}, "datetime": {"datetime": "2021-09-27 18:29:15", "elapsed": 639.797608, "delta": 2.239427}}
{"target": -12.104648426689794, "params": {"C": 115.7711305440667, "epsilon": 0.30227994255742413, "gamma": 0.11975206857762426}, "datetime": {"datetime": "2021-09-27 18:29:20", "elapsed": 644.887575, "delta": 5.089967}}
{"target": -12.006007475776839, "params": {"C": 115.327081606533, "epsilon": 0.25981931793543556, "gamma": 0.11792091472952078}, "datetime": {"datetime": "2021-09-27 18:29:25", "elapsed": 649.516953, "delta": 4.629378}}
{"target": -10.913863641546588, "params": {"C": 110.27755907292843, "epsilon": 0.1934383821932613, "gamma": 0.032161906466538305}, "datetime": {"datetime": "2021-09-27 18:29:29", "elapsed": 653.399691, "delta": 3.882738}}
{"target": -10.916350158817282, "params": {"C": 150.91126652104953, "epsilon": 0.45759987249714856, "gamma": 0.019289223855599797}, "datetime": {"datetime": "2021-09-27 18:29:31", "elapsed": 655.823204, "delta": 2.423513}}
{"target": -11.590264724449147, "params": {"C": 182.62280396737054, "epsilon": 0.16621270157068377, "gamma": 0.006316613404530541}, "datetime": {"datetime": "2021-09-27 18:29:35", "elapsed": 659.580727, "delta": 3.757523}}
{"target": -11.045310785428313, "params": {"C": 115.36596349513945, "epsilon": 0.10637960347706668, "gamma": 0.03126702339737505}, "datetime": {"datetime": "2021-09-27 18:29:39", "elapsed": 663.516479, "delta": 3.935752}}
{"target": -14.001872167554252, "params": {"C": 162.33573167112937, "epsilon": 0.3193220054067359, "gamma": 0.0011008460976839982}, "datetime": {"datetime": "2021-09-27 18:29:41", "elapsed": 665.451383, "delta": 1.934904}}
{"target": -11.509962399534427, "params": {"C": 115.83682242945667, "epsilon": 0.1490611504813385, "gamma": 0.012067154090269677}, "datetime": {"datetime": "2021-09-27 18:29:46", "elapsed": 670.461205, "delta": 5.009822}}
{"target": -11.101263970365883, "params": {"C": 115.58745039727954, "epsilon": 0.15181214593383, "gamma": 0.018707983226481914}, "datetime": {"datetime": "2021-09-27 18:29:53", "elapsed": 677.063296, "delta": 6.602091}}
{"target": -11.264254352796115, "params": {"C": 162.31915004234565, "epsilon": 0.28166004879359546, "gamma": 0.09068835389405855}, "datetime": {"datetime": "2021-09-27 18:29:57", "elapsed": 681.643174, "delta": 4.579878}}
{"target": -11.311489491113864, "params": {"C": 200.98678872462102, "epsilon": 0.3897121914079255, "gamma": 0.08685993946563417}, "datetime": {"datetime": "2021-09-27 18:30:00", "elapsed": 684.208426, "delta": 2.565252}}
{"target": -11.513837323315812, "params": {"C": 110.34440708304778, "epsilon": 0.21198090957512447, "gamma": 0.10443517457564845}, "datetime": {"datetime": "2021-09-27 18:30:04", "elapsed": 688.719735, "delta": 4.511309}}
{"target": -11.182665492452177, "params": {"C": 115.55169138553158, "epsilon": 0.004828558871107831, "gamma": 0.030905372600216686}, "datetime": {"datetime": "2021-09-27 18:30:08", "elapsed": 692.822382, "delta": 4.102647}}
{"target": -14.954810302445907, "params": {"C": 199.65187855121928, "epsilon": 0.3878717838956532, "gamma": 0.3223865667313742}, "datetime": {"datetime": "2021-09-27 18:30:10", "elapsed": 695.036186, "delta": 2.213804}}
{"target": -15.079044307982628, "params": {"C": 290.60712624464065, "epsilon": 0.047754820056618234, "gamma": 0.35803209368800415}, "datetime": {"datetime": "2021-09-27 18:30:13", "elapsed": 697.590188, "delta": 2.554002}}
{"target": -14.376285604536315, "params": {"C": 115.79693883112888, "epsilon": 0.26049946834993226, "gamma": 0.001}, "datetime": {"datetime": "2021-09-27 18:30:17", "elapsed": 701.463831, "delta": 3.873643}}
{"target": -11.41955629559264, "params": {"C": 110.17454813817564, "epsilon": 0.00020412294430039888, "gamma": 0.009926025752218064}, "datetime": {"datetime": "2021-09-27 18:30:21", "elapsed": 705.806451, "delta": 4.34262}}
{"target": -14.50958365845845, "params": {"C": 153.18660645779582, "epsilon": 0.30151258127423475, "gamma": 0.27648815208679667}, "datetime": {"datetime": "2021-09-27 18:30:24", "elapsed": 708.357007, "delta": 2.550556}}
{"target": -10.319227411833651, "params": {"C": 154.87243514079597, "epsilon": 0.29019562945623595, "gamma": 0.046476786236705744}, "datetime": {"datetime": "2021-09-27 18:30:28", "elapsed": 712.613359, "delta": 4.256352}}
{"target": -14.961071220633274, "params": {"C": 244.42576027397166, "epsilon": 0.042808998179343735, "gamma": 0.3174077686692868}, "datetime": {"datetime": "2021-09-27 18:30:31", "elapsed": 715.233814, "delta": 2.620455}}
{"target": -14.861674869112221, "params": {"C": 242.45982984775947, "epsilon": 0.21077858702287516, "gamma": 0.26040352093329955}, "datetime": {"datetime": "2021-09-27 18:30:33", "elapsed": 717.73566, "delta": 2.501846}}
{"target": -10.243804522048624, "params": {"C": 115.40288350458906, "epsilon": 0.3910342819243378, "gamma": 0.04102204862142972}, "datetime": {"datetime": "2021-09-27 18:30:37", "elapsed": 721.551708, "delta": 3.816048}}
{"target": -12.284638371114376, "params": {"C": 115.33257412328419, "epsilon": 0.4068673094755338, "gamma": 0.12331438031539162}, "datetime": {"datetime": "2021-09-27 18:30:41", "elapsed": 725.915398, "delta": 4.36369}}
{"target": -11.02246369977284, "params": {"C": 165.39258588197646, "epsilon": 0.3115821016345417, "gamma": 0.0704174434737067}, "datetime": {"datetime": "2021-09-27 18:30:46", "elapsed": 730.275692, "delta": 4.360294}}
{"target": -11.35858390972521, "params": {"C": 242.31990392430487, "epsilon": 0.46867174246113713, "gamma": 0.08090530695929761}, "datetime": {"datetime": "2021-09-27 18:30:48", "elapsed": 732.966558, "delta": 2.690866}}
{"target": -11.126259665073249, "params": {"C": 110.03805938328884, "epsilon": 0.4324360632702681, "gamma": 0.09658585173754226}, "datetime": {"datetime": "2021-09-27 18:30:54", "elapsed": 738.335009, "delta": 5.368451}}
{"target": -10.969645063113745, "params": {"C": 115.4458474197374, "epsilon": 0.3714224937760822, "gamma": 0.026272970172751955}, "datetime": {"datetime": "2021-09-27 18:30:58", "elapsed": 742.13761, "delta": 3.802601}}
{"target": -11.36825171216517, "params": {"C": 204.2963286336638, "epsilon": 0.2551145972126842, "gamma": 0.01322110228956615}, "datetime": {"datetime": "2021-09-27 18:31:00", "elapsed": 744.64758, "delta": 2.50997}}
{"target": -15.004140571614775, "params": {"C": 272.87129727472137, "epsilon": 0.30802621886448656, "gamma": 0.27509998209983466}, "datetime": {"datetime": "2021-09-27 18:31:03", "elapsed": 747.290579, "delta": 2.642999}}
{"target": -13.472570325626496, "params": {"C": 184.59997199307054, "epsilon": 0.17122300226937906, "gamma": 0.14409885325324062}, "datetime": {"datetime": "2021-09-27 18:31:05", "elapsed": 749.979425, "delta": 2.688846}}
{"target": -10.381325901241835, "params": {"C": 115.62786123909406, "epsilon": 0.2683740093715931, "gamma": 0.059530743108262306}, "datetime": {"datetime": "2021-09-27 18:31:12", "elapsed": 756.233218, "delta": 6.253793}}
{"target": -14.17056352492857, "params": {"C": 154.9246700213353, "epsilon": 0.246816182003321, "gamma": 0.001}, "datetime": {"datetime": "2021-09-27 18:31:18", "elapsed": 762.096998, "delta": 5.86378}}
{"target": -14.635882776125062, "params": {"C": 248.5514190050726, "epsilon": 0.40015446257235204, "gamma": 0.21734569701765763}, "datetime": {"datetime": "2021-09-27 18:31:20", "elapsed": 764.908933, "delta": 2.811935}}
{"target": -14.028306633041346, "params": {"C": 153.49402045204826, "epsilon": 0.13902759786734784, "gamma": 0.2318701897574117}, "datetime": {"datetime": "2021-09-27 18:31:23", "elapsed": 767.625711, "delta": 2.716778}}
{"target": -11.2774837185323, "params": {"C": 135.1661333353526, "epsilon": 0.049215164919679644, "gamma": 0.02423816132689827}, "datetime": {"datetime": "2021-09-27 18:31:26", "elapsed": 770.431343, "delta": 2.805632}}
{"target": -10.985412401254061, "params": {"C": 277.62243517466743, "epsilon": 0.41204336458233193, "gamma": 0.04560127908971527}, "datetime": {"datetime": "2021-09-27 18:31:29", "elapsed": 773.231619, "delta": 2.800276}}
{"target": -11.166282864512626, "params": {"C": 162.33180805419806, "epsilon": 0.26966320636334057, "gamma": 0.024131190880786624}, "datetime": {"datetime": "2021-09-27 18:31:36", "elapsed": 780.115197, "delta": 6.883578}}
{"target": -14.158088950490816, "params": {"C": 127.05556198564236, "epsilon": 0.19392480183667743, "gamma": 0.2699606847874674}, "datetime": {"datetime": "2021-09-27 18:31:38", "elapsed": 782.588943, "delta": 2.473746}}
{"target": -11.534523628605992, "params": {"C": 222.1042869431509, "epsilon": 0.11960711384507525, "gamma": 0.07902053479107196}, "datetime": {"datetime": "2021-09-27 18:31:41", "elapsed": 785.233216, "delta": 2.644273}}
{"target": -12.737966919399602, "params": {"C": 154.93931232075204, "epsilon": 0.3131594275502092, "gamma": 0.1237895311629316}, "datetime": {"datetime": "2021-09-27 18:31:45", "elapsed": 789.845943, "delta": 4.612727}}
{"target": -10.286336128831111, "params": {"C": 115.72839504395655, "epsilon": 0.48079075411115146, "gamma": 0.05085106822883372}, "datetime": {"datetime": "2021-09-27 18:31:49", "elapsed": 793.585759, "delta": 3.739816}}
{"target": -10.498999304700297, "params": {"C": 108.25229788582263, "epsilon": 0.3970537913872449, "gamma": 0.06267719284487665}, "datetime": {"datetime": "2021-09-27 18:31:52", "elapsed": 796.120014, "delta": 2.534255}}
{"target": -14.94575317172112, "params": {"C": 264.77985564534293, "epsilon": 0.38359762263673214, "gamma": 0.3501944476129334}, "datetime": {"datetime": "2021-09-27 18:31:54", "elapsed": 798.800831, "delta": 2.680817}}
{"target": -10.354712750858234, "params": {"C": 133.08344520755475, "epsilon": 0.47715093176164675, "gamma": 0.048883661598242006}, "datetime": {"datetime": "2021-09-27 18:31:59", "elapsed": 803.528675, "delta": 4.727844}}
{"target": -10.150284587950331, "params": {"C": 108.32676822785037, "epsilon": 0.3798206696268098, "gamma": 0.05215913009125884}, "datetime": {"datetime": "2021-09-27 18:32:04", "elapsed": 808.340088, "delta": 4.811413}}
{"target": -11.374889181370031, "params": {"C": 219.20248765967258, "epsilon": 0.42759689016893226, "gamma": 0.08493179973333995}, "datetime": {"datetime": "2021-09-27 18:32:06", "elapsed": 810.889329, "delta": 2.549241}}
{"target": -10.278893042006224, "params": {"C": 133.14848825073796, "epsilon": 0.4800926519401558, "gamma": 0.04492314943382099}, "datetime": {"datetime": "2021-09-27 18:32:11", "elapsed": 815.121937, "delta": 4.232608}}
{"target": -10.400433167435775, "params": {"C": 162.4205707913457, "epsilon": 0.2781505079259338, "gamma": 0.04720554983859228}, "datetime": {"datetime": "2021-09-27 18:32:15", "elapsed": 819.887903, "delta": 4.765966}}
{"target": -11.477398163359895, "params": {"C": 108.24884651565839, "epsilon": 0.43466329404778825, "gamma": 0.011145044925209322}, "datetime": {"datetime": "2021-09-27 18:32:19", "elapsed": 823.941921, "delta": 4.054018}}
{"target": -13.325797295231432, "params": {"C": 108.36255505165111, "epsilon": 0.3748486483909036, "gamma": 0.17181191026456186}, "datetime": {"datetime": "2021-09-27 18:32:24", "elapsed": 828.103444, "delta": 4.161523}}
{"target": -14.111547320149507, "params": {"C": 191.60412798498038, "epsilon": 0.33339281052075104, "gamma": 0.2080944204139072}, "datetime": {"datetime": "2021-09-27 18:32:26", "elapsed": 830.916686, "delta": 2.813242}}
{"target": -10.15864920799379, "params": {"C": 110.12963429892055, "epsilon": 0.4712183396526323, "gamma": 0.04778084743178238}, "datetime": {"datetime": "2021-09-27 18:32:30", "elapsed": 834.943909, "delta": 4.027223}}
{"target": -13.846394519773867, "params": {"C": 133.4697995406898, "epsilon": 0.1993664483085278, "gamma": 0.21552970162048965}, "datetime": {"datetime": "2021-09-27 18:32:33", "elapsed": 837.692106, "delta": 2.748197}}
{"target": -10.276793786207213, "params": {"C": 115.45779337366271, "epsilon": 0.45362143824125195, "gamma": 0.04224772370633207}, "datetime": {"datetime": "2021-09-27 18:32:38", "elapsed": 842.302048, "delta": 4.609942}}
{"target": -10.717799049089729, "params": {"C": 115.53506002176404, "epsilon": 0.4739250018340659, "gamma": 0.06574428334080681}, "datetime": {"datetime": "2021-09-27 18:32:43", "elapsed": 847.576043, "delta": 5.273995}}
{"target": -11.014952103829142, "params": {"C": 110.17672539924924, "epsilon": 0.49795996415259175, "gamma": 0.01726153732137421}, "datetime": {"datetime": "2021-09-27 18:32:49", "elapsed": 853.078128, "delta": 5.502085}}
{"target": -10.694419904171482, "params": {"C": 165.55596763865148, "epsilon": 0.4116290548163958, "gamma": 0.02955987208835352}, "datetime": {"datetime": "2021-09-27 18:32:51", "elapsed": 855.619339, "delta": 2.541211}}
{"target": -10.862640614549697, "params": {"C": 182.57276712758147, "epsilon": 0.20904946989988366, "gamma": 0.05581623832875711}, "datetime": {"datetime": "2021-09-27 18:32:54", "elapsed": 858.46768, "delta": 2.848341}}
