{"target": -5.640647208380797, "params": {"C": 24.677541367337078, "epsilon": 0.001, "gamma": 3.0}, "datetime": {"datetime": "2021-09-18 09:00:12", "elapsed": 999.629851, "delta": 7.751772}}
{"target": -8.41669574818136, "params": {"C": 19.710968385399056, "epsilon": 12.422158443728526, "gamma": 3.0}, "datetime": {"datetime": "2021-09-18 09:00:19", "elapsed": 1006.915473, "delta": 7.285622}}
{"target": -8.852221132183583, "params": {"C": 13.652340868207963, "epsilon": 14.360215782957162, "gamma": 3.0}, "datetime": {"datetime": "2021-09-18 09:00:24", "elapsed": 1012.098008, "delta": 5.182535}}
{"target": -3.3012326879363996, "params": {"C": 30.224855059057568, "epsilon": 3.287298925943345, "gamma": 0.3808883001188978}, "datetime": {"datetime": "2021-09-18 09:00:29", "elapsed": 1016.770098, "delta": 4.67209}}
{"target": -6.438264534150442, "params": {"C": 49.707017273404176, "epsilon": 11.008263457154277, "gamma": 0.014570386215742104}, "datetime": {"datetime": "2021-09-18 09:00:34", "elapsed": 1021.79252, "delta": 5.022422}}
{"target": -9.319078947368421, "params": {"C": 24.766743114876373, "epsilon": 27.155747663655486, "gamma": 0.0001}, "datetime": {"datetime": "2021-09-18 09:00:38", "elapsed": 1025.706006, "delta": 3.913486}}
{"target": -6.933104117428066, "params": {"C": 33.48558774473963, "epsilon": 10.864210779546955, "gamma": 0.0001}, "datetime": {"datetime": "2021-09-18 09:00:42", "elapsed": 1030.073212, "delta": 4.367206}}
{"target": -3.9140485222258463, "params": {"C": 23.3327392232516, "epsilon": 2.452242589370577, "gamma": 0.7657775678308535}, "datetime": {"datetime": "2021-09-18 09:00:48", "elapsed": 1035.603528, "delta": 5.530316}}
{"target": -6.348847250180836, "params": {"C": 23.9061432722907, "epsilon": 3.547903623757093, "gamma": 2.9998588046325096}, "datetime": {"datetime": "2021-09-18 09:00:52", "elapsed": 1040.200853, "delta": 4.597325}}
{"target": -4.232339195204103, "params": {"C": 45.17963850423602, "epsilon": 4.3454779714225245, "gamma": 0.5648196557724411}, "datetime": {"datetime": "2021-09-18 09:00:59", "elapsed": 1046.896953, "delta": 6.6961}}
{"target": -3.789386638369186, "params": {"C": 37.648421616146514, "epsilon": 6.891881867280826, "gamma": 0.041994066303110894}, "datetime": {"datetime": "2021-09-18 09:01:03", "elapsed": 1051.275006, "delta": 4.378053}}
{"target": -3.953719964171361, "params": {"C": 7.172446364317602, "epsilon": 6.673216173638874, "gamma": 0.03144383262873638}, "datetime": {"datetime": "2021-09-18 09:01:08", "elapsed": 1055.400126, "delta": 4.12512}}
{"target": -3.1760916841576914, "params": {"C": 26.0469296593968, "epsilon": 0.001, "gamma": 0.6519151669204298}, "datetime": {"datetime": "2021-09-18 09:01:12", "elapsed": 1060.298887, "delta": 4.898761}}
{"target": -2.218497793071136, "params": {"C": 39.80938909298787, "epsilon": 0.42099263810809223, "gamma": 0.03345552502812355}, "datetime": {"datetime": "2021-09-18 09:01:20", "elapsed": 1067.518543, "delta": 7.219656}}
{"target": -6.545238284583802, "params": {"C": 24.58159897301994, "epsilon": 8.769394125607448, "gamma": 0.0001}, "datetime": {"datetime": "2021-09-18 09:01:24", "elapsed": 1071.464594, "delta": 3.946051}}
{"target": -5.502591926733395, "params": {"C": 6.608573921155912, "epsilon": 5.45164539114122, "gamma": 0.7895760973988944}, "datetime": {"datetime": "2021-09-18 09:01:28", "elapsed": 1075.66227, "delta": 4.197676}}
{"target": -6.3986564921605, "params": {"C": 7.073835353854447, "epsilon": 7.402322256739926, "gamma": 1.0773975472299098}, "datetime": {"datetime": "2021-09-18 09:01:32", "elapsed": 1079.792513, "delta": 4.130243}}
{"target": -4.937748814545831, "params": {"C": 37.90945071916099, "epsilon": 0.5788861624955614, "gamma": 0.0001}, "datetime": {"datetime": "2021-09-18 09:01:36", "elapsed": 1084.243576, "delta": 4.451063}}
{"target": -3.7414747287308456, "params": {"C": 38.02781386301145, "epsilon": 0.1430178502115797, "gamma": 0.9082798280128549}, "datetime": {"datetime": "2021-09-18 09:01:43", "elapsed": 1090.680519, "delta": 6.436943}}
{"target": -3.358614676154228, "params": {"C": 37.33397155970758, "epsilon": 0.08999496510011072, "gamma": 0.7191455138207065}, "datetime": {"datetime": "2021-09-18 09:01:47", "elapsed": 1095.151518, "delta": 4.470999}}
{"target": -4.4525280259848445, "params": {"C": 38.52080778512529, "epsilon": 2.120078832057486, "gamma": 1.1240186520724316}, "datetime": {"datetime": "2021-09-18 09:01:52", "elapsed": 1100.015388, "delta": 4.86387}}
{"target": -5.02020965751652, "params": {"C": 37.43166557702682, "epsilon": 1.1999511722552518, "gamma": 1.8040535621650877}, "datetime": {"datetime": "2021-09-18 09:01:57", "elapsed": 1104.331704, "delta": 4.316316}}
{"target": -4.17409622471954, "params": {"C": 13.041955850273414, "epsilon": 0.9792270591419897, "gamma": 0.8683363647354095}, "datetime": {"datetime": "2021-09-18 09:02:03", "elapsed": 1111.136212, "delta": 6.804508}}
{"target": -8.390682996785484, "params": {"C": 43.370723320826116, "epsilon": 12.345286150665086, "gamma": 2.8851747206878104}, "datetime": {"datetime": "2021-09-18 09:02:10", "elapsed": 1117.880274, "delta": 6.744062}}
{"target": -8.744105937280061, "params": {"C": 42.415505759834176, "epsilon": 16.75906700303615, "gamma": 0.0001}, "datetime": {"datetime": "2021-09-18 09:02:14", "elapsed": 1122.235624, "delta": 4.35535}}
{"target": -5.614983130626861, "params": {"C": 15.187320255272992, "epsilon": 5.28590659597971, "gamma": 1.1302370114098306}, "datetime": {"datetime": "2021-09-18 09:02:19", "elapsed": 1126.617635, "delta": 4.382011}}
{"target": -6.065613518288794, "params": {"C": 36.24531736690236, "epsilon": 7.549416363040707, "gamma": 0.0001}, "datetime": {"datetime": "2021-09-18 09:02:23", "elapsed": 1131.064713, "delta": 4.447078}}
{"target": -9.76136142410216, "params": {"C": 50.0, "epsilon": 20.634186816912123, "gamma": 0.0001}, "datetime": {"datetime": "2021-09-18 09:02:28", "elapsed": 1135.724405, "delta": 4.659692}}
{"target": -3.3316379358822013, "params": {"C": 42.60759274829497, "epsilon": 1.5321055575098195, "gamma": 0.6039236757005664}, "datetime": {"datetime": "2021-09-18 09:02:32", "elapsed": 1140.271549, "delta": 4.547144}}
{"target": -2.1732488681406967, "params": {"C": 44.41987965113355, "epsilon": 0.6610731001192912, "gamma": 0.11251113045016295}, "datetime": {"datetime": "2021-09-18 09:02:38", "elapsed": 1145.889707, "delta": 5.618158}}
{"target": -5.610484002467953, "params": {"C": 40.11667179678635, "epsilon": 0.001, "gamma": 3.0}, "datetime": {"datetime": "2021-09-18 09:02:43", "elapsed": 1150.57265, "delta": 4.682943}}
{"target": -5.8751006927874245, "params": {"C": 28.372490305472397, "epsilon": 1.6039203606405328, "gamma": 2.9827247850481475}, "datetime": {"datetime": "2021-09-18 09:02:47", "elapsed": 1155.003373, "delta": 4.430723}}
{"target": -4.972807217620171, "params": {"C": 49.02652869830466, "epsilon": 3.538519414765355, "gamma": 0.0001}, "datetime": {"datetime": "2021-09-18 09:02:53", "elapsed": 1160.333702, "delta": 5.330329}}
{"target": -3.6215915214899717, "params": {"C": 44.139714794544524, "epsilon": 0.19883982468650807, "gamma": 0.8400241819000551}, "datetime": {"datetime": "2021-09-18 09:02:57", "elapsed": 1164.798092, "delta": 4.46439}}
{"target": -9.319078947368421, "params": {"C": 50.0, "epsilon": 30.0, "gamma": 0.0001}, "datetime": {"datetime": "2021-09-18 09:03:03", "elapsed": 1171.218042, "delta": 6.41995}}
{"target": -5.703686800756009, "params": {"C": 28.036838186460457, "epsilon": 5.642013591620271, "gamma": 0.0001}, "datetime": {"datetime": "2021-09-18 09:03:08", "elapsed": 1175.505505, "delta": 4.287463}}
{"target": -5.370403591005392, "params": {"C": 10.022656301384961, "epsilon": 1.9046402197413355, "gamma": 1.640372358857335}, "datetime": {"datetime": "2021-09-18 09:03:13", "elapsed": 1180.489061, "delta": 4.983556}}
{"target": -5.363397253751833, "params": {"C": 33.70527677087249, "epsilon": 4.478192807222788, "gamma": 0.0001}, "datetime": {"datetime": "2021-09-18 09:03:22", "elapsed": 1189.739911, "delta": 9.25085}}
{"target": -5.933906590786608, "params": {"C": 12.530117442458199, "epsilon": 6.571455751419179, "gamma": 0.9670453673269663}, "datetime": {"datetime": "2021-09-18 09:03:26", "elapsed": 1194.172152, "delta": 4.432241}}
{"target": -4.4327242688185535, "params": {"C": 35.216491231667234, "epsilon": 5.312205426440097, "gamma": 0.4600164818872362}, "datetime": {"datetime": "2021-09-18 09:03:32", "elapsed": 1199.942829, "delta": 5.770677}}
{"target": -3.543254117464913, "params": {"C": 47.84065561296183, "epsilon": 4.511775554025909, "gamma": 0.002459602707451507}, "datetime": {"datetime": "2021-09-18 09:03:39", "elapsed": 1207.199976, "delta": 7.257147}}
{"target": -9.470901457259028, "params": {"C": 33.65514931733284, "epsilon": 18.694302860485152, "gamma": 0.0001}, "datetime": {"datetime": "2021-09-18 09:03:45", "elapsed": 1212.471205, "delta": 5.271229}}
{"target": -4.2162094144455615, "params": {"C": 39.11261934729541, "epsilon": 3.58628137563257, "gamma": 0.7123327281026574}, "datetime": {"datetime": "2021-09-18 09:03:49", "elapsed": 1217.016525, "delta": 4.54532}}
{"target": -7.425119742657231, "params": {"C": 0.3278046218565249, "epsilon": 6.269703849466457, "gamma": 2.87856013231563}, "datetime": {"datetime": "2021-09-18 09:03:56", "elapsed": 1223.690328, "delta": 6.673803}}
{"target": -9.199400502161215, "params": {"C": 21.95279724026688, "epsilon": 16.198652763839366, "gamma": 2.980413965135107}, "datetime": {"datetime": "2021-09-18 09:04:00", "elapsed": 1228.309293, "delta": 4.618965}}
{"target": -5.055169965681968, "params": {"C": 24.271715661397213, "epsilon": 4.32128984532711, "gamma": 1.0279192149049372}, "datetime": {"datetime": "2021-09-18 09:04:06", "elapsed": 1234.256926, "delta": 5.947633}}
{"target": -2.2316535683065037, "params": {"C": 46.10377020301583, "epsilon": 0.8058689628413679, "gamma": 0.03725018512631387}, "datetime": {"datetime": "2021-09-18 09:04:11", "elapsed": 1238.87099, "delta": 4.614064}}
{"target": -9.319078947368421, "params": {"C": 41.50309554691018, "epsilon": 30.0, "gamma": 3.0}, "datetime": {"datetime": "2021-09-18 09:04:17", "elapsed": 1245.142508, "delta": 6.271518}}
{"target": -2.886386844183874, "params": {"C": 35.483954374210704, "epsilon": 0.7846963587770768, "gamma": 0.45504299901050066}, "datetime": {"datetime": "2021-09-18 09:04:25", "elapsed": 1252.661252, "delta": 7.518744}}
{"target": -3.3788228075425404, "params": {"C": 4.413828647880544, "epsilon": 3.280848841019323, "gamma": 0.1075761009217336}, "datetime": {"datetime": "2021-09-18 09:04:30", "elapsed": 1257.62713, "delta": 4.965878}}
{"target": -3.812956017680415, "params": {"C": 37.14393220826046, "epsilon": 1.5624510499777036, "gamma": 0.8163274345947191}, "datetime": {"datetime": "2021-09-18 09:04:34", "elapsed": 1262.151399, "delta": 4.524269}}
{"target": -4.643256446801269, "params": {"C": 46.532126423883966, "epsilon": 0.014431879806399248, "gamma": 1.5936093702029297}, "datetime": {"datetime": "2021-09-18 09:04:40", "elapsed": 1267.662967, "delta": 5.511568}}
{"target": -6.274955779559252, "params": {"C": 28.5783446710078, "epsilon": 8.142791781624972, "gamma": 0.0001}, "datetime": {"datetime": "2021-09-18 09:04:46", "elapsed": 1273.703105, "delta": 6.040138}}
{"target": -5.4125520873074295, "params": {"C": 22.641643830950844, "epsilon": 0.001, "gamma": 0.0001}, "datetime": {"datetime": "2021-09-18 09:04:53", "elapsed": 1280.763138, "delta": 7.060033}}
{"target": -4.773391444614331, "params": {"C": 47.16600113417318, "epsilon": 1.0125959158144466, "gamma": 0.0001}, "datetime": {"datetime": "2021-09-18 09:04:59", "elapsed": 1286.596345, "delta": 5.833207}}
{"target": -3.1730023714177484, "params": {"C": 46.267478790437416, "epsilon": 0.07747511309156271, "gamma": 0.6308450141996174}, "datetime": {"datetime": "2021-09-18 09:05:04", "elapsed": 1291.507207, "delta": 4.910862}}
{"target": -2.5381915436000053, "params": {"C": 22.619213992718063, "epsilon": 1.4783913070082582, "gamma": 0.25459248605890605}, "datetime": {"datetime": "2021-09-18 09:05:10", "elapsed": 1298.004517, "delta": 6.49731}}
{"target": -5.933598873729577, "params": {"C": 14.758852887827794, "epsilon": 3.404290502852757, "gamma": 0.0001}, "datetime": {"datetime": "2021-09-18 09:05:15", "elapsed": 1302.719661, "delta": 4.715144}}
{"target": -9.319078947368421, "params": {"C": 31.364095677046567, "epsilon": 27.062371817327705, "gamma": 3.0}, "datetime": {"datetime": "2021-09-18 09:05:20", "elapsed": 1307.765758, "delta": 5.046097}}
{"target": -7.035323891831754, "params": {"C": 20.992555178689333, "epsilon": 10.413545867355841, "gamma": 0.0001}, "datetime": {"datetime": "2021-09-18 09:05:27", "elapsed": 1315.078902, "delta": 7.313144}}
{"target": -7.679972539790448, "params": {"C": 38.6784325621943, "epsilon": 9.47192578692644, "gamma": 3.0}, "datetime": {"datetime": "2021-09-18 09:05:34", "elapsed": 1322.257612, "delta": 7.17871}}
{"target": -5.039390617472576, "params": {"C": 35.70530258064232, "epsilon": 2.0150834562612747, "gamma": 0.0001}, "datetime": {"datetime": "2021-09-18 09:05:40", "elapsed": 1327.707755, "delta": 5.450143}}
{"target": -5.611264907932158, "params": {"C": 42.636298397551876, "epsilon": 0.06914258156842767, "gamma": 2.983460831722612}, "datetime": {"datetime": "2021-09-18 09:05:44", "elapsed": 1332.301905, "delta": 4.59415}}
{"target": -9.35896034920191, "params": {"C": 3.6040490372829823, "epsilon": 18.618189939720995, "gamma": 0.02935384569456259}, "datetime": {"datetime": "2021-09-18 09:05:49", "elapsed": 1337.228362, "delta": 4.926457}}
{"target": -7.412828179535436, "params": {"C": 22.353667354526532, "epsilon": 8.303962862802495, "gamma": 3.0}, "datetime": {"datetime": "2021-09-18 09:05:57", "elapsed": 1345.27256, "delta": 8.044198}}
{"target": -5.281213054569605, "params": {"C": 50.0, "epsilon": 5.467366209660627, "gamma": 0.0001}, "datetime": {"datetime": "2021-09-18 09:06:02", "elapsed": 1350.327003, "delta": 5.054443}}
{"target": -5.177346243554569, "params": {"C": 33.971840552243194, "epsilon": 2.7719389707109374, "gamma": 1.5786405563590096}, "datetime": {"datetime": "2021-09-18 09:06:07", "elapsed": 1355.197439, "delta": 4.870436}}
{"target": -3.954912289240936, "params": {"C": 24.398210596208212, "epsilon": 2.537489850029913, "gamma": 0.0008390064628542667}, "datetime": {"datetime": "2021-09-18 09:06:12", "elapsed": 1360.236547, "delta": 5.039108}}
{"target": -4.669827895135932, "params": {"C": 24.746825251767277, "epsilon": 1.0976780856157973, "gamma": 1.448968270522949}, "datetime": {"datetime": "2021-09-18 09:06:18", "elapsed": 1365.885112, "delta": 5.648565}}
{"target": -9.319078947368421, "params": {"C": 42.27280188611868, "epsilon": 23.383956590776954, "gamma": 3.0}, "datetime": {"datetime": "2021-09-18 09:06:24", "elapsed": 1371.615977, "delta": 5.730865}}
{"target": -5.888928409096777, "params": {"C": 33.029381339661526, "epsilon": 8.474897420647777, "gamma": 0.3881464745544686}, "datetime": {"datetime": "2021-09-18 09:06:33", "elapsed": 1381.224736, "delta": 9.608759}}
{"target": -3.198842589079111, "params": {"C": 39.07757608560656, "epsilon": 1.2769324860328626, "gamma": 0.5711955904479128}, "datetime": {"datetime": "2021-09-18 09:06:40", "elapsed": 1388.041496, "delta": 6.81676}}
{"target": -8.450830415353852, "params": {"C": 8.817290689228958, "epsilon": 16.062216557665103, "gamma": 0.0001}, "datetime": {"datetime": "2021-09-18 09:06:47", "elapsed": 1394.392325, "delta": 6.350829}}
{"target": -3.1864253309508244, "params": {"C": 21.956380358518008, "epsilon": 4.727585092249478, "gamma": 0.008926303798757276}, "datetime": {"datetime": "2021-09-18 09:06:53", "elapsed": 1401.113619, "delta": 6.721294}}
{"target": -9.686721694139802, "params": {"C": 11.892600753047835, "epsilon": 20.218944895470994, "gamma": 2.9178527678695096}, "datetime": {"datetime": "2021-09-18 09:06:59", "elapsed": 1406.477303, "delta": 5.363684}}
{"target": -9.319078947368421, "params": {"C": 2.914996007230324, "epsilon": 25.338105920871318, "gamma": 0.0001}, "datetime": {"datetime": "2021-09-18 09:07:06", "elapsed": 1413.69287, "delta": 7.215567}}
{"target": -2.2755125738353796, "params": {"C": 23.43125765983642, "epsilon": 1.0810608703183364, "gamma": 0.06503309787124881}, "datetime": {"datetime": "2021-09-18 09:07:14", "elapsed": 1421.820465, "delta": 8.127595}}
{"target": -5.361229379662118, "params": {"C": 26.64575192638811, "epsilon": 2.7401774912389847, "gamma": 0.0001}, "datetime": {"datetime": "2021-09-18 09:07:19", "elapsed": 1427.149477, "delta": 5.329012}}
{"target": -9.319078947368421, "params": {"C": 13.63690766923478, "epsilon": 26.643561693114695, "gamma": 0.04067417409882598}, "datetime": {"datetime": "2021-09-18 09:07:26", "elapsed": 1433.46212, "delta": 6.312643}}
{"target": -5.341905913365495, "params": {"C": 29.764906286063184, "epsilon": 3.7851929462585603, "gamma": 0.0001}, "datetime": {"datetime": "2021-09-18 09:07:35", "elapsed": 1442.457103, "delta": 8.994983}}
{"target": -6.537483501565278, "params": {"C": 49.213211716838295, "epsilon": 4.361794674873157, "gamma": 2.999124914470079}, "datetime": {"datetime": "2021-09-18 09:07:41", "elapsed": 1448.514962, "delta": 6.057859}}
{"target": -6.8323829795954225, "params": {"C": 50.0, "epsilon": 7.8327011077259066, "gamma": 1.5829695203938579}, "datetime": {"datetime": "2021-09-18 09:07:46", "elapsed": 1453.625534, "delta": 5.110572}}
{"target": -4.808981002772379, "params": {"C": 18.840339292689656, "epsilon": 0.001, "gamma": 1.5754991208815914}, "datetime": {"datetime": "2021-09-18 09:07:51", "elapsed": 1458.41378, "delta": 4.788246}}
{"target": -2.6866825737016438, "params": {"C": 19.10286115628038, "epsilon": 3.4244820938663363, "gamma": 0.06605926774924323}, "datetime": {"datetime": "2021-09-18 09:07:57", "elapsed": 1464.492733, "delta": 6.078953}}
{"target": -2.545255991102023, "params": {"C": 34.955208915727866, "epsilon": 0.6780059041742347, "gamma": 0.011083688731994461}, "datetime": {"datetime": "2021-09-18 09:08:04", "elapsed": 1471.534157, "delta": 7.041424}}
{"target": -4.272730523192422, "params": {"C": 30.571393713436745, "epsilon": 4.189055727853293, "gamma": 0.6229353747714163}, "datetime": {"datetime": "2021-09-18 09:08:09", "elapsed": 1476.890493, "delta": 5.356336}}
{"target": -3.0119671057272863, "params": {"C": 17.279352004386496, "epsilon": 4.452871462894014, "gamma": 0.09084768034644411}, "datetime": {"datetime": "2021-09-18 09:08:16", "elapsed": 1483.385607, "delta": 6.495114}}
{"target": -8.636793783400881, "params": {"C": 0.1, "epsilon": 16.886413896818357, "gamma": 3.0}, "datetime": {"datetime": "2021-09-18 09:08:23", "elapsed": 1490.781128, "delta": 7.395521}}
{"target": -4.715919379431193, "params": {"C": 11.145541804555275, "epsilon": 1.135787181442025, "gamma": 1.166677599055991}, "datetime": {"datetime": "2021-09-18 09:08:29", "elapsed": 1497.267913, "delta": 6.486785}}
{"target": -6.009981636276211, "params": {"C": 21.6373137959019, "epsilon": 1.9901253083280661, "gamma": 3.0}, "datetime": {"datetime": "2021-09-18 09:08:36", "elapsed": 1503.706137, "delta": 6.438224}}
{"target": -3.5436065662073886, "params": {"C": 25.64064112769697, "epsilon": 5.07647422266921, "gamma": 0.1603222059871809}, "datetime": {"datetime": "2021-09-18 09:08:44", "elapsed": 1512.076508, "delta": 8.370371}}
{"target": -2.9789371290061704, "params": {"C": 16.192266789759852, "epsilon": 4.262345570756129, "gamma": 0.08965816084129541}, "datetime": {"datetime": "2021-09-18 09:08:51", "elapsed": 1518.680981, "delta": 6.604473}}
{"target": -5.86489216943205, "params": {"C": 47.37598613991359, "epsilon": 1.5192924126921679, "gamma": 3.0}, "datetime": {"datetime": "2021-09-18 09:08:58", "elapsed": 1525.942712, "delta": 7.261731}}
{"target": -5.113361479034472, "params": {"C": 31.426847221854604, "epsilon": 0.001, "gamma": 0.0001}, "datetime": {"datetime": "2021-09-18 09:09:04", "elapsed": 1531.540539, "delta": 5.597827}}
{"target": -2.174387793488594, "params": {"C": 32.75772511030803, "epsilon": 0.3156533901452712, "gamma": 0.1314040302377388}, "datetime": {"datetime": "2021-09-18 09:09:13", "elapsed": 1540.82591, "delta": 9.285371}}
{"target": -7.918864000725536, "params": {"C": 22.282386820780847, "epsilon": 14.33113942271473, "gamma": 0.0001}, "datetime": {"datetime": "2021-09-18 09:09:20", "elapsed": 1547.5169, "delta": 6.69099}}
{"target": -9.545175429649214, "params": {"C": 29.041769851976834, "epsilon": 18.381381224057087, "gamma": 3.0}, "datetime": {"datetime": "2021-09-18 09:09:26", "elapsed": 1553.694755, "delta": 6.177855}}
{"target": -4.689490388255311, "params": {"C": 2.2062142700457748, "epsilon": 0.003107088890961925, "gamma": 0.47060978053272334}, "datetime": {"datetime": "2021-09-18 09:09:32", "elapsed": 1559.67675, "delta": 5.981995}}
{"target": -4.228824293776084, "params": {"C": 30.018721237220934, "epsilon": 2.827837149780664, "gamma": 0.85874330016774}, "datetime": {"datetime": "2021-09-18 09:09:38", "elapsed": 1565.619553, "delta": 5.942803}}
{"target": -6.020888047126019, "params": {"C": 10.667901311217209, "epsilon": 0.8345904446887592, "gamma": 2.9946544845447183}, "datetime": {"datetime": "2021-09-18 09:09:44", "elapsed": 1571.793293, "delta": 6.17374}}
{"target": -6.765060103200618, "params": {"C": 45.09444928220372, "epsilon": 8.114771171892247, "gamma": 1.2884513120210879}, "datetime": {"datetime": "2021-09-18 09:09:50", "elapsed": 1577.648174, "delta": 5.854881}}
{"target": -5.988757704348348, "params": {"C": 25.494520275841378, "epsilon": 6.156480165390186, "gamma": 1.2237754190431136}, "datetime": {"datetime": "2021-09-18 09:09:58", "elapsed": 1586.143243, "delta": 8.495069}}
{"target": -5.995887240369804, "params": {"C": 17.158020652794175, "epsilon": 5.294878292556793, "gamma": 0.0001}, "datetime": {"datetime": "2021-09-18 09:10:04", "elapsed": 1591.559188, "delta": 5.415945}}
