{"target": -11.357196622488667, "params": {"C": 87.54641298533829, "epsilon": 1.6356006520607336, "gamma": 0.022525332466747}, "datetime": {"datetime": "2021-09-27 16:16:40", "elapsed": 2.695208, "delta": 0.210599}}
{"target": -18.540275204854815, "params": {"C": 52.09037440477563, "epsilon": 4.176916292715402, "gamma": 0.13187885371526553}, "datetime": {"datetime": "2021-09-27 16:16:40", "elapsed": 2.804208, "delta": 0.109}}
{"target": -11.441677817100045, "params": {"C": 87.56456137653288, "epsilon": 1.881863339150974, "gamma": 0.02572936056668921}, "datetime": {"datetime": "2021-09-27 16:16:40", "elapsed": 3.055208, "delta": 0.251}}
{"target": -13.681974899333913, "params": {"C": 87.73886752958026, "epsilon": 1.7812556439016878, "gamma": 0.12133123670431627}, "datetime": {"datetime": "2021-09-27 16:16:40", "elapsed": 3.322205, "delta": 0.266997}}
{"target": -14.059241377253107, "params": {"C": 87.36512440693956, "epsilon": 1.9100365987234036, "gamma": 0.13408774907936447}, "datetime": {"datetime": "2021-09-27 16:16:40", "elapsed": 3.497208, "delta": 0.175003}}
{"target": -11.105037477898062, "params": {"C": 87.54701058447151, "epsilon": 1.3711721619225807, "gamma": 0.025210351324055014}, "datetime": {"datetime": "2021-09-27 16:16:41", "elapsed": 3.840208, "delta": 0.343}}
{"target": -13.697331120978317, "params": {"C": 21.21730755146558, "epsilon": 1.4176616370268744, "gamma": 0.1631364550235621}, "datetime": {"datetime": "2021-09-27 16:16:41", "elapsed": 3.998211, "delta": 0.158003}}
{"target": -20.205142714069684, "params": {"C": 43.068354335526415, "epsilon": 4.417460828029414, "gamma": 0.18547830483669833}, "datetime": {"datetime": "2021-09-27 16:16:41", "elapsed": 4.132209, "delta": 0.133998}}
{"target": -14.056891903091149, "params": {"C": 33.28381474398493, "epsilon": 1.7075458494370466, "gamma": 0.15406157996120848}, "datetime": {"datetime": "2021-09-27 16:16:41", "elapsed": 4.351207, "delta": 0.218998}}
{"target": -15.56981818582959, "params": {"C": 87.42578552526604, "epsilon": 1.5077912841177452, "gamma": 0.22014081656242596}, "datetime": {"datetime": "2021-09-27 16:16:41", "elapsed": 4.583574, "delta": 0.232367}}
{"target": -16.011779128150142, "params": {"C": 87.7494696068798, "epsilon": 1.1875472324387921, "gamma": 0.2689043142399271}, "datetime": {"datetime": "2021-09-27 16:16:42", "elapsed": 4.852575, "delta": 0.269001}}
{"target": -14.386960308448623, "params": {"C": 87.59257525244914, "epsilon": 2.172501125818518, "gamma": 0.1324549130659703}, "datetime": {"datetime": "2021-09-27 16:16:42", "elapsed": 5.106573, "delta": 0.253998}}
{"target": -11.856173798824184, "params": {"C": 20.993374240774905, "epsilon": 1.6953463694890518, "gamma": 0.01}, "datetime": {"datetime": "2021-09-27 16:16:42", "elapsed": 5.415573, "delta": 0.309}}
{"target": -15.157944615479597, "params": {"C": 29.1883848585684, "epsilon": 1.0585930417590907, "gamma": 0.2777196609330837}, "datetime": {"datetime": "2021-09-27 16:16:42", "elapsed": 5.561572, "delta": 0.145999}}
{"target": -20.282090639832848, "params": {"C": 52.83419632927109, "epsilon": 4.133061677921757, "gamma": 0.21780693349766297}, "datetime": {"datetime": "2021-09-27 16:16:43", "elapsed": 5.779572, "delta": 0.218}}
{"target": -11.997106017179577, "params": {"C": 94.44230513012958, "epsilon": 3.1987048583312467, "gamma": 0.01}, "datetime": {"datetime": "2021-09-27 16:16:43", "elapsed": 6.136095, "delta": 0.356523}}
{"target": -11.990693859115668, "params": {"C": 94.14363137561303, "epsilon": 3.109079394971773, "gamma": 0.034022315942639395}, "datetime": {"datetime": "2021-09-27 16:16:43", "elapsed": 6.331096, "delta": 0.195001}}
{"target": -14.723342412637333, "params": {"C": 9.588944697982043, "epsilon": 1.1442737135966996, "gamma": 0.20172926696267854}, "datetime": {"datetime": "2021-09-27 16:16:43", "elapsed": 6.500095, "delta": 0.168999}}
{"target": -20.042532205561944, "params": {"C": 94.26127332993669, "epsilon": 3.2819019132804095, "gamma": 0.3}, "datetime": {"datetime": "2021-09-27 16:16:44", "elapsed": 6.966628, "delta": 0.466533}}
{"target": -12.180962648047364, "params": {"C": 94.17106010382146, "epsilon": 2.9028664755694233, "gamma": 0.046637183840963985}, "datetime": {"datetime": "2021-09-27 16:16:44", "elapsed": 7.357625, "delta": 0.390997}}
{"target": -16.02802758954905, "params": {"C": 20.88079037826205, "epsilon": 1.7633017291549868, "gamma": 0.27559680565188965}, "datetime": {"datetime": "2021-09-27 16:16:45", "elapsed": 7.766623, "delta": 0.408998}}
{"target": -14.992211300828053, "params": {"C": 9.61650083272814, "epsilon": 1.1025571618088823, "gamma": 0.22392078157970288}, "datetime": {"datetime": "2021-09-27 16:16:45", "elapsed": 7.979621, "delta": 0.212998}}
{"target": -11.829661667129509, "params": {"C": 93.77646849269458, "epsilon": 2.7088698611155255, "gamma": 0.015863261715108302}, "datetime": {"datetime": "2021-09-27 16:16:45", "elapsed": 8.235624, "delta": 0.256003}}
{"target": -17.715118159869192, "params": {"C": 25.72854300443317, "epsilon": 3.7456661678298513, "gamma": 0.1485492181305421}, "datetime": {"datetime": "2021-09-27 16:16:45", "elapsed": 8.391621, "delta": 0.155997}}
{"target": -16.333277641056668, "params": {"C": 12.306755870154205, "epsilon": 2.845840788334684, "gamma": 0.17920768574338228}, "datetime": {"datetime": "2021-09-27 16:16:46", "elapsed": 8.664132, "delta": 0.272511}}
{"target": -11.924970611058477, "params": {"C": 93.59739069617967, "epsilon": 2.9682329169525414, "gamma": 0.037147071546329666}, "datetime": {"datetime": "2021-09-27 16:16:46", "elapsed": 9.022132, "delta": 0.358}}
{"target": -11.85608604573353, "params": {"C": 93.87572457146153, "epsilon": 2.9903664481904717, "gamma": 0.01}, "datetime": {"datetime": "2021-09-27 16:16:46", "elapsed": 9.280137, "delta": 0.258005}}
{"target": -16.66876161505122, "params": {"C": 93.33000607729099, "epsilon": 2.700618772664894, "gamma": 0.17885864090310727}, "datetime": {"datetime": "2021-09-27 16:16:46", "elapsed": 9.510136, "delta": 0.229999}}
{"target": -13.747701997767315, "params": {"C": 69.90944206249127, "epsilon": 4.169353609052553, "gamma": 0.04588294725702536}, "datetime": {"datetime": "2021-09-27 16:16:47", "elapsed": 9.830136, "delta": 0.32}}
{"target": -14.468892845596711, "params": {"C": 33.260018395443296, "epsilon": 1.7487323014164566, "gamma": 0.18039762594968123}, "datetime": {"datetime": "2021-09-27 16:16:47", "elapsed": 10.023142, "delta": 0.193006}}
{"target": -13.785742267880538, "params": {"C": 93.59356135835708, "epsilon": 3.389184903746858, "gamma": 0.06762839268863975}, "datetime": {"datetime": "2021-09-27 16:16:47", "elapsed": 10.42813, "delta": 0.404988}}
{"target": -11.949093544754872, "params": {"C": 94.78540341952254, "epsilon": 3.176699342126746, "gamma": 0.01}, "datetime": {"datetime": "2021-09-27 16:16:48", "elapsed": 11.022484, "delta": 0.594354}}
{"target": -16.60322435366194, "params": {"C": 95.10093793065782, "epsilon": 3.299614308144011, "gamma": 0.12572728575065045}, "datetime": {"datetime": "2021-09-27 16:16:49", "elapsed": 11.642488, "delta": 0.620004}}
{"target": -14.379179633974829, "params": {"C": 93.92146532604981, "epsilon": 2.3281252174437017, "gamma": 0.1239020475186429}, "datetime": {"datetime": "2021-09-27 16:16:49", "elapsed": 11.934482, "delta": 0.291994}}
{"target": -11.678009335811879, "params": {"C": 87.53596660647959, "epsilon": 1.897215736573071, "gamma": 0.01962567002216465}, "datetime": {"datetime": "2021-09-27 16:16:49", "elapsed": 12.196482, "delta": 0.262}}
{"target": -19.034068444019145, "params": {"C": 93.80390532631581, "epsilon": 2.9008717227651024, "gamma": 0.2902242959998878}, "datetime": {"datetime": "2021-09-27 16:16:49", "elapsed": 12.549015, "delta": 0.352533}}
{"target": -11.404369624970808, "params": {"C": 33.52047095492904, "epsilon": 1.2979717063537692, "gamma": 0.01}, "datetime": {"datetime": "2021-09-27 16:16:50", "elapsed": 12.944366, "delta": 0.395351}}
{"target": -15.182426181208786, "params": {"C": 99.71873064603335, "epsilon": 2.42383366050913, "gamma": 0.13822194302263138}, "datetime": {"datetime": "2021-09-27 16:16:50", "elapsed": 13.180362, "delta": 0.235996}}
{"target": -14.908941503974821, "params": {"C": 33.3141435864002, "epsilon": 1.2007426428106618, "gamma": 0.24486465304976404}, "datetime": {"datetime": "2021-09-27 16:16:50", "elapsed": 13.553364, "delta": 0.373002}}
{"target": -14.709171064731533, "params": {"C": 33.70346130722554, "epsilon": 1.6061699282294681, "gamma": 0.20501514909988325}, "datetime": {"datetime": "2021-09-27 16:16:51", "elapsed": 13.920363, "delta": 0.366999}}
{"target": -12.99259883529521, "params": {"C": 33.69296745671894, "epsilon": 1.1804663772432495, "gamma": 0.1420133297779197}, "datetime": {"datetime": "2021-09-27 16:16:51", "elapsed": 14.617367, "delta": 0.697004}}
{"target": -10.654844299809422, "params": {"C": 87.19250733637983, "epsilon": 1.0746020588586913, "gamma": 0.035283879431968354}, "datetime": {"datetime": "2021-09-27 16:16:52", "elapsed": 14.986695, "delta": 0.369328}}
{"target": -14.491177517242928, "params": {"C": 86.94881757928073, "epsilon": 1.1677491989363338, "gamma": 0.190027363728487}, "datetime": {"datetime": "2021-09-27 16:16:52", "elapsed": 15.370697, "delta": 0.384002}}
{"target": -14.714869622025677, "params": {"C": 87.37221272057725, "epsilon": 1.0627331033666254, "gamma": 0.20280178723097592}, "datetime": {"datetime": "2021-09-27 16:16:53", "elapsed": 15.746696, "delta": 0.375999}}
{"target": -11.803967692620676, "params": {"C": 94.14559278246384, "epsilon": 3.130377341365575, "gamma": 0.028651548794339163}, "datetime": {"datetime": "2021-09-27 16:16:53", "elapsed": 15.985696, "delta": 0.239}}
{"target": -11.859567966428234, "params": {"C": 29.224163838530895, "epsilon": 2.683306044778524, "gamma": 0.0192604675555814}, "datetime": {"datetime": "2021-09-27 16:16:53", "elapsed": 16.234697, "delta": 0.249001}}
{"target": -13.20406331164814, "params": {"C": 29.56207754955838, "epsilon": 2.650444812388983, "gamma": 0.07534240043058797}, "datetime": {"datetime": "2021-09-27 16:16:53", "elapsed": 16.619652, "delta": 0.384955}}
{"target": -12.012062218024045, "params": {"C": 29.227113102364807, "epsilon": 2.3470480347514653, "gamma": 0.01}, "datetime": {"datetime": "2021-09-27 16:16:54", "elapsed": 17.283739, "delta": 0.664087}}
{"target": -14.48047538342344, "params": {"C": 58.14949918238244, "epsilon": 3.8088982228282195, "gamma": 0.06754395821851314}, "datetime": {"datetime": "2021-09-27 16:16:54", "elapsed": 17.56874, "delta": 0.285001}}
{"target": -17.46563822841532, "params": {"C": 29.057600116503902, "epsilon": 2.370784461065067, "gamma": 0.2936521045769336}, "datetime": {"datetime": "2021-09-27 16:16:55", "elapsed": 18.003741, "delta": 0.435001}}
{"target": -18.252778664026696, "params": {"C": 73.44688370562505, "epsilon": 4.082636528168428, "gamma": 0.12521404468574424}, "datetime": {"datetime": "2021-09-27 16:16:55", "elapsed": 18.247735, "delta": 0.243994}}
{"target": -12.010105401495599, "params": {"C": 29.53377668853769, "epsilon": 2.2438345226309364, "gamma": 0.01}, "datetime": {"datetime": "2021-09-27 16:16:56", "elapsed": 18.657313, "delta": 0.409578}}
{"target": -11.675319629699347, "params": {"C": 29.385394732039302, "epsilon": 1.863586803763, "gamma": 0.019142526332573906}, "datetime": {"datetime": "2021-09-27 16:16:56", "elapsed": 19.065842, "delta": 0.408529}}
{"target": -13.050812571453434, "params": {"C": 29.68288974705323, "epsilon": 1.942940217550638, "gamma": 0.10267914851842562}, "datetime": {"datetime": "2021-09-27 16:16:56", "elapsed": 19.559842, "delta": 0.494}}
{"target": -10.878474837660388, "params": {"C": 87.20399408285735, "epsilon": 1.321624963525501, "gamma": 0.03497355503031592}, "datetime": {"datetime": "2021-09-27 16:16:57", "elapsed": 20.273848, "delta": 0.714006}}
{"target": -16.0009936072066, "params": {"C": 52.37059090667579, "epsilon": 1.611149649432159, "gamma": 0.25875495333453385}, "datetime": {"datetime": "2021-09-27 16:16:58", "elapsed": 20.642566, "delta": 0.368718}}
{"target": -17.85776050792856, "params": {"C": 11.209549667526234, "epsilon": 3.3589166640991364, "gamma": 0.19725665793792588}, "datetime": {"datetime": "2021-09-27 16:16:58", "elapsed": 20.904056, "delta": 0.26149}}
{"target": -12.438940342629126, "params": {"C": 29.267018914652127, "epsilon": 3.0610424897595228, "gamma": 0.01}, "datetime": {"datetime": "2021-09-27 16:16:58", "elapsed": 21.516051, "delta": 0.611995}}
{"target": -11.492545123607636, "params": {"C": 28.96809044495574, "epsilon": 1.7135831380035675, "gamma": 0.029796189365123377}, "datetime": {"datetime": "2021-09-27 16:16:59", "elapsed": 22.009679, "delta": 0.493628}}
{"target": -11.368216807336088, "params": {"C": 29.326860723520888, "epsilon": 1.4530479746117932, "gamma": 0.017889812740438514}, "datetime": {"datetime": "2021-09-27 16:16:59", "elapsed": 22.557674, "delta": 0.547995}}
{"target": -14.143693606838696, "params": {"C": 29.17535871251704, "epsilon": 1.6159010345489324, "gamma": 0.16754789800219008}, "datetime": {"datetime": "2021-09-27 16:17:00", "elapsed": 23.158199, "delta": 0.600525}}
{"target": -18.09502688229024, "params": {"C": 50.944323265051146, "epsilon": 2.697637919966369, "gamma": 0.2842730743131486}, "datetime": {"datetime": "2021-09-27 16:17:01", "elapsed": 23.815204, "delta": 0.657005}}
{"target": -11.583957165738374, "params": {"C": 29.647809962279172, "epsilon": 1.4718877828619388, "gamma": 0.01}, "datetime": {"datetime": "2021-09-27 16:17:01", "elapsed": 24.415211, "delta": 0.600007}}
{"target": -12.170559776016006, "params": {"C": 28.513061178170325, "epsilon": 1.7435666082262382, "gamma": 0.0881122568442343}, "datetime": {"datetime": "2021-09-27 16:17:02", "elapsed": 25.024431, "delta": 0.60922}}
{"target": -11.286370224309602, "params": {"C": 28.844668803899904, "epsilon": 1.4194806461193923, "gamma": 0.030342743249933357}, "datetime": {"datetime": "2021-09-27 16:17:03", "elapsed": 25.646429, "delta": 0.621998}}
{"target": -11.272569995869707, "params": {"C": 28.46509021056828, "epsilon": 1.409612346095545, "gamma": 0.05493392661535126}, "datetime": {"datetime": "2021-09-27 16:17:03", "elapsed": 26.133429, "delta": 0.487}}
{"target": -11.949606922348952, "params": {"C": 80.91058883080025, "epsilon": 1.0675198179911185, "gamma": 0.09387200131894571}, "datetime": {"datetime": "2021-09-27 16:17:04", "elapsed": 26.67852, "delta": 0.545091}}
{"target": -22.16982741375159, "params": {"C": 57.85524133692067, "epsilon": 4.40017611438546, "gamma": 0.2818275659668332}, "datetime": {"datetime": "2021-09-27 16:17:04", "elapsed": 27.156069, "delta": 0.477549}}
{"target": -11.762861692391558, "params": {"C": 28.495417134306198, "epsilon": 1.0205797817328395, "gamma": 0.10277111712761836}, "datetime": {"datetime": "2021-09-27 16:17:05", "elapsed": 27.895865, "delta": 0.739796}}
{"target": -11.454446609642401, "params": {"C": 28.07386871375515, "epsilon": 1.1691382230572855, "gamma": 0.01}, "datetime": {"datetime": "2021-09-27 16:17:06", "elapsed": 28.681658, "delta": 0.785793}}
{"target": -11.467185117770084, "params": {"C": 28.00259003053885, "epsilon": 1.5692748712948041, "gamma": 0.02208006492580739}, "datetime": {"datetime": "2021-09-27 16:17:06", "elapsed": 29.40379, "delta": 0.722132}}
{"target": -15.60077953996884, "params": {"C": 28.049140147795462, "epsilon": 1.3865650026177796, "gamma": 0.2765372179375253}, "datetime": {"datetime": "2021-09-27 16:17:07", "elapsed": 29.902815, "delta": 0.499025}}
{"target": -10.92626676022037, "params": {"C": 81.3828706704556, "epsilon": 1.1211029197823865, "gamma": 0.047512532269525225}, "datetime": {"datetime": "2021-09-27 16:17:08", "elapsed": 30.741058, "delta": 0.838243}}
{"target": -13.097290299383213, "params": {"C": 81.18094658709408, "epsilon": 1.527814550169074, "gamma": 0.10845703387051171}, "datetime": {"datetime": "2021-09-27 16:17:08", "elapsed": 31.552057, "delta": 0.810999}}
{"target": -15.485304937951275, "params": {"C": 81.69357703417155, "epsilon": 1.1703572763328292, "gamma": 0.24335780782152933}, "datetime": {"datetime": "2021-09-27 16:17:09", "elapsed": 32.206353, "delta": 0.654296}}
{"target": -16.00911662324454, "params": {"C": 81.13763410370306, "epsilon": 1.1193787748202366, "gamma": 0.279566127931378}, "datetime": {"datetime": "2021-09-27 16:17:10", "elapsed": 33.029956, "delta": 0.823603}}
{"target": -12.587392462441334, "params": {"C": 80.60478850824661, "epsilon": 1.2060831516326895, "gamma": 0.10486832641719236}, "datetime": {"datetime": "2021-09-27 16:17:11", "elapsed": 33.709953, "delta": 0.679997}}
{"target": -14.350469409513769, "params": {"C": 27.92515254997109, "epsilon": 2.0439763251507648, "gamma": 0.1482354151311481}, "datetime": {"datetime": "2021-09-27 16:17:11", "elapsed": 34.581951, "delta": 0.871998}}
{"target": -16.91604871704275, "params": {"C": 72.69113547512214, "epsilon": 1.8715168667115611, "gamma": 0.275380108851775}, "datetime": {"datetime": "2021-09-27 16:17:12", "elapsed": 34.888631, "delta": 0.30668}}
{"target": -14.913383328432914, "params": {"C": 69.53934889454746, "epsilon": 1.5059966518430916, "gamma": 0.1995071449344304}, "datetime": {"datetime": "2021-09-27 16:17:12", "elapsed": 35.235634, "delta": 0.347003}}
{"target": -13.596586143966348, "params": {"C": 29.790101544058157, "epsilon": 1.1490898983281341, "gamma": 0.1731100098310617}, "datetime": {"datetime": "2021-09-27 16:17:13", "elapsed": 35.911636, "delta": 0.676002}}
{"target": -17.224285172302693, "params": {"C": 30.10880505298092, "epsilon": 2.6401938413144563, "gamma": 0.2516066981375588}, "datetime": {"datetime": "2021-09-27 16:17:13", "elapsed": 36.277151, "delta": 0.365515}}
{"target": -14.629420330894206, "params": {"C": 36.1296552849093, "epsilon": 1.2260894162390226, "gamma": 0.22380166029907972}, "datetime": {"datetime": "2021-09-27 16:17:14", "elapsed": 36.798256, "delta": 0.521105}}
{"target": -12.121409609308616, "params": {"C": 27.512773315214794, "epsilon": 1.3744095349763208, "gamma": 0.0988307551553718}, "datetime": {"datetime": "2021-09-27 16:17:14", "elapsed": 37.459253, "delta": 0.660997}}
{"target": -11.425745126660665, "params": {"C": 27.520670774929382, "epsilon": 1.015986672117098, "gamma": 0.08905003464029282}, "datetime": {"datetime": "2021-09-27 16:17:15", "elapsed": 38.124255, "delta": 0.665002}}
{"target": -11.276252606267061, "params": {"C": 27.166678024759733, "epsilon": 1.0288876129042361, "gamma": 0.08326692033787132}, "datetime": {"datetime": "2021-09-27 16:17:16", "elapsed": 38.822073, "delta": 0.697818}}
{"target": -11.314375188591711, "params": {"C": 26.95383159616033, "epsilon": 1.4355713472341856, "gamma": 0.02830620027315791}, "datetime": {"datetime": "2021-09-27 16:17:16", "elapsed": 39.294069, "delta": 0.471996}}
{"target": -14.710885317204674, "params": {"C": 26.753440325637968, "epsilon": 1.0503899887507628, "gamma": 0.24790118203192668}, "datetime": {"datetime": "2021-09-27 16:17:17", "elapsed": 40.001062, "delta": 0.706993}}
{"target": -14.392594006080653, "params": {"C": 27.194870416393233, "epsilon": 1.2869505078476224, "gamma": 0.20848529928100087}, "datetime": {"datetime": "2021-09-27 16:17:17", "elapsed": 40.460063, "delta": 0.459001}}
{"target": -13.24299720858739, "params": {"C": 26.842986373428076, "epsilon": 1.7388774899313155, "gamma": 0.11974881208199643}, "datetime": {"datetime": "2021-09-27 16:17:18", "elapsed": 40.98106, "delta": 0.520997}}
{"target": -11.398361490977168, "params": {"C": 27.822150604674224, "epsilon": 1.0, "gamma": 0.01}, "datetime": {"datetime": "2021-09-27 16:17:18", "elapsed": 41.473063, "delta": 0.492003}}
{"target": -11.365180774696498, "params": {"C": 26.957095843917312, "epsilon": 1.416313205559002, "gamma": 0.02148921155985009}, "datetime": {"datetime": "2021-09-27 16:17:19", "elapsed": 41.878881, "delta": 0.405818}}
{"target": -12.454449858600011, "params": {"C": 28.792290102416306, "epsilon": 3.0773091599362967, "gamma": 0.01}, "datetime": {"datetime": "2021-09-27 16:17:19", "elapsed": 42.541876, "delta": 0.662995}}
{"target": -16.14596524097699, "params": {"C": 29.04719795906424, "epsilon": 3.557385158022708, "gamma": 0.10736528812153628}, "datetime": {"datetime": "2021-09-27 16:17:20", "elapsed": 43.402316, "delta": 0.86044}}
{"target": -14.484081800721837, "params": {"C": 28.340336866584757, "epsilon": 3.0305420846945603, "gamma": 0.09350756586308406}, "datetime": {"datetime": "2021-09-27 16:17:21", "elapsed": 43.932318, "delta": 0.530002}}
{"target": -11.553219385464134, "params": {"C": 27.597335565943883, "epsilon": 1.788555964142665, "gamma": 0.03850527476450023}, "datetime": {"datetime": "2021-09-27 16:17:21", "elapsed": 44.379321, "delta": 0.447003}}
{"target": -12.913228544297025, "params": {"C": 27.2427261164527, "epsilon": 1.9928779759932915, "gamma": 0.09754209020816704}, "datetime": {"datetime": "2021-09-27 16:17:22", "elapsed": 45.063315, "delta": 0.683994}}
{"target": -11.300910513745992, "params": {"C": 80.65459136738312, "epsilon": 1.7227490306878273, "gamma": 0.02657462120696065}, "datetime": {"datetime": "2021-09-27 16:17:23", "elapsed": 45.805315, "delta": 0.742}}
{"target": -11.014421550774129, "params": {"C": 80.25493751183515, "epsilon": 1.6685305511769035, "gamma": 0.04695819402891193}, "datetime": {"datetime": "2021-09-27 16:17:23", "elapsed": 46.499312, "delta": 0.693997}}
{"target": -14.538167374354117, "params": {"C": 80.43310998499554, "epsilon": 1.9294512316400159, "gamma": 0.15222917002052527}, "datetime": {"datetime": "2021-09-27 16:17:24", "elapsed": 47.067765, "delta": 0.568453}}
{"target": -11.666972634152447, "params": {"C": 29.353095799165644, "epsilon": 1.8853007884217199, "gamma": 0.01489903850617283}, "datetime": {"datetime": "2021-09-27 16:17:24", "elapsed": 47.482761, "delta": 0.414996}}
