{"target": 0.5721114809065369, "params": {"C": 63.60827284949742, "epsilon": 4.748607434713641, "gamma": 0.8648856153571124}, "datetime": {"datetime": "2021-09-18 12:28:53", "elapsed": 209.870292, "delta": 1.397559}}
{"target": 0.393357734425098, "params": {"C": 60.46850615814511, "epsilon": 7.438510979734237, "gamma": 0.0001}, "datetime": {"datetime": "2021-09-18 12:28:55", "elapsed": 211.135864, "delta": 1.265572}}
{"target": 0.8587422342339394, "params": {"C": 59.26679627998742, "epsilon": 4.806171002471897, "gamma": 0.0383107624596885}, "datetime": {"datetime": "2021-09-18 12:28:56", "elapsed": 212.347403, "delta": 1.211539}}
{"target": 0.6350413670967021, "params": {"C": 32.42337188663352, "epsilon": 0.9795187077957921, "gamma": 1.0}, "datetime": {"datetime": "2021-09-18 12:28:57", "elapsed": 213.548806, "delta": 1.201403}}
{"target": 0.8650476952198514, "params": {"C": 74.59486065607034, "epsilon": 3.246041967753782, "gamma": 0.03285225923930409}, "datetime": {"datetime": "2021-09-18 12:28:58", "elapsed": 214.821444, "delta": 1.272638}}
{"target": 0.6853346094528093, "params": {"C": 56.77985782288422, "epsilon": 8.35653391559397, "gamma": 0.08377465997463725}, "datetime": {"datetime": "2021-09-18 12:29:00", "elapsed": 216.059153, "delta": 1.237709}}
{"target": 0.8287621840602992, "params": {"C": 60.933841639125255, "epsilon": 4.721198108074899, "gamma": 0.1135775684675734}, "datetime": {"datetime": "2021-09-18 12:29:01", "elapsed": 217.753506, "delta": 1.694353}}
{"target": 0.8517968052829097, "params": {"C": 30.870102420208973, "epsilon": 0.7576612492177947, "gamma": 0.02285140246330817}, "datetime": {"datetime": "2021-09-18 12:29:03", "elapsed": 219.200238, "delta": 1.446732}}
{"target": -0.04563760056690813, "params": {"C": 55.41659747839224, "epsilon": 15.914375995645715, "gamma": 0.994886924739512}, "datetime": {"datetime": "2021-09-18 12:29:04", "elapsed": 220.727229, "delta": 1.526991}}
{"target": 0.8050351083569062, "params": {"C": 55.33132347291686, "epsilon": 4.507421161066178, "gamma": 0.0064063356606855765}, "datetime": {"datetime": "2021-09-18 12:29:05", "elapsed": 221.957432, "delta": 1.230203}}
{"target": -0.1010035866487089, "params": {"C": 65.4938080632865, "epsilon": 17.476640931939052, "gamma": 0.07721888912243373}, "datetime": {"datetime": "2021-09-18 12:29:07", "elapsed": 223.206954, "delta": 1.249522}}
{"target": -0.01512563841898018, "params": {"C": 24.440355438588597, "epsilon": 15.231658016888874, "gamma": 0.9733893000633315}, "datetime": {"datetime": "2021-09-18 12:29:08", "elapsed": 224.467925, "delta": 1.260971}}
{"target": 0.8866984900833451, "params": {"C": 50.516004080856604, "epsilon": 1.588296238122573, "gamma": 0.06658008017689004}, "datetime": {"datetime": "2021-09-18 12:29:09", "elapsed": 225.922256, "delta": 1.454331}}
{"target": 0.35549099263793593, "params": {"C": 80.91043267241936, "epsilon": 8.662043992807156, "gamma": 1.0}, "datetime": {"datetime": "2021-09-18 12:29:11", "elapsed": 227.072975, "delta": 1.150719}}
{"target": 0.31930240365723717, "params": {"C": 69.6164332573004, "epsilon": 11.321045515186931, "gamma": 0.38956073991404067}, "datetime": {"datetime": "2021-09-18 12:29:12", "elapsed": 228.29203, "delta": 1.219055}}
{"target": 0.5347308969870124, "params": {"C": 60.04118348428346, "epsilon": 4.789141104649864, "gamma": 1.0}, "datetime": {"datetime": "2021-09-18 12:29:13", "elapsed": 229.725216, "delta": 1.433186}}
{"target": 0.48231224776345616, "params": {"C": 85.31276630154504, "epsilon": 6.330656143201731, "gamma": 0.9531740004826412}, "datetime": {"datetime": "2021-09-18 12:29:15", "elapsed": 231.014117, "delta": 1.288901}}
{"target": 0.24122668719217732, "params": {"C": 9.632072960292176, "epsilon": 10.449470079065904, "gamma": 1.0}, "datetime": {"datetime": "2021-09-18 12:29:16", "elapsed": 232.276981, "delta": 1.262864}}
{"target": 0.2999681430955844, "params": {"C": 56.41801167265485, "epsilon": 9.992638715449088, "gamma": 0.9128702446088786}, "datetime": {"datetime": "2021-09-18 12:29:17", "elapsed": 233.710138, "delta": 1.433157}}
{"target": 0.523130346330867, "params": {"C": 89.92330116724993, "epsilon": 0.0001, "gamma": 0.0001}, "datetime": {"datetime": "2021-09-18 12:29:19", "elapsed": 235.242776, "delta": 1.532638}}
{"target": 0.6312552116513901, "params": {"C": 25.14289702112989, "epsilon": 1.1572383805261748, "gamma": 0.9955425895449024}, "datetime": {"datetime": "2021-09-18 12:29:20", "elapsed": 236.585741, "delta": 1.342965}}
{"target": 0.5454091418057851, "params": {"C": 93.98007664062804, "epsilon": 1.8119666019716132, "gamma": 0.0001}, "datetime": {"datetime": "2021-09-18 12:29:22", "elapsed": 238.271453, "delta": 1.685712}}
{"target": 0.7236579474261366, "params": {"C": 92.4790606132482, "epsilon": 1.0578368937557687, "gamma": 0.6950845685376671}, "datetime": {"datetime": "2021-09-18 12:29:24", "elapsed": 240.16112, "delta": 1.889667}}
{"target": 0.8707618918751169, "params": {"C": 95.94620571926922, "epsilon": 1.0101633223537327, "gamma": 0.03212361565455979}, "datetime": {"datetime": "2021-09-18 12:29:25", "elapsed": 241.923302, "delta": 1.762182}}
{"target": 0.8916896295364836, "params": {"C": 61.01401440786356, "epsilon": 1.1841475316747245, "gamma": 0.1419261826527856}, "datetime": {"datetime": "2021-09-18 12:29:27", "elapsed": 243.521609, "delta": 1.598307}}
{"target": 0.8454809190137407, "params": {"C": 95.08966542907861, "epsilon": 3.199850681165699, "gamma": 0.021370718816924417}, "datetime": {"datetime": "2021-09-18 12:29:29", "elapsed": 245.090747, "delta": 1.569138}}
{"target": 0.5611018169372983, "params": {"C": 53.152876570706674, "epsilon": 4.177046069735252, "gamma": 0.9793511886117825}, "datetime": {"datetime": "2021-09-18 12:29:30", "elapsed": 246.440594, "delta": 1.349847}}
{"target": 0.22265965120021736, "params": {"C": 40.65981332365215, "epsilon": 11.48863191508374, "gamma": 0.823100788546745}, "datetime": {"datetime": "2021-09-18 12:29:32", "elapsed": 248.051414, "delta": 1.61082}}
{"target": 0.22567248584911048, "params": {"C": 30.863044632763444, "epsilon": 11.017763805034974, "gamma": 1.0}, "datetime": {"datetime": "2021-09-18 12:29:33", "elapsed": 249.630551, "delta": 1.579137}}
{"target": 0.7381476646788134, "params": {"C": 45.417896454998946, "epsilon": 1.0201364405009725, "gamma": 0.002212775169397227}, "datetime": {"datetime": "2021-09-18 12:29:35", "elapsed": 250.990236, "delta": 1.359685}}
{"target": 0.8466952130403328, "params": {"C": 47.70372473969052, "epsilon": 2.280135741600026, "gamma": 0.022044627580149193}, "datetime": {"datetime": "2021-09-18 12:29:36", "elapsed": 252.728425, "delta": 1.738189}}
{"target": 0.5948510945806822, "params": {"C": 92.08857668264338, "epsilon": 9.320020877058033, "gamma": 0.14591908618521623}, "datetime": {"datetime": "2021-09-18 12:29:38", "elapsed": 254.901993, "delta": 2.173568}}
{"target": 0.8972665372308363, "params": {"C": 84.42169013925061, "epsilon": 0.001736596182518423, "gamma": 0.095463529573352}, "datetime": {"datetime": "2021-09-18 12:29:40", "elapsed": 256.662594, "delta": 1.760601}}
{"target": 0.43916327070921335, "params": {"C": 58.60855743630273, "epsilon": 5.907396537930443, "gamma": 0.0001}, "datetime": {"datetime": "2021-09-18 12:29:42", "elapsed": 258.255558, "delta": 1.592964}}
{"target": 0.8811553209054158, "params": {"C": 65.91656781229405, "epsilon": 3.4612885968611287, "gamma": 0.061194340392583924}, "datetime": {"datetime": "2021-09-18 12:29:43", "elapsed": 259.734594, "delta": 1.479036}}
{"target": 0.5307661465108144, "params": {"C": 56.41692431024888, "epsilon": 4.900909014616209, "gamma": 1.0}, "datetime": {"datetime": "2021-09-18 12:29:45", "elapsed": 261.419561, "delta": 1.684967}}
{"target": 0.8602854170901296, "params": {"C": 57.20240103889722, "epsilon": 3.124807300349954, "gamma": 0.03625700352578897}, "datetime": {"datetime": "2021-09-18 12:29:47", "elapsed": 263.31456, "delta": 1.894999}}
{"target": 0.6236393260392722, "params": {"C": 22.5628028058086, "epsilon": 0.16603376009179516, "gamma": 1.0}, "datetime": {"datetime": "2021-09-18 12:29:49", "elapsed": 265.015554, "delta": 1.700994}}
{"target": 0.8340924140510388, "params": {"C": 47.21764978543033, "epsilon": 0.04920252092538077, "gamma": 0.009097847452059387}, "datetime": {"datetime": "2021-09-18 12:29:50", "elapsed": 266.443599, "delta": 1.428045}}
{"target": 0.6830707549390447, "params": {"C": 4.908399745973005, "epsilon": 5.856494298328979, "gamma": 0.015415760676124298}, "datetime": {"datetime": "2021-09-18 12:29:51", "elapsed": 267.875598, "delta": 1.431999}}
{"target": 0.32502600731435216, "params": {"C": 90.11194984938446, "epsilon": 9.245692018833862, "gamma": 1.0}, "datetime": {"datetime": "2021-09-18 12:29:53", "elapsed": 269.395558, "delta": 1.51996}}
{"target": 0.658435150289401, "params": {"C": 45.36572872070287, "epsilon": 0.005403829511402688, "gamma": 0.9570464433181618}, "datetime": {"datetime": "2021-09-18 12:29:55", "elapsed": 271.173597, "delta": 1.778039}}
{"target": 0.7896913173957115, "params": {"C": 12.51663350985006, "epsilon": 0.03170643718853111, "gamma": 0.009935151232249627}, "datetime": {"datetime": "2021-09-18 12:29:57", "elapsed": 273.084565, "delta": 1.910968}}
{"target": 0.6053174425339486, "params": {"C": 77.22911988674907, "epsilon": 2.648725646876752, "gamma": 0.9813883577228449}, "datetime": {"datetime": "2021-09-18 12:29:58", "elapsed": 274.610564, "delta": 1.525999}}
{"target": 0.489248330826492, "params": {"C": 22.672287088408083, "epsilon": 5.959972507466569, "gamma": 0.9943703793588755}, "datetime": {"datetime": "2021-09-18 12:30:00", "elapsed": 276.835563, "delta": 2.224999}}
{"target": 0.6216685853230992, "params": {"C": 44.37090503180924, "epsilon": 1.7148027882380694, "gamma": 1.0}, "datetime": {"datetime": "2021-09-18 12:30:02", "elapsed": 278.283559, "delta": 1.447996}}
{"target": 0.5672378903248141, "params": {"C": 17.41381318458743, "epsilon": 2.9178472775199333, "gamma": 0.952254048832827}, "datetime": {"datetime": "2021-09-18 12:30:04", "elapsed": 280.834398, "delta": 2.550839}}
{"target": 0.8589908453308055, "params": {"C": 37.82643184445207, "epsilon": 1.3712253611524556, "gamma": 0.02898357822765605}, "datetime": {"datetime": "2021-09-18 12:30:07", "elapsed": 283.084392, "delta": 2.249994}}
{"target": 0.7129986276207976, "params": {"C": 43.54706439966722, "epsilon": 0.7104339987570673, "gamma": 0.0015976320620569398}, "datetime": {"datetime": "2021-09-18 12:30:08", "elapsed": 284.931396, "delta": 1.847004}}
{"target": 0.6455827320261815, "params": {"C": 85.4528208541107, "epsilon": 0.0001, "gamma": 1.0}, "datetime": {"datetime": "2021-09-18 12:30:10", "elapsed": 286.450803, "delta": 1.519407}}
{"target": 0.2118550450677309, "params": {"C": 94.29118690827866, "epsilon": 11.24618863908825, "gamma": 1.0}, "datetime": {"datetime": "2021-09-18 12:30:12", "elapsed": 288.091939, "delta": 1.641136}}
{"target": 0.8749233135796867, "params": {"C": 81.35658268592505, "epsilon": 3.1155535264066745, "gamma": 0.03830563862237039}, "datetime": {"datetime": "2021-09-18 12:30:13", "elapsed": 289.904564, "delta": 1.812625}}
{"target": 0.41087856298505254, "params": {"C": 94.00589343037494, "epsilon": 7.590925928588337, "gamma": 0.9961407041304503}, "datetime": {"datetime": "2021-09-18 12:30:15", "elapsed": 291.758298, "delta": 1.853734}}
{"target": 0.49256383753289246, "params": {"C": 76.48165114014355, "epsilon": 4.719171580211611, "gamma": 0.0001}, "datetime": {"datetime": "2021-09-18 12:30:17", "elapsed": 293.361645, "delta": 1.603347}}
{"target": 0.5743416416673821, "params": {"C": 73.41490979735916, "epsilon": 4.08842111384338, "gamma": 0.9409067422820407}, "datetime": {"datetime": "2021-09-18 12:30:18", "elapsed": 294.919911, "delta": 1.558266}}
{"target": 0.4692448560792951, "params": {"C": 58.49579161685863, "epsilon": 3.794787135509233, "gamma": 0.0001}, "datetime": {"datetime": "2021-09-18 12:30:20", "elapsed": 296.369579, "delta": 1.449668}}
{"target": 0.6289230347172768, "params": {"C": 59.08577134572897, "epsilon": 1.4417547681259464, "gamma": 0.9930130905246972}, "datetime": {"datetime": "2021-09-18 12:30:21", "elapsed": 297.952848, "delta": 1.583269}}
{"target": 0.8052203451169038, "params": {"C": 73.30623417487253, "epsilon": 6.750581809425015, "gamma": 0.041753584802437245}, "datetime": {"datetime": "2021-09-18 12:30:23", "elapsed": 299.912491, "delta": 1.959643}}
{"target": 0.4144011100006161, "params": {"C": 73.08644821668261, "epsilon": 7.720571460759728, "gamma": 0.9493782424369288}, "datetime": {"datetime": "2021-09-18 12:30:25", "elapsed": 301.724624, "delta": 1.812133}}
{"target": 0.8672340067558811, "params": {"C": 80.93719833330925, "epsilon": 4.7694634238133915, "gamma": 0.039817387696947835}, "datetime": {"datetime": "2021-09-18 12:30:27", "elapsed": 303.325723, "delta": 1.601099}}
{"target": 0.5506214726085201, "params": {"C": 97.45598154134912, "epsilon": 1.1700158487821242, "gamma": 0.0001}, "datetime": {"datetime": "2021-09-18 12:30:29", "elapsed": 305.148658, "delta": 1.822935}}
{"target": 0.034348581126567135, "params": {"C": 3.1539609138659563, "epsilon": 6.421940999102497, "gamma": 0.0001}, "datetime": {"datetime": "2021-09-18 12:30:30", "elapsed": 306.832406, "delta": 1.683748}}
{"target": 0.8977378368408249, "params": {"C": 95.46619513935158, "epsilon": 1.8470808919233164, "gamma": 0.07732710223590522}, "datetime": {"datetime": "2021-09-18 12:30:32", "elapsed": 308.373014, "delta": 1.540608}}
{"target": 0.6333820564471706, "params": {"C": 39.46942855840207, "epsilon": 1.0756334091511413, "gamma": 1.0}, "datetime": {"datetime": "2021-09-18 12:30:33", "elapsed": 309.958976, "delta": 1.585962}}
{"target": 0.6522650880990792, "params": {"C": 75.07666357063962, "epsilon": 0.4946946053622044, "gamma": 0.9644802964745686}, "datetime": {"datetime": "2021-09-18 12:30:35", "elapsed": 311.745573, "delta": 1.786597}}
{"target": 0.8359516174917652, "params": {"C": 26.84155885478872, "epsilon": 1.0124304444877785, "gamma": 0.016204929017024416}, "datetime": {"datetime": "2021-09-18 12:30:37", "elapsed": 313.440939, "delta": 1.695366}}
{"target": 0.42609345349922445, "params": {"C": 97.95200435737661, "epsilon": 8.208462828389697, "gamma": 0.0001}, "datetime": {"datetime": "2021-09-18 12:30:39", "elapsed": 315.310076, "delta": 1.869137}}
{"target": 0.8571409713036835, "params": {"C": 70.59836865130254, "epsilon": 1.9630193322588205, "gamma": 0.024069274109876245}, "datetime": {"datetime": "2021-09-18 12:30:40", "elapsed": 316.937811, "delta": 1.627735}}
{"target": 0.4717986959053968, "params": {"C": 73.74248875937522, "epsilon": 5.681323359772869, "gamma": 0.0001}, "datetime": {"datetime": "2021-09-18 12:30:42", "elapsed": 318.547831, "delta": 1.61002}}
{"target": 0.5546378072626115, "params": {"C": 97.92558584049048, "epsilon": 4.322038885188751, "gamma": 0.9855469720649536}, "datetime": {"datetime": "2021-09-18 12:30:44", "elapsed": 320.296801, "delta": 1.74897}}
{"target": 0.636500043753272, "params": {"C": 75.50635776982472, "epsilon": 8.623674037524514, "gamma": 0.003543732856667779}, "datetime": {"datetime": "2021-09-18 12:30:46", "elapsed": 322.502646, "delta": 2.205845}}
{"target": 0.32535917529489367, "params": {"C": 5.999736335141943, "epsilon": 6.039902457627637, "gamma": 1.0}, "datetime": {"datetime": "2021-09-18 12:30:48", "elapsed": 323.982604, "delta": 1.479958}}
{"target": -0.09022941924649719, "params": {"C": 59.483029411780855, "epsilon": 16.91345039132534, "gamma": 1.0}, "datetime": {"datetime": "2021-09-18 12:30:49", "elapsed": 325.65174, "delta": 1.669136}}
{"target": 0.5148666227853871, "params": {"C": 76.35711169096098, "epsilon": 2.081951007686553, "gamma": 0.0001}, "datetime": {"datetime": "2021-09-18 12:30:51", "elapsed": 327.43001, "delta": 1.77827}}
{"target": -0.033417130576944176, "params": {"C": 70.0780776454758, "epsilon": 16.48615699841288, "gamma": 0.19162576704669793}, "datetime": {"datetime": "2021-09-18 12:30:53", "elapsed": 328.973385, "delta": 1.543375}}
{"target": -0.1515946481027557, "params": {"C": 29.96380860963483, "epsilon": 18.431733583466762, "gamma": 1.0}, "datetime": {"datetime": "2021-09-18 12:30:54", "elapsed": 330.519149, "delta": 1.545764}}
{"target": 0.646103516109376, "params": {"C": 7.260915404718174, "epsilon": 8.623193528476182, "gamma": 0.03198855234151997}, "datetime": {"datetime": "2021-09-18 12:30:56", "elapsed": 332.171184, "delta": 1.652035}}
{"target": 0.6158696920855695, "params": {"C": 74.53821356374746, "epsilon": 2.5707714912893085, "gamma": 0.9503606220612927}, "datetime": {"datetime": "2021-09-18 12:30:57", "elapsed": 333.756649, "delta": 1.585465}}
{"target": 0.6270096856016871, "params": {"C": 47.56073078272199, "epsilon": 1.7273303711708203, "gamma": 0.9795729690178804}, "datetime": {"datetime": "2021-09-18 12:31:00", "elapsed": 336.202517, "delta": 2.445868}}
{"target": 0.5362600559701272, "params": {"C": 69.349510125646, "epsilon": 6.263647403446046, "gamma": 0.7684251797993791}, "datetime": {"datetime": "2021-09-18 12:31:02", "elapsed": 338.592474, "delta": 2.389957}}
{"target": 0.4105204553277877, "params": {"C": 47.40623541594394, "epsilon": 7.716301235048595, "gamma": 0.9680111316534664}, "datetime": {"datetime": "2021-09-18 12:31:04", "elapsed": 340.797515, "delta": 2.205041}}
{"target": 0.18927508720017838, "params": {"C": 15.083505842212285, "epsilon": 8.621890350431732, "gamma": 0.0001}, "datetime": {"datetime": "2021-09-18 12:31:06", "elapsed": 342.471469, "delta": 1.673954}}
{"target": -0.19871387143650865, "params": {"C": 23.042225880677034, "epsilon": 20.0, "gamma": 1.0}, "datetime": {"datetime": "2021-09-18 12:31:08", "elapsed": 344.342478, "delta": 1.871009}}
{"target": 0.8778616445870177, "params": {"C": 54.28891962171311, "epsilon": 0.9860493082836722, "gamma": 0.04974165565511069}, "datetime": {"datetime": "2021-09-18 12:31:10", "elapsed": 346.328476, "delta": 1.985998}}
{"target": 0.373652328771247, "params": {"C": 4.102572656380549, "epsilon": 11.802503484764083, "gamma": 0.06994198434342297}, "datetime": {"datetime": "2021-09-18 12:31:11", "elapsed": 347.881311, "delta": 1.552835}}
{"target": -0.089239709639936, "params": {"C": 84.06436520128693, "epsilon": 16.362493460740332, "gamma": 0.05768294865308966}, "datetime": {"datetime": "2021-09-18 12:31:13", "elapsed": 349.568062, "delta": 1.686751}}
{"target": 0.2773824709795806, "params": {"C": 36.60907668044618, "epsilon": 10.128412182440929, "gamma": 1.0}, "datetime": {"datetime": "2021-09-18 12:31:15", "elapsed": 351.743891, "delta": 2.175829}}
{"target": 0.8819269339295771, "params": {"C": 34.03034547853659, "epsilon": 0.20532246761738981, "gamma": 0.057908472275117494}, "datetime": {"datetime": "2021-09-18 12:31:17", "elapsed": 353.53674, "delta": 1.792849}}
{"target": 0.6459530290018306, "params": {"C": 49.475101157885824, "epsilon": 0.032704141375437826, "gamma": 1.0}, "datetime": {"datetime": "2021-09-18 12:31:19", "elapsed": 355.560829, "delta": 2.024089}}
{"target": -0.10058978095221249, "params": {"C": 96.85398402138502, "epsilon": 17.167807328752026, "gamma": 0.9548628717593278}, "datetime": {"datetime": "2021-09-18 12:31:21", "elapsed": 357.536384, "delta": 1.975555}}
{"target": -0.18346750564600223, "params": {"C": 78.61703222167128, "epsilon": 19.55691118847128, "gamma": 0.7309427621173665}, "datetime": {"datetime": "2021-09-18 12:31:23", "elapsed": 359.261032, "delta": 1.724648}}
{"target": -0.022114621296199344, "params": {"C": 18.30722978134968, "epsilon": 15.3636154175457, "gamma": 1.0}, "datetime": {"datetime": "2021-09-18 12:31:25", "elapsed": 360.976945, "delta": 1.715913}}
{"target": 0.8917560954303246, "params": {"C": 67.63068014949312, "epsilon": 0.05597590685387333, "gamma": 0.0609985987852152}, "datetime": {"datetime": "2021-09-18 12:31:26", "elapsed": 362.813327, "delta": 1.836382}}
{"target": 0.8226178565985629, "params": {"C": 90.27974484626051, "epsilon": 1.5208463617650636, "gamma": 0.005545382078562328}, "datetime": {"datetime": "2021-09-18 12:31:28", "elapsed": 364.919642, "delta": 2.106315}}
{"target": 0.7705285657517171, "params": {"C": 71.60170153176317, "epsilon": 6.888738380248622, "gamma": 0.014906851328281312}, "datetime": {"datetime": "2021-09-18 12:31:30", "elapsed": 366.872418, "delta": 1.952776}}
{"target": 0.5455303034631114, "params": {"C": 92.16917121650832, "epsilon": 2.3636612974044384, "gamma": 0.0001}, "datetime": {"datetime": "2021-09-18 12:31:32", "elapsed": 368.722964, "delta": 1.850546}}
{"target": 0.5220785536918731, "params": {"C": 84.52366302137695, "epsilon": 0.9567193865355891, "gamma": 0.0001}, "datetime": {"datetime": "2021-09-18 12:31:34", "elapsed": 370.53706, "delta": 1.814096}}
{"target": 0.6194916084323911, "params": {"C": 82.69995535306663, "epsilon": 1.8943683456098876, "gamma": 0.9941033167468036}, "datetime": {"datetime": "2021-09-18 12:31:36", "elapsed": 372.64923, "delta": 2.11217}}
{"target": 0.4416273189681107, "params": {"C": 87.46248734512554, "epsilon": 7.110189978180953, "gamma": 0.0001}, "datetime": {"datetime": "2021-09-18 12:31:38", "elapsed": 374.959758, "delta": 2.310528}}
{"target": -0.19871387143650865, "params": {"C": 90.0352686331205, "epsilon": 20.0, "gamma": 1.0}, "datetime": {"datetime": "2021-09-18 12:31:41", "elapsed": 377.125644, "delta": 2.165886}}
{"target": 0.4002365457383843, "params": {"C": 36.93303210564719, "epsilon": 2.550064516299138, "gamma": 0.0001}, "datetime": {"datetime": "2021-09-18 12:31:43", "elapsed": 379.429473, "delta": 2.303829}}
{"target": 0.13760844624987967, "params": {"C": 45.63452546547414, "epsilon": 12.45485007827601, "gamma": 1.0}, "datetime": {"datetime": "2021-09-18 12:31:45", "elapsed": 381.324982, "delta": 1.895509}}
{"target": 0.5580885160348382, "params": {"C": 33.288076992835556, "epsilon": 4.101981724519768, "gamma": 1.0}, "datetime": {"datetime": "2021-09-18 12:31:47", "elapsed": 383.17222, "delta": 1.847238}}
