{"target": -2.0489899212085376, "params": {"C": 210.00101910731428, "epsilon": 0.14588495829965764, "gamma": 0.02}, "datetime": {"datetime": "2021-09-19 09:38:53", "elapsed": 159.90911, "delta": 1.744856}}
{"target": -2.045771817235573, "params": {"C": 396.09304541748224, "epsilon": 0.26512640608533883, "gamma": 0.04674626936393116}, "datetime": {"datetime": "2021-09-19 09:38:54", "elapsed": 161.024077, "delta": 1.114967}}
{"target": -2.0171106138217714, "params": {"C": 283.51516645495934, "epsilon": 0.19088708894978818, "gamma": 0.02}, "datetime": {"datetime": "2021-09-19 09:38:56", "elapsed": 162.52611, "delta": 1.502033}}
{"target": -2.632082308039076, "params": {"C": 396.0779919726533, "epsilon": 0.20319720852341536, "gamma": 0.13484034543614032}, "datetime": {"datetime": "2021-09-19 09:38:57", "elapsed": 164.01007, "delta": 1.48396}}
{"target": -1.9500753803626742, "params": {"C": 209.98157031331422, "epsilon": 0.26673621261009234, "gamma": 0.03251214716878613}, "datetime": {"datetime": "2021-09-19 09:38:59", "elapsed": 165.302113, "delta": 1.292043}}
{"target": -1.9499032263261373, "params": {"C": 209.86276357513745, "epsilon": 0.23431067778235262, "gamma": 0.03482662480066184}, "datetime": {"datetime": "2021-09-19 09:39:00", "elapsed": 166.425765, "delta": 1.123652}}
{"target": -2.105817736617945, "params": {"C": 209.8677057908946, "epsilon": 0.14778119643351756, "gamma": 0.07926345433402558}, "datetime": {"datetime": "2021-09-19 09:39:01", "elapsed": 167.738138, "delta": 1.312373}}
{"target": -1.9721148233901342, "params": {"C": 397.87580345490665, "epsilon": 0.28036585868437025, "gamma": 0.02717759673278336}, "datetime": {"datetime": "2021-09-19 09:39:02", "elapsed": 168.640138, "delta": 0.902}}
{"target": -1.9835128968367008, "params": {"C": 397.79438761530093, "epsilon": 0.23257629707068464, "gamma": 0.030197093941329467}, "datetime": {"datetime": "2021-09-19 09:39:03", "elapsed": 170.024496, "delta": 1.384358}}
{"target": -2.5768991778731984, "params": {"C": 397.8165782279815, "epsilon": 0.2365784481082084, "gamma": 0.12037043887366197}, "datetime": {"datetime": "2021-09-19 09:39:05", "elapsed": 171.733973, "delta": 1.709477}}
{"target": -2.24632701289088, "params": {"C": 209.90656399500688, "epsilon": 0.28667355845896403, "gamma": 0.09658179285369303}, "datetime": {"datetime": "2021-09-19 09:39:06", "elapsed": 173.001674, "delta": 1.267701}}
{"target": -1.996479969198293, "params": {"C": 209.77601725559435, "epsilon": 0.1991625315983227, "gamma": 0.04899520824264311}, "datetime": {"datetime": "2021-09-19 09:39:08", "elapsed": 174.497296, "delta": 1.495622}}
{"target": -1.9944177363353361, "params": {"C": 327.7769012004479, "epsilon": 0.0901127588391165, "gamma": 0.033489579963464}, "datetime": {"datetime": "2021-09-19 09:39:09", "elapsed": 175.940221, "delta": 1.442925}}
{"target": -2.04957246122141, "params": {"C": 259.14752137081024, "epsilon": 0.002, "gamma": 0.02}, "datetime": {"datetime": "2021-09-19 09:39:11", "elapsed": 177.491984, "delta": 1.551763}}
{"target": -1.9719395595078162, "params": {"C": 397.7329583939706, "epsilon": 0.29294504382537045, "gamma": 0.027572396483648506}, "datetime": {"datetime": "2021-09-19 09:39:12", "elapsed": 178.973366, "delta": 1.481382}}
{"target": -2.019918886381032, "params": {"C": 202.88932021888922, "epsilon": 0.2499460857887139, "gamma": 0.021655794844458343}, "datetime": {"datetime": "2021-09-19 09:39:14", "elapsed": 180.576439, "delta": 1.603073}}
{"target": -2.002870003200396, "params": {"C": 282.64629707332904, "epsilon": 0.09623252014521892, "gamma": 0.0394526500998222}, "datetime": {"datetime": "2021-09-19 09:39:15", "elapsed": 181.420189, "delta": 0.84375}}
{"target": -1.9870062990453805, "params": {"C": 396.20262216692913, "epsilon": 0.2044659109421806, "gamma": 0.021589134744770158}, "datetime": {"datetime": "2021-09-19 09:39:16", "elapsed": 182.618131, "delta": 1.197942}}
{"target": -2.021581116713145, "params": {"C": 265.83430078520604, "epsilon": 0.21169710885753543, "gamma": 0.02}, "datetime": {"datetime": "2021-09-19 09:39:17", "elapsed": 183.982608, "delta": 1.364477}}
{"target": -2.0139244602090285, "params": {"C": 396.20890943315004, "epsilon": 0.10152455928916733, "gamma": 0.042890057761816286}, "datetime": {"datetime": "2021-09-19 09:39:19", "elapsed": 185.388899, "delta": 1.406291}}
{"target": -2.446122485280438, "params": {"C": 313.85409036783625, "epsilon": 0.13826427876386668, "gamma": 0.11334795569582042}, "datetime": {"datetime": "2021-09-19 09:39:20", "elapsed": 186.283032, "delta": 0.894133}}
{"target": -2.0066928089408407, "params": {"C": 397.6836167097895, "epsilon": 0.190459194939023, "gamma": 0.025763150915640402}, "datetime": {"datetime": "2021-09-19 09:39:21", "elapsed": 187.80379, "delta": 1.520758}}
{"target": -2.0562089151982734, "params": {"C": 396.13704855351295, "epsilon": 0.025620739284450134, "gamma": 0.05298456951110085}, "datetime": {"datetime": "2021-09-19 09:39:23", "elapsed": 189.393846, "delta": 1.590056}}
{"target": -1.9603704057508908, "params": {"C": 209.77658103116957, "epsilon": 0.29979264312952214, "gamma": 0.03634457400948796}, "datetime": {"datetime": "2021-09-19 09:39:24", "elapsed": 190.52032, "delta": 1.126474}}
{"target": -2.018139881948541, "params": {"C": 395.103719144429, "epsilon": 0.0848091583344356, "gamma": 0.03234480012062374}, "datetime": {"datetime": "2021-09-19 09:39:25", "elapsed": 191.464324, "delta": 0.944004}}
{"target": -2.024165610673792, "params": {"C": 306.37403417875726, "epsilon": 0.10194340642748076, "gamma": 0.02063496386197814}, "datetime": {"datetime": "2021-09-19 09:39:26", "elapsed": 192.307761, "delta": 0.843437}}
{"target": -2.4269706488737066, "params": {"C": 276.62113232711505, "epsilon": 0.22431011669819412, "gamma": 0.11157917197705984}, "datetime": {"datetime": "2021-09-19 09:39:26", "elapsed": 193.215045, "delta": 0.907284}}
{"target": -1.947862540575075, "params": {"C": 209.68602097409078, "epsilon": 0.29194421845992036, "gamma": 0.026722721588304788}, "datetime": {"datetime": "2021-09-19 09:39:28", "elapsed": 194.705045, "delta": 1.49}}
{"target": -1.9992818607879288, "params": {"C": 397.9944154672749, "epsilon": 0.22915671289707354, "gamma": 0.024723657634719988}, "datetime": {"datetime": "2021-09-19 09:39:30", "elapsed": 196.501115, "delta": 1.79607}}
{"target": -2.2531307712007766, "params": {"C": 209.69599965600253, "epsilon": 0.24527568068329036, "gamma": 0.09839904701423727}, "datetime": {"datetime": "2021-09-19 09:39:31", "elapsed": 197.705463, "delta": 1.204348}}
{"target": -2.0006374132008404, "params": {"C": 396.3393490242878, "epsilon": 0.16408606378113114, "gamma": 0.03145649806683812}, "datetime": {"datetime": "2021-09-19 09:39:32", "elapsed": 199.192722, "delta": 1.487259}}
{"target": -2.019660106450074, "params": {"C": 282.86573979879813, "epsilon": 0.1737131334031476, "gamma": 0.02}, "datetime": {"datetime": "2021-09-19 09:39:34", "elapsed": 200.60982, "delta": 1.417098}}
{"target": -1.9822524934037447, "params": {"C": 397.59649200702717, "epsilon": 0.2946639365903273, "gamma": 0.030209407142648418}, "datetime": {"datetime": "2021-09-19 09:39:35", "elapsed": 202.203358, "delta": 1.593538}}
{"target": -1.9966598283881594, "params": {"C": 396.2993722504165, "epsilon": 0.277220786144756, "gamma": 0.02}, "datetime": {"datetime": "2021-09-19 09:39:37", "elapsed": 204.115993, "delta": 1.912635}}
{"target": -2.643067008590267, "params": {"C": 396.3061049410968, "epsilon": 0.22376079922871067, "gamma": 0.14673544884368167}, "datetime": {"datetime": "2021-09-19 09:39:39", "elapsed": 205.803178, "delta": 1.687185}}
{"target": -2.051028636495891, "params": {"C": 334.56604254445296, "epsilon": 0.07702705158693188, "gamma": 0.052779586564422665}, "datetime": {"datetime": "2021-09-19 09:39:40", "elapsed": 206.726342, "delta": 0.923164}}
{"target": -2.5035301103818877, "params": {"C": 397.51166671296255, "epsilon": 0.2929313377193331, "gamma": 0.1079314571643929}, "datetime": {"datetime": "2021-09-19 09:39:41", "elapsed": 208.203304, "delta": 1.476962}}
{"target": -2.021195254356271, "params": {"C": 396.3703802053081, "epsilon": 0.07491653393908972, "gamma": 0.03175191047137159}, "datetime": {"datetime": "2021-09-19 09:39:43", "elapsed": 209.779769, "delta": 1.576465}}
{"target": -2.5067370016043826, "params": {"C": 271.61167505386265, "epsilon": 0.2474789302038005, "gamma": 0.1245348485571065}, "datetime": {"datetime": "2021-09-19 09:39:44", "elapsed": 210.721781, "delta": 0.942012}}
{"target": -2.0343713193587676, "params": {"C": 258.7681684987479, "epsilon": 0.12010619978311592, "gamma": 0.02}, "datetime": {"datetime": "2021-09-19 09:39:45", "elapsed": 212.078792, "delta": 1.357011}}
{"target": -2.001582248618057, "params": {"C": 374.33638032499204, "epsilon": 0.3, "gamma": 0.02}, "datetime": {"datetime": "2021-09-19 09:39:47", "elapsed": 213.82241, "delta": 1.743618}}
{"target": -2.5788391783365996, "params": {"C": 374.37172025006714, "epsilon": 0.2821686843516532, "gamma": 0.12337269266094518}, "datetime": {"datetime": "2021-09-19 09:39:49", "elapsed": 215.329692, "delta": 1.507282}}
{"target": -2.5924203606099385, "params": {"C": 395.0367447838856, "epsilon": 0.06497398374411051, "gamma": 0.1261103090525664}, "datetime": {"datetime": "2021-09-19 09:39:50", "elapsed": 216.780457, "delta": 1.450765}}
{"target": -1.988199486760211, "params": {"C": 398.11172849457034, "epsilon": 0.20798839448409306, "gamma": 0.027229101846386914}, "datetime": {"datetime": "2021-09-19 09:39:52", "elapsed": 218.676782, "delta": 1.896325}}
{"target": -2.0070427638478243, "params": {"C": 395.1834831222113, "epsilon": 0.08263040508201924, "gamma": 0.021298618783236523}, "datetime": {"datetime": "2021-09-19 09:39:53", "elapsed": 220.071547, "delta": 1.394765}}
{"target": -2.570291980256023, "params": {"C": 398.1453399118412, "epsilon": 0.2679952484521706, "gamma": 0.11899883019277017}, "datetime": {"datetime": "2021-09-19 09:39:55", "elapsed": 222.039295, "delta": 1.967748}}
{"target": -2.020429350912002, "params": {"C": 398.00920246012606, "epsilon": 0.12141799030626978, "gamma": 0.0245980355994122}, "datetime": {"datetime": "2021-09-19 09:39:57", "elapsed": 223.50847, "delta": 1.469175}}
{"target": -2.4058045617995276, "params": {"C": 385.051631511196, "epsilon": 0.23355682370201158, "gamma": 0.09863023011369722}, "datetime": {"datetime": "2021-09-19 09:39:58", "elapsed": 224.596994, "delta": 1.088524}}
{"target": -2.037277206519166, "params": {"C": 240.05757024685025, "epsilon": 0.2163091833090958, "gamma": 0.05749206573658473}, "datetime": {"datetime": "2021-09-19 09:39:59", "elapsed": 225.681083, "delta": 1.084089}}
{"target": -2.587605380220279, "params": {"C": 285.87785033330573, "epsilon": 0.23441965649461702, "gamma": 0.1375553668885804}, "datetime": {"datetime": "2021-09-19 09:40:00", "elapsed": 226.731391, "delta": 1.050308}}
{"target": -1.9565440129393155, "params": {"C": 240.18055003049653, "epsilon": 0.26387384524318314, "gamma": 0.036030533961099245}, "datetime": {"datetime": "2021-09-19 09:40:02", "elapsed": 228.892408, "delta": 2.161017}}
{"target": -1.989968814181155, "params": {"C": 240.318281564379, "epsilon": 0.234793532865993, "gamma": 0.02276906565175617}, "datetime": {"datetime": "2021-09-19 09:40:04", "elapsed": 230.511516, "delta": 1.619108}}
{"target": -2.2710808067482695, "params": {"C": 398.1096812976745, "epsilon": 0.0725045285108245, "gamma": 0.085854542550552}, "datetime": {"datetime": "2021-09-19 09:40:06", "elapsed": 232.625103, "delta": 2.113587}}
{"target": -2.093322572223939, "params": {"C": 211.66087701251004, "epsilon": 0.13925761446620405, "gamma": 0.07514661742002851}, "datetime": {"datetime": "2021-09-19 09:40:07", "elapsed": 233.657062, "delta": 1.031959}}
{"target": -2.311028221119779, "params": {"C": 240.25100312470914, "epsilon": 0.23616990574410013, "gamma": 0.10265649077621582}, "datetime": {"datetime": "2021-09-19 09:40:09", "elapsed": 235.569294, "delta": 1.912232}}
{"target": -2.023028687930769, "params": {"C": 251.25614078480098, "epsilon": 0.008856080614135104, "gamma": 0.023012105565800606}, "datetime": {"datetime": "2021-09-19 09:40:10", "elapsed": 236.963192, "delta": 1.393898}}
{"target": -2.103604332420647, "params": {"C": 394.1371508988264, "epsilon": 0.2525531520654919, "gamma": 0.059459094680240465}, "datetime": {"datetime": "2021-09-19 09:40:11", "elapsed": 238.031192, "delta": 1.068}}
{"target": -1.9475156267364828, "params": {"C": 240.11712451320034, "epsilon": 0.2931196707590005, "gamma": 0.028422452913855166}, "datetime": {"datetime": "2021-09-19 09:40:13", "elapsed": 240.023233, "delta": 1.992041}}
{"target": -2.0057244033807535, "params": {"C": 396.4527340467416, "epsilon": 0.161044311754383, "gamma": 0.02}, "datetime": {"datetime": "2021-09-19 09:40:15", "elapsed": 241.99477, "delta": 1.971537}}
{"target": -2.5478995093938983, "params": {"C": 306.3337331764393, "epsilon": 0.07705406449258705, "gamma": 0.1306555117348847}, "datetime": {"datetime": "2021-09-19 09:40:17", "elapsed": 243.447042, "delta": 1.452272}}
{"target": -2.001635797288991, "params": {"C": 374.22048596137773, "epsilon": 0.3, "gamma": 0.02}, "datetime": {"datetime": "2021-09-19 09:40:18", "elapsed": 245.208862, "delta": 1.76182}}
{"target": -2.0058505466411862, "params": {"C": 374.25799166441743, "epsilon": 0.1986991814899424, "gamma": 0.02}, "datetime": {"datetime": "2021-09-19 09:40:20", "elapsed": 247.017233, "delta": 1.808371}}
{"target": -1.9813662844137152, "params": {"C": 265.3911251838763, "epsilon": 0.06586457641221498, "gamma": 0.03332335316559981}, "datetime": {"datetime": "2021-09-19 09:40:22", "elapsed": 248.687233, "delta": 1.67}}
{"target": -2.517166191105288, "params": {"C": 297.8677810778472, "epsilon": 0.26065072255730937, "gamma": 0.12182116585816921}, "datetime": {"datetime": "2021-09-19 09:40:23", "elapsed": 249.706238, "delta": 1.019005}}
{"target": -2.276999354365529, "params": {"C": 374.1537970968859, "epsilon": 0.20773583399492893, "gamma": 0.08625165029387484}, "datetime": {"datetime": "2021-09-19 09:40:25", "elapsed": 251.880232, "delta": 2.173994}}
{"target": -2.0959155746921834, "params": {"C": 357.19695498063106, "epsilon": 0.28390834209909455, "gamma": 0.05652078694351326}, "datetime": {"datetime": "2021-09-19 09:40:26", "elapsed": 252.971236, "delta": 1.091004}}
{"target": -2.6040754388538128, "params": {"C": 265.3515477295547, "epsilon": 0.08854151854087856, "gamma": 0.14828408751167296}, "datetime": {"datetime": "2021-09-19 09:40:28", "elapsed": 254.581235, "delta": 1.609999}}
{"target": -2.379990679229552, "params": {"C": 375.5541194388334, "epsilon": 0.07153621901911701, "gamma": 0.09974430486043964}, "datetime": {"datetime": "2021-09-19 09:40:29", "elapsed": 255.784235, "delta": 1.203}}
{"target": -2.58363625970714, "params": {"C": 276.7616535157079, "epsilon": 0.0842328612757978, "gamma": 0.14180364080225524}, "datetime": {"datetime": "2021-09-19 09:40:30", "elapsed": 256.900238, "delta": 1.116003}}
{"target": -2.0156707016906226, "params": {"C": 362.8828522882329, "epsilon": 0.050310939942271204, "gamma": 0.038015941474053704}, "datetime": {"datetime": "2021-09-19 09:40:32", "elapsed": 258.715235, "delta": 1.814997}}
{"target": -2.0116602836802846, "params": {"C": 353.53043358969103, "epsilon": 0.08685569009607616, "gamma": 0.024044111350763377}, "datetime": {"datetime": "2021-09-19 09:40:33", "elapsed": 259.804233, "delta": 1.088998}}
{"target": -1.9697150446847185, "params": {"C": 240.41667530162977, "epsilon": 0.2614491497824563, "gamma": 0.03858330932122499}, "datetime": {"datetime": "2021-09-19 09:40:35", "elapsed": 261.348231, "delta": 1.543998}}
{"target": -2.613800511062531, "params": {"C": 276.5242645165189, "epsilon": 0.025117586640227098, "gamma": 0.14861445258916103}, "datetime": {"datetime": "2021-09-19 09:40:36", "elapsed": 262.418235, "delta": 1.070004}}
{"target": -2.5852939687166683, "params": {"C": 259.4584052989872, "epsilon": 0.02065670147493833, "gamma": 0.1469913036148316}, "datetime": {"datetime": "2021-09-19 09:40:37", "elapsed": 263.552233, "delta": 1.133998}}
{"target": -2.335042260148154, "params": {"C": 348.69725017617606, "epsilon": 0.1948838676746933, "gamma": 0.09413695141105735}, "datetime": {"datetime": "2021-09-19 09:40:38", "elapsed": 264.659185, "delta": 1.106952}}
{"target": -2.055962237898951, "params": {"C": 217.00026059001493, "epsilon": 0.05952182555727254, "gamma": 0.02}, "datetime": {"datetime": "2021-09-19 09:40:39", "elapsed": 266.25018, "delta": 1.590995}}
{"target": -2.0150485649041956, "params": {"C": 265.452948386207, "epsilon": 0.0034988750705773047, "gamma": 0.02674476251317841}, "datetime": {"datetime": "2021-09-19 09:40:41", "elapsed": 267.957691, "delta": 1.707511}}
{"target": -2.1283255935549237, "params": {"C": 217.90393700828696, "epsilon": 0.07126437031680413, "gamma": 0.0835848647391611}, "datetime": {"datetime": "2021-09-19 09:40:42", "elapsed": 269.06052, "delta": 1.102829}}
{"target": -2.01051523759555, "params": {"C": 306.5017354743798, "epsilon": 0.13176562546786977, "gamma": 0.02142647490355544}, "datetime": {"datetime": "2021-09-19 09:40:44", "elapsed": 270.962685, "delta": 1.902165}}
{"target": -2.317946870058762, "params": {"C": 231.07556823124511, "epsilon": 0.137152574476181, "gamma": 0.10645169237125679}, "datetime": {"datetime": "2021-09-19 09:40:45", "elapsed": 272.10876, "delta": 1.146075}}
{"target": -2.219092807151268, "params": {"C": 397.5820903567918, "epsilon": 0.26457616707306353, "gamma": 0.0756360710271041}, "datetime": {"datetime": "2021-09-19 09:40:46", "elapsed": 273.267722, "delta": 1.158962}}
{"target": -2.010928785689759, "params": {"C": 306.41916412653063, "epsilon": 0.21803528560751018, "gamma": 0.02}, "datetime": {"datetime": "2021-09-19 09:40:48", "elapsed": 275.23489, "delta": 1.967168}}
{"target": -1.9886331072270385, "params": {"C": 240.52646744591783, "epsilon": 0.2914873267661274, "gamma": 0.04070664896324149}, "datetime": {"datetime": "2021-09-19 09:40:51", "elapsed": 277.405897, "delta": 2.171007}}
{"target": -1.9901511749529142, "params": {"C": 306.5827175448143, "epsilon": 0.2612111868701048, "gamma": 0.03734815313409508}, "datetime": {"datetime": "2021-09-19 09:40:52", "elapsed": 279.143088, "delta": 1.737191}}
{"target": -2.48776543485647, "params": {"C": 240.47667363997152, "epsilon": 0.29361042149205274, "gamma": 0.1268488835861007}, "datetime": {"datetime": "2021-09-19 09:40:54", "elapsed": 281.271372, "delta": 2.128284}}
{"target": -2.5554733667590397, "params": {"C": 335.69777223852816, "epsilon": 0.15386245443796615, "gamma": 0.12495339212920445}, "datetime": {"datetime": "2021-09-19 09:40:56", "elapsed": 282.430075, "delta": 1.158703}}
{"target": -2.593227913498558, "params": {"C": 306.5444371567477, "epsilon": 0.24208138817949337, "gamma": 0.1358999201261383}, "datetime": {"datetime": "2021-09-19 09:40:58", "elapsed": 284.490327, "delta": 2.060252}}
{"target": -1.9711378271391864, "params": {"C": 240.3945955703789, "epsilon": 0.1464506462090404, "gamma": 0.03266494130376495}, "datetime": {"datetime": "2021-09-19 09:41:00", "elapsed": 286.567459, "delta": 2.077132}}
{"target": -1.9988646464578046, "params": {"C": 306.6952553613364, "epsilon": 0.25606213505873054, "gamma": 0.04392720594576913}, "datetime": {"datetime": "2021-09-19 09:41:02", "elapsed": 288.447191, "delta": 1.879732}}
{"target": -2.207605839997555, "params": {"C": 374.9547408592473, "epsilon": 0.19025842972062051, "gamma": 0.07740900678309184}, "datetime": {"datetime": "2021-09-19 09:41:03", "elapsed": 289.634647, "delta": 1.187456}}
{"target": -2.0054901014259707, "params": {"C": 306.6659011476719, "epsilon": 0.13527658378542323, "gamma": 0.042734739430759984}, "datetime": {"datetime": "2021-09-19 09:41:04", "elapsed": 291.246971, "delta": 1.612324}}
{"target": -1.9889278388089922, "params": {"C": 215.75292845030526, "epsilon": 0.11640352685141066, "gamma": 0.030251919633849482}, "datetime": {"datetime": "2021-09-19 09:41:06", "elapsed": 292.34642, "delta": 1.099449}}
{"target": -1.9770360093560466, "params": {"C": 240.47898400766178, "epsilon": 0.1822711947886582, "gamma": 0.029969429916205187}, "datetime": {"datetime": "2021-09-19 09:41:07", "elapsed": 294.052153, "delta": 1.705733}}
{"target": -2.0006739262893447, "params": {"C": 395.14793029057176, "epsilon": 0.19290704417669882, "gamma": 0.02}, "datetime": {"datetime": "2021-09-19 09:41:09", "elapsed": 295.897617, "delta": 1.845464}}
{"target": -2.357457942094719, "params": {"C": 267.6713060326202, "epsilon": 0.22995215296601496, "gamma": 0.10405445592808323}, "datetime": {"datetime": "2021-09-19 09:41:10", "elapsed": 297.088198, "delta": 1.190581}}
{"target": -1.9774646264671853, "params": {"C": 306.78203127042366, "epsilon": 0.16394516801127273, "gamma": 0.030971587213861625}, "datetime": {"datetime": "2021-09-19 09:41:13", "elapsed": 299.482643, "delta": 2.394445}}
{"target": -2.5428243600713087, "params": {"C": 306.81961717512183, "epsilon": 0.23725223265465417, "gamma": 0.12503496041071138}, "datetime": {"datetime": "2021-09-19 09:41:15", "elapsed": 301.407497, "delta": 1.924854}}
{"target": -2.369279543384215, "params": {"C": 215.81363100475596, "epsilon": 0.06441720402003759, "gamma": 0.1160801924962755}, "datetime": {"datetime": "2021-09-19 09:41:17", "elapsed": 304.06925, "delta": 2.661753}}
{"target": -2.005390243560327, "params": {"C": 306.75351691130993, "epsilon": 0.039291563925318344, "gamma": 0.049460945776982485}, "datetime": {"datetime": "2021-09-19 09:41:19", "elapsed": 306.120201, "delta": 2.050951}}
{"target": -2.094887436893137, "params": {"C": 215.6232828372125, "epsilon": 0.16667543986454114, "gamma": 0.07524232742108827}, "datetime": {"datetime": "2021-09-19 09:41:21", "elapsed": 307.796007, "delta": 1.675806}}
