{"target": -3.172841963823529, "params": {"C": 50.354846224965115, "epsilon": 1.931031296137038, "gamma": 0.48630499689214557}, "datetime": {"datetime": "2021-09-18 10:24:26", "elapsed": 46.261121, "delta": 0.579653}}
{"target": -2.174864860815386, "params": {"C": 50.413808531637045, "epsilon": 0.8097985367904861, "gamma": 0.046593319604239826}, "datetime": {"datetime": "2021-09-18 10:24:26", "elapsed": 46.939161, "delta": 0.67804}}
{"target": -3.455348397504541, "params": {"C": 67.53174079190508, "epsilon": 0.001, "gamma": 0.001}, "datetime": {"datetime": "2021-09-18 10:24:27", "elapsed": 47.523784, "delta": 0.584623}}
{"target": -2.1275978892700222, "params": {"C": 68.37655311133575, "epsilon": 1.0893234559754865, "gamma": 0.07128799104801015}, "datetime": {"datetime": "2021-09-18 10:24:27", "elapsed": 48.114905, "delta": 0.591121}}
{"target": -2.731295593906249, "params": {"C": 65.88129272249583, "epsilon": 0.03072363425054298, "gamma": 0.41261706513294183}, "datetime": {"datetime": "2021-09-18 10:24:28", "elapsed": 48.715141, "delta": 0.600236}}
{"target": -2.819548865986742, "params": {"C": 25.036681146619575, "epsilon": 0.932590424762384, "gamma": 0.42064845106687676}, "datetime": {"datetime": "2021-09-18 10:24:29", "elapsed": 49.304182, "delta": 0.589041}}
{"target": -2.8676387707443878, "params": {"C": 42.84641893117933, "epsilon": 1.0585008612617495, "gamma": 0.414019522340334}, "datetime": {"datetime": "2021-09-18 10:24:29", "elapsed": 49.859763, "delta": 0.555581}}
{"target": -3.0356530046353423, "params": {"C": 68.0205489007752, "epsilon": 1.0501633818763567, "gamma": 0.49644292915538596}, "datetime": {"datetime": "2021-09-18 10:24:30", "elapsed": 50.494064, "delta": 0.634301}}
{"target": -2.9715527968438242, "params": {"C": 41.89724695922211, "epsilon": 0.7321968605375322, "gamma": 0.5}, "datetime": {"datetime": "2021-09-18 10:24:30", "elapsed": 51.016027, "delta": 0.521963}}
{"target": -3.4879655549779933, "params": {"C": 68.77411767912555, "epsilon": 0.6589027790165946, "gamma": 0.001}, "datetime": {"datetime": "2021-09-18 10:24:31", "elapsed": 51.561068, "delta": 0.545041}}
{"target": -2.420566681619549, "params": {"C": 18.02445632273116, "epsilon": 0.6657533306597372, "gamma": 0.02842438387874295}, "datetime": {"datetime": "2021-09-18 10:24:32", "elapsed": 52.235659, "delta": 0.674591}}
{"target": -3.891188733917489, "params": {"C": 15.424445425359467, "epsilon": 6.019045253201575, "gamma": 0.10309818579293256}, "datetime": {"datetime": "2021-09-18 10:24:32", "elapsed": 52.584622, "delta": 0.348963}}
{"target": -2.9180923713047786, "params": {"C": 20.3896331323198, "epsilon": 2.1009164856233706, "gamma": 0.37022107578757213}, "datetime": {"datetime": "2021-09-18 10:24:32", "elapsed": 52.995649, "delta": 0.411027}}
{"target": -2.160612141695922, "params": {"C": 50.437108718160005, "epsilon": 0.8471362473914159, "gamma": 0.11872299452883103}, "datetime": {"datetime": "2021-09-18 10:24:33", "elapsed": 53.470582, "delta": 0.474933}}
{"target": -2.6250368831603206, "params": {"C": 49.78780741368214, "epsilon": 0.30181972541856417, "gamma": 0.3553328133142181}, "datetime": {"datetime": "2021-09-18 10:24:33", "elapsed": 54.108583, "delta": 0.638001}}
{"target": -3.747060332744999, "params": {"C": 25.445980037502764, "epsilon": 0.5527288891562445, "gamma": 0.001}, "datetime": {"datetime": "2021-09-18 10:24:34", "elapsed": 54.78759, "delta": 0.679007}}
{"target": -3.103976188132412, "params": {"C": 41.424229249178744, "epsilon": 2.964154298270338, "gamma": 0.3429996341264264}, "datetime": {"datetime": "2021-09-18 10:24:34", "elapsed": 55.155626, "delta": 0.368036}}
{"target": -2.672680389164045, "params": {"C": 25.912524022292786, "epsilon": 1.443636607892502, "gamma": 0.31675050737505667}, "datetime": {"datetime": "2021-09-18 10:24:35", "elapsed": 55.90226, "delta": 0.746634}}
{"target": -4.245532019875881, "params": {"C": 33.38850185344988, "epsilon": 5.93210390405092, "gamma": 0.26762462418065935}, "datetime": {"datetime": "2021-09-18 10:24:36", "elapsed": 56.263495, "delta": 0.361235}}
{"target": -2.7814860444426786, "params": {"C": 54.86146138786042, "epsilon": 0.09453446377023796, "gamma": 0.44369319629177606}, "datetime": {"datetime": "2021-09-18 10:24:36", "elapsed": 56.926451, "delta": 0.662956}}
{"target": -2.945543179334389, "params": {"C": 40.8046507450159, "epsilon": 0.9912739054134774, "gamma": 0.46464759897206853}, "datetime": {"datetime": "2021-09-18 10:24:37", "elapsed": 57.326146, "delta": 0.399695}}
{"target": -2.600641064868862, "params": {"C": 24.62073311645507, "epsilon": 0.04797599609980073, "gamma": 0.36091969526585244}, "datetime": {"datetime": "2021-09-18 10:24:37", "elapsed": 58.07518, "delta": 0.749034}}
{"target": -2.81521321396219, "params": {"C": 44.18322208000673, "epsilon": 3.7673394739096646, "gamma": 0.10620746868575591}, "datetime": {"datetime": "2021-09-18 10:24:38", "elapsed": 58.476178, "delta": 0.400998}}
{"target": -2.6297404275741965, "params": {"C": 68.46771102431629, "epsilon": 1.6433333034739657, "gamma": 0.006980230563883793}, "datetime": {"datetime": "2021-09-18 10:24:39", "elapsed": 59.270164, "delta": 0.793986}}
{"target": -3.726645611628655, "params": {"C": 28.00411990802405, "epsilon": 1.5200172466753479, "gamma": 0.001}, "datetime": {"datetime": "2021-09-18 10:24:39", "elapsed": 59.896858, "delta": 0.626694}}
{"target": -2.530672856481275, "params": {"C": 63.02962951014023, "epsilon": 3.3799163867408377, "gamma": 0.07449993217638534}, "datetime": {"datetime": "2021-09-18 10:24:40", "elapsed": 60.300883, "delta": 0.404025}}
{"target": -2.923688825662994, "params": {"C": 27.182068092504686, "epsilon": 0.9001741870733634, "gamma": 0.470739819204444}, "datetime": {"datetime": "2021-09-18 10:24:40", "elapsed": 60.981915, "delta": 0.681032}}
{"target": -2.5019330513768394, "params": {"C": 27.692634161742514, "epsilon": 0.399829216538955, "gamma": 0.012752662747881817}, "datetime": {"datetime": "2021-09-18 10:24:41", "elapsed": 61.753879, "delta": 0.771964}}
{"target": -3.118325428209475, "params": {"C": 42.04890658253651, "epsilon": 1.069425656316267, "gamma": 0.0029712612075722495}, "datetime": {"datetime": "2021-09-18 10:24:42", "elapsed": 62.477939, "delta": 0.72406}}
{"target": -2.338085455227515, "params": {"C": 42.246449164132414, "epsilon": 0.22698303589495022, "gamma": 0.20689315084610543}, "datetime": {"datetime": "2021-09-18 10:24:43", "elapsed": 63.366694, "delta": 0.888755}}
{"target": -2.1416661590620496, "params": {"C": 66.22921241247275, "epsilon": 1.2366802918607704, "gamma": 0.11944440377206969}, "datetime": {"datetime": "2021-09-18 10:24:43", "elapsed": 63.815694, "delta": 0.449}}
{"target": -3.862437678551863, "params": {"C": 36.41670846818445, "epsilon": 5.747410657901592, "gamma": 0.150059466650857}, "datetime": {"datetime": "2021-09-18 10:24:44", "elapsed": 64.294507, "delta": 0.478813}}
{"target": -2.1926270124159126, "params": {"C": 24.746000181578097, "epsilon": 0.41926441603470194, "gamma": 0.05013854029450174}, "datetime": {"datetime": "2021-09-18 10:24:44", "elapsed": 64.733466, "delta": 0.438959}}
{"target": -2.3443546271797806, "params": {"C": 66.34887387021224, "epsilon": 0.7679481773446754, "gamma": 0.1889480125940376}, "datetime": {"datetime": "2021-09-18 10:24:45", "elapsed": 65.741505, "delta": 1.008039}}
{"target": -3.609263732101363, "params": {"C": 41.169722154961555, "epsilon": 0.2890498070458166, "gamma": 0.001}, "datetime": {"datetime": "2021-09-18 10:24:46", "elapsed": 66.55155, "delta": 0.810045}}
{"target": -2.506089853788618, "params": {"C": 18.754593186041483, "epsilon": 0.7551011124860822, "gamma": 0.02082664965186502}, "datetime": {"datetime": "2021-09-18 10:24:47", "elapsed": 67.360187, "delta": 0.808637}}
{"target": -2.90290738848261, "params": {"C": 65.87315719035095, "epsilon": 0.9175771520670013, "gamma": 0.43973780454564904}, "datetime": {"datetime": "2021-09-18 10:24:47", "elapsed": 68.0123, "delta": 0.652113}}
{"target": -3.2521033145837195, "params": {"C": 62.87375626731768, "epsilon": 2.677729543545293, "gamma": 0.0026201725345898147}, "datetime": {"datetime": "2021-09-18 10:24:48", "elapsed": 68.827052, "delta": 0.814752}}
{"target": -2.5352779703949713, "params": {"C": 42.84852587652748, "epsilon": 0.6467536515416241, "gamma": 0.01034433106843579}, "datetime": {"datetime": "2021-09-18 10:24:49", "elapsed": 69.757085, "delta": 0.930033}}
{"target": -2.1710282477831053, "params": {"C": 50.987845433219206, "epsilon": 1.077306712645852, "gamma": 0.057254366396063176}, "datetime": {"datetime": "2021-09-18 10:24:50", "elapsed": 70.631459, "delta": 0.874374}}
{"target": -3.4805957425234255, "params": {"C": 66.67549031945313, "epsilon": 1.4017540805038842, "gamma": 0.001}, "datetime": {"datetime": "2021-09-18 10:24:51", "elapsed": 71.466459, "delta": 0.835}}
{"target": -2.163240657959213, "params": {"C": 54.58345082588818, "epsilon": 0.039500925384553146, "gamma": 0.04099859405875836}, "datetime": {"datetime": "2021-09-18 10:24:51", "elapsed": 71.966064, "delta": 0.499605}}
{"target": -2.3784314091380616, "params": {"C": 18.96495048988942, "epsilon": 1.5749458709834572, "gamma": 0.09428759588470892}, "datetime": {"datetime": "2021-09-18 10:24:52", "elapsed": 72.912089, "delta": 0.946025}}
{"target": -2.2617084051925462, "params": {"C": 51.32422192821752, "epsilon": 2.1495985214866002, "gamma": 0.06621315047493531}, "datetime": {"datetime": "2021-09-18 10:24:53", "elapsed": 73.388696, "delta": 0.476607}}
{"target": -2.2626493559447356, "params": {"C": 38.949923996826215, "epsilon": 1.5250561837726888, "gamma": 0.12756538519665636}, "datetime": {"datetime": "2021-09-18 10:24:53", "elapsed": 73.96937, "delta": 0.580674}}
{"target": -3.5492545717639454, "params": {"C": 51.24390965923099, "epsilon": 1.5979041738506683, "gamma": 0.001}, "datetime": {"datetime": "2021-09-18 10:24:54", "elapsed": 74.980666, "delta": 1.011296}}
{"target": -3.944968139625835, "params": {"C": 23.911366446761875, "epsilon": 4.843878307425479, "gamma": 0.3680479947607179}, "datetime": {"datetime": "2021-09-18 10:24:55", "elapsed": 75.483661, "delta": 0.502995}}
{"target": -3.210964827891389, "params": {"C": 39.65728072439282, "epsilon": 1.3827474563280449, "gamma": 0.0026677130534108564}, "datetime": {"datetime": "2021-09-18 10:24:56", "elapsed": 76.436418, "delta": 0.952757}}
{"target": -2.1309107511131624, "params": {"C": 50.822254630126615, "epsilon": 0.5557108968083707, "gamma": 0.0887187411583239}, "datetime": {"datetime": "2021-09-18 10:24:57", "elapsed": 77.392053, "delta": 0.955635}}
{"target": -3.936077884086211, "params": {"C": 44.74693669997432, "epsilon": 5.788587162512347, "gamma": 0.1673412909484967}, "datetime": {"datetime": "2021-09-18 10:24:57", "elapsed": 77.847019, "delta": 0.454966}}
{"target": -3.8311145031072584, "params": {"C": 62.69791964673256, "epsilon": 3.78804456664203, "gamma": 0.001}, "datetime": {"datetime": "2021-09-18 10:24:58", "elapsed": 78.78163, "delta": 0.934611}}
{"target": -2.965338304849242, "params": {"C": 50.85840078506172, "epsilon": 0.7863752367924703, "gamma": 0.4882782382374863}, "datetime": {"datetime": "2021-09-18 10:24:59", "elapsed": 79.658634, "delta": 0.877004}}
{"target": -2.487584481629033, "params": {"C": 18.16708177400117, "epsilon": 0.16031282773358135, "gamma": 0.2288519114746743}, "datetime": {"datetime": "2021-09-18 10:25:00", "elapsed": 80.560773, "delta": 0.902139}}
{"target": -4.744894305341268, "params": {"C": 38.175655933066054, "epsilon": 5.834293998627072, "gamma": 0.4888721639101516}, "datetime": {"datetime": "2021-09-18 10:25:00", "elapsed": 81.102771, "delta": 0.541998}}
{"target": -2.516150266482627, "params": {"C": 60.60959308029123, "epsilon": 1.0342815676754737, "gamma": 0.23806820964380335}, "datetime": {"datetime": "2021-09-18 10:25:01", "elapsed": 81.659735, "delta": 0.556964}}
{"target": -3.535140506778539, "params": {"C": 50.40557822357366, "epsilon": 0.22024666726931413, "gamma": 0.001}, "datetime": {"datetime": "2021-09-18 10:25:02", "elapsed": 82.676654, "delta": 1.016919}}
{"target": -3.1681738325140922, "params": {"C": 18.887521080462417, "epsilon": 1.2038774956266172, "gamma": 0.490043201042639}, "datetime": {"datetime": "2021-09-18 10:25:03", "elapsed": 83.567009, "delta": 0.890355}}
{"target": -2.3034777654990735, "params": {"C": 50.15368418581707, "epsilon": 1.3179473630306406, "gamma": 0.03562897305429476}, "datetime": {"datetime": "2021-09-18 10:25:04", "elapsed": 84.597355, "delta": 1.030346}}
{"target": -3.5404424296279773, "params": {"C": 51.253749768490806, "epsilon": 0.5585165229787754, "gamma": 0.001}, "datetime": {"datetime": "2021-09-18 10:25:05", "elapsed": 85.380349, "delta": 0.782994}}
{"target": -2.5821376190340772, "params": {"C": 27.911460169135932, "epsilon": 0.7086153778260739, "gamma": 0.3217451412576698}, "datetime": {"datetime": "2021-09-18 10:25:06", "elapsed": 86.226171, "delta": 0.845822}}
{"target": -2.413317088471168, "params": {"C": 19.47620978311698, "epsilon": 1.6801172923828136, "gamma": 0.15596887012965488}, "datetime": {"datetime": "2021-09-18 10:25:06", "elapsed": 87.164163, "delta": 0.937992}}
{"target": -2.2848097456308984, "params": {"C": 50.67839653869784, "epsilon": 0.941035661048698, "gamma": 0.03171238998387961}, "datetime": {"datetime": "2021-09-18 10:25:07", "elapsed": 88.014711, "delta": 0.850548}}
{"target": -2.269809805292446, "params": {"C": 67.92107331660876, "epsilon": 1.0063428503772864, "gamma": 0.030170123524051934}, "datetime": {"datetime": "2021-09-18 10:25:08", "elapsed": 88.737204, "delta": 0.722493}}
{"target": -2.2166259631471976, "params": {"C": 38.47197930895511, "epsilon": 1.512481927493504, "gamma": 0.08169828260924993}, "datetime": {"datetime": "2021-09-18 10:25:09", "elapsed": 89.702199, "delta": 0.964995}}
{"target": -3.6970580751548052, "params": {"C": 28.767347084437546, "epsilon": 0.4916126805188125, "gamma": 0.001}, "datetime": {"datetime": "2021-09-18 10:25:10", "elapsed": 90.621116, "delta": 0.918917}}
{"target": -3.2966625642093788, "params": {"C": 8.860860688197432, "epsilon": 5.221957522994464, "gamma": 0.04434387006614173}, "datetime": {"datetime": "2021-09-18 10:25:10", "elapsed": 91.128118, "delta": 0.507002}}
{"target": -2.7349968136114704, "params": {"C": 38.72185586258444, "epsilon": 1.203802979376139, "gamma": 0.346003393516232}, "datetime": {"datetime": "2021-09-18 10:25:11", "elapsed": 92.188584, "delta": 1.060466}}
{"target": -2.2624665998593887, "params": {"C": 38.64161630647652, "epsilon": 1.9303569190978929, "gamma": 0.07875062492223098}, "datetime": {"datetime": "2021-09-18 10:25:12", "elapsed": 93.055581, "delta": 0.866997}}
{"target": -2.524338382428323, "params": {"C": 29.016561896342367, "epsilon": 2.21096034174919, "gamma": 0.18220586032720007}, "datetime": {"datetime": "2021-09-18 10:25:13", "elapsed": 93.597264, "delta": 0.541683}}
{"target": -2.673154699902858, "params": {"C": 28.44663320881927, "epsilon": 0.006152565533572388, "gamma": 0.40211601197425717}, "datetime": {"datetime": "2021-09-18 10:25:14", "elapsed": 94.589772, "delta": 0.992508}}
{"target": -3.056923181689294, "params": {"C": 38.618477805228636, "epsilon": 1.7325378644746015, "gamma": 0.4735416919544282}, "datetime": {"datetime": "2021-09-18 10:25:15", "elapsed": 95.479723, "delta": 0.889951}}
{"target": -3.563270545984233, "params": {"C": 42.86101217363097, "epsilon": 1.4910666405015511, "gamma": 0.001}, "datetime": {"datetime": "2021-09-18 10:25:16", "elapsed": 96.413658, "delta": 0.933935}}
{"target": -3.7647217080816975, "params": {"C": 24.979688715540618, "epsilon": 0.001, "gamma": 0.001}, "datetime": {"datetime": "2021-09-18 10:25:17", "elapsed": 97.403318, "delta": 0.98966}}
{"target": -2.5689044038043196, "params": {"C": 28.354310390929122, "epsilon": 2.9269425362936095, "gamma": 0.036500347125161176}, "datetime": {"datetime": "2021-09-18 10:25:17", "elapsed": 97.954289, "delta": 0.550971}}
{"target": -2.446044604707428, "params": {"C": 15.947458551204068, "epsilon": 0.25286526911394486, "gamma": 0.16639025197122348}, "datetime": {"datetime": "2021-09-18 10:25:18", "elapsed": 98.605233, "delta": 0.650944}}
{"target": -2.2903879175936384, "params": {"C": 24.255044420158114, "epsilon": 0.527011631015864, "gamma": 0.19938738361072803}, "datetime": {"datetime": "2021-09-18 10:25:19", "elapsed": 99.624236, "delta": 1.019003}}
{"target": -2.5908155039748566, "params": {"C": 24.57877410257074, "epsilon": 0.5122668624154281, "gamma": 0.34675946503341937}, "datetime": {"datetime": "2021-09-18 10:25:20", "elapsed": 100.74543, "delta": 1.121194}}
{"target": -2.5473622050008196, "params": {"C": 50.04842848157671, "epsilon": 0.8899374699431132, "gamma": 0.26670127345563177}, "datetime": {"datetime": "2021-09-18 10:25:21", "elapsed": 101.744386, "delta": 0.998956}}
{"target": -2.921096200805767, "params": {"C": 67.9100308748976, "epsilon": 3.9242656301142413, "gamma": 0.11599266767801442}, "datetime": {"datetime": "2021-09-18 10:25:22", "elapsed": 102.302574, "delta": 0.558188}}
{"target": -2.597798276307082, "params": {"C": 66.0246884523114, "epsilon": 0.8802214373082741, "gamma": 0.007281951048791908}, "datetime": {"datetime": "2021-09-18 10:25:23", "elapsed": 103.494523, "delta": 1.191949}}
{"target": -2.5208106871152154, "params": {"C": 26.289006879694128, "epsilon": 1.1676574407440061, "gamma": 0.019453496103172607}, "datetime": {"datetime": "2021-09-18 10:25:24", "elapsed": 104.69738, "delta": 1.202857}}
{"target": -2.5863296515367256, "params": {"C": 42.5065348216431, "epsilon": 0.5063195048422096, "gamma": 0.3208257432124852}, "datetime": {"datetime": "2021-09-18 10:25:25", "elapsed": 105.644376, "delta": 0.946996}}
{"target": -3.30833941868301, "params": {"C": 68.45798579623067, "epsilon": 3.302654055259273, "gamma": 0.3498758211260714}, "datetime": {"datetime": "2021-09-18 10:25:25", "elapsed": 106.176596, "delta": 0.53222}}
{"target": -3.429968961483201, "params": {"C": 24.440760354780075, "epsilon": 0.16536054009994783, "gamma": 0.002169108510266642}, "datetime": {"datetime": "2021-09-18 10:25:26", "elapsed": 107.070591, "delta": 0.893995}}
{"target": -2.3982212287610025, "params": {"C": 18.44941313715392, "epsilon": 0.5311300376788171, "gamma": 0.20216082490055434}, "datetime": {"datetime": "2021-09-18 10:25:27", "elapsed": 108.166472, "delta": 1.095881}}
{"target": -3.4877985325110656, "params": {"C": 27.353745499994417, "epsilon": 5.62374464853222, "gamma": 0.07692515930582788}, "datetime": {"datetime": "2021-09-18 10:25:28", "elapsed": 108.760303, "delta": 0.593831}}
{"target": -2.369844399919888, "params": {"C": 24.08776798210515, "epsilon": 0.9255203463619355, "gamma": 0.23226853195031638}, "datetime": {"datetime": "2021-09-18 10:25:29", "elapsed": 109.718342, "delta": 0.958039}}
{"target": -2.545404304962386, "params": {"C": 60.6366842272572, "epsilon": 1.0245513838241, "gamma": 0.25270255021459614}, "datetime": {"datetime": "2021-09-18 10:25:30", "elapsed": 110.385833, "delta": 0.667491}}
{"target": -3.029261331093568, "params": {"C": 42.29876941659229, "epsilon": 1.7219091566803169, "gamma": 0.45867681733332044}, "datetime": {"datetime": "2021-09-18 10:25:31", "elapsed": 111.707881, "delta": 1.322048}}
{"target": -3.646523666039046, "params": {"C": 38.20054157782763, "epsilon": 1.862456551808001, "gamma": 0.001}, "datetime": {"datetime": "2021-09-18 10:25:32", "elapsed": 112.748561, "delta": 1.04068}}
{"target": -2.3332149520650116, "params": {"C": 68.19273769180367, "epsilon": 0.7624123146117476, "gamma": 0.020619890840658614}, "datetime": {"datetime": "2021-09-18 10:25:33", "elapsed": 113.863192, "delta": 1.114631}}
{"target": -2.49417861271597, "params": {"C": 27.247593607902175, "epsilon": 0.8029271263500368, "gamma": 0.019135497019067464}, "datetime": {"datetime": "2021-09-18 10:25:34", "elapsed": 114.824105, "delta": 0.960913}}
{"target": -2.572798775338189, "params": {"C": 25.964419258102616, "epsilon": 0.04779277159771066, "gamma": 0.34833510988052896}, "datetime": {"datetime": "2021-09-18 10:25:35", "elapsed": 115.97714, "delta": 1.153035}}
{"target": -2.978667844611414, "params": {"C": 36.652602144969705, "epsilon": 3.2023497552453146, "gamma": 0.23699689655624115}, "datetime": {"datetime": "2021-09-18 10:25:36", "elapsed": 116.592008, "delta": 0.614868}}
{"target": -3.558739715711928, "params": {"C": 62.238496020051784, "epsilon": 1.9771924433092236, "gamma": 0.001}, "datetime": {"datetime": "2021-09-18 10:25:37", "elapsed": 117.52369, "delta": 0.931682}}
{"target": -3.005782054803352, "params": {"C": 62.85432257483937, "epsilon": 2.064441544917505, "gamma": 0.3974292697309623}, "datetime": {"datetime": "2021-09-18 10:25:38", "elapsed": 118.791182, "delta": 1.267492}}
{"target": -2.097918457305916, "params": {"C": 41.98103559224257, "epsilon": 0.4178241406642529, "gamma": 0.0940314041714383}, "datetime": {"datetime": "2021-09-18 10:25:39", "elapsed": 119.968215, "delta": 1.177033}}
{"target": -3.6643511999387957, "params": {"C": 15.213282298973738, "epsilon": 4.612381213148758, "gamma": 0.27117232906455463}, "datetime": {"datetime": "2021-09-18 10:25:40", "elapsed": 120.551123, "delta": 0.582908}}
{"target": -2.677243795215362, "params": {"C": 46.744791880971626, "epsilon": 0.9011505958633861, "gamma": 0.33513332221416}, "datetime": {"datetime": "2021-09-18 10:25:41", "elapsed": 121.217119, "delta": 0.665996}}
{"target": -2.7866293546931837, "params": {"C": 35.255705380036055, "epsilon": 0.027692063864996494, "gamma": 0.46231586704284333}, "datetime": {"datetime": "2021-09-18 10:25:42", "elapsed": 122.626511, "delta": 1.409392}}
{"target": -2.7175018663551724, "params": {"C": 50.402141761793885, "epsilon": 1.3497853694695825, "gamma": 0.3303071107076106}, "datetime": {"datetime": "2021-09-18 10:25:43", "elapsed": 123.714102, "delta": 1.087591}}
