{"target": 0.9098551542571952, "params": {"C": 70.70682330677383, "epsilon": 0.02, "gamma": 0.05}, "datetime": {"datetime": "2021-09-18 14:03:46", "elapsed": 2.286699, "delta": 0.237554}}
{"target": 0.902986189392663, "params": {"C": 97.3978068387361, "epsilon": 0.5569528218496644, "gamma": 0.08832091671387048}, "datetime": {"datetime": "2021-09-18 14:03:46", "elapsed": 2.406926, "delta": 0.120227}}
{"target": 0.9026403786115299, "params": {"C": 59.85292707021597, "epsilon": 0.15659196576031206, "gamma": 0.08168323118512143}, "datetime": {"datetime": "2021-09-18 14:03:47", "elapsed": 2.529561, "delta": 0.122635}}
{"target": 0.9053841152718285, "params": {"C": 69.18003273788965, "epsilon": 0.7690614357491903, "gamma": 0.05668705456603151}, "datetime": {"datetime": "2021-09-18 14:03:47", "elapsed": 2.634557, "delta": 0.104996}}
{"target": 0.9066061949251469, "params": {"C": 79.95235020454251, "epsilon": 0.7467278817780942, "gamma": 0.05}, "datetime": {"datetime": "2021-09-18 14:03:47", "elapsed": 2.834306, "delta": 0.199749}}
{"target": 0.9116964626521298, "params": {"C": 91.87414128763308, "epsilon": 0.13044801616331042, "gamma": 0.06167775096844278}, "datetime": {"datetime": "2021-09-18 14:03:47", "elapsed": 2.952192, "delta": 0.117886}}
{"target": 0.8902398735485239, "params": {"C": 92.95372625025185, "epsilon": 0.5662440577283363, "gamma": 0.11536069203017797}, "datetime": {"datetime": "2021-09-18 14:03:47", "elapsed": 3.078155, "delta": 0.125963}}
{"target": 0.9082551219635273, "params": {"C": 97.410868489092, "epsilon": 0.5507887101881727, "gamma": 0.07037656232051523}, "datetime": {"datetime": "2021-09-18 14:03:47", "elapsed": 3.280151, "delta": 0.201996}}
{"target": 0.9071337703918188, "params": {"C": 97.51281179404214, "epsilon": 0.5508324386989142, "gamma": 0.07341454238368067}, "datetime": {"datetime": "2021-09-18 14:03:47", "elapsed": 3.460196, "delta": 0.180045}}
{"target": 0.9127308399629166, "params": {"C": 91.99822274255303, "epsilon": 0.0845457622651253, "gamma": 0.05502214679828754}, "datetime": {"datetime": "2021-09-18 14:03:48", "elapsed": 3.619189, "delta": 0.158993}}
{"target": 0.8857205472860101, "params": {"C": 91.9650146540688, "epsilon": 0.24857653666758453, "gamma": 0.132208322313084}, "datetime": {"datetime": "2021-09-18 14:03:48", "elapsed": 3.782158, "delta": 0.162969}}
{"target": 0.8843156483753751, "params": {"C": 91.90878947595127, "epsilon": 0.07492122640165833, "gamma": 0.13615438860290174}, "datetime": {"datetime": "2021-09-18 14:03:48", "elapsed": 4.038154, "delta": 0.255996}}
{"target": 0.8889903824875931, "params": {"C": 66.102929395924, "epsilon": 0.08349108118335216, "gamma": 0.12038456474178885}, "datetime": {"datetime": "2021-09-18 14:03:48", "elapsed": 4.190148, "delta": 0.151994}}
{"target": 0.9109110213663701, "params": {"C": 91.98468423277934, "epsilon": 0.15334585322779512, "gamma": 0.06602711326631305}, "datetime": {"datetime": "2021-09-18 14:03:48", "elapsed": 4.345785, "delta": 0.155637}}
{"target": 0.9104797104706384, "params": {"C": 97.48329236224043, "epsilon": 0.4691871342423742, "gamma": 0.06021097767559222}, "datetime": {"datetime": "2021-09-18 14:03:49", "elapsed": 4.493935, "delta": 0.14815}}
{"target": 0.906635689413843, "params": {"C": 108.74427835729519, "epsilon": 0.4301402691310868, "gamma": 0.07960894173739812}, "datetime": {"datetime": "2021-09-18 14:03:49", "elapsed": 4.641974, "delta": 0.148039}}
{"target": 0.8876183045540689, "params": {"C": 71.10902375749878, "epsilon": 0.23149559846526185, "gamma": 0.12480012781508869}, "datetime": {"datetime": "2021-09-18 14:03:49", "elapsed": 4.812559, "delta": 0.170585}}
{"target": 0.8830776747550155, "params": {"C": 97.46371952952705, "epsilon": 0.4617511786190624, "gamma": 0.13265058419105386}, "datetime": {"datetime": "2021-09-18 14:03:49", "elapsed": 5.005205, "delta": 0.192646}}
{"target": 0.9049632415877086, "params": {"C": 59.85020425788363, "epsilon": 0.1464741177865067, "gamma": 0.0756124118622223}, "datetime": {"datetime": "2021-09-18 14:03:49", "elapsed": 5.282197, "delta": 0.276992}}
{"target": 0.8871354501705011, "params": {"C": 119.99914704047067, "epsilon": 0.9485890273837843, "gamma": 0.10866409869358898}, "datetime": {"datetime": "2021-09-18 14:03:49", "elapsed": 5.464206, "delta": 0.182009}}
{"target": 0.8994102800061219, "params": {"C": 91.98280323837787, "epsilon": 0.111365283929528, "gamma": 0.1004205174836704}, "datetime": {"datetime": "2021-09-18 14:03:50", "elapsed": 5.677238, "delta": 0.213032}}
{"target": 0.9082614268777136, "params": {"C": 91.8354695316263, "epsilon": 0.15748615574428781, "gamma": 0.07334585666426202}, "datetime": {"datetime": "2021-09-18 14:03:50", "elapsed": 5.868236, "delta": 0.190998}}
{"target": 0.9013524768930424, "params": {"C": 57.22408876075845, "epsilon": 0.07600589054702453, "gamma": 0.08696460782110318}, "datetime": {"datetime": "2021-09-18 14:03:50", "elapsed": 6.0492, "delta": 0.180964}}
{"target": 0.9102684804377216, "params": {"C": 80.58409248931301, "epsilon": 0.20960305490886247, "gamma": 0.05757659151819943}, "datetime": {"datetime": "2021-09-18 14:03:50", "elapsed": 6.2282, "delta": 0.179}}
{"target": 0.9101284744813779, "params": {"C": 92.04723673061588, "epsilon": 0.053707974238641695, "gamma": 0.07252898363849121}, "datetime": {"datetime": "2021-09-18 14:03:50", "elapsed": 6.473024, "delta": 0.244824}}
{"target": 0.90901896363035, "params": {"C": 71.20678224423324, "epsilon": 0.10304617908349925, "gamma": 0.06595886674913247}, "datetime": {"datetime": "2021-09-18 14:03:51", "elapsed": 6.708015, "delta": 0.234991}}
{"target": 0.9088711519385606, "params": {"C": 80.52319976306234, "epsilon": 0.1634532424508861, "gamma": 0.06927920271566648}, "datetime": {"datetime": "2021-09-18 14:03:51", "elapsed": 6.898189, "delta": 0.190174}}
{"target": 0.9029874107067613, "params": {"C": 80.53409210183433, "epsilon": 0.2601023456769009, "gamma": 0.08814499889103787}, "datetime": {"datetime": "2021-09-18 14:03:51", "elapsed": 7.154395, "delta": 0.256206}}
{"target": 0.9093930153112164, "params": {"C": 71.12644571939477, "epsilon": 0.08856513512879903, "gamma": 0.05}, "datetime": {"datetime": "2021-09-18 14:03:51", "elapsed": 7.478045, "delta": 0.32365}}
{"target": 0.8871664522214721, "params": {"C": 70.74155130132411, "epsilon": 0.028857846066473083, "gamma": 0.12585018716074192}, "datetime": {"datetime": "2021-09-18 14:03:52", "elapsed": 7.689041, "delta": 0.210996}}
{"target": 0.9040651872984312, "params": {"C": 67.83089074864426, "epsilon": 0.8485803015966984, "gamma": 0.0630656811889874}, "datetime": {"datetime": "2021-09-18 14:03:52", "elapsed": 7.882036, "delta": 0.192995}}
{"target": 0.8830725607143999, "params": {"C": 102.82919860886841, "epsilon": 0.2516489986516673, "gamma": 0.13751905057809988}, "datetime": {"datetime": "2021-09-18 14:03:52", "elapsed": 8.099038, "delta": 0.217002}}
{"target": 0.889457065633992, "params": {"C": 71.15976851928909, "epsilon": 0.11987164068824607, "gamma": 0.1208050438284294}, "datetime": {"datetime": "2021-09-18 14:03:52", "elapsed": 8.350665, "delta": 0.251627}}
{"target": 0.8714561474095459, "params": {"C": 106.76088043008048, "epsilon": 0.752301144569481, "gamma": 0.13895289973463082}, "datetime": {"datetime": "2021-09-18 14:03:53", "elapsed": 8.541949, "delta": 0.191284}}
{"target": 0.9117145890825075, "params": {"C": 91.90114344342237, "epsilon": 0.18275295131681787, "gamma": 0.058810706015814555}, "datetime": {"datetime": "2021-09-18 14:03:53", "elapsed": 8.767903, "delta": 0.225954}}
{"target": 0.8870917962857934, "params": {"C": 80.67015490378688, "epsilon": 0.22022084898082542, "gamma": 0.12759818129354225}, "datetime": {"datetime": "2021-09-18 14:03:53", "elapsed": 8.99211, "delta": 0.224207}}
{"target": 0.9077687063536237, "params": {"C": 92.0615754114395, "epsilon": 0.15042512866652963, "gamma": 0.07471462717404297}, "datetime": {"datetime": "2021-09-18 14:03:53", "elapsed": 9.365109, "delta": 0.372999}}
{"target": 0.9083798835199668, "params": {"C": 71.05241479614902, "epsilon": 0.3820276586608085, "gamma": 0.05947941745493296}, "datetime": {"datetime": "2021-09-18 14:03:54", "elapsed": 9.58712, "delta": 0.222011}}
{"target": 0.9098194961311776, "params": {"C": 70.59699548410573, "epsilon": 0.03099471333314101, "gamma": 0.06571368193637137}, "datetime": {"datetime": "2021-09-18 14:03:54", "elapsed": 9.86312, "delta": 0.276}}
{"target": 0.9125704539403499, "params": {"C": 92.13580167146178, "epsilon": 0.0804083209310589, "gamma": 0.05}, "datetime": {"datetime": "2021-09-18 14:03:54", "elapsed": 10.22311, "delta": 0.35999}}
{"target": 0.8859110920830043, "params": {"C": 92.14278105788216, "epsilon": 0.08628247490477245, "gamma": 0.13252651852471226}, "datetime": {"datetime": "2021-09-18 14:03:55", "elapsed": 10.53691, "delta": 0.3138}}
{"target": 0.9097520783667326, "params": {"C": 70.64501600156215, "epsilon": 0.0869956741788543, "gamma": 0.051148019850060546}, "datetime": {"datetime": "2021-09-18 14:03:55", "elapsed": 10.823647, "delta": 0.286737}}
{"target": 0.8714283997460358, "params": {"C": 52.95427412836843, "epsilon": 0.6644876209860552, "gamma": 0.1491170044657159}, "datetime": {"datetime": "2021-09-18 14:03:55", "elapsed": 11.035809, "delta": 0.212162}}
{"target": 0.9085486153952086, "params": {"C": 70.97725863638553, "epsilon": 0.29136539047270626, "gamma": 0.05461054317926938}, "datetime": {"datetime": "2021-09-18 14:03:55", "elapsed": 11.3628, "delta": 0.326991}}
{"target": 0.8690228448662028, "params": {"C": 57.60476781500317, "epsilon": 0.8191043999567778, "gamma": 0.14746295936787623}, "datetime": {"datetime": "2021-09-18 14:03:56", "elapsed": 11.573841, "delta": 0.211041}}
{"target": 0.9037459059354843, "params": {"C": 111.02229012795783, "epsilon": 0.19502326851393076, "gamma": 0.09187862018952728}, "datetime": {"datetime": "2021-09-18 14:03:56", "elapsed": 11.805385, "delta": 0.231544}}
{"target": 0.8899799571379992, "params": {"C": 55.03385081458421, "epsilon": 0.1729850992358091, "gamma": 0.11774828218984411}, "datetime": {"datetime": "2021-09-18 14:03:56", "elapsed": 12.154389, "delta": 0.349004}}
{"target": 0.9070693415963679, "params": {"C": 59.939834780663176, "epsilon": 0.023199625941421796, "gamma": 0.07278698879892583}, "datetime": {"datetime": "2021-09-18 14:03:57", "elapsed": 12.526234, "delta": 0.371845}}
{"target": 0.89371312191396, "params": {"C": 59.84403015764094, "epsilon": 0.023858420376668663, "gamma": 0.10705180241862493}, "datetime": {"datetime": "2021-09-18 14:03:57", "elapsed": 12.860849, "delta": 0.334615}}
{"target": 0.9089133892228434, "params": {"C": 71.27953710194774, "epsilon": 0.199652971947408, "gamma": 0.05520240556725264}, "datetime": {"datetime": "2021-09-18 14:03:57", "elapsed": 13.162121, "delta": 0.301272}}
{"target": 0.9107983921088835, "params": {"C": 71.34826387882376, "epsilon": 0.061693508852058224, "gamma": 0.058545951189365335}, "datetime": {"datetime": "2021-09-18 14:03:57", "elapsed": 13.43912, "delta": 0.276999}}
{"target": 0.908041072164535, "params": {"C": 71.04664521882377, "epsilon": 0.37171476541276377, "gamma": 0.06377568570269823}, "datetime": {"datetime": "2021-09-18 14:03:58", "elapsed": 13.656125, "delta": 0.217005}}
{"target": 0.904120160811961, "params": {"C": 56.03736980382362, "epsilon": 0.5562617663047039, "gamma": 0.06450314998652472}, "datetime": {"datetime": "2021-09-18 14:03:58", "elapsed": 13.954123, "delta": 0.297998}}
{"target": 0.9012797611329613, "params": {"C": 71.39602220051178, "epsilon": 0.1542180249772911, "gamma": 0.09077294096395881}, "datetime": {"datetime": "2021-09-18 14:03:58", "elapsed": 14.281121, "delta": 0.326998}}
{"target": 0.9073331503846049, "params": {"C": 71.17282462510856, "epsilon": 0.46580493277675494, "gamma": 0.05478703995916469}, "datetime": {"datetime": "2021-09-18 14:03:59", "elapsed": 14.677427, "delta": 0.396306}}
{"target": 0.9005213595050844, "params": {"C": 60.04886756134822, "epsilon": 0.09031941586087111, "gamma": 0.0895629432419614}, "datetime": {"datetime": "2021-09-18 14:03:59", "elapsed": 15.006678, "delta": 0.329251}}
{"target": 0.9084198208851393, "params": {"C": 71.23654946799971, "epsilon": 0.3222823391334426, "gamma": 0.054792281088205455}, "datetime": {"datetime": "2021-09-18 14:03:59", "elapsed": 15.367671, "delta": 0.360993}}
{"target": 0.8892439588317999, "params": {"C": 71.04065485633282, "epsilon": 0.507772002791014, "gamma": 0.11714028901758178}, "datetime": {"datetime": "2021-09-18 14:04:00", "elapsed": 15.717666, "delta": 0.349995}}
{"target": 0.892389177171736, "params": {"C": 71.27852161411126, "epsilon": 0.47162194249941164, "gamma": 0.11081420777886405}, "datetime": {"datetime": "2021-09-18 14:04:00", "elapsed": 16.06367, "delta": 0.346004}}
{"target": 0.9061267479293617, "params": {"C": 70.61353569355065, "epsilon": 0.025518146624599364, "gamma": 0.07917420460738389}, "datetime": {"datetime": "2021-09-18 14:04:00", "elapsed": 16.482484, "delta": 0.418814}}
{"target": 0.9064247808674356, "params": {"C": 70.52282727638058, "epsilon": 0.11792168851668186, "gamma": 0.0748792541521434}, "datetime": {"datetime": "2021-09-18 14:04:01", "elapsed": 16.893724, "delta": 0.41124}}
{"target": 0.8885511327326189, "params": {"C": 82.08364947341005, "epsilon": 0.9698959565427407, "gamma": 0.10690440656495995}, "datetime": {"datetime": "2021-09-18 14:04:01", "elapsed": 17.144896, "delta": 0.251172}}
{"target": 0.9076822339709419, "params": {"C": 70.45321676660974, "epsilon": 0.020355521765090395, "gamma": 0.07405812986507944}, "datetime": {"datetime": "2021-09-18 14:04:02", "elapsed": 17.544206, "delta": 0.39931}}
{"target": 0.9002998531405358, "params": {"C": 59.41273307122133, "epsilon": 0.9398648407183046, "gamma": 0.05094712321935096}, "datetime": {"datetime": "2021-09-18 14:04:02", "elapsed": 17.789209, "delta": 0.245003}}
{"target": 0.9110582011465824, "params": {"C": 97.61621702600294, "epsilon": 0.44886396166983494, "gamma": 0.059297259112092174}, "datetime": {"datetime": "2021-09-18 14:04:02", "elapsed": 18.160209, "delta": 0.371}}
{"target": 0.8963941957091534, "params": {"C": 62.374162680475784, "epsilon": 0.2250290989069852, "gamma": 0.10306004277440792}, "datetime": {"datetime": "2021-09-18 14:04:02", "elapsed": 18.431959, "delta": 0.27175}}
{"target": 0.8982860546372575, "params": {"C": 107.77890755222447, "epsilon": 0.13749404827780753, "gamma": 0.10583088563370627}, "datetime": {"datetime": "2021-09-18 14:04:03", "elapsed": 18.793288, "delta": 0.361329}}
{"target": 0.9099643023143874, "params": {"C": 97.67462160230326, "epsilon": 0.5417987347797633, "gamma": 0.06003778953009125}, "datetime": {"datetime": "2021-09-18 14:04:03", "elapsed": 19.20235, "delta": 0.409062}}
{"target": 0.8717641910916345, "params": {"C": 85.79716021009375, "epsilon": 0.7165412599956024, "gamma": 0.14330380931949183}, "datetime": {"datetime": "2021-09-18 14:04:03", "elapsed": 19.482361, "delta": 0.280011}}
{"target": 0.8927578325687122, "params": {"C": 97.79990770310013, "epsilon": 0.4705553408330939, "gamma": 0.11191883648226778}, "datetime": {"datetime": "2021-09-18 14:04:04", "elapsed": 19.89035, "delta": 0.407989}}
{"target": 0.892804065273238, "params": {"C": 108.17667822660044, "epsilon": 0.843523458152815, "gamma": 0.1037488967560313}, "datetime": {"datetime": "2021-09-18 14:04:04", "elapsed": 20.166394, "delta": 0.276044}}
{"target": 0.9096189309012968, "params": {"C": 97.59937310767691, "epsilon": 0.6607525026129865, "gamma": 0.05771778974083495}, "datetime": {"datetime": "2021-09-18 14:04:05", "elapsed": 20.576837, "delta": 0.410443}}
{"target": 0.8879920602879638, "params": {"C": 105.48354341250197, "epsilon": 0.1580850644728686, "gamma": 0.12922616007393906}, "datetime": {"datetime": "2021-09-18 14:04:05", "elapsed": 20.878454, "delta": 0.301617}}
{"target": 0.9098436213117821, "params": {"C": 97.72198442462715, "epsilon": 0.67764625413349, "gamma": 0.05}, "datetime": {"datetime": "2021-09-18 14:04:05", "elapsed": 21.267566, "delta": 0.389112}}
{"target": 0.9102567704258346, "params": {"C": 77.30075125639488, "epsilon": 0.05458452582041255, "gamma": 0.06548503263479548}, "datetime": {"datetime": "2021-09-18 14:04:06", "elapsed": 21.558567, "delta": 0.291001}}
{"target": 0.9060905851534536, "params": {"C": 51.77934086748714, "epsilon": 0.05539080064464422, "gamma": 0.05298249318758083}, "datetime": {"datetime": "2021-09-18 14:04:06", "elapsed": 21.871935, "delta": 0.313368}}
{"target": 0.8843082439052015, "params": {"C": 97.66506865478789, "epsilon": 0.7441780602544872, "gamma": 0.12100098483676912}, "datetime": {"datetime": "2021-09-18 14:04:06", "elapsed": 22.279899, "delta": 0.407964}}
{"target": 0.9004416676150329, "params": {"C": 77.2907055275069, "epsilon": 0.16926907632985014, "gamma": 0.0972533368834812}, "datetime": {"datetime": "2021-09-18 14:04:07", "elapsed": 22.714344, "delta": 0.434445}}
{"target": 0.8856433184765717, "params": {"C": 79.18295961521036, "epsilon": 0.6189570865215002, "gamma": 0.12356674687340159}, "datetime": {"datetime": "2021-09-18 14:04:07", "elapsed": 23.07059, "delta": 0.356246}}
{"target": 0.8999709162527402, "params": {"C": 108.63040292768184, "epsilon": 0.36602975221312284, "gamma": 0.09795042436633804}, "datetime": {"datetime": "2021-09-18 14:04:07", "elapsed": 23.424593, "delta": 0.354003}}
{"target": 0.9058611372309622, "params": {"C": 77.39095279983582, "epsilon": 0.032400466987554145, "gamma": 0.08155592743313807}, "datetime": {"datetime": "2021-09-18 14:04:08", "elapsed": 23.947627, "delta": 0.523034}}
{"target": 0.8824725639072393, "params": {"C": 77.18274274361605, "epsilon": 0.02489272931457744, "gamma": 0.13840847978496745}, "datetime": {"datetime": "2021-09-18 14:04:08", "elapsed": 24.437291, "delta": 0.489664}}
{"target": 0.9119959947272656, "params": {"C": 80.56208641915555, "epsilon": 0.06898267287584534, "gamma": 0.054515998814748834}, "datetime": {"datetime": "2021-09-18 14:04:09", "elapsed": 24.881169, "delta": 0.443878}}
{"target": 0.911909271751101, "params": {"C": 94.73735431572118, "epsilon": 0.11715723787204309, "gamma": 0.06434996532568402}, "datetime": {"datetime": "2021-09-18 14:04:09", "elapsed": 25.196907, "delta": 0.315738}}
{"target": 0.9053539150046959, "params": {"C": 94.81242448018774, "epsilon": 0.19455143882251555, "gamma": 0.08671370859854585}, "datetime": {"datetime": "2021-09-18 14:04:10", "elapsed": 25.62194, "delta": 0.425033}}
{"target": 0.8973333144827628, "params": {"C": 94.65833827631579, "epsilon": 0.13371396630399504, "gamma": 0.10659554097178202}, "datetime": {"datetime": "2021-09-18 14:04:10", "elapsed": 26.016906, "delta": 0.394966}}
{"target": 0.9028017203450116, "params": {"C": 77.89995569900078, "epsilon": 0.6628697287090819, "gamma": 0.07841841070944702}, "datetime": {"datetime": "2021-09-18 14:04:10", "elapsed": 26.33094, "delta": 0.314034}}
{"target": 0.9085329091419837, "params": {"C": 94.77183403950431, "epsilon": 0.04847667370206557, "gamma": 0.0774256612413664}, "datetime": {"datetime": "2021-09-18 14:04:11", "elapsed": 26.730528, "delta": 0.399588}}
{"target": 0.8986372503201175, "params": {"C": 80.51548195026051, "epsilon": 0.027174189577571114, "gamma": 0.09891507137011529}, "datetime": {"datetime": "2021-09-18 14:04:11", "elapsed": 27.343933, "delta": 0.613405}}
{"target": 0.8825552525087175, "params": {"C": 97.62869599242426, "epsilon": 0.5583823848182558, "gamma": 0.1296110189270413}, "datetime": {"datetime": "2021-09-18 14:04:12", "elapsed": 27.796891, "delta": 0.452958}}
{"target": 0.9098881011902936, "params": {"C": 70.64672981367053, "epsilon": 0.028335553158282213, "gamma": 0.06557551443383056}, "datetime": {"datetime": "2021-09-18 14:04:12", "elapsed": 28.130895, "delta": 0.334004}}
{"target": 0.8846098965492654, "params": {"C": 113.02171270909707, "epsilon": 0.8186011617144973, "gamma": 0.11691064581434467}, "datetime": {"datetime": "2021-09-18 14:04:12", "elapsed": 28.46189, "delta": 0.330995}}
{"target": 0.9041773784195853, "params": {"C": 56.04140983788445, "epsilon": 0.5561034045444514, "gamma": 0.06291295620503987}, "datetime": {"datetime": "2021-09-18 14:04:13", "elapsed": 28.781896, "delta": 0.320006}}
{"target": 0.8931537177768226, "params": {"C": 79.1908458932686, "epsilon": 0.8574671684904871, "gamma": 0.10132503983631458}, "datetime": {"datetime": "2021-09-18 14:04:13", "elapsed": 29.17988, "delta": 0.397984}}
{"target": 0.9053604773679824, "params": {"C": 94.90253653377437, "epsilon": 0.09333425479786833, "gamma": 0.08515465317529566}, "datetime": {"datetime": "2021-09-18 14:04:14", "elapsed": 29.822841, "delta": 0.642961}}
{"target": 0.9068201084262167, "params": {"C": 70.8571188802985, "epsilon": 0.3225661400320707, "gamma": 0.05}, "datetime": {"datetime": "2021-09-18 14:04:14", "elapsed": 30.318841, "delta": 0.496}}
{"target": 0.9097094601160235, "params": {"C": 80.6669463013717, "epsilon": 0.08354156499397902, "gamma": 0.06742623130743733}, "datetime": {"datetime": "2021-09-18 14:04:15", "elapsed": 30.756258, "delta": 0.437417}}
{"target": 0.8802459985708775, "params": {"C": 71.32210372407647, "epsilon": 0.028253159597774163, "gamma": 0.14255510697775042}, "datetime": {"datetime": "2021-09-18 14:04:15", "elapsed": 31.262584, "delta": 0.506326}}
{"target": 0.8910778188486197, "params": {"C": 70.35014527513604, "epsilon": 0.09203362192578464, "gamma": 0.11652558877558712}, "datetime": {"datetime": "2021-09-18 14:04:16", "elapsed": 31.849278, "delta": 0.586694}}
{"target": 0.893026006971106, "params": {"C": 95.17357634580148, "epsilon": 0.220487808904688, "gamma": 0.11585273647711523}, "datetime": {"datetime": "2021-09-18 14:04:16", "elapsed": 32.216242, "delta": 0.366964}}
{"target": 0.906232791114046, "params": {"C": 97.48096138763972, "epsilon": 0.6553163428105949, "gamma": 0.07769219684785578}, "datetime": {"datetime": "2021-09-18 14:04:17", "elapsed": 32.700023, "delta": 0.483781}}
