{"target": 0.9110270708010307, "params": {"C": 80.84618159419412, "epsilon": 0.020360826970658337, "gamma": 0.06505823671756601}, "datetime": {"datetime": "2021-09-18 14:05:25", "elapsed": 101.093416, "delta": 1.209547}}
{"target": 0.886449820598968, "params": {"C": 80.78584921015104, "epsilon": 0.029071786904501882, "gamma": 0.1299497569469658}, "datetime": {"datetime": "2021-09-18 14:05:26", "elapsed": 102.132688, "delta": 1.039272}}
{"target": 0.9032037575580942, "params": {"C": 98.78467761577423, "epsilon": 0.4621829273033464, "gamma": 0.08920441401424657}, "datetime": {"datetime": "2021-09-18 14:05:27", "elapsed": 103.06386, "delta": 0.931172}}
{"target": 0.911955197539092, "params": {"C": 80.86723921623252, "epsilon": 0.07381229850048175, "gamma": 0.05428497562039913}, "datetime": {"datetime": "2021-09-18 14:05:28", "elapsed": 104.01381, "delta": 0.94995}}
{"target": 0.911710159419987, "params": {"C": 80.92280218290426, "epsilon": 0.04328559683549517, "gamma": 0.05956737543654035}, "datetime": {"datetime": "2021-09-18 14:05:29", "elapsed": 104.891393, "delta": 0.877583}}
{"target": 0.9061544406876507, "params": {"C": 73.07396225024104, "epsilon": 0.39314909767036876, "gamma": 0.05}, "datetime": {"datetime": "2021-09-18 14:05:30", "elapsed": 106.25901, "delta": 1.367617}}
{"target": 0.9040253449020635, "params": {"C": 81.0186734074168, "epsilon": 0.12011235588360841, "gamma": 0.08470710448413746}, "datetime": {"datetime": "2021-09-18 14:05:31", "elapsed": 107.334412, "delta": 1.075402}}
{"target": 0.8988264962916599, "params": {"C": 58.90115055995714, "epsilon": 0.08371553308371345, "gamma": 0.09373319210201342}, "datetime": {"datetime": "2021-09-18 14:05:32", "elapsed": 107.977934, "delta": 0.643522}}
{"target": 0.9098149567202191, "params": {"C": 98.62098416920203, "epsilon": 0.5708342643211317, "gamma": 0.06368384761758453}, "datetime": {"datetime": "2021-09-18 14:05:33", "elapsed": 108.993259, "delta": 1.015325}}
{"target": 0.9033476784768404, "params": {"C": 64.32166960765635, "epsilon": 0.8770047702333565, "gamma": 0.060217050962881324}, "datetime": {"datetime": "2021-09-18 14:05:34", "elapsed": 109.669898, "delta": 0.676639}}
{"target": 0.8933558209955186, "params": {"C": 54.90660635067812, "epsilon": 0.9753490895526596, "gamma": 0.09045868750063553}, "datetime": {"datetime": "2021-09-18 14:05:34", "elapsed": 110.32645, "delta": 0.656552}}
{"target": 0.8932721309999996, "params": {"C": 68.19739484866548, "epsilon": 0.23154814189993553, "gamma": 0.11147673237153005}, "datetime": {"datetime": "2021-09-18 14:05:35", "elapsed": 111.003949, "delta": 0.677499}}
{"target": 0.8822141654141894, "params": {"C": 98.57875822898791, "epsilon": 0.5261317973421066, "gamma": 0.13140088265255062}, "datetime": {"datetime": "2021-09-18 14:05:36", "elapsed": 111.994216, "delta": 0.990267}}
{"target": 0.9014820634248983, "params": {"C": 98.68412711324069, "epsilon": 0.6828210854039913, "gamma": 0.08954852831026897}, "datetime": {"datetime": "2021-09-18 14:05:37", "elapsed": 112.963672, "delta": 0.969456}}
{"target": 0.9056658326159868, "params": {"C": 53.56434303233156, "epsilon": 0.31597479784774757, "gamma": 0.060084499442910715}, "datetime": {"datetime": "2021-09-18 14:05:38", "elapsed": 113.585989, "delta": 0.622317}}
{"target": 0.9094919037870965, "params": {"C": 98.73181082711275, "epsilon": 0.5787219282578923, "gamma": 0.06584162765505058}, "datetime": {"datetime": "2021-09-18 14:05:39", "elapsed": 114.57217, "delta": 0.986181}}
{"target": 0.9108326879977271, "params": {"C": 71.0185810062535, "epsilon": 0.026867010394988136, "gamma": 0.05213307077421253}, "datetime": {"datetime": "2021-09-18 14:05:40", "elapsed": 116.0663, "delta": 1.49413}}
{"target": 0.9031991592535739, "params": {"C": 70.93735720604806, "epsilon": 0.08375583831940694, "gamma": 0.08561872979929228}, "datetime": {"datetime": "2021-09-18 14:05:41", "elapsed": 117.048326, "delta": 0.982026}}
{"target": 0.9066081647028277, "params": {"C": 71.55621290923561, "epsilon": 0.07458247624760497, "gamma": 0.07602796970890739}, "datetime": {"datetime": "2021-09-18 14:05:42", "elapsed": 117.972274, "delta": 0.923948}}
{"target": 0.9117970857256933, "params": {"C": 97.67162701926503, "epsilon": 0.24477697518960703, "gamma": 0.05}, "datetime": {"datetime": "2021-09-18 14:05:43", "elapsed": 118.963882, "delta": 0.991608}}
{"target": 0.9017992792475686, "params": {"C": 97.76315469002247, "epsilon": 0.24555958805220937, "gamma": 0.09451578873310101}, "datetime": {"datetime": "2021-09-18 14:05:44", "elapsed": 120.120414, "delta": 1.156532}}
{"target": 0.9120017151210198, "params": {"C": 98.44885266956643, "epsilon": 0.2399847175409838, "gamma": 0.05040150677740299}, "datetime": {"datetime": "2021-09-18 14:05:45", "elapsed": 121.113172, "delta": 0.992758}}
{"target": 0.8995461415111662, "params": {"C": 98.37679110327578, "epsilon": 0.23703565389117767, "gamma": 0.10065389640786321}, "datetime": {"datetime": "2021-09-18 14:05:46", "elapsed": 122.232091, "delta": 1.118919}}
{"target": 0.9074555091068561, "params": {"C": 73.16500050034963, "epsilon": 0.5804664775795179, "gamma": 0.05684941248650419}, "datetime": {"datetime": "2021-09-18 14:05:47", "elapsed": 123.182458, "delta": 0.950367}}
{"target": 0.9109564121018299, "params": {"C": 113.42171375156336, "epsilon": 0.3362319353559005, "gamma": 0.06481742090859091}, "datetime": {"datetime": "2021-09-18 14:05:49", "elapsed": 124.554544, "delta": 1.372086}}
{"target": 0.9099383793113708, "params": {"C": 97.68129355456068, "epsilon": 0.550495645408071, "gamma": 0.05942565861178065}, "datetime": {"datetime": "2021-09-18 14:05:49", "elapsed": 125.231541, "delta": 0.676997}}
{"target": 0.8817002744886927, "params": {"C": 64.41146593599255, "epsilon": 0.6297766827505825, "gamma": 0.1303745580735866}, "datetime": {"datetime": "2021-09-18 14:05:50", "elapsed": 125.883412, "delta": 0.651871}}
{"target": 0.8906976215771817, "params": {"C": 73.26077086090143, "epsilon": 0.510408659128072, "gamma": 0.1139646674065601}, "datetime": {"datetime": "2021-09-18 14:05:51", "elapsed": 127.469216, "delta": 1.585804}}
{"target": 0.9108149445258114, "params": {"C": 113.51083374003643, "epsilon": 0.4275069624915208, "gamma": 0.06428544420744095}, "datetime": {"datetime": "2021-09-18 14:05:53", "elapsed": 128.544606, "delta": 1.07539}}
{"target": 0.9045485211632542, "params": {"C": 113.53259883415133, "epsilon": 0.34186845244624575, "gamma": 0.08848445535060356}, "datetime": {"datetime": "2021-09-18 14:05:54", "elapsed": 129.732114, "delta": 1.187508}}
{"target": 0.8978599560848374, "params": {"C": 61.78662477320307, "epsilon": 0.3856476973120792, "gamma": 0.0957102588323008}, "datetime": {"datetime": "2021-09-18 14:05:54", "elapsed": 130.449771, "delta": 0.717657}}
{"target": 0.9079030887716952, "params": {"C": 113.61996731217505, "epsilon": 0.47101562399955643, "gamma": 0.07423981710600314}, "datetime": {"datetime": "2021-09-18 14:05:56", "elapsed": 131.70047, "delta": 1.250699}}
{"target": 0.8810341054250354, "params": {"C": 58.195138906627754, "epsilon": 0.7805841481263034, "gamma": 0.1268141533668202}, "datetime": {"datetime": "2021-09-18 14:05:56", "elapsed": 132.370247, "delta": 0.669777}}
{"target": 0.9041351186137083, "params": {"C": 113.51757189046872, "epsilon": 0.5133285710213035, "gamma": 0.08656757023956156}, "datetime": {"datetime": "2021-09-18 14:05:58", "elapsed": 133.516804, "delta": 1.146557}}
{"target": 0.9130080821536681, "params": {"C": 113.42193938515763, "epsilon": 0.44329109196921224, "gamma": 0.05592618899883393}, "datetime": {"datetime": "2021-09-18 14:05:59", "elapsed": 134.920349, "delta": 1.403545}}
{"target": 0.9128906906962989, "params": {"C": 98.66234051659501, "epsilon": 0.11507978900548389, "gamma": 0.0514517861658392}, "datetime": {"datetime": "2021-09-18 14:06:00", "elapsed": 136.077559, "delta": 1.15721}}
{"target": 0.8894886148240947, "params": {"C": 66.20020397670298, "epsilon": 0.3308107409539801, "gamma": 0.11847014366787623}, "datetime": {"datetime": "2021-09-18 14:06:01", "elapsed": 136.764662, "delta": 0.687103}}
{"target": 0.8772843595812345, "params": {"C": 88.17974873460281, "epsilon": 0.4704105381291511, "gamma": 0.14267528296287557}, "datetime": {"datetime": "2021-09-18 14:06:01", "elapsed": 137.478119, "delta": 0.713457}}
{"target": 0.9102717373759142, "params": {"C": 115.8019807411411, "epsilon": 0.3109400352990401, "gamma": 0.07074575481976256}, "datetime": {"datetime": "2021-09-18 14:06:03", "elapsed": 138.710064, "delta": 1.231945}}
{"target": 0.9113082285464597, "params": {"C": 115.79751279057076, "epsilon": 0.4333775759734917, "gamma": 0.062322358521609444}, "datetime": {"datetime": "2021-09-18 14:06:04", "elapsed": 139.981837, "delta": 1.271773}}
{"target": 0.9003089141995715, "params": {"C": 115.91564489084203, "epsilon": 0.37962295435389615, "gamma": 0.09748775089696549}, "datetime": {"datetime": "2021-09-18 14:06:05", "elapsed": 141.452605, "delta": 1.470768}}
{"target": 0.9042703882188826, "params": {"C": 115.73719879128045, "epsilon": 0.5094021529807936, "gamma": 0.08630494640302279}, "datetime": {"datetime": "2021-09-18 14:06:07", "elapsed": 142.663036, "delta": 1.210431}}
{"target": 0.8782525993278847, "params": {"C": 59.33241304489465, "epsilon": 0.8162062737672737, "gamma": 0.1304222595204233}, "datetime": {"datetime": "2021-09-18 14:06:07", "elapsed": 143.375589, "delta": 0.712553}}
{"target": 0.9071777201270821, "params": {"C": 115.71717808879926, "epsilon": 0.36158020565301524, "gamma": 0.07932259687442643}, "datetime": {"datetime": "2021-09-18 14:06:09", "elapsed": 144.697185, "delta": 1.321596}}
{"target": 0.9026761023165328, "params": {"C": 64.27295797831248, "epsilon": 0.9059222674636552, "gamma": 0.0647362169244752}, "datetime": {"datetime": "2021-09-18 14:06:09", "elapsed": 145.416723, "delta": 0.719538}}
{"target": 0.8933332423276704, "params": {"C": 97.62648870818445, "epsilon": 0.10573498717710832, "gamma": 0.11583385888286865}, "datetime": {"datetime": "2021-09-18 14:06:11", "elapsed": 146.890694, "delta": 1.473971}}
{"target": 0.8867015021727287, "params": {"C": 108.8888887836753, "epsilon": 0.4239417258521863, "gamma": 0.12662081991178145}, "datetime": {"datetime": "2021-09-18 14:06:12", "elapsed": 148.485323, "delta": 1.594629}}
{"target": 0.903731289909827, "params": {"C": 112.99981278210669, "epsilon": 0.35806077547539344, "gamma": 0.09030458203294481}, "datetime": {"datetime": "2021-09-18 14:06:13", "elapsed": 149.226324, "delta": 0.741001}}
{"target": 0.9117066256767145, "params": {"C": 118.63576348061873, "epsilon": 0.4845653014628123, "gamma": 0.06224338704829816}, "datetime": {"datetime": "2021-09-18 14:06:14", "elapsed": 149.985063, "delta": 0.758739}}
{"target": 0.9106410343498623, "params": {"C": 118.57031190150366, "epsilon": 0.5867541872584522, "gamma": 0.06543504729988561}, "datetime": {"datetime": "2021-09-18 14:06:16", "elapsed": 151.656097, "delta": 1.671034}}
{"target": 0.9126033822866711, "params": {"C": 118.69425410673864, "epsilon": 0.5718494615255455, "gamma": 0.051175330411914965}, "datetime": {"datetime": "2021-09-18 14:06:17", "elapsed": 153.256008, "delta": 1.599911}}
{"target": 0.8962824979670777, "params": {"C": 118.73069782581403, "epsilon": 0.47233877512354405, "gamma": 0.1053664858021347}, "datetime": {"datetime": "2021-09-18 14:06:19", "elapsed": 154.770527, "delta": 1.514519}}
{"target": 0.91136390733796, "params": {"C": 118.62135992205877, "epsilon": 0.6764409154055607, "gamma": 0.05966833579717509}, "datetime": {"datetime": "2021-09-18 14:06:20", "elapsed": 155.965084, "delta": 1.194557}}
{"target": 0.9101435009580509, "params": {"C": 118.51646910502595, "epsilon": 0.46434530324776857, "gamma": 0.06873978857578933}, "datetime": {"datetime": "2021-09-18 14:06:21", "elapsed": 157.419404, "delta": 1.45432}}
{"target": 0.8982593252095206, "params": {"C": 118.80141059665152, "epsilon": 0.7167843170309778, "gamma": 0.09770351578514944}, "datetime": {"datetime": "2021-09-18 14:06:23", "elapsed": 158.779645, "delta": 1.360241}}
{"target": 0.8849721306803491, "params": {"C": 102.95681247521912, "epsilon": 0.27504140221011447, "gamma": 0.1339525860334282}, "datetime": {"datetime": "2021-09-18 14:06:24", "elapsed": 159.58412, "delta": 0.804475}}
{"target": 0.8748398064235026, "params": {"C": 118.4711084714118, "epsilon": 0.5467736151663648, "gamma": 0.13831160797264402}, "datetime": {"datetime": "2021-09-18 14:06:25", "elapsed": 161.117735, "delta": 1.533615}}
{"target": 0.9066962096604038, "params": {"C": 73.08762401083246, "epsilon": 0.7033384335859958, "gamma": 0.05647394684201445}, "datetime": {"datetime": "2021-09-18 14:06:27", "elapsed": 162.662266, "delta": 1.544531}}
{"target": 0.8986684428884579, "params": {"C": 118.65471550627814, "epsilon": 0.6104375724146893, "gamma": 0.0983562422417362}, "datetime": {"datetime": "2021-09-18 14:06:28", "elapsed": 164.00235, "delta": 1.340084}}
{"target": 0.9142578992893787, "params": {"C": 118.5148330870809, "epsilon": 0.3717586090264404, "gamma": 0.050267825357485946}, "datetime": {"datetime": "2021-09-18 14:06:29", "elapsed": 165.470717, "delta": 1.468367}}
{"target": 0.9095593068103076, "params": {"C": 119.25653120921731, "epsilon": 0.9354313473512849, "gamma": 0.0555212282559872}, "datetime": {"datetime": "2021-09-18 14:06:30", "elapsed": 166.237241, "delta": 0.766524}}
{"target": 0.9089789644263863, "params": {"C": 119.3707203941899, "epsilon": 0.9690395816606552, "gamma": 0.05621369817588737}, "datetime": {"datetime": "2021-09-18 14:06:32", "elapsed": 167.602032, "delta": 1.364791}}
{"target": 0.9116114072938344, "params": {"C": 118.62279395648466, "epsilon": 0.3732797995212418, "gamma": 0.06192978325666222}, "datetime": {"datetime": "2021-09-18 14:06:33", "elapsed": 169.122928, "delta": 1.520896}}
{"target": 0.909891631939131, "params": {"C": 92.05006846434406, "epsilon": 0.07272733186028792, "gamma": 0.07255596211687085}, "datetime": {"datetime": "2021-09-18 14:06:34", "elapsed": 169.974008, "delta": 0.85108}}
{"target": 0.89817020000331, "params": {"C": 118.53008423122648, "epsilon": 0.7811354189357987, "gamma": 0.09653379978908792}, "datetime": {"datetime": "2021-09-18 14:06:36", "elapsed": 171.538422, "delta": 1.564414}}
{"target": 0.8722617063864885, "params": {"C": 119.35053205467047, "epsilon": 0.8677673102333159, "gamma": 0.13244515365213727}, "datetime": {"datetime": "2021-09-18 14:06:37", "elapsed": 173.192169, "delta": 1.653747}}
{"target": 0.9023093109171123, "params": {"C": 119.15155954945422, "epsilon": 0.9408224746580219, "gamma": 0.08475860604715585}, "datetime": {"datetime": "2021-09-18 14:06:39", "elapsed": 174.651301, "delta": 1.459132}}
{"target": 0.9134330511970611, "params": {"C": 113.73098336579751, "epsilon": 0.3846678420822048, "gamma": 0.05}, "datetime": {"datetime": "2021-09-18 14:06:41", "elapsed": 176.4942, "delta": 1.842899}}
{"target": 0.8810745610830908, "params": {"C": 113.7433757421222, "epsilon": 0.4327193684616373, "gamma": 0.13483081759112026}, "datetime": {"datetime": "2021-09-18 14:06:42", "elapsed": 178.15562, "delta": 1.66142}}
{"target": 0.9066191981024799, "params": {"C": 94.81219289122838, "epsilon": 0.19486723175873724, "gamma": 0.08318857343403384}, "datetime": {"datetime": "2021-09-18 14:06:43", "elapsed": 178.981809, "delta": 0.826189}}
{"target": 0.9044306715192109, "params": {"C": 113.70667120852283, "epsilon": 0.26310131369764933, "gamma": 0.08903480698274795}, "datetime": {"datetime": "2021-09-18 14:06:44", "elapsed": 180.329982, "delta": 1.348173}}
{"target": 0.8827049939584439, "params": {"C": 118.5758562837003, "epsilon": 0.3672872676127389, "gamma": 0.1334822155688194}, "datetime": {"datetime": "2021-09-18 14:06:46", "elapsed": 181.82587, "delta": 1.495888}}
{"target": 0.9136745645630372, "params": {"C": 113.67145299333853, "epsilon": 0.3381107554642242, "gamma": 0.05080205444334797}, "datetime": {"datetime": "2021-09-18 14:06:48", "elapsed": 183.636946, "delta": 1.811076}}
{"target": 0.8884474433504035, "params": {"C": 89.84893162874269, "epsilon": 0.4681174268073468, "gamma": 0.1218061197660157}, "datetime": {"datetime": "2021-09-18 14:06:49", "elapsed": 184.50316, "delta": 0.866214}}
{"target": 0.9136548230594178, "params": {"C": 113.80051159477985, "epsilon": 0.3153987126669613, "gamma": 0.05}, "datetime": {"datetime": "2021-09-18 14:06:50", "elapsed": 186.085056, "delta": 1.581896}}
{"target": 0.913906361683767, "params": {"C": 113.89762594419781, "epsilon": 0.24841989935083394, "gamma": 0.05816059068855927}, "datetime": {"datetime": "2021-09-18 14:06:52", "elapsed": 187.655573, "delta": 1.570517}}
{"target": 0.9144391280356496, "params": {"C": 113.82420471689403, "epsilon": 0.19213141769978187, "gamma": 0.05}, "datetime": {"datetime": "2021-09-18 14:06:53", "elapsed": 189.098613, "delta": 1.44304}}
{"target": 0.9132343830145278, "params": {"C": 118.28630170055015, "epsilon": 0.29232542002599626, "gamma": 0.05949600009278749}, "datetime": {"datetime": "2021-09-18 14:06:54", "elapsed": 189.964463, "delta": 0.86585}}
{"target": 0.9096906364535863, "params": {"C": 87.23091196256505, "epsilon": 0.3486729473118495, "gamma": 0.050488433739983185}, "datetime": {"datetime": "2021-09-18 14:06:55", "elapsed": 190.788342, "delta": 0.823879}}
{"target": 0.8850362103392759, "params": {"C": 76.81739631449027, "epsilon": 0.7510869609537928, "gamma": 0.12044551690543064}, "datetime": {"datetime": "2021-09-18 14:06:56", "elapsed": 191.638281, "delta": 0.849939}}
{"target": 0.9064005952012542, "params": {"C": 113.95535635392605, "epsilon": 0.17158371123899435, "gamma": 0.08577382538061955}, "datetime": {"datetime": "2021-09-18 14:06:57", "elapsed": 193.434399, "delta": 1.796118}}
{"target": 0.8802346768471347, "params": {"C": 118.3218534890181, "epsilon": 0.2879022177011205, "gamma": 0.13959493138340573}, "datetime": {"datetime": "2021-09-18 14:06:59", "elapsed": 195.155392, "delta": 1.720993}}
{"target": 0.8861356933976217, "params": {"C": 113.81923507595664, "epsilon": 0.12209142372640036, "gamma": 0.13269189392836916}, "datetime": {"datetime": "2021-09-18 14:07:01", "elapsed": 196.665099, "delta": 1.509707}}
{"target": 0.9111652733141625, "params": {"C": 113.94226634413548, "epsilon": 0.333188806473485, "gamma": 0.06369520293892363}, "datetime": {"datetime": "2021-09-18 14:07:02", "elapsed": 198.259852, "delta": 1.594753}}
{"target": 0.912144988749174, "params": {"C": 118.19620004104304, "epsilon": 0.22221703194754483, "gamma": 0.0640885881483523}, "datetime": {"datetime": "2021-09-18 14:07:04", "elapsed": 199.731439, "delta": 1.471587}}
{"target": 0.9012376414707389, "params": {"C": 118.15380024573305, "epsilon": 0.29893593207415864, "gamma": 0.09730521134670464}, "datetime": {"datetime": "2021-09-18 14:07:06", "elapsed": 201.613832, "delta": 1.882393}}
{"target": 0.9148261346698751, "params": {"C": 118.27795759192928, "epsilon": 0.19500070792496818, "gamma": 0.05}, "datetime": {"datetime": "2021-09-18 14:07:08", "elapsed": 203.773619, "delta": 2.159787}}
{"target": 0.8941023576619639, "params": {"C": 114.03669627412289, "epsilon": 0.3033175104740848, "gamma": 0.11399438544441963}, "datetime": {"datetime": "2021-09-18 14:07:10", "elapsed": 205.845338, "delta": 2.071719}}
{"target": 0.9085891213161849, "params": {"C": 97.09811489055853, "epsilon": 0.26673325689662164, "gamma": 0.07521506658801744}, "datetime": {"datetime": "2021-09-18 14:07:11", "elapsed": 206.729256, "delta": 0.883918}}
{"target": 0.9128451636695535, "params": {"C": 118.19074183689173, "epsilon": 0.12975832215869532, "gamma": 0.06551426066842524}, "datetime": {"datetime": "2021-09-18 14:07:12", "elapsed": 208.436439, "delta": 1.707183}}
{"target": 0.8975356356379735, "params": {"C": 118.30376201188292, "epsilon": 0.08066637685335508, "gamma": 0.10846686685769452}, "datetime": {"datetime": "2021-09-18 14:07:14", "elapsed": 210.243702, "delta": 1.807263}}
{"target": 0.8779739312118795, "params": {"C": 75.06408626885192, "epsilon": 0.8272797033547802, "gamma": 0.130411421967005}, "datetime": {"datetime": "2021-09-18 14:07:15", "elapsed": 211.191677, "delta": 0.947975}}
{"target": 0.9063036380602925, "params": {"C": 118.11330207997698, "epsilon": 0.03690009953424586, "gamma": 0.08310256625373752}, "datetime": {"datetime": "2021-09-18 14:07:17", "elapsed": 212.934229, "delta": 1.742552}}
{"target": 0.8947839744901649, "params": {"C": 87.2751484002643, "epsilon": 0.4432563040524444, "gamma": 0.10713868442451735}, "datetime": {"datetime": "2021-09-18 14:07:18", "elapsed": 214.37291, "delta": 1.438681}}
{"target": 0.9119308414832186, "params": {"C": 94.89067381384979, "epsilon": 0.29872486068519377, "gamma": 0.05725093895409988}, "datetime": {"datetime": "2021-09-18 14:07:20", "elapsed": 215.93301, "delta": 1.5601}}
{"target": 0.9117180633211668, "params": {"C": 94.70808911044902, "epsilon": 0.2649500835330356, "gamma": 0.058181515860710124}, "datetime": {"datetime": "2021-09-18 14:07:22", "elapsed": 217.605072, "delta": 1.672062}}
{"target": 0.8980736190750727, "params": {"C": 94.84430186401204, "epsilon": 0.39103294569195923, "gamma": 0.10090245935820517}, "datetime": {"datetime": "2021-09-18 14:07:23", "elapsed": 219.480358, "delta": 1.875286}}
{"target": 0.910052052759281, "params": {"C": 87.18201152767581, "epsilon": 0.24401352596290252, "gamma": 0.05}, "datetime": {"datetime": "2021-09-18 14:07:25", "elapsed": 221.141184, "delta": 1.660826}}
{"target": 0.9150163396324088, "params": {"C": 118.08524176067893, "epsilon": 0.15917769884725355, "gamma": 0.05}, "datetime": {"datetime": "2021-09-18 14:07:27", "elapsed": 223.441288, "delta": 2.300104}}
{"target": 0.912614676331358, "params": {"C": 117.99493099597363, "epsilon": 0.16835111158205593, "gamma": 0.06458259328922179}, "datetime": {"datetime": "2021-09-18 14:07:29", "elapsed": 225.145431, "delta": 1.704143}}
