{"target": -6.252695275217987, "params": {"C": 5.75523763174622, "epsilon": 5.41527221917558, "gamma": 1.0386633419004143}, "datetime": {"datetime": "2021-09-18 08:53:39", "elapsed": 593.53452, "delta": 3.155402}}
{"target": -4.862151175373432, "params": {"C": 30.618899380313284, "epsilon": 0.001, "gamma": 0.0001}, "datetime": {"datetime": "2021-09-18 08:53:43", "elapsed": 597.131515, "delta": 3.596995}}
{"target": -2.466179623316666, "params": {"C": 45.87426732170805, "epsilon": 3.4261045003516504, "gamma": 0.034660406234902255}, "datetime": {"datetime": "2021-09-18 08:53:46", "elapsed": 600.222601, "delta": 3.091086}}
{"target": -2.1054385156378324, "params": {"C": 44.407661294630664, "epsilon": 1.0851351167419316, "gamma": 0.04072204883188434}, "datetime": {"datetime": "2021-09-18 08:53:49", "elapsed": 603.048862, "delta": 2.826261}}
{"target": -3.9279661302118605, "params": {"C": 48.7268584739081, "epsilon": 3.07065595316669, "gamma": 0.3935375315861394}, "datetime": {"datetime": "2021-09-18 08:53:52", "elapsed": 606.293995, "delta": 3.245133}}
{"target": -4.690685084688883, "params": {"C": 45.96457053316157, "epsilon": 3.3932372197630274, "gamma": 0.6678315977814862}, "datetime": {"datetime": "2021-09-18 08:53:55", "elapsed": 609.334145, "delta": 3.04015}}
{"target": -2.3697386544090153, "params": {"C": 34.4456148146265, "epsilon": 0.8328435599482641, "gamma": 0.012780349220427367}, "datetime": {"datetime": "2021-09-18 08:53:59", "elapsed": 612.956887, "delta": 3.622742}}
{"target": -8.376853672995182, "params": {"C": 7.9261445164826, "epsilon": 13.053821711412152, "gamma": 3.0}, "datetime": {"datetime": "2021-09-18 08:54:02", "elapsed": 616.388364, "delta": 3.431477}}
{"target": -2.0943170885521583, "params": {"C": 42.91190372120015, "epsilon": 1.1268376989581568, "gamma": 0.061276958505456315}, "datetime": {"datetime": "2021-09-18 08:54:06", "elapsed": 619.782784, "delta": 3.39442}}
{"target": -5.18607890551384, "params": {"C": 22.34136515595509, "epsilon": 3.191764064623149, "gamma": 0.0001}, "datetime": {"datetime": "2021-09-18 08:54:09", "elapsed": 622.774606, "delta": 2.991822}}
{"target": -9.319078947368421, "params": {"C": 33.87792661919738, "epsilon": 28.40023278101831, "gamma": 3.0}, "datetime": {"datetime": "2021-09-18 08:54:12", "elapsed": 625.803968, "delta": 3.029362}}
{"target": -2.874624112625718, "params": {"C": 45.109504913362244, "epsilon": 3.687685745838714, "gamma": 0.08376759450923665}, "datetime": {"datetime": "2021-09-18 08:54:15", "elapsed": 629.055681, "delta": 3.251713}}
{"target": -2.6948483528201455, "params": {"C": 20.019217579026485, "epsilon": 1.421468044770132, "gamma": 0.0071132477582807555}, "datetime": {"datetime": "2021-09-18 08:54:18", "elapsed": 631.858065, "delta": 2.802384}}
{"target": -2.1311147829594397, "params": {"C": 33.77724373969547, "epsilon": 0.17048757535255138, "gamma": 0.03394786434220955}, "datetime": {"datetime": "2021-09-18 08:54:21", "elapsed": 634.831153, "delta": 2.973088}}
{"target": -3.3891932952193637, "params": {"C": 19.33525944044553, "epsilon": 0.8957233972999038, "gamma": 0.3898962511376183}, "datetime": {"datetime": "2021-09-18 08:54:25", "elapsed": 638.61046, "delta": 3.779307}}
{"target": -2.173244212836182, "params": {"C": 41.93133903482916, "epsilon": 1.181149820514286, "gamma": 0.03436282717216891}, "datetime": {"datetime": "2021-09-18 08:54:27", "elapsed": 641.516335, "delta": 2.905875}}
{"target": -8.686931405764309, "params": {"C": 13.694213854835805, "epsilon": 16.862909442096626, "gamma": 0.0001}, "datetime": {"datetime": "2021-09-18 08:54:31", "elapsed": 644.747606, "delta": 3.231271}}
{"target": -9.319078947368421, "params": {"C": 13.890021262794159, "epsilon": 25.477544461037912, "gamma": 0.0001}, "datetime": {"datetime": "2021-09-18 08:54:34", "elapsed": 647.581305, "delta": 2.833699}}
{"target": -6.098463162555241, "params": {"C": 46.659730794077106, "epsilon": 1.191596642852326, "gamma": 2.9117080792833274}, "datetime": {"datetime": "2021-09-18 08:54:37", "elapsed": 651.554267, "delta": 3.972962}}
{"target": -6.97866623775737, "params": {"C": 2.9803156713522365, "epsilon": 6.978746251275502, "gamma": 0.0001}, "datetime": {"datetime": "2021-09-18 08:54:41", "elapsed": 655.541576, "delta": 3.987309}}
{"target": -5.0964762242038315, "params": {"C": 5.324957512049219, "epsilon": 1.8731180445995106, "gamma": 0.0004451890897072112}, "datetime": {"datetime": "2021-09-18 08:54:45", "elapsed": 658.721945, "delta": 3.180369}}
{"target": -9.319078947368421, "params": {"C": 50.0, "epsilon": 30.0, "gamma": 0.0001}, "datetime": {"datetime": "2021-09-18 08:54:48", "elapsed": 661.603846, "delta": 2.881901}}
{"target": -2.528230775621085, "params": {"C": 42.04033161727502, "epsilon": 1.998504284508861, "gamma": 0.009583455371728921}, "datetime": {"datetime": "2021-09-18 08:54:53", "elapsed": 666.593512, "delta": 4.989666}}
{"target": -6.575654761764305, "params": {"C": 9.414078967099103, "epsilon": 8.019297523754478, "gamma": 0.0001}, "datetime": {"datetime": "2021-09-18 08:54:56", "elapsed": 670.241853, "delta": 3.648341}}
{"target": -7.399998583377728, "params": {"C": 40.130892933442375, "epsilon": 12.415528302452847, "gamma": 0.0001}, "datetime": {"datetime": "2021-09-18 08:55:00", "elapsed": 673.880187, "delta": 3.638334}}
{"target": -7.914771226015131, "params": {"C": 28.413786687809925, "epsilon": 10.063493716278032, "gamma": 3.0}, "datetime": {"datetime": "2021-09-18 08:55:04", "elapsed": 677.587407, "delta": 3.70722}}
{"target": -6.940647375695067, "params": {"C": 30.97033879727158, "epsilon": 5.169690416995433, "gamma": 2.9548147395714}, "datetime": {"datetime": "2021-09-18 08:55:08", "elapsed": 681.594576, "delta": 4.007169}}
{"target": -9.68387613072649, "params": {"C": 46.23569098864297, "epsilon": 20.95907937324953, "gamma": 2.9581279852133284}, "datetime": {"datetime": "2021-09-18 08:55:11", "elapsed": 685.359402, "delta": 3.764826}}
{"target": -6.206724798220756, "params": {"C": 49.86488020751276, "epsilon": 1.6498391210836445, "gamma": 2.9461635347386843}, "datetime": {"datetime": "2021-09-18 08:55:15", "elapsed": 688.917509, "delta": 3.558107}}
{"target": -9.319078947368421, "params": {"C": 39.244554565010816, "epsilon": 22.526552199408986, "gamma": 0.0001}, "datetime": {"datetime": "2021-09-18 08:55:18", "elapsed": 691.950399, "delta": 3.03289}}
{"target": -6.793387394348602, "params": {"C": 7.035711036154319, "epsilon": 3.4579804359169515, "gamma": 2.96235386308218}, "datetime": {"datetime": "2021-09-18 08:55:21", "elapsed": 695.110917, "delta": 3.160518}}
{"target": -2.856675374541302, "params": {"C": 44.42113764174622, "epsilon": 4.682558102381354, "gamma": 0.012678550330790008}, "datetime": {"datetime": "2021-09-18 08:55:24", "elapsed": 698.320267, "delta": 3.20935}}
{"target": -7.58098627190333, "params": {"C": 2.750615492656766, "epsilon": 10.078918671777297, "gamma": 3.0}, "datetime": {"datetime": "2021-09-18 08:55:28", "elapsed": 701.684492, "delta": 3.364225}}
{"target": -5.582436118289539, "params": {"C": 33.24901127669595, "epsilon": 9.828646349228205, "gamma": 0.011349723166646956}, "datetime": {"datetime": "2021-09-18 08:55:31", "elapsed": 704.992002, "delta": 3.30751}}
{"target": -6.197497846923168, "params": {"C": 14.17165461072724, "epsilon": 7.469242255018752, "gamma": 0.0001}, "datetime": {"datetime": "2021-09-18 08:55:34", "elapsed": 708.146603, "delta": 3.154601}}
{"target": -6.974801104677917, "params": {"C": 2.363329650224289, "epsilon": 4.289420009044812, "gamma": 0.0001}, "datetime": {"datetime": "2021-09-18 08:55:37", "elapsed": 711.393686, "delta": 3.247083}}
{"target": -2.5504913628292454, "params": {"C": 23.40213119237703, "epsilon": 2.0522596157589548, "gamma": 0.012257765587546003}, "datetime": {"datetime": "2021-09-18 08:55:41", "elapsed": 715.199733, "delta": 3.806047}}
{"target": -2.2765125389711423, "params": {"C": 17.671037638448016, "epsilon": 0.8282304906019926, "gamma": 0.026087181392407847}, "datetime": {"datetime": "2021-09-18 08:55:46", "elapsed": 719.691275, "delta": 4.491542}}
{"target": -2.2802083801801025, "params": {"C": 18.90178436450863, "epsilon": 1.3694306049562348, "gamma": 0.043228905856243595}, "datetime": {"datetime": "2021-09-18 08:55:50", "elapsed": 723.753472, "delta": 4.062197}}
{"target": -6.570407321181731, "params": {"C": 26.796596860039518, "epsilon": 3.2474694328761187, "gamma": 3.0}, "datetime": {"datetime": "2021-09-18 08:55:53", "elapsed": 727.136906, "delta": 3.383434}}
{"target": -8.915926288348379, "params": {"C": 13.990875976949797, "epsilon": 14.509010198852485, "gamma": 3.0}, "datetime": {"datetime": "2021-09-18 08:55:57", "elapsed": 731.314869, "delta": 4.177963}}
{"target": -3.7014260795206066, "params": {"C": 45.2094698194168, "epsilon": 5.360054786735055, "gamma": 0.07848336835449339}, "datetime": {"datetime": "2021-09-18 08:56:01", "elapsed": 734.679667, "delta": 3.364798}}
{"target": -9.319078947368421, "params": {"C": 34.95743990829458, "epsilon": 26.324487444105486, "gamma": 0.0001}, "datetime": {"datetime": "2021-09-18 08:56:05", "elapsed": 738.821337, "delta": 4.14167}}
{"target": -5.041234139812884, "params": {"C": 24.391574724035447, "epsilon": 0.5523401498192472, "gamma": 0.0001}, "datetime": {"datetime": "2021-09-18 08:56:08", "elapsed": 742.492951, "delta": 3.671614}}
{"target": -6.54812113415974, "params": {"C": 16.83468811908644, "epsilon": 3.0496780899334093, "gamma": 2.99530258813811}, "datetime": {"datetime": "2021-09-18 08:56:13", "elapsed": 746.581134, "delta": 4.088183}}
{"target": -9.319078947368421, "params": {"C": 22.556059212088773, "epsilon": 28.691224165944277, "gamma": 3.0}, "datetime": {"datetime": "2021-09-18 08:56:17", "elapsed": 751.504466, "delta": 4.923332}}
{"target": -2.235161239496814, "params": {"C": 26.721486447997616, "epsilon": 0.032804881407102866, "gamma": 0.021171480787810327}, "datetime": {"datetime": "2021-09-18 08:56:21", "elapsed": 755.395057, "delta": 3.890591}}
{"target": -4.087113293719837, "params": {"C": 26.22066021873537, "epsilon": 0.001, "gamma": 0.7602921557357993}, "datetime": {"datetime": "2021-09-18 08:56:25", "elapsed": 759.234491, "delta": 3.839434}}
{"target": -1.9944967223587577, "params": {"C": 38.252758044507104, "epsilon": 0.040469828173381024, "gamma": 0.06397951471111825}, "datetime": {"datetime": "2021-09-18 08:56:30", "elapsed": 764.363053, "delta": 5.128562}}
{"target": -9.113948980287557, "params": {"C": 32.7343406476941, "epsilon": 15.575440280508682, "gamma": 3.0}, "datetime": {"datetime": "2021-09-18 08:56:34", "elapsed": 767.622316, "delta": 3.259263}}
{"target": -6.253307515854647, "params": {"C": 9.346034455501783, "epsilon": 0.07108709652411246, "gamma": 2.981457189610831}, "datetime": {"datetime": "2021-09-18 08:56:37", "elapsed": 771.510027, "delta": 3.887711}}
{"target": -5.246186128860288, "params": {"C": 20.15324438733522, "epsilon": 2.2442332398684326, "gamma": 0.0001}, "datetime": {"datetime": "2021-09-18 08:56:41", "elapsed": 775.178598, "delta": 3.668571}}
{"target": -2.2772545582187873, "params": {"C": 41.11888995435819, "epsilon": 1.5680638739171644, "gamma": 0.08727779068786604}, "datetime": {"datetime": "2021-09-18 08:56:45", "elapsed": 778.577694, "delta": 3.399096}}
{"target": -4.381112571804671, "params": {"C": 16.662460596941788, "epsilon": 4.981839313140298, "gamma": 0.27266839633565254}, "datetime": {"datetime": "2021-09-18 08:56:50", "elapsed": 784.204936, "delta": 5.627242}}
{"target": -5.835651884867396, "params": {"C": 22.162799252219695, "epsilon": 5.258109489093607, "gamma": 0.9976761787060902}, "datetime": {"datetime": "2021-09-18 08:56:54", "elapsed": 788.117383, "delta": 3.912447}}
{"target": -9.319078947368421, "params": {"C": 21.94379898088597, "epsilon": 25.87660134052197, "gamma": 0.0001}, "datetime": {"datetime": "2021-09-18 08:56:58", "elapsed": 792.236115, "delta": 4.118732}}
{"target": -9.319078947368421, "params": {"C": 50.0, "epsilon": 22.870624734991384, "gamma": 3.0}, "datetime": {"datetime": "2021-09-18 08:57:01", "elapsed": 795.398521, "delta": 3.162406}}
{"target": -6.359644050191394, "params": {"C": 38.007857142918674, "epsilon": 2.275752563908371, "gamma": 2.9927888644121103}, "datetime": {"datetime": "2021-09-18 08:57:05", "elapsed": 798.805152, "delta": 3.406631}}
{"target": -2.1580451335588853, "params": {"C": 26.789244682760774, "epsilon": 0.6107987085858851, "gamma": 0.09902307170422575}, "datetime": {"datetime": "2021-09-18 08:57:09", "elapsed": 803.441111, "delta": 4.635959}}
{"target": -6.303527546765028, "params": {"C": 23.67865697147451, "epsilon": 1.9721816970466781, "gamma": 2.9948703102807377}, "datetime": {"datetime": "2021-09-18 08:57:14", "elapsed": 807.658435, "delta": 4.217324}}
{"target": -5.1734112131854255, "params": {"C": 43.96777423456103, "epsilon": 9.291073021085024, "gamma": 0.033606219165137834}, "datetime": {"datetime": "2021-09-18 08:57:17", "elapsed": 811.012866, "delta": 3.354431}}
{"target": -5.988335287941373, "params": {"C": 20.255192719522036, "epsilon": 7.342594040085015, "gamma": 0.0001}, "datetime": {"datetime": "2021-09-18 08:57:22", "elapsed": 815.730021, "delta": 4.717155}}
{"target": -6.278735122314351, "params": {"C": 10.148265833270068, "epsilon": 6.183728789745857, "gamma": 1.0592601448314556}, "datetime": {"datetime": "2021-09-18 08:57:25", "elapsed": 819.174688, "delta": 3.444667}}
{"target": -2.2705442883971765, "params": {"C": 33.790975637413105, "epsilon": 0.8072026265848073, "gamma": 0.12386756778996848}, "datetime": {"datetime": "2021-09-18 08:57:29", "elapsed": 823.064496, "delta": 3.889808}}
{"target": -6.292928374436752, "params": {"C": 34.83800797714237, "epsilon": 5.3406410368776385, "gamma": 1.4603041686250045}, "datetime": {"datetime": "2021-09-18 08:57:33", "elapsed": 826.696902, "delta": 3.632406}}
{"target": -9.319078947368421, "params": {"C": 37.39060095497241, "epsilon": 30.0, "gamma": 0.0001}, "datetime": {"datetime": "2021-09-18 08:57:36", "elapsed": 830.427068, "delta": 3.730166}}
{"target": -2.747358637295225, "params": {"C": 44.323030741778055, "epsilon": 3.550490620689733, "gamma": 0.00582533650526106}, "datetime": {"datetime": "2021-09-18 08:57:40", "elapsed": 833.851632, "delta": 3.424564}}
{"target": -4.750629654258356, "params": {"C": 34.47587694319944, "epsilon": 0.001, "gamma": 0.0001}, "datetime": {"datetime": "2021-09-18 08:57:45", "elapsed": 838.97121, "delta": 5.119578}}
{"target": -5.199979208284262, "params": {"C": 29.05546576203266, "epsilon": 4.615805305571779, "gamma": 0.0001}, "datetime": {"datetime": "2021-09-18 08:57:49", "elapsed": 842.594884, "delta": 3.623674}}
{"target": -3.4081030997561217, "params": {"C": 28.021013212292516, "epsilon": 3.998976332025903, "gamma": 0.1380287331485013}, "datetime": {"datetime": "2021-09-18 08:57:52", "elapsed": 846.092021, "delta": 3.497137}}
{"target": -2.048221753242491, "params": {"C": 33.29770484211186, "epsilon": 0.2534977495701808, "gamma": 0.05197590974281377}, "datetime": {"datetime": "2021-09-18 08:57:59", "elapsed": 852.699931, "delta": 6.60791}}
{"target": -9.319078947368421, "params": {"C": 28.019520281908093, "epsilon": 24.47400478023441, "gamma": 0.0001}, "datetime": {"datetime": "2021-09-18 08:58:03", "elapsed": 857.145369, "delta": 4.445438}}
{"target": -9.688662252393252, "params": {"C": 9.84526147072485, "epsilon": 19.759805647353076, "gamma": 3.0}, "datetime": {"datetime": "2021-09-18 08:58:07", "elapsed": 860.628901, "delta": 3.483532}}
{"target": -3.440304449415802, "params": {"C": 30.437036401149836, "epsilon": 3.4900790774353876, "gamma": 0.002191309270737083}, "datetime": {"datetime": "2021-09-18 08:58:11", "elapsed": 865.315569, "delta": 4.686668}}
{"target": -2.4581161154353572, "params": {"C": 31.61712153998997, "epsilon": 2.710105942909719, "gamma": 0.029111615008248416}, "datetime": {"datetime": "2021-09-18 08:58:15", "elapsed": 869.190119, "delta": 3.87455}}
{"target": -4.60552493461353, "params": {"C": 43.70652216750574, "epsilon": 1.3868895272670687, "gamma": 0.0001}, "datetime": {"datetime": "2021-09-18 08:58:20", "elapsed": 874.561334, "delta": 5.371215}}
{"target": -3.582341199179899, "params": {"C": 44.22046081070919, "epsilon": 2.5149769641436137, "gamma": 0.34739636529063866}, "datetime": {"datetime": "2021-09-18 08:58:24", "elapsed": 878.485427, "delta": 3.924093}}
{"target": -4.7613307829369464, "params": {"C": 38.839309121168974, "epsilon": 3.5157272386039624, "gamma": 0.6820096518915649}, "datetime": {"datetime": "2021-09-18 08:58:28", "elapsed": 882.449952, "delta": 3.964525}}
{"target": -2.9176846560139147, "params": {"C": 43.20339021360318, "epsilon": 0.06512795778334471, "gamma": 0.31912896173989175}, "datetime": {"datetime": "2021-09-18 08:58:32", "elapsed": 886.495543, "delta": 4.045591}}
{"target": -6.025140659813869, "params": {"C": 14.414122601075077, "epsilon": 4.862788967077742, "gamma": 1.2446847218087416}, "datetime": {"datetime": "2021-09-18 08:58:36", "elapsed": 890.393442, "delta": 3.897899}}
{"target": -5.025354816645913, "params": {"C": 48.799139409237235, "epsilon": 5.399486158504916, "gamma": 0.0001}, "datetime": {"datetime": "2021-09-18 08:58:40", "elapsed": 894.13291, "delta": 3.739468}}
{"target": -9.319078947368421, "params": {"C": 15.739997558254894, "epsilon": 30.0, "gamma": 3.0}, "datetime": {"datetime": "2021-09-18 08:58:44", "elapsed": 897.930843, "delta": 3.797933}}
{"target": -9.319078947368421, "params": {"C": 46.77360483719311, "epsilon": 27.67245814702623, "gamma": 3.0}, "datetime": {"datetime": "2021-09-18 08:58:47", "elapsed": 901.329607, "delta": 3.398764}}
{"target": -4.638093434898468, "params": {"C": 37.944613283273256, "epsilon": 0.8162712198942838, "gamma": 0.0001}, "datetime": {"datetime": "2021-09-18 08:58:52", "elapsed": 905.816213, "delta": 4.486606}}
{"target": -2.427580564667099, "params": {"C": 42.86503266590874, "epsilon": 0.3045951845013746, "gamma": 0.007499271583284381}, "datetime": {"datetime": "2021-09-18 08:58:55", "elapsed": 909.490537, "delta": 3.674324}}
{"target": -4.761860594567162, "params": {"C": 37.22021327124293, "epsilon": 2.0091124324706557, "gamma": 0.9655394547857222}, "datetime": {"datetime": "2021-09-18 08:58:59", "elapsed": 913.246332, "delta": 3.755795}}
{"target": -9.319078947368421, "params": {"C": 18.614052521603494, "epsilon": 23.78254832031655, "gamma": 2.9035218566411687}, "datetime": {"datetime": "2021-09-18 08:59:04", "elapsed": 918.102985, "delta": 4.856653}}
{"target": -2.4897931908642574, "params": {"C": 37.247022266430356, "epsilon": 0.13411723519276242, "gamma": 0.2012655996658427}, "datetime": {"datetime": "2021-09-18 08:59:08", "elapsed": 921.749671, "delta": 3.646686}}
{"target": -5.229649296949376, "params": {"C": 30.820050367858414, "epsilon": 4.731045972875653, "gamma": 0.6985960862421198}, "datetime": {"datetime": "2021-09-18 08:59:13", "elapsed": 927.163468, "delta": 5.413797}}
{"target": -3.510978906852225, "params": {"C": 45.86111554385412, "epsilon": 0.5603082858926646, "gamma": 0.4909921700611197}, "datetime": {"datetime": "2021-09-18 08:59:18", "elapsed": 931.603942, "delta": 4.440474}}
{"target": -9.678425296778608, "params": {"C": 3.1421454839660012, "epsilon": 18.92732381014859, "gamma": 2.983787053870545}, "datetime": {"datetime": "2021-09-18 08:59:21", "elapsed": 935.270292, "delta": 3.66635}}
{"target": -8.163509170177601, "params": {"C": 2.4806937495027612, "epsilon": 15.521399823748045, "gamma": 0.0001}, "datetime": {"datetime": "2021-09-18 08:59:25", "elapsed": 939.157491, "delta": 3.887199}}
{"target": -5.646118258445501, "params": {"C": 28.549838009227642, "epsilon": 6.915798567497682, "gamma": 0.43141167570027233}, "datetime": {"datetime": "2021-09-18 08:59:29", "elapsed": 942.66626, "delta": 3.508769}}
{"target": -6.607324528253109, "params": {"C": 40.94299687526012, "epsilon": 3.495059762590971, "gamma": 2.9531485484568405}, "datetime": {"datetime": "2021-09-18 08:59:32", "elapsed": 946.386006, "delta": 3.719746}}
{"target": -9.319078947368421, "params": {"C": 46.48269316123373, "epsilon": 23.52570409142458, "gamma": 0.0001}, "datetime": {"datetime": "2021-09-18 08:59:37", "elapsed": 950.991902, "delta": 4.605896}}
{"target": -9.296309358642421, "params": {"C": 48.52197573468089, "epsilon": 17.65093269485348, "gamma": 0.0001}, "datetime": {"datetime": "2021-09-18 08:59:41", "elapsed": 954.600876, "delta": 3.608974}}
{"target": -9.4116978664437, "params": {"C": 42.79208308456803, "epsilon": 18.65044588572733, "gamma": 0.0001}, "datetime": {"datetime": "2021-09-18 08:59:44", "elapsed": 958.22016, "delta": 3.619284}}
{"target": -9.319078947368421, "params": {"C": 41.12793616062769, "epsilon": 29.091593024512992, "gamma": 3.0}, "datetime": {"datetime": "2021-09-18 08:59:48", "elapsed": 961.721644, "delta": 3.501484}}
{"target": -2.6917921536288993, "params": {"C": 43.619976152587896, "epsilon": 0.5061243615370258, "gamma": 0.22989033114069052}, "datetime": {"datetime": "2021-09-18 08:59:52", "elapsed": 966.119893, "delta": 4.398249}}
{"target": -2.117103912926537, "params": {"C": 39.346979243572264, "epsilon": 1.241452115727867, "gamma": 0.04929953667869475}, "datetime": {"datetime": "2021-09-18 08:59:56", "elapsed": 970.150892, "delta": 4.030999}}
{"target": -4.018194694013604, "params": {"C": 4.437439586719995, "epsilon": 4.929069465708061, "gamma": 0.06868608725051}, "datetime": {"datetime": "2021-09-18 09:00:01", "elapsed": 974.796193, "delta": 4.645301}}
{"target": -3.2252043353763695, "params": {"C": 38.666199589443, "epsilon": 0.3781186825879989, "gamma": 0.41067461618951984}, "datetime": {"datetime": "2021-09-18 09:00:05", "elapsed": 978.879209, "delta": 4.083016}}
{"target": -9.503886500340865, "params": {"C": 19.63320961406361, "epsilon": 17.948715719665334, "gamma": 3.0}, "datetime": {"datetime": "2021-09-18 09:00:10", "elapsed": 984.55733, "delta": 5.678121}}
