{"target": -2.140323041280862, "params": {"C": 75.78336447007439, "epsilon": 0.8219117729513385, "gamma": 0.11557954097447273}, "datetime": {"datetime": "2021-09-18 10:59:53", "elapsed": 2.107441, "delta": 0.108998}}
{"target": -2.105280197121823, "params": {"C": 75.74899780097701, "epsilon": 0.8271174542396431, "gamma": 0.09544144268843066}, "datetime": {"datetime": "2021-09-18 10:59:53", "elapsed": 2.219445, "delta": 0.112004}}
{"target": -2.490816608922024, "params": {"C": 45.55003507631034, "epsilon": 1.146546170898174, "gamma": 0.020994293152434194}, "datetime": {"datetime": "2021-09-18 10:59:53", "elapsed": 2.316143, "delta": 0.096698}}
{"target": -2.4420616593186995, "params": {"C": 75.54555120596353, "epsilon": 1.1523866661410982, "gamma": 0.2019866154742262}, "datetime": {"datetime": "2021-09-18 10:59:53", "elapsed": 2.576186, "delta": 0.260043}}
{"target": -2.1745025522975623, "params": {"C": 69.86515137960686, "epsilon": 0.16914181575851972, "gamma": 0.03591647539564391}, "datetime": {"datetime": "2021-09-18 10:59:53", "elapsed": 2.690139, "delta": 0.113953}}
{"target": -2.3994484266092555, "params": {"C": 71.02184955384126, "epsilon": 0.8361321042721752, "gamma": 0.19642846917023216}, "datetime": {"datetime": "2021-09-18 10:59:54", "elapsed": 2.806184, "delta": 0.116045}}
{"target": -3.46033300126918, "params": {"C": 75.66430837071324, "epsilon": 0.5059993182460568, "gamma": 0.001}, "datetime": {"datetime": "2021-09-18 10:59:54", "elapsed": 3.090142, "delta": 0.283958}}
{"target": -2.5109277987360827, "params": {"C": 75.87028381218815, "epsilon": 1.0271506227341312, "gamma": 0.014193225296372926}, "datetime": {"datetime": "2021-09-18 10:59:54", "elapsed": 3.447191, "delta": 0.357049}}
{"target": -2.6613107229148505, "params": {"C": 79.54450693317997, "epsilon": 1.0506341277489322, "gamma": 0.2948382214542789}, "datetime": {"datetime": "2021-09-18 10:59:54", "elapsed": 3.570185, "delta": 0.122994}}
{"target": -2.5089523608504263, "params": {"C": 79.40003648202595, "epsilon": 1.3200077365666942, "gamma": 0.01599469372531255}, "datetime": {"datetime": "2021-09-18 10:59:55", "elapsed": 3.732145, "delta": 0.16196}}
{"target": -2.4115928154975617, "params": {"C": 75.62606515139788, "epsilon": 0.8660106428089868, "gamma": 0.19704878610410015}, "datetime": {"datetime": "2021-09-18 10:59:55", "elapsed": 3.942142, "delta": 0.209997}}
{"target": -2.3451818126431814, "params": {"C": 42.25313863849, "epsilon": 0.09727374761929582, "gamma": 0.21144984857794868}, "datetime": {"datetime": "2021-09-18 10:59:55", "elapsed": 4.086141, "delta": 0.143999}}
{"target": -2.2460652895140663, "params": {"C": 79.43428666094438, "epsilon": 0.9230585297892794, "gamma": 0.030123909333878453}, "datetime": {"datetime": "2021-09-18 10:59:55", "elapsed": 4.272183, "delta": 0.186042}}
{"target": -2.5371874193151713, "params": {"C": 64.8936763584754, "epsilon": 1.3350124955447817, "gamma": 0.23269640074668121}, "datetime": {"datetime": "2021-09-18 10:59:55", "elapsed": 4.605139, "delta": 0.332956}}
{"target": -2.0861382419574217, "params": {"C": 87.94029823995913, "epsilon": 0.6278238670099154, "gamma": 0.08953073579482038}, "datetime": {"datetime": "2021-09-18 10:59:56", "elapsed": 4.77027, "delta": 0.165131}}
{"target": -2.239321247990587, "params": {"C": 88.08945641332497, "epsilon": 0.5061087189662066, "gamma": 0.14373969265595235}, "datetime": {"datetime": "2021-09-18 10:59:56", "elapsed": 5.054266, "delta": 0.283996}}
{"target": -2.5343038881893287, "params": {"C": 87.97928619107077, "epsilon": 0.7571903266397102, "gamma": 0.24958376305346106}, "datetime": {"datetime": "2021-09-18 10:59:56", "elapsed": 5.38225, "delta": 0.327984}}
{"target": -3.2708084030049163, "params": {"C": 28.22439979639994, "epsilon": 0.6223529463652714, "gamma": 0.0025821803303091913}, "datetime": {"datetime": "2021-09-18 10:59:56", "elapsed": 5.534237, "delta": 0.151987}}
{"target": -3.4138704188489264, "params": {"C": 87.87288804982617, "epsilon": 0.454485143570422, "gamma": 0.001}, "datetime": {"datetime": "2021-09-18 10:59:57", "elapsed": 5.855302, "delta": 0.321065}}
{"target": -2.1034736754042918, "params": {"C": 88.01171415117045, "epsilon": 0.7677765098106207, "gamma": 0.06774238953727166}, "datetime": {"datetime": "2021-09-18 10:59:57", "elapsed": 6.118115, "delta": 0.262813}}
{"target": -2.286394997128063, "params": {"C": 88.13407904540185, "epsilon": 0.60742341415582, "gamma": 0.01971142585288073}, "datetime": {"datetime": "2021-09-18 10:59:57", "elapsed": 6.479159, "delta": 0.361044}}
{"target": -2.1385174482906892, "params": {"C": 32.740095100812624, "epsilon": 0.08581758697090011, "gamma": 0.1115241773850985}, "datetime": {"datetime": "2021-09-18 10:59:57", "elapsed": 6.650117, "delta": 0.170958}}
{"target": -2.2940130750489875, "params": {"C": 57.768670524263946, "epsilon": 0.2902894102630641, "gamma": 0.023654008639416288}, "datetime": {"datetime": "2021-09-18 10:59:58", "elapsed": 6.817602, "delta": 0.167485}}
{"target": -3.351793832386468, "params": {"C": 79.60988093674789, "epsilon": 1.0241710069546128, "gamma": 0.0012857841066596745}, "datetime": {"datetime": "2021-09-18 10:59:58", "elapsed": 7.243179, "delta": 0.425577}}
{"target": -2.1064820863604288, "params": {"C": 87.89619802900108, "epsilon": 0.7344507574525747, "gamma": 0.04691763269252836}, "datetime": {"datetime": "2021-09-18 10:59:58", "elapsed": 7.632849, "delta": 0.38967}}
{"target": -2.2372205193612946, "params": {"C": 79.2807280668459, "epsilon": 1.0600954161152865, "gamma": 0.03251799544389522}, "datetime": {"datetime": "2021-09-18 10:59:59", "elapsed": 7.908634, "delta": 0.275785}}
{"target": -2.334315716640269, "params": {"C": 79.32889071576479, "epsilon": 0.9065562149396915, "gamma": 0.17075317933934392}, "datetime": {"datetime": "2021-09-18 10:59:59", "elapsed": 8.25717, "delta": 0.348536}}
{"target": -2.1443442662604304, "params": {"C": 32.76597461091009, "epsilon": 0.22953395297380186, "gamma": 0.047415611387005153}, "datetime": {"datetime": "2021-09-18 11:00:00", "elapsed": 8.731099, "delta": 0.473929}}
{"target": -2.3432248565867546, "params": {"C": 32.87212735313787, "epsilon": 0.26248248272532715, "gamma": 0.2232399190126576}, "datetime": {"datetime": "2021-09-18 11:00:00", "elapsed": 9.1027, "delta": 0.371601}}
{"target": -2.2777178867067653, "params": {"C": 44.10452580211885, "epsilon": 1.2682506064947836, "gamma": 0.04006638675507232}, "datetime": {"datetime": "2021-09-18 11:00:00", "elapsed": 9.277459, "delta": 0.174759}}
{"target": -2.516866825732477, "params": {"C": 81.60271279521615, "epsilon": 0.35464115620166914, "gamma": 0.26268196122851867}, "datetime": {"datetime": "2021-09-18 11:00:00", "elapsed": 9.471102, "delta": 0.193643}}
{"target": -2.1480288619985126, "params": {"C": 32.588512036472856, "epsilon": 0.06518690998701074, "gamma": 0.11702603585618196}, "datetime": {"datetime": "2021-09-18 11:00:00", "elapsed": 9.705557, "delta": 0.234455}}
{"target": -2.616597527639365, "params": {"C": 85.81522903222908, "epsilon": 1.1208943742242496, "gamma": 0.2669691702065461}, "datetime": {"datetime": "2021-09-18 11:00:01", "elapsed": 9.888866, "delta": 0.183309}}
{"target": -2.111495516046812, "params": {"C": 87.9978208719829, "epsilon": 0.740647457653366, "gamma": 0.053278099880855335}, "datetime": {"datetime": "2021-09-18 11:00:01", "elapsed": 10.13687, "delta": 0.248004}}
{"target": -2.293779188275163, "params": {"C": 32.60524769498875, "epsilon": 0.19470812596834772, "gamma": 0.19916343445941687}, "datetime": {"datetime": "2021-09-18 11:00:01", "elapsed": 10.460869, "delta": 0.323999}}
{"target": -2.4417364079282375, "params": {"C": 75.60393615755363, "epsilon": 0.8706472437171316, "gamma": 0.20986981196802781}, "datetime": {"datetime": "2021-09-18 11:00:01", "elapsed": 10.65963, "delta": 0.198761}}
{"target": -2.1788790469219617, "params": {"C": 38.95874928414132, "epsilon": 0.5617945781257564, "gamma": 0.11532140841521052}, "datetime": {"datetime": "2021-09-18 11:00:02", "elapsed": 10.863631, "delta": 0.204001}}
{"target": -2.140264144696891, "params": {"C": 75.80230270281459, "epsilon": 0.8397050785868653, "gamma": 0.11522167586938674}, "datetime": {"datetime": "2021-09-18 11:00:02", "elapsed": 11.065715, "delta": 0.202084}}
{"target": -2.1327079071690207, "params": {"C": 64.94945668353014, "epsilon": 1.1908088542311985, "gamma": 0.07485929109235485}, "datetime": {"datetime": "2021-09-18 11:00:02", "elapsed": 11.258675, "delta": 0.19296}}
{"target": -2.2510312640871954, "params": {"C": 65.00689645730621, "epsilon": 0.995557363365964, "gamma": 0.15211977995038203}, "datetime": {"datetime": "2021-09-18 11:00:03", "elapsed": 11.756861, "delta": 0.498186}}
{"target": -2.295561461473323, "params": {"C": 65.23236609040461, "epsilon": 1.132086002343464, "gamma": 0.030985476003145964}, "datetime": {"datetime": "2021-09-18 11:00:03", "elapsed": 12.097094, "delta": 0.340233}}
{"target": -2.579599148390536, "params": {"C": 28.165293708966175, "epsilon": 0.9864948803234533, "gamma": 0.2973598433524906}, "datetime": {"datetime": "2021-09-18 11:00:03", "elapsed": 12.348102, "delta": 0.251008}}
{"target": -2.4676929079767844, "params": {"C": 88.01330790859029, "epsilon": 1.0355197553323896, "gamma": 0.014531328308416205}, "datetime": {"datetime": "2021-09-18 11:00:04", "elapsed": 12.866132, "delta": 0.51803}}
{"target": -2.6237934023926557, "params": {"C": 33.14796551607482, "epsilon": 1.2231374382603786, "gamma": 0.2924142485099499}, "datetime": {"datetime": "2021-09-18 11:00:04", "elapsed": 13.078131, "delta": 0.211999}}
{"target": -2.195404836136688, "params": {"C": 90.38102513709767, "epsilon": 0.26797489841229055, "gamma": 0.12621707436668658}, "datetime": {"datetime": "2021-09-18 11:00:04", "elapsed": 13.323101, "delta": 0.24497}}
{"target": -2.294804655903177, "params": {"C": 30.393411587054516, "epsilon": 0.23424525545284702, "gamma": 0.20356736374763387}, "datetime": {"datetime": "2021-09-18 11:00:04", "elapsed": 13.545005, "delta": 0.221904}}
{"target": -2.2667051074231206, "params": {"C": 69.70936338708887, "epsilon": 0.2754190128126036, "gamma": 0.1564431612567241}, "datetime": {"datetime": "2021-09-18 11:00:05", "elapsed": 13.93866, "delta": 0.393655}}
{"target": -2.3252193002814225, "params": {"C": 42.268331525820386, "epsilon": 0.11123178587774495, "gamma": 0.19815655809997612}, "datetime": {"datetime": "2021-09-18 11:00:05", "elapsed": 14.188471, "delta": 0.249811}}
{"target": -2.412106215936524, "params": {"C": 69.97954156862251, "epsilon": 0.2657715573036517, "gamma": 0.2106853236554654}, "datetime": {"datetime": "2021-09-18 11:00:05", "elapsed": 14.647508, "delta": 0.459037}}
{"target": -2.3482737076963276, "params": {"C": 32.915919946438535, "epsilon": 0.05539483454123355, "gamma": 0.019410664271459394}, "datetime": {"datetime": "2021-09-18 11:00:06", "elapsed": 15.148877, "delta": 0.501369}}
{"target": -2.1597968309383595, "params": {"C": 26.27579096080707, "epsilon": 0.44005412534888755, "gamma": 0.0941683237953654}, "datetime": {"datetime": "2021-09-18 11:00:06", "elapsed": 15.365231, "delta": 0.216354}}
{"target": -2.2512791351525663, "params": {"C": 31.46861050409674, "epsilon": 0.8208541053881891, "gamma": 0.04436441845970892}, "datetime": {"datetime": "2021-09-18 11:00:06", "elapsed": 15.577304, "delta": 0.212073}}
{"target": -2.2792479884975103, "params": {"C": 26.321487283849855, "epsilon": 0.23385551978987268, "gamma": 0.03148136349277211}, "datetime": {"datetime": "2021-09-18 11:00:07", "elapsed": 15.920265, "delta": 0.342961}}
{"target": -2.1846721948055596, "params": {"C": 26.497456880064018, "epsilon": 0.44093504320002097, "gamma": 0.11350201555277768}, "datetime": {"datetime": "2021-09-18 11:00:07", "elapsed": 16.625602, "delta": 0.705337}}
{"target": -2.516906489671942, "params": {"C": 26.37502025516078, "epsilon": 0.6502795869345187, "gamma": 0.01575890968684041}, "datetime": {"datetime": "2021-09-18 11:00:08", "elapsed": 17.060996, "delta": 0.435394}}
{"target": -2.3969955559384584, "params": {"C": 26.451084345300533, "epsilon": 0.25604162675773057, "gamma": 0.26138678053296244}, "datetime": {"datetime": "2021-09-18 11:00:09", "elapsed": 17.797038, "delta": 0.736042}}
{"target": -2.3671456993607336, "params": {"C": 69.67854544507826, "epsilon": 0.08934846652555872, "gamma": 0.015585455245990722}, "datetime": {"datetime": "2021-09-18 11:00:09", "elapsed": 18.341088, "delta": 0.54405}}
{"target": -3.657105191965684, "params": {"C": 32.55813248543691, "epsilon": 0.21637766858069343, "gamma": 0.001}, "datetime": {"datetime": "2021-09-18 11:00:10", "elapsed": 18.904062, "delta": 0.562974}}
{"target": -2.3187695414979177, "params": {"C": 32.628655747077616, "epsilon": 0.1952981381221217, "gamma": 0.21000257541654554}, "datetime": {"datetime": "2021-09-18 11:00:10", "elapsed": 19.170087, "delta": 0.266025}}
{"target": -2.277155687072222, "params": {"C": 26.188462980248154, "epsilon": 0.30494732383552925, "gamma": 0.1806796849487065}, "datetime": {"datetime": "2021-09-18 11:00:10", "elapsed": 19.550562, "delta": 0.380475}}
{"target": -2.395401495021426, "params": {"C": 59.375338721510765, "epsilon": 1.4539254543045477, "gamma": 0.17114417562923023}, "datetime": {"datetime": "2021-09-18 11:00:11", "elapsed": 19.799523, "delta": 0.248961}}
{"target": -2.371650647826333, "params": {"C": 38.84273736166586, "epsilon": 0.46811894600066434, "gamma": 0.019932437203952814}, "datetime": {"datetime": "2021-09-18 11:00:11", "elapsed": 20.148298, "delta": 0.348775}}
{"target": -3.016961581390548, "params": {"C": 35.08507114773714, "epsilon": 1.4079625250952907, "gamma": 0.0038318984258593515}, "datetime": {"datetime": "2021-09-18 11:00:11", "elapsed": 20.404855, "delta": 0.256557}}
{"target": -2.389008205044323, "params": {"C": 32.474182912923894, "epsilon": 0.10932413119823324, "gamma": 0.24741099753515094}, "datetime": {"datetime": "2021-09-18 11:00:12", "elapsed": 20.896655, "delta": 0.4918}}
{"target": -2.234269843983679, "params": {"C": 38.25803144336691, "epsilon": 0.31389912801080316, "gamma": 0.15964952789547965}, "datetime": {"datetime": "2021-09-18 11:00:12", "elapsed": 21.18483, "delta": 0.288175}}
{"target": -2.3368062311271123, "params": {"C": 86.90597237738336, "epsilon": 0.1799258398080444, "gamma": 0.16793434804478172}, "datetime": {"datetime": "2021-09-18 11:00:12", "elapsed": 21.561837, "delta": 0.377007}}
{"target": -2.434579283578826, "params": {"C": 88.13571517032747, "epsilon": 0.5786050539805196, "gamma": 0.010934271475511202}, "datetime": {"datetime": "2021-09-18 11:00:13", "elapsed": 21.866068, "delta": 0.304231}}
{"target": -2.6129852339891677, "params": {"C": 63.35410022510045, "epsilon": 1.066163505987147, "gamma": 0.2799783898652805}, "datetime": {"datetime": "2021-09-18 11:00:13", "elapsed": 22.164962, "delta": 0.298894}}
{"target": -2.3859200460331667, "params": {"C": 88.25028817929055, "epsilon": 0.6412762564788829, "gamma": 0.18955692411150918}, "datetime": {"datetime": "2021-09-18 11:00:13", "elapsed": 22.72104, "delta": 0.556078}}
{"target": -2.3450873465844855, "params": {"C": 87.33215524278619, "epsilon": 1.2605110560034767, "gamma": 0.1617092013005336}, "datetime": {"datetime": "2021-09-18 11:00:14", "elapsed": 23.039246, "delta": 0.318206}}
{"target": -2.222083390660341, "params": {"C": 88.15972062973927, "epsilon": 0.7827453881027049, "gamma": 0.03064613174717524}, "datetime": {"datetime": "2021-09-18 11:00:15", "elapsed": 23.742004, "delta": 0.702758}}
{"target": -2.4953511826839074, "params": {"C": 84.44665365625211, "epsilon": 0.21144060020699554, "gamma": 0.23788621862107776}, "datetime": {"datetime": "2021-09-18 11:00:15", "elapsed": 24.079049, "delta": 0.337045}}
{"target": -2.3262107952039877, "params": {"C": 26.327497915468015, "epsilon": 0.5024405859891815, "gamma": 0.23004846324174724}, "datetime": {"datetime": "2021-09-18 11:00:15", "elapsed": 24.621196, "delta": 0.542147}}
{"target": -2.1312649628371183, "params": {"C": 54.250804917565944, "epsilon": 0.05303196967146611, "gamma": 0.04730024757803849}, "datetime": {"datetime": "2021-09-18 11:00:16", "elapsed": 24.934721, "delta": 0.313525}}
{"target": -2.5821823874982868, "params": {"C": 26.90643664373622, "epsilon": 0.054265981517246806, "gamma": 0.00991765463086667}, "datetime": {"datetime": "2021-09-18 11:00:16", "elapsed": 25.256045, "delta": 0.321324}}
{"target": -2.2041626331961424, "params": {"C": 54.29226663175251, "epsilon": 0.21571310848386727, "gamma": 0.03233941218026359}, "datetime": {"datetime": "2021-09-18 11:00:16", "elapsed": 25.713281, "delta": 0.457236}}
{"target": -2.350993071286253, "params": {"C": 54.11771349411313, "epsilon": 0.16661234808687758, "gamma": 0.01607533364805003}, "datetime": {"datetime": "2021-09-18 11:00:17", "elapsed": 26.271525, "delta": 0.558244}}
{"target": -2.5691296857127175, "params": {"C": 65.00349631427503, "epsilon": 1.0738924257023197, "gamma": 0.010037225542379801}, "datetime": {"datetime": "2021-09-18 11:00:18", "elapsed": 26.952307, "delta": 0.680782}}
{"target": -3.194178230434906, "params": {"C": 32.858305750548, "epsilon": 0.2886583402375799, "gamma": 0.0026527444835861445}, "datetime": {"datetime": "2021-09-18 11:00:18", "elapsed": 27.412173, "delta": 0.459866}}
{"target": -2.1878427911544738, "params": {"C": 26.379165088669208, "epsilon": 0.3574078704174403, "gamma": 0.11857715712856998}, "datetime": {"datetime": "2021-09-18 11:00:19", "elapsed": 28.145565, "delta": 0.733392}}
{"target": -2.1276957710655213, "params": {"C": 79.37505729350251, "epsilon": 1.0618484946355358, "gamma": 0.09694760246728099}, "datetime": {"datetime": "2021-09-18 11:00:20", "elapsed": 28.729044, "delta": 0.583479}}
{"target": -2.4807593810650075, "params": {"C": 64.94849563575374, "epsilon": 1.104717076724586, "gamma": 0.2189196623396079}, "datetime": {"datetime": "2021-09-18 11:00:20", "elapsed": 29.245683, "delta": 0.516639}}
{"target": -2.119343974934964, "params": {"C": 72.93287962398696, "epsilon": 0.14880014396354838, "gamma": 0.04390639632379519}, "datetime": {"datetime": "2021-09-18 11:00:20", "elapsed": 29.600256, "delta": 0.354573}}
{"target": -2.2997411347295027, "params": {"C": 54.324334362107955, "epsilon": 0.14564096394104187, "gamma": 0.17526648969032507}, "datetime": {"datetime": "2021-09-18 11:00:21", "elapsed": 30.352865, "delta": 0.752609}}
{"target": -2.4008262054225273, "params": {"C": 73.05973408524135, "epsilon": 0.19392687320318508, "gamma": 0.011051695914870555}, "datetime": {"datetime": "2021-09-18 11:00:22", "elapsed": 30.840563, "delta": 0.487698}}
{"target": -2.137093451444505, "params": {"C": 72.79491839431236, "epsilon": 0.1599870175758743, "gamma": 0.04087456994507501}, "datetime": {"datetime": "2021-09-18 11:00:22", "elapsed": 31.480047, "delta": 0.639484}}
{"target": -2.363413663808, "params": {"C": 72.84405834801984, "epsilon": 0.17362705442601642, "gamma": 0.19020336360750753}, "datetime": {"datetime": "2021-09-18 11:00:23", "elapsed": 32.184674, "delta": 0.704627}}
{"target": -2.962163988116432, "params": {"C": 64.98237562231083, "epsilon": 1.3425476937234386, "gamma": 0.0029933990061306553}, "datetime": {"datetime": "2021-09-18 11:00:23", "elapsed": 32.701499, "delta": 0.516825}}
{"target": -3.51127002897224, "params": {"C": 54.383575142423496, "epsilon": 0.08175088661545007, "gamma": 0.001}, "datetime": {"datetime": "2021-09-18 11:00:24", "elapsed": 33.276159, "delta": 0.57466}}
{"target": -2.1418838181270012, "params": {"C": 47.121496228932706, "epsilon": 0.012857649165415805, "gamma": 0.047570788157153376}, "datetime": {"datetime": "2021-09-18 11:00:24", "elapsed": 33.600526, "delta": 0.324367}}
{"target": -2.4563342429600583, "params": {"C": 92.52326361688972, "epsilon": 1.2223672269954842, "gamma": 0.20106283098489056}, "datetime": {"datetime": "2021-09-18 11:00:25", "elapsed": 33.93828, "delta": 0.337754}}
{"target": -2.490095706409961, "params": {"C": 29.222325669493497, "epsilon": 1.0100524673161415, "gamma": 0.26050317697272}, "datetime": {"datetime": "2021-09-18 11:00:25", "elapsed": 34.24528, "delta": 0.307}}
{"target": -2.1564854618821614, "params": {"C": 88.08368104837643, "epsilon": 0.6562657800098338, "gamma": 0.11626638763715474}, "datetime": {"datetime": "2021-09-18 11:00:26", "elapsed": 34.736296, "delta": 0.491016}}
{"target": -3.7345643599079494, "params": {"C": 26.39063954655999, "epsilon": 0.42030403269532374, "gamma": 0.001}, "datetime": {"datetime": "2021-09-18 11:00:26", "elapsed": 35.248337, "delta": 0.512041}}
{"target": -2.1091565201754694, "params": {"C": 54.18547411262466, "epsilon": 0.028951860343495443, "gamma": 0.10151396813248402}, "datetime": {"datetime": "2021-09-18 11:00:26", "elapsed": 35.706662, "delta": 0.458325}}
{"target": -2.2682115101836593, "params": {"C": 26.290370360605444, "epsilon": 0.34771237951653405, "gamma": 0.16894856397515268}, "datetime": {"datetime": "2021-09-18 11:00:27", "elapsed": 36.363037, "delta": 0.656375}}
{"target": -2.1347949142050644, "params": {"C": 54.211554629548594, "epsilon": 0.1373691257346113, "gamma": 0.10902432836647385}, "datetime": {"datetime": "2021-09-18 11:00:28", "elapsed": 37.071339, "delta": 0.708302}}
{"target": -3.4284335167826283, "params": {"C": 79.386893241819, "epsilon": 1.1237924076759673, "gamma": 0.001}, "datetime": {"datetime": "2021-09-18 11:00:28", "elapsed": 37.627444, "delta": 0.556105}}
{"target": -2.3742043821851695, "params": {"C": 73.4002603705016, "epsilon": 0.3069486373225934, "gamma": 0.19789968206657454}, "datetime": {"datetime": "2021-09-18 11:00:29", "elapsed": 38.006543, "delta": 0.379099}}
{"target": -2.4027847093337047, "params": {"C": 79.43542966377112, "epsilon": 1.0608805339075422, "gamma": 0.1853467149499667}, "datetime": {"datetime": "2021-09-18 11:00:29", "elapsed": 38.487601, "delta": 0.481058}}
{"target": -2.146031889974906, "params": {"C": 38.209875762657404, "epsilon": 0.293559504129946, "gamma": 0.042353316327581166}, "datetime": {"datetime": "2021-09-18 11:00:30", "elapsed": 38.84418, "delta": 0.356579}}
