{"target": -8.634962546324994, "params": {"C": 30.48191797665499, "epsilon": 13.137923927289506, "gamma": 3.0}, "datetime": {"datetime": "2021-09-18 08:49:10", "elapsed": 323.953951, "delta": 1.825779}}
{"target": -5.06386671499732, "params": {"C": 35.77806986812741, "epsilon": 4.46375195304416, "gamma": 0.0001}, "datetime": {"datetime": "2021-09-18 08:49:12", "elapsed": 325.779032, "delta": 1.825081}}
{"target": -6.353235254526296, "params": {"C": 25.184008931905872, "epsilon": 9.40195142359347, "gamma": 0.0001}, "datetime": {"datetime": "2021-09-18 08:49:14", "elapsed": 327.743785, "delta": 1.964753}}
{"target": -7.400289925129123, "params": {"C": 13.343671627414196, "epsilon": 7.95155803224681, "gamma": 3.0}, "datetime": {"datetime": "2021-09-18 08:49:16", "elapsed": 329.65539, "delta": 1.911605}}
{"target": -4.069022067712815, "params": {"C": 33.92155420428772, "epsilon": 0.10063400378931255, "gamma": 0.7540345892626873}, "datetime": {"datetime": "2021-09-18 08:49:18", "elapsed": 331.588757, "delta": 1.933367}}
{"target": -9.319078947368421, "params": {"C": 28.615485651560775, "epsilon": 30.0, "gamma": 0.0001}, "datetime": {"datetime": "2021-09-18 08:49:20", "elapsed": 334.040485, "delta": 2.451728}}
{"target": -9.319078947368421, "params": {"C": 2.413797106899279, "epsilon": 26.021844517287374, "gamma": 2.9975230318059705}, "datetime": {"datetime": "2021-09-18 08:49:22", "elapsed": 336.168021, "delta": 2.127536}}
{"target": -6.2260401128208755, "params": {"C": 37.976773928734225, "epsilon": 4.394207477284613, "gamma": 1.7424123041748216}, "datetime": {"datetime": "2021-09-18 08:49:25", "elapsed": 338.570637, "delta": 2.402616}}
{"target": -7.819177474473409, "params": {"C": 34.421906632482134, "epsilon": 9.630506559673782, "gamma": 3.0}, "datetime": {"datetime": "2021-09-18 08:49:26", "elapsed": 340.451309, "delta": 1.880672}}
{"target": -9.319078947368421, "params": {"C": 42.87626000298093, "epsilon": 23.012650534135748, "gamma": 0.0001}, "datetime": {"datetime": "2021-09-18 08:49:28", "elapsed": 342.468207, "delta": 2.016898}}
{"target": -3.350904021715606, "params": {"C": 11.227519747581926, "epsilon": 0.5482297443202914, "gamma": 0.0025347976636173933}, "datetime": {"datetime": "2021-09-18 08:49:30", "elapsed": 344.542501, "delta": 2.074294}}
{"target": -9.690924971314377, "params": {"C": 23.149977055769522, "epsilon": 20.728204998294093, "gamma": 3.0}, "datetime": {"datetime": "2021-09-18 08:49:33", "elapsed": 346.899715, "delta": 2.357214}}
{"target": -4.753625177561082, "params": {"C": 36.04338033376494, "epsilon": 1.4867863027370842, "gamma": 0.0001}, "datetime": {"datetime": "2021-09-18 08:49:35", "elapsed": 348.846549, "delta": 1.946834}}
{"target": -5.893625917872533, "params": {"C": 31.644393710638266, "epsilon": 0.15529959928865433, "gamma": 2.8337796926629193}, "datetime": {"datetime": "2021-09-18 08:49:37", "elapsed": 351.045277, "delta": 2.198728}}
{"target": -9.712712066813136, "params": {"C": 50.0, "epsilon": 20.855367693496753, "gamma": 0.0001}, "datetime": {"datetime": "2021-09-18 08:49:39", "elapsed": 353.31098, "delta": 2.265703}}
{"target": -5.877092555606064, "params": {"C": 9.853434292076278, "epsilon": 0.001, "gamma": 0.0001}, "datetime": {"datetime": "2021-09-18 08:49:41", "elapsed": 355.370045, "delta": 2.059065}}
{"target": -8.935681776234583, "params": {"C": 34.131004828226246, "epsilon": 16.812668608449037, "gamma": 0.0001}, "datetime": {"datetime": "2021-09-18 08:49:43", "elapsed": 357.361032, "delta": 1.990987}}
{"target": -5.335402978360946, "params": {"C": 20.25525280550943, "epsilon": 1.1047073499414368, "gamma": 1.573829892291904}, "datetime": {"datetime": "2021-09-18 08:49:45", "elapsed": 359.365723, "delta": 2.004691}}
{"target": -9.319078947368421, "params": {"C": 50.0, "epsilon": 26.251164527663075, "gamma": 3.0}, "datetime": {"datetime": "2021-09-18 08:49:48", "elapsed": 362.055853, "delta": 2.69013}}
{"target": -5.415962933252418, "params": {"C": 33.80710835207475, "epsilon": 1.6166144644917957, "gamma": 1.6606608252920951}, "datetime": {"datetime": "2021-09-18 08:49:51", "elapsed": 364.928439, "delta": 2.872586}}
{"target": -7.2392749616764736, "params": {"C": 6.497807162107081, "epsilon": 11.132149792789948, "gamma": 0.0001}, "datetime": {"datetime": "2021-09-18 08:49:53", "elapsed": 367.502876, "delta": 2.574437}}
{"target": -9.319078947368421, "params": {"C": 13.832490810854985, "epsilon": 27.240391775854334, "gamma": 2.950419501863296}, "datetime": {"datetime": "2021-09-18 08:49:56", "elapsed": 370.267955, "delta": 2.765079}}
{"target": -2.250075078717298, "params": {"C": 39.859734020599284, "epsilon": 1.6685537091583007, "gamma": 0.03580329195935325}, "datetime": {"datetime": "2021-09-18 08:49:59", "elapsed": 372.66172, "delta": 2.393765}}
{"target": -5.4100620486779505, "params": {"C": 41.06732522996484, "epsilon": 1.561957331157974, "gamma": 1.6674896000427348}, "datetime": {"datetime": "2021-09-18 08:50:01", "elapsed": 375.433392, "delta": 2.771672}}
{"target": -7.426107507170358, "params": {"C": 3.1681082902897733, "epsilon": 12.355693894281389, "gamma": 0.0052455480320143175}, "datetime": {"datetime": "2021-09-18 08:50:04", "elapsed": 378.038493, "delta": 2.605101}}
{"target": -8.525788545891764, "params": {"C": 22.927649261699194, "epsilon": 12.648955089274418, "gamma": 3.0}, "datetime": {"datetime": "2021-09-18 08:50:06", "elapsed": 380.064196, "delta": 2.025703}}
{"target": -2.3145217518187358, "params": {"C": 33.173769156094316, "epsilon": 1.0179949101163162, "gamma": 0.017857790707850898}, "datetime": {"datetime": "2021-09-18 08:50:08", "elapsed": 382.446508, "delta": 2.382312}}
{"target": -2.4207393619546713, "params": {"C": 47.3816011520712, "epsilon": 2.0212726324843175, "gamma": 0.02243531229741608}, "datetime": {"datetime": "2021-09-18 08:50:11", "elapsed": 384.811797, "delta": 2.365289}}
{"target": -8.56267656628954, "params": {"C": 21.209633253662695, "epsilon": 16.669767170694097, "gamma": 0.0001}, "datetime": {"datetime": "2021-09-18 08:50:13", "elapsed": 386.899304, "delta": 2.087507}}
{"target": -5.995178391898698, "params": {"C": 0.2752999600063881, "epsilon": 4.3938262578145695, "gamma": 0.0943790234199425}, "datetime": {"datetime": "2021-09-18 08:50:15", "elapsed": 389.483914, "delta": 2.58461}}
{"target": -4.540617309446693, "params": {"C": 32.913189969267115, "epsilon": 0.5945983492930568, "gamma": 1.0160457962307043}, "datetime": {"datetime": "2021-09-18 08:50:19", "elapsed": 392.721124, "delta": 3.23721}}
{"target": -6.291925994050118, "params": {"C": 16.698488634002256, "epsilon": 8.058673489917101, "gamma": 0.0001}, "datetime": {"datetime": "2021-09-18 08:50:21", "elapsed": 395.381006, "delta": 2.659882}}
{"target": -7.440205540287324, "params": {"C": 39.091385979510754, "epsilon": 8.420383485507145, "gamma": 2.211006633718937}, "datetime": {"datetime": "2021-09-18 08:50:24", "elapsed": 397.619213, "delta": 2.238207}}
{"target": -2.3258007241688112, "params": {"C": 45.9577437115467, "epsilon": 0.055901332680873266, "gamma": 0.010993679147503254}, "datetime": {"datetime": "2021-09-18 08:50:26", "elapsed": 399.845283, "delta": 2.22607}}
{"target": -6.95226911330636, "params": {"C": 12.334281422742736, "epsilon": 10.249015363050745, "gamma": 0.0001}, "datetime": {"datetime": "2021-09-18 08:50:29", "elapsed": 402.759253, "delta": 2.91397}}
{"target": -6.161480123894654, "params": {"C": 11.781429647351441, "epsilon": 0.001, "gamma": 3.0}, "datetime": {"datetime": "2021-09-18 08:50:31", "elapsed": 405.500263, "delta": 2.74101}}
{"target": -3.8618343381248277, "params": {"C": 11.082228004785321, "epsilon": 0.001, "gamma": 0.4847740165332625}, "datetime": {"datetime": "2021-09-18 08:50:34", "elapsed": 408.083036, "delta": 2.582773}}
{"target": -2.406507099615634, "params": {"C": 45.36628237871307, "epsilon": 0.9285346100618166, "gamma": 0.13707483135609516}, "datetime": {"datetime": "2021-09-18 08:50:37", "elapsed": 411.178173, "delta": 3.095137}}
{"target": -6.957730202864465, "params": {"C": 4.679319401672094, "epsilon": 4.317725374665709, "gamma": 2.8130939041505356}, "datetime": {"datetime": "2021-09-18 08:50:39", "elapsed": 413.358591, "delta": 2.180418}}
{"target": -7.379503737664877, "params": {"C": 50.0, "epsilon": 7.440393468433549, "gamma": 3.0}, "datetime": {"datetime": "2021-09-18 08:50:42", "elapsed": 415.669939, "delta": 2.311348}}
{"target": -7.4421095874411405, "params": {"C": 7.558200669946361, "epsilon": 8.82637760689575, "gamma": 3.0}, "datetime": {"datetime": "2021-09-18 08:50:44", "elapsed": 418.02655, "delta": 2.356611}}
{"target": -9.534408560950798, "params": {"C": 2.860756714800384, "epsilon": 21.787454749910864, "gamma": 0.12181993837912389}, "datetime": {"datetime": "2021-09-18 08:50:47", "elapsed": 420.591774, "delta": 2.565224}}
{"target": -4.961169566494875, "params": {"C": 28.91099548613458, "epsilon": 2.480561074236352, "gamma": 0.0001}, "datetime": {"datetime": "2021-09-18 08:50:49", "elapsed": 422.781247, "delta": 2.189473}}
{"target": -7.458052353851811, "params": {"C": 0.1, "epsilon": 3.239949025959643, "gamma": 3.0}, "datetime": {"datetime": "2021-09-18 08:50:52", "elapsed": 425.855541, "delta": 3.074294}}
{"target": -2.226732810164875, "params": {"C": 32.11820570674932, "epsilon": 0.995929458850759, "gamma": 0.02769714475735466}, "datetime": {"datetime": "2021-09-18 08:50:54", "elapsed": 428.251167, "delta": 2.395626}}
{"target": -4.343592141135617, "params": {"C": 15.83839412748355, "epsilon": 2.3259901063551345, "gamma": 0.5998380738076021}, "datetime": {"datetime": "2021-09-18 08:50:57", "elapsed": 431.519004, "delta": 3.267837}}
{"target": -8.536965253377344, "params": {"C": 41.93271902611164, "epsilon": 12.697492459171938, "gamma": 3.0}, "datetime": {"datetime": "2021-09-18 08:51:00", "elapsed": 434.365406, "delta": 2.846402}}
{"target": -6.29898725342879, "params": {"C": 29.550291962911114, "epsilon": 1.9771788860056798, "gamma": 3.0}, "datetime": {"datetime": "2021-09-18 08:51:03", "elapsed": 437.09718, "delta": 2.731774}}
{"target": -6.083254147238068, "params": {"C": 35.52841741374155, "epsilon": 0.9922680073131784, "gamma": 2.960990572057222}, "datetime": {"datetime": "2021-09-18 08:51:05", "elapsed": 439.313432, "delta": 2.216252}}
{"target": -2.465767210736727, "params": {"C": 23.235366760665663, "epsilon": 2.6558323593914457, "gamma": 0.03733341350073429}, "datetime": {"datetime": "2021-09-18 08:51:08", "elapsed": 441.66145, "delta": 2.348018}}
{"target": -6.513413599238215, "params": {"C": 11.32703193028878, "epsilon": 2.400915584702503, "gamma": 3.0}, "datetime": {"datetime": "2021-09-18 08:51:10", "elapsed": 444.257856, "delta": 2.596406}}
{"target": -6.939272796855811, "params": {"C": 24.68365913614527, "epsilon": 5.179937966004141, "gamma": 2.943065948297096}, "datetime": {"datetime": "2021-09-18 08:51:13", "elapsed": 446.858324, "delta": 2.600468}}
{"target": -2.4911152456748593, "params": {"C": 48.8370481379025, "epsilon": 2.2356822050670724, "gamma": 0.011766401538253682}, "datetime": {"datetime": "2021-09-18 08:51:15", "elapsed": 449.297389, "delta": 2.439065}}
{"target": -6.80422398654878, "params": {"C": 35.59576992912648, "epsilon": 10.91574055975554, "gamma": 0.06510740368287388}, "datetime": {"datetime": "2021-09-18 08:51:17", "elapsed": 451.374709, "delta": 2.07732}}
{"target": -6.389471831614698, "params": {"C": 21.755029675761097, "epsilon": 9.176642279849267, "gamma": 0.0001}, "datetime": {"datetime": "2021-09-18 08:51:20", "elapsed": 454.5087, "delta": 3.133991}}
{"target": -9.138028521636587, "params": {"C": 25.79023764044709, "epsilon": 15.266145743381212, "gamma": 0.09841966388388913}, "datetime": {"datetime": "2021-09-18 08:51:23", "elapsed": 456.82766, "delta": 2.31896}}
{"target": -9.319078947368421, "params": {"C": 7.449211164937557, "epsilon": 22.66538525316415, "gamma": 0.0001}, "datetime": {"datetime": "2021-09-18 08:51:25", "elapsed": 459.549433, "delta": 2.721773}}
{"target": -2.509819162715088, "params": {"C": 49.5491359764746, "epsilon": 3.123086351344322, "gamma": 0.018538710466361238}, "datetime": {"datetime": "2021-09-18 08:51:28", "elapsed": 461.883254, "delta": 2.333821}}
{"target": -5.9158641970518575, "params": {"C": 47.26396858332267, "epsilon": 8.351406695122472, "gamma": 0.0001}, "datetime": {"datetime": "2021-09-18 08:51:30", "elapsed": 464.538411, "delta": 2.655157}}
{"target": -5.097148344616453, "params": {"C": 50.0, "epsilon": 3.427940479098696, "gamma": 0.9080994705547991}, "datetime": {"datetime": "2021-09-18 08:51:33", "elapsed": 467.107301, "delta": 2.56889}}
{"target": -5.134332539572281, "params": {"C": 25.46393524226277, "epsilon": 3.3236507169268363, "gamma": 0.0001}, "datetime": {"datetime": "2021-09-18 08:51:36", "elapsed": 470.461119, "delta": 3.353818}}
{"target": -3.7481829968096, "params": {"C": 25.109155517228533, "epsilon": 5.0507108480138285, "gamma": 0.10755868095666686}, "datetime": {"datetime": "2021-09-18 08:51:39", "elapsed": 472.809651, "delta": 2.348532}}
{"target": -2.4046492323754936, "params": {"C": 22.511454625792, "epsilon": 0.12031968304705276, "gamma": 0.011614955802804071}, "datetime": {"datetime": "2021-09-18 08:51:41", "elapsed": 475.07726, "delta": 2.267609}}
{"target": -5.656825635449246, "params": {"C": 44.960652398067445, "epsilon": 3.595302546605781, "gamma": 1.3442764520745807}, "datetime": {"datetime": "2021-09-18 08:51:44", "elapsed": 477.732648, "delta": 2.655388}}
{"target": -7.301452452144105, "params": {"C": 20.940726193479264, "epsilon": 7.020954822960141, "gamma": 3.0}, "datetime": {"datetime": "2021-09-18 08:51:47", "elapsed": 480.922471, "delta": 3.189823}}
{"target": -9.181241628996876, "params": {"C": 50.0, "epsilon": 15.97851654320046, "gamma": 3.0}, "datetime": {"datetime": "2021-09-18 08:51:49", "elapsed": 483.496025, "delta": 2.573554}}
{"target": -9.319078947368421, "params": {"C": 0.1, "epsilon": 28.668431123747034, "gamma": 0.0001}, "datetime": {"datetime": "2021-09-18 08:51:52", "elapsed": 485.705234, "delta": 2.209209}}
{"target": -8.293966503339753, "params": {"C": 45.55831122260821, "epsilon": 14.997823651778866, "gamma": 0.0001}, "datetime": {"datetime": "2021-09-18 08:51:55", "elapsed": 488.700725, "delta": 2.995491}}
{"target": -9.404993147208058, "params": {"C": 40.885058874817865, "epsilon": 17.2235748706377, "gamma": 3.0}, "datetime": {"datetime": "2021-09-18 08:51:57", "elapsed": 491.402009, "delta": 2.701284}}
{"target": -4.211980443801298, "params": {"C": 26.16553722550282, "epsilon": 1.9736117881068949, "gamma": 0.6652940337709261}, "datetime": {"datetime": "2021-09-18 08:52:01", "elapsed": 494.581677, "delta": 3.179668}}
{"target": -5.283153862836008, "params": {"C": 17.675432382565134, "epsilon": 3.1186062754791184, "gamma": 1.0667511412278425}, "datetime": {"datetime": "2021-09-18 08:52:03", "elapsed": 496.762765, "delta": 2.181088}}
{"target": -9.319078947368421, "params": {"C": 17.80215441806922, "epsilon": 30.0, "gamma": 0.0001}, "datetime": {"datetime": "2021-09-18 08:52:05", "elapsed": 499.12914, "delta": 2.366375}}
{"target": -8.924332319001559, "params": {"C": 8.754726305841466, "epsilon": 18.008337779540874, "gamma": 0.0001}, "datetime": {"datetime": "2021-09-18 08:52:07", "elapsed": 501.50689, "delta": 2.37775}}
{"target": -7.7981802719865225, "params": {"C": 45.51563869128149, "epsilon": 9.525834931493929, "gamma": 3.0}, "datetime": {"datetime": "2021-09-18 08:52:10", "elapsed": 503.861448, "delta": 2.354558}}
{"target": -5.782007572326845, "params": {"C": 11.15811389418048, "epsilon": 2.240004498154446, "gamma": 0.0001}, "datetime": {"datetime": "2021-09-18 08:52:12", "elapsed": 506.491654, "delta": 2.630206}}
{"target": -6.471095389875573, "params": {"C": 9.780743461115412, "epsilon": 4.375613533245355, "gamma": 2.012435091145171}, "datetime": {"datetime": "2021-09-18 08:52:16", "elapsed": 509.723305, "delta": 3.231651}}
{"target": -5.875090346906141, "params": {"C": 3.7153101025789366, "epsilon": 2.353235140335542, "gamma": 1.027252810506629}, "datetime": {"datetime": "2021-09-18 08:52:18", "elapsed": 511.932653, "delta": 2.209348}}
{"target": -6.8142883773896195, "params": {"C": 42.2277575178064, "epsilon": 6.9294266314481305, "gamma": 1.5582098426507198}, "datetime": {"datetime": "2021-09-18 08:52:21", "elapsed": 514.83606, "delta": 2.903407}}
{"target": -8.14435500127201, "params": {"C": 0.1, "epsilon": 15.519463206785236, "gamma": 3.0}, "datetime": {"datetime": "2021-09-18 08:52:24", "elapsed": 517.843456, "delta": 3.007396}}
{"target": -6.414758408087645, "params": {"C": 17.12616866584915, "epsilon": 10.837795083140799, "gamma": 0.004745693627124431}, "datetime": {"datetime": "2021-09-18 08:52:27", "elapsed": 521.074253, "delta": 3.230797}}
{"target": -7.543381269711705, "params": {"C": 0.18789971497323063, "epsilon": 10.305311218400576, "gamma": 0.29640313069978674}, "datetime": {"datetime": "2021-09-18 08:52:30", "elapsed": 523.654063, "delta": 2.57981}}
{"target": -5.92368404916049, "params": {"C": 30.458645234670012, "epsilon": 7.958261269860079, "gamma": 0.0001}, "datetime": {"datetime": "2021-09-18 08:52:33", "elapsed": 526.614656, "delta": 2.960593}}
{"target": -4.183224691380442, "params": {"C": 6.570937008344872, "epsilon": 4.973727211643174, "gamma": 0.10292566942103842}, "datetime": {"datetime": "2021-09-18 08:52:35", "elapsed": 529.414213, "delta": 2.799557}}
{"target": -9.319078947368421, "params": {"C": 6.968858233701647, "epsilon": 26.418317801928126, "gamma": 3.0}, "datetime": {"datetime": "2021-09-18 08:52:38", "elapsed": 531.855791, "delta": 2.441578}}
{"target": -7.540854071121633, "params": {"C": 29.510945207999924, "epsilon": 12.973984841680313, "gamma": 0.0001}, "datetime": {"datetime": "2021-09-18 08:52:40", "elapsed": 534.343881, "delta": 2.48809}}
{"target": -3.8582030048720153, "params": {"C": 47.89633872043496, "epsilon": 0.06436118857676108, "gamma": 0.6508367962632381}, "datetime": {"datetime": "2021-09-18 08:52:43", "elapsed": 537.267196, "delta": 2.923315}}
{"target": -9.54876143761608, "params": {"C": 13.178936058732017, "epsilon": 21.64514665275887, "gamma": 2.952753044954584}, "datetime": {"datetime": "2021-09-18 08:52:46", "elapsed": 539.983256, "delta": 2.71606}}
{"target": -6.330182358600946, "params": {"C": 20.94829563848056, "epsilon": 2.00998450530586, "gamma": 3.0}, "datetime": {"datetime": "2021-09-18 08:52:49", "elapsed": 542.969752, "delta": 2.986496}}
{"target": -9.319078947368421, "params": {"C": 31.442541510943443, "epsilon": 23.482302396725444, "gamma": 3.0}, "datetime": {"datetime": "2021-09-18 08:52:52", "elapsed": 545.667751, "delta": 2.697999}}
{"target": -2.3070109107677075, "params": {"C": 31.310850393027845, "epsilon": 1.3580647989826387, "gamma": 0.026915266894463188}, "datetime": {"datetime": "2021-09-18 08:52:54", "elapsed": 548.184973, "delta": 2.517222}}
{"target": -5.176002149814643, "params": {"C": 50.0, "epsilon": 0.001, "gamma": 1.6612096631018414}, "datetime": {"datetime": "2021-09-18 08:52:57", "elapsed": 550.768276, "delta": 2.583303}}
{"target": -4.792376961482815, "params": {"C": 41.219869520869004, "epsilon": 0.001, "gamma": 1.2633786663813644}, "datetime": {"datetime": "2021-09-18 08:52:59", "elapsed": 553.323422, "delta": 2.555146}}
{"target": -4.607434928885476, "params": {"C": 46.22941523605618, "epsilon": 2.297582867230986, "gamma": 0.0001}, "datetime": {"datetime": "2021-09-18 08:53:02", "elapsed": 556.488663, "delta": 3.165241}}
{"target": -2.460810054718876, "params": {"C": 44.0948510010089, "epsilon": 1.924900274691182, "gamma": 0.0159898013656901}, "datetime": {"datetime": "2021-09-18 08:53:05", "elapsed": 558.997597, "delta": 2.508934}}
{"target": -5.159044200636472, "params": {"C": 43.76723199288199, "epsilon": 2.316159585818569, "gamma": 1.2236884504417729}, "datetime": {"datetime": "2021-09-18 08:53:07", "elapsed": 561.443243, "delta": 2.445646}}
{"target": -3.2586490743537455, "params": {"C": 43.51143055050829, "epsilon": 1.9110092464824808, "gamma": 0.30315531617436614}, "datetime": {"datetime": "2021-09-18 08:53:10", "elapsed": 564.203974, "delta": 2.760731}}
{"target": -2.0968979740676468, "params": {"C": 43.72825778465008, "epsilon": 0.9075652923272544, "gamma": 0.07939701842173043}, "datetime": {"datetime": "2021-09-18 08:53:13", "elapsed": 567.273284, "delta": 3.06931}}
{"target": -4.206844384523387, "params": {"C": 43.295241139423105, "epsilon": 0.4548930356017272, "gamma": 0.8127318172407854}, "datetime": {"datetime": "2021-09-18 08:53:17", "elapsed": 570.913693, "delta": 3.640409}}
{"target": -2.185667853841432, "params": {"C": 38.56160551051497, "epsilon": 0.7730189396867199, "gamma": 0.030669401787650208}, "datetime": {"datetime": "2021-09-18 08:53:20", "elapsed": 574.123072, "delta": 3.209379}}
{"target": -4.555138195145875, "params": {"C": 44.43040932951309, "epsilon": 0.8883519054762891, "gamma": 0.9890079004006883}, "datetime": {"datetime": "2021-09-18 08:53:24", "elapsed": 577.794311, "delta": 3.671239}}
{"target": -4.6486051181266665, "params": {"C": 47.13761574388641, "epsilon": 3.0648987190347907, "gamma": 0.0001}, "datetime": {"datetime": "2021-09-18 08:53:27", "elapsed": 580.618868, "delta": 2.824557}}
{"target": -3.952454060553759, "params": {"C": 47.10276064930255, "epsilon": 2.0918416373494693, "gamma": 0.5222823964501203}, "datetime": {"datetime": "2021-09-18 08:53:29", "elapsed": 583.424983, "delta": 2.806115}}
{"target": -6.626203781654954, "params": {"C": 46.72172853014086, "epsilon": 3.505889389777303, "gamma": 3.0}, "datetime": {"datetime": "2021-09-18 08:53:33", "elapsed": 586.862419, "delta": 3.437436}}
{"target": -6.054734556416116, "params": {"C": 16.422737036963962, "epsilon": 0.2626925876854123, "gamma": 2.91891111453901}, "datetime": {"datetime": "2021-09-18 08:53:36", "elapsed": 590.379118, "delta": 3.516699}}
