{"target": -10.897778192471655, "params": {"C": 108.36385346234903, "epsilon": 0.28508701856884616, "gamma": 0.022919970011004234}, "datetime": {"datetime": "2021-09-27 18:33:00", "elapsed": 864.489682, "delta": 6.022002}}
{"target": -11.800368554540004, "params": {"C": 154.84329217297824, "epsilon": 0.30825715850405777, "gamma": 0.004030656277421985}, "datetime": {"datetime": "2021-09-27 18:33:05", "elapsed": 869.622149, "delta": 5.132467}}
{"target": -10.14609182900423, "params": {"C": 108.35208034168396, "epsilon": 0.4517429988251877, "gamma": 0.04734959923882309}, "datetime": {"datetime": "2021-09-27 18:33:12", "elapsed": 876.994018, "delta": 7.371869}}
{"target": -14.18735962301472, "params": {"C": 278.3115933827713, "epsilon": 0.2673952173292634, "gamma": 0.1729692833830117}, "datetime": {"datetime": "2021-09-27 18:33:15", "elapsed": 879.681514, "delta": 2.687496}}
{"target": -11.341503454167519, "params": {"C": 115.77441640594752, "epsilon": 0.45915582724888476, "gamma": 0.10074075863250181}, "datetime": {"datetime": "2021-09-27 18:33:20", "elapsed": 884.782084, "delta": 5.10057}}
{"target": -10.861511973988366, "params": {"C": 108.45071007851827, "epsilon": 0.3560190028117991, "gamma": 0.029822862169476473}, "datetime": {"datetime": "2021-09-27 18:33:25", "elapsed": 889.524274, "delta": 4.74219}}
{"target": -11.513222094062646, "params": {"C": 245.30110791035403, "epsilon": 0.303581742484565, "gamma": 0.010059926849137889}, "datetime": {"datetime": "2021-09-27 18:33:28", "elapsed": 892.22937, "delta": 2.705096}}
{"target": -11.299091132621502, "params": {"C": 154.8828037894189, "epsilon": 0.10129397906707995, "gamma": 0.08963708799054214}, "datetime": {"datetime": "2021-09-27 18:33:32", "elapsed": 896.963633, "delta": 4.734263}}
{"target": -11.035245525856583, "params": {"C": 115.41772041193869, "epsilon": 0.41125640056093826, "gamma": 0.0914291242747653}, "datetime": {"datetime": "2021-09-27 18:33:39", "elapsed": 903.816422, "delta": 6.852789}}
{"target": -11.203357362189804, "params": {"C": 115.42769091001766, "epsilon": 0.48830146115095907, "gamma": 0.014552439524407223}, "datetime": {"datetime": "2021-09-27 18:33:44", "elapsed": 908.818045, "delta": 5.001623}}
