{"target": -10.497349077834706, "params": {"C": 97.2074417239205, "epsilon": 0.5818233102254304, "gamma": 0.03454121144548967}, "datetime": {"datetime": "2021-09-27 15:49:54", "elapsed": 336.130016, "delta": 2.403816}}
{"target": -17.831484212840497, "params": {"C": 90.52833957122633, "epsilon": 0.6266990771390403, "gamma": 0.5183492436686535}, "datetime": {"datetime": "2021-09-27 15:49:55", "elapsed": 337.992863, "delta": 1.862847}}
{"target": -15.614028938877652, "params": {"C": 48.72541774925484, "epsilon": 0.47743852716528046, "gamma": 0.33850204057736627}, "datetime": {"datetime": "2021-09-27 15:49:58", "elapsed": 340.449451, "delta": 2.456588}}
{"target": -13.854478691976697, "params": {"C": 59.28664015482082, "epsilon": 0.4944259808741659, "gamma": 0.19261678851182512}, "datetime": {"datetime": "2021-09-27 15:50:00", "elapsed": 342.38301, "delta": 1.933559}}
{"target": -10.556923090854585, "params": {"C": 52.906469931813504, "epsilon": 0.17005780275718171, "gamma": 0.0402968838681877}, "datetime": {"datetime": "2021-09-27 15:50:03", "elapsed": 345.125383, "delta": 2.742373}}
{"target": -10.435466624803974, "params": {"C": 78.23201845769486, "epsilon": 0.7098184500642667, "gamma": 0.0467508017918565}, "datetime": {"datetime": "2021-09-27 15:50:06", "elapsed": 348.630578, "delta": 3.505195}}
{"target": -13.763937414739566, "params": {"C": 78.04752546196023, "epsilon": 0.4060258026629552, "gamma": 0.001}, "datetime": {"datetime": "2021-09-27 15:50:10", "elapsed": 352.791867, "delta": 4.161289}}
{"target": -18.8038676319055, "params": {"C": 58.50442295691987, "epsilon": 0.22646644314124836, "gamma": 0.652714445624175}, "datetime": {"datetime": "2021-09-27 15:50:12", "elapsed": 354.819606, "delta": 2.027739}}
{"target": -14.765465233200448, "params": {"C": 53.73142389365941, "epsilon": 0.6473303576779814, "gamma": 0.25265799622970647}, "datetime": {"datetime": "2021-09-27 15:50:15", "elapsed": 357.916118, "delta": 3.096512}}
{"target": -13.903576787850803, "params": {"C": 63.96845297492953, "epsilon": 0.15975747309063346, "gamma": 0.001}, "datetime": {"datetime": "2021-09-27 15:50:18", "elapsed": 360.139571, "delta": 2.223453}}
{"target": -11.012741216055288, "params": {"C": 81.75010192589632, "epsilon": 0.9942094354728686, "gamma": 0.0626484830082725}, "datetime": {"datetime": "2021-09-27 15:50:21", "elapsed": 363.238099, "delta": 3.098528}}
{"target": -11.67432618100865, "params": {"C": 56.61978010031044, "epsilon": 0.27948258066952403, "gamma": 0.0035278322981491606}, "datetime": {"datetime": "2021-09-27 15:50:26", "elapsed": 368.308981, "delta": 5.070882}}
{"target": -16.538840955386572, "params": {"C": 98.37857585540084, "epsilon": 0.6220998564846717, "gamma": 0.3746116572320089}, "datetime": {"datetime": "2021-09-27 15:50:28", "elapsed": 370.358895, "delta": 2.049914}}
{"target": -13.854228928367219, "params": {"C": 78.18842140814102, "epsilon": 1.0, "gamma": 0.001}, "datetime": {"datetime": "2021-09-27 15:50:32", "elapsed": 374.469286, "delta": 4.110391}}
{"target": -10.48351944876735, "params": {"C": 69.30740832791406, "epsilon": 0.4464478311895898, "gamma": 0.03581582285063223}, "datetime": {"datetime": "2021-09-27 15:50:34", "elapsed": 376.679634, "delta": 2.210348}}
{"target": -10.451359621911195, "params": {"C": 39.583065713049734, "epsilon": 0.001, "gamma": 0.06691306245697827}, "datetime": {"datetime": "2021-09-27 15:50:38", "elapsed": 380.790335, "delta": 4.110701}}
{"target": -10.563370604229872, "params": {"C": 39.61568603120308, "epsilon": 0.3420678547378357, "gamma": 0.06803399919203183}, "datetime": {"datetime": "2021-09-27 15:50:42", "elapsed": 384.472889, "delta": 3.682554}}
{"target": -10.552599128333485, "params": {"C": 38.65456458857697, "epsilon": 0.2436912401146521, "gamma": 0.021052144751806483}, "datetime": {"datetime": "2021-09-27 15:50:44", "elapsed": 386.201808, "delta": 1.728919}}
{"target": -15.860741164029758, "params": {"C": 39.53487677707936, "epsilon": 0.1275559243440389, "gamma": 0.39878074711917766}, "datetime": {"datetime": "2021-09-27 15:50:47", "elapsed": 389.692365, "delta": 3.490557}}
{"target": -15.656761701495835, "params": {"C": 79.5629261541547, "epsilon": 0.7484556736046535, "gamma": 0.28731732884877004}, "datetime": {"datetime": "2021-09-27 15:50:51", "elapsed": 393.126805, "delta": 3.43444}}
{"target": -15.295875871359588, "params": {"C": 99.72336949900503, "epsilon": 0.26322915750011067, "gamma": 0.2850254938763027}, "datetime": {"datetime": "2021-09-27 15:50:53", "elapsed": 395.828005, "delta": 2.7012}}
{"target": -13.782142874146807, "params": {"C": 38.866978497133665, "epsilon": 0.12413137868604379, "gamma": 0.2403836154048038}, "datetime": {"datetime": "2021-09-27 15:50:57", "elapsed": 399.76667, "delta": 3.938665}}
{"target": -14.339120310595757, "params": {"C": 38.29052145783378, "epsilon": 0.3608645935814184, "gamma": 0.001}, "datetime": {"datetime": "2021-09-27 15:51:01", "elapsed": 403.284676, "delta": 3.518006}}
{"target": -13.986045598908573, "params": {"C": 48.66511645957339, "epsilon": 0.001, "gamma": 0.001}, "datetime": {"datetime": "2021-09-27 15:51:04", "elapsed": 406.936492, "delta": 3.651816}}
{"target": -13.974215400690799, "params": {"C": 69.01039102922121, "epsilon": 0.6025028993436287, "gamma": 0.001}, "datetime": {"datetime": "2021-09-27 15:51:07", "elapsed": 409.618139, "delta": 2.681647}}
{"target": -15.517553405029853, "params": {"C": 69.50132862215371, "epsilon": 0.7048808633939071, "gamma": 0.2870385126614537}, "datetime": {"datetime": "2021-09-27 15:51:10", "elapsed": 412.757808, "delta": 3.139669}}
{"target": -10.603203550160863, "params": {"C": 81.07342411961427, "epsilon": 0.16672018401480954, "gamma": 0.02912129256059934}, "datetime": {"datetime": "2021-09-27 15:51:15", "elapsed": 417.255505, "delta": 4.497697}}
{"target": -11.484456774576241, "params": {"C": 40.33819433388803, "epsilon": 0.011952616148845848, "gamma": 0.005586250955834507}, "datetime": {"datetime": "2021-09-27 15:51:16", "elapsed": 418.881597, "delta": 1.626092}}
{"target": -10.75329969980063, "params": {"C": 81.47362196622304, "epsilon": 0.12236246820442345, "gamma": 0.02406345275271776}, "datetime": {"datetime": "2021-09-27 15:51:20", "elapsed": 422.843688, "delta": 3.962091}}
{"target": -11.467405835752723, "params": {"C": 40.339753278522, "epsilon": 0.0752713700188397, "gamma": 0.005411703658165152}, "datetime": {"datetime": "2021-09-27 15:51:25", "elapsed": 427.035292, "delta": 4.191604}}
{"target": -10.47354025706646, "params": {"C": 81.33209387180783, "epsilon": 0.19101147700007207, "gamma": 0.05873678620731297}, "datetime": {"datetime": "2021-09-27 15:51:30", "elapsed": 432.448652, "delta": 5.41336}}
{"target": -11.199779362840639, "params": {"C": 81.39040965366156, "epsilon": 0.07123351776964448, "gamma": 0.0838531782378219}, "datetime": {"datetime": "2021-09-27 15:51:33", "elapsed": 435.83795, "delta": 3.389298}}
{"target": -12.756062858761213, "params": {"C": 66.85663058854016, "epsilon": 0.2725275098814918, "gamma": 0.14918738061336664}, "datetime": {"datetime": "2021-09-27 15:51:35", "elapsed": 437.372392, "delta": 1.534442}}
{"target": -20.355899361364504, "params": {"C": 58.48588989474168, "epsilon": 0.5755451018793833, "gamma": 0.8349571489164482}, "datetime": {"datetime": "2021-09-27 15:51:36", "elapsed": 439.025604, "delta": 1.653212}}
{"target": -11.133826471375027, "params": {"C": 40.375801109456766, "epsilon": 0.029784055171782925, "gamma": 0.10046352971400449}, "datetime": {"datetime": "2021-09-27 15:51:41", "elapsed": 443.289389, "delta": 4.263785}}
{"target": -10.468308955711526, "params": {"C": 59.42607232379997, "epsilon": 0.42746088635269397, "gamma": 0.04687393555362669}, "datetime": {"datetime": "2021-09-27 15:51:45", "elapsed": 447.513138, "delta": 4.223749}}
{"target": -20.42052856334155, "params": {"C": 66.74047291428971, "epsilon": 0.5957399808757473, "gamma": 0.8413562417932862}, "datetime": {"datetime": "2021-09-27 15:51:46", "elapsed": 448.997337, "delta": 1.484199}}
{"target": -10.607322733279641, "params": {"C": 96.39143343693884, "epsilon": 0.8106018573719888, "gamma": 0.02764665297668847}, "datetime": {"datetime": "2021-09-27 15:51:48", "elapsed": 450.644489, "delta": 1.647152}}
{"target": -10.687328919324257, "params": {"C": 16.852729728552134, "epsilon": 0.5053909861889556, "gamma": 0.044393730160056405}, "datetime": {"datetime": "2021-09-27 15:51:50", "elapsed": 452.567629, "delta": 1.92314}}
{"target": -11.63274916487021, "params": {"C": 57.570977882362335, "epsilon": 0.6395516209313982, "gamma": 0.004288540148877725}, "datetime": {"datetime": "2021-09-27 15:51:51", "elapsed": 453.963624, "delta": 1.395995}}
{"target": -11.96793255630701, "params": {"C": 81.44417754464845, "epsilon": 0.22945956055261915, "gamma": 0.11354458560072081}, "datetime": {"datetime": "2021-09-27 15:51:55", "elapsed": 457.790779, "delta": 3.827155}}
{"target": -12.750740184591974, "params": {"C": 69.21407317925703, "epsilon": 0.6277972485726683, "gamma": 0.1347976759226672}, "datetime": {"datetime": "2021-09-27 15:51:57", "elapsed": 459.358787, "delta": 1.568008}}
{"target": -17.404867276052958, "params": {"C": 57.134932774429245, "epsilon": 0.1123435312197886, "gamma": 0.5290049355284485}, "datetime": {"datetime": "2021-09-27 15:51:59", "elapsed": 461.238125, "delta": 1.879338}}
{"target": -25.030729774880143, "params": {"C": 2.176367676806694, "epsilon": 0.7569121387313554, "gamma": 0.8731691981977013}, "datetime": {"datetime": "2021-09-27 15:52:00", "elapsed": 462.622532, "delta": 1.384407}}
{"target": -18.419517223879797, "params": {"C": 11.89059670010305, "epsilon": 0.6495786750002194, "gamma": 0.5667464707266574}, "datetime": {"datetime": "2021-09-27 15:52:02", "elapsed": 464.174735, "delta": 1.552203}}
{"target": -17.471549240494618, "params": {"C": 59.07349309893811, "epsilon": 0.8779749503092262, "gamma": 0.4587625114430229}, "datetime": {"datetime": "2021-09-27 15:52:04", "elapsed": 466.193266, "delta": 2.018531}}
{"target": -15.507927914584185, "params": {"C": 99.75626299767906, "epsilon": 0.5589861734410383, "gamma": 0.2744181151212675}, "datetime": {"datetime": "2021-09-27 15:52:05", "elapsed": 467.793816, "delta": 1.60055}}
{"target": -11.409657773746677, "params": {"C": 39.6525566720875, "epsilon": 0.03603666993852712, "gamma": 0.1095381249146707}, "datetime": {"datetime": "2021-09-27 15:52:08", "elapsed": 470.874729, "delta": 3.080913}}
{"target": -20.866763636663936, "params": {"C": 99.2058833063331, "epsilon": 0.10433200310649286, "gamma": 0.9307952637975898}, "datetime": {"datetime": "2021-09-27 15:52:10", "elapsed": 472.479863, "delta": 1.605134}}
{"target": -14.989425869378875, "params": {"C": 21.60162370939288, "epsilon": 0.612018896600667, "gamma": 0.31078539215224893}, "datetime": {"datetime": "2021-09-27 15:52:12", "elapsed": 474.242633, "delta": 1.76277}}
{"target": -14.968399950177048, "params": {"C": 50.71919477718065, "epsilon": 0.6896697332801774, "gamma": 0.267709168053461}, "datetime": {"datetime": "2021-09-27 15:52:13", "elapsed": 475.757879, "delta": 1.515246}}
{"target": -11.128003653228467, "params": {"C": 81.59694510637536, "epsilon": 0.16043416067393307, "gamma": 0.08157091889930013}, "datetime": {"datetime": "2021-09-27 15:52:16", "elapsed": 478.740922, "delta": 2.983043}}
{"target": -10.572828982302108, "params": {"C": 81.5912928961949, "epsilon": 0.5655192707458798, "gamma": 0.03365976641963107}, "datetime": {"datetime": "2021-09-27 15:52:18", "elapsed": 480.302227, "delta": 1.561305}}
{"target": -10.575235709877965, "params": {"C": 69.24851525408356, "epsilon": 0.5156674613065638, "gamma": 0.05925258270778747}, "datetime": {"datetime": "2021-09-27 15:52:22", "elapsed": 484.258624, "delta": 3.956397}}
{"target": -10.208856620675173, "params": {"C": 81.24894544647134, "epsilon": 0.10639964282651536, "gamma": 0.05098281697624829}, "datetime": {"datetime": "2021-09-27 15:52:25", "elapsed": 487.113515, "delta": 2.854891}}
{"target": -11.334420044802926, "params": {"C": 57.510610519045635, "epsilon": 0.5962735340535305, "gamma": 0.08990025624168452}, "datetime": {"datetime": "2021-09-27 15:52:28", "elapsed": 491.032144, "delta": 3.918629}}
{"target": -14.214385925402699, "params": {"C": 52.838381630042164, "epsilon": 0.3184281016551877, "gamma": 0.23658994928400437}, "datetime": {"datetime": "2021-09-27 15:52:30", "elapsed": 492.64238, "delta": 1.610236}}
{"target": -10.782321165614722, "params": {"C": 59.355069162124636, "epsilon": 0.35525440586845164, "gamma": 0.012836430665437402}, "datetime": {"datetime": "2021-09-27 15:52:35", "elapsed": 497.778785, "delta": 5.136405}}
{"target": -11.134999798460173, "params": {"C": 57.27566461976481, "epsilon": 0.9434936319994076, "gamma": 0.0745843058262831}, "datetime": {"datetime": "2021-09-27 15:52:37", "elapsed": 499.246225, "delta": 1.46744}}
{"target": -10.630474870024988, "params": {"C": 99.87890602101822, "epsilon": 0.7842910377922739, "gamma": 0.04435232266210136}, "datetime": {"datetime": "2021-09-27 15:52:38", "elapsed": 500.999884, "delta": 1.753659}}
{"target": -10.60250461300244, "params": {"C": 51.222943856766705, "epsilon": 0.4016639538315253, "gamma": 0.019080948961877377}, "datetime": {"datetime": "2021-09-27 15:52:40", "elapsed": 502.694966, "delta": 1.695082}}
{"target": -10.583460785067608, "params": {"C": 40.47750163713332, "epsilon": 0.05663507540479816, "gamma": 0.050629229647444436}, "datetime": {"datetime": "2021-09-27 15:52:46", "elapsed": 508.704716, "delta": 6.00975}}
{"target": -14.5076709491375, "params": {"C": 99.3429396618647, "epsilon": 0.672855202901187, "gamma": 0.19485983740154716}, "datetime": {"datetime": "2021-09-27 15:52:48", "elapsed": 510.75232, "delta": 2.047604}}
{"target": -12.861092360884552, "params": {"C": 57.601687721444996, "epsilon": 0.6025214808553983, "gamma": 0.1469930885618147}, "datetime": {"datetime": "2021-09-27 15:52:54", "elapsed": 516.544588, "delta": 5.792268}}
{"target": -17.20202297206072, "params": {"C": 75.66372867471048, "epsilon": 0.25045772389086013, "gamma": 0.49123498277065075}, "datetime": {"datetime": "2021-09-27 15:52:56", "elapsed": 518.204584, "delta": 1.659996}}
{"target": -11.282541199633071, "params": {"C": 40.41062899056167, "epsilon": 0.027352949584520673, "gamma": 0.006661627747821537}, "datetime": {"datetime": "2021-09-27 15:53:01", "elapsed": 523.107957, "delta": 4.903373}}
{"target": -10.737304523362779, "params": {"C": 49.584961552730505, "epsilon": 0.6114145760396148, "gamma": 0.06822863937214281}, "datetime": {"datetime": "2021-09-27 15:53:06", "elapsed": 528.091297, "delta": 4.98334}}
{"target": -18.61003133158024, "params": {"C": 93.19167082467803, "epsilon": 0.4503744408413754, "gamma": 0.6094179118227446}, "datetime": {"datetime": "2021-09-27 15:53:07", "elapsed": 529.842668, "delta": 1.751371}}
{"target": -11.292001537769847, "params": {"C": 57.6493601298074, "epsilon": 0.5293003994306351, "gamma": 0.006834344595604675}, "datetime": {"datetime": "2021-09-27 15:53:13", "elapsed": 535.058283, "delta": 5.215615}}
{"target": -12.65556290351148, "params": {"C": 31.034920270402772, "epsilon": 0.6522355989334524, "gamma": 0.1594904884833965}, "datetime": {"datetime": "2021-09-27 15:53:14", "elapsed": 536.628007, "delta": 1.569724}}
{"target": -13.013041317298146, "params": {"C": 49.55440771909572, "epsilon": 0.5189841760611381, "gamma": 0.16394208095100682}, "datetime": {"datetime": "2021-09-27 15:53:18", "elapsed": 540.75575, "delta": 4.127743}}
{"target": -10.525263206390687, "params": {"C": 81.19405922567985, "epsilon": 0.206308206772623, "gamma": 0.03132056338298998}, "datetime": {"datetime": "2021-09-27 15:53:23", "elapsed": 545.911401, "delta": 5.155651}}
{"target": -12.114594198640887, "params": {"C": 15.936129340452096, "epsilon": 0.7935600538351819, "gamma": 0.11127952171333019}, "datetime": {"datetime": "2021-09-27 15:53:25", "elapsed": 547.734485, "delta": 1.823084}}
{"target": -13.389768023406887, "params": {"C": 81.26583697498643, "epsilon": 0.1646301535187438, "gamma": 0.1734181115358107}, "datetime": {"datetime": "2021-09-27 15:53:30", "elapsed": 552.827145, "delta": 5.09266}}
{"target": -10.843317992965837, "params": {"C": 57.551582295017916, "epsilon": 0.5210903172619961, "gamma": 0.07217591403984996}, "datetime": {"datetime": "2021-09-27 15:53:36", "elapsed": 558.925515, "delta": 6.09837}}
{"target": -19.666314895143767, "params": {"C": 6.224826598052244, "epsilon": 0.20045060440729612, "gamma": 0.6082338611216594}, "datetime": {"datetime": "2021-09-27 15:53:38", "elapsed": 560.582488, "delta": 1.656973}}
{"target": -12.138120961467617, "params": {"C": 97.35037961713968, "epsilon": 0.6970968164784365, "gamma": 0.10067001126982932}, "datetime": {"datetime": "2021-09-27 15:53:43", "elapsed": 565.250798, "delta": 4.66831}}
{"target": -10.50883576360712, "params": {"C": 97.33727618152498, "epsilon": 0.5581499982494146, "gamma": 0.047319038079684586}, "datetime": {"datetime": "2021-09-27 15:53:52", "elapsed": 574.900921, "delta": 9.650123}}
{"target": -10.57171491646897, "params": {"C": 97.5060715213942, "epsilon": 0.5814659883737118, "gamma": 0.048944921939971436}, "datetime": {"datetime": "2021-09-27 15:53:58", "elapsed": 580.363244, "delta": 5.462323}}
{"target": -10.472971085042616, "params": {"C": 39.551055036997525, "epsilon": 0.12370930132125174, "gamma": 0.06390375427516976}, "datetime": {"datetime": "2021-09-27 15:54:05", "elapsed": 587.732334, "delta": 7.36909}}
{"target": -10.888314753399204, "params": {"C": 51.12288005314027, "epsilon": 0.3648393911180368, "gamma": 0.01108342447416059}, "datetime": {"datetime": "2021-09-27 15:54:13", "elapsed": 595.725589, "delta": 7.993255}}
{"target": -12.094355295113235, "params": {"C": 59.44874169946461, "epsilon": 0.28269417756233517, "gamma": 0.1266958099755242}, "datetime": {"datetime": "2021-09-27 15:54:21", "elapsed": 603.424825, "delta": 7.699236}}
{"target": -13.476423397468187, "params": {"C": 91.54502546137759, "epsilon": 0.3369734437825906, "gamma": 0.162623858188237}, "datetime": {"datetime": "2021-09-27 15:54:24", "elapsed": 606.233264, "delta": 2.808439}}
{"target": -14.80972823128659, "params": {"C": 58.74158947194463, "epsilon": 0.09311115105965928, "gamma": 0.29153971388323463}, "datetime": {"datetime": "2021-09-27 15:54:26", "elapsed": 608.37236, "delta": 2.139096}}
{"target": -11.692790015742654, "params": {"C": 51.166034555321495, "epsilon": 0.41492112308812984, "gamma": 0.11620480243016308}, "datetime": {"datetime": "2021-09-27 15:54:33", "elapsed": 615.227592, "delta": 6.855232}}
{"target": -11.124750297144436, "params": {"C": 97.45166343644671, "epsilon": 0.648971106675245, "gamma": 0.00905771828070167}, "datetime": {"datetime": "2021-09-27 15:54:41", "elapsed": 623.103499, "delta": 7.875907}}
{"target": -10.485950590242759, "params": {"C": 49.06766714030745, "epsilon": 0.59956598802227, "gamma": 0.045710570640508146}, "datetime": {"datetime": "2021-09-27 15:54:45", "elapsed": 628.008962, "delta": 4.905463}}
{"target": -12.56193709335934, "params": {"C": 49.13248033436908, "epsilon": 0.6712359076757772, "gamma": 0.13929254672841676}, "datetime": {"datetime": "2021-09-27 15:54:51", "elapsed": 633.826747, "delta": 5.817785}}
{"target": -10.446474618911566, "params": {"C": 39.6424010740385, "epsilon": 0.21716543259796484, "gamma": 0.05877535378185632}, "datetime": {"datetime": "2021-09-27 15:55:00", "elapsed": 642.584629, "delta": 8.757882}}
{"target": -18.437374360681723, "params": {"C": 64.46562579080084, "epsilon": 0.15576116585008187, "gamma": 0.6154208480117414}, "datetime": {"datetime": "2021-09-27 15:55:02", "elapsed": 644.506761, "delta": 1.922132}}
{"target": -10.997645450175234, "params": {"C": 39.5219466336301, "epsilon": 0.24969033408038827, "gamma": 0.09053429790880209}, "datetime": {"datetime": "2021-09-27 15:55:07", "elapsed": 649.677939, "delta": 5.171178}}
{"target": -11.07338314244697, "params": {"C": 56.40965258385452, "epsilon": 0.4760125371334495, "gamma": 0.08084906154058878}, "datetime": {"datetime": "2021-09-27 15:55:14", "elapsed": 656.221524, "delta": 6.543585}}
{"target": -10.43961076542184, "params": {"C": 82.59353088265878, "epsilon": 0.15461357045780755, "gamma": 0.03575658528176327}, "datetime": {"datetime": "2021-09-27 15:55:20", "elapsed": 662.776115, "delta": 6.554591}}
{"target": -12.366376626752636, "params": {"C": 14.267669739032508, "epsilon": 0.3421577431120132, "gamma": 0.12478988464325523}, "datetime": {"datetime": "2021-09-27 15:55:22", "elapsed": 664.799625, "delta": 2.02351}}
{"target": -10.57223572397155, "params": {"C": 49.02169120922699, "epsilon": 0.49940284575430455, "gamma": 0.06420159353792636}, "datetime": {"datetime": "2021-09-27 15:55:27", "elapsed": 670.00494, "delta": 5.205315}}
{"target": -12.319761785452062, "params": {"C": 82.70516967583701, "epsilon": 0.11564644831827475, "gamma": 0.1272027914855454}, "datetime": {"datetime": "2021-09-27 15:55:33", "elapsed": 675.965951, "delta": 5.961011}}
{"target": -10.49814245170425, "params": {"C": 59.563033179969324, "epsilon": 0.4227533828481311, "gamma": 0.037026787302783574}, "datetime": {"datetime": "2021-09-27 15:55:38", "elapsed": 680.743986, "delta": 4.778035}}
{"target": -12.811029417464157, "params": {"C": 49.20650205806587, "epsilon": 0.5716158003354322, "gamma": 0.0019935438272691546}, "datetime": {"datetime": "2021-09-27 15:55:44", "elapsed": 686.795672, "delta": 6.051686}}
{"target": -16.669058982421944, "params": {"C": 82.00862336719703, "epsilon": 0.7135478675844621, "gamma": 0.3841343809822135}, "datetime": {"datetime": "2021-09-27 15:55:46", "elapsed": 688.898528, "delta": 2.102856}}
{"target": -26.51444788045978, "params": {"C": 1.5616575706412674, "epsilon": 0.5601311057712225, "gamma": 0.9078602224111414}, "datetime": {"datetime": "2021-09-27 15:55:48", "elapsed": 690.856222, "delta": 1.957694}}
