{"target": 0.5349551874536274, "params": {"C": 76.31916352602099, "epsilon": 4.581792571055181, "gamma": 0.0001}, "datetime": {"datetime": "2021-09-18 12:42:18", "elapsed": 1049.308412, "delta": 5.654694}}
{"target": 0.5422023529994412, "params": {"C": 18.029429124933895, "epsilon": 2.2683642157704527, "gamma": 0.7555858796635814}, "datetime": {"datetime": "2021-09-18 12:42:22", "elapsed": 1053.218767, "delta": 3.910355}}
{"target": 0.8096696673760551, "params": {"C": 14.275456457462333, "epsilon": 4.116500752910276, "gamma": 0.012114767044301047}, "datetime": {"datetime": "2021-09-18 12:42:27", "elapsed": 1058.076364, "delta": 4.857597}}
{"target": 0.2003335954247626, "params": {"C": 19.10038653436665, "epsilon": 10.866211824209339, "gamma": 0.9165500294425996}, "datetime": {"datetime": "2021-09-18 12:42:31", "elapsed": 1061.797257, "delta": 3.720893}}
{"target": 0.3527302872142455, "params": {"C": 59.50701073204574, "epsilon": 7.29607519271404, "gamma": 1.0}, "datetime": {"datetime": "2021-09-18 12:42:36", "elapsed": 1067.29826, "delta": 5.501003}}
{"target": -0.19000460776731898, "params": {"C": 78.24175077018904, "epsilon": 19.998079280480237, "gamma": 0.24352164311965221}, "datetime": {"datetime": "2021-09-18 12:42:42", "elapsed": 1073.009258, "delta": 5.710998}}
{"target": 0.5182253178293751, "params": {"C": 83.80240018925358, "epsilon": 1.7513789229556178, "gamma": 1.0}, "datetime": {"datetime": "2021-09-18 12:42:46", "elapsed": 1076.83129, "delta": 3.822032}}
{"target": 0.5695916490601356, "params": {"C": 53.01236265559111, "epsilon": 3.9589552072115404, "gamma": 0.6550690514864062}, "datetime": {"datetime": "2021-09-18 12:42:49", "elapsed": 1080.337427, "delta": 3.506137}}
{"target": 0.06813943371557318, "params": {"C": 3.066771429725678, "epsilon": 2.9186085309331746, "gamma": 0.0001}, "datetime": {"datetime": "2021-09-18 12:42:53", "elapsed": 1084.073799, "delta": 3.736372}}
{"target": 0.8564427652598415, "params": {"C": 86.70654025016746, "epsilon": 2.660468330123423, "gamma": 0.012570946687226251}, "datetime": {"datetime": "2021-09-18 12:42:57", "elapsed": 1087.816468, "delta": 3.742669}}
{"target": 0.5504991091961944, "params": {"C": 66.77108659949732, "epsilon": 2.756890155112645, "gamma": 0.0001}, "datetime": {"datetime": "2021-09-18 12:43:02", "elapsed": 1093.568764, "delta": 5.752296}}
{"target": 0.12315675218555933, "params": {"C": 4.255612445868267, "epsilon": 1.3504376080780032, "gamma": 0.0001}, "datetime": {"datetime": "2021-09-18 12:43:07", "elapsed": 1098.234357, "delta": 4.665593}}
{"target": 0.5563398722321259, "params": {"C": 38.84219684579184, "epsilon": 2.4569581300798746, "gamma": 0.816517358393933}, "datetime": {"datetime": "2021-09-18 12:43:11", "elapsed": 1101.845162, "delta": 3.610805}}
{"target": 0.7185080715796279, "params": {"C": 2.1913286617504677, "epsilon": 1.1201523945255658, "gamma": 0.033619021497119955}, "datetime": {"datetime": "2021-09-18 12:43:15", "elapsed": 1106.381343, "delta": 4.536181}}
{"target": 0.4203942709126327, "params": {"C": 57.039829299270416, "epsilon": 7.83370139434919, "gamma": 0.0001}, "datetime": {"datetime": "2021-09-18 12:43:21", "elapsed": 1112.248793, "delta": 5.86745}}
{"target": 0.8856328681511829, "params": {"C": 64.86496623351701, "epsilon": 2.457246939261918, "gamma": 0.03651551812628706}, "datetime": {"datetime": "2021-09-18 12:43:26", "elapsed": 1117.12701, "delta": 4.878217}}
{"target": 0.8817816279038286, "params": {"C": 65.4911276099089, "epsilon": 3.7346569426965535, "gamma": 0.04789466067732994}, "datetime": {"datetime": "2021-09-18 12:43:34", "elapsed": 1124.912401, "delta": 7.785391}}
{"target": 0.8217305344853656, "params": {"C": 16.06348947690026, "epsilon": 4.847176616842984, "gamma": 0.04063200221175082}, "datetime": {"datetime": "2021-09-18 12:43:39", "elapsed": 1130.136296, "delta": 5.223895}}
{"target": 0.44517363217801686, "params": {"C": 16.446020701990726, "epsilon": 5.655187694860089, "gamma": 0.8102383785465574}, "datetime": {"datetime": "2021-09-18 12:43:44", "elapsed": 1135.486393, "delta": 5.350097}}
{"target": 0.6470537748446065, "params": {"C": 16.37987534417576, "epsilon": 3.7632249189023157, "gamma": 0.3985693663559766}, "datetime": {"datetime": "2021-09-18 12:43:50", "elapsed": 1140.840265, "delta": 5.353872}}
{"target": 0.5390329675040253, "params": {"C": 66.32144300500106, "epsilon": 1.0002654476034825, "gamma": 0.0001}, "datetime": {"datetime": "2021-09-18 12:43:53", "elapsed": 1144.693628, "delta": 3.853363}}
{"target": 0.5145893399778656, "params": {"C": 55.77950576655049, "epsilon": 0.5976162072905805, "gamma": 0.0001}, "datetime": {"datetime": "2021-09-18 12:43:58", "elapsed": 1149.608772, "delta": 4.915144}}
{"target": 0.5596829859669141, "params": {"C": 54.541639476544646, "epsilon": 1.666153207199037, "gamma": 0.8548327629993155}, "datetime": {"datetime": "2021-09-18 12:44:03", "elapsed": 1154.545636, "delta": 4.936864}}
{"target": 0.6260591537919344, "params": {"C": 67.18202660760464, "epsilon": 0.14867936629485157, "gamma": 0.7014927364438415}, "datetime": {"datetime": "2021-09-18 12:44:10", "elapsed": 1161.46263, "delta": 6.916994}}
{"target": 0.5210156162973667, "params": {"C": 66.84868895970423, "epsilon": 2.1246075674743174, "gamma": 0.964513767092871}, "datetime": {"datetime": "2021-09-18 12:44:14", "elapsed": 1164.969673, "delta": 3.507043}}
{"target": 0.8354637791251349, "params": {"C": 88.20086318744069, "epsilon": 3.426385915285509, "gamma": 0.004665389435950711}, "datetime": {"datetime": "2021-09-18 12:44:19", "elapsed": 1170.456671, "delta": 5.486998}}
{"target": 0.6425350904325626, "params": {"C": 86.32622465607693, "epsilon": 0.6770361717396837, "gamma": 0.6427105559406653}, "datetime": {"datetime": "2021-09-18 12:44:23", "elapsed": 1174.11167, "delta": 3.654999}}
{"target": 0.8967664919283955, "params": {"C": 92.20133338917958, "epsilon": 2.242777233447173, "gamma": 0.037763488352893684}, "datetime": {"datetime": "2021-09-18 12:44:27", "elapsed": 1178.511636, "delta": 4.399966}}
{"target": 0.8746856207359213, "params": {"C": 65.39975484164893, "epsilon": 2.154814446049608, "gamma": 0.028238189919257167}, "datetime": {"datetime": "2021-09-18 12:44:31", "elapsed": 1181.945629, "delta": 3.433993}}
{"target": 0.43138457836418054, "params": {"C": 36.84770633052442, "epsilon": 6.03996983143164, "gamma": 0.876205302660676}, "datetime": {"datetime": "2021-09-18 12:44:34", "elapsed": 1185.352629, "delta": 3.407}}
{"target": 0.43240537166595805, "params": {"C": 12.582581473245693, "epsilon": 1.2243588795753997, "gamma": 0.9666709108446772}, "datetime": {"datetime": "2021-09-18 12:44:39", "elapsed": 1190.042074, "delta": 4.689445}}
{"target": 0.603129567492091, "params": {"C": 79.16881204740483, "epsilon": 1.4342075499305953, "gamma": 0.7276843912028925}, "datetime": {"datetime": "2021-09-18 12:44:42", "elapsed": 1193.629413, "delta": 3.587339}}
{"target": 0.8694519219924745, "params": {"C": 65.33259509019766, "epsilon": 1.0790744910772088, "gamma": 0.13810775415575566}, "datetime": {"datetime": "2021-09-18 12:44:48", "elapsed": 1199.340749, "delta": 5.711336}}
{"target": 0.5394744445993298, "params": {"C": 60.26920824958216, "epsilon": 3.003853779408417, "gamma": 0.0001}, "datetime": {"datetime": "2021-09-18 12:44:53", "elapsed": 1203.816304, "delta": 4.475555}}
{"target": 0.8900062624815823, "params": {"C": 54.43547792104787, "epsilon": 1.381005155952906, "gamma": 0.03647198287615782}, "datetime": {"datetime": "2021-09-18 12:44:56", "elapsed": 1207.656778, "delta": 3.840474}}
{"target": 0.8941529710050158, "params": {"C": 59.76250580120348, "epsilon": 1.6425335232281266, "gamma": 0.07833203695912067}, "datetime": {"datetime": "2021-09-18 12:45:00", "elapsed": 1210.891083, "delta": 3.234305}}
{"target": 0.5324800343658316, "params": {"C": 62.290573475720585, "epsilon": 1.9199453819450818, "gamma": 0.0001}, "datetime": {"datetime": "2021-09-18 12:45:05", "elapsed": 1216.159069, "delta": 5.267986}}
{"target": 0.4917143987329873, "params": {"C": 79.96977263894573, "epsilon": 3.6584887691843493, "gamma": 0.9396566590989216}, "datetime": {"datetime": "2021-09-18 12:45:10", "elapsed": 1221.150644, "delta": 4.991575}}
{"target": -0.021924085909296176, "params": {"C": 20.93736741937151, "epsilon": 14.863382881145979, "gamma": 1.0}, "datetime": {"datetime": "2021-09-18 12:45:14", "elapsed": 1225.630322, "delta": 4.479678}}
{"target": 0.5417268001134107, "params": {"C": 88.65279093912187, "epsilon": 5.305902505292169, "gamma": 0.0001}, "datetime": {"datetime": "2021-09-18 12:45:18", "elapsed": 1229.571356, "delta": 3.941034}}
{"target": 0.9006108171275031, "params": {"C": 93.07438503245804, "epsilon": 2.6209481547125524, "gamma": 0.04691675327981859}, "datetime": {"datetime": "2021-09-18 12:45:22", "elapsed": 1232.945396, "delta": 3.37404}}
{"target": 0.5158295248315392, "params": {"C": 88.12694624550375, "epsilon": 4.258631201639775, "gamma": 0.791551385158765}, "datetime": {"datetime": "2021-09-18 12:45:26", "elapsed": 1236.959433, "delta": 4.014037}}
{"target": 0.013777989558609871, "params": {"C": 26.117753273163334, "epsilon": 16.797998273908938, "gamma": 0.0001}, "datetime": {"datetime": "2021-09-18 12:45:32", "elapsed": 1242.903604, "delta": 5.944171}}
{"target": 0.5847381380487473, "params": {"C": 94.06319031250246, "epsilon": 0.11735437789936404, "gamma": 0.8294031123761711}, "datetime": {"datetime": "2021-09-18 12:45:39", "elapsed": 1249.91841, "delta": 7.014806}}
{"target": 0.5382694041471718, "params": {"C": 56.60757336749511, "epsilon": 0.0001, "gamma": 1.0}, "datetime": {"datetime": "2021-09-18 12:45:42", "elapsed": 1253.770483, "delta": 3.852073}}
{"target": 0.2854668888551164, "params": {"C": 11.355161799407695, "epsilon": 8.176631578687749, "gamma": 1.0}, "datetime": {"datetime": "2021-09-18 12:45:47", "elapsed": 1258.295521, "delta": 4.525038}}
{"target": 0.8436413281965881, "params": {"C": 40.69448006847092, "epsilon": 3.2610074324011893, "gamma": 0.011234971041905932}, "datetime": {"datetime": "2021-09-18 12:45:53", "elapsed": 1264.514483, "delta": 6.218962}}
{"target": 0.8852755655636413, "params": {"C": 40.26212683894541, "epsilon": 2.2047319392248927, "gamma": 0.05062826765757915}, "datetime": {"datetime": "2021-09-18 12:45:57", "elapsed": 1268.623445, "delta": 4.108962}}
{"target": 0.523027039361269, "params": {"C": 46.13390114676364, "epsilon": 1.4289460276734034, "gamma": 1.0}, "datetime": {"datetime": "2021-09-18 12:46:03", "elapsed": 1274.183542, "delta": 5.560097}}
{"target": 0.17713181421011992, "params": {"C": 6.786990644031611, "epsilon": 3.160283704033034, "gamma": 0.0001}, "datetime": {"datetime": "2021-09-18 12:46:07", "elapsed": 1278.225232, "delta": 4.04169}}
{"target": 0.47005530302322707, "params": {"C": 43.03221347286778, "epsilon": 0.0001, "gamma": 0.0001}, "datetime": {"datetime": "2021-09-18 12:46:11", "elapsed": 1282.281961, "delta": 4.056729}}
{"target": -0.1732779918172782, "params": {"C": 19.79836296867481, "epsilon": 19.966637656993296, "gamma": 0.09326914471413084}, "datetime": {"datetime": "2021-09-18 12:46:17", "elapsed": 1288.666261, "delta": 6.3843}}
{"target": 0.5387505125751086, "params": {"C": 67.13901951042622, "epsilon": 0.3837336279835917, "gamma": 0.0001}, "datetime": {"datetime": "2021-09-18 12:46:22", "elapsed": 1293.688042, "delta": 5.021781}}
{"target": 0.8754343481550865, "params": {"C": 79.55568396979358, "epsilon": 2.6323911661097026, "gamma": 0.025014739905081615}, "datetime": {"datetime": "2021-09-18 12:46:28", "elapsed": 1299.337862, "delta": 5.64982}}
{"target": 0.5578717793424968, "params": {"C": 90.38455722647932, "epsilon": 2.693876915892412, "gamma": 0.7933503900916468}, "datetime": {"datetime": "2021-09-18 12:46:36", "elapsed": 1307.088329, "delta": 7.750467}}
{"target": 0.7725254128498837, "params": {"C": 63.803915968539954, "epsilon": 6.17079300345404, "gamma": 0.0028584489583255534}, "datetime": {"datetime": "2021-09-18 12:46:42", "elapsed": 1313.073362, "delta": 5.985033}}
{"target": 0.5236139725845484, "params": {"C": 93.00043044437191, "epsilon": 2.9438747575426643, "gamma": 0.8894918088610037}, "datetime": {"datetime": "2021-09-18 12:46:48", "elapsed": 1318.930755, "delta": 5.857393}}
{"target": 0.8844382135900968, "params": {"C": 57.278954105007806, "epsilon": 0.8868665681059544, "gamma": 0.029982788946435333}, "datetime": {"datetime": "2021-09-18 12:46:53", "elapsed": 1324.096441, "delta": 5.165686}}
{"target": 0.4751506921075891, "params": {"C": 40.47878679395859, "epsilon": 0.9702409126970624, "gamma": 0.0001}, "datetime": {"datetime": "2021-09-18 12:46:58", "elapsed": 1329.785854, "delta": 5.689413}}
{"target": 0.5023418180968071, "params": {"C": 98.10029288647341, "epsilon": 2.5975791675493354, "gamma": 1.0}, "datetime": {"datetime": "2021-09-18 12:47:04", "elapsed": 1335.106973, "delta": 5.321119}}
{"target": 0.5557607710374656, "params": {"C": 75.1852584465208, "epsilon": 0.0001, "gamma": 0.0001}, "datetime": {"datetime": "2021-09-18 12:47:09", "elapsed": 1340.213883, "delta": 5.10691}}
{"target": 0.8067859223273024, "params": {"C": 84.5153145275504, "epsilon": 5.83953230513114, "gamma": 0.062185142633249556}, "datetime": {"datetime": "2021-09-18 12:47:13", "elapsed": 1344.423001, "delta": 4.209118}}
{"target": 0.8903219823898962, "params": {"C": 94.62453578996883, "epsilon": 1.1415643741760957, "gamma": 0.027618580955198053}, "datetime": {"datetime": "2021-09-18 12:47:19", "elapsed": 1349.888798, "delta": 5.465797}}
{"target": 0.503996052033634, "params": {"C": 50.86491400228995, "epsilon": 1.964572143823789, "gamma": 0.0001}, "datetime": {"datetime": "2021-09-18 12:47:24", "elapsed": 1354.8528, "delta": 4.964002}}
{"target": 0.8998407344977237, "params": {"C": 76.02477259620328, "epsilon": 1.0789230933039533, "gamma": 0.07447209303661131}, "datetime": {"datetime": "2021-09-18 12:47:29", "elapsed": 1360.156113, "delta": 5.303313}}
{"target": 0.8216529549806963, "params": {"C": 91.00516964882861, "epsilon": 0.9752636037739393, "gamma": 0.2260016634645524}, "datetime": {"datetime": "2021-09-18 12:47:33", "elapsed": 1364.579606, "delta": 4.423493}}
{"target": 0.24817380409421486, "params": {"C": 11.238902073697549, "epsilon": 0.0001, "gamma": 0.0001}, "datetime": {"datetime": "2021-09-18 12:47:41", "elapsed": 1371.812623, "delta": 7.233017}}
{"target": 0.6624248029582093, "params": {"C": 59.49557487515553, "epsilon": 1.0801478822073314, "gamma": 0.5784936472595169}, "datetime": {"datetime": "2021-09-18 12:47:45", "elapsed": 1376.306093, "delta": 4.49347}}
{"target": 0.8250809213901125, "params": {"C": 35.10796217662743, "epsilon": 1.738749359644507, "gamma": 0.0054256067752104726}, "datetime": {"datetime": "2021-09-18 12:47:50", "elapsed": 1380.841383, "delta": 4.53529}}
{"target": 0.37724377279677734, "params": {"C": 65.3963608546426, "epsilon": 6.731203249231227, "gamma": 0.9917174227049533}, "datetime": {"datetime": "2021-09-18 12:47:54", "elapsed": 1385.105716, "delta": 4.264333}}
{"target": 0.6122831272744006, "params": {"C": 35.74933925391546, "epsilon": 4.367899354393014, "gamma": 0.5038189492136699}, "datetime": {"datetime": "2021-09-18 12:47:58", "elapsed": 1389.613998, "delta": 4.508282}}
{"target": -0.1917466761480051, "params": {"C": 59.7188114029392, "epsilon": 19.503373156416902, "gamma": 0.955353007295448}, "datetime": {"datetime": "2021-09-18 12:48:06", "elapsed": 1397.427503, "delta": 7.813505}}
{"target": 0.8419321325646615, "params": {"C": 53.730832784757546, "epsilon": 4.443165329767485, "gamma": 0.015472582116055133}, "datetime": {"datetime": "2021-09-18 12:48:11", "elapsed": 1401.988621, "delta": 4.561118}}
{"target": 0.5249743148818931, "params": {"C": 35.68238322432434, "epsilon": 1.2832034909644718, "gamma": 1.0}, "datetime": {"datetime": "2021-09-18 12:48:17", "elapsed": 1408.279856, "delta": 6.291235}}
{"target": 0.8613528529603431, "params": {"C": 51.50665754729063, "epsilon": 3.421014057588938, "gamma": 0.020359415886927336}, "datetime": {"datetime": "2021-09-18 12:48:24", "elapsed": 1414.868087, "delta": 6.588231}}
{"target": 0.5909253085956101, "params": {"C": 93.68168142711285, "epsilon": 1.8553705260053712, "gamma": 0.0001}, "datetime": {"datetime": "2021-09-18 12:48:28", "elapsed": 1419.127948, "delta": 4.259861}}
{"target": 0.3670040191366759, "params": {"C": 45.86394087110716, "epsilon": 6.94499422745127, "gamma": 1.0}, "datetime": {"datetime": "2021-09-18 12:48:32", "elapsed": 1423.216989, "delta": 4.089041}}
{"target": 0.8963148269138461, "params": {"C": 75.52709497598589, "epsilon": 1.5119866362455558, "gamma": 0.08104995911420636}, "datetime": {"datetime": "2021-09-18 12:48:36", "elapsed": 1427.548846, "delta": 4.331857}}
{"target": 0.1368015925048155, "params": {"C": 68.6972356472947, "epsilon": 11.999624426636768, "gamma": 0.9051381932730093}, "datetime": {"datetime": "2021-09-18 12:48:41", "elapsed": 1432.397387, "delta": 4.848541}}
{"target": 0.46347013911215884, "params": {"C": 55.130066651024286, "epsilon": 4.3280394878864055, "gamma": 0.9770728961244768}, "datetime": {"datetime": "2021-09-18 12:48:51", "elapsed": 1442.425953, "delta": 10.028566}}
{"target": 0.583042072028358, "params": {"C": 62.13734640296366, "epsilon": 9.215748963754264, "gamma": 0.09695440969595513}, "datetime": {"datetime": "2021-09-18 12:48:57", "elapsed": 1448.333567, "delta": 5.907614}}
{"target": 0.824069346262138, "params": {"C": 66.01289733428183, "epsilon": 3.521647509487666, "gamma": 0.12860923058100418}, "datetime": {"datetime": "2021-09-18 12:49:04", "elapsed": 1454.996205, "delta": 6.662638}}
{"target": 0.5297180651360593, "params": {"C": 91.48785255263581, "epsilon": 0.9192823531649124, "gamma": 1.0}, "datetime": {"datetime": "2021-09-18 12:49:11", "elapsed": 1462.256529, "delta": 7.260324}}
{"target": 0.7880440766975686, "params": {"C": 95.2283060457107, "epsilon": 6.651363746888512, "gamma": 0.009708159935998488}, "datetime": {"datetime": "2021-09-18 12:49:20", "elapsed": 1470.944332, "delta": 8.687803}}
{"target": 0.404606475934036, "params": {"C": 34.235151012989924, "epsilon": 6.440037963363278, "gamma": 0.0001}, "datetime": {"datetime": "2021-09-18 12:49:24", "elapsed": 1475.72054, "delta": 4.776208}}
{"target": 0.37438606221702475, "params": {"C": 95.42542941697072, "epsilon": 6.865367112067784, "gamma": 0.9804463054053603}, "datetime": {"datetime": "2021-09-18 12:49:30", "elapsed": 1481.123412, "delta": 5.402872}}
{"target": 0.8590944615338485, "params": {"C": 41.06635653704416, "epsilon": 4.546423723240938, "gamma": 0.03124573849940124}, "datetime": {"datetime": "2021-09-18 12:49:38", "elapsed": 1489.612766, "delta": 8.489354}}
{"target": 0.4412244723719977, "params": {"C": 40.90839195114832, "epsilon": 5.412928496594622, "gamma": 0.9287573047001376}, "datetime": {"datetime": "2021-09-18 12:49:44", "elapsed": 1494.812156, "delta": 5.19939}}
{"target": 0.4531443908910405, "params": {"C": 41.92572490225063, "epsilon": 4.223899984780115, "gamma": 0.0001}, "datetime": {"datetime": "2021-09-18 12:49:52", "elapsed": 1502.917843, "delta": 8.105687}}
{"target": 0.5563764466910809, "params": {"C": 53.50194528410315, "epsilon": 0.03834999308798656, "gamma": 0.9311529729940381}, "datetime": {"datetime": "2021-09-18 12:49:56", "elapsed": 1507.700734, "delta": 4.782891}}
{"target": 0.5383463003028375, "params": {"C": 40.46157152233027, "epsilon": 3.225966445598508, "gamma": 0.8134378968880033}, "datetime": {"datetime": "2021-09-18 12:50:04", "elapsed": 1515.176565, "delta": 7.475831}}
{"target": 0.8302629895169493, "params": {"C": 73.94323333698594, "epsilon": 4.0190629231453165, "gamma": 0.007853133271309183}, "datetime": {"datetime": "2021-09-18 12:50:08", "elapsed": 1519.699926, "delta": 4.523361}}
{"target": 0.5860141964816727, "params": {"C": 97.28353387145995, "epsilon": 1.2618493090745067, "gamma": 0.0001}, "datetime": {"datetime": "2021-09-18 12:50:13", "elapsed": 1524.532911, "delta": 4.832985}}
{"target": 0.5382908419806726, "params": {"C": 83.99273867117867, "epsilon": 0.0001, "gamma": 1.0}, "datetime": {"datetime": "2021-09-18 12:50:18", "elapsed": 1529.398911, "delta": 4.866}}
{"target": 0.32324210338944637, "params": {"C": 15.471945056029984, "epsilon": 4.322867405050835, "gamma": 0.0001}, "datetime": {"datetime": "2021-09-18 12:50:23", "elapsed": 1534.492925, "delta": 5.094014}}
{"target": 0.6977018726524407, "params": {"C": 16.734053293622463, "epsilon": 4.544202443851391, "gamma": 0.2640148905137201}, "datetime": {"datetime": "2021-09-18 12:50:30", "elapsed": 1540.807843, "delta": 6.314918}}
{"target": 0.7629756423398315, "params": {"C": 23.25308892291819, "epsilon": 6.327105657888192, "gamma": 0.055737457255014555}, "datetime": {"datetime": "2021-09-18 12:50:35", "elapsed": 1545.995673, "delta": 5.18783}}
{"target": 0.6156802301590267, "params": {"C": 23.80339983549383, "epsilon": 5.499191077377122, "gamma": 0.3923518886857608}, "datetime": {"datetime": "2021-09-18 12:50:41", "elapsed": 1552.131511, "delta": 6.135838}}
{"target": 0.8344097568291715, "params": {"C": 68.16876692132645, "epsilon": 2.4784317784239245, "gamma": 0.16008615016570743}, "datetime": {"datetime": "2021-09-18 12:50:47", "elapsed": 1558.111348, "delta": 5.979837}}
{"target": 0.8501521141837678, "params": {"C": 83.82858921187962, "epsilon": 0.07892690871355654, "gamma": 0.004898403930295901}, "datetime": {"datetime": "2021-09-18 12:50:52", "elapsed": 1562.798605, "delta": 4.687257}}
{"target": 0.43511128747074934, "params": {"C": 22.48348293840118, "epsilon": 6.317325947116432, "gamma": 0.8208604615561333}, "datetime": {"datetime": "2021-09-18 12:50:58", "elapsed": 1569.003829, "delta": 6.205224}}
{"target": -0.08517146857711233, "params": {"C": 80.84337664975355, "epsilon": 16.911128593888282, "gamma": 0.047891310256851255}, "datetime": {"datetime": "2021-09-18 12:51:03", "elapsed": 1574.222065, "delta": 5.218236}}
