{"target": -2.398775129501123, "params": {"C": 94.39436181669848, "epsilon": 1.1655767780894202, "gamma": 0.18184952926150358}, "datetime": {"datetime": "2021-09-18 11:04:13", "elapsed": 262.011083, "delta": 1.07656}}
{"target": -2.1642625997564564, "params": {"C": 40.02158884256884, "epsilon": 1.0787655840446737, "gamma": 0.08723175119414488}, "datetime": {"datetime": "2021-09-18 11:04:14", "elapsed": 263.076225, "delta": 1.065142}}
{"target": -2.600825160669193, "params": {"C": 57.204193874989656, "epsilon": 1.169919606631799, "gamma": 0.27137734384373485}, "datetime": {"datetime": "2021-09-18 11:04:15", "elapsed": 264.136588, "delta": 1.060363}}
{"target": -3.5280071078839, "params": {"C": 55.88473113207005, "epsilon": 0.36849095386513636, "gamma": 0.001}, "datetime": {"datetime": "2021-09-18 11:04:18", "elapsed": 267.448672, "delta": 3.312084}}
{"target": -2.1725865366122, "params": {"C": 55.82659442616642, "epsilon": 0.579089491961185, "gamma": 0.13013523221547185}, "datetime": {"datetime": "2021-09-18 11:04:21", "elapsed": 270.08159, "delta": 2.632918}}
{"target": -2.230622218982342, "params": {"C": 55.83946309161458, "epsilon": 0.4650718892242064, "gamma": 0.1549306557340594}, "datetime": {"datetime": "2021-09-18 11:04:24", "elapsed": 273.149205, "delta": 3.067615}}
{"target": -2.201638667980221, "params": {"C": 29.372828879691266, "epsilon": 0.6909479729458371, "gamma": 0.12783722006606557}, "datetime": {"datetime": "2021-09-18 11:04:25", "elapsed": 274.191516, "delta": 1.042311}}
{"target": -2.1761329340975313, "params": {"C": 56.14762010157892, "epsilon": 0.6154181643169288, "gamma": 0.13276726775409947}, "datetime": {"datetime": "2021-09-18 11:04:27", "elapsed": 275.932848, "delta": 1.741332}}
{"target": -2.405227911794755, "params": {"C": 55.844554389529144, "epsilon": 0.5506077048298645, "gamma": 0.015107392490376948}, "datetime": {"datetime": "2021-09-18 11:04:29", "elapsed": 277.876829, "delta": 1.943981}}
{"target": -2.1223722441924853, "params": {"C": 97.8014315870599, "epsilon": 1.2611895059833267, "gamma": 0.09175591776455307}, "datetime": {"datetime": "2021-09-18 11:04:30", "elapsed": 279.020181, "delta": 1.143352}}
{"target": -2.240160605117356, "params": {"C": 68.88026046053571, "epsilon": 0.44381199949918904, "gamma": 0.025270198548727935}, "datetime": {"datetime": "2021-09-18 11:04:33", "elapsed": 282.033338, "delta": 3.013157}}
{"target": -2.10549615157478, "params": {"C": 97.66614033039951, "epsilon": 0.5724869376555599, "gamma": 0.05859559920378601}, "datetime": {"datetime": "2021-09-18 11:04:35", "elapsed": 284.631441, "delta": 2.598103}}
{"target": -2.323742234865233, "params": {"C": 97.7458102283354, "epsilon": 0.6581099262578252, "gamma": 0.16921757363002235}, "datetime": {"datetime": "2021-09-18 11:04:38", "elapsed": 287.2704, "delta": 2.638959}}
{"target": -2.0275622420627033, "params": {"C": 68.94947396440193, "epsilon": 0.2872315447941116, "gamma": 0.06895642416049506}, "datetime": {"datetime": "2021-09-18 11:04:40", "elapsed": 289.532799, "delta": 2.262399}}
{"target": -2.081806668218397, "params": {"C": 56.06088398308253, "epsilon": 0.27798082098237403, "gamma": 0.08991639607031635}, "datetime": {"datetime": "2021-09-18 11:04:42", "elapsed": 291.480644, "delta": 1.947845}}
{"target": -2.0406586763601124, "params": {"C": 69.02780640195064, "epsilon": 0.2612853217852815, "gamma": 0.07592120913800407}, "datetime": {"datetime": "2021-09-18 11:04:44", "elapsed": 293.397212, "delta": 1.916568}}
{"target": -2.537048889178037, "params": {"C": 61.700417904192705, "epsilon": 1.3019463716902964, "gamma": 0.23518868147378916}, "datetime": {"datetime": "2021-09-18 11:04:45", "elapsed": 294.445118, "delta": 1.047906}}
{"target": -2.0255188677234894, "params": {"C": 69.14251016001141, "epsilon": 0.279226795306027, "gamma": 0.06616336303979758}, "datetime": {"datetime": "2021-09-18 11:04:48", "elapsed": 297.433383, "delta": 2.988265}}
{"target": -2.146389840101218, "params": {"C": 83.94885811773665, "epsilon": 1.4190071218605098, "gamma": 0.08499780997008048}, "datetime": {"datetime": "2021-09-18 11:04:49", "elapsed": 298.53046, "delta": 1.097077}}
{"target": -3.502233512229467, "params": {"C": 69.08917807124432, "epsilon": 0.2312872502503852, "gamma": 0.001}, "datetime": {"datetime": "2021-09-18 11:04:52", "elapsed": 300.88739, "delta": 2.35693}}
{"target": -2.378985034664266, "params": {"C": 90.83279478956253, "epsilon": 0.35009119096232755, "gamma": 0.18441190117901116}, "datetime": {"datetime": "2021-09-18 11:04:53", "elapsed": 302.130308, "delta": 1.242918}}
{"target": -2.5305515601468054, "params": {"C": 53.78562006839046, "epsilon": 0.4139962034482185, "gamma": 0.28114837384518704}, "datetime": {"datetime": "2021-09-18 11:04:54", "elapsed": 303.286762, "delta": 1.156454}}
{"target": -2.034975901602327, "params": {"C": 69.2132680235992, "epsilon": 0.40186958449808974, "gamma": 0.05699568320483953}, "datetime": {"datetime": "2021-09-18 11:04:56", "elapsed": 305.418561, "delta": 2.131799}}
{"target": -2.4205958600846733, "params": {"C": 82.57391259613414, "epsilon": 0.42719748179565314, "gamma": 0.010301456106755761}, "datetime": {"datetime": "2021-09-18 11:04:57", "elapsed": 306.593681, "delta": 1.17512}}
{"target": -2.0396380354392822, "params": {"C": 69.23924532039631, "epsilon": 0.3210954884674316, "gamma": 0.0729745012336272}, "datetime": {"datetime": "2021-09-18 11:05:00", "elapsed": 308.988282, "delta": 2.394601}}
{"target": -2.5651970296509856, "params": {"C": 53.69659919369457, "epsilon": 0.11645593356267325, "gamma": 0.2968132409550704}, "datetime": {"datetime": "2021-09-18 11:05:01", "elapsed": 310.170804, "delta": 1.182522}}
{"target": -2.5477827823687464, "params": {"C": 47.296901987120194, "epsilon": 0.09400331054449665, "gamma": 0.29307999831411263}, "datetime": {"datetime": "2021-09-18 11:05:02", "elapsed": 311.376714, "delta": 1.20591}}
{"target": -2.3550842313343217, "params": {"C": 80.76146881606601, "epsilon": 0.9709272252525922, "gamma": 0.17151498824543188}, "datetime": {"datetime": "2021-09-18 11:05:03", "elapsed": 312.542095, "delta": 1.165381}}
{"target": -2.1722138785330105, "params": {"C": 69.08575684377229, "epsilon": 0.34850601327130476, "gamma": 0.12498180715731196}, "datetime": {"datetime": "2021-09-18 11:05:05", "elapsed": 314.614009, "delta": 2.071914}}
{"target": -2.0918749276503195, "params": {"C": 62.4608465257765, "epsilon": 0.15039613392452852, "gamma": 0.09374702496784335}, "datetime": {"datetime": "2021-09-18 11:05:07", "elapsed": 315.834175, "delta": 1.220166}}
{"target": -2.215465912518895, "params": {"C": 31.71397637810761, "epsilon": 0.34872291623548496, "gamma": 0.14724518890007052}, "datetime": {"datetime": "2021-09-18 11:05:08", "elapsed": 317.049043, "delta": 1.214868}}
{"target": -2.1874809898015317, "params": {"C": 56.182213330315136, "epsilon": 0.2925957658016071, "gamma": 0.12581983022733056}, "datetime": {"datetime": "2021-09-18 11:05:10", "elapsed": 319.305565, "delta": 2.256522}}
{"target": -2.3002357261784003, "params": {"C": 36.653338086716914, "epsilon": 0.6803528404591407, "gamma": 0.19983889245389058}, "datetime": {"datetime": "2021-09-18 11:05:11", "elapsed": 320.461891, "delta": 1.156326}}
{"target": -2.228341495036012, "params": {"C": 99.09328388379693, "epsilon": 1.3217040033318388, "gamma": 0.1289629633623394}, "datetime": {"datetime": "2021-09-18 11:05:12", "elapsed": 321.673849, "delta": 1.211958}}
{"target": -2.0398326945016665, "params": {"C": 69.17708567021235, "epsilon": 0.35949209461461956, "gamma": 0.0712534917553032}, "datetime": {"datetime": "2021-09-18 11:05:15", "elapsed": 324.387846, "delta": 2.713997}}
{"target": -2.2431687895182555, "params": {"C": 69.16300227120733, "epsilon": 0.3177797866116096, "gamma": 0.148952376767109}, "datetime": {"datetime": "2021-09-18 11:05:18", "elapsed": 327.565983, "delta": 3.178137}}
{"target": -2.435433479311456, "params": {"C": 69.02626394134901, "epsilon": 0.23684046558369007, "gamma": 0.21747197263030701}, "datetime": {"datetime": "2021-09-18 11:05:21", "elapsed": 329.953995, "delta": 2.388012}}
{"target": -2.3137516174062696, "params": {"C": 92.5611546919048, "epsilon": 0.16136868947653193, "gamma": 0.019970906117235544}, "datetime": {"datetime": "2021-09-18 11:05:24", "elapsed": 333.183008, "delta": 3.229013}}
{"target": -2.5033495838610516, "params": {"C": 75.88666458944807, "epsilon": 0.7644573671527028, "gamma": 0.24239280189717022}, "datetime": {"datetime": "2021-09-18 11:05:25", "elapsed": 334.405176, "delta": 1.222168}}
{"target": -2.0801848123793847, "params": {"C": 97.6587517280226, "epsilon": 0.6832463603266665, "gamma": 0.08088840077051167}, "datetime": {"datetime": "2021-09-18 11:05:26", "elapsed": 335.604413, "delta": 1.199237}}
{"target": -2.201046059787708, "params": {"C": 69.25810888048949, "epsilon": 0.43445628173448864, "gamma": 0.13716486713225776}, "datetime": {"datetime": "2021-09-18 11:05:29", "elapsed": 338.318728, "delta": 2.714315}}
{"target": -2.172416170949447, "params": {"C": 97.58245810261927, "epsilon": 0.5867609184653453, "gamma": 0.031114351753591157}, "datetime": {"datetime": "2021-09-18 11:05:32", "elapsed": 341.029737, "delta": 2.711009}}
{"target": -2.191290060660103, "params": {"C": 90.60802782221772, "epsilon": 0.9476463716038884, "gamma": 0.13304071560111122}, "datetime": {"datetime": "2021-09-18 11:05:33", "elapsed": 342.208353, "delta": 1.178616}}
{"target": -3.39792029989658, "params": {"C": 92.81316682401516, "epsilon": 0.0001, "gamma": 0.001}, "datetime": {"datetime": "2021-09-18 11:05:36", "elapsed": 344.739163, "delta": 2.53081}}
{"target": -2.3584756860370373, "params": {"C": 30.907348168864477, "epsilon": 0.5759182883370163, "gamma": 0.0245794151578538}, "datetime": {"datetime": "2021-09-18 11:05:37", "elapsed": 345.898144, "delta": 1.158981}}
{"target": -3.4827703480772656, "params": {"C": 69.27683381771719, "epsilon": 0.36990034865938787, "gamma": 0.001}, "datetime": {"datetime": "2021-09-18 11:05:39", "elapsed": 348.087755, "delta": 2.189611}}
{"target": -2.065748014962006, "params": {"C": 55.92458575142793, "epsilon": 0.5073939104061723, "gamma": 0.0719459755530141}, "datetime": {"datetime": "2021-09-18 11:05:41", "elapsed": 350.712131, "delta": 2.624376}}
{"target": -2.3787015796639746, "params": {"C": 50.37673976223256, "epsilon": 1.1474336719252545, "gamma": 0.1943252486345914}, "datetime": {"datetime": "2021-09-18 11:05:43", "elapsed": 351.907502, "delta": 1.195371}}
{"target": -2.1616467457167396, "params": {"C": 62.19942295010338, "epsilon": 0.1721224855542674, "gamma": 0.03674546087562678}, "datetime": {"datetime": "2021-09-18 11:05:45", "elapsed": 354.311358, "delta": 2.403856}}
{"target": -2.1503498525074405, "params": {"C": 56.1300723462856, "epsilon": 0.6252245423893918, "gamma": 0.039477303030913916}, "datetime": {"datetime": "2021-09-18 11:05:48", "elapsed": 357.411335, "delta": 3.099977}}
{"target": -2.1089512499352803, "params": {"C": 69.25163693518599, "epsilon": 0.25588417783240747, "gamma": 0.098037569090571}, "datetime": {"datetime": "2021-09-18 11:05:51", "elapsed": 360.522473, "delta": 3.111138}}
{"target": -2.2476731475204126, "params": {"C": 97.71759761402541, "epsilon": 0.7565965138553472, "gamma": 0.024695942914210487}, "datetime": {"datetime": "2021-09-18 11:05:54", "elapsed": 363.30642, "delta": 2.783947}}
{"target": -2.1816572151052918, "params": {"C": 69.02166231726483, "epsilon": 0.2810032099853194, "gamma": 0.12530657270783344}, "datetime": {"datetime": "2021-09-18 11:05:56", "elapsed": 365.678434, "delta": 2.372014}}
{"target": -3.1971927964763713, "params": {"C": 56.03997215912376, "epsilon": 0.5751710095804291, "gamma": 0.0020528143223645687}, "datetime": {"datetime": "2021-09-18 11:05:59", "elapsed": 368.681393, "delta": 3.002959}}
{"target": -2.141117290545743, "params": {"C": 56.05130057434017, "epsilon": 0.6726007880267507, "gamma": 0.08264305301962707}, "datetime": {"datetime": "2021-09-18 11:06:03", "elapsed": 372.023431, "delta": 3.342038}}
{"target": -2.140883206227065, "params": {"C": 55.95654176180952, "epsilon": 0.650059933658481, "gamma": 0.08481700914512075}, "datetime": {"datetime": "2021-09-18 11:06:05", "elapsed": 374.047618, "delta": 2.024187}}
{"target": -2.63461215057054, "params": {"C": 94.78691515843538, "epsilon": 1.3937472721967055, "gamma": 0.26721533413564724}, "datetime": {"datetime": "2021-09-18 11:06:06", "elapsed": 375.406581, "delta": 1.358963}}
{"target": -2.1770911426239734, "params": {"C": 56.06065524264531, "epsilon": 0.6237991847657378, "gamma": 0.1331818606735436}, "datetime": {"datetime": "2021-09-18 11:06:09", "elapsed": 378.167669, "delta": 2.761088}}
{"target": -2.1787877238020927, "params": {"C": 95.20503692316274, "epsilon": 1.202144116284772, "gamma": 0.12356617633137247}, "datetime": {"datetime": "2021-09-18 11:06:10", "elapsed": 379.50167, "delta": 1.334001}}
{"target": -2.095526814066259, "params": {"C": 69.17853277578712, "epsilon": 0.4500317210166237, "gamma": 0.08676760006271957}, "datetime": {"datetime": "2021-09-18 11:06:13", "elapsed": 381.926036, "delta": 2.424366}}
{"target": -2.1352446794647393, "params": {"C": 73.40281167376149, "epsilon": 1.343808157283551, "gamma": 0.07479725957047152}, "datetime": {"datetime": "2021-09-18 11:06:14", "elapsed": 383.276275, "delta": 1.350239}}
{"target": -2.154695907493997, "params": {"C": 56.142147730981755, "epsilon": 0.5184574397504823, "gamma": 0.10966368306466892}, "datetime": {"datetime": "2021-09-18 11:06:17", "elapsed": 386.605117, "delta": 3.328842}}
{"target": -2.486106607979764, "params": {"C": 53.28981000164342, "epsilon": 0.4959614474704398, "gamma": 0.25013186465969134}, "datetime": {"datetime": "2021-09-18 11:06:19", "elapsed": 387.885541, "delta": 1.280424}}
{"target": -2.135745252883582, "params": {"C": 62.39947638974943, "epsilon": 0.21839541826903897, "gamma": 0.10826624012880544}, "datetime": {"datetime": "2021-09-18 11:06:22", "elapsed": 390.916199, "delta": 3.030658}}
{"target": -2.1355932030408584, "params": {"C": 92.79426574230331, "epsilon": 0.05344321677783496, "gamma": 0.10182664144320058}, "datetime": {"datetime": "2021-09-18 11:06:24", "elapsed": 393.499468, "delta": 2.583269}}
{"target": -2.1270031764296635, "params": {"C": 54.21160482094904, "epsilon": 0.3538231807655741, "gamma": 0.10189441535487463}, "datetime": {"datetime": "2021-09-18 11:06:27", "elapsed": 396.67803, "delta": 3.178562}}
{"target": -2.121474051600482, "params": {"C": 75.50171899711387, "epsilon": 0.31395286615589224, "gamma": 0.039647640483922726}, "datetime": {"datetime": "2021-09-18 11:06:31", "elapsed": 400.10183, "delta": 3.4238}}
{"target": -2.282324703221777, "params": {"C": 37.279717030494226, "epsilon": 0.15268770643145146, "gamma": 0.17997064832382167}, "datetime": {"datetime": "2021-09-18 11:06:32", "elapsed": 401.372507, "delta": 1.270677}}
{"target": -2.1944553531589137, "params": {"C": 87.94597552233523, "epsilon": 0.6970332921607926, "gamma": 0.1303824289507995}, "datetime": {"datetime": "2021-09-18 11:06:36", "elapsed": 405.55461, "delta": 4.182103}}
{"target": -2.1958467918756917, "params": {"C": 69.2609905434712, "epsilon": 0.34538652739634657, "gamma": 0.13304912872193358}, "datetime": {"datetime": "2021-09-18 11:06:40", "elapsed": 408.950239, "delta": 3.395629}}
{"target": -2.283457649594663, "params": {"C": 68.74097016520133, "epsilon": 0.47673737770471986, "gamma": 0.17268383468774182}, "datetime": {"datetime": "2021-09-18 11:06:43", "elapsed": 411.770881, "delta": 2.820642}}
{"target": -2.047783890008504, "params": {"C": 56.12237430522552, "epsilon": 0.3370430574958086, "gamma": 0.06056169243716757}, "datetime": {"datetime": "2021-09-18 11:06:45", "elapsed": 414.10478, "delta": 2.333899}}
{"target": -2.0309560642064866, "params": {"C": 69.08539373526239, "epsilon": 0.4096570083296952, "gamma": 0.0584776349621817}, "datetime": {"datetime": "2021-09-18 11:06:49", "elapsed": 417.765315, "delta": 3.660535}}
{"target": -2.2059702083136927, "params": {"C": 97.70854874578498, "epsilon": 0.6501549343636595, "gamma": 0.02791576163081449}, "datetime": {"datetime": "2021-09-18 11:06:52", "elapsed": 420.858511, "delta": 3.093196}}
{"target": -2.250050866321429, "params": {"C": 88.0128598456123, "epsilon": 0.6267205226870476, "gamma": 0.02307422148033911}, "datetime": {"datetime": "2021-09-18 11:06:55", "elapsed": 424.286014, "delta": 3.427503}}
{"target": -2.0855475096069553, "params": {"C": 92.85440575302536, "epsilon": 0.15656508688090764, "gamma": 0.04546979231076078}, "datetime": {"datetime": "2021-09-18 11:06:58", "elapsed": 427.504273, "delta": 3.218259}}
{"target": -2.345981152540141, "params": {"C": 88.85690862294615, "epsilon": 0.34072214403409207, "gamma": 0.17881997170324032}, "datetime": {"datetime": "2021-09-18 11:07:00", "elapsed": 428.941038, "delta": 1.436765}}
{"target": -2.4910390642184814, "params": {"C": 45.138630861557445, "epsilon": 0.8341392726022793, "gamma": 0.24484268962267716}, "datetime": {"datetime": "2021-09-18 11:07:01", "elapsed": 430.393596, "delta": 1.452558}}
{"target": -2.379885353582045, "params": {"C": 92.87452485121779, "epsilon": 0.0001, "gamma": 0.18326752515161693}, "datetime": {"datetime": "2021-09-18 11:07:04", "elapsed": 433.452489, "delta": 3.058893}}
{"target": -2.20723612903591, "params": {"C": 38.46403912008938, "epsilon": 1.2512499968185125, "gamma": 0.11777364971532019}, "datetime": {"datetime": "2021-09-18 11:07:06", "elapsed": 434.79646, "delta": 1.343971}}
{"target": -2.161148147510548, "params": {"C": 54.25838736315877, "epsilon": 0.019084443755409432, "gamma": 0.1164717734579551}, "datetime": {"datetime": "2021-09-18 11:07:08", "elapsed": 437.458283, "delta": 2.661823}}
{"target": -2.1181160382880573, "params": {"C": 56.17554387649608, "epsilon": 0.3870755879201741, "gamma": 0.09800665985783534}, "datetime": {"datetime": "2021-09-18 11:07:12", "elapsed": 441.051256, "delta": 3.592973}}
{"target": -2.3042307290364783, "params": {"C": 32.81231749351847, "epsilon": 0.12514175706728378, "gamma": 0.2009767492501743}, "datetime": {"datetime": "2021-09-18 11:07:14", "elapsed": 443.596422, "delta": 2.545166}}
{"target": -3.1623682050209547, "params": {"C": 56.08609854770063, "epsilon": 0.28050573588566524, "gamma": 0.002103733624448468}, "datetime": {"datetime": "2021-09-18 11:07:17", "elapsed": 446.484783, "delta": 2.888361}}
{"target": -2.306299371254431, "params": {"C": 56.07587201879581, "epsilon": 0.31098000622992733, "gamma": 0.18113152793377102}, "datetime": {"datetime": "2021-09-18 11:07:20", "elapsed": 449.188845, "delta": 2.704062}}
{"target": -2.25274295229448, "params": {"C": 26.36206964205829, "epsilon": 0.6605760946015587, "gamma": 0.17501879691209732}, "datetime": {"datetime": "2021-09-18 11:07:21", "elapsed": 450.552928, "delta": 1.364083}}
{"target": -2.219006638114232, "params": {"C": 40.300101474397174, "epsilon": 0.746389219913714, "gamma": 0.038879833471370896}, "datetime": {"datetime": "2021-09-18 11:07:23", "elapsed": 452.001849, "delta": 1.448921}}
{"target": -2.1706223743785555, "params": {"C": 62.36184021433771, "epsilon": 0.35666960818793225, "gamma": 0.12377022578056592}, "datetime": {"datetime": "2021-09-18 11:07:26", "elapsed": 455.501278, "delta": 3.499429}}
{"target": -2.5503521599343606, "params": {"C": 55.661241652578596, "epsilon": 0.019124242334694726, "gamma": 0.29590483282392177}, "datetime": {"datetime": "2021-09-18 11:07:28", "elapsed": 457.040738, "delta": 1.53946}}
{"target": -2.147018729387195, "params": {"C": 68.86346902785579, "epsilon": 0.4263022884224663, "gamma": 0.11551023692853907}, "datetime": {"datetime": "2021-09-18 11:07:31", "elapsed": 460.353922, "delta": 3.313184}}
{"target": -2.0715543825792198, "params": {"C": 93.58141635513685, "epsilon": 0.5074197645931343, "gamma": 0.044160588958999714}, "datetime": {"datetime": "2021-09-18 11:07:33", "elapsed": 461.954931, "delta": 1.601009}}
{"target": -2.031946289239439, "params": {"C": 68.8682581968545, "epsilon": 0.3124729525334852, "gamma": 0.06299998664598754}, "datetime": {"datetime": "2021-09-18 11:07:37", "elapsed": 466.583922, "delta": 4.628991}}
{"target": -2.0751078824549243, "params": {"C": 68.89258345937512, "epsilon": 0.22348597202664283, "gamma": 0.05025377491107405}, "datetime": {"datetime": "2021-09-18 11:07:41", "elapsed": 469.795959, "delta": 3.212037}}
{"target": -2.094728480791989, "params": {"C": 97.46252900582209, "epsilon": 0.6463724324972269, "gamma": 0.07127474181963198}, "datetime": {"datetime": "2021-09-18 11:07:44", "elapsed": 473.060447, "delta": 3.264488}}
{"target": -2.2009463648109193, "params": {"C": 29.37442624345705, "epsilon": 0.6927162082490029, "gamma": 0.12986043798724256}, "datetime": {"datetime": "2021-09-18 11:07:45", "elapsed": 474.584507, "delta": 1.52406}}
{"target": -2.090052942139431, "params": {"C": 56.0942985817327, "epsilon": 0.36767505302709586, "gamma": 0.09040884403085582}, "datetime": {"datetime": "2021-09-18 11:07:48", "elapsed": 477.397799, "delta": 2.813292}}
{"target": -2.2018686318239666, "params": {"C": 56.01597825286292, "epsilon": 0.5265172910786367, "gamma": 0.14194213465352773}, "datetime": {"datetime": "2021-09-18 11:07:51", "elapsed": 480.096067, "delta": 2.698268}}
{"target": -2.4651057823658413, "params": {"C": 40.98371273058929, "epsilon": 0.5508139066600053, "gamma": 0.2593304843058423}, "datetime": {"datetime": "2021-09-18 11:07:52", "elapsed": 481.657116, "delta": 1.561049}}
{"target": -2.2155988862222116, "params": {"C": 56.007911182742305, "epsilon": 0.23950997170530908, "gamma": 0.13930339597677757}, "datetime": {"datetime": "2021-09-18 11:07:56", "elapsed": 485.694851, "delta": 4.037735}}
{"target": -2.2515447985003036, "params": {"C": 97.61620208238209, "epsilon": 0.6677496228326599, "gamma": 0.15190222491209426}, "datetime": {"datetime": "2021-09-18 11:08:00", "elapsed": 489.584628, "delta": 3.889777}}
