{"target": -1.9518125477479318, "params": {"C": 61.02010692379062, "epsilon": 0.0356074275800358, "gamma": 0.06872715337461863}, "datetime": {"datetime": "2021-09-18 12:07:42", "elapsed": 978.159031, "delta": 5.951438}}
{"target": -1.9453040119587524, "params": {"C": 99.03111567355, "epsilon": 0.0701750314412581, "gamma": 0.0607990802008475}, "datetime": {"datetime": "2021-09-18 12:07:46", "elapsed": 981.871803, "delta": 3.712772}}
{"target": -1.94284643787788, "params": {"C": 98.50633015096764, "epsilon": 0.1262292687796637, "gamma": 0.06104380969877812}, "datetime": {"datetime": "2021-09-18 12:07:50", "elapsed": 986.378458, "delta": 4.506655}}
{"target": -1.9420345826801777, "params": {"C": 56.656402635440244, "epsilon": 0.017528245406380948, "gamma": 0.0651721828912415}, "datetime": {"datetime": "2021-09-18 12:07:55", "elapsed": 991.112452, "delta": 4.733994}}
{"target": -1.9520556722042997, "params": {"C": 99.04630833718213, "epsilon": 0.08247825804679818, "gamma": 0.04752450335214833}, "datetime": {"datetime": "2021-09-18 12:07:59", "elapsed": 995.491195, "delta": 4.378743}}
{"target": -1.9605661240611307, "params": {"C": 73.78868345636954, "epsilon": 0.04889224701830189, "gamma": 0.06875554133713024}, "datetime": {"datetime": "2021-09-18 12:08:04", "elapsed": 1000.538264, "delta": 5.047069}}
{"target": -1.9559406034240199, "params": {"C": 90.97802961686226, "epsilon": 0.17150361950434911, "gamma": 0.06529337666899038}, "datetime": {"datetime": "2021-09-18 12:08:09", "elapsed": 1004.696352, "delta": 4.158088}}
{"target": -2.1315954699551227, "params": {"C": 90.8511002351287, "epsilon": 0.21749572556543664, "gamma": 0.020014868726254836}, "datetime": {"datetime": "2021-09-19 08:59:18", "elapsed": 0.0, "delta": 0.0}}
{"target": -2.0323822495716932, "params": {"C": 85.116628631592, "epsilon": 0.04829298779104834, "gamma": 0.03200401731994371}, "datetime": {"datetime": "2021-09-19 08:59:18", "elapsed": 0.032, "delta": 0.032}}
{"target": -1.9701871215882634, "params": {"C": 79.31301056888354, "epsilon": 0.10694041447769909, "gamma": 0.07157977164998709}, "datetime": {"datetime": "2021-09-19 08:59:18", "elapsed": 0.051363, "delta": 0.019363}}
{"target": -2.2104383456173182, "params": {"C": 96.94083670016785, "epsilon": 0.12866238174897196, "gamma": 0.10907853505157875}, "datetime": {"datetime": "2021-09-19 08:59:18", "elapsed": 0.083254, "delta": 0.031891}}
{"target": -2.1073325916837677, "params": {"C": 80.22261248657587, "epsilon": 0.2640446437353289, "gamma": 0.023560387115730403}, "datetime": {"datetime": "2021-09-19 08:59:18", "elapsed": 0.09889, "delta": 0.015636}}
{"target": -2.1567312421580542, "params": {"C": 103.52337550892011, "epsilon": 0.12810491669830246, "gamma": 0.09262967769794772}, "datetime": {"datetime": "2021-09-19 08:59:18", "elapsed": 0.130173, "delta": 0.031283}}
{"target": -2.257865822454852, "params": {"C": 77.0193469297617, "epsilon": 0.06343993928003924, "gamma": 0.12409679392781978}, "datetime": {"datetime": "2021-09-19 08:59:18", "elapsed": 0.168084, "delta": 0.037911}}
{"target": -2.2343450119597748, "params": {"C": 118.41307878596987, "epsilon": 0.09746013255697664, "gamma": 0.11000194003701083}, "datetime": {"datetime": "2021-09-19 08:59:18", "elapsed": 0.201089, "delta": 0.033005}}
{"target": -2.016143935963392, "params": {"C": 113.8194576148019, "epsilon": 0.26890896573363493, "gamma": 0.03105574747807113}, "datetime": {"datetime": "2021-09-19 08:59:18", "elapsed": 0.227089, "delta": 0.026}}
{"target": -2.2949210197242924, "params": {"C": 71.95273916164412, "epsilon": 0.05509997377154782, "gamma": 0.1341585254458237}, "datetime": {"datetime": "2021-09-19 08:59:18", "elapsed": 0.25309, "delta": 0.026001}}
{"target": -1.967408098621426, "params": {"C": 78.79773051621466, "epsilon": 0.2871339003455799, "gamma": 0.059506743532189696}, "datetime": {"datetime": "2021-09-19 08:59:18", "elapsed": 0.359088, "delta": 0.105998}}
{"target": -1.9453079606555246, "params": {"C": 112.59558189253049, "epsilon": 0.07196120920116295, "gamma": 0.05949288230950353}, "datetime": {"datetime": "2021-09-19 08:59:18", "elapsed": 0.479089, "delta": 0.120001}}
{"target": -2.459137625607984, "params": {"C": 111.39704954862373, "epsilon": 0.3, "gamma": 0.15}, "datetime": {"datetime": "2021-09-19 08:59:18", "elapsed": 0.60209, "delta": 0.123001}}
{"target": -1.955730954588372, "params": {"C": 112.59199014148248, "epsilon": 0.07778426352651652, "gamma": 0.0429074229898436}, "datetime": {"datetime": "2021-09-19 08:59:18", "elapsed": 0.65309, "delta": 0.051}}
{"target": -2.4115805611760086, "params": {"C": 113.03299411960829, "epsilon": 0.005, "gamma": 0.15}, "datetime": {"datetime": "2021-09-19 08:59:18", "elapsed": 0.776326, "delta": 0.123236}}
{"target": -1.965846465620028, "params": {"C": 79.05376972582397, "epsilon": 0.19762280190444909, "gamma": 0.06550181061516856}, "datetime": {"datetime": "2021-09-19 08:59:19", "elapsed": 0.90929, "delta": 0.132964}}
{"target": -2.091539723983732, "params": {"C": 85.09926733579627, "epsilon": 0.04672490514245122, "gamma": 0.026643069363400208}, "datetime": {"datetime": "2021-09-19 08:59:19", "elapsed": 0.968289, "delta": 0.058999}}
{"target": -2.4085087608720777, "params": {"C": 94.43663614374266, "epsilon": 0.2531477087510208, "gamma": 0.14727889698739502}, "datetime": {"datetime": "2021-09-19 08:59:19", "elapsed": 1.097294, "delta": 0.129005}}
{"target": -1.932034354527313, "params": {"C": 85.24302395985254, "epsilon": 0.06379657546120096, "gamma": 0.05478781627827001}, "datetime": {"datetime": "2021-09-19 08:59:19", "elapsed": 1.249423, "delta": 0.152129}}
{"target": -2.399689746421814, "params": {"C": 78.93505021583836, "epsilon": 0.29767397984261207, "gamma": 0.14858982700623943}, "datetime": {"datetime": "2021-09-19 08:59:19", "elapsed": 1.510974, "delta": 0.261551}}
{"target": -2.003446633751783, "params": {"C": 103.85557631338293, "epsilon": 0.16663375759760307, "gamma": 0.06981719172803162}, "datetime": {"datetime": "2021-09-19 08:59:19", "elapsed": 1.667229, "delta": 0.156255}}
{"target": -2.2809712406530385, "params": {"C": 85.18567914594061, "epsilon": 0.035659796892175855, "gamma": 0.12835304259744715}, "datetime": {"datetime": "2021-09-19 08:59:20", "elapsed": 1.982118, "delta": 0.314889}}
{"target": -2.0570306620083563, "params": {"C": 83.7000233842069, "epsilon": 0.23048277912858278, "gamma": 0.028693170935840954}, "datetime": {"datetime": "2021-09-19 08:59:20", "elapsed": 2.112417, "delta": 0.130299}}
{"target": -2.1561909894381053, "params": {"C": 85.19631161119086, "epsilon": 0.09086607891031011, "gamma": 0.02}, "datetime": {"datetime": "2021-09-19 08:59:20", "elapsed": 2.375405, "delta": 0.262988}}
{"target": -1.936799624013798, "params": {"C": 112.59886523714394, "epsilon": 0.06740114496321802, "gamma": 0.05157613423300171}, "datetime": {"datetime": "2021-09-19 08:59:20", "elapsed": 2.507672, "delta": 0.132267}}
{"target": -2.193462112506052, "params": {"C": 100.68123303589418, "epsilon": 0.16943060921414205, "gamma": 0.10496889963923138}, "datetime": {"datetime": "2021-09-19 08:59:20", "elapsed": 2.666864, "delta": 0.159192}}
{"target": -1.924309064694998, "params": {"C": 85.30003171044969, "epsilon": 0.02458159332133739, "gamma": 0.056741828920787496}, "datetime": {"datetime": "2021-09-19 08:59:21", "elapsed": 2.948134, "delta": 0.28127}}
{"target": -2.1653792320873473, "params": {"C": 85.2505034856674, "epsilon": 0.005, "gamma": 0.02}, "datetime": {"datetime": "2021-09-19 08:59:21", "elapsed": 3.180633, "delta": 0.232499}}
{"target": -2.1783448329627784, "params": {"C": 85.28048877101583, "epsilon": 0.062150770921064406, "gamma": 0.10003812281862663}, "datetime": {"datetime": "2021-09-19 08:59:21", "elapsed": 3.400661, "delta": 0.220028}}
{"target": -2.0819466943467497, "params": {"C": 85.27773771766084, "epsilon": 0.10198897886048773, "gamma": 0.027049013232786454}, "datetime": {"datetime": "2021-09-19 08:59:21", "elapsed": 3.566663, "delta": 0.166002}}
{"target": -2.1090954916951588, "params": {"C": 112.56400448717608, "epsilon": 0.02283650552042249, "gamma": 0.08441124625519139}, "datetime": {"datetime": "2021-09-19 08:59:21", "elapsed": 3.817638, "delta": 0.250975}}
{"target": -2.2148823719801367, "params": {"C": 81.50209242566, "epsilon": 0.02411211117253968, "gamma": 0.11149993416432552}, "datetime": {"datetime": "2021-09-19 08:59:22", "elapsed": 3.997436, "delta": 0.179798}}
{"target": -1.940740457888262, "params": {"C": 112.64032444991804, "epsilon": 0.09009548823103425, "gamma": 0.05232615485092762}, "datetime": {"datetime": "2021-09-19 08:59:22", "elapsed": 4.414908, "delta": 0.417472}}
{"target": -2.032147383938786, "params": {"C": 85.35858931769121, "epsilon": 0.030211718602075565, "gamma": 0.032221301732710136}, "datetime": {"datetime": "2021-09-19 08:59:22", "elapsed": 4.665577, "delta": 0.250669}}
{"target": -1.9449524178352544, "params": {"C": 111.96019882663941, "epsilon": 0.12846059121803124, "gamma": 0.058491624258617564}, "datetime": {"datetime": "2021-09-19 08:59:22", "elapsed": 4.84243, "delta": 0.176853}}
{"target": -2.1671425844492482, "params": {"C": 111.94497451378246, "epsilon": 0.08586370311733021, "gamma": 0.0958466073195621}, "datetime": {"datetime": "2021-09-19 08:59:23", "elapsed": 5.132428, "delta": 0.289998}}
{"target": -2.1160059792472494, "params": {"C": 111.97659361245441, "epsilon": 0.13059732754035844, "gamma": 0.020941143314589572}, "datetime": {"datetime": "2021-09-19 08:59:23", "elapsed": 5.334458, "delta": 0.20203}}
{"target": -2.1483825023808443, "params": {"C": 111.9928079032689, "epsilon": 0.15522867018711306, "gamma": 0.08980706798432057}, "datetime": {"datetime": "2021-09-19 08:59:23", "elapsed": 5.579402, "delta": 0.244944}}
{"target": -2.1580791375678485, "params": {"C": 112.6327439774283, "epsilon": 0.0770194762351348, "gamma": 0.09153259900026764}, "datetime": {"datetime": "2021-09-19 08:59:23", "elapsed": 5.807407, "delta": 0.228005}}
{"target": -1.9534266647353353, "params": {"C": 112.66362677799336, "epsilon": 0.12177932812883134, "gamma": 0.0458144024372968}, "datetime": {"datetime": "2021-09-19 08:59:24", "elapsed": 6.046006, "delta": 0.238599}}
{"target": -1.9555982473994937, "params": {"C": 112.60443995610675, "epsilon": 0.13228259210609894, "gamma": 0.061543595172135895}, "datetime": {"datetime": "2021-09-19 08:59:24", "elapsed": 6.245788, "delta": 0.199782}}
{"target": -1.9514750758890376, "params": {"C": 75.16006340054174, "epsilon": 0.02185891603201249, "gamma": 0.06805399016743413}, "datetime": {"datetime": "2021-09-19 08:59:24", "elapsed": 6.413788, "delta": 0.168}}
{"target": -2.0374413410326384, "params": {"C": 91.8457803495093, "epsilon": 0.06207438897766778, "gamma": 0.029849568973659257}, "datetime": {"datetime": "2021-09-19 08:59:24", "elapsed": 6.582791, "delta": 0.169003}}
{"target": -2.10881100791939, "params": {"C": 112.62563162560735, "epsilon": 0.04874128299342267, "gamma": 0.022165640718850875}, "datetime": {"datetime": "2021-09-19 08:59:24", "elapsed": 6.828239, "delta": 0.245448}}
{"target": -2.079664115405103, "params": {"C": 112.62567147249936, "epsilon": 0.11998501615948022, "gamma": 0.02365382289835607}, "datetime": {"datetime": "2021-09-19 08:59:25", "elapsed": 7.085445, "delta": 0.257206}}
{"target": -1.9426107253050637, "params": {"C": 75.11990379357307, "epsilon": 0.031095673803833775, "gamma": 0.06500603718102647}, "datetime": {"datetime": "2021-09-19 08:59:25", "elapsed": 7.318849, "delta": 0.233404}}
{"target": -1.9407836838214791, "params": {"C": 111.91051356680518, "epsilon": 0.13622290642197293, "gamma": 0.04894130206414972}, "datetime": {"datetime": "2021-09-19 08:59:25", "elapsed": 7.55518, "delta": 0.236331}}
{"target": -1.9631409549983345, "params": {"C": 111.93277175104109, "epsilon": 0.16797960288575567, "gamma": 0.061251289589787095}, "datetime": {"datetime": "2021-09-19 08:59:25", "elapsed": 7.857144, "delta": 0.301964}}
{"target": -1.960435978688158, "params": {"C": 111.95881603175911, "epsilon": 0.13477855357070403, "gamma": 0.0628228514999817}, "datetime": {"datetime": "2021-09-19 08:59:26", "elapsed": 8.053881, "delta": 0.196737}}
{"target": -2.0213743152722388, "params": {"C": 82.7363505347459, "epsilon": 0.2544195805826796, "gamma": 0.03698538554568362}, "datetime": {"datetime": "2021-09-19 08:59:26", "elapsed": 8.240455, "delta": 0.186574}}
{"target": -2.3483115408017494, "params": {"C": 107.73514186347742, "epsilon": 0.07473107612473658, "gamma": 0.13377476575152986}, "datetime": {"datetime": "2021-09-19 08:59:26", "elapsed": 8.445413, "delta": 0.204958}}
{"target": -1.9491960250724418, "params": {"C": 75.14154290018244, "epsilon": 0.09532931189884637, "gamma": 0.06322227478034212}, "datetime": {"datetime": "2021-09-19 08:59:26", "elapsed": 8.728886, "delta": 0.283473}}
{"target": -2.37638848062574, "params": {"C": 110.54348602148606, "epsilon": 0.22543758943673153, "gamma": 0.13563876965502006}, "datetime": {"datetime": "2021-09-19 08:59:27", "elapsed": 8.933528, "delta": 0.204642}}
{"target": -2.2732785449046604, "params": {"C": 75.14525771653575, "epsilon": 0.04101947291084647, "gamma": 0.1287260778854587}, "datetime": {"datetime": "2021-09-19 08:59:27", "elapsed": 9.176528, "delta": 0.243}}
{"target": -2.035609789255582, "params": {"C": 75.10638626761065, "epsilon": 0.09829949579576987, "gamma": 0.033940954160766784}, "datetime": {"datetime": "2021-09-19 08:59:27", "elapsed": 9.432528, "delta": 0.256}}
{"target": -2.0119745633201656, "params": {"C": 75.20552640088584, "epsilon": 0.05726212815497476, "gamma": 0.040271598701766824}, "datetime": {"datetime": "2021-09-19 08:59:27", "elapsed": 9.669529, "delta": 0.237001}}
{"target": -2.1009813232799313, "params": {"C": 75.14637190883433, "epsilon": 0.046938901187438105, "gamma": 0.027636631556594342}, "datetime": {"datetime": "2021-09-19 08:59:28", "elapsed": 9.953529, "delta": 0.284}}
{"target": -2.103543624923033, "params": {"C": 111.88115161352223, "epsilon": 0.15719064961635726, "gamma": 0.08387085736221372}, "datetime": {"datetime": "2021-09-19 08:59:28", "elapsed": 10.24718, "delta": 0.293651}}
{"target": -1.9607826461037086, "params": {"C": 75.1855940632731, "epsilon": 0.13291752203824578, "gamma": 0.05040774988177324}, "datetime": {"datetime": "2021-09-19 08:59:28", "elapsed": 10.573135, "delta": 0.325955}}
{"target": -2.034482242726905, "params": {"C": 112.62158966575217, "epsilon": 0.17955219520515797, "gamma": 0.07521328670613142}, "datetime": {"datetime": "2021-09-19 08:59:28", "elapsed": 10.830179, "delta": 0.257044}}
{"target": -2.0027922528721462, "params": {"C": 75.13720215368548, "epsilon": 0.1643277391019053, "gamma": 0.0766409712437732}, "datetime": {"datetime": "2021-09-19 08:59:29", "elapsed": 11.194179, "delta": 0.364}}
{"target": -2.37538562797827, "params": {"C": 72.11019580597745, "epsilon": 0.19900392672539416, "gamma": 0.14885210580543068}, "datetime": {"datetime": "2021-09-19 08:59:29", "elapsed": 11.399176, "delta": 0.204997}}
{"target": -2.0522638068367542, "params": {"C": 79.09805084333331, "epsilon": 0.19757767854036604, "gamma": 0.029966594397846845}, "datetime": {"datetime": "2021-09-19 08:59:29", "elapsed": 11.754859, "delta": 0.355683}}
{"target": -2.3776650271176423, "params": {"C": 75.43197701071655, "epsilon": 0.24554673264005045, "gamma": 0.1467018471782391}, "datetime": {"datetime": "2021-09-19 08:59:30", "elapsed": 11.969855, "delta": 0.214996}}
{"target": -2.025295110871933, "params": {"C": 113.58735009139845, "epsilon": 0.05768557572613221, "gamma": 0.07444220624638546}, "datetime": {"datetime": "2021-09-19 08:59:30", "elapsed": 12.199859, "delta": 0.230004}}
{"target": -2.2019445035063607, "params": {"C": 73.59560772470302, "epsilon": 0.0510516370148609, "gamma": 0.10807276684679736}, "datetime": {"datetime": "2021-09-19 08:59:30", "elapsed": 12.426813, "delta": 0.226954}}
{"target": -2.2619161709500455, "params": {"C": 79.03951276085922, "epsilon": 0.17679720724070289, "gamma": 0.1216803097937034}, "datetime": {"datetime": "2021-09-19 08:59:30", "elapsed": 12.817887, "delta": 0.391074}}
{"target": -2.1140472280876335, "params": {"C": 75.15651527487489, "epsilon": 0.15164169037074535, "gamma": 0.02516998667974282}, "datetime": {"datetime": "2021-09-19 08:59:31", "elapsed": 13.094846, "delta": 0.276959}}
{"target": -2.031727468502575, "params": {"C": 79.038112546708, "epsilon": 0.23945868671466722, "gamma": 0.03362146248553933}, "datetime": {"datetime": "2021-09-19 08:59:31", "elapsed": 13.394887, "delta": 0.300041}}
{"target": -2.1957334644659334, "params": {"C": 82.86508889547974, "epsilon": 0.22374461975179655, "gamma": 0.10593279602161618}, "datetime": {"datetime": "2021-09-19 08:59:31", "elapsed": 13.635841, "delta": 0.240954}}
{"target": -2.0742969163181044, "params": {"C": 75.19340621413922, "epsilon": 0.12402890596682764, "gamma": 0.08851013746986684}, "datetime": {"datetime": "2021-09-19 08:59:32", "elapsed": 13.910284, "delta": 0.274443}}
{"target": -2.0185442201966226, "params": {"C": 74.31240700273116, "epsilon": 0.16642573577539557, "gamma": 0.03885409498248214}, "datetime": {"datetime": "2021-09-19 08:59:32", "elapsed": 14.137319, "delta": 0.227035}}
{"target": -2.048395630943043, "params": {"C": 78.7452447207923, "epsilon": 0.2895141118338368, "gamma": 0.08226353689603477}, "datetime": {"datetime": "2021-09-19 08:59:32", "elapsed": 14.397319, "delta": 0.26}}
{"target": -2.120076246776932, "params": {"C": 111.90833115101425, "epsilon": 0.1724038359672666, "gamma": 0.02}, "datetime": {"datetime": "2021-09-19 08:59:32", "elapsed": 14.790322, "delta": 0.393003}}
{"target": -2.0414475082561183, "params": {"C": 112.5557035254051, "epsilon": 0.13495453053937193, "gamma": 0.07660151415861252}, "datetime": {"datetime": "2021-09-19 08:59:33", "elapsed": 15.180275, "delta": 0.389953}}
{"target": -1.949104586356577, "params": {"C": 79.26683056007693, "epsilon": 0.12697288852416133, "gamma": 0.06133314630229687}, "datetime": {"datetime": "2021-09-19 08:59:33", "elapsed": 15.619318, "delta": 0.439043}}
{"target": -2.047994509740946, "params": {"C": 79.26930467014739, "epsilon": 0.09338428358141336, "gamma": 0.030989578149623227}, "datetime": {"datetime": "2021-09-19 08:59:34", "elapsed": 16.071111, "delta": 0.451793}}
{"target": -1.9512702557788089, "params": {"C": 79.2981557058244, "epsilon": 0.1649657796359959, "gamma": 0.06220563733012137}, "datetime": {"datetime": "2021-09-19 08:59:34", "elapsed": 16.487714, "delta": 0.416603}}
{"target": -2.207228493829934, "params": {"C": 79.31093745532091, "epsilon": 0.148997533712661, "gamma": 0.11048841443707454}, "datetime": {"datetime": "2021-09-19 08:59:34", "elapsed": 16.872674, "delta": 0.38496}}
{"target": -2.1004196022120407, "params": {"C": 79.3247930962848, "epsilon": 0.1602729159281028, "gamma": 0.026039548486900845}, "datetime": {"datetime": "2021-09-19 08:59:35", "elapsed": 17.26702, "delta": 0.394346}}
{"target": -2.1562235309113387, "params": {"C": 92.91689248100718, "epsilon": 0.29093806855113113, "gamma": 0.09397572853444792}, "datetime": {"datetime": "2021-09-19 08:59:35", "elapsed": 17.52002, "delta": 0.253}}
{"target": -2.100315567029495, "params": {"C": 112.65351249822395, "epsilon": 0.1381950900977937, "gamma": 0.08321442912509718}, "datetime": {"datetime": "2021-09-19 08:59:36", "elapsed": 17.89702, "delta": 0.377}}
{"target": -2.1201637838711496, "params": {"C": 76.7233807651581, "epsilon": 0.281898089808061, "gamma": 0.02123126018515624}, "datetime": {"datetime": "2021-09-19 08:59:36", "elapsed": 18.137021, "delta": 0.240001}}
{"target": -2.0406181748685897, "params": {"C": 79.24030676873262, "epsilon": 0.1713558507665757, "gamma": 0.031177364482063277}, "datetime": {"datetime": "2021-09-19 08:59:36", "elapsed": 18.483707, "delta": 0.346686}}
{"target": -2.090891776864693, "params": {"C": 78.83868762891127, "epsilon": 0.06671794303832718, "gamma": 0.08897805560673029}, "datetime": {"datetime": "2021-09-19 08:59:36", "elapsed": 18.745708, "delta": 0.262001}}
{"target": -2.160859744865978, "params": {"C": 111.27064825158891, "epsilon": 0.04036810636934002, "gamma": 0.09258015132381815}, "datetime": {"datetime": "2021-09-19 08:59:37", "elapsed": 19.032707, "delta": 0.286999}}
{"target": -2.0782431553427823, "params": {"C": 75.10534690989381, "epsilon": 0.11518393647016091, "gamma": 0.08902641303704169}, "datetime": {"datetime": "2021-09-19 08:59:37", "elapsed": 19.353708, "delta": 0.321001}}
{"target": -2.019557414165039, "params": {"C": 74.30580614436262, "epsilon": 0.16818167063251155, "gamma": 0.038184389152610465}, "datetime": {"datetime": "2021-09-19 08:59:37", "elapsed": 19.623708, "delta": 0.27}}
{"target": -1.9288678607733747, "params": {"C": 75.06629612015884, "epsilon": 0.007846695240693683, "gamma": 0.06281845418419552}, "datetime": {"datetime": "2021-09-19 08:59:38", "elapsed": 20.048307, "delta": 0.424599}}
{"target": -2.0967716679267068, "params": {"C": 79.24296116035825, "epsilon": 0.16679929272619717, "gamma": 0.026277057134097344}, "datetime": {"datetime": "2021-09-19 08:59:38", "elapsed": 20.31526, "delta": 0.266953}}
{"target": -2.0576745937960546, "params": {"C": 75.07328408232833, "epsilon": 0.03962587404630675, "gamma": 0.08567794478970744}, "datetime": {"datetime": "2021-09-19 08:59:38", "elapsed": 20.637259, "delta": 0.321999}}
{"target": -2.2912439287607738, "params": {"C": 109.63110243750141, "epsilon": 0.04656642246887371, "gamma": 0.12299400809612078}, "datetime": {"datetime": "2021-09-19 08:59:39", "elapsed": 20.934303, "delta": 0.297044}}
{"target": -1.9968319692504777, "params": {"C": 79.25167059171167, "epsilon": 0.18110795958366638, "gamma": 0.07392957582438328}, "datetime": {"datetime": "2021-09-19 08:59:39", "elapsed": 21.409456, "delta": 0.475153}}
{"target": -2.003230598151677, "params": {"C": 89.50053661171063, "epsilon": 0.015410648078593575, "gamma": 0.04013054242523413}, "datetime": {"datetime": "2021-09-19 08:59:39", "elapsed": 21.699494, "delta": 0.290038}}
