{"target": -2.157676366206974, "params": {"C": 68.75387983089561, "epsilon": 0.16416448011255944, "gamma": 0.03907039624468089}, "datetime": {"datetime": "2021-09-18 11:14:24", "elapsed": 873.435295, "delta": 6.756311}}
{"target": -2.355964358867036, "params": {"C": 68.91591161405466, "epsilon": 0.13998963408336937, "gamma": 0.018611249490246423}, "datetime": {"datetime": "2021-09-18 11:14:29", "elapsed": 877.81577, "delta": 4.380475}}
{"target": -2.682998978017029, "params": {"C": 70.40467724671929, "epsilon": 0.3623539841786488, "gamma": 0.004473399427157004}, "datetime": {"datetime": "2021-09-18 11:14:33", "elapsed": 882.518567, "delta": 4.702797}}
{"target": -2.3734491835300644, "params": {"C": 68.79110743613757, "epsilon": 0.020465675442716446, "gamma": 0.013611700250742344}, "datetime": {"datetime": "2021-09-18 11:14:38", "elapsed": 887.070392, "delta": 4.551825}}
{"target": -2.1834255352292575, "params": {"C": 69.56430426015712, "epsilon": 1.234979075596412, "gamma": 0.13211716940173612}, "datetime": {"datetime": "2021-09-18 11:14:42", "elapsed": 891.239218, "delta": 4.168826}}
{"target": -2.1247626298342803, "params": {"C": 70.57349754959333, "epsilon": 0.4927630911424083, "gamma": 0.03797680306568766}, "datetime": {"datetime": "2021-09-18 11:14:47", "elapsed": 896.641546, "delta": 5.402328}}
{"target": -2.3122170837131697, "params": {"C": 64.43608640630686, "epsilon": 0.9894601544937838, "gamma": 0.1710338705113943}, "datetime": {"datetime": "2021-09-18 11:14:50", "elapsed": 898.893792, "delta": 2.252246}}
{"target": -2.1214378284563593, "params": {"C": 77.47952074305636, "epsilon": 0.706593703840041, "gamma": 0.11223678645516276}, "datetime": {"datetime": "2021-09-18 11:14:55", "elapsed": 904.636487, "delta": 5.742695}}
{"target": -2.520291793567724, "params": {"C": 99.82978897752037, "epsilon": 1.4488648070003152, "gamma": 0.21628070969748917}, "datetime": {"datetime": "2021-09-18 11:14:58", "elapsed": 907.07815, "delta": 2.441663}}
{"target": -2.3757925831881543, "params": {"C": 54.45292986963984, "epsilon": 0.22525923484982602, "gamma": 0.21278389171699563}, "datetime": {"datetime": "2021-09-18 11:15:00", "elapsed": 909.450117, "delta": 2.371967}}
{"target": -2.185936527135214, "params": {"C": 30.497961209941515, "epsilon": 0.11855735865711002, "gamma": 0.13338941633933538}, "datetime": {"datetime": "2021-09-18 11:15:02", "elapsed": 911.544916, "delta": 2.094799}}
{"target": -2.1373221039217416, "params": {"C": 72.38394355897773, "epsilon": 1.2003485110718144, "gamma": 0.11904388407332644}, "datetime": {"datetime": "2021-09-18 11:15:09", "elapsed": 917.873204, "delta": 6.328288}}
{"target": -2.244933855775264, "params": {"C": 64.82796956508275, "epsilon": 1.2281146059606645, "gamma": 0.14714015282237233}, "datetime": {"datetime": "2021-09-18 11:15:11", "elapsed": 920.452806, "delta": 2.579602}}
{"target": -2.0900796735630918, "params": {"C": 68.63679247138185, "epsilon": 0.2098925390861386, "gamma": 0.09055876414630085}, "datetime": {"datetime": "2021-09-18 11:15:17", "elapsed": 925.949876, "delta": 5.49707}}
{"target": -2.2180004229476267, "params": {"C": 68.68914400497268, "epsilon": 0.22719561886894818, "gamma": 0.1379669226156731}, "datetime": {"datetime": "2021-09-18 11:15:26", "elapsed": 934.898965, "delta": 8.949089}}
{"target": -2.1602978861146003, "params": {"C": 70.60677787159102, "epsilon": 0.25891034820917636, "gamma": 0.11458247402197823}, "datetime": {"datetime": "2021-09-18 11:15:32", "elapsed": 941.577062, "delta": 6.678097}}
{"target": -2.1875662675227336, "params": {"C": 68.57253008399807, "epsilon": 0.14347017106641613, "gamma": 0.12529102374894358}, "datetime": {"datetime": "2021-09-18 11:15:39", "elapsed": 948.192567, "delta": 6.615505}}
{"target": -2.925466798587243, "params": {"C": 35.42815132377877, "epsilon": 0.5743044057391294, "gamma": 0.0041398579563206635}, "datetime": {"datetime": "2021-09-18 11:15:41", "elapsed": 950.606753, "delta": 2.414186}}
{"target": -2.117804618805426, "params": {"C": 68.59691607937587, "epsilon": 0.5693987245363391, "gamma": 0.07758842575308274}, "datetime": {"datetime": "2021-09-18 11:15:48", "elapsed": 957.196334, "delta": 6.589581}}
{"target": -2.3709489832176556, "params": {"C": 70.51446238736023, "epsilon": 0.3128229138011201, "gamma": 0.19956363918629902}, "datetime": {"datetime": "2021-09-18 11:15:54", "elapsed": 963.198774, "delta": 6.00244}}
{"target": -2.201459852575043, "params": {"C": 68.70203530415827, "epsilon": 0.2517627627947957, "gamma": 0.030684066022651637}, "datetime": {"datetime": "2021-09-18 11:16:00", "elapsed": 968.776377, "delta": 5.577603}}
{"target": -2.363192740330234, "params": {"C": 74.61619084996275, "epsilon": 0.536959882763309, "gamma": 0.017075943696600485}, "datetime": {"datetime": "2021-09-18 11:16:02", "elapsed": 971.109444, "delta": 2.333067}}
{"target": -2.1445761448247387, "params": {"C": 77.41213228812242, "epsilon": 0.7731902030244603, "gamma": 0.11772194185501496}, "datetime": {"datetime": "2021-09-18 11:16:08", "elapsed": 977.585617, "delta": 6.476173}}
{"target": -2.3679458602983003, "params": {"C": 73.7943142244971, "epsilon": 0.7923556862883046, "gamma": 0.18898644577269072}, "datetime": {"datetime": "2021-09-18 11:16:11", "elapsed": 979.767116, "delta": 2.181499}}
{"target": -2.1490041531695177, "params": {"C": 72.42326863752265, "epsilon": 1.3277963086042541, "gamma": 0.11810752402302126}, "datetime": {"datetime": "2021-09-18 11:16:17", "elapsed": 985.785424, "delta": 6.018308}}
{"target": -2.1957927970168227, "params": {"C": 72.37630602159368, "epsilon": 1.2693365783903325, "gamma": 0.04111839944563824}, "datetime": {"datetime": "2021-09-18 11:16:24", "elapsed": 993.430123, "delta": 7.644699}}
{"target": -2.3370510244234137, "params": {"C": 70.87320856993182, "epsilon": 0.3805887848293424, "gamma": 0.01850491780866521}, "datetime": {"datetime": "2021-09-18 11:16:29", "elapsed": 998.51273, "delta": 5.082607}}
{"target": -2.513677383651688, "params": {"C": 65.49378615392318, "epsilon": 0.04130380057633607, "gamma": 0.2650806305033193}, "datetime": {"datetime": "2021-09-18 11:16:32", "elapsed": 1000.868686, "delta": 2.355956}}
{"target": -2.4521534495771644, "params": {"C": 72.4685718616353, "epsilon": 1.198257769909345, "gamma": 0.20558306493539635}, "datetime": {"datetime": "2021-09-18 11:16:37", "elapsed": 1006.409272, "delta": 5.540586}}
{"target": -2.187712898551827, "params": {"C": 68.62788436624112, "epsilon": 0.10208280985681578, "gamma": 0.03511142956571951}, "datetime": {"datetime": "2021-09-18 11:16:42", "elapsed": 1010.944646, "delta": 4.535374}}
{"target": -2.245390940848143, "params": {"C": 77.23581859047512, "epsilon": 0.5203983951414608, "gamma": 0.15059847104095683}, "datetime": {"datetime": "2021-09-18 11:16:48", "elapsed": 1017.206833, "delta": 6.262187}}
{"target": -2.678492333460778, "params": {"C": 80.27715605190481, "epsilon": 1.464103659205446, "gamma": 0.29377115176046315}, "datetime": {"datetime": "2021-09-18 11:16:50", "elapsed": 1019.548079, "delta": 2.341246}}
{"target": -2.1318645775038894, "params": {"C": 98.02887410831563, "epsilon": 1.1120782334597872, "gamma": 0.09709500672509266}, "datetime": {"datetime": "2021-09-18 11:16:52", "elapsed": 1021.655047, "delta": 2.106968}}
{"target": -3.220651010847046, "params": {"C": 68.62711923737076, "epsilon": 0.5758917179760595, "gamma": 0.0017612491418542383}, "datetime": {"datetime": "2021-09-18 11:16:58", "elapsed": 1026.837469, "delta": 5.182422}}
{"target": -2.255744557206938, "params": {"C": 68.6583002722823, "epsilon": 0.6328007316326709, "gamma": 0.16367479729309795}, "datetime": {"datetime": "2021-09-18 11:17:03", "elapsed": 1032.294621, "delta": 5.457152}}
{"target": -2.146613058855431, "params": {"C": 68.57155541176967, "epsilon": 0.5423242415812716, "gamma": 0.11555901398915806}, "datetime": {"datetime": "2021-09-18 11:17:09", "elapsed": 1037.823773, "delta": 5.529152}}
{"target": -2.0259069653951833, "params": {"C": 68.5679226727581, "epsilon": 0.2505061638462422, "gamma": 0.06251621243456443}, "datetime": {"datetime": "2021-09-18 11:17:14", "elapsed": 1043.486832, "delta": 5.663059}}
{"target": -2.0520446246227415, "params": {"C": 70.52249386686464, "epsilon": 0.24418897554708777, "gamma": 0.07994154502531775}, "datetime": {"datetime": "2021-09-18 11:17:22", "elapsed": 1051.258046, "delta": 7.771214}}
{"target": -2.2389152685898654, "params": {"C": 68.51708975799332, "epsilon": 0.23818108194479515, "gamma": 0.14729175410502426}, "datetime": {"datetime": "2021-09-18 11:17:28", "elapsed": 1057.173441, "delta": 5.915395}}
{"target": -2.5680169404945508, "params": {"C": 46.032369592251385, "epsilon": 1.3771765340334532, "gamma": 0.24951600596604728}, "datetime": {"datetime": "2021-09-18 11:17:30", "elapsed": 1059.499405, "delta": 2.325964}}
{"target": -2.099565557420622, "params": {"C": 68.60336254574918, "epsilon": 0.2848693863705608, "gamma": 0.09223234620678708}, "datetime": {"datetime": "2021-09-18 11:17:39", "elapsed": 1067.833413, "delta": 8.334008}}
{"target": -2.552653576737872, "params": {"C": 26.23218479985568, "epsilon": 0.5777385284355296, "gamma": 0.012237269271822962}, "datetime": {"datetime": "2021-09-18 11:17:41", "elapsed": 1070.086732, "delta": 2.253319}}
{"target": -2.4983613102732503, "params": {"C": 84.04263145663475, "epsilon": 1.3791576114301716, "gamma": 0.21314160806711535}, "datetime": {"datetime": "2021-09-18 11:17:44", "elapsed": 1072.737924, "delta": 2.651192}}
{"target": -2.6133802458723365, "params": {"C": 95.47156948159589, "epsilon": 0.7408864760260723, "gamma": 0.28543652798298075}, "datetime": {"datetime": "2021-09-18 11:17:46", "elapsed": 1075.113094, "delta": 2.37517}}
{"target": -2.1732024216374057, "params": {"C": 70.56135515608551, "epsilon": 0.29558559641324916, "gamma": 0.032151466948762114}, "datetime": {"datetime": "2021-09-18 11:17:53", "elapsed": 1082.467994, "delta": 7.3549}}
{"target": -2.1937052356303575, "params": {"C": 97.95144331000027, "epsilon": 1.162748567667626, "gamma": 0.1293569732598842}, "datetime": {"datetime": "2021-09-18 11:18:01", "elapsed": 1090.1271, "delta": 7.659106}}
{"target": -2.1310845026179424, "params": {"C": 76.75309901826245, "epsilon": 0.9542214630698782, "gamma": 0.051010076400117614}, "datetime": {"datetime": "2021-09-18 11:18:03", "elapsed": 1092.654555, "delta": 2.527455}}
{"target": -2.1501027350407007, "params": {"C": 70.4537939266503, "epsilon": 0.23364308991698896, "gamma": 0.11059652676623048}, "datetime": {"datetime": "2021-09-18 11:18:13", "elapsed": 1102.528066, "delta": 9.873511}}
{"target": -2.376471356396436, "params": {"C": 29.978917602500047, "epsilon": 0.48139424991313234, "gamma": 0.24778842472700052}, "datetime": {"datetime": "2021-09-18 11:18:16", "elapsed": 1104.958968, "delta": 2.430902}}
{"target": -2.179260879903691, "params": {"C": 70.89833961244882, "epsilon": 0.45259849329501706, "gamma": 0.12833952172940555}, "datetime": {"datetime": "2021-09-18 11:18:22", "elapsed": 1111.023276, "delta": 6.064308}}
{"target": -2.1202880181266335, "params": {"C": 68.76928193365939, "epsilon": 0.5457171356608561, "gamma": 0.09401449415669098}, "datetime": {"datetime": "2021-09-18 11:18:28", "elapsed": 1116.81885, "delta": 5.795574}}
{"target": -2.349696529559896, "params": {"C": 44.100214822012006, "epsilon": 1.2658177121987704, "gamma": 0.03334611023284855}, "datetime": {"datetime": "2021-09-18 11:18:30", "elapsed": 1119.515627, "delta": 2.696777}}
{"target": -2.2275379880633412, "params": {"C": 97.99237081198707, "epsilon": 1.2002366678160692, "gamma": 0.031193105437274975}, "datetime": {"datetime": "2021-09-18 11:18:38", "elapsed": 1127.32749, "delta": 7.811863}}
{"target": -2.31920553085572, "params": {"C": 38.54639806474986, "epsilon": 0.6049790583047915, "gamma": 0.2099424318423891}, "datetime": {"datetime": "2021-09-18 11:18:41", "elapsed": 1129.889874, "delta": 2.562384}}
{"target": -2.191546514562141, "params": {"C": 68.51600214954269, "epsilon": 0.630110166466269, "gamma": 0.13447920632823218}, "datetime": {"datetime": "2021-09-18 11:18:49", "elapsed": 1138.302383, "delta": 8.412509}}
{"target": -2.1975061475033497, "params": {"C": 44.143460701420935, "epsilon": 1.207841224044439, "gamma": 0.13072621872457332}, "datetime": {"datetime": "2021-09-18 11:18:56", "elapsed": 1145.175084, "delta": 6.872701}}
{"target": -2.37081866009841, "params": {"C": 68.51904412907753, "epsilon": 0.263636360611755, "gamma": 0.016217265781568648}, "datetime": {"datetime": "2021-09-18 11:19:01", "elapsed": 1150.559703, "delta": 5.384619}}
{"target": -2.2125071440505817, "params": {"C": 44.161255443877934, "epsilon": 1.3006805495417815, "gamma": 0.13596561500876744}, "datetime": {"datetime": "2021-09-18 11:19:07", "elapsed": 1156.490697, "delta": 5.930994}}
{"target": -2.40296883680664, "params": {"C": 72.47394809592302, "epsilon": 1.3163816545779716, "gamma": 0.0233450681738299}, "datetime": {"datetime": "2021-09-18 11:19:13", "elapsed": 1161.919231, "delta": 5.428534}}
{"target": -2.567453715830369, "params": {"C": 59.028413061020075, "epsilon": 0.15691170195971046, "gamma": 0.2932571628028969}, "datetime": {"datetime": "2021-09-18 11:19:15", "elapsed": 1164.50646, "delta": 2.587229}}
{"target": -2.1928915630443733, "params": {"C": 35.43692195394776, "epsilon": 1.2667116576437876, "gamma": 0.07500542157672559}, "datetime": {"datetime": "2021-09-18 11:19:18", "elapsed": 1167.44434, "delta": 2.93788}}
{"target": -2.1234217463961316, "params": {"C": 32.67628014207023, "epsilon": 0.017803587325995514, "gamma": 0.07233855356683216}, "datetime": {"datetime": "2021-09-18 11:19:29", "elapsed": 1178.023593, "delta": 10.579253}}
{"target": -2.3780104130098336, "params": {"C": 68.82143318371433, "epsilon": 0.24684997892191152, "gamma": 0.014059310009597762}, "datetime": {"datetime": "2021-09-18 11:19:36", "elapsed": 1185.216332, "delta": 7.192739}}
{"target": -2.2457991114836227, "params": {"C": 72.33310414514567, "epsilon": 1.284032313710743, "gamma": 0.14134986204350106}, "datetime": {"datetime": "2021-09-18 11:19:41", "elapsed": 1190.67261, "delta": 5.456278}}
{"target": -2.203204096701596, "params": {"C": 95.48760323070148, "epsilon": 0.22278939400859063, "gamma": 0.1273876960406471}, "datetime": {"datetime": "2021-09-18 11:19:50", "elapsed": 1199.661675, "delta": 8.989065}}
{"target": -2.208738377509938, "params": {"C": 74.0620064177486, "epsilon": 0.7074458205480344, "gamma": 0.1385905189397227}, "datetime": {"datetime": "2021-09-18 11:19:53", "elapsed": 1202.195663, "delta": 2.533988}}
{"target": -3.4787417518256354, "params": {"C": 70.57133476016068, "epsilon": 0.4099104944579198, "gamma": 0.001}, "datetime": {"datetime": "2021-09-18 11:19:59", "elapsed": 1208.386859, "delta": 6.191196}}
{"target": -2.031592273182344, "params": {"C": 70.48654888125847, "epsilon": 0.47571711378400966, "gamma": 0.06320209809087797}, "datetime": {"datetime": "2021-09-18 11:20:05", "elapsed": 1214.258027, "delta": 5.871168}}
{"target": -2.1069917580790154, "params": {"C": 70.6258021983372, "epsilon": 0.44664608661257493, "gamma": 0.09419759284400839}, "datetime": {"datetime": "2021-09-18 11:20:10", "elapsed": 1219.330166, "delta": 5.072139}}
{"target": -2.3706952322354806, "params": {"C": 70.50650278142903, "epsilon": 0.20563804563549534, "gamma": 0.015067524149496254}, "datetime": {"datetime": "2021-09-18 11:20:15", "elapsed": 1224.383678, "delta": 5.053512}}
{"target": -2.1186957268447184, "params": {"C": 70.60029878129146, "epsilon": 0.5832162756306241, "gamma": 0.09447401389415858}, "datetime": {"datetime": "2021-09-18 11:20:22", "elapsed": 1230.934871, "delta": 6.551193}}
{"target": -2.1246989250969266, "params": {"C": 70.52284984274468, "epsilon": 0.39640273472687976, "gamma": 0.10339375209447803}, "datetime": {"datetime": "2021-09-18 11:20:30", "elapsed": 1239.003584, "delta": 8.068713}}
{"target": -2.1754562418900583, "params": {"C": 58.99045869317809, "epsilon": 1.4813942392906956, "gamma": 0.07685730687560137}, "datetime": {"datetime": "2021-09-18 11:20:33", "elapsed": 1241.778216, "delta": 2.774632}}
{"target": -2.4516634239876653, "params": {"C": 51.07245978797802, "epsilon": 0.7534096911617993, "gamma": 0.2325637818153879}, "datetime": {"datetime": "2021-09-18 11:20:35", "elapsed": 1244.459392, "delta": 2.681176}}
{"target": -2.0640157940994555, "params": {"C": 70.48540399803238, "epsilon": 0.5806147151347447, "gamma": 0.06019281896203597}, "datetime": {"datetime": "2021-09-18 11:20:43", "elapsed": 1251.854208, "delta": 7.394816}}
{"target": -2.056853707781726, "params": {"C": 92.7611175940723, "epsilon": 0.1140042570065655, "gamma": 0.07794783806213391}, "datetime": {"datetime": "2021-09-18 11:20:52", "elapsed": 1260.838165, "delta": 8.983957}}
{"target": -2.168017276935674, "params": {"C": 70.53639207085878, "epsilon": 0.5500065953762615, "gamma": 0.12668485655409162}, "datetime": {"datetime": "2021-09-18 11:20:59", "elapsed": 1268.374221, "delta": 7.536056}}
{"target": -2.085762111024386, "params": {"C": 97.5297177676332, "epsilon": 0.5982093410550885, "gamma": 0.08552645091127598}, "datetime": {"datetime": "2021-09-18 11:21:07", "elapsed": 1276.20356, "delta": 7.829339}}
{"target": -2.137459376010474, "params": {"C": 68.66816481529989, "epsilon": 0.54172862126004, "gamma": 0.10890708081682048}, "datetime": {"datetime": "2021-09-18 11:21:13", "elapsed": 1281.960663, "delta": 5.757103}}
{"target": -2.1087539962429487, "params": {"C": 68.84632364311838, "epsilon": 0.20621025668683815, "gamma": 0.09754303511757553}, "datetime": {"datetime": "2021-09-18 11:21:18", "elapsed": 1287.231592, "delta": 5.270929}}
{"target": -2.0942325070788876, "params": {"C": 70.70579994141681, "epsilon": 0.40280029954797825, "gamma": 0.08882769690602152}, "datetime": {"datetime": "2021-09-18 11:21:29", "elapsed": 1298.137574, "delta": 10.905982}}
{"target": -2.178745075687238, "params": {"C": 77.50335770726466, "epsilon": 0.6134275809551873, "gamma": 0.12807941533029304}, "datetime": {"datetime": "2021-09-18 11:21:38", "elapsed": 1307.466327, "delta": 9.328753}}
{"target": -2.084277809583725, "params": {"C": 62.438882402430885, "epsilon": 0.4239943673716437, "gamma": 0.04638427355919295}, "datetime": {"datetime": "2021-09-18 11:21:45", "elapsed": 1313.835729, "delta": 6.369402}}
{"target": -2.1439654342479897, "params": {"C": 70.39036666391289, "epsilon": 0.518891037054538, "gamma": 0.11352821880621998}, "datetime": {"datetime": "2021-09-18 11:21:50", "elapsed": 1318.869723, "delta": 5.033994}}
{"target": -2.039636316214817, "params": {"C": 69.11430183067566, "epsilon": 0.34696961172653623, "gamma": 0.05789341460579311}, "datetime": {"datetime": "2021-09-18 11:21:56", "elapsed": 1325.406734, "delta": 6.537011}}
{"target": -2.2076531646801167, "params": {"C": 77.44212358355807, "epsilon": 0.7404889242952665, "gamma": 0.032124249320563396}, "datetime": {"datetime": "2021-09-18 11:22:08", "elapsed": 1336.791959, "delta": 11.385225}}
{"target": -2.1534446208260816, "params": {"C": 75.51973649980785, "epsilon": 0.39940348668958625, "gamma": 0.033355973558982496}, "datetime": {"datetime": "2021-09-18 11:22:15", "elapsed": 1344.552834, "delta": 7.760875}}
{"target": -2.0404846872061753, "params": {"C": 70.43609995692583, "epsilon": 0.43402015476211175, "gamma": 0.06765759571642743}, "datetime": {"datetime": "2021-09-18 11:22:20", "elapsed": 1349.724265, "delta": 5.171431}}
{"target": -2.288833785854523, "params": {"C": 69.0102474593395, "epsilon": 0.4623425777833819, "gamma": 0.020852142737874033}, "datetime": {"datetime": "2021-09-18 11:22:28", "elapsed": 1356.756406, "delta": 7.032141}}
{"target": -2.059884539635236, "params": {"C": 71.75319804232316, "epsilon": 0.33911186293093, "gamma": 0.05000343124452035}, "datetime": {"datetime": "2021-09-18 11:46:05", "elapsed": 0.0, "delta": 0.0}}
{"target": -2.0763995291737847, "params": {"C": 70.72099315368656, "epsilon": 0.0706817569024089, "gamma": 0.052770157843063936}, "datetime": {"datetime": "2021-09-18 11:46:05", "elapsed": 0.055986, "delta": 0.055986}}
{"target": -2.0178023965860286, "params": {"C": 69.67634190239903, "epsilon": 0.16372242025614633, "gamma": 0.0619030242269201}, "datetime": {"datetime": "2021-09-18 11:46:05", "elapsed": 0.110024, "delta": 0.054038}}
{"target": -2.028408975429213, "params": {"C": 72.84935060603021, "epsilon": 0.19818303274074195, "gamma": 0.07055658501190279}, "datetime": {"datetime": "2021-09-18 11:46:05", "elapsed": 0.166991, "delta": 0.056967}}
{"target": -2.055052085014276, "params": {"C": 69.84007024758365, "epsilon": 0.41295896023096246, "gamma": 0.05082162779593779}, "datetime": {"datetime": "2021-09-18 11:46:05", "elapsed": 0.212992, "delta": 0.046001}}
{"target": -2.042146762746622, "params": {"C": 71.382563426879, "epsilon": 0.37166315439218, "gamma": 0.07323340706285862}, "datetime": {"datetime": "2021-09-18 11:46:05", "elapsed": 0.316033, "delta": 0.103041}}
{"target": -2.037767065117901, "params": {"C": 72.79068128285675, "epsilon": 0.3704957161197656, "gamma": 0.05524699324342244}, "datetime": {"datetime": "2021-09-18 11:46:05", "elapsed": 0.405027, "delta": 0.088994}}
{"target": -2.0286866230118785, "params": {"C": 69.5967668840677, "epsilon": 0.062155727704006944, "gamma": 0.06422439835432288}, "datetime": {"datetime": "2021-09-18 11:46:05", "elapsed": 0.662038, "delta": 0.257011}}
{"target": -2.0518103209958136, "params": {"C": 70.04763381204202, "epsilon": 0.07481611877768576, "gamma": 0.07841910353231502}, "datetime": {"datetime": "2021-09-18 11:46:05", "elapsed": 0.78099, "delta": 0.118952}}
{"target": -2.038942657947253, "params": {"C": 74.53630446693099, "epsilon": 0.3429904224821238, "gamma": 0.05584064094746826}, "datetime": {"datetime": "2021-09-18 11:46:05", "elapsed": 0.87999, "delta": 0.099}}
{"target": -2.045766296545908, "params": {"C": 69.55440443110047, "epsilon": 0.24349936291659355, "gamma": 0.07830365212621258}, "datetime": {"datetime": "2021-09-18 11:46:06", "elapsed": 1.116983, "delta": 0.236993}}
