{"target": 0.8296014842416845, "params": {"C": 77.56480710985127, "epsilon": 3.608574628312662, "gamma": 0.19189874508311042}, "datetime": {"datetime": "2021-09-18 12:50:37", "elapsed": 1513.653483, "delta": 5.342858}}
{"target": 0.8734423815881239, "params": {"C": 22.00692560745134, "epsilon": 1.880051287117384, "gamma": 0.12425389849080212}, "datetime": {"datetime": "2021-09-18 12:50:43", "elapsed": 1519.287227, "delta": 5.633744}}
{"target": 0.7368814761215692, "params": {"C": 98.54875114279893, "epsilon": 1.3378807414095302, "gamma": 0.6391527759550035}, "datetime": {"datetime": "2021-09-18 12:50:48", "elapsed": 1524.45234, "delta": 5.165113}}
{"target": 0.6521541038939713, "params": {"C": 60.16059260897029, "epsilon": 0.8242040834344778, "gamma": 0.9470094921194072}, "datetime": {"datetime": "2021-09-18 12:50:53", "elapsed": 1529.656066, "delta": 5.203726}}
{"target": 0.6542320224327683, "params": {"C": 38.876900750684065, "epsilon": 9.316312306607648, "gamma": 0.04298639037447219}, "datetime": {"datetime": "2021-09-18 12:50:58", "elapsed": 1534.777817, "delta": 5.121751}}
{"target": 0.844909780551937, "params": {"C": 27.359749511083198, "epsilon": 1.7973648660804877, "gamma": 0.021245176913524868}, "datetime": {"datetime": "2021-09-18 12:51:03", "elapsed": 1539.942746, "delta": 5.164929}}
{"target": 0.8726684790971737, "params": {"C": 30.540478853415788, "epsilon": 1.6757323094744723, "gamma": 0.05683273143909286}, "datetime": {"datetime": "2021-09-18 12:51:11", "elapsed": 1546.973037, "delta": 7.030291}}
{"target": 0.46864460410918307, "params": {"C": 53.9638922113446, "epsilon": 2.5889035734322206, "gamma": 0.0001}, "datetime": {"datetime": "2021-09-18 12:51:17", "elapsed": 1553.288873, "delta": 6.315836}}
{"target": 0.7954574612406284, "params": {"C": 55.17614852817664, "epsilon": 1.8873247727736833, "gamma": 0.4236999767853999}, "datetime": {"datetime": "2021-09-18 12:51:22", "elapsed": 1558.605699, "delta": 5.316826}}
{"target": 0.768295810435004, "params": {"C": 52.95086519088661, "epsilon": 3.220313864148747, "gamma": 0.4081692552634625}, "datetime": {"datetime": "2021-09-18 12:51:30", "elapsed": 1566.737894, "delta": 8.132195}}
{"target": 0.6441826151624677, "params": {"C": 61.19299214669631, "epsilon": 3.252996339464738, "gamma": 0.7883315922041537}, "datetime": {"datetime": "2021-09-18 12:51:35", "elapsed": 1571.873914, "delta": 5.13602}}
{"target": 0.35598548795070284, "params": {"C": 55.72514271545449, "epsilon": 8.06915675486096, "gamma": 0.0001}, "datetime": {"datetime": "2021-09-18 12:51:41", "elapsed": 1577.312869, "delta": 5.438955}}
{"target": 0.8757792626411761, "params": {"C": 56.57931115340485, "epsilon": 3.3550260995156806, "gamma": 0.08906685116654076}, "datetime": {"datetime": "2021-09-18 12:51:48", "elapsed": 1584.200922, "delta": 6.888053}}
{"target": 0.3504728971466148, "params": {"C": 29.240095067935762, "epsilon": 2.887301803577615, "gamma": 0.0001}, "datetime": {"datetime": "2021-09-18 12:51:53", "elapsed": 1589.736563, "delta": 5.535641}}
{"target": 0.8904220682584824, "params": {"C": 61.51016351901701, "epsilon": 1.6390049370782527, "gamma": 0.12734933706424015}, "datetime": {"datetime": "2021-09-18 12:52:02", "elapsed": 1598.677156, "delta": 8.940593}}
{"target": 0.8641442460769257, "params": {"C": 29.801894185237668, "epsilon": 2.0648074159360155, "gamma": 0.19052291818181752}, "datetime": {"datetime": "2021-09-18 12:52:08", "elapsed": 1604.320193, "delta": 5.643037}}
{"target": 0.1660211787977135, "params": {"C": 9.60780603246328, "epsilon": 0.6581857464587746, "gamma": 0.0001}, "datetime": {"datetime": "2021-09-18 12:52:13", "elapsed": 1609.787408, "delta": 5.467215}}
{"target": 0.6562593561370007, "params": {"C": 10.12520137029471, "epsilon": 1.880294516213557, "gamma": 0.5159045767512873}, "datetime": {"datetime": "2021-09-18 12:52:25", "elapsed": 1621.181565, "delta": 11.394157}}
{"target": 0.8844642675341732, "params": {"C": 74.96524303434141, "epsilon": 2.384437194942055, "gamma": 0.1327607949339727}, "datetime": {"datetime": "2021-09-18 12:52:31", "elapsed": 1627.876803, "delta": 6.695238}}
{"target": 0.5078729388070997, "params": {"C": 85.76991995122462, "epsilon": 4.619448002902929, "gamma": 0.0001}, "datetime": {"datetime": "2021-09-18 12:52:37", "elapsed": 1633.52373, "delta": 5.646927}}
{"target": 0.8557104669926399, "params": {"C": 64.46336687707947, "epsilon": 4.9349006965706925, "gamma": 0.03524656706478801}, "datetime": {"datetime": "2021-09-18 12:52:44", "elapsed": 1640.460525, "delta": 6.936795}}
{"target": 0.8905260456456192, "params": {"C": 54.71325738692822, "epsilon": 1.4957815459189134, "gamma": 0.09115252068864244}, "datetime": {"datetime": "2021-09-18 12:52:54", "elapsed": 1650.602875, "delta": 10.14235}}
{"target": 0.8502941339779969, "params": {"C": 64.03895277250118, "epsilon": 0.507652410943073, "gamma": 0.01639378061351783}, "datetime": {"datetime": "2021-09-18 12:53:00", "elapsed": 1656.212217, "delta": 5.609342}}
{"target": 0.8400847747571492, "params": {"C": 52.57381028751356, "epsilon": 1.1505277090319501, "gamma": 0.015705843020712713}, "datetime": {"datetime": "2021-09-18 12:53:05", "elapsed": 1661.766343, "delta": 5.554126}}
{"target": 0.8779002389147942, "params": {"C": 51.13312605449097, "epsilon": 1.0815362401626851, "gamma": 0.049092003552849095}, "datetime": {"datetime": "2021-09-18 12:53:11", "elapsed": 1667.0906, "delta": 5.324257}}
{"target": 0.4529929499945107, "params": {"C": 54.166274644439696, "epsilon": 3.8243554897964156, "gamma": 0.0001}, "datetime": {"datetime": "2021-09-18 12:53:17", "elapsed": 1673.863635, "delta": 6.773035}}
{"target": 0.7013766080552867, "params": {"C": 9.672117030793991, "epsilon": 2.2642533476429754, "gamma": 0.00462467075055073}, "datetime": {"datetime": "2021-09-18 12:53:23", "elapsed": 1679.443675, "delta": 5.58004}}
{"target": 0.8554454407811956, "params": {"C": 82.56310172789128, "epsilon": 3.941024649263389, "gamma": 0.023783586126814287}, "datetime": {"datetime": "2021-09-18 12:53:31", "elapsed": 1687.681677, "delta": 8.238002}}
{"target": 0.8415061205713732, "params": {"C": 54.4856604857741, "epsilon": 5.135475253614754, "gamma": 0.06553998002257591}, "datetime": {"datetime": "2021-09-18 12:53:37", "elapsed": 1693.53947, "delta": 5.857793}}
{"target": 0.8593271030968671, "params": {"C": 50.12600787554558, "epsilon": 1.0756424708457295, "gamma": 0.025411419512427782}, "datetime": {"datetime": "2021-09-18 12:53:44", "elapsed": 1700.788578, "delta": 7.249108}}
{"target": 0.4747229114346072, "params": {"C": 71.51828887085598, "epsilon": 4.957296842856112, "gamma": 0.0001}, "datetime": {"datetime": "2021-09-18 12:53:50", "elapsed": 1706.273177, "delta": 5.484599}}
{"target": 0.8232714684997204, "params": {"C": 34.38170177296002, "epsilon": 0.6835027993252064, "gamma": 0.38588855678422457}, "datetime": {"datetime": "2021-09-18 12:53:55", "elapsed": 1711.355703, "delta": 5.082526}}
{"target": 0.7283808574770372, "params": {"C": 53.47611510648314, "epsilon": 1.002878341694423, "gamma": 0.6835464248098055}, "datetime": {"datetime": "2021-09-18 12:54:02", "elapsed": 1718.433347, "delta": 7.077644}}
{"target": 0.8212949035015725, "params": {"C": 54.249295890374285, "epsilon": 0.12375450057983152, "gamma": 0.40970368193688017}, "datetime": {"datetime": "2021-09-18 12:54:08", "elapsed": 1724.16353, "delta": 5.730183}}
{"target": 0.7263782770834861, "params": {"C": 76.39788956127393, "epsilon": 3.5706203665320757, "gamma": 0.5064760410220741}, "datetime": {"datetime": "2021-09-18 12:54:14", "elapsed": 1730.778085, "delta": 6.614555}}
{"target": 0.8773501379560134, "params": {"C": 98.84756096819184, "epsilon": 3.9745735286409762, "gamma": 0.06277675858535392}, "datetime": {"datetime": "2021-09-18 12:54:21", "elapsed": 1737.916562, "delta": 7.138477}}
{"target": 0.7609791665961707, "params": {"C": 11.711128157517827, "epsilon": 0.01872283855203582, "gamma": 0.00693346303740218}, "datetime": {"datetime": "2021-09-18 12:54:27", "elapsed": 1743.796029, "delta": 5.879467}}
{"target": 0.6856106197396701, "params": {"C": 74.31220122853583, "epsilon": 1.5270991093992083, "gamma": 0.7917874995641719}, "datetime": {"datetime": "2021-09-18 12:54:35", "elapsed": 1751.21796, "delta": 7.421931}}
{"target": 0.22056241453045655, "params": {"C": 13.938227199335511, "epsilon": 0.8127746757857045, "gamma": 0.0001}, "datetime": {"datetime": "2021-09-18 12:54:47", "elapsed": 1763.472737, "delta": 12.254777}}
{"target": 0.7565287400263077, "params": {"C": 54.86849172990198, "epsilon": 2.747359416596011, "gamma": 0.4848275900536659}, "datetime": {"datetime": "2021-09-18 12:54:53", "elapsed": 1769.09364, "delta": 5.620903}}
{"target": 0.7917947148066091, "params": {"C": 74.15259143376895, "epsilon": 3.85613809144065, "gamma": 0.2758206440285493}, "datetime": {"datetime": "2021-09-18 12:55:00", "elapsed": 1776.102375, "delta": 7.008735}}
{"target": 0.6026333939656063, "params": {"C": 70.75917161741663, "epsilon": 3.126438756534897, "gamma": 0.943342094582074}, "datetime": {"datetime": "2021-09-18 12:55:05", "elapsed": 1781.511172, "delta": 5.408797}}
{"target": 0.727539060250807, "params": {"C": 63.89972481081962, "epsilon": 1.1965355023845494, "gamma": 0.6753350102064696}, "datetime": {"datetime": "2021-09-18 12:55:12", "elapsed": 1788.430665, "delta": 6.919493}}
{"target": 0.49620063181276386, "params": {"C": 88.53043468394758, "epsilon": 5.773668429881459, "gamma": 1.0}, "datetime": {"datetime": "2021-09-18 12:55:18", "elapsed": 1794.287599, "delta": 5.856934}}
{"target": 0.8301964688748324, "params": {"C": 58.64189375500265, "epsilon": 2.383368001932062, "gamma": 0.00874610367059887}, "datetime": {"datetime": "2021-09-18 12:55:26", "elapsed": 1802.350473, "delta": 8.062874}}
{"target": 0.44378959632457193, "params": {"C": 45.935007415328705, "epsilon": 1.9384947525825635, "gamma": 0.0001}, "datetime": {"datetime": "2021-09-18 12:55:33", "elapsed": 1809.127858, "delta": 6.777385}}
{"target": 0.607014068487691, "params": {"C": 12.670332021499211, "epsilon": 1.3898092291524224, "gamma": 0.7403398875479963}, "datetime": {"datetime": "2021-09-18 12:55:40", "elapsed": 1816.398055, "delta": 7.270197}}
{"target": 0.8183071329564403, "params": {"C": 20.354618650254675, "epsilon": 4.093993006724003, "gamma": 0.024382623785188844}, "datetime": {"datetime": "2021-09-18 12:55:48", "elapsed": 1824.663831, "delta": 8.265776}}
{"target": -0.17055669730731293, "params": {"C": 14.548461803523214, "epsilon": 19.97689590681473, "gamma": 0.12451015509087551}, "datetime": {"datetime": "2021-09-18 12:55:56", "elapsed": 1831.970132, "delta": 7.306301}}
{"target": 0.5527705308053011, "params": {"C": 83.52895750289031, "epsilon": 5.131789416755519, "gamma": 0.8836114208395919}, "datetime": {"datetime": "2021-09-18 12:56:02", "elapsed": 1838.675126, "delta": 6.704994}}
{"target": 0.8668506625022667, "params": {"C": 73.05685820119413, "epsilon": 0.04385975419463433, "gamma": 0.03746355164855005}, "datetime": {"datetime": "2021-09-18 12:56:09", "elapsed": 1845.518154, "delta": 6.843028}}
{"target": 0.800340546045915, "params": {"C": 70.43208758907004, "epsilon": 6.409577446618169, "gamma": 0.024616191136305962}, "datetime": {"datetime": "2021-09-18 12:56:16", "elapsed": 1852.339586, "delta": 6.821432}}
{"target": 0.7940527981486688, "params": {"C": 77.69277233266695, "epsilon": 1.8236095035138287, "gamma": 0.4300646128577098}, "datetime": {"datetime": "2021-09-18 12:56:25", "elapsed": 1861.867238, "delta": 9.527652}}
{"target": 0.7834414869629751, "params": {"C": 42.49325523305309, "epsilon": 0.022863109341109224, "gamma": 0.5399330955857315}, "datetime": {"datetime": "2021-09-18 12:56:31", "elapsed": 1867.682476, "delta": 5.815238}}
{"target": 0.45792828968370614, "params": {"C": 56.66766026447854, "epsilon": 0.0001, "gamma": 0.0001}, "datetime": {"datetime": "2021-09-18 12:56:38", "elapsed": 1874.361532, "delta": 6.679056}}
{"target": 0.2254622330367123, "params": {"C": 74.89486420479301, "epsilon": 12.431591838648838, "gamma": 0.0001}, "datetime": {"datetime": "2021-09-18 12:56:44", "elapsed": 1880.316689, "delta": 5.955157}}
{"target": 0.5273657633969344, "params": {"C": 82.61771011905559, "epsilon": 1.234930512968381, "gamma": 0.0001015958377663074}, "datetime": {"datetime": "2021-09-18 12:56:51", "elapsed": 1887.757352, "delta": 7.440663}}
{"target": 0.8796849271930012, "params": {"C": 66.21086029712319, "epsilon": 2.992226042922369, "gamma": 0.04836508843190648}, "datetime": {"datetime": "2021-09-18 12:56:57", "elapsed": 1893.603598, "delta": 5.846246}}
{"target": 0.6387045404346687, "params": {"C": 96.8926848948905, "epsilon": 1.401120505747237, "gamma": 0.960786301415825}, "datetime": {"datetime": "2021-09-18 12:57:05", "elapsed": 1901.49197, "delta": 7.888372}}
{"target": 0.8236659145600297, "params": {"C": 55.094575686359406, "epsilon": 0.5656982658673935, "gamma": 0.3850292299344303}, "datetime": {"datetime": "2021-09-18 12:57:13", "elapsed": 1909.26369, "delta": 7.77172}}
{"target": 0.007785941674364305, "params": {"C": 64.7936526056946, "epsilon": 14.730847888100259, "gamma": 0.9998454479079075}, "datetime": {"datetime": "2021-09-18 12:57:20", "elapsed": 1916.566241, "delta": 7.302551}}
{"target": 0.8940731497702867, "params": {"C": 89.91241859146182, "epsilon": 2.496295302001592, "gamma": 0.09376959382781964}, "datetime": {"datetime": "2021-09-18 12:57:28", "elapsed": 1924.165453, "delta": 7.599212}}
{"target": 0.41690188877180234, "params": {"C": 10.394360772717492, "epsilon": 5.658728810149864, "gamma": 1.0}, "datetime": {"datetime": "2021-09-18 12:57:35", "elapsed": 1931.560757, "delta": 7.395304}}
{"target": 0.7806288579068098, "params": {"C": 86.11763138940715, "epsilon": 7.56581425109248, "gamma": 0.02847897765540226}, "datetime": {"datetime": "2021-09-18 12:57:41", "elapsed": 1937.849759, "delta": 6.289002}}
{"target": 0.8203978010898338, "params": {"C": 95.94420309453623, "epsilon": 3.5170296435805968, "gamma": 0.008285269725267871}, "datetime": {"datetime": "2021-09-18 12:57:50", "elapsed": 1946.713759, "delta": 8.864}}
{"target": 0.36732224015416504, "params": {"C": 42.332457136464406, "epsilon": 8.427322047971417, "gamma": 1.0}, "datetime": {"datetime": "2021-09-18 12:57:56", "elapsed": 1952.532764, "delta": 5.819005}}
{"target": 0.6984176385458776, "params": {"C": 76.22189708756483, "epsilon": 0.0001, "gamma": 0.8122042550684044}, "datetime": {"datetime": "2021-09-18 12:58:04", "elapsed": 1960.248754, "delta": 7.71599}}
{"target": 0.5571522324589478, "params": {"C": 77.47333785878857, "epsilon": 4.130916215028999, "gamma": 1.0}, "datetime": {"datetime": "2021-09-18 12:58:10", "elapsed": 1966.313727, "delta": 6.064973}}
{"target": -0.03629522531297158, "params": {"C": 16.81026938655549, "epsilon": 17.387255382479736, "gamma": 0.0001}, "datetime": {"datetime": "2021-09-18 12:58:19", "elapsed": 1975.606721, "delta": 9.292994}}
{"target": 0.5324826367403654, "params": {"C": 81.99661998511203, "epsilon": 2.983260424123347, "gamma": 0.0001}, "datetime": {"datetime": "2021-09-18 12:58:25", "elapsed": 1981.397088, "delta": 5.790367}}
{"target": 0.8728038116730934, "params": {"C": 80.57976292496872, "epsilon": 3.012683215730394, "gamma": 0.12839892687180632}, "datetime": {"datetime": "2021-09-18 12:58:31", "elapsed": 1987.504205, "delta": 6.107117}}
{"target": 0.6925925524158631, "params": {"C": 90.22346919263735, "epsilon": 2.704535066551007, "gamma": 0.6844563399471204}, "datetime": {"datetime": "2021-09-18 12:58:42", "elapsed": 1998.079307, "delta": 10.575102}}
{"target": 0.4682418264795105, "params": {"C": 79.75600045363649, "epsilon": 6.032128792255512, "gamma": 0.0001}, "datetime": {"datetime": "2021-09-18 12:58:48", "elapsed": 2004.289912, "delta": 6.210605}}
{"target": 0.8924764592544562, "params": {"C": 55.78356249760566, "epsilon": 0.5952977771471805, "gamma": 0.07668719072083818}, "datetime": {"datetime": "2021-09-18 12:58:54", "elapsed": 2010.893825, "delta": 6.603913}}
{"target": 0.799009105112219, "params": {"C": 80.99756230995973, "epsilon": 2.6172344201600763, "gamma": 0.35681412573838145}, "datetime": {"datetime": "2021-09-18 12:59:01", "elapsed": 2017.322461, "delta": 6.428636}}
{"target": 0.7585864049607357, "params": {"C": 80.03242247679344, "epsilon": 4.233100072299161, "gamma": 0.0023379830145744684}, "datetime": {"datetime": "2021-09-18 12:59:07", "elapsed": 2023.455126, "delta": 6.132665}}
{"target": 0.721131995287499, "params": {"C": 84.6145684839013, "epsilon": 0.03226833766067421, "gamma": 0.7342958967640454}, "datetime": {"datetime": "2021-09-18 12:59:15", "elapsed": 2031.525087, "delta": 8.069961}}
{"target": 0.4043217370016676, "params": {"C": 40.61095170114118, "epsilon": 0.6314614197972984, "gamma": 0.0001}, "datetime": {"datetime": "2021-09-18 12:59:24", "elapsed": 2040.268739, "delta": 8.743652}}
{"target": 0.451713010833265, "params": {"C": 71.13854272061295, "epsilon": 6.246616339204404, "gamma": 0.0001}, "datetime": {"datetime": "2021-09-18 12:59:32", "elapsed": 2048.455393, "delta": 8.186654}}
{"target": 0.8702397965381614, "params": {"C": 41.173469084578436, "epsilon": 1.7210757378984964, "gamma": 0.045704853338193956}, "datetime": {"datetime": "2021-09-18 12:59:39", "elapsed": 2055.241727, "delta": 6.786334}}
{"target": 0.6745115201986749, "params": {"C": 70.00881837589749, "epsilon": 5.486833119087224, "gamma": 0.4477198301866801}, "datetime": {"datetime": "2021-09-18 12:59:45", "elapsed": 2061.828693, "delta": 6.586966}}
{"target": 0.8654901099459433, "params": {"C": 39.557475138591535, "epsilon": 1.0191128919469703, "gamma": 0.03300244715478524}, "datetime": {"datetime": "2021-09-18 12:59:52", "elapsed": 2068.119733, "delta": 6.29104}}
{"target": 0.7973514003943433, "params": {"C": 72.57841889696205, "epsilon": 6.395122254504092, "gamma": 0.0734459742870198}, "datetime": {"datetime": "2021-09-18 12:59:58", "elapsed": 2074.309729, "delta": 6.189996}}
{"target": 0.6815974561764091, "params": {"C": 57.25456558679747, "epsilon": 0.6633547590474259, "gamma": 0.8541584161639171}, "datetime": {"datetime": "2021-09-18 13:00:06", "elapsed": 2082.438611, "delta": 8.128882}}
{"target": 0.8658761816545567, "params": {"C": 72.2920162790336, "epsilon": 0.6434711055261308, "gamma": 0.02618535168125682}, "datetime": {"datetime": "2021-09-18 13:00:13", "elapsed": 2089.301648, "delta": 6.863037}}
{"target": 0.7834161331393097, "params": {"C": 69.70785927311329, "epsilon": 7.099842899535968, "gamma": 0.053014454760529094}, "datetime": {"datetime": "2021-09-18 13:00:24", "elapsed": 2100.403605, "delta": 11.101957}}
{"target": 0.8067137892841536, "params": {"C": 78.27754330830449, "epsilon": 6.488827784298374, "gamma": 0.02878985598321516}, "datetime": {"datetime": "2021-09-18 13:00:31", "elapsed": 2107.807245, "delta": 7.40364}}
{"target": 0.6947698219577094, "params": {"C": 68.4337616072749, "epsilon": 7.204977396344556, "gamma": 0.17002965060854636}, "datetime": {"datetime": "2021-09-18 13:00:38", "elapsed": 2114.061242, "delta": 6.253997}}
{"target": 0.6324114123925808, "params": {"C": 41.61225106666867, "epsilon": 2.2650849586574493, "gamma": 0.9179086519232152}, "datetime": {"datetime": "2021-09-18 13:00:44", "elapsed": 2120.704574, "delta": 6.643332}}
{"target": 0.637061705576873, "params": {"C": 98.90295484101695, "epsilon": 3.4352556419077924, "gamma": 0.7942643761120919}, "datetime": {"datetime": "2021-09-18 13:00:57", "elapsed": 2133.015044, "delta": 12.31047}}
{"target": 0.3947811822270857, "params": {"C": 69.28166207969339, "epsilon": 7.888004734436476, "gamma": 0.9998533541111511}, "datetime": {"datetime": "2021-09-18 13:01:05", "elapsed": 2141.46965, "delta": 8.454606}}
{"target": 0.8512731591960266, "params": {"C": 85.13718656364424, "epsilon": 2.566497031963469, "gamma": 0.02610204848205773}, "datetime": {"datetime": "2021-09-18 13:01:13", "elapsed": 2149.33261, "delta": 7.86296}}
{"target": 0.8304255100982794, "params": {"C": 75.40727395072928, "epsilon": 3.90872514365509, "gamma": 0.015549967627140544}, "datetime": {"datetime": "2021-09-18 13:01:20", "elapsed": 2156.068295, "delta": 6.735685}}
{"target": 0.6103377538613635, "params": {"C": 64.60270627181046, "epsilon": 5.339728219214877, "gamma": 0.6631939996892776}, "datetime": {"datetime": "2021-09-18 13:01:29", "elapsed": 2165.471555, "delta": 9.40326}}
{"target": 0.48066591321523755, "params": {"C": 74.98689000892377, "epsilon": 5.025476139961568, "gamma": 0.0001}, "datetime": {"datetime": "2021-09-18 13:01:36", "elapsed": 2172.175665, "delta": 6.70411}}
{"target": 0.6772728869157733, "params": {"C": 58.291434575303526, "epsilon": 2.400390283215639, "gamma": 0.755334660860888}, "datetime": {"datetime": "2021-09-18 13:01:42", "elapsed": 2178.804864, "delta": 6.629199}}
{"target": 0.4437535728716735, "params": {"C": 47.375029024852424, "epsilon": 3.392073147065923, "gamma": 0.0001}, "datetime": {"datetime": "2021-09-18 13:01:52", "elapsed": 2188.268711, "delta": 9.463847}}
{"target": 0.5014454885945094, "params": {"C": 77.45560181504855, "epsilon": 0.46450798272127725, "gamma": 0.0001}, "datetime": {"datetime": "2021-09-18 13:01:59", "elapsed": 2195.655583, "delta": 7.386872}}
{"target": 0.8878441438263313, "params": {"C": 44.1219613907476, "epsilon": 0.012003522170295605, "gamma": 0.06581927916188787}, "datetime": {"datetime": "2021-09-18 13:02:09", "elapsed": 2205.558609, "delta": 9.903026}}
{"target": 0.8182746299886046, "params": {"C": 55.82215862515901, "epsilon": 5.194597638866139, "gamma": 0.10218286065727783}, "datetime": {"datetime": "2021-09-18 13:02:21", "elapsed": 2217.235647, "delta": 11.677038}}
{"target": 0.8732263492733173, "params": {"C": 58.43991355750504, "epsilon": 0.7083476095975175, "gamma": 0.040569423981506016}, "datetime": {"datetime": "2021-09-18 13:02:30", "elapsed": 2226.033245, "delta": 8.797598}}
