{"target": -11.236031452979297, "params": {"C": 60.11452812982158, "epsilon": 0.18968054278461552, "gamma": 0.10135896871169378}, "datetime": {"datetime": "2021-09-27 18:00:15", "elapsed": 95.462384, "delta": 1.075028}}
{"target": -11.1725067421226, "params": {"C": 39.52761176481967, "epsilon": 0.22006368511446303, "gamma": 0.11622839124621226}, "datetime": {"datetime": "2021-09-27 18:00:16", "elapsed": 96.433535, "delta": 0.971151}}
{"target": -11.02957673152105, "params": {"C": 39.74237387973522, "epsilon": 0.08153563592838545, "gamma": 0.10982128028466487}, "datetime": {"datetime": "2021-09-27 18:00:17", "elapsed": 97.158525, "delta": 0.72499}}
{"target": -10.585419436542717, "params": {"C": 20.568851205779225, "epsilon": 0.1636485111729014, "gamma": 0.04720165154481614}, "datetime": {"datetime": "2021-09-27 18:00:18", "elapsed": 98.129726, "delta": 0.971201}}
{"target": -11.73362973617448, "params": {"C": 70.17568355271531, "epsilon": 0.16269383231240295, "gamma": 0.11965116079730748}, "datetime": {"datetime": "2021-09-27 18:00:19", "elapsed": 99.509382, "delta": 1.379656}}
{"target": -10.827861857725573, "params": {"C": 31.903561362894308, "epsilon": 0.803383665390394, "gamma": 0.06170969651908883}, "datetime": {"datetime": "2021-09-27 18:00:20", "elapsed": 100.264474, "delta": 0.755092}}
{"target": -11.672679312593056, "params": {"C": 70.14675502970739, "epsilon": 0.4267973368921683, "gamma": 0.006703443327131157}, "datetime": {"datetime": "2021-09-27 18:00:21", "elapsed": 101.409126, "delta": 1.144652}}
{"target": -10.726399048204954, "params": {"C": 44.089608348999846, "epsilon": 0.2583313105562749, "gamma": 0.09253304496490967}, "datetime": {"datetime": "2021-09-27 18:00:22", "elapsed": 102.468519, "delta": 1.059393}}
{"target": -11.057511954027467, "params": {"C": 18.47734284526068, "epsilon": 0.24293232475940424, "gamma": 0.09750217665240829}, "datetime": {"datetime": "2021-09-27 18:00:23", "elapsed": 103.713521, "delta": 1.245002}}
{"target": -10.973587387153131, "params": {"C": 30.525475199667273, "epsilon": 0.04740985886422403, "gamma": 0.025659477885984362}, "datetime": {"datetime": "2021-09-27 18:00:24", "elapsed": 104.781175, "delta": 1.067654}}
{"target": -11.293510430837179, "params": {"C": 18.36233953917912, "epsilon": 0.32193598398629014, "gamma": 0.11336092088952737}, "datetime": {"datetime": "2021-09-27 18:00:25", "elapsed": 105.861166, "delta": 1.079991}}
{"target": -11.277792180165628, "params": {"C": 70.28281782025003, "epsilon": 0.12414712732009689, "gamma": 0.01503727819514496}, "datetime": {"datetime": "2021-09-27 18:00:26", "elapsed": 106.9124, "delta": 1.051234}}
{"target": -11.255687875693877, "params": {"C": 20.590639436808477, "epsilon": 0.2655753168671271, "gamma": 0.017123171999941726}, "datetime": {"datetime": "2021-09-27 18:00:27", "elapsed": 107.854396, "delta": 0.941996}}
{"target": -11.335993407883594, "params": {"C": 60.23265985294395, "epsilon": 0.31038462456986204, "gamma": 0.10417328520107623}, "datetime": {"datetime": "2021-09-27 18:00:29", "elapsed": 109.023443, "delta": 1.169047}}
{"target": -13.657928776225651, "params": {"C": 25.759141847787284, "epsilon": 0.23451979845432297, "gamma": 0.32633780227150416}, "datetime": {"datetime": "2021-09-27 18:00:29", "elapsed": 109.697445, "delta": 0.674002}}
{"target": -15.630732458588614, "params": {"C": 20.607016904711728, "epsilon": 0.0947750544343631, "gamma": 0.001}, "datetime": {"datetime": "2021-09-27 18:00:31", "elapsed": 111.079671, "delta": 1.382226}}
{"target": -11.23174831031947, "params": {"C": 90.53131949290525, "epsilon": 0.13365429218591843, "gamma": 0.09588377830902008}, "datetime": {"datetime": "2021-09-27 18:00:32", "elapsed": 112.14688, "delta": 1.067209}}
{"target": -11.055163699067904, "params": {"C": 39.66535447858006, "epsilon": 0.05626696737400031, "gamma": 0.022093688471490555}, "datetime": {"datetime": "2021-09-27 18:00:33", "elapsed": 113.128876, "delta": 0.981996}}
{"target": -13.82068373596792, "params": {"C": 62.866683809938564, "epsilon": 0.12869845417971135, "gamma": 0.2681727366000999}, "datetime": {"datetime": "2021-09-27 18:00:33", "elapsed": 113.928462, "delta": 0.799586}}
{"target": -11.019190040317117, "params": {"C": 44.0139232300739, "epsilon": 0.3294620974245984, "gamma": 0.10531040789074307}, "datetime": {"datetime": "2021-09-27 18:00:35", "elapsed": 115.452744, "delta": 1.524282}}
{"target": -11.14190165727339, "params": {"C": 26.156231408442597, "epsilon": 0.7668480228425297, "gamma": 0.02911220315167856}, "datetime": {"datetime": "2021-09-27 18:00:37", "elapsed": 116.956932, "delta": 1.504188}}
{"target": -10.728430032685853, "params": {"C": 20.498155410962728, "epsilon": 0.16609725798841743, "gamma": 0.07453611527014657}, "datetime": {"datetime": "2021-09-27 18:00:38", "elapsed": 118.20396, "delta": 1.247028}}
{"target": -12.290879413899592, "params": {"C": 13.588770077653667, "epsilon": 0.06510934850041333, "gamma": 0.17549543648703358}, "datetime": {"datetime": "2021-09-27 18:00:39", "elapsed": 118.966551, "delta": 0.762591}}
{"target": -10.995441430540428, "params": {"C": 44.11976701912286, "epsilon": 0.34818304451250714, "gamma": 0.10385162704915393}, "datetime": {"datetime": "2021-09-27 18:00:40", "elapsed": 120.09155, "delta": 1.124999}}
{"target": -13.95924483276131, "params": {"C": 14.364167919904201, "epsilon": 0.056370169175281926, "gamma": 0.3612691439231351}, "datetime": {"datetime": "2021-09-27 18:00:40", "elapsed": 120.839745, "delta": 0.748195}}
{"target": -12.761980879037848, "params": {"C": 7.939343267387619, "epsilon": 0.9748485251466372, "gamma": 0.16243016312753575}, "datetime": {"datetime": "2021-09-27 18:00:41", "elapsed": 121.499746, "delta": 0.660001}}
{"target": -12.819947739460282, "params": {"C": 26.73631557168405, "epsilon": 0.21594386437320973, "gamma": 0.24629216216240496}, "datetime": {"datetime": "2021-09-27 18:00:42", "elapsed": 122.217998, "delta": 0.718252}}
{"target": -10.106152978058462, "params": {"C": 63.917655957949876, "epsilon": 0.2009237544201255, "gamma": 0.06320969814922861}, "datetime": {"datetime": "2021-09-27 18:00:43", "elapsed": 123.31404, "delta": 1.096042}}
{"target": -11.261567838935523, "params": {"C": 63.94928142682322, "epsilon": 0.2770356536926146, "gamma": 0.10145459390170697}, "datetime": {"datetime": "2021-09-27 18:00:44", "elapsed": 124.662651, "delta": 1.348611}}
{"target": -11.6251064333541, "params": {"C": 6.040999431440344, "epsilon": 0.3020848983346559, "gamma": 0.04123715277721374}, "datetime": {"datetime": "2021-09-27 18:00:45", "elapsed": 125.414689, "delta": 0.752038}}
{"target": -14.726107207419298, "params": {"C": 63.902834544940745, "epsilon": 0.24016587692036717, "gamma": 0.001}, "datetime": {"datetime": "2021-09-27 18:00:46", "elapsed": 126.605931, "delta": 1.191242}}
{"target": -11.587048733509212, "params": {"C": 31.85591310560303, "epsilon": 0.763159787702265, "gamma": 0.13095488498269986}, "datetime": {"datetime": "2021-09-27 18:00:47", "elapsed": 127.662935, "delta": 1.057004}}
{"target": -12.089282847938888, "params": {"C": 64.21754515565371, "epsilon": 0.11611665904029593, "gamma": 0.004359179790651187}, "datetime": {"datetime": "2021-09-27 18:00:49", "elapsed": 128.952059, "delta": 1.289124}}
{"target": -12.503577559618392, "params": {"C": 16.801899467976895, "epsilon": 0.9066920424287551, "gamma": 0.20776638190539887}, "datetime": {"datetime": "2021-09-27 18:00:49", "elapsed": 129.637653, "delta": 0.685594}}
{"target": -11.287666487724564, "params": {"C": 20.52768428456871, "epsilon": 0.21053005763479765, "gamma": 0.01568532836433574}, "datetime": {"datetime": "2021-09-27 18:00:51", "elapsed": 130.971043, "delta": 1.33339}}
{"target": -10.605377382441477, "params": {"C": 39.61407464786488, "epsilon": 0.19765012539157278, "gamma": 0.08410917922133256}, "datetime": {"datetime": "2021-09-27 18:00:52", "elapsed": 132.361486, "delta": 1.390443}}
{"target": -12.177800217467135, "params": {"C": 63.892725884405536, "epsilon": 0.22204806271359145, "gamma": 0.14551738330676448}, "datetime": {"datetime": "2021-09-27 18:00:53", "elapsed": 133.642508, "delta": 1.281022}}
{"target": -11.332982790959893, "params": {"C": 20.322867616443837, "epsilon": 0.15021215780788658, "gamma": 0.11760788229920957}, "datetime": {"datetime": "2021-09-27 18:00:54", "elapsed": 134.787436, "delta": 1.144928}}
{"target": -10.941444189457805, "params": {"C": 64.01534081452792, "epsilon": 0.21670173978859025, "gamma": 0.09146489495098621}, "datetime": {"datetime": "2021-09-27 18:00:56", "elapsed": 135.936434, "delta": 1.148998}}
{"target": -10.480499236356364, "params": {"C": 44.18927469538338, "epsilon": 0.19861357206689695, "gamma": 0.07868047953355657}, "datetime": {"datetime": "2021-09-27 18:00:57", "elapsed": 137.444615, "delta": 1.508181}}
{"target": -11.335592436988266, "params": {"C": 70.15125213992224, "epsilon": 0.4209170387981415, "gamma": 0.01351212780805142}, "datetime": {"datetime": "2021-09-27 18:00:58", "elapsed": 138.154615, "delta": 0.71}}
{"target": -13.63741700896473, "params": {"C": 21.381930395189464, "epsilon": 0.6222588827370483, "gamma": 0.32169448671361056}, "datetime": {"datetime": "2021-09-27 18:00:58", "elapsed": 138.841238, "delta": 0.686623}}
{"target": -10.587228712396756, "params": {"C": 33.409942402303066, "epsilon": 0.3930870445736252, "gamma": 0.03630978631616954}, "datetime": {"datetime": "2021-09-27 18:01:00", "elapsed": 140.773525, "delta": 1.932287}}
{"target": -10.60822143749622, "params": {"C": 33.51018885412978, "epsilon": 0.3646755772786481, "gamma": 0.07637076134586838}, "datetime": {"datetime": "2021-09-27 18:01:02", "elapsed": 142.102532, "delta": 1.329007}}
{"target": -10.72021449969693, "params": {"C": 33.54760247309246, "epsilon": 0.2749375513159758, "gamma": 0.08687204470684529}, "datetime": {"datetime": "2021-09-27 18:01:03", "elapsed": 143.284885, "delta": 1.182353}}
{"target": -12.395210528922334, "params": {"C": 17.669655036387205, "epsilon": 0.3731725842268857, "gamma": 0.18338393274088025}, "datetime": {"datetime": "2021-09-27 18:01:04", "elapsed": 144.01728, "delta": 0.732395}}
{"target": -12.02489612281476, "params": {"C": 33.477158509632744, "epsilon": 0.36536911919903065, "gamma": 0.16303857567438393}, "datetime": {"datetime": "2021-09-27 18:01:05", "elapsed": 145.15159, "delta": 1.13431}}
{"target": -13.781201189601514, "params": {"C": 12.59026788223068, "epsilon": 0.776128662970909, "gamma": 0.3074884719336126}, "datetime": {"datetime": "2021-09-27 18:01:05", "elapsed": 145.807583, "delta": 0.655993}}
{"target": -10.63841563622917, "params": {"C": 33.43056524189828, "epsilon": 0.4701806425765577, "gamma": 0.07532650755265015}, "datetime": {"datetime": "2021-09-27 18:01:07", "elapsed": 147.128177, "delta": 1.320594}}
{"target": -10.671899247311712, "params": {"C": 33.63823887395248, "epsilon": 0.3581210615145881, "gamma": 0.08244690841191847}, "datetime": {"datetime": "2021-09-27 18:01:08", "elapsed": 148.893317, "delta": 1.76514}}
{"target": -11.531079749463323, "params": {"C": 33.60102401905547, "epsilon": 0.4370446331987463, "gamma": 0.1325032709896309}, "datetime": {"datetime": "2021-09-27 18:01:10", "elapsed": 150.432205, "delta": 1.538888}}
{"target": -13.015696908405932, "params": {"C": 23.911717052765646, "epsilon": 0.31722210191824973, "gamma": 0.27419587323482614}, "datetime": {"datetime": "2021-09-27 18:01:11", "elapsed": 151.270859, "delta": 0.838654}}
{"target": -14.358407358538052, "params": {"C": 54.99707321036683, "epsilon": 0.4596566296687124, "gamma": 0.37077437902187355}, "datetime": {"datetime": "2021-09-27 18:01:12", "elapsed": 151.975811, "delta": 0.704952}}
{"target": -10.51200534472311, "params": {"C": 33.589749130737324, "epsilon": 0.3588908752731029, "gamma": 0.040151459650628434}, "datetime": {"datetime": "2021-09-27 18:01:13", "elapsed": 153.224029, "delta": 1.248218}}
{"target": -11.837613914222448, "params": {"C": 41.31056710451084, "epsilon": 0.6650631783864145, "gamma": 0.008332235270921015}, "datetime": {"datetime": "2021-09-27 18:01:15", "elapsed": 155.041426, "delta": 1.817397}}
{"target": -11.295717692737185, "params": {"C": 33.610885501864146, "epsilon": 0.2533104328556435, "gamma": 0.12443652911830759}, "datetime": {"datetime": "2021-09-27 18:01:16", "elapsed": 156.465349, "delta": 1.423923}}
{"target": -10.927856141421133, "params": {"C": 31.83220803988252, "epsilon": 0.8644965610722611, "gamma": 0.03637212222148985}, "datetime": {"datetime": "2021-09-27 18:01:18", "elapsed": 158.156346, "delta": 1.690997}}
{"target": -13.871684124710118, "params": {"C": 14.198698449208154, "epsilon": 0.8124741358570378, "gamma": 0.321884815486489}, "datetime": {"datetime": "2021-09-27 18:01:19", "elapsed": 159.0096, "delta": 0.853254}}
{"target": -10.719032485293356, "params": {"C": 63.91661573441256, "epsilon": 0.16061969836978288, "gamma": 0.08666535793146615}, "datetime": {"datetime": "2021-09-27 18:01:21", "elapsed": 161.511677, "delta": 2.502077}}
{"target": -11.084385202882315, "params": {"C": 21.186040569327645, "epsilon": 0.9040119135070498, "gamma": 0.05979750552865609}, "datetime": {"datetime": "2021-09-27 18:01:22", "elapsed": 162.323633, "delta": 0.811956}}
{"target": -15.214087596916137, "params": {"C": 33.494519563975906, "epsilon": 0.3154937892758973, "gamma": 0.001}, "datetime": {"datetime": "2021-09-27 18:01:23", "elapsed": 163.897465, "delta": 1.573832}}
{"target": -11.033218505810238, "params": {"C": 33.64844063143432, "epsilon": 0.43053386300874763, "gamma": 0.023296489922677403}, "datetime": {"datetime": "2021-09-27 18:01:25", "elapsed": 165.284334, "delta": 1.386869}}
{"target": -12.98943519557394, "params": {"C": 70.15616776414772, "epsilon": 0.4356405939779471, "gamma": 0.002641664321178591}, "datetime": {"datetime": "2021-09-27 18:01:26", "elapsed": 166.071299, "delta": 0.786965}}
{"target": -10.119977016874067, "params": {"C": 98.07057977973221, "epsilon": 0.47409882135986325, "gamma": 0.04985111432270966}, "datetime": {"datetime": "2021-09-27 18:01:26", "elapsed": 166.910465, "delta": 0.839166}}
{"target": -11.425783696449484, "params": {"C": 41.296781224313186, "epsilon": 0.812656832602373, "gamma": 0.10978945909586241}, "datetime": {"datetime": "2021-09-27 18:01:28", "elapsed": 168.458034, "delta": 1.547569}}
{"target": -10.122935130161101, "params": {"C": 98.14053365599062, "epsilon": 0.4723633704931472, "gamma": 0.04953709445232828}, "datetime": {"datetime": "2021-09-27 18:01:29", "elapsed": 169.895217, "delta": 1.437183}}
{"target": -12.458796499451633, "params": {"C": 98.09521287352312, "epsilon": 0.45044998588726703, "gamma": 0.13722447440052765}, "datetime": {"datetime": "2021-09-27 18:01:32", "elapsed": 172.080762, "delta": 2.185545}}
{"target": -10.75916436326334, "params": {"C": 98.01522508595643, "epsilon": 0.43805371308083396, "gamma": 0.02692155472468293}, "datetime": {"datetime": "2021-09-27 18:01:33", "elapsed": 173.654532, "delta": 1.57377}}
{"target": -10.701391982667701, "params": {"C": 33.345311851438574, "epsilon": 0.4313933888421801, "gamma": 0.08194141273095985}, "datetime": {"datetime": "2021-09-27 18:01:35", "elapsed": 175.151678, "delta": 1.497146}}
{"target": -12.417586241418835, "params": {"C": 30.444091990364768, "epsilon": 0.09613708120170206, "gamma": 0.005078868665369769}, "datetime": {"datetime": "2021-09-27 18:01:36", "elapsed": 176.666451, "delta": 1.514773}}
{"target": -11.02438941837419, "params": {"C": 30.857171234416302, "epsilon": 0.07950253251211101, "gamma": 0.02304480865422713}, "datetime": {"datetime": "2021-09-27 18:01:37", "elapsed": 177.546431, "delta": 0.87998}}
{"target": -11.265902101003904, "params": {"C": 33.382778965226564, "epsilon": 0.4942721849128825, "gamma": 0.020514142588887316}, "datetime": {"datetime": "2021-09-27 18:01:39", "elapsed": 179.541288, "delta": 1.994857}}
{"target": -11.15426102122596, "params": {"C": 30.545605316237808, "epsilon": 0.05616505919452239, "gamma": 0.11350232194713818}, "datetime": {"datetime": "2021-09-27 18:01:41", "elapsed": 181.31447, "delta": 1.773182}}
{"target": -13.772201732597484, "params": {"C": 98.16166764237845, "epsilon": 0.4442126639986391, "gamma": 0.0015605294902400423}, "datetime": {"datetime": "2021-09-27 18:01:43", "elapsed": 183.107582, "delta": 1.793112}}
{"target": -10.512547519019694, "params": {"C": 30.518154039990854, "epsilon": 0.2417381477721975, "gamma": 0.0694484690408378}, "datetime": {"datetime": "2021-09-27 18:01:45", "elapsed": 185.184393, "delta": 2.076811}}
{"target": -11.046751063669523, "params": {"C": 98.94852271017878, "epsilon": 0.9341202083842344, "gamma": 0.023029700741388923}, "datetime": {"datetime": "2021-09-27 18:01:46", "elapsed": 186.295388, "delta": 1.110995}}
{"target": -10.668975847093632, "params": {"C": 98.12903068524277, "epsilon": 0.5738419988517516, "gamma": 0.0316252973194778}, "datetime": {"datetime": "2021-09-27 18:01:47", "elapsed": 187.816267, "delta": 1.520879}}
{"target": -10.492352516983946, "params": {"C": 64.07343624601114, "epsilon": 0.10586127921215197, "gamma": 0.08050723730174093}, "datetime": {"datetime": "2021-09-27 18:01:49", "elapsed": 189.618859, "delta": 1.802592}}
{"target": -11.145879711621157, "params": {"C": 40.518112472771286, "epsilon": 0.18213811992120713, "gamma": 0.013676483142383032}, "datetime": {"datetime": "2021-09-27 18:01:50", "elapsed": 190.713573, "delta": 1.094714}}
{"target": -11.292789865774616, "params": {"C": 70.14123361957792, "epsilon": 0.32834458687317386, "gamma": 0.013173776026140047}, "datetime": {"datetime": "2021-09-27 18:01:53", "elapsed": 193.191432, "delta": 2.477859}}
{"target": -11.60030443454709, "params": {"C": 33.57662312165971, "epsilon": 0.34608103825819175, "gamma": 0.13753979608822958}, "datetime": {"datetime": "2021-09-27 18:01:55", "elapsed": 195.413107, "delta": 2.221675}}
{"target": -10.607596564484268, "params": {"C": 98.10921656352433, "epsilon": 0.5302627571713641, "gamma": 0.06268808088577199}, "datetime": {"datetime": "2021-09-27 18:01:57", "elapsed": 197.32374, "delta": 1.910633}}
{"target": -11.355280643818304, "params": {"C": 33.50430788364232, "epsilon": 0.4826998584299018, "gamma": 0.12186794345891835}, "datetime": {"datetime": "2021-09-27 18:01:59", "elapsed": 199.615734, "delta": 2.291994}}
{"target": -11.94798178553316, "params": {"C": 39.56630951594495, "epsilon": 0.05164485666334079, "gamma": 0.1466664400558042}, "datetime": {"datetime": "2021-09-27 18:02:01", "elapsed": 201.888864, "delta": 2.27313}}
{"target": -10.31620184789741, "params": {"C": 41.909917051297874, "epsilon": 0.3162848889033705, "gamma": 0.060704672229454276}, "datetime": {"datetime": "2021-09-27 18:02:02", "elapsed": 202.925447, "delta": 1.036583}}
{"target": -10.410371855405586, "params": {"C": 41.84704217517374, "epsilon": 0.357685728075415, "gamma": 0.067680194493402}, "datetime": {"datetime": "2021-09-27 18:02:04", "elapsed": 204.473449, "delta": 1.548002}}
{"target": -10.688706349144693, "params": {"C": 98.17678003639864, "epsilon": 0.5180192158587319, "gamma": 0.06821987815137742}, "datetime": {"datetime": "2021-09-27 18:02:06", "elapsed": 206.445671, "delta": 1.972222}}
{"target": -11.50125373213078, "params": {"C": 63.65725742202544, "epsilon": 0.8355283980823781, "gamma": 0.11585350519639886}, "datetime": {"datetime": "2021-09-27 18:02:07", "elapsed": 207.50126, "delta": 1.055589}}
{"target": -13.832163263137328, "params": {"C": 57.35777473207895, "epsilon": 0.4573169541476184, "gamma": 0.28750641786640263}, "datetime": {"datetime": "2021-09-27 18:02:08", "elapsed": 208.58326, "delta": 1.082}}
{"target": -10.615175193380603, "params": {"C": 60.211851032896725, "epsilon": 0.1753958961038727, "gamma": 0.08535517904720881}, "datetime": {"datetime": "2021-09-27 18:02:10", "elapsed": 210.442544, "delta": 1.859284}}
{"target": -11.756321043430532, "params": {"C": 41.83280750600054, "epsilon": 0.394184340095802, "gamma": 0.1352670900581228}, "datetime": {"datetime": "2021-09-27 18:02:12", "elapsed": 212.182695, "delta": 1.740151}}
{"target": -10.933960421998517, "params": {"C": 18.562315330698414, "epsilon": 0.28896244216739697, "gamma": 0.08821071985960652}, "datetime": {"datetime": "2021-09-27 18:02:13", "elapsed": 213.723399, "delta": 1.540704}}
{"target": -10.484910993672306, "params": {"C": 97.57634097649236, "epsilon": 0.27795529335101393, "gamma": 0.0388890403702221}, "datetime": {"datetime": "2021-09-27 18:02:14", "elapsed": 214.803773, "delta": 1.080374}}
{"target": -13.01570608969462, "params": {"C": 53.65514691848485, "epsilon": 0.3354470204256309, "gamma": 0.0029488506225329083}, "datetime": {"datetime": "2021-09-27 18:02:15", "elapsed": 215.747776, "delta": 0.944003}}
{"target": -13.84046581756948, "params": {"C": 38.92746050192195, "epsilon": 0.7460325023037728, "gamma": 0.28207761245266827}, "datetime": {"datetime": "2021-09-27 18:02:16", "elapsed": 216.827645, "delta": 1.079869}}
{"target": -11.367570045968446, "params": {"C": 41.85350198266105, "epsilon": 0.302776577228272, "gamma": 0.010641616540517908}, "datetime": {"datetime": "2021-09-27 18:02:19", "elapsed": 219.027494, "delta": 2.199849}}
{"target": -11.06881468264211, "params": {"C": 20.58301616424582, "epsilon": 0.21346624268219522, "gamma": 0.09919780974825834}, "datetime": {"datetime": "2021-09-27 18:02:20", "elapsed": 220.756479, "delta": 1.728985}}
{"target": -10.484055244370868, "params": {"C": 41.94972992813866, "epsilon": 0.430818071339405, "gamma": 0.03744055429152129}, "datetime": {"datetime": "2021-09-27 18:02:22", "elapsed": 222.490799, "delta": 1.73432}}
{"target": -10.458843683317346, "params": {"C": 70.13570255851235, "epsilon": 0.37679194991103565, "gamma": 0.07562023705611091}, "datetime": {"datetime": "2021-09-27 18:02:24", "elapsed": 223.946989, "delta": 1.45619}}
{"target": -10.693004781582015, "params": {"C": 41.929265566510566, "epsilon": 0.3799802851751863, "gamma": 0.09135112623198312}, "datetime": {"datetime": "2021-09-27 18:02:25", "elapsed": 225.614734, "delta": 1.667745}}
