{"target": -15.03401406458423, "params": {"C": 558.9245481832036, "epsilon": 0.17049463706180856, "gamma": 0.16364189070093}, "datetime": {"datetime": "2021-09-27 18:01:15", "elapsed": 3.260655, "delta": 0.171003}}
{"target": -11.396630522717578, "params": {"C": 604.6338950221767, "epsilon": 0.5811823246123738, "gamma": 0.04953245144324743}, "datetime": {"datetime": "2021-09-27 18:01:15", "elapsed": 3.480648, "delta": 0.219993}}
{"target": -15.930879266438385, "params": {"C": 615.1219971330643, "epsilon": 0.9785223458839203, "gamma": 0.2216894843633092}, "datetime": {"datetime": "2021-09-27 18:01:15", "elapsed": 3.758658, "delta": 0.27801}}
{"target": -11.69358441901841, "params": {"C": 613.608347742634, "epsilon": 0.8746093506878518, "gamma": 0.0506769597955594}, "datetime": {"datetime": "2021-09-27 18:01:16", "elapsed": 4.02465, "delta": 0.265992}}
{"target": -15.865288942419934, "params": {"C": 533.1858629953501, "epsilon": 0.37532293383500875, "gamma": 0.2599099247630454}, "datetime": {"datetime": "2021-09-27 18:01:16", "elapsed": 4.210651, "delta": 0.186001}}
{"target": -10.789045067902537, "params": {"C": 674.8412383542188, "epsilon": 0.18168202628443642, "gamma": 0.022525332466747}, "datetime": {"datetime": "2021-09-27 18:01:16", "elapsed": 4.534574, "delta": 0.323923}}
{"target": -15.129556387765463, "params": {"C": 603.2128775854053, "epsilon": 0.907699600310323, "gamma": 0.13187885371526553}, "datetime": {"datetime": "2021-09-27 18:01:16", "elapsed": 4.730575, "delta": 0.196001}}
{"target": -10.627665601513996, "params": {"C": 615.217008411382, "epsilon": 0.850275922403912, "gamma": 0.03650088524943699}, "datetime": {"datetime": "2021-09-27 18:01:17", "elapsed": 4.958613, "delta": 0.228038}}
{"target": -15.361013430687603, "params": {"C": 674.724750488933, "epsilon": 0.0942983551851939, "gamma": 0.1834340564840358}, "datetime": {"datetime": "2021-09-27 18:01:17", "elapsed": 5.199604, "delta": 0.240991}}
{"target": -10.397108505597478, "params": {"C": 615.1217233339141, "epsilon": 0.6919194554628385, "gamma": 0.018751291688895014}, "datetime": {"datetime": "2021-09-27 18:01:17", "elapsed": 5.537572, "delta": 0.337968}}
{"target": -11.33995956137837, "params": {"C": 674.9196638231622, "epsilon": 0.356275952431819, "gamma": 0.0468057721384811}, "datetime": {"datetime": "2021-09-27 18:01:18", "elapsed": 5.896613, "delta": 0.359041}}
{"target": -13.355175512738827, "params": {"C": 615.0558545037311, "epsilon": 0.6343839597141262, "gamma": 0.07393241205879782}, "datetime": {"datetime": "2021-09-27 18:01:18", "elapsed": 6.116572, "delta": 0.219959}}
{"target": -15.770445022798532, "params": {"C": 584.9865744152048, "epsilon": 0.9764197376990318, "gamma": 0.18547830483669833}, "datetime": {"datetime": "2021-09-27 18:01:18", "elapsed": 6.252572, "delta": 0.136}}
{"target": -14.982998575294678, "params": {"C": 565.2198277656262, "epsilon": 0.20223574138631506, "gamma": 0.15406157996120848}, "datetime": {"datetime": "2021-09-27 18:01:18", "elapsed": 6.447946, "delta": 0.195374}}
{"target": -10.403239260777427, "params": {"C": 615.3363571712225, "epsilon": 0.5844432367828978, "gamma": 0.029248235254696685}, "datetime": {"datetime": "2021-09-27 18:01:18", "elapsed": 6.800831, "delta": 0.352885}}
{"target": -15.349719292492194, "params": {"C": 559.3047708596339, "epsilon": 0.9947993705296853, "gamma": 0.15362185179327498}, "datetime": {"datetime": "2021-09-27 18:01:19", "elapsed": 6.969824, "delta": 0.168993}}
{"target": -12.398302149606963, "params": {"C": 502.9219140288498, "epsilon": 0.31081514487947765, "gamma": 0.06816383673504757}, "datetime": {"datetime": "2021-09-27 18:01:19", "elapsed": 7.350827, "delta": 0.381003}}
{"target": -10.974643345982209, "params": {"C": 615.3607904822652, "epsilon": 0.7374975775010977, "gamma": 0.01}, "datetime": {"datetime": "2021-09-27 18:01:20", "elapsed": 7.934826, "delta": 0.583999}}
{"target": -16.008962520967216, "params": {"C": 556.9462320375119, "epsilon": 0.01683919498711854, "gamma": 0.2777196609330837}, "datetime": {"datetime": "2021-09-27 18:01:20", "elapsed": 8.426445, "delta": 0.491619}}
{"target": -15.91459499095977, "params": {"C": 604.7155481399416, "epsilon": 0.8951709633582755, "gamma": 0.21780693349766297}, "datetime": {"datetime": "2021-09-27 18:01:20", "elapsed": 8.662405, "delta": 0.23596}}
{"target": -15.75643207739858, "params": {"C": 613.5279702263916, "epsilon": 0.9933593492888719, "gamma": 0.18042720445578384}, "datetime": {"datetime": "2021-09-27 18:01:21", "elapsed": 9.099407, "delta": 0.437002}}
{"target": -14.56177714866183, "params": {"C": 675.0038304625646, "epsilon": 0.23413313895645374, "gamma": 0.09318340376598253}, "datetime": {"datetime": "2021-09-27 18:01:21", "elapsed": 9.546861, "delta": 0.447454}}
{"target": -10.46123207511427, "params": {"C": 604.6448514887287, "epsilon": 0.5804902474322444, "gamma": 0.026816314581149685}, "datetime": {"datetime": "2021-09-27 18:01:21", "elapsed": 9.759898, "delta": 0.213037}}
{"target": -10.99724145120972, "params": {"C": 615.2409498778231, "epsilon": 0.679288806935899, "gamma": 0.01}, "datetime": {"datetime": "2021-09-27 18:01:22", "elapsed": 10.097863, "delta": 0.337965}}
{"target": -15.208091772521307, "params": {"C": 615.1339847362331, "epsilon": 0.7711228398393939, "gamma": 0.1286808731595436}, "datetime": {"datetime": "2021-09-27 18:01:22", "elapsed": 10.351079, "delta": 0.253216}}
{"target": -15.09732972436628, "params": {"C": 615.4606263135312, "epsilon": 0.6971509663340967, "gamma": 0.10916780879337878}, "datetime": {"datetime": "2021-09-27 18:01:22", "elapsed": 10.662077, "delta": 0.310998}}
{"target": -10.36935932484682, "params": {"C": 604.6241591066522, "epsilon": 0.6890200483918371, "gamma": 0.01819713559416955}, "datetime": {"datetime": "2021-09-27 18:01:23", "elapsed": 10.96708, "delta": 0.305003}}
{"target": -10.428549062599272, "params": {"C": 615.3016466322149, "epsilon": 0.4660543553990588, "gamma": 0.03368657626771093}, "datetime": {"datetime": "2021-09-27 18:01:23", "elapsed": 11.338076, "delta": 0.370996}}
{"target": -15.262528849350938, "params": {"C": 549.9566525342084, "epsilon": 0.7844976003465909, "gamma": 0.1485492181305421}, "datetime": {"datetime": "2021-09-27 18:01:23", "elapsed": 11.645073, "delta": 0.306997}}
{"target": -15.400091836667704, "params": {"C": 522.8419310508166, "epsilon": 0.5274303440731002, "gamma": 0.17920768574338228}, "datetime": {"datetime": "2021-09-27 18:01:24", "elapsed": 11.890687, "delta": 0.245614}}
{"target": -12.38626151596364, "params": {"C": 615.3377368654056, "epsilon": 0.8464316497053798, "gamma": 0.060433299495709365}, "datetime": {"datetime": "2021-09-27 18:01:24", "elapsed": 12.23069, "delta": 0.340003}}
{"target": -11.629160224677374, "params": {"C": 615.1811537029494, "epsilon": 0.5669634838588337, "gamma": 0.05259231778212034}, "datetime": {"datetime": "2021-09-27 18:01:24", "elapsed": 12.576527, "delta": 0.345837}}
{"target": -13.5848026592095, "params": {"C": 653.0373138747515, "epsilon": 0.042973594623686946, "gamma": 0.08233378834359618}, "datetime": {"datetime": "2021-09-27 18:01:25", "elapsed": 13.080527, "delta": 0.504}}
{"target": -11.380198251279106, "params": {"C": 639.2109940656389, "epsilon": 0.9055390496261853, "gamma": 0.04588294725702536}, "datetime": {"datetime": "2021-09-27 18:01:25", "elapsed": 13.404568, "delta": 0.324041}}
{"target": -10.983507888040899, "params": {"C": 674.9038247091994, "epsilon": 0.34521181532230083, "gamma": 0.011539565300203726}, "datetime": {"datetime": "2021-09-27 18:01:25", "elapsed": 13.657526, "delta": 0.252958}}
{"target": -11.467696349853599, "params": {"C": 674.8064911603102, "epsilon": 0.3013616576174035, "gamma": 0.04881102959537464}, "datetime": {"datetime": "2021-09-27 18:01:26", "elapsed": 14.02753, "delta": 0.370004}}
{"target": -11.122361653197158, "params": {"C": 674.8415790151125, "epsilon": 0.4925450145481969, "gamma": 0.01}, "datetime": {"datetime": "2021-09-27 18:01:26", "elapsed": 14.364696, "delta": 0.337166}}
{"target": -12.38279532593861, "params": {"C": 604.776402648698, "epsilon": 0.5234511882704285, "gamma": 0.06333326920535606}, "datetime": {"datetime": "2021-09-27 18:01:26", "elapsed": 14.782702, "delta": 0.418006}}
{"target": -10.497981043385542, "params": {"C": 615.3609290295101, "epsilon": 0.2740454315422025, "gamma": 0.03628290820835833}, "datetime": {"datetime": "2021-09-27 18:01:27", "elapsed": 15.170697, "delta": 0.387995}}
{"target": -12.549769212269565, "params": {"C": 615.2421140114093, "epsilon": 0.22659833230375526, "gamma": 0.0665423839064099}, "datetime": {"datetime": "2021-09-27 18:01:27", "elapsed": 15.649696, "delta": 0.478999}}
{"target": -15.086644318328771, "params": {"C": 615.4752640114184, "epsilon": 0.29631399899949035, "gamma": 0.15605776429625745}, "datetime": {"datetime": "2021-09-27 18:01:28", "elapsed": 16.069744, "delta": 0.420048}}
{"target": -11.003886096335336, "params": {"C": 604.4844914834788, "epsilon": 0.6730496063865798, "gamma": 0.01}, "datetime": {"datetime": "2021-09-27 18:01:28", "elapsed": 16.46626, "delta": 0.396516}}
{"target": -15.124717929419242, "params": {"C": 699.4317790828957, "epsilon": 0.40686893632659404, "gamma": 0.13822194302263138}, "datetime": {"datetime": "2021-09-27 18:01:29", "elapsed": 16.838448, "delta": 0.372188}}
{"target": -15.59456670762391, "params": {"C": 638.3476216024867, "epsilon": 0.11422015481845652, "gamma": 0.22419027769796052}, "datetime": {"datetime": "2021-09-27 18:01:29", "elapsed": 17.13044, "delta": 0.291992}}
{"target": -12.378097226135772, "params": {"C": 541.3610339655556, "epsilon": 0.23335266104264818, "gamma": 0.06704378818699605}, "datetime": {"datetime": "2021-09-27 18:01:29", "elapsed": 17.55644, "delta": 0.426}}
{"target": -10.640954968777379, "params": {"C": 675.0124261055321, "epsilon": 0.5144830505675425, "gamma": 0.03752247812323866}, "datetime": {"datetime": "2021-09-27 18:01:30", "elapsed": 17.872441, "delta": 0.316001}}
{"target": -15.696612378130101, "params": {"C": 674.8803061809276, "epsilon": 0.5718060435362401, "gamma": 0.20093017325891296}, "datetime": {"datetime": "2021-09-27 18:01:30", "elapsed": 18.200445, "delta": 0.328004}}
{"target": -10.483326458324969, "params": {"C": 604.7553395899262, "epsilon": 0.6619626188411515, "gamma": 0.03362020203784695}, "datetime": {"datetime": "2021-09-27 18:01:30", "elapsed": 18.561991, "delta": 0.361546}}
{"target": -13.098002590763306, "params": {"C": 541.2282356119688, "epsilon": 0.019662694429502085, "gamma": 0.08149906738727174}, "datetime": {"datetime": "2021-09-27 18:01:31", "elapsed": 19.219998, "delta": 0.658007}}
{"target": -11.347970843946175, "params": {"C": 615.2445822639036, "epsilon": 0.2008434677486047, "gamma": 0.051024287033043646}, "datetime": {"datetime": "2021-09-27 18:01:31", "elapsed": 19.665028, "delta": 0.44503}}
{"target": -10.39296670480215, "params": {"C": 557.0185128051129, "epsilon": 0.4809964897640131, "gamma": 0.0192604675555814}, "datetime": {"datetime": "2021-09-27 18:01:32", "elapsed": 20.039027, "delta": 0.373999}}
{"target": -10.939446053427101, "params": {"C": 557.1517923472844, "epsilon": 0.34177369414765907, "gamma": 0.012398980503135522}, "datetime": {"datetime": "2021-09-27 18:01:32", "elapsed": 20.46473, "delta": 0.425703}}
{"target": -10.986704251165467, "params": {"C": 615.2190282486797, "epsilon": 0.06224970642501282, "gamma": 0.02639336523360071}, "datetime": {"datetime": "2021-09-27 18:01:33", "elapsed": 20.998733, "delta": 0.534003}}
{"target": -12.922671633878391, "params": {"C": 615.4535337017827, "epsilon": 0.8025620951445533, "gamma": 0.06754395821851314}, "datetime": {"datetime": "2021-09-27 18:01:33", "elapsed": 21.383728, "delta": 0.384995}}
{"target": -14.929637115594602, "params": {"C": 557.1586335438337, "epsilon": 0.5706612456003184, "gamma": 0.10840263355637839}, "datetime": {"datetime": "2021-09-27 18:01:33", "elapsed": 21.737728, "delta": 0.354}}
{"target": -15.126409316824002, "params": {"C": 646.3573408194445, "epsilon": 0.8807652184330317, "gamma": 0.12521404468574424}, "datetime": {"datetime": "2021-09-27 18:01:34", "elapsed": 22.060736, "delta": 0.323008}}
{"target": -11.002138437539983, "params": {"C": 556.9703309482541, "epsilon": 0.423155656925607, "gamma": 0.044720565290160996}, "datetime": {"datetime": "2021-09-27 18:01:34", "elapsed": 22.510903, "delta": 0.450167}}
{"target": -15.839006050103121, "params": {"C": 533.3236735326823, "epsilon": 0.0645270038793117, "gamma": 0.26140244536612506}, "datetime": {"datetime": "2021-09-27 18:01:35", "elapsed": 22.856903, "delta": 0.346}}
{"target": -13.653945803169334, "params": {"C": 615.3002615550241, "epsilon": 0.10472451961236215, "gamma": 0.0842484566403263}, "datetime": {"datetime": "2021-09-27 18:01:35", "elapsed": 23.369905, "delta": 0.513002}}
{"target": -10.578064826210106, "params": {"C": 557.0120507042761, "epsilon": 0.3085338079324363, "gamma": 0.019418853147098333}, "datetime": {"datetime": "2021-09-27 18:01:36", "elapsed": 23.867902, "delta": 0.497997}}
{"target": -15.847857626600742, "params": {"C": 603.778971528638, "epsilon": 0.17469672413349022, "gamma": 0.25875495333453385}, "datetime": {"datetime": "2021-09-27 18:01:36", "elapsed": 24.286906, "delta": 0.419004}}
{"target": -15.672927613959361, "params": {"C": 520.6253528636894, "epsilon": 0.6740087921236362, "gamma": 0.19725665793792588}, "datetime": {"datetime": "2021-09-27 18:01:36", "elapsed": 24.658659, "delta": 0.371753}}
{"target": -11.167293357250763, "params": {"C": 614.9951263647599, "epsilon": 1.0, "gamma": 0.01}, "datetime": {"datetime": "2021-09-27 18:01:37", "elapsed": 25.055657, "delta": 0.396998}}
{"target": -12.665528573782437, "params": {"C": 615.0153774642754, "epsilon": 0.006851235720577213, "gamma": 0.07098339235638373}, "datetime": {"datetime": "2021-09-27 18:01:37", "elapsed": 25.582662, "delta": 0.527005}}
{"target": -14.092420612545768, "params": {"C": 557.0593351692431, "epsilon": 0.3510782123603595, "gamma": 0.08950912714853064}, "datetime": {"datetime": "2021-09-27 18:01:38", "elapsed": 26.175659, "delta": 0.592997}}
{"target": -10.413148083369911, "params": {"C": 615.4802335281295, "epsilon": 0.46717897342079756, "gamma": 0.024494120609941515}, "datetime": {"datetime": "2021-09-27 18:01:38", "elapsed": 26.664827, "delta": 0.489168}}
{"target": -16.096433857931498, "params": {"C": 600.8976227576791, "epsilon": 0.48509090176410646, "gamma": 0.2842730743131486}, "datetime": {"datetime": "2021-09-27 18:01:39", "elapsed": 27.021474, "delta": 0.356647}}
{"target": -10.516125164901027, "params": {"C": 615.3955913322729, "epsilon": 0.45604683398205675, "gamma": 0.03540678801813258}, "datetime": {"datetime": "2021-09-27 18:01:39", "elapsed": 27.475473, "delta": 0.453999}}
{"target": -10.463376190347704, "params": {"C": 556.8568621090294, "epsilon": 0.5610286252283155, "gamma": 0.020347090111862302}, "datetime": {"datetime": "2021-09-27 18:01:40", "elapsed": 28.003473, "delta": 0.528}}
{"target": -10.457020525402848, "params": {"C": 556.7965745141537, "epsilon": 0.3745112190619109, "gamma": 0.01860116786973132}, "datetime": {"datetime": "2021-09-27 18:01:40", "elapsed": 28.462659, "delta": 0.459186}}
{"target": -15.234635531473364, "params": {"C": 556.7192151966805, "epsilon": 0.4725890562453569, "gamma": 0.16006822308957308}, "datetime": {"datetime": "2021-09-27 18:01:41", "elapsed": 28.918652, "delta": 0.455993}}
{"target": -14.296900046560188, "params": {"C": 661.4355329915156, "epsilon": 0.019389447431234125, "gamma": 0.09387200131894571}, "datetime": {"datetime": "2021-09-27 18:01:41", "elapsed": 29.368656, "delta": 0.450004}}
{"target": -16.275941607784663, "params": {"C": 614.8590734079205, "epsilon": 0.9714817419354348, "gamma": 0.2818275659668332}, "datetime": {"datetime": "2021-09-27 18:01:41", "elapsed": 29.701655, "delta": 0.332999}}
{"target": -12.120795406114562, "params": {"C": 556.9123658919103, "epsilon": 0.24192875709883932, "gamma": 0.0630037337528684}, "datetime": {"datetime": "2021-09-27 18:01:42", "elapsed": 30.308657, "delta": 0.607002}}
{"target": -15.647410310735038, "params": {"C": 531.9147619014567, "epsilon": 0.6763749541350034, "gamma": 0.18759650148436088}, "datetime": {"datetime": "2021-09-27 18:01:42", "elapsed": 30.803808, "delta": 0.495151}}
{"target": -10.336116172455668, "params": {"C": 604.4580928325237, "epsilon": 0.8140447895391174, "gamma": 0.02731829113641867}, "datetime": {"datetime": "2021-09-27 18:01:43", "elapsed": 31.24681, "delta": 0.443002}}
{"target": -14.763937728211932, "params": {"C": 604.3755812044257, "epsilon": 0.7141792898820687, "gamma": 0.09450377504217637}, "datetime": {"datetime": "2021-09-27 18:01:43", "elapsed": 31.785481, "delta": 0.538671}}
{"target": -11.249611126440303, "params": {"C": 675.1272607627786, "epsilon": 0.43397945480109784, "gamma": 0.046131738641716664}, "datetime": {"datetime": "2021-09-27 18:01:44", "elapsed": 32.345479, "delta": 0.559998}}
{"target": -15.328830209296129, "params": {"C": 639.2482445110697, "epsilon": 0.740188125128811, "gamma": 0.14300688561817693}, "datetime": {"datetime": "2021-09-27 18:01:45", "elapsed": 33.139641, "delta": 0.794162}}
{"target": -11.059075123981728, "params": {"C": 556.9655110078626, "epsilon": 0.6041773063580761, "gamma": 0.01}, "datetime": {"datetime": "2021-09-27 18:01:46", "elapsed": 33.884616, "delta": 0.744975}}
{"target": -10.875021422017356, "params": {"C": 541.0486812072979, "epsilon": 0.3363418538691054, "gamma": 0.04286544053962287}, "datetime": {"datetime": "2021-09-27 18:01:46", "elapsed": 34.445764, "delta": 0.561148}}
{"target": -14.97234189226726, "params": {"C": 541.1494252704804, "epsilon": 0.2798575890901738, "gamma": 0.14487637951458868}, "datetime": {"datetime": "2021-09-27 18:01:47", "elapsed": 35.011498, "delta": 0.565734}}
{"target": -11.267985647939872, "params": {"C": 557.114368318131, "epsilon": 0.19881311371984442, "gamma": 0.01}, "datetime": {"datetime": "2021-09-27 18:01:47", "elapsed": 35.701497, "delta": 0.689999}}
{"target": -16.040111044644153, "params": {"C": 644.8305767174185, "epsilon": 0.24907991857853998, "gamma": 0.275380108851775}, "datetime": {"datetime": "2021-09-27 18:01:48", "elapsed": 36.109491, "delta": 0.407994}}
{"target": -15.430477533740095, "params": {"C": 638.4633311000958, "epsilon": 0.1446560149079735, "gamma": 0.1995071449344304}, "datetime": {"datetime": "2021-09-27 18:01:48", "elapsed": 36.523255, "delta": 0.413764}}
{"target": -10.982095139924281, "params": {"C": 540.9213898450434, "epsilon": 0.5110667957626979, "gamma": 0.04463548130242422}, "datetime": {"datetime": "2021-09-27 18:01:49", "elapsed": 37.093084, "delta": 0.569829}}
{"target": -15.867587252061632, "params": {"C": 558.8056667736988, "epsilon": 0.4686799491229499, "gamma": 0.2516066981375588}, "datetime": {"datetime": "2021-09-27 18:01:49", "elapsed": 37.619105, "delta": 0.526021}}
{"target": -15.515874086876725, "params": {"C": 570.9690005755743, "epsilon": 0.06469051637068535, "gamma": 0.22380166029907972}, "datetime": {"datetime": "2021-09-27 18:01:50", "elapsed": 38.074087, "delta": 0.454982}}
{"target": -15.148080754505798, "params": {"C": 541.0115762277444, "epsilon": 0.6246426501698654, "gamma": 0.13347562843731756}, "datetime": {"datetime": "2021-09-27 18:01:50", "elapsed": 38.664803, "delta": 0.590716}}
{"target": -12.770632723819524, "params": {"C": 615.3487329902398, "epsilon": 0.8674148726892222, "gamma": 0.06468373189901862}, "datetime": {"datetime": "2021-09-27 18:01:51", "elapsed": 39.255803, "delta": 0.591}}
{"target": -10.791335371872568, "params": {"C": 557.1423818447543, "epsilon": 0.21505271816357954, "gamma": 0.04137264736503418}, "datetime": {"datetime": "2021-09-27 18:01:52", "elapsed": 39.858796, "delta": 0.602993}}
{"target": -11.19773163489579, "params": {"C": 540.9050135258141, "epsilon": 0.2952392358143443, "gamma": 0.04799653509763935}, "datetime": {"datetime": "2021-09-27 18:01:52", "elapsed": 40.69866, "delta": 0.839864}}
{"target": -13.366499487935604, "params": {"C": 557.3063428534413, "epsilon": 0.12994687405434396, "gamma": 0.08227160909848583}, "datetime": {"datetime": "2021-09-27 18:01:53", "elapsed": 41.70566, "delta": 1.007}}
{"target": -12.393902660607905, "params": {"C": 540.7556539090843, "epsilon": 0.5691482893520636, "gamma": 0.06595614930922439}, "datetime": {"datetime": "2021-09-27 18:01:54", "elapsed": 42.321657, "delta": 0.615997}}
{"target": -15.053515228397202, "params": {"C": 639.0111223065717, "epsilon": 0.9859765378113856, "gamma": 0.12564737798276276}, "datetime": {"datetime": "2021-09-27 18:01:55", "elapsed": 42.889333, "delta": 0.567676}}
{"target": -10.347716516206615, "params": {"C": 675.2142486440875, "epsilon": 0.5761704519140596, "gamma": 0.021611655588106897}, "datetime": {"datetime": "2021-09-27 18:01:55", "elapsed": 43.563335, "delta": 0.674002}}
{"target": -12.722806920577234, "params": {"C": 556.9314440899485, "epsilon": 0.25443839863498985, "gamma": 0.07109981754325008}, "datetime": {"datetime": "2021-09-27 18:01:56", "elapsed": 44.156335, "delta": 0.593}}
{"target": -15.322045549545091, "params": {"C": 675.2205018508329, "epsilon": 0.5321179115543788, "gamma": 0.15544919296327755}, "datetime": {"datetime": "2021-09-27 18:01:56", "elapsed": 44.805968, "delta": 0.649633}}
{"target": -11.468233223023269, "params": {"C": 675.1341531559328, "epsilon": 0.7606245712509717, "gamma": 0.04778627713778884}, "datetime": {"datetime": "2021-09-27 18:01:57", "elapsed": 45.54496, "delta": 0.738992}}
{"target": -10.57832528335469, "params": {"C": 540.8735473092206, "epsilon": 0.4397483433930612, "gamma": 0.021363934099319637}, "datetime": {"datetime": "2021-09-27 18:01:58", "elapsed": 46.289986, "delta": 0.745026}}
{"target": -10.809803395945988, "params": {"C": 613.5153224185739, "epsilon": 0.8974466342606511, "gamma": 0.011724202986150054}, "datetime": {"datetime": "2021-09-27 18:01:59", "elapsed": 46.884951, "delta": 0.594965}}
