{"target": 0.9020856544953367, "params": {"C": 105.47001868204464, "epsilon": 0.44737061330891664, "gamma": 0.08832091671387048}, "datetime": {"datetime": "2021-09-18 13:58:27", "elapsed": 1.635405, "delta": 0.116008}}
{"target": 0.9017794117053977, "params": {"C": 105.46590597381169, "epsilon": 0.4479111082641381, "gamma": 0.08697769700319298}, "datetime": {"datetime": "2021-09-18 13:58:27", "elapsed": 1.774439, "delta": 0.139034}}
{"target": 0.8914138047902271, "params": {"C": 87.33002104578621, "epsilon": 0.6161917549840494, "gamma": 0.05668705456603151}, "datetime": {"datetime": "2021-09-18 13:58:27", "elapsed": 1.888447, "delta": 0.114008}}
{"target": 0.890510518491431, "params": {"C": 118.01092311241297, "epsilon": 0.6543769035394629, "gamma": 0.05}, "datetime": {"datetime": "2021-09-18 13:58:27", "elapsed": 2.132396, "delta": 0.243949}}
{"target": 0.898231337831649, "params": {"C": 117.95188605704502, "epsilon": 0.536989923608988, "gamma": 0.13178194652738048}, "datetime": {"datetime": "2021-09-18 13:58:27", "elapsed": 2.292435, "delta": 0.160039}}
{"target": 0.9016821649107932, "params": {"C": 105.47584300285767, "epsilon": 0.44815905321761235, "gamma": 0.08648073971730903}, "datetime": {"datetime": "2021-09-18 13:58:28", "elapsed": 2.447437, "delta": 0.155002}}
{"target": 0.8980214352342546, "params": {"C": 105.47913557688511, "epsilon": 0.4324042466664093, "gamma": 0.1280981037983243}, "datetime": {"datetime": "2021-09-18 13:58:28", "elapsed": 2.587397, "delta": 0.13996}}
{"target": 0.8988159362852431, "params": {"C": 118.03839631108576, "epsilon": 0.5338280301535107, "gamma": 0.06829671016620137}, "datetime": {"datetime": "2021-09-18 13:58:28", "elapsed": 2.762394, "delta": 0.174997}}
{"target": 0.8983967955868304, "params": {"C": 117.80260124502229, "epsilon": 0.6165864899267722, "gamma": 0.13372591162825292}, "datetime": {"datetime": "2021-09-18 13:58:28", "elapsed": 2.912438, "delta": 0.150044}}
{"target": 0.8976604067102485, "params": {"C": 117.98917873806315, "epsilon": 0.5401458609959104, "gamma": 0.05917050868820498}, "datetime": {"datetime": "2021-09-18 13:58:28", "elapsed": 3.060404, "delta": 0.147966}}
{"target": 0.9050605936888771, "params": {"C": 118.01018928885341, "epsilon": 0.4963365277093304, "gamma": 0.09010986983931356}, "datetime": {"datetime": "2021-09-18 13:58:28", "elapsed": 3.199229, "delta": 0.138825}}
{"target": 0.8969520657921867, "params": {"C": 85.351883183094, "epsilon": 0.0705337176765456, "gamma": 0.12038456474178885}, "datetime": {"datetime": "2021-09-18 13:58:29", "elapsed": 3.360224, "delta": 0.160995}}
{"target": 0.9007742246533144, "params": {"C": 118.0038411298656, "epsilon": 0.493778517056111, "gamma": 0.11866277419783995}, "datetime": {"datetime": "2021-09-18 13:58:29", "elapsed": 3.532231, "delta": 0.172007}}
{"target": 0.9011463761520746, "params": {"C": 118.03527248609718, "epsilon": 0.5181922675617621, "gamma": 0.1174890495973364}, "datetime": {"datetime": "2021-09-18 13:58:29", "elapsed": 3.694224, "delta": 0.161993}}
{"target": 0.9006482752283445, "params": {"C": 112.76417894397548, "epsilon": 0.34643817339004873, "gamma": 0.07960894173739812}, "datetime": {"datetime": "2021-09-18 13:58:29", "elapsed": 3.849189, "delta": 0.154965}}
{"target": 0.9021703326038218, "params": {"C": 118.0589935023599, "epsilon": 0.46050964926676724, "gamma": 0.08097996403844902}, "datetime": {"datetime": "2021-09-18 13:58:29", "elapsed": 4.029187, "delta": 0.179998}}
{"target": 0.8983179769550175, "params": {"C": 117.99450597506538, "epsilon": 0.5765779151761302, "gamma": 0.13278212739010198}, "datetime": {"datetime": "2021-09-18 13:58:29", "elapsed": 4.22819, "delta": 0.199003}}
{"target": 0.8983528837775147, "params": {"C": 117.83809685595273, "epsilon": 0.5936614955951763, "gamma": 0.06834698750007431}, "datetime": {"datetime": "2021-09-18 13:58:30", "elapsed": 4.421232, "delta": 0.193042}}
{"target": 0.9059303600393607, "params": {"C": 118.02076260056461, "epsilon": 0.45948069938532426, "gamma": 0.09629448207741735}, "datetime": {"datetime": "2021-09-18 13:58:30", "elapsed": 4.646421, "delta": 0.225189}}
{"target": 0.9045182845411259, "params": {"C": 117.99749422697614, "epsilon": 0.42973751552041817, "gamma": 0.08985205705749294}, "datetime": {"datetime": "2021-09-18 13:58:30", "elapsed": 4.88957, "delta": 0.243149}}
{"target": 0.90120630517685, "params": {"C": 118.03925184651013, "epsilon": 0.39326388230609577, "gamma": 0.11666218370048971}, "datetime": {"datetime": "2021-09-18 13:58:30", "elapsed": 5.081571, "delta": 0.192001}}
{"target": 0.8981670762585401, "params": {"C": 79.64405706048757, "epsilon": 0.06457611696599912, "gamma": 0.08696460782110318}, "datetime": {"datetime": "2021-09-18 13:58:30", "elapsed": 5.256617, "delta": 0.175046}}
{"target": 0.8952017532981279, "params": {"C": 94.66120231455837, "epsilon": 0.1709085539070538, "gamma": 0.05757659151819943}, "datetime": {"datetime": "2021-09-18 13:58:31", "elapsed": 5.428794, "delta": 0.172177}}
{"target": 0.8968874741413807, "params": {"C": 118.00894211468105, "epsilon": 0.4224125027272207, "gamma": 0.13094559777000575}, "datetime": {"datetime": "2021-09-18 13:58:31", "elapsed": 5.656795, "delta": 0.228001}}
{"target": 0.9007296803911319, "params": {"C": 118.06749504821957, "epsilon": 0.3835113327090328, "gamma": 0.0776645624890672}, "datetime": {"datetime": "2021-09-18 13:58:31", "elapsed": 5.874777, "delta": 0.217982}}
{"target": 0.9002858791641806, "params": {"C": 118.01609426139026, "epsilon": 0.43728705626729, "gamma": 0.07268566728808487}, "datetime": {"datetime": "2021-09-18 13:58:31", "elapsed": 6.072734, "delta": 0.197957}}
{"target": 0.8982554773682125, "params": {"C": 118.0618905726532, "epsilon": 0.4624040909685373, "gamma": 0.12662224676057338}, "datetime": {"datetime": "2021-09-18 13:58:32", "elapsed": 6.383729, "delta": 0.310995}}
{"target": 0.9057437301332214, "params": {"C": 117.99239302906088, "epsilon": 0.4034157424342172, "gamma": 0.09518918150493905}, "datetime": {"datetime": "2021-09-18 13:58:32", "elapsed": 6.620728, "delta": 0.236999}}
{"target": 0.9031943762379233, "params": {"C": 117.97367944621654, "epsilon": 0.4127120094717818, "gamma": 0.08536995682832944}, "datetime": {"datetime": "2021-09-18 13:58:32", "elapsed": 6.865732, "delta": 0.245004}}
{"target": 0.8921751868932389, "params": {"C": 86.46271548127132, "epsilon": 0.6794822808626784, "gamma": 0.0630656811889874}, "datetime": {"datetime": "2021-09-18 13:58:32", "elapsed": 7.064732, "delta": 0.199}}
{"target": 0.894796221693743, "params": {"C": 108.96162767712968, "epsilon": 0.20437369280438825, "gamma": 0.13751905057809988}, "datetime": {"datetime": "2021-09-18 13:58:33", "elapsed": 7.328734, "delta": 0.264002}}
{"target": 0.9028355361759991, "params": {"C": 117.97127723301068, "epsilon": 0.46014200826823004, "gamma": 0.08401874386422964}, "datetime": {"datetime": "2021-09-18 13:58:33", "elapsed": 7.599733, "delta": 0.270999}}
{"target": 0.896778725699971, "params": {"C": 111.48913741933745, "epsilon": 0.602851931392036, "gamma": 0.13895289973463082}, "datetime": {"datetime": "2021-09-18 13:58:33", "elapsed": 7.844731, "delta": 0.244998}}
{"target": 0.9015500395848939, "params": {"C": 117.99945983093988, "epsilon": 0.3313720618328416, "gamma": 0.11560493638774817}, "datetime": {"datetime": "2021-09-18 13:58:33", "elapsed": 8.095735, "delta": 0.251004}}
{"target": 0.903128462090917, "params": {"C": 118.05101215785929, "epsilon": 0.3285173021067869, "gamma": 0.10963515192833287}, "datetime": {"datetime": "2021-09-18 13:58:34", "elapsed": 8.344732, "delta": 0.248997}}
{"target": 0.9043399066647296, "params": {"C": 118.02534646945233, "epsilon": 0.3789007335618682, "gamma": 0.0900091594245083}, "datetime": {"datetime": "2021-09-18 13:58:34", "elapsed": 8.610735, "delta": 0.266003}}
{"target": 0.9038208187148169, "params": {"C": 117.95094750593404, "epsilon": 0.5083093185851103, "gamma": 0.08674516761271842}, "datetime": {"datetime": "2021-09-18 13:58:34", "elapsed": 8.867732, "delta": 0.256997}}
{"target": 0.9036437385378989, "params": {"C": 117.90836808007253, "epsilon": 0.46361933475140094, "gamma": 0.10867052744280603}, "datetime": {"datetime": "2021-09-18 13:58:34", "elapsed": 9.116731, "delta": 0.248999}}
{"target": 0.9055984482217718, "params": {"C": 117.87506937223483, "epsilon": 0.4864324997486527, "gamma": 0.09983397697270821}, "datetime": {"datetime": "2021-09-18 13:58:35", "elapsed": 9.389735, "delta": 0.273004}}
{"target": 0.899638912045123, "params": {"C": 117.84590510898187, "epsilon": 0.4911178945626751, "gamma": 0.12254153492257036}, "datetime": {"datetime": "2021-09-18 13:58:35", "elapsed": 9.645384, "delta": 0.255649}}
{"target": 0.904644027887202, "params": {"C": 117.90340546519298, "epsilon": 0.5275788334398323, "gamma": 0.08836574853226295}, "datetime": {"datetime": "2021-09-18 13:58:35", "elapsed": 9.887452, "delta": 0.242068}}
{"target": 0.8926337396242912, "params": {"C": 76.8991762253797, "epsilon": 0.5329595350705338, "gamma": 0.1491170044657159}, "datetime": {"datetime": "2021-09-18 13:58:35", "elapsed": 10.094458, "delta": 0.207006}}
{"target": 0.8985671016907355, "params": {"C": 117.86856927445986, "epsilon": 0.48275496897760595, "gamma": 0.061463693628087124}, "datetime": {"datetime": "2021-09-18 13:58:36", "elapsed": 10.401084, "delta": 0.306626}}
{"target": 0.893649032565808, "params": {"C": 79.88877930964489, "epsilon": 0.6560218693533538, "gamma": 0.14746295936787623}, "datetime": {"datetime": "2021-09-18 13:58:36", "elapsed": 10.608683, "delta": 0.207599}}
{"target": 0.9016307988396868, "params": {"C": 114.2286150822586, "epsilon": 0.15930423412333264, "gamma": 0.09187862018952728}, "datetime": {"datetime": "2021-09-18 13:58:36", "elapsed": 10.85757, "delta": 0.248887}}
{"target": 0.8975829598660295, "params": {"C": 78.23604695223271, "epsilon": 0.1417636504121746, "gamma": 0.11774828218984411}, "datetime": {"datetime": "2021-09-18 13:58:36", "elapsed": 11.107575, "delta": 0.250005}}
{"target": 0.9001411193877933, "params": {"C": 118.02363625814263, "epsilon": 0.30286029675259374, "gamma": 0.06923229660406648}, "datetime": {"datetime": "2021-09-18 13:58:37", "elapsed": 11.478913, "delta": 0.371338}}
{"target": 0.8986047674062361, "params": {"C": 117.88502741137997, "epsilon": 0.5666238456639417, "gamma": 0.1309889829213277}, "datetime": {"datetime": "2021-09-18 13:58:37", "elapsed": 11.744729, "delta": 0.265816}}
{"target": 0.8954160470373725, "params": {"C": 117.96737156257612, "epsilon": 0.3574868162479182, "gamma": 0.05252921047928795}, "datetime": {"datetime": "2021-09-18 13:58:37", "elapsed": 12.097403, "delta": 0.352674}}
{"target": 0.9006358483854352, "params": {"C": 86.57858000593177, "epsilon": 0.5983756047674621, "gamma": 0.11610215078585859}, "datetime": {"datetime": "2021-09-18 13:58:38", "elapsed": 12.347225, "delta": 0.249822}}
{"target": 0.9041039323990717, "params": {"C": 117.96760294229176, "epsilon": 0.37576911850012634, "gamma": 0.10589015117852482}, "datetime": {"datetime": "2021-09-18 13:58:38", "elapsed": 12.645167, "delta": 0.297942}}
{"target": 0.8956708496325229, "params": {"C": 78.88116630245804, "epsilon": 0.4468205895078256, "gamma": 0.06450314998652472}, "datetime": {"datetime": "2021-09-18 13:58:38", "elapsed": 12.883168, "delta": 0.238001}}
{"target": 0.8919024386621027, "params": {"C": 118.07676046002834, "epsilon": 0.35228720936747504, "gamma": 0.14877083139922476}, "datetime": {"datetime": "2021-09-18 13:58:38", "elapsed": 13.161168, "delta": 0.278}}
{"target": 0.9058739793364514, "params": {"C": 117.92141286427619, "epsilon": 0.5049167048703445, "gamma": 0.09480091557328629}, "datetime": {"datetime": "2021-09-18 13:58:39", "elapsed": 13.455292, "delta": 0.294124}}
{"target": 0.905491077534195, "params": {"C": 117.85844511785858, "epsilon": 0.6622543806409061, "gamma": 0.10157648469265576}, "datetime": {"datetime": "2021-09-18 13:58:39", "elapsed": 13.729614, "delta": 0.274322}}
{"target": 0.9046803947050212, "params": {"C": 117.88180272916634, "epsilon": 0.6269380751120088, "gamma": 0.10549834995536411}, "datetime": {"datetime": "2021-09-18 13:58:39", "elapsed": 14.025619, "delta": 0.296005}}
{"target": 0.9026242808672073, "params": {"C": 117.87046365208656, "epsilon": 0.6413972214445213, "gamma": 0.08064782643680465}, "datetime": {"datetime": "2021-09-18 13:58:40", "elapsed": 14.370152, "delta": 0.344533}}
{"target": 0.8975182357187215, "params": {"C": 117.88345296586843, "epsilon": 0.4992063371967898, "gamma": 0.13344465518151205}, "datetime": {"datetime": "2021-09-18 13:58:40", "elapsed": 14.686537, "delta": 0.316385}}
{"target": 0.8978820227697837, "params": {"C": 117.82434510107771, "epsilon": 0.6828588877261969, "gamma": 0.1353110850190976}, "datetime": {"datetime": "2021-09-18 13:58:40", "elapsed": 15.071465, "delta": 0.384928}}
{"target": 0.9033161245044679, "params": {"C": 117.89196924993671, "epsilon": 0.49097522218823214, "gamma": 0.0858288468311646}, "datetime": {"datetime": "2021-09-18 13:58:41", "elapsed": 15.38014, "delta": 0.308675}}
{"target": 0.903160248822213, "params": {"C": 95.62520323290646, "epsilon": 0.776039638880957, "gamma": 0.10690440656495995}, "datetime": {"datetime": "2021-09-18 13:58:41", "elapsed": 15.649138, "delta": 0.268998}}
{"target": 0.8957526050593079, "params": {"C": 117.87468700217778, "epsilon": 0.6794212369895295, "gamma": 0.14119836512798195}, "datetime": {"datetime": "2021-09-18 13:58:41", "elapsed": 16.04865, "delta": 0.399512}}
{"target": 0.8859891804474255, "params": {"C": 81.05104268864228, "epsilon": 0.7521373222043648, "gamma": 0.05094712321935096}, "datetime": {"datetime": "2021-09-18 13:58:41", "elapsed": 16.30029, "delta": 0.25164}}
{"target": 0.8987350108114985, "params": {"C": 95.58057908823368, "epsilon": 0.7795642070651407, "gamma": 0.07732062866382525}, "datetime": {"datetime": "2021-09-18 13:58:42", "elapsed": 16.658434, "delta": 0.358144}}
{"target": 0.8984084495118714, "params": {"C": 82.95481886602015, "epsilon": 0.1831864256606617, "gamma": 0.10306004277440792}, "datetime": {"datetime": "2021-09-18 13:58:42", "elapsed": 16.974429, "delta": 0.315995}}
{"target": 0.9015166344585622, "params": {"C": 112.14358342643001, "epsilon": 0.11351567107825498, "gamma": 0.10583088563370627}, "datetime": {"datetime": "2021-09-18 13:58:42", "elapsed": 17.259389, "delta": 0.28496}}
{"target": 0.8977992918586798, "params": {"C": 117.92297559521663, "epsilon": 0.5356595457169462, "gamma": 0.05998086110118157}, "datetime": {"datetime": "2021-09-18 13:58:43", "elapsed": 17.574537, "delta": 0.315148}}
{"target": 0.9058325014906954, "params": {"C": 117.99355119076588, "epsilon": 0.427656413169988, "gamma": 0.09540691537710863}, "datetime": {"datetime": "2021-09-18 13:58:43", "elapsed": 17.845977, "delta": 0.27144}}
{"target": 0.8980742952936697, "params": {"C": 117.80631817869931, "epsilon": 0.6895341969625959, "gamma": 0.06845709916790121}, "datetime": {"datetime": "2021-09-18 13:58:43", "elapsed": 18.197, "delta": 0.351023}}
{"target": 0.904824574465531, "params": {"C": 112.39929314567172, "epsilon": 0.6754574462848936, "gamma": 0.1037488967560313}, "datetime": {"datetime": "2021-09-18 13:58:44", "elapsed": 18.470592, "delta": 0.273592}}
{"target": 0.9029537624813492, "params": {"C": 117.93018118070856, "epsilon": 0.4159922997871797, "gamma": 0.1111998967218629}, "datetime": {"datetime": "2021-09-18 13:58:44", "elapsed": 18.826397, "delta": 0.355805}}
{"target": 0.8977610071088107, "params": {"C": 110.66799219375127, "epsilon": 0.12990443907024238, "gamma": 0.12922616007393906}, "datetime": {"datetime": "2021-09-18 13:58:44", "elapsed": 19.134393, "delta": 0.307996}}
{"target": 0.90455165019886, "params": {"C": 117.87360075387414, "epsilon": 0.441658378121243, "gamma": 0.1047261409897528}, "datetime": {"datetime": "2021-09-18 13:58:45", "elapsed": 19.575554, "delta": 0.441161}}
{"target": 0.8969738301555888, "params": {"C": 92.55048295053956, "epsilon": 0.047526459326450804, "gamma": 0.06548503263479548}, "datetime": {"datetime": "2021-09-18 13:58:45", "elapsed": 19.885961, "delta": 0.310407}}
{"target": 0.8873237344728663, "params": {"C": 76.14386198624173, "epsilon": 0.04816818826818622, "gamma": 0.05298249318758083}, "datetime": {"datetime": "2021-09-18 13:58:45", "elapsed": 20.197273, "delta": 0.311312}}
{"target": 0.9055866445284404, "params": {"C": 112.38010377987764, "epsilon": 0.698391295982616, "gamma": 0.09607937126520359}, "datetime": {"datetime": "2021-09-18 13:58:46", "elapsed": 20.575485, "delta": 0.378212}}
{"target": 0.9058514784046815, "params": {"C": 112.41360831360703, "epsilon": 0.7509452417246586, "gamma": 0.0980134026513308}, "datetime": {"datetime": "2021-09-18 13:58:46", "elapsed": 20.926264, "delta": 0.350779}}
{"target": 0.900648968640959, "params": {"C": 112.43007082216766, "epsilon": 0.7091760146961981, "gamma": 0.11875399654361614}, "datetime": {"datetime": "2021-09-18 13:58:46", "elapsed": 21.287255, "delta": 0.360991}}
{"target": 0.8908630147862707, "params": {"C": 112.42546808336449, "epsilon": 0.6807975845417493, "gamma": 0.053641056970165114}, "datetime": {"datetime": "2021-09-18 13:58:47", "elapsed": 21.6195, "delta": 0.332245}}
{"target": 0.8992558812562356, "params": {"C": 112.37380668041764, "epsilon": 0.6876140289151774, "gamma": 0.1308265872678764}, "datetime": {"datetime": "2021-09-18 13:58:47", "elapsed": 21.975648, "delta": 0.356148}}
{"target": 0.8929765736266756, "params": {"C": 112.34785801162337, "epsilon": 0.764744636623802, "gamma": 0.058029003994661016}, "datetime": {"datetime": "2021-09-18 13:58:48", "elapsed": 22.385711, "delta": 0.410063}}
{"target": 0.8999542726776864, "params": {"C": 112.405387353014, "epsilon": 0.7376045529636902, "gamma": 0.12675715674883153}, "datetime": {"datetime": "2021-09-18 13:58:48", "elapsed": 22.766159, "delta": 0.380448}}
{"target": 0.8974512990256029, "params": {"C": 103.75972777439219, "epsilon": 0.09732923014305471, "gamma": 0.06434996532568402}, "datetime": {"datetime": "2021-09-18 13:58:48", "elapsed": 23.062708, "delta": 0.296549}}
{"target": 0.9028205542337413, "params": {"C": 117.86913128091221, "epsilon": 0.387015250876312, "gamma": 0.0844016337978636}, "datetime": {"datetime": "2021-09-18 13:58:49", "elapsed": 23.432972, "delta": 0.370264}}
{"target": 0.8935581688431393, "params": {"C": 117.87689571949076, "epsilon": 0.41723238079383695, "gamma": 0.14427867883401757}, "datetime": {"datetime": "2021-09-18 13:58:49", "elapsed": 23.833702, "delta": 0.40073}}
{"target": 0.8990441743304002, "params": {"C": 92.9356858065005, "epsilon": 0.5316718248909019, "gamma": 0.07841841070944702}, "datetime": {"datetime": "2021-09-18 13:58:49", "elapsed": 24.146969, "delta": 0.313267}}
{"target": 0.9033229428366493, "params": {"C": 112.46902734997371, "epsilon": 0.7582017224597426, "gamma": 0.10930292065708577}, "datetime": {"datetime": "2021-09-18 13:58:50", "elapsed": 24.493901, "delta": 0.346932}}
{"target": 0.8986890051033722, "params": {"C": 112.43136459421359, "epsilon": 0.7680562604886453, "gamma": 0.07279059453064166}, "datetime": {"datetime": "2021-09-18 13:58:50", "elapsed": 24.957909, "delta": 0.464008}}
{"target": 0.9021293161549614, "params": {"C": 112.69698355648754, "epsilon": 0.2726586948688083, "gamma": 0.11112430154616221}, "datetime": {"datetime": "2021-09-18 13:58:50", "elapsed": 25.296138, "delta": 0.338229}}
{"target": 0.8965221326065015, "params": {"C": 88.27289773735963, "epsilon": 0.026634419860673598, "gamma": 0.06557551443383056}, "datetime": {"datetime": "2021-09-18 13:58:51", "elapsed": 25.617826, "delta": 0.321688}}
{"target": 0.9011930368011432, "params": {"C": 115.51395817013383, "epsilon": 0.6556213327931713, "gamma": 0.11691064581434467}, "datetime": {"datetime": "2021-09-18 13:58:51", "elapsed": 25.967427, "delta": 0.349601}}
{"target": 0.9028715138301625, "params": {"C": 117.91484637828043, "epsilon": 0.4321313326993478, "gamma": 0.08413395065966942}, "datetime": {"datetime": "2021-09-18 13:58:52", "elapsed": 26.380513, "delta": 0.413086}}
{"target": 0.895543315772539, "params": {"C": 78.4780350355617, "epsilon": 0.6781265939756641, "gamma": 0.1381745852534324}, "datetime": {"datetime": "2021-09-18 13:58:52", "elapsed": 26.703353, "delta": 0.32284}}
{"target": 0.905529855062667, "params": {"C": 112.34509594827269, "epsilon": 0.6818972277771574, "gamma": 0.10019182664873558}, "datetime": {"datetime": "2021-09-18 13:58:52", "elapsed": 27.099716, "delta": 0.396363}}
{"target": 0.9028197110185504, "params": {"C": 105.9811434356412, "epsilon": 0.4732563997391348, "gamma": 0.09067135713049107}, "datetime": {"datetime": "2021-09-18 13:58:53", "elapsed": 27.457495, "delta": 0.357779}}
{"target": 0.8963767811082675, "params": {"C": 112.32822242311637, "epsilon": 0.6629956028274478, "gamma": 0.06532268822231369}, "datetime": {"datetime": "2021-09-18 13:58:53", "elapsed": 27.878199, "delta": 0.420704}}
{"target": 0.9052308169733463, "params": {"C": 112.36685895176038, "epsilon": 0.6645185847604788, "gamma": 0.09319990219206897}, "datetime": {"datetime": "2021-09-18 13:58:53", "elapsed": 28.292821, "delta": 0.414622}}
{"target": 0.8959334644667949, "params": {"C": 95.61467476231695, "epsilon": 0.7876826191102345, "gamma": 0.14124962188902918}, "datetime": {"datetime": "2021-09-18 13:58:54", "elapsed": 28.688713, "delta": 0.395892}}
{"target": 0.9008326047820473, "params": {"C": 104.04015622230095, "epsilon": 0.17957192953638434, "gamma": 0.11585273647711523}, "datetime": {"datetime": "2021-09-18 13:58:54", "elapsed": 29.050647, "delta": 0.361934}}
{"target": 0.9048236851107823, "params": {"C": 117.89576678620631, "epsilon": 0.6818100288932092, "gamma": 0.085678127281936}, "datetime": {"datetime": "2021-09-18 13:58:55", "elapsed": 29.459959, "delta": 0.409312}}
{"target": 0.8962320330649316, "params": {"C": 82.92592545759445, "epsilon": 0.17260911608864452, "gamma": 0.06383054057778634}, "datetime": {"datetime": "2021-09-18 13:58:55", "elapsed": 29.803427, "delta": 0.343468}}
