{"target": 0.24262719659224685, "params": {"C": 76.487302809598, "epsilon": 9.789662551404954, "gamma": 1.0}, "datetime": {"datetime": "2021-09-18 12:35:29", "elapsed": 640.228586, "delta": 2.698994}}
{"target": 0.800178863832254, "params": {"C": 45.689026672634235, "epsilon": 5.857753501961866, "gamma": 0.008059550696928682}, "datetime": {"datetime": "2021-09-18 12:35:31", "elapsed": 642.780592, "delta": 2.552006}}
{"target": 0.8665094428886542, "params": {"C": 88.56406179893112, "epsilon": 4.0697907250412095, "gamma": 0.01826216925923819}, "datetime": {"datetime": "2021-09-18 12:35:35", "elapsed": 646.022594, "delta": 3.242002}}
{"target": 0.8570287569398309, "params": {"C": 45.84228058802498, "epsilon": 4.73348230942284, "gamma": 0.03342548646063012}, "datetime": {"datetime": "2021-09-18 12:35:37", "elapsed": 648.683621, "delta": 2.661027}}
{"target": 0.8521682639057497, "params": {"C": 91.3735468973609, "epsilon": 2.815819506218309, "gamma": 0.009418464254940114}, "datetime": {"datetime": "2021-09-18 12:35:41", "elapsed": 652.166589, "delta": 3.482968}}
{"target": 0.8882005625250162, "params": {"C": 92.85998696881633, "epsilon": 1.752468223217525, "gamma": 0.09814042099018096}, "datetime": {"datetime": "2021-09-18 12:35:44", "elapsed": 654.915591, "delta": 2.749002}}
{"target": 0.903874932477085, "params": {"C": 91.69509404461131, "epsilon": 1.572544436042561, "gamma": 0.055733674232736376}, "datetime": {"datetime": "2021-09-18 12:35:48", "elapsed": 659.476588, "delta": 4.560997}}
{"target": 0.8202959346900429, "params": {"C": 93.6240538268273, "epsilon": 1.0019822820570243, "gamma": 0.22773206321165523}, "datetime": {"datetime": "2021-09-18 12:35:52", "elapsed": 662.972589, "delta": 3.496001}}
{"target": 0.8930371232990888, "params": {"C": 92.79868157092032, "epsilon": 0.9960850440863148, "gamma": 0.09883614666402567}, "datetime": {"datetime": "2021-09-18 12:35:56", "elapsed": 667.26659, "delta": 4.294001}}
{"target": 0.3176293817906426, "params": {"C": 15.63797134482561, "epsilon": 2.140912147232778, "gamma": 0.0001}, "datetime": {"datetime": "2021-09-18 12:35:59", "elapsed": 670.233548, "delta": 2.966958}}
{"target": 0.0637998743486633, "params": {"C": 14.305195839267926, "epsilon": 14.508506963570897, "gamma": 0.19099877296052475}, "datetime": {"datetime": "2021-09-18 12:36:03", "elapsed": 674.718816, "delta": 4.485268}}
{"target": 0.655286703735126, "params": {"C": 95.63861910657839, "epsilon": 7.756784397481653, "gamma": 0.13232743184425846}, "datetime": {"datetime": "2021-09-18 12:36:08", "elapsed": 678.821332, "delta": 4.102516}}
{"target": 0.3996666701356639, "params": {"C": 29.575385653441867, "epsilon": 5.147616434105598, "gamma": 0.0001}, "datetime": {"datetime": "2021-09-18 12:36:12", "elapsed": 682.898243, "delta": 4.076911}}
{"target": 0.8102439142493274, "params": {"C": 13.62624660316545, "epsilon": 4.4293325889515955, "gamma": 0.017520700799074695}, "datetime": {"datetime": "2021-09-18 12:36:16", "elapsed": 686.872191, "delta": 3.973948}}
{"target": 0.7547681688270866, "params": {"C": 3.4288174147009527, "epsilon": 1.8602179381733894, "gamma": 0.016634805128553108}, "datetime": {"datetime": "2021-09-18 12:36:18", "elapsed": 689.749248, "delta": 2.877057}}
{"target": 0.49305625857284885, "params": {"C": 48.910099846686165, "epsilon": 0.0001, "gamma": 0.0001}, "datetime": {"datetime": "2021-09-18 12:36:23", "elapsed": 693.885776, "delta": 4.136528}}
{"target": 0.7137937648674237, "params": {"C": 50.26511195305167, "epsilon": 1.374966736588094, "gamma": 0.446743302021539}, "datetime": {"datetime": "2021-09-18 12:36:26", "elapsed": 696.872387, "delta": 2.986611}}
{"target": 0.37134075450418147, "params": {"C": 84.81663906707973, "epsilon": 6.83592989707094, "gamma": 1.0}, "datetime": {"datetime": "2021-09-18 12:36:28", "elapsed": 699.642156, "delta": 2.769769}}
{"target": -0.20241855650453866, "params": {"C": 13.745779207088297, "epsilon": 19.97281228677487, "gamma": 0.9527404413724955}, "datetime": {"datetime": "2021-09-18 12:36:31", "elapsed": 702.747166, "delta": 3.10501}}
{"target": 0.2147873363874272, "params": {"C": 3.371885651800077, "epsilon": 1.0056271883729129, "gamma": 0.9742876734572857}, "datetime": {"datetime": "2021-09-18 12:36:37", "elapsed": 707.961059, "delta": 5.213893}}
{"target": 0.7103954663073311, "params": {"C": 52.270143009118605, "epsilon": 8.207848329163285, "gamma": 0.046428493449184004}, "datetime": {"datetime": "2021-09-18 12:36:39", "elapsed": 710.605988, "delta": 2.644929}}
{"target": 0.2748546493306714, "params": {"C": 51.67938579839865, "epsilon": 9.11224606033999, "gamma": 0.9919339041106143}, "datetime": {"datetime": "2021-09-18 12:36:42", "elapsed": 713.585024, "delta": 2.979036}}
{"target": -0.024268583287432977, "params": {"C": 87.99206895373969, "epsilon": 14.915900954088638, "gamma": 1.0}, "datetime": {"datetime": "2021-09-18 12:36:45", "elapsed": 716.398198, "delta": 2.813174}}
{"target": 0.5457386996641931, "params": {"C": 71.11063653279011, "epsilon": 0.0001, "gamma": 0.0001}, "datetime": {"datetime": "2021-09-18 12:36:49", "elapsed": 720.412034, "delta": 4.013836}}
{"target": 0.6492189404675919, "params": {"C": 52.809766806189714, "epsilon": 7.0709554037275115, "gamma": 0.19403020922247002}, "datetime": {"datetime": "2021-09-18 12:36:53", "elapsed": 724.737324, "delta": 4.32529}}
{"target": 0.5358506623042008, "params": {"C": 93.04999818305049, "epsilon": 1.3060528177036053, "gamma": 0.9572774029460356}, "datetime": {"datetime": "2021-09-18 12:36:56", "elapsed": 727.758289, "delta": 3.020965}}
{"target": 0.5802521409937753, "params": {"C": 87.91521849469657, "epsilon": 1.2781469356981792, "gamma": 0.0001}, "datetime": {"datetime": "2021-09-18 12:37:00", "elapsed": 730.900796, "delta": 3.142507}}
{"target": 0.09564723662651597, "params": {"C": 3.9034527400049397, "epsilon": 5.456346471883594, "gamma": 0.0001}, "datetime": {"datetime": "2021-09-18 12:37:02", "elapsed": 733.71686, "delta": 2.816064}}
{"target": 0.5328268897495796, "params": {"C": 7.3161308978722985, "epsilon": 10.408245688390176, "gamma": 0.01733968246686729}, "datetime": {"datetime": "2021-09-18 12:37:07", "elapsed": 738.451968, "delta": 4.735108}}
{"target": 0.5142338341044037, "params": {"C": 75.42439208915427, "epsilon": 2.2978163450127065, "gamma": 0.9778718660347916}, "datetime": {"datetime": "2021-09-18 12:37:12", "elapsed": 743.311718, "delta": 4.85975}}
{"target": 0.28971039866293913, "params": {"C": 12.665540425891312, "epsilon": 4.826465451420587, "gamma": 0.0001}, "datetime": {"datetime": "2021-09-18 12:37:15", "elapsed": 746.0595, "delta": 2.747782}}
{"target": 0.854805752380767, "params": {"C": 49.699831420289044, "epsilon": 1.3088224356822573, "gamma": 0.010213693785632258}, "datetime": {"datetime": "2021-09-18 12:37:19", "elapsed": 750.654265, "delta": 4.594765}}
{"target": 0.4439410812734852, "params": {"C": 70.8105964316271, "epsilon": 4.798342286446798, "gamma": 1.0}, "datetime": {"datetime": "2021-09-18 12:37:25", "elapsed": 756.553303, "delta": 5.899038}}
{"target": 0.3942997919271246, "params": {"C": 13.864792599181587, "epsilon": 5.171866421517439, "gamma": 0.9769884387888038}, "datetime": {"datetime": "2021-09-18 12:37:28", "elapsed": 759.354264, "delta": 2.800961}}
{"target": 0.5626818259378819, "params": {"C": 89.75554927363532, "epsilon": 3.958372661893966, "gamma": 0.0001}, "datetime": {"datetime": "2021-09-18 12:37:31", "elapsed": 762.359263, "delta": 3.004999}}
{"target": 0.521316865514766, "params": {"C": 52.7286505228575, "epsilon": 2.974435616570607, "gamma": 0.0001}, "datetime": {"datetime": "2021-09-18 12:37:35", "elapsed": 766.243273, "delta": 3.88401}}
{"target": 0.8015150526273702, "params": {"C": 13.767304723700336, "epsilon": 3.046173374902252, "gamma": 0.13567973460901706}, "datetime": {"datetime": "2021-09-18 12:37:38", "elapsed": 769.141282, "delta": 2.898009}}
{"target": 0.5143887379651951, "params": {"C": 5.198709074182979, "epsilon": 9.887757771071186, "gamma": 0.006718051306414665}, "datetime": {"datetime": "2021-09-18 12:37:42", "elapsed": 773.017053, "delta": 3.875771}}
{"target": 0.21976427971535817, "params": {"C": 32.20464783481866, "epsilon": 12.531121134450403, "gamma": 0.0001}, "datetime": {"datetime": "2021-09-18 12:37:45", "elapsed": 776.595959, "delta": 3.578906}}
{"target": 0.2578401968063979, "params": {"C": 98.11030383181595, "epsilon": 12.748476227340968, "gamma": 0.0001}, "datetime": {"datetime": "2021-09-18 12:37:48", "elapsed": 779.336926, "delta": 2.740967}}
{"target": 0.837929735614186, "params": {"C": 84.61099465204981, "epsilon": 3.9237338851471466, "gamma": 0.009917710291336144}, "datetime": {"datetime": "2021-09-18 12:37:51", "elapsed": 782.751836, "delta": 3.41491}}
{"target": 0.5026603276920891, "params": {"C": 62.70804867333282, "epsilon": 4.907019049126326, "gamma": 0.0001}, "datetime": {"datetime": "2021-09-18 12:37:54", "elapsed": 785.763143, "delta": 3.011307}}
{"target": 0.7614612508870059, "params": {"C": 61.729016662789675, "epsilon": 6.310592723833758, "gamma": 0.08377136399565338}, "datetime": {"datetime": "2021-09-18 12:37:58", "elapsed": 789.087664, "delta": 3.324521}}
{"target": 0.8581231854583639, "params": {"C": 12.942561228403205, "epsilon": 1.7004304334569593, "gamma": 0.04756830061316491}, "datetime": {"datetime": "2021-09-18 12:38:04", "elapsed": 795.016664, "delta": 5.929}}
{"target": 0.46348360455810234, "params": {"C": 13.68496151432585, "epsilon": 2.1573711311202377, "gamma": 0.8794036337805822}, "datetime": {"datetime": "2021-09-18 12:38:07", "elapsed": 797.945664, "delta": 2.929}}
{"target": 0.7701309558169269, "params": {"C": 12.133130422877098, "epsilon": 0.9804544725452207, "gamma": 0.00452912919964189}, "datetime": {"datetime": "2021-09-18 12:38:10", "elapsed": 801.54571, "delta": 3.600046}}
{"target": 0.9065786185558022, "params": {"C": 93.19812428596586, "epsilon": 0.09735450748595581, "gamma": 0.03974973686383422}, "datetime": {"datetime": "2021-09-18 12:38:15", "elapsed": 806.046674, "delta": 4.500964}}
{"target": 0.8664190448265235, "params": {"C": 62.467644954629115, "epsilon": 3.351966496543254, "gamma": 0.08443255485621716}, "datetime": {"datetime": "2021-09-18 12:38:19", "elapsed": 810.283668, "delta": 4.236994}}
{"target": 0.7227394389213724, "params": {"C": 11.972805843622874, "epsilon": 2.181013290843225, "gamma": 0.25495147580029504}, "datetime": {"datetime": "2021-09-18 12:38:22", "elapsed": 813.083669, "delta": 2.800001}}
{"target": 0.5333776074873884, "params": {"C": 62.395238144012644, "epsilon": 1.4345169283773729, "gamma": 0.9600632145668648}, "datetime": {"datetime": "2021-09-18 12:38:26", "elapsed": 817.271668, "delta": 4.187999}}
{"target": 0.20896733807012846, "params": {"C": 25.224222783836606, "epsilon": 12.23218063323123, "gamma": 0.0001}, "datetime": {"datetime": "2021-09-18 12:38:29", "elapsed": 820.060293, "delta": 2.788625}}
{"target": -0.17815084837269923, "params": {"C": 96.5279043023949, "epsilon": 19.987821614039593, "gamma": 0.0418074751483984}, "datetime": {"datetime": "2021-09-18 12:38:32", "elapsed": 823.576542, "delta": 3.516249}}
{"target": 0.5382936581017674, "params": {"C": 98.68827676532104, "epsilon": 0.0001, "gamma": 1.0}, "datetime": {"datetime": "2021-09-18 12:38:37", "elapsed": 828.270923, "delta": 4.694381}}
{"target": 0.8510742137511905, "params": {"C": 90.82891031404219, "epsilon": 1.865152190036283, "gamma": 0.007230171134510439}, "datetime": {"datetime": "2021-09-18 12:38:41", "elapsed": 832.271706, "delta": 4.000783}}
{"target": 0.804161625285866, "params": {"C": 62.84633208523128, "epsilon": 6.14547572789311, "gamma": 0.009429771538430737}, "datetime": {"datetime": "2021-09-18 12:38:45", "elapsed": 836.427681, "delta": 4.155975}}
{"target": 0.39103054186017894, "params": {"C": 72.58258068735746, "epsilon": 9.756452486730803, "gamma": 0.0001}, "datetime": {"datetime": "2021-09-18 12:38:48", "elapsed": 839.447654, "delta": 3.019973}}
{"target": 0.4143422621953493, "params": {"C": 89.31071662389763, "epsilon": 9.545322969336626, "gamma": 0.0001}, "datetime": {"datetime": "2021-09-18 12:38:51", "elapsed": 842.314715, "delta": 2.867061}}
{"target": 0.7983731909454235, "params": {"C": 14.69704924912221, "epsilon": 5.029041859803852, "gamma": 0.012800498530243435}, "datetime": {"datetime": "2021-09-18 12:38:54", "elapsed": 845.72613, "delta": 3.411415}}
{"target": 0.84546462594702, "params": {"C": 12.904184204297252, "epsilon": 2.472365682652313, "gamma": 0.024584520297154265}, "datetime": {"datetime": "2021-09-18 12:38:59", "elapsed": 850.027297, "delta": 4.301167}}
{"target": 0.43666216434140626, "params": {"C": 99.05393550460082, "epsilon": 9.19590318997794, "gamma": 0.0001}, "datetime": {"datetime": "2021-09-18 12:39:03", "elapsed": 854.52101, "delta": 4.493713}}
{"target": 0.5882408958729177, "params": {"C": 92.33192508769496, "epsilon": 0.0001, "gamma": 0.0001}, "datetime": {"datetime": "2021-09-18 12:39:07", "elapsed": 858.166126, "delta": 3.645116}}
{"target": 0.5709254443487239, "params": {"C": 78.18714476534909, "epsilon": 2.711247999272009, "gamma": 0.0001}, "datetime": {"datetime": "2021-09-18 12:39:12", "elapsed": 862.844647, "delta": 4.678521}}
{"target": 0.45570581374420016, "params": {"C": 37.063349007288366, "epsilon": 0.8012945295704272, "gamma": 0.0001}, "datetime": {"datetime": "2021-09-18 12:39:16", "elapsed": 867.02594, "delta": 4.181293}}
{"target": 0.16390778561862906, "params": {"C": 8.749230058329852, "epsilon": 11.598532668719896, "gamma": 0.8469432381692016}, "datetime": {"datetime": "2021-09-18 12:39:19", "elapsed": 870.306939, "delta": 3.280999}}
{"target": 0.5161595691100962, "params": {"C": 40.82810152930549, "epsilon": 1.87839663043009, "gamma": 1.0}, "datetime": {"datetime": "2021-09-18 12:39:22", "elapsed": 873.555943, "delta": 3.249004}}
{"target": 0.6674932668305735, "params": {"C": 45.17984648519101, "epsilon": 0.8687622112176507, "gamma": 0.00048622618037331213}, "datetime": {"datetime": "2021-09-18 12:39:27", "elapsed": 878.217945, "delta": 4.662002}}
{"target": 0.5410033912256917, "params": {"C": 78.13908226721496, "epsilon": 4.3722158737002506, "gamma": 0.0001}, "datetime": {"datetime": "2021-09-18 12:39:31", "elapsed": 882.655937, "delta": 4.437992}}
{"target": -0.10483617722197347, "params": {"C": 66.1233517067799, "epsilon": 16.891954060539284, "gamma": 0.985089767046532}, "datetime": {"datetime": "2021-09-18 12:39:35", "elapsed": 886.606945, "delta": 3.951008}}
{"target": 0.5415812697347304, "params": {"C": 67.7113375897284, "epsilon": 3.2576511020426873, "gamma": 0.0001}, "datetime": {"datetime": "2021-09-18 12:39:40", "elapsed": 891.262772, "delta": 4.655827}}
{"target": 0.53229622347933, "params": {"C": 68.87496816340084, "epsilon": 2.630701770369824, "gamma": 0.8850131044260724}, "datetime": {"datetime": "2021-09-18 12:39:43", "elapsed": 894.511614, "delta": 3.248842}}
{"target": 0.5770418440520648, "params": {"C": 68.68341621731841, "epsilon": 10.476906374348694, "gamma": 0.0332158909027745}, "datetime": {"datetime": "2021-09-18 12:39:48", "elapsed": 899.348901, "delta": 4.837287}}
{"target": 0.5632098871339308, "params": {"C": 92.65768411567451, "epsilon": 4.175901127519165, "gamma": 0.0001}, "datetime": {"datetime": "2021-09-18 12:39:51", "elapsed": 902.582338, "delta": 3.233437}}
{"target": 0.8967741207590636, "params": {"C": 93.92431134003544, "epsilon": 0.02394616861865854, "gamma": 0.030492492354412263}, "datetime": {"datetime": "2021-09-18 12:39:55", "elapsed": 905.997809, "delta": 3.415471}}
{"target": 0.4327925344414143, "params": {"C": 80.83086927244517, "epsilon": 5.155929935500325, "gamma": 1.0}, "datetime": {"datetime": "2021-09-18 12:39:58", "elapsed": 909.077239, "delta": 3.07943}}
{"target": 0.8756319661853675, "params": {"C": 84.6454773613913, "epsilon": 0.6327668956259664, "gamma": 0.013913603240135786}, "datetime": {"datetime": "2021-09-18 12:40:03", "elapsed": 913.990333, "delta": 4.913094}}
{"target": -0.02870833177573151, "params": {"C": 61.83682803616088, "epsilon": 16.99343476931446, "gamma": 0.0001}, "datetime": {"datetime": "2021-09-18 12:40:07", "elapsed": 917.825339, "delta": 3.835006}}
{"target": 0.4874896522809872, "params": {"C": 68.57266489777894, "epsilon": 6.1045164540687535, "gamma": 0.0001}, "datetime": {"datetime": "2021-09-18 12:40:12", "elapsed": 923.47233, "delta": 5.646991}}
{"target": 0.3109992748168906, "params": {"C": 30.74690555776305, "epsilon": 8.266285268537573, "gamma": 1.0}, "datetime": {"datetime": "2021-09-18 12:40:17", "elapsed": 928.524938, "delta": 5.052608}}
{"target": 0.7080501276460529, "params": {"C": 84.01241534159932, "epsilon": 2.900507768287936, "gamma": 0.0006588140430395096}, "datetime": {"datetime": "2021-09-18 12:40:21", "elapsed": 932.681473, "delta": 4.156535}}
{"target": 0.5445150199208801, "params": {"C": 67.36659536184413, "epsilon": 1.6158421860610472, "gamma": 0.0001}, "datetime": {"datetime": "2021-09-18 12:40:26", "elapsed": 937.499366, "delta": 4.817893}}
{"target": 0.32835821579362445, "params": {"C": 26.67398718959254, "epsilon": 7.867522715705254, "gamma": 1.0}, "datetime": {"datetime": "2021-09-18 12:40:30", "elapsed": 940.965566, "delta": 3.4662}}
{"target": 0.46764751293147655, "params": {"C": 49.65744928366613, "epsilon": 5.568495791950561, "gamma": 0.0001}, "datetime": {"datetime": "2021-09-18 12:40:35", "elapsed": 946.126327, "delta": 5.160761}}
{"target": 0.31098652247775305, "params": {"C": 28.74370269954032, "epsilon": 9.034396869464288, "gamma": 0.0001}, "datetime": {"datetime": "2021-09-18 12:40:40", "elapsed": 951.101666, "delta": 4.975339}}
{"target": -0.20331418424528325, "params": {"C": 35.546071360465476, "epsilon": 20.0, "gamma": 1.0}, "datetime": {"datetime": "2021-09-18 12:40:43", "elapsed": 954.420231, "delta": 3.318565}}
{"target": 0.5965566553072943, "params": {"C": 49.34615684283695, "epsilon": 0.9333507360901158, "gamma": 0.7682623344674248}, "datetime": {"datetime": "2021-09-18 12:40:50", "elapsed": 961.135912, "delta": 6.715681}}
{"target": -0.20331418424528325, "params": {"C": 72.66854734198543, "epsilon": 20.0, "gamma": 1.0}, "datetime": {"datetime": "2021-09-18 12:40:56", "elapsed": 967.179477, "delta": 6.043565}}
{"target": 0.49063155744242626, "params": {"C": 49.88192356365029, "epsilon": 3.720319228631683, "gamma": 0.0001}, "datetime": {"datetime": "2021-09-18 12:41:00", "elapsed": 971.012323, "delta": 3.832846}}
{"target": 0.8513252186257002, "params": {"C": 48.26384778441506, "epsilon": 3.955297153823487, "gamma": 0.017969815496323833}, "datetime": {"datetime": "2021-09-18 12:41:03", "elapsed": 974.61467, "delta": 3.602347}}
{"target": 0.40228013529539375, "params": {"C": 65.72568605533993, "epsilon": 9.05014146431766, "gamma": 0.0001}, "datetime": {"datetime": "2021-09-18 12:41:07", "elapsed": 978.038379, "delta": 3.423709}}
{"target": 0.8613821030814742, "params": {"C": 51.24582431609577, "epsilon": 2.9021223277596193, "gamma": 0.019836800054531388}, "datetime": {"datetime": "2021-09-18 12:41:11", "elapsed": 982.495812, "delta": 4.457433}}
{"target": 0.5399725973961829, "params": {"C": 68.99450920858088, "epsilon": 0.0001, "gamma": 0.0001}, "datetime": {"datetime": "2021-09-18 12:41:16", "elapsed": 987.351493, "delta": 4.855681}}
{"target": 0.75967383714561, "params": {"C": 46.13886131170472, "epsilon": 7.068994617421729, "gamma": 0.01119597334941362}, "datetime": {"datetime": "2021-09-18 12:41:20", "elapsed": 991.038543, "delta": 3.68705}}
{"target": 0.04681788209987403, "params": {"C": 3.236049537632273, "epsilon": 12.51170507586989, "gamma": 0.0001}, "datetime": {"datetime": "2021-09-18 12:41:26", "elapsed": 997.091973, "delta": 6.05343}}
{"target": 0.4800264402321076, "params": {"C": 45.555521645740555, "epsilon": 3.9309219736884247, "gamma": 0.9563243034994938}, "datetime": {"datetime": "2021-09-18 12:41:31", "elapsed": 1002.340305, "delta": 5.248332}}
{"target": 0.49183869416828074, "params": {"C": 20.66323664335699, "epsilon": 2.0290751636291757, "gamma": 1.0}, "datetime": {"datetime": "2021-09-18 12:41:35", "elapsed": 1006.708703, "delta": 4.368398}}
{"target": 0.48056139784738994, "params": {"C": 48.86372957289748, "epsilon": 4.559286194312589, "gamma": 0.0001}, "datetime": {"datetime": "2021-09-18 12:41:40", "elapsed": 1011.132159, "delta": 4.423456}}
{"target": 0.6685028522867411, "params": {"C": 48.13622279073551, "epsilon": 3.3644666429975953, "gamma": 0.4395923545078456}, "datetime": {"datetime": "2021-09-18 12:41:45", "elapsed": 1016.635988, "delta": 5.503829}}
{"target": 0.7505776404765361, "params": {"C": 47.36896006299843, "epsilon": 4.290382895881838, "gamma": 0.0018010580666541001}, "datetime": {"datetime": "2021-09-18 12:41:50", "elapsed": 1021.252624, "delta": 4.616636}}
{"target": -0.06943411158243395, "params": {"C": 10.205807860624043, "epsilon": 16.005781953780826, "gamma": 1.0}, "datetime": {"datetime": "2021-09-18 12:41:54", "elapsed": 1025.607856, "delta": 4.355232}}
{"target": 0.869975686122255, "params": {"C": 75.22160904797667, "epsilon": 0.8946087220662673, "gamma": 0.0131636418615039}, "datetime": {"datetime": "2021-09-18 12:41:58", "elapsed": 1029.681982, "delta": 4.074126}}
{"target": 0.3483320545868678, "params": {"C": 18.53848943828404, "epsilon": 3.3332409412934143, "gamma": 0.0001}, "datetime": {"datetime": "2021-09-18 12:42:03", "elapsed": 1034.237348, "delta": 4.555366}}
{"target": 0.4957716528103685, "params": {"C": 18.914397750931293, "epsilon": 4.696768346715258, "gamma": 0.7767999691268295}, "datetime": {"datetime": "2021-09-18 12:42:08", "elapsed": 1039.194895, "delta": 4.957547}}
{"target": 0.8091256951046097, "params": {"C": 19.877737905828003, "epsilon": 4.565384894326872, "gamma": 0.011165296124456334}, "datetime": {"datetime": "2021-09-18 12:42:12", "elapsed": 1043.653718, "delta": 4.458823}}
