{"target": -2.0224431003968224, "params": {"C": 56.886938111367115, "epsilon": 0.408044454745672, "gamma": 0.04958874789202882}, "datetime": {"datetime": "2021-09-18 11:51:49", "elapsed": 25.357999, "delta": 0.347965}}
{"target": -1.9825643063426892, "params": {"C": 72.68845602901675, "epsilon": 0.2469518745164043, "gamma": 0.06854917719134954}, "datetime": {"datetime": "2021-09-18 11:51:50", "elapsed": 25.722004, "delta": 0.364005}}
{"target": -1.943820199644297, "params": {"C": 92.53469430218726, "epsilon": 0.15359521692128494, "gamma": 0.05833729046384867}, "datetime": {"datetime": "2021-09-18 11:51:50", "elapsed": 26.083002, "delta": 0.360998}}
{"target": -2.0039395282963723, "params": {"C": 67.56785102041206, "epsilon": 0.005980651916404158, "gamma": 0.04467265433014917}, "datetime": {"datetime": "2021-09-18 11:51:50", "elapsed": 26.462, "delta": 0.378998}}
{"target": -1.9654041378107934, "params": {"C": 95.41426835169236, "epsilon": 0.3833727996759027, "gamma": 0.06007319374430341}, "datetime": {"datetime": "2021-09-18 11:51:51", "elapsed": 26.842002, "delta": 0.380002}}
{"target": -1.9899802484618327, "params": {"C": 56.58969307728935, "epsilon": 0.31712617821451705, "gamma": 0.06603710805746354}, "datetime": {"datetime": "2021-09-18 11:51:51", "elapsed": 27.205999, "delta": 0.363997}}
{"target": -2.0079407149534068, "params": {"C": 57.555324703018634, "epsilon": 0.3968759563853984, "gamma": 0.06645237557602973}, "datetime": {"datetime": "2021-09-18 11:51:52", "elapsed": 27.673003, "delta": 0.467004}}
{"target": -2.0065487331755434, "params": {"C": 91.65124195466589, "epsilon": 0.4077847425478057, "gamma": 0.06853430937566418}, "datetime": {"datetime": "2021-09-18 11:51:52", "elapsed": 27.996004, "delta": 0.323001}}
{"target": -1.9584410286065463, "params": {"C": 85.66961328976657, "epsilon": 0.2739538398434809, "gamma": 0.052201407139147324}, "datetime": {"datetime": "2021-09-18 11:51:52", "elapsed": 28.373003, "delta": 0.376999}}
{"target": -1.962218742227189, "params": {"C": 97.85284046520621, "epsilon": 0.16077746775186838, "gamma": 0.04647564762854231}, "datetime": {"datetime": "2021-09-18 11:51:53", "elapsed": 28.751999, "delta": 0.378996}}
{"target": -2.0073622411917533, "params": {"C": 71.89012633556646, "epsilon": 0.22592022265761522, "gamma": 0.04479094080581215}, "datetime": {"datetime": "2021-09-18 11:51:53", "elapsed": 29.181038, "delta": 0.429039}}
{"target": -1.9771474302669527, "params": {"C": 89.82564067086622, "epsilon": 0.4443094296403711, "gamma": 0.06007605689144851}, "datetime": {"datetime": "2021-09-18 11:51:54", "elapsed": 29.586043, "delta": 0.405005}}
{"target": -1.944843400310356, "params": {"C": 83.68549302724098, "epsilon": 0.09774315772183059, "gamma": 0.05975582094313457}, "datetime": {"datetime": "2021-09-18 11:51:54", "elapsed": 30.182627, "delta": 0.596584}}
{"target": -1.9559759102703194, "params": {"C": 96.50239346540926, "epsilon": 0.01228562710336887, "gamma": 0.04436994486030648}, "datetime": {"datetime": "2021-09-18 11:51:55", "elapsed": 30.648587, "delta": 0.46596}}
{"target": -2.013950174608265, "params": {"C": 62.10205713442988, "epsilon": 0.09356546965318671, "gamma": 0.04414916217333591}, "datetime": {"datetime": "2021-09-18 11:51:55", "elapsed": 31.007622, "delta": 0.359035}}
{"target": -1.9598363274227506, "params": {"C": 95.59339166397356, "epsilon": 0.027133843226029006, "gamma": 0.04401641918993303}, "datetime": {"datetime": "2021-09-18 11:51:55", "elapsed": 31.417627, "delta": 0.410005}}
{"target": -1.9693365226918091, "params": {"C": 86.96111374692865, "epsilon": 0.2664757235066291, "gamma": 0.06601042252452334}, "datetime": {"datetime": "2021-09-18 11:51:56", "elapsed": 31.782666, "delta": 0.365039}}
{"target": -1.9590379531674376, "params": {"C": 97.36234559541703, "epsilon": 0.24702242124219867, "gamma": 0.060436748248844235}, "datetime": {"datetime": "2021-09-18 11:51:56", "elapsed": 32.198667, "delta": 0.416001}}
{"target": -1.948752996451604, "params": {"C": 84.91343009871451, "epsilon": 0.09659474308286738, "gamma": 0.062467401727545446}, "datetime": {"datetime": "2021-09-18 11:51:57", "elapsed": 32.852343, "delta": 0.653676}}
{"target": -1.9485413938006924, "params": {"C": 99.61408627521621, "epsilon": 0.18972876378337702, "gamma": 0.0585670713548895}, "datetime": {"datetime": "2021-09-18 11:51:57", "elapsed": 33.327385, "delta": 0.475042}}
{"target": -1.9480708833657214, "params": {"C": 80.08109685449124, "epsilon": 0.14274353266317585, "gamma": 0.0532567553003919}, "datetime": {"datetime": "2021-09-18 11:51:58", "elapsed": 33.737057, "delta": 0.409672}}
{"target": -1.98144108892763, "params": {"C": 68.66492475377646, "epsilon": 0.3761713264194315, "gamma": 0.0606189196676592}, "datetime": {"datetime": "2021-09-18 11:51:58", "elapsed": 34.255695, "delta": 0.518638}}
{"target": -2.0062195029800773, "params": {"C": 65.160554624694, "epsilon": 0.4166702699839544, "gamma": 0.0498596001836168}, "datetime": {"datetime": "2021-09-18 11:51:59", "elapsed": 34.784658, "delta": 0.528963}}
{"target": -1.956856480183637, "params": {"C": 86.62285041101168, "epsilon": 0.07712937240577782, "gamma": 0.06780689436662257}, "datetime": {"datetime": "2021-09-18 11:51:59", "elapsed": 35.317695, "delta": 0.533037}}
{"target": -1.9514440306631968, "params": {"C": 91.41907028151326, "epsilon": 0.04378488826241751, "gamma": 0.04615459190679215}, "datetime": {"datetime": "2021-09-18 11:52:00", "elapsed": 35.835656, "delta": 0.517961}}
{"target": -1.9964134496174193, "params": {"C": 76.970752745082, "epsilon": 0.0771676253663048, "gamma": 0.04410281333367745}, "datetime": {"datetime": "2021-09-18 11:52:00", "elapsed": 36.267659, "delta": 0.432003}}
{"target": -1.975146674521449, "params": {"C": 99.01669480339744, "epsilon": 0.2907535745234517, "gamma": 0.042713773807403606}, "datetime": {"datetime": "2021-09-18 11:52:01", "elapsed": 36.808658, "delta": 0.540999}}
{"target": -1.996660250192062, "params": {"C": 55.86192415766982, "epsilon": 0.25132330675017767, "gamma": 0.0531705068033435}, "datetime": {"datetime": "2021-09-18 11:52:01", "elapsed": 37.232661, "delta": 0.424003}}
{"target": -2.002546214990178, "params": {"C": 75.95772267793656, "epsilon": 0.4587023067985297, "gamma": 0.06728533957543942}, "datetime": {"datetime": "2021-09-18 11:52:02", "elapsed": 37.631657, "delta": 0.398996}}
{"target": -2.020993835190803, "params": {"C": 64.01465721311709, "epsilon": 0.41003594899366025, "gamma": 0.046519603618457694}, "datetime": {"datetime": "2021-09-18 11:52:02", "elapsed": 38.302239, "delta": 0.670582}}
{"target": -1.9669378690191577, "params": {"C": 89.82419572544592, "epsilon": 0.26150495282036085, "gamma": 0.06544635103189632}, "datetime": {"datetime": "2021-09-18 11:52:03", "elapsed": 38.698239, "delta": 0.396}}
{"target": -2.025784666732176, "params": {"C": 59.508459509137666, "epsilon": 0.4044067978994623, "gamma": 0.046138167482541036}, "datetime": {"datetime": "2021-09-18 11:52:03", "elapsed": 39.296116, "delta": 0.597877}}
{"target": -1.9514509252101315, "params": {"C": 63.192308453011464, "epsilon": 0.14241447567820226, "gamma": 0.06219765986698831}, "datetime": {"datetime": "2021-09-18 11:52:04", "elapsed": 39.702812, "delta": 0.406696}}
{"target": -1.980446799871546, "params": {"C": 54.954526134545645, "epsilon": 0.259361115268884, "gamma": 0.06540477089087632}, "datetime": {"datetime": "2021-09-18 11:52:04", "elapsed": 40.138085, "delta": 0.435273}}
{"target": -2.020101939487733, "params": {"C": 72.71418716096996, "epsilon": 0.3455500855001444, "gamma": 0.043133913459082185}, "datetime": {"datetime": "2021-09-18 11:52:05", "elapsed": 40.695084, "delta": 0.556999}}
{"target": -2.0011923340678837, "params": {"C": 65.03761498498059, "epsilon": 0.010405272424018095, "gamma": 0.04603562415019857}, "datetime": {"datetime": "2021-09-18 11:52:05", "elapsed": 41.13009, "delta": 0.435006}}
{"target": -1.9580566126444405, "params": {"C": 66.15513917596346, "epsilon": 0.23276250578132734, "gamma": 0.05827012232575737}, "datetime": {"datetime": "2021-09-18 11:52:06", "elapsed": 41.685664, "delta": 0.555574}}
{"target": -1.9613938704769351, "params": {"C": 84.81156520925711, "epsilon": 0.3155270648923936, "gamma": 0.05467031697465733}, "datetime": {"datetime": "2021-09-18 11:52:06", "elapsed": 42.141905, "delta": 0.456241}}
{"target": -1.9766897545221422, "params": {"C": 72.8366304073983, "epsilon": 0.39859331720186175, "gamma": 0.05602953652388734}, "datetime": {"datetime": "2021-09-18 11:52:07", "elapsed": 42.627453, "delta": 0.485548}}
{"target": -2.0407127096251076, "params": {"C": 57.85520699048411, "epsilon": 0.43171001530320746, "gamma": 0.04212341784260254}, "datetime": {"datetime": "2021-09-18 11:52:07", "elapsed": 43.109462, "delta": 0.482009}}
{"target": -1.9595101625443663, "params": {"C": 78.33893442372147, "epsilon": 0.06821634343956386, "gamma": 0.06787460514862136}, "datetime": {"datetime": "2021-09-18 11:52:07", "elapsed": 43.551062, "delta": 0.4416}}
{"target": -1.9623778531397442, "params": {"C": 90.56867542958321, "epsilon": 0.2473045450843113, "gamma": 0.05852791380558915}, "datetime": {"datetime": "2021-09-18 11:52:08", "elapsed": 44.222466, "delta": 0.671404}}
{"target": -1.982924803223436, "params": {"C": 80.84561638194047, "epsilon": 0.2538426737805005, "gamma": 0.04632509831778092}, "datetime": {"datetime": "2021-09-18 11:52:09", "elapsed": 44.703457, "delta": 0.480991}}
{"target": -1.964679637481811, "params": {"C": 85.2731981796017, "epsilon": 0.21019270928879602, "gamma": 0.04994622929097387}, "datetime": {"datetime": "2021-09-18 11:52:09", "elapsed": 45.246457, "delta": 0.543}}
{"target": -2.0347153812828638, "params": {"C": 55.40379769996958, "epsilon": 0.3555774894623275, "gamma": 0.042456788750457906}, "datetime": {"datetime": "2021-09-18 11:52:10", "elapsed": 45.825654, "delta": 0.579197}}
{"target": -1.9825176826023105, "params": {"C": 99.84135365980696, "epsilon": 0.4491611353655347, "gamma": 0.04995688388676668}, "datetime": {"datetime": "2021-09-18 11:52:10", "elapsed": 46.483661, "delta": 0.658007}}
{"target": -2.01790747569252, "params": {"C": 56.412669965283634, "epsilon": 0.370655110898853, "gamma": 0.05014746641342524}, "datetime": {"datetime": "2021-09-18 11:52:11", "elapsed": 46.922655, "delta": 0.438994}}
{"target": -1.9605307397152432, "params": {"C": 63.83257990719208, "epsilon": 0.06993105840478529, "gamma": 0.05293704431727089}, "datetime": {"datetime": "2021-09-18 11:52:11", "elapsed": 47.375657, "delta": 0.453002}}
{"target": -1.9835871923464508, "params": {"C": 80.49123219609642, "epsilon": 0.39134130480422763, "gamma": 0.06547515753810082}, "datetime": {"datetime": "2021-09-18 11:52:12", "elapsed": 47.870434, "delta": 0.494777}}
{"target": -2.004335573315933, "params": {"C": 65.96066981413136, "epsilon": 0.4114532227585334, "gamma": 0.06892646496223576}, "datetime": {"datetime": "2021-09-18 11:52:12", "elapsed": 48.465398, "delta": 0.594964}}
{"target": -1.9522164919502611, "params": {"C": 97.20231888667334, "epsilon": 0.08462585749261903, "gamma": 0.04712090603840099}, "datetime": {"datetime": "2021-09-18 11:52:13", "elapsed": 48.949397, "delta": 0.483999}}
{"target": -1.9874928257508617, "params": {"C": 75.08336434736266, "epsilon": 0.38624349019830617, "gamma": 0.04896149098101345}, "datetime": {"datetime": "2021-09-18 11:52:13", "elapsed": 49.428695, "delta": 0.479298}}
{"target": -1.9823625857896001, "params": {"C": 73.7217977596475, "epsilon": 0.3492003878611419, "gamma": 0.06677441434175152}, "datetime": {"datetime": "2021-09-18 11:52:14", "elapsed": 49.96819, "delta": 0.539495}}
{"target": -1.980949490748893, "params": {"C": 93.12174753209041, "epsilon": 0.40979558863642684, "gamma": 0.06268456266926434}, "datetime": {"datetime": "2021-09-18 11:52:14", "elapsed": 50.523182, "delta": 0.554992}}
{"target": -1.9987473823447832, "params": {"C": 78.07738199911581, "epsilon": 0.00827703572738556, "gamma": 0.04365000752580597}, "datetime": {"datetime": "2021-09-18 11:52:15", "elapsed": 51.58079, "delta": 1.057608}}
{"target": -1.9667010080791065, "params": {"C": 78.52539473043979, "epsilon": 0.2919511801683946, "gamma": 0.05898781241619559}, "datetime": {"datetime": "2021-09-18 11:52:16", "elapsed": 52.062907, "delta": 0.482117}}
{"target": -1.9716816347074186, "params": {"C": 62.09504487839759, "epsilon": 0.2848830854155932, "gamma": 0.055966653945709266}, "datetime": {"datetime": "2021-09-18 11:52:16", "elapsed": 52.558536, "delta": 0.495629}}
{"target": -1.9438000134999718, "params": {"C": 98.9739509373953, "epsilon": 0.11434246397252497, "gamma": 0.059988198981499}, "datetime": {"datetime": "2021-09-18 11:52:17", "elapsed": 53.188537, "delta": 0.630001}}
{"target": -1.9403202485065207, "params": {"C": 99.68239725767519, "epsilon": 0.11686885710831312, "gamma": 0.05329826512378701}, "datetime": {"datetime": "2021-09-18 11:52:18", "elapsed": 53.726138, "delta": 0.537601}}
{"target": -1.9789195314968806, "params": {"C": 54.03226417332422, "epsilon": 0.05906254779555708, "gamma": 0.05472651554821299}, "datetime": {"datetime": "2021-09-18 11:52:18", "elapsed": 54.511983, "delta": 0.785845}}
{"target": -1.9676592530750465, "params": {"C": 60.21646233945767, "epsilon": 0.14519419812970905, "gamma": 0.06775573440144796}, "datetime": {"datetime": "2021-09-18 11:52:19", "elapsed": 55.053984, "delta": 0.542001}}
{"target": -1.963519105873416, "params": {"C": 86.94210273411227, "epsilon": 0.18952806947046594, "gamma": 0.04902824881325059}, "datetime": {"datetime": "2021-09-18 11:52:20", "elapsed": 55.669987, "delta": 0.616003}}
{"target": -1.923701972035624, "params": {"C": 76.50805154770038, "epsilon": 0.02173051007067993, "gamma": 0.05786328304852589}, "datetime": {"datetime": "2021-09-18 11:52:20", "elapsed": 56.514984, "delta": 0.844997}}
{"target": -1.9780533182233209, "params": {"C": 86.14377755964526, "epsilon": 0.14566968253403756, "gamma": 0.04392063028907427}, "datetime": {"datetime": "2021-09-18 11:52:21", "elapsed": 57.126981, "delta": 0.611997}}
{"target": -1.9658144939276234, "params": {"C": 76.96284683635493, "epsilon": 0.10390860037228439, "gamma": 0.047609141394588564}, "datetime": {"datetime": "2021-09-18 11:52:22", "elapsed": 57.738987, "delta": 0.612006}}
{"target": -1.9880615649806057, "params": {"C": 72.68892525475744, "epsilon": 0.29068438581734474, "gamma": 0.04839602925838823}, "datetime": {"datetime": "2021-09-18 11:52:22", "elapsed": 58.52498, "delta": 0.785993}}
{"target": -1.977240755891313, "params": {"C": 65.80520736372655, "epsilon": 0.32582726787757166, "gamma": 0.06206701371306922}, "datetime": {"datetime": "2021-09-18 11:52:23", "elapsed": 59.054991, "delta": 0.530011}}
{"target": -1.9441199699063147, "params": {"C": 64.77828082284043, "epsilon": 0.1116678153713983, "gamma": 0.059297039862365994}, "datetime": {"datetime": "2021-09-18 11:52:23", "elapsed": 59.563983, "delta": 0.508992}}
{"target": -1.9413769473471747, "params": {"C": 99.6496863603349, "epsilon": 0.09209817129444295, "gamma": 0.05581992417216047}, "datetime": {"datetime": "2021-09-18 11:52:24", "elapsed": 60.399161, "delta": 0.835178}}
{"target": -1.9841896897312075, "params": {"C": 81.26385626127127, "epsilon": 0.38899682698325166, "gamma": 0.05000047841373728}, "datetime": {"datetime": "2021-09-18 11:52:25", "elapsed": 60.93816, "delta": 0.538999}}
{"target": -1.9831264322174773, "params": {"C": 82.24255042522341, "epsilon": 0.11125139719980508, "gamma": 0.04409852264037503}, "datetime": {"datetime": "2021-09-18 11:52:26", "elapsed": 61.659081, "delta": 0.720921}}
{"target": -1.9840992527625787, "params": {"C": 71.69304747285872, "epsilon": 0.14660782379012366, "gamma": 0.04766054525599543}, "datetime": {"datetime": "2021-09-18 11:52:26", "elapsed": 62.341311, "delta": 0.68223}}
{"target": -1.9506081899113632, "params": {"C": 73.48548804035629, "epsilon": 0.06969466088121579, "gamma": 0.0651397158698356}, "datetime": {"datetime": "2021-09-18 11:52:27", "elapsed": 63.376014, "delta": 1.034703}}
{"target": -1.9990366825725796, "params": {"C": 76.3883898858232, "epsilon": 0.3920530920642191, "gamma": 0.06933099181824559}, "datetime": {"datetime": "2021-09-18 11:52:28", "elapsed": 63.939067, "delta": 0.563053}}
{"target": -1.9343359535006828, "params": {"C": 93.03292389828059, "epsilon": 0.07109212368511526, "gamma": 0.054252597774176556}, "datetime": {"datetime": "2021-09-18 11:52:29", "elapsed": 64.611762, "delta": 0.672695}}
{"target": -1.9796158933210595, "params": {"C": 56.268327146604314, "epsilon": 0.2633712517962889, "gamma": 0.05772244970506754}, "datetime": {"datetime": "2021-09-18 11:52:29", "elapsed": 65.229763, "delta": 0.618001}}
{"target": -1.9556414684031678, "params": {"C": 70.36888083286856, "epsilon": 0.21709715735496546, "gamma": 0.05674510708244728}, "datetime": {"datetime": "2021-09-18 11:52:30", "elapsed": 65.811357, "delta": 0.581594}}
{"target": -2.008913782147008, "params": {"C": 70.18208326843151, "epsilon": 0.11080461050835973, "gamma": 0.0439298411310201}, "datetime": {"datetime": "2021-09-18 11:52:31", "elapsed": 66.760217, "delta": 0.94886}}
{"target": -1.9680992254297176, "params": {"C": 81.03971071125198, "epsilon": 0.2511127959055032, "gamma": 0.06385341288044194}, "datetime": {"datetime": "2021-09-18 11:52:32", "elapsed": 67.602344, "delta": 0.842127}}
{"target": -1.952307477242449, "params": {"C": 69.35267055516616, "epsilon": 0.1293536703598906, "gamma": 0.054549426766259394}, "datetime": {"datetime": "2021-09-18 11:52:32", "elapsed": 68.251785, "delta": 0.649441}}
{"target": -1.9539469876011184, "params": {"C": 89.55103956568001, "epsilon": 0.10833929926849963, "gamma": 0.048651268774361135}, "datetime": {"datetime": "2021-09-18 11:52:33", "elapsed": 69.090139, "delta": 0.838354}}
{"target": -1.962687326938947, "params": {"C": 96.5632435968208, "epsilon": 0.34917045020105514, "gamma": 0.05611460032095407}, "datetime": {"datetime": "2021-09-18 11:52:34", "elapsed": 69.910089, "delta": 0.81995}}
{"target": -1.9622449840237906, "params": {"C": 63.5220762664588, "epsilon": 0.202885836457823, "gamma": 0.06305560455612295}, "datetime": {"datetime": "2021-09-18 11:52:35", "elapsed": 70.620344, "delta": 0.710255}}
{"target": -1.9747397836073812, "params": {"C": 84.68732651758751, "epsilon": 0.4135918860682333, "gamma": 0.05803655010052665}, "datetime": {"datetime": "2021-09-18 11:52:35", "elapsed": 71.225345, "delta": 0.605001}}
{"target": -1.9596515471006866, "params": {"C": 97.89975408530393, "epsilon": 0.22603888199667863, "gamma": 0.04813986783137837}, "datetime": {"datetime": "2021-09-18 11:52:36", "elapsed": 71.931301, "delta": 0.705956}}
{"target": -2.03449104557167, "params": {"C": 54.63870309124326, "epsilon": 0.3511081755624245, "gamma": 0.04260584389175201}, "datetime": {"datetime": "2021-09-18 11:52:37", "elapsed": 72.782959, "delta": 0.851658}}
{"target": -1.9260186683201201, "params": {"C": 73.78754693244713, "epsilon": 0.026093133142857418, "gamma": 0.05711588149505426}, "datetime": {"datetime": "2021-09-18 11:52:38", "elapsed": 73.721564, "delta": 0.938605}}
{"target": -1.9797010451906105, "params": {"C": 67.93822900852001, "epsilon": 0.36338204485053277, "gamma": 0.0603929639924627}, "datetime": {"datetime": "2021-09-18 11:52:38", "elapsed": 74.372286, "delta": 0.650722}}
{"target": -1.9715422489701764, "params": {"C": 69.59293301986692, "epsilon": 0.14977274466904142, "gamma": 0.05089413989943087}, "datetime": {"datetime": "2021-09-18 11:52:39", "elapsed": 75.049276, "delta": 0.67699}}
{"target": -2.0101225813163337, "params": {"C": 56.29671018649955, "epsilon": 0.044997332079977026, "gamma": 0.047368414213497655}, "datetime": {"datetime": "2021-09-18 11:52:40", "elapsed": 76.292128, "delta": 1.242852}}
{"target": -1.9619654199329937, "params": {"C": 93.7803800850273, "epsilon": 0.31675252926060815, "gamma": 0.05738995296030117}, "datetime": {"datetime": "2021-09-18 11:52:41", "elapsed": 77.055126, "delta": 0.762998}}
{"target": -1.9845608528342986, "params": {"C": 56.29180740376394, "epsilon": 0.0730574267048403, "gamma": 0.05262757700813196}, "datetime": {"datetime": "2021-09-18 11:52:42", "elapsed": 77.735403, "delta": 0.680277}}
{"target": -1.925991798829339, "params": {"C": 77.66239778777036, "epsilon": 0.03363634666657657, "gamma": 0.05708183070588903}, "datetime": {"datetime": "2021-09-18 11:52:42", "elapsed": 78.528458, "delta": 0.793055}}
{"target": -2.016307571704683, "params": {"C": 69.10158512875387, "epsilon": 0.19764810787046852, "gamma": 0.042134289406322314}, "datetime": {"datetime": "2021-09-18 11:52:43", "elapsed": 79.409747, "delta": 0.881289}}
{"target": -1.9886100176447876, "params": {"C": 59.89650150573205, "epsilon": 0.01884139819193116, "gamma": 0.04994330172171685}, "datetime": {"datetime": "2021-09-18 11:52:44", "elapsed": 79.976559, "delta": 0.566812}}
{"target": -2.0113098475732074, "params": {"C": 60.2526349788835, "epsilon": 0.00605734668009822, "gamma": 0.04547409683845066}, "datetime": {"datetime": "2021-09-18 11:52:45", "elapsed": 80.686259, "delta": 0.7097}}
{"target": -2.0009826113457536, "params": {"C": 95.26481507864781, "epsilon": 0.3880041850884639, "gamma": 0.04112118168564352}, "datetime": {"datetime": "2021-09-18 11:52:45", "elapsed": 81.494037, "delta": 0.807778}}
{"target": -2.0077386443205008, "params": {"C": 85.66647781756392, "epsilon": 0.455734791595855, "gamma": 0.06748591300781405}, "datetime": {"datetime": "2021-09-18 11:52:46", "elapsed": 82.075295, "delta": 0.581258}}
{"target": -1.9625883424943162, "params": {"C": 98.44937774589177, "epsilon": 0.26433580724295824, "gamma": 0.04691338683434956}, "datetime": {"datetime": "2021-09-18 11:52:47", "elapsed": 82.659552, "delta": 0.584257}}
{"target": -1.932757864572973, "params": {"C": 92.12992072187774, "epsilon": 0.056257468366452804, "gamma": 0.0553762939635139}, "datetime": {"datetime": "2021-09-18 11:52:47", "elapsed": 83.44921, "delta": 0.789658}}
