{"target": 0.9069076497498674, "params": {"C": 501.8691678950478, "epsilon": 0.72538965724936, "gamma": 0.05711615436068851}, "datetime": {"datetime": "2021-09-18 15:38:38", "elapsed": 623.604201, "delta": 3.622706}}
{"target": 0.9067877978140654, "params": {"C": 538.3618987816996, "epsilon": 0.7680889086137536, "gamma": 0.05723690205602947}, "datetime": {"datetime": "2021-09-18 15:38:41", "elapsed": 626.794229, "delta": 3.190028}}
{"target": 0.902238477638428, "params": {"C": 538.3532097303578, "epsilon": 0.7002706073821026, "gamma": 0.07849029566399296}, "datetime": {"datetime": "2021-09-18 15:38:45", "elapsed": 630.762342, "delta": 3.968113}}
{"target": 0.9048199526669303, "params": {"C": 501.916652414609, "epsilon": 0.7706590416264747, "gamma": 0.07865910359206268}, "datetime": {"datetime": "2021-09-18 15:38:48", "elapsed": 633.809856, "delta": 3.047514}}
