{"target": -16.009088213188004, "params": {"C": 479.18248647847497, "epsilon": 0.9189523925504488, "gamma": 0.23984938444418955}, "datetime": {"datetime": "2021-09-27 17:38:36", "elapsed": 309.992475, "delta": 1.123244}}
{"target": -10.277555009829701, "params": {"C": 476.8820305073917, "epsilon": 0.7909683675850093, "gamma": 0.017774933553604464}, "datetime": {"datetime": "2021-09-27 17:38:39", "elapsed": 312.420103, "delta": 2.427628}}
{"target": -10.846573359008298, "params": {"C": 374.2844466759146, "epsilon": 0.38702081741553535, "gamma": 0.04609372030457038}, "datetime": {"datetime": "2021-09-27 17:38:41", "elapsed": 314.016477, "delta": 1.596374}}
{"target": -11.104530017733234, "params": {"C": 450.0995499416414, "epsilon": 0.5481926498021737, "gamma": 0.01}, "datetime": {"datetime": "2021-09-27 17:38:43", "elapsed": 316.553631, "delta": 2.537154}}
{"target": -12.28413891965888, "params": {"C": 412.6829015985485, "epsilon": 0.5618477720886953, "gamma": 0.07113332383875719}, "datetime": {"datetime": "2021-09-27 17:38:45", "elapsed": 318.548477, "delta": 1.994846}}
{"target": -10.323533532930647, "params": {"C": 405.1645451900836, "epsilon": 0.3024776443668803, "gamma": 0.021955124110072582}, "datetime": {"datetime": "2021-09-27 17:38:48", "elapsed": 321.16969, "delta": 2.621213}}
{"target": -10.703870153283509, "params": {"C": 377.5520469926677, "epsilon": 0.3996964620935659, "gamma": 0.0431350166644317}, "datetime": {"datetime": "2021-09-27 17:38:49", "elapsed": 322.793294, "delta": 1.623604}}
{"target": -10.891885415348593, "params": {"C": 341.02110060333047, "epsilon": 0.7180540285288582, "gamma": 0.012436557434243161}, "datetime": {"datetime": "2021-09-27 17:38:51", "elapsed": 324.656902, "delta": 1.863608}}
{"target": -11.035222378021373, "params": {"C": 476.9685755653673, "epsilon": 0.8516171985326759, "gamma": 0.01}, "datetime": {"datetime": "2021-09-27 17:38:53", "elapsed": 326.674902, "delta": 2.018}}
{"target": -13.809416947919212, "params": {"C": 413.638838638179, "epsilon": 0.9911315246867713, "gamma": 0.09294330335159072}, "datetime": {"datetime": "2021-09-27 17:38:55", "elapsed": 328.4018, "delta": 1.726898}}
{"target": -11.182808976472346, "params": {"C": 340.94133183102423, "epsilon": 0.12604025270030977, "gamma": 0.010941692669481758}, "datetime": {"datetime": "2021-09-27 17:38:57", "elapsed": 330.216333, "delta": 1.814533}}
{"target": -15.273227670946499, "params": {"C": 480.8653324671239, "epsilon": 0.6263627700013277, "gamma": 0.16018146212603554}, "datetime": {"datetime": "2021-09-27 17:38:58", "elapsed": 331.435583, "delta": 1.21925}}
{"target": -15.425057336514811, "params": {"C": 390.10573822514874, "epsilon": 0.9624752798921435, "gamma": 0.17312806165635333}, "datetime": {"datetime": "2021-09-27 17:38:59", "elapsed": 332.587246, "delta": 1.151663}}
{"target": -11.229236744976074, "params": {"C": 377.54172455705003, "epsilon": 0.31817482601458696, "gamma": 0.01}, "datetime": {"datetime": "2021-09-27 17:39:01", "elapsed": 334.690905, "delta": 2.103659}}
{"target": -10.882780303078713, "params": {"C": 404.6245250767828, "epsilon": 0.1186200993615094, "gamma": 0.04869533888690428}, "datetime": {"datetime": "2021-09-27 17:39:03", "elapsed": 336.589789, "delta": 1.898884}}
{"target": -14.345842438017689, "params": {"C": 377.66989137562194, "epsilon": 0.4150325749804676, "gamma": 0.11190514550732521}, "datetime": {"datetime": "2021-09-27 17:39:05", "elapsed": 338.993668, "delta": 2.403879}}
{"target": -10.550939948803572, "params": {"C": 341.2343193762755, "epsilon": 0.5484816230751417, "gamma": 0.03142248711887419}, "datetime": {"datetime": "2021-09-27 17:39:07", "elapsed": 340.923662, "delta": 1.929994}}
{"target": -15.162281317809883, "params": {"C": 416.1705514281209, "epsilon": 0.22576956606299722, "gamma": 0.19918637560661737}, "datetime": {"datetime": "2021-09-27 17:39:09", "elapsed": 342.145664, "delta": 1.222002}}
{"target": -10.266834879752347, "params": {"C": 367.2274967416075, "epsilon": 0.675392719030291, "gamma": 0.018809806472081383}, "datetime": {"datetime": "2021-09-27 17:39:11", "elapsed": 344.498451, "delta": 2.352787}}
{"target": -10.822069545174772, "params": {"C": 377.49726469349696, "epsilon": 0.46202391200496074, "gamma": 0.014990327439104494}, "datetime": {"datetime": "2021-09-27 17:39:13", "elapsed": 346.305579, "delta": 1.807128}}
{"target": -15.206044164830313, "params": {"C": 450.1266641533694, "epsilon": 0.5993614352632486, "gamma": 0.15667568451328387}, "datetime": {"datetime": "2021-09-27 17:39:15", "elapsed": 348.199525, "delta": 1.893946}}
{"target": -10.965638350347016, "params": {"C": 374.17816596507214, "epsilon": 0.44976640215467717, "gamma": 0.011699175890680157}, "datetime": {"datetime": "2021-09-27 17:39:17", "elapsed": 350.588087, "delta": 2.388562}}
{"target": -15.045054733372098, "params": {"C": 496.7243956674764, "epsilon": 0.6217594059049282, "gamma": 0.11845583643371628}, "datetime": {"datetime": "2021-09-27 17:39:18", "elapsed": 351.700156, "delta": 1.112069}}
{"target": -11.552766998826876, "params": {"C": 476.876340800203, "epsilon": 0.9957376584501406, "gamma": 0.05193334989793112}, "datetime": {"datetime": "2021-09-27 17:39:20", "elapsed": 353.323102, "delta": 1.622946}}
{"target": -10.234392822470099, "params": {"C": 437.9947642988163, "epsilon": 0.4459491355420128, "gamma": 0.02010669532200535}, "datetime": {"datetime": "2021-09-27 17:39:21", "elapsed": 354.479912, "delta": 1.15681}}
{"target": -14.866462482852395, "params": {"C": 438.03973055853004, "epsilon": 0.46337388580970673, "gamma": 0.12359012741162206}, "datetime": {"datetime": "2021-09-27 17:39:23", "elapsed": 356.663057, "delta": 2.183145}}
{"target": -11.188608411127554, "params": {"C": 437.90949482132316, "epsilon": 0.4129504276695651, "gamma": 0.01}, "datetime": {"datetime": "2021-09-27 17:39:25", "elapsed": 358.364997, "delta": 1.70194}}
{"target": -10.74064818382289, "params": {"C": 376.0698274516706, "epsilon": 0.24300988087151215, "gamma": 0.015820942920944825}, "datetime": {"datetime": "2021-09-27 17:39:26", "elapsed": 359.528009, "delta": 1.163012}}
{"target": -11.109621867287265, "params": {"C": 316.5353205331138, "epsilon": 0.1499097704710488, "gamma": 0.011148219258346902}, "datetime": {"datetime": "2021-09-27 17:39:29", "elapsed": 362.266746, "delta": 2.738737}}
{"target": -15.970544811097142, "params": {"C": 449.7497719191209, "epsilon": 0.5261854153812549, "gamma": 0.27318835591172624}, "datetime": {"datetime": "2021-09-27 17:39:30", "elapsed": 363.438964, "delta": 1.172218}}
{"target": -15.388023546285096, "params": {"C": 488.72351626554257, "epsilon": 0.7509359760695554, "gamma": 0.1641935377233411}, "datetime": {"datetime": "2021-09-27 17:39:32", "elapsed": 365.336973, "delta": 1.898009}}
{"target": -10.42579481057441, "params": {"C": 475.0350371712499, "epsilon": 0.8539064233278444, "gamma": 0.015733926824078908}, "datetime": {"datetime": "2021-09-27 17:39:34", "elapsed": 367.075645, "delta": 1.738672}}
{"target": -13.571513821137007, "params": {"C": 376.0034951676671, "epsilon": 0.23807115519162325, "gamma": 0.09866663986202538}, "datetime": {"datetime": "2021-09-27 17:39:35", "elapsed": 368.887269, "delta": 1.811624}}
{"target": -10.543220758818936, "params": {"C": 316.6416569291753, "epsilon": 0.14491416876418106, "gamma": 0.03501777599374444}, "datetime": {"datetime": "2021-09-27 17:39:38", "elapsed": 371.4689, "delta": 2.581631}}
{"target": -14.51204243704382, "params": {"C": 476.7637041172793, "epsilon": 0.94934429275339, "gamma": 0.10012603514269738}, "datetime": {"datetime": "2021-09-27 17:39:40", "elapsed": 373.314805, "delta": 1.845905}}
{"target": -16.00194158694796, "params": {"C": 372.7591034372702, "epsilon": 0.8781246376834618, "gamma": 0.244489640600043}, "datetime": {"datetime": "2021-09-27 17:39:41", "elapsed": 374.535804, "delta": 1.220999}}
{"target": -10.227252725400131, "params": {"C": 341.5235506177399, "epsilon": 0.31555088470591647, "gamma": 0.02347886253226388}, "datetime": {"datetime": "2021-09-27 17:39:43", "elapsed": 376.762006, "delta": 2.226202}}
{"target": -10.600852105617749, "params": {"C": 404.61422254724386, "epsilon": 0.0049348974805914275, "gamma": 0.022551139269973215}, "datetime": {"datetime": "2021-09-27 17:39:46", "elapsed": 379.036894, "delta": 2.274888}}
{"target": -10.497841202329283, "params": {"C": 367.35252027801505, "epsilon": 0.7781297454160162, "gamma": 0.0294087751835918}, "datetime": {"datetime": "2021-09-27 17:39:48", "elapsed": 381.157419, "delta": 2.120525}}
{"target": -10.503732335138034, "params": {"C": 488.6759186371363, "epsilon": 0.9456387864487409, "gamma": 0.027497489037942136}, "datetime": {"datetime": "2021-09-27 17:39:49", "elapsed": 382.82993, "delta": 1.672511}}
{"target": -13.866647844800061, "params": {"C": 404.54254118606934, "epsilon": 0.007021497762984361, "gamma": 0.10876429657180169}, "datetime": {"datetime": "2021-09-27 17:39:51", "elapsed": 384.727584, "delta": 1.897654}}
{"target": -11.973427545082204, "params": {"C": 488.79161045686817, "epsilon": 0.9375190948676337, "gamma": 0.05763243062410281}, "datetime": {"datetime": "2021-09-27 17:39:53", "elapsed": 386.776759, "delta": 2.049175}}
{"target": -11.257037469357174, "params": {"C": 433.043698158667, "epsilon": 0.27187212925976345, "gamma": 0.053017357735611934}, "datetime": {"datetime": "2021-09-27 17:39:55", "elapsed": 388.134047, "delta": 1.357288}}
{"target": -11.178150119898016, "params": {"C": 474.6167551287373, "epsilon": 0.6412219733025383, "gamma": 0.04838611390310563}, "datetime": {"datetime": "2021-09-27 17:39:57", "elapsed": 390.276484, "delta": 2.142437}}
{"target": -15.099149198985067, "params": {"C": 374.1818267836526, "epsilon": 0.5291028392176274, "gamma": 0.15499601126344217}, "datetime": {"datetime": "2021-09-27 17:39:59", "elapsed": 392.004294, "delta": 1.72781}}
{"target": -10.578210885734137, "params": {"C": 488.5963015847572, "epsilon": 0.8813942951505337, "gamma": 0.024024598665685605}, "datetime": {"datetime": "2021-09-27 17:40:01", "elapsed": 394.404445, "delta": 2.400151}}
{"target": -15.887603907976608, "params": {"C": 432.8090361904842, "epsilon": 0.5953757826603201, "gamma": 0.2539472573774304}, "datetime": {"datetime": "2021-09-27 17:40:02", "elapsed": 395.622608, "delta": 1.218163}}
{"target": -10.317192533271013, "params": {"C": 492.7099665392704, "epsilon": 0.8104312284146662, "gamma": 0.017735264627867522}, "datetime": {"datetime": "2021-09-27 17:40:03", "elapsed": 396.983254, "delta": 1.360646}}
{"target": -12.806146312340037, "params": {"C": 492.79223732653134, "epsilon": 0.7215451782990795, "gamma": 0.07226497941274575}, "datetime": {"datetime": "2021-09-27 17:40:06", "elapsed": 399.190926, "delta": 2.207672}}
{"target": -15.04791729405519, "params": {"C": 488.57910452837154, "epsilon": 0.9440386812644743, "gamma": 0.12956790410740465}, "datetime": {"datetime": "2021-09-27 17:40:08", "elapsed": 401.316676, "delta": 2.12575}}
{"target": -13.893029747317279, "params": {"C": 492.6693184305775, "epsilon": 0.7650312849326745, "gamma": 0.08785463539835736}, "datetime": {"datetime": "2021-09-27 17:40:10", "elapsed": 403.325683, "delta": 2.009007}}
{"target": -11.125387641618566, "params": {"C": 437.8062084429435, "epsilon": 0.6274619307785896, "gamma": 0.04884016618375724}, "datetime": {"datetime": "2021-09-27 17:40:11", "elapsed": 404.544636, "delta": 1.218953}}
{"target": -14.872964537246048, "params": {"C": 413.4039045948066, "epsilon": 0.111543840707374, "gamma": 0.1632747060092593}, "datetime": {"datetime": "2021-09-27 17:40:12", "elapsed": 405.70717, "delta": 1.162534}}
{"target": -16.032274866737758, "params": {"C": 302.37650035718525, "epsilon": 0.7566931406581404, "gamma": 0.26318224972706045}, "datetime": {"datetime": "2021-09-27 17:40:13", "elapsed": 406.886863, "delta": 1.179693}}
{"target": -13.65870283216962, "params": {"C": 437.8590967410471, "epsilon": 0.5151292506573849, "gamma": 0.09091097758900471}, "datetime": {"datetime": "2021-09-27 17:40:15", "elapsed": 408.923446, "delta": 2.036583}}
{"target": -15.118968152415341, "params": {"C": 417.32018807866285, "epsilon": 0.8778650178320274, "gamma": 0.14288401233080744}, "datetime": {"datetime": "2021-09-27 17:40:17", "elapsed": 410.114451, "delta": 1.191005}}
{"target": -13.858066546911019, "params": {"C": 499.50760201551327, "epsilon": 0.5585888636873816, "gamma": 0.08937062400917675}, "datetime": {"datetime": "2021-09-27 17:40:18", "elapsed": 411.310452, "delta": 1.196001}}
{"target": -10.993537737602477, "params": {"C": 376.18590782508875, "epsilon": 0.2724596204613919, "gamma": 0.012943777442659584}, "datetime": {"datetime": "2021-09-27 17:40:20", "elapsed": 413.5274, "delta": 2.216948}}
{"target": -14.436988498257652, "params": {"C": 405.53162708576923, "epsilon": 0.6764091034998047, "gamma": 0.10690723504363332}, "datetime": {"datetime": "2021-09-27 17:40:22", "elapsed": 415.423125, "delta": 1.895725}}
{"target": -13.68264063183501, "params": {"C": 341.61944183715735, "epsilon": 0.611669364075082, "gamma": 0.09992769141556775}, "datetime": {"datetime": "2021-09-27 17:40:23", "elapsed": 416.627497, "delta": 1.204372}}
{"target": -13.395964899289648, "params": {"C": 400.4428177316781, "epsilon": 0.6893901564633127, "gamma": 0.08742308181732102}, "datetime": {"datetime": "2021-09-27 17:40:24", "elapsed": 417.879474, "delta": 1.251977}}
{"target": -11.229922040947814, "params": {"C": 374.18241660775936, "epsilon": 0.3279603159800263, "gamma": 0.01}, "datetime": {"datetime": "2021-09-27 17:40:26", "elapsed": 419.879885, "delta": 2.000411}}
{"target": -14.933540555501192, "params": {"C": 433.0360392204336, "epsilon": 0.20884414587197458, "gamma": 0.17300878902552644}, "datetime": {"datetime": "2021-09-27 17:40:28", "elapsed": 421.866131, "delta": 1.986246}}
{"target": -11.211946940147085, "params": {"C": 438.0053188772668, "epsilon": 0.352571275257497, "gamma": 0.01}, "datetime": {"datetime": "2021-09-27 17:40:30", "elapsed": 423.803639, "delta": 1.937508}}
{"target": -10.482294376295432, "params": {"C": 492.75847911393186, "epsilon": 0.8479690180923767, "gamma": 0.025049620069669612}, "datetime": {"datetime": "2021-09-27 17:40:32", "elapsed": 425.81558, "delta": 2.011941}}
{"target": -10.644235090279, "params": {"C": 376.16558323840616, "epsilon": 0.14095294358129767, "gamma": 0.04055064629940906}, "datetime": {"datetime": "2021-09-27 17:40:35", "elapsed": 428.059445, "delta": 2.243865}}
{"target": -12.619685879479652, "params": {"C": 404.72400329301445, "epsilon": 0.3178140729179401, "gamma": 0.07838947476712839}, "datetime": {"datetime": "2021-09-27 17:40:36", "elapsed": 429.276443, "delta": 1.216998}}
{"target": -10.713391768168117, "params": {"C": 376.0669149717989, "epsilon": 0.037672390077278774, "gamma": 0.03560116550605182}, "datetime": {"datetime": "2021-09-27 17:40:38", "elapsed": 431.82599, "delta": 2.549547}}
{"target": -10.536673613785194, "params": {"C": 367.4449447713527, "epsilon": 0.8257588921798431, "gamma": 0.026722735556369538}, "datetime": {"datetime": "2021-09-27 17:40:42", "elapsed": 435.006916, "delta": 3.180926}}
{"target": -10.742591704224063, "params": {"C": 404.99760199817933, "epsilon": 0.24977904704251153, "gamma": 0.016052034122799184}, "datetime": {"datetime": "2021-09-27 17:40:44", "elapsed": 437.551403, "delta": 2.544487}}
{"target": -11.04660816552373, "params": {"C": 492.6754792161084, "epsilon": 0.904921795224777, "gamma": 0.01}, "datetime": {"datetime": "2021-09-27 17:40:46", "elapsed": 439.904612, "delta": 2.353209}}
{"target": -11.081531898820323, "params": {"C": 405.48591560798536, "epsilon": 0.8190364004269377, "gamma": 0.01}, "datetime": {"datetime": "2021-09-27 17:40:49", "elapsed": 442.862225, "delta": 2.957613}}
{"target": -12.261601157542499, "params": {"C": 498.67260537750445, "epsilon": 0.6725604778587557, "gamma": 0.0662756284749236}, "datetime": {"datetime": "2021-09-27 17:40:51", "elapsed": 444.182022, "delta": 1.319797}}
{"target": -10.463616008909545, "params": {"C": 437.7256236262828, "epsilon": 0.7423501935367864, "gamma": 0.031344121353908405}, "datetime": {"datetime": "2021-09-27 17:40:54", "elapsed": 447.660295, "delta": 3.478273}}
{"target": -14.915161278390105, "params": {"C": 450.83581550446564, "epsilon": 0.2497824605790501, "gamma": 0.15231045545894767}, "datetime": {"datetime": "2021-09-27 17:40:55", "elapsed": 448.971284, "delta": 1.310989}}
{"target": -11.085941320268018, "params": {"C": 476.77444499047107, "epsilon": 0.623470038397835, "gamma": 0.01}, "datetime": {"datetime": "2021-09-27 17:40:58", "elapsed": 451.804826, "delta": 2.833542}}
{"target": -13.285959275454301, "params": {"C": 437.82278916299816, "epsilon": 0.7801117481614058, "gamma": 0.08150018537966723}, "datetime": {"datetime": "2021-09-27 17:41:02", "elapsed": 455.317826, "delta": 3.513}}
{"target": -15.35700812571575, "params": {"C": 486.2457996458142, "epsilon": 0.44987928267997124, "gamma": 0.1866178122408368}, "datetime": {"datetime": "2021-09-27 17:41:03", "elapsed": 456.634382, "delta": 1.316556}}
{"target": -10.663502225814181, "params": {"C": 376.2780689536296, "epsilon": 0.0704888638567795, "gamma": 0.03328798301742307}, "datetime": {"datetime": "2021-09-27 17:41:05", "elapsed": 458.918385, "delta": 2.284003}}
{"target": -14.94899923475904, "params": {"C": 437.64917551753297, "epsilon": 0.7657839984017796, "gamma": 0.1170273574981504}, "datetime": {"datetime": "2021-09-27 17:41:08", "elapsed": 461.193642, "delta": 2.275257}}
{"target": -14.734870336689207, "params": {"C": 376.3404134144332, "epsilon": 0.038926841450035235, "gamma": 0.14337963574787468}, "datetime": {"datetime": "2021-09-27 17:41:11", "elapsed": 464.040175, "delta": 2.846533}}
{"target": -11.03253086726287, "params": {"C": 488.67387015876704, "epsilon": 0.8552552488834666, "gamma": 0.01}, "datetime": {"datetime": "2021-09-27 17:41:13", "elapsed": 466.704975, "delta": 2.6648}}
{"target": -10.660572617841057, "params": {"C": 330.17399866758, "epsilon": 0.7933740719017001, "gamma": 0.04201307437123699}, "datetime": {"datetime": "2021-09-27 17:41:15", "elapsed": 468.146755, "delta": 1.44178}}
{"target": -12.535568899894365, "params": {"C": 330.132109770144, "epsilon": 0.9095081059765522, "gamma": 0.07359363401881895}, "datetime": {"datetime": "2021-09-27 17:41:17", "elapsed": 470.71402, "delta": 2.567265}}
{"target": -11.14554525961109, "params": {"C": 330.1466623545047, "epsilon": 0.6901788325653773, "gamma": 0.01}, "datetime": {"datetime": "2021-09-27 17:41:21", "elapsed": 474.452722, "delta": 3.738702}}
{"target": -14.898730366963287, "params": {"C": 310.55520524859037, "epsilon": 0.19973028963649186, "gamma": 0.18627409381910032}, "datetime": {"datetime": "2021-09-27 17:41:22", "elapsed": 475.903523, "delta": 1.450801}}
{"target": -12.426876144883666, "params": {"C": 330.35240737186666, "epsilon": 0.7906038905609262, "gamma": 0.0745566885786615}, "datetime": {"datetime": "2021-09-27 17:41:26", "elapsed": 479.604004, "delta": 3.700481}}
{"target": -11.43303812955014, "params": {"C": 376.18032444916787, "epsilon": 0.026544811792691882, "gamma": 0.01}, "datetime": {"datetime": "2021-09-27 17:41:30", "elapsed": 483.589347, "delta": 3.985343}}
{"target": -13.66905370402948, "params": {"C": 330.1966647889055, "epsilon": 0.7048709615226298, "gamma": 0.09894741074782445}, "datetime": {"datetime": "2021-09-27 17:41:33", "elapsed": 486.125658, "delta": 2.536311}}
{"target": -10.409395293291759, "params": {"C": 376.26426060761673, "epsilon": 0.23327186816233203, "gamma": 0.03121853357512666}, "datetime": {"datetime": "2021-09-27 17:41:36", "elapsed": 489.169173, "delta": 3.043515}}
{"target": -10.2153776930362, "params": {"C": 376.3130675191328, "epsilon": 0.36410498723438395, "gamma": 0.021492530660177405}, "datetime": {"datetime": "2021-09-27 17:41:39", "elapsed": 492.674638, "delta": 3.505465}}
{"target": -15.874757427931884, "params": {"C": 323.37170005140985, "epsilon": 0.991255533605416, "gamma": 0.22018500253816956}, "datetime": {"datetime": "2021-09-27 17:41:41", "elapsed": 494.141002, "delta": 1.466364}}
{"target": -11.60662300496232, "params": {"C": 482.91924335631836, "epsilon": 0.3363761225607731, "gamma": 0.056917836711300025}, "datetime": {"datetime": "2021-09-27 17:41:42", "elapsed": 495.760216, "delta": 1.619214}}
{"target": -13.403809748024695, "params": {"C": 416.64967570089823, "epsilon": 0.09229413407863195, "gamma": 0.09434085788402206}, "datetime": {"datetime": "2021-09-27 17:41:44", "elapsed": 497.293925, "delta": 1.533709}}
{"target": -14.86615303135596, "params": {"C": 376.1255223147782, "epsilon": 0.07243856275534312, "gamma": 0.17159238350085254}, "datetime": {"datetime": "2021-09-27 17:41:47", "elapsed": 500.109926, "delta": 2.816001}}
{"target": -10.833489278910625, "params": {"C": 376.2129335795738, "epsilon": 0.46756760846801015, "gamma": 0.045588706496887677}, "datetime": {"datetime": "2021-09-27 17:41:50", "elapsed": 503.060211, "delta": 2.950285}}
{"target": -11.10113423206794, "params": {"C": 330.0688570415039, "epsilon": 0.7789075100574646, "gamma": 0.01}, "datetime": {"datetime": "2021-09-27 17:41:52", "elapsed": 505.630421, "delta": 2.57021}}
{"target": -15.102786358550896, "params": {"C": 384.450091789793, "epsilon": 0.8801530877482225, "gamma": 0.1425847090718863}, "datetime": {"datetime": "2021-09-27 17:41:54", "elapsed": 507.270946, "delta": 1.640525}}
{"target": -13.298129247919663, "params": {"C": 376.22919992863575, "epsilon": 0.3196457103917928, "gamma": 0.09080495506641122}, "datetime": {"datetime": "2021-09-27 17:41:57", "elapsed": 510.77088, "delta": 3.499934}}
{"target": -15.06993360316573, "params": {"C": 428.2133854359613, "epsilon": 0.1550005903238207, "gamma": 0.18836040632973472}, "datetime": {"datetime": "2021-09-27 17:41:59", "elapsed": 512.235377, "delta": 1.464497}}
