{"target": -2.2361916422729307, "params": {"C": 62.84323459264137, "epsilon": 0.22530401941541997, "gamma": 0.013189442568386407}, "datetime": {"datetime": "2021-09-18 11:09:13", "elapsed": 242.859167, "delta": 2.355524}}
{"target": -2.120694668349546, "params": {"C": 62.77155583004035, "epsilon": 0.26724271584018117, "gamma": 0.09961451683871236}, "datetime": {"datetime": "2021-09-18 11:09:15", "elapsed": 245.171532, "delta": 2.312365}}
{"target": -2.0709207278756985, "params": {"C": 50.600820697910635, "epsilon": 0.49736096757330894, "gamma": 0.03704491442788378}, "datetime": {"datetime": "2021-09-18 11:09:18", "elapsed": 248.080305, "delta": 2.908773}}
{"target": -2.132984769659338, "params": {"C": 73.25113806246219, "epsilon": 0.30647382659712524, "gamma": 0.09766786503513317}, "datetime": {"datetime": "2021-09-18 11:09:20", "elapsed": 250.059957, "delta": 1.979652}}
{"target": -2.0183565841697244, "params": {"C": 62.8617276334465, "epsilon": 0.2355775188744093, "gamma": 0.08012220486519825}, "datetime": {"datetime": "2021-09-18 11:09:22", "elapsed": 252.093052, "delta": 2.033095}}
{"target": -2.462779032579545, "params": {"C": 94.39436181669848, "epsilon": 1.1655767780894202, "gamma": 0.12492110555078823}, "datetime": {"datetime": "2021-09-18 11:09:23", "elapsed": 253.143053, "delta": 1.050001}}
{"target": -2.0974648754455627, "params": {"C": 40.02158884256884, "epsilon": 1.0787655840446737, "gamma": 0.0647960960765469}, "datetime": {"datetime": "2021-09-18 11:09:25", "elapsed": 254.509518, "delta": 1.366465}}
{"target": -2.6519100769480075, "params": {"C": 57.204193874989656, "epsilon": 1.169919606631799, "gamma": 0.1818116900679252}, "datetime": {"datetime": "2021-09-18 11:09:26", "elapsed": 255.563366, "delta": 1.053848}}
{"target": -2.183186761489685, "params": {"C": 88.59489790731703, "epsilon": 0.18323615535667526, "gamma": 0.016518225349800082}, "datetime": {"datetime": "2021-09-18 11:09:29", "elapsed": 259.050304, "delta": 3.486938}}
{"target": -2.229117595904125, "params": {"C": 98.1497951340497, "epsilon": 0.37558664334513003, "gamma": 0.10573694895867448}, "datetime": {"datetime": "2021-09-18 11:09:31", "elapsed": 261.231886, "delta": 2.181582}}
{"target": -2.144188624169179, "params": {"C": 62.90303347815018, "epsilon": 0.33886278132971237, "gamma": 0.020778806519112236}, "datetime": {"datetime": "2021-09-18 11:09:34", "elapsed": 264.064612, "delta": 2.832726}}
{"target": -2.1340828210989224, "params": {"C": 29.372828879691266, "epsilon": 0.6909479729458371, "gamma": 0.09059890238311859}, "datetime": {"datetime": "2021-09-18 11:09:35", "elapsed": 265.142573, "delta": 1.077961}}
{"target": -2.2611495660596703, "params": {"C": 98.09862192207385, "epsilon": 0.4567045246095824, "gamma": 0.010806847756027364}, "datetime": {"datetime": "2021-09-18 11:09:38", "elapsed": 267.735747, "delta": 2.593174}}
{"target": -2.245780276034622, "params": {"C": 62.63690109666983, "epsilon": 0.37989704725531803, "gamma": 0.012698937912833224}, "datetime": {"datetime": "2021-09-18 11:09:40", "elapsed": 269.643787, "delta": 1.90804}}
{"target": -2.0822456055859355, "params": {"C": 97.8014315870599, "epsilon": 1.2611895059833267, "gamma": 0.06767098453265914}, "datetime": {"datetime": "2021-09-18 11:09:41", "elapsed": 270.868785, "delta": 1.224998}}
{"target": -2.1695712497578934, "params": {"C": 50.64488876224547, "epsilon": 0.4209471619659792, "gamma": 0.021697869783934235}, "datetime": {"datetime": "2021-09-18 11:09:43", "elapsed": 272.850786, "delta": 1.982001}}
{"target": -2.2112994890982036, "params": {"C": 98.44246471137814, "epsilon": 0.7074627614625532, "gamma": 0.01593154823359857}, "datetime": {"datetime": "2021-09-18 11:09:45", "elapsed": 274.745784, "delta": 1.894998}}
{"target": -2.207394268125028, "params": {"C": 73.2638009082413, "epsilon": 0.3038516524658345, "gamma": 0.015167306891813054}, "datetime": {"datetime": "2021-09-18 11:09:47", "elapsed": 276.70867, "delta": 1.962886}}
{"target": -2.0248327042671157, "params": {"C": 88.45468419234996, "epsilon": 0.46164004700333444, "gamma": 0.07257257000284309}, "datetime": {"datetime": "2021-09-18 11:09:49", "elapsed": 279.102669, "delta": 2.393999}}
{"target": -1.9860110597205238, "params": {"C": 88.57089828604593, "epsilon": 0.437250940723397, "gamma": 0.050141879238137545}, "datetime": {"datetime": "2021-09-18 11:09:51", "elapsed": 281.042138, "delta": 1.939469}}
{"target": -2.1317731115578464, "params": {"C": 62.86913993074938, "epsilon": 0.3091705035990358, "gamma": 0.10165032315027168}, "datetime": {"datetime": "2021-09-18 11:09:53", "elapsed": 283.0052, "delta": 1.963062}}
{"target": -2.6012178208043264, "params": {"C": 61.700417904192705, "epsilon": 1.3019463716902964, "gamma": 0.15881555010040116}, "datetime": {"datetime": "2021-09-18 11:09:54", "elapsed": 284.065859, "delta": 1.060659}}
{"target": -2.06711444199251, "params": {"C": 88.50625364656307, "epsilon": 0.5152061059603741, "gamma": 0.07856488374508974}, "datetime": {"datetime": "2021-09-18 11:09:57", "elapsed": 286.664738, "delta": 2.598879}}
{"target": -1.990799536319473, "params": {"C": 62.31968700783, "epsilon": 0.2859442816013064, "gamma": 0.06781350519001046}, "datetime": {"datetime": "2021-09-18 11:09:58", "elapsed": 287.78736, "delta": 1.122622}}
{"target": -2.059200446449849, "params": {"C": 88.41939265387032, "epsilon": 0.5190290148526723, "gamma": 0.0290891299548207}, "datetime": {"datetime": "2021-09-18 11:10:00", "elapsed": 290.101794, "delta": 2.314434}}
{"target": -2.327405530141428, "params": {"C": 90.83279478956253, "epsilon": 0.35009119096232755, "gamma": 0.12654936864218103}, "datetime": {"datetime": "2021-09-18 11:10:01", "elapsed": 291.310802, "delta": 1.209008}}
{"target": -2.079063886060276, "params": {"C": 88.63166643873609, "epsilon": 0.3991387193843174, "gamma": 0.08350958603980566}, "datetime": {"datetime": "2021-09-18 11:10:04", "elapsed": 294.480674, "delta": 3.169872}}
{"target": -2.2870113059031105, "params": {"C": 88.5367474950653, "epsilon": 0.5831415182976133, "gamma": 0.010554349550981047}, "datetime": {"datetime": "2021-09-18 11:10:06", "elapsed": 296.388831, "delta": 1.908157}}
{"target": -2.1910469785341724, "params": {"C": 82.57391259613414, "epsilon": 0.42719748179565314, "gamma": 0.015910624281884934}, "datetime": {"datetime": "2021-09-18 11:10:08", "elapsed": 297.645501, "delta": 1.25667}}
{"target": -2.3301152775174283, "params": {"C": 88.4165680499346, "epsilon": 0.5254371733234936, "gamma": 0.12090325510237054}, "datetime": {"datetime": "2021-09-18 11:10:10", "elapsed": 299.846288, "delta": 2.200787}}
{"target": -2.520705268378738, "params": {"C": 53.69659919369457, "epsilon": 0.11645593356267325, "gamma": 0.19797496916877386}, "datetime": {"datetime": "2021-09-18 11:10:11", "elapsed": 300.991511, "delta": 1.145223}}
{"target": -2.493411861207943, "params": {"C": 47.296901987120194, "epsilon": 0.09400331054449665, "gamma": 0.19560267451398464}, "datetime": {"datetime": "2021-09-18 11:10:12", "elapsed": 302.216188, "delta": 1.224677}}
{"target": -2.374762851527181, "params": {"C": 80.76146881606601, "epsilon": 0.9709272252525922, "gamma": 0.11835400590846841}, "datetime": {"datetime": "2021-09-18 11:10:13", "elapsed": 303.399196, "delta": 1.183008}}
{"target": -2.0413630772208298, "params": {"C": 98.26800966395344, "epsilon": 0.3937531903675947, "gamma": 0.029150764865456265}, "datetime": {"datetime": "2021-09-18 11:10:16", "elapsed": 305.540556, "delta": 2.14136}}
{"target": -2.1977907850733267, "params": {"C": 98.22896697212441, "epsilon": 0.4509759098350257, "gamma": 0.0976043681308779}, "datetime": {"datetime": "2021-09-18 11:10:18", "elapsed": 307.591009, "delta": 2.050453}}
{"target": -2.2779332577529194, "params": {"C": 98.20625029339713, "epsilon": 0.34557124641120784, "gamma": 0.01}, "datetime": {"datetime": "2021-09-18 11:10:20", "elapsed": 310.276444, "delta": 2.685435}}
{"target": -2.2316542737824876, "params": {"C": 54.86319290237209, "epsilon": 1.058108380860471, "gamma": 0.02452706910543391}, "datetime": {"datetime": "2021-09-18 11:10:23", "elapsed": 312.504036, "delta": 2.227592}}
{"target": -2.317425562140434, "params": {"C": 36.653338086716914, "epsilon": 0.6803528404591407, "gamma": 0.136352473465683}, "datetime": {"datetime": "2021-09-18 11:10:24", "elapsed": 313.671196, "delta": 1.16716}}
{"target": -2.2940328313831078, "params": {"C": 99.09328388379693, "epsilon": 1.3217040033318388, "gamma": 0.09131425765499827}, "datetime": {"datetime": "2021-09-18 11:10:25", "elapsed": 315.00052, "delta": 1.329324}}
{"target": -2.3083037632424777, "params": {"C": 54.90118610677184, "epsilon": 0.8946180175600779, "gamma": 0.11736006696133715}, "datetime": {"datetime": "2021-09-18 11:10:28", "elapsed": 317.929792, "delta": 2.929272}}
{"target": -2.0086385357259604, "params": {"C": 88.48955484061635, "epsilon": 0.10384170701533621, "gamma": 0.037082667438721954}, "datetime": {"datetime": "2021-09-18 11:10:33", "elapsed": 322.488192, "delta": 4.5584}}
{"target": -2.1142736189440017, "params": {"C": 88.43996819715798, "epsilon": 0.19499048755635207, "gamma": 0.02265028904018563}, "datetime": {"datetime": "2021-09-18 11:10:35", "elapsed": 325.06291, "delta": 2.574718}}
{"target": -2.2834696502840153, "params": {"C": 88.62979299649128, "epsilon": 0.45735827867474277, "gamma": 0.01}, "datetime": {"datetime": "2021-09-18 11:10:38", "elapsed": 328.406646, "delta": 3.343736}}
{"target": -2.5449799050491975, "params": {"C": 75.88666458944807, "epsilon": 0.7644573671527028, "gamma": 0.16339341926576034}, "datetime": {"datetime": "2021-09-18 11:10:40", "elapsed": 329.629241, "delta": 1.222595}}
{"target": -2.04250580494455, "params": {"C": 88.4908641943739, "epsilon": 0.49237646677549174, "gamma": 0.03557140360507884}, "datetime": {"datetime": "2021-09-18 11:10:42", "elapsed": 331.889462, "delta": 2.260221}}
{"target": -2.1494153252948838, "params": {"C": 98.34312228240749, "epsilon": 0.415087937840426, "gamma": 0.017971146948771347}, "datetime": {"datetime": "2021-09-18 11:10:45", "elapsed": 335.23073, "delta": 3.341268}}
{"target": -2.0867940777414336, "params": {"C": 88.42775782277012, "epsilon": 0.08140755102311552, "gamma": 0.026331177762821116}, "datetime": {"datetime": "2021-09-18 11:10:47", "elapsed": 337.468643, "delta": 2.237913}}
{"target": -2.0823213093004016, "params": {"C": 38.915750421369864, "epsilon": 0.6533823362959784, "gamma": 0.04110027991833273}, "datetime": {"datetime": "2021-09-18 11:10:50", "elapsed": 340.016815, "delta": 2.548172}}
{"target": -1.9512258736845758, "params": {"C": 88.58552822832094, "epsilon": 0.012168584594670023, "gamma": 0.0673265476497911}, "datetime": {"datetime": "2021-09-18 11:10:52", "elapsed": 342.025319, "delta": 2.008504}}
{"target": -2.014755243631493, "params": {"C": 34.7050885303741, "epsilon": 0.026371354686071165, "gamma": 0.07190350556717252}, "datetime": {"datetime": "2021-09-18 11:10:54", "elapsed": 344.335838, "delta": 2.310519}}
{"target": -2.0353468354222413, "params": {"C": 88.57893491359368, "epsilon": 0.015966918636872614, "gamma": 0.03116659082097783}, "datetime": {"datetime": "2021-09-18 11:10:57", "elapsed": 347.109973, "delta": 2.774135}}
{"target": -2.2735471606943736, "params": {"C": 88.66756416344398, "epsilon": 0.021721265195067382, "gamma": 0.12622341324300904}, "datetime": {"datetime": "2021-09-18 11:11:00", "elapsed": 350.289543, "delta": 3.17957}}
{"target": -2.4472411623846653, "params": {"C": 50.37673976223256, "epsilon": 1.1474336719252545, "gamma": 0.13284882020258318}, "datetime": {"datetime": "2021-09-18 11:11:02", "elapsed": 351.53821, "delta": 1.248667}}
{"target": -2.226733876909166, "params": {"C": 88.51511786209308, "epsilon": 0.09802280932905022, "gamma": 0.1144325463095246}, "datetime": {"datetime": "2021-09-18 11:11:04", "elapsed": 354.362233, "delta": 2.824023}}
{"target": -2.2357621500034255, "params": {"C": 79.4317079855041, "epsilon": 1.0168025163904115, "gamma": 0.09578690078804195}, "datetime": {"datetime": "2021-09-18 11:11:07", "elapsed": 356.825371, "delta": 2.463138}}
{"target": -2.127519286029683, "params": {"C": 34.81015226932161, "epsilon": 0.04474504905444287, "gamma": 0.038692216233908915}, "datetime": {"datetime": "2021-09-18 11:11:10", "elapsed": 359.849082, "delta": 3.023711}}
{"target": -2.237995987799535, "params": {"C": 34.712171089773435, "epsilon": 0.01294422957809846, "gamma": 0.1340824552708225}, "datetime": {"datetime": "2021-09-18 11:11:12", "elapsed": 362.449162, "delta": 2.60008}}
{"target": -2.4114696464971765, "params": {"C": 88.61036765594, "epsilon": 0.48726523451985504, "gamma": 0.14038209984402528}, "datetime": {"datetime": "2021-09-18 11:11:15", "elapsed": 365.411647, "delta": 2.962485}}
{"target": -1.9372847886597848, "params": {"C": 88.50463634329603, "epsilon": 0.00975378082295356, "gamma": 0.050744517302549724}, "datetime": {"datetime": "2021-09-18 11:11:19", "elapsed": 369.093527, "delta": 3.68188}}
{"target": -2.1072824081057036, "params": {"C": 62.945692467346305, "epsilon": 0.1510234621010154, "gamma": 0.0981048314047105}, "datetime": {"datetime": "2021-09-18 11:11:22", "elapsed": 372.214431, "delta": 3.120904}}
{"target": -2.1946957158948606, "params": {"C": 50.53774295904202, "epsilon": 0.5393528124850303, "gamma": 0.019326570080432648}, "datetime": {"datetime": "2021-09-18 11:11:25", "elapsed": 375.134218, "delta": 2.919787}}
{"target": -2.6934641895741875, "params": {"C": 94.78691515843538, "epsilon": 1.3937472721967055, "gamma": 0.17916693473502668}, "datetime": {"datetime": "2021-09-18 11:11:26", "elapsed": 376.371187, "delta": 1.236969}}
{"target": -2.019837535634339, "params": {"C": 62.696338302758505, "epsilon": 0.23752236248551234, "gamma": 0.08079243796132288}, "datetime": {"datetime": "2021-09-18 11:11:29", "elapsed": 378.504644, "delta": 2.133457}}
{"target": -2.2429689276381763, "params": {"C": 95.20503692316274, "epsilon": 1.202144116284772, "gamma": 0.08788486121391562}, "datetime": {"datetime": "2021-09-18 11:11:30", "elapsed": 379.815357, "delta": 1.310713}}
{"target": -2.0491627176961913, "params": {"C": 50.56844930655908, "epsilon": 0.4297329390886414, "gamma": 0.08360036395899037}, "datetime": {"datetime": "2021-09-18 11:11:33", "elapsed": 382.642228, "delta": 2.826871}}
{"target": -2.086185301747431, "params": {"C": 73.40281167376149, "epsilon": 1.343808157283551, "gamma": 0.056894579660165846}, "datetime": {"datetime": "2021-09-18 11:11:34", "elapsed": 383.936721, "delta": 1.294493}}
{"target": -1.9969833576968194, "params": {"C": 62.888746422161425, "epsilon": 0.1019928285616265, "gamma": 0.04839245268766668}, "datetime": {"datetime": "2021-09-18 11:11:37", "elapsed": 387.380068, "delta": 3.443347}}
{"target": -2.481123479494984, "params": {"C": 53.28981000164342, "epsilon": 0.4959614474704398, "gamma": 0.1683112183456233}, "datetime": {"datetime": "2021-09-18 11:11:39", "elapsed": 388.58307, "delta": 1.203002}}
{"target": -2.1283376357684496, "params": {"C": 88.47483656787068, "epsilon": 0.03155707979216091, "gamma": 0.09225890480748229}, "datetime": {"datetime": "2021-09-18 11:11:42", "elapsed": 391.558455, "delta": 2.975385}}
{"target": -2.172417293443954, "params": {"C": 62.82138419156502, "epsilon": 0.08322888551112743, "gamma": 0.02039996748279718}, "datetime": {"datetime": "2021-09-18 11:11:44", "elapsed": 394.254395, "delta": 2.69594}}
{"target": -2.2093401429071595, "params": {"C": 62.93503630396177, "epsilon": 0.1083723360096002, "gamma": 0.01620678648507396}, "datetime": {"datetime": "2021-09-18 11:11:47", "elapsed": 397.292412, "delta": 3.038017}}
{"target": -2.1968833393126417, "params": {"C": 69.53680390459652, "epsilon": 0.2738747833427444, "gamma": 0.10977918595771335}, "datetime": {"datetime": "2021-09-18 11:11:51", "elapsed": 401.47664, "delta": 4.184228}}
{"target": -2.1898120243157497, "params": {"C": 37.279717030494226, "epsilon": 0.15268770643145146, "gamma": 0.12372716783119105}, "datetime": {"datetime": "2021-09-18 11:11:53", "elapsed": 402.777896, "delta": 1.301256}}
{"target": -2.09855478646288, "params": {"C": 88.16775554872355, "epsilon": 0.701659941018233, "gamma": 0.02643123365170428}, "datetime": {"datetime": "2021-09-18 11:11:58", "elapsed": 407.542393, "delta": 4.764497}}
{"target": -2.2411395975244908, "params": {"C": 50.33764722235922, "epsilon": 0.578712292747372, "gamma": 0.12108580261647457}, "datetime": {"datetime": "2021-09-18 11:12:02", "elapsed": 412.405181, "delta": 4.862788}}
{"target": -2.3150465888830167, "params": {"C": 98.56699390775631, "epsilon": 0.8059861663440676, "gamma": 0.010101371638380319}, "datetime": {"datetime": "2021-09-18 11:12:06", "elapsed": 415.740193, "delta": 3.335012}}
{"target": -2.101079203809266, "params": {"C": 62.38826580596229, "epsilon": 0.46275818523128476, "gamma": 0.09390904617193191}, "datetime": {"datetime": "2021-09-18 11:12:08", "elapsed": 418.348893, "delta": 2.6087}}
{"target": -2.2462454500246083, "params": {"C": 97.90092377536914, "epsilon": 1.2914081491533018, "gamma": 0.08642479189533098}, "datetime": {"datetime": "2021-09-18 11:12:12", "elapsed": 422.185533, "delta": 3.83664}}
{"target": -2.2144974490658327, "params": {"C": 38.87121751517908, "epsilon": 0.5401345001840854, "gamma": 0.12229900354773285}, "datetime": {"datetime": "2021-09-18 11:12:15", "elapsed": 425.401941, "delta": 3.216408}}
{"target": -2.076617275247186, "params": {"C": 34.45162970962394, "epsilon": 0.043313667861333456, "gamma": 0.09486098830273938}, "datetime": {"datetime": "2021-09-18 11:12:19", "elapsed": 428.79738, "delta": 3.395439}}
{"target": -2.0411192659222364, "params": {"C": 34.46043845824373, "epsilon": 0.11119325461503633, "gamma": 0.05439250767852183}, "datetime": {"datetime": "2021-09-18 11:12:22", "elapsed": 431.985839, "delta": 3.188459}}
{"target": -2.304994751328644, "params": {"C": 88.85690862294615, "epsilon": 0.34072214403409207, "gamma": 0.12299596864085505}, "datetime": {"datetime": "2021-09-18 11:12:23", "elapsed": 433.353719, "delta": 1.36788}}
{"target": -2.5205284555748433, "params": {"C": 45.138630861557445, "epsilon": 0.8341392726022793, "gamma": 0.16495020410805575}, "datetime": {"datetime": "2021-09-18 11:12:25", "elapsed": 434.773392, "delta": 1.419673}}
{"target": -2.2805342725219298, "params": {"C": 62.546043055129445, "epsilon": 0.43018993917392984, "gamma": 0.12475276532475875}, "datetime": {"datetime": "2021-09-18 11:12:28", "elapsed": 437.506504, "delta": 2.733112}}
{"target": -2.164105084107784, "params": {"C": 34.37617381548537, "epsilon": 0.11342699223315841, "gamma": 0.11795471882719843}, "datetime": {"datetime": "2021-09-18 11:12:31", "elapsed": 440.583653, "delta": 3.077149}}
{"target": -2.028274030123241, "params": {"C": 34.73513137107224, "epsilon": 0.08549931760663587, "gamma": 0.05635198824159633}, "datetime": {"datetime": "2021-09-18 11:12:34", "elapsed": 444.161892, "delta": 3.578239}}
{"target": -2.272672912258016, "params": {"C": 62.94102236617147, "epsilon": 0.0676007890607991, "gamma": 0.1302130331127158}, "datetime": {"datetime": "2021-09-18 11:12:38", "elapsed": 447.50089, "delta": 3.338998}}
{"target": -2.1217848827090418, "params": {"C": 73.15070141544406, "epsilon": 0.38131166189050447, "gamma": 0.02243800806871004}, "datetime": {"datetime": "2021-09-18 11:12:40", "elapsed": 450.016045, "delta": 2.515155}}
{"target": -2.30449419625214, "params": {"C": 95.71455061069113, "epsilon": 0.35618309481832444, "gamma": 0.12041671503475877}, "datetime": {"datetime": "2021-09-18 11:12:43", "elapsed": 453.082144, "delta": 3.066099}}
{"target": -2.13519259523697, "params": {"C": 54.347863968422566, "epsilon": 0.023429880181867552, "gamma": 0.028943535429282144}, "datetime": {"datetime": "2021-09-18 11:12:46", "elapsed": 455.645723, "delta": 2.563579}}
{"target": -2.0788428563566637, "params": {"C": 97.71177346248012, "epsilon": 1.2339579815608857, "gamma": 0.050770603377030946}, "datetime": {"datetime": "2021-09-18 11:12:49", "elapsed": 459.142995, "delta": 3.497272}}
{"target": -2.4412250237658033, "params": {"C": 97.71911783455404, "epsilon": 1.1890606111078548, "gamma": 0.1196474856366176}, "datetime": {"datetime": "2021-09-18 11:12:52", "elapsed": 462.204798, "delta": 3.061803}}
{"target": -2.049214097536318, "params": {"C": 77.29847555183383, "epsilon": 0.4555335753417038, "gamma": 0.07930038435371732}, "datetime": {"datetime": "2021-09-18 11:12:56", "elapsed": 465.957655, "delta": 3.752857}}
{"target": -2.284828582954315, "params": {"C": 88.5058694523351, "epsilon": 0.07566379699716794, "gamma": 0.01028341436841642}, "datetime": {"datetime": "2021-09-18 11:13:00", "elapsed": 469.551705, "delta": 3.59405}}
{"target": -2.2263750029985143, "params": {"C": 34.45881393769653, "epsilon": 0.16662241972148853, "gamma": 0.13183201097632347}, "datetime": {"datetime": "2021-09-18 11:13:03", "elapsed": 473.059916, "delta": 3.508211}}
{"target": -2.031591638339652, "params": {"C": 93.58141635513685, "epsilon": 0.5074197645931343, "gamma": 0.0374264612114045}, "datetime": {"datetime": "2021-09-18 11:13:05", "elapsed": 474.687634, "delta": 1.627718}}
{"target": -2.022313951771251, "params": {"C": 77.21730006361105, "epsilon": 0.49601599286994685, "gamma": 0.07138397799634669}, "datetime": {"datetime": "2021-09-18 11:13:08", "elapsed": 478.288474, "delta": 3.60084}}
{"target": -2.094001527507532, "params": {"C": 77.24838646788795, "epsilon": 0.5712715179638894, "gamma": 0.0851527194144213}, "datetime": {"datetime": "2021-09-18 11:13:11", "elapsed": 481.243365, "delta": 2.954891}}
{"target": -2.0477368852535323, "params": {"C": 75.77351092492198, "epsilon": 0.4952231875118899, "gamma": 0.035433546189576365}, "datetime": {"datetime": "2021-09-18 11:13:14", "elapsed": 484.124483, "delta": 2.881118}}
{"target": -2.249359504332328, "params": {"C": 77.22385003969623, "epsilon": 0.502354587720915, "gamma": 0.01227603265426926}, "datetime": {"datetime": "2021-09-18 11:13:17", "elapsed": 487.092353, "delta": 2.96787}}
