{"target": 0.15659060585600537, "params": {"C": 24.86031247902432, "epsilon": 12.143744397807277, "gamma": 0.9983738581444508}, "datetime": {"datetime": "2021-09-18 12:36:05", "elapsed": 641.099523, "delta": 3.780452}}
{"target": 0.8757927088906026, "params": {"C": 60.82455675775956, "epsilon": 3.619960711354409, "gamma": 0.07105936714901785}, "datetime": {"datetime": "2021-09-18 12:36:08", "elapsed": 643.999318, "delta": 2.899795}}
{"target": 0.46947294689698627, "params": {"C": 34.13075430054779, "epsilon": 6.363539611823295, "gamma": 1.0}, "datetime": {"datetime": "2021-09-18 12:36:12", "elapsed": 648.27323, "delta": 4.273912}}
{"target": 0.3897701960451727, "params": {"C": 18.362349813750512, "epsilon": 8.015601851162982, "gamma": 0.993120752105764}, "datetime": {"datetime": "2021-09-18 12:36:15", "elapsed": 651.044185, "delta": 2.770955}}
{"target": 0.5886727936403039, "params": {"C": 17.8752462524913, "epsilon": 0.0001, "gamma": 1.0}, "datetime": {"datetime": "2021-09-18 12:36:20", "elapsed": 656.223235, "delta": 5.17905}}
{"target": -0.19537587511435794, "params": {"C": 85.59372303641776, "epsilon": 19.864952132756343, "gamma": 0.9670920610779853}, "datetime": {"datetime": "2021-09-18 12:36:23", "elapsed": 659.098797, "delta": 2.875562}}
{"target": 0.5306346132361663, "params": {"C": 41.2868272406733, "epsilon": 4.927235753401905, "gamma": 0.996810907446956}, "datetime": {"datetime": "2021-09-18 12:36:26", "elapsed": 662.557403, "delta": 3.458606}}
{"target": 0.40574390733140786, "params": {"C": 64.52733260743543, "epsilon": 12.335260957405621, "gamma": 0.02195571692498914}, "datetime": {"datetime": "2021-09-18 12:36:29", "elapsed": 665.730079, "delta": 3.172676}}
{"target": 0.784531929108441, "params": {"C": 70.73757187179767, "epsilon": 5.554432540303577, "gamma": 0.14455064993947073}, "datetime": {"datetime": "2021-09-18 12:36:33", "elapsed": 669.410204, "delta": 3.680125}}
{"target": 0.2637064861223557, "params": {"C": 97.1897825866491, "epsilon": 10.808738264240082, "gamma": 0.836221655472886}, "datetime": {"datetime": "2021-09-18 12:36:36", "elapsed": 672.229252, "delta": 2.819048}}
{"target": 0.45864316794725213, "params": {"C": 70.83233023986784, "epsilon": 6.59776864669626, "gamma": 1.0}, "datetime": {"datetime": "2021-09-18 12:36:39", "elapsed": 675.16094, "delta": 2.931688}}
{"target": 0.8554612015313288, "params": {"C": 60.187032457071254, "epsilon": 4.288141485954367, "gamma": 0.09333755478281841}, "datetime": {"datetime": "2021-09-18 12:36:43", "elapsed": 679.305034, "delta": 4.144094}}
{"target": 0.6927538675698536, "params": {"C": 19.70628719920289, "epsilon": 2.311723482826778, "gamma": 0.0022721424929865648}, "datetime": {"datetime": "2021-09-18 12:36:46", "elapsed": 682.029149, "delta": 2.724115}}
{"target": 0.33578445070220764, "params": {"C": 76.35285901683957, "epsilon": 9.1479189643945, "gamma": 0.9702740682414717}, "datetime": {"datetime": "2021-09-18 12:36:49", "elapsed": 685.909018, "delta": 3.879869}}
{"target": 0.8879327302882588, "params": {"C": 77.83136215911296, "epsilon": 2.4909503469135896, "gamma": 0.05858821337825173}, "datetime": {"datetime": "2021-09-18 12:36:52", "elapsed": 688.772565, "delta": 2.863547}}
{"target": 0.7157248005645863, "params": {"C": 73.95138447851222, "epsilon": 7.742996924480434, "gamma": 0.009543182929028633}, "datetime": {"datetime": "2021-09-18 12:36:55", "elapsed": 691.465852, "delta": 2.693287}}
{"target": 0.4089408955403002, "params": {"C": 83.20656516725846, "epsilon": 8.149929287336716, "gamma": 0.0001}, "datetime": {"datetime": "2021-09-18 12:36:58", "elapsed": 694.278516, "delta": 2.812664}}
{"target": 0.6456234932873411, "params": {"C": 70.65274584805098, "epsilon": 0.0001, "gamma": 1.0}, "datetime": {"datetime": "2021-09-18 12:37:03", "elapsed": 699.72924, "delta": 5.450724}}
{"target": 0.44588571852811265, "params": {"C": 53.16002678907504, "epsilon": 4.934438349500683, "gamma": 0.0001}, "datetime": {"datetime": "2021-09-18 12:37:06", "elapsed": 702.258229, "delta": 2.528989}}
{"target": -0.0159667132180612, "params": {"C": 35.31863893915727, "epsilon": 17.168968888471404, "gamma": 0.0001}, "datetime": {"datetime": "2021-09-18 12:37:08", "elapsed": 704.94363, "delta": 2.685401}}
{"target": 0.8572168049261366, "params": {"C": 28.06125291179421, "epsilon": 1.6574817720226347, "gamma": 0.03019532807006258}, "datetime": {"datetime": "2021-09-18 12:37:11", "elapsed": 707.763072, "delta": 2.819442}}
{"target": 0.21031765476395958, "params": {"C": 2.331597214326309, "epsilon": 2.338992027487403, "gamma": 1.0}, "datetime": {"datetime": "2021-09-18 12:37:14", "elapsed": 710.420525, "delta": 2.657453}}
{"target": 0.5145064634436538, "params": {"C": 68.1931217219662, "epsilon": 2.6515727827189135, "gamma": 0.0001}, "datetime": {"datetime": "2021-09-18 12:37:19", "elapsed": 715.144297, "delta": 4.723772}}
{"target": 0.25886108874122826, "params": {"C": 66.95557366504197, "epsilon": 10.653672602672742, "gamma": 0.9229047124496339}, "datetime": {"datetime": "2021-09-18 12:37:21", "elapsed": 717.954252, "delta": 2.809955}}
{"target": 0.5585738441921502, "params": {"C": 29.435075706084437, "epsilon": 5.149784003259761, "gamma": 0.8602167661711727}, "datetime": {"datetime": "2021-09-18 12:37:25", "elapsed": 721.438259, "delta": 3.484007}}
{"target": 0.7193619368714224, "params": {"C": 64.31445733352098, "epsilon": 7.643731772908336, "gamma": 0.007034342973719415}, "datetime": {"datetime": "2021-09-18 12:37:28", "elapsed": 724.147303, "delta": 2.709044}}
{"target": 0.7903820569717375, "params": {"C": 98.35098140906021, "epsilon": 5.7839233993484855, "gamma": 0.005667114901304095}, "datetime": {"datetime": "2021-09-18 12:37:32", "elapsed": 728.935254, "delta": 4.787951}}
{"target": 0.5064223035067258, "params": {"C": 98.915478937351, "epsilon": 5.605088008560371, "gamma": 0.987927992587301}, "datetime": {"datetime": "2021-09-18 12:37:36", "elapsed": 732.501254, "delta": 3.566}}
{"target": 0.8575148743935639, "params": {"C": 97.28519407039374, "epsilon": 5.026323065753624, "gamma": 0.027201579299001608}, "datetime": {"datetime": "2021-09-18 12:37:39", "elapsed": 735.475673, "delta": 2.974419}}
{"target": 0.7440442192949139, "params": {"C": 96.54051477499465, "epsilon": 4.312244374476679, "gamma": 0.37897142604148587}, "datetime": {"datetime": "2021-09-18 12:37:42", "elapsed": 738.440042, "delta": 2.964369}}
{"target": 0.5441687777867378, "params": {"C": 70.72792055513945, "epsilon": 4.518210711335519, "gamma": 1.0}, "datetime": {"datetime": "2021-09-18 12:37:45", "elapsed": 741.353923, "delta": 2.913881}}
{"target": 0.8802846800265454, "params": {"C": 56.00815764590628, "epsilon": 3.1560141296072524, "gamma": 0.059257573784353416}, "datetime": {"datetime": "2021-09-18 12:37:48", "elapsed": 744.336955, "delta": 2.983032}}
{"target": 0.5101190656137359, "params": {"C": 83.27271678247948, "epsilon": 0.0001, "gamma": 0.0001}, "datetime": {"datetime": "2021-09-18 12:37:51", "elapsed": 747.110945, "delta": 2.77399}}
{"target": 0.5762904175545223, "params": {"C": 54.26289632870501, "epsilon": 3.5086742961146156, "gamma": 1.0}, "datetime": {"datetime": "2021-09-18 12:37:54", "elapsed": 750.751133, "delta": 3.640188}}
{"target": 0.8955267940575513, "params": {"C": 73.7789154211739, "epsilon": 0.055655512013045534, "gamma": 0.10728760008910863}, "datetime": {"datetime": "2021-09-18 12:37:57", "elapsed": 753.646664, "delta": 2.895531}}
{"target": 0.5220832030981308, "params": {"C": 87.67497435483168, "epsilon": 11.087563090977834, "gamma": 0.011815534579953576}, "datetime": {"datetime": "2021-09-18 12:38:00", "elapsed": 756.414686, "delta": 2.768022}}
{"target": 0.5099496136225721, "params": {"C": 69.94174509251124, "epsilon": 2.303613771356403, "gamma": 0.0001}, "datetime": {"datetime": "2021-09-18 12:38:03", "elapsed": 759.853652, "delta": 3.438966}}
{"target": 0.6481825431854942, "params": {"C": 68.84581076273798, "epsilon": 1.8616913583148833, "gamma": 0.8945018676873352}, "datetime": {"datetime": "2021-09-18 12:38:06", "elapsed": 762.702657, "delta": 2.849005}}
{"target": 0.6375643553820859, "params": {"C": 29.234500464675357, "epsilon": 1.525238311560791, "gamma": 0.957232508208246}, "datetime": {"datetime": "2021-09-18 12:38:09", "elapsed": 765.50269, "delta": 2.800033}}
{"target": 0.45512927516386303, "params": {"C": 63.261390567038134, "epsilon": 5.435195487928131, "gamma": 0.0001}, "datetime": {"datetime": "2021-09-18 12:38:12", "elapsed": 768.211661, "delta": 2.708971}}
{"target": 0.8372176821674446, "params": {"C": 21.588674120919496, "epsilon": 1.5474639452809873, "gamma": 0.019380473843412502}, "datetime": {"datetime": "2021-09-18 12:38:15", "elapsed": 771.631691, "delta": 3.42003}}
{"target": 0.8928400468556225, "params": {"C": 60.935439455708966, "epsilon": 0.4596465204168867, "gamma": 0.06554429127558563}, "datetime": {"datetime": "2021-09-18 12:38:20", "elapsed": 776.80966, "delta": 5.177969}}
{"target": -0.10131246907761016, "params": {"C": 53.63723140584505, "epsilon": 18.03507524972625, "gamma": 0.16666306254263558}, "datetime": {"datetime": "2021-09-18 12:38:23", "elapsed": 779.611654, "delta": 2.801994}}
{"target": -0.1089998771312477, "params": {"C": 43.86279157019925, "epsilon": 17.336750891190835, "gamma": 0.9897851488118004}, "datetime": {"datetime": "2021-09-18 12:38:27", "elapsed": 783.200653, "delta": 3.588999}}
{"target": 0.4040376600587571, "params": {"C": 6.608338607932984, "epsilon": 10.281184541952625, "gamma": 0.0026596417494060545}, "datetime": {"datetime": "2021-09-18 12:38:31", "elapsed": 787.323966, "delta": 4.123313}}
{"target": 0.8799510722175667, "params": {"C": 22.704254372309492, "epsilon": 0.8664713277951767, "gamma": 0.09165126051553689}, "datetime": {"datetime": "2021-09-18 12:38:35", "elapsed": 791.525264, "delta": 4.201298}}
{"target": 0.5596858753709676, "params": {"C": 89.25477265859811, "epsilon": 4.052412970636944, "gamma": 1.0}, "datetime": {"datetime": "2021-09-18 12:38:38", "elapsed": 794.447458, "delta": 2.922194}}
{"target": 0.7050521415100113, "params": {"C": 88.8139242109243, "epsilon": 1.3311528728152895, "gamma": 0.0008426177681763503}, "datetime": {"datetime": "2021-09-18 12:38:43", "elapsed": 799.274281, "delta": 4.826823}}
{"target": 0.7175151132069995, "params": {"C": 89.53216541435845, "epsilon": 5.5808853955375435, "gamma": 0.001427175470986418}, "datetime": {"datetime": "2021-09-18 12:38:46", "elapsed": 802.211968, "delta": 2.937687}}
{"target": 0.3786945676821625, "params": {"C": 57.81792688249057, "epsilon": 8.204704739620796, "gamma": 1.0}, "datetime": {"datetime": "2021-09-18 12:38:49", "elapsed": 805.910053, "delta": 3.698085}}
{"target": 0.4171269495312202, "params": {"C": 79.08362229599072, "epsilon": 7.4511632309824485, "gamma": 1.0}, "datetime": {"datetime": "2021-09-18 12:38:52", "elapsed": 808.765294, "delta": 2.855241}}
{"target": 0.6411549138468462, "params": {"C": 22.514763862622516, "epsilon": 1.2117705905428697, "gamma": 0.9113164410225011}, "datetime": {"datetime": "2021-09-18 12:38:56", "elapsed": 812.759968, "delta": 3.994674}}
{"target": 0.0915004606750982, "params": {"C": 48.73953236266588, "epsilon": 13.264691258467062, "gamma": 0.9677752691442241}, "datetime": {"datetime": "2021-09-18 12:38:59", "elapsed": 815.758169, "delta": 2.998201}}
{"target": -0.1588083795689581, "params": {"C": 3.3853889122230725, "epsilon": 18.27387303018683, "gamma": 1.0}, "datetime": {"datetime": "2021-09-18 12:39:03", "elapsed": 818.998503, "delta": 3.240334}}
{"target": 0.17926532092130598, "params": {"C": 10.66610006580474, "epsilon": 0.9407467359456501, "gamma": 0.0001}, "datetime": {"datetime": "2021-09-18 12:39:06", "elapsed": 822.048438, "delta": 3.049935}}
{"target": 0.8804676369119151, "params": {"C": 21.894938086026475, "epsilon": 0.15787163751428276, "gamma": 0.06820318822911459}, "datetime": {"datetime": "2021-09-18 12:39:09", "elapsed": 825.652881, "delta": 3.604443}}
{"target": 0.8298221159867064, "params": {"C": 12.904184204297252, "epsilon": 2.472365682652313, "gamma": 0.024584520297154265}, "datetime": {"datetime": "2021-09-18 12:39:14", "elapsed": 830.164207, "delta": 4.511326}}
{"target": 0.5382376797433959, "params": {"C": 12.930680609261811, "epsilon": 0.02994644326130677, "gamma": 0.9863672891520898}, "datetime": {"datetime": "2021-09-18 12:39:18", "elapsed": 833.984929, "delta": 3.820722}}
{"target": 0.8382382536737465, "params": {"C": 9.277420907389372, "epsilon": 0.0026301243983829917, "gamma": 0.09656864193912744}, "datetime": {"datetime": "2021-09-18 12:39:22", "elapsed": 838.023931, "delta": 4.039002}}
{"target": 0.8420402670840277, "params": {"C": 13.325828195760227, "epsilon": 1.7151349762871937, "gamma": 0.03303286725334247}, "datetime": {"datetime": "2021-09-18 12:39:24", "elapsed": 840.939967, "delta": 2.916036}}
{"target": 0.09968493495268027, "params": {"C": 71.20695301812819, "epsilon": 13.152332238486306, "gamma": 0.9519862860231458}, "datetime": {"datetime": "2021-09-18 12:39:28", "elapsed": 844.957933, "delta": 4.017966}}
{"target": 0.5440291093622202, "params": {"C": 46.5688909751148, "epsilon": 4.921393383671549, "gamma": 0.9456603540510896}, "datetime": {"datetime": "2021-09-18 12:39:32", "elapsed": 848.237926, "delta": 3.279993}}
{"target": 0.8210166251620588, "params": {"C": 98.41736074941159, "epsilon": 4.6478255420780386, "gamma": 0.011381981726471983}, "datetime": {"datetime": "2021-09-18 12:39:35", "elapsed": 851.549925, "delta": 3.311999}}
{"target": 0.6861977855009626, "params": {"C": 10.1840463765783, "epsilon": 0.003920835249115093, "gamma": 0.48798456547200425}, "datetime": {"datetime": "2021-09-18 12:39:38", "elapsed": 854.795887, "delta": 3.245962}}
{"target": 0.8782401845792508, "params": {"C": 46.86389550821181, "epsilon": 1.8287280996734954, "gamma": 0.05646844762460262}, "datetime": {"datetime": "2021-09-18 12:39:43", "elapsed": 859.835602, "delta": 5.039715}}
{"target": 0.18729941642398418, "params": {"C": 37.511860114763316, "epsilon": 12.448552662640587, "gamma": 0.0001}, "datetime": {"datetime": "2021-09-18 12:39:47", "elapsed": 863.662919, "delta": 3.827317}}
{"target": 0.5339395843524049, "params": {"C": 96.89737417387494, "epsilon": 0.0001, "gamma": 0.0001}, "datetime": {"datetime": "2021-09-18 12:39:50", "elapsed": 866.669087, "delta": 3.006168}}
{"target": 0.61867904056749, "params": {"C": 35.964697162217234, "epsilon": 1.857627703039453, "gamma": 1.0}, "datetime": {"datetime": "2021-09-18 12:39:53", "elapsed": 869.950799, "delta": 3.281712}}
{"target": 0.5305344621446776, "params": {"C": 84.72658130560029, "epsilon": 3.43295784191937, "gamma": 0.0001}, "datetime": {"datetime": "2021-09-18 12:39:57", "elapsed": 873.298207, "delta": 3.347408}}
{"target": 0.5505345625170489, "params": {"C": 94.94612756773397, "epsilon": 2.4232993751074416, "gamma": 0.0001}, "datetime": {"datetime": "2021-09-18 12:40:00", "elapsed": 876.664646, "delta": 3.366439}}
{"target": 0.6103863012446327, "params": {"C": 94.27388167459958, "epsilon": 2.8214481172228565, "gamma": 0.9459185327312221}, "datetime": {"datetime": "2021-09-18 12:40:03", "elapsed": 879.918459, "delta": 3.253813}}
{"target": 0.7289216064811315, "params": {"C": 21.58328892772028, "epsilon": 2.9048133394695737, "gamma": 0.0037377332269367554}, "datetime": {"datetime": "2021-09-18 12:40:07", "elapsed": 883.151321, "delta": 3.232862}}
{"target": 0.5946456869876455, "params": {"C": 95.67229514716468, "epsilon": 3.853874734808074, "gamma": 0.8952471096756283}, "datetime": {"datetime": "2021-09-18 12:40:10", "elapsed": 886.534317, "delta": 3.382996}}
{"target": 0.8877470223042502, "params": {"C": 68.77379777699666, "epsilon": 1.1898367570849355, "gamma": 0.060023901616286034}, "datetime": {"datetime": "2021-09-18 12:40:14", "elapsed": 890.31601, "delta": 3.781693}}
{"target": 0.5314979090630605, "params": {"C": 85.49160107570476, "epsilon": 10.768756392658778, "gamma": 0.08168766198645004}, "datetime": {"datetime": "2021-09-18 12:40:18", "elapsed": 894.070223, "delta": 3.754213}}
{"target": 0.6125217935773533, "params": {"C": 20.93490822986248, "epsilon": 1.1950157120491662, "gamma": 0.9739493143256652}, "datetime": {"datetime": "2021-09-18 12:40:23", "elapsed": 899.543393, "delta": 5.47317}}
{"target": 0.4811906402687325, "params": {"C": 56.00042465101954, "epsilon": 6.499173194397816, "gamma": 0.9261322801760712}, "datetime": {"datetime": "2021-09-18 12:40:27", "elapsed": 903.732728, "delta": 4.189335}}
{"target": 0.41781124660239544, "params": {"C": 42.126161854491755, "epsilon": 1.0285919050276722, "gamma": 0.0001}, "datetime": {"datetime": "2021-09-18 12:40:31", "elapsed": 907.811552, "delta": 4.078824}}
{"target": 0.5054957803265552, "params": {"C": 80.15959635872305, "epsilon": 0.0001, "gamma": 0.0001}, "datetime": {"datetime": "2021-09-18 12:40:35", "elapsed": 911.461314, "delta": 3.649762}}
{"target": 0.8526183132093604, "params": {"C": 74.19262996488006, "epsilon": 2.2239064136883275, "gamma": 0.024945328749777857}, "datetime": {"datetime": "2021-09-18 12:40:38", "elapsed": 914.674937, "delta": 3.213623}}
{"target": 0.884982757454974, "params": {"C": 22.873018876723073, "epsilon": 0.09459953226017469, "gamma": 0.1103748627436606}, "datetime": {"datetime": "2021-09-18 12:40:41", "elapsed": 917.644621, "delta": 2.969684}}
{"target": 0.25538126786861637, "params": {"C": 60.014701106240146, "epsilon": 12.27543003417768, "gamma": 0.31905750339039674}, "datetime": {"datetime": "2021-09-18 12:40:44", "elapsed": 920.963694, "delta": 3.319073}}
{"target": 0.8892922581602363, "params": {"C": 98.82728494676329, "epsilon": 3.3002509917796647, "gamma": 0.05412959609264024}, "datetime": {"datetime": "2021-09-18 12:40:49", "elapsed": 924.985046, "delta": 4.021352}}
{"target": 0.6550120842877616, "params": {"C": 98.26746691834498, "epsilon": 2.5151937670690643, "gamma": 0.8196288500586161}, "datetime": {"datetime": "2021-09-18 12:40:53", "elapsed": 929.80182, "delta": 4.816774}}
{"target": 0.8797123388104339, "params": {"C": 99.69015870226175, "epsilon": 2.7231675128865938, "gamma": 0.04160213509635327}, "datetime": {"datetime": "2021-09-18 12:40:57", "elapsed": 933.81163, "delta": 4.00981}}
{"target": 0.6241271957528283, "params": {"C": 99.79578526047962, "epsilon": 3.2570059759865804, "gamma": 0.8552101785069125}, "datetime": {"datetime": "2021-09-18 12:41:01", "elapsed": 937.131951, "delta": 3.320321}}
{"target": 0.21017455773014326, "params": {"C": 13.847329564884802, "epsilon": 3.27549403194543, "gamma": 0.0001}, "datetime": {"datetime": "2021-09-18 12:41:04", "elapsed": 940.746923, "delta": 3.614972}}
{"target": 0.8976447421864913, "params": {"C": 98.93381331924195, "epsilon": 1.899431256149276, "gamma": 0.07219075276313267}, "datetime": {"datetime": "2021-09-18 12:41:09", "elapsed": 944.992368, "delta": 4.245445}}
{"target": 0.5052178466053417, "params": {"C": 20.075049955373565, "epsilon": 10.26452080618756, "gamma": 0.014058494092572892}, "datetime": {"datetime": "2021-09-18 12:41:13", "elapsed": 949.231033, "delta": 4.238665}}
{"target": 0.4678103010924719, "params": {"C": 14.958638032480112, "epsilon": 5.6623941906905895, "gamma": 1.0}, "datetime": {"datetime": "2021-09-18 12:41:16", "elapsed": 952.638475, "delta": 3.407442}}
{"target": 0.8291066404028474, "params": {"C": 92.64261684445638, "epsilon": 0.7253137765340258, "gamma": 0.0055317257232898745}, "datetime": {"datetime": "2021-09-18 12:41:20", "elapsed": 956.654565, "delta": 4.01609}}
{"target": 0.6232566082623134, "params": {"C": 33.66515497002458, "epsilon": 1.6378459786674109, "gamma": 1.0}, "datetime": {"datetime": "2021-09-18 12:41:24", "elapsed": 960.320457, "delta": 3.665892}}
{"target": 0.8992302676497695, "params": {"C": 98.85663880408299, "epsilon": 0.8600977790945867, "gamma": 0.12819008751978234}, "datetime": {"datetime": "2021-09-18 12:41:28", "elapsed": 964.432173, "delta": 4.111716}}
{"target": 0.8798250290761452, "params": {"C": 99.57159156475859, "epsilon": 1.0318999921349161, "gamma": 0.041103071136275246}, "datetime": {"datetime": "2021-09-18 12:41:32", "elapsed": 968.788695, "delta": 4.356522}}
{"target": 0.6764803468724402, "params": {"C": 78.96720256992172, "epsilon": 0.14460780851356245, "gamma": 0.885545958623595}, "datetime": {"datetime": "2021-09-18 12:41:38", "elapsed": 974.318061, "delta": 5.529366}}
{"target": 0.12115318416650644, "params": {"C": 54.759239308272846, "epsilon": 12.728130121764275, "gamma": 1.0}, "datetime": {"datetime": "2021-09-18 12:41:42", "elapsed": 978.637272, "delta": 4.319211}}
{"target": 0.6297894076553069, "params": {"C": 58.09170027212145, "epsilon": 1.4254960993285453, "gamma": 0.9909611214517657}, "datetime": {"datetime": "2021-09-18 12:41:46", "elapsed": 982.536407, "delta": 3.899135}}
{"target": 0.6525077388406456, "params": {"C": 56.027832488547446, "epsilon": 0.8382932243213139, "gamma": 0.945007416250081}, "datetime": {"datetime": "2021-09-18 12:41:50", "elapsed": 986.179281, "delta": 3.642874}}
{"target": 0.6953548752256127, "params": {"C": 99.13724562685094, "epsilon": 0.4984936350065068, "gamma": 0.8137535772814517}, "datetime": {"datetime": "2021-09-18 12:41:54", "elapsed": 990.679883, "delta": 4.500602}}
{"target": -0.19871387143650865, "params": {"C": 65.79731880063378, "epsilon": 20.0, "gamma": 1.0}, "datetime": {"datetime": "2021-09-18 12:41:59", "elapsed": 995.0276, "delta": 4.347717}}
{"target": -0.006401503521730634, "params": {"C": 26.837105875195046, "epsilon": 16.848071561704213, "gamma": 0.0001}, "datetime": {"datetime": "2021-09-18 12:42:03", "elapsed": 999.136331, "delta": 4.108731}}
{"target": 0.12103245990743872, "params": {"C": 12.615548539144285, "epsilon": 12.839895179515617, "gamma": 0.9338080556648388}, "datetime": {"datetime": "2021-09-18 12:42:06", "elapsed": 1002.673331, "delta": 3.537}}
{"target": 0.3110109126317999, "params": {"C": 62.835176122078444, "epsilon": 9.512474014636481, "gamma": 1.0}, "datetime": {"datetime": "2021-09-18 12:42:10", "elapsed": 1006.037145, "delta": 3.363814}}
