{"target": -15.446407827772815, "params": {"C": 165.76332449139298, "epsilon": 0.05535038105574137, "gamma": 0.29406981944724986}, "datetime": {"datetime": "2021-09-27 18:25:18", "elapsed": 317.392806, "delta": 1.371959}}
{"target": -10.85502621215374, "params": {"C": 186.6992006731597, "epsilon": 0.4857618614797702, "gamma": 0.014456266526943047}, "datetime": {"datetime": "2021-09-27 18:25:21", "elapsed": 320.235194, "delta": 2.842388}}
{"target": -10.67907790263984, "params": {"C": 168.35524708429176, "epsilon": 0.1934643329893272, "gamma": 0.01778595485244107}, "datetime": {"datetime": "2021-09-27 18:25:23", "elapsed": 322.35946, "delta": 2.124266}}
{"target": -11.035421167832645, "params": {"C": 172.23668502150187, "epsilon": 0.1541934135997151, "gamma": 0.011897279609615154}, "datetime": {"datetime": "2021-09-27 18:25:25", "elapsed": 324.52878, "delta": 2.16932}}
{"target": -11.019076369294641, "params": {"C": 157.3946188390575, "epsilon": 0.7559003017097037, "gamma": 0.011191671751615334}, "datetime": {"datetime": "2021-09-27 18:25:28", "elapsed": 327.548939, "delta": 3.020159}}
{"target": -15.82588414305012, "params": {"C": 194.79562161961874, "epsilon": 0.9189523925504488, "gamma": 0.23984938444418955}, "datetime": {"datetime": "2021-09-27 18:25:29", "elapsed": 328.893036, "delta": 1.344097}}
{"target": -11.029653752230816, "params": {"C": 157.14463722036322, "epsilon": 0.7248111939076832, "gamma": 0.01}, "datetime": {"datetime": "2021-09-27 18:25:33", "elapsed": 331.965826, "delta": 3.07279}}
{"target": -13.227993253785547, "params": {"C": 157.2144776876945, "epsilon": 0.49425869940967043, "gamma": 0.12071743087153602}, "datetime": {"datetime": "2021-09-27 18:25:35", "elapsed": 334.090926, "delta": 2.1251}}
{"target": -10.828972648348625, "params": {"C": 151.26167123231517, "epsilon": 0.29691690031482737, "gamma": 0.01188887380490062}, "datetime": {"datetime": "2021-09-27 18:25:38", "elapsed": 337.407304, "delta": 3.316378}}
{"target": -10.543027955214953, "params": {"C": 156.96433132460356, "epsilon": 0.8591269309860183, "gamma": 0.02783362272164422}, "datetime": {"datetime": "2021-09-27 18:25:40", "elapsed": 339.881835, "delta": 2.474531}}
{"target": -15.300235027206032, "params": {"C": 157.14741751051812, "epsilon": 0.8944442068692045, "gamma": 0.20034783715429633}, "datetime": {"datetime": "2021-09-27 18:25:44", "elapsed": 343.054133, "delta": 3.172298}}
{"target": -10.651289263847183, "params": {"C": 156.7754869039673, "epsilon": 0.8059268805920441, "gamma": 0.03921607026093902}, "datetime": {"datetime": "2021-09-27 18:25:46", "elapsed": 345.00781, "delta": 1.953677}}
{"target": -10.823283571973304, "params": {"C": 156.91073225334108, "epsilon": 0.5941972814423855, "gamma": 0.011059847561337575}, "datetime": {"datetime": "2021-09-27 18:25:48", "elapsed": 347.524211, "delta": 2.516401}}
{"target": -12.03602734123581, "params": {"C": 156.65387543351585, "epsilon": 0.5348430688710883, "gamma": 0.08690853189285597}, "datetime": {"datetime": "2021-09-27 18:25:50", "elapsed": 349.65925, "delta": 2.135039}}
{"target": -11.392548048496831, "params": {"C": 156.81269745663977, "epsilon": 1.0, "gamma": 0.01}, "datetime": {"datetime": "2021-09-27 18:25:52", "elapsed": 351.937671, "delta": 2.278421}}
{"target": -11.019112341117667, "params": {"C": 168.21655357789868, "epsilon": 0.8012702759889905, "gamma": 0.011920199200408795}, "datetime": {"datetime": "2021-09-27 18:25:55", "elapsed": 353.983641, "delta": 2.04597}}
{"target": -14.581855028834658, "params": {"C": 195.21633311678096, "epsilon": 0.6263627700013277, "gamma": 0.16018146212603554}, "datetime": {"datetime": "2021-09-27 18:25:56", "elapsed": 355.582851, "delta": 1.59921}}
{"target": -15.2139590107574, "params": {"C": 168.2436907524108, "epsilon": 0.9857018856764145, "gamma": 0.18633728345120956}, "datetime": {"datetime": "2021-09-27 18:25:58", "elapsed": 357.909426, "delta": 2.326575}}
{"target": -10.96132723743463, "params": {"C": 150.76973808970894, "epsilon": 0.050098615140665444, "gamma": 0.06968318303845739}, "datetime": {"datetime": "2021-09-27 18:26:00", "elapsed": 359.477143, "delta": 1.567717}}
{"target": -15.65304633097817, "params": {"C": 156.65448535583832, "epsilon": 0.8337206399088781, "gamma": 0.24209159606637448}, "datetime": {"datetime": "2021-09-27 18:26:02", "elapsed": 361.83554, "delta": 2.358397}}
{"target": -10.690749853738346, "params": {"C": 158.1285819617272, "epsilon": 0.8811931972160574, "gamma": 0.045536670482474645}, "datetime": {"datetime": "2021-09-27 18:26:06", "elapsed": 365.008451, "delta": 3.172911}}
{"target": -10.421503906011235, "params": {"C": 158.18904541586508, "epsilon": 0.6366144993530876, "gamma": 0.02662095018994235}, "datetime": {"datetime": "2021-09-27 18:26:08", "elapsed": 367.494648, "delta": 2.486197}}
{"target": -14.69394400435843, "params": {"C": 179.04263785703023, "epsilon": 0.22576956606299722, "gamma": 0.19918637560661737}, "datetime": {"datetime": "2021-09-27 18:26:10", "elapsed": 369.201923, "delta": 1.707275}}
{"target": -15.572440393806, "params": {"C": 158.16871912233353, "epsilon": 0.7863702949209413, "gamma": 0.23803525014439897}, "datetime": {"datetime": "2021-09-27 18:26:14", "elapsed": 373.476926, "delta": 4.275003}}
{"target": -10.78876744378047, "params": {"C": 158.09891303351503, "epsilon": 0.5184665273833202, "gamma": 0.02023051840533322}, "datetime": {"datetime": "2021-09-27 18:26:17", "elapsed": 376.344133, "delta": 2.867207}}
{"target": -10.74984629639421, "params": {"C": 158.34799767776255, "epsilon": 0.47450675826844785, "gamma": 0.012988800802928063}, "datetime": {"datetime": "2021-09-27 18:26:19", "elapsed": 378.53147, "delta": 2.187337}}
{"target": -10.615767167650192, "params": {"C": 158.4552503484992, "epsilon": 0.7005903801593585, "gamma": 0.0395019288417669}, "datetime": {"datetime": "2021-09-27 18:26:22", "elapsed": 381.433089, "delta": 2.901619}}
{"target": -13.551688832522697, "params": {"C": 199.1810989168691, "epsilon": 0.6217594059049282, "gamma": 0.11845583643371628}, "datetime": {"datetime": "2021-09-27 18:26:23", "elapsed": 382.831866, "delta": 1.398777}}
{"target": -10.518232595556706, "params": {"C": 158.70596460390692, "epsilon": 0.6192236005710667, "gamma": 0.03456900508327633}, "datetime": {"datetime": "2021-09-27 18:26:25", "elapsed": 384.91475, "delta": 2.082884}}
{"target": -10.69996106742938, "params": {"C": 184.49869107470408, "epsilon": 0.4459491355420128, "gamma": 0.02010669532200535}, "datetime": {"datetime": "2021-09-27 18:26:27", "elapsed": 386.30774, "delta": 1.39299}}
{"target": -10.919392474441091, "params": {"C": 158.5305185927375, "epsilon": 0.5114611439458475, "gamma": 0.05967243893696591}, "datetime": {"datetime": "2021-09-27 18:26:29", "elapsed": 388.54163, "delta": 2.23389}}
{"target": -11.272887431467655, "params": {"C": 158.64912763700028, "epsilon": 0.8244316370851014, "gamma": 0.01}, "datetime": {"datetime": "2021-09-27 18:26:31", "elapsed": 390.91406, "delta": 2.37243}}
{"target": -10.77055770042358, "params": {"C": 169.01745686291767, "epsilon": 0.24300988087151215, "gamma": 0.015820942920944825}, "datetime": {"datetime": "2021-09-27 18:26:33", "elapsed": 392.383429, "delta": 1.469369}}
{"target": -15.552156130299227, "params": {"C": 158.68252865535038, "epsilon": 0.6569685858761114, "gamma": 0.24643653377743818}, "datetime": {"datetime": "2021-09-27 18:26:37", "elapsed": 396.903236, "delta": 4.519807}}
{"target": -10.869367035810361, "params": {"C": 158.7611898639273, "epsilon": 0.422851886751705, "gamma": 0.01}, "datetime": {"datetime": "2021-09-27 18:26:40", "elapsed": 399.37866, "delta": 2.475424}}
{"target": -12.851487010526894, "params": {"C": 184.26205267312258, "epsilon": 0.4745152496031713, "gamma": 0.10562636935748575}, "datetime": {"datetime": "2021-09-27 18:26:42", "elapsed": 401.956293, "delta": 2.577633}}
{"target": -10.91706543886562, "params": {"C": 158.92199645819287, "epsilon": 0.5943439616417999, "gamma": 0.01}, "datetime": {"datetime": "2021-09-27 18:26:45", "elapsed": 404.539766, "delta": 2.583473}}
{"target": -10.667500325640521, "params": {"C": 157.81938357720102, "epsilon": 0.49032257502163273, "gamma": 0.04395579339346892}, "datetime": {"datetime": "2021-09-27 18:26:48", "elapsed": 407.376862, "delta": 2.837096}}
{"target": -10.789030156803337, "params": {"C": 186.79811737066748, "epsilon": 0.34106750687300924, "gamma": 0.015562331985154384}, "datetime": {"datetime": "2021-09-27 18:26:51", "elapsed": 410.950715, "delta": 3.573853}}
{"target": -10.649331688598556, "params": {"C": 158.38928914926703, "epsilon": 0.9118749987288715, "gamma": 0.028437262527071586}, "datetime": {"datetime": "2021-09-27 18:26:54", "elapsed": 413.582997, "delta": 2.632282}}
{"target": -10.96584103797718, "params": {"C": 157.91892976140096, "epsilon": 0.29807261518240835, "gamma": 0.01}, "datetime": {"datetime": "2021-09-27 18:26:57", "elapsed": 415.993135, "delta": 2.410138}}
{"target": -13.12302954790219, "params": {"C": 157.72409747084, "epsilon": 0.23265892277025063, "gamma": 0.12288486998816991}, "datetime": {"datetime": "2021-09-27 18:27:00", "elapsed": 419.213185, "delta": 3.22005}}
{"target": -10.560478008986925, "params": {"C": 178.49374680317985, "epsilon": 0.8162479523223118, "gamma": 0.029402809778889823}, "datetime": {"datetime": "2021-09-27 18:27:02", "elapsed": 421.108982, "delta": 1.895797}}
{"target": -10.810391380305848, "params": {"C": 184.72828690743353, "epsilon": 0.4808270498693678, "gamma": 0.011508672264078038}, "datetime": {"datetime": "2021-09-27 18:27:04", "elapsed": 423.474401, "delta": 2.365419}}
{"target": -10.30591942804157, "params": {"C": 159.0601467063555, "epsilon": 0.4180455157419542, "gamma": 0.03333823669047192}, "datetime": {"datetime": "2021-09-27 18:27:07", "elapsed": 426.136054, "delta": 2.661653}}
{"target": -10.345676013026193, "params": {"C": 159.19344646663166, "epsilon": 0.5652091064964029, "gamma": 0.02798687354788633}, "datetime": {"datetime": "2021-09-27 18:27:10", "elapsed": 429.836598, "delta": 3.700544}}
{"target": -15.178316916347564, "params": {"C": 159.10157228693728, "epsilon": 0.4427741667395527, "gamma": 0.2206990910574341}, "datetime": {"datetime": "2021-09-27 18:27:13", "elapsed": 432.918018, "delta": 3.08142}}
{"target": -10.853731986478243, "params": {"C": 158.95593784312487, "epsilon": 0.22043615036289044, "gamma": 0.013081726019390678}, "datetime": {"datetime": "2021-09-27 18:27:16", "elapsed": 435.442324, "delta": 2.524306}}
{"target": -11.109327586136066, "params": {"C": 159.16144012017625, "epsilon": 0.7675745379330257, "gamma": 0.01}, "datetime": {"datetime": "2021-09-27 18:27:19", "elapsed": 438.040117, "delta": 2.597793}}
{"target": -10.55309633563998, "params": {"C": 159.24639098427446, "epsilon": 0.2395905066586457, "gamma": 0.02090399599543228}, "datetime": {"datetime": "2021-09-27 18:27:21", "elapsed": 440.879937, "delta": 2.83982}}
{"target": -11.164780156516576, "params": {"C": 159.14438998495262, "epsilon": 0.04457334748910372, "gamma": 0.01}, "datetime": {"datetime": "2021-09-27 18:27:25", "elapsed": 444.690058, "delta": 3.810121}}
{"target": -15.631000230165595, "params": {"C": 183.20225904762106, "epsilon": 0.5953757826603201, "gamma": 0.2539472573774304}, "datetime": {"datetime": "2021-09-27 18:27:27", "elapsed": 446.437082, "delta": 1.747024}}
{"target": -10.773445550589832, "params": {"C": 198.1774916348176, "epsilon": 0.8104312284146662, "gamma": 0.017735264627867522}, "datetime": {"datetime": "2021-09-27 18:27:29", "elapsed": 448.292355, "delta": 1.855273}}
{"target": -10.610341754864953, "params": {"C": 198.3542835026731, "epsilon": 0.9194731378557555, "gamma": 0.04153901364192907}, "datetime": {"datetime": "2021-09-27 18:27:32", "elapsed": 451.456583, "delta": 3.164228}}
{"target": -10.870906694758963, "params": {"C": 159.36692228144645, "epsilon": 0.44323412330219963, "gamma": 0.01}, "datetime": {"datetime": "2021-09-27 18:27:35", "elapsed": 454.266903, "delta": 2.81032}}
{"target": -10.500211193048045, "params": {"C": 159.42357071222926, "epsilon": 0.6655859285516148, "gamma": 0.024392039960310127}, "datetime": {"datetime": "2021-09-27 18:27:39", "elapsed": 458.046916, "delta": 3.780013}}
{"target": -10.714973463906878, "params": {"C": 184.45155211073586, "epsilon": 0.6274619307785896, "gamma": 0.04884016618375724}, "datetime": {"datetime": "2021-09-27 18:27:40", "elapsed": 459.642356, "delta": 1.59544}}
{"target": -14.071259597235128, "params": {"C": 178.35097614870165, "epsilon": 0.111543840707374, "gamma": 0.1632747060092593}, "datetime": {"datetime": "2021-09-27 18:27:42", "elapsed": 461.338458, "delta": 1.696102}}
{"target": -15.77522364252637, "params": {"C": 150.5941250892963, "epsilon": 0.7566931406581404, "gamma": 0.26318224972706045}, "datetime": {"datetime": "2021-09-27 18:27:43", "elapsed": 462.867109, "delta": 1.528651}}
{"target": -10.634678539859962, "params": {"C": 152.92781644694546, "epsilon": 0.9580656017668016, "gamma": 0.03800740335423815}, "datetime": {"datetime": "2021-09-27 18:27:45", "elapsed": 464.509888, "delta": 1.642779}}
{"target": -14.252331192461945, "params": {"C": 179.3300470196657, "epsilon": 0.8778650178320274, "gamma": 0.14288401233080744}, "datetime": {"datetime": "2021-09-27 18:27:47", "elapsed": 466.376473, "delta": 1.866585}}
{"target": -12.324322840876627, "params": {"C": 199.87690050387832, "epsilon": 0.5585888636873816, "gamma": 0.08937062400917675}, "datetime": {"datetime": "2021-09-27 18:27:49", "elapsed": 468.186687, "delta": 1.810214}}
{"target": -11.97063807097543, "params": {"C": 159.60108277371538, "epsilon": 0.5312564549743292, "gamma": 0.08484779218555694}, "datetime": {"datetime": "2021-09-27 18:27:53", "elapsed": 471.981952, "delta": 3.795265}}
{"target": -11.272374259799161, "params": {"C": 159.41723541905537, "epsilon": 0.9167183508123941, "gamma": 0.06545233094323807}, "datetime": {"datetime": "2021-09-27 18:27:55", "elapsed": 474.838103, "delta": 2.856151}}
{"target": -12.514100984220311, "params": {"C": 160.40486045928932, "epsilon": 0.611669364075082, "gamma": 0.09992769141556775}, "datetime": {"datetime": "2021-09-27 18:27:57", "elapsed": 476.6938, "delta": 1.855697}}
{"target": -13.124052097158447, "params": {"C": 159.45689495397357, "epsilon": 0.11487544876397159, "gamma": 0.12527157702126407}, "datetime": {"datetime": "2021-09-27 18:28:00", "elapsed": 479.753782, "delta": 3.059982}}
{"target": -10.599724970713718, "params": {"C": 198.39552079042292, "epsilon": 0.7336584567847382, "gamma": 0.03242579695544794}, "datetime": {"datetime": "2021-09-27 18:28:03", "elapsed": 482.486419, "delta": 2.732637}}
{"target": -10.709650044218364, "params": {"C": 172.41004741440287, "epsilon": 0.39039848101802344, "gamma": 0.0172430560958574}, "datetime": {"datetime": "2021-09-27 18:28:05", "elapsed": 484.646473, "delta": 2.160054}}
{"target": -14.586303728650323, "params": {"C": 172.37602942957187, "epsilon": 0.35812889635912143, "gamma": 0.1868792368111947}, "datetime": {"datetime": "2021-09-27 18:28:08", "elapsed": 487.352039, "delta": 2.705566}}
{"target": -13.84062151319798, "params": {"C": 184.61145931779836, "epsilon": 0.5482135294978391, "gamma": 0.13283649236680106}, "datetime": {"datetime": "2021-09-27 18:28:11", "elapsed": 490.812513, "delta": 3.460474}}
{"target": -10.718492371001382, "params": {"C": 198.59840323670142, "epsilon": 0.8759476615179717, "gamma": 0.030730278464467027}, "datetime": {"datetime": "2021-09-27 18:28:14", "elapsed": 493.387509, "delta": 2.574996}}
{"target": -11.56664498220276, "params": {"C": 176.1810008232536, "epsilon": 0.3178140729179401, "gamma": 0.07838947476712839}, "datetime": {"datetime": "2021-09-27 18:28:16", "elapsed": 495.217505, "delta": 1.829996}}
{"target": -15.53459891026472, "params": {"C": 198.48382171788452, "epsilon": 0.9178938542728979, "gamma": 0.21323340778437347}, "datetime": {"datetime": "2021-09-27 18:28:19", "elapsed": 498.883486, "delta": 3.665981}}
{"target": -15.241214707652315, "params": {"C": 159.43653717452796, "epsilon": 0.7529751579796028, "gamma": 0.19585628230120145}, "datetime": {"datetime": "2021-09-27 18:28:23", "elapsed": 502.799858, "delta": 3.916372}}
{"target": -10.95168211115479, "params": {"C": 158.29496536165294, "epsilon": 0.7794343050715112, "gamma": 0.014463625508603004}, "datetime": {"datetime": "2021-09-27 18:28:28", "elapsed": 507.142448, "delta": 4.34259}}
{"target": -11.210499072678944, "params": {"C": 172.11376081134912, "epsilon": 0.0001, "gamma": 0.01}, "datetime": {"datetime": "2021-09-27 18:28:31", "elapsed": 510.514226, "delta": 3.371778}}
{"target": -10.982077567451286, "params": {"C": 198.7546069487382, "epsilon": 0.7301459100644644, "gamma": 0.01298698068990505}, "datetime": {"datetime": "2021-09-27 18:28:36", "elapsed": 515.733712, "delta": 5.219486}}
{"target": -11.403793754644942, "params": {"C": 199.6681513443761, "epsilon": 0.6725604778587557, "gamma": 0.0662756284749236}, "datetime": {"datetime": "2021-09-27 18:28:38", "elapsed": 517.876622, "delta": 2.14291}}
{"target": -11.322971353618069, "params": {"C": 198.79242340374634, "epsilon": 0.9495766708128828, "gamma": 0.01}, "datetime": {"datetime": "2021-09-27 18:28:43", "elapsed": 522.734651, "delta": 4.858029}}
{"target": -11.124138507380424, "params": {"C": 184.32138050049593, "epsilon": 0.7797694999555383, "gamma": 0.01}, "datetime": {"datetime": "2021-09-27 18:28:46", "elapsed": 525.587318, "delta": 2.852667}}
{"target": -10.480984866865937, "params": {"C": 167.99810657337443, "epsilon": 0.7192004880976754, "gamma": 0.02499688981997545}, "datetime": {"datetime": "2021-09-27 18:28:50", "elapsed": 529.303694, "delta": 3.716376}}
{"target": -10.777121817916639, "params": {"C": 184.93507537639533, "epsilon": 0.3758412955062511, "gamma": 0.05377748126987533}, "datetime": {"datetime": "2021-09-27 18:28:54", "elapsed": 533.953323, "delta": 4.649629}}
{"target": -14.923667234442254, "params": {"C": 196.56144991145356, "epsilon": 0.44987928267997124, "gamma": 0.1866178122408368}, "datetime": {"datetime": "2021-09-27 18:28:57", "elapsed": 536.01332, "delta": 2.059997}}
{"target": -10.49776216485768, "params": {"C": 184.91092647822308, "epsilon": 0.5675210815687527, "gamma": 0.032090795660831666}, "datetime": {"datetime": "2021-09-27 18:29:00", "elapsed": 539.45089, "delta": 3.43757}}
{"target": -10.853979577227332, "params": {"C": 185.10853237956084, "epsilon": 0.5104484116484567, "gamma": 0.01}, "datetime": {"datetime": "2021-09-27 18:29:03", "elapsed": 542.618952, "delta": 3.168062}}
{"target": -14.710203419561827, "params": {"C": 185.0404527282757, "epsilon": 0.48724003101738567, "gamma": 0.17689680319357343}, "datetime": {"datetime": "2021-09-27 18:29:06", "elapsed": 545.706365, "delta": 3.087413}}
{"target": -11.393596882119802, "params": {"C": 159.2297247711744, "epsilon": 1.0, "gamma": 0.01}, "datetime": {"datetime": "2021-09-27 18:29:09", "elapsed": 548.772873, "delta": 3.066508}}
{"target": -10.624124343914092, "params": {"C": 157.543499666895, "epsilon": 0.7933740719017001, "gamma": 0.04201307437123699}, "datetime": {"datetime": "2021-09-27 18:29:11", "elapsed": 550.784614, "delta": 2.011741}}
{"target": -10.57013105139207, "params": {"C": 150.71544488307427, "epsilon": 0.15931400195738, "gamma": 0.021556399288260857}, "datetime": {"datetime": "2021-09-27 18:29:15", "elapsed": 554.750405, "delta": 3.965791}}
{"target": -10.600205457805242, "params": {"C": 157.69011026765452, "epsilon": 0.670679814315672, "gamma": 0.036596188419352985}, "datetime": {"datetime": "2021-09-27 18:29:20", "elapsed": 559.392378, "delta": 4.641973}}
{"target": -10.513991032038394, "params": {"C": 159.42601268173425, "epsilon": 0.6740595858677313, "gamma": 0.024186571171929818}, "datetime": {"datetime": "2021-09-27 18:29:22", "elapsed": 561.505044, "delta": 2.112666}}
{"target": -10.706438469697122, "params": {"C": 198.18108671480934, "epsilon": 0.9870898390462803, "gamma": 0.023725613382332804}, "datetime": {"datetime": "2021-09-27 18:29:26", "elapsed": 565.722718, "delta": 4.217674}}
{"target": -10.759760679183374, "params": {"C": 157.55664488933013, "epsilon": 0.5358841533916144, "gamma": 0.012966963096880712}, "datetime": {"datetime": "2021-09-27 18:29:32", "elapsed": 571.229004, "delta": 5.506286}}
{"target": -11.057402335952519, "params": {"C": 185.07531283535747, "epsilon": 0.7350253592128526, "gamma": 0.01}, "datetime": {"datetime": "2021-09-27 18:29:36", "elapsed": 575.875551, "delta": 4.646547}}
{"target": -14.923295354688854, "params": {"C": 157.98995919125827, "epsilon": 0.39233015492908785, "gamma": 0.20848488722343042}, "datetime": {"datetime": "2021-09-27 18:29:41", "elapsed": 580.354185, "delta": 4.478634}}
{"target": -10.820312536201097, "params": {"C": 185.2863047571186, "epsilon": 0.5909886134073504, "gamma": 0.011006412464377058}, "datetime": {"datetime": "2021-09-27 18:29:46", "elapsed": 585.300009, "delta": 4.945824}}
{"target": -11.201244782728885, "params": {"C": 185.32523353913712, "epsilon": 0.8230820133970549, "gamma": 0.01}, "datetime": {"datetime": "2021-09-27 18:29:49", "elapsed": 588.306782, "delta": 3.006773}}
{"target": -10.891098814536711, "params": {"C": 195.7298108390796, "epsilon": 0.3363761225607731, "gamma": 0.056917836711300025}, "datetime": {"datetime": "2021-09-27 18:29:51", "elapsed": 590.549103, "delta": 2.242321}}
{"target": -12.021465341359571, "params": {"C": 179.16241892522456, "epsilon": 0.09229413407863195, "gamma": 0.09434085788402206}, "datetime": {"datetime": "2021-09-27 18:29:53", "elapsed": 592.60905, "delta": 2.059947}}
{"target": -10.692607042317617, "params": {"C": 195.99536040589723, "epsilon": 0.5016168829292929, "gamma": 0.042547117138173246}, "datetime": {"datetime": "2021-09-27 18:29:57", "elapsed": 596.476968, "delta": 3.867918}}
{"target": -11.812486639597815, "params": {"C": 195.9065031081609, "epsilon": 0.2797889630966577, "gamma": 0.08348373229996284}, "datetime": {"datetime": "2021-09-27 18:30:01", "elapsed": 600.669038, "delta": 4.19207}}
