{"target": -9.46430904974468, "params": {"C": 20.909398034658444, "epsilon": 21.6100144787713, "gamma": 0.0004431130145529254}, "datetime": {"datetime": "2021-09-18 08:43:46", "elapsed": 0.0, "delta": 0.0}}
{"target": -4.20138665543895, "params": {"C": 15.186395374328804, "epsilon": 4.403529968622574, "gamma": 0.2771065504469165}, "datetime": {"datetime": "2021-09-18 08:43:46", "elapsed": 0.018502, "delta": 0.018502}}
{"target": -7.529809679160538, "params": {"C": 9.394384547745778, "epsilon": 10.367476250564389, "gamma": 1.1903627459445867}, "datetime": {"datetime": "2021-09-18 08:43:46", "elapsed": 0.036983, "delta": 0.018481}}
{"target": -8.455065272151836, "params": {"C": 26.98695502676751, "epsilon": 12.57641623758444, "gamma": 2.0556899792402388}, "datetime": {"datetime": "2021-09-18 08:43:46", "elapsed": 0.055343, "delta": 0.01836}}
{"target": -9.319078947368421, "params": {"C": 10.302167261602719, "epsilon": 26.343644974291973, "gamma": 0.08226004083445869}, "datetime": {"datetime": "2021-09-18 08:43:46", "elapsed": 0.060724, "delta": 0.005381}}
{"target": -8.404033212207638, "params": {"C": 33.55632875790227, "epsilon": 12.519726766211441, "gamma": 1.6761136163544104}, "datetime": {"datetime": "2021-09-18 08:43:46", "elapsed": 0.075851, "delta": 0.015127}}
{"target": -6.9483207194786045, "params": {"C": 7.105308235902164, "epsilon": 5.9438465710572785, "gamma": 2.4022536315697427}, "datetime": {"datetime": "2021-09-18 08:43:46", "elapsed": 0.094816, "delta": 0.018965}}
{"target": -7.647172724293868, "params": {"C": 48.416252628397935, "epsilon": 9.403411920599124, "gamma": 2.0769986147463753}, "datetime": {"datetime": "2021-09-18 08:43:46", "elapsed": 0.123977, "delta": 0.029161}}
{"target": -9.319078947368421, "params": {"C": 43.83181869957231, "epsilon": 26.838305298451917, "gamma": 0.25522412968819674}, "datetime": {"datetime": "2021-09-18 08:43:46", "elapsed": 0.126969, "delta": 0.002992}}
{"target": -7.1828151438955645, "params": {"C": 2.04883368332083, "epsilon": 5.095742756517502, "gamma": 2.6344396960378966}, "datetime": {"datetime": "2021-09-18 08:43:46", "elapsed": 0.15529, "delta": 0.028321}}
{"target": -5.317189876288047, "params": {"C": 18.46621922011195, "epsilon": 0.001, "gamma": 0.0001}, "datetime": {"datetime": "2021-09-18 08:43:46", "elapsed": 0.557948, "delta": 0.402658}}
{"target": -3.9819398384564684, "params": {"C": 12.148570004173209, "epsilon": 0.25193986003142815, "gamma": 0.5321208449577297}, "datetime": {"datetime": "2021-09-18 08:43:47", "elapsed": 0.981824, "delta": 0.423876}}
{"target": -6.263766925465825, "params": {"C": 14.36375559890526, "epsilon": 1.2877109005062235, "gamma": 3.0}, "datetime": {"datetime": "2021-09-18 08:43:47", "elapsed": 1.367896, "delta": 0.386072}}
{"target": -6.072902755223496, "params": {"C": 7.8430536193371205, "epsilon": 0.001, "gamma": 0.0001}, "datetime": {"datetime": "2021-09-18 08:43:48", "elapsed": 1.782356, "delta": 0.41446}}
{"target": -3.386335461218851, "params": {"C": 12.091459412718589, "epsilon": 4.019135108368541, "gamma": 0.09120997165741675}, "datetime": {"datetime": "2021-09-18 08:43:48", "elapsed": 2.121964, "delta": 0.339608}}
{"target": -4.906320542489199, "params": {"C": 28.18411387090546, "epsilon": 0.001, "gamma": 0.0001}, "datetime": {"datetime": "2021-09-18 08:43:49", "elapsed": 2.589571, "delta": 0.467607}}
{"target": -4.71687414953966, "params": {"C": 35.699258238658345, "epsilon": 0.001, "gamma": 0.0001}, "datetime": {"datetime": "2021-09-18 08:43:49", "elapsed": 3.051115, "delta": 0.461544}}
{"target": -5.943784967688498, "params": {"C": 42.26435607218044, "epsilon": 0.001, "gamma": 3.0}, "datetime": {"datetime": "2021-09-18 08:43:49", "elapsed": 3.555917, "delta": 0.504802}}
{"target": -6.511094213027148, "params": {"C": 32.247582423959955, "epsilon": 3.131114077586644, "gamma": 2.909750397115213}, "datetime": {"datetime": "2021-09-18 08:43:50", "elapsed": 3.871759, "delta": 0.315842}}
{"target": -9.319078947368421, "params": {"C": 0.1, "epsilon": 30.0, "gamma": 3.0}, "datetime": {"datetime": "2021-09-18 08:43:50", "elapsed": 4.22406, "delta": 0.352301}}
{"target": -4.452681979420187, "params": {"C": 50.0, "epsilon": 0.001, "gamma": 0.0001}, "datetime": {"datetime": "2021-09-18 08:43:51", "elapsed": 4.593897, "delta": 0.369837}}
{"target": -9.319078947368421, "params": {"C": 30.425819029675704, "epsilon": 30.0, "gamma": 3.0}, "datetime": {"datetime": "2021-09-18 08:43:51", "elapsed": 4.90575, "delta": 0.311853}}
{"target": -5.3202554464777885, "params": {"C": 23.194384281765938, "epsilon": 4.278527189689921, "gamma": 0.0001}, "datetime": {"datetime": "2021-09-18 08:43:51", "elapsed": 5.346822, "delta": 0.441072}}
{"target": -5.602465243351645, "params": {"C": 13.157724498738574, "epsilon": 2.2593507469775096, "gamma": 0.0001}, "datetime": {"datetime": "2021-09-18 08:43:52", "elapsed": 5.705279, "delta": 0.358457}}
{"target": -5.292185527362967, "params": {"C": 13.26649248662398, "epsilon": 5.878313518148845, "gamma": 0.44640333596979864}, "datetime": {"datetime": "2021-09-18 08:43:52", "elapsed": 6.08846, "delta": 0.383181}}
{"target": -5.1542251600093545, "params": {"C": 10.559848989367401, "epsilon": 2.7812786504492015, "gamma": 0.9184363128298006}, "datetime": {"datetime": "2021-09-18 08:43:53", "elapsed": 6.61178, "delta": 0.52332}}
{"target": -6.294069340601695, "params": {"C": 12.563113988286997, "epsilon": 4.129636511596898, "gamma": 1.871888687223057}, "datetime": {"datetime": "2021-09-18 08:43:53", "elapsed": 7.119211, "delta": 0.507431}}
{"target": -4.339316706343986, "params": {"C": 10.960079762636024, "epsilon": 5.554468306419416, "gamma": 0.15798038596237043}, "datetime": {"datetime": "2021-09-18 08:43:54", "elapsed": 7.674259, "delta": 0.555048}}
{"target": -3.41043244280135, "params": {"C": 17.64814425617969, "epsilon": 3.7303945578536637, "gamma": 0.15210685819715594}, "datetime": {"datetime": "2021-09-18 08:43:54", "elapsed": 8.145482, "delta": 0.471223}}
{"target": -5.730707557689838, "params": {"C": 17.91133507534047, "epsilon": 6.059192478177171, "gamma": 0.0001}, "datetime": {"datetime": "2021-09-18 08:43:55", "elapsed": 8.652105, "delta": 0.506623}}
{"target": -6.155693437734719, "params": {"C": 18.8647838242228, "epsilon": 2.883236335253131, "gamma": 2.2165703589901815}, "datetime": {"datetime": "2021-09-18 08:43:55", "elapsed": 9.218933, "delta": 0.566828}}
{"target": -2.657837523597334, "params": {"C": 16.3092098895688, "epsilon": 2.0712740101012868, "gamma": 0.10287016017904305}, "datetime": {"datetime": "2021-09-18 08:43:56", "elapsed": 9.827563, "delta": 0.60863}}
{"target": -4.381558419906639, "params": {"C": 15.952244473731259, "epsilon": 0.25522072745837715, "gamma": 0.7627524408283594}, "datetime": {"datetime": "2021-09-18 08:43:56", "elapsed": 10.367369, "delta": 0.539806}}
{"target": -5.820877655499798, "params": {"C": 48.76135061689241, "epsilon": 0.05338821692111476, "gamma": 2.697510565405397}, "datetime": {"datetime": "2021-09-18 08:43:57", "elapsed": 10.928178, "delta": 0.560809}}
{"target": -5.3292027715312225, "params": {"C": 17.585037254326295, "epsilon": 2.142012251914132, "gamma": 0.0001}, "datetime": {"datetime": "2021-09-18 08:43:57", "elapsed": 11.443107, "delta": 0.514929}}
{"target": -5.651607052047992, "params": {"C": 15.975594458534651, "epsilon": 3.081195498578088, "gamma": 1.4073467141336977}, "datetime": {"datetime": "2021-09-18 08:43:58", "elapsed": 12.034112, "delta": 0.591005}}
{"target": -5.536600937174494, "params": {"C": 16.276379252498494, "epsilon": 3.3029376279654947, "gamma": 0.0001}, "datetime": {"datetime": "2021-09-18 08:43:59", "elapsed": 12.653503, "delta": 0.619391}}
{"target": -2.545991614967251, "params": {"C": 16.128272115261957, "epsilon": 0.8824313925211056, "gamma": 0.13573384544229505}, "datetime": {"datetime": "2021-09-18 08:43:59", "elapsed": 13.333503, "delta": 0.68}}
{"target": -3.3869985873493684, "params": {"C": 15.154683848991581, "epsilon": 1.2981857022558243, "gamma": 0.3208069475462833}, "datetime": {"datetime": "2021-09-18 08:44:00", "elapsed": 13.845778, "delta": 0.512275}}
{"target": -5.875325729079304, "params": {"C": 10.833569802704202, "epsilon": 4.121139936756015, "gamma": 0.0001}, "datetime": {"datetime": "2021-09-18 08:44:00", "elapsed": 14.440959, "delta": 0.595181}}
{"target": -4.13643658207881, "params": {"C": 16.00079667155083, "epsilon": 1.2952262755736372, "gamma": 0.5896336114054175}, "datetime": {"datetime": "2021-09-18 08:44:01", "elapsed": 15.193569, "delta": 0.75261}}
{"target": -3.038549480212158, "params": {"C": 12.957107233284457, "epsilon": 4.410172741940542, "gamma": 0.03381626329548007}, "datetime": {"datetime": "2021-09-18 08:44:02", "elapsed": 16.166011, "delta": 0.972442}}
{"target": -2.8605210579101947, "params": {"C": 13.838980242601094, "epsilon": 0.07619487798022005, "gamma": 0.2036667242393658}, "datetime": {"datetime": "2021-09-18 08:44:03", "elapsed": 16.99905, "delta": 0.833039}}
{"target": -5.3406143309672345, "params": {"C": 13.595059277759406, "epsilon": 0.07068635833776488, "gamma": 1.5872734778194801}, "datetime": {"datetime": "2021-09-18 08:44:04", "elapsed": 17.650833, "delta": 0.651783}}
{"target": -3.932329387650983, "params": {"C": 18.988170805316095, "epsilon": 3.550135257054423, "gamma": 0.3195686273333199}, "datetime": {"datetime": "2021-09-18 08:44:04", "elapsed": 18.363922, "delta": 0.713089}}
{"target": -3.0872345318167165, "params": {"C": 14.969939802938164, "epsilon": 0.4546247748457147, "gamma": 0.2837955975036549}, "datetime": {"datetime": "2021-09-18 08:44:05", "elapsed": 18.830259, "delta": 0.466337}}
{"target": -5.993152197536619, "params": {"C": 18.126040103136045, "epsilon": 4.906666386224015, "gamma": 1.236977980790919}, "datetime": {"datetime": "2021-09-18 08:44:05", "elapsed": 19.329967, "delta": 0.499708}}
{"target": -5.629901962446693, "params": {"C": 14.004372822949978, "epsilon": 3.8346314462936766, "gamma": 0.0001}, "datetime": {"datetime": "2021-09-18 08:44:06", "elapsed": 19.897401, "delta": 0.567434}}
{"target": -5.11571391640259, "params": {"C": 15.563099313548431, "epsilon": 5.825891327223014, "gamma": 0.3923074712085684}, "datetime": {"datetime": "2021-09-18 08:44:06", "elapsed": 20.497024, "delta": 0.599623}}
{"target": -5.358581063650552, "params": {"C": 10.632047810924762, "epsilon": 0.44902911553694874, "gamma": 1.408684412664087}, "datetime": {"datetime": "2021-09-18 08:44:07", "elapsed": 21.138822, "delta": 0.641798}}
{"target": -4.686210674745111, "params": {"C": 11.991740402651107, "epsilon": 4.838188963771001, "gamma": 0.3465502916199133}, "datetime": {"datetime": "2021-09-18 08:44:08", "elapsed": 21.690901, "delta": 0.552079}}
{"target": -2.22639369964697, "params": {"C": 16.81239242155031, "epsilon": 0.8539035397821295, "gamma": 0.0594579380673799}, "datetime": {"datetime": "2021-09-18 08:44:08", "elapsed": 22.189245, "delta": 0.498344}}
{"target": -4.061873595503935, "params": {"C": 9.548524425318211, "epsilon": 6.460937224920415, "gamma": 0.05176724624650315}, "datetime": {"datetime": "2021-09-18 08:44:09", "elapsed": 22.703957, "delta": 0.514712}}
{"target": -5.7651887252335, "params": {"C": 11.112919297244384, "epsilon": 7.426786212190179, "gamma": 0.32541311800965955}, "datetime": {"datetime": "2021-09-18 08:44:09", "elapsed": 23.380254, "delta": 0.676297}}
{"target": -3.9298906905717925, "params": {"C": 13.971445311761247, "epsilon": 0.9847459341815737, "gamma": 0.500884255025895}, "datetime": {"datetime": "2021-09-18 08:44:10", "elapsed": 24.146928, "delta": 0.766674}}
{"target": -2.8355109750021144, "params": {"C": 20.4599551029556, "epsilon": 4.24875216758267, "gamma": 0.021133779414214262}, "datetime": {"datetime": "2021-09-18 08:44:11", "elapsed": 24.675784, "delta": 0.528856}}
{"target": -4.187965249240092, "params": {"C": 21.150363562598173, "epsilon": 3.392083216722479, "gamma": 0.45090401411168546}, "datetime": {"datetime": "2021-09-18 08:44:11", "elapsed": 25.161003, "delta": 0.485219}}
{"target": -4.971542430966391, "params": {"C": 20.56036824343232, "epsilon": 5.501566420619213, "gamma": 0.41644926770605967}, "datetime": {"datetime": "2021-09-18 08:44:12", "elapsed": 25.839671, "delta": 0.678668}}
{"target": -4.544279728146279, "params": {"C": 50.0, "epsilon": 2.1185982243793124, "gamma": 0.0001}, "datetime": {"datetime": "2021-09-18 08:44:12", "elapsed": 26.522364, "delta": 0.682693}}
{"target": -3.227707987468643, "params": {"C": 47.84094549759056, "epsilon": 2.5652005037828465, "gamma": 0.23977331314263145}, "datetime": {"datetime": "2021-09-18 08:44:13", "elapsed": 27.009269, "delta": 0.486905}}
{"target": -4.755753412644039, "params": {"C": 48.38045831260247, "epsilon": 3.8928358357539175, "gamma": 0.0001}, "datetime": {"datetime": "2021-09-18 08:44:14", "elapsed": 27.711577, "delta": 0.702308}}
{"target": -2.253526338899292, "params": {"C": 46.70298939639211, "epsilon": 1.9020364781616879, "gamma": 0.07499907294054911}, "datetime": {"datetime": "2021-09-18 08:44:14", "elapsed": 28.259657, "delta": 0.54808}}
{"target": -3.3562565108610194, "params": {"C": 47.44147248156131, "epsilon": 0.8910476001160716, "gamma": 0.41395922654347167}, "datetime": {"datetime": "2021-09-18 08:44:15", "elapsed": 28.943327, "delta": 0.68367}}
{"target": -5.1767689992653825, "params": {"C": 46.57854615646712, "epsilon": 2.1820336870716504, "gamma": 1.268155841261643}, "datetime": {"datetime": "2021-09-18 08:44:16", "elapsed": 29.707966, "delta": 0.764639}}
{"target": -2.3909147899504664, "params": {"C": 46.02907200415419, "epsilon": 0.9341946379103776, "gamma": 0.1336979022605916}, "datetime": {"datetime": "2021-09-18 08:44:16", "elapsed": 30.376778, "delta": 0.668812}}
{"target": -4.630640031535024, "params": {"C": 45.2170541966295, "epsilon": 1.9364377249319347, "gamma": 0.0001}, "datetime": {"datetime": "2021-09-18 08:44:17", "elapsed": 31.045977, "delta": 0.669199}}
{"target": -4.425682446992826, "params": {"C": 45.34670196787702, "epsilon": 0.13762505726812388, "gamma": 0.968769025873464}, "datetime": {"datetime": "2021-09-18 08:44:18", "elapsed": 31.664656, "delta": 0.618679}}
{"target": -2.3813717452510694, "params": {"C": 48.27386584739816, "epsilon": 1.4013843604204592, "gamma": 0.017562732090533405}, "datetime": {"datetime": "2021-09-18 08:44:18", "elapsed": 32.298585, "delta": 0.633929}}
{"target": -3.7700668014578165, "params": {"C": 38.29227977510707, "epsilon": 1.304556586099828, "gamma": 0.5432710020520451}, "datetime": {"datetime": "2021-09-18 08:44:19", "elapsed": 32.940001, "delta": 0.641416}}
{"target": -4.799977957067706, "params": {"C": 37.036240981040585, "epsilon": 2.637695113985001, "gamma": 0.0001}, "datetime": {"datetime": "2021-09-18 08:44:20", "elapsed": 33.638709, "delta": 0.698708}}
{"target": -5.557304278317775, "params": {"C": 37.24445545195335, "epsilon": 0.7178286528169194, "gamma": 2.0659292521199784}, "datetime": {"datetime": "2021-09-18 08:44:20", "elapsed": 34.374919, "delta": 0.73621}}
{"target": -2.7714308359754996, "params": {"C": 39.71572595429371, "epsilon": 2.589401069178545, "gamma": 0.13549983819712713}, "datetime": {"datetime": "2021-09-18 08:44:21", "elapsed": 34.955764, "delta": 0.580845}}
{"target": -5.5788789342945435, "params": {"C": 39.40660375604277, "epsilon": 2.787802318028162, "gamma": 1.5080640283861122}, "datetime": {"datetime": "2021-09-18 08:44:22", "elapsed": 35.607643, "delta": 0.651879}}
{"target": -3.0009227355232446, "params": {"C": 40.351180322721014, "epsilon": 1.3215358033018598, "gamma": 0.2798219874313786}, "datetime": {"datetime": "2021-09-18 08:44:22", "elapsed": 36.170802, "delta": 0.563159}}
{"target": -4.731941818516222, "params": {"C": 41.154585459052825, "epsilon": 2.6171043827836566, "gamma": 0.0001}, "datetime": {"datetime": "2021-09-18 08:44:23", "elapsed": 36.981325, "delta": 0.810523}}
{"target": -4.64220462203174, "params": {"C": 39.44559275049465, "epsilon": 0.15397975725619664, "gamma": 0.0001}, "datetime": {"datetime": "2021-09-18 08:44:24", "elapsed": 37.620643, "delta": 0.639318}}
{"target": -3.9741793190851524, "params": {"C": 38.99477402436728, "epsilon": 4.436124209892234, "gamma": 0.23867199928792474}, "datetime": {"datetime": "2021-09-18 08:44:24", "elapsed": 38.173845, "delta": 0.553202}}
{"target": -4.592422999856605, "params": {"C": 41.714134319318575, "epsilon": 0.238042437187593, "gamma": 0.0001}, "datetime": {"datetime": "2021-09-18 08:44:25", "elapsed": 38.786823, "delta": 0.612978}}
{"target": -5.343513190602676, "params": {"C": 39.85030870504949, "epsilon": 6.401127967777387, "gamma": 0.0001}, "datetime": {"datetime": "2021-09-18 08:44:25", "elapsed": 39.39455, "delta": 0.607727}}
{"target": -2.194510248470609, "params": {"C": 39.293498163123594, "epsilon": 1.7753242942418819, "gamma": 0.05911359569198269}, "datetime": {"datetime": "2021-09-18 08:44:26", "elapsed": 40.060801, "delta": 0.666251}}
{"target": -4.434194772978002, "params": {"C": 36.96622165856214, "epsilon": 5.645351755833663, "gamma": 0.2190203688306702}, "datetime": {"datetime": "2021-09-18 08:44:27", "elapsed": 40.685661, "delta": 0.62486}}
{"target": -7.224925181555932, "params": {"C": 36.26911511172582, "epsilon": 7.1259200020467635, "gamma": 2.5499372673855345}, "datetime": {"datetime": "2021-09-18 08:44:27", "elapsed": 41.468638, "delta": 0.782977}}
{"target": -5.912016760527625, "params": {"C": 25.749609098496833, "epsilon": 0.06522406495032106, "gamma": 2.877574925230381}, "datetime": {"datetime": "2021-09-18 08:44:28", "elapsed": 42.118232, "delta": 0.649594}}
{"target": -9.18613195181583, "params": {"C": 0.22551037390835027, "epsilon": 18.441660349496512, "gamma": 0.09884843206102423}, "datetime": {"datetime": "2021-09-18 08:44:29", "elapsed": 42.712049, "delta": 0.593817}}
{"target": -9.665699994103504, "params": {"C": 50.0, "epsilon": 19.446192200392098, "gamma": 3.0}, "datetime": {"datetime": "2021-09-18 08:44:29", "elapsed": 43.377728, "delta": 0.665679}}
{"target": -9.487684468938458, "params": {"C": 35.2248509180171, "epsilon": 21.814793618263423, "gamma": 0.0001}, "datetime": {"datetime": "2021-09-18 08:44:30", "elapsed": 44.019463, "delta": 0.641735}}
{"target": -9.319078947368421, "params": {"C": 19.10087322629319, "epsilon": 30.0, "gamma": 3.0}, "datetime": {"datetime": "2021-09-18 08:44:31", "elapsed": 44.650154, "delta": 0.630691}}
{"target": -9.506955058713755, "params": {"C": 13.48252697060563, "epsilon": 17.982399956331825, "gamma": 2.9007377170504824}, "datetime": {"datetime": "2021-09-18 08:44:31", "elapsed": 45.357912, "delta": 0.707758}}
{"target": -9.039683232860442, "params": {"C": 41.900077961876654, "epsilon": 15.325642706054822, "gamma": 0.5083828940298247}, "datetime": {"datetime": "2021-09-18 08:44:32", "elapsed": 46.044214, "delta": 0.686302}}
{"target": -7.478414169917307, "params": {"C": 19.248284490344798, "epsilon": 13.101765959263002, "gamma": 0.0001}, "datetime": {"datetime": "2021-09-18 08:44:33", "elapsed": 46.660825, "delta": 0.616611}}
{"target": -9.319078947368421, "params": {"C": 50.0, "epsilon": 30.0, "gamma": 3.0}, "datetime": {"datetime": "2021-09-18 08:44:33", "elapsed": 47.432195, "delta": 0.77137}}
{"target": -3.180527988090124, "params": {"C": 27.91462539031265, "epsilon": 3.218447445342783, "gamma": 0.16523513193791559}, "datetime": {"datetime": "2021-09-18 08:44:34", "elapsed": 48.033588, "delta": 0.601393}}
{"target": -5.983683797389699, "params": {"C": 27.089138849812993, "epsilon": 4.7332281082460925, "gamma": 1.3090804668873277}, "datetime": {"datetime": "2021-09-18 08:44:35", "elapsed": 48.685327, "delta": 0.651739}}
{"target": -4.317759416979007, "params": {"C": 29.787553673664444, "epsilon": 3.136293813220703, "gamma": 0.5453487308435077}, "datetime": {"datetime": "2021-09-18 08:44:35", "elapsed": 49.404724, "delta": 0.719397}}
{"target": -2.945818347472354, "params": {"C": 25.757177871903686, "epsilon": 2.5645874545064937, "gamma": 0.17598656735209453}, "datetime": {"datetime": "2021-09-18 08:44:36", "elapsed": 50.126103, "delta": 0.721379}}
{"target": -5.472984861580777, "params": {"C": 27.412530959814248, "epsilon": 2.1951005181289256, "gamma": 1.5735053870923363}, "datetime": {"datetime": "2021-09-18 08:44:37", "elapsed": 50.870299, "delta": 0.744196}}
{"target": -3.8282353385952974, "params": {"C": 24.225230739743207, "epsilon": 1.8053743053053128, "gamma": 0.5251384874698156}, "datetime": {"datetime": "2021-09-18 08:44:38", "elapsed": 51.628817, "delta": 0.758518}}
{"target": -3.1048577421100516, "params": {"C": 25.894748191080925, "epsilon": 1.001598238758349, "gamma": 0.341558736849886}, "datetime": {"datetime": "2021-09-18 08:44:38", "elapsed": 52.322, "delta": 0.693183}}
{"target": -2.9416388530984947, "params": {"C": 24.010807422583337, "epsilon": 0.08333330342608708, "gamma": 0.34131835987628323}, "datetime": {"datetime": "2021-09-18 08:44:39", "elapsed": 52.997526, "delta": 0.675526}}
{"target": -2.90622191250927, "params": {"C": 22.317103419364713, "epsilon": 0.6665527961431225, "gamma": 0.29099604867805245}, "datetime": {"datetime": "2021-09-18 08:44:40", "elapsed": 53.687622, "delta": 0.690096}}
{"target": -5.7148426330672155, "params": {"C": 22.25813985038397, "epsilon": 0.5845482933627947, "gamma": 2.2638544744459512}, "datetime": {"datetime": "2021-09-18 08:44:40", "elapsed": 54.429982, "delta": 0.74236}}
{"target": -5.324893144579818, "params": {"C": 29.94093165496882, "epsilon": 5.6409115750974115, "gamma": 0.0001}, "datetime": {"datetime": "2021-09-18 08:44:41", "elapsed": 55.129225, "delta": 0.699243}}
{"target": -4.80976476130164, "params": {"C": 32.21341402388505, "epsilon": 0.001, "gamma": 0.0001}, "datetime": {"datetime": "2021-09-18 08:44:42", "elapsed": 55.777066, "delta": 0.647841}}
{"target": -9.681821223088665, "params": {"C": 28.067708132630823, "epsilon": 21.00096352859759, "gamma": 3.0}, "datetime": {"datetime": "2021-09-18 08:44:42", "elapsed": 56.442601, "delta": 0.665535}}
