{"target": -2.0176539557150854, "params": {"C": 71.0250455308135, "epsilon": 0.12259467573741907, "gamma": 0.06073918233093376}, "datetime": {"datetime": "2021-09-18 11:47:38", "elapsed": 93.945251, "delta": 1.065289}}
{"target": -2.0303774516316073, "params": {"C": 69.46445951688703, "epsilon": 0.04816256347216723, "gamma": 0.06505277525013706}, "datetime": {"datetime": "2021-09-18 11:47:39", "elapsed": 94.576781, "delta": 0.63153}}
{"target": -2.024328410798722, "params": {"C": 73.63460143940159, "epsilon": 0.3808671915543467, "gamma": 0.06137013873779486}, "datetime": {"datetime": "2021-09-18 11:47:40", "elapsed": 95.233263, "delta": 0.656482}}
{"target": -2.0174930705507705, "params": {"C": 71.02100432362946, "epsilon": 0.13608579188723738, "gamma": 0.06225419687618507}, "datetime": {"datetime": "2021-09-18 11:47:41", "elapsed": 96.249483, "delta": 1.01622}}
{"target": -2.034590521742036, "params": {"C": 71.01627547026654, "epsilon": 0.12068637196990949, "gamma": 0.07327786786932675}, "datetime": {"datetime": "2021-09-18 11:47:42", "elapsed": 97.413687, "delta": 1.164204}}
{"target": -2.0693061500145293, "params": {"C": 71.01667590189514, "epsilon": 0.12329916421629569, "gamma": 0.053001948975225074}, "datetime": {"datetime": "2021-09-18 11:47:43", "elapsed": 98.90791, "delta": 1.494223}}
{"target": -2.03365420690138, "params": {"C": 69.69506092019874, "epsilon": 0.1802369317767351, "gamma": 0.05816058121686998}, "datetime": {"datetime": "2021-09-18 11:47:45", "elapsed": 100.242123, "delta": 1.334213}}
{"target": -2.037014936647894, "params": {"C": 71.03279929878306, "epsilon": 0.1416692752637621, "gamma": 0.05704181937687096}, "datetime": {"datetime": "2021-09-18 11:47:46", "elapsed": 101.832703, "delta": 1.59058}}
{"target": -2.0323566055098574, "params": {"C": 71.02016514268624, "epsilon": 0.139021293412209, "gamma": 0.07236835385614056}, "datetime": {"datetime": "2021-09-18 11:47:48", "elapsed": 103.065096, "delta": 1.232393}}
{"target": -2.0275018766256676, "params": {"C": 71.03150172064407, "epsilon": 0.11490344065186486, "gamma": 0.06893790845616021}, "datetime": {"datetime": "2021-09-18 11:47:49", "elapsed": 104.214915, "delta": 1.149819}}
{"target": -2.0232329253893493, "params": {"C": 71.06142739730119, "epsilon": 0.13608746569762314, "gamma": 0.05934932046498774}, "datetime": {"datetime": "2021-09-18 11:47:50", "elapsed": 105.416018, "delta": 1.201103}}
{"target": -2.019311648458258, "params": {"C": 73.63123500749279, "epsilon": 0.13655484750478286, "gamma": 0.06513855562031395}, "datetime": {"datetime": "2021-09-18 11:47:51", "elapsed": 106.48859, "delta": 1.072572}}
{"target": -2.0298619607345114, "params": {"C": 69.14443364342306, "epsilon": 0.032427417839977435, "gamma": 0.06311995763060403}, "datetime": {"datetime": "2021-09-18 11:47:52", "elapsed": 107.170229, "delta": 0.681639}}
{"target": -2.044208648465073, "params": {"C": 72.60621929564344, "epsilon": 0.19041176199202056, "gamma": 0.055422220180598954}, "datetime": {"datetime": "2021-09-18 11:47:52", "elapsed": 107.793975, "delta": 0.623746}}
{"target": -2.017203028545682, "params": {"C": 71.05708007803774, "epsilon": 0.14494362208056003, "gamma": 0.06374621696795323}, "datetime": {"datetime": "2021-09-18 11:47:53", "elapsed": 108.895091, "delta": 1.101116}}
{"target": -2.0206978647383607, "params": {"C": 69.6861649301516, "epsilon": 0.19299989381801066, "gamma": 0.06194589896050921}, "datetime": {"datetime": "2021-09-18 11:47:55", "elapsed": 110.243259, "delta": 1.348168}}
{"target": -2.0657159781106906, "params": {"C": 73.08598780805121, "epsilon": 0.1198457902500042, "gamma": 0.05289267089273234}, "datetime": {"datetime": "2021-09-18 11:47:56", "elapsed": 111.478001, "delta": 1.234742}}
{"target": -2.026972647531796, "params": {"C": 71.03787783371139, "epsilon": 0.12965794913015685, "gamma": 0.06911620580324974}, "datetime": {"datetime": "2021-09-18 11:47:57", "elapsed": 112.622408, "delta": 1.144407}}
{"target": -2.0324500590473185, "params": {"C": 74.89918308708303, "epsilon": 0.35575211878932483, "gamma": 0.05712360098299962}, "datetime": {"datetime": "2021-09-18 11:47:58", "elapsed": 113.339839, "delta": 0.717431}}
{"target": -2.033885663251992, "params": {"C": 71.04918510586258, "epsilon": 0.1272182533489298, "gamma": 0.05757166820794113}, "datetime": {"datetime": "2021-09-18 11:47:59", "elapsed": 114.708565, "delta": 1.368726}}
{"target": -2.0361686695617265, "params": {"C": 69.71008904223775, "epsilon": 0.19939628887730373, "gamma": 0.05786014295660479}, "datetime": {"datetime": "2021-09-18 11:48:00", "elapsed": 115.968303, "delta": 1.259738}}
{"target": -2.0462969442891996, "params": {"C": 73.07619650961065, "epsilon": 0.12758328776043623, "gamma": 0.07765839487106937}, "datetime": {"datetime": "2021-09-18 11:48:02", "elapsed": 117.491003, "delta": 1.5227}}
{"target": -2.052418195607065, "params": {"C": 73.09984732185323, "epsilon": 0.15111679655709478, "gamma": 0.05431146070941009}, "datetime": {"datetime": "2021-09-18 11:48:03", "elapsed": 118.827323, "delta": 1.33632}}
{"target": -2.030920917536949, "params": {"C": 69.43653631527063, "epsilon": 0.4263275086075181, "gamma": 0.06554634450416533}, "datetime": {"datetime": "2021-09-18 11:48:04", "elapsed": 119.512436, "delta": 0.685113}}
{"target": -2.0385921431863934, "params": {"C": 74.75507685833946, "epsilon": 0.2747587575696576, "gamma": 0.07489500489372569}, "datetime": {"datetime": "2021-09-18 11:48:05", "elapsed": 120.245345, "delta": 0.732909}}
{"target": -2.025682891931798, "params": {"C": 73.63416117141355, "epsilon": 0.14269944466587747, "gamma": 0.05798286090042642}, "datetime": {"datetime": "2021-09-18 11:48:06", "elapsed": 121.259841, "delta": 1.014496}}
{"target": -2.041181946475965, "params": {"C": 75.90064049836339, "epsilon": 0.39863591561931216, "gamma": 0.051984362859615586}, "datetime": {"datetime": "2021-09-18 11:48:06", "elapsed": 121.92169, "delta": 0.661849}}
{"target": -2.0806997348960676, "params": {"C": 75.85173038373802, "epsilon": 0.07144601520076539, "gamma": 0.050550514165703435}, "datetime": {"datetime": "2021-09-18 11:48:07", "elapsed": 122.690747, "delta": 0.769057}}
{"target": -2.0428753484036766, "params": {"C": 75.85407845926949, "epsilon": 0.091273835668613, "gamma": 0.07520738770026304}, "datetime": {"datetime": "2021-09-18 11:48:08", "elapsed": 123.9462, "delta": 1.255453}}
{"target": -2.0659605561016248, "params": {"C": 71.03471841694937, "epsilon": 0.12319498071811218, "gamma": 0.05348942391030086}, "datetime": {"datetime": "2021-09-18 11:48:10", "elapsed": 125.391729, "delta": 1.445529}}
{"target": -2.030941209329276, "params": {"C": 69.6838295393625, "epsilon": 0.18775968124327, "gamma": 0.07178012030685674}, "datetime": {"datetime": "2021-09-18 11:48:11", "elapsed": 126.960329, "delta": 1.5686}}
{"target": -2.038662474456603, "params": {"C": 69.85290276319904, "epsilon": 0.29319947706864546, "gamma": 0.07411236742207598}, "datetime": {"datetime": "2021-09-18 11:48:12", "elapsed": 127.801766, "delta": 0.841437}}
{"target": -2.0274489230296933, "params": {"C": 76.59299076985127, "epsilon": 0.3231565993904276, "gamma": 0.06713761099616636}, "datetime": {"datetime": "2021-09-18 11:48:14", "elapsed": 129.08657, "delta": 1.284804}}
{"target": -2.0190328192586775, "params": {"C": 71.02239438738945, "epsilon": 0.13040707717715294, "gamma": 0.06564342363612542}, "datetime": {"datetime": "2021-09-18 11:48:15", "elapsed": 130.522984, "delta": 1.436414}}
{"target": -2.0291280661155167, "params": {"C": 69.6886462079371, "epsilon": 0.1470226316744398, "gamma": 0.0708324707202811}, "datetime": {"datetime": "2021-09-18 11:48:16", "elapsed": 131.81977, "delta": 1.296786}}
{"target": -2.020176808456631, "params": {"C": 69.69440442371885, "epsilon": 0.19536101678065634, "gamma": 0.06367064770062929}, "datetime": {"datetime": "2021-09-18 11:48:18", "elapsed": 133.295179, "delta": 1.475409}}
{"target": -2.0445524034261817, "params": {"C": 73.6377627536014, "epsilon": 0.12767077051667394, "gamma": 0.07696809876703242}, "datetime": {"datetime": "2021-09-18 11:48:19", "elapsed": 134.950662, "delta": 1.655483}}
{"target": -2.042827073525709, "params": {"C": 69.05366071656643, "epsilon": 0.36521773604398977, "gamma": 0.07304424601004605}, "datetime": {"datetime": "2021-09-18 11:48:20", "elapsed": 135.774419, "delta": 0.823757}}
{"target": -2.027126847550622, "params": {"C": 69.69704327920924, "epsilon": 0.3080825551290518, "gamma": 0.06660520290323808}, "datetime": {"datetime": "2021-09-18 11:48:21", "elapsed": 136.612806, "delta": 0.838387}}
{"target": -2.0231218215334947, "params": {"C": 73.09801812188428, "epsilon": 0.10965128606381812, "gamma": 0.06663243691078419}, "datetime": {"datetime": "2021-09-18 11:48:23", "elapsed": 138.230774, "delta": 1.617968}}
{"target": -2.0283557303150435, "params": {"C": 71.03388520065597, "epsilon": 0.13989790169613522, "gamma": 0.07001745322621596}, "datetime": {"datetime": "2021-09-18 11:48:24", "elapsed": 139.558071, "delta": 1.327297}}
{"target": -2.042507130657241, "params": {"C": 73.07990613277022, "epsilon": 0.10958272823528385, "gamma": 0.07568948226017362}, "datetime": {"datetime": "2021-09-18 11:48:25", "elapsed": 140.937815, "delta": 1.379744}}
{"target": -2.0440809286380186, "params": {"C": 72.90882483730607, "epsilon": 0.21709401208616602, "gamma": 0.07780258488886267}, "datetime": {"datetime": "2021-09-18 11:48:26", "elapsed": 141.64453, "delta": 0.706715}}
{"target": -2.0200981808004186, "params": {"C": 69.67268688348018, "epsilon": 0.1845818293380476, "gamma": 0.06194077151315129}, "datetime": {"datetime": "2021-09-18 11:48:27", "elapsed": 142.77365, "delta": 1.12912}}
{"target": -2.0276046705262663, "params": {"C": 69.66694421180955, "epsilon": 0.19295631443311212, "gamma": 0.059426721163182525}, "datetime": {"datetime": "2021-09-18 11:48:29", "elapsed": 144.10337, "delta": 1.32972}}
{"target": -2.054682358890333, "params": {"C": 71.05386191982419, "epsilon": 0.14199056131715262, "gamma": 0.05480439003681232}, "datetime": {"datetime": "2021-09-18 11:48:30", "elapsed": 145.70405, "delta": 1.60068}}
{"target": -2.019137544848964, "params": {"C": 69.67252672881581, "epsilon": 0.17365379338894588, "gamma": 0.0616535491860806}, "datetime": {"datetime": "2021-09-18 11:48:32", "elapsed": 147.20552, "delta": 1.50147}}
{"target": -2.0449694169193, "params": {"C": 69.19988167720074, "epsilon": 0.38222911849294294, "gamma": 0.07412667785612699}, "datetime": {"datetime": "2021-09-18 11:48:33", "elapsed": 148.101839, "delta": 0.896319}}
{"target": -2.0328082141273334, "params": {"C": 71.06200866680803, "epsilon": 0.14987397852969586, "gamma": 0.07309746300982388}, "datetime": {"datetime": "2021-09-18 11:48:34", "elapsed": 149.701484, "delta": 1.599645}}
{"target": -2.028520345298806, "params": {"C": 71.22839265051711, "epsilon": 0.06263751310149629, "gamma": 0.06420570804413027}, "datetime": {"datetime": "2021-09-18 11:48:35", "elapsed": 150.486159, "delta": 0.784675}}
{"target": -2.0357897429852634, "params": {"C": 69.66801582452878, "epsilon": 0.17185056619726818, "gamma": 0.07442034444938311}, "datetime": {"datetime": "2021-09-18 11:48:37", "elapsed": 152.160963, "delta": 1.674804}}
{"target": -2.0213638981304283, "params": {"C": 71.0700420936353, "epsilon": 0.1369497186598377, "gamma": 0.05971134177846571}, "datetime": {"datetime": "2021-09-18 11:48:39", "elapsed": 154.081033, "delta": 1.92007}}
{"target": -2.0177881170392857, "params": {"C": 73.63845766751996, "epsilon": 0.13299543525422255, "gamma": 0.060925103007228296}, "datetime": {"datetime": "2021-09-18 11:48:40", "elapsed": 155.14099, "delta": 1.059957}}
{"target": -2.0433644178373274, "params": {"C": 76.82459816179383, "epsilon": 0.22385363375979198, "gamma": 0.05367301611448945}, "datetime": {"datetime": "2021-09-18 11:48:40", "elapsed": 155.906651, "delta": 0.765661}}
{"target": -2.024152479012663, "params": {"C": 76.01343959049491, "epsilon": 0.3756792986191787, "gamma": 0.06233815223920744}, "datetime": {"datetime": "2021-09-18 11:48:42", "elapsed": 157.21968, "delta": 1.313029}}
{"target": -2.0209332929590254, "params": {"C": 69.6607315897474, "epsilon": 0.18147609018058175, "gamma": 0.06066438477953337}, "datetime": {"datetime": "2021-09-18 11:48:43", "elapsed": 158.345614, "delta": 1.125934}}
{"target": -2.0319080867819515, "params": {"C": 71.07144444179845, "epsilon": 0.1348577991875604, "gamma": 0.07133367629286617}, "datetime": {"datetime": "2021-09-18 11:48:44", "elapsed": 159.751073, "delta": 1.405459}}
{"target": -2.029417941147869, "params": {"C": 76.03090871579577, "epsilon": 0.3806853119178362, "gamma": 0.06519299194598514}, "datetime": {"datetime": "2021-09-18 11:48:46", "elapsed": 161.033781, "delta": 1.282708}}
{"target": -2.0182679139169184, "params": {"C": 71.06399307661354, "epsilon": 0.12405407816753275, "gamma": 0.06402679550148886}, "datetime": {"datetime": "2021-09-18 11:48:47", "elapsed": 162.539161, "delta": 1.50538}}
{"target": -2.0430221036553946, "params": {"C": 76.15950144730363, "epsilon": 0.3943107734931228, "gamma": 0.07246406290446637}, "datetime": {"datetime": "2021-09-18 11:48:48", "elapsed": 163.360238, "delta": 0.821077}}
{"target": -2.0253856192733126, "params": {"C": 69.58205335884743, "epsilon": 0.10478504781685906, "gamma": 0.06818431822653356}, "datetime": {"datetime": "2021-09-18 11:48:49", "elapsed": 164.54138, "delta": 1.181142}}
{"target": -2.031602149890119, "params": {"C": 71.05169827415506, "epsilon": 0.12613045743395154, "gamma": 0.07077992368324246}, "datetime": {"datetime": "2021-09-18 11:48:50", "elapsed": 165.731021, "delta": 1.189641}}
{"target": -2.038655061987587, "params": {"C": 76.59142927185717, "epsilon": 0.3108787216434061, "gamma": 0.074225613839088}, "datetime": {"datetime": "2021-09-18 11:48:52", "elapsed": 167.426629, "delta": 1.695608}}
{"target": -2.0508554749573413, "params": {"C": 71.06957058054579, "epsilon": 0.1258934082550989, "gamma": 0.05554048390261494}, "datetime": {"datetime": "2021-09-18 11:48:53", "elapsed": 168.847504, "delta": 1.420875}}
{"target": -2.0410225000880406, "params": {"C": 76.01736451829717, "epsilon": 0.381840469123514, "gamma": 0.07225572880090537}, "datetime": {"datetime": "2021-09-18 11:48:55", "elapsed": 170.229509, "delta": 1.382005}}
{"target": -2.0456898798156584, "params": {"C": 76.9044111554708, "epsilon": 0.4391651740412258, "gamma": 0.05165636847679616}, "datetime": {"datetime": "2021-09-18 11:48:56", "elapsed": 171.002306, "delta": 0.772797}}
{"target": -2.0340446180212943, "params": {"C": 73.25516491981892, "epsilon": 0.27208214432100936, "gamma": 0.05785775920685533}, "datetime": {"datetime": "2021-09-18 11:48:56", "elapsed": 171.801642, "delta": 0.799336}}
{"target": -2.063210220163907, "params": {"C": 69.67685918189152, "epsilon": 0.19051837898119384, "gamma": 0.05297757973204139}, "datetime": {"datetime": "2021-09-18 11:48:58", "elapsed": 173.309719, "delta": 1.508077}}
{"target": -2.0181719720084885, "params": {"C": 71.06362975973853, "epsilon": 0.1376787976447838, "gamma": 0.06527461805003776}, "datetime": {"datetime": "2021-09-18 11:48:59", "elapsed": 174.600986, "delta": 1.291267}}
{"target": -2.0275685619411825, "params": {"C": 76.02616377588357, "epsilon": 0.3675592940765343, "gamma": 0.05896954504473244}, "datetime": {"datetime": "2021-09-18 11:49:01", "elapsed": 176.102474, "delta": 1.501488}}
{"target": -2.0476509555893623, "params": {"C": 69.8183031335427, "epsilon": 0.27933911840419406, "gamma": 0.05445852757254247}, "datetime": {"datetime": "2021-09-18 11:49:02", "elapsed": 177.084736, "delta": 0.982262}}
{"target": -2.01962511650771, "params": {"C": 71.05180478201196, "epsilon": 0.14102372454250864, "gamma": 0.06666179531445791}, "datetime": {"datetime": "2021-09-18 11:49:03", "elapsed": 178.649259, "delta": 1.564523}}
{"target": -2.0320366241083185, "params": {"C": 73.08919360315694, "epsilon": 0.11996362996663254, "gamma": 0.0699857015567207}, "datetime": {"datetime": "2021-09-18 11:49:05", "elapsed": 180.171408, "delta": 1.522149}}
{"target": -2.0349012551407295, "params": {"C": 73.64011515456875, "epsilon": 0.1599820941318312, "gamma": 0.07389823218649455}, "datetime": {"datetime": "2021-09-18 11:49:07", "elapsed": 182.147585, "delta": 1.976177}}
{"target": -2.022586640718856, "params": {"C": 75.83479527375039, "epsilon": 0.08684332769578039, "gamma": 0.06427106957154505}, "datetime": {"datetime": "2021-09-18 11:49:08", "elapsed": 183.573692, "delta": 1.426107}}
{"target": -2.027125447708309, "params": {"C": 76.76787907142663, "epsilon": 0.3324633220660778, "gamma": 0.06168169237019608}, "datetime": {"datetime": "2021-09-18 11:49:09", "elapsed": 184.448507, "delta": 0.874815}}
{"target": -2.019347916993566, "params": {"C": 75.56141485678558, "epsilon": 0.20227816346424, "gamma": 0.06654437486648729}, "datetime": {"datetime": "2021-09-18 11:49:10", "elapsed": 185.814737, "delta": 1.36623}}
{"target": -2.01920139010692, "params": {"C": 75.55153471001913, "epsilon": 0.20658994421722485, "gamma": 0.0664766778091124}, "datetime": {"datetime": "2021-09-18 11:49:12", "elapsed": 187.619674, "delta": 1.804937}}
{"target": -2.0294820031603624, "params": {"C": 73.12343406655263, "epsilon": 0.21599893443452886, "gamma": 0.0715418359298047}, "datetime": {"datetime": "2021-09-18 11:49:13", "elapsed": 188.576922, "delta": 0.957248}}
{"target": -2.0366894693129654, "params": {"C": 75.56733559494171, "epsilon": 0.19386774634950923, "gamma": 0.0753005360472169}, "datetime": {"datetime": "2021-09-18 11:49:15", "elapsed": 190.023169, "delta": 1.446247}}
{"target": -2.021005960298672, "params": {"C": 69.66864608402766, "epsilon": 0.1904378959452485, "gamma": 0.06779639830741425}, "datetime": {"datetime": "2021-09-18 11:49:16", "elapsed": 191.779517, "delta": 1.756348}}
{"target": -2.025183125724746, "params": {"C": 72.18167635320482, "epsilon": 0.23249789813937177, "gamma": 0.05957030602494538}, "datetime": {"datetime": "2021-09-18 11:49:17", "elapsed": 192.652155, "delta": 0.872638}}
{"target": -2.057329191340821, "params": {"C": 76.7796673614993, "epsilon": 0.13204928221649617, "gamma": 0.05284880002783625}, "datetime": {"datetime": "2021-09-18 11:49:18", "elapsed": 193.549509, "delta": 0.897354}}
{"target": -2.078621655261757, "params": {"C": 72.78683153804408, "epsilon": 0.1589581013693322, "gamma": 0.05014653012199496}, "datetime": {"datetime": "2021-09-18 11:49:19", "elapsed": 194.393224, "delta": 0.843715}}
{"target": -2.038879154296018, "params": {"C": 71.44795095472017, "epsilon": 0.35113132421058674, "gamma": 0.07113365507162919}, "datetime": {"datetime": "2021-09-18 11:49:20", "elapsed": 195.252617, "delta": 0.859393}}
{"target": -2.026032979980223, "params": {"C": 75.54611592959871, "epsilon": 0.20041962582423561, "gamma": 0.06961321250111872}, "datetime": {"datetime": "2021-09-18 11:49:22", "elapsed": 197.089102, "delta": 1.836485}}
{"target": -2.017032438216564, "params": {"C": 71.01672396437881, "epsilon": 0.14703027314894257, "gamma": 0.0614936453915759}, "datetime": {"datetime": "2021-09-18 11:49:23", "elapsed": 198.624397, "delta": 1.535295}}
{"target": -2.0424060408931806, "params": {"C": 75.56766909759338, "epsilon": 0.20161258983769315, "gamma": 0.05470996029748158}, "datetime": {"datetime": "2021-09-18 11:49:25", "elapsed": 200.052808, "delta": 1.428411}}
{"target": -2.0216752193239835, "params": {"C": 69.64984200927039, "epsilon": 0.19256968188483756, "gamma": 0.06066210920929215}, "datetime": {"datetime": "2021-09-18 11:49:26", "elapsed": 201.402006, "delta": 1.349198}}
{"target": -2.0350006107167093, "params": {"C": 69.65127952712417, "epsilon": 0.20257060106576755, "gamma": 0.058083215994687604}, "datetime": {"datetime": "2021-09-18 11:49:27", "elapsed": 202.803979, "delta": 1.401973}}
{"target": -2.045057649925309, "params": {"C": 71.06724083146474, "epsilon": 0.11954726454592378, "gamma": 0.07682043003942675}, "datetime": {"datetime": "2021-09-18 11:49:30", "elapsed": 205.048703, "delta": 2.244724}}
{"target": -2.03395645578125, "params": {"C": 69.65316687226145, "epsilon": 0.19865648003977815, "gamma": 0.07343550593137353}, "datetime": {"datetime": "2021-09-18 11:49:31", "elapsed": 206.837785, "delta": 1.789082}}
{"target": -2.0214578776228875, "params": {"C": 71.02784851654492, "epsilon": 0.12417746681642601, "gamma": 0.06735955987352228}, "datetime": {"datetime": "2021-09-18 11:49:34", "elapsed": 209.041276, "delta": 2.203491}}
{"target": -2.0174132589499973, "params": {"C": 71.01916746049326, "epsilon": 0.15702538028636903, "gamma": 0.06359584405211313}, "datetime": {"datetime": "2021-09-18 11:49:35", "elapsed": 210.687449, "delta": 1.646173}}
{"target": -2.049733753643399, "params": {"C": 71.01705687286146, "epsilon": 0.15879965561765627, "gamma": 0.07940759782666951}, "datetime": {"datetime": "2021-09-18 11:49:37", "elapsed": 212.357559, "delta": 1.67011}}
{"target": -2.0287577468528264, "params": {"C": 75.55751341701264, "epsilon": 0.20965843484453153, "gamma": 0.07103475566784513}, "datetime": {"datetime": "2021-09-18 11:49:38", "elapsed": 213.957175, "delta": 1.599616}}
{"target": -2.0454300826234273, "params": {"C": 71.22252537742382, "epsilon": 0.3875172460918746, "gamma": 0.0741234265901015}, "datetime": {"datetime": "2021-09-18 11:49:39", "elapsed": 214.927961, "delta": 0.970786}}
{"target": -2.0325741459514592, "params": {"C": 71.02863047254134, "epsilon": 0.16436839403792233, "gamma": 0.0577909522499919}, "datetime": {"datetime": "2021-09-18 11:49:41", "elapsed": 216.932272, "delta": 2.004311}}
{"target": -2.025379777707927, "params": {"C": 69.6458118484931, "epsilon": 0.18301256892003676, "gamma": 0.06990459813865121}, "datetime": {"datetime": "2021-09-18 11:49:43", "elapsed": 218.515036, "delta": 1.582764}}
{"target": -2.0296516541388896, "params": {"C": 69.95707899644434, "epsilon": 0.06827412507947664, "gamma": 0.06853234255650394}, "datetime": {"datetime": "2021-09-18 11:49:44", "elapsed": 219.458572, "delta": 0.943536}}
