{"target": -7.220391023486747, "params": {"C": 1.6855792715899802, "epsilon": 2.040469082037786, "gamma": 0.0001}, "datetime": {"datetime": "2021-09-18 08:53:17", "elapsed": 584.579879, "delta": 3.091914}}
{"target": -5.837814128453787, "params": {"C": 1.407524321874709, "epsilon": 6.125145238900533, "gamma": 0.3677312766801294}, "datetime": {"datetime": "2021-09-18 08:53:20", "elapsed": 588.08755, "delta": 3.507671}}
{"target": -9.057684839266912, "params": {"C": 11.573663956180667, "epsilon": 18.373121140737293, "gamma": 0.0001}, "datetime": {"datetime": "2021-09-18 08:53:24", "elapsed": 591.549072, "delta": 3.461522}}
{"target": -3.0177926026652884, "params": {"C": 36.81592854633106, "epsilon": 0.006631382506972621, "gamma": 0.0034984716764496046}, "datetime": {"datetime": "2021-09-18 08:53:27", "elapsed": 594.583648, "delta": 3.034576}}
{"target": -3.55217242128827, "params": {"C": 18.57589086389903, "epsilon": 3.0221712132260365, "gamma": 0.4882212577655158}, "datetime": {"datetime": "2021-09-18 08:53:30", "elapsed": 597.827879, "delta": 3.244231}}
{"target": -9.319078947368421, "params": {"C": 34.375808744004374, "epsilon": 26.385762621497115, "gamma": 0.0001}, "datetime": {"datetime": "2021-09-18 08:53:33", "elapsed": 600.728147, "delta": 2.900268}}
{"target": -5.153252518745188, "params": {"C": 49.96652385257012, "epsilon": 3.1702162759812897, "gamma": 1.4342632987187371}, "datetime": {"datetime": "2021-09-18 08:53:36", "elapsed": 604.292009, "delta": 3.563862}}
{"target": -6.652463596200518, "params": {"C": 25.65526319837614, "epsilon": 11.04291979507797, "gamma": 0.049150964573580334}, "datetime": {"datetime": "2021-09-18 08:53:40", "elapsed": 607.872267, "delta": 3.580258}}
{"target": -3.9528884401688553, "params": {"C": 23.356657394866268, "epsilon": 1.261170702721495, "gamma": 0.9087290766404537}, "datetime": {"datetime": "2021-09-18 08:53:43", "elapsed": 611.307793, "delta": 3.435526}}
{"target": -9.180149495228315, "params": {"C": 25.502506532301446, "epsilon": 16.096139287691287, "gamma": 3.0}, "datetime": {"datetime": "2021-09-18 08:53:47", "elapsed": 614.372727, "delta": 3.064934}}
{"target": -3.6558558652180877, "params": {"C": 10.030481445384616, "epsilon": 5.608382746483933, "gamma": 0.011503571536280297}, "datetime": {"datetime": "2021-09-18 08:53:49", "elapsed": 617.052373, "delta": 2.679646}}
{"target": -5.986644146434613, "params": {"C": 9.046556246095838, "epsilon": 0.001, "gamma": 3.0}, "datetime": {"datetime": "2021-09-18 08:53:53", "elapsed": 620.500679, "delta": 3.448306}}
{"target": -7.445879659518171, "params": {"C": 12.142317019829457, "epsilon": 8.873926187854215, "gamma": 3.0}, "datetime": {"datetime": "2021-09-18 08:53:55", "elapsed": 623.197039, "delta": 2.69636}}
{"target": -7.64794776604421, "params": {"C": 1.3163823532774586, "epsilon": 11.844065246117834, "gamma": 2.992627794419963}, "datetime": {"datetime": "2021-09-18 08:53:58", "elapsed": 626.28066, "delta": 3.083621}}
{"target": -6.54725500905066, "params": {"C": 7.973130081996588, "epsilon": 4.459507951169036, "gamma": 0.0001}, "datetime": {"datetime": "2021-09-18 08:54:02", "elapsed": 629.845294, "delta": 3.564634}}
{"target": -3.2235482957036536, "params": {"C": 29.891593108898032, "epsilon": 1.4149030237670341, "gamma": 0.5725975649303087}, "datetime": {"datetime": "2021-09-18 08:54:05", "elapsed": 633.195681, "delta": 3.350387}}
{"target": -9.319078947368421, "params": {"C": 16.40056364272776, "epsilon": 30.0, "gamma": 0.0001}, "datetime": {"datetime": "2021-09-18 08:54:09", "elapsed": 636.457251, "delta": 3.26157}}
{"target": -8.077365568181763, "params": {"C": 38.32583432647471, "epsilon": 14.30307236000362, "gamma": 0.0001}, "datetime": {"datetime": "2021-09-18 08:54:12", "elapsed": 639.654492, "delta": 3.197241}}
{"target": -9.319078947368421, "params": {"C": 34.6435081578623, "epsilon": 30.0, "gamma": 3.0}, "datetime": {"datetime": "2021-09-18 08:54:16", "elapsed": 643.711484, "delta": 4.056992}}
{"target": -7.440588850094777, "params": {"C": 0.11949652245814579, "epsilon": 3.184924321262791, "gamma": 2.872368693258626}, "datetime": {"datetime": "2021-09-18 08:54:20", "elapsed": 647.886585, "delta": 4.175101}}
{"target": -5.600451702389639, "params": {"C": 29.925957209755754, "epsilon": 0.12384804131884732, "gamma": 2.944966036309019}, "datetime": {"datetime": "2021-09-18 08:54:23", "elapsed": 651.283183, "delta": 3.396598}}
{"target": -4.8759702514060335, "params": {"C": 24.79277570653111, "epsilon": 2.5920654891406416, "gamma": 1.354268947756198}, "datetime": {"datetime": "2021-09-18 08:54:26", "elapsed": 654.206428, "delta": 2.923245}}
{"target": -2.4511034574119104, "params": {"C": 10.982851716954887, "epsilon": 0.8433503256594719, "gamma": 0.057337693667867146}, "datetime": {"datetime": "2021-09-18 08:54:31", "elapsed": 659.003857, "delta": 4.797429}}
{"target": -2.6331377406877046, "params": {"C": 47.78222226515844, "epsilon": 2.0445342626262177, "gamma": 0.00858067626529773}, "datetime": {"datetime": "2021-09-18 08:54:35", "elapsed": 662.412592, "delta": 3.408735}}
{"target": -5.3716535793141444, "params": {"C": 39.50649214436017, "epsilon": 5.173343110245357, "gamma": 0.0001}, "datetime": {"datetime": "2021-09-18 08:54:38", "elapsed": 666.025379, "delta": 3.612787}}
{"target": -9.140027408495992, "params": {"C": 32.73235517978379, "epsilon": 15.895729544486263, "gamma": 2.9216261285510665}, "datetime": {"datetime": "2021-09-18 08:54:42", "elapsed": 669.941037, "delta": 3.915658}}
{"target": -5.909438624810147, "params": {"C": 10.034703831517648, "epsilon": 5.927824513892838, "gamma": 1.1224566692157727}, "datetime": {"datetime": "2021-09-18 08:54:46", "elapsed": 674.106381, "delta": 4.165344}}
{"target": -6.4779640618743795, "params": {"C": 13.695162028913652, "epsilon": 4.707425906381182, "gamma": 2.616022116096034}, "datetime": {"datetime": "2021-09-18 08:54:50", "elapsed": 678.233829, "delta": 4.127448}}
{"target": -9.45391601583556, "params": {"C": 46.14235769587111, "epsilon": 22.018081211684347, "gamma": 0.0001}, "datetime": {"datetime": "2021-09-18 08:54:54", "elapsed": 681.651919, "delta": 3.41809}}
{"target": -2.6786045995929104, "params": {"C": 44.45268513348902, "epsilon": 4.170529764268462, "gamma": 0.06794654845149524}, "datetime": {"datetime": "2021-09-18 08:54:57", "elapsed": 684.955884, "delta": 3.303965}}
{"target": -6.065101443950801, "params": {"C": 48.38686431059744, "epsilon": 7.718575219395665, "gamma": 0.0001}, "datetime": {"datetime": "2021-09-18 08:55:00", "elapsed": 688.143882, "delta": 3.187998}}
{"target": -6.909273341397157, "params": {"C": 34.92481994971012, "epsilon": 6.059081720263448, "gamma": 3.0}, "datetime": {"datetime": "2021-09-18 08:55:04", "elapsed": 691.429597, "delta": 3.285715}}
{"target": -4.065153193566225, "params": {"C": 40.58692017159028, "epsilon": 4.078419829653951, "gamma": 0.5442313895535982}, "datetime": {"datetime": "2021-09-18 08:55:07", "elapsed": 694.795114, "delta": 3.365517}}
{"target": -6.63242483559817, "params": {"C": 41.38155192155149, "epsilon": 4.782211036485239, "gamma": 3.0}, "datetime": {"datetime": "2021-09-18 08:55:10", "elapsed": 698.121638, "delta": 3.326524}}
{"target": -3.526264023613598, "params": {"C": 11.585978006030363, "epsilon": 6.09564615622946, "gamma": 0.04138312667898295}, "datetime": {"datetime": "2021-09-18 08:55:13", "elapsed": 701.113921, "delta": 2.992283}}
{"target": -5.131382594197043, "params": {"C": 37.01522712851127, "epsilon": 2.7698558256211854, "gamma": 1.5355119644526336}, "datetime": {"datetime": "2021-09-18 08:55:16", "elapsed": 704.289474, "delta": 3.175553}}
{"target": -7.1730423497494105, "params": {"C": 47.27879139387751, "epsilon": 7.308984783706101, "gamma": 2.9448346308264557}, "datetime": {"datetime": "2021-09-18 08:55:20", "elapsed": 708.25555, "delta": 3.966076}}
{"target": -4.732057617998999, "params": {"C": 48.602366252329915, "epsilon": 0.001, "gamma": 0.0001}, "datetime": {"datetime": "2021-09-18 08:55:25", "elapsed": 712.732069, "delta": 4.476519}}
{"target": -3.7828760235804815, "params": {"C": 42.28109843382912, "epsilon": 7.147020637407274, "gamma": 0.016151763545193393}, "datetime": {"datetime": "2021-09-18 08:55:29", "elapsed": 716.956867, "delta": 4.224798}}
{"target": -2.3284013812220024, "params": {"C": 46.48280779991241, "epsilon": 1.4425313842631928, "gamma": 0.034216912229172954}, "datetime": {"datetime": "2021-09-18 08:55:32", "elapsed": 720.27994, "delta": 3.323073}}
{"target": -4.415406150709876, "params": {"C": 50.0, "epsilon": 0.001, "gamma": 1.382538411652489}, "datetime": {"datetime": "2021-09-18 08:55:37", "elapsed": 724.341413, "delta": 4.061473}}
{"target": -5.014351926891818, "params": {"C": 21.362239492254705, "epsilon": 0.0241878173325227, "gamma": 1.8659849138687106}, "datetime": {"datetime": "2021-09-18 08:55:40", "elapsed": 727.772814, "delta": 3.431401}}
{"target": -6.690275741444676, "params": {"C": 6.074041219942284, "epsilon": 3.0576147022932156, "gamma": 0.0001}, "datetime": {"datetime": "2021-09-18 08:55:44", "elapsed": 731.840394, "delta": 4.06758}}
{"target": -4.23829907565968, "params": {"C": 4.362791778133192, "epsilon": 2.6063911189530162, "gamma": 0.4704892249536756}, "datetime": {"datetime": "2021-09-18 08:55:48", "elapsed": 735.526733, "delta": 3.686339}}
{"target": -2.213124817511654, "params": {"C": 45.85163327530917, "epsilon": 0.31687677218504484, "gamma": 0.03201077896306817}, "datetime": {"datetime": "2021-09-18 08:55:52", "elapsed": 739.416282, "delta": 3.889549}}
{"target": -2.1989439219154234, "params": {"C": 45.01900329788284, "epsilon": 0.4362718886043086, "gamma": 0.13971859532976708}, "datetime": {"datetime": "2021-09-18 08:55:57", "elapsed": 744.479021, "delta": 5.062739}}
{"target": -2.3480242945310907, "params": {"C": 26.721486447997616, "epsilon": 0.032804881407102866, "gamma": 0.021171480787810327}, "datetime": {"datetime": "2021-09-18 08:56:01", "elapsed": 748.788438, "delta": 4.309417}}
{"target": -9.319078947368421, "params": {"C": 46.43826741423112, "epsilon": 26.87156473221648, "gamma": 3.0}, "datetime": {"datetime": "2021-09-18 08:56:05", "elapsed": 752.995091, "delta": 4.206653}}
{"target": -9.68797309038092, "params": {"C": 0.1, "epsilon": 19.899082916883238, "gamma": 0.0001}, "datetime": {"datetime": "2021-09-18 08:56:11", "elapsed": 758.380609, "delta": 5.385518}}
{"target": -4.818081794425445, "params": {"C": 45.119906223687785, "epsilon": 0.001, "gamma": 0.0001}, "datetime": {"datetime": "2021-09-18 08:56:14", "elapsed": 761.979333, "delta": 3.598724}}
{"target": -3.5353751063687655, "params": {"C": 44.88831283824791, "epsilon": 0.7493406128447254, "gamma": 0.7686602204777518}, "datetime": {"datetime": "2021-09-18 08:56:18", "elapsed": 766.096102, "delta": 4.116769}}
{"target": -2.2460396871363324, "params": {"C": 46.42644557372568, "epsilon": 0.8606907040028408, "gamma": 0.16346451806360487}, "datetime": {"datetime": "2021-09-18 08:56:24", "elapsed": 771.981646, "delta": 5.885544}}
{"target": -6.2033434621001655, "params": {"C": 12.335958352869314, "epsilon": 4.726457884565992, "gamma": 0.0001}, "datetime": {"datetime": "2021-09-18 08:56:28", "elapsed": 775.482546, "delta": 3.5009}}
{"target": -6.546833779983913, "params": {"C": 14.912219419098733, "epsilon": 7.738437155511428, "gamma": 0.0001}, "datetime": {"datetime": "2021-09-18 08:56:33", "elapsed": 781.260521, "delta": 5.777975}}
{"target": -2.1671375952068366, "params": {"C": 45.69594010122277, "epsilon": 1.0955406687136058, "gamma": 0.10456407845552833}, "datetime": {"datetime": "2021-09-18 08:56:38", "elapsed": 785.75797, "delta": 4.497449}}
{"target": -2.1808753878545994, "params": {"C": 45.21464857696879, "epsilon": 0.9670293284969187, "gamma": 0.05452055285068082}, "datetime": {"datetime": "2021-09-18 08:56:42", "elapsed": 790.088923, "delta": 4.330953}}
{"target": -2.5941793608241692, "params": {"C": 43.94306613507889, "epsilon": 3.432606519547627, "gamma": 0.025055530402262247}, "datetime": {"datetime": "2021-09-18 08:56:45", "elapsed": 793.287221, "delta": 3.198298}}
{"target": -2.682439536433793, "params": {"C": 45.465698037403314, "epsilon": 0.6557676702768855, "gamma": 0.36871641891536866}, "datetime": {"datetime": "2021-09-18 08:56:49", "elapsed": 796.98411, "delta": 3.696889}}
{"target": -9.692989622452664, "params": {"C": 38.955234470691984, "epsilon": 21.1218192221164, "gamma": 0.09546364055877062}, "datetime": {"datetime": "2021-09-18 08:56:54", "elapsed": 801.414808, "delta": 4.430698}}
{"target": -6.038645063591967, "params": {"C": 44.67119555425052, "epsilon": 2.2520107865279866, "gamma": 3.0}, "datetime": {"datetime": "2021-09-18 08:56:58", "elapsed": 805.966782, "delta": 4.551974}}
{"target": -9.394486615922487, "params": {"C": 17.462136406899617, "epsilon": 22.267544862847892, "gamma": 0.0001}, "datetime": {"datetime": "2021-09-18 08:57:02", "elapsed": 809.362609, "delta": 3.395827}}
{"target": -3.933196190328665, "params": {"C": 38.745222696805676, "epsilon": 7.406091688815335, "gamma": 0.029844790436456336}, "datetime": {"datetime": "2021-09-18 08:57:06", "elapsed": 814.011338, "delta": 4.648729}}
{"target": -6.575184915256983, "params": {"C": 19.328239530149165, "epsilon": 4.5294276637694235, "gamma": 3.0}, "datetime": {"datetime": "2021-09-18 08:57:10", "elapsed": 817.492013, "delta": 3.480675}}
{"target": -6.5160387583307875, "params": {"C": 7.613667527742843, "epsilon": 2.4259852399123045, "gamma": 0.0001}, "datetime": {"datetime": "2021-09-18 08:57:13", "elapsed": 821.156849, "delta": 3.664836}}
{"target": -5.145110974812886, "params": {"C": 6.250977757571428, "epsilon": 2.443529360393175, "gamma": 1.0821139628730385}, "datetime": {"datetime": "2021-09-18 08:57:17", "elapsed": 824.80188, "delta": 3.645031}}
{"target": -7.7232890535722145, "params": {"C": 25.293150925749885, "epsilon": 13.794678284916687, "gamma": 0.0001}, "datetime": {"datetime": "2021-09-18 08:57:21", "elapsed": 828.586815, "delta": 3.784935}}
{"target": -2.938027411384364, "params": {"C": 37.048362238188346, "epsilon": 1.2539607971474078, "gamma": 0.004266174528712544}, "datetime": {"datetime": "2021-09-18 08:57:24", "elapsed": 832.317269, "delta": 3.730454}}
{"target": -5.049066397066536, "params": {"C": 32.77261775897439, "epsilon": 1.3645665324269103, "gamma": 0.0001}, "datetime": {"datetime": "2021-09-18 08:57:30", "elapsed": 837.428966, "delta": 5.111697}}
{"target": -3.9925708215743567, "params": {"C": 28.7505865766495, "epsilon": 3.0403061496829014, "gamma": 0.7095595072049693}, "datetime": {"datetime": "2021-09-18 08:57:33", "elapsed": 840.838406, "delta": 3.40944}}
{"target": -2.8081809648782796, "params": {"C": 45.452768942988996, "epsilon": 4.958173249241368, "gamma": 0.04849562153463952}, "datetime": {"datetime": "2021-09-18 08:57:37", "elapsed": 844.574966, "delta": 3.73656}}
{"target": -6.6336954508773385, "params": {"C": 6.8056104512806215, "epsilon": 3.9515872352216856, "gamma": 2.8768975802055383}, "datetime": {"datetime": "2021-09-18 08:57:43", "elapsed": 851.204762, "delta": 6.629796}}
{"target": -3.924117671740462, "params": {"C": 27.504563660298835, "epsilon": 0.9931709065618116, "gamma": 0.9469832747716825}, "datetime": {"datetime": "2021-09-18 08:57:48", "elapsed": 856.100924, "delta": 4.896162}}
{"target": -6.745735430865225, "params": {"C": 30.653778371199014, "epsilon": 5.442093470064808, "gamma": 2.9125090941158285}, "datetime": {"datetime": "2021-09-18 08:57:52", "elapsed": 859.524969, "delta": 3.424045}}
{"target": -4.23480795061444, "params": {"C": 35.46021010297167, "epsilon": 2.3734765818012225, "gamma": 0.9400387127242908}, "datetime": {"datetime": "2021-09-18 08:57:57", "elapsed": 864.365968, "delta": 4.840999}}
{"target": -5.359445198339555, "params": {"C": 46.29063615455412, "epsilon": 5.618270082509357, "gamma": 0.0001}, "datetime": {"datetime": "2021-09-18 08:58:00", "elapsed": 868.163915, "delta": 3.797947}}
{"target": -4.357694397859352, "params": {"C": 3.2342317902739213, "epsilon": 4.125021079234959, "gamma": 0.004846782561733576}, "datetime": {"datetime": "2021-09-18 08:58:06", "elapsed": 873.483683, "delta": 5.319768}}
{"target": -9.319078947368421, "params": {"C": 24.512568701243715, "epsilon": 22.975411938756835, "gamma": 3.0}, "datetime": {"datetime": "2021-09-18 08:58:10", "elapsed": 878.0397, "delta": 4.556017}}
{"target": -2.7203733389216036, "params": {"C": 27.19099255706908, "epsilon": 4.328357701267251, "gamma": 0.030696166085610432}, "datetime": {"datetime": "2021-09-18 08:58:15", "elapsed": 882.470506, "delta": 4.430806}}
{"target": -2.4032422604813153, "params": {"C": 30.56290740966311, "epsilon": 1.1402220351571426, "gamma": 0.032022568316040806}, "datetime": {"datetime": "2021-09-18 08:58:18", "elapsed": 886.120555, "delta": 3.650049}}
{"target": -6.619111390281567, "params": {"C": 46.90544528388702, "epsilon": 9.621549735426667, "gamma": 0.0001}, "datetime": {"datetime": "2021-09-18 08:58:22", "elapsed": 889.90804, "delta": 3.787485}}
{"target": -9.319078947368421, "params": {"C": 26.956234494947562, "epsilon": 30.0, "gamma": 3.0}, "datetime": {"datetime": "2021-09-18 08:58:26", "elapsed": 893.656749, "delta": 3.748709}}
{"target": -2.5652547751103363, "params": {"C": 42.26622041901895, "epsilon": 0.8565529624508049, "gamma": 0.28224271509489246}, "datetime": {"datetime": "2021-09-18 08:58:30", "elapsed": 897.415805, "delta": 3.759056}}
{"target": -9.687103212476968, "params": {"C": 35.794504201970135, "epsilon": 20.244839951742627, "gamma": 3.0}, "datetime": {"datetime": "2021-09-18 08:58:34", "elapsed": 901.359831, "delta": 3.944026}}
{"target": -9.474873968847364, "params": {"C": 7.615602023386363, "epsilon": 21.950166362668277, "gamma": 3.0}, "datetime": {"datetime": "2021-09-18 08:58:38", "elapsed": 905.907417, "delta": 4.547586}}
{"target": -7.8422192388694985, "params": {"C": 0.1, "epsilon": 14.11714251131496, "gamma": 0.0001}, "datetime": {"datetime": "2021-09-18 08:58:42", "elapsed": 909.439871, "delta": 3.532454}}
{"target": -9.674120692995231, "params": {"C": 15.736045461991404, "epsilon": 19.67508016461943, "gamma": 3.0}, "datetime": {"datetime": "2021-09-18 08:58:45", "elapsed": 912.972164, "delta": 3.532293}}
{"target": -9.422117596715788, "params": {"C": 50.0, "epsilon": 22.163212448257163, "gamma": 3.0}, "datetime": {"datetime": "2021-09-18 08:58:50", "elapsed": 918.149605, "delta": 5.177441}}
{"target": -6.302757862249018, "params": {"C": 47.349295179692376, "epsilon": 3.371250795033842, "gamma": 2.9896758615918513}, "datetime": {"datetime": "2021-09-18 08:58:54", "elapsed": 922.099393, "delta": 3.949788}}
{"target": -9.589658778994531, "params": {"C": 17.12966253134851, "epsilon": 16.59772764199176, "gamma": 0.10388575066277317}, "datetime": {"datetime": "2021-09-18 08:59:00", "elapsed": 928.093897, "delta": 5.994504}}
{"target": -6.156765907910998, "params": {"C": 35.01713920886316, "epsilon": 2.8369987185185024, "gamma": 2.951002836302466}, "datetime": {"datetime": "2021-09-18 08:59:05", "elapsed": 932.344925, "delta": 4.251028}}
{"target": -5.929608042721526, "params": {"C": 49.993296250005244, "epsilon": 6.002030793422825, "gamma": 1.2230939252376873}, "datetime": {"datetime": "2021-09-18 08:59:08", "elapsed": 935.890432, "delta": 3.545507}}
{"target": -6.7160013873106434, "params": {"C": 19.075820064931193, "epsilon": 7.946161400366806, "gamma": 1.3074380366689193}, "datetime": {"datetime": "2021-09-18 08:59:12", "elapsed": 940.215169, "delta": 4.324737}}
{"target": -7.238277412142516, "params": {"C": 14.130777243616453, "epsilon": 11.645367746108258, "gamma": 0.02704220193069664}, "datetime": {"datetime": "2021-09-18 08:59:16", "elapsed": 944.18597, "delta": 3.970801}}
{"target": -8.236089221381668, "params": {"C": 46.801448286262456, "epsilon": 11.685771538186316, "gamma": 3.0}, "datetime": {"datetime": "2021-09-18 08:59:20", "elapsed": 947.885929, "delta": 3.699959}}
{"target": -5.962668189710903, "params": {"C": 19.07511498735719, "epsilon": 1.6789817564704226, "gamma": 2.973685490772687}, "datetime": {"datetime": "2021-09-18 08:59:25", "elapsed": 952.766009, "delta": 4.88008}}
{"target": -3.0309491114844724, "params": {"C": 43.03768931946763, "epsilon": 3.0746228721222155, "gamma": 0.0047555577829171015}, "datetime": {"datetime": "2021-09-18 08:59:29", "elapsed": 956.730643, "delta": 3.964634}}
{"target": -2.7328982251066316, "params": {"C": 27.89490281013211, "epsilon": 4.368588872860476, "gamma": 0.02713608620074977}, "datetime": {"datetime": "2021-09-18 08:59:33", "elapsed": 960.61991, "delta": 3.889267}}
{"target": -9.319078947368421, "params": {"C": 37.7188870561968, "epsilon": 30.0, "gamma": 0.0001}, "datetime": {"datetime": "2021-09-18 08:59:37", "elapsed": 964.734622, "delta": 4.114712}}
{"target": -2.996802756030911, "params": {"C": 48.36672261298222, "epsilon": 1.109294495997644, "gamma": 0.48353192811027806}, "datetime": {"datetime": "2021-09-18 08:59:42", "elapsed": 969.556607, "delta": 4.821985}}
{"target": -5.003613194285935, "params": {"C": 32.20006627181611, "epsilon": 1.5622284265567936, "gamma": 1.7068453058653763}, "datetime": {"datetime": "2021-09-18 08:59:46", "elapsed": 973.568671, "delta": 4.012064}}
{"target": -8.557073433881362, "params": {"C": 47.06257579414823, "epsilon": 15.383520586501861, "gamma": 0.0001}, "datetime": {"datetime": "2021-09-18 08:59:50", "elapsed": 978.185689, "delta": 4.617018}}
{"target": -7.807197627052535, "params": {"C": 27.597826175169384, "epsilon": 10.02963794160747, "gamma": 2.9434568489650137}, "datetime": {"datetime": "2021-09-18 08:59:55", "elapsed": 982.463508, "delta": 4.277819}}
{"target": -8.50788110921674, "params": {"C": 27.686742234004356, "epsilon": 16.105588739699865, "gamma": 0.0001}, "datetime": {"datetime": "2021-09-18 09:00:00", "elapsed": 988.021663, "delta": 5.558155}}
{"target": -9.319078947368421, "params": {"C": 37.433399284030145, "epsilon": 26.55047523688042, "gamma": 3.0}, "datetime": {"datetime": "2021-09-18 09:00:04", "elapsed": 991.878079, "delta": 3.856416}}
