{"target": -15.204907634327638, "params": {"C": 540.8421130902458, "epsilon": 0.4452493647523437, "gamma": 0.15820037220698327}, "datetime": {"datetime": "2021-09-27 18:01:59", "elapsed": 47.718945, "delta": 0.833994}}
{"target": -10.982949950700602, "params": {"C": 613.322199497307, "epsilon": 0.8542886935188455, "gamma": 0.01}, "datetime": {"datetime": "2021-09-27 18:02:00", "elapsed": 48.431945, "delta": 0.713}}
{"target": -11.583632115879187, "params": {"C": 604.4369361142491, "epsilon": 0.9273123476045363, "gamma": 0.049167195825683935}, "datetime": {"datetime": "2021-09-27 18:02:01", "elapsed": 49.105085, "delta": 0.67314}}
{"target": -14.148965033761444, "params": {"C": 613.215936090603, "epsilon": 0.9236451012403613, "gamma": 0.08378586722543}, "datetime": {"datetime": "2021-09-27 18:02:01", "elapsed": 49.785089, "delta": 0.680004}}
{"target": -10.958925004208615, "params": {"C": 675.2344779733972, "epsilon": 0.5890373663576535, "gamma": 0.041420702647883015}, "datetime": {"datetime": "2021-09-27 18:02:02", "elapsed": 50.34609, "delta": 0.561001}}
{"target": -10.73573007232818, "params": {"C": 604.5460123944918, "epsilon": 0.8422956186100085, "gamma": 0.039168463591309516}, "datetime": {"datetime": "2021-09-27 18:02:03", "elapsed": 50.988675, "delta": 0.642585}}
{"target": -16.028505713302877, "params": {"C": 582.4979174173216, "epsilon": 0.49337005899868264, "gamma": 0.2742431220852463}, "datetime": {"datetime": "2021-09-27 18:02:03", "elapsed": 51.447676, "delta": 0.459001}}
{"target": -10.931164844257273, "params": {"C": 577.2366919158906, "epsilon": 0.2251607652449486, "gamma": 0.04340006353007239}, "datetime": {"datetime": "2021-09-27 18:02:04", "elapsed": 52.173673, "delta": 0.725997}}
{"target": -16.17643983931422, "params": {"C": 689.485783324543, "epsilon": 0.7099602825041732, "gamma": 0.295517325476896}, "datetime": {"datetime": "2021-09-27 18:02:04", "elapsed": 52.574669, "delta": 0.400996}}
{"target": -14.996025344083503, "params": {"C": 577.2101367300941, "epsilon": 0.11663144224166754, "gamma": 0.15139115200449202}, "datetime": {"datetime": "2021-09-27 18:02:05", "elapsed": 53.368895, "delta": 0.794226}}
{"target": -16.1012360258844, "params": {"C": 661.1974105042921, "epsilon": 0.33173135917692226, "gamma": 0.2796584894348582}, "datetime": {"datetime": "2021-09-27 18:02:06", "elapsed": 53.8799, "delta": 0.511005}}
{"target": -10.810017466653047, "params": {"C": 577.3957197861704, "epsilon": 0.31578279198210096, "gamma": 0.04107723449997901}, "datetime": {"datetime": "2021-09-27 18:02:06", "elapsed": 54.616806, "delta": 0.736906}}
{"target": -14.975018425815056, "params": {"C": 577.1635629754805, "epsilon": 0.41592443768516946, "gamma": 0.11914226437205305}, "datetime": {"datetime": "2021-09-27 18:02:07", "elapsed": 55.357486, "delta": 0.74068}}
{"target": -15.03865256553226, "params": {"C": 577.5280396866979, "epsilon": 0.3826405159175799, "gamma": 0.1399345255872014}, "datetime": {"datetime": "2021-09-27 18:02:08", "elapsed": 56.030481, "delta": 0.672995}}
{"target": -10.805822919459814, "params": {"C": 615.2616649685525, "epsilon": 0.0462334295892466, "gamma": 0.03172718934441403}, "datetime": {"datetime": "2021-09-27 18:02:08", "elapsed": 56.794771, "delta": 0.76429}}
{"target": -10.411538162670036, "params": {"C": 675.114973113903, "epsilon": 0.6226530171766799, "gamma": 0.019062993755470055}, "datetime": {"datetime": "2021-09-27 18:02:09", "elapsed": 57.625772, "delta": 0.831001}}
{"target": -16.05978068624323, "params": {"C": 664.2484781990788, "epsilon": 0.719470316344383, "gamma": 0.269461904275626}, "datetime": {"datetime": "2021-09-27 18:02:10", "elapsed": 58.239771, "delta": 0.613999}}
{"target": -10.78896876246122, "params": {"C": 675.3489057574852, "epsilon": 0.7570347119308808, "gamma": 0.011267021661081317}, "datetime": {"datetime": "2021-09-27 18:02:11", "elapsed": 58.975925, "delta": 0.736154}}
{"target": -11.064632959332544, "params": {"C": 675.5416258874276, "epsilon": 0.8015479630720411, "gamma": 0.04208830140093735}, "datetime": {"datetime": "2021-09-27 18:02:11", "elapsed": 59.693919, "delta": 0.717994}}
{"target": -10.334504053113907, "params": {"C": 675.361953313325, "epsilon": 0.9421639971937286, "gamma": 0.025509454293040783}, "datetime": {"datetime": "2021-09-27 18:02:12", "elapsed": 60.638629, "delta": 0.94471}}
{"target": -13.979134128307793, "params": {"C": 675.2374460166586, "epsilon": 0.9679573480253252, "gamma": 0.07885658256864167}, "datetime": {"datetime": "2021-09-27 18:02:13", "elapsed": 61.38463, "delta": 0.746001}}
{"target": -10.613630531831655, "params": {"C": 675.6290525722691, "epsilon": 0.9492073020279463, "gamma": 0.017183492935400783}, "datetime": {"datetime": "2021-09-27 18:02:14", "elapsed": 62.126637, "delta": 0.742007}}
{"target": -10.5950419692779, "params": {"C": 675.5256067638102, "epsilon": 0.9372745347384082, "gamma": 0.03405001532343848}, "datetime": {"datetime": "2021-09-27 18:02:15", "elapsed": 62.852002, "delta": 0.725365}}
{"target": -15.347450543032974, "params": {"C": 675.6630480365508, "epsilon": 0.8627217777510006, "gamma": 0.14374617562337363}, "datetime": {"datetime": "2021-09-27 18:02:15", "elapsed": 63.494006, "delta": 0.642004}}
{"target": -15.181788991462476, "params": {"C": 675.3929017867621, "epsilon": 0.8252639234936205, "gamma": 0.12595261735622162}, "datetime": {"datetime": "2021-09-27 18:02:16", "elapsed": 64.216001, "delta": 0.721995}}
{"target": -10.999240743570066, "params": {"C": 556.7853247507978, "epsilon": 0.261845979539866, "gamma": 0.04435546912324237}, "datetime": {"datetime": "2021-09-27 18:02:17", "elapsed": 64.85787, "delta": 0.641869}}
{"target": -11.299920563314137, "params": {"C": 541.0582321026459, "epsilon": 0.12147164446393152, "gamma": 0.010227969344909396}, "datetime": {"datetime": "2021-09-27 18:02:17", "elapsed": 65.715877, "delta": 0.858007}}
{"target": -10.466738601891707, "params": {"C": 556.7317061881231, "epsilon": 0.821573181029618, "gamma": 0.02351239076151415}, "datetime": {"datetime": "2021-09-27 18:02:18", "elapsed": 66.571389, "delta": 0.855512}}
{"target": -12.068557451723578, "params": {"C": 556.8881311219287, "epsilon": 0.7123539498555869, "gamma": 0.06064322384685584}, "datetime": {"datetime": "2021-09-27 18:02:19", "elapsed": 67.258704, "delta": 0.687315}}
{"target": -15.559401874322228, "params": {"C": 556.7008339950021, "epsilon": 0.9183864672888766, "gamma": 0.16905134649344744}, "datetime": {"datetime": "2021-09-27 18:02:20", "elapsed": 67.903707, "delta": 0.645003}}
{"target": -10.359714299137822, "params": {"C": 613.3991385034373, "epsilon": 0.7244668832776943, "gamma": 0.017540686276667647}, "datetime": {"datetime": "2021-09-27 18:02:20", "elapsed": 68.667711, "delta": 0.764004}}
{"target": -11.251993904253196, "params": {"C": 556.720697963868, "epsilon": 0.8127431607342868, "gamma": 0.04632209420005}, "datetime": {"datetime": "2021-09-27 18:02:21", "elapsed": 69.296278, "delta": 0.628567}}
{"target": -15.162387704166525, "params": {"C": 613.3706561020247, "epsilon": 0.6541973115452016, "gamma": 0.1262428591668596}, "datetime": {"datetime": "2021-09-27 18:02:22", "elapsed": 70.169025, "delta": 0.872747}}
{"target": -11.113149944363423, "params": {"C": 675.4382935596584, "epsilon": 1.0, "gamma": 0.01}, "datetime": {"datetime": "2021-09-27 18:02:23", "elapsed": 70.967596, "delta": 0.798571}}
{"target": -15.194067582325301, "params": {"C": 519.5263301415348, "epsilon": 0.7663594112080121, "gamma": 0.13507989449272279}, "datetime": {"datetime": "2021-09-27 18:02:23", "elapsed": 71.426599, "delta": 0.459003}}
{"target": -11.08683189485348, "params": {"C": 577.3599383954981, "epsilon": 0.22200019263309662, "gamma": 0.0114229625216139}, "datetime": {"datetime": "2021-09-27 18:02:24", "elapsed": 72.231215, "delta": 0.804616}}
{"target": -10.463696241020111, "params": {"C": 525.4723533190836, "epsilon": 0.696679492390803, "gamma": 0.026120310163005707}, "datetime": {"datetime": "2021-09-27 18:02:24", "elapsed": 72.744963, "delta": 0.513748}}
{"target": -15.30424792941101, "params": {"C": 675.9634349559794, "epsilon": 0.7439956199869574, "gamma": 0.13450259493867878}, "datetime": {"datetime": "2021-09-27 18:02:25", "elapsed": 73.362969, "delta": 0.618006}}
{"target": -12.331719700055316, "params": {"C": 525.593930696576, "epsilon": 0.6447136061871916, "gamma": 0.06608393044585073}, "datetime": {"datetime": "2021-09-27 18:02:26", "elapsed": 74.173964, "delta": 0.810995}}
{"target": -10.411997587008107, "params": {"C": 525.3715298357712, "epsilon": 0.7811512844873025, "gamma": 0.02299566034985265}, "datetime": {"datetime": "2021-09-27 18:02:27", "elapsed": 74.969211, "delta": 0.795247}}
{"target": -12.377143560478746, "params": {"C": 525.3174076051687, "epsilon": 0.6445125501784565, "gamma": 0.0665796967327493}, "datetime": {"datetime": "2021-09-27 18:02:27", "elapsed": 75.705209, "delta": 0.735998}}
{"target": -13.54594294754957, "params": {"C": 525.2263599124454, "epsilon": 0.8306681134418695, "gamma": 0.07925588850043187}, "datetime": {"datetime": "2021-09-27 18:02:28", "elapsed": 76.42321, "delta": 0.718001}}
{"target": -15.780303977041862, "params": {"C": 525.4355822443705, "epsilon": 0.844828296338105, "gamma": 0.19315909135800916}, "datetime": {"datetime": "2021-09-27 18:02:29", "elapsed": 77.030584, "delta": 0.607374}}
{"target": -10.474580241532683, "params": {"C": 563.663383668106, "epsilon": 0.5961809468742121, "gamma": 0.02699437145190941}, "datetime": {"datetime": "2021-09-27 18:02:29", "elapsed": 77.704585, "delta": 0.674001}}
{"target": -12.924474699747327, "params": {"C": 563.4939306061389, "epsilon": 0.6259713152100128, "gamma": 0.07083944548599466}, "datetime": {"datetime": "2021-09-27 18:02:30", "elapsed": 78.543109, "delta": 0.838524}}
{"target": -14.103212402345141, "params": {"C": 563.8020014650118, "epsilon": 0.5942642683089588, "gamma": 0.08798603323938617}, "datetime": {"datetime": "2021-09-27 18:02:31", "elapsed": 79.540891, "delta": 0.997782}}
{"target": -10.631137272475382, "params": {"C": 614.9134361605547, "epsilon": 0.8515637918592103, "gamma": 0.01293552902479866}, "datetime": {"datetime": "2021-09-27 18:02:32", "elapsed": 80.32789, "delta": 0.786999}}
{"target": -10.65589464465082, "params": {"C": 586.9100089217872, "epsilon": 0.3487953757977559, "gamma": 0.01552608842628907}, "datetime": {"datetime": "2021-09-27 18:02:33", "elapsed": 80.981761, "delta": 0.653871}}
{"target": -10.356211637735486, "params": {"C": 586.8896330279437, "epsilon": 0.5014790815232464, "gamma": 0.0234174059764186}, "datetime": {"datetime": "2021-09-27 18:02:34", "elapsed": 82.363761, "delta": 1.382}}
{"target": -16.165565353085523, "params": {"C": 693.6565453597307, "epsilon": 0.36864659152136064, "gamma": 0.2925349484950845}, "datetime": {"datetime": "2021-09-27 18:02:35", "elapsed": 82.888954, "delta": 0.525193}}
{"target": -15.516744571627017, "params": {"C": 629.1103284421342, "epsilon": 0.3170856812514847, "gamma": 0.21894515134923676}, "datetime": {"datetime": "2021-09-27 18:02:35", "elapsed": 83.488955, "delta": 0.600001}}
{"target": -15.033634323604305, "params": {"C": 694.9104468731268, "epsilon": 0.19879822897197832, "gamma": 0.14258208050866608}, "datetime": {"datetime": "2021-09-27 18:02:36", "elapsed": 84.044957, "delta": 0.556002}}
{"target": -15.132409391568578, "params": {"C": 586.8839826152292, "epsilon": 0.44804048753987913, "gamma": 0.14521716459084663}, "datetime": {"datetime": "2021-09-27 18:02:36", "elapsed": 84.735956, "delta": 0.690999}}
{"target": -10.33242546120577, "params": {"C": 675.5001439090045, "epsilon": 0.6780692361540067, "gamma": 0.015405375326361758}, "datetime": {"datetime": "2021-09-27 18:02:37", "elapsed": 85.510348, "delta": 0.774392}}
{"target": -15.478340782703592, "params": {"C": 604.392244304209, "epsilon": 0.7950664964782177, "gamma": 0.15801058432345813}, "datetime": {"datetime": "2021-09-27 18:02:38", "elapsed": 86.024389, "delta": 0.514041}}
{"target": -11.025806599041548, "params": {"C": 675.4587898381317, "epsilon": 0.5035706137335388, "gamma": 0.010656504375131921}, "datetime": {"datetime": "2021-09-27 18:02:39", "elapsed": 86.89473, "delta": 0.870341}}
{"target": -10.359663822154037, "params": {"C": 675.1114461704958, "epsilon": 0.616204687633855, "gamma": 0.030248250296401463}, "datetime": {"datetime": "2021-09-27 18:02:39", "elapsed": 87.521724, "delta": 0.626994}}
{"target": -11.010031113677998, "params": {"C": 567.2328613866141, "epsilon": 0.5955663730133135, "gamma": 0.04404696561752016}, "datetime": {"datetime": "2021-09-27 18:02:40", "elapsed": 88.255735, "delta": 0.734011}}
{"target": -10.432083643889845, "params": {"C": 587.0923951896638, "epsilon": 0.3781658788482002, "gamma": 0.02685276525007517}, "datetime": {"datetime": "2021-09-27 18:02:41", "elapsed": 89.313772, "delta": 1.058037}}
{"target": -11.051803024470203, "params": {"C": 587.0633566133968, "epsilon": 0.5483096444776884, "gamma": 0.010430023564014358}, "datetime": {"datetime": "2021-09-27 18:02:42", "elapsed": 90.522769, "delta": 1.208997}}
{"target": -11.101654750972079, "params": {"C": 587.2336579862837, "epsilon": 0.4465510557697601, "gamma": 0.01}, "datetime": {"datetime": "2021-09-27 18:02:43", "elapsed": 91.682972, "delta": 1.160203}}
{"target": -11.741082663237439, "params": {"C": 586.9532673382198, "epsilon": 0.1977343438305799, "gamma": 0.05837186324682932}, "datetime": {"datetime": "2021-09-27 18:02:44", "elapsed": 92.759609, "delta": 1.076637}}
{"target": -11.378643286280719, "params": {"C": 675.3683235155063, "epsilon": 0.9339220185331086, "gamma": 0.04492313529553933}, "datetime": {"datetime": "2021-09-27 18:02:45", "elapsed": 93.428268, "delta": 0.668659}}
{"target": -11.021390891652823, "params": {"C": 675.6144094075497, "epsilon": 0.5712619034898887, "gamma": 0.01}, "datetime": {"datetime": "2021-09-27 18:02:46", "elapsed": 94.798399, "delta": 1.370131}}
{"target": -14.308588105811126, "params": {"C": 552.8445416752164, "epsilon": 0.07274433527901027, "gamma": 0.10273894446372207}, "datetime": {"datetime": "2021-09-27 18:02:47", "elapsed": 95.582399, "delta": 0.784}}
{"target": -11.083375066572199, "params": {"C": 675.6028304133669, "epsilon": 0.38073621854946965, "gamma": 0.01}, "datetime": {"datetime": "2021-09-27 18:02:48", "elapsed": 96.809046, "delta": 1.226647}}
{"target": -14.942813537204074, "params": {"C": 587.1973903283128, "epsilon": 0.2694309214538229, "gamma": 0.12308840970749878}, "datetime": {"datetime": "2021-09-27 18:02:50", "elapsed": 98.244044, "delta": 1.434998}}
{"target": -15.234543594515937, "params": {"C": 691.5584601768755, "epsilon": 0.15742206011385554, "gamma": 0.16348672796428074}, "datetime": {"datetime": "2021-09-27 18:02:51", "elapsed": 99.178481, "delta": 0.934437}}
{"target": -15.293854473352988, "params": {"C": 675.530605189904, "epsilon": 0.4662590449162204, "gamma": 0.16018858841343084}, "datetime": {"datetime": "2021-09-27 18:02:52", "elapsed": 100.623645, "delta": 1.445164}}
{"target": -10.687205453473288, "params": {"C": 556.8843497882876, "epsilon": 0.8970300600212788, "gamma": 0.013086955013491794}, "datetime": {"datetime": "2021-09-27 18:02:53", "elapsed": 101.622641, "delta": 0.998996}}
{"target": -14.881638706605116, "params": {"C": 567.1736359052368, "epsilon": 0.45090672967406564, "gamma": 0.10984038511658624}, "datetime": {"datetime": "2021-09-27 18:02:55", "elapsed": 102.826263, "delta": 1.203622}}
{"target": -10.517989125278287, "params": {"C": 675.2407897073349, "epsilon": 0.5794043644824045, "gamma": 0.034734199011721}, "datetime": {"datetime": "2021-09-27 18:02:56", "elapsed": 103.922715, "delta": 1.096452}}
{"target": -15.320987596183484, "params": {"C": 567.1579984217869, "epsilon": 0.7279709630036101, "gamma": 0.15187252243407134}, "datetime": {"datetime": "2021-09-27 18:02:56", "elapsed": 104.797712, "delta": 0.874997}}
{"target": -12.006751850894473, "params": {"C": 586.8455641324197, "epsilon": 0.6167851831906422, "gamma": 0.059280278976962635}, "datetime": {"datetime": "2021-09-27 18:02:58", "elapsed": 106.184963, "delta": 1.387251}}
{"target": -10.351849626866095, "params": {"C": 563.5724317773183, "epsilon": 0.440410928245745, "gamma": 0.028642524179979312}, "datetime": {"datetime": "2021-09-27 18:02:59", "elapsed": 107.400053, "delta": 1.21509}}
{"target": -15.020581333647964, "params": {"C": 563.7194059199454, "epsilon": 0.3656882580191288, "gamma": 0.14205152159792336}, "datetime": {"datetime": "2021-09-27 18:03:00", "elapsed": 108.398054, "delta": 0.998001}}
{"target": -10.543720399611438, "params": {"C": 675.3585185381654, "epsilon": 0.35199673809336635, "gamma": 0.015787588588626673}, "datetime": {"datetime": "2021-09-27 18:03:01", "elapsed": 109.522267, "delta": 1.124213}}
{"target": -10.786972740604288, "params": {"C": 675.5360655339484, "epsilon": 0.16549880410105286, "gamma": 0.02358217825713168}, "datetime": {"datetime": "2021-09-27 18:03:02", "elapsed": 110.645272, "delta": 1.123005}}
{"target": -12.470426513015273, "params": {"C": 675.359784928553, "epsilon": 0.1424660250610008, "gamma": 0.06546260841551137}, "datetime": {"datetime": "2021-09-27 18:03:04", "elapsed": 112.02176, "delta": 1.376488}}
{"target": -10.975110043351476, "params": {"C": 674.9802897865671, "epsilon": 0.672414830032308, "gamma": 0.01}, "datetime": {"datetime": "2021-09-27 18:03:05", "elapsed": 113.157, "delta": 1.13524}}
{"target": -11.960655108005085, "params": {"C": 567.3797651987086, "epsilon": 0.6280134623264382, "gamma": 0.05928413631727083}, "datetime": {"datetime": "2021-09-27 18:03:06", "elapsed": 114.269999, "delta": 1.112999}}
{"target": -13.36530547491913, "params": {"C": 675.6944443013151, "epsilon": 0.1849525774999135, "gamma": 0.07489733923981721}, "datetime": {"datetime": "2021-09-27 18:03:07", "elapsed": 115.436428, "delta": 1.166429}}
{"target": -15.256756101752956, "params": {"C": 541.8298172239076, "epsilon": 0.43989542998352693, "gamma": 0.16853604194247154}, "datetime": {"datetime": "2021-09-27 18:03:08", "elapsed": 116.326423, "delta": 0.889995}}
{"target": -14.864291790020678, "params": {"C": 563.3959539126639, "epsilon": 0.2939051703726315, "gamma": 0.11626472569769822}, "datetime": {"datetime": "2021-09-27 18:03:10", "elapsed": 117.924346, "delta": 1.597923}}
{"target": -10.615038691946118, "params": {"C": 639.3832403388673, "epsilon": 0.9534393008929961, "gamma": 0.03553090272854585}, "datetime": {"datetime": "2021-09-27 18:03:11", "elapsed": 119.405693, "delta": 1.481347}}
{"target": -11.30387093074262, "params": {"C": 571.3705323825448, "epsilon": 0.22443857962725894, "gamma": 0.05068321664708929}, "datetime": {"datetime": "2021-09-27 18:03:12", "elapsed": 120.214696, "delta": 0.809003}}
{"target": -11.443232680823375, "params": {"C": 674.91119423037, "epsilon": 0.36893322634673725, "gamma": 0.04804466381196069}, "datetime": {"datetime": "2021-09-27 18:03:13", "elapsed": 121.197555, "delta": 0.982859}}
{"target": -14.304086587058096, "params": {"C": 571.5044284486163, "epsilon": 0.09490434655572094, "gamma": 0.10059713275339234}, "datetime": {"datetime": "2021-09-27 18:03:14", "elapsed": 122.528532, "delta": 1.330977}}
{"target": -15.052783824292016, "params": {"C": 639.3582949230607, "epsilon": 0.9971233076496039, "gamma": 0.12652306660164442}, "datetime": {"datetime": "2021-09-27 18:03:15", "elapsed": 123.819728, "delta": 1.291196}}
{"target": -15.21923764163476, "params": {"C": 587.1865482932083, "epsilon": 0.5998043616152147, "gamma": 0.1419295761713787}, "datetime": {"datetime": "2021-09-27 18:03:17", "elapsed": 125.14696, "delta": 1.327232}}
{"target": -10.495587064890884, "params": {"C": 675.2934972358163, "epsilon": 0.4288092711929288, "gamma": 0.02208510432483373}, "datetime": {"datetime": "2021-09-27 18:03:19", "elapsed": 126.948104, "delta": 1.801144}}
{"target": -14.868779473786473, "params": {"C": 500.0629057248401, "epsilon": 0.4953697615575448, "gamma": 0.1132544158544099}, "datetime": {"datetime": "2021-09-27 18:03:19", "elapsed": 127.746242, "delta": 0.798138}}
{"target": -11.156822019558906, "params": {"C": 639.5173580582086, "epsilon": 0.8078519693832423, "gamma": 0.04363605424537179}, "datetime": {"datetime": "2021-09-27 18:03:21", "elapsed": 129.20941, "delta": 1.463168}}
{"target": -10.572950835089074, "params": {"C": 674.8988739654101, "epsilon": 0.36967941279601796, "gamma": 0.03649121199829032}, "datetime": {"datetime": "2021-09-27 18:03:22", "elapsed": 130.265043, "delta": 1.055633}}
{"target": -10.60394649377812, "params": {"C": 675.3827416553361, "epsilon": 0.9307398229556698, "gamma": 0.018417104484136863}, "datetime": {"datetime": "2021-09-27 18:03:23", "elapsed": 131.202068, "delta": 0.937025}}
{"target": -11.097595401058632, "params": {"C": 586.9947054753242, "epsilon": 0.4412524160856934, "gamma": 0.01}, "datetime": {"datetime": "2021-09-27 18:03:25", "elapsed": 132.906674, "delta": 1.704606}}
{"target": -15.536110529901629, "params": {"C": 540.795192122222, "epsilon": 0.004937686534271162, "gamma": 0.23115757059476177}, "datetime": {"datetime": "2021-09-27 18:03:25", "elapsed": 133.814349, "delta": 0.907675}}
{"target": -15.072698993028496, "params": {"C": 615.3668185691463, "epsilon": 0.48828603866434006, "gamma": 0.11946489393385609}, "datetime": {"datetime": "2021-09-27 18:03:27", "elapsed": 135.511568, "delta": 1.697219}}
{"target": -11.56487286818576, "params": {"C": 675.4731256120681, "epsilon": 0.30794056989266805, "gamma": 0.05030120696600402}, "datetime": {"datetime": "2021-09-27 18:03:28", "elapsed": 136.724564, "delta": 1.212996}}
{"target": -11.47565939962621, "params": {"C": 639.4180102025082, "epsilon": 0.8530804419550553, "gamma": 0.04745988473405743}, "datetime": {"datetime": "2021-09-27 18:03:30", "elapsed": 137.830676, "delta": 1.106112}}
{"target": -10.44058861724793, "params": {"C": 540.936213660644, "epsilon": 0.37545318224023283, "gamma": 0.0194273117884421}, "datetime": {"datetime": "2021-09-27 18:03:31", "elapsed": 139.096678, "delta": 1.266002}}
