{"target": -2.1225858916812057, "params": {"C": 92.81531249560906, "epsilon": 0.08065181934769425, "gamma": 0.04103031125966586}, "datetime": {"datetime": "2021-09-18 11:00:30", "elapsed": 39.205186, "delta": 0.361006}}
{"target": -2.145826558853338, "params": {"C": 79.31186650528012, "epsilon": 0.9755407058356695, "gamma": 0.046374673050351214}, "datetime": {"datetime": "2021-09-18 11:00:30", "elapsed": 39.619081, "delta": 0.413895}}
{"target": -2.129003033556504, "params": {"C": 32.80438285265636, "epsilon": 0.16916955437397246, "gamma": 0.10455036681842252}, "datetime": {"datetime": "2021-09-18 11:00:31", "elapsed": 40.12406, "delta": 0.504979}}
{"target": -2.2558821638838573, "params": {"C": 26.171217523064314, "epsilon": 0.45628320094884195, "gamma": 0.15772959537190537}, "datetime": {"datetime": "2021-09-18 11:00:32", "elapsed": 40.877379, "delta": 0.753319}}
{"target": -2.288218009016856, "params": {"C": 26.494781230735363, "epsilon": 0.37147113282354366, "gamma": 0.20624623056958258}, "datetime": {"datetime": "2021-09-18 11:00:32", "elapsed": 41.373947, "delta": 0.496568}}
{"target": -2.190577156081154, "params": {"C": 67.52352748014874, "epsilon": 0.45117099282371254, "gamma": 0.1331256611605726}, "datetime": {"datetime": "2021-09-18 11:00:33", "elapsed": 41.756445, "delta": 0.382498}}
{"target": -2.169367275058292, "params": {"C": 87.87081229972597, "epsilon": 0.6844715538643262, "gamma": 0.12075860540255717}, "datetime": {"datetime": "2021-09-18 11:00:33", "elapsed": 42.258012, "delta": 0.501567}}
{"target": -2.1436204037515765, "params": {"C": 38.12036259681585, "epsilon": 0.32691906949073435, "gamma": 0.11660300924986262}, "datetime": {"datetime": "2021-09-18 11:00:34", "elapsed": 42.785014, "delta": 0.527002}}
{"target": -2.3400177295151594, "params": {"C": 32.64966992679268, "epsilon": 0.08751517670591369, "gamma": 0.21645335335030572}, "datetime": {"datetime": "2021-09-18 11:00:34", "elapsed": 43.291381, "delta": 0.506367}}
{"target": -2.09209000818068, "params": {"C": 38.19716259718541, "epsilon": 0.39880892545073027, "gamma": 0.07901812449440884}, "datetime": {"datetime": "2021-09-18 11:00:35", "elapsed": 44.03535, "delta": 0.743969}}
{"target": -2.0925305382508523, "params": {"C": 87.91850535166833, "epsilon": 0.834544455696219, "gamma": 0.08409481826063535}, "datetime": {"datetime": "2021-09-18 11:00:35", "elapsed": 44.717633, "delta": 0.682283}}
{"target": -2.423385684151633, "params": {"C": 87.96838859618312, "epsilon": 0.5714774870458249, "gamma": 0.20925205789911852}, "datetime": {"datetime": "2021-09-18 11:00:36", "elapsed": 45.40867, "delta": 0.691037}}
{"target": -2.202656948547846, "params": {"C": 28.03574590924427, "epsilon": 0.7991598884499819, "gamma": 0.1322660511399902}, "datetime": {"datetime": "2021-09-18 11:00:37", "elapsed": 45.795072, "delta": 0.386402}}
{"target": -2.195028106399246, "params": {"C": 26.390373065763526, "epsilon": 0.3481970294973946, "gamma": 0.12353360386546704}, "datetime": {"datetime": "2021-09-18 11:00:37", "elapsed": 46.177209, "delta": 0.382137}}
{"target": -2.10090917644116, "params": {"C": 87.82686273596894, "epsilon": 0.8480600301737631, "gamma": 0.06595933003325481}, "datetime": {"datetime": "2021-09-18 11:00:38", "elapsed": 46.754392, "delta": 0.577183}}
{"target": -2.549665751533746, "params": {"C": 83.40901476974877, "epsilon": 0.8317911938787591, "gamma": 0.2546152986178999}, "datetime": {"datetime": "2021-09-18 11:00:38", "elapsed": 47.12938, "delta": 0.374988}}
{"target": -2.361869806405994, "params": {"C": 32.762454549739026, "epsilon": 0.12185862227749612, "gamma": 0.01779200938545307}, "datetime": {"datetime": "2021-09-18 11:00:39", "elapsed": 47.79211, "delta": 0.66273}}
{"target": -2.5651108956835125, "params": {"C": 87.93718216453048, "epsilon": 0.8447391179661916, "gamma": 0.007278658082995429}, "datetime": {"datetime": "2021-09-18 11:00:39", "elapsed": 48.296566, "delta": 0.504456}}
{"target": -2.2439774388754294, "params": {"C": 38.16722579760334, "epsilon": 0.42382165984152653, "gamma": 0.17177369012412547}, "datetime": {"datetime": "2021-09-18 11:00:40", "elapsed": 49.181171, "delta": 0.884605}}
{"target": -2.300647265094713, "params": {"C": 55.512261675494486, "epsilon": 1.1011486607727918, "gamma": 0.032234670808852416}, "datetime": {"datetime": "2021-09-18 11:00:40", "elapsed": 49.560887, "delta": 0.379716}}
{"target": -2.1719066479858156, "params": {"C": 79.19445943532061, "epsilon": 0.983285424359972, "gamma": 0.040141504706910844}, "datetime": {"datetime": "2021-09-18 11:00:41", "elapsed": 50.090966, "delta": 0.530079}}
{"target": -2.1996338060649228, "params": {"C": 38.126520527147285, "epsilon": 0.3852953973632883, "gamma": 0.03589716577224008}, "datetime": {"datetime": "2021-09-18 11:00:41", "elapsed": 50.628363, "delta": 0.537397}}
{"target": -2.409958704296224, "params": {"C": 87.86748149394617, "epsilon": 0.9159280713813928, "gamma": 0.19089601234521536}, "datetime": {"datetime": "2021-09-18 11:00:42", "elapsed": 51.278326, "delta": 0.649963}}
{"target": -2.295379241939206, "params": {"C": 55.7118974033668, "epsilon": 1.271147684767249, "gamma": 0.16076104735474375}, "datetime": {"datetime": "2021-09-18 11:00:42", "elapsed": 51.672703, "delta": 0.394377}}
{"target": -2.202601306141508, "params": {"C": 87.73394799806806, "epsilon": 0.8073862417301392, "gamma": 0.13836564037402507}, "datetime": {"datetime": "2021-09-18 11:00:43", "elapsed": 52.282196, "delta": 0.609493}}
{"target": -2.5502629119148295, "params": {"C": 64.68304525606763, "epsilon": 0.21231772120726886, "gamma": 0.27881689798125947}, "datetime": {"datetime": "2021-09-18 11:00:43", "elapsed": 52.704379, "delta": 0.422183}}
{"target": -2.37783002890104, "params": {"C": 72.89213911878551, "epsilon": 0.03525235657769438, "gamma": 0.013397961927132954}, "datetime": {"datetime": "2021-09-18 11:00:45", "elapsed": 53.73384, "delta": 1.029461}}
{"target": -2.129826794012897, "params": {"C": 68.77002670968555, "epsilon": 0.8072342444516512, "gamma": 0.06404014656721646}, "datetime": {"datetime": "2021-09-18 11:00:45", "elapsed": 54.169881, "delta": 0.436041}}
{"target": -2.7621230165388826, "params": {"C": 75.80327928523663, "epsilon": 0.8129230740536967, "gamma": 0.0038922403138263017}, "datetime": {"datetime": "2021-09-18 11:00:46", "elapsed": 54.95588, "delta": 0.785999}}
{"target": -2.780702491782233, "params": {"C": 54.16531663158898, "epsilon": 0.05282115677710582, "gamma": 0.004030579478667108}, "datetime": {"datetime": "2021-09-18 11:00:46", "elapsed": 55.541198, "delta": 0.585318}}
{"target": -2.1485608081623693, "params": {"C": 54.25355247033914, "epsilon": 0.2521494500127108, "gamma": 0.11278545177772127}, "datetime": {"datetime": "2021-09-18 11:00:47", "elapsed": 56.117753, "delta": 0.576555}}
{"target": -2.1071511180659313, "params": {"C": 38.29824368862259, "epsilon": 0.3879872410527623, "gamma": 0.04737204151475239}, "datetime": {"datetime": "2021-09-18 11:00:47", "elapsed": 56.639348, "delta": 0.521595}}
{"target": -2.348948811417902, "params": {"C": 54.19529196386311, "epsilon": 0.03367995521185736, "gamma": 0.19642543407192198}, "datetime": {"datetime": "2021-09-18 11:00:48", "elapsed": 57.399925, "delta": 0.760577}}
{"target": -2.5794084473979098, "params": {"C": 68.19222640667894, "epsilon": 1.2479056048629509, "gamma": 0.2549024034630714}, "datetime": {"datetime": "2021-09-18 11:00:49", "elapsed": 57.879169, "delta": 0.479244}}
{"target": -2.7794915434674525, "params": {"C": 38.32666728322797, "epsilon": 0.29008058772940437, "gamma": 0.00505507391677994}, "datetime": {"datetime": "2021-09-18 11:00:49", "elapsed": 58.647437, "delta": 0.768268}}
{"target": -2.042845591072762, "params": {"C": 95.43856340218478, "epsilon": 0.2649088112247421, "gamma": 0.07197169684939647}, "datetime": {"datetime": "2021-09-18 11:00:50", "elapsed": 59.131281, "delta": 0.483844}}
{"target": -2.1444475691087588, "params": {"C": 59.37505056635216, "epsilon": 1.2315675447616228, "gamma": 0.09031619344410069}, "datetime": {"datetime": "2021-09-18 11:00:50", "elapsed": 59.579703, "delta": 0.448422}}
{"target": -2.10284696684115, "params": {"C": 87.98901101915631, "epsilon": 0.7222434442449773, "gamma": 0.05031027865713068}, "datetime": {"datetime": "2021-09-18 11:00:51", "elapsed": 60.042774, "delta": 0.463071}}
{"target": -2.3532151079079875, "params": {"C": 95.45760218806244, "epsilon": 0.21719457952607918, "gamma": 0.016413469553942312}, "datetime": {"datetime": "2021-09-18 11:00:52", "elapsed": 61.026323, "delta": 0.983549}}
{"target": -2.129267261623723, "params": {"C": 87.83481028093973, "epsilon": 0.784552206800005, "gamma": 0.10617644545012632}, "datetime": {"datetime": "2021-09-18 11:00:53", "elapsed": 61.97673, "delta": 0.950407}}
{"target": -2.3944629084185904, "params": {"C": 72.87276261775091, "epsilon": 0.23301972783331237, "gamma": 0.011869301891508437}, "datetime": {"datetime": "2021-09-18 11:00:54", "elapsed": 62.860899, "delta": 0.884169}}
{"target": -2.161984643486877, "params": {"C": 38.291304087860176, "epsilon": 0.4563741855069492, "gamma": 0.11608338746456658}, "datetime": {"datetime": "2021-09-18 11:00:54", "elapsed": 63.60651, "delta": 0.745611}}
{"target": -2.2965924638493562, "params": {"C": 95.37731533542383, "epsilon": 0.2460715299369464, "gamma": 0.15244950191556209}, "datetime": {"datetime": "2021-09-18 11:00:55", "elapsed": 64.306737, "delta": 0.700227}}
{"target": -2.329231749369376, "params": {"C": 95.42972914951747, "epsilon": 0.3603433675474873, "gamma": 0.016767164662397055}, "datetime": {"datetime": "2021-09-18 11:00:56", "elapsed": 64.967608, "delta": 0.660871}}
{"target": -2.254298094253606, "params": {"C": 26.554257885336717, "epsilon": 0.5007707531682017, "gamma": 0.18304253403812976}, "datetime": {"datetime": "2021-09-18 11:00:57", "elapsed": 65.837586, "delta": 0.869978}}
{"target": -2.103719096246324, "params": {"C": 92.70147352346117, "epsilon": 0.10549130238508204, "gamma": 0.0436275831204446}, "datetime": {"datetime": "2021-09-18 11:00:57", "elapsed": 66.580438, "delta": 0.742852}}
{"target": -2.215468774999946, "params": {"C": 95.50086139117467, "epsilon": 0.32276694252598104, "gamma": 0.12983338033783548}, "datetime": {"datetime": "2021-09-18 11:00:58", "elapsed": 67.356826, "delta": 0.776388}}
{"target": -2.778786647508568, "params": {"C": 38.25026423758165, "epsilon": 0.46949364619203915, "gamma": 0.005446125155093111}, "datetime": {"datetime": "2021-09-18 11:00:59", "elapsed": 68.300294, "delta": 0.943468}}
{"target": -2.1076180285787665, "params": {"C": 77.40833297768248, "epsilon": 0.46054905306154476, "gamma": 0.0400756152144402}, "datetime": {"datetime": "2021-09-18 11:01:00", "elapsed": 68.784582, "delta": 0.484288}}
{"target": -2.0476579021940555, "params": {"C": 62.43942418970912, "epsilon": 0.3267083540563875, "gamma": 0.0768377758993993}, "datetime": {"datetime": "2021-09-18 11:01:00", "elapsed": 69.288617, "delta": 0.504035}}
{"target": -2.0844861109712327, "params": {"C": 62.488193175685026, "epsilon": 0.2583463758613541, "gamma": 0.08937305475362105}, "datetime": {"datetime": "2021-09-18 11:01:01", "elapsed": 70.453203, "delta": 1.164586}}
{"target": -2.4507255502968555, "params": {"C": 44.247620701728074, "epsilon": 1.0379387160033542, "gamma": 0.22093457000692315}, "datetime": {"datetime": "2021-09-18 11:01:02", "elapsed": 70.966065, "delta": 0.512862}}
{"target": -2.30088974267172, "params": {"C": 42.57328395028331, "epsilon": 0.3515759749477785, "gamma": 0.19332716396158098}, "datetime": {"datetime": "2021-09-18 11:01:02", "elapsed": 71.457066, "delta": 0.491001}}
{"target": -2.2873585285462847, "params": {"C": 92.77633836801152, "epsilon": 0.21147005840059643, "gamma": 0.020993706114239556}, "datetime": {"datetime": "2021-09-18 11:01:03", "elapsed": 72.32284, "delta": 0.865774}}
{"target": -2.1443666088074944, "params": {"C": 69.45193955642054, "epsilon": 1.2403917538294427, "gamma": 0.10067143485691486}, "datetime": {"datetime": "2021-09-18 11:01:04", "elapsed": 72.81003, "delta": 0.48719}}
{"target": -2.3864218838545743, "params": {"C": 62.53770021518822, "epsilon": 0.3295122620631189, "gamma": 0.01377012255436855}, "datetime": {"datetime": "2021-09-18 11:01:05", "elapsed": 73.75207, "delta": 0.94204}}
{"target": -2.286283864115808, "params": {"C": 62.461653993146534, "epsilon": 0.3695391908194918, "gamma": 0.1715237979424354}, "datetime": {"datetime": "2021-09-18 11:01:06", "elapsed": 74.777557, "delta": 1.025487}}
{"target": -2.0393129737914935, "params": {"C": 62.330645543590165, "epsilon": 0.29185486554171064, "gamma": 0.07277974509098868}, "datetime": {"datetime": "2021-09-18 11:01:06", "elapsed": 75.715597, "delta": 0.93804}}
{"target": -2.6515322687550205, "params": {"C": 61.50280959645087, "epsilon": 1.250186822194706, "gamma": 0.293332218455181}, "datetime": {"datetime": "2021-09-18 11:01:07", "elapsed": 76.198152, "delta": 0.482555}}
{"target": -2.253545107740016, "params": {"C": 88.64063679067488, "epsilon": 0.22153435110107775, "gamma": 0.14305089114929298}, "datetime": {"datetime": "2021-09-18 11:01:08", "elapsed": 76.746747, "delta": 0.548595}}
{"target": -2.0502477162821746, "params": {"C": 92.73752658717092, "epsilon": 0.009687286033952133, "gamma": 0.06759560434409573}, "datetime": {"datetime": "2021-09-18 11:01:08", "elapsed": 77.453542, "delta": 0.706795}}
{"target": -2.110963772298365, "params": {"C": 62.37945553540165, "epsilon": 0.24821901193905718, "gamma": 0.04464375952480453}, "datetime": {"datetime": "2021-09-18 11:01:09", "elapsed": 78.16147, "delta": 0.707928}}
{"target": -2.1057699391673252, "params": {"C": 62.222981713282024, "epsilon": 0.2689436220537064, "gamma": 0.09431354839309974}, "datetime": {"datetime": "2021-09-18 11:01:10", "elapsed": 79.112329, "delta": 0.950859}}
{"target": -2.34846450455915, "params": {"C": 62.35348825031855, "epsilon": 0.28560095058098783, "gamma": 0.1965501086510623}, "datetime": {"datetime": "2021-09-18 11:01:11", "elapsed": 80.177633, "delta": 1.065304}}
{"target": -2.081366141590909, "params": {"C": 92.6311535289429, "epsilon": 0.05157892363906255, "gamma": 0.08690358407709367}, "datetime": {"datetime": "2021-09-18 11:01:12", "elapsed": 81.162503, "delta": 0.98487}}
{"target": -2.0512435958450377, "params": {"C": 62.25262089644354, "epsilon": 0.41184856438628165, "gamma": 0.05459857929799392}, "datetime": {"datetime": "2021-09-18 11:01:13", "elapsed": 82.095995, "delta": 0.933492}}
{"target": -2.3429761743257513, "params": {"C": 94.39659282090346, "epsilon": 1.1127516202063303, "gamma": 0.16160884986550883}, "datetime": {"datetime": "2021-09-18 11:01:13", "elapsed": 82.664322, "delta": 0.568327}}
{"target": -2.28947763398872, "params": {"C": 92.70558202192127, "epsilon": 0.031118645619326327, "gamma": 0.15136887794757153}, "datetime": {"datetime": "2021-09-18 11:01:14", "elapsed": 83.375218, "delta": 0.710896}}
{"target": -2.406318052090637, "params": {"C": 92.66694089779676, "epsilon": 0.011851308162870179, "gamma": 0.009792707961273246}, "datetime": {"datetime": "2021-09-18 11:01:15", "elapsed": 84.57228, "delta": 1.197062}}
{"target": -2.0441383694699966, "params": {"C": 62.13211491225386, "epsilon": 0.36510372159855536, "gamma": 0.07339205326665924}, "datetime": {"datetime": "2021-09-18 11:01:16", "elapsed": 85.684539, "delta": 1.112259}}
{"target": -2.4700593883113764, "params": {"C": 26.0413637357227, "epsilon": 1.118961864371967, "gamma": 0.026971577454461677}, "datetime": {"datetime": "2021-09-18 11:01:17", "elapsed": 86.242132, "delta": 0.557593}}
{"target": -2.3715680803983816, "params": {"C": 62.13874985221825, "epsilon": 0.30732681557504826, "gamma": 0.20721558755965422}, "datetime": {"datetime": "2021-09-18 11:01:18", "elapsed": 87.281489, "delta": 1.039357}}
{"target": -2.10003029102935, "params": {"C": 62.382102686538396, "epsilon": 0.3799246418701564, "gamma": 0.042393316954213923}, "datetime": {"datetime": "2021-09-18 11:01:19", "elapsed": 88.340712, "delta": 1.059223}}
{"target": -2.1544859251574704, "params": {"C": 50.42326035847867, "epsilon": 0.4736990165151608, "gamma": 0.10957826099766096}, "datetime": {"datetime": "2021-09-18 11:01:20", "elapsed": 88.939111, "delta": 0.598399}}
{"target": -2.161694209136065, "params": {"C": 62.11740439389617, "epsilon": 0.46535880222593345, "gamma": 0.03299029067650215}, "datetime": {"datetime": "2021-09-18 11:01:21", "elapsed": 89.826086, "delta": 0.886975}}
{"target": -2.298844139873115, "params": {"C": 62.21382429040426, "epsilon": 0.4162847550725737, "gamma": 0.1815757454130528}, "datetime": {"datetime": "2021-09-18 11:01:22", "elapsed": 90.844391, "delta": 1.018305}}
{"target": -2.128962050614901, "params": {"C": 62.182914363254525, "epsilon": 0.3146265533075358, "gamma": 0.04076643805814508}, "datetime": {"datetime": "2021-09-18 11:01:22", "elapsed": 91.682636, "delta": 0.838245}}
{"target": -2.1405453035523614, "params": {"C": 92.61001724310944, "epsilon": 0.15373024599138674, "gamma": 0.10673987296861837}, "datetime": {"datetime": "2021-09-18 11:01:23", "elapsed": 92.709905, "delta": 1.027269}}
{"target": -2.322465234236628, "params": {"C": 49.62214966644652, "epsilon": 0.6271354636643499, "gamma": 0.022271751083012405}, "datetime": {"datetime": "2021-09-18 11:01:24", "elapsed": 93.379895, "delta": 0.66999}}
{"target": -2.1181420029050853, "params": {"C": 34.61386115065008, "epsilon": 0.05407524176939647, "gamma": 0.10010157382644452}, "datetime": {"datetime": "2021-09-18 11:01:25", "elapsed": 94.094932, "delta": 0.715037}}
{"target": -2.1462763006707615, "params": {"C": 62.27176684339791, "epsilon": 0.17812623676812198, "gamma": 0.11352471383074511}, "datetime": {"datetime": "2021-09-18 11:01:26", "elapsed": 94.966129, "delta": 0.871197}}
{"target": -2.044642287721133, "params": {"C": 77.30467051007334, "epsilon": 0.4989703891999679, "gamma": 0.053311107908171444}, "datetime": {"datetime": "2021-09-18 11:01:27", "elapsed": 96.296502, "delta": 1.330373}}
{"target": -2.128391239940317, "params": {"C": 77.36766112234167, "epsilon": 0.5723187634839464, "gamma": 0.03900192315040347}, "datetime": {"datetime": "2021-09-18 11:01:28", "elapsed": 97.498778, "delta": 1.202276}}
{"target": -2.072634359957628, "params": {"C": 97.47181154221484, "epsilon": 0.8408638403498144, "gamma": 0.06990342211568398}, "datetime": {"datetime": "2021-09-18 11:01:29", "elapsed": 98.120224, "delta": 0.621446}}
{"target": -2.2098787313062385, "params": {"C": 77.36344578047682, "epsilon": 0.5034550440355006, "gamma": 0.13745582928040298}, "datetime": {"datetime": "2021-09-18 11:01:30", "elapsed": 99.130478, "delta": 1.010254}}
{"target": -3.50071233288767, "params": {"C": 62.25106955157054, "epsilon": 0.5064333587864078, "gamma": 0.001}, "datetime": {"datetime": "2021-09-18 11:01:31", "elapsed": 100.317641, "delta": 1.187163}}
{"target": -2.1375091658505774, "params": {"C": 97.56235200446002, "epsilon": 0.8717848796373653, "gamma": 0.10419464952816315}, "datetime": {"datetime": "2021-09-18 11:01:32", "elapsed": 101.514311, "delta": 1.19667}}
{"target": -2.2778522945927797, "params": {"C": 30.39220660448729, "epsilon": 0.22799019928493952, "gamma": 0.19179556676985857}, "datetime": {"datetime": "2021-09-18 11:01:33", "elapsed": 102.169761, "delta": 0.65545}}
{"target": -3.326163107046364, "params": {"C": 77.22441841626602, "epsilon": 0.4195728509245518, "gamma": 0.0013110410561692383}, "datetime": {"datetime": "2021-09-18 11:01:34", "elapsed": 103.596668, "delta": 1.426907}}
{"target": -2.0802257204289476, "params": {"C": 97.55714724639373, "epsilon": 0.7891791830174631, "gamma": 0.08238632661482224}, "datetime": {"datetime": "2021-09-18 11:01:36", "elapsed": 104.891728, "delta": 1.29506}}
{"target": -2.2076297181571065, "params": {"C": 48.411788911283566, "epsilon": 1.2050656662856805, "gamma": 0.04649423373234977}, "datetime": {"datetime": "2021-09-18 11:01:36", "elapsed": 105.531282, "delta": 0.639554}}
{"target": -2.1117512553735187, "params": {"C": 77.27875551300939, "epsilon": 0.5795486629661574, "gamma": 0.09717780113612559}, "datetime": {"datetime": "2021-09-18 11:01:38", "elapsed": 106.792976, "delta": 1.261694}}
{"target": -2.1721623949694133, "params": {"C": 69.87981792665755, "epsilon": 0.162753674447168, "gamma": 0.0366648612720707}, "datetime": {"datetime": "2021-09-18 11:01:38", "elapsed": 107.406098, "delta": 0.613122}}
{"target": -2.2357844376552984, "params": {"C": 97.5098079846401, "epsilon": 0.779932300969266, "gamma": 0.14767366038929647}, "datetime": {"datetime": "2021-09-18 11:01:39", "elapsed": 108.584014, "delta": 1.177916}}
{"target": -2.1577787516197815, "params": {"C": 62.25416267023089, "epsilon": 0.37414042972246664, "gamma": 0.11581541050431293}, "datetime": {"datetime": "2021-09-18 11:01:41", "elapsed": 110.074923, "delta": 1.490909}}
{"target": -2.1340571170730342, "params": {"C": 62.27138342468984, "epsilon": 0.3243291031470927, "gamma": 0.03871045226005667}, "datetime": {"datetime": "2021-09-18 11:01:42", "elapsed": 111.076196, "delta": 1.001273}}
{"target": -2.1596420338496984, "params": {"C": 62.01992176451932, "epsilon": 0.4300229145739348, "gamma": 0.12048223365925208}, "datetime": {"datetime": "2021-09-18 11:01:43", "elapsed": 112.491816, "delta": 1.41562}}
{"target": -2.335989221703961, "params": {"C": 87.7608220602696, "epsilon": 0.7716594106761026, "gamma": 0.018158693116082036}, "datetime": {"datetime": "2021-09-18 11:01:44", "elapsed": 113.455013, "delta": 0.963197}}
{"target": -2.2912683856912315, "params": {"C": 62.00729325039684, "epsilon": 0.4768242902818453, "gamma": 0.021762699424538158}, "datetime": {"datetime": "2021-09-18 11:01:46", "elapsed": 114.774296, "delta": 1.319283}}
{"target": -2.4255401319532184, "params": {"C": 43.7569256422631, "epsilon": 0.3517414198436234, "gamma": 0.2447995059628565}, "datetime": {"datetime": "2021-09-18 11:01:46", "elapsed": 115.384007, "delta": 0.609711}}
