{"target": -15.202965373557898, "params": {"C": 556.488525025576, "epsilon": 0.6745728322476936, "gamma": 0.13520796753051936}, "datetime": {"datetime": "2021-09-27 18:11:39", "elapsed": 627.668959, "delta": 4.063389}}
{"target": -11.138911281283296, "params": {"C": 692.891783027851, "epsilon": 0.904614316670947, "gamma": 0.04209654517173321}, "datetime": {"datetime": "2021-09-27 18:11:43", "elapsed": 631.780464, "delta": 4.111505}}
{"target": -15.339226578028173, "params": {"C": 628.2133854359613, "epsilon": 0.1550005903238207, "gamma": 0.18836040632973472}, "datetime": {"datetime": "2021-09-27 18:11:46", "elapsed": 633.891413, "delta": 2.110949}}
{"target": -15.079215615043239, "params": {"C": 646.0984933277992, "epsilon": 0.7116338369081983, "gamma": 0.1059891391002592}, "datetime": {"datetime": "2021-09-27 18:11:50", "elapsed": 638.662907, "delta": 4.771494}}
{"target": -15.157600318018826, "params": {"C": 637.6208721245396, "epsilon": 0.5121214057285749, "gamma": 0.13619576205475606}, "datetime": {"datetime": "2021-09-27 18:11:56", "elapsed": 643.836364, "delta": 5.173457}}
{"target": -10.510370785353539, "params": {"C": 556.254532368519, "epsilon": 0.7533078236396756, "gamma": 0.014714970911779004}, "datetime": {"datetime": "2021-09-27 18:12:00", "elapsed": 647.998829, "delta": 4.162465}}
{"target": -11.062866688751487, "params": {"C": 526.8033732101667, "epsilon": 0.3415650924301321, "gamma": 0.04593500154809211}, "datetime": {"datetime": "2021-09-27 18:12:02", "elapsed": 650.370506, "delta": 2.371677}}
{"target": -14.884206793491419, "params": {"C": 556.2432054062622, "epsilon": 0.6214017843486321, "gamma": 0.10392004097551749}, "datetime": {"datetime": "2021-09-27 18:12:06", "elapsed": 654.162802, "delta": 3.792296}}
{"target": -10.774184419370963, "params": {"C": 604.915538309659, "epsilon": 0.9217168400484672, "gamma": 0.012154047294845994}, "datetime": {"datetime": "2021-09-27 18:12:10", "elapsed": 658.711643, "delta": 4.548841}}
{"target": -10.977304554077365, "params": {"C": 556.372698907723, "epsilon": 0.8313699425047201, "gamma": 0.04308709830192961}, "datetime": {"datetime": "2021-09-27 18:12:16", "elapsed": 664.405046, "delta": 5.693403}}
{"target": -15.221564277440997, "params": {"C": 526.8764982410675, "epsilon": 0.39105964479780747, "gamma": 0.17303969082999776}, "datetime": {"datetime": "2021-09-27 18:12:20", "elapsed": 668.651213, "delta": 4.246167}}
{"target": -15.186637484336865, "params": {"C": 663.6537845801961, "epsilon": 0.713289802600304, "gamma": 0.12122019067551741}, "datetime": {"datetime": "2021-09-27 18:12:23", "elapsed": 670.86746, "delta": 2.216247}}
{"target": -15.992729231811309, "params": {"C": 501.13466175887123, "epsilon": 0.5597348274881335, "gamma": 0.27325271721644745}, "datetime": {"datetime": "2021-09-27 18:12:25", "elapsed": 672.873086, "delta": 2.005626}}
{"target": -14.962794379539654, "params": {"C": 551.0257045982993, "epsilon": 0.1723462411561284, "gamma": 0.15025206369061891}, "datetime": {"datetime": "2021-09-27 18:12:27", "elapsed": 675.280103, "delta": 2.407017}}
{"target": -14.109149702794422, "params": {"C": 679.10160433917, "epsilon": 0.7110553471444606, "gamma": 0.08091100229021654}, "datetime": {"datetime": "2021-09-27 18:12:29", "elapsed": 677.588052, "delta": 2.307949}}
{"target": -10.54728762689237, "params": {"C": 526.7451902116536, "epsilon": 0.22981169031807427, "gamma": 0.026887029098706675}, "datetime": {"datetime": "2021-09-27 18:12:35", "elapsed": 683.361548, "delta": 5.773496}}
{"target": -11.022028721392676, "params": {"C": 556.2251535748347, "epsilon": 0.8800500283397752, "gamma": 0.01}, "datetime": {"datetime": "2021-09-27 18:12:39", "elapsed": 687.12769, "delta": 3.766142}}
{"target": -13.033979682849257, "params": {"C": 568.5165654053919, "epsilon": 0.24199112294428965, "gamma": 0.07440347063093264}, "datetime": {"datetime": "2021-09-27 18:12:41", "elapsed": 689.362852, "delta": 2.235162}}
{"target": -10.489890800829338, "params": {"C": 614.7088677502908, "epsilon": 0.3425082760620329, "gamma": 0.02660505240482365}, "datetime": {"datetime": "2021-09-27 18:12:46", "elapsed": 693.964745, "delta": 4.601893}}
{"target": -15.171147679219196, "params": {"C": 614.7517803281502, "epsilon": 0.25262422932116013, "gamma": 0.17109262493291083}, "datetime": {"datetime": "2021-09-27 18:12:51", "elapsed": 699.181476, "delta": 5.216731}}
{"target": -10.607261926087274, "params": {"C": 526.5832776385084, "epsilon": 0.33731261324731615, "gamma": 0.021023562058031582}, "datetime": {"datetime": "2021-09-27 18:12:55", "elapsed": 703.685302, "delta": 4.503826}}
{"target": -14.952850335357054, "params": {"C": 526.56696643132, "epsilon": 0.26388069475519976, "gamma": 0.14445056167205525}, "datetime": {"datetime": "2021-09-27 18:12:59", "elapsed": 707.696299, "delta": 4.010997}}
{"target": -10.411816709561954, "params": {"C": 526.6924267995504, "epsilon": 0.45733287487480284, "gamma": 0.032039572905631496}, "datetime": {"datetime": "2021-09-27 18:13:04", "elapsed": 712.201906, "delta": 4.505607}}
{"target": -10.671979678665211, "params": {"C": 526.5045982479547, "epsilon": 0.5152138174188995, "gamma": 0.039656861558141736}, "datetime": {"datetime": "2021-09-27 18:13:09", "elapsed": 717.109905, "delta": 4.907999}}
{"target": -11.169439083123018, "params": {"C": 520.1289631100536, "epsilon": 0.16930707813618834, "gamma": 0.05230489846065289}, "datetime": {"datetime": "2021-09-27 18:13:11", "elapsed": 719.398233, "delta": 2.288328}}
{"target": -12.813405775073608, "params": {"C": 541.3592557371132, "epsilon": 0.23651374874189046, "gamma": 0.07344186942807306}, "datetime": {"datetime": "2021-09-27 18:13:13", "elapsed": 721.775642, "delta": 2.377409}}
{"target": -16.12888968362553, "params": {"C": 661.4024704450226, "epsilon": 0.19906939731480183, "gamma": 0.2860923816710417}, "datetime": {"datetime": "2021-09-27 18:13:16", "elapsed": 724.152655, "delta": 2.377013}}
{"target": -14.878767753755987, "params": {"C": 526.5716771453467, "epsilon": 0.5496007227252808, "gamma": 0.10905713843302277}, "datetime": {"datetime": "2021-09-27 18:13:20", "elapsed": 728.610218, "delta": 4.457563}}
{"target": -12.900712226966077, "params": {"C": 669.0160581395921, "epsilon": 0.09033178369253901, "gamma": 0.07193079128675738}, "datetime": {"datetime": "2021-09-27 18:13:23", "elapsed": 731.282968, "delta": 2.67275}}
{"target": -15.76040741046083, "params": {"C": 692.6721115797008, "epsilon": 0.9681430717176014, "gamma": 0.17842670603459673}, "datetime": {"datetime": "2021-09-27 18:13:27", "elapsed": 735.178407, "delta": 3.895439}}
{"target": -15.971142135942094, "params": {"C": 591.3395944501538, "epsilon": 0.02303367005654366, "gamma": 0.26865119280780636}, "datetime": {"datetime": "2021-09-27 18:13:30", "elapsed": 737.956173, "delta": 2.777766}}
{"target": -15.58441333868768, "params": {"C": 541.2826775346706, "epsilon": 0.565325634796808, "gamma": 0.19893641712951213}, "datetime": {"datetime": "2021-09-27 18:13:32", "elapsed": 740.215674, "delta": 2.259501}}
{"target": -15.095476621409249, "params": {"C": 536.5914050502081, "epsilon": 0.5437690365857845, "gamma": 0.12576740630980826}, "datetime": {"datetime": "2021-09-27 18:13:34", "elapsed": 742.434501, "delta": 2.218827}}
{"target": -11.945895778994956, "params": {"C": 568.5758838875738, "epsilon": 0.8184928642641851, "gamma": 0.05650070564597463}, "datetime": {"datetime": "2021-09-27 18:13:37", "elapsed": 744.843242, "delta": 2.408741}}
{"target": -10.673200973507731, "params": {"C": 541.430945722956, "epsilon": 0.13290489325111216, "gamma": 0.030885380120485723}, "datetime": {"datetime": "2021-09-27 18:13:41", "elapsed": 749.255721, "delta": 4.412479}}
{"target": -15.910521775820975, "params": {"C": 685.0064496811829, "epsilon": 0.36814625679142526, "gamma": 0.2557430958555086}, "datetime": {"datetime": "2021-09-27 18:13:43", "elapsed": 751.212879, "delta": 1.957158}}
{"target": -11.065798117968177, "params": {"C": 526.4534066374189, "epsilon": 0.37249505705569935, "gamma": 0.010873298669487979}, "datetime": {"datetime": "2021-09-27 18:13:46", "elapsed": 754.740338, "delta": 3.527459}}
{"target": -11.12087252176216, "params": {"C": 637.7605206029489, "epsilon": 0.476062639830629, "gamma": 0.01}, "datetime": {"datetime": "2021-09-27 18:13:50", "elapsed": 758.451156, "delta": 3.710818}}
{"target": -10.988977076376017, "params": {"C": 605.0008858480427, "epsilon": 0.831186249477771, "gamma": 0.01}, "datetime": {"datetime": "2021-09-27 18:13:54", "elapsed": 762.533074, "delta": 4.081918}}
{"target": -12.255990626006323, "params": {"C": 526.2929348400796, "epsilon": 0.43267602439056263, "gamma": 0.06445696892772226}, "datetime": {"datetime": "2021-09-27 18:13:58", "elapsed": 766.058726, "delta": 3.525652}}
{"target": -11.060328262483473, "params": {"C": 526.8876009383307, "epsilon": 0.15149525539310782, "gamma": 0.05089726965318503}, "datetime": {"datetime": "2021-09-27 18:14:03", "elapsed": 771.56686, "delta": 5.508134}}
{"target": -10.528773038315261, "params": {"C": 531.7063776926302, "epsilon": 0.8026020969396717, "gamma": 0.014458829328298915}, "datetime": {"datetime": "2021-09-27 18:14:05", "elapsed": 773.54072, "delta": 1.97386}}
{"target": -16.043282300178348, "params": {"C": 515.8476302237063, "epsilon": 0.3791423281461637, "gamma": 0.2822558540699202}, "datetime": {"datetime": "2021-09-27 18:14:07", "elapsed": 775.544887, "delta": 2.004167}}
{"target": -10.788172195991812, "params": {"C": 577.6926256982565, "epsilon": 0.006793023405621129, "gamma": 0.044573106784317695}, "datetime": {"datetime": "2021-09-27 18:14:11", "elapsed": 778.967469, "delta": 3.422582}}
{"target": -10.375409757420387, "params": {"C": 525.3734671295302, "epsilon": 0.7763834246529395, "gamma": 0.0294226984251562}, "datetime": {"datetime": "2021-09-27 18:14:13", "elapsed": 781.005644, "delta": 2.038175}}
{"target": -12.874421385952406, "params": {"C": 574.6852355062098, "epsilon": 0.9615333934700164, "gamma": 0.06553895569341808}, "datetime": {"datetime": "2021-09-27 18:14:15", "elapsed": 783.243669, "delta": 2.238025}}
{"target": -14.931730015436786, "params": {"C": 531.603823321515, "epsilon": 0.8470590527951156, "gamma": 0.10828160747174045}, "datetime": {"datetime": "2021-09-27 18:14:21", "elapsed": 789.076674, "delta": 5.833005}}
{"target": -14.852296037131406, "params": {"C": 671.7892856549431, "epsilon": 0.15509707596672703, "gamma": 0.11204791390394522}, "datetime": {"datetime": "2021-09-27 18:14:23", "elapsed": 791.453114, "delta": 2.37644}}
{"target": -11.454281253721946, "params": {"C": 526.7054094141525, "epsilon": 0.36141752217698603, "gamma": 0.0522816665569657}, "datetime": {"datetime": "2021-09-27 18:14:29", "elapsed": 797.255039, "delta": 5.801925}}
{"target": -14.650271216431534, "params": {"C": 520.2121640271615, "epsilon": 0.29517734245081956, "gamma": 0.1083134409690921}, "datetime": {"datetime": "2021-09-27 18:14:33", "elapsed": 801.787921, "delta": 4.532882}}
{"target": -11.10531420278627, "params": {"C": 520.0219438729243, "epsilon": 0.03439968876391804, "gamma": 0.012257904198670028}, "datetime": {"datetime": "2021-09-27 18:14:38", "elapsed": 805.972428, "delta": 4.184507}}
{"target": -15.694930325478957, "params": {"C": 601.1262470601987, "epsilon": 0.2713414829719024, "gamma": 0.24309381942914884}, "datetime": {"datetime": "2021-09-27 18:14:40", "elapsed": 807.998244, "delta": 2.025816}}
{"target": -10.445686429640212, "params": {"C": 526.4064010233586, "epsilon": 0.5320303711523389, "gamma": 0.03284960779053038}, "datetime": {"datetime": "2021-09-27 18:14:45", "elapsed": 813.251865, "delta": 5.253621}}
{"target": -15.504014687368706, "params": {"C": 517.708903895007, "epsilon": 0.417795782798926, "gamma": 0.21207949591992253}, "datetime": {"datetime": "2021-09-27 18:14:47", "elapsed": 815.36647, "delta": 2.114605}}
{"target": -14.91986605495603, "params": {"C": 520.0440225643881, "epsilon": 0.12009353969216142, "gamma": 0.13613893693372756}, "datetime": {"datetime": "2021-09-27 18:14:53", "elapsed": 821.269173, "delta": 5.902703}}
{"target": -10.64924710280359, "params": {"C": 520.2510080342705, "epsilon": 0.08320816773028337, "gamma": 0.03370888277070783}, "datetime": {"datetime": "2021-09-27 18:14:59", "elapsed": 827.290649, "delta": 6.021476}}
{"target": -10.744289769909225, "params": {"C": 526.7892582490006, "epsilon": 0.02141856342175065, "gamma": 0.02027660800491595}, "datetime": {"datetime": "2021-09-27 18:15:03", "elapsed": 831.435405, "delta": 4.144756}}
{"target": -15.383680276178122, "params": {"C": 526.8214996405528, "epsilon": 0.09467428716830159, "gamma": 0.2079751225314988}, "datetime": {"datetime": "2021-09-27 18:15:08", "elapsed": 836.70022, "delta": 5.264815}}
{"target": -14.068822648682024, "params": {"C": 563.7640798909532, "epsilon": 0.34762325992305126, "gamma": 0.08865066301121258}, "datetime": {"datetime": "2021-09-27 18:15:11", "elapsed": 839.078175, "delta": 2.377955}}
{"target": -15.014506125934494, "params": {"C": 636.0800483255973, "epsilon": 0.8894132861315536, "gamma": 0.11372646571707523}, "datetime": {"datetime": "2021-09-27 18:15:13", "elapsed": 841.46692, "delta": 2.388745}}
{"target": -10.903293473050416, "params": {"C": 520.1387823464106, "epsilon": 0.0705954521628893, "gamma": 0.021925311960840937}, "datetime": {"datetime": "2021-09-27 18:15:17", "elapsed": 845.713654, "delta": 4.246734}}
{"target": -12.032910716749068, "params": {"C": 531.8066559280903, "epsilon": 0.8979427787274838, "gamma": 0.057303118628404794}, "datetime": {"datetime": "2021-09-27 18:15:22", "elapsed": 850.10809, "delta": 4.394436}}
{"target": -11.193853550562253, "params": {"C": 577.8435999362431, "epsilon": 0.018862062432429366, "gamma": 0.024069528885752832}, "datetime": {"datetime": "2021-09-27 18:15:27", "elapsed": 855.321607, "delta": 5.213517}}
{"target": -10.807089290867378, "params": {"C": 586.4442790964615, "epsilon": 0.22401592156374966, "gamma": 0.02124462096603215}, "datetime": {"datetime": "2021-09-27 18:15:31", "elapsed": 859.80962, "delta": 4.488013}}
{"target": -11.319350379121532, "params": {"C": 511.1879909890998, "epsilon": 0.579351842279783, "gamma": 0.05016412755284623}, "datetime": {"datetime": "2021-09-27 18:15:34", "elapsed": 862.114149, "delta": 2.304529}}
{"target": -15.813512305697545, "params": {"C": 607.4644360342108, "epsilon": 0.9491089432424669, "gamma": 0.19606438573008816}, "datetime": {"datetime": "2021-09-27 18:15:36", "elapsed": 864.319101, "delta": 2.204952}}
{"target": -16.124806836622703, "params": {"C": 673.4305315966276, "epsilon": 0.2235863559383984, "gamma": 0.2847848205988577}, "datetime": {"datetime": "2021-09-27 18:15:38", "elapsed": 866.573245, "delta": 2.254144}}
{"target": -11.845777791246707, "params": {"C": 586.2572905856905, "epsilon": 0.2058560611377205, "gamma": 0.05933591796977602}, "datetime": {"datetime": "2021-09-27 18:15:44", "elapsed": 872.754065, "delta": 6.18082}}
{"target": -10.820410764655138, "params": {"C": 586.4274759501113, "epsilon": 0.10885001023034672, "gamma": 0.027316027631959186}, "datetime": {"datetime": "2021-09-27 18:15:50", "elapsed": 878.759078, "delta": 6.005013}}
{"target": -14.989751086444603, "params": {"C": 577.7243211630298, "epsilon": 0.0919190894842025, "gamma": 0.1477466995160213}, "datetime": {"datetime": "2021-09-27 18:15:56", "elapsed": 884.811533, "delta": 6.052455}}
{"target": -10.493101656033156, "params": {"C": 541.5365319225234, "epsilon": 0.192823207910915, "gamma": 0.03137725635831834}, "datetime": {"datetime": "2021-09-27 18:16:01", "elapsed": 889.62851, "delta": 4.816977}}
{"target": -11.144625018243639, "params": {"C": 546.3337015306927, "epsilon": 0.6068200789693604, "gamma": 0.04664656575615222}, "datetime": {"datetime": "2021-09-27 18:16:04", "elapsed": 892.027544, "delta": 2.399034}}
{"target": -15.156942273986548, "params": {"C": 507.39135331674237, "epsilon": 0.6317778963755252, "gamma": 0.13676103483455698}, "datetime": {"datetime": "2021-09-27 18:16:06", "elapsed": 894.076586, "delta": 2.049042}}
{"target": -12.217332955481108, "params": {"C": 616.9493526244589, "epsilon": 0.03544963676772089, "gamma": 0.06466203218686356}, "datetime": {"datetime": "2021-09-27 18:16:08", "elapsed": 896.54224, "delta": 2.465654}}
{"target": -10.85756166482593, "params": {"C": 546.4890180189647, "epsilon": 0.6131098922217256, "gamma": 0.012386129641912089}, "datetime": {"datetime": "2021-09-27 18:16:14", "elapsed": 902.482386, "delta": 5.940146}}
{"target": -11.487312023621223, "params": {"C": 546.4269113852224, "epsilon": 0.8078404402585226, "gamma": 0.049842272942910736}, "datetime": {"datetime": "2021-09-27 18:16:19", "elapsed": 907.810077, "delta": 5.327691}}
{"target": -15.186122454924291, "params": {"C": 546.5451500166397, "epsilon": 0.5480314901428917, "gamma": 0.14595447316762084}, "datetime": {"datetime": "2021-09-27 18:16:26", "elapsed": 914.115731, "delta": 6.305654}}
{"target": -10.816084930767685, "params": {"C": 615.2559877242463, "epsilon": 0.051243482332987214, "gamma": 0.04611319905136462}, "datetime": {"datetime": "2021-09-27 18:16:28", "elapsed": 916.562999, "delta": 2.447268}}
{"target": -14.637506020325391, "params": {"C": 546.2503396433759, "epsilon": 0.7731116217743055, "gamma": 0.09640552269586825}, "datetime": {"datetime": "2021-09-27 18:16:32", "elapsed": 920.687649, "delta": 4.12465}}
{"target": -10.917445407509744, "params": {"C": 526.3889683417693, "epsilon": 0.7036489627807725, "gamma": 0.011163105926574247}, "datetime": {"datetime": "2021-09-27 18:16:39", "elapsed": 927.09106, "delta": 6.403411}}
{"target": -16.002071003913716, "params": {"C": 667.3720068424742, "epsilon": 0.7282113635085736, "gamma": 0.2502315491368477}, "datetime": {"datetime": "2021-09-27 18:16:41", "elapsed": 929.526057, "delta": 2.434997}}
{"target": -14.929075161867612, "params": {"C": 541.5523016347418, "epsilon": 0.12290554324238344, "gamma": 0.1310485894900146}, "datetime": {"datetime": "2021-09-27 18:16:47", "elapsed": 935.479769, "delta": 5.953712}}
{"target": -11.121549505256056, "params": {"C": 541.5440525433407, "epsilon": 0.31532067795376756, "gamma": 0.01039231530363217}, "datetime": {"datetime": "2021-09-27 18:16:52", "elapsed": 940.089029, "delta": 4.60926}}
{"target": -15.06268067883724, "params": {"C": 586.4563135288145, "epsilon": 0.13073570671647428, "gamma": 0.1633990293041252}, "datetime": {"datetime": "2021-09-27 18:16:58", "elapsed": 945.986252, "delta": 5.897223}}
{"target": -10.856395304766432, "params": {"C": 526.1898670821664, "epsilon": 0.6900831514431289, "gamma": 0.011678365497908046}, "datetime": {"datetime": "2021-09-27 18:17:03", "elapsed": 951.20943, "delta": 5.223178}}
{"target": -15.149552885002754, "params": {"C": 525.6926694757188, "epsilon": 0.966380237775985, "gamma": 0.14315256630776335}, "datetime": {"datetime": "2021-09-27 18:17:08", "elapsed": 956.579518, "delta": 5.370088}}
{"target": -10.975921037684662, "params": {"C": 638.0016737841969, "epsilon": 0.7045224894921405, "gamma": 0.01}, "datetime": {"datetime": "2021-09-27 18:17:14", "elapsed": 962.257152, "delta": 5.677634}}
{"target": -10.992373790270111, "params": {"C": 637.6307479812871, "epsilon": 0.35536281269131825, "gamma": 0.010849047634593214}, "datetime": {"datetime": "2021-09-27 18:17:20", "elapsed": 968.091127, "delta": 5.833975}}
{"target": -15.162794696407959, "params": {"C": 177.44067519636624, "epsilon": 0.7152178474357822, "gamma": 0.18480137906077673}, "datetime": {"datetime": "2021-09-27 18:20:01", "elapsed": 0.0, "delta": 0.0}}
{"target": -14.9353527086188, "params": {"C": 177.24415914984485, "epsilon": 0.42371243385897084, "gamma": 0.19730929278933027}, "datetime": {"datetime": "2021-09-27 18:20:01", "elapsed": 0.095999, "delta": 0.095999}}
{"target": -16.26310157845739, "params": {"C": 171.87936056313464, "epsilon": 0.8917838234820016, "gamma": 0.2894622005452985}, "datetime": {"datetime": "2021-09-27 18:20:01", "elapsed": 0.146002, "delta": 0.050003}}
{"target": -14.614960659681673, "params": {"C": 169.17207594128888, "epsilon": 0.7917458655788563, "gamma": 0.1633795267283423}, "datetime": {"datetime": "2021-09-27 18:20:01", "elapsed": 0.226001, "delta": 0.079999}}
{"target": -10.739958834046693, "params": {"C": 178.40222805469662, "epsilon": 0.9256040786288318, "gamma": 0.03060045687738721}, "datetime": {"datetime": "2021-09-27 18:20:01", "elapsed": 0.304, "delta": 0.077999}}
{"target": -11.385968099167753, "params": {"C": 178.83490725318228, "epsilon": 1.0, "gamma": 0.01}, "datetime": {"datetime": "2021-09-27 18:20:01", "elapsed": 0.538999, "delta": 0.234999}}
{"target": -10.996880740183204, "params": {"C": 178.6522797565492, "epsilon": 0.2616885291713862, "gamma": 0.01}, "datetime": {"datetime": "2021-09-27 18:20:02", "elapsed": 1.061317, "delta": 0.522318}}
{"target": -15.494495239339262, "params": {"C": 179.67145336500107, "epsilon": 0.0001, "gamma": 0.3}, "datetime": {"datetime": "2021-09-27 18:20:02", "elapsed": 1.592318, "delta": 0.531001}}
{"target": -11.147484891359198, "params": {"C": 196.23382101096996, "epsilon": 0.7064110697348343, "gamma": 0.06162379695714147}, "datetime": {"datetime": "2021-09-27 18:20:03", "elapsed": 2.547663, "delta": 0.955345}}
{"target": -15.13037290997185, "params": {"C": 197.07790499031563, "epsilon": 1.0, "gamma": 0.1690310145127949}, "datetime": {"datetime": "2021-09-27 18:20:03", "elapsed": 2.952074, "delta": 0.404411}}
{"target": -10.865041463167529, "params": {"C": 195.5958096501897, "epsilon": 0.48449630845187885, "gamma": 0.01}, "datetime": {"datetime": "2021-09-27 18:20:04", "elapsed": 3.848014, "delta": 0.89594}}
{"target": -14.422393941014574, "params": {"C": 196.13896513026165, "epsilon": 0.010388158729850222, "gamma": 0.18552827722490214}, "datetime": {"datetime": "2021-09-27 18:20:05", "elapsed": 4.42201, "delta": 0.573996}}
