{"target": -4.423505993856331, "params": {"C": 37.6325540026275, "epsilon": 8.215176291992769, "gamma": 0.03275468387773949}, "datetime": {"datetime": "2021-09-18 08:44:27", "elapsed": 54.636173, "delta": 0.79262}}
{"target": -7.418279986896714, "params": {"C": 36.47609520910251, "epsilon": 8.367543640409833, "gamma": 2.9456248469894106}, "datetime": {"datetime": "2021-09-18 08:44:27", "elapsed": 55.249423, "delta": 0.61325}}
{"target": -7.225587041176313, "params": {"C": 37.61275286337069, "epsilon": 11.441368499807025, "gamma": 0.23157200342457807}, "datetime": {"datetime": "2021-09-18 08:44:28", "elapsed": 55.893318, "delta": 0.643895}}
{"target": -4.039430359345292, "params": {"C": 38.753260584552145, "epsilon": 5.97366185987248, "gamma": 0.166903220152548}, "datetime": {"datetime": "2021-09-18 08:44:29", "elapsed": 56.62648, "delta": 0.733162}}
{"target": -5.166812489800385, "params": {"C": 34.475699169045214, "epsilon": 3.190014050979597, "gamma": 0.0001}, "datetime": {"datetime": "2021-09-18 08:44:29", "elapsed": 57.298214, "delta": 0.671734}}
{"target": -6.118305727303788, "params": {"C": 40.378046060732316, "epsilon": 7.741682389682069, "gamma": 0.0001}, "datetime": {"datetime": "2021-09-18 08:44:30", "elapsed": 58.018777, "delta": 0.720563}}
{"target": -6.52295783995471, "params": {"C": 37.0021450956198, "epsilon": 4.297551375462823, "gamma": 3.0}, "datetime": {"datetime": "2021-09-18 08:44:31", "elapsed": 58.758238, "delta": 0.739461}}
{"target": -5.5842115433683315, "params": {"C": 36.78872767198832, "epsilon": 5.82471111211511, "gamma": 0.0001}, "datetime": {"datetime": "2021-09-18 08:44:32", "elapsed": 59.499209, "delta": 0.740971}}
{"target": -7.465073745978666, "params": {"C": 0.1, "epsilon": 4.14842610375586, "gamma": 0.0001}, "datetime": {"datetime": "2021-09-18 08:44:32", "elapsed": 60.228835, "delta": 0.729626}}
{"target": -6.367214671996891, "params": {"C": 9.336780421757625, "epsilon": 3.1373872231871918, "gamma": 0.0001}, "datetime": {"datetime": "2021-09-18 08:44:33", "elapsed": 60.941863, "delta": 0.713028}}
{"target": -2.7158806621520206, "params": {"C": 21.809405339759426, "epsilon": 3.898159015797578, "gamma": 0.03670645329109099}, "datetime": {"datetime": "2021-09-18 08:44:34", "elapsed": 61.629374, "delta": 0.687511}}
{"target": -5.811853495815786, "params": {"C": 20.99705879826537, "epsilon": 3.427305458057322, "gamma": 2.062367424037532}, "datetime": {"datetime": "2021-09-18 08:44:35", "elapsed": 62.41183, "delta": 0.782456}}
{"target": -4.417465992222353, "params": {"C": 22.033654584148405, "epsilon": 5.500354058510896, "gamma": 0.42275222285176406}, "datetime": {"datetime": "2021-09-18 08:44:35", "elapsed": 63.205948, "delta": 0.794118}}
{"target": -2.7905799274737224, "params": {"C": 22.606616913233797, "epsilon": 2.5902175797686064, "gamma": 0.25903180100189316}, "datetime": {"datetime": "2021-09-18 08:44:36", "elapsed": 64.006119, "delta": 0.800171}}
{"target": -2.5724168311640376, "params": {"C": 20.61494011184691, "epsilon": 1.6917606103721292, "gamma": 0.01897037372325652}, "datetime": {"datetime": "2021-09-18 08:44:37", "elapsed": 64.710512, "delta": 0.704393}}
{"target": -2.7748093086286634, "params": {"C": 20.468724936944934, "epsilon": 3.0375685792475005, "gamma": 0.17881211567733848}, "datetime": {"datetime": "2021-09-18 08:44:38", "elapsed": 65.452676, "delta": 0.742164}}
{"target": -7.443107068410978, "params": {"C": 0.1, "epsilon": 0.001, "gamma": 3.0}, "datetime": {"datetime": "2021-09-18 08:44:38", "elapsed": 66.285748, "delta": 0.833072}}
{"target": -2.3286931686459993, "params": {"C": 22.079992168176226, "epsilon": 1.4980202899490864, "gamma": 0.08907197351592797}, "datetime": {"datetime": "2021-09-18 08:44:39", "elapsed": 67.134117, "delta": 0.848369}}
{"target": -5.50584653473319, "params": {"C": 21.49685370537854, "epsilon": 2.4519385264009217, "gamma": 0.0001}, "datetime": {"datetime": "2021-09-18 08:44:40", "elapsed": 67.909755, "delta": 0.775638}}
{"target": -3.628693584016666, "params": {"C": 21.216502691959672, "epsilon": 0.250135504266221, "gamma": 0.7763027262405936}, "datetime": {"datetime": "2021-09-18 08:44:41", "elapsed": 68.642651, "delta": 0.732896}}
{"target": -2.6658730094411522, "params": {"C": 19.12430591806794, "epsilon": 2.81987745450503, "gamma": 0.07341089226658652}, "datetime": {"datetime": "2021-09-18 08:44:42", "elapsed": 69.550094, "delta": 0.907443}}
{"target": -5.765009899049215, "params": {"C": 19.93070602805891, "epsilon": 4.586247507721802, "gamma": 0.0001}, "datetime": {"datetime": "2021-09-18 08:44:43", "elapsed": 70.400772, "delta": 0.850678}}
{"target": -2.8872293256275596, "params": {"C": 23.83933000124838, "epsilon": 1.799761669442332, "gamma": 0.399642353618765}, "datetime": {"datetime": "2021-09-18 08:44:43", "elapsed": 71.277023, "delta": 0.876251}}
{"target": -2.9521680252518614, "params": {"C": 23.43607194491253, "epsilon": 3.748722546559173, "gamma": 0.14314621502230995}, "datetime": {"datetime": "2021-09-18 08:44:44", "elapsed": 72.039775, "delta": 0.762752}}
{"target": -4.523347726161884, "params": {"C": 19.280413477984524, "epsilon": 1.897559451417711, "gamma": 1.1305385088533808}, "datetime": {"datetime": "2021-09-18 08:44:45", "elapsed": 72.90728, "delta": 0.867505}}
{"target": -5.289836717757003, "params": {"C": 23.331946026387, "epsilon": 2.841943510419766, "gamma": 1.6634406119851735}, "datetime": {"datetime": "2021-09-18 08:44:46", "elapsed": 73.625468, "delta": 0.718188}}
{"target": -5.721697933021057, "params": {"C": 43.02482262226852, "epsilon": 3.920094877315727, "gamma": 1.7838716144516114}, "datetime": {"datetime": "2021-09-18 08:44:47", "elapsed": 74.438704, "delta": 0.813236}}
{"target": -2.3426824262864927, "params": {"C": 22.57707239373205, "epsilon": 0.9696933632321828, "gamma": 0.040367810756415295}, "datetime": {"datetime": "2021-09-18 08:44:47", "elapsed": 75.213256, "delta": 0.774552}}
{"target": -9.333685847167692, "params": {"C": 36.31308045928119, "epsilon": 16.92726498846481, "gamma": 3.0}, "datetime": {"datetime": "2021-09-18 08:44:48", "elapsed": 76.082158, "delta": 0.868902}}
{"target": -8.694644015937877, "params": {"C": 24.496184792732283, "epsilon": 16.809558922102283, "gamma": 0.0001}, "datetime": {"datetime": "2021-09-18 08:44:49", "elapsed": 76.821491, "delta": 0.739333}}
{"target": -6.934758373870188, "params": {"C": 50.0, "epsilon": 6.173678704094351, "gamma": 3.0}, "datetime": {"datetime": "2021-09-18 08:44:50", "elapsed": 77.755578, "delta": 0.934087}}
{"target": -9.319078947368421, "params": {"C": 22.661733940884208, "epsilon": 25.76610674885859, "gamma": 2.9751230985569292}, "datetime": {"datetime": "2021-09-18 08:44:51", "elapsed": 78.652753, "delta": 0.897175}}
{"target": -9.845108263158409, "params": {"C": 8.923723220219111, "epsilon": 20.931923254084598, "gamma": 0.0001}, "datetime": {"datetime": "2021-09-18 08:44:52", "elapsed": 79.503277, "delta": 0.850524}}
{"target": -5.319953455422632, "params": {"C": 48.19814664205633, "epsilon": 5.547256179563081, "gamma": 0.0001}, "datetime": {"datetime": "2021-09-18 08:44:52", "elapsed": 80.309932, "delta": 0.806655}}
{"target": -9.319078947368421, "params": {"C": 0.1, "epsilon": 24.34277150275847, "gamma": 0.0001}, "datetime": {"datetime": "2021-09-18 08:44:53", "elapsed": 81.001501, "delta": 0.691569}}
{"target": -6.7505646076858365, "params": {"C": 44.49214182445033, "epsilon": 10.065132932193, "gamma": 0.0001}, "datetime": {"datetime": "2021-09-18 08:44:54", "elapsed": 81.834375, "delta": 0.832874}}
{"target": -8.653317626161542, "params": {"C": 30.69696839830814, "epsilon": 16.842774304483047, "gamma": 0.0001}, "datetime": {"datetime": "2021-09-18 08:44:55", "elapsed": 82.675562, "delta": 0.841187}}
{"target": -9.319078947368421, "params": {"C": 30.244022761748614, "epsilon": 25.36862336849417, "gamma": 0.0001}, "datetime": {"datetime": "2021-09-18 08:44:56", "elapsed": 83.599988, "delta": 0.924426}}
{"target": -5.169264101663635, "params": {"C": 31.16971275812361, "epsilon": 2.606798644220436, "gamma": 0.0001}, "datetime": {"datetime": "2021-09-18 08:44:57", "elapsed": 84.65029, "delta": 1.050302}}
{"target": -5.598044862632146, "params": {"C": 31.555895953491465, "epsilon": 0.2560895073222534, "gamma": 2.9034390961914744}, "datetime": {"datetime": "2021-09-18 08:44:58", "elapsed": 85.442395, "delta": 0.792105}}
{"target": -8.944174475841095, "params": {"C": 45.77329708535897, "epsilon": 14.831173829497754, "gamma": 3.0}, "datetime": {"datetime": "2021-09-18 08:44:59", "elapsed": 86.365172, "delta": 0.922777}}
{"target": -6.298274282424002, "params": {"C": 26.700289225958084, "epsilon": 8.108909131300127, "gamma": 0.0001}, "datetime": {"datetime": "2021-09-18 08:44:59", "elapsed": 87.250308, "delta": 0.885136}}
{"target": -9.319078947368421, "params": {"C": 38.44248506588767, "epsilon": 25.537029447823706, "gamma": 0.0001}, "datetime": {"datetime": "2021-09-18 08:45:00", "elapsed": 88.130813, "delta": 0.880505}}
{"target": -2.432871403149495, "params": {"C": 19.736451281071094, "epsilon": 1.7186757081748714, "gamma": 0.038478508481396355}, "datetime": {"datetime": "2021-09-18 08:45:01", "elapsed": 89.048512, "delta": 0.917699}}
{"target": -7.9325218813309535, "params": {"C": 0.1, "epsilon": 14.459619655286879, "gamma": 3.0}, "datetime": {"datetime": "2021-09-18 08:45:02", "elapsed": 89.98343, "delta": 0.934918}}
{"target": -9.440407355330747, "params": {"C": 18.754328426137278, "epsilon": 17.59877243278569, "gamma": 3.0}, "datetime": {"datetime": "2021-09-18 08:45:03", "elapsed": 90.905445, "delta": 0.922015}}
{"target": -4.184752645604732, "params": {"C": 22.147658376930973, "epsilon": 1.3206665862500593, "gamma": 1.0213796950742078}, "datetime": {"datetime": "2021-09-18 08:45:04", "elapsed": 91.74878, "delta": 0.843335}}
{"target": -3.3856669260699612, "params": {"C": 5.16091468853387, "epsilon": 2.7756037972086105, "gamma": 0.15215426061393186}, "datetime": {"datetime": "2021-09-18 08:45:05", "elapsed": 92.890716, "delta": 1.141936}}
{"target": -6.321642819062725, "params": {"C": 5.2987498238734005, "epsilon": 2.7703974646944514, "gamma": 2.304608375452962}, "datetime": {"datetime": "2021-09-18 08:45:06", "elapsed": 93.870231, "delta": 0.979515}}
{"target": -6.899295624715296, "params": {"C": 3.859753190877698, "epsilon": 1.2208691218878704, "gamma": 0.0001}, "datetime": {"datetime": "2021-09-18 08:45:07", "elapsed": 94.794649, "delta": 0.924418}}
{"target": -6.840499914299983, "params": {"C": 5.116046318160582, "epsilon": 4.698242565047099, "gamma": 0.0001}, "datetime": {"datetime": "2021-09-18 08:45:08", "elapsed": 95.903678, "delta": 1.109029}}
{"target": -2.6008308728931544, "params": {"C": 23.0662299690145, "epsilon": 1.944133621971398, "gamma": 0.014596434702424665}, "datetime": {"datetime": "2021-09-18 08:45:09", "elapsed": 96.93426, "delta": 1.030582}}
{"target": -5.496461451750272, "params": {"C": 21.25512327475983, "epsilon": 0.6095458647225365, "gamma": 0.0001}, "datetime": {"datetime": "2021-09-18 08:45:10", "elapsed": 97.98639, "delta": 1.05213}}
{"target": -5.56822056246161, "params": {"C": 20.583333910873776, "epsilon": 0.3114960850043063, "gamma": 2.6552370952576188}, "datetime": {"datetime": "2021-09-18 08:45:11", "elapsed": 98.877068, "delta": 0.890678}}
{"target": -4.9171198507103, "params": {"C": 35.87548792439015, "epsilon": 1.333089191538326, "gamma": 1.66422790171403}, "datetime": {"datetime": "2021-09-18 08:45:12", "elapsed": 100.010143, "delta": 1.133075}}
{"target": -5.31103801303459, "params": {"C": 25.478607082849315, "epsilon": 1.269682592152467, "gamma": 0.0001}, "datetime": {"datetime": "2021-09-18 08:45:13", "elapsed": 100.931163, "delta": 0.92102}}
{"target": -3.1241160106033554, "params": {"C": 26.998750182420434, "epsilon": 0.06730299638470062, "gamma": 0.6275719895858454}, "datetime": {"datetime": "2021-09-18 08:45:14", "elapsed": 101.957575, "delta": 1.026412}}
{"target": -3.801652235395773, "params": {"C": 40.831451177334806, "epsilon": 0.04106604074341261, "gamma": 0.9444625626721709}, "datetime": {"datetime": "2021-09-18 08:45:15", "elapsed": 102.931333, "delta": 0.973758}}
{"target": -2.485012404672799, "params": {"C": 28.611737352630826, "epsilon": 2.460702358817001, "gamma": 0.11870589722819773}, "datetime": {"datetime": "2021-09-18 08:45:16", "elapsed": 103.943088, "delta": 1.011755}}
{"target": -4.8344597289277615, "params": {"C": 29.187962944747404, "epsilon": 2.0951466405693555, "gamma": 1.42951118223188}, "datetime": {"datetime": "2021-09-18 08:45:17", "elapsed": 105.014797, "delta": 1.071709}}
{"target": -2.7835683533153577, "params": {"C": 27.402728522675197, "epsilon": 3.197173664183776, "gamma": 0.1609466031513437}, "datetime": {"datetime": "2021-09-18 08:45:18", "elapsed": 105.826385, "delta": 0.811588}}
{"target": -3.9214613212019414, "params": {"C": 49.60805415018513, "epsilon": 1.3442060196542518, "gamma": 0.9004616769605581}, "datetime": {"datetime": "2021-09-18 08:45:19", "elapsed": 106.887973, "delta": 1.061588}}
{"target": -2.9988101605583073, "params": {"C": 28.54664632382965, "epsilon": 3.7447237481273765, "gamma": 0.16571511421233262}, "datetime": {"datetime": "2021-09-18 08:45:20", "elapsed": 107.862096, "delta": 0.974123}}
{"target": -4.3278949967304525, "params": {"C": 27.660182441389107, "epsilon": 2.3808540916494287, "gamma": 0.9973732467188439}, "datetime": {"datetime": "2021-09-18 08:45:21", "elapsed": 108.813659, "delta": 0.951563}}
{"target": -3.297454094669243, "params": {"C": 6.812578258246377, "epsilon": 2.4793357377439413, "gamma": 0.23030294470977566}, "datetime": {"datetime": "2021-09-18 08:45:22", "elapsed": 109.7778, "delta": 0.964141}}
{"target": -3.2219958874819064, "params": {"C": 39.56649007582762, "epsilon": 4.216148034334188, "gamma": 0.16374530698555992}, "datetime": {"datetime": "2021-09-18 08:45:23", "elapsed": 110.733842, "delta": 0.956042}}
{"target": -5.734829129690314, "params": {"C": 39.73505426660803, "epsilon": 3.713281527418565, "gamma": 1.8780020107380326}, "datetime": {"datetime": "2021-09-18 08:45:24", "elapsed": 111.618717, "delta": 0.884875}}
{"target": -5.383479615355381, "params": {"C": 40.9822947550452, "epsilon": 5.276139101376691, "gamma": 0.0001}, "datetime": {"datetime": "2021-09-18 08:45:25", "elapsed": 112.578441, "delta": 0.959724}}
{"target": -5.248472629555574, "params": {"C": 38.1749205372679, "epsilon": 4.1805265833126635, "gamma": 0.0001}, "datetime": {"datetime": "2021-09-18 08:45:26", "elapsed": 114.032181, "delta": 1.45374}}
{"target": -6.881742728702562, "params": {"C": 11.624087018288357, "epsilon": 6.231774369734328, "gamma": 2.919587113931164}, "datetime": {"datetime": "2021-09-18 08:45:27", "elapsed": 115.057124, "delta": 1.024943}}
{"target": -5.531836904315097, "params": {"C": 44.45697780190541, "epsilon": 0.09360757299887244, "gamma": 2.811367335293608}, "datetime": {"datetime": "2021-09-18 08:45:28", "elapsed": 116.182811, "delta": 1.125687}}
{"target": -6.255894636694339, "params": {"C": 8.115180789394355, "epsilon": 1.9065215238388717, "gamma": 2.893117893489614}, "datetime": {"datetime": "2021-09-18 08:45:29", "elapsed": 117.258347, "delta": 1.075536}}
{"target": -7.731209170036362, "params": {"C": 20.145866655403026, "epsilon": 9.694719793185328, "gamma": 3.0}, "datetime": {"datetime": "2021-09-18 08:45:30", "elapsed": 118.222874, "delta": 0.964527}}
{"target": -8.775267716029369, "params": {"C": 11.175702746943529, "epsilon": 14.4653923805914, "gamma": 0.09729646018722177}, "datetime": {"datetime": "2021-09-18 08:45:31", "elapsed": 119.246996, "delta": 1.024122}}
{"target": -4.3170180556418485, "params": {"C": 27.189841943429357, "epsilon": 5.170155249388588, "gamma": 0.4442884365147756}, "datetime": {"datetime": "2021-09-18 08:45:32", "elapsed": 120.215516, "delta": 0.96852}}
{"target": -9.827263059551486, "params": {"C": 45.15569159577627, "epsilon": 18.2228070572292, "gamma": 0.029248627092481414}, "datetime": {"datetime": "2021-09-18 08:45:34", "elapsed": 121.379993, "delta": 1.164477}}
{"target": -7.522969475997651, "params": {"C": 0.38485552638935105, "epsilon": 8.714452642949855, "gamma": 2.9294854811614437}, "datetime": {"datetime": "2021-09-18 08:45:35", "elapsed": 122.443519, "delta": 1.063526}}
{"target": -2.282785602032366, "params": {"C": 35.65850048990405, "epsilon": 1.0889056411856661, "gamma": 0.04076502137265151}, "datetime": {"datetime": "2021-09-18 08:45:36", "elapsed": 123.670514, "delta": 1.226995}}
{"target": -9.319078947368421, "params": {"C": 34.550866912921556, "epsilon": 30.0, "gamma": 0.0001}, "datetime": {"datetime": "2021-09-18 08:45:37", "elapsed": 124.596701, "delta": 0.926187}}
{"target": -9.319078947368421, "params": {"C": 44.55555905842408, "epsilon": 30.0, "gamma": 3.0}, "datetime": {"datetime": "2021-09-18 08:45:38", "elapsed": 125.619334, "delta": 1.022633}}
{"target": -9.65849177548454, "params": {"C": 5.146154992254148, "epsilon": 19.486364370211593, "gamma": 3.0}, "datetime": {"datetime": "2021-09-18 08:45:39", "elapsed": 126.809011, "delta": 1.189677}}
{"target": -9.319078947368421, "params": {"C": 45.59321963114832, "epsilon": 23.4170214966396, "gamma": 3.0}, "datetime": {"datetime": "2021-09-18 08:45:40", "elapsed": 127.920885, "delta": 1.111874}}
{"target": -2.771001156369279, "params": {"C": 35.622685276795835, "epsilon": 0.12085233453929137, "gamma": 0.00535129016151612}, "datetime": {"datetime": "2021-09-18 08:45:42", "elapsed": 129.356721, "delta": 1.435836}}
{"target": -2.1513493318586288, "params": {"C": 36.90136690401829, "epsilon": 0.5438169345725482, "gamma": 0.10333600720860525}, "datetime": {"datetime": "2021-09-18 08:45:42", "elapsed": 130.30705, "delta": 0.950329}}
{"target": -9.319078947368421, "params": {"C": 34.28053451512877, "epsilon": 25.415581494102774, "gamma": 3.0}, "datetime": {"datetime": "2021-09-18 08:45:44", "elapsed": 131.374256, "delta": 1.067206}}
{"target": -5.476611603058106, "params": {"C": 31.946796059423733, "epsilon": 9.6468414102896, "gamma": 0.026991445252527942}, "datetime": {"datetime": "2021-09-18 08:45:44", "elapsed": 132.298444, "delta": 0.924188}}
{"target": -5.0214492785582125, "params": {"C": 46.13563482242959, "epsilon": 3.519729406932288, "gamma": 0.0001}, "datetime": {"datetime": "2021-09-18 08:45:45", "elapsed": 133.309175, "delta": 1.010731}}
{"target": -2.5676557037244443, "params": {"C": 43.71009522351208, "epsilon": 2.606249313701482, "gamma": 0.16118818268481042}, "datetime": {"datetime": "2021-09-18 08:45:46", "elapsed": 134.298277, "delta": 0.989102}}
{"target": -4.595330069912585, "params": {"C": 43.547454538131, "epsilon": 1.782091056480495, "gamma": 1.289341426743999}, "datetime": {"datetime": "2021-09-18 08:45:47", "elapsed": 135.280228, "delta": 0.981951}}
{"target": -2.9188642919100936, "params": {"C": 43.42181710299646, "epsilon": 3.8259113006843766, "gamma": 0.12238280176131011}, "datetime": {"datetime": "2021-09-18 08:45:49", "elapsed": 136.446704, "delta": 1.166476}}
{"target": -6.267606755245612, "params": {"C": 50.0, "epsilon": 8.755493890510754, "gamma": 0.0001}, "datetime": {"datetime": "2021-09-18 08:45:50", "elapsed": 137.370924, "delta": 0.92422}}
{"target": -2.299936695125101, "params": {"C": 27.64342651879981, "epsilon": 1.4044284701495775, "gamma": 0.05834010636625854}, "datetime": {"datetime": "2021-09-18 08:45:51", "elapsed": 138.480563, "delta": 1.109639}}
{"target": -9.5742308511407, "params": {"C": 15.468103310202027, "epsilon": 19.322653987999747, "gamma": 0.0001}, "datetime": {"datetime": "2021-09-18 08:45:52", "elapsed": 139.429739, "delta": 0.949176}}
{"target": -8.498475808803605, "params": {"C": 7.495080395899268, "epsilon": 13.677719333928641, "gamma": 2.938973811963799}, "datetime": {"datetime": "2021-09-18 08:45:53", "elapsed": 140.575014, "delta": 1.145275}}
{"target": -6.924302789929066, "params": {"C": 29.435692850456448, "epsilon": 10.530930167490808, "gamma": 0.0001}, "datetime": {"datetime": "2021-09-18 08:45:54", "elapsed": 141.576623, "delta": 1.001609}}
{"target": -6.644648889680855, "params": {"C": 5.934202874949814, "epsilon": 1.6205731894634199, "gamma": 0.0001}, "datetime": {"datetime": "2021-09-18 08:45:55", "elapsed": 142.579182, "delta": 1.002559}}
{"target": -4.515612141851674, "params": {"C": 6.597041492700728, "epsilon": 3.680793862023329, "gamma": 0.5546568112192282}, "datetime": {"datetime": "2021-09-18 08:45:56", "elapsed": 143.594657, "delta": 1.015475}}
{"target": -8.645608033916702, "params": {"C": 22.906519996680203, "epsilon": 13.385154682451645, "gamma": 3.0}, "datetime": {"datetime": "2021-09-18 08:45:57", "elapsed": 144.866576, "delta": 1.271919}}
{"target": -9.319078947368421, "params": {"C": 17.0907051021367, "epsilon": 26.27537596600121, "gamma": 0.0001}, "datetime": {"datetime": "2021-09-18 08:45:58", "elapsed": 146.193655, "delta": 1.327079}}
{"target": -5.827295133920924, "params": {"C": 24.142903976023796, "epsilon": 5.813976501211914, "gamma": 0.0001}, "datetime": {"datetime": "2021-09-18 08:45:59", "elapsed": 147.236251, "delta": 1.042596}}
{"target": -6.588005210857067, "params": {"C": 35.10239208625559, "epsilon": 9.26813404575198, "gamma": 0.0001}, "datetime": {"datetime": "2021-09-18 08:46:00", "elapsed": 148.299111, "delta": 1.06286}}
{"target": -4.60869430386157, "params": {"C": 22.461616113710136, "epsilon": 3.902709611220874, "gamma": 0.8553013032369554}, "datetime": {"datetime": "2021-09-18 08:46:02", "elapsed": 149.574406, "delta": 1.275295}}
{"target": -5.5844872819224465, "params": {"C": 19.916981597563204, "epsilon": 2.4695622901147543, "gamma": 0.0001}, "datetime": {"datetime": "2021-09-18 08:46:03", "elapsed": 150.631958, "delta": 1.057552}}
{"target": -5.645263992040942, "params": {"C": 18.32236932601249, "epsilon": 2.004670572896541, "gamma": 0.0001}, "datetime": {"datetime": "2021-09-18 08:46:04", "elapsed": 151.712753, "delta": 1.080795}}
