{"target": -11.726107620243525, "params": {"C": 80.09597861156587, "epsilon": 1.4439817005108204, "gamma": 0.010928437969614724}, "datetime": {"datetime": "2021-09-27 16:17:25", "elapsed": 48.295765, "delta": 0.813004}}
{"target": -11.942792139069699, "params": {"C": 79.79085918174056, "epsilon": 1.608068603522971, "gamma": 0.0765001697883473}, "datetime": {"datetime": "2021-09-27 16:17:26", "elapsed": 48.840728, "delta": 0.544963}}
{"target": -16.798505139476774, "params": {"C": 80.10726564472046, "epsilon": 1.5649810686925276, "gamma": 0.2983402133183906}, "datetime": {"datetime": "2021-09-27 16:17:26", "elapsed": 49.456254, "delta": 0.615526}}
{"target": -11.474447442904367, "params": {"C": 26.94765904417232, "epsilon": 1.4057116602773743, "gamma": 0.012346798137821632}, "datetime": {"datetime": "2021-09-27 16:17:27", "elapsed": 50.022257, "delta": 0.566003}}
{"target": -11.120472985689656, "params": {"C": 79.35424949052482, "epsilon": 1.620035130389263, "gamma": 0.0569621504619596}, "datetime": {"datetime": "2021-09-27 16:17:28", "elapsed": 50.639257, "delta": 0.617}}
{"target": -17.526047741007087, "params": {"C": 80.79271819962459, "epsilon": 2.1608258397031985, "gamma": 0.2796584894348582}, "datetime": {"datetime": "2021-09-27 16:17:28", "elapsed": 51.155193, "delta": 0.515936}}
{"target": -15.766808954886194, "params": {"C": 79.3824043434124, "epsilon": 1.2266514834955449, "gamma": 0.25530468499949105}, "datetime": {"datetime": "2021-09-27 16:17:29", "elapsed": 51.704363, "delta": 0.54917}}
{"target": -11.737332850543272, "params": {"C": 79.46489063119807, "epsilon": 1.9389787330902168, "gamma": 0.06304279377279803}, "datetime": {"datetime": "2021-09-27 16:17:29", "elapsed": 52.301367, "delta": 0.597004}}
{"target": -11.934340626618054, "params": {"C": 79.03080406351471, "epsilon": 1.8474686678625682, "gamma": 0.01}, "datetime": {"datetime": "2021-09-27 16:17:30", "elapsed": 53.276765, "delta": 0.975398}}
{"target": -17.190560290779626, "params": {"C": 79.00293192038296, "epsilon": 2.18146862073747, "gamma": 0.2571869130067306}, "datetime": {"datetime": "2021-09-27 16:17:31", "elapsed": 54.017771, "delta": 0.741006}}
{"target": -11.609161936270548, "params": {"C": 78.88601390165928, "epsilon": 1.455465512336131, "gamma": 0.014472089744036767}, "datetime": {"datetime": "2021-09-27 16:17:32", "elapsed": 54.660972, "delta": 0.643201}}
{"target": -20.022192146349518, "params": {"C": 82.30299670854399, "epsilon": 3.51804791199654, "gamma": 0.269461904275626}, "datetime": {"datetime": "2021-09-27 16:17:32", "elapsed": 55.060369, "delta": 0.399397}}
{"target": -11.112580880189663, "params": {"C": 78.43197356353575, "epsilon": 1.2344215643832999, "gamma": 0.06832055779267004}, "datetime": {"datetime": "2021-09-27 16:17:33", "elapsed": 55.965019, "delta": 0.90465}}
{"target": -16.760843713068592, "params": {"C": 78.56338901799431, "epsilon": 1.5799009758314142, "gamma": 0.29531502098444223}, "datetime": {"datetime": "2021-09-27 16:17:34", "elapsed": 56.782685, "delta": 0.817666}}
{"target": -11.827013976168145, "params": {"C": 78.12031696307861, "epsilon": 1.029265789506735, "gamma": 0.0926227794358097}, "datetime": {"datetime": "2021-09-27 16:17:34", "elapsed": 57.597914, "delta": 0.815229}}
{"target": -11.575873362907393, "params": {"C": 78.00700200164026, "epsilon": 1.4025348830101372, "gamma": 0.01}, "datetime": {"datetime": "2021-09-27 16:17:36", "elapsed": 58.722914, "delta": 1.125}}
{"target": -12.717970871581505, "params": {"C": 77.59671290286614, "epsilon": 1.2464116301314818, "gamma": 0.10881273990409111}, "datetime": {"datetime": "2021-09-27 16:17:36", "elapsed": 59.36853, "delta": 0.645616}}
{"target": -11.607389202620181, "params": {"C": 78.5481348070923, "epsilon": 1.0194275289328583, "gamma": 0.08788697731248078}, "datetime": {"datetime": "2021-09-27 16:17:37", "elapsed": 60.157536, "delta": 0.789006}}
{"target": -17.059047585082457, "params": {"C": 77.57850119235576, "epsilon": 1.7385396926205998, "gamma": 0.29652904159925003}, "datetime": {"datetime": "2021-09-27 16:17:38", "elapsed": 60.875677, "delta": 0.718141}}
{"target": -11.15132944533862, "params": {"C": 76.90150050820581, "epsilon": 1.033473118809658, "gamma": 0.07556235711986795}, "datetime": {"datetime": "2021-09-27 16:17:38", "elapsed": 61.519207, "delta": 0.64353}}
{"target": -11.384345549104308, "params": {"C": 76.49829812055893, "epsilon": 1.0, "gamma": 0.01}, "datetime": {"datetime": "2021-09-27 16:17:39", "elapsed": 62.56709, "delta": 1.047883}}
{"target": -11.556573527592452, "params": {"C": 76.67793979700055, "epsilon": 1.3838832908967713, "gamma": 0.01}, "datetime": {"datetime": "2021-09-27 16:17:40", "elapsed": 63.426312, "delta": 0.859222}}
{"target": -16.20884598564492, "params": {"C": 76.63992275611749, "epsilon": 1.295255997775137, "gamma": 0.2846315210179797}, "datetime": {"datetime": "2021-09-27 16:17:41", "elapsed": 64.592311, "delta": 1.165999}}
{"target": -11.506888693073869, "params": {"C": 77.07658994282944, "epsilon": 1.3074675925348236, "gamma": 0.014929194923677854}, "datetime": {"datetime": "2021-09-27 16:17:43", "elapsed": 65.694018, "delta": 1.101707}}
{"target": -11.312258187461474, "params": {"C": 76.03879435036396, "epsilon": 1.5620389119470184, "gamma": 0.024311136236148344}, "datetime": {"datetime": "2021-09-27 16:17:44", "elapsed": 66.79102, "delta": 1.097002}}
{"target": -11.362198211505598, "params": {"C": 75.86072814605075, "epsilon": 1.0793914637456954, "gamma": 0.08096823513353134}, "datetime": {"datetime": "2021-09-27 16:17:44", "elapsed": 67.597209, "delta": 0.806189}}
{"target": -16.241827308221072, "params": {"C": 75.66822071320493, "epsilon": 1.4952743154820742, "gamma": 0.27025596078892117}, "datetime": {"datetime": "2021-09-27 16:17:45", "elapsed": 68.41621, "delta": 0.819001}}
{"target": -11.578801161649096, "params": {"C": 76.24487276843271, "epsilon": 2.0842337847758254, "gamma": 0.05683863303022972}, "datetime": {"datetime": "2021-09-27 16:17:46", "elapsed": 69.491244, "delta": 1.075034}}
{"target": -11.933513729173802, "params": {"C": 76.59768590160527, "epsilon": 1.8373911692944787, "gamma": 0.010378795250715975}, "datetime": {"datetime": "2021-09-27 16:17:47", "elapsed": 70.385242, "delta": 0.893998}}
{"target": -17.60119296907403, "params": {"C": 10.665533420059747, "epsilon": 3.682176156843727, "gamma": 0.13507989449272279}, "datetime": {"datetime": "2021-09-27 16:17:48", "elapsed": 70.851243, "delta": 0.466001}}
{"target": -11.992060461786206, "params": {"C": 76.58836927602982, "epsilon": 2.4004999318563467, "gamma": 0.01}, "datetime": {"datetime": "2021-09-27 16:17:49", "elapsed": 72.018122, "delta": 1.166879}}
{"target": -12.44042039074839, "params": {"C": 28.50224911655463, "epsilon": 1.7288900230550543, "gamma": 0.09620778054370117}, "datetime": {"datetime": "2021-09-27 16:17:50", "elapsed": 72.694123, "delta": 0.676001}}
{"target": -11.290252199686456, "params": {"C": 76.12102152150104, "epsilon": 1.0929780686500967, "gamma": 0.01565306504156774}, "datetime": {"datetime": "2021-09-27 16:17:51", "elapsed": 73.69933, "delta": 1.005207}}
{"target": -12.828752197772312, "params": {"C": 76.06910458774021, "epsilon": 2.63150675527317, "gamma": 0.07170902816566631}, "datetime": {"datetime": "2021-09-27 16:17:52", "elapsed": 74.89462, "delta": 1.19529}}
{"target": -18.88529157813991, "params": {"C": 76.66113003622111, "epsilon": 2.957612398994306, "gamma": 0.2751123887674766}, "datetime": {"datetime": "2021-09-27 16:17:53", "elapsed": 75.682343, "delta": 0.787723}}
{"target": -16.843440237786076, "params": {"C": 75.84920927117895, "epsilon": 2.277759213653175, "gamma": 0.23229152876208306}, "datetime": {"datetime": "2021-09-27 16:17:53", "elapsed": 76.583221, "delta": 0.900878}}
{"target": -12.107434001568175, "params": {"C": 76.31079770021098, "epsilon": 1.625456836700857, "gamma": 0.08115291080099955}, "datetime": {"datetime": "2021-09-27 16:17:54", "elapsed": 77.552841, "delta": 0.96962}}
{"target": -13.726848774276746, "params": {"C": 13.23956193797717, "epsilon": 3.7334135494766074, "gamma": 0.01}, "datetime": {"datetime": "2021-09-27 16:17:55", "elapsed": 78.536842, "delta": 0.984001}}
{"target": -11.214817358536125, "params": {"C": 80.9320147808083, "epsilon": 1.073045125144852, "gamma": 0.07627852601587726}, "datetime": {"datetime": "2021-09-27 16:17:56", "elapsed": 79.347969, "delta": 0.811127}}
{"target": -10.97926660278494, "params": {"C": 80.72890509242328, "epsilon": 1.488291099989631, "gamma": 0.035796664085132796}, "datetime": {"datetime": "2021-09-27 16:17:57", "elapsed": 80.177966, "delta": 0.829997}}
{"target": -11.635717956021658, "params": {"C": 30.287383043425, "epsilon": 1.524370044409068, "gamma": 0.01}, "datetime": {"datetime": "2021-09-27 16:17:58", "elapsed": 81.314971, "delta": 1.137005}}
{"target": -12.216698263417076, "params": {"C": 30.738642025727202, "epsilon": 1.3762743592317312, "gamma": 0.1037336342363475}, "datetime": {"datetime": "2021-09-27 16:17:59", "elapsed": 82.143118, "delta": 0.828147}}
{"target": -11.690188484681059, "params": {"C": 77.99787949706362, "epsilon": 1.411867640801809, "gamma": 0.013419555253747256}, "datetime": {"datetime": "2021-09-27 16:18:00", "elapsed": 82.956121, "delta": 0.813003}}
{"target": -15.658270659902671, "params": {"C": 30.39383641886993, "epsilon": 1.152002471376538, "gamma": 0.3}, "datetime": {"datetime": "2021-09-27 16:18:02", "elapsed": 84.738649, "delta": 1.782528}}
{"target": -11.746054064677853, "params": {"C": 30.65415319753334, "epsilon": 1.87309288473066, "gamma": 0.06591965059340782}, "datetime": {"datetime": "2021-09-27 16:18:03", "elapsed": 85.730678, "delta": 0.992029}}
{"target": -16.219788638197247, "params": {"C": 64.90961257885643, "epsilon": 2.1095608404642427, "gamma": 0.21894515134923676}, "datetime": {"datetime": "2021-09-27 16:18:03", "elapsed": 86.521735, "delta": 0.791057}}
{"target": -14.078941486027622, "params": {"C": 97.48067120219775, "epsilon": 1.695513352737198, "gamma": 0.14258208050866608}, "datetime": {"datetime": "2021-09-27 16:18:04", "elapsed": 87.330411, "delta": 0.808676}}
{"target": -11.394607322287916, "params": {"C": 31.193347398971202, "epsilon": 1.5453093604462584, "gamma": 0.07087731210943289}, "datetime": {"datetime": "2021-09-27 16:18:05", "elapsed": 88.62841, "delta": 1.297999}}
{"target": -15.507557628261045, "params": {"C": 31.144459108801897, "epsilon": 2.020007147047685, "gamma": 0.21855875336159333}, "datetime": {"datetime": "2021-09-27 16:18:07", "elapsed": 89.854786, "delta": 1.226376}}
{"target": -14.822380365679194, "params": {"C": 31.28047190164433, "epsilon": 1.156327722776635, "gamma": 0.24427291469848225}, "datetime": {"datetime": "2021-09-27 16:18:08", "elapsed": 91.046785, "delta": 1.191999}}
{"target": -14.59404099173936, "params": {"C": 30.334252371003267, "epsilon": 1.8683100896308904, "gamma": 0.18238710571212674}, "datetime": {"datetime": "2021-09-27 16:18:09", "elapsed": 92.125304, "delta": 1.078519}}
{"target": -10.818317300985274, "params": {"C": 80.95039354436798, "epsilon": 1.2770116921517713, "gamma": 0.034091568186675573}, "datetime": {"datetime": "2021-09-27 16:18:10", "elapsed": 93.242456, "delta": 1.117152}}
{"target": -11.652727178749355, "params": {"C": 30.89422251712674, "epsilon": 1.736050805154974, "gamma": 0.01167858663116558}, "datetime": {"datetime": "2021-09-27 16:18:11", "elapsed": 94.165461, "delta": 0.923005}}
{"target": -11.992884330859715, "params": {"C": 75.64330182022884, "epsilon": 3.179317101516339, "gamma": 0.01}, "datetime": {"datetime": "2021-09-27 16:18:12", "elapsed": 95.49346, "delta": 1.327999}}
{"target": -11.418845911740371, "params": {"C": 77.31052643849152, "epsilon": 1.006089901035947, "gamma": 0.08385206055153042}, "datetime": {"datetime": "2021-09-27 16:18:14", "elapsed": 97.356469, "delta": 1.863009}}
{"target": -16.028817870990295, "params": {"C": 75.30407927493854, "epsilon": 3.4710279259318804, "gamma": 0.10471757438227085}, "datetime": {"datetime": "2021-09-27 16:18:16", "elapsed": 98.709468, "delta": 1.352999}}
{"target": -11.53705792704276, "params": {"C": 31.859186476026583, "epsilon": 1.711618278331209, "gamma": 0.024616079027123327}, "datetime": {"datetime": "2021-09-27 16:18:17", "elapsed": 100.114547, "delta": 1.405079}}
{"target": -11.584344733141432, "params": {"C": 28.490976255497248, "epsilon": 1.0165022892109463, "gamma": 0.09529073604786367}, "datetime": {"datetime": "2021-09-27 16:18:18", "elapsed": 100.904547, "delta": 0.79}}
{"target": -14.315762113085459, "params": {"C": 32.13426803534476, "epsilon": 1.3940377736963612, "gamma": 0.19083380020856416}, "datetime": {"datetime": "2021-09-27 16:18:19", "elapsed": 102.446071, "delta": 1.541524}}
{"target": -12.041301735593938, "params": {"C": 27.158048129232125, "epsilon": 1.2542806015366896, "gamma": 0.10273894446372207}, "datetime": {"datetime": "2021-09-27 16:18:20", "elapsed": 103.235196, "delta": 0.789125}}
{"target": -12.94182596267631, "params": {"C": 32.07176083561954, "epsilon": 2.0621795684843165, "gamma": 0.09423919883748237}, "datetime": {"datetime": "2021-09-27 16:18:21", "elapsed": 104.342194, "delta": 1.106998}}
{"target": -16.300880734772292, "params": {"C": 31.576054268136225, "epsilon": 1.6528260786370923, "gamma": 0.29666507818388316}, "datetime": {"datetime": "2021-09-27 16:18:23", "elapsed": 105.912499, "delta": 1.570305}}
{"target": -14.48259291433657, "params": {"C": 95.8214377875534, "epsilon": 1.550682278626357, "gamma": 0.16348672796428074}, "datetime": {"datetime": "2021-09-27 16:18:24", "elapsed": 106.781294, "delta": 0.868795}}
{"target": -11.798566543379714, "params": {"C": 28.657971665996868, "epsilon": 2.037984620375191, "gamma": 0.0346773059610712}, "datetime": {"datetime": "2021-09-27 16:18:25", "elapsed": 107.773033, "delta": 0.991739}}
{"target": -10.977882576762473, "params": {"C": 80.47760204769156, "epsilon": 1.4714832550670767, "gamma": 0.046358166986956884}, "datetime": {"datetime": "2021-09-27 16:18:26", "elapsed": 108.945029, "delta": 1.171996}}
{"target": -11.871295475137227, "params": {"C": 75.99204254310402, "epsilon": 3.4525911072667257, "gamma": 0.024145381446065255}, "datetime": {"datetime": "2021-09-27 16:18:27", "elapsed": 109.888066, "delta": 0.943037}}
{"target": -16.596780561737766, "params": {"C": 25.039273110022666, "epsilon": 3.2716531898707335, "gamma": 0.1473760749486196}, "datetime": {"datetime": "2021-09-27 16:18:28", "elapsed": 110.711069, "delta": 0.823003}}
{"target": -19.711256739921446, "params": {"C": 76.0658707337028, "epsilon": 4.084881741121491, "gamma": 0.1829973059675438}, "datetime": {"datetime": "2021-09-27 16:18:29", "elapsed": 112.165785, "delta": 1.454716}}
{"target": -17.03064241827349, "params": {"C": 75.91222742300211, "epsilon": 3.0224060690349406, "gamma": 0.1714176980202682}, "datetime": {"datetime": "2021-09-27 16:18:30", "elapsed": 113.347747, "delta": 1.181962}}
{"target": -17.313486720637787, "params": {"C": 76.51644086069533, "epsilon": 2.0942041622940604, "gamma": 0.27500266553148633}, "datetime": {"datetime": "2021-09-27 16:18:31", "elapsed": 114.524749, "delta": 1.177002}}
{"target": -11.333221610458317, "params": {"C": 22.105677297599364, "epsilon": 1.5160541138599735, "gamma": 0.045873797738436924}, "datetime": {"datetime": "2021-09-27 16:18:32", "elapsed": 115.589832, "delta": 1.065083}}
{"target": -11.666981851825332, "params": {"C": 22.355504261766065, "epsilon": 1.236654526859807, "gamma": 0.010138851806329554}, "datetime": {"datetime": "2021-09-27 16:18:33", "elapsed": 116.460035, "delta": 0.870203}}
{"target": -13.110389862086574, "params": {"C": 22.53005454301856, "epsilon": 1.698598200980808, "gamma": 0.11572959800467665}, "datetime": {"datetime": "2021-09-27 16:18:34", "elapsed": 117.548199, "delta": 1.088164}}
{"target": -11.643788277428476, "params": {"C": 21.934274304371172, "epsilon": 1.1422670385634663, "gamma": 0.01}, "datetime": {"datetime": "2021-09-27 16:18:36", "elapsed": 118.780199, "delta": 1.232}}
{"target": -14.83951724199585, "params": {"C": 22.147228400782225, "epsilon": 1.2512100204562557, "gamma": 0.24134941570691476}, "datetime": {"datetime": "2021-09-27 16:18:37", "elapsed": 119.660833, "delta": 0.880634}}
{"target": -11.683509068497852, "params": {"C": 22.018792168841344, "epsilon": 1.8693203080449148, "gamma": 0.024451015760042574}, "datetime": {"datetime": "2021-09-27 16:18:37", "elapsed": 120.613833, "delta": 0.953}}
{"target": -11.457840303892649, "params": {"C": 27.254964262054443, "epsilon": 1.612353402185605, "gamma": 0.02592756003748447}, "datetime": {"datetime": "2021-09-27 16:18:39", "elapsed": 121.649287, "delta": 1.035454}}
{"target": -15.331459115766302, "params": {"C": 21.705759525834292, "epsilon": 2.539437948737218, "gamma": 0.16853604194247154}, "datetime": {"datetime": "2021-09-27 16:18:39", "elapsed": 122.450294, "delta": 0.801007}}
{"target": -10.93283907354182, "params": {"C": 22.88967430885664, "epsilon": 1.148588101206984, "gamma": 0.03199021464643424}, "datetime": {"datetime": "2021-09-27 16:18:41", "elapsed": 123.760887, "delta": 1.310593}}
{"target": -11.512666076320407, "params": {"C": 23.184979165704924, "epsilon": 1.4542650871513443, "gamma": 0.06608339784170213}, "datetime": {"datetime": "2021-09-27 16:18:42", "elapsed": 124.777919, "delta": 1.017032}}
{"target": -11.417095358080294, "params": {"C": 36.32841352935966, "epsilon": 1.7852635550509115, "gamma": 0.05068321664708929}, "datetime": {"datetime": "2021-09-27 16:18:42", "elapsed": 125.501553, "delta": 0.723634}}
{"target": -13.207044535587173, "params": {"C": 23.239947580962088, "epsilon": 1.034563864307834, "gamma": 0.16554857980869883}, "datetime": {"datetime": "2021-09-27 16:18:43", "elapsed": 126.55356, "delta": 1.052007}}
{"target": -15.214643185795367, "params": {"C": 36.61531878844905, "epsilon": 2.051361471719905, "gamma": 0.19725112393083694}, "datetime": {"datetime": "2021-09-27 16:18:45", "elapsed": 127.945202, "delta": 1.391642}}
{"target": -15.713006152711447, "params": {"C": 22.844895473341765, "epsilon": 1.37828268903723, "gamma": 0.291247916859816}, "datetime": {"datetime": "2021-09-27 16:18:46", "elapsed": 129.106783, "delta": 1.161581}}
{"target": -11.705863694725789, "params": {"C": 35.956293700552244, "epsilon": 1.890861413145997, "gamma": 0.01}, "datetime": {"datetime": "2021-09-27 16:18:48", "elapsed": 130.81877, "delta": 1.711987}}
{"target": -11.659562998792756, "params": {"C": 23.622259869484687, "epsilon": 1.6697531334116131, "gamma": 0.05990432514171672}, "datetime": {"datetime": "2021-09-27 16:18:49", "elapsed": 132.370971, "delta": 1.552201}}
{"target": -20.151616928178164, "params": {"C": 1.0311383337958446, "epsilon": 2.733617527204127, "gamma": 0.1132544158544099}, "datetime": {"datetime": "2021-09-27 16:18:50", "elapsed": 133.288316, "delta": 0.917345}}
{"target": -11.748196378727469, "params": {"C": 23.24945845805061, "epsilon": 2.0020385485890104, "gamma": 0.02254312204629128}, "datetime": {"datetime": "2021-09-27 16:18:52", "elapsed": 135.096313, "delta": 1.807997}}
{"target": -15.114192284773026, "params": {"C": 71.20740847773595, "epsilon": 2.6139961157785994, "gamma": 0.13707371433428}, "datetime": {"datetime": "2021-09-27 16:18:53", "elapsed": 135.929026, "delta": 0.832713}}
{"target": -15.592831894024496, "params": {"C": 87.37024196152446, "epsilon": 1.8545616050653762, "gamma": 0.19584469216169573}, "datetime": {"datetime": "2021-09-27 16:18:54", "elapsed": 136.786849, "delta": 0.857823}}
{"target": -12.039298040415558, "params": {"C": 23.688096785823976, "epsilon": 2.121501271986014, "gamma": 0.01}, "datetime": {"datetime": "2021-09-27 16:18:55", "elapsed": 138.528696, "delta": 1.741847}}
{"target": -14.267648512270956, "params": {"C": 21.193620100499924, "epsilon": 1.016933596229572, "gamma": 0.23115757059476177}, "datetime": {"datetime": "2021-09-27 16:18:57", "elapsed": 139.738438, "delta": 1.209742}}
{"target": -14.925450330371651, "params": {"C": 23.287612730225774, "epsilon": 2.4756441793786146, "gamma": 0.15287119104901936}, "datetime": {"datetime": "2021-09-27 16:18:58", "elapsed": 140.740437, "delta": 1.001999}}
{"target": -11.605803048597625, "params": {"C": 24.160756253399267, "epsilon": 1.8343585909270228, "gamma": 0.01775538492006501}, "datetime": {"datetime": "2021-09-27 16:18:59", "elapsed": 142.172517, "delta": 1.43208}}
{"target": -12.3025017487425, "params": {"C": 24.289218543748856, "epsilon": 2.2420494149327954, "gamma": 0.060128132270677946}, "datetime": {"datetime": "2021-09-27 16:19:01", "elapsed": 144.25437, "delta": 2.081853}}
{"target": -16.73501645413552, "params": {"C": 24.008163500705713, "epsilon": 2.0203733895187495, "gamma": 0.2948992798704383}, "datetime": {"datetime": "2021-09-27 16:19:02", "elapsed": 145.370263, "delta": 1.115893}}
{"target": -11.502118024898307, "params": {"C": 24.565761002060746, "epsilon": 1.7167862805916, "gamma": 0.036405471120521525}, "datetime": {"datetime": "2021-09-27 16:19:04", "elapsed": 146.64079, "delta": 1.270527}}
{"target": -14.092813257201753, "params": {"C": 24.699940591288705, "epsilon": 2.103836658573856, "gamma": 0.13180845815476086}, "datetime": {"datetime": "2021-09-27 16:19:05", "elapsed": 148.250087, "delta": 1.609297}}
{"target": -12.256586214046585, "params": {"C": 24.26849010980622, "epsilon": 1.3238648153161503, "gamma": 0.10331496143393976}, "datetime": {"datetime": "2021-09-27 16:19:06", "elapsed": 149.464872, "delta": 1.214785}}
{"target": -11.203407071341841, "params": {"C": 23.678856673342562, "epsilon": 1.3157537413211269, "gamma": 0.022884707874640687}, "datetime": {"datetime": "2021-09-27 16:19:08", "elapsed": 150.797863, "delta": 1.332991}}
{"target": -17.525619480245258, "params": {"C": 59.77253436786255, "epsilon": 2.2977031475786935, "gamma": 0.2819306028630522}, "datetime": {"datetime": "2021-09-27 16:19:09", "elapsed": 151.677774, "delta": 0.879911}}
