{"target": -2.0274041686937814, "params": {"C": 104.00372109920957, "epsilon": 0.12572014023668263, "gamma": 0.057195461282925984}, "datetime": {"datetime": "2021-09-19 08:43:54", "elapsed": 755.357723, "delta": 6.358065}}
{"target": -2.0488978826365987, "params": {"C": 103.96046404655533, "epsilon": 0.1378172601908934, "gamma": 0.07523484480904533}, "datetime": {"datetime": "2021-09-19 08:44:01", "elapsed": 762.290536, "delta": 6.932813}}
