{"target": -10.90999334058624, "params": {"C": 51.75296299547594, "epsilon": 0.10290581179024154, "gamma": 0.011228317707171847}, "datetime": {"datetime": "2021-09-27 15:45:10", "elapsed": 52.949508, "delta": 0.57501}}
{"target": -10.665003543449613, "params": {"C": 51.70316952404471, "epsilon": 0.7334993214009482, "gamma": 0.06274198951710322}, "datetime": {"datetime": "2021-09-27 15:45:11", "elapsed": 53.472499, "delta": 0.522991}}
{"target": -19.355115712248764, "params": {"C": 51.44779159206585, "epsilon": 0.5295442332743766, "gamma": 0.703742005354596}, "datetime": {"datetime": "2021-09-27 15:45:12", "elapsed": 54.160533, "delta": 0.688034}}
{"target": -13.799795943279205, "params": {"C": 75.5941453475253, "epsilon": 0.001, "gamma": 0.001}, "datetime": {"datetime": "2021-09-27 15:45:12", "elapsed": 54.722976, "delta": 0.562443}}
{"target": -21.362868408207767, "params": {"C": 75.44763131666757, "epsilon": 0.61489480463177, "gamma": 0.9619185137967903}, "datetime": {"datetime": "2021-09-27 15:45:13", "elapsed": 55.320017, "delta": 0.597041}}
{"target": -24.229879801160145, "params": {"C": 3.0091590017538903, "epsilon": 0.001, "gamma": 1.0}, "datetime": {"datetime": "2021-09-27 15:45:13", "elapsed": 55.963975, "delta": 0.643958}}
{"target": -22.267627155989594, "params": {"C": 7.051135542297306, "epsilon": 0.9852526543090199, "gamma": 0.861346674049671}, "datetime": {"datetime": "2021-09-27 15:45:14", "elapsed": 56.540729, "delta": 0.576754}}
{"target": -21.677652410333252, "params": {"C": 28.05290338249852, "epsilon": 0.9674143164791821, "gamma": 0.9498365584208626}, "datetime": {"datetime": "2021-09-27 15:45:15", "elapsed": 57.166019, "delta": 0.62529}}
{"target": -13.579315645513917, "params": {"C": 90.9146254007502, "epsilon": 0.001, "gamma": 0.001}, "datetime": {"datetime": "2021-09-27 15:45:15", "elapsed": 57.79102, "delta": 0.625001}}
{"target": -10.535056651180689, "params": {"C": 82.0394527408076, "epsilon": 0.08387358204020226, "gamma": 0.03243150635643943}, "datetime": {"datetime": "2021-09-27 15:45:16", "elapsed": 58.319732, "delta": 0.528712}}
{"target": -10.563184003502645, "params": {"C": 82.10756687556079, "epsilon": 0.9504012630824882, "gamma": 0.03112850766689638}, "datetime": {"datetime": "2021-09-27 15:45:16", "elapsed": 58.990334, "delta": 0.670602}}
{"target": -19.839551584670854, "params": {"C": 82.13238955337083, "epsilon": 0.6201690254763429, "gamma": 0.7634840745670393}, "datetime": {"datetime": "2021-09-27 15:45:17", "elapsed": 59.611639, "delta": 0.621305}}
{"target": -10.645491492617424, "params": {"C": 81.58671168017266, "epsilon": 0.5684998706823159, "gamma": 0.01790333082054493}, "datetime": {"datetime": "2021-09-27 15:45:18", "elapsed": 60.327696, "delta": 0.716057}}
{"target": -10.605313526564924, "params": {"C": 81.3713176576534, "epsilon": 0.03231158289294221, "gamma": 0.030166906080709256}, "datetime": {"datetime": "2021-09-27 15:45:18", "elapsed": 60.933974, "delta": 0.606278}}
{"target": -10.850423519471883, "params": {"C": 82.72720807135762, "epsilon": 0.16935810410152047, "gamma": 0.01226696733877938}, "datetime": {"datetime": "2021-09-27 15:45:19", "elapsed": 61.633055, "delta": 0.699081}}
{"target": -11.71340690542701, "params": {"C": 83.04899552488746, "epsilon": 0.9330384131866055, "gamma": 0.00430663633902159}, "datetime": {"datetime": "2021-09-27 15:45:20", "elapsed": 62.300057, "delta": 0.667002}}
{"target": -11.47155079582505, "params": {"C": 24.098945783772, "epsilon": 0.1718839364456821, "gamma": 0.006476354397733174}, "datetime": {"datetime": "2021-09-27 15:45:21", "elapsed": 63.235959, "delta": 0.935902}}
{"target": -21.098591846900376, "params": {"C": 23.954305815607395, "epsilon": 0.10539794210457737, "gamma": 0.963235721312504}, "datetime": {"datetime": "2021-09-27 15:45:21", "elapsed": 63.906962, "delta": 0.671003}}
{"target": -11.190710218865831, "params": {"C": 23.90145982417949, "epsilon": 0.8715924435141075, "gamma": 0.014525149914760793}, "datetime": {"datetime": "2021-09-27 15:45:22", "elapsed": 64.537171, "delta": 0.630209}}
{"target": -11.42718097894532, "params": {"C": 24.636131021750533, "epsilon": 0.7750197874722624, "gamma": 0.009857322939807393}, "datetime": {"datetime": "2021-09-27 15:45:23", "elapsed": 65.169152, "delta": 0.631981}}
{"target": -15.540059855530322, "params": {"C": 15.030579549784237, "epsilon": 1.0, "gamma": 0.001}, "datetime": {"datetime": "2021-09-27 15:45:23", "elapsed": 65.912463, "delta": 0.743311}}
{"target": -11.192502595572384, "params": {"C": 45.94862645324643, "epsilon": 0.24481415832718045, "gamma": 0.09526496643070353}, "datetime": {"datetime": "2021-09-27 15:45:24", "elapsed": 66.632693, "delta": 0.72023}}
{"target": -20.918045743569238, "params": {"C": 46.22676588542991, "epsilon": 0.05874696199694512, "gamma": 0.9426732366236795}, "datetime": {"datetime": "2021-09-27 15:45:25", "elapsed": 67.425695, "delta": 0.793002}}
{"target": -12.260762990782899, "params": {"C": 46.27058767037585, "epsilon": 0.850855256477051, "gamma": 0.0028517667970581343}, "datetime": {"datetime": "2021-09-27 15:45:26", "elapsed": 68.0807, "delta": 0.655005}}
{"target": -10.68741146384133, "params": {"C": 45.222181398403926, "epsilon": 0.5733684741754392, "gamma": 0.03685577930004186}, "datetime": {"datetime": "2021-09-27 15:45:26", "elapsed": 68.812207, "delta": 0.731507}}
{"target": -14.932836202739738, "params": {"C": 24.948870161537425, "epsilon": 0.001, "gamma": 0.001}, "datetime": {"datetime": "2021-09-27 15:45:27", "elapsed": 69.455204, "delta": 0.642997}}
{"target": -14.04508617287814, "params": {"C": 45.24493225793555, "epsilon": 0.001, "gamma": 0.001}, "datetime": {"datetime": "2021-09-27 15:45:28", "elapsed": 70.147207, "delta": 0.692003}}
{"target": -16.758482119767752, "params": {"C": 45.695137979086894, "epsilon": 0.8395899083077503, "gamma": 0.39852890694895954}, "datetime": {"datetime": "2021-09-27 15:45:28", "elapsed": 70.806667, "delta": 0.65946}}
{"target": -14.15591076555166, "params": {"C": 40.33103153681422, "epsilon": 0.001, "gamma": 0.001}, "datetime": {"datetime": "2021-09-27 15:45:29", "elapsed": 71.515277, "delta": 0.70861}}
{"target": -13.616895489829908, "params": {"C": 88.31899529272458, "epsilon": 0.001, "gamma": 0.001}, "datetime": {"datetime": "2021-09-27 15:45:30", "elapsed": 72.114272, "delta": 0.598995}}
{"target": -14.643924905067864, "params": {"C": 33.45199564618896, "epsilon": 0.001, "gamma": 0.001}, "datetime": {"datetime": "2021-09-27 15:45:30", "elapsed": 72.787274, "delta": 0.673002}}
{"target": -13.784166496371961, "params": {"C": 76.70305194323684, "epsilon": 0.001, "gamma": 0.001}, "datetime": {"datetime": "2021-09-27 15:45:31", "elapsed": 73.654281, "delta": 0.867007}}
{"target": -13.81057840043988, "params": {"C": 88.0801529812865, "epsilon": 1.0, "gamma": 0.001}, "datetime": {"datetime": "2021-09-27 15:45:32", "elapsed": 74.409272, "delta": 0.754991}}
{"target": -10.784541882207064, "params": {"C": 82.58370586626513, "epsilon": 0.6697640515347172, "gamma": 0.0206185795534145}, "datetime": {"datetime": "2021-09-27 15:45:33", "elapsed": 75.299803, "delta": 0.890531}}
{"target": -13.50707566673893, "params": {"C": 95.61115253335912, "epsilon": 0.001, "gamma": 0.001}, "datetime": {"datetime": "2021-09-27 15:45:34", "elapsed": 76.063979, "delta": 0.764176}}
{"target": -13.825247082623143, "params": {"C": 81.06055730436248, "epsilon": 1.0, "gamma": 0.001}, "datetime": {"datetime": "2021-09-27 15:45:34", "elapsed": 76.871807, "delta": 0.807828}}
{"target": -14.082400327431971, "params": {"C": 42.88838422937913, "epsilon": 0.001, "gamma": 0.001}, "datetime": {"datetime": "2021-09-27 15:45:35", "elapsed": 77.521807, "delta": 0.65}}
{"target": -14.559779451563717, "params": {"C": 36.46945439032747, "epsilon": 1.0, "gamma": 0.001}, "datetime": {"datetime": "2021-09-27 15:45:36", "elapsed": 78.386847, "delta": 0.86504}}
{"target": -13.79207914900656, "params": {"C": 91.05207050168222, "epsilon": 1.0, "gamma": 0.001}, "datetime": {"datetime": "2021-09-27 15:45:37", "elapsed": 79.206557, "delta": 0.81971}}
{"target": -12.024350315910922, "params": {"C": 66.52664380465829, "epsilon": 0.9263888397584293, "gamma": 0.10336506313811533}, "datetime": {"datetime": "2021-09-27 15:45:37", "elapsed": 80.003553, "delta": 0.796996}}
{"target": -21.64149830307165, "params": {"C": 66.56086711437676, "epsilon": 0.8728672052157224, "gamma": 0.9591329084047228}, "datetime": {"datetime": "2021-09-27 15:45:38", "elapsed": 80.724143, "delta": 0.72059}}
{"target": -13.876140532759667, "params": {"C": 66.1928525309008, "epsilon": 0.16362756405482076, "gamma": 0.001}, "datetime": {"datetime": "2021-09-27 15:45:39", "elapsed": 81.784599, "delta": 1.060456}}
{"target": -14.37072059788973, "params": {"C": 35.973540980006035, "epsilon": 0.001, "gamma": 0.001}, "datetime": {"datetime": "2021-09-27 15:45:40", "elapsed": 82.830268, "delta": 1.045669}}
{"target": -20.6001834966215, "params": {"C": 91.30801606855755, "epsilon": 0.09730025795617261, "gamma": 0.8892549118704247}, "datetime": {"datetime": "2021-09-27 15:45:41", "elapsed": 83.625228, "delta": 0.79496}}
{"target": -13.632415490416658, "params": {"C": 87.36990986282349, "epsilon": 0.001, "gamma": 0.001}, "datetime": {"datetime": "2021-09-27 15:45:42", "elapsed": 84.368228, "delta": 0.743}}
{"target": -14.046651471733608, "params": {"C": 52.1182359035863, "epsilon": 0.38333793801460675, "gamma": 0.001}, "datetime": {"datetime": "2021-09-27 15:45:43", "elapsed": 85.224552, "delta": 0.856324}}
{"target": -11.008038609898433, "params": {"C": 53.25267577504017, "epsilon": 0.11845941235146117, "gamma": 0.008491086830059847}, "datetime": {"datetime": "2021-09-27 15:45:44", "elapsed": 86.106555, "delta": 0.882003}}
{"target": -14.184851907511911, "params": {"C": 53.604041032601, "epsilon": 0.7991658406180253, "gamma": 0.001}, "datetime": {"datetime": "2021-09-27 15:45:44", "elapsed": 86.840597, "delta": 0.734042}}
{"target": -11.799387603889375, "params": {"C": 51.233763523241784, "epsilon": 0.40003173764499966, "gamma": 0.003302370364239169}, "datetime": {"datetime": "2021-09-27 15:45:45", "elapsed": 87.8436, "delta": 1.003003}}
{"target": -10.488075348019326, "params": {"C": 48.70106785290572, "epsilon": 0.3126566731815189, "gamma": 0.05127769424817497}, "datetime": {"datetime": "2021-09-27 15:45:46", "elapsed": 88.954598, "delta": 1.110998}}
{"target": -10.914904898653377, "params": {"C": 95.29383615745373, "epsilon": 0.9707619516096007, "gamma": 0.05614613346372411}, "datetime": {"datetime": "2021-09-27 15:45:48", "elapsed": 90.205601, "delta": 1.251003}}
{"target": -19.612207419255657, "params": {"C": 95.64873164811986, "epsilon": 1.0, "gamma": 0.6847185411856008}, "datetime": {"datetime": "2021-09-27 15:45:48", "elapsed": 90.948854, "delta": 0.743253}}
{"target": -10.70772174415677, "params": {"C": 53.91185462476616, "epsilon": 0.014753198752501563, "gamma": 0.019386578460534473}, "datetime": {"datetime": "2021-09-27 15:45:49", "elapsed": 91.699462, "delta": 0.750608}}
{"target": -13.910263628795644, "params": {"C": 58.32289682441439, "epsilon": 0.001, "gamma": 0.001}, "datetime": {"datetime": "2021-09-27 15:45:50", "elapsed": 92.968667, "delta": 1.269205}}
{"target": -23.77780881080828, "params": {"C": 4.723022000044074, "epsilon": 0.9695661146253391, "gamma": 0.9786471258303633}, "datetime": {"datetime": "2021-09-27 15:45:51", "elapsed": 93.701663, "delta": 0.732996}}
{"target": -12.865475055853576, "params": {"C": 26.591369112028495, "epsilon": 0.03306268840743324, "gamma": 0.20709158356786128}, "datetime": {"datetime": "2021-09-27 15:45:52", "elapsed": 94.476664, "delta": 0.775001}}
{"target": -20.614452813769702, "params": {"C": 26.212680491709357, "epsilon": 0.061324552077299706, "gamma": 0.9049910284195464}, "datetime": {"datetime": "2021-09-27 15:45:53", "elapsed": 95.477991, "delta": 1.001327}}
{"target": -14.835522797985673, "params": {"C": 21.07874604025792, "epsilon": 0.001, "gamma": 0.001}, "datetime": {"datetime": "2021-09-27 15:45:54", "elapsed": 96.380866, "delta": 0.902875}}
{"target": -14.542804351487124, "params": {"C": 26.91525302689679, "epsilon": 0.7403851982006833, "gamma": 0.001148904500282373}, "datetime": {"datetime": "2021-09-27 15:45:55", "elapsed": 97.269256, "delta": 0.88839}}
{"target": -21.28001741074538, "params": {"C": 40.02164397321903, "epsilon": 0.06455841337036151, "gamma": 0.9979334895763399}, "datetime": {"datetime": "2021-09-27 15:45:56", "elapsed": 98.8894, "delta": 1.620144}}
{"target": -14.222355519243173, "params": {"C": 51.42155377068136, "epsilon": 1.0, "gamma": 0.001}, "datetime": {"datetime": "2021-09-27 15:45:58", "elapsed": 100.053962, "delta": 1.164562}}
{"target": -14.040464844100194, "params": {"C": 67.1828027779053, "epsilon": 1.0, "gamma": 0.001}, "datetime": {"datetime": "2021-09-27 15:45:59", "elapsed": 101.717671, "delta": 1.663709}}
{"target": -13.81626499879644, "params": {"C": 74.40366038464221, "epsilon": 0.001, "gamma": 0.001}, "datetime": {"datetime": "2021-09-27 15:46:00", "elapsed": 102.794939, "delta": 1.077268}}
{"target": -21.240720954739107, "params": {"C": 33.14794355253293, "epsilon": 0.001, "gamma": 1.0}, "datetime": {"datetime": "2021-09-27 15:46:01", "elapsed": 103.971938, "delta": 1.176999}}
{"target": -13.74676144773529, "params": {"C": 94.7600299146494, "epsilon": 1.0, "gamma": 0.001}, "datetime": {"datetime": "2021-09-27 15:46:02", "elapsed": 104.933939, "delta": 0.962001}}
{"target": -15.283263104876465, "params": {"C": 20.388689784775977, "epsilon": 1.0, "gamma": 0.001}, "datetime": {"datetime": "2021-09-27 15:46:03", "elapsed": 105.936938, "delta": 1.002999}}
{"target": -21.324088678476407, "params": {"C": 88.11730144859747, "epsilon": 0.001, "gamma": 1.0}, "datetime": {"datetime": "2021-09-27 15:46:04", "elapsed": 106.889117, "delta": 0.952179}}
{"target": -22.021313494247682, "params": {"C": 17.862951915480945, "epsilon": 0.9183563509460246, "gamma": 0.992133656725659}, "datetime": {"datetime": "2021-09-27 15:46:05", "elapsed": 107.910115, "delta": 1.020998}}
{"target": -13.879507898345162, "params": {"C": 76.58258185900026, "epsilon": 1.0, "gamma": 0.001}, "datetime": {"datetime": "2021-09-27 15:46:07", "elapsed": 109.232532, "delta": 1.322417}}
{"target": -12.108488249876311, "params": {"C": 69.27653102585676, "epsilon": 0.9468204995719915, "gamma": 0.0028921141662379083}, "datetime": {"datetime": "2021-09-27 15:46:08", "elapsed": 110.499846, "delta": 1.267314}}
{"target": -20.576252944826592, "params": {"C": 68.676652900992, "epsilon": 0.982560027184414, "gamma": 0.8063327480248723}, "datetime": {"datetime": "2021-09-27 15:46:09", "elapsed": 111.48616, "delta": 0.986314}}
{"target": -14.850035027398608, "params": {"C": 29.230193503247772, "epsilon": 0.001, "gamma": 0.001}, "datetime": {"datetime": "2021-09-27 15:46:10", "elapsed": 112.76069, "delta": 1.27453}}
{"target": -13.939911267886588, "params": {"C": 69.96140910349065, "epsilon": 0.912365296158093, "gamma": 0.001}, "datetime": {"datetime": "2021-09-27 15:46:12", "elapsed": 114.47522, "delta": 1.71453}}
{"target": -14.849710862383212, "params": {"C": 23.451871566123156, "epsilon": 0.44303177847309017, "gamma": 0.001}, "datetime": {"datetime": "2021-09-27 15:46:13", "elapsed": 115.762548, "delta": 1.287328}}
{"target": -13.918660203129276, "params": {"C": 55.74265384490555, "epsilon": 0.001, "gamma": 0.001}, "datetime": {"datetime": "2021-09-27 15:46:14", "elapsed": 116.861021, "delta": 1.098473}}
{"target": -16.222515049098913, "params": {"C": 24.219657663603027, "epsilon": 0.9834325572925443, "gamma": 0.37380773568945164}, "datetime": {"datetime": "2021-09-27 15:46:15", "elapsed": 117.884013, "delta": 1.022992}}
{"target": -16.487012567001603, "params": {"C": 8.66036549284006, "epsilon": 1.0, "gamma": 0.001}, "datetime": {"datetime": "2021-09-27 15:46:17", "elapsed": 119.240885, "delta": 1.356872}}
{"target": -13.7018378020619, "params": {"C": 83.27513971853578, "epsilon": 0.3570106307221541, "gamma": 0.001}, "datetime": {"datetime": "2021-09-27 15:46:18", "elapsed": 120.226881, "delta": 0.985996}}
{"target": -13.959371668750112, "params": {"C": 64.7594102350429, "epsilon": 0.3521196437154186, "gamma": 0.001}, "datetime": {"datetime": "2021-09-27 15:46:19", "elapsed": 121.44861, "delta": 1.221729}}
{"target": -11.422032367371523, "params": {"C": 44.81052518181352, "epsilon": 0.8047359876678015, "gamma": 0.007277059791224384}, "datetime": {"datetime": "2021-09-27 15:46:20", "elapsed": 122.799608, "delta": 1.350998}}
{"target": -11.365897068971213, "params": {"C": 49.67214742140474, "epsilon": 0.46445510332517165, "gamma": 0.0066834569797169716}, "datetime": {"datetime": "2021-09-27 15:46:21", "elapsed": 123.838615, "delta": 1.039007}}
{"target": -11.536856987679146, "params": {"C": 43.72350186722914, "epsilon": 0.04659825541103939, "gamma": 0.004724909128869154}, "datetime": {"datetime": "2021-09-27 15:46:22", "elapsed": 124.984762, "delta": 1.146147}}
{"target": -14.308788248821571, "params": {"C": 43.45232779482189, "epsilon": 0.8328856673990578, "gamma": 0.001}, "datetime": {"datetime": "2021-09-27 15:46:24", "elapsed": 126.036671, "delta": 1.051909}}
{"target": -10.491208588984206, "params": {"C": 44.47446951375734, "epsilon": 0.055967166483674745, "gamma": 0.052665368216715004}, "datetime": {"datetime": "2021-09-27 15:46:25", "elapsed": 127.439898, "delta": 1.403227}}
{"target": -20.71050253155612, "params": {"C": 43.18022466215853, "epsilon": 0.01890625680675854, "gamma": 0.9170527185158981}, "datetime": {"datetime": "2021-09-27 15:46:26", "elapsed": 128.3979, "delta": 0.958002}}
{"target": -14.273223410315197, "params": {"C": 44.20687079585506, "epsilon": 0.4586332176599269, "gamma": 0.001}, "datetime": {"datetime": "2021-09-27 15:46:27", "elapsed": 129.682047, "delta": 1.284147}}
{"target": -16.823022762077997, "params": {"C": 71.20740847773595, "epsilon": 0.46168060561794877, "gamma": 0.4387470366205025}, "datetime": {"datetime": "2021-09-27 15:46:28", "elapsed": 130.370732, "delta": 0.688685}}
{"target": -18.86660322431996, "params": {"C": 87.37024196152446, "epsilon": 0.24491629813151738, "gamma": 0.6412029223087381}, "datetime": {"datetime": "2021-09-27 15:46:29", "elapsed": 131.360238, "delta": 0.989506}}
{"target": -10.968888792494509, "params": {"C": 80.81088268500791, "epsilon": 0.010780098028918047, "gamma": 0.011094773144840444}, "datetime": {"datetime": "2021-09-27 15:46:31", "elapsed": 133.06061, "delta": 1.700372}}
{"target": -13.5262782893226, "params": {"C": 94.12442255361714, "epsilon": 0.001, "gamma": 0.001}, "datetime": {"datetime": "2021-09-27 15:46:32", "elapsed": 134.48461, "delta": 1.424}}
{"target": -14.029129326477307, "params": {"C": 46.40094571754566, "epsilon": 0.001, "gamma": 0.001}, "datetime": {"datetime": "2021-09-27 15:46:34", "elapsed": 136.076998, "delta": 1.592388}}
{"target": -20.77501390104345, "params": {"C": 72.86597090231547, "epsilon": 0.014336757136191449, "gamma": 0.9156491550291772}, "datetime": {"datetime": "2021-09-27 15:46:35", "elapsed": 137.78813, "delta": 1.711132}}
{"target": -21.168147638272497, "params": {"C": 36.21586345732316, "epsilon": 0.03515574005838374, "gamma": 0.986078806853142}, "datetime": {"datetime": "2021-09-27 15:46:37", "elapsed": 139.154411, "delta": 1.366281}}
{"target": -16.618144172800918, "params": {"C": 49.11901617365221, "epsilon": 1.0, "gamma": 0.36509250693600187}, "datetime": {"datetime": "2021-09-27 15:46:38", "elapsed": 140.336413, "delta": 1.182002}}
{"target": -18.48598755761319, "params": {"C": 81.27710626137807, "epsilon": 0.0032262692417449296, "gamma": 0.6218333205474703}, "datetime": {"datetime": "2021-09-27 15:46:39", "elapsed": 141.732214, "delta": 1.395801}}
{"target": -18.389260979221504, "params": {"C": 53.89969789558952, "epsilon": 0.021808365387687236, "gamma": 0.626470353163365}, "datetime": {"datetime": "2021-09-27 15:46:41", "elapsed": 143.473661, "delta": 1.741447}}
{"target": -13.810293380024621, "params": {"C": 86.76993391934774, "epsilon": 1.0, "gamma": 0.001}, "datetime": {"datetime": "2021-09-27 15:46:42", "elapsed": 144.604688, "delta": 1.131027}}
{"target": -14.6999180093079, "params": {"C": 33.46529223385618, "epsilon": 1.0, "gamma": 0.001}, "datetime": {"datetime": "2021-09-27 15:46:43", "elapsed": 145.946494, "delta": 1.341806}}
{"target": -21.019977372831995, "params": {"C": 59.77253436786255, "epsilon": 0.37140155555174703, "gamma": 0.9377540422765144}, "datetime": {"datetime": "2021-09-27 15:46:44", "elapsed": 146.956938, "delta": 1.010444}}
{"target": -10.558628535572385, "params": {"C": 79.04268521299461, "epsilon": 0.0032485685853432798, "gamma": 0.033620738723180534}, "datetime": {"datetime": "2021-09-27 15:46:47", "elapsed": 149.269841, "delta": 2.312903}}
{"target": -11.03688169113461, "params": {"C": 78.40595987883302, "epsilon": 0.3138189203875202, "gamma": 0.008697351403018687}, "datetime": {"datetime": "2021-09-27 15:46:48", "elapsed": 150.759841, "delta": 1.49}}
{"target": -10.782479638569946, "params": {"C": 79.06689939271176, "epsilon": 0.7039812446605549, "gamma": 0.025101188515806373}, "datetime": {"datetime": "2021-09-27 15:46:50", "elapsed": 152.448946, "delta": 1.689105}}
{"target": -17.62490216925615, "params": {"C": 78.75748261555492, "epsilon": 0.001, "gamma": 0.5409455962671033}, "datetime": {"datetime": "2021-09-27 15:46:51", "elapsed": 153.935942, "delta": 1.486996}}
{"target": -13.770952798907244, "params": {"C": 77.68844731762705, "epsilon": 0.001, "gamma": 0.001}, "datetime": {"datetime": "2021-09-27 15:46:53", "elapsed": 155.453823, "delta": 1.517881}}
{"target": -10.480600190536219, "params": {"C": 79.66359213138962, "epsilon": 0.48229442847581394, "gamma": 0.05319639092709793}, "datetime": {"datetime": "2021-09-27 15:46:54", "elapsed": 156.774824, "delta": 1.321001}}
