{"target": -2.0564326639670245, "params": {"C": 215.75236469432593, "epsilon": 0.2103356025143906, "gamma": 0.06262594105735247}, "datetime": {"datetime": "2021-09-19 09:41:24", "elapsed": 310.36476, "delta": 2.568753}}
{"target": -2.0056609069973432, "params": {"C": 353.6215263131627, "epsilon": 0.1695775448261626, "gamma": 0.025897020609595037}, "datetime": {"datetime": "2021-09-19 09:41:26", "elapsed": 313.00939, "delta": 2.64463}}
{"target": -2.0647914335748223, "params": {"C": 353.6936952255683, "epsilon": 0.09699890254488867, "gamma": 0.059682474455145254}, "datetime": {"datetime": "2021-09-19 09:41:28", "elapsed": 314.84069, "delta": 1.8313}}
{"target": -2.6218483806391553, "params": {"C": 386.0984404224943, "epsilon": 0.2788897173909049, "gamma": 0.1357457974502814}, "datetime": {"datetime": "2021-09-19 09:41:29", "elapsed": 316.043807, "delta": 1.203117}}
{"target": -2.0353371551866295, "params": {"C": 306.6252490240199, "epsilon": 0.011617439957864965, "gamma": 0.020627911107591157}, "datetime": {"datetime": "2021-09-19 09:41:31", "elapsed": 318.159132, "delta": 2.115325}}
{"target": -2.408792474314477, "params": {"C": 353.57149524197985, "epsilon": 0.13966761583031162, "gamma": 0.10413059367482715}, "datetime": {"datetime": "2021-09-19 09:41:33", "elapsed": 319.958197, "delta": 1.799065}}
{"target": -1.980296389338777, "params": {"C": 353.7039983099371, "epsilon": 0.20445002767189258, "gamma": 0.022983471992338404}, "datetime": {"datetime": "2021-09-19 09:41:35", "elapsed": 321.696568, "delta": 1.738371}}
{"target": -2.062120761925147, "params": {"C": 329.074164463364, "epsilon": 0.2689678184348944, "gamma": 0.05208576503063979}, "datetime": {"datetime": "2021-09-19 09:41:36", "elapsed": 322.965696, "delta": 1.269128}}
{"target": -2.039702423420487, "params": {"C": 209.5708769498615, "epsilon": 0.3, "gamma": 0.02}, "datetime": {"datetime": "2021-09-19 09:41:39", "elapsed": 325.703609, "delta": 2.737913}}
{"target": -2.509976037971883, "params": {"C": 275.43949333771576, "epsilon": 0.10051770874471036, "gamma": 0.1283182020259528}, "datetime": {"datetime": "2021-09-19 09:41:40", "elapsed": 326.862206, "delta": 1.158597}}
{"target": -2.009611818126569, "params": {"C": 306.8884549992574, "epsilon": 0.03330156060304122, "gamma": 0.022527553708900687}, "datetime": {"datetime": "2021-09-19 09:41:43", "elapsed": 329.428853, "delta": 2.566647}}
{"target": -2.0006933567825897, "params": {"C": 395.2746246077409, "epsilon": 0.1917028930853006, "gamma": 0.02}, "datetime": {"datetime": "2021-09-19 09:41:45", "elapsed": 331.307379, "delta": 1.878526}}
{"target": -2.4547200043627924, "params": {"C": 395.25743146380137, "epsilon": 0.270903621176492, "gamma": 0.1028768910220502}, "datetime": {"datetime": "2021-09-19 09:41:47", "elapsed": 333.816941, "delta": 2.509562}}
{"target": -2.2673658006061705, "params": {"C": 205.1773968248417, "epsilon": 0.029719568100021007, "gamma": 0.10416532231505624}, "datetime": {"datetime": "2021-09-19 09:41:50", "elapsed": 336.329751, "delta": 2.51281}}
{"target": -2.24022507066533, "params": {"C": 232.74591208131795, "epsilon": 0.032316112085187365, "gamma": 0.09781332535818335}, "datetime": {"datetime": "2021-09-19 09:41:51", "elapsed": 337.517209, "delta": 1.187458}}
{"target": -2.0290718843743023, "params": {"C": 362.77195539313755, "epsilon": 0.08663195875754044, "gamma": 0.02}, "datetime": {"datetime": "2021-09-19 09:41:54", "elapsed": 341.213097, "delta": 3.695888}}
{"target": -2.047879302623662, "params": {"C": 395.37628973331175, "epsilon": 0.07144770604188484, "gamma": 0.04851324293952108}, "datetime": {"datetime": "2021-09-19 09:41:57", "elapsed": 344.177589, "delta": 2.964492}}
{"target": -2.038377231919989, "params": {"C": 353.4519872011768, "epsilon": 0.002, "gamma": 0.02}, "datetime": {"datetime": "2021-09-19 09:41:59", "elapsed": 346.203421, "delta": 2.025832}}
{"target": -2.2323637021219205, "params": {"C": 353.83410295981946, "epsilon": 0.2049523083664384, "gamma": 0.08220398526037374}, "datetime": {"datetime": "2021-09-19 09:42:01", "elapsed": 348.233625, "delta": 2.030204}}
{"target": -2.0216753584269815, "params": {"C": 396.5067352797138, "epsilon": 0.0453311258402013, "gamma": 0.02}, "datetime": {"datetime": "2021-09-19 09:42:04", "elapsed": 351.211358, "delta": 2.977733}}
{"target": -2.086131148640503, "params": {"C": 396.5790316919439, "epsilon": 0.1612817429986672, "gamma": 0.06175723571846045}, "datetime": {"datetime": "2021-09-19 09:42:07", "elapsed": 353.522211, "delta": 2.310853}}
{"target": -2.5363017767138962, "params": {"C": 396.4827017039894, "epsilon": 0.06514225004973874, "gamma": 0.1180219312575789}, "datetime": {"datetime": "2021-09-19 09:42:10", "elapsed": 356.760786, "delta": 3.238575}}
{"target": -1.9896676783083194, "params": {"C": 215.64881125110975, "epsilon": 0.04037090630978652, "gamma": 0.027030154225382325}, "datetime": {"datetime": "2021-09-19 09:42:13", "elapsed": 359.823402, "delta": 3.062616}}
{"target": -2.357143737056043, "params": {"C": 370.2850896611898, "epsilon": 0.0696747775999463, "gamma": 0.09731303117532189}, "datetime": {"datetime": "2021-09-19 09:42:14", "elapsed": 361.145263, "delta": 1.321861}}
{"target": -2.486399155442372, "params": {"C": 253.70301563081983, "epsilon": 0.1677068492802715, "gamma": 0.12601856070551182}, "datetime": {"datetime": "2021-09-19 09:42:16", "elapsed": 362.486523, "delta": 1.34126}}
{"target": -1.9958922104616956, "params": {"C": 204.97493120842813, "epsilon": 0.0424696115726987, "gamma": 0.03060443815930717}, "datetime": {"datetime": "2021-09-19 09:42:18", "elapsed": 364.620463, "delta": 2.13394}}
{"target": -2.1003092695661962, "params": {"C": 235.90410432023833, "epsilon": 0.2505783712593617, "gamma": 0.07077115205013922}, "datetime": {"datetime": "2021-09-19 09:42:19", "elapsed": 365.91734, "delta": 1.296877}}
{"target": -1.965317868963837, "params": {"C": 205.00950161774836, "epsilon": 0.14550228385003736, "gamma": 0.028222147851823472}, "datetime": {"datetime": "2021-09-19 09:42:21", "elapsed": 367.863902, "delta": 1.946562}}
{"target": -2.5409515937097575, "params": {"C": 205.01073527160645, "epsilon": 0.12699365551406075, "gamma": 0.14659285652971876}, "datetime": {"datetime": "2021-09-19 09:42:24", "elapsed": 370.785687, "delta": 2.921785}}
{"target": -2.0853229431946696, "params": {"C": 215.54252406618988, "epsilon": 0.014614444233744311, "gamma": 0.07182618264290878}, "datetime": {"datetime": "2021-09-19 09:42:26", "elapsed": 373.021536, "delta": 2.235849}}
{"target": -2.0025721951394884, "params": {"C": 265.9223609156708, "epsilon": 0.10683838427378692, "gamma": 0.029232970670706425}, "datetime": {"datetime": "2021-09-19 09:42:28", "elapsed": 375.246345, "delta": 2.224809}}
{"target": -2.0222249439856896, "params": {"C": 204.95528408834443, "epsilon": 0.2273505296407709, "gamma": 0.021551491755720263}, "datetime": {"datetime": "2021-09-19 09:42:30", "elapsed": 377.124178, "delta": 1.877833}}
{"target": -2.2105968342846487, "params": {"C": 203.63218571215543, "epsilon": 0.13322333234966632, "gamma": 0.09566034648352059}, "datetime": {"datetime": "2021-09-19 09:42:32", "elapsed": 378.376189, "delta": 1.252011}}
{"target": -1.9677902648368315, "params": {"C": 240.80027059839247, "epsilon": 0.1502726765346268, "gamma": 0.03646949281363952}, "datetime": {"datetime": "2021-09-19 09:42:33", "elapsed": 379.659358, "delta": 1.283169}}
{"target": -2.472141610052667, "params": {"C": 265.9364230071932, "epsilon": 0.21990792267383563, "gamma": 0.12044058325004157}, "datetime": {"datetime": "2021-09-19 09:42:35", "elapsed": 382.022523, "delta": 2.363165}}
{"target": -2.6161274729753927, "params": {"C": 281.7633110735429, "epsilon": 0.005779734792812206, "gamma": 0.1482194925321399}, "datetime": {"datetime": "2021-09-19 09:42:37", "elapsed": 383.358028, "delta": 1.335505}}
{"target": -2.0100159926599006, "params": {"C": 265.937248530764, "epsilon": 0.015203286120897544, "gamma": 0.026206197165901682}, "datetime": {"datetime": "2021-09-19 09:42:39", "elapsed": 386.033397, "delta": 2.675369}}
{"target": -2.009366604707689, "params": {"C": 382.8837769470316, "epsilon": 0.10279424618224815, "gamma": 0.03876547346043466}, "datetime": {"datetime": "2021-09-19 09:42:41", "elapsed": 387.442643, "delta": 1.409246}}
{"target": -2.0483773890664603, "params": {"C": 382.97360484221883, "epsilon": 0.020525318545905884, "gamma": 0.026200175893578672}, "datetime": {"datetime": "2021-09-19 09:42:43", "elapsed": 390.26229, "delta": 2.819647}}
{"target": -2.489614555848741, "params": {"C": 382.97010536220205, "epsilon": 0.13584890066826777, "gamma": 0.11123479705599709}, "datetime": {"datetime": "2021-09-19 09:42:45", "elapsed": 392.139298, "delta": 1.877008}}
{"target": -1.971720505444166, "params": {"C": 396.4357884496626, "epsilon": 0.2900129611492141, "gamma": 0.027861352182175832}, "datetime": {"datetime": "2021-09-19 09:42:48", "elapsed": 394.411042, "delta": 2.271744}}
{"target": -2.0951193081408084, "params": {"C": 211.6651366492188, "epsilon": 0.13960892730062194, "gamma": 0.07602627738575764}, "datetime": {"datetime": "2021-09-19 09:42:49", "elapsed": 395.837022, "delta": 1.42598}}
{"target": -2.0423989923994945, "params": {"C": 382.8589425120838, "epsilon": 0.019451454136865984, "gamma": 0.025424102155773287}, "datetime": {"datetime": "2021-09-19 09:42:51", "elapsed": 398.138604, "delta": 2.301582}}
{"target": -1.9796212640192912, "params": {"C": 204.86863292997742, "epsilon": 0.14691126796648069, "gamma": 0.026034488149176253}, "datetime": {"datetime": "2021-09-19 09:42:54", "elapsed": 400.620291, "delta": 2.481687}}
{"target": -2.501840432575711, "params": {"C": 242.6232339482381, "epsilon": 0.111415790509155, "gamma": 0.13231760187210537}, "datetime": {"datetime": "2021-09-19 09:42:55", "elapsed": 402.026502, "delta": 1.406211}}
{"target": -1.9994167536214993, "params": {"C": 396.5541930781201, "epsilon": 0.2785364165911614, "gamma": 0.03566932689924045}, "datetime": {"datetime": "2021-09-19 09:42:58", "elapsed": 404.894794, "delta": 2.868292}}
{"target": -1.9623510290025636, "params": {"C": 240.580724776351, "epsilon": 0.190088683632478, "gamma": 0.03172593980879661}, "datetime": {"datetime": "2021-09-19 09:43:01", "elapsed": 407.841818, "delta": 2.947024}}
{"target": -2.548210337661166, "params": {"C": 211.859929820885, "epsilon": 0.28612760252797864, "gamma": 0.1449042277435222}, "datetime": {"datetime": "2021-09-19 09:43:02", "elapsed": 409.235869, "delta": 1.394051}}
{"target": -1.9960097840460065, "params": {"C": 380.8526963564308, "epsilon": 0.1519021075161829, "gamma": 0.029820688803142096}, "datetime": {"datetime": "2021-09-19 09:43:06", "elapsed": 412.308129, "delta": 3.07226}}
{"target": -2.118483877471159, "params": {"C": 380.7145431576145, "epsilon": 0.11198303093204995, "gamma": 0.06878688559939965}, "datetime": {"datetime": "2021-09-19 09:43:09", "elapsed": 415.549483, "delta": 3.241354}}
{"target": -2.614541123799556, "params": {"C": 380.94900859692234, "epsilon": 0.1483857261837216, "gamma": 0.13114263414819366}, "datetime": {"datetime": "2021-09-19 09:43:12", "elapsed": 418.431574, "delta": 2.882091}}
{"target": -2.5541831735916096, "params": {"C": 240.19082637462935, "epsilon": 0.12800844295924718, "gamma": 0.14092749501817042}, "datetime": {"datetime": "2021-09-19 09:43:13", "elapsed": 419.855886, "delta": 1.424312}}
{"target": -2.0624648887218537, "params": {"C": 204.83907986718694, "epsilon": 0.02337832040562238, "gamma": 0.02}, "datetime": {"datetime": "2021-09-19 09:43:17", "elapsed": 423.725669, "delta": 3.869783}}
{"target": -1.958896581499075, "params": {"C": 233.16257061435635, "epsilon": 0.25606891955859873, "gamma": 0.03771347448247447}, "datetime": {"datetime": "2021-09-19 09:43:18", "elapsed": 425.150245, "delta": 1.424576}}
{"target": -2.3403676753018696, "params": {"C": 233.24345069836306, "epsilon": 0.2261512018826871, "gamma": 0.10688482732598886}, "datetime": {"datetime": "2021-09-19 09:43:21", "elapsed": 427.652704, "delta": 2.502459}}
{"target": -2.0261445520287804, "params": {"C": 233.05348908199912, "epsilon": 0.24384796539868808, "gamma": 0.056467572903704175}, "datetime": {"datetime": "2021-09-19 09:43:23", "elapsed": 430.158687, "delta": 2.505983}}
{"target": -1.953436979664798, "params": {"C": 204.77131820782427, "epsilon": 0.22136242591364919, "gamma": 0.036126898531689475}, "datetime": {"datetime": "2021-09-19 09:43:26", "elapsed": 433.152654, "delta": 2.993967}}
{"target": -2.0879908190614302, "params": {"C": 204.68564964800555, "epsilon": 0.14020820979635887, "gamma": 0.0707240382616996}, "datetime": {"datetime": "2021-09-19 09:43:30", "elapsed": 436.496112, "delta": 3.343458}}
{"target": -2.541054121741542, "params": {"C": 204.78287462784323, "epsilon": 0.23923036291708089, "gamma": 0.14403724251220476}, "datetime": {"datetime": "2021-09-19 09:43:32", "elapsed": 438.964189, "delta": 2.468077}}
{"target": -1.996793664148438, "params": {"C": 233.09798310914744, "epsilon": 0.10848033393837227, "gamma": 0.024288776098598037}, "datetime": {"datetime": "2021-09-19 09:43:35", "elapsed": 441.8814, "delta": 2.917211}}
{"target": -2.4600508639139624, "params": {"C": 222.24635369772824, "epsilon": 0.1592415526576269, "gamma": 0.12692700031989912}, "datetime": {"datetime": "2021-09-19 09:43:37", "elapsed": 443.369755, "delta": 1.488355}}
{"target": -2.208677883836186, "params": {"C": 382.7229081233352, "epsilon": 0.1131678241228362, "gamma": 0.078621113416027}, "datetime": {"datetime": "2021-09-19 09:43:39", "elapsed": 446.264624, "delta": 2.894869}}
{"target": -1.9721458303274577, "params": {"C": 232.9854024342655, "epsilon": 0.14377402601553166, "gamma": 0.025626934582129626}, "datetime": {"datetime": "2021-09-19 09:43:43", "elapsed": 449.556316, "delta": 3.291692}}
{"target": -1.994694532781483, "params": {"C": 232.98720458246152, "epsilon": 0.018304191381843596, "gamma": 0.033408699244208404}, "datetime": {"datetime": "2021-09-19 09:43:45", "elapsed": 452.096587, "delta": 2.540271}}
{"target": -2.249487569342708, "params": {"C": 233.04677153491917, "epsilon": 0.12002704057582986, "gamma": 0.09764925206359555}, "datetime": {"datetime": "2021-09-19 09:43:48", "elapsed": 454.624831, "delta": 2.528244}}
{"target": -2.0021063544138147, "params": {"C": 232.87383169244197, "epsilon": 0.17849666233765876, "gamma": 0.050279260751554505}, "datetime": {"datetime": "2021-09-19 09:43:50", "elapsed": 457.014922, "delta": 2.390091}}
{"target": -2.434263617331771, "params": {"C": 364.50683319945347, "epsilon": 0.11537131828767648, "gamma": 0.10718787315273959}, "datetime": {"datetime": "2021-09-19 09:43:54", "elapsed": 460.540119, "delta": 3.525197}}
{"target": -2.218669244307342, "params": {"C": 232.92681142285025, "epsilon": 0.28987307822871056, "gamma": 0.09057721424254739}, "datetime": {"datetime": "2021-09-19 09:43:57", "elapsed": 463.501436, "delta": 2.961317}}
{"target": -2.371749982088183, "params": {"C": 299.720783414725, "epsilon": 0.03553791484936098, "gamma": 0.10659022975659116}, "datetime": {"datetime": "2021-09-19 09:44:00", "elapsed": 466.301691, "delta": 2.800255}}
{"target": -1.9726787296943311, "params": {"C": 232.89305734566634, "epsilon": 0.07341612918135801, "gamma": 0.03461182952924599}, "datetime": {"datetime": "2021-09-19 09:44:03", "elapsed": 469.949484, "delta": 3.647793}}
{"target": -2.2241109518829596, "params": {"C": 299.90233726586933, "epsilon": 0.1846438216556286, "gamma": 0.08664576093974537}, "datetime": {"datetime": "2021-09-19 09:44:06", "elapsed": 472.311746, "delta": 2.362262}}
{"target": -1.9733850801564798, "params": {"C": 239.53211930468336, "epsilon": 0.2139612272784768, "gamma": 0.039806369733800376}, "datetime": {"datetime": "2021-09-19 09:44:08", "elapsed": 475.0848, "delta": 2.773054}}
{"target": -2.0061822028648635, "params": {"C": 239.44917831276223, "epsilon": 0.14139640408731893, "gamma": 0.05300278735987253}, "datetime": {"datetime": "2021-09-19 09:44:11", "elapsed": 477.540095, "delta": 2.455295}}
{"target": -2.14993654904564, "params": {"C": 239.58162446377142, "epsilon": 0.08571750536255733, "gamma": 0.08441204265682851}, "datetime": {"datetime": "2021-09-19 09:44:15", "elapsed": 481.2894, "delta": 3.749305}}
{"target": -2.1160718722775793, "params": {"C": 239.32538531025227, "epsilon": 0.20090122694997914, "gamma": 0.07755116511230076}, "datetime": {"datetime": "2021-09-19 09:44:18", "elapsed": 484.43388, "delta": 3.14448}}
{"target": -2.57322005054482, "params": {"C": 239.60163156472572, "epsilon": 0.2300856674106782, "gamma": 0.1434435963012036}, "datetime": {"datetime": "2021-09-19 09:44:20", "elapsed": 487.17322, "delta": 2.73934}}
{"target": -1.9925682978934318, "params": {"C": 240.90694269161116, "epsilon": 0.04484761915490504, "gamma": 0.046525273729679725}, "datetime": {"datetime": "2021-09-19 09:44:23", "elapsed": 490.271966, "delta": 3.098746}}
{"target": -2.0137150242561526, "params": {"C": 204.6211443593472, "epsilon": 0.26591057911724136, "gamma": 0.022111521072933193}, "datetime": {"datetime": "2021-09-19 09:44:27", "elapsed": 493.323025, "delta": 3.051059}}
{"target": -2.0050767151807802, "params": {"C": 300.986788724621, "epsilon": 0.2342553171425521, "gamma": 0.04797441636724922}, "datetime": {"datetime": "2021-09-19 09:44:28", "elapsed": 494.858136, "delta": 1.535111}}
{"target": -1.9947921859941318, "params": {"C": 300.87951885284224, "epsilon": 0.1621913506312664, "gamma": 0.036258777144510757}, "datetime": {"datetime": "2021-09-19 09:44:32", "elapsed": 498.366773, "delta": 3.508637}}
{"target": -2.148598558649079, "params": {"C": 300.9924246138409, "epsilon": 0.1203040194275086, "gamma": 0.07794888812221294}, "datetime": {"datetime": "2021-09-19 09:44:34", "elapsed": 500.984035, "delta": 2.617262}}
{"target": -2.534790702956588, "params": {"C": 299.6518785512193, "epsilon": 0.23315821484477822, "gamma": 0.12471241522576103}, "datetime": {"datetime": "2021-09-19 09:44:36", "elapsed": 502.499696, "delta": 1.515661}}
{"target": -2.6256479059145663, "params": {"C": 300.81203283793457, "epsilon": 0.14629508179466869, "gamma": 0.1454751724087292}, "datetime": {"datetime": "2021-09-19 09:44:38", "elapsed": 505.054593, "delta": 2.554897}}
{"target": -2.035910578923458, "params": {"C": 396.2776128434618, "epsilon": 0.016520381052856137, "gamma": 0.024026794021109122}, "datetime": {"datetime": "2021-09-19 09:44:41", "elapsed": 507.96029, "delta": 2.905697}}
{"target": -2.088976269294409, "params": {"C": 299.9526095010542, "epsilon": 0.012045702376370896, "gamma": 0.06809104031463231}, "datetime": {"datetime": "2021-09-19 09:44:45", "elapsed": 511.369369, "delta": 3.409079}}
{"target": -2.38942112270156, "params": {"C": 253.18660645779582, "epsilon": 0.18167783400624515, "gamma": 0.10975804453955781}, "datetime": {"datetime": "2021-09-19 09:44:46", "elapsed": 512.931643, "delta": 1.562274}}
{"target": -2.0271164296754582, "params": {"C": 353.63778474437356, "epsilon": 0.29651876269655736, "gamma": 0.047562442263597265}, "datetime": {"datetime": "2021-09-19 09:44:49", "elapsed": 515.852186, "delta": 2.920543}}
{"target": -2.526708679187742, "params": {"C": 344.42576027397166, "epsilon": 0.027459654845858036, "gamma": 0.12309025044362729}, "datetime": {"datetime": "2021-09-19 09:44:51", "elapsed": 517.502266, "delta": 1.65008}}
{"target": -2.402140549089031, "params": {"C": 342.45982984775947, "epsilon": 0.12758955577678896, "gamma": 0.10451743789806753}, "datetime": {"datetime": "2021-09-19 09:44:52", "elapsed": 519.071782, "delta": 1.569516}}
{"target": -1.9654131318855188, "params": {"C": 300.9059483786812, "epsilon": 0.24359354914361545, "gamma": 0.02401985747635662}, "datetime": {"datetime": "2021-09-19 09:44:55", "elapsed": 521.800017, "delta": 2.728235}}
{"target": -2.048802350246854, "params": {"C": 204.53180216779262, "epsilon": 0.16599920734733198, "gamma": 0.02}, "datetime": {"datetime": "2021-09-19 09:44:59", "elapsed": 525.823556, "delta": 4.023539}}
{"target": -2.0572767083051247, "params": {"C": 225.55668492056486, "epsilon": 0.14979635283186188, "gamma": 0.06236750705964529}, "datetime": {"datetime": "2021-09-19 09:45:02", "elapsed": 528.676307, "delta": 2.852751}}
{"target": -2.0090774073213553, "params": {"C": 342.31990392430487, "epsilon": 0.28132462343152403, "gamma": 0.04603431053811702}, "datetime": {"datetime": "2021-09-19 09:45:04", "elapsed": 530.312077, "delta": 1.63577}}
{"target": -2.0125187861048577, "params": {"C": 266.07149761653386, "epsilon": 0.06237419705350735, "gamma": 0.029125483576538283}, "datetime": {"datetime": "2021-09-19 09:45:07", "elapsed": 533.981402, "delta": 3.669325}}
{"target": -1.9995626774731734, "params": {"C": 342.17169870885243, "epsilon": 0.2597203170848926, "gamma": 0.044563917008098086}, "datetime": {"datetime": "2021-09-19 09:45:11", "elapsed": 537.682625, "delta": 3.701223}}
{"target": -2.6064818522976454, "params": {"C": 342.1059359534257, "epsilon": 0.2110347162746718, "gamma": 0.13372680496646164}, "datetime": {"datetime": "2021-09-19 09:45:14", "elapsed": 540.457192, "delta": 2.774567}}
{"target": -2.477362508412759, "params": {"C": 372.87129727472137, "epsilon": 0.18556073859095218, "gamma": 0.1093057585788935}, "datetime": {"datetime": "2021-09-19 09:45:15", "elapsed": 542.108721, "delta": 1.651529}}
{"target": -2.077366858430466, "params": {"C": 284.59997199307054, "epsilon": 0.10400971129480889, "gamma": 0.06662368652361224}, "datetime": {"datetime": "2021-09-19 09:45:17", "elapsed": 543.742626, "delta": 1.633905}}
{"target": -2.245254278274316, "params": {"C": 225.7153192203853, "epsilon": 0.15180745166967458, "gamma": 0.09735722923822945}, "datetime": {"datetime": "2021-09-19 09:45:21", "elapsed": 547.796573, "delta": 4.053947}}
{"target": -2.0095561333996335, "params": {"C": 266.2078640053925, "epsilon": 0.0730600850440911, "gamma": 0.029207205675664843}, "datetime": {"datetime": "2021-09-19 09:45:25", "elapsed": 551.366594, "delta": 3.570021}}
