{"target": -2.021296059989153, "params": {"C": 141.13135830672542, "epsilon": 0.25173455894953123, "gamma": 0.025837617095296198}, "datetime": {"datetime": "2021-09-19 09:23:30", "elapsed": 315.672183, "delta": 2.713457}}
{"target": -2.35261922941304, "params": {"C": 131.49172133574368, "epsilon": 0.10051770874471036, "gamma": 0.1283182020259528}, "datetime": {"datetime": "2021-09-19 09:23:31", "elapsed": 316.859192, "delta": 1.187009}}
{"target": -2.1332071896681852, "params": {"C": 95.88775476401815, "epsilon": 0.1621576988415867, "gamma": 0.09178647337868436}, "datetime": {"datetime": "2021-09-19 09:23:33", "elapsed": 318.899338, "delta": 2.040146}}
{"target": -2.05827713240918, "params": {"C": 197.36699923337852, "epsilon": 0.10780895382713876, "gamma": 0.02}, "datetime": {"datetime": "2021-09-19 09:23:35", "elapsed": 320.615827, "delta": 1.716489}}
{"target": -1.9573276689216488, "params": {"C": 141.2407732621868, "epsilon": 0.11977780823877322, "gamma": 0.04224804492244186}, "datetime": {"datetime": "2021-09-19 09:23:37", "elapsed": 322.783318, "delta": 2.167491}}
{"target": -1.943315270380717, "params": {"C": 95.84438472176252, "epsilon": 0.10474107424325546, "gamma": 0.056587158038314475}, "datetime": {"datetime": "2021-09-19 09:23:39", "elapsed": 324.450658, "delta": 1.66734}}
{"target": -2.1736953632125675, "params": {"C": 108.01025164472486, "epsilon": 0.032316112085187365, "gamma": 0.09781332535818335}, "datetime": {"datetime": "2021-09-19 09:23:40", "elapsed": 325.621551, "delta": 1.170893}}
{"target": -1.9983709751050096, "params": {"C": 141.30306237621988, "epsilon": 0.120322627522973, "gamma": 0.02958211165300719}, "datetime": {"datetime": "2021-09-19 09:23:43", "elapsed": 328.89711, "delta": 3.275559}}
{"target": -2.0743966014946675, "params": {"C": 95.7721321908932, "epsilon": 0.11512795393126893, "gamma": 0.08401442316108237}, "datetime": {"datetime": "2021-09-19 09:23:46", "elapsed": 331.57476, "delta": 2.67765}}
{"target": -2.1205322127731074, "params": {"C": 141.2817096596658, "epsilon": 0.13269399264506154, "gamma": 0.08044606178449942}, "datetime": {"datetime": "2021-09-19 09:23:48", "elapsed": 334.028686, "delta": 2.453926}}
{"target": -1.9349734431062784, "params": {"C": 95.9175182500599, "epsilon": 0.06775881469527849, "gamma": 0.052899004148794115}, "datetime": {"datetime": "2021-09-19 09:23:51", "elapsed": 336.283507, "delta": 2.254821}}
{"target": -1.9570800803438333, "params": {"C": 95.86890932919829, "epsilon": 0.05416554082102852, "gamma": 0.06680238435805111}, "datetime": {"datetime": "2021-09-19 09:23:54", "elapsed": 339.570414, "delta": 3.286907}}
{"target": -2.292616828807629, "params": {"C": 95.86552837545273, "epsilon": 0.04053710542691931, "gamma": 0.12668698988118773}, "datetime": {"datetime": "2021-09-19 09:23:56", "elapsed": 342.032201, "delta": 2.461787}}
{"target": -2.019872108076729, "params": {"C": 141.27377928959223, "epsilon": 0.06168752397465114, "gamma": 0.02696414510433485}, "datetime": {"datetime": "2021-09-19 09:24:00", "elapsed": 345.208077, "delta": 3.175876}}
{"target": -2.0753453607369865, "params": {"C": 164.0798853900447, "epsilon": 0.15516395779623232, "gamma": 0.02}, "datetime": {"datetime": "2021-09-19 09:24:03", "elapsed": 348.518871, "delta": 3.310794}}
{"target": -2.2021035577890578, "params": {"C": 183.65679931365435, "epsilon": 0.0696747775999463, "gamma": 0.09731303117532189}, "datetime": {"datetime": "2021-09-19 09:24:04", "elapsed": 349.861979, "delta": 1.343108}}
{"target": -2.3314453594645834, "params": {"C": 119.53665859695091, "epsilon": 0.1677068492802715, "gamma": 0.12601856070551182}, "datetime": {"datetime": "2021-09-19 09:24:06", "elapsed": 351.121212, "delta": 1.259233}}
{"target": -2.003300412970306, "params": {"C": 95.82936316594487, "epsilon": 0.0629831813740562, "gamma": 0.038024528715990755}, "datetime": {"datetime": "2021-09-19 09:24:08", "elapsed": 353.219223, "delta": 2.098011}}
{"target": -2.017773355445136, "params": {"C": 109.74725737613109, "epsilon": 0.2505783712593617, "gamma": 0.07077115205013922}, "datetime": {"datetime": "2021-09-19 09:24:09", "elapsed": 354.411533, "delta": 1.19231}}
{"target": -1.9603187050567652, "params": {"C": 141.20663003852175, "epsilon": 0.07777114483535032, "gamma": 0.05048827766085058}, "datetime": {"datetime": "2021-09-19 09:24:11", "elapsed": 356.337418, "delta": 1.925885}}
{"target": -1.9612269917496465, "params": {"C": 161.04811232911663, "epsilon": 0.29376383864257033, "gamma": 0.03135698383912336}, "datetime": {"datetime": "2021-09-19 09:24:13", "elapsed": 358.955268, "delta": 2.61785}}
{"target": -1.9440551131761892, "params": {"C": 95.98161603821114, "epsilon": 0.0851413370549976, "gamma": 0.050291260645769845}, "datetime": {"datetime": "2021-09-19 09:24:15", "elapsed": 361.006432, "delta": 2.051164}}
{"target": -2.18952031727571, "params": {"C": 95.98968044906013, "epsilon": 0.09654404945512267, "gamma": 0.10345193095579361}, "datetime": {"datetime": "2021-09-19 09:24:18", "elapsed": 363.072091, "delta": 2.065659}}
{"target": -2.003173343916865, "params": {"C": 161.0302452018051, "epsilon": 0.23209267806174003, "gamma": 0.06328341940081561}, "datetime": {"datetime": "2021-09-19 09:24:20", "elapsed": 365.434771, "delta": 2.36268}}
{"target": -2.156761279231623, "params": {"C": 91.9977021416855, "epsilon": 0.13322333234966632, "gamma": 0.09566034648352059}, "datetime": {"datetime": "2021-09-19 09:24:21", "elapsed": 366.624386, "delta": 1.189615}}
{"target": -1.983440360672185, "params": {"C": 112.44014882911586, "epsilon": 0.1502726765346268, "gamma": 0.03646949281363952}, "datetime": {"datetime": "2021-09-19 09:24:22", "elapsed": 367.905893, "delta": 1.281507}}
{"target": -2.4300561977185082, "params": {"C": 161.00872454003064, "epsilon": 0.26694160852184146, "gamma": 0.130696168099587}, "datetime": {"datetime": "2021-09-19 09:24:24", "elapsed": 370.066882, "delta": 2.160989}}
{"target": -1.9873192055706312, "params": {"C": 189.41449831935103, "epsilon": 0.10126158962141708, "gamma": 0.053174837722805554}, "datetime": {"datetime": "2021-09-19 09:24:26", "elapsed": 371.412858, "delta": 1.345976}}
{"target": -2.013368797231474, "params": {"C": 283.4044009405148, "epsilon": 0.2166566990457631, "gamma": 0.020014868726254836}, "datetime": {"datetime": "2021-09-19 09:36:13", "elapsed": 0.0, "delta": 0.0}}
{"target": -2.002278433844769, "params": {"C": 260.466514526368, "epsilon": 0.045733255463499684, "gamma": 0.03200401731994371}, "datetime": {"datetime": "2021-09-19 09:36:13", "elapsed": 0.04995, "delta": 0.04995}}
{"target": -2.087843020987546, "params": {"C": 237.25204227553417, "epsilon": 0.10497709665882822, "gamma": 0.07157977164998709}, "datetime": {"datetime": "2021-09-19 09:36:13", "elapsed": 0.10495, "delta": 0.055}}
{"target": -2.4108877439579803, "params": {"C": 307.7633468006714, "epsilon": 0.12691996529218183, "gamma": 0.10907853505157875}, "datetime": {"datetime": "2021-09-19 09:36:13", "elapsed": 0.157986, "delta": 0.053036}}
{"target": -1.978312474511787, "params": {"C": 240.89044994630348, "epsilon": 0.26367899604450173, "gamma": 0.023560387115730403}, "datetime": {"datetime": "2021-09-19 09:36:13", "elapsed": 0.191983, "delta": 0.033997}}
{"target": -2.2819254322637788, "params": {"C": 334.09350203568044, "epsilon": 0.12635683110540383, "gamma": 0.09262967769794772}, "datetime": {"datetime": "2021-09-19 09:36:13", "elapsed": 0.247986, "delta": 0.056003}}
{"target": -2.4339262833856026, "params": {"C": 228.07738771904675, "epsilon": 0.06103424374729388, "gamma": 0.12409679392781978}, "datetime": {"datetime": "2021-09-19 09:36:14", "elapsed": 0.294687, "delta": 0.046701}}
{"target": -2.478624539905806, "params": {"C": 393.6523151438795, "epsilon": 0.09540040509145437, "gamma": 0.11000194003701083}, "datetime": {"datetime": "2021-09-19 09:36:14", "elapsed": 0.34156, "delta": 0.046873}}
{"target": -1.9766091197988747, "params": {"C": 375.2778304592076, "epsilon": 0.26859278572414647, "gamma": 0.03105574747807113}, "datetime": {"datetime": "2021-09-19 09:36:14", "elapsed": 0.388435, "delta": 0.046875}}
{"target": -2.4639717571467314, "params": {"C": 207.81095664657647, "epsilon": 0.05260946503024153, "gamma": 0.1341585254458237}, "datetime": {"datetime": "2021-09-19 09:36:14", "elapsed": 0.435312, "delta": 0.046877}}
{"target": -2.005848585160198, "params": {"C": 362.9201294263392, "epsilon": 0.3, "gamma": 0.02}, "datetime": {"datetime": "2021-09-19 09:36:14", "elapsed": 0.529063, "delta": 0.093751}}
{"target": -2.2274512807813798, "params": {"C": 272.3421663483193, "epsilon": 0.2470307014800093, "gamma": 0.08940137236007165}, "datetime": {"datetime": "2021-09-19 09:36:14", "elapsed": 0.638437, "delta": 0.109374}}
{"target": -2.5900508791837367, "params": {"C": 250.90221629403922, "epsilon": 0.002, "gamma": 0.15}, "datetime": {"datetime": "2021-09-19 09:36:14", "elapsed": 0.74781, "delta": 0.109373}}
{"target": -1.9795881447579955, "params": {"C": 371.1416928943551, "epsilon": 0.27879405588499273, "gamma": 0.025761508130237278}, "datetime": {"datetime": "2021-09-19 09:36:14", "elapsed": 0.872806, "delta": 0.124996}}
{"target": -2.044217038300082, "params": {"C": 289.202733615327, "epsilon": 0.002, "gamma": 0.02}, "datetime": {"datetime": "2021-09-19 09:36:14", "elapsed": 1.01414, "delta": 0.141334}}
{"target": -2.609443473714113, "params": {"C": 356.3428245885391, "epsilon": 0.009296894936228808, "gamma": 0.13430876104480474}, "datetime": {"datetime": "2021-09-19 09:36:14", "elapsed": 1.125684, "delta": 0.111544}}
{"target": -2.6693973052473545, "params": {"C": 366.79918412400656, "epsilon": 0.002, "gamma": 0.15}, "datetime": {"datetime": "2021-09-19 09:36:14", "elapsed": 1.262342, "delta": 0.136658}}
{"target": -1.9753114954735802, "params": {"C": 374.54577230787476, "epsilon": 0.26456598301767226, "gamma": 0.022334425904905593}, "datetime": {"datetime": "2021-09-19 09:36:15", "elapsed": 1.371753, "delta": 0.109411}}
{"target": -2.4345829599614977, "params": {"C": 286.16909486656095, "epsilon": 0.07830976984678249, "gamma": 0.1160706063940478}, "datetime": {"datetime": "2021-09-19 09:36:15", "elapsed": 1.637383, "delta": 0.26563}}
{"target": -2.66787824065548, "params": {"C": 372.62354051471186, "epsilon": 0.024403969375766707, "gamma": 0.14938249555986094}, "datetime": {"datetime": "2021-09-19 09:36:15", "elapsed": 1.981135, "delta": 0.343752}}
{"target": -1.976225522604213, "params": {"C": 374.64693668269933, "epsilon": 0.2744673431006747, "gamma": 0.030813228493886523}, "datetime": {"datetime": "2021-09-19 09:36:15", "elapsed": 2.163241, "delta": 0.182106}}
{"target": -2.6023496043137166, "params": {"C": 370.21822560478995, "epsilon": 0.21202723729322423, "gamma": 0.1293852810778514}, "datetime": {"datetime": "2021-09-19 09:36:16", "elapsed": 2.428865, "delta": 0.265624}}
{"target": -1.9873169161678206, "params": {"C": 240.24197819405572, "epsilon": 0.019678110274535372, "gamma": 0.04696593859325342}, "datetime": {"datetime": "2021-09-19 09:36:16", "elapsed": 2.718521, "delta": 0.289656}}
{"target": -2.1459443961148805, "params": {"C": 261.30925483611685, "epsilon": 0.09388163974869294, "gamma": 0.08149395665917783}, "datetime": {"datetime": "2021-09-19 09:36:16", "elapsed": 3.031483, "delta": 0.312962}}
{"target": -2.2769279147752983, "params": {"C": 362.0764662821067, "epsilon": 0.08678741784983704, "gamma": 0.08955822402899204}, "datetime": {"datetime": "2021-09-19 09:36:16", "elapsed": 3.252526, "delta": 0.221043}}
{"target": -2.0056062032749202, "params": {"C": 363.7439070245758, "epsilon": 0.3, "gamma": 0.02}, "datetime": {"datetime": "2021-09-19 09:36:17", "elapsed": 3.557522, "delta": 0.304996}}
{"target": -2.586094204585365, "params": {"C": 259.53956499648723, "epsilon": 0.02618510530018575, "gamma": 0.1470560799404625}, "datetime": {"datetime": "2021-09-19 09:36:17", "elapsed": 3.830521, "delta": 0.272999}}
{"target": -2.002714444622236, "params": {"C": 282.6126700021673, "epsilon": 0.1166087794952125, "gamma": 0.045191347770657864}, "datetime": {"datetime": "2021-09-19 09:36:17", "elapsed": 4.104488, "delta": 0.273967}}
{"target": -2.2319038062779053, "params": {"C": 376.1441718557784, "epsilon": 0.18365061379677175, "gamma": 0.08064698148418267}, "datetime": {"datetime": "2021-09-19 09:36:18", "elapsed": 4.389522, "delta": 0.285034}}
{"target": -2.293092805992225, "params": {"C": 241.7607928563939, "epsilon": 0.06687732802347439, "gamma": 0.10304793596546355}, "datetime": {"datetime": "2021-09-19 09:36:18", "elapsed": 4.636522, "delta": 0.247}}
{"target": -2.0284691832626143, "params": {"C": 239.4399412690196, "epsilon": 0.3, "gamma": 0.02}, "datetime": {"datetime": "2021-09-19 09:36:18", "elapsed": 4.905524, "delta": 0.269002}}
{"target": -2.143659163831811, "params": {"C": 238.3862114633776, "epsilon": 0.12026387546665486, "gamma": 0.08330829548495629}, "datetime": {"datetime": "2021-09-19 09:36:18", "elapsed": 5.144521, "delta": 0.238997}}
{"target": -2.0941227243851417, "params": {"C": 290.0982027191442, "epsilon": 0.29297802338041906, "gamma": 0.06027055873526428}, "datetime": {"datetime": "2021-09-19 09:36:19", "elapsed": 5.386026, "delta": 0.241505}}
{"target": -2.0004900896750306, "params": {"C": 281.6386395619095, "epsilon": 0.2353565600049692, "gamma": 0.021300445461708818}, "datetime": {"datetime": "2021-09-19 09:36:19", "elapsed": 5.682219, "delta": 0.296193}}
{"target": -2.388879054859098, "params": {"C": 280.6666127360319, "epsilon": 0.00928575120297348, "gamma": 0.11149934588649373}, "datetime": {"datetime": "2021-09-19 09:36:19", "elapsed": 5.983218, "delta": 0.300999}}
{"target": -2.3959919744257636, "params": {"C": 284.2663657332672, "epsilon": 0.08698443614097309, "gamma": 0.11003935590463103}, "datetime": {"datetime": "2021-09-19 09:36:20", "elapsed": 6.320218, "delta": 0.337}}
{"target": -2.620677342310708, "params": {"C": 288.3549801044095, "epsilon": 0.3, "gamma": 0.15}, "datetime": {"datetime": "2021-09-19 09:36:20", "elapsed": 6.621219, "delta": 0.301001}}
{"target": -2.0277560004590027, "params": {"C": 364.4605646425433, "epsilon": 0.0047866756453083525, "gamma": 0.04948548012018503}, "datetime": {"datetime": "2021-09-19 09:36:20", "elapsed": 6.96522, "delta": 0.344001}}
{"target": -2.58561999551749, "params": {"C": 236.29675554255323, "epsilon": 0.3, "gamma": 0.15}, "datetime": {"datetime": "2021-09-19 09:36:20", "elapsed": 7.239217, "delta": 0.273997}}
{"target": -2.4370961880249324, "params": {"C": 282.110153720177, "epsilon": 0.002356183000499218, "gamma": 0.11872459427333922}, "datetime": {"datetime": "2021-09-19 09:36:21", "elapsed": 7.565217, "delta": 0.326}}
{"target": -1.956560857483063, "params": {"C": 282.96111651473797, "epsilon": 0.23458495064198637, "gamma": 0.03361756059302662}, "datetime": {"datetime": "2021-09-19 09:36:21", "elapsed": 7.836217, "delta": 0.271}}
{"target": -2.0740061948501998, "params": {"C": 220.64025360216698, "epsilon": 0.019030362635727868, "gamma": 0.06805399016743413}, "datetime": {"datetime": "2021-09-19 09:36:21", "elapsed": 8.083218, "delta": 0.247001}}
{"target": -2.0802293689093676, "params": {"C": 363.32965300173146, "epsilon": 0.05588818493509762, "gamma": 0.0632443604596068}, "datetime": {"datetime": "2021-09-19 09:36:22", "elapsed": 8.404218, "delta": 0.321}}
{"target": -2.003503042134078, "params": {"C": 260.46041679675886, "epsilon": 0.03165755501102952, "gamma": 0.032444214032058855}, "datetime": {"datetime": "2021-09-19 09:36:22", "elapsed": 8.606217, "delta": 0.201999}}
{"target": -2.5573694710380233, "params": {"C": 239.96628952364944, "epsilon": 0.2972619765501582, "gamma": 0.1413584257719083}, "datetime": {"datetime": "2021-09-19 09:36:22", "elapsed": 8.863218, "delta": 0.257001}}
{"target": -2.0076664787503593, "params": {"C": 240.55800098660245, "epsilon": 0.016730734968221375, "gamma": 0.024684562222674337}, "datetime": {"datetime": "2021-09-19 09:36:22", "elapsed": 9.216219, "delta": 0.353001}}
{"target": -2.2435044277894023, "params": {"C": 375.0121563886477, "epsilon": 0.014249417791474095, "gamma": 0.08507379482259801}, "datetime": {"datetime": "2021-09-19 09:36:23", "elapsed": 9.632219, "delta": 0.416}}
{"target": -2.659246376146566, "params": {"C": 364.0518163535236, "epsilon": 0.016311836544170864, "gamma": 0.14627627757113193}, "datetime": {"datetime": "2021-09-19 09:36:23", "elapsed": 9.976218, "delta": 0.343999}}
{"target": -2.4993998240964026, "params": {"C": 283.1874681700433, "epsilon": 0.028511016838977304, "gamma": 0.12756051575740965}, "datetime": {"datetime": "2021-09-19 09:36:24", "elapsed": 10.342218, "delta": 0.366}}
{"target": -1.9624472299934055, "params": {"C": 250.94540213898358, "epsilon": 0.2539560508936899, "gamma": 0.03698538554568362}, "datetime": {"datetime": "2021-09-19 09:36:24", "elapsed": 10.562227, "delta": 0.220009}}
{"target": -2.604126161726467, "params": {"C": 350.9405674539097, "epsilon": 0.07244020571244576, "gamma": 0.13377476575152986}, "datetime": {"datetime": "2021-09-19 09:36:24", "elapsed": 10.797218, "delta": 0.234991}}
{"target": -2.0042272929233476, "params": {"C": 282.7926938467017, "epsilon": 0.20250829085397012, "gamma": 0.04827391655887997}, "datetime": {"datetime": "2021-09-19 09:36:24", "elapsed": 11.094218, "delta": 0.297}}
{"target": -2.618016391544239, "params": {"C": 362.17394408594424, "epsilon": 0.2246793276343932, "gamma": 0.13563876965502006}, "datetime": {"datetime": "2021-09-19 09:36:25", "elapsed": 11.324219, "delta": 0.230001}}
{"target": -2.4109598472481646, "params": {"C": 240.72483782583686, "epsilon": 0.11674836805625566, "gamma": 0.11652451977044373}, "datetime": {"datetime": "2021-09-19 09:36:25", "elapsed": 11.645213, "delta": 0.320994}}
{"target": -1.9863347657725952, "params": {"C": 240.38618012350224, "epsilon": 0.01803879412682932, "gamma": 0.04740312075472661}, "datetime": {"datetime": "2021-09-19 09:36:25", "elapsed": 11.988216, "delta": 0.343003}}
{"target": -2.066935741497122, "params": {"C": 241.06340429755457, "epsilon": 0.24200277871134684, "gamma": 0.06025312485290034}, "datetime": {"datetime": "2021-09-19 09:36:26", "elapsed": 12.293769, "delta": 0.305553}}
{"target": -2.6103754932567695, "params": {"C": 363.1127014412209, "epsilon": 0.23656036727450655, "gamma": 0.1338395234059878}, "datetime": {"datetime": "2021-09-19 09:36:26", "elapsed": 12.65773, "delta": 0.363961}}
{"target": -2.651440387889488, "params": {"C": 374.5950303084626, "epsilon": 0.1705114709525411, "gamma": 0.15}, "datetime": {"datetime": "2021-09-19 09:36:26", "elapsed": 13.052477, "delta": 0.394747}}
{"target": -2.575696890133093, "params": {"C": 282.853250209743, "epsilon": 0.28302436799060665, "gamma": 0.13668675057140242}, "datetime": {"datetime": "2021-09-19 09:36:27", "elapsed": 13.349474, "delta": 0.296997}}
{"target": -2.234844390943346, "params": {"C": 240.46530910446225, "epsilon": 0.05266659860890436, "gamma": 0.0962168042338783}, "datetime": {"datetime": "2021-09-19 09:36:27", "elapsed": 13.702893, "delta": 0.353419}}
{"target": -2.097188065446367, "params": {"C": 282.761467413215, "epsilon": 0.098558396192057, "gamma": 0.07316319735640518}, "datetime": {"datetime": "2021-09-19 09:36:27", "elapsed": 14.043493, "delta": 0.3406}}
{"target": -2.5649608092698375, "params": {"C": 208.4407832239098, "epsilon": 0.197976848014127, "gamma": 0.14885210580543068}, "datetime": {"datetime": "2021-09-19 09:36:27", "elapsed": 14.271495, "delta": 0.228002}}
{"target": -2.0952069807928786, "params": {"C": 282.6607194154947, "epsilon": 0.22440404175244225, "gamma": 0.06716104571488792}, "datetime": {"datetime": "2021-09-19 09:36:28", "elapsed": 14.640494, "delta": 0.368999}}
{"target": -2.5676711629667173, "params": {"C": 221.7279080428662, "epsilon": 0.2449929705991018, "gamma": 0.1467018471782391}, "datetime": {"datetime": "2021-09-19 09:36:28", "elapsed": 14.865496, "delta": 0.225002}}
{"target": -2.156387061694397, "params": {"C": 374.3494003655938, "epsilon": 0.05522136124199119, "gamma": 0.07444220624638546}, "datetime": {"datetime": "2021-09-19 09:36:28", "elapsed": 15.160491, "delta": 0.294995}}
{"target": -2.305897951419588, "params": {"C": 214.38243089881203, "epsilon": 0.04851995874721542, "gamma": 0.10807276684679736}, "datetime": {"datetime": "2021-09-19 09:36:29", "elapsed": 15.416493, "delta": 0.256002}}
{"target": -2.0110439643611926, "params": {"C": 240.2672098063502, "epsilon": 0.10073620141481837, "gamma": 0.022838272618381943}, "datetime": {"datetime": "2021-09-19 09:36:29", "elapsed": 15.721405, "delta": 0.304912}}
{"target": -1.975499792715517, "params": {"C": 282.951213619765, "epsilon": 0.14313441009974004, "gamma": 0.03448503841453927}, "datetime": {"datetime": "2021-09-19 09:36:29", "elapsed": 16.048434, "delta": 0.327029}}
{"target": -2.6082093416500656, "params": {"C": 375.3301737435732, "epsilon": 0.29673084365083857, "gamma": 0.1327187551297766}, "datetime": {"datetime": "2021-09-19 09:36:30", "elapsed": 16.352435, "delta": 0.304001}}
{"target": -1.9668500599012386, "params": {"C": 283.050537556629, "epsilon": 0.19371504199370032, "gamma": 0.031194430459641275}, "datetime": {"datetime": "2021-09-19 09:36:30", "elapsed": 16.773399, "delta": 0.420964}}
{"target": -1.9989900084236887, "params": {"C": 282.961872568148, "epsilon": 0.13209607837278728, "gamma": 0.037559686562014166}, "datetime": {"datetime": "2021-09-19 09:36:30", "elapsed": 17.051434, "delta": 0.278035}}
{"target": -1.9611620115969746, "params": {"C": 217.24962801092465, "epsilon": 0.16506735342734874, "gamma": 0.03885409498248214}, "datetime": {"datetime": "2021-09-19 09:36:31", "elapsed": 17.304438, "delta": 0.253004}}
{"target": -2.0054703093176514, "params": {"C": 375.2020010191354, "epsilon": 0.21038198358614088, "gamma": 0.04369836961725675}, "datetime": {"datetime": "2021-09-19 09:36:31", "elapsed": 17.637436, "delta": 0.332998}}
