{"target": -7.682806734090111, "params": {"C": 0.2324870762507428, "epsilon": 11.9371130298046, "gamma": 2.9861294197947967}, "datetime": {"datetime": "2021-09-18 08:44:43", "elapsed": 57.126677, "delta": 0.684076}}
{"target": -9.319078947368421, "params": {"C": 37.89572671427544, "epsilon": 30.0, "gamma": 3.0}, "datetime": {"datetime": "2021-09-18 08:44:44", "elapsed": 57.828076, "delta": 0.701399}}
{"target": -4.956442207763433, "params": {"C": 27.079437579401272, "epsilon": 1.9498847024652577, "gamma": 0.0001}, "datetime": {"datetime": "2021-09-18 08:44:44", "elapsed": 58.445005, "delta": 0.616929}}
{"target": -9.690441812633932, "params": {"C": 6.273539096295531, "epsilon": 20.811180313976305, "gamma": 3.0}, "datetime": {"datetime": "2021-09-18 08:44:45", "elapsed": 59.092176, "delta": 0.647171}}
{"target": -5.051099853181919, "params": {"C": 1.5246236716315054, "epsilon": 0.19907310857535845, "gamma": 0.3321294366005363}, "datetime": {"datetime": "2021-09-18 08:44:46", "elapsed": 59.808255, "delta": 0.716079}}
{"target": -9.319078947368421, "params": {"C": 25.164914102166417, "epsilon": 27.616245726923385, "gamma": 0.526502660032832}, "datetime": {"datetime": "2021-09-18 08:44:46", "elapsed": 60.491272, "delta": 0.683017}}
{"target": -9.629931913410564, "params": {"C": 41.729717297144866, "epsilon": 21.31472249887129, "gamma": 3.0}, "datetime": {"datetime": "2021-09-18 08:44:47", "elapsed": 61.290888, "delta": 0.799616}}
{"target": -7.455323924210629, "params": {"C": 0.1, "epsilon": 0.001, "gamma": 3.0}, "datetime": {"datetime": "2021-09-18 08:44:48", "elapsed": 62.074759, "delta": 0.783871}}
{"target": -7.693934233495599, "params": {"C": 42.356448272937534, "epsilon": 9.017340675749782, "gamma": 3.0}, "datetime": {"datetime": "2021-09-18 08:44:49", "elapsed": 62.925364, "delta": 0.850605}}
{"target": -5.184694044870005, "params": {"C": 21.182352258000396, "epsilon": 0.001, "gamma": 0.0001}, "datetime": {"datetime": "2021-09-18 08:44:50", "elapsed": 63.624972, "delta": 0.699608}}
{"target": -9.319078947368421, "params": {"C": 6.536424660068499, "epsilon": 30.0, "gamma": 3.0}, "datetime": {"datetime": "2021-09-18 08:44:50", "elapsed": 64.40381, "delta": 0.778838}}
{"target": -7.868495752721128, "params": {"C": 5.831471181487026, "epsilon": 14.643505282212617, "gamma": 0.0001}, "datetime": {"datetime": "2021-09-18 08:44:51", "elapsed": 65.120041, "delta": 0.716231}}
{"target": -9.319078947368421, "params": {"C": 0.2768990129144758, "epsilon": 24.91535996018228, "gamma": 0.3351565245696502}, "datetime": {"datetime": "2021-09-18 08:44:52", "elapsed": 65.857029, "delta": 0.736988}}
{"target": -9.319078947368421, "params": {"C": 15.666709809973568, "epsilon": 24.38898614194829, "gamma": 3.0}, "datetime": {"datetime": "2021-09-18 08:44:53", "elapsed": 66.704437, "delta": 0.847408}}
{"target": -8.89886971247907, "params": {"C": 49.18950895811864, "epsilon": 14.526944603902187, "gamma": 0.09184568618707278}, "datetime": {"datetime": "2021-09-18 08:44:53", "elapsed": 67.436425, "delta": 0.731988}}
{"target": -5.793427580045066, "params": {"C": 33.86402653026035, "epsilon": 0.001, "gamma": 2.653453922470559}, "datetime": {"datetime": "2021-09-18 08:44:54", "elapsed": 68.201611, "delta": 0.765186}}
{"target": -4.998451822942105, "params": {"C": 25.38723503467717, "epsilon": 0.001, "gamma": 0.0001}, "datetime": {"datetime": "2021-09-18 08:44:55", "elapsed": 68.969835, "delta": 0.768224}}
{"target": -5.119082388674308, "params": {"C": 34.13897699386923, "epsilon": 4.598025409418197, "gamma": 0.0001}, "datetime": {"datetime": "2021-09-18 08:44:56", "elapsed": 69.720439, "delta": 0.750604}}
{"target": -3.3319310443619456, "params": {"C": 4.058166312016214, "epsilon": 2.1723545487808176, "gamma": 0.0705363511429721}, "datetime": {"datetime": "2021-09-18 08:44:56", "elapsed": 70.420269, "delta": 0.69983}}
{"target": -6.526151249723136, "params": {"C": 4.286056017523946, "epsilon": 0.16966329658934293, "gamma": 0.0001}, "datetime": {"datetime": "2021-09-18 08:44:57", "elapsed": 71.245261, "delta": 0.824992}}
{"target": -5.0596269968914145, "params": {"C": 4.75990073189677, "epsilon": 3.7591241175901753, "gamma": 0.46238341670740357}, "datetime": {"datetime": "2021-09-18 08:44:58", "elapsed": 72.019231, "delta": 0.77397}}
{"target": -5.981935498581572, "params": {"C": 2.033787629294872, "epsilon": 2.803099288983765, "gamma": 0.726710819706175}, "datetime": {"datetime": "2021-09-18 08:44:59", "elapsed": 72.867718, "delta": 0.848487}}
{"target": -6.475679876842838, "params": {"C": 4.867315836766676, "epsilon": 1.9274418674936513, "gamma": 2.24177158421906}, "datetime": {"datetime": "2021-09-18 08:45:00", "elapsed": 73.865979, "delta": 0.998261}}
{"target": -8.181982913700857, "params": {"C": 15.07042152927858, "epsilon": 11.169036392014297, "gamma": 3.0}, "datetime": {"datetime": "2021-09-18 08:45:01", "elapsed": 74.81862, "delta": 0.952641}}
{"target": -6.7557088208955705, "params": {"C": 50.0, "epsilon": 4.141971668417999, "gamma": 3.0}, "datetime": {"datetime": "2021-09-18 08:45:02", "elapsed": 75.607568, "delta": 0.788948}}
{"target": -9.319078947368421, "params": {"C": 49.8525706015434, "epsilon": 24.6711929822556, "gamma": 0.004063521740167558}, "datetime": {"datetime": "2021-09-18 08:45:02", "elapsed": 76.384049, "delta": 0.776481}}
{"target": -5.181476563452477, "params": {"C": 30.360961876486172, "epsilon": 0.3287566395645883, "gamma": 1.6292901700383557}, "datetime": {"datetime": "2021-09-18 08:45:03", "elapsed": 77.226624, "delta": 0.842575}}
{"target": -9.274784577105278, "params": {"C": 22.41197629352115, "epsilon": 16.48940310222191, "gamma": 3.0}, "datetime": {"datetime": "2021-09-18 08:45:04", "elapsed": 78.029765, "delta": 0.803141}}
{"target": -7.65191534399697, "params": {"C": 22.951986006144406, "epsilon": 9.161229363230332, "gamma": 2.4304199602505103}, "datetime": {"datetime": "2021-09-18 08:45:05", "elapsed": 78.791559, "delta": 0.761794}}
{"target": -7.1863952189262035, "params": {"C": 3.6837070712510966, "epsilon": 9.060148976672746, "gamma": 0.0001}, "datetime": {"datetime": "2021-09-18 08:45:06", "elapsed": 79.682634, "delta": 0.891075}}
{"target": -5.786840595058096, "params": {"C": 32.79431795646937, "epsilon": 7.608342666087547, "gamma": 0.0001}, "datetime": {"datetime": "2021-09-18 08:45:06", "elapsed": 80.39051, "delta": 0.707876}}
{"target": -4.807490979831956, "params": {"C": 33.83614063219892, "epsilon": 1.9134944216502772, "gamma": 0.0001}, "datetime": {"datetime": "2021-09-18 08:45:07", "elapsed": 81.229661, "delta": 0.839151}}
{"target": -9.355505912699513, "params": {"C": 36.456543758315874, "epsilon": 16.921289554032818, "gamma": 3.0}, "datetime": {"datetime": "2021-09-18 08:45:08", "elapsed": 82.137724, "delta": 0.908063}}
{"target": -9.319078947368421, "params": {"C": 14.389667733730978, "epsilon": 29.89483879187553, "gamma": 0.2172141795030435}, "datetime": {"datetime": "2021-09-18 08:45:09", "elapsed": 82.927812, "delta": 0.790088}}
{"target": -7.4724859986043555, "params": {"C": 30.255414340098493, "epsilon": 7.926957724114869, "gamma": 3.0}, "datetime": {"datetime": "2021-09-18 08:45:10", "elapsed": 83.677326, "delta": 0.749514}}
{"target": -8.811598866557427, "params": {"C": 30.345445072054076, "epsilon": 16.82545433661071, "gamma": 0.0001}, "datetime": {"datetime": "2021-09-18 08:45:10", "elapsed": 84.427813, "delta": 0.750487}}
{"target": -6.583719129261433, "params": {"C": 38.55059132060665, "epsilon": 10.226367899452496, "gamma": 0.13875834209138604}, "datetime": {"datetime": "2021-09-18 08:45:11", "elapsed": 85.229397, "delta": 0.801584}}
{"target": -9.319078947368421, "params": {"C": 31.262150209921924, "epsilon": 25.635195038551466, "gamma": 0.0001}, "datetime": {"datetime": "2021-09-18 08:45:12", "elapsed": 86.186629, "delta": 0.957232}}
{"target": -3.5943886676841386, "params": {"C": 45.61089569202115, "epsilon": 6.55034493157217, "gamma": 0.015180153552666538}, "datetime": {"datetime": "2021-09-18 08:45:13", "elapsed": 87.111709, "delta": 0.92508}}
{"target": -5.609170519785678, "params": {"C": 44.08483579885075, "epsilon": 5.471460739488864, "gamma": 0.7646174261814054}, "datetime": {"datetime": "2021-09-18 08:45:14", "elapsed": 88.144549, "delta": 1.03284}}
{"target": -5.379037953197981, "params": {"C": 45.542954190509086, "epsilon": 8.938355307491854, "gamma": 0.06534629802699561}, "datetime": {"datetime": "2021-09-18 08:45:15", "elapsed": 88.910765, "delta": 0.766216}}
{"target": -5.293665501705035, "params": {"C": 47.50965981185998, "epsilon": 6.556307936305545, "gamma": 0.0001}, "datetime": {"datetime": "2021-09-18 08:45:16", "elapsed": 89.874915, "delta": 0.96415}}
{"target": -6.957729658254529, "params": {"C": 45.851802542632164, "epsilon": 6.238887582967535, "gamma": 2.294944788809933}, "datetime": {"datetime": "2021-09-18 08:45:17", "elapsed": 90.832226, "delta": 0.957311}}
{"target": -5.511861159011838, "params": {"C": 25.52595337174861, "epsilon": 2.1303904718804123, "gamma": 1.6377184258499449}, "datetime": {"datetime": "2021-09-18 08:45:18", "elapsed": 91.731897, "delta": 0.899671}}
{"target": -8.73654075908313, "params": {"C": 10.87624227992381, "epsilon": 14.590285043646686, "gamma": 0.07431242040908807}, "datetime": {"datetime": "2021-09-18 08:45:18", "elapsed": 92.540036, "delta": 0.808139}}
{"target": -2.1511393744031118, "params": {"C": 46.37714410713906, "epsilon": 0.14404921477074037, "gamma": 0.023491466748128312}, "datetime": {"datetime": "2021-09-18 08:45:20", "elapsed": 93.598705, "delta": 1.058669}}
{"target": -4.833525855825328, "params": {"C": 46.17471302800697, "epsilon": 4.441348638167004, "gamma": 0.0001}, "datetime": {"datetime": "2021-09-18 08:45:20", "elapsed": 94.555637, "delta": 0.956932}}
{"target": -3.242318782760616, "params": {"C": 25.672878871824167, "epsilon": 4.147788103007572, "gamma": 0.09515268261056126}, "datetime": {"datetime": "2021-09-18 08:45:21", "elapsed": 95.416934, "delta": 0.861297}}
{"target": -5.684090591189912, "params": {"C": 25.40752511770298, "epsilon": 6.7178975830151515, "gamma": 0.0001}, "datetime": {"datetime": "2021-09-18 08:45:22", "elapsed": 96.438867, "delta": 1.021933}}
{"target": -2.158229319182419, "params": {"C": 23.33112378432647, "epsilon": 0.24472199394243535, "gamma": 0.036567962497459784}, "datetime": {"datetime": "2021-09-18 08:45:23", "elapsed": 97.472548, "delta": 1.033681}}
{"target": -9.541019718267108, "params": {"C": 45.66749698594156, "epsilon": 19.7887133190252, "gamma": 0.0001}, "datetime": {"datetime": "2021-09-18 08:45:24", "elapsed": 98.461645, "delta": 0.989097}}
{"target": -9.74447996689958, "params": {"C": 11.030148837474716, "epsilon": 20.989996228607176, "gamma": 0.01628341468663137}, "datetime": {"datetime": "2021-09-18 08:45:25", "elapsed": 99.552778, "delta": 1.091133}}
{"target": -7.483871094272819, "params": {"C": 0.1, "epsilon": 7.308221991594904, "gamma": 0.0001}, "datetime": {"datetime": "2021-09-18 08:45:26", "elapsed": 100.452214, "delta": 0.899436}}
{"target": -4.209515753069981, "params": {"C": 22.996376355159764, "epsilon": 0.001, "gamma": 0.7820390499169633}, "datetime": {"datetime": "2021-09-18 08:45:27", "elapsed": 101.527531, "delta": 1.075317}}
{"target": -9.319078947368421, "params": {"C": 38.35234184878206, "epsilon": 25.985668754329573, "gamma": 0.0001}, "datetime": {"datetime": "2021-09-18 08:45:28", "elapsed": 102.416861, "delta": 0.88933}}
{"target": -4.551489024136583, "params": {"C": 43.318147849950854, "epsilon": 7.952165164901602, "gamma": 0.02623945060341614}, "datetime": {"datetime": "2021-09-18 08:45:30", "elapsed": 103.577376, "delta": 1.160515}}
{"target": -6.237156798692574, "params": {"C": 6.782185390803853, "epsilon": 2.718503352149297, "gamma": 0.0001}, "datetime": {"datetime": "2021-09-18 08:45:30", "elapsed": 104.457921, "delta": 0.880545}}
{"target": -2.5496757673137362, "params": {"C": 23.10548298891377, "epsilon": 1.4336020095617186, "gamma": 0.010312871885621914}, "datetime": {"datetime": "2021-09-18 08:45:31", "elapsed": 105.434822, "delta": 0.976901}}
{"target": -8.772953878141147, "params": {"C": 17.44511237161425, "epsilon": 17.380352802892563, "gamma": 0.0001}, "datetime": {"datetime": "2021-09-18 08:45:32", "elapsed": 106.422844, "delta": 0.988022}}
{"target": -6.551187641487996, "params": {"C": 8.971188172616404, "epsilon": 2.1414686410591255, "gamma": 2.9831739109184325}, "datetime": {"datetime": "2021-09-18 08:45:33", "elapsed": 107.548356, "delta": 1.125512}}
{"target": -9.319078947368421, "params": {"C": 44.29194824627019, "epsilon": 29.878665647934785, "gamma": 2.9224737914729206}, "datetime": {"datetime": "2021-09-18 08:45:35", "elapsed": 108.595713, "delta": 1.047357}}
{"target": -8.617931500034778, "params": {"C": 45.378412788921246, "epsilon": 13.063358458763414, "gamma": 3.0}, "datetime": {"datetime": "2021-09-18 08:45:35", "elapsed": 109.512885, "delta": 0.917172}}
{"target": -7.710357513927577, "params": {"C": 5.375024107179093, "epsilon": 11.365600866906675, "gamma": 3.0}, "datetime": {"datetime": "2021-09-18 08:45:37", "elapsed": 110.639209, "delta": 1.126324}}
{"target": -6.443148309506955, "params": {"C": 35.6547637709933, "epsilon": 3.761565077100394, "gamma": 2.4037537018999524}, "datetime": {"datetime": "2021-09-18 08:45:37", "elapsed": 111.497087, "delta": 0.857878}}
{"target": -5.402827540012707, "params": {"C": 16.634213217626208, "epsilon": 0.001, "gamma": 0.0001}, "datetime": {"datetime": "2021-09-18 08:45:38", "elapsed": 112.561249, "delta": 1.064162}}
{"target": -2.473860419548018, "params": {"C": 31.234937057489557, "epsilon": 2.171077467127267, "gamma": 0.01726755654424429}, "datetime": {"datetime": "2021-09-18 08:45:39", "elapsed": 113.496991, "delta": 0.935742}}
{"target": -4.845054029232668, "params": {"C": 30.17346696829053, "epsilon": 1.3256037209681961, "gamma": 0.0001}, "datetime": {"datetime": "2021-09-18 08:45:40", "elapsed": 114.542593, "delta": 1.045602}}
{"target": -3.533474220297464, "params": {"C": 32.235183962494794, "epsilon": 3.1383715829877747, "gamma": 0.26267530496061814}, "datetime": {"datetime": "2021-09-18 08:45:41", "elapsed": 115.514155, "delta": 0.971562}}
{"target": -4.644141742405639, "params": {"C": 31.931768717469115, "epsilon": 1.7451033311598643, "gamma": 0.927673896746358}, "datetime": {"datetime": "2021-09-18 08:45:43", "elapsed": 116.59733, "delta": 1.083175}}
{"target": -9.319078947368421, "params": {"C": 4.924298011026746, "epsilon": 25.449253606252466, "gamma": 0.27966937500399874}, "datetime": {"datetime": "2021-09-18 08:45:44", "elapsed": 117.609303, "delta": 1.011973}}
{"target": -5.958131906306981, "params": {"C": 28.35163115469002, "epsilon": 0.10640465786995464, "gamma": 2.998225217427216}, "datetime": {"datetime": "2021-09-18 08:45:45", "elapsed": 118.580905, "delta": 0.971602}}
{"target": -2.7757841195483284, "params": {"C": 31.19887361342625, "epsilon": 3.8397830404243836, "gamma": 0.06214398891510216}, "datetime": {"datetime": "2021-09-18 08:45:46", "elapsed": 119.676921, "delta": 1.096016}}
{"target": -9.319078947368421, "params": {"C": 21.73992352480167, "epsilon": 25.181640580672404, "gamma": 3.0}, "datetime": {"datetime": "2021-09-18 08:45:47", "elapsed": 120.705516, "delta": 1.028595}}
{"target": -6.018326608504602, "params": {"C": 18.709697927695608, "epsilon": 0.09434076346363307, "gamma": 2.9606147750482945}, "datetime": {"datetime": "2021-09-18 08:45:48", "elapsed": 121.624712, "delta": 0.919196}}
{"target": -8.728570801950505, "params": {"C": 2.9201491932333337, "epsilon": 16.048522730257115, "gamma": 3.0}, "datetime": {"datetime": "2021-09-18 08:45:49", "elapsed": 122.658598, "delta": 1.033886}}
{"target": -2.2156503160156604, "params": {"C": 24.613746203022814, "epsilon": 1.1532260070920666, "gamma": 0.03318166560781349}, "datetime": {"datetime": "2021-09-18 08:45:50", "elapsed": 123.572707, "delta": 0.914109}}
{"target": -6.623319462746976, "params": {"C": 7.33584159029613, "epsilon": 7.600698019240593, "gamma": 0.0001}, "datetime": {"datetime": "2021-09-18 08:45:50", "elapsed": 124.545997, "delta": 0.97329}}
{"target": -7.134827457735722, "params": {"C": 10.150984888384865, "epsilon": 6.665982655132065, "gamma": 3.0}, "datetime": {"datetime": "2021-09-18 08:45:51", "elapsed": 125.482215, "delta": 0.936218}}
{"target": -5.240166075484376, "params": {"C": 32.080939737076655, "epsilon": 5.133990493114117, "gamma": 0.0001}, "datetime": {"datetime": "2021-09-18 08:45:53", "elapsed": 126.622954, "delta": 1.140739}}
{"target": -2.8717644652956342, "params": {"C": 28.035609340066628, "epsilon": 4.510487413914978, "gamma": 0.017096406477859115}, "datetime": {"datetime": "2021-09-18 08:45:54", "elapsed": 127.628379, "delta": 1.005425}}
{"target": -2.7150789282966805, "params": {"C": 27.203237977150057, "epsilon": 3.9793153435073325, "gamma": 0.023230239687155305}, "datetime": {"datetime": "2021-09-18 08:45:55", "elapsed": 128.899327, "delta": 1.270948}}
{"target": -6.653857639935938, "params": {"C": 42.478559974822254, "epsilon": 10.56569783041456, "gamma": 0.0001}, "datetime": {"datetime": "2021-09-18 08:45:56", "elapsed": 130.268926, "delta": 1.369599}}
{"target": -6.19273661784912, "params": {"C": 28.056184252674992, "epsilon": 8.909923261542657, "gamma": 0.0001}, "datetime": {"datetime": "2021-09-18 08:45:57", "elapsed": 131.329073, "delta": 1.060147}}
{"target": -9.319078947368421, "params": {"C": 34.14978184118411, "epsilon": 29.94738789964523, "gamma": 0.27156122622089524}, "datetime": {"datetime": "2021-09-18 08:45:58", "elapsed": 132.525972, "delta": 1.196899}}
{"target": -8.389451531549714, "params": {"C": 38.65625475724613, "epsilon": 12.092410106372299, "gamma": 2.841148650532957}, "datetime": {"datetime": "2021-09-18 08:45:59", "elapsed": 133.518005, "delta": 0.992033}}
{"target": -1.9808092515165252, "params": {"C": 47.96919168701138, "epsilon": 0.09448748211051468, "gamma": 0.06910147180944676}, "datetime": {"datetime": "2021-09-18 08:46:00", "elapsed": 134.491274, "delta": 0.973269}}
{"target": -6.928224711775326, "params": {"C": 15.305626255488999, "epsilon": 5.219938933457791, "gamma": 3.0}, "datetime": {"datetime": "2021-09-18 08:46:01", "elapsed": 135.543196, "delta": 1.051922}}
{"target": -6.823504052353918, "params": {"C": 22.028597621219777, "epsilon": 4.4842922213937095, "gamma": 3.0}, "datetime": {"datetime": "2021-09-18 08:46:03", "elapsed": 136.600257, "delta": 1.057061}}
{"target": -5.134685200034414, "params": {"C": 21.57118542186572, "epsilon": 1.7680825955224206, "gamma": 0.0001}, "datetime": {"datetime": "2021-09-18 08:46:04", "elapsed": 137.723835, "delta": 1.123578}}
{"target": -4.475793723783788, "params": {"C": 48.702856212634856, "epsilon": 0.001, "gamma": 0.0001}, "datetime": {"datetime": "2021-09-18 08:46:05", "elapsed": 138.699946, "delta": 0.976111}}
{"target": -6.517489406225096, "params": {"C": 19.134588651240612, "epsilon": 9.314638162684293, "gamma": 0.0001}, "datetime": {"datetime": "2021-09-18 08:46:06", "elapsed": 139.749189, "delta": 1.049243}}
{"target": -7.07377832120895, "params": {"C": 40.0170683353421, "epsilon": 5.822709539226139, "gamma": 3.0}, "datetime": {"datetime": "2021-09-18 08:46:07", "elapsed": 140.746386, "delta": 0.997197}}
{"target": -5.904143497485454, "params": {"C": 35.740540590177844, "epsilon": 8.060059601584811, "gamma": 0.0001}, "datetime": {"datetime": "2021-09-18 08:46:08", "elapsed": 141.763738, "delta": 1.017352}}
{"target": -2.5099250261331094, "params": {"C": 23.666636299682754, "epsilon": 0.9783476367153334, "gamma": 0.009893833847031153}, "datetime": {"datetime": "2021-09-18 08:46:09", "elapsed": 142.793407, "delta": 1.029669}}
{"target": -1.9886383770163516, "params": {"C": 47.43095654692229, "epsilon": 0.15295835782668601, "gamma": 0.06608842795435868}, "datetime": {"datetime": "2021-09-18 08:46:10", "elapsed": 143.977545, "delta": 1.184138}}
{"target": -9.638886055608198, "params": {"C": 25.506842347562777, "epsilon": 19.081642209521046, "gamma": 0.06907184106317837}, "datetime": {"datetime": "2021-09-18 08:46:11", "elapsed": 145.002692, "delta": 1.025147}}
{"target": -2.7154529644001295, "params": {"C": 38.63559014612706, "epsilon": 3.071324494079639, "gamma": 0.09246044157202003}, "datetime": {"datetime": "2021-09-18 08:46:12", "elapsed": 146.059145, "delta": 1.056453}}
{"target": -5.743978203949109, "params": {"C": 39.817375743679094, "epsilon": 0.3373920449463718, "gamma": 2.4626643212631643}, "datetime": {"datetime": "2021-09-18 08:46:13", "elapsed": 147.12131, "delta": 1.062165}}
{"target": -7.443085538225701, "params": {"C": 23.583819644816653, "epsilon": 12.707604678675464, "gamma": 0.04062950200847095}, "datetime": {"datetime": "2021-09-18 08:46:14", "elapsed": 148.425122, "delta": 1.303812}}
{"target": -7.5895593467428855, "params": {"C": 0.13810496867984992, "epsilon": 13.371645115297781, "gamma": 0.033707013720066514}, "datetime": {"datetime": "2021-09-18 08:46:16", "elapsed": 149.707123, "delta": 1.282001}}
{"target": -9.319078947368421, "params": {"C": 11.183024513798573, "epsilon": 30.0, "gamma": 3.0}, "datetime": {"datetime": "2021-09-18 08:46:17", "elapsed": 150.792921, "delta": 1.085798}}
{"target": -9.319078947368421, "params": {"C": 46.42521480893376, "epsilon": 24.346985363844034, "gamma": 2.808594245093842}, "datetime": {"datetime": "2021-09-18 08:46:18", "elapsed": 151.933553, "delta": 1.140632}}
{"target": -4.56622357039409, "params": {"C": 44.592236575910626, "epsilon": 0.001, "gamma": 0.0001}, "datetime": {"datetime": "2021-09-18 08:46:19", "elapsed": 153.439294, "delta": 1.505741}}
{"target": -9.319078947368421, "params": {"C": 21.779284095204666, "epsilon": 29.962041361308717, "gamma": 0.06999263717889592}, "datetime": {"datetime": "2021-09-18 08:46:21", "elapsed": 154.638529, "delta": 1.199235}}
{"target": -5.311975568396768, "params": {"C": 50.0, "epsilon": 6.634788457182228, "gamma": 0.0001}, "datetime": {"datetime": "2021-09-18 08:46:22", "elapsed": 155.646064, "delta": 1.007535}}
