{"target": 0.9076000391083063, "params": {"C": 62.329217378480244, "epsilon": 0.21173965867547645, "gamma": 0.06383054057778634}, "datetime": {"datetime": "2021-09-18 14:04:17", "elapsed": 33.04061, "delta": 0.340587}}
{"target": 0.9142180063221632, "params": {"C": 113.29429166256847, "epsilon": 0.07263069735365048, "gamma": 0.06338806396644343}, "datetime": {"datetime": "2021-09-18 14:04:17", "elapsed": 33.405844, "delta": 0.365234}}
{"target": 0.9150472878347837, "params": {"C": 113.36244471347207, "epsilon": 0.04688092558771012, "gamma": 0.05983307996927217}, "datetime": {"datetime": "2021-09-18 14:04:18", "elapsed": 34.059842, "delta": 0.653998}}
{"target": 0.884812934235861, "params": {"C": 113.25579257998143, "epsilon": 0.03637519312731691, "gamma": 0.13663036205120382}, "datetime": {"datetime": "2021-09-18 14:04:19", "elapsed": 34.689056, "delta": 0.629214}}
{"target": 0.9121235170439532, "params": {"C": 97.59713932637243, "epsilon": 0.35950634714812013, "gamma": 0.05628390335119948}, "datetime": {"datetime": "2021-09-18 14:04:19", "elapsed": 35.281365, "delta": 0.592309}}
{"target": 0.9147222862285087, "params": {"C": 113.34507170469894, "epsilon": 0.1047679808999532, "gamma": 0.058120200555570316}, "datetime": {"datetime": "2021-09-18 14:04:20", "elapsed": 35.924401, "delta": 0.643036}}
{"target": 0.901857127130468, "params": {"C": 89.68862564813884, "epsilon": 0.3147193632690435, "gamma": 0.09418918433463966}, "datetime": {"datetime": "2021-09-18 14:04:20", "elapsed": 36.279397, "delta": 0.354996}}
{"target": 0.9076086648838604, "params": {"C": 97.67714862020253, "epsilon": 0.3356694640448716, "gamma": 0.07714827801957874}, "datetime": {"datetime": "2021-09-18 14:04:21", "elapsed": 36.831718, "delta": 0.552321}}
{"target": 0.9008350393299933, "params": {"C": 113.43821081299696, "epsilon": 0.07469585537301338, "gamma": 0.09958994209461025}, "datetime": {"datetime": "2021-09-18 14:04:21", "elapsed": 37.396177, "delta": 0.564459}}
{"target": 0.9132484966257908, "params": {"C": 113.25419653486563, "epsilon": 0.16486420939916693, "gamma": 0.06249150916357228}, "datetime": {"datetime": "2021-09-18 14:04:22", "elapsed": 37.932822, "delta": 0.536645}}
{"target": 0.9097732710931535, "params": {"C": 97.79857234996064, "epsilon": 0.6079901819448814, "gamma": 0.05849802014071105}, "datetime": {"datetime": "2021-09-18 14:04:22", "elapsed": 38.48538, "delta": 0.552558}}
{"target": 0.9142177996019921, "params": {"C": 113.3267620907682, "epsilon": 0.219477346947795, "gamma": 0.05}, "datetime": {"datetime": "2021-09-18 14:04:23", "elapsed": 39.234448, "delta": 0.749068}}
{"target": 0.8944076640556746, "params": {"C": 113.33962560905903, "epsilon": 0.22541493544616945, "gamma": 0.11458227259191886}, "datetime": {"datetime": "2021-09-18 14:04:24", "elapsed": 39.825412, "delta": 0.590964}}
{"target": 0.894961549971134, "params": {"C": 52.833362848627985, "epsilon": 0.5420872662717395, "gamma": 0.09390168934447833}, "datetime": {"datetime": "2021-09-18 14:04:24", "elapsed": 40.206444, "delta": 0.381032}}
{"target": 0.9117565336212066, "params": {"C": 113.26014173444321, "epsilon": 0.2379297889852579, "gamma": 0.06422846654512339}, "datetime": {"datetime": "2021-09-18 14:04:25", "elapsed": 40.871214, "delta": 0.66477}}
{"target": 0.9048257700281351, "params": {"C": 113.12249242999837, "epsilon": 0.23583238581028998, "gamma": 0.08838080695931681}, "datetime": {"datetime": "2021-09-18 14:04:25", "elapsed": 41.42662, "delta": 0.555406}}
{"target": 0.9031319299560628, "params": {"C": 64.3082549838728, "epsilon": 0.8892446394571396, "gamma": 0.05856869547794777}, "datetime": {"datetime": "2021-09-18 14:04:26", "elapsed": 41.818251, "delta": 0.391631}}
{"target": 0.9039710821787728, "params": {"C": 97.56176688211598, "epsilon": 0.26855754130939036, "gamma": 0.0892333666149488}, "datetime": {"datetime": "2021-09-18 14:04:27", "elapsed": 42.51208, "delta": 0.693829}}
{"target": 0.9080245699123922, "params": {"C": 62.27638224131861, "epsilon": 0.11300753204162681, "gamma": 0.06499725120478383}, "datetime": {"datetime": "2021-09-18 14:04:27", "elapsed": 43.043652, "delta": 0.531572}}
{"target": 0.8824424760738181, "params": {"C": 62.19071022663384, "epsilon": 0.1587598514671023, "gamma": 0.13440130586231086}, "datetime": {"datetime": "2021-09-18 14:04:28", "elapsed": 43.624583, "delta": 0.580931}}
{"target": 0.906752476396104, "params": {"C": 78.47811089712819, "epsilon": 0.7393997516883365, "gamma": 0.06044637819694061}, "datetime": {"datetime": "2021-09-18 14:04:28", "elapsed": 44.000016, "delta": 0.375433}}
{"target": 0.913299870198568, "params": {"C": 113.23281326615914, "epsilon": 0.3616368768525059, "gamma": 0.05740378941097984}, "datetime": {"datetime": "2021-09-18 14:04:29", "elapsed": 44.52462, "delta": 0.524604}}
{"target": 0.9104413626617033, "params": {"C": 113.21311472650882, "epsilon": 0.4705184937826181, "gamma": 0.06669833782134368}, "datetime": {"datetime": "2021-09-18 14:04:29", "elapsed": 45.143671, "delta": 0.619051}}
{"target": 0.9077182805568593, "params": {"C": 113.31217447744325, "epsilon": 0.4091171762463808, "gamma": 0.07563662921930905}, "datetime": {"datetime": "2021-09-18 14:04:30", "elapsed": 45.663234, "delta": 0.519563}}
{"target": 0.8922191688948211, "params": {"C": 78.66443757647568, "epsilon": 0.8504731855936422, "gamma": 0.10343178841295778}, "datetime": {"datetime": "2021-09-18 14:04:30", "elapsed": 46.059741, "delta": 0.396507}}
{"target": 0.9105483994546087, "params": {"C": 113.12620302120324, "epsilon": 0.36008379626490994, "gamma": 0.06668678279040255}, "datetime": {"datetime": "2021-09-18 14:04:31", "elapsed": 46.750646, "delta": 0.690905}}
{"target": 0.8928470978450325, "params": {"C": 113.15490978009679, "epsilon": 0.4289601662434836, "gamma": 0.1145443211614478}, "datetime": {"datetime": "2021-09-18 14:04:31", "elapsed": 47.414681, "delta": 0.664035}}
{"target": 0.912149116122117, "params": {"C": 113.03070080557006, "epsilon": 0.2966575861550932, "gamma": 0.06155602344849714}, "datetime": {"datetime": "2021-09-18 14:04:32", "elapsed": 48.032243, "delta": 0.617562}}
{"target": 0.9121273264586383, "params": {"C": 113.27143291575824, "epsilon": 0.5544969864035918, "gamma": 0.053258599014939435}, "datetime": {"datetime": "2021-09-18 14:04:33", "elapsed": 48.671203, "delta": 0.63896}}
{"target": 0.8680468996206149, "params": {"C": 113.30543673169225, "epsilon": 0.586587385793555, "gamma": 0.14783421548619508}, "datetime": {"datetime": "2021-09-18 14:04:33", "elapsed": 49.478285, "delta": 0.807082}}
{"target": 0.9062312587646689, "params": {"C": 113.00316223198053, "epsilon": 0.3702720271055078, "gamma": 0.08358237962516613}, "datetime": {"datetime": "2021-09-18 14:04:34", "elapsed": 50.157118, "delta": 0.678833}}
{"target": 0.8844365832400396, "params": {"C": 112.99413828704996, "epsilon": 0.29276164621785655, "gamma": 0.13353344389983507}, "datetime": {"datetime": "2021-09-18 14:04:35", "elapsed": 50.770978, "delta": 0.61386}}
{"target": 0.9081045218848942, "params": {"C": 70.9067703144004, "epsilon": 0.2168589897487551, "gamma": 0.06818679935874379}, "datetime": {"datetime": "2021-09-18 14:04:35", "elapsed": 51.354522, "delta": 0.583544}}
{"target": 0.9110504262357638, "params": {"C": 97.54042789886469, "epsilon": 0.4145517291640857, "gamma": 0.05}, "datetime": {"datetime": "2021-09-18 14:04:36", "elapsed": 51.946971, "delta": 0.592449}}
{"target": 0.8739248233315524, "params": {"C": 90.31274464623368, "epsilon": 0.8352873476669724, "gamma": 0.13491719179366937}, "datetime": {"datetime": "2021-09-18 14:04:36", "elapsed": 52.384293, "delta": 0.437322}}
{"target": 0.9099078047447678, "params": {"C": 71.4469098834777, "epsilon": 0.04046568679289833, "gamma": 0.05}, "datetime": {"datetime": "2021-09-18 14:04:37", "elapsed": 53.079146, "delta": 0.694853}}
{"target": 0.9105628734301702, "params": {"C": 115.74265917537247, "epsilon": 0.19301995799736463, "gamma": 0.07373635346133661}, "datetime": {"datetime": "2021-09-18 14:04:38", "elapsed": 53.571291, "delta": 0.492145}}
{"target": 0.9027660853338552, "params": {"C": 82.08338052859534, "epsilon": 0.8246124367400429, "gamma": 0.07987163660337816}, "datetime": {"datetime": "2021-09-18 14:04:38", "elapsed": 54.009199, "delta": 0.437908}}
{"target": 0.8823282632167551, "params": {"C": 115.66137989150597, "epsilon": 0.21384434218619133, "gamma": 0.13763949165024142}, "datetime": {"datetime": "2021-09-18 14:04:39", "elapsed": 54.799741, "delta": 0.790542}}
{"target": 0.8916134780611457, "params": {"C": 115.83251624650798, "epsilon": 0.1524564879100034, "gamma": 0.12243650885377934}, "datetime": {"datetime": "2021-09-18 14:04:39", "elapsed": 55.471246, "delta": 0.671505}}
{"target": 0.9141852532229375, "params": {"C": 113.28873904925425, "epsilon": 0.3328339834394158, "gamma": 0.05345254879163017}, "datetime": {"datetime": "2021-09-18 14:04:40", "elapsed": 56.281729, "delta": 0.810483}}
{"target": 0.8988106842121467, "params": {"C": 62.389011655651885, "epsilon": 0.029769762583654293, "gamma": 0.09452057517968868}, "datetime": {"datetime": "2021-09-18 14:04:41", "elapsed": 56.867563, "delta": 0.585834}}
{"target": 0.8787758578883411, "params": {"C": 70.8961017698919, "epsilon": 0.2555730122534081, "gamma": 0.1450479891002177}, "datetime": {"datetime": "2021-09-18 14:04:41", "elapsed": 57.432025, "delta": 0.564462}}
{"target": 0.8912741149686078, "params": {"C": 113.22449727096738, "epsilon": 0.31290160466127387, "gamma": 0.1203353260364154}, "datetime": {"datetime": "2021-09-18 14:04:42", "elapsed": 58.06454, "delta": 0.632515}}
{"target": 0.9082565176369827, "params": {"C": 70.97685873029846, "epsilon": 0.16299302376421096, "gamma": 0.05}, "datetime": {"datetime": "2021-09-18 14:04:43", "elapsed": 58.732956, "delta": 0.668416}}
{"target": 0.9100984003364774, "params": {"C": 97.82440749124794, "epsilon": 0.6788022177385713, "gamma": 0.05183217228608529}, "datetime": {"datetime": "2021-09-18 14:04:43", "elapsed": 59.43074, "delta": 0.697784}}
{"target": 0.8794323585633859, "params": {"C": 94.76378871213143, "epsilon": 0.10569147759968572, "gamma": 0.14612741352233977}, "datetime": {"datetime": "2021-09-18 14:04:44", "elapsed": 60.122925, "delta": 0.692185}}
{"target": 0.8961534382998303, "params": {"C": 71.17900731452315, "epsilon": 0.3744928680570966, "gamma": 0.104773115354593}, "datetime": {"datetime": "2021-09-18 14:04:45", "elapsed": 60.792447, "delta": 0.669522}}
{"target": 0.8799589622569473, "params": {"C": 80.58957138295465, "epsilon": 0.07935084805179209, "gamma": 0.1443661098314051}, "datetime": {"datetime": "2021-09-18 14:04:46", "elapsed": 61.60192, "delta": 0.809473}}
{"target": 0.9112897039705302, "params": {"C": 98.91444411250365, "epsilon": 0.3208467711182838, "gamma": 0.06306876763024756}, "datetime": {"datetime": "2021-09-18 14:04:46", "elapsed": 62.08037, "delta": 0.47845}}
{"target": 0.9065328792662448, "params": {"C": 84.94346257706185, "epsilon": 0.2333983512069203, "gamma": 0.07536380464862853}, "datetime": {"datetime": "2021-09-18 14:04:47", "elapsed": 62.55674, "delta": 0.47637}}
{"target": 0.8878862402161628, "params": {"C": 97.6242838345976, "epsilon": 0.38966395755607447, "gamma": 0.1253848020099895}, "datetime": {"datetime": "2021-09-18 14:04:47", "elapsed": 63.396036, "delta": 0.839296}}
{"target": 0.8841969542527173, "params": {"C": 67.96444598827954, "epsilon": 0.6980998344444876, "gamma": 0.12355671237689737}, "datetime": {"datetime": "2021-09-18 14:04:48", "elapsed": 63.860339, "delta": 0.464303}}
{"target": 0.8917035290684693, "params": {"C": 66.40173168693109, "epsilon": 0.24964628005121867, "gamma": 0.11432346620788661}, "datetime": {"datetime": "2021-09-18 14:04:48", "elapsed": 64.358097, "delta": 0.497758}}
{"target": 0.9112449605685803, "params": {"C": 97.54898411564416, "epsilon": 0.4674238319534198, "gamma": 0.05198739452865279}, "datetime": {"datetime": "2021-09-18 14:04:49", "elapsed": 64.925989, "delta": 0.567892}}
{"target": 0.9024671957366717, "params": {"C": 91.48847691932585, "epsilon": 0.8303779710333048, "gamma": 0.08333492804579093}, "datetime": {"datetime": "2021-09-18 14:04:49", "elapsed": 65.41482, "delta": 0.488831}}
{"target": 0.9136130377833169, "params": {"C": 113.35168731119144, "epsilon": 0.3001263914555921, "gamma": 0.05}, "datetime": {"datetime": "2021-09-18 14:04:50", "elapsed": 66.082167, "delta": 0.667347}}
{"target": 0.910320842573532, "params": {"C": 71.29338868463316, "epsilon": 0.10623458666591364, "gamma": 0.057218006078718034}, "datetime": {"datetime": "2021-09-18 14:04:51", "elapsed": 66.75698, "delta": 0.674813}}
{"target": 0.8787120714991529, "params": {"C": 98.92208220011479, "epsilon": 0.33652064949026456, "gamma": 0.1431367842813019}, "datetime": {"datetime": "2021-09-18 14:04:51", "elapsed": 67.443661, "delta": 0.686681}}
{"target": 0.9085943848265088, "params": {"C": 92.04709224470687, "epsilon": 0.06383936962201953, "gamma": 0.07643649748916002}, "datetime": {"datetime": "2021-09-18 14:04:52", "elapsed": 67.954548, "delta": 0.510887}}
{"target": 0.901711580074289, "params": {"C": 109.39792767129654, "epsilon": 0.1646800880585747, "gamma": 0.09750865924725519}, "datetime": {"datetime": "2021-09-18 14:04:52", "elapsed": 68.482766, "delta": 0.528218}}
{"target": 0.8774093505442033, "params": {"C": 97.8248491810822, "epsilon": 0.6634430502119827, "gamma": 0.13478063189962114}, "datetime": {"datetime": "2021-09-18 14:04:53", "elapsed": 69.083477, "delta": 0.600711}}
{"target": 0.9120079801398513, "params": {"C": 98.88510343315495, "epsilon": 0.26069551676351704, "gamma": 0.05}, "datetime": {"datetime": "2021-09-18 14:04:54", "elapsed": 69.953001, "delta": 0.869524}}
{"target": 0.9150099686892803, "params": {"C": 113.31627562542478, "epsilon": 0.1371396519991695, "gamma": 0.05400588232470635}, "datetime": {"datetime": "2021-09-18 14:04:55", "elapsed": 70.808355, "delta": 0.855354}}
{"target": 0.9115970353757556, "params": {"C": 98.83892906882093, "epsilon": 0.32131703471283024, "gamma": 0.05}, "datetime": {"datetime": "2021-09-18 14:04:56", "elapsed": 71.632223, "delta": 0.823868}}
{"target": 0.9135698121684648, "params": {"C": 113.09061569828295, "epsilon": 0.3069991041590795, "gamma": 0.05}, "datetime": {"datetime": "2021-09-18 14:04:56", "elapsed": 72.429809, "delta": 0.797586}}
{"target": 0.9121224254838466, "params": {"C": 98.97767339090771, "epsilon": 0.2743036175108161, "gamma": 0.051571403614902735}, "datetime": {"datetime": "2021-09-18 14:04:57", "elapsed": 73.162944, "delta": 0.733135}}
{"target": 0.8946552393848823, "params": {"C": 114.7701532995099, "epsilon": 0.7469808572586197, "gamma": 0.1037153344031802}, "datetime": {"datetime": "2021-09-18 14:04:58", "elapsed": 73.70129, "delta": 0.538346}}
{"target": 0.9076125444338734, "params": {"C": 98.96320032861041, "epsilon": 0.189972887068709, "gamma": 0.0812451545989906}, "datetime": {"datetime": "2021-09-18 14:04:58", "elapsed": 74.359243, "delta": 0.657953}}
{"target": 0.9125233330874575, "params": {"C": 98.80613002492349, "epsilon": 0.21817487230423696, "gamma": 0.054279478395926395}, "datetime": {"datetime": "2021-09-18 14:04:59", "elapsed": 75.297612, "delta": 0.938369}}
{"target": 0.9101676331370429, "params": {"C": 98.71191528185238, "epsilon": 0.2577704768660156, "gamma": 0.06761049811837563}, "datetime": {"datetime": "2021-09-18 14:05:00", "elapsed": 76.256964, "delta": 0.959352}}
{"target": 0.9013313921112168, "params": {"C": 50.97193948667452, "epsilon": 0.7510384872888377, "gamma": 0.05868614630584003}, "datetime": {"datetime": "2021-09-18 14:05:01", "elapsed": 76.760509, "delta": 0.503545}}
{"target": 0.9128145185777543, "params": {"C": 98.71502508694282, "epsilon": 0.17214156456385618, "gamma": 0.05331889030618403}, "datetime": {"datetime": "2021-09-18 14:05:02", "elapsed": 77.888034, "delta": 1.127525}}
{"target": 0.9087820283020318, "params": {"C": 98.84603244930011, "epsilon": 0.11648466921612846, "gamma": 0.07499243537797586}, "datetime": {"datetime": "2021-09-18 14:05:03", "elapsed": 78.723406, "delta": 0.835372}}
{"target": 0.9026265513026819, "params": {"C": 73.72837633458009, "epsilon": 0.3294386533667962, "gamma": 0.08631379966476956}, "datetime": {"datetime": "2021-09-18 14:05:03", "elapsed": 79.25631, "delta": 0.532904}}
{"target": 0.9126666175262452, "params": {"C": 98.69954146411311, "epsilon": 0.06032083363671156, "gamma": 0.06506392194769321}, "datetime": {"datetime": "2021-09-18 14:05:04", "elapsed": 79.970571, "delta": 0.714261}}
{"target": 0.8911432423861338, "params": {"C": 98.76261811937344, "epsilon": 0.06441506059574299, "gamma": 0.12091112902093983}, "datetime": {"datetime": "2021-09-18 14:05:05", "elapsed": 80.773216, "delta": 0.802645}}
{"target": 0.8836146334550851, "params": {"C": 98.7818925085073, "epsilon": 0.24697579532636058, "gamma": 0.1370198719968062}, "datetime": {"datetime": "2021-09-18 14:05:05", "elapsed": 81.454295, "delta": 0.681079}}
{"target": 0.9127169756485499, "params": {"C": 113.19633793773988, "epsilon": 0.5523678201879089, "gamma": 0.05}, "datetime": {"datetime": "2021-09-18 14:05:06", "elapsed": 82.1821, "delta": 0.727805}}
{"target": 0.9083800168096077, "params": {"C": 72.98067302201676, "epsilon": 0.42969048229286144, "gamma": 0.057114298021074386}, "datetime": {"datetime": "2021-09-18 14:05:07", "elapsed": 82.738363, "delta": 0.556263}}
{"target": 0.9031521063638727, "params": {"C": 58.972937073940074, "epsilon": 0.055266175701052425, "gamma": 0.08314433907238947}, "datetime": {"datetime": "2021-09-18 14:05:07", "elapsed": 83.319988, "delta": 0.581625}}
{"target": 0.9136503450343438, "params": {"C": 94.70279232742273, "epsilon": 0.040942059924258645, "gamma": 0.05245687818065169}, "datetime": {"datetime": "2021-09-18 14:05:08", "elapsed": 84.115731, "delta": 0.795743}}
{"target": 0.9127515401558727, "params": {"C": 98.62845660293284, "epsilon": 0.19744324715868464, "gamma": 0.05811330273670509}, "datetime": {"datetime": "2021-09-18 14:05:09", "elapsed": 85.050805, "delta": 0.935074}}
{"target": 0.8956815953674869, "params": {"C": 98.58809688438188, "epsilon": 0.07891383104849067, "gamma": 0.11098467816396301}, "datetime": {"datetime": "2021-09-18 14:05:10", "elapsed": 85.923375, "delta": 0.87257}}
{"target": 0.9073524056424305, "params": {"C": 62.27949505429523, "epsilon": 0.11958632737196873, "gamma": 0.06883639821963752}, "datetime": {"datetime": "2021-09-18 14:05:10", "elapsed": 86.482131, "delta": 0.558756}}
{"target": 0.9117112992812253, "params": {"C": 98.62123175211642, "epsilon": 0.28769101305848926, "gamma": 0.05}, "datetime": {"datetime": "2021-09-18 14:05:11", "elapsed": 87.411247, "delta": 0.929116}}
{"target": 0.9121773844043841, "params": {"C": 98.52779460006983, "epsilon": 0.28051516305772506, "gamma": 0.052750241005841275}, "datetime": {"datetime": "2021-09-18 14:05:12", "elapsed": 88.301878, "delta": 0.890631}}
{"target": 0.896335359311405, "params": {"C": 98.55110289134645, "epsilon": 0.231036048195482, "gamma": 0.10841003593812769}, "datetime": {"datetime": "2021-09-18 14:05:13", "elapsed": 89.075109, "delta": 0.773231}}
{"target": 0.8994949451117896, "params": {"C": 98.5460863980417, "epsilon": 0.3464481249861516, "gamma": 0.09877362018906724}, "datetime": {"datetime": "2021-09-18 14:05:14", "elapsed": 89.961813, "delta": 0.886704}}
{"target": 0.9065443372276594, "params": {"C": 73.05499801557636, "epsilon": 0.5078820502497265, "gamma": 0.06655265527270746}, "datetime": {"datetime": "2021-09-18 14:05:15", "elapsed": 90.749367, "delta": 0.787554}}
{"target": 0.913250053367981, "params": {"C": 98.93906254902795, "epsilon": 0.08549538306391605, "gamma": 0.05}, "datetime": {"datetime": "2021-09-18 14:05:16", "elapsed": 91.544881, "delta": 0.795514}}
{"target": 0.9044616906656757, "params": {"C": 71.85100298386466, "epsilon": 0.8072967217547615, "gamma": 0.06521546278673905}, "datetime": {"datetime": "2021-09-18 14:05:16", "elapsed": 92.102676, "delta": 0.557795}}
{"target": 0.9130013340848145, "params": {"C": 99.0125071240189, "epsilon": 0.06055285126014008, "gamma": 0.06320758876942575}, "datetime": {"datetime": "2021-09-18 14:05:17", "elapsed": 93.186934, "delta": 1.084258}}
{"target": 0.8862949090950712, "params": {"C": 99.06348569258083, "epsilon": 0.1082154964720584, "gamma": 0.13246362002484618}, "datetime": {"datetime": "2021-09-18 14:05:18", "elapsed": 94.041712, "delta": 0.854778}}
{"target": 0.8874971641612003, "params": {"C": 98.94386577117538, "epsilon": 0.056950954374982654, "gamma": 0.12991921703103015}, "datetime": {"datetime": "2021-09-18 14:05:19", "elapsed": 95.02615, "delta": 0.984438}}
{"target": 0.9115836436408477, "params": {"C": 80.75613125478367, "epsilon": 0.07185391282872036, "gamma": 0.0515340182587}, "datetime": {"datetime": "2021-09-18 14:05:20", "elapsed": 95.851328, "delta": 0.825178}}
{"target": 0.9117021771074895, "params": {"C": 98.89627853664612, "epsilon": 0.17795084188510976, "gamma": 0.06444968666332516}, "datetime": {"datetime": "2021-09-18 14:05:21", "elapsed": 96.71032, "delta": 0.858992}}
{"target": 0.8756445834471861, "params": {"C": 72.9806173629685, "epsilon": 0.4704115916790732, "gamma": 0.14692322691515436}, "datetime": {"datetime": "2021-09-18 14:05:22", "elapsed": 97.567627, "delta": 0.857307}}
{"target": 0.9115409759007354, "params": {"C": 98.70348481329893, "epsilon": 0.3700228963396041, "gamma": 0.05132476886074088}, "datetime": {"datetime": "2021-09-18 14:05:22", "elapsed": 98.444491, "delta": 0.876864}}
{"target": 0.9099389714416559, "params": {"C": 98.68684990907755, "epsilon": 0.4615984179514951, "gamma": 0.0634346780704633}, "datetime": {"datetime": "2021-09-18 14:05:23", "elapsed": 99.317711, "delta": 0.87322}}
{"target": 0.884394804504783, "params": {"C": 67.50646393277889, "epsilon": 0.24975437792302882, "gamma": 0.13153829630864766}, "datetime": {"datetime": "2021-09-18 14:05:24", "elapsed": 99.883869, "delta": 0.566158}}
