{"target": 0.902897136102608, "params": {"C": 95.17357634580148, "epsilon": 0.220487808904688, "gamma": 0.0363410945908461}, "datetime": {"datetime": "2021-09-18 14:29:40", "elapsed": 25.999938, "delta": 0.346042}}
{"target": 0.9104351409438034, "params": {"C": 92.95186969445747, "epsilon": 0.5359940023690717, "gamma": 0.05}, "datetime": {"datetime": "2021-09-18 14:29:40", "elapsed": 26.428917, "delta": 0.428979}}
{"target": 0.8760702413471103, "params": {"C": 62.329217378480244, "epsilon": 0.21173965867547645, "gamma": 0.015532216231114539}, "datetime": {"datetime": "2021-09-18 14:29:40", "elapsed": 26.765898, "delta": 0.336981}}
{"target": 0.8782350371569222, "params": {"C": 113.29429166256847, "epsilon": 0.07263069735365048, "gamma": 0.015355225586577374}, "datetime": {"datetime": "2021-09-18 14:29:41", "elapsed": 27.147893, "delta": 0.381995}}
{"target": 0.8754149683571707, "params": {"C": 107.29387823853887, "epsilon": 0.9017238278991169, "gamma": 0.017404346977290736}, "datetime": {"datetime": "2021-09-18 14:29:41", "elapsed": 27.519898, "delta": 0.372005}}
{"target": 0.8943633110208351, "params": {"C": 105.28239342383, "epsilon": 0.7404326122295762, "gamma": 0.027787784363019104}, "datetime": {"datetime": "2021-09-18 14:29:41", "elapsed": 27.916898, "delta": 0.397}}
{"target": 0.9094164811502675, "params": {"C": 110.03759403155686, "epsilon": 0.8604095541184966, "gamma": 0.04732570741982243}, "datetime": {"datetime": "2021-09-18 14:29:42", "elapsed": 28.464936, "delta": 0.548038}}
{"target": 0.8913902167279851, "params": {"C": 109.79628299077142, "epsilon": 0.6919387153001981, "gamma": 0.025906604356979487}, "datetime": {"datetime": "2021-09-18 14:29:42", "elapsed": 28.887942, "delta": 0.423006}}
{"target": 0.8911741077132275, "params": {"C": 89.68862564813884, "epsilon": 0.3147193632690435, "gamma": 0.027675673733855863}, "datetime": {"datetime": "2021-09-18 14:29:43", "elapsed": 29.273936, "delta": 0.385994}}
{"target": 0.9121298636557645, "params": {"C": 113.85052715219518, "epsilon": 0.5860416635420118, "gamma": 0.046903629146338985}, "datetime": {"datetime": "2021-09-18 14:29:43", "elapsed": 29.737938, "delta": 0.464002}}
{"target": 0.9037596263164748, "params": {"C": 109.75816489384675, "epsilon": 0.7853016132254623, "gamma": 0.03441698260009685}, "datetime": {"datetime": "2021-09-18 14:29:44", "elapsed": 30.201901, "delta": 0.463963}}
{"target": 0.9101581801617008, "params": {"C": 106.7275295485407, "epsilon": 0.6960284196034799, "gamma": 0.04504619182055286}, "datetime": {"datetime": "2021-09-18 14:29:44", "elapsed": 30.593899, "delta": 0.391998}}
{"target": 0.8863454663374832, "params": {"C": 113.8750749774745, "epsilon": 0.594703008592542, "gamma": 0.023365663401853663}, "datetime": {"datetime": "2021-09-18 14:29:45", "elapsed": 31.056903, "delta": 0.463004}}
{"target": 0.878387901335795, "params": {"C": 84.95549330773348, "epsilon": 0.17740229243371516, "gamma": 0.015470417778236604}, "datetime": {"datetime": "2021-09-18 14:29:45", "elapsed": 31.426903, "delta": 0.37}}
{"target": 0.908854238590917, "params": {"C": 92.99102768908037, "epsilon": 0.5185878631162718, "gamma": 0.04621248211115234}, "datetime": {"datetime": "2021-09-18 14:29:45", "elapsed": 31.839934, "delta": 0.413031}}
{"target": 0.8859716596783281, "params": {"C": 52.833362848627985, "epsilon": 0.5420872662717395, "gamma": 0.027560675737791335}, "datetime": {"datetime": "2021-09-18 14:29:46", "elapsed": 32.2199, "delta": 0.379966}}
{"target": 0.9130457670080023, "params": {"C": 105.44629561949213, "epsilon": 0.1444987660363327, "gamma": 0.048951973669805034}, "datetime": {"datetime": "2021-09-18 14:29:46", "elapsed": 32.760933, "delta": 0.541033}}
{"target": 0.9104742164775129, "params": {"C": 106.69603841452849, "epsilon": 0.6878802701050261, "gamma": 0.047560200552074286}, "datetime": {"datetime": "2021-09-18 14:29:47", "elapsed": 33.189903, "delta": 0.42897}}
{"target": 0.9097214439983774, "params": {"C": 104.51508045176551, "epsilon": 0.5634078071879352, "gamma": 0.04392846804252842}, "datetime": {"datetime": "2021-09-18 14:29:47", "elapsed": 33.606896, "delta": 0.416993}}
{"target": 0.9003876127013206, "params": {"C": 92.9455909503685, "epsilon": 0.49945794609181576, "gamma": 0.03503946118891278}, "datetime": {"datetime": "2021-09-18 14:29:48", "elapsed": 34.171893, "delta": 0.564997}}
{"target": 0.9098999405150557, "params": {"C": 104.5161634067131, "epsilon": 0.5255609498222067, "gamma": 0.043968569895531086}, "datetime": {"datetime": "2021-09-18 14:29:48", "elapsed": 34.669898, "delta": 0.498005}}
{"target": 0.8967390407592972, "params": {"C": 51.45253976996076, "epsilon": 0.5589185747083468, "gamma": 0.04387302785450176}, "datetime": {"datetime": "2021-09-18 14:29:49", "elapsed": 35.045898, "delta": 0.376}}
{"target": 0.8742237749391236, "params": {"C": 78.47811089712819, "epsilon": 0.7393997516883365, "gamma": 0.014178551278776243}, "datetime": {"datetime": "2021-09-18 14:29:49", "elapsed": 35.411895, "delta": 0.365997}}
{"target": 0.910464713723907, "params": {"C": 105.25309294678235, "epsilon": 0.6678476157929277, "gamma": 0.04760310695372738}, "datetime": {"datetime": "2021-09-18 14:29:49", "elapsed": 35.863935, "delta": 0.45204}}
{"target": 0.9097606580161084, "params": {"C": 106.67461384767768, "epsilon": 0.7330569021472364, "gamma": 0.044142781284455125}, "datetime": {"datetime": "2021-09-18 14:29:50", "elapsed": 36.291897, "delta": 0.427962}}
{"target": 0.8947326129632329, "params": {"C": 96.88716444886953, "epsilon": 0.676531033321679, "gamma": 0.029560422632876435}, "datetime": {"datetime": "2021-09-18 14:29:50", "elapsed": 36.727895, "delta": 0.435998}}
{"target": 0.8942327519752213, "params": {"C": 78.66443757647568, "epsilon": 0.8504731855936422, "gamma": 0.031372715365183115}, "datetime": {"datetime": "2021-09-18 14:29:51", "elapsed": 37.111577, "delta": 0.383682}}
{"target": 0.9107092028293996, "params": {"C": 113.76807467753481, "epsilon": 0.6799257412129214, "gamma": 0.044223116509735}, "datetime": {"datetime": "2021-09-18 14:29:51", "elapsed": 37.519579, "delta": 0.408002}}
{"target": 0.9100483978155516, "params": {"C": 87.03750890566312, "epsilon": 0.15865815506575337, "gamma": 0.04716614019816181}, "datetime": {"datetime": "2021-09-18 14:29:51", "elapsed": 37.97062, "delta": 0.451041}}
{"target": 0.9036637153946288, "params": {"C": 104.54461908567566, "epsilon": 0.531775816729805, "gamma": 0.035863824052298744}, "datetime": {"datetime": "2021-09-18 14:29:52", "elapsed": 38.535517, "delta": 0.564897}}
{"target": 0.8926600240280003, "params": {"C": 116.87721946911006, "epsilon": 0.6738336553876916, "gamma": 0.025865747799062186}, "datetime": {"datetime": "2021-09-18 14:29:52", "elapsed": 38.930565, "delta": 0.395048}}
{"target": 0.8825254507241612, "params": {"C": 87.06124229612166, "epsilon": 0.15750322075506257, "gamma": 0.02364394162890568}, "datetime": {"datetime": "2021-09-18 14:29:53", "elapsed": 39.758562, "delta": 0.827997}}
{"target": 0.9100211287392505, "params": {"C": 106.64423525572695, "epsilon": 0.7176433419577023, "gamma": 0.044931749802412387}, "datetime": {"datetime": "2021-09-18 14:29:54", "elapsed": 40.263516, "delta": 0.504954}}
{"target": 0.9098053590051872, "params": {"C": 106.64173337735352, "epsilon": 0.7686545247139595, "gamma": 0.04595406164708602}, "datetime": {"datetime": "2021-09-18 14:29:54", "elapsed": 40.742521, "delta": 0.479005}}
{"target": 0.8801205399352833, "params": {"C": 53.671454294996835, "epsilon": 0.7919701040189657, "gamma": 0.023529955217900314}, "datetime": {"datetime": "2021-09-18 14:29:55", "elapsed": 41.15152, "delta": 0.408999}}
{"target": 0.8862740980728877, "params": {"C": 64.96262159790098, "epsilon": 0.16224879751429397, "gamma": 0.027249392423027853}, "datetime": {"datetime": "2021-09-18 14:29:55", "elapsed": 41.638542, "delta": 0.487022}}
{"target": 0.9058292577422045, "params": {"C": 90.31274464623368, "epsilon": 0.8352873476669724, "gamma": 0.043966876717467754}, "datetime": {"datetime": "2021-09-18 14:29:56", "elapsed": 42.059577, "delta": 0.421035}}
{"target": 0.8785672526234508, "params": {"C": 104.48674218331746, "epsilon": 0.5672218884688742, "gamma": 0.017021543321623308}, "datetime": {"datetime": "2021-09-18 14:29:56", "elapsed": 42.617541, "delta": 0.557964}}
{"target": 0.8786632614659992, "params": {"C": 115.74265917537247, "epsilon": 0.19301995799736463, "gamma": 0.019494541384534644}, "datetime": {"datetime": "2021-09-18 14:29:57", "elapsed": 43.060239, "delta": 0.442698}}
{"target": 0.8788952288513572, "params": {"C": 82.08338052859534, "epsilon": 0.8246124367400429, "gamma": 0.021948654641351265}, "datetime": {"datetime": "2021-09-18 14:29:57", "elapsed": 43.485669, "delta": 0.42543}}
{"target": 0.8772221375328588, "params": {"C": 106.61877911681316, "epsilon": 0.7328219623702412, "gamma": 0.015032440653815083}, "datetime": {"datetime": "2021-09-18 14:29:58", "elapsed": 44.047668, "delta": 0.561999}}
{"target": 0.9091664626665839, "params": {"C": 106.65669215971027, "epsilon": 0.6727897251105744, "gamma": 0.042419166213166576}, "datetime": {"datetime": "2021-09-18 14:29:58", "elapsed": 44.629663, "delta": 0.581995}}
{"target": 0.9087712374109397, "params": {"C": 116.90000390751592, "epsilon": 0.6168164915215038, "gamma": 0.03981089421144358}, "datetime": {"datetime": "2021-09-18 14:29:59", "elapsed": 45.377564, "delta": 0.747901}}
{"target": 0.9103368721193411, "params": {"C": 87.01010238341073, "epsilon": 0.12916391200286018, "gamma": 0.04652210117789047}, "datetime": {"datetime": "2021-09-18 14:29:59", "elapsed": 45.941692, "delta": 0.564128}}
{"target": 0.8876888905188507, "params": {"C": 62.318546554083284, "epsilon": 0.6123620164685499, "gamma": 0.03128887192761236}, "datetime": {"datetime": "2021-09-18 14:30:00", "elapsed": 46.373732, "delta": 0.43204}}
{"target": 0.9057563525048654, "params": {"C": 116.91337737969135, "epsilon": 0.6437159444679214, "gamma": 0.03595490437209936}, "datetime": {"datetime": "2021-09-18 14:30:01", "elapsed": 47.013725, "delta": 0.639993}}
{"target": 0.8907146381369179, "params": {"C": 106.67176682521712, "epsilon": 0.7138955380693485, "gamma": 0.02582584325812559}, "datetime": {"datetime": "2021-09-18 14:30:01", "elapsed": 47.550346, "delta": 0.536621}}
{"target": 0.9080897540159202, "params": {"C": 106.69801771352228, "epsilon": 0.7554791040976337, "gamma": 0.04036373843021806}, "datetime": {"datetime": "2021-09-18 14:30:02", "elapsed": 48.211062, "delta": 0.660716}}
{"target": 0.9022189703457277, "params": {"C": 59.459833994826894, "epsilon": 0.31985109864768135, "gamma": 0.04700764586859727}, "datetime": {"datetime": "2021-09-18 14:30:02", "elapsed": 48.664065, "delta": 0.453003}}
{"target": 0.90782747820983, "params": {"C": 92.98547932166363, "epsilon": 0.5524826371437953, "gamma": 0.0444468016171425}, "datetime": {"datetime": "2021-09-18 14:30:03", "elapsed": 49.443218, "delta": 0.779153}}
{"target": 0.9046498499829145, "params": {"C": 106.70538722372355, "epsilon": 0.6407226584405716, "gamma": 0.036866553152721145}, "datetime": {"datetime": "2021-09-18 14:30:04", "elapsed": 50.186425, "delta": 0.743207}}
{"target": 0.8788960844616776, "params": {"C": 98.91444411250365, "epsilon": 0.3208467711182838, "gamma": 0.015227507052099024}, "datetime": {"datetime": "2021-09-18 14:30:04", "elapsed": 50.655425, "delta": 0.469}}
{"target": 0.8814070642501821, "params": {"C": 84.94346257706185, "epsilon": 0.2333983512069203, "gamma": 0.020145521859451412}, "datetime": {"datetime": "2021-09-18 14:30:05", "elapsed": 51.162116, "delta": 0.506691}}
{"target": 0.9049586268995468, "params": {"C": 87.00972484241012, "epsilon": 0.16949154520423448, "gamma": 0.03989647460828171}, "datetime": {"datetime": "2021-09-18 14:30:05", "elapsed": 51.884357, "delta": 0.722241}}
{"target": 0.89940890797093, "params": {"C": 67.96444598827954, "epsilon": 0.6980998344444876, "gamma": 0.03942268495075895}, "datetime": {"datetime": "2021-09-18 14:30:06", "elapsed": 52.39236, "delta": 0.508003}}
{"target": 0.8960936932266049, "params": {"C": 66.40173168693109, "epsilon": 0.24964628005121867, "gamma": 0.03572938648315465}, "datetime": {"datetime": "2021-09-18 14:30:06", "elapsed": 52.903361, "delta": 0.511001}}
{"target": 0.9014767459036133, "params": {"C": 119.46691402659657, "epsilon": 0.20866711083024378, "gamma": 0.03109323222954729}, "datetime": {"datetime": "2021-09-18 14:30:07", "elapsed": 53.421428, "delta": 0.518067}}
{"target": 0.8826368367253867, "params": {"C": 91.48847691932585, "epsilon": 0.8303779710333048, "gamma": 0.02333397121831637}, "datetime": {"datetime": "2021-09-18 14:30:07", "elapsed": 53.951641, "delta": 0.530213}}
{"target": 0.908114898998495, "params": {"C": 106.6656872221819, "epsilon": 0.8030955601371375, "gamma": 0.04150592019424973}, "datetime": {"datetime": "2021-09-18 14:30:08", "elapsed": 54.539633, "delta": 0.587992}}
{"target": 0.8963714141658661, "params": {"C": 116.86223164145783, "epsilon": 0.6145858187980514, "gamma": 0.028106518989085665}, "datetime": {"datetime": "2021-09-18 14:30:09", "elapsed": 55.2222, "delta": 0.682567}}
{"target": 0.8999730299123949, "params": {"C": 105.40516226786134, "epsilon": 0.1311967405334386, "gamma": 0.03179939792677373}, "datetime": {"datetime": "2021-09-18 14:30:09", "elapsed": 55.953261, "delta": 0.731061}}
{"target": 0.9061086030264172, "params": {"C": 84.06928895668747, "epsilon": 0.8367778423566983, "gamma": 0.04910798909099412}, "datetime": {"datetime": "2021-09-18 14:30:10", "elapsed": 56.447265, "delta": 0.494004}}
{"target": 0.8962934540454018, "params": {"C": 109.39792767129654, "epsilon": 0.1646800880585747, "gamma": 0.029003463698902075}, "datetime": {"datetime": "2021-09-18 14:30:11", "elapsed": 56.987025, "delta": 0.53976}}
{"target": 0.8883361850118099, "params": {"C": 53.451802179615264, "epsilon": 0.567315869146075, "gamma": 0.03362993294009005}, "datetime": {"datetime": "2021-09-18 14:30:11", "elapsed": 57.531589, "delta": 0.544564}}
{"target": 0.9073567122609802, "params": {"C": 107.31109228152792, "epsilon": 0.8514371549461037, "gamma": 0.040707919387679564}, "datetime": {"datetime": "2021-09-18 14:30:12", "elapsed": 58.183895, "delta": 0.652306}}
{"target": 0.8959235170628997, "params": {"C": 113.75696382515639, "epsilon": 0.7201372538617592, "gamma": 0.027909828611166566}, "datetime": {"datetime": "2021-09-18 14:30:12", "elapsed": 58.944899, "delta": 0.761004}}
{"target": 0.9098382199969955, "params": {"C": 106.7413582284345, "epsilon": 0.7967349177562396, "gamma": 0.047823872226528855}, "datetime": {"datetime": "2021-09-18 14:30:13", "elapsed": 59.63031, "delta": 0.685411}}
{"target": 0.8901441003096721, "params": {"C": 73.36275954047024, "epsilon": 0.28668076271942905, "gamma": 0.029399235688345855}, "datetime": {"datetime": "2021-09-18 14:30:14", "elapsed": 60.137513, "delta": 0.507203}}
{"target": 0.8813063086036659, "params": {"C": 104.09940803473044, "epsilon": 0.24267631043403767, "gamma": 0.02153502503248151}, "datetime": {"datetime": "2021-09-18 14:30:14", "elapsed": 60.686483, "delta": 0.54897}}
{"target": 0.9014309290056894, "params": {"C": 114.7701532995099, "epsilon": 0.7469808572586197, "gamma": 0.031486133761272087}, "datetime": {"datetime": "2021-09-18 14:30:15", "elapsed": 61.20839, "delta": 0.521907}}
{"target": 0.8986216651172427, "params": {"C": 65.90496733755921, "epsilon": 0.22268816813494893, "gamma": 0.03817576078553467}, "datetime": {"datetime": "2021-09-18 14:30:15", "elapsed": 61.896216, "delta": 0.687826}}
{"target": 0.9010466367130511, "params": {"C": 96.69810557024185, "epsilon": 0.8818804451856168, "gamma": 0.03404873346736886}, "datetime": {"datetime": "2021-09-18 14:30:16", "elapsed": 62.432218, "delta": 0.536002}}
{"target": 0.8697295776820384, "params": {"C": 106.68610696104025, "epsilon": 0.7850032764718655, "gamma": 0.010875527163685166}, "datetime": {"datetime": "2021-09-18 14:30:17", "elapsed": 63.21249, "delta": 0.780272}}
{"target": 0.8690963262833343, "params": {"C": 50.97193948667452, "epsilon": 0.7510384872888377, "gamma": 0.013474458522336011}, "datetime": {"datetime": "2021-09-18 14:30:17", "elapsed": 63.786869, "delta": 0.574379}}
{"target": 0.886068774652068, "params": {"C": 107.28133322071142, "epsilon": 0.8296721280577383, "gamma": 0.023302386044541663}, "datetime": {"datetime": "2021-09-18 14:30:18", "elapsed": 64.536865, "delta": 0.749996}}
{"target": 0.9124395253416892, "params": {"C": 116.93607655542553, "epsilon": 0.588507294874084, "gamma": 0.04698805644080247}, "datetime": {"datetime": "2021-09-18 14:30:19", "elapsed": 65.285446, "delta": 0.748581}}
{"target": 0.8829599568078118, "params": {"C": 73.72837633458009, "epsilon": 0.3294386533667962, "gamma": 0.02452551986590782}, "datetime": {"datetime": "2021-09-18 14:30:19", "elapsed": 65.844412, "delta": 0.558966}}
{"target": 0.8771786707891748, "params": {"C": 116.93658558710622, "epsilon": 0.6240956413703106, "gamma": 0.014820781222869336}, "datetime": {"datetime": "2021-09-18 14:30:20", "elapsed": 66.525407, "delta": 0.680995}}
{"target": 0.9046781791930765, "params": {"C": 113.85575494550696, "epsilon": 0.7011950471720354, "gamma": 0.035313526549240366}, "datetime": {"datetime": "2021-09-18 14:30:21", "elapsed": 67.176595, "delta": 0.651188}}
{"target": 0.9129831137408385, "params": {"C": 116.95520150868275, "epsilon": 0.5575643828287826, "gamma": 0.04942883360237235}, "datetime": {"datetime": "2021-09-18 14:30:21", "elapsed": 67.844371, "delta": 0.667776}}
{"target": 0.9126841202916202, "params": {"C": 116.97076820819346, "epsilon": 0.5778270481463365, "gamma": 0.047844914632894656}, "datetime": {"datetime": "2021-09-18 14:30:22", "elapsed": 68.602944, "delta": 0.758573}}
{"target": 0.8749521124367043, "params": {"C": 72.98067302201676, "epsilon": 0.42969048229286144, "gamma": 0.012845719208429755}, "datetime": {"datetime": "2021-09-18 14:30:23", "elapsed": 69.131631, "delta": 0.528687}}
{"target": 0.8840987251773025, "params": {"C": 58.972937073940074, "epsilon": 0.055266175701052425, "gamma": 0.023257735628955792}, "datetime": {"datetime": "2021-09-18 14:30:23", "elapsed": 69.708362, "delta": 0.576731}}
{"target": 0.9111545108856712, "params": {"C": 106.66287927264219, "epsilon": 0.6435620230154303, "gamma": 0.04994085498323643}, "datetime": {"datetime": "2021-09-18 14:30:24", "elapsed": 70.378618, "delta": 0.670256}}
{"target": 0.8768611781041751, "params": {"C": 116.98010688766735, "epsilon": 0.5565647322857628, "gamma": 0.01858405714812813}, "datetime": {"datetime": "2021-09-18 14:30:25", "elapsed": 71.122363, "delta": 0.743745}}
{"target": 0.9065945594073955, "params": {"C": 98.18811841803205, "epsilon": 0.9701284097520041, "gamma": 0.04664788401041873}, "datetime": {"datetime": "2021-09-18 14:30:25", "elapsed": 71.718598, "delta": 0.596235}}
{"target": 0.878067714249755, "params": {"C": 117.64035743940052, "epsilon": 0.569335664739528, "gamma": 0.019217849112466087}, "datetime": {"datetime": "2021-09-18 14:30:26", "elapsed": 72.29364, "delta": 0.575042}}
{"target": 0.9017765591580809, "params": {"C": 86.97915865145325, "epsilon": 0.13697767264109129, "gamma": 0.035860003440559896}, "datetime": {"datetime": "2021-09-18 14:30:27", "elapsed": 73.18154, "delta": 0.8879}}
{"target": 0.9104047876518098, "params": {"C": 106.791930425558, "epsilon": 0.6999884471526971, "gamma": 0.04708959873023495}, "datetime": {"datetime": "2021-09-18 14:30:28", "elapsed": 74.005387, "delta": 0.823847}}
{"target": 0.8972834754410297, "params": {"C": 114.02189321623291, "epsilon": 0.059156098139783994, "gamma": 0.0288199022432839}, "datetime": {"datetime": "2021-09-18 14:30:28", "elapsed": 74.621381, "delta": 0.615994}}
{"target": 0.9106314656338579, "params": {"C": 106.6226882927354, "epsilon": 0.646230298251627, "gamma": 0.04685154022652465}, "datetime": {"datetime": "2021-09-18 14:30:29", "elapsed": 75.482527, "delta": 0.861146}}
{"target": 0.8738665613156631, "params": {"C": 104.38104566855105, "epsilon": 0.26903718263413356, "gamma": 0.01143549713015307}, "datetime": {"datetime": "2021-09-18 14:30:30", "elapsed": 76.164714, "delta": 0.682187}}
{"target": 0.9133461933531152, "params": {"C": 105.48251602234265, "epsilon": 0.14240353881179305, "gamma": 0.049619954793157756}, "datetime": {"datetime": "2021-09-18 14:30:30", "elapsed": 76.910708, "delta": 0.745994}}
{"target": 0.8761026995961365, "params": {"C": 71.85100298386466, "epsilon": 0.8072967217547615, "gamma": 0.016086185114695624}, "datetime": {"datetime": "2021-09-18 14:30:31", "elapsed": 77.551395, "delta": 0.640687}}
{"target": 0.8692531495379704, "params": {"C": 101.52106997460496, "epsilon": 0.9779669525208671, "gamma": 0.011346774587207582}, "datetime": {"datetime": "2021-09-18 14:30:32", "elapsed": 78.189772, "delta": 0.638377}}
{"target": 0.9081221274327634, "params": {"C": 106.31154055962111, "epsilon": 0.36206784712633044, "gamma": 0.040831396432765774}, "datetime": {"datetime": "2021-09-18 14:30:33", "elapsed": 79.046728, "delta": 0.856956}}
{"target": 0.9091732899467635, "params": {"C": 106.6383241953371, "epsilon": 0.8116750411616375, "gamma": 0.04526758744948036}, "datetime": {"datetime": "2021-09-18 14:30:34", "elapsed": 80.003101, "delta": 0.956373}}
{"target": 0.9073924083450475, "params": {"C": 105.22984373900869, "epsilon": 0.6295886800369302, "gamma": 0.04088483216505314}, "datetime": {"datetime": "2021-09-18 14:30:34", "elapsed": 80.854298, "delta": 0.851197}}
{"target": 0.8819188331066876, "params": {"C": 106.63548611176236, "epsilon": 0.6365563502051804, "gamma": 0.02200765754785094}, "datetime": {"datetime": "2021-09-18 14:30:35", "elapsed": 81.702398, "delta": 0.8481}}
{"target": 0.88788128060529, "params": {"C": 61.39024068689915, "epsilon": 0.11666519701436727, "gamma": 0.03007036700018275}, "datetime": {"datetime": "2021-09-18 14:30:36", "elapsed": 82.337402, "delta": 0.635004}}
