{"target": -5.063439150677598, "params": {"C": 44.794258336659084, "epsilon": 7.0, "gamma": 0.001}, "datetime": {"datetime": "2021-09-18 10:23:43", "elapsed": 3.719032, "delta": 0.249645}}
{"target": -2.6971314442143965, "params": {"C": 50.853929062541, "epsilon": 0.024873977674923272, "gamma": 0.40416538983062045}, "datetime": {"datetime": "2021-09-18 10:23:43", "elapsed": 4.029827, "delta": 0.310795}}
{"target": -3.597945117663832, "params": {"C": 38.770838200678995, "epsilon": 0.001, "gamma": 0.001}, "datetime": {"datetime": "2021-09-18 10:23:44", "elapsed": 4.259833, "delta": 0.230006}}
{"target": -2.8611554415595397, "params": {"C": 69.58343330054939, "epsilon": 0.15485071975589815, "gamma": 0.4602355643814955}, "datetime": {"datetime": "2021-09-18 10:23:44", "elapsed": 4.560828, "delta": 0.300995}}
{"target": -5.409938957874807, "params": {"C": 15.962146440843386, "epsilon": 7.0, "gamma": 0.5}, "datetime": {"datetime": "2021-09-18 10:23:44", "elapsed": 4.80882, "delta": 0.247992}}
{"target": -2.3805046792434723, "params": {"C": 59.54155399552207, "epsilon": 0.05189419874120215, "gamma": 0.20995401653430873}, "datetime": {"datetime": "2021-09-18 10:23:44", "elapsed": 5.099828, "delta": 0.291008}}
{"target": -3.44128935347673, "params": {"C": 59.777544197710675, "epsilon": 2.6771386071551606, "gamma": 0.5}, "datetime": {"datetime": "2021-09-18 10:23:45", "elapsed": 5.356821, "delta": 0.256993}}
{"target": -2.275002140052004, "params": {"C": 18.670414613710236, "epsilon": 0.01721443469426689, "gamma": 0.09938820703782139}, "datetime": {"datetime": "2021-09-18 10:23:45", "elapsed": 5.610862, "delta": 0.254041}}
{"target": -3.879296264232218, "params": {"C": 22.50297904076435, "epsilon": 2.389310791935394, "gamma": 0.001}, "datetime": {"datetime": "2021-09-18 10:23:45", "elapsed": 5.857652, "delta": 0.24679}}
{"target": -3.5387181482391896, "params": {"C": 48.34449670623568, "epsilon": 0.001, "gamma": 0.001}, "datetime": {"datetime": "2021-09-18 10:23:45", "elapsed": 6.134649, "delta": 0.276997}}
{"target": -2.8763394326439102, "params": {"C": 42.889575918799046, "epsilon": 0.001, "gamma": 0.5}, "datetime": {"datetime": "2021-09-18 10:23:46", "elapsed": 6.513651, "delta": 0.379002}}
{"target": -3.5130201215965693, "params": {"C": 52.99816594525025, "epsilon": 1.4129881952435648, "gamma": 0.001}, "datetime": {"datetime": "2021-09-18 10:23:46", "elapsed": 6.784652, "delta": 0.271001}}
{"target": -2.5978901988882157, "params": {"C": 66.72842865930454, "epsilon": 0.06976363679016398, "gamma": 0.3254358433329099}, "datetime": {"datetime": "2021-09-18 10:23:46", "elapsed": 7.072649, "delta": 0.287997}}
{"target": -2.4562286648696445, "params": {"C": 65.01087273023546, "epsilon": 3.334328703251357, "gamma": 0.03330216808007449}, "datetime": {"datetime": "2021-09-18 10:23:47", "elapsed": 7.36733, "delta": 0.294681}}
{"target": -3.7456199186249917, "params": {"C": 29.458368206442824, "epsilon": 2.028100215978755, "gamma": 0.001}, "datetime": {"datetime": "2021-09-18 10:23:47", "elapsed": 7.656373, "delta": 0.289043}}
{"target": -4.998508097320654, "params": {"C": 38.8729042463728, "epsilon": 6.95764425527339, "gamma": 0.3444669935982998}, "datetime": {"datetime": "2021-09-18 10:23:47", "elapsed": 7.993428, "delta": 0.337055}}
{"target": -4.890170474392195, "params": {"C": 65.72782383049127, "epsilon": 6.066415138589002, "gamma": 0.5}, "datetime": {"datetime": "2021-09-18 10:23:48", "elapsed": 8.252942, "delta": 0.259514}}
{"target": -3.5135170679918866, "params": {"C": 65.0391832451602, "epsilon": 1.586293468590088, "gamma": 0.001}, "datetime": {"datetime": "2021-09-18 10:23:48", "elapsed": 8.529903, "delta": 0.276961}}
{"target": -2.978274302370576, "params": {"C": 20.28550326237204, "epsilon": 0.001, "gamma": 0.5}, "datetime": {"datetime": "2021-09-18 10:23:48", "elapsed": 8.90591, "delta": 0.376007}}
{"target": -3.244562006987715, "params": {"C": 44.52716408817468, "epsilon": 2.122924623201009, "gamma": 0.5}, "datetime": {"datetime": "2021-09-18 10:23:49", "elapsed": 9.205909, "delta": 0.299999}}
{"target": -2.8089785787211476, "params": {"C": 23.901746431470958, "epsilon": 0.01884416366774275, "gamma": 0.4708214780616337}, "datetime": {"datetime": "2021-09-18 10:23:49", "elapsed": 9.610907, "delta": 0.404998}}
{"target": -2.421526049003216, "params": {"C": 63.01157239749499, "epsilon": 3.3860850073447955, "gamma": 0.040663745096064324}, "datetime": {"datetime": "2021-09-18 10:23:49", "elapsed": 9.907148, "delta": 0.296241}}
{"target": -3.4718875549886623, "params": {"C": 61.2115605438653, "epsilon": 0.001, "gamma": 0.001}, "datetime": {"datetime": "2021-09-18 10:23:50", "elapsed": 10.213145, "delta": 0.305997}}
{"target": -3.4748841660173677, "params": {"C": 58.01507466314358, "epsilon": 0.001, "gamma": 0.001}, "datetime": {"datetime": "2021-09-18 10:23:50", "elapsed": 10.61187, "delta": 0.398725}}
{"target": -2.848637320642134, "params": {"C": 27.516836690334795, "epsilon": 0.001, "gamma": 0.5}, "datetime": {"datetime": "2021-09-18 10:23:50", "elapsed": 10.974873, "delta": 0.363003}}
{"target": -2.3485532343981927, "params": {"C": 18.479761164076635, "epsilon": 1.240608039173433, "gamma": 0.08793804256065701}, "datetime": {"datetime": "2021-09-18 10:23:51", "elapsed": 11.389873, "delta": 0.415}}
{"target": -2.973801249913764, "params": {"C": 17.999430770462478, "epsilon": 3.3936863322934947, "gamma": 0.19302182440530902}, "datetime": {"datetime": "2021-09-18 10:23:51", "elapsed": 11.685878, "delta": 0.296005}}
{"target": -2.7164850149400466, "params": {"C": 34.007516623607515, "epsilon": 0.01217173788410103, "gamma": 0.4205279413469181}, "datetime": {"datetime": "2021-09-18 10:23:51", "elapsed": 12.075879, "delta": 0.390001}}
{"target": -3.0510166883130054, "params": {"C": 35.69638206447182, "epsilon": 1.3053332105295024, "gamma": 0.5}, "datetime": {"datetime": "2021-09-18 10:23:52", "elapsed": 12.451919, "delta": 0.37604}}
{"target": -4.046679763102938, "params": {"C": 13.917013232294211, "epsilon": 0.001, "gamma": 0.001}, "datetime": {"datetime": "2021-09-18 10:23:52", "elapsed": 12.812881, "delta": 0.360962}}
{"target": -5.29919627321016, "params": {"C": 29.206056044745694, "epsilon": 7.0, "gamma": 0.001}, "datetime": {"datetime": "2021-09-18 10:23:52", "elapsed": 13.12388, "delta": 0.310999}}
{"target": -4.427739472805827, "params": {"C": 59.138677031732485, "epsilon": 6.868316309516825, "gamma": 0.14077479805488372}, "datetime": {"datetime": "2021-09-18 10:23:53", "elapsed": 13.47888, "delta": 0.355}}
{"target": -2.5252708710482583, "params": {"C": 8.029941248284882, "epsilon": 0.5454622804961977, "gamma": 0.04595587671239363}, "datetime": {"datetime": "2021-09-18 10:23:53", "elapsed": 13.854892, "delta": 0.376012}}
{"target": -3.4896355838463835, "params": {"C": 8.07784850792463, "epsilon": 2.508976069514386, "gamma": 0.35133329985677053}, "datetime": {"datetime": "2021-09-18 10:23:54", "elapsed": 14.211358, "delta": 0.356466}}
{"target": -4.590017578210954, "params": {"C": 49.32517404308073, "epsilon": 5.5456605851978935, "gamma": 0.47874793840182883}, "datetime": {"datetime": "2021-09-18 10:23:54", "elapsed": 14.606292, "delta": 0.394934}}
{"target": -2.6742404811173106, "params": {"C": 69.91424415040979, "epsilon": 2.6567221049611978, "gamma": 0.008386567451739643}, "datetime": {"datetime": "2021-09-18 10:23:54", "elapsed": 14.975288, "delta": 0.368996}}
{"target": -5.365611258124385, "params": {"C": 23.632610911363976, "epsilon": 7.0, "gamma": 0.5}, "datetime": {"datetime": "2021-09-18 10:23:55", "elapsed": 15.299283, "delta": 0.323995}}
{"target": -3.073457955011273, "params": {"C": 17.45021906146944, "epsilon": 0.001, "gamma": 0.5}, "datetime": {"datetime": "2021-09-18 10:23:55", "elapsed": 15.690289, "delta": 0.391006}}
{"target": -3.6639257964711223, "params": {"C": 33.14681166631116, "epsilon": 1.6489910932830185, "gamma": 0.001}, "datetime": {"datetime": "2021-09-18 10:23:55", "elapsed": 16.022286, "delta": 0.331997}}
{"target": -3.9798634685594, "params": {"C": 63.875993536598905, "epsilon": 4.109538301795479, "gamma": 0.5}, "datetime": {"datetime": "2021-09-18 10:23:56", "elapsed": 16.346289, "delta": 0.324003}}
{"target": -2.233247561989765, "params": {"C": 62.60754238706693, "epsilon": 2.1473530519465593, "gamma": 0.07176240432007477}, "datetime": {"datetime": "2021-09-18 10:23:56", "elapsed": 16.784286, "delta": 0.437997}}
{"target": -3.775335544548201, "params": {"C": 61.70611179756308, "epsilon": 3.1996238978136913, "gamma": 0.001}, "datetime": {"datetime": "2021-09-18 10:23:56", "elapsed": 17.163293, "delta": 0.379007}}
{"target": -3.3594432608479288, "params": {"C": 63.56779089328731, "epsilon": 2.3751534343942686, "gamma": 0.5}, "datetime": {"datetime": "2021-09-18 10:23:57", "elapsed": 17.609287, "delta": 0.445994}}
{"target": -3.6914291721138635, "params": {"C": 29.868010351868712, "epsilon": 0.001, "gamma": 0.001}, "datetime": {"datetime": "2021-09-18 10:23:57", "elapsed": 18.008289, "delta": 0.399002}}
{"target": -2.3726081131508425, "params": {"C": 19.377420138384856, "epsilon": 1.1247707255719332, "gamma": 0.0473228219507914}, "datetime": {"datetime": "2021-09-18 10:23:58", "elapsed": 18.418288, "delta": 0.409999}}
{"target": -2.1938291290952336, "params": {"C": 28.210455210781483, "epsilon": 0.9293512771906511, "gamma": 0.12261993896249837}, "datetime": {"datetime": "2021-09-18 10:23:58", "elapsed": 18.827282, "delta": 0.408994}}
{"target": -3.762555151929677, "params": {"C": 66.27897372141689, "epsilon": 3.159733849019936, "gamma": 0.001}, "datetime": {"datetime": "2021-09-18 10:23:59", "elapsed": 19.202289, "delta": 0.375007}}
{"target": -2.271010012084075, "params": {"C": 68.0100396944296, "epsilon": 0.48192406833030815, "gamma": 0.1658216338325213}, "datetime": {"datetime": "2021-09-18 10:23:59", "elapsed": 19.625293, "delta": 0.423004}}
{"target": -2.714845306581374, "params": {"C": 69.1479364782306, "epsilon": 1.4343335141268525, "gamma": 0.3199783013374367}, "datetime": {"datetime": "2021-09-18 10:23:59", "elapsed": 20.015952, "delta": 0.390659}}
{"target": -2.9777633770733107, "params": {"C": 27.155927690248475, "epsilon": 1.9617741073262571, "gamma": 0.4266672361505361}, "datetime": {"datetime": "2021-09-18 10:24:00", "elapsed": 20.438963, "delta": 0.423011}}
{"target": -2.2351847699226526, "params": {"C": 50.67271124873213, "epsilon": 1.4610871868067226, "gamma": 0.04702615821674528}, "datetime": {"datetime": "2021-09-18 10:24:00", "elapsed": 20.831951, "delta": 0.392988}}
{"target": -2.9195034728500158, "params": {"C": 51.147491199190725, "epsilon": 2.622508990184195, "gamma": 0.3031681658465024}, "datetime": {"datetime": "2021-09-18 10:24:01", "elapsed": 21.250959, "delta": 0.419008}}
{"target": -2.581129313563423, "params": {"C": 49.74423329457604, "epsilon": 1.2303543787604634, "gamma": 0.26166058685807775}, "datetime": {"datetime": "2021-09-18 10:24:01", "elapsed": 21.689951, "delta": 0.438992}}
{"target": -2.322855984823461, "params": {"C": 41.416733991127266, "epsilon": 0.8259444563582892, "gamma": 0.02893166710059111}, "datetime": {"datetime": "2021-09-18 10:24:01", "elapsed": 22.118378, "delta": 0.428427}}
{"target": -2.2448474753229233, "params": {"C": 42.41486292784343, "epsilon": 1.4993926981529109, "gamma": 0.12113928289864252}, "datetime": {"datetime": "2021-09-18 10:24:02", "elapsed": 22.527978, "delta": 0.4096}}
{"target": -2.2464675803630327, "params": {"C": 40.28891082154683, "epsilon": 1.6179755111818732, "gamma": 0.05891065391710575}, "datetime": {"datetime": "2021-09-18 10:24:02", "elapsed": 22.977976, "delta": 0.449998}}
{"target": -3.329974325221269, "params": {"C": 39.15446226292461, "epsilon": 2.476330150608281, "gamma": 0.49907722226606477}, "datetime": {"datetime": "2021-09-18 10:24:03", "elapsed": 23.472585, "delta": 0.494609}}
{"target": -2.8934467452833417, "params": {"C": 40.431238617998915, "epsilon": 0.5424088864511153, "gamma": 0.47769345631741683}, "datetime": {"datetime": "2021-09-18 10:24:03", "elapsed": 23.935903, "delta": 0.463318}}
{"target": -3.037306334535841, "params": {"C": 41.46152524108165, "epsilon": 1.6631807687946705, "gamma": 0.46720121661157976}, "datetime": {"datetime": "2021-09-18 10:24:04", "elapsed": 24.2899, "delta": 0.353997}}
{"target": -2.5088895110043343, "params": {"C": 43.44744390886953, "epsilon": 1.0198452707625827, "gamma": 0.016374127183958514}, "datetime": {"datetime": "2021-09-18 10:24:04", "elapsed": 24.707901, "delta": 0.418001}}
{"target": -3.472410145916028, "params": {"C": 9.054460509694248, "epsilon": 0.001, "gamma": 0.5}, "datetime": {"datetime": "2021-09-18 10:24:04", "elapsed": 25.145903, "delta": 0.438002}}
{"target": -3.7713612307112356, "params": {"C": 43.033106334390624, "epsilon": 2.658570709200609, "gamma": 0.001}, "datetime": {"datetime": "2021-09-18 10:24:05", "elapsed": 25.578907, "delta": 0.433004}}
{"target": -3.3025933320581338, "params": {"C": 56.03872002443768, "epsilon": 2.1821253851762776, "gamma": 0.5}, "datetime": {"datetime": "2021-09-18 10:24:05", "elapsed": 25.969739, "delta": 0.390832}}
{"target": -2.600313983560266, "params": {"C": 46.65751248294983, "epsilon": 1.7904157872599082, "gamma": 0.2444912596838158}, "datetime": {"datetime": "2021-09-18 10:24:06", "elapsed": 26.459738, "delta": 0.489999}}
{"target": -2.459167970948311, "params": {"C": 47.24385056857354, "epsilon": 3.1202998617625233, "gamma": 0.04135181366716875}, "datetime": {"datetime": "2021-09-18 10:24:06", "elapsed": 26.864735, "delta": 0.404997}}
{"target": -2.9971143330652357, "params": {"C": 48.02571726367175, "epsilon": 2.1732594203858833, "gamma": 0.003878220673160322}, "datetime": {"datetime": "2021-09-18 10:24:07", "elapsed": 27.347337, "delta": 0.482602}}
{"target": -3.6785210812962315, "params": {"C": 46.07899364534909, "epsilon": 3.4224377728314246, "gamma": 0.5}, "datetime": {"datetime": "2021-09-18 10:24:07", "elapsed": 27.727334, "delta": 0.379997}}
{"target": -3.0940322469617025, "params": {"C": 62.15268093246618, "epsilon": 1.3356368011390145, "gamma": 0.5}, "datetime": {"datetime": "2021-09-18 10:24:07", "elapsed": 28.139015, "delta": 0.411681}}
{"target": -2.5200709436985145, "params": {"C": 24.444080962195137, "epsilon": 1.2903902362752437, "gamma": 0.02370724693327808}, "datetime": {"datetime": "2021-09-18 10:24:08", "elapsed": 28.621021, "delta": 0.482006}}
{"target": -3.9182543800796013, "params": {"C": 69.38323055942789, "epsilon": 3.9743712981935135, "gamma": 0.5}, "datetime": {"datetime": "2021-09-18 10:24:08", "elapsed": 29.060054, "delta": 0.439033}}
{"target": -3.031166759026916, "params": {"C": 12.203299572155402, "epsilon": 4.06795084163606, "gamma": 0.0893527782561322}, "datetime": {"datetime": "2021-09-18 10:24:09", "elapsed": 29.463017, "delta": 0.402963}}
{"target": -2.857092780429403, "params": {"C": 32.52645593867357, "epsilon": 0.001, "gamma": 0.5}, "datetime": {"datetime": "2021-09-18 10:24:09", "elapsed": 30.000621, "delta": 0.537604}}
{"target": -4.229460911145439, "params": {"C": 14.573914924997888, "epsilon": 3.3118500002560873, "gamma": 0.001}, "datetime": {"datetime": "2021-09-18 10:24:10", "elapsed": 30.454591, "delta": 0.45397}}
{"target": -2.951549263992979, "params": {"C": 67.19674892262675, "epsilon": 1.1103461634207499, "gamma": 0.4455223643608675}, "datetime": {"datetime": "2021-09-18 10:24:10", "elapsed": 30.929593, "delta": 0.475002}}
{"target": -3.7312457508827763, "params": {"C": 19.850146892295257, "epsilon": 4.120710595053643, "gamma": 0.40887615197616733}, "datetime": {"datetime": "2021-09-18 10:24:11", "elapsed": 31.346587, "delta": 0.416994}}
{"target": -3.6204220551465043, "params": {"C": 11.995469154303382, "epsilon": 6.361591551570788, "gamma": 0.0202775539983137}, "datetime": {"datetime": "2021-09-18 10:24:11", "elapsed": 31.740626, "delta": 0.394039}}
{"target": -2.1486930619634363, "params": {"C": 42.377860107922416, "epsilon": 0.7324982506408705, "gamma": 0.0906656036102219}, "datetime": {"datetime": "2021-09-18 10:24:11", "elapsed": 32.154152, "delta": 0.413526}}
{"target": -4.111334422191544, "params": {"C": 10.470544812480208, "epsilon": 3.6635268895407713, "gamma": 0.5}, "datetime": {"datetime": "2021-09-18 10:24:12", "elapsed": 32.636117, "delta": 0.481965}}
{"target": -2.9766402357123414, "params": {"C": 59.409229217589726, "epsilon": 1.1377360269190917, "gamma": 0.4625630510777249}, "datetime": {"datetime": "2021-09-18 10:24:12", "elapsed": 33.116117, "delta": 0.48}}
{"target": -3.9387980603088715, "params": {"C": 57.10379216864081, "epsilon": 4.198764222519594, "gamma": 0.001}, "datetime": {"datetime": "2021-09-18 10:24:13", "elapsed": 33.609357, "delta": 0.49324}}
{"target": -2.049728294368947, "params": {"C": 54.61197859470909, "epsilon": 0.024891149057256017, "gamma": 0.0752474963542148}, "datetime": {"datetime": "2021-09-18 10:24:13", "elapsed": 34.07432, "delta": 0.464963}}
{"target": -2.9781278368107955, "params": {"C": 54.673403247341845, "epsilon": 0.8866736350358673, "gamma": 0.4869615098234356}, "datetime": {"datetime": "2021-09-18 10:24:14", "elapsed": 34.52254, "delta": 0.44822}}
{"target": -3.4976020553217584, "params": {"C": 53.58236097612916, "epsilon": 0.001, "gamma": 0.001}, "datetime": {"datetime": "2021-09-18 10:24:14", "elapsed": 34.924542, "delta": 0.402002}}
{"target": -3.849738876474865, "params": {"C": 20.833676019224317, "epsilon": 1.29423984792351, "gamma": 0.001}, "datetime": {"datetime": "2021-09-18 10:24:15", "elapsed": 35.486501, "delta": 0.561959}}
{"target": -3.2815894429102137, "params": {"C": 18.364904458574372, "epsilon": 2.209029882384368, "gamma": 0.4720608345867314}, "datetime": {"datetime": "2021-09-18 10:24:15", "elapsed": 35.96708, "delta": 0.480579}}
{"target": -2.365465898680029, "params": {"C": 55.16306859450666, "epsilon": 0.048756024293412956, "gamma": 0.014547161934134228}, "datetime": {"datetime": "2021-09-18 10:24:16", "elapsed": 36.406079, "delta": 0.438999}}
{"target": -2.4972276867605543, "params": {"C": 44.3769977814917, "epsilon": 0.06963886595976182, "gamma": 0.009322826636994252}, "datetime": {"datetime": "2021-09-18 10:24:16", "elapsed": 36.948083, "delta": 0.542004}}
{"target": -3.5613879196736096, "params": {"C": 45.35236345962716, "epsilon": 1.0597894321083678, "gamma": 0.001}, "datetime": {"datetime": "2021-09-18 10:24:17", "elapsed": 37.343771, "delta": 0.395688}}
{"target": -2.8028504129848435, "params": {"C": 26.067060488813343, "epsilon": 0.6804982935306899, "gamma": 0.4443285738138095}, "datetime": {"datetime": "2021-09-18 10:24:17", "elapsed": 37.83152, "delta": 0.487749}}
{"target": -3.8260994421315284, "params": {"C": 25.13776941296311, "epsilon": 2.255795588710955, "gamma": 0.0010246748092942962}, "datetime": {"datetime": "2021-09-18 10:24:18", "elapsed": 38.328634, "delta": 0.497114}}
{"target": -2.2569714443686464, "params": {"C": 24.7413297854837, "epsilon": 0.4485670766675333, "gamma": 0.036652901960206236}, "datetime": {"datetime": "2021-09-18 10:24:18", "elapsed": 38.902676, "delta": 0.574042}}
{"target": -2.429901331883012, "params": {"C": 28.331756748606157, "epsilon": 0.13562896143604658, "gamma": 0.014640062783312192}, "datetime": {"datetime": "2021-09-18 10:24:19", "elapsed": 39.375634, "delta": 0.472958}}
{"target": -3.017367744954168, "params": {"C": 19.076453006687508, "epsilon": 0.3696832621450045, "gamma": 0.4867804962279126}, "datetime": {"datetime": "2021-09-18 10:24:19", "elapsed": 39.86436, "delta": 0.488726}}
{"target": -2.963814292420429, "params": {"C": 51.561079229270284, "epsilon": 0.9450649648248036, "gamma": 0.47594399165048196}, "datetime": {"datetime": "2021-09-18 10:24:20", "elapsed": 40.416126, "delta": 0.551766}}
{"target": -2.8757834165144507, "params": {"C": 28.499817810192724, "epsilon": 0.5910430361251079, "gamma": 0.48460863480725}, "datetime": {"datetime": "2021-09-18 10:24:20", "elapsed": 40.928121, "delta": 0.511995}}
{"target": -2.907225600563963, "params": {"C": 68.64202573140682, "epsilon": 0.0736600862541068, "gamma": 0.4844093492284576}, "datetime": {"datetime": "2021-09-18 10:24:21", "elapsed": 41.486123, "delta": 0.558002}}
{"target": -2.4012901979757735, "params": {"C": 41.750161929435514, "epsilon": 0.029823748378561582, "gamma": 0.23806561504255733}, "datetime": {"datetime": "2021-09-18 10:24:21", "elapsed": 42.041152, "delta": 0.555029}}
{"target": -2.2516309179366836, "params": {"C": 27.591116360630178, "epsilon": 0.9907493212857008, "gamma": 0.05661336906524243}, "datetime": {"datetime": "2021-09-18 10:24:22", "elapsed": 42.517859, "delta": 0.476707}}
{"target": -2.98281915197601, "params": {"C": 36.61811412322871, "epsilon": 3.211777153717048, "gamma": 0.2370539445603231}, "datetime": {"datetime": "2021-09-18 10:24:22", "elapsed": 42.990898, "delta": 0.473039}}
{"target": -2.1679218649066887, "params": {"C": 35.24967498409447, "epsilon": 0.006811806413416278, "gamma": 0.04733349378990495}, "datetime": {"datetime": "2021-09-18 10:24:23", "elapsed": 43.51011, "delta": 0.519212}}
{"target": -3.614644271828626, "params": {"C": 36.30133399437431, "epsilon": 0.001, "gamma": 0.001}, "datetime": {"datetime": "2021-09-18 10:24:23", "elapsed": 44.038506, "delta": 0.528396}}
{"target": -3.6543365543068465, "params": {"C": 34.74881976864911, "epsilon": 0.6687209515320102, "gamma": 0.001}, "datetime": {"datetime": "2021-09-18 10:24:24", "elapsed": 44.53047, "delta": 0.491964}}
{"target": -3.7309971857373094, "params": {"C": 48.039789026905794, "epsilon": 3.548609504346228, "gamma": 0.5}, "datetime": {"datetime": "2021-09-18 10:24:24", "elapsed": 45.052516, "delta": 0.522046}}
{"target": -3.7927991918686486, "params": {"C": 23.018497354368623, "epsilon": 0.5880699622100279, "gamma": 0.001}, "datetime": {"datetime": "2021-09-18 10:24:25", "elapsed": 45.681468, "delta": 0.628952}}
