{"target": 0.9036743202081297, "params": {"C": 72.57309316057975, "epsilon": 0.7682647398017641, "gamma": 0.04427846662307259}, "datetime": {"datetime": "2021-09-18 14:29:15", "elapsed": 1.022999, "delta": 0.105999}}
{"target": 0.9105470805301031, "params": {"C": 109.84631613674955, "epsilon": 0.7249650140570113, "gamma": 0.046478836944397604}, "datetime": {"datetime": "2021-09-18 14:29:15", "elapsed": 1.132997, "delta": 0.109998}}
{"target": 0.8870008986025337, "params": {"C": 97.3978068387361, "epsilon": 0.5569528218496644, "gamma": 0.025328366685548193}, "datetime": {"datetime": "2021-09-18 14:29:15", "elapsed": 1.255995, "delta": 0.122998}}
{"target": 0.883755530966836, "params": {"C": 59.85292707021597, "epsilon": 0.15659196576031206, "gamma": 0.022673292474048572}, "datetime": {"datetime": "2021-09-18 14:29:15", "elapsed": 1.357006, "delta": 0.101011}}
{"target": 0.8703665034731722, "params": {"C": 69.18003273788965, "epsilon": 0.7690614357491903, "gamma": 0.0126748218264126}, "datetime": {"datetime": "2021-09-18 14:29:15", "elapsed": 1.44804, "delta": 0.091034}}
{"target": 0.8828937849561942, "params": {"C": 115.75306915510352, "epsilon": 0.9509500740708898, "gamma": 0.021165256949632255}, "datetime": {"datetime": "2021-09-18 14:29:15", "elapsed": 1.566003, "delta": 0.117963}}
{"target": 0.8774253915853197, "params": {"C": 91.87414128763308, "epsilon": 0.13044801616331042, "gamma": 0.014671100387377112}, "datetime": {"datetime": "2021-09-18 14:29:15", "elapsed": 1.685, "delta": 0.118997}}
{"target": 0.9015795716945786, "params": {"C": 92.95372625025185, "epsilon": 0.5662440577283363, "gamma": 0.03614427681207119}, "datetime": {"datetime": "2021-09-18 14:29:15", "elapsed": 1.802996, "delta": 0.117996}}
{"target": 0.8972281908203836, "params": {"C": 51.176886552048366, "epsilon": 0.27318970025773126, "gamma": 0.0420233882277705}, "datetime": {"datetime": "2021-09-18 14:29:15", "elapsed": 1.933036, "delta": 0.13004}}
{"target": 0.9018159231130523, "params": {"C": 71.86282267604908, "epsilon": 0.5553331935173947, "gamma": 0.0430703305187142}, "datetime": {"datetime": "2021-09-18 14:29:16", "elapsed": 2.046001, "delta": 0.112965}}
{"target": 0.8965064514387425, "params": {"C": 82.47731403988823, "epsilon": 0.15313134145898397, "gamma": 0.0326933322010775}, "datetime": {"datetime": "2021-09-18 14:29:16", "elapsed": 2.177, "delta": 0.130999}}
{"target": 0.9121219958679418, "params": {"C": 113.79810135909194, "epsilon": 0.6302210673844454, "gamma": 0.04877127046524189}, "datetime": {"datetime": "2021-09-18 14:29:16", "elapsed": 2.296006, "delta": 0.119006}}
{"target": 0.9026213560250519, "params": {"C": 106.28320632140506, "epsilon": 0.33160030782605293, "gamma": 0.03426117676351932}, "datetime": {"datetime": "2021-09-18 14:29:16", "elapsed": 2.471998, "delta": 0.175992}}
{"target": 0.8994099215380426, "params": {"C": 66.102929395924, "epsilon": 0.08349108118335216, "gamma": 0.038153825896715544}, "datetime": {"datetime": "2021-09-18 14:29:16", "elapsed": 2.601998, "delta": 0.13}}
{"target": 0.9088360804245249, "params": {"C": 110.06611703081472, "epsilon": 0.8563181224523736, "gamma": 0.04528740941904584}, "datetime": {"datetime": "2021-09-18 14:29:16", "elapsed": 2.734995, "delta": 0.132997}}
{"target": 0.8897233556499539, "params": {"C": 91.89268075135604, "epsilon": 0.13282867977903012, "gamma": 0.026366850057704547}, "datetime": {"datetime": "2021-09-18 14:29:16", "elapsed": 2.881004, "delta": 0.146009}}
{"target": 0.8826465363881995, "params": {"C": 108.74427835729519, "epsilon": 0.4301402691310868, "gamma": 0.021843576694959246}, "datetime": {"datetime": "2021-09-18 14:29:17", "elapsed": 3.041999, "delta": 0.160995}}
{"target": 0.9081919162552532, "params": {"C": 109.85285163903184, "epsilon": 0.7577872141265469, "gamma": 0.03967825674227433}, "datetime": {"datetime": "2021-09-18 14:29:17", "elapsed": 3.192, "delta": 0.150001}}
{"target": 0.9104791113671457, "params": {"C": 109.80940039046365, "epsilon": 0.7675403561560561, "gamma": 0.04727560938402737}, "datetime": {"datetime": "2021-09-18 14:29:17", "elapsed": 3.404997, "delta": 0.212997}}
{"target": 0.8824884805513573, "params": {"C": 71.86007188152232, "epsilon": 0.5411124924528941, "gamma": 0.024388800870027198}, "datetime": {"datetime": "2021-09-18 14:29:17", "elapsed": 3.571999, "delta": 0.167002}}
{"target": 0.908650614805638, "params": {"C": 106.27414150404735, "epsilon": 0.34166392193158135, "gamma": 0.041347390651335546}, "datetime": {"datetime": "2021-09-18 14:29:17", "elapsed": 3.752037, "delta": 0.180038}}
{"target": 0.9095795748054085, "params": {"C": 113.78575209059589, "epsilon": 0.5933546581280458, "gamma": 0.04139876377934229}, "datetime": {"datetime": "2021-09-18 14:29:17", "elapsed": 3.947996, "delta": 0.195959}}
{"target": 0.9073921898879928, "params": {"C": 113.75137805213397, "epsilon": 0.6066818791050645, "gamma": 0.03851155108537386}, "datetime": {"datetime": "2021-09-18 14:29:18", "elapsed": 4.136998, "delta": 0.189002}}
{"target": 0.885043959733306, "params": {"C": 57.22408876075845, "epsilon": 0.07600589054702453, "gamma": 0.024785843128441273}, "datetime": {"datetime": "2021-09-18 14:29:18", "elapsed": 4.291999, "delta": 0.155001}}
{"target": 0.8744468971039111, "params": {"C": 80.58409248931301, "epsilon": 0.20960305490886247, "gamma": 0.013030636607279772}, "datetime": {"datetime": "2021-09-18 14:29:18", "elapsed": 4.444, "delta": 0.152001}}
{"target": 0.8974431828632269, "params": {"C": 106.2393246808744, "epsilon": 0.37582696162463153, "gamma": 0.02977653401859825}, "datetime": {"datetime": "2021-09-18 14:29:18", "elapsed": 4.655996, "delta": 0.211996}}
{"target": 0.9101919068003026, "params": {"C": 113.77540694468453, "epsilon": 0.6827995849896368, "gamma": 0.04219689872681518}, "datetime": {"datetime": "2021-09-18 14:29:18", "elapsed": 4.878003, "delta": 0.222007}}
{"target": 0.8708615127934279, "params": {"C": 113.78201078012171, "epsilon": 0.6436693038507322, "gamma": 0.01021266256139122}, "datetime": {"datetime": "2021-09-18 14:29:19", "elapsed": 5.045998, "delta": 0.167995}}
{"target": 0.8759116230828329, "params": {"C": 110.07348696988582, "epsilon": 0.8603388739733342, "gamma": 0.01708105172058001}, "datetime": {"datetime": "2021-09-18 14:29:19", "elapsed": 5.242997, "delta": 0.196999}}
{"target": 0.8733763790360782, "params": {"C": 108.37172161791878, "epsilon": 0.14154676243952266, "gamma": 0.011447930573814654}, "datetime": {"datetime": "2021-09-18 14:29:19", "elapsed": 5.418035, "delta": 0.175038}}
{"target": 0.8830208158839791, "params": {"C": 92.9542728993095, "epsilon": 0.575196839166026, "gamma": 0.02386577570077971}, "datetime": {"datetime": "2021-09-18 14:29:19", "elapsed": 5.591999, "delta": 0.173964}}
{"target": 0.873083802210711, "params": {"C": 67.83089074864426, "epsilon": 0.8485803015966984, "gamma": 0.01522627247559496}, "datetime": {"datetime": "2021-09-18 14:29:19", "elapsed": 5.791998, "delta": 0.199999}}
{"target": 0.9110173870994484, "params": {"C": 102.82919860886841, "epsilon": 0.2516489986516673, "gamma": 0.045007620231239956}, "datetime": {"datetime": "2021-09-18 14:29:20", "elapsed": 5.985996, "delta": 0.193998}}
{"target": 0.9112267518059229, "params": {"C": 113.79053043354932, "epsilon": 0.689022980387411, "gamma": 0.04666224032778035}, "datetime": {"datetime": "2021-09-18 14:29:20", "elapsed": 6.206998, "delta": 0.221002}}
{"target": 0.9098837943899647, "params": {"C": 106.76088043008048, "epsilon": 0.752301144569481, "gamma": 0.04558115989385233}, "datetime": {"datetime": "2021-09-18 14:29:20", "elapsed": 6.417003, "delta": 0.210005}}
{"target": 0.9030376212157031, "params": {"C": 109.85976815920884, "epsilon": 0.7439242011611016, "gamma": 0.03386369532178654}, "datetime": {"datetime": "2021-09-18 14:29:20", "elapsed": 6.654, "delta": 0.236997}}
{"target": 0.8819693271668108, "params": {"C": 68.80744243900823, "epsilon": 0.6699026462032485, "gamma": 0.02638930491370483}, "datetime": {"datetime": "2021-09-18 14:29:20", "elapsed": 6.863002, "delta": 0.209002}}
{"target": 0.8970367565571918, "params": {"C": 102.82761821506921, "epsilon": 0.2796337429230742, "gamma": 0.030152312607749157}, "datetime": {"datetime": "2021-09-18 14:29:21", "elapsed": 7.118998, "delta": 0.255996}}
{"target": 0.901518247621048, "params": {"C": 106.7857530722642, "epsilon": 0.7410309099942006, "gamma": 0.032767972687005584}, "datetime": {"datetime": "2021-09-18 14:29:21", "elapsed": 7.362302, "delta": 0.243304}}
{"target": 0.9086845020019085, "params": {"C": 106.75523237188835, "epsilon": 0.7270909535369866, "gamma": 0.041355108940297716}, "datetime": {"datetime": "2021-09-18 14:29:21", "elapsed": 7.588309, "delta": 0.226007}}
{"target": 0.8967223488924118, "params": {"C": 109.87055873962898, "epsilon": 0.7746725641027002, "gamma": 0.02836905814289469}, "datetime": {"datetime": "2021-09-18 14:29:21", "elapsed": 7.847302, "delta": 0.258993}}
{"target": 0.8999065728601897, "params": {"C": 106.7390476774928, "epsilon": 0.7452911577171905, "gamma": 0.031333873176073244}, "datetime": {"datetime": "2021-09-18 14:29:22", "elapsed": 8.109304, "delta": 0.262002}}
{"target": 0.8982367847225408, "params": {"C": 106.25556519991238, "epsilon": 0.3402794323411146, "gamma": 0.030482902972471027}, "datetime": {"datetime": "2021-09-18 14:29:22", "elapsed": 8.411302, "delta": 0.301998}}
{"target": 0.9003814453101128, "params": {"C": 52.95427412836843, "epsilon": 0.6644876209860552, "gamma": 0.049646801786286374}, "datetime": {"datetime": "2021-09-18 14:29:22", "elapsed": 8.638309, "delta": 0.227007}}
{"target": 0.8852838961864467, "params": {"C": 109.83777643583042, "epsilon": 0.7686501582199288, "gamma": 0.022876837676425642}, "datetime": {"datetime": "2021-09-18 14:29:22", "elapsed": 8.866298, "delta": 0.227989}}
{"target": 0.9012673139057503, "params": {"C": 57.60476781500317, "epsilon": 0.8191043999567778, "gamma": 0.048985183747150496}, "datetime": {"datetime": "2021-09-18 14:29:23", "elapsed": 9.059298, "delta": 0.193}}
{"target": 0.8934069109387802, "params": {"C": 111.02229012795783, "epsilon": 0.19502326851393076, "gamma": 0.02675144807581091}, "datetime": {"datetime": "2021-09-18 14:29:23", "elapsed": 9.2743, "delta": 0.215002}}
{"target": 0.8937939640695729, "params": {"C": 55.03385081458421, "epsilon": 0.1729850992358091, "gamma": 0.037099312875937644}, "datetime": {"datetime": "2021-09-18 14:29:23", "elapsed": 9.52334, "delta": 0.24904}}
{"target": 0.8999111950787995, "params": {"C": 65.89905741207497, "epsilon": 0.16512053880882419, "gamma": 0.03908513602223751}, "datetime": {"datetime": "2021-09-18 14:29:23", "elapsed": 9.805301, "delta": 0.281961}}
{"target": 0.8817345270805639, "params": {"C": 113.75501252911104, "epsilon": 0.5956662011840269, "gamma": 0.02143240233622186}, "datetime": {"datetime": "2021-09-18 14:29:24", "elapsed": 10.046302, "delta": 0.241001}}
{"target": 0.8813325322366956, "params": {"C": 106.75504255109729, "epsilon": 0.7322553554335818, "gamma": 0.021526288355465988}, "datetime": {"datetime": "2021-09-18 14:29:24", "elapsed": 10.294346, "delta": 0.248044}}
{"target": 0.8974799005129521, "params": {"C": 68.01112445367163, "epsilon": 0.7466770418873242, "gamma": 0.03644086031434344}, "datetime": {"datetime": "2021-09-18 14:29:24", "elapsed": 10.514302, "delta": 0.219956}}
{"target": 0.8953428065931908, "params": {"C": 106.24942322066133, "epsilon": 0.3349695176407222, "gamma": 0.028284764598707643}, "datetime": {"datetime": "2021-09-18 14:29:24", "elapsed": 10.755303, "delta": 0.241001}}
{"target": 0.8762489301281972, "params": {"C": 56.03736980382362, "epsilon": 0.5562617663047039, "gamma": 0.01580125999460989}, "datetime": {"datetime": "2021-09-18 14:29:24", "elapsed": 10.954307, "delta": 0.199004}}
{"target": 0.9081254052865647, "params": {"C": 102.85471905821758, "epsilon": 0.2539096380562932, "gamma": 0.04024386639246478}, "datetime": {"datetime": "2021-09-18 14:29:25", "elapsed": 11.231301, "delta": 0.276994}}
{"target": 0.910486458482596, "params": {"C": 106.73741575115832, "epsilon": 0.734503735961119, "gamma": 0.04796695821401885}, "datetime": {"datetime": "2021-09-18 14:29:25", "elapsed": 11.498299, "delta": 0.266998}}
{"target": 0.8794388087450759, "params": {"C": 78.42903063906336, "epsilon": 0.11767126384953709, "gamma": 0.017038005474135483}, "datetime": {"datetime": "2021-09-18 14:29:25", "elapsed": 11.7453, "delta": 0.247001}}
{"target": 0.9022697990385099, "params": {"C": 84.23341422730927, "epsilon": 0.847929516734325, "gamma": 0.03814605472654063}, "datetime": {"datetime": "2021-09-18 14:29:26", "elapsed": 11.990305, "delta": 0.245005}}
{"target": 0.9036882405727621, "params": {"C": 102.84522726518475, "epsilon": 0.24107478366938728, "gamma": 0.035702918227257956}, "datetime": {"datetime": "2021-09-18 14:29:26", "elapsed": 12.326302, "delta": 0.335997}}
{"target": 0.9058377006869975, "params": {"C": 113.81013748965933, "epsilon": 0.6962517933437836, "gamma": 0.03655832866592979}, "datetime": {"datetime": "2021-09-18 14:29:26", "elapsed": 12.588299, "delta": 0.261997}}
{"target": 0.9093003374187383, "params": {"C": 102.80152786414682, "epsilon": 0.23429091357482126, "gamma": 0.041410653749350046}, "datetime": {"datetime": "2021-09-18 14:29:26", "elapsed": 12.887339, "delta": 0.29904}}
{"target": 0.9110094002281062, "params": {"C": 109.82702377943103, "epsilon": 0.7248995544815193, "gamma": 0.048186832094795774}, "datetime": {"datetime": "2021-09-18 14:29:27", "elapsed": 13.187304, "delta": 0.299965}}
{"target": 0.8960510475799677, "params": {"C": 82.08364947341005, "epsilon": 0.9698959565427407, "gamma": 0.03276176262598398}, "datetime": {"datetime": "2021-09-18 14:29:27", "elapsed": 13.426299, "delta": 0.238995}}
{"target": 0.9111398881004263, "params": {"C": 109.83193534779689, "epsilon": 0.7472606741970097, "gamma": 0.05}, "datetime": {"datetime": "2021-09-18 14:29:27", "elapsed": 13.751342, "delta": 0.325043}}
{"target": 0.8602689694130482, "params": {"C": 59.41273307122133, "epsilon": 0.9398648407183046, "gamma": 0.010378849287740383}, "datetime": {"datetime": "2021-09-18 14:29:28", "elapsed": 14.022343, "delta": 0.271001}}
{"target": 0.9116000131767585, "params": {"C": 113.82569563175188, "epsilon": 0.6411378052643937, "gamma": 0.04707490388173106}, "datetime": {"datetime": "2021-09-18 14:29:28", "elapsed": 14.349304, "delta": 0.326961}}
{"target": 0.8894316171498423, "params": {"C": 62.374162680475784, "epsilon": 0.2250290989069852, "gamma": 0.031224017109763164}, "datetime": {"datetime": "2021-09-18 14:29:28", "elapsed": 14.601303, "delta": 0.251999}}
{"target": 0.9012322727015092, "params": {"C": 107.77890755222447, "epsilon": 0.13749404827780753, "gamma": 0.032332354253482506}, "datetime": {"datetime": "2021-09-18 14:29:28", "elapsed": 14.880328, "delta": 0.279025}}
{"target": 0.9119229761537949, "params": {"C": 113.82649212668227, "epsilon": 0.6786991438438713, "gamma": 0.048969800871792535}, "datetime": {"datetime": "2021-09-18 14:29:29", "elapsed": 15.211016, "delta": 0.330688}}
{"target": 0.9023689158734078, "params": {"C": 65.89207099429015, "epsilon": 0.17096569705419284, "gamma": 0.04220726863395709}, "datetime": {"datetime": "2021-09-18 14:29:29", "elapsed": 15.480015, "delta": 0.268999}}
{"target": 0.9096226222494488, "params": {"C": 110.0567405854694, "epsilon": 0.8297906805900237, "gamma": 0.047439971347980364}, "datetime": {"datetime": "2021-09-18 14:29:29", "elapsed": 15.805015, "delta": 0.325}}
{"target": 0.9004620283730455, "params": {"C": 108.17667822660044, "epsilon": 0.843523458152815, "gamma": 0.03149955870241252}, "datetime": {"datetime": "2021-09-18 14:29:30", "elapsed": 16.066052, "delta": 0.261037}}
{"target": 0.9112344105571435, "params": {"C": 113.84138527667116, "epsilon": 0.6184774323480385, "gamma": 0.04528676036158321}, "datetime": {"datetime": "2021-09-18 14:29:30", "elapsed": 16.399014, "delta": 0.332962}}
{"target": 0.9102495533130116, "params": {"C": 105.48354341250197, "epsilon": 0.1580850644728686, "gamma": 0.04169046402957562}, "datetime": {"datetime": "2021-09-18 14:29:30", "elapsed": 16.684016, "delta": 0.285002}}
{"target": 0.910780293063672, "params": {"C": 105.48911439187111, "epsilon": 0.11614843113088141, "gamma": 0.042124765279131574}, "datetime": {"datetime": "2021-09-18 14:29:31", "elapsed": 17.041051, "delta": 0.357035}}
{"target": 0.8783920779714812, "params": {"C": 77.30075125639488, "epsilon": 0.05458452582041255, "gamma": 0.016194013053918193}, "datetime": {"datetime": "2021-09-18 14:29:31", "elapsed": 17.325054, "delta": 0.284003}}
{"target": 0.8649839700162817, "params": {"C": 51.77934086748714, "epsilon": 0.05539080064464422, "gamma": 0.01119299727503233}, "datetime": {"datetime": "2021-09-18 14:29:31", "elapsed": 17.617013, "delta": 0.291959}}
{"target": 0.8991229779738198, "params": {"C": 105.46503490415671, "epsilon": 0.08206425305269083, "gamma": 0.031057220692599183}, "datetime": {"datetime": "2021-09-18 14:29:32", "elapsed": 18.000016, "delta": 0.383003}}
{"target": 0.9059820721149143, "params": {"C": 83.43323166152338, "epsilon": 0.22671685820395052, "gamma": 0.04262340855924866}, "datetime": {"datetime": "2021-09-18 14:29:32", "elapsed": 18.290013, "delta": 0.289997}}
{"target": 0.9099004045570942, "params": {"C": 105.25072801116391, "epsilon": 0.721837468108254, "gamma": 0.04540964593360688}, "datetime": {"datetime": "2021-09-18 14:29:32", "elapsed": 18.592011, "delta": 0.301998}}
{"target": 0.8786083116112738, "params": {"C": 105.4806838845138, "epsilon": 0.1548629512385362, "gamma": 0.015327398094141121}, "datetime": {"datetime": "2021-09-18 14:29:32", "elapsed": 18.925012, "delta": 0.333001}}
{"target": 0.9025552703559173, "params": {"C": 113.81290769631948, "epsilon": 0.5774251420588239, "gamma": 0.0330137375958469}, "datetime": {"datetime": "2021-09-18 14:29:33", "elapsed": 19.26502, "delta": 0.340008}}
{"target": 0.9107685548055342, "params": {"C": 105.45800133412375, "epsilon": 0.12165609482702362, "gamma": 0.04216307125692019}, "datetime": {"datetime": "2021-09-18 14:29:33", "elapsed": 19.700016, "delta": 0.434996}}
{"target": 0.8891426260965989, "params": {"C": 69.4840391320657, "epsilon": 0.7855503155055067, "gamma": 0.030341417564120884}, "datetime": {"datetime": "2021-09-18 14:29:34", "elapsed": 19.980897, "delta": 0.280881}}
{"target": 0.8787005905570276, "params": {"C": 94.73735431572118, "epsilon": 0.11715723787204309, "gamma": 0.015739986130273605}, "datetime": {"datetime": "2021-09-18 14:29:34", "elapsed": 20.275893, "delta": 0.294996}}
{"target": 0.9091195439822265, "params": {"C": 105.5152238092256, "epsilon": 0.15361929558174528, "gamma": 0.04038158077432286}, "datetime": {"datetime": "2021-09-18 14:29:34", "elapsed": 20.648898, "delta": 0.373005}}
{"target": 0.9028110134554297, "params": {"C": 113.84299729603478, "epsilon": 0.6406530204255194, "gamma": 0.03302599084366236}, "datetime": {"datetime": "2021-09-18 14:29:35", "elapsed": 20.990899, "delta": 0.342001}}
{"target": 0.8802073199313668, "params": {"C": 77.89995569900078, "epsilon": 0.6628697287090819, "gamma": 0.021367364283778813}, "datetime": {"datetime": "2021-09-18 14:29:35", "elapsed": 21.297895, "delta": 0.306996}}
{"target": 0.8896768541279885, "params": {"C": 105.23631045996993, "epsilon": 0.7281742663292355, "gamma": 0.025448737776141303}, "datetime": {"datetime": "2021-09-18 14:29:35", "elapsed": 21.677899, "delta": 0.380004}}
{"target": 0.90870742266924, "params": {"C": 105.27293779596971, "epsilon": 0.6946675658666439, "gamma": 0.041916919512306756}, "datetime": {"datetime": "2021-09-18 14:29:36", "elapsed": 22.036894, "delta": 0.358995}}
{"target": 0.9032790950613159, "params": {"C": 108.6397521989806, "epsilon": 0.3374429756044001, "gamma": 0.03444972061846489}, "datetime": {"datetime": "2021-09-18 14:29:36", "elapsed": 22.387933, "delta": 0.351039}}
{"target": 0.8781753387692149, "params": {"C": 70.64672981367053, "epsilon": 0.028335553158282213, "gamma": 0.016230205773532225}, "datetime": {"datetime": "2021-09-18 14:29:36", "elapsed": 22.720904, "delta": 0.332971}}
{"target": 0.9062787979543362, "params": {"C": 113.02171270909707, "epsilon": 0.8186011617144973, "gamma": 0.03676425832573787}, "datetime": {"datetime": "2021-09-18 14:29:37", "elapsed": 23.028898, "delta": 0.307994}}
{"target": 0.904748475215977, "params": {"C": 109.82036611922533, "epsilon": 0.7375131144542315, "gamma": 0.03568934384531983}, "datetime": {"datetime": "2021-09-18 14:29:37", "elapsed": 23.373895, "delta": 0.344997}}
{"target": 0.8992638810127808, "params": {"C": 55.410276721984886, "epsilon": 0.8468770026873728, "gamma": 0.04526983410137297}, "datetime": {"datetime": "2021-09-18 14:29:37", "elapsed": 23.697899, "delta": 0.324004}}
{"target": 0.9092069212095552, "params": {"C": 107.29536819188289, "epsilon": 0.8697201873864308, "gamma": 0.048045745834218896}, "datetime": {"datetime": "2021-09-18 14:29:38", "elapsed": 24.021938, "delta": 0.324039}}
{"target": 0.8891457051348816, "params": {"C": 98.19288978877522, "epsilon": 0.589475989415836, "gamma": 0.02626854285219643}, "datetime": {"datetime": "2021-09-18 14:29:38", "elapsed": 24.369938, "delta": 0.348}}
{"target": 0.9133426573875687, "params": {"C": 105.52393340250089, "epsilon": 0.13350214501621535, "gamma": 0.04944663841212165}, "datetime": {"datetime": "2021-09-18 14:29:38", "elapsed": 24.774933, "delta": 0.404995}}
{"target": 0.9007177484069033, "params": {"C": 105.51988231308698, "epsilon": 0.11530860789817546, "gamma": 0.032267981119037156}, "datetime": {"datetime": "2021-09-18 14:29:39", "elapsed": 25.18893, "delta": 0.413997}}
{"target": 0.9111145112070096, "params": {"C": 109.78407898627738, "epsilon": 0.7486969961185354, "gamma": 0.05}, "datetime": {"datetime": "2021-09-18 14:29:39", "elapsed": 25.653896, "delta": 0.464966}}
