{"target": 0.14470215926619512, "params": {"C": 42.28517846555483, "epsilon": 14.406517836393817, "gamma": 0.00021436337986315216}, "datetime": {"datetime": "2021-09-18 12:24:49", "elapsed": 0.0, "delta": 0.0}}
{"target": 0.8647975907372707, "params": {"C": 30.930924690552136, "epsilon": 2.9352031407531793, "gamma": 0.09242936090932093}, "datetime": {"datetime": "2021-09-18 12:24:49", "elapsed": 0.017004, "delta": 0.017004}}
{"target": 0.5465261409957691, "params": {"C": 19.439760926389418, "epsilon": 6.9112799847882505, "gamma": 0.39682779748324687}, "datetime": {"datetime": "2021-09-18 12:24:49", "elapsed": 0.029, "delta": 0.011996}}
{"target": 0.376469282199551, "params": {"C": 54.34285666633234, "epsilon": 8.383948368614456, "gamma": 0.6852509784467198}, "datetime": {"datetime": "2021-09-18 12:24:49", "elapsed": 0.041001, "delta": 0.012001}}
{"target": -0.059412180003115767, "params": {"C": 21.240772723420225, "epsilon": 17.56236091607527, "gamma": 0.02748485443860637}, "datetime": {"datetime": "2021-09-18 12:24:49", "elapsed": 0.044999, "delta": 0.003998}}
{"target": 0.41380183835050854, "params": {"C": 67.37628350766182, "epsilon": 8.346154316862302, "gamma": 0.558733959462907}, "datetime": {"datetime": "2021-09-18 12:24:49", "elapsed": 0.053994, "delta": 0.008995}}
{"target": 0.47527906304560885, "params": {"C": 14.898306920928142, "epsilon": 3.9621099715486676, "gamma": 0.8007644942186691}, "datetime": {"datetime": "2021-09-18 12:24:49", "elapsed": 0.074034, "delta": 0.02004}}
{"target": 0.4750733196736827, "params": {"C": 96.85789599622035, "epsilon": 6.268552220767041, "gamma": 0.6923533834077471}, "datetime": {"datetime": "2021-09-18 12:24:49", "elapsed": 0.087999, "delta": 0.013965}}
{"target": -0.102431647538346, "params": {"C": 87.7625260773078, "epsilon": 17.892143809410594, "gamma": 0.08513570694864094}, "datetime": {"datetime": "2021-09-18 12:24:49", "elapsed": 0.093, "delta": 0.005001}}
{"target": 0.28040939372666995, "params": {"C": 4.866423540055354, "epsilon": 3.396691408249422, "gamma": 0.8781546891790702}, "datetime": {"datetime": "2021-09-18 12:24:49", "elapsed": 0.112034, "delta": 0.019034}}
{"target": 0.7771647985016528, "params": {"C": 26.3706529024167, "epsilon": 1.382679266688049, "gamma": 0.3141528391879392}, "datetime": {"datetime": "2021-09-18 12:24:49", "elapsed": 0.391999, "delta": 0.279965}}
{"target": 0.5389596519554507, "params": {"C": 37.28629957385589, "epsilon": 0.0001, "gamma": 1.0}, "datetime": {"datetime": "2021-09-18 12:24:49", "elapsed": 0.616995, "delta": 0.224996}}
{"target": 0.3552398563428699, "params": {"C": 29.13217246911467, "epsilon": 7.235060501253524, "gamma": 1.0}, "datetime": {"datetime": "2021-09-18 12:24:50", "elapsed": 0.803998, "delta": 0.187003}}
{"target": 0.8405316929351234, "params": {"C": 30.332568999842337, "epsilon": 0.18971727500897428, "gamma": 0.22244132051709747}, "datetime": {"datetime": "2021-09-18 12:24:50", "elapsed": 1.061998, "delta": 0.258}}
{"target": 0.8918303653221854, "params": {"C": 20.117797533313237, "epsilon": 0.04175380557580397, "gamma": 0.07969948700525292}, "datetime": {"datetime": "2021-09-18 12:24:50", "elapsed": 1.302039, "delta": 0.240041}}
{"target": 0.5382887785843449, "params": {"C": 80.71726555376694, "epsilon": 0.0001, "gamma": 1.0}, "datetime": {"datetime": "2021-09-18 12:24:50", "elapsed": 1.574045, "delta": 0.272006}}
{"target": -0.22295232927446818, "params": {"C": 1.0, "epsilon": 20.0, "gamma": 0.0001}, "datetime": {"datetime": "2021-09-18 12:24:50", "elapsed": 1.757998, "delta": 0.183953}}
{"target": -0.20331418424528325, "params": {"C": 62.49567107787647, "epsilon": 20.0, "gamma": 1.0}, "datetime": {"datetime": "2021-09-18 12:24:51", "elapsed": 1.980039, "delta": 0.222041}}
{"target": 0.5267472208027402, "params": {"C": 62.18010595028472, "epsilon": 0.0001, "gamma": 0.0001}, "datetime": {"datetime": "2021-09-18 12:24:51", "elapsed": 2.200995, "delta": 0.220956}}
{"target": 0.6491111656591623, "params": {"C": 72.15036033357013, "epsilon": 0.021019348904381303, "gamma": 0.6410407319021554}, "datetime": {"datetime": "2021-09-18 12:24:51", "elapsed": 2.451035, "delta": 0.25004}}
{"target": 0.5858678804959274, "params": {"C": 91.00832255522572, "epsilon": 0.0001, "gamma": 0.0001}, "datetime": {"datetime": "2021-09-18 12:24:51", "elapsed": 2.736008, "delta": 0.284973}}
{"target": 0.7792904745566448, "params": {"C": 99.31396108925485, "epsilon": 0.12098556339060436, "gamma": 0.33098137568996694}, "datetime": {"datetime": "2021-09-18 12:24:52", "elapsed": 2.977999, "delta": 0.241991}}
{"target": 0.49729418569689254, "params": {"C": 50.216967887773, "epsilon": 0.0001, "gamma": 0.0001}, "datetime": {"datetime": "2021-09-18 12:24:52", "elapsed": 3.304003, "delta": 0.326004}}
{"target": -0.20331418424528325, "params": {"C": 100.0, "epsilon": 20.0, "gamma": 1.0}, "datetime": {"datetime": "2021-09-18 12:24:52", "elapsed": 3.503002, "delta": 0.198999}}
{"target": 0.46285300872833945, "params": {"C": 76.94265096721188, "epsilon": 7.567333605040731, "gamma": 0.0001}, "datetime": {"datetime": "2021-09-18 12:24:52", "elapsed": 3.733998, "delta": 0.230996}}
{"target": 0.3745150328874739, "params": {"C": 22.756881861793087, "epsilon": 0.0001, "gamma": 0.0001}, "datetime": {"datetime": "2021-09-18 12:24:53", "elapsed": 4.005001, "delta": 0.271003}}
{"target": 0.32566428691811367, "params": {"C": 17.55377078443467, "epsilon": 0.0001, "gamma": 0.0001}, "datetime": {"datetime": "2021-09-18 12:24:53", "elapsed": 4.375997, "delta": 0.370996}}
{"target": 0.830289830457742, "params": {"C": 28.980610935974763, "epsilon": 1.882162645548568, "gamma": 0.19336671424147847}, "datetime": {"datetime": "2021-09-18 12:24:54", "elapsed": 4.897037, "delta": 0.52104}}
{"target": 0.5326288790195517, "params": {"C": 32.08508484957365, "epsilon": 1.4832589680805846, "gamma": 0.9603712155242946}, "datetime": {"datetime": "2021-09-18 12:24:54", "elapsed": 5.22204, "delta": 0.325003}}
{"target": 0.7926462064444422, "params": {"C": 28.482432964217242, "epsilon": 0.07990788270089755, "gamma": 0.32236552976143584}, "datetime": {"datetime": "2021-09-18 12:24:54", "elapsed": 5.595039, "delta": 0.372999}}
{"target": 0.7282611422906239, "params": {"C": 20.1930086701819, "epsilon": 2.385101873634166, "gamma": 0.34769854810017137}, "datetime": {"datetime": "2021-09-18 12:24:55", "elapsed": 5.985039, "delta": 0.39}}
{"target": 0.8364338164836316, "params": {"C": 96.46259794165097, "epsilon": 0.07276788235087485, "gamma": 0.2168051967158277}, "datetime": {"datetime": "2021-09-18 12:24:55", "elapsed": 6.350039, "delta": 0.365}}
{"target": 0.9024998573083562, "params": {"C": 97.5308152125526, "epsilon": 2.464947064704381, "gamma": 0.06487181467361021}, "datetime": {"datetime": "2021-09-18 12:24:55", "elapsed": 6.742048, "delta": 0.392009}}
{"target": 0.5905422983726076, "params": {"C": 94.68722824090963, "epsilon": 2.434094566585529, "gamma": 0.0001}, "datetime": {"datetime": "2021-09-18 12:24:56", "elapsed": 7.157008, "delta": 0.41496}}
{"target": 0.5087443421112149, "params": {"C": 99.82004221615242, "epsilon": 2.9140147019671114, "gamma": 0.9469922937059693}, "datetime": {"datetime": "2021-09-18 12:24:56", "elapsed": 7.512332, "delta": 0.355324}}
{"target": 0.8486601090853237, "params": {"C": 25.07820910889199, "epsilon": 4.420251702631824, "gamma": 0.03988513446559445}, "datetime": {"datetime": "2021-09-18 12:24:56", "elapsed": 7.788078, "delta": 0.275746}}
{"target": 0.40599536152661675, "params": {"C": 27.48094325633065, "epsilon": 4.041892850681074, "gamma": 0.0001}, "datetime": {"datetime": "2021-09-18 12:24:57", "elapsed": 8.131429, "delta": 0.343351}}
{"target": 0.447834190318559, "params": {"C": 22.98300384597214, "epsilon": 4.670535393209064, "gamma": 1.0}, "datetime": {"datetime": "2021-09-18 12:24:57", "elapsed": 8.616813, "delta": 0.485384}}
{"target": 0.5247588726653496, "params": {"C": 96.97211105597763, "epsilon": 1.4119537565055855, "gamma": 0.9941515103038611}, "datetime": {"datetime": "2021-09-18 12:24:58", "elapsed": 8.967403, "delta": 0.35059}}
{"target": 0.3940994817345618, "params": {"C": 24.78469097747109, "epsilon": 2.74667468252099, "gamma": 0.0001}, "datetime": {"datetime": "2021-09-18 12:24:58", "elapsed": 9.350588, "delta": 0.383185}}
{"target": 0.37315823474032106, "params": {"C": 25.122567506275697, "epsilon": 5.973328817165912, "gamma": 0.0001}, "datetime": {"datetime": "2021-09-18 12:24:58", "elapsed": 9.748243, "delta": 0.397655}}
{"target": 0.5760484745335608, "params": {"C": 30.115335267455436, "epsilon": 1.247530356896617, "gamma": 0.8210462949722885}, "datetime": {"datetime": "2021-09-18 12:24:59", "elapsed": 10.131153, "delta": 0.38291}}
{"target": 0.5931101978275194, "params": {"C": 98.39140588243089, "epsilon": 1.4447982846048109, "gamma": 0.0001}, "datetime": {"datetime": "2021-09-18 12:24:59", "elapsed": 10.422969, "delta": 0.291816}}
{"target": 0.5545128707001485, "params": {"C": 27.72417380164299, "epsilon": 1.2223203144470036, "gamma": 0.8941922499206654}, "datetime": {"datetime": "2021-09-18 12:24:59", "elapsed": 10.711077, "delta": 0.288108}}
{"target": 0.7477603894728204, "params": {"C": 29.92844657653815, "epsilon": 3.0072480023689447, "gamma": 0.28921833175489975}, "datetime": {"datetime": "2021-09-18 12:25:00", "elapsed": 10.998125, "delta": 0.287048}}
{"target": 0.592841884228791, "params": {"C": 19.976198799502537, "epsilon": 1.0549189816988824, "gamma": 0.6802727197005235}, "datetime": {"datetime": "2021-09-18 12:25:00", "elapsed": 11.271757, "delta": 0.273632}}
{"target": 0.7852623246424129, "params": {"C": 97.2589205186941, "epsilon": 3.4257149700952954, "gamma": 0.1927311647045218}, "datetime": {"datetime": "2021-09-18 12:25:00", "elapsed": 11.549837, "delta": 0.27808}}
{"target": 0.5931765016565779, "params": {"C": 95.20009041030815, "epsilon": 0.0001, "gamma": 0.0001}, "datetime": {"datetime": "2021-09-18 12:25:01", "elapsed": 11.840826, "delta": 0.290989}}
{"target": 0.8107029828196972, "params": {"C": 31.678293227280456, "epsilon": 3.8834709142080595, "gamma": 0.13082710772407333}, "datetime": {"datetime": "2021-09-18 12:25:01", "elapsed": 12.092821, "delta": 0.251995}}
{"target": 0.3939435254975465, "params": {"C": 26.644132707359482, "epsilon": 0.0001, "gamma": 0.0001}, "datetime": {"datetime": "2021-09-18 12:25:01", "elapsed": 12.443823, "delta": 0.351002}}
{"target": 0.49631727664847125, "params": {"C": 30.77080094197604, "epsilon": 4.34180770487572, "gamma": 0.84952962880354}, "datetime": {"datetime": "2021-09-18 12:25:02", "elapsed": 12.921783, "delta": 0.47796}}
{"target": 0.8918870251264714, "params": {"C": 96.3504430145589, "epsilon": 2.8812400690488387, "gamma": 0.07322568507764736}, "datetime": {"datetime": "2021-09-18 12:25:02", "elapsed": 13.205381, "delta": 0.283598}}
{"target": 0.8655448352630506, "params": {"C": 32.58603360195399, "epsilon": 3.0384367513855213, "gamma": 0.08827997468884183}, "datetime": {"datetime": "2021-09-18 12:25:02", "elapsed": 13.458787, "delta": 0.253406}}
{"target": 0.424599251027038, "params": {"C": 33.337056524559635, "epsilon": 4.245221218828961, "gamma": 0.0001}, "datetime": {"datetime": "2021-09-18 12:25:02", "elapsed": 13.768154, "delta": 0.309367}}
{"target": 0.7721409114045188, "params": {"C": 31.93455220840071, "epsilon": 2.5076123489106474, "gamma": 0.002777158502921345}, "datetime": {"datetime": "2021-09-18 12:25:03", "elapsed": 14.062152, "delta": 0.293998}}
{"target": 0.7740909835851113, "params": {"C": 19.225575189605305, "epsilon": 3.7839843655289864, "gamma": 0.1936496244261498}, "datetime": {"datetime": "2021-09-18 12:25:03", "elapsed": 14.354192, "delta": 0.29204}}
{"target": 0.8643922271860606, "params": {"C": 29.180358322995247, "epsilon": 0.7250864281581331, "gamma": 0.015710109807390675}, "datetime": {"datetime": "2021-09-18 12:25:03", "elapsed": 14.609188, "delta": 0.254996}}
{"target": 0.45917299875876727, "params": {"C": 20.455696096329408, "epsilon": 4.019076503122332, "gamma": 1.0}, "datetime": {"datetime": "2021-09-18 12:25:04", "elapsed": 15.01419, "delta": 0.405002}}
{"target": 0.5951738020861375, "params": {"C": 97.73400096849429, "epsilon": 0.0001, "gamma": 0.0001}, "datetime": {"datetime": "2021-09-18 12:25:04", "elapsed": 15.356194, "delta": 0.342004}}
{"target": 0.6106483613323117, "params": {"C": 18.011034258499276, "epsilon": 3.201896643762991, "gamma": 0.5336032278520904}, "datetime": {"datetime": "2021-09-18 12:25:04", "elapsed": 15.767129, "delta": 0.410935}}
{"target": 0.8754586666876638, "params": {"C": 34.13540626631781, "epsilon": 1.9994131530486743, "gamma": 0.09945240915712017}, "datetime": {"datetime": "2021-09-18 12:25:05", "elapsed": 16.138162, "delta": 0.371033}}
{"target": 0.4470952817408418, "params": {"C": 34.468161492047166, "epsilon": 0.6086573547628761, "gamma": 0.0001}, "datetime": {"datetime": "2021-09-18 12:25:05", "elapsed": 16.527861, "delta": 0.389699}}
{"target": 0.5097459064398984, "params": {"C": 34.28968799939322, "epsilon": 2.65189590152807, "gamma": 0.9664030185682742}, "datetime": {"datetime": "2021-09-18 12:25:06", "elapsed": 16.818126, "delta": 0.290265}}
{"target": 0.8657083934302869, "params": {"C": 95.08588279238855, "epsilon": 4.299333578918302, "gamma": 0.05767426632724894}, "datetime": {"datetime": "2021-09-18 12:25:06", "elapsed": 17.128595, "delta": 0.310469}}
{"target": 0.5676661086619744, "params": {"C": 95.80027359183177, "epsilon": 3.4849801869493326, "gamma": 0.7001481578102937}, "datetime": {"datetime": "2021-09-18 12:25:06", "elapsed": 17.475246, "delta": 0.346651}}
{"target": 0.5492564236801727, "params": {"C": 94.07522709419793, "epsilon": 5.018974845858028, "gamma": 0.0001}, "datetime": {"datetime": "2021-09-18 12:25:07", "elapsed": 17.826566, "delta": 0.35132}}
{"target": 0.8652772539701009, "params": {"C": 96.584596188512, "epsilon": 1.8114479958536391, "gamma": 0.014144254807592287}, "datetime": {"datetime": "2021-09-18 12:25:07", "elapsed": 18.100244, "delta": 0.273678}}
{"target": 0.5537513799380054, "params": {"C": 20.885431943099633, "epsilon": 0.03742422898456076, "gamma": 0.8301502442823123}, "datetime": {"datetime": "2021-09-18 12:25:07", "elapsed": 18.447244, "delta": 0.347}}
{"target": 0.5579590753267871, "params": {"C": 95.98181848259033, "epsilon": 4.832426763891678, "gamma": 0.0001}, "datetime": {"datetime": "2021-09-18 12:25:07", "elapsed": 18.742804, "delta": 0.29556}}
{"target": 0.515615352102383, "params": {"C": 25.57634192553512, "epsilon": 4.352437318625782, "gamma": 0.7830870525316685}, "datetime": {"datetime": "2021-09-18 12:25:08", "elapsed": 19.121087, "delta": 0.378283}}
{"target": 0.8744025595676493, "params": {"C": 33.03807586947644, "epsilon": 2.0721125572387002, "gamma": 0.09957818177286695}, "datetime": {"datetime": "2021-09-18 12:25:08", "elapsed": 19.416255, "delta": 0.295168}}
{"target": 0.5390543401071346, "params": {"C": 29.440539742932305, "epsilon": 0.0001, "gamma": 1.0}, "datetime": {"datetime": "2021-09-18 12:25:08", "elapsed": 19.675339, "delta": 0.259084}}
{"target": 0.3403181445452578, "params": {"C": 18.294967160775666, "epsilon": 4.9663599741750755, "gamma": 0.0001}, "datetime": {"datetime": "2021-09-18 12:25:09", "elapsed": 19.969303, "delta": 0.293964}}
{"target": 0.5865856648584835, "params": {"C": 98.42995125324292, "epsilon": 3.2245051516318073, "gamma": 0.0001}, "datetime": {"datetime": "2021-09-18 12:25:09", "elapsed": 20.295952, "delta": 0.326649}}
{"target": 0.49673783430654306, "params": {"C": 31.948135014732408, "epsilon": 3.3677595888462073, "gamma": 0.9497683107308232}, "datetime": {"datetime": "2021-09-18 12:25:09", "elapsed": 20.653358, "delta": 0.357406}}
{"target": 0.78569437683991, "params": {"C": 31.571243493682772, "epsilon": 0.01968244693558244, "gamma": 0.336409483199098}, "datetime": {"datetime": "2021-09-18 12:25:10", "elapsed": 21.01036, "delta": 0.357002}}
{"target": 0.6452450939284036, "params": {"C": 70.14340305383536, "epsilon": 0.27725694810967216, "gamma": 0.6445617429972105}, "datetime": {"datetime": "2021-09-18 12:25:10", "elapsed": 21.331136, "delta": 0.320776}}
{"target": 0.5712618477234961, "params": {"C": 99.91375296876053, "epsilon": 0.8871955755554841, "gamma": 0.8521047412234958}, "datetime": {"datetime": "2021-09-18 12:25:10", "elapsed": 21.642339, "delta": 0.311203}}
{"target": 0.5169341001024168, "params": {"C": 71.3928235457915, "epsilon": 1.850127304514362, "gamma": 0.9988001627826991}, "datetime": {"datetime": "2021-09-18 12:25:11", "elapsed": 21.954798, "delta": 0.312459}}
{"target": 0.8295531037766721, "params": {"C": 30.520417024744898, "epsilon": 2.0989160326244938, "gamma": 0.00606493426646525}, "datetime": {"datetime": "2021-09-18 12:25:11", "elapsed": 22.269707, "delta": 0.314909}}
{"target": 0.8049331027101809, "params": {"C": 31.016492656479027, "epsilon": 0.7637057640576272, "gamma": 0.0038652768201678338}, "datetime": {"datetime": "2021-09-18 12:25:11", "elapsed": 22.59118, "delta": 0.321473}}
{"target": 0.7406929248708274, "params": {"C": 74.3317078720265, "epsilon": 0.01937900843605797, "gamma": 0.4203529162095781}, "datetime": {"datetime": "2021-09-18 12:25:12", "elapsed": 23.024752, "delta": 0.433572}}
{"target": 0.5765571649669661, "params": {"C": 75.80189778498335, "epsilon": 0.4988756784589457, "gamma": 0.8484577302698277}, "datetime": {"datetime": "2021-09-18 12:25:12", "elapsed": 23.367097, "delta": 0.342345}}
{"target": 0.5538876175710651, "params": {"C": 73.82621363874914, "epsilon": 1.48746358022813, "gamma": 0.0001}, "datetime": {"datetime": "2021-09-18 12:25:12", "elapsed": 23.691148, "delta": 0.324051}}
{"target": 0.5411661667866772, "params": {"C": 68.05728511906244, "epsilon": 0.06131453744831476, "gamma": 0.9877166591864328}, "datetime": {"datetime": "2021-09-18 12:25:13", "elapsed": 24.094212, "delta": 0.403064}}
{"target": 0.611567738450516, "params": {"C": 88.25024768863827, "epsilon": 0.5149781478387634, "gamma": 0.7354103505721857}, "datetime": {"datetime": "2021-09-18 12:25:13", "elapsed": 24.433187, "delta": 0.338975}}
{"target": 0.5849539551369687, "params": {"C": 89.43146057867416, "epsilon": 2.5695522602020486, "gamma": 0.0001}, "datetime": {"datetime": "2021-09-18 12:25:14", "elapsed": 24.873468, "delta": 0.440281}}
{"target": 0.8561251474419829, "params": {"C": 18.89699940969778, "epsilon": 2.5950859908369828, "gamma": 0.023438162009519113}, "datetime": {"datetime": "2021-09-18 12:25:14", "elapsed": 25.259923, "delta": 0.386455}}
{"target": 0.5899236009743737, "params": {"C": 86.16744944729355, "epsilon": 2.1693601263608455, "gamma": 0.7295548693265277}, "datetime": {"datetime": "2021-09-18 12:25:14", "elapsed": 25.646987, "delta": 0.387064}}
{"target": 0.6586994441185652, "params": {"C": 87.73964992980702, "epsilon": 5.109883112036082, "gamma": 0.3257282988986832}, "datetime": {"datetime": "2021-09-18 12:25:15", "elapsed": 26.014112, "delta": 0.367125}}
{"target": 0.4288235389702675, "params": {"C": 85.75493961425656, "epsilon": 5.460060089018489, "gamma": 0.9727160170166603}, "datetime": {"datetime": "2021-09-18 12:25:15", "elapsed": 26.355332, "delta": 0.34122}}
{"target": 0.7325390018385088, "params": {"C": 89.25381219697525, "epsilon": 6.25719605749133, "gamma": 0.12298739941487152}, "datetime": {"datetime": "2021-09-18 12:25:15", "elapsed": 26.710848, "delta": 0.355516}}
{"target": 0.530227164630453, "params": {"C": 89.45477188495471, "epsilon": 4.927874542535346, "gamma": 0.6788965817945791}, "datetime": {"datetime": "2021-09-18 12:25:16", "elapsed": 27.0272, "delta": 0.316352}}
{"target": 0.7292427146605688, "params": {"C": 88.18721120073091, "epsilon": 7.553801840506232, "gamma": 0.06438788747851669}, "datetime": {"datetime": "2021-09-18 12:25:16", "elapsed": 27.380076, "delta": 0.352876}}
{"target": 0.3383832419525499, "params": {"C": 89.63941821007832, "epsilon": 7.670963265321638, "gamma": 0.9926510967407006}, "datetime": {"datetime": "2021-09-18 12:25:16", "elapsed": 27.710702, "delta": 0.330626}}
{"target": 0.7021857175958727, "params": {"C": 86.7635281390077, "epsilon": 7.585782427818815, "gamma": 0.08333307830394557}, "datetime": {"datetime": "2021-09-18 12:25:17", "elapsed": 27.980603, "delta": 0.269901}}
{"target": 0.5374354279217228, "params": {"C": 87.5456380403008, "epsilon": 9.307864977006338, "gamma": 0.15536835888715023}, "datetime": {"datetime": "2021-09-18 12:25:17", "elapsed": 28.312204, "delta": 0.331601}}
{"target": 0.43037665998902497, "params": {"C": 87.6155587506561, "epsilon": 6.807554373494572, "gamma": 0.7626839005077252}, "datetime": {"datetime": "2021-09-18 12:25:17", "elapsed": 28.679072, "delta": 0.366868}}
{"target": 0.6686945643651236, "params": {"C": 96.83217076751617, "epsilon": 2.512805188647745, "gamma": 0.4955050908892848}, "datetime": {"datetime": "2021-09-18 12:25:18", "elapsed": 29.005669, "delta": 0.326597}}
{"target": 0.8189896595629537, "params": {"C": 95.83445181038275, "epsilon": 1.0809278013357935, "gamma": 0.22753946195880073}, "datetime": {"datetime": "2021-09-18 12:25:18", "elapsed": 29.344669, "delta": 0.339}}
{"target": 0.5174109485446582, "params": {"C": 19.36560084532629, "epsilon": 2.9090327305593626, "gamma": 0.8336672029225354}, "datetime": {"datetime": "2021-09-18 12:25:18", "elapsed": 29.757015, "delta": 0.412346}}
{"target": 0.34321656579624316, "params": {"C": 18.931952280648883, "epsilon": 1.60802156581758, "gamma": 0.0001}, "datetime": {"datetime": "2021-09-18 12:25:19", "elapsed": 30.092335, "delta": 0.33532}}
{"target": 0.9044918318544422, "params": {"C": 95.69204584073826, "epsilon": 2.1517224023870547, "gamma": 0.05102862788775873}, "datetime": {"datetime": "2021-09-18 12:25:19", "elapsed": 30.44178, "delta": 0.349445}}
{"target": 0.8412391026600746, "params": {"C": 24.382656878616913, "epsilon": 4.455651325733177, "gamma": 0.060770690586787836}, "datetime": {"datetime": "2021-09-18 12:25:19", "elapsed": 30.774723, "delta": 0.332943}}
