{"target": -2.9646371763256294, "params": {"C": 2.757226526186352, "epsilon": 0.23324575317338833, "gamma": 0.028005716542208178}, "datetime": {"datetime": "2021-09-18 09:09:44", "elapsed": 1558.362465, "delta": 5.348261}}
{"target": -9.713249541509759, "params": {"C": 0.1, "epsilon": 21.697537817321205, "gamma": 0.0001}, "datetime": {"datetime": "2021-09-18 09:09:50", "elapsed": 1564.082174, "delta": 5.719709}}
{"target": -5.57746481077973, "params": {"C": 2.649233222270066, "epsilon": 0.08984671593133646, "gamma": 0.8136764408881627}, "datetime": {"datetime": "2021-09-18 09:09:56", "elapsed": 1569.588008, "delta": 5.505834}}
{"target": -6.964677842610069, "params": {"C": 37.04829236120062, "epsilon": 5.233853850146586, "gamma": 3.0}, "datetime": {"datetime": "2021-09-18 09:10:01", "elapsed": 1574.860301, "delta": 5.272293}}
{"target": -9.429879012306776, "params": {"C": 22.47228214670615, "epsilon": 19.116317176433917, "gamma": 0.0001}, "datetime": {"datetime": "2021-09-18 09:10:07", "elapsed": 1580.701917, "delta": 5.841616}}
{"target": -5.554219518178058, "params": {"C": 14.504972209528551, "epsilon": 0.001, "gamma": 0.0001}, "datetime": {"datetime": "2021-09-18 09:10:12", "elapsed": 1586.188382, "delta": 5.486465}}
{"target": -2.8004342409649894, "params": {"C": 42.47873146241909, "epsilon": 0.9579399933656431, "gamma": 0.2448095446146377}, "datetime": {"datetime": "2021-09-18 09:10:19", "elapsed": 1593.47368, "delta": 7.285298}}
{"target": -6.962766373189456, "params": {"C": 23.90971128620459, "epsilon": 6.950494125322094, "gamma": 1.8637756780368933}, "datetime": {"datetime": "2021-09-18 09:10:25", "elapsed": 1599.223257, "delta": 5.749577}}
{"target": -2.958588722367743, "params": {"C": 3.553613065641918, "epsilon": 1.007294721113051, "gamma": 0.01716146327298829}, "datetime": {"datetime": "2021-09-18 09:10:32", "elapsed": 1605.701495, "delta": 6.478238}}
{"target": -4.833482774665125, "params": {"C": 31.794084762051085, "epsilon": 1.5138825703321044, "gamma": 0.0001}, "datetime": {"datetime": "2021-09-18 09:10:41", "elapsed": 1614.654083, "delta": 8.952588}}
{"target": -4.005905730889527, "params": {"C": 32.96657396889967, "epsilon": 2.1397703198313986, "gamma": 0.5519224821455132}, "datetime": {"datetime": "2021-09-18 09:10:48", "elapsed": 1621.691403, "delta": 7.03732}}
{"target": -3.5542171964760327, "params": {"C": 30.854043460796102, "epsilon": 1.5496948065138896, "gamma": 0.44683000224343533}, "datetime": {"datetime": "2021-09-18 09:10:56", "elapsed": 1629.960581, "delta": 8.269178}}
{"target": -2.5000077341975624, "params": {"C": 43.58671933789242, "epsilon": 2.458848237492448, "gamma": 0.016513508868757822}, "datetime": {"datetime": "2021-09-18 09:11:04", "elapsed": 1637.916668, "delta": 7.956087}}
{"target": -3.6356152053395334, "params": {"C": 32.619534447422886, "epsilon": 1.30112957142457, "gamma": 0.4930618957658461}, "datetime": {"datetime": "2021-09-18 09:11:12", "elapsed": 1645.789286, "delta": 7.872618}}
{"target": -6.65842650941773, "params": {"C": 48.42711796174988, "epsilon": 7.056133902421294, "gamma": 1.2374082310110393}, "datetime": {"datetime": "2021-09-18 09:11:19", "elapsed": 1652.898881, "delta": 7.109595}}
{"target": -2.316832017330573, "params": {"C": 32.870574680058276, "epsilon": 2.1796434027546727, "gamma": 0.06455267277967769}, "datetime": {"datetime": "2021-09-18 09:11:25", "elapsed": 1658.945492, "delta": 6.046611}}
{"target": -3.0508458667426988, "params": {"C": 43.161856091598175, "epsilon": 5.06071482274227, "gamma": 0.03501711025043362}, "datetime": {"datetime": "2021-09-18 09:11:32", "elapsed": 1666.324935, "delta": 7.379443}}
{"target": -3.3333996984940883, "params": {"C": 43.77676653154425, "epsilon": 5.451387533452786, "gamma": 0.003919691758469255}, "datetime": {"datetime": "2021-09-18 09:11:42", "elapsed": 1675.856161, "delta": 9.531226}}
{"target": -2.2552456112082684, "params": {"C": 30.817616857523912, "epsilon": 0.9081955771225799, "gamma": 0.02121447075306338}, "datetime": {"datetime": "2021-09-18 09:11:53", "elapsed": 1687.175707, "delta": 11.319546}}
{"target": -2.405830688896301, "params": {"C": 15.72010531414848, "epsilon": 0.5652088269684006, "gamma": 0.11107024755816228}, "datetime": {"datetime": "2021-09-18 09:11:59", "elapsed": 1693.15854, "delta": 5.982833}}
{"target": -5.757596849628231, "params": {"C": 7.019645666443261, "epsilon": 4.0218404149800895, "gamma": 0.9832076940865488}, "datetime": {"datetime": "2021-09-18 09:12:08", "elapsed": 1702.30577, "delta": 9.14723}}
{"target": -4.0324589693601425, "params": {"C": 42.08085692961278, "epsilon": 4.560559375114785, "gamma": 0.23828851745761076}, "datetime": {"datetime": "2021-09-18 09:12:14", "elapsed": 1707.968064, "delta": 5.662294}}
{"target": -9.319078947368421, "params": {"C": 47.05357670788633, "epsilon": 26.500689123889355, "gamma": 0.00554194847686071}, "datetime": {"datetime": "2021-09-18 09:12:21", "elapsed": 1714.750732, "delta": 6.782668}}
{"target": -9.319078947368421, "params": {"C": 41.08952605127135, "epsilon": 26.47503120978601, "gamma": 0.0001}, "datetime": {"datetime": "2021-09-18 09:12:27", "elapsed": 1720.762008, "delta": 6.011276}}
{"target": -7.407212731731811, "params": {"C": 40.535898874818024, "epsilon": 9.915448582727006, "gamma": 0.926848949404592}, "datetime": {"datetime": "2021-09-18 09:12:33", "elapsed": 1726.941748, "delta": 6.17974}}
{"target": -9.319078947368421, "params": {"C": 25.068596730127872, "epsilon": 30.0, "gamma": 0.0001}, "datetime": {"datetime": "2021-09-18 09:12:40", "elapsed": 1734.220057, "delta": 7.278309}}
{"target": -9.440066318003334, "params": {"C": 16.172795086551854, "epsilon": 17.45392416335554, "gamma": 2.9923178960066203}, "datetime": {"datetime": "2021-09-18 09:12:46", "elapsed": 1740.417715, "delta": 6.197658}}
{"target": -6.0746625182765746, "params": {"C": 40.83757928463907, "epsilon": 5.4749488358489495, "gamma": 1.1566282284085205}, "datetime": {"datetime": "2021-09-18 09:12:53", "elapsed": 1747.141776, "delta": 6.724061}}
{"target": -6.4615166661436545, "params": {"C": 5.528969795717147, "epsilon": 5.170743749457234, "gamma": 0.0001}, "datetime": {"datetime": "2021-09-18 09:13:01", "elapsed": 1755.171001, "delta": 8.029225}}
{"target": -6.32332585274441, "params": {"C": 7.505041449937239, "epsilon": 5.960453996972702, "gamma": 0.0001}, "datetime": {"datetime": "2021-09-18 09:13:08", "elapsed": 1761.939039, "delta": 6.768038}}
{"target": -2.574228680801912, "params": {"C": 27.134921593325604, "epsilon": 3.172329262036003, "gamma": 0.021699506152130288}, "datetime": {"datetime": "2021-09-18 09:13:13", "elapsed": 1767.087989, "delta": 5.14895}}
{"target": -3.6670556403970083, "params": {"C": 43.358320244520584, "epsilon": 6.6144347433899435, "gamma": 0.005419676204378727}, "datetime": {"datetime": "2021-09-18 09:13:21", "elapsed": 1774.979877, "delta": 7.891888}}
{"target": -4.204995598250253, "params": {"C": 40.47347088592124, "epsilon": 2.1593445027721208, "gamma": 0.6289700307141505}, "datetime": {"datetime": "2021-09-18 09:13:28", "elapsed": 1782.393165, "delta": 7.413288}}
{"target": -9.410352279023746, "params": {"C": 30.004651461847303, "epsilon": 17.28161766432408, "gamma": 2.7947739097671724}, "datetime": {"datetime": "2021-09-18 09:13:35", "elapsed": 1788.589827, "delta": 6.196662}}
{"target": -4.7796708835780555, "params": {"C": 31.4010958787766, "epsilon": 0.7149211587860699, "gamma": 0.0001}, "datetime": {"datetime": "2021-09-18 09:13:40", "elapsed": 1794.463583, "delta": 5.873756}}
{"target": -2.1373187470679227, "params": {"C": 32.381835230460226, "epsilon": 0.7583324477516391, "gamma": 0.03777637257857107}, "datetime": {"datetime": "2021-09-18 09:13:47", "elapsed": 1800.692012, "delta": 6.228429}}
{"target": -8.920004977424057, "params": {"C": 24.98015426899311, "epsilon": 14.530683044731308, "gamma": 3.0}, "datetime": {"datetime": "2021-09-18 09:13:53", "elapsed": 1807.365049, "delta": 6.673037}}
{"target": -7.005630515538995, "params": {"C": 12.390886622612387, "epsilon": 5.769506597972992, "gamma": 3.0}, "datetime": {"datetime": "2021-09-18 09:14:03", "elapsed": 1817.406982, "delta": 10.041933}}
{"target": -6.406778955236085, "params": {"C": 5.5655580713444985, "epsilon": 3.2672176642518824, "gamma": 0.0001}, "datetime": {"datetime": "2021-09-18 09:14:11", "elapsed": 1825.419433, "delta": 8.012451}}
{"target": -5.174421409468311, "params": {"C": 12.471412781163938, "epsilon": 3.47622026025365, "gamma": 0.8323461152364141}, "datetime": {"datetime": "2021-09-18 09:14:17", "elapsed": 1831.097389, "delta": 5.677956}}
{"target": -8.483182315571687, "params": {"C": 38.957011027385754, "epsilon": 15.664349552456363, "gamma": 0.0001}, "datetime": {"datetime": "2021-09-18 09:14:24", "elapsed": 1837.911089, "delta": 6.8137}}
{"target": -2.6832009973126305, "params": {"C": 15.9212382670818, "epsilon": 2.1882801043096167, "gamma": 0.011481492249458278}, "datetime": {"datetime": "2021-09-18 09:14:30", "elapsed": 1843.841367, "delta": 5.930278}}
{"target": -2.948226924747073, "params": {"C": 32.381317936057876, "epsilon": 2.476804131500625, "gamma": 0.18543372341209796}, "datetime": {"datetime": "2021-09-18 09:14:36", "elapsed": 1850.330909, "delta": 6.489542}}
{"target": -2.886553342123779, "params": {"C": 14.68964853805165, "epsilon": 2.3522714210841342, "gamma": 0.12228094957091246}, "datetime": {"datetime": "2021-09-18 09:14:44", "elapsed": 1858.237164, "delta": 7.906255}}
{"target": -6.750357624896172, "params": {"C": 3.297404613315645, "epsilon": 2.145843235268341, "gamma": 0.0001}, "datetime": {"datetime": "2021-09-18 09:14:50", "elapsed": 1864.280732, "delta": 6.043568}}
{"target": -4.501456787743353, "params": {"C": 3.6228693230620626, "epsilon": 4.069815530844579, "gamma": 0.19311863987943687}, "datetime": {"datetime": "2021-09-18 09:14:57", "elapsed": 1870.639265, "delta": 6.358533}}
{"target": -4.579806462289447, "params": {"C": 19.895118161684692, "epsilon": 0.06941888975691268, "gamma": 0.9773797892600674}, "datetime": {"datetime": "2021-09-18 09:15:06", "elapsed": 1879.924929, "delta": 9.285664}}
{"target": -4.825128391408578, "params": {"C": 32.70046760976674, "epsilon": 1.5849240899212256, "gamma": 0.0001}, "datetime": {"datetime": "2021-09-18 09:15:14", "elapsed": 1888.017344, "delta": 8.092415}}
{"target": -2.788471922680762, "params": {"C": 33.23668079933001, "epsilon": 2.588728586878195, "gamma": 0.13481957480649834}, "datetime": {"datetime": "2021-09-18 09:15:21", "elapsed": 1894.76363, "delta": 6.746286}}
{"target": -5.186725499812162, "params": {"C": 4.541801458429264, "epsilon": 1.486184888360744, "gamma": 0.7013432256827122}, "datetime": {"datetime": "2021-09-18 09:15:32", "elapsed": 1905.624399, "delta": 10.860769}}
{"target": -4.797451638324202, "params": {"C": 27.342873927105348, "epsilon": 3.4303181384697443, "gamma": 0.7232727041344544}, "datetime": {"datetime": "2021-09-18 09:15:39", "elapsed": 1913.462339, "delta": 7.83794}}
{"target": -5.189226500407583, "params": {"C": 14.948142219529585, "epsilon": 0.9792367616872667, "gamma": 1.3159176153705248}, "datetime": {"datetime": "2021-09-18 09:15:48", "elapsed": 1921.834791, "delta": 8.372452}}
{"target": -5.238888558850465, "params": {"C": 35.804864670447294, "epsilon": 0.01830324113362661, "gamma": 1.7377018620212055}, "datetime": {"datetime": "2021-09-18 09:15:55", "elapsed": 1928.601253, "delta": 6.766462}}
{"target": -7.053102461051555, "params": {"C": 2.204548802140183, "epsilon": 2.5476959171724003, "gamma": 2.8726445709720068}, "datetime": {"datetime": "2021-09-18 09:16:02", "elapsed": 1936.441094, "delta": 7.839841}}
{"target": -9.727831680051052, "params": {"C": 32.953602977061465, "epsilon": 19.302765111481367, "gamma": 0.04134512833238571}, "datetime": {"datetime": "2021-09-18 09:16:10", "elapsed": 1943.955758, "delta": 7.514664}}
{"target": -4.676358075030897, "params": {"C": 36.84080711799087, "epsilon": 0.8903036037106334, "gamma": 0.0001}, "datetime": {"datetime": "2021-09-18 09:16:18", "elapsed": 1952.151237, "delta": 8.195479}}
{"target": -4.040638779575654, "params": {"C": 37.222621186710505, "epsilon": 1.173534676569934, "gamma": 0.664466441495591}, "datetime": {"datetime": "2021-09-18 09:16:25", "elapsed": 1958.814683, "delta": 6.663446}}
{"target": -5.064941364846666, "params": {"C": 43.69690860469669, "epsilon": 4.261328991774321, "gamma": 0.7020601769619619}, "datetime": {"datetime": "2021-09-18 09:16:32", "elapsed": 1965.966731, "delta": 7.152048}}
{"target": -3.2655787244097305, "params": {"C": 4.186149276218809, "epsilon": 3.0726831589354706, "gamma": 0.038284020603716634}, "datetime": {"datetime": "2021-09-18 09:16:40", "elapsed": 1974.020148, "delta": 8.053417}}
{"target": -8.370302850289987, "params": {"C": 17.166699799882995, "epsilon": 12.387362588425741, "gamma": 1.6998627752617952}, "datetime": {"datetime": "2021-09-18 09:16:50", "elapsed": 1984.375134, "delta": 10.354986}}
{"target": -2.2418839019841084, "params": {"C": 25.293908321300993, "epsilon": 1.0928199042076787, "gamma": 0.027436483066181266}, "datetime": {"datetime": "2021-09-18 09:16:56", "elapsed": 1990.558977, "delta": 6.183843}}
{"target": -9.319078947368421, "params": {"C": 11.526728678814655, "epsilon": 23.724307245803395, "gamma": 0.0001}, "datetime": {"datetime": "2021-09-18 09:17:08", "elapsed": 2001.846821, "delta": 11.287844}}
{"target": -4.84530696846009, "params": {"C": 45.102896642997386, "epsilon": 4.393275786066369, "gamma": 0.0001}, "datetime": {"datetime": "2021-09-18 09:17:14", "elapsed": 2008.467663, "delta": 6.620842}}
{"target": -8.920504556525385, "params": {"C": 47.66575051782426, "epsilon": 14.534633504741478, "gamma": 2.986134604983607}, "datetime": {"datetime": "2021-09-18 09:17:21", "elapsed": 2015.114869, "delta": 6.647206}}
{"target": -5.088765428390506, "params": {"C": 24.77201075614152, "epsilon": 2.618956496023108, "gamma": 1.097553623278784}, "datetime": {"datetime": "2021-09-18 09:17:27", "elapsed": 2021.103324, "delta": 5.988455}}
{"target": -4.915849907897128, "params": {"C": 21.504096953461865, "epsilon": 0.3943635186692445, "gamma": 1.2579406311640928}, "datetime": {"datetime": "2021-09-18 09:17:33", "elapsed": 2026.905243, "delta": 5.801919}}
{"target": -9.11558747110054, "params": {"C": 11.341969806387157, "epsilon": 15.585635983852757, "gamma": 3.0}, "datetime": {"datetime": "2021-09-18 09:17:44", "elapsed": 2037.769891, "delta": 10.864648}}
{"target": -4.70227124466031, "params": {"C": 44.95788718617185, "epsilon": 3.0529284256584064, "gamma": 0.0001}, "datetime": {"datetime": "2021-09-18 09:17:51", "elapsed": 2044.621756, "delta": 6.851865}}
{"target": -3.063443450886345, "params": {"C": 28.098215207741397, "epsilon": 5.5232134810667075, "gamma": 0.015004413463945054}, "datetime": {"datetime": "2021-09-18 09:18:00", "elapsed": 2054.45002, "delta": 9.828264}}
{"target": -5.231541904092987, "params": {"C": 14.436237292319426, "epsilon": 2.651487105018216, "gamma": 1.0802590244512729}, "datetime": {"datetime": "2021-09-18 09:18:10", "elapsed": 2063.788612, "delta": 9.338592}}
{"target": -5.943784967688498, "params": {"C": 38.21646583758604, "epsilon": 0.001, "gamma": 3.0}, "datetime": {"datetime": "2021-09-18 09:18:16", "elapsed": 2069.866648, "delta": 6.078036}}
{"target": -5.706622545306992, "params": {"C": 28.076406297022437, "epsilon": 5.433938459070578, "gamma": 0.8429546610949132}, "datetime": {"datetime": "2021-09-18 09:18:22", "elapsed": 2075.729929, "delta": 5.863281}}
{"target": -6.666841721876604, "params": {"C": 23.4854112022103, "epsilon": 10.302454085399761, "gamma": 0.0001}, "datetime": {"datetime": "2021-09-18 09:18:28", "elapsed": 2081.600418, "delta": 5.870489}}
{"target": -9.319078947368421, "params": {"C": 2.5450951375362743, "epsilon": 26.988465802604672, "gamma": 0.0001}, "datetime": {"datetime": "2021-09-18 09:18:34", "elapsed": 2088.231179, "delta": 6.630761}}
{"target": -2.770476488996525, "params": {"C": 40.15342510458444, "epsilon": 3.6210808318552976, "gamma": 0.0061134054573222865}, "datetime": {"datetime": "2021-09-18 09:18:41", "elapsed": 2095.379641, "delta": 7.148462}}
{"target": -9.319078947368421, "params": {"C": 33.13771359365359, "epsilon": 23.595111641254707, "gamma": 0.0001}, "datetime": {"datetime": "2021-09-18 09:18:49", "elapsed": 2103.190684, "delta": 7.811043}}
{"target": -9.631658059791825, "params": {"C": 43.479773611898686, "epsilon": 19.082161728579596, "gamma": 3.0}, "datetime": {"datetime": "2021-09-18 09:19:00", "elapsed": 2114.183278, "delta": 10.992594}}
{"target": -9.63026309391304, "params": {"C": 38.5955552623001, "epsilon": 19.067284511873257, "gamma": 3.0}, "datetime": {"datetime": "2021-09-18 09:19:07", "elapsed": 2120.988984, "delta": 6.805706}}
{"target": -9.319078947368421, "params": {"C": 0.11236238337365857, "epsilon": 27.04028624680415, "gamma": 2.992462086684431}, "datetime": {"datetime": "2021-09-18 09:19:19", "elapsed": 2132.964545, "delta": 11.975561}}
{"target": -3.0788140366348236, "params": {"C": 3.057333849584665, "epsilon": 0.6725000147879209, "gamma": 0.01300538402772209}, "datetime": {"datetime": "2021-09-18 09:19:26", "elapsed": 2140.179251, "delta": 7.214706}}
{"target": -4.146912995330475, "params": {"C": 13.264692435540695, "epsilon": 0.1340853691188504, "gamma": 0.6217377367329165}, "datetime": {"datetime": "2021-09-18 09:19:34", "elapsed": 2148.422596, "delta": 8.243345}}
{"target": -9.319078947368421, "params": {"C": 28.024345021169736, "epsilon": 27.541116516048838, "gamma": 0.10307312744361664}, "datetime": {"datetime": "2021-09-18 09:19:43", "elapsed": 2157.077583, "delta": 8.654987}}
{"target": -6.640707955461606, "params": {"C": 49.99309629390057, "epsilon": 8.11050745142175, "gamma": 0.7702715574256151}, "datetime": {"datetime": "2021-09-18 09:19:50", "elapsed": 2164.032523, "delta": 6.95494}}
{"target": -9.519073252420657, "params": {"C": 20.586960783072463, "epsilon": 21.76910816388034, "gamma": 3.0}, "datetime": {"datetime": "2021-09-18 09:20:02", "elapsed": 2175.79164, "delta": 11.759117}}
{"target": -6.3218930516302105, "params": {"C": 45.01947304073531, "epsilon": 2.0850727902165787, "gamma": 3.0}, "datetime": {"datetime": "2021-09-18 09:20:08", "elapsed": 2182.369396, "delta": 6.577756}}
{"target": -2.4856385175524434, "params": {"C": 35.077796075901745, "epsilon": 1.4046895935637356, "gamma": 0.13015772812056}, "datetime": {"datetime": "2021-09-18 09:20:15", "elapsed": 2189.107137, "delta": 6.737741}}
{"target": -2.5946082369370607, "params": {"C": 30.841195593614877, "epsilon": 1.5288031314588904, "gamma": 0.007739515451199219}, "datetime": {"datetime": "2021-09-18 09:20:21", "elapsed": 2195.424264, "delta": 6.317127}}
{"target": -6.121679099615031, "params": {"C": 37.316260152714584, "epsilon": 8.80413447735403, "gamma": 0.0001}, "datetime": {"datetime": "2021-09-18 09:20:28", "elapsed": 2201.959424, "delta": 6.53516}}
{"target": -3.5881655249227467, "params": {"C": 35.41016746859605, "epsilon": 0.7374232176974665, "gamma": 0.5072270277645198}, "datetime": {"datetime": "2021-09-18 09:20:35", "elapsed": 2208.709669, "delta": 6.750245}}
{"target": -4.889574007823647, "params": {"C": 43.788107466191455, "epsilon": 4.478967254879295, "gamma": 0.0001}, "datetime": {"datetime": "2021-09-18 09:20:41", "elapsed": 2215.512507, "delta": 6.802838}}
{"target": -2.235373546460566, "params": {"C": 18.28117196717953, "epsilon": 1.1259416142336551, "gamma": 0.05306531482623721}, "datetime": {"datetime": "2021-09-18 09:20:50", "elapsed": 2224.280238, "delta": 8.767731}}
{"target": -7.03763859591754, "params": {"C": 31.88072030889014, "epsilon": 8.837734588736813, "gamma": 0.9146048844344902}, "datetime": {"datetime": "2021-09-18 09:20:57", "elapsed": 2231.471107, "delta": 7.190869}}
{"target": -5.395860213892119, "params": {"C": 42.847448938432805, "epsilon": 5.668128467859068, "gamma": 0.5907737960906532}, "datetime": {"datetime": "2021-09-18 09:21:05", "elapsed": 2239.46558, "delta": 7.994473}}
{"target": -4.38205006631272, "params": {"C": 36.597833827490284, "epsilon": 0.001, "gamma": 0.9499090454288466}, "datetime": {"datetime": "2021-09-18 09:21:14", "elapsed": 2248.374699, "delta": 8.909119}}
{"target": -5.7699665233267, "params": {"C": 13.638095766258928, "epsilon": 5.018503381711584, "gamma": 0.0001}, "datetime": {"datetime": "2021-09-18 09:21:21", "elapsed": 2255.162884, "delta": 6.788185}}
{"target": -9.557773892709887, "params": {"C": 13.671620510944527, "epsilon": 19.45336270831612, "gamma": 0.0001}, "datetime": {"datetime": "2021-09-18 09:21:31", "elapsed": 2265.241212, "delta": 10.078328}}
{"target": -8.115683173176135, "params": {"C": 17.419069840768543, "epsilon": 14.764818204700482, "gamma": 0.0001}, "datetime": {"datetime": "2021-09-18 09:21:38", "elapsed": 2272.40457, "delta": 7.163358}}
{"target": -5.853611501931944, "params": {"C": 14.529625312422878, "epsilon": 6.155040980353331, "gamma": 0.0001}, "datetime": {"datetime": "2021-09-18 09:21:48", "elapsed": 2282.074577, "delta": 9.670007}}
{"target": -7.240772303150587, "params": {"C": 10.95923786501252, "epsilon": 11.946325601111594, "gamma": 0.0001}, "datetime": {"datetime": "2021-09-18 09:21:56", "elapsed": 2290.544066, "delta": 8.469489}}
{"target": -7.97431232737389, "params": {"C": 21.77695507917448, "epsilon": 14.161736928589736, "gamma": 0.0001}, "datetime": {"datetime": "2021-09-18 09:22:04", "elapsed": 2298.186794, "delta": 7.642728}}
{"target": -6.506335451357442, "params": {"C": 18.64979245033529, "epsilon": 7.422360867010458, "gamma": 0.8908811919647202}, "datetime": {"datetime": "2021-09-18 09:22:12", "elapsed": 2305.667917, "delta": 7.481123}}
{"target": -9.050301586091882, "params": {"C": 43.34883724774127, "epsilon": 15.210630137496228, "gamma": 3.0}, "datetime": {"datetime": "2021-09-18 09:22:18", "elapsed": 2312.397309, "delta": 6.729392}}
