{"target": -3.549902040006895, "params": {"C": 24.732988518452917, "epsilon": 0.3228709021539925, "gamma": 0.001}, "datetime": {"datetime": "2021-09-18 10:18:12", "elapsed": 3.115068, "delta": 0.199958}}
{"target": -3.043900542681404, "params": {"C": 26.440028061048274, "epsilon": 5.350674478376105, "gamma": 0.020994293152434194}, "datetime": {"datetime": "2021-09-18 10:18:12", "elapsed": 3.189106, "delta": 0.074038}}
{"target": -2.1494186332775165, "params": {"C": 27.1812858218265, "epsilon": 1.0199776377091978, "gamma": 0.0776921298421488}, "datetime": {"datetime": "2021-09-18 10:18:12", "elapsed": 3.283069, "delta": 0.093963}}
{"target": -2.1047050589000027, "params": {"C": 45.89212110368549, "epsilon": 0.7898016991091936, "gamma": 0.03591647539564391}, "datetime": {"datetime": "2021-09-18 10:18:12", "elapsed": 3.386068, "delta": 0.102999}}
{"target": -3.591655193485508, "params": {"C": 46.817479643073014, "epsilon": 3.9021858775924754, "gamma": 0.19642846917023216}, "datetime": {"datetime": "2021-09-18 10:18:13", "elapsed": 3.476068, "delta": 0.09}}
{"target": -2.1799866634084126, "params": {"C": 26.880111286789784, "epsilon": 0.7647019038121239, "gamma": 0.10115259019572988}, "datetime": {"datetime": "2021-09-18 10:18:13", "elapsed": 3.661112, "delta": 0.185044}}
{"target": -2.120851165379025, "params": {"C": 25.87837147073393, "epsilon": 0.6930261793923822, "gamma": 0.046350029187125996}, "datetime": {"datetime": "2021-09-18 10:18:13", "elapsed": 3.80411, "delta": 0.142998}}
{"target": -2.5023352254713176, "params": {"C": 27.27391863479636, "epsilon": 0.6547140688560942, "gamma": 0.008608985847501211}, "datetime": {"datetime": "2021-09-18 10:18:13", "elapsed": 4.010067, "delta": 0.205957}}
{"target": -2.8113667106366442, "params": {"C": 26.21743701085404, "epsilon": 0.5439920854821181, "gamma": 0.2803316768287923}, "datetime": {"datetime": "2021-09-18 10:18:13", "elapsed": 4.209071, "delta": 0.199004}}
{"target": -2.351759724937294, "params": {"C": 26.725775680234747, "epsilon": 1.4216921431688714, "gamma": 0.023299504349570274}, "datetime": {"datetime": "2021-09-18 10:18:14", "elapsed": 4.43611, "delta": 0.227039}}
{"target": -2.5399523968835247, "params": {"C": 23.802510910791998, "epsilon": 0.4544429359206956, "gamma": 0.21144984857794868}, "datetime": {"datetime": "2021-09-18 10:18:14", "elapsed": 4.585073, "delta": 0.148963}}
{"target": -2.119126338443315, "params": {"C": 45.863940030908694, "epsilon": 0.3640784653169308, "gamma": 0.029942870143447167}, "datetime": {"datetime": "2021-09-18 10:18:14", "elapsed": 4.820006, "delta": 0.234933}}
{"target": -2.9247113126667825, "params": {"C": 46.20844550824205, "epsilon": 0.5589523213081987, "gamma": 0.29697905150034265}, "datetime": {"datetime": "2021-09-18 10:18:14", "elapsed": 5.07771, "delta": 0.257704}}
{"target": -2.599856962105111, "params": {"C": 60.3522385919673, "epsilon": 2.930154840457629, "gamma": 0.08953073579482038}, "datetime": {"datetime": "2021-09-18 10:18:14", "elapsed": 5.239669, "delta": 0.161959}}
{"target": -2.136103750784501, "params": {"C": 45.42241060691014, "epsilon": 0.5961306065854816, "gamma": 0.10439904276474767}, "datetime": {"datetime": "2021-09-18 10:18:15", "elapsed": 5.441706, "delta": 0.202037}}
{"target": -1.986027170502857, "params": {"C": 45.48121853763378, "epsilon": 0.0718351845162679, "gamma": 0.05968746174943271}, "datetime": {"datetime": "2021-09-18 10:18:15", "elapsed": 5.71174, "delta": 0.270034}}
{"target": -3.5923092343653025, "params": {"C": 12.579519837119953, "epsilon": 2.904625822795209, "gamma": 0.0025821803303091913}, "datetime": {"datetime": "2021-09-18 10:18:15", "elapsed": 5.855705, "delta": 0.143965}}
{"target": -2.6186476121515705, "params": {"C": 45.05083240891355, "epsilon": 0.04455239554378133, "gamma": 0.23177100872381504}, "datetime": {"datetime": "2021-09-18 10:18:15", "elapsed": 6.224801, "delta": 0.369096}}
{"target": -2.2091311598950054, "params": {"C": 45.61882593240463, "epsilon": 1.3236964369841115, "gamma": 0.0849473155174439}, "datetime": {"datetime": "2021-09-18 10:18:16", "elapsed": 6.52981, "delta": 0.305009}}
{"target": -3.400944712434958, "params": {"C": 45.11473680661209, "epsilon": 1.1181646528641938, "gamma": 0.001}, "datetime": {"datetime": "2021-09-18 10:18:16", "elapsed": 6.906768, "delta": 0.376958}}
{"target": -2.382111656175109, "params": {"C": 16.192076080650097, "epsilon": 0.4009849264679844, "gamma": 0.1115241773850985}, "datetime": {"datetime": "2021-09-18 10:18:16", "elapsed": 7.068724, "delta": 0.161956}}
{"target": -2.7453876164700937, "params": {"C": 46.10477858114787, "epsilon": 1.3816080837952176, "gamma": 0.20518998403267993}, "datetime": {"datetime": "2021-09-18 10:18:16", "elapsed": 7.318562, "delta": 0.249838}}
{"target": -2.6222245000465474, "params": {"C": 60.385549842083556, "epsilon": 2.902455717283209, "gamma": 0.09554176394578805}, "datetime": {"datetime": "2021-09-18 10:18:17", "elapsed": 7.462839, "delta": 0.144277}}
{"target": -2.7895864332065736, "params": {"C": 45.888996450212076, "epsilon": 0.02547855430269192, "gamma": 0.2789517672716228}, "datetime": {"datetime": "2021-09-18 10:18:17", "elapsed": 7.779838, "delta": 0.316999}}
{"target": -2.8342034094786004, "params": {"C": 28.204175085290654, "epsilon": 1.3979968310984996, "gamma": 0.2329544175398005}, "datetime": {"datetime": "2021-09-18 10:18:17", "elapsed": 8.151429, "delta": 0.371591}}
{"target": -2.8312164503153037, "params": {"C": 25.536601571897975, "epsilon": 0.8129750065118799, "gamma": 0.2715407837147524}, "datetime": {"datetime": "2021-09-18 10:18:18", "elapsed": 8.400749, "delta": 0.24932}}
{"target": -2.05207025156269, "params": {"C": 45.55680539512715, "epsilon": 0.3617430558661793, "gamma": 0.08271213965715565}, "datetime": {"datetime": "2021-09-18 10:18:18", "elapsed": 8.639927, "delta": 0.239178}}
{"target": -2.585108087846636, "params": {"C": 45.620978469224966, "epsilon": 0.9903965280439164, "gamma": 0.1732609097747511}, "datetime": {"datetime": "2021-09-18 10:18:18", "elapsed": 8.906176, "delta": 0.266249}}
{"target": -2.8766474170096576, "params": {"C": 26.757422817310022, "epsilon": 1.0919536677901767, "gamma": 0.26520163411925685}, "datetime": {"datetime": "2021-09-18 10:18:18", "elapsed": 9.382624, "delta": 0.476448}}
{"target": -3.044785686459995, "params": {"C": 55.282170236172924, "epsilon": 1.6553993281255297, "gamma": 0.26268196122851867}, "datetime": {"datetime": "2021-09-18 10:18:19", "elapsed": 9.54906, "delta": 0.166436}}
{"target": -2.381101933654931, "params": {"C": 26.361027062329995, "epsilon": 1.447455656555088, "gamma": 0.01936301814523669}, "datetime": {"datetime": "2021-09-18 10:18:19", "elapsed": 9.760524, "delta": 0.211464}}
{"target": -4.474201942361148, "params": {"C": 58.65218322578327, "epsilon": 5.230975215144691, "gamma": 0.2669691702065461}, "datetime": {"datetime": "2021-09-18 10:18:19", "elapsed": 9.920677, "delta": 0.160153}}
{"target": -2.214575044774554, "params": {"C": 28.179176518041555, "epsilon": 1.0570054470424624, "gamma": 0.02976562339898437}, "datetime": {"datetime": "2021-09-18 10:18:19", "elapsed": 10.095641, "delta": 0.174964}}
{"target": -2.215788385866676, "params": {"C": 45.49400652533777, "epsilon": 1.8495414972986914, "gamma": 0.044264345275466306}, "datetime": {"datetime": "2021-09-18 10:18:20", "elapsed": 10.417679, "delta": 0.322038}}
{"target": -2.532698365678311, "params": {"C": 45.082176348749464, "epsilon": 0.08772558999259117, "gamma": 0.20793524947246977}, "datetime": {"datetime": "2021-09-18 10:18:20", "elapsed": 10.622679, "delta": 0.205}}
{"target": -2.3819640664391684, "params": {"C": 27.214879521044615, "epsilon": 1.03396985808838, "gamma": 0.1339103230069861}, "datetime": {"datetime": "2021-09-18 10:18:20", "elapsed": 10.810677, "delta": 0.187998}}
{"target": -3.182939895288327, "params": {"C": 45.81907028112254, "epsilon": 2.1988977740563267, "gamma": 0.25567699581629444}, "datetime": {"datetime": "2021-09-18 10:18:20", "elapsed": 11.07388, "delta": 0.263203}}
{"target": -2.657314274867993, "params": {"C": 15.630761524795835, "epsilon": 0.6887975783316701, "gamma": 0.16541668218294825}, "datetime": {"datetime": "2021-09-18 10:18:20", "elapsed": 11.392884, "delta": 0.319004}}
{"target": -2.1606659905741084, "params": {"C": 25.56538612733599, "epsilon": 0.4658683284171197, "gamma": 0.029850585773268695}, "datetime": {"datetime": "2021-09-18 10:18:21", "elapsed": 11.856878, "delta": 0.463994}}
{"target": -2.8591358057030773, "params": {"C": 23.07614561179678, "epsilon": 0.3281907198445299, "gamma": 0.3}, "datetime": {"datetime": "2021-09-18 10:18:21", "elapsed": 12.305512, "delta": 0.448634}}
{"target": -2.6904323079700077, "params": {"C": 16.711418544516015, "epsilon": 0.7899248211350669, "gamma": 0.17979565698043967}, "datetime": {"datetime": "2021-09-18 10:18:22", "elapsed": 12.661241, "delta": 0.355729}}
{"target": -3.0828848653177383, "params": {"C": 15.814997035503714, "epsilon": 0.001, "gamma": 0.3}, "datetime": {"datetime": "2021-09-18 10:18:22", "elapsed": 13.209235, "delta": 0.547994}}
{"target": -4.750213860800842, "params": {"C": 16.518372412859858, "epsilon": 5.708073158466824, "gamma": 0.2924142485099499}, "datetime": {"datetime": "2021-09-18 10:18:22", "elapsed": 13.389133, "delta": 0.179898}}
{"target": -2.4534143386324843, "params": {"C": 62.30482010967813, "epsilon": 1.2509876084989808, "gamma": 0.12621707436668658}, "datetime": {"datetime": "2021-09-18 10:18:23", "elapsed": 13.600305, "delta": 0.211172}}
{"target": -2.126075954271224, "params": {"C": 62.66558881912432, "epsilon": 0.5801118513116464, "gamma": 0.09649824359560602}, "datetime": {"datetime": "2021-09-18 10:18:23", "elapsed": 14.146271, "delta": 0.545966}}
{"target": -2.068073693058739, "params": {"C": 62.10873760052975, "epsilon": 0.5006122159045449, "gamma": 0.08494410149380713}, "datetime": {"datetime": "2021-09-18 10:18:24", "elapsed": 14.616372, "delta": 0.470101}}
{"target": -2.339040098840862, "params": {"C": 62.410832718571136, "epsilon": 0.0014834949162026605, "gamma": 0.14962386534645955}, "datetime": {"datetime": "2021-09-18 10:18:24", "elapsed": 15.082485, "delta": 0.466113}}
{"target": -2.503072902808802, "params": {"C": 61.57357902726505, "epsilon": 0.7060095552103652, "gamma": 0.16042769754782601}, "datetime": {"datetime": "2021-09-18 10:18:25", "elapsed": 15.559487, "delta": 0.477002}}
{"target": -2.9193899996037094, "params": {"C": 63.182025789704916, "epsilon": 0.22866454805802053, "gamma": 0.3}, "datetime": {"datetime": "2021-09-18 10:18:25", "elapsed": 16.043912, "delta": 0.484425}}
{"target": -3.2288637216614835, "params": {"C": 61.746108687414434, "epsilon": 0.001, "gamma": 0.001}, "datetime": {"datetime": "2021-09-18 10:18:26", "elapsed": 16.406981, "delta": 0.363069}}
{"target": -2.8670974123715496, "params": {"C": 15.174888403277393, "epsilon": 3.8308939820067573, "gamma": 0.04436441845970892}, "datetime": {"datetime": "2021-09-18 10:18:26", "elapsed": 16.597923, "delta": 0.190942}}
{"target": -2.5462786753576867, "params": {"C": 63.12626186364169, "epsilon": 1.2103437720741523, "gamma": 0.1468645022612395}, "datetime": {"datetime": "2021-09-18 10:18:26", "elapsed": 16.959762, "delta": 0.361839}}
{"target": -2.884819308275832, "params": {"C": 62.3115704434362, "epsilon": 0.8050933435094856, "gamma": 0.2672747214709221}, "datetime": {"datetime": "2021-09-18 10:18:27", "elapsed": 17.500561, "delta": 0.540799}}
{"target": -3.355671552449105, "params": {"C": 62.554796262711506, "epsilon": 1.7986328102341644, "gamma": 0.001}, "datetime": {"datetime": "2021-09-18 10:18:27", "elapsed": 17.887973, "delta": 0.387412}}
{"target": -2.7547847552618148, "params": {"C": 61.70786742129655, "epsilon": 1.2995753705174213, "gamma": 0.210156611138388}, "datetime": {"datetime": "2021-09-18 10:18:27", "elapsed": 18.318523, "delta": 0.43055}}
{"target": -2.1171712333637163, "params": {"C": 62.37447284275914, "epsilon": 0.34250907764008787, "gamma": 0.023525529412927428}, "datetime": {"datetime": "2021-09-18 10:18:28", "elapsed": 18.825554, "delta": 0.507031}}
{"target": -3.698649478720551, "params": {"C": 16.7290708869169, "epsilon": 0.03391605457556282, "gamma": 0.001}, "datetime": {"datetime": "2021-09-18 10:18:28", "elapsed": 19.325732, "delta": 0.500178}}
{"target": -4.659896452710415, "params": {"C": 40.34334787872475, "epsilon": 6.929651679023714, "gamma": 0.12133193925965306}, "datetime": {"datetime": "2021-09-18 10:18:29", "elapsed": 19.542141, "delta": 0.216409}}
{"target": -2.8452406846748928, "params": {"C": 16.157059796785852, "epsilon": 1.350275500551163, "gamma": 0.1816750106349119}, "datetime": {"datetime": "2021-09-18 10:18:29", "elapsed": 20.13455, "delta": 0.592409}}
{"target": -4.778087164801382, "params": {"C": 37.500270977208615, "epsilon": 6.785001836574125, "gamma": 0.17114417562923023}, "datetime": {"datetime": "2021-09-18 10:18:29", "elapsed": 20.353252, "delta": 0.218702}}
{"target": -3.4886773830208515, "params": {"C": 44.86344657676873, "epsilon": 2.2470393451074373, "gamma": 0.001}, "datetime": {"datetime": "2021-09-18 10:18:30", "elapsed": 20.920159, "delta": 0.566907}}
{"target": -4.159929851138346, "params": {"C": 18.06805691818971, "epsilon": 6.57052451039532, "gamma": 0.0038318984258593515}, "datetime": {"datetime": "2021-09-18 10:18:30", "elapsed": 21.131522, "delta": 0.211363}}
{"target": -3.490384984253881, "params": {"C": 59.45809739238051, "epsilon": 2.708530835444464, "gamma": 0.001}, "datetime": {"datetime": "2021-09-18 10:18:31", "elapsed": 21.666223, "delta": 0.534701}}
{"target": -2.644052648152966, "params": {"C": 20.60642515469353, "epsilon": 1.4652843502550912, "gamma": 0.15964952789547965}, "datetime": {"datetime": "2021-09-18 10:18:31", "elapsed": 21.913684, "delta": 0.247461}}
{"target": -2.559636161278572, "params": {"C": 59.52477790190669, "epsilon": 0.8401233100983417, "gamma": 0.16793434804478172}, "datetime": {"datetime": "2021-09-18 10:18:31", "elapsed": 22.171067, "delta": 0.257383}}
{"target": -3.64899628135465, "params": {"C": 60.37498916245909, "epsilon": 3.776923445873395, "gamma": 0.2177791169058398}, "datetime": {"datetime": "2021-09-18 10:18:32", "elapsed": 22.653213, "delta": 0.482146}}
{"target": -2.587497295174314, "params": {"C": 60.392932537131685, "epsilon": 0.9029118202226888, "gamma": 0.17040833273749822}, "datetime": {"datetime": "2021-09-18 10:18:32", "elapsed": 23.083024, "delta": 0.429811}}
{"target": -2.0335831912281392, "params": {"C": 59.769486649163106, "epsilon": 0.03819639605517662, "gamma": 0.03962987186282823}, "datetime": {"datetime": "2021-09-18 10:18:33", "elapsed": 23.634787, "delta": 0.551763}}
{"target": -4.358539271526592, "params": {"C": 59.865724194228946, "epsilon": 5.882470085317911, "gamma": 0.1617092013005336}, "datetime": {"datetime": "2021-09-18 10:18:33", "elapsed": 23.867344, "delta": 0.232557}}
{"target": -2.777424879917024, "params": {"C": 59.12428901667445, "epsilon": 0.018455632013317545, "gamma": 0.26584900062508476}, "datetime": {"datetime": "2021-09-18 10:18:34", "elapsed": 24.463568, "delta": 0.596224}}
{"target": -2.806633435248264, "params": {"C": 57.55732292500169, "epsilon": 0.9871809859649054, "gamma": 0.23788621862107776}, "datetime": {"datetime": "2021-09-18 10:18:34", "elapsed": 24.720601, "delta": 0.257033}}
{"target": -2.438625607039837, "params": {"C": 60.178836116891006, "epsilon": 0.14747695014249432, "gamma": 0.17214672424904648}, "datetime": {"datetime": "2021-09-18 10:18:34", "elapsed": 25.191469, "delta": 0.470868}}
{"target": -2.062775158302198, "params": {"C": 33.40064393405275, "epsilon": 0.24799703695619127, "gamma": 0.04730024757803849}, "datetime": {"datetime": "2021-09-18 10:18:35", "elapsed": 25.471971, "delta": 0.280502}}
{"target": -2.0700212513666556, "params": {"C": 32.85205428483736, "epsilon": 0.06982319261862334, "gamma": 0.08967529133827284}, "datetime": {"datetime": "2021-09-18 10:18:35", "elapsed": 25.958268, "delta": 0.486297}}
{"target": -2.065869309475621, "params": {"C": 32.96573602310391, "epsilon": 0.6668693061068127, "gamma": 0.07071035434741914}, "datetime": {"datetime": "2021-09-18 10:18:35", "elapsed": 26.378374, "delta": 0.420106}}
{"target": -2.612875351412064, "params": {"C": 32.37722451070401, "epsilon": 0.4891401574966295, "gamma": 0.22167728064364495}, "datetime": {"datetime": "2021-09-18 10:18:36", "elapsed": 26.810273, "delta": 0.431899}}
{"target": -3.480222548910867, "params": {"C": 33.57604372440848, "epsilon": 0.8903844511722669, "gamma": 0.001}, "datetime": {"datetime": "2021-09-18 10:18:36", "elapsed": 27.355299, "delta": 0.545026}}
{"target": -2.873170784847536, "params": {"C": 33.20592538046654, "epsilon": 0.43573832748476804, "gamma": 0.2986367467525069}, "datetime": {"datetime": "2021-09-18 10:18:37", "elapsed": 27.829873, "delta": 0.474574}}
{"target": -2.362446169838828, "params": {"C": 33.74620217160209, "epsilon": 0.017647173267354634, "gamma": 0.16344252849114463}, "datetime": {"datetime": "2021-09-18 10:18:37", "elapsed": 28.308737, "delta": 0.478864}}
{"target": -2.1440695411724473, "params": {"C": 32.568705397147184, "epsilon": 1.204883818271554, "gamma": 0.05323073551476525}, "datetime": {"datetime": "2021-09-18 10:18:38", "elapsed": 29.136899, "delta": 0.828162}}
{"target": -2.718901696634583, "params": {"C": 32.162286713990284, "epsilon": 1.7853753470400708, "gamma": 0.004967485430048581}, "datetime": {"datetime": "2021-09-18 10:18:39", "elapsed": 29.683071, "delta": 0.546172}}
{"target": -2.3295726298828323, "params": {"C": 32.967915911550385, "epsilon": 1.7266364368853966, "gamma": 0.030891208393735027}, "datetime": {"datetime": "2021-09-18 10:18:39", "elapsed": 30.068231, "delta": 0.38516}}
{"target": -3.295059206933578, "params": {"C": 32.97802579802446, "epsilon": 2.4480655796430875, "gamma": 0.2686573551479762}, "datetime": {"datetime": "2021-09-18 10:18:40", "elapsed": 30.466088, "delta": 0.397857}}
{"target": -3.624852273642865, "params": {"C": 21.569081851147573, "epsilon": 1.3498912316633076, "gamma": 0.001}, "datetime": {"datetime": "2021-09-18 10:18:40", "elapsed": 30.891167, "delta": 0.425079}}
{"target": -2.572408527419556, "params": {"C": 20.006652569383952, "epsilon": 2.0577635523862514, "gamma": 0.10440249410332496}, "datetime": {"datetime": "2021-09-18 10:18:41", "elapsed": 31.402625, "delta": 0.511458}}
{"target": -2.293079544519207, "params": {"C": 19.816643074377367, "epsilon": 1.1366934826375363, "gamma": 0.08708124654613991}, "datetime": {"datetime": "2021-09-18 10:18:41", "elapsed": 31.816215, "delta": 0.41359}}
{"target": -2.520000912322967, "params": {"C": 19.91060936406081, "epsilon": 0.4760897496561545, "gamma": 0.17697843008556516}, "datetime": {"datetime": "2021-09-18 10:18:41", "elapsed": 32.242558, "delta": 0.426343}}
{"target": -2.525570360921121, "params": {"C": 19.396623060444064, "epsilon": 1.6571559699295255, "gamma": 0.112586478712489}, "datetime": {"datetime": "2021-09-18 10:18:42", "elapsed": 32.774451, "delta": 0.531893}}
{"target": -2.1195093661343827, "params": {"C": 27.697196983146164, "epsilon": 0.06053115974981347, "gamma": 0.047570788157153376}, "datetime": {"datetime": "2021-09-18 10:18:42", "elapsed": 33.089853, "delta": 0.315402}}
{"target": -2.438444002144063, "params": {"C": 28.204459560609173, "epsilon": 0.056733700870976206, "gamma": 0.009158282125343992}, "datetime": {"datetime": "2021-09-18 10:18:43", "elapsed": 33.602792, "delta": 0.512939}}
{"target": -2.0691258382511433, "params": {"C": 59.75485736306315, "epsilon": 0.0256266306120236, "gamma": 0.03533804838256422}, "datetime": {"datetime": "2021-09-18 10:18:43", "elapsed": 33.927213, "delta": 0.324421}}
{"target": -3.036028610442347, "params": {"C": 19.27251371664166, "epsilon": 0.8837863621271106, "gamma": 0.2903051280606176}, "datetime": {"datetime": "2021-09-18 10:18:44", "elapsed": 34.494639, "delta": 0.567426}}
{"target": -2.0267011410675866, "params": {"C": 59.81966112786358, "epsilon": 0.43207367201449975, "gamma": 0.04699144115853343}, "datetime": {"datetime": "2021-09-18 10:18:44", "elapsed": 35.023585, "delta": 0.528946}}
{"target": -3.6005271941064216, "params": {"C": 20.596785369013787, "epsilon": 0.001, "gamma": 0.001}, "datetime": {"datetime": "2021-09-18 10:18:45", "elapsed": 35.463826, "delta": 0.440241}}
{"target": -3.852580148706862, "params": {"C": 19.22809992359879, "epsilon": 2.6013202463800793, "gamma": 0.001}, "datetime": {"datetime": "2021-09-18 10:18:45", "elapsed": 36.01287, "delta": 0.549044}}
{"target": -3.329024565345789, "params": {"C": 64.08452737884859, "epsilon": 1.2577317219382544, "gamma": 0.001}, "datetime": {"datetime": "2021-09-18 10:18:46", "elapsed": 36.610733, "delta": 0.597863}}
{"target": -3.8088602184574682, "params": {"C": 21.33901582421607, "epsilon": 3.5184359713104527, "gamma": 0.3}, "datetime": {"datetime": "2021-09-18 10:18:46", "elapsed": 37.117985, "delta": 0.507252}}
{"target": -2.6026347724235586, "params": {"C": 31.397673013549745, "epsilon": 1.1157441188176185, "gamma": 0.0065049161725439664}, "datetime": {"datetime": "2021-09-18 10:18:47", "elapsed": 37.564015, "delta": 0.44603}}
{"target": -2.440547437557491, "params": {"C": 30.73517907206336, "epsilon": 1.8103083486814566, "gamma": 0.016602027043428294}, "datetime": {"datetime": "2021-09-18 10:18:47", "elapsed": 38.064213, "delta": 0.500198}}
{"target": -2.265500623170769, "params": {"C": 20.567900610125925, "epsilon": 1.370373337826183, "gamma": 0.042353316327581166}, "datetime": {"datetime": "2021-09-18 10:18:47", "elapsed": 38.390248, "delta": 0.326035}}
{"target": -2.033179105809694, "params": {"C": 64.25224999648725, "epsilon": 0.3768798477328568, "gamma": 0.04103031125966586}, "datetime": {"datetime": "2021-09-18 10:18:48", "elapsed": 38.747659, "delta": 0.357411}}
{"target": -3.216288347094539, "params": {"C": 64.60143042098942, "epsilon": 0.001, "gamma": 0.001}, "datetime": {"datetime": "2021-09-18 10:18:48", "elapsed": 39.281594, "delta": 0.533935}}
