{"target": -9.758725608154222, "params": {"C": 0.1, "epsilon": 21.573743389310682, "gamma": 3.0}, "datetime": {"datetime": "2021-09-18 08:46:23", "elapsed": 156.804099, "delta": 1.158035}}
{"target": -8.138358686379132, "params": {"C": 19.42567289863326, "epsilon": 10.98873175071075, "gamma": 3.0}, "datetime": {"datetime": "2021-09-18 08:46:24", "elapsed": 158.238929, "delta": 1.43483}}
{"target": -2.4815026086281757, "params": {"C": 30.809827675012198, "epsilon": 2.9074104556371645, "gamma": 0.030281377877085153}, "datetime": {"datetime": "2021-09-18 08:46:25", "elapsed": 159.267452, "delta": 1.028523}}
{"target": -9.319078947368421, "params": {"C": 34.6557806434599, "epsilon": 25.06101759285196, "gamma": 3.0}, "datetime": {"datetime": "2021-09-18 08:46:26", "elapsed": 160.330486, "delta": 1.063034}}
{"target": -6.670456515428989, "params": {"C": 30.851246642341977, "epsilon": 10.480627259686866, "gamma": 0.0001}, "datetime": {"datetime": "2021-09-18 08:46:27", "elapsed": 161.486848, "delta": 1.156362}}
{"target": -6.492144134257194, "params": {"C": 43.189127226459426, "epsilon": 2.8869936582452125, "gamma": 3.0}, "datetime": {"datetime": "2021-09-18 08:46:29", "elapsed": 163.085805, "delta": 1.598957}}
{"target": -5.214648216873514, "params": {"C": 42.1073390835621, "epsilon": 6.095483995650309, "gamma": 0.0001}, "datetime": {"datetime": "2021-09-18 08:46:30", "elapsed": 164.374698, "delta": 1.288893}}
{"target": -5.485043754902061, "params": {"C": 19.08747453042521, "epsilon": 4.608626227363548, "gamma": 0.0001}, "datetime": {"datetime": "2021-09-18 08:46:31", "elapsed": 165.514781, "delta": 1.140083}}
{"target": -6.267197250861979, "params": {"C": 14.801396076891688, "epsilon": 9.456200792702196, "gamma": 0.15242187955455258}, "datetime": {"datetime": "2021-09-18 08:46:33", "elapsed": 166.981715, "delta": 1.466934}}
{"target": -9.319078947368421, "params": {"C": 3.5289013441003463, "epsilon": 29.945338438343654, "gamma": 0.27708758116999804}, "datetime": {"datetime": "2021-09-18 08:46:34", "elapsed": 168.14679, "delta": 1.165075}}
{"target": -9.264984726085563, "params": {"C": 8.712835377400319, "epsilon": 16.437373541085307, "gamma": 2.9913310304924208}, "datetime": {"datetime": "2021-09-18 08:46:35", "elapsed": 169.414746, "delta": 1.267956}}
{"target": -9.64761190235829, "params": {"C": 32.515473088825516, "epsilon": 19.25341805535583, "gamma": 2.9919754228980318}, "datetime": {"datetime": "2021-09-18 08:46:37", "elapsed": 170.678212, "delta": 1.263466}}
{"target": -6.296251005131378, "params": {"C": 50.0, "epsilon": 9.675815246762378, "gamma": 0.0001}, "datetime": {"datetime": "2021-09-18 08:46:38", "elapsed": 171.795654, "delta": 1.117442}}
{"target": -4.961867988399017, "params": {"C": 37.62789901597179, "epsilon": 4.21580377751695, "gamma": 0.0001}, "datetime": {"datetime": "2021-09-18 08:46:39", "elapsed": 172.879872, "delta": 1.084218}}
{"target": -5.385349462398676, "params": {"C": 16.515895307570243, "epsilon": 1.4019475802858141, "gamma": 0.0001}, "datetime": {"datetime": "2021-09-18 08:46:40", "elapsed": 174.053975, "delta": 1.174103}}
{"target": -5.086158014149089, "params": {"C": 31.179237258836, "epsilon": 3.160562884746562, "gamma": 0.9662189396346188}, "datetime": {"datetime": "2021-09-18 08:46:41", "elapsed": 175.342663, "delta": 1.288688}}
{"target": -5.124469661677766, "params": {"C": 48.967713711092856, "epsilon": 2.07844492522908, "gamma": 1.2412944642451258}, "datetime": {"datetime": "2021-09-18 08:46:43", "elapsed": 176.844628, "delta": 1.501965}}
{"target": -2.5267029024542302, "params": {"C": 15.447367155200741, "epsilon": 2.3741163246509234, "gamma": 0.03468229134624782}, "datetime": {"datetime": "2021-09-18 08:46:44", "elapsed": 178.258673, "delta": 1.414045}}
{"target": -3.6447987604693126, "params": {"C": 24.42304785386119, "epsilon": 2.9309493046484856, "gamma": 0.001429276636141457}, "datetime": {"datetime": "2021-09-18 08:46:46", "elapsed": 179.645865, "delta": 1.387192}}
{"target": -4.546625182926199, "params": {"C": 17.652610371498618, "epsilon": 0.5818436992605344, "gamma": 0.8852350101386163}, "datetime": {"datetime": "2021-09-18 08:46:47", "elapsed": 181.117293, "delta": 1.471428}}
{"target": -4.180166717943269, "params": {"C": 46.70246398797939, "epsilon": 0.05343799860888114, "gamma": 0.815008155598041}, "datetime": {"datetime": "2021-09-18 08:46:49", "elapsed": 182.656679, "delta": 1.539386}}
{"target": -4.7382133945969525, "params": {"C": 38.48970775219087, "epsilon": 2.185101723884978, "gamma": 0.0001}, "datetime": {"datetime": "2021-09-18 08:46:50", "elapsed": 183.863686, "delta": 1.207007}}
{"target": -4.031954939815941, "params": {"C": 25.32856039940519, "epsilon": 1.9719923068747192, "gamma": 0.0004188956520206726}, "datetime": {"datetime": "2021-09-18 08:46:51", "elapsed": 185.106858, "delta": 1.243172}}
{"target": -4.0955746658145635, "params": {"C": 26.33766169140516, "epsilon": 3.258139275666202, "gamma": 0.43989884643007704}, "datetime": {"datetime": "2021-09-18 08:46:52", "elapsed": 186.353246, "delta": 1.246388}}
{"target": -4.21669928299555, "params": {"C": 39.41184892096578, "epsilon": 1.1249389292496934, "gamma": 0.7567298965522085}, "datetime": {"datetime": "2021-09-18 08:46:54", "elapsed": 187.687041, "delta": 1.333795}}
{"target": -5.226800367745267, "params": {"C": 24.61042342131476, "epsilon": 4.116646704959256, "gamma": 0.8334635520137975}, "datetime": {"datetime": "2021-09-18 08:46:55", "elapsed": 188.96998, "delta": 1.282939}}
{"target": -5.693592853851501, "params": {"C": 20.249127110861345, "epsilon": 4.0053947298944585, "gamma": 1.2403630487688522}, "datetime": {"datetime": "2021-09-18 08:46:56", "elapsed": 190.217983, "delta": 1.248003}}
{"target": -4.597224854752542, "params": {"C": 24.51046486546529, "epsilon": 0.7021828422357318, "gamma": 1.0176707543152546}, "datetime": {"datetime": "2021-09-18 08:46:58", "elapsed": 191.651061, "delta": 1.433078}}
{"target": -5.507849411826219, "params": {"C": 28.869243793542807, "epsilon": 4.144496906693774, "gamma": 1.0411627142436168}, "datetime": {"datetime": "2021-09-18 08:46:59", "elapsed": 193.183737, "delta": 1.532676}}
{"target": -2.6984612773248755, "params": {"C": 20.09626750736347, "epsilon": 3.11181518233155, "gamma": 0.009847429944492966}, "datetime": {"datetime": "2021-09-18 08:47:00", "elapsed": 194.315523, "delta": 1.131786}}
{"target": -5.314784554803223, "params": {"C": 26.86354710806624, "epsilon": 5.193842183103331, "gamma": 0.0001}, "datetime": {"datetime": "2021-09-18 08:47:02", "elapsed": 195.946837, "delta": 1.631314}}
{"target": -6.271708640122157, "params": {"C": 44.91050827846054, "epsilon": 7.340425549567991, "gamma": 0.7097109701581262}, "datetime": {"datetime": "2021-09-18 08:47:03", "elapsed": 197.501434, "delta": 1.554597}}
{"target": -4.93295900874769, "params": {"C": 22.72379968231007, "epsilon": 2.068035295383916, "gamma": 1.06127756561937}, "datetime": {"datetime": "2021-09-18 08:47:05", "elapsed": 198.987762, "delta": 1.486328}}
{"target": -2.619112357867911, "params": {"C": 39.26433359124923, "epsilon": 3.4946570349685944, "gamma": 0.014398024991508489}, "datetime": {"datetime": "2021-09-18 08:47:06", "elapsed": 200.466094, "delta": 1.478332}}
{"target": -2.1155090811295607, "params": {"C": 37.61365392473651, "epsilon": 0.40564311120326907, "gamma": 0.10539275711271837}, "datetime": {"datetime": "2021-09-18 08:47:08", "elapsed": 201.853905, "delta": 1.387811}}
{"target": -3.194623588381653, "params": {"C": 36.88613722324174, "epsilon": 0.5687171461134514, "gamma": 0.3921970527664448}, "datetime": {"datetime": "2021-09-18 08:47:09", "elapsed": 203.519297, "delta": 1.665392}}
{"target": -4.167008165452661, "params": {"C": 37.80286205918521, "epsilon": 0.23384818952666306, "gamma": 0.8022341585522526}, "datetime": {"datetime": "2021-09-18 08:47:11", "elapsed": 204.796146, "delta": 1.276849}}
{"target": -2.4126889357789967, "params": {"C": 46.559786810185656, "epsilon": 2.8577279274992895, "gamma": 0.05810819819351211}, "datetime": {"datetime": "2021-09-18 08:47:13", "elapsed": 206.576178, "delta": 1.780032}}
{"target": -3.8759525120239298, "params": {"C": 19.280609277060147, "epsilon": 2.338750941043764, "gamma": 0.4417419640002901}, "datetime": {"datetime": "2021-09-18 08:47:14", "elapsed": 207.836901, "delta": 1.260723}}
{"target": -5.184169251014388, "params": {"C": 47.13468620169701, "epsilon": 3.664558758831712, "gamma": 0.9109417164840495}, "datetime": {"datetime": "2021-09-18 08:47:16", "elapsed": 209.625877, "delta": 1.788976}}
{"target": -5.541032221597699, "params": {"C": 37.922403675083395, "epsilon": 7.02834112268775, "gamma": 0.0001}, "datetime": {"datetime": "2021-09-18 08:47:17", "elapsed": 211.118942, "delta": 1.493065}}
{"target": -5.0048152481644355, "params": {"C": 35.658442553023185, "epsilon": 1.5810725856920829, "gamma": 1.232854354556608}, "datetime": {"datetime": "2021-09-18 08:47:18", "elapsed": 212.490888, "delta": 1.371946}}
{"target": -6.123193094391637, "params": {"C": 8.729879287834216, "epsilon": 5.1249317412300766, "gamma": 0.0001}, "datetime": {"datetime": "2021-09-18 08:47:20", "elapsed": 214.065345, "delta": 1.574457}}
{"target": -4.6958301133877125, "params": {"C": 42.374452285035346, "epsilon": 1.5096134663486098, "gamma": 0.9991161079934255}, "datetime": {"datetime": "2021-09-18 08:47:22", "elapsed": 215.702743, "delta": 1.637398}}
{"target": -4.4951642472349365, "params": {"C": 40.44771039653879, "epsilon": 4.3084238239689, "gamma": 0.4188700536351964}, "datetime": {"datetime": "2021-09-18 08:47:23", "elapsed": 217.023488, "delta": 1.320745}}
{"target": -3.9295661201673435, "params": {"C": 2.801101524523268, "epsilon": 1.4225010447731994, "gamma": 0.15976589206506933}, "datetime": {"datetime": "2021-09-18 08:47:24", "elapsed": 218.46868, "delta": 1.445192}}
{"target": -2.8092162905358458, "params": {"C": 30.14300105353012, "epsilon": 4.119682529503458, "gamma": 0.010758192154187357}, "datetime": {"datetime": "2021-09-18 08:47:26", "elapsed": 220.370226, "delta": 1.901546}}
{"target": -2.614302060575389, "params": {"C": 11.227213139330072, "epsilon": 1.1805458566271088, "gamma": 0.012501933570983519}, "datetime": {"datetime": "2021-09-18 08:47:28", "elapsed": 221.883726, "delta": 1.5135}}
{"target": -5.880681606211518, "params": {"C": 10.040859108368972, "epsilon": 1.260795534264722, "gamma": 0.0001}, "datetime": {"datetime": "2021-09-18 08:47:29", "elapsed": 223.248223, "delta": 1.364497}}
{"target": -4.350031710406672, "params": {"C": 11.595461705166162, "epsilon": 1.8662371423850956, "gamma": 0.5706253914481728}, "datetime": {"datetime": "2021-09-18 08:47:31", "elapsed": 224.900294, "delta": 1.652071}}
{"target": -5.732135560758576, "params": {"C": 22.448407636378867, "epsilon": 6.607000760009452, "gamma": 0.0001}, "datetime": {"datetime": "2021-09-18 08:47:32", "elapsed": 226.281874, "delta": 1.38158}}
{"target": -9.685761407021445, "params": {"C": 39.46693925295166, "epsilon": 18.66568130567079, "gamma": 0.04955316186174003}, "datetime": {"datetime": "2021-09-18 08:47:34", "elapsed": 227.731077, "delta": 1.449203}}
{"target": -5.290632865946371, "params": {"C": 41.26061556289468, "epsilon": 8.196295958483484, "gamma": 0.10398918829667449}, "datetime": {"datetime": "2021-09-18 08:47:35", "elapsed": 229.346793, "delta": 1.615716}}
{"target": -3.814310055361796, "params": {"C": 3.3842468952003375, "epsilon": 3.1560443301576955, "gamma": 0.0987330352049849}, "datetime": {"datetime": "2021-09-18 08:47:37", "elapsed": 231.003967, "delta": 1.657174}}
{"target": -9.319078947368421, "params": {"C": 18.361710828719037, "epsilon": 25.9472032151555, "gamma": 0.118011124098524}, "datetime": {"datetime": "2021-09-18 08:47:38", "elapsed": 232.44731, "delta": 1.443343}}
{"target": -9.319078947368421, "params": {"C": 27.92255220986489, "epsilon": 25.52683481484801, "gamma": 3.0}, "datetime": {"datetime": "2021-09-18 08:47:40", "elapsed": 234.11087, "delta": 1.66356}}
{"target": -4.774454249520835, "params": {"C": 27.022856483599423, "epsilon": 0.5399596400286988, "gamma": 1.2012909177977824}, "datetime": {"datetime": "2021-09-18 08:47:42", "elapsed": 235.652832, "delta": 1.541962}}
{"target": -4.72074119847273, "params": {"C": 43.27209709756509, "epsilon": 3.50884755431402, "gamma": 0.0001}, "datetime": {"datetime": "2021-09-18 08:47:43", "elapsed": 236.953088, "delta": 1.300256}}
{"target": -4.178385635844738, "params": {"C": 13.05886099209861, "epsilon": 0.5268006329176398, "gamma": 0.0005770601616039098}, "datetime": {"datetime": "2021-09-18 08:47:45", "elapsed": 238.6475, "delta": 1.694412}}
{"target": -9.69012523304744, "params": {"C": 17.726481596053848, "epsilon": 20.41759876476086, "gamma": 2.962159237771009}, "datetime": {"datetime": "2021-09-18 08:47:46", "elapsed": 240.140762, "delta": 1.493262}}
{"target": -9.319078947368421, "params": {"C": 47.01769051735889, "epsilon": 29.520543971023347, "gamma": 0.06663949604368052}, "datetime": {"datetime": "2021-09-18 08:47:48", "elapsed": 241.879824, "delta": 1.739062}}
{"target": -9.319078947368421, "params": {"C": 9.56177094435454, "epsilon": 23.859599284630864, "gamma": 3.0}, "datetime": {"datetime": "2021-09-18 08:47:50", "elapsed": 243.681716, "delta": 1.801892}}
{"target": -9.392609477321715, "params": {"C": 45.5021359301435, "epsilon": 17.14250334411419, "gamma": 3.0}, "datetime": {"datetime": "2021-09-18 08:47:51", "elapsed": 245.5025, "delta": 1.820784}}
{"target": -9.390208930587093, "params": {"C": 4.814392147923317, "epsilon": 18.690181881189115, "gamma": 0.026558306066782483}, "datetime": {"datetime": "2021-09-18 08:47:53", "elapsed": 247.031082, "delta": 1.528582}}
{"target": -2.471381868562714, "params": {"C": 10.711959323453682, "epsilon": 0.2138465705492562, "gamma": 0.01821507825972875}, "datetime": {"datetime": "2021-09-18 08:47:55", "elapsed": 248.702674, "delta": 1.671592}}
{"target": -2.4345074970598963, "params": {"C": 32.21147849605043, "epsilon": 1.8450710242358022, "gamma": 0.017152331322837545}, "datetime": {"datetime": "2021-09-18 08:47:57", "elapsed": 250.776432, "delta": 2.073758}}
{"target": -7.645531127025282, "params": {"C": 15.037860409360194, "epsilon": 13.702328032749934, "gamma": 0.0001}, "datetime": {"datetime": "2021-09-18 08:47:59", "elapsed": 252.703736, "delta": 1.927304}}
{"target": -7.452899706005457, "params": {"C": 26.324124764352288, "epsilon": 7.825031023699344, "gamma": 3.0}, "datetime": {"datetime": "2021-09-18 08:48:00", "elapsed": 254.466103, "delta": 1.762367}}
{"target": -9.319078947368421, "params": {"C": 40.79056271938343, "epsilon": 30.0, "gamma": 0.0001}, "datetime": {"datetime": "2021-09-18 08:48:03", "elapsed": 256.591856, "delta": 2.125753}}
{"target": -8.09390126955742, "params": {"C": 36.85271914434989, "epsilon": 14.167365464666627, "gamma": 0.0001}, "datetime": {"datetime": "2021-09-18 08:48:04", "elapsed": 258.178675, "delta": 1.586819}}
{"target": -6.494754536616052, "params": {"C": 2.748332495368567, "epsilon": 0.8177099709887065, "gamma": 1.8713473959455564}, "datetime": {"datetime": "2021-09-18 08:48:06", "elapsed": 260.289708, "delta": 2.111033}}
{"target": -4.798582580205431, "params": {"C": 3.196344465924476, "epsilon": 5.446339150515632, "gamma": 0.12618000457605055}, "datetime": {"datetime": "2021-09-18 08:48:09", "elapsed": 262.721482, "delta": 2.431774}}
{"target": -9.319078947368421, "params": {"C": 25.9364492567941, "epsilon": 30.0, "gamma": 3.0}, "datetime": {"datetime": "2021-09-18 08:48:10", "elapsed": 264.320782, "delta": 1.5993}}
{"target": -9.241990632938615, "params": {"C": 27.497404762242493, "epsilon": 16.31389299669883, "gamma": 3.0}, "datetime": {"datetime": "2021-09-18 08:48:12", "elapsed": 265.977404, "delta": 1.656622}}
{"target": -7.389828135934586, "params": {"C": 17.926679149772646, "epsilon": 7.512255080578945, "gamma": 3.0}, "datetime": {"datetime": "2021-09-18 08:48:14", "elapsed": 267.965638, "delta": 1.988234}}
{"target": -2.458036956338577, "params": {"C": 37.26999901855385, "epsilon": 1.2373796331787634, "gamma": 0.009097159387611187}, "datetime": {"datetime": "2021-09-18 08:48:16", "elapsed": 269.865562, "delta": 1.899924}}
{"target": -9.319078947368421, "params": {"C": 24.933108935531273, "epsilon": 23.359975175512684, "gamma": 0.02478559611767542}, "datetime": {"datetime": "2021-09-18 08:48:18", "elapsed": 271.741244, "delta": 1.875682}}
{"target": -8.483181084134282, "params": {"C": 50.0, "epsilon": 12.46658444543438, "gamma": 3.0}, "datetime": {"datetime": "2021-09-18 08:48:20", "elapsed": 273.607437, "delta": 1.866193}}
{"target": -6.8817113425878125, "params": {"C": 45.94591588748144, "epsilon": 11.3107405499811, "gamma": 0.0001}, "datetime": {"datetime": "2021-09-18 08:48:21", "elapsed": 275.447586, "delta": 1.840149}}
{"target": -4.604448468499292, "params": {"C": 35.23913937855761, "epsilon": 6.170625477571792, "gamma": 0.2026142253466827}, "datetime": {"datetime": "2021-09-18 08:48:23", "elapsed": 277.547061, "delta": 2.099475}}
{"target": -7.057040972026294, "params": {"C": 33.033009084569926, "epsilon": 6.558982007330738, "gamma": 2.381798711631803}, "datetime": {"datetime": "2021-09-18 08:48:25", "elapsed": 279.25221, "delta": 1.705149}}
{"target": -6.2174149405845025, "params": {"C": 0.14990037211874374, "epsilon": 1.2121614522192776, "gamma": 0.006687103260033636}, "datetime": {"datetime": "2021-09-18 08:48:27", "elapsed": 281.425806, "delta": 2.173596}}
{"target": -7.288130235765987, "params": {"C": 4.211933463967019, "epsilon": 7.294451468146536, "gamma": 2.9806590863964058}, "datetime": {"datetime": "2021-09-18 08:48:29", "elapsed": 283.502033, "delta": 2.076227}}
{"target": -9.319078947368421, "params": {"C": 40.90726679394844, "epsilon": 25.61050212392518, "gamma": 3.0}, "datetime": {"datetime": "2021-09-18 08:48:31", "elapsed": 285.165586, "delta": 1.663553}}
{"target": -4.007469989817145, "params": {"C": 49.91953163389392, "epsilon": 4.36714784133162, "gamma": 0.0006099985570126894}, "datetime": {"datetime": "2021-09-18 08:48:33", "elapsed": 286.946918, "delta": 1.781332}}
{"target": -2.3333921918854146, "params": {"C": 11.713247401168848, "epsilon": 0.023349336341110086, "gamma": 0.028326919423651967}, "datetime": {"datetime": "2021-09-18 08:48:35", "elapsed": 288.798869, "delta": 1.851951}}
{"target": -6.363479622231671, "params": {"C": 7.003182027888151, "epsilon": 0.001, "gamma": 3.0}, "datetime": {"datetime": "2021-09-18 08:48:37", "elapsed": 291.138041, "delta": 2.339172}}
{"target": -5.923446005850608, "params": {"C": 44.73330911589747, "epsilon": 0.13260835963918605, "gamma": 2.9107259663259737}, "datetime": {"datetime": "2021-09-18 08:48:39", "elapsed": 293.428645, "delta": 2.290604}}
{"target": -9.57204418218945, "params": {"C": 15.136307477245955, "epsilon": 21.837030189055138, "gamma": 0.0001}, "datetime": {"datetime": "2021-09-18 08:48:41", "elapsed": 295.176623, "delta": 1.747978}}
{"target": -9.003571088582566, "params": {"C": 17.688246268389, "epsilon": 14.965039214258374, "gamma": 3.0}, "datetime": {"datetime": "2021-09-18 08:48:43", "elapsed": 297.09035, "delta": 1.913727}}
{"target": -4.496030435690493, "params": {"C": 46.746615292035194, "epsilon": 0.9013294411078067, "gamma": 0.0001}, "datetime": {"datetime": "2021-09-18 08:48:45", "elapsed": 298.926511, "delta": 1.836161}}
{"target": -3.6925331897601454, "params": {"C": 48.402639733676054, "epsilon": 0.791010377496072, "gamma": 0.5463343769595652}, "datetime": {"datetime": "2021-09-18 08:48:47", "elapsed": 300.972353, "delta": 2.045842}}
{"target": -3.1764691238727254, "params": {"C": 21.580643903837505, "epsilon": 4.724119440423209, "gamma": 0.05376159953827915}, "datetime": {"datetime": "2021-09-18 08:48:49", "elapsed": 303.081515, "delta": 2.109162}}
{"target": -6.33066445178864, "params": {"C": 49.65662304818237, "epsilon": 5.432149343161194, "gamma": 1.475053800153871}, "datetime": {"datetime": "2021-09-18 08:48:51", "elapsed": 305.336709, "delta": 2.255194}}
{"target": -7.5167035813408845, "params": {"C": 0.1, "epsilon": 8.348893413494745, "gamma": 3.0}, "datetime": {"datetime": "2021-09-18 08:48:53", "elapsed": 306.970034, "delta": 1.633325}}
{"target": -2.162190120659328, "params": {"C": 45.43026442592989, "epsilon": 0.27848694245252276, "gamma": 0.11524959631280686}, "datetime": {"datetime": "2021-09-18 08:48:55", "elapsed": 308.850389, "delta": 1.880355}}
{"target": -2.644278712720787, "params": {"C": 29.175325477649903, "epsilon": 3.7451355166846954, "gamma": 0.02023722431704093}, "datetime": {"datetime": "2021-09-18 08:48:57", "elapsed": 310.742562, "delta": 1.892173}}
{"target": -9.533572830017485, "params": {"C": 37.64856899244122, "epsilon": 21.70866613122764, "gamma": 3.0}, "datetime": {"datetime": "2021-09-18 08:48:58", "elapsed": 312.483415, "delta": 1.740853}}
{"target": -8.43875529903784, "params": {"C": 11.519827837324785, "epsilon": 12.291812372270543, "gamma": 3.0}, "datetime": {"datetime": "2021-09-18 08:49:00", "elapsed": 314.34846, "delta": 1.865045}}
{"target": -4.732438457821841, "params": {"C": 4.791319107081683, "epsilon": 6.060543067654605, "gamma": 0.003109162004832336}, "datetime": {"datetime": "2021-09-18 08:49:02", "elapsed": 315.974484, "delta": 1.626024}}
{"target": -5.827658035723886, "params": {"C": 42.147816382479725, "epsilon": 4.062091809282127, "gamma": 1.3716298516045369}, "datetime": {"datetime": "2021-09-18 08:49:04", "elapsed": 317.857205, "delta": 1.882721}}
{"target": -9.641129984231743, "params": {"C": 30.59413113689788, "epsilon": 21.5519208967493, "gamma": 0.0001}, "datetime": {"datetime": "2021-09-18 08:49:06", "elapsed": 319.737785, "delta": 1.88058}}
{"target": -9.319078947368421, "params": {"C": 8.609271704611837, "epsilon": 30.0, "gamma": 0.0001}, "datetime": {"datetime": "2021-09-18 08:49:08", "elapsed": 322.128172, "delta": 2.390387}}
