{"target": -14.83692248251863, "params": {"C": 176.62113232711505, "epsilon": 0.3730289507967357, "gamma": 0.28207761245266827}, "datetime": {"datetime": "2021-09-27 18:23:03", "elapsed": 267.587127, "delta": 1.487088}}
{"target": -11.450108384156268, "params": {"C": 102.80656965412189, "epsilon": 0.10420629710218338, "gamma": 0.0062378265382479516}, "datetime": {"datetime": "2021-09-27 18:23:05", "elapsed": 269.774467, "delta": 2.18734}}
{"target": -12.475654328246376, "params": {"C": 102.84204249325717, "epsilon": 0.16229087301402187, "gamma": 0.13653868833255772}, "datetime": {"datetime": "2021-09-27 18:23:07", "elapsed": 271.898988, "delta": 2.124521}}
{"target": -10.659005087491726, "params": {"C": 140.72961342109147, "epsilon": 0.4346551201512421, "gamma": 0.031006843848065024}, "datetime": {"datetime": "2021-09-27 18:23:09", "elapsed": 273.637796, "delta": 1.738808}}
{"target": -10.35460759118449, "params": {"C": 110.24783231176237, "epsilon": 0.019341056468401747, "gamma": 0.0468062361280148}, "datetime": {"datetime": "2021-09-27 18:23:11", "elapsed": 275.571376, "delta": 1.93358}}
{"target": -11.556156724319012, "params": {"C": 165.67627942210683, "epsilon": 0.14041374059710496, "gamma": 0.010566485208807687}, "datetime": {"datetime": "2021-09-27 18:23:13", "elapsed": 277.339346, "delta": 1.76797}}
{"target": -13.64871671915631, "params": {"C": 295.10919572570657, "epsilon": 0.148997069409993, "gamma": 0.1268031552750071}, "datetime": {"datetime": "2021-09-27 18:23:15", "elapsed": 279.930108, "delta": 2.590762}}
{"target": -11.167027300096814, "params": {"C": 182.5945379867728, "epsilon": 0.062437946213960274, "gamma": 0.06469616344160624}, "datetime": {"datetime": "2021-09-27 18:23:17", "elapsed": 281.968405, "delta": 2.038297}}
{"target": -11.056517841153655, "params": {"C": 165.61386118457625, "epsilon": 0.3048855249326373, "gamma": 0.07913851747598605}, "datetime": {"datetime": "2021-09-27 18:23:19", "elapsed": 283.871514, "delta": 1.903109}}
{"target": -12.377381742995333, "params": {"C": 234.56604254445296, "epsilon": 0.12595913788022564, "gamma": 0.10160811568618956}, "datetime": {"datetime": "2021-09-27 18:23:21", "elapsed": 285.228681, "delta": 1.357167}}
{"target": -10.988659167750168, "params": {"C": 295.1773998169955, "epsilon": 0.10258826344749987, "gamma": 0.028077239365865023}, "datetime": {"datetime": "2021-09-27 18:23:23", "elapsed": 287.423364, "delta": 2.194683}}
{"target": -11.013167820630894, "params": {"C": 206.44020392140044, "epsilon": 0.4759698477452999, "gamma": 0.07144608699282824}, "datetime": {"datetime": "2021-09-27 18:23:24", "elapsed": 288.71092, "delta": 1.287556}}
{"target": -14.960262825124932, "params": {"C": 171.61167505386263, "epsilon": 0.41189502419087204, "gamma": 0.3218415736483499}, "datetime": {"datetime": "2021-09-27 18:23:25", "elapsed": 289.943149, "delta": 1.232229}}
{"target": -11.715340776855054, "params": {"C": 242.51408601855917, "epsilon": 0.06441277677163089, "gamma": 0.08198144374321348}, "datetime": {"datetime": "2021-09-27 18:23:27", "elapsed": 291.503632, "delta": 1.560483}}
{"target": -13.805359661082605, "params": {"C": 182.619804655383, "epsilon": 0.11589928763127334, "gamma": 0.1773490122430154}, "datetime": {"datetime": "2021-09-27 18:23:29", "elapsed": 293.504012, "delta": 2.00038}}
{"target": -11.699235817080366, "params": {"C": 295.0717066685628, "epsilon": 0.05773006789769088, "gamma": 0.0076964819990493}, "datetime": {"datetime": "2021-09-27 18:23:31", "elapsed": 295.683433, "delta": 2.179421}}
{"target": -10.329289277724802, "params": {"C": 110.17518179424121, "epsilon": 0.03578068550613227, "gamma": 0.05875269171976779}, "datetime": {"datetime": "2021-09-27 18:23:34", "elapsed": 298.151756, "delta": 2.468323}}
{"target": -11.270079961145168, "params": {"C": 206.15464112860184, "epsilon": 0.23773342897802813, "gamma": 0.074485319040258}, "datetime": {"datetime": "2021-09-27 18:23:36", "elapsed": 300.654571, "delta": 2.502815}}
{"target": -14.240286058126788, "params": {"C": 165.57169512325723, "epsilon": 0.4859399292198032, "gamma": 0.001}, "datetime": {"datetime": "2021-09-27 18:23:38", "elapsed": 302.797571, "delta": 2.143}}
{"target": -15.136366535102596, "params": {"C": 248.26537273018116, "epsilon": 0.45459110754056, "gamma": 0.3973904960487243}, "datetime": {"datetime": "2021-09-27 18:23:41", "elapsed": 305.887702, "delta": 1.341005}}
{"target": -15.03325470499483, "params": {"C": 285.051631511196, "epsilon": 0.38854045694173023, "gamma": 0.2423343216566553}, "datetime": {"datetime": "2021-09-27 18:23:43", "elapsed": 307.394274, "delta": 1.506572}}
{"target": -12.30613945730763, "params": {"C": 140.05757024685025, "epsilon": 0.35960725079267447, "gamma": 0.11607180176074852}, "datetime": {"datetime": "2021-09-27 18:23:44", "elapsed": 308.862915, "delta": 1.468641}}
{"target": -14.978726408219872, "params": {"C": 185.87785033330573, "epsilon": 0.38998787342838603, "gamma": 0.3618045491426429}, "datetime": {"datetime": "2021-09-27 18:23:46", "elapsed": 310.162074, "delta": 1.299159}}
{"target": -14.087743642026973, "params": {"C": 181.36497235595638, "epsilon": 0.24155208999655803, "gamma": 0.001}, "datetime": {"datetime": "2021-09-27 18:23:48", "elapsed": 312.883663, "delta": 2.721589}}
{"target": -13.178019079534517, "params": {"C": 165.6386588559991, "epsilon": 0.48785751546826833, "gamma": 0.14143973383370836}, "datetime": {"datetime": "2021-09-27 18:23:51", "elapsed": 315.330441, "delta": 2.446778}}
{"target": -10.963694302623365, "params": {"C": 165.5987577738794, "epsilon": 0.3940396405238469, "gamma": 0.017709041973809004}, "datetime": {"datetime": "2021-09-27 18:23:54", "elapsed": 318.218602, "delta": 2.888161}}
{"target": -13.343634420898045, "params": {"C": 111.66087701251004, "epsilon": 0.2303519512471658, "gamma": 0.17025769500454904}, "datetime": {"datetime": "2021-09-27 18:23:55", "elapsed": 319.698243, "delta": 1.479641}}
{"target": -11.966570692519554, "params": {"C": 160.53465322623273, "epsilon": 0.049954819234801495, "gamma": 0.0029761740052691513}, "datetime": {"datetime": "2021-09-27 18:23:57", "elapsed": 321.561469, "delta": 1.863226}}
{"target": -14.254879379825047, "params": {"C": 135.00698958230777, "epsilon": 0.2793615152373852, "gamma": 0.001}, "datetime": {"datetime": "2021-09-27 18:23:59", "elapsed": 323.698477, "delta": 2.137008}}
{"target": -13.478790518309964, "params": {"C": 294.1371508988264, "epsilon": 0.4204071165018101, "gamma": 0.1221090675185842}, "datetime": {"datetime": "2021-09-27 18:24:01", "elapsed": 325.095681, "delta": 1.397204}}
{"target": -11.215512152717114, "params": {"C": 182.6411451471559, "epsilon": 0.08817700625067734, "gamma": 0.016533215795900655}, "datetime": {"datetime": "2021-09-27 18:24:03", "elapsed": 327.735016, "delta": 2.639335}}
{"target": -11.071710216540206, "params": {"C": 102.71427047286261, "epsilon": 0.10913753453698355, "gamma": 0.030039482702734616}, "datetime": {"datetime": "2021-09-27 18:24:06", "elapsed": 330.56647, "delta": 2.831454}}
{"target": -11.104657551141662, "params": {"C": 160.3075442478701, "epsilon": 0.15062468530706458, "gamma": 0.018929299046792292}, "datetime": {"datetime": "2021-09-27 18:24:08", "elapsed": 332.535982, "delta": 1.969512}}
{"target": -10.76573282003093, "params": {"C": 110.19684289398405, "epsilon": 0.2821159910856972, "gamma": 0.03283022420204394}, "datetime": {"datetime": "2021-09-27 18:24:11", "elapsed": 335.712514, "delta": 3.176532}}
{"target": -10.670273068970678, "params": {"C": 102.71459935571849, "epsilon": 0.4191879064474682, "gamma": 0.03257109417489844}, "datetime": {"datetime": "2021-09-27 18:24:14", "elapsed": 338.310291, "delta": 2.597777}}
{"target": -11.00547171932968, "params": {"C": 110.26905748034488, "epsilon": 0.28235561566025164, "gamma": 0.01909321656029373}, "datetime": {"datetime": "2021-09-27 18:24:16", "elapsed": 340.583445, "delta": 2.273154}}
{"target": -14.97373407973239, "params": {"C": 197.8677810778472, "epsilon": 0.43399092686711055, "gamma": 0.31351265521084243}, "datetime": {"datetime": "2021-09-27 18:24:17", "elapsed": 341.997573, "delta": 1.414128}}
{"target": -11.142185535309231, "params": {"C": 110.20499812486048, "epsilon": 0.34535709234740714, "gamma": 0.09301814033927479}, "datetime": {"datetime": "2021-09-27 18:24:20", "elapsed": 344.738505, "delta": 2.740932}}
{"target": -12.94690933679048, "params": {"C": 257.19695498063106, "epsilon": 0.473005973876971, "gamma": 0.11309072300355222}, "datetime": {"datetime": "2021-09-27 18:24:22", "elapsed": 346.414373, "delta": 1.675868}}
{"target": -11.629884424199824, "params": {"C": 102.63308084591954, "epsilon": 0.41716397137520544, "gamma": 0.005658969484305723}, "datetime": {"datetime": "2021-09-27 18:24:24", "elapsed": 348.789799, "delta": 2.375426}}
{"target": -14.80063882176422, "params": {"C": 275.5541194388334, "epsilon": 0.11674817411965302, "gamma": 0.24575367414858013}, "datetime": {"datetime": "2021-09-27 18:24:26", "elapsed": 350.326373, "delta": 1.536574}}
{"target": -15.024976392085932, "params": {"C": 176.7616535157079, "epsilon": 0.13804700453614535, "gamma": 0.3748434821546142}, "datetime": {"datetime": "2021-09-27 18:24:28", "elapsed": 352.115155, "delta": 1.788782}}
{"target": -14.315528956308313, "params": {"C": 158.92674766894766, "epsilon": 0.0001, "gamma": 0.001}, "datetime": {"datetime": "2021-09-27 18:24:30", "elapsed": 354.311368, "delta": 2.196213}}
{"target": -11.367927353202916, "params": {"C": 253.53043358969106, "epsilon": 0.14244684388935727, "gamma": 0.01341231099195836}, "datetime": {"datetime": "2021-09-27 18:24:31", "elapsed": 355.864885, "delta": 1.553517}}
{"target": -10.147442936213599, "params": {"C": 110.13083209353843, "epsilon": 0.3498343980588343, "gamma": 0.05190967389012557}, "datetime": {"datetime": "2021-09-27 18:24:34", "elapsed": 358.408824, "delta": 2.543939}}
{"target": -15.118685436232692, "params": {"C": 176.52426451651885, "epsilon": 0.03888013946795144, "gamma": 0.3957474352544251}, "datetime": {"datetime": "2021-09-27 18:24:35", "elapsed": 359.934421, "delta": 1.525597}}
{"target": -15.068223786106552, "params": {"C": 159.45840529898717, "epsilon": 0.03139692975611299, "gamma": 0.39076561647936775}, "datetime": {"datetime": "2021-09-27 18:24:37", "elapsed": 361.585999, "delta": 1.651578}}
{"target": -14.716124755823751, "params": {"C": 248.69725017617606, "epsilon": 0.3236659243308026, "gamma": 0.2285434124077837}, "datetime": {"datetime": "2021-09-27 18:24:39", "elapsed": 363.153761, "delta": 1.567762}}
{"target": -10.397310338242287, "params": {"C": 182.6350126161531, "epsilon": 0.23989984269370507, "gamma": 0.04057153873472971}, "datetime": {"datetime": "2021-09-27 18:24:41", "elapsed": 365.315361, "delta": 2.1616}}
{"target": -14.32528769417225, "params": {"C": 201.00445773347266, "epsilon": 0.321864278532292, "gamma": 0.2231106078385078}, "datetime": {"datetime": "2021-09-27 18:24:42", "elapsed": 366.648353, "delta": 1.332992}}
{"target": -13.686307868375513, "params": {"C": 117.90393700828696, "epsilon": 0.11629214336030332, "gamma": 0.19615662331480985}, "datetime": {"datetime": "2021-09-27 18:24:44", "elapsed": 368.260224, "delta": 1.611871}}
{"target": -11.949520865283374, "params": {"C": 110.02288953944594, "epsilon": 0.34081571727865045, "gamma": 0.11724591202915932}, "datetime": {"datetime": "2021-09-27 18:24:46", "elapsed": 370.303449, "delta": 2.043225}}
{"target": -14.183709649670293, "params": {"C": 131.07556823124511, "epsilon": 0.22682071134443924, "gamma": 0.2663401942779343}, "datetime": {"datetime": "2021-09-27 18:24:47", "elapsed": 371.956871, "delta": 1.653422}}
{"target": -14.333155429484782, "params": {"C": 297.5820903567918, "epsilon": 0.4405759259054512, "gamma": 0.17175994107549641}, "datetime": {"datetime": "2021-09-27 18:24:49", "elapsed": 373.722016, "delta": 1.765145}}
{"target": -12.155764965964687, "params": {"C": 182.72454112682567, "epsilon": 0.247520657692492, "gamma": 0.002363035574887251}, "datetime": {"datetime": "2021-09-27 18:24:52", "elapsed": 376.472315, "delta": 2.750299}}
{"target": -10.532259362299593, "params": {"C": 110.20150554690467, "epsilon": 0.36260542481952845, "gamma": 0.034912522351007065}, "datetime": {"datetime": "2021-09-27 18:24:55", "elapsed": 379.764194, "delta": 3.291879}}
{"target": -11.67906995468601, "params": {"C": 206.05920860008013, "epsilon": 0.3037046047783236, "gamma": 0.09273311080006677}, "datetime": {"datetime": "2021-09-27 18:24:58", "elapsed": 382.602929, "delta": 2.838735}}
{"target": -10.752085642939816, "params": {"C": 110.09859795197289, "epsilon": 0.28104985816798084, "gamma": 0.03305833271098059}, "datetime": {"datetime": "2021-09-27 18:25:01", "elapsed": 385.781698, "delta": 3.178769}}
{"target": -14.929947797401667, "params": {"C": 235.6977722385282, "epsilon": 0.2548518153474473, "gamma": 0.3231261804580967}, "datetime": {"datetime": "2021-09-27 18:25:03", "elapsed": 387.457506, "delta": 1.675808}}
{"target": -11.782275608990581, "params": {"C": 272.6111329924413, "epsilon": 0.29263141951101473, "gamma": 0.08496201874647516}, "datetime": {"datetime": "2021-09-27 18:25:05", "elapsed": 389.3006, "delta": 1.843094}}
{"target": -11.976667021233515, "params": {"C": 165.40823647027847, "epsilon": 0.2304184631234487, "gamma": 0.003194983675137109}, "datetime": {"datetime": "2021-09-27 18:25:08", "elapsed": 392.128885, "delta": 2.828285}}
{"target": -12.295701447892105, "params": {"C": 245.22537210152996, "epsilon": 0.2553123037408244, "gamma": 0.0980207041491499}, "datetime": {"datetime": "2021-09-27 18:25:10", "elapsed": 394.83078, "delta": 2.701895}}
{"target": -14.249658191559039, "params": {"C": 274.9547408592473, "epsilon": 0.3159066745548262, "gamma": 0.17720149004964342}, "datetime": {"datetime": "2021-09-27 18:25:12", "elapsed": 396.669455, "delta": 1.838675}}
{"target": -10.816738766669982, "params": {"C": 110.04587215796637, "epsilon": 0.4061802082368126, "gamma": 0.02344120746953092}, "datetime": {"datetime": "2021-09-27 18:25:15", "elapsed": 399.138194, "delta": 2.468739}}
{"target": -10.84665369563867, "params": {"C": 115.75292845030526, "epsilon": 0.192013835815504, "gamma": 0.032465507183891865}, "datetime": {"datetime": "2021-09-27 18:25:16", "elapsed": 400.828036, "delta": 1.689842}}
{"target": -11.535532358909299, "params": {"C": 110.12535007652704, "epsilon": 0.34406794369647764, "gamma": 0.011261325110651903}, "datetime": {"datetime": "2021-09-27 18:25:19", "elapsed": 403.194294, "delta": 2.366258}}
{"target": -11.465361449241902, "params": {"C": 117.30479074737605, "epsilon": 0.4473610031407225, "gamma": 0.007549328035215005}, "datetime": {"datetime": "2021-09-27 18:25:22", "elapsed": 406.550657, "delta": 3.356363}}
{"target": -14.532406239748727, "params": {"C": 167.67130603262018, "epsilon": 0.38249356130104323, "gamma": 0.2589825224254247}, "datetime": {"datetime": "2021-09-27 18:25:24", "elapsed": 408.196509, "delta": 1.645852}}
{"target": -11.527889667967694, "params": {"C": 117.23111680701017, "epsilon": 0.29579912962739496, "gamma": 0.10410150719387633}, "datetime": {"datetime": "2021-09-27 18:25:25", "elapsed": 409.72299, "delta": 1.526481}}
{"target": -14.472243278971128, "params": {"C": 110.33364774181452, "epsilon": 0.01051692904580788, "gamma": 0.001}, "datetime": {"datetime": "2021-09-27 18:25:28", "elapsed": 412.782139, "delta": 3.059149}}
{"target": -11.452388894105855, "params": {"C": 110.28832682503187, "epsilon": 0.39883742356340407, "gamma": 0.00741344527799573}, "datetime": {"datetime": "2021-09-27 18:25:31", "elapsed": 415.392233, "delta": 2.610094}}
{"target": -10.982883675350049, "params": {"C": 110.15567530802035, "epsilon": 0.4046677099679719, "gamma": 0.08687173781732865}, "datetime": {"datetime": "2021-09-27 18:25:34", "elapsed": 418.497124, "delta": 3.104891}}
{"target": -10.356722595839672, "params": {"C": 182.59155134973963, "epsilon": 0.2744160974372796, "gamma": 0.035114900189462214}, "datetime": {"datetime": "2021-09-27 18:25:37", "elapsed": 421.065331, "delta": 2.568207}}
{"target": -11.04914809280678, "params": {"C": 135.07124234233794, "epsilon": 0.19585691938562552, "gamma": 0.020099476041974526}, "datetime": {"datetime": "2021-09-27 18:25:38", "elapsed": 422.749501, "delta": 1.68417}}
{"target": -12.810349064288893, "params": {"C": 182.64771832064955, "epsilon": 0.24699719869187609, "gamma": 0.12010738078729212}, "datetime": {"datetime": "2021-09-27 18:25:42", "elapsed": 426.78186, "delta": 4.032359}}
{"target": -11.007153868843304, "params": {"C": 182.5784946307258, "epsilon": 0.20300792613852087, "gamma": 0.06010060148188273}, "datetime": {"datetime": "2021-09-27 18:25:44", "elapsed": 429.007332, "delta": 2.225472}}
{"target": -14.977616070445041, "params": {"C": 286.0984404224943, "epsilon": 0.4645871467238703, "gamma": 0.356250562943556}, "datetime": {"datetime": "2021-09-27 18:25:46", "elapsed": 430.685003, "delta": 1.677671}}
{"target": -12.65303362569784, "params": {"C": 110.11861075399841, "epsilon": 0.3434282491679472, "gamma": 0.13627548804822712}, "datetime": {"datetime": "2021-09-27 18:25:49", "elapsed": 433.743439, "delta": 3.058436}}
{"target": -12.046852793015828, "params": {"C": 165.42924305861607, "epsilon": 0.15970958303256957, "gamma": 0.1070689220247182}, "datetime": {"datetime": "2021-09-27 18:25:52", "elapsed": 436.709871, "delta": 2.966432}}
{"target": -11.725340069268809, "params": {"C": 115.80659242191513, "epsilon": 0.18236763343330223, "gamma": 0.11080457755702432}, "datetime": {"datetime": "2021-09-27 18:25:55", "elapsed": 439.858051, "delta": 3.14818}}
{"target": -12.253829619957141, "params": {"C": 229.07416446336399, "epsilon": 0.4479429947503481, "gamma": 0.09947861728634828}, "datetime": {"datetime": "2021-09-27 18:25:57", "elapsed": 441.686046, "delta": 1.827995}}
{"target": -11.160319314128202, "params": {"C": 110.43213264726992, "epsilon": 0.00517776764520035, "gamma": 0.08995709098211635}, "datetime": {"datetime": "2021-09-27 18:26:01", "elapsed": 445.454339, "delta": 3.768293}}
{"target": -14.954740868881302, "params": {"C": 175.43949333771576, "epsilon": 0.16536510940094196, "gamma": 0.33345355852580894}, "datetime": {"datetime": "2021-09-27 18:26:03", "elapsed": 447.343737, "delta": 1.889398}}
{"target": -11.240738359042373, "params": {"C": 182.6147726791316, "epsilon": 0.34547272875402735, "gamma": 0.021395317922348174}, "datetime": {"datetime": "2021-09-27 18:26:07", "elapsed": 451.172651, "delta": 3.828914}}
{"target": -11.565362946689369, "params": {"C": 239.65217552749127, "epsilon": 0.1438858374657097, "gamma": 0.07599680632342903}, "datetime": {"datetime": "2021-09-27 18:26:09", "elapsed": 453.620959, "delta": 2.448308}}
{"target": -10.928869272767223, "params": {"C": 115.6827783205912, "epsilon": 0.28199559916382394, "gamma": 0.019969643027041396}, "datetime": {"datetime": "2021-09-27 18:26:13", "elapsed": 457.320649, "delta": 3.69969}}
{"target": -11.349944424985702, "params": {"C": 110.00259736118696, "epsilon": 0.4870555085475648, "gamma": 0.013450262187467109}, "datetime": {"datetime": "2021-09-27 18:26:16", "elapsed": 460.753335, "delta": 3.432686}}
{"target": -13.875387453659194, "params": {"C": 132.74591208131795, "epsilon": 0.05095578668250056, "gamma": 0.2398270524455012}, "datetime": {"datetime": "2021-09-27 18:26:18", "elapsed": 462.686053, "delta": 1.932718}}
{"target": -10.87546088046882, "params": {"C": 115.73681542220496, "epsilon": 0.3306615501170913, "gamma": 0.029941591237365867}, "datetime": {"datetime": "2021-09-27 18:26:22", "elapsed": 466.30829, "delta": 3.622237}}
{"target": -10.71187516563018, "params": {"C": 115.63031093974863, "epsilon": 0.17262382819657568, "gamma": 0.06931503643240138}, "datetime": {"datetime": "2021-09-27 18:26:25", "elapsed": 469.659941, "delta": 3.351651}}
{"target": -13.191319292089657, "params": {"C": 115.63968585493636, "epsilon": 0.15794560498132174, "gamma": 0.1617212913015647}, "datetime": {"datetime": "2021-09-27 18:26:28", "elapsed": 472.41348, "delta": 2.753539}}
{"target": -11.17272570256737, "params": {"C": 115.64477295529724, "epsilon": 0.18301338332908493, "gamma": 0.017731494605599078}, "datetime": {"datetime": "2021-09-27 18:26:30", "elapsed": 475.054143, "delta": 2.640663}}
{"target": -12.043675366619432, "params": {"C": 109.98735842875399, "epsilon": 0.2973036776067078, "gamma": 0.003509375724622797}, "datetime": {"datetime": "2021-09-27 18:26:35", "elapsed": 479.850861, "delta": 4.796718}}
{"target": -10.360655961802777, "params": {"C": 115.54996396241248, "epsilon": 0.11098955191330463, "gamma": 0.04427804454382941}, "datetime": {"datetime": "2021-09-27 18:26:39", "elapsed": 483.975865, "delta": 4.125004}}
{"target": -11.182787963887439, "params": {"C": 135.12818160132107, "epsilon": 0.5, "gamma": 0.01399632688202611}, "datetime": {"datetime": "2021-09-27 18:26:44", "elapsed": 488.143964, "delta": 4.168099}}
{"target": -11.024321882882655, "params": {"C": 115.64881125110975, "epsilon": 0.06446783914181974, "gamma": 0.022577165660981134}, "datetime": {"datetime": "2021-09-27 18:26:48", "elapsed": 492.590063, "delta": 4.446099}}
{"target": -14.722052188136661, "params": {"C": 270.2850896611898, "epsilon": 0.11362557490675555, "gamma": 0.23829153414579562}, "datetime": {"datetime": "2021-09-27 18:26:50", "elapsed": 494.632344, "delta": 2.042281}}
{"target": -14.870132577737358, "params": {"C": 153.70301563081983, "epsilon": 0.27807601998391857, "gamma": 0.32639542862691706}, "datetime": {"datetime": "2021-09-27 18:26:52", "elapsed": 496.824907, "delta": 2.192563}}
{"target": -10.60696195992244, "params": {"C": 115.53732421690273, "epsilon": 0.18085092483312776, "gamma": 0.06491611374913378}, "datetime": {"datetime": "2021-09-27 18:26:56", "elapsed": 500.101338, "delta": 3.276431}}
{"target": -13.319765455455212, "params": {"C": 135.90410432023833, "epsilon": 0.4170943885656206, "gamma": 0.15682838206158115}, "datetime": {"datetime": "2021-09-27 18:26:57", "elapsed": 501.924339, "delta": 1.823001}}
