{"target": -9.319078947368421, "params": {"C": 0.40127518646207916, "epsilon": 27.42042198987167, "gamma": 0.10697850198566376}, "datetime": {"datetime": "2021-09-18 09:23:42", "elapsed": 2409.69881, "delta": 8.028674}}
{"target": -5.669046199870844, "params": {"C": 22.440811358190164, "epsilon": 0.001, "gamma": 3.0}, "datetime": {"datetime": "2021-09-18 09:23:51", "elapsed": 2418.511899, "delta": 8.813089}}
{"target": -7.450695448539947, "params": {"C": 2.617329175078976, "epsilon": 9.161939724699218, "gamma": 2.793725490883225}, "datetime": {"datetime": "2021-09-18 09:24:00", "elapsed": 2428.021107, "delta": 9.509208}}
{"target": -3.18617973073407, "params": {"C": 24.177912868866425, "epsilon": 0.8410943220824035, "gamma": 0.5928925010697562}, "datetime": {"datetime": "2021-09-18 09:24:08", "elapsed": 2435.851068, "delta": 7.829961}}
{"target": -5.993756030041037, "params": {"C": 37.2710243739921, "epsilon": 2.140110213159433, "gamma": 2.9648139730383045}, "datetime": {"datetime": "2021-09-18 09:24:18", "elapsed": 2445.878625, "delta": 10.027557}}
{"target": -4.18164666393506, "params": {"C": 29.46468911043992, "epsilon": 7.030586984852241, "gamma": 0.06871672084776408}, "datetime": {"datetime": "2021-09-18 09:24:25", "elapsed": 2453.190417, "delta": 7.311792}}
{"target": -5.594073849384719, "params": {"C": 33.06247956766864, "epsilon": 0.21754727392269366, "gamma": 2.9061646057212203}, "datetime": {"datetime": "2021-09-18 09:24:38", "elapsed": 2465.496154, "delta": 12.305737}}
{"target": -9.319078947368421, "params": {"C": 22.845165096700697, "epsilon": 23.491374812578545, "gamma": 0.0001}, "datetime": {"datetime": "2021-09-18 09:24:47", "elapsed": 2475.094939, "delta": 9.598785}}
{"target": -2.4439048859639456, "params": {"C": 9.563711961739296, "epsilon": 0.011122961754320856, "gamma": 0.03530058565373769}, "datetime": {"datetime": "2021-09-18 09:24:55", "elapsed": 2482.810368, "delta": 7.715429}}
{"target": -2.5554103551789877, "params": {"C": 24.27281630133761, "epsilon": 1.537143967893826, "gamma": 0.018142682486437512}, "datetime": {"datetime": "2021-09-18 09:25:07", "elapsed": 2494.767042, "delta": 11.956674}}
{"target": -4.830277561548063, "params": {"C": 38.90088942242533, "epsilon": 1.0134661303698103, "gamma": 1.6358934581395388}, "datetime": {"datetime": "2021-09-18 09:25:15", "elapsed": 2502.347092, "delta": 7.58005}}
{"target": -9.319078947368421, "params": {"C": 32.02864267190014, "epsilon": 28.189912495085483, "gamma": 0.0001}, "datetime": {"datetime": "2021-09-18 09:25:22", "elapsed": 2509.476421, "delta": 7.129329}}
{"target": -9.319078947368421, "params": {"C": 47.32233843818956, "epsilon": 30.0, "gamma": 3.0}, "datetime": {"datetime": "2021-09-18 09:25:36", "elapsed": 2524.101667, "delta": 14.625246}}
{"target": -9.589060668840357, "params": {"C": 18.72881042406505, "epsilon": 19.36021896933558, "gamma": 0.0001}, "datetime": {"datetime": "2021-09-18 09:25:45", "elapsed": 2533.022854, "delta": 8.921187}}
{"target": -9.319078947368421, "params": {"C": 10.900318544301975, "epsilon": 26.79142906979965, "gamma": 3.0}, "datetime": {"datetime": "2021-09-18 09:25:53", "elapsed": 2540.519167, "delta": 7.496313}}
{"target": -4.072098249544129, "params": {"C": 9.508124652864034, "epsilon": 0.09590791008868324, "gamma": 0.7955019386327266}, "datetime": {"datetime": "2021-09-18 09:26:03", "elapsed": 2550.887129, "delta": 10.367962}}
{"target": -6.576830643181687, "params": {"C": 22.484777354047914, "epsilon": 4.59191512044092, "gamma": 2.963163433455661}, "datetime": {"datetime": "2021-09-18 09:26:18", "elapsed": 2566.296525, "delta": 15.409396}}
{"target": -2.6345243885829004, "params": {"C": 27.55723104014368, "epsilon": 3.620757665300889, "gamma": 0.036881769771959706}, "datetime": {"datetime": "2021-09-18 09:26:26", "elapsed": 2573.759425, "delta": 7.4629}}
{"target": -3.8976210945089766, "params": {"C": 16.61505422537285, "epsilon": 0.9999429457907903, "gamma": 0.7911140408475352}, "datetime": {"datetime": "2021-09-18 09:26:34", "elapsed": 2581.368548, "delta": 7.609123}}
{"target": -6.432691814162052, "params": {"C": 15.371405260857795, "epsilon": 3.7874600290483396, "gamma": 2.9802311773970467}, "datetime": {"datetime": "2021-09-18 09:26:41", "elapsed": 2588.483219, "delta": 7.114671}}
{"target": -5.599209465566141, "params": {"C": 37.53665023592499, "epsilon": 4.918917517977007, "gamma": 1.2929346545438472}, "datetime": {"datetime": "2021-09-18 09:26:50", "elapsed": 2597.820504, "delta": 9.337285}}
{"target": -6.888227049089325, "params": {"C": 38.35712709504099, "epsilon": 5.964227464397312, "gamma": 3.0}, "datetime": {"datetime": "2021-09-18 09:26:58", "elapsed": 2605.339735, "delta": 7.519231}}
{"target": -2.6848482661382618, "params": {"C": 48.45247803379312, "epsilon": 1.10885992760111, "gamma": 0.006406837485651423}, "datetime": {"datetime": "2021-09-18 09:27:10", "elapsed": 2617.73454, "delta": 12.394805}}
{"target": -5.794532806126622, "params": {"C": 17.93670267178336, "epsilon": 4.127092942457134, "gamma": 0.0001}, "datetime": {"datetime": "2021-09-18 09:27:18", "elapsed": 2625.585872, "delta": 7.851332}}
{"target": -4.869113013359086, "params": {"C": 19.13321624197519, "epsilon": 4.911006522301981, "gamma": 0.756656275420327}, "datetime": {"datetime": "2021-09-18 09:27:27", "elapsed": 2634.333781, "delta": 8.747909}}
{"target": -3.389920692758898, "params": {"C": 49.35824272296997, "epsilon": 0.5523059592661131, "gamma": 0.7135478665832676}, "datetime": {"datetime": "2021-09-18 09:27:34", "elapsed": 2641.583491, "delta": 7.24971}}
{"target": -9.319078947368421, "params": {"C": 0.1, "epsilon": 30.0, "gamma": 3.0}, "datetime": {"datetime": "2021-09-18 09:27:39", "elapsed": 2647.051251, "delta": 5.46776}}
{"target": -2.9496294868576447, "params": {"C": 32.411711123956145, "epsilon": 4.946237922422825, "gamma": 0.017518372973219724}, "datetime": {"datetime": "2021-09-18 09:27:46", "elapsed": 2653.737613, "delta": 6.686362}}
{"target": -8.684711108052996, "params": {"C": 31.076721229897398, "epsilon": 13.555556737331868, "gamma": 3.0}, "datetime": {"datetime": "2021-09-18 09:27:51", "elapsed": 2658.678305, "delta": 4.940692}}
{"target": -7.337341180195805, "params": {"C": 14.754430175856537, "epsilon": 9.148561444518688, "gamma": 1.837636718387334}, "datetime": {"datetime": "2021-09-18 09:27:58", "elapsed": 2666.182217, "delta": 7.503912}}
{"target": -4.282459598388092, "params": {"C": 18.78045763360472, "epsilon": 7.268587302023029, "gamma": 0.009662614712333603}, "datetime": {"datetime": "2021-09-18 09:28:06", "elapsed": 2673.468247, "delta": 7.28603}}
{"target": -2.55903903175896, "params": {"C": 29.086797697595095, "epsilon": 2.908392102059713, "gamma": 0.0421222079171952}, "datetime": {"datetime": "2021-09-18 09:28:11", "elapsed": 2679.205055, "delta": 5.736808}}
{"target": -4.064642873231858, "params": {"C": 16.771493554294057, "epsilon": 4.466688083030897, "gamma": 0.44603701057004697}, "datetime": {"datetime": "2021-09-18 09:28:18", "elapsed": 2686.026073, "delta": 6.821018}}
{"target": -5.116326353295938, "params": {"C": 40.103603613563436, "epsilon": 3.648750443997937, "gamma": 0.0001}, "datetime": {"datetime": "2021-09-18 09:28:29", "elapsed": 2696.957084, "delta": 10.931011}}
{"target": -9.319078947368421, "params": {"C": 9.91598973969878, "epsilon": 23.57490174478427, "gamma": 0.0001}, "datetime": {"datetime": "2021-09-18 09:28:35", "elapsed": 2703.22682, "delta": 6.269736}}
{"target": -6.544254222069566, "params": {"C": 11.628953366217301, "epsilon": 4.200908769343378, "gamma": 2.98829475111201}, "datetime": {"datetime": "2021-09-18 09:28:43", "elapsed": 2711.233821, "delta": 8.007001}}
{"target": -4.7008742157884855, "params": {"C": 16.16452503808258, "epsilon": 2.1809827308292915, "gamma": 1.1620210592081723}, "datetime": {"datetime": "2021-09-18 09:28:49", "elapsed": 2716.683824, "delta": 5.450003}}
{"target": -3.5908789331412443, "params": {"C": 48.462062938773606, "epsilon": 2.407191801207227, "gamma": 0.6037487343550036}, "datetime": {"datetime": "2021-09-18 09:28:56", "elapsed": 2723.538824, "delta": 6.855}}
{"target": -9.33559026110468, "params": {"C": 2.782948493651783, "epsilon": 17.90339544212157, "gamma": 2.872953955858693}, "datetime": {"datetime": "2021-09-18 09:29:01", "elapsed": 2728.885646, "delta": 5.346822}}
{"target": -9.319078947368421, "params": {"C": 17.170880330946645, "epsilon": 30.0, "gamma": 3.0}, "datetime": {"datetime": "2021-09-18 09:29:10", "elapsed": 2737.586189, "delta": 8.700543}}
{"target": -9.319078947368421, "params": {"C": 36.82768660438049, "epsilon": 23.478848399549523, "gamma": 0.018991847589535673}, "datetime": {"datetime": "2021-09-18 09:29:16", "elapsed": 2743.542314, "delta": 5.956125}}
{"target": -7.951288822003661, "params": {"C": 3.694080792570562, "epsilon": 14.956640821236501, "gamma": 0.0001}, "datetime": {"datetime": "2021-09-18 09:29:23", "elapsed": 2751.070846, "delta": 7.528532}}
{"target": -9.319078947368421, "params": {"C": 43.56196435066767, "epsilon": 30.0, "gamma": 0.0001}, "datetime": {"datetime": "2021-09-18 09:29:31", "elapsed": 2759.223148, "delta": 8.152302}}
{"target": -5.057083864971132, "params": {"C": 48.76979809271592, "epsilon": 4.461701005758355, "gamma": 0.9927763973453385}, "datetime": {"datetime": "2021-09-18 09:29:38", "elapsed": 2766.032777, "delta": 6.809629}}
{"target": -4.907969067540126, "params": {"C": 39.463742497229845, "epsilon": 1.3734920720001258, "gamma": 0.0001}, "datetime": {"datetime": "2021-09-18 09:29:48", "elapsed": 2776.232347, "delta": 10.19957}}
{"target": -4.7477642684807675, "params": {"C": 25.18155678519232, "epsilon": 4.829463861921247, "gamma": 0.7223902367253943}, "datetime": {"datetime": "2021-09-18 09:29:57", "elapsed": 2784.454596, "delta": 8.222249}}
{"target": -4.774534343040271, "params": {"C": 18.433561352729413, "epsilon": 8.322550207965024, "gamma": 0.027544831759494}, "datetime": {"datetime": "2021-09-18 09:30:04", "elapsed": 2791.792399, "delta": 7.337803}}
{"target": -6.436492364496451, "params": {"C": 44.728417498016405, "epsilon": 3.9475967974205637, "gamma": 2.9865942408780484}, "datetime": {"datetime": "2021-09-18 09:30:13", "elapsed": 2800.824685, "delta": 9.032286}}
{"target": -3.976983435957979, "params": {"C": 47.9838218067027, "epsilon": 3.2470276115761156, "gamma": 0.0005920042547010449}, "datetime": {"datetime": "2021-09-18 09:30:19", "elapsed": 2806.396686, "delta": 5.572001}}
{"target": -4.1816649395673595, "params": {"C": 42.995513361607436, "epsilon": 3.166488637644283, "gamma": 0.7705468304685662}, "datetime": {"datetime": "2021-09-18 09:30:25", "elapsed": 2812.509457, "delta": 6.112771}}
{"target": -7.238751286922075, "params": {"C": 7.643711365474496, "epsilon": 9.721611979721157, "gamma": 0.0001}, "datetime": {"datetime": "2021-09-18 09:30:30", "elapsed": 2818.068443, "delta": 5.558986}}
{"target": -2.4457405842965696, "params": {"C": 48.785287521207394, "epsilon": 2.272113328326423, "gamma": 0.13263548665113378}, "datetime": {"datetime": "2021-09-18 09:30:37", "elapsed": 2825.291444, "delta": 7.223001}}
{"target": -5.353651708172612, "params": {"C": 3.338496254558051, "epsilon": 0.001, "gamma": 1.1312510071596242}, "datetime": {"datetime": "2021-09-18 09:30:43", "elapsed": 2831.294447, "delta": 6.003003}}
{"target": -5.260764777710346, "params": {"C": 28.040107262151487, "epsilon": 2.3586989556510645, "gamma": 0.0001}, "datetime": {"datetime": "2021-09-18 09:30:52", "elapsed": 2839.557443, "delta": 8.262996}}
{"target": -2.659342043062513, "params": {"C": 27.273980366011724, "epsilon": 1.8876239027630572, "gamma": 0.2780256237813816}, "datetime": {"datetime": "2021-09-18 09:31:00", "elapsed": 2847.481494, "delta": 7.924051}}
{"target": -8.037258230403268, "params": {"C": 22.379946518853902, "epsilon": 10.897630291820864, "gamma": 3.0}, "datetime": {"datetime": "2021-09-18 09:31:07", "elapsed": 2855.15048, "delta": 7.668986}}
{"target": -9.319078947368421, "params": {"C": 24.737915445771698, "epsilon": 27.62880510403609, "gamma": 3.0}, "datetime": {"datetime": "2021-09-18 09:31:15", "elapsed": 2863.029226, "delta": 7.878746}}
{"target": -3.6287148585242215, "params": {"C": 17.355418785853868, "epsilon": 0.02577103701769394, "gamma": 0.7403290551048346}, "datetime": {"datetime": "2021-09-18 09:31:23", "elapsed": 2870.439075, "delta": 7.409849}}
{"target": -6.97051746139284, "params": {"C": 27.382536613151306, "epsilon": 10.297430700894738, "gamma": 0.0001}, "datetime": {"datetime": "2021-09-18 09:31:29", "elapsed": 2876.684901, "delta": 6.245826}}
{"target": -6.236326553524923, "params": {"C": 23.055619289385902, "epsilon": 6.968690376343731, "gamma": 1.1553431468039286}, "datetime": {"datetime": "2021-09-18 09:31:37", "elapsed": 2884.741037, "delta": 8.056136}}
{"target": -9.319078947368421, "params": {"C": 28.09520265667657, "epsilon": 23.160951978638476, "gamma": 0.0001}, "datetime": {"datetime": "2021-09-18 09:31:43", "elapsed": 2891.064804, "delta": 6.323767}}
{"target": -2.7097545664675957, "params": {"C": 39.236576451576546, "epsilon": 0.6079081895098847, "gamma": 0.391994357472376}, "datetime": {"datetime": "2021-09-18 09:31:51", "elapsed": 2899.094388, "delta": 8.029584}}
{"target": -9.315856885517737, "params": {"C": 15.955895276545062, "epsilon": 16.8298426574198, "gamma": 2.982044808696055}, "datetime": {"datetime": "2021-09-18 09:31:57", "elapsed": 2905.205346, "delta": 6.110958}}
{"target": -7.940503814793413, "params": {"C": 5.106707531185892, "epsilon": 12.7301548868188, "gamma": 2.988413589782081}, "datetime": {"datetime": "2021-09-18 09:32:07", "elapsed": 2915.026852, "delta": 9.821506}}
{"target": -7.09647520553025, "params": {"C": 43.085860444439085, "epsilon": 11.52429435404578, "gamma": 0.0001}, "datetime": {"datetime": "2021-09-18 09:32:15", "elapsed": 2922.43722, "delta": 7.410368}}
{"target": -7.476616711432342, "params": {"C": 9.860909026732843, "epsilon": 12.306212527717268, "gamma": 0.0001}, "datetime": {"datetime": "2021-09-18 09:32:20", "elapsed": 2928.28087, "delta": 5.84365}}
{"target": -3.2133355583861367, "params": {"C": 29.014150705878375, "epsilon": 2.6027282786841117, "gamma": 0.4479521759560903}, "datetime": {"datetime": "2021-09-18 09:32:30", "elapsed": 2937.683582, "delta": 9.402712}}
{"target": -7.705563108714719, "params": {"C": 41.87545088100238, "epsilon": 9.58610337601754, "gamma": 3.0}, "datetime": {"datetime": "2021-09-18 09:32:36", "elapsed": 2944.056009, "delta": 6.372427}}
{"target": -6.979653672418172, "params": {"C": 37.09359117776791, "epsilon": 9.174569142971926, "gamma": 1.0204075341790402}, "datetime": {"datetime": "2021-09-18 09:32:43", "elapsed": 2950.354567, "delta": 6.298558}}
{"target": -6.094740860335605, "params": {"C": 40.725047603214, "epsilon": 2.4879698209540955, "gamma": 3.0}, "datetime": {"datetime": "2021-09-18 09:32:49", "elapsed": 2956.750416, "delta": 6.395849}}
{"target": -9.319078947368421, "params": {"C": 19.331572729861833, "epsilon": 24.478356744829274, "gamma": 0.0001}, "datetime": {"datetime": "2021-09-18 09:32:55", "elapsed": 2962.893251, "delta": 6.142835}}
{"target": -9.47011773218777, "params": {"C": 28.54099821151352, "epsilon": 18.725593801264555, "gamma": 0.0001}, "datetime": {"datetime": "2021-09-18 09:33:05", "elapsed": 2972.46023, "delta": 9.566979}}
{"target": -6.34433487601348, "params": {"C": 17.937782222688835, "epsilon": 3.524624303372751, "gamma": 2.943654474696496}, "datetime": {"datetime": "2021-09-18 09:33:13", "elapsed": 2980.697622, "delta": 8.237392}}
{"target": -4.8432239280475144, "params": {"C": 39.77983007437904, "epsilon": 4.421655786198596, "gamma": 0.8695390286698685}, "datetime": {"datetime": "2021-09-18 09:33:22", "elapsed": 2989.623322, "delta": 8.9257}}
{"target": -7.459556989074267, "params": {"C": 27.878076732710305, "epsilon": 13.111730124660589, "gamma": 0.0001}, "datetime": {"datetime": "2021-09-18 09:33:33", "elapsed": 3000.608708, "delta": 10.985386}}
{"target": -4.942843999253895, "params": {"C": 36.44141123664755, "epsilon": 1.3813897848158705, "gamma": 0.0001}, "datetime": {"datetime": "2021-09-18 09:33:40", "elapsed": 3007.440944, "delta": 6.832236}}
{"target": -3.8437065961709114, "params": {"C": 36.44234088935226, "epsilon": 2.148826741795296, "gamma": 0.7546149894721073}, "datetime": {"datetime": "2021-09-18 09:33:46", "elapsed": 3013.652627, "delta": 6.211683}}
{"target": -4.127762592273634, "params": {"C": 36.295276196435815, "epsilon": 0.9077159970170762, "gamma": 1.076709056597922}, "datetime": {"datetime": "2021-09-18 09:33:53", "elapsed": 3020.528203, "delta": 6.875576}}
{"target": -3.8648016316959017, "params": {"C": 32.984056940677185, "epsilon": 2.9752344985627905, "gamma": 0.6617064131344407}, "datetime": {"datetime": "2021-09-18 09:34:00", "elapsed": 3028.314727, "delta": 7.786524}}
{"target": -5.54806602905683, "params": {"C": 38.17495627808987, "epsilon": 3.4576580068066733, "gamma": 1.7525331413026428}, "datetime": {"datetime": "2021-09-18 09:34:07", "elapsed": 3035.104673, "delta": 6.789946}}
{"target": -5.031672676284677, "params": {"C": 49.874686831675895, "epsilon": 1.3619264268044717, "gamma": 1.7822407750357279}, "datetime": {"datetime": "2021-09-18 09:34:18", "elapsed": 3045.955711, "delta": 10.851038}}
{"target": -4.160129603198821, "params": {"C": 19.33329604442087, "epsilon": 3.5752148550059495, "gamma": 0.6665392536346394}, "datetime": {"datetime": "2021-09-18 09:34:27", "elapsed": 3054.400678, "delta": 8.444967}}
{"target": -3.9032733090993377, "params": {"C": 41.70400521679352, "epsilon": 0.23801295992271287, "gamma": 0.9928382778874384}, "datetime": {"datetime": "2021-09-18 09:34:34", "elapsed": 3061.409671, "delta": 7.008993}}
{"target": -2.5823312982656903, "params": {"C": 30.18592742803809, "epsilon": 2.828919251884316, "gamma": 0.02253210492340098}, "datetime": {"datetime": "2021-09-18 09:34:40", "elapsed": 3067.941672, "delta": 6.532001}}
{"target": -2.9977825001591625, "params": {"C": 36.97357733713949, "epsilon": 0.8252550581051769, "gamma": 0.5056555166491331}, "datetime": {"datetime": "2021-09-18 09:34:51", "elapsed": 3079.12567, "delta": 11.183998}}
{"target": -2.6164110705291925, "params": {"C": 42.95964618511014, "epsilon": 2.136858507867553, "gamma": 0.009829377475764135}, "datetime": {"datetime": "2021-09-18 09:35:00", "elapsed": 3087.534674, "delta": 8.409004}}
{"target": -6.97983118014877, "params": {"C": 31.498919235389117, "epsilon": 11.236532104721862, "gamma": 0.0001}, "datetime": {"datetime": "2021-09-18 09:35:08", "elapsed": 3096.070165, "delta": 8.535491}}
{"target": -9.319078947368421, "params": {"C": 43.727640539498246, "epsilon": 26.633627311269947, "gamma": 3.0}, "datetime": {"datetime": "2021-09-18 09:35:15", "elapsed": 3103.086965, "delta": 7.0168}}
{"target": -7.469753086799591, "params": {"C": 5.30696795006465, "epsilon": 10.790917088200127, "gamma": 0.0001}, "datetime": {"datetime": "2021-09-18 09:35:24", "elapsed": 3111.432273, "delta": 8.345308}}
{"target": -6.586400874866861, "params": {"C": 13.033915758307794, "epsilon": 7.52344479368941, "gamma": 0.0001}, "datetime": {"datetime": "2021-09-18 09:35:32", "elapsed": 3119.972065, "delta": 8.539792}}
{"target": -3.1601095363060874, "params": {"C": 13.603516889084988, "epsilon": 0.4934860427952894, "gamma": 0.46347335140531476}, "datetime": {"datetime": "2021-09-18 09:35:39", "elapsed": 3126.725782, "delta": 6.753717}}
{"target": -3.665527659770741, "params": {"C": 35.66773387292169, "epsilon": 1.5032903116275202, "gamma": 0.7556648479150782}, "datetime": {"datetime": "2021-09-18 09:35:47", "elapsed": 3135.031877, "delta": 8.306095}}
{"target": -6.3987128027636855, "params": {"C": 9.554860952982445, "epsilon": 2.92375256414847, "gamma": 3.0}, "datetime": {"datetime": "2021-09-18 09:35:54", "elapsed": 3142.321506, "delta": 7.289629}}
{"target": -9.729383894836744, "params": {"C": 13.17120328741615, "epsilon": 20.76362887797689, "gamma": 0.09887444620114737}, "datetime": {"datetime": "2021-09-18 09:36:03", "elapsed": 3151.066547, "delta": 8.745041}}
{"target": -5.277743706384348, "params": {"C": 12.809068757959825, "epsilon": 2.8787070861933604, "gamma": 1.446490187669549}, "datetime": {"datetime": "2021-09-18 09:36:15", "elapsed": 3162.947892, "delta": 11.881345}}
{"target": -5.330398012120528, "params": {"C": 32.839576819240015, "epsilon": 3.923295756313059, "gamma": 1.3708844351615708}, "datetime": {"datetime": "2021-09-18 09:36:23", "elapsed": 3170.984343, "delta": 8.036451}}
{"target": -5.481106610579102, "params": {"C": 45.30494023899986, "epsilon": 5.541891551655599, "gamma": 0.9997914126321578}, "datetime": {"datetime": "2021-09-18 09:36:30", "elapsed": 3178.158618, "delta": 7.174275}}
{"target": -5.788916479118661, "params": {"C": 12.800727294698694, "epsilon": 1.709216161616219, "gamma": 2.421569158655701}, "datetime": {"datetime": "2021-09-18 09:36:39", "elapsed": 3187.133285, "delta": 8.974667}}
{"target": -3.5853196111352332, "params": {"C": 7.590359200037431, "epsilon": 5.939263573082143, "gamma": 0.025120059791401726}, "datetime": {"datetime": "2021-09-18 09:36:49", "elapsed": 3196.805737, "delta": 9.672452}}
{"target": -3.395621223669119, "params": {"C": 21.162421233741398, "epsilon": 1.2985991852736838, "gamma": 0.6176597172143338}, "datetime": {"datetime": "2021-09-18 09:36:56", "elapsed": 3203.578785, "delta": 6.773048}}
{"target": -2.6111567013583095, "params": {"C": 29.878121455220537, "epsilon": 0.8909817231832038, "gamma": 0.3168714782530514}, "datetime": {"datetime": "2021-09-18 09:37:06", "elapsed": 3213.535413, "delta": 9.956628}}
{"target": -2.282335943272864, "params": {"C": 36.23520386120737, "epsilon": 0.39231298912947243, "gamma": 0.1949348998829415}, "datetime": {"datetime": "2021-09-18 09:37:17", "elapsed": 3224.908897, "delta": 11.373484}}
