{"target": 0.84893415251143, "params": {"C": 85.2052548229684, "epsilon": 0.004664261725838808, "gamma": 0.011649650597958435}, "datetime": {"datetime": "2021-09-18 12:42:14", "elapsed": 1010.715936, "delta": 4.678791}}
{"target": 0.5294016371813716, "params": {"C": 91.13461452220129, "epsilon": 0.6693223158589167, "gamma": 0.0001}, "datetime": {"datetime": "2021-09-18 12:42:18", "elapsed": 1014.461392, "delta": 3.745456}}
{"target": 0.8934020346112423, "params": {"C": 99.91017034941527, "epsilon": 1.8958066909771716, "gamma": 0.11113931893954845}, "datetime": {"datetime": "2021-09-18 12:42:23", "elapsed": 1019.025004, "delta": 4.563612}}
{"target": 0.5196757546942521, "params": {"C": 16.432340586944594, "epsilon": 4.168158979905741, "gamma": 1.0}, "datetime": {"datetime": "2021-09-18 12:42:26", "elapsed": 1022.245567, "delta": 3.220563}}
{"target": 0.6229402498056429, "params": {"C": 91.19509368523248, "epsilon": 1.6516175324538913, "gamma": 1.0}, "datetime": {"datetime": "2021-09-18 12:42:29", "elapsed": 1025.853242, "delta": 3.607675}}
{"target": 0.6183346542970494, "params": {"C": 56.87549117965631, "epsilon": 3.3627053376877396, "gamma": 0.8647210631737772}, "datetime": {"datetime": "2021-09-18 12:42:33", "elapsed": 1029.265246, "delta": 3.412004}}
{"target": 0.8112621769256426, "params": {"C": 52.621214106681066, "epsilon": 2.316782563026619, "gamma": 0.004753730973752813}, "datetime": {"datetime": "2021-09-18 12:42:37", "elapsed": 1033.131236, "delta": 3.86599}}
{"target": 0.6488379013941563, "params": {"C": 89.25201185741035, "epsilon": 0.39901129285861847, "gamma": 0.9798715291394149}, "datetime": {"datetime": "2021-09-18 12:42:40", "elapsed": 1036.700246, "delta": 3.56901}}
{"target": 0.674658431093229, "params": {"C": 38.35831231005948, "epsilon": 8.239091444490835, "gamma": 0.006863532500020027}, "datetime": {"datetime": "2021-09-18 12:42:44", "elapsed": 1040.244238, "delta": 3.543992}}
{"target": -0.16725370559806252, "params": {"C": 96.80188498003194, "epsilon": 19.8929058173736, "gamma": 0.1721359195266721}, "datetime": {"datetime": "2021-09-18 12:42:48", "elapsed": 1044.463237, "delta": 4.218999}}
{"target": 0.45581594803542047, "params": {"C": 56.86280660623713, "epsilon": 4.780222952866491, "gamma": 0.0001}, "datetime": {"datetime": "2021-09-18 12:42:52", "elapsed": 1048.104393, "delta": 3.641156}}
{"target": 0.8513519368016824, "params": {"C": 97.44767309556157, "epsilon": 4.04324706240793, "gamma": 0.020528198236299543}, "datetime": {"datetime": "2021-09-18 12:42:56", "elapsed": 1052.325409, "delta": 4.221016}}
{"target": 0.3997399765003792, "params": {"C": 12.238828889283193, "epsilon": 7.773892994084822, "gamma": 0.8686595146406245}, "datetime": {"datetime": "2021-09-18 12:43:03", "elapsed": 1059.094712, "delta": 6.769303}}
{"target": 0.5704038771594255, "params": {"C": 58.26981246269621, "epsilon": 4.672960218451261, "gamma": 0.8809683266007357}, "datetime": {"datetime": "2021-09-18 12:43:07", "elapsed": 1063.886346, "delta": 4.791634}}
{"target": 0.8098497477034077, "params": {"C": 61.579178519724145, "epsilon": 4.118848155170475, "gamma": 0.005941219797163088}, "datetime": {"datetime": "2021-09-18 12:43:13", "elapsed": 1069.360224, "delta": 5.473878}}
{"target": 0.789277570058424, "params": {"C": 56.73639401029333, "epsilon": 6.4955838749640975, "gamma": 0.017303791618086397}, "datetime": {"datetime": "2021-09-18 12:43:17", "elapsed": 1073.966043, "delta": 4.605819}}
{"target": 0.8234590574927423, "params": {"C": 32.550298602958556, "epsilon": 0.9915472754564809, "gamma": 0.009273858522499073}, "datetime": {"datetime": "2021-09-18 12:43:22", "elapsed": 1078.629393, "delta": 4.66335}}
{"target": 0.37221029411439355, "params": {"C": 26.22472485156819, "epsilon": 8.331864312218883, "gamma": 1.0}, "datetime": {"datetime": "2021-09-18 12:43:27", "elapsed": 1083.660524, "delta": 5.031131}}
{"target": 0.4860723110774292, "params": {"C": 68.09812621510807, "epsilon": 0.6761166783344856, "gamma": 0.0001}, "datetime": {"datetime": "2021-09-18 12:43:31", "elapsed": 1087.234556, "delta": 3.574032}}
{"target": 0.42803853319271334, "params": {"C": 80.09202705258417, "epsilon": 7.3619094582637885, "gamma": 0.0001}, "datetime": {"datetime": "2021-09-18 12:43:35", "elapsed": 1091.750482, "delta": 4.515926}}
{"target": 0.8972946757709811, "params": {"C": 69.32220055126747, "epsilon": 1.3935725612772292, "gamma": 0.11447408278348141}, "datetime": {"datetime": "2021-09-18 12:43:39", "elapsed": 1095.741243, "delta": 3.990761}}
{"target": 0.4974727381906032, "params": {"C": 18.77505579729628, "epsilon": 5.742192157380144, "gamma": 0.9769886695405776}, "datetime": {"datetime": "2021-09-18 12:43:47", "elapsed": 1103.643382, "delta": 7.902139}}
{"target": 0.4161296473954721, "params": {"C": 72.52126719193835, "epsilon": 7.322315673748625, "gamma": 0.0001}, "datetime": {"datetime": "2021-09-18 12:43:51", "elapsed": 1107.308578, "delta": 3.665196}}
{"target": 0.2970761777754162, "params": {"C": 99.90321778543014, "epsilon": 12.557750902789271, "gamma": 0.1249366435633152}, "datetime": {"datetime": "2021-09-18 12:43:57", "elapsed": 1113.841139, "delta": 6.532561}}
{"target": 0.06417338630739544, "params": {"C": 34.45959712472031, "epsilon": 13.682769866785996, "gamma": 1.0}, "datetime": {"datetime": "2021-09-18 12:44:01", "elapsed": 1117.584991, "delta": 3.743852}}
{"target": 0.3332568011158745, "params": {"C": 27.163674683509658, "epsilon": 0.0001, "gamma": 0.0001}, "datetime": {"datetime": "2021-09-18 12:44:06", "elapsed": 1122.441614, "delta": 4.856623}}
{"target": 0.6377092622375707, "params": {"C": 26.38513155207694, "epsilon": 0.8746857576984445, "gamma": 0.9959565931026153}, "datetime": {"datetime": "2021-09-18 12:44:10", "elapsed": 1126.380671, "delta": 3.939057}}
{"target": 0.40244281204571763, "params": {"C": 47.710879502411515, "epsilon": 5.960801870218503, "gamma": 0.0001}, "datetime": {"datetime": "2021-09-18 12:44:14", "elapsed": 1130.777615, "delta": 4.396944}}
{"target": 0.44845544119859615, "params": {"C": 38.36740480089993, "epsilon": 7.129870752015401, "gamma": 0.9339803764735606}, "datetime": {"datetime": "2021-09-18 12:44:19", "elapsed": 1135.669656, "delta": 4.892041}}
{"target": 0.6778714245686279, "params": {"C": 50.47934257987774, "epsilon": 0.9334960574975963, "gamma": 0.8529074374534014}, "datetime": {"datetime": "2021-09-18 12:44:23", "elapsed": 1139.536617, "delta": 3.866961}}
{"target": 0.26456202659357686, "params": {"C": 18.42990930009771, "epsilon": 3.0025786617782275, "gamma": 0.0001}, "datetime": {"datetime": "2021-09-18 12:44:27", "elapsed": 1143.700622, "delta": 4.164005}}
{"target": 0.29574293038397026, "params": {"C": 22.175429564139783, "epsilon": 5.206088982362284, "gamma": 0.0001}, "datetime": {"datetime": "2021-09-18 12:44:32", "elapsed": 1148.75265, "delta": 5.052028}}
{"target": 0.538569568236889, "params": {"C": 24.64664240954069, "epsilon": 4.678919222072622, "gamma": 1.0}, "datetime": {"datetime": "2021-09-18 12:44:37", "elapsed": 1153.272617, "delta": 4.519967}}
{"target": 0.8865508638959126, "params": {"C": 44.51665064386733, "epsilon": 1.0198537861784807, "gamma": 0.14518793297088084}, "datetime": {"datetime": "2021-09-18 12:44:40", "elapsed": 1156.793338, "delta": 3.520721}}
{"target": 0.4143335743918458, "params": {"C": 78.1772001117467, "epsilon": 7.768424137158352, "gamma": 0.0001}, "datetime": {"datetime": "2021-09-18 12:44:47", "elapsed": 1163.275646, "delta": 6.482308}}
{"target": 0.4343491901886435, "params": {"C": 44.1316905897232, "epsilon": 7.168653575502939, "gamma": 0.9860984942398271}, "datetime": {"datetime": "2021-09-18 12:44:52", "elapsed": 1168.492293, "delta": 5.216647}}
{"target": 0.11839461461495004, "params": {"C": 18.30900270184325, "epsilon": 12.526795563109854, "gamma": 0.0001}, "datetime": {"datetime": "2021-09-18 12:44:57", "elapsed": 1173.355982, "delta": 4.863689}}
{"target": 0.863735413869882, "params": {"C": 31.53354620379753, "epsilon": 0.4349966825495276, "gamma": 0.029351850630933134}, "datetime": {"datetime": "2021-09-18 12:45:01", "elapsed": 1177.378553, "delta": 4.022571}}
{"target": 0.689517752327464, "params": {"C": 64.76414082070463, "epsilon": 0.8127751129036852, "gamma": 0.8201300456203107}, "datetime": {"datetime": "2021-09-18 12:45:05", "elapsed": 1181.342095, "delta": 3.963542}}
{"target": 0.16343532440198016, "params": {"C": 82.93992202516398, "epsilon": 13.518277951431214, "gamma": 0.0001}, "datetime": {"datetime": "2021-09-18 12:45:09", "elapsed": 1185.555636, "delta": 4.213541}}
{"target": 0.3151117844076158, "params": {"C": 31.121240710225234, "epsilon": 7.449459673195661, "gamma": 0.0001}, "datetime": {"datetime": "2021-09-18 12:45:14", "elapsed": 1190.221309, "delta": 4.665673}}
{"target": 0.8211860249022301, "params": {"C": 71.76495095985787, "epsilon": 5.950755859179169, "gamma": 0.045622968043680594}, "datetime": {"datetime": "2021-09-18 12:45:19", "elapsed": 1195.773448, "delta": 5.552139}}
{"target": 0.8530753621294829, "params": {"C": 57.682573347825034, "epsilon": 0.25149385520241807, "gamma": 0.01730869288878806}, "datetime": {"datetime": "2021-09-18 12:45:23", "elapsed": 1199.671722, "delta": 3.898274}}
{"target": 0.7910301231921957, "params": {"C": 61.33701558913841, "epsilon": 5.806632853223527, "gamma": 0.008248472706488498}, "datetime": {"datetime": "2021-09-18 12:45:28", "elapsed": 1204.766344, "delta": 5.094622}}
{"target": 0.7865611077959938, "params": {"C": 48.831681650900876, "epsilon": 0.014162367871837271, "gamma": 0.0038573037326907005}, "datetime": {"datetime": "2021-09-18 12:45:32", "elapsed": 1208.877628, "delta": 4.111284}}
{"target": 0.8673439975492615, "params": {"C": 41.22669341311928, "epsilon": 0.21503914566491372, "gamma": 0.03438346201051006}, "datetime": {"datetime": "2021-09-18 12:45:37", "elapsed": 1213.305761, "delta": 4.428133}}
{"target": 0.6603300203397289, "params": {"C": 40.658350274329365, "epsilon": 1.2245589762093734, "gamma": 0.8967592152640379}, "datetime": {"datetime": "2021-09-18 12:45:43", "elapsed": 1219.286466, "delta": 5.980705}}
{"target": 0.6519534382931043, "params": {"C": 34.94337620296954, "epsilon": 8.194452481304179, "gamma": 0.14909985266942663}, "datetime": {"datetime": "2021-09-18 12:45:47", "elapsed": 1223.357504, "delta": 4.071038}}
{"target": 0.4525147871889511, "params": {"C": 50.98314163693424, "epsilon": 2.274742742557763, "gamma": 0.0001}, "datetime": {"datetime": "2021-09-18 12:45:51", "elapsed": 1227.505471, "delta": 4.147967}}
{"target": 0.7312133236662743, "params": {"C": 51.836678007284085, "epsilon": 1.1417386911257332, "gamma": 0.6676624468103839}, "datetime": {"datetime": "2021-09-18 12:45:58", "elapsed": 1234.559888, "delta": 7.054417}}
{"target": 0.7729914735241252, "params": {"C": 60.08684398179739, "epsilon": 1.081457636291187, "gamma": 0.0028291510959807704}, "datetime": {"datetime": "2021-09-18 12:46:04", "elapsed": 1240.196216, "delta": 5.636328}}
{"target": 0.8369978271381255, "params": {"C": 60.10439309061444, "epsilon": 5.100885994666305, "gamma": 0.022226914258372282}, "datetime": {"datetime": "2021-09-18 12:46:09", "elapsed": 1245.714245, "delta": 5.518029}}
{"target": 0.6390955023012718, "params": {"C": 85.8833650819905, "epsilon": 1.0790762931358935, "gamma": 0.9792040180911125}, "datetime": {"datetime": "2021-09-18 12:46:18", "elapsed": 1254.647892, "delta": 8.933647}}
{"target": 0.4399625557632346, "params": {"C": 50.17183021890883, "epsilon": 3.938241036242808, "gamma": 0.0001}, "datetime": {"datetime": "2021-09-18 12:46:24", "elapsed": 1260.096466, "delta": 5.448574}}
{"target": 0.8357719678105079, "params": {"C": 49.86418959197824, "epsilon": 1.8826390333228384, "gamma": 0.0112558479014829}, "datetime": {"datetime": "2021-09-18 12:46:30", "elapsed": 1266.88136, "delta": 6.784894}}
{"target": 0.7211172373179067, "params": {"C": 65.70651015218984, "epsilon": 7.902986934592044, "gamma": 0.0793273801418027}, "datetime": {"datetime": "2021-09-18 12:46:36", "elapsed": 1271.995324, "delta": 5.113964}}
{"target": 0.44764285859129216, "params": {"C": 49.3157695472928, "epsilon": 2.9667031430060167, "gamma": 0.0001}, "datetime": {"datetime": "2021-09-18 12:46:41", "elapsed": 1277.353495, "delta": 5.358171}}
{"target": 0.5583962376272801, "params": {"C": 14.941656331064022, "epsilon": 0.0001, "gamma": 1.0}, "datetime": {"datetime": "2021-09-18 12:46:46", "elapsed": 1282.474596, "delta": 5.121101}}
{"target": -0.10008449023612176, "params": {"C": 90.70393016574579, "epsilon": 17.151926186723394, "gamma": 0.9634561744775596}, "datetime": {"datetime": "2021-09-18 12:46:51", "elapsed": 1287.416095, "delta": 4.941499}}
{"target": 0.09169153076264491, "params": {"C": 1.9895809381964278, "epsilon": 12.324351327235474, "gamma": 0.9368193574510962}, "datetime": {"datetime": "2021-09-18 12:46:56", "elapsed": 1292.061089, "delta": 4.644994}}
{"target": -0.1760348226374493, "params": {"C": 59.79350867069233, "epsilon": 19.9942190394697, "gamma": 0.240561630455883}, "datetime": {"datetime": "2021-09-18 12:47:01", "elapsed": 1297.397649, "delta": 5.33656}}
{"target": 0.4257753208915265, "params": {"C": 64.60197377914207, "epsilon": 6.646143832160063, "gamma": 0.0001}, "datetime": {"datetime": "2021-09-18 12:47:06", "elapsed": 1302.952637, "delta": 5.554988}}
{"target": 0.4123928720933636, "params": {"C": 64.74559466076087, "epsilon": 8.109425502655254, "gamma": 0.8671376985806558}, "datetime": {"datetime": "2021-09-18 12:47:12", "elapsed": 1308.338822, "delta": 5.386185}}
{"target": 0.8419238229829087, "params": {"C": 53.352528135709214, "epsilon": 3.544220181661949, "gamma": 0.02199083886458994}, "datetime": {"datetime": "2021-09-18 12:47:17", "elapsed": 1313.019294, "delta": 4.680472}}
{"target": 0.605505119847638, "params": {"C": 80.06956013790905, "epsilon": 4.620489831740331, "gamma": 0.7684789110541491}, "datetime": {"datetime": "2021-09-18 12:47:21", "elapsed": 1317.31075, "delta": 4.291456}}
{"target": 0.4982911976538261, "params": {"C": 66.94238881619997, "epsilon": 2.1020069251621747, "gamma": 0.0001}, "datetime": {"datetime": "2021-09-18 12:47:25", "elapsed": 1321.733789, "delta": 4.423039}}
{"target": 0.6747747043884154, "params": {"C": 66.17070533623288, "epsilon": 2.5987102155848376, "gamma": 0.748057527490294}, "datetime": {"datetime": "2021-09-18 12:47:30", "elapsed": 1326.197106, "delta": 4.463317}}
{"target": -0.19257136246012174, "params": {"C": 19.937753223290333, "epsilon": 20.0, "gamma": 0.0001}, "datetime": {"datetime": "2021-09-18 12:47:34", "elapsed": 1330.088337, "delta": 3.891231}}
{"target": 0.6501681537948443, "params": {"C": 27.931195451805582, "epsilon": 1.9943854943985122, "gamma": 0.8789606022555794}, "datetime": {"datetime": "2021-09-18 12:47:38", "elapsed": 1334.162393, "delta": 4.074056}}
{"target": -0.02818406648254479, "params": {"C": 62.5360010028232, "epsilon": 16.865655846851944, "gamma": 0.0001}, "datetime": {"datetime": "2021-09-18 12:47:43", "elapsed": 1339.383483, "delta": 5.22109}}
{"target": 0.638474404927068, "params": {"C": 42.02699770110933, "epsilon": 9.38989185567549, "gamma": 0.05166565999802757}, "datetime": {"datetime": "2021-09-18 12:47:48", "elapsed": 1343.97904, "delta": 4.595557}}
{"target": 0.859467599382259, "params": {"C": 26.04266239401424, "epsilon": 0.7775608302072703, "gamma": 0.029995478824206934}, "datetime": {"datetime": "2021-09-18 12:47:52", "elapsed": 1348.298381, "delta": 4.319341}}
{"target": 0.77822515206473, "params": {"C": 84.96335310307623, "epsilon": 6.266571918491502, "gamma": 0.00700243418481432}, "datetime": {"datetime": "2021-09-18 12:47:58", "elapsed": 1354.46602, "delta": 6.167639}}
{"target": 0.6988255475648326, "params": {"C": 31.190651710759465, "epsilon": 1.0141640641563952, "gamma": 0.780595759703668}, "datetime": {"datetime": "2021-09-18 12:48:03", "elapsed": 1359.283558, "delta": 4.817538}}
{"target": 0.5364398534689059, "params": {"C": 86.42754078505281, "epsilon": 3.274165516549569, "gamma": 0.0001}, "datetime": {"datetime": "2021-09-18 12:48:07", "elapsed": 1363.259158, "delta": 3.9756}}
{"target": 0.6531044649764702, "params": {"C": 87.81140992983273, "epsilon": 2.8027806541936915, "gamma": 0.8011453973746863}, "datetime": {"datetime": "2021-09-18 12:48:11", "elapsed": 1367.377301, "delta": 4.118143}}
{"target": 0.845164871735649, "params": {"C": 19.47608006610217, "epsilon": 4.304199492028491, "gamma": 0.05968206026880925}, "datetime": {"datetime": "2021-09-18 12:48:16", "elapsed": 1372.071159, "delta": 4.693858}}
{"target": 0.47434293734080035, "params": {"C": 63.46050522084375, "epsilon": 6.256560285031476, "gamma": 1.0}, "datetime": {"datetime": "2021-09-18 12:48:21", "elapsed": 1377.827086, "delta": 5.755927}}
{"target": 0.6475729710648156, "params": {"C": 63.23224156840576, "epsilon": 8.057498006954466, "gamma": 0.0022380027327324006}, "datetime": {"datetime": "2021-09-18 12:48:27", "elapsed": 1383.380656, "delta": 5.55357}}
{"target": 0.5549119199197299, "params": {"C": 98.39086373076054, "epsilon": 2.693529486896884, "gamma": 0.0001}, "datetime": {"datetime": "2021-09-18 12:48:31", "elapsed": 1387.738515, "delta": 4.357859}}
{"target": 0.8393377320461546, "params": {"C": 68.82489306726781, "epsilon": 1.7907092367385602, "gamma": 0.012290369503774098}, "datetime": {"datetime": "2021-09-18 12:48:36", "elapsed": 1392.143044, "delta": 4.404529}}
{"target": 0.5037833749858645, "params": {"C": 93.06570464937259, "epsilon": 5.596273435713249, "gamma": 1.0}, "datetime": {"datetime": "2021-09-18 12:48:43", "elapsed": 1399.259284, "delta": 7.11624}}
{"target": 0.8760886449683757, "params": {"C": 40.032550240911704, "epsilon": 0.06475408701406431, "gamma": 0.04491069194834152}, "datetime": {"datetime": "2021-09-18 12:48:48", "elapsed": 1404.036248, "delta": 4.776964}}
{"target": 0.5512996280686966, "params": {"C": 19.55389386579569, "epsilon": 4.093817021255418, "gamma": 0.974323003752513}, "datetime": {"datetime": "2021-09-18 12:48:53", "elapsed": 1409.801692, "delta": 5.765444}}
{"target": 0.8614780274732934, "params": {"C": 95.27275155361129, "epsilon": 1.188566711648242, "gamma": 0.024847245066889418}, "datetime": {"datetime": "2021-09-18 12:48:59", "elapsed": 1415.571943, "delta": 5.770251}}
{"target": 0.7798134307417923, "params": {"C": 62.038408225566776, "epsilon": 6.604759384275854, "gamma": 0.013701581803960994}, "datetime": {"datetime": "2021-09-18 12:49:04", "elapsed": 1420.024159, "delta": 4.452216}}
{"target": 0.8620795098441195, "params": {"C": 96.25792785242626, "epsilon": 1.7478040971660431, "gamma": 0.20275308545529325}, "datetime": {"datetime": "2021-09-18 12:49:12", "elapsed": 1428.675156, "delta": 8.650997}}
{"target": 0.22231126065027573, "params": {"C": 42.895641803159236, "epsilon": 11.519105655485589, "gamma": 0.0001}, "datetime": {"datetime": "2021-09-18 12:49:17", "elapsed": 1433.114019, "delta": 4.438863}}
{"target": 0.19232849736947788, "params": {"C": 30.640722750911678, "epsilon": 13.39816615465367, "gamma": 0.15686081014340578}, "datetime": {"datetime": "2021-09-18 12:49:21", "elapsed": 1437.459453, "delta": 4.345434}}
{"target": 0.42257705757534003, "params": {"C": 75.87917312063811, "epsilon": 7.312992918283122, "gamma": 0.0001}, "datetime": {"datetime": "2021-09-18 12:49:25", "elapsed": 1441.766495, "delta": 4.307042}}
{"target": 0.5646944518685839, "params": {"C": 74.53567573678743, "epsilon": 9.2154040625225, "gamma": 0.20777834616022448}, "datetime": {"datetime": "2021-09-18 12:49:30", "elapsed": 1445.987397, "delta": 4.220902}}
{"target": 0.8852571667174498, "params": {"C": 76.42362262251308, "epsilon": 0.7789287529135571, "gamma": 0.05132137451776632}, "datetime": {"datetime": "2021-09-18 12:49:34", "elapsed": 1450.384449, "delta": 4.397052}}
{"target": 0.46191440687271035, "params": {"C": 55.34044353685975, "epsilon": 3.6617576152667417, "gamma": 0.0001}, "datetime": {"datetime": "2021-09-18 12:49:39", "elapsed": 1455.060541, "delta": 4.676092}}
{"target": 0.12429895625622411, "params": {"C": 7.91894419688483, "epsilon": 7.663726046152452, "gamma": 0.0001}, "datetime": {"datetime": "2021-09-18 12:49:45", "elapsed": 1461.287712, "delta": 6.227171}}
{"target": 0.26487626023202926, "params": {"C": 7.629109529171729, "epsilon": 9.515342745421846, "gamma": 0.9681220752687604}, "datetime": {"datetime": "2021-09-18 12:49:50", "elapsed": 1466.430201, "delta": 5.142489}}
{"target": 0.5864426670576682, "params": {"C": 6.130364398011583, "epsilon": 7.209206497946987, "gamma": 0.17165651382543792}, "datetime": {"datetime": "2021-09-18 12:49:55", "elapsed": 1471.935249, "delta": 5.505048}}
{"target": 0.4488184447334709, "params": {"C": 89.36460363282326, "epsilon": 7.390415667992681, "gamma": 0.0001}, "datetime": {"datetime": "2021-09-18 12:50:01", "elapsed": 1477.665544, "delta": 5.730295}}
{"target": 0.3534890047427197, "params": {"C": 28.962919842187578, "epsilon": 1.3426748194470204, "gamma": 0.0001}, "datetime": {"datetime": "2021-09-18 12:50:06", "elapsed": 1482.478896, "delta": 4.813352}}
{"target": 0.29825450997952596, "params": {"C": 21.970627458514826, "epsilon": 0.8155722759601737, "gamma": 0.0001}, "datetime": {"datetime": "2021-09-18 12:50:13", "elapsed": 1489.763896, "delta": 7.285}}
{"target": 0.2961003499992878, "params": {"C": 20.784782013555738, "epsilon": 1.6695947510919071, "gamma": 0.0001}, "datetime": {"datetime": "2021-09-18 12:50:19", "elapsed": 1495.132978, "delta": 5.369082}}
{"target": 0.8811424090972066, "params": {"C": 23.129208678498383, "epsilon": 0.879333703680521, "gamma": 0.11632904323788446}, "datetime": {"datetime": "2021-09-18 12:50:25", "elapsed": 1501.784843, "delta": 6.651865}}
{"target": 0.687150688805539, "params": {"C": 21.53222534990937, "epsilon": 0.0001, "gamma": 0.7797159973659296}, "datetime": {"datetime": "2021-09-18 12:50:32", "elapsed": 1508.310625, "delta": 6.525782}}
