{"target": 0.9047413408675813, "params": {"C": 115.24931149214846, "epsilon": 0.3801844405855206, "gamma": 0.09309713645058279}, "datetime": {"datetime": "2021-09-18 14:33:36", "elapsed": 368.925574, "delta": 1.461979}}
{"target": 0.9055757913441476, "params": {"C": 194.8365244374267, "epsilon": 0.5939279453065962, "gamma": 0.10302880607136136}, "datetime": {"datetime": "2021-09-18 14:33:38", "elapsed": 371.08994, "delta": 2.164366}}
{"target": 0.8997523336602112, "params": {"C": 188.72204809305617, "epsilon": 0.47973374182078515, "gamma": 0.11708942838444956}, "datetime": {"datetime": "2021-09-18 14:33:41", "elapsed": 374.335757, "delta": 3.245817}}
{"target": 0.8946349670654952, "params": {"C": 129.18045527670714, "epsilon": 0.30639032415147954, "gamma": 0.1363981552862349}, "datetime": {"datetime": "2021-09-18 14:33:42", "elapsed": 375.710717, "delta": 1.37496}}
{"target": 0.9035640058909902, "params": {"C": 197.31926589690164, "epsilon": 0.7369529398633416, "gamma": 0.11045316998070613}, "datetime": {"datetime": "2021-09-18 14:33:45", "elapsed": 377.959647, "delta": 2.24893}}
{"target": 0.9078220473639504, "params": {"C": 197.3773277890935, "epsilon": 0.695031270700339, "gamma": 0.0944402265282514}, "datetime": {"datetime": "2021-09-18 14:33:47", "elapsed": 380.370057, "delta": 2.41041}}
{"target": 0.8924316671653265, "params": {"C": 115.33696841939823, "epsilon": 0.7636896978920248, "gamma": 0.14608017518732477}, "datetime": {"datetime": "2021-09-18 14:33:49", "elapsed": 381.825283, "delta": 1.455226}}
{"target": 0.9058586081728074, "params": {"C": 197.26686725509302, "epsilon": 0.7053018781376772, "gamma": 0.10418302197968868}, "datetime": {"datetime": "2021-09-18 14:33:51", "elapsed": 383.898625, "delta": 2.073342}}
{"target": 0.9003094056320813, "params": {"C": 198.87825310457737, "epsilon": 0.6443981041264017, "gamma": 0.11764134686160922}, "datetime": {"datetime": "2021-09-18 14:33:53", "elapsed": 386.042108, "delta": 2.143483}}
{"target": 0.9096047346457853, "params": {"C": 194.20234128699576, "epsilon": 0.643877201279956, "gamma": 0.07978270283064713}, "datetime": {"datetime": "2021-09-18 14:33:55", "elapsed": 388.12572, "delta": 2.083612}}
{"target": 0.8932924441299492, "params": {"C": 128.0858718685832, "epsilon": 0.34982075673896923, "gamma": 0.14302115001397725}, "datetime": {"datetime": "2021-09-18 14:33:56", "elapsed": 389.554434, "delta": 1.428714}}
{"target": 0.9098024197282516, "params": {"C": 198.86579796590118, "epsilon": 0.6153173751079117, "gamma": 0.08108561049654453}, "datetime": {"datetime": "2021-09-18 14:34:00", "elapsed": 392.886302, "delta": 3.331868}}
{"target": 0.8966790148137389, "params": {"C": 124.92315677646036, "epsilon": 0.6850126082406276, "gamma": 0.06362574960190344}, "datetime": {"datetime": "2021-09-18 14:34:01", "elapsed": 394.357832, "delta": 1.47153}}
{"target": 0.9036145702770401, "params": {"C": 188.71707241099836, "epsilon": 0.48240852466860656, "gamma": 0.0678100367329322}, "datetime": {"datetime": "2021-09-18 14:34:04", "elapsed": 397.060126, "delta": 2.702294}}
{"target": 0.9085153891296636, "params": {"C": 198.84001683523874, "epsilon": 0.6401477992278737, "gamma": 0.08994029539018558}, "datetime": {"datetime": "2021-09-18 14:34:06", "elapsed": 399.349787, "delta": 2.289661}}
{"target": 0.8988773427004462, "params": {"C": 194.19406239855428, "epsilon": 0.6747702617634986, "gamma": 0.0572023649182707}, "datetime": {"datetime": "2021-09-18 14:34:09", "elapsed": 402.079033, "delta": 2.729246}}
{"target": 0.900323987236682, "params": {"C": 185.4492660969595, "epsilon": 0.37289655839793906, "gamma": 0.11472133024328902}, "datetime": {"datetime": "2021-09-18 14:34:12", "elapsed": 404.950593, "delta": 2.87156}}
{"target": 0.900429049065254, "params": {"C": 194.22515603292516, "epsilon": 0.6932190288278967, "gamma": 0.11810700056956917}, "datetime": {"datetime": "2021-09-18 14:34:14", "elapsed": 407.201628, "delta": 2.251035}}
{"target": 0.9064580789558485, "params": {"C": 198.90828616227333, "epsilon": 0.6738774277421141, "gamma": 0.10026811902038894}, "datetime": {"datetime": "2021-09-18 14:34:18", "elapsed": 411.168589, "delta": 3.966961}}
{"target": 0.9055498188083375, "params": {"C": 115.25081660790173, "epsilon": 0.378595410534726, "gamma": 0.09864601384626637}, "datetime": {"datetime": "2021-09-18 14:34:19", "elapsed": 412.726474, "delta": 1.557885}}
{"target": 0.9078913436731982, "params": {"C": 195.91672602269722, "epsilon": 0.7375343745901437, "gamma": 0.09483798633101673}, "datetime": {"datetime": "2021-09-18 14:34:23", "elapsed": 416.148219, "delta": 3.421745}}
{"target": 0.9090758605415645, "params": {"C": 195.9595667782672, "epsilon": 0.6621099544014313, "gamma": 0.08736571557835826}, "datetime": {"datetime": "2021-09-18 14:34:26", "elapsed": 418.770692, "delta": 2.622473}}
{"target": 0.9091945250540808, "params": {"C": 198.86934656397557, "epsilon": 0.7172697488856377, "gamma": 0.07566075631041054}, "datetime": {"datetime": "2021-09-18 14:34:28", "elapsed": 421.240072, "delta": 2.46938}}
{"target": 0.8987392656236866, "params": {"C": 137.567435347792, "epsilon": 0.21550905933585232, "gamma": 0.12265837632959034}, "datetime": {"datetime": "2021-09-18 14:34:30", "elapsed": 422.800079, "delta": 1.560007}}
{"target": 0.9088352520976324, "params": {"C": 195.8382235096926, "epsilon": 0.679975648606615, "gamma": 0.07624564791309434}, "datetime": {"datetime": "2021-09-18 14:34:32", "elapsed": 425.278562, "delta": 2.478483}}
{"target": 0.9035088430954029, "params": {"C": 198.8353510852449, "epsilon": 0.6606409982333901, "gamma": 0.06569006250140139}, "datetime": {"datetime": "2021-09-18 14:34:35", "elapsed": 428.351823, "delta": 3.073261}}
{"target": 0.9015113765389532, "params": {"C": 198.9094695116429, "epsilon": 0.7415206282731771, "gamma": 0.0617648027341913}, "datetime": {"datetime": "2021-09-18 14:34:38", "elapsed": 430.809876, "delta": 2.458053}}
{"target": 0.9041788191127873, "params": {"C": 198.81724944814673, "epsilon": 0.5938333162829237, "gamma": 0.10771245157619612}, "datetime": {"datetime": "2021-09-18 14:34:40", "elapsed": 433.115471, "delta": 2.305595}}
{"target": 0.8967844068813049, "params": {"C": 194.21474511737338, "epsilon": 0.6237257710956382, "gamma": 0.05314061352335778}, "datetime": {"datetime": "2021-09-18 14:34:43", "elapsed": 436.132049, "delta": 3.016578}}
{"target": 0.9080828013095645, "params": {"C": 195.81718679279766, "epsilon": 0.6508423990460719, "gamma": 0.07475192844898615}, "datetime": {"datetime": "2021-09-18 14:34:46", "elapsed": 439.003728, "delta": 2.871679}}
{"target": 0.9068233633371683, "params": {"C": 180.66116298995723, "epsilon": 0.7932307056135716, "gamma": 0.09995423109384327}, "datetime": {"datetime": "2021-09-18 14:34:49", "elapsed": 441.770969, "delta": 2.767241}}
{"target": 0.9091795511166803, "params": {"C": 188.67650466358262, "epsilon": 0.4963388228538381, "gamma": 0.08304019767964466}, "datetime": {"datetime": "2021-09-18 14:34:50", "elapsed": 443.636705, "delta": 1.865736}}
{"target": 0.906366335331849, "params": {"C": 188.67762825585714, "epsilon": 0.46856371971924393, "gamma": 0.07487480599035133}, "datetime": {"datetime": "2021-09-18 14:34:53", "elapsed": 446.494687, "delta": 2.857982}}
{"target": 0.9069536301265557, "params": {"C": 198.83143671263926, "epsilon": 0.7278238332277319, "gamma": 0.07086914151816578}, "datetime": {"datetime": "2021-09-18 14:34:56", "elapsed": 448.826173, "delta": 2.331486}}
{"target": 0.9019301490401757, "params": {"C": 198.86285060664068, "epsilon": 0.747499512471071, "gamma": 0.06268524958758262}, "datetime": {"datetime": "2021-09-18 14:34:58", "elapsed": 451.31232, "delta": 2.486147}}
{"target": 0.9096989644128382, "params": {"C": 180.72171778714483, "epsilon": 0.7320022453466528, "gamma": 0.08055692296723954}, "datetime": {"datetime": "2021-09-18 14:35:01", "elapsed": 454.115291, "delta": 2.802971}}
{"target": 0.9024028017035316, "params": {"C": 198.8463018249651, "epsilon": 0.7111874828448961, "gamma": 0.11348626102140918}, "datetime": {"datetime": "2021-09-18 14:35:05", "elapsed": 458.017727, "delta": 3.902436}}
{"target": 0.9030954115830557, "params": {"C": 155.44405492607945, "epsilon": 0.6279166019167471, "gamma": 0.07151878182096094}, "datetime": {"datetime": "2021-09-18 14:35:06", "elapsed": 459.546962, "delta": 1.529235}}
{"target": 0.90952335340342, "params": {"C": 198.86696085263912, "epsilon": 0.644309846761654, "gamma": 0.08432940812647059}, "datetime": {"datetime": "2021-09-18 14:35:09", "elapsed": 462.25699, "delta": 2.710028}}
{"target": 0.9042423166804854, "params": {"C": 195.85302038749185, "epsilon": 0.7223370151908554, "gamma": 0.10878604226402269}, "datetime": {"datetime": "2021-09-18 14:35:11", "elapsed": 464.585751, "delta": 2.328761}}
{"target": 0.8975880682269831, "params": {"C": 154.84334534804867, "epsilon": 0.6250449918755941, "gamma": 0.13054801171212385}, "datetime": {"datetime": "2021-09-18 14:35:13", "elapsed": 466.15552, "delta": 1.569769}}
{"target": 0.8891890007543316, "params": {"C": 195.7732068100883, "epsilon": 0.09435639056643773, "gamma": 0.13948172774135442}, "datetime": {"datetime": "2021-09-18 14:35:15", "elapsed": 467.7861, "delta": 1.63058}}
{"target": 0.8962319571401224, "params": {"C": 195.83679793788787, "epsilon": 0.6536352773430674, "gamma": 0.052499429082405194}, "datetime": {"datetime": "2021-09-18 14:35:18", "elapsed": 471.184404, "delta": 3.398304}}
{"target": 0.903991939496674, "params": {"C": 197.24450350563774, "epsilon": 0.7333598216423249, "gamma": 0.06615879837676072}, "datetime": {"datetime": "2021-09-18 14:35:23", "elapsed": 475.980488, "delta": 4.796084}}
{"target": 0.9005605045071378, "params": {"C": 133.93397290600814, "epsilon": 0.49029768632507126, "gamma": 0.1190446496458137}, "datetime": {"datetime": "2021-09-18 14:35:24", "elapsed": 477.595126, "delta": 1.614638}}
{"target": 0.9058802258688781, "params": {"C": 195.79069243401, "epsilon": 0.636559362970279, "gamma": 0.07041095045418208}, "datetime": {"datetime": "2021-09-18 14:35:28", "elapsed": 480.986667, "delta": 3.391541}}
{"target": 0.8961797533815572, "params": {"C": 174.99159212328726, "epsilon": 0.08663936503278279, "gamma": 0.12930019264894405}, "datetime": {"datetime": "2021-09-18 14:35:29", "elapsed": 482.645841, "delta": 1.659174}}
{"target": 0.8978828200857001, "params": {"C": 198.87015271197407, "epsilon": 0.609189965104244, "gamma": 0.05467188086939471}, "datetime": {"datetime": "2021-09-18 14:35:32", "elapsed": 485.285957, "delta": 2.640116}}
{"target": 0.8947323119905736, "params": {"C": 198.86020883750075, "epsilon": 0.6977372684150198, "gamma": 0.05042019427229799}, "datetime": {"datetime": "2021-09-18 14:35:35", "elapsed": 487.878527, "delta": 2.59257}}
{"target": 0.9092643933646912, "params": {"C": 197.27452547038018, "epsilon": 0.7415047771987533, "gamma": 0.08700661701764628}, "datetime": {"datetime": "2021-09-18 14:35:38", "elapsed": 491.066906, "delta": 3.188379}}
{"target": 0.9091016683390155, "params": {"C": 197.26777116027165, "epsilon": 0.7762920969157209, "gamma": 0.07433669881763286}, "datetime": {"datetime": "2021-09-18 14:35:41", "elapsed": 494.564792, "delta": 3.497886}}
{"target": 0.9046339092597209, "params": {"C": 174.0439567659372, "epsilon": 0.7511181418677475, "gamma": 0.07002639272162847}, "datetime": {"datetime": "2021-09-18 14:35:43", "elapsed": 496.279965, "delta": 1.715173}}
{"target": 0.9058564974581462, "params": {"C": 124.44786937794859, "epsilon": 0.7128813741696156, "gamma": 0.10031174133685866}, "datetime": {"datetime": "2021-09-18 14:35:46", "elapsed": 499.144325, "delta": 2.86436}}
{"target": 0.9001800754723018, "params": {"C": 180.71230242150799, "epsilon": 0.7133460998635462, "gamma": 0.11966029981647472}, "datetime": {"datetime": "2021-09-18 14:35:48", "elapsed": 501.5891, "delta": 2.444775}}
{"target": 0.8971152446000572, "params": {"C": 156.9333478851487, "epsilon": 0.41790235212221183, "gamma": 0.05306293290465317}, "datetime": {"datetime": "2021-09-18 14:35:50", "elapsed": 503.252932, "delta": 1.663832}}
{"target": 0.8993292522116476, "params": {"C": 187.7920837736246, "epsilon": 0.5004609936273245, "gamma": 0.11869673736837962}, "datetime": {"datetime": "2021-09-18 14:35:52", "elapsed": 504.839581, "delta": 1.586649}}
{"target": 0.9056778839489948, "params": {"C": 148.06998739688174, "epsilon": 0.2870052845971508, "gamma": 0.08586437424893248}, "datetime": {"datetime": "2021-09-18 14:35:53", "elapsed": 506.436431, "delta": 1.59685}}
{"target": 0.9037313732081046, "params": {"C": 197.29538140937507, "epsilon": 0.7671320984270908, "gamma": 0.10979344762084912}, "datetime": {"datetime": "2021-09-18 14:35:57", "elapsed": 509.990427, "delta": 3.553996}}
{"target": 0.9058548510612542, "params": {"C": 195.99109878072937, "epsilon": 0.6581986465037972, "gamma": 0.10307123479088796}, "datetime": {"datetime": "2021-09-18 14:36:00", "elapsed": 513.04191, "delta": 3.051483}}
{"target": 0.9052218854776695, "params": {"C": 176.84813855228268, "epsilon": 0.6442098035735839, "gamma": 0.10422197920242046}, "datetime": {"datetime": "2021-09-18 14:36:02", "elapsed": 514.768082, "delta": 1.726172}}
{"target": 0.9030242397251033, "params": {"C": 134.07230920342172, "epsilon": 0.23677040675441352, "gamma": 0.10786220294671972}, "datetime": {"datetime": "2021-09-18 14:36:03", "elapsed": 516.430204, "delta": 1.662122}}
{"target": 0.9082187156655153, "params": {"C": 197.2536705109124, "epsilon": 0.772238199834523, "gamma": 0.09408697246724942}, "datetime": {"datetime": "2021-09-18 14:36:06", "elapsed": 519.007129, "delta": 2.576925}}
{"target": 0.9010201105488459, "params": {"C": 189.93009582860032, "epsilon": 0.6627602007885955, "gamma": 0.06117826543601887}, "datetime": {"datetime": "2021-09-18 14:36:08", "elapsed": 520.793608, "delta": 1.786479}}
{"target": 0.9026826798942641, "params": {"C": 168.08426846783533, "epsilon": 0.7586356197985238, "gamma": 0.06752259713435944}, "datetime": {"datetime": "2021-09-18 14:36:11", "elapsed": 523.857283, "delta": 3.063675}}
{"target": 0.90078801858168, "params": {"C": 122.17500289353906, "epsilon": 0.32242717630047696, "gamma": 0.11740869292918982}, "datetime": {"datetime": "2021-09-18 14:36:12", "elapsed": 525.544089, "delta": 1.686806}}
{"target": 0.9009532486264493, "params": {"C": 164.94692912441792, "epsilon": 0.20646839127657268, "gamma": 0.06955401874462956}, "datetime": {"datetime": "2021-09-18 14:36:14", "elapsed": 527.211573, "delta": 1.667484}}
{"target": 0.9016814438536017, "params": {"C": 180.70591255241143, "epsilon": 0.6897671286780119, "gamma": 0.06369636064399785}, "datetime": {"datetime": "2021-09-18 14:36:16", "elapsed": 529.454528, "delta": 2.242955}}
{"target": 0.8921866439112175, "params": {"C": 137.8896969521, "epsilon": 0.1288124827812717, "gamma": 0.14500460368393675}, "datetime": {"datetime": "2021-09-18 14:36:18", "elapsed": 531.126018, "delta": 1.67149}}
{"target": 0.8963766329748339, "params": {"C": 113.71353404862018, "epsilon": 0.6393717889218865, "gamma": 0.06545794306889138}, "datetime": {"datetime": "2021-09-18 14:36:20", "elapsed": 532.901599, "delta": 1.775581}}
{"target": 0.8919508021871799, "params": {"C": 184.1509350404043, "epsilon": 0.6183759665066035, "gamma": 0.13751740541677526}, "datetime": {"datetime": "2021-09-18 14:36:21", "elapsed": 534.639595, "delta": 1.737996}}
{"target": 0.909057489463039, "params": {"C": 195.90463572051146, "epsilon": 0.4595209722645898, "gamma": 0.08460299752682836}, "datetime": {"datetime": "2021-09-18 14:36:24", "elapsed": 537.280019, "delta": 2.640424}}
{"target": 0.8974565513560743, "params": {"C": 158.3146604681545, "epsilon": 0.210200526030275, "gamma": 0.05692217788012637}, "datetime": {"datetime": "2021-09-18 14:36:26", "elapsed": 539.128246, "delta": 1.848227}}
{"target": 0.9041250727812465, "params": {"C": 163.64111944685266, "epsilon": 0.6870285543744092, "gamma": 0.0710355387802857}, "datetime": {"datetime": "2021-09-18 14:36:28", "elapsed": 540.883269, "delta": 1.755023}}
{"target": 0.907265650080175, "params": {"C": 194.5163144128902, "epsilon": 0.7688867565742844, "gamma": 0.09833342090323102}, "datetime": {"datetime": "2021-09-18 14:36:32", "elapsed": 544.771025, "delta": 3.887756}}
{"target": 0.9085274260889364, "params": {"C": 188.64390053980057, "epsilon": 0.47993831646409707, "gamma": 0.0808979140039317}, "datetime": {"datetime": "2021-09-18 14:36:34", "elapsed": 547.204081, "delta": 2.433056}}
{"target": 0.904015407214361, "params": {"C": 152.45185458267966, "epsilon": 0.13764436176208017, "gamma": 0.09171258107202}, "datetime": {"datetime": "2021-09-18 14:36:36", "elapsed": 548.975651, "delta": 1.77157}}
{"target": 0.8933478213493687, "params": {"C": 110.69195617151153, "epsilon": 0.690482745193366, "gamma": 0.14750023942888904}, "datetime": {"datetime": "2021-09-18 14:36:38", "elapsed": 550.761205, "delta": 1.785554}}
{"target": 0.9056643137725708, "params": {"C": 151.22185759324117, "epsilon": 0.5400407925708859, "gamma": 0.10190336351225743}, "datetime": {"datetime": "2021-09-18 14:36:39", "elapsed": 552.486666, "delta": 1.725461}}
{"target": 0.9068556800971952, "params": {"C": 198.89046277169084, "epsilon": 0.7417193308489668, "gamma": 0.10010534636754725}, "datetime": {"datetime": "2021-09-18 14:36:42", "elapsed": 555.301693, "delta": 2.815027}}
{"target": 0.9044398438287797, "params": {"C": 125.0614097933104, "epsilon": 0.33091784292988935, "gamma": 0.10376684251140092}, "datetime": {"datetime": "2021-09-18 14:36:44", "elapsed": 557.004495, "delta": 1.702802}}
{"target": 0.9086421501852677, "params": {"C": 180.71703919134984, "epsilon": 0.7997687680916001, "gamma": 0.09164823966826832}, "datetime": {"datetime": "2021-09-18 14:36:48", "elapsed": 560.837654, "delta": 3.833159}}
{"target": 0.9068965260965469, "params": {"C": 195.8824261640118, "epsilon": 0.4473491856073801, "gamma": 0.09451969844047589}, "datetime": {"datetime": "2021-09-18 14:36:50", "elapsed": 563.506237, "delta": 2.668583}}
{"target": 0.9065961263831841, "params": {"C": 188.64089370814054, "epsilon": 0.5119640180972383, "gamma": 0.07471279869600105}, "datetime": {"datetime": "2021-09-18 14:36:53", "elapsed": 566.234636, "delta": 2.728399}}
{"target": 0.902965172451164, "params": {"C": 195.88819740248783, "epsilon": 0.4962981367082626, "gamma": 0.10950944962386619}, "datetime": {"datetime": "2021-09-18 14:36:56", "elapsed": 569.077931, "delta": 2.843295}}
{"target": 0.9056775443164551, "params": {"C": 197.22336871724409, "epsilon": 0.7932740329246091, "gamma": 0.0683799465139271}, "datetime": {"datetime": "2021-09-18 14:36:59", "elapsed": 572.565818, "delta": 3.487887}}
{"target": 0.9036432777775075, "params": {"C": 195.86919202008858, "epsilon": 0.4604795824083118, "gamma": 0.06719410688053169}, "datetime": {"datetime": "2021-09-18 14:37:04", "elapsed": 577.552285, "delta": 4.986467}}
{"target": 0.907298938544253, "params": {"C": 194.1660867738641, "epsilon": 0.6275832537717999, "gamma": 0.09567367295048529}, "datetime": {"datetime": "2021-09-18 14:37:09", "elapsed": 581.842717, "delta": 4.290432}}
{"target": 0.904283547710324, "params": {"C": 188.6558670128117, "epsilon": 0.512865045185035, "gamma": 0.10652286373431341}, "datetime": {"datetime": "2021-09-18 14:37:12", "elapsed": 585.385643, "delta": 3.542926}}
{"target": 0.9072868608853015, "params": {"C": 190.24021702224712, "epsilon": 0.43706395182401575, "gamma": 0.09310007102331119}, "datetime": {"datetime": "2021-09-18 14:37:14", "elapsed": 587.158219, "delta": 1.772576}}
{"target": 0.9083502153918799, "params": {"C": 198.8923388663831, "epsilon": 0.7001767965031651, "gamma": 0.09153584758901098}, "datetime": {"datetime": "2021-09-18 14:37:17", "elapsed": 589.846633, "delta": 2.688414}}
{"target": 0.9005433423969877, "params": {"C": 124.41272106704469, "epsilon": 0.703530491351147, "gamma": 0.12257606483144931}, "datetime": {"datetime": "2021-09-18 14:37:19", "elapsed": 592.710139, "delta": 2.863506}}
{"target": 0.9038853712511653, "params": {"C": 195.9226511344417, "epsilon": 0.4196832639361209, "gamma": 0.10443441158654757}, "datetime": {"datetime": "2021-09-18 14:37:24", "elapsed": 596.77891, "delta": 4.068771}}
{"target": 0.9098652354689634, "params": {"C": 197.28438048159472, "epsilon": 0.7115709359952449, "gamma": 0.08223834444611944}, "datetime": {"datetime": "2021-09-18 14:37:26", "elapsed": 599.520365, "delta": 2.741455}}
{"target": 0.903792483567601, "params": {"C": 188.65845041335933, "epsilon": 0.4675341358184013, "gamma": 0.10686799947475867}, "datetime": {"datetime": "2021-09-18 14:37:30", "elapsed": 603.132615, "delta": 3.61225}}
{"target": 0.9016654028117312, "params": {"C": 190.2566363176017, "epsilon": 0.4423660636956268, "gamma": 0.06422176800398324}, "datetime": {"datetime": "2021-09-18 14:37:34", "elapsed": 607.007425, "delta": 3.87481}}
{"target": 0.8966614635175197, "params": {"C": 254.21286061133463, "epsilon": 0.5818531048848834, "gamma": 0.05001143748173449}, "datetime": {"datetime": "2021-09-18 14:48:11", "elapsed": 0.0, "delta": 0.0}}
{"target": 0.8972598701708806, "params": {"C": 239.30323444213917, "epsilon": 0.1344695948373482, "gamma": 0.059233859476879785}, "datetime": {"datetime": "2021-09-18 14:48:11", "elapsed": 0.097039, "delta": 0.097039}}
{"target": 0.9059661005823961, "params": {"C": 224.21382747909723, "epsilon": 0.28953736709357725, "gamma": 0.089676747423067}, "datetime": {"datetime": "2021-09-18 14:48:11", "elapsed": 0.192044, "delta": 0.095005}}
{"target": 0.892157395049598, "params": {"C": 270.0461754204364, "epsilon": 0.34697172123457, "gamma": 0.11852195003967594}, "datetime": {"datetime": "2021-09-18 14:48:11", "elapsed": 0.291041, "delta": 0.098997}}
{"target": 0.8973678554508099, "params": {"C": 226.57879246509725, "epsilon": 0.7049316003849375, "gamma": 0.05273875931979262}, "datetime": {"datetime": "2021-09-18 14:48:11", "elapsed": 0.363005, "delta": 0.071964}}
