{"target": -2.02480372760643, "params": {"C": 76.59901017987076, "epsilon": 0.31278542261407827, "gamma": 0.06412161919787547}, "datetime": {"datetime": "2021-09-18 11:46:06", "elapsed": 1.247008, "delta": 0.130025}}
{"target": -2.0613405352721963, "params": {"C": 72.39859450587367, "epsilon": 0.3956716193067042, "gamma": 0.07937205315093732}, "datetime": {"datetime": "2021-09-18 11:46:06", "elapsed": 1.348031, "delta": 0.101023}}
{"target": -2.0907686578643427, "params": {"C": 69.73782178498654, "epsilon": 0.08381533107431252, "gamma": 0.05}, "datetime": {"datetime": "2021-09-18 11:46:06", "elapsed": 1.55499, "delta": 0.206959}}
{"target": -2.05248080836571, "params": {"C": 75.69452636043923, "epsilon": 0.3386567618149809, "gamma": 0.0773591277082982}, "datetime": {"datetime": "2021-09-18 11:46:06", "elapsed": 1.672985, "delta": 0.117995}}
{"target": -2.026232684727043, "params": {"C": 74.09400373640892, "epsilon": 0.25842236798534995, "gamma": 0.06149627501416115}, "datetime": {"datetime": "2021-09-18 11:46:06", "elapsed": 1.782014, "delta": 0.109029}}
{"target": -2.0351093999399925, "params": {"C": 69.26680490902777, "epsilon": 0.06722963262839393, "gamma": 0.05950496935553643}, "datetime": {"datetime": "2021-09-18 11:46:06", "elapsed": 1.898989, "delta": 0.116975}}
{"target": -2.050429752365091, "params": {"C": 70.46600420915723, "epsilon": 0.3597150529904296, "gamma": 0.05200611636980945}, "datetime": {"datetime": "2021-09-18 11:46:07", "elapsed": 2.006028, "delta": 0.107039}}
{"target": -2.0277059375629616, "params": {"C": 76.45396603422759, "epsilon": 0.4465761578216086, "gamma": 0.058373942712224194}, "datetime": {"datetime": "2021-09-18 11:46:07", "elapsed": 2.128024, "delta": 0.121996}}
{"target": -2.0710782402572647, "params": {"C": 73.38381816555282, "epsilon": 0.05474456282084621, "gamma": 0.05350332529053284}, "datetime": {"datetime": "2021-09-18 11:46:07", "elapsed": 2.25999, "delta": 0.131966}}
{"target": -2.029225412600871, "params": {"C": 73.52262194646096, "epsilon": 0.2628594071600627, "gamma": 0.0696082076090534}, "datetime": {"datetime": "2021-09-18 11:46:07", "elapsed": 2.390027, "delta": 0.130037}}
{"target": -2.0372066572703207, "params": {"C": 68.15131398526336, "epsilon": 0.12291099971491656, "gamma": 0.07401754117082787}, "datetime": {"datetime": "2021-09-18 11:46:07", "elapsed": 2.521006, "delta": 0.130979}}
{"target": -2.037585696398378, "params": {"C": 70.81093434406345, "epsilon": 0.2576489128225926, "gamma": 0.07480274788903565}, "datetime": {"datetime": "2021-09-18 11:46:07", "elapsed": 2.660983, "delta": 0.139977}}
{"target": -2.0276459192590046, "params": {"C": 72.17565466227134, "epsilon": 0.06557700796204541, "gamma": 0.06701999915080813}, "datetime": {"datetime": "2021-09-18 11:46:07", "elapsed": 2.813989, "delta": 0.153006}}
{"target": -2.055540227514235, "params": {"C": 76.20261303188325, "epsilon": 0.2934116934040004, "gamma": 0.07907845284893142}, "datetime": {"datetime": "2021-09-18 11:46:07", "elapsed": 2.960989, "delta": 0.147}}
{"target": -2.0249714725233465, "params": {"C": 75.2364122413235, "epsilon": 0.15080504496182934, "gamma": 0.06819588257263949}, "datetime": {"datetime": "2021-09-18 11:46:08", "elapsed": 3.118989, "delta": 0.158}}
{"target": -2.037432720847058, "params": {"C": 70.0703766366188, "epsilon": 0.032320230605927355, "gamma": 0.07111536942253666}, "datetime": {"datetime": "2021-09-18 11:46:08", "elapsed": 3.259028, "delta": 0.140039}}
{"target": -2.0532293622498914, "params": {"C": 75.72278647539046, "epsilon": 0.4013845727629702, "gamma": 0.07646555706428437}, "datetime": {"datetime": "2021-09-18 11:46:08", "elapsed": 3.395024, "delta": 0.135996}}
{"target": -2.0289916132111157, "params": {"C": 73.38620181088864, "epsilon": 0.055881451159781735, "gamma": 0.06227513754327842}, "datetime": {"datetime": "2021-09-18 11:46:08", "elapsed": 3.540028, "delta": 0.145004}}
{"target": -2.0233249895391983, "params": {"C": 75.5528357887951, "epsilon": 0.1978629040340292, "gamma": 0.058882682521219434}, "datetime": {"datetime": "2021-09-18 11:46:08", "elapsed": 3.683023, "delta": 0.142995}}
{"target": -2.0457939645364243, "params": {"C": 70.77316270759572, "epsilon": 0.4032353507139912, "gamma": 0.07294099111830814}, "datetime": {"datetime": "2021-09-18 11:46:08", "elapsed": 3.831984, "delta": 0.148961}}
{"target": -2.0408340626652053, "params": {"C": 70.94710289552512, "epsilon": 0.26005349426529695, "gamma": 0.056692037937000894}, "datetime": {"datetime": "2021-09-18 11:46:08", "elapsed": 3.961029, "delta": 0.129045}}
{"target": -2.0807603640730337, "params": {"C": 68.386927975568, "epsilon": 0.196155862990164, "gamma": 0.05015874719033203}, "datetime": {"datetime": "2021-09-18 11:46:09", "elapsed": 4.125989, "delta": 0.16496}}
{"target": -2.0318446278467985, "params": {"C": 69.03230596741662, "epsilon": 0.2980016303120418, "gamma": 0.06229854966330321}, "datetime": {"datetime": "2021-09-18 11:46:09", "elapsed": 4.309648, "delta": 0.183659}}
{"target": -2.0285938552931317, "params": {"C": 69.2460770818899, "epsilon": 0.20683773485346899, "gamma": 0.07085218669290244}, "datetime": {"datetime": "2021-09-18 11:46:09", "elapsed": 4.504818, "delta": 0.19517}}
{"target": -2.0253557086627616, "params": {"C": 69.96438491203885, "epsilon": 0.34896325255893, "gamma": 0.06606133803636899}, "datetime": {"datetime": "2021-09-18 11:46:09", "elapsed": 4.667607, "delta": 0.162789}}
{"target": -2.035864648043597, "params": {"C": 68.92881141209752, "epsilon": 0.028745670179599468, "gamma": 0.061089382346330955}, "datetime": {"datetime": "2021-09-18 11:46:09", "elapsed": 4.836351, "delta": 0.168744}}
{"target": -2.0741487126613256, "params": {"C": 71.93224046291168, "epsilon": 0.09254513234423228, "gamma": 0.05227297745545983}, "datetime": {"datetime": "2021-09-18 11:46:10", "elapsed": 5.026311, "delta": 0.18996}}
{"target": -2.0293916909141014, "params": {"C": 68.37954751974998, "epsilon": 0.05668028083455625, "gamma": 0.06505291806012825}, "datetime": {"datetime": "2021-09-18 11:46:10", "elapsed": 5.254316, "delta": 0.228005}}
{"target": -2.044672891366629, "params": {"C": 72.68424388597394, "epsilon": 0.38886290673953694, "gamma": 0.07368139759738901}, "datetime": {"datetime": "2021-09-18 11:46:10", "elapsed": 5.448311, "delta": 0.193995}}
{"target": -2.0414122693904497, "params": {"C": 69.7828926691039, "epsilon": 0.1675424904835737, "gamma": 0.07640110177101218}, "datetime": {"datetime": "2021-09-18 11:46:10", "elapsed": 5.629516, "delta": 0.181205}}
{"target": -2.036518992683897, "params": {"C": 74.86563009813877, "epsilon": 0.22113657510897436, "gamma": 0.055880011325115414}, "datetime": {"datetime": "2021-09-18 11:46:10", "elapsed": 5.840433, "delta": 0.210917}}
{"target": -2.0796212521412722, "params": {"C": 75.50493563658955, "epsilon": 0.060044780430302654, "gamma": 0.05108594793036099}, "datetime": {"datetime": "2021-09-18 11:46:11", "elapsed": 6.022049, "delta": 0.181616}}
{"target": -2.0491457461597737, "params": {"C": 72.45263905501248, "epsilon": 0.4013218128049542, "gamma": 0.051172701480579945}, "datetime": {"datetime": "2021-09-18 11:46:11", "elapsed": 6.203904, "delta": 0.181855}}
{"target": -2.041058908293185, "params": {"C": 70.29254309625426, "epsilon": 0.39768936851760694, "gamma": 0.05391970435669622}, "datetime": {"datetime": "2021-09-18 11:46:11", "elapsed": 6.383739, "delta": 0.179835}}
{"target": -2.0434210001435544, "params": {"C": 74.79232553542593, "epsilon": 0.11262421568263294, "gamma": 0.07625571517342997}, "datetime": {"datetime": "2021-09-18 11:46:11", "elapsed": 6.618702, "delta": 0.234963}}
{"target": -2.051046983716027, "params": {"C": 68.13975234066436, "epsilon": 0.3649876066363317, "gamma": 0.07763413741997141}, "datetime": {"datetime": "2021-09-18 11:46:11", "elapsed": 6.836731, "delta": 0.218029}}
{"target": -2.0509484499245025, "params": {"C": 75.2978274838675, "epsilon": 0.3517111588352215, "gamma": 0.07668586992038924}, "datetime": {"datetime": "2021-09-18 11:46:12", "elapsed": 7.031763, "delta": 0.195032}}
{"target": -2.051214536278157, "params": {"C": 73.36759017076706, "epsilon": 0.2200365846293295, "gamma": 0.079660087222329}, "datetime": {"datetime": "2021-09-18 11:46:12", "elapsed": 7.266447, "delta": 0.234684}}
{"target": -2.032143323894997, "params": {"C": 70.4180997421582, "epsilon": 0.31236167186032676, "gamma": 0.06229197868527862}, "datetime": {"datetime": "2021-09-18 11:46:12", "elapsed": 7.450488, "delta": 0.184041}}
{"target": -2.0331598643108983, "params": {"C": 68.75162100023132, "epsilon": 0.09666173994682656, "gamma": 0.05893468365176347}, "datetime": {"datetime": "2021-09-18 11:46:12", "elapsed": 7.683544, "delta": 0.233056}}
{"target": -2.059230570780657, "params": {"C": 68.59934381491834, "epsilon": 0.24003259782806893, "gamma": 0.05324656586352895}, "datetime": {"datetime": "2021-09-18 11:46:12", "elapsed": 7.945495, "delta": 0.261951}}
{"target": -2.0283179525627566, "params": {"C": 71.22976962856092, "epsilon": 0.06390141113874122, "gamma": 0.06332096770990556}, "datetime": {"datetime": "2021-09-18 11:46:13", "elapsed": 8.211513, "delta": 0.266018}}
{"target": -2.030744568040248, "params": {"C": 73.89780003344109, "epsilon": 0.11867420433547032, "gamma": 0.06928551465450786}, "datetime": {"datetime": "2021-09-18 11:46:13", "elapsed": 8.448896, "delta": 0.237383}}
{"target": -2.056526781659851, "params": {"C": 76.92767255931136, "epsilon": 0.4034449274745848, "gamma": 0.07714046410374446}, "datetime": {"datetime": "2021-09-18 11:46:13", "elapsed": 8.6599, "delta": 0.211004}}
{"target": -2.0352463972387866, "params": {"C": 72.09678148023326, "epsilon": 0.24000680521436923, "gamma": 0.05727666074734132}, "datetime": {"datetime": "2021-09-18 11:46:13", "elapsed": 8.915835, "delta": 0.255935}}
{"target": -2.0523037908378656, "params": {"C": 68.37983524507594, "epsilon": 0.30977572104232026, "gamma": 0.07973510133971477}, "datetime": {"datetime": "2021-09-18 11:46:14", "elapsed": 9.140027, "delta": 0.224192}}
{"target": -2.050036166572321, "params": {"C": 68.52816251700945, "epsilon": 0.008364851302366909, "gamma": 0.07598779887037715}, "datetime": {"datetime": "2021-09-18 11:46:14", "elapsed": 9.401908, "delta": 0.261881}}
{"target": -2.0575309965612436, "params": {"C": 68.97775586192898, "epsilon": 0.3836131216120122, "gamma": 0.07923888781036287}, "datetime": {"datetime": "2021-09-18 11:46:14", "elapsed": 9.616213, "delta": 0.214305}}
{"target": -2.023509763927206, "params": {"C": 75.84572301645171, "epsilon": 0.08558254047399959, "gamma": 0.06256358605685819}, "datetime": {"datetime": "2021-09-18 11:46:14", "elapsed": 9.853257, "delta": 0.237044}}
{"target": -2.0339856963983807, "params": {"C": 68.64720939044655, "epsilon": 0.07505819024730476, "gamma": 0.07032448465695323}, "datetime": {"datetime": "2021-09-18 11:46:15", "elapsed": 10.067255, "delta": 0.213998}}
{"target": -2.0231799262087735, "params": {"C": 73.64697264192414, "epsilon": 0.13862801172003705, "gamma": 0.0675163394325311}, "datetime": {"datetime": "2021-09-18 11:46:15", "elapsed": 10.33066, "delta": 0.263405}}
{"target": -2.0196080352343446, "params": {"C": 73.1079694458331, "epsilon": 0.13085227512349376, "gamma": 0.0653732336003521}, "datetime": {"datetime": "2021-09-18 11:46:15", "elapsed": 10.585621, "delta": 0.254961}}
{"target": -2.06721930454222, "params": {"C": 76.57280988182013, "epsilon": 0.11833744315321182, "gamma": 0.05163887618133358}, "datetime": {"datetime": "2021-09-18 11:46:15", "elapsed": 10.839612, "delta": 0.253991}}
{"target": -2.0354743774187667, "params": {"C": 70.31571600118636, "epsilon": 0.34902536286047725, "gamma": 0.06983064523575758}, "datetime": {"datetime": "2021-09-18 11:46:16", "elapsed": 11.071387, "delta": 0.231775}}
{"target": -2.0290357942072816, "params": {"C": 68.15309491529685, "epsilon": 0.13927483876477056, "gamma": 0.05934799235405004}, "datetime": {"datetime": "2021-09-18 11:46:16", "elapsed": 11.331534, "delta": 0.260147}}
{"target": -2.049917822789454, "params": {"C": 68.77623326049161, "epsilon": 0.2580923537046953, "gamma": 0.05435094499595742}, "datetime": {"datetime": "2021-09-18 11:46:16", "elapsed": 11.570531, "delta": 0.238997}}
{"target": -2.0360971822540486, "params": {"C": 70.96499985253207, "epsilon": 0.3358452397594238, "gamma": 0.0704279553723114}, "datetime": {"datetime": "2021-09-18 11:46:16", "elapsed": 11.833053, "delta": 0.262522}}
{"target": -2.060123710971936, "params": {"C": 76.80170179862726, "epsilon": 0.07277128698465907, "gamma": 0.053586381797653675}, "datetime": {"datetime": "2021-09-18 11:46:17", "elapsed": 12.12947, "delta": 0.296417}}
{"target": -2.0644620851235476, "params": {"C": 71.6551610821653, "epsilon": 0.04864301171590139, "gamma": 0.05527850410560161}, "datetime": {"datetime": "2021-09-18 11:46:17", "elapsed": 12.367202, "delta": 0.237732}}
{"target": -2.0309124662636315, "params": {"C": 69.66195602623843, "epsilon": 0.4215022972671315, "gamma": 0.06565457959983474}, "datetime": {"datetime": "2021-09-18 11:46:17", "elapsed": 12.630498, "delta": 0.263296}}
{"target": -2.0288249925307396, "params": {"C": 69.95595744161295, "epsilon": 0.13385259906456975, "gamma": 0.058713996967256675}, "datetime": {"datetime": "2021-09-18 11:46:17", "elapsed": 12.931726, "delta": 0.301228}}
{"target": -2.0595558866344197, "params": {"C": 69.37985768084977, "epsilon": 0.009119494386212495, "gamma": 0.07879579132927306}, "datetime": {"datetime": "2021-09-18 11:46:18", "elapsed": 13.227298, "delta": 0.295572}}
{"target": -2.0303766528545126, "params": {"C": 72.55150218180871, "epsilon": 0.46529604026047977, "gamma": 0.06207343872170432}, "datetime": {"datetime": "2021-09-18 11:46:18", "elapsed": 13.532338, "delta": 0.30504}}
{"target": -2.0298603629545195, "params": {"C": 75.40007410050427, "epsilon": 0.22503697678500625, "gamma": 0.07179356995313124}, "datetime": {"datetime": "2021-09-18 11:46:18", "elapsed": 13.851305, "delta": 0.318967}}
{"target": -2.043329101718865, "params": {"C": 72.1250406465813, "epsilon": 0.4556237833285741, "gamma": 0.06707132196948798}, "datetime": {"datetime": "2021-09-18 11:46:19", "elapsed": 14.13834, "delta": 0.287035}}
{"target": -2.0454542188842977, "params": {"C": 71.53882741518422, "epsilon": 0.32174269974294256, "gamma": 0.05414584996933236}, "datetime": {"datetime": "2021-09-18 11:46:19", "elapsed": 14.446564, "delta": 0.308224}}
{"target": -2.060960768958953, "params": {"C": 69.21020853772846, "epsilon": 0.44128239332261887, "gamma": 0.05028413696580529}, "datetime": {"datetime": "2021-09-18 11:46:19", "elapsed": 14.727156, "delta": 0.280592}}
{"target": -2.0364261075480803, "params": {"C": 70.8623486144966, "epsilon": 0.37925004687995156, "gamma": 0.06882490302532518}, "datetime": {"datetime": "2021-09-18 11:46:20", "elapsed": 15.037079, "delta": 0.309923}}
{"target": -2.0205685965521365, "params": {"C": 69.59096377320402, "epsilon": 0.09991185539639702, "gamma": 0.06591801283232238}, "datetime": {"datetime": "2021-09-18 11:46:20", "elapsed": 15.334116, "delta": 0.297037}}
{"target": -2.029709486145993, "params": {"C": 75.428716685286, "epsilon": 0.05810940264695299, "gamma": 0.06674926569011189}, "datetime": {"datetime": "2021-09-18 11:46:20", "elapsed": 15.638123, "delta": 0.304007}}
{"target": -2.0434936974359603, "params": {"C": 74.39158116845887, "epsilon": 0.2155481364619075, "gamma": 0.07747151201835678}, "datetime": {"datetime": "2021-09-18 11:46:20", "elapsed": 15.986485, "delta": 0.348362}}
{"target": -2.0528179612239885, "params": {"C": 72.60249202701206, "epsilon": 0.3346339894672877, "gamma": 0.07799114279584754}, "datetime": {"datetime": "2021-09-18 11:46:21", "elapsed": 16.274449, "delta": 0.287964}}
{"target": -2.045330732232298, "params": {"C": 73.36168589343404, "epsilon": 0.44679393746492363, "gamma": 0.06782335186635155}, "datetime": {"datetime": "2021-09-18 11:46:21", "elapsed": 16.674539, "delta": 0.40009}}
{"target": -2.0327778832371384, "params": {"C": 75.47985862913434, "epsilon": 0.3952744677709361, "gamma": 0.0661246690268094}, "datetime": {"datetime": "2021-09-18 11:46:21", "elapsed": 16.978393, "delta": 0.303854}}
{"target": -2.072958220750023, "params": {"C": 68.27165899276147, "epsilon": 0.11564376942450616, "gamma": 0.05336573903299281}, "datetime": {"datetime": "2021-09-18 11:46:22", "elapsed": 17.290439, "delta": 0.312046}}
{"target": -2.0429290146659222, "params": {"C": 75.13359843875025, "epsilon": 0.06794266344214542, "gamma": 0.07376784802218173}, "datetime": {"datetime": "2021-09-18 11:46:22", "elapsed": 17.61577, "delta": 0.325331}}
{"target": -2.02682007984833, "params": {"C": 74.06909161805649, "epsilon": 0.3474776491979151, "gamma": 0.06194460978400922}, "datetime": {"datetime": "2021-09-18 11:46:23", "elapsed": 18.02636, "delta": 0.41059}}
{"target": -2.070868081496574, "params": {"C": 71.5100965901079, "epsilon": 0.018515875595870486, "gamma": 0.05464550979043865}, "datetime": {"datetime": "2021-09-18 11:46:23", "elapsed": 18.312653, "delta": 0.286293}}
{"target": -2.093224458091912, "params": {"C": 68.22877239724835, "epsilon": 0.01890091296091173, "gamma": 0.05089474795627425}, "datetime": {"datetime": "2021-09-18 11:46:23", "elapsed": 18.610155, "delta": 0.297502}}
{"target": -2.074199979741118, "params": {"C": 71.51717591207867, "epsilon": 0.08845001055619998, "gamma": 0.052509666421520974}, "datetime": {"datetime": "2021-09-18 11:46:23", "elapsed": 18.894798, "delta": 0.284643}}
{"target": -2.0400945248093554, "params": {"C": 72.29855835648158, "epsilon": 0.10071784657086617, "gamma": 0.0744675564194365}, "datetime": {"datetime": "2021-09-18 11:46:24", "elapsed": 19.203764, "delta": 0.308966}}
{"target": -2.0494494280110316, "params": {"C": 75.1036650300068, "epsilon": 0.3371631990557784, "gamma": 0.07655723445020515}, "datetime": {"datetime": "2021-09-18 11:46:24", "elapsed": 19.505929, "delta": 0.302165}}
{"target": -2.0349926844779525, "params": {"C": 69.3653226067783, "epsilon": 0.4437749238442769, "gamma": 0.06602770165361586}, "datetime": {"datetime": "2021-09-18 11:46:24", "elapsed": 19.789924, "delta": 0.283995}}
{"target": -2.0330816942388483, "params": {"C": 72.35697326876806, "epsilon": 0.19643549345241137, "gamma": 0.07342341892245449}, "datetime": {"datetime": "2021-09-18 11:46:25", "elapsed": 20.078965, "delta": 0.289041}}
{"target": -2.0237458101018517, "params": {"C": 76.02014253160357, "epsilon": 0.3854949008352146, "gamma": 0.0610310823793172}, "datetime": {"datetime": "2021-09-18 11:46:25", "elapsed": 20.44995, "delta": 0.370985}}
{"target": -2.025711399726797, "params": {"C": 70.5050907455513, "epsilon": 0.36758933434344604, "gamma": 0.06525606317309066}, "datetime": {"datetime": "2021-09-18 11:46:25", "elapsed": 20.757336, "delta": 0.307386}}
{"target": -2.0666194956717607, "params": {"C": 73.75194555487843, "epsilon": 0.04839753808583282, "gamma": 0.0543049895977052}, "datetime": {"datetime": "2021-09-18 11:46:26", "elapsed": 21.063539, "delta": 0.306203}}
{"target": -2.0336764649334915, "params": {"C": 73.9591673210232, "epsilon": 0.4054765842743828, "gamma": 0.06635261839013379}, "datetime": {"datetime": "2021-09-18 11:46:26", "elapsed": 21.370048, "delta": 0.306509}}
{"target": -2.039571770922399, "params": {"C": 75.34066421507615, "epsilon": 0.20289376875280987, "gamma": 0.07635407658452108}, "datetime": {"datetime": "2021-09-18 11:46:26", "elapsed": 21.701551, "delta": 0.331503}}
{"target": -2.037176690494441, "params": {"C": 71.5871371613001, "epsilon": 0.30900309493454114, "gamma": 0.05852552321283411}, "datetime": {"datetime": "2021-09-18 11:46:27", "elapsed": 22.017509, "delta": 0.315958}}
{"target": -2.0286860403810794, "params": {"C": 68.5648357174414, "epsilon": 0.408044454745672, "gamma": 0.05958874789202882}, "datetime": {"datetime": "2021-09-18 11:46:27", "elapsed": 22.331724, "delta": 0.314215}}
{"target": -2.047779828400343, "params": {"C": 71.65643704915546, "epsilon": 0.2469518745164043, "gamma": 0.07854917719134952}, "datetime": {"datetime": "2021-09-18 11:46:27", "elapsed": 22.635757, "delta": 0.304033}}
{"target": -2.0255919696792337, "params": {"C": 75.53939671129751, "epsilon": 0.15359521692128494, "gamma": 0.06833729046384866}, "datetime": {"datetime": "2021-09-18 11:46:27", "elapsed": 22.957751, "delta": 0.321994}}
{"target": -2.072318334138547, "params": {"C": 70.65457954747193, "epsilon": 0.005980651916404158, "gamma": 0.05467265433014917}, "datetime": {"datetime": "2021-09-18 11:46:28", "elapsed": 23.282876, "delta": 0.325125}}
{"target": -2.038392903156752, "params": {"C": 76.10279163402677, "epsilon": 0.3833727996759027, "gamma": 0.0700731937443034}, "datetime": {"datetime": "2021-09-18 11:46:28", "elapsed": 23.622323, "delta": 0.339447}}
{"target": -2.0436171729324726, "params": {"C": 68.50667908033923, "epsilon": 0.31712617821451705, "gamma": 0.07603710805746355}, "datetime": {"datetime": "2021-09-18 11:46:28", "elapsed": 23.991093, "delta": 0.36877}}
{"target": -2.0514365292152825, "params": {"C": 68.69560700711234, "epsilon": 0.3968759563853984, "gamma": 0.07645237557602973}, "datetime": {"datetime": "2021-09-18 11:46:29", "elapsed": 24.307047, "delta": 0.315954}}
{"target": -2.0612783873325333, "params": {"C": 75.36654733895637, "epsilon": 0.4077847425478057, "gamma": 0.07853430937566416}, "datetime": {"datetime": "2021-09-18 11:46:29", "elapsed": 24.621578, "delta": 0.314531}}
{"target": -2.0274833180028744, "params": {"C": 74.19622868712824, "epsilon": 0.2739538398434809, "gamma": 0.062201407139147326}, "datetime": {"datetime": "2021-09-18 11:46:29", "elapsed": 24.953637, "delta": 0.332059}}
{"target": -2.0283313821532785, "params": {"C": 76.57990356927948, "epsilon": 0.16077746775186838, "gamma": 0.05647564762854231}, "datetime": {"datetime": "2021-09-18 11:46:30", "elapsed": 25.288839, "delta": 0.335202}}
