{"target": -2.0291195483001716, "params": {"C": 108.63058548269208, "epsilon": 0.09111575774569254, "gamma": 0.05195202554856779}, "datetime": {"datetime": "2021-09-19 08:31:52", "elapsed": 33.492604, "delta": 0.393984}}
{"target": -2.1476327519861353, "params": {"C": 119.15958475327989, "epsilon": 0.08931364939618144, "gamma": 0.10368659824594818}, "datetime": {"datetime": "2021-09-19 08:31:52", "elapsed": 33.943119, "delta": 0.450515}}
{"target": -2.192809199910634, "params": {"C": 129.49208057098627, "epsilon": 0.05271936873549267, "gamma": 0.11352368081772257}, "datetime": {"datetime": "2021-09-19 08:31:53", "elapsed": 34.511516, "delta": 0.568397}}
{"target": -2.1509624616569174, "params": {"C": 168.84698541253601, "epsilon": 0.09554273328985581, "gamma": 0.09914130712183482}, "datetime": {"datetime": "2021-09-19 08:31:53", "elapsed": 34.951248, "delta": 0.439732}}
{"target": -2.2267845978201106, "params": {"C": 129.53955509590915, "epsilon": 0.03770416237225861, "gamma": 0.03131163387641326}, "datetime": {"datetime": "2021-09-19 08:31:54", "elapsed": 35.425302, "delta": 0.474054}}
{"target": -2.0775552588152153, "params": {"C": 129.4281635626098, "epsilon": 0.0342449856924069, "gamma": 0.0631293598688081}, "datetime": {"datetime": "2021-09-19 08:31:55", "elapsed": 36.084306, "delta": 0.659004}}
{"target": -2.2156242574981455, "params": {"C": 119.09146710730904, "epsilon": 0.11103504579617915, "gamma": 0.03169534060555625}, "datetime": {"datetime": "2021-09-19 08:31:55", "elapsed": 36.627538, "delta": 0.543232}}
{"target": -2.3336924569302995, "params": {"C": 164.5336804940021, "epsilon": 0.04659532158939739, "gamma": 0.1419496520110959}, "datetime": {"datetime": "2021-09-19 08:31:56", "elapsed": 37.091141, "delta": 0.463603}}
{"target": -2.0500466570697555, "params": {"C": 125.37162246785002, "epsilon": 0.04958501369270132, "gamma": 0.05206675380916784}, "datetime": {"datetime": "2021-09-19 08:31:56", "elapsed": 37.735371, "delta": 0.64423}}
{"target": -2.045981475623595, "params": {"C": 117.61316768354321, "epsilon": 0.045434852681440756, "gamma": 0.053511918982236784}, "datetime": {"datetime": "2021-09-19 08:31:57", "elapsed": 38.141689, "delta": 0.406318}}
{"target": -2.112113218566867, "params": {"C": 190.42041666081207, "epsilon": 0.026981623118341392, "gamma": 0.05275970874295383}, "datetime": {"datetime": "2021-09-19 08:31:57", "elapsed": 38.610079, "delta": 0.46839}}
{"target": -2.2500682902538833, "params": {"C": 117.55973326657166, "epsilon": 0.04397147519493978, "gamma": 0.03}, "datetime": {"datetime": "2021-09-19 08:31:58", "elapsed": 39.225923, "delta": 0.615844}}
{"target": -2.0357561565001197, "params": {"C": 117.61845500846863, "epsilon": 0.09505274669292399, "gamma": 0.051351158965008276}, "datetime": {"datetime": "2021-09-19 08:31:58", "elapsed": 39.743325, "delta": 0.517402}}
{"target": -2.1549843888610294, "params": {"C": 117.59333625241227, "epsilon": 0.0950477612701382, "gamma": 0.10582016891537126}, "datetime": {"datetime": "2021-09-19 08:31:59", "elapsed": 40.533733, "delta": 0.790408}}
{"target": -2.126531755135735, "params": {"C": 117.65610106242029, "epsilon": 0.09105593148868824, "gamma": 0.0381411578546222}, "datetime": {"datetime": "2021-09-19 08:32:00", "elapsed": 41.123616, "delta": 0.589883}}
{"target": -2.1779326205263456, "params": {"C": 156.69803664019832, "epsilon": 0.05909542573977107, "gamma": 0.10512161336888744}, "datetime": {"datetime": "2021-09-19 08:32:00", "elapsed": 41.581945, "delta": 0.458329}}
{"target": -2.121861269154263, "params": {"C": 108.64997900408531, "epsilon": 0.13705550776144587, "gamma": 0.03857869766217398}, "datetime": {"datetime": "2021-09-19 08:32:01", "elapsed": 42.291761, "delta": 0.709816}}
{"target": -2.072878023323908, "params": {"C": 119.21012209463731, "epsilon": 0.07759556751946427, "gamma": 0.0796038734781124}, "datetime": {"datetime": "2021-09-19 08:32:01", "elapsed": 42.839935, "delta": 0.548174}}
{"target": -2.0602717329408566, "params": {"C": 125.29662751376561, "epsilon": 0.03784741123226029, "gamma": 0.0568743694612288}, "datetime": {"datetime": "2021-09-19 08:32:02", "elapsed": 43.421784, "delta": 0.581849}}
{"target": -2.0817175428111585, "params": {"C": 125.32246900247122, "epsilon": 0.0690868695824126, "gamma": 0.08338223793544614}, "datetime": {"datetime": "2021-09-19 08:32:03", "elapsed": 44.130767, "delta": 0.708983}}
{"target": -2.2217106838626393, "params": {"C": 125.25267100371835, "epsilon": 0.03338181325831917, "gamma": 0.12100510477427985}, "datetime": {"datetime": "2021-09-19 08:32:03", "elapsed": 44.712336, "delta": 0.581569}}
{"target": -2.103934518005805, "params": {"C": 120.42201133371891, "epsilon": 0.15, "gamma": 0.09372335073087615}, "datetime": {"datetime": "2021-09-19 08:32:04", "elapsed": 45.42628, "delta": 0.713944}}
{"target": -2.145777355784952, "params": {"C": 104.04766121232569, "epsilon": 0.08925647409727158, "gamma": 0.10463287188561317}, "datetime": {"datetime": "2021-09-19 08:32:04", "elapsed": 45.8789, "delta": 0.45262}}
{"target": -2.1761600462986306, "params": {"C": 119.1803704634838, "epsilon": 0.0510178551364626, "gamma": 0.034692554637523326}, "datetime": {"datetime": "2021-09-19 08:32:05", "elapsed": 46.512292, "delta": 0.633392}}
{"target": -2.2069135574885532, "params": {"C": 117.60641450530939, "epsilon": 0.1425885996288855, "gamma": 0.03193060156299008}, "datetime": {"datetime": "2021-09-19 08:32:06", "elapsed": 47.148357, "delta": 0.636065}}
{"target": -2.1193557931078257, "params": {"C": 120.45237228753214, "epsilon": 0.13830267904184582, "gamma": 0.03754438060765174}, "datetime": {"datetime": "2021-09-19 08:32:06", "elapsed": 47.61695, "delta": 0.468593}}
{"target": -2.1776332667191083, "params": {"C": 138.9652134632151, "epsilon": 0.027458240254758084, "gamma": 0.10547840600331247}, "datetime": {"datetime": "2021-09-19 08:32:07", "elapsed": 48.31802, "delta": 0.70107}}
{"target": -2.1260063362447226, "params": {"C": 119.21671015029423, "epsilon": 0.020499702960147744, "gamma": 0.09690766088475093}, "datetime": {"datetime": "2021-09-19 08:32:08", "elapsed": 49.040643, "delta": 0.722623}}
{"target": -2.1605002639123976, "params": {"C": 130.12787659259877, "epsilon": 0.09948423949534371, "gamma": 0.03423536355561296}, "datetime": {"datetime": "2021-09-19 08:32:08", "elapsed": 49.728339, "delta": 0.687696}}
{"target": -2.050177898379093, "params": {"C": 140.68301556732598, "epsilon": 0.11543057930559567, "gamma": 0.04775884293479904}, "datetime": {"datetime": "2021-09-19 08:32:09", "elapsed": 50.170513, "delta": 0.442174}}
{"target": -2.089169010948402, "params": {"C": 140.72487481088427, "epsilon": 0.0872976522149509, "gamma": 0.08094758581444564}, "datetime": {"datetime": "2021-09-19 08:32:09", "elapsed": 50.847294, "delta": 0.676781}}
{"target": -2.083792148295725, "params": {"C": 140.6762120992161, "epsilon": 0.04177535988007468, "gamma": 0.06942147522743256}, "datetime": {"datetime": "2021-09-19 08:32:10", "elapsed": 51.663678, "delta": 0.816384}}
{"target": -2.200879361970565, "params": {"C": 166.98166349838502, "epsilon": 0.10709085135899823, "gamma": 0.11313179618972484}, "datetime": {"datetime": "2021-09-19 08:32:11", "elapsed": 52.236781, "delta": 0.573103}}
{"target": -2.2108679878655506, "params": {"C": 140.9491965378224, "epsilon": 0.1301648103338505, "gamma": 0.12083404030202824}, "datetime": {"datetime": "2021-09-19 08:32:11", "elapsed": 52.722363, "delta": 0.485582}}
{"target": -2.2075351469483264, "params": {"C": 140.65970293723745, "epsilon": 0.09183988885115427, "gamma": 0.11808297243959257}, "datetime": {"datetime": "2021-09-19 08:32:12", "elapsed": 53.393326, "delta": 0.670963}}
{"target": -2.210917908617412, "params": {"C": 140.75898618137444, "epsilon": 0.08272932566844003, "gamma": 0.030874802270279153}, "datetime": {"datetime": "2021-09-19 08:32:13", "elapsed": 54.054404, "delta": 0.661078}}
{"target": -2.0699373891328245, "params": {"C": 119.20340101045826, "epsilon": 0.13486852624725434, "gamma": 0.08016240176585032}, "datetime": {"datetime": "2021-09-19 08:32:13", "elapsed": 54.732811, "delta": 0.678407}}
{"target": -2.14926130241182, "params": {"C": 139.9203511590875, "epsilon": 0.10352758301686243, "gamma": 0.10283792775806541}, "datetime": {"datetime": "2021-09-19 08:32:14", "elapsed": 55.56828, "delta": 0.835469}}
{"target": -2.1605072010018502, "params": {"C": 140.6532108389144, "epsilon": 0.06968941050166952, "gamma": 0.034058800643898955}, "datetime": {"datetime": "2021-09-19 08:32:15", "elapsed": 56.528929, "delta": 0.960649}}
{"target": -2.157873346604609, "params": {"C": 139.81054310217954, "epsilon": 0.13434976386916306, "gamma": 0.03323414600531761}, "datetime": {"datetime": "2021-09-19 08:32:16", "elapsed": 57.519491, "delta": 0.990562}}
{"target": -2.0555596114821078, "params": {"C": 108.33811204057277, "epsilon": 0.020845853289258885, "gamma": 0.04930998263414044}, "datetime": {"datetime": "2021-09-19 08:32:17", "elapsed": 58.275877, "delta": 0.756386}}
{"target": -2.0817306276146916, "params": {"C": 105.24493470713834, "epsilon": 0.12240419747190363, "gamma": 0.08750230967607633}, "datetime": {"datetime": "2021-09-19 08:32:17", "elapsed": 58.801746, "delta": 0.525869}}
{"target": -2.0584035492291606, "params": {"C": 105.3090924864217, "epsilon": 0.09182577764244484, "gamma": 0.07894021849455334}, "datetime": {"datetime": "2021-09-19 08:32:18", "elapsed": 59.40742, "delta": 0.605674}}
{"target": -2.4396949404648716, "params": {"C": 157.58963520890526, "epsilon": 0.12815036244561878, "gamma": 0.17435922604923795}, "datetime": {"datetime": "2021-09-19 08:32:18", "elapsed": 59.958218, "delta": 0.550798}}
{"target": -2.1714993759156616, "params": {"C": 105.32949011314446, "epsilon": 0.12947882126982868, "gamma": 0.11645719889233676}, "datetime": {"datetime": "2021-09-19 08:32:19", "elapsed": 60.778838, "delta": 0.82062}}
{"target": -2.0790819223905204, "params": {"C": 130.24120909392673, "epsilon": 0.02209966761528922, "gamma": 0.07143684796066105}, "datetime": {"datetime": "2021-09-19 08:32:20", "elapsed": 61.308988, "delta": 0.53015}}
{"target": -2.0884978974892663, "params": {"C": 145.8334007551362, "epsilon": 0.12673430283286283, "gamma": 0.08078178222574287}, "datetime": {"datetime": "2021-09-19 08:32:20", "elapsed": 61.911532, "delta": 0.602544}}
{"target": -2.0684938109686812, "params": {"C": 105.25216907215025, "epsilon": 0.0366851375518296, "gamma": 0.08018571933605334}, "datetime": {"datetime": "2021-09-19 08:32:21", "elapsed": 62.929259, "delta": 1.017727}}
{"target": -2.235663529653616, "params": {"C": 105.29513608716569, "epsilon": 0.026523612310911437, "gamma": 0.12868499441588616}, "datetime": {"datetime": "2021-09-19 08:32:22", "elapsed": 63.736819, "delta": 0.80756}}
{"target": -2.053270958058868, "params": {"C": 105.25258054981202, "epsilon": 0.07989514540625561, "gamma": 0.06671299248773477}, "datetime": {"datetime": "2021-09-19 08:32:23", "elapsed": 64.937712, "delta": 1.200893}}
{"target": -2.1450937331854183, "params": {"C": 105.26920625161127, "epsilon": 0.14701383674968732, "gamma": 0.03667427274168056}, "datetime": {"datetime": "2021-09-19 08:32:24", "elapsed": 65.624992, "delta": 0.68728}}
{"target": -2.1966670561413357, "params": {"C": 120.45033622106646, "epsilon": 0.13485707013034637, "gamma": 0.0323871427483805}, "datetime": {"datetime": "2021-09-19 08:32:25", "elapsed": 66.130166, "delta": 0.505174}}
{"target": -2.1507129247622707, "params": {"C": 125.34180766164829, "epsilon": 0.04290011649276747, "gamma": 0.03615869107659985}, "datetime": {"datetime": "2021-09-19 08:32:25", "elapsed": 66.771033, "delta": 0.640867}}
{"target": -2.0805832963122097, "params": {"C": 130.19936042457675, "epsilon": 0.02431573430126778, "gamma": 0.07431938070758211}, "datetime": {"datetime": "2021-09-19 08:32:26", "elapsed": 67.586589, "delta": 0.815556}}
{"target": -2.050636900001165, "params": {"C": 120.48052181999809, "epsilon": 0.14024796329406838, "gamma": 0.06078101820476056}, "datetime": {"datetime": "2021-09-19 08:32:27", "elapsed": 68.309409, "delta": 0.72282}}
{"target": -2.067907713394289, "params": {"C": 125.3690116866756, "epsilon": 0.05635413943125106, "gamma": 0.06029270099117234}, "datetime": {"datetime": "2021-09-19 08:32:27", "elapsed": 68.85997, "delta": 0.550561}}
{"target": -2.1526518418419585, "params": {"C": 125.40049286878907, "epsilon": 0.06844067661690922, "gamma": 0.03557576842374449}, "datetime": {"datetime": "2021-09-19 08:32:28", "elapsed": 69.746277, "delta": 0.886307}}
{"target": -2.060535590609762, "params": {"C": 120.44969052844284, "epsilon": 0.12060836032684294, "gamma": 0.06800645030699137}, "datetime": {"datetime": "2021-09-19 08:32:29", "elapsed": 70.970948, "delta": 1.224671}}
{"target": -2.0919684514109527, "params": {"C": 169.87777730357664, "epsilon": 0.05990824514834377, "gamma": 0.05221690497142085}, "datetime": {"datetime": "2021-09-19 08:32:30", "elapsed": 71.577995, "delta": 0.607047}}
{"target": -2.0985874271712173, "params": {"C": 149.9192322529455, "epsilon": 0.04830794454785678, "gamma": 0.0731184679026685}, "datetime": {"datetime": "2021-09-19 08:32:31", "elapsed": 72.195983, "delta": 0.617988}}
{"target": -2.0621569621907434, "params": {"C": 108.63130364317827, "epsilon": 0.1176497378498398, "gamma": 0.07983366585808514}, "datetime": {"datetime": "2021-09-19 08:32:32", "elapsed": 73.009469, "delta": 0.813486}}
{"target": -2.3361525710498583, "params": {"C": 125.66349426897077, "epsilon": 0.10995201885488103, "gamma": 0.15504641104072556}, "datetime": {"datetime": "2021-09-19 08:32:32", "elapsed": 73.56876, "delta": 0.559291}}
{"target": -2.281864332078506, "params": {"C": 123.43104526704441, "epsilon": 0.05046328204761064, "gamma": 0.13934989255340724}, "datetime": {"datetime": "2021-09-19 08:32:33", "elapsed": 74.170958, "delta": 0.602198}}
{"target": -2.1023912184637474, "params": {"C": 163.91616891253926, "epsilon": 0.038546367679224466, "gamma": 0.0602735819675997}, "datetime": {"datetime": "2021-09-19 08:32:33", "elapsed": 74.805589, "delta": 0.634631}}
{"target": -2.1019417541376915, "params": {"C": 159.26925274189406, "epsilon": 0.1274991186064588, "gamma": 0.08666937767784458}, "datetime": {"datetime": "2021-09-19 08:32:34", "elapsed": 75.470965, "delta": 0.665376}}
{"target": -2.055514562818621, "params": {"C": 108.30159922438823, "epsilon": 0.04105182541131083, "gamma": 0.06329673816509974}, "datetime": {"datetime": "2021-09-19 08:32:35", "elapsed": 76.309639, "delta": 0.838674}}
{"target": -2.235109802337933, "params": {"C": 105.27588582362173, "epsilon": 0.06848572814225094, "gamma": 0.031090859488059088}, "datetime": {"datetime": "2021-09-19 08:32:36", "elapsed": 77.135082, "delta": 0.825443}}
{"target": -2.1753418765359456, "params": {"C": 105.22967027208342, "epsilon": 0.09121678972950897, "gamma": 0.11440894981109623}, "datetime": {"datetime": "2021-09-19 08:32:37", "elapsed": 78.078891, "delta": 0.943809}}
{"target": -2.0463000620167033, "params": {"C": 108.62188617939982, "epsilon": 0.09593446933838135, "gamma": 0.06168496723857923}, "datetime": {"datetime": "2021-09-19 08:32:37", "elapsed": 78.682575, "delta": 0.603684}}
{"target": -2.212013967123575, "params": {"C": 184.85418238756648, "epsilon": 0.039192256579198684, "gamma": 0.11076472072033382}, "datetime": {"datetime": "2021-09-19 08:32:38", "elapsed": 79.370162, "delta": 0.687587}}
{"target": -2.228302300313017, "params": {"C": 104.93114597087894, "epsilon": 0.09260312549896914, "gamma": 0.13042721499538273}, "datetime": {"datetime": "2021-09-19 08:32:39", "elapsed": 80.022416, "delta": 0.652254}}
{"target": -2.064530387112978, "params": {"C": 140.6613328544317, "epsilon": 0.14685722643372298, "gamma": 0.06071730460892881}, "datetime": {"datetime": "2021-09-19 08:32:39", "elapsed": 80.956044, "delta": 0.933628}}
{"target": -2.136188696266466, "params": {"C": 143.63743787219593, "epsilon": 0.03996805693649591, "gamma": 0.03637591912419638}, "datetime": {"datetime": "2021-09-19 08:32:41", "elapsed": 82.11933, "delta": 1.163286}}
{"target": -2.086620218826581, "params": {"C": 143.67308471253276, "epsilon": 0.14513154702640607, "gamma": 0.08585210805444511}, "datetime": {"datetime": "2021-09-19 08:32:42", "elapsed": 83.005043, "delta": 0.885713}}
{"target": -2.039773915496346, "params": {"C": 108.6181665484663, "epsilon": 0.09858593993071188, "gamma": 0.05813040166797659}, "datetime": {"datetime": "2021-09-19 08:32:42", "elapsed": 83.595091, "delta": 0.590048}}
{"target": -2.1327368228614034, "params": {"C": 119.21786860067745, "epsilon": 0.022290946692963946, "gamma": 0.09870599767041857}, "datetime": {"datetime": "2021-09-19 08:32:43", "elapsed": 84.27602, "delta": 0.680929}}
{"target": -2.2668161975514054, "params": {"C": 192.5287904278713, "epsilon": 0.11643623616695976, "gamma": 0.12131606848540637}, "datetime": {"datetime": "2021-09-19 08:32:43", "elapsed": 84.97046, "delta": 0.69444}}
{"target": -2.0763242499881636, "params": {"C": 125.38880325920346, "epsilon": 0.026813634050713193, "gamma": 0.07051260142296872}, "datetime": {"datetime": "2021-09-19 08:32:45", "elapsed": 86.22879, "delta": 1.25833}}
{"target": -2.052033707546209, "params": {"C": 143.65718330234628, "epsilon": 0.14846523876296996, "gamma": 0.04929030980289817}, "datetime": {"datetime": "2021-09-19 08:32:46", "elapsed": 87.2942, "delta": 1.06541}}
{"target": -2.127822656377038, "params": {"C": 127.4204679816369, "epsilon": 0.07958707405598445, "gamma": 0.03749532011016555}, "datetime": {"datetime": "2021-09-19 08:32:47", "elapsed": 88.408069, "delta": 1.113869}}
{"target": -2.0869150427747267, "params": {"C": 101.3884849809636, "epsilon": 0.1169744932117846, "gamma": 0.04476644871992804}, "datetime": {"datetime": "2021-09-19 08:32:48", "elapsed": 89.067827, "delta": 0.659758}}
{"target": -2.0553376625077973, "params": {"C": 108.37985345169633, "epsilon": 0.020280400708134153, "gamma": 0.06242894379163775}, "datetime": {"datetime": "2021-09-19 08:32:49", "elapsed": 90.363421, "delta": 1.295594}}
{"target": -2.0811629925362505, "params": {"C": 125.4491771739818, "epsilon": 0.12910872923816102, "gamma": 0.08479295375828542}, "datetime": {"datetime": "2021-09-19 08:32:50", "elapsed": 91.245409, "delta": 0.881988}}
{"target": -2.1072620767240147, "params": {"C": 133.89768047797156, "epsilon": 0.06104798463028929, "gamma": 0.09173345943010824}, "datetime": {"datetime": "2021-09-19 08:32:50", "elapsed": 91.943945, "delta": 0.698536}}
{"target": -2.071570508718585, "params": {"C": 140.7134222170531, "epsilon": 0.13584952671390418, "gamma": 0.06677761667800598}, "datetime": {"datetime": "2021-09-19 08:32:51", "elapsed": 92.85805, "delta": 0.914105}}
{"target": -2.064588264416596, "params": {"C": 108.40554464995694, "epsilon": 0.04820048875460488, "gamma": 0.07603194600445592}, "datetime": {"datetime": "2021-09-19 08:32:52", "elapsed": 93.831297, "delta": 0.973247}}
{"target": -2.085305208778244, "params": {"C": 125.33733558844253, "epsilon": 0.020976609785541406, "gamma": 0.0817499918416899}, "datetime": {"datetime": "2021-09-19 08:32:53", "elapsed": 94.819529, "delta": 0.988232}}
{"target": -2.040949062700694, "params": {"C": 105.21526852220813, "epsilon": 0.06850615474036409, "gamma": 0.05949055656854726}, "datetime": {"datetime": "2021-09-19 08:32:54", "elapsed": 95.66645, "delta": 0.846921}}
{"target": -2.086788275957543, "params": {"C": 132.82953288859537, "epsilon": 0.0743466966306857, "gamma": 0.04209430663582645}, "datetime": {"datetime": "2021-09-19 08:32:55", "elapsed": 96.376907, "delta": 0.710457}}
{"target": -2.0861724521882774, "params": {"C": 112.81848153420012, "epsilon": 0.024678166164425322, "gamma": 0.08634537642306211}, "datetime": {"datetime": "2021-09-19 08:32:56", "elapsed": 97.023482, "delta": 0.646575}}
{"target": -2.025394832027687, "params": {"C": 105.2110526961101, "epsilon": 0.10214409147734806, "gamma": 0.05214921390582085}, "datetime": {"datetime": "2021-09-19 08:32:57", "elapsed": 98.323151, "delta": 1.299669}}
{"target": -2.063878884201261, "params": {"C": 108.68224683023698, "epsilon": 0.04776899207290425, "gamma": 0.06773456132088285}, "datetime": {"datetime": "2021-09-19 08:32:58", "elapsed": 99.515884, "delta": 1.192733}}
{"target": -2.4669587228602174, "params": {"C": 168.84016916861722, "epsilon": 0.14603744210995973, "gamma": 0.1857535070442796}, "datetime": {"datetime": "2021-09-19 08:32:59", "elapsed": 100.284059, "delta": 0.768175}}
{"target": -2.164937399799342, "params": {"C": 105.15531115010015, "epsilon": 0.11048988313319041, "gamma": 0.03569097049828435}, "datetime": {"datetime": "2021-09-19 08:33:00", "elapsed": 101.375061, "delta": 1.091002}}
{"target": -2.0853219179899085, "params": {"C": 143.64779211003446, "epsilon": 0.1067623625245797, "gamma": 0.040352878497465355}, "datetime": {"datetime": "2021-09-19 08:33:01", "elapsed": 102.205702, "delta": 0.830641}}
{"target": -2.073170667833689, "params": {"C": 119.16586283105728, "epsilon": 0.1469351496197694, "gamma": 0.04336472396468083}, "datetime": {"datetime": "2021-09-19 08:33:02", "elapsed": 103.564487, "delta": 1.358785}}
{"target": -2.103815636066935, "params": {"C": 108.33379430591411, "epsilon": 0.021149473760711156, "gamma": 0.09198599987391917}, "datetime": {"datetime": "2021-09-19 08:33:03", "elapsed": 104.50553, "delta": 0.941043}}
{"target": -2.0484887544297243, "params": {"C": 108.47923406086106, "epsilon": 0.02516898029923633, "gamma": 0.0595153512558143}, "datetime": {"datetime": "2021-09-19 08:33:04", "elapsed": 105.61229, "delta": 1.10676}}
{"target": -2.065374746807015, "params": {"C": 108.51205819058666, "epsilon": 0.04303363776371992, "gamma": 0.07841804596043277}, "datetime": {"datetime": "2021-09-19 08:33:05", "elapsed": 106.973796, "delta": 1.361506}}
{"target": -2.0485989702123377, "params": {"C": 120.39745367286082, "epsilon": 0.1133697592315415, "gamma": 0.05667381997129495}, "datetime": {"datetime": "2021-09-19 08:33:07", "elapsed": 108.129473, "delta": 1.155677}}
