{"target": -2.0468019589176176, "params": {"C": 71.50024210913257, "epsilon": 0.22592022265761522, "gamma": 0.05479094080581215}, "datetime": {"datetime": "2021-09-18 11:46:30", "elapsed": 25.65959, "delta": 0.370751}}
{"target": -2.0512344957423196, "params": {"C": 75.00936447908252, "epsilon": 0.4443094296403711, "gamma": 0.07007605689144851}, "datetime": {"datetime": "2021-09-18 11:46:31", "elapsed": 26.052364, "delta": 0.392774}}
{"target": -2.0331159043112175, "params": {"C": 73.8080312444602, "epsilon": 0.09774315772183059, "gamma": 0.06975582094313457}, "datetime": {"datetime": "2021-09-18 11:46:31", "elapsed": 26.410617, "delta": 0.358253}}
{"target": -2.0651251776138944, "params": {"C": 76.31568567801486, "epsilon": 0.01228562710336887, "gamma": 0.05436994486030648}, "datetime": {"datetime": "2021-09-18 11:46:31", "elapsed": 26.823614, "delta": 0.412997}}
{"target": -2.0680131680586276, "params": {"C": 69.5851850915189, "epsilon": 0.09356546965318671, "gamma": 0.0541491621733359}, "datetime": {"datetime": "2021-09-18 11:46:32", "elapsed": 27.197654, "delta": 0.37404}}
{"target": -2.0659485806111504, "params": {"C": 76.1378374994731, "epsilon": 0.027133843226029006, "gamma": 0.05401641918993303}, "datetime": {"datetime": "2021-09-18 11:46:32", "elapsed": 27.537351, "delta": 0.339697}}
{"target": -2.0413571001110977, "params": {"C": 74.44891355918169, "epsilon": 0.2664757235066291, "gamma": 0.07601042252452334}, "datetime": {"datetime": "2021-09-18 11:46:32", "elapsed": 27.932492, "delta": 0.395141}}
{"target": -2.0285315163322037, "params": {"C": 76.48393718171202, "epsilon": 0.24702242124219867, "gamma": 0.07043674824884423}, "datetime": {"datetime": "2021-09-18 11:46:33", "elapsed": 28.283493, "delta": 0.351001}}
{"target": -2.036876516399515, "params": {"C": 74.0482798019224, "epsilon": 0.09659474308286738, "gamma": 0.07246740172754546}, "datetime": {"datetime": "2021-09-18 11:46:33", "elapsed": 28.835304, "delta": 0.551811}}
{"target": -2.0243433993611206, "params": {"C": 76.92449514080317, "epsilon": 0.18972876378337702, "gamma": 0.0685670713548895}, "datetime": {"datetime": "2021-09-18 11:46:34", "elapsed": 29.265312, "delta": 0.430008}}
{"target": -2.0173298451111674, "params": {"C": 73.10282329761785, "epsilon": 0.14274353266317585, "gamma": 0.0632567553003919}, "datetime": {"datetime": "2021-09-18 11:46:34", "elapsed": 29.617329, "delta": 0.352017}}
{"target": -2.040131838204162, "params": {"C": 70.86922440834756, "epsilon": 0.3761713264194315, "gamma": 0.0706189196676592}, "datetime": {"datetime": "2021-09-18 11:46:35", "elapsed": 30.193263, "delta": 0.575934}}
{"target": -2.0265188872992326, "params": {"C": 70.18358677439664, "epsilon": 0.4166702699839544, "gamma": 0.0598596001836168}, "datetime": {"datetime": "2021-09-18 11:46:35", "elapsed": 30.636396, "delta": 0.443133}}
{"target": -2.050971434202475, "params": {"C": 74.38273160215446, "epsilon": 0.07712937240577782, "gamma": 0.07780689436662257}, "datetime": {"datetime": "2021-09-18 11:46:36", "elapsed": 31.010431, "delta": 0.374035}}
{"target": -2.0503285218401097, "params": {"C": 75.32112244638303, "epsilon": 0.04378488826241751, "gamma": 0.05615459190679215}, "datetime": {"datetime": "2021-09-18 11:46:36", "elapsed": 31.404592, "delta": 0.394161}}
{"target": -2.065267115987582, "params": {"C": 72.49427771099431, "epsilon": 0.0771676253663048, "gamma": 0.05410281333367745}, "datetime": {"datetime": "2021-09-18 11:46:36", "elapsed": 31.787462, "delta": 0.38287}}
{"target": -2.0458272618032014, "params": {"C": 76.80761420066472, "epsilon": 0.2907535745234517, "gamma": 0.05271377380740361}, "datetime": {"datetime": "2021-09-18 11:46:37", "elapsed": 32.181468, "delta": 0.394006}}
{"target": -2.0259597150257393, "params": {"C": 68.36428950910931, "epsilon": 0.25132330675017767, "gamma": 0.0631705068033435}, "datetime": {"datetime": "2021-09-18 11:46:37", "elapsed": 32.571465, "delta": 0.389997}}
{"target": -2.069772372502569, "params": {"C": 72.29607617611802, "epsilon": 0.4587023067985297, "gamma": 0.0772853395754394}, "datetime": {"datetime": "2021-09-18 11:46:38", "elapsed": 33.04847, "delta": 0.477005}}
{"target": -2.038477737987864, "params": {"C": 73.89777884037808, "epsilon": 0.12017788339508315, "gamma": 0.0744225592632075}, "datetime": {"datetime": "2021-09-18 11:46:38", "elapsed": 33.602465, "delta": 0.553995}}
{"target": -2.0284959310574555, "params": {"C": 76.4541887286191, "epsilon": 0.4501556152668292, "gamma": 0.059360045462052265}, "datetime": {"datetime": "2021-09-18 11:46:38", "elapsed": 33.991466, "delta": 0.389001}}
{"target": -2.017855990538622, "params": {"C": 73.09806012260637, "epsilon": 0.13110093286777272, "gamma": 0.06362236147015862}, "datetime": {"datetime": "2021-09-18 11:46:39", "elapsed": 34.596507, "delta": 0.605041}}
{"target": -2.0323380354933214, "params": {"C": 69.79849513211094, "epsilon": 0.14241447567820226, "gamma": 0.07219765986698831}, "datetime": {"datetime": "2021-09-18 11:46:40", "elapsed": 35.05593, "delta": 0.459423}}
{"target": -2.0397049226454627, "params": {"C": 68.18675511328067, "epsilon": 0.259361115268884, "gamma": 0.07540477089087633}, "datetime": {"datetime": "2021-09-18 11:46:40", "elapsed": 35.496963, "delta": 0.441033}}
{"target": -2.0262102098647374, "params": {"C": 76.59897172732268, "epsilon": 0.31224086099216436, "gamma": 0.06319763550081677}, "datetime": {"datetime": "2021-09-18 11:46:40", "elapsed": 35.948366, "delta": 0.451403}}
{"target": -2.067923002985354, "params": {"C": 70.15953336662663, "epsilon": 0.010405272424018095, "gamma": 0.056035624150198575}, "datetime": {"datetime": "2021-09-18 11:46:41", "elapsed": 36.365056, "delta": 0.41669}}
{"target": -2.0264072637456416, "params": {"C": 73.10780926992796, "epsilon": 0.13805718334372455, "gamma": 0.058029580393052956}, "datetime": {"datetime": "2021-09-18 11:46:41", "elapsed": 36.920973, "delta": 0.555917}}
{"target": -2.024524970022511, "params": {"C": 74.02834971485466, "epsilon": 0.3155270648923936, "gamma": 0.06467031697465733}, "datetime": {"datetime": "2021-09-18 11:46:42", "elapsed": 37.341971, "delta": 0.420998}}
{"target": -2.030330223696022, "params": {"C": 71.68542768840402, "epsilon": 0.39859331720186175, "gamma": 0.06602953652388734}, "datetime": {"datetime": "2021-09-18 11:46:42", "elapsed": 37.741127, "delta": 0.399156}}
{"target": -2.0171264680230654, "params": {"C": 69.68866698316906, "epsilon": 0.15817444325138066, "gamma": 0.06532739799251726}, "datetime": {"datetime": "2021-09-18 11:46:43", "elapsed": 38.349395, "delta": 0.608268}}
{"target": -2.0178728693801973, "params": {"C": 69.68923813567623, "epsilon": 0.1690569938020716, "gamma": 0.06322004287873557}, "datetime": {"datetime": "2021-09-18 11:46:43", "elapsed": 38.904032, "delta": 0.554637}}
{"target": -2.030646712039545, "params": {"C": 69.68043980688884, "epsilon": 0.1607799985822677, "gamma": 0.0717063359792642}, "datetime": {"datetime": "2021-09-18 11:46:44", "elapsed": 39.517113, "delta": 0.613081}}
{"target": -2.0311192945113787, "params": {"C": 69.67213021954241, "epsilon": 0.1531192148142351, "gamma": 0.05848605492123583}, "datetime": {"datetime": "2021-09-18 11:46:45", "elapsed": 40.150116, "delta": 0.633003}}
{"target": -2.0229868017783925, "params": {"C": 69.68050922285387, "epsilon": 0.17403290227513551, "gamma": 0.06852303689271294}, "datetime": {"datetime": "2021-09-18 11:46:45", "elapsed": 40.917117, "delta": 0.767001}}
{"target": -2.0285737653016627, "params": {"C": 69.59190020363688, "epsilon": 0.11482854004803049, "gamma": 0.06944164977421631}, "datetime": {"datetime": "2021-09-18 11:46:46", "elapsed": 41.558902, "delta": 0.641785}}
{"target": -2.062513696341714, "params": {"C": 69.68607161323344, "epsilon": 0.16443476514084074, "gamma": 0.05367707662642597}, "datetime": {"datetime": "2021-09-18 11:46:47", "elapsed": 42.20359, "delta": 0.644688}}
{"target": -2.0203494761454963, "params": {"C": 69.69414854360205, "epsilon": 0.15906073455399186, "gamma": 0.06741991999470373}, "datetime": {"datetime": "2021-09-18 11:46:47", "elapsed": 42.897735, "delta": 0.694145}}
{"target": -2.0257110256620616, "params": {"C": 69.92376563401584, "epsilon": 0.06993105840478529, "gamma": 0.06293704431727089}, "datetime": {"datetime": "2021-09-18 11:46:48", "elapsed": 43.404818, "delta": 0.507083}}
{"target": -2.0486020847266553, "params": {"C": 73.18306716880147, "epsilon": 0.39134130480422763, "gamma": 0.07547515753810081}, "datetime": {"datetime": "2021-09-18 11:46:48", "elapsed": 43.909298, "delta": 0.50448}}
{"target": -2.026490660633947, "params": {"C": 73.10218904607594, "epsilon": 0.12976222209210164, "gamma": 0.0580880229868097}, "datetime": {"datetime": "2021-09-18 11:46:49", "elapsed": 44.567037, "delta": 0.657739}}
{"target": -2.0371444145372295, "params": {"C": 73.1094335186743, "epsilon": 0.1402018225273544, "gamma": 0.0743533952570045}, "datetime": {"datetime": "2021-09-18 11:46:50", "elapsed": 45.192696, "delta": 0.625659}}
{"target": -2.025436987298906, "params": {"C": 72.12500606796226, "epsilon": 0.38624349019830617, "gamma": 0.05896149098101345}, "datetime": {"datetime": "2021-09-18 11:46:50", "elapsed": 45.662465, "delta": 0.469769}}
{"target": -2.0187627509630475, "params": {"C": 73.64058706262429, "epsilon": 0.1465665742962768, "gamma": 0.06519374478333197}, "datetime": {"datetime": "2021-09-18 11:46:51", "elapsed": 46.360557, "delta": 0.698092}}
{"target": -2.0228815726872886, "params": {"C": 69.69666361069592, "epsilon": 0.1743667335025997, "gamma": 0.06851317522361107}, "datetime": {"datetime": "2021-09-18 11:46:52", "elapsed": 47.087579, "delta": 0.727022}}
{"target": -2.0170648858378306, "params": {"C": 73.65510703395476, "epsilon": 0.1473952060464493, "gamma": 0.06352374234659292}, "datetime": {"datetime": "2021-09-18 11:46:52", "elapsed": 47.995101, "delta": 0.907522}}
{"target": -2.0287628125458506, "params": {"C": 72.79844679508605, "epsilon": 0.2919511801683946, "gamma": 0.06898781241619559}, "datetime": {"datetime": "2021-09-18 11:46:53", "elapsed": 48.449439, "delta": 0.454338}}
{"target": -2.0175258933059834, "params": {"C": 73.64546104643881, "epsilon": 0.1430055072988773, "gamma": 0.06004573439028522}, "datetime": {"datetime": "2021-09-18 11:46:54", "elapsed": 49.243946, "delta": 0.794507}}
{"target": -2.017064595214067, "params": {"C": 73.6438776976024, "epsilon": 0.15401402701912478, "gamma": 0.06297515632479235}, "datetime": {"datetime": "2021-09-18 11:46:54", "elapsed": 49.863243, "delta": 0.619297}}
{"target": -2.03553266134726, "params": {"C": 69.66453576333643, "epsilon": 0.16315074443502323, "gamma": 0.05774793135932535}, "datetime": {"datetime": "2021-09-18 11:46:55", "elapsed": 50.614985, "delta": 0.751742}}
{"target": -2.0327570341840704, "params": {"C": 73.10049343162409, "epsilon": 0.12344993270296027, "gamma": 0.07198733904451256}, "datetime": {"datetime": "2021-09-18 11:46:56", "elapsed": 51.393489, "delta": 0.778504}}
{"target": -2.0175382307690723, "params": {"C": 73.09257708367842, "epsilon": 0.13770323028108808, "gamma": 0.06367596866569093}, "datetime": {"datetime": "2021-09-18 11:46:57", "elapsed": 52.14611, "delta": 0.752621}}
{"target": -2.017188819024368, "params": {"C": 73.65588173276767, "epsilon": 0.15828962610931568, "gamma": 0.06431480970944992}, "datetime": {"datetime": "2021-09-18 11:46:57", "elapsed": 52.812079, "delta": 0.665969}}
{"target": -2.0436892421675537, "params": {"C": 69.59618086498095, "epsilon": 0.1008304653512894, "gamma": 0.07581457204151436}, "datetime": {"datetime": "2021-09-18 11:46:58", "elapsed": 53.668524, "delta": 0.856445}}
{"target": -2.053127552489216, "params": {"C": 74.28899995732189, "epsilon": 0.14566968253403756, "gamma": 0.05392063028907427}, "datetime": {"datetime": "2021-09-18 11:46:59", "elapsed": 54.145318, "delta": 0.476794}}
{"target": -2.0319459645355367, "params": {"C": 72.49273090276509, "epsilon": 0.10390860037228439, "gamma": 0.05760914139458856}, "datetime": {"datetime": "2021-09-18 11:46:59", "elapsed": 54.692394, "delta": 0.547076}}
{"target": -2.0544674948022354, "params": {"C": 73.65523304984995, "epsilon": 0.13799906900647776, "gamma": 0.054050003143350116}, "datetime": {"datetime": "2021-09-18 11:47:00", "elapsed": 55.742473, "delta": 1.050079}}
{"target": -2.0383802228430654, "params": {"C": 70.30971448420738, "epsilon": 0.32582726787757166, "gamma": 0.07206701371306921}, "datetime": {"datetime": "2021-09-18 11:47:01", "elapsed": 56.276044, "delta": 0.533571}}
{"target": -2.028555340977207, "params": {"C": 70.108794074034, "epsilon": 0.1116678153713983, "gamma": 0.06929703986236599}, "datetime": {"datetime": "2021-09-18 11:47:01", "elapsed": 56.794965, "delta": 0.518921}}
{"target": -2.0338329851553496, "params": {"C": 76.60937598948566, "epsilon": 0.3153011552119406, "gamma": 0.07133532504898064}, "datetime": {"datetime": "2021-09-18 11:47:02", "elapsed": 57.616855, "delta": 0.82189}}
{"target": -2.036703425073083, "params": {"C": 73.65534986570292, "epsilon": 0.15183098593239963, "gamma": 0.07440747060296965}, "datetime": {"datetime": "2021-09-18 11:47:03", "elapsed": 58.492816, "delta": 0.875961}}
{"target": -2.027052675019046, "params": {"C": 73.3958862060912, "epsilon": 0.059284594724869036, "gamma": 0.06581435700480101}, "datetime": {"datetime": "2021-09-18 11:47:04", "elapsed": 59.195417, "delta": 0.702601}}
{"target": -2.027605580919379, "params": {"C": 69.69380776007107, "epsilon": 0.1662230142070326, "gamma": 0.07064357008132956}, "datetime": {"datetime": "2021-09-18 11:47:04", "elapsed": 59.864633, "delta": 0.669216}}
{"target": -2.032643010645961, "params": {"C": 73.63135277148355, "epsilon": 0.15702559347972284, "gamma": 0.05679777679858991}, "datetime": {"datetime": "2021-09-18 11:47:05", "elapsed": 60.717656, "delta": 0.853023}}
{"target": -2.025399093848391, "params": {"C": 73.09122211801204, "epsilon": 0.148113016990182, "gamma": 0.06891774231450587}, "datetime": {"datetime": "2021-09-18 11:47:06", "elapsed": 61.562422, "delta": 0.844766}}
{"target": -2.0256096495306375, "params": {"C": 75.63687641488099, "epsilon": 0.07109212368511526, "gamma": 0.06425259777417655}, "datetime": {"datetime": "2021-09-18 11:47:07", "elapsed": 62.150908, "delta": 0.588486}}
{"target": -2.024265504883522, "params": {"C": 68.4438031373791, "epsilon": 0.2633712517962889, "gamma": 0.06772244970506754}, "datetime": {"datetime": "2021-09-18 11:47:07", "elapsed": 62.656056, "delta": 0.505148}}
{"target": -2.040007633043595, "params": {"C": 73.38515623147288, "epsilon": 0.06741583146840495, "gamma": 0.07274346425212605}, "datetime": {"datetime": "2021-09-18 11:47:08", "elapsed": 63.455829, "delta": 0.799773}}
{"target": -2.0452060754602686, "params": {"C": 73.38433131119746, "epsilon": 0.04958580441966007, "gamma": 0.07409851243081149}, "datetime": {"datetime": "2021-09-18 11:47:09", "elapsed": 64.29278, "delta": 0.836951}}
{"target": -2.0294352103037654, "params": {"C": 73.09716934387583, "epsilon": 0.1356714785450635, "gamma": 0.06974912236183776}, "datetime": {"datetime": "2021-09-18 11:47:10", "elapsed": 65.201825, "delta": 0.909045}}
{"target": -2.0279461152949416, "params": {"C": 73.08940368430794, "epsilon": 0.14126317893487833, "gamma": 0.05778088777428718}, "datetime": {"datetime": "2021-09-18 11:47:11", "elapsed": 66.096903, "delta": 0.895078}}
{"target": -2.0561191046940936, "params": {"C": 75.8462659811323, "epsilon": 0.07524814463873436, "gamma": 0.05430457560595284}, "datetime": {"datetime": "2021-09-18 11:47:11", "elapsed": 66.930815, "delta": 0.833912}}
{"target": -2.0271316511825894, "params": {"C": 76.32759113850841, "epsilon": 0.34917045020105514, "gamma": 0.06611460032095406}, "datetime": {"datetime": "2021-09-18 11:47:12", "elapsed": 67.519075, "delta": 0.58826}}
{"target": -2.030374372737009, "params": {"C": 76.91894249155631, "epsilon": 0.1989644755871828, "gamma": 0.0719440658772374}, "datetime": {"datetime": "2021-09-18 11:47:13", "elapsed": 68.606616, "delta": 1.087541}}
{"target": -2.0648194424858017, "params": {"C": 73.6569904635408, "epsilon": 0.15806551911862338, "gamma": 0.05213257599917015}, "datetime": {"datetime": "2021-09-18 11:47:14", "elapsed": 69.405264, "delta": 0.798648}}
{"target": -2.0315905234603995, "params": {"C": 73.65279508723427, "epsilon": 0.16643899340930454, "gamma": 0.07250547717487876}, "datetime": {"datetime": "2021-09-18 11:47:15", "elapsed": 70.471965, "delta": 1.066701}}
{"target": -2.0524360889232574, "params": {"C": 68.12496364828672, "epsilon": 0.3511081755624245, "gamma": 0.05260584389175201}, "datetime": {"datetime": "2021-09-18 11:47:16", "elapsed": 71.029401, "delta": 0.557436}}
{"target": -2.0185400024170117, "params": {"C": 69.69305070752007, "epsilon": 0.18502206937620158, "gamma": 0.0664391988394978}, "datetime": {"datetime": "2021-09-18 11:47:16", "elapsed": 71.971017, "delta": 0.941616}}
{"target": -2.038328316699118, "params": {"C": 70.72704480601479, "epsilon": 0.36338204485053277, "gamma": 0.0703929639924627}, "datetime": {"datetime": "2021-09-18 11:47:17", "elapsed": 72.510006, "delta": 0.538989}}
{"target": -2.017067623794199, "params": {"C": 71.05079124301744, "epsilon": 0.14977274466904142, "gamma": 0.06089413989943087}, "datetime": {"datetime": "2021-09-18 11:47:18", "elapsed": 73.144604, "delta": 0.634598}}
{"target": -2.01903744998074, "params": {"C": 73.08480125490318, "epsilon": 0.1292529791109792, "gamma": 0.06479354064954443}, "datetime": {"datetime": "2021-09-18 11:47:19", "elapsed": 74.429913, "delta": 1.285309}}
{"target": -2.027332067591134, "params": {"C": 75.78311784272273, "epsilon": 0.31675252926060815, "gamma": 0.06738995296030117}, "datetime": {"datetime": "2021-09-18 11:47:20", "elapsed": 75.00624, "delta": 0.576327}}
{"target": -2.054759637279205, "params": {"C": 71.05108525378948, "epsilon": 0.16024968791327188, "gamma": 0.05454500750685434}, "datetime": {"datetime": "2021-09-18 11:47:20", "elapsed": 75.857227, "delta": 0.850987}}
{"target": -2.017251588611757, "params": {"C": 71.04224319335856, "epsilon": 0.145322834554293, "gamma": 0.0639107640324032}, "datetime": {"datetime": "2021-09-18 11:47:21", "elapsed": 76.567992, "delta": 0.710765}}
{"target": -2.064484356641237, "params": {"C": 70.95465795997359, "epsilon": 0.19764810787046852, "gamma": 0.052134289406322316}, "datetime": {"datetime": "2021-09-18 11:47:22", "elapsed": 77.16788, "delta": 0.599888}}
{"target": -2.0428131969601027, "params": {"C": 69.153663338078, "epsilon": 0.01884139819193116, "gamma": 0.05994330172171684}, "datetime": {"datetime": "2021-09-18 11:47:22", "elapsed": 77.788802, "delta": 0.620922}}
{"target": -2.02114735699068, "params": {"C": 69.703277327236, "epsilon": 0.1870818672102162, "gamma": 0.06076841037036318}, "datetime": {"datetime": "2021-09-18 11:47:23", "elapsed": 78.804619, "delta": 1.015817}}
{"target": -2.0193970174203897, "params": {"C": 73.64859949605082, "epsilon": 0.14910368605314905, "gamma": 0.0659304284020075}, "datetime": {"datetime": "2021-09-18 11:47:24", "elapsed": 79.849064, "delta": 1.044445}}
{"target": -2.069143135216566, "params": {"C": 74.19561522517554, "epsilon": 0.455734791595855, "gamma": 0.07748591300781404}, "datetime": {"datetime": "2021-09-18 11:47:25", "elapsed": 80.425106, "delta": 0.576042}}
{"target": -2.020023085216349, "params": {"C": 69.68445579897983, "epsilon": 0.1830930232730895, "gamma": 0.061932955818948476}, "datetime": {"datetime": "2021-09-18 11:47:26", "elapsed": 81.532384, "delta": 1.107278}}
{"target": -2.017134135499368, "params": {"C": 71.045614643566, "epsilon": 0.1398758612094004, "gamma": 0.061396991074545854}, "datetime": {"datetime": "2021-09-18 11:47:27", "elapsed": 82.843372, "delta": 1.310988}}
{"target": -2.032158940021818, "params": {"C": 69.70380040801972, "epsilon": 0.18726867451482218, "gamma": 0.07255637364044663}, "datetime": {"datetime": "2021-09-18 11:47:28", "elapsed": 83.804716, "delta": 0.961344}}
{"target": -2.022191816690489, "params": {"C": 71.04825407919851, "epsilon": 0.15335048482080846, "gamma": 0.06788889942855388}, "datetime": {"datetime": "2021-09-18 11:47:29", "elapsed": 84.769765, "delta": 0.965049}}
{"target": -2.018153078550853, "params": {"C": 73.08940082695906, "epsilon": 0.12344054779691327, "gamma": 0.0627708340253212}, "datetime": {"datetime": "2021-09-18 11:47:30", "elapsed": 85.853449, "delta": 1.083684}}
{"target": -2.02095123648491, "params": {"C": 73.08351872712379, "epsilon": 0.11444230473505274, "gamma": 0.0656562609299037}, "datetime": {"datetime": "2021-09-18 11:47:32", "elapsed": 87.039667, "delta": 1.186218}}
{"target": -2.0236486728566474, "params": {"C": 69.82390741379778, "epsilon": 0.23689028840893914, "gamma": 0.06888929130181691}, "datetime": {"datetime": "2021-09-18 11:47:32", "elapsed": 87.660191, "delta": 0.620524}}
{"target": -2.0443632438936716, "params": {"C": 71.04991301221091, "epsilon": 0.14367547931871832, "gamma": 0.07704574024048458}, "datetime": {"datetime": "2021-09-18 11:47:34", "elapsed": 89.076894, "delta": 1.416703}}
{"target": -2.052691490470451, "params": {"C": 74.62413756816349, "epsilon": 0.45947809569363857, "gamma": 0.05101008094040569}, "datetime": {"datetime": "2021-09-18 11:47:34", "elapsed": 89.759328, "delta": 0.682434}}
{"target": -2.0176102049958726, "params": {"C": 71.03488686275246, "epsilon": 0.13639791675204208, "gamma": 0.06201141874640267}, "datetime": {"datetime": "2021-09-18 11:47:35", "elapsed": 90.666187, "delta": 0.906859}}
{"target": -2.028226743496544, "params": {"C": 75.83927287330305, "epsilon": 0.09893373067575804, "gamma": 0.06742354929667625}, "datetime": {"datetime": "2021-09-18 11:47:36", "elapsed": 91.724893, "delta": 1.058706}}
{"target": -2.018413038384105, "params": {"C": 71.02590075220749, "epsilon": 0.14309015926475205, "gamma": 0.06580893449115983}, "datetime": {"datetime": "2021-09-18 11:47:37", "elapsed": 92.879962, "delta": 1.155069}}
