{"target": -12.483371070301894, "params": {"C": 64.27140110366281, "epsilon": 0.10004089860629697, "gamma": 0.14435615360358328}, "datetime": {"datetime": "2021-09-27 15:30:54", "elapsed": 33.344454, "delta": 0.347576}}
{"target": -10.80555812464542, "params": {"C": 20.884467086932073, "epsilon": 0.10147096382699228, "gamma": 0.022559782099954795}, "datetime": {"datetime": "2021-09-27 15:30:54", "elapsed": 33.945838, "delta": 0.601384}}
{"target": -11.115785083603654, "params": {"C": 21.491853622353105, "epsilon": 0.8347305179646605, "gamma": 0.017095795364983367}, "datetime": {"datetime": "2021-09-27 15:30:55", "elapsed": 34.617271, "delta": 0.671433}}
{"target": -12.09988166077833, "params": {"C": 60.590231114500114, "epsilon": 0.44209273456389486, "gamma": 0.12176549498073563}, "datetime": {"datetime": "2021-09-27 15:30:56", "elapsed": 35.305854, "delta": 0.688583}}
{"target": -14.96580507009674, "params": {"C": 31.992692837775877, "epsilon": 0.3654364392211514, "gamma": 0.32346183969501174}, "datetime": {"datetime": "2021-09-27 15:30:56", "elapsed": 35.818899, "delta": 0.513045}}
{"target": -10.826356189238236, "params": {"C": 60.57392168451715, "epsilon": 0.14178897281286357, "gamma": 0.07779277081246308}, "datetime": {"datetime": "2021-09-27 15:30:57", "elapsed": 36.441079, "delta": 0.62218}}
{"target": -13.780391472480355, "params": {"C": 20.933818219826602, "epsilon": 0.2502628331042297, "gamma": 0.2577099662598504}, "datetime": {"datetime": "2021-09-27 15:30:57", "elapsed": 36.948507, "delta": 0.507428}}
{"target": -12.177603628501329, "params": {"C": 30.20037502219117, "epsilon": 0.00949716082155503, "gamma": 0.15659938919396732}, "datetime": {"datetime": "2021-09-27 15:30:58", "elapsed": 37.299549, "delta": 0.351042}}
{"target": -11.37608895834639, "params": {"C": 43.477181801953805, "epsilon": 0.9575585686488934, "gamma": 0.09159963047048021}, "datetime": {"datetime": "2021-09-27 15:30:58", "elapsed": 37.87977, "delta": 0.580221}}
{"target": -12.941071523403327, "params": {"C": 9.544279627865157, "epsilon": 0.5474972460611296, "gamma": 0.1300004324883483}, "datetime": {"datetime": "2021-09-27 15:30:59", "elapsed": 38.213894, "delta": 0.334124}}
{"target": -15.184697406420625, "params": {"C": 60.80247629485589, "epsilon": 0.21351094021845488, "gamma": 0.3078735741438174}, "datetime": {"datetime": "2021-09-27 15:30:59", "elapsed": 38.969157, "delta": 0.755263}}
{"target": -10.76890059907588, "params": {"C": 44.08127390420413, "epsilon": 0.4368427636657221, "gamma": 0.07739187166199156}, "datetime": {"datetime": "2021-09-27 15:31:00", "elapsed": 39.661512, "delta": 0.692355}}
{"target": -10.848359507523675, "params": {"C": 20.43962595789901, "epsilon": 0.4430277176323282, "gamma": 0.07499980587727546}, "datetime": {"datetime": "2021-09-27 15:31:01", "elapsed": 40.153806, "delta": 0.492294}}
{"target": -11.464174111677753, "params": {"C": 31.600346120036715, "epsilon": 0.43656003153489314, "gamma": 0.006403219168668761}, "datetime": {"datetime": "2021-09-27 15:31:01", "elapsed": 40.941373, "delta": 0.787567}}
{"target": -10.55792674130545, "params": {"C": 32.754335911465894, "epsilon": 0.5251924875609096, "gamma": 0.045769290956847286}, "datetime": {"datetime": "2021-09-27 15:31:02", "elapsed": 41.523869, "delta": 0.582496}}
{"target": -15.241815368373345, "params": {"C": 20.49847497756249, "epsilon": 0.6016247145530284, "gamma": 0.33236334860389466}, "datetime": {"datetime": "2021-09-27 15:31:03", "elapsed": 42.09092, "delta": 0.567051}}
{"target": -14.940633581172222, "params": {"C": 21.720076728137382, "epsilon": 0.3537544940571417, "gamma": 0.001}, "datetime": {"datetime": "2021-09-27 15:31:03", "elapsed": 42.661945, "delta": 0.571025}}
{"target": -14.675373715678699, "params": {"C": 44.02300365656939, "epsilon": 0.23835428647510254, "gamma": 0.28975558887592706}, "datetime": {"datetime": "2021-09-27 15:31:04", "elapsed": 43.329509, "delta": 0.667564}}
{"target": -12.292181683335093, "params": {"C": 18.437036006707775, "epsilon": 0.1964570602212255, "gamma": 0.13916710037208557}, "datetime": {"datetime": "2021-09-27 15:31:04", "elapsed": 43.672711, "delta": 0.343202}}
{"target": -12.575635928542784, "params": {"C": 90.51621249420397, "epsilon": 0.05465108842479268, "gamma": 0.13474675902476987}, "datetime": {"datetime": "2021-09-27 15:31:05", "elapsed": 44.055758, "delta": 0.383047}}
{"target": -14.58320557335337, "params": {"C": 32.431201026396664, "epsilon": 0.46884944973805154, "gamma": 0.27867509826137243}, "datetime": {"datetime": "2021-09-27 15:31:06", "elapsed": 45.179386, "delta": 1.123628}}
{"target": -10.797022796782995, "params": {"C": 21.140424560363396, "epsilon": 0.016896780644825755, "gamma": 0.056439167377029656}, "datetime": {"datetime": "2021-09-27 15:31:06", "elapsed": 45.693975, "delta": 0.514589}}
{"target": -10.61979966265049, "params": {"C": 27.61562967460602, "epsilon": 0.6996537415847013, "gamma": 0.057114795371294894}, "datetime": {"datetime": "2021-09-27 15:31:07", "elapsed": 46.303079, "delta": 0.609104}}
{"target": -10.472726283249067, "params": {"C": 43.32018438344105, "epsilon": 0.13164834016804933, "gamma": 0.06698736759251021}, "datetime": {"datetime": "2021-09-27 15:31:08", "elapsed": 47.421831, "delta": 1.118752}}
{"target": -16.620820245959315, "params": {"C": 57.131056273796354, "epsilon": 0.30143331010793306, "gamma": 0.4424499515030502}, "datetime": {"datetime": "2021-09-27 15:31:08", "elapsed": 47.787237, "delta": 0.365406}}
{"target": -14.05083176512074, "params": {"C": 21.169764875330436, "epsilon": 0.9896680326571035, "gamma": 0.2210645922141353}, "datetime": {"datetime": "2021-09-27 15:31:09", "elapsed": 48.607127, "delta": 0.81989}}
{"target": -11.599518193919964, "params": {"C": 42.92737343389441, "epsilon": 0.1287118471516563, "gamma": 0.11443719673787607}, "datetime": {"datetime": "2021-09-27 15:31:10", "elapsed": 49.297918, "delta": 0.690791}}
{"target": -15.138119836421392, "params": {"C": 43.435476069153005, "epsilon": 0.7735815738435672, "gamma": 0.28586273557773284}, "datetime": {"datetime": "2021-09-27 15:31:10", "elapsed": 49.940486, "delta": 0.642568}}
{"target": -14.957082371457343, "params": {"C": 20.278678145680335, "epsilon": 0.1999920983196864, "gamma": 0.001}, "datetime": {"datetime": "2021-09-27 15:31:11", "elapsed": 50.584684, "delta": 0.644198}}
{"target": -14.578917262754807, "params": {"C": 30.7817175179088, "epsilon": 0.3961372930643241, "gamma": 0.001}, "datetime": {"datetime": "2021-09-27 15:31:12", "elapsed": 51.51397, "delta": 0.929286}}
{"target": -14.959667581050763, "params": {"C": 21.342180317356288, "epsilon": 0.2349932473240229, "gamma": 0.001}, "datetime": {"datetime": "2021-09-27 15:31:13", "elapsed": 52.626107, "delta": 1.112137}}
{"target": -18.656172485524202, "params": {"C": 5.007184600202436, "epsilon": 0.53320936633211, "gamma": 0.43957787655133856}, "datetime": {"datetime": "2021-09-27 15:31:13", "elapsed": 53.001547, "delta": 0.37544}}
{"target": -21.377717623983152, "params": {"C": 48.25683793729824, "epsilon": 0.9758837702814769, "gamma": 0.9096018078621322}, "datetime": {"datetime": "2021-09-27 15:31:14", "elapsed": 53.376244, "delta": 0.374697}}
{"target": -12.836291110869647, "params": {"C": 32.64755980040124, "epsilon": 0.8193251396095518, "gamma": 0.002459084167113947}, "datetime": {"datetime": "2021-09-27 15:31:15", "elapsed": 54.019931, "delta": 0.643687}}
{"target": -14.577521721963757, "params": {"C": 31.399435031927407, "epsilon": 0.4915881079094169, "gamma": 0.27871156295595123}, "datetime": {"datetime": "2021-09-27 15:31:15", "elapsed": 54.664954, "delta": 0.645023}}
{"target": -14.78873132613043, "params": {"C": 31.40981168828223, "epsilon": 0.9802271966343374, "gamma": 0.001}, "datetime": {"datetime": "2021-09-27 15:31:16", "elapsed": 55.388635, "delta": 0.723681}}
{"target": -14.22083019102685, "params": {"C": 43.367075356444005, "epsilon": 0.3753495009172463, "gamma": 0.001}, "datetime": {"datetime": "2021-09-27 15:31:17", "elapsed": 56.266116, "delta": 0.877481}}
{"target": -14.40801125422875, "params": {"C": 43.20093899731535, "epsilon": 0.030430447488024176, "gamma": 0.28594089428348207}, "datetime": {"datetime": "2021-09-27 15:31:18", "elapsed": 57.239112, "delta": 0.972996}}
{"target": -11.521008287105268, "params": {"C": 41.276185411652726, "epsilon": 0.734347297894539, "gamma": 0.10535931818743668}, "datetime": {"datetime": "2021-09-27 15:31:18", "elapsed": 57.628046, "delta": 0.388934}}
{"target": -12.846752592320602, "params": {"C": 43.84037811244698, "epsilon": 0.5591467505346283, "gamma": 0.16154289705651487}, "datetime": {"datetime": "2021-09-27 15:31:19", "elapsed": 58.28906, "delta": 0.661014}}
{"target": -10.736673560735781, "params": {"C": 43.151186757828526, "epsilon": 0.006651442983177774, "gamma": 0.017538368047226145}, "datetime": {"datetime": "2021-09-27 15:31:19", "elapsed": 58.916982, "delta": 0.627922}}
{"target": -10.971788880226947, "params": {"C": 60.75723079538045, "epsilon": 0.8340913730825126, "gamma": 0.06843545332747893}, "datetime": {"datetime": "2021-09-27 15:31:20", "elapsed": 59.626529, "delta": 0.709547}}
{"target": -18.0465005092672, "params": {"C": 41.53970457244417, "epsilon": 0.8475741963347434, "gamma": 0.5347835662454482}, "datetime": {"datetime": "2021-09-27 15:31:20", "elapsed": 60.014746, "delta": 0.388217}}
{"target": -15.67938421717888, "params": {"C": 60.836810955957674, "epsilon": 0.8134314680654208, "gamma": 0.30224238032387046}, "datetime": {"datetime": "2021-09-27 15:31:21", "elapsed": 60.619976, "delta": 0.60523}}
{"target": -20.872250231309135, "params": {"C": 53.38161973800926, "epsilon": 0.142346425419069, "gamma": 0.9292243514490911}, "datetime": {"datetime": "2021-09-27 15:31:22", "elapsed": 61.089856, "delta": 0.46988}}
{"target": -12.712886396219176, "params": {"C": 87.67213599978409, "epsilon": 0.5813177351992953, "gamma": 0.12431450162232842}, "datetime": {"datetime": "2021-09-27 15:31:22", "elapsed": 61.990117, "delta": 0.900261}}
{"target": -14.182442437436348, "params": {"C": 58.776435256784936, "epsilon": 0.53858724595453, "gamma": 0.2116257739821045}, "datetime": {"datetime": "2021-09-27 15:31:23", "elapsed": 62.413937, "delta": 0.42382}}
{"target": -14.735178611573838, "params": {"C": 31.801401651340456, "epsilon": 0.001, "gamma": 0.001}, "datetime": {"datetime": "2021-09-27 15:31:24", "elapsed": 63.2999, "delta": 0.885963}}
{"target": -11.214306106302036, "params": {"C": 44.37809966421041, "epsilon": 0.31786395014616886, "gamma": 0.0072576275417351324}, "datetime": {"datetime": "2021-09-27 15:31:25", "elapsed": 64.637947, "delta": 1.338047}}
{"target": -11.550359369623237, "params": {"C": 33.29980099072298, "epsilon": 0.550511588609621, "gamma": 0.006074199629908835}, "datetime": {"datetime": "2021-09-27 15:31:26", "elapsed": 65.30491, "delta": 0.666963}}
{"target": -11.409266288935157, "params": {"C": 33.0256381720742, "epsilon": 0.6711792816411684, "gamma": 0.1053755441957035}, "datetime": {"datetime": "2021-09-27 15:31:27", "elapsed": 66.328242, "delta": 1.023332}}
{"target": -14.313375362948474, "params": {"C": 44.32582045586228, "epsilon": 0.5988991603913535, "gamma": 0.001}, "datetime": {"datetime": "2021-09-27 15:31:28", "elapsed": 67.035233, "delta": 0.706991}}
{"target": -10.434972262499809, "params": {"C": 44.32674719413861, "epsilon": 0.08263964266366401, "gamma": 0.06584844934757253}, "datetime": {"datetime": "2021-09-27 15:31:28", "elapsed": 67.685124, "delta": 0.649891}}
{"target": -13.201890045223305, "params": {"C": 33.22462366569551, "epsilon": 0.3173644634403665, "gamma": 0.20652441406665037}, "datetime": {"datetime": "2021-09-27 15:31:29", "elapsed": 68.703748, "delta": 1.018624}}
{"target": -14.535199054653011, "params": {"C": 93.97890369088391, "epsilon": 0.17737442657078295, "gamma": 0.23812617107875275}, "datetime": {"datetime": "2021-09-27 15:31:30", "elapsed": 69.227761, "delta": 0.524013}}
{"target": -15.397359349739004, "params": {"C": 46.375066747584846, "epsilon": 0.8212120656156152, "gamma": 0.2994176496677478}, "datetime": {"datetime": "2021-09-27 15:31:30", "elapsed": 69.675062, "delta": 0.447301}}
{"target": -20.97172807963746, "params": {"C": 43.44473865663268, "epsilon": 0.7421392894728222, "gamma": 0.8925879975803256}, "datetime": {"datetime": "2021-09-27 15:31:31", "elapsed": 70.218832, "delta": 0.54377}}
{"target": -10.951773521506182, "params": {"C": 40.98634190014103, "epsilon": 0.8823920673909771, "gamma": 0.025160606165633728}, "datetime": {"datetime": "2021-09-27 15:31:32", "elapsed": 71.101099, "delta": 0.882267}}
{"target": -13.720966975758165, "params": {"C": 40.982843112538944, "epsilon": 0.645199218782602, "gamma": 0.19548238280032107}, "datetime": {"datetime": "2021-09-27 15:31:33", "elapsed": 72.103786, "delta": 1.002687}}
{"target": -14.52362266406089, "params": {"C": 44.47066965023766, "epsilon": 0.24089888212819824, "gamma": 0.27589392027676113}, "datetime": {"datetime": "2021-09-27 15:31:33", "elapsed": 72.836008, "delta": 0.732222}}
{"target": -10.841485546319282, "params": {"C": 41.249831866280104, "epsilon": 0.9633080458865305, "gamma": 0.0664102597552757}, "datetime": {"datetime": "2021-09-27 15:31:34", "elapsed": 73.605015, "delta": 0.769007}}
{"target": -15.1268038246805, "params": {"C": 16.424343471625306, "epsilon": 0.027244831273522438, "gamma": 0.001}, "datetime": {"datetime": "2021-09-27 15:31:36", "elapsed": 75.07777, "delta": 1.472755}}
{"target": -14.759050240784365, "params": {"C": 31.140889164130574, "epsilon": 0.001, "gamma": 0.001}, "datetime": {"datetime": "2021-09-27 15:31:36", "elapsed": 75.950839, "delta": 0.873069}}
{"target": -14.241501193354967, "params": {"C": 30.583879346249535, "epsilon": 0.05023898300098019, "gamma": 0.2906739022624008}, "datetime": {"datetime": "2021-09-27 15:31:37", "elapsed": 76.792178, "delta": 0.841339}}
{"target": -13.122594934277648, "params": {"C": 15.88815533928587, "epsilon": 0.0765858284918029, "gamma": 0.17605059294072203}, "datetime": {"datetime": "2021-09-27 15:31:38", "elapsed": 77.817104, "delta": 1.024926}}
{"target": -10.6388470401743, "params": {"C": 32.16493183717806, "epsilon": 0.9895408736143886, "gamma": 0.04411131519501882}, "datetime": {"datetime": "2021-09-27 15:31:39", "elapsed": 78.726973, "delta": 0.909869}}
{"target": -15.0617000832785, "params": {"C": 32.160800209668274, "epsilon": 0.9635236743667689, "gamma": 0.2774564780618766}, "datetime": {"datetime": "2021-09-27 15:31:40", "elapsed": 79.64354, "delta": 0.916567}}
{"target": -12.386842424077473, "params": {"C": 70.17899953054088, "epsilon": 0.30767951463996485, "gamma": 0.1315569886261731}, "datetime": {"datetime": "2021-09-27 15:31:41", "elapsed": 80.137962, "delta": 0.494422}}
{"target": -14.319960170436264, "params": {"C": 50.420039930416046, "epsilon": 0.21853566617929937, "gamma": 0.25438440843979904}, "datetime": {"datetime": "2021-09-27 15:31:41", "elapsed": 80.66495, "delta": 0.526988}}
{"target": -11.6127381080413, "params": {"C": 60.58699385644682, "epsilon": 0.6823126916860172, "gamma": 0.004447422748909737}, "datetime": {"datetime": "2021-09-27 15:31:42", "elapsed": 81.662059, "delta": 0.997109}}
{"target": -19.710532779161404, "params": {"C": 26.406859326281058, "epsilon": 0.6922466679694318, "gamma": 0.7358315566452048}, "datetime": {"datetime": "2021-09-27 15:31:43", "elapsed": 82.143843, "delta": 0.481784}}
{"target": -10.825684957493957, "params": {"C": 28.1124629298423, "epsilon": 0.980355935927001, "gamma": 0.03291688759620937}, "datetime": {"datetime": "2021-09-27 15:31:44", "elapsed": 83.129893, "delta": 0.98605}}
{"target": -15.049525847818499, "params": {"C": 40.97385765154192, "epsilon": 0.9980879717473603, "gamma": 0.26535945219138085}, "datetime": {"datetime": "2021-09-27 15:31:45", "elapsed": 84.01982, "delta": 0.889927}}
{"target": -16.106041245690644, "params": {"C": 59.676560214475124, "epsilon": 0.8270893806757873, "gamma": 0.3340159311774513}, "datetime": {"datetime": "2021-09-27 15:31:45", "elapsed": 84.514233, "delta": 0.494413}}
{"target": -11.335703952397129, "params": {"C": 32.018389478964835, "epsilon": 0.8788122131927518, "gamma": 0.00997106616338133}, "datetime": {"datetime": "2021-09-27 15:31:46", "elapsed": 85.546214, "delta": 1.031981}}
{"target": -15.463098207363867, "params": {"C": 9.871978216800798, "epsilon": 0.32521391032163666, "gamma": 0.0012836072115176614}, "datetime": {"datetime": "2021-09-27 15:31:47", "elapsed": 86.674943, "delta": 1.128729}}
{"target": -18.595231249278452, "params": {"C": 55.33253688880515, "epsilon": 0.7154741770060471, "gamma": 0.6031606126955722}, "datetime": {"datetime": "2021-09-27 15:44:17", "elapsed": 0.0, "delta": 0.0}}
{"target": -18.850256165504682, "params": {"C": 54.94343511669279, "epsilon": 0.4242311445395658, "gamma": 0.6462482189535894}, "datetime": {"datetime": "2021-09-27 15:44:18", "elapsed": 0.103995, "delta": 0.103995}}
{"target": -21.69999698788653, "params": {"C": 44.321133915006556, "epsilon": 0.8918812277812977, "gamma": 0.9636990977405282}, "datetime": {"datetime": "2021-09-27 15:44:18", "elapsed": 0.174031, "delta": 0.070036}}
{"target": -17.94401086785069, "params": {"C": 38.96071036375199, "epsilon": 0.7919333130445819, "gamma": 0.5293660248331515}, "datetime": {"datetime": "2021-09-27 15:44:18", "elapsed": 0.228032, "delta": 0.054001}}
{"target": -11.086612590752223, "params": {"C": 57.2364115482993, "epsilon": 0.9256710416543684, "gamma": 0.07196502213968906}, "datetime": {"datetime": "2021-09-27 15:44:18", "elapsed": 0.283028, "delta": 0.054996}}
{"target": -20.594497349103396, "params": {"C": 9.62580067045253, "epsilon": 0.021198179042885394, "gamma": 0.83278722570239}, "datetime": {"datetime": "2021-09-27 15:44:18", "elapsed": 0.3382, "delta": 0.055172}}
{"target": -21.78283537034956, "params": {"C": 78.03751834403519, "epsilon": 0.8701421360985724, "gamma": 0.9786397238905312}, "datetime": {"datetime": "2021-09-27 15:44:18", "elapsed": 0.391205, "delta": 0.053005}}
{"target": -19.926054416881147, "params": {"C": 80.11669785745563, "epsilon": 0.4620178828906789, "gamma": 0.780748647110169}, "datetime": {"datetime": "2021-09-27 15:44:18", "elapsed": 0.43721, "delta": 0.046005}}
{"target": -12.938850168480966, "params": {"C": 12.709168161024389, "epsilon": 0.6402811003061963, "gamma": 0.14420993412163735}, "datetime": {"datetime": "2021-09-27 15:44:18", "elapsed": 0.48128, "delta": 0.04407}}
{"target": -16.757681478504168, "params": {"C": 94.5222227879088, "epsilon": 0.5223264734283216, "gamma": 0.4152472780505331}, "datetime": {"datetime": "2021-09-27 15:44:18", "elapsed": 0.526275, "delta": 0.044995}}
{"target": -14.1414063122656, "params": {"C": 58.28710829245987, "epsilon": 1.0, "gamma": 0.001}, "datetime": {"datetime": "2021-09-27 15:44:18", "elapsed": 0.792147, "delta": 0.265872}}
{"target": -13.913319461504129, "params": {"C": 57.32427621910019, "epsilon": 0.001, "gamma": 0.001}, "datetime": {"datetime": "2021-09-27 15:44:19", "elapsed": 1.117106, "delta": 0.324959}}
{"target": -21.666148807142385, "params": {"C": 57.50343020065152, "epsilon": 0.9361635833016676, "gamma": 0.9520614803416237}, "datetime": {"datetime": "2021-09-27 15:44:19", "elapsed": 1.412113, "delta": 0.295007}}
{"target": -15.962459593590589, "params": {"C": 94.51094314837317, "epsilon": 0.5444717558194055, "gamma": 0.33521138437524134}, "datetime": {"datetime": "2021-09-27 15:44:19", "elapsed": 1.523104, "delta": 0.110991}}
{"target": -20.273690936034182, "params": {"C": 37.83265543329909, "epsilon": 0.11636329401167173, "gamma": 0.8572894448403763}, "datetime": {"datetime": "2021-09-27 15:44:19", "elapsed": 1.634105, "delta": 0.111001}}
{"target": -14.115979286060012, "params": {"C": 57.56791156641151, "epsilon": 0.6534552801524035, "gamma": 0.001}, "datetime": {"datetime": "2021-09-27 15:44:19", "elapsed": 1.928143, "delta": 0.294038}}
{"target": -10.965116664317502, "params": {"C": 56.88692703849599, "epsilon": 0.5691110237024489, "gamma": 0.011526977116504588}, "datetime": {"datetime": "2021-09-27 15:44:20", "elapsed": 2.110148, "delta": 0.182005}}
{"target": -11.80641689249748, "params": {"C": 56.758233433902454, "epsilon": 0.9712400828020029, "gamma": 0.10145429653514033}, "datetime": {"datetime": "2021-09-27 15:44:20", "elapsed": 2.583277, "delta": 0.473129}}
{"target": -17.47782795817657, "params": {"C": 13.38960698178717, "epsilon": 0.31184444496872143, "gamma": 0.5175487582158026}, "datetime": {"datetime": "2021-09-27 15:44:20", "elapsed": 2.81529, "delta": 0.232013}}
{"target": -11.794001281955712, "params": {"C": 12.049301858809299, "epsilon": 0.983878343430461, "gamma": 0.08438118636166962}, "datetime": {"datetime": "2021-09-27 15:44:21", "elapsed": 3.090278, "delta": 0.274988}}
{"target": -13.173676976989302, "params": {"C": 12.032394193930296, "epsilon": 0.2446941134699728, "gamma": 0.15840369937564533}, "datetime": {"datetime": "2021-09-27 15:44:21", "elapsed": 3.238275, "delta": 0.147997}}
{"target": -21.259568528056846, "params": {"C": 12.196957272007001, "epsilon": 0.8218805771591176, "gamma": 0.8678843858754781}, "datetime": {"datetime": "2021-09-27 15:44:21", "elapsed": 3.40128, "delta": 0.163005}}
{"target": -15.831207470215993, "params": {"C": 11.409435432092465, "epsilon": 0.7734939349100551, "gamma": 0.001}, "datetime": {"datetime": "2021-09-27 15:44:21", "elapsed": 3.710317, "delta": 0.309037}}
{"target": -12.208517978733221, "params": {"C": 56.403542932407916, "epsilon": 0.02116176996796526, "gamma": 0.1399229183047428}, "datetime": {"datetime": "2021-09-27 15:44:21", "elapsed": 4.01832, "delta": 0.308003}}
{"target": -19.816178030791757, "params": {"C": 56.64493890504958, "epsilon": 0.009766139134607946, "gamma": 0.7850821561698386}, "datetime": {"datetime": "2021-09-27 15:44:22", "elapsed": 4.242029, "delta": 0.223709}}
