{"target": -14.977638466928273, "params": {"C": 42.28517846555483, "epsilon": 0.7203524609928139, "gamma": 0.0010456355521206097}, "datetime": {"datetime": "2021-09-27 17:58:40", "elapsed": 0.0, "delta": 0.0}}
{"target": -10.56926302162379, "params": {"C": 30.930924690552136, "epsilon": 0.1468412152280313, "gamma": 0.037843099312750324}, "datetime": {"datetime": "2021-09-27 17:58:40", "elapsed": 0.051033, "delta": 0.051033}}
{"target": -12.021307507913805, "params": {"C": 19.439760926389418, "epsilon": 0.3456261709703434, "gamma": 0.1593102222180373}, "datetime": {"datetime": "2021-09-27 17:58:40", "elapsed": 0.085994, "delta": 0.034961}}
{"target": -13.762701762214338, "params": {"C": 54.34285666633234, "epsilon": 0.41925259495185446, "gamma": 0.274402580658307}, "datetime": {"datetime": "2021-09-27 17:58:40", "elapsed": 0.131996, "delta": 0.046002}}
{"target": -11.954318727544551, "params": {"C": 21.240772723420225, "epsilon": 0.8781296246473064, "gamma": 0.011927649685972541}, "datetime": {"datetime": "2021-09-27 17:58:40", "elapsed": 0.155997, "delta": 0.024001}}
{"target": -16.135596615030774, "params": {"C": 4.800384070073682, "epsilon": 0.0001, "gamma": 0.4}, "datetime": {"datetime": "2021-09-27 17:58:40", "elapsed": 0.379, "delta": 0.223003}}
{"target": -14.058836830835444, "params": {"C": 99.97736995358684, "epsilon": 0.2951927650400497, "gamma": 0.27732113182892776}, "datetime": {"datetime": "2021-09-27 17:58:40", "elapsed": 0.601997, "delta": 0.222997}}
{"target": -13.892431701411457, "params": {"C": 27.148238548638158, "epsilon": 0.0461738529962499, "gamma": 0.36262201346508594}, "datetime": {"datetime": "2021-09-27 17:58:40", "elapsed": 0.804995, "delta": 0.202998}}
{"target": -15.11508721655618, "params": {"C": 33.057375819593915, "epsilon": 0.1853093426366239, "gamma": 0.001}, "datetime": {"datetime": "2021-09-27 17:58:41", "elapsed": 0.985998, "delta": 0.181003}}
{"target": -10.593987156555478, "params": {"C": 30.402861910166585, "epsilon": 0.1376073173962099, "gamma": 0.04559807754549139}, "datetime": {"datetime": "2021-09-27 17:58:41", "elapsed": 1.169005, "delta": 0.183007}}
{"target": -13.547425755647179, "params": {"C": 30.846468846141125, "epsilon": 0.996001124165191, "gamma": 0.25114094569232753}, "datetime": {"datetime": "2021-09-27 17:58:41", "elapsed": 1.358042, "delta": 0.189037}}
{"target": -13.062226526763432, "params": {"C": 29.521012405861004, "epsilon": 0.0012911920787272934, "gamma": 0.2675888139110548}, "datetime": {"datetime": "2021-09-27 17:58:41", "elapsed": 1.611191, "delta": 0.253149}}
{"target": -10.95695936881217, "params": {"C": 20.499166208801324, "epsilon": 0.11271654957240543, "gamma": 0.02530842817665896}, "datetime": {"datetime": "2021-09-27 17:58:41", "elapsed": 1.802438, "delta": 0.191247}}
{"target": -14.028330385221535, "params": {"C": 21.379861140443516, "epsilon": 0.0001, "gamma": 0.4}, "datetime": {"datetime": "2021-09-27 17:58:42", "elapsed": 2.038433, "delta": 0.235995}}
{"target": -11.276966762649302, "params": {"C": 20.241917227160677, "epsilon": 0.887551474678634, "gamma": 0.03306877593741498}, "datetime": {"datetime": "2021-09-27 17:58:42", "elapsed": 2.341432, "delta": 0.302999}}
{"target": -14.089815701323309, "params": {"C": 30.70091739421012, "epsilon": 0.0001, "gamma": 0.4}, "datetime": {"datetime": "2021-09-27 17:58:42", "elapsed": 2.586439, "delta": 0.245007}}
{"target": -11.5285018464418, "params": {"C": 14.934853999305448, "epsilon": 0.1394656189425878, "gamma": 0.12741609242863453}, "datetime": {"datetime": "2021-09-27 17:58:42", "elapsed": 2.693438, "delta": 0.106999}}
{"target": -11.186034750750947, "params": {"C": 28.12604630072965, "epsilon": 0.7643719689853218, "gamma": 0.0276813477184657}, "datetime": {"datetime": "2021-09-27 17:58:42", "elapsed": 2.793438, "delta": 0.1}}
{"target": -11.796874521049409, "params": {"C": 93.99362637650356, "epsilon": 0.9499540602688599, "gamma": 0.11237343807258174}, "datetime": {"datetime": "2021-09-27 17:58:43", "elapsed": 2.963434, "delta": 0.169996}}
{"target": -10.497219963909748, "params": {"C": 60.221999821081056, "epsilon": 0.1127907871037695, "gamma": 0.047594226364086695}, "datetime": {"datetime": "2021-09-27 17:58:43", "elapsed": 3.08643, "delta": 0.122996}}
{"target": -13.720333420589062, "params": {"C": 61.74884141107047, "epsilon": 0.5574361564515954, "gamma": 0.2617891612004102}, "datetime": {"datetime": "2021-09-27 17:58:43", "elapsed": 3.20344, "delta": 0.11701}}
{"target": -16.976216938368978, "params": {"C": 2.664453837896975, "epsilon": 0.25843100131398516, "gamma": 0.32043329757201067}, "datetime": {"datetime": "2021-09-27 17:58:43", "elapsed": 3.318441, "delta": 0.115001}}
{"target": -13.962875964152923, "params": {"C": 31.92027778469798, "epsilon": 0.5463037348959623, "gamma": 0.3308765469241741}, "datetime": {"datetime": "2021-09-27 17:58:43", "elapsed": 3.441438, "delta": 0.122997}}
{"target": -13.171995554927507, "params": {"C": 46.93220128498478, "epsilon": 0.13593472278044702, "gamma": 0.22736598870574806}, "datetime": {"datetime": "2021-09-27 17:58:43", "elapsed": 3.58844, "delta": 0.147002}}
{"target": -15.149472772767941, "params": {"C": 91.22874335071576, "epsilon": 0.6227122910997009, "gamma": 0.38774342289078784}, "datetime": {"datetime": "2021-09-27 17:58:43", "elapsed": 3.754629, "delta": 0.166189}}
{"target": -13.787730751402238, "params": {"C": 80.60053465455859, "epsilon": 0.3180277018319085, "gamma": 0.24300523821610526}, "datetime": {"datetime": "2021-09-27 17:58:43", "elapsed": 3.880636, "delta": 0.126007}}
{"target": -13.023752511123904, "params": {"C": 23.7741430028068, "epsilon": 0.06488033885227941, "gamma": 0.2818344133197376}, "datetime": {"datetime": "2021-09-27 17:58:44", "elapsed": 4.009433, "delta": 0.128797}}
{"target": -15.071022604732894, "params": {"C": 85.9506512292951, "epsilon": 0.8534005006531922, "gamma": 0.3529919089549822}, "datetime": {"datetime": "2021-09-27 17:58:44", "elapsed": 4.152432, "delta": 0.142999}}
{"target": -12.485607115166983, "params": {"C": 60.248219919774975, "epsilon": 0.11521979276637982, "gamma": 0.16425932932560286}, "datetime": {"datetime": "2021-09-27 17:58:44", "elapsed": 4.34844, "delta": 0.196008}}
{"target": -11.722691440150175, "params": {"C": 84.08119367674604, "epsilon": 0.4185686276573201, "gamma": 0.1191396775322185}, "datetime": {"datetime": "2021-09-27 17:58:44", "elapsed": 4.489435, "delta": 0.140995}}
{"target": -11.07533044701967, "params": {"C": 30.500139786950367, "epsilon": 0.15459328408314219, "gamma": 0.019811923757091864}, "datetime": {"datetime": "2021-09-27 17:58:44", "elapsed": 4.676436, "delta": 0.187001}}
{"target": -14.583566776904924, "params": {"C": 60.130047566885715, "epsilon": 0.00015281656273850234, "gamma": 0.001}, "datetime": {"datetime": "2021-09-27 17:58:45", "elapsed": 5.248439, "delta": 0.572003}}
{"target": -15.65643785113032, "params": {"C": 5.256207731247922, "epsilon": 0.41492146881167735, "gamma": 0.0031113376314159443}, "datetime": {"datetime": "2021-09-27 17:58:45", "elapsed": 5.374436, "delta": 0.125997}}
{"target": -10.841827278066866, "params": {"C": 30.486854469941264, "epsilon": 0.14610004562495474, "gamma": 0.09398059086833403}, "datetime": {"datetime": "2021-09-27 17:58:45", "elapsed": 5.654271, "delta": 0.279835}}
{"target": -11.551851628670844, "params": {"C": 31.025208434583973, "epsilon": 0.1635467066592966, "gamma": 0.010275226965257764}, "datetime": {"datetime": "2021-09-27 17:58:45", "elapsed": 5.910282, "delta": 0.256011}}
{"target": -11.300401578995741, "params": {"C": 30.85326494246482, "epsilon": 0.07577847186666263, "gamma": 0.01273691212022237}, "datetime": {"datetime": "2021-09-27 17:58:46", "elapsed": 6.118279, "delta": 0.207997}}
{"target": -11.985907170169774, "params": {"C": 11.216925533072661, "epsilon": 0.057243153018336566, "gamma": 0.1484887852062017}, "datetime": {"datetime": "2021-09-27 17:58:46", "elapsed": 6.278273, "delta": 0.159994}}
{"target": -10.69428469097569, "params": {"C": 44.25464509202841, "epsilon": 0.19355315775854243, "gamma": 0.031230600157615716}, "datetime": {"datetime": "2021-09-27 17:58:46", "elapsed": 6.435274, "delta": 0.157001}}
{"target": -11.917197619261259, "params": {"C": 21.232754323114612, "epsilon": 0.857531380480415, "gamma": 0.01216369230221227}, "datetime": {"datetime": "2021-09-27 17:58:46", "elapsed": 6.584271, "delta": 0.148997}}
{"target": -11.18889411829569, "params": {"C": 60.24826105314809, "epsilon": 0.21595955393867183, "gamma": 0.019395507720196915}, "datetime": {"datetime": "2021-09-27 17:58:46", "elapsed": 6.819276, "delta": 0.235005}}
{"target": -10.616854746597497, "params": {"C": 30.8894718489722, "epsilon": 0.2953004623495605, "gamma": 0.07652903603096371}, "datetime": {"datetime": "2021-09-27 17:58:47", "elapsed": 7.129316, "delta": 0.31004}}
{"target": -15.260683998197802, "params": {"C": 30.75433490895199, "epsilon": 0.24911842048183727, "gamma": 0.001}, "datetime": {"datetime": "2021-09-27 17:58:47", "elapsed": 7.421278, "delta": 0.291962}}
{"target": -11.790661730524194, "params": {"C": 30.95772318334692, "epsilon": 0.2276355280313785, "gamma": 0.15306752651137304}, "datetime": {"datetime": "2021-09-27 17:58:47", "elapsed": 7.678529, "delta": 0.257251}}
{"target": -10.652812127484253, "params": {"C": 44.12740877532009, "epsilon": 0.1727685471821019, "gamma": 0.03380900025553172}, "datetime": {"datetime": "2021-09-27 17:58:48", "elapsed": 7.967532, "delta": 0.289003}}
{"target": -10.96945183731454, "params": {"C": 26.21797405879688, "epsilon": 0.8455055546597333, "gamma": 0.053132067944059724}, "datetime": {"datetime": "2021-09-27 17:58:48", "elapsed": 8.145531, "delta": 0.177999}}
{"target": -14.242806302471834, "params": {"C": 75.71558088968531, "epsilon": 0.23645289158347155, "gamma": 0.35020101180661856}, "datetime": {"datetime": "2021-09-27 17:58:48", "elapsed": 8.347528, "delta": 0.201997}}
{"target": -12.495778106269151, "params": {"C": 44.114679531532516, "epsilon": 0.19350687390326549, "gamma": 0.18309695956766825}, "datetime": {"datetime": "2021-09-27 17:58:48", "elapsed": 8.63353, "delta": 0.286002}}
{"target": -14.972304224378014, "params": {"C": 81.2761023225424, "epsilon": 0.7472713412806368, "gamma": 0.3559220699411769}, "datetime": {"datetime": "2021-09-27 17:58:48", "elapsed": 8.80753, "delta": 0.174}}
{"target": -11.606935937790226, "params": {"C": 28.11771912279231, "epsilon": 0.7613392926454692, "gamma": 0.01861498256949845}, "datetime": {"datetime": "2021-09-27 17:58:49", "elapsed": 8.968192, "delta": 0.160662}}
{"target": -11.42599705593645, "params": {"C": 28.210025475268413, "epsilon": 0.7949545906846032, "gamma": 0.11911787654599411}, "datetime": {"datetime": "2021-09-27 17:58:49", "elapsed": 9.330233, "delta": 0.362041}}
{"target": -12.006122245525127, "params": {"C": 30.96114246192688, "epsilon": 0.2712090924339325, "gamma": 0.007053606023482563}, "datetime": {"datetime": "2021-09-27 17:58:49", "elapsed": 9.68943, "delta": 0.359197}}
{"target": -10.785851064707005, "params": {"C": 44.156368127242814, "epsilon": 0.26287072712265985, "gamma": 0.02918692139060506}, "datetime": {"datetime": "2021-09-27 17:58:50", "elapsed": 9.975431, "delta": 0.286001}}
{"target": -11.63194317774113, "params": {"C": 30.90964991631991, "epsilon": 0.3987539100325061, "gamma": 0.1397020770711237}, "datetime": {"datetime": "2021-09-27 17:58:50", "elapsed": 10.441424, "delta": 0.465993}}
{"target": -11.544576556817344, "params": {"C": 30.39941368394027, "epsilon": 0.26063023088853593, "gamma": 0.13744210727121756}, "datetime": {"datetime": "2021-09-27 17:58:50", "elapsed": 10.720424, "delta": 0.279}}
{"target": -11.151089299666884, "params": {"C": 28.111531040488057, "epsilon": 0.8845565110274778, "gamma": 0.08479040622871206}, "datetime": {"datetime": "2021-09-27 17:58:51", "elapsed": 10.988431, "delta": 0.268007}}
{"target": -11.667702822495924, "params": {"C": 30.310063190175313, "epsilon": 0.1276352495944193, "gamma": 0.14314209303980163}, "datetime": {"datetime": "2021-09-27 17:58:51", "elapsed": 11.269426, "delta": 0.280995}}
{"target": -15.835756853692216, "params": {"C": 5.17818769583535, "epsilon": 0.6576746655346496, "gamma": 0.3964768478182065}, "datetime": {"datetime": "2021-09-27 17:58:51", "elapsed": 11.468422, "delta": 0.198996}}
{"target": -11.178514486155589, "params": {"C": 26.07489757132071, "epsilon": 0.8171307469004292, "gamma": 0.08902841070413017}, "datetime": {"datetime": "2021-09-27 17:58:51", "elapsed": 11.921749, "delta": 0.453327}}
{"target": -14.744114645277437, "params": {"C": 11.755314481218766, "epsilon": 0.8154311117518185, "gamma": 0.3898772078778262}, "datetime": {"datetime": "2021-09-27 17:58:52", "elapsed": 12.129755, "delta": 0.208006}}
{"target": -13.10526913490206, "params": {"C": 87.30295318096893, "epsilon": 0.17867731243579527, "gamma": 0.16809569455621387}, "datetime": {"datetime": "2021-09-27 17:58:52", "elapsed": 12.39576, "delta": 0.266005}}
{"target": -13.860731258258754, "params": {"C": 8.119303294911958, "epsilon": 0.15619163339376074, "gamma": 0.27131564593747803}, "datetime": {"datetime": "2021-09-27 17:58:52", "elapsed": 12.587793, "delta": 0.192033}}
{"target": -12.107687170455087, "params": {"C": 26.11957837971122, "epsilon": 0.953092535459528, "gamma": 0.009895018151310574}, "datetime": {"datetime": "2021-09-27 17:58:53", "elapsed": 12.996789, "delta": 0.408996}}
{"target": -14.646085713641844, "params": {"C": 60.337739939567946, "epsilon": 0.10406205705915077, "gamma": 0.001}, "datetime": {"datetime": "2021-09-27 17:58:53", "elapsed": 13.400757, "delta": 0.403968}}
{"target": -10.576227119075032, "params": {"C": 60.16847326950345, "epsilon": 0.23366869585412078, "gamma": 0.08386356063245248}, "datetime": {"datetime": "2021-09-27 17:58:53", "elapsed": 13.775239, "delta": 0.374482}}
{"target": -11.353310005064374, "params": {"C": 30.938205658328506, "epsilon": 0.051880142110028976, "gamma": 0.12522925010741792}, "datetime": {"datetime": "2021-09-27 17:58:54", "elapsed": 14.153874, "delta": 0.378635}}
{"target": -11.934565756577353, "params": {"C": 20.403244639798135, "epsilon": 0.04544573269569085, "gamma": 0.15574440486967112}, "datetime": {"datetime": "2021-09-27 17:58:54", "elapsed": 14.429904, "delta": 0.27603}}
{"target": -11.18863563436983, "params": {"C": 9.5385658654077, "epsilon": 0.5472511633959933, "gamma": 0.05886756844623364}, "datetime": {"datetime": "2021-09-27 17:58:54", "elapsed": 14.681904, "delta": 0.252}}
{"target": -14.85099757593854, "params": {"C": 44.21320310371586, "epsilon": 0.06153086030596356, "gamma": 0.001}, "datetime": {"datetime": "2021-09-27 17:58:55", "elapsed": 15.246205, "delta": 0.564301}}
{"target": -15.371035673834562, "params": {"C": 28.215539286212582, "epsilon": 0.848654070573214, "gamma": 0.001}, "datetime": {"datetime": "2021-09-27 17:58:55", "elapsed": 15.791435, "delta": 0.54523}}
{"target": -11.606537888863553, "params": {"C": 28.091651566045865, "epsilon": 0.7845284109383842, "gamma": 0.13889171547643198}, "datetime": {"datetime": "2021-09-27 17:58:56", "elapsed": 16.092166, "delta": 0.300731}}
{"target": -11.574850628353738, "params": {"C": 44.25411285756195, "epsilon": 0.25765600415508066, "gamma": 0.12433577257492116}, "datetime": {"datetime": "2021-09-27 17:58:56", "elapsed": 16.526165, "delta": 0.433999}}
{"target": -11.135500875614724, "params": {"C": 60.107703057925846, "epsilon": 0.21779005136835056, "gamma": 0.020613943008301754}, "datetime": {"datetime": "2021-09-27 17:58:57", "elapsed": 16.978084, "delta": 0.451919}}
{"target": -10.758693263251661, "params": {"C": 30.36505118228538, "epsilon": 0.23419161369055272, "gamma": 0.031277533526698924}, "datetime": {"datetime": "2021-09-27 17:58:57", "elapsed": 17.311087, "delta": 0.333003}}
{"target": -11.559833817610613, "params": {"C": 30.92408045736747, "epsilon": 0.4060604440017663, "gamma": 0.13565317820335587}, "datetime": {"datetime": "2021-09-27 17:58:57", "elapsed": 17.631088, "delta": 0.320001}}
{"target": -11.729798085927563, "params": {"C": 26.188999756987066, "epsilon": 0.8427591044166332, "gamma": 0.14971826815066616}, "datetime": {"datetime": "2021-09-27 17:58:58", "elapsed": 18.000548, "delta": 0.36946}}
{"target": -13.59376447085758, "params": {"C": 46.37544711239421, "epsilon": 0.9692846601500882, "gamma": 0.2280485821941902}, "datetime": {"datetime": "2021-09-27 17:58:58", "elapsed": 18.273618, "delta": 0.27307}}
{"target": -15.014517352746317, "params": {"C": 44.286775092423085, "epsilon": 0.2937574666917004, "gamma": 0.001}, "datetime": {"datetime": "2021-09-27 17:58:58", "elapsed": 18.741546, "delta": 0.467928}}
{"target": -13.719963192678447, "params": {"C": 14.312293915013026, "epsilon": 0.9386437288104416, "gamma": 0.004779021645210306}, "datetime": {"datetime": "2021-09-27 17:58:59", "elapsed": 19.033792, "delta": 0.292246}}
{"target": -11.102147007732844, "params": {"C": 30.441359483637576, "epsilon": 0.30560326876238275, "gamma": 0.019001065001334305}, "datetime": {"datetime": "2021-09-27 17:58:59", "elapsed": 19.450784, "delta": 0.416992}}
{"target": -12.562546298583305, "params": {"C": 18.500601505244322, "epsilon": 0.2092924448949944, "gamma": 0.21270957066988758}, "datetime": {"datetime": "2021-09-27 17:58:59", "elapsed": 19.713532, "delta": 0.262748}}
{"target": -13.660760774045938, "params": {"C": 82.71588353814604, "epsilon": 0.11997989680916302, "gamma": 0.223765233678488}, "datetime": {"datetime": "2021-09-27 17:59:00", "elapsed": 20.028523, "delta": 0.314991}}
{"target": -10.843940130566459, "params": {"C": 28.17721054088569, "epsilon": 0.6679074449175639, "gamma": 0.07524497509157144}, "datetime": {"datetime": "2021-09-27 17:59:00", "elapsed": 20.414526, "delta": 0.386003}}
{"target": -14.635712318635683, "params": {"C": 51.627412297132594, "epsilon": 0.7107853121118396, "gamma": 0.37328219918477235}, "datetime": {"datetime": "2021-09-27 17:59:00", "elapsed": 20.701524, "delta": 0.286998}}
{"target": -10.893383448341938, "params": {"C": 60.17199261805913, "epsilon": 0.3286048539628274, "gamma": 0.02477861299955061}, "datetime": {"datetime": "2021-09-27 17:59:01", "elapsed": 21.11916, "delta": 0.417636}}
{"target": -13.583279991837646, "params": {"C": 83.27844492047777, "epsilon": 0.8403460263336732, "gamma": 0.21545809805656493}, "datetime": {"datetime": "2021-09-27 17:59:01", "elapsed": 21.409156, "delta": 0.289996}}
{"target": -10.727360925627897, "params": {"C": 20.416326764636256, "epsilon": 0.18280920681491042, "gamma": 0.075025815296474}, "datetime": {"datetime": "2021-09-27 17:59:01", "elapsed": 21.739369, "delta": 0.330213}}
{"target": -14.068294002574056, "params": {"C": 79.46958282625279, "epsilon": 0.14098903670042992, "gamma": 0.31711237869501685}, "datetime": {"datetime": "2021-09-27 17:59:02", "elapsed": 22.054338, "delta": 0.314969}}
{"target": -10.609156920353998, "params": {"C": 44.04488550220139, "epsilon": 0.2743349829935322, "gamma": 0.03372111760152415}, "datetime": {"datetime": "2021-09-27 17:59:02", "elapsed": 22.444336, "delta": 0.389998}}
{"target": -10.447529106949686, "params": {"C": 39.61106249118704, "epsilon": 0.035386803436561746, "gamma": 0.06278528021283397}, "datetime": {"datetime": "2021-09-27 17:59:02", "elapsed": 22.769337, "delta": 0.325001}}
{"target": -13.557991847278531, "params": {"C": 3.516496369731814, "epsilon": 0.036209450576101795, "gamma": 0.012900147818447495}, "datetime": {"datetime": "2021-09-27 17:59:03", "elapsed": 23.053334, "delta": 0.283997}}
{"target": -10.415112869274008, "params": {"C": 39.580298325075915, "epsilon": 0.13547999642918462, "gamma": 0.06014553737133357}, "datetime": {"datetime": "2021-09-27 17:59:03", "elapsed": 23.513409, "delta": 0.460075}}
{"target": -12.47927209913195, "params": {"C": 39.596854960331186, "epsilon": 0.15240015247165017, "gamma": 0.18954081416509005}, "datetime": {"datetime": "2021-09-27 17:59:04", "elapsed": 23.983847, "delta": 0.470438}}
{"target": -10.51054330404515, "params": {"C": 39.65892147007264, "epsilon": 0.1546390758882365, "gamma": 0.042878980843697685}, "datetime": {"datetime": "2021-09-27 17:59:04", "elapsed": 24.401809, "delta": 0.417962}}
{"target": -12.293691179819591, "params": {"C": 20.49314147858547, "epsilon": 0.18206342454460864, "gamma": 0.18241861978409513}, "datetime": {"datetime": "2021-09-27 17:59:04", "elapsed": 24.815843, "delta": 0.414034}}
{"target": -13.967817584671527, "params": {"C": 39.55737046499793, "epsilon": 0.07151453039766234, "gamma": 0.0021790064251870477}, "datetime": {"datetime": "2021-09-27 17:59:05", "elapsed": 25.190948, "delta": 0.375105}}
{"target": -10.920169241918847, "params": {"C": 20.32668759331816, "epsilon": 0.1422260134888368, "gamma": 0.027588975518768218}, "datetime": {"datetime": "2021-09-27 17:59:05", "elapsed": 25.764175, "delta": 0.573227}}
{"target": -11.249447531734907, "params": {"C": 20.480585387054088, "epsilon": 0.2744298872707244, "gamma": 0.01745054701769358}, "datetime": {"datetime": "2021-09-27 17:59:06", "elapsed": 26.237178, "delta": 0.473003}}
{"target": -10.230959389264358, "params": {"C": 64.27140110366281, "epsilon": 0.09923012464107743, "gamma": 0.058256361649479206}, "datetime": {"datetime": "2021-09-27 17:59:06", "elapsed": 26.571178, "delta": 0.334}}
{"target": -11.451745995112327, "params": {"C": 64.20846570323947, "epsilon": 0.21200346362646202, "gamma": 0.008020511399657355}, "datetime": {"datetime": "2021-09-27 17:59:07", "elapsed": 26.954917, "delta": 0.383739}}
{"target": -10.938005070992219, "params": {"C": 39.734459960313394, "epsilon": 0.0720753972594027, "gamma": 0.10472961370296341}, "datetime": {"datetime": "2021-09-27 17:59:07", "elapsed": 27.395319, "delta": 0.440402}}
{"target": -11.47817923757576, "params": {"C": 40.45850877430111, "epsilon": 0.6560239201389908, "gamma": 0.11438945873069364}, "datetime": {"datetime": "2021-09-27 17:59:07", "elapsed": 27.73193, "delta": 0.336611}}
