{"target": 0.8934970989544839, "params": {"C": 459.2964756239055, "epsilon": 0.7944863143443013, "gamma": 0.10318024722356386}, "datetime": {"datetime": "2021-09-18 15:29:45", "elapsed": 90.845204, "delta": 0.908006}}
{"target": 0.8985687538816719, "params": {"C": 368.81308682124705, "epsilon": 0.7964417111027974, "gamma": 0.051606510877174876}, "datetime": {"datetime": "2021-09-18 15:29:46", "elapsed": 91.535208, "delta": 0.690004}}
{"target": 0.9090632870372265, "params": {"C": 368.55506649464195, "epsilon": 0.7150822512711479, "gamma": 0.06270965657311076}, "datetime": {"datetime": "2021-09-18 15:29:47", "elapsed": 92.192202, "delta": 0.656994}}
{"target": 0.8723719576266258, "params": {"C": 533.4010586077027, "epsilon": 0.45811075931972745, "gamma": 0.13967799373463802}, "datetime": {"datetime": "2021-09-18 15:29:47", "elapsed": 92.9302, "delta": 0.737998}}
{"target": 0.9008360819669368, "params": {"C": 334.46257526924376, "epsilon": 0.5245094495518866, "gamma": 0.05629176005229061}, "datetime": {"datetime": "2021-09-18 15:29:48", "elapsed": 93.717202, "delta": 0.787002}}
{"target": 0.908621819836922, "params": {"C": 424.86287419351237, "epsilon": 0.6466239213966469, "gamma": 0.06521546278673905}, "datetime": {"datetime": "2021-09-18 15:29:49", "elapsed": 94.374199, "delta": 0.656997}}
{"target": 0.9038271973848091, "params": {"C": 462.669885372804, "epsilon": 0.5691817112443863, "gamma": 0.05615466842159428}, "datetime": {"datetime": "2021-09-18 15:29:50", "elapsed": 95.225243, "delta": 0.851044}}
{"target": 0.9042686977629344, "params": {"C": 483.1543809988435, "epsilon": 0.4311446287245644, "gamma": 0.05951921277790365}, "datetime": {"datetime": "2021-09-18 15:29:50", "elapsed": 96.137208, "delta": 0.911965}}
{"target": 0.9062475981586808, "params": {"C": 316.2800413967644, "epsilon": 0.4566870383045191, "gamma": 0.08503710911033359}, "datetime": {"datetime": "2021-09-18 15:29:51", "elapsed": 97.059244, "delta": 0.922036}}
{"target": 0.8944239964352987, "params": {"C": 316.25144691427096, "epsilon": 0.4088125709707291, "gamma": 0.05}, "datetime": {"datetime": "2021-09-18 15:29:52", "elapsed": 97.937777, "delta": 0.878533}}
{"target": 0.8885205946681787, "params": {"C": 459.2242158628434, "epsilon": 0.5185114713552317, "gamma": 0.10434787538011785}, "datetime": {"datetime": "2021-09-18 15:29:53", "elapsed": 98.756412, "delta": 0.818635}}
{"target": 0.9044096075980543, "params": {"C": 316.23198851171253, "epsilon": 0.5024284348932782, "gamma": 0.06179312399300166}, "datetime": {"datetime": "2021-09-18 15:29:54", "elapsed": 99.612022, "delta": 0.85561}}
{"target": 0.8958680639590355, "params": {"C": 424.79096909965267, "epsilon": 0.6609760671538223, "gamma": 0.09701134893200031}, "datetime": {"datetime": "2021-09-18 15:29:55", "elapsed": 100.547679, "delta": 0.935657}}
{"target": 0.8843271240540367, "params": {"C": 424.8941377388387, "epsilon": 0.6860185019242081, "gamma": 0.12467116766568935}, "datetime": {"datetime": "2021-09-18 15:29:56", "elapsed": 101.39967, "delta": 0.851991}}
{"target": 0.879264805419252, "params": {"C": 400.0369367587365, "epsilon": 0.20286572936730865, "gamma": 0.13153829630864766}, "datetime": {"datetime": "2021-09-18 15:29:56", "elapsed": 102.1156, "delta": 0.71593}}
{"target": 0.9002731850721504, "params": {"C": 316.28591663974004, "epsilon": 0.5519946465491938, "gamma": 0.056025170325194246}, "datetime": {"datetime": "2021-09-18 15:29:58", "elapsed": 103.289024, "delta": 1.173424}}
{"target": 0.8953970785025613, "params": {"C": 316.18175296437596, "epsilon": 0.5774400887947667, "gamma": 0.10810171479516345}, "datetime": {"datetime": "2021-09-18 15:29:59", "elapsed": 104.365535, "delta": 1.076511}}
{"target": 0.9095744907642875, "params": {"C": 409.475817868774, "epsilon": 0.7981390442393533, "gamma": 0.07644627659644798}, "datetime": {"datetime": "2021-09-18 15:30:00", "elapsed": 105.297446, "delta": 0.931911}}
{"target": 0.8772838186056502, "params": {"C": 549.966399232075, "epsilon": 0.12031682594276914, "gamma": 0.11696058561406011}, "datetime": {"datetime": "2021-09-18 15:30:00", "elapsed": 106.058716, "delta": 0.76127}}
{"target": 0.8833132580596148, "params": {"C": 316.32092095746987, "epsilon": 0.45770304117500954, "gamma": 0.13742877720840335}, "datetime": {"datetime": "2021-09-18 15:30:01", "elapsed": 107.069133, "delta": 1.010417}}
{"target": 0.9037799633118943, "params": {"C": 483.1803090685167, "epsilon": 0.6587944094579292, "gamma": 0.05444125160839515}, "datetime": {"datetime": "2021-09-18 15:30:02", "elapsed": 107.990583, "delta": 0.92145}}
{"target": 0.9032228721599292, "params": {"C": 483.217049588315, "epsilon": 0.3737776417922703, "gamma": 0.07019636463283849}, "datetime": {"datetime": "2021-09-18 15:30:03", "elapsed": 109.075823, "delta": 1.08524}}
{"target": 0.8976325118057327, "params": {"C": 350.86371748546935, "epsilon": 0.07071236306662906, "gamma": 0.09373319210201342}, "datetime": {"datetime": "2021-09-18 15:30:04", "elapsed": 109.823551, "delta": 0.747728}}
{"target": 0.9046073364675992, "params": {"C": 424.9075331579477, "epsilon": 0.5683360270207354, "gamma": 0.0810156434963388}, "datetime": {"datetime": "2021-09-18 15:30:05", "elapsed": 110.7824, "delta": 0.958849}}
{"target": 0.8795464507550863, "params": {"C": 353.99663806021897, "epsilon": 0.06389512146886679, "gamma": 0.14029301852710152}, "datetime": {"datetime": "2021-09-18 15:30:06", "elapsed": 111.558439, "delta": 0.776039}}
{"target": 0.9070223095852725, "params": {"C": 328.0377505753035, "epsilon": 0.7803798876031374, "gamma": 0.09045868750063553}, "datetime": {"datetime": "2021-09-18 15:30:07", "elapsed": 112.267685, "delta": 0.709246}}
{"target": 0.8847904819243912, "params": {"C": 403.98511342094565, "epsilon": 0.18837505171627522, "gamma": 0.11147673237153005}, "datetime": {"datetime": "2021-09-18 15:30:07", "elapsed": 113.033674, "delta": 0.765989}}
{"target": 0.9071827870475941, "params": {"C": 328.02381392579304, "epsilon": 0.683857410262045, "gamma": 0.06227215150547245}, "datetime": {"datetime": "2021-09-18 15:30:08", "elapsed": 114.029545, "delta": 0.995871}}
{"target": 0.8991053444243965, "params": {"C": 327.92994701199456, "epsilon": 0.7880068830920971, "gamma": 0.0531582086076354}, "datetime": {"datetime": "2021-09-18 15:30:09", "elapsed": 114.927429, "delta": 0.897884}}
{"target": 0.8987315153733224, "params": {"C": 320.36767447046606, "epsilon": 0.2555717778788195, "gamma": 0.060084499442910715}, "datetime": {"datetime": "2021-09-18 15:30:10", "elapsed": 115.64917, "delta": 0.721741}}
{"target": 0.9032402681824823, "params": {"C": 328.1150868293331, "epsilon": 0.7986460728406108, "gamma": 0.09619741662679693}, "datetime": {"datetime": "2021-09-18 15:30:11", "elapsed": 116.484256, "delta": 0.835086}}
{"target": 0.9045805490304565, "params": {"C": 424.8281548331189, "epsilon": 0.5834496854300761, "gamma": 0.08217275106784015}, "datetime": {"datetime": "2021-09-18 15:30:12", "elapsed": 117.598927, "delta": 1.114671}}
{"target": 0.9034459177323843, "params": {"C": 328.1491037195826, "epsilon": 0.7109336845290314, "gamma": 0.09613143188738957}, "datetime": {"datetime": "2021-09-18 15:30:13", "elapsed": 118.556292, "delta": 0.957365}}
{"target": 0.8975723931642516, "params": {"C": 363.8460584564723, "epsilon": 0.7272125143458636, "gamma": 0.10182114834721775}, "datetime": {"datetime": "2021-09-18 15:30:14", "elapsed": 119.302291, "delta": 0.745999}}
{"target": 0.8715397893639307, "params": {"C": 600.2256381484204, "epsilon": 0.47459792928276273, "gamma": 0.1329833496457523}, "datetime": {"datetime": "2021-09-18 15:30:14", "elapsed": 120.083312, "delta": 0.781021}}
{"target": 0.8989383732036641, "params": {"C": 483.17878260438056, "epsilon": 0.545870203967107, "gamma": 0.050747859480955775}, "datetime": {"datetime": "2021-09-18 15:30:16", "elapsed": 121.255862, "delta": 1.17255}}
{"target": 0.8964854237399704, "params": {"C": 328.1137633864953, "epsilon": 0.6212091632173218, "gamma": 0.10551534207237284}, "datetime": {"datetime": "2021-09-18 15:30:17", "elapsed": 122.296537, "delta": 1.040675}}
{"target": 0.9007303809619923, "params": {"C": 533.48365722085, "epsilon": 0.37151649907050566, "gamma": 0.07341946626265398}, "datetime": {"datetime": "2021-09-18 15:30:18", "elapsed": 123.38753, "delta": 1.090993}}
{"target": 0.900586145735193, "params": {"C": 409.4638491289446, "epsilon": 0.7447078360513675, "gamma": 0.05283316179744579}, "datetime": {"datetime": "2021-09-18 15:30:19", "elapsed": 124.407177, "delta": 1.019647}}
{"target": 0.8812758545899385, "params": {"C": 328.05020590108313, "epsilon": 0.6992395019641354, "gamma": 0.14729447649804148}, "datetime": {"datetime": "2021-09-18 15:30:20", "elapsed": 125.696235, "delta": 1.289058}}
{"target": 0.8810540503781885, "params": {"C": 564.1067173149675, "epsilon": 0.04056042970449936, "gamma": 0.09972482469423169}, "datetime": {"datetime": "2021-09-18 15:30:21", "elapsed": 126.651617, "delta": 0.955382}}
{"target": 0.8821808793705168, "params": {"C": 382.3512339199574, "epsilon": 0.5053324617810758, "gamma": 0.1303745580735866}, "datetime": {"datetime": "2021-09-18 15:30:22", "elapsed": 127.387621, "delta": 0.736004}}
{"target": 0.9057945874804134, "params": {"C": 483.22746338048324, "epsilon": 0.6916989084122341, "gamma": 0.07770659309715003}, "datetime": {"datetime": "2021-09-18 15:30:23", "elapsed": 128.409621, "delta": 1.022}}
{"target": 0.8831412491632907, "params": {"C": 409.47540214086973, "epsilon": 0.8, "gamma": 0.13416567011962283}, "datetime": {"datetime": "2021-09-18 15:30:24", "elapsed": 129.397655, "delta": 0.988034}}
{"target": 0.9087753122128176, "params": {"C": 483.1556983953744, "epsilon": 0.758316103888742, "gamma": 0.06481331251034747}, "datetime": {"datetime": "2021-09-18 15:30:25", "elapsed": 130.341626, "delta": 0.943971}}
{"target": 0.8978697807748914, "params": {"C": 367.3521415611604, "epsilon": 0.31102571826879777, "gamma": 0.0957102588323008}, "datetime": {"datetime": "2021-09-18 15:30:25", "elapsed": 131.161617, "delta": 0.819991}}
{"target": 0.8989996698477055, "params": {"C": 327.9249262431453, "epsilon": 0.6495728739050431, "gamma": 0.053601502557056625}, "datetime": {"datetime": "2021-09-18 15:30:27", "elapsed": 132.299168, "delta": 1.137551}}
{"target": 0.8873187316975706, "params": {"C": 346.82936518073, "epsilon": 0.6253628934066496, "gamma": 0.1268141533668202}, "datetime": {"datetime": "2021-09-18 15:30:28", "elapsed": 133.179549, "delta": 0.880381}}
{"target": 0.8996917812147832, "params": {"C": 483.0711717635244, "epsilon": 0.7152111718565368, "gamma": 0.08772235056033477}, "datetime": {"datetime": "2021-09-18 15:30:29", "elapsed": 134.244317, "delta": 1.064768}}
{"target": 0.9086572145708303, "params": {"C": 409.4876797170829, "epsilon": 0.6480105447293536, "gamma": 0.06250759469158818}, "datetime": {"datetime": "2021-09-18 15:30:30", "elapsed": 135.6416, "delta": 1.397283}}
{"target": 0.9046644376017721, "params": {"C": 483.08770151587584, "epsilon": 0.4399908356738533, "gamma": 0.06478983628115009}, "datetime": {"datetime": "2021-09-18 15:30:31", "elapsed": 136.842429, "delta": 1.200829}}
{"target": 0.8839072556510151, "params": {"C": 392.57259415258847, "epsilon": 0.2673799774939842, "gamma": 0.11847014366787623}, "datetime": {"datetime": "2021-09-18 15:30:32", "elapsed": 137.740534, "delta": 0.898105}}
{"target": 0.8711438980881661, "params": {"C": 518.1699927691589, "epsilon": 0.3784900201436101, "gamma": 0.14267528296287557}, "datetime": {"datetime": "2021-09-18 15:30:33", "elapsed": 138.626669, "delta": 0.886135}}
{"target": 0.9051731601664228, "params": {"C": 462.71455252684353, "epsilon": 0.4356958376686361, "gamma": 0.06143390515073155}, "datetime": {"datetime": "2021-09-18 15:30:34", "elapsed": 139.963563, "delta": 1.336894}}
{"target": 0.906430641524901, "params": {"C": 483.29000791281476, "epsilon": 0.6126589463684269, "gamma": 0.058834461330981}, "datetime": {"datetime": "2021-09-18 15:30:36", "elapsed": 141.218727, "delta": 1.255164}}
{"target": 0.9087314998329589, "params": {"C": 483.2107262901663, "epsilon": 0.762361161793839, "gamma": 0.0635725837774152}, "datetime": {"datetime": "2021-09-18 15:30:37", "elapsed": 142.323963, "delta": 1.105236}}
{"target": 0.900653713831771, "params": {"C": 462.6145109509133, "epsilon": 0.4165307392153481, "gamma": 0.05419900445131836}, "datetime": {"datetime": "2021-09-18 15:30:38", "elapsed": 143.581724, "delta": 1.257761}}
{"target": 0.8856237010920881, "params": {"C": 353.3280745422552, "epsilon": 0.6537151974882383, "gamma": 0.1304222595204233}, "datetime": {"datetime": "2021-09-18 15:30:39", "elapsed": 144.446105, "delta": 0.864381}}
{"target": 0.8883591302303339, "params": {"C": 374.5019474973228, "epsilon": 0.3008166845239685, "gamma": 0.10844095958472913}, "datetime": {"datetime": "2021-09-18 15:30:40", "elapsed": 145.357735, "delta": 0.91163}}
{"target": 0.9094299546165857, "params": {"C": 381.5597598760713, "epsilon": 0.7251218047159705, "gamma": 0.0647362169244752}, "datetime": {"datetime": "2021-09-18 15:30:41", "elapsed": 146.194102, "delta": 0.836367}}
{"target": 0.8840866979047508, "params": {"C": 381.51811463492965, "epsilon": 0.6876193746639705, "gamma": 0.13069514804526822}, "datetime": {"datetime": "2021-09-18 15:30:42", "elapsed": 147.474065, "delta": 1.279963}}
{"target": 0.8989157360708365, "params": {"C": 459.5587009509733, "epsilon": 0.4309464071958332, "gamma": 0.0840534746290887}, "datetime": {"datetime": "2021-09-18 15:30:43", "elapsed": 148.634236, "delta": 1.160171}}
{"target": 0.9021464055637971, "params": {"C": 368.456110331632, "epsilon": 0.773499196249791, "gamma": 0.09441232750045608}, "datetime": {"datetime": "2021-09-18 15:30:44", "elapsed": 149.442239, "delta": 0.808003}}
{"target": 0.8992073139387625, "params": {"C": 692.2043627463928, "epsilon": 0.38975605626632, "gamma": 0.06224338704829816}, "datetime": {"datetime": "2021-09-18 15:30:45", "elapsed": 150.396167, "delta": 0.953928}}
{"target": 0.9091835449262395, "params": {"C": 381.6192146961135, "epsilon": 0.717505655928956, "gamma": 0.07692225344664592}, "datetime": {"datetime": "2021-09-18 15:30:46", "elapsed": 151.501162, "delta": 1.104995}}
{"target": 0.8977251373830355, "params": {"C": 368.4409986721931, "epsilon": 0.7809209638913288, "gamma": 0.050708482851937714}, "datetime": {"datetime": "2021-09-18 15:30:47", "elapsed": 152.53199, "delta": 1.030828}}
{"target": 0.8868626112262001, "params": {"C": 328.2104661734369, "epsilon": 0.746308481065864, "gamma": 0.13342752335986374}, "datetime": {"datetime": "2021-09-18 15:30:48", "elapsed": 153.844657, "delta": 1.312667}}
{"target": 0.8792729530856472, "params": {"C": 483.17748525781064, "epsilon": 0.6929793834576261, "gamma": 0.1327573293681345}, "datetime": {"datetime": "2021-09-18 15:30:49", "elapsed": 155.007611, "delta": 1.162954}}
{"target": 0.9055399379386087, "params": {"C": 381.57602187740474, "epsilon": 0.7562636613271847, "gamma": 0.08770272099027913}, "datetime": {"datetime": "2021-09-18 15:30:50", "elapsed": 156.060014, "delta": 1.052403}}
{"target": 0.9029666627266865, "params": {"C": 327.9765128351665, "epsilon": 0.7609558731298112, "gamma": 0.09703912155649827}, "datetime": {"datetime": "2021-09-18 15:30:52", "elapsed": 157.19193, "delta": 1.131916}}
{"target": 0.8680316515324136, "params": {"C": 602.6103570012522, "epsilon": 0.22299213645294824, "gamma": 0.1339525860334282}, "datetime": {"datetime": "2021-09-18 15:30:52", "elapsed": 158.163341, "delta": 0.971411}}
{"target": 0.8717984776396706, "params": {"C": 483.2100482817866, "epsilon": 0.38695842507274264, "gamma": 0.14974535367974473}, "datetime": {"datetime": "2021-09-18 15:30:54", "elapsed": 159.238609, "delta": 1.075268}}
{"target": 0.9072063797785863, "params": {"C": 483.231359267115, "epsilon": 0.6405782970525649, "gamma": 0.06533931324913773}, "datetime": {"datetime": "2021-09-18 15:30:55", "elapsed": 160.542243, "delta": 1.303634}}
{"target": 0.8966252745017357, "params": {"C": 381.6250545492119, "epsilon": 0.6169953730912294, "gamma": 0.05016892481441231}, "datetime": {"datetime": "2021-09-18 15:30:56", "elapsed": 161.692209, "delta": 1.149966}}
{"target": 0.8845682083440425, "params": {"C": 381.69605575043846, "epsilon": 0.6984583138807141, "gamma": 0.1295360329997775}, "datetime": {"datetime": "2021-09-18 15:30:57", "elapsed": 162.836351, "delta": 1.144142}}
{"target": 0.9041769984780269, "params": {"C": 695.7516069098133, "epsilon": 0.748608623402043, "gamma": 0.0555212282559872}, "datetime": {"datetime": "2021-09-18 15:30:58", "elapsed": 163.808343, "delta": 0.971992}}
{"target": 0.8974868135704999, "params": {"C": 533.5050990206171, "epsilon": 0.44775111696356634, "gamma": 0.05}, "datetime": {"datetime": "2021-09-18 15:30:59", "elapsed": 164.983262, "delta": 1.174919}}
{"target": 0.8956682125960086, "params": {"C": 316.3026084429492, "epsilon": 0.47784940899805745, "gamma": 0.05}, "datetime": {"datetime": "2021-09-18 15:31:01", "elapsed": 166.49302, "delta": 1.509758}}
{"target": 0.9110456127423121, "params": {"C": 368.5902100735607, "epsilon": 0.7879719476387098, "gamma": 0.0719069859738917}, "datetime": {"datetime": "2021-09-18 15:31:02", "elapsed": 167.442018, "delta": 0.948998}}
{"target": 0.8752681983913195, "params": {"C": 695.7362391128379, "epsilon": 0.7651966438737218, "gamma": 0.12099679258400704}, "datetime": {"datetime": "2021-09-18 15:31:03", "elapsed": 168.812016, "delta": 1.369998}}
{"target": 0.8748056416705188, "params": {"C": 459.62163605811674, "epsilon": 0.47338157930301406, "gamma": 0.1462025702116694}, "datetime": {"datetime": "2021-09-18 15:31:05", "elapsed": 170.260979, "delta": 1.448963}}
{"target": 0.8782898669351735, "params": {"C": 424.8567165562072, "epsilon": 0.5568796385072028, "gamma": 0.14213898764489397}, "datetime": {"datetime": "2021-09-18 15:31:06", "elapsed": 171.418019, "delta": 1.15704}}
{"target": 0.8907070326561237, "params": {"C": 305.60644663486454, "epsilon": 0.6540696091619151, "gamma": 0.12408122884918041}, "datetime": {"datetime": "2021-09-18 15:31:07", "elapsed": 172.722015, "delta": 1.303996}}
{"target": 0.8847137797615323, "params": {"C": 483.1982214357271, "epsilon": 0.7983280138049749, "gamma": 0.11820502225535119}, "datetime": {"datetime": "2021-09-18 15:31:09", "elapsed": 174.243984, "delta": 1.521969}}
{"target": 0.9020303678943723, "params": {"C": 465.2925941466581, "epsilon": 0.2666488782324522, "gamma": 0.06496357699986323}, "datetime": {"datetime": "2021-09-18 15:31:10", "elapsed": 175.229758, "delta": 0.985774}}
{"target": 0.9028525265629711, "params": {"C": 316.22971947765797, "epsilon": 0.4847255625400926, "gamma": 0.09411716394838338}, "datetime": {"datetime": "2021-09-18 15:31:11", "elapsed": 176.46195, "delta": 1.232192}}
{"target": 0.8842179311535387, "params": {"C": 462.8739070542868, "epsilon": 0.6207313361378851, "gamma": 0.1185345703149028}, "datetime": {"datetime": "2021-09-18 15:31:12", "elapsed": 177.704525, "delta": 1.242575}}
{"target": 0.9008205425783165, "params": {"C": 553.1606360485877, "epsilon": 0.6716993204362987, "gamma": 0.07878533964822027}, "datetime": {"datetime": "2021-09-18 15:31:13", "elapsed": 178.69666, "delta": 0.992135}}
{"target": 0.8764566627401479, "params": {"C": 527.7081807356725, "epsilon": 0.37666489072421483, "gamma": 0.1218061197660157}, "datetime": {"datetime": "2021-09-18 15:31:14", "elapsed": 179.726702, "delta": 1.030042}}
{"target": 0.9060154673566853, "params": {"C": 462.57928503393543, "epsilon": 0.5087159619678003, "gamma": 0.06834437526172542}, "datetime": {"datetime": "2021-09-18 15:31:15", "elapsed": 180.929614, "delta": 1.202912}}
{"target": 0.9021214961694566, "params": {"C": 409.51076734490533, "epsilon": 0.7995215213587401, "gamma": 0.05320512216911223}, "datetime": {"datetime": "2021-09-18 15:31:17", "elapsed": 182.390826, "delta": 1.461212}}
{"target": 0.906046932792919, "params": {"C": 462.5773898455643, "epsilon": 0.5723082434142368, "gamma": 0.059378907639035555}, "datetime": {"datetime": "2021-09-18 15:31:18", "elapsed": 183.658511, "delta": 1.267685}}
{"target": 0.8949425055757118, "params": {"C": 690.207438288858, "epsilon": 0.2367488036941603, "gamma": 0.05949600009278749}, "datetime": {"datetime": "2021-09-18 15:31:19", "elapsed": 184.764313, "delta": 1.105802}}
{"target": 0.8916770222495686, "params": {"C": 512.7480683575145, "epsilon": 0.2815968356155537, "gamma": 0.050488433739983185}, "datetime": {"datetime": "2021-09-18 15:31:20", "elapsed": 185.728083, "delta": 0.96377}}
{"target": 0.8835407757532382, "params": {"C": 453.2422646542301, "epsilon": 0.601885540350978, "gamma": 0.12044551690543064}, "datetime": {"datetime": "2021-09-18 15:31:21", "elapsed": 186.744136, "delta": 1.016053}}
{"target": 0.8974071939038438, "params": {"C": 424.8718113559424, "epsilon": 0.6000220697453914, "gamma": 0.05}, "datetime": {"datetime": "2021-09-18 15:31:23", "elapsed": 188.224519, "delta": 1.480383}}
{"target": 0.8812957092372797, "params": {"C": 462.62575012375544, "epsilon": 0.5563042308460039, "gamma": 0.12291553330779295}, "datetime": {"datetime": "2021-09-18 15:31:24", "elapsed": 189.455378, "delta": 1.230859}}
{"target": 0.89997829988188, "params": {"C": 327.99431327813477, "epsilon": 0.7383301379028396, "gamma": 0.054301751583504976}, "datetime": {"datetime": "2021-09-18 15:31:25", "elapsed": 190.786076, "delta": 1.330698}}
{"target": 0.9050649728812703, "params": {"C": 462.54257612409725, "epsilon": 0.4182136858973147, "gamma": 0.06442809644190346}, "datetime": {"datetime": "2021-09-18 15:31:26", "elapsed": 192.135008, "delta": 1.348932}}
{"target": 0.9104673880561408, "params": {"C": 328.09786820334443, "epsilon": 0.7587323491260056, "gamma": 0.06894439298327906}, "datetime": {"datetime": "2021-09-18 15:31:28", "elapsed": 193.451669, "delta": 1.316661}}
