{"target": 0.8981413284981492, "params": {"C": 73.19649649174934, "epsilon": 0.23867398696962125, "gamma": 0.07675744357517125}, "datetime": {"datetime": "2021-09-18 12:15:02", "elapsed": 175.363026, "delta": 1.932278}}
{"target": 0.8968159687665948, "params": {"C": 68.35749412472465, "epsilon": 0.2919232158193585, "gamma": 0.0743881658831537}, "datetime": {"datetime": "2021-09-18 12:15:02", "elapsed": 176.247951, "delta": 0.884925}}
{"target": 0.8958923007887193, "params": {"C": 73.15828472629852, "epsilon": 0.25642674027379164, "gamma": 0.06770482845291353}, "datetime": {"datetime": "2021-09-18 12:15:04", "elapsed": 177.580681, "delta": 1.33273}}
{"target": 0.8890187428779358, "params": {"C": 73.2313065938348, "epsilon": 0.2826494235649267, "gamma": 0.05402326157457512}, "datetime": {"datetime": "2021-09-18 12:15:05", "elapsed": 178.813619, "delta": 1.232938}}
{"target": 0.8974927183342807, "params": {"C": 71.22252537742382, "epsilon": 0.3875172460918746, "gamma": 0.0741234265901015}, "datetime": {"datetime": "2021-09-18 12:15:06", "elapsed": 179.739663, "delta": 0.926044}}
{"target": 0.8980464711556964, "params": {"C": 73.24704658592556, "epsilon": 0.21067006462250676, "gamma": 0.07552121355432043}, "datetime": {"datetime": "2021-09-18 12:15:07", "elapsed": 180.811755, "delta": 1.072092}}
{"target": 0.8974809958384584, "params": {"C": 73.21711975501155, "epsilon": 0.19943944191510188, "gamma": 0.0731851601749788}, "datetime": {"datetime": "2021-09-18 12:15:08", "elapsed": 181.908641, "delta": 1.096886}}
{"target": 0.8982786695264873, "params": {"C": 73.18681605042084, "epsilon": 0.3327904284889014, "gamma": 0.07748788156666825}, "datetime": {"datetime": "2021-09-18 12:15:09", "elapsed": 182.991802, "delta": 1.083161}}
{"target": 0.8876206010101234, "params": {"C": 73.22517313015453, "epsilon": 0.2206845753194448, "gamma": 0.0526973199727059}, "datetime": {"datetime": "2021-09-18 12:15:10", "elapsed": 184.079457, "delta": 1.087655}}
{"target": 0.8981070453823254, "params": {"C": 73.23774504375423, "epsilon": 0.17749965679600394, "gamma": 0.07629287631610217}, "datetime": {"datetime": "2021-09-18 12:15:12", "elapsed": 185.507701, "delta": 1.428244}}
{"target": 0.8981193389564134, "params": {"C": 73.18051542103814, "epsilon": 0.20051954081371837, "gamma": 0.07611153241860796}, "datetime": {"datetime": "2021-09-18 12:15:13", "elapsed": 187.25488, "delta": 1.747179}}
{"target": 0.8956150295137452, "params": {"C": 73.2711517195673, "epsilon": 0.18845095895995992, "gamma": 0.06659659636957357}, "datetime": {"datetime": "2021-09-18 12:15:15", "elapsed": 188.662213, "delta": 1.407333}}
{"target": 0.8983517400744142, "params": {"C": 73.20061280107063, "epsilon": 0.16876499304818535, "gamma": 0.08}, "datetime": {"datetime": "2021-09-18 12:15:16", "elapsed": 189.995696, "delta": 1.333483}}
{"target": 0.8967480091108051, "params": {"C": 76.32732341800381, "epsilon": 0.3656529982971189, "gamma": 0.0681454377185455}, "datetime": {"datetime": "2021-09-18 12:15:17", "elapsed": 190.933127, "delta": 0.937431}}
{"target": 0.8912260094769444, "params": {"C": 69.80259066110825, "epsilon": 0.33856609996193565, "gamma": 0.058652015169981093}, "datetime": {"datetime": "2021-09-18 12:15:18", "elapsed": 191.919051, "delta": 0.985924}}
{"target": 0.8978461063745008, "params": {"C": 73.2468730285151, "epsilon": 0.21147645314767324, "gamma": 0.07454531767375619}, "datetime": {"datetime": "2021-09-18 12:15:19", "elapsed": 192.861352, "delta": 0.942301}}
{"target": 0.8981126251722931, "params": {"C": 73.16299003153031, "epsilon": 0.15823128785040738, "gamma": 0.07727430826602445}, "datetime": {"datetime": "2021-09-18 12:15:21", "elapsed": 194.767094, "delta": 1.905742}}
{"target": 0.8898658532834417, "params": {"C": 73.19694165814269, "epsilon": 0.14377543690354874, "gamma": 0.05572953366799091}, "datetime": {"datetime": "2021-09-18 12:15:22", "elapsed": 196.108076, "delta": 1.340982}}
{"target": 0.8975859839274265, "params": {"C": 73.1638958572387, "epsilon": 0.30334555031041194, "gamma": 0.07315700829301904}, "datetime": {"datetime": "2021-09-18 12:15:24", "elapsed": 197.760106, "delta": 1.65203}}
{"target": 0.8932923086924538, "params": {"C": 68.52473946556294, "epsilon": 0.21755893815497815, "gamma": 0.06272614248154504}, "datetime": {"datetime": "2021-09-18 12:15:25", "elapsed": 198.71446, "delta": 0.954354}}
{"target": 0.8982810312144239, "params": {"C": 74.04791806049116, "epsilon": 0.47, "gamma": 0.08}, "datetime": {"datetime": "2021-09-18 12:15:27", "elapsed": 200.403201, "delta": 1.688741}}
{"target": 0.8975120114243067, "params": {"C": 73.46326933486671, "epsilon": 0.054799370338674616, "gamma": 0.07889676523435017}, "datetime": {"datetime": "2021-09-18 12:15:28", "elapsed": 201.646203, "delta": 1.243002}}
{"target": 0.8930466733213515, "params": {"C": 76.73617179044719, "epsilon": 0.39548615827734973, "gamma": 0.05910594492620934}, "datetime": {"datetime": "2021-09-18 12:15:29", "elapsed": 202.67521, "delta": 1.029007}}
{"target": 0.8939492015047751, "params": {"C": 73.15050695278732, "epsilon": 0.19270278218761547, "gamma": 0.06241759471801294}, "datetime": {"datetime": "2021-09-18 12:15:30", "elapsed": 204.10816, "delta": 1.43295}}
{"target": 0.887233448322213, "params": {"C": 74.0466014826729, "epsilon": 0.4467315165421602, "gamma": 0.05055179776885105}, "datetime": {"datetime": "2021-09-18 12:15:32", "elapsed": 205.439851, "delta": 1.331691}}
{"target": 0.8974259011406253, "params": {"C": 74.09445847270803, "epsilon": 0.3891061708666779, "gamma": 0.07151386481843024}, "datetime": {"datetime": "2021-09-18 12:15:33", "elapsed": 206.79211, "delta": 1.352259}}
{"target": 0.8849252647720619, "params": {"C": 73.45821218541367, "epsilon": 0.1524305083240289, "gamma": 0.05}, "datetime": {"datetime": "2021-09-18 12:15:35", "elapsed": 208.35585, "delta": 1.56374}}
{"target": 0.8982085402999109, "params": {"C": 73.26272574102754, "epsilon": 0.2484438792092734, "gamma": 0.07768189509718969}, "datetime": {"datetime": "2021-09-18 12:15:36", "elapsed": 209.943935, "delta": 1.588085}}
{"target": 0.898596697251616, "params": {"C": 76.04345566729472, "epsilon": 0.22627604150099917, "gamma": 0.08}, "datetime": {"datetime": "2021-09-18 12:15:38", "elapsed": 211.321436, "delta": 1.377501}}
{"target": 0.8975166608371281, "params": {"C": 72.40405014850313, "epsilon": 0.4082031481772509, "gamma": 0.07349719212111597}, "datetime": {"datetime": "2021-09-18 12:15:39", "elapsed": 212.327935, "delta": 1.006499}}
{"target": 0.8983263209849761, "params": {"C": 73.51458428674717, "epsilon": 0.15690354023759126, "gamma": 0.08}, "datetime": {"datetime": "2021-09-18 12:15:40", "elapsed": 213.927625, "delta": 1.59969}}
{"target": 0.8924718563733889, "params": {"C": 75.0738629741284, "epsilon": 0.44472853725629613, "gamma": 0.05842787391004152}, "datetime": {"datetime": "2021-09-18 12:15:41", "elapsed": 214.914111, "delta": 0.986486}}
{"target": 0.8949406760664463, "params": {"C": 76.03961352765712, "epsilon": 0.200371453774972, "gamma": 0.0635775709670701}, "datetime": {"datetime": "2021-09-18 12:15:42", "elapsed": 216.219695, "delta": 1.305584}}
{"target": 0.8962261926930356, "params": {"C": 75.8999353747475, "epsilon": 0.11120453188237168, "gamma": 0.06840253189087069}, "datetime": {"datetime": "2021-09-18 12:15:43", "elapsed": 217.260528, "delta": 1.040833}}
{"target": 0.8976960036474095, "params": {"C": 72.40552771571198, "epsilon": 0.40728467281698283, "gamma": 0.0745747172373013}, "datetime": {"datetime": "2021-09-18 12:15:44", "elapsed": 218.269644, "delta": 1.009116}}
{"target": 0.8985075629452318, "params": {"C": 76.00622128184042, "epsilon": 0.23669258165957735, "gamma": 0.07626622235471565}, "datetime": {"datetime": "2021-09-18 12:15:46", "elapsed": 219.597652, "delta": 1.328008}}
{"target": 0.8860327046364294, "params": {"C": 74.9088695115361, "epsilon": 0.13526329854014646, "gamma": 0.05093325646556078}, "datetime": {"datetime": "2021-09-18 12:15:47", "elapsed": 220.666653, "delta": 1.069001}}
{"target": 0.8987779309267195, "params": {"C": 76.03335621849466, "epsilon": 0.25985044726835504, "gamma": 0.08}, "datetime": {"datetime": "2021-09-18 12:15:49", "elapsed": 222.376238, "delta": 1.709585}}
{"target": 0.8973082029693457, "params": {"C": 71.44359190324334, "epsilon": 0.03830547163632981, "gamma": 0.0796802582898064}, "datetime": {"datetime": "2021-09-18 12:15:50", "elapsed": 223.433628, "delta": 1.05739}}
{"target": 0.8971432094769657, "params": {"C": 70.67562823845442, "epsilon": 0.03129978620896355, "gamma": 0.07930568544957653}, "datetime": {"datetime": "2021-09-18 12:15:51", "elapsed": 224.499521, "delta": 1.065893}}
{"target": 0.8959282488450591, "params": {"C": 74.69137625792793, "epsilon": 0.3049182888313975, "gamma": 0.06710852724870554}, "datetime": {"datetime": "2021-09-18 12:15:52", "elapsed": 225.577445, "delta": 1.077924}}
{"target": 0.889827357195023, "params": {"C": 70.06873161924086, "epsilon": 0.06327037863844062, "gamma": 0.057349298095715276}, "datetime": {"datetime": "2021-09-18 12:15:53", "elapsed": 226.597887, "delta": 1.020442}}
{"target": 0.8987843056760556, "params": {"C": 76.00014378865178, "epsilon": 0.27135585388701, "gamma": 0.08}, "datetime": {"datetime": "2021-09-18 12:15:54", "elapsed": 228.025912, "delta": 1.428025}}
{"target": 0.897741477595266, "params": {"C": 72.18430865542516, "epsilon": 0.10166491734142229, "gamma": 0.07821926609123381}, "datetime": {"datetime": "2021-09-18 12:15:55", "elapsed": 229.150124, "delta": 1.124212}}
{"target": 0.8881120053828955, "params": {"C": 76.03211015774183, "epsilon": 0.2442470799942324, "gamma": 0.05247201497579404}, "datetime": {"datetime": "2021-09-18 12:15:57", "elapsed": 230.685484, "delta": 1.53536}}
{"target": 0.8958930745410061, "params": {"C": 69.39840057040603, "epsilon": 0.21425303642568025, "gamma": 0.06995039054721311}, "datetime": {"datetime": "2021-09-18 12:15:58", "elapsed": 231.759479, "delta": 1.073995}}
{"target": 0.8947652061100938, "params": {"C": 76.89119406605563, "epsilon": 0.4143679402355494, "gamma": 0.0628390933139471}, "datetime": {"datetime": "2021-09-18 12:15:59", "elapsed": 232.898071, "delta": 1.138592}}
{"target": 0.8985954082030025, "params": {"C": 75.964529591035, "epsilon": 0.23343765309814785, "gamma": 0.07895023325879319}, "datetime": {"datetime": "2021-09-18 12:16:01", "elapsed": 234.697563, "delta": 1.799492}}
{"target": 0.8982009527371017, "params": {"C": 75.96637488969667, "epsilon": 0.2639215749366956, "gamma": 0.07425318279859028}, "datetime": {"datetime": "2021-09-18 12:16:04", "elapsed": 237.739568, "delta": 3.042005}}
{"target": 0.8987055906934576, "params": {"C": 75.93146917589634, "epsilon": 0.2459014858155441, "gamma": 0.07993955129195504}, "datetime": {"datetime": "2021-09-18 12:16:05", "elapsed": 239.162938, "delta": 1.42337}}
{"target": 0.8861464128216024, "params": {"C": 75.94701593291731, "epsilon": 0.2386625428880805, "gamma": 0.05019387335082696}, "datetime": {"datetime": "2021-09-18 12:16:07", "elapsed": 241.078059, "delta": 1.915121}}
{"target": 0.8978920259386742, "params": {"C": 74.10639975073377, "epsilon": 0.2404953982448596, "gamma": 0.07422001356827795}, "datetime": {"datetime": "2021-09-18 12:16:08", "elapsed": 242.177647, "delta": 1.099588}}
{"target": 0.8983768012061975, "params": {"C": 75.89177970729565, "epsilon": 0.25848581073778093, "gamma": 0.07551312262953534}, "datetime": {"datetime": "2021-09-18 12:16:10", "elapsed": 243.904869, "delta": 1.727222}}
{"target": 0.8986699641119398, "params": {"C": 75.85552400455688, "epsilon": 0.2636181433405175, "gamma": 0.07847045691302981}, "datetime": {"datetime": "2021-09-18 12:16:11", "elapsed": 245.308951, "delta": 1.404082}}
{"target": 0.8986129751203621, "params": {"C": 75.86929249177268, "epsilon": 0.2323486748499042, "gamma": 0.08}, "datetime": {"datetime": "2021-09-18 12:16:13", "elapsed": 246.911106, "delta": 1.602155}}
{"target": 0.8870422028915511, "params": {"C": 75.86522660124744, "epsilon": 0.24842966477403036, "gamma": 0.051187335865574245}, "datetime": {"datetime": "2021-09-18 12:16:15", "elapsed": 249.109941, "delta": 2.198835}}
{"target": 0.8985412006446383, "params": {"C": 75.89744719037459, "epsilon": 0.21239773423884858, "gamma": 0.07633219219268264}, "datetime": {"datetime": "2021-09-18 12:16:17", "elapsed": 250.709626, "delta": 1.599685}}
{"target": 0.8987537587567661, "params": {"C": 75.58021954288083, "epsilon": 0.3902933777632175, "gamma": 0.07961770587459491}, "datetime": {"datetime": "2021-09-18 12:16:19", "elapsed": 252.318575, "delta": 1.608949}}
{"target": 0.8986199262099868, "params": {"C": 75.98506007208333, "epsilon": 0.20222774534915366, "gamma": 0.07865705822762525}, "datetime": {"datetime": "2021-09-18 12:16:20", "elapsed": 254.27967, "delta": 1.961095}}
{"target": 0.8987757510416476, "params": {"C": 76.03048202632127, "epsilon": 0.2963452829259735, "gamma": 0.0780959861838261}, "datetime": {"datetime": "2021-09-18 12:16:22", "elapsed": 255.703901, "delta": 1.424231}}
{"target": 0.8961948385683903, "params": {"C": 71.04520877146791, "epsilon": 0.3599919717721309, "gamma": 0.06939718213724998}, "datetime": {"datetime": "2021-09-18 12:16:23", "elapsed": 256.867476, "delta": 1.163575}}
{"target": 0.8986900156561501, "params": {"C": 75.98764467863192, "epsilon": 0.24579699622140172, "gamma": 0.07959523293442891}, "datetime": {"datetime": "2021-09-18 12:16:25", "elapsed": 258.618413, "delta": 1.750937}}
{"target": 0.8988237446337529, "params": {"C": 75.97660812580106, "epsilon": 0.2918245522946622, "gamma": 0.07989914460402409}, "datetime": {"datetime": "2021-09-18 12:16:27", "elapsed": 260.475795, "delta": 1.857382}}
{"target": 0.8919846099866069, "params": {"C": 76.00692256898292, "epsilon": 0.30582659810143864, "gamma": 0.05826945662185683}, "datetime": {"datetime": "2021-09-18 12:16:29", "elapsed": 262.502106, "delta": 2.026311}}
{"target": 0.8986173657157794, "params": {"C": 75.9482453551891, "epsilon": 0.2930509197111685, "gamma": 0.07605333589090242}, "datetime": {"datetime": "2021-09-18 12:16:30", "elapsed": 264.295591, "delta": 1.793485}}
{"target": 0.898764033975304, "params": {"C": 75.92368255764384, "epsilon": 0.2756463180499572, "gamma": 0.07954786991412546}, "datetime": {"datetime": "2021-09-18 12:16:32", "elapsed": 265.762167, "delta": 1.466576}}
{"target": 0.898190225229013, "params": {"C": 74.12460161913648, "epsilon": 0.2072413054899984, "gamma": 0.07546480877378585}, "datetime": {"datetime": "2021-09-18 12:16:34", "elapsed": 267.962891, "delta": 2.200724}}
{"target": 0.8923088241116185, "params": {"C": 74.08957985954996, "epsilon": 0.19743862113944266, "gamma": 0.05894054314376775}, "datetime": {"datetime": "2021-09-18 12:16:36", "elapsed": 269.812895, "delta": 1.850004}}
{"target": 0.8983792928450213, "params": {"C": 74.13379669691102, "epsilon": 0.24487761097763816, "gamma": 0.07861866625538863}, "datetime": {"datetime": "2021-09-18 12:16:38", "elapsed": 271.801773, "delta": 1.988878}}
{"target": 0.8986074093625265, "params": {"C": 76.37442981901225, "epsilon": 0.4368469387212869, "gamma": 0.07671056864237263}, "datetime": {"datetime": "2021-09-18 12:16:39", "elapsed": 272.99191, "delta": 1.190137}}
{"target": 0.8957617229452667, "params": {"C": 74.15488597144113, "epsilon": 0.21589501749812656, "gamma": 0.06663853914390683}, "datetime": {"datetime": "2021-09-18 12:16:41", "elapsed": 274.576308, "delta": 1.584398}}
{"target": 0.8944826456076047, "params": {"C": 76.42460443077952, "epsilon": 0.3770627684654132, "gamma": 0.0622976096653551}, "datetime": {"datetime": "2021-09-18 12:16:42", "elapsed": 275.724768, "delta": 1.14846}}
{"target": 0.8960120003686404, "params": {"C": 76.3602582392572, "epsilon": 0.4082907767416337, "gamma": 0.06627730865841377}, "datetime": {"datetime": "2021-09-18 12:16:43", "elapsed": 277.259698, "delta": 1.53493}}
{"target": 0.8916778519245888, "params": {"C": 73.80833740085137, "epsilon": 0.4212648960655389, "gamma": 0.05740440731476303}, "datetime": {"datetime": "2021-09-18 12:16:45", "elapsed": 278.439985, "delta": 1.180287}}
{"target": 0.8985187676266174, "params": {"C": 76.0599165995154, "epsilon": 0.2852929273768297, "gamma": 0.07515194213057363}, "datetime": {"datetime": "2021-09-18 12:16:47", "elapsed": 280.504453, "delta": 2.064468}}
{"target": 0.8974684422725984, "params": {"C": 71.39477720019721, "epsilon": 0.15671908621652497, "gamma": 0.07499650815983526}, "datetime": {"datetime": "2021-09-18 12:16:48", "elapsed": 281.627341, "delta": 1.122888}}
{"target": 0.8986333968220637, "params": {"C": 76.35284119077575, "epsilon": 0.4564011012319974, "gamma": 0.07814102739103598}, "datetime": {"datetime": "2021-09-18 12:16:50", "elapsed": 283.626259, "delta": 1.998918}}
{"target": 0.8911357586362226, "params": {"C": 76.32310889180197, "epsilon": 0.33059424332704634, "gamma": 0.05669387177434916}, "datetime": {"datetime": "2021-09-18 12:16:51", "elapsed": 284.733937, "delta": 1.107678}}
{"target": 0.8944737044064393, "params": {"C": 76.38620923831235, "epsilon": 0.46006523981358854, "gamma": 0.06267017240684887}, "datetime": {"datetime": "2021-09-18 12:16:53", "elapsed": 286.315152, "delta": 1.581215}}
{"target": 0.8898384063162188, "params": {"C": 76.32010784614981, "epsilon": 0.4389049007111469, "gamma": 0.05363634533843523}, "datetime": {"datetime": "2021-09-18 12:16:55", "elapsed": 288.522891, "delta": 2.207739}}
{"target": 0.8950176448650699, "params": {"C": 69.4735660436593, "epsilon": 0.049610538442509025, "gamma": 0.06795692123650385}, "datetime": {"datetime": "2021-09-18 12:16:56", "elapsed": 289.64564, "delta": 1.122749}}
{"target": 0.8983827297717307, "params": {"C": 73.43429108166197, "epsilon": 0.19246813704867244, "gamma": 0.07961360989031446}, "datetime": {"datetime": "2021-09-18 12:16:59", "elapsed": 292.620149, "delta": 2.974509}}
{"target": 0.8983397023130604, "params": {"C": 75.8749367087908, "epsilon": 0.17303404207059978, "gamma": 0.07515331102388564}, "datetime": {"datetime": "2021-09-18 12:17:01", "elapsed": 294.390769, "delta": 1.77062}}
{"target": 0.898539734452513, "params": {"C": 75.91630944380199, "epsilon": 0.1679068550319593, "gamma": 0.07910607530485839}, "datetime": {"datetime": "2021-09-18 12:17:02", "elapsed": 295.94144, "delta": 1.550671}}
{"target": 0.8859460046306324, "params": {"C": 75.90180492229027, "epsilon": 0.18194952499495323, "gamma": 0.05029922147878337}, "datetime": {"datetime": "2021-09-18 12:17:04", "elapsed": 297.623257, "delta": 1.681817}}
{"target": 0.8984182944936748, "params": {"C": 75.94397383273866, "epsilon": 0.14109400230092795, "gamma": 0.07955229545241893}, "datetime": {"datetime": "2021-09-18 12:17:06", "elapsed": 300.000772, "delta": 2.377515}}
{"target": 0.8986247145909755, "params": {"C": 75.86097814468798, "epsilon": 0.20007354296264573, "gamma": 0.08}, "datetime": {"datetime": "2021-09-18 12:17:08", "elapsed": 301.712448, "delta": 1.711676}}
{"target": 0.8983265206751984, "params": {"C": 75.86552476475029, "epsilon": 0.1385639699144045, "gamma": 0.07816288296714492}, "datetime": {"datetime": "2021-09-18 12:17:10", "elapsed": 303.635032, "delta": 1.922584}}
{"target": 0.8987951069869514, "params": {"C": 76.05739247173757, "epsilon": 0.31721104810387324, "gamma": 0.08}, "datetime": {"datetime": "2021-09-18 12:17:12", "elapsed": 306.149592, "delta": 2.51456}}
{"target": 0.8960302987247503, "params": {"C": 75.66282903475354, "epsilon": 0.1082811943515935, "gamma": 0.06784146873276659}, "datetime": {"datetime": "2021-09-18 12:17:14", "elapsed": 307.764509, "delta": 1.614917}}
{"target": 0.8971757014640547, "params": {"C": 70.41663570338689, "epsilon": 0.26223760222539283, "gamma": 0.07446582170127196}, "datetime": {"datetime": "2021-09-18 12:17:15", "elapsed": 309.204122, "delta": 1.439613}}
{"target": 0.8985514749544244, "params": {"C": 75.8443744379676, "epsilon": 0.16697729419481283, "gamma": 0.08}, "datetime": {"datetime": "2021-09-18 12:17:17", "elapsed": 311.153566, "delta": 1.949444}}
{"target": 0.8931388741151527, "params": {"C": 69.61568469441073, "epsilon": 0.39238482466235336, "gamma": 0.061716419703878284}, "datetime": {"datetime": "2021-09-18 12:17:19", "elapsed": 312.465909, "delta": 1.312343}}
{"target": 0.898181635885421, "params": {"C": 75.97845488690372, "epsilon": 0.15766746524978353, "gamma": 0.0748905456251828}, "datetime": {"datetime": "2021-09-18 12:17:21", "elapsed": 314.982257, "delta": 2.516348}}
{"target": 0.8986112798933669, "params": {"C": 75.93982904589622, "epsilon": 0.1881783843465095, "gamma": 0.07936838613120921}, "datetime": {"datetime": "2021-09-18 12:17:23", "elapsed": 317.150999, "delta": 2.168742}}
{"target": 0.8964041045986536, "params": {"C": 75.95303791690867, "epsilon": 0.16436992766737235, "gamma": 0.06802265205458875}, "datetime": {"datetime": "2021-09-18 12:17:25", "elapsed": 319.059251, "delta": 1.908252}}
{"target": 0.8889408573648294, "params": {"C": 75.84051505334673, "epsilon": 0.13390865680151318, "gamma": 0.054012198953459545}, "datetime": {"datetime": "2021-09-18 12:17:27", "elapsed": 320.62932, "delta": 1.570069}}
{"target": 0.898322400491694, "params": {"C": 76.09310210439601, "epsilon": 0.30878240200327034, "gamma": 0.07359622571452218}, "datetime": {"datetime": "2021-09-18 12:17:29", "elapsed": 322.567304, "delta": 1.937984}}
{"target": 0.8964202280221585, "params": {"C": 73.23537833911135, "epsilon": 0.3205209743383647, "gamma": 0.06911037272909279}, "datetime": {"datetime": "2021-09-18 12:17:30", "elapsed": 323.828302, "delta": 1.260998}}
{"target": 0.8962259173365383, "params": {"C": 75.2376101228856, "epsilon": 0.14870875624306315, "gamma": 0.06785244772885086}, "datetime": {"datetime": "2021-09-18 12:17:31", "elapsed": 325.192312, "delta": 1.36401}}
{"target": 0.8983758495257838, "params": {"C": 75.89241323165496, "epsilon": 0.1479790799133491, "gamma": 0.07794082340657517}, "datetime": {"datetime": "2021-09-18 12:17:34", "elapsed": 327.614346, "delta": 2.422034}}
