{"target": 0.8926223947412671, "params": {"C": 116.69404862041651, "epsilon": 0.5122760501558791, "gamma": 0.14930250908184156}, "datetime": {"datetime": "2021-09-18 13:59:59", "elapsed": 94.120103, "delta": 0.97859}}
{"target": 0.898646889969593, "params": {"C": 105.1658144290336, "epsilon": 0.6067318385902641, "gamma": 0.128040155288137}, "datetime": {"datetime": "2021-09-18 14:00:00", "elapsed": 95.10266, "delta": 0.982557}}
{"target": 0.8998379924344478, "params": {"C": 116.72840334966273, "epsilon": 0.5052600623556831, "gamma": 0.07180335343470119}, "datetime": {"datetime": "2021-09-18 14:00:02", "elapsed": 96.671378, "delta": 1.568718}}
{"target": 0.9050045414145357, "params": {"C": 112.35611200608008, "epsilon": 0.7134598207568557, "gamma": 0.09095056731802835}, "datetime": {"datetime": "2021-09-18 14:00:03", "elapsed": 97.633365, "delta": 0.961987}}
{"target": 0.9044919492897514, "params": {"C": 105.21005095691447, "epsilon": 0.5600736499408819, "gamma": 0.10408362256408016}, "datetime": {"datetime": "2021-09-18 14:00:04", "elapsed": 98.624096, "delta": 0.990731}}
{"target": 0.8985942366811986, "params": {"C": 116.66525646981765, "epsilon": 0.5794987853983138, "gamma": 0.06918023493650771}, "datetime": {"datetime": "2021-09-18 14:00:05", "elapsed": 99.926305, "delta": 1.302209}}
{"target": 0.8978927772255779, "params": {"C": 105.18545975841096, "epsilon": 0.5870808009365727, "gamma": 0.06747701856870766}, "datetime": {"datetime": "2021-09-18 14:00:06", "elapsed": 100.841364, "delta": 0.915059}}
{"target": 0.8975293596196241, "params": {"C": 80.7221682171153, "epsilon": 0.07071236306662906, "gamma": 0.09373319210201342}, "datetime": {"datetime": "2021-09-18 14:00:07", "elapsed": 101.493507, "delta": 0.652143}}
{"target": 0.8996163941471024, "params": {"C": 112.32840152935489, "epsilon": 0.6859999451792077, "gamma": 0.1249312171172553}, "datetime": {"datetime": "2021-09-18 14:00:07", "elapsed": 102.28087, "delta": 0.787363}}
{"target": 0.9008475616837459, "params": {"C": 105.24034519522971, "epsilon": 0.5205393576349041, "gamma": 0.11851282089229324}, "datetime": {"datetime": "2021-09-18 14:00:09", "elapsed": 103.339049, "delta": 1.058179}}
{"target": 0.9009542931687575, "params": {"C": 112.36400870488657, "epsilon": 0.6249026302710446, "gamma": 0.11808918375655857}, "datetime": {"datetime": "2021-09-18 14:00:09", "elapsed": 104.025667, "delta": 0.686618}}
{"target": 0.8994063680443629, "params": {"C": 86.69832525985639, "epsilon": 0.18837505171627522, "gamma": 0.11147673237153005}, "datetime": {"datetime": "2021-09-18 14:00:10", "elapsed": 104.787009, "delta": 0.761342}}
{"target": 0.9057235994185886, "params": {"C": 117.87420192179502, "epsilon": 0.5302953996839586, "gamma": 0.09305777727072366}, "datetime": {"datetime": "2021-09-18 14:00:11", "elapsed": 105.768914, "delta": 0.981905}}
{"target": 0.89880182832594, "params": {"C": 109.49591543541513, "epsilon": 0.6095868646488748, "gamma": 0.07374533660999874}, "datetime": {"datetime": "2021-09-18 14:00:12", "elapsed": 106.528155, "delta": 0.759241}}
{"target": 0.8932844293859373, "params": {"C": 77.29136337792742, "epsilon": 0.2555717778788195, "gamma": 0.060084499442910715}, "datetime": {"datetime": "2021-09-18 14:00:12", "elapsed": 107.262572, "delta": 0.734417}}
{"target": 0.9032364271480343, "params": {"C": 116.6580617538155, "epsilon": 0.6074735479738415, "gamma": 0.1107562021068044}, "datetime": {"datetime": "2021-09-18 14:00:14", "elapsed": 108.857361, "delta": 1.594789}}
{"target": 0.9019853300945888, "params": {"C": 105.9861511324412, "epsilon": 0.44395419064398145, "gamma": 0.11398916737232707}, "datetime": {"datetime": "2021-09-18 14:00:15", "elapsed": 110.171018, "delta": 1.313657}}
{"target": 0.9032441795385737, "params": {"C": 112.40452962253812, "epsilon": 0.6415398114882931, "gamma": 0.11052156056311017}, "datetime": {"datetime": "2021-09-18 14:00:17", "elapsed": 111.345344, "delta": 1.174326}}
{"target": 0.9022492079576876, "params": {"C": 82.18268157635313, "epsilon": 0.7272125143458636, "gamma": 0.10182114834721775}, "datetime": {"datetime": "2021-09-18 14:00:17", "elapsed": 112.030234, "delta": 0.68489}}
{"target": 0.8970787046086789, "params": {"C": 108.77538429169729, "epsilon": 0.47459792928276273, "gamma": 0.1329833496457523}, "datetime": {"datetime": "2021-09-18 14:00:18", "elapsed": 112.708007, "delta": 0.677773}}
{"target": 0.9059530996585358, "params": {"C": 117.84255497591724, "epsilon": 0.43401006523101093, "gamma": 0.0975310979390486}, "datetime": {"datetime": "2021-09-18 14:00:19", "elapsed": 113.850235, "delta": 1.142228}}
{"target": 0.8980858202085442, "params": {"C": 105.2223679639317, "epsilon": 0.5681333974435557, "gamma": 0.13105693038312186}, "datetime": {"datetime": "2021-09-18 14:00:20", "elapsed": 114.731609, "delta": 0.881374}}
{"target": 0.9057188343717677, "params": {"C": 117.8917388497182, "epsilon": 0.5185720044359635, "gamma": 0.09847087241587635}, "datetime": {"datetime": "2021-09-18 14:00:21", "elapsed": 115.661643, "delta": 0.930034}}
{"target": 0.9036664218011267, "params": {"C": 117.82000832238259, "epsilon": 0.44771737588776145, "gamma": 0.08704882178283807}, "datetime": {"datetime": "2021-09-18 14:00:22", "elapsed": 116.589299, "delta": 0.927656}}
{"target": 0.8970251263732756, "params": {"C": 106.0403325543988, "epsilon": 0.4339270921642621, "gamma": 0.1316766586672212}, "datetime": {"datetime": "2021-09-18 14:00:23", "elapsed": 117.616391, "delta": 1.027092}}
{"target": 0.8985925194491512, "params": {"C": 105.20916053369372, "epsilon": 0.529131037706824, "gamma": 0.07250536964048925}, "datetime": {"datetime": "2021-09-18 14:00:24", "elapsed": 118.977446, "delta": 1.361055}}
{"target": 0.8976669191038995, "params": {"C": 84.26451381599522, "epsilon": 0.5053324617810758, "gamma": 0.1303745580735866}, "datetime": {"datetime": "2021-09-18 14:00:25", "elapsed": 119.708808, "delta": 0.731362}}
{"target": 0.9000660727590186, "params": {"C": 118.03814566060203, "epsilon": 0.28931114664679186, "gamma": 0.11987958375199947}, "datetime": {"datetime": "2021-09-18 14:00:26", "elapsed": 120.786371, "delta": 1.077563}}
{"target": 0.8976410994856109, "params": {"C": 82.14602027491851, "epsilon": 0.7536632198043285, "gamma": 0.0829038784832823}, "datetime": {"datetime": "2021-09-18 14:00:27", "elapsed": 121.694994, "delta": 0.908623}}
{"target": 0.8972561688212025, "params": {"C": 117.82715894377618, "epsilon": 0.41583503879532546, "gamma": 0.056223614466342914}, "datetime": {"datetime": "2021-09-18 14:00:28", "elapsed": 122.729626, "delta": 1.034632}}
{"target": 0.9031210280676978, "params": {"C": 117.84477583026731, "epsilon": 0.4531737710515302, "gamma": 0.11059583074910656}, "datetime": {"datetime": "2021-09-18 14:00:29", "elapsed": 123.812719, "delta": 1.083093}}
{"target": 0.9050169056935617, "params": {"C": 117.81657058790393, "epsilon": 0.42405809348705314, "gamma": 0.10230400834766173}, "datetime": {"datetime": "2021-09-18 14:00:30", "elapsed": 125.231873, "delta": 1.419154}}
{"target": 0.8985714998331844, "params": {"C": 80.26830358283213, "epsilon": 0.6253628934066496, "gamma": 0.1268141533668202}, "datetime": {"datetime": "2021-09-18 14:00:31", "elapsed": 125.970225, "delta": 0.738352}}
{"target": 0.9056834432552776, "params": {"C": 118.00289599391775, "epsilon": 0.5150818263426026, "gamma": 0.09921552532888453}, "datetime": {"datetime": "2021-09-18 14:00:32", "elapsed": 126.928334, "delta": 0.958109}}
{"target": 0.8970426510437817, "params": {"C": 117.80549891303693, "epsilon": 0.4456484778033203, "gamma": 0.13206363075877312}, "datetime": {"datetime": "2021-09-18 14:00:33", "elapsed": 128.085959, "delta": 1.157625}}
{"target": 0.9042445654500934, "params": {"C": 117.86202091722157, "epsilon": 0.4566003986510788, "gamma": 0.08881472331547961}, "datetime": {"datetime": "2021-09-18 14:00:34", "elapsed": 129.181664, "delta": 1.095705}}
{"target": 0.8988506541591154, "params": {"C": 85.4144168421662, "epsilon": 0.2673799774939842, "gamma": 0.11847014366787623}, "datetime": {"datetime": "2021-09-18 14:00:35", "elapsed": 129.991805, "delta": 0.810141}}
{"target": 0.8938068694871614, "params": {"C": 99.54412418653038, "epsilon": 0.3784900201436101, "gamma": 0.14267528296287557}, "datetime": {"datetime": "2021-09-18 14:00:36", "elapsed": 130.806976, "delta": 0.815171}}
{"target": 0.8968194789149802, "params": {"C": 116.7772821530987, "epsilon": 0.5601436547176143, "gamma": 0.058723265996280166}, "datetime": {"datetime": "2021-09-18 14:00:37", "elapsed": 132.069321, "delta": 1.262345}}
{"target": 0.898701611599315, "params": {"C": 116.62631969948109, "epsilon": 0.6554975366904857, "gamma": 0.07039313326763139}, "datetime": {"datetime": "2021-09-18 14:00:38", "elapsed": 133.265979, "delta": 1.196658}}
{"target": 0.8959764320050546, "params": {"C": 82.18265540360801, "epsilon": 0.6870526970491194, "gamma": 0.1371018526556892}, "datetime": {"datetime": "2021-09-18 14:00:40", "elapsed": 134.60869, "delta": 1.342711}}
{"target": 0.9044185779708311, "params": {"C": 112.7045812083254, "epsilon": 0.3268944323181371, "gamma": 0.09854567834593672}, "datetime": {"datetime": "2021-09-18 14:00:41", "elapsed": 136.23157, "delta": 1.62288}}
{"target": 0.8978168654671262, "params": {"C": 80.99940838600371, "epsilon": 0.6537151974882383, "gamma": 0.1304222595204233}, "datetime": {"datetime": "2021-09-18 14:00:42", "elapsed": 137.011319, "delta": 0.779749}}
{"target": 0.902724187343972, "params": {"C": 112.73528626710322, "epsilon": 0.3103497905676362, "gamma": 0.08998100305407093}, "datetime": {"datetime": "2021-09-18 14:00:44", "elapsed": 138.473922, "delta": 1.462603}}
{"target": 0.8923566977996436, "params": {"C": 84.17547298605803, "epsilon": 0.7251218047159705, "gamma": 0.0647362169244752}, "datetime": {"datetime": "2021-09-18 14:00:44", "elapsed": 139.191245, "delta": 0.717323}}
{"target": 0.9024311926920461, "params": {"C": 112.71795052770321, "epsilon": 0.3576619312230484, "gamma": 0.08677836079239173}, "datetime": {"datetime": "2021-09-18 14:00:46", "elapsed": 140.97635, "delta": 1.785105}}
{"target": 0.8952034427235896, "params": {"C": 112.67277361016643, "epsilon": 0.33472013864813394, "gamma": 0.13609736979804143}, "datetime": {"datetime": "2021-09-18 14:00:48", "elapsed": 142.419768, "delta": 1.443418}}
{"target": 0.8954958153084891, "params": {"C": 112.67179938722597, "epsilon": 0.3123694229259676, "gamma": 0.05432187773545238}, "datetime": {"datetime": "2021-09-18 14:00:49", "elapsed": 143.652776, "delta": 1.233008}}
{"target": 0.8989972048046352, "params": {"C": 119.12299080896919, "epsilon": 0.38975605626632, "gamma": 0.06224338704829816}, "datetime": {"datetime": "2021-09-18 14:00:50", "elapsed": 144.550333, "delta": 0.897557}}
{"target": 0.90517773007939, "params": {"C": 117.85239595299589, "epsilon": 0.5193011754048268, "gamma": 0.09013178756295201}, "datetime": {"datetime": "2021-09-18 14:00:51", "elapsed": 145.781413, "delta": 1.23108}}
{"target": 0.8974245294303606, "params": {"C": 93.38700114235192, "epsilon": 0.6925732332111386, "gamma": 0.1358610180868461}, "datetime": {"datetime": "2021-09-18 14:00:52", "elapsed": 146.990892, "delta": 1.209479}}
{"target": 0.9009414245127597, "params": {"C": 117.94034198516547, "epsilon": 0.719559501813578, "gamma": 0.11804988311533254}, "datetime": {"datetime": "2021-09-18 14:00:54", "elapsed": 148.346919, "delta": 1.356027}}
{"target": 0.9047568300405858, "params": {"C": 105.18396866901949, "epsilon": 0.5520777339689524, "gamma": 0.1000795265164691}, "datetime": {"datetime": "2021-09-18 14:00:55", "elapsed": 149.476993, "delta": 1.130074}}
{"target": 0.9044070175701515, "params": {"C": 117.83353965115928, "epsilon": 0.3978820064825195, "gamma": 0.10467077452702023}, "datetime": {"datetime": "2021-09-18 14:00:56", "elapsed": 150.684539, "delta": 1.207546}}
{"target": 0.8957941645805896, "params": {"C": 112.74169818181943, "epsilon": 0.3058048121483697, "gamma": 0.13335815177142168}, "datetime": {"datetime": "2021-09-18 14:00:57", "elapsed": 151.740943, "delta": 1.056404}}
{"target": 0.9017413786425078, "params": {"C": 82.23078064424142, "epsilon": 0.758221392663649, "gamma": 0.11217383626681895}, "datetime": {"datetime": "2021-09-18 14:00:58", "elapsed": 152.88454, "delta": 1.143597}}
{"target": 0.9006775778871592, "params": {"C": 112.69931189121002, "epsilon": 0.22603599484908748, "gamma": 0.08356374958980109}, "datetime": {"datetime": "2021-09-18 14:00:59", "elapsed": 153.97404, "delta": 1.0895}}
{"target": 0.9037150226022751, "params": {"C": 117.91955538275054, "epsilon": 0.388345552236012, "gamma": 0.08749145903834976}, "datetime": {"datetime": "2021-09-18 14:01:01", "elapsed": 155.888047, "delta": 1.914007}}
{"target": 0.9054768684381567, "params": {"C": 117.76719741362781, "epsilon": 0.387533764000301, "gamma": 0.09463804481366692}, "datetime": {"datetime": "2021-09-18 14:01:02", "elapsed": 157.077934, "delta": 1.189887}}
{"target": 0.8954142950960294, "params": {"C": 117.75348026037719, "epsilon": 0.3760482790041806, "gamma": 0.1365398369544782}, "datetime": {"datetime": "2021-09-18 14:01:04", "elapsed": 158.326093, "delta": 1.248159}}
{"target": 0.8923398374287979, "params": {"C": 119.52205577735398, "epsilon": 0.748608623402043, "gamma": 0.0555212282559872}, "datetime": {"datetime": "2021-09-18 14:01:04", "elapsed": 159.10859, "delta": 0.782497}}
{"target": 0.9003395134425283, "params": {"C": 117.76170566781092, "epsilon": 0.38057306310017974, "gamma": 0.07187657442940051}, "datetime": {"datetime": "2021-09-18 14:01:05", "elapsed": 160.300607, "delta": 1.192017}}
{"target": 0.9054555118968844, "params": {"C": 117.79097244102938, "epsilon": 0.3926193963228363, "gamma": 0.10049776406129748}, "datetime": {"datetime": "2021-09-18 14:01:07", "elapsed": 161.717411, "delta": 1.416804}}
{"target": 0.9010785878348535, "params": {"C": 113.13013042642964, "epsilon": 0.11071483650155699, "gamma": 0.1098370623344915}, "datetime": {"datetime": "2021-09-18 14:01:08", "elapsed": 162.930426, "delta": 1.213015}}
{"target": 0.9016975368855369, "params": {"C": 105.93560970142273, "epsilon": 0.42785080204209386, "gamma": 0.08641535207656557}, "datetime": {"datetime": "2021-09-18 14:01:09", "elapsed": 164.146855, "delta": 1.216429}}
{"target": 0.9036760507855311, "params": {"C": 117.75948025974606, "epsilon": 0.4119159136697084, "gamma": 0.10834392124776035}, "datetime": {"datetime": "2021-09-18 14:01:10", "elapsed": 165.181671, "delta": 1.034816}}
{"target": 0.9025775250204452, "params": {"C": 112.35146760028393, "epsilon": 0.694834106820623, "gamma": 0.08225819650027344}, "datetime": {"datetime": "2021-09-18 14:01:12", "elapsed": 166.531127, "delta": 1.349456}}
{"target": 0.8974248394114418, "params": {"C": 105.93453813743176, "epsilon": 0.47733566145220885, "gamma": 0.060291653680898005}, "datetime": {"datetime": "2021-09-18 14:01:13", "elapsed": 167.815859, "delta": 1.284732}}
{"target": 0.9055660882360808, "params": {"C": 117.79896466377494, "epsilon": 0.5378542438082662, "gamma": 0.09174749191595394}, "datetime": {"datetime": "2021-09-18 14:01:15", "elapsed": 169.434171, "delta": 1.618312}}
{"target": 0.8979943668894255, "params": {"C": 93.59541684149903, "epsilon": 0.2666488782324522, "gamma": 0.06496357699986323}, "datetime": {"datetime": "2021-09-18 14:01:15", "elapsed": 170.247451, "delta": 0.81328}}
{"target": 0.9053260711699711, "params": {"C": 118.83939535713318, "epsilon": 0.5707722034434631, "gamma": 0.08893897456732026}, "datetime": {"datetime": "2021-09-18 14:01:16", "elapsed": 171.121319, "delta": 0.873868}}
{"target": 0.9049918650977135, "params": {"C": 118.81892288944377, "epsilon": 0.5431292856827724, "gamma": 0.08863592101441051}, "datetime": {"datetime": "2021-09-18 14:01:18", "elapsed": 172.584272, "delta": 1.462953}}
{"target": 0.9056246416450721, "params": {"C": 117.75815606665549, "epsilon": 0.5261753134362165, "gamma": 0.09991365141359171}, "datetime": {"datetime": "2021-09-18 14:01:19", "elapsed": 173.973102, "delta": 1.38883}}
{"target": 0.899656754906139, "params": {"C": 100.61717033276315, "epsilon": 0.37666489072421483, "gamma": 0.1218061197660157}, "datetime": {"datetime": "2021-09-18 14:01:20", "elapsed": 174.924591, "delta": 0.951489}}
{"target": 0.8997596641791412, "params": {"C": 117.7558728229298, "epsilon": 0.5157411217274409, "gamma": 0.07122608153615538}, "datetime": {"datetime": "2021-09-18 14:01:21", "elapsed": 176.261219, "delta": 1.336628}}
{"target": 0.8935892608371068, "params": {"C": 118.83587854827772, "epsilon": 0.5660209342336837, "gamma": 0.05226252182288095}, "datetime": {"datetime": "2021-09-18 14:01:23", "elapsed": 177.620776, "delta": 1.359557}}
{"target": 0.8995661529554793, "params": {"C": 95.90838176602409, "epsilon": 0.40416316356561965, "gamma": 0.08190102008315125}, "datetime": {"datetime": "2021-09-18 14:01:24", "elapsed": 178.493044, "delta": 0.872268}}
{"target": 0.8977213772302797, "params": {"C": 118.89833680749652, "epsilon": 0.2367488036941603, "gamma": 0.05949600009278749}, "datetime": {"datetime": "2021-09-18 14:01:25", "elapsed": 179.388704, "delta": 0.89566}}
{"target": 0.8907708553025727, "params": {"C": 98.93415769022039, "epsilon": 0.2815968356155537, "gamma": 0.050488433739983185}, "datetime": {"datetime": "2021-09-18 14:01:25", "elapsed": 180.251556, "delta": 0.862852}}
{"target": 0.9000752312657928, "params": {"C": 92.23975477360088, "epsilon": 0.601885540350978, "gamma": 0.12044551690543064}, "datetime": {"datetime": "2021-09-18 14:01:26", "elapsed": 181.160756, "delta": 0.9092}}
{"target": 0.9014512607203686, "params": {"C": 118.83634038231335, "epsilon": 0.573487235047043, "gamma": 0.11661203263951764}, "datetime": {"datetime": "2021-09-18 14:01:28", "elapsed": 182.791729, "delta": 1.630973}}
{"target": 0.9058321490817458, "params": {"C": 118.84988901449275, "epsilon": 0.5407213755181807, "gamma": 0.0986546272633343}, "datetime": {"datetime": "2021-09-18 14:01:30", "elapsed": 184.342495, "delta": 1.550766}}
{"target": 0.8986623062878263, "params": {"C": 117.78166097972476, "epsilon": 0.5628198794241662, "gamma": 0.12920884766647295}, "datetime": {"datetime": "2021-09-18 14:01:31", "elapsed": 185.648155, "delta": 1.30566}}
{"target": 0.9022301656463095, "params": {"C": 117.80111083748446, "epsilon": 0.4976047634109744, "gamma": 0.0814126295126302}, "datetime": {"datetime": "2021-09-18 14:01:32", "elapsed": 187.025433, "delta": 1.377278}}
{"target": 0.8971685268931774, "params": {"C": 118.834275878271, "epsilon": 0.49264593333142276, "gamma": 0.13450253088484476}, "datetime": {"datetime": "2021-09-18 14:01:34", "elapsed": 188.677005, "delta": 1.651572}}
{"target": 0.9028089756772499, "params": {"C": 117.73427861475365, "epsilon": 0.5480552744280653, "gamma": 0.11218349665118554}, "datetime": {"datetime": "2021-09-18 14:01:36", "elapsed": 190.317502, "delta": 1.640497}}
{"target": 0.9046001487475346, "params": {"C": 116.64563777917071, "epsilon": 0.4914483889834442, "gamma": 0.08956330193291019}, "datetime": {"datetime": "2021-09-18 14:01:37", "elapsed": 192.045726, "delta": 1.728224}}
{"target": 0.9031445681559865, "params": {"C": 116.65621953120925, "epsilon": 0.4626597835823665, "gamma": 0.11052541481162564}, "datetime": {"datetime": "2021-09-18 14:01:39", "elapsed": 194.236978, "delta": 2.191252}}
{"target": 0.8997734979514781, "params": {"C": 105.27735957250191, "epsilon": 0.2163795309993519, "gamma": 0.07521506658801744}, "datetime": {"datetime": "2021-09-18 14:01:40", "elapsed": 195.119107, "delta": 0.882129}}
{"target": 0.9025908975390964, "params": {"C": 117.83554081238917, "epsilon": 0.5362231543720123, "gamma": 0.08270155424132997}, "datetime": {"datetime": "2021-09-18 14:01:42", "elapsed": 196.489305, "delta": 1.370198}}
{"target": 0.8987877343446049, "params": {"C": 116.65263029455849, "epsilon": 0.467548473580536, "gamma": 0.06286334005853335}, "datetime": {"datetime": "2021-09-18 14:01:43", "elapsed": 197.81872, "delta": 1.329415}}
{"target": 0.8980006952323025, "params": {"C": 91.11262688711909, "epsilon": 0.6625287434864577, "gamma": 0.130411421967005}, "datetime": {"datetime": "2021-09-18 14:01:44", "elapsed": 198.84023, "delta": 1.02151}}
{"target": 0.9058881112558981, "params": {"C": 118.8725330238459, "epsilon": 0.5633986553998394, "gamma": 0.09680644552416202}, "datetime": {"datetime": "2021-09-18 14:01:46", "elapsed": 200.324606, "delta": 1.484376}}
{"target": 0.9027404714534482, "params": {"C": 118.884402489442, "epsilon": 0.5300055990560346, "gamma": 0.11232780727697045}, "datetime": {"datetime": "2021-09-18 14:01:47", "elapsed": 201.729401, "delta": 1.404795}}
{"target": 0.9045795366902688, "params": {"C": 118.86340691909552, "epsilon": 0.6188168257201159, "gamma": 0.10599323686939352}, "datetime": {"datetime": "2021-09-18 14:01:48", "elapsed": 203.223322, "delta": 1.493921}}
{"target": 0.8945813515034906, "params": {"C": 117.74808512057243, "epsilon": 0.5050141965510943, "gamma": 0.1430533584157313}, "datetime": {"datetime": "2021-09-18 14:01:50", "elapsed": 204.616864, "delta": 1.393542}}
{"target": 0.8989349286522371, "params": {"C": 116.61613983302301, "epsilon": 0.5058757412952922, "gamma": 0.12505752983917123}, "datetime": {"datetime": "2021-09-18 14:01:51", "elapsed": 206.162734, "delta": 1.54587}}
{"target": 0.9041966108096717, "params": {"C": 118.93315058325881, "epsilon": 0.5623594267971563, "gamma": 0.08594333743962748}, "datetime": {"datetime": "2021-09-18 14:01:53", "elapsed": 207.60071, "delta": 1.437976}}
{"target": 0.9058072932922806, "params": {"C": 118.91440363679769, "epsilon": 0.600886189970288, "gamma": 0.100527809285045}, "datetime": {"datetime": "2021-09-18 14:01:55", "elapsed": 209.426826, "delta": 1.826116}}
{"target": 0.8994108424429892, "params": {"C": 117.77183615662138, "epsilon": 0.5547225445975434, "gamma": 0.0709305914931335}, "datetime": {"datetime": "2021-09-18 14:01:56", "elapsed": 210.933192, "delta": 1.506366}}
