{"target": -2.0229643205382883, "params": {"C": 69.68501848716303, "epsilon": 0.20274142566262793, "gamma": 0.06885501778850305}, "datetime": {"datetime": "2021-09-18 11:49:46", "elapsed": 221.022341, "delta": 1.563769}}
{"target": -2.0170314916004592, "params": {"C": 71.07513882044475, "epsilon": 0.14925859573475306, "gamma": 0.06132653853132524}, "datetime": {"datetime": "2021-09-18 11:49:47", "elapsed": 222.645372, "delta": 1.623031}}
{"target": -2.0570032985895486, "params": {"C": 71.07209848374927, "epsilon": 0.1571557656005791, "gamma": 0.054270249646507965}, "datetime": {"datetime": "2021-09-18 11:49:49", "elapsed": 224.985104, "delta": 2.339732}}
{"target": -2.0259852365895186, "params": {"C": 71.01060581317945, "epsilon": 0.16240593587435073, "gamma": 0.05895418455369538}, "datetime": {"datetime": "2021-09-18 11:49:52", "elapsed": 227.013406, "delta": 2.028302}}
{"target": -2.0205061625192235, "params": {"C": 73.66508973615642, "epsilon": 0.15372012495077814, "gamma": 0.0665784100649968}, "datetime": {"datetime": "2021-09-18 11:49:53", "elapsed": 228.677444, "delta": 1.664038}}
{"target": -2.0343654595065743, "params": {"C": 76.32732341800381, "epsilon": 0.3656529982971189, "gamma": 0.0681454377185455}, "datetime": {"datetime": "2021-09-18 11:49:54", "elapsed": 229.625821, "delta": 0.948377}}
{"target": -2.03790647564128, "params": {"C": 69.80259066110825, "epsilon": 0.33856609996193565, "gamma": 0.058652015169981093}, "datetime": {"datetime": "2021-09-18 11:49:55", "elapsed": 230.614214, "delta": 0.988393}}
{"target": -2.0513213700132114, "params": {"C": 71.86450326499876, "epsilon": 0.36700805113919716, "gamma": 0.0771281615896724}, "datetime": {"datetime": "2021-09-18 11:49:56", "elapsed": 231.662317, "delta": 1.048103}}
{"target": -2.041107103108107, "params": {"C": 69.64681805410373, "epsilon": 0.18064252635073577, "gamma": 0.056877824029442775}, "datetime": {"datetime": "2021-09-18 11:49:59", "elapsed": 234.381689, "delta": 2.719372}}
{"target": -2.0539298065915754, "params": {"C": 73.80341448260246, "epsilon": 0.46158452423356033, "gamma": 0.0690831264293663}, "datetime": {"datetime": "2021-09-18 11:50:00", "elapsed": 235.383671, "delta": 1.001982}}
{"target": -2.0204376918662974, "params": {"C": 73.09264626283687, "epsilon": 0.10113695481005366, "gamma": 0.06265071322783711}, "datetime": {"datetime": "2021-09-18 11:50:02", "elapsed": 237.12646, "delta": 1.742789}}
{"target": -2.0224794429702926, "params": {"C": 68.52473946556294, "epsilon": 0.21755893815497815, "gamma": 0.06272614248154504}, "datetime": {"datetime": "2021-09-18 11:50:03", "elapsed": 238.115164, "delta": 0.988704}}
{"target": -2.0224042736515746, "params": {"C": 71.0771645860834, "epsilon": 0.1428204337467504, "gamma": 0.06785402284043185}, "datetime": {"datetime": "2021-09-18 11:50:05", "elapsed": 240.061371, "delta": 1.946207}}
{"target": -2.0264324956939985, "params": {"C": 76.00606830628722, "epsilon": 0.38596436659329564, "gamma": 0.0571763874441935}, "datetime": {"datetime": "2021-09-18 11:50:06", "elapsed": 241.89198, "delta": 1.830609}}
{"target": -2.024535594981578, "params": {"C": 76.73617179044719, "epsilon": 0.39548615827734973, "gamma": 0.05910594492620934}, "datetime": {"datetime": "2021-09-18 11:50:07", "elapsed": 242.89441, "delta": 1.00243}}
{"target": -2.028503738339225, "params": {"C": 69.65714445441104, "epsilon": 0.1833975637588211, "gamma": 0.0710943581529815}, "datetime": {"datetime": "2021-09-18 11:50:09", "elapsed": 244.68448, "delta": 1.79007}}
{"target": -2.04963387897393, "params": {"C": 76.02826058288663, "epsilon": 0.3879066579667534, "gamma": 0.05000905987125006}, "datetime": {"datetime": "2021-09-18 11:50:11", "elapsed": 246.356808, "delta": 1.672328}}
{"target": -2.079159844738649, "params": {"C": 71.01713143207556, "epsilon": 0.15995171214653806, "gamma": 0.050600542122358}, "datetime": {"datetime": "2021-09-18 11:50:12", "elapsed": 247.942152, "delta": 1.585344}}
{"target": -2.0324788443084483, "params": {"C": 71.07560591287607, "epsilon": 0.15468350633616457, "gamma": 0.0730159306327249}, "datetime": {"datetime": "2021-09-18 11:50:14", "elapsed": 249.455018, "delta": 1.512866}}
{"target": -2.020764533328865, "params": {"C": 75.55634151437245, "epsilon": 0.1924422215625017, "gamma": 0.06709738918768814}, "datetime": {"datetime": "2021-09-18 11:50:16", "elapsed": 251.187551, "delta": 1.732533}}
{"target": -2.031871679489972, "params": {"C": 71.08736620979275, "epsilon": 0.14150250052637336, "gamma": 0.057798240161496615}, "datetime": {"datetime": "2021-09-18 11:50:17", "elapsed": 252.81745, "delta": 1.629899}}
{"target": -2.0475341237776123, "params": {"C": 72.40405014850313, "epsilon": 0.4082031481772509, "gamma": 0.07349719212111597}, "datetime": {"datetime": "2021-09-18 11:50:18", "elapsed": 253.884277, "delta": 1.066827}}
{"target": -2.0698946906085487, "params": {"C": 69.57967462664232, "epsilon": 0.22206187983689107, "gamma": 0.05123809195805844}, "datetime": {"datetime": "2021-09-18 11:50:19", "elapsed": 254.955345, "delta": 1.071068}}
{"target": -2.027863306120164, "params": {"C": 75.0738629741284, "epsilon": 0.44472853725629613, "gamma": 0.05842787391004152}, "datetime": {"datetime": "2021-09-18 11:50:20", "elapsed": 255.993385, "delta": 1.03804}}
{"target": -2.017025257930807, "params": {"C": 71.00663099226826, "epsilon": 0.14478759100406166, "gamma": 0.062437731475406266}, "datetime": {"datetime": "2021-09-18 11:50:22", "elapsed": 257.782549, "delta": 1.789164}}
{"target": -2.0306066340305495, "params": {"C": 75.8999353747475, "epsilon": 0.11120453188237168, "gamma": 0.06840253189087069}, "datetime": {"datetime": "2021-09-18 11:50:23", "elapsed": 258.849014, "delta": 1.066465}}
{"target": -2.0312786098322135, "params": {"C": 69.68041731852263, "epsilon": 0.1631521314139903, "gamma": 0.07197050963603219}, "datetime": {"datetime": "2021-09-18 11:50:24", "elapsed": 259.940876, "delta": 1.091862}}
{"target": -2.033950305887759, "params": {"C": 68.512277960235, "epsilon": 0.218300660756766, "gamma": 0.058680285826802174}, "datetime": {"datetime": "2021-09-18 11:50:26", "elapsed": 261.579237, "delta": 1.638361}}
{"target": -2.07243472350189, "params": {"C": 74.9088695115361, "epsilon": 0.13526329854014646, "gamma": 0.05093325646556078}, "datetime": {"datetime": "2021-09-18 11:50:27", "elapsed": 262.68777, "delta": 1.108533}}
{"target": -2.068556430366793, "params": {"C": 68.53220088986154, "epsilon": 0.2165414076881219, "gamma": 0.051916841490000074}, "datetime": {"datetime": "2021-09-18 11:50:29", "elapsed": 264.716555, "delta": 2.028785}}
{"target": -2.0609077143275605, "params": {"C": 71.44359190324334, "epsilon": 0.03830547163632981, "gamma": 0.0796802582898064}, "datetime": {"datetime": "2021-09-18 11:50:30", "elapsed": 265.804771, "delta": 1.088216}}
{"target": -2.060316012973813, "params": {"C": 70.67562823845442, "epsilon": 0.03129978620896355, "gamma": 0.07930568544957653}, "datetime": {"datetime": "2021-09-18 11:50:31", "elapsed": 266.886684, "delta": 1.081913}}
{"target": -2.0256041650691743, "params": {"C": 74.69137625792793, "epsilon": 0.3049182888313975, "gamma": 0.06710852724870554}, "datetime": {"datetime": "2021-09-18 11:50:32", "elapsed": 267.972916, "delta": 1.086232}}
{"target": -2.0491593216851056, "params": {"C": 70.06873161924086, "epsilon": 0.06327037863844062, "gamma": 0.057349298095715276}, "datetime": {"datetime": "2021-09-18 11:50:34", "elapsed": 269.037273, "delta": 1.064357}}
{"target": -2.064100198582345, "params": {"C": 73.10092297375809, "epsilon": 0.10031082373075849, "gamma": 0.05346999386285408}, "datetime": {"datetime": "2021-09-18 11:50:35", "elapsed": 270.967691, "delta": 1.930418}}
{"target": -2.0174198729169364, "params": {"C": 71.0050568144557, "epsilon": 0.15749117413977956, "gamma": 0.06351761464662678}, "datetime": {"datetime": "2021-09-18 11:50:38", "elapsed": 273.107298, "delta": 2.139607}}
{"target": -2.0174484019492636, "params": {"C": 74.87923073232217, "epsilon": 0.1611257657645534, "gamma": 0.0642937636041429}, "datetime": {"datetime": "2021-09-18 11:50:39", "elapsed": 274.277564, "delta": 1.170266}}
{"target": -2.025607718371594, "params": {"C": 69.39840057040603, "epsilon": 0.21425303642568025, "gamma": 0.06995039054721311}, "datetime": {"datetime": "2021-09-18 11:50:40", "elapsed": 275.406157, "delta": 1.128593}}
{"target": -2.0299233893821063, "params": {"C": 76.89119406605563, "epsilon": 0.4143679402355494, "gamma": 0.0628390933139471}, "datetime": {"datetime": "2021-09-18 11:50:41", "elapsed": 276.543842, "delta": 1.137685}}
{"target": -2.0295940280851252, "params": {"C": 71.00433102678144, "epsilon": 0.1471301715497704, "gamma": 0.0706573342892167}, "datetime": {"datetime": "2021-09-18 11:50:43", "elapsed": 278.647735, "delta": 2.103893}}
{"target": -2.0366438744237674, "params": {"C": 74.86956041767704, "epsilon": 0.16050617177671314, "gamma": 0.0744362353763596}, "datetime": {"datetime": "2021-09-18 11:50:47", "elapsed": 282.080032, "delta": 3.432297}}
{"target": -2.0192749882321346, "params": {"C": 71.00737681031507, "epsilon": 0.16705089789427066, "gamma": 0.06702379365220716}, "datetime": {"datetime": "2021-09-18 11:50:49", "elapsed": 284.195004, "delta": 2.114972}}
{"target": -2.041437252711896, "params": {"C": 75.83583793788272, "epsilon": 0.09225035549153242, "gamma": 0.055572897540645615}, "datetime": {"datetime": "2021-09-18 11:50:51", "elapsed": 286.685571, "delta": 2.490567}}
{"target": -2.034705794751252, "params": {"C": 74.10639975073377, "epsilon": 0.2404953982448596, "gamma": 0.07422001356827795}, "datetime": {"datetime": "2021-09-18 11:50:52", "elapsed": 287.856512, "delta": 1.170941}}
{"target": -2.01842328071091, "params": {"C": 74.8788094074166, "epsilon": 0.17376845039844738, "gamma": 0.06529243308946749}, "datetime": {"datetime": "2021-09-18 11:50:54", "elapsed": 289.91208, "delta": 2.055568}}
{"target": -2.030294074675279, "params": {"C": 73.09790737803273, "epsilon": 0.13696994456221193, "gamma": 0.07029910391117244}, "datetime": {"datetime": "2021-09-18 11:50:56", "elapsed": 291.054644, "delta": 1.142564}}
{"target": -2.057626946298215, "params": {"C": 70.72496796630158, "epsilon": 0.4457034688085761, "gamma": 0.07299356700529144}, "datetime": {"datetime": "2021-09-18 11:50:57", "elapsed": 292.266056, "delta": 1.211412}}
{"target": -2.018838540488763, "params": {"C": 74.89402012549134, "epsilon": 0.16552499771550158, "gamma": 0.0599615253734155}, "datetime": {"datetime": "2021-09-18 11:50:59", "elapsed": 294.200726, "delta": 1.93467}}
{"target": -2.0260248196664086, "params": {"C": 68.5247662373322, "epsilon": 0.2181482142136223, "gamma": 0.06988562916865446}, "datetime": {"datetime": "2021-09-18 11:51:01", "elapsed": 296.33903, "delta": 2.138304}}
{"target": -2.0365189693405004, "params": {"C": 73.0945236213582, "epsilon": 0.0967128784601209, "gamma": 0.07250930302325195}, "datetime": {"datetime": "2021-09-18 11:51:03", "elapsed": 298.459772, "delta": 2.120742}}
{"target": -2.0326632519351127, "params": {"C": 74.88970321945128, "epsilon": 0.1679197693285825, "gamma": 0.07295265630818483}, "datetime": {"datetime": "2021-09-18 11:51:05", "elapsed": 300.793108, "delta": 2.333336}}
{"target": -2.068752095472488, "params": {"C": 74.88065216642526, "epsilon": 0.1781613335475264, "gamma": 0.05063023299475821}, "datetime": {"datetime": "2021-09-18 11:51:07", "elapsed": 302.861884, "delta": 2.068776}}
{"target": -2.035709554595069, "params": {"C": 71.04520877146791, "epsilon": 0.3599919717721309, "gamma": 0.06939718213724998}, "datetime": {"datetime": "2021-09-18 11:51:09", "elapsed": 304.012869, "delta": 1.150985}}
{"target": -2.0473842874542196, "params": {"C": 76.00919345902547, "epsilon": 0.37014069391159726, "gamma": 0.05090148637609349}, "datetime": {"datetime": "2021-09-18 11:51:11", "elapsed": 306.407548, "delta": 2.394679}}
{"target": -2.027551737613004, "params": {"C": 71.54077526726533, "epsilon": 0.36282037453432914, "gamma": 0.06096485766244128}, "datetime": {"datetime": "2021-09-18 11:51:12", "elapsed": 307.683284, "delta": 1.275736}}
{"target": -2.01674193770506, "params": {"C": 74.8883358960071, "epsilon": 0.15692643876339973, "gamma": 0.060983928908338814}, "datetime": {"datetime": "2021-09-18 11:51:15", "elapsed": 310.108794, "delta": 2.42551}}
{"target": -2.0168401428158287, "params": {"C": 74.90254929031947, "epsilon": 0.15698167636245008, "gamma": 0.061844209717537874}, "datetime": {"datetime": "2021-09-18 11:51:17", "elapsed": 312.340356, "delta": 2.231562}}
{"target": -2.031041862104189, "params": {"C": 73.6242986911569, "epsilon": 0.1314054501589295, "gamma": 0.05705794042648955}, "datetime": {"datetime": "2021-09-18 11:51:19", "elapsed": 314.914003, "delta": 2.573647}}
{"target": -2.0169633904419006, "params": {"C": 74.91169186753321, "epsilon": 0.16243733213992553, "gamma": 0.06358634637709253}, "datetime": {"datetime": "2021-09-18 11:51:23", "elapsed": 318.248474, "delta": 3.334471}}
{"target": -2.021174995530041, "params": {"C": 74.91082709590123, "epsilon": 0.17261250065869252, "gamma": 0.06744371202487462}, "datetime": {"datetime": "2021-09-18 11:51:25", "elapsed": 320.411564, "delta": 2.16309}}
{"target": -2.0206317343243927, "params": {"C": 73.07786439120605, "epsilon": 0.10050865320804163, "gamma": 0.06246199941669746}, "datetime": {"datetime": "2021-09-18 11:51:27", "elapsed": 322.829528, "delta": 2.417964}}
{"target": -2.0611519392204456, "params": {"C": 76.37442981901225, "epsilon": 0.4368469387212869, "gamma": 0.07671056864237263}, "datetime": {"datetime": "2021-09-18 11:51:29", "elapsed": 323.999531, "delta": 1.170003}}
{"target": -2.0337659085720143, "params": {"C": 74.9042057228705, "epsilon": 0.1612609757234638, "gamma": 0.07331054043146232}, "datetime": {"datetime": "2021-09-18 11:51:31", "elapsed": 326.161528, "delta": 2.161997}}
{"target": -2.02449663055035, "params": {"C": 76.42460443077952, "epsilon": 0.3770627684654132, "gamma": 0.0622976096653551}, "datetime": {"datetime": "2021-09-18 11:51:32", "elapsed": 327.335527, "delta": 1.173999}}
{"target": -2.0309496684544674, "params": {"C": 74.87132706296279, "epsilon": 0.18515123876609246, "gamma": 0.07228121039209554}, "datetime": {"datetime": "2021-09-18 11:51:34", "elapsed": 329.577568, "delta": 2.242041}}
{"target": -2.028757644097396, "params": {"C": 73.80833740085137, "epsilon": 0.4212648960655389, "gamma": 0.05740440731476303}, "datetime": {"datetime": "2021-09-18 11:51:35", "elapsed": 330.811529, "delta": 1.233961}}
{"target": -2.056916831470133, "params": {"C": 74.9187984416916, "epsilon": 0.16778640056839872, "gamma": 0.052806621537237024}, "datetime": {"datetime": "2021-09-18 11:51:38", "elapsed": 333.181564, "delta": 2.370035}}
{"target": -2.0379762553971816, "params": {"C": 71.39477720019721, "epsilon": 0.15671908621652497, "gamma": 0.07499650815983526}, "datetime": {"datetime": "2021-09-18 11:51:39", "elapsed": 334.350533, "delta": 1.168969}}
{"target": -2.0225412119577526, "params": {"C": 71.03295548062918, "epsilon": 0.15620157300910026, "gamma": 0.06804912812432395}, "datetime": {"datetime": "2021-09-18 11:51:41", "elapsed": 336.994568, "delta": 2.644035}}
{"target": -2.0315488554598895, "params": {"C": 69.2671870738584, "epsilon": 0.06770462760424538, "gamma": 0.0601710587660346}, "datetime": {"datetime": "2021-09-18 11:51:43", "elapsed": 338.162528, "delta": 1.16796}}
{"target": -2.044264887173734, "params": {"C": 71.45443210785228, "epsilon": 0.2912833364626369, "gamma": 0.07716500460720031}, "datetime": {"datetime": "2021-09-18 11:51:44", "elapsed": 339.442528, "delta": 1.28}}
{"target": -2.0290629296259692, "params": {"C": 73.64132790057415, "epsilon": 0.39064062159745716, "gamma": 0.057251135886994584}, "datetime": {"datetime": "2021-09-18 11:51:47", "elapsed": 342.860534, "delta": 3.418006}}
{"target": -2.029413128297375, "params": {"C": 69.4735660436593, "epsilon": 0.049610538442509025, "gamma": 0.06795692123650385}, "datetime": {"datetime": "2021-09-18 11:51:49", "elapsed": 344.038535, "delta": 1.178001}}
{"target": -2.02492906440943, "params": {"C": 69.26831686832264, "epsilon": 0.07667213246820619, "gamma": 0.06726980658162557}, "datetime": {"datetime": "2021-09-18 11:51:52", "elapsed": 347.436533, "delta": 3.397998}}
{"target": -2.068181050780601, "params": {"C": 74.89180431977957, "epsilon": 0.15831583415000175, "gamma": 0.05123493395852515}, "datetime": {"datetime": "2021-09-18 11:51:54", "elapsed": 349.669156, "delta": 2.232623}}
{"target": -2.0174592379152982, "params": {"C": 70.99338496251913, "epsilon": 0.155560611440499, "gamma": 0.0610167741449457}, "datetime": {"datetime": "2021-09-18 11:51:57", "elapsed": 352.270874, "delta": 2.601718}}
{"target": -2.0237588514040143, "params": {"C": 71.00016003432155, "epsilon": 0.16785433687047058, "gamma": 0.05942824265451772}, "datetime": {"datetime": "2021-09-18 11:51:59", "elapsed": 354.770186, "delta": 2.499312}}
{"target": -2.0307122072941532, "params": {"C": 70.99815877924866, "epsilon": 0.1605970639904267, "gamma": 0.0721049518783372}, "datetime": {"datetime": "2021-09-18 11:52:02", "elapsed": 357.830767, "delta": 3.060581}}
{"target": -2.017299553412099, "params": {"C": 74.90045126876134, "epsilon": 0.1639121161144514, "gamma": 0.06290352597855776}, "datetime": {"datetime": "2021-09-18 11:52:05", "elapsed": 360.283613, "delta": 2.452846}}
{"target": -2.026111143182466, "params": {"C": 74.8888209054182, "epsilon": 0.1551342214122817, "gamma": 0.0687170536219972}, "datetime": {"datetime": "2021-09-18 11:52:07", "elapsed": 362.721978, "delta": 2.438365}}
{"target": -2.017034542036329, "params": {"C": 70.98097680764675, "epsilon": 0.1596293236166959, "gamma": 0.06468002147098871}, "datetime": {"datetime": "2021-09-18 11:52:10", "elapsed": 365.754224, "delta": 3.032246}}
{"target": -2.0285907672246513, "params": {"C": 75.66282903475354, "epsilon": 0.1082811943515935, "gamma": 0.06784146873276659}, "datetime": {"datetime": "2021-09-18 11:52:12", "elapsed": 367.053423, "delta": 1.299199}}
{"target": -2.037444367942447, "params": {"C": 70.41663570338689, "epsilon": 0.26223760222539283, "gamma": 0.07446582170127196}, "datetime": {"datetime": "2021-09-18 11:52:13", "elapsed": 368.45922, "delta": 1.405797}}
{"target": -2.075085327144974, "params": {"C": 70.99988106279125, "epsilon": 0.14938968305712935, "gamma": 0.05139722281364966}, "datetime": {"datetime": "2021-09-18 11:52:15", "elapsed": 370.970718, "delta": 2.511498}}
{"target": -2.0427014220586015, "params": {"C": 70.97648458517659, "epsilon": 0.16289830963914567, "gamma": 0.07687239297400277}, "datetime": {"datetime": "2021-09-18 11:52:18", "elapsed": 373.843509, "delta": 2.872791}}
{"target": -2.0171068237833403, "params": {"C": 70.9798365494216, "epsilon": 0.15000851259345363, "gamma": 0.0619179699350667}, "datetime": {"datetime": "2021-09-18 11:52:22", "elapsed": 377.189553, "delta": 3.346044}}
{"target": -2.0244900652967828, "params": {"C": 70.9737673499619, "epsilon": 0.15577102785637503, "gamma": 0.05920636789908594}, "datetime": {"datetime": "2021-09-18 11:52:25", "elapsed": 380.019682, "delta": 2.830129}}
{"target": -2.01961587390891, "params": {"C": 69.6593038906071, "epsilon": 0.18936216221873475, "gamma": 0.0640684534569698}, "datetime": {"datetime": "2021-09-18 11:52:27", "elapsed": 382.573544, "delta": 2.553862}}
{"target": -2.0861090366531516, "params": {"C": 68.90397590919522, "epsilon": 0.02619107880014887, "gamma": 0.05197438668709398}, "datetime": {"datetime": "2021-09-18 11:52:29", "elapsed": 384.168293, "delta": 1.594749}}
{"target": -2.044698228520428, "params": {"C": 71.01222761281828, "epsilon": 0.35612296681323535, "gamma": 0.05362029803330117}, "datetime": {"datetime": "2021-09-18 11:52:30", "elapsed": 385.805342, "delta": 1.637049}}
{"target": -2.035162676013858, "params": {"C": 69.27712040490304, "epsilon": 0.07190716476435291, "gamma": 0.07067623123076673}, "datetime": {"datetime": "2021-09-18 11:52:34", "elapsed": 389.073335, "delta": 3.267993}}
{"target": -2.05842713986339, "params": {"C": 70.98716355082445, "epsilon": 0.17127658341007504, "gamma": 0.05377071117867601}, "datetime": {"datetime": "2021-09-18 11:52:37", "elapsed": 392.390481, "delta": 3.317146}}
{"target": -2.0242866562009296, "params": {"C": 73.6276453776736, "epsilon": 0.3911110161290582, "gamma": 0.06043077853530046}, "datetime": {"datetime": "2021-09-18 11:52:40", "elapsed": 395.63865, "delta": 3.248169}}
{"target": -2.022320128153021, "params": {"C": 69.69164558381358, "epsilon": 0.21403790675766438, "gamma": 0.06362419043138266}, "datetime": {"datetime": "2021-09-18 11:52:43", "elapsed": 398.641273, "delta": 3.002623}}
{"target": -2.220874093549933, "params": {"C": 141.7022004702574, "epsilon": 0.11364218414748056, "gamma": 0.03001944371894863}, "datetime": {"datetime": "2021-09-19 08:31:18", "elapsed": 0.0, "delta": 0.0}}
{"target": -2.0651368454275207, "params": {"C": 130.233257263184, "epsilon": 0.0390782658062247, "gamma": 0.04569756111069563}, "datetime": {"datetime": "2021-09-19 08:31:19", "elapsed": 0.075858, "delta": 0.075858}}
{"target": -2.126192990703593, "params": {"C": 118.62602113776708, "epsilon": 0.06492289451559621, "gamma": 0.0974504706192139}, "datetime": {"datetime": "2021-09-19 08:31:19", "elapsed": 0.155306, "delta": 0.079448}}
{"target": -2.3378291880532336, "params": {"C": 153.8816734003357, "epsilon": 0.07449528687242833, "gamma": 0.1464873150674491}, "datetime": {"datetime": "2021-09-19 08:31:19", "elapsed": 0.275653, "delta": 0.120347}}
{"target": -2.1578527966856087, "params": {"C": 120.44522497315174, "epsilon": 0.1341552667308229, "gamma": 0.034655890843647445}, "datetime": {"datetime": "2021-09-19 08:31:19", "elapsed": 0.330358, "delta": 0.054705}}
{"target": -2.261878426914477, "params": {"C": 167.04675101784022, "epsilon": 0.07424962430772651, "gamma": 0.12497727083577778}, "datetime": {"datetime": "2021-09-19 08:31:19", "elapsed": 0.451594, "delta": 0.121236}}
