{"target": -14.262022067117117, "params": {"C": 73.92070563071422, "epsilon": 2.4074066687504416, "gamma": 0.12291099323641072}, "datetime": {"datetime": "2021-09-27 16:22:17", "elapsed": 339.659996, "delta": 3.399467}}
{"target": -13.400967121645587, "params": {"C": 39.451741156734116, "epsilon": 2.848181017749959, "gamma": 0.07658191218435695}, "datetime": {"datetime": "2021-09-27 16:22:19", "elapsed": 342.374937, "delta": 2.714941}}
{"target": -11.815297807707008, "params": {"C": 41.11047136444478, "epsilon": 2.0085670448383546, "gamma": 0.01}, "datetime": {"datetime": "2021-09-27 16:22:22", "elapsed": 345.192117, "delta": 2.81718}}
{"target": -16.306403643907263, "params": {"C": 37.32880939925135, "epsilon": 3.148389963320888, "gamma": 0.14483113190539865}, "datetime": {"datetime": "2021-09-27 16:22:24", "elapsed": 347.134166, "delta": 1.942049}}
{"target": -13.621517495169494, "params": {"C": 73.73356243707367, "epsilon": 1.7284748575789868, "gamma": 0.12057496873348052}, "datetime": {"datetime": "2021-09-27 16:22:27", "elapsed": 349.963977, "delta": 2.829811}}
{"target": -11.85670555111889, "params": {"C": 87.98742804046616, "epsilon": 3.713825707784115, "gamma": 0.01863428306419531}, "datetime": {"datetime": "2021-09-27 16:22:29", "elapsed": 351.744119, "delta": 1.780142}}
{"target": -20.42786231776922, "params": {"C": 88.32138717981012, "epsilon": 3.8419506782429873, "gamma": 0.24386515075425286}, "datetime": {"datetime": "2021-09-27 16:22:31", "elapsed": 353.932117, "delta": 2.187998}}
{"target": -17.183257791818818, "params": {"C": 87.73549167894531, "epsilon": 3.3907126391090134, "gamma": 0.13798772904977805}, "datetime": {"datetime": "2021-09-27 16:22:32", "elapsed": 355.605743, "delta": 1.673626}}
{"target": -17.29907438816538, "params": {"C": 90.52833957122633, "epsilon": 3.1921389088955365, "gamma": 0.16018146212603554}, "datetime": {"datetime": "2021-09-27 16:22:34", "elapsed": 357.084879, "delta": 1.479136}}
{"target": -16.692213777013748, "params": {"C": 88.75815802426314, "epsilon": 3.163868718927131, "gamma": 0.13932832576976378}, "datetime": {"datetime": "2021-09-27 16:22:36", "elapsed": 359.221923, "delta": 2.137044}}
{"target": -15.1711091507275, "params": {"C": 43.184817159172496, "epsilon": 1.0415516112075838, "gamma": 0.26797460608141904}, "datetime": {"datetime": "2021-09-27 16:22:38", "elapsed": 361.39824, "delta": 2.176317}}
{"target": -13.448378639714068, "params": {"C": 40.04013555601954, "epsilon": 1.4687212645850305, "gamma": 0.14038234522508228}, "datetime": {"datetime": "2021-09-27 16:22:40", "elapsed": 363.071171, "delta": 1.672931}}
{"target": -11.886820117726971, "params": {"C": 43.11913470871532, "epsilon": 2.216178221395865, "gamma": 0.01}, "datetime": {"datetime": "2021-09-27 16:22:42", "elapsed": 365.319401, "delta": 2.24823}}
{"target": -11.382728243033654, "params": {"C": 43.33421147551582, "epsilon": 1.446855256562622, "gamma": 0.024306759750869798}, "datetime": {"datetime": "2021-09-27 16:22:44", "elapsed": 367.601398, "delta": 2.281997}}
{"target": -15.14569212223581, "params": {"C": 58.50442295691987, "epsilon": 1.7899224734678372, "gamma": 0.19918637560661737}, "datetime": {"datetime": "2021-09-27 16:22:46", "elapsed": 369.018686, "delta": 1.417288}}
{"target": -10.826190919735632, "params": {"C": 39.671716513907754, "epsilon": 1.0167768844377443, "gamma": 0.03010926048789668}, "datetime": {"datetime": "2021-09-27 16:22:49", "elapsed": 372.220803, "delta": 3.202117}}
{"target": -11.499502626089397, "params": {"C": 41.43872956006833, "epsilon": 1.5584432253113756, "gamma": 0.02150991039194036}, "datetime": {"datetime": "2021-09-27 16:22:51", "elapsed": 374.325991, "delta": 2.105188}}
{"target": -13.35593258220141, "params": {"C": 43.61743733096477, "epsilon": 2.1024747915005673, "gamma": 0.10259164489572108}, "datetime": {"datetime": "2021-09-27 16:22:53", "elapsed": 376.469916, "delta": 2.143925}}
{"target": -15.499774572646894, "params": {"C": 42.83511013846347, "epsilon": 2.534829335784119, "gamma": 0.16955008232520505}, "datetime": {"datetime": "2021-09-27 16:22:56", "elapsed": 378.925176, "delta": 2.45526}}
{"target": -16.074390984974812, "params": {"C": 98.37857585540084, "epsilon": 3.1760255232195704, "gamma": 0.11845583643371628}, "datetime": {"datetime": "2021-09-27 16:22:57", "elapsed": 380.375174, "delta": 1.449998}}
{"target": -11.567035395227467, "params": {"C": 43.744742058622506, "epsilon": 1.5320815311037734, "gamma": 0.01}, "datetime": {"datetime": "2021-09-27 16:23:00", "elapsed": 382.878128, "delta": 2.502954}}
{"target": -11.812079897627525, "params": {"C": 69.30740832791406, "epsilon": 2.560628037200765, "gamma": 0.02010669532200535}, "datetime": {"datetime": "2021-09-27 16:23:01", "elapsed": 384.373126, "delta": 1.494998}}
{"target": -13.50739048745518, "params": {"C": 68.87212666386014, "epsilon": 2.509675560570561, "gamma": 0.09692145520903463}, "datetime": {"datetime": "2021-09-27 16:23:03", "elapsed": 386.609872, "delta": 2.236746}}
{"target": -11.71528584791764, "params": {"C": 69.44276464026457, "epsilon": 2.9581434186746827, "gamma": 0.024403541343104754}, "datetime": {"datetime": "2021-09-27 16:23:06", "elapsed": 389.291868, "delta": 2.681996}}
{"target": -11.699602095075628, "params": {"C": 38.65456458857697, "epsilon": 1.8502696100112936, "gamma": 0.015820942920944825}, "datetime": {"datetime": "2021-09-27 16:23:08", "elapsed": 390.692047, "delta": 1.400179}}
{"target": -11.956158416471212, "params": {"C": 69.83242207282225, "epsilon": 2.757043930714186, "gamma": 0.010402085611979629}, "datetime": {"datetime": "2021-09-27 16:23:11", "elapsed": 393.971577, "delta": 3.27953}}
{"target": -17.01147358520633, "params": {"C": 69.58243191889483, "epsilon": 2.4961561383878292, "gamma": 0.22946034970068296}, "datetime": {"datetime": "2021-09-27 16:23:14", "elapsed": 396.737348, "delta": 2.765771}}
{"target": -11.814412432002856, "params": {"C": 69.81511562492669, "epsilon": 3.1054565217594057, "gamma": 0.01914924584295859}, "datetime": {"datetime": "2021-09-27 16:23:16", "elapsed": 398.936557, "delta": 2.199209}}
{"target": -12.026573336731872, "params": {"C": 69.0322736207976, "epsilon": 2.976019129254899, "gamma": 0.04093885454800986}, "datetime": {"datetime": "2021-09-27 16:23:19", "elapsed": 401.663872, "delta": 2.727315}}
{"target": -11.387502380013776, "params": {"C": 28.25169530321049, "epsilon": 1.0, "gamma": 0.01}, "datetime": {"datetime": "2021-09-27 16:23:21", "elapsed": 403.849056, "delta": 2.185184}}
{"target": -15.198937658439585, "params": {"C": 69.40005764886315, "epsilon": 3.5080097931108996, "gamma": 0.08945008604783178}, "datetime": {"datetime": "2021-09-27 16:23:24", "elapsed": 406.891518, "delta": 3.042462}}
{"target": -11.937377222710072, "params": {"C": 70.22627152386403, "epsilon": 2.9455898927829, "gamma": 0.01}, "datetime": {"datetime": "2021-09-27 16:23:26", "elapsed": 408.91626, "delta": 2.024742}}
{"target": -19.10094594222293, "params": {"C": 70.13819754821618, "epsilon": 3.372075818478078, "gamma": 0.23777359682393565}, "datetime": {"datetime": "2021-09-27 16:23:28", "elapsed": 411.052046, "delta": 2.135786}}
{"target": -11.622270496270716, "params": {"C": 44.178816671945306, "epsilon": 1.661527747240773, "gamma": 0.01}, "datetime": {"datetime": "2021-09-27 16:23:31", "elapsed": 413.786086, "delta": 2.73404}}
{"target": -11.570418639055195, "params": {"C": 44.16780457773849, "epsilon": 1.2954802650179402, "gamma": 0.08543009755219179}, "datetime": {"datetime": "2021-09-27 16:23:33", "elapsed": 416.225754, "delta": 2.439668}}
{"target": -10.997917771511867, "params": {"C": 44.60974933685554, "epsilon": 1.3886538634291907, "gamma": 0.039118301915814266}, "datetime": {"datetime": "2021-09-27 16:23:35", "elapsed": 418.253102, "delta": 2.027348}}
{"target": -15.858254377501277, "params": {"C": 44.543374685586784, "epsilon": 1.138870485652196, "gamma": 0.3}, "datetime": {"datetime": "2021-09-27 16:23:37", "elapsed": 420.370549, "delta": 2.117447}}
{"target": -16.118825132625304, "params": {"C": 44.64296142359909, "epsilon": 1.8217873072328985, "gamma": 0.2545600805142377}, "datetime": {"datetime": "2021-09-27 16:23:40", "elapsed": 422.804409, "delta": 2.43386}}
{"target": -11.396571319875552, "params": {"C": 70.48462693429418, "epsilon": 2.488199131457021, "gamma": 0.03020934545603448}, "datetime": {"datetime": "2021-09-27 16:23:43", "elapsed": 426.024892, "delta": 3.220483}}
{"target": -15.317872579243048, "params": {"C": 70.22069453144766, "epsilon": 2.6517317736565893, "gamma": 0.141233266724442}, "datetime": {"datetime": "2021-09-27 16:23:45", "elapsed": 427.910861, "delta": 1.885969}}
{"target": -12.991704564167462, "params": {"C": 70.65611278302259, "epsilon": 2.253671463181481, "gamma": 0.08756642667483654}, "datetime": {"datetime": "2021-09-27 16:23:48", "elapsed": 430.64737, "delta": 2.736509}}
{"target": -16.057796461992424, "params": {"C": 43.94870228653245, "epsilon": 1.5886598257990143, "gamma": 0.2719273436088942}, "datetime": {"datetime": "2021-09-27 16:23:50", "elapsed": 433.072554, "delta": 2.425184}}
{"target": -11.075971790667845, "params": {"C": 40.91206855060615, "epsilon": 1.0003168481229332, "gamma": 0.021769019458816367}, "datetime": {"datetime": "2021-09-27 16:23:53", "elapsed": 435.850236, "delta": 2.777682}}
{"target": -18.688156024910647, "params": {"C": 66.74047291428971, "epsilon": 3.0836736066717876, "gamma": 0.2539472573774304}, "datetime": {"datetime": "2021-09-27 16:23:54", "elapsed": 437.33517, "delta": 1.484934}}
{"target": -11.61017565366628, "params": {"C": 70.70331501280376, "epsilon": 2.767940115201556, "gamma": 0.03390390959344375}, "datetime": {"datetime": "2021-09-27 16:23:56", "elapsed": 439.420373, "delta": 2.085203}}
{"target": -11.325401420097547, "params": {"C": 42.48180535239191, "epsilon": 1.293189356323197, "gamma": 0.013897545998956349}, "datetime": {"datetime": "2021-09-27 16:23:59", "elapsed": 442.200369, "delta": 2.779996}}
{"target": -15.424325749488013, "params": {"C": 39.46117931026151, "epsilon": 1.0313171571694033, "gamma": 0.288960047573423}, "datetime": {"datetime": "2021-09-27 16:24:02", "elapsed": 444.634364, "delta": 2.433995}}
{"target": -13.104581268832693, "params": {"C": 87.71001714874653, "epsilon": 3.999975874221444, "gamma": 0.03947078969286096}, "datetime": {"datetime": "2021-09-27 16:24:04", "elapsed": 447.076186, "delta": 2.441822}}
{"target": -12.553537164464831, "params": {"C": 69.21407317925703, "epsilon": 3.1959863563606996, "gamma": 0.04884016618375724}, "datetime": {"datetime": "2021-09-27 16:24:05", "elapsed": 448.513306, "delta": 1.43712}}
{"target": -14.044600272216536, "params": {"C": 57.134932774429245, "epsilon": 1.3900924517209812, "gamma": 0.1632747060092593}, "datetime": {"datetime": "2021-09-27 16:24:07", "elapsed": 450.045309, "delta": 1.532003}}
{"target": -22.063661761508534, "params": {"C": 2.176367676806694, "epsilon": 3.6483408263861303, "gamma": 0.26318224972706045}, "datetime": {"datetime": "2021-09-27 16:24:08", "elapsed": 451.622189, "delta": 1.57688}}
{"target": -17.17618163463925, "params": {"C": 11.89059670010305, "epsilon": 3.2722976601609286, "gamma": 0.1742307072179486}, "datetime": {"datetime": "2021-09-27 16:24:10", "elapsed": 453.138075, "delta": 1.515886}}
{"target": -18.650978237038732, "params": {"C": 59.07349309893811, "epsilon": 4.072484810893185, "gamma": 0.14288401233080744}, "datetime": {"datetime": "2021-09-27 16:24:12", "elapsed": 454.875071, "delta": 1.736996}}
{"target": -14.166705137997706, "params": {"C": 99.75626299767906, "epsilon": 2.9549065135571912, "gamma": 0.08937062400917675}, "datetime": {"datetime": "2021-09-27 16:24:13", "elapsed": 456.287821, "delta": 1.41275}}
{"target": -11.518400509260088, "params": {"C": 43.245208318882014, "epsilon": 1.837340070370963, "gamma": 0.029460027587016574}, "datetime": {"datetime": "2021-09-27 16:24:16", "elapsed": 459.519447, "delta": 3.231626}}
{"target": -16.068396181668696, "params": {"C": 73.1673077375226, "epsilon": 2.6037250226269024, "gamma": 0.16716353918319352}, "datetime": {"datetime": "2021-09-27 16:24:19", "elapsed": 462.619173, "delta": 3.099726}}
{"target": -15.079248430110251, "params": {"C": 21.60162370939288, "epsilon": 3.1407068449472817, "gamma": 0.09992769141556775}, "datetime": {"datetime": "2021-09-27 16:24:21", "elapsed": 464.267174, "delta": 1.648001}}
{"target": -12.695628640434748, "params": {"C": 68.52692697802152, "epsilon": 3.3320325012053518, "gamma": 0.04692076519047607}, "datetime": {"datetime": "2021-09-27 16:24:24", "elapsed": 466.889899, "delta": 2.622725}}
{"target": -19.523168560559327, "params": {"C": 68.47287000117433, "epsilon": 3.8950669210870914, "gamma": 0.19791540735385743}, "datetime": {"datetime": "2021-09-27 16:24:26", "elapsed": 469.352227, "delta": 2.462328}}
{"target": -11.461679229458484, "params": {"C": 44.9757551388895, "epsilon": 1.4518955886050262, "gamma": 0.01289752369900652}, "datetime": {"datetime": "2021-09-27 16:24:29", "elapsed": 472.046908, "delta": 2.694681}}
{"target": -13.014722459812846, "params": {"C": 45.35851256255332, "epsilon": 1.4702088273153553, "gamma": 0.1206735164469198}, "datetime": {"datetime": "2021-09-27 16:24:31", "elapsed": 474.418726, "delta": 2.371818}}
{"target": -10.59397425180314, "params": {"C": 45.23603786552224, "epsilon": 1.0426618057549772, "gamma": 0.04243398063211805}, "datetime": {"datetime": "2021-09-27 16:24:34", "elapsed": 476.739612, "delta": 2.320886}}
{"target": -11.948477418823005, "params": {"C": 45.62850734280988, "epsilon": 1.0199283469484124, "gamma": 0.10828180732695783}, "datetime": {"datetime": "2021-09-27 16:24:36", "elapsed": 479.26977, "delta": 2.530158}}
{"target": -12.443287991160293, "params": {"C": 52.838381630042164, "epsilon": 2.1121104662594163, "gamma": 0.07838947476712839}, "datetime": {"datetime": "2021-09-27 16:24:38", "elapsed": 480.90577, "delta": 1.636}}
{"target": -11.760681251734951, "params": {"C": 53.163897178308886, "epsilon": 2.5055949523625336, "gamma": 0.01}, "datetime": {"datetime": "2021-09-27 16:24:41", "elapsed": 483.654018, "delta": 2.748248}}
{"target": -14.873750199527237, "params": {"C": 52.671410710130885, "epsilon": 2.603281448770468, "gamma": 0.13571879113185797}, "datetime": {"datetime": "2021-09-27 16:24:44", "elapsed": 486.846243, "delta": 3.192225}}
{"target": -12.394502904244192, "params": {"C": 53.378270977888945, "epsilon": 2.2200952797760154, "gamma": 0.07423289830467485}, "datetime": {"datetime": "2021-09-27 16:24:47", "elapsed": 490.275908, "delta": 3.429665}}
{"target": -17.91320096548429, "params": {"C": 53.46246601884484, "epsilon": 2.721733825545126, "gamma": 0.26751605969667047}, "datetime": {"datetime": "2021-09-27 16:24:50", "elapsed": 493.508198, "delta": 3.23229}}
{"target": -15.754352086399026, "params": {"C": 45.18116720178564, "epsilon": 1.1859255201029002, "gamma": 0.2882024621297037}, "datetime": {"datetime": "2021-09-27 16:24:54", "elapsed": 497.445245, "delta": 3.937047}}
{"target": -13.638836773767874, "params": {"C": 99.3429396618647, "epsilon": 3.3538470572113663, "gamma": 0.0662756284749236}, "datetime": {"datetime": "2021-09-27 16:24:56", "elapsed": 498.98625, "delta": 1.541005}}
{"target": -11.70752629254646, "params": {"C": 53.21582811446638, "epsilon": 1.7698385356277635, "gamma": 0.01}, "datetime": {"datetime": "2021-09-27 16:25:00", "elapsed": 502.689378, "delta": 3.703128}}
{"target": -11.637665161795576, "params": {"C": 53.66050931733335, "epsilon": 1.686313789879677, "gamma": 0.01}, "datetime": {"datetime": "2021-09-27 16:25:02", "elapsed": 504.954514, "delta": 2.265136}}
{"target": -11.03717780665156, "params": {"C": 53.35857534437549, "epsilon": 1.2974037842032575, "gamma": 0.06396916556643285}, "datetime": {"datetime": "2021-09-27 16:25:05", "elapsed": 508.28503, "delta": 3.330516}}
{"target": -11.455947327519448, "params": {"C": 53.74559771552092, "epsilon": 1.2285877748418872, "gamma": 0.01}, "datetime": {"datetime": "2021-09-27 16:25:09", "elapsed": 512.195973, "delta": 3.910943}}
{"target": -15.203774571987278, "params": {"C": 53.2594968299502, "epsilon": 1.0043151428554418, "gamma": 0.26351129410416124}, "datetime": {"datetime": "2021-09-27 16:25:11", "elapsed": 514.004847, "delta": 1.808874}}
{"target": -14.273727266701764, "params": {"C": 53.54210230379258, "epsilon": 1.4694005026694499, "gamma": 0.17562958646254156}, "datetime": {"datetime": "2021-09-27 16:25:13", "elapsed": 516.100173, "delta": 2.095326}}
{"target": -11.555258060309654, "params": {"C": 54.09632817349508, "epsilon": 1.5457162052232911, "gamma": 0.01}, "datetime": {"datetime": "2021-09-27 16:25:15", "elapsed": 518.37382, "delta": 2.273647}}
{"target": -13.034850365898967, "params": {"C": 54.049816475002594, "epsilon": 1.0052798632302387, "gamma": 0.13824155063028282}, "datetime": {"datetime": "2021-09-27 16:25:18", "elapsed": 520.81787, "delta": 2.44405}}
{"target": -10.940852407337024, "params": {"C": 53.02019185679215, "epsilon": 1.4215865677528219, "gamma": 0.045336980877513124}, "datetime": {"datetime": "2021-09-27 16:25:20", "elapsed": 522.906848, "delta": 2.088978}}
{"target": -13.837694505250653, "params": {"C": 15.936129340452096, "epsilon": 3.776736925348485, "gamma": 0.04201307437123699}, "datetime": {"datetime": "2021-09-27 16:25:21", "elapsed": 524.381121, "delta": 1.474273}}
{"target": -14.821426408846605, "params": {"C": 53.97145042938707, "epsilon": 2.0070457162274167, "gamma": 0.17105035337726887}, "datetime": {"datetime": "2021-09-27 16:25:24", "elapsed": 527.126852, "delta": 2.745731}}
{"target": -11.511436758718041, "params": {"C": 54.50867142776163, "epsilon": 1.3603518021183423, "gamma": 0.01}, "datetime": {"datetime": "2021-09-27 16:25:28", "elapsed": 531.265024, "delta": 4.138172}}
{"target": -15.688560655826816, "params": {"C": 6.224826598052244, "epsilon": 1.6987758913168531, "gamma": 0.18627409381910032}, "datetime": {"datetime": "2021-09-27 16:25:30", "elapsed": 532.945016, "delta": 1.679992}}
{"target": -14.468592118900435, "params": {"C": 54.85388840060204, "epsilon": 1.1238391710576645, "gamma": 0.2086449796617311}, "datetime": {"datetime": "2021-09-27 16:25:34", "elapsed": 536.708793, "delta": 3.763777}}
{"target": -16.089233107402336, "params": {"C": 54.54395176040525, "epsilon": 1.7271870718098346, "gamma": 0.25407637930625465}, "datetime": {"datetime": "2021-09-27 16:25:37", "elapsed": 539.718091, "delta": 3.009298}}
{"target": -16.73387216938394, "params": {"C": 68.35869062790928, "epsilon": 2.874607055249884, "gamma": 0.17511715641522152}, "datetime": {"datetime": "2021-09-27 16:25:39", "elapsed": 542.358019, "delta": 2.639928}}
{"target": -11.394536335422364, "params": {"C": 46.12468467542235, "epsilon": 1.0573816403821616, "gamma": 0.01}, "datetime": {"datetime": "2021-09-27 16:25:43", "elapsed": 545.826831, "delta": 3.468812}}
{"target": -11.521324462954126, "params": {"C": 45.93366607380266, "epsilon": 1.4128450806734196, "gamma": 0.01}, "datetime": {"datetime": "2021-09-27 16:25:47", "elapsed": 550.145049, "delta": 4.318218}}
{"target": -16.001008615292143, "params": {"C": 46.334122379988486, "epsilon": 1.4335977540900797, "gamma": 0.2799527748881884}, "datetime": {"datetime": "2021-09-27 16:25:49", "elapsed": 552.499247, "delta": 2.354198}}
{"target": -11.70204974692174, "params": {"C": 91.54502546137759, "epsilon": 2.1770841373764434, "gamma": 0.056917836711300025}, "datetime": {"datetime": "2021-09-27 16:25:51", "elapsed": 554.257682, "delta": 1.758435}}
{"target": -12.090111112769241, "params": {"C": 58.74158947194463, "epsilon": 1.3227117404492568, "gamma": 0.09434085788402206}, "datetime": {"datetime": "2021-09-27 16:25:53", "elapsed": 555.870999, "delta": 1.613317}}
{"target": -14.279616656848715, "params": {"C": 91.95870613226599, "epsilon": 2.0651641939947813, "gamma": 0.1314860697457841}, "datetime": {"datetime": "2021-09-27 16:25:56", "elapsed": 559.567212, "delta": 3.696213}}
{"target": -15.38174497188248, "params": {"C": 91.11711282761298, "epsilon": 2.1587888031233278, "gamma": 0.16072088842873608}, "datetime": {"datetime": "2021-09-27 16:26:00", "elapsed": 562.934107, "delta": 3.366895}}
{"target": -11.93841589736202, "params": {"C": 91.64324046789403, "epsilon": 2.5786467943363713, "gamma": 0.01}, "datetime": {"datetime": "2021-09-27 16:26:02", "elapsed": 565.512328, "delta": 2.578221}}
{"target": -15.704782663848524, "params": {"C": 59.135601964781976, "epsilon": 1.29118150964867, "gamma": 0.2653123445089223}, "datetime": {"datetime": "2021-09-27 16:26:05", "elapsed": 568.272424, "delta": 2.760096}}
{"target": -11.378688400042236, "params": {"C": 58.45363116702019, "epsilon": 1.017444787900221, "gamma": 0.01}, "datetime": {"datetime": "2021-09-27 16:26:09", "elapsed": 572.006411, "delta": 3.733987}}
{"target": -15.610562175748715, "params": {"C": 58.40504319528119, "epsilon": 1.121900881973294, "gamma": 0.2735348212380938}, "datetime": {"datetime": "2021-09-27 16:26:11", "elapsed": 574.200569, "delta": 2.194158}}
{"target": -12.056039107048184, "params": {"C": 39.89338735227817, "epsilon": 1.0029735188905378, "gamma": 0.11512683882008153}, "datetime": {"datetime": "2021-09-27 16:26:15", "elapsed": 577.660038, "delta": 3.459469}}
{"target": -11.720375463631909, "params": {"C": 45.792190844944805, "epsilon": 1.8078854369727015, "gamma": 0.012984750931016096}, "datetime": {"datetime": "2021-09-27 16:26:18", "elapsed": 580.966122, "delta": 3.306084}}
{"target": -11.65109314875888, "params": {"C": 45.664807110785105, "epsilon": 2.244018749000883, "gamma": 0.054279855643798114}, "datetime": {"datetime": "2021-09-27 16:26:21", "elapsed": 584.002311, "delta": 3.036189}}
{"target": -11.886093953600659, "params": {"C": 46.019540927253544, "epsilon": 2.3669293886574794, "gamma": 0.025070343997382928}, "datetime": {"datetime": "2021-09-27 16:26:23", "elapsed": 586.56919, "delta": 2.566879}}
