{"target": 0.8981224735848934, "params": {"C": 466.8088018810296, "epsilon": 0.5818531048848834, "gamma": 0.05001143748173449}, "datetime": {"datetime": "2021-09-18 15:28:14", "elapsed": 0.0, "delta": 0.0}}
{"target": 0.8949249326691858, "params": {"C": 420.9330290527359, "epsilon": 0.1344695948373482, "gamma": 0.059233859476879785}, "datetime": {"datetime": "2021-09-18 15:28:14", "elapsed": 0.154041, "delta": 0.154041}}
{"target": 0.8998590873915417, "params": {"C": 374.50408455106833, "epsilon": 0.28953736709357725, "gamma": 0.089676747423067}, "datetime": {"datetime": "2021-09-18 15:28:15", "elapsed": 0.268994, "delta": 0.114953}}
{"target": 0.8774050349538665, "params": {"C": 515.5266936013428, "epsilon": 0.34697172123457, "gamma": 0.11852195003967594}, "datetime": {"datetime": "2021-09-18 15:28:15", "elapsed": 0.404992, "delta": 0.135998}}
{"target": 0.8995960503250537, "params": {"C": 381.78089989260695, "epsilon": 0.7049316003849375, "gamma": 0.05273875931979262}, "datetime": {"datetime": "2021-09-18 15:28:15", "elapsed": 0.527994, "delta": 0.123002}}
{"target": 0.8798920546024571, "params": {"C": 568.1870040713609, "epsilon": 0.34549774584635906, "gamma": 0.10586898284457516}, "datetime": {"datetime": "2021-09-18 15:28:15", "elapsed": 0.693029, "delta": 0.165035}}
{"target": 0.8968800838825624, "params": {"C": 375.89538210413923, "epsilon": 0.020272926612026985, "gamma": 0.08937046797223017}, "datetime": {"datetime": "2021-09-18 15:28:15", "elapsed": 0.929915, "delta": 0.236886}}
{"target": 0.9080577072721611, "params": {"C": 368.24291886179304, "epsilon": 0.7338196995401082, "gamma": 0.08364314442536903}, "datetime": {"datetime": "2021-09-18 15:28:15", "elapsed": 1.119908, "delta": 0.189993}}
{"target": 0.8811489800434611, "params": {"C": 359.69668044181435, "epsilon": 0.7308724951896156, "gamma": 0.14541685034269042}, "datetime": {"datetime": "2021-09-18 15:28:16", "elapsed": 1.424983, "delta": 0.305075}}
{"target": 0.8920200292954497, "params": {"C": 389.6726075278587, "epsilon": 0.8, "gamma": 0.11370102817466678}, "datetime": {"datetime": "2021-09-18 15:28:16", "elapsed": 1.613951, "delta": 0.188968}}
{"target": 0.882295421243635, "params": {"C": 475.1339828582007, "epsilon": 0.6948070986768634, "gamma": 0.12413652750365842}, "datetime": {"datetime": "2021-09-18 15:28:16", "elapsed": 1.820916, "delta": 0.206965}}
{"target": 0.8923180546620902, "params": {"C": 459.9384255606121, "epsilon": 0.16064442065377066, "gamma": 0.09029411991422742}, "datetime": {"datetime": "2021-09-18 15:28:16", "elapsed": 2.11491, "delta": 0.293994}}
{"target": 0.8993732896569844, "params": {"C": 370.7621918248322, "epsilon": 0.09122454728660088, "gamma": 0.07537464243968554}, "datetime": {"datetime": "2021-09-18 15:28:17", "elapsed": 2.396945, "delta": 0.282035}}
{"target": 0.8937826240814992, "params": {"C": 365.9891859571793, "epsilon": 0.16796450431056473, "gamma": 0.05693076684346796}, "datetime": {"datetime": "2021-09-18 15:28:17", "elapsed": 2.659909, "delta": 0.262964}}
{"target": 0.8877158655882497, "params": {"C": 384.76755867541834, "epsilon": 0.02, "gamma": 0.05}, "datetime": {"datetime": "2021-09-18 15:28:17", "elapsed": 2.867949, "delta": 0.20804}}
{"target": 0.8797413730308208, "params": {"C": 369.02246574391523, "epsilon": 0.12188081383371793, "gamma": 0.13682118846331393}, "datetime": {"datetime": "2021-09-18 15:28:17", "elapsed": 3.098912, "delta": 0.230963}}
{"target": 0.8891032195769148, "params": {"C": 570.8446105070634, "epsilon": 0.44737061330891664, "gamma": 0.08832091671387048}, "datetime": {"datetime": "2021-09-18 15:28:18", "elapsed": 3.318905, "delta": 0.219993}}
{"target": 0.9010491709449491, "params": {"C": 356.30244040123415, "epsilon": 0.12871605438065656, "gamma": 0.08168323118512143}, "datetime": {"datetime": "2021-09-18 15:28:18", "elapsed": 3.513949, "delta": 0.195044}}
{"target": 0.9039010312925727, "params": {"C": 409.60018707365515, "epsilon": 0.6161917549840494, "gamma": 0.05668705456603151}, "datetime": {"datetime": "2021-09-18 15:28:18", "elapsed": 3.699951, "delta": 0.186002}}
{"target": 0.8970405260833516, "params": {"C": 675.7318237434487, "epsilon": 0.7609602630360144, "gamma": 0.07791314237408063}, "datetime": {"datetime": "2021-09-18 15:28:18", "elapsed": 3.922916, "delta": 0.222965}}
{"target": 0.8933831488858638, "params": {"C": 539.2808073579033, "epsilon": 0.10790760470141035, "gamma": 0.06167775096844278}, "datetime": {"datetime": "2021-09-18 15:28:19", "elapsed": 4.195909, "delta": 0.272993}}
{"target": 0.8786718479280649, "params": {"C": 545.4498642871534, "epsilon": 0.4547656786001045, "gamma": 0.11536069203017797}, "datetime": {"datetime": "2021-09-18 15:28:19", "elapsed": 4.400915, "delta": 0.205006}}
{"target": 0.8843635510699835, "params": {"C": 306.72506601170494, "epsilon": 0.22151833285819428, "gamma": 0.1300584705694262}, "datetime": {"datetime": "2021-09-18 15:28:19", "elapsed": 4.614911, "delta": 0.213996}}
{"target": 0.8787215360066444, "params": {"C": 424.930415291709, "epsilon": 0.4460815213709877, "gamma": 0.13267582629678548}, "datetime": {"datetime": "2021-09-18 15:28:19", "elapsed": 4.792906, "delta": 0.177995}}
{"target": 0.882476660229605, "params": {"C": 485.58465165650415, "epsilon": 0.12596167993674234, "gamma": 0.10673333050269374}, "datetime": {"datetime": "2021-09-18 15:28:19", "elapsed": 5.058916, "delta": 0.26601}}
{"target": 0.8652421152658459, "params": {"C": 664.5605791948111, "epsilon": 0.5056861556733341, "gamma": 0.14692817616310472}, "datetime": {"datetime": "2021-09-18 15:28:20", "elapsed": 5.262911, "delta": 0.203995}}
{"target": 0.8965988278205101, "params": {"C": 675.7701561105287, "epsilon": 0.7625928848217396, "gamma": 0.0784190460526891}, "datetime": {"datetime": "2021-09-18 15:28:20", "elapsed": 5.480916, "delta": 0.218005}}
{"target": 0.9064960328529199, "params": {"C": 367.83487298322063, "epsilon": 0.8, "gamma": 0.058094371739408804}, "datetime": {"datetime": "2021-09-18 15:28:20", "elapsed": 5.684912, "delta": 0.203996}}
{"target": 0.8768439890581788, "params": {"C": 367.80518480872087, "epsilon": 0.1606610775135479, "gamma": 0.14624736640894753}, "datetime": {"datetime": "2021-09-18 15:28:20", "elapsed": 5.924955, "delta": 0.240043}}
{"target": 0.8982667250063864, "params": {"C": 409.9751576787736, "epsilon": 0.7352134342940037, "gamma": 0.050731099295267285}, "datetime": {"datetime": "2021-09-18 15:28:20", "elapsed": 6.152947, "delta": 0.227992}}
{"target": 0.8908133129127267, "params": {"C": 635.6815906131153, "epsilon": 0.34643817339004873, "gamma": 0.07960894173739812}, "datetime": {"datetime": "2021-09-18 15:28:21", "elapsed": 6.389905, "delta": 0.236958}}
{"target": 0.8934427513810919, "params": {"C": 409.73884791729324, "epsilon": 0.14658700196177027, "gamma": 0.09494500996713826}, "datetime": {"datetime": "2021-09-18 15:28:21", "elapsed": 6.684914, "delta": 0.295009}}
{"target": 0.8927195972242906, "params": {"C": 409.1304141500706, "epsilon": 0.7903259293201261, "gamma": 0.11020072479927988}, "datetime": {"datetime": "2021-09-18 15:28:21", "elapsed": 6.90391, "delta": 0.218996}}
{"target": 0.894023829939246, "params": {"C": 317.196798914133, "epsilon": 0.34359310498360673, "gamma": 0.050529157301106756}, "datetime": {"datetime": "2021-09-18 15:28:21", "elapsed": 7.111952, "delta": 0.208042}}
{"target": 0.9081947562852065, "params": {"C": 356.03499712232554, "epsilon": 0.5569192972556145, "gamma": 0.07693188422233911}, "datetime": {"datetime": "2021-09-18 15:28:22", "elapsed": 7.414962, "delta": 0.30301}}
{"target": 0.8934756292090927, "params": {"C": 355.72956437956714, "epsilon": 0.29355882864641086, "gamma": 0.10432518134286733}, "datetime": {"datetime": "2021-09-18 15:28:22", "elapsed": 7.694908, "delta": 0.279946}}
{"target": 0.8846887297638086, "params": {"C": 356.3853153565784, "epsilon": 0.6438871257143413, "gamma": 0.13232216931613505}, "datetime": {"datetime": "2021-09-18 15:28:22", "elapsed": 7.958907, "delta": 0.263999}}
{"target": 0.8993402709226788, "params": {"C": 341.28050720433396, "epsilon": 0.06457611696599912, "gamma": 0.08696460782110318}, "datetime": {"datetime": "2021-09-18 15:28:23", "elapsed": 8.207912, "delta": 0.249005}}
{"target": 0.899677558392512, "params": {"C": 368.04745090464615, "epsilon": 0.7305933164361708, "gamma": 0.0530893560571096}, "datetime": {"datetime": "2021-09-18 15:28:23", "elapsed": 8.504951, "delta": 0.297039}}
{"target": 0.9049352395933652, "params": {"C": 368.45300312829966, "epsilon": 0.7744616596327826, "gamma": 0.08970872243553683}, "datetime": {"datetime": "2021-09-18 15:28:23", "elapsed": 8.778906, "delta": 0.273955}}
{"target": 0.8934870113914117, "params": {"C": 367.679080602021, "epsilon": 0.7904385490471312, "gamma": 0.11201937060718228}, "datetime": {"datetime": "2021-09-18 15:28:23", "elapsed": 8.999915, "delta": 0.221009}}
{"target": 0.904559647979924, "params": {"C": 368.31730399115173, "epsilon": 0.5315691698929111, "gamma": 0.0596743502157188}, "datetime": {"datetime": "2021-09-18 15:28:24", "elapsed": 9.291907, "delta": 0.291992}}
{"target": 0.8825476866112008, "params": {"C": 355.85355488385596, "epsilon": 0.6306289149721249, "gamma": 0.13877149480921763}, "datetime": {"datetime": "2021-09-18 15:28:24", "elapsed": 9.526958, "delta": 0.235051}}
{"target": 0.8834773814127889, "params": {"C": 368.38333182183726, "epsilon": 0.5861532769058361, "gamma": 0.13143043247234124}, "datetime": {"datetime": "2021-09-18 15:28:24", "elapsed": 9.774908, "delta": 0.24795}}
{"target": 0.900502590495902, "params": {"C": 368.2267057244628, "epsilon": 0.6649978020491896, "gamma": 0.0954886463392631}, "datetime": {"datetime": "2021-09-18 15:28:24", "elapsed": 10.030906, "delta": 0.255998}}
{"target": 0.9088860338252238, "params": {"C": 401.89080427796716, "epsilon": 0.6794822808626784, "gamma": 0.0630656811889874}, "datetime": {"datetime": "2021-09-18 15:28:25", "elapsed": 10.29991, "delta": 0.269004}}
{"target": 0.8675227345044854, "params": {"C": 601.8811349078194, "epsilon": 0.20437369280438825, "gamma": 0.13751905057809988}, "datetime": {"datetime": "2021-09-18 15:28:25", "elapsed": 10.594951, "delta": 0.295041}}
{"target": 0.8867008102899351, "params": {"C": 356.0844361671028, "epsilon": 0.6300662629733045, "gamma": 0.12711556744089375}, "datetime": {"datetime": "2021-09-18 15:28:25", "elapsed": 10.863937, "delta": 0.268986}}
{"target": 0.8699549391089991, "params": {"C": 624.3478881718885, "epsilon": 0.602851931392036, "gamma": 0.13895289973463082}, "datetime": {"datetime": "2021-09-18 15:28:25", "elapsed": 11.143909, "delta": 0.279972}}
{"target": 0.9099779262181872, "params": {"C": 367.84965802681495, "epsilon": 0.776027365755816, "gamma": 0.07670915034087837}, "datetime": {"datetime": "2021-09-18 15:28:26", "elapsed": 11.384906, "delta": 0.240997}}
{"target": 0.9085590957207337, "params": {"C": 368.228553106288, "epsilon": 0.5299988738351195, "gamma": 0.0689242432397047}, "datetime": {"datetime": "2021-09-18 15:28:26", "elapsed": 11.657951, "delta": 0.273045}}
{"target": 0.8952650663069959, "params": {"C": 368.2261152410382, "epsilon": 0.7516825148682003, "gamma": 0.1058846165515128}, "datetime": {"datetime": "2021-09-18 15:28:26", "elapsed": 11.900246, "delta": 0.242295}}
{"target": 0.90308189818637, "params": {"C": 374.48393129361966, "epsilon": 0.2505097507726739, "gamma": 0.0778291933718916}, "datetime": {"datetime": "2021-09-18 15:28:27", "elapsed": 12.209237, "delta": 0.308991}}
{"target": 0.8960383179391389, "params": {"C": 374.4706997689623, "epsilon": 0.25474850330643517, "gamma": 0.09818341877767849}, "datetime": {"datetime": "2021-09-18 15:28:27", "elapsed": 12.479279, "delta": 0.270042}}
{"target": 0.9028662256686364, "params": {"C": 368.22362269971705, "epsilon": 0.6902701919394915, "gamma": 0.09240844967954817}, "datetime": {"datetime": "2021-09-18 15:28:27", "elapsed": 12.727241, "delta": 0.247962}}
{"target": 0.8815302532250892, "params": {"C": 367.9185031699729, "epsilon": 0.7638117642614266, "gamma": 0.14452727052681658}, "datetime": {"datetime": "2021-09-18 15:28:27", "elapsed": 13.006279, "delta": 0.279038}}
{"target": 0.8901204515725949, "params": {"C": 368.25950366114216, "epsilon": 0.5371483628841845, "gamma": 0.11258457988917793}, "datetime": {"datetime": "2021-09-18 15:28:28", "elapsed": 13.312235, "delta": 0.305956}}
{"target": 0.8800644825070483, "params": {"C": 316.8815664478196, "epsilon": 0.5329595350705338, "gamma": 0.1491170044657159}, "datetime": {"datetime": "2021-09-18 15:28:28", "elapsed": 13.565282, "delta": 0.253047}}
{"target": 0.9067032810512149, "params": {"C": 368.1997863107182, "epsilon": 0.46605665796016693, "gamma": 0.0640913062357508}, "datetime": {"datetime": "2021-09-18 15:28:28", "elapsed": 13.872246, "delta": 0.306964}}
{"target": 0.8805243311777504, "params": {"C": 343.4558160857324, "epsilon": 0.6560218693533538, "gamma": 0.14746295936787623}, "datetime": {"datetime": "2021-09-18 15:28:28", "elapsed": 14.118281, "delta": 0.246035}}
{"target": 0.8798448677512077, "params": {"C": 648.6988007311876, "epsilon": 0.15930423412333264, "gamma": 0.09187862018952728}, "datetime": {"datetime": "2021-09-18 15:28:29", "elapsed": 14.507239, "delta": 0.388958}}
{"target": 0.887250326591579, "params": {"C": 328.76486179762406, "epsilon": 0.1417636504121746, "gamma": 0.11774828218984411}, "datetime": {"datetime": "2021-09-18 15:28:29", "elapsed": 14.812244, "delta": 0.305005}}
{"target": 0.8941397677531413, "params": {"C": 368.2823752529494, "epsilon": 0.719559324060256, "gamma": 0.10899192407182648}, "datetime": {"datetime": "2021-09-18 15:28:29", "elapsed": 15.119236, "delta": 0.306992}}
{"target": 0.9055384098496628, "params": {"C": 368.23017374357585, "epsilon": 0.6574044126527032, "gamma": 0.08746896462371721}, "datetime": {"datetime": "2021-09-18 15:28:30", "elapsed": 15.38828, "delta": 0.269044}}
{"target": 0.8998262024794634, "params": {"C": 368.1495051538037, "epsilon": 0.5120238221482172, "gamma": 0.0948928469589081}, "datetime": {"datetime": "2021-09-18 15:28:30", "elapsed": 15.711246, "delta": 0.322966}}
{"target": 0.888302296313152, "params": {"C": 402.9207111638379, "epsilon": 0.5983756047674621, "gamma": 0.11610215078585859}, "datetime": {"datetime": "2021-09-18 15:28:30", "elapsed": 16.028239, "delta": 0.316993}}
{"target": 0.9093120750977847, "params": {"C": 368.5002613823883, "epsilon": 0.704582579828121, "gamma": 0.0633412241048632}, "datetime": {"datetime": "2021-09-18 15:28:31", "elapsed": 16.387279, "delta": 0.35904}}
{"target": 0.906251988675694, "params": {"C": 334.4992560218493, "epsilon": 0.4468205895078256, "gamma": 0.06450314998652472}, "datetime": {"datetime": "2021-09-18 15:28:31", "elapsed": 16.67628, "delta": 0.289001}}
{"target": 0.8973859101096104, "params": {"C": 368.16004778735305, "epsilon": 0.658684774817559, "gamma": 0.05092006540835168}, "datetime": {"datetime": "2021-09-18 15:28:31", "elapsed": 17.006289, "delta": 0.330009}}
{"target": 0.9066409699014722, "params": {"C": 368.243463105051, "epsilon": 0.5743441127897404, "gamma": 0.06166740336129381}, "datetime": {"datetime": "2021-09-18 15:28:32", "elapsed": 17.363273, "delta": 0.356984}}
{"target": 0.8954409204581966, "params": {"C": 367.80111019996707, "epsilon": 0.7119274688400407, "gamma": 0.10469583223038975}, "datetime": {"datetime": "2021-09-18 15:28:32", "elapsed": 17.669279, "delta": 0.306006}}
{"target": 0.9090012568286114, "params": {"C": 368.25931816498866, "epsilon": 0.686912492802478, "gamma": 0.06299684989735908}, "datetime": {"datetime": "2021-09-18 15:28:32", "elapsed": 18.058861, "delta": 0.389582}}
{"target": 0.8795608678883344, "params": {"C": 401.8969165331495, "epsilon": 0.6953503337385436, "gamma": 0.14510371752083345}, "datetime": {"datetime": "2021-09-18 15:28:33", "elapsed": 18.410865, "delta": 0.352004}}
{"target": 0.8984912186398172, "params": {"C": 401.8134895890847, "epsilon": 0.657611873436454, "gamma": 0.05131696065166655}, "datetime": {"datetime": "2021-09-18 15:28:33", "elapsed": 18.75787, "delta": 0.347005}}
{"target": 0.8838657137937163, "params": {"C": 334.5247191876539, "epsilon": 0.44664522798165834, "gamma": 0.1318759127832082}, "datetime": {"datetime": "2021-09-18 15:28:33", "elapsed": 19.127359, "delta": 0.369489}}
{"target": 0.9057645991396538, "params": {"C": 368.48452223718635, "epsilon": 0.6579611636002104, "gamma": 0.08693444391877295}, "datetime": {"datetime": "2021-09-18 15:28:34", "elapsed": 19.523393, "delta": 0.396034}}
{"target": 0.8909482952545623, "params": {"C": 483.33513984805745, "epsilon": 0.776039638880957, "gamma": 0.10690440656495995}, "datetime": {"datetime": "2021-09-18 15:28:34", "elapsed": 19.832353, "delta": 0.30896}}
{"target": 0.8866573389876312, "params": {"C": 368.4558690667699, "epsilon": 0.7218018158714056, "gamma": 0.1271033656977562}, "datetime": {"datetime": "2021-09-18 15:28:35", "elapsed": 20.184349, "delta": 0.351996}}
{"target": 0.8976057759073035, "params": {"C": 353.7870461212648, "epsilon": 0.7521373222043648, "gamma": 0.05094712321935096}, "datetime": {"datetime": "2021-09-18 15:28:35", "elapsed": 20.528352, "delta": 0.344003}}
{"target": 0.908295021751243, "params": {"C": 368.5310977754432, "epsilon": 0.7587470598621816, "gamma": 0.0833685747308003}, "datetime": {"datetime": "2021-09-18 15:28:35", "elapsed": 20.916263, "delta": 0.387911}}
{"target": 0.8924002124473438, "params": {"C": 370.7095010312902, "epsilon": 0.1831864256606617, "gamma": 0.10306004277440792}, "datetime": {"datetime": "2021-09-18 15:28:36", "elapsed": 21.266264, "delta": 0.350001}}
{"target": 0.8760533121427194, "params": {"C": 630.1651860127113, "epsilon": 0.11351567107825498, "gamma": 0.10583088563370627}, "datetime": {"datetime": "2021-09-18 15:28:36", "elapsed": 21.694222, "delta": 0.427958}}
{"target": 0.9020827840902929, "params": {"C": 409.59435891628266, "epsilon": 0.6789907486907607, "gamma": 0.08925545938275149}, "datetime": {"datetime": "2021-09-18 15:28:36", "elapsed": 22.07322, "delta": 0.378998}}
{"target": 0.8751520764540146, "params": {"C": 504.55520120053575, "epsilon": 0.5743899824454795, "gamma": 0.14330380931949183}, "datetime": {"datetime": "2021-09-18 15:28:37", "elapsed": 22.400225, "delta": 0.327005}}
{"target": 0.8966610676810598, "params": {"C": 355.9930934595537, "epsilon": 0.557947008841016, "gamma": 0.10077001381221862}, "datetime": {"datetime": "2021-09-18 15:28:37", "elapsed": 22.774223, "delta": 0.373998}}
{"target": 0.8835637507729885, "params": {"C": 632.4381612948596, "epsilon": 0.6754574462848936, "gamma": 0.1037488967560313}, "datetime": {"datetime": "2021-09-18 15:28:38", "elapsed": 23.180266, "delta": 0.406043}}
{"target": 0.8919094033773964, "params": {"C": 356.0854913697139, "epsilon": 0.4838324256108184, "gamma": 0.10753155516240348}, "datetime": {"datetime": "2021-09-18 15:28:38", "elapsed": 23.568265, "delta": 0.387999}}
{"target": 0.8697492857733362, "params": {"C": 617.0488195000113, "epsilon": 0.12990443907024238, "gamma": 0.12922616007393906}, "datetime": {"datetime": "2021-09-18 15:28:38", "elapsed": 24.041229, "delta": 0.472964}}
{"target": 0.9098792420487251, "params": {"C": 368.54673641867436, "epsilon": 0.7288803696765619, "gamma": 0.0737220496497726}, "datetime": {"datetime": "2021-09-18 15:28:39", "elapsed": 24.473706, "delta": 0.432477}}
{"target": 0.8939515967527079, "params": {"C": 456.00429289368503, "epsilon": 0.047526459326450804, "gamma": 0.06548503263479548}, "datetime": {"datetime": "2021-09-18 15:28:39", "elapsed": 24.876712, "delta": 0.403006}}
{"target": 0.8926705056883457, "params": {"C": 310.16766209992653, "epsilon": 0.04816818826818622, "gamma": 0.05298249318758083}, "datetime": {"datetime": "2021-09-18 15:28:40", "elapsed": 25.224057, "delta": 0.347345}}
{"target": 0.8818452969786925, "params": {"C": 368.57475101832165, "epsilon": 0.7080097263905972, "gamma": 0.14120579881741926}, "datetime": {"datetime": "2021-09-18 15:28:40", "elapsed": 25.58708, "delta": 0.363023}}
{"target": 0.9084583986460266, "params": {"C": 409.52306182771866, "epsilon": 0.5936069335657156, "gamma": 0.06650556559755266}, "datetime": {"datetime": "2021-09-18 15:28:40", "elapsed": 25.987087, "delta": 0.400007}}
{"target": 0.8804767062191001, "params": {"C": 409.4576201725399, "epsilon": 0.5751003279094693, "gamma": 0.13295172571722125}, "datetime": {"datetime": "2021-09-18 15:28:41", "elapsed": 26.349618, "delta": 0.362531}}
{"target": 0.909712870917339, "params": {"C": 367.77389765918, "epsilon": 0.7802803056667863, "gamma": 0.07940554009532978}, "datetime": {"datetime": "2021-09-18 15:28:41", "elapsed": 26.706614, "delta": 0.356996}}
{"target": 0.9107185386258663, "params": {"C": 368.5903505113071, "epsilon": 0.773415027536022, "gamma": 0.07281669294680446}, "datetime": {"datetime": "2021-09-18 15:28:41", "elapsed": 27.090616, "delta": 0.384002}}
{"target": 0.8966289778437471, "params": {"C": 409.60272324134843, "epsilon": 0.5722343593675618, "gamma": 0.09520885614278427}, "datetime": {"datetime": "2021-09-18 15:28:42", "elapsed": 27.579658, "delta": 0.489042}}
{"target": 0.8959216972554648, "params": {"C": 356.3612026192535, "epsilon": 0.07186485186552796, "gamma": 0.06296881231266532}, "datetime": {"datetime": "2021-09-18 15:28:42", "elapsed": 28.010659, "delta": 0.431001}}
{"target": 0.8931853590595692, "params": {"C": 555.6420246612638, "epsilon": 0.09732923014305471, "gamma": 0.06434996532568402}, "datetime": {"datetime": "2021-09-18 15:28:43", "elapsed": 28.463616, "delta": 0.452957}}
{"target": 0.9089037912663823, "params": {"C": 368.18092838438315, "epsilon": 0.5601324563860909, "gamma": 0.06802064107217354}, "datetime": {"datetime": "2021-09-18 15:28:43", "elapsed": 28.921659, "delta": 0.458043}}
{"target": 0.8991438725277736, "params": {"C": 374.5429478672864, "epsilon": 0.19719737124675696, "gamma": 0.08773651536319221}, "datetime": {"datetime": "2021-09-18 15:28:44", "elapsed": 29.336622, "delta": 0.414963}}
