{"target": -3.4966074797099935, "params": {"C": 34.90332715077339, "epsilon": 1.9185665337343982, "gamma": 0.001}, "datetime": {"datetime": "2021-09-18 10:21:58", "elapsed": 229.089745, "delta": 2.600029}}
{"target": -2.441262288212588, "params": {"C": 34.291900163330006, "epsilon": 1.7576724612440955, "gamma": 0.01560017984207128}, "datetime": {"datetime": "2021-09-18 10:22:00", "elapsed": 230.932335, "delta": 1.84259}}
{"target": -2.1218116212375535, "params": {"C": 46.14182495125569, "epsilon": 0.3481558876392169, "gamma": 0.025944835604347596}, "datetime": {"datetime": "2021-09-18 10:22:02", "elapsed": 232.773477, "delta": 1.841142}}
{"target": -3.2495304378523646, "params": {"C": 13.498263103753011, "epsilon": 3.2247115558690003, "gamma": 0.12783722006606557}, "datetime": {"datetime": "2021-09-18 10:22:03", "elapsed": 233.800734, "delta": 1.027257}}
{"target": -2.535036235345255, "params": {"C": 27.614124445498472, "epsilon": 0.7650943544051634, "gamma": 0.18519610135308803}, "datetime": {"datetime": "2021-09-18 10:22:04", "elapsed": 235.020386, "delta": 1.219652}}
{"target": -3.4175324979626667, "params": {"C": 33.97297441528057, "epsilon": 0.16365829634929538, "gamma": 0.001}, "datetime": {"datetime": "2021-09-18 10:22:06", "elapsed": 236.623663, "delta": 1.603277}}
{"target": -4.054927873100593, "params": {"C": 68.24114526964792, "epsilon": 5.885635943981134, "gamma": 0.09175591776455307}, "datetime": {"datetime": "2021-09-18 10:22:07", "elapsed": 237.669413, "delta": 1.04575}}
{"target": -2.3800547179450846, "params": {"C": 46.350777668033, "epsilon": 0.11332675827265509, "gamma": 0.008664287280413494}, "datetime": {"datetime": "2021-09-18 10:22:09", "elapsed": 239.521104, "delta": 1.851691}}
{"target": -3.598452548179804, "params": {"C": 34.87804819817032, "epsilon": 2.510218222965176, "gamma": 0.001}, "datetime": {"datetime": "2021-09-18 10:22:10", "elapsed": 241.313688, "delta": 1.792584}}
{"target": -2.051855888520788, "params": {"C": 46.10168461405877, "epsilon": 0.10646792218698609, "gamma": 0.042994477038196165}, "datetime": {"datetime": "2021-09-18 10:22:13", "elapsed": 243.453829, "delta": 2.140141}}
{"target": -2.2713878550442237, "params": {"C": 31.819349344656104, "epsilon": 1.2562054575416042, "gamma": 0.02789505359680431}, "datetime": {"datetime": "2021-09-18 10:22:14", "elapsed": 244.962024, "delta": 1.508195}}
{"target": -2.660658240931644, "params": {"C": 34.32803267778965, "epsilon": 1.3830931495266263, "gamma": 0.005555217706255828}, "datetime": {"datetime": "2021-09-18 10:22:16", "elapsed": 246.535512, "delta": 1.573488}}
{"target": -2.198087512110771, "params": {"C": 31.778675193758982, "epsilon": 1.5223041576872145, "gamma": 0.07360093849531926}, "datetime": {"datetime": "2021-09-18 10:22:17", "elapsed": 248.344488, "delta": 1.808976}}
{"target": -4.701288368833201, "params": {"C": 39.36033432335417, "epsilon": 6.075820158317478, "gamma": 0.23518868147378916}, "datetime": {"datetime": "2021-09-18 10:22:19", "elapsed": 249.434675, "delta": 1.090187}}
{"target": -3.113050976324621, "params": {"C": 31.584455033288975, "epsilon": 1.5632236700816242, "gamma": 0.2988952669676496}, "datetime": {"datetime": "2021-09-18 10:22:21", "elapsed": 251.593003, "delta": 2.158328}}
{"target": -4.330862053129032, "params": {"C": 57.15908649418931, "epsilon": 6.622062034736787, "gamma": 0.08499780997008048}, "datetime": {"datetime": "2021-09-18 10:22:22", "elapsed": 252.676539, "delta": 1.083536}}
{"target": -2.6275304527415213, "params": {"C": 42.558700270860946, "epsilon": 0.9097412969132093, "gamma": 0.1909431146255913}, "datetime": {"datetime": "2021-09-18 10:22:24", "elapsed": 254.832591, "delta": 2.156052}}
{"target": -2.8961269118509443, "params": {"C": 42.98875428180174, "epsilon": 0.6828050124075145, "gamma": 0.2861454603358059}, "datetime": {"datetime": "2021-09-18 10:22:25", "elapsed": 256.306501, "delta": 1.47391}}
{"target": -2.21579833855962, "params": {"C": 33.905810187331674, "epsilon": 1.6430356370347683, "gamma": 0.04766955944023328}, "datetime": {"datetime": "2021-09-18 10:22:27", "elapsed": 258.076372, "delta": 1.769871}}
{"target": -3.104417568110268, "params": {"C": 33.764485529064245, "epsilon": 1.7793035937507797, "gamma": 0.27832550693907054}, "datetime": {"datetime": "2021-09-18 10:22:29", "elapsed": 260.024514, "delta": 1.948142}}
{"target": -2.4776117058617264, "params": {"C": 56.059130076907316, "epsilon": 1.9939697147061644, "gamma": 0.010301456106755761}, "datetime": {"datetime": "2021-09-18 10:22:30", "elapsed": 261.182196, "delta": 1.157682}}
{"target": -2.134312531848113, "params": {"C": 42.67089646981333, "epsilon": 0.2101201181243013, "gamma": 0.11009145549968535}, "datetime": {"datetime": "2021-09-18 10:22:32", "elapsed": 263.102781, "delta": 1.920585}}
{"target": -2.710782367259857, "params": {"C": 42.35356588124743, "epsilon": 0.20565247384426816, "gamma": 0.25087360909696965}, "datetime": {"datetime": "2021-09-18 10:22:34", "elapsed": 264.98548, "delta": 1.882699}}
{"target": -2.0902715616865444, "params": {"C": 42.51522037318848, "epsilon": 0.4446085965513533, "gamma": 0.03766424663785398}, "datetime": {"datetime": "2021-09-18 10:22:36", "elapsed": 266.993589, "delta": 2.008109}}
{"target": -3.7818030432032117, "params": {"C": 54.60917505285282, "epsilon": 4.531181845151606, "gamma": 0.17151498824543188}, "datetime": {"datetime": "2021-09-18 10:22:37", "elapsed": 268.176862, "delta": 1.183273}}
{"target": -2.7486268125676503, "params": {"C": 42.40316023264949, "epsilon": 0.5897580110377316, "gamma": 0.24440904746702447}, "datetime": {"datetime": "2021-09-18 10:22:39", "elapsed": 270.327045, "delta": 2.150183}}
{"target": -2.2044997254705394, "params": {"C": 19.571402460273355, "epsilon": 0.5683151392779431, "gamma": 0.08864997185701398}, "datetime": {"datetime": "2021-09-18 10:22:41", "elapsed": 271.546926, "delta": 1.219881}}
{"target": -2.7809749259014436, "params": {"C": 15.371181102486089, "epsilon": 1.6277829793533962, "gamma": 0.14724518890007052}, "datetime": {"datetime": "2021-09-18 10:22:42", "elapsed": 272.722866, "delta": 1.17594}}
{"target": -2.704620100670576, "params": {"C": 34.102045109122486, "epsilon": 1.5348477997756784, "gamma": 0.18670123521008072}, "datetime": {"datetime": "2021-09-18 10:22:44", "elapsed": 275.043863, "delta": 2.320997}}
{"target": -2.2733538529420096, "params": {"C": 42.910820115021835, "epsilon": 0.3503804461931869, "gamma": 0.1366145143947637}, "datetime": {"datetime": "2021-09-18 10:22:46", "elapsed": 276.730274, "delta": 1.686411}}
{"target": -4.362162948756257, "params": {"C": 69.27462710703755, "epsilon": 6.168015413907288, "gamma": 0.1289629633623394}, "datetime": {"datetime": "2021-09-18 10:22:47", "elapsed": 277.869945, "delta": 1.139671}}
{"target": -2.578303512821216, "params": {"C": 43.00337901341531, "epsilon": 0.10112980348566607, "gamma": 0.22082894706674666}, "datetime": {"datetime": "2021-09-18 10:22:49", "elapsed": 280.00398, "delta": 2.134035}}
{"target": -2.141488454107917, "params": {"C": 31.65330826502357, "epsilon": 0.30115583680357255, "gamma": 0.10744645909336341}, "datetime": {"datetime": "2021-09-18 10:22:50", "elapsed": 281.151483, "delta": 1.147503}}
{"target": -2.7308736285061515, "params": {"C": 69.16522599773518, "epsilon": 3.5494277030293024, "gamma": 0.004752809785088128}, "datetime": {"datetime": "2021-09-18 10:22:52", "elapsed": 283.230974, "delta": 2.079491}}
{"target": -3.0596618874902206, "params": {"C": 59.34202145907636, "epsilon": 1.1210743729321195, "gamma": 0.3}, "datetime": {"datetime": "2021-09-18 10:22:56", "elapsed": 286.765571, "delta": 3.534597}}
{"target": -3.645196547620158, "params": {"C": 50.70933167155846, "epsilon": 3.5677292570849835, "gamma": 0.24239280189717022}, "datetime": {"datetime": "2021-09-18 10:22:57", "elapsed": 287.950344, "delta": 1.184773}}
{"target": -2.8397427560774404, "params": {"C": 61.7833398977324, "epsilon": 4.096673945104205, "gamma": 0.0639189062786869}, "datetime": {"datetime": "2021-09-18 10:22:58", "elapsed": 289.10996, "delta": 1.159616}}
{"target": -2.8432246075250642, "params": {"C": 42.70801284807275, "epsilon": 0.3989279020747378, "gamma": 0.2822651022996446}, "datetime": {"datetime": "2021-09-18 10:23:00", "elapsed": 291.184087, "delta": 2.074127}}
{"target": -2.3545018708894676, "params": {"C": 42.42682671162815, "epsilon": 0.15107395313425892, "gamma": 0.00990918696318413}, "datetime": {"datetime": "2021-09-18 10:23:02", "elapsed": 293.275527, "delta": 2.09144}}
{"target": -3.5766996757594733, "params": {"C": 62.48642225777418, "epsilon": 4.4225461396463865, "gamma": 0.13304071560111122}, "datetime": {"datetime": "2021-09-18 10:23:04", "elapsed": 294.522587, "delta": 1.24706}}
{"target": -2.301831463323262, "params": {"C": 31.984906849650443, "epsilon": 1.424948768455242, "gamma": 0.02919171086249975}, "datetime": {"datetime": "2021-09-18 10:23:05", "elapsed": 295.989194, "delta": 1.466607}}
{"target": -2.562505393533019, "params": {"C": 14.725878535091582, "epsilon": 2.687947263198064, "gamma": 0.0245794151578538}, "datetime": {"datetime": "2021-09-18 10:23:06", "elapsed": 297.128185, "delta": 1.138991}}
{"target": -2.4676286142415877, "params": {"C": 25.22543856361814, "epsilon": 0.9810580165795275, "gamma": 0.011069378436719082}, "datetime": {"datetime": "2021-09-18 10:23:08", "elapsed": 299.119413, "delta": 1.991228}}
{"target": -2.5621550941965494, "params": {"C": 30.326454965053266, "epsilon": 2.2035119262966427, "gamma": 0.10563056491535287}, "datetime": {"datetime": "2021-09-18 10:23:09", "elapsed": 300.385699, "delta": 1.266286}}
{"target": -3.5443878671793887, "params": {"C": 28.46856959440414, "epsilon": 0.001, "gamma": 0.001}, "datetime": {"datetime": "2021-09-18 10:23:11", "elapsed": 301.968538, "delta": 1.582839}}
{"target": -4.06193959317105, "params": {"C": 21.566632851396285, "epsilon": 5.011904911508697, "gamma": 0.2006478641017339}, "datetime": {"datetime": "2021-09-18 10:23:12", "elapsed": 303.085674, "delta": 1.117136}}
{"target": -2.6717840048209838, "params": {"C": 46.26138722900303, "epsilon": 0.082898837510229, "gamma": 0.24339263754824375}, "datetime": {"datetime": "2021-09-18 10:23:14", "elapsed": 305.288681, "delta": 2.203007}}
{"target": -2.7385054468956134, "params": {"C": 30.28659933805255, "epsilon": 1.8461254092647865, "gamma": 0.17516325232334282}, "datetime": {"datetime": "2021-09-18 10:23:16", "elapsed": 306.976819, "delta": 1.688138}}
{"target": -3.3055214900453733, "params": {"C": 42.75892060204683, "epsilon": 0.001, "gamma": 0.001}, "datetime": {"datetime": "2021-09-18 10:23:18", "elapsed": 309.395663, "delta": 2.418844}}
{"target": -2.1532396045898827, "params": {"C": 63.02643945891114, "epsilon": 0.6273982010295198, "gamma": 0.02521681095780825}, "datetime": {"datetime": "2021-09-18 10:23:21", "elapsed": 311.438657, "delta": 2.042994}}
{"target": -2.109121753677832, "params": {"C": 31.646575404063398, "epsilon": 0.28526972712189713, "gamma": 0.09123480219879565}, "datetime": {"datetime": "2021-09-18 10:23:22", "elapsed": 312.555028, "delta": 1.116371}}
{"target": -2.098176810477316, "params": {"C": 63.43262992775855, "epsilon": 0.7493106252258095, "gamma": 0.08859586369483262}, "datetime": {"datetime": "2021-09-18 10:23:24", "elapsed": 315.160155, "delta": 2.605127}}
{"target": -2.7289762027023747, "params": {"C": 63.25864534110283, "epsilon": 0.807880459418617, "gamma": 0.21962989633323166}, "datetime": {"datetime": "2021-09-18 10:23:26", "elapsed": 316.766689, "delta": 1.606534}}
{"target": -5.0434116444355395, "params": {"C": 65.82953212674829, "epsilon": 6.504191718184374, "gamma": 0.26721533413564724}, "datetime": {"datetime": "2021-09-18 10:23:27", "elapsed": 318.00158, "delta": 1.234891}}
{"target": -2.5059224551970907, "params": {"C": 63.626651848372354, "epsilon": 0.8564201310104346, "gamma": 0.1539877239192229}, "datetime": {"datetime": "2021-09-18 10:23:29", "elapsed": 319.957201, "delta": 1.955621}}
{"target": -2.038302591346021, "params": {"C": 63.291744989681106, "epsilon": 0.5665896969469741, "gamma": 0.0732617064457609}, "datetime": {"datetime": "2021-09-18 10:23:31", "elapsed": 321.828029, "delta": 1.870828}}
{"target": -2.263580455122824, "params": {"C": 29.022969638153565, "epsilon": 0.007597974378138498, "gamma": 0.016768200627469625}, "datetime": {"datetime": "2021-09-18 10:23:33", "elapsed": 323.836172, "delta": 2.008143}}
{"target": -4.083703808621445, "params": {"C": 48.72224933900919, "epsilon": 6.271160272569887, "gamma": 0.07479725957047152}, "datetime": {"datetime": "2021-09-18 10:23:34", "elapsed": 325.058143, "delta": 1.221971}}
{"target": -2.731016305497703, "params": {"C": 63.615843630446314, "epsilon": 0.5333101612754387, "gamma": 0.22931522400145393}, "datetime": {"datetime": "2021-09-18 10:23:37", "elapsed": 327.858735, "delta": 2.800592}}
{"target": -3.173998382928342, "params": {"C": 32.63184800131474, "epsilon": 2.314843770148415, "gamma": 0.25013186465969134}, "datetime": {"datetime": "2021-09-18 10:23:38", "elapsed": 328.954547, "delta": 1.095812}}
{"target": -2.4492448210198954, "params": {"C": 50.094291728722695, "epsilon": 1.8289466659844884, "gamma": 0.015590227415230865}, "datetime": {"datetime": "2021-09-18 10:23:41", "elapsed": 331.570936, "delta": 2.616389}}
{"target": -3.074280096009123, "params": {"C": 69.0966528169813, "epsilon": 3.128245906900677, "gamma": 0.14455806132147175}, "datetime": {"datetime": "2021-09-18 10:23:42", "elapsed": 333.216991, "delta": 1.646055}}
{"target": -3.5690731545685557, "params": {"C": 23.50618529789216, "epsilon": 0.3213366092468168, "gamma": 0.001}, "datetime": {"datetime": "2021-09-18 10:23:45", "elapsed": 335.620789, "delta": 2.403798}}
{"target": -2.474841485978566, "params": {"C": 24.032451004401544, "epsilon": 0.0029767847465683095, "gamma": 0.1953311451146073}, "datetime": {"datetime": "2021-09-18 10:23:47", "elapsed": 337.989956, "delta": 2.369167}}
{"target": -2.5703962719946993, "params": {"C": 19.823773624395383, "epsilon": 0.7130217063229074, "gamma": 0.17997064832382167}, "datetime": {"datetime": "2021-09-18 10:23:48", "elapsed": 339.167842, "delta": 1.177886}}
{"target": -3.640076741337528, "params": {"C": 20.82969182525784, "epsilon": 1.2361121352042126, "gamma": 0.001}, "datetime": {"datetime": "2021-09-18 10:23:53", "elapsed": 343.40784, "delta": 4.239998}}
{"target": -2.3259807621890203, "params": {"C": 42.68111556675536, "epsilon": 0.37803926697158574, "gamma": 0.011317812597636114}, "datetime": {"datetime": "2021-09-18 10:23:56", "elapsed": 346.441219, "delta": 3.033379}}
{"target": -2.424741620148699, "params": {"C": 26.34852874607289, "epsilon": 0.011527747944226566, "gamma": 0.010127208672625843}, "datetime": {"datetime": "2021-09-18 10:23:59", "elapsed": 349.658216, "delta": 3.216997}}
{"target": -3.538146554806124, "params": {"C": 25.905530281958953, "epsilon": 0.33785370859700126, "gamma": 0.001}, "datetime": {"datetime": "2021-09-18 10:24:01", "elapsed": 351.726884, "delta": 2.068668}}
{"target": -2.9901877361455074, "params": {"C": 42.15750864601794, "epsilon": 0.476155596148763, "gamma": 0.001978545138172888}, "datetime": {"datetime": "2021-09-18 10:24:04", "elapsed": 354.60687, "delta": 2.879986}}
{"target": -2.7075284430455624, "params": {"C": 63.49309336968242, "epsilon": 0.42810783896759425, "gamma": 0.0025779201544911846}, "datetime": {"datetime": "2021-09-18 10:24:06", "elapsed": 356.799666, "delta": 2.192796}}
{"target": -3.2803464060309744, "params": {"C": 61.781218627426206, "epsilon": 0.7208856700708879, "gamma": 0.001}, "datetime": {"datetime": "2021-09-18 10:24:09", "elapsed": 359.690984, "delta": 2.891318}}
{"target": -2.3117098459366585, "params": {"C": 61.277700378502935, "epsilon": 0.6058085153888818, "gamma": 0.12483329788613542}, "datetime": {"datetime": "2021-09-18 10:24:11", "elapsed": 362.035127, "delta": 2.344143}}
{"target": -2.0485504623176367, "params": {"C": 60.79608934256235, "epsilon": 0.6374573899026702, "gamma": 0.07567133728208708}, "datetime": {"datetime": "2021-09-18 10:24:13", "elapsed": 364.212281, "delta": 2.177154}}
{"target": -3.7585353735892766, "params": {"C": 26.110904689245956, "epsilon": 3.892886705075907, "gamma": 0.24484268962267716}, "datetime": {"datetime": "2021-09-18 10:24:15", "elapsed": 365.503436, "delta": 1.291155}}
{"target": -2.54792502827588, "params": {"C": 60.822211844586626, "epsilon": 0.43438535141475987, "gamma": 0.183705549679353}, "datetime": {"datetime": "2021-09-18 10:24:17", "elapsed": 367.622724, "delta": 2.119288}}
{"target": -4.187196627671761, "params": {"C": 20.7712312960715, "epsilon": 5.83925510216199, "gamma": 0.11777364971532019}, "datetime": {"datetime": "2021-09-18 10:24:18", "elapsed": 368.873568, "delta": 1.250844}}
{"target": -2.944231347447824, "params": {"C": 60.73631710932359, "epsilon": 0.7722436630903612, "gamma": 0.28757508972759305}, "datetime": {"datetime": "2021-09-18 10:24:20", "elapsed": 370.705053, "delta": 1.831485}}
{"target": -2.7947742686601154, "params": {"C": 61.55623062876467, "epsilon": 0.29098252745444914, "gamma": 0.2629554766169353}, "datetime": {"datetime": "2021-09-18 10:24:23", "elapsed": 373.519027, "delta": 2.813974}}
{"target": -2.1874242405161493, "params": {"C": 60.940918637241204, "epsilon": 0.8015461170539288, "gamma": 0.023981932838344808}, "datetime": {"datetime": "2021-09-18 10:24:25", "elapsed": 375.468438, "delta": 1.949411}}
{"target": -2.0077610579861354, "params": {"C": 61.01936851777552, "epsilon": 0.5805258997974779, "gamma": 0.05425685976842443}, "datetime": {"datetime": "2021-09-18 10:24:27", "elapsed": 378.175792, "delta": 2.707354}}
{"target": -2.4727767479054763, "params": {"C": 32.40233537773809, "epsilon": 0.008463140694765642, "gamma": 0.20399247178183846}, "datetime": {"datetime": "2021-09-18 10:24:30", "elapsed": 380.600995, "delta": 2.425203}}
{"target": -3.4929825366831544, "params": {"C": 11.089655713646634, "epsilon": 3.082986923205753, "gamma": 0.17501879691209732}, "datetime": {"datetime": "2021-09-18 10:24:31", "elapsed": 381.868002, "delta": 1.267007}}
{"target": -2.62488981651105, "params": {"C": 22.240081179517738, "epsilon": 3.483417661294809, "gamma": 0.038879833471370896}, "datetime": {"datetime": "2021-09-18 10:24:32", "elapsed": 383.258587, "delta": 1.390585}}
{"target": -2.335689556617118, "params": {"C": 20.30262666815951, "epsilon": 1.6127371040309764, "gamma": 0.040313279026471686}, "datetime": {"datetime": "2021-09-18 10:24:35", "elapsed": 385.553522, "delta": 2.294935}}
{"target": -2.376316118856324, "params": {"C": 20.500097291341326, "epsilon": 1.893540969954239, "gamma": 0.06745480951865446}, "datetime": {"datetime": "2021-09-18 10:24:37", "elapsed": 387.550081, "delta": 1.996559}}
{"target": -3.326883547790469, "params": {"C": 60.57712145847595, "epsilon": 1.2138447808483679, "gamma": 0.001}, "datetime": {"datetime": "2021-09-18 10:24:39", "elapsed": 390.370807, "delta": 2.820726}}
{"target": -2.989527053526831, "params": {"C": 61.94624585199384, "epsilon": 1.6465676597676795, "gamma": 0.24592309312079047}, "datetime": {"datetime": "2021-09-18 10:24:42", "elapsed": 392.594867, "delta": 2.22406}}
{"target": -2.2011534454138073, "params": {"C": 61.061608357088645, "epsilon": 0.2807882034694118, "gamma": 0.01619354253685102}, "datetime": {"datetime": "2021-09-18 10:24:45", "elapsed": 395.640397, "delta": 3.04553}}
{"target": -3.351634761552737, "params": {"C": 43.20842174148285, "epsilon": 0.36632294450694847, "gamma": 0.001}, "datetime": {"datetime": "2021-09-18 10:24:47", "elapsed": 398.24799, "delta": 2.607593}}
{"target": -2.0318984608623687, "params": {"C": 61.28207385561016, "epsilon": 0.3596886791449833, "gamma": 0.0439026012346063}, "datetime": {"datetime": "2021-09-18 10:24:50", "elapsed": 400.745391, "delta": 2.497401}}
{"target": -3.29530877671577, "params": {"C": 53.17606685928953, "epsilon": 5.3640184832729405, "gamma": 0.04351534663211111}, "datetime": {"datetime": "2021-09-18 10:24:51", "elapsed": 402.170995, "delta": 1.425604}}
{"target": -2.553340808741186, "params": {"C": 45.47370179279827, "epsilon": 2.0827168059754504, "gamma": 0.008402009265879504}, "datetime": {"datetime": "2021-09-18 10:24:53", "elapsed": 404.044663, "delta": 1.873668}}
{"target": -2.8786369951246504, "params": {"C": 61.18825818702411, "epsilon": 0.2513030336790142, "gamma": 0.2880136855874485}, "datetime": {"datetime": "2021-09-18 10:24:56", "elapsed": 407.221386, "delta": 3.176723}}
{"target": -3.2827177603384725, "params": {"C": 22.786970184471432, "epsilon": 2.57080240863616, "gamma": 0.2593304843058423}, "datetime": {"datetime": "2021-09-18 10:24:58", "elapsed": 408.629596, "delta": 1.40821}}
{"target": -2.4342332928598145, "params": {"C": 39.73618340765928, "epsilon": 1.2232690256900745, "gamma": 0.00987742970869238}, "datetime": {"datetime": "2021-09-18 10:25:01", "elapsed": 411.537668, "delta": 2.908072}}
{"target": -3.7222282404854727, "params": {"C": 16.378436633163105, "epsilon": 0.6215872540142864, "gamma": 0.001}, "datetime": {"datetime": "2021-09-18 10:25:04", "elapsed": 414.466281, "delta": 2.928613}}
{"target": -5.273855585356669, "params": {"C": 13.557978946265493, "epsilon": 6.674184866084976, "gamma": 0.2882797238101011}, "datetime": {"datetime": "2021-09-18 10:25:05", "elapsed": 415.906326, "delta": 1.440045}}
{"target": -2.1970313080535715, "params": {"C": 27.744149978028688, "epsilon": 1.1581424780771008, "gamma": 0.03619917306829697}, "datetime": {"datetime": "2021-09-18 10:25:08", "elapsed": 419.330095, "delta": 3.423769}}
{"target": -3.6616114994031497, "params": {"C": 17.915610222933744, "epsilon": 0.148487196800799, "gamma": 0.001}, "datetime": {"datetime": "2021-09-18 10:25:11", "elapsed": 422.342554, "delta": 3.012459}}
{"target": -2.8586017352548168, "params": {"C": 27.887157554080858, "epsilon": 1.1279225477163382, "gamma": 0.2568889665973201}, "datetime": {"datetime": "2021-09-18 10:25:14", "elapsed": 424.809697, "delta": 2.467143}}
