{"target": -10.701830878250048, "params": {"C": 79.66495513827444, "epsilon": 0.015314616402820475, "gamma": 0.07007244652548013}, "datetime": {"datetime": "2021-09-27 15:46:56", "elapsed": 158.377633, "delta": 1.602809}}
{"target": -11.267827647410419, "params": {"C": 84.77481778442855, "epsilon": 0.9994310390890234, "gamma": 0.012451852393350726}, "datetime": {"datetime": "2021-09-27 15:46:57", "elapsed": 159.357118, "delta": 0.979485}}
{"target": -13.746571072226436, "params": {"C": 79.2985222359374, "epsilon": 0.31206037711546275, "gamma": 0.001}, "datetime": {"datetime": "2021-09-27 15:46:58", "elapsed": 160.877642, "delta": 1.520524}}
{"target": -11.018715385966564, "params": {"C": 79.79269029260989, "epsilon": 0.9329300121847213, "gamma": 0.06542957587056848}, "datetime": {"datetime": "2021-09-27 15:47:00", "elapsed": 162.122061, "delta": 1.244419}}
{"target": -10.327169914982731, "params": {"C": 79.63750267610476, "epsilon": 0.029687254486271186, "gamma": 0.059321840637746454}, "datetime": {"datetime": "2021-09-27 15:47:01", "elapsed": 163.213386, "delta": 1.091325}}
{"target": -11.033250202898348, "params": {"C": 78.54575929065915, "epsilon": 0.9403521710818368, "gamma": 0.021625678872139}, "datetime": {"datetime": "2021-09-27 15:47:03", "elapsed": 165.201392, "delta": 1.988006}}
{"target": -11.100536952248671, "params": {"C": 79.36675134486174, "epsilon": 0.9497191282135937, "gamma": 0.07146858715495448}, "datetime": {"datetime": "2021-09-27 15:47:04", "elapsed": 166.628392, "delta": 1.427}}
{"target": -18.35406441752866, "params": {"C": 60.205608853478196, "epsilon": 0.41617920074642745, "gamma": 0.5919044067699472}, "datetime": {"datetime": "2021-09-27 15:47:05", "elapsed": 167.673981, "delta": 1.045589}}
{"target": -11.44407178300005, "params": {"C": 80.39364630899314, "epsilon": 0.7288700109064518, "gamma": 0.005354967215937356}, "datetime": {"datetime": "2021-09-27 15:47:07", "elapsed": 169.201676, "delta": 1.527695}}
{"target": -22.2286474542949, "params": {"C": 14.49452389044724, "epsilon": 1.0, "gamma": 1.0}, "datetime": {"datetime": "2021-09-27 15:47:08", "elapsed": 170.376905, "delta": 1.175229}}
{"target": -13.86406205080854, "params": {"C": 77.54629799608652, "epsilon": 1.0, "gamma": 0.001}, "datetime": {"datetime": "2021-09-27 15:47:09", "elapsed": 171.891147, "delta": 1.514242}}
{"target": -20.01484057891513, "params": {"C": 79.09233432590582, "epsilon": 0.3974895484722531, "gamma": 0.7930039038673841}, "datetime": {"datetime": "2021-09-27 15:47:10", "elapsed": 172.738138, "delta": 0.846991}}
{"target": -28.45484582095274, "params": {"C": 1.063315138023052, "epsilon": 0.05801473613181145, "gamma": 0.9809348892479723}, "datetime": {"datetime": "2021-09-27 15:47:12", "elapsed": 174.365539, "delta": 1.627401}}
{"target": -21.326817240867364, "params": {"C": 76.79388197973223, "epsilon": 0.001, "gamma": 1.0}, "datetime": {"datetime": "2021-09-27 15:47:13", "elapsed": 175.61471, "delta": 1.249171}}
{"target": -13.930510877931388, "params": {"C": 74.60278994639069, "epsilon": 1.0, "gamma": 0.001}, "datetime": {"datetime": "2021-09-27 15:47:15", "elapsed": 177.046375, "delta": 1.431665}}
{"target": -22.085677304519432, "params": {"C": 30.101118263074504, "epsilon": 1.0, "gamma": 1.0}, "datetime": {"datetime": "2021-09-27 15:47:16", "elapsed": 178.830375, "delta": 1.784}}
{"target": -11.22439454647065, "params": {"C": 99.96999043898741, "epsilon": 0.3024444783744854, "gamma": 0.006524267020900539}, "datetime": {"datetime": "2021-09-27 15:47:18", "elapsed": 180.036885, "delta": 1.20651}}
{"target": -13.920651605698414, "params": {"C": 54.489587255620535, "epsilon": 0.001, "gamma": 0.001}, "datetime": {"datetime": "2021-09-27 15:47:19", "elapsed": 181.489403, "delta": 1.452518}}
{"target": -13.812297656573454, "params": {"C": 88.97126292914231, "epsilon": 1.0, "gamma": 0.001}, "datetime": {"datetime": "2021-09-27 15:47:20", "elapsed": 182.760402, "delta": 1.270999}}
{"target": -10.784385739425762, "params": {"C": 17.313568868275848, "epsilon": 0.008785236914460046, "gamma": 0.03955153134428805}, "datetime": {"datetime": "2021-09-27 15:47:22", "elapsed": 184.437834, "delta": 1.677432}}
{"target": -14.994643626949191, "params": {"C": 17.99163400038078, "epsilon": 0.001, "gamma": 0.001}, "datetime": {"datetime": "2021-09-27 15:47:24", "elapsed": 186.146776, "delta": 1.708942}}
{"target": -10.966311417839403, "params": {"C": 16.694965032855215, "epsilon": 0.027708315975184, "gamma": 0.06301899533371294}, "datetime": {"datetime": "2021-09-27 15:47:25", "elapsed": 187.856984, "delta": 1.710208}}
{"target": -10.718977619587166, "params": {"C": 16.835102848236453, "epsilon": 0.5142167782060986, "gamma": 0.047155522452073766}, "datetime": {"datetime": "2021-09-27 15:47:26", "elapsed": 188.901985, "delta": 1.045001}}
{"target": -13.804416609656792, "params": {"C": 90.18999547433427, "epsilon": 1.0, "gamma": 0.001}, "datetime": {"datetime": "2021-09-27 15:47:28", "elapsed": 190.53582, "delta": 1.633835}}
{"target": -16.206772194779067, "params": {"C": 17.029069920860127, "epsilon": 0.11462760922851598, "gamma": 0.4397514889473102}, "datetime": {"datetime": "2021-09-27 15:47:29", "elapsed": 191.988526, "delta": 1.452706}}
{"target": -21.764798303449883, "params": {"C": 98.82642544750303, "epsilon": 0.9171184211232116, "gamma": 0.9681595455650469}, "datetime": {"datetime": "2021-09-27 15:47:31", "elapsed": 193.135049, "delta": 1.146523}}
{"target": -11.334044535994854, "params": {"C": 7.866059917344073, "epsilon": 0.08427314040634229, "gamma": 0.018803583809654766}, "datetime": {"datetime": "2021-09-27 15:47:32", "elapsed": 194.164314, "delta": 1.029265}}
{"target": -16.256957160803257, "params": {"C": 8.487293568482055, "epsilon": 0.001, "gamma": 0.001}, "datetime": {"datetime": "2021-09-27 15:47:33", "elapsed": 195.403655, "delta": 1.239341}}
{"target": -15.826614474904597, "params": {"C": 75.29658439981621, "epsilon": 0.9639070922851982, "gamma": 0.28594412968672217}, "datetime": {"datetime": "2021-09-27 15:47:34", "elapsed": 196.417867, "delta": 1.014212}}
{"target": -11.884913938678233, "params": {"C": 7.2024888631477655, "epsilon": 0.05462806425188146, "gamma": 0.07229817697183612}, "datetime": {"datetime": "2021-09-27 15:47:35", "elapsed": 197.92087, "delta": 1.503003}}
{"target": -19.632200204245862, "params": {"C": 7.729255393526405, "epsilon": 0.001, "gamma": 0.673567999776754}, "datetime": {"datetime": "2021-09-27 15:47:37", "elapsed": 199.582542, "delta": 1.661672}}
{"target": -16.674944423019475, "params": {"C": 7.598976719971184, "epsilon": 0.5912589385831903, "gamma": 0.001}, "datetime": {"datetime": "2021-09-27 15:47:38", "elapsed": 200.675749, "delta": 1.093207}}
{"target": -13.52656479437979, "params": {"C": 15.82859036979615, "epsilon": 0.9884225715011509, "gamma": 0.17125445987390303}, "datetime": {"datetime": "2021-09-27 15:47:39", "elapsed": 201.968981, "delta": 1.293232}}
{"target": -17.11729389919471, "params": {"C": 6.449408032094197, "epsilon": 0.001, "gamma": 0.001}, "datetime": {"datetime": "2021-09-27 15:47:41", "elapsed": 203.583167, "delta": 1.614186}}
{"target": -10.996799155653395, "params": {"C": 57.258315291622935, "epsilon": 0.9407494918757332, "gamma": 0.06694346271453398}, "datetime": {"datetime": "2021-09-27 15:47:42", "elapsed": 204.82617, "delta": 1.243003}}
{"target": -14.441528069746514, "params": {"C": 40.34473714801162, "epsilon": 1.0, "gamma": 0.001}, "datetime": {"datetime": "2021-09-27 15:47:43", "elapsed": 205.895863, "delta": 1.069693}}
{"target": -10.51462347287575, "params": {"C": 39.304481379708776, "epsilon": 0.18715656309737816, "gamma": 0.054573936833812495}, "datetime": {"datetime": "2021-09-27 15:47:45", "elapsed": 207.049791, "delta": 1.153928}}
{"target": -12.55046344195426, "params": {"C": 53.62183746523513, "epsilon": 0.7751396341368605, "gamma": 0.002176516307236557}, "datetime": {"datetime": "2021-09-27 15:47:46", "elapsed": 208.175789, "delta": 1.125998}}
{"target": -11.393491101310357, "params": {"C": 53.69150577929055, "epsilon": 0.3336107285251197, "gamma": 0.10035721350302562}, "datetime": {"datetime": "2021-09-27 15:47:47", "elapsed": 209.941931, "delta": 1.766142}}
{"target": -14.177339716309792, "params": {"C": 53.959619695481344, "epsilon": 0.6323800748893925, "gamma": 0.001}, "datetime": {"datetime": "2021-09-27 15:47:49", "elapsed": 211.560296, "delta": 1.618365}}
{"target": -10.61327659781397, "params": {"C": 39.30046682481439, "epsilon": 0.187767184069103, "gamma": 0.04202800207924787}, "datetime": {"datetime": "2021-09-27 15:47:50", "elapsed": 212.812297, "delta": 1.252001}}
{"target": -13.747899401419094, "params": {"C": 82.09619633628944, "epsilon": 0.5089466601197399, "gamma": 0.001}, "datetime": {"datetime": "2021-09-27 15:47:52", "elapsed": 214.746513, "delta": 1.934216}}
{"target": -10.973804349400403, "params": {"C": 99.60644711141293, "epsilon": 0.5175120827272112, "gamma": 0.00980577534315916}, "datetime": {"datetime": "2021-09-27 15:47:54", "elapsed": 216.142683, "delta": 1.39617}}
{"target": -10.436019147925961, "params": {"C": 44.85208673454638, "epsilon": 0.36239627184032125, "gamma": 0.057017137096360124}, "datetime": {"datetime": "2021-09-27 15:47:55", "elapsed": 217.706925, "delta": 1.564242}}
{"target": -21.06691482518969, "params": {"C": 96.07371135871206, "epsilon": 0.7011233183051014, "gamma": 0.9108034405444564}, "datetime": {"datetime": "2021-09-27 15:47:56", "elapsed": 218.865929, "delta": 1.159004}}
{"target": -11.160233582466155, "params": {"C": 81.06545178761009, "epsilon": 0.4899673585462185, "gamma": 0.007721454415278898}, "datetime": {"datetime": "2021-09-27 15:47:58", "elapsed": 220.8659, "delta": 1.999971}}
{"target": -10.950878492049378, "params": {"C": 64.05565320009231, "epsilon": 0.8408018208450654, "gamma": 0.06656334681889271}, "datetime": {"datetime": "2021-09-27 15:48:01", "elapsed": 223.092457, "delta": 2.226557}}
{"target": -10.605686467165665, "params": {"C": 59.33716360089585, "epsilon": 0.24435782177069656, "gamma": 0.03431307450774046}, "datetime": {"datetime": "2021-09-27 15:48:02", "elapsed": 224.842613, "delta": 1.750156}}
{"target": -10.659894718896593, "params": {"C": 80.08762687766847, "epsilon": 0.46917770025032923, "gamma": 0.026350888590490375}, "datetime": {"datetime": "2021-09-27 15:48:04", "elapsed": 226.09666, "delta": 1.254047}}
{"target": -10.677433721566047, "params": {"C": 49.665538637133025, "epsilon": 0.47219237962696037, "gamma": 0.016332780578773996}, "datetime": {"datetime": "2021-09-27 15:48:05", "elapsed": 227.168657, "delta": 1.071997}}
{"target": -14.222882289570213, "params": {"C": 49.66438408960296, "epsilon": 0.6555277421096289, "gamma": 0.21869308689605135}, "datetime": {"datetime": "2021-09-27 15:48:06", "elapsed": 228.73308, "delta": 1.564423}}
{"target": -11.525035357976856, "params": {"C": 49.244413670610115, "epsilon": 0.39615249386146173, "gamma": 0.10937583983143558}, "datetime": {"datetime": "2021-09-27 15:48:08", "elapsed": 230.258378, "delta": 1.525298}}
{"target": -11.0033740187828, "params": {"C": 49.47503077255509, "epsilon": 0.5069471950292006, "gamma": 0.08227019531617188}, "datetime": {"datetime": "2021-09-27 15:48:10", "elapsed": 232.488148, "delta": 2.22977}}
{"target": -10.624070512589194, "params": {"C": 48.92396992849855, "epsilon": 0.551922264947414, "gamma": 0.03805270508220744}, "datetime": {"datetime": "2021-09-27 15:48:12", "elapsed": 234.27594, "delta": 1.787792}}
{"target": -13.816347118592537, "params": {"C": 78.68793500986733, "epsilon": 0.582135599745292, "gamma": 0.001}, "datetime": {"datetime": "2021-09-27 15:48:14", "elapsed": 236.068831, "delta": 1.792891}}
{"target": -10.540176915282403, "params": {"C": 48.68342510738097, "epsilon": 0.315989540710515, "gamma": 0.04763346389778847}, "datetime": {"datetime": "2021-09-27 15:48:15", "elapsed": 237.186828, "delta": 1.117997}}
{"target": -16.294842514317274, "params": {"C": 93.17494790164898, "epsilon": 0.933575088859515, "gamma": 0.3164561081901452}, "datetime": {"datetime": "2021-09-27 15:48:16", "elapsed": 238.155444, "delta": 0.968616}}
{"target": -10.397153000511901, "params": {"C": 81.65143493310416, "epsilon": 0.16923582011353952, "gamma": 0.04025487188967648}, "datetime": {"datetime": "2021-09-27 15:48:18", "elapsed": 240.316695, "delta": 2.161251}}
{"target": -18.94141661868367, "params": {"C": 33.63690913138018, "epsilon": 0.10856252549569731, "gamma": 0.6891543284546782}, "datetime": {"datetime": "2021-09-27 15:48:19", "elapsed": 241.270403, "delta": 0.953708}}
{"target": -20.045822546148262, "params": {"C": 21.642665918107912, "epsilon": 0.9265612152032079, "gamma": 0.7340880406460484}, "datetime": {"datetime": "2021-09-27 15:48:20", "elapsed": 242.399796, "delta": 1.129393}}
{"target": -11.604271114700394, "params": {"C": 37.7734687179846, "epsilon": 0.5322119345018846, "gamma": 0.11407152321254296}, "datetime": {"datetime": "2021-09-27 15:48:21", "elapsed": 243.853035, "delta": 1.453239}}
{"target": -11.138543253541561, "params": {"C": 73.47788016304688, "epsilon": 0.3404122872696738, "gamma": 0.008017603171055744}, "datetime": {"datetime": "2021-09-27 15:48:23", "elapsed": 245.173011, "delta": 1.319976}}
{"target": -13.845382981964097, "params": {"C": 78.94134881050978, "epsilon": 1.0, "gamma": 0.001}, "datetime": {"datetime": "2021-09-27 15:48:24", "elapsed": 246.785737, "delta": 1.612726}}
{"target": -13.796485418794417, "params": {"C": 48.203998505712306, "epsilon": 0.5833649074993557, "gamma": 0.193502448877082}, "datetime": {"datetime": "2021-09-27 15:48:25", "elapsed": 247.885879, "delta": 1.100142}}
{"target": -13.732297672636557, "params": {"C": 80.60555691020812, "epsilon": 0.3554336448565643, "gamma": 0.001}, "datetime": {"datetime": "2021-09-27 15:48:28", "elapsed": 250.118595, "delta": 2.232716}}
{"target": -12.546972793595284, "params": {"C": 31.03264962778535, "epsilon": 0.6441736994709193, "gamma": 0.15550481902659077}, "datetime": {"datetime": "2021-09-27 15:48:29", "elapsed": 251.507322, "delta": 1.388727}}
{"target": -13.103957552297812, "params": {"C": 59.18847930627755, "epsilon": 0.46913213892563826, "gamma": 0.16075714265933186}, "datetime": {"datetime": "2021-09-27 15:48:32", "elapsed": 254.106071, "delta": 2.598749}}
{"target": -13.589876393329723, "params": {"C": 93.55733964933977, "epsilon": 0.7456140631451983, "gamma": 0.001}, "datetime": {"datetime": "2021-09-27 15:48:33", "elapsed": 255.911963, "delta": 1.805892}}
{"target": -13.396898468679858, "params": {"C": 12.04251253281631, "epsilon": 0.23104546811056287, "gamma": 0.17121062426058856}, "datetime": {"datetime": "2021-09-27 15:48:34", "elapsed": 256.977642, "delta": 1.065679}}
{"target": -10.543937325202348, "params": {"C": 56.48866147036838, "epsilon": 0.5670167311963338, "gamma": 0.060006569870767364}, "datetime": {"datetime": "2021-09-27 15:48:37", "elapsed": 259.482, "delta": 2.504358}}
{"target": -10.746982836599788, "params": {"C": 97.47327380190147, "epsilon": 0.42821473752662853, "gamma": 0.012864827451360045}, "datetime": {"datetime": "2021-09-27 15:48:39", "elapsed": 261.736453, "delta": 2.254453}}
{"target": -11.887104057065068, "params": {"C": 88.53321144516559, "epsilon": 0.7111194443883089, "gamma": 0.097094841980062}, "datetime": {"datetime": "2021-09-27 15:48:40", "elapsed": 263.033353, "delta": 1.2969}}
{"target": -10.471886109428171, "params": {"C": 59.82127146505625, "epsilon": 0.3901923729494565, "gamma": 0.04220853301304429}, "datetime": {"datetime": "2021-09-27 15:48:43", "elapsed": 265.047555, "delta": 2.014202}}
{"target": -15.323073058101311, "params": {"C": 44.95849092442673, "epsilon": 0.6487959706536142, "gamma": 0.30811378308755544}, "datetime": {"datetime": "2021-09-27 15:48:44", "elapsed": 266.809937, "delta": 1.762382}}
{"target": -11.513450293492788, "params": {"C": 23.91184779436376, "epsilon": 0.8758672879317185, "gamma": 0.008854953118166885}, "datetime": {"datetime": "2021-09-27 15:48:46", "elapsed": 268.345694, "delta": 1.535757}}
{"target": -15.06981486126332, "params": {"C": 75.76757965431568, "epsilon": 0.48953048615621114, "gamma": 0.2587583857092666}, "datetime": {"datetime": "2021-09-27 15:48:47", "elapsed": 269.831904, "delta": 1.48621}}
{"target": -20.148574870731725, "params": {"C": 92.33111008573532, "epsilon": 0.04825407209870427, "gamma": 0.8174463186846853}, "datetime": {"datetime": "2021-09-27 15:48:48", "elapsed": 271.027545, "delta": 1.195641}}
{"target": -14.656724471160029, "params": {"C": 93.64792418850993, "epsilon": 0.8871212426457386, "gamma": 0.19860117621028836}, "datetime": {"datetime": "2021-09-27 15:48:50", "elapsed": 272.43946, "delta": 1.411915}}
{"target": -10.908907059308197, "params": {"C": 23.55654473788934, "epsilon": 0.8870857944526395, "gamma": 0.0696169042802849}, "datetime": {"datetime": "2021-09-27 15:48:52", "elapsed": 274.641954, "delta": 2.202494}}
{"target": -10.438292225917763, "params": {"C": 81.3939715600814, "epsilon": 0.2892635795634054, "gamma": 0.05657254535339414}, "datetime": {"datetime": "2021-09-27 15:48:54", "elapsed": 276.513609, "delta": 1.871655}}
{"target": -19.77337544462923, "params": {"C": 12.422689399752148, "epsilon": 0.1001238069442821, "gamma": 0.7547176668831975}, "datetime": {"datetime": "2021-09-27 15:48:55", "elapsed": 277.941607, "delta": 1.427998}}
{"target": -14.040505139061171, "params": {"C": 58.70523658067026, "epsilon": 0.42735076552796286, "gamma": 0.001}, "datetime": {"datetime": "2021-09-27 15:48:57", "elapsed": 279.925483, "delta": 1.983876}}
{"target": -14.150129652728097, "params": {"C": 53.52507077373544, "epsilon": 0.5137248202361901, "gamma": 0.001}, "datetime": {"datetime": "2021-09-27 15:49:00", "elapsed": 282.094655, "delta": 2.169172}}
{"target": -15.074537717177028, "params": {"C": 17.009844454964973, "epsilon": 0.2143674828096146, "gamma": 0.001}, "datetime": {"datetime": "2021-09-27 15:49:03", "elapsed": 285.702631, "delta": 3.607976}}
{"target": -20.539704565750817, "params": {"C": 70.01098731950074, "epsilon": 0.10693203480266036, "gamma": 0.8791502935283216}, "datetime": {"datetime": "2021-09-27 15:49:05", "elapsed": 287.127632, "delta": 1.425001}}
{"target": -11.678726810423544, "params": {"C": 16.48692389017472, "epsilon": 0.3804532757356547, "gamma": 0.10407435211879151}, "datetime": {"datetime": "2021-09-27 15:49:07", "elapsed": 289.293614, "delta": 2.165982}}
{"target": -14.571156706430678, "params": {"C": 23.823943904969557, "epsilon": 0.6256577842651527, "gamma": 0.27921181319657223}, "datetime": {"datetime": "2021-09-27 15:49:09", "elapsed": 291.117133, "delta": 1.823519}}
{"target": -21.118711871031522, "params": {"C": 32.21138249295807, "epsilon": 0.0562006507397596, "gamma": 0.9795715504406987}, "datetime": {"datetime": "2021-09-27 15:49:10", "elapsed": 292.467816, "delta": 1.350683}}
{"target": -14.927758286551008, "params": {"C": 97.69354189494996, "epsilon": 0.6052180985310333, "gamma": 0.22433583798346637}, "datetime": {"datetime": "2021-09-27 15:49:14", "elapsed": 296.399068, "delta": 3.931252}}
{"target": -13.743657890573878, "params": {"C": 64.34920237839003, "epsilon": 0.6508687497666654, "gamma": 0.17549617367454284}, "datetime": {"datetime": "2021-09-27 15:49:16", "elapsed": 298.383235, "delta": 1.984167}}
{"target": -10.60738356623521, "params": {"C": 63.850493842022644, "epsilon": 0.539812946229881, "gamma": 0.020136539925329926}, "datetime": {"datetime": "2021-09-27 15:49:18", "elapsed": 300.973678, "delta": 2.590443}}
{"target": -13.970305561724967, "params": {"C": 82.77794458042803, "epsilon": 0.4499624033065964, "gamma": 0.1864823971945741}, "datetime": {"datetime": "2021-09-27 15:49:21", "elapsed": 303.447741, "delta": 2.474063}}
{"target": -20.394409595280223, "params": {"C": 89.69533080684509, "epsilon": 0.9190253426921676, "gamma": 0.7927915002060185}, "datetime": {"datetime": "2021-09-27 15:49:22", "elapsed": 304.915217, "delta": 1.467476}}
{"target": -14.067217727417336, "params": {"C": 44.776683177357874, "epsilon": 0.026919970105223495, "gamma": 0.001}, "datetime": {"datetime": "2021-09-27 15:49:25", "elapsed": 307.824598, "delta": 2.909381}}
{"target": -13.72787691006211, "params": {"C": 84.95753918559218, "epsilon": 0.6836253766416981, "gamma": 0.001}, "datetime": {"datetime": "2021-09-27 15:49:28", "elapsed": 310.26992, "delta": 2.445322}}
{"target": -14.087599636322704, "params": {"C": 51.60765150441569, "epsilon": 0.419108821531285, "gamma": 0.001}, "datetime": {"datetime": "2021-09-27 15:49:33", "elapsed": 315.079615, "delta": 4.809695}}
{"target": -11.166652363809899, "params": {"C": 80.04066623958198, "epsilon": 0.7320907745587981, "gamma": 0.009598405350399526}, "datetime": {"datetime": "2021-09-27 15:49:36", "elapsed": 318.647893, "delta": 3.568278}}
{"target": -10.53844340224817, "params": {"C": 82.42457147089715, "epsilon": 0.1132732065828952, "gamma": 0.03295213458526625}, "datetime": {"datetime": "2021-09-27 15:49:39", "elapsed": 321.800454, "delta": 3.152561}}
{"target": -13.24021577327227, "params": {"C": 49.511248810501556, "epsilon": 0.04981152809757361, "gamma": 0.19952465511153483}, "datetime": {"datetime": "2021-09-27 15:49:42", "elapsed": 324.372661, "delta": 2.572207}}
{"target": -12.050740557134535, "params": {"C": 44.13436624208491, "epsilon": 0.001, "gamma": 0.13841718514878007}, "datetime": {"datetime": "2021-09-27 15:49:46", "elapsed": 328.264519, "delta": 3.891858}}
{"target": -13.927489446446081, "params": {"C": 53.577772014123546, "epsilon": 0.001, "gamma": 0.001}, "datetime": {"datetime": "2021-09-27 15:49:49", "elapsed": 331.119831, "delta": 2.855312}}
{"target": -11.03756122904405, "params": {"C": 82.54413850322763, "epsilon": 0.949154212331567, "gamma": 0.06740291594854438}, "datetime": {"datetime": "2021-09-27 15:49:51", "elapsed": 333.7262, "delta": 2.606369}}
