{"target": -10.255425904677436, "params": {"C": 274.8412383542188, "epsilon": 0.18168202628443642, "gamma": 0.022525332466747}, "datetime": {"datetime": "2021-09-27 17:13:13", "elapsed": 3.286432, "delta": 0.154004}}
{"target": -14.163197196800228, "params": {"C": 203.21287758540532, "epsilon": 0.907699600310323, "gamma": 0.13187885371526553}, "datetime": {"datetime": "2021-09-27 17:13:14", "elapsed": 3.48674, "delta": 0.200308}}
{"target": -10.522707298892042, "params": {"C": 294.2182030180876, "epsilon": 0.8816571621039327, "gamma": 0.03890931164405598}, "datetime": {"datetime": "2021-09-27 17:13:14", "elapsed": 3.65778, "delta": 0.17104}}
{"target": -10.585078767012398, "params": {"C": 192.3625142433467, "epsilon": 0.8636453696051525, "gamma": 0.04056793483590284}, "datetime": {"datetime": "2021-09-27 17:13:14", "elapsed": 3.816741, "delta": 0.158961}}
{"target": -16.200031013060794, "params": {"C": 250.9004438342195, "epsilon": 0.811929814560133, "gamma": 0.29039902593370875}, "datetime": {"datetime": "2021-09-27 17:13:14", "elapsed": 3.970737, "delta": 0.153996}}
{"target": -14.25470181631022, "params": {"C": 287.28255269236615, "epsilon": 0.9654806246709614, "gamma": 0.11784410427185557}, "datetime": {"datetime": "2021-09-27 17:13:14", "elapsed": 4.145737, "delta": 0.175}}
{"target": -12.256373060046837, "params": {"C": 137.67795254413238, "epsilon": 0.0910620658126226, "gamma": 0.10796094392355735}, "datetime": {"datetime": "2021-09-27 17:13:14", "elapsed": 4.380736, "delta": 0.234999}}
{"target": -15.272606452674792, "params": {"C": 184.98657441520487, "epsilon": 0.9764197376990318, "gamma": 0.18547830483669833}, "datetime": {"datetime": "2021-09-27 17:13:15", "elapsed": 4.52814, "delta": 0.147404}}
{"target": -13.89978396364533, "params": {"C": 165.21982776562612, "epsilon": 0.20223574138631506, "gamma": 0.15406157996120848}, "datetime": {"datetime": "2021-09-27 17:13:15", "elapsed": 4.704145, "delta": 0.176005}}
{"target": -14.752692447415388, "params": {"C": 213.24119910533022, "epsilon": 0.01881007168348145, "gamma": 0.21042447565555059}, "datetime": {"datetime": "2021-09-27 17:13:15", "elapsed": 4.960134, "delta": 0.255989}}
{"target": -14.420844404451138, "params": {"C": 159.30477085963383, "epsilon": 0.9947993705296853, "gamma": 0.15362185179327498}, "datetime": {"datetime": "2021-09-27 17:13:15", "elapsed": 5.100135, "delta": 0.140001}}
{"target": -10.946658896403676, "params": {"C": 102.9219140288498, "epsilon": 0.31081514487947765, "gamma": 0.06816383673504757}, "datetime": {"datetime": "2021-09-27 17:13:15", "elapsed": 5.278182, "delta": 0.178047}}
{"target": -11.253825822626732, "params": {"C": 215.45213178952397, "epsilon": 0.9278884145358717, "gamma": 0.05919182049350486}, "datetime": {"datetime": "2021-09-27 17:13:16", "elapsed": 5.456141, "delta": 0.177959}}
{"target": -15.20569087518912, "params": {"C": 156.94623203751192, "epsilon": 0.01683919498711854, "gamma": 0.2777196609330837}, "datetime": {"datetime": "2021-09-27 17:13:16", "elapsed": 5.677176, "delta": 0.221035}}
{"target": -15.576832430156715, "params": {"C": 204.71554813994157, "epsilon": 0.8951709633582755, "gamma": 0.21780693349766297}, "datetime": {"datetime": "2021-09-27 17:13:16", "elapsed": 5.861141, "delta": 0.183965}}
{"target": -15.255843358845251, "params": {"C": 111.16297311806143, "epsilon": 0.4465273311818388, "gamma": 0.24838920937114867}, "datetime": {"datetime": "2021-09-27 17:13:16", "elapsed": 6.079138, "delta": 0.217997}}
{"target": -13.57555165083568, "params": {"C": 255.9347066328132, "epsilon": 0.19645582689881036, "gamma": 0.11443785256174901}, "datetime": {"datetime": "2021-09-27 17:13:16", "elapsed": 6.36014, "delta": 0.281002}}
{"target": -14.395928479986553, "params": {"C": 250.4740670269595, "epsilon": 0.28297279276706233, "gamma": 0.14910479369143342}, "datetime": {"datetime": "2021-09-27 17:13:17", "elapsed": 6.637207, "delta": 0.277067}}
{"target": -16.230598671748595, "params": {"C": 291.1928457954663, "epsilon": 0.9847950647800631, "gamma": 0.27460404972929353}, "datetime": {"datetime": "2021-09-27 17:13:17", "elapsed": 6.829254, "delta": 0.192047}}
{"target": -15.53208327200832, "params": {"C": 114.46248630517626, "epsilon": 0.6537379806964402, "gamma": 0.25867441980329564}, "datetime": {"datetime": "2021-09-27 17:13:17", "elapsed": 6.984204, "delta": 0.15495}}
{"target": -15.994289208080056, "params": {"C": 120.50054605745115, "epsilon": 0.7543632976936353, "gamma": 0.2961672369960434}, "datetime": {"datetime": "2021-09-27 17:13:17", "elapsed": 7.165216, "delta": 0.181012}}
{"target": -10.769173817947523, "params": {"C": 267.32365946549123, "epsilon": 0.6107738910492018, "gamma": 0.015468265541834371}, "datetime": {"datetime": "2021-09-27 17:13:17", "elapsed": 7.368227, "delta": 0.203011}}
{"target": -10.460796137569279, "params": {"C": 274.89508754785777, "epsilon": 0.12573856569574196, "gamma": 0.033073381442904344}, "datetime": {"datetime": "2021-09-27 17:13:18", "elapsed": 7.621205, "delta": 0.252978}}
{"target": -14.07977617532849, "params": {"C": 149.95665253420842, "epsilon": 0.7844976003465909, "gamma": 0.1485492181305421}, "datetime": {"datetime": "2021-09-27 17:13:18", "elapsed": 7.802206, "delta": 0.181001}}
{"target": -14.328632171065312, "params": {"C": 122.84193105081658, "epsilon": 0.5274303440731002, "gamma": 0.17920768574338228}, "datetime": {"datetime": "2021-09-27 17:13:18", "elapsed": 7.988206, "delta": 0.186}}
{"target": -12.343515915251487, "params": {"C": 192.49163188480304, "epsilon": 0.8016409551677295, "gamma": 0.08633122506790716}, "datetime": {"datetime": "2021-09-27 17:13:19", "elapsed": 8.849718, "delta": 0.861512}}
{"target": -14.706512864581528, "params": {"C": 274.8197800859035, "epsilon": 0.23416862108591507, "gamma": 0.1602418253894088}, "datetime": {"datetime": "2021-09-27 17:13:19", "elapsed": 9.167717, "delta": 0.317999}}
{"target": -11.841429549149188, "params": {"C": 253.03731387475145, "epsilon": 0.042973594623686946, "gamma": 0.08233378834359618}, "datetime": {"datetime": "2021-09-27 17:13:20", "elapsed": 9.509309, "delta": 0.341592}}
{"target": -10.7642650572637, "params": {"C": 239.2109940656389, "epsilon": 0.9055390496261853, "gamma": 0.04588294725702536}, "datetime": {"datetime": "2021-09-27 17:13:20", "elapsed": 9.861306, "delta": 0.351997}}
{"target": -10.64325499487491, "params": {"C": 154.5139249372128, "epsilon": 0.2681178632340291, "gamma": 0.04955293711074041}, "datetime": {"datetime": "2021-09-27 17:13:20", "elapsed": 10.133308, "delta": 0.272002}}
{"target": -14.922144358042841, "params": {"C": 294.21063839710126, "epsilon": 0.8784597548864763, "gamma": 0.1376607679982916}, "datetime": {"datetime": "2021-09-27 17:13:20", "elapsed": 10.395309, "delta": 0.262001}}
{"target": -12.711799569668386, "params": {"C": 215.34491359659611, "epsilon": 0.9232819263174656, "gamma": 0.0888956390463444}, "datetime": {"datetime": "2021-09-27 17:13:21", "elapsed": 10.604851, "delta": 0.209542}}
{"target": -10.697081617610579, "params": {"C": 274.8598820796204, "epsilon": 0.19163939786663725, "gamma": 0.04306401422133166}, "datetime": {"datetime": "2021-09-27 17:13:21", "elapsed": 11.039855, "delta": 0.435004}}
{"target": -11.480430597936113, "params": {"C": 274.794691716699, "epsilon": 0.10683673428521885, "gamma": 0.07293409628621131}, "datetime": {"datetime": "2021-09-27 17:13:22", "elapsed": 11.470856, "delta": 0.431001}}
{"target": -10.568128993652344, "params": {"C": 267.2522818762874, "epsilon": 0.649757514706068, "gamma": 0.03131140095986997}, "datetime": {"datetime": "2021-09-27 17:13:22", "elapsed": 11.785855, "delta": 0.314999}}
{"target": -11.611312135559523, "params": {"C": 263.40412186298624, "epsilon": 0.9489259528491225, "gamma": 0.062176913052774035}, "datetime": {"datetime": "2021-09-27 17:13:22", "elapsed": 12.087852, "delta": 0.301997}}
{"target": -10.753518161867056, "params": {"C": 294.23864501420013, "epsilon": 0.9976218993611466, "gamma": 0.018025864024288137}, "datetime": {"datetime": "2021-09-27 17:13:23", "elapsed": 12.546851, "delta": 0.458999}}
{"target": -14.584830482263547, "params": {"C": 299.4317790828957, "epsilon": 0.40686893632659404, "gamma": 0.13822194302263138}, "datetime": {"datetime": "2021-09-27 17:13:23", "elapsed": 12.925176, "delta": 0.378325}}
{"target": -15.049581925627608, "params": {"C": 238.34762160248675, "epsilon": 0.11422015481845652, "gamma": 0.22419027769796052}, "datetime": {"datetime": "2021-09-27 17:13:23", "elapsed": 13.185171, "delta": 0.259995}}
{"target": -10.757351584896869, "params": {"C": 267.20717840461174, "epsilon": 0.56452859689788, "gamma": 0.048546909181741975}, "datetime": {"datetime": "2021-09-27 17:13:24", "elapsed": 13.732495, "delta": 0.547324}}
{"target": -14.975133612664282, "params": {"C": 267.2907114984196, "epsilon": 0.6092446063332813, "gamma": 0.1532001479709282}, "datetime": {"datetime": "2021-09-27 17:13:24", "elapsed": 14.117497, "delta": 0.385002}}
{"target": -10.519080347378713, "params": {"C": 294.319181889363, "epsilon": 0.870352557792928, "gamma": 0.034196086914032406}, "datetime": {"datetime": "2021-09-27 17:13:25", "elapsed": 14.418493, "delta": 0.300996}}
{"target": -10.617797999309811, "params": {"C": 267.1012849535964, "epsilon": 0.6650782646373516, "gamma": 0.038006138399947806}, "datetime": {"datetime": "2021-09-27 17:13:25", "elapsed": 14.778812, "delta": 0.360319}}
{"target": -13.508901796339496, "params": {"C": 263.5512968605507, "epsilon": 0.865983682487181, "gamma": 0.09982683042136524}, "datetime": {"datetime": "2021-09-27 17:13:25", "elapsed": 15.164812, "delta": 0.386}}
{"target": -10.934428533411692, "params": {"C": 274.82910777906415, "epsilon": 0.13839911503126748, "gamma": 0.05593226602403636}, "datetime": {"datetime": "2021-09-27 17:13:26", "elapsed": 15.517816, "delta": 0.353004}}
{"target": -10.754601689576369, "params": {"C": 157.01851280511292, "epsilon": 0.4809964897640131, "gamma": 0.0192604675555814}, "datetime": {"datetime": "2021-09-27 17:13:26", "elapsed": 15.81381, "delta": 0.295994}}
{"target": -11.42350908929132, "params": {"C": 154.38524901481594, "epsilon": 0.32416053021331886, "gamma": 0.07488847132092306}, "datetime": {"datetime": "2021-09-27 17:13:26", "elapsed": 16.20881, "delta": 0.395}}
{"target": -11.258534917011469, "params": {"C": 192.2650281809849, "epsilon": 0.9672470699870268, "gamma": 0.06137174756415416}, "datetime": {"datetime": "2021-09-27 17:13:27", "elapsed": 16.589508, "delta": 0.380698}}
{"target": -11.674661888423389, "params": {"C": 215.4535337017827, "epsilon": 0.8025620951445533, "gamma": 0.06754395821851314}, "datetime": {"datetime": "2021-09-27 17:13:27", "elapsed": 16.89455, "delta": 0.305042}}
{"target": -11.865420015417193, "params": {"C": 204.62145640328305, "epsilon": 0.40832682568896606, "gamma": 0.07871613420866529}, "datetime": {"datetime": "2021-09-27 17:13:27", "elapsed": 17.273545, "delta": 0.378995}}
{"target": -14.23327849547318, "params": {"C": 246.35734081944457, "epsilon": 0.8807652184330317, "gamma": 0.12521404468574424}, "datetime": {"datetime": "2021-09-27 17:13:28", "elapsed": 17.636505, "delta": 0.36296}}
{"target": -11.162201309001924, "params": {"C": 239.32984573307687, "epsilon": 0.7970384488803676, "gamma": 0.05776986481257053}, "datetime": {"datetime": "2021-09-27 17:13:28", "elapsed": 18.047512, "delta": 0.411007}}
{"target": -15.055564880437391, "params": {"C": 133.32367353268222, "epsilon": 0.0645270038793117, "gamma": 0.26140244536612506}, "datetime": {"datetime": "2021-09-27 17:13:28", "elapsed": 18.395823, "delta": 0.348311}}
{"target": -11.351148030898939, "params": {"C": 192.43179530712467, "epsilon": 1.0, "gamma": 0.01}, "datetime": {"datetime": "2021-09-27 17:13:29", "elapsed": 18.862513, "delta": 0.46669}}
{"target": -11.039711934715704, "params": {"C": 267.04874424328074, "epsilon": 0.5093193578277709, "gamma": 0.01}, "datetime": {"datetime": "2021-09-27 17:13:30", "elapsed": 19.468521, "delta": 0.606008}}
{"target": -15.329832571947536, "params": {"C": 203.77897152863795, "epsilon": 0.17469672413349022, "gamma": 0.25875495333453385}, "datetime": {"datetime": "2021-09-27 17:13:30", "elapsed": 19.834524, "delta": 0.366003}}
{"target": -14.74899904366217, "params": {"C": 120.62535286368936, "epsilon": 0.6740087921236362, "gamma": 0.19725665793792588}, "datetime": {"datetime": "2021-09-27 17:13:30", "elapsed": 20.185514, "delta": 0.35099}}
{"target": -13.054246201507661, "params": {"C": 154.41841141162215, "epsilon": 0.1453266512276227, "gamma": 0.12335498341551093}, "datetime": {"datetime": "2021-09-27 17:13:31", "elapsed": 20.770664, "delta": 0.58515}}
{"target": -11.700837831894093, "params": {"C": 157.16392727286313, "epsilon": 0.5850033760077793, "gamma": 0.07753412599420614}, "datetime": {"datetime": "2021-09-27 17:13:31", "elapsed": 21.120702, "delta": 0.350038}}
{"target": -10.876470233704476, "params": {"C": 154.55726597585465, "epsilon": 0.4251691771767935, "gamma": 0.01}, "datetime": {"datetime": "2021-09-27 17:13:32", "elapsed": 21.644662, "delta": 0.52396}}
{"target": -10.49131586308275, "params": {"C": 154.75555308560337, "epsilon": 0.35717320958335746, "gamma": 0.024951753093534305}, "datetime": {"datetime": "2021-09-27 17:13:32", "elapsed": 22.27867, "delta": 0.634008}}
{"target": -15.816161390107823, "params": {"C": 200.89762275767907, "epsilon": 0.48509090176410646, "gamma": 0.2842730743131486}, "datetime": {"datetime": "2021-09-27 17:13:33", "elapsed": 22.654115, "delta": 0.375445}}
{"target": -15.24390815953676, "params": {"C": 154.58926969483065, "epsilon": 0.38341531658322925, "gamma": 0.24189337771701558}, "datetime": {"datetime": "2021-09-27 17:13:33", "elapsed": 23.142648, "delta": 0.488533}}
{"target": -11.074801378302626, "params": {"C": 154.6891148734055, "epsilon": 0.11773967298268971, "gamma": 0.010862504452855333}, "datetime": {"datetime": "2021-09-27 17:13:34", "elapsed": 23.664431, "delta": 0.521783}}
{"target": -11.050885204163984, "params": {"C": 154.86927630794855, "epsilon": 0.22050229786393016, "gamma": 0.01}, "datetime": {"datetime": "2021-09-27 17:13:34", "elapsed": 24.280442, "delta": 0.616011}}
{"target": -15.224426373552657, "params": {"C": 239.4069764492361, "epsilon": 0.9748431383107553, "gamma": 0.16809137493440524}, "datetime": {"datetime": "2021-09-27 17:13:35", "elapsed": 24.728798, "delta": 0.448356}}
{"target": -12.508528218130321, "params": {"C": 261.43553299151563, "epsilon": 0.019389447431234125, "gamma": 0.09387200131894571}, "datetime": {"datetime": "2021-09-27 17:13:35", "elapsed": 25.129792, "delta": 0.400994}}
{"target": -16.26845925476879, "params": {"C": 214.85907340792056, "epsilon": 0.9714817419354348, "gamma": 0.2818275659668332}, "datetime": {"datetime": "2021-09-27 17:13:36", "elapsed": 25.500811, "delta": 0.371019}}
{"target": -11.0769734922465, "params": {"C": 239.15474845013085, "epsilon": 0.7458438440098173, "gamma": 0.01}, "datetime": {"datetime": "2021-09-27 17:13:36", "elapsed": 26.048797, "delta": 0.547986}}
{"target": -10.613107407676617, "params": {"C": 215.68494135294864, "epsilon": 0.9769640228934396, "gamma": 0.03814851900493247}, "datetime": {"datetime": "2021-09-27 17:13:37", "elapsed": 26.527796, "delta": 0.478999}}
{"target": -15.782677552840035, "params": {"C": 215.656375089415, "epsilon": 0.9215043792932581, "gamma": 0.2320069994209234}, "datetime": {"datetime": "2021-09-27 17:13:37", "elapsed": 26.933428, "delta": 0.405632}}
{"target": -11.03486807478177, "params": {"C": 156.89119991666115, "epsilon": 0.6202954192310246, "gamma": 0.06307926458314561}, "datetime": {"datetime": "2021-09-27 17:13:38", "elapsed": 27.563435, "delta": 0.630007}}
{"target": -14.350381191201633, "params": {"C": 156.86782566671556, "epsilon": 0.5102012186907328, "gamma": 0.16791909793430335}, "datetime": {"datetime": "2021-09-27 17:13:38", "elapsed": 28.179436, "delta": 0.616001}}
{"target": -13.61206496541917, "params": {"C": 102.84826191959098, "epsilon": 0.17471350792963727, "gamma": 0.16882136105697823}, "datetime": {"datetime": "2021-09-27 17:13:39", "elapsed": 28.939514, "delta": 0.760078}}
{"target": -10.982118611093709, "params": {"C": 157.01775002809669, "epsilon": 0.6863341886346245, "gamma": 0.01}, "datetime": {"datetime": "2021-09-27 17:13:40", "elapsed": 29.493511, "delta": 0.553997}}
{"target": -12.892398570081776, "params": {"C": 103.00695352509265, "epsilon": 0.44103906314587354, "gamma": 0.12891725213501778}, "datetime": {"datetime": "2021-09-27 17:13:40", "elapsed": 29.989513, "delta": 0.496002}}
{"target": -15.284706443878177, "params": {"C": 239.15693824951404, "epsilon": 0.7943124484988551, "gamma": 0.1757909622962156}, "datetime": {"datetime": "2021-09-27 17:13:41", "elapsed": 30.678357, "delta": 0.688844}}
{"target": -11.019675950164459, "params": {"C": 215.69169038958682, "epsilon": 0.8160390563981627, "gamma": 0.013101764302705885}, "datetime": {"datetime": "2021-09-27 17:13:41", "elapsed": 31.359993, "delta": 0.681636}}
{"target": -15.566426448335664, "params": {"C": 244.83057671741847, "epsilon": 0.24907991857853998, "gamma": 0.275380108851775}, "datetime": {"datetime": "2021-09-27 17:13:42", "elapsed": 31.723957, "delta": 0.363964}}
{"target": -14.802006066580784, "params": {"C": 238.46333110009587, "epsilon": 0.1446560149079735, "gamma": 0.1995071449344304}, "datetime": {"datetime": "2021-09-27 17:13:42", "elapsed": 32.074959, "delta": 0.351002}}
{"target": -11.215966915197098, "params": {"C": 204.78251408163277, "epsilon": 0.5429588171091736, "gamma": 0.0635463091927492}, "datetime": {"datetime": "2021-09-27 17:13:43", "elapsed": 32.685123, "delta": 0.610164}}
{"target": -15.414991419824192, "params": {"C": 158.80566677369882, "epsilon": 0.4686799491229499, "gamma": 0.2516066981375588}, "datetime": {"datetime": "2021-09-27 17:13:43", "elapsed": 32.999086, "delta": 0.313963}}
{"target": -14.800719552677238, "params": {"C": 170.96900057557434, "epsilon": 0.06469051637068535, "gamma": 0.22380166029907972}, "datetime": {"datetime": "2021-09-27 17:13:43", "elapsed": 33.394703, "delta": 0.395617}}
{"target": -10.878605178446788, "params": {"C": 154.91926266592668, "epsilon": 0.42019384770733836, "gamma": 0.01}, "datetime": {"datetime": "2021-09-27 17:13:44", "elapsed": 33.839701, "delta": 0.444998}}
{"target": -12.010948405046443, "params": {"C": 215.4460754498112, "epsilon": 0.9048354232906675, "gamma": 0.07503559711188627}, "datetime": {"datetime": "2021-09-27 17:13:44", "elapsed": 34.330703, "delta": 0.491002}}
{"target": -11.068941221937283, "params": {"C": 154.68744293847743, "epsilon": 0.0762481360039035, "gamma": 0.011939349491122367}, "datetime": {"datetime": "2021-09-27 17:13:45", "elapsed": 34.780082, "delta": 0.449379}}
{"target": -10.858866496281117, "params": {"C": 192.21097800053258, "epsilon": 0.680136807371512, "gamma": 0.05413745471880057}, "datetime": {"datetime": "2021-09-27 17:13:45", "elapsed": 35.38612, "delta": 0.606038}}
{"target": -15.797395131768068, "params": {"C": 192.15266634816413, "epsilon": 0.812993032523398, "gamma": 0.24712961564094607}, "datetime": {"datetime": "2021-09-27 17:13:46", "elapsed": 36.17411, "delta": 0.78799}}
{"target": -10.81834407227246, "params": {"C": 192.39507635397177, "epsilon": 0.5538914435881476, "gamma": 0.01754129639112114}, "datetime": {"datetime": "2021-09-27 17:13:47", "elapsed": 36.77915, "delta": 0.60504}}
{"target": -10.546613749497254, "params": {"C": 156.8636030891086, "epsilon": 0.8594659293915934, "gamma": 0.027961142494407926}, "datetime": {"datetime": "2021-09-27 17:13:47", "elapsed": 37.230147, "delta": 0.450997}}
{"target": -11.06034627856132, "params": {"C": 156.7416686566908, "epsilon": 0.7455581003532279, "gamma": 0.01}, "datetime": {"datetime": "2021-09-27 17:13:48", "elapsed": 38.086148, "delta": 0.856001}}
{"target": -15.655368485054105, "params": {"C": 242.80529526672535, "epsilon": 0.5278268790406377, "gamma": 0.2509044852734082}, "datetime": {"datetime": "2021-09-27 17:13:49", "elapsed": 38.575283, "delta": 0.489135}}
{"target": -10.657086824782915, "params": {"C": 213.39678691711708, "epsilon": 0.9546406677334589, "gamma": 0.023067836699625026}, "datetime": {"datetime": "2021-09-27 17:13:49", "elapsed": 39.119169, "delta": 0.543886}}
{"target": -10.999827200598595, "params": {"C": 156.73167969985255, "epsilon": 0.956878414912318, "gamma": 0.05742720038940656}, "datetime": {"datetime": "2021-09-27 17:13:50", "elapsed": 39.898466, "delta": 0.779297}}
{"target": -15.35967875747797, "params": {"C": 156.85168321042994, "epsilon": 0.884724591546166, "gamma": 0.2066029632784}, "datetime": {"datetime": "2021-09-27 17:13:51", "elapsed": 40.533435, "delta": 0.634969}}
{"target": -12.730174154351822, "params": {"C": 213.3834926213193, "epsilon": 0.8078268634215777, "gamma": 0.09191394513620006}, "datetime": {"datetime": "2021-09-27 17:13:51", "elapsed": 41.371559, "delta": 0.838124}}
{"target": -14.807049442651024, "params": {"C": 192.27232320261248, "epsilon": 0.5002828481820495, "gamma": 0.17712911684345536}, "datetime": {"datetime": "2021-09-27 17:13:52", "elapsed": 42.251564, "delta": 0.880005}}
{"target": -10.934265810651256, "params": {"C": 215.55496622615505, "epsilon": 0.6359134064277582, "gamma": 0.01}, "datetime": {"datetime": "2021-09-27 17:13:53", "elapsed": 43.106585, "delta": 0.855021}}
{"target": -10.805930374058628, "params": {"C": 154.73320321726473, "epsilon": 0.543081021511529, "gamma": 0.01821674193537049}, "datetime": {"datetime": "2021-09-27 17:13:54", "elapsed": 43.835908, "delta": 0.729323}}
{"target": -10.381155029617139, "params": {"C": 154.86535805691926, "epsilon": 0.7074311836451258, "gamma": 0.028169794505406888}, "datetime": {"datetime": "2021-09-27 17:13:55", "elapsed": 44.571907, "delta": 0.735999}}
{"target": -10.208074224800711, "params": {"C": 154.73861817914158, "epsilon": 0.387152542634861, "gamma": 0.029297709351280107}, "datetime": {"datetime": "2021-09-27 17:13:55", "elapsed": 44.969934, "delta": 0.398027}}
