{"target": -15.368286134539275, "params": {"C": 45.78642765094783, "epsilon": 2.7129624535324126, "gamma": 0.1465095659383673}, "datetime": {"datetime": "2021-09-27 16:26:26", "elapsed": 589.033435, "delta": 2.464245}}
{"target": -16.795233994307328, "params": {"C": 46.11917733267537, "epsilon": 2.047006372856702, "gamma": 0.27015239618681464}, "datetime": {"datetime": "2021-09-27 16:26:29", "elapsed": 592.023048, "delta": 2.989613}}
{"target": -11.373028990811433, "params": {"C": 44.94531781959613, "epsilon": 1.0, "gamma": 0.01}, "datetime": {"datetime": "2021-09-27 16:26:33", "elapsed": 596.286148, "delta": 4.2631}}
{"target": -12.239362812370274, "params": {"C": 45.371024959838294, "epsilon": 1.9901695339204988, "gamma": 0.07917169380449769}, "datetime": {"datetime": "2021-09-27 16:26:36", "elapsed": 598.976763, "delta": 2.690615}}
{"target": -18.4436688904977, "params": {"C": 91.94205198520355, "epsilon": 2.770353687577405, "gamma": 0.26729858555172326}, "datetime": {"datetime": "2021-09-27 16:26:38", "elapsed": 600.966044, "delta": 1.989281}}
{"target": -22.019180388429398, "params": {"C": 1.5616575706412674, "epsilon": 2.958917787987266, "gamma": 0.27325271721644745}, "datetime": {"datetime": "2021-09-27 16:26:39", "elapsed": 602.528551, "delta": 1.562507}}
{"target": -13.731033090147832, "params": {"C": 26.25772377615815, "epsilon": 1.6029221362600754, "gamma": 0.15025206369061891}, "datetime": {"datetime": "2021-09-27 16:26:41", "elapsed": 604.365171, "delta": 1.83662}}
{"target": -11.793144442433935, "params": {"C": 75.15464314010816, "epsilon": 2.68285378136477, "gamma": 0.015235811317450092}, "datetime": {"datetime": "2021-09-27 16:26:44", "elapsed": 606.854884, "delta": 2.489713}}
{"target": -13.193278138941187, "params": {"C": 74.64774174866376, "epsilon": 2.6162734016836873, "gamma": 0.08424638766315934}, "datetime": {"datetime": "2021-09-27 16:26:47", "elapsed": 610.03988, "delta": 3.184996}}
{"target": -10.761183510076542, "params": {"C": 58.72642328688322, "epsilon": 1.0144901488743003, "gamma": 0.03097554829842477}, "datetime": {"datetime": "2021-09-27 16:26:49", "elapsed": 612.430602, "delta": 2.390722}}
{"target": -12.661797065754122, "params": {"C": 48.198522945333444, "epsilon": 3.7208836147719833, "gamma": 0.01}, "datetime": {"datetime": "2021-09-27 16:26:52", "elapsed": 614.893388, "delta": 2.462786}}
{"target": -19.881900151281773, "params": {"C": 48.64981379739916, "epsilon": 3.511266614190494, "gamma": 0.2859064466302563}, "datetime": {"datetime": "2021-09-27 16:26:55", "elapsed": 617.74653, "delta": 2.853142}}
{"target": -12.607094598457472, "params": {"C": 47.72314023078921, "epsilon": 3.5846387808187075, "gamma": 0.01}, "datetime": {"datetime": "2021-09-27 16:26:58", "elapsed": 621.116328, "delta": 3.369798}}
{"target": -13.280085109450177, "params": {"C": 47.87878891015965, "epsilon": 4.109737288963838, "gamma": 0.01}, "datetime": {"datetime": "2021-09-27 16:27:00", "elapsed": 623.595134, "delta": 2.478806}}
{"target": -16.969126114176802, "params": {"C": 47.58299082841668, "epsilon": 3.0562157623989377, "gamma": 0.1774883763668629}, "datetime": {"datetime": "2021-09-27 16:27:04", "elapsed": 626.699331, "delta": 3.104197}}
{"target": -14.349824762721738, "params": {"C": 47.198544707481666, "epsilon": 3.931645054354801, "gamma": 0.06132534629399477}, "datetime": {"datetime": "2021-09-27 16:27:07", "elapsed": 630.131559, "delta": 3.432228}}
{"target": -14.005513996079369, "params": {"C": 23.811258182439204, "epsilon": 3.306732655652645, "gamma": 0.0682121612600911}, "datetime": {"datetime": "2021-09-27 16:27:10", "elapsed": 633.357102, "delta": 3.225543}}
{"target": -12.038353177862234, "params": {"C": 10.963836739476527, "epsilon": 1.592284001876847, "gamma": 0.05230489846065289}, "datetime": {"datetime": "2021-09-27 16:27:12", "elapsed": 635.016799, "delta": 1.659697}}
{"target": -16.765603612978357, "params": {"C": 11.046934938733992, "epsilon": 2.0046722104997103, "gamma": 0.27642731707836604}, "datetime": {"datetime": "2021-09-27 16:27:15", "elapsed": 638.304101, "delta": 3.287302}}
{"target": -11.702606419058197, "params": {"C": 10.90326345145106, "epsilon": 1.1794858054680624, "gamma": 0.07109376783119924}, "datetime": {"datetime": "2021-09-27 16:27:18", "elapsed": 640.669921, "delta": 2.36582}}
{"target": -11.376846591081588, "params": {"C": 11.25777384770938, "epsilon": 1.2909483093043161, "gamma": 0.021236652706882197}, "datetime": {"datetime": "2021-09-27 16:27:22", "elapsed": 644.78897, "delta": 4.119049}}
{"target": -11.357935282711948, "params": {"C": 84.66294877909813, "epsilon": 1.3158428272066072, "gamma": 0.07193079128675738}, "datetime": {"datetime": "2021-09-27 16:27:23", "elapsed": 646.609461, "delta": 1.820491}}
{"target": -12.260614020885734, "params": {"C": 84.50187695312728, "epsilon": 1.6904547411610278, "gamma": 0.0824412039560541}, "datetime": {"datetime": "2021-09-27 16:27:26", "elapsed": 649.583042, "delta": 2.973581}}
{"target": -15.278709915386901, "params": {"C": 46.213099252826076, "epsilon": 1.0802758727851813, "gamma": 0.26865119280780636}, "datetime": {"datetime": "2021-09-27 16:27:28", "elapsed": 651.424689, "delta": 1.841647}}
{"target": -16.888464501676655, "params": {"C": 21.43492537966194, "epsilon": 2.9784875705458824, "gamma": 0.19893641712951213}, "datetime": {"datetime": "2021-09-27 16:27:30", "elapsed": 653.086945, "delta": 1.662256}}
{"target": -15.311820975274463, "params": {"C": 19.112745499853, "epsilon": 2.90303193124337, "gamma": 0.12576740630980826}, "datetime": {"datetime": "2021-09-27 16:27:32", "elapsed": 654.836413, "delta": 1.749468}}
{"target": -14.02908843656653, "params": {"C": 34.945062524349034, "epsilon": 3.8646614910737553, "gamma": 0.05650070564597463}, "datetime": {"datetime": "2021-09-27 16:27:33", "elapsed": 656.569951, "delta": 1.733538}}
{"target": -14.661244064240345, "params": {"C": 84.2604140024919, "epsilon": 1.3038195627332858, "gamma": 0.19618255817331504}, "datetime": {"datetime": "2021-09-27 16:27:36", "elapsed": 659.026971, "delta": 2.45702}}
{"target": -11.976057909287698, "params": {"C": 84.8851339006264, "epsilon": 1.656079085343313, "gamma": 0.07579531405026271}, "datetime": {"datetime": "2021-09-27 16:27:39", "elapsed": 661.839704, "delta": 2.812733}}
{"target": -16.033544441532037, "params": {"C": 85.08534854068051, "epsilon": 1.1632565418011473, "gamma": 0.2743448666133591}, "datetime": {"datetime": "2021-09-27 16:27:42", "elapsed": 664.630182, "delta": 2.790478}}
{"target": -15.091561576836188, "params": {"C": 11.305008078934767, "epsilon": 1.0517466302461955, "gamma": 0.24445583904442583}, "datetime": {"datetime": "2021-09-27 16:27:44", "elapsed": 667.424285, "delta": 2.794103}}
{"target": -14.830700056376722, "params": {"C": 10.607703296208022, "epsilon": 1.3951791672116751, "gamma": 0.19829694476869125}, "datetime": {"datetime": "2021-09-27 16:27:47", "elapsed": 669.959028, "delta": 2.534743}}
{"target": -12.008041890631963, "params": {"C": 84.78163039717737, "epsilon": 2.1376967474622592, "gamma": 0.01}, "datetime": {"datetime": "2021-09-27 16:27:50", "elapsed": 673.158044, "delta": 3.199016}}
{"target": -11.998331748818817, "params": {"C": 85.24717294188295, "epsilon": 2.083313945181, "gamma": 0.01}, "datetime": {"datetime": "2021-09-27 16:27:54", "elapsed": 677.315776, "delta": 4.157732}}
{"target": -13.028621056561976, "params": {"C": 16.69465695785195, "epsilon": 3.809038243113162, "gamma": 0.014458829328298915}, "datetime": {"datetime": "2021-09-27 16:27:56", "elapsed": 679.002775, "delta": 1.686999}}
{"target": -17.399848992935464, "params": {"C": 8.844576960734663, "epsilon": 2.3267808265942325, "gamma": 0.2822558540699202}, "datetime": {"datetime": "2021-09-27 16:27:58", "elapsed": 681.001, "delta": 1.998225}}
{"target": -15.69761498156399, "params": {"C": 85.17539549654725, "epsilon": 2.432833827118343, "gamma": 0.15924721622845414}, "datetime": {"datetime": "2021-09-27 16:28:02", "elapsed": 685.158957, "delta": 4.157957}}
{"target": -15.009335770027668, "params": {"C": 37.49063981152922, "epsilon": 3.347918235011159, "gamma": 0.09289131962650367}, "datetime": {"datetime": "2021-09-27 16:28:04", "elapsed": 686.95391, "delta": 1.794953}}
{"target": -15.798482744040045, "params": {"C": 37.96919157557382, "epsilon": 4.365353412486306, "gamma": 0.06553895569341808}, "datetime": {"datetime": "2021-09-27 16:28:06", "elapsed": 688.768158, "delta": 1.814248}}
{"target": -11.138272679140488, "params": {"C": 85.61933867869786, "epsilon": 1.7177894561740594, "gamma": 0.04098920614316935}, "datetime": {"datetime": "2021-09-27 16:28:09", "elapsed": 692.135696, "delta": 3.367538}}
{"target": -11.995556743950523, "params": {"C": 85.7830016350918, "epsilon": 2.0463962415970522, "gamma": 0.01}, "datetime": {"datetime": "2021-09-27 16:28:12", "elapsed": 694.772012, "delta": 2.636316}}
{"target": -17.161361333715604, "params": {"C": 85.91110792838029, "epsilon": 1.8292832608026792, "gamma": 0.2871279426123125}, "datetime": {"datetime": "2021-09-27 16:28:15", "elapsed": 698.370571, "delta": 3.598559}}
{"target": -14.132627276552853, "params": {"C": 85.36605712283824, "epsilon": 1.8656372401320704, "gamma": 0.13989803191434094}, "datetime": {"datetime": "2021-09-27 16:28:18", "elapsed": 701.235175, "delta": 2.864604}}
{"target": -15.89139856349252, "params": {"C": 84.40255526547614, "epsilon": 2.1530073692162115, "gamma": 0.18704330600251673}, "datetime": {"datetime": "2021-09-27 16:28:21", "elapsed": 703.943997, "delta": 2.708822}}
{"target": -16.23632939247494, "params": {"C": 51.05749229479834, "epsilon": 1.9494401344151, "gamma": 0.24309381942914884}, "datetime": {"datetime": "2021-09-27 16:28:23", "elapsed": 705.943019, "delta": 1.999022}}
{"target": -11.80769232790673, "params": {"C": 75.32334964706774, "epsilon": 2.97829410700864, "gamma": 0.01690167414265714}, "datetime": {"datetime": "2021-09-27 16:28:25", "elapsed": 708.522822, "delta": 2.579803}}
{"target": -16.38844501123992, "params": {"C": 9.76590742802846, "epsilon": 2.462081447941035, "gamma": 0.21207949591992253}, "datetime": {"datetime": "2021-09-27 16:28:27", "elapsed": 710.456183, "delta": 1.933361}}
{"target": -11.653259842942546, "params": {"C": 11.52283083410684, "epsilon": 1.539519196845085, "gamma": 0.037561997321705703}, "datetime": {"datetime": "2021-09-27 16:28:32", "elapsed": 714.77631, "delta": 4.320127}}
{"target": -11.326322898377235, "params": {"C": 85.63095305321731, "epsilon": 1.3521629382382356, "gamma": 0.06994646818748185}, "datetime": {"datetime": "2021-09-27 16:28:36", "elapsed": 719.314034, "delta": 4.537724}}
{"target": -11.378360037280032, "params": {"C": 86.02045537928339, "epsilon": 1.2186653364103681, "gamma": 0.0756131554463924}, "datetime": {"datetime": "2021-09-27 16:28:39", "elapsed": 722.494189, "delta": 3.180155}}
{"target": -15.593231572814181, "params": {"C": 85.77430362628657, "epsilon": 1.0608160364320318, "gamma": 0.252367953353792}, "datetime": {"datetime": "2021-09-27 16:28:43", "elapsed": 726.260098, "delta": 3.765909}}
{"target": -12.941890171817178, "params": {"C": 32.56321954602185, "epsilon": 2.216453055036183, "gamma": 0.08865066301121258}, "datetime": {"datetime": "2021-09-27 16:28:45", "elapsed": 728.111645, "delta": 1.851547}}
{"target": -17.906377884452176, "params": {"C": 68.35962392117067, "epsilon": 4.112907792239661, "gamma": 0.11372646571707523}, "datetime": {"datetime": "2021-09-27 16:28:47", "elapsed": 730.037602, "delta": 1.925957}}
{"target": -12.137512294270662, "params": {"C": 11.854853085238153, "epsilon": 1.862977219757076, "gamma": 0.01}, "datetime": {"datetime": "2021-09-27 16:28:50", "elapsed": 733.584123, "delta": 3.546521}}
{"target": -12.13167723002171, "params": {"C": 32.35392923987523, "epsilon": 2.7692900853416216, "gamma": 0.01}, "datetime": {"datetime": "2021-09-27 16:28:54", "elapsed": 737.157914, "delta": 3.573791}}
{"target": -14.413099015159114, "params": {"C": 32.8448269642991, "epsilon": 2.745056066468079, "gamma": 0.10686940827579895}, "datetime": {"datetime": "2021-09-27 16:28:57", "elapsed": 740.524916, "delta": 3.367002}}
{"target": -12.217629719912974, "params": {"C": 31.897341294496663, "epsilon": 2.8229333935356236, "gamma": 0.01}, "datetime": {"datetime": "2021-09-27 16:29:01", "elapsed": 743.719193, "delta": 3.194277}}
{"target": -18.82432018915608, "params": {"C": 32.07101938443154, "epsilon": 3.073234909946238, "gamma": 0.29324371422675527}, "datetime": {"datetime": "2021-09-27 16:29:04", "elapsed": 746.9517, "delta": 3.232507}}
{"target": -11.280639904681134, "params": {"C": 85.79871751065393, "epsilon": 1.5097337038870777, "gamma": 0.023623057683022274}, "datetime": {"datetime": "2021-09-27 16:29:06", "elapsed": 749.403953, "delta": 2.452253}}
{"target": -17.05620792024142, "params": {"C": 86.84811314033063, "epsilon": 1.7822804738317775, "gamma": 0.2847848205988577}, "datetime": {"datetime": "2021-09-27 16:29:08", "elapsed": 751.34728, "delta": 1.943327}}
{"target": -11.838782847684906, "params": {"C": 31.52441722652416, "epsilon": 2.621427195234438, "gamma": 0.023821318310675205}, "datetime": {"datetime": "2021-09-27 16:29:12", "elapsed": 755.456784, "delta": 4.109504}}
{"target": -11.942548201188663, "params": {"C": 31.865750985609644, "epsilon": 2.336152542286146, "gamma": 0.011239261719360728}, "datetime": {"datetime": "2021-09-27 16:29:16", "elapsed": 758.763182, "delta": 3.306398}}
{"target": -12.184714028833628, "params": {"C": 31.292847428064512, "epsilon": 3.0956345968495853, "gamma": 0.030246227112263185}, "datetime": {"datetime": "2021-09-27 16:29:20", "elapsed": 762.679598, "delta": 3.916416}}
{"target": -18.416437500860187, "params": {"C": 31.01714592779784, "epsilon": 3.3794069330525045, "gamma": 0.22290840026016787}, "datetime": {"datetime": "2021-09-27 16:29:23", "elapsed": 765.769201, "delta": 3.089603}}
{"target": -12.74631508297823, "params": {"C": 23.935182257692905, "epsilon": 3.123732649657727, "gamma": 0.04664656575615222}, "datetime": {"datetime": "2021-09-27 16:29:24", "elapsed": 767.490848, "delta": 1.721647}}
{"target": -17.187268052117204, "params": {"C": 4.658719891787471, "epsilon": 3.211093746689007, "gamma": 0.13676103483455698}, "datetime": {"datetime": "2021-09-27 16:29:26", "elapsed": 769.233263, "delta": 1.742415}}
{"target": -11.741422056054958, "params": {"C": 69.81746861272093, "epsilon": 3.1007475624520415, "gamma": 0.024470776445637655}, "datetime": {"datetime": "2021-09-27 16:29:28", "elapsed": 771.012674, "delta": 1.779411}}
{"target": -13.42175094101874, "params": {"C": 17.295681192941323, "epsilon": 3.9709218693715314, "gamma": 0.01}, "datetime": {"datetime": "2021-09-27 16:29:32", "elapsed": 775.396812, "delta": 4.384138}}
{"target": -13.499749838946022, "params": {"C": 31.138387457960015, "epsilon": 2.6904046770577876, "gamma": 0.08235809160015735}, "datetime": {"datetime": "2021-09-27 16:29:36", "elapsed": 779.095686, "delta": 3.698874}}
{"target": -17.155875949281445, "params": {"C": 16.57304182499188, "epsilon": 3.193993639629407, "gamma": 0.1872161192561018}, "datetime": {"datetime": "2021-09-27 16:29:39", "elapsed": 782.523245, "delta": 3.427559}}
{"target": -11.46095753981241, "params": {"C": 86.34896796635395, "epsilon": 1.021161774951088, "gamma": 0.08236899893934538}, "datetime": {"datetime": "2021-09-27 16:29:43", "elapsed": 785.76576, "delta": 3.242515}}
{"target": -10.901675936042954, "params": {"C": 86.30789591970698, "epsilon": 1.374288271787096, "gamma": 0.03509123457843984}, "datetime": {"datetime": "2021-09-27 16:29:46", "elapsed": 788.652263, "delta": 2.886503}}
{"target": -11.787368264206144, "params": {"C": 48.411579745363696, "epsilon": 2.4306914397501256, "gamma": 0.01}, "datetime": {"datetime": "2021-09-27 16:29:49", "elapsed": 792.190812, "delta": 3.538549}}
{"target": -17.06125355508523, "params": {"C": 48.54483141638025, "epsilon": 2.108502511665619, "gamma": 0.27942364472254116}, "datetime": {"datetime": "2021-09-27 16:29:51", "elapsed": 794.30392, "delta": 2.113108}}
{"target": -11.55864961750595, "params": {"C": 47.949280941670324, "epsilon": 2.4055925330186447, "gamma": 0.0378838494493313}, "datetime": {"datetime": "2021-09-27 16:29:54", "elapsed": 797.131718, "delta": 2.827798}}
{"target": -11.499764236786683, "params": {"C": 47.847241180254365, "epsilon": 2.0411110331739, "gamma": 0.05559074767094651}, "datetime": {"datetime": "2021-09-27 16:29:58", "elapsed": 801.06975, "delta": 3.938032}}
{"target": -16.367577641563138, "params": {"C": 47.43208700838064, "epsilon": 2.06370327214126, "gamma": 0.24270903917879863}, "datetime": {"datetime": "2021-09-27 16:30:02", "elapsed": 805.2081, "delta": 4.13835}}
{"target": -11.118740375937719, "params": {"C": 47.78803593108253, "epsilon": 1.5065347445853854, "gamma": 0.037271256121379125}, "datetime": {"datetime": "2021-09-27 16:30:05", "elapsed": 807.990068, "delta": 2.781968}}
{"target": -14.647979684712379, "params": {"C": 47.753172168673075, "epsilon": 1.1308653510763154, "gamma": 0.22415390061174817}, "datetime": {"datetime": "2021-09-27 16:30:08", "elapsed": 811.085908, "delta": 3.09584}}
{"target": -11.371224316014125, "params": {"C": 48.01909182055943, "epsilon": 1.7059419838068375, "gamma": 0.06542313763767281}, "datetime": {"datetime": "2021-09-27 16:30:12", "elapsed": 814.666255, "delta": 3.580347}}
{"target": -11.499224660059651, "params": {"C": 48.19378440244175, "epsilon": 1.356109316830844, "gamma": 0.01}, "datetime": {"datetime": "2021-09-27 16:30:15", "elapsed": 818.20244, "delta": 3.536185}}
{"target": -15.308232687183548, "params": {"C": 209.76270078546494, "epsilon": 0.7152178474357822, "gamma": 0.18480137906077673}, "datetime": {"datetime": "2021-09-27 17:13:10", "elapsed": 0.0, "delta": 0.0}}
{"target": -15.067016562909693, "params": {"C": 208.9766365993794, "epsilon": 0.42371243385897084, "gamma": 0.19730929278933027}, "datetime": {"datetime": "2021-09-27 17:13:10", "elapsed": 0.062996, "delta": 0.062996}}
{"target": -16.271603956296772, "params": {"C": 187.5174422525385, "epsilon": 0.8917838234820016, "gamma": 0.2894622005452985}, "datetime": {"datetime": "2021-09-27 17:13:10", "elapsed": 0.098962, "delta": 0.035966}}
{"target": -14.680871846316817, "params": {"C": 176.68830376515552, "epsilon": 0.7917458655788563, "gamma": 0.1633795267283423}, "datetime": {"datetime": "2021-09-27 17:13:10", "elapsed": 0.153002, "delta": 0.05404}}
{"target": -10.786411622121435, "params": {"C": 213.60891221878646, "epsilon": 0.9256040786288318, "gamma": 0.03060045687738721}, "datetime": {"datetime": "2021-09-27 17:13:10", "elapsed": 0.208, "delta": 0.054998}}
{"target": -11.331319059389603, "params": {"C": 215.24658176162285, "epsilon": 0.9893344634213681, "gamma": 0.01}, "datetime": {"datetime": "2021-09-27 17:13:11", "elapsed": 0.439962, "delta": 0.231962}}
{"target": -15.591740352416785, "params": {"C": 219.15723470665, "epsilon": 0.0001, "gamma": 0.3}, "datetime": {"datetime": "2021-09-27 17:13:11", "elapsed": 0.85565, "delta": 0.415688}}
{"target": -15.578389101472165, "params": {"C": 214.2420275293529, "epsilon": 0.0001, "gamma": 0.3}, "datetime": {"datetime": "2021-09-27 17:13:11", "elapsed": 1.126649, "delta": 0.270999}}
{"target": -15.502233187309683, "params": {"C": 213.70035439340114, "epsilon": 0.8552677338104444, "gamma": 0.2119299066712607}, "datetime": {"datetime": "2021-09-27 17:13:11", "elapsed": 1.239648, "delta": 0.112999}}
{"target": -15.194037332118008, "params": {"C": 174.40940491575574, "epsilon": 0.11556722490717773, "gamma": 0.2585725115152243}, "datetime": {"datetime": "2021-09-27 17:13:12", "elapsed": 1.565594, "delta": 0.325946}}
{"target": -12.367345484153203, "params": {"C": 281.3265660033547, "epsilon": 0.7076467325701599, "gamma": 0.07939279431467378}, "datetime": {"datetime": "2021-09-27 17:13:12", "elapsed": 1.718631, "delta": 0.153037}}
{"target": -15.908125397257928, "params": {"C": 296.62926749430085, "epsilon": 0.6434982761752538, "gamma": 0.26056551282205725}, "datetime": {"datetime": "2021-09-27 17:13:12", "elapsed": 1.949588, "delta": 0.230957}}
{"target": -11.05879789465393, "params": {"C": 141.20806570066486, "epsilon": 0.1811447417880506, "gamma": 0.010108198131508497}, "datetime": {"datetime": "2021-09-27 17:13:12", "elapsed": 2.096582, "delta": 0.146994}}
{"target": -13.845851838805375, "params": {"C": 264.4101813676625, "epsilon": 0.12082278012324472, "gamma": 0.12606855889126084}, "datetime": {"datetime": "2021-09-27 17:13:12", "elapsed": 2.326582, "delta": 0.23}}
{"target": -10.619066474737057, "params": {"C": 263.50008745763745, "epsilon": 0.9741782678423596, "gamma": 0.04075762623481522}, "datetime": {"datetime": "2021-09-27 17:13:13", "elapsed": 2.480581, "delta": 0.153999}}
{"target": -13.979338183765577, "params": {"C": 158.92454818320357, "epsilon": 0.17049463706180856, "gamma": 0.16364189070093}, "datetime": {"datetime": "2021-09-27 17:13:13", "elapsed": 2.620427, "delta": 0.139846}}
{"target": -10.732544228768415, "params": {"C": 204.6338950221767, "epsilon": 0.5811823246123738, "gamma": 0.04953245144324743}, "datetime": {"datetime": "2021-09-27 17:13:13", "elapsed": 2.744431, "delta": 0.124004}}
{"target": -12.892130341245647, "params": {"C": 258.6031251823975, "epsilon": 0.09178168677190718, "gamma": 0.10092302937469735}, "datetime": {"datetime": "2021-09-27 17:13:13", "elapsed": 2.925431, "delta": 0.181}}
{"target": -16.074353524508027, "params": {"C": 151.41726989467853, "epsilon": 0.7222576074323295, "gamma": 0.2927742644918511}, "datetime": {"datetime": "2021-09-27 17:13:13", "elapsed": 3.020429, "delta": 0.094998}}
{"target": -15.332704815267276, "params": {"C": 133.1858629953501, "epsilon": 0.37532293383500875, "gamma": 0.2599099247630454}, "datetime": {"datetime": "2021-09-27 17:13:13", "elapsed": 3.132428, "delta": 0.111999}}
