{"target": -2.577622301132861, "params": {"C": 23.106158292804196, "epsilon": 2.6835854513419934, "gamma": 0.11682339414733582}, "datetime": {"datetime": "2021-09-18 09:53:41", "elapsed": 4209.240948, "delta": 8.295295}}
{"target": -4.714039576312997, "params": {"C": 21.28735469738501, "epsilon": 0.9376265716608037, "gamma": 1.445213649001857}, "datetime": {"datetime": "2021-09-18 09:53:50", "elapsed": 4217.697802, "delta": 8.456854}}
{"target": -3.305584668779718, "params": {"C": 34.41137028222712, "epsilon": 0.7600902800709876, "gamma": 0.6649005637536198}, "datetime": {"datetime": "2021-09-18 09:53:59", "elapsed": 4226.610836, "delta": 8.913034}}
{"target": -4.406616414030365, "params": {"C": 20.332679911102048, "epsilon": 0.0396091710482961, "gamma": 1.2468162669826623}, "datetime": {"datetime": "2021-09-18 09:54:07", "elapsed": 4235.26077, "delta": 8.649934}}
{"target": -9.319078947368421, "params": {"C": 40.04192377655486, "epsilon": 23.85303187143983, "gamma": 1.3137301157884294}, "datetime": {"datetime": "2021-09-18 09:54:16", "elapsed": 4243.615343, "delta": 8.354573}}
{"target": -9.64431757593747, "params": {"C": 44.23933510138108, "epsilon": 21.24663813734422, "gamma": 2.8111501780709944}, "datetime": {"datetime": "2021-09-18 09:54:25", "elapsed": 4252.531016, "delta": 8.915673}}
{"target": -2.6978837280149466, "params": {"C": 45.07361807791448, "epsilon": 4.186277901213114, "gamma": 0.019057863295304418}, "datetime": {"datetime": "2021-09-18 09:54:38", "elapsed": 4266.190392, "delta": 13.659376}}
{"target": -4.377151834478163, "params": {"C": 25.85320279536243, "epsilon": 2.0466264538382517, "gamma": 1.0883533649667938}, "datetime": {"datetime": "2021-09-18 09:54:47", "elapsed": 4274.804154, "delta": 8.613762}}
{"target": -4.534819496488744, "params": {"C": 21.544602802059888, "epsilon": 4.52386249140641, "gamma": 0.681413085284827}, "datetime": {"datetime": "2021-09-18 09:55:06", "elapsed": 4294.179112, "delta": 19.374958}}
{"target": -4.5285271715953, "params": {"C": 40.377981133052664, "epsilon": 3.0256724034508324, "gamma": 0.9920470120721564}, "datetime": {"datetime": "2021-09-18 09:55:17", "elapsed": 4305.326189, "delta": 11.147077}}
{"target": -2.733252514822822, "params": {"C": 22.19295564610967, "epsilon": 3.4337886428593904, "gamma": 0.10397660957119217}, "datetime": {"datetime": "2021-09-18 09:55:28", "elapsed": 4316.065875, "delta": 10.739686}}
{"target": -4.188386130802771, "params": {"C": 31.875432584543468, "epsilon": 0.5052973716322766, "gamma": 1.174337244841173}, "datetime": {"datetime": "2021-09-18 09:55:42", "elapsed": 4330.206779, "delta": 14.140904}}
{"target": -4.930999196475635, "params": {"C": 14.948764035866647, "epsilon": 0.0014828971726236076, "gamma": 1.5995915311616253}, "datetime": {"datetime": "2021-09-18 09:55:54", "elapsed": 4341.617428, "delta": 11.410649}}
{"target": -6.741038700156255, "params": {"C": 8.039578301745449, "epsilon": 6.731026170903518, "gamma": 0.0001}, "datetime": {"datetime": "2021-09-18 09:56:07", "elapsed": 4354.845869, "delta": 13.228441}}
{"target": -9.688463957295395, "params": {"C": 9.302897574423591, "epsilon": 20.11846726848294, "gamma": 3.0}, "datetime": {"datetime": "2021-09-18 09:56:22", "elapsed": 4369.496061, "delta": 14.650192}}
{"target": -4.810658899314451, "params": {"C": 40.1244110989329, "epsilon": 0.15769866475161723, "gamma": 1.7510735071943633}, "datetime": {"datetime": "2021-09-18 09:56:32", "elapsed": 4379.741642, "delta": 10.245581}}
{"target": -4.20418574132999, "params": {"C": 23.407553742540202, "epsilon": 3.2992242975217265, "gamma": 0.7639280046782984}, "datetime": {"datetime": "2021-09-18 09:56:43", "elapsed": 4390.817523, "delta": 11.075881}}
{"target": -2.1823537783729945, "params": {"C": 40.44857225664216, "epsilon": 1.2912258356334407, "gamma": 0.08831534139759964}, "datetime": {"datetime": "2021-09-18 09:57:00", "elapsed": 4407.443528, "delta": 16.626005}}
{"target": -9.319078947368421, "params": {"C": 36.35122619187982, "epsilon": 23.994509549547274, "gamma": 3.0}, "datetime": {"datetime": "2021-09-18 09:57:08", "elapsed": 4416.256775, "delta": 8.813247}}
{"target": -5.305724846702934, "params": {"C": 30.70078524659783, "epsilon": 3.7027621762799203, "gamma": 0.0001}, "datetime": {"datetime": "2021-09-18 09:57:22", "elapsed": 4429.562258, "delta": 13.305483}}
{"target": -9.319078947368421, "params": {"C": 1.7140004754949933, "epsilon": 24.967309978250935, "gamma": 2.7415698161199296}, "datetime": {"datetime": "2021-09-18 09:57:31", "elapsed": 4438.465603, "delta": 8.903345}}
{"target": -3.416272934916201, "params": {"C": 44.073246428855725, "epsilon": 0.9589391221862519, "gamma": 0.6971484132727951}, "datetime": {"datetime": "2021-09-18 09:57:43", "elapsed": 4451.249645, "delta": 12.784042}}
{"target": -5.078382210151232, "params": {"C": 32.748516258793565, "epsilon": 0.001, "gamma": 0.0001}, "datetime": {"datetime": "2021-09-18 09:57:53", "elapsed": 4461.223638, "delta": 9.973993}}
{"target": -4.245556676292683, "params": {"C": 48.73898287458115, "epsilon": 0.7963739592189041, "gamma": 1.1720440810760469}, "datetime": {"datetime": "2021-09-18 09:58:05", "elapsed": 4473.049229, "delta": 11.825591}}
{"target": -3.836816510988037, "params": {"C": 43.00612129031574, "epsilon": 0.7338643249614252, "gamma": 0.9246841174978505}, "datetime": {"datetime": "2021-09-18 09:58:20", "elapsed": 4488.119169, "delta": 15.06994}}
{"target": -3.0073903289314727, "params": {"C": 40.36645728046785, "epsilon": 1.6418381464042453, "gamma": 0.456070197608137}, "datetime": {"datetime": "2021-09-18 09:58:35", "elapsed": 4502.713069, "delta": 14.5939}}
{"target": -3.2486482452351915, "params": {"C": 32.01039082053955, "epsilon": 0.12992779833448703, "gamma": 0.6705655661140963}, "datetime": {"datetime": "2021-09-18 09:58:44", "elapsed": 4511.681936, "delta": 8.968867}}
{"target": -2.947836947950154, "params": {"C": 15.664265583870778, "epsilon": 4.712406218169065, "gamma": 0.03315880131401809}, "datetime": {"datetime": "2021-09-18 09:58:55", "elapsed": 4523.250019, "delta": 11.568083}}
{"target": -8.573506087418712, "params": {"C": 48.1087719227404, "epsilon": 13.564776525052055, "gamma": 1.4228092999822677}, "datetime": {"datetime": "2021-09-18 09:59:15", "elapsed": 4542.491857, "delta": 19.241838}}
{"target": -5.200971224966775, "params": {"C": 26.4921778494691, "epsilon": 2.9531338463511725, "gamma": 1.5466222841135466}, "datetime": {"datetime": "2021-09-18 09:59:29", "elapsed": 4556.77057, "delta": 14.278713}}
{"target": -2.169002220085622, "params": {"C": 43.9569901910914, "epsilon": 0.08229788701263537, "gamma": 0.04145201941321297}, "datetime": {"datetime": "2021-09-18 09:59:40", "elapsed": 4567.733031, "delta": 10.962461}}
{"target": -5.139134846559777, "params": {"C": 41.394563820544576, "epsilon": 3.983395522975667, "gamma": 1.1833343684393924}, "datetime": {"datetime": "2021-09-18 09:59:52", "elapsed": 4579.839477, "delta": 12.106446}}
{"target": -2.756772014855417, "params": {"C": 43.54245687573802, "epsilon": 0.0409197978565405, "gamma": 0.4452315679368383}, "datetime": {"datetime": "2021-09-18 10:00:04", "elapsed": 4591.437116, "delta": 11.597639}}
{"target": -2.531419470628961, "params": {"C": 32.93964170934749, "epsilon": 0.388918298706916, "gamma": 0.30199114933870774}, "datetime": {"datetime": "2021-09-18 10:00:13", "elapsed": 4600.935137, "delta": 9.498021}}
{"target": -2.243542488280781, "params": {"C": 33.69001892043039, "epsilon": 0.6065567313861829, "gamma": 0.1710117043048941}, "datetime": {"datetime": "2021-09-18 10:00:23", "elapsed": 4610.356109, "delta": 9.420972}}
{"target": -2.552964736722336, "params": {"C": 32.783423447399755, "epsilon": 3.6039522599137266, "gamma": 0.055402377345676664}, "datetime": {"datetime": "2021-09-18 10:00:39", "elapsed": 4627.025414, "delta": 16.669305}}
{"target": -2.523703031848868, "params": {"C": 32.3556950286015, "epsilon": 3.0776952545871366, "gamma": 0.04849102503979628}, "datetime": {"datetime": "2021-09-18 10:00:48", "elapsed": 4636.1948, "delta": 9.169386}}
{"target": -3.5082410972682143, "params": {"C": 32.115891238372896, "epsilon": 3.378523748358007, "gamma": 0.45313316350713073}, "datetime": {"datetime": "2021-09-18 10:01:00", "elapsed": 4648.289047, "delta": 12.094247}}
{"target": -9.514926213867469, "params": {"C": 5.998545347946635, "epsilon": 21.77242386053353, "gamma": 1.2269499813682796}, "datetime": {"datetime": "2021-09-18 10:01:10", "elapsed": 4657.614286, "delta": 9.325239}}
{"target": -2.4322951658706446, "params": {"C": 13.322867300075734, "epsilon": 0.9124193354798349, "gamma": 0.09075537026832732}, "datetime": {"datetime": "2021-09-18 10:01:20", "elapsed": 4667.430547, "delta": 9.816261}}
{"target": -9.319078947368421, "params": {"C": 19.199185393817764, "epsilon": 27.64481837482217, "gamma": 0.0001}, "datetime": {"datetime": "2021-09-18 10:01:31", "elapsed": 4678.566139, "delta": 11.135592}}
{"target": -4.467449372756228, "params": {"C": 15.912593187355682, "epsilon": 3.6874733041771113, "gamma": 0.7520976448050408}, "datetime": {"datetime": "2021-09-18 10:01:43", "elapsed": 4691.184873, "delta": 12.618734}}
{"target": -2.6596555324894586, "params": {"C": 33.608968720995506, "epsilon": 1.3508457530280025, "gamma": 0.30694808131366824}, "datetime": {"datetime": "2021-09-18 10:02:00", "elapsed": 4707.367878, "delta": 16.183005}}
{"target": -9.405686083380283, "params": {"C": 13.504499566018561, "epsilon": 22.216917106802416, "gamma": 3.0}, "datetime": {"datetime": "2021-09-18 10:02:09", "elapsed": 4716.843256, "delta": 9.475378}}
{"target": -6.133538154160684, "params": {"C": 19.914636690700036, "epsilon": 6.725343510955581, "gamma": 0.0001}, "datetime": {"datetime": "2021-09-18 10:02:21", "elapsed": 4729.278255, "delta": 12.434999}}
{"target": -9.61306145110263, "params": {"C": 30.369107671764176, "epsilon": 21.376013978275957, "gamma": 3.0}, "datetime": {"datetime": "2021-09-18 10:02:38", "elapsed": 4745.463929, "delta": 16.185674}}
{"target": -3.7520032224367794, "params": {"C": 15.321719831521325, "epsilon": 6.453514908293873, "gamma": 0.012465935520827654}, "datetime": {"datetime": "2021-09-18 10:02:47", "elapsed": 4755.196855, "delta": 9.732926}}
{"target": -5.758530422280796, "params": {"C": 15.756167173114317, "epsilon": 6.257141377379798, "gamma": 0.945777341015714}, "datetime": {"datetime": "2021-09-18 10:03:04", "elapsed": 4771.581761, "delta": 16.384906}}
{"target": -9.479839598458621, "params": {"C": 1.0934645709509658, "epsilon": 22.160029319087162, "gamma": 0.0001}, "datetime": {"datetime": "2021-09-18 10:03:13", "elapsed": 4780.945355, "delta": 9.363594}}
{"target": -6.681770802112518, "params": {"C": 5.296234442221832, "epsilon": 0.001, "gamma": 0.0001}, "datetime": {"datetime": "2021-09-18 10:03:22", "elapsed": 4790.006193, "delta": 9.060838}}
{"target": -9.319078947368421, "params": {"C": 10.140314013741063, "epsilon": 28.813200396686295, "gamma": 0.0001}, "datetime": {"datetime": "2021-09-18 10:03:32", "elapsed": 4800.157482, "delta": 10.151289}}
{"target": -5.25413859651435, "params": {"C": 17.168933999787367, "epsilon": 2.8709201244699187, "gamma": 1.5150384214449775}, "datetime": {"datetime": "2021-09-18 10:03:43", "elapsed": 4810.805757, "delta": 10.648275}}
{"target": -5.719048147516195, "params": {"C": 17.08464501703058, "epsilon": 0.001, "gamma": 0.0001}, "datetime": {"datetime": "2021-09-18 10:03:52", "elapsed": 4819.669526, "delta": 8.863769}}
{"target": -4.756234946105193, "params": {"C": 17.762981167767293, "epsilon": 0.05034377323504222, "gamma": 1.4855684157978102}, "datetime": {"datetime": "2021-09-18 10:04:04", "elapsed": 4831.89534, "delta": 12.225814}}
{"target": -3.543546039942504, "params": {"C": 17.26242644538395, "epsilon": 0.7476210226282823, "gamma": 0.6604383901038382}, "datetime": {"datetime": "2021-09-18 10:04:14", "elapsed": 4841.882393, "delta": 9.987053}}
{"target": -9.319078947368421, "params": {"C": 44.07111078846683, "epsilon": 24.218598841101446, "gamma": 0.19733666686430806}, "datetime": {"datetime": "2021-09-18 10:04:27", "elapsed": 4854.665183, "delta": 12.78279}}
{"target": -9.319078947368421, "params": {"C": 39.306069366707916, "epsilon": 28.075338154581818, "gamma": 1.7773410765702455}, "datetime": {"datetime": "2021-09-18 10:04:42", "elapsed": 4869.525085, "delta": 14.859902}}
{"target": -2.578426577153772, "params": {"C": 33.15198650638782, "epsilon": 0.8689496711464504, "gamma": 0.011374184984739027}, "datetime": {"datetime": "2021-09-18 10:05:04", "elapsed": 4891.563186, "delta": 22.038101}}
{"target": -2.4555640407987047, "params": {"C": 8.93664790515919, "epsilon": 0.04718888552974789, "gamma": 0.038169031382442764}, "datetime": {"datetime": "2021-09-18 10:05:14", "elapsed": 4901.423954, "delta": 9.860768}}
{"target": -9.319078947368421, "params": {"C": 33.92178057904802, "epsilon": 27.794208683690556, "gamma": 3.0}, "datetime": {"datetime": "2021-09-18 10:05:30", "elapsed": 4917.913935, "delta": 16.489981}}
{"target": -6.486176822914806, "params": {"C": 9.142198160410851, "epsilon": 5.2374129722761475, "gamma": 0.0001}, "datetime": {"datetime": "2021-09-18 10:05:41", "elapsed": 4928.83507, "delta": 10.921135}}
{"target": -2.8320156575602873, "params": {"C": 47.7243361318038, "epsilon": 1.589815594790404, "gamma": 0.37621973953465293}, "datetime": {"datetime": "2021-09-18 10:05:54", "elapsed": 4941.737078, "delta": 12.902008}}
{"target": -9.522674245112224, "params": {"C": 34.1504993723147, "epsilon": 18.208717081392734, "gamma": 2.970045398734824}, "datetime": {"datetime": "2021-09-18 10:06:07", "elapsed": 4955.124578, "delta": 13.3875}}
{"target": -3.0365928584670328, "params": {"C": 32.3981863725198, "epsilon": 2.4066252424958283, "gamma": 0.4008971300165859}, "datetime": {"datetime": "2021-09-18 10:06:19", "elapsed": 4966.899162, "delta": 11.774584}}
{"target": -5.820893152760423, "params": {"C": 48.78836729889141, "epsilon": 1.3173879925964795, "gamma": 3.0}, "datetime": {"datetime": "2021-09-18 10:06:34", "elapsed": 4981.748865, "delta": 14.849703}}
{"target": -2.344027973445424, "params": {"C": 15.54579649717923, "epsilon": 0.06033050779748298, "gamma": 0.029168593499237817}, "datetime": {"datetime": "2021-09-18 10:06:48", "elapsed": 4995.829874, "delta": 14.081009}}
{"target": -8.416465424951872, "params": {"C": 28.901514837487515, "epsilon": 12.42120815969688, "gamma": 3.0}, "datetime": {"datetime": "2021-09-18 10:07:00", "elapsed": 5007.99666, "delta": 12.166786}}
{"target": -5.08810961966218, "params": {"C": 46.912876509353175, "epsilon": 4.092336796428071, "gamma": 0.0001}, "datetime": {"datetime": "2021-09-18 10:07:11", "elapsed": 5018.602599, "delta": 10.605939}}
{"target": -4.312826922667296, "params": {"C": 26.590695269639397, "epsilon": 0.6779715280419206, "gamma": 1.238669174193418}, "datetime": {"datetime": "2021-09-18 10:07:26", "elapsed": 5034.286072, "delta": 15.683473}}
{"target": -2.092574230290498, "params": {"C": 43.838347546120886, "epsilon": 0.5243413398449472, "gamma": 0.05581522798629457}, "datetime": {"datetime": "2021-09-18 10:07:39", "elapsed": 5047.02719, "delta": 12.741118}}
{"target": -9.568471913023672, "params": {"C": 17.432094161620622, "epsilon": 21.55824314868058, "gamma": 3.0}, "datetime": {"datetime": "2021-09-18 10:07:51", "elapsed": 5058.812981, "delta": 11.785791}}
{"target": -2.848993013284722, "params": {"C": 19.205848194055143, "epsilon": 1.5541062439604594, "gamma": 0.3597317141294646}, "datetime": {"datetime": "2021-09-18 10:08:01", "elapsed": 5068.912324, "delta": 10.099343}}
{"target": -6.734754853221219, "params": {"C": 6.88665291316285, "epsilon": 5.789653513115035, "gamma": 0.0001}, "datetime": {"datetime": "2021-09-18 10:08:10", "elapsed": 5077.987677, "delta": 9.075353}}
{"target": -9.319078947368421, "params": {"C": 5.796569611416784, "epsilon": 29.886035829393084, "gamma": 0.004936802067073955}, "datetime": {"datetime": "2021-09-18 10:08:19", "elapsed": 5086.536893, "delta": 8.549216}}
{"target": -6.940423807855585, "params": {"C": 8.928193553317515, "epsilon": 6.3534796355812215, "gamma": 3.0}, "datetime": {"datetime": "2021-09-18 10:08:27", "elapsed": 5095.218862, "delta": 8.681969}}
{"target": -4.969075724175664, "params": {"C": 10.795175052849789, "epsilon": 2.85259874887642, "gamma": 1.1283249021756572}, "datetime": {"datetime": "2021-09-18 10:08:46", "elapsed": 5114.118613, "delta": 18.899751}}
{"target": -8.54795842497383, "params": {"C": 40.23100857652173, "epsilon": 15.50648289130316, "gamma": 0.0001}, "datetime": {"datetime": "2021-09-18 10:09:06", "elapsed": 5134.282103, "delta": 20.16349}}
{"target": -8.90534827865397, "params": {"C": 43.274621732312816, "epsilon": 14.74476496587772, "gamma": 2.3880293195037243}, "datetime": {"datetime": "2021-09-18 10:09:20", "elapsed": 5148.06814, "delta": 13.786037}}
{"target": -9.319078947368421, "params": {"C": 15.71968945969234, "epsilon": 27.72244949733774, "gamma": 1.7052008300036552}, "datetime": {"datetime": "2021-09-18 10:09:33", "elapsed": 5161.249219, "delta": 13.181079}}
{"target": -7.111884329881799, "params": {"C": 19.01875145286468, "epsilon": 6.968847463228041, "gamma": 3.0}, "datetime": {"datetime": "2021-09-18 10:09:51", "elapsed": 5179.240849, "delta": 17.99163}}
{"target": -4.283299698517088, "params": {"C": 33.85536429155959, "epsilon": 5.042551129601665, "gamma": 0.0010570730338550984}, "datetime": {"datetime": "2021-09-18 10:23:39", "elapsed": 0.0, "delta": 0.0}}
{"target": -2.285771277220058, "params": {"C": 26.744619503174064, "epsilon": 1.028144479828974, "gamma": 0.0470769587896301}, "datetime": {"datetime": "2021-09-18 10:23:39", "elapsed": 0.029999, "delta": 0.029999}}
{"target": -2.639474547947316, "params": {"C": 19.548133105415594, "epsilon": 2.419579528574291, "gamma": 0.1989869696411043}, "datetime": {"datetime": "2021-09-18 10:23:39", "elapsed": 0.047997, "delta": 0.017998}}
{"target": -3.092966578249177, "params": {"C": 41.40663750820813, "epsilon": 2.93494240630866, "gamma": 0.342924530697983}, "datetime": {"datetime": "2021-09-18 10:23:39", "elapsed": 0.063996, "delta": 0.015999}}
{"target": -3.4087191668856582, "params": {"C": 20.67603948335408, "epsilon": 6.146943937300227, "gamma": 0.014666409005765154}, "datetime": {"datetime": "2021-09-18 10:23:39", "elapsed": 0.074994, "delta": 0.010998}}
{"target": -2.9825694768939646, "params": {"C": 49.56898563106094, "epsilon": 2.9217163117675216, "gamma": 0.27978622439443007}, "datetime": {"datetime": "2021-09-18 10:23:39", "elapsed": 0.092997, "delta": 0.018003}}
{"target": -3.0253593977841096, "params": {"C": 16.70399019290449, "epsilon": 1.3875123221050665, "gamma": 0.4005715397690928}, "datetime": {"datetime": "2021-09-18 10:23:39", "elapsed": 0.115998, "delta": 0.023001}}
{"target": -2.9221354465639835, "params": {"C": 68.03221769460265, "epsilon": 2.1946558229365403, "gamma": 0.3464689852189877}, "datetime": {"datetime": "2021-09-18 10:23:39", "elapsed": 0.137001, "delta": 0.021003}}
{"target": -3.451332570095598, "params": {"C": 62.336127442354375, "epsilon": 6.262352037863428, "gamma": 0.04343706147351918}, "datetime": {"datetime": "2021-09-18 10:23:39", "elapsed": 0.142998, "delta": 0.005997}}
{"target": -3.357125624090024, "params": {"C": 10.421396560438707, "epsilon": 1.1896431065324176, "gamma": 0.43919310921127713}, "datetime": {"datetime": "2021-09-18 10:23:39", "elapsed": 0.166998, "delta": 0.024}}
{"target": -2.2500181218807365, "params": {"C": 25.53617523996298, "epsilon": 1.1451104576707658, "gamma": 0.07644343849850929}, "datetime": {"datetime": "2021-09-18 10:23:40", "elapsed": 0.665038, "delta": 0.49804}}
{"target": -2.4683281455180777, "params": {"C": 22.114416122030654, "epsilon": 0.05881414073361123, "gamma": 0.288466275557951}, "datetime": {"datetime": "2021-09-18 10:23:40", "elapsed": 0.890998, "delta": 0.22596}}
{"target": -2.919936936283314, "params": {"C": 56.09073613002265, "epsilon": 0.001, "gamma": 0.5}, "datetime": {"datetime": "2021-09-18 10:23:40", "elapsed": 1.132005, "delta": 0.241007}}
{"target": -3.8481252884077524, "params": {"C": 26.116383115118932, "epsilon": 3.8809869319903014, "gamma": 0.5}, "datetime": {"datetime": "2021-09-18 10:23:41", "elapsed": 1.312035, "delta": 0.18003}}
{"target": -2.3408414655467333, "params": {"C": 25.530746832287363, "epsilon": 0.013357743089340266, "gamma": 0.2221413207191709}, "datetime": {"datetime": "2021-09-18 10:23:41", "elapsed": 1.700001, "delta": 0.387966}}
{"target": -2.1493312032302447, "params": {"C": 28.861136855799682, "epsilon": 0.011589770958586789, "gamma": 0.06969818319277765}, "datetime": {"datetime": "2021-09-18 10:23:41", "elapsed": 1.967923, "delta": 0.267922}}
{"target": -2.856398406959228, "params": {"C": 31.147518385479096, "epsilon": 0.001, "gamma": 0.5}, "datetime": {"datetime": "2021-09-18 10:23:42", "elapsed": 2.22306, "delta": 0.255137}}
{"target": -5.358713472993847, "params": {"C": 53.843412917918506, "epsilon": 7.0, "gamma": 0.5}, "datetime": {"datetime": "2021-09-18 10:23:42", "elapsed": 2.456054, "delta": 0.232994}}
{"target": -2.7797390016657086, "params": {"C": 45.74286027982236, "epsilon": 0.015817287754607914, "gamma": 0.455423693948229}, "datetime": {"datetime": "2021-09-18 10:23:42", "elapsed": 2.718065, "delta": 0.262011}}
{"target": -4.14791292218667, "params": {"C": 69.92089558271186, "epsilon": 6.81655280000656, "gamma": 0.0894480377509082}, "datetime": {"datetime": "2021-09-18 10:23:42", "elapsed": 2.92706, "delta": 0.208995}}
{"target": -2.9338893656544855, "params": {"C": 63.1978444370815, "epsilon": 0.001, "gamma": 0.5}, "datetime": {"datetime": "2021-09-18 10:23:43", "elapsed": 3.210428, "delta": 0.283368}}
{"target": -5.511885297677544, "params": {"C": 8.135384102995324, "epsilon": 6.9966670802775885, "gamma": 0.4531209575104353}, "datetime": {"datetime": "2021-09-18 10:23:43", "elapsed": 3.469387, "delta": 0.258959}}
