{"target": -2.2344813897793276, "params": {"C": 98.46352259195906, "epsilon": 0.1398924907226197, "gamma": 0.11334795569582042}, "datetime": {"datetime": "2021-09-19 09:02:17", "elapsed": 179.035225, "delta": 0.878463}}
{"target": -2.0057183875443, "params": {"C": 79.32515984348348, "epsilon": 0.07894527104236539, "gamma": 0.041100208373533814}, "datetime": {"datetime": "2021-09-19 09:02:18", "elapsed": 180.742874, "delta": 1.707649}}
{"target": -1.957339296839027, "params": {"C": 87.00361542868734, "epsilon": 0.1678523181075237, "gamma": 0.0662310547746911}, "datetime": {"datetime": "2021-09-19 09:02:20", "elapsed": 182.162166, "delta": 1.419292}}
{"target": -1.944884123059863, "params": {"C": 93.23153529558232, "epsilon": 0.1502924785280228, "gamma": 0.061471326108096636}, "datetime": {"datetime": "2021-09-19 09:02:21", "elapsed": 183.043834, "delta": 0.881668}}
{"target": -2.0018778836167868, "params": {"C": 118.77592978610726, "epsilon": 0.08697550908945806, "gamma": 0.03234480012062374}, "datetime": {"datetime": "2021-09-19 09:02:22", "elapsed": 183.928844, "delta": 0.88501}}
{"target": -2.140120257016783, "params": {"C": 96.59350854468931, "epsilon": 0.10393726475203632, "gamma": 0.02063496386197814}, "datetime": {"datetime": "2021-09-19 09:02:22", "elapsed": 184.785596, "delta": 0.856752}}
{"target": -2.2225616140904494, "params": {"C": 89.15528308177876, "epsilon": 0.2250720953891519, "gamma": 0.11157917197705984}, "datetime": {"datetime": "2021-09-19 09:02:23", "elapsed": 185.679228, "delta": 0.893632}}
{"target": -2.0539210124862293, "params": {"C": 93.23409889797396, "epsilon": 0.18149704096452096, "gamma": 0.08168694333399006}, "datetime": {"datetime": "2021-09-19 09:02:25", "elapsed": 187.545126, "delta": 1.865898}}
{"target": -1.9666161569753642, "params": {"C": 86.86410297356397, "epsilon": 0.025550577197597804, "gamma": 0.07065692536155571}, "datetime": {"datetime": "2021-09-19 09:02:27", "elapsed": 189.579077, "delta": 2.033951}}
{"target": -2.0581946166299767, "params": {"C": 93.2147864238093, "epsilon": 0.1307226999068403, "gamma": 0.0274530532251945}, "datetime": {"datetime": "2021-09-19 09:02:29", "elapsed": 191.082832, "delta": 1.503755}}
{"target": -2.0480682416781693, "params": {"C": 116.89585541182564, "epsilon": 0.13116732762061423, "gamma": 0.025204205933601294}, "datetime": {"datetime": "2021-09-19 09:02:30", "elapsed": 192.615605, "delta": 1.532773}}
{"target": -2.089339859331899, "params": {"C": 93.2167763903691, "epsilon": 0.1129001610896747, "gamma": 0.08638873283461271}, "datetime": {"datetime": "2021-09-19 09:02:32", "elapsed": 194.076753, "delta": 1.461148}}
{"target": -2.052917457509094, "params": {"C": 116.88609570140417, "epsilon": 0.19683972629611302, "gamma": 0.024519230296895917}, "datetime": {"datetime": "2021-09-19 09:02:33", "elapsed": 195.779464, "delta": 1.702711}}
{"target": -2.007074565015467, "params": {"C": 87.02729982934653, "epsilon": 0.14473118216411582, "gamma": 0.07462201962926608}, "datetime": {"datetime": "2021-09-19 09:02:35", "elapsed": 197.833751, "delta": 2.054287}}
{"target": -1.9347828185996172, "params": {"C": 115.0933259476538, "epsilon": 0.02823547165205008, "gamma": 0.05207854465511834}, "datetime": {"datetime": "2021-09-19 09:02:37", "elapsed": 199.546085, "delta": 1.712334}}
{"target": -1.936516510628002, "params": {"C": 103.64151063611324, "epsilon": 0.07927174569847284, "gamma": 0.052779586564422665}, "datetime": {"datetime": "2021-09-19 09:02:38", "elapsed": 200.421083, "delta": 0.874998}}
{"target": -2.012798287085403, "params": {"C": 103.67048665535805, "epsilon": 0.09405741180085037, "gamma": 0.0734233437389565}, "datetime": {"datetime": "2021-09-19 09:02:40", "elapsed": 201.903995, "delta": 1.482912}}
{"target": -1.9586914537622984, "params": {"C": 103.61202974642303, "epsilon": 0.04984830632411068, "gamma": 0.06628095767647083}, "datetime": {"datetime": "2021-09-19 09:02:41", "elapsed": 203.483445, "delta": 1.57945}}
{"target": -2.2950857904824495, "params": {"C": 87.90291876346566, "epsilon": 0.24800766580577566, "gamma": 0.1245348485571065}, "datetime": {"datetime": "2021-09-19 09:02:42", "elapsed": 204.434262, "delta": 0.950817}}
{"target": -2.039866139113442, "params": {"C": 115.10342359951846, "epsilon": 0.04005478104038709, "gamma": 0.07629986308746611}, "datetime": {"datetime": "2021-09-19 09:02:44", "elapsed": 205.916093, "delta": 1.481831}}
{"target": -2.037243546488472, "params": {"C": 103.66191631178073, "epsilon": 0.05314368068816732, "gamma": 0.07704397358374797}, "datetime": {"datetime": "2021-09-19 09:02:45", "elapsed": 207.484896, "delta": 1.568803}}
{"target": -1.9982663893448565, "params": {"C": 103.61855330806145, "epsilon": 0.12535039795328162, "gamma": 0.03614367896027893}, "datetime": {"datetime": "2021-09-19 09:02:47", "elapsed": 208.988159, "delta": 1.503263}}
{"target": -1.9571687230739572, "params": {"C": 86.98587050951875, "epsilon": 0.20328732249958353, "gamma": 0.0605848857601151}, "datetime": {"datetime": "2021-09-19 09:02:48", "elapsed": 210.425764, "delta": 1.437605}}
{"target": -2.007032892700144, "params": {"C": 103.67143163652996, "epsilon": 0.06945289575771904, "gamma": 0.03399153194563641}, "datetime": {"datetime": "2021-09-19 09:02:50", "elapsed": 212.118834, "delta": 1.69307}}
{"target": -2.0305901890586977, "params": {"C": 103.61377837314109, "epsilon": 0.08900791532096994, "gamma": 0.07594114026007684}, "datetime": {"datetime": "2021-09-19 09:02:51", "elapsed": 213.513661, "delta": 1.394827}}
{"target": -2.083674478963395, "params": {"C": 103.616647289348, "epsilon": 0.0654287584886297, "gamma": 0.024771071099914575}, "datetime": {"datetime": "2021-09-19 09:02:53", "elapsed": 215.531571, "delta": 2.01791}}
{"target": -1.9672482755544067, "params": {"C": 115.0518556612978, "epsilon": 0.024133525225671464, "gamma": 0.06731233667236636}, "datetime": {"datetime": "2021-09-19 09:02:55", "elapsed": 217.113684, "delta": 1.582113}}
{"target": -2.1783209649715753, "params": {"C": 116.262907877799, "epsilon": 0.2342257147385685, "gamma": 0.09863023011369722}, "datetime": {"datetime": "2021-09-19 09:02:56", "elapsed": 218.088262, "delta": 0.974578}}
{"target": -1.9541878831302142, "params": {"C": 80.01439256171255, "epsilon": 0.21715170830933977, "gamma": 0.05749206573658473}, "datetime": {"datetime": "2021-09-19 09:02:57", "elapsed": 219.076434, "delta": 0.988172}}
{"target": -2.3594764270534974, "params": {"C": 91.46946258332643, "epsilon": 0.23507986129500677, "gamma": 0.1375553668885804}, "datetime": {"datetime": "2021-09-19 09:02:58", "elapsed": 220.082046, "delta": 1.005612}}
{"target": -1.9569004588199923, "params": {"C": 80.00634443531257, "epsilon": 0.1753944911588323, "gamma": 0.0640759389551804}, "datetime": {"datetime": "2021-09-19 09:03:00", "elapsed": 222.120286, "delta": 2.03824}}
{"target": -2.0824416567280695, "params": {"C": 79.98456639859329, "epsilon": 0.20548786798311935, "gamma": 0.08918431459060887}, "datetime": {"datetime": "2021-09-19 09:03:01", "elapsed": 223.620586, "delta": 1.5003}}
{"target": -2.0319280443077834, "params": {"C": 80.03613010103007, "epsilon": 0.16822305097353282, "gamma": 0.033572066268400313}, "datetime": {"datetime": "2021-09-19 09:03:03", "elapsed": 225.594459, "delta": 1.973873}}
{"target": -1.9873210730530477, "params": {"C": 72.9152192531275, "epsilon": 0.14087582640110805, "gamma": 0.07514661742002851}, "datetime": {"datetime": "2021-09-19 09:03:04", "elapsed": 226.594499, "delta": 1.00004}}
{"target": -2.1323273596838903, "params": {"C": 115.08076523015704, "epsilon": 0.04143723769369166, "gamma": 0.02027189577404765}, "datetime": {"datetime": "2021-09-19 09:03:06", "elapsed": 228.811796, "delta": 2.217297}}
{"target": -2.0080295378981066, "params": {"C": 80.04382129303278, "epsilon": 0.19986538571455437, "gamma": 0.07503439960275445}, "datetime": {"datetime": "2021-09-19 09:03:08", "elapsed": 230.619833, "delta": 1.808037}}
{"target": -1.9754363762821103, "params": {"C": 118.5342877247066, "epsilon": 0.2530308048970473, "gamma": 0.059459094680240465}, "datetime": {"datetime": "2021-09-19 09:03:09", "elapsed": 231.653326, "delta": 1.033493}}
{"target": -1.9520274154930775, "params": {"C": 86.9607838808471, "epsilon": 0.1765485062679376, "gamma": 0.05987715250656833}, "datetime": {"datetime": "2021-09-19 09:03:11", "elapsed": 233.305176, "delta": 1.65185}}
{"target": -2.096018853003342, "params": {"C": 93.25823013754946, "epsilon": 0.17077560903245134, "gamma": 0.024147229558383047}, "datetime": {"datetime": "2021-09-19 09:03:13", "elapsed": 235.000389, "delta": 1.695213}}
{"target": -1.9689380096090496, "params": {"C": 115.07899761698505, "epsilon": 0.00513670699935128, "gamma": 0.06811476262300539}, "datetime": {"datetime": "2021-09-19 09:03:14", "elapsed": 236.682622, "delta": 1.682233}}
{"target": -2.0343235324792692, "params": {"C": 86.98923514496431, "epsilon": 0.15403400982175655, "gamma": 0.03154413452604832}, "datetime": {"datetime": "2021-09-19 09:03:16", "elapsed": 238.422621, "delta": 1.739999}}
{"target": -2.1676948321888254, "params": {"C": 86.9842250640989, "epsilon": 0.17463662330227706, "gamma": 0.09876144066444686}, "datetime": {"datetime": "2021-09-19 09:03:18", "elapsed": 240.233628, "delta": 1.811007}}
{"target": -1.967147217402654, "params": {"C": 87.03386107389815, "epsilon": 0.1973906489643459, "gamma": 0.047097279229209726}, "datetime": {"datetime": "2021-09-19 09:03:19", "elapsed": 241.841819, "delta": 1.608191}}
{"target": -2.2924224576869685, "params": {"C": 94.4669452694618, "epsilon": 0.2610468562228398, "gamma": 0.12182116585816921}, "datetime": {"datetime": "2021-09-19 09:03:20", "elapsed": 242.865863, "delta": 1.024044}}
{"target": -2.0246451317707694, "params": {"C": 86.93469114814627, "epsilon": 0.20998014941934812, "gamma": 0.03343543912726625}, "datetime": {"datetime": "2021-09-19 09:03:22", "elapsed": 244.832873, "delta": 1.96701}}
{"target": -1.955049551626477, "params": {"C": 109.29923874515777, "epsilon": 0.2840703386551439, "gamma": 0.05652078694351326}, "datetime": {"datetime": "2021-09-19 09:03:24", "elapsed": 245.90186, "delta": 1.068987}}
{"target": -2.04898002408657, "params": {"C": 79.99246198894744, "epsilon": 0.19254566464787717, "gamma": 0.030114846112145488}, "datetime": {"datetime": "2021-09-19 09:03:26", "elapsed": 248.088673, "delta": 2.186813}}
{"target": -2.1754410729463953, "params": {"C": 113.88852985970836, "epsilon": 0.073836189968589, "gamma": 0.09974430486043964}, "datetime": {"datetime": "2021-09-19 09:03:27", "elapsed": 249.193006, "delta": 1.104333}}
{"target": -2.358392064368648, "params": {"C": 89.19041337892698, "epsilon": 0.08640501367906157, "gamma": 0.14180364080225524}, "datetime": {"datetime": "2021-09-19 09:03:28", "elapsed": 250.253771, "delta": 1.060765}}
{"target": -2.0968668497995075, "params": {"C": 109.26965620712211, "epsilon": 0.2713446386140722, "gamma": 0.021577523767900536}, "datetime": {"datetime": "2021-09-19 09:03:30", "elapsed": 252.09137, "delta": 1.837599}}
{"target": -2.0841667509179005, "params": {"C": 108.38260839742276, "epsilon": 0.08900143818235727, "gamma": 0.024044111350763377}, "datetime": {"datetime": "2021-09-19 09:03:31", "elapsed": 253.165012, "delta": 1.073642}}
{"target": -2.1818595584652845, "params": {"C": 109.27768492961427, "epsilon": 0.2849340585732949, "gamma": 0.09762954188151302}, "datetime": {"datetime": "2021-09-19 09:03:32", "elapsed": 254.867896, "delta": 1.702884}}
{"target": -2.3802955081903283, "params": {"C": 89.13106612912972, "epsilon": 0.027884859257942936, "gamma": 0.14861445258916103}, "datetime": {"datetime": "2021-09-19 09:03:34", "elapsed": 255.934213, "delta": 1.066317}}
{"target": -2.3636201397125673, "params": {"C": 84.8646013247468, "epsilon": 0.023468882332573177, "gamma": 0.1469913036148316}, "datetime": {"datetime": "2021-09-19 09:03:35", "elapsed": 257.013089, "delta": 1.078876}}
{"target": -2.16036487481972, "params": {"C": 107.17431254404401, "epsilon": 0.19594208377192793, "gamma": 0.09413695141105735}, "datetime": {"datetime": "2021-09-19 09:03:36", "elapsed": 258.108964, "delta": 1.095875}}
{"target": -1.9409086117110028, "params": {"C": 81.49295344022704, "epsilon": 0.04362128568021364, "gamma": 0.05184695841476619}, "datetime": {"datetime": "2021-09-19 09:03:37", "elapsed": 259.191698, "delta": 1.082734}}
{"target": -1.9997412762096003, "params": {"C": 81.44456401593669, "epsilon": 0.07427621668840098, "gamma": 0.04238690951180314}, "datetime": {"datetime": "2021-09-19 09:03:39", "elapsed": 261.036677, "delta": 1.844979}}
{"target": -2.041371859458204, "params": {"C": 74.47598425207174, "epsilon": 0.07356707799817859, "gamma": 0.0835848647391611}, "datetime": {"datetime": "2021-09-19 09:03:40", "elapsed": 262.116792, "delta": 1.080115}}
{"target": -2.028169308364089, "params": {"C": 81.45419537557477, "epsilon": 0.03210315322843709, "gamma": 0.0346508845825072}, "datetime": {"datetime": "2021-09-19 09:03:42", "elapsed": 264.168013, "delta": 2.051221}}
{"target": -2.198237850661993, "params": {"C": 77.76889205781127, "epsilon": 0.13879197808883692, "gamma": 0.10645169237125679}, "datetime": {"datetime": "2021-09-19 09:03:43", "elapsed": 265.295918, "delta": 1.127905}}
{"target": -2.0636308599189785, "params": {"C": 119.39552258919795, "epsilon": 0.26493278284078436, "gamma": 0.0756360710271041}, "datetime": {"datetime": "2021-09-19 09:03:44", "elapsed": 266.420884, "delta": 1.124966}}
{"target": -1.9684287362813553, "params": {"C": 109.33618203461843, "epsilon": 0.2911837376350581, "gamma": 0.042502206664252626}, "datetime": {"datetime": "2021-09-19 09:03:47", "elapsed": 269.61586, "delta": 3.194976}}
{"target": -2.004788700751179, "params": {"C": 81.52619355479688, "epsilon": 0.05363609083102731, "gamma": 0.04123768331155436}, "datetime": {"datetime": "2021-09-19 09:03:50", "elapsed": 272.18377, "delta": 2.56791}}
{"target": -2.0141379424018226, "params": {"C": 81.48606392022064, "epsilon": 0.09244756926133262, "gamma": 0.0371927825665348}, "datetime": {"datetime": "2021-09-19 09:03:52", "elapsed": 274.220102, "delta": 2.036332}}
{"target": -1.9687503394798203, "params": {"C": 80.04534781136933, "epsilon": 0.25722142916600005, "gamma": 0.0642679668121288}, "datetime": {"datetime": "2021-09-19 09:03:54", "elapsed": 276.348021, "delta": 2.127919}}
{"target": -2.304833639842017, "params": {"C": 103.92444305963204, "epsilon": 0.15533363778255038, "gamma": 0.12495339212920445}, "datetime": {"datetime": "2021-09-19 09:03:55", "elapsed": 277.49122, "delta": 1.143199}}
{"target": -1.9585737571441744, "params": {"C": 86.99541650652114, "epsilon": 0.252383561158603, "gamma": 0.05479974440362752}, "datetime": {"datetime": "2021-09-19 09:03:57", "elapsed": 279.64641, "delta": 2.15519}}
{"target": -1.9648226323912177, "params": {"C": 109.3259056818395, "epsilon": 0.2559224107226622, "gamma": 0.04409045139897312}, "datetime": {"datetime": "2021-09-19 09:03:59", "elapsed": 281.576707, "delta": 1.930297}}
{"target": -2.118496133746338, "params": {"C": 80.00103545503664, "epsilon": 0.26703009931868094, "gamma": 0.021674577748173877}, "datetime": {"datetime": "2021-09-19 09:04:01", "elapsed": 283.656948, "delta": 2.080241}}
{"target": -2.054664785557458, "params": {"C": 113.73868521481182, "epsilon": 0.19136321062947334, "gamma": 0.07740900678309184}, "datetime": {"datetime": "2021-09-19 09:04:02", "elapsed": 284.846624, "delta": 1.189676}}
{"target": -2.0189700815392713, "params": {"C": 87.05724477820075, "epsilon": 0.26233959292622067, "gamma": 0.036802677354491865}, "datetime": {"datetime": "2021-09-19 09:04:05", "elapsed": 287.038045, "delta": 2.191421}}
{"target": -2.0011088272900013, "params": {"C": 108.69566756531674, "epsilon": 0.09977263623354615, "gamma": 0.034469505691685436}, "datetime": {"datetime": "2021-09-19 09:04:06", "elapsed": 288.119023, "delta": 1.080978}}
{"target": -2.0195202045587775, "params": {"C": 94.06335660885247, "epsilon": 0.0736288081697102, "gamma": 0.03323997666430532}, "datetime": {"datetime": "2021-09-19 09:04:07", "elapsed": 289.324658, "delta": 1.205635}}
{"target": -2.1165443435359554, "params": {"C": 87.00099121592109, "epsilon": 0.27337422064744377, "gamma": 0.021769852214335535}, "datetime": {"datetime": "2021-09-19 09:04:09", "elapsed": 291.71759, "delta": 2.392932}}
{"target": -2.191575654134465, "params": {"C": 86.91782650815504, "epsilon": 0.23065733263414231, "gamma": 0.10405445592808323}, "datetime": {"datetime": "2021-09-19 09:04:11", "elapsed": 292.905085, "delta": 1.187495}}
{"target": -2.122412031051185, "params": {"C": 109.3550756969629, "epsilon": 0.28001256135312075, "gamma": 0.08494020639838289}, "datetime": {"datetime": "2021-09-19 09:04:12", "elapsed": 294.877777, "delta": 1.972692}}
{"target": -2.0992510088067475, "params": {"C": 118.52529390691342, "epsilon": 0.2782942281176211, "gamma": 0.020723051056086978}, "datetime": {"datetime": "2021-09-19 09:04:15", "elapsed": 297.006154, "delta": 2.128377}}
{"target": -2.0700312176339617, "params": {"C": 87.05046246965304, "epsilon": 0.23168034890480385, "gamma": 0.08465729476176263}, "datetime": {"datetime": "2021-09-19 09:04:18", "elapsed": 300.038651, "delta": 3.032497}}
{"target": -2.3090764954803658, "params": {"C": 118.54518258405216, "epsilon": 0.2557902125006357, "gamma": 0.11941261047306893}, "datetime": {"datetime": "2021-09-19 09:04:20", "elapsed": 302.119589, "delta": 2.080938}}
{"target": -2.1559762084661678, "params": {"C": 81.49793720522666, "epsilon": 0.03163538191463779, "gamma": 0.021043578036575816}, "datetime": {"datetime": "2021-09-19 09:04:22", "elapsed": 304.080094, "delta": 1.960505}}
{"target": -1.9201991444266617, "params": {"C": 76.4432328222074, "epsilon": 0.005, "gamma": 0.05747721886261974}, "datetime": {"datetime": "2021-09-19 09:04:24", "elapsed": 306.865431, "delta": 2.785337}}
{"target": -1.9822052491475146, "params": {"C": 118.54378547430841, "epsilon": 0.2204707823253692, "gamma": 0.03507019502084457}, "datetime": {"datetime": "2021-09-19 09:04:27", "elapsed": 309.659241, "delta": 2.79381}}
{"target": -2.0436117380748406, "params": {"C": 98.35040781494831, "epsilon": 0.09604825340515635, "gamma": 0.07852684198145034}, "datetime": {"datetime": "2021-09-19 09:04:29", "elapsed": 310.884901, "delta": 1.22566}}
{"target": -2.389764890322434, "params": {"C": 116.52461010562358, "epsilon": 0.2791022370144864, "gamma": 0.1357457974502814}, "datetime": {"datetime": "2021-09-19 09:04:30", "elapsed": 312.146901, "delta": 1.262}}
{"target": -1.9554778625076406, "params": {"C": 81.47130124470074, "epsilon": 0.0668122465767967, "gamma": 0.06694726988232896}, "datetime": {"datetime": "2021-09-19 09:04:32", "elapsed": 314.202901, "delta": 2.056}}
{"target": -2.0366549296176752, "params": {"C": 116.80335794877516, "epsilon": 0.24141777072071988, "gamma": 0.07328964188320543}, "datetime": {"datetime": "2021-09-19 09:04:33", "elapsed": 315.467169, "delta": 1.264268}}
{"target": -2.058207364631685, "params": {"C": 86.98877289850432, "epsilon": 0.2220744926056533, "gamma": 0.02806554505401108}, "datetime": {"datetime": "2021-09-19 09:04:35", "elapsed": 317.742383, "delta": 2.275214}}
{"target": -1.9596039998798194, "params": {"C": 102.268541115841, "epsilon": 0.2692802229472948, "gamma": 0.05208576503063979}, "datetime": {"datetime": "2021-09-19 09:04:37", "elapsed": 319.007082, "delta": 1.264699}}
{"target": -2.0367740698225574, "params": {"C": 102.24524421572515, "epsilon": 0.23102114180172426, "gamma": 0.028617812573488235}, "datetime": {"datetime": "2021-09-19 09:04:40", "elapsed": 322.055673, "delta": 3.048591}}
{"target": -2.302651685149612, "params": {"C": 88.85987333442894, "epsilon": 0.10252591973050186, "gamma": 0.1283182020259528}, "datetime": {"datetime": "2021-09-19 09:04:41", "elapsed": 323.231411, "delta": 1.175738}}
{"target": -2.0604268810766833, "params": {"C": 102.31233270172854, "epsilon": 0.28432996295950724, "gamma": 0.0784998112631253}, "datetime": {"datetime": "2021-09-19 09:04:44", "elapsed": 326.246819, "delta": 3.015408}}
{"target": -1.9454303249686173, "params": {"C": 116.23949384334426, "epsilon": 0.21212671320828777, "gamma": 0.04900677768884634}, "datetime": {"datetime": "2021-09-19 09:04:45", "elapsed": 327.416585, "delta": 1.169766}}
{"target": -1.9616368135261748, "params": {"C": 116.21339645211845, "epsilon": 0.18493307432957584, "gamma": 0.039496966881852474}, "datetime": {"datetime": "2021-09-19 09:04:47", "elapsed": 329.811212, "delta": 2.394627}}
{"target": -1.9538464031886678, "params": {"C": 116.2733358201857, "epsilon": 0.15820058654392893, "gamma": 0.04523014027743069}, "datetime": {"datetime": "2021-09-19 09:04:50", "elapsed": 332.101305, "delta": 2.290093}}
{"target": -2.14518964313488, "params": {"C": 78.18647802032949, "epsilon": 0.035010916325940514, "gamma": 0.09781332535818335}, "datetime": {"datetime": "2021-09-19 09:04:51", "elapsed": 333.276731, "delta": 1.175426}}
{"target": -1.9582543139756634, "params": {"C": 116.24420441894827, "epsilon": 0.13779269619695197, "gamma": 0.06088609458196355}, "datetime": {"datetime": "2021-09-19 09:04:54", "elapsed": 336.779219, "delta": 3.502488}}
{"target": -2.1160202202092395, "params": {"C": 116.26631133418627, "epsilon": 0.12810476301289075, "gamma": 0.02057628128705556}, "datetime": {"datetime": "2021-09-19 09:04:57", "elapsed": 339.236735, "delta": 2.457516}}
{"target": -2.1991413040971266, "params": {"C": 116.25196032949309, "epsilon": 0.14608847960599713, "gamma": 0.10357540358349777}, "datetime": {"datetime": "2021-09-19 09:04:59", "elapsed": 341.692883, "delta": 2.456148}}
{"target": -2.089452548363665, "params": {"C": 116.23516413889058, "epsilon": 0.24297293109447485, "gamma": 0.02194254531352253}, "datetime": {"datetime": "2021-09-19 09:05:02", "elapsed": 343.908055, "delta": 2.215172}}
