{"target": -2.4682729166671455, "params": {"C": 140.88165553677146, "epsilon": 0.021648877594179824, "gamma": 0.19767164408049065}, "datetime": {"datetime": "2021-09-19 08:38:58", "elapsed": 459.859815, "delta": 1.660472}}
{"target": -2.067478125031013, "params": {"C": 101.48787660511064, "epsilon": 0.02055002337713359, "gamma": 0.07942075540293472}, "datetime": {"datetime": "2021-09-19 08:39:02", "elapsed": 463.320154, "delta": 3.460339}}
{"target": -2.1118351132571527, "params": {"C": 191.4418884735158, "epsilon": 0.06397064430769216, "gamma": 0.05453946529441456}, "datetime": {"datetime": "2021-09-19 08:39:03", "elapsed": 464.845779, "delta": 1.525625}}
{"target": -2.2418434745892863, "params": {"C": 122.56328033250689, "epsilon": 0.14859167047253602, "gamma": 0.13133185778076448}, "datetime": {"datetime": "2021-09-19 08:39:06", "elapsed": 467.536317, "delta": 2.690538}}
{"target": -2.1996586969164498, "params": {"C": 101.47544378567879, "epsilon": 0.0624235929566032, "gamma": 0.12100001076799716}, "datetime": {"datetime": "2021-09-19 08:39:08", "elapsed": 469.336581, "delta": 1.800264}}
{"target": -2.048978126606396, "params": {"C": 101.54941859620084, "epsilon": 0.09811570028543021, "gamma": 0.06757096812380871}, "datetime": {"datetime": "2021-09-19 08:39:09", "elapsed": 470.986646, "delta": 1.650065}}
{"target": -2.1431216218039766, "params": {"C": 105.8325683246094, "epsilon": 0.08003074009758676, "gamma": 0.10326513196599076}, "datetime": {"datetime": "2021-09-19 08:39:10", "elapsed": 471.939769, "delta": 0.953123}}
{"target": -2.1375816663929146, "params": {"C": 101.56094596905194, "epsilon": 0.14651174456084656, "gamma": 0.10465653531211808}, "datetime": {"datetime": "2021-09-19 08:39:12", "elapsed": 473.187908, "delta": 1.248139}}
{"target": -2.22462551270621, "params": {"C": 139.89098860475787, "epsilon": 0.1055793278155893, "gamma": 0.03}, "datetime": {"datetime": "2021-09-19 08:39:15", "elapsed": 476.504404, "delta": 3.316496}}
{"target": -2.4181719110479976, "params": {"C": 121.31161697411905, "epsilon": 0.06773172069191326, "gamma": 0.17687686398659935}, "datetime": {"datetime": "2021-09-19 08:39:16", "elapsed": 477.826214, "delta": 1.32181}}
{"target": -2.1168325340574663, "params": {"C": 163.8473072694344, "epsilon": 0.03476557870135077, "gamma": 0.07716755811903613}, "datetime": {"datetime": "2021-09-19 08:39:19", "elapsed": 480.961861, "delta": 3.135647}}
{"target": -2.120917403714031, "params": {"C": 139.031979911093, "epsilon": 0.06942398549511486, "gamma": 0.037500364157886615}, "datetime": {"datetime": "2021-09-19 08:39:23", "elapsed": 484.184271, "delta": 3.22241}}
{"target": -2.443870730377052, "params": {"C": 105.9299649104425, "epsilon": 0.14394828298200413, "gamma": 0.19333629781845213}, "datetime": {"datetime": "2021-09-19 08:39:24", "elapsed": 485.657876, "delta": 1.473605}}
{"target": -2.1912999835382876, "params": {"C": 119.39233183666428, "epsilon": 0.12049448030644853, "gamma": 0.032924452638443166}, "datetime": {"datetime": "2021-09-19 08:39:27", "elapsed": 488.084028, "delta": 2.426152}}
{"target": -2.0724902334367767, "params": {"C": 169.83598070468219, "epsilon": 0.11034454119628881, "gamma": 0.044131660247100614}, "datetime": {"datetime": "2021-09-19 08:39:30", "elapsed": 491.388738, "delta": 3.30471}}
{"target": -2.2780121894471557, "params": {"C": 169.81879496890303, "epsilon": 0.0691551455708332, "gamma": 0.12902178801469769}, "datetime": {"datetime": "2021-09-19 08:39:33", "elapsed": 494.126176, "delta": 2.737438}}
{"target": -2.4449700916811867, "params": {"C": 120.09541318731468, "epsilon": 0.07497012612316153, "gamma": 0.18813595502376135}, "datetime": {"datetime": "2021-09-19 08:39:34", "elapsed": 495.519893, "delta": 1.393717}}
{"target": -2.118974718425195, "params": {"C": 141.2641159016623, "epsilon": 0.04905883461183583, "gamma": 0.03787473617795239}, "datetime": {"datetime": "2021-09-19 08:39:38", "elapsed": 499.464184, "delta": 3.944291}}
{"target": -2.0323252905053906, "params": {"C": 116.58128530717818, "epsilon": 0.13083543470677125, "gamma": 0.05316377432323584}, "datetime": {"datetime": "2021-09-19 08:39:39", "elapsed": 500.905324, "delta": 1.44114}}
{"target": -2.0538788631931193, "params": {"C": 116.63973237164592, "epsilon": 0.1116465463237585, "gamma": 0.06304784509134961}, "datetime": {"datetime": "2021-09-19 08:39:43", "elapsed": 504.549095, "delta": 3.643771}}
{"target": -2.21290162972178, "params": {"C": 116.61056055320448, "epsilon": 0.09901167135633313, "gamma": 0.03213843310313987}, "datetime": {"datetime": "2021-09-19 08:39:46", "elapsed": 507.779378, "delta": 3.230283}}
{"target": -2.0926019617556157, "params": {"C": 116.60914097633217, "epsilon": 0.1496617592050157, "gamma": 0.0905587237575289}, "datetime": {"datetime": "2021-09-19 08:39:49", "elapsed": 510.83336, "delta": 3.053982}}
{"target": -2.090535608975743, "params": {"C": 116.56078202132136, "epsilon": 0.14488328437233036, "gamma": 0.08961240059673828}, "datetime": {"datetime": "2021-09-19 08:39:53", "elapsed": 514.182673, "delta": 3.349313}}
{"target": -2.189925783477362, "params": {"C": 169.89325816849043, "epsilon": 0.12150956576065439, "gamma": 0.03}, "datetime": {"datetime": "2021-09-19 08:39:56", "elapsed": 517.014367, "delta": 2.831694}}
{"target": -2.0567817973260314, "params": {"C": 116.69670303042122, "epsilon": 0.13235988525678496, "gamma": 0.06947522914376775}, "datetime": {"datetime": "2021-09-19 08:40:00", "elapsed": 521.169525, "delta": 4.155158}}
{"target": -2.121434561985956, "params": {"C": 198.04935961238232, "epsilon": 0.08484770046713341, "gamma": 0.056839798865035054}, "datetime": {"datetime": "2021-09-19 08:40:01", "elapsed": 522.685153, "delta": 1.515628}}
{"target": -2.186906149958419, "params": {"C": 116.68080191069367, "epsilon": 0.11936072695740121, "gamma": 0.1183186293028388}, "datetime": {"datetime": "2021-09-19 08:40:05", "elapsed": 526.093909, "delta": 3.408756}}
{"target": -2.0365408160756173, "params": {"C": 116.65721202293834, "epsilon": 0.14403206340361116, "gamma": 0.04756947602765966}, "datetime": {"datetime": "2021-09-19 08:40:08", "elapsed": 529.060454, "delta": 2.966545}}
{"target": -2.2075175938600515, "params": {"C": 116.71559532288728, "epsilon": 0.13549931046125605, "gamma": 0.03207359370746403}, "datetime": {"datetime": "2021-09-19 08:40:10", "elapsed": 531.506682, "delta": 2.446228}}
{"target": -2.336332438598395, "params": {"C": 130.6304837197689, "epsilon": 0.052584843222642064, "gamma": 0.1535192397603036}, "datetime": {"datetime": "2021-09-19 08:40:12", "elapsed": 533.020802, "delta": 1.51412}}
{"target": -2.124207862856841, "params": {"C": 198.12692873527834, "epsilon": 0.049077423611633836, "gamma": 0.034904980469822024}, "datetime": {"datetime": "2021-09-19 08:40:14", "elapsed": 535.139642, "delta": 2.11884}}
{"target": -2.231632473244565, "params": {"C": 122.69364957170353, "epsilon": 0.08777371598721129, "gamma": 0.030836142303069143}, "datetime": {"datetime": "2021-09-19 08:40:17", "elapsed": 538.628375, "delta": 3.488733}}
{"target": -2.1195127712622144, "params": {"C": 116.49753619634207, "epsilon": 0.1402917585586221, "gamma": 0.03793177914305709}, "datetime": {"datetime": "2021-09-19 08:40:20", "elapsed": 541.484733, "delta": 2.856358}}
{"target": -2.141768517586848, "params": {"C": 198.05567235390617, "epsilon": 0.028336963609862, "gamma": 0.06066529992207949}, "datetime": {"datetime": "2021-09-19 08:40:23", "elapsed": 544.004025, "delta": 2.519292}}
{"target": -2.1744991340925126, "params": {"C": 198.92001665941382, "epsilon": 0.08467781925766989, "gamma": 0.03068610652335309}, "datetime": {"datetime": "2021-09-19 08:40:26", "elapsed": 547.26467, "delta": 3.260645}}
{"target": -2.0665613640583493, "params": {"C": 101.6049431747022, "epsilon": 0.12113232996150956, "gamma": 0.046984517455324004}, "datetime": {"datetime": "2021-09-19 08:40:29", "elapsed": 550.960069, "delta": 3.695399}}
{"target": -2.1075851654401516, "params": {"C": 101.65073669795254, "epsilon": 0.09144988792926649, "gamma": 0.0939246725926171}, "datetime": {"datetime": "2021-09-19 08:40:32", "elapsed": 553.543165, "delta": 2.583096}}
{"target": -2.062410228838267, "params": {"C": 116.54108491359933, "epsilon": 0.09115158430869631, "gamma": 0.0731202251058489}, "datetime": {"datetime": "2021-09-19 08:40:35", "elapsed": 556.181206, "delta": 2.638041}}
{"target": -2.237016614595672, "params": {"C": 116.50545143122363, "epsilon": 0.10488087342217052, "gamma": 0.13205367887978087}, "datetime": {"datetime": "2021-09-19 08:40:38", "elapsed": 559.644996, "delta": 3.46379}}
{"target": -2.125173292509995, "params": {"C": 169.81788636116508, "epsilon": 0.0642136521147462, "gamma": 0.03539077096702066}, "datetime": {"datetime": "2021-09-19 08:40:41", "elapsed": 562.619728, "delta": 2.974732}}
{"target": -2.12356588645176, "params": {"C": 143.5388127113565, "epsilon": 0.021835895694048972, "gamma": 0.037803137898121245}, "datetime": {"datetime": "2021-09-19 08:40:44", "elapsed": 565.278875, "delta": 2.659147}}
{"target": -2.0303251366044854, "params": {"C": 101.68384522224513, "epsilon": 0.14692163466917685, "gamma": 0.05865226755366322}, "datetime": {"datetime": "2021-09-19 08:40:48", "elapsed": 569.869494, "delta": 4.590619}}
{"target": -2.1419263054577278, "params": {"C": 101.63033158169242, "epsilon": 0.14148981232603353, "gamma": 0.10587641426789819}, "datetime": {"datetime": "2021-09-19 08:40:53", "elapsed": 574.260963, "delta": 4.391469}}
{"target": -2.080983304383869, "params": {"C": 150.4933943623105, "epsilon": 0.1213194336527912, "gamma": 0.0665819290956336}, "datetime": {"datetime": "2021-09-19 08:40:54", "elapsed": 575.817074, "delta": 1.556111}}
{"target": -2.1735188470954427, "params": {"C": 101.71650534799268, "epsilon": 0.10042776573742786, "gamma": 0.035506611340467634}, "datetime": {"datetime": "2021-09-19 08:40:58", "elapsed": 579.606962, "delta": 3.789888}}
{"target": -2.172833134164796, "params": {"C": 150.49621230692046, "epsilon": 0.07160913599186618, "gamma": 0.10577931523674}, "datetime": {"datetime": "2021-09-19 08:41:01", "elapsed": 582.782556, "delta": 3.175594}}
{"target": -2.424535349983076, "params": {"C": 149.82593927560964, "epsilon": 0.12084083197926568, "gamma": 0.16693161991061056}, "datetime": {"datetime": "2021-09-19 08:41:03", "elapsed": 584.401319, "delta": 1.618763}}
{"target": -2.4773017695358264, "params": {"C": 195.30356312232033, "epsilon": 0.032392731761072956, "gamma": 0.18211893716030253}, "datetime": {"datetime": "2021-09-19 08:41:05", "elapsed": 586.066201, "delta": 1.664882}}
{"target": -2.173298094308991, "params": {"C": 101.33769541392213, "epsilon": 0.06938531709250427, "gamma": 0.03595975242667692}, "datetime": {"datetime": "2021-09-19 08:41:09", "elapsed": 590.163119, "delta": 4.096918}}
{"target": -2.091966989713767, "params": {"C": 101.69909635421887, "epsilon": 0.13709671388462433, "gamma": 0.09028247550813848}, "datetime": {"datetime": "2021-09-19 08:41:14", "elapsed": 595.488184, "delta": 5.325065}}
{"target": -2.1540206933107164, "params": {"C": 125.40079853948899, "epsilon": 0.06575048773921958, "gamma": 0.03550320767328041}, "datetime": {"datetime": "2021-09-19 08:41:15", "elapsed": 597.003196, "delta": 1.515012}}
{"target": -2.072276995192241, "params": {"C": 150.42682915498347, "epsilon": 0.12202316904460885, "gamma": 0.05991330737261656}, "datetime": {"datetime": "2021-09-19 08:41:20", "elapsed": 601.219697, "delta": 4.216501}}
{"target": -2.4357234143165853, "params": {"C": 172.21288013698583, "epsilon": 0.03110656083879713, "gamma": 0.1648103275032049}, "datetime": {"datetime": "2021-09-19 08:41:21", "elapsed": 602.854844, "delta": 1.635147}}
{"target": -2.1223511603045115, "params": {"C": 116.5962514822489, "epsilon": 0.09492505007575212, "gamma": 0.09719720813888455}, "datetime": {"datetime": "2021-09-19 08:41:25", "elapsed": 606.139977, "delta": 3.285133}}
{"target": -2.1986477971672773, "params": {"C": 101.4740238247015, "epsilon": 0.04957991844247535, "gamma": 0.03462726181778772}, "datetime": {"datetime": "2021-09-19 08:41:27", "elapsed": 608.923905, "delta": 2.783928}}
{"target": -2.20576871966346, "params": {"C": 150.40789851483854, "epsilon": 0.11848024234257253, "gamma": 0.11780256618010708}, "datetime": {"datetime": "2021-09-19 08:41:31", "elapsed": 612.984142, "delta": 4.060237}}
{"target": -2.228034570847727, "params": {"C": 101.64510599299653, "epsilon": 0.11900352867324239, "gamma": 0.03093950682357942}, "datetime": {"datetime": "2021-09-19 08:41:35", "elapsed": 616.895096, "delta": 3.910954}}
{"target": -2.0987866293937985, "params": {"C": 171.15995196215243, "epsilon": 0.14185302364462457, "gamma": 0.0640448676267684}, "datetime": {"datetime": "2021-09-19 08:41:37", "elapsed": 618.555608, "delta": 1.660512}}
{"target": -2.0635940025346136, "params": {"C": 116.50896567380074, "epsilon": 0.042826782199655314, "gamma": 0.046800276988010925}, "datetime": {"datetime": "2021-09-19 08:41:41", "elapsed": 622.059804, "delta": 3.504196}}
{"target": -2.066224084147953, "params": {"C": 122.85645204846645, "epsilon": 0.1446958240040635, "gamma": 0.07543838287201673}, "datetime": {"datetime": "2021-09-19 08:41:45", "elapsed": 626.134108, "delta": 4.074304}}
{"target": -2.1348447225878573, "params": {"C": 152.1481643168319, "epsilon": 0.0863170586870353, "gamma": 0.03520698593791039}, "datetime": {"datetime": "2021-09-19 08:41:46", "elapsed": 627.761463, "delta": 1.627355}}
{"target": -2.046332322850799, "params": {"C": 129.3958324294998, "epsilon": 0.13110860393649792, "gamma": 0.052736846197223054}, "datetime": {"datetime": "2021-09-19 08:41:48", "elapsed": 629.400162, "delta": 1.638699}}
{"target": -2.106019196763911, "params": {"C": 142.29998599653527, "epsilon": 0.0645008807661918, "gamma": 0.09096943622318523}, "datetime": {"datetime": "2021-09-19 08:41:50", "elapsed": 631.073477, "delta": 1.673315}}
{"target": -2.221557489858668, "params": {"C": 198.91393838140317, "epsilon": 0.14289746914676765, "gamma": 0.11179699262109576}, "datetime": {"datetime": "2021-09-19 08:41:54", "elapsed": 635.817639, "delta": 4.744162}}
{"target": -2.145154598712176, "params": {"C": 107.88090789131422, "epsilon": 0.03126511281082987, "gamma": 0.1027464714728978}, "datetime": {"datetime": "2021-09-19 08:41:58", "elapsed": 639.927719, "delta": 4.11008}}
{"target": -2.251919312006857, "params": {"C": 174.2757095025363, "epsilon": 0.124034967262264, "gamma": 0.12217736464411479}, "datetime": {"datetime": "2021-09-19 08:42:00", "elapsed": 641.696116, "delta": 1.768397}}
{"target": -2.2407986676553864, "params": {"C": 126.74701022602413, "epsilon": 0.05612840112573558, "gamma": 0.12836574500942355}, "datetime": {"datetime": "2021-09-19 08:42:02", "elapsed": 643.449051, "delta": 1.752935}}
{"target": -2.161756460899826, "params": {"C": 119.98209844305265, "epsilon": 0.1399973384386192, "gamma": 0.1124898128556666}, "datetime": {"datetime": "2021-09-19 08:42:05", "elapsed": 646.81168, "delta": 3.362629}}
{"target": -2.0870503110399583, "params": {"C": 188.81121758733372, "epsilon": 0.1271267001314326, "gamma": 0.04900305124123207}, "datetime": {"datetime": "2021-09-19 08:42:07", "elapsed": 648.613027, "delta": 1.801347}}
{"target": -2.2032571558313325, "params": {"C": 188.82745477334316, "epsilon": 0.13107579540137324, "gamma": 0.11078258808421512}, "datetime": {"datetime": "2021-09-19 08:42:11", "elapsed": 652.445607, "delta": 3.83258}}
{"target": -2.287587052562873, "params": {"C": 113.52778099282118, "epsilon": 0.07040452938341282, "gamma": 0.1445947779796227}, "datetime": {"datetime": "2021-09-19 08:42:13", "elapsed": 654.088393, "delta": 1.642786}}
{"target": -2.100141964533244, "params": {"C": 161.05214347157545, "epsilon": 0.05107806521276212, "gamma": 0.06324183186587026}, "datetime": {"datetime": "2021-09-19 08:42:14", "elapsed": 655.747308, "delta": 1.658915}}
{"target": -2.1902028693153537, "params": {"C": 138.9561656618573, "epsilon": 0.07407222323228932, "gamma": 0.03223553900297247}, "datetime": {"datetime": "2021-09-19 08:42:18", "elapsed": 659.558497, "delta": 3.811189}}
{"target": -2.1378709872465174, "params": {"C": 122.91003768854138, "epsilon": 0.15, "gamma": 0.10350477700703839}, "datetime": {"datetime": "2021-09-19 08:42:21", "elapsed": 662.409176, "delta": 2.850679}}
{"target": -2.02588236341385, "params": {"C": 104.12614894291131, "epsilon": 0.12322863148698109, "gamma": 0.05627850321711536}, "datetime": {"datetime": "2021-09-19 08:42:23", "elapsed": 664.137508, "delta": 1.728332}}
{"target": -2.462237849218999, "params": {"C": 182.38992782267147, "epsilon": 0.11972932775110058, "gamma": 0.178779589208518}, "datetime": {"datetime": "2021-09-19 08:42:25", "elapsed": 666.120197, "delta": 1.982689}}
{"target": -2.2076703725063767, "params": {"C": 104.1840618214066, "epsilon": 0.14892962471884824, "gamma": 0.03282448726667114}, "datetime": {"datetime": "2021-09-19 08:42:28", "elapsed": 669.527808, "delta": 3.407611}}
{"target": -2.084973295136145, "params": {"C": 153.68295607572725, "epsilon": 0.05170008767171251, "gamma": 0.04176770239621483}, "datetime": {"datetime": "2021-09-19 08:42:30", "elapsed": 671.349569, "delta": 1.821761}}
{"target": -2.1696124715856784, "params": {"C": 169.81653884918885, "epsilon": 0.06583784428049776, "gamma": 0.03211481429513086}, "datetime": {"datetime": "2021-09-19 08:42:32", "elapsed": 673.135892, "delta": 1.786323}}
{"target": -2.1503729397211164, "params": {"C": 104.10944111995826, "epsilon": 0.09320511517656609, "gamma": 0.03709259069472904}, "datetime": {"datetime": "2021-09-19 08:42:37", "elapsed": 678.413983, "delta": 5.278091}}
{"target": -2.1253336419396276, "params": {"C": 169.8520925188455, "epsilon": 0.022367882998317695, "gamma": 0.07343169342623063}, "datetime": {"datetime": "2021-09-19 08:42:40", "elapsed": 681.557704, "delta": 3.143721}}
{"target": -2.1265472653121638, "params": {"C": 104.14884888349724, "epsilon": 0.13491239136502706, "gamma": 0.10042419350323845}, "datetime": {"datetime": "2021-09-19 08:42:43", "elapsed": 684.868563, "delta": 3.310859}}
{"target": -2.062200124941197, "params": {"C": 130.16973973305213, "epsilon": 0.024515949539578464, "gamma": 0.047541932496971626}, "datetime": {"datetime": "2021-09-19 08:42:45", "elapsed": 686.648175, "delta": 1.779612}}
{"target": -2.2074265708631824, "params": {"C": 145.8020639924902, "epsilon": 0.10667346542848098, "gamma": 0.11823571797083765}, "datetime": {"datetime": "2021-09-19 08:42:47", "elapsed": 688.46453, "delta": 1.816355}}
{"target": -2.0221157727807046, "params": {"C": 104.08474108280966, "epsilon": 0.14505155876056128, "gamma": 0.05422588182529237}, "datetime": {"datetime": "2021-09-19 08:42:51", "elapsed": 692.091508, "delta": 3.626978}}
{"target": -2.208802101210779, "params": {"C": 116.7348997703449, "epsilon": 0.07181964048831489, "gamma": 0.12140363226938156}, "datetime": {"datetime": "2021-09-19 08:42:52", "elapsed": 693.835248, "delta": 1.74374}}
{"target": -2.1166439723972013, "params": {"C": 169.8310346141633, "epsilon": 0.07420204092989278, "gamma": 0.07605945175563236}, "datetime": {"datetime": "2021-09-19 08:42:57", "elapsed": 698.29253, "delta": 4.457282}}
{"target": -2.0650646297269915, "params": {"C": 150.45014948083363, "epsilon": 0.07953599175069764, "gamma": 0.04652835991207027}, "datetime": {"datetime": "2021-09-19 08:43:00", "elapsed": 701.968045, "delta": 3.675515}}
{"target": -2.1434945143862425, "params": {"C": 101.56451470553336, "epsilon": 0.13850977911286216, "gamma": 0.037279263605221824}, "datetime": {"datetime": "2021-09-19 08:43:05", "elapsed": 706.376787, "delta": 4.408742}}
{"target": -2.049513991506199, "params": {"C": 116.55730142435876, "epsilon": 0.02207130656773566, "gamma": 0.05228489469705144}, "datetime": {"datetime": "2021-09-19 08:43:08", "elapsed": 709.443151, "delta": 3.066364}}
{"target": -2.225839062339969, "params": {"C": 101.51913902674765, "epsilon": 0.10077527178018082, "gamma": 0.03158374296908267}, "datetime": {"datetime": "2021-09-19 08:43:12", "elapsed": 713.050505, "delta": 3.607354}}
{"target": -2.126057467112591, "params": {"C": 116.54274347891975, "epsilon": 0.11156132348287841, "gamma": 0.03771882710597898}, "datetime": {"datetime": "2021-09-19 08:43:17", "elapsed": 718.725715, "delta": 5.67521}}
{"target": -2.117345395153007, "params": {"C": 116.52876800768654, "epsilon": 0.03267812376840215, "gamma": 0.09474903598612046}, "datetime": {"datetime": "2021-09-19 08:43:22", "elapsed": 723.619412, "delta": 4.893697}}
{"target": -2.142483458892167, "params": {"C": 104.08713977131269, "epsilon": 0.12992072899552312, "gamma": 0.10513723596968898}, "datetime": {"datetime": "2021-09-19 08:43:26", "elapsed": 727.992434, "delta": 4.373022}}
{"target": -2.067116043759076, "params": {"C": 150.39227264750892, "epsilon": 0.06817350017069722, "gamma": 0.046774027583953326}, "datetime": {"datetime": "2021-09-19 08:43:30", "elapsed": 731.896073, "delta": 3.903639}}
{"target": -2.1471546608037544, "params": {"C": 101.5980219098373, "epsilon": 0.09006199179743604, "gamma": 0.10520746783303664}, "datetime": {"datetime": "2021-09-19 08:43:35", "elapsed": 736.018402, "delta": 4.122329}}
{"target": -2.2310825563237513, "params": {"C": 104.11289153666449, "epsilon": 0.15, "gamma": 0.03}, "datetime": {"datetime": "2021-09-19 08:43:40", "elapsed": 741.054291, "delta": 5.035889}}
{"target": -2.03067806430371, "params": {"C": 104.04240866296405, "epsilon": 0.15, "gamma": 0.05810592448636182}, "datetime": {"datetime": "2021-09-19 08:43:44", "elapsed": 745.870805, "delta": 4.816514}}
{"target": -2.0578964218052587, "params": {"C": 150.34755977308794, "epsilon": 0.11386688709750202, "gamma": 0.04526497329173853}, "datetime": {"datetime": "2021-09-19 08:43:47", "elapsed": 748.999658, "delta": 3.128853}}
