{"target": -2.329650206331631, "params": {"C": 19.877474920142305, "epsilon": 0.5826320845922133, "gamma": 0.01739067318182782}, "datetime": {"datetime": "2021-09-18 09:00:14", "elapsed": 988.471565, "delta": 3.914235}}
{"target": -2.734218309928927, "params": {"C": 22.862468298243243, "epsilon": 0.7106787862284882, "gamma": 0.004864998276686537}, "datetime": {"datetime": "2021-09-18 09:00:21", "elapsed": 995.301349, "delta": 6.829784}}
{"target": -9.319078947368421, "params": {"C": 24.943617074135663, "epsilon": 24.052820820453867, "gamma": 3.0}, "datetime": {"datetime": "2021-09-18 09:00:27", "elapsed": 1001.349728, "delta": 6.048379}}
{"target": -6.592885305000633, "params": {"C": 4.269248680088217, "epsilon": 0.08636676804525786, "gamma": 2.9639972455638164}, "datetime": {"datetime": "2021-09-18 09:00:32", "elapsed": 1006.24664, "delta": 4.896912}}
{"target": -9.319078947368421, "params": {"C": 3.7535933241602915, "epsilon": 22.90201590950765, "gamma": 2.9363139319691904}, "datetime": {"datetime": "2021-09-18 09:00:36", "elapsed": 1010.157731, "delta": 3.911091}}
{"target": -6.802117290215301, "params": {"C": 48.52469873321496, "epsilon": 11.755138195628746, "gamma": 0.03098114190808343}, "datetime": {"datetime": "2021-09-18 09:00:42", "elapsed": 1015.607258, "delta": 5.449527}}
{"target": -5.356567673905885, "params": {"C": 19.88662571548819, "epsilon": 3.7030584897098264, "gamma": 0.0001}, "datetime": {"datetime": "2021-09-18 09:00:45", "elapsed": 1019.421095, "delta": 3.813837}}
{"target": -8.706202810290108, "params": {"C": 36.02808864860846, "epsilon": 13.458313905168378, "gamma": 3.0}, "datetime": {"datetime": "2021-09-18 09:00:49", "elapsed": 1023.11911, "delta": 3.698015}}
{"target": -3.5615728578333656, "params": {"C": 20.64503282422419, "epsilon": 0.7954184135297542, "gamma": 0.459491040372213}, "datetime": {"datetime": "2021-09-18 09:00:55", "elapsed": 1029.115929, "delta": 5.996819}}
{"target": -2.8673924674184756, "params": {"C": 42.746628711085876, "epsilon": 2.4080099117064155, "gamma": 0.17056374208505165}, "datetime": {"datetime": "2021-09-18 09:00:59", "elapsed": 1033.399001, "delta": 4.283072}}
{"target": -5.971453515678026, "params": {"C": 23.851555569715934, "epsilon": 0.001, "gamma": 3.0}, "datetime": {"datetime": "2021-09-18 09:01:05", "elapsed": 1038.92609, "delta": 5.527089}}
{"target": -7.078570869752433, "params": {"C": 28.36702608982397, "epsilon": 5.8479561571936145, "gamma": 3.0}, "datetime": {"datetime": "2021-09-18 09:01:09", "elapsed": 1043.242295, "delta": 4.316205}}
{"target": -6.0115216757317524, "params": {"C": 38.33804459217733, "epsilon": 5.777680445150757, "gamma": 0.9885789304346159}, "datetime": {"datetime": "2021-09-18 09:01:13", "elapsed": 1047.235317, "delta": 3.993022}}
{"target": -4.652684497626653, "params": {"C": 23.593875977379206, "epsilon": 3.0512511474255373, "gamma": 0.7204952261763851}, "datetime": {"datetime": "2021-09-18 09:01:18", "elapsed": 1051.744244, "delta": 4.508927}}
{"target": -5.586086282467936, "params": {"C": 33.41614354224501, "epsilon": 3.731667774988348, "gamma": 1.2353290207515795}, "datetime": {"datetime": "2021-09-18 09:01:25", "elapsed": 1059.118809, "delta": 7.374565}}
{"target": -5.485954608797624, "params": {"C": 25.72599457931907, "epsilon": 4.741403545733459, "gamma": 0.8577526437235854}, "datetime": {"datetime": "2021-09-18 09:01:29", "elapsed": 1063.195984, "delta": 4.077175}}
{"target": -3.0399423138117503, "params": {"C": 20.98075291127149, "epsilon": 4.629218585018254, "gamma": 0.04191443633577592}, "datetime": {"datetime": "2021-09-18 09:01:33", "elapsed": 1067.323058, "delta": 4.127074}}
{"target": -2.2032652895293094, "params": {"C": 42.47688036250752, "epsilon": 1.5216327626745774, "gamma": 0.03780669762524465}, "datetime": {"datetime": "2021-09-18 09:01:38", "elapsed": 1071.624177, "delta": 4.301119}}
{"target": -5.029011606859761, "params": {"C": 24.217351098181737, "epsilon": 1.5951482558194243, "gamma": 0.0001}, "datetime": {"datetime": "2021-09-18 09:01:42", "elapsed": 1076.398961, "delta": 4.774784}}
{"target": -3.7089784130261845, "params": {"C": 23.331263287518883, "epsilon": 1.2763671564421013, "gamma": 0.5058082223028904}, "datetime": {"datetime": "2021-09-18 09:01:48", "elapsed": 1082.263344, "delta": 5.864383}}
{"target": -5.512021083028924, "params": {"C": 23.993161439910175, "epsilon": 5.830572499600593, "gamma": 0.0001}, "datetime": {"datetime": "2021-09-18 09:01:52", "elapsed": 1086.410929, "delta": 4.147585}}
{"target": -3.94837463645705, "params": {"C": 25.2996386885523, "epsilon": 1.1076004761092346, "gamma": 0.6271670094984582}, "datetime": {"datetime": "2021-09-18 09:01:57", "elapsed": 1091.032552, "delta": 4.621623}}
{"target": -9.319078947368421, "params": {"C": 37.60702989794299, "epsilon": 26.514207683424022, "gamma": 3.0}, "datetime": {"datetime": "2021-09-18 09:02:01", "elapsed": 1094.941515, "delta": 3.908963}}
{"target": -3.3992405104553427, "params": {"C": 48.23693758210555, "epsilon": 1.9325154909750322, "gamma": 0.34223545703751695}, "datetime": {"datetime": "2021-09-18 09:02:07", "elapsed": 1101.39387, "delta": 6.452355}}
{"target": -9.053230639804326, "params": {"C": 5.69995414855591, "epsilon": 15.895303942745258, "gamma": 2.9757288537050046}, "datetime": {"datetime": "2021-09-18 09:02:14", "elapsed": 1107.653168, "delta": 6.259298}}
{"target": -2.146304061023399, "params": {"C": 48.1209151910223, "epsilon": 0.5655161681063589, "gamma": 0.02945893928173065}, "datetime": {"datetime": "2021-09-18 09:02:18", "elapsed": 1112.029574, "delta": 4.376406}}
{"target": -5.764774043552898, "params": {"C": 46.40219656046001, "epsilon": 6.055746827135357, "gamma": 0.7188957320482688}, "datetime": {"datetime": "2021-09-18 09:02:22", "elapsed": 1116.041001, "delta": 4.011427}}
{"target": -5.36269059476228, "params": {"C": 33.796315095716665, "epsilon": 6.217521840648196, "gamma": 0.0001}, "datetime": {"datetime": "2021-09-18 09:02:27", "elapsed": 1120.915297, "delta": 4.874296}}
{"target": -2.5296937939497197, "params": {"C": 18.601018551812786, "epsilon": 2.653548502654731, "gamma": 0.03131181674474512}, "datetime": {"datetime": "2021-09-18 09:02:31", "elapsed": 1125.446443, "delta": 4.531146}}
{"target": -6.84356069586643, "params": {"C": 26.894641531904245, "epsilon": 10.933069213331745, "gamma": 0.0001}, "datetime": {"datetime": "2021-09-18 09:02:36", "elapsed": 1129.678157, "delta": 4.231714}}
{"target": -7.943068080822843, "params": {"C": 31.694812302480944, "epsilon": 10.183134601697523, "gamma": 3.0}, "datetime": {"datetime": "2021-09-18 09:02:41", "elapsed": 1134.975362, "delta": 5.297205}}
{"target": -2.4114121557066714, "params": {"C": 22.68259040434731, "epsilon": 2.2157830681974287, "gamma": 0.04720306746105147}, "datetime": {"datetime": "2021-09-18 09:02:45", "elapsed": 1139.395317, "delta": 4.419955}}
{"target": -5.983472087349017, "params": {"C": 20.900422496190735, "epsilon": 0.0578268791324343, "gamma": 2.946727784651149}, "datetime": {"datetime": "2021-09-18 09:02:50", "elapsed": 1143.978298, "delta": 4.582981}}
{"target": -2.1027727267507013, "params": {"C": 49.09339518910413, "epsilon": 1.325126537872741, "gamma": 0.06446720694170577}, "datetime": {"datetime": "2021-09-18 09:02:55", "elapsed": 1148.900345, "delta": 4.922047}}
{"target": -9.319078947368421, "params": {"C": 3.439994737614272, "epsilon": 29.254193813286882, "gamma": 2.99535589839612}, "datetime": {"datetime": "2021-09-18 09:02:59", "elapsed": 1153.353528, "delta": 4.453183}}
{"target": -6.998206554558321, "params": {"C": 21.210785981150487, "epsilon": 11.3714820981767, "gamma": 0.0001}, "datetime": {"datetime": "2021-09-18 09:03:05", "elapsed": 1158.908691, "delta": 5.555163}}
{"target": -3.947964847583855, "params": {"C": 49.626209819569304, "epsilon": 1.2112680737594377, "gamma": 0.6163866456482123}, "datetime": {"datetime": "2021-09-18 09:03:09", "elapsed": 1163.348021, "delta": 4.43933}}
{"target": -9.319078947368421, "params": {"C": 17.879366941152288, "epsilon": 27.113712820602423, "gamma": 3.0}, "datetime": {"datetime": "2021-09-18 09:03:14", "elapsed": 1168.137998, "delta": 4.789977}}
{"target": -5.020083243302045, "params": {"C": 32.17102341309201, "epsilon": 3.966901201403702, "gamma": 0.0001}, "datetime": {"datetime": "2021-09-18 09:03:23", "elapsed": 1177.465971, "delta": 9.327973}}
{"target": -6.953018003419409, "params": {"C": 43.530671896093935, "epsilon": 5.169846699383112, "gamma": 3.0}, "datetime": {"datetime": "2021-09-18 09:03:28", "elapsed": 1182.340466, "delta": 4.874495}}
{"target": -9.460335101722327, "params": {"C": 36.335690752051036, "epsilon": 18.86321647671074, "gamma": 0.0001}, "datetime": {"datetime": "2021-09-18 09:03:34", "elapsed": 1188.327749, "delta": 5.987283}}
{"target": -5.951599120496266, "params": {"C": 39.52356828457538, "epsilon": 8.304193202299583, "gamma": 0.0001}, "datetime": {"datetime": "2021-09-18 09:03:41", "elapsed": 1194.649769, "delta": 6.32202}}
{"target": -5.2424272785681225, "params": {"C": 6.23070185167383, "epsilon": 0.001, "gamma": 1.004082711578665}, "datetime": {"datetime": "2021-09-18 09:03:46", "elapsed": 1200.406508, "delta": 5.756739}}
{"target": -8.00638645537424, "params": {"C": 25.248290573395206, "epsilon": 10.449540317448973, "gamma": 3.0}, "datetime": {"datetime": "2021-09-18 09:03:51", "elapsed": 1205.000928, "delta": 4.59442}}
{"target": -3.7251541454040367, "params": {"C": 31.39502560238301, "epsilon": 0.7877292030992509, "gamma": 0.5561469269232139}, "datetime": {"datetime": "2021-09-18 09:03:58", "elapsed": 1211.796355, "delta": 6.795427}}
{"target": -9.319078947368421, "params": {"C": 6.34316304085512, "epsilon": 28.045812651021034, "gamma": 0.0001}, "datetime": {"datetime": "2021-09-18 09:04:03", "elapsed": 1216.651481, "delta": 4.855126}}
{"target": -9.438941661335969, "params": {"C": 28.542754495472334, "epsilon": 19.137095048933475, "gamma": 0.0001}, "datetime": {"datetime": "2021-09-18 09:04:08", "elapsed": 1222.14917, "delta": 5.497689}}
{"target": -7.641644462501015, "params": {"C": 11.081310817249818, "epsilon": 9.488623355289361, "gamma": 2.9280065598719673}, "datetime": {"datetime": "2021-09-18 09:04:13", "elapsed": 1226.738545, "delta": 4.589375}}
{"target": -7.832346902148697, "params": {"C": 3.052984165842594, "epsilon": 13.068572470924268, "gamma": 3.0}, "datetime": {"datetime": "2021-09-18 09:04:18", "elapsed": 1232.554022, "delta": 5.815477}}
{"target": -9.319078947368421, "params": {"C": 30.846247780497542, "epsilon": 26.89480331942976, "gamma": 3.0}, "datetime": {"datetime": "2021-09-18 09:04:24", "elapsed": 1237.684879, "delta": 5.130857}}
{"target": -3.5768936765178223, "params": {"C": 44.138522475194755, "epsilon": 6.516131862977013, "gamma": 0.015964199788581154}, "datetime": {"datetime": "2021-09-18 09:04:28", "elapsed": 1242.196588, "delta": 4.511709}}
{"target": -7.384469419801099, "params": {"C": 15.743748014539557, "epsilon": 8.307358138314898, "gamma": 2.168600880160853}, "datetime": {"datetime": "2021-09-18 09:04:33", "elapsed": 1246.743921, "delta": 4.547333}}
{"target": -9.319078947368421, "params": {"C": 11.548388477169684, "epsilon": 30.0, "gamma": 0.0001}, "datetime": {"datetime": "2021-09-18 09:04:38", "elapsed": 1252.142923, "delta": 5.399002}}
{"target": -7.688564486144523, "params": {"C": 8.479155307350053, "epsilon": 13.33229620102898, "gamma": 0.002884268870970547}, "datetime": {"datetime": "2021-09-18 09:04:44", "elapsed": 1258.485425, "delta": 6.342502}}
{"target": -9.534041631954581, "params": {"C": 34.396467220097826, "epsilon": 21.70671146068851, "gamma": 3.0}, "datetime": {"datetime": "2021-09-18 09:04:52", "elapsed": 1266.064299, "delta": 7.578874}}
{"target": -5.5456916145859605, "params": {"C": 7.507408711276115, "epsilon": 1.3765134010631694, "gamma": 1.2410241987914294}, "datetime": {"datetime": "2021-09-18 09:04:58", "elapsed": 1271.994536, "delta": 5.930237}}
{"target": -2.3595925490259746, "params": {"C": 12.042655983576719, "epsilon": 1.2274871059386416, "gamma": 0.043556926175500034}, "datetime": {"datetime": "2021-09-18 09:05:02", "elapsed": 1276.559968, "delta": 4.565432}}
{"target": -7.051717218637282, "params": {"C": 47.92532692179345, "epsilon": 5.704446467790289, "gamma": 3.0}, "datetime": {"datetime": "2021-09-18 09:05:09", "elapsed": 1282.888372, "delta": 6.328404}}
{"target": -8.034847901997386, "params": {"C": 32.13994243420389, "epsilon": 14.058790484669831, "gamma": 0.0001}, "datetime": {"datetime": "2021-09-18 09:05:13", "elapsed": 1287.537614, "delta": 4.649242}}
{"target": -4.7887231100189664, "params": {"C": 48.95067582131788, "epsilon": 7.684782402014154, "gamma": 0.07113665089533466}, "datetime": {"datetime": "2021-09-18 09:05:19", "elapsed": 1292.602731, "delta": 5.065117}}
{"target": -3.837865417753374, "params": {"C": 18.279730718314177, "epsilon": 3.4004046258888527, "gamma": 0.0013272055135968744}, "datetime": {"datetime": "2021-09-18 09:05:23", "elapsed": 1297.564535, "delta": 4.961804}}
{"target": -4.581725905384338, "params": {"C": 14.502974206910514, "epsilon": 0.001, "gamma": 0.8769390032791721}, "datetime": {"datetime": "2021-09-18 09:05:31", "elapsed": 1304.969459, "delta": 7.404924}}
{"target": -9.718135908169385, "params": {"C": 18.04845553299158, "epsilon": 20.500616570400332, "gamma": 0.0001}, "datetime": {"datetime": "2021-09-18 09:05:36", "elapsed": 1310.524972, "delta": 5.555513}}
{"target": -8.050925525489783, "params": {"C": 43.68652832694303, "epsilon": 12.784250569467957, "gamma": 0.15981902266267847}, "datetime": {"datetime": "2021-09-18 09:05:41", "elapsed": 1315.174224, "delta": 4.649252}}
{"target": -4.073092620841382, "params": {"C": 18.39730710044714, "epsilon": 1.6261311793182003, "gamma": 0.5717404588977901}, "datetime": {"datetime": "2021-09-18 09:05:46", "elapsed": 1319.985309, "delta": 4.811085}}
{"target": -9.319078947368421, "params": {"C": 43.55253661140688, "epsilon": 24.34402421093657, "gamma": 3.0}, "datetime": {"datetime": "2021-09-18 09:05:51", "elapsed": 1325.224815, "delta": 5.239506}}
{"target": -6.096209840031846, "params": {"C": 16.25776302255966, "epsilon": 4.679279451364426, "gamma": 1.4166285685034201}, "datetime": {"datetime": "2021-09-18 09:05:56", "elapsed": 1330.057999, "delta": 4.833184}}
{"target": -6.627809419105016, "params": {"C": 3.7343173482726284, "epsilon": 5.536510253708772, "gamma": 1.262143247071039}, "datetime": {"datetime": "2021-09-18 09:06:01", "elapsed": 1334.796692, "delta": 4.738693}}
{"target": -6.069655605916469, "params": {"C": 11.992711244147777, "epsilon": 6.32865335577058, "gamma": 0.0001}, "datetime": {"datetime": "2021-09-18 09:06:06", "elapsed": 1339.660637, "delta": 4.863945}}
{"target": -5.520792703775181, "params": {"C": 31.368770039787766, "epsilon": 6.5064785270122885, "gamma": 0.0001}, "datetime": {"datetime": "2021-09-18 09:06:11", "elapsed": 1345.146087, "delta": 5.48545}}
{"target": -4.6846871574241815, "params": {"C": 6.288953981911059, "epsilon": 6.3405507816438655, "gamma": 0.002911648748278855}, "datetime": {"datetime": "2021-09-18 09:06:17", "elapsed": 1350.621077, "delta": 5.47499}}
{"target": -3.2105939741244027, "params": {"C": 14.495037503670302, "epsilon": 5.316558276182465, "gamma": 0.031135828723550387}, "datetime": {"datetime": "2021-09-18 09:06:23", "elapsed": 1357.118037, "delta": 6.49696}}
{"target": -9.319078947368421, "params": {"C": 31.405448765966185, "epsilon": 28.908965529963027, "gamma": 0.0001}, "datetime": {"datetime": "2021-09-18 09:06:30", "elapsed": 1364.26982, "delta": 7.151783}}
{"target": -4.908000328245948, "params": {"C": 28.834943877481336, "epsilon": 0.001, "gamma": 1.370865819851938}, "datetime": {"datetime": "2021-09-18 09:06:36", "elapsed": 1369.710458, "delta": 5.440638}}
{"target": -5.739177135617419, "params": {"C": 23.953385578217524, "epsilon": 8.03593486822952, "gamma": 0.24796517495424297}, "datetime": {"datetime": "2021-09-18 09:06:41", "elapsed": 1375.521052, "delta": 5.810594}}
{"target": -6.440709922134929, "params": {"C": 34.21852186606449, "epsilon": 2.6492800099743583, "gamma": 3.0}, "datetime": {"datetime": "2021-09-18 09:06:47", "elapsed": 1381.004676, "delta": 5.483624}}
{"target": -3.408232072152748, "params": {"C": 16.950266437080366, "epsilon": 0.6595589764741857, "gamma": 0.3840952812830425}, "datetime": {"datetime": "2021-09-18 09:06:53", "elapsed": 1386.882111, "delta": 5.877435}}
{"target": -9.319078947368421, "params": {"C": 43.90635968035091, "epsilon": 30.0, "gamma": 0.0001}, "datetime": {"datetime": "2021-09-18 09:07:01", "elapsed": 1394.594561, "delta": 7.71245}}
{"target": -3.690865397352562, "params": {"C": 41.419755765400836, "epsilon": 1.1687853996616115, "gamma": 0.5231943621198352}, "datetime": {"datetime": "2021-09-18 09:07:05", "elapsed": 1399.425153, "delta": 4.830592}}
{"target": -7.050062163520471, "params": {"C": 1.7158140928293377, "epsilon": 1.605630953918536, "gamma": 0.0001}, "datetime": {"datetime": "2021-09-18 09:07:11", "elapsed": 1405.223528, "delta": 5.798375}}
{"target": -9.543269294521776, "params": {"C": 24.8594369464229, "epsilon": 18.243427805825082, "gamma": 2.8954150376721235}, "datetime": {"datetime": "2021-09-18 09:07:21", "elapsed": 1414.566846, "delta": 9.343318}}
{"target": -2.7048541072224355, "params": {"C": 21.02974679119955, "epsilon": 3.7637928503359404, "gamma": 0.03595535504831091}, "datetime": {"datetime": "2021-09-18 09:07:26", "elapsed": 1420.463318, "delta": 5.896472}}
{"target": -4.096621405931458, "params": {"C": 34.46989742462183, "epsilon": 0.9813537814280928, "gamma": 0.7121512650000339}, "datetime": {"datetime": "2021-09-18 09:07:31", "elapsed": 1425.325726, "delta": 4.862408}}
{"target": -7.4705514961759585, "params": {"C": 0.1, "epsilon": 5.915079066036251, "gamma": 3.0}, "datetime": {"datetime": "2021-09-18 09:07:36", "elapsed": 1430.120068, "delta": 4.794342}}
{"target": -3.6058851452130596, "params": {"C": 5.721966446226394, "epsilon": 4.252505251409036, "gamma": 0.008184834309878488}, "datetime": {"datetime": "2021-09-18 09:07:42", "elapsed": 1436.340349, "delta": 6.220281}}
{"target": -4.890525351746246, "params": {"C": 35.074597560091476, "epsilon": 3.0858981037213806, "gamma": 0.0001}, "datetime": {"datetime": "2021-09-18 09:07:49", "elapsed": 1442.95069, "delta": 6.610341}}
{"target": -6.801085124230039, "params": {"C": 5.414736398684104, "epsilon": 7.774554924583512, "gamma": 0.0001}, "datetime": {"datetime": "2021-09-18 09:07:54", "elapsed": 1448.414361, "delta": 5.463671}}
{"target": -5.797079469276319, "params": {"C": 12.928475828330988, "epsilon": 1.772389504762185, "gamma": 1.8710864706909178}, "datetime": {"datetime": "2021-09-18 09:08:01", "elapsed": 1454.89309, "delta": 6.478729}}
{"target": -8.997626936697197, "params": {"C": 0.1, "epsilon": 18.344408607360087, "gamma": 3.0}, "datetime": {"datetime": "2021-09-18 09:08:09", "elapsed": 1462.590875, "delta": 7.697785}}
{"target": -2.11202000830597, "params": {"C": 26.27756674662195, "epsilon": 0.43267310768511813, "gamma": 0.04609675983689714}, "datetime": {"datetime": "2021-09-18 09:08:15", "elapsed": 1469.013326, "delta": 6.422451}}
{"target": -5.554591324036918, "params": {"C": 17.692122115426788, "epsilon": 4.615929718637133, "gamma": 0.0001}, "datetime": {"datetime": "2021-09-18 09:08:21", "elapsed": 1475.115236, "delta": 6.10191}}
{"target": -8.826405206132549, "params": {"C": 20.557697853957656, "epsilon": 14.080873505777724, "gamma": 2.6589458945093165}, "datetime": {"datetime": "2021-09-18 09:08:29", "elapsed": 1482.836984, "delta": 7.721748}}
{"target": -9.319078947368421, "params": {"C": 10.580585970655775, "epsilon": 26.642391931193295, "gamma": 2.918410884864255}, "datetime": {"datetime": "2021-09-18 09:08:36", "elapsed": 1489.658038, "delta": 6.821054}}
{"target": -8.924789181421282, "params": {"C": 39.210244232831755, "epsilon": 14.557392461213965, "gamma": 2.985098771875183}, "datetime": {"datetime": "2021-09-18 09:08:42", "elapsed": 1496.140135, "delta": 6.482097}}
{"target": -6.950393821290502, "params": {"C": 19.509166594405976, "epsilon": 5.269769346418925, "gamma": 2.9544759733058}, "datetime": {"datetime": "2021-09-18 09:08:48", "elapsed": 1501.992569, "delta": 5.852434}}
{"target": -7.859639297698912, "params": {"C": 36.7960289935691, "epsilon": 9.874939010228003, "gamma": 2.870489929578451}, "datetime": {"datetime": "2021-09-18 09:08:55", "elapsed": 1508.740776, "delta": 6.748207}}
{"target": -5.071099963271367, "params": {"C": 39.887673899920145, "epsilon": 5.088270229868088, "gamma": 0.0001}, "datetime": {"datetime": "2021-09-18 09:09:01", "elapsed": 1515.026263, "delta": 6.285487}}
{"target": -6.810578016077398, "params": {"C": 34.181437378932266, "epsilon": 8.233650630150771, "gamma": 0.8973574390208113}, "datetime": {"datetime": "2021-09-18 09:09:07", "elapsed": 1521.292336, "delta": 6.266073}}
{"target": -5.35199076782275, "params": {"C": 8.700685483165849, "epsilon": 2.990673162202709, "gamma": 0.9547151828511559}, "datetime": {"datetime": "2021-09-18 09:09:13", "elapsed": 1527.069621, "delta": 5.777285}}
{"target": -7.319465691052115, "params": {"C": 14.23502606604125, "epsilon": 11.58440013513559, "gamma": 0.08699665737221048}, "datetime": {"datetime": "2021-09-18 09:09:19", "elapsed": 1532.807775, "delta": 5.738154}}
{"target": -5.439217848273522, "params": {"C": 36.40941534943386, "epsilon": 6.690145916593936, "gamma": 0.0001}, "datetime": {"datetime": "2021-09-18 09:09:26", "elapsed": 1539.937887, "delta": 7.130112}}
{"target": -5.889688752313512, "params": {"C": 26.78820616663141, "epsilon": 7.724558509755678, "gamma": 0.0001}, "datetime": {"datetime": "2021-09-18 09:09:32", "elapsed": 1545.712084, "delta": 5.774197}}
{"target": -6.5658236666694805, "params": {"C": 14.37938314049662, "epsilon": 3.127438294333398, "gamma": 2.9627088178363183}, "datetime": {"datetime": "2021-09-18 09:09:39", "elapsed": 1553.014204, "delta": 7.30212}}
