{"target": 0.8989600818271375, "params": {"C": 226.3453293104124, "epsilon": 0.4114838140148986, "gamma": 0.11296430433938967}, "datetime": {"datetime": "2021-09-18 14:49:36", "elapsed": 85.250337, "delta": 0.763566}}
{"target": 0.905220874815774, "params": {"C": 240.5804341128915, "epsilon": 0.6466239213966469, "gamma": 0.06521546278673905}, "datetime": {"datetime": "2021-09-18 14:49:37", "elapsed": 85.886355, "delta": 0.636018}}
{"target": 0.8987560869154891, "params": {"C": 295.6819870956949, "epsilon": 0.782463492822731, "gamma": 0.05336693646801896}, "datetime": {"datetime": "2021-09-18 14:49:37", "elapsed": 86.55481, "delta": 0.668455}}
{"target": 0.9085032055773182, "params": {"C": 261.5426742406401, "epsilon": 0.5380634362069371, "gamma": 0.08521910196770915}, "datetime": {"datetime": "2021-09-18 14:49:38", "elapsed": 87.246847, "delta": 0.692037}}
{"target": 0.8992796997549994, "params": {"C": 212.63294753314034, "epsilon": 0.10810301348659744, "gamma": 0.11445869369878754}, "datetime": {"datetime": "2021-09-18 14:49:39", "elapsed": 88.121364, "delta": 0.874517}}
{"target": 0.8840822365226011, "params": {"C": 308.13061133551196, "epsilon": 0.42561256516600604, "gamma": 0.13483886219019767}, "datetime": {"datetime": "2021-09-18 14:49:39", "elapsed": 88.831363, "delta": 0.709999}}
{"target": 0.8908775598485676, "params": {"C": 209.63093326379408, "epsilon": 0.5819364730127595, "gamma": 0.13572648446769464}, "datetime": {"datetime": "2021-09-18 14:49:40", "elapsed": 89.515366, "delta": 0.684003}}
{"target": 0.9022425696079118, "params": {"C": 221.1533041328127, "epsilon": 0.09693760578694538, "gamma": 0.10017591750045687}, "datetime": {"datetime": "2021-09-18 14:49:41", "elapsed": 90.289939, "delta": 0.774573}}
{"target": 0.9084648912442704, "params": {"C": 281.3886874580229, "epsilon": 0.6514453192572446, "gamma": 0.0879004624593162}, "datetime": {"datetime": "2021-09-18 14:49:42", "elapsed": 90.987255, "delta": 0.697316}}
{"target": 0.8963972098287947, "params": {"C": 277.2483131047002, "epsilon": 0.030660006109228703, "gamma": 0.11044864938567853}, "datetime": {"datetime": "2021-09-18 14:49:43", "elapsed": 91.886072, "delta": 0.898817}}
{"target": 0.8883073401899398, "params": {"C": 232.51200444658937, "epsilon": 0.20286572936730865, "gamma": 0.13153829630864766}, "datetime": {"datetime": "2021-09-18 14:49:43", "elapsed": 92.515281, "delta": 0.629209}}
{"target": 0.8937145566777116, "params": {"C": 312.69140463469716, "epsilon": 0.2893981489591194, "gamma": 0.051352648363724385}, "datetime": {"datetime": "2021-09-18 14:49:44", "elapsed": 93.331668, "delta": 0.816387}}
{"target": 0.8849333804761379, "params": {"C": 224.06953047973235, "epsilon": 0.35539084788522496, "gamma": 0.14599433920622606}, "datetime": {"datetime": "2021-09-18 14:49:45", "elapsed": 94.404765, "delta": 1.073097}}
{"target": 0.9045096058279393, "params": {"C": 215.1246241752675, "epsilon": 0.5339130370418677, "gamma": 0.10414275131554201}, "datetime": {"datetime": "2021-09-18 14:49:46", "elapsed": 95.107083, "delta": 0.702318}}
{"target": 0.892155988468974, "params": {"C": 281.23907975042437, "epsilon": 0.12031682594276914, "gamma": 0.11696058561406011}, "datetime": {"datetime": "2021-09-18 14:49:46", "elapsed": 95.854916, "delta": 0.747833}}
{"target": 0.8976033686831904, "params": {"C": 235.96660772228856, "epsilon": 0.30891788004186826, "gamma": 0.05647062169746038}, "datetime": {"datetime": "2021-09-18 14:49:47", "elapsed": 96.59853, "delta": 0.743614}}
{"target": 0.8997111119445637, "params": {"C": 261.78930329972553, "epsilon": 0.3831554943007279, "gamma": 0.1060555909737364}, "datetime": {"datetime": "2021-09-18 14:49:48", "elapsed": 97.334519, "delta": 0.735989}}
{"target": 0.9063535485653963, "params": {"C": 268.5674305529657, "epsilon": 0.6678334022219903, "gamma": 0.09579246003792152}, "datetime": {"datetime": "2021-09-18 14:49:49", "elapsed": 98.201559, "delta": 0.86704}}
{"target": 0.902264876829963, "params": {"C": 216.53070818277754, "epsilon": 0.07071236306662906, "gamma": 0.09373319210201342}, "datetime": {"datetime": "2021-09-18 14:49:50", "elapsed": 98.916527, "delta": 0.714968}}
{"target": 0.9054210753933448, "params": {"C": 266.5342787148496, "epsilon": 0.33401960332003433, "gamma": 0.06807406726866316}, "datetime": {"datetime": "2021-09-18 14:49:51", "elapsed": 99.883519, "delta": 0.966992}}
{"target": 0.886345048920913, "params": {"C": 217.54890736957117, "epsilon": 0.06389512146886679, "gamma": 0.14029301852710152}, "datetime": {"datetime": "2021-09-18 14:49:51", "elapsed": 100.58252, "delta": 0.699001}}
{"target": 0.9090989538501919, "params": {"C": 209.11226893697363, "epsilon": 0.7803798876031374, "gamma": 0.09045868750063553}, "datetime": {"datetime": "2021-09-18 14:49:52", "elapsed": 101.237526, "delta": 0.655006}}
{"target": 0.8983649474167186, "params": {"C": 233.79516186180734, "epsilon": 0.18837505171627522, "gamma": 0.11147673237153005}, "datetime": {"datetime": "2021-09-18 14:49:53", "elapsed": 101.986519, "delta": 0.748993}}
{"target": 0.9052845557871508, "params": {"C": 304.8745533174118, "epsilon": 0.30477609537179035, "gamma": 0.06876626868477824}, "datetime": {"datetime": "2021-09-18 14:49:53", "elapsed": 102.840519, "delta": 0.854}}
{"target": 0.909980421084519, "params": {"C": 299.65486681342145, "epsilon": 0.6095868646488748, "gamma": 0.07374533660999874}, "datetime": {"datetime": "2021-09-18 14:49:54", "elapsed": 103.529521, "delta": 0.689002}}
{"target": 0.8986027554218353, "params": {"C": 206.61949420290145, "epsilon": 0.2555717778788195, "gamma": 0.060084499442910715}, "datetime": {"datetime": "2021-09-18 14:49:55", "elapsed": 104.267516, "delta": 0.737995}}
{"target": 0.9063816416766983, "params": {"C": 282.8024801949765, "epsilon": 0.2829308815673487, "gamma": 0.07431915393857472}, "datetime": {"datetime": "2021-09-18 14:49:56", "elapsed": 105.141521, "delta": 0.874005}}
{"target": 0.9019610579643919, "params": {"C": 206.02296855067388, "epsilon": 0.11481282655635994, "gamma": 0.10626918043178496}, "datetime": {"datetime": "2021-09-18 14:49:57", "elapsed": 106.053432, "delta": 0.911911}}
{"target": 0.9086573479387672, "params": {"C": 202.85701183695514, "epsilon": 0.4545184005131382, "gamma": 0.08647635912191892}, "datetime": {"datetime": "2021-09-18 14:49:57", "elapsed": 106.764424, "delta": 0.710992}}
{"target": 0.9062119631094468, "params": {"C": 220.7499689983535, "epsilon": 0.7272125143458636, "gamma": 0.10182114834721775}, "datetime": {"datetime": "2021-09-18 14:49:58", "elapsed": 107.534424, "delta": 0.77}}
{"target": 0.8859390834879847, "params": {"C": 297.57333239823663, "epsilon": 0.47459792928276273, "gamma": 0.1329833496457523}, "datetime": {"datetime": "2021-09-18 14:49:59", "elapsed": 108.285391, "delta": 0.750967}}
{"target": 0.9063960620150684, "params": {"C": 255.0430602110493, "epsilon": 0.6197951313371812, "gamma": 0.06615671947779024}, "datetime": {"datetime": "2021-09-18 14:50:00", "elapsed": 109.02539, "delta": 0.739999}}
{"target": 0.9013348620436029, "params": {"C": 314.1203627541379, "epsilon": 0.6810598593655204, "gamma": 0.05661454286538529}, "datetime": {"datetime": "2021-09-18 14:50:01", "elapsed": 109.892386, "delta": 0.866996}}
{"target": 0.8924239552688465, "params": {"C": 313.41388332066026, "epsilon": 0.13574335866794232, "gamma": 0.05183504721901144}, "datetime": {"datetime": "2021-09-18 14:50:01", "elapsed": 110.693393, "delta": 0.801007}}
{"target": 0.9036733746302891, "params": {"C": 247.50068247516464, "epsilon": 0.4564595399062942, "gamma": 0.10071345519672156}, "datetime": {"datetime": "2021-09-18 14:50:02", "elapsed": 111.568388, "delta": 0.874995}}
{"target": 0.9011756531658898, "params": {"C": 264.2399253049295, "epsilon": 0.53040321976567, "gamma": 0.05881630843895133}, "datetime": {"datetime": "2021-09-18 14:50:03", "elapsed": 112.300056, "delta": 0.731668}}
{"target": 0.8994345133995152, "params": {"C": 285.8346831273644, "epsilon": 0.04056042970449936, "gamma": 0.09972482469423169}, "datetime": {"datetime": "2021-09-18 14:50:04", "elapsed": 113.146096, "delta": 0.84604}}
{"target": 0.8902553571900345, "params": {"C": 226.76415102398616, "epsilon": 0.5053324617810758, "gamma": 0.1303745580735866}, "datetime": {"datetime": "2021-09-18 14:50:04", "elapsed": 113.869098, "delta": 0.723002}}
{"target": 0.8987200535369779, "params": {"C": 268.1347130446232, "epsilon": 0.14615302768103178, "gamma": 0.06395888477031876}, "datetime": {"datetime": "2021-09-18 14:50:05", "elapsed": 114.851665, "delta": 0.982567}}
{"target": 0.908358767449551, "params": {"C": 230.82073927609184, "epsilon": 0.7172372240022752, "gamma": 0.06980627499183333}, "datetime": {"datetime": "2021-09-18 14:50:06", "elapsed": 115.716669, "delta": 0.865004}}
{"target": 0.8917896836345809, "params": {"C": 203.6264014907591, "epsilon": 0.19434524597194808, "gamma": 0.13135720234792692}, "datetime": {"datetime": "2021-09-18 14:50:07", "elapsed": 116.806372, "delta": 1.089703}}
{"target": 0.9044732986488969, "params": {"C": 221.88944600737713, "epsilon": 0.31102571826879777, "gamma": 0.0957102588323008}, "datetime": {"datetime": "2021-09-18 14:50:08", "elapsed": 117.627414, "delta": 0.821042}}
{"target": 0.8882842734479172, "params": {"C": 219.13439302391714, "epsilon": 0.0926953404934699, "gamma": 0.13601917115475948}, "datetime": {"datetime": "2021-09-18 14:50:09", "elapsed": 118.529896, "delta": 0.902482}}
{"target": 0.8935437943340494, "params": {"C": 215.21954368373724, "epsilon": 0.6253628934066496, "gamma": 0.1268141533668202}, "datetime": {"datetime": "2021-09-18 14:50:10", "elapsed": 119.2679, "delta": 0.738004}}
{"target": 0.9033544919414114, "params": {"C": 224.51284736635574, "epsilon": 0.5301375918817531, "gamma": 0.10535067634412695}, "datetime": {"datetime": "2021-09-18 14:50:11", "elapsed": 120.222337, "delta": 0.954437}}
{"target": 0.9092538240202686, "params": {"C": 311.0116604589152, "epsilon": 0.4963570773713033, "gamma": 0.07208564939084809}, "datetime": {"datetime": "2021-09-18 14:50:12", "elapsed": 121.540942, "delta": 1.318605}}
{"target": 0.9008629997670493, "params": {"C": 243.78502390468145, "epsilon": 0.2766411848063599, "gamma": 0.10462159034050955}, "datetime": {"datetime": "2021-09-18 14:50:13", "elapsed": 122.475883, "delta": 0.934941}}
{"target": 0.8963219336841575, "params": {"C": 230.08609309959127, "epsilon": 0.2673799774939842, "gamma": 0.11847014366787623}, "datetime": {"datetime": "2021-09-18 14:50:14", "elapsed": 123.254923, "delta": 0.77904}}
{"target": 0.8838733194578339, "params": {"C": 270.9052476499767, "epsilon": 0.3784900201436101, "gamma": 0.14267528296287557}, "datetime": {"datetime": "2021-09-18 14:50:15", "elapsed": 124.061506, "delta": 0.806583}}
{"target": 0.9003350825593229, "params": {"C": 222.80340761727405, "epsilon": 0.15532631630498644, "gamma": 0.06687638156816726}, "datetime": {"datetime": "2021-09-18 14:50:16", "elapsed": 125.10434, "delta": 1.042834}}
{"target": 0.9090197000810581, "params": {"C": 266.85180020032664, "epsilon": 0.5591333897316774, "gamma": 0.08279931129382513}, "datetime": {"datetime": "2021-09-18 14:50:17", "elapsed": 126.288854, "delta": 1.184514}}
{"target": 0.9028398127527846, "params": {"C": 292.05831683817655, "epsilon": 0.5540175173135635, "gamma": 0.060332310998848594}, "datetime": {"datetime": "2021-09-18 14:50:18", "elapsed": 127.23785, "delta": 0.948996}}
{"target": 0.9072348075807083, "params": {"C": 317.26356381628045, "epsilon": 0.44241802307430117, "gamma": 0.08016534172172014}, "datetime": {"datetime": "2021-09-18 14:50:19", "elapsed": 128.090817, "delta": 0.852967}}
{"target": 0.89242882643372, "params": {"C": 217.33162422623292, "epsilon": 0.6537151974882383, "gamma": 0.1304222595204233}, "datetime": {"datetime": "2021-09-18 14:50:20", "elapsed": 128.882856, "delta": 0.792039}}
{"target": 0.9053157775922053, "params": {"C": 208.19849002214247, "epsilon": 0.711108725593615, "gamma": 0.067369403197083}, "datetime": {"datetime": "2021-09-18 14:50:20", "elapsed": 129.654854, "delta": 0.771998}}
{"target": 0.904719181090578, "params": {"C": 226.50692195972317, "epsilon": 0.7251218047159705, "gamma": 0.0647362169244752}, "datetime": {"datetime": "2021-09-18 14:50:21", "elapsed": 130.459813, "delta": 0.804959}}
{"target": 0.9039337098365228, "params": {"C": 305.95254560452616, "epsilon": 0.43837556598387445, "gamma": 0.09172743188134078}, "datetime": {"datetime": "2021-09-18 14:50:22", "elapsed": 131.63585, "delta": 1.176037}}
{"target": 0.8945357514634894, "params": {"C": 230.860510762992, "epsilon": 0.16921231117074098, "gamma": 0.05008397101985648}, "datetime": {"datetime": "2021-09-18 14:50:23", "elapsed": 132.671816, "delta": 1.035966}}
{"target": 0.9013862547249442, "params": {"C": 270.8556389806243, "epsilon": 0.08748693402100798, "gamma": 0.09538859858406695}, "datetime": {"datetime": "2021-09-18 14:50:24", "elapsed": 133.470854, "delta": 0.799038}}
{"target": 0.9042835425709225, "params": {"C": 327.4664178925776, "epsilon": 0.38975605626632, "gamma": 0.06224338704829816}, "datetime": {"datetime": "2021-09-18 14:50:25", "elapsed": 134.336669, "delta": 0.865815}}
{"target": 0.9074748699745641, "params": {"C": 211.81633909956741, "epsilon": 0.652720135813969, "gamma": 0.09562323011829385}, "datetime": {"datetime": "2021-09-18 14:50:26", "elapsed": 135.325648, "delta": 0.988979}}
{"target": 0.9046105108418003, "params": {"C": 327.0123929862916, "epsilon": 0.3964427891631365, "gamma": 0.06262905399628611}, "datetime": {"datetime": "2021-09-18 14:50:27", "elapsed": 136.226631, "delta": 0.900983}}
{"target": 0.8917164806581566, "params": {"C": 276.6690997837574, "epsilon": 0.7217742607637151, "gamma": 0.1258497563003385}, "datetime": {"datetime": "2021-09-18 14:50:28", "elapsed": 137.076675, "delta": 0.850044}}
{"target": 0.8957706851211524, "params": {"C": 307.9520103184798, "epsilon": 0.15001654097930645, "gamma": 0.10550141339197922}, "datetime": {"datetime": "2021-09-18 14:50:29", "elapsed": 138.120668, "delta": 1.043993}}
{"target": 0.9025532443104332, "params": {"C": 230.23830972024953, "epsilon": 0.09888999945257139, "gamma": 0.07970151850063281}, "datetime": {"datetime": "2021-09-18 14:50:30", "elapsed": 139.175672, "delta": 1.055004}}
{"target": 0.8900341811431759, "params": {"C": 317.85946534994133, "epsilon": 0.6738512891552048, "gamma": 0.12488020968155457}, "datetime": {"datetime": "2021-09-18 14:50:31", "elapsed": 140.100675, "delta": 0.925003}}
{"target": 0.8836318167398023, "params": {"C": 298.3483660254069, "epsilon": 0.22299213645294824, "gamma": 0.1339525860334282}, "datetime": {"datetime": "2021-09-18 14:50:32", "elapsed": 141.011633, "delta": 0.910958}}
{"target": 0.8972330101406308, "params": {"C": 215.2561794748731, "epsilon": 0.15557088120252904, "gamma": 0.11768535786779251}, "datetime": {"datetime": "2021-09-18 14:50:33", "elapsed": 142.141639, "delta": 1.130006}}
{"target": 0.8982749675404338, "params": {"C": 295.4306149796149, "epsilon": 0.7890662142323264, "gamma": 0.10800305558015114}, "datetime": {"datetime": "2021-09-18 14:50:34", "elapsed": 143.486633, "delta": 1.344994}}
{"target": 0.8834766365849841, "params": {"C": 244.23773308827134, "epsilon": 0.16595630130793498, "gamma": 0.14584637754643892}, "datetime": {"datetime": "2021-09-18 14:50:35", "elapsed": 144.598632, "delta": 1.111999}}
{"target": 0.8877184340206703, "params": {"C": 315.97714097292123, "epsilon": 0.5117980242275175, "gamma": 0.1263781379641589}, "datetime": {"datetime": "2021-09-18 14:50:36", "elapsed": 145.733632, "delta": 1.135}}
{"target": 0.9011154268841968, "params": {"C": 328.61927224568933, "epsilon": 0.748608623402043, "gamma": 0.0555212282559872}, "datetime": {"datetime": "2021-09-18 14:50:37", "elapsed": 146.592669, "delta": 0.859037}}
{"target": 0.9093948230130765, "params": {"C": 275.90793773071783, "epsilon": 0.4701369072016823, "gamma": 0.07619253068951776}, "datetime": {"datetime": "2021-09-18 14:50:38", "elapsed": 147.49064, "delta": 0.897971}}
{"target": 0.8845508520436212, "params": {"C": 268.04092285122204, "epsilon": 0.05735050406040201, "gamma": 0.1354033047103867}, "datetime": {"datetime": "2021-09-18 14:50:40", "elapsed": 148.942631, "delta": 1.451991}}
{"target": 0.8953626070537464, "params": {"C": 251.89247092384107, "epsilon": 0.16200393393193474, "gamma": 0.05317706344420628}, "datetime": {"datetime": "2021-09-18 14:50:40", "elapsed": 149.82263, "delta": 0.879999}}
{"target": 0.9011052367231003, "params": {"C": 259.58666735889585, "epsilon": 0.6615947745751481, "gamma": 0.10765054943844521}, "datetime": {"datetime": "2021-09-18 14:50:42", "elapsed": 150.883629, "delta": 1.060999}}
{"target": 0.9103204875127657, "params": {"C": 231.56272992633822, "epsilon": 0.723453379488426, "gamma": 0.07419121970647002}, "datetime": {"datetime": "2021-09-18 14:50:43", "elapsed": 152.092629, "delta": 1.209}}
{"target": 0.8974112716490843, "params": {"C": 267.43884807409023, "epsilon": 0.20233287697273764, "gamma": 0.10893105853849622}, "datetime": {"datetime": "2021-09-18 14:50:44", "elapsed": 153.004681, "delta": 0.912052}}
{"target": 0.8906991572973524, "params": {"C": 317.55177845108494, "epsilon": 0.06200478672669041, "gamma": 0.1138898544612021}, "datetime": {"datetime": "2021-09-18 14:50:45", "elapsed": 153.996642, "delta": 0.991961}}
{"target": 0.9086381297368351, "params": {"C": 208.16283326653468, "epsilon": 0.7214611993069078, "gamma": 0.09134918701296697}, "datetime": {"datetime": "2021-09-18 14:50:46", "elapsed": 155.600672, "delta": 1.60403}}
{"target": 0.9014199637660009, "params": {"C": 253.7200930976639, "epsilon": 0.2666488782324522, "gamma": 0.06496357699986323}, "datetime": {"datetime": "2021-09-18 14:50:47", "elapsed": 156.542638, "delta": 0.941966}}
{"target": 0.9059675464065432, "params": {"C": 326.64714214282924, "epsilon": 0.5707722034434631, "gamma": 0.08893897456732026}, "datetime": {"datetime": "2021-09-18 14:50:48", "elapsed": 157.499639, "delta": 0.957001}}
{"target": 0.8928341581449477, "params": {"C": 300.7469106892323, "epsilon": 0.7493946903596029, "gamma": 0.12040962202982125}, "datetime": {"datetime": "2021-09-18 14:50:49", "elapsed": 158.433632, "delta": 0.933993}}
{"target": 0.9100505708981916, "params": {"C": 282.27720671579095, "epsilon": 0.6716993204362987, "gamma": 0.07878533964822027}, "datetime": {"datetime": "2021-09-18 14:50:50", "elapsed": 159.374671, "delta": 0.941039}}
{"target": 0.8896375821990146, "params": {"C": 274.0051587390936, "epsilon": 0.37666489072421483, "gamma": 0.1218061197660157}, "datetime": {"datetime": "2021-09-18 14:50:51", "elapsed": 160.345633, "delta": 0.970962}}
{"target": 0.9041079640895724, "params": {"C": 294.42426938356107, "epsilon": 0.6100079852358422, "gamma": 0.09638918417194475}, "datetime": {"datetime": "2021-09-18 14:50:52", "elapsed": 161.554633, "delta": 1.209}}
{"target": 0.8916334840528176, "params": {"C": 225.8042206817483, "epsilon": 0.5274347799375443, "gamma": 0.12761394617510627}, "datetime": {"datetime": "2021-09-18 14:50:53", "elapsed": 162.520673, "delta": 0.96604}}
{"target": 0.9079755933468378, "params": {"C": 260.40199176851405, "epsilon": 0.40416316356561965, "gamma": 0.08190102008315125}, "datetime": {"datetime": "2021-09-18 14:50:54", "elapsed": 163.492631, "delta": 0.971958}}
{"target": 0.8977829688588506, "params": {"C": 326.81741744387887, "epsilon": 0.2367488036941603, "gamma": 0.05949600009278749}, "datetime": {"datetime": "2021-09-18 14:50:55", "elapsed": 164.478639, "delta": 0.986008}}
{"target": 0.8948528219164709, "params": {"C": 269.14312221619224, "epsilon": 0.2815968356155537, "gamma": 0.050488433739983185}, "datetime": {"datetime": "2021-09-18 14:50:56", "elapsed": 165.398672, "delta": 0.920033}}
{"target": 0.8939356533170708, "params": {"C": 249.80373601262477, "epsilon": 0.601885540350978, "gamma": 0.12044551690543064}, "datetime": {"datetime": "2021-09-18 14:50:57", "elapsed": 166.349629, "delta": 0.950957}}
{"target": 0.9028948460124915, "params": {"C": 208.18239029556716, "epsilon": 0.7064146399771183, "gamma": 0.11160163082646263}, "datetime": {"datetime": "2021-09-18 14:50:59", "elapsed": 168.086629, "delta": 1.737}}
{"target": 0.9096627116017069, "params": {"C": 251.78244585996842, "epsilon": 0.5455962690280008, "gamma": 0.07822920189428566}, "datetime": {"datetime": "2021-09-18 14:51:00", "elapsed": 169.387669, "delta": 1.30104}}
{"target": 0.9074717860819033, "params": {"C": 282.2422979973909, "epsilon": 0.6709734757158836, "gamma": 0.09172143799322331}, "datetime": {"datetime": "2021-09-18 14:51:01", "elapsed": 170.692666, "delta": 1.304997}}
{"target": 0.8996618348037171, "params": {"C": 231.53214550261941, "epsilon": 0.7296633806766512, "gamma": 0.056171641379111126}, "datetime": {"datetime": "2021-09-18 14:51:03", "elapsed": 172.06863, "delta": 1.375964}}
{"target": 0.9008999280254187, "params": {"C": 206.82310857841276, "epsilon": 0.6636220153162183, "gamma": 0.05952050100694557}, "datetime": {"datetime": "2021-09-18 14:51:04", "elapsed": 173.393635, "delta": 1.325005}}
{"target": 0.9074068129471241, "params": {"C": 248.51429703438262, "epsilon": 0.6268157782904159, "gamma": 0.0681728370019651}, "datetime": {"datetime": "2021-09-18 14:51:05", "elapsed": 174.487358, "delta": 1.093723}}
{"target": 0.8909216257322601, "params": {"C": 202.38201835698004, "epsilon": 0.5833181933989983, "gamma": 0.13688303021778753}, "datetime": {"datetime": "2021-09-18 14:51:06", "elapsed": 175.450351, "delta": 0.962993}}
{"target": 0.9094993792467962, "params": {"C": 251.7994119011621, "epsilon": 0.5707132531016484, "gamma": 0.08074853345557383}, "datetime": {"datetime": "2021-09-18 14:51:07", "elapsed": 176.684071, "delta": 1.23372}}
{"target": 0.9051957595558473, "params": {"C": 287.46792765389444, "epsilon": 0.2163795309993519, "gamma": 0.07521506658801744}, "datetime": {"datetime": "2021-09-18 14:51:08", "elapsed": 177.69607, "delta": 1.011999}}
