{"target": 0.8974949774284866, "params": {"C": 115.68918749736544, "epsilon": 0.06188973871004834, "gamma": 0.06338806396644343}, "datetime": {"datetime": "2021-09-18 13:58:55", "elapsed": 30.173094, "delta": 0.369667}}
{"target": 0.898006766601953, "params": {"C": 117.93037950271392, "epsilon": 0.3426795935058502, "gamma": 0.12632094866062032}, "datetime": {"datetime": "2021-09-18 13:58:56", "elapsed": 30.635609, "delta": 0.462515}}
{"target": 0.8900184552806736, "params": {"C": 117.88768658752272, "epsilon": 0.7221851483807274, "gamma": 0.052223698052754286}, "datetime": {"datetime": "2021-09-18 13:58:56", "elapsed": 31.032878, "delta": 0.397269}}
{"target": 0.894160631103476, "params": {"C": 112.48121895763154, "epsilon": 0.763679022960598, "gamma": 0.14367538850352257}, "datetime": {"datetime": "2021-09-18 13:58:57", "elapsed": 31.536989, "delta": 0.504111}}
{"target": 0.8969875546493314, "params": {"C": 117.90726521789028, "epsilon": 0.6557006530267239, "gamma": 0.06585582416266514}, "datetime": {"datetime": "2021-09-18 13:58:57", "elapsed": 31.978527, "delta": 0.441538}}
{"target": 0.9011305432322361, "params": {"C": 100.51411648808926, "epsilon": 0.2545725544386264, "gamma": 0.09418918433463966}, "datetime": {"datetime": "2021-09-18 13:58:58", "elapsed": 32.341218, "delta": 0.362691}}
{"target": 0.8985227549312098, "params": {"C": 95.66034159760643, "epsilon": 0.7648026758265186, "gamma": 0.0763355032602844}, "datetime": {"datetime": "2021-09-18 13:58:58", "elapsed": 32.826097, "delta": 0.484879}}
{"target": 0.9013909438705288, "params": {"C": 117.87892833834687, "epsilon": 0.41820027498137513, "gamma": 0.07814921913346337}, "datetime": {"datetime": "2021-09-18 13:58:58", "elapsed": 33.256363, "delta": 0.430266}}
{"target": 0.901205216575413, "params": {"C": 112.40016518356857, "epsilon": 0.7840400058226001, "gamma": 0.11627255444346958}, "datetime": {"datetime": "2021-09-18 13:58:59", "elapsed": 33.658582, "delta": 0.402219}}
{"target": 0.9025934282728918, "params": {"C": 117.99714258418075, "epsilon": 0.38080058238450804, "gamma": 0.11195727607020914}, "datetime": {"datetime": "2021-09-18 13:58:59", "elapsed": 34.143183, "delta": 0.484601}}
{"target": 0.8971543418933509, "params": {"C": 97.47138855497153, "epsilon": 0.145279375610508, "gamma": 0.06367604444559151}, "datetime": {"datetime": "2021-09-18 13:59:00", "elapsed": 34.523209, "delta": 0.380026}}
{"target": 0.8995805731786319, "params": {"C": 118.06910066230225, "epsilon": 0.3338892410018613, "gamma": 0.06509528645282131}, "datetime": {"datetime": "2021-09-18 13:59:00", "elapsed": 35.010429, "delta": 0.48722}}
{"target": 0.8982989216092171, "params": {"C": 76.82144754554656, "epsilon": 0.4355388445836295, "gamma": 0.09390168934447833}, "datetime": {"datetime": "2021-09-18 13:59:01", "elapsed": 35.391482, "delta": 0.381053}}
{"target": 0.9003320523926166, "params": {"C": 117.94588788722638, "epsilon": 0.44440825173759385, "gamma": 0.12011929995706723}, "datetime": {"datetime": "2021-09-18 13:59:01", "elapsed": 35.849931, "delta": 0.458449}}
{"target": 0.9051823988981125, "params": {"C": 112.44094325445678, "epsilon": 0.7344048320920618, "gamma": 0.10145847903511493}, "datetime": {"datetime": "2021-09-18 13:59:01", "elapsed": 36.297716, "delta": 0.447785}}
{"target": 0.9020897659588332, "params": {"C": 117.83349029811578, "epsilon": 0.6256896262490449, "gamma": 0.11454446190931312}, "datetime": {"datetime": "2021-09-18 13:59:02", "elapsed": 36.695146, "delta": 0.39743}}
{"target": 0.8997687580733376, "params": {"C": 117.96137910571815, "epsilon": 0.4048506445475147, "gamma": 0.12131048185326446}, "datetime": {"datetime": "2021-09-18 13:59:02", "elapsed": 37.210315, "delta": 0.515169}}
{"target": 0.9050044651634719, "params": {"C": 112.47306282576876, "epsilon": 0.7262434140990436, "gamma": 0.09077650076723202}, "datetime": {"datetime": "2021-09-18 13:59:03", "elapsed": 37.685733, "delta": 0.475418}}
{"target": 0.8964614215481347, "params": {"C": 75.93377556640334, "epsilon": 0.4489351921148067, "gamma": 0.1346825696362544}, "datetime": {"datetime": "2021-09-18 13:59:03", "elapsed": 38.095691, "delta": 0.409958}}
{"target": 0.9058808073368827, "params": {"C": 117.9948586366134, "epsilon": 0.5370681016536073, "gamma": 0.09399211833605589}, "datetime": {"datetime": "2021-09-18 13:59:04", "elapsed": 38.488692, "delta": 0.393001}}
{"target": 0.9005044600108318, "params": {"C": 112.36119527661646, "epsilon": 0.6248361410572957, "gamma": 0.11950444366524655}, "datetime": {"datetime": "2021-09-18 13:59:04", "elapsed": 38.943207, "delta": 0.454515}}
{"target": 0.904037059514951, "params": {"C": 112.39255545985554, "epsilon": 0.7390141932690624, "gamma": 0.08603614710521965}, "datetime": {"datetime": "2021-09-18 13:59:05", "elapsed": 39.510208, "delta": 0.567001}}
{"target": 0.9047375317125128, "params": {"C": 105.14174857427327, "epsilon": 0.5425451081539895, "gamma": 0.09890105658219109}, "datetime": {"datetime": "2021-09-18 13:59:05", "elapsed": 39.971638, "delta": 0.46143}}
{"target": 0.9030379002073382, "params": {"C": 93.42713844202008, "epsilon": 0.680988862003103, "gamma": 0.10343178841295778}, "datetime": {"datetime": "2021-09-18 13:59:06", "elapsed": 40.373508, "delta": 0.40187}}
{"target": 0.904725150784477, "params": {"C": 105.12406221783726, "epsilon": 0.5168702005980486, "gamma": 0.09983472669413679}, "datetime": {"datetime": "2021-09-18 13:59:06", "elapsed": 40.918135, "delta": 0.544627}}
{"target": 0.8986533244390867, "params": {"C": 105.10286935482857, "epsilon": 0.5432617595446181, "gamma": 0.06681143968990921}, "datetime": {"datetime": "2021-09-18 13:59:07", "elapsed": 41.508083, "delta": 0.589948}}
{"target": 0.8985978407937475, "params": {"C": 105.17577859918607, "epsilon": 0.52296287920109, "gamma": 0.12641244088742726}, "datetime": {"datetime": "2021-09-18 13:59:07", "elapsed": 42.131013, "delta": 0.62293}}
{"target": 0.9035655939126862, "params": {"C": 112.49983299322821, "epsilon": 0.7453428461754085, "gamma": 0.08459398798680402}, "datetime": {"datetime": "2021-09-18 13:59:08", "elapsed": 42.647866, "delta": 0.516853}}
{"target": 0.902738496239687, "params": {"C": 93.4433718987201, "epsilon": 0.6481369208142254, "gamma": 0.09476307389512106}, "datetime": {"datetime": "2021-09-18 13:59:09", "elapsed": 43.38472, "delta": 0.736854}}
{"target": 0.9003927524198281, "params": {"C": 105.13221122508024, "epsilon": 0.4797061910572286, "gamma": 0.08002180222116026}, "datetime": {"datetime": "2021-09-18 13:59:09", "elapsed": 44.066374, "delta": 0.681654}}
{"target": 0.8986707861481618, "params": {"C": 105.08240463649064, "epsilon": 0.5070816237069209, "gamma": 0.1261417147742545}, "datetime": {"datetime": "2021-09-18 13:59:10", "elapsed": 44.574238, "delta": 0.507864}}
{"target": 0.8969015149497523, "params": {"C": 77.36022061821225, "epsilon": 0.6344251848314217, "gamma": 0.08382488804475077}, "datetime": {"datetime": "2021-09-18 13:59:10", "elapsed": 45.000875, "delta": 0.426637}}
{"target": 0.8982833163799168, "params": {"C": 84.61882817007921, "epsilon": 0.13321843067464215, "gamma": 0.09312348105756962}, "datetime": {"datetime": "2021-09-18 13:59:11", "elapsed": 45.475094, "delta": 0.474219}}
{"target": 0.8980537256230918, "params": {"C": 100.91533584400737, "epsilon": 0.6689021746737128, "gamma": 0.13491719179366937}, "datetime": {"datetime": "2021-09-18 13:59:11", "elapsed": 45.928982, "delta": 0.453888}}
{"target": 0.8992979005641782, "params": {"C": 105.15193603297071, "epsilon": 0.5170712912470019, "gamma": 0.06847224897262853}, "datetime": {"datetime": "2021-09-18 13:59:12", "elapsed": 46.473908, "delta": 0.544926}}
{"target": 0.8998720180062223, "params": {"C": 117.26313804131087, "epsilon": 0.15770976248769839, "gamma": 0.07373635346133661}, "datetime": {"datetime": "2021-09-18 13:59:12", "elapsed": 46.937433, "delta": 0.463525}}
{"target": 0.8989401400190733, "params": {"C": 95.6250303398113, "epsilon": 0.660405816997177, "gamma": 0.07987163660337816}, "datetime": {"datetime": "2021-09-18 13:59:13", "elapsed": 47.39148, "delta": 0.454047}}
{"target": 0.8995842808783621, "params": {"C": 117.92964674832945, "epsilon": 0.4685356747786639, "gamma": 0.06686359047249327}, "datetime": {"datetime": "2021-09-18 13:59:13", "elapsed": 48.093307, "delta": 0.701827}}
{"target": 0.9019662582288949, "params": {"C": 105.11304293373723, "epsilon": 0.567190514309218, "gamma": 0.11473119868674143}, "datetime": {"datetime": "2021-09-18 13:59:14", "elapsed": 48.625309, "delta": 0.532002}}
{"target": 0.8980087799072666, "params": {"C": 93.45238826307582, "epsilon": 0.6469291114012687, "gamma": 0.13054952182366422}, "datetime": {"datetime": "2021-09-18 13:59:15", "elapsed": 49.61225, "delta": 0.986941}}
{"target": 0.905123067023786, "params": {"C": 117.88753966058027, "epsilon": 0.660213858740479, "gamma": 0.10334950534955774}, "datetime": {"datetime": "2021-09-18 13:59:15", "elapsed": 50.207192, "delta": 0.594942}}
{"target": 0.9010284769229997, "params": {"C": 82.91906564191068, "epsilon": 0.49147180902598875, "gamma": 0.1032221798190309}, "datetime": {"datetime": "2021-09-18 13:59:16", "elapsed": 50.709546, "delta": 0.502354}}
{"target": 0.9048697073710135, "params": {"C": 117.91341625868748, "epsilon": 0.6842575610462235, "gamma": 0.10431599955149046}, "datetime": {"datetime": "2021-09-18 13:59:17", "elapsed": 51.316926, "delta": 0.60738}}
{"target": 0.9059677106738624, "params": {"C": 117.97984108349878, "epsilon": 0.5262806234561116, "gamma": 0.09560319637565572}, "datetime": {"datetime": "2021-09-18 13:59:17", "elapsed": 51.886035, "delta": 0.569109}}
{"target": 0.9028497500865122, "params": {"C": 106.016616177557, "epsilon": 0.4680531598281746, "gamma": 0.11077054170785022}, "datetime": {"datetime": "2021-09-18 13:59:18", "elapsed": 52.517224, "delta": 0.631189}}
{"target": 0.8991457007450099, "params": {"C": 93.39662314009391, "epsilon": 0.6522128688808853, "gamma": 0.08134496869883846}, "datetime": {"datetime": "2021-09-18 13:59:18", "elapsed": 53.22324, "delta": 0.706016}}
{"target": 0.9053032378240442, "params": {"C": 112.5263830277412, "epsilon": 0.7036538642728429, "gamma": 0.0931674574878942}, "datetime": {"datetime": "2021-09-18 13:59:19", "elapsed": 53.866411, "delta": 0.643171}}
{"target": 0.9013933177313116, "params": {"C": 112.5402652658951, "epsilon": 0.73007279458439, "gamma": 0.11615077579422274}, "datetime": {"datetime": "2021-09-18 13:59:20", "elapsed": 54.672477, "delta": 0.806066}}
{"target": 0.8983317790264534, "params": {"C": 106.44499978660949, "epsilon": 0.25944947089006265, "gamma": 0.06306876763024756}, "datetime": {"datetime": "2021-09-18 13:59:20", "elapsed": 55.182807, "delta": 0.51033}}
{"target": 0.8996027304478745, "params": {"C": 97.46365451382547, "epsilon": 0.18984766728714064, "gamma": 0.07536380464862853}, "datetime": {"datetime": "2021-09-18 13:59:21", "elapsed": 55.687145, "delta": 0.504338}}
{"target": 0.9047459748981069, "params": {"C": 112.53344239458673, "epsilon": 0.6745922518968854, "gamma": 0.1041345078434716}, "datetime": {"datetime": "2021-09-18 13:59:22", "elapsed": 56.418317, "delta": 0.731172}}
{"target": 0.8991166771404536, "params": {"C": 86.54857242103685, "epsilon": 0.5597121131292861, "gamma": 0.12355671237689737}, "datetime": {"datetime": "2021-09-18 13:59:22", "elapsed": 56.907639, "delta": 0.489322}}
{"target": 0.8991373414578373, "params": {"C": 85.54397037016999, "epsilon": 0.20277969228566387, "gamma": 0.11432346620788661}, "datetime": {"datetime": "2021-09-18 13:59:23", "elapsed": 57.442163, "delta": 0.534524}}
{"target": 0.8917729642364662, "params": {"C": 112.54935964713539, "epsilon": 0.6641657640076094, "gamma": 0.05454874636980789}, "datetime": {"datetime": "2021-09-18 13:59:23", "elapsed": 58.176539, "delta": 0.734376}}
{"target": 0.9009439418961788, "params": {"C": 101.67116373385232, "epsilon": 0.6649947116387529, "gamma": 0.08333492804579093}, "datetime": {"datetime": "2021-09-18 13:59:24", "elapsed": 58.662453, "delta": 0.485914}}
{"target": 0.8954887676920226, "params": {"C": 93.45570317092252, "epsilon": 0.6855734320119664, "gamma": 0.06780688779225527}, "datetime": {"datetime": "2021-09-18 13:59:25", "elapsed": 59.37553, "delta": 0.713077}}
{"target": 0.8960107881489836, "params": {"C": 112.5420063540877, "epsilon": 0.6579109386489345, "gamma": 0.1413687269778776}, "datetime": {"datetime": "2021-09-18 13:59:25", "elapsed": 60.069343, "delta": 0.693813}}
{"target": 0.9021934698284545, "params": {"C": 112.42035540476547, "epsilon": 0.7293622636628703, "gamma": 0.08096592147193724}, "datetime": {"datetime": "2021-09-18 13:59:26", "elapsed": 60.77322, "delta": 0.703877}}
{"target": 0.9044148444963958, "params": {"C": 105.15627791122007, "epsilon": 0.5793903530046477, "gamma": 0.0944970102092485}, "datetime": {"datetime": "2021-09-18 13:59:27", "elapsed": 61.568308, "delta": 0.795088}}
{"target": 0.9018568282045446, "params": {"C": 113.18438207440492, "epsilon": 0.13515353947519212, "gamma": 0.09750865924725519}, "datetime": {"datetime": "2021-09-18 13:59:27", "elapsed": 62.13024, "delta": 0.561932}}
{"target": 0.900200013720249, "params": {"C": 77.21901568689553, "epsilon": 0.4556187529938149, "gamma": 0.10907483235022512}, "datetime": {"datetime": "2021-09-18 13:59:28", "elapsed": 62.670908, "delta": 0.540668}}
{"target": 0.9022266089064197, "params": {"C": 118.00698892575608, "epsilon": 0.476664573899118, "gamma": 0.0813525546601384}, "datetime": {"datetime": "2021-09-18 13:59:29", "elapsed": 63.318069, "delta": 0.647161}}
{"target": 0.8962621977349897, "params": {"C": 112.50623245422116, "epsilon": 0.7083971775033493, "gamma": 0.06475634273449085}, "datetime": {"datetime": "2021-09-18 13:59:29", "elapsed": 64.083596, "delta": 0.765527}}
{"target": 0.9000489128904027, "params": {"C": 112.49343677287665, "epsilon": 0.711742556830623, "gamma": 0.12122007323903236}, "datetime": {"datetime": "2021-09-18 13:59:30", "elapsed": 64.755389, "delta": 0.671793}}
{"target": 0.8995543881457926, "params": {"C": 90.01891684744515, "epsilon": 0.23225611726648432, "gamma": 0.09849808922086464}, "datetime": {"datetime": "2021-09-18 13:59:30", "elapsed": 65.288305, "delta": 0.532916}}
{"target": 0.9002605940830551, "params": {"C": 109.77819087946958, "epsilon": 0.19723216544749939, "gamma": 0.07883756258120377}, "datetime": {"datetime": "2021-09-18 13:59:31", "elapsed": 65.837306, "delta": 0.549001}}
{"target": 0.9050695172528292, "params": {"C": 116.63795569254208, "epsilon": 0.5986174170017586, "gamma": 0.1037153344031802}, "datetime": {"datetime": "2021-09-18 13:59:32", "elapsed": 66.438475, "delta": 0.601169}}
{"target": 0.9022208204797051, "params": {"C": 116.66404936495958, "epsilon": 0.6166556011986576, "gamma": 0.08024091215819903}, "datetime": {"datetime": "2021-09-18 13:59:33", "elapsed": 67.550597, "delta": 1.112122}}
{"target": 0.8996527820076647, "params": {"C": 117.92647226392694, "epsilon": 0.6502921498943374, "gamma": 0.12383899546648994}, "datetime": {"datetime": "2021-09-18 13:59:34", "elapsed": 68.473012, "delta": 0.922415}}
{"target": 0.9013259477935178, "params": {"C": 116.61737770491098, "epsilon": 0.55945271587395, "gamma": 0.07777640497828193}, "datetime": {"datetime": "2021-09-18 13:59:35", "elapsed": 69.457153, "delta": 0.984141}}
{"target": 0.8908986745528097, "params": {"C": 75.62481824143362, "epsilon": 0.6018469592707075, "gamma": 0.05868614630584003}, "datetime": {"datetime": "2021-09-18 13:59:35", "elapsed": 70.055496, "delta": 0.598343}}
{"target": 0.897807113807032, "params": {"C": 105.15481169122943, "epsilon": 0.6240578014584435, "gamma": 0.07261636350392367}, "datetime": {"datetime": "2021-09-18 13:59:36", "elapsed": 71.134453, "delta": 1.078957}}
{"target": 0.9034714506060422, "params": {"C": 105.19469347515016, "epsilon": 0.5887260665749863, "gamma": 0.10919838288901967}, "datetime": {"datetime": "2021-09-18 13:59:37", "elapsed": 71.8432, "delta": 0.708747}}
{"target": 0.8995463163578608, "params": {"C": 90.2539562150872, "epsilon": 0.2662879077817357, "gamma": 0.08631379966476956}, "datetime": {"datetime": "2021-09-18 13:59:38", "elapsed": 72.397517, "delta": 0.554317}}
{"target": 0.9008351232390559, "params": {"C": 116.599888007993, "epsilon": 0.5959829363100153, "gamma": 0.11857483390078333}, "datetime": {"datetime": "2021-09-18 13:59:38", "elapsed": 73.306557, "delta": 0.90904}}
{"target": 0.8997427037702492, "params": {"C": 106.00931660762697, "epsilon": 0.4461347698841337, "gamma": 0.06910174472246274}, "datetime": {"datetime": "2021-09-18 13:59:39", "elapsed": 74.066912, "delta": 0.760355}}
{"target": 0.8971719526780427, "params": {"C": 105.99399111948976, "epsilon": 0.5025076246572964, "gamma": 0.13412767541721374}, "datetime": {"datetime": "2021-09-18 13:59:40", "elapsed": 74.77041, "delta": 0.703498}}
{"target": 0.8984011240405734, "params": {"C": 105.1407756636342, "epsilon": 0.548028156004567, "gamma": 0.12782786151085984}, "datetime": {"datetime": "2021-09-18 13:59:41", "elapsed": 75.577154, "delta": 0.806744}}
{"target": 0.894137976914384, "params": {"C": 89.77328979986791, "epsilon": 0.34608017978411426, "gamma": 0.057114298021074386}, "datetime": {"datetime": "2021-09-18 13:59:41", "elapsed": 76.137786, "delta": 0.560632}}
{"target": 0.8981572613290822, "params": {"C": 80.76831669039005, "epsilon": 0.04806899698655194, "gamma": 0.08314433907238947}, "datetime": {"datetime": "2021-09-18 13:59:42", "elapsed": 76.799873, "delta": 0.662087}}
{"target": 0.9045339543717624, "params": {"C": 116.66052264675075, "epsilon": 0.5775671428800238, "gamma": 0.1059541831428695}, "datetime": {"datetime": "2021-09-18 13:59:43", "elapsed": 77.951181, "delta": 1.151308}}
{"target": 0.9051194284032185, "params": {"C": 117.97780324548698, "epsilon": 0.49764014566630543, "gamma": 0.10247883902802922}, "datetime": {"datetime": "2021-09-18 13:59:44", "elapsed": 78.843134, "delta": 0.891953}}
{"target": 0.895571627329468, "params": {"C": 105.97807612587775, "epsilon": 0.7762246526597585, "gamma": 0.14161971002604679}, "datetime": {"datetime": "2021-09-18 13:59:45", "elapsed": 79.454248, "delta": 0.611114}}
{"target": 0.9063112012646515, "params": {"C": 117.87284446044247, "epsilon": 0.6835612420844545, "gamma": 0.09639310562860409}, "datetime": {"datetime": "2021-09-18 13:59:45", "elapsed": 80.269164, "delta": 0.814916}}
{"target": 0.8999389502518205, "params": {"C": 116.64467941492376, "epsilon": 0.5743488788563275, "gamma": 0.12207032138244324}, "datetime": {"datetime": "2021-09-18 13:59:46", "elapsed": 81.240263, "delta": 0.971099}}
{"target": 0.9049123670130605, "params": {"C": 116.70774781582402, "epsilon": 0.5331658318908848, "gamma": 0.10380874848792485}, "datetime": {"datetime": "2021-09-18 13:59:47", "elapsed": 82.175013, "delta": 0.93475}}
{"target": 0.9014079872397278, "params": {"C": 118.0008789702578, "epsilon": 0.4918102486948296, "gamma": 0.11661592064832517}, "datetime": {"datetime": "2021-09-18 13:59:48", "elapsed": 82.821142, "delta": 0.646129}}
{"target": 0.8994697795606097, "params": {"C": 116.68973499668564, "epsilon": 0.535033236030544, "gamma": 0.07115172664528516}, "datetime": {"datetime": "2021-09-18 13:59:49", "elapsed": 83.61133, "delta": 0.790188}}
{"target": 0.9032864341202812, "params": {"C": 116.67654715388113, "epsilon": 0.5140586063143617, "gamma": 0.1103123853563983}, "datetime": {"datetime": "2021-09-18 13:59:50", "elapsed": 84.501414, "delta": 0.890084}}
{"target": 0.9043144860426798, "params": {"C": 116.6245937097439, "epsilon": 0.6131204223260547, "gamma": 0.08591110463549174}, "datetime": {"datetime": "2021-09-18 13:59:50", "elapsed": 85.260518, "delta": 0.759104}}
{"target": 0.9032047562332335, "params": {"C": 116.7576814767725, "epsilon": 0.5275607402594151, "gamma": 0.08524462320803436}, "datetime": {"datetime": "2021-09-18 13:59:51", "elapsed": 86.128303, "delta": 0.867785}}
{"target": 0.889836552438014, "params": {"C": 108.12068784081748, "epsilon": 0.782463492822731, "gamma": 0.05336693646801896}, "datetime": {"datetime": "2021-09-18 13:59:52", "elapsed": 86.751618, "delta": 0.623315}}
{"target": 0.8987590469876, "params": {"C": 116.69716538521007, "epsilon": 0.5847984869308147, "gamma": 0.1306446217827421}, "datetime": {"datetime": "2021-09-18 13:59:53", "elapsed": 87.55263, "delta": 0.801012}}
{"target": 0.8981063055372704, "params": {"C": 116.7595451231144, "epsilon": 0.5370477403867979, "gamma": 0.1326371480116038}, "datetime": {"datetime": "2021-09-18 13:59:54", "elapsed": 88.37356, "delta": 0.82093}}
{"target": 0.9035051532580324, "params": {"C": 116.72511506836963, "epsilon": 0.5063466261935524, "gamma": 0.10943108331891357}, "datetime": {"datetime": "2021-09-18 13:59:54", "elapsed": 89.277255, "delta": 0.903695}}
{"target": 0.90333833874024, "params": {"C": 116.63526299754248, "epsilon": 0.6388846202619168, "gamma": 0.11032504614898445}, "datetime": {"datetime": "2021-09-18 13:59:55", "elapsed": 90.094463, "delta": 0.817208}}
{"target": 0.8973693140636534, "params": {"C": 82.32229758443516, "epsilon": 0.09693760578694538, "gamma": 0.10017591750045687}, "datetime": {"datetime": "2021-09-18 13:59:56", "elapsed": 90.796575, "delta": 0.702112}}
{"target": 0.9004413009630151, "params": {"C": 117.84121348876526, "epsilon": 0.36885428175891577, "gamma": 0.07232582250469509}, "datetime": {"datetime": "2021-09-18 13:59:57", "elapsed": 91.591763, "delta": 0.795188}}
{"target": 0.9039298303936476, "params": {"C": 112.47056134517388, "epsilon": 0.7537643148345482, "gamma": 0.08575394926726904}, "datetime": {"datetime": "2021-09-18 13:59:58", "elapsed": 92.362325, "delta": 0.770562}}
{"target": 0.8966432756295108, "params": {"C": 86.25415538535786, "epsilon": 0.20286572936730865, "gamma": 0.13153829630864766}, "datetime": {"datetime": "2021-09-18 13:59:58", "elapsed": 93.141513, "delta": 0.779188}}
