{"target": -10.946291381898636, "params": {"C": 150.55261296915995, "epsilon": 0.05503665279239717, "gamma": 0.01695385279064762}, "datetime": {"datetime": "2021-09-27 18:20:56", "elapsed": 55.402746, "delta": 0.891519}}
{"target": -10.585198950343095, "params": {"C": 151.39061088773713, "epsilon": 0.064757858723761, "gamma": 0.02224529998627522}, "datetime": {"datetime": "2021-09-27 18:20:57", "elapsed": 56.00775, "delta": 0.605004}}
{"target": -10.833376095322524, "params": {"C": 150.96791955798008, "epsilon": 0.5922985199142223, "gamma": 0.0572208526228466}, "datetime": {"datetime": "2021-09-27 18:20:57", "elapsed": 56.703744, "delta": 0.695994}}
{"target": -13.220946278620122, "params": {"C": 151.22832003716428, "epsilon": 0.8163263756115456, "gamma": 0.1150510900586353}, "datetime": {"datetime": "2021-09-27 18:20:58", "elapsed": 57.716493, "delta": 1.012749}}
{"target": -10.885128950637187, "params": {"C": 152.2499206283752, "epsilon": 0.4725662719928353, "gamma": 0.01}, "datetime": {"datetime": "2021-09-27 18:20:59", "elapsed": 58.501349, "delta": 0.784856}}
{"target": -15.322210160747607, "params": {"C": 152.20163508787104, "epsilon": 0.422288614146775, "gamma": 0.24568531327197493}, "datetime": {"datetime": "2021-09-27 18:21:00", "elapsed": 59.336534, "delta": 0.835185}}
{"target": -10.512814198615976, "params": {"C": 151.10098973383626, "epsilon": 0.01592785870728458, "gamma": 0.024710220897674336}, "datetime": {"datetime": "2021-09-27 18:21:01", "elapsed": 60.262533, "delta": 0.925999}}
{"target": -10.54261618552445, "params": {"C": 152.2792923596243, "epsilon": 0.7089682531203757, "gamma": 0.024806271638594942}, "datetime": {"datetime": "2021-09-27 18:21:01", "elapsed": 60.950541, "delta": 0.688008}}
{"target": -10.928643521010265, "params": {"C": 152.50573260078778, "epsilon": 0.6146243484995241, "gamma": 0.01}, "datetime": {"datetime": "2021-09-27 18:21:02", "elapsed": 61.670704, "delta": 0.720163}}
{"target": -10.49332826221235, "params": {"C": 163.82368626776923, "epsilon": 0.7480853941651446, "gamma": 0.03209377185766015}, "datetime": {"datetime": "2021-09-27 18:21:03", "elapsed": 62.176704, "delta": 0.506}}
{"target": -10.462743782313808, "params": {"C": 169.30917297897264, "epsilon": 0.2251607652449486, "gamma": 0.04340006353007239}, "datetime": {"datetime": "2021-09-27 18:21:03", "elapsed": 62.782704, "delta": 0.606}}
{"target": -11.922692554916017, "params": {"C": 178.50466332091221, "epsilon": 0.1324509119038736, "gamma": 0.09161274850840126}, "datetime": {"datetime": "2021-09-27 18:21:04", "elapsed": 63.404507, "delta": 0.621803}}
{"target": -14.156426896651265, "params": {"C": 169.32671405223218, "epsilon": 0.028883810645714544, "gamma": 0.17803119306589324}, "datetime": {"datetime": "2021-09-27 18:21:05", "elapsed": 64.3935, "delta": 0.988993}}
{"target": -15.599974321311114, "params": {"C": 190.29935262607302, "epsilon": 0.33173135917692226, "gamma": 0.2796584894348582}, "datetime": {"datetime": "2021-09-27 18:21:06", "elapsed": 65.036508, "delta": 0.643008}}
{"target": -10.930864111675872, "params": {"C": 169.13363871184745, "epsilon": 0.3320243123661154, "gamma": 0.01}, "datetime": {"datetime": "2021-09-27 18:21:06", "elapsed": 65.862139, "delta": 0.825631}}
{"target": -10.807020053210799, "params": {"C": 169.36686113369498, "epsilon": 0.3814115243244432, "gamma": 0.015885094009506037}, "datetime": {"datetime": "2021-09-27 18:21:07", "elapsed": 66.744141, "delta": 0.882002}}
{"target": -11.380746819674572, "params": {"C": 152.4584352462298, "epsilon": 0.8944805240449175, "gamma": 0.01}, "datetime": {"datetime": "2021-09-27 18:21:08", "elapsed": 67.510686, "delta": 0.766545}}
{"target": -15.909066920067252, "params": {"C": 196.39000284253495, "epsilon": 0.8999387621965945, "gamma": 0.24724353910558294}, "datetime": {"datetime": "2021-09-27 18:21:09", "elapsed": 68.554336, "delta": 1.04365}}
{"target": -13.15856238896416, "params": {"C": 152.19146851091142, "epsilon": 0.9391726237462563, "gamma": 0.11001882236057697}, "datetime": {"datetime": "2021-09-27 18:21:10", "elapsed": 69.363036, "delta": 0.8087}}
{"target": -10.233667119336314, "params": {"C": 151.76582566472555, "epsilon": 0.2527754941786131, "gamma": 0.02899831605867253}, "datetime": {"datetime": "2021-09-27 18:21:10", "elapsed": 69.893028, "delta": 0.529992}}
{"target": -10.986996698771508, "params": {"C": 169.61101834048046, "epsilon": 0.26959439984128564, "gamma": 0.01}, "datetime": {"datetime": "2021-09-27 18:21:11", "elapsed": 70.802033, "delta": 0.909005}}
{"target": -13.876026276173715, "params": {"C": 169.75011936850257, "epsilon": 0.4828356231638802, "gamma": 0.14106364224852339}, "datetime": {"datetime": "2021-09-27 18:21:12", "elapsed": 71.803227, "delta": 1.001194}}
{"target": -11.18317531842598, "params": {"C": 152.7697871425174, "epsilon": 0.7843942585102496, "gamma": 0.01}, "datetime": {"datetime": "2021-09-27 18:21:13", "elapsed": 72.867228, "delta": 1.064001}}
{"target": -15.949960640403434, "params": {"C": 152.64348430076416, "epsilon": 0.870969322980152, "gamma": 0.2657094901521441}, "datetime": {"datetime": "2021-09-27 18:21:14", "elapsed": 73.729468, "delta": 0.86224}}
{"target": -10.896884665688859, "params": {"C": 152.8255922286695, "epsilon": 0.5041411805132707, "gamma": 0.01}, "datetime": {"datetime": "2021-09-27 18:21:15", "elapsed": 74.534474, "delta": 0.805006}}
{"target": -10.998842621004293, "params": {"C": 153.06910075661963, "epsilon": 0.7187080129684489, "gamma": 0.010324308942037588}, "datetime": {"datetime": "2021-09-27 18:21:16", "elapsed": 75.453917, "delta": 0.919443}}
{"target": -14.636350704552001, "params": {"C": 153.1014076398193, "epsilon": 0.4763593176575441, "gamma": 0.1864960029227902}, "datetime": {"datetime": "2021-09-27 18:21:17", "elapsed": 76.399916, "delta": 0.945999}}
{"target": -10.768580489231853, "params": {"C": 152.54912425622362, "epsilon": 0.34216548843666345, "gamma": 0.016057512280737145}, "datetime": {"datetime": "2021-09-27 18:21:18", "elapsed": 77.270848, "delta": 0.870932}}
{"target": -10.717686529581389, "params": {"C": 153.17391247314626, "epsilon": 0.9216557663737885, "gamma": 0.04515516108455817}, "datetime": {"datetime": "2021-09-27 18:21:18", "elapsed": 77.91984, "delta": 0.648992}}
{"target": -10.829544553642494, "params": {"C": 152.72451714389774, "epsilon": 0.15660295275477196, "gamma": 0.05836479291302832}, "datetime": {"datetime": "2021-09-27 18:21:19", "elapsed": 78.866144, "delta": 0.946304}}
{"target": -10.629912744388474, "params": {"C": 152.42473924661167, "epsilon": 0.005339927022592778, "gamma": 0.02143480468674142}, "datetime": {"datetime": "2021-09-27 18:21:20", "elapsed": 79.753325, "delta": 0.887181}}
{"target": -14.042332476059032, "params": {"C": 152.62129217663022, "epsilon": 0.04421170416101963, "gamma": 0.1781513422966567}, "datetime": {"datetime": "2021-09-27 18:21:21", "elapsed": 80.72432, "delta": 0.970995}}
{"target": -11.937979552058664, "params": {"C": 153.42968624072293, "epsilon": 0.9195927894656513, "gamma": 0.08070350497724883}, "datetime": {"datetime": "2021-09-27 18:21:22", "elapsed": 81.748572, "delta": 1.024252}}
{"target": -10.307707678530436, "params": {"C": 152.21190838779114, "epsilon": 0.10516080102637741, "gamma": 0.03732899973511325}, "datetime": {"datetime": "2021-09-27 18:21:23", "elapsed": 82.695576, "delta": 0.947004}}
{"target": -15.95200058593615, "params": {"C": 163.57199472158746, "epsilon": 0.8897689037341843, "gamma": 0.2598578417418087}, "datetime": {"datetime": "2021-09-27 18:21:24", "elapsed": 83.466764, "delta": 0.771188}}
{"target": -10.497484567355514, "params": {"C": 152.07365012330644, "epsilon": 0.0342255572820429, "gamma": 0.04526489110474492}, "datetime": {"datetime": "2021-09-27 18:21:25", "elapsed": 84.393769, "delta": 0.927005}}
{"target": -10.641537766604465, "params": {"C": 152.9383459967529, "epsilon": 0.9668483011300991, "gamma": 0.03834329481592725}, "datetime": {"datetime": "2021-09-27 18:21:26", "elapsed": 85.242599, "delta": 0.84883}}
{"target": -13.770987254464723, "params": {"C": 154.8815825353837, "epsilon": 0.7663594112080121, "gamma": 0.13507989449272279}, "datetime": {"datetime": "2021-09-27 18:21:26", "elapsed": 85.90559, "delta": 0.662991}}
{"target": -10.689739120105264, "params": {"C": 152.86151074800526, "epsilon": 0.25830160594463714, "gamma": 0.01757186359520568}, "datetime": {"datetime": "2021-09-27 18:21:27", "elapsed": 86.867589, "delta": 0.961999}}
{"target": -10.37614108198545, "params": {"C": 151.4517345886631, "epsilon": 0.614027474174495, "gamma": 0.029000197836631957}, "datetime": {"datetime": "2021-09-27 18:21:28", "elapsed": 87.500672, "delta": 0.633083}}
{"target": -14.042456236620623, "params": {"C": 193.99085873899486, "epsilon": 0.7439956199869574, "gamma": 0.13450259493867878}, "datetime": {"datetime": "2021-09-27 18:21:29", "elapsed": 88.085838, "delta": 0.585166}}
{"target": -14.181567599205103, "params": {"C": 151.57924523286417, "epsilon": 0.6250428551833941, "gamma": 0.1575402736763924}, "datetime": {"datetime": "2021-09-27 18:21:30", "elapsed": 88.981839, "delta": 0.896001}}
{"target": -11.070841587792293, "params": {"C": 152.38027435910084, "epsilon": 0.20338128498209831, "gamma": 0.01}, "datetime": {"datetime": "2021-09-27 18:21:31", "elapsed": 90.034841, "delta": 1.053002}}
{"target": -14.35181001183731, "params": {"C": 152.75402715570976, "epsilon": 0.32243894281411917, "gamma": 0.18507943669864127}, "datetime": {"datetime": "2021-09-27 18:21:32", "elapsed": 90.972835, "delta": 0.937994}}
{"target": -14.538545951912155, "params": {"C": 152.20656543259076, "epsilon": 0.022618035744893843, "gamma": 0.21524290539037153}, "datetime": {"datetime": "2021-09-27 18:21:32", "elapsed": 91.747782, "delta": 0.774947}}
{"target": -10.976948799954773, "params": {"C": 152.87321662036075, "epsilon": 0.04861943524856801, "gamma": 0.016266159254285976}, "datetime": {"datetime": "2021-09-27 18:21:33", "elapsed": 92.822326, "delta": 1.074544}}
{"target": -10.739097831099235, "params": {"C": 150.91904722087986, "epsilon": 0.41714666392914057, "gamma": 0.012438831939427367}, "datetime": {"datetime": "2021-09-27 18:21:34", "elapsed": 93.66706, "delta": 0.844734}}
{"target": -16.01452677485605, "params": {"C": 153.10425375126385, "epsilon": 0.9685991286245609, "gamma": 0.26128986374980123}, "datetime": {"datetime": "2021-09-27 18:21:35", "elapsed": 94.566061, "delta": 0.899001}}
{"target": -10.343943846151223, "params": {"C": 151.41714635082062, "epsilon": 0.21882767906396675, "gamma": 0.03878094136978611}, "datetime": {"datetime": "2021-09-27 18:21:36", "elapsed": 95.654984, "delta": 1.088923}}
{"target": -15.197436156823729, "params": {"C": 169.32198108149817, "epsilon": 0.3557784116503377, "gamma": 0.23774811921156444}, "datetime": {"datetime": "2021-09-27 18:21:37", "elapsed": 96.645985, "delta": 0.991001}}
{"target": -10.813636322840063, "params": {"C": 171.7275022304468, "epsilon": 0.3487953757977559, "gamma": 0.01552608842628907}, "datetime": {"datetime": "2021-09-27 18:21:38", "elapsed": 97.275479, "delta": 0.629494}}
{"target": -10.803009120675174, "params": {"C": 151.89515849867405, "epsilon": 0.024453394190168006, "gamma": 0.018906141875886982}, "datetime": {"datetime": "2021-09-27 18:21:39", "elapsed": 98.272249, "delta": 0.99677}}
{"target": -15.774633101170718, "params": {"C": 198.41413633993267, "epsilon": 0.36864659152136064, "gamma": 0.2925349484950845}, "datetime": {"datetime": "2021-09-27 18:21:39", "elapsed": 98.853251, "delta": 0.581002}}
{"target": -15.034898765236045, "params": {"C": 182.27758211053356, "epsilon": 0.3170856812514847, "gamma": 0.21894515134923676}, "datetime": {"datetime": "2021-09-27 18:21:40", "elapsed": 99.679943, "delta": 0.826692}}
{"target": -13.93082284133526, "params": {"C": 198.7276117182817, "epsilon": 0.19879822897197832, "gamma": 0.14258208050866608}, "datetime": {"datetime": "2021-09-27 18:21:41", "elapsed": 100.421943, "delta": 0.742}}
{"target": -13.647070325584258, "params": {"C": 151.3685664434163, "epsilon": 0.5604835006809539, "gamma": 0.13500836418381335}, "datetime": {"datetime": "2021-09-27 18:21:42", "elapsed": 101.207945, "delta": 0.786002}}
{"target": -10.447172700490706, "params": {"C": 151.8170092520592, "epsilon": 0.40304550345644913, "gamma": 0.03758322512905321}, "datetime": {"datetime": "2021-09-27 18:21:43", "elapsed": 102.260367, "delta": 1.052422}}
{"target": -14.539946450591648, "params": {"C": 176.09806107605226, "epsilon": 0.7950664964782177, "gamma": 0.15801058432345813}, "datetime": {"datetime": "2021-09-27 18:21:43", "elapsed": 102.898361, "delta": 0.637994}}
{"target": -11.104706375537795, "params": {"C": 171.69127506115925, "epsilon": 0.13987085396432425, "gamma": 0.01}, "datetime": {"datetime": "2021-09-27 18:21:45", "elapsed": 104.009585, "delta": 1.111224}}
{"target": -14.204177210365875, "params": {"C": 171.6396899314471, "epsilon": 0.26920186637170923, "gamma": 0.17198842073744386}, "datetime": {"datetime": "2021-09-27 18:21:46", "elapsed": 104.993582, "delta": 0.983997}}
{"target": -10.674291929739343, "params": {"C": 166.80821534665353, "epsilon": 0.5955663730133135, "gamma": 0.04404696561752016}, "datetime": {"datetime": "2021-09-27 18:21:46", "elapsed": 105.674244, "delta": 0.680662}}
{"target": -14.012010455002352, "params": {"C": 166.97953021618673, "epsilon": 0.5589017418624485, "gamma": 0.14577455174349827}, "datetime": {"datetime": "2021-09-27 18:21:47", "elapsed": 106.537248, "delta": 0.863004}}
{"target": -10.49541070137749, "params": {"C": 166.597731745997, "epsilon": 0.6593547337216488, "gamma": 0.023328517235639067}, "datetime": {"datetime": "2021-09-27 18:21:48", "elapsed": 107.569245, "delta": 1.031997}}
{"target": -10.81975063812311, "params": {"C": 166.70833732873038, "epsilon": 0.4925263573139375, "gamma": 0.010782026128505347}, "datetime": {"datetime": "2021-09-27 18:21:49", "elapsed": 108.548958, "delta": 0.979713}}
{"target": -15.209180628506457, "params": {"C": 166.66832893472912, "epsilon": 0.6228309237262782, "gamma": 0.19948125864888014}, "datetime": {"datetime": "2021-09-27 18:21:50", "elapsed": 109.624114, "delta": 1.075156}}
{"target": -10.640152036449894, "params": {"C": 152.11321696914308, "epsilon": 0.6824542071652634, "gamma": 0.02150103368511806}, "datetime": {"datetime": "2021-09-27 18:21:51", "elapsed": 110.522119, "delta": 0.898005}}
{"target": -10.898931208069387, "params": {"C": 171.9510178123445, "epsilon": 0.23514185437902446, "gamma": 0.01333744044202858}, "datetime": {"datetime": "2021-09-27 18:21:52", "elapsed": 111.769184, "delta": 1.247065}}
{"target": -12.258159043546463, "params": {"C": 163.2111354188041, "epsilon": 0.07274433527901027, "gamma": 0.10273894446372207}, "datetime": {"datetime": "2021-09-27 18:21:53", "elapsed": 112.568182, "delta": 0.798998}}
{"target": -11.215639038702033, "params": {"C": 150.926309308008, "epsilon": 0.0001, "gamma": 0.01}, "datetime": {"datetime": "2021-09-27 18:21:54", "elapsed": 113.87833, "delta": 1.310148}}
{"target": -11.187576180586774, "params": {"C": 171.8827671172775, "epsilon": 0.025944881481736112, "gamma": 0.01}, "datetime": {"datetime": "2021-09-27 18:21:56", "elapsed": 115.173328, "delta": 1.294998}}
{"target": -10.767183767420718, "params": {"C": 151.7527619075143, "epsilon": 0.5047856350986966, "gamma": 0.0177560263374664}, "datetime": {"datetime": "2021-09-27 18:21:56", "elapsed": 115.889528, "delta": 0.7162}}
{"target": -10.20808590593857, "params": {"C": 171.9290291153695, "epsilon": 0.4485431273828672, "gamma": 0.028703053784546587}, "datetime": {"datetime": "2021-09-27 18:21:58", "elapsed": 116.960529, "delta": 1.071001}}
{"target": -10.896481890145497, "params": {"C": 172.1050804247227, "epsilon": 0.4083329329695709, "gamma": 0.01}, "datetime": {"datetime": "2021-09-27 18:21:59", "elapsed": 117.999803, "delta": 1.039274}}
{"target": -15.116711323329652, "params": {"C": 172.01831331261735, "epsilon": 0.32773644476757374, "gamma": 0.230198171202173}, "datetime": {"datetime": "2021-09-27 18:22:00", "elapsed": 119.268799, "delta": 1.268996}}
{"target": -11.396969232393133, "params": {"C": 188.25051465104468, "epsilon": 0.04097347096459979, "gamma": 0.07761229318819331}, "datetime": {"datetime": "2021-09-27 18:22:01", "elapsed": 120.338794, "delta": 1.069995}}
{"target": -11.24048474946329, "params": {"C": 188.02847575628786, "epsilon": 0.0001, "gamma": 0.01}, "datetime": {"datetime": "2021-09-27 18:22:02", "elapsed": 121.436696, "delta": 1.097902}}
{"target": -10.849804117388171, "params": {"C": 171.7200516062025, "epsilon": 0.5121366016537213, "gamma": 0.01017707127835786}, "datetime": {"datetime": "2021-09-27 18:22:03", "elapsed": 122.764745, "delta": 1.328049}}
{"target": -10.726870913282783, "params": {"C": 152.08996574726686, "epsilon": 0.20131669576173772, "gamma": 0.017042543155507198}, "datetime": {"datetime": "2021-09-27 18:22:05", "elapsed": 124.005896, "delta": 1.241151}}
{"target": -11.323735134001456, "params": {"C": 166.69725331856472, "epsilon": 0.8507174214885821, "gamma": 0.01}, "datetime": {"datetime": "2021-09-27 18:22:06", "elapsed": 125.2879, "delta": 1.282004}}
{"target": -10.900131366501956, "params": {"C": 172.01015015348284, "epsilon": 0.5999989934626011, "gamma": 0.01}, "datetime": {"datetime": "2021-09-27 18:22:07", "elapsed": 126.478896, "delta": 1.190996}}
{"target": -10.903649712436266, "params": {"C": 188.07825254271017, "epsilon": 0.23635386327634925, "gamma": 0.05965101986929586}, "datetime": {"datetime": "2021-09-27 18:22:08", "elapsed": 127.720187, "delta": 1.241291}}
{"target": -15.090812141822504, "params": {"C": 188.07800183280708, "epsilon": 0.0025936159647552406, "gamma": 0.25195833415287977}, "datetime": {"datetime": "2021-09-27 18:22:09", "elapsed": 128.91314, "delta": 1.192953}}
{"target": -10.516247254993804, "params": {"C": 166.42878609844468, "epsilon": 0.7764001913511233, "gamma": 0.031603829029773635}, "datetime": {"datetime": "2021-09-27 18:22:11", "elapsed": 130.302894, "delta": 1.389754}}
{"target": -10.705205448444719, "params": {"C": 166.41419262597404, "epsilon": 0.9732357784453912, "gamma": 0.041782994632475264}, "datetime": {"datetime": "2021-09-27 18:22:12", "elapsed": 131.59189, "delta": 1.288996}}
{"target": -10.639331666104383, "params": {"C": 166.2039481108199, "epsilon": 0.8785955631810137, "gamma": 0.04005548466398078}, "datetime": {"datetime": "2021-09-27 18:22:13", "elapsed": 132.748891, "delta": 1.157001}}
{"target": -10.86590093518299, "params": {"C": 164.36422362110264, "epsilon": 0.3223291678824611, "gamma": 0.010752500957809913}, "datetime": {"datetime": "2021-09-27 18:22:14", "elapsed": 133.573972, "delta": 0.825081}}
{"target": -15.27325630164436, "params": {"C": 166.36761647273704, "epsilon": 0.8505570542507053, "gamma": 0.19333777020879472}, "datetime": {"datetime": "2021-09-27 18:22:16", "elapsed": 135.192974, "delta": 1.619002}}
{"target": -11.398068886727586, "params": {"C": 166.06860450053637, "epsilon": 1.0, "gamma": 0.01}, "datetime": {"datetime": "2021-09-27 18:22:17", "elapsed": 136.685878, "delta": 1.492904}}
{"target": -10.712666667136569, "params": {"C": 167.8426330956362, "epsilon": 0.22443857962725894, "gamma": 0.05068321664708929}, "datetime": {"datetime": "2021-09-27 18:22:18", "elapsed": 137.565476, "delta": 0.879598}}
{"target": -10.541457059761154, "params": {"C": 178.14795958956097, "epsilon": 0.3993092079462769, "gamma": 0.040319521910941035}, "datetime": {"datetime": "2021-09-27 18:22:19", "elapsed": 138.420616, "delta": 0.85514}}
{"target": -10.8164578829769, "params": {"C": 168.04390080959388, "epsilon": 0.31093883046507265, "gamma": 0.05718320808159446}, "datetime": {"datetime": "2021-09-27 18:22:20", "elapsed": 139.505615, "delta": 1.084999}}
{"target": -10.384151252954792, "params": {"C": 167.90699209701555, "epsilon": 0.4623274837006265, "gamma": 0.03371523535250362}, "datetime": {"datetime": "2021-09-27 18:22:21", "elapsed": 140.958616, "delta": 1.453001}}
{"target": -10.908153367018999, "params": {"C": 167.73600841418045, "epsilon": 0.39196596313061227, "gamma": 0.01}, "datetime": {"datetime": "2021-09-27 18:22:23", "elapsed": 142.218248, "delta": 1.259632}}
{"target": -15.26677192397983, "params": {"C": 167.9301357901295, "epsilon": 0.48364483206019426, "gamma": 0.22389524745448278}, "datetime": {"datetime": "2021-09-27 18:22:24", "elapsed": 143.546065, "delta": 1.327817}}
{"target": -12.891647399824734, "params": {"C": 150.01572643121003, "epsilon": 0.4953697615575448, "gamma": 0.1132544158544099}, "datetime": {"datetime": "2021-09-27 18:22:25", "elapsed": 144.482063, "delta": 0.935998}}
{"target": -10.619888696122226, "params": {"C": 166.01214517414257, "epsilon": 0.7294745480303958, "gamma": 0.03540277535784144}, "datetime": {"datetime": "2021-09-27 18:22:26", "elapsed": 145.939873, "delta": 1.45781}}
{"target": -10.62047114267299, "params": {"C": 166.278303832431, "epsilon": 0.6647322314058269, "gamma": 0.03614447619200238}, "datetime": {"datetime": "2021-09-27 18:22:28", "elapsed": 147.587823, "delta": 1.64795}}
{"target": -15.123157532468126, "params": {"C": 165.93302147465994, "epsilon": 0.8459366419461595, "gamma": 0.18372378989609983}, "datetime": {"datetime": "2021-09-27 18:22:29", "elapsed": 148.903676, "delta": 1.315853}}
{"target": -10.896785471377383, "params": {"C": 166.09571669537036, "epsilon": 0.5788088378174295, "gamma": 0.01}, "datetime": {"datetime": "2021-09-27 18:22:31", "elapsed": 150.350968, "delta": 1.447292}}
{"target": -14.785043598666833, "params": {"C": 160.1987980305555, "epsilon": 0.004937686534271162, "gamma": 0.23115757059476177}, "datetime": {"datetime": "2021-09-27 18:22:32", "elapsed": 151.34797, "delta": 0.997002}}
{"target": -10.30550593745402, "params": {"C": 168.04132586539652, "epsilon": 0.09737628997562535, "gamma": 0.026444059181460616}, "datetime": {"datetime": "2021-09-27 18:22:34", "elapsed": 153.125674, "delta": 1.777704}}
