{"target": -0.0921309794386016, "params": {"C": 99.05356194605716, "epsilon": 17.56473017537894, "gamma": 0.08489626799624288}, "datetime": {"datetime": "2021-09-18 13:04:08", "elapsed": 2359.608957, "delta": 8.23787}}
{"target": 0.5181367853017267, "params": {"C": 86.61330342150691, "epsilon": 3.286445636222276, "gamma": 0.8780961424209958}, "datetime": {"datetime": "2021-09-18 13:04:15", "elapsed": 2366.63892, "delta": 7.029963}}
{"target": 0.40698795383101805, "params": {"C": 58.35742500229641, "epsilon": 5.892143301996132, "gamma": 1.0}, "datetime": {"datetime": "2021-09-18 13:04:24", "elapsed": 2375.038957, "delta": 8.400037}}
{"target": 0.5797078690793631, "params": {"C": 96.23196662037552, "epsilon": 3.6981915409224193, "gamma": 0.0001}, "datetime": {"datetime": "2021-09-18 13:04:33", "elapsed": 2384.080961, "delta": 9.042004}}
{"target": 0.3993037206171114, "params": {"C": 90.21170491093461, "epsilon": 6.09990619101294, "gamma": 1.0}, "datetime": {"datetime": "2021-09-18 13:04:40", "elapsed": 2391.094957, "delta": 7.013996}}
{"target": 0.45644362009289186, "params": {"C": 40.594860973267444, "epsilon": 4.098555630864891, "gamma": 0.0001}, "datetime": {"datetime": "2021-09-18 13:04:51", "elapsed": 2402.121913, "delta": 11.026956}}
{"target": 0.8895819802746032, "params": {"C": 80.84088707413729, "epsilon": 1.504879650946071, "gamma": 0.09856134210417275}, "datetime": {"datetime": "2021-09-18 13:05:01", "elapsed": 2412.68421, "delta": 10.562297}}
{"target": 0.6681088282090635, "params": {"C": 80.45503857181603, "epsilon": 0.9209332911783086, "gamma": 0.5685117692160909}, "datetime": {"datetime": "2021-09-18 13:05:12", "elapsed": 2423.017757, "delta": 10.333547}}
{"target": 0.44814424121419427, "params": {"C": 41.21106743333974, "epsilon": 5.23721032787244, "gamma": 0.0001}, "datetime": {"datetime": "2021-09-18 13:05:21", "elapsed": 2432.649105, "delta": 9.631348}}
{"target": 0.5014545087699036, "params": {"C": 52.035662393605065, "epsilon": 0.0001, "gamma": 0.0001}, "datetime": {"datetime": "2021-09-18 13:05:30", "elapsed": 2441.749026, "delta": 9.099921}}
{"target": 0.5270200490298211, "params": {"C": 81.6096623071828, "epsilon": 1.5482503608599838, "gamma": 0.9779979659224032}, "datetime": {"datetime": "2021-09-18 13:05:40", "elapsed": 2451.339506, "delta": 9.59048}}
{"target": 0.8984313490103251, "params": {"C": 53.24365966866281, "epsilon": 0.4445427445714329, "gamma": 0.04494792106434328}, "datetime": {"datetime": "2021-09-18 13:05:52", "elapsed": 2462.970713, "delta": 11.631207}}
{"target": -0.20331418424528325, "params": {"C": 42.3611738256973, "epsilon": 20.0, "gamma": 1.0}, "datetime": {"datetime": "2021-09-18 13:05:58", "elapsed": 2469.715914, "delta": 6.745201}}
{"target": 0.44715739354379613, "params": {"C": 34.64211741398622, "epsilon": 2.4619302391058233, "gamma": 0.0001}, "datetime": {"datetime": "2021-09-18 13:06:06", "elapsed": 2477.140445, "delta": 7.424531}}
{"target": 0.8663427654684237, "params": {"C": 38.045857285887294, "epsilon": 4.0290897937711545, "gamma": 0.04571523129191598}, "datetime": {"datetime": "2021-09-18 13:06:13", "elapsed": 2484.165956, "delta": 7.025511}}
{"target": 0.4488628601683561, "params": {"C": 38.44772551381715, "epsilon": 5.3613627007103535, "gamma": 0.9061001497347966}, "datetime": {"datetime": "2021-09-18 13:06:20", "elapsed": 2491.008137, "delta": 6.842181}}
{"target": 0.29073540018266375, "params": {"C": 13.410082489352817, "epsilon": 3.640242417297762, "gamma": 0.0001}, "datetime": {"datetime": "2021-09-18 13:06:27", "elapsed": 2498.000085, "delta": 6.991948}}
{"target": 0.8768552435695004, "params": {"C": 57.769205577760744, "epsilon": 0.5476022698775319, "gamma": 0.016363388777042635}, "datetime": {"datetime": "2021-09-18 13:06:36", "elapsed": 2506.834655, "delta": 8.83457}}
{"target": 0.8653222059183032, "params": {"C": 80.18995784301642, "epsilon": 2.234743735840598, "gamma": 0.018297316971831776}, "datetime": {"datetime": "2021-09-18 13:06:42", "elapsed": 2513.456374, "delta": 6.621719}}
{"target": 0.4228141086217827, "params": {"C": 32.22877238472441, "epsilon": 0.0001, "gamma": 0.0001}, "datetime": {"datetime": "2021-09-18 13:06:52", "elapsed": 2523.691428, "delta": 10.235054}}
{"target": 0.16558962593817983, "params": {"C": 66.66737415808129, "epsilon": 14.113651820167172, "gamma": 0.0001}, "datetime": {"datetime": "2021-09-18 13:07:05", "elapsed": 2536.04216, "delta": 12.350732}}
{"target": 0.8149708969136279, "params": {"C": 14.285687561119452, "epsilon": 2.481879669341565, "gamma": 0.13988365989166307}, "datetime": {"datetime": "2021-09-18 13:07:14", "elapsed": 2545.627593, "delta": 9.585433}}
{"target": 0.6208748203118019, "params": {"C": 33.5812517934909, "epsilon": 0.25330087955426017, "gamma": 0.7177504482224618}, "datetime": {"datetime": "2021-09-18 13:07:24", "elapsed": 2554.820301, "delta": 9.192708}}
{"target": 0.8060925874027963, "params": {"C": 13.9338449358519, "epsilon": 4.830721407538869, "gamma": 0.017218775043885578}, "datetime": {"datetime": "2021-09-18 13:07:31", "elapsed": 2561.904746, "delta": 7.084445}}
{"target": 0.4482524728978651, "params": {"C": 37.266655464966426, "epsilon": 4.115130401227373, "gamma": 0.0001}, "datetime": {"datetime": "2021-09-18 13:07:41", "elapsed": 2572.743054, "delta": 10.838308}}
{"target": 0.5268574266786956, "params": {"C": 94.98432022280338, "epsilon": 5.796255843030725, "gamma": 0.0001}, "datetime": {"datetime": "2021-09-18 13:07:51", "elapsed": 2582.230924, "delta": 9.48787}}
{"target": 0.510045159084211, "params": {"C": 63.840567263947385, "epsilon": 2.500227272323183, "gamma": 0.9782545673267466}, "datetime": {"datetime": "2021-09-18 13:07:58", "elapsed": 2589.632923, "delta": 7.401999}}
{"target": 0.8894354195944449, "params": {"C": 65.2328680799532, "epsilon": 3.089568769138579, "gamma": 0.05908776541407907}, "datetime": {"datetime": "2021-09-18 13:08:06", "elapsed": 2596.99242, "delta": 7.359497}}
{"target": 0.41676323262417503, "params": {"C": 61.70989736610837, "epsilon": 5.79828348170984, "gamma": 0.9724368736771409}, "datetime": {"datetime": "2021-09-18 13:08:16", "elapsed": 2607.126904, "delta": 10.134484}}
{"target": 0.5528760819717942, "params": {"C": 87.19225786815562, "epsilon": 1.8390845800763238, "gamma": 0.8681565639238632}, "datetime": {"datetime": "2021-09-18 13:08:28", "elapsed": 2619.306795, "delta": 12.179891}}
{"target": 0.8473027181859687, "params": {"C": 36.05099308212253, "epsilon": 3.1744213177351104, "gamma": 0.013672312788031896}, "datetime": {"datetime": "2021-09-18 13:08:38", "elapsed": 2629.243746, "delta": 9.936951}}
{"target": 0.8224232890375404, "params": {"C": 93.03762077114594, "epsilon": 5.800334498162674, "gamma": 0.012238996630716656}, "datetime": {"datetime": "2021-09-18 13:08:50", "elapsed": 2641.350285, "delta": 12.106539}}
{"target": 0.44371493634408, "params": {"C": 93.02850544386098, "epsilon": 5.572924222471845, "gamma": 0.8972497275632628}, "datetime": {"datetime": "2021-09-18 13:09:02", "elapsed": 2653.034386, "delta": 11.684101}}
{"target": 0.8632128884168273, "params": {"C": 38.01966266609296, "epsilon": 3.0205474377190478, "gamma": 0.024797062568833912}, "datetime": {"datetime": "2021-09-18 13:09:12", "elapsed": 2663.550025, "delta": 10.515639}}
{"target": 0.47373913060609096, "params": {"C": 59.7970361271754, "epsilon": 6.201785936273893, "gamma": 0.0001}, "datetime": {"datetime": "2021-09-18 13:09:22", "elapsed": 2673.320353, "delta": 9.770328}}
{"target": 0.5587536692680999, "params": {"C": 90.86070193048988, "epsilon": 4.357570746851514, "gamma": 0.0001}, "datetime": {"datetime": "2021-09-18 13:09:30", "elapsed": 2681.373707, "delta": 8.053354}}
{"target": 0.41592025254533893, "params": {"C": 30.91751850693646, "epsilon": 0.0001, "gamma": 0.0001}, "datetime": {"datetime": "2021-09-18 13:09:37", "elapsed": 2688.505059, "delta": 7.131352}}
{"target": 0.8398529558413576, "params": {"C": 31.438272231352, "epsilon": 1.2866499478924895, "gamma": 0.19137339543374987}, "datetime": {"datetime": "2021-09-18 13:09:47", "elapsed": 2698.345284, "delta": 9.840225}}
{"target": 0.5935181325525176, "params": {"C": 31.498751558851318, "epsilon": 0.6761719994536771, "gamma": 0.7881366892328392}, "datetime": {"datetime": "2021-09-18 13:09:56", "elapsed": 2707.36819, "delta": 9.022906}}
{"target": 0.8575949775218327, "params": {"C": 30.768374600415477, "epsilon": 1.3739885720019953, "gamma": 0.014574625620516608}, "datetime": {"datetime": "2021-09-18 13:10:03", "elapsed": 2714.617827, "delta": 7.249637}}
{"target": 0.7917831119236469, "params": {"C": 92.91223443834497, "epsilon": 6.724816653780136, "gamma": 0.012976860269408079}, "datetime": {"datetime": "2021-09-18 13:10:11", "elapsed": 2722.102869, "delta": 7.485042}}
{"target": 0.431685251202229, "params": {"C": 38.39008461021725, "epsilon": 4.727674292335445, "gamma": 0.0001}, "datetime": {"datetime": "2021-09-18 13:10:18", "elapsed": 2729.645835, "delta": 7.542966}}
{"target": 0.8050087248260966, "params": {"C": 91.7363843635781, "epsilon": 3.3980598303852116, "gamma": 0.16274180636684563}, "datetime": {"datetime": "2021-09-18 13:10:29", "elapsed": 2740.479381, "delta": 10.833546}}
{"target": 0.6893497685822834, "params": {"C": 84.79305463727054, "epsilon": 1.2863515314291527, "gamma": 0.0004060009396664351}, "datetime": {"datetime": "2021-09-18 13:10:40", "elapsed": 2751.124478, "delta": 10.645097}}
{"target": 0.5242836313559205, "params": {"C": 31.75189328073302, "epsilon": 4.790381289719578, "gamma": 0.7107593170479916}, "datetime": {"datetime": "2021-09-18 13:10:53", "elapsed": 2763.901711, "delta": 12.777233}}
{"target": 0.49314041420700794, "params": {"C": 91.95070379111395, "epsilon": 7.536120479269222, "gamma": 0.0001}, "datetime": {"datetime": "2021-09-18 13:11:05", "elapsed": 2776.076735, "delta": 12.175024}}
{"target": 0.8749755238071848, "params": {"C": 40.43751238635324, "epsilon": 2.7394544214803305, "gamma": 0.08819769174205012}, "datetime": {"datetime": "2021-09-18 13:11:14", "elapsed": 2785.068205, "delta": 8.99147}}
{"target": 0.8142672233175174, "params": {"C": 46.26116900746404, "epsilon": 4.188885526663993, "gamma": 0.11143308276879187}, "datetime": {"datetime": "2021-09-18 13:11:21", "elapsed": 2792.566959, "delta": 7.498754}}
{"target": 0.7685285544780317, "params": {"C": 64.25545147524768, "epsilon": 7.278207397984643, "gamma": 0.02571447123854152}, "datetime": {"datetime": "2021-09-18 13:11:31", "elapsed": 2801.900743, "delta": 9.333784}}
{"target": 0.8616455267680965, "params": {"C": 30.1959887865822, "epsilon": 0.7828149386482864, "gamma": 0.16144533907211775}, "datetime": {"datetime": "2021-09-18 13:11:42", "elapsed": 2813.57464, "delta": 11.673897}}
{"target": 0.3853525869633543, "params": {"C": 49.354167072862325, "epsilon": 8.314014797878157, "gamma": 0.0001}, "datetime": {"datetime": "2021-09-18 13:12:00", "elapsed": 2830.942584, "delta": 17.367944}}
{"target": 0.7961889415625923, "params": {"C": 89.03288161511806, "epsilon": 1.4075947810104883, "gamma": 0.26306072760854954}, "datetime": {"datetime": "2021-09-18 13:12:08", "elapsed": 2838.837232, "delta": 7.894648}}
{"target": 0.8401631608731012, "params": {"C": 80.04618311710948, "epsilon": 3.7751584663164843, "gamma": 0.010520845063048664}, "datetime": {"datetime": "2021-09-18 13:12:16", "elapsed": 2847.068266, "delta": 8.231034}}
{"target": -0.001319495003771598, "params": {"C": 6.547467399466545, "epsilon": 14.74563447048028, "gamma": 1.0}, "datetime": {"datetime": "2021-09-18 13:12:23", "elapsed": 2854.681497, "delta": 7.613231}}
{"target": -0.12663078238862036, "params": {"C": 33.33550915323994, "epsilon": 17.416320889757575, "gamma": 1.0}, "datetime": {"datetime": "2021-09-18 13:12:32", "elapsed": 2862.792143, "delta": 8.110646}}
{"target": 0.850947944475618, "params": {"C": 33.55935794894757, "epsilon": 3.209007188917946, "gamma": 0.018036955181964076}, "datetime": {"datetime": "2021-09-18 13:12:39", "elapsed": 2870.151314, "delta": 7.359171}}
{"target": 0.851894556469348, "params": {"C": 13.441890190844171, "epsilon": 2.16196997272973, "gamma": 0.07299117272093053}, "datetime": {"datetime": "2021-09-18 13:12:47", "elapsed": 2878.460776, "delta": 8.309462}}
{"target": 0.5486558036947073, "params": {"C": 77.08220749356396, "epsilon": 3.967312269881662, "gamma": 0.0001}, "datetime": {"datetime": "2021-09-18 13:12:59", "elapsed": 2890.015089, "delta": 11.554313}}
{"target": 0.2433319776234334, "params": {"C": 61.23311000803229, "epsilon": 9.774560427511883, "gamma": 1.0}, "datetime": {"datetime": "2021-09-18 13:13:12", "elapsed": 2903.014415, "delta": 12.999326}}
{"target": 0.22774869808601428, "params": {"C": 60.77856508620199, "epsilon": 14.157720880082527, "gamma": 0.02030400035774416}, "datetime": {"datetime": "2021-09-18 13:13:25", "elapsed": 2916.118381, "delta": 13.103966}}
{"target": 0.34456509279818637, "params": {"C": 52.30690185393386, "epsilon": 7.491218006703263, "gamma": 1.0}, "datetime": {"datetime": "2021-09-18 13:13:35", "elapsed": 2926.40932, "delta": 10.290939}}
{"target": 0.5649910722203462, "params": {"C": 74.70829085238506, "epsilon": 1.1129542255840978, "gamma": 0.8633299687024343}, "datetime": {"datetime": "2021-09-18 13:13:45", "elapsed": 2936.164549, "delta": 9.755229}}
{"target": 0.43313930913871823, "params": {"C": 37.03372500874082, "epsilon": 5.54763923410687, "gamma": 0.0001}, "datetime": {"datetime": "2021-09-18 13:13:57", "elapsed": 2948.526791, "delta": 12.362242}}
{"target": 0.7359891011423323, "params": {"C": 83.14856997585221, "epsilon": 0.7396063242080386, "gamma": 0.0008745783233310039}, "datetime": {"datetime": "2021-09-18 13:14:05", "elapsed": 2956.284279, "delta": 7.757488}}
{"target": 0.585619483270175, "params": {"C": 75.53947276781948, "epsilon": 3.437146417721199, "gamma": 0.6520199854648164}, "datetime": {"datetime": "2021-09-18 13:14:15", "elapsed": 2966.781983, "delta": 10.497704}}
{"target": 0.4594506090283963, "params": {"C": 36.982220472663116, "epsilon": 11.469294220621093, "gamma": 0.0471265118364779}, "datetime": {"datetime": "2021-09-18 13:14:29", "elapsed": 2980.390425, "delta": 13.608442}}
{"target": 0.25746764521455734, "params": {"C": 78.73682288903589, "epsilon": 9.466594288305668, "gamma": 1.0}, "datetime": {"datetime": "2021-09-18 13:14:37", "elapsed": 2988.279406, "delta": 7.888981}}
{"target": 0.6304740700227738, "params": {"C": 84.66587088536212, "epsilon": 2.5196238365346644, "gamma": 0.5944385553412999}, "datetime": {"datetime": "2021-09-18 13:14:50", "elapsed": 3001.332838, "delta": 13.053432}}
{"target": 0.8426327162109455, "params": {"C": 86.2791499373682, "epsilon": 0.72243402614638, "gamma": 0.004359508297718123}, "datetime": {"datetime": "2021-09-18 13:15:00", "elapsed": 3011.637672, "delta": 10.304834}}
{"target": 0.4942464028563903, "params": {"C": 48.18428115087697, "epsilon": 0.5296281009950008, "gamma": 0.0001}, "datetime": {"datetime": "2021-09-18 13:15:12", "elapsed": 3023.602735, "delta": 11.965063}}
{"target": 0.13103666658791424, "params": {"C": 55.855078913252456, "epsilon": 11.917947628525836, "gamma": 1.0}, "datetime": {"datetime": "2021-09-18 13:15:21", "elapsed": 3031.874493, "delta": 8.271758}}
{"target": 0.4218398865842147, "params": {"C": 29.96308240835289, "epsilon": 3.92013042154757, "gamma": 0.0001}, "datetime": {"datetime": "2021-09-18 13:15:29", "elapsed": 3040.081683, "delta": 8.20719}}
{"target": 0.4021530387294612, "params": {"C": 53.200610015822654, "epsilon": 8.126276648929542, "gamma": 0.0001}, "datetime": {"datetime": "2021-09-18 13:15:36", "elapsed": 3047.746906, "delta": 7.665223}}
{"target": 0.5483217037591587, "params": {"C": 73.5371888403427, "epsilon": 4.484236627451417, "gamma": 0.6687488957860772}, "datetime": {"datetime": "2021-09-18 13:15:50", "elapsed": 3061.326966, "delta": 13.58006}}
{"target": 0.7527039342352844, "params": {"C": 53.01178911320345, "epsilon": 6.00159655854738, "gamma": 0.002268975821227263}, "datetime": {"datetime": "2021-09-18 13:15:58", "elapsed": 3069.722453, "delta": 8.395487}}
{"target": 0.5769777132782079, "params": {"C": 34.15182581563408, "epsilon": 3.657792315450448, "gamma": 0.6586920131147718}, "datetime": {"datetime": "2021-09-18 13:16:07", "elapsed": 3078.228207, "delta": 8.505754}}
{"target": 0.795197330604261, "params": {"C": 52.085005005446085, "epsilon": 6.400050914869414, "gamma": 0.03370102005858573}, "datetime": {"datetime": "2021-09-18 13:16:15", "elapsed": 3086.388206, "delta": 8.159999}}
{"target": 0.9011663291900864, "params": {"C": 88.29878611276199, "epsilon": 2.420168664267281, "gamma": 0.06114222548409804}, "datetime": {"datetime": "2021-09-18 13:16:23", "elapsed": 3094.456252, "delta": 8.068046}}
{"target": 0.5343512086594264, "params": {"C": 89.13629532037415, "epsilon": 1.8485337320762154, "gamma": 0.9329626510548139}, "datetime": {"datetime": "2021-09-18 13:16:35", "elapsed": 3106.035717, "delta": 11.579465}}
{"target": 0.8672170024348111, "params": {"C": 28.569574710278864, "epsilon": 3.3662345531328737, "gamma": 0.06279139625213519}, "datetime": {"datetime": "2021-09-18 13:16:48", "elapsed": 3119.695506, "delta": 13.659789}}
{"target": 0.3925191342307951, "params": {"C": 42.51856570396239, "epsilon": 11.873832251566386, "gamma": 0.056404663325003684}, "datetime": {"datetime": "2021-09-18 13:16:56", "elapsed": 3127.56222, "delta": 7.866714}}
{"target": 0.23231475485912223, "params": {"C": 24.67441586681713, "epsilon": 10.044703537750248, "gamma": 0.9886531141703139}, "datetime": {"datetime": "2021-09-18 13:17:06", "elapsed": 3137.580692, "delta": 10.018472}}
{"target": 0.4246937079413239, "params": {"C": 51.6865291775329, "epsilon": 7.313794511449105, "gamma": 0.0001}, "datetime": {"datetime": "2021-09-18 13:17:18", "elapsed": 3148.871803, "delta": 11.291111}}
{"target": 0.3393544045823361, "params": {"C": 22.852646858275914, "epsilon": 7.198368607189264, "gamma": 0.0001}, "datetime": {"datetime": "2021-09-18 13:17:28", "elapsed": 3158.802487, "delta": 9.930684}}
{"target": 0.5641689017730042, "params": {"C": 77.57841760521684, "epsilon": 0.0001, "gamma": 0.0001}, "datetime": {"datetime": "2021-09-18 13:17:36", "elapsed": 3167.166375, "delta": 8.363888}}
{"target": 0.6664335427259203, "params": {"C": 25.031422918010335, "epsilon": 8.169239751928922, "gamma": 0.06950389212273307}, "datetime": {"datetime": "2021-09-18 13:17:46", "elapsed": 3177.192575, "delta": 10.0262}}
{"target": 0.8599571769756649, "params": {"C": 26.458267958586905, "epsilon": 3.4370045928232402, "gamma": 0.035285578752360755}, "datetime": {"datetime": "2021-09-18 13:17:57", "elapsed": 3187.796765, "delta": 10.60419}}
{"target": 0.40899430780008394, "params": {"C": 51.85005457701222, "epsilon": 5.959366682188401, "gamma": 0.9801405279334204}, "datetime": {"datetime": "2021-09-18 13:18:05", "elapsed": 3196.279264, "delta": 8.482499}}
{"target": 0.561852482229104, "params": {"C": 78.34327794261719, "epsilon": 1.4605009596376697, "gamma": 0.0001}, "datetime": {"datetime": "2021-09-18 13:18:16", "elapsed": 3207.432023, "delta": 11.152759}}
{"target": 0.7365727841195053, "params": {"C": 96.16809416390103, "epsilon": 2.2651499940563653, "gamma": 0.0008302771492531616}, "datetime": {"datetime": "2021-09-18 13:18:25", "elapsed": 3215.808211, "delta": 8.376188}}
{"target": 0.5047394232369256, "params": {"C": 56.756772725908974, "epsilon": 3.9231681134282854, "gamma": 0.0001}, "datetime": {"datetime": "2021-09-18 13:18:33", "elapsed": 3224.102704, "delta": 8.294493}}
{"target": 0.8007708996020135, "params": {"C": 93.53263645795518, "epsilon": 6.33774357205469, "gamma": 0.007429048181592089}, "datetime": {"datetime": "2021-09-18 13:18:43", "elapsed": 3233.931504, "delta": 9.8288}}
{"target": 0.8983882551919349, "params": {"C": 33.40711695634483, "epsilon": 0.213830238812632, "gamma": 0.051757552096800365}, "datetime": {"datetime": "2021-09-18 13:18:55", "elapsed": 3246.263888, "delta": 12.332384}}
{"target": 0.8370539527434057, "params": {"C": 78.5201935664342, "epsilon": 0.5938094014735783, "gamma": 0.20659807554411025}, "datetime": {"datetime": "2021-09-18 13:19:09", "elapsed": 3260.002932, "delta": 13.739044}}
{"target": 0.6266549128781891, "params": {"C": 38.41172175166482, "epsilon": 3.72385756308017, "gamma": 0.5181990624471373}, "datetime": {"datetime": "2021-09-18 13:19:23", "elapsed": 3274.424917, "delta": 14.421985}}
{"target": -0.1304821708318713, "params": {"C": 93.97029165204222, "epsilon": 17.51823139572143, "gamma": 1.0}, "datetime": {"datetime": "2021-09-18 13:19:31", "elapsed": 3282.63768, "delta": 8.212763}}
{"target": 0.8487718518525571, "params": {"C": 95.06296018138801, "epsilon": 1.746650626937991, "gamma": 0.005964937501603464}, "datetime": {"datetime": "2021-09-18 13:19:47", "elapsed": 3298.013021, "delta": 15.375341}}
{"target": 0.4633992616521926, "params": {"C": 15.786571809053708, "epsilon": 0.0001, "gamma": 1.0}, "datetime": {"datetime": "2021-09-18 13:19:55", "elapsed": 3306.545834, "delta": 8.532813}}
{"target": 0.5890964212793437, "params": {"C": 97.04726454743196, "epsilon": 2.849881816860941, "gamma": 0.0001}, "datetime": {"datetime": "2021-09-18 13:20:11", "elapsed": 3322.373878, "delta": 15.828044}}
{"target": 0.49241550410260426, "params": {"C": 97.3142173274564, "epsilon": 3.511867204356989, "gamma": 0.9521689504254565}, "datetime": {"datetime": "2021-09-18 13:20:19", "elapsed": 3330.279396, "delta": 7.905518}}
{"target": 0.5524519572013595, "params": {"C": 87.86139380225673, "epsilon": 4.157648292706575, "gamma": 0.0001}, "datetime": {"datetime": "2021-09-18 13:20:31", "elapsed": 3342.0795, "delta": 11.800104}}
{"target": 0.8271541321754794, "params": {"C": 97.44620247885088, "epsilon": 4.6279737140833666, "gamma": 0.08511405903072247}, "datetime": {"datetime": "2021-09-18 13:20:41", "elapsed": 3352.256452, "delta": 10.176952}}
