{"target": -2.0280209916032494, "params": {"C": 77.23350693040203, "epsilon": 0.27968701215023895, "gamma": 0.07947959843088549}, "datetime": {"datetime": "2021-09-18 11:20:02", "elapsed": 891.935367, "delta": 4.024036}}
{"target": -2.3411715921537883, "params": {"C": 57.853402949477186, "epsilon": 1.4346628394159961, "gamma": 0.09877926849412638}, "datetime": {"datetime": "2021-09-18 11:20:04", "elapsed": 894.259897, "delta": 2.32453}}
{"target": -2.314040222952801, "params": {"C": 34.29458742421357, "epsilon": 0.811477926651437, "gamma": 0.13200545048586254}, "datetime": {"datetime": "2021-09-18 11:20:06", "elapsed": 896.398551, "delta": 2.138654}}
{"target": -2.318179421695794, "params": {"C": 77.16750804648267, "epsilon": 0.37466066627866085, "gamma": 0.12756316356070174}, "datetime": {"datetime": "2021-09-18 11:20:12", "elapsed": 902.349764, "delta": 5.951213}}
{"target": -2.273352800181445, "params": {"C": 73.25282237959864, "epsilon": 1.3384227261495607, "gamma": 0.023513667401320503}, "datetime": {"datetime": "2021-09-18 11:20:17", "elapsed": 906.716358, "delta": 4.366594}}
{"target": -2.2271388183192626, "params": {"C": 77.13346692462346, "epsilon": 0.3548583846942309, "gamma": 0.013303118649893282}, "datetime": {"datetime": "2021-09-18 11:20:23", "elapsed": 912.701317, "delta": 5.984959}}
{"target": -2.1180583340360513, "params": {"C": 62.856281955188074, "epsilon": 0.15141200253786563, "gamma": 0.09996111962993737}, "datetime": {"datetime": "2021-09-18 11:20:26", "elapsed": 916.473696, "delta": 3.772379}}
{"target": -2.2419501826672135, "params": {"C": 77.17028192672501, "epsilon": 0.23747004386328968, "gamma": 0.012406347424475226}, "datetime": {"datetime": "2021-09-18 11:20:33", "elapsed": 922.902691, "delta": 6.428995}}
{"target": -2.0351134000730133, "params": {"C": 70.74818886045718, "epsilon": 0.38344144725533064, "gamma": 0.03774366946404029}, "datetime": {"datetime": "2021-09-18 11:20:37", "elapsed": 926.931371, "delta": 4.02868}}
{"target": -2.1669998051413457, "params": {"C": 56.78087790949388, "epsilon": 0.5382008234065808, "gamma": 0.02203596098919417}, "datetime": {"datetime": "2021-09-18 11:20:42", "elapsed": 931.815649, "delta": 4.884278}}
{"target": -1.9699982575216606, "params": {"C": 70.84244468318306, "epsilon": 0.289169105005972, "gamma": 0.06066138528858917}, "datetime": {"datetime": "2021-09-18 11:20:47", "elapsed": 937.119544, "delta": 5.303895}}
{"target": -2.358471046039724, "params": {"C": 64.43608640630686, "epsilon": 0.9894601544937838, "gamma": 0.118048278920284}, "datetime": {"datetime": "2021-09-18 11:20:50", "elapsed": 939.686895, "delta": 2.567351}}
{"target": -2.5550285834481086, "params": {"C": 56.75620491397482, "epsilon": 0.4919183582283548, "gamma": 0.18454513369513859}, "datetime": {"datetime": "2021-09-18 11:20:55", "elapsed": 944.945331, "delta": 5.258436}}
{"target": -2.5871323131695285, "params": {"C": 99.82978897752037, "epsilon": 1.4488648070003152, "gamma": 0.1468004509783376}, "datetime": {"datetime": "2021-09-18 11:20:57", "elapsed": 947.231003, "delta": 2.285672}}
{"target": -2.3329467352751756, "params": {"C": 54.45292986963984, "epsilon": 0.22525923484982602, "gamma": 0.14457839272986348}, "datetime": {"datetime": "2021-09-18 11:21:00", "elapsed": 949.997571, "delta": 2.766568}}
{"target": -2.096064491521669, "params": {"C": 30.497961209941515, "epsilon": 0.11855735865711002, "gamma": 0.09412705386111613}, "datetime": {"datetime": "2021-09-18 11:21:02", "elapsed": 952.29797, "delta": 2.300399}}
{"target": -2.0738954421183053, "params": {"C": 70.74603119654375, "epsilon": 0.31918590818259446, "gamma": 0.08857469623726197}, "datetime": {"datetime": "2021-09-18 11:21:08", "elapsed": 957.97668, "delta": 5.67871}}
{"target": -2.023567481445406, "params": {"C": 77.2445694520876, "epsilon": 0.34116350077270297, "gamma": 0.039467536171230715}, "datetime": {"datetime": "2021-09-18 11:21:13", "elapsed": 962.791134, "delta": 4.814454}}
{"target": -2.0008372419387883, "params": {"C": 70.71936525780555, "epsilon": 0.5368915379613595, "gamma": 0.05200577645628954}, "datetime": {"datetime": "2021-09-18 11:21:22", "elapsed": 971.597689, "delta": 8.806555}}
{"target": -2.0607639828817192, "params": {"C": 70.76430320257755, "epsilon": 0.5831795001655158, "gamma": 0.07962089321665174}, "datetime": {"datetime": "2021-09-18 11:21:29", "elapsed": 978.90308, "delta": 7.305391}}
{"target": -2.192213210426926, "params": {"C": 70.65417230406086, "epsilon": 0.5042810472146395, "gamma": 0.017661791196942278}, "datetime": {"datetime": "2021-09-18 11:21:34", "elapsed": 983.68753, "delta": 4.78445}}
{"target": -2.0033007286732856, "params": {"C": 70.78991435590362, "epsilon": 0.5025864638331927, "gamma": 0.0643486569191043}, "datetime": {"datetime": "2021-09-18 11:21:40", "elapsed": 989.820207, "delta": 6.132677}}
{"target": -2.347534578318759, "params": {"C": 35.42815132377877, "epsilon": 0.5743044057391294, "gamma": 0.011995227463882697}, "datetime": {"datetime": "2021-09-18 11:21:42", "elapsed": 992.250203, "delta": 2.429996}}
{"target": -2.0133078455121454, "params": {"C": 70.93962468085947, "epsilon": 0.30569090784467823, "gamma": 0.07696623055145682}, "datetime": {"datetime": "2021-09-18 11:21:51", "elapsed": 1001.005121, "delta": 8.754918}}
{"target": -2.004607702856578, "params": {"C": 71.00270021330516, "epsilon": 0.353311216428031, "gamma": 0.04671218996836456}, "datetime": {"datetime": "2021-09-18 11:21:56", "elapsed": 1006.128174, "delta": 5.123053}}
{"target": -2.0451610337269073, "params": {"C": 70.92518968330089, "epsilon": 0.26961117979159566, "gamma": 0.03287604120895903}, "datetime": {"datetime": "2021-09-18 11:22:01", "elapsed": 1011.177169, "delta": 5.048995}}
{"target": -2.3000578806325094, "params": {"C": 70.76741289272482, "epsilon": 0.5089985808148609, "gamma": 0.010092948233290046}, "datetime": {"datetime": "2021-09-18 11:22:06", "elapsed": 1016.289178, "delta": 5.112009}}
{"target": -2.0860118048399245, "params": {"C": 95.38521360567249, "epsilon": 0.2637161810250204, "gamma": 0.02437697611341072}, "datetime": {"datetime": "2021-09-18 11:22:12", "elapsed": 1022.28204, "delta": 5.992862}}
{"target": -2.111817914993877, "params": {"C": 70.87526909327745, "epsilon": 0.3399255313017275, "gamma": 0.024827835774420146}, "datetime": {"datetime": "2021-09-18 11:22:17", "elapsed": 1027.016552, "delta": 4.734512}}
{"target": -2.4658358677822365, "params": {"C": 70.70821674411812, "epsilon": 0.5204523378625396, "gamma": 0.1563798830255928}, "datetime": {"datetime": "2021-09-18 11:22:22", "elapsed": 1032.388588, "delta": 5.372036}}
{"target": -2.0971402609176173, "params": {"C": 71.0296478799533, "epsilon": 0.2665361594631823, "gamma": 0.09235418654662057}, "datetime": {"datetime": "2021-09-18 11:22:28", "elapsed": 1037.79389, "delta": 5.405302}}
{"target": -2.1116277617746935, "params": {"C": 70.84358151517281, "epsilon": 0.5297253163979702, "gamma": 0.09082883211931837}, "datetime": {"datetime": "2021-09-18 11:22:32", "elapsed": 1041.708796, "delta": 3.914906}}
{"target": -2.0983267159864365, "params": {"C": 70.93044883592941, "epsilon": 0.23770411806910446, "gamma": 0.09362818273420244}, "datetime": {"datetime": "2021-09-18 11:22:37", "elapsed": 1046.48218, "delta": 4.773384}}
{"target": -2.0298970612519285, "params": {"C": 71.05447085716148, "epsilon": 0.4135544001182, "gamma": 0.041188065778587066}, "datetime": {"datetime": "2021-09-18 11:22:41", "elapsed": 1051.165178, "delta": 4.682998}}
{"target": -2.36523830412142, "params": {"C": 71.0425387917364, "epsilon": 0.4339130193861548, "gamma": 0.13822315063371438}, "datetime": {"datetime": "2021-09-18 11:22:45", "elapsed": 1055.298362, "delta": 4.133184}}
{"target": -1.9918155305108118, "params": {"C": 70.85772797008886, "epsilon": 0.23278149533982673, "gamma": 0.04810114459573299}, "datetime": {"datetime": "2021-09-18 11:22:52", "elapsed": 1061.910345, "delta": 6.611983}}
{"target": -2.7599457071983275, "params": {"C": 80.27715605190481, "epsilon": 1.464103659205446, "gamma": 0.19604186901166556}, "datetime": {"datetime": "2021-09-18 11:22:54", "elapsed": 1064.104074, "delta": 2.193729}}
{"target": -2.008474912844023, "params": {"C": 70.70026918673491, "epsilon": 0.6240531731657999, "gamma": 0.0566668379621343}, "datetime": {"datetime": "2021-09-18 11:22:59", "elapsed": 1068.946182, "delta": 4.842108}}
{"target": -2.155534783268072, "params": {"C": 71.00466898246057, "epsilon": 0.4391348719571987, "gamma": 0.019503720092646924}, "datetime": {"datetime": "2021-09-18 11:23:03", "elapsed": 1072.901094, "delta": 3.954912}}
{"target": -2.1173343427968008, "params": {"C": 95.84776654480137, "epsilon": 0.23722186457985214, "gamma": 0.021250449845625748}, "datetime": {"datetime": "2021-09-18 11:23:09", "elapsed": 1079.031925, "delta": 6.130831}}
{"target": -2.248721187140868, "params": {"C": 70.87158120745357, "epsilon": 0.27351687360506727, "gamma": 0.11953934480660114}, "datetime": {"datetime": "2021-09-18 11:23:17", "elapsed": 1087.07028, "delta": 8.038355}}
{"target": -2.11468831106849, "params": {"C": 32.70118902005931, "epsilon": 0.0026697379985366454, "gamma": 0.1046142131916}, "datetime": {"datetime": "2021-09-18 11:23:24", "elapsed": 1094.278782, "delta": 7.208502}}
{"target": -1.989101141231154, "params": {"C": 71.13281427192075, "epsilon": 0.38864626918202283, "gamma": 0.06523234366671013}, "datetime": {"datetime": "2021-09-18 11:23:31", "elapsed": 1101.217868, "delta": 6.939086}}
{"target": -2.044100812767676, "params": {"C": 71.2294556190195, "epsilon": 0.4375125513898628, "gamma": 0.034959586312986506}, "datetime": {"datetime": "2021-09-18 11:23:38", "elapsed": 1107.826732, "delta": 6.608864}}
{"target": -2.6301698141854466, "params": {"C": 46.032369592251385, "epsilon": 1.3771765340334532, "gamma": 0.16791987001186953}, "datetime": {"datetime": "2021-09-18 11:23:40", "elapsed": 1109.97981, "delta": 2.153078}}
{"target": -2.0306214602605777, "params": {"C": 88.52910402933568, "epsilon": 0.43453966502913177, "gamma": 0.037899668083149596}, "datetime": {"datetime": "2021-09-18 11:23:46", "elapsed": 1115.724768, "delta": 5.744958}}
{"target": -2.2903750344148244, "params": {"C": 26.23218479985568, "epsilon": 0.5777385284355296, "gamma": 0.017140739671058072}, "datetime": {"datetime": "2021-09-18 11:23:48", "elapsed": 1117.754318, "delta": 2.02955}}
{"target": -2.5751842428000904, "params": {"C": 84.04263145663475, "epsilon": 1.3791576114301716, "gamma": 0.14480570412291613}, "datetime": {"datetime": "2021-09-18 11:23:50", "elapsed": 1120.078929, "delta": 2.324611}}
{"target": -2.6851827843109075, "params": {"C": 95.47156948159589, "epsilon": 0.7408864760260723, "gamma": 0.19074561978851623}, "datetime": {"datetime": "2021-09-18 11:23:52", "elapsed": 1122.17546, "delta": 2.096531}}
{"target": -2.344426872768643, "params": {"C": 71.20540138479481, "epsilon": 0.4810624618024706, "gamma": 0.13199307743067312}, "datetime": {"datetime": "2021-09-18 11:24:00", "elapsed": 1130.026741, "delta": 7.851281}}
{"target": -2.2259537070103814, "params": {"C": 71.00597135427122, "epsilon": 0.2961863941805994, "gamma": 0.013637366801601934}, "datetime": {"datetime": "2021-09-18 11:24:07", "elapsed": 1137.317119, "delta": 7.290378}}
{"target": -2.0461312616593506, "params": {"C": 76.75309901826245, "epsilon": 0.9542214630698782, "gamma": 0.04177897831445601}, "datetime": {"datetime": "2021-09-18 11:24:10", "elapsed": 1139.579775, "delta": 2.262656}}
{"target": -2.045517951083101, "params": {"C": 76.80707769953838, "epsilon": 1.0151237833615936, "gamma": 0.06138775676885158}, "datetime": {"datetime": "2021-09-18 11:24:17", "elapsed": 1146.512994, "delta": 6.933219}}
{"target": -2.4020953282088024, "params": {"C": 29.978917602500047, "epsilon": 0.48139424991313234, "gamma": 0.1668220759134786}, "datetime": {"datetime": "2021-09-18 11:24:19", "elapsed": 1148.675121, "delta": 2.162127}}
{"target": -2.1328337837318414, "params": {"C": 71.1546413123572, "epsilon": 0.4364416454782028, "gamma": 0.021633803432229717}, "datetime": {"datetime": "2021-09-18 11:24:25", "elapsed": 1154.914315, "delta": 6.239194}}
{"target": -2.067157672508774, "params": {"C": 76.70929526211566, "epsilon": 1.060653600618693, "gamma": 0.04995429115218774}, "datetime": {"datetime": "2021-09-18 11:24:29", "elapsed": 1159.124673, "delta": 4.210358}}
{"target": -2.161085775738061, "params": {"C": 70.75814014634435, "epsilon": 0.6690817475776365, "gamma": 0.022905965452174718}, "datetime": {"datetime": "2021-09-18 11:24:34", "elapsed": 1163.641191, "delta": 4.516518}}
{"target": -2.411219689548222, "params": {"C": 76.74310842725711, "epsilon": 1.0605234820548823, "gamma": 0.12269931222616824}, "datetime": {"datetime": "2021-09-18 11:24:39", "elapsed": 1168.819521, "delta": 5.17833}}
{"target": -2.2803636259326683, "params": {"C": 93.41551044131948, "epsilon": 0.28235917474038724, "gamma": 0.01}, "datetime": {"datetime": "2021-09-18 11:24:46", "elapsed": 1175.488698, "delta": 6.669177}}
{"target": -1.9973508679986147, "params": {"C": 71.13287013809278, "epsilon": 0.34060505777640687, "gamma": 0.07192882133835908}, "datetime": {"datetime": "2021-09-18 11:24:52", "elapsed": 1181.9952, "delta": 6.506502}}
{"target": -2.219977186043451, "params": {"C": 71.24325407512973, "epsilon": 0.32513070928322724, "gamma": 0.014230460773676373}, "datetime": {"datetime": "2021-09-18 11:24:58", "elapsed": 1188.183052, "delta": 6.187852}}
{"target": -2.4777925793964313, "params": {"C": 71.16162955290562, "epsilon": 0.3098974130955294, "gamma": 0.17035526607777446}, "datetime": {"datetime": "2021-09-18 11:25:05", "elapsed": 1195.151368, "delta": 6.968316}}
{"target": -2.1805375657084967, "params": {"C": 70.8218197799942, "epsilon": 0.24705856576091542, "gamma": 0.017464478335019854}, "datetime": {"datetime": "2021-09-18 11:25:10", "elapsed": 1200.360189, "delta": 5.208821}}
{"target": -2.02531672634289, "params": {"C": 76.81005414986319, "epsilon": 0.8734038574482414, "gamma": 0.05410925636569287}, "datetime": {"datetime": "2021-09-18 11:25:16", "elapsed": 1206.1597, "delta": 5.799511}}
{"target": -2.5308536067542646, "params": {"C": 59.028413061020075, "epsilon": 0.15691170195971046, "gamma": 0.1957152539550181}, "datetime": {"datetime": "2021-09-18 11:25:18", "elapsed": 1208.466052, "delta": 2.306352}}
{"target": -2.130752383861787, "params": {"C": 35.43692195394776, "epsilon": 1.2667116576437876, "gamma": 0.0570268565203273}, "datetime": {"datetime": "2021-09-18 11:25:21", "elapsed": 1210.833564, "delta": 2.367512}}
{"target": -2.3184937480279944, "params": {"C": 76.78088596461959, "epsilon": 0.9113631556434542, "gamma": 0.11108665374775314}, "datetime": {"datetime": "2021-09-18 11:25:30", "elapsed": 1219.502005, "delta": 8.668441}}
{"target": -2.030776236883918, "params": {"C": 76.87975344701238, "epsilon": 0.8792815650396685, "gamma": 0.04672505511495087}, "datetime": {"datetime": "2021-09-18 11:25:35", "elapsed": 1224.724978, "delta": 5.222973}}
{"target": -2.1308090469521646, "params": {"C": 71.04122965569, "epsilon": 0.33932593290033375, "gamma": 0.0986236341982748}, "datetime": {"datetime": "2021-09-18 11:25:39", "elapsed": 1228.773661, "delta": 4.048683}}
{"target": -2.0304825715518904, "params": {"C": 76.8427688771875, "epsilon": 0.7441071351851988, "gamma": 0.07037555126294787}, "datetime": {"datetime": "2021-09-18 11:25:45", "elapsed": 1234.53857, "delta": 5.764909}}
{"target": -2.1751902404763057, "params": {"C": 74.0620064177486, "epsilon": 0.7074458205480344, "gamma": 0.09743210233627864}, "datetime": {"datetime": "2021-09-18 11:25:47", "elapsed": 1236.794725, "delta": 2.256155}}
{"target": -2.099787014123947, "params": {"C": 56.65621419503738, "epsilon": 0.5159050057370058, "gamma": 0.03151544915311298}, "datetime": {"datetime": "2021-09-18 11:25:52", "elapsed": 1242.20843, "delta": 5.413705}}
{"target": -2.2239253468344358, "params": {"C": 76.82117494229396, "epsilon": 0.9196702684531225, "gamma": 0.019271907511570322}, "datetime": {"datetime": "2021-09-18 11:25:57", "elapsed": 1246.605416, "delta": 4.396986}}
{"target": -2.1454194546757948, "params": {"C": 73.4686857083434, "epsilon": 1.3944890692290826, "gamma": 0.03493991597862184}, "datetime": {"datetime": "2021-09-18 11:26:02", "elapsed": 1251.883935, "delta": 5.278519}}
{"target": -2.0176561624848155, "params": {"C": 76.87433911511377, "epsilon": 0.815833501791581, "gamma": 0.0463900193672598}, "datetime": {"datetime": "2021-09-18 11:26:08", "elapsed": 1258.220669, "delta": 6.336734}}
{"target": -2.4216213254416177, "params": {"C": 76.85738642151372, "epsilon": 0.821296323210097, "gamma": 0.134768277728641}, "datetime": {"datetime": "2021-09-18 11:26:14", "elapsed": 1263.674683, "delta": 5.454014}}
{"target": -2.163578293462875, "params": {"C": 76.75287159224123, "epsilon": 0.7817941199935138, "gamma": 0.022507699586912993}, "datetime": {"datetime": "2021-09-18 11:26:20", "elapsed": 1270.033376, "delta": 6.358693}}
{"target": -2.103198328066526, "params": {"C": 58.99045869317809, "epsilon": 1.4813942392906956, "gamma": 0.058203639820616264}, "datetime": {"datetime": "2021-09-18 11:26:22", "elapsed": 1272.335479, "delta": 2.302103}}
{"target": -2.48175153275936, "params": {"C": 51.07245978797802, "epsilon": 0.7534096911617993, "gamma": 0.15714755366195218}, "datetime": {"datetime": "2021-09-18 11:26:25", "elapsed": 1274.741343, "delta": 2.405864}}
{"target": -2.330145754637322, "params": {"C": 76.88090374561403, "epsilon": 0.7451793683670923, "gamma": 0.01}, "datetime": {"datetime": "2021-09-18 11:26:32", "elapsed": 1281.742629, "delta": 7.001286}}
{"target": -2.301060608575534, "params": {"C": 76.65545955978996, "epsilon": 1.0137465756917117, "gamma": 0.01517064079138698}, "datetime": {"datetime": "2021-09-18 11:26:39", "elapsed": 1288.772251, "delta": 7.029622}}
{"target": -2.34492378744053, "params": {"C": 62.356141499511075, "epsilon": 0.1829825133676145, "gamma": 0.1449207766986115}, "datetime": {"datetime": "2021-09-18 11:26:46", "elapsed": 1295.505625, "delta": 6.733374}}
{"target": -2.277769020983204, "params": {"C": 95.76477333444751, "epsilon": 0.1795708738282656, "gamma": 0.010139228949023147}, "datetime": {"datetime": "2021-09-18 11:26:52", "elapsed": 1301.896515, "delta": 6.39089}}
{"target": -2.2749178449714607, "params": {"C": 95.71459373715376, "epsilon": 0.2253492919335986, "gamma": 0.11936441713598984}, "datetime": {"datetime": "2021-09-18 11:26:57", "elapsed": 1306.753564, "delta": 4.857049}}
{"target": -2.1147203742216893, "params": {"C": 71.13675093541615, "epsilon": 0.3061896845290865, "gamma": 0.022508671988103246}, "datetime": {"datetime": "2021-09-18 11:27:02", "elapsed": 1311.569752, "delta": 4.816188}}
{"target": -1.9453178916830074, "params": {"C": 88.50307650879404, "epsilon": 0.1493246891015387, "gamma": 0.05936528271160346}, "datetime": {"datetime": "2021-09-18 11:27:10", "elapsed": 1319.605418, "delta": 8.035666}}
{"target": -2.17749572665062, "params": {"C": 76.79859640851859, "epsilon": 0.691217002590511, "gamma": 0.09703388632339618}, "datetime": {"datetime": "2021-09-18 11:27:17", "elapsed": 1326.503326, "delta": 6.897908}}
{"target": -2.166383881346216, "params": {"C": 76.96068629254162, "epsilon": 0.8621451158402722, "gamma": 0.023527628158260042}, "datetime": {"datetime": "2021-09-18 11:27:24", "elapsed": 1333.955937, "delta": 7.452611}}
{"target": -2.077127383003067, "params": {"C": 39.03760504813103, "epsilon": 0.5686254604515834, "gamma": 0.042245182030716456}, "datetime": {"datetime": "2021-09-18 11:27:29", "elapsed": 1338.877152, "delta": 4.921215}}
{"target": -2.0794454565556704, "params": {"C": 88.47970104221234, "epsilon": 0.15772061628257197, "gamma": 0.026350096998154236}, "datetime": {"datetime": "2021-09-18 11:27:34", "elapsed": 1344.285652, "delta": 5.4085}}
{"target": -2.064442190354647, "params": {"C": 95.33691290931647, "epsilon": 0.2049987980957421, "gamma": 0.02635385849951996}, "datetime": {"datetime": "2021-09-18 11:27:44", "elapsed": 1354.195009, "delta": 9.909357}}
{"target": -1.9652559814365937, "params": {"C": 70.91612484853047, "epsilon": 0.17145140498094816, "gamma": 0.05194361021547159}, "datetime": {"datetime": "2021-09-18 11:27:51", "elapsed": 1360.617876, "delta": 6.422867}}
{"target": -2.2995819797195374, "params": {"C": 70.90428985362544, "epsilon": 0.1606889267234435, "gamma": 0.13213840535882848}, "datetime": {"datetime": "2021-09-18 11:27:58", "elapsed": 1367.609542, "delta": 6.991666}}
{"target": -1.978839225742504, "params": {"C": 95.79374166510271, "epsilon": 0.2798377514567698, "gamma": 0.06563352735517979}, "datetime": {"datetime": "2021-09-18 11:28:04", "elapsed": 1373.792855, "delta": 6.183313}}
{"target": -2.024765249837752, "params": {"C": 73.1830122163184, "epsilon": 0.33911186293093, "gamma": 0.04000343124452035}, "datetime": {"datetime": "2021-09-18 11:51:24", "elapsed": 0.0, "delta": 0.0}}
{"target": -2.012026317013958, "params": {"C": 67.90729834106463, "epsilon": 0.0706817569024089, "gamma": 0.042770157843063934}, "datetime": {"datetime": "2021-09-18 11:51:24", "elapsed": 0.059043, "delta": 0.059043}}
{"target": -1.982135182708213, "params": {"C": 62.56796972337286, "epsilon": 0.16372242025614633, "gamma": 0.0519030242269201}, "datetime": {"datetime": "2021-09-18 11:51:24", "elapsed": 0.110012, "delta": 0.050969}}
{"target": -1.9569924548442517, "params": {"C": 78.78556976415442, "epsilon": 0.19818303274074195, "gamma": 0.060556585011902794}, "datetime": {"datetime": "2021-09-18 11:51:24", "elapsed": 0.158003, "delta": 0.047991}}
{"target": -2.036386838083243, "params": {"C": 63.4048034876498, "epsilon": 0.41295896023096246, "gamma": 0.04082162779593779}, "datetime": {"datetime": "2021-09-18 11:51:24", "elapsed": 0.204005, "delta": 0.046002}}
{"target": -1.9521343437126848, "params": {"C": 84.8415054682065, "epsilon": 0.19729864750781542, "gamma": 0.056760694853372554}, "datetime": {"datetime": "2021-09-18 11:51:24", "elapsed": 0.256997, "delta": 0.052992}}
