{"target": 0.8958008682884562, "params": {"C": 77.01237477396108, "epsilon": 0.059374544255844916, "gamma": 0.11325433784211279}, "datetime": {"datetime": "2021-09-18 12:31:49", "elapsed": 385.574319, "delta": 2.402099}}
{"target": 0.8747187681331874, "params": {"C": 86.42396052789017, "epsilon": 4.050826247516457, "gamma": 0.03386364386800597}, "datetime": {"datetime": "2021-09-18 12:31:51", "elapsed": 387.650281, "delta": 2.075962}}
{"target": 0.12249625370509165, "params": {"C": 88.81040907208322, "epsilon": 14.172287507199737, "gamma": 0.0001}, "datetime": {"datetime": "2021-09-18 12:31:53", "elapsed": 389.774508, "delta": 2.124227}}
{"target": 0.645695258208059, "params": {"C": 63.93100227275613, "epsilon": 0.0001, "gamma": 1.0}, "datetime": {"datetime": "2021-09-18 12:31:55", "elapsed": 391.739534, "delta": 1.965026}}
{"target": 0.27803385320326257, "params": {"C": 20.626981870187755, "epsilon": 6.011029874987309, "gamma": 0.0001}, "datetime": {"datetime": "2021-09-18 12:31:57", "elapsed": 393.898501, "delta": 2.158967}}
{"target": 0.6292062770324751, "params": {"C": 54.53880262459385, "epsilon": 1.3176371644762248, "gamma": 1.0}, "datetime": {"datetime": "2021-09-18 12:31:59", "elapsed": 395.799508, "delta": 1.901007}}
{"target": 0.266476021226117, "params": {"C": 22.525840915466638, "epsilon": 7.585885122466547, "gamma": 0.0001}, "datetime": {"datetime": "2021-09-18 12:32:02", "elapsed": 398.122507, "delta": 2.322999}}
{"target": 0.8277967360886187, "params": {"C": 64.53989114165228, "epsilon": 1.0619505979400017, "gamma": 0.0076705206415668085}, "datetime": {"datetime": "2021-09-18 12:32:04", "elapsed": 400.161501, "delta": 2.038994}}
{"target": 0.48981314198472725, "params": {"C": 86.36522573422185, "epsilon": 5.498532291727655, "gamma": 0.0001}, "datetime": {"datetime": "2021-09-18 12:32:06", "elapsed": 402.243501, "delta": 2.082}}
{"target": 0.4860426727877596, "params": {"C": 27.51349176968155, "epsilon": 6.3408773252919, "gamma": 0.9364300469349893}, "datetime": {"datetime": "2021-09-18 12:32:08", "elapsed": 404.314509, "delta": 2.071008}}
{"target": 0.7509227465785551, "params": {"C": 85.17754404262325, "epsilon": 7.198679853003801, "gamma": 0.01162013797453872}, "datetime": {"datetime": "2021-09-18 12:32:10", "elapsed": 406.541509, "delta": 2.227}}
{"target": 0.8632233446348259, "params": {"C": 75.33589964442191, "epsilon": 0.7989008343828651, "gamma": 0.02213110927265988}, "datetime": {"datetime": "2021-09-18 12:32:12", "elapsed": 408.433497, "delta": 1.891988}}
{"target": 0.5214049860895333, "params": {"C": 80.76166265253937, "epsilon": 1.7312977794046895, "gamma": 0.0001}, "datetime": {"datetime": "2021-09-18 12:32:14", "elapsed": 410.138514, "delta": 1.705017}}
{"target": 0.8557246390747195, "params": {"C": 53.154641702972505, "epsilon": 1.6607311745381483, "gamma": 0.0229904930397635}, "datetime": {"datetime": "2021-09-18 12:32:16", "elapsed": 412.47528, "delta": 2.336766}}
{"target": 0.6114781852893771, "params": {"C": 51.0027370443568, "epsilon": 2.191588392185544, "gamma": 1.0}, "datetime": {"datetime": "2021-09-18 12:32:18", "elapsed": 414.455964, "delta": 1.980684}}
{"target": 0.8176627085022172, "params": {"C": 84.4942067671581, "epsilon": 5.480425246671478, "gamma": 0.015010391140895299}, "datetime": {"datetime": "2021-09-18 12:32:20", "elapsed": 416.528117, "delta": 2.072153}}
{"target": 0.4933504888976754, "params": {"C": 70.99100715784985, "epsilon": 1.0435697588498947, "gamma": 0.0001}, "datetime": {"datetime": "2021-09-18 12:32:23", "elapsed": 419.246472, "delta": 2.718355}}
{"target": 0.6551159535826239, "params": {"C": 71.42450498670195, "epsilon": 2.1674458173869966, "gamma": 0.8470125295060128}, "datetime": {"datetime": "2021-09-18 12:32:25", "elapsed": 421.127578, "delta": 1.881106}}
{"target": 0.8235973172852535, "params": {"C": 69.29566253096318, "epsilon": 2.1614447192589736, "gamma": 0.3107149876937482}, "datetime": {"datetime": "2021-09-18 12:32:27", "elapsed": 423.600086, "delta": 2.472508}}
{"target": 0.8344949970533851, "params": {"C": 85.66915848190298, "epsilon": 3.2201720930261875, "gamma": 0.015682437415158207}, "datetime": {"datetime": "2021-09-18 12:32:29", "elapsed": 425.399481, "delta": 1.799395}}
{"target": 0.7625902029759664, "params": {"C": 57.17306430331873, "epsilon": 0.033580708919006864, "gamma": 0.6035718581035137}, "datetime": {"datetime": "2021-09-18 12:32:32", "elapsed": 428.297716, "delta": 2.898235}}
{"target": -0.08720260353850207, "params": {"C": 8.144079996294886, "epsilon": 16.934936470357083, "gamma": 0.8575008777265057}, "datetime": {"datetime": "2021-09-18 12:32:35", "elapsed": 431.028676, "delta": 2.73096}}
{"target": 0.8544794703037448, "params": {"C": 63.517634305276125, "epsilon": 0.009740725002685734, "gamma": 0.02039252624468382}, "datetime": {"datetime": "2021-09-18 12:32:37", "elapsed": 433.421682, "delta": 2.393006}}
{"target": 0.7884140821569875, "params": {"C": 56.26326713914959, "epsilon": 7.032442588522842, "gamma": 0.043655318242226716}, "datetime": {"datetime": "2021-09-18 12:32:39", "elapsed": 435.371572, "delta": 1.94989}}
{"target": 0.8848697549157376, "params": {"C": 71.5957565957351, "epsilon": 0.0637298081037169, "gamma": 0.05119677660093706}, "datetime": {"datetime": "2021-09-18 12:32:41", "elapsed": 437.76361, "delta": 2.392038}}
{"target": 0.8066952815136095, "params": {"C": 70.40013207462512, "epsilon": 2.8521825614326204, "gamma": 0.31633650118998785}, "datetime": {"datetime": "2021-09-18 12:32:44", "elapsed": 440.080616, "delta": 2.317006}}
{"target": 0.5194640997192261, "params": {"C": 81.3183333528825, "epsilon": 3.959479790762857, "gamma": 0.0001}, "datetime": {"datetime": "2021-09-18 12:32:46", "elapsed": 442.888573, "delta": 2.807957}}
{"target": 0.6114965057504809, "params": {"C": 81.44167025058523, "epsilon": 5.158396986490558, "gamma": 0.6836508798361141}, "datetime": {"datetime": "2021-09-18 12:32:49", "elapsed": 445.389572, "delta": 2.500999}}
{"target": 0.8383468441501299, "params": {"C": 79.84082598899231, "epsilon": 5.279290757629186, "gamma": 0.07421792628348244}, "datetime": {"datetime": "2021-09-18 12:32:52", "elapsed": 448.545573, "delta": 3.156001}}
{"target": 0.5099957580671793, "params": {"C": 78.493748942619, "epsilon": 0.9029329863781258, "gamma": 0.0001}, "datetime": {"datetime": "2021-09-18 12:32:55", "elapsed": 451.22357, "delta": 2.677997}}
{"target": 0.842581907635422, "params": {"C": 61.608507912473776, "epsilon": 2.4313185166172486, "gamma": 0.018988300017026834}, "datetime": {"datetime": "2021-09-18 12:32:57", "elapsed": 453.902573, "delta": 2.679003}}
{"target": 0.8009812418349491, "params": {"C": 49.97759351516119, "epsilon": 6.27730900584771, "gamma": 0.03667901799759497}, "datetime": {"datetime": "2021-09-18 12:32:59", "elapsed": 455.958572, "delta": 2.055999}}
{"target": 0.6158436585455183, "params": {"C": 61.2120382327956, "epsilon": 1.990599533795989, "gamma": 1.0}, "datetime": {"datetime": "2021-09-18 12:33:02", "elapsed": 458.124574, "delta": 2.166002}}
{"target": 0.786603104429831, "params": {"C": 63.39756790916862, "epsilon": 6.730317698422604, "gamma": 0.02236845381636261}, "datetime": {"datetime": "2021-09-18 12:33:04", "elapsed": 460.18858, "delta": 2.064006}}
{"target": 0.5015245844764669, "params": {"C": 49.649518512303, "epsilon": 5.913834454098183, "gamma": 0.9540697231937263}, "datetime": {"datetime": "2021-09-18 12:33:06", "elapsed": 462.517574, "delta": 2.328994}}
{"target": 0.5359133918996166, "params": {"C": 83.39863258192382, "epsilon": 2.733198812307626, "gamma": 0.0001}, "datetime": {"datetime": "2021-09-18 12:33:08", "elapsed": 464.639574, "delta": 2.122}}
{"target": 0.8397040762216645, "params": {"C": 20.280368565754465, "epsilon": 3.355080768587753, "gamma": 0.03867761625858684}, "datetime": {"datetime": "2021-09-18 12:33:10", "elapsed": 466.534578, "delta": 1.895004}}
{"target": 0.6777205111903825, "params": {"C": 95.51868749934175, "epsilon": 1.1616382516130737, "gamma": 0.8408789789869241}, "datetime": {"datetime": "2021-09-18 12:33:12", "elapsed": 468.615577, "delta": 2.080999}}
{"target": 0.8321995673662271, "params": {"C": 80.65915313982616, "epsilon": 5.552321657036326, "gamma": 0.023017365070468764}, "datetime": {"datetime": "2021-09-18 12:33:15", "elapsed": 471.153614, "delta": 2.538037}}
{"target": 0.8436426632765532, "params": {"C": 66.86155882350282, "epsilon": 3.0221622746698045, "gamma": 0.02395484897363439}, "datetime": {"datetime": "2021-09-18 12:33:17", "elapsed": 473.827582, "delta": 2.673968}}
{"target": 0.7959977133742633, "params": {"C": 90.20921861919619, "epsilon": 3.473618469948456, "gamma": 0.29379806437184347}, "datetime": {"datetime": "2021-09-18 12:33:20", "elapsed": 476.571392, "delta": 2.74381}}
{"target": 0.6158106815529774, "params": {"C": 78.7864218553522, "epsilon": 2.052971137087468, "gamma": 0.9951851476221444}, "datetime": {"datetime": "2021-09-18 12:33:22", "elapsed": 478.569647, "delta": 1.998255}}
{"target": 0.5465029119351001, "params": {"C": 94.14817956516472, "epsilon": 3.607436888924626, "gamma": 0.0001}, "datetime": {"datetime": "2021-09-18 12:33:25", "elapsed": 481.433299, "delta": 2.863652}}
{"target": -0.07597747704751412, "params": {"C": 40.251833019622566, "epsilon": 16.672215942111904, "gamma": 0.8918730253159216}, "datetime": {"datetime": "2021-09-18 12:33:27", "elapsed": 483.44388, "delta": 2.010581}}
{"target": 0.15679984015043602, "params": {"C": 80.60283102170477, "epsilon": 12.227829898300191, "gamma": 0.9530247659883045}, "datetime": {"datetime": "2021-09-18 12:33:30", "elapsed": 486.212038, "delta": 2.768158}}
{"target": -0.0670881783933237, "params": {"C": 76.12151669146965, "epsilon": 16.407166030546712, "gamma": 0.9876889508394707}, "datetime": {"datetime": "2021-09-18 12:33:32", "elapsed": 488.299013, "delta": 2.086975}}
{"target": 0.8020548374853189, "params": {"C": 79.21291370803354, "epsilon": 6.638310888971525, "gamma": 0.05358416715537957}, "datetime": {"datetime": "2021-09-18 12:33:34", "elapsed": 490.702569, "delta": 2.403556}}
{"target": 0.5089972031145961, "params": {"C": 71.79901390626118, "epsilon": 2.1554774628352655, "gamma": 0.0001}, "datetime": {"datetime": "2021-09-18 12:33:37", "elapsed": 493.635901, "delta": 2.933332}}
{"target": 0.6455747519690525, "params": {"C": 77.4619682933449, "epsilon": 0.0001, "gamma": 1.0}, "datetime": {"datetime": "2021-09-18 12:33:40", "elapsed": 496.138287, "delta": 2.502386}}
{"target": -0.06831804300650757, "params": {"C": 13.526338975727883, "epsilon": 17.537580663666258, "gamma": 0.06242064040155432}, "datetime": {"datetime": "2021-09-18 12:33:42", "elapsed": 498.79703, "delta": 2.658743}}
{"target": 0.5023705809059706, "params": {"C": 79.17366335308562, "epsilon": 5.669762659425644, "gamma": 0.9930511203873535}, "datetime": {"datetime": "2021-09-18 12:33:45", "elapsed": 501.312384, "delta": 2.515354}}
{"target": 0.770205060874111, "params": {"C": 21.563361384339494, "epsilon": 3.956237869109864, "gamma": 0.006247262217972863}, "datetime": {"datetime": "2021-09-18 12:33:47", "elapsed": 503.321828, "delta": 2.009444}}
{"target": 0.566033844945079, "params": {"C": 20.816457767476155, "epsilon": 3.4934616370923868, "gamma": 1.0}, "datetime": {"datetime": "2021-09-18 12:33:49", "elapsed": 505.600519, "delta": 2.278691}}
{"target": 0.38493891738889097, "params": {"C": 35.888688618266166, "epsilon": 0.5001167558684345, "gamma": 0.0001}, "datetime": {"datetime": "2021-09-18 12:33:51", "elapsed": 507.913614, "delta": 2.313095}}
{"target": 0.3868350838930239, "params": {"C": 37.763612166606116, "epsilon": 0.36748093052957537, "gamma": 0.0001}, "datetime": {"datetime": "2021-09-18 12:33:53", "elapsed": 509.961639, "delta": 2.048025}}
{"target": 0.7044998346915493, "params": {"C": 37.01064624679969, "epsilon": 1.1229348449072731, "gamma": 0.7561950959968926}, "datetime": {"datetime": "2021-09-18 12:33:57", "elapsed": 513.783545, "delta": 3.821906}}
{"target": 0.4069361897339512, "params": {"C": 38.74305176475432, "epsilon": 1.8769312722450555, "gamma": 0.0001}, "datetime": {"datetime": "2021-09-18 12:34:00", "elapsed": 516.273634, "delta": 2.490089}}
{"target": 0.6472878117753411, "params": {"C": 34.846623255285365, "epsilon": 0.0001, "gamma": 1.0}, "datetime": {"datetime": "2021-09-18 12:34:02", "elapsed": 518.83383, "delta": 2.560196}}
{"target": 0.5688059795204228, "params": {"C": 84.71856198077316, "epsilon": 4.750268661004016, "gamma": 0.8766538678882388}, "datetime": {"datetime": "2021-09-18 12:34:05", "elapsed": 521.026788, "delta": 2.192958}}
{"target": 0.6620357386399962, "params": {"C": 39.67422204427701, "epsilon": 0.19149761690204917, "gamma": 0.939651061863498}, "datetime": {"datetime": "2021-09-18 12:34:07", "elapsed": 523.136791, "delta": 2.110003}}
{"target": 0.8836197148930247, "params": {"C": 41.12053912636441, "epsilon": 0.9886513262515468, "gamma": 0.06912052733120266}, "datetime": {"datetime": "2021-09-18 12:34:10", "elapsed": 526.462798, "delta": 3.326007}}
{"target": 0.7328191818918119, "params": {"C": 79.2069137742382, "epsilon": 8.056777263024308, "gamma": 0.06924020829126272}, "datetime": {"datetime": "2021-09-18 12:34:13", "elapsed": 529.077787, "delta": 2.614989}}
{"target": 0.879068205114786, "params": {"C": 39.99028198160762, "epsilon": 0.7535192592934918, "gamma": 0.057576743841309765}, "datetime": {"datetime": "2021-09-18 12:34:15", "elapsed": 531.344791, "delta": 2.267004}}
{"target": 0.5831308687592052, "params": {"C": 65.68625409303789, "epsilon": 3.4690902338069245, "gamma": 0.9789709844074269}, "datetime": {"datetime": "2021-09-18 12:34:18", "elapsed": 534.40779, "delta": 3.062999}}
{"target": 0.641230099549782, "params": {"C": 88.32843967459753, "epsilon": 1.041158453383555, "gamma": 0.9737746612483563}, "datetime": {"datetime": "2021-09-18 12:34:20", "elapsed": 536.655787, "delta": 2.247997}}
{"target": 0.7161091617963675, "params": {"C": 81.84672939502005, "epsilon": 2.819682477825701, "gamma": 0.6035215745752895}, "datetime": {"datetime": "2021-09-18 12:34:22", "elapsed": 538.873863, "delta": 2.218076}}
{"target": 0.506830389287843, "params": {"C": 65.45045911441706, "epsilon": 2.4269155379888305, "gamma": 0.0001}, "datetime": {"datetime": "2021-09-18 12:34:25", "elapsed": 541.34479, "delta": 2.470927}}
{"target": 0.8433949656436612, "params": {"C": 73.56994574989903, "epsilon": 3.5788384438185186, "gamma": 0.019953326170570756}, "datetime": {"datetime": "2021-09-18 12:34:27", "elapsed": 543.630448, "delta": 2.285658}}
{"target": 0.4884163283303756, "params": {"C": 66.43045184625838, "epsilon": 4.271737781327958, "gamma": 0.0001}, "datetime": {"datetime": "2021-09-18 12:34:29", "elapsed": 545.908225, "delta": 2.277777}}
{"target": 0.4715582852899127, "params": {"C": 62.52150876538002, "epsilon": 0.5900999251741647, "gamma": 0.0001}, "datetime": {"datetime": "2021-09-18 12:34:33", "elapsed": 549.207823, "delta": 3.299598}}
{"target": 0.49450243785305525, "params": {"C": 62.69378754325857, "epsilon": 2.361202515251325, "gamma": 0.0001}, "datetime": {"datetime": "2021-09-18 12:34:35", "elapsed": 551.336543, "delta": 2.12872}}
{"target": 0.5992826891251458, "params": {"C": 69.62057948592786, "epsilon": 2.6869138096307683, "gamma": 1.0}, "datetime": {"datetime": "2021-09-18 12:34:37", "elapsed": 553.575642, "delta": 2.239099}}
{"target": 0.37276102472226413, "params": {"C": 49.71816128153658, "epsilon": 7.240412733752148, "gamma": 0.0001}, "datetime": {"datetime": "2021-09-18 12:34:41", "elapsed": 557.45015, "delta": 3.874508}}
{"target": 0.5815814673793295, "params": {"C": 86.77364132230662, "epsilon": 3.8169474730531805, "gamma": 0.9462548280649175}, "datetime": {"datetime": "2021-09-18 12:34:44", "elapsed": 560.732821, "delta": 3.282671}}
{"target": 0.6761740734407112, "params": {"C": 67.32775274731216, "epsilon": 0.13095918819289346, "gamma": 0.8872397439254921}, "datetime": {"datetime": "2021-09-18 12:34:47", "elapsed": 562.992202, "delta": 2.259381}}
{"target": 0.6519126942924325, "params": {"C": 47.26059295070618, "epsilon": 0.08634458311939647, "gamma": 0.9772239015711732}, "datetime": {"datetime": "2021-09-18 12:34:49", "elapsed": 565.8404, "delta": 2.848198}}
{"target": 0.5393935779434345, "params": {"C": 90.74735475176806, "epsilon": 4.654991158609211, "gamma": 1.0}, "datetime": {"datetime": "2021-09-18 12:34:52", "elapsed": 568.130373, "delta": 2.289973}}
{"target": 0.32459183809951286, "params": {"C": 25.979410569456242, "epsilon": 2.6692899518133206, "gamma": 0.0001}, "datetime": {"datetime": "2021-09-18 12:34:55", "elapsed": 571.81425, "delta": 3.683877}}
{"target": 0.8642908112222389, "params": {"C": 29.047918315520906, "epsilon": 2.094011494199903, "gamma": 0.05353910051489411}, "datetime": {"datetime": "2021-09-18 12:34:58", "elapsed": 574.62684, "delta": 2.81259}}
{"target": 0.864639699156642, "params": {"C": 20.821710374941684, "epsilon": 2.418895297794891, "gamma": 0.10494588182782838}, "datetime": {"datetime": "2021-09-18 12:35:01", "elapsed": 577.599993, "delta": 2.973153}}
{"target": 0.5952835992642765, "params": {"C": 29.26908799750889, "epsilon": 2.835741487365831, "gamma": 0.9999218769764587}, "datetime": {"datetime": "2021-09-18 12:35:03", "elapsed": 579.917998, "delta": 2.318005}}
{"target": 0.57472038740565, "params": {"C": 31.368252422201667, "epsilon": 3.562460806826294, "gamma": 1.0}, "datetime": {"datetime": "2021-09-18 12:35:06", "elapsed": 582.243674, "delta": 2.325676}}
{"target": 0.895021458270535, "params": {"C": 54.959393104101416, "epsilon": 0.005612993605201091, "gamma": 0.0777388604367734}, "datetime": {"datetime": "2021-09-18 12:35:08", "elapsed": 584.625639, "delta": 2.381965}}
{"target": 0.4686295241140951, "params": {"C": 57.19192881065084, "epsilon": 1.5480352765763148, "gamma": 0.0001}, "datetime": {"datetime": "2021-09-18 12:35:11", "elapsed": 587.13167, "delta": 2.506031}}
{"target": 0.8757648442182702, "params": {"C": 55.84545079565639, "epsilon": 0.011530160035201962, "gamma": 0.20537962647067673}, "datetime": {"datetime": "2021-09-18 12:35:13", "elapsed": 589.565637, "delta": 2.433967}}
{"target": 0.8296136225181845, "params": {"C": 55.597224177160165, "epsilon": 2.386523739830551, "gamma": 0.008395063148471339}, "datetime": {"datetime": "2021-09-18 12:35:16", "elapsed": 592.596573, "delta": 3.030936}}
{"target": 0.6397471047741441, "params": {"C": 84.39627904166386, "epsilon": 2.3624685203065217, "gamma": 0.8840145908306033}, "datetime": {"datetime": "2021-09-18 12:35:18", "elapsed": 594.943573, "delta": 2.347}}
{"target": 0.496652840885877, "params": {"C": 61.41569530477318, "epsilon": 5.791620289315951, "gamma": 0.9949051401327753}, "datetime": {"datetime": "2021-09-18 12:35:21", "elapsed": 597.579573, "delta": 2.636}}
{"target": 0.8095599707075593, "params": {"C": 83.01032776718992, "epsilon": 4.576225431339469, "gamma": 0.008167680171114458}, "datetime": {"datetime": "2021-09-18 12:35:25", "elapsed": 601.480574, "delta": 3.901001}}
{"target": 0.8356351480980652, "params": {"C": 51.69365289557263, "epsilon": 1.6382533164431765, "gamma": 0.011476474536735282}, "datetime": {"datetime": "2021-09-18 12:35:27", "elapsed": 603.913572, "delta": 2.432998}}
{"target": 0.8775102670647332, "params": {"C": 74.7847600178231, "epsilon": 4.17639043157271, "gamma": 0.048329019916460984}, "datetime": {"datetime": "2021-09-18 12:35:30", "elapsed": 606.485577, "delta": 2.572005}}
{"target": 0.0003667823903474865, "params": {"C": 49.834968106791045, "epsilon": 16.602940829830192, "gamma": 0.0001}, "datetime": {"datetime": "2021-09-18 12:35:33", "elapsed": 609.537576, "delta": 3.051999}}
{"target": 0.2616082076331516, "params": {"C": 51.05625053235678, "epsilon": 10.425511873674635, "gamma": 0.9919140159857348}, "datetime": {"datetime": "2021-09-18 12:35:36", "elapsed": 612.175576, "delta": 2.638}}
{"target": 0.7965519489801178, "params": {"C": 37.0056678309878, "epsilon": 1.2249652309417993, "gamma": 0.005408077743810172}, "datetime": {"datetime": "2021-09-18 12:35:38", "elapsed": 614.731575, "delta": 2.555999}}
{"target": 0.8612185918998013, "params": {"C": 58.66129761494623, "epsilon": 1.4445268267879405, "gamma": 0.2158817268158032}, "datetime": {"datetime": "2021-09-18 12:35:41", "elapsed": 617.166576, "delta": 2.435001}}
{"target": 0.6274397062396968, "params": {"C": 49.6241219976013, "epsilon": 3.2648920320805903, "gamma": 0.8431493449037472}, "datetime": {"datetime": "2021-09-18 12:35:43", "elapsed": 619.937577, "delta": 2.771001}}
{"target": 0.6046935646470014, "params": {"C": 10.862545365728439, "epsilon": 7.909652589976164, "gamma": 0.00556051693203976}, "datetime": {"datetime": "2021-09-18 12:35:47", "elapsed": 623.404613, "delta": 3.467036}}
{"target": 0.1798228719908871, "params": {"C": 15.29204146726097, "epsilon": 11.799376272091084, "gamma": 0.9820427724394086}, "datetime": {"datetime": "2021-09-18 12:35:50", "elapsed": 626.136574, "delta": 2.731961}}
{"target": 0.769460752565325, "params": {"C": 92.43804869288914, "epsilon": 0.020378302193669404, "gamma": 0.5743465609534018}, "datetime": {"datetime": "2021-09-18 12:35:53", "elapsed": 628.975572, "delta": 2.838998}}
{"target": 0.8549936851835176, "params": {"C": 66.69396909779819, "epsilon": 1.0604830000693117, "gamma": 0.020449233839439578}, "datetime": {"datetime": "2021-09-18 12:35:55", "elapsed": 631.589574, "delta": 2.614002}}
{"target": 0.8567556194462107, "params": {"C": 65.57238587368185, "epsilon": 0.20753246808061174, "gamma": 0.020679275412105555}, "datetime": {"datetime": "2021-09-18 12:35:58", "elapsed": 634.53793, "delta": 2.948356}}
{"target": -0.19750020986499228, "params": {"C": 72.47694109420553, "epsilon": 19.962904400637548, "gamma": 0.9320226914754499}, "datetime": {"datetime": "2021-09-18 12:36:01", "elapsed": 637.319071, "delta": 2.781141}}
