{"target": -10.68272482075231, "params": {"C": 56.23607568919011, "epsilon": 0.4176305815308874, "gamma": 0.014967046158075804}, "datetime": {"datetime": "2021-09-27 15:44:22", "elapsed": 4.422233, "delta": 0.180204}}
{"target": -10.446268690081705, "params": {"C": 59.47614474483888, "epsilon": 0.5227395752571792, "gamma": 0.05305600694939632}, "datetime": {"datetime": "2021-09-27 15:44:22", "elapsed": 4.67156, "delta": 0.249327}}
{"target": -16.884754367267536, "params": {"C": 60.028174929628875, "epsilon": 0.9828639529864814, "gamma": 0.38978700022713564}, "datetime": {"datetime": "2021-09-27 15:44:22", "elapsed": 4.904529, "delta": 0.232969}}
{"target": -11.002034236929264, "params": {"C": 58.92122130352883, "epsilon": 0.10116409261616438, "gamma": 0.08449040601249978}, "datetime": {"datetime": "2021-09-27 15:44:23", "elapsed": 5.155586, "delta": 0.251057}}
{"target": -10.790269794822208, "params": {"C": 59.71696693528794, "epsilon": 0.04986081947380506, "gamma": 0.07886669069463036}, "datetime": {"datetime": "2021-09-27 15:44:23", "elapsed": 5.512677, "delta": 0.357091}}
{"target": -19.755063306694808, "params": {"C": 59.33411752035424, "epsilon": 0.0020005459954405835, "gamma": 0.7758557167369479}, "datetime": {"datetime": "2021-09-27 15:44:23", "elapsed": 5.831678, "delta": 0.319001}}
{"target": -10.444404704214397, "params": {"C": 60.645340346465375, "epsilon": 0.0029585343561836317, "gamma": 0.047054451225358764}, "datetime": {"datetime": "2021-09-27 15:44:24", "elapsed": 6.048189, "delta": 0.216511}}
{"target": -13.302382546375952, "params": {"C": 61.338018278399815, "epsilon": 0.005183408269714349, "gamma": 0.19333719993311738}, "datetime": {"datetime": "2021-09-27 15:44:24", "elapsed": 6.286126, "delta": 0.237937}}
{"target": -14.080529310303842, "params": {"C": 60.93125231505166, "epsilon": 0.6514866613221989, "gamma": 0.001}, "datetime": {"datetime": "2021-09-27 15:44:24", "elapsed": 6.586132, "delta": 0.300006}}
{"target": -11.279239234039718, "params": {"C": 93.24679965500685, "epsilon": 0.9599976247166696, "gamma": 0.07768668062431926}, "datetime": {"datetime": "2021-09-27 15:44:24", "elapsed": 6.928127, "delta": 0.341995}}
{"target": -13.630998758486545, "params": {"C": 92.87923804074632, "epsilon": 0.17081259772215324, "gamma": 0.001}, "datetime": {"datetime": "2021-09-27 15:44:25", "elapsed": 7.192125, "delta": 0.263998}}
{"target": -19.742230351714323, "params": {"C": 92.58603738122547, "epsilon": 1.0, "gamma": 0.7000823930065275}, "datetime": {"datetime": "2021-09-27 15:44:25", "elapsed": 7.612127, "delta": 0.420002}}
{"target": -10.88791959120834, "params": {"C": 93.85249496879909, "epsilon": 0.9901179270540132, "gamma": 0.0523889890752567}, "datetime": {"datetime": "2021-09-27 15:44:25", "elapsed": 7.900126, "delta": 0.287999}}
{"target": -11.39853493572593, "params": {"C": 93.59014355340352, "epsilon": 0.2925157643699928, "gamma": 0.08605957787284682}, "datetime": {"datetime": "2021-09-27 15:44:26", "elapsed": 8.254034, "delta": 0.353908}}
{"target": -14.149743058979421, "params": {"C": 63.49392138091141, "epsilon": 0.08953779679648312, "gamma": 0.23880753880649774}, "datetime": {"datetime": "2021-09-27 15:44:26", "elapsed": 8.659992, "delta": 0.405958}}
{"target": -21.32967395210027, "params": {"C": 64.8265978295206, "epsilon": 0.001, "gamma": 1.0}, "datetime": {"datetime": "2021-09-27 15:44:27", "elapsed": 9.310023, "delta": 0.650031}}
{"target": -14.071360756167072, "params": {"C": 62.66449344783085, "epsilon": 1.0, "gamma": 0.001}, "datetime": {"datetime": "2021-09-27 15:44:27", "elapsed": 9.718032, "delta": 0.408009}}
{"target": -17.273211320313173, "params": {"C": 25.49104906951652, "epsilon": 0.9642020553587787, "gamma": 0.45629811346040056}, "datetime": {"datetime": "2021-09-27 15:44:28", "elapsed": 10.096993, "delta": 0.378961}}
{"target": -20.570576108781925, "params": {"C": 62.499361159064364, "epsilon": 0.08851599813816222, "gamma": 0.8835048959285342}, "datetime": {"datetime": "2021-09-27 15:44:28", "elapsed": 10.567037, "delta": 0.470044}}
{"target": -17.6087263813587, "params": {"C": 1.0139736453397545, "epsilon": 0.9378184563889064, "gamma": 0.08880446566034357}, "datetime": {"datetime": "2021-09-27 15:44:28", "elapsed": 10.918038, "delta": 0.351001}}
{"target": -11.08248404012156, "params": {"C": 63.7388438273096, "epsilon": 0.9922088767012831, "gamma": 0.02123604157985014}, "datetime": {"datetime": "2021-09-27 15:44:29", "elapsed": 11.237688, "delta": 0.31965}}
{"target": -11.22400945138427, "params": {"C": 71.32736749105116, "epsilon": 0.9817206041465889, "gamma": 0.015444155965792856}, "datetime": {"datetime": "2021-09-27 15:44:29", "elapsed": 11.542689, "delta": 0.305001}}
{"target": -11.660955777152191, "params": {"C": 70.82148412173707, "epsilon": 0.23936453749175113, "gamma": 0.003458589192176343}, "datetime": {"datetime": "2021-09-27 15:44:29", "elapsed": 11.98473, "delta": 0.442041}}
{"target": -13.812368179890896, "params": {"C": 71.8298745594779, "epsilon": 0.18146368851324313, "gamma": 0.001}, "datetime": {"datetime": "2021-09-27 15:44:30", "elapsed": 12.417936, "delta": 0.433206}}
{"target": -19.249665203723474, "params": {"C": 70.65813521115528, "epsilon": 0.9923709895837757, "gamma": 0.6442708591335167}, "datetime": {"datetime": "2021-09-27 15:44:31", "elapsed": 13.091915, "delta": 0.673979}}
{"target": -15.099225747650566, "params": {"C": 72.23387032088687, "epsilon": 0.9676156374495315, "gamma": 0.24066628596996748}, "datetime": {"datetime": "2021-09-27 15:44:31", "elapsed": 13.533912, "delta": 0.441997}}
{"target": -11.473379637561573, "params": {"C": 64.4149924161772, "epsilon": 0.9965171293326637, "gamma": 0.08900790655223399}, "datetime": {"datetime": "2021-09-27 15:44:31", "elapsed": 13.865952, "delta": 0.33204}}
{"target": -21.176539419948153, "params": {"C": 63.813472183986214, "epsilon": 0.9524221289628291, "gamma": 0.8877335318713849}, "datetime": {"datetime": "2021-09-27 15:44:32", "elapsed": 14.186012, "delta": 0.32006}}
{"target": -13.868248677325926, "params": {"C": 69.8720229036919, "epsilon": 0.001, "gamma": 0.001}, "datetime": {"datetime": "2021-09-27 15:44:32", "elapsed": 14.565594, "delta": 0.379582}}
{"target": -11.046432392306798, "params": {"C": 68.21835577592117, "epsilon": 0.026155776059725314, "gamma": 0.00957267412875975}, "datetime": {"datetime": "2021-09-27 15:44:32", "elapsed": 14.902588, "delta": 0.336994}}
{"target": -13.96077453252035, "params": {"C": 68.10614422351495, "epsilon": 0.8304863056574493, "gamma": 0.001}, "datetime": {"datetime": "2021-09-27 15:44:33", "elapsed": 15.59959, "delta": 0.697002}}
{"target": -16.4902401628859, "params": {"C": 67.53873513526032, "epsilon": 0.013413752065085372, "gamma": 0.4491211927886817}, "datetime": {"datetime": "2021-09-27 15:44:33", "elapsed": 16.004032, "delta": 0.404442}}
{"target": -15.405241599496525, "params": {"C": 68.83709802206323, "epsilon": 0.001, "gamma": 0.33267541809468243}, "datetime": {"datetime": "2021-09-27 15:44:34", "elapsed": 16.410583, "delta": 0.406551}}
{"target": -10.528223571419788, "params": {"C": 58.98283828848404, "epsilon": 0.6269497505492769, "gamma": 0.04574349320064564}, "datetime": {"datetime": "2021-09-27 15:44:34", "elapsed": 16.785157, "delta": 0.374574}}
{"target": -14.041594252209466, "params": {"C": 65.33878854683009, "epsilon": 1.0, "gamma": 0.001}, "datetime": {"datetime": "2021-09-27 15:44:35", "elapsed": 17.1172, "delta": 0.332043}}
{"target": -11.601030180999812, "params": {"C": 31.501703255503898, "epsilon": 0.1644856605146035, "gamma": 0.11823126372400519}, "datetime": {"datetime": "2021-09-27 15:44:35", "elapsed": 17.508195, "delta": 0.390995}}
{"target": -18.657084793403182, "params": {"C": 30.842902827778964, "epsilon": 0.0010150693175551202, "gamma": 0.6640373532724534}, "datetime": {"datetime": "2021-09-27 15:44:35", "elapsed": 17.887155, "delta": 0.37896}}
{"target": -14.48789444949988, "params": {"C": 32.22330532846567, "epsilon": 0.3435413767901415, "gamma": 0.001}, "datetime": {"datetime": "2021-09-27 15:44:36", "elapsed": 18.25642, "delta": 0.369265}}
{"target": -11.071525877157743, "params": {"C": 31.33125113110059, "epsilon": 0.8128416503783977, "gamma": 0.01635089645324657}, "datetime": {"datetime": "2021-09-27 15:44:36", "elapsed": 18.700424, "delta": 0.444004}}
{"target": -18.698135594566107, "params": {"C": 31.789192135113073, "epsilon": 0.790125967081692, "gamma": 0.6070975409970857}, "datetime": {"datetime": "2021-09-27 15:44:37", "elapsed": 19.121385, "delta": 0.420961}}
{"target": -19.306851529087584, "params": {"C": 60.58087266219406, "epsilon": 0.05637575496403542, "gamma": 0.7185043034357638}, "datetime": {"datetime": "2021-09-27 15:44:37", "elapsed": 19.585414, "delta": 0.464029}}
{"target": -10.919917087308423, "params": {"C": 30.813042181379284, "epsilon": 0.9914689274838644, "gamma": 0.06633555926324551}, "datetime": {"datetime": "2021-09-27 15:44:37", "elapsed": 19.999424, "delta": 0.41401}}
{"target": -14.851320042781978, "params": {"C": 30.00037760323936, "epsilon": 1.0, "gamma": 0.001}, "datetime": {"datetime": "2021-09-27 15:44:38", "elapsed": 20.337301, "delta": 0.337877}}
{"target": -10.495888949546156, "params": {"C": 64.17605362349616, "epsilon": 0.4146111145488443, "gamma": 0.035815841830371294}, "datetime": {"datetime": "2021-09-27 15:44:38", "elapsed": 20.730353, "delta": 0.393052}}
{"target": -10.920783185058266, "params": {"C": 86.43378285385165, "epsilon": 0.02448167830796413, "gamma": 0.01339313026362008}, "datetime": {"datetime": "2021-09-27 15:44:39", "elapsed": 21.164397, "delta": 0.434044}}
{"target": -13.44531449025847, "params": {"C": 85.69518587943526, "epsilon": 0.033564221626242056, "gamma": 0.1805918240475228}, "datetime": {"datetime": "2021-09-27 15:44:39", "elapsed": 21.924836, "delta": 0.760439}}
{"target": -18.31954086379944, "params": {"C": 86.74259870941496, "epsilon": 0.41711038885276364, "gamma": 0.5763377321793459}, "datetime": {"datetime": "2021-09-27 15:44:40", "elapsed": 22.326393, "delta": 0.401557}}
{"target": -19.03193499906677, "params": {"C": 93.60008491576951, "epsilon": 0.8492066540393016, "gamma": 0.6370801222577367}, "datetime": {"datetime": "2021-09-27 15:44:40", "elapsed": 22.716436, "delta": 0.390043}}
{"target": -14.162817149497991, "params": {"C": 58.14949918238244, "epsilon": 0.8027398070301118, "gamma": 0.19922901469067114}, "datetime": {"datetime": "2021-09-27 15:44:40", "elapsed": 22.963432, "delta": 0.246996}}
{"target": -16.72848771473869, "params": {"C": 71.23374490256366, "epsilon": 0.004565018636105872, "gamma": 0.46811907133838526}, "datetime": {"datetime": "2021-09-27 15:44:41", "elapsed": 23.42839, "delta": 0.464958}}
{"target": -16.986553404458203, "params": {"C": 73.44688370562505, "epsilon": 0.8808725404686456, "gamma": 0.3978925194519259}, "datetime": {"datetime": "2021-09-27 15:44:41", "elapsed": 23.707388, "delta": 0.278998}}
{"target": -11.044863602745284, "params": {"C": 60.1238920527795, "epsilon": 0.07876755105837363, "gamma": 0.00852008159197051}, "datetime": {"datetime": "2021-09-27 15:44:42", "elapsed": 24.394747, "delta": 0.687359}}
{"target": -10.9469074841928, "params": {"C": 30.975182491989397, "epsilon": 0.36915431512747326, "gamma": 0.011696742715987887}, "datetime": {"datetime": "2021-09-27 15:44:42", "elapsed": 24.948764, "delta": 0.554017}}
{"target": -11.692412620800459, "params": {"C": 84.41132582114514, "epsilon": 0.6559600170558105, "gamma": 0.09425005850525733}, "datetime": {"datetime": "2021-09-27 15:44:43", "elapsed": 25.538261, "delta": 0.589497}}
{"target": -13.687318916122724, "params": {"C": 83.93408788505509, "epsilon": 0.001, "gamma": 0.001}, "datetime": {"datetime": "2021-09-27 15:44:44", "elapsed": 26.201856, "delta": 0.663595}}
{"target": -19.5907141875883, "params": {"C": 83.95307140371123, "epsilon": 1.0, "gamma": 0.6822258757232706}, "datetime": {"datetime": "2021-09-27 15:44:44", "elapsed": 26.748365, "delta": 0.546509}}
{"target": -19.32274684308185, "params": {"C": 11.209549667526234, "epsilon": 0.6743022135528678, "gamma": 0.6460669009654757}, "datetime": {"datetime": "2021-09-27 15:44:44", "elapsed": 26.985329, "delta": 0.236964}}
{"target": -11.115263823031148, "params": {"C": 85.23111515620906, "epsilon": 0.9578926941863356, "gamma": 0.07339315718088082}, "datetime": {"datetime": "2021-09-27 15:44:45", "elapsed": 27.475361, "delta": 0.490032}}
{"target": -13.30000374266691, "params": {"C": 84.80200704723671, "epsilon": 0.23913478303662103, "gamma": 0.16362511425523033}, "datetime": {"datetime": "2021-09-27 15:44:45", "elapsed": 27.952367, "delta": 0.477006}}
{"target": -11.25958910945231, "params": {"C": 85.94460548273403, "epsilon": 0.7627552699913781, "gamma": 0.008610679276044697}, "datetime": {"datetime": "2021-09-27 15:44:46", "elapsed": 28.330409, "delta": 0.378042}}
{"target": -21.01368571155659, "params": {"C": 85.35523074947311, "epsilon": 0.9970416001677935, "gamma": 0.8608134484061148}, "datetime": {"datetime": "2021-09-27 15:44:46", "elapsed": 28.810366, "delta": 0.479957}}
{"target": -21.27657347467869, "params": {"C": 19.510104177086575, "epsilon": 0.015263024535944414, "gamma": 0.9842902986240786}, "datetime": {"datetime": "2021-09-27 15:44:47", "elapsed": 29.186409, "delta": 0.376043}}
{"target": -10.819591051449466, "params": {"C": 99.88116885716784, "epsilon": 0.7921770525709677, "gamma": 0.0558129855363325}, "datetime": {"datetime": "2021-09-27 15:44:47", "elapsed": 29.655403, "delta": 0.468994}}
{"target": -20.674740623801586, "params": {"C": 99.9999208342425, "epsilon": 0.7621495040746533, "gamma": 0.8532588223002124}, "datetime": {"datetime": "2021-09-27 15:44:47", "elapsed": 30.023371, "delta": 0.367968}}
{"target": -13.708140692035329, "params": {"C": 99.21143031699553, "epsilon": 0.9615400925756391, "gamma": 0.001}, "datetime": {"datetime": "2021-09-27 15:44:48", "elapsed": 30.518927, "delta": 0.495556}}
{"target": -10.788630977176576, "params": {"C": 99.69072193163923, "epsilon": 0.10533818552495934, "gamma": 0.0166016600987374}, "datetime": {"datetime": "2021-09-27 15:44:48", "elapsed": 30.937966, "delta": 0.419039}}
{"target": -13.472980679056246, "params": {"C": 98.9027058377629, "epsilon": 0.001, "gamma": 0.001}, "datetime": {"datetime": "2021-09-27 15:44:49", "elapsed": 31.367676, "delta": 0.42971}}
{"target": -12.110636062648576, "params": {"C": 97.25314170425855, "epsilon": 0.07136825095546913, "gamma": 0.1160266881110023}, "datetime": {"datetime": "2021-09-27 15:44:49", "elapsed": 31.82023, "delta": 0.452554}}
{"target": -21.321749142013747, "params": {"C": 97.44888137818342, "epsilon": 0.001, "gamma": 1.0}, "datetime": {"datetime": "2021-09-27 15:44:50", "elapsed": 32.268226, "delta": 0.447996}}
{"target": -13.51678656292612, "params": {"C": 96.54700235414184, "epsilon": 0.433281625850266, "gamma": 0.001}, "datetime": {"datetime": "2021-09-27 15:44:50", "elapsed": 32.760738, "delta": 0.492512}}
{"target": -10.339344297019611, "params": {"C": 97.46565894037283, "epsilon": 0.7570835981524962, "gamma": 0.03592241515226424}, "datetime": {"datetime": "2021-09-27 15:44:51", "elapsed": 33.200824, "delta": 0.440086}}
{"target": -12.614524932615135, "params": {"C": 98.03841439107836, "epsilon": 0.35011559593265706, "gamma": 0.001564657465580261}, "datetime": {"datetime": "2021-09-27 15:44:51", "elapsed": 33.676951, "delta": 0.476127}}
{"target": -16.74270318183994, "params": {"C": 96.95829034082958, "epsilon": 0.9747635076857497, "gamma": 0.35555152330530493}, "datetime": {"datetime": "2021-09-27 15:44:52", "elapsed": 34.155151, "delta": 0.4782}}
{"target": -13.720161349063881, "params": {"C": 97.98790537968964, "epsilon": 1.0, "gamma": 0.001}, "datetime": {"datetime": "2021-09-27 15:44:52", "elapsed": 34.603152, "delta": 0.448001}}
{"target": -10.859917886473905, "params": {"C": 49.75362234543026, "epsilon": 0.09796717328010221, "gamma": 0.08503198353054824}, "datetime": {"datetime": "2021-09-27 15:44:53", "elapsed": 35.675078, "delta": 1.071926}}
{"target": -19.89975337634545, "params": {"C": 49.77262836520365, "epsilon": 0.36266612134010967, "gamma": 0.7788503300576105}, "datetime": {"datetime": "2021-09-27 15:44:54", "elapsed": 36.439719, "delta": 0.764641}}
{"target": -11.2863593527293, "params": {"C": 85.91487615627071, "epsilon": 0.7681826557620967, "gamma": 0.007706410061395924}, "datetime": {"datetime": "2021-09-27 15:44:54", "elapsed": 36.909717, "delta": 0.469998}}
{"target": -13.959088350308946, "params": {"C": 50.404586810015736, "epsilon": 0.001, "gamma": 0.001}, "datetime": {"datetime": "2021-09-27 15:44:55", "elapsed": 37.513723, "delta": 0.604006}}
{"target": -11.545588158815653, "params": {"C": 49.1108401387091, "epsilon": 0.033281195301826244, "gamma": 0.10675392827075521}, "datetime": {"datetime": "2021-09-27 15:44:56", "elapsed": 38.055716, "delta": 0.541993}}
{"target": -11.701701678411105, "params": {"C": 48.159740279030416, "epsilon": 0.14003125821440668, "gamma": 0.11744416589302725}, "datetime": {"datetime": "2021-09-27 15:44:56", "elapsed": 38.546617, "delta": 0.490901}}
{"target": -11.083303432614033, "params": {"C": 48.600196863122534, "epsilon": 0.8016044954030255, "gamma": 0.0780777363641448}, "datetime": {"datetime": "2021-09-27 15:44:57", "elapsed": 39.060646, "delta": 0.514029}}
{"target": -16.257874735081735, "params": {"C": 47.78987465675964, "epsilon": 0.932870792054477, "gamma": 0.3443412278685171}, "datetime": {"datetime": "2021-09-27 15:44:57", "elapsed": 39.69465, "delta": 0.634004}}
{"target": -10.421891466034683, "params": {"C": 49.18539554381518, "epsilon": 0.6741341610855097, "gamma": 0.04531565604523196}, "datetime": {"datetime": "2021-09-27 15:44:58", "elapsed": 40.208646, "delta": 0.513996}}
{"target": -21.302690489022876, "params": {"C": 48.263001400216744, "epsilon": 0.05058479123871831, "gamma": 0.9959977085825726}, "datetime": {"datetime": "2021-09-27 15:44:58", "elapsed": 40.720367, "delta": 0.511721}}
{"target": -17.50338890832043, "params": {"C": 5.190266041610921, "epsilon": 0.001, "gamma": 0.001}, "datetime": {"datetime": "2021-09-27 15:44:59", "elapsed": 41.180022, "delta": 0.459655}}
{"target": -13.87252024688666, "params": {"C": 16.3918200020494, "epsilon": 0.8970517528809219, "gamma": 0.20047202785209034}, "datetime": {"datetime": "2021-09-27 15:44:59", "elapsed": 41.614062, "delta": 0.43404}}
{"target": -21.186292294590793, "params": {"C": 16.09974115368615, "epsilon": 0.05540794768669785, "gamma": 0.9537228341136241}, "datetime": {"datetime": "2021-09-27 15:45:00", "elapsed": 42.208029, "delta": 0.593967}}
{"target": -15.382392334088497, "params": {"C": 17.51095248715412, "epsilon": 1.0, "gamma": 0.001}, "datetime": {"datetime": "2021-09-27 15:45:00", "elapsed": 42.967856, "delta": 0.759827}}
{"target": -10.547971702951434, "params": {"C": 49.819535534712934, "epsilon": 0.9235300911588498, "gamma": 0.03749891087276459}, "datetime": {"datetime": "2021-09-27 15:45:01", "elapsed": 43.728834, "delta": 0.760978}}
{"target": -14.233397985031921, "params": {"C": 50.630667057166065, "epsilon": 1.0, "gamma": 0.001}, "datetime": {"datetime": "2021-09-27 15:45:02", "elapsed": 44.267832, "delta": 0.538998}}
{"target": -14.568464020505525, "params": {"C": 34.6729032840582, "epsilon": 0.001, "gamma": 0.001}, "datetime": {"datetime": "2021-09-27 15:45:02", "elapsed": 44.81577, "delta": 0.547938}}
{"target": -14.8711753103795, "params": {"C": 22.694003819421095, "epsilon": 0.001, "gamma": 0.001}, "datetime": {"datetime": "2021-09-27 15:45:03", "elapsed": 45.427768, "delta": 0.611998}}
{"target": -13.595534634841776, "params": {"C": 89.6864257553787, "epsilon": 0.001, "gamma": 0.001}, "datetime": {"datetime": "2021-09-27 15:45:03", "elapsed": 45.87677, "delta": 0.449002}}
{"target": -21.496466541809152, "params": {"C": 89.62308276951407, "epsilon": 0.689386662863706, "gamma": 0.9697669317200452}, "datetime": {"datetime": "2021-09-27 15:45:04", "elapsed": 46.544585, "delta": 0.667815}}
{"target": -21.97766226861105, "params": {"C": 34.794890206308054, "epsilon": 0.9597277241298509, "gamma": 0.9911654347285012}, "datetime": {"datetime": "2021-09-27 15:45:05", "elapsed": 47.112629, "delta": 0.568044}}
{"target": -14.121793930954105, "params": {"C": 41.54722236861871, "epsilon": 0.001, "gamma": 0.001}, "datetime": {"datetime": "2021-09-27 15:45:05", "elapsed": 47.639587, "delta": 0.526958}}
{"target": -20.620930743310367, "params": {"C": 41.60657198148368, "epsilon": 0.9826164025510293, "gamma": 0.8126628448642761}, "datetime": {"datetime": "2021-09-27 15:45:06", "elapsed": 48.301591, "delta": 0.662004}}
{"target": -14.91019593172736, "params": {"C": 27.835972283494538, "epsilon": 0.001, "gamma": 0.001}, "datetime": {"datetime": "2021-09-27 15:45:06", "elapsed": 48.980975, "delta": 0.679384}}
{"target": -14.016993806520862, "params": {"C": 47.18696233032389, "epsilon": 0.001, "gamma": 0.001}, "datetime": {"datetime": "2021-09-27 15:45:07", "elapsed": 49.785977, "delta": 0.805002}}
{"target": -22.10682014196955, "params": {"C": 22.13902201459877, "epsilon": 1.0, "gamma": 1.0}, "datetime": {"datetime": "2021-09-27 15:45:08", "elapsed": 50.369978, "delta": 0.584001}}
{"target": -10.687492756345987, "params": {"C": 52.54037037730959, "epsilon": 0.0654809499870948, "gamma": 0.036777139561581455}, "datetime": {"datetime": "2021-09-27 15:45:09", "elapsed": 51.048127, "delta": 0.678149}}
{"target": -14.171132759142308, "params": {"C": 52.569847274185555, "epsilon": 0.8281439609453153, "gamma": 0.001}, "datetime": {"datetime": "2021-09-27 15:45:09", "elapsed": 51.764129, "delta": 0.716002}}
{"target": -19.116183054980663, "params": {"C": 52.77714839460237, "epsilon": 0.07887677926508994, "gamma": 0.7007522909295654}, "datetime": {"datetime": "2021-09-27 15:45:10", "elapsed": 52.374498, "delta": 0.610369}}
