{"target": 0.9088419898679345, "params": {"C": 173.2094212437495, "epsilon": 0.020893655558876643, "gamma": 0.07978843646326247}, "datetime": {"datetime": "2021-09-18 14:52:58", "elapsed": 191.259835, "delta": 2.269143}}
{"target": 0.9173992278118407, "params": {"C": 241.10943829000763, "epsilon": 0.26673325689662164, "gamma": 0.052779586564422665}, "datetime": {"datetime": "2021-09-18 14:52:59", "elapsed": 192.242719, "delta": 0.982884}}
{"target": 0.8996144164813318, "params": {"C": 289.07856536919513, "epsilon": 0.22393270577847227, "gamma": 0.02}, "datetime": {"datetime": "2021-09-18 14:53:01", "elapsed": 193.779562, "delta": 1.536843}}
{"target": 0.9162535983384397, "params": {"C": 191.6571353650005, "epsilon": 0.7548240744699465, "gamma": 0.04743858183164025}, "datetime": {"datetime": "2021-09-18 14:53:02", "elapsed": 195.221978, "delta": 1.442416}}
{"target": 0.8728174743624977, "params": {"C": 184.45050754847637, "epsilon": 0.8272797033547802, "gamma": 0.1245348485571065}, "datetime": {"datetime": "2021-09-18 14:53:03", "elapsed": 196.199056, "delta": 0.977078}}
{"target": 0.9147649829074567, "params": {"C": 295.5888044811376, "epsilon": 0.3358070841249026, "gamma": 0.026280557047194855}, "datetime": {"datetime": "2021-09-18 14:53:05", "elapsed": 197.645189, "delta": 1.446133}}
{"target": 0.9174613158323399, "params": {"C": 143.12223803440958, "epsilon": 0.09254603560134807, "gamma": 0.05594013668300657}, "datetime": {"datetime": "2021-09-18 14:53:06", "elapsed": 199.060931, "delta": 1.415742}}
{"target": 0.8870108536819818, "params": {"C": 159.13703749304855, "epsilon": 0.2498226461783076, "gamma": 0.02}, "datetime": {"datetime": "2021-09-18 14:53:08", "elapsed": 200.583014, "delta": 1.522083}}
{"target": 0.8843119796227122, "params": {"C": 145.29463850067376, "epsilon": 0.16164379985573563, "gamma": 0.02}, "datetime": {"datetime": "2021-09-18 14:53:09", "elapsed": 202.004013, "delta": 1.420999}}
{"target": 0.8935648042265705, "params": {"C": 241.10836859723918, "epsilon": 0.2920246437401529, "gamma": 0.10505824603880581}, "datetime": {"datetime": "2021-09-18 14:53:11", "elapsed": 203.806293, "delta": 1.80228}}
{"target": 0.920505947571338, "params": {"C": 241.0974481179789, "epsilon": 0.22775910142088995, "gamma": 0.03792910386447039}, "datetime": {"datetime": "2021-09-18 14:53:13", "elapsed": 205.374076, "delta": 1.567783}}
{"target": 0.8882845812911278, "params": {"C": 296.541123290448, "epsilon": 0.6363711228498267, "gamma": 0.09948435696524806}, "datetime": {"datetime": "2021-09-18 14:53:14", "elapsed": 207.236379, "delta": 1.862303}}
{"target": 0.9183637553540202, "params": {"C": 296.57499899293725, "epsilon": 0.5372806245940026, "gamma": 0.03478708810512742}, "datetime": {"datetime": "2021-09-18 14:53:16", "elapsed": 208.807291, "delta": 1.570912}}
{"target": 0.8866996743235516, "params": {"C": 286.54646836007635, "epsilon": 0.7814955947247362, "gamma": 0.09863023011369722}, "datetime": {"datetime": "2021-09-18 14:53:17", "elapsed": 209.862991, "delta": 1.0557}}
{"target": 0.9139080318297653, "params": {"C": 156.0518132221652, "epsilon": 0.7247751665869593, "gamma": 0.05749206573658473}, "datetime": {"datetime": "2021-09-18 14:53:18", "elapsed": 210.896298, "delta": 1.033307}}
{"target": 0.8638125830391967, "params": {"C": 197.29006529997517, "epsilon": 0.7843330985393445, "gamma": 0.1375553668885804}, "datetime": {"datetime": "2021-09-18 14:53:19", "elapsed": 211.928291, "delta": 1.031993}}
{"target": 0.91215921174625, "params": {"C": 296.5174109302628, "epsilon": 0.6066679212900228, "gamma": 0.02466477209671835}, "datetime": {"datetime": "2021-09-18 14:53:21", "elapsed": 213.614325, "delta": 1.686034}}
{"target": 0.8982081518281109, "params": {"C": 241.05111190325715, "epsilon": 0.21390647438654758, "gamma": 0.020771728736742226}, "datetime": {"datetime": "2021-09-18 14:53:23", "elapsed": 215.439293, "delta": 1.824968}}
{"target": 0.9172423978909648, "params": {"C": 296.4482128911619, "epsilon": 0.5916491379750656, "gamma": 0.05513391340734215}, "datetime": {"datetime": "2021-09-18 14:53:24", "elapsed": 217.215289, "delta": 1.775996}}
{"target": 0.9082320818564086, "params": {"C": 130.49478931125904, "epsilon": 0.4713841012646979, "gamma": 0.07514661742002851}, "datetime": {"datetime": "2021-09-18 14:53:26", "elapsed": 218.36629, "delta": 1.151001}}
{"target": 0.8983373639468302, "params": {"C": 159.18305660593347, "epsilon": 0.3023803764219648, "gamma": 0.10630949752167032}, "datetime": {"datetime": "2021-09-18 14:53:28", "elapsed": 220.580332, "delta": 2.214042}}
{"target": 0.9172047433868683, "params": {"C": 241.13479382179258, "epsilon": 0.2011458625513143, "gamma": 0.053619626059850586}, "datetime": {"datetime": "2021-09-18 14:53:29", "elapsed": 222.203329, "delta": 1.622997}}
{"target": 0.915927457368804, "params": {"C": 294.72343580894375, "epsilon": 0.8439667416918862, "gamma": 0.059459094680240465}, "datetime": {"datetime": "2021-09-18 14:53:31", "elapsed": 223.344299, "delta": 1.14097}}
{"target": 0.9079503820773049, "params": {"C": 138.5642612475602, "epsilon": 0.02137326168021592, "gamma": 0.07916628621346536}, "datetime": {"datetime": "2021-09-18 14:53:32", "elapsed": 224.946328, "delta": 1.602029}}
{"target": 0.9106098342533157, "params": {"C": 194.44357204967724, "epsilon": 0.2863611528914121, "gamma": 0.07514213774035004}, "datetime": {"datetime": "2021-09-18 14:53:34", "elapsed": 226.57233, "delta": 1.626002}}
{"target": 0.8910106825418199, "params": {"C": 143.05741258507032, "epsilon": 0.10304002174359049, "gamma": 0.022949169012566353}, "datetime": {"datetime": "2021-09-18 14:53:35", "elapsed": 228.148328, "delta": 1.575998}}
{"target": 0.8859950279302421, "params": {"C": 294.74927536487166, "epsilon": 0.7897443120682657, "gamma": 0.09840252823279136}, "datetime": {"datetime": "2021-09-18 14:53:37", "elapsed": 229.67021, "delta": 1.521882}}
{"target": 0.912868537988829, "params": {"C": 296.5951128624579, "epsilon": 0.6378380246028635, "gamma": 0.025258811598660984}, "datetime": {"datetime": "2021-09-18 14:53:39", "elapsed": 231.343298, "delta": 1.673088}}
{"target": 0.9088987274669756, "params": {"C": 194.45059690863897, "epsilon": 0.35806545645030713, "gamma": 0.02847596324801156}, "datetime": {"datetime": "2021-09-18 14:53:40", "elapsed": 233.188933, "delta": 1.845635}}
{"target": 0.8723367381517788, "params": {"C": 208.0810029700625, "epsilon": 0.870596335926722, "gamma": 0.12182116585816921}, "datetime": {"datetime": "2021-09-18 14:53:41", "elapsed": 234.274336, "delta": 1.085403}}
{"target": 0.9168862302481348, "params": {"C": 241.12649765933185, "epsilon": 0.24322519856265726, "gamma": 0.031269040598927225}, "datetime": {"datetime": "2021-09-18 14:53:43", "elapsed": 236.151959, "delta": 1.877623}}
{"target": 0.9153685116071612, "params": {"C": 261.47725948256794, "epsilon": 0.947081125023868, "gamma": 0.05652078694351326}, "datetime": {"datetime": "2021-09-18 14:53:45", "elapsed": 237.299107, "delta": 1.147148}}
{"target": 0.9102614108780929, "params": {"C": 143.10308148937713, "epsilon": 0.03554149313582687, "gamma": 0.07494043707087034}, "datetime": {"datetime": "2021-09-18 14:53:46", "elapsed": 239.055491, "delta": 1.756384}}
{"target": 0.8954261733300527, "params": {"C": 277.99870749495005, "epsilon": 0.24867615650582106, "gamma": 0.09974430486043964}, "datetime": {"datetime": "2021-09-18 14:53:48", "elapsed": 240.296494, "delta": 1.241003}}
{"target": 0.8712850167970567, "params": {"C": 189.0854881641371, "epsilon": 0.2904302149338317, "gamma": 0.14180364080225524}, "datetime": {"datetime": "2021-09-18 14:53:49", "elapsed": 241.572883, "delta": 1.276389}}
{"target": 0.9088805619917855, "params": {"C": 271.1898675503927, "epsilon": 0.49866358076195805, "gamma": 0.02374905131408097}, "datetime": {"datetime": "2021-09-18 14:53:51", "elapsed": 243.31353, "delta": 1.740647}}
{"target": 0.9077240476496471, "params": {"C": 258.1773902307219, "epsilon": 0.29905562514816997, "gamma": 0.024044111350763377}, "datetime": {"datetime": "2021-09-18 14:53:52", "elapsed": 244.531857, "delta": 1.218327}}
{"target": 0.9085610374801364, "params": {"C": 191.60165480632668, "epsilon": 0.7388487781660353, "gamma": 0.07572029877613089}, "datetime": {"datetime": "2021-09-18 14:53:54", "elapsed": 246.292054, "delta": 1.760197}}
{"target": 0.8691860107325349, "params": {"C": 188.87183806486698, "epsilon": 0.09602427821282739, "gamma": 0.14861445258916103}, "datetime": {"datetime": "2021-09-18 14:53:55", "elapsed": 247.500141, "delta": 1.208087}}
{"target": 0.8719715329256553, "params": {"C": 173.51256476908847, "epsilon": 0.08135425317261598, "gamma": 0.1469913036148316}, "datetime": {"datetime": "2021-09-18 14:53:56", "elapsed": 248.714513, "delta": 1.214372}}
{"target": 0.8970972256884916, "params": {"C": 253.82752515855844, "epsilon": 0.6543160749033538, "gamma": 0.09413695141105735}, "datetime": {"datetime": "2021-09-18 14:53:57", "elapsed": 249.933096, "delta": 1.218583}}
{"target": 0.9039202779274631, "params": {"C": 194.3952436008624, "epsilon": 0.3462410553722215, "gamma": 0.09253443646923278}, "datetime": {"datetime": "2021-09-18 14:53:59", "elapsed": 251.928251, "delta": 1.995155}}
{"target": 0.9147513552847991, "params": {"C": 295.65943087587084, "epsilon": 0.28440007534861983, "gamma": 0.026638812008354544}, "datetime": {"datetime": "2021-09-18 14:54:01", "elapsed": 253.670762, "delta": 1.742511}}
{"target": 0.9068582896644797, "params": {"C": 136.11354330745826, "epsilon": 0.247782157417678, "gamma": 0.0835848647391611}, "datetime": {"datetime": "2021-09-18 14:54:02", "elapsed": 254.823886, "delta": 1.153124}}
{"target": 0.9162208718014726, "params": {"C": 246.06009355763445, "epsilon": 0.18541595911631217, "gamma": 0.05726917238390372}, "datetime": {"datetime": "2021-09-18 14:54:04", "elapsed": 256.624323, "delta": 1.800437}}
{"target": 0.8963234649023459, "params": {"C": 147.9680114081206, "epsilon": 0.4644614865324074, "gamma": 0.10645169237125679}, "datetime": {"datetime": "2021-09-18 14:54:05", "elapsed": 257.892641, "delta": 1.268318}}
{"target": 0.9051080924609829, "params": {"C": 297.8238813211126, "epsilon": 0.8835055158778599, "gamma": 0.0756360710271041}, "datetime": {"datetime": "2021-09-18 14:54:06", "elapsed": 259.145321, "delta": 1.25268}}
{"target": 0.9132990530198619, "params": {"C": 246.08940378936924, "epsilon": 0.24622706907767086, "gamma": 0.06310684858748657}, "datetime": {"datetime": "2021-09-18 14:54:09", "elapsed": 261.357038, "delta": 2.211717}}
{"target": 0.9189464089963786, "params": {"C": 209.72305098513505, "epsilon": 0.3902518116771933, "gamma": 0.03842816092293846}, "datetime": {"datetime": "2021-09-18 14:54:12", "elapsed": 264.619891, "delta": 3.262853}}
{"target": 0.9109994952354024, "params": {"C": 209.6744130789787, "epsilon": 0.4045151987978489, "gamma": 0.07276081377777552}, "datetime": {"datetime": "2021-09-18 14:54:14", "elapsed": 266.540639, "delta": 1.920748}}
{"target": 0.8962640940669282, "params": {"C": 259.10954226326703, "epsilon": 0.1062386663035417, "gamma": 0.02031262453330563}, "datetime": {"datetime": "2021-09-18 14:54:16", "elapsed": 269.030607, "delta": 2.489968}}
{"target": 0.8736127571321481, "params": {"C": 242.12799501467538, "epsilon": 0.5194134407691504, "gamma": 0.12495339212920445}, "datetime": {"datetime": "2021-09-18 14:54:18", "elapsed": 270.335618, "delta": 1.305011}}
{"target": 0.8924446171273817, "params": {"C": 190.23989068346543, "epsilon": 0.044390028548962866, "gamma": 0.021755819259055037}, "datetime": {"datetime": "2021-09-18 14:54:19", "elapsed": 272.170617, "delta": 1.834999}}
{"target": 0.9070818174006228, "params": {"C": 294.685890045263, "epsilon": 0.8826816917858262, "gamma": 0.07341439820327463}, "datetime": {"datetime": "2021-09-18 14:54:21", "elapsed": 274.023727, "delta": 1.85311}}
{"target": 0.9091657122513762, "params": {"C": 240.83409711438998, "epsilon": 0.4321324415245924, "gamma": 0.025138704063012766}, "datetime": {"datetime": "2021-09-18 14:54:23", "elapsed": 275.713244, "delta": 1.689517}}
{"target": 0.877250838708405, "params": {"C": 143.1251842986946, "epsilon": 0.11614564123801774, "gamma": 0.14252418877831882}, "datetime": {"datetime": "2021-09-18 14:54:25", "elapsed": 277.778443, "delta": 2.065199}}
{"target": 0.9068038888859852, "params": {"C": 246.02314615227897, "epsilon": 0.20603471341244944, "gamma": 0.08885497238026291}, "datetime": {"datetime": "2021-09-18 14:54:27", "elapsed": 279.517397, "delta": 1.738954}}
{"target": 0.902972713870256, "params": {"C": 134.17763560527473, "epsilon": 0.39622636347108203, "gamma": 0.030251919633849482}, "datetime": {"datetime": "2021-09-18 14:54:28", "elapsed": 280.780682, "delta": 1.263285}}
{"target": 0.9166450824107271, "params": {"C": 296.43191756270016, "epsilon": 0.5245111467960304, "gamma": 0.02956550110405118}, "datetime": {"datetime": "2021-09-18 14:54:31", "elapsed": 283.324542, "delta": 2.54386}}
{"target": 0.9182133560876001, "params": {"C": 277.7879963102565, "epsilon": 0.8385911777052314, "gamma": 0.043722056996276584}, "datetime": {"datetime": "2021-09-18 14:54:32", "elapsed": 285.111467, "delta": 1.786925}}
{"target": 0.8909561691790969, "params": {"C": 180.90417542935816, "epsilon": 0.7696413084117271, "gamma": 0.10405445592808323}, "datetime": {"datetime": "2021-09-18 14:54:34", "elapsed": 286.399992, "delta": 1.288525}}
{"target": 0.8902176562642586, "params": {"C": 159.21169137084325, "epsilon": 0.3185533283717395, "gamma": 0.02119959160440584}, "datetime": {"datetime": "2021-09-18 14:54:36", "elapsed": 288.339578, "delta": 1.939586}}
{"target": 0.8992665597380297, "params": {"C": 227.5931552252522, "epsilon": 0.19545110329812285, "gamma": 0.0218080064768479}, "datetime": {"datetime": "2021-09-18 14:54:38", "elapsed": 290.432666, "delta": 2.093088}}
{"target": 0.9052694393638546, "params": {"C": 294.75766792592026, "epsilon": 0.8801233589508961, "gamma": 0.021988906042075373}, "datetime": {"datetime": "2021-09-18 14:54:40", "elapsed": 292.830249, "delta": 2.397583}}
{"target": 0.8952848279454384, "params": {"C": 145.25414488695748, "epsilon": 0.05979435113565407, "gamma": 0.025115253399783547}, "datetime": {"datetime": "2021-09-18 14:54:42", "elapsed": 294.735241, "delta": 1.904992}}
{"target": 0.9197546987113895, "params": {"C": 245.99140607849682, "epsilon": 0.2977278456487151, "gamma": 0.035820949103396615}, "datetime": {"datetime": "2021-09-18 14:54:44", "elapsed": 296.506541, "delta": 1.7713}}
{"target": 0.9187640629458103, "params": {"C": 289.0066095418742, "epsilon": 0.1542248045098045, "gamma": 0.0497070479087896}, "datetime": {"datetime": "2021-09-18 14:54:46", "elapsed": 298.907179, "delta": 2.400638}}
{"target": 0.9068438485192643, "params": {"C": 295.5434202270392, "epsilon": 0.3123799427857724, "gamma": 0.022121991607322197}, "datetime": {"datetime": "2021-09-18 14:54:49", "elapsed": 301.499664, "delta": 2.592485}}
{"target": 0.8628383914091451, "params": {"C": 175.6888371414643, "epsilon": 0.5036105659581636, "gamma": 0.14932058844629703}, "datetime": {"datetime": "2021-09-18 14:54:50", "elapsed": 302.796364, "delta": 1.2967}}
{"target": 0.8601697950185314, "params": {"C": 287.48859638024487, "epsilon": 0.9305769229633785, "gamma": 0.1357457974502814}, "datetime": {"datetime": "2021-09-18 14:54:51", "elapsed": 304.101998, "delta": 1.305634}}
{"target": 0.919373125140928, "params": {"C": 289.1321554414076, "epsilon": 0.32238493688215253, "gamma": 0.03261508788434064}, "datetime": {"datetime": "2021-09-18 14:54:53", "elapsed": 306.191, "delta": 2.089002}}
{"target": 0.9085665621849253, "params": {"C": 288.49208861559055, "epsilon": 0.8053878484959508, "gamma": 0.07328964188320543}, "datetime": {"datetime": "2021-09-18 14:54:55", "elapsed": 307.501002, "delta": 1.310002}}
{"target": 0.9021881791652573, "params": {"C": 277.7496282167425, "epsilon": 0.8685002770089663, "gamma": 0.08130705824481847}, "datetime": {"datetime": "2021-09-18 14:54:57", "elapsed": 309.409997, "delta": 1.908995}}
{"target": 0.9156830196169412, "params": {"C": 236.16674801702757, "epsilon": 0.8979478592825387, "gamma": 0.05208576503063979}, "datetime": {"datetime": "2021-09-18 14:54:58", "elapsed": 310.801998, "delta": 1.392001}}
{"target": 0.9197586675296319, "params": {"C": 296.45490635123355, "epsilon": 0.6552531461467181, "gamma": 0.04408330794138246}, "datetime": {"datetime": "2021-09-18 14:55:00", "elapsed": 313.209002, "delta": 2.407004}}
{"target": 0.8798267290367312, "params": {"C": 187.8955440039442, "epsilon": 0.3439844113081079, "gamma": 0.1283182020259528}, "datetime": {"datetime": "2021-09-18 14:55:02", "elapsed": 314.557033, "delta": 1.348031}}
{"target": 0.9174435265362509, "params": {"C": 296.5524887444881, "epsilon": 0.4873617358236979, "gamma": 0.030508696801630094}, "datetime": {"datetime": "2021-09-18 14:55:04", "elapsed": 317.052998, "delta": 2.495965}}
{"target": 0.9013991293053655, "params": {"C": 295.6543760140458, "epsilon": 0.34964245036218194, "gamma": 0.02}, "datetime": {"datetime": "2021-09-18 14:55:06", "elapsed": 319.136996, "delta": 2.083998}}
{"target": 0.9176295585690363, "params": {"C": 296.4069788100057, "epsilon": 0.6355345147747244, "gamma": 0.05010410013644894}, "datetime": {"datetime": "2021-09-18 14:55:09", "elapsed": 321.309996, "delta": 2.173}}
{"target": 0.9174280921284463, "params": {"C": 277.8541288724822, "epsilon": 0.8546650860844586, "gamma": 0.05277205860462865}, "datetime": {"datetime": "2021-09-18 14:55:11", "elapsed": 323.553033, "delta": 2.243037}}
{"target": 0.90283243519588, "params": {"C": 149.47132087318616, "epsilon": 0.1196972813539719, "gamma": 0.09781332535818335}, "datetime": {"datetime": "2021-09-18 14:55:12", "elapsed": 324.828996, "delta": 1.275963}}
{"target": 0.9114090608671185, "params": {"C": 289.0260193305325, "epsilon": 0.1189965977483926, "gamma": 0.026501226786325837}, "datetime": {"datetime": "2021-09-18 14:55:16", "elapsed": 328.97042, "delta": 4.141424}}
{"target": 0.9135917870005416, "params": {"C": 296.4866320998041, "epsilon": 0.7339908105910787, "gamma": 0.026115166122926976}, "datetime": {"datetime": "2021-09-18 14:55:19", "elapsed": 331.482146, "delta": 2.511726}}
{"target": 0.890947032686881, "params": {"C": 194.39127609056757, "epsilon": 0.27676794050317616, "gamma": 0.02}, "datetime": {"datetime": "2021-09-18 14:55:21", "elapsed": 333.851929, "delta": 2.369783}}
{"target": 0.8794548354828664, "params": {"C": 296.44319261539084, "epsilon": 0.7117973876075249, "gamma": 0.1076256885472256}, "datetime": {"datetime": "2021-09-18 14:55:23", "elapsed": 335.505793, "delta": 1.653864}}
{"target": 0.9199963342348344, "params": {"C": 289.1726533669689, "epsilon": 0.36397265445047544, "gamma": 0.03588586704732376}, "datetime": {"datetime": "2021-09-18 14:55:26", "elapsed": 338.618235, "delta": 3.112442}}
{"target": 0.8913117117078271, "params": {"C": 194.36456841188786, "epsilon": 0.37748617839118415, "gamma": 0.02}, "datetime": {"datetime": "2021-09-18 14:55:28", "elapsed": 341.259955, "delta": 2.64172}}
{"target": 0.9147390819799327, "params": {"C": 245.8901284864379, "epsilon": 0.3851497453966733, "gamma": 0.028477809146301686}, "datetime": {"datetime": "2021-09-18 14:55:31", "elapsed": 344.104424, "delta": 2.844469}}
{"target": 0.8942628282824164, "params": {"C": 215.6911381273947, "epsilon": 0.736037200269576, "gamma": 0.02}, "datetime": {"datetime": "2021-09-18 14:55:34", "elapsed": 346.546512, "delta": 2.442088}}
{"target": 0.8986605109518759, "params": {"C": 273.25658069507074, "epsilon": 0.2425546377447898, "gamma": 0.09731303117532189}, "datetime": {"datetime": "2021-09-18 14:55:35", "elapsed": 348.025855, "delta": 1.479343}}
{"target": 0.878210319616651, "params": {"C": 168.33271406773787, "epsilon": 0.5649419875659936, "gamma": 0.12601856070551182}, "datetime": {"datetime": "2021-09-18 14:55:37", "elapsed": 349.446586, "delta": 1.420731}}
{"target": 0.9194776073811739, "params": {"C": 209.88431903262733, "epsilon": 0.28293344670272386, "gamma": 0.04375412481952451}, "datetime": {"datetime": "2021-09-18 14:55:39", "elapsed": 351.733869, "delta": 2.287283}}
{"target": 0.9087210891421821, "params": {"C": 152.31369388821452, "epsilon": 0.837472496087834, "gamma": 0.07077115205013922}, "datetime": {"datetime": "2021-09-18 14:55:40", "elapsed": 353.075916, "delta": 1.342047}}
{"target": 0.8890768228627299, "params": {"C": 289.12678915447077, "epsilon": 0.37753497619196275, "gamma": 0.10247412623176987}, "datetime": {"datetime": "2021-09-18 14:55:42", "elapsed": 355.193587, "delta": 2.117671}}
{"target": 0.9172049978853107, "params": {"C": 277.8529611930054, "epsilon": 0.9179191531613471, "gamma": 0.05021293255116387}, "datetime": {"datetime": "2021-09-18 14:55:45", "elapsed": 357.900768, "delta": 2.707181}}
{"target": 0.9050427281911639, "params": {"C": 288.999212737117, "epsilon": 0.1946876185466507, "gamma": 0.08773396715028785}, "datetime": {"datetime": "2021-09-18 14:55:48", "elapsed": 360.362694, "delta": 2.461926}}
{"target": 0.9063651449457621, "params": {"C": 209.83114433341336, "epsilon": 0.23738873991634735, "gamma": 0.02553822274922469}, "datetime": {"datetime": "2021-09-18 14:55:50", "elapsed": 362.486846, "delta": 2.124152}}
{"target": 0.9203319777376403, "params": {"C": 289.06548748154313, "epsilon": 0.31636101833936325, "gamma": 0.042691046806947346}, "datetime": {"datetime": "2021-09-18 14:55:52", "elapsed": 364.564889, "delta": 2.078043}}
{"target": 0.9005348039753974, "params": {"C": 123.2689671409399, "epsilon": 0.4515398177942047, "gamma": 0.09566034648352059}, "datetime": {"datetime": "2021-09-18 14:55:53", "elapsed": 365.941974, "delta": 1.377085}}
{"target": 0.9112160218457743, "params": {"C": 156.72024353855323, "epsilon": 0.5076081308856855, "gamma": 0.03646949281363952}, "datetime": {"datetime": "2021-09-18 14:55:55", "elapsed": 367.391501, "delta": 1.449527}}
