{"target": 0.9079441620589396, "params": {"C": 382.6824036149094, "epsilon": 0.38557809839753937, "gamma": 0.02}, "datetime": {"datetime": "2021-09-18 15:31:32", "elapsed": 195.200715, "delta": 1.727}}
{"target": 0.8652554318491055, "params": {"C": 495.1653101162161, "epsilon": 0.2796539444508672, "gamma": 0.11430422792740971}, "datetime": {"datetime": "2021-09-18 15:31:33", "elapsed": 196.48171, "delta": 1.280995}}
{"target": 0.8925303481637036, "params": {"C": 426.5027799044699, "epsilon": 0.837485502495777, "gamma": 0.0817009495562771}, "datetime": {"datetime": "2021-09-18 15:31:34", "elapsed": 197.763841, "delta": 1.282131}}
{"target": 0.9115927356351174, "params": {"C": 439.7086120783678, "epsilon": 0.2953888722952818, "gamma": 0.022870305464853764}, "datetime": {"datetime": "2021-09-18 15:31:36", "elapsed": 199.135719, "delta": 1.371878}}
{"target": 0.9185672748504811, "params": {"C": 467.98019594922135, "epsilon": 0.6590892801700327, "gamma": 0.03007568105515381}, "datetime": {"datetime": "2021-09-18 15:31:37", "elapsed": 200.625754, "delta": 1.490035}}
{"target": 0.9122247238541566, "params": {"C": 495.9867411490295, "epsilon": 0.5546400649869119, "gamma": 0.020497933532714768}, "datetime": {"datetime": "2021-09-18 15:31:39", "elapsed": 202.402406, "delta": 1.776652}}
{"target": 0.9142772022107651, "params": {"C": 360.4007035463376, "epsilon": 0.14104674066244782, "gamma": 0.02744164421307841}, "datetime": {"datetime": "2021-09-18 15:31:41", "elapsed": 203.939396, "delta": 1.53699}}
{"target": 0.8757765202308794, "params": {"C": 362.2435790048228, "epsilon": 0.8973095567675726, "gamma": 0.10318017339099053}, "datetime": {"datetime": "2021-09-18 15:31:42", "elapsed": 205.377275, "delta": 1.437879}}
{"target": 0.9161615753841761, "params": {"C": 434.56604254445296, "epsilon": 0.26673325689662164, "gamma": 0.052779586564422665}, "datetime": {"datetime": "2021-09-18 15:31:43", "elapsed": 206.406151, "delta": 1.028876}}
{"target": 0.9221090521397813, "params": {"C": 496.0954860122678, "epsilon": 0.5747370417577427, "gamma": 0.033207111004043915}, "datetime": {"datetime": "2021-09-18 15:31:45", "elapsed": 207.988932, "delta": 1.582781}}
{"target": 0.9208567454379903, "params": {"C": 328.1101888807826, "epsilon": 0.09247688804743152, "gamma": 0.04477749580339014}, "datetime": {"datetime": "2021-09-18 15:31:46", "elapsed": 209.755698, "delta": 1.766766}}
{"target": 0.8629435331889878, "params": {"C": 371.61167505386265, "epsilon": 0.8272797033547802, "gamma": 0.1245348485571065}, "datetime": {"datetime": "2021-09-18 15:31:47", "elapsed": 210.731261, "delta": 0.975563}}
{"target": 0.9192051472259899, "params": {"C": 368.27596309662033, "epsilon": 0.4737116845459969, "gamma": 0.03159902006111496}, "datetime": {"datetime": "2021-09-18 15:31:49", "elapsed": 212.339814, "delta": 1.608553}}
{"target": 0.880630019531706, "params": {"C": 340.800369860715, "epsilon": 0.9770566713697773, "gamma": 0.09890013164970812}, "datetime": {"datetime": "2021-09-18 15:31:50", "elapsed": 213.748029, "delta": 1.408215}}
{"target": 0.9211245044536892, "params": {"C": 399.7969554206459, "epsilon": 0.3159211000591325, "gamma": 0.03435809462791008}, "datetime": {"datetime": "2021-09-18 15:31:52", "elapsed": 215.365841, "delta": 1.617812}}
{"target": 0.9001426036814313, "params": {"C": 328.17849836020986, "epsilon": 0.09948829892615332, "gamma": 0.02}, "datetime": {"datetime": "2021-09-18 15:31:54", "elapsed": 216.942074, "delta": 1.576233}}
{"target": 0.9199288021912287, "params": {"C": 467.9637910730604, "epsilon": 0.5118816564209953, "gamma": 0.030323695775622883}, "datetime": {"datetime": "2021-09-18 15:31:56", "elapsed": 218.77237, "delta": 1.830296}}
{"target": 0.8703281769285492, "params": {"C": 467.98479025032566, "epsilon": 0.6858096698677694, "gamma": 0.103828734091451}, "datetime": {"datetime": "2021-09-18 15:31:57", "elapsed": 220.314151, "delta": 1.541781}}
{"target": 0.8857361488420237, "params": {"C": 496.0160091105696, "epsilon": 0.6193909731035051, "gamma": 0.0862750705383954}, "datetime": {"datetime": "2021-09-18 15:31:59", "elapsed": 222.050912, "delta": 1.736761}}
{"target": 0.850072096896116, "params": {"C": 448.2653727301812, "epsilon": 0.9109807669328841, "gamma": 0.14914978568003548}, "datetime": {"datetime": "2021-09-18 15:32:00", "elapsed": 223.035441, "delta": 0.984529}}
{"target": 0.872874593700443, "params": {"C": 485.051631511196, "epsilon": 0.7814955947247362, "gamma": 0.09863023011369722}, "datetime": {"datetime": "2021-09-18 15:32:01", "elapsed": 224.082001, "delta": 1.04656}}
{"target": 0.9178441707657679, "params": {"C": 340.0575702468502, "epsilon": 0.7247751665869593, "gamma": 0.05749206573658473}, "datetime": {"datetime": "2021-09-18 15:32:02", "elapsed": 225.147223, "delta": 1.065222}}
{"target": 0.8551334374029681, "params": {"C": 385.87785033330573, "epsilon": 0.7843330985393445, "gamma": 0.1375553668885804}, "datetime": {"datetime": "2021-09-18 15:32:03", "elapsed": 226.186266, "delta": 1.039043}}
{"target": 0.8514507779149093, "params": {"C": 340.085850745214, "epsilon": 0.7214489337119822, "gamma": 0.1478188979416106}, "datetime": {"datetime": "2021-09-18 15:32:05", "elapsed": 228.111272, "delta": 1.925006}}
{"target": 0.9109031147204268, "params": {"C": 416.8518519852425, "epsilon": 0.6238272879782443, "gamma": 0.02}, "datetime": {"datetime": "2021-09-18 15:32:07", "elapsed": 229.950889, "delta": 1.839617}}
{"target": 0.9115217093872349, "params": {"C": 426.65546197959316, "epsilon": 0.8206341482666041, "gamma": 0.0651224313011748}, "datetime": {"datetime": "2021-09-18 15:32:09", "elapsed": 232.038757, "delta": 2.087868}}
{"target": 0.9090153790142185, "params": {"C": 311.66087701251, "epsilon": 0.4713841012646979, "gamma": 0.07514661742002851}, "datetime": {"datetime": "2021-09-18 15:32:10", "elapsed": 233.125539, "delta": 1.086782}}
{"target": 0.9217514728593001, "params": {"C": 495.03583663919767, "epsilon": 0.33805376585151725, "gamma": 0.032484863810566554}, "datetime": {"datetime": "2021-09-18 15:32:11", "elapsed": 234.618124, "delta": 1.492585}}
{"target": 0.9064468495366863, "params": {"C": 354.77023623416545, "epsilon": 0.8440361301090146, "gamma": 0.02}, "datetime": {"datetime": "2021-09-18 15:32:13", "elapsed": 236.108149, "delta": 1.490025}}
{"target": 0.914550930240847, "params": {"C": 494.1371508988264, "epsilon": 0.8439667416918862, "gamma": 0.059459094680240465}, "datetime": {"datetime": "2021-09-18 15:32:14", "elapsed": 237.206068, "delta": 1.097919}}
{"target": 0.9190713031487581, "params": {"C": 496.1570649468346, "epsilon": 0.5897938422454202, "gamma": 0.029660349005954545}, "datetime": {"datetime": "2021-09-18 15:32:16", "elapsed": 239.122678, "delta": 1.91661}}
{"target": 0.9051788452332251, "params": {"C": 325.5668461866476, "epsilon": 0.10304813448793183, "gamma": 0.08534829784803112}, "datetime": {"datetime": "2021-09-18 15:32:18", "elapsed": 241.025972, "delta": 1.903294}}
{"target": 0.863146769598785, "params": {"C": 434.5895112477913, "epsilon": 0.3073258730761349, "gamma": 0.12466346424584974}, "datetime": {"datetime": "2021-09-18 15:32:20", "elapsed": 243.033068, "delta": 2.007096}}
{"target": 0.8885502900548617, "params": {"C": 494.9584228355807, "epsilon": 0.2743106022836969, "gamma": 0.08657127616557443}, "datetime": {"datetime": "2021-09-18 15:32:22", "elapsed": 245.238029, "delta": 2.204961}}
{"target": 0.9098306224842516, "params": {"C": 416.71802244351466, "epsilon": 0.4063010656015251, "gamma": 0.07005521325883607}, "datetime": {"datetime": "2021-09-18 15:32:24", "elapsed": 246.954896, "delta": 1.716867}}
{"target": 0.9110388300751717, "params": {"C": 335.077885848189, "epsilon": 0.21381991182118648, "gamma": 0.023189346895860812}, "datetime": {"datetime": "2021-09-18 15:32:25", "elapsed": 248.468897, "delta": 1.514001}}
{"target": 0.8631338128252146, "params": {"C": 397.8677810778472, "epsilon": 0.870596335926722, "gamma": 0.12182116585816921}, "datetime": {"datetime": "2021-09-18 15:32:26", "elapsed": 249.527898, "delta": 1.059001}}
{"target": 0.9047859509783187, "params": {"C": 335.23932965991605, "epsilon": 0.37792835146972653, "gamma": 0.02}, "datetime": {"datetime": "2021-09-18 15:32:28", "elapsed": 251.516892, "delta": 1.988994}}
{"target": 0.916065775900933, "params": {"C": 457.19695498063106, "epsilon": 0.947081125023868, "gamma": 0.05652078694351326}, "datetime": {"datetime": "2021-09-18 15:32:29", "elapsed": 252.663896, "delta": 1.147004}}
{"target": 0.9152515061853302, "params": {"C": 474.9670857367224, "epsilon": 0.8458047301504975, "gamma": 0.02719861239177885}, "datetime": {"datetime": "2021-09-18 15:32:31", "elapsed": 254.351893, "delta": 1.687997}}
{"target": 0.8766425446402839, "params": {"C": 475.5541194388334, "epsilon": 0.24867615650582106, "gamma": 0.09974430486043964}, "datetime": {"datetime": "2021-09-18 15:32:32", "elapsed": 255.617896, "delta": 1.266003}}
{"target": 0.8579985230909831, "params": {"C": 376.7616535157079, "epsilon": 0.2904302149338317, "gamma": 0.14180364080225524}, "datetime": {"datetime": "2021-09-18 15:32:34", "elapsed": 256.810894, "delta": 1.192998}}
{"target": 0.9185654414612288, "params": {"C": 340.70778186248475, "epsilon": 0.9255455352289239, "gamma": 0.04357426820827552}, "datetime": {"datetime": "2021-09-18 15:32:35", "elapsed": 258.537893, "delta": 1.726999}}
{"target": 0.912733757034473, "params": {"C": 453.53043358969103, "epsilon": 0.29905562514816997, "gamma": 0.024044111350763377}, "datetime": {"datetime": "2021-09-18 15:32:36", "elapsed": 259.714932, "delta": 1.177039}}
{"target": 0.9205474299566623, "params": {"C": 496.0341897041934, "epsilon": 0.5203619940338622, "gamma": 0.050071431851897996}, "datetime": {"datetime": "2021-09-18 15:32:38", "elapsed": 261.575895, "delta": 1.860963}}
{"target": 0.8538365145206303, "params": {"C": 376.5242645165189, "epsilon": 0.09602427821282739, "gamma": 0.14861445258916103}, "datetime": {"datetime": "2021-09-18 15:32:40", "elapsed": 262.772895, "delta": 1.197}}
{"target": 0.855751105527981, "params": {"C": 359.4584052989872, "epsilon": 0.08135425317261598, "gamma": 0.1469913036148316}, "datetime": {"datetime": "2021-09-18 15:32:41", "elapsed": 264.001896, "delta": 1.229001}}
{"target": 0.8816275856321668, "params": {"C": 448.69725017617606, "epsilon": 0.6543160749033538, "gamma": 0.09413695141105735}, "datetime": {"datetime": "2021-09-18 15:32:42", "elapsed": 265.161898, "delta": 1.160002}}
{"target": 0.9193630097715184, "params": {"C": 434.5029014322032, "epsilon": 0.21377507030528586, "gamma": 0.04384284352453814}, "datetime": {"datetime": "2021-09-18 15:32:44", "elapsed": 267.003895, "delta": 1.841997}}
{"target": 0.9216076288643349, "params": {"C": 399.8000263353559, "epsilon": 0.3230142770404851, "gamma": 0.03805769721780521}, "datetime": {"datetime": "2021-09-18 15:32:45", "elapsed": 268.232894, "delta": 1.228999}}
{"target": 0.9061167883108352, "params": {"C": 317.90393700828696, "epsilon": 0.247782157417678, "gamma": 0.0835848647391611}, "datetime": {"datetime": "2021-09-18 15:32:46", "elapsed": 269.417898, "delta": 1.185004}}
{"target": 0.917235394323854, "params": {"C": 340.6754344656433, "epsilon": 0.8438330587133714, "gamma": 0.034087293813813174}, "datetime": {"datetime": "2021-09-18 15:32:48", "elapsed": 271.139932, "delta": 1.722034}}
{"target": 0.88102978676069, "params": {"C": 331.0755682312451, "epsilon": 0.4644614865324074, "gamma": 0.10645169237125679}, "datetime": {"datetime": "2021-09-18 15:32:49", "elapsed": 272.424898, "delta": 1.284966}}
{"target": 0.8941977257147038, "params": {"C": 497.5820903567918, "epsilon": 0.8835055158778599, "gamma": 0.0756360710271041}, "datetime": {"datetime": "2021-09-18 15:32:50", "elapsed": 273.734895, "delta": 1.309997}}
{"target": 0.9164693913010846, "params": {"C": 434.5699290134644, "epsilon": 0.17787691677404102, "gamma": 0.053308774844179174}, "datetime": {"datetime": "2021-09-18 15:32:52", "elapsed": 275.733896, "delta": 1.999001}}
{"target": 0.9174579324667194, "params": {"C": 495.1164385143951, "epsilon": 0.42579846733280896, "gamma": 0.026742447854075188}, "datetime": {"datetime": "2021-09-18 15:32:55", "elapsed": 278.356483, "delta": 2.622587}}
{"target": 0.8681600254057369, "params": {"C": 439.7173158160755, "epsilon": 0.04412654948705341, "gamma": 0.1170737979719483}, "datetime": {"datetime": "2021-09-18 15:32:57", "elapsed": 280.296044, "delta": 1.939561}}
{"target": 0.9103982734056467, "params": {"C": 495.0935670448507, "epsilon": 0.3557705589246001, "gamma": 0.06607420739049591}, "datetime": {"datetime": "2021-09-18 15:33:00", "elapsed": 282.846005, "delta": 2.549961}}
{"target": 0.861500094976306, "params": {"C": 435.69777223852816, "epsilon": 0.5194134407691504, "gamma": 0.12495339212920445}, "datetime": {"datetime": "2021-09-18 15:33:01", "elapsed": 284.103555, "delta": 1.25755}}
{"target": 0.9143978735955423, "params": {"C": 427.8516497287393, "epsilon": 0.16158114312001826, "gamma": 0.026460816724899264}, "datetime": {"datetime": "2021-09-18 15:33:02", "elapsed": 285.381949, "delta": 1.278394}}
{"target": 0.8899493975385679, "params": {"C": 368.2824456717213, "epsilon": 0.5337549700194082, "gamma": 0.09303906541803801}, "datetime": {"datetime": "2021-09-18 15:33:04", "elapsed": 287.228268, "delta": 1.846319}}
{"target": 0.9065876314885385, "params": {"C": 350.66560871618344, "epsilon": 0.7680679043181882, "gamma": 0.02}, "datetime": {"datetime": "2021-09-18 15:33:06", "elapsed": 288.925432, "delta": 1.697164}}
{"target": 0.8979142147453697, "params": {"C": 474.9547408592473, "epsilon": 0.639104903108081, "gamma": 0.07740900678309184}, "datetime": {"datetime": "2021-09-18 15:33:07", "elapsed": 290.199694, "delta": 1.274262}}
{"target": 0.9212690342063603, "params": {"C": 328.0298275377497, "epsilon": 0.041403472033013373, "gamma": 0.04357949819525893}, "datetime": {"datetime": "2021-09-18 15:33:09", "elapsed": 292.044074, "delta": 1.84438}}
{"target": 0.905529240843842, "params": {"C": 495.09367315257634, "epsilon": 0.3578223258525553, "gamma": 0.07150878023010754}, "datetime": {"datetime": "2021-09-18 15:33:10", "elapsed": 293.299742, "delta": 1.255668}}
{"target": 0.9005319251876234, "params": {"C": 328.0394563979993, "epsilon": 0.11393269860282723, "gamma": 0.02}, "datetime": {"datetime": "2021-09-18 15:33:12", "elapsed": 294.974428, "delta": 1.674686}}
{"target": 0.9120394874933726, "params": {"C": 434.4850452037395, "epsilon": 0.3144770849885769, "gamma": 0.022988985145411478}, "datetime": {"datetime": "2021-09-18 15:33:14", "elapsed": 297.044875, "delta": 2.070447}}
{"target": 0.8757333122694788, "params": {"C": 367.6713060326202, "epsilon": 0.7696413084117271, "gamma": 0.10405445592808323}, "datetime": {"datetime": "2021-09-18 15:33:15", "elapsed": 298.294744, "delta": 1.249869}}
{"target": 0.876876332594094, "params": {"C": 338.55544283798764, "epsilon": 0.7216269200283645, "gamma": 0.10680341917466693}, "datetime": {"datetime": "2021-09-18 15:33:16", "elapsed": 299.576711, "delta": 1.281967}}
{"target": 0.8636460122937953, "params": {"C": 328.0796600141555, "epsilon": 0.04330361425811492, "gamma": 0.13684199692659366}, "datetime": {"datetime": "2021-09-18 15:33:18", "elapsed": 301.53792, "delta": 1.961209}}
{"target": 0.9172336299710862, "params": {"C": 335.1934508831441, "epsilon": 0.25878829132815456, "gamma": 0.028432158672668333}, "datetime": {"datetime": "2021-09-18 15:33:20", "elapsed": 303.735913, "delta": 2.197993}}
{"target": 0.9182036641748542, "params": {"C": 426.61413232249095, "epsilon": 0.9087217785654106, "gamma": 0.05430202504220784}, "datetime": {"datetime": "2021-09-18 15:33:23", "elapsed": 305.928703, "delta": 2.19279}}
{"target": 0.9173199774450278, "params": {"C": 467.9663854727987, "epsilon": 0.5689072821744773, "gamma": 0.027110376079508267}, "datetime": {"datetime": "2021-09-18 15:33:25", "elapsed": 307.929413, "delta": 2.00071}}
{"target": 0.9104582586842533, "params": {"C": 382.5766405652014, "epsilon": 0.3517687979629371, "gamma": 0.0211287990575192}, "datetime": {"datetime": "2021-09-18 15:33:28", "elapsed": 310.840417, "delta": 2.911004}}
{"target": 0.9133852881090512, "params": {"C": 467.7310795545725, "epsilon": 0.5620273433728932, "gamma": 0.06334822245929059}, "datetime": {"datetime": "2021-09-18 15:33:31", "elapsed": 313.790974, "delta": 2.950557}}
{"target": 0.9054116832718228, "params": {"C": 387.439265049914, "epsilon": 0.1389304011695772, "gamma": 0.02}, "datetime": {"datetime": "2021-09-18 15:33:32", "elapsed": 315.710223, "delta": 1.919249}}
{"target": 0.8545996236363645, "params": {"C": 486.0984404224943, "epsilon": 0.9305769229633785, "gamma": 0.1357457974502814}, "datetime": {"datetime": "2021-09-18 15:33:34", "elapsed": 317.061492, "delta": 1.351269}}
{"target": 0.9158553872574732, "params": {"C": 339.97234960791974, "epsilon": 0.6906845792119791, "gamma": 0.0614788057702996}, "datetime": {"datetime": "2021-09-18 15:33:36", "elapsed": 319.037175, "delta": 1.975683}}
{"target": 0.8992357158817095, "params": {"C": 487.21343179510063, "epsilon": 0.8053878484959508, "gamma": 0.07328964188320543}, "datetime": {"datetime": "2021-09-18 15:33:37", "elapsed": 320.423003, "delta": 1.385828}}
{"target": 0.8793904060764377, "params": {"C": 497.94368682404536, "epsilon": 0.9532674436364399, "gamma": 0.0896761026405717}, "datetime": {"datetime": "2021-09-18 15:33:39", "elapsed": 322.252917, "delta": 1.829914}}
{"target": 0.9192932424591113, "params": {"C": 429.074164463364, "epsilon": 0.8979478592825387, "gamma": 0.05208576503063979}, "datetime": {"datetime": "2021-09-18 15:33:40", "elapsed": 323.643902, "delta": 1.390985}}
{"target": 0.9195947599170179, "params": {"C": 339.97380176791603, "epsilon": 0.7894936334504995, "gamma": 0.05118187864312462}, "datetime": {"datetime": "2021-09-18 15:33:43", "elapsed": 326.027446, "delta": 2.383544}}
{"target": 0.8643142958052756, "params": {"C": 375.43949333771576, "epsilon": 0.3439844113081079, "gamma": 0.1283182020259528}, "datetime": {"datetime": "2021-09-18 15:33:44", "elapsed": 327.357424, "delta": 1.329978}}
{"target": 0.905768696408835, "params": {"C": 340.01088155157066, "epsilon": 0.7398809193179825, "gamma": 0.02}, "datetime": {"datetime": "2021-09-18 15:33:46", "elapsed": 329.757113, "delta": 2.399689}}
{"target": 0.9017294833770634, "params": {"C": 339.86864477077984, "epsilon": 0.7877954435579781, "gamma": 0.07943108112612986}, "datetime": {"datetime": "2021-09-18 15:33:48", "elapsed": 331.747801, "delta": 1.990688}}
{"target": 0.9225291436055052, "params": {"C": 494.99760081093757, "epsilon": 0.434645570081213, "gamma": 0.039123383244112846}, "datetime": {"datetime": "2021-09-18 15:33:51", "elapsed": 334.072614, "delta": 2.324813}}
{"target": 0.9100385567646275, "params": {"C": 416.6242759388747, "epsilon": 0.43233572480473065, "gamma": 0.02}, "datetime": {"datetime": "2021-09-18 15:33:54", "elapsed": 336.779466, "delta": 2.706852}}
{"target": 0.8935675665166285, "params": {"C": 332.74591208131795, "epsilon": 0.1196972813539719, "gamma": 0.09781332535818335}, "datetime": {"datetime": "2021-09-18 15:33:55", "elapsed": 338.09925, "delta": 1.319784}}
{"target": 0.8755507791236686, "params": {"C": 429.14308055809147, "epsilon": 0.8471902035474769, "gamma": 0.09865074512588953}, "datetime": {"datetime": "2021-09-18 15:33:57", "elapsed": 340.761326, "delta": 2.662076}}
{"target": 0.919245199961289, "params": {"C": 494.92010797413536, "epsilon": 0.46206249982711023, "gamma": 0.028234262718052974}, "datetime": {"datetime": "2021-09-18 15:34:00", "elapsed": 343.366876, "delta": 2.60555}}
{"target": 0.9191116563007005, "params": {"C": 340.6191562905801, "epsilon": 0.9156223587182283, "gamma": 0.045745998291577265}, "datetime": {"datetime": "2021-09-18 15:34:02", "elapsed": 345.615026, "delta": 2.24815}}
{"target": 0.901235557029963, "params": {"C": 328.3194763972054, "epsilon": 0.14001584512363172, "gamma": 0.02}, "datetime": {"datetime": "2021-09-18 15:34:04", "elapsed": 347.68638, "delta": 2.071354}}
{"target": 0.9207258311737929, "params": {"C": 429.0245553764199, "epsilon": 0.9835454793380124, "gamma": 0.04526923489419708}, "datetime": {"datetime": "2021-09-18 15:34:08", "elapsed": 350.949727, "delta": 3.263347}}
{"target": 0.9026203417724553, "params": {"C": 495.0431232805387, "epsilon": 0.4757368421826158, "gamma": 0.0734420116055353}, "datetime": {"datetime": "2021-09-18 15:34:10", "elapsed": 353.228283, "delta": 2.278556}}
{"target": 0.8816118427884935, "params": {"C": 340.6240092554453, "epsilon": 0.8383611372093384, "gamma": 0.0987308001344313}, "datetime": {"datetime": "2021-09-18 15:34:13", "elapsed": 356.156526, "delta": 2.928243}}
{"target": 0.9127490946020088, "params": {"C": 350.7780750212072, "epsilon": 0.8493874051583887, "gamma": 0.02585614451653382}, "datetime": {"datetime": "2021-09-18 15:34:15", "elapsed": 358.671566, "delta": 2.51504}}
{"target": 0.8792560065616142, "params": {"C": 470.2850896611898, "epsilon": 0.2425546377447898, "gamma": 0.09731303117532189}, "datetime": {"datetime": "2021-09-18 15:34:17", "elapsed": 360.195621, "delta": 1.524055}}
{"target": 0.8640950542545925, "params": {"C": 353.70301563081983, "epsilon": 0.5649419875659936, "gamma": 0.12601856070551182}, "datetime": {"datetime": "2021-09-18 15:34:18", "elapsed": 361.617171, "delta": 1.42155}}
{"target": 0.8577427421648449, "params": {"C": 426.66955784237643, "epsilon": 0.9401045808155365, "gamma": 0.12797220752114682}, "datetime": {"datetime": "2021-09-18 15:34:21", "elapsed": 363.964844, "delta": 2.347673}}
{"target": 0.9088272946087416, "params": {"C": 335.90410432023833, "epsilon": 0.837472496087834, "gamma": 0.07077115205013922}, "datetime": {"datetime": "2021-09-18 15:34:22", "elapsed": 365.311847, "delta": 1.347003}}
{"target": 0.8925984539186657, "params": {"C": 428.97065752968786, "epsilon": 0.9975199628353605, "gamma": 0.07929029907154396}, "datetime": {"datetime": "2021-09-18 15:34:24", "elapsed": 367.292801, "delta": 1.980954}}
