{"target": -3.3333410001768455, "params": {"C": 20.323978663646656, "epsilon": 1.0300436541277018, "gamma": 0.0018769640190744415}, "datetime": {"datetime": "2021-09-18 10:18:49", "elapsed": 39.722076, "delta": 0.440482}}
{"target": -2.7806527769597813, "params": {"C": 63.98513611761096, "epsilon": 0.3736504505526653, "gamma": 0.25328447677767574}, "datetime": {"datetime": "2021-09-18 10:18:50", "elapsed": 40.449138, "delta": 0.727062}}
{"target": -2.9170090836461333, "params": {"C": 59.70641166294138, "epsilon": 0.2508204619777973, "gamma": 0.3}, "datetime": {"datetime": "2021-09-18 10:18:50", "elapsed": 41.069004, "delta": 0.619866}}
{"target": -2.6422237612463264, "params": {"C": 44.018821984119, "epsilon": 2.105837575020444, "gamma": 0.1331256611605726}, "datetime": {"datetime": "2021-09-18 10:18:51", "elapsed": 41.436592, "delta": 0.367588}}
{"target": -2.9162638814492867, "params": {"C": 32.84194435360141, "epsilon": 1.1545043516217985, "gamma": 0.26948775013424536}, "datetime": {"datetime": "2021-09-18 10:18:51", "elapsed": 42.159012, "delta": 0.72242}}
{"target": -3.4713754482887955, "params": {"C": 33.21771409871905, "epsilon": 0.001, "gamma": 0.001}, "datetime": {"datetime": "2021-09-18 10:18:52", "elapsed": 42.737235, "delta": 0.578223}}
{"target": -2.0576161015596646, "params": {"C": 32.76381091122636, "epsilon": 0.2544236003215712, "gamma": 0.04903895537239647}, "datetime": {"datetime": "2021-09-18 10:18:52", "elapsed": 43.348692, "delta": 0.611457}}
{"target": -2.006698616088131, "params": {"C": 32.57925768880641, "epsilon": 0.02629855570420626, "gamma": 0.06485074991043915}, "datetime": {"datetime": "2021-09-18 10:18:53", "elapsed": 43.897709, "delta": 0.549017}}
{"target": -2.813143561647084, "params": {"C": 27.806547634480015, "epsilon": 0.28368521051078016, "gamma": 0.29356469045393313}, "datetime": {"datetime": "2021-09-18 10:18:53", "elapsed": 44.365091, "delta": 0.467382}}
{"target": -2.274238572445908, "params": {"C": 32.15603044692354, "epsilon": 1.1444592169913332, "gamma": 0.02332933218438179}, "datetime": {"datetime": "2021-09-18 10:18:54", "elapsed": 44.944977, "delta": 0.579886}}
{"target": -3.5148144589076016, "params": {"C": 12.428596727395416, "epsilon": 3.7296620169754133, "gamma": 0.1322660511399902}, "datetime": {"datetime": "2021-09-18 10:18:54", "elapsed": 45.294096, "delta": 0.349119}}
{"target": -5.192353030728392, "params": {"C": 38.64050784078681, "epsilon": 6.8310415497498065, "gamma": 0.2729438844352127}, "datetime": {"datetime": "2021-09-18 10:18:55", "elapsed": 45.635605, "delta": 0.341509}}
{"target": -3.264489615696836, "params": {"C": 64.5007597434548, "epsilon": 0.6436944078111516, "gamma": 0.001}, "datetime": {"datetime": "2021-09-18 10:18:55", "elapsed": 46.230757, "delta": 0.595152}}
{"target": -2.1925480089725946, "params": {"C": 33.650353808801526, "epsilon": 0.30256730837508633, "gamma": 0.020210109047109112}, "datetime": {"datetime": "2021-09-18 10:18:56", "elapsed": 46.851757, "delta": 0.621}}
{"target": -3.08288990452119, "params": {"C": 19.897759807572314, "epsilon": 1.4993199142002767, "gamma": 0.26896958469270493}, "datetime": {"datetime": "2021-09-18 10:18:57", "elapsed": 47.678209, "delta": 0.826452}}
{"target": -3.5072792115488425, "params": {"C": 32.57762432040139, "epsilon": 1.559542841192892, "gamma": 0.001}, "datetime": {"datetime": "2021-09-18 10:18:57", "elapsed": 48.226633, "delta": 0.548424}}
{"target": -3.221874074987125, "params": {"C": 62.73945633075742, "epsilon": 0.23516996898938305, "gamma": 0.001}, "datetime": {"datetime": "2021-09-18 10:18:58", "elapsed": 48.720754, "delta": 0.494121}}
{"target": -3.0663931942236564, "params": {"C": 34.40980934039559, "epsilon": 5.138835573537416, "gamma": 0.032234670808852416}, "datetime": {"datetime": "2021-09-18 10:18:58", "elapsed": 49.087759, "delta": 0.367005}}
{"target": -2.8787122281062913, "params": {"C": 62.15153016409527, "epsilon": 0.3050393914978483, "gamma": 0.28521262473816045}, "datetime": {"datetime": "2021-09-18 10:18:59", "elapsed": 49.525865, "delta": 0.438106}}
{"target": -2.76797140433674, "params": {"C": 32.533903537694805, "epsilon": 0.9070438435281046, "gamma": 0.24476445859386461}, "datetime": {"datetime": "2021-09-18 10:18:59", "elapsed": 49.983295, "delta": 0.45743}}
{"target": -2.7283985048785695, "params": {"C": 32.64805835818639, "epsilon": 0.19835564271437853, "gamma": 0.2669721962751129}, "datetime": {"datetime": "2021-09-18 10:19:00", "elapsed": 50.577826, "delta": 0.594531}}
{"target": -4.345143327984751, "params": {"C": 34.569517922693436, "epsilon": 5.93210390405092, "gamma": 0.16076104735474375}, "datetime": {"datetime": "2021-09-18 10:19:00", "elapsed": 50.936241, "delta": 0.358415}}
{"target": -2.272658714560777, "params": {"C": 26.106677536171347, "epsilon": 1.0064106137257538, "gamma": 0.023285986490936432}, "datetime": {"datetime": "2021-09-18 10:19:01", "elapsed": 51.502256, "delta": 0.566015}}
{"target": -2.9172537088229973, "params": {"C": 41.7464362048541, "epsilon": 0.9912739054134774, "gamma": 0.27881689798125947}, "datetime": {"datetime": "2021-09-18 10:19:01", "elapsed": 51.891847, "delta": 0.389591}}
{"target": -2.52016839718687, "params": {"C": 62.83039007674857, "epsilon": 0.8458622676319087, "gamma": 0.15785405831571367}, "datetime": {"datetime": "2021-09-18 10:19:02", "elapsed": 52.46383, "delta": 0.571983}}
{"target": -2.7221382926171946, "params": {"C": 45.01602136774844, "epsilon": 3.7673394739096646, "gamma": 0.06404014656721646}, "datetime": {"datetime": "2021-09-18 10:19:02", "elapsed": 52.835827, "delta": 0.371997}}
{"target": -2.858106737214908, "params": {"C": 45.422123475268364, "epsilon": 0.2882979035448741, "gamma": 0.2904343703748892}, "datetime": {"datetime": "2021-09-18 10:19:03", "elapsed": 53.504998, "delta": 0.669171}}
{"target": -3.001197747335637, "params": {"C": 45.610294622649896, "epsilon": 1.695811203271849, "gamma": 0.25154105965016277}, "datetime": {"datetime": "2021-09-18 10:19:03", "elapsed": 54.080129, "delta": 0.575131}}
{"target": -3.259721353956857, "params": {"C": 60.108299096158866, "epsilon": 0.5222443781071664, "gamma": 0.001}, "datetime": {"datetime": "2021-09-18 10:19:04", "elapsed": 54.722034, "delta": 0.641905}}
{"target": -2.1224558448629223, "params": {"C": 45.62792018914038, "epsilon": 0.5781474925728152, "gamma": 0.0991939714528727}, "datetime": {"datetime": "2021-09-18 10:19:05", "elapsed": 55.405211, "delta": 0.683177}}
{"target": -2.144157241223194, "params": {"C": 32.20688542949691, "epsilon": 0.006391785437802939, "gamma": 0.03375792485640244}, "datetime": {"datetime": "2021-09-18 10:19:05", "elapsed": 56.025962, "delta": 0.620751}}
{"target": -2.55649940737436, "params": {"C": 33.32873080842978, "epsilon": 1.79642277395252, "gamma": 0.12389316685798969}, "datetime": {"datetime": "2021-09-18 10:19:06", "elapsed": 56.556898, "delta": 0.530936}}
{"target": -2.2009020757511286, "params": {"C": 61.96260360813456, "epsilon": 0.8668597879475922, "gamma": 0.02324303111081058}, "datetime": {"datetime": "2021-09-18 10:19:06", "elapsed": 57.180813, "delta": 0.623915}}
{"target": -2.107824773746317, "params": {"C": 66.35085072174783, "epsilon": 1.2366802918607704, "gamma": 0.07197169684939647}, "datetime": {"datetime": "2021-09-18 10:19:07", "elapsed": 57.610935, "delta": 0.430122}}
{"target": -3.9939243176811323, "params": {"C": 37.50004045308172, "epsilon": 5.747410657901592, "gamma": 0.09031619344410069}, "datetime": {"datetime": "2021-09-18 10:19:07", "elapsed": 58.027683, "delta": 0.416748}}
{"target": -2.327592387077948, "params": {"C": 59.60215398456642, "epsilon": 0.3211167491430135, "gamma": 0.010055689017383018}, "datetime": {"datetime": "2021-09-18 10:19:08", "elapsed": 58.707533, "delta": 0.67985}}
{"target": -2.7697085198565228, "params": {"C": 66.2567347555376, "epsilon": 0.9496912508131214, "gamma": 0.22489065395546343}, "datetime": {"datetime": "2021-09-18 10:19:09", "elapsed": 59.528988, "delta": 0.821455}}
{"target": -3.1404319275574504, "params": {"C": 66.42538817372804, "epsilon": 1.519957545910399, "gamma": 0.2957427112114935}, "datetime": {"datetime": "2021-09-18 10:19:09", "elapsed": 60.378633, "delta": 0.849645}}
{"target": -2.2691532646699297, "params": {"C": 31.800238796760883, "epsilon": 0.052919865687968484, "gamma": 0.14177351371974592}, "datetime": {"datetime": "2021-09-18 10:19:10", "elapsed": 60.926033, "delta": 0.5474}}
{"target": -2.121438772728162, "params": {"C": 31.999884219633874, "epsilon": 0.3773558931640641, "gamma": 0.038424057570009086}, "datetime": {"datetime": "2021-09-18 10:19:11", "elapsed": 61.554757, "delta": 0.628724}}
{"target": -2.7994366653106084, "params": {"C": 31.810394609351263, "epsilon": 0.7130000903204247, "gamma": 0.26501573754740465}, "datetime": {"datetime": "2021-09-18 10:19:12", "elapsed": 62.411888, "delta": 0.857131}}
{"target": -2.724954556256997, "params": {"C": 62.46458111948444, "epsilon": 0.647934964919246, "gamma": 0.0027270456165358913}, "datetime": {"datetime": "2021-09-18 10:19:12", "elapsed": 63.088492, "delta": 0.676604}}
{"target": -3.327616893403917, "params": {"C": 66.04583287723531, "epsilon": 1.2916852000968095, "gamma": 0.001}, "datetime": {"datetime": "2021-09-18 10:19:13", "elapsed": 63.847563, "delta": 0.759071}}
{"target": -2.507374112361105, "params": {"C": 66.65552825527789, "epsilon": 1.038639595208164, "gamma": 0.1454286031480732}, "datetime": {"datetime": "2021-09-18 10:19:14", "elapsed": 64.496875, "delta": 0.649312}}
{"target": -2.101538986162187, "params": {"C": 28.343363982569656, "epsilon": 0.7694255822738887, "gamma": 0.07440454362713096}, "datetime": {"datetime": "2021-09-18 10:19:14", "elapsed": 65.258454, "delta": 0.761579}}
{"target": -2.5928925961653526, "params": {"C": 28.05983934668256, "epsilon": 0.7187375959924031, "gamma": 0.006490884389007315}, "datetime": {"datetime": "2021-09-18 10:19:15", "elapsed": 66.167445, "delta": 0.908991}}
{"target": -2.2547662112775106, "params": {"C": 51.92666638214598, "epsilon": 2.1495985214866002, "gamma": 0.0400756152144402}, "datetime": {"datetime": "2021-09-18 10:19:16", "elapsed": 66.625356, "delta": 0.457911}}
{"target": -2.190573688362447, "params": {"C": 39.9515393517673, "epsilon": 1.5250561837726888, "gamma": 0.0768377758993993}, "datetime": {"datetime": "2021-09-18 10:19:16", "elapsed": 67.100929, "delta": 0.475573}}
{"target": -2.382303504743136, "params": {"C": 32.34742709044424, "epsilon": 0.1954022253621957, "gamma": 0.010132951848638608}, "datetime": {"datetime": "2021-09-18 10:19:17", "elapsed": 67.981758, "delta": 0.880829}}
{"target": -4.065460400294093, "params": {"C": 25.39809656138246, "epsilon": 4.843878307425479, "gamma": 0.22093457000692315}, "datetime": {"datetime": "2021-09-18 10:19:18", "elapsed": 68.45912, "delta": 0.477362}}
{"target": -2.4740253621391415, "params": {"C": 40.00712561963521, "epsilon": 1.8771008546178023, "gamma": 0.1051944800152939}, "datetime": {"datetime": "2021-09-18 10:19:18", "elapsed": 69.268907, "delta": 0.809787}}
{"target": -2.9698448710995993, "params": {"C": 39.64803119354273, "epsilon": 1.6156397645782938, "gamma": 0.25067838037373175}, "datetime": {"datetime": "2021-09-18 10:19:19", "elapsed": 69.914499, "delta": 0.645592}}
{"target": -4.08234754828588, "params": {"C": 45.56155164513644, "epsilon": 5.788587162512347, "gamma": 0.10067143485691486}, "datetime": {"datetime": "2021-09-18 10:19:19", "elapsed": 70.36733, "delta": 0.452831}}
{"target": -3.3220423464686264, "params": {"C": 45.287443429702684, "epsilon": 0.3127453707069106, "gamma": 0.001}, "datetime": {"datetime": "2021-09-18 10:19:20", "elapsed": 71.074684, "delta": 0.707354}}
{"target": -3.0071097654970007, "params": {"C": 26.22821454365783, "epsilon": 1.1967816844907953, "gamma": 0.29560808751847856}, "datetime": {"datetime": "2021-09-18 10:19:21", "elapsed": 72.051805, "delta": 0.977121}}
{"target": -3.393032365191764, "params": {"C": 45.89621331019766, "epsilon": 1.1165210654546796, "gamma": 0.001}, "datetime": {"datetime": "2021-09-18 10:19:22", "elapsed": 72.885605, "delta": 0.8338}}
{"target": -4.797367357303346, "params": {"C": 39.2022476771607, "epsilon": 5.834293998627072, "gamma": 0.293332218455181}, "datetime": {"datetime": "2021-09-18 10:19:22", "elapsed": 73.36851, "delta": 0.482905}}
{"target": -2.4924152449439605, "params": {"C": 60.9125094325399, "epsilon": 1.0342815676754737, "gamma": 0.14305089114929298}, "datetime": {"datetime": "2021-09-18 10:19:23", "elapsed": 73.891218, "delta": 0.522708}}
{"target": -2.8270609626675793, "params": {"C": 33.57804768103818, "epsilon": 0.25344031904405195, "gamma": 0.29075125883316383}, "datetime": {"datetime": "2021-09-18 10:19:24", "elapsed": 74.700978, "delta": 0.80976}}
{"target": -2.0070231607128575, "params": {"C": 61.86859157607758, "epsilon": 0.5140000057367422, "gamma": 0.059966441214121674}, "datetime": {"datetime": "2021-09-18 10:19:25", "elapsed": 75.43787, "delta": 0.736892}}
{"target": -2.287581467054273, "params": {"C": 32.95891470232819, "epsilon": 0.44733780040554666, "gamma": 0.014408406904961184}, "datetime": {"datetime": "2021-09-18 10:19:25", "elapsed": 76.149622, "delta": 0.711752}}
{"target": -2.481855902051866, "params": {"C": 40.3435206713355, "epsilon": 1.6170906753339866, "gamma": 0.01028145577126428}, "datetime": {"datetime": "2021-09-18 10:19:26", "elapsed": 77.027268, "delta": 0.877646}}
{"target": -2.7748619567601867, "params": {"C": 31.987990286925484, "epsilon": 0.057313510773839935, "gamma": 0.2878212636691938}, "datetime": {"datetime": "2021-09-18 10:19:27", "elapsed": 77.740974, "delta": 0.713706}}
{"target": -2.8118228951737074, "params": {"C": 40.09823425326866, "epsilon": 1.2538423139310075, "gamma": 0.23207810979729346}, "datetime": {"datetime": "2021-09-18 10:19:28", "elapsed": 78.496305, "delta": 0.755331}}
{"target": -2.8475036420823074, "params": {"C": 28.26080948806035, "epsilon": 0.8424429430602667, "gamma": 0.27578605242489557}, "datetime": {"datetime": "2021-09-18 10:19:28", "elapsed": 79.207548, "delta": 0.711243}}
{"target": -2.122780867474324, "params": {"C": 31.645769131061567, "epsilon": 0.28483641263103554, "gamma": 0.09561711893658952}, "datetime": {"datetime": "2021-09-18 10:19:29", "elapsed": 79.996097, "delta": 0.788549}}
{"target": -2.1081970340257805, "params": {"C": 26.52017682401071, "epsilon": 0.7465308035246302, "gamma": 0.05112833273193705}, "datetime": {"datetime": "2021-09-18 10:19:30", "elapsed": 80.647163, "delta": 0.651066}}
{"target": -3.4893725020656796, "params": {"C": 31.476628920788663, "epsilon": 0.02243303025509357, "gamma": 0.001}, "datetime": {"datetime": "2021-09-18 10:19:31", "elapsed": 81.511798, "delta": 0.864635}}
{"target": -3.268594520079287, "params": {"C": 10.83309098857816, "epsilon": 5.221957522994464, "gamma": 0.026971577454461677}, "datetime": {"datetime": "2021-09-18 10:19:31", "elapsed": 82.05063, "delta": 0.538832}}
{"target": -2.2166170690593083, "params": {"C": 28.556141356166332, "epsilon": 0.9920387067030202, "gamma": 0.09873466514711134}, "datetime": {"datetime": "2021-09-18 10:19:32", "elapsed": 82.955416, "delta": 0.904786}}
{"target": -2.7259174308645417, "params": {"C": 61.85167112793129, "epsilon": 0.6904740979150736, "gamma": 0.2245563002091379}, "datetime": {"datetime": "2021-09-18 10:19:33", "elapsed": 83.852833, "delta": 0.897417}}
{"target": -2.586609176305045, "params": {"C": 30.338608286782936, "epsilon": 2.21096034174919, "gamma": 0.10957826099766096}, "datetime": {"datetime": "2021-09-18 10:19:34", "elapsed": 84.410205, "delta": 0.557372}}
{"target": -2.7340338459882725, "params": {"C": 26.189221715317387, "epsilon": 0.7679336973742686, "gamma": 0.004555551902089042}, "datetime": {"datetime": "2021-09-18 10:19:34", "elapsed": 85.240269, "delta": 0.830064}}
{"target": -2.1988292493230044, "params": {"C": 26.767800661042603, "epsilon": 0.4717994156474676, "gamma": 0.11737207180808608}, "datetime": {"datetime": "2021-09-18 10:19:35", "elapsed": 86.191067, "delta": 0.950798}}
{"target": -1.9825418160332098, "params": {"C": 45.642727327698005, "epsilon": 0.05099278083181622, "gamma": 0.059755531253387076}, "datetime": {"datetime": "2021-09-18 10:19:37", "elapsed": 87.511397, "delta": 1.32033}}
{"target": -3.4684182778635924, "params": {"C": 32.180379141290715, "epsilon": 0.7772952092065304, "gamma": 0.001}, "datetime": {"datetime": "2021-09-18 10:19:38", "elapsed": 88.399214, "delta": 0.887817}}
{"target": -2.531810027642593, "params": {"C": 29.697719733157214, "epsilon": 2.9269425362936095, "gamma": 0.022271751083012405}, "datetime": {"datetime": "2021-09-18 10:19:38", "elapsed": 89.039713, "delta": 0.640499}}
{"target": -2.2728104473621253, "params": {"C": 17.691088920520066, "epsilon": 0.25286526911394486, "gamma": 0.10010157382644452}, "datetime": {"datetime": "2021-09-18 10:19:39", "elapsed": 89.726127, "delta": 0.686414}}
{"target": -3.326751923080407, "params": {"C": 66.5864348682505, "epsilon": 1.3028244376643223, "gamma": 0.001}, "datetime": {"datetime": "2021-09-18 10:19:40", "elapsed": 90.640548, "delta": 0.914421}}
{"target": -2.44993008878181, "params": {"C": 25.325838228849797, "epsilon": 0.4331785561264596, "gamma": 0.18227919748228372}, "datetime": {"datetime": "2021-09-18 10:19:41", "elapsed": 91.675182, "delta": 1.034634}}
{"target": -2.586448627531802, "params": {"C": 31.857016188409897, "epsilon": 0.39204327126621297, "gamma": 0.22087136762750834}, "datetime": {"datetime": "2021-09-18 10:19:42", "elapsed": 92.790825, "delta": 1.115643}}
{"target": -2.8293928868942895, "params": {"C": 67.97744923377186, "epsilon": 3.9242656301142413, "gamma": 0.06990342211568398}, "datetime": {"datetime": "2021-09-18 10:19:43", "elapsed": 93.411753, "delta": 0.620928}}
{"target": -3.2885070455692196, "params": {"C": 59.67393201116811, "epsilon": 0.6112978510337277, "gamma": 0.001}, "datetime": {"datetime": "2021-09-18 10:19:44", "elapsed": 94.67001, "delta": 1.258257}}
{"target": -2.311087383013732, "params": {"C": 31.95136907765302, "epsilon": 0.08765282695577852, "gamma": 0.01342544437675592}, "datetime": {"datetime": "2021-09-18 10:19:45", "elapsed": 95.911114, "delta": 1.241104}}
{"target": -2.841093203624338, "params": {"C": 26.666447107782794, "epsilon": 0.7329449365654289, "gamma": 0.27951267776380667}, "datetime": {"datetime": "2021-09-18 10:19:46", "elapsed": 96.63312, "delta": 0.722006}}
{"target": -3.4245599386677283, "params": {"C": 68.50772818990065, "epsilon": 3.302654055259273, "gamma": 0.2100458326987883}, "datetime": {"datetime": "2021-09-18 10:19:46", "elapsed": 97.243237, "delta": 0.610117}}
{"target": -2.2687431507290547, "params": {"C": 59.8594592492781, "epsilon": 0.28975823765297026, "gamma": 0.011901660422469443}, "datetime": {"datetime": "2021-09-18 10:19:47", "elapsed": 98.217032, "delta": 0.973795}}
{"target": -3.4627582633962377, "params": {"C": 32.73240689692393, "epsilon": 0.6131922682280669, "gamma": 0.001}, "datetime": {"datetime": "2021-09-18 10:19:48", "elapsed": 98.940367, "delta": 0.723335}}
{"target": -3.5672948990910704, "params": {"C": 28.729431129026853, "epsilon": 5.62374464853222, "gamma": 0.04649423373234977}, "datetime": {"datetime": "2021-09-18 10:19:49", "elapsed": 99.560288, "delta": 0.619921}}
{"target": -2.5000282272228844, "params": {"C": 45.7251676290876, "epsilon": 0.27915028626425215, "gamma": 0.1893013777749164}, "datetime": {"datetime": "2021-09-18 10:19:50", "elapsed": 100.514076, "delta": 0.953788}}
{"target": -2.5270173424178672, "params": {"C": 60.93872667153923, "epsilon": 1.0245513838241, "gamma": 0.15181976455744337}, "datetime": {"datetime": "2021-09-18 10:19:50", "elapsed": 101.189237, "delta": 0.675161}}
{"target": -2.1539298225294288, "params": {"C": 33.15556953933898, "epsilon": 0.5632534573757078, "gamma": 0.03194187577068181}, "datetime": {"datetime": "2021-09-18 10:19:51", "elapsed": 102.318245, "delta": 1.129008}}
{"target": -2.1798101037099085, "params": {"C": 25.62305870280207, "epsilon": 0.7115389087912315, "gamma": 0.03334853134404002}, "datetime": {"datetime": "2021-09-18 10:19:52", "elapsed": 103.18829, "delta": 0.870045}}
{"target": -3.4750887307158527, "params": {"C": 33.08975925087094, "epsilon": 0.8382820748328995, "gamma": 0.001}, "datetime": {"datetime": "2021-09-18 10:19:54", "elapsed": 104.456503, "delta": 1.268213}}
{"target": -2.4105320746313805, "params": {"C": 28.62670349151823, "epsilon": 0.8029271263500368, "gamma": 0.011866760738880103}, "datetime": {"datetime": "2021-09-18 10:19:55", "elapsed": 105.61783, "delta": 1.161327}}
{"target": -2.3337483923980544, "params": {"C": 26.96872203357445, "epsilon": 0.9493011832716495, "gamma": 0.01756495818963056}, "datetime": {"datetime": "2021-09-18 10:19:56", "elapsed": 106.763946, "delta": 1.146116}}
{"target": -2.0355400633120433, "params": {"C": 64.19724910795676, "epsilon": 0.19532494996013933, "gamma": 0.03644827223614836}, "datetime": {"datetime": "2021-09-18 10:19:57", "elapsed": 107.599543, "delta": 0.835597}}
{"target": -2.9498575766626387, "params": {"C": 25.005540513810477, "epsilon": 1.6418682562074272, "gamma": 0.2447995059628565}, "datetime": {"datetime": "2021-09-18 10:19:57", "elapsed": 108.231145, "delta": 0.631602}}
{"target": -2.6914430133358254, "params": {"C": 25.76516137017105, "epsilon": 0.4592697193505113, "gamma": 0.25319137011324194}, "datetime": {"datetime": "2021-09-18 10:19:59", "elapsed": 109.426266, "delta": 1.195121}}
{"target": -2.055050238412145, "params": {"C": 45.927310284600296, "epsilon": 0.5756771208829784, "gamma": 0.07264626148966156}, "datetime": {"datetime": "2021-09-18 10:20:00", "elapsed": 110.525331, "delta": 1.099065}}
{"target": -3.806875289321457, "params": {"C": 16.980595773200392, "epsilon": 4.612381213148758, "gamma": 0.1628868264334706}, "datetime": {"datetime": "2021-09-18 10:20:00", "elapsed": 111.167621, "delta": 0.64229}}
