{"target": -2.070341289584519, "params": {"C": 120.36293650865733, "epsilon": 0.13985813657186447, "gamma": 0.07839127558991188}, "datetime": {"datetime": "2021-09-19 08:33:08", "elapsed": 109.391448, "delta": 1.261975}}
{"target": -2.1522073297722897, "params": {"C": 108.69447172208227, "epsilon": 0.08631227702686088, "gamma": 0.10608619633183285}, "datetime": {"datetime": "2021-09-19 08:33:09", "elapsed": 110.359049, "delta": 0.967601}}
{"target": -2.168774940001296, "params": {"C": 120.37635032567266, "epsilon": 0.08484373163340868, "gamma": 0.11004064734966722}, "datetime": {"datetime": "2021-09-19 08:33:10", "elapsed": 111.193596, "delta": 0.834547}}
{"target": -2.085037840599213, "params": {"C": 108.27119938346982, "epsilon": 0.08746564086148426, "gamma": 0.08776187226182323}, "datetime": {"datetime": "2021-09-19 08:33:11", "elapsed": 112.234525, "delta": 1.040929}}
{"target": -2.238768014302379, "params": {"C": 108.49965745368115, "epsilon": 0.055095554023637416, "gamma": 0.030893769479402464}, "datetime": {"datetime": "2021-09-19 08:33:12", "elapsed": 113.411044, "delta": 1.176519}}
{"target": -2.0511418203509066, "params": {"C": 108.24164503987403, "epsilon": 0.04944851568672495, "gamma": 0.04906095758413816}, "datetime": {"datetime": "2021-09-19 08:33:13", "elapsed": 114.417324, "delta": 1.00628}}
{"target": -2.1980851799337504, "params": {"C": 116.27177240985593, "epsilon": 0.03282293429782423, "gamma": 0.11529905975077669}, "datetime": {"datetime": "2021-09-19 08:33:14", "elapsed": 115.243639, "delta": 0.826315}}
{"target": -2.070284726448746, "params": {"C": 108.43761662885885, "epsilon": 0.026767692475143462, "gamma": 0.07025695933358433}, "datetime": {"datetime": "2021-09-19 08:33:15", "elapsed": 116.343627, "delta": 1.099988}}
{"target": -2.1001833746816025, "params": {"C": 145.81035102688026, "epsilon": 0.1318920168163255, "gamma": 0.037785413730138225}, "datetime": {"datetime": "2021-09-19 08:33:16", "elapsed": 117.426772, "delta": 1.083145}}
{"target": -2.078419321707839, "params": {"C": 125.4491163978152, "epsilon": 0.12686419396558782, "gamma": 0.08291041599162799}, "datetime": {"datetime": "2021-09-19 08:33:17", "elapsed": 118.180846, "delta": 0.754074}}
{"target": -2.2451794753230474, "params": {"C": 108.52616482418472, "epsilon": 0.026973708665013856, "gamma": 0.1306221131076929}, "datetime": {"datetime": "2021-09-19 08:33:18", "elapsed": 119.665293, "delta": 1.484447}}
{"target": -2.07821688211114, "params": {"C": 145.86055526809764, "epsilon": 0.08172260005323491, "gamma": 0.061057798710486555}, "datetime": {"datetime": "2021-09-19 08:33:19", "elapsed": 120.941949, "delta": 1.276656}}
{"target": -2.089049058446778, "params": {"C": 145.81040471325827, "epsilon": 0.08054242047408526, "gamma": 0.07377860931343508}, "datetime": {"datetime": "2021-09-19 08:33:21", "elapsed": 122.798266, "delta": 1.856317}}
{"target": -2.0575906613663317, "params": {"C": 108.22421058497619, "epsilon": 0.10809169155408735, "gamma": 0.07112019603071029}, "datetime": {"datetime": "2021-09-19 08:33:22", "elapsed": 123.765986, "delta": 0.96772}}
{"target": -2.0866881376556496, "params": {"C": 108.19372165827458, "epsilon": 0.06745834618636878, "gamma": 0.08788652481652692}, "datetime": {"datetime": "2021-09-19 08:33:23", "elapsed": 124.773376, "delta": 1.00739}}
{"target": -2.2131255564397527, "params": {"C": 120.3608332486543, "epsilon": 0.14823013243605718, "gamma": 0.03135444773728335}, "datetime": {"datetime": "2021-09-19 08:33:25", "elapsed": 126.126596, "delta": 1.35322}}
{"target": -2.058679951682429, "params": {"C": 108.27895551866838, "epsilon": 0.14370339458293702, "gamma": 0.07878283658807726}, "datetime": {"datetime": "2021-09-19 08:33:26", "elapsed": 127.545043, "delta": 1.418447}}
{"target": -2.1518647074181807, "params": {"C": 112.71592937136734, "epsilon": 0.028452060511104847, "gamma": 0.10434642657342283}, "datetime": {"datetime": "2021-09-19 08:33:27", "elapsed": 128.372315, "delta": 0.827272}}
{"target": -2.1146700680674013, "params": {"C": 108.1913602899745, "epsilon": 0.14867179548319046, "gamma": 0.09722478395041313}, "datetime": {"datetime": "2021-09-19 08:33:28", "elapsed": 129.456819, "delta": 1.084504}}
{"target": -2.1026638070247836, "params": {"C": 108.25644202558479, "epsilon": 0.09037441335442067, "gamma": 0.04214727029676628}, "datetime": {"datetime": "2021-09-19 08:33:29", "elapsed": 130.839112, "delta": 1.382293}}
{"target": -2.1201876006607283, "params": {"C": 107.00943764382588, "epsilon": 0.14672998126718956, "gamma": 0.0987797687510804}, "datetime": {"datetime": "2021-09-19 08:33:30", "elapsed": 131.632256, "delta": 0.793144}}
{"target": -2.264045127233603, "params": {"C": 125.99627835523641, "epsilon": 0.048062508619379204, "gamma": 0.13451044503160112}, "datetime": {"datetime": "2021-09-19 08:33:31", "elapsed": 132.453838, "delta": 0.821582}}
{"target": -2.277640592803409, "params": {"C": 108.26646664409262, "epsilon": 0.13123047078700711, "gamma": 0.14367661093795284}, "datetime": {"datetime": "2021-09-19 08:33:32", "elapsed": 133.724951, "delta": 1.271113}}
{"target": -2.1161275707707357, "params": {"C": 130.28724986553038, "epsilon": 0.0471422494992136, "gamma": 0.038963152560911624}, "datetime": {"datetime": "2021-09-19 08:33:33", "elapsed": 134.921407, "delta": 1.196456}}
{"target": -2.0722998982669654, "params": {"C": 105.09191861761651, "epsilon": 0.059261962979803254, "gamma": 0.04714364905294821}, "datetime": {"datetime": "2021-09-19 08:33:34", "elapsed": 135.723961, "delta": 0.802554}}
{"target": -2.1334410778735706, "params": {"C": 108.19984749080085, "epsilon": 0.06488827973666791, "gamma": 0.03870521489256361}, "datetime": {"datetime": "2021-09-19 08:33:36", "elapsed": 137.439812, "delta": 1.715851}}
{"target": -2.032554126252049, "params": {"C": 108.23917148341714, "epsilon": 0.15, "gamma": 0.04896847481236535}, "datetime": {"datetime": "2021-09-19 08:33:38", "elapsed": 139.341639, "delta": 1.901827}}
{"target": -2.0649278223171814, "params": {"C": 105.05367715748962, "epsilon": 0.027366139568282117, "gamma": 0.06903983656919244}, "datetime": {"datetime": "2021-09-19 08:33:39", "elapsed": 140.651435, "delta": 1.309796}}
{"target": -2.1816601077410986, "params": {"C": 115.96151461411807, "epsilon": 0.13786875239097726, "gamma": 0.11809595219027019}, "datetime": {"datetime": "2021-09-19 08:33:40", "elapsed": 141.587215, "delta": 0.93578}}
{"target": -2.442914728362207, "params": {"C": 175.0564095371051, "epsilon": 0.09576632154712712, "gamma": 0.17107169439777895}, "datetime": {"datetime": "2021-09-19 08:33:41", "elapsed": 142.500613, "delta": 0.913398}}
{"target": -2.134433889036513, "params": {"C": 105.10109795034424, "epsilon": 0.03879417347225793, "gamma": 0.0999541037406125}, "datetime": {"datetime": "2021-09-19 08:33:42", "elapsed": 143.54272, "delta": 1.042107}}
{"target": -2.1719852018699517, "params": {"C": 108.23469412660565, "epsilon": 0.04659050879161657, "gamma": 0.11032988853729185}, "datetime": {"datetime": "2021-09-19 08:33:43", "elapsed": 144.841173, "delta": 1.298453}}
{"target": -2.086352662639913, "params": {"C": 105.2064926312335, "epsilon": 0.020485056549746212, "gamma": 0.08700206385195208}, "datetime": {"datetime": "2021-09-19 08:33:45", "elapsed": 146.301853, "delta": 1.46068}}
{"target": -2.0700426121274815, "params": {"C": 145.8817250275914, "epsilon": 0.13236290686407093, "gamma": 0.055908567564280746}, "datetime": {"datetime": "2021-09-19 08:33:46", "elapsed": 147.531772, "delta": 1.229919}}
{"target": -2.1434326763038305, "params": {"C": 145.92255458446925, "epsilon": 0.09226596316648857, "gamma": 0.03475211544448764}, "datetime": {"datetime": "2021-09-19 08:33:48", "elapsed": 149.190546, "delta": 1.658774}}
{"target": -2.157150000670359, "params": {"C": 108.68704808657354, "epsilon": 0.020502872352611612, "gamma": 0.03731297186554342}, "datetime": {"datetime": "2021-09-19 08:33:49", "elapsed": 150.95134, "delta": 1.760794}}
{"target": -2.373320478197908, "params": {"C": 120.58780847998935, "epsilon": 0.10088874363017931, "gamma": 0.16663674872509723}, "datetime": {"datetime": "2021-09-19 08:33:51", "elapsed": 152.112528, "delta": 1.161188}}
{"target": -2.2019202789438235, "params": {"C": 105.00995954343699, "epsilon": 0.059853386153179824, "gamma": 0.034036857743116704}, "datetime": {"datetime": "2021-09-19 08:33:52", "elapsed": 153.736793, "delta": 1.624265}}
{"target": -2.093820357913673, "params": {"C": 108.19281911633533, "epsilon": 0.13057576198394108, "gamma": 0.042809556913246366}, "datetime": {"datetime": "2021-09-19 08:33:54", "elapsed": 155.07806, "delta": 1.341267}}
{"target": -2.1606246357410175, "params": {"C": 125.26927757897245, "epsilon": 0.08020359690580407, "gamma": 0.03483029349001647}, "datetime": {"datetime": "2021-09-19 08:33:55", "elapsed": 156.308582, "delta": 1.230522}}
{"target": -2.1776122812161645, "params": {"C": 105.18128272374062, "epsilon": 0.028667469024531184, "gamma": 0.03586568295429848}, "datetime": {"datetime": "2021-09-19 08:33:57", "elapsed": 158.012925, "delta": 1.704343}}
{"target": -2.0880432150445882, "params": {"C": 129.43387957130537, "epsilon": 0.08766406513720956, "gamma": 0.041886925298172215}, "datetime": {"datetime": "2021-09-19 08:33:58", "elapsed": 159.830991, "delta": 1.818066}}
{"target": -2.337538347112952, "params": {"C": 111.7073412951825, "epsilon": 0.12089381556777495, "gamma": 0.16058406072359435}, "datetime": {"datetime": "2021-09-19 08:33:59", "elapsed": 160.6744, "delta": 0.843409}}
{"target": -2.221579097962701, "params": {"C": 105.0975795969887, "epsilon": 0.02165006575578744, "gamma": 0.033308736002430214}, "datetime": {"datetime": "2021-09-19 08:34:01", "elapsed": 162.176296, "delta": 1.501896}}
{"target": -2.0857546896911856, "params": {"C": 105.09220177934002, "epsilon": 0.0964110409326805, "gamma": 0.08854274338876628}, "datetime": {"datetime": "2021-09-19 08:34:02", "elapsed": 163.509036, "delta": 1.33274}}
{"target": -2.0739689596294055, "params": {"C": 129.39505949956526, "epsilon": 0.07684774936161676, "gamma": 0.07412945297496099}, "datetime": {"datetime": "2021-09-19 08:34:04", "elapsed": 165.082413, "delta": 1.573377}}
{"target": -2.309183534506232, "params": {"C": 123.14314853814712, "epsilon": 0.06122999624899736, "gamma": 0.14639924423538958}, "datetime": {"datetime": "2021-09-19 08:34:04", "elapsed": 165.939914, "delta": 0.857501}}
{"target": -2.461886457124423, "params": {"C": 154.5424981922897, "epsilon": 0.07974833669060168, "gamma": 0.1875479810368885}, "datetime": {"datetime": "2021-09-19 08:34:05", "elapsed": 166.891515, "delta": 0.951601}}
{"target": -2.047994048033663, "params": {"C": 129.39370784492075, "epsilon": 0.12874024909186438, "gamma": 0.053493984900461575}, "datetime": {"datetime": "2021-09-19 08:34:07", "elapsed": 168.06073, "delta": 1.169215}}
{"target": -2.0829864303074617, "params": {"C": 129.3340024602045, "epsilon": 0.09603577329805331, "gamma": 0.08345338793323795}, "datetime": {"datetime": "2021-09-19 08:34:08", "elapsed": 169.293637, "delta": 1.232907}}
{"target": -2.169514527930376, "params": {"C": 129.3629374927018, "epsilon": 0.09155561407584592, "gamma": 0.03383804911747215}, "datetime": {"datetime": "2021-09-19 08:34:10", "elapsed": 171.277879, "delta": 1.984242}}
{"target": -2.0861998689611965, "params": {"C": 129.42157842375255, "epsilon": 0.11289288497930507, "gamma": 0.08669854203758237}, "datetime": {"datetime": "2021-09-19 08:34:12", "elapsed": 173.177953, "delta": 1.900074}}
{"target": -2.3599959923633445, "params": {"C": 113.3320186355638, "epsilon": 0.12561919958137305, "gamma": 0.1667178411847196}, "datetime": {"datetime": "2021-09-19 08:34:13", "elapsed": 174.071203, "delta": 0.89325}}
{"target": -2.145347645105062, "params": {"C": 129.35266351665186, "epsilon": 0.13694857894997545, "gamma": 0.10496521746751483}, "datetime": {"datetime": "2021-09-19 08:34:14", "elapsed": 175.450529, "delta": 1.379326}}
{"target": -2.0409566000198525, "params": {"C": 120.38993996901783, "epsilon": 0.1375203007859951, "gamma": 0.055051568771607856}, "datetime": {"datetime": "2021-09-19 08:34:15", "elapsed": 176.306868, "delta": 0.856339}}
{"target": -2.2154720802856516, "params": {"C": 129.33197941046302, "epsilon": 0.04260527877934743, "gamma": 0.11918343327256807}, "datetime": {"datetime": "2021-09-19 08:34:17", "elapsed": 178.556307, "delta": 2.249439}}
{"target": -2.050236525501504, "params": {"C": 129.45237422842877, "epsilon": 0.13633616385894826, "gamma": 0.05498042874726895}, "datetime": {"datetime": "2021-09-19 08:34:19", "elapsed": 180.223504, "delta": 1.667197}}
{"target": -2.1235644719479985, "params": {"C": 129.50582863578734, "epsilon": 0.14260519997577092, "gamma": 0.03633382298517838}, "datetime": {"datetime": "2021-09-19 08:34:20", "elapsed": 181.834327, "delta": 1.610823}}
{"target": -2.1039680823361095, "params": {"C": 198.0510906865982, "epsilon": 0.08162600937772, "gamma": 0.05081375798210687}, "datetime": {"datetime": "2021-09-19 08:34:21", "elapsed": 182.733761, "delta": 0.899434}}
{"target": -2.1960238071833325, "params": {"C": 125.37247231339838, "epsilon": 0.1143158252630167, "gamma": 0.11838240233142193}, "datetime": {"datetime": "2021-09-19 08:34:23", "elapsed": 184.450135, "delta": 1.716374}}
{"target": -2.211349442691917, "params": {"C": 105.02992956000438, "epsilon": 0.04894741902039756, "gamma": 0.12265949294581212}, "datetime": {"datetime": "2021-09-19 08:34:24", "elapsed": 185.877544, "delta": 1.427409}}
{"target": -2.2335127131447092, "params": {"C": 145.82502803989556, "epsilon": 0.043148612715152, "gamma": 0.03}, "datetime": {"datetime": "2021-09-19 08:34:26", "elapsed": 187.893513, "delta": 2.015969}}
{"target": -2.0865708924403403, "params": {"C": 112.81767821233109, "epsilon": 0.08397480479273028, "gamma": 0.08762461544865897}, "datetime": {"datetime": "2021-09-19 08:34:28", "elapsed": 189.60752, "delta": 1.714007}}
{"target": -2.065201836766704, "params": {"C": 112.76920669604822, "epsilon": 0.06703109728773597, "gamma": 0.06812282909769599}, "datetime": {"datetime": "2021-09-19 08:34:30", "elapsed": 191.101031, "delta": 1.493511}}
{"target": -2.1024371957906953, "params": {"C": 112.79943124943198, "epsilon": 0.11025573575643385, "gamma": 0.0411090286077229}, "datetime": {"datetime": "2021-09-19 08:34:31", "elapsed": 192.33353, "delta": 1.232499}}
{"target": -2.1344915597480876, "params": {"C": 112.7733828477102, "epsilon": 0.11933636538897313, "gamma": 0.10165757985662532}, "datetime": {"datetime": "2021-09-19 08:34:33", "elapsed": 194.036634, "delta": 1.703104}}
{"target": -2.1123839907465882, "params": {"C": 112.79281422444167, "epsilon": 0.04529020429757069, "gamma": 0.04075628043009665}, "datetime": {"datetime": "2021-09-19 08:34:34", "elapsed": 195.675747, "delta": 1.639113}}
{"target": -2.050172784799389, "params": {"C": 105.20489460765243, "epsilon": 0.1452227700162203, "gamma": 0.07578397845321772}, "datetime": {"datetime": "2021-09-19 08:34:37", "elapsed": 198.114192, "delta": 2.438445}}
{"target": -2.2279849624868113, "params": {"C": 112.78972162632704, "epsilon": 0.046809307699478435, "gamma": 0.12576045337722586}, "datetime": {"datetime": "2021-09-19 08:34:38", "elapsed": 199.69575, "delta": 1.581558}}
{"target": -2.1592423761496833, "params": {"C": 108.27843818677158, "epsilon": 0.1437006807244626, "gamma": 0.03535101807816231}, "datetime": {"datetime": "2021-09-19 08:34:40", "elapsed": 201.211986, "delta": 1.516236}}
{"target": -2.0873811813994636, "params": {"C": 198.93790172745332, "epsilon": 0.14143477056700718, "gamma": 0.039386088035178235}, "datetime": {"datetime": "2021-09-19 08:34:41", "elapsed": 202.1211, "delta": 0.909114}}
{"target": -2.053297460699064, "params": {"C": 112.87428410301649, "epsilon": 0.08154993770164665, "gamma": 0.06195151684503664}, "datetime": {"datetime": "2021-09-19 08:34:42", "elapsed": 203.445359, "delta": 1.324259}}
{"target": -2.126772525943867, "params": {"C": 129.4224980470284, "epsilon": 0.14786024176074256, "gamma": 0.036021762662577506}, "datetime": {"datetime": "2021-09-19 08:34:44", "elapsed": 205.363922, "delta": 1.918563}}
{"target": -2.059336407780817, "params": {"C": 112.87884204003208, "epsilon": 0.02975496197190125, "gamma": 0.061998563000023744}, "datetime": {"datetime": "2021-09-19 08:34:46", "elapsed": 207.149821, "delta": 1.785899}}
{"target": -2.232335074485622, "params": {"C": 112.8774767974619, "epsilon": 0.03855574880031731, "gamma": 0.12648872896083727}, "datetime": {"datetime": "2021-09-19 08:34:48", "elapsed": 209.761924, "delta": 2.612103}}
{"target": -2.162755800755672, "params": {"C": 112.9074392506424, "epsilon": 0.07345333531589475, "gamma": 0.03571354684054031}, "datetime": {"datetime": "2021-09-19 08:34:50", "elapsed": 211.576702, "delta": 1.814778}}
{"target": -2.1406541257554053, "params": {"C": 129.46193292393266, "epsilon": 0.04610409283014795, "gamma": 0.03674101539394701}, "datetime": {"datetime": "2021-09-19 08:34:52", "elapsed": 213.5084, "delta": 1.931698}}
{"target": -2.1928299639487863, "params": {"C": 112.71158645602047, "epsilon": 0.08373869833579166, "gamma": 0.03362620285804541}, "datetime": {"datetime": "2021-09-19 08:34:53", "elapsed": 214.976866, "delta": 1.468466}}
{"target": -2.1266520397703172, "params": {"C": 112.84024998352119, "epsilon": 0.06983924729805677, "gamma": 0.03891227636685384}, "datetime": {"datetime": "2021-09-19 08:34:56", "elapsed": 217.388042, "delta": 2.411176}}
{"target": -2.072407414564135, "params": {"C": 141.32314853666452, "epsilon": 0.06110814637207537, "gamma": 0.05543808089976748}, "datetime": {"datetime": "2021-09-19 08:34:57", "elapsed": 218.407158, "delta": 1.019116}}
{"target": -2.1515452069196606, "params": {"C": 197.4208785714071, "epsilon": 0.11179536724057719, "gamma": 0.09619625676444445}, "datetime": {"datetime": "2021-09-19 08:34:58", "elapsed": 219.539897, "delta": 1.132739}}
{"target": -2.0985472574185793, "params": {"C": 141.3072475016329, "epsilon": 0.09654102404076673, "gamma": 0.08900160236493168}, "datetime": {"datetime": "2021-09-19 08:35:00", "elapsed": 221.320771, "delta": 1.780874}}
{"target": -2.1234876111835614, "params": {"C": 141.36397920907135, "epsilon": 0.0778298388550754, "gamma": 0.0954069662932891}, "datetime": {"datetime": "2021-09-19 08:35:02", "elapsed": 223.02622, "delta": 1.705449}}
{"target": -2.3713895943457843, "params": {"C": 156.92704518391812, "epsilon": 0.0794441484540358, "gamma": 0.15207040360222668}, "datetime": {"datetime": "2021-09-19 08:35:03", "elapsed": 224.071096, "delta": 1.044876}}
{"target": -2.074235192024856, "params": {"C": 112.86180783300271, "epsilon": 0.14874266378560208, "gamma": 0.0834116304416205}, "datetime": {"datetime": "2021-09-19 08:35:04", "elapsed": 225.672108, "delta": 1.601012}}
{"target": -2.1402277824729823, "params": {"C": 112.86344198937473, "epsilon": 0.1346215106592565, "gamma": 0.03658871033044652}, "datetime": {"datetime": "2021-09-19 08:35:06", "elapsed": 227.203362, "delta": 1.531254}}
{"target": -2.0984734965210703, "params": {"C": 146.46307059116464, "epsilon": 0.08402719392760329, "gamma": 0.08423173414135714}, "datetime": {"datetime": "2021-09-19 08:35:07", "elapsed": 228.266158, "delta": 1.062796}}
{"target": -2.0976522746430644, "params": {"C": 197.5518595722145, "epsilon": 0.05612480061569339, "gamma": 0.046143200157738734}, "datetime": {"datetime": "2021-09-19 08:35:08", "elapsed": 229.284321, "delta": 1.018163}}
{"target": -2.20493027569004, "params": {"C": 153.18701708937863, "epsilon": 0.06359947260259229, "gamma": 0.030830337357971412}, "datetime": {"datetime": "2021-09-19 08:35:09", "elapsed": 230.356644, "delta": 1.072323}}
{"target": -2.3339373088737987, "params": {"C": 138.31056616355752, "epsilon": 0.11698092339182965, "gamma": 0.1497573787392321}, "datetime": {"datetime": "2021-09-19 08:35:10", "elapsed": 231.498184, "delta": 1.14154}}
{"target": -2.126451108627724, "params": {"C": 141.2993388572126, "epsilon": 0.032713188310310504, "gamma": 0.09548787684314368}, "datetime": {"datetime": "2021-09-19 08:35:12", "elapsed": 233.652864, "delta": 2.15468}}
{"target": -2.1334930792649986, "params": {"C": 112.91641504531513, "epsilon": 0.11335481444955163, "gamma": 0.10107690058919923}, "datetime": {"datetime": "2021-09-19 08:35:14", "elapsed": 235.374382, "delta": 1.721518}}
{"target": -2.1705644748071387, "params": {"C": 130.28227525237895, "epsilon": 0.05066066246881236, "gamma": 0.1066074002207336}, "datetime": {"datetime": "2021-09-19 08:35:16", "elapsed": 237.085707, "delta": 1.711325}}
{"target": -2.130525788729404, "params": {"C": 105.0853251921209, "epsilon": 0.11107564264757903, "gamma": 0.03840519746625947}, "datetime": {"datetime": "2021-09-19 08:35:17", "elapsed": 238.623265, "delta": 1.537558}}
{"target": -2.2142625818527875, "params": {"C": 141.33137735535175, "epsilon": 0.10935256181112696, "gamma": 0.030391819845246536}, "datetime": {"datetime": "2021-09-19 08:35:20", "elapsed": 241.241994, "delta": 2.618729}}
{"target": -2.251345057274694, "params": {"C": 112.83593256103345, "epsilon": 0.14481888764760215, "gamma": 0.13600944966549816}, "datetime": {"datetime": "2021-09-19 08:35:22", "elapsed": 243.379712, "delta": 2.137718}}
{"target": -2.18069227800402, "params": {"C": 141.3492050361873, "epsilon": 0.025277237533642354, "gamma": 0.033402349871028185}, "datetime": {"datetime": "2021-09-19 08:35:24", "elapsed": 245.721062, "delta": 2.34135}}
{"target": -2.079975541736825, "params": {"C": 129.49280321516198, "epsilon": 0.14336782224763128, "gamma": 0.08535954636632301}, "datetime": {"datetime": "2021-09-19 08:35:27", "elapsed": 248.046662, "delta": 2.3256}}
{"target": -2.1178838154882036, "params": {"C": 167.28302127222648, "epsilon": 0.05272992183322532, "gamma": 0.07286561319962964}, "datetime": {"datetime": "2021-09-19 08:35:28", "elapsed": 249.081418, "delta": 1.034756}}
