{"target": 0.8858442620027733, "params": {"C": 71.75319804232316, "epsilon": 0.33911186293093, "gamma": 0.05000343124452035}, "datetime": {"datetime": "2021-09-18 12:12:06", "elapsed": 0.0, "delta": 0.0}}
{"target": 0.886274151342053, "params": {"C": 70.72099315368656, "epsilon": 0.0706817569024089, "gamma": 0.052770157843063936}, "datetime": {"datetime": "2021-09-18 12:12:06", "elapsed": 0.050958, "delta": 0.050958}}
{"target": 0.8932307996795317, "params": {"C": 69.67634190239903, "epsilon": 0.16372242025614633, "gamma": 0.0619030242269201}, "datetime": {"datetime": "2021-09-18 12:12:06", "elapsed": 0.101003, "delta": 0.050045}}
{"target": 0.896611920077929, "params": {"C": 72.84935060603021, "epsilon": 0.19818303274074195, "gamma": 0.07055658501190279}, "datetime": {"datetime": "2021-09-18 12:12:06", "elapsed": 0.156303, "delta": 0.0553}}
{"target": 0.8864068178847185, "params": {"C": 69.84007024758365, "epsilon": 0.41295896023096246, "gamma": 0.05082162779593779}, "datetime": {"datetime": "2021-09-18 12:12:06", "elapsed": 0.2003, "delta": 0.043997}}
{"target": 0.8973907511580509, "params": {"C": 71.382563426879, "epsilon": 0.37166315439218, "gamma": 0.07323340706285862}, "datetime": {"datetime": "2021-09-18 12:12:06", "elapsed": 0.30431, "delta": 0.10401}}
{"target": 0.8901122129322061, "params": {"C": 72.79068128285675, "epsilon": 0.3704957161197656, "gamma": 0.05524699324342244}, "datetime": {"datetime": "2021-09-18 12:12:07", "elapsed": 0.393309, "delta": 0.088999}}
{"target": 0.8971092234725505, "params": {"C": 73.36260000556386, "epsilon": 0.1241596570847128, "gamma": 0.07240186868051263}, "datetime": {"datetime": "2021-09-18 12:12:07", "elapsed": 0.493301, "delta": 0.099992}}
{"target": 0.8973391412790094, "params": {"C": 70.04763381204202, "epsilon": 0.07481611877768576, "gamma": 0.07841910353231502}, "datetime": {"datetime": "2021-09-18 12:12:07", "elapsed": 0.593345, "delta": 0.100044}}
{"target": 0.8905013809027895, "params": {"C": 74.53630446693099, "epsilon": 0.3429904224821238, "gamma": 0.05584064094746826}, "datetime": {"datetime": "2021-09-18 12:12:07", "elapsed": 0.688311, "delta": 0.094966}}
{"target": 0.8945361479937524, "params": {"C": 72.23222021608467, "epsilon": 0.20019458891888234, "gamma": 0.06415738010920799}, "datetime": {"datetime": "2021-09-18 12:12:07", "elapsed": 0.78931, "delta": 0.100999}}
{"target": 0.8950793122708373, "params": {"C": 76.59901017987076, "epsilon": 0.31278542261407827, "gamma": 0.06412161919787547}, "datetime": {"datetime": "2021-09-18 12:12:07", "elapsed": 0.890311, "delta": 0.101001}}
{"target": 0.898352833523892, "params": {"C": 72.39859450587367, "epsilon": 0.3956716193067042, "gamma": 0.07937205315093732}, "datetime": {"datetime": "2021-09-18 12:12:07", "elapsed": 0.991307, "delta": 0.100996}}
{"target": 0.8977389716111459, "params": {"C": 70.90225483493168, "epsilon": 0.3593345900277812, "gamma": 0.07570884996730444}, "datetime": {"datetime": "2021-09-18 12:12:07", "elapsed": 1.102054, "delta": 0.110747}}
{"target": 0.89857182529905, "params": {"C": 75.69452636043923, "epsilon": 0.3386567618149809, "gamma": 0.0773591277082982}, "datetime": {"datetime": "2021-09-18 12:12:07", "elapsed": 1.209306, "delta": 0.107252}}
{"target": 0.8935004367594863, "params": {"C": 74.09400373640892, "epsilon": 0.25842236798534995, "gamma": 0.06149627501416115}, "datetime": {"datetime": "2021-09-18 12:12:08", "elapsed": 1.313295, "delta": 0.103989}}
{"target": 0.891232629304021, "params": {"C": 69.26680490902777, "epsilon": 0.06722963262839393, "gamma": 0.05950496935553643}, "datetime": {"datetime": "2021-09-18 12:12:08", "elapsed": 1.423295, "delta": 0.11}}
{"target": 0.8873361802297481, "params": {"C": 70.46600420915723, "epsilon": 0.3597150529904296, "gamma": 0.05200611636980945}, "datetime": {"datetime": "2021-09-18 12:12:08", "elapsed": 1.531295, "delta": 0.108}}
{"target": 0.8926948789925299, "params": {"C": 76.45396603422759, "epsilon": 0.4465761578216086, "gamma": 0.058373942712224194}, "datetime": {"datetime": "2021-09-18 12:12:08", "elapsed": 1.651339, "delta": 0.120044}}
{"target": 0.8872858577885325, "params": {"C": 73.38381816555282, "epsilon": 0.05474456282084621, "gamma": 0.05350332529053284}, "datetime": {"datetime": "2021-09-18 12:12:08", "elapsed": 1.765295, "delta": 0.113956}}
{"target": 0.8964244341603309, "params": {"C": 73.52262194646096, "epsilon": 0.2628594071600627, "gamma": 0.0696082076090534}, "datetime": {"datetime": "2021-09-18 12:12:08", "elapsed": 1.87934, "delta": 0.114045}}
{"target": 0.8965718006778193, "params": {"C": 68.15131398526336, "epsilon": 0.12291099971491656, "gamma": 0.07401754117082787}, "datetime": {"datetime": "2021-09-18 12:12:08", "elapsed": 2.003346, "delta": 0.124006}}
{"target": 0.8973523082847379, "params": {"C": 70.81093434406345, "epsilon": 0.2576489128225926, "gamma": 0.07480274788903565}, "datetime": {"datetime": "2021-09-18 12:12:08", "elapsed": 2.132633, "delta": 0.129287}}
{"target": 0.8951576442139445, "params": {"C": 72.17565466227134, "epsilon": 0.06557700796204541, "gamma": 0.06701999915080813}, "datetime": {"datetime": "2021-09-18 12:12:08", "elapsed": 2.264678, "delta": 0.132045}}
{"target": 0.8988414464361423, "params": {"C": 76.20261303188325, "epsilon": 0.2934116934040004, "gamma": 0.07907845284893142}, "datetime": {"datetime": "2021-09-18 12:12:09", "elapsed": 2.398678, "delta": 0.134}}
{"target": 0.8963219335657406, "params": {"C": 75.2364122413235, "epsilon": 0.15080504496182934, "gamma": 0.06819588257263949}, "datetime": {"datetime": "2021-09-18 12:12:09", "elapsed": 2.538772, "delta": 0.140094}}
{"target": 0.8958934760187119, "params": {"C": 70.0703766366188, "epsilon": 0.032320230605927355, "gamma": 0.07111536942253666}, "datetime": {"datetime": "2021-09-18 12:12:09", "elapsed": 2.675634, "delta": 0.136862}}
{"target": 0.8925168011213875, "params": {"C": 76.22165898839754, "epsilon": 0.2767024690220031, "gamma": 0.059047907397553445}, "datetime": {"datetime": "2021-09-18 12:12:09", "elapsed": 2.798668, "delta": 0.123034}}
{"target": 0.8933199352562323, "params": {"C": 73.38620181088864, "epsilon": 0.055881451159781735, "gamma": 0.06227513754327842}, "datetime": {"datetime": "2021-09-18 12:12:09", "elapsed": 2.928668, "delta": 0.13}}
{"target": 0.8925001285571726, "params": {"C": 75.5528357887951, "epsilon": 0.1978629040340292, "gamma": 0.058882682521219434}, "datetime": {"datetime": "2021-09-18 12:12:09", "elapsed": 3.054672, "delta": 0.126004}}
{"target": 0.8975105231932549, "params": {"C": 70.81705652356764, "epsilon": 0.253863944140104, "gamma": 0.07564496046326985}, "datetime": {"datetime": "2021-09-18 12:12:09", "elapsed": 3.202632, "delta": 0.14796}}
{"target": 0.896642290437491, "params": {"C": 72.1762318285976, "epsilon": 0.0676393349431711, "gamma": 0.07242021530373313}, "datetime": {"datetime": "2021-09-18 12:12:10", "elapsed": 3.340669, "delta": 0.138037}}
{"target": 0.8939379937819799, "params": {"C": 70.81309586456719, "epsilon": 0.2505460026002541, "gamma": 0.063607757081222}, "datetime": {"datetime": "2021-09-18 12:12:10", "elapsed": 3.507928, "delta": 0.167259}}
{"target": 0.8986752340877118, "params": {"C": 76.19680941323846, "epsilon": 0.27910291632893475, "gamma": 0.07685473814961033}, "datetime": {"datetime": "2021-09-18 12:12:10", "elapsed": 3.676972, "delta": 0.169044}}
{"target": 0.8944069136904067, "params": {"C": 76.19319448832312, "epsilon": 0.2849728110769644, "gamma": 0.06285417116920268}, "datetime": {"datetime": "2021-09-18 12:12:10", "elapsed": 3.901575, "delta": 0.224603}}
{"target": 0.894843955271929, "params": {"C": 69.96438491203885, "epsilon": 0.34896325255893, "gamma": 0.06606133803636899}, "datetime": {"datetime": "2021-09-18 12:12:10", "elapsed": 4.06816, "delta": 0.166585}}
{"target": 0.8918388678754554, "params": {"C": 68.92881141209752, "epsilon": 0.028745670179599468, "gamma": 0.061089382346330955}, "datetime": {"datetime": "2021-09-18 12:12:10", "elapsed": 4.226155, "delta": 0.157995}}
{"target": 0.8862583992815786, "params": {"C": 71.93224046291168, "epsilon": 0.09254513234423228, "gamma": 0.05227297745545983}, "datetime": {"datetime": "2021-09-18 12:12:11", "elapsed": 4.387378, "delta": 0.161223}}
{"target": 0.8985716923017978, "params": {"C": 75.6819458521739, "epsilon": 0.3344088565977655, "gamma": 0.07712604920023992}, "datetime": {"datetime": "2021-09-18 12:12:11", "elapsed": 4.632326, "delta": 0.244948}}
{"target": 0.898418642615906, "params": {"C": 72.40398575172935, "epsilon": 0.38058689422326913, "gamma": 0.07991013841659755}, "datetime": {"datetime": "2021-09-18 12:12:11", "elapsed": 4.834285, "delta": 0.201959}}
{"target": 0.8948580164265818, "params": {"C": 72.39300784480643, "epsilon": 0.3780012523422634, "gamma": 0.06482399016829646}, "datetime": {"datetime": "2021-09-18 12:12:11", "elapsed": 5.006284, "delta": 0.171999}}
{"target": 0.8954908425522408, "params": {"C": 75.68906315071969, "epsilon": 0.31943738344971534, "gamma": 0.06534865032232445}, "datetime": {"datetime": "2021-09-18 12:12:11", "elapsed": 5.220285, "delta": 0.214001}}
{"target": 0.8856539043732967, "params": {"C": 75.50493563658955, "epsilon": 0.060044780430302654, "gamma": 0.05108594793036099}, "datetime": {"datetime": "2021-09-18 12:12:12", "elapsed": 5.387284, "delta": 0.166999}}
{"target": 0.8973400361560488, "params": {"C": 70.8076058417754, "epsilon": 0.2584568294002441, "gamma": 0.07476318828134533}, "datetime": {"datetime": "2021-09-18 12:12:12", "elapsed": 5.566119, "delta": 0.178835}}
{"target": 0.8888374263712294, "params": {"C": 70.29254309625426, "epsilon": 0.39768936851760694, "gamma": 0.05391970435669622}, "datetime": {"datetime": "2021-09-18 12:12:12", "elapsed": 5.744382, "delta": 0.178263}}
{"target": 0.8986940155477924, "params": {"C": 75.68300321413818, "epsilon": 0.3344260810722282, "gamma": 0.07951685038747583}, "datetime": {"datetime": "2021-09-18 12:12:12", "elapsed": 5.920384, "delta": 0.176002}}
{"target": 0.8915194708895928, "params": {"C": 70.91420492938906, "epsilon": 0.3464384883817328, "gamma": 0.058668478561359885}, "datetime": {"datetime": "2021-09-18 12:12:12", "elapsed": 6.116759, "delta": 0.196375}}
{"target": 0.8984765683907919, "params": {"C": 75.2978274838675, "epsilon": 0.3517111588352215, "gamma": 0.07668586992038924}, "datetime": {"datetime": "2021-09-18 12:12:12", "elapsed": 6.303511, "delta": 0.186752}}
{"target": 0.8948277877711824, "params": {"C": 72.41667106863521, "epsilon": 0.4001535408076359, "gamma": 0.06470049965337452}, "datetime": {"datetime": "2021-09-18 12:12:13", "elapsed": 6.585179, "delta": 0.281668}}
{"target": 0.8931850531265451, "params": {"C": 70.4180997421582, "epsilon": 0.31236167186032676, "gamma": 0.06229197868527862}, "datetime": {"datetime": "2021-09-18 12:12:13", "elapsed": 6.778224, "delta": 0.193045}}
{"target": 0.892467535855534, "params": {"C": 75.28626591620824, "epsilon": 0.3626029988125101, "gamma": 0.058877845962988895}, "datetime": {"datetime": "2021-09-18 12:12:13", "elapsed": 7.061151, "delta": 0.282927}}
{"target": 0.8979321581894718, "params": {"C": 75.30108812182289, "epsilon": 0.3260607742185262, "gamma": 0.0728374335296065}, "datetime": {"datetime": "2021-09-18 12:12:13", "elapsed": 7.283113, "delta": 0.221962}}
{"target": 0.8986594280063691, "params": {"C": 75.26975836207751, "epsilon": 0.3337548341875337, "gamma": 0.07979605530507147}, "datetime": {"datetime": "2021-09-18 12:12:14", "elapsed": 7.520112, "delta": 0.236999}}
{"target": 0.8915505471416059, "params": {"C": 75.2855165404601, "epsilon": 0.3272820733935419, "gamma": 0.0577092080342258}, "datetime": {"datetime": "2021-09-18 12:12:14", "elapsed": 7.790072, "delta": 0.26996}}
{"target": 0.8961638964257819, "params": {"C": 75.32697040033982, "epsilon": 0.34791902005160147, "gamma": 0.06696508712133029}, "datetime": {"datetime": "2021-09-18 12:12:14", "elapsed": 8.018116, "delta": 0.228044}}
{"target": 0.8980106265843508, "params": {"C": 70.89848986764724, "epsilon": 0.38281142131672746, "gamma": 0.0779523683174431}, "datetime": {"datetime": "2021-09-18 12:12:14", "elapsed": 8.259034, "delta": 0.240918}}
{"target": 0.8977691827124723, "params": {"C": 68.37983524507594, "epsilon": 0.30977572104232026, "gamma": 0.07973510133971477}, "datetime": {"datetime": "2021-09-18 12:12:15", "elapsed": 8.471032, "delta": 0.211998}}
{"target": 0.8986938522878433, "params": {"C": 75.31168398972815, "epsilon": 0.33857622118232217, "gamma": 0.08}, "datetime": {"datetime": "2021-09-18 12:12:15", "elapsed": 8.746939, "delta": 0.275907}}
{"target": 0.8978093044840854, "params": {"C": 68.97775586192898, "epsilon": 0.3836131216120122, "gamma": 0.07923888781036287}, "datetime": {"datetime": "2021-09-18 12:12:15", "elapsed": 8.952903, "delta": 0.205964}}
{"target": 0.896427895528567, "params": {"C": 70.07014408240958, "epsilon": 0.03440624006720957, "gamma": 0.07365612038418504}, "datetime": {"datetime": "2021-09-18 12:12:15", "elapsed": 9.16794, "delta": 0.215037}}
{"target": 0.8955332126790063, "params": {"C": 68.64720939044655, "epsilon": 0.07505819024730476, "gamma": 0.07032448465695323}, "datetime": {"datetime": "2021-09-18 12:12:16", "elapsed": 9.373939, "delta": 0.205999}}
{"target": 0.8976931106156043, "params": {"C": 70.87998925466113, "epsilon": 0.3667166113539742, "gamma": 0.07541586011078456}, "datetime": {"datetime": "2021-09-18 12:12:16", "elapsed": 9.728179, "delta": 0.35424}}
{"target": 0.8977702360371775, "params": {"C": 73.40113406602832, "epsilon": 0.0646702223744677, "gamma": 0.08}, "datetime": {"datetime": "2021-09-18 12:12:16", "elapsed": 10.051294, "delta": 0.323115}}
{"target": 0.8972067326569888, "params": {"C": 70.04058998813522, "epsilon": 0.046196954872126654, "gamma": 0.08}, "datetime": {"datetime": "2021-09-18 12:12:17", "elapsed": 10.390339, "delta": 0.339045}}
{"target": 0.8961770506801485, "params": {"C": 70.31571600118636, "epsilon": 0.34902536286047725, "gamma": 0.06983064523575758}, "datetime": {"datetime": "2021-09-18 12:12:17", "elapsed": 10.610346, "delta": 0.220007}}
{"target": 0.8973709059589723, "params": {"C": 70.07563992521841, "epsilon": 0.06536425069956704, "gamma": 0.08}, "datetime": {"datetime": "2021-09-18 12:12:17", "elapsed": 10.973267, "delta": 0.362921}}
{"target": 0.8967619685721292, "params": {"C": 70.80522325269051, "epsilon": 0.2609262232443156, "gamma": 0.07267046623821831}, "datetime": {"datetime": "2021-09-18 12:12:17", "elapsed": 11.196132, "delta": 0.222865}}
{"target": 0.8854413860200997, "params": {"C": 70.05946407757587, "epsilon": 0.0667169874384646, "gamma": 0.052054771939311725}, "datetime": {"datetime": "2021-09-18 12:12:18", "elapsed": 11.487659, "delta": 0.291527}}
{"target": 0.8965047564234047, "params": {"C": 68.3596581768781, "epsilon": 0.2914110862205968, "gamma": 0.07334550542537285}, "datetime": {"datetime": "2021-09-18 12:12:18", "elapsed": 11.851601, "delta": 0.363942}}
{"target": 0.8883543955033335, "params": {"C": 71.6551610821653, "epsilon": 0.04864301171590139, "gamma": 0.05527850410560161}, "datetime": {"datetime": "2021-09-18 12:12:18", "elapsed": 12.092427, "delta": 0.240826}}
{"target": 0.898626306723768, "params": {"C": 75.2371173987546, "epsilon": 0.3408120762525723, "gamma": 0.07922034902641473}, "datetime": {"datetime": "2021-09-18 12:12:19", "elapsed": 12.358645, "delta": 0.266218}}
{"target": 0.898578185377156, "params": {"C": 75.2119815755268, "epsilon": 0.3357697112367521, "gamma": 0.07871189726812114}, "datetime": {"datetime": "2021-09-18 12:12:19", "elapsed": 12.769995, "delta": 0.41135}}
{"target": 0.8986937481773128, "params": {"C": 75.68456849335342, "epsilon": 0.3661108913473949, "gamma": 0.07854893011631864}, "datetime": {"datetime": "2021-09-18 12:12:19", "elapsed": 13.067887, "delta": 0.297892}}
{"target": 0.8984842111260968, "params": {"C": 75.71407209174622, "epsilon": 0.36501123414271575, "gamma": 0.07630585953483057}, "datetime": {"datetime": "2021-09-18 12:12:20", "elapsed": 13.426573, "delta": 0.358686}}
{"target": 0.8987330948649997, "params": {"C": 75.21774086813797, "epsilon": 0.36385060847084394, "gamma": 0.08}, "datetime": {"datetime": "2021-09-18 12:12:20", "elapsed": 13.755157, "delta": 0.328584}}
{"target": 0.895371951019596, "params": {"C": 72.1250406465813, "epsilon": 0.4556237833285741, "gamma": 0.06707132196948798}, "datetime": {"datetime": "2021-09-18 12:12:20", "elapsed": 14.005154, "delta": 0.249997}}
{"target": 0.887818521357534, "params": {"C": 75.2193659365082, "epsilon": 0.3407169087900131, "gamma": 0.05143036470679151}, "datetime": {"datetime": "2021-09-18 12:12:21", "elapsed": 14.398233, "delta": 0.393079}}
{"target": 0.8857259289323953, "params": {"C": 69.21020853772846, "epsilon": 0.44128239332261887, "gamma": 0.05028413696580529}, "datetime": {"datetime": "2021-09-18 12:12:21", "elapsed": 14.636228, "delta": 0.237995}}
{"target": 0.8880818123784073, "params": {"C": 75.69600304608011, "epsilon": 0.38514897005672427, "gamma": 0.051314670947688726}, "datetime": {"datetime": "2021-09-18 12:12:21", "elapsed": 15.016874, "delta": 0.380646}}
{"target": 0.8979693350554934, "params": {"C": 70.89660163237508, "epsilon": 0.3841834751095125, "gamma": 0.07767958481129221}, "datetime": {"datetime": "2021-09-18 12:12:21", "elapsed": 15.275204, "delta": 0.25833}}
{"target": 0.8956326366953529, "params": {"C": 75.428716685286, "epsilon": 0.05810940264695299, "gamma": 0.06674926569011189}, "datetime": {"datetime": "2021-09-18 12:12:22", "elapsed": 15.537204, "delta": 0.262}}
{"target": 0.8984886863893444, "params": {"C": 75.65677174716105, "epsilon": 0.36518627694729117, "gamma": 0.07644949501833202}, "datetime": {"datetime": "2021-09-18 12:12:22", "elapsed": 15.800773, "delta": 0.263569}}
{"target": 0.8984087470209569, "params": {"C": 75.74885424843602, "epsilon": 0.3471197801122536, "gamma": 0.0745735749822985}, "datetime": {"datetime": "2021-09-18 12:12:22", "elapsed": 16.198072, "delta": 0.397299}}
{"target": 0.8982915041070192, "params": {"C": 75.7583833129653, "epsilon": 0.38157963422638663, "gamma": 0.07427057714121002}, "datetime": {"datetime": "2021-09-18 12:12:23", "elapsed": 16.602624, "delta": 0.404552}}
{"target": 0.8904030360037375, "params": {"C": 75.7475567294422, "epsilon": 0.36927736577591797, "gamma": 0.05498853960749661}, "datetime": {"datetime": "2021-09-18 12:12:23", "elapsed": 16.906928, "delta": 0.304304}}
{"target": 0.8986033702581776, "params": {"C": 75.7817654576736, "epsilon": 0.3808667944813728, "gamma": 0.07678375856007161}, "datetime": {"datetime": "2021-09-18 12:12:23", "elapsed": 17.223705, "delta": 0.316777}}
{"target": 0.897234724407656, "params": {"C": 75.13359843875025, "epsilon": 0.06794266344214542, "gamma": 0.07376784802218173}, "datetime": {"datetime": "2021-09-18 12:12:24", "elapsed": 17.501451, "delta": 0.277746}}
{"target": 0.8987186611451756, "params": {"C": 75.78078512679011, "epsilon": 0.4109500552800789, "gamma": 0.07949370787762455}, "datetime": {"datetime": "2021-09-18 12:12:24", "elapsed": 17.840264, "delta": 0.338813}}
{"target": 0.8876372806311095, "params": {"C": 71.5100965901079, "epsilon": 0.018515875595870486, "gamma": 0.05464550979043865}, "datetime": {"datetime": "2021-09-18 12:12:24", "elapsed": 18.120255, "delta": 0.279991}}
{"target": 0.8987282543218731, "params": {"C": 75.2442817728218, "epsilon": 0.3122394783390496, "gamma": 0.08}, "datetime": {"datetime": "2021-09-18 12:12:25", "elapsed": 18.495336, "delta": 0.375081}}
{"target": 0.8986380682717354, "params": {"C": 75.73426946297621, "epsilon": 0.32050903270000203, "gamma": 0.07750276034799765}, "datetime": {"datetime": "2021-09-18 12:12:25", "elapsed": 18.920337, "delta": 0.425001}}
{"target": 0.8972712646316078, "params": {"C": 72.29855835648158, "epsilon": 0.10071784657086617, "gamma": 0.0744675564194365}, "datetime": {"datetime": "2021-09-18 12:12:25", "elapsed": 19.20864, "delta": 0.288303}}
{"target": 0.898457430898204, "params": {"C": 75.1036650300068, "epsilon": 0.3371631990557784, "gamma": 0.07655723445020515}, "datetime": {"datetime": "2021-09-18 12:12:26", "elapsed": 19.500985, "delta": 0.292345}}
{"target": 0.8962109323878349, "params": {"C": 75.76506881595584, "epsilon": 0.3232236680523504, "gamma": 0.06699334939268682}, "datetime": {"datetime": "2021-09-18 12:12:26", "elapsed": 19.83737, "delta": 0.336385}}
{"target": 0.890591058722463, "params": {"C": 75.12686421256113, "epsilon": 0.3310079534741169, "gamma": 0.056005836963604415}, "datetime": {"datetime": "2021-09-18 12:12:26", "elapsed": 20.204418, "delta": 0.367048}}
{"target": 0.8959677592412413, "params": {"C": 75.07917710606118, "epsilon": 0.35793960827258114, "gamma": 0.0665146846367869}, "datetime": {"datetime": "2021-09-18 12:12:27", "elapsed": 20.514993, "delta": 0.310575}}
{"target": 0.8982924313669287, "params": {"C": 75.07653287602272, "epsilon": 0.3180376612348463, "gamma": 0.07445168910809914}, "datetime": {"datetime": "2021-09-18 12:12:27", "elapsed": 20.941105, "delta": 0.426112}}
{"target": 0.887960831459026, "params": {"C": 73.75194555487843, "epsilon": 0.04839753808583282, "gamma": 0.0543049895977052}, "datetime": {"datetime": "2021-09-18 12:12:27", "elapsed": 21.234895, "delta": 0.29379}}
{"target": 0.8949082583674592, "params": {"C": 75.80688881135663, "epsilon": 0.4066288968940667, "gamma": 0.0636304349408734}, "datetime": {"datetime": "2021-09-18 12:12:28", "elapsed": 21.594205, "delta": 0.35931}}
{"target": 0.8985924453710339, "params": {"C": 75.65364816109668, "epsilon": 0.3380609304556766, "gamma": 0.07789081991596691}, "datetime": {"datetime": "2021-09-18 12:12:28", "elapsed": 22.029618, "delta": 0.435413}}
{"target": 0.8913976483014865, "params": {"C": 71.5871371613001, "epsilon": 0.30900309493454114, "gamma": 0.05852552321283411}, "datetime": {"datetime": "2021-09-18 12:12:29", "elapsed": 22.333021, "delta": 0.303403}}
