{"target": -4.609208932872889, "params": {"C": 21.40654551563619, "epsilon": 2.978126411774136, "gamma": 1.0329221697288877}, "datetime": {"datetime": "2021-09-18 09:37:25", "elapsed": 3232.786171, "delta": 7.877274}}
{"target": -4.861158199929421, "params": {"C": 29.114426773346462, "epsilon": 0.8192597035109339, "gamma": 1.7020976169159199}, "datetime": {"datetime": "2021-09-18 09:37:35", "elapsed": 3242.492172, "delta": 9.706001}}
{"target": -4.8543395225579395, "params": {"C": 27.12140710304608, "epsilon": 0.001, "gamma": 1.808641354906564}, "datetime": {"datetime": "2021-09-18 09:37:43", "elapsed": 3251.11771, "delta": 8.625538}}
{"target": -5.808215137476682, "params": {"C": 35.61271964801229, "epsilon": 1.2572422392544886, "gamma": 3.0}, "datetime": {"datetime": "2021-09-18 09:37:52", "elapsed": 3259.853707, "delta": 8.735997}}
{"target": -7.65235116511515, "params": {"C": 2.119832533951552, "epsilon": 12.529998352400046, "gamma": 0.0001}, "datetime": {"datetime": "2021-09-18 09:37:59", "elapsed": 3266.353709, "delta": 6.500002}}
{"target": -6.067645473141144, "params": {"C": 27.52474425067943, "epsilon": 6.8818158191254515, "gamma": 1.0123437637804626}, "datetime": {"datetime": "2021-09-18 09:38:05", "elapsed": 3272.846703, "delta": 6.492994}}
{"target": -8.325899408124576, "params": {"C": 25.01196297680186, "epsilon": 12.055986888212898, "gamma": 3.0}, "datetime": {"datetime": "2021-09-18 09:38:12", "elapsed": 3279.850701, "delta": 7.003998}}
{"target": -3.4057006029695116, "params": {"C": 46.74934584016831, "epsilon": 1.2960353742657456, "gamma": 0.6569332971910128}, "datetime": {"datetime": "2021-09-18 09:38:19", "elapsed": 3286.86771, "delta": 7.017009}}
{"target": -5.504731876060005, "params": {"C": 39.59944832842043, "epsilon": 6.628337896197096, "gamma": 0.6725683199559213}, "datetime": {"datetime": "2021-09-18 09:38:26", "elapsed": 3293.410711, "delta": 6.543001}}
{"target": -5.774607086811563, "params": {"C": 7.292734974724988, "epsilon": 4.1625417872197525, "gamma": 1.3680916621889208}, "datetime": {"datetime": "2021-09-18 09:38:33", "elapsed": 3300.54774, "delta": 7.137029}}
{"target": -5.247769317131483, "params": {"C": 6.955845982955402, "epsilon": 1.018788963014938, "gamma": 1.3843394238976638}, "datetime": {"datetime": "2021-09-18 09:38:41", "elapsed": 3309.318704, "delta": 8.770964}}
{"target": -8.935793728372635, "params": {"C": 32.31149676849397, "epsilon": 14.401324746744548, "gamma": 0.0008117381193429326}, "datetime": {"datetime": "2021-09-18 09:38:48", "elapsed": 3316.287229, "delta": 6.968525}}
{"target": -7.477362247577667, "params": {"C": 9.92015787810769, "epsilon": 9.267728054941058, "gamma": 3.0}, "datetime": {"datetime": "2021-09-18 09:38:59", "elapsed": 3327.124307, "delta": 10.837078}}
{"target": -6.4197440110508515, "params": {"C": 26.14142947502509, "epsilon": 3.9059097337792434, "gamma": 2.96905771455065}, "datetime": {"datetime": "2021-09-18 09:39:14", "elapsed": 3341.358821, "delta": 14.234514}}
{"target": -2.5424777172266286, "params": {"C": 41.565908652415814, "epsilon": 0.8803121758843677, "gamma": 0.2679112596103368}, "datetime": {"datetime": "2021-09-18 09:39:23", "elapsed": 3350.403237, "delta": 9.044416}}
{"target": -2.7780892932191192, "params": {"C": 22.039866054920513, "epsilon": 0.9580379921539424, "gamma": 0.3855111194490842}, "datetime": {"datetime": "2021-09-18 09:39:34", "elapsed": 3361.590065, "delta": 11.186828}}
{"target": -6.0521475021014535, "params": {"C": 25.128554091977794, "epsilon": 6.903521038788832, "gamma": 0.0001}, "datetime": {"datetime": "2021-09-18 09:39:41", "elapsed": 3368.650272, "delta": 7.060207}}
{"target": -7.525391541723079, "params": {"C": 0.10852257152126271, "epsilon": 9.40680321553503, "gamma": 0.4644639446880821}, "datetime": {"datetime": "2021-09-18 09:39:51", "elapsed": 3378.47721, "delta": 9.826938}}
{"target": -6.735498525023179, "params": {"C": 46.96549466129951, "epsilon": 5.3159938753869955, "gamma": 2.9634944197156963}, "datetime": {"datetime": "2021-09-18 09:40:00", "elapsed": 3388.052305, "delta": 9.575095}}
{"target": -5.77011712827258, "params": {"C": 32.955873039803684, "epsilon": 6.498908195053851, "gamma": 0.0001}, "datetime": {"datetime": "2021-09-18 09:40:07", "elapsed": 3394.834974, "delta": 6.782669}}
{"target": -9.541541183086819, "params": {"C": 47.61747931668799, "epsilon": 19.216324601963617, "gamma": 0.0001}, "datetime": {"datetime": "2021-09-18 09:40:16", "elapsed": 3404.046969, "delta": 9.211995}}
{"target": -9.319078947368421, "params": {"C": 20.140184234867554, "epsilon": 26.042277032885533, "gamma": 3.0}, "datetime": {"datetime": "2021-09-18 09:40:26", "elapsed": 3413.702506, "delta": 9.655537}}
{"target": -5.782447888774855, "params": {"C": 45.71940020069082, "epsilon": 1.132606392220252, "gamma": 3.0}, "datetime": {"datetime": "2021-09-18 09:40:38", "elapsed": 3426.144556, "delta": 12.44205}}
{"target": -7.044036152313967, "params": {"C": 47.99599119452027, "epsilon": 11.49345757831986, "gamma": 0.0001}, "datetime": {"datetime": "2021-09-18 09:40:48", "elapsed": 3435.41556, "delta": 9.271004}}
{"target": -9.583764174348437, "params": {"C": 26.027166495117864, "epsilon": 18.74271107213074, "gamma": 3.0}, "datetime": {"datetime": "2021-09-18 09:40:55", "elapsed": 3442.738253, "delta": 7.322693}}
{"target": -6.3768036887594235, "params": {"C": 6.41938136685174, "epsilon": 1.7014022519977738, "gamma": 3.0}, "datetime": {"datetime": "2021-09-18 09:41:02", "elapsed": 3449.710907, "delta": 6.972654}}
{"target": -6.996861142364668, "params": {"C": 2.1609680110104814, "epsilon": 7.218126913438086, "gamma": 1.5277972252115484}, "datetime": {"datetime": "2021-09-18 09:41:09", "elapsed": 3457.107006, "delta": 7.396099}}
{"target": -8.878820543100597, "params": {"C": 35.06070264703916, "epsilon": 14.503619356285345, "gamma": 2.962556165204151}, "datetime": {"datetime": "2021-09-18 09:41:19", "elapsed": 3466.879424, "delta": 9.772418}}
{"target": -2.17562417116159, "params": {"C": 29.45087944071944, "epsilon": 0.6753822146079134, "gamma": 0.08267305644811915}, "datetime": {"datetime": "2021-09-18 09:41:28", "elapsed": 3475.843159, "delta": 8.963735}}
{"target": -4.07856450813921, "params": {"C": 49.976216662633895, "epsilon": 2.3277588074565894, "gamma": 0.8558617239164301}, "datetime": {"datetime": "2021-09-18 09:41:37", "elapsed": 3485.190658, "delta": 9.347499}}
{"target": -2.824539195456176, "params": {"C": 48.30130949181831, "epsilon": 0.6135476199674015, "gamma": 0.4306872844936791}, "datetime": {"datetime": "2021-09-18 09:41:47", "elapsed": 3495.01906, "delta": 9.828402}}
{"target": -9.319078947368421, "params": {"C": 20.517431593984703, "epsilon": 30.0, "gamma": 3.0}, "datetime": {"datetime": "2021-09-18 09:41:57", "elapsed": 3504.711533, "delta": 9.692473}}
{"target": -7.110508372710803, "params": {"C": 25.66680173111418, "epsilon": 8.381484435138972, "gamma": 1.8002316259554776}, "datetime": {"datetime": "2021-09-18 09:42:04", "elapsed": 3511.893653, "delta": 7.18212}}
{"target": -2.738505108734303, "params": {"C": 23.735648584169887, "epsilon": 3.3538695935089247, "gamma": 0.016156915995445057}, "datetime": {"datetime": "2021-09-18 09:42:11", "elapsed": 3518.846176, "delta": 6.952523}}
{"target": -8.636448082788302, "params": {"C": 6.646638912170714, "epsilon": 14.269574549122435, "gamma": 0.026567442863360137}, "datetime": {"datetime": "2021-09-18 09:42:18", "elapsed": 3526.138597, "delta": 7.292421}}
{"target": -4.256050489402132, "params": {"C": 31.543966260653143, "epsilon": 5.480975429163854, "gamma": 0.3656720663587416}, "datetime": {"datetime": "2021-09-18 09:42:29", "elapsed": 3536.871127, "delta": 10.73253}}
{"target": -2.140362343859327, "params": {"C": 30.05826213097571, "epsilon": 0.009995370593536144, "gamma": 0.06765640158150726}, "datetime": {"datetime": "2021-09-18 09:42:39", "elapsed": 3546.762886, "delta": 9.891759}}
{"target": -2.455724801421154, "params": {"C": 29.504016564057977, "epsilon": 0.0625597519098227, "gamma": 0.2848591889134075}, "datetime": {"datetime": "2021-09-18 09:42:54", "elapsed": 3561.430767, "delta": 14.667881}}
{"target": -4.959170789078126, "params": {"C": 43.88725304507466, "epsilon": 0.6991945656447477, "gamma": 1.8305082295765724}, "datetime": {"datetime": "2021-09-18 09:43:04", "elapsed": 3571.956381, "delta": 10.525614}}
{"target": -2.838663327032024, "params": {"C": 30.161991548197975, "epsilon": 0.009727358041573885, "gamma": 0.4915116302717138}, "datetime": {"datetime": "2021-09-18 09:43:13", "elapsed": 3580.555914, "delta": 8.599533}}
{"target": -4.700018039991805, "params": {"C": 43.71230621418756, "epsilon": 8.694015113228765, "gamma": 0.035655844077525624}, "datetime": {"datetime": "2021-09-18 09:43:22", "elapsed": 3590.0029, "delta": 9.446986}}
{"target": -4.064601528056311, "params": {"C": 17.998692886388476, "epsilon": 0.7025863184770543, "gamma": 0.9203076169748282}, "datetime": {"datetime": "2021-09-18 09:43:31", "elapsed": 3599.109039, "delta": 9.106139}}
{"target": -7.167749682868084, "params": {"C": 5.852311017872153, "epsilon": 7.5063590570611884, "gamma": 3.0}, "datetime": {"datetime": "2021-09-18 09:43:42", "elapsed": 3610.13674, "delta": 11.027701}}
{"target": -2.766513142396037, "params": {"C": 44.69861904913967, "epsilon": 1.1734112718848169, "gamma": 0.005788012240469743}, "datetime": {"datetime": "2021-09-18 09:44:00", "elapsed": 3627.773905, "delta": 17.637165}}
{"target": -5.3862209619291725, "params": {"C": 23.925472401793836, "epsilon": 1.1747605945805026, "gamma": 0.0001}, "datetime": {"datetime": "2021-09-18 09:44:07", "elapsed": 3635.05326, "delta": 7.279355}}
{"target": -2.360166191826188, "params": {"C": 24.957257532979817, "epsilon": 1.7322724993195038, "gamma": 0.04736277366178159}, "datetime": {"datetime": "2021-09-18 09:44:16", "elapsed": 3643.388337, "delta": 8.335077}}
{"target": -2.412822743002834, "params": {"C": 23.06909206408383, "epsilon": 0.8462563754092755, "gamma": 0.2580833174483814}, "datetime": {"datetime": "2021-09-18 09:44:23", "elapsed": 3650.75744, "delta": 7.369103}}
{"target": -2.567434857932775, "params": {"C": 24.579646308694574, "epsilon": 1.2228449972624538, "gamma": 0.2840955337742141}, "datetime": {"datetime": "2021-09-18 09:44:31", "elapsed": 3658.61399, "delta": 7.85655}}
{"target": -2.335993628545729, "params": {"C": 17.31505543654968, "epsilon": 0.7298983151319045, "gamma": 0.11002719147966834}, "datetime": {"datetime": "2021-09-18 09:44:40", "elapsed": 3668.133843, "delta": 9.519853}}
{"target": -2.576073845625382, "params": {"C": 16.75285593841688, "epsilon": 1.6129344919946775, "gamma": 0.018192020011367143}, "datetime": {"datetime": "2021-09-18 09:44:48", "elapsed": 3676.305292, "delta": 8.171449}}
{"target": -6.033167700772104, "params": {"C": 14.808084301551474, "epsilon": 1.660640345757907, "gamma": 2.9954728934218915}, "datetime": {"datetime": "2021-09-18 09:45:00", "elapsed": 3687.405963, "delta": 11.100671}}
{"target": -9.319078947368421, "params": {"C": 36.60084048739777, "epsilon": 27.752645941123188, "gamma": 0.5902154409766925}, "datetime": {"datetime": "2021-09-18 09:45:13", "elapsed": 3701.160065, "delta": 13.754102}}
{"target": -2.1890488267989197, "params": {"C": 24.883295159108037, "epsilon": 0.48552361824207996, "gamma": 0.10603171859430616}, "datetime": {"datetime": "2021-09-18 09:45:26", "elapsed": 3714.145381, "delta": 12.985316}}
{"target": -2.4866628331835137, "params": {"C": 17.369811105453092, "epsilon": 1.1716278814672672, "gamma": 0.2384424079721087}, "datetime": {"datetime": "2021-09-18 09:45:36", "elapsed": 3723.465236, "delta": 9.319855}}
{"target": -9.319078947368421, "params": {"C": 15.385607597865631, "epsilon": 24.16363362171275, "gamma": 0.0001}, "datetime": {"datetime": "2021-09-18 09:45:45", "elapsed": 3732.816187, "delta": 9.350951}}
{"target": -5.896740961374322, "params": {"C": 11.211061269222684, "epsilon": 6.637696398923318, "gamma": 0.8962806020737785}, "datetime": {"datetime": "2021-09-18 09:45:55", "elapsed": 3743.022184, "delta": 10.205997}}
{"target": -9.380381637089762, "params": {"C": 21.980712963486884, "epsilon": 22.29962905160032, "gamma": 3.0}, "datetime": {"datetime": "2021-09-18 09:46:03", "elapsed": 3750.759366, "delta": 7.737182}}
{"target": -3.805190361696992, "params": {"C": 17.107543420239978, "epsilon": 1.8973327143982348, "gamma": 0.6966342496520604}, "datetime": {"datetime": "2021-09-18 09:46:13", "elapsed": 3760.485557, "delta": 9.726191}}
{"target": -6.028068712822992, "params": {"C": 18.266231455759552, "epsilon": 5.633533632171935, "gamma": 1.4637186055952582}, "datetime": {"datetime": "2021-09-18 09:46:26", "elapsed": 3773.910002, "delta": 13.424445}}
{"target": -9.319078947368421, "params": {"C": 5.970956307097656, "epsilon": 27.513418968054843, "gamma": 3.0}, "datetime": {"datetime": "2021-09-18 09:46:34", "elapsed": 3781.872373, "delta": 7.962371}}
{"target": -2.3760204225798582, "params": {"C": 16.571322825069238, "epsilon": 1.0492628401154336, "gamma": 0.10056747946051721}, "datetime": {"datetime": "2021-09-18 09:46:47", "elapsed": 3794.784595, "delta": 12.912222}}
{"target": -2.424402675482893, "params": {"C": 44.43248843119416, "epsilon": 2.6096759250734274, "gamma": 0.09837162583454902}, "datetime": {"datetime": "2021-09-18 09:47:00", "elapsed": 3807.574598, "delta": 12.790003}}
{"target": -3.8849394645065303, "params": {"C": 44.52664092542224, "epsilon": 2.141712013003413, "gamma": 0.7742362297812355}, "datetime": {"datetime": "2021-09-18 09:47:12", "elapsed": 3820.085916, "delta": 12.511318}}
{"target": -7.60791318251932, "params": {"C": 46.36305422060251, "epsilon": 9.155636338963973, "gamma": 3.0}, "datetime": {"datetime": "2021-09-18 09:47:20", "elapsed": 3828.193963, "delta": 8.108047}}
{"target": -2.6170857278145307, "params": {"C": 23.086649473183062, "epsilon": 1.356603234963374, "gamma": 0.2985558450939005}, "datetime": {"datetime": "2021-09-18 09:47:28", "elapsed": 3836.291711, "delta": 8.097748}}
{"target": -5.102994494173801, "params": {"C": 33.42510460246132, "epsilon": 2.5904989263699645, "gamma": 0.0001}, "datetime": {"datetime": "2021-09-18 09:47:36", "elapsed": 3843.743228, "delta": 7.451517}}
{"target": -4.223707946653295, "params": {"C": 47.611453510773664, "epsilon": 0.001, "gamma": 1.218817103498734}, "datetime": {"datetime": "2021-09-18 09:47:46", "elapsed": 3853.401598, "delta": 9.65837}}
{"target": -6.111548196873957, "params": {"C": 48.448392434194226, "epsilon": 6.598463115436257, "gamma": 1.1758214316196274}, "datetime": {"datetime": "2021-09-18 09:47:53", "elapsed": 3861.107563, "delta": 7.705965}}
{"target": -2.7311582988085266, "params": {"C": 48.83952331201904, "epsilon": 4.803029168268622, "gamma": 0.048963256377148996}, "datetime": {"datetime": "2021-09-18 09:48:01", "elapsed": 3869.142568, "delta": 8.035005}}
{"target": -4.453042431992426, "params": {"C": 42.322804306267386, "epsilon": 7.990969840343093, "gamma": 0.014732688471512555}, "datetime": {"datetime": "2021-09-18 09:48:09", "elapsed": 3876.905106, "delta": 7.762538}}
{"target": -8.998059440697768, "params": {"C": 19.85208685548937, "epsilon": 15.160865394159872, "gamma": 2.6707783300669683}, "datetime": {"datetime": "2021-09-18 09:48:17", "elapsed": 3884.924034, "delta": 8.018928}}
{"target": -4.595675558593782, "params": {"C": 33.92471599312253, "epsilon": 0.04388368392443172, "gamma": 1.5449416813795607}, "datetime": {"datetime": "2021-09-18 09:48:28", "elapsed": 3896.030265, "delta": 11.106231}}
{"target": -2.6242033930949398, "params": {"C": 24.82835750823481, "epsilon": 0.9118199500961434, "gamma": 0.01153761497213485}, "datetime": {"datetime": "2021-09-18 09:48:37", "elapsed": 3904.332448, "delta": 8.302183}}
{"target": -7.2941710029218445, "params": {"C": 0.15984589848948338, "epsilon": 2.052234734899685, "gamma": 1.2727026517782267}, "datetime": {"datetime": "2021-09-18 09:48:44", "elapsed": 3912.224264, "delta": 7.891816}}
{"target": -2.874935894056123, "params": {"C": 24.297272767565598, "epsilon": 2.0028825839069166, "gamma": 0.37974922344227724}, "datetime": {"datetime": "2021-09-18 09:48:54", "elapsed": 3921.719955, "delta": 9.495691}}
{"target": -5.728468760648733, "params": {"C": 25.172676845449768, "epsilon": 5.5359790761813255, "gamma": 0.0001}, "datetime": {"datetime": "2021-09-18 09:49:04", "elapsed": 3931.833601, "delta": 10.113646}}
{"target": -6.430108384090958, "params": {"C": 16.63829696082804, "epsilon": 8.570447160835704, "gamma": 0.6841691784703505}, "datetime": {"datetime": "2021-09-18 09:49:14", "elapsed": 3941.507919, "delta": 9.674318}}
{"target": -5.903813520978077, "params": {"C": 14.019632769814919, "epsilon": 0.001, "gamma": 0.0001}, "datetime": {"datetime": "2021-09-18 09:49:22", "elapsed": 3949.895747, "delta": 8.387828}}
{"target": -2.158823468979192, "params": {"C": 35.77682749241944, "epsilon": 0.5916094472120699, "gamma": 0.04941651191043419}, "datetime": {"datetime": "2021-09-18 09:49:33", "elapsed": 3960.636106, "delta": 10.740359}}
{"target": -6.2352426758593005, "params": {"C": 36.00342232165606, "epsilon": 6.224400718142175, "gamma": 1.489820865333074}, "datetime": {"datetime": "2021-09-18 09:49:43", "elapsed": 3970.806942, "delta": 10.170836}}
{"target": -7.046518324786061, "params": {"C": 32.78984154944612, "epsilon": 6.673585552382858, "gamma": 3.0}, "datetime": {"datetime": "2021-09-18 09:49:51", "elapsed": 3978.709097, "delta": 7.902155}}
{"target": -3.2837079612013538, "params": {"C": 31.936883599574706, "epsilon": 1.6574923433341442, "gamma": 0.5801065055386769}, "datetime": {"datetime": "2021-09-18 09:50:01", "elapsed": 3988.899394, "delta": 10.190297}}
{"target": -9.319078947368421, "params": {"C": 50.0, "epsilon": 27.67391124140787, "gamma": 3.0}, "datetime": {"datetime": "2021-09-18 09:50:09", "elapsed": 3996.665771, "delta": 7.766377}}
{"target": -2.4851439646285582, "params": {"C": 13.63159406198034, "epsilon": 1.2865618949375777, "gamma": 0.14350638853177997}, "datetime": {"datetime": "2021-09-18 09:50:17", "elapsed": 4005.135483, "delta": 8.469712}}
{"target": -3.0774462392078874, "params": {"C": 13.095140714699554, "epsilon": 0.06495132490923292, "gamma": 0.42792098155325914}, "datetime": {"datetime": "2021-09-18 09:50:27", "elapsed": 4014.763314, "delta": 9.627831}}
{"target": -9.319078947368421, "params": {"C": 47.931054796774774, "epsilon": 23.893234503592698, "gamma": 3.0}, "datetime": {"datetime": "2021-09-18 09:50:39", "elapsed": 4026.795438, "delta": 12.032124}}
{"target": -6.688192600938806, "params": {"C": 20.849329937366477, "epsilon": 7.884473750247507, "gamma": 1.2993216905484883}, "datetime": {"datetime": "2021-09-18 09:50:54", "elapsed": 4042.036674, "delta": 15.241236}}
{"target": -3.3404210198983453, "params": {"C": 15.30178122314947, "epsilon": 5.199828023515726, "gamma": 0.07479309763047255}, "datetime": {"datetime": "2021-09-18 09:51:03", "elapsed": 4050.683572, "delta": 8.646898}}
{"target": -9.319078947368421, "params": {"C": 50.0, "epsilon": 25.903368573593987, "gamma": 0.0001}, "datetime": {"datetime": "2021-09-18 09:51:10", "elapsed": 4058.312946, "delta": 7.629374}}
{"target": -5.586557071375246, "params": {"C": 37.928250076321845, "epsilon": 5.873900997708914, "gamma": 0.0001}, "datetime": {"datetime": "2021-09-18 09:51:25", "elapsed": 4072.524715, "delta": 14.211769}}
{"target": -5.841868006607402, "params": {"C": 16.45153034230319, "epsilon": 0.7336316429683148, "gamma": 2.986749550259808}, "datetime": {"datetime": "2021-09-18 09:51:33", "elapsed": 4080.618826, "delta": 8.094111}}
{"target": -6.171387003802019, "params": {"C": 44.7996895074327, "epsilon": 8.09418980972829, "gamma": 0.0001}, "datetime": {"datetime": "2021-09-18 09:51:49", "elapsed": 4096.63395, "delta": 16.015124}}
{"target": -5.184627291856672, "params": {"C": 37.19157256429039, "epsilon": 3.540448121999627, "gamma": 0.0001}, "datetime": {"datetime": "2021-09-18 09:51:57", "elapsed": 4104.527343, "delta": 7.893393}}
{"target": -5.850603972168848, "params": {"C": 14.889332316015722, "epsilon": 0.001, "gamma": 0.0001}, "datetime": {"datetime": "2021-09-18 09:52:08", "elapsed": 4116.185292, "delta": 11.657949}}
{"target": -2.8766692468985524, "params": {"C": 14.511799151256161, "epsilon": 0.10808528272001873, "gamma": 0.3630730191102542}, "datetime": {"datetime": "2021-09-18 09:52:20", "elapsed": 4127.70729, "delta": 11.521998}}
{"target": -4.060682995172755, "params": {"C": 27.751097023045208, "epsilon": 3.3723595307399483, "gamma": 0.6830229592704417}, "datetime": {"datetime": "2021-09-18 09:52:30", "elapsed": 4137.782583, "delta": 10.075293}}
{"target": -4.900442930785149, "params": {"C": 32.09968929521522, "epsilon": 2.8299389720008317, "gamma": 1.3127332123873312}, "datetime": {"datetime": "2021-09-18 09:52:39", "elapsed": 4146.816861, "delta": 9.034278}}
{"target": -4.677222210331022, "params": {"C": 44.21486631864133, "epsilon": 4.2112909181505715, "gamma": 0.824963322272636}, "datetime": {"datetime": "2021-09-18 09:52:49", "elapsed": 4157.323898, "delta": 10.507037}}
{"target": -3.4534356483711877, "params": {"C": 30.610162775722937, "epsilon": 2.0788464249603558, "gamma": 0.6045032013044891}, "datetime": {"datetime": "2021-09-18 09:53:01", "elapsed": 4168.538453, "delta": 11.214555}}
{"target": -2.3439042804007535, "params": {"C": 15.35985741828256, "epsilon": 0.360557311746737, "gamma": 0.11184255670103553}, "datetime": {"datetime": "2021-09-18 09:53:12", "elapsed": 4180.054155, "delta": 11.515702}}
{"target": -3.7746229824936854, "params": {"C": 37.7679722412859, "epsilon": 2.8468938864892803, "gamma": 0.6390720643142338}, "datetime": {"datetime": "2021-09-18 09:53:21", "elapsed": 4189.325785, "delta": 9.27163}}
{"target": -5.758149407251079, "params": {"C": 7.795771280502214, "epsilon": 6.150251885129187, "gamma": 0.8663872310738677}, "datetime": {"datetime": "2021-09-18 09:53:33", "elapsed": 4200.945653, "delta": 11.619868}}
