{"target": -2.2322651860873997, "params": {"C": 73.11776978793324, "epsilon": 0.1887560470603471, "gamma": 0.013438307128228633}, "datetime": {"datetime": "2021-09-18 11:06:52", "elapsed": 101.567993, "delta": 1.306195}}
{"target": -2.231403836168972, "params": {"C": 54.45242212620597, "epsilon": 0.028626028962437818, "gamma": 0.12422289737897582}, "datetime": {"datetime": "2021-09-18 11:06:53", "elapsed": 102.642695, "delta": 1.074702}}
{"target": -1.9913652265799076, "params": {"C": 95.57064797124609, "epsilon": 0.09811045831191763, "gamma": 0.039694742625398724}, "datetime": {"datetime": "2021-09-18 11:06:54", "elapsed": 103.724594, "delta": 1.081899}}
{"target": -1.962020845751944, "params": {"C": 95.58623684338514, "epsilon": 0.33091140929160634, "gamma": 0.05677606506255563}, "datetime": {"datetime": "2021-09-18 11:06:55", "elapsed": 104.757497, "delta": 1.032903}}
{"target": -2.400518765101064, "params": {"C": 43.7569256422631, "epsilon": 0.3517414198436234, "gamma": 0.16492276298643058}, "datetime": {"datetime": "2021-09-18 11:06:55", "elapsed": 105.362499, "delta": 0.605002}}
{"target": -1.9772389654470008, "params": {"C": 95.67668955166316, "epsilon": 0.34443844878814467, "gamma": 0.06388592135625214}, "datetime": {"datetime": "2021-09-18 11:06:57", "elapsed": 106.604782, "delta": 1.242283}}
{"target": -1.9913373278083997, "params": {"C": 95.67544049795829, "epsilon": 0.45586584489574866, "gamma": 0.045990405262469496}, "datetime": {"datetime": "2021-09-18 11:06:58", "elapsed": 107.757288, "delta": 1.152506}}
{"target": -2.251560837470637, "params": {"C": 95.74020668356295, "epsilon": 0.3881855888207955, "gamma": 0.011402578570250156}, "datetime": {"datetime": "2021-09-18 11:06:59", "elapsed": 108.881516, "delta": 1.124228}}
{"target": -2.1200675496040016, "params": {"C": 88.62916267004395, "epsilon": 0.22573934294517287, "gamma": 0.09131481134306331}, "datetime": {"datetime": "2021-09-18 11:07:00", "elapsed": 109.577512, "delta": 0.695996}}
{"target": -2.0964571851781546, "params": {"C": 95.6395142148957, "epsilon": 0.3724675795481029, "gamma": 0.0847492203803053}, "datetime": {"datetime": "2021-09-18 11:07:01", "elapsed": 110.648763, "delta": 1.071251}}
{"target": -2.1210674021299263, "params": {"C": 62.398894493722025, "epsilon": 0.12035028382559039, "gamma": 0.0999483472149429}, "datetime": {"datetime": "2021-09-18 11:07:02", "elapsed": 112.076187, "delta": 1.427424}}
{"target": -2.2921505825701622, "params": {"C": 73.17487974324258, "epsilon": 0.17970010275049678, "gamma": 0.12959386383147684}, "datetime": {"datetime": "2021-09-18 11:07:03", "elapsed": 113.434924, "delta": 1.358737}}
{"target": -2.076428415722554, "params": {"C": 34.5369470285255, "epsilon": 0.09761727354312427, "gamma": 0.09309306499382551}, "datetime": {"datetime": "2021-09-18 11:07:04", "elapsed": 114.157924, "delta": 0.723}}
{"target": -2.254473092845357, "params": {"C": 95.48393321301458, "epsilon": 0.10823084334190307, "gamma": 0.01182713977766104}, "datetime": {"datetime": "2021-09-18 11:07:05", "elapsed": 115.184977, "delta": 1.027053}}
{"target": -1.9844210042824342, "params": {"C": 62.49982732050477, "epsilon": 0.29169993305306147, "gamma": 0.06540636291042315}, "datetime": {"datetime": "2021-09-18 11:07:06", "elapsed": 115.876939, "delta": 0.691962}}
{"target": -2.258858957890406, "params": {"C": 30.257078232869407, "epsilon": 1.4622715300204432, "gamma": 0.0868715062512075}, "datetime": {"datetime": "2021-09-18 11:07:07", "elapsed": 116.551604, "delta": 0.674665}}
{"target": -2.2201917357918792, "params": {"C": 44.497208766427306, "epsilon": 0.3238765898323605, "gamma": 0.12680579150590712}, "datetime": {"datetime": "2021-09-18 11:07:07", "elapsed": 117.284964, "delta": 0.73336}}
{"target": -2.1507928063361463, "params": {"C": 95.65284704360158, "epsilon": 0.2949255630034304, "gamma": 0.09241332535457443}, "datetime": {"datetime": "2021-09-18 11:07:08", "elapsed": 118.436758, "delta": 1.151794}}
{"target": -2.0956359860279763, "params": {"C": 50.435675474163546, "epsilon": 0.5573264561635539, "gamma": 0.09053226689101718}, "datetime": {"datetime": "2021-09-18 11:07:09", "elapsed": 119.438946, "delta": 1.002188}}
{"target": -2.1471106869434062, "params": {"C": 28.818938963212382, "epsilon": 0.4530924482569761, "gamma": 0.029160548941530348}, "datetime": {"datetime": "2021-09-18 11:07:10", "elapsed": 120.151181, "delta": 0.712235}}
{"target": -2.0308734064003566, "params": {"C": 95.6415892220288, "epsilon": 0.3262509297355074, "gamma": 0.03159875487662607}, "datetime": {"datetime": "2021-09-18 11:07:11", "elapsed": 121.396514, "delta": 1.245333}}
{"target": -2.0411446269919926, "params": {"C": 95.6294841340561, "epsilon": 0.5304872829258029, "gamma": 0.0735246027010593}, "datetime": {"datetime": "2021-09-18 11:07:13", "elapsed": 122.902249, "delta": 1.505735}}
{"target": -2.1047980765085805, "params": {"C": 62.54482097830942, "epsilon": 0.28906343733348705, "gamma": 0.026939468516571682}, "datetime": {"datetime": "2021-09-18 11:07:14", "elapsed": 124.360897, "delta": 1.458648}}
{"target": -2.369636686082282, "params": {"C": 36.971135960588555, "epsilon": 1.3600333977786676, "gamma": 0.10846018185971375}, "datetime": {"datetime": "2021-09-18 11:07:15", "elapsed": 125.12249, "delta": 0.761593}}
{"target": -2.595170589211353, "params": {"C": 81.29230715282884, "epsilon": 0.8742685052964305, "gamma": 0.16766836432692941}, "datetime": {"datetime": "2021-09-18 11:07:16", "elapsed": 125.884486, "delta": 0.761996}}
{"target": -2.2822462423122203, "params": {"C": 62.59277436167506, "epsilon": 0.2551660996370698, "gamma": 0.12950444751045273}, "datetime": {"datetime": "2021-09-18 11:07:17", "elapsed": 127.397257, "delta": 1.512771}}
{"target": -2.0007453445087493, "params": {"C": 95.60349813249954, "epsilon": 0.4720771697265928, "gamma": 0.06487745096676789}, "datetime": {"datetime": "2021-09-18 11:07:19", "elapsed": 128.519901, "delta": 1.122644}}
{"target": -2.143994279177287, "params": {"C": 95.55059645698188, "epsilon": 0.40200979468070586, "gamma": 0.018915694461588126}, "datetime": {"datetime": "2021-09-18 11:07:20", "elapsed": 129.912362, "delta": 1.392461}}
{"target": -2.275604250898922, "params": {"C": 77.38655574583414, "epsilon": 0.3853500100187637, "gamma": 0.010414027259134994}, "datetime": {"datetime": "2021-09-18 11:07:21", "elapsed": 130.928405, "delta": 1.016043}}
{"target": -2.0518142723424373, "params": {"C": 62.36421335838216, "epsilon": 0.370627901956334, "gamma": 0.08578824709415307}, "datetime": {"datetime": "2021-09-18 11:07:23", "elapsed": 132.545047, "delta": 1.616642}}
{"target": -2.182507416573112, "params": {"C": 74.52000949655638, "epsilon": 0.03963665194074178, "gamma": 0.10447716691904022}, "datetime": {"datetime": "2021-09-18 11:07:23", "elapsed": 133.415852, "delta": 0.870805}}
{"target": -2.5180466162303228, "params": {"C": 40.44085635999202, "epsilon": 0.9333694351608149, "gamma": 0.16271166033981455}, "datetime": {"datetime": "2021-09-18 11:07:24", "elapsed": 134.153861, "delta": 0.738009}}
{"target": -2.388040944414151, "params": {"C": 95.58341042001786, "epsilon": 0.4901638487920356, "gamma": 0.13305849508726383}, "datetime": {"datetime": "2021-09-18 11:07:26", "elapsed": 135.733712, "delta": 1.579851}}
{"target": -2.0173961873440085, "params": {"C": 95.52500576561043, "epsilon": 0.17637876186384427, "gamma": 0.03294539322758106}, "datetime": {"datetime": "2021-09-18 11:07:27", "elapsed": 137.041206, "delta": 1.307494}}
{"target": -2.041270153200156, "params": {"C": 62.602977084837015, "epsilon": 0.36997199349816506, "gamma": 0.08283801608603183}, "datetime": {"datetime": "2021-09-18 11:07:28", "elapsed": 138.256446, "delta": 1.21524}}
{"target": -2.1121580896490912, "params": {"C": 37.62852654271758, "epsilon": 0.5597275318350894, "gamma": 0.09684949178137153}, "datetime": {"datetime": "2021-09-18 11:07:29", "elapsed": 139.07744, "delta": 0.820994}}
{"target": -2.0538348795664576, "params": {"C": 95.6254384846454, "epsilon": 0.42385881671913933, "gamma": 0.027692535651793665}, "datetime": {"datetime": "2021-09-18 11:07:30", "elapsed": 140.278408, "delta": 1.200968}}
{"target": -2.5312145928198913, "params": {"C": 33.78050597138688, "epsilon": 1.1641817997700434, "gamma": 0.1559468913969584}, "datetime": {"datetime": "2021-09-18 11:07:31", "elapsed": 141.2224, "delta": 0.943992}}
{"target": -2.043416401705267, "params": {"C": 95.57393488670657, "epsilon": 0.5326350245150684, "gamma": 0.03248044509394122}, "datetime": {"datetime": "2021-09-18 11:07:32", "elapsed": 142.420446, "delta": 1.198046}}
{"target": -2.0472817450102156, "params": {"C": 77.35040416083476, "epsilon": 0.5128139857796675, "gamma": 0.037730238719845925}, "datetime": {"datetime": "2021-09-18 11:07:34", "elapsed": 144.182395, "delta": 1.761949}}
{"target": -2.192831407226974, "params": {"C": 62.28727253651411, "epsilon": 0.3179069368912051, "gamma": 0.016583509503437302}, "datetime": {"datetime": "2021-09-18 11:07:35", "elapsed": 145.378398, "delta": 1.196003}}
{"target": -2.309794628361948, "params": {"C": 42.35736140361034, "epsilon": 0.4757990105682396, "gamma": 0.14009327296896484}, "datetime": {"datetime": "2021-09-18 11:07:36", "elapsed": 146.357441, "delta": 0.979043}}
{"target": -2.607000524246493, "params": {"C": 65.90687364421728, "epsilon": 0.6894579246325651, "gamma": 0.1860830376294636}, "datetime": {"datetime": "2021-09-18 11:07:37", "elapsed": 147.083399, "delta": 0.725958}}
{"target": -2.147010854684722, "params": {"C": 95.68861070221192, "epsilon": 0.5187965338832939, "gamma": 0.019205403969506957}, "datetime": {"datetime": "2021-09-18 11:07:38", "elapsed": 148.196398, "delta": 1.112999}}
{"target": -2.2891343243346434, "params": {"C": 31.35497598259849, "epsilon": 0.8072598643797025, "gamma": 0.017322563799094526}, "datetime": {"datetime": "2021-09-18 11:07:39", "elapsed": 149.397397, "delta": 1.200999}}
{"target": -2.2106769346252944, "params": {"C": 77.43325400177409, "epsilon": 0.5308459479024266, "gamma": 0.10354182687194317}, "datetime": {"datetime": "2021-09-18 11:07:41", "elapsed": 151.008277, "delta": 1.61088}}
{"target": -2.0338415060431876, "params": {"C": 62.68645202988425, "epsilon": 0.3725976977745477, "gamma": 0.041169547165597814}, "datetime": {"datetime": "2021-09-18 11:07:42", "elapsed": 152.275001, "delta": 1.266724}}
{"target": -2.5631874205250735, "params": {"C": 34.99901397667284, "epsilon": 1.2187018265546263, "gamma": 0.16280229308880428}, "datetime": {"datetime": "2021-09-18 11:07:43", "elapsed": 153.119489, "delta": 0.844488}}
{"target": -1.9742535961071748, "params": {"C": 62.6687879972094, "epsilon": 0.26121340931770975, "gamma": 0.05487557122980672}, "datetime": {"datetime": "2021-09-18 11:07:45", "elapsed": 154.561922, "delta": 1.442433}}
{"target": -2.1819014979731897, "params": {"C": 40.292454976763366, "epsilon": 1.3560130703762616, "gamma": 0.0379988121565029}, "datetime": {"datetime": "2021-09-18 11:07:45", "elapsed": 155.352984, "delta": 0.791062}}
{"target": -2.296612721016481, "params": {"C": 62.70551304315305, "epsilon": 0.3556390131602603, "gamma": 0.1302015725791749}, "datetime": {"datetime": "2021-09-18 11:07:47", "elapsed": 157.033273, "delta": 1.680289}}
{"target": -2.0659038231604647, "params": {"C": 32.66778210526032, "epsilon": 0.06111627037864776, "gamma": 0.05184974403681984}, "datetime": {"datetime": "2021-09-18 11:07:49", "elapsed": 159.152926, "delta": 2.119653}}
{"target": -2.008409747339612, "params": {"C": 88.06909527710215, "epsilon": 0.7096565617239659, "gamma": 0.05110370700471733}, "datetime": {"datetime": "2021-09-18 11:07:50", "elapsed": 159.90592, "delta": 0.752994}}
{"target": -2.042076068090596, "params": {"C": 98.53831801494864, "epsilon": 0.7111219343510939, "gamma": 0.0332624353917665}, "datetime": {"datetime": "2021-09-18 11:07:51", "elapsed": 160.980578, "delta": 1.074658}}
{"target": -2.129842073007152, "params": {"C": 62.293371822523945, "epsilon": 0.12333962746284138, "gamma": 0.025283346117897926}, "datetime": {"datetime": "2021-09-18 11:07:52", "elapsed": 162.246591, "delta": 1.266013}}
{"target": -1.9614341457410376, "params": {"C": 95.54167319056948, "epsilon": 0.29014701193129766, "gamma": 0.05693083130285741}, "datetime": {"datetime": "2021-09-18 11:07:54", "elapsed": 163.666437, "delta": 1.419846}}
{"target": -2.1937041040534817, "params": {"C": 62.72576449353815, "epsilon": 0.3319571097752723, "gamma": 0.016656503459648198}, "datetime": {"datetime": "2021-09-18 11:07:55", "elapsed": 165.189002, "delta": 1.522565}}
{"target": -1.9785812846421957, "params": {"C": 88.59632441440904, "epsilon": 0.29738452751688793, "gamma": 0.06713255077102419}, "datetime": {"datetime": "2021-09-18 11:07:57", "elapsed": 166.80133, "delta": 1.612328}}
{"target": -2.062901347738411, "params": {"C": 50.33957064689305, "epsilon": 0.49804846905968586, "gamma": 0.08463612825240069}, "datetime": {"datetime": "2021-09-18 11:07:59", "elapsed": 168.660177, "delta": 1.858847}}
{"target": -2.1820438665169153, "params": {"C": 88.65183144067183, "epsilon": 0.30284384267148484, "gamma": 0.015846299957853496}, "datetime": {"datetime": "2021-09-18 11:08:00", "elapsed": 170.16811, "delta": 1.507933}}
{"target": -2.0144111141670504, "params": {"C": 88.52121836306273, "epsilon": 0.1896161310051141, "gamma": 0.03674856959971671}, "datetime": {"datetime": "2021-09-18 11:08:02", "elapsed": 171.593048, "delta": 1.424938}}
{"target": -1.9665738737235499, "params": {"C": 88.52292236962268, "epsilon": 0.33145777495159046, "gamma": 0.05976676816495715}, "datetime": {"datetime": "2021-09-18 11:08:03", "elapsed": 173.403166, "delta": 1.810118}}
{"target": -2.327065036953687, "params": {"C": 88.5221053869817, "epsilon": 0.3517033562611538, "gamma": 0.126954255177581}, "datetime": {"datetime": "2021-09-18 11:08:06", "elapsed": 175.669873, "delta": 2.266707}}
{"target": -2.004287782967086, "params": {"C": 88.54641904010023, "epsilon": 0.2758948898635387, "gamma": 0.04046672082552757}, "datetime": {"datetime": "2021-09-18 11:08:07", "elapsed": 177.170613, "delta": 1.50074}}
{"target": -1.9651135916661089, "params": {"C": 88.48864787657035, "epsilon": 0.29784239444447347, "gamma": 0.04933860289778003}, "datetime": {"datetime": "2021-09-18 11:08:09", "elapsed": 178.971401, "delta": 1.800788}}
{"target": -2.2771771160016385, "params": {"C": 99.20342629558999, "epsilon": 1.4011770182573389, "gamma": 0.020490333686375678}, "datetime": {"datetime": "2021-09-18 11:08:10", "elapsed": 179.844121, "delta": 0.87272}}
{"target": -2.1439644282425796, "params": {"C": 50.39162874268193, "epsilon": 0.5350055677145482, "gamma": 0.025657471688719867}, "datetime": {"datetime": "2021-09-18 11:08:11", "elapsed": 181.309438, "delta": 1.465317}}
{"target": -2.022867449638784, "params": {"C": 88.49477003790064, "epsilon": 0.3860297166411113, "gamma": 0.03831929561937906}, "datetime": {"datetime": "2021-09-18 11:08:13", "elapsed": 183.01034, "delta": 1.700902}}
{"target": -2.1896773258090967, "params": {"C": 88.4414523669196, "epsilon": 0.20507668398240483, "gamma": 0.10429199588727259}, "datetime": {"datetime": "2021-09-18 11:08:14", "elapsed": 184.375866, "delta": 1.365526}}
{"target": -2.0456091302969264, "params": {"C": 73.07870000013273, "epsilon": 0.24258039329050426, "gamma": 0.08388198412119463}, "datetime": {"datetime": "2021-09-18 11:08:17", "elapsed": 186.6168, "delta": 2.240934}}
{"target": -2.028103657661565, "params": {"C": 88.57577637076719, "epsilon": 0.3578911496098768, "gamma": 0.033975867426847384}, "datetime": {"datetime": "2021-09-18 11:08:19", "elapsed": 188.57112, "delta": 1.95432}}
{"target": -2.2201635756637335, "params": {"C": 62.38469723987612, "epsilon": 0.1585037397771361, "gamma": 0.014972720718029218}, "datetime": {"datetime": "2021-09-18 11:08:20", "elapsed": 190.366363, "delta": 1.795243}}
{"target": -2.2948054401644815, "params": {"C": 50.368394812711344, "epsilon": 0.4110803574408721, "gamma": 0.13463472099278437}, "datetime": {"datetime": "2021-09-18 11:08:22", "elapsed": 191.803363, "delta": 1.437}}
{"target": -2.1556780118913754, "params": {"C": 62.63058407272056, "epsilon": 0.2582745881447816, "gamma": 0.01961019976347117}, "datetime": {"datetime": "2021-09-18 11:08:24", "elapsed": 194.389399, "delta": 2.586036}}
{"target": -2.2627552251610665, "params": {"C": 88.55234877842467, "epsilon": 0.2057926942833832, "gamma": 0.11949539237194187}, "datetime": {"datetime": "2021-09-18 11:08:26", "elapsed": 196.215364, "delta": 1.825965}}
{"target": -2.1025637759981888, "params": {"C": 88.41842909917094, "epsilon": 0.3928382954369357, "gamma": 0.023643828285642824}, "datetime": {"datetime": "2021-09-18 11:08:28", "elapsed": 197.536361, "delta": 1.320997}}
{"target": -2.020485817646543, "params": {"C": 50.510580599907854, "epsilon": 0.4853547797851097, "gamma": 0.06526056683634522}, "datetime": {"datetime": "2021-09-18 11:08:29", "elapsed": 199.337404, "delta": 1.801043}}
{"target": -2.052171917101697, "params": {"C": 50.506013190153894, "epsilon": 0.4189390649276284, "gamma": 0.03889952975725913}, "datetime": {"datetime": "2021-09-18 11:08:32", "elapsed": 201.713399, "delta": 2.375995}}
{"target": -2.4413160513927967, "params": {"C": 67.6952838879386, "epsilon": 0.6859482943554484, "gamma": 0.14643162755542982}, "datetime": {"datetime": "2021-09-18 11:08:33", "elapsed": 202.675364, "delta": 0.961965}}
{"target": -2.2931789141286876, "params": {"C": 92.74995143175269, "epsilon": 0.04181666899029329, "gamma": 0.01}, "datetime": {"datetime": "2021-09-18 11:08:34", "elapsed": 204.26637, "delta": 1.591006}}
{"target": -2.113884869294369, "params": {"C": 88.49030426846693, "epsilon": 0.33929941136302655, "gamma": 0.02266635447861172}, "datetime": {"datetime": "2021-09-18 11:08:36", "elapsed": 206.280369, "delta": 2.013999}}
{"target": -2.344439436385188, "params": {"C": 50.502078821533374, "epsilon": 0.5074589570221245, "gamma": 0.1412288391211764}, "datetime": {"datetime": "2021-09-18 11:08:38", "elapsed": 207.893346, "delta": 1.612977}}
{"target": -2.0501309466309854, "params": {"C": 98.16389467916088, "epsilon": 0.41689683418060386, "gamma": 0.028042400176296237}, "datetime": {"datetime": "2021-09-18 11:08:39", "elapsed": 208.850641, "delta": 0.957295}}
{"target": -2.2857992214265965, "params": {"C": 64.89026281703397, "epsilon": 0.5031372996663704, "gamma": 0.010928024105968052}, "datetime": {"datetime": "2021-09-18 11:08:40", "elapsed": 209.793723, "delta": 0.943082}}
{"target": -2.501472813505549, "params": {"C": 53.73292462266814, "epsilon": 1.11903605381081, "gamma": 0.14384648212031823}, "datetime": {"datetime": "2021-09-18 11:08:41", "elapsed": 210.731761, "delta": 0.938038}}
{"target": -2.1203402484337386, "params": {"C": 50.447951921568304, "epsilon": 0.46974545802280215, "gamma": 0.02917076375354872}, "datetime": {"datetime": "2021-09-18 11:08:43", "elapsed": 213.31459, "delta": 2.582829}}
{"target": -2.08816097991987, "params": {"C": 88.58032329288753, "epsilon": 0.10161607084526778, "gamma": 0.026086788286685016}, "datetime": {"datetime": "2021-09-18 11:08:45", "elapsed": 215.073594, "delta": 1.759004}}
{"target": -2.0340365784262517, "params": {"C": 62.37724578970006, "epsilon": 0.29036806044963887, "gamma": 0.08324774721486375}, "datetime": {"datetime": "2021-09-18 11:08:47", "elapsed": 216.792912, "delta": 1.719318}}
{"target": -1.961349695369926, "params": {"C": 62.72693122351821, "epsilon": 0.20553754789115838, "gamma": 0.05833348958168744}, "datetime": {"datetime": "2021-09-18 11:08:49", "elapsed": 218.64901, "delta": 1.856098}}
{"target": -1.9973654752659815, "params": {"C": 62.798486093860284, "epsilon": 0.20364952042493578, "gamma": 0.07314150556004681}, "datetime": {"datetime": "2021-09-18 11:08:51", "elapsed": 220.757052, "delta": 2.108042}}
{"target": -2.307577654270703, "params": {"C": 62.773851393168364, "epsilon": 0.15989133773414507, "gamma": 0.1357814199022429}, "datetime": {"datetime": "2021-09-18 11:08:53", "elapsed": 222.856719, "delta": 2.099667}}
{"target": -1.9907040011631003, "params": {"C": 73.18831607472772, "epsilon": 0.3018553879971117, "gamma": 0.07079142520587471}, "datetime": {"datetime": "2021-09-18 11:08:55", "elapsed": 225.268396, "delta": 2.411677}}
{"target": -2.111849610351652, "params": {"C": 73.14274635876808, "epsilon": 0.3050209319984911, "gamma": 0.09382162986342522}, "datetime": {"datetime": "2021-09-18 11:08:58", "elapsed": 228.099839, "delta": 2.831443}}
{"target": -2.2799829569234635, "params": {"C": 98.57667213495401, "epsilon": 0.6931002746797873, "gamma": 0.10589265369563382}, "datetime": {"datetime": "2021-09-18 11:09:00", "elapsed": 230.161975, "delta": 2.062136}}
{"target": -2.0300787270095593, "params": {"C": 73.20698628547679, "epsilon": 0.23546160470589114, "gamma": 0.03528891414435155}, "datetime": {"datetime": "2021-09-18 11:09:02", "elapsed": 232.239859, "delta": 2.077884}}
{"target": -1.9624076658582255, "params": {"C": 62.87404874211387, "epsilon": 0.26822381908885295, "gamma": 0.0586644535348711}, "datetime": {"datetime": "2021-09-18 11:09:04", "elapsed": 234.058603, "delta": 1.818744}}
{"target": -2.600597322237124, "params": {"C": 51.85437814519849, "epsilon": 1.2356498235324844, "gamma": 0.1627817017373095}, "datetime": {"datetime": "2021-09-18 11:09:05", "elapsed": 235.135604, "delta": 1.077001}}
{"target": -2.036190758869534, "params": {"C": 62.8387239639148, "epsilon": 0.17036308481255197, "gamma": 0.03663974866807124}, "datetime": {"datetime": "2021-09-18 11:09:07", "elapsed": 236.85834, "delta": 1.722736}}
{"target": -2.1542555992351624, "params": {"C": 62.95002970690614, "epsilon": 0.28715918623949593, "gamma": 0.10649659953069271}, "datetime": {"datetime": "2021-09-18 11:09:08", "elapsed": 238.470917, "delta": 1.612577}}
{"target": -2.1829585726779928, "params": {"C": 62.71663660921042, "epsilon": 0.19530426342466065, "gamma": 0.01854110725673261}, "datetime": {"datetime": "2021-09-18 11:09:11", "elapsed": 240.503643, "delta": 2.032726}}
