{"target": 0.8873671508475183, "params": {"C": 339.9698400625903, "epsilon": 0.8625716061587507, "gamma": 0.09191415250676405}, "datetime": {"datetime": "2021-09-18 15:34:27", "elapsed": 370.058802, "delta": 2.766001}}
{"target": 0.9204525543346773, "params": {"C": 429.012912242854, "epsilon": 0.8730886259558027, "gamma": 0.03710944157304456}, "datetime": {"datetime": "2021-09-18 15:34:29", "elapsed": 372.591803, "delta": 2.533001}}
{"target": 0.8607093906550477, "params": {"C": 457.2474764757683, "epsilon": 0.9006732354319683, "gamma": 0.12102569703203757}, "datetime": {"datetime": "2021-09-18 15:34:31", "elapsed": 374.714191, "delta": 2.122388}}
{"target": 0.887789573192598, "params": {"C": 429.0906745307924, "epsilon": 0.9928649837793464, "gamma": 0.08418160868869601}, "datetime": {"datetime": "2021-09-18 15:34:34", "elapsed": 376.827259, "delta": 2.113068}}
{"target": 0.8926929260396883, "params": {"C": 303.63218571215543, "epsilon": 0.4515398177942047, "gamma": 0.09566034648352059}, "datetime": {"datetime": "2021-09-18 15:34:35", "elapsed": 378.252389, "delta": 1.42513}}
{"target": 0.9198726934150313, "params": {"C": 340.80027059839244, "epsilon": 0.5076081308856855, "gamma": 0.03646949281363952}, "datetime": {"datetime": "2021-09-18 15:34:36", "elapsed": 379.668692, "delta": 1.416303}}
{"target": 0.921624515795125, "params": {"C": 439.58250230833414, "epsilon": 0.2668352694862655, "gamma": 0.04045523854502459}, "datetime": {"datetime": "2021-09-18 15:34:39", "elapsed": 381.942498, "delta": 2.273806}}
{"target": 0.8534768200182709, "params": {"C": 381.7633110735429, "epsilon": 0.032430000325355576, "gamma": 0.1482194925321399}, "datetime": {"datetime": "2021-09-18 15:34:40", "elapsed": 383.478357, "delta": 1.535859}}
{"target": 0.9194502324166757, "params": {"C": 340.8135358480487, "epsilon": 0.42102415566945134, "gamma": 0.047164471080345376}, "datetime": {"datetime": "2021-09-18 15:34:43", "elapsed": 386.31436, "delta": 2.836003}}
{"target": 0.9224252290373347, "params": {"C": 482.8837769470316, "epsilon": 0.35147101093491007, "gamma": 0.03876547346043466}, "datetime": {"datetime": "2021-09-18 15:34:45", "elapsed": 387.824494, "delta": 1.510134}}
{"target": 0.9211272808844598, "params": {"C": 340.7466909801758, "epsilon": 0.48878356721488053, "gamma": 0.04348395339048538}, "datetime": {"datetime": "2021-09-18 15:34:47", "elapsed": 390.417447, "delta": 2.592953}}
{"target": 0.8851790934374187, "params": {"C": 482.82449114587735, "epsilon": 0.3896160306769863, "gamma": 0.08857496889476561}, "datetime": {"datetime": "2021-09-18 15:34:49", "elapsed": 392.685957, "delta": 2.26851}}
{"target": 0.9134969897875345, "params": {"C": 416.7553725492462, "epsilon": 0.49455162393943386, "gamma": 0.022314933326414432}, "datetime": {"datetime": "2021-09-18 15:34:52", "elapsed": 395.248852, "delta": 2.562895}}
{"target": 0.9085044436996506, "params": {"C": 311.6651366492188, "epsilon": 0.47253942535103866, "gamma": 0.07602627738575764}, "datetime": {"datetime": "2021-09-18 15:34:54", "elapsed": 396.792891, "delta": 1.544039}}
{"target": 0.9005846792067431, "params": {"C": 359.05808721150254, "epsilon": 0.02, "gamma": 0.02}, "datetime": {"datetime": "2021-09-18 15:34:56", "elapsed": 399.505825, "delta": 2.712934}}
{"target": 0.9075960410086346, "params": {"C": 340.74185063515705, "epsilon": 0.38640678892946784, "gamma": 0.07716985752299024}, "datetime": {"datetime": "2021-09-18 15:34:59", "elapsed": 401.873322, "delta": 2.367497}}
{"target": 0.86352584993255, "params": {"C": 342.6232339482381, "epsilon": 0.37982374060057683, "gamma": 0.13231760187210537}, "datetime": {"datetime": "2021-09-18 15:35:00", "elapsed": 403.527341, "delta": 1.654019}}
{"target": 0.9160419820594018, "params": {"C": 482.9703911483683, "epsilon": 0.3474329536780093, "gamma": 0.057078736275925454}, "datetime": {"datetime": "2021-09-18 15:35:04", "elapsed": 406.80028, "delta": 3.272939}}
{"target": 0.9202702503089994, "params": {"C": 482.907913475967, "epsilon": 0.21988656055278094, "gamma": 0.04107644845891947}, "datetime": {"datetime": "2021-09-18 15:35:07", "elapsed": 410.28753, "delta": 3.48725}}
{"target": 0.8543407427491044, "params": {"C": 311.859929820885, "epsilon": 0.9543793640181849, "gamma": 0.1449042277435222}, "datetime": {"datetime": "2021-09-18 15:35:09", "elapsed": 411.792537, "delta": 1.505007}}
{"target": 0.9182622709141154, "params": {"C": 482.963788363762, "epsilon": 0.4073627315140398, "gamma": 0.02772252930765502}, "datetime": {"datetime": "2021-09-18 15:35:11", "elapsed": 414.207536, "delta": 2.414999}}
{"target": 0.8645623162598273, "params": {"C": 494.9324937543356, "epsilon": 0.4180747502193307, "gamma": 0.11400301852635462}, "datetime": {"datetime": "2021-09-18 15:35:14", "elapsed": 417.126495, "delta": 2.918959}}
{"target": 0.8733298216172397, "params": {"C": 482.8285094583944, "epsilon": 0.20826201250560852, "gamma": 0.10394489217281402}, "datetime": {"datetime": "2021-09-18 15:35:16", "elapsed": 419.560498, "delta": 2.434003}}
{"target": 0.859161331794275, "params": {"C": 340.19082637462935, "epsilon": 0.4343901815438331, "gamma": 0.14092749501817042}, "datetime": {"datetime": "2021-09-18 15:35:18", "elapsed": 421.129499, "delta": 1.569001}}
{"target": 0.9062645787882628, "params": {"C": 335.3853183879172, "epsilon": 0.3572605340430327, "gamma": 0.020478409268504666}, "datetime": {"datetime": "2021-09-18 15:35:22", "elapsed": 425.355535, "delta": 4.226036}}
{"target": 0.9189404614422839, "params": {"C": 333.16257061435635, "epsilon": 0.8555286616356602, "gamma": 0.03771347448247447}, "datetime": {"datetime": "2021-09-18 15:35:24", "elapsed": 426.917038, "delta": 1.561503}}
{"target": 0.8819276073451509, "params": {"C": 333.12664904842893, "epsilon": 0.8857895217223872, "gamma": 0.09822431290117672}, "datetime": {"datetime": "2021-09-18 15:35:26", "elapsed": 429.213737, "delta": 2.296699}}
{"target": 0.865135502399572, "params": {"C": 340.81285006697476, "epsilon": 0.4572493407498912, "gamma": 0.1273170515967105}, "datetime": {"datetime": "2021-09-18 15:35:28", "elapsed": 431.71576, "delta": 2.502023}}
{"target": 0.9178189222085174, "params": {"C": 495.16459003223827, "epsilon": 0.35801256181477725, "gamma": 0.027096181932794807}, "datetime": {"datetime": "2021-09-18 15:35:31", "elapsed": 434.761784, "delta": 3.046024}}
{"target": 0.8820765632923524, "params": {"C": 482.91411113638935, "epsilon": 0.30045617534428204, "gamma": 0.09290312165865457}, "datetime": {"datetime": "2021-09-18 15:35:35", "elapsed": 438.491898, "delta": 3.730114}}
{"target": 0.9203784251280197, "params": {"C": 340.8080241016385, "epsilon": 0.30256289637503897, "gamma": 0.04499374867977132}, "datetime": {"datetime": "2021-09-18 15:35:38", "elapsed": 441.066154, "delta": 2.574256}}
{"target": 0.9094494825402406, "params": {"C": 497.7953777109057, "epsilon": 0.9129306746187345, "gamma": 0.02}, "datetime": {"datetime": "2021-09-18 15:35:41", "elapsed": 444.627218, "delta": 3.561064}}
{"target": 0.8654165295331385, "params": {"C": 322.24635369772824, "epsilon": 0.5371030926324644, "gamma": 0.12692700031989912}, "datetime": {"datetime": "2021-09-18 15:35:43", "elapsed": 446.271233, "delta": 1.644015}}
{"target": 0.9165579538997068, "params": {"C": 439.6102272826332, "epsilon": 0.3332091180638909, "gamma": 0.055296127202745585}, "datetime": {"datetime": "2021-09-18 15:35:46", "elapsed": 449.203215, "delta": 2.931982}}
{"target": 0.9088510982586415, "params": {"C": 426.5553125128284, "epsilon": 0.9181029279235978, "gamma": 0.02}, "datetime": {"datetime": "2021-09-18 15:35:49", "elapsed": 452.583061, "delta": 3.379846}}
{"target": 0.8677252190852751, "params": {"C": 439.58210833412227, "epsilon": 0.27554291602751385, "gamma": 0.11471654523053773}, "datetime": {"datetime": "2021-09-18 15:35:52", "elapsed": 455.384008, "delta": 2.800947}}
{"target": 0.9059663636551655, "params": {"C": 340.88531120981906, "epsilon": 0.3055152325790435, "gamma": 0.0810720551496786}, "datetime": {"datetime": "2021-09-18 15:35:54", "elapsed": 457.709753, "delta": 2.325745}}
{"target": 0.9115554330140918, "params": {"C": 340.8054376537493, "epsilon": 0.22130191502043214, "gamma": 0.023510525715825372}, "datetime": {"datetime": "2021-09-18 15:35:57", "elapsed": 460.313749, "delta": 2.603996}}
{"target": 0.8847786399884645, "params": {"C": 434.47886794098423, "epsilon": 0.1479866676234937, "gamma": 0.09656441756039932}, "datetime": {"datetime": "2021-09-18 15:36:01", "elapsed": 464.1772, "delta": 3.863451}}
{"target": 0.8706996466992013, "params": {"C": 319.52825921710803, "epsilon": 0.8701754125985289, "gamma": 0.11382813102034942}, "datetime": {"datetime": "2021-09-18 15:36:03", "elapsed": 465.827056, "delta": 1.649856}}
{"target": 0.9204233403907448, "params": {"C": 457.0941374992001, "epsilon": 0.9442620589224643, "gamma": 0.03909625599981878}, "datetime": {"datetime": "2021-09-18 15:36:05", "elapsed": 468.681928, "delta": 2.854872}}
{"target": 0.903239465880018, "params": {"C": 457.09296305814485, "epsilon": 0.855244171493605, "gamma": 0.07036895957445898}, "datetime": {"datetime": "2021-09-18 15:36:10", "elapsed": 472.77644, "delta": 4.094512}}
{"target": 0.9151923738790739, "params": {"C": 333.24351475717947, "epsilon": 0.7843715756642956, "gamma": 0.029974890179542482}, "datetime": {"datetime": "2021-09-18 15:36:12", "elapsed": 475.205602, "delta": 2.429162}}
{"target": 0.9160648917374026, "params": {"C": 419.50677070190903, "epsilon": 0.17248642156596541, "gamma": 0.05738226671459977}, "datetime": {"datetime": "2021-09-18 15:36:14", "elapsed": 476.966358, "delta": 1.760756}}
{"target": 0.9170619096023088, "params": {"C": 333.25332925096467, "epsilon": 0.8871202597350084, "gamma": 0.05669142919261441}, "datetime": {"datetime": "2021-09-18 15:36:16", "elapsed": 479.533808, "delta": 2.56745}}
{"target": 0.9134457882348209, "params": {"C": 482.97849508690115, "epsilon": 0.14648940974409427, "gamma": 0.06251154326300562}, "datetime": {"datetime": "2021-09-18 15:36:19", "elapsed": 482.613129, "delta": 3.079321}}
{"target": 0.8906716455452865, "params": {"C": 340.720695022057, "epsilon": 0.25803339327439534, "gamma": 0.09805517222940194}, "datetime": {"datetime": "2021-09-18 15:36:22", "elapsed": 485.629259, "delta": 3.01613}}
{"target": 0.9067047180656481, "params": {"C": 351.11136696548573, "epsilon": 0.6206588527671404, "gamma": 0.02}, "datetime": {"datetime": "2021-09-18 15:36:25", "elapsed": 488.373296, "delta": 2.744037}}
{"target": 0.8812957999230965, "params": {"C": 333.2129107963873, "epsilon": 0.7511048922289211, "gamma": 0.10123594951711114}, "datetime": {"datetime": "2021-09-18 15:36:29", "elapsed": 492.175253, "delta": 3.801957}}
{"target": 0.9224808068474759, "params": {"C": 494.92885784245914, "epsilon": 0.5286006267245679, "gamma": 0.03975950691241974}, "datetime": {"datetime": "2021-09-18 15:36:32", "elapsed": 495.704295, "delta": 3.529042}}
{"target": 0.9213380346054864, "params": {"C": 400.986788724621, "epsilon": 0.7837926536902721, "gamma": 0.04797441636724922}, "datetime": {"datetime": "2021-09-18 15:36:34", "elapsed": 497.398292, "delta": 1.693997}}
{"target": 0.8525794353847433, "params": {"C": 400.9398654454908, "epsilon": 0.7523733148514191, "gamma": 0.14008905473163322}, "datetime": {"datetime": "2021-09-18 15:36:37", "elapsed": 500.060291, "delta": 2.661999}}
{"target": 0.9086266574606853, "params": {"C": 428.971507752991, "epsilon": 0.9459996491713897, "gamma": 0.022202306440397588}, "datetime": {"datetime": "2021-09-18 15:36:39", "elapsed": 502.66126, "delta": 2.600969}}
{"target": 0.862109279234278, "params": {"C": 399.6518785512193, "epsilon": 0.7801847333821567, "gamma": 0.12471241522576103}, "datetime": {"datetime": "2021-09-18 15:36:41", "elapsed": 504.396261, "delta": 1.735001}}
{"target": 0.8528301553515781, "params": {"C": 490.60712624464065, "epsilon": 0.11342213173731919, "gamma": 0.13632624606376076}, "datetime": {"datetime": "2021-09-18 15:36:43", "elapsed": 506.180262, "delta": 1.784001}}
{"target": 0.9140910606617567, "params": {"C": 401.01471008610395, "epsilon": 0.8409234622181665, "gamma": 0.02741078863917361}, "datetime": {"datetime": "2021-09-18 15:36:46", "elapsed": 509.076261, "delta": 2.895999}}
{"target": 0.9152211642056818, "params": {"C": 483.0454499540798, "epsilon": 0.3712432666342815, "gamma": 0.058672397395844}, "datetime": {"datetime": "2021-09-18 15:36:49", "elapsed": 511.857774, "delta": 2.781513}}
{"target": 0.8744503985421536, "params": {"C": 353.18660645779585, "epsilon": 0.6108868366648331, "gamma": 0.10975804453955781}, "datetime": {"datetime": "2021-09-18 15:36:50", "elapsed": 513.5823, "delta": 1.724526}}
{"target": 0.9186119773679579, "params": {"C": 340.7450375608122, "epsilon": 0.5563078736009633, "gamma": 0.03460163597194879}, "datetime": {"datetime": "2021-09-18 15:36:53", "elapsed": 516.291814, "delta": 2.709514}}
{"target": 0.8634868880103642, "params": {"C": 444.42576027397166, "epsilon": 0.1037263817078553, "gamma": 0.12309025044362729}, "datetime": {"datetime": "2021-09-18 15:36:55", "elapsed": 518.136565, "delta": 1.844751}}
{"target": 0.8733911705318903, "params": {"C": 442.45982984775947, "epsilon": 0.43301263309145366, "gamma": 0.10451743789806753}, "datetime": {"datetime": "2021-09-18 15:36:57", "elapsed": 519.839524, "delta": 1.702959}}
{"target": 0.8590592082952131, "params": {"C": 457.0978032813932, "epsilon": 0.9522456682201716, "gamma": 0.12314807747985097}, "datetime": {"datetime": "2021-09-18 15:36:59", "elapsed": 522.497523, "delta": 2.657999}}
{"target": 0.9086076091996322, "params": {"C": 401.06374262557677, "epsilon": 0.7676078322616825, "gamma": 0.07016819788459008}, "datetime": {"datetime": "2021-09-18 15:37:04", "elapsed": 527.170568, "delta": 4.673045}}
{"target": 0.9153389937243374, "params": {"C": 340.87959356571656, "epsilon": 0.4066577651253766, "gamma": 0.025163404858244087}, "datetime": {"datetime": "2021-09-18 15:37:07", "elapsed": 529.897061, "delta": 2.726493}}
{"target": 0.921198167793777, "params": {"C": 442.31990392430487, "epsilon": 0.9385843320902468, "gamma": 0.04603431053811702}, "datetime": {"datetime": "2021-09-18 15:37:08", "elapsed": 531.732795, "delta": 1.835734}}
{"target": 0.9204357615460158, "params": {"C": 442.2492154868724, "epsilon": 0.9866398111956646, "gamma": 0.04024502188394467}, "datetime": {"datetime": "2021-09-18 15:37:12", "elapsed": 535.100495, "delta": 3.3677}}
{"target": 0.9147058437144212, "params": {"C": 442.3377745558462, "epsilon": 0.9967522489694368, "gamma": 0.057437182207070614}, "datetime": {"datetime": "2021-09-18 15:37:16", "elapsed": 539.329219, "delta": 4.228724}}
{"target": 0.914167786798391, "params": {"C": 404.2963286336638, "epsilon": 0.5199285962561123, "gamma": 0.023981812776049122}, "datetime": {"datetime": "2021-09-18 15:37:18", "elapsed": 541.16019, "delta": 1.830971}}
{"target": 0.8672972290533748, "params": {"C": 472.87129727472137, "epsilon": 0.6236561201984334, "gamma": 0.1093057585788935}, "datetime": {"datetime": "2021-09-18 15:37:20", "elapsed": 542.992628, "delta": 1.832438}}
{"target": 0.9128885120122002, "params": {"C": 384.59997199307054, "epsilon": 0.3554681780835997, "gamma": 0.06662368652361224}, "datetime": {"datetime": "2021-09-18 15:37:22", "elapsed": 544.863578, "delta": 1.87095}}
{"target": 0.9192023725771554, "params": {"C": 310.1345269979268, "epsilon": 0.39603108240299945, "gamma": 0.03165842500287558}, "datetime": {"datetime": "2021-09-18 15:37:27", "elapsed": 549.961079, "delta": 5.097501}}
{"target": 0.8520421277040644, "params": {"C": 442.3067854585368, "epsilon": 0.9424199308337905, "gamma": 0.14391179561698267}, "datetime": {"datetime": "2021-09-18 15:37:31", "elapsed": 553.809429, "delta": 3.84835}}
{"target": 0.8826157065297859, "params": {"C": 448.5514190050726, "epsilon": 0.8042635993616823, "gamma": 0.0904885729631466}, "datetime": {"datetime": "2021-09-18 15:37:32", "elapsed": 555.763026, "delta": 1.953597}}
{"target": 0.8917293341862358, "params": {"C": 353.49402045204823, "epsilon": 0.29235256233246826, "gamma": 0.09522086383073565}, "datetime": {"datetime": "2021-09-18 15:37:34", "elapsed": 557.526844, "delta": 1.763818}}
{"target": 0.9192884607792549, "params": {"C": 483.06962099401966, "epsilon": 0.2815223481813322, "gamma": 0.02880745932132881}, "datetime": {"datetime": "2021-09-18 15:37:38", "elapsed": 560.844284, "delta": 3.31744}}
{"target": 0.9209228141159586, "params": {"C": 477.62243517466743, "epsilon": 0.8275705086831072, "gamma": 0.03453174506682452}, "datetime": {"datetime": "2021-09-18 15:37:40", "elapsed": 562.839096, "delta": 1.994812}}
{"target": 0.9222131716653869, "params": {"C": 482.9765153154676, "epsilon": 0.24575893269499333, "gamma": 0.0372176106007188}, "datetime": {"datetime": "2021-09-18 15:37:44", "elapsed": 566.878565, "delta": 4.039469}}
{"target": 0.8812904285072145, "params": {"C": 327.0555619856424, "epsilon": 0.399972606121112, "gamma": 0.10763130080794676}, "datetime": {"datetime": "2021-09-18 15:37:45", "elapsed": 568.760222, "delta": 1.881657}}
{"target": 0.9188574060018188, "params": {"C": 422.1042869431509, "epsilon": 0.2542807992962067, "gamma": 0.04542022436801843}, "datetime": {"datetime": "2021-09-18 15:37:47", "elapsed": 570.678916, "delta": 1.918694}}
{"target": 0.9225979214068096, "params": {"C": 477.65859775067196, "epsilon": 0.7510879528483445, "gamma": 0.04240066452974025}, "datetime": {"datetime": "2021-09-18 15:37:51", "elapsed": 574.007637, "delta": 3.328721}}
{"target": 0.9115047298919126, "params": {"C": 495.0517281968065, "epsilon": 0.38918103097315965, "gamma": 0.021849038105844137}, "datetime": {"datetime": "2021-09-18 15:37:54", "elapsed": 577.155512, "delta": 3.147875}}
{"target": 0.9190105066820492, "params": {"C": 308.2522978858226, "epsilon": 0.7981850681326266, "gamma": 0.04009532598955881}, "datetime": {"datetime": "2021-09-18 15:37:56", "elapsed": 579.072225, "delta": 1.916713}}
{"target": 0.854081470598632, "params": {"C": 464.77985564534293, "epsilon": 0.7718057015082966, "gamma": 0.13377262704180787}, "datetime": {"datetime": "2021-09-18 15:37:58", "elapsed": 580.94049, "delta": 1.868265}}
{"target": 0.8770014288912993, "params": {"C": 477.7169765420126, "epsilon": 0.7909403304265978, "gamma": 0.09424597662067469}, "datetime": {"datetime": "2021-09-18 15:38:01", "elapsed": 584.729462, "delta": 3.788972}}
{"target": 0.9219894877551456, "params": {"C": 477.6697252914531, "epsilon": 0.6743053195088664, "gamma": 0.035177253348878654}, "datetime": {"datetime": "2021-09-18 15:38:05", "elapsed": 587.908817, "delta": 3.179355}}
{"target": 0.921275394118852, "params": {"C": 419.20248765967256, "epsilon": 0.8580615170345142, "gamma": 0.04734620041437142}, "datetime": {"datetime": "2021-09-18 15:38:07", "elapsed": 589.791399, "delta": 1.882582}}
{"target": 0.862319288347676, "params": {"C": 477.5767100317773, "epsilon": 0.7074790998077677, "gamma": 0.11859060957745488}, "datetime": {"datetime": "2021-09-18 15:38:10", "elapsed": 592.780005, "delta": 2.988606}}
{"target": 0.8765285763709033, "params": {"C": 419.12058110423266, "epsilon": 0.860213378186605, "gamma": 0.09837368644337886}, "datetime": {"datetime": "2021-09-18 15:38:13", "elapsed": 596.034099, "delta": 3.254094}}
{"target": 0.90325263078964, "params": {"C": 340.6374300357023, "epsilon": 0.9882237799645721, "gamma": 0.02}, "datetime": {"datetime": "2021-09-18 15:38:16", "elapsed": 599.447192, "delta": 3.413093}}
{"target": 0.9216838924701787, "params": {"C": 419.25836231685304, "epsilon": 0.8044529389684599, "gamma": 0.04734185241627119}, "datetime": {"datetime": "2021-09-18 15:38:20", "elapsed": 602.830054, "delta": 3.382862}}
{"target": 0.8923564743300445, "params": {"C": 391.6041279849804, "epsilon": 0.6733845855377797, "gamma": 0.08747437256593468}, "datetime": {"datetime": "2021-09-18 15:38:22", "elapsed": 604.822709, "delta": 1.992655}}
{"target": 0.8677193454196829, "params": {"C": 419.28203270754204, "epsilon": 0.7446509275541067, "gamma": 0.11182278271447978}, "datetime": {"datetime": "2021-09-18 15:38:25", "elapsed": 607.954714, "delta": 3.132005}}
{"target": 0.8964456281480949, "params": {"C": 333.4697995406898, "epsilon": 0.4106403667580661, "gamma": 0.0898968952648212}, "datetime": {"datetime": "2021-09-18 15:38:27", "elapsed": 609.951951, "delta": 1.997237}}
{"target": 0.8677696917105859, "params": {"C": 308.2024634427947, "epsilon": 0.8387102709302696, "gamma": 0.1197373777331311}, "datetime": {"datetime": "2021-09-18 15:38:30", "elapsed": 613.534677, "delta": 3.582726}}
{"target": 0.9206374428076121, "params": {"C": 419.2511057630644, "epsilon": 0.930059529010192, "gamma": 0.04183576536851237}, "datetime": {"datetime": "2021-09-18 15:38:33", "elapsed": 616.561588, "delta": 3.026911}}
{"target": 0.8846925134213891, "params": {"C": 422.1349661032388, "epsilon": 0.32736207952190466, "gamma": 0.09558786107058787}, "datetime": {"datetime": "2021-09-18 15:38:37", "elapsed": 620.332326, "delta": 3.770738}}
{"target": 0.9046871783537263, "params": {"C": 334.9158361294743, "epsilon": 0.4606438443992927, "gamma": 0.08055901823506134}, "datetime": {"datetime": "2021-09-18 15:38:39", "elapsed": 622.35792, "delta": 2.025594}}
{"target": 0.8802193589029883, "params": {"C": 313.21707992977935, "epsilon": 0.6592300273657701, "gamma": 0.1065792261238876}, "datetime": {"datetime": "2021-09-18 15:38:41", "elapsed": 624.467313, "delta": 2.109393}}
{"target": 0.8985117597913131, "params": {"C": 419.2846552858139, "epsilon": 0.9075488700906159, "gamma": 0.07505993477676454}, "datetime": {"datetime": "2021-09-18 15:38:47", "elapsed": 630.074577, "delta": 5.607264}}
{"target": 0.9204467256112121, "params": {"C": 422.17047758890715, "epsilon": 0.2020750423765817, "gamma": 0.032276832769086924}, "datetime": {"datetime": "2021-09-18 15:38:50", "elapsed": 633.098447, "delta": 3.02387}}
