{"target": -1.950181887779865, "params": {"C": 60.45779917538076, "epsilon": 0.09471149689172327, "gamma": 0.06402233706026611}, "datetime": {"datetime": "2021-09-18 11:51:24", "elapsed": 0.367999, "delta": 0.111002}}
{"target": -1.942503691862371, "params": {"C": 98.54003248309229, "epsilon": 0.14868251537852564, "gamma": 0.06076967847007943}, "datetime": {"datetime": "2021-09-18 11:51:24", "elapsed": 0.473999, "delta": 0.106}}
{"target": -1.9948162070764628, "params": {"C": 94.31390100561777, "epsilon": 0.4206759185198005, "gamma": 0.04255132634109334}, "datetime": {"datetime": "2021-09-18 11:51:24", "elapsed": 0.577999, "delta": 0.104}}
{"target": -1.9561049517842017, "params": {"C": 55.796520028712585, "epsilon": 0.08148063635621824, "gamma": 0.0663442751028824}, "datetime": {"datetime": "2021-09-18 11:51:25", "elapsed": 0.670999, "delta": 0.093}}
{"target": -1.9752754449230416, "params": {"C": 98.90720917230351, "epsilon": 0.18708710847135873, "gamma": 0.06605119013289037}, "datetime": {"datetime": "2021-09-18 11:51:25", "elapsed": 0.855042, "delta": 0.184043}}
{"target": -1.9432474524650925, "params": {"C": 98.20940829480635, "epsilon": 0.11463401435668037, "gamma": 0.05601003922934648}, "datetime": {"datetime": "2021-09-18 11:51:25", "elapsed": 1.090002, "delta": 0.23496}}
{"target": -1.9729066945955072, "params": {"C": 61.19577815092306, "epsilon": 0.05466843620321266, "gamma": 0.0518063536438141}, "datetime": {"datetime": "2021-09-18 11:51:25", "elapsed": 1.373002, "delta": 0.283}}
{"target": -1.9604120600142543, "params": {"C": 64.4656839282148, "epsilon": 0.07481611877768576, "gamma": 0.06841910353231502}, "datetime": {"datetime": "2021-09-18 11:51:25", "elapsed": 1.476001, "delta": 0.102999}}
{"target": -1.9811577020654663, "params": {"C": 87.40777838653614, "epsilon": 0.3429904224821238, "gamma": 0.04584064094746826}, "datetime": {"datetime": "2021-09-18 11:51:26", "elapsed": 1.593003, "delta": 0.117002}}
{"target": -1.9852008850171485, "params": {"C": 98.33557983045914, "epsilon": 0.4687279004299433, "gamma": 0.05266285379116477}, "datetime": {"datetime": "2021-09-18 11:51:26", "elapsed": 1.929997, "delta": 0.336994}}
{"target": -1.9610827678267484, "params": {"C": 97.95049647489498, "epsilon": 0.31278542261407827, "gamma": 0.054121619197875476}, "datetime": {"datetime": "2021-09-18 11:51:26", "elapsed": 2.059, "delta": 0.129003}}
{"target": -2.0000673712547523, "params": {"C": 76.48170525224324, "epsilon": 0.3956716193067042, "gamma": 0.06937205315093732}, "datetime": {"datetime": "2021-09-18 11:51:26", "elapsed": 2.175007, "delta": 0.116007}}
{"target": -2.010082406927848, "params": {"C": 60.21061051900506, "epsilon": 0.4693753022738771, "gamma": 0.05183934507541682}, "datetime": {"datetime": "2021-09-18 11:51:26", "elapsed": 2.360007, "delta": 0.185}}
{"target": -1.9395491333735482, "params": {"C": 98.37890439234135, "epsilon": 0.010200405676175035, "gamma": 0.06001294159627424}, "datetime": {"datetime": "2021-09-18 11:51:27", "elapsed": 2.585009, "delta": 0.225002}}
{"target": -1.9583216365245164, "params": {"C": 85.14713020831229, "epsilon": 0.25842236798534995, "gamma": 0.051496275014161146}, "datetime": {"datetime": "2021-09-18 11:51:27", "elapsed": 2.792, "delta": 0.206991}}
{"target": -1.9920976050380896, "params": {"C": 60.47478064614192, "epsilon": 0.06722963262839393, "gamma": 0.04950496935553643}, "datetime": {"datetime": "2021-09-18 11:51:27", "elapsed": 3.007999, "delta": 0.215999}}
{"target": -2.0300484038750093, "params": {"C": 66.60402151347034, "epsilon": 0.3597150529904296, "gamma": 0.04200611636980945}, "datetime": {"datetime": "2021-09-18 11:51:27", "elapsed": 3.138003, "delta": 0.130004}}
{"target": -1.9852735079829567, "params": {"C": 97.2091597304966, "epsilon": 0.4465761578216086, "gamma": 0.04837394271222419}, "datetime": {"datetime": "2021-09-18 11:51:27", "elapsed": 3.270007, "delta": 0.132004}}
{"target": -1.9934785175714003, "params": {"C": 81.51729284615888, "epsilon": 0.05474456282084621, "gamma": 0.043503325290532836}, "datetime": {"datetime": "2021-09-18 11:51:27", "elapsed": 3.401999, "delta": 0.131992}}
{"target": -1.9669571886528896, "params": {"C": 82.22673439302264, "epsilon": 0.2628594071600627, "gamma": 0.0596082076090534}, "datetime": {"datetime": "2021-09-18 11:51:27", "elapsed": 3.531, "delta": 0.129001}}
{"target": -1.9662665457003887, "params": {"C": 54.77338259134607, "epsilon": 0.12291099971491656, "gamma": 0.06401754117082788}, "datetime": {"datetime": "2021-09-18 11:51:28", "elapsed": 3.677, "delta": 0.146}}
{"target": -1.9764215167782553, "params": {"C": 68.36699775854653, "epsilon": 0.2576489128225926, "gamma": 0.06480274788903566}, "datetime": {"datetime": "2021-09-18 11:51:28", "elapsed": 3.818998, "delta": 0.141998}}
{"target": -1.9315153742815787, "params": {"C": 75.34223494049797, "epsilon": 0.06557700796204541, "gamma": 0.05701999915080813}, "datetime": {"datetime": "2021-09-18 11:51:28", "elapsed": 3.965001, "delta": 0.146003}}
{"target": -2.0004968626695643, "params": {"C": 95.92446660740328, "epsilon": 0.2934116934040004, "gamma": 0.06907845284893142}, "datetime": {"datetime": "2021-09-18 11:51:28", "elapsed": 4.117007, "delta": 0.152006}}
{"target": -1.9443805175697175, "params": {"C": 90.98610701120904, "epsilon": 0.15080504496182934, "gamma": 0.058195882572639496}, "datetime": {"datetime": "2021-09-18 11:51:28", "elapsed": 4.271035, "delta": 0.154028}}
{"target": -1.932469884402445, "params": {"C": 64.5819250316072, "epsilon": 0.032320230605927355, "gamma": 0.06111536942253666}, "datetime": {"datetime": "2021-09-18 11:51:28", "elapsed": 4.417001, "delta": 0.145966}}
{"target": -2.0013169879373316, "params": {"C": 93.47201976310681, "epsilon": 0.4013845727629702, "gamma": 0.06646555706428439}, "datetime": {"datetime": "2021-09-18 11:51:29", "elapsed": 4.616001, "delta": 0.199}}
{"target": -1.9412065898838036, "params": {"C": 81.52947592231969, "epsilon": 0.055881451159781735, "gamma": 0.052275137543278415}, "datetime": {"datetime": "2021-09-18 11:51:29", "elapsed": 4.786, "delta": 0.169999}}
{"target": -1.9599692929169892, "params": {"C": 92.60338292050827, "epsilon": 0.1978629040340292, "gamma": 0.04888268252121944}, "datetime": {"datetime": "2021-09-18 11:51:29", "elapsed": 4.964998, "delta": 0.178998}}
{"target": -1.9912204665426212, "params": {"C": 68.17394272771145, "epsilon": 0.4032353507139912, "gamma": 0.06294099111830814}, "datetime": {"datetime": "2021-09-18 11:51:29", "elapsed": 5.186002, "delta": 0.221004}}
{"target": -2.003274888651175, "params": {"C": 69.06297035490621, "epsilon": 0.26005349426529695, "gamma": 0.04669203793700089}, "datetime": {"datetime": "2021-09-18 11:51:29", "elapsed": 5.365004, "delta": 0.179002}}
{"target": -2.0331285803281225, "params": {"C": 55.9776318751253, "epsilon": 0.196155862990164, "gamma": 0.04015874719033203}, "datetime": {"datetime": "2021-09-18 11:51:29", "elapsed": 5.526007, "delta": 0.161003}}
{"target": -1.99425581498714, "params": {"C": 59.27623050012942, "epsilon": 0.2980016303120418, "gamma": 0.05229854966330321}, "datetime": {"datetime": "2021-09-18 11:51:30", "elapsed": 5.710997, "delta": 0.18499}}
{"target": -1.9606509709226205, "params": {"C": 60.36883841854837, "epsilon": 0.20683773485346899, "gamma": 0.060852186692902446}, "datetime": {"datetime": "2021-09-18 11:51:30", "elapsed": 5.908999, "delta": 0.198002}}
{"target": -1.9683607187750056, "params": {"C": 64.04018955042078, "epsilon": 0.34896325255893, "gamma": 0.05606133803636898}, "datetime": {"datetime": "2021-09-18 11:51:30", "elapsed": 6.145999, "delta": 0.237}}
{"target": -1.9845300815667146, "params": {"C": 58.747258328498404, "epsilon": 0.028745670179599468, "gamma": 0.05108938234633095}, "datetime": {"datetime": "2021-09-18 11:51:30", "elapsed": 6.388999, "delta": 0.243}}
{"target": -2.0078537614217877, "params": {"C": 74.09811792154855, "epsilon": 0.09254513234423228, "gamma": 0.042272977455459826}, "datetime": {"datetime": "2021-09-18 11:51:30", "elapsed": 6.566002, "delta": 0.177003}}
{"target": -1.9702104205402002, "params": {"C": 55.93990954538876, "epsilon": 0.05668028083455625, "gamma": 0.05505291806012825}, "datetime": {"datetime": "2021-09-18 11:51:31", "elapsed": 6.805997, "delta": 0.239995}}
{"target": -1.979830355500239, "params": {"C": 77.94169097275571, "epsilon": 0.38886290673953694, "gamma": 0.063681397597389}, "datetime": {"datetime": "2021-09-18 11:51:31", "elapsed": 7.005997, "delta": 0.2}}
{"target": -1.966686661951304, "params": {"C": 63.11256253097549, "epsilon": 0.1675424904835737, "gamma": 0.06640110177101219}, "datetime": {"datetime": "2021-09-18 11:51:31", "elapsed": 7.228007, "delta": 0.22201}}
{"target": -1.9699025396912382, "params": {"C": 89.0909982793759, "epsilon": 0.22113657510897436, "gamma": 0.04588001132511542}, "datetime": {"datetime": "2021-09-18 11:51:31", "elapsed": 7.427046, "delta": 0.199039}}
{"target": -1.9915333961796062, "params": {"C": 92.35855992034664, "epsilon": 0.060044780430302654, "gamma": 0.041085947930360994}, "datetime": {"datetime": "2021-09-18 11:51:32", "elapsed": 7.612044, "delta": 0.184998}}
{"target": -2.0237798349195946, "params": {"C": 76.75793294784158, "epsilon": 0.4013218128049542, "gamma": 0.04117270148057994}, "datetime": {"datetime": "2021-09-18 11:51:32", "elapsed": 7.84204, "delta": 0.229996}}
{"target": -2.024999715881399, "params": {"C": 65.71744249196622, "epsilon": 0.39768936851760694, "gamma": 0.04391970435669622}, "datetime": {"datetime": "2021-09-18 11:51:32", "elapsed": 8.040037, "delta": 0.197997}}
{"target": -1.9509091452903196, "params": {"C": 88.71633051439923, "epsilon": 0.11262421568263294, "gamma": 0.06625571517342997}, "datetime": {"datetime": "2021-09-18 11:51:32", "elapsed": 8.263002, "delta": 0.222965}}
{"target": -2.0082689304401624, "params": {"C": 54.714289741173374, "epsilon": 0.3649876066363317, "gamma": 0.0676341374199714}, "datetime": {"datetime": "2021-09-18 11:51:32", "elapsed": 8.502042, "delta": 0.23904}}
{"target": -1.9909459334747488, "params": {"C": 91.30000713976717, "epsilon": 0.3517111588352215, "gamma": 0.06668586992038925}, "datetime": {"datetime": "2021-09-18 11:51:33", "elapsed": 8.716997, "delta": 0.214955}}
{"target": -1.9797497673304025, "params": {"C": 81.43434976169829, "epsilon": 0.2200365846293295, "gamma": 0.06966008722232901}, "datetime": {"datetime": "2021-09-18 11:51:33", "elapsed": 8.947002, "delta": 0.230005}}
{"target": -1.9767730609845044, "params": {"C": 66.3591764599197, "epsilon": 0.31236167186032676, "gamma": 0.05229197868527862}, "datetime": {"datetime": "2021-09-18 11:51:33", "elapsed": 9.143997, "delta": 0.196995}}
{"target": -2.0025976956641016, "params": {"C": 57.84161844562675, "epsilon": 0.09666173994682656, "gamma": 0.04893468365176347}, "datetime": {"datetime": "2021-09-18 11:51:33", "elapsed": 9.454999, "delta": 0.311002}}
{"target": -2.0276695853060738, "params": {"C": 57.06331283180484, "epsilon": 0.24003259782806893, "gamma": 0.04324656586352896}, "datetime": {"datetime": "2021-09-18 11:51:34", "elapsed": 9.799999, "delta": 0.345}}
{"target": -1.9458117672331103, "params": {"C": 70.50771143486689, "epsilon": 0.06390141113874122, "gamma": 0.053320967709905555}, "datetime": {"datetime": "2021-09-18 11:51:34", "elapsed": 10.032056, "delta": 0.232057}}
{"target": -1.9464400565264173, "params": {"C": 84.1443112820322, "epsilon": 0.11867420433547032, "gamma": 0.059285514654507855}, "datetime": {"datetime": "2021-09-18 11:51:34", "elapsed": 10.277001, "delta": 0.244945}}
{"target": -2.0039107564385388, "params": {"C": 99.63032641425804, "epsilon": 0.4034449274745848, "gamma": 0.06714046410374447}, "datetime": {"datetime": "2021-09-18 11:51:34", "elapsed": 10.538039, "delta": 0.261038}}
{"target": -1.9888630766558502, "params": {"C": 74.93910534341444, "epsilon": 0.24000680521436923, "gamma": 0.04727666074734132}, "datetime": {"datetime": "2021-09-18 11:51:35", "elapsed": 10.765, "delta": 0.226961}}
{"target": -2.002988694875266, "params": {"C": 55.94138014149925, "epsilon": 0.30977572104232026, "gamma": 0.06973510133971478}, "datetime": {"datetime": "2021-09-18 11:51:35", "elapsed": 10.969004, "delta": 0.204004}}
{"target": -1.939014613010088, "params": {"C": 56.69949730915941, "epsilon": 0.008364851302366909, "gamma": 0.06598779887037716}, "datetime": {"datetime": "2021-09-18 11:51:35", "elapsed": 11.224008, "delta": 0.255004}}
{"target": -2.011314268571071, "params": {"C": 58.99741884985922, "epsilon": 0.3836131216120122, "gamma": 0.06923888781036287}, "datetime": {"datetime": "2021-09-18 11:51:35", "elapsed": 11.480003, "delta": 0.255995}}
{"target": -1.9378321258467897, "params": {"C": 94.10036208408657, "epsilon": 0.08558254047399959, "gamma": 0.05256358605685819}, "datetime": {"datetime": "2021-09-18 11:51:36", "elapsed": 11.721008, "delta": 0.241005}}
{"target": -1.9560765864523322, "params": {"C": 57.30795910672677, "epsilon": 0.07505819024730476, "gamma": 0.06032448465695324}, "datetime": {"datetime": "2021-09-18 11:51:36", "elapsed": 11.976045, "delta": 0.255037}}
{"target": -1.9445569265544838, "params": {"C": 82.8623046142789, "epsilon": 0.13862801172003705, "gamma": 0.05751633943253111}, "datetime": {"datetime": "2021-09-18 11:51:36", "elapsed": 12.286998, "delta": 0.310953}}
{"target": -1.9418170550873015, "params": {"C": 80.10739938981364, "epsilon": 0.13085227512349376, "gamma": 0.0553732336003521}, "datetime": {"datetime": "2021-09-18 11:51:36", "elapsed": 12.552, "delta": 0.265002}}
{"target": -1.9728993554216339, "params": {"C": 97.81658384041404, "epsilon": 0.11833744315321182, "gamma": 0.04163887618133358}, "datetime": {"datetime": "2021-09-18 11:51:37", "elapsed": 12.789999, "delta": 0.237999}}
{"target": -1.9756147873991179, "params": {"C": 65.83588178384136, "epsilon": 0.34902536286047725, "gamma": 0.05983064523575758}, "datetime": {"datetime": "2021-09-18 11:51:37", "elapsed": 13.058999, "delta": 0.269}}
{"target": -2.0091321714843358, "params": {"C": 54.78248512262834, "epsilon": 0.13927483876477056, "gamma": 0.049347992354050046}, "datetime": {"datetime": "2021-09-18 11:51:37", "elapsed": 13.408999, "delta": 0.35}}
{"target": -2.0275136107884015, "params": {"C": 57.96741444251267, "epsilon": 0.2580923537046953, "gamma": 0.04435094499595742}, "datetime": {"datetime": "2021-09-18 11:51:38", "elapsed": 13.64004, "delta": 0.231041}}
{"target": -1.974780299331109, "params": {"C": 69.15444369071949, "epsilon": 0.3358452397594238, "gamma": 0.06042795537231141}, "datetime": {"datetime": "2021-09-18 11:51:38", "elapsed": 13.91301, "delta": 0.27297}}
{"target": -1.9587704406420474, "params": {"C": 98.98647585965045, "epsilon": 0.07277128698465907, "gamma": 0.04358638179765367}, "datetime": {"datetime": "2021-09-18 11:51:38", "elapsed": 14.232008, "delta": 0.318998}}
{"target": -1.9964115786988386, "params": {"C": 72.68193441995592, "epsilon": 0.04864301171590139, "gamma": 0.045278504105601615}, "datetime": {"datetime": "2021-09-18 11:51:38", "elapsed": 14.496001, "delta": 0.263993}}
{"target": -1.9828710666034204, "params": {"C": 62.494441911885296, "epsilon": 0.4215022972671315, "gamma": 0.05565457959983474}, "datetime": {"datetime": "2021-09-18 11:51:39", "elapsed": 14.818005, "delta": 0.322004}}
{"target": -1.9963562615472559, "params": {"C": 63.997115812688435, "epsilon": 0.13385259906456975, "gamma": 0.04871399696725667}, "datetime": {"datetime": "2021-09-18 11:51:39", "elapsed": 15.173002, "delta": 0.354997}}
{"target": -1.9442301262022454, "params": {"C": 61.05260592434326, "epsilon": 0.009119494386212495, "gamma": 0.06879579132927305}, "datetime": {"datetime": "2021-09-18 11:51:39", "elapsed": 15.506001, "delta": 0.332999}}
{"target": -1.9918598713201956, "params": {"C": 77.26323337368898, "epsilon": 0.46529604026047977, "gamma": 0.05207343872170432}, "datetime": {"datetime": "2021-09-18 11:51:40", "elapsed": 15.792003, "delta": 0.286002}}
{"target": -1.959892059923182, "params": {"C": 91.82260095813292, "epsilon": 0.22503697678500625, "gamma": 0.06179356995313123}, "datetime": {"datetime": "2021-09-18 11:51:40", "elapsed": 16.088008, "delta": 0.296005}}
{"target": -1.9863766177191413, "params": {"C": 75.08354108252661, "epsilon": 0.4556237833285741, "gamma": 0.057071321969487984}, "datetime": {"datetime": "2021-09-18 11:51:40", "elapsed": 16.380003, "delta": 0.291995}}
{"target": -2.0152331039778097, "params": {"C": 72.0873401220527, "epsilon": 0.32174269974294256, "gamma": 0.04414584996933236}, "datetime": {"datetime": "2021-09-18 11:51:41", "elapsed": 16.687003, "delta": 0.307}}
{"target": -2.0434474864812926, "params": {"C": 60.18551030394545, "epsilon": 0.44128239332261887, "gamma": 0.04028413696580529}, "datetime": {"datetime": "2021-09-18 11:51:41", "elapsed": 16.951004, "delta": 0.264001}}
{"target": -1.9785127827564548, "params": {"C": 68.6297818074271, "epsilon": 0.37925004687995156, "gamma": 0.058824903025325184}, "datetime": {"datetime": "2021-09-18 11:51:42", "elapsed": 17.618009, "delta": 0.667005}}
{"target": -1.9594655374636525, "params": {"C": 62.131592618598376, "epsilon": 0.09991185539639702, "gamma": 0.05591801283232238}, "datetime": {"datetime": "2021-09-18 11:51:42", "elapsed": 17.893004, "delta": 0.274995}}
{"target": -1.9346337747137874, "params": {"C": 91.96899639146179, "epsilon": 0.05810940264695299, "gamma": 0.05674926569011188}, "datetime": {"datetime": "2021-09-18 11:51:42", "elapsed": 18.179006, "delta": 0.286002}}
{"target": -1.9729207641786701, "params": {"C": 86.6680815276787, "epsilon": 0.2155481364619075, "gamma": 0.06747151201835679}, "datetime": {"datetime": "2021-09-18 11:51:42", "elapsed": 18.491001, "delta": 0.311995}}
{"target": -1.9817994573390392, "params": {"C": 77.52384813806161, "epsilon": 0.3346339894672877, "gamma": 0.06799114279584756}, "datetime": {"datetime": "2021-09-18 11:51:43", "elapsed": 18.793004, "delta": 0.302003}}
{"target": -1.9806714716785674, "params": {"C": 81.40417234421847, "epsilon": 0.44679393746492363, "gamma": 0.05782335186635155}, "datetime": {"datetime": "2021-09-18 11:51:43", "elapsed": 19.127006, "delta": 0.334002}}
{"target": -1.9689550725849068, "params": {"C": 92.23038854890886, "epsilon": 0.3952744677709361, "gamma": 0.0561246690268094}, "datetime": {"datetime": "2021-09-18 11:51:43", "elapsed": 19.415002, "delta": 0.287996}}
{"target": -2.0223563039113905, "params": {"C": 55.388479296336406, "epsilon": 0.11564376942450616, "gamma": 0.04336573903299281}, "datetime": {"datetime": "2021-09-18 11:51:44", "elapsed": 19.761999, "delta": 0.346997}}
{"target": -1.9472108263345043, "params": {"C": 90.4606142425013, "epsilon": 0.06794266344214542, "gamma": 0.06376784802218172}, "datetime": {"datetime": "2021-09-18 11:51:44", "elapsed": 20.092005, "delta": 0.330006}}
{"target": -1.9694619718644397, "params": {"C": 85.01980160339986, "epsilon": 0.3474776491979151, "gamma": 0.05194460978400922}, "datetime": {"datetime": "2021-09-18 11:51:44", "elapsed": 20.415008, "delta": 0.323003}}
{"target": -2.0010496094585437, "params": {"C": 71.94049368277378, "epsilon": 0.018515875595870486, "gamma": 0.044645509790438645}, "datetime": {"datetime": "2021-09-18 11:51:45", "elapsed": 20.750999, "delta": 0.335991}}
{"target": -2.041515788408992, "params": {"C": 55.16928114149155, "epsilon": 0.01890091296091173, "gamma": 0.04089474795627425}, "datetime": {"datetime": "2021-09-18 11:51:45", "elapsed": 21.053001, "delta": 0.302002}}
{"target": -2.0093087436339476, "params": {"C": 71.97667688395764, "epsilon": 0.08845001055619998, "gamma": 0.04250966642152097}, "datetime": {"datetime": "2021-09-18 11:51:45", "elapsed": 21.449002, "delta": 0.396001}}
{"target": -1.951882509377316, "params": {"C": 75.97040937757251, "epsilon": 0.10071784657086617, "gamma": 0.0644675564194365}, "datetime": {"datetime": "2021-09-18 11:51:46", "elapsed": 21.769009, "delta": 0.320007}}
{"target": -1.9847981731155933, "params": {"C": 90.30762126447914, "epsilon": 0.3371631990557784, "gamma": 0.06655723445020516}, "datetime": {"datetime": "2021-09-18 11:51:46", "elapsed": 22.085, "delta": 0.315991}}
{"target": -1.9879983804508425, "params": {"C": 60.9783155457558, "epsilon": 0.4437749238442769, "gamma": 0.05602770165361586}, "datetime": {"datetime": "2021-09-18 11:51:46", "elapsed": 22.401002, "delta": 0.316002}}
{"target": -1.9609469696810733, "params": {"C": 76.26897448481454, "epsilon": 0.19643549345241137, "gamma": 0.0634234189224545}, "datetime": {"datetime": "2021-09-18 11:51:47", "elapsed": 22.804999, "delta": 0.403997}}
{"target": -1.9716625628891986, "params": {"C": 94.99183960597382, "epsilon": 0.3854949008352146, "gamma": 0.0510310823793172}, "datetime": {"datetime": "2021-09-18 11:51:47", "elapsed": 23.334038, "delta": 0.529039}}
{"target": -1.973503726322556, "params": {"C": 66.80379714392889, "epsilon": 0.36758933434344604, "gamma": 0.05525606317309066}, "datetime": {"datetime": "2021-09-18 11:51:48", "elapsed": 23.641007, "delta": 0.306969}}
{"target": -1.9807330730002444, "params": {"C": 83.39883283604534, "epsilon": 0.04839753808583282, "gamma": 0.04430498959770521}, "datetime": {"datetime": "2021-09-18 11:51:48", "elapsed": 23.968038, "delta": 0.327031}}
{"target": -1.9744263797437667, "params": {"C": 84.45796630745194, "epsilon": 0.4054765842743828, "gamma": 0.056352618390133793}, "datetime": {"datetime": "2021-09-18 11:51:48", "elapsed": 24.322002, "delta": 0.353964}}
{"target": -1.9704035118923413, "params": {"C": 91.51895043261145, "epsilon": 0.20289376875280987, "gamma": 0.06635407658452108}, "datetime": {"datetime": "2021-09-18 11:51:49", "elapsed": 24.674008, "delta": 0.352006}}
{"target": -1.9872874883336948, "params": {"C": 72.33425660220051, "epsilon": 0.30900309493454114, "gamma": 0.04852552321283411}, "datetime": {"datetime": "2021-09-18 11:51:49", "elapsed": 25.010034, "delta": 0.336026}}
