{"target": 0.8864627944314548, "params": {"C": 582.5946958739457, "epsilon": 0.3947224670670089, "gamma": 0.08065581977442328}, "datetime": {"datetime": "2021-09-18 16:51:33", "elapsed": 182.907776, "delta": 1.275043}}
{"target": 0.9072914579660775, "params": {"C": 551.0069529489753, "epsilon": 0.9151376343238105, "gamma": 0.062453543640859144}, "datetime": {"datetime": "2021-09-18 16:51:34", "elapsed": 183.844418, "delta": 0.936642}}
{"target": 0.9220396827165787, "params": {"C": 578.7865992129779, "epsilon": 0.6250312409014595, "gamma": 0.030668558708150932}, "datetime": {"datetime": "2021-09-18 16:51:35", "elapsed": 185.005102, "delta": 1.160684}}
{"target": 0.9223983576911745, "params": {"C": 695.1037191444291, "epsilon": 0.29232542002599626, "gamma": 0.03234480012062374}, "datetime": {"datetime": "2021-09-18 16:51:36", "elapsed": 185.970953, "delta": 0.965851}}
{"target": 0.9088342694835365, "params": {"C": 606.3740341787573, "epsilon": 0.3486729473118495, "gamma": 0.02063496386197814}, "datetime": {"datetime": "2021-09-18 16:51:37", "elapsed": 186.900369, "delta": 0.929416}}
{"target": 0.8616293893970155, "params": {"C": 576.621132327115, "epsilon": 0.7510869609537928, "gamma": 0.11157917197705984}, "datetime": {"datetime": "2021-09-18 16:51:38", "elapsed": 187.820722, "delta": 0.920353}}
{"target": 0.9090834103018088, "params": {"C": 550.8589052235386, "epsilon": 0.9056383333205389, "gamma": 0.02}, "datetime": {"datetime": "2021-09-18 16:51:40", "elapsed": 189.544292, "delta": 1.72357}}
{"target": 0.9124925786278623, "params": {"C": 578.794732786008, "epsilon": 0.7034444074339198, "gamma": 0.02}, "datetime": {"datetime": "2021-09-18 16:51:41", "elapsed": 190.880172, "delta": 1.33588}}
{"target": 0.8558612160145912, "params": {"C": 695.0987557926024, "epsilon": 0.2642669243143269, "gamma": 0.10909631419002147}, "datetime": {"datetime": "2021-09-18 16:51:42", "elapsed": 192.161196, "delta": 1.281024}}
{"target": 0.9103381931523129, "params": {"C": 675.4253487919593, "epsilon": 0.9329821029766935, "gamma": 0.02176494584994282}, "datetime": {"datetime": "2021-09-18 16:51:43", "elapsed": 193.443932, "delta": 1.282736}}
{"target": 0.9087648490455911, "params": {"C": 540.7897930415236, "epsilon": 0.9818062464800557, "gamma": 0.022075255155374594}, "datetime": {"datetime": "2021-09-18 16:51:45", "elapsed": 194.851772, "delta": 1.40784}}
{"target": 0.9125823377896034, "params": {"C": 502.695418076774, "epsilon": 0.7150799735614659, "gamma": 0.02}, "datetime": {"datetime": "2021-09-18 16:51:47", "elapsed": 196.5177, "delta": 1.665928}}
{"target": 0.9196065750841647, "params": {"C": 558.980487601101, "epsilon": 0.033902185077034415, "gamma": 0.035531310374342054}, "datetime": {"datetime": "2021-09-18 16:51:48", "elapsed": 197.551216, "delta": 1.033516}}
{"target": 0.9180865805343268, "params": {"C": 680.75871499093, "epsilon": 0.11774366459332583, "gamma": 0.02855981198838948}, "datetime": {"datetime": "2021-09-18 16:51:49", "elapsed": 199.020109, "delta": 1.468893}}
{"target": 0.9156844909163638, "params": {"C": 634.566042544453, "epsilon": 0.26673325689662164, "gamma": 0.052779586564422665}, "datetime": {"datetime": "2021-09-18 16:51:50", "elapsed": 200.022035, "delta": 1.001926}}
