{"target": -2.0761689357898847, "params": {"C": 62.24959810886903, "epsilon": 1.0095700715817892, "gamma": 0.04030676377117161}, "datetime": {"datetime": "2021-09-18 10:30:33", "elapsed": 743.967745, "delta": 3.547047}}
{"target": -3.5309256540478664, "params": {"C": 25.424007466627906, "epsilon": 0.21991727783158052, "gamma": 0.001}, "datetime": {"datetime": "2021-09-18 10:30:36", "elapsed": 747.1537, "delta": 3.185955}}
{"target": -2.8700985224821927, "params": {"C": 66.36960802838068, "epsilon": 1.2010943532804212, "gamma": 0.24274782262474812}, "datetime": {"datetime": "2021-09-18 10:30:39", "elapsed": 750.071738, "delta": 2.918038}}
{"target": -2.206609501532401, "params": {"C": 26.762316845031123, "epsilon": 0.30680759216253184, "gamma": 0.02239658268533015}, "datetime": {"datetime": "2021-09-18 10:30:43", "elapsed": 753.475699, "delta": 3.403961}}
{"target": -4.991626311400848, "params": {"C": 69.8638311820163, "epsilon": 6.761387281948934, "gamma": 0.21628070969748917}, "datetime": {"datetime": "2021-09-18 10:30:45", "elapsed": 755.615695, "delta": 2.139996}}
{"target": -2.699801466440219, "params": {"C": 33.56234389571187, "epsilon": 1.0516630340115556, "gamma": 0.21278389171699563}, "datetime": {"datetime": "2021-09-18 10:30:47", "elapsed": 757.779696, "delta": 2.164001}}
{"target": -2.5597267306119216, "params": {"C": 14.398368967953212, "epsilon": 0.553758886086481, "gamma": 0.13338941633933538}, "datetime": {"datetime": "2021-09-18 10:30:49", "elapsed": 759.751738, "delta": 1.972042}}
{"target": -2.1962172395480737, "params": {"C": 33.30204259773696, "epsilon": 1.4506372547014097, "gamma": 0.04469070830219034}, "datetime": {"datetime": "2021-09-18 10:30:52", "elapsed": 763.348733, "delta": 3.596995}}
{"target": -3.006365072314109, "params": {"C": 66.89646263028237, "epsilon": 0.8644056774840315, "gamma": 0.2984171759172827}, "datetime": {"datetime": "2021-09-18 10:30:57", "elapsed": 767.711738, "delta": 4.363005}}
{"target": -2.063968778795845, "params": {"C": 62.532159539596364, "epsilon": 1.054610639811891, "gamma": 0.05914542063355377}, "datetime": {"datetime": "2021-09-18 10:31:00", "elapsed": 771.260704, "delta": 3.548966}}
{"target": -2.894257563078707, "params": {"C": 62.666509879162994, "epsilon": 1.0699422032672563, "gamma": 0.25781224772189465}, "datetime": {"datetime": "2021-09-18 10:31:06", "elapsed": 776.9127, "delta": 5.651996}}
{"target": -4.592926553934549, "params": {"C": 62.42938724033605, "epsilon": 5.301225252765761, "gamma": 0.2980796894120121}, "datetime": {"datetime": "2021-09-18 10:31:08", "elapsed": 779.097735, "delta": 2.185035}}
{"target": -2.945919600412228, "params": {"C": 33.441613881403924, "epsilon": 1.3906126345447825, "gamma": 0.261914845173914}, "datetime": {"datetime": "2021-09-18 10:31:13", "elapsed": 784.24427, "delta": 5.146535}}
{"target": -2.1778075988449386, "params": {"C": 62.66814213686531, "epsilon": 1.2145595283032, "gamma": 0.03096003171883434}, "datetime": {"datetime": "2021-09-18 10:31:17", "elapsed": 787.708086, "delta": 3.463816}}
{"target": -2.3726343351338497, "params": {"C": 62.4611418185147, "epsilon": 1.1593975991847862, "gamma": 0.01111589866543173}, "datetime": {"datetime": "2021-09-18 10:31:22", "elapsed": 792.900107, "delta": 5.192021}}
{"target": -2.7828967928323998, "params": {"C": 28.298182044694602, "epsilon": 0.0663451364070337, "gamma": 0.29511145849132614}, "datetime": {"datetime": "2021-09-18 10:31:24", "elapsed": 795.100347, "delta": 2.20024}}
{"target": -2.189103075875945, "params": {"C": 33.15410466097248, "epsilon": 1.5471793656318713, "gamma": 0.05115666803904984}, "datetime": {"datetime": "2021-09-18 10:31:28", "elapsed": 798.882212, "delta": 3.781865}}
{"target": -2.1645905517764334, "params": {"C": 62.94080507051458, "epsilon": 1.3675553903789732, "gamma": 0.03304718285361704}, "datetime": {"datetime": "2021-09-18 10:31:32", "elapsed": 802.89072, "delta": 4.008508}}
{"target": -3.0284836414455585, "params": {"C": 63.01415120461251, "epsilon": 1.493447044122347, "gamma": 0.2664372388858919}, "datetime": {"datetime": "2021-09-18 10:31:37", "elapsed": 808.181744, "delta": 5.291024}}
{"target": -3.4776934313384857, "params": {"C": 49.03545137959768, "epsilon": 3.6979114929874277, "gamma": 0.18898644577269072}, "datetime": {"datetime": "2021-09-18 10:31:40", "elapsed": 810.403982, "delta": 2.222238}}
{"target": -2.2459159530032733, "params": {"C": 62.94383444385041, "epsilon": 1.0754993850195296, "gamma": 0.022724651974057056}, "datetime": {"datetime": "2021-09-18 10:31:43", "elapsed": 813.837226, "delta": 3.433244}}
{"target": -3.1791140759309706, "params": {"C": 51.712055726906016, "epsilon": 2.1661398145815443, "gamma": 0.2561387249664948}, "datetime": {"datetime": "2021-09-18 10:31:48", "elapsed": 818.761497, "delta": 4.924271}}
{"target": -2.1986177201788935, "params": {"C": 62.745258347006256, "epsilon": 0.6676890265315053, "gamma": 0.020226218610178665}, "datetime": {"datetime": "2021-09-18 10:31:52", "elapsed": 822.561794, "delta": 3.800297}}
{"target": -2.760805088565592, "params": {"C": 42.39502892313855, "epsilon": 0.1932697514726156, "gamma": 0.2650806305033193}, "datetime": {"datetime": "2021-09-18 10:31:54", "elapsed": 824.751792, "delta": 2.189998}}
{"target": -3.1788454536426634, "params": {"C": 61.3393472928424, "epsilon": 0.12541863914941792, "gamma": 0.0011175931069644968}, "datetime": {"datetime": "2021-09-18 10:31:59", "elapsed": 829.44366, "delta": 4.691868}}
{"target": -2.393938047804775, "params": {"C": 25.01923212279769, "epsilon": 1.1812897626322794, "gamma": 0.1248777219947873}, "datetime": {"datetime": "2021-09-18 10:32:03", "elapsed": 833.957843, "delta": 4.514183}}
{"target": -2.2626427494766603, "params": {"C": 24.059500944438987, "epsilon": 0.3210293981264296, "gamma": 0.1309510084920822}, "datetime": {"datetime": "2021-09-18 10:32:07", "elapsed": 837.864663, "delta": 3.90682}}
{"target": -5.273185820021455, "params": {"C": 54.22172484152385, "epsilon": 6.832496506953074, "gamma": 0.29377115176046315}, "datetime": {"datetime": "2021-09-18 10:32:09", "elapsed": 840.0639, "delta": 2.199237}}
{"target": -3.7634019766001807, "params": {"C": 68.4230992866525, "epsilon": 5.18983635974735, "gamma": 0.09709500672509266}, "datetime": {"datetime": "2021-09-18 10:32:11", "elapsed": 842.187494, "delta": 2.123594}}
{"target": -2.816920820363796, "params": {"C": 24.235353712347354, "epsilon": 0.3681914514124755, "gamma": 0.29208004916704666}, "datetime": {"datetime": "2021-09-18 10:32:15", "elapsed": 845.465175, "delta": 3.277681}}
{"target": -3.419634132074364, "params": {"C": 45.57369550179722, "epsilon": 1.5368691008872744, "gamma": 0.001}, "datetime": {"datetime": "2021-09-18 10:32:18", "elapsed": 849.385636, "delta": 3.920461}}
{"target": -2.9762524856759796, "params": {"C": 45.32333290371363, "epsilon": 1.9986552934669357, "gamma": 0.22229511625356882}, "datetime": {"datetime": "2021-09-18 10:32:23", "elapsed": 853.632863, "delta": 4.247227}}
{"target": -2.5385279547059305, "params": {"C": 19.654969572891876, "epsilon": 1.9524022826227707, "gamma": 0.10184568787000468}, "datetime": {"datetime": "2021-09-18 10:32:29", "elapsed": 860.164763, "delta": 6.5319}}
{"target": -3.579288260257663, "params": {"C": 24.044737846921358, "epsilon": 0.5756913505399359, "gamma": 0.001}, "datetime": {"datetime": "2021-09-18 10:32:33", "elapsed": 863.826413, "delta": 3.66165}}
{"target": -2.2958981310968745, "params": {"C": 62.684765597330895, "epsilon": 0.9288837485669671, "gamma": 0.014856116345839665}, "datetime": {"datetime": "2021-09-18 10:32:37", "elapsed": 867.481743, "delta": 3.65533}}
{"target": -2.244085199396047, "params": {"C": 31.838391417997155, "epsilon": 1.7497140085134388, "gamma": 0.05221890840283082}, "datetime": {"datetime": "2021-09-18 10:32:40", "elapsed": 871.340127, "delta": 3.858384}}
{"target": -3.724405368060198, "params": {"C": 15.97172062803266, "epsilon": 0.2684725728273786, "gamma": 0.001}, "datetime": {"datetime": "2021-09-18 10:32:45", "elapsed": 876.19257, "delta": 4.852443}}
{"target": -2.777170365157545, "params": {"C": 10.985747839884542, "epsilon": 2.696441069751498, "gamma": 0.012237269271822962}, "datetime": {"datetime": "2021-09-18 10:32:48", "elapsed": 878.415691, "delta": 2.223121}}
{"target": -2.50497355993777, "params": {"C": 23.86480378041881, "epsilon": 0.24121463092636053, "gamma": 0.2050193564066856}, "datetime": {"datetime": "2021-09-18 10:32:53", "elapsed": 883.545233, "delta": 5.129542}}
{"target": -3.7849500223039683, "params": {"C": 66.37725558527671, "epsilon": 3.457740146480752, "gamma": 0.28543652798298075}, "datetime": {"datetime": "2021-09-18 10:32:55", "elapsed": 885.863213, "delta": 2.31798}}
{"target": -2.69358454862411, "params": {"C": 29.96334360178245, "epsilon": 1.7485480196902747, "gamma": 0.00571457237583553}, "datetime": {"datetime": "2021-09-18 10:33:00", "elapsed": 891.136006, "delta": 5.272793}}
{"target": -2.6095802588415213, "params": {"C": 31.801920736422417, "epsilon": 2.0982354853141163, "gamma": 0.1187366365534732}, "datetime": {"datetime": "2021-09-18 10:33:05", "elapsed": 896.040338, "delta": 4.904332}}
{"target": -2.8820311064471955, "params": {"C": 51.402479214609954, "epsilon": 4.453227561854842, "gamma": 0.051010076400117614}, "datetime": {"datetime": "2021-09-18 10:33:08", "elapsed": 898.606893, "delta": 2.566555}}
{"target": -2.1838506276726135, "params": {"C": 61.19650002438944, "epsilon": 0.5096963615976885, "gamma": 0.01971707989372222}, "datetime": {"datetime": "2021-09-18 10:33:15", "elapsed": 906.233971, "delta": 7.627078}}
{"target": -3.390150968133083, "params": {"C": 13.983134082000037, "epsilon": 2.2468686946743204, "gamma": 0.24778842472700052}, "datetime": {"datetime": "2021-09-18 10:33:18", "elapsed": 908.628844, "delta": 2.394873}}
{"target": -3.706219992173928, "params": {"C": 16.301778422139705, "epsilon": 0.001, "gamma": 0.001}, "datetime": {"datetime": "2021-09-18 10:33:22", "elapsed": 913.30292, "delta": 4.674076}}
{"target": -2.8670339982183193, "params": {"C": 42.53962127237208, "epsilon": 0.6950917694139885, "gamma": 0.0023448572092367483}, "datetime": {"datetime": "2021-09-18 10:33:27", "elapsed": 918.076723, "delta": 4.773803}}
{"target": -2.9328409801239474, "params": {"C": 20.367646062775357, "epsilon": 0.9956574339872424, "gamma": 0.2653734175843138}, "datetime": {"datetime": "2021-09-18 10:33:30", "elapsed": 920.55596, "delta": 2.479237}}
{"target": -2.3369186509197855, "params": {"C": 27.315450357538687, "epsilon": 0.33805344639055696, "gamma": 0.013547763473048015}, "datetime": {"datetime": "2021-09-18 10:33:36", "elapsed": 926.872978, "delta": 6.317018}}
{"target": -3.1963038729269306, "params": {"C": 20.83711845179989, "epsilon": 2.8235538563072438, "gamma": 0.2099424318423891}, "datetime": {"datetime": "2021-09-18 10:33:38", "elapsed": 929.296363, "delta": 2.423385}}
{"target": -3.428871450829629, "params": {"C": 52.18596000527123, "epsilon": 2.174082477565765, "gamma": 0.001}, "datetime": {"datetime": "2021-09-18 10:33:44", "elapsed": 935.181991, "delta": 5.885628}}
{"target": -2.7950584169780535, "params": {"C": 31.956099958610295, "epsilon": 1.6828138950461116, "gamma": 0.20477023302410108}, "datetime": {"datetime": "2021-09-18 10:33:50", "elapsed": 940.885088, "delta": 5.703097}}
{"target": -2.654034019482499, "params": {"C": 29.134053943697356, "epsilon": 0.06873995930126091, "gamma": 0.25848602829584266}, "datetime": {"datetime": "2021-09-18 10:33:54", "elapsed": 945.077357, "delta": 4.192269}}
{"target": -2.510621663411438, "params": {"C": 24.145490008945593, "epsilon": 0.1504959676049631, "gamma": 0.0077465682732935125}, "datetime": {"datetime": "2021-09-18 10:33:59", "elapsed": 949.414763, "delta": 4.337406}}
{"target": -2.144870039525152, "params": {"C": 63.77884416671261, "epsilon": 0.02601210188509438, "gamma": 0.02444542407807265}, "datetime": {"datetime": "2021-09-18 10:34:03", "elapsed": 953.92527, "delta": 4.510507}}
{"target": -2.257362501622937, "params": {"C": 46.44264424830792, "epsilon": 0.4527061980172612, "gamma": 0.01362698934844796}, "datetime": {"datetime": "2021-09-18 10:34:07", "elapsed": 957.693207, "delta": 3.767937}}
{"target": -3.970918897492593, "params": {"C": 18.349537563158208, "epsilon": 5.91140402150068, "gamma": 0.07500542157672559}, "datetime": {"datetime": "2021-09-18 10:34:09", "elapsed": 960.223876, "delta": 2.530669}}
{"target": -2.881373429971533, "params": {"C": 63.588152891718494, "epsilon": 0.041948114177924184, "gamma": 0.29528377986419035}, "datetime": {"datetime": "2021-09-18 10:34:16", "elapsed": 966.76017, "delta": 6.536294}}
{"target": -2.4115511805459726, "params": {"C": 31.70728819613741, "epsilon": 0.4761830734230747, "gamma": 0.16995258090479343}, "datetime": {"datetime": "2021-09-18 10:34:18", "elapsed": 969.338885, "delta": 2.578715}}
{"target": -2.1541297809545332, "params": {"C": 46.48328278241044, "epsilon": 0.7770273641131419, "gamma": 0.10280215789131832}, "datetime": {"datetime": "2021-09-18 10:34:23", "elapsed": 973.601884, "delta": 4.262999}}
{"target": -3.3616048750290104, "params": {"C": 46.67443670102892, "epsilon": 0.645639958535044, "gamma": 0.001}, "datetime": {"datetime": "2021-09-18 10:34:28", "elapsed": 979.160881, "delta": 5.558997}}
{"target": -3.1006256763442663, "params": {"C": 49.24960513419889, "epsilon": 3.301695645053465, "gamma": 0.1385905189397227}, "datetime": {"datetime": "2021-09-18 10:34:31", "elapsed": 981.633843, "delta": 2.472962}}
{"target": -2.0859960428145987, "params": {"C": 46.302989799804905, "epsilon": 0.8832539080972875, "gamma": 0.07793121662561513}, "datetime": {"datetime": "2021-09-18 10:34:35", "elapsed": 986.152843, "delta": 4.519}}
{"target": -2.153958377547904, "params": {"C": 46.42834142139799, "epsilon": 1.1593238307179097, "gamma": 0.08469415089804026}, "datetime": {"datetime": "2021-09-18 10:34:40", "elapsed": 990.833842, "delta": 4.680999}}
{"target": -2.786894506660588, "params": {"C": 46.43957343977044, "epsilon": 0.9461435503115536, "gamma": 0.23983143204476756}, "datetime": {"datetime": "2021-09-18 10:34:44", "elapsed": 994.907887, "delta": 4.074045}}
{"target": -2.3224854374532318, "params": {"C": 46.594370237434404, "epsilon": 1.0564257007518927, "gamma": 0.015060843698257033}, "datetime": {"datetime": "2021-09-18 10:34:49", "elapsed": 999.429902, "delta": 4.522015}}
{"target": -3.129984570521858, "params": {"C": 50.21021003561839, "epsilon": 1.9633627549862633, "gamma": 0.2606198731868543}, "datetime": {"datetime": "2021-09-18 10:34:55", "elapsed": 1006.110939, "delta": 6.681037}}
{"target": -3.2202378455667144, "params": {"C": 46.295831392783995, "epsilon": 0.7394916372737709, "gamma": 0.0012789357420158651}, "datetime": {"datetime": "2021-09-18 10:35:02", "elapsed": 1012.626977, "delta": 6.516038}}
{"target": -4.467826225760815, "params": {"C": 37.19236695454248, "epsilon": 6.913179732512553, "gamma": 0.07685730687560137}, "datetime": {"datetime": "2021-09-18 10:35:04", "elapsed": 1015.268633, "delta": 2.641656}}
{"target": -3.5765228149372175, "params": {"C": 30.857967830382417, "epsilon": 3.516177364118563, "gamma": 0.2325637818153879}, "datetime": {"datetime": "2021-09-18 10:35:07", "elapsed": 1017.804692, "delta": 2.536059}}
{"target": -2.4385718388742763, "params": {"C": 46.20574595873206, "epsilon": 1.0071278744552516, "gamma": 0.13886993103827525}, "datetime": {"datetime": "2021-09-18 10:35:11", "elapsed": 1022.19436, "delta": 4.389668}}
{"target": -2.421891542925118, "params": {"C": 46.492508509139164, "epsilon": 1.4943936201502832, "gamma": 0.013023890059161294}, "datetime": {"datetime": "2021-09-18 10:35:18", "elapsed": 1028.953084, "delta": 6.758724}}
{"target": -2.0977382135636673, "params": {"C": 62.10214742713617, "epsilon": 0.9879065020256421, "gamma": 0.03346119858303632}, "datetime": {"datetime": "2021-09-18 10:35:24", "elapsed": 1035.114912, "delta": 6.161828}}
{"target": -2.163579530950693, "params": {"C": 59.447117651289496, "epsilon": 0.08018750847224947, "gamma": 0.021794806469635743}, "datetime": {"datetime": "2021-09-18 10:35:29", "elapsed": 1040.1277, "delta": 5.012788}}
{"target": -2.5035140005681185, "params": {"C": 51.38230259228357, "epsilon": 2.5461685473510713, "gamma": 0.014937495121944974}, "datetime": {"datetime": "2021-09-18 10:35:35", "elapsed": 1045.501982, "delta": 5.374282}}
{"target": -2.1939510131115836, "params": {"C": 60.585161933316215, "epsilon": 0.7471130868980956, "gamma": 0.022171849463097183}, "datetime": {"datetime": "2021-09-18 10:35:40", "elapsed": 1050.667491, "delta": 5.165509}}
{"target": -2.1746871827452368, "params": {"C": 59.276049407428964, "epsilon": 0.34285261793686067, "gamma": 0.018952057238936983}, "datetime": {"datetime": "2021-09-18 10:35:50", "elapsed": 1060.840274, "delta": 10.172783}}
{"target": -2.4978570619941847, "params": {"C": 59.16984295374081, "epsilon": 0.5526362724697147, "gamma": 0.16638039841221897}, "datetime": {"datetime": "2021-09-18 10:35:57", "elapsed": 1067.986592, "delta": 7.146318}}
{"target": -2.3690806187035123, "params": {"C": 31.581951483697832, "epsilon": 1.886349727757682, "gamma": 0.02943277558872206}, "datetime": {"datetime": "2021-09-18 10:36:03", "elapsed": 1074.185976, "delta": 6.199384}}
{"target": -2.127541824475454, "params": {"C": 59.09483130313915, "epsilon": 0.13374761770029772, "gamma": 0.02596286399060439}, "datetime": {"datetime": "2021-09-18 10:36:09", "elapsed": 1079.842552, "delta": 5.656576}}
{"target": -2.3856913729459817, "params": {"C": 58.8643217431599, "epsilon": 0.22676486438450694, "gamma": 0.1556510508012994}, "datetime": {"datetime": "2021-09-18 10:36:15", "elapsed": 1085.895908, "delta": 6.053356}}
{"target": -2.273192145975755, "params": {"C": 58.90937065953755, "epsilon": 0.5050223706765881, "gamma": 0.011751780343833063}, "datetime": {"datetime": "2021-09-18 10:36:23", "elapsed": 1093.487956, "delta": 7.592048}}
{"target": -2.155099105500788, "params": {"C": 59.06869483112118, "epsilon": 0.27973709043841977, "gamma": 0.10871058502887068}, "datetime": {"datetime": "2021-09-18 10:36:30", "elapsed": 1100.651004, "delta": 7.163048}}
{"target": -3.300728468463844, "params": {"C": 58.92506318625148, "epsilon": 0.8053222011166643, "gamma": 0.001}, "datetime": {"datetime": "2021-09-18 10:36:35", "elapsed": 1106.02482, "delta": 5.373816}}
{"target": -3.5329781238103957, "params": {"C": 28.840991707222187, "epsilon": 0.031332846528510705, "gamma": 0.001}, "datetime": {"datetime": "2021-09-18 10:36:40", "elapsed": 1110.986498, "delta": 4.961678}}
{"target": -2.3980070733262338, "params": {"C": 56.27665035269305, "epsilon": 1.080514707713893, "gamma": 0.010021731215295529}, "datetime": {"datetime": "2021-09-18 11:05:10", "elapsed": 0.0, "delta": 0.0}}
{"target": -2.1253215143536166, "params": {"C": 47.67494294738798, "epsilon": 0.22021916063658784, "gamma": 0.027544333006071585}, "datetime": {"datetime": "2021-09-18 11:05:10", "elapsed": 0.044035, "delta": 0.044035}}
{"target": -2.0825446755817243, "params": {"C": 38.96951585332532, "epsilon": 0.5184065344918674, "gamma": 0.08538582010382728}, "datetime": {"datetime": "2021-09-18 11:05:10", "elapsed": 0.083001, "delta": 0.038966}}
{"target": -2.3952158600414903, "params": {"C": 65.41125505025177, "epsilon": 0.6288498521535019, "gamma": 0.1401917050753843}, "datetime": {"datetime": "2021-09-18 11:05:10", "elapsed": 0.128332, "delta": 0.045331}}
{"target": -2.371836934097183, "params": {"C": 40.33391872986381, "epsilon": 1.317188342842779, "gamma": 0.01520364270760597}, "datetime": {"datetime": "2021-09-18 11:05:10", "elapsed": 0.154334, "delta": 0.026002}}
{"target": -2.297938628839895, "params": {"C": 75.28506326338017, "epsilon": 0.6260154730704537, "gamma": 0.11615106740469282}, "datetime": {"datetime": "2021-09-18 11:05:10", "elapsed": 0.202328, "delta": 0.047994}}
{"target": -2.3672159759212064, "params": {"C": 35.52902039464253, "epsilon": 0.29723242347840967, "gamma": 0.16214146804835197}, "datetime": {"datetime": "2021-09-18 11:05:10", "elapsed": 0.246369, "delta": 0.044041}}
{"target": -2.424467848358496, "params": {"C": 97.61961817895481, "epsilon": 0.4702049248210483, "gamma": 0.1415412969771697}, "datetime": {"datetime": "2021-09-18 11:05:10", "elapsed": 0.297325, "delta": 0.050956}}
{"target": -2.1926685469629033, "params": {"C": 90.72918642220287, "epsilon": 1.3419205345894205, "gamma": 0.026158400160257805}, "datetime": {"datetime": "2021-09-18 11:05:10", "elapsed": 0.330325, "delta": 0.033}}
{"target": -2.4038295786030277, "params": {"C": 27.929108742466177, "epsilon": 0.2548286463048969, "gamma": 0.1768470756515885}, "datetime": {"datetime": "2021-09-18 11:05:10", "elapsed": 0.374359, "delta": 0.044034}}
{"target": -2.5723871869259094, "params": {"C": 53.188028557325, "epsilon": 1.184838814685536, "gamma": 0.15714491139810463}, "datetime": {"datetime": "2021-09-18 11:05:10", "elapsed": 0.468327, "delta": 0.093968}}
{"target": -2.094696334223187, "params": {"C": 64.92234402380629, "epsilon": 1.1810972748034967, "gamma": 0.04323095720834211}, "datetime": {"datetime": "2021-09-18 11:05:11", "elapsed": 0.57833, "delta": 0.110003}}
{"target": -2.1393937006405865, "params": {"C": 39.01683997726238, "epsilon": 0.512376341785049, "gamma": 0.1068561473365803}, "datetime": {"datetime": "2021-09-18 11:05:11", "elapsed": 0.681329, "delta": 0.102999}}
{"target": -2.4796088734106894, "params": {"C": 42.063615100350205, "epsilon": 0.23346943708258733, "gamma": 0.1899876557046618}, "datetime": {"datetime": "2021-09-18 11:05:11", "elapsed": 0.780367, "delta": 0.099038}}
{"target": -2.0719079156059514, "params": {"C": 79.46920389109152, "epsilon": 1.0929451595746529, "gamma": 0.04699072600063229}, "datetime": {"datetime": "2021-09-18 11:05:11", "elapsed": 0.870365, "delta": 0.089998}}
