{"target": -7.858533984438078, "params": {"C": 17.307089675018798, "epsilon": 9.819080033257016, "gamma": 3.0}, "datetime": {"datetime": "2021-09-18 09:35:33", "elapsed": 3107.331328, "delta": 9.78997}}
{"target": -3.6786278479374928, "params": {"C": 38.01014782138559, "epsilon": 3.123176258306461, "gamma": 0.3070128710767718}, "datetime": {"datetime": "2021-09-18 09:35:42", "elapsed": 3115.993596, "delta": 8.662268}}
{"target": -9.319078947368421, "params": {"C": 8.895474264203846, "epsilon": 28.96305553202603, "gamma": 2.9661667244764622}, "datetime": {"datetime": "2021-09-18 09:35:48", "elapsed": 3122.428739, "delta": 6.435143}}
{"target": -2.7798355269240846, "params": {"C": 38.755565084592945, "epsilon": 3.732823529692789, "gamma": 0.07028305888813598}, "datetime": {"datetime": "2021-09-18 09:35:57", "elapsed": 3131.157776, "delta": 8.729037}}
{"target": -7.3368803395140745, "params": {"C": 1.980267333523637, "epsilon": 7.98988799984024, "gamma": 2.0164739901832065}, "datetime": {"datetime": "2021-09-18 09:36:06", "elapsed": 3140.124683, "delta": 8.966907}}
{"target": -6.58581742840996, "params": {"C": 30.567623597207746, "epsilon": 6.4947853181004795, "gamma": 1.3889344289903527}, "datetime": {"datetime": "2021-09-18 09:36:14", "elapsed": 3148.409792, "delta": 8.285109}}
{"target": -6.725911020754067, "params": {"C": 40.619072691652754, "epsilon": 7.406196439078488, "gamma": 1.1672217266041378}, "datetime": {"datetime": "2021-09-18 09:36:21", "elapsed": 3154.710535, "delta": 6.300743}}
{"target": -9.55062349028802, "params": {"C": 6.659119787668332, "epsilon": 18.28952267349869, "gamma": 3.0}, "datetime": {"datetime": "2021-09-18 09:36:27", "elapsed": 3160.907181, "delta": 6.196646}}
{"target": -2.2509498164330357, "params": {"C": 44.651255319033034, "epsilon": 0.7738274928622522, "gamma": 0.015608958292483412}, "datetime": {"datetime": "2021-09-18 09:36:33", "elapsed": 3167.205767, "delta": 6.298586}}
{"target": -7.876639379224741, "params": {"C": 5.173621589543872, "epsilon": 12.488298792996643, "gamma": 1.0715284498360442}, "datetime": {"datetime": "2021-09-18 09:36:40", "elapsed": 3173.597297, "delta": 6.39153}}
{"target": -8.152733225346715, "params": {"C": 34.44915318018191, "epsilon": 13.976531718789872, "gamma": 0.02031149328158754}, "datetime": {"datetime": "2021-09-18 09:36:46", "elapsed": 3180.057012, "delta": 6.459715}}
{"target": -2.9294957154131747, "params": {"C": 34.11750021951191, "epsilon": 3.238761875911934, "gamma": 0.11305647857287286}, "datetime": {"datetime": "2021-09-18 09:36:52", "elapsed": 3186.499079, "delta": 6.442067}}
{"target": -5.70527241990698, "params": {"C": 47.05806147657137, "epsilon": 0.001, "gamma": 2.4769551004180803}, "datetime": {"datetime": "2021-09-18 09:37:01", "elapsed": 3195.096074, "delta": 8.596995}}
{"target": -6.703116267750784, "params": {"C": 39.058483058343924, "epsilon": 3.8794309062546564, "gamma": 3.0}, "datetime": {"datetime": "2021-09-18 09:37:07", "elapsed": 3200.963145, "delta": 5.867071}}
{"target": -2.5194015834941306, "params": {"C": 28.501372351386745, "epsilon": 1.4453731253127944, "gamma": 0.009685145620704518}, "datetime": {"datetime": "2021-09-18 09:37:18", "elapsed": 3211.604995, "delta": 10.64185}}
{"target": -7.359146705084009, "params": {"C": 43.947282027801585, "epsilon": 7.353814912916445, "gamma": 2.978816432591194}, "datetime": {"datetime": "2021-09-18 09:37:31", "elapsed": 3224.567691, "delta": 12.962696}}
{"target": -2.749281032173882, "params": {"C": 12.44091853847812, "epsilon": 0.00471711012559019, "gamma": 0.0059410776718209005}, "datetime": {"datetime": "2021-09-18 09:37:39", "elapsed": 3233.212422, "delta": 8.644731}}
{"target": -7.452820734930225, "params": {"C": 47.070353825241085, "epsilon": 7.8245782236867045, "gamma": 3.0}, "datetime": {"datetime": "2021-09-18 09:37:50", "elapsed": 3243.822755, "delta": 10.610333}}
{"target": -6.074570510499218, "params": {"C": 9.999139835644424, "epsilon": 5.551456300969515, "gamma": 0.0001}, "datetime": {"datetime": "2021-09-18 09:37:56", "elapsed": 3249.714753, "delta": 5.891998}}
{"target": -4.687682876456424, "params": {"C": 37.74060736086803, "epsilon": 0.001, "gamma": 0.0001}, "datetime": {"datetime": "2021-09-18 09:38:04", "elapsed": 3258.470758, "delta": 8.756005}}
{"target": -4.931382208114752, "params": {"C": 42.41685456574122, "epsilon": 0.001, "gamma": 1.3933930996840407}, "datetime": {"datetime": "2021-09-18 09:38:13", "elapsed": 3267.475748, "delta": 9.00499}}
{"target": -2.1147848200033823, "params": {"C": 38.793030021215536, "epsilon": 0.20068720100957776, "gamma": 0.03529852085711126}, "datetime": {"datetime": "2021-09-18 09:38:20", "elapsed": 3274.134751, "delta": 6.659003}}
{"target": -5.512645564580832, "params": {"C": 14.472362567782724, "epsilon": 1.4665274604522947, "gamma": 0.0001}, "datetime": {"datetime": "2021-09-18 09:38:29", "elapsed": 3283.333787, "delta": 9.199036}}
{"target": -9.540014250239738, "params": {"C": 47.682267983621294, "epsilon": 18.224707208471678, "gamma": 2.8267911561233725}, "datetime": {"datetime": "2021-09-18 09:38:39", "elapsed": 3292.71075, "delta": 9.376963}}
{"target": -9.319078947368421, "params": {"C": 35.468655274888654, "epsilon": 30.0, "gamma": 3.0}, "datetime": {"datetime": "2021-09-18 09:38:51", "elapsed": 3305.153136, "delta": 12.442386}}
{"target": -6.701835455858296, "params": {"C": 14.873476648656043, "epsilon": 6.529324012951153, "gamma": 1.5796747298257352}, "datetime": {"datetime": "2021-09-18 09:39:00", "elapsed": 3314.351529, "delta": 9.198393}}
{"target": -6.673899449536119, "params": {"C": 8.835913445292427, "epsilon": 6.8164002438328195, "gamma": 1.3640530888521654}, "datetime": {"datetime": "2021-09-18 09:39:08", "elapsed": 3321.819264, "delta": 7.467735}}
{"target": -6.212673532283351, "params": {"C": 41.94877083567707, "epsilon": 1.562686667170115, "gamma": 3.0}, "datetime": {"datetime": "2021-09-18 09:39:15", "elapsed": 3329.09513, "delta": 7.275866}}
{"target": -6.596473857033906, "params": {"C": 25.061543586416846, "epsilon": 3.381194336730091, "gamma": 2.991856122843899}, "datetime": {"datetime": "2021-09-18 09:39:22", "elapsed": 3336.308276, "delta": 7.213146}}
{"target": -7.2077483632477115, "params": {"C": 28.182705162280865, "epsilon": 8.11281848863966, "gamma": 1.681249638471779}, "datetime": {"datetime": "2021-09-18 09:39:32", "elapsed": 3346.003886, "delta": 9.69561}}
{"target": -7.393000159711768, "params": {"C": 0.10304011209382113, "epsilon": 0.09529746963785601, "gamma": 1.2862363096183016}, "datetime": {"datetime": "2021-09-18 09:39:40", "elapsed": 3354.49832, "delta": 8.494434}}
{"target": -2.0930673266850195, "params": {"C": 49.172509368830376, "epsilon": 0.837722636658401, "gamma": 0.084910745281966}, "datetime": {"datetime": "2021-09-18 09:39:50", "elapsed": 3363.785299, "delta": 9.286979}}
{"target": -2.5256361630248976, "params": {"C": 28.186806778255633, "epsilon": 0.9351232829110843, "gamma": 0.008533847328971644}, "datetime": {"datetime": "2021-09-18 09:39:58", "elapsed": 3372.020804, "delta": 8.235505}}
{"target": -9.717380366374835, "params": {"C": 41.31290643163926, "epsilon": 20.845122072731883, "gamma": 0.0001}, "datetime": {"datetime": "2021-09-18 09:40:07", "elapsed": 3381.00102, "delta": 8.980216}}
{"target": -7.880750320218711, "params": {"C": 50.0, "epsilon": 11.251642509250182, "gamma": 0.9766826004450391}, "datetime": {"datetime": "2021-09-18 09:40:14", "elapsed": 3387.580052, "delta": 6.579032}}
{"target": -9.12293023074826, "params": {"C": 45.114685435112726, "epsilon": 17.19126266587731, "gamma": 0.0001}, "datetime": {"datetime": "2021-09-18 09:40:20", "elapsed": 3393.706049, "delta": 6.125997}}
{"target": -2.698040499708058, "params": {"C": 7.217588760881959, "epsilon": 1.8244451237007289, "gamma": 0.020958441400522047}, "datetime": {"datetime": "2021-09-18 09:40:26", "elapsed": 3400.451036, "delta": 6.744987}}
{"target": -9.685742297009588, "params": {"C": 30.606078270335775, "epsilon": 20.924574472354994, "gamma": 3.0}, "datetime": {"datetime": "2021-09-18 09:40:37", "elapsed": 3410.603606, "delta": 10.15257}}
{"target": -7.4029553478058405, "params": {"C": 46.94816430667062, "epsilon": 12.921488839130252, "gamma": 0.01838706167054809}, "datetime": {"datetime": "2021-09-18 09:40:46", "elapsed": 3420.279599, "delta": 9.675993}}
{"target": -9.64536859450756, "params": {"C": 35.377747022800065, "epsilon": 19.228786971738348, "gamma": 3.0}, "datetime": {"datetime": "2021-09-18 09:41:00", "elapsed": 3433.668601, "delta": 13.389002}}
{"target": -2.447580528407596, "params": {"C": 26.342926172651282, "epsilon": 2.5681203295661135, "gamma": 0.03601912478329771}, "datetime": {"datetime": "2021-09-18 09:41:07", "elapsed": 3440.826365, "delta": 7.157764}}
{"target": -7.463352329432876, "params": {"C": 2.22954961650907, "epsilon": 10.457209630629805, "gamma": 0.0001}, "datetime": {"datetime": "2021-09-18 09:41:15", "elapsed": 3449.170176, "delta": 8.343811}}
{"target": -7.982903230883614, "params": {"C": 40.36803700097161, "epsilon": 10.351204622309675, "gamma": 3.0}, "datetime": {"datetime": "2021-09-18 09:41:22", "elapsed": 3455.733296, "delta": 6.56312}}
{"target": -3.5286948446033706, "params": {"C": 37.41023497295615, "epsilon": 0.462715943124098, "gamma": 0.5020303936454593}, "datetime": {"datetime": "2021-09-18 09:41:30", "elapsed": 3464.002957, "delta": 8.269661}}
{"target": -4.677228122500853, "params": {"C": 42.25475602945052, "epsilon": 7.465895155060579, "gamma": 0.06725796891246115}, "datetime": {"datetime": "2021-09-18 09:41:42", "elapsed": 3475.777108, "delta": 11.774151}}
{"target": -8.499345799549264, "params": {"C": 23.679751061323607, "epsilon": 16.418696811063917, "gamma": 0.0001}, "datetime": {"datetime": "2021-09-18 09:41:58", "elapsed": 3491.809578, "delta": 16.03247}}
{"target": -6.971864188758381, "params": {"C": 17.43043847745761, "epsilon": 5.483490980372776, "gamma": 2.930607821503157}, "datetime": {"datetime": "2021-09-18 09:42:05", "elapsed": 3498.962661, "delta": 7.153083}}
{"target": -7.863552787499534, "params": {"C": 50.0, "epsilon": 9.842387284306358, "gamma": 3.0}, "datetime": {"datetime": "2021-09-18 09:42:12", "elapsed": 3505.963012, "delta": 7.000351}}
{"target": -6.073178928754783, "params": {"C": 7.7381379829625985, "epsilon": 9.619349011204994, "gamma": 0.0011171161385284175}, "datetime": {"datetime": "2021-09-18 09:42:19", "elapsed": 3513.153508, "delta": 7.190496}}
{"target": -7.806321367707485, "params": {"C": 13.204859357201219, "epsilon": 10.205838710176831, "gamma": 2.07630848301932}, "datetime": {"datetime": "2021-09-18 09:42:26", "elapsed": 3520.023108, "delta": 6.8696}}
{"target": -9.691847388179733, "params": {"C": 15.25817578215413, "epsilon": 20.319385273973385, "gamma": 3.0}, "datetime": {"datetime": "2021-09-18 09:42:35", "elapsed": 3528.664982, "delta": 8.641874}}
{"target": -3.7387716044496004, "params": {"C": 32.21994901570592, "epsilon": 0.774626220213354, "gamma": 0.5629783308573078}, "datetime": {"datetime": "2021-09-18 09:42:42", "elapsed": 3536.382008, "delta": 7.717026}}
{"target": -4.930822653633277, "params": {"C": 34.434992359593565, "epsilon": 3.8728983896643547, "gamma": 0.7067341830566137}, "datetime": {"datetime": "2021-09-18 09:42:53", "elapsed": 3547.480817, "delta": 11.098809}}
{"target": -8.579660230190257, "params": {"C": 13.090778529698284, "epsilon": 13.987651367147722, "gamma": 0.1359062940911656}, "datetime": {"datetime": "2021-09-18 09:43:08", "elapsed": 3561.750423, "delta": 14.269606}}
{"target": -2.485331121486284, "params": {"C": 41.48485386804116, "epsilon": 1.4684020447658357, "gamma": 0.008978930224863919}, "datetime": {"datetime": "2021-09-18 09:43:20", "elapsed": 3574.074476, "delta": 12.324053}}
{"target": -6.9688023732118, "params": {"C": 25.513627907602995, "epsilon": 8.150680163103669, "gamma": 1.1552663110398125}, "datetime": {"datetime": "2021-09-18 09:43:29", "elapsed": 3583.011494, "delta": 8.937018}}
{"target": -3.539707348445378, "params": {"C": 20.716340302391238, "epsilon": 3.153850357401453, "gamma": 0.0020720082800621056}, "datetime": {"datetime": "2021-09-18 09:43:38", "elapsed": 3592.308366, "delta": 9.296872}}
{"target": -9.56576245278104, "params": {"C": 25.762511970239487, "epsilon": 21.575048701067956, "gamma": 2.9800026641791986}, "datetime": {"datetime": "2021-09-18 09:43:49", "elapsed": 3603.358185, "delta": 11.049819}}
{"target": -7.79795265628627, "params": {"C": 8.47129570015055, "epsilon": 10.806197062968243, "gamma": 3.0}, "datetime": {"datetime": "2021-09-18 09:43:56", "elapsed": 3610.044135, "delta": 6.68595}}
{"target": -7.304674088164135, "params": {"C": 25.663558689430765, "epsilon": 12.488747309316519, "gamma": 0.0001}, "datetime": {"datetime": "2021-09-18 09:44:05", "elapsed": 3619.024352, "delta": 8.980217}}
{"target": -6.111692503447986, "params": {"C": 13.517933540341758, "epsilon": 0.001, "gamma": 3.0}, "datetime": {"datetime": "2021-09-18 09:44:19", "elapsed": 3632.708658, "delta": 13.684306}}
{"target": -2.2781258338749133, "params": {"C": 40.21008048470847, "epsilon": 2.278284887726401, "gamma": 0.044492264612507444}, "datetime": {"datetime": "2021-09-18 09:44:26", "elapsed": 3639.791485, "delta": 7.082827}}
{"target": -5.098804975382945, "params": {"C": 46.04300777148313, "epsilon": 5.707956656654107, "gamma": 0.0001}, "datetime": {"datetime": "2021-09-18 09:44:37", "elapsed": 3651.405544, "delta": 11.614059}}
{"target": -6.920641156229552, "params": {"C": 19.020531694102658, "epsilon": 11.093242066345965, "gamma": 0.06613263428462449}, "datetime": {"datetime": "2021-09-18 09:44:49", "elapsed": 3663.470934, "delta": 12.06539}}
{"target": -5.422066693370337, "params": {"C": 22.539514149512613, "epsilon": 5.152963821641721, "gamma": 0.0001}, "datetime": {"datetime": "2021-09-18 09:44:57", "elapsed": 3670.700917, "delta": 7.229983}}
{"target": -2.0819391084144754, "params": {"C": 33.340743123472336, "epsilon": 0.6874198533766348, "gamma": 0.04534807180379863}, "datetime": {"datetime": "2021-09-18 09:45:04", "elapsed": 3677.939216, "delta": 7.238299}}
{"target": -5.252167271337412, "params": {"C": 27.63230311980671, "epsilon": 4.899115948509455, "gamma": 0.0001}, "datetime": {"datetime": "2021-09-18 09:45:12", "elapsed": 3686.038885, "delta": 8.099669}}
{"target": -4.987534431951954, "params": {"C": 31.307303640900557, "epsilon": 3.238037148819674, "gamma": 0.0001}, "datetime": {"datetime": "2021-09-18 09:45:19", "elapsed": 3693.113109, "delta": 7.074224}}
{"target": -3.1168847459420177, "params": {"C": 31.055601515531666, "epsilon": 4.526852229655956, "gamma": 0.06462584613155624}, "datetime": {"datetime": "2021-09-18 09:45:30", "elapsed": 3703.940296, "delta": 10.827187}}
{"target": -3.4391080813225234, "params": {"C": 30.594710770023738, "epsilon": 2.4822972311824154, "gamma": 0.3052501707493408}, "datetime": {"datetime": "2021-09-18 09:45:38", "elapsed": 3712.341626, "delta": 8.40133}}
{"target": -9.319078947368421, "params": {"C": 22.529755714003223, "epsilon": 23.39559304463345, "gamma": 0.9546774761535707}, "datetime": {"datetime": "2021-09-18 09:45:46", "elapsed": 3720.473197, "delta": 8.131571}}
{"target": -6.408923513212161, "params": {"C": 21.38393651606146, "epsilon": 6.7722057228661425, "gamma": 1.0367800133770808}, "datetime": {"datetime": "2021-09-18 09:45:55", "elapsed": 3728.908195, "delta": 8.434998}}
{"target": -3.1607684952614865, "params": {"C": 28.780056307575794, "epsilon": 5.68196134389119, "gamma": 0.02007480455438908}, "datetime": {"datetime": "2021-09-18 09:46:03", "elapsed": 3736.939454, "delta": 8.031259}}
{"target": -5.214004925492554, "params": {"C": 20.30592996617883, "epsilon": 0.9141805853347397, "gamma": 0.0001}, "datetime": {"datetime": "2021-09-18 09:46:13", "elapsed": 3747.010603, "delta": 10.071149}}
{"target": -3.7717474982864174, "params": {"C": 7.637614631875375, "epsilon": 1.6431474989535921, "gamma": 0.29835381791245436}, "datetime": {"datetime": "2021-09-18 09:46:21", "elapsed": 3755.273609, "delta": 8.263006}}
{"target": -4.72878775809455, "params": {"C": 42.246095121635605, "epsilon": 2.920713254761891, "gamma": 0.0001}, "datetime": {"datetime": "2021-09-18 09:46:29", "elapsed": 3763.410351, "delta": 8.136742}}
{"target": -5.370702543161757, "params": {"C": 25.82264535118445, "epsilon": 5.506738907422666, "gamma": 0.0001}, "datetime": {"datetime": "2021-09-18 09:46:38", "elapsed": 3772.537855, "delta": 9.127504}}
{"target": -4.490426608076553, "params": {"C": 21.708437793155326, "epsilon": 1.4740554457664221, "gamma": 0.8331718694052422}, "datetime": {"datetime": "2021-09-18 09:46:50", "elapsed": 3783.959682, "delta": 11.421827}}
{"target": -5.249271501295587, "params": {"C": 44.98784864833211, "epsilon": 6.249873637089671, "gamma": 0.0001}, "datetime": {"datetime": "2021-09-18 09:47:00", "elapsed": 3794.392329, "delta": 10.432647}}
{"target": -5.304995868815231, "params": {"C": 3.3629184474069787, "epsilon": 1.0516487201164149, "gamma": 0.6793278291188092}, "datetime": {"datetime": "2021-09-18 09:47:09", "elapsed": 3802.605715, "delta": 8.213386}}
{"target": -3.0873671717028386, "params": {"C": 19.51227238832159, "epsilon": 0.02753213376462573, "gamma": 0.3454005782516348}, "datetime": {"datetime": "2021-09-18 09:47:21", "elapsed": 3814.587974, "delta": 11.982259}}
{"target": -6.719068795844376, "params": {"C": 10.84676291603585, "epsilon": 9.173972643840711, "gamma": 0.0001}, "datetime": {"datetime": "2021-09-18 09:47:31", "elapsed": 3825.429071, "delta": 10.841097}}
{"target": -4.132589832081261, "params": {"C": 20.151720439836293, "epsilon": 1.373293159706395, "gamma": 0.6345346783945338}, "datetime": {"datetime": "2021-09-18 09:47:39", "elapsed": 3833.498052, "delta": 8.068981}}
{"target": -5.943784967688498, "params": {"C": 36.5969254650444, "epsilon": 0.001, "gamma": 3.0}, "datetime": {"datetime": "2021-09-18 09:47:50", "elapsed": 3844.431655, "delta": 10.933603}}
{"target": -8.878408310174919, "params": {"C": 2.561471615658339, "epsilon": 18.034197264410288, "gamma": 0.0001}, "datetime": {"datetime": "2021-09-18 09:47:59", "elapsed": 3852.74965, "delta": 8.317995}}
{"target": -5.459313902342035, "params": {"C": 38.416206731658875, "epsilon": 1.2938951697395706, "gamma": 1.792011383391744}, "datetime": {"datetime": "2021-09-18 09:48:07", "elapsed": 3860.701172, "delta": 7.951522}}
{"target": -5.943784967688498, "params": {"C": 50.0, "epsilon": 0.001, "gamma": 3.0}, "datetime": {"datetime": "2021-09-18 09:48:17", "elapsed": 3870.774043, "delta": 10.072871}}
{"target": -5.67325381051506, "params": {"C": 19.422119283641205, "epsilon": 6.045347258073792, "gamma": 0.0001}, "datetime": {"datetime": "2021-09-18 09:48:25", "elapsed": 3878.596128, "delta": 7.822085}}
{"target": -2.4511797185189637, "params": {"C": 48.71823454798443, "epsilon": 0.899347412287639, "gamma": 0.007757876209582636}, "datetime": {"datetime": "2021-09-18 09:48:34", "elapsed": 3887.827262, "delta": 9.231134}}
{"target": -4.967168189819326, "params": {"C": 23.96655574496059, "epsilon": 0.005911237340601234, "gamma": 1.3790839920207107}, "datetime": {"datetime": "2021-09-18 09:48:42", "elapsed": 3895.669121, "delta": 7.841859}}
{"target": -2.243957096474638, "params": {"C": 49.575243679659124, "epsilon": 0.8204807332270179, "gamma": 0.01969919242677426}, "datetime": {"datetime": "2021-09-18 09:48:50", "elapsed": 3904.370792, "delta": 8.701671}}
{"target": -5.973324951223812, "params": {"C": 31.023422169610868, "epsilon": 1.4836133097942539, "gamma": 2.5424617180848283}, "datetime": {"datetime": "2021-09-18 09:49:04", "elapsed": 3918.451649, "delta": 14.080857}}
{"target": -6.904831140994605, "params": {"C": 8.505405206403774, "epsilon": 4.724708954461272, "gamma": 3.0}, "datetime": {"datetime": "2021-09-18 09:49:13", "elapsed": 3926.931257, "delta": 8.479608}}
{"target": -5.841382706617247, "params": {"C": 44.42095061276509, "epsilon": 8.150540578853139, "gamma": 0.0001}, "datetime": {"datetime": "2021-09-18 09:49:29", "elapsed": 3943.402662, "delta": 16.471405}}
{"target": -6.261012088843262, "params": {"C": 3.6419861047317568, "epsilon": 3.5699775977663895, "gamma": 1.2248880578000332}, "datetime": {"datetime": "2021-09-18 09:49:38", "elapsed": 3951.97139, "delta": 8.568728}}
{"target": -9.394997600142334, "params": {"C": 19.77790864509404, "epsilon": 18.594905287460502, "gamma": 0.0001}, "datetime": {"datetime": "2021-09-18 09:49:50", "elapsed": 3963.83258, "delta": 11.86119}}
{"target": -2.188467424065635, "params": {"C": 19.53343408131047, "epsilon": 0.34389444064706537, "gamma": 0.038549432700966044}, "datetime": {"datetime": "2021-09-18 09:50:01", "elapsed": 3975.502403, "delta": 11.669823}}
{"target": -2.517914902746011, "params": {"C": 19.966580779088716, "epsilon": 0.023516239255456237, "gamma": 0.17860830995156973}, "datetime": {"datetime": "2021-09-18 09:50:12", "elapsed": 3986.155057, "delta": 10.652654}}
{"target": -9.319078947368421, "params": {"C": 5.00593411568815, "epsilon": 22.82125883805214, "gamma": 0.0001}, "datetime": {"datetime": "2021-09-18 09:50:21", "elapsed": 3994.794924, "delta": 8.639867}}
{"target": -6.385462541573411, "params": {"C": 36.35888282701594, "epsilon": 2.3863935148903006, "gamma": 3.0}, "datetime": {"datetime": "2021-09-18 09:50:31", "elapsed": 4005.317751, "delta": 10.522827}}
{"target": -3.4586093421234554, "params": {"C": 30.240940704119357, "epsilon": 0.6776087560536299, "gamma": 0.4683835698116728}, "datetime": {"datetime": "2021-09-18 09:50:43", "elapsed": 4016.60659, "delta": 11.288839}}
{"target": -2.231217724780523, "params": {"C": 46.92244076360567, "epsilon": 1.6162146427409942, "gamma": 0.07929264997738059}, "datetime": {"datetime": "2021-09-18 09:50:53", "elapsed": 4026.666185, "delta": 10.059595}}
{"target": -4.34369936860474, "params": {"C": 43.3123320740201, "epsilon": 2.6797665672548003, "gamma": 0.6246084944159995}, "datetime": {"datetime": "2021-09-18 09:51:01", "elapsed": 4035.462667, "delta": 8.796482}}
