{"target": -2.014979028211996, "params": {"C": 75.61013971767949, "epsilon": 0.6346771533464418, "gamma": 0.06597421269118608}, "datetime": {"datetime": "2021-09-18 11:05:41", "elapsed": 31.138786, "delta": 0.420051}}
{"target": -1.9959909884893943, "params": {"C": 54.40223844828446, "epsilon": 0.06309331911631283, "gamma": 0.07734679028431789}, "datetime": {"datetime": "2021-09-18 11:05:42", "elapsed": 31.541574, "delta": 0.402788}}
{"target": -2.334012173723861, "params": {"C": 73.4002603705016, "epsilon": 0.3069486373225934, "gamma": 0.13512019930651897}, "datetime": {"datetime": "2021-09-18 11:05:42", "elapsed": 31.902574, "delta": 0.361}}
{"target": -1.9752964365663201, "params": {"C": 54.312884128817466, "epsilon": 0.0038123891637490124, "gamma": 0.05403921249633679}, "datetime": {"datetime": "2021-09-18 11:05:42", "elapsed": 32.398942, "delta": 0.496368}}
{"target": -2.107788657400762, "params": {"C": 38.209875762657404, "epsilon": 0.293559504129946, "gamma": 0.036278027097794055}, "datetime": {"datetime": "2021-09-18 11:05:43", "elapsed": 32.77494, "delta": 0.375998}}
{"target": -2.0105928080632736, "params": {"C": 92.81531249560906, "epsilon": 0.08065181934769425, "gamma": 0.035437321536242516}, "datetime": {"datetime": "2021-09-18 11:05:43", "elapsed": 33.154333, "delta": 0.379393}}
{"target": -2.047248652373826, "params": {"C": 92.88833362157722, "epsilon": 0.041241530907149396, "gamma": 0.028682851941617113}, "datetime": {"datetime": "2021-09-18 11:05:44", "elapsed": 33.694303, "delta": 0.53997}}
{"target": -2.0525126094141473, "params": {"C": 88.10179486912705, "epsilon": 0.6556404888987422, "gamma": 0.03429181726993701}, "datetime": {"datetime": "2021-09-18 11:05:44", "elapsed": 34.157684, "delta": 0.463381}}
{"target": -2.0797165347864013, "params": {"C": 92.86417144886558, "epsilon": 0.08553605591998788, "gamma": 0.08485564502588785}, "datetime": {"datetime": "2021-09-18 11:05:45", "elapsed": 35.067835, "delta": 0.910151}}
{"target": -2.085546671590231, "params": {"C": 92.86971968360601, "epsilon": 0.1298382597467753, "gamma": 0.025428381055583593}, "datetime": {"datetime": "2021-09-18 11:05:46", "elapsed": 35.571829, "delta": 0.503994}}
{"target": -2.108621955490253, "params": {"C": 67.52352748014874, "epsilon": 0.45117099282371254, "gamma": 0.09395945023581535}, "datetime": {"datetime": "2021-09-18 11:05:46", "elapsed": 35.969832, "delta": 0.398003}}
{"target": -2.0216271099560026, "params": {"C": 54.31129042168175, "epsilon": 0.07789950759920834, "gamma": 0.044022638906357804}, "datetime": {"datetime": "2021-09-18 11:05:46", "elapsed": 36.454453, "delta": 0.484621}}
{"target": -2.158259183905043, "params": {"C": 54.37103442951536, "epsilon": 0.09136026328022435, "gamma": 0.023090441332020713}, "datetime": {"datetime": "2021-09-18 11:05:47", "elapsed": 37.062414, "delta": 0.607961}}
{"target": -2.2634713636211776, "params": {"C": 54.34747021971002, "epsilon": 0.05217557944380942, "gamma": 0.12974979339176607}, "datetime": {"datetime": "2021-09-18 11:05:48", "elapsed": 37.567453, "delta": 0.505039}}
{"target": -2.000443928302813, "params": {"C": 92.82189103025996, "epsilon": 0.03035212031774456, "gamma": 0.039827306879367946}, "datetime": {"datetime": "2021-09-18 11:05:48", "elapsed": 38.148172, "delta": 0.580719}}
{"target": -2.1610878031811627, "params": {"C": 72.89658861691461, "epsilon": 0.14645971495947424, "gamma": 0.1029660859138661}, "datetime": {"datetime": "2021-09-18 11:05:49", "elapsed": 38.640472, "delta": 0.4923}}
{"target": -2.1077649305677606, "params": {"C": 87.98609273230196, "epsilon": 0.49701024244310765, "gamma": 0.0861530395015584}, "datetime": {"datetime": "2021-09-18 11:05:49", "elapsed": 39.260433, "delta": 0.619961}}
{"target": -2.1500594833175026, "params": {"C": 28.03574590924427, "epsilon": 0.7991598884499819, "gamma": 0.09341320975450883}, "datetime": {"datetime": "2021-09-18 11:05:50", "elapsed": 39.664434, "delta": 0.404001}}
{"target": -1.9633938064142238, "params": {"C": 72.9959828484266, "epsilon": 0.1605481538755684, "gamma": 0.06694115118070712}, "datetime": {"datetime": "2021-09-18 11:05:50", "elapsed": 40.188639, "delta": 0.524205}}
{"target": -2.1136976068635582, "params": {"C": 73.00228632042442, "epsilon": 0.2150054824428394, "gamma": 0.024003145238124732}, "datetime": {"datetime": "2021-09-18 11:05:51", "elapsed": 40.886938, "delta": 0.698299}}
{"target": -2.6045999831339635, "params": {"C": 83.40901476974877, "epsilon": 0.8317911938787591, "gamma": 0.17116022320201}, "datetime": {"datetime": "2021-09-18 11:05:51", "elapsed": 41.249943, "delta": 0.363005}}
{"target": -2.2396421052215016, "params": {"C": 31.421561431991904, "epsilon": 0.8794400533851281, "gamma": 0.11433664561150508}, "datetime": {"datetime": "2021-09-18 11:05:52", "elapsed": 41.876549, "delta": 0.626606}}
{"target": -2.3000655455228203, "params": {"C": 73.02311327778557, "epsilon": 0.16186512007155063, "gamma": 0.13176773997890523}, "datetime": {"datetime": "2021-09-18 11:05:53", "elapsed": 42.504506, "delta": 0.627957}}
{"target": -1.9745507283838328, "params": {"C": 54.42229098055134, "epsilon": 0.022620752099458803, "gamma": 0.05463046545447168}, "datetime": {"datetime": "2021-09-18 11:05:53", "elapsed": 43.1009, "delta": 0.596394}}
{"target": -2.1853883010898616, "params": {"C": 55.512261675494486, "epsilon": 1.1011486607727918, "gamma": 0.029848118574187156}, "datetime": {"datetime": "2021-09-18 11:05:54", "elapsed": 43.601857, "delta": 0.500957}}
{"target": -2.2120080499253754, "params": {"C": 92.7891601787138, "epsilon": 0.01260369693416635, "gamma": 0.11083994629475914}, "datetime": {"datetime": "2021-09-18 11:05:54", "elapsed": 44.142865, "delta": 0.541008}}
{"target": -2.2947154632576874, "params": {"C": 87.90836077667211, "epsilon": 0.6581455334052442, "gamma": 0.11173211781613379}, "datetime": {"datetime": "2021-09-18 11:05:55", "elapsed": 44.682863, "delta": 0.539998}}
{"target": -2.28011618462549, "params": {"C": 75.23624762378877, "epsilon": 1.004927445795088, "gamma": 0.10291200750616306}, "datetime": {"datetime": "2021-09-18 11:05:55", "elapsed": 45.1259, "delta": 0.443037}}
{"target": -2.3616869141667376, "params": {"C": 55.7118974033668, "epsilon": 1.271147684767249, "gamma": 0.11152039798461978}, "datetime": {"datetime": "2021-09-18 11:05:56", "elapsed": 45.497867, "delta": 0.371967}}
{"target": -2.2327361205184015, "params": {"C": 54.462014681210746, "epsilon": 0.06383110460148511, "gamma": 0.01425262500664186}, "datetime": {"datetime": "2021-09-18 11:05:56", "elapsed": 46.358871, "delta": 0.861004}}
{"target": -2.5164122681351877, "params": {"C": 64.68304525606763, "epsilon": 0.21231772120726886, "gamma": 0.1865391659412686}, "datetime": {"datetime": "2021-09-18 11:05:57", "elapsed": 46.791901, "delta": 0.43303}}
{"target": -2.082942293714847, "params": {"C": 72.9595125111257, "epsilon": 0.22231819031933844, "gamma": 0.09091918943791684}, "datetime": {"datetime": "2021-09-18 11:05:58", "elapsed": 47.554862, "delta": 0.762961}}
{"target": -1.948596677704991, "params": {"C": 73.00433399694234, "epsilon": 0.12129811967577898, "gamma": 0.061487868785857505}, "datetime": {"datetime": "2021-09-18 11:05:58", "elapsed": 48.214869, "delta": 0.660007}}
{"target": -2.2040903908881084, "params": {"C": 72.97190352708078, "epsilon": 0.1305875960818944, "gamma": 0.01646581070493182}, "datetime": {"datetime": "2021-09-18 11:05:59", "elapsed": 49.271902, "delta": 1.057033}}
{"target": -2.019452789139287, "params": {"C": 73.08585987276881, "epsilon": 0.11958978671309381, "gamma": 0.038404955338785976}, "datetime": {"datetime": "2021-09-18 11:06:00", "elapsed": 50.014873, "delta": 0.742971}}
{"target": -2.255146727096814, "params": {"C": 73.05938966563588, "epsilon": 0.04805102544000262, "gamma": 0.12450091664455812}, "datetime": {"datetime": "2021-09-18 11:06:01", "elapsed": 50.669865, "delta": 0.654992}}
{"target": -2.1566659191649244, "params": {"C": 28.933701030353753, "epsilon": 1.1816081214469865, "gamma": 0.07426728728502648}, "datetime": {"datetime": "2021-09-18 11:06:01", "elapsed": 51.118866, "delta": 0.449001}}
{"target": -2.03766488846131, "params": {"C": 69.89553062311106, "epsilon": 0.11168594893005535, "gamma": 0.034570815064155845}, "datetime": {"datetime": "2021-09-18 11:06:02", "elapsed": 51.645905, "delta": 0.527039}}
{"target": -2.6325596026014453, "params": {"C": 68.19222640667894, "epsilon": 1.2479056048629509, "gamma": 0.17134266440797183}, "datetime": {"datetime": "2021-09-18 11:06:02", "elapsed": 52.201865, "delta": 0.55596}}
{"target": -2.12833362651988, "params": {"C": 79.4085030939196, "epsilon": 1.1356350137901141, "gamma": 0.07882171338299153}, "datetime": {"datetime": "2021-09-18 11:06:03", "elapsed": 52.8919, "delta": 0.690035}}
{"target": -1.9619194272535978, "params": {"C": 95.43856340218478, "epsilon": 0.2649088112247421, "gamma": 0.055099071576539566}, "datetime": {"datetime": "2021-09-18 11:06:03", "elapsed": 53.35987, "delta": 0.46797}}
{"target": -2.0936142205398625, "params": {"C": 59.37505056635216, "epsilon": 1.2315675447616228, "gamma": 0.0667561095464185}, "datetime": {"datetime": "2021-09-18 11:06:04", "elapsed": 53.801904, "delta": 0.442034}}
{"target": -1.9715903982706346, "params": {"C": 95.47885456673887, "epsilon": 0.27040148045919166, "gamma": 0.04415292897433156}, "datetime": {"datetime": "2021-09-18 11:06:05", "elapsed": 54.563058, "delta": 0.761154}}
{"target": -2.1310122154884907, "params": {"C": 95.45760218806244, "epsilon": 0.21719457952607918, "gamma": 0.019794512425582073}, "datetime": {"datetime": "2021-09-18 11:06:05", "elapsed": 55.192063, "delta": 0.629005}}
{"target": -2.00670331702084, "params": {"C": 95.391696604638, "epsilon": 0.3167850616853455, "gamma": 0.06965730948054585}, "datetime": {"datetime": "2021-09-18 11:06:06", "elapsed": 56.147059, "delta": 0.954996}}
{"target": -2.037668296926675, "params": {"C": 72.90541103336224, "epsilon": 0.20962075978037886, "gamma": 0.03377531876685645}, "datetime": {"datetime": "2021-09-18 11:06:07", "elapsed": 56.945614, "delta": 0.798555}}
{"target": -1.9717278390889506, "params": {"C": 95.40345108294919, "epsilon": 0.3675796244062711, "gamma": 0.06256108333540965}, "datetime": {"datetime": "2021-09-18 11:06:08", "elapsed": 57.58465, "delta": 0.639036}}
{"target": -2.0733300620406747, "params": {"C": 95.50813959875002, "epsilon": 0.32424032276184483, "gamma": 0.02580369892450958}, "datetime": {"datetime": "2021-09-18 11:06:08", "elapsed": 58.437247, "delta": 0.852597}}
{"target": -2.131942423971411, "params": {"C": 95.42972914951747, "epsilon": 0.3603433675474873, "gamma": 0.02001926851456669}, "datetime": {"datetime": "2021-09-18 11:06:09", "elapsed": 59.08615, "delta": 0.648903}}
{"target": -2.1655235922508633, "params": {"C": 95.45613399604807, "epsilon": 0.317862126753343, "gamma": 0.09431072007335478}, "datetime": {"datetime": "2021-09-18 11:06:10", "elapsed": 59.862148, "delta": 0.775998}}
{"target": -2.0750765052396276, "params": {"C": 79.49751619719065, "epsilon": 1.1372340104791507, "gamma": 0.05356778245660641}, "datetime": {"datetime": "2021-09-18 11:06:10", "elapsed": 60.3568, "delta": 0.494652}}
{"target": -2.194135877762029, "params": {"C": 95.36193282382699, "epsilon": 0.4098449313860425, "gamma": 0.09897031400763043}, "datetime": {"datetime": "2021-09-18 11:06:11", "elapsed": 61.140832, "delta": 0.784032}}
{"target": -2.0194730341739313, "params": {"C": 95.59133604004941, "epsilon": 0.2645231330104128, "gamma": 0.034705578561693026}, "datetime": {"datetime": "2021-09-18 11:06:12", "elapsed": 62.076414, "delta": 0.935582}}
{"target": -2.044026172856976, "params": {"C": 77.40833297768248, "epsilon": 0.46054905306154476, "gamma": 0.03483065849747036}, "datetime": {"datetime": "2021-09-18 11:06:13", "elapsed": 62.674551, "delta": 0.598137}}
{"target": -1.9653373070303426, "params": {"C": 62.43942418970912, "epsilon": 0.3267083540563875, "gamma": 0.05819122883239421}, "datetime": {"datetime": "2021-09-18 11:06:13", "elapsed": 63.195762, "delta": 0.521211}}
{"target": -1.964463739797068, "params": {"C": 62.50039048515467, "epsilon": 0.30115571678238384, "gamma": 0.058785169968905496}, "datetime": {"datetime": "2021-09-18 11:06:14", "elapsed": 64.038757, "delta": 0.842995}}
{"target": -2.4938268298162733, "params": {"C": 44.247620701728074, "epsilon": 1.0379387160033542, "gamma": 0.14975775351610504}, "datetime": {"datetime": "2021-09-18 11:06:15", "elapsed": 64.53895, "delta": 0.500193}}
{"target": -2.2475801817587833, "params": {"C": 42.57328395028331, "epsilon": 0.3515759749477785, "gamma": 0.13221458579498457}, "datetime": {"datetime": "2021-09-18 11:06:15", "elapsed": 65.086959, "delta": 0.548009}}
{"target": -2.0346716402953446, "params": {"C": 62.51318382977775, "epsilon": 0.24443919951542975, "gamma": 0.08431924037623592}, "datetime": {"datetime": "2021-09-18 11:06:16", "elapsed": 65.708984, "delta": 0.622025}}
{"target": -2.1151099065464734, "params": {"C": 69.45193955642054, "epsilon": 1.2403917538294427, "gamma": 0.07333636328700276}, "datetime": {"datetime": "2021-09-18 11:06:16", "elapsed": 66.294558, "delta": 0.585574}}
{"target": -2.3987807366579283, "params": {"C": 62.454420714856745, "epsilon": 0.30185447874383275, "gamma": 0.15436486586759457}, "datetime": {"datetime": "2021-09-18 11:06:17", "elapsed": 67.102559, "delta": 0.808001}}
{"target": -2.018318280684757, "params": {"C": 62.48483848704963, "epsilon": 0.387458469623759, "gamma": 0.07587666133533745}, "datetime": {"datetime": "2021-09-18 11:06:18", "elapsed": 67.79856, "delta": 0.696001}}
{"target": -2.185863217537324, "params": {"C": 95.44881443751132, "epsilon": 0.19652731037203586, "gamma": 0.10303960344402048}, "datetime": {"datetime": "2021-09-18 11:06:19", "elapsed": 68.505862, "delta": 0.707302}}
{"target": -2.00791264807226, "params": {"C": 88.06999688291805, "epsilon": 0.7088525777366824, "gamma": 0.0504700287677339}, "datetime": {"datetime": "2021-09-18 11:06:19", "elapsed": 69.088021, "delta": 0.582159}}
{"target": -2.1792352572939193, "params": {"C": 88.64063679067488, "epsilon": 0.22153435110107775, "gamma": 0.10026645256978484}, "datetime": {"datetime": "2021-09-18 11:06:20", "elapsed": 69.642054, "delta": 0.554033}}
{"target": -2.0547195653191856, "params": {"C": 62.43893741862048, "epsilon": 0.3846763734147685, "gamma": 0.03438454110900036}, "datetime": {"datetime": "2021-09-18 11:06:20", "elapsed": 70.315661, "delta": 0.673607}}
{"target": -2.033714726126004, "params": {"C": 62.37945553540165, "epsilon": 0.24821901193905718, "gamma": 0.037733492674624954}, "datetime": {"datetime": "2021-09-18 11:06:21", "elapsed": 71.336071, "delta": 1.02041}}
{"target": -1.9939950498727186, "params": {"C": 62.59066107489487, "epsilon": 0.2875197694235212, "gamma": 0.06880835776913197}, "datetime": {"datetime": "2021-09-18 11:06:22", "elapsed": 72.288683, "delta": 0.952612}}
{"target": -2.0024132492014157, "params": {"C": 62.54440939623796, "epsilon": 0.3171887434479549, "gamma": 0.07230619243398997}, "datetime": {"datetime": "2021-09-18 11:06:23", "elapsed": 73.245943, "delta": 0.95726}}
{"target": -2.116117267946884, "params": {"C": 50.03152807907526, "epsilon": 0.40825762857435877, "gamma": 0.1021463695196428}, "datetime": {"datetime": "2021-09-18 11:06:24", "elapsed": 73.915948, "delta": 0.670005}}
{"target": -2.1204799282747984, "params": {"C": 62.502333135106404, "epsilon": 0.38687342314285866, "gamma": 0.023840785857215593}, "datetime": {"datetime": "2021-09-18 11:06:25", "elapsed": 74.668965, "delta": 0.753017}}
{"target": -2.378610378269922, "params": {"C": 94.39659282090346, "epsilon": 1.1127516202063303, "gamma": 0.11205913536604241}, "datetime": {"datetime": "2021-09-18 11:06:25", "elapsed": 75.27196, "delta": 0.602995}}
{"target": -1.9449850924794554, "params": {"C": 54.36740477608012, "epsilon": 0.001777444372653217, "gamma": 0.06415397602820284}, "datetime": {"datetime": "2021-09-18 11:06:26", "elapsed": 76.009962, "delta": 0.738002}}
{"target": -2.2082291134310617, "params": {"C": 62.423268187157284, "epsilon": 0.29146030017104757, "gamma": 0.015581102835895436}, "datetime": {"datetime": "2021-09-18 11:06:27", "elapsed": 76.984507, "delta": 0.974545}}
{"target": -2.2271683401765383, "params": {"C": 95.3323625368523, "epsilon": 0.3364464072313434, "gamma": 0.01306574910083274}, "datetime": {"datetime": "2021-09-18 11:06:28", "elapsed": 77.908506, "delta": 0.923999}}
{"target": -2.25183609596919, "params": {"C": 26.0413637357227, "epsilon": 1.118961864371967, "gamma": 0.026503677981096048}, "datetime": {"datetime": "2021-09-18 11:06:28", "elapsed": 78.45841, "delta": 0.549904}}
{"target": -2.2159711506703843, "params": {"C": 62.55957456066459, "epsilon": 0.2034673442188944, "gamma": 0.015306977096254375}, "datetime": {"datetime": "2021-09-18 11:06:30", "elapsed": 79.625948, "delta": 1.167538}}
{"target": -1.9523133893713216, "params": {"C": 95.5658684041212, "epsilon": 0.19737866731952486, "gamma": 0.06080245749557611}, "datetime": {"datetime": "2021-09-18 11:06:31", "elapsed": 80.754317, "delta": 1.128369}}
{"target": -2.0463763363795855, "params": {"C": 50.42326035847867, "epsilon": 0.4736990165151608, "gamma": 0.07899621936306214}, "datetime": {"datetime": "2021-09-18 11:06:31", "elapsed": 81.307352, "delta": 0.553035}}
{"target": -2.075355987802965, "params": {"C": 95.5931706092466, "epsilon": 0.21181130821870003, "gamma": 0.08384162174933148}, "datetime": {"datetime": "2021-09-18 11:06:32", "elapsed": 82.133984, "delta": 0.826632}}
{"target": -1.9510283571933649, "params": {"C": 73.06743669928963, "epsilon": 0.17696418359628452, "gamma": 0.05897484285555366}, "datetime": {"datetime": "2021-09-18 11:06:33", "elapsed": 83.042386, "delta": 0.908402}}
{"target": -1.9863647391735615, "params": {"C": 73.11195463039542, "epsilon": 0.14927706330003976, "gamma": 0.07474582225987639}, "datetime": {"datetime": "2021-09-18 11:06:34", "elapsed": 83.822126, "delta": 0.77974}}
{"target": -2.1583757348186743, "params": {"C": 95.590363827552, "epsilon": 0.20139152797134516, "gamma": 0.017432051050181332}, "datetime": {"datetime": "2021-09-18 11:06:35", "elapsed": 84.643093, "delta": 0.820967}}
{"target": -2.186132890628011, "params": {"C": 49.62214966644652, "epsilon": 0.6271354636643499, "gamma": 0.023517166240041326}, "datetime": {"datetime": "2021-09-18 11:06:35", "elapsed": 85.220122, "delta": 0.577029}}
{"target": -2.020285800083967, "params": {"C": 34.61386115065008, "epsilon": 0.05407524176939647, "gamma": 0.07297424423754}, "datetime": {"datetime": "2021-09-18 11:06:36", "elapsed": 85.904086, "delta": 0.683964}}
{"target": -1.961573182003706, "params": {"C": 95.54207893863978, "epsilon": 0.2191454038610512, "gamma": 0.06359215152934798}, "datetime": {"datetime": "2021-09-18 11:06:37", "elapsed": 86.834149, "delta": 0.930063}}
{"target": -1.9968651759893195, "params": {"C": 62.3564873915352, "epsilon": 0.20057947847375393, "gamma": 0.07323819874015017}, "datetime": {"datetime": "2021-09-18 11:06:38", "elapsed": 87.830142, "delta": 0.995993}}
{"target": -2.708987728462013, "params": {"C": 76.63012687646291, "epsilon": 1.454281226313297, "gamma": 0.18407744904948894}, "datetime": {"datetime": "2021-09-18 11:06:38", "elapsed": 88.37473, "delta": 0.544588}}
{"target": -1.9951070286055843, "params": {"C": 62.35295345223049, "epsilon": 0.1908590718399526, "gamma": 0.07371102810151493}, "datetime": {"datetime": "2021-09-18 11:06:39", "elapsed": 89.160715, "delta": 0.785985}}
{"target": -1.9904158626904849, "params": {"C": 62.31890724770241, "epsilon": 0.2862022569405557, "gamma": 0.06764996736061817}, "datetime": {"datetime": "2021-09-18 11:06:40", "elapsed": 90.191686, "delta": 1.030971}}
{"target": -2.2879189520351546, "params": {"C": 62.255837614016954, "epsilon": 0.24013615250555428, "gamma": 0.13105601421191143}, "datetime": {"datetime": "2021-09-18 11:06:41", "elapsed": 91.293358, "delta": 1.101672}}
{"target": -2.0632734905776866, "params": {"C": 62.28280085005927, "epsilon": 0.23838765912955592, "gamma": 0.03285092723893699}, "datetime": {"datetime": "2021-09-18 11:06:42", "elapsed": 92.195057, "delta": 0.901699}}
{"target": -1.9485231690232392, "params": {"C": 95.52980203260944, "epsilon": 0.1343184774168534, "gamma": 0.0503919186210071}, "datetime": {"datetime": "2021-09-18 11:06:43", "elapsed": 93.17164, "delta": 0.976583}}
{"target": -2.159968894991876, "params": {"C": 95.50152494882293, "epsilon": 0.08001583828869632, "gamma": 0.09454223938665442}, "datetime": {"datetime": "2021-09-18 11:06:44", "elapsed": 94.218632, "delta": 1.046992}}
{"target": -2.2696731088373756, "params": {"C": 34.62020573550871, "epsilon": 0.11072618737668367, "gamma": 0.015200607104477815}, "datetime": {"datetime": "2021-09-18 11:06:45", "elapsed": 95.245254, "delta": 1.026622}}
{"target": -2.0757381381838, "params": {"C": 38.961926777042194, "epsilon": 0.5188488739523108, "gamma": 0.07942171200708836}, "datetime": {"datetime": "2021-09-18 11:06:46", "elapsed": 95.865291, "delta": 0.620037}}
{"target": -2.193878598071853, "params": {"C": 95.56313310435773, "epsilon": 0.16198532367419877, "gamma": 0.10576439272882802}, "datetime": {"datetime": "2021-09-18 11:06:47", "elapsed": 97.027832, "delta": 1.162541}}
{"target": -2.2379146748097694, "params": {"C": 34.59269906366363, "epsilon": 0.08838507240298228, "gamma": 0.13403739129363004}, "datetime": {"datetime": "2021-09-18 11:06:48", "elapsed": 98.214443, "delta": 1.186611}}
{"target": -2.149644026935118, "params": {"C": 34.58349901363925, "epsilon": 0.014849969427127822, "gamma": 0.03068096942044822}, "datetime": {"datetime": "2021-09-18 11:06:49", "elapsed": 99.371547, "delta": 1.157104}}
{"target": -1.9851215848697812, "params": {"C": 73.15272202868633, "epsilon": 0.1994986860668039, "gamma": 0.07141228709333051}, "datetime": {"datetime": "2021-09-18 11:06:50", "elapsed": 100.261798, "delta": 0.890251}}
