{"target": -11.2083517854834, "params": {"C": 475.4278292181617, "epsilon": 0.6592982557562491, "gamma": 0.048682481334639004}, "datetime": {"datetime": "2021-09-27 17:34:19", "elapsed": 52.337652, "delta": 0.747669}}
{"target": -11.005306989155898, "params": {"C": 475.34913919742837, "epsilon": 0.5225582258479212, "gamma": 0.011555584789468037}, "datetime": {"datetime": "2021-09-27 17:34:20", "elapsed": 53.040656, "delta": 0.703004}}
{"target": -15.934082062224576, "params": {"C": 382.49791741732156, "epsilon": 0.49337005899868264, "gamma": 0.2742431220852463}, "datetime": {"datetime": "2021-09-27 17:34:20", "elapsed": 53.543654, "delta": 0.502998}}
{"target": -10.619825993632803, "params": {"C": 377.2366919158906, "epsilon": 0.2251607652449486, "gamma": 0.04340006353007239}, "datetime": {"datetime": "2021-09-27 17:34:21", "elapsed": 54.218062, "delta": 0.674408}}
{"target": -16.17643983931422, "params": {"C": 489.48578332454304, "epsilon": 0.7099602825041732, "gamma": 0.295517325476896}, "datetime": {"datetime": "2021-09-27 17:34:21", "elapsed": 54.708061, "delta": 0.489999}}
{"target": -10.469069842311542, "params": {"C": 377.3808345975768, "epsilon": 0.19593701667400076, "gamma": 0.032074178107074816}, "datetime": {"datetime": "2021-09-27 17:34:22", "elapsed": 55.610285, "delta": 0.902224}}
{"target": -15.972621424108748, "params": {"C": 461.19741050429207, "epsilon": 0.33173135917692226, "gamma": 0.2796584894348582}, "datetime": {"datetime": "2021-09-27 17:34:23", "elapsed": 56.106276, "delta": 0.495991}}
{"target": -14.636499599189378, "params": {"C": 377.36863902738736, "epsilon": 0.3042088476693737, "gamma": 0.12729896586926215}, "datetime": {"datetime": "2021-09-27 17:34:23", "elapsed": 56.806281, "delta": 0.700005}}
{"target": -12.754530511163157, "params": {"C": 377.445652725264, "epsilon": 0.06474501382809673, "gamma": 0.08637548750149265}, "datetime": {"datetime": "2021-09-27 17:34:24", "elapsed": 57.614502, "delta": 0.808221}}
{"target": -11.285208783020154, "params": {"C": 377.27758605251864, "epsilon": 0.10902833339981859, "gamma": 0.01}, "datetime": {"datetime": "2021-09-27 17:34:25", "elapsed": 58.408512, "delta": 0.79401}}
{"target": -13.260949155511167, "params": {"C": 377.1398438927563, "epsilon": 0.12467256071593202, "gamma": 0.09409393102897487}, "datetime": {"datetime": "2021-09-27 17:34:26", "elapsed": 59.473501, "delta": 1.064989}}
{"target": -15.20169429857062, "params": {"C": 475.5079333411654, "epsilon": 0.4786635139148907, "gamma": 0.16326970270309132}, "datetime": {"datetime": "2021-09-27 17:34:27", "elapsed": 60.389204, "delta": 0.915703}}
{"target": -16.053103351156093, "params": {"C": 464.24847819907876, "epsilon": 0.719470316344383, "gamma": 0.269461904275626}, "datetime": {"datetime": "2021-09-27 17:34:28", "elapsed": 61.096199, "delta": 0.706995}}
{"target": -10.919198000817106, "params": {"C": 475.3489057574853, "epsilon": 0.7570347119308808, "gamma": 0.011267021661081317}, "datetime": {"datetime": "2021-09-27 17:34:29", "elapsed": 61.996325, "delta": 0.900126}}
{"target": -10.35510354398493, "params": {"C": 377.05546919418225, "epsilon": 0.34337574461506576, "gamma": 0.028887456042081018}, "datetime": {"datetime": "2021-09-27 17:34:29", "elapsed": 62.867321, "delta": 0.870996}}
{"target": -11.349995725783927, "params": {"C": 377.15671400942944, "epsilon": 0.40638888552892793, "gamma": 0.05650544936809853}, "datetime": {"datetime": "2021-09-27 17:34:30", "elapsed": 63.875912, "delta": 1.008591}}
{"target": -14.965756886991633, "params": {"C": 377.01674964611203, "epsilon": 0.37760251556387653, "gamma": 0.15558583566070255}, "datetime": {"datetime": "2021-09-27 17:34:31", "elapsed": 64.725267, "delta": 0.849355}}
{"target": -10.783473276243392, "params": {"C": 341.2118657906199, "epsilon": 0.4622927885471187, "gamma": 0.045311404180029505}, "datetime": {"datetime": "2021-09-27 17:34:32", "elapsed": 65.632193, "delta": 0.906926}}
{"target": -10.427847947654579, "params": {"C": 404.7773419771361, "epsilon": 0.2622106620492069, "gamma": 0.03171626126028539}, "datetime": {"datetime": "2021-09-27 17:34:33", "elapsed": 66.742191, "delta": 1.109998}}
{"target": -10.563592804633643, "params": {"C": 404.69407364842937, "epsilon": 0.1853225072069454, "gamma": 0.023348759213716493}, "datetime": {"datetime": "2021-09-27 17:34:34", "elapsed": 67.691068, "delta": 0.948877}}
{"target": -11.30079373890904, "params": {"C": 404.8257267229774, "epsilon": 0.084974115904454, "gamma": 0.06168406540133921}, "datetime": {"datetime": "2021-09-27 17:34:35", "elapsed": 68.541072, "delta": 0.850004}}
{"target": -15.657113701546432, "params": {"C": 404.7090325284794, "epsilon": 0.16895172947594678, "gamma": 0.25719658726970407}, "datetime": {"datetime": "2021-09-27 17:34:36", "elapsed": 69.316066, "delta": 0.774994}}
{"target": -11.029214330312671, "params": {"C": 341.4862167828271, "epsilon": 0.43116812575534397, "gamma": 0.011503136064392912}, "datetime": {"datetime": "2021-09-27 17:34:37", "elapsed": 70.149406, "delta": 0.83334}}
{"target": -10.768487544182252, "params": {"C": 404.6683542881563, "epsilon": 0.3344290469546479, "gamma": 0.01498205471525145}, "datetime": {"datetime": "2021-09-27 17:34:38", "elapsed": 71.328405, "delta": 1.178999}}
{"target": -10.958415261633956, "params": {"C": 404.9392503244713, "epsilon": 0.19165351111670711, "gamma": 0.047596338918946844}, "datetime": {"datetime": "2021-09-27 17:34:39", "elapsed": 72.231259, "delta": 0.902854}}
{"target": -10.837221459715071, "params": {"C": 404.461460757497, "epsilon": 0.33755950438527016, "gamma": 0.01373352909961497}, "datetime": {"datetime": "2021-09-27 17:34:40", "elapsed": 73.505259, "delta": 1.274}}
{"target": -12.64998289978394, "params": {"C": 404.3362914313453, "epsilon": 0.17115092887413913, "gamma": 0.08059476521415238}, "datetime": {"datetime": "2021-09-27 17:34:41", "elapsed": 74.607259, "delta": 1.102}}
{"target": -16.088834043155188, "params": {"C": 483.1888759564466, "epsilon": 0.2460372142057775, "gamma": 0.29426509283957414}, "datetime": {"datetime": "2021-09-27 17:34:42", "elapsed": 75.449272, "delta": 0.842013}}
{"target": -10.522049936705171, "params": {"C": 341.0693777599355, "epsilon": 0.6196317694848419, "gamma": 0.017965678823333414}, "datetime": {"datetime": "2021-09-27 17:34:43", "elapsed": 76.303202, "delta": 0.85393}}
{"target": -14.300566985245078, "params": {"C": 340.9476940375719, "epsilon": 0.5592796205307384, "gamma": 0.11373286880207889}, "datetime": {"datetime": "2021-09-27 17:34:44", "elapsed": 77.378495, "delta": 1.075293}}
{"target": -14.970888514778698, "params": {"C": 319.52633014153486, "epsilon": 0.7663594112080121, "gamma": 0.13507989449272279}, "datetime": {"datetime": "2021-09-27 17:34:45", "elapsed": 78.103456, "delta": 0.724961}}
{"target": -11.051998689801323, "params": {"C": 341.0989463978993, "epsilon": 0.8338032999148001, "gamma": 0.05045836315458543}, "datetime": {"datetime": "2021-09-27 17:34:46", "elapsed": 79.064474, "delta": 0.961018}}
{"target": -10.269731332117113, "params": {"C": 377.3877192903595, "epsilon": 0.18071192816834994, "gamma": 0.020848037754011402}, "datetime": {"datetime": "2021-09-27 17:34:46", "elapsed": 79.835651, "delta": 0.771177}}
{"target": -15.169638133354171, "params": {"C": 475.9634349559794, "epsilon": 0.7439956199869574, "gamma": 0.13450259493867878}, "datetime": {"datetime": "2021-09-27 17:34:47", "elapsed": 80.407683, "delta": 0.572032}}
{"target": -15.252722414956471, "params": {"C": 340.9672410492519, "epsilon": 0.8987391597975164, "gamma": 0.16029415569150254}, "datetime": {"datetime": "2021-09-27 17:34:48", "elapsed": 81.233651, "delta": 0.825968}}
{"target": -10.769013159576469, "params": {"C": 405.12562940234767, "epsilon": 0.11486187508030721, "gamma": 0.046460373422699805}, "datetime": {"datetime": "2021-09-27 17:34:49", "elapsed": 82.452415, "delta": 1.218764}}
{"target": -14.427077849937723, "params": {"C": 405.22467020396095, "epsilon": 0.04481224143150283, "gamma": 0.12230827988466543}, "datetime": {"datetime": "2021-09-27 17:34:50", "elapsed": 83.458415, "delta": 1.006}}
{"target": -10.720022642860908, "params": {"C": 341.2305089610332, "epsilon": 0.8134321676474943, "gamma": 0.04411071590065354}, "datetime": {"datetime": "2021-09-27 17:34:51", "elapsed": 84.490344, "delta": 1.031929}}
{"target": -11.239342972281756, "params": {"C": 405.10732035494317, "epsilon": 0.23615208784905753, "gamma": 0.0551599780357939}, "datetime": {"datetime": "2021-09-27 17:34:52", "elapsed": 85.649355, "delta": 1.159011}}
{"target": -10.399091325082907, "params": {"C": 415.1883253946234, "epsilon": 0.8662822533630246, "gamma": 0.018293035766550392}, "datetime": {"datetime": "2021-09-27 17:34:53", "elapsed": 86.404887, "delta": 0.755532}}
{"target": -13.346016655980621, "params": {"C": 404.28311016374596, "epsilon": 0.45407225996971284, "gamma": 0.08758761115103064}, "datetime": {"datetime": "2021-09-27 17:34:54", "elapsed": 87.493521, "delta": 1.088634}}
{"target": -10.881929767882854, "params": {"C": 474.65577588668134, "epsilon": 0.4460565053974082, "gamma": 0.013862634046872765}, "datetime": {"datetime": "2021-09-27 17:34:56", "elapsed": 89.02608, "delta": 1.532559}}
{"target": -15.233321446227352, "params": {"C": 341.2575550485989, "epsilon": 0.9714644336263614, "gamma": 0.15921474604692384}, "datetime": {"datetime": "2021-09-27 17:34:56", "elapsed": 89.904872, "delta": 0.878792}}
{"target": -11.221600893064206, "params": {"C": 404.7302346824358, "epsilon": 0.6310348446844489, "gamma": 0.05131695720629805}, "datetime": {"datetime": "2021-09-27 17:34:57", "elapsed": 90.603864, "delta": 0.698992}}
{"target": -14.812811678826208, "params": {"C": 405.02226640999976, "epsilon": 0.12806712220077207, "gamma": 0.14094377673771355}, "datetime": {"datetime": "2021-09-27 17:34:58", "elapsed": 91.980892, "delta": 1.377028}}
{"target": -16.114444818594215, "params": {"C": 493.6565453597306, "epsilon": 0.36864659152136064, "gamma": 0.2925349484950845}, "datetime": {"datetime": "2021-09-27 17:34:59", "elapsed": 92.750892, "delta": 0.77}}
{"target": -15.385761119215482, "params": {"C": 429.11032844213423, "epsilon": 0.3170856812514847, "gamma": 0.21894515134923676}, "datetime": {"datetime": "2021-09-27 17:35:00", "elapsed": 93.45989, "delta": 0.708998}}
{"target": -14.919163925671814, "params": {"C": 494.9104468731268, "epsilon": 0.19879822897197832, "gamma": 0.14258208050866608}, "datetime": {"datetime": "2021-09-27 17:35:01", "elapsed": 94.322446, "delta": 0.862556}}
{"target": -10.715717329346495, "params": {"C": 377.0430725044505, "epsilon": 0.23059076375603277, "gamma": 0.016708615434097497}, "datetime": {"datetime": "2021-09-27 17:35:02", "elapsed": 95.333444, "delta": 1.010998}}
{"target": -10.806113561641506, "params": {"C": 341.19746454514694, "epsilon": 0.6268625754448738, "gamma": 0.0463563951591672}, "datetime": {"datetime": "2021-09-27 17:35:03", "elapsed": 96.398942, "delta": 1.065498}}
{"target": -15.244752554590837, "params": {"C": 404.39224430420904, "epsilon": 0.7950664964782177, "gamma": 0.15801058432345813}, "datetime": {"datetime": "2021-09-27 17:35:04", "elapsed": 97.116138, "delta": 0.717196}}
{"target": -11.1805358011273, "params": {"C": 404.49334331760605, "epsilon": 0.21591243781139888, "gamma": 0.010681873953795681}, "datetime": {"datetime": "2021-09-27 17:35:05", "elapsed": 98.099019, "delta": 0.982881}}
{"target": -10.819043519676432, "params": {"C": 302.84645047744374, "epsilon": 0.05147806863456858, "gamma": 0.05298317290664138}, "datetime": {"datetime": "2021-09-27 17:35:06", "elapsed": 99.339018, "delta": 1.239999}}
{"target": -10.723613575524286, "params": {"C": 367.2328613866141, "epsilon": 0.5955663730133135, "gamma": 0.04404696561752016}, "datetime": {"datetime": "2021-09-27 17:35:07", "elapsed": 100.167391, "delta": 0.828373}}
{"target": -14.017133152393404, "params": {"C": 367.2743245463212, "epsilon": 0.4456574410687002, "gamma": 0.10462112238183734}, "datetime": {"datetime": "2021-09-27 17:35:08", "elapsed": 101.313391, "delta": 1.146}}
{"target": -15.328846669774492, "params": {"C": 367.22933274890073, "epsilon": 0.816890147217282, "gamma": 0.16910865761935906}, "datetime": {"datetime": "2021-09-27 17:35:09", "elapsed": 102.546839, "delta": 1.233448}}
{"target": -14.702345774714376, "params": {"C": 302.71849189354623, "epsilon": 0.12240504403514718, "gamma": 0.15471624420667476}, "datetime": {"datetime": "2021-09-27 17:35:11", "elapsed": 104.218423, "delta": 1.671584}}
{"target": -13.933863002063292, "params": {"C": 302.9442769195491, "epsilon": 0.0601800976693841, "gamma": 0.12395526892714982}, "datetime": {"datetime": "2021-09-27 17:35:12", "elapsed": 105.405422, "delta": 1.186999}}
{"target": -15.509292005399516, "params": {"C": 470.25752935996275, "epsilon": 0.6187766089838677, "gamma": 0.18417568237067844}, "datetime": {"datetime": "2021-09-27 17:35:13", "elapsed": 106.186536, "delta": 0.781114}}
{"target": -11.187476375753313, "params": {"C": 405.27096505099087, "epsilon": 0.2512493298263806, "gamma": 0.05171578713094255}, "datetime": {"datetime": "2021-09-27 17:35:14", "elapsed": 107.707535, "delta": 1.520999}}
{"target": -13.466943621072408, "params": {"C": 352.8445416752164, "epsilon": 0.07274433527901027, "gamma": 0.10273894446372207}, "datetime": {"datetime": "2021-09-27 17:35:15", "elapsed": 108.723011, "delta": 1.015476}}
{"target": -10.500459909084359, "params": {"C": 405.412764177127, "epsilon": 0.42335013831762186, "gamma": 0.036099517575619945}, "datetime": {"datetime": "2021-09-27 17:35:17", "elapsed": 110.131706, "delta": 1.408695}}
{"target": -14.730346240147965, "params": {"C": 405.4851969214275, "epsilon": 0.2835843958069441, "gamma": 0.12936727264081244}, "datetime": {"datetime": "2021-09-27 17:35:18", "elapsed": 111.931707, "delta": 1.800001}}
{"target": -14.95477482121844, "params": {"C": 491.55846017687554, "epsilon": 0.15742206011385554, "gamma": 0.16348672796428074}, "datetime": {"datetime": "2021-09-27 17:35:19", "elapsed": 112.768346, "delta": 0.836639}}
{"target": -11.0468549006332, "params": {"C": 405.57325655757427, "epsilon": 0.5573826999104919, "gamma": 0.049100582700908904}, "datetime": {"datetime": "2021-09-27 17:35:20", "elapsed": 113.937075, "delta": 1.168729}}
{"target": -15.886898965276536, "params": {"C": 405.4536729823784, "epsilon": 0.5765256406614088, "gamma": 0.2578180432675473}, "datetime": {"datetime": "2021-09-27 17:35:22", "elapsed": 115.063067, "delta": 1.125992}}
{"target": -10.768405594019145, "params": {"C": 405.2938462741763, "epsilon": 0.4132467948585214, "gamma": 0.043481919279197166}, "datetime": {"datetime": "2021-09-27 17:35:23", "elapsed": 116.219129, "delta": 1.156062}}
{"target": -10.766979116770182, "params": {"C": 377.3775748161025, "epsilon": 0.1929318114760523, "gamma": 0.04610606718742934}, "datetime": {"datetime": "2021-09-27 17:35:24", "elapsed": 117.519246, "delta": 1.300117}}
{"target": -10.507046965686422, "params": {"C": 405.5160195369102, "epsilon": 0.7192353034478137, "gamma": 0.028094292092408074}, "datetime": {"datetime": "2021-09-27 17:35:26", "elapsed": 118.999617, "delta": 1.480371}}
{"target": -12.537943314769038, "params": {"C": 405.622493145549, "epsilon": 0.7592478429974576, "gamma": 0.072848217448222}, "datetime": {"datetime": "2021-09-27 17:35:27", "elapsed": 120.090828, "delta": 1.091211}}
{"target": -14.772134785710268, "params": {"C": 367.0385284336013, "epsilon": 0.5886454592777337, "gamma": 0.12281491529198608}, "datetime": {"datetime": "2021-09-27 17:35:28", "elapsed": 121.247839, "delta": 1.157011}}
{"target": -10.658989198285706, "params": {"C": 405.4546121885884, "epsilon": 0.6302398136466594, "gamma": 0.041060347415562026}, "datetime": {"datetime": "2021-09-27 17:35:29", "elapsed": 122.411559, "delta": 1.16372}}
{"target": -11.956503300173178, "params": {"C": 405.36387489279167, "epsilon": 0.7637755926801598, "gamma": 0.0639918184357372}, "datetime": {"datetime": "2021-09-27 17:35:30", "elapsed": 123.51456, "delta": 1.103001}}
{"target": -10.611117661483012, "params": {"C": 412.71451507191784, "epsilon": 0.49585353310157465, "gamma": 0.01660626349524408}, "datetime": {"datetime": "2021-09-27 17:35:31", "elapsed": 124.677972, "delta": 1.163412}}
{"target": -10.62086758646561, "params": {"C": 367.34918760834455, "epsilon": 0.6263016479266755, "gamma": 0.016303349209997348}, "datetime": {"datetime": "2021-09-27 17:35:32", "elapsed": 125.655971, "delta": 0.977999}}
{"target": -10.320533548930289, "params": {"C": 367.60409767784716, "epsilon": 0.7065646029521796, "gamma": 0.020813074926870193}, "datetime": {"datetime": "2021-09-27 17:35:33", "elapsed": 126.832361, "delta": 1.17639}}
{"target": -11.942992996490217, "params": {"C": 367.7434111012714, "epsilon": 0.6385273378877105, "gamma": 0.06784290104153745}, "datetime": {"datetime": "2021-09-27 17:35:35", "elapsed": 128.107072, "delta": 1.274711}}
{"target": -15.900902136260985, "params": {"C": 367.5988985529577, "epsilon": 0.7856951124930074, "gamma": 0.22918631446598353}, "datetime": {"datetime": "2021-09-27 17:35:36", "elapsed": 129.019079, "delta": 0.912007}}
{"target": -15.077351987660823, "params": {"C": 341.82981722390764, "epsilon": 0.43989542998352693, "gamma": 0.16853604194247154}, "datetime": {"datetime": "2021-09-27 17:35:36", "elapsed": 129.798076, "delta": 0.778997}}
{"target": -12.499617375439366, "params": {"C": 367.6089043924982, "epsilon": 0.46928638855992005, "gamma": 0.07718835603230116}, "datetime": {"datetime": "2021-09-27 17:35:38", "elapsed": 131.156873, "delta": 1.358797}}
{"target": -10.38911236874236, "params": {"C": 367.51507642159663, "epsilon": 0.6540955960281604, "gamma": 0.02360741316105351}, "datetime": {"datetime": "2021-09-27 17:35:39", "elapsed": 132.364716, "delta": 1.207843}}
{"target": -11.03554110660332, "params": {"C": 371.37053238254475, "epsilon": 0.22443857962725894, "gamma": 0.05068321664708929}, "datetime": {"datetime": "2021-09-27 17:35:40", "elapsed": 133.286706, "delta": 0.92199}}
{"target": -11.098350593060132, "params": {"C": 474.9111942303701, "epsilon": 0.36893322634673725, "gamma": 0.04804466381196069}, "datetime": {"datetime": "2021-09-27 17:35:41", "elapsed": 134.176944, "delta": 0.890238}}
{"target": -13.471449121407918, "params": {"C": 371.5044284486163, "epsilon": 0.09490434655572094, "gamma": 0.10059713275339234}, "datetime": {"datetime": "2021-09-27 17:35:42", "elapsed": 135.399946, "delta": 1.223002}}
{"target": -14.921086467456416, "params": {"C": 371.45816119218534, "epsilon": 0.4434005427524216, "gamma": 0.14379074971436306}, "datetime": {"datetime": "2021-09-27 17:35:43", "elapsed": 136.509104, "delta": 1.109158}}
{"target": -10.720495611063418, "params": {"C": 368.00457505130845, "epsilon": 0.8187104359938887, "gamma": 0.013995279893096235}, "datetime": {"datetime": "2021-09-27 17:35:44", "elapsed": 137.717726, "delta": 1.208622}}
{"target": -15.334886735815061, "params": {"C": 368.1203143727154, "epsilon": 0.8484973784529094, "gamma": 0.16893672229389628}, "datetime": {"datetime": "2021-09-27 17:35:46", "elapsed": 139.128952, "delta": 1.411226}}
{"target": -14.002453704448836, "params": {"C": 300.0629057248401, "epsilon": 0.4953697615575448, "gamma": 0.1132544158544099}, "datetime": {"datetime": "2021-09-27 17:35:46", "elapsed": 139.956949, "delta": 0.827997}}
{"target": -10.67026141150189, "params": {"C": 367.8714281463125, "epsilon": 0.8323022375534637, "gamma": 0.04182888431138342}, "datetime": {"datetime": "2021-09-27 17:35:48", "elapsed": 141.280355, "delta": 1.323406}}
{"target": -10.484071134372694, "params": {"C": 474.8988739654101, "epsilon": 0.36967941279601796, "gamma": 0.03649121199829032}, "datetime": {"datetime": "2021-09-27 17:35:49", "elapsed": 142.183232, "delta": 0.902877}}
{"target": -10.471280083499142, "params": {"C": 404.66947671121426, "epsilon": 0.3375600238970166, "gamma": 0.018386985115364327}, "datetime": {"datetime": "2021-09-27 17:35:49", "elapsed": 142.974228, "delta": 0.790996}}
{"target": -14.807324989339365, "params": {"C": 404.7483804403822, "epsilon": 0.4282456123924924, "gamma": 0.12667165191107702}, "datetime": {"datetime": "2021-09-27 17:35:51", "elapsed": 144.20661, "delta": 1.232382}}
{"target": -15.269060122199265, "params": {"C": 340.7951921222221, "epsilon": 0.004937686534271162, "gamma": 0.23115757059476177}, "datetime": {"datetime": "2021-09-27 17:35:52", "elapsed": 145.080615, "delta": 0.874005}}
{"target": -13.217009842512278, "params": {"C": 404.5982060351717, "epsilon": 0.41993817863528304, "gamma": 0.08505356153198611}, "datetime": {"datetime": "2021-09-27 17:35:53", "elapsed": 146.454682, "delta": 1.374067}}
{"target": -11.098760942716913, "params": {"C": 404.84362635768827, "epsilon": 0.15658064006110234, "gamma": 0.012200283590276131}, "datetime": {"datetime": "2021-09-27 17:35:54", "elapsed": 147.709029, "delta": 1.254347}}
{"target": -10.588890004261408, "params": {"C": 341.1352707047534, "epsilon": 0.5602230520227149, "gamma": 0.017936917815999057}, "datetime": {"datetime": "2021-09-27 17:35:55", "elapsed": 148.814596, "delta": 1.105567}}
{"target": -12.739325271775254, "params": {"C": 404.67756772797634, "epsilon": 0.32225596267207696, "gamma": 0.08040297179328121}, "datetime": {"datetime": "2021-09-27 17:35:56", "elapsed": 149.920595, "delta": 1.105999}}
{"target": -11.48951865238479, "params": {"C": 405.50047065129263, "epsilon": 0.4990558429421896, "gamma": 0.056897368140045375}, "datetime": {"datetime": "2021-09-27 17:35:58", "elapsed": 151.097244, "delta": 1.176649}}
{"target": -14.562555889403212, "params": {"C": 341.17544858291217, "epsilon": 0.7652234544726952, "gamma": 0.11705308012979677}, "datetime": {"datetime": "2021-09-27 17:35:59", "elapsed": 152.205608, "delta": 1.108364}}
{"target": -14.400605997893035, "params": {"C": 352.22089714110865, "epsilon": 0.7545143380639088, "gamma": 0.11171022335433559}, "datetime": {"datetime": "2021-09-27 17:36:00", "elapsed": 153.014609, "delta": 0.809001}}
