{"target": 0.9006815413208525, "params": {"C": 195.89348526687468, "epsilon": 0.6883461958694911, "gamma": 0.11749032696091319}, "datetime": {"datetime": "2021-09-18 14:30:50", "elapsed": 202.931377, "delta": 1.300189}}
{"target": 0.9026401048893964, "params": {"C": 184.7824489366709, "epsilon": 0.6750967719963241, "gamma": 0.06544758339148919}, "datetime": {"datetime": "2021-09-18 14:30:51", "elapsed": 204.305342, "delta": 1.373965}}
{"target": 0.9073264178507053, "params": {"C": 151.7848594936894, "epsilon": 0.38188573794141195, "gamma": 0.08804797691341291}, "datetime": {"datetime": "2021-09-18 14:30:53", "elapsed": 205.863335, "delta": 1.557993}}
{"target": 0.900777588805159, "params": {"C": 195.88915448653182, "epsilon": 0.757998172276145, "gamma": 0.060428715073130246}, "datetime": {"datetime": "2021-09-18 14:30:54", "elapsed": 207.380336, "delta": 1.517001}}
{"target": 0.9090987341426772, "params": {"C": 197.63520487503956, "epsilon": 0.5027814972570611, "gamma": 0.08504546942185713}, "datetime": {"datetime": "2021-09-18 14:30:56", "elapsed": 209.253338, "delta": 1.873002}}
{"target": 0.9100025946179477, "params": {"C": 195.82855822436483, "epsilon": 0.7526741895160125, "gamma": 0.0791610616465109}, "datetime": {"datetime": "2021-09-18 14:30:58", "elapsed": 210.853338, "delta": 1.6}}
{"target": 0.9034882425266063, "params": {"C": 193.27323418003817, "epsilon": 0.6260883304951982, "gamma": 0.11048479239515169}, "datetime": {"datetime": "2021-09-18 14:30:59", "elapsed": 211.913337, "delta": 1.059999}}
{"target": 0.902920494860204, "params": {"C": 128.0259066110826, "epsilon": 0.5809434999365595, "gamma": 0.07884005056660363}, "datetime": {"datetime": "2021-09-18 14:31:00", "elapsed": 212.973336, "delta": 1.059999}}
{"target": 0.8937934499742186, "params": {"C": 148.64503264998757, "epsilon": 0.6283467518986621, "gamma": 0.14042720529890798}, "datetime": {"datetime": "2021-09-18 14:31:01", "elapsed": 214.037333, "delta": 1.063997}}
{"target": 0.901673275187079, "params": {"C": 195.97082510432574, "epsilon": 0.6980809642567141, "gamma": 0.06198757935446353}, "datetime": {"datetime": "2021-09-18 14:31:03", "elapsed": 215.827335, "delta": 1.790002}}
{"target": 0.9010288772611855, "params": {"C": 197.61869295068902, "epsilon": 0.5147250818821393, "gamma": 0.061129444947822166}, "datetime": {"datetime": "2021-09-18 14:31:04", "elapsed": 217.172333, "delta": 1.344998}}
{"target": 0.9042078504749063, "params": {"C": 197.62019436882647, "epsilon": 0.4684279894753757, "gamma": 0.10483823747660913}, "datetime": {"datetime": "2021-09-18 14:31:06", "elapsed": 218.985339, "delta": 1.813006}}
{"target": 0.9045669488092006, "params": {"C": 115.24739465562952, "epsilon": 0.3792648969249637, "gamma": 0.09242047493848346}, "datetime": {"datetime": "2021-09-18 14:31:07", "elapsed": 220.115336, "delta": 1.129997}}
{"target": 0.9086319250002151, "params": {"C": 195.85688904219876, "epsilon": 0.7457214863579318, "gamma": 0.09147236115682139}, "datetime": {"datetime": "2021-09-18 14:31:09", "elapsed": 222.23434, "delta": 2.119004}}
{"target": 0.909762984732665, "params": {"C": 195.8256023957175, "epsilon": 0.7160379272813826, "gamma": 0.08298821303452866}, "datetime": {"datetime": "2021-09-18 14:31:11", "elapsed": 223.917338, "delta": 1.682998}}
{"target": 0.909932323464742, "params": {"C": 197.36171790447187, "epsilon": 0.675810263795583, "gamma": 0.08035314975403113}, "datetime": {"datetime": "2021-09-18 14:31:12", "elapsed": 225.045344, "delta": 1.128006}}
{"target": 0.9040718559521798, "params": {"C": 197.37357394391668, "epsilon": 0.6616293397205241, "gamma": 0.10919948197433671}, "datetime": {"datetime": "2021-09-18 14:31:13", "elapsed": 226.628339, "delta": 1.582995}}
{"target": 0.8954685713088102, "params": {"C": 195.84307166037598, "epsilon": 0.7715813523728429, "gamma": 0.12654502759687764}, "datetime": {"datetime": "2021-09-18 14:31:15", "elapsed": 228.348339, "delta": 1.72}}
{"target": 0.8983410571213111, "params": {"C": 195.91812111158765, "epsilon": 0.6870384252803602, "gamma": 0.056106488008452894}, "datetime": {"datetime": "2021-09-18 14:31:17", "elapsed": 229.914342, "delta": 1.566003}}
{"target": 0.8975499757139288, "params": {"C": 195.80002889936864, "epsilon": 0.720249756296088, "gamma": 0.0549186416153562}, "datetime": {"datetime": "2021-09-18 14:31:18", "elapsed": 231.619373, "delta": 1.705031}}
{"target": 0.90466013571016, "params": {"C": 195.79904938020385, "epsilon": 0.7378860168369745, "gamma": 0.1075844028429302}, "datetime": {"datetime": "2021-09-18 14:31:20", "elapsed": 233.281339, "delta": 1.661966}}
{"target": 0.905165243276297, "params": {"C": 197.3723765967103, "epsilon": 0.6588322393857456, "gamma": 0.06855712514553225}, "datetime": {"datetime": "2021-09-18 14:31:22", "elapsed": 235.014372, "delta": 1.733033}}
{"target": 0.8982737033425439, "params": {"C": 154.04050148503126, "epsilon": 0.697005246962085, "gamma": 0.12832397373705323}, "datetime": {"datetime": "2021-09-18 14:31:23", "elapsed": 236.137375, "delta": 1.123003}}
{"target": 0.906413750482374, "params": {"C": 195.87468017528323, "epsilon": 0.7077456433289692, "gamma": 0.07061454652504925}, "datetime": {"datetime": "2021-09-18 14:31:25", "elapsed": 238.233381, "delta": 2.096006}}
{"target": 0.9091753079856387, "params": {"C": 180.73862974128397, "epsilon": 0.7578808954271603, "gamma": 0.07809291303347174}, "datetime": {"datetime": "2021-09-18 14:31:26", "elapsed": 239.430379, "delta": 1.196998}}
{"target": 0.8906518831437553, "params": {"C": 197.64457347907407, "epsilon": 0.5151531765548831, "gamma": 0.13590895017906063}, "datetime": {"datetime": "2021-09-18 14:31:28", "elapsed": 241.273084, "delta": 1.842705}}
{"target": 0.900481740716599, "params": {"C": 188.99935374747503, "epsilon": 0.20200755313728616, "gamma": 0.11134177296956896}, "datetime": {"datetime": "2021-09-18 14:31:29", "elapsed": 242.537817, "delta": 1.264733}}
{"target": 0.8925201796584263, "params": {"C": 144.54274408206857, "epsilon": 0.23524037515141705, "gamma": 0.1436951083094271}, "datetime": {"datetime": "2021-09-18 14:31:31", "elapsed": 243.767749, "delta": 1.229932}}
{"target": 0.9091551636918619, "params": {"C": 180.69645685615106, "epsilon": 0.786716611450129, "gamma": 0.08637034907012502}, "datetime": {"datetime": "2021-09-18 14:31:32", "elapsed": 245.611946, "delta": 1.844197}}
{"target": 0.8963882366106841, "params": {"C": 179.08869511536096, "epsilon": 0.24210549756691074, "gamma": 0.0531108548852026}, "datetime": {"datetime": "2021-09-18 14:31:34", "elapsed": 246.866614, "delta": 1.254668}}
{"target": 0.9041464675993347, "params": {"C": 180.6998328733057, "epsilon": 0.7601646294480341, "gamma": 0.10971503221654846}, "datetime": {"datetime": "2021-09-18 14:31:35", "elapsed": 248.440532, "delta": 1.573918}}
{"target": 0.8908067361131998, "params": {"C": 144.4359190324335, "epsilon": 0.08050911939388301, "gamma": 0.14893419429935464}, "datetime": {"datetime": "2021-09-18 14:31:36", "elapsed": 249.688918, "delta": 1.248386}}
{"target": 0.891449206221085, "params": {"C": 136.75628238454422, "epsilon": 0.06883297701493925, "gamma": 0.14768561816525505}, "datetime": {"datetime": "2021-09-18 14:31:38", "elapsed": 251.00184, "delta": 1.312922}}
{"target": 0.9043272772559025, "params": {"C": 176.91376257927922, "epsilon": 0.5248638147189959, "gamma": 0.1070284241623518}, "datetime": {"datetime": "2021-09-18 14:31:39", "elapsed": 252.197581, "delta": 1.195741}}
{"target": 0.9004229953885202, "params": {"C": 130.68731619240867, "epsilon": 0.12211729773073439, "gamma": 0.07449766031905092}, "datetime": {"datetime": "2021-09-18 14:31:40", "elapsed": 253.517883, "delta": 1.320302}}
{"target": 0.9059605034460428, "params": {"C": 194.58408634951127, "epsilon": 0.7034699124649222, "gamma": 0.10388687527007842}, "datetime": {"datetime": "2021-09-18 14:31:42", "elapsed": 255.337596, "delta": 1.819713}}
{"target": 0.9035938014766285, "params": {"C": 118.05677165372913, "epsilon": 0.20129600284264168, "gamma": 0.0989114344147393}, "datetime": {"datetime": "2021-09-18 14:31:43", "elapsed": 256.550663, "delta": 1.213067}}
{"target": 0.9030902278681804, "params": {"C": 195.94247616456983, "epsilon": 0.6163919381282481, "gamma": 0.06533530901479018}, "datetime": {"datetime": "2021-09-18 14:31:45", "elapsed": 258.431418, "delta": 1.880755}}
{"target": 0.9011637976133489, "params": {"C": 123.9840057040603, "epsilon": 0.3737550607094671, "gamma": 0.11650130182404368}, "datetime": {"datetime": "2021-09-18 14:31:46", "elapsed": 259.675767, "delta": 1.244349}}
{"target": 0.9082154966631821, "params": {"C": 198.9119406605563, "epsilon": 0.7072799003925824, "gamma": 0.09279697771315698}, "datetime": {"datetime": "2021-09-18 14:31:48", "elapsed": 260.98116, "delta": 1.305393}}
{"target": 0.907537617979178, "params": {"C": 197.36310173456215, "epsilon": 0.7017105205632067, "gamma": 0.0724240145049335}, "datetime": {"datetime": "2021-09-18 14:31:51", "elapsed": 263.846226, "delta": 2.865066}}
{"target": 0.8985322109524703, "params": {"C": 195.82201811654983, "epsilon": 0.7012135517406628, "gamma": 0.12132296102422248}, "datetime": {"datetime": "2021-09-18 14:31:53", "elapsed": 265.910042, "delta": 2.063816}}
{"target": 0.9025783456919962, "params": {"C": 180.76244717202295, "epsilon": 0.7529790325120788, "gamma": 0.06572471545318286}, "datetime": {"datetime": "2021-09-18 14:31:55", "elapsed": 267.844338, "delta": 1.934296}}
{"target": 0.9059503604453665, "params": {"C": 195.8438884210249, "epsilon": 0.7452019236937503, "gamma": 0.06944900318643892}, "datetime": {"datetime": "2021-09-18 14:31:57", "elapsed": 270.314678, "delta": 2.47034}}
{"target": 0.8953828770174197, "params": {"C": 171.0639975073377, "epsilon": 0.41749233040809935, "gamma": 0.13073337856092648}, "datetime": {"datetime": "2021-09-18 14:31:58", "elapsed": 271.58477, "delta": 1.270092}}
{"target": 0.9017954348455857, "params": {"C": 180.6925106336912, "epsilon": 0.7728721331955645, "gamma": 0.06417284315455689}, "datetime": {"datetime": "2021-09-18 14:32:00", "elapsed": 273.542461, "delta": 1.957691}}
{"target": 0.9084489769529138, "params": {"C": 197.3429450226315, "epsilon": 0.7066242036662699, "gamma": 0.09108799861790355}, "datetime": {"datetime": "2021-09-18 14:32:02", "elapsed": 275.268602, "delta": 1.726141}}
{"target": 0.9083018630776036, "params": {"C": 171.90646026482656, "epsilon": 0.5296947214353694, "gamma": 0.09018188035642792}, "datetime": {"datetime": "2021-09-18 14:32:04", "elapsed": 277.220007, "delta": 1.951405}}
{"target": 0.9072371151308508, "params": {"C": 188.72963338666128, "epsilon": 0.5127569636982685, "gamma": 0.09416077444853219}, "datetime": {"datetime": "2021-09-18 14:32:05", "elapsed": 278.613121, "delta": 1.393114}}
{"target": 0.9057079385468356, "params": {"C": 195.93629083557474, "epsilon": 0.5306360040207614, "gamma": 0.10132695476997482}, "datetime": {"datetime": "2021-09-18 14:32:07", "elapsed": 280.510464, "delta": 1.897343}}
{"target": 0.9029507942738167, "params": {"C": 124.4070713241673, "epsilon": 0.723143009026712, "gamma": 0.07806284545972872}, "datetime": {"datetime": "2021-09-18 14:32:09", "elapsed": 281.822133, "delta": 1.311669}}
{"target": 0.9041399792031278, "params": {"C": 197.62085647739966, "epsilon": 0.46279868567198096, "gamma": 0.10483098101257074}, "datetime": {"datetime": "2021-09-18 14:32:10", "elapsed": 283.169341, "delta": 1.347208}}
{"target": 0.9046665513947986, "params": {"C": 188.761142784488, "epsilon": 0.5056396783218635, "gamma": 0.07126956332490691}, "datetime": {"datetime": "2021-09-18 14:32:12", "elapsed": 284.975024, "delta": 1.805683}}
{"target": 0.9020829421795123, "params": {"C": 140.45208771467907, "epsilon": 0.6166532862868849, "gamma": 0.11465727379083325}, "datetime": {"datetime": "2021-09-18 14:32:13", "elapsed": 286.125914, "delta": 1.15089}}
{"target": 0.9098321762543045, "params": {"C": 198.9222542838916, "epsilon": 0.6697161527420438, "gamma": 0.0818352176325048}, "datetime": {"datetime": "2021-09-18 14:32:15", "elapsed": 287.760563, "delta": 1.634649}}
{"target": 0.9085323931849103, "params": {"C": 198.92866655481663, "epsilon": 0.6492712558970315, "gamma": 0.08990710016177254}, "datetime": {"datetime": "2021-09-18 14:32:16", "elapsed": 289.586566, "delta": 1.826003}}
{"target": 0.9040173998653461, "params": {"C": 180.72875640092064, "epsilon": 0.7730297871834163, "gamma": 0.1099222738097024}, "datetime": {"datetime": "2021-09-18 14:32:18", "elapsed": 291.647762, "delta": 2.061196}}
{"target": 0.9044238827247372, "params": {"C": 124.40625195032555, "epsilon": 0.7438990248877554, "gamma": 0.10597676083973512}, "datetime": {"datetime": "2021-09-18 14:32:20", "elapsed": 293.221715, "delta": 1.573953}}
{"target": 0.8995438958843736, "params": {"C": 197.66688207712372, "epsilon": 0.49162444981332676, "gamma": 0.05804641701514174}, "datetime": {"datetime": "2021-09-18 14:32:22", "elapsed": 294.848228, "delta": 1.626513}}
{"target": 0.9039451962646976, "params": {"C": 197.34640973510977, "epsilon": 0.6710582900953175, "gamma": 0.10972604726843471}, "datetime": {"datetime": "2021-09-18 14:32:24", "elapsed": 296.982966, "delta": 2.134738}}
{"target": 0.8947573118312196, "params": {"C": 198.9406798246709, "epsilon": 0.7178503186403336, "gamma": 0.12841815814560384}, "datetime": {"datetime": "2021-09-18 14:32:26", "elapsed": 298.990928, "delta": 2.007962}}
{"target": 0.8904066682433738, "params": {"C": 137.84441857073213, "epsilon": 0.4049145320891506, "gamma": 0.1494773757279208}, "datetime": {"datetime": "2021-09-18 14:32:27", "elapsed": 300.137649, "delta": 1.146721}}
{"target": 0.8914935899506149, "params": {"C": 193.74429819012244, "epsilon": 0.7447448978688115, "gamma": 0.13903522880790875}, "datetime": {"datetime": "2021-09-18 14:32:28", "elapsed": 301.330073, "delta": 1.192424}}
{"target": 0.902517234019572, "params": {"C": 151.81442829133243, "epsilon": 0.3750602851036251, "gamma": 0.07376977201136256}, "datetime": {"datetime": "2021-09-18 14:32:30", "elapsed": 303.136661, "delta": 1.806588}}
{"target": 0.908307905157937, "params": {"C": 194.24604430779527, "epsilon": 0.6451046141090221, "gamma": 0.09099203221785032}, "datetime": {"datetime": "2021-09-18 14:32:31", "elapsed": 304.334778, "delta": 1.198117}}
{"target": 0.9082726084883364, "params": {"C": 198.89029134542818, "epsilon": 0.6645619075699168, "gamma": 0.0745073699511056}, "datetime": {"datetime": "2021-09-18 14:32:33", "elapsed": 305.952395, "delta": 1.617617}}
{"target": 0.9064382916181493, "params": {"C": 168.08337400851377, "epsilon": 0.7187748267758982, "gamma": 0.07468135771587676}, "datetime": {"datetime": "2021-09-18 14:32:34", "elapsed": 307.154093, "delta": 1.201698}}
{"target": 0.8985306546207722, "params": {"C": 188.7503879820061, "epsilon": 0.528122855286107, "gamma": 0.12153947134052298}, "datetime": {"datetime": "2021-09-18 14:32:36", "elapsed": 309.176652, "delta": 2.022559}}
{"target": 0.8950454887247995, "params": {"C": 143.9477720019721, "epsilon": 0.27786514369420834, "gamma": 0.13332169386611753}, "datetime": {"datetime": "2021-09-18 14:32:37", "elapsed": 310.329008, "delta": 1.152356}}
{"target": 0.9014063888018443, "params": {"C": 198.9264587503286, "epsilon": 0.6855466203854211, "gamma": 0.0611625732993514}, "datetime": {"datetime": "2021-09-18 14:32:39", "elapsed": 312.470839, "delta": 2.141831}}
{"target": 0.9060412709443176, "params": {"C": 193.23108891801968, "epsilon": 0.567657072211744, "gamma": 0.07231290591449718}, "datetime": {"datetime": "2021-09-18 14:32:40", "elapsed": 313.646929, "delta": 1.17609}}
{"target": 0.9087559445359351, "params": {"C": 197.31102322867756, "epsilon": 0.6975324551763898, "gamma": 0.07537819158290901}, "datetime": {"datetime": "2021-09-18 14:32:42", "elapsed": 315.395257, "delta": 1.748328}}
{"target": 0.9024595635918535, "params": {"C": 194.2641212713492, "epsilon": 0.6553501651026381, "gamma": 0.06403014199912684}, "datetime": {"datetime": "2021-09-18 14:32:44", "elapsed": 317.347407, "delta": 1.95215}}
{"target": 0.9012515325073482, "params": {"C": 124.73566043659308, "epsilon": 0.09935089740418171, "gamma": 0.10985640412167949}, "datetime": {"datetime": "2021-09-18 14:32:45", "elapsed": 318.593337, "delta": 1.24593}}
{"target": 0.9084050255774604, "params": {"C": 188.70128867043957, "epsilon": 0.48922552400530056, "gamma": 0.08845800343590157}, "datetime": {"datetime": "2021-09-18 14:32:48", "elapsed": 321.646261, "delta": 3.052924}}
{"target": 0.8973270583705578, "params": {"C": 185.57354367864446, "epsilon": 0.4027955855857882, "gamma": 0.1228561681618341}, "datetime": {"datetime": "2021-09-18 14:32:50", "elapsed": 323.564608, "delta": 1.918347}}
{"target": 0.8943481792273796, "params": {"C": 197.3411874757699, "epsilon": 0.7208627894574573, "gamma": 0.05001336264833826}, "datetime": {"datetime": "2021-09-18 14:32:52", "elapsed": 325.175756, "delta": 1.611148}}
{"target": 0.9036079098509042, "params": {"C": 194.27321540417734, "epsilon": 0.6449852399141769, "gamma": 0.11044544411244289}, "datetime": {"datetime": "2021-09-18 14:32:54", "elapsed": 326.844996, "delta": 1.66924}}
{"target": 0.8987615268746636, "params": {"C": 197.33870285435466, "epsilon": 0.6662326630939285, "gamma": 0.05672034261056202}, "datetime": {"datetime": "2021-09-18 14:32:56", "elapsed": 329.522811, "delta": 2.677815}}
{"target": 0.9088460430636102, "params": {"C": 195.8876056859462, "epsilon": 0.7323565284686556, "gamma": 0.08970358486872651}, "datetime": {"datetime": "2021-09-18 14:32:58", "elapsed": 331.208986, "delta": 1.686175}}
{"target": 0.9065940120225077, "params": {"C": 180.7439473590063, "epsilon": 0.7835542554467354, "gamma": 0.0720260664557063}, "datetime": {"datetime": "2021-09-18 14:33:00", "elapsed": 333.349636, "delta": 2.14065}}
{"target": 0.9068746574693748, "params": {"C": 185.4551646490956, "epsilon": 0.4022726829479532, "gamma": 0.09388135617351578}, "datetime": {"datetime": "2021-09-18 14:33:02", "elapsed": 335.609008, "delta": 2.259372}}
{"target": 0.9014495125172851, "params": {"C": 186.62829034753537, "epsilon": 0.1971353239193225, "gamma": 0.10947156244255529}, "datetime": {"datetime": "2021-09-18 14:33:04", "elapsed": 336.950004, "delta": 1.340996}}
{"target": 0.8968597420802628, "params": {"C": 134.16635703386893, "epsilon": 0.45372933704232143, "gamma": 0.13155273900423986}, "datetime": {"datetime": "2021-09-18 14:33:05", "elapsed": 338.233939, "delta": 1.283935}}
{"target": 0.9097561309228253, "params": {"C": 197.2700761090607, "epsilon": 0.7049895646671654, "gamma": 0.07785129471419014}, "datetime": {"datetime": "2021-09-18 14:33:07", "elapsed": 340.300192, "delta": 2.066253}}
{"target": 0.906388191215027, "params": {"C": 126.15684694410726, "epsilon": 0.6706413744372557, "gamma": 0.08905473234626093}, "datetime": {"datetime": "2021-09-18 14:33:08", "elapsed": 341.526283, "delta": 1.226091}}
{"target": 0.8953799534637892, "params": {"C": 197.2669547965845, "epsilon": 0.6756591712341563, "gamma": 0.051338071285755064}, "datetime": {"datetime": "2021-09-18 14:33:10", "elapsed": 343.124858, "delta": 1.598575}}
{"target": 0.8965813554285015, "params": {"C": 188.71233980498883, "epsilon": 0.5292173093880645, "gamma": 0.05182768696586091}, "datetime": {"datetime": "2021-09-18 14:33:12", "elapsed": 345.267371, "delta": 2.142513}}
{"target": 0.9057547233207474, "params": {"C": 151.76641032768674, "epsilon": 0.41301268907303623, "gamma": 0.08124292126544545}, "datetime": {"datetime": "2021-09-18 14:33:14", "elapsed": 347.036771, "delta": 1.7694}}
{"target": 0.9097790504236396, "params": {"C": 198.8902570730187, "epsilon": 0.6372078519015018, "gamma": 0.08172413022380978}, "datetime": {"datetime": "2021-09-18 14:33:16", "elapsed": 348.86113, "delta": 1.824359}}
{"target": 0.9069828959750805, "params": {"C": 195.8136399037821, "epsilon": 0.7712864251200987, "gamma": 0.07071206418298695}, "datetime": {"datetime": "2021-09-18 14:33:18", "elapsed": 350.761595, "delta": 1.900465}}
{"target": 0.9034359624525217, "params": {"C": 111.63448357046995, "epsilon": 0.36347046722395887, "gamma": 0.10820026652578506}, "datetime": {"datetime": "2021-09-18 14:33:19", "elapsed": 351.973321, "delta": 1.211726}}
{"target": 0.899496931447061, "params": {"C": 128.36012176927662, "epsilon": 0.4080962674396273, "gamma": 0.06266884062587655}, "datetime": {"datetime": "2021-09-18 14:33:20", "elapsed": 353.247762, "delta": 1.274441}}
{"target": 0.8975177963137239, "params": {"C": 198.9160855850367, "epsilon": 0.637556074639006, "gamma": 0.05443909246743524}, "datetime": {"datetime": "2021-09-18 14:33:22", "elapsed": 355.091425, "delta": 1.843663}}
{"target": 0.8902051807661591, "params": {"C": 146.7934899830943, "epsilon": 0.02989326556507893, "gamma": 0.14863037887087682}, "datetime": {"datetime": "2021-09-18 14:33:23", "elapsed": 356.470424, "delta": 1.378999}}
{"target": 0.8960151421288076, "params": {"C": 194.23257308996256, "epsilon": 0.6328079593948399, "gamma": 0.12596509363455688}, "datetime": {"datetime": "2021-09-18 14:33:26", "elapsed": 359.015731, "delta": 2.545307}}
{"target": 0.9002960853124322, "params": {"C": 192.29769962616422, "epsilon": 0.28382386584615293, "gamma": 0.06443497958494973}, "datetime": {"datetime": "2021-09-18 14:33:27", "elapsed": 360.56028, "delta": 1.544549}}
{"target": 0.9062105982129401, "params": {"C": 198.9114309255239, "epsilon": 0.6116533930964273, "gamma": 0.10027465237157507}, "datetime": {"datetime": "2021-09-18 14:33:30", "elapsed": 363.214502, "delta": 2.654222}}
{"target": 0.9091384673017797, "params": {"C": 197.28623766343443, "epsilon": 0.6893358266982712, "gamma": 0.0873190827187457}, "datetime": {"datetime": "2021-09-18 14:33:32", "elapsed": 365.315971, "delta": 2.101469}}
{"target": 0.9085144877660251, "params": {"C": 194.2319835329484, "epsilon": 0.6850837465732106, "gamma": 0.09034597218957564}, "datetime": {"datetime": "2021-09-18 14:33:34", "elapsed": 367.463595, "delta": 2.147624}}
