{"target": -3.517007049958696, "params": {"C": 22.05724791238881, "epsilon": 2.9605070210462117, "gamma": 0.27913323854179195}, "datetime": {"datetime": "2021-09-18 10:25:15", "elapsed": 426.2593, "delta": 1.449603}}
{"target": -3.06932175503238, "params": {"C": 27.469319482595335, "epsilon": 0.9777990427644442, "gamma": 0.0024210190282610206}, "datetime": {"datetime": "2021-09-18 10:25:19", "elapsed": 430.222129, "delta": 3.962829}}
{"target": -3.6216766344521627, "params": {"C": 19.94877118430691, "epsilon": 5.968209288559169, "gamma": 0.04174099130969127}, "datetime": {"datetime": "2021-09-18 10:25:21", "elapsed": 431.718361, "delta": 1.496232}}
{"target": -2.2338251604417145, "params": {"C": 16.165654149626214, "epsilon": 0.13063762434443105, "gamma": 0.04489079273372243}, "datetime": {"datetime": "2021-09-18 10:25:23", "elapsed": 434.119461, "delta": 2.4011}}
{"target": -2.442460156248791, "params": {"C": 29.9634216379241, "epsilon": 2.4159812215640306, "gamma": 0.03253879779745314}, "datetime": {"datetime": "2021-09-18 10:25:26", "elapsed": 436.474526, "delta": 2.355065}}
{"target": -2.475255751949777, "params": {"C": 30.04479749777451, "epsilon": 2.79053102805111, "gamma": 0.029318329427683795}, "datetime": {"datetime": "2021-09-18 10:25:28", "elapsed": 439.320271, "delta": 2.845745}}
{"target": -2.2300623743052594, "params": {"C": 27.859873111455414, "epsilon": 1.52776360962806, "gamma": 0.07749236938500521}, "datetime": {"datetime": "2021-09-18 10:25:31", "elapsed": 442.37311, "delta": 3.052839}}
{"target": -2.2407346973849265, "params": {"C": 27.555743322394036, "epsilon": 1.4063799845677138, "gamma": 0.03905290407627715}, "datetime": {"datetime": "2021-09-18 10:25:34", "elapsed": 444.573042, "delta": 2.199932}}
{"target": -2.8038957426628373, "params": {"C": 27.6057393188357, "epsilon": 1.7985710213539632, "gamma": 0.19742602897772735}, "datetime": {"datetime": "2021-09-18 10:25:37", "elapsed": 448.121593, "delta": 3.548551}}
{"target": -2.9086273524013078, "params": {"C": 29.701839060719447, "epsilon": 2.5187707973784668, "gamma": 0.17139960183865072}, "datetime": {"datetime": "2021-09-18 10:25:39", "elapsed": 450.301112, "delta": 2.179519}}
{"target": -2.3696936870252556, "params": {"C": 34.01786954751628, "epsilon": 1.9562134896077412, "gamma": 0.02982867256416952}, "datetime": {"datetime": "2021-09-18 10:25:42", "elapsed": 453.001482, "delta": 2.70037}}
{"target": -2.6371580515215043, "params": {"C": 27.927288184357867, "epsilon": 1.3367230527657235, "gamma": 0.006562233604977533}, "datetime": {"datetime": "2021-09-18 10:25:45", "elapsed": 455.924948, "delta": 2.923466}}
{"target": -3.1338605362333887, "params": {"C": 20.4308400352891, "epsilon": 2.1762360678035755, "gamma": 0.23985882434392047}, "datetime": {"datetime": "2021-09-18 10:25:48", "elapsed": 458.523715, "delta": 2.598767}}
{"target": -3.579871007574962, "params": {"C": 27.99091776759281, "epsilon": 1.8040205753786536, "gamma": 0.001}, "datetime": {"datetime": "2021-09-18 10:25:51", "elapsed": 461.42576, "delta": 2.902045}}
{"target": -2.939185047844434, "params": {"C": 16.18213341072198, "epsilon": 0.2022432965798401, "gamma": 0.2585348568488834}, "datetime": {"datetime": "2021-09-18 10:25:53", "elapsed": 463.626721, "delta": 2.200961}}
{"target": -2.457332463280073, "params": {"C": 33.074793615305616, "epsilon": 1.991237649995875, "gamma": 0.015387596878215802}, "datetime": {"datetime": "2021-09-18 10:25:57", "elapsed": 467.746725, "delta": 4.120004}}
{"target": -3.061538399463944, "params": {"C": 33.05053761646541, "epsilon": 1.7754985797283283, "gamma": 0.26827167068009466}, "datetime": {"datetime": "2021-09-18 10:26:00", "elapsed": 470.601714, "delta": 2.854989}}
{"target": -2.1490753358867267, "params": {"C": 64.05123701820816, "epsilon": 0.009761353410194767, "gamma": 0.024176550338163582}, "datetime": {"datetime": "2021-09-18 10:26:02", "elapsed": 473.275718, "delta": 2.674004}}
{"target": -2.488343816489413, "params": {"C": 40.432330743181126, "epsilon": 1.961565821828924, "gamma": 0.011353126244371011}, "datetime": {"datetime": "2021-09-18 10:26:06", "elapsed": 477.333724, "delta": 4.058006}}
{"target": -2.3194873315610742, "params": {"C": 29.93795073281639, "epsilon": 2.057377208393988, "gamma": 0.05568580381604958}, "datetime": {"datetime": "2021-09-18 10:26:09", "elapsed": 479.66372, "delta": 2.329996}}
{"target": -3.061775121634489, "params": {"C": 27.5718992969056, "epsilon": 1.4342863236442174, "gamma": 0.2938646939702982}, "datetime": {"datetime": "2021-09-18 10:26:12", "elapsed": 483.207719, "delta": 3.543999}}
{"target": -2.286135004283472, "params": {"C": 45.83581910471531, "epsilon": 0.15530283782746598, "gamma": 0.012717473514187783}, "datetime": {"datetime": "2021-09-18 10:26:15", "elapsed": 485.737719, "delta": 2.53}}
{"target": -2.382635187116566, "params": {"C": 33.64131202794918, "epsilon": 1.4628272057978482, "gamma": 0.018356685227622252}, "datetime": {"datetime": "2021-09-18 10:26:19", "elapsed": 489.780719, "delta": 4.043}}
{"target": -3.0278690881944805, "params": {"C": 45.490525140141486, "epsilon": 1.282898273235496, "gamma": 0.28881999364765465}, "datetime": {"datetime": "2021-09-18 10:26:22", "elapsed": 493.290763, "delta": 3.510044}}
{"target": -3.2131599758369545, "params": {"C": 34.34527933885414, "epsilon": 1.9297539643021326, "gamma": 0.29259675178360806}, "datetime": {"datetime": "2021-09-18 10:26:25", "elapsed": 495.798719, "delta": 2.507956}}
{"target": -2.7675447914590854, "params": {"C": 29.699222740496158, "epsilon": 1.9356534123134532, "gamma": 0.17972530068022802}, "datetime": {"datetime": "2021-09-18 10:26:29", "elapsed": 499.549714, "delta": 3.750995}}
{"target": -2.7502688913049225, "params": {"C": 68.42513183781745, "epsilon": 2.2345475016773095, "gamma": 0.0030439310579196345}, "datetime": {"datetime": "2021-09-18 10:26:33", "elapsed": 503.67276, "delta": 4.123046}}
{"target": -3.601801572242812, "params": {"C": 40.29603661738631, "epsilon": 5.455882431814504, "gamma": 0.06534115764467321}, "datetime": {"datetime": "2021-09-18 10:26:34", "elapsed": 505.31772, "delta": 1.64496}}
{"target": -2.4121939891836117, "params": {"C": 51.57330473781059, "epsilon": 2.2889207485619947, "gamma": 0.02494228365500029}, "datetime": {"datetime": "2021-09-18 10:26:38", "elapsed": 508.991268, "delta": 3.673548}}
{"target": -2.7433553524130385, "params": {"C": 40.19634969684702, "epsilon": 2.231922301001937, "gamma": 0.15237522759014974}, "datetime": {"datetime": "2021-09-18 10:26:41", "elapsed": 511.614049, "delta": 2.622781}}
{"target": -4.43613513999509, "params": {"C": 39.89556356536579, "epsilon": 5.430115254022158, "gamma": 0.24183855501925033}, "datetime": {"datetime": "2021-09-18 10:26:42", "elapsed": 513.376741, "delta": 1.762692}}
{"target": -3.7614841580792873, "params": {"C": 30.00484298945707, "epsilon": 3.179561229240366, "gamma": 0.001}, "datetime": {"datetime": "2021-09-18 10:26:45", "elapsed": 515.8157, "delta": 2.438959}}
{"target": -3.1427005359900537, "params": {"C": 63.438216592791406, "epsilon": 1.0780462852964785, "gamma": 0.0013619624224622845}, "datetime": {"datetime": "2021-09-18 10:26:48", "elapsed": 519.191331, "delta": 3.375631}}
{"target": -3.2937918673966835, "params": {"C": 30.087956170764357, "epsilon": 2.28352690416247, "gamma": 0.2835469772184454}, "datetime": {"datetime": "2021-09-18 10:26:52", "elapsed": 523.081284, "delta": 3.889953}}
{"target": -3.75397495445204, "params": {"C": 25.95598193733875, "epsilon": 4.2210173161399664, "gamma": 0.20744350244098295}, "datetime": {"datetime": "2021-09-18 10:26:54", "elapsed": 524.880971, "delta": 1.799687}}
{"target": -3.439582868342461, "params": {"C": 40.72589164889238, "epsilon": 1.7038340609420504, "gamma": 0.001}, "datetime": {"datetime": "2021-09-18 10:26:57", "elapsed": 527.98345, "delta": 3.102479}}
{"target": -2.772423719300801, "params": {"C": 62.90283203793381, "epsilon": 0.5823292852041754, "gamma": 0.2395187682027929}, "datetime": {"datetime": "2021-09-18 10:27:00", "elapsed": 530.798642, "delta": 2.815192}}
{"target": -3.2030984968838623, "params": {"C": 52.73794895432784, "epsilon": 2.9506687949051873, "gamma": 0.19539010716555527}, "datetime": {"datetime": "2021-09-18 10:27:02", "elapsed": 532.571299, "delta": 1.772657}}
{"target": -1.9463311549689701, "params": {"C": 60.54449996993335, "epsilon": 0.023990999766549184, "gamma": 0.06829129807696104}, "datetime": {"datetime": "2021-09-18 10:27:05", "elapsed": 535.986654, "delta": 3.415355}}
{"target": -2.5872615286179688, "params": {"C": 60.4210644164956, "epsilon": 0.12488377210316219, "gamma": 0.2098626973943991}, "datetime": {"datetime": "2021-09-18 10:27:10", "elapsed": 541.209831, "delta": 5.223177}}
{"target": -2.124274338760172, "params": {"C": 60.79379928392827, "epsilon": 0.09420425928772566, "gamma": 0.027869944462062052}, "datetime": {"datetime": "2021-09-18 10:27:13", "elapsed": 544.306061, "delta": 3.09623}}
{"target": -4.081083897318757, "params": {"C": 52.69597117729146, "epsilon": 6.561379326836365, "gamma": 0.06087891423766913}, "datetime": {"datetime": "2021-09-18 10:27:15", "elapsed": 546.148913, "delta": 1.842852}}
{"target": -2.4431206743173286, "params": {"C": 60.69641053401795, "epsilon": 0.39284638916781983, "gamma": 0.006176320275249115}, "datetime": {"datetime": "2021-09-18 10:27:20", "elapsed": 550.560704, "delta": 4.411791}}
{"target": -3.4604461417746513, "params": {"C": 32.7215027234123, "epsilon": 0.08481841289539384, "gamma": 0.001}, "datetime": {"datetime": "2021-09-18 10:27:24", "elapsed": 554.469127, "delta": 3.908423}}
{"target": -2.203461012778098, "params": {"C": 26.49158930569562, "epsilon": 1.273730907513605, "gamma": 0.041908132384265336}, "datetime": {"datetime": "2021-09-18 10:27:26", "elapsed": 557.286645, "delta": 2.817518}}
{"target": -3.8283772333296358, "params": {"C": 61.86138918241641, "epsilon": 4.3122134543559545, "gamma": 0.20640324473145502}, "datetime": {"datetime": "2021-09-18 10:27:28", "elapsed": 559.014385, "delta": 1.72774}}
{"target": -2.6130418112485807, "params": {"C": 35.37999159792116, "epsilon": 2.3968589575582797, "gamma": 0.10823447900430813}, "datetime": {"datetime": "2021-09-18 10:27:30", "elapsed": 560.777068, "delta": 1.762683}}
{"target": -2.7367967407310045, "params": {"C": 60.7922235984915, "epsilon": 0.08257416754908393, "gamma": 0.2511178738997346}, "datetime": {"datetime": "2021-09-18 10:27:35", "elapsed": 565.803284, "delta": 5.026216}}
{"target": -2.775263917063477, "params": {"C": 33.553837903927246, "epsilon": 0.09595770482764271, "gamma": 0.003232331460096161}, "datetime": {"datetime": "2021-09-18 10:27:39", "elapsed": 570.008559, "delta": 4.205275}}
{"target": -2.667346277487288, "params": {"C": 28.43202614483462, "epsilon": 0.33932947054567725, "gamma": 0.004310245086197131}, "datetime": {"datetime": "2021-09-18 10:27:42", "elapsed": 572.90756, "delta": 2.899001}}
{"target": -2.7666295714658538, "params": {"C": 26.048206135614475, "epsilon": 1.9460975344540257, "gamma": 0.17400798681069196}, "datetime": {"datetime": "2021-09-18 10:27:44", "elapsed": 574.892559, "delta": 1.984999}}
{"target": -2.2279329007186126, "params": {"C": 60.46537506208575, "epsilon": 0.1600888300430797, "gamma": 0.013812092908614654}, "datetime": {"datetime": "2021-09-18 10:27:47", "elapsed": 578.205605, "delta": 3.313046}}
{"target": -2.397737705218251, "params": {"C": 33.00745323778115, "epsilon": 0.15037212788178683, "gamma": 0.1726111024259133}, "datetime": {"datetime": "2021-09-18 10:27:51", "elapsed": 581.42289, "delta": 3.217285}}
{"target": -3.6440325677967795, "params": {"C": 20.538109122516328, "epsilon": 1.6425795434681452, "gamma": 0.001}, "datetime": {"datetime": "2021-09-18 10:27:55", "elapsed": 586.349883, "delta": 4.926993}}
{"target": -3.204783467332617, "params": {"C": 18.11666859569271, "epsilon": 2.714702316573125, "gamma": 0.20255199185827755}, "datetime": {"datetime": "2021-09-18 10:27:57", "elapsed": 588.117335, "delta": 1.767452}}
{"target": -2.1563919281089445, "params": {"C": 46.631286082945266, "epsilon": 1.6741952186470925, "gamma": 0.059466516046442396}, "datetime": {"datetime": "2021-09-18 10:27:59", "elapsed": 589.899864, "delta": 1.782529}}
{"target": -2.8990024846473466, "params": {"C": 46.72166041851094, "epsilon": 1.523716394643322, "gamma": 0.2355903622082849}, "datetime": {"datetime": "2021-09-18 10:28:02", "elapsed": 592.619442, "delta": 2.719578}}
{"target": -2.7728732520978143, "params": {"C": 46.635721138817644, "epsilon": 1.8803939870415458, "gamma": 0.18308854250534948}, "datetime": {"datetime": "2021-09-18 10:28:05", "elapsed": 595.708496, "delta": 3.089054}}
{"target": -3.5008070212655134, "params": {"C": 12.475689365746787, "epsilon": 5.55867070597985, "gamma": 0.04721924977598525}, "datetime": {"datetime": "2021-09-18 10:28:07", "elapsed": 597.639913, "delta": 1.931417}}
{"target": -4.520277261357177, "params": {"C": 59.43395669360288, "epsilon": 5.370273576384253, "gamma": 0.2626770421961581}, "datetime": {"datetime": "2021-09-18 10:28:09", "elapsed": 599.408791, "delta": 1.768878}}
{"target": -2.6449732326170725, "params": {"C": 46.36210765397878, "epsilon": 1.6040765177538316, "gamma": 0.1634439371093003}, "datetime": {"datetime": "2021-09-18 10:28:12", "elapsed": 602.697962, "delta": 3.289171}}
{"target": -2.395651408023027, "params": {"C": 20.05386432811906, "epsilon": 1.7199389268522127, "gamma": 0.0285502125591692}, "datetime": {"datetime": "2021-09-18 10:28:16", "elapsed": 606.805985, "delta": 4.108023}}
{"target": -2.9298027920926217, "params": {"C": 20.238643179983242, "epsilon": 1.777010701336887, "gamma": 0.21573957443951872}, "datetime": {"datetime": "2021-09-18 10:28:19", "elapsed": 610.013324, "delta": 3.207339}}
{"target": -2.0409972648597794, "params": {"C": 28.851283539094027, "epsilon": 0.20155699462709575, "gamma": 0.06520081600780117}, "datetime": {"datetime": "2021-09-18 10:28:21", "elapsed": 612.356019, "delta": 2.342695}}
{"target": -2.466807130306478, "params": {"C": 32.810799612489255, "epsilon": 0.3166297505918319, "gamma": 0.19222098681470456}, "datetime": {"datetime": "2021-09-18 10:28:25", "elapsed": 616.197041, "delta": 3.841022}}
{"target": -2.474548370670748, "params": {"C": 28.54912715031639, "epsilon": 0.24751936293408275, "gamma": 0.19964904491247587}, "datetime": {"datetime": "2021-09-18 10:28:28", "elapsed": 619.252938, "delta": 3.055897}}
{"target": -3.5713909207530263, "params": {"C": 25.539552399218522, "epsilon": 0.9709855714582685, "gamma": 0.001}, "datetime": {"datetime": "2021-09-18 10:28:32", "elapsed": 623.340677, "delta": 4.087739}}
{"target": -3.784870539754428, "params": {"C": 37.48123839549412, "epsilon": 4.667366034876449, "gamma": 0.15619105690164975}, "datetime": {"datetime": "2021-09-18 10:28:34", "elapsed": 625.227167, "delta": 1.88649}}
{"target": -2.6224549091409286, "params": {"C": 32.871816981540235, "epsilon": 0.03154537761248276, "gamma": 0.24695941357708584}, "datetime": {"datetime": "2021-09-18 10:28:38", "elapsed": 628.747324, "delta": 3.520157}}
{"target": -3.004843829168573, "params": {"C": 20.040939862206933, "epsilon": 2.790889721367045, "gamma": 0.16176285910908872}, "datetime": {"datetime": "2021-09-18 10:28:40", "elapsed": 630.578063, "delta": 1.830739}}
{"target": -2.1707576321249356, "params": {"C": 31.875122826312936, "epsilon": 0.22700423173913784, "gamma": 0.023846880008714096}, "datetime": {"datetime": "2021-09-18 10:28:44", "elapsed": 634.706747, "delta": 4.128684}}
{"target": -2.7228921937409214, "params": {"C": 20.405120670392645, "epsilon": 1.4035828252127716, "gamma": 0.18709265220300825}, "datetime": {"datetime": "2021-09-18 10:28:47", "elapsed": 637.674745, "delta": 2.967998}}
{"target": -3.2863237471316173, "params": {"C": 66.38737680533461, "epsilon": 1.0368846063753547, "gamma": 0.001}, "datetime": {"datetime": "2021-09-18 10:28:51", "elapsed": 641.964747, "delta": 4.290002}}
{"target": -3.5502193649205345, "params": {"C": 25.164259001278158, "epsilon": 0.6788568458371139, "gamma": 0.001}, "datetime": {"datetime": "2021-09-18 10:28:55", "elapsed": 645.834988, "delta": 3.870241}}
{"target": -2.5016834358978355, "params": {"C": 46.01636996995891, "epsilon": 0.3558835397721012, "gamma": 0.18548151457145207}, "datetime": {"datetime": "2021-09-18 10:29:00", "elapsed": 650.698783, "delta": 4.863795}}
{"target": -2.4931417896409256, "params": {"C": 32.37342479580842, "epsilon": 0.0023266484877783886, "gamma": 0.0070455241894498465}, "datetime": {"datetime": "2021-09-18 10:29:05", "elapsed": 655.870449, "delta": 5.171666}}
{"target": -2.578980461923951, "params": {"C": 26.378548618550106, "epsilon": 0.920988499730978, "gamma": 0.18999131207060993}, "datetime": {"datetime": "2021-09-18 10:29:09", "elapsed": 659.422348, "delta": 3.551899}}
{"target": -2.621673823896061, "params": {"C": 64.03051037478333, "epsilon": 0.04077992555614083, "gamma": 0.21936139691371628}, "datetime": {"datetime": "2021-09-18 10:29:14", "elapsed": 664.513702, "delta": 5.091354}}
{"target": -3.2650729507844205, "params": {"C": 63.49347801483141, "epsilon": 3.7433469215593407, "gamma": 0.1298692123597005}, "datetime": {"datetime": "2021-09-18 10:29:15", "elapsed": 666.316586, "delta": 1.802884}}
{"target": -2.34366248705676, "params": {"C": 61.11083643230701, "epsilon": 0.008920260614470977, "gamma": 0.009529774409834647}, "datetime": {"datetime": "2021-09-18 10:29:19", "elapsed": 670.227463, "delta": 3.910877}}
{"target": -2.7787438846734704, "params": {"C": 61.97253395692949, "epsilon": 0.47780807270278125, "gamma": 0.24590229999051175}, "datetime": {"datetime": "2021-09-18 10:29:22", "elapsed": 673.204077, "delta": 2.976614}}
{"target": -2.104245093630884, "params": {"C": 61.43843543437833, "epsilon": 0.4550254389377713, "gamma": 0.027996680161840586}, "datetime": {"datetime": "2021-09-18 10:29:26", "elapsed": 676.81221, "delta": 3.608133}}
{"target": -3.344196625750676, "params": {"C": 61.89160572476942, "epsilon": 1.2991160913387518, "gamma": 0.001}, "datetime": {"datetime": "2021-09-18 10:29:30", "elapsed": 680.518838, "delta": 3.706628}}
{"target": -2.296869626651223, "params": {"C": 32.371266468667116, "epsilon": 1.2175844800807025, "gamma": 0.021710021149436442}, "datetime": {"datetime": "2021-09-18 10:29:34", "elapsed": 684.577231, "delta": 4.058393}}
{"target": -2.1351610037383573, "params": {"C": 28.378408158768924, "epsilon": 0.9538326679298225, "gamma": 0.045497513464977275}, "datetime": {"datetime": "2021-09-18 10:29:37", "elapsed": 687.646749, "delta": 3.069518}}
{"target": -3.4225210287581778, "params": {"C": 63.535089852691804, "epsilon": 2.6703808809510154, "gamma": 0.2731582263582094}, "datetime": {"datetime": "2021-09-18 10:29:39", "elapsed": 689.591645, "delta": 1.944896}}
{"target": -4.2296864768034625, "params": {"C": 44.181365382025284, "epsilon": 5.5543297275128705, "gamma": 0.17548623780207445}, "datetime": {"datetime": "2021-09-18 10:29:41", "elapsed": 691.434417, "delta": 1.842772}}
{"target": -2.7114230185550023, "params": {"C": 61.05278050860798, "epsilon": 0.6516043224845122, "gamma": 0.2222124079608043}, "datetime": {"datetime": "2021-09-18 10:29:45", "elapsed": 695.40411, "delta": 3.969693}}
{"target": -3.872383424852561, "params": {"C": 56.35306011674934, "epsilon": 6.953206496809772, "gamma": 0.010910315402463743}, "datetime": {"datetime": "2021-09-18 10:29:46", "elapsed": 697.381635, "delta": 1.977525}}
{"target": -2.0498614075043347, "params": {"C": 32.898601832790526, "epsilon": 0.20882786882986676, "gamma": 0.05355657997519611}, "datetime": {"datetime": "2021-09-18 10:29:51", "elapsed": 701.451899, "delta": 4.070264}}
{"target": -2.9958253260322665, "params": {"C": 43.623002909287806, "epsilon": 3.0971885642920896, "gamma": 0.1374236808250448}, "datetime": {"datetime": "2021-09-18 10:29:53", "elapsed": 703.399859, "delta": 1.94796}}
{"target": -2.265795821744001, "params": {"C": 25.53920735456163, "epsilon": 0.5902446965423038, "gamma": 0.1298430569957641}, "datetime": {"datetime": "2021-09-18 10:29:57", "elapsed": 707.864894, "delta": 4.465035}}
{"target": -4.6257542582081586, "params": {"C": 36.28272235958175, "epsilon": 6.695116483147248, "gamma": 0.1407105330512831}, "datetime": {"datetime": "2021-09-18 10:29:59", "elapsed": 709.811858, "delta": 1.946964}}
{"target": -2.35172555382545, "params": {"C": 32.176091997492904, "epsilon": 0.2554752004709212, "gamma": 0.16078101977468856}, "datetime": {"datetime": "2021-09-18 10:30:02", "elapsed": 713.389859, "delta": 3.578001}}
{"target": -2.2946446590364658, "params": {"C": 62.25851571682543, "epsilon": 1.4104403706441853, "gamma": 0.022939489090944662}, "datetime": {"datetime": "2021-09-18 10:30:08", "elapsed": 718.400914, "delta": 5.011055}}
{"target": -2.8134649459793337, "params": {"C": 27.46294161733139, "epsilon": 0.5237764169605139, "gamma": 0.28118626736953123}, "datetime": {"datetime": "2021-09-18 10:30:13", "elapsed": 723.685453, "delta": 5.284539}}
{"target": -2.8398116960890016, "params": {"C": 62.138615694207424, "epsilon": 1.325356855398072, "gamma": 0.23123266335385256}, "datetime": {"datetime": "2021-09-18 10:30:18", "elapsed": 728.866137, "delta": 5.180684}}
{"target": -2.171005641908759, "params": {"C": 63.28898439973655, "epsilon": 0.7372336052053159, "gamma": 0.024678364374615017}, "datetime": {"datetime": "2021-09-18 10:30:22", "elapsed": 733.243119, "delta": 4.376982}}
{"target": -2.4652550040509786, "params": {"C": 33.219516707683184, "epsilon": 0.28883758486937605, "gamma": 0.007745663600058926}, "datetime": {"datetime": "2021-09-18 10:30:26", "elapsed": 737.251105, "delta": 4.007986}}
{"target": -2.543681920644097, "params": {"C": 46.880781509350896, "epsilon": 1.7457739063545255, "gamma": 0.0069379748389130635}, "datetime": {"datetime": "2021-09-18 10:30:30", "elapsed": 740.420698, "delta": 3.169593}}
