{"target": 0.8981205551919168, "params": {"C": 287.1607763231923, "epsilon": 0.34549774584635906, "gamma": 0.10586898284457516}, "datetime": {"datetime": "2021-09-18 14:48:11", "elapsed": 0.466004, "delta": 0.102999}}
{"target": 0.8916382567663557, "params": {"C": 248.85924949936333, "epsilon": 0.6361052573203001, "gamma": 0.12744469020952875}, "datetime": {"datetime": "2021-09-18 14:48:11", "elapsed": 0.602993, "delta": 0.136989}}
{"target": 0.8960220746893688, "params": {"C": 223.46786014757274, "epsilon": 0.4234702518562947, "gamma": 0.05041730188536783}, "datetime": {"datetime": "2021-09-18 14:48:11", "elapsed": 0.76796, "delta": 0.164967}}
{"target": 0.88745648497993, "params": {"C": 277.4597778581448, "epsilon": 0.22359942847452133, "gamma": 0.12467289560170873}, "datetime": {"datetime": "2021-09-18 14:48:12", "elapsed": 0.947962, "delta": 0.180002}}
{"target": 0.8978736916543117, "params": {"C": 224.18442112004396, "epsilon": 0.2615997050544847, "gamma": 0.05799234906842213}, "datetime": {"datetime": "2021-09-18 14:48:12", "elapsed": 1.083951, "delta": 0.135989}}
{"target": 0.9095749267817383, "params": {"C": 294.4132867445586, "epsilon": 0.5883173708035397, "gamma": 0.06946880315822752}, "datetime": {"datetime": "2021-09-18 14:48:12", "elapsed": 1.220998, "delta": 0.137047}}
{"target": 0.90362303429946, "params": {"C": 261.1320697878897, "epsilon": 0.3503243148648039, "gamma": 0.0971912670306933}, "datetime": {"datetime": "2021-09-18 14:48:12", "elapsed": 1.398958, "delta": 0.17796}}
{"target": 0.9018729595895465, "params": {"C": 324.2079248203554, "epsilon": 0.5379757043567972, "gamma": 0.09707206399291823}, "datetime": {"datetime": "2021-09-18 14:48:12", "elapsed": 1.553874, "delta": 0.154916}}
{"target": 0.8848541326077897, "params": {"C": 263.5352539737309, "epsilon": 0.6761193655111737, "gamma": 0.1479068438364577}, "datetime": {"datetime": "2021-09-18 14:48:12", "elapsed": 1.682134, "delta": 0.12826}}
{"target": 0.8900790013629238, "params": {"C": 241.92145872679095, "epsilon": 0.615557650046302, "gamma": 0.13569616655768146}, "datetime": {"datetime": "2021-09-18 14:48:12", "elapsed": 1.815157, "delta": 0.133023}}
{"target": 0.8839551557059401, "params": {"C": 311.14315853967776, "epsilon": 0.5810946030249682, "gamma": 0.14119709236099398}, "datetime": {"datetime": "2021-09-18 14:48:13", "elapsed": 1.969135, "delta": 0.153978}}
{"target": 0.9061812578250077, "params": {"C": 288.02449841479563, "epsilon": 0.44737061330891664, "gamma": 0.08832091671387048}, "datetime": {"datetime": "2021-09-18 14:48:13", "elapsed": 2.142632, "delta": 0.173497}}
{"target": 0.9068863480032764, "params": {"C": 226.60894669540818, "epsilon": 0.7023125509429936, "gamma": 0.06801444561512589}, "datetime": {"datetime": "2021-09-18 14:48:13", "elapsed": 2.308628, "delta": 0.165996}}
{"target": 0.9000579330286295, "params": {"C": 235.6200607989379, "epsilon": 0.6161917549840494, "gamma": 0.05668705456603151}, "datetime": {"datetime": "2021-09-18 14:48:13", "elapsed": 2.451648, "delta": 0.14302}}
{"target": 0.8942142145578598, "params": {"C": 324.21037954285816, "epsilon": 0.5262862646301943, "gamma": 0.10855034102376776}, "datetime": {"datetime": "2021-09-18 14:48:13", "elapsed": 2.681631, "delta": 0.229983}}
{"target": 0.8965940802189083, "params": {"C": 277.76626239131855, "epsilon": 0.10790760470141035, "gamma": 0.06167775096844278}, "datetime": {"datetime": "2021-09-18 14:48:14", "elapsed": 2.892627, "delta": 0.210996}}
{"target": 0.893338167960978, "params": {"C": 279.77120589332486, "epsilon": 0.4547656786001045, "gamma": 0.11536069203017797}, "datetime": {"datetime": "2021-09-18 14:48:14", "elapsed": 3.068628, "delta": 0.176001}}
{"target": 0.8927414999094263, "params": {"C": 202.1856464538041, "epsilon": 0.22151833285819428, "gamma": 0.1300584705694262}, "datetime": {"datetime": "2021-09-18 14:48:14", "elapsed": 3.243174, "delta": 0.174546}}
{"target": 0.8884354802884583, "params": {"C": 240.60238496980543, "epsilon": 0.4460815213709877, "gamma": 0.13267582629678548}, "datetime": {"datetime": "2021-09-18 14:48:14", "elapsed": 3.437176, "delta": 0.194002}}
{"target": 0.898821227462765, "params": {"C": 260.31501178836385, "epsilon": 0.12596167993674234, "gamma": 0.10673333050269374}, "datetime": {"datetime": "2021-09-18 14:48:14", "elapsed": 3.630218, "delta": 0.193042}}
{"target": 0.880576735034884, "params": {"C": 318.4821882383136, "epsilon": 0.5056861556733341, "gamma": 0.14692817616310472}, "datetime": {"datetime": "2021-09-18 14:48:14", "elapsed": 3.806169, "delta": 0.175951}}
{"target": 0.8939925392039023, "params": {"C": 304.52595459689513, "epsilon": 0.2680084082697156, "gamma": 0.1106529419087983}, "datetime": {"datetime": "2021-09-18 14:48:15", "elapsed": 4.012171, "delta": 0.206002}}
{"target": 0.8955823489800806, "params": {"C": 229.905440306716, "epsilon": 0.0705337176765456, "gamma": 0.12038456474178885}, "datetime": {"datetime": "2021-09-18 14:48:15", "elapsed": 4.23318, "delta": 0.221009}}
{"target": 0.8859991976688819, "params": {"C": 311.55136020008445, "epsilon": 0.6856409546049504, "gamma": 0.1382185235476146}, "datetime": {"datetime": "2021-09-18 14:48:15", "elapsed": 4.413209, "delta": 0.180029}}
{"target": 0.9021897304373863, "params": {"C": 277.800692823947, "epsilon": 0.10980241859963623, "gamma": 0.09091712514426137}, "datetime": {"datetime": "2021-09-18 14:48:15", "elapsed": 4.635214, "delta": 0.222005}}
{"target": 0.9061719212015866, "params": {"C": 309.0965169492625, "epsilon": 0.34643817339004873, "gamma": 0.07960894173739812}, "datetime": {"datetime": "2021-09-18 14:48:15", "elapsed": 4.848183, "delta": 0.212969}}
{"target": 0.892560202582799, "params": {"C": 240.0567946652715, "epsilon": 0.6887255845233188, "gamma": 0.12646997039436042}, "datetime": {"datetime": "2021-09-18 14:48:16", "elapsed": 5.043172, "delta": 0.194989}}
{"target": 0.9077247217210651, "params": {"C": 242.56926404647407, "epsilon": 0.4500891571088283, "gamma": 0.0723067931233363}, "datetime": {"datetime": "2021-09-18 14:48:16", "elapsed": 5.271801, "delta": 0.228629}}
{"target": 0.896155147347956, "params": {"C": 205.58895964709322, "epsilon": 0.34359310498360673, "gamma": 0.050529157301106756}, "datetime": {"datetime": "2021-09-18 14:48:16", "elapsed": 5.45657, "delta": 0.184769}}
{"target": 0.9077662120923379, "params": {"C": 214.91108619601792, "epsilon": 0.5133360505200697, "gamma": 0.09099516554434403}, "datetime": {"datetime": "2021-09-18 14:48:16", "elapsed": 5.671003, "delta": 0.214433}}
{"target": 0.8967753954688182, "params": {"C": 217.9988911828541, "epsilon": 0.3613962247557817, "gamma": 0.11950728897634146}, "datetime": {"datetime": "2021-09-18 14:48:17", "elapsed": 5.92834, "delta": 0.257337}}
{"target": 0.9043987070197371, "params": {"C": 228.37444872945002, "epsilon": 0.5982720875982168, "gamma": 0.10353779345456326}, "datetime": {"datetime": "2021-09-18 14:48:17", "elapsed": 6.130301, "delta": 0.201961}}
{"target": 0.9024491720729793, "params": {"C": 213.41616484140854, "epsilon": 0.06457611696599912, "gamma": 0.08696460782110318}, "datetime": {"datetime": "2021-09-18 14:48:17", "elapsed": 6.393649, "delta": 0.263348}}
{"target": 0.896712149544511, "params": {"C": 256.79902890872415, "epsilon": 0.1709085539070538, "gamma": 0.05757659151819943}, "datetime": {"datetime": "2021-09-18 14:48:17", "elapsed": 6.637646, "delta": 0.243997}}
{"target": 0.9027950620948528, "params": {"C": 205.4823530630552, "epsilon": 0.11113380139092709, "gamma": 0.10017639353376082}, "datetime": {"datetime": "2021-09-18 14:48:18", "elapsed": 6.930229, "delta": 0.292583}}
{"target": 0.890852139663193, "params": {"C": 267.66130057517915, "epsilon": 0.6647715112325616, "gamma": 0.12893799199129666}, "datetime": {"datetime": "2021-09-18 14:48:18", "elapsed": 7.140269, "delta": 0.21004}}
{"target": 0.886491538195883, "params": {"C": 225.75289410927857, "epsilon": 0.2959041508059562, "gamma": 0.1380036725700406}, "datetime": {"datetime": "2021-09-18 14:48:18", "elapsed": 7.479235, "delta": 0.338966}}
{"target": 0.9078442041909852, "params": {"C": 299.170212528671, "epsilon": 0.38522762518162396, "gamma": 0.06960003775038472}, "datetime": {"datetime": "2021-09-18 14:48:18", "elapsed": 7.746225, "delta": 0.26699}}
{"target": 0.8931615129971344, "params": {"C": 308.4046258618492, "epsilon": 0.1167413007171711, "gamma": 0.05361982643453664}, "datetime": {"datetime": "2021-09-18 14:48:19", "elapsed": 8.00374, "delta": 0.257515}}
{"target": 0.8987542391533035, "params": {"C": 264.31589746129146, "epsilon": 0.6855363546749238, "gamma": 0.053909004935266486}, "datetime": {"datetime": "2021-09-18 14:48:19", "elapsed": 8.225428, "delta": 0.221688}}
{"target": 0.9036070937658905, "params": {"C": 233.11451139033935, "epsilon": 0.6794822808626784, "gamma": 0.0630656811889874}, "datetime": {"datetime": "2021-09-18 14:48:19", "elapsed": 8.477452, "delta": 0.252024}}
{"target": 0.8826182243197446, "params": {"C": 298.11136884504134, "epsilon": 0.20437369280438825, "gamma": 0.13751905057809988}, "datetime": {"datetime": "2021-09-18 14:48:19", "elapsed": 8.734422, "delta": 0.25697}}
{"target": 0.88967352868209, "params": {"C": 202.01864492070735, "epsilon": 0.6249793443938862, "gamma": 0.14211379139990465}, "datetime": {"datetime": "2021-09-18 14:48:20", "elapsed": 8.989196, "delta": 0.254774}}
{"target": 0.8854616898963514, "params": {"C": 305.41306365586377, "epsilon": 0.602851931392036, "gamma": 0.13895289973463082}, "datetime": {"datetime": "2021-09-18 14:48:20", "elapsed": 9.24625, "delta": 0.257054}}
{"target": 0.88129027625088, "params": {"C": 277.5318580221908, "epsilon": 0.3833943077155493, "gamma": 0.14886695740776335}, "datetime": {"datetime": "2021-09-18 14:48:20", "elapsed": 9.500251, "delta": 0.254001}}
{"target": 0.907672481319933, "params": {"C": 234.92810738672955, "epsilon": 0.5372694531005447, "gamma": 0.09097326228426207}, "datetime": {"datetime": "2021-09-18 14:48:20", "elapsed": 9.746906, "delta": 0.246655}}
{"target": 0.9049000594964405, "params": {"C": 210.85674778111908, "epsilon": 0.17776956657804427, "gamma": 0.07978227883921156}, "datetime": {"datetime": "2021-09-18 14:48:21", "elapsed": 10.022497, "delta": 0.275591}}
{"target": 0.9002413985330974, "params": {"C": 208.65718843770935, "epsilon": 0.41672099638011495, "gamma": 0.06082188621176318}, "datetime": {"datetime": "2021-09-18 14:48:21", "elapsed": 10.297212, "delta": 0.274715}}
{"target": 0.9030010986902355, "params": {"C": 246.65222796810207, "epsilon": 0.12316901856456872, "gamma": 0.09440322569968518}, "datetime": {"datetime": "2021-09-18 14:48:21", "elapsed": 10.586212, "delta": 0.289}}
{"target": 0.8932662511420328, "params": {"C": 285.1904449274823, "epsilon": 0.21445700722578387, "gamma": 0.11428504884835951}, "datetime": {"datetime": "2021-09-18 14:48:22", "elapsed": 10.898971, "delta": 0.312759}}
{"target": 0.8840240250933278, "params": {"C": 328.95527030116403, "epsilon": 0.6890748791243082, "gamma": 0.1404682136791482}, "datetime": {"datetime": "2021-09-18 14:48:22", "elapsed": 11.185404, "delta": 0.286433}}
{"target": 0.9090459171293374, "params": {"C": 259.1757324922582, "epsilon": 0.41667800869061544, "gamma": 0.07425553582447106}, "datetime": {"datetime": "2021-09-18 14:48:22", "elapsed": 11.447604, "delta": 0.2622}}
{"target": 0.8866512799098342, "params": {"C": 205.48650909554138, "epsilon": 0.5329595350705338, "gamma": 0.1491170044657159}, "datetime": {"datetime": "2021-09-18 14:48:22", "elapsed": 11.69864, "delta": 0.251036}}
{"target": 0.8892838883688572, "params": {"C": 207.62901413458093, "epsilon": 0.03060808550394485, "gamma": 0.13662599623459049}, "datetime": {"datetime": "2021-09-18 14:48:23", "elapsed": 12.13559, "delta": 0.43695}}
{"target": 0.8877267062036973, "params": {"C": 214.12314022786302, "epsilon": 0.6560218693533538, "gamma": 0.14746295936787623}, "datetime": {"datetime": "2021-09-18 14:48:23", "elapsed": 12.381594, "delta": 0.246004}}
{"target": 0.9010144558865876, "params": {"C": 313.32711023763596, "epsilon": 0.15930423412333264, "gamma": 0.09187862018952728}, "datetime": {"datetime": "2021-09-18 14:48:23", "elapsed": 12.75759, "delta": 0.375996}}
{"target": 0.8976244799993707, "params": {"C": 209.34858008422782, "epsilon": 0.1417636504121746, "gamma": 0.11774828218984411}, "datetime": {"datetime": "2021-09-18 14:48:24", "elapsed": 13.046732, "delta": 0.289142}}
{"target": 0.8973155778320558, "params": {"C": 281.5673826055708, "epsilon": 0.2477133528667284, "gamma": 0.10838779810843699}, "datetime": {"datetime": "2021-09-18 14:48:24", "elapsed": 13.450193, "delta": 0.403461}}
{"target": 0.9001182304171533, "params": {"C": 273.7817808842559, "epsilon": 0.23475379187248963, "gamma": 0.10124411200117367}, "datetime": {"datetime": "2021-09-18 14:48:24", "elapsed": 13.825195, "delta": 0.375002}}
{"target": 0.8937733397890768, "params": {"C": 323.8294760707353, "epsilon": 0.21389573858868635, "gamma": 0.05546292060444526}, "datetime": {"datetime": "2021-09-18 14:48:25", "elapsed": 14.154192, "delta": 0.328997}}
{"target": 0.8979855297288367, "params": {"C": 233.44923112824733, "epsilon": 0.5983756047674621, "gamma": 0.11610215078585859}, "datetime": {"datetime": "2021-09-18 14:48:25", "elapsed": 14.445192, "delta": 0.291}}
{"target": 0.9059812288426486, "params": {"C": 202.21137099873226, "epsilon": 0.24879139794128427, "gamma": 0.08115997451350013}, "datetime": {"datetime": "2021-09-18 14:48:25", "elapsed": 14.794193, "delta": 0.349001}}
{"target": 0.9026255809263161, "params": {"C": 211.21225820710103, "epsilon": 0.4468205895078256, "gamma": 0.06450314998652472}, "datetime": {"datetime": "2021-09-18 14:48:26", "elapsed": 15.058439, "delta": 0.264246}}
{"target": 0.8956753929053946, "params": {"C": 242.82777564768554, "epsilon": 0.5764087329323732, "gamma": 0.11809318457437135}, "datetime": {"datetime": "2021-09-18 14:48:26", "elapsed": 15.361435, "delta": 0.302996}}
{"target": 0.8974388768828532, "params": {"C": 327.13569264683827, "epsilon": 0.13795214497443178, "gamma": 0.06195460599217892}, "datetime": {"datetime": "2021-09-18 14:48:26", "elapsed": 15.733255, "delta": 0.37182}}
{"target": 0.8998814652667821, "params": {"C": 252.79677118683193, "epsilon": 0.09773835285983565, "gamma": 0.0675950136853387}, "datetime": {"datetime": "2021-09-18 14:48:27", "elapsed": 16.044199, "delta": 0.310944}}
{"target": 0.9059990171686538, "params": {"C": 224.00603149011062, "epsilon": 0.7191704954452193, "gamma": 0.10218193199944911}, "datetime": {"datetime": "2021-09-18 14:48:27", "elapsed": 16.367844, "delta": 0.323645}}
{"target": 0.906084925562166, "params": {"C": 228.25271860107603, "epsilon": 0.23975433177428293, "gamma": 0.07904665655752224}, "datetime": {"datetime": "2021-09-18 14:48:27", "elapsed": 16.761002, "delta": 0.393158}}
{"target": 0.8838724118670986, "params": {"C": 219.9312776122744, "epsilon": 0.03186582397702083, "gamma": 0.14598597109757683}, "datetime": {"datetime": "2021-09-18 14:48:28", "elapsed": 17.183729, "delta": 0.422727}}
{"target": 0.909053874856869, "params": {"C": 265.74392040390364, "epsilon": 0.7921600671007997, "gamma": 0.09024479573901441}, "datetime": {"datetime": "2021-09-18 14:48:28", "elapsed": 17.503425, "delta": 0.319696}}
{"target": 0.887647682045851, "params": {"C": 306.8899592295061, "epsilon": 0.39172829464167713, "gamma": 0.1226452331771041}, "datetime": {"datetime": "2021-09-18 14:48:29", "elapsed": 17.893064, "delta": 0.389639}}
{"target": 0.901421963383292, "params": {"C": 259.5839204506187, "epsilon": 0.776039638880957, "gamma": 0.10690440656495995}, "datetime": {"datetime": "2021-09-18 14:48:29", "elapsed": 18.238032, "delta": 0.344968}}
{"target": 0.9037261657923906, "params": {"C": 251.11639599710543, "epsilon": 0.552904499571571, "gamma": 0.06381949989777452}, "datetime": {"datetime": "2021-09-18 14:48:29", "elapsed": 18.615227, "delta": 0.377195}}
{"target": 0.8958103228492615, "params": {"C": 217.48078998941105, "epsilon": 0.7521373222043648, "gamma": 0.05094712321935096}, "datetime": {"datetime": "2021-09-18 14:48:30", "elapsed": 18.929028, "delta": 0.313801}}
{"target": 0.8993946878582731, "params": {"C": 241.34503554272874, "epsilon": 0.6487500781332527, "gamma": 0.11274967675108394}, "datetime": {"datetime": "2021-09-18 14:48:30", "elapsed": 19.398327, "delta": 0.469299}}
{"target": 0.9020995480168296, "params": {"C": 222.9805878351693, "epsilon": 0.1831864256606617, "gamma": 0.10306004277440792}, "datetime": {"datetime": "2021-09-18 14:48:30", "elapsed": 19.745662, "delta": 0.347335}}
{"target": 0.8957159093564719, "params": {"C": 307.30368545413114, "epsilon": 0.11351567107825498, "gamma": 0.10583088563370627}, "datetime": {"datetime": "2021-09-18 14:48:31", "elapsed": 20.116662, "delta": 0.371}}
{"target": 0.8828477897079601, "params": {"C": 292.3228390999615, "epsilon": 0.3759135607698459, "gamma": 0.1415717067278559}, "datetime": {"datetime": "2021-09-18 14:48:31", "elapsed": 20.482664, "delta": 0.366002}}
{"target": 0.8859103817168681, "params": {"C": 266.4804403901741, "epsilon": 0.5743899824454795, "gamma": 0.14330380931949183}, "datetime": {"datetime": "2021-09-18 14:48:31", "elapsed": 20.824082, "delta": 0.341418}}
{"target": 0.8988737777273219, "params": {"C": 277.4465740162696, "epsilon": 0.7613232291082062, "gamma": 0.10941117288783847}, "datetime": {"datetime": "2021-09-18 14:48:32", "elapsed": 21.203629, "delta": 0.379547}}
{"target": 0.8997029695467521, "params": {"C": 308.0424024208294, "epsilon": 0.6754574462848936, "gamma": 0.1037488967560313}, "datetime": {"datetime": "2021-09-18 14:48:32", "elapsed": 21.555824, "delta": 0.352195}}
{"target": 0.8989031813478651, "params": {"C": 203.92396322877678, "epsilon": 0.20940628237417694, "gamma": 0.06121913010997604}, "datetime": {"datetime": "2021-09-18 14:48:33", "elapsed": 21.939252, "delta": 0.383428}}
{"target": 0.8847101625494604, "params": {"C": 303.04086633750364, "epsilon": 0.12990443907024238, "gamma": 0.12922616007393906}, "datetime": {"datetime": "2021-09-18 14:48:33", "elapsed": 22.355995, "delta": 0.416743}}
{"target": 0.9073501186468463, "params": {"C": 287.6646567052604, "epsilon": 0.5957960819965252, "gamma": 0.0898153659466974}, "datetime": {"datetime": "2021-09-18 14:48:33", "elapsed": 22.711001, "delta": 0.355006}}
{"target": 0.898289429380456, "params": {"C": 250.70139519044764, "epsilon": 0.047526459326450804, "gamma": 0.06548503263479548}, "datetime": {"datetime": "2021-09-18 14:48:34", "elapsed": 23.089554, "delta": 0.378553}}
{"target": 0.8953775931969883, "params": {"C": 203.30449018247612, "epsilon": 0.04816818826818622, "gamma": 0.05298249318758083}, "datetime": {"datetime": "2021-09-18 14:48:34", "elapsed": 23.434511, "delta": 0.344957}}
{"target": 0.8970473556414262, "params": {"C": 250.80365206335853, "epsilon": 0.16408335092699997, "gamma": 0.05836555473840324}, "datetime": {"datetime": "2021-09-18 14:48:34", "elapsed": 23.832879, "delta": 0.398368}}
{"target": 0.8860186920695321, "params": {"C": 262.09028737140056, "epsilon": 0.18452974428477695, "gamma": 0.13155852139812163}, "datetime": {"datetime": "2021-09-18 14:48:35", "elapsed": 24.194619, "delta": 0.36174}}
{"target": 0.8854551898304607, "params": {"C": 302.60849487787584, "epsilon": 0.5786053317596308, "gamma": 0.13852411483401716}, "datetime": {"datetime": "2021-09-18 14:48:35", "elapsed": 24.542159, "delta": 0.34754}}
{"target": 0.9056145316183456, "params": {"C": 219.72132654235335, "epsilon": 0.7562915397404616, "gamma": 0.10342567217871954}, "datetime": {"datetime": "2021-09-18 14:48:35", "elapsed": 24.861617, "delta": 0.319458}}
{"target": 0.8878536554531244, "params": {"C": 262.9340583266498, "epsilon": 0.344059155754019, "gamma": 0.12807806307484831}, "datetime": {"datetime": "2021-09-18 14:48:36", "elapsed": 25.253945, "delta": 0.392328}}
{"target": 0.9079210999485728, "params": {"C": 315.8465032342739, "epsilon": 0.6591581680586911, "gamma": 0.08677027459772399}, "datetime": {"datetime": "2021-09-18 14:48:36", "elapsed": 25.661938, "delta": 0.407993}}
{"target": 0.9053560281456042, "params": {"C": 236.18464410240773, "epsilon": 0.6293155572390768, "gamma": 0.1008535439103022}, "datetime": {"datetime": "2021-09-18 14:48:37", "elapsed": 26.010514, "delta": 0.348576}}
{"target": 0.8981423248009538, "params": {"C": 283.0836580149107, "epsilon": 0.09732923014305471, "gamma": 0.06434996532568402}, "datetime": {"datetime": "2021-09-18 14:48:37", "elapsed": 26.408335, "delta": 0.397821}}
{"target": 0.9009505759759309, "params": {"C": 286.0768613036685, "epsilon": 0.6924609737906382, "gamma": 0.10450872796711264}, "datetime": {"datetime": "2021-09-18 14:48:37", "elapsed": 26.824951, "delta": 0.416616}}
{"target": 0.882397061414813, "params": {"C": 306.03181643998886, "epsilon": 0.35482294792134983, "gamma": 0.1378469219484036}, "datetime": {"datetime": "2021-09-18 14:48:38", "elapsed": 27.253754, "delta": 0.428803}}
{"target": 0.9095932417731933, "params": {"C": 251.81420344100144, "epsilon": 0.5316718248909019, "gamma": 0.07841841070944702}, "datetime": {"datetime": "2021-09-18 14:48:38", "elapsed": 27.597947, "delta": 0.344193}}
{"target": 0.909933034934662, "params": {"C": 208.1587381408201, "epsilon": 0.6967407579094534, "gamma": 0.0819624929734294}, "datetime": {"datetime": "2021-09-18 14:48:39", "elapsed": 27.949381, "delta": 0.351434}}
{"target": 0.884616933939566, "params": {"C": 252.81520182113428, "epsilon": 0.4282531241940072, "gamma": 0.14516392397116507}, "datetime": {"datetime": "2021-09-18 14:48:39", "elapsed": 28.350402, "delta": 0.401021}}
{"target": 0.8932164126105374, "params": {"C": 308.90239694096397, "epsilon": 0.2726586948688083, "gamma": 0.11112430154616221}, "datetime": {"datetime": "2021-09-18 14:48:39", "elapsed": 28.738404, "delta": 0.388002}}
{"target": 0.8986774591807102, "params": {"C": 238.34392679681667, "epsilon": 0.026634419860673598, "gamma": 0.06557551443383056}, "datetime": {"datetime": "2021-09-18 14:48:40", "elapsed": 29.142308, "delta": 0.403904}}
