{"target": -10.504259804699718, "params": {"C": 126.80337321016668, "epsilon": 0.3415650924301321, "gamma": 0.04593500154809211}, "datetime": {"datetime": "2021-09-27 17:23:41", "elapsed": 630.751083, "delta": 2.138937}}
{"target": -10.695276677361031, "params": {"C": 126.66019300276452, "epsilon": 0.3710991334254606, "gamma": 0.01318745604954534}, "datetime": {"datetime": "2021-09-27 17:23:45", "elapsed": 634.551959, "delta": 3.800876}}
{"target": -13.116339498846754, "params": {"C": 126.73928093761013, "epsilon": 0.45256972083747515, "gamma": 0.1282481603946831}, "datetime": {"datetime": "2021-09-27 17:23:50", "elapsed": 639.685742, "delta": 5.133783}}
{"target": -10.236778431057534, "params": {"C": 246.78023074429376, "epsilon": 0.1854628717787201, "gamma": 0.023094730123816378}, "datetime": {"datetime": "2021-09-27 17:23:57", "elapsed": 646.421059, "delta": 6.735317}}
{"target": -14.301915209472835, "params": {"C": 246.71421035191528, "epsilon": 0.00838359100021741, "gamma": 0.15368105149178277}, "datetime": {"datetime": "2021-09-27 17:24:00", "elapsed": 650.124836, "delta": 3.703777}}
{"target": -14.127863875470348, "params": {"C": 263.65378458019603, "epsilon": 0.713289802600304, "gamma": 0.12122019067551741}, "datetime": {"datetime": "2021-09-27 17:24:02", "elapsed": 652.282127, "delta": 2.157291}}
{"target": -11.244988590768711, "params": {"C": 246.6491665036815, "epsilon": 0.1438559129583685, "gamma": 0.01}, "datetime": {"datetime": "2021-09-27 17:24:07", "elapsed": 656.879902, "delta": 4.597775}}
{"target": -13.703806669018265, "params": {"C": 151.02570459829928, "epsilon": 0.1723462411561284, "gamma": 0.15025206369061891}, "datetime": {"datetime": "2021-09-27 17:24:09", "elapsed": 659.06691, "delta": 2.187008}}
{"target": -11.595730929359522, "params": {"C": 126.69378461168594, "epsilon": 0.18001307166189046, "gamma": 0.08969234859146352}, "datetime": {"datetime": "2021-09-27 17:24:14", "elapsed": 663.970313, "delta": 4.903403}}
{"target": -10.23085774300963, "params": {"C": 246.7791458784765, "epsilon": 0.30437784837896337, "gamma": 0.029622675174345463}, "datetime": {"datetime": "2021-09-27 17:24:19", "elapsed": 668.841473, "delta": 4.87116}}
{"target": -10.627148163584991, "params": {"C": 126.5176065364314, "epsilon": 0.28527403706830834, "gamma": 0.021092275927355613}, "datetime": {"datetime": "2021-09-27 17:24:23", "elapsed": 673.267962, "delta": 4.426489}}
{"target": -13.991645842136432, "params": {"C": 246.87878756784858, "epsilon": 0.3100814567486453, "gamma": 0.1294912661944967}, "datetime": {"datetime": "2021-09-27 17:24:27", "elapsed": 677.284856, "delta": 4.016894}}
{"target": -12.027610817870949, "params": {"C": 126.48764971549667, "epsilon": 0.42715016635141456, "gamma": 0.09524663325823067}, "datetime": {"datetime": "2021-09-27 17:24:31", "elapsed": 681.185082, "delta": 3.900226}}
{"target": -11.00578009766546, "params": {"C": 126.87942034868819, "epsilon": 0.2238006134646964, "gamma": 0.01}, "datetime": {"datetime": "2021-09-27 17:24:36", "elapsed": 686.085358, "delta": 4.900276}}
{"target": -10.46875684168172, "params": {"C": 126.95711650788331, "epsilon": 0.37981264431526773, "gamma": 0.04368205720152606}, "datetime": {"datetime": "2021-09-27 17:24:40", "elapsed": 689.954744, "delta": 3.869386}}
{"target": -11.054927062370071, "params": {"C": 175.82533007489226, "epsilon": 0.20285907274851736, "gamma": 0.01}, "datetime": {"datetime": "2021-09-27 17:24:44", "elapsed": 694.209396, "delta": 4.254652}}
{"target": -14.432097188928408, "params": {"C": 126.90356380768947, "epsilon": 0.2857365230722382, "gamma": 0.2053421217794888}, "datetime": {"datetime": "2021-09-27 17:24:49", "elapsed": 698.64265, "delta": 4.433254}}
{"target": -12.900044453458401, "params": {"C": 130.36314387041244, "epsilon": 0.6723191169259016, "gamma": 0.1144066135523934}, "datetime": {"datetime": "2021-09-27 17:24:54", "elapsed": 703.935539, "delta": 5.292889}}
{"target": -10.54224390534801, "params": {"C": 120.12896311005359, "epsilon": 0.16930707813618834, "gamma": 0.05230489846065289}, "datetime": {"datetime": "2021-09-27 17:24:56", "elapsed": 706.126712, "delta": 2.191173}}
{"target": -10.907872800880893, "params": {"C": 120.04533995581812, "epsilon": 0.27809803677974104, "gamma": 0.010627795356302254}, "datetime": {"datetime": "2021-09-27 17:25:01", "elapsed": 710.642321, "delta": 4.515609}}
{"target": -15.702446714814169, "params": {"C": 261.4024704450226, "epsilon": 0.19906939731480183, "gamma": 0.2860923816710417}, "datetime": {"datetime": "2021-09-27 17:25:03", "elapsed": 712.959804, "delta": 2.317483}}
{"target": -11.694691271957174, "params": {"C": 120.00244890226313, "epsilon": 0.052655223076991206, "gamma": 0.09654870345285385}, "datetime": {"datetime": "2021-09-27 17:25:10", "elapsed": 719.634417, "delta": 6.674613}}
{"target": -11.425574826424967, "params": {"C": 269.0160581395922, "epsilon": 0.09033178369253901, "gamma": 0.07193079128675738}, "datetime": {"datetime": "2021-09-27 17:25:12", "elapsed": 721.865674, "delta": 2.231257}}
{"target": -13.97993305489083, "params": {"C": 120.13811301003332, "epsilon": 0.2962949344114929, "gamma": 0.18043617951547916}, "datetime": {"datetime": "2021-09-27 17:25:15", "elapsed": 725.232311, "delta": 3.366637}}
{"target": -15.283967351277603, "params": {"C": 191.3395944501537, "epsilon": 0.02303367005654366, "gamma": 0.26865119280780636}, "datetime": {"datetime": "2021-09-27 17:25:17", "elapsed": 727.386486, "delta": 2.154175}}
{"target": -14.870878136094168, "params": {"C": 141.2826775346706, "epsilon": 0.565325634796808, "gamma": 0.19893641712951213}, "datetime": {"datetime": "2021-09-27 17:25:20", "elapsed": 729.417508, "delta": 2.031022}}
{"target": -13.239951127632654, "params": {"C": 136.5914050502081, "epsilon": 0.5437690365857845, "gamma": 0.12576740630980826}, "datetime": {"datetime": "2021-09-27 17:25:22", "elapsed": 731.581732, "delta": 2.164224}}
{"target": -10.941904737365977, "params": {"C": 168.5758838875738, "epsilon": 0.8184928642641851, "gamma": 0.05650070564597463}, "datetime": {"datetime": "2021-09-27 17:25:24", "elapsed": 733.647475, "delta": 2.065743}}
{"target": -10.653179316327533, "params": {"C": 168.65003410223125, "epsilon": 0.9685695300794246, "gamma": 0.03859186043117602}, "datetime": {"datetime": "2021-09-27 17:25:29", "elapsed": 738.72976, "delta": 5.082285}}
{"target": -15.592226597697465, "params": {"C": 285.00644968118286, "epsilon": 0.36814625679142526, "gamma": 0.2557430958555086}, "datetime": {"datetime": "2021-09-27 17:25:31", "elapsed": 740.993061, "delta": 2.263301}}
{"target": -15.436354197932095, "params": {"C": 168.7605570477906, "epsilon": 0.941782599030559, "gamma": 0.2087754017084317}, "datetime": {"datetime": "2021-09-27 17:25:35", "elapsed": 744.795846, "delta": 3.802785}}
{"target": -10.896216494197718, "params": {"C": 281.08224404631915, "epsilon": 0.5434967316220621, "gamma": 0.013210710503663816}, "datetime": {"datetime": "2021-09-27 17:25:39", "elapsed": 748.990347, "delta": 4.194501}}
{"target": -11.268794638044461, "params": {"C": 276.9367228226903, "epsilon": 1.0, "gamma": 0.01}, "datetime": {"datetime": "2021-09-27 17:25:44", "elapsed": 753.98918, "delta": 4.998833}}
{"target": -10.988698535376228, "params": {"C": 154.74254642387245, "epsilon": 0.6887892497090665, "gamma": 0.01}, "datetime": {"datetime": "2021-09-27 17:25:49", "elapsed": 759.367922, "delta": 5.378742}}
{"target": -12.6136997652273, "params": {"C": 168.47086030437202, "epsilon": 0.972267971941531, "gamma": 0.09331005817367011}, "datetime": {"datetime": "2021-09-27 17:25:55", "elapsed": 764.765503, "delta": 5.397581}}
{"target": -10.919644430248917, "params": {"C": 131.7063776926302, "epsilon": 0.8026020969396717, "gamma": 0.014458829328298915}, "datetime": {"datetime": "2021-09-27 17:25:57", "elapsed": 766.773807, "delta": 2.008304}}
{"target": -15.449537986193777, "params": {"C": 115.84763022370639, "epsilon": 0.3791423281461637, "gamma": 0.2822558540699202}, "datetime": {"datetime": "2021-09-27 17:25:59", "elapsed": 769.091535, "delta": 2.317728}}
{"target": -11.112080180445822, "params": {"C": 289.7052577270045, "epsilon": 0.7612312001524257, "gamma": 0.01}, "datetime": {"datetime": "2021-09-27 17:26:04", "elapsed": 773.520763, "delta": 4.429228}}
{"target": -11.495251778878716, "params": {"C": 126.5020079703749, "epsilon": 0.10641735958920576, "gamma": 0.08406697178822764}, "datetime": {"datetime": "2021-09-27 17:26:08", "elapsed": 778.400136, "delta": 4.879373}}
{"target": -11.400002925502562, "params": {"C": 174.68523550620972, "epsilon": 0.9615333934700164, "gamma": 0.06553895569341808}, "datetime": {"datetime": "2021-09-27 17:26:11", "elapsed": 780.5605, "delta": 2.160364}}
{"target": -10.253305924537674, "params": {"C": 120.23871141834789, "epsilon": 0.0455235414033453, "gamma": 0.03848816190676602}, "datetime": {"datetime": "2021-09-27 17:26:16", "elapsed": 785.672063, "delta": 5.111563}}
{"target": -13.529950845760954, "params": {"C": 271.78928565494306, "epsilon": 0.15509707596672703, "gamma": 0.11204791390394522}, "datetime": {"datetime": "2021-09-27 17:26:18", "elapsed": 788.110497, "delta": 2.438434}}
{"target": -10.554136015353299, "params": {"C": 129.50408084873925, "epsilon": 0.3771920134265488, "gamma": 0.04565924201422856}, "datetime": {"datetime": "2021-09-27 17:26:25", "elapsed": 794.545335, "delta": 6.434838}}
{"target": -10.743523557609405, "params": {"C": 129.2979116298913, "epsilon": 0.4258810725713522, "gamma": 0.018990737904253027}, "datetime": {"datetime": "2021-09-27 17:26:29", "elapsed": 798.762756, "delta": 4.217421}}
{"target": -12.141760873907932, "params": {"C": 129.35906151153583, "epsilon": 0.2705268902908893, "gamma": 0.10359466743281934}, "datetime": {"datetime": "2021-09-27 17:26:34", "elapsed": 804.338924, "delta": 5.576168}}
{"target": -15.249371633281909, "params": {"C": 201.12624706019866, "epsilon": 0.2713414829719024, "gamma": 0.24309381942914884}, "datetime": {"datetime": "2021-09-27 17:26:37", "elapsed": 806.490711, "delta": 2.151787}}
{"target": -13.736836190940362, "params": {"C": 120.31948601091355, "epsilon": 0.05773327311608126, "gamma": 0.17438718894163566}, "datetime": {"datetime": "2021-09-27 17:26:41", "elapsed": 810.891551, "delta": 4.40084}}
{"target": -14.658503061199571, "params": {"C": 117.70890389500698, "epsilon": 0.417795782798926, "gamma": 0.21207949591992253}, "datetime": {"datetime": "2021-09-27 17:26:43", "elapsed": 813.094075, "delta": 2.202524}}
{"target": -13.110768433312256, "params": {"C": 131.76434236198298, "epsilon": 0.9143375415640674, "gamma": 0.11492987871122681}, "datetime": {"datetime": "2021-09-27 17:26:50", "elapsed": 819.561503, "delta": 6.467428}}
{"target": -11.002093880179844, "params": {"C": 131.63131791022656, "epsilon": 0.657902283657408, "gamma": 0.01}, "datetime": {"datetime": "2021-09-27 17:26:55", "elapsed": 825.322031, "delta": 5.760528}}
{"target": -13.87717933256133, "params": {"C": 131.5549721040295, "epsilon": 0.6890961863144177, "gamma": 0.15003976398221147}, "datetime": {"datetime": "2021-09-27 17:27:00", "elapsed": 830.006366, "delta": 4.684335}}
{"target": -10.713632169053303, "params": {"C": 127.03460567163216, "epsilon": 0.5010970818511743, "gamma": 0.016679837805688876}, "datetime": {"datetime": "2021-09-27 17:27:05", "elapsed": 835.398919, "delta": 5.392553}}
{"target": -11.232214152704733, "params": {"C": 125.00075392073302, "epsilon": 0.8631110406108569, "gamma": 0.01}, "datetime": {"datetime": "2021-09-27 17:27:12", "elapsed": 841.569381, "delta": 6.170462}}
{"target": -13.79644698361781, "params": {"C": 236.0800483255973, "epsilon": 0.8894132861315536, "gamma": 0.11372646571707523}, "datetime": {"datetime": "2021-09-27 17:27:14", "elapsed": 844.010292, "delta": 2.440911}}
{"target": -10.723829399262163, "params": {"C": 120.13878234641055, "epsilon": 0.0705954521628893, "gamma": 0.021925311960840937}, "datetime": {"datetime": "2021-09-27 17:27:19", "elapsed": 848.442195, "delta": 4.431903}}
{"target": -13.896635045486546, "params": {"C": 129.33715631287347, "epsilon": 0.48036778873963915, "gamma": 0.1582009652333172}, "datetime": {"datetime": "2021-09-27 17:27:24", "elapsed": 853.601903, "delta": 5.159708}}
{"target": -10.848423989646335, "params": {"C": 125.16789359158882, "epsilon": 0.9328273511777517, "gamma": 0.022174079996015273}, "datetime": {"datetime": "2021-09-27 17:27:30", "elapsed": 859.490752, "delta": 5.888849}}
{"target": -11.003206979806949, "params": {"C": 131.79517533392388, "epsilon": 0.6601904327405141, "gamma": 0.01}, "datetime": {"datetime": "2021-09-27 17:27:34", "elapsed": 864.192619, "delta": 4.701867}}
{"target": -10.084959136729559, "params": {"C": 192.59214337073, "epsilon": 0.3615363609743934, "gamma": 0.02725673037346419}, "datetime": {"datetime": "2021-09-27 17:27:39", "elapsed": 869.169911, "delta": 4.977292}}
{"target": -15.405722185287091, "params": {"C": 207.46443603421085, "epsilon": 0.9491089432424669, "gamma": 0.19606438573008816}, "datetime": {"datetime": "2021-09-27 17:27:42", "elapsed": 871.690313, "delta": 2.520402}}
{"target": -15.730168221491637, "params": {"C": 273.43053159662753, "epsilon": 0.2235863559383984, "gamma": 0.2847848205988577}, "datetime": {"datetime": "2021-09-27 17:27:44", "elapsed": 874.122023, "delta": 2.43171}}
{"target": -11.351997332487414, "params": {"C": 192.49060673527802, "epsilon": 0.19914964652213746, "gamma": 0.07234931054628704}, "datetime": {"datetime": "2021-09-27 17:27:50", "elapsed": 880.385122, "delta": 6.263099}}
{"target": -10.607335918860535, "params": {"C": 246.67586699977545, "epsilon": 0.3094754210768999, "gamma": 0.01755619007064718}, "datetime": {"datetime": "2021-09-27 17:28:00", "elapsed": 889.875313, "delta": 9.490191}}
{"target": -14.577893897342195, "params": {"C": 125.0941527810516, "epsilon": 0.853204153249293, "gamma": 0.17693001174534198}, "datetime": {"datetime": "2021-09-27 17:28:07", "elapsed": 896.595654, "delta": 6.720341}}
{"target": -10.478444147102996, "params": {"C": 192.77298233274465, "epsilon": 0.25333400360938996, "gamma": 0.020192200170096243}, "datetime": {"datetime": "2021-09-27 17:28:13", "elapsed": 902.655357, "delta": 6.059703}}
{"target": -10.728997972873803, "params": {"C": 146.33370153069274, "epsilon": 0.6068200789693604, "gamma": 0.04664656575615222}, "datetime": {"datetime": "2021-09-27 17:28:15", "elapsed": 905.071728, "delta": 2.416371}}
{"target": -11.167653177264532, "params": {"C": 192.46129512625254, "epsilon": 0.37281443827095084, "gamma": 0.06301949236100339}, "datetime": {"datetime": "2021-09-27 17:28:20", "elapsed": 910.364633, "delta": 5.292905}}
{"target": -11.054975433228812, "params": {"C": 216.9493526244589, "epsilon": 0.03544963676772089, "gamma": 0.06466203218686356}, "datetime": {"datetime": "2021-09-27 17:28:23", "elapsed": 912.944775, "delta": 2.580142}}
{"target": -10.26480611145906, "params": {"C": 192.67201254300477, "epsilon": 0.43792174252408345, "gamma": 0.02985432210185704}, "datetime": {"datetime": "2021-09-27 17:28:30", "elapsed": 920.047342, "delta": 7.102567}}
{"target": -14.421275244826104, "params": {"C": 192.82049839706048, "epsilon": 0.2213745950064701, "gamma": 0.17763699066636512}, "datetime": {"datetime": "2021-09-27 17:28:37", "elapsed": 926.466828, "delta": 6.419486}}
{"target": -12.368304233869297, "params": {"C": 146.52247281765676, "epsilon": 0.6587915602892, "gamma": 0.0964417561998511}, "datetime": {"datetime": "2021-09-27 17:28:43", "elapsed": 932.557396, "delta": 6.090568}}
{"target": -10.98454546510865, "params": {"C": 192.6367802227182, "epsilon": 0.2664269562832523, "gamma": 0.012065249396512191}, "datetime": {"datetime": "2021-09-27 17:28:49", "elapsed": 938.560669, "delta": 6.003273}}
{"target": -12.429430681818324, "params": {"C": 146.25033964337598, "epsilon": 0.7731116217743055, "gamma": 0.09640552269586825}, "datetime": {"datetime": "2021-09-27 17:28:54", "elapsed": 943.757252, "delta": 5.196583}}
{"target": -12.167514429725776, "params": {"C": 146.32067729319436, "epsilon": 0.43911234720777464, "gamma": 0.09504505519275651}, "datetime": {"datetime": "2021-09-27 17:29:00", "elapsed": 949.943254, "delta": 6.186002}}
{"target": -15.92019341000659, "params": {"C": 267.3720068424742, "epsilon": 0.7282113635085736, "gamma": 0.2502315491368477}, "datetime": {"datetime": "2021-09-27 17:29:02", "elapsed": 952.395102, "delta": 2.451848}}
{"target": -10.645903544136514, "params": {"C": 127.18102317468716, "epsilon": 0.2935426890949489, "gamma": 0.01528729447582665}, "datetime": {"datetime": "2021-09-27 17:29:07", "elapsed": 957.303667, "delta": 4.908565}}
{"target": -10.86308393755235, "params": {"C": 127.1972912392375, "epsilon": 0.47107535893789876, "gamma": 0.057301448542743195}, "datetime": {"datetime": "2021-09-27 17:29:14", "elapsed": 963.80961, "delta": 6.505943}}
{"target": -13.771111861454202, "params": {"C": 127.20851749156978, "epsilon": 0.3335603015009706, "gamma": 0.16118751372831222}, "datetime": {"datetime": "2021-09-27 17:29:21", "elapsed": 971.042161, "delta": 7.232551}}
{"target": -11.010818033246151, "params": {"C": 127.17259705496491, "epsilon": 0.6327562745240083, "gamma": 0.01}, "datetime": {"datetime": "2021-09-27 17:29:26", "elapsed": 976.067933, "delta": 5.025772}}
{"target": -10.961252604253078, "params": {"C": 120.26900338786959, "epsilon": 0.17429257371872925, "gamma": 0.01160410556931882}, "datetime": {"datetime": "2021-09-27 17:29:32", "elapsed": 982.016828, "delta": 5.948895}}
{"target": -10.943923339274205, "params": {"C": 238.0719668167374, "epsilon": 0.6129216189383987, "gamma": 0.01}, "datetime": {"datetime": "2021-09-27 17:29:41", "elapsed": 991.188184, "delta": 9.171356}}
{"target": -11.183010062600323, "params": {"C": 176.54541573795905, "epsilon": 0.051220850279600175, "gamma": 0.01}, "datetime": {"datetime": "2021-09-27 17:29:47", "elapsed": 996.828279, "delta": 5.640095}}
{"target": -15.521774193564774, "params": {"C": 409.762700785465, "epsilon": 0.7152178474357822, "gamma": 0.18480137906077673}, "datetime": {"datetime": "2021-09-27 17:33:27", "elapsed": 0.0, "delta": 0.0}}
{"target": -15.332477506229461, "params": {"C": 408.9766365993794, "epsilon": 0.42371243385897084, "gamma": 0.19730929278933027}, "datetime": {"datetime": "2021-09-27 17:33:27", "elapsed": 0.090998, "delta": 0.090998}}
{"target": -16.262138313729913, "params": {"C": 387.5174422525385, "epsilon": 0.8917838234820016, "gamma": 0.2894622005452985}, "datetime": {"datetime": "2021-09-27 17:33:27", "elapsed": 0.147001, "delta": 0.056003}}
{"target": -15.274435872607295, "params": {"C": 376.6883037651555, "epsilon": 0.7917458655788563, "gamma": 0.1633795267283423}, "datetime": {"datetime": "2021-09-27 17:33:27", "elapsed": 0.21801, "delta": 0.071009}}
{"target": -10.477352660980193, "params": {"C": 413.6089122187865, "epsilon": 0.9256040786288318, "gamma": 0.03060045687738721}, "datetime": {"datetime": "2021-09-27 17:33:27", "elapsed": 0.315003, "delta": 0.096993}}
{"target": -11.18408585148812, "params": {"C": 415.2587899655881, "epsilon": 0.9938549604883806, "gamma": 0.01}, "datetime": {"datetime": "2021-09-27 17:33:27", "elapsed": 0.674003, "delta": 0.359}}
{"target": -16.058977696965947, "params": {"C": 419.2764836702776, "epsilon": 0.0001, "gamma": 0.3}, "datetime": {"datetime": "2021-09-27 17:33:27", "elapsed": 0.97, "delta": 0.295997}}
{"target": -16.05364541888224, "params": {"C": 414.2102089157882, "epsilon": 0.0001, "gamma": 0.3}, "datetime": {"datetime": "2021-09-27 17:33:28", "elapsed": 1.368736, "delta": 0.398736}}
{"target": -12.122374259165925, "params": {"C": 413.5849737288766, "epsilon": 0.781153474661133, "gamma": 0.06567037472140186}, "datetime": {"datetime": "2021-09-27 17:33:28", "elapsed": 1.523732, "delta": 0.154996}}
{"target": -15.603536875442355, "params": {"C": 374.4094049157558, "epsilon": 0.11556722490717773, "gamma": 0.2585725115152243}, "datetime": {"datetime": "2021-09-27 17:33:28", "elapsed": 1.663754, "delta": 0.140022}}
{"target": -11.194627053660518, "params": {"C": 413.4185359643451, "epsilon": 1.0, "gamma": 0.01}, "datetime": {"datetime": "2021-09-27 17:33:28", "elapsed": 1.978427, "delta": 0.314673}}
{"target": -15.824289537557789, "params": {"C": 413.8832528502655, "epsilon": 0.968164815718042, "gamma": 0.2069829611252928}, "datetime": {"datetime": "2021-09-27 17:33:29", "elapsed": 2.18743, "delta": 0.209003}}
{"target": -11.218268655741904, "params": {"C": 341.20806570066486, "epsilon": 0.1811447417880506, "gamma": 0.010108198131508497}, "datetime": {"datetime": "2021-09-27 17:33:29", "elapsed": 2.404431, "delta": 0.217001}}
{"target": -14.748995501822936, "params": {"C": 464.4101813676625, "epsilon": 0.12082278012324472, "gamma": 0.12606855889126084}, "datetime": {"datetime": "2021-09-27 17:33:29", "elapsed": 2.64943, "delta": 0.244999}}
{"target": -10.510781545592026, "params": {"C": 415.0758615662102, "epsilon": 0.8993108120703598, "gamma": 0.03581306594024608}, "datetime": {"datetime": "2021-09-27 17:33:30", "elapsed": 3.074433, "delta": 0.425003}}
{"target": -14.845505774711167, "params": {"C": 358.92454818320357, "epsilon": 0.17049463706180856, "gamma": 0.16364189070093}, "datetime": {"datetime": "2021-09-27 17:33:30", "elapsed": 3.341639, "delta": 0.267206}}
{"target": -11.080064453891088, "params": {"C": 404.6338950221767, "epsilon": 0.5811823246123738, "gamma": 0.04953245144324743}, "datetime": {"datetime": "2021-09-27 17:33:30", "elapsed": 3.621631, "delta": 0.279992}}
{"target": -15.794381101418283, "params": {"C": 415.120666959189, "epsilon": 0.6831343893391737, "gamma": 0.22368596226408036}, "datetime": {"datetime": "2021-09-27 17:33:31", "elapsed": 4.068636, "delta": 0.447005}}
{"target": -11.316554521992035, "params": {"C": 413.608347742634, "epsilon": 0.8746093506878518, "gamma": 0.0506769597955594}, "datetime": {"datetime": "2021-09-27 17:33:31", "elapsed": 4.312629, "delta": 0.243993}}
