{"target": -2.109052621507723, "params": {"C": 104.79143768334781, "epsilon": 0.2817140025857701, "gamma": 0.02123126018515624}, "datetime": {"datetime": "2021-09-19 09:18:32", "elapsed": 17.959641, "delta": 0.247001}}
{"target": -1.957041171650794, "params": {"C": 186.6691379472055, "epsilon": 0.28567176171998093, "gamma": 0.036699113625064464}, "datetime": {"datetime": "2021-09-19 09:18:33", "elapsed": 18.333636, "delta": 0.373995}}
{"target": -2.1440858189343337, "params": {"C": 109.4451127836048, "epsilon": 0.06434558313702203, "gamma": 0.08897805560673029}, "datetime": {"datetime": "2021-09-19 09:18:33", "elapsed": 18.613928, "delta": 0.280292}}
{"target": -2.1650679934630146, "params": {"C": 180.7954261534956, "epsilon": 0.03772778202733331, "gamma": 0.09258015132381815}, "datetime": {"datetime": "2021-09-19 09:18:33", "elapsed": 18.916932, "delta": 0.303004}}
{"target": -2.0325699012916614, "params": {"C": 120.27576482288191, "epsilon": 0.16370180403210208, "gamma": 0.026601875636517773}, "datetime": {"datetime": "2021-09-19 09:18:34", "elapsed": 19.265929, "delta": 0.348997}}
{"target": -2.4666186604447278, "params": {"C": 146.2526803301473, "epsilon": 0.21380540354968317, "gamma": 0.14129495211533935}, "datetime": {"datetime": "2021-09-19 09:18:34", "elapsed": 19.541972, "delta": 0.276043}}
{"target": -1.9493923417069188, "params": {"C": 127.66349970391681, "epsilon": 0.07048554849839599, "gamma": 0.05018180452053558}, "datetime": {"datetime": "2021-09-19 09:18:34", "elapsed": 19.946009, "delta": 0.404037}}
{"target": -2.17252632746789, "params": {"C": 181.4204943560864, "epsilon": 0.2524183576832029, "gamma": 0.0898735657828407}, "datetime": {"datetime": "2021-09-19 09:18:35", "elapsed": 20.236049, "delta": 0.29004}}
{"target": -2.261816174239127, "params": {"C": 186.69124821204923, "epsilon": 0.2937137275687267, "gamma": 0.10098486335206816}, "datetime": {"datetime": "2021-09-19 09:18:35", "elapsed": 20.601246, "delta": 0.365197}}
{"target": -2.36478660499793, "params": {"C": 177.1884253625031, "epsilon": 0.043989131849913106, "gamma": 0.12299400809612078}, "datetime": {"datetime": "2021-09-19 09:18:35", "elapsed": 20.915287, "delta": 0.314041}}
{"target": -1.9591957740951598, "params": {"C": 186.49056859087048, "epsilon": 0.1985066891245134, "gamma": 0.03113441584867972}, "datetime": {"datetime": "2021-09-19 09:18:36", "elapsed": 21.315285, "delta": 0.399998}}
{"target": -1.9605023047084849, "params": {"C": 132.9011805457634, "epsilon": 0.012516519076003001, "gamma": 0.04013054242523413}, "datetime": {"datetime": "2021-09-19 09:18:36", "elapsed": 21.618288, "delta": 0.303003}}
{"target": -2.1194807733058103, "params": {"C": 92.79610707747979, "epsilon": 0.012761692440922425, "gamma": 0.023877241143855074}, "datetime": {"datetime": "2021-09-19 09:18:36", "elapsed": 21.904245, "delta": 0.285957}}
{"target": -2.084348281759477, "params": {"C": 101.12042851937133, "epsilon": 0.07170317203082308, "gamma": 0.024964699598847343}, "datetime": {"datetime": "2021-09-19 09:18:37", "elapsed": 22.255286, "delta": 0.351041}}
{"target": -2.009340264590597, "params": {"C": 127.64642324953937, "epsilon": 0.008155474003206532, "gamma": 0.03161043827794012}, "datetime": {"datetime": "2021-09-19 09:18:37", "elapsed": 22.600285, "delta": 0.344999}}
{"target": -1.9894924831119742, "params": {"C": 132.9543571889696, "epsilon": 0.048057250339728456, "gamma": 0.03364478072601679}, "datetime": {"datetime": "2021-09-19 09:18:37", "elapsed": 23.019611, "delta": 0.419326}}
{"target": -2.0290837695502106, "params": {"C": 186.45191902089934, "epsilon": 0.2939838391965331, "gamma": 0.02166082511853295}, "datetime": {"datetime": "2021-09-19 09:18:38", "elapsed": 23.37265, "delta": 0.353039}}
{"target": -2.110072752096911, "params": {"C": 127.67286112881243, "epsilon": 0.12455897516563375, "gamma": 0.02}, "datetime": {"datetime": "2021-09-19 09:18:38", "elapsed": 23.879535, "delta": 0.506885}}
{"target": -1.984805772952485, "params": {"C": 186.5458854863969, "epsilon": 0.23922954325242302, "gamma": 0.02596452301839703}, "datetime": {"datetime": "2021-09-19 09:18:39", "elapsed": 24.364529, "delta": 0.484994}}
{"target": -2.0200369092377586, "params": {"C": 118.08937526006856, "epsilon": 0.26671341324427134, "gamma": 0.029432213191146032}, "datetime": {"datetime": "2021-09-19 09:18:39", "elapsed": 24.725536, "delta": 0.361007}}
{"target": -1.9647784499998509, "params": {"C": 160.30155678184755, "epsilon": 0.03154373151619269, "gamma": 0.03865495492338922}, "datetime": {"datetime": "2021-09-19 09:18:39", "elapsed": 25.045532, "delta": 0.319996}}
{"target": -2.22923138481541, "params": {"C": 160.2904749594976, "epsilon": 0.030656145396060222, "gamma": 0.10479507713162405}, "datetime": {"datetime": "2021-09-19 09:18:40", "elapsed": 25.425531, "delta": 0.379999}}
{"target": -1.9855896346810624, "params": {"C": 132.87481062303218, "epsilon": 0.06664821523760771, "gamma": 0.06725259743337272}, "datetime": {"datetime": "2021-09-19 09:18:40", "elapsed": 25.805491, "delta": 0.37996}}
{"target": -1.968049624510158, "params": {"C": 133.84278752700124, "epsilon": 0.19748487668908815, "gamma": 0.05694393392228114}, "datetime": {"datetime": "2021-09-19 09:18:41", "elapsed": 26.135969, "delta": 0.330478}}
{"target": -2.264502589294195, "params": {"C": 127.66322765979987, "epsilon": 0.04272355249760053, "gamma": 0.11506677452121616}, "datetime": {"datetime": "2021-09-19 09:18:41", "elapsed": 26.627965, "delta": 0.491996}}
{"target": -2.1819923168103994, "params": {"C": 132.9269561923719, "epsilon": 0.08084127677745503, "gamma": 0.09900370306733355}, "datetime": {"datetime": "2021-09-19 09:18:42", "elapsed": 27.077924, "delta": 0.449959}}
{"target": -2.087552704974274, "params": {"C": 186.5515171344432, "epsilon": 0.17586733526158033, "gamma": 0.07113489963291034}, "datetime": {"datetime": "2021-09-19 09:18:42", "elapsed": 27.523883, "delta": 0.445959}}
{"target": -1.9642261219486268, "params": {"C": 122.44486113576797, "epsilon": 0.004534688613436836, "gamma": 0.04024816876397973}, "datetime": {"datetime": "2021-09-19 09:18:42", "elapsed": 27.875136, "delta": 0.351253}}
{"target": -2.295311673756759, "params": {"C": 189.03411997143826, "epsilon": 0.24483994509277568, "gamma": 0.10698383955864808}, "datetime": {"datetime": "2021-09-19 09:18:43", "elapsed": 28.217136, "delta": 0.342}}
{"target": -2.0007882351868567, "params": {"C": 99.49364403096129, "epsilon": 0.16501919852474134, "gamma": 0.03678684306655183}, "datetime": {"datetime": "2021-09-19 09:18:43", "elapsed": 28.541136, "delta": 0.324}}
{"target": -1.9482621621403409, "params": {"C": 132.8328276574245, "epsilon": 0.006735400811943593, "gamma": 0.05116074342265567}, "datetime": {"datetime": "2021-09-19 09:18:43", "elapsed": 28.936136, "delta": 0.395}}
{"target": -1.9627071649096854, "params": {"C": 132.78971225767486, "epsilon": 0.06622648414010857, "gamma": 0.06203795420229456}, "datetime": {"datetime": "2021-09-19 09:18:44", "elapsed": 29.317133, "delta": 0.380997}}
{"target": -2.082313497469052, "params": {"C": 165.73168395378963, "epsilon": 0.1751671886182848, "gamma": 0.07287276426963839}, "datetime": {"datetime": "2021-09-19 09:18:44", "elapsed": 29.682177, "delta": 0.365044}}
{"target": -1.957812017975845, "params": {"C": 132.73888411679712, "epsilon": 0.01619594451831844, "gamma": 0.040412850308867834}, "datetime": {"datetime": "2021-09-19 09:18:45", "elapsed": 30.143146, "delta": 0.460969}}
{"target": -2.114772243696844, "params": {"C": 132.83865657626845, "epsilon": 0.05540235379023233, "gamma": 0.02}, "datetime": {"datetime": "2021-09-19 09:18:45", "elapsed": 30.633597, "delta": 0.490451}}
{"target": -2.158600799703555, "params": {"C": 132.75953790268986, "epsilon": 0.02812005022099197, "gamma": 0.09439255558164353}, "datetime": {"datetime": "2021-09-19 09:18:46", "elapsed": 31.072897, "delta": 0.4393}}
{"target": -2.239890811234709, "params": {"C": 160.98704854340235, "epsilon": 0.06296466025877247, "gamma": 0.10560855742024981}, "datetime": {"datetime": "2021-09-19 09:18:46", "elapsed": 31.445939, "delta": 0.373042}}
{"target": -2.017925766719416, "params": {"C": 132.6840778642883, "epsilon": 0.031361254932620194, "gamma": 0.028803126187558425}, "datetime": {"datetime": "2021-09-19 09:18:46", "elapsed": 31.924474, "delta": 0.478535}}
{"target": -1.988599591613817, "params": {"C": 109.37448445189753, "epsilon": 0.060304508454379575, "gamma": 0.03797970275112225}, "datetime": {"datetime": "2021-09-19 09:18:47", "elapsed": 32.266468, "delta": 0.341994}}
{"target": -1.9707310860236864, "params": {"C": 189.46245832689328, "epsilon": 0.01800402837896719, "gamma": 0.03740448315637646}, "datetime": {"datetime": "2021-09-19 09:18:47", "elapsed": 32.642469, "delta": 0.376001}}
{"target": -2.221337638074593, "params": {"C": 122.46245972559781, "epsilon": 0.009577339667044374, "gamma": 0.1090795009197679}, "datetime": {"datetime": "2021-09-19 09:18:48", "elapsed": 33.209061, "delta": 0.566592}}
{"target": -2.0534969802679623, "params": {"C": 105.42941502622492, "epsilon": 0.05437443179247118, "gamma": 0.026447192527920244}, "datetime": {"datetime": "2021-09-19 09:18:48", "elapsed": 33.708062, "delta": 0.499001}}
{"target": -2.112733134750017, "params": {"C": 132.74180689987483, "epsilon": 0.07362921101633794, "gamma": 0.02}, "datetime": {"datetime": "2021-09-19 09:18:49", "elapsed": 34.367054, "delta": 0.658992}}
{"target": -2.019686633763038, "params": {"C": 99.44781036448273, "epsilon": 0.21857045902423272, "gamma": 0.03300059938932039}, "datetime": {"datetime": "2021-09-19 09:18:49", "elapsed": 34.817998, "delta": 0.450944}}
{"target": -2.1102537381339785, "params": {"C": 152.36784030421816, "epsilon": 0.09161874515732138, "gamma": 0.07744593963503156}, "datetime": {"datetime": "2021-09-19 09:18:50", "elapsed": 35.207864, "delta": 0.389866}}
{"target": -1.9422558222082797, "params": {"C": 118.03396129096411, "epsilon": 0.1960262345144914, "gamma": 0.048433727450910846}, "datetime": {"datetime": "2021-09-19 09:18:50", "elapsed": 35.683327, "delta": 0.475463}}
{"target": -2.1829340788341414, "params": {"C": 118.02001814715291, "epsilon": 0.232381186080134, "gamma": 0.09922303237388452}, "datetime": {"datetime": "2021-09-19 09:18:51", "elapsed": 36.167741, "delta": 0.484414}}
{"target": -2.220941865854718, "params": {"C": 132.87168792477692, "epsilon": 0.019466271345818013, "gamma": 0.10757798198697602}, "datetime": {"datetime": "2021-09-19 09:18:51", "elapsed": 36.6379, "delta": 0.470159}}
{"target": -2.0085306396959317, "params": {"C": 133.8637046237555, "epsilon": 0.14911649323343557, "gamma": 0.028660599957939372}, "datetime": {"datetime": "2021-09-19 09:18:52", "elapsed": 37.220659, "delta": 0.582759}}
{"target": -1.9437709532919194, "params": {"C": 118.08755112824717, "epsilon": 0.20208120189609038, "gamma": 0.048999740895653086}, "datetime": {"datetime": "2021-09-19 09:18:52", "elapsed": 37.683905, "delta": 0.463246}}
{"target": -2.188204311192329, "params": {"C": 133.81155777816863, "epsilon": 0.16212188311595596, "gamma": 0.09899642660136852}, "datetime": {"datetime": "2021-09-19 09:18:53", "elapsed": 38.246404, "delta": 0.562499}}
{"target": -2.0284444700435187, "params": {"C": 94.45242733355826, "epsilon": 0.16075714831528407, "gamma": 0.07707219614782183}, "datetime": {"datetime": "2021-09-19 09:18:53", "elapsed": 38.63703, "delta": 0.390626}}
{"target": -2.0430921921874052, "params": {"C": 133.8675037692429, "epsilon": 0.2503395445966478, "gamma": 0.023505814489744672}, "datetime": {"datetime": "2021-09-19 09:18:54", "elapsed": 39.204409, "delta": 0.567379}}
{"target": -1.9542348479118492, "params": {"C": 118.06582490205915, "epsilon": 0.1437212068922665, "gamma": 0.045114369115540516}, "datetime": {"datetime": "2021-09-19 09:18:54", "elapsed": 39.683252, "delta": 0.478843}}
{"target": -2.0236307185257525, "params": {"C": 193.32897334978907, "epsilon": 0.287364045618622, "gamma": 0.06056019700222648}, "datetime": {"datetime": "2021-09-19 09:18:55", "elapsed": 40.073882, "delta": 0.39063}}
{"target": -1.9904987632256173, "params": {"C": 118.12665784426848, "epsilon": 0.17186945157735062, "gamma": 0.03433274406972841}, "datetime": {"datetime": "2021-09-19 09:18:55", "elapsed": 40.701288, "delta": 0.627406}}
{"target": -1.9890958598009705, "params": {"C": 193.28097684834302, "epsilon": 0.2996488376301564, "gamma": 0.04815805915217374}, "datetime": {"datetime": "2021-09-19 09:18:56", "elapsed": 41.19584, "delta": 0.494552}}
{"target": -2.039952298575491, "params": {"C": 160.33244150232565, "epsilon": 0.09075369542198232, "gamma": 0.022762841598258938}, "datetime": {"datetime": "2021-09-19 09:18:56", "elapsed": 41.7997, "delta": 0.60386}}
{"target": -1.970751732227134, "params": {"C": 134.75131712405857, "epsilon": 0.2207562510235962, "gamma": 0.03358029165602279}, "datetime": {"datetime": "2021-09-19 09:18:57", "elapsed": 42.200449, "delta": 0.400749}}
{"target": -1.964801716022506, "params": {"C": 189.47168478686837, "epsilon": 0.08161789871979455, "gamma": 0.04152014497623573}, "datetime": {"datetime": "2021-09-19 09:18:57", "elapsed": 42.700449, "delta": 0.5}}
{"target": -1.9878133551403305, "params": {"C": 189.4097674151644, "epsilon": 0.10039810602200876, "gamma": 0.0537118465671165}, "datetime": {"datetime": "2021-09-19 09:18:58", "elapsed": 43.210709, "delta": 0.51026}}
{"target": -2.125527662185219, "params": {"C": 163.67982984822353, "epsilon": 0.2016390284998575, "gamma": 0.08357137355684842}, "datetime": {"datetime": "2021-09-19 09:18:58", "elapsed": 43.64269, "delta": 0.431981}}
{"target": -2.1508127432889936, "params": {"C": 135.04411619160464, "epsilon": 0.2545316421499034, "gamma": 0.08946132493684512}, "datetime": {"datetime": "2021-09-19 09:18:58", "elapsed": 44.037887, "delta": 0.395197}}
{"target": -1.982675081402047, "params": {"C": 193.26663881188793, "epsilon": 0.23701226350810847, "gamma": 0.04675421590775251}, "datetime": {"datetime": "2021-09-19 09:18:59", "elapsed": 44.684031, "delta": 0.646144}}
{"target": -1.9909621315349033, "params": {"C": 193.32618115505113, "epsilon": 0.2790373200205542, "gamma": 0.04974223143811256}, "datetime": {"datetime": "2021-09-19 09:19:00", "elapsed": 45.119032, "delta": 0.435001}}
{"target": -2.114054268740815, "params": {"C": 189.5116215804681, "epsilon": 0.03772634675936726, "gamma": 0.08259867800036522}, "datetime": {"datetime": "2021-09-19 09:19:00", "elapsed": 45.728076, "delta": 0.609044}}
{"target": -2.07182204633366, "params": {"C": 133.91238627499624, "epsilon": 0.1934709210694231, "gamma": 0.0756995918149912}, "datetime": {"datetime": "2021-09-19 09:19:01", "elapsed": 46.335857, "delta": 0.607781}}
{"target": -2.0356572745996355, "params": {"C": 160.3587918397185, "epsilon": 0.02792526410587675, "gamma": 0.024423975745479665}, "datetime": {"datetime": "2021-09-19 09:19:02", "elapsed": 47.210218, "delta": 0.874361}}
{"target": -1.9744696742879373, "params": {"C": 189.41280450020014, "epsilon": 0.023911584735941918, "gamma": 0.04423312474413129}, "datetime": {"datetime": "2021-09-19 09:19:02", "elapsed": 47.91907, "delta": 0.708852}}
{"target": -1.9785690851862168, "params": {"C": 189.4604146272002, "epsilon": 0.14554715660430959, "gamma": 0.048889848538779396}, "datetime": {"datetime": "2021-09-19 09:19:03", "elapsed": 48.456834, "delta": 0.537764}}
{"target": -1.9651826582289265, "params": {"C": 95.76942817785218, "epsilon": 0.2367419295894406, "gamma": 0.06397235445817602}, "datetime": {"datetime": "2021-09-19 09:19:03", "elapsed": 48.886037, "delta": 0.429203}}
{"target": -2.3087197830488093, "params": {"C": 189.44394910682146, "epsilon": 0.11950442853237984, "gamma": 0.11025557496488646}, "datetime": {"datetime": "2021-09-19 09:19:04", "elapsed": 49.410033, "delta": 0.523996}}
{"target": -2.4140252528771287, "params": {"C": 153.34859872979578, "epsilon": 0.24991390775995692, "gamma": 0.13039234933177019}, "datetime": {"datetime": "2021-09-19 09:19:04", "elapsed": 49.866034, "delta": 0.456001}}
{"target": -2.058927232722431, "params": {"C": 122.3967829657669, "epsilon": 0.029285154721228168, "gamma": 0.024573359886555585}, "datetime": {"datetime": "2021-09-19 09:19:05", "elapsed": 50.476039, "delta": 0.610005}}
{"target": -1.9791809917905088, "params": {"C": 193.309892989871, "epsilon": 0.054612191309402716, "gamma": 0.0508572594997376}, "datetime": {"datetime": "2021-09-19 09:19:05", "elapsed": 50.936441, "delta": 0.460402}}
{"target": -1.9849814203127816, "params": {"C": 140.41674083064981, "epsilon": 0.2466678634168702, "gamma": 0.058833127584391604}, "datetime": {"datetime": "2021-09-19 09:19:06", "elapsed": 51.395916, "delta": 0.459475}}
{"target": -1.9564141169282545, "params": {"C": 134.80233060059328, "epsilon": 0.2441967106390817, "gamma": 0.050701190324721764}, "datetime": {"datetime": "2021-09-19 09:19:06", "elapsed": 51.971961, "delta": 0.576045}}
{"target": -1.9561104886616938, "params": {"C": 134.7514665134827, "epsilon": 0.27711259350485196, "gamma": 0.046513656421269006}, "datetime": {"datetime": "2021-09-19 09:19:07", "elapsed": 52.63096, "delta": 0.658999}}
{"target": -2.0671505474858742, "params": {"C": 134.77038030202215, "epsilon": 0.20421890587528205, "gamma": 0.07480004683893468}, "datetime": {"datetime": "2021-09-19 09:19:08", "elapsed": 53.553962, "delta": 0.923002}}
{"target": -2.0347459058466653, "params": {"C": 189.4157947581317, "epsilon": 0.12838982296153936, "gamma": 0.021665827412943626}, "datetime": {"datetime": "2021-09-19 09:19:09", "elapsed": 54.097942, "delta": 0.54398}}
{"target": -2.1419974896142007, "params": {"C": 109.35771601355944, "epsilon": 0.18212640908941619, "gamma": 0.08918883376474017}, "datetime": {"datetime": "2021-09-19 09:19:09", "elapsed": 54.560104, "delta": 0.462162}}
{"target": -2.1900525277347667, "params": {"C": 95.71680327513914, "epsilon": 0.24196845114050866, "gamma": 0.10275668737091692}, "datetime": {"datetime": "2021-09-19 09:19:10", "elapsed": 55.115699, "delta": 0.555595}}
{"target": -2.050884637552752, "params": {"C": 184.15493137912117, "epsilon": 0.24377775801772858, "gamma": 0.02}, "datetime": {"datetime": "2021-09-19 09:19:10", "elapsed": 55.692699, "delta": 0.577}}
{"target": -1.975664745705887, "params": {"C": 95.8112526259545, "epsilon": 0.28756973212165543, "gamma": 0.04333842343339199}, "datetime": {"datetime": "2021-09-19 09:19:11", "elapsed": 56.437698, "delta": 0.744999}}
{"target": -2.3773948884468523, "params": {"C": 104.86545342044226, "epsilon": 0.09317921162960106, "gamma": 0.14027484907294113}, "datetime": {"datetime": "2021-09-19 09:19:11", "elapsed": 56.910008, "delta": 0.47231}}
{"target": -1.9999613562504723, "params": {"C": 95.83528841278797, "epsilon": 0.21298936606708993, "gamma": 0.038085399055657235}, "datetime": {"datetime": "2021-09-19 09:19:12", "elapsed": 57.518007, "delta": 0.607999}}
{"target": -2.008521230291352, "params": {"C": 95.7838929334036, "epsilon": 0.18866803452049122, "gamma": 0.03656064094666675}, "datetime": {"datetime": "2021-09-19 09:19:13", "elapsed": 58.427278, "delta": 0.909271}}
{"target": -1.968797351768742, "params": {"C": 166.8655550339343, "epsilon": 0.09348197734004957, "gamma": 0.03698939791932183}, "datetime": {"datetime": "2021-09-19 09:19:13", "elapsed": 58.91728, "delta": 0.490002}}
{"target": -1.962589852469316, "params": {"C": 144.91115547824006, "epsilon": 0.06689051904047168, "gamma": 0.05297294604321709}, "datetime": {"datetime": "2021-09-19 09:19:14", "elapsed": 59.413269, "delta": 0.495989}}
{"target": -2.0816421803649665, "params": {"C": 140.41628084570257, "epsilon": 0.1985977712436676, "gamma": 0.020597020175904392}, "datetime": {"datetime": "2021-09-19 09:19:15", "elapsed": 60.236817, "delta": 0.823548}}
{"target": -2.2748027228167547, "params": {"C": 118.22984369586784, "epsilon": 0.20819770475965033, "gamma": 0.1156237260899666}, "datetime": {"datetime": "2021-09-19 09:19:15", "elapsed": 60.714334, "delta": 0.477517}}
{"target": -2.193042979996092, "params": {"C": 115.77414979374885, "epsilon": 0.0718312157706767, "gamma": 0.10362050607025261}, "datetime": {"datetime": "2021-09-19 09:19:16", "elapsed": 61.240336, "delta": 0.526002}}
{"target": -2.2856018690870075, "params": {"C": 95.82330492509737, "epsilon": 0.26464852971153685, "gamma": 0.12014625775827138}, "datetime": {"datetime": "2021-09-19 09:19:16", "elapsed": 61.911509, "delta": 0.671173}}
{"target": -1.998121586039103, "params": {"C": 155.19617801608348, "epsilon": 0.2484210564978825, "gamma": 0.0633354064595282}, "datetime": {"datetime": "2021-09-19 09:19:17", "elapsed": 62.419507, "delta": 0.507998}}
{"target": -2.1185725300882723, "params": {"C": 95.80058053274541, "epsilon": 0.2514959706927397, "gamma": 0.021026222926172577}, "datetime": {"datetime": "2021-09-19 09:19:18", "elapsed": 63.190029, "delta": 0.770522}}
{"target": -2.1584346747138556, "params": {"C": 144.94375918994825, "epsilon": 0.07540014591920031, "gamma": 0.09414078171410235}, "datetime": {"datetime": "2021-09-19 09:19:18", "elapsed": 63.851027, "delta": 0.660998}}
{"target": -2.1235915700504533, "params": {"C": 132.82244677259845, "epsilon": 0.11103173348026131, "gamma": 0.08185564767320887}, "datetime": {"datetime": "2021-09-19 09:19:19", "elapsed": 64.482517, "delta": 0.63149}}
{"target": -1.990490989109666, "params": {"C": 101.20718015319925, "epsilon": 0.011501422142949153, "gamma": 0.040032957542615225}, "datetime": {"datetime": "2021-09-19 09:19:19", "elapsed": 64.982552, "delta": 0.500035}}
{"target": -2.112471072113619, "params": {"C": 183.33960062632315, "epsilon": 0.04599455738924007, "gamma": 0.08176125702143174}, "datetime": {"datetime": "2021-09-19 09:19:20", "elapsed": 65.518436, "delta": 0.535884}}
{"target": -2.0531313233380373, "params": {"C": 189.52132137064177, "epsilon": 0.11019523367893803, "gamma": 0.02052819789411327}, "datetime": {"datetime": "2021-09-19 09:19:21", "elapsed": 66.159064, "delta": 0.640628}}
