{"target": -10.687362178633679, "params": {"C": 219.7482122510202, "epsilon": 0.08085234560296886, "gamma": 0.03325677000939608}, "datetime": {"datetime": "2021-09-27 18:19:13", "elapsed": 37.741444, "delta": 0.620898}}
{"target": -11.176916917713537, "params": {"C": 160.55203186145602, "epsilon": 0.020513229267492154, "gamma": 0.07340658527114739}, "datetime": {"datetime": "2021-09-27 18:19:14", "elapsed": 38.340484, "delta": 0.59904}}
{"target": -11.336126232670935, "params": {"C": 227.8210123306319, "epsilon": 0.04966010531860647, "gamma": 0.058256361649479206}, "datetime": {"datetime": "2021-09-27 18:19:14", "elapsed": 38.842479, "delta": 0.501995}}
{"target": -11.1449803609977, "params": {"C": 150.87533879626463, "epsilon": 0.3735200979811557, "gamma": 0.014767280299573884}, "datetime": {"datetime": "2021-09-27 18:19:15", "elapsed": 39.29348, "delta": 0.451001}}
{"target": -10.829828054339078, "params": {"C": 150.90247304001815, "epsilon": 0.45343764082565197, "gamma": 0.027959457632887208}, "datetime": {"datetime": "2021-09-27 18:19:15", "elapsed": 39.761056, "delta": 0.467576}}
{"target": -12.591669806585475, "params": {"C": 179.71415914000224, "epsilon": 0.3280291605935408, "gamma": 0.11438945873069364}, "datetime": {"datetime": "2021-09-27 18:19:16", "elapsed": 40.344057, "delta": 0.583001}}
{"target": -10.549685624362192, "params": {"C": 151.13565150680668, "epsilon": 0.3428509147010702, "gamma": 0.05474507273517568}, "datetime": {"datetime": "2021-09-27 18:19:16", "elapsed": 41.006062, "delta": 0.662005}}
{"target": -11.009392329598535, "params": {"C": 150.8130426935863, "epsilon": 0.47811672181187775, "gamma": 0.0878311893535948}, "datetime": {"datetime": "2021-09-27 18:19:17", "elapsed": 41.523059, "delta": 0.516997}}
{"target": -11.378006780311178, "params": {"C": 151.04776678556865, "epsilon": 0.2290843570262781, "gamma": 0.012609547793946768}, "datetime": {"datetime": "2021-09-27 18:19:17", "elapsed": 42.022734, "delta": 0.499675}}
{"target": -11.04117228845316, "params": {"C": 158.9906566104872, "epsilon": 0.0043519826773727325, "gamma": 0.06314630259098394}, "datetime": {"datetime": "2021-09-27 18:19:18", "elapsed": 42.479735, "delta": 0.457001}}
{"target": -15.010717375867442, "params": {"C": 280.0620363117059, "epsilon": 0.40746808238885424, "gamma": 0.2679734767992353}, "datetime": {"datetime": "2021-09-27 18:19:18", "elapsed": 43.017728, "delta": 0.537993}}
{"target": -10.193809915957965, "params": {"C": 117.26117096538415, "epsilon": 0.27356744074670536, "gamma": 0.05252269525810909}, "datetime": {"datetime": "2021-09-27 18:19:19", "elapsed": 43.62739, "delta": 0.609662}}
{"target": -10.98210665539418, "params": {"C": 206.4337364196956, "epsilon": 0.4713787589178913, "gamma": 0.07544562778315468}, "datetime": {"datetime": "2021-09-27 18:19:20", "elapsed": 44.221172, "delta": 0.593782}}
{"target": -11.944446492138267, "params": {"C": 150.9009616090674, "epsilon": 0.44271197769945014, "gamma": 0.10536519958776612}, "datetime": {"datetime": "2021-09-27 18:19:20", "elapsed": 44.80917, "delta": 0.587998}}
{"target": -13.91099259592345, "params": {"C": 237.69397082507203, "epsilon": 0.2905908643969147, "gamma": 0.16327871495065938}, "datetime": {"datetime": "2021-09-27 18:19:21", "elapsed": 45.632172, "delta": 0.823002}}
{"target": -13.457399252983187, "params": {"C": 206.33280574027185, "epsilon": 0.4123707071779372, "gamma": 0.13943151950010874}, "datetime": {"datetime": "2021-09-27 18:19:22", "elapsed": 46.312351, "delta": 0.680179}}
{"target": -12.896222199473687, "params": {"C": 154.6783362408637, "epsilon": 0.3152831035635454, "gamma": 0.12846158515086403}, "datetime": {"datetime": "2021-09-27 18:19:22", "elapsed": 46.947354, "delta": 0.635003}}
{"target": -10.552344233150238, "params": {"C": 117.27214630979361, "epsilon": 0.3927039018405636, "gamma": 0.062460204417720024}, "datetime": {"datetime": "2021-09-27 18:19:23", "elapsed": 47.416354, "delta": 0.469}}
{"target": -14.72832390933288, "params": {"C": 229.06736098800425, "epsilon": 0.10236924048107504, "gamma": 0.2637524185436898}, "datetime": {"datetime": "2021-09-27 18:19:23", "elapsed": 48.014162, "delta": 0.597808}}
{"target": -11.178668252288878, "params": {"C": 160.50792623393875, "epsilon": 0.07142881762742175, "gamma": 0.07847524988358857}, "datetime": {"datetime": "2021-09-27 18:19:24", "elapsed": 48.781923, "delta": 0.767761}}
{"target": -10.532838642883483, "params": {"C": 135.22633536708642, "epsilon": 0.09790679119578641, "gamma": 0.056183856905367514}, "datetime": {"datetime": "2021-09-27 18:19:25", "elapsed": 49.35492, "delta": 0.572997}}
{"target": -11.54626542552181, "params": {"C": 280.84083332162413, "epsilon": 0.026947026129683544, "gamma": 0.054418375226109296}, "datetime": {"datetime": "2021-09-27 18:19:25", "elapsed": 50.03092, "delta": 0.676}}
{"target": -11.416287723904672, "params": {"C": 135.23703432527458, "epsilon": 0.04458195470631022, "gamma": 0.09570383947403967}, "datetime": {"datetime": "2021-09-27 18:19:26", "elapsed": 50.618926, "delta": 0.588006}}
{"target": -11.032230114759386, "params": {"C": 117.17160091973504, "epsilon": 0.4018867094575224, "gamma": 0.09123343237976628}, "datetime": {"datetime": "2021-09-27 18:19:27", "elapsed": 51.219925, "delta": 0.600999}}
{"target": -10.365420630641871, "params": {"C": 117.21858210470744, "epsilon": 0.3839127228105597, "gamma": 0.03788949608668991}, "datetime": {"datetime": "2021-09-27 18:19:27", "elapsed": 51.89392, "delta": 0.673995}}
{"target": -10.777853027354848, "params": {"C": 117.27080028699464, "epsilon": 0.33171534478445897, "gamma": 0.031302218639870344}, "datetime": {"datetime": "2021-09-27 18:19:28", "elapsed": 52.70092, "delta": 0.807}}
{"target": -13.904477495586784, "params": {"C": 213.39607328039665, "epsilon": 0.15043694867162735, "gamma": 0.17731484549521226}, "datetime": {"datetime": "2021-09-27 18:19:29", "elapsed": 53.302574, "delta": 0.601654}}
{"target": -11.006571464591223, "params": {"C": 135.14361127102867, "epsilon": 0.10421403571725193, "gamma": 0.07866979606487544}, "datetime": {"datetime": "2021-09-27 18:19:29", "elapsed": 54.055016, "delta": 0.752442}}
{"target": -11.010890018500993, "params": {"C": 135.19414706228778, "epsilon": 0.18539196072101344, "gamma": 0.029473453132142405}, "datetime": {"datetime": "2021-09-27 18:19:30", "elapsed": 54.724015, "delta": 0.668999}}
{"target": -12.286835824839219, "params": {"C": 151.04220658652156, "epsilon": 0.38876948596343025, "gamma": 0.11252905273106589}, "datetime": {"datetime": "2021-09-27 18:19:31", "elapsed": 55.444022, "delta": 0.720007}}
{"target": -10.923386677047157, "params": {"C": 154.82140034674484, "epsilon": 0.4131438853024146, "gamma": 0.08347293138007993}, "datetime": {"datetime": "2021-09-27 18:19:32", "elapsed": 56.150954, "delta": 0.706932}}
{"target": -10.413818534996285, "params": {"C": 117.23128705781215, "epsilon": 0.43742573434301363, "gamma": 0.05592414323934224}, "datetime": {"datetime": "2021-09-27 18:19:32", "elapsed": 56.849957, "delta": 0.699003}}
{"target": -11.291463739089865, "params": {"C": 206.51818819441772, "epsilon": 0.4549918313552624, "gamma": 0.08508781585390958}, "datetime": {"datetime": "2021-09-27 18:19:33", "elapsed": 57.792189, "delta": 0.942232}}
{"target": -13.43102414368888, "params": {"C": 108.09532242465139, "epsilon": 0.2664177800094312, "gamma": 0.17616774048446857}, "datetime": {"datetime": "2021-09-27 18:19:34", "elapsed": 58.400822, "delta": 0.608633}}
{"target": -15.00814127185143, "params": {"C": 195.4683594692894, "epsilon": 0.487932228992703, "gamma": 0.3638950163533441}, "datetime": {"datetime": "2021-09-27 18:19:34", "elapsed": 59.01683, "delta": 0.616008}}
{"target": -10.427777579750563, "params": {"C": 154.88221678189262, "epsilon": 0.3517428465344275, "gamma": 0.049434464725766826}, "datetime": {"datetime": "2021-09-27 18:19:36", "elapsed": 60.069741, "delta": 1.052911}}
{"target": -14.952602546395871, "params": {"C": 255.75737271933002, "epsilon": 0.27729343144209057, "gamma": 0.33943646872422095}, "datetime": {"datetime": "2021-09-27 18:19:36", "elapsed": 60.653742, "delta": 0.584001}}
{"target": -10.930203565746936, "params": {"C": 154.9198183249395, "epsilon": 0.4121214455901101, "gamma": 0.07275087323214335}, "datetime": {"datetime": "2021-09-27 18:19:37", "elapsed": 61.985591, "delta": 1.331849}}
{"target": -10.775061071088002, "params": {"C": 219.74241510646476, "epsilon": 0.014434099116121236, "gamma": 0.04256144689978194}, "datetime": {"datetime": "2021-09-27 18:19:38", "elapsed": 62.722586, "delta": 0.736995}}
{"target": -11.386689209506088, "params": {"C": 245.29923668657287, "epsilon": 0.2872891479206894, "gamma": 0.012308239914428167}, "datetime": {"datetime": "2021-09-27 18:19:39", "elapsed": 63.574766, "delta": 0.85218}}
{"target": -10.412243418144664, "params": {"C": 181.36603113465196, "epsilon": 0.367067281498979, "gamma": 0.04268104900579303}, "datetime": {"datetime": "2021-09-27 18:19:40", "elapsed": 64.324491, "delta": 0.749725}}
{"target": -11.297903689927258, "params": {"C": 154.83761788205658, "epsilon": 0.47896492927439116, "gamma": 0.01251239289691285}, "datetime": {"datetime": "2021-09-27 18:19:41", "elapsed": 65.073496, "delta": 0.749005}}
{"target": -12.016226915653334, "params": {"C": 154.9329048327131, "epsilon": 0.3532840600937697, "gamma": 0.0032915015850348483}, "datetime": {"datetime": "2021-09-27 18:19:41", "elapsed": 65.874291, "delta": 0.800795}}
{"target": -10.897043352787325, "params": {"C": 135.2825172388712, "epsilon": 0.1849412586651401, "gamma": 0.07338141224778233}, "datetime": {"datetime": "2021-09-27 18:19:42", "elapsed": 66.62429, "delta": 0.749999}}
{"target": -14.149111349324322, "params": {"C": 181.89839307564478, "epsilon": 0.42372606681455277, "gamma": 0.21419283576770157}, "datetime": {"datetime": "2021-09-27 18:19:43", "elapsed": 67.197302, "delta": 0.573012}}
{"target": -10.26699849981019, "params": {"C": 154.63110440312778, "epsilon": 0.31223963029057256, "gamma": 0.043461347651987794}, "datetime": {"datetime": "2021-09-27 18:19:43", "elapsed": 67.706328, "delta": 0.509026}}
{"target": -15.039533867222238, "params": {"C": 205.82145401618033, "epsilon": 0.07082980787486746, "gamma": 0.37173224847666403}, "datetime": {"datetime": "2021-09-27 18:19:44", "elapsed": 68.329204, "delta": 0.622876}}
{"target": -11.22847292370312, "params": {"C": 181.4463327416492, "epsilon": 0.3827576964615368, "gamma": 0.02217335448963611}, "datetime": {"datetime": "2021-09-27 18:19:45", "elapsed": 69.310207, "delta": 0.981003}}
{"target": -10.978004357853955, "params": {"C": 150.9125454444466, "epsilon": 0.36978743649736395, "gamma": 0.019935192314745755}, "datetime": {"datetime": "2021-09-27 18:19:45", "elapsed": 69.924455, "delta": 0.614248}}
{"target": -10.966515541554477, "params": {"C": 181.3962991735742, "epsilon": 0.2963259679929537, "gamma": 0.061786719740095336}, "datetime": {"datetime": "2021-09-27 18:19:46", "elapsed": 70.934452, "delta": 1.009997}}
{"target": -12.335909914003865, "params": {"C": 181.31243849889808, "epsilon": 0.3655993221050855, "gamma": 0.10795055253123821}, "datetime": {"datetime": "2021-09-27 18:19:47", "elapsed": 71.676452, "delta": 0.742}}
{"target": -11.040924761253256, "params": {"C": 135.2781540858589, "epsilon": 0.13254280116665454, "gamma": 0.020974454046589503}, "datetime": {"datetime": "2021-09-27 18:19:48", "elapsed": 72.335251, "delta": 0.658799}}
{"target": -13.339833246446755, "params": {"C": 135.11556647792736, "epsilon": 0.2201268269293186, "gamma": 0.1563456671085964}, "datetime": {"datetime": "2021-09-27 18:19:48", "elapsed": 72.873292, "delta": 0.538041}}
{"target": -11.001413210600697, "params": {"C": 154.83349771194668, "epsilon": 0.34261955004984357, "gamma": 0.08371610353114778}, "datetime": {"datetime": "2021-09-27 18:19:49", "elapsed": 73.619884, "delta": 0.746592}}
{"target": -14.923227926813523, "params": {"C": 215.17927041781053, "epsilon": 0.41597973989665255, "gamma": 0.3398195952567408}, "datetime": {"datetime": "2021-09-27 18:19:50", "elapsed": 74.223534, "delta": 0.60365}}
{"target": -14.4616785951564, "params": {"C": 117.16364874864712, "epsilon": 0.44509447312001177, "gamma": 0.001}, "datetime": {"datetime": "2021-09-27 18:19:51", "elapsed": 75.422528, "delta": 1.198994}}
{"target": -12.451240726807029, "params": {"C": 287.83616907249274, "epsilon": 0.0883578336764108, "gamma": 0.0957080503107331}, "datetime": {"datetime": "2021-09-27 18:19:52", "elapsed": 76.130822, "delta": 0.708294}}
{"target": -12.837965654015038, "params": {"C": 191.66680151027242, "epsilon": 0.41053444604729333, "gamma": 0.12018783004747886}, "datetime": {"datetime": "2021-09-27 18:19:52", "elapsed": 76.854834, "delta": 0.724012}}
{"target": -11.11394105687239, "params": {"C": 154.91601298178284, "epsilon": 0.15983659655059476, "gamma": 0.018396837946004288}, "datetime": {"datetime": "2021-09-27 18:19:53", "elapsed": 77.958385, "delta": 1.103551}}
{"target": -11.20875883122153, "params": {"C": 181.3535117552589, "epsilon": 0.46305529865288847, "gamma": 0.021818113274971754}, "datetime": {"datetime": "2021-09-27 18:19:54", "elapsed": 78.865224, "delta": 0.906839}}
{"target": -13.133267047393124, "params": {"C": 117.25415133773471, "epsilon": 0.49253246109596377, "gamma": 0.15750775333542336}, "datetime": {"datetime": "2021-09-27 18:19:55", "elapsed": 79.851463, "delta": 0.986239}}
{"target": -12.246031017029848, "params": {"C": 245.35315120212587, "epsilon": 0.3355578676829186, "gamma": 0.09742975075143291}, "datetime": {"datetime": "2021-09-27 18:19:56", "elapsed": 80.748463, "delta": 0.897}}
{"target": -14.21556800316004, "params": {"C": 150.80118380859898, "epsilon": 0.45814161322848634, "gamma": 0.001}, "datetime": {"datetime": "2021-09-27 18:19:57", "elapsed": 81.938091, "delta": 1.189628}}
{"target": -10.944574094701432, "params": {"C": 154.8646770478189, "epsilon": 0.40020177892283654, "gamma": 0.017017207918424482}, "datetime": {"datetime": "2021-09-27 18:19:58", "elapsed": 82.847152, "delta": 0.909061}}
{"target": -11.57946389161897, "params": {"C": 181.39339804067708, "epsilon": 0.469623036556732, "gamma": 0.09316458799056548}, "datetime": {"datetime": "2021-09-27 18:19:59", "elapsed": 84.018202, "delta": 1.17105}}
{"target": -13.107473804919904, "params": {"C": 159.01788193927968, "epsilon": 0.052213948416040386, "gamma": 0.13953778426469857}, "datetime": {"datetime": "2021-09-27 18:20:00", "elapsed": 84.997199, "delta": 0.978997}}
{"target": -14.888835976947876, "params": {"C": 127.02809712807684, "epsilon": 0.15305465736119991, "gamma": 0.3701512675392578}, "datetime": {"datetime": "2021-09-27 18:20:01", "elapsed": 85.723196, "delta": 0.725997}}
{"target": -11.300589216313995, "params": {"C": 135.16692582029546, "epsilon": 0.05011096421003471, "gamma": 0.016074116719944177}, "datetime": {"datetime": "2021-09-27 18:20:02", "elapsed": 87.018871, "delta": 1.295675}}
{"target": -10.270707863599684, "params": {"C": 135.253049127959, "epsilon": 0.2717229437096802, "gamma": 0.049866435197555715}, "datetime": {"datetime": "2021-09-27 18:20:05", "elapsed": 89.176209, "delta": 2.157338}}
{"target": -11.156168553298004, "params": {"C": 239.75555460715327, "epsilon": 0.15356255192043886, "gamma": 0.05314438284468776}, "datetime": {"datetime": "2021-09-27 18:20:05", "elapsed": 90.019461, "delta": 0.843252}}
{"target": -12.126920016009093, "params": {"C": 199.838464505891, "epsilon": 0.10895493445748924, "gamma": 0.10220158054802785}, "datetime": {"datetime": "2021-09-27 18:20:06", "elapsed": 91.01873, "delta": 0.999269}}
{"target": -12.116170328330718, "params": {"C": 135.30631364744332, "epsilon": 0.2596633456153706, "gamma": 0.11477555798504285}, "datetime": {"datetime": "2021-09-27 18:20:08", "elapsed": 92.30173, "delta": 1.283}}
{"target": -14.730538827166818, "params": {"C": 151.32698853794153, "epsilon": 0.3460001094273463, "gamma": 0.29449128238382055}, "datetime": {"datetime": "2021-09-27 18:20:09", "elapsed": 93.349931, "delta": 1.048201}}
{"target": -14.151182537972652, "params": {"C": 146.86209053408882, "epsilon": 0.11724303612000432, "gamma": 0.2576506301694676}, "datetime": {"datetime": "2021-09-27 18:20:10", "elapsed": 94.460483, "delta": 1.110552}}
{"target": -10.719830268175775, "params": {"C": 135.263921878929, "epsilon": 0.31726580098874174, "gamma": 0.03152018694790842}, "datetime": {"datetime": "2021-09-27 18:20:11", "elapsed": 95.361483, "delta": 0.901}}
{"target": -13.430862790916901, "params": {"C": 218.53850548378813, "epsilon": 0.41347545685668274, "gamma": 0.1340063629027058}, "datetime": {"datetime": "2021-09-27 18:20:12", "elapsed": 96.105486, "delta": 0.744003}}
{"target": -10.925196900000156, "params": {"C": 154.85420231389207, "epsilon": 0.22487399669192298, "gamma": 0.028715454715874042}, "datetime": {"datetime": "2021-09-27 18:20:12", "elapsed": 96.996484, "delta": 0.890998}}
{"target": -10.849776578566535, "params": {"C": 135.21456483426627, "epsilon": 0.3814472654216948, "gamma": 0.07170863599467758}, "datetime": {"datetime": "2021-09-27 18:20:13", "elapsed": 97.928861, "delta": 0.932377}}
{"target": -10.702692223875546, "params": {"C": 135.1303507366509, "epsilon": 0.3673097088726558, "gamma": 0.06334954278704351}, "datetime": {"datetime": "2021-09-27 18:20:14", "elapsed": 98.830951, "delta": 0.90209}}
{"target": -11.017069106923012, "params": {"C": 206.45500488312496, "epsilon": 0.39834192924702544, "gamma": 0.07760720357675988}, "datetime": {"datetime": "2021-09-27 18:20:15", "elapsed": 99.621695, "delta": 0.790744}}
{"target": -14.265689888904125, "params": {"C": 269.70836477513296, "epsilon": 0.0739016081841648, "gamma": 0.19055955039654818}, "datetime": {"datetime": "2021-09-27 18:20:16", "elapsed": 100.508698, "delta": 0.887003}}
{"target": -10.949529625519268, "params": {"C": 135.15130347593077, "epsilon": 0.2976658713181526, "gamma": 0.028527621701259973}, "datetime": {"datetime": "2021-09-27 18:20:17", "elapsed": 101.336696, "delta": 0.827998}}
{"target": -11.00277369564521, "params": {"C": 135.22601937970185, "epsilon": 0.4515031725760264, "gamma": 0.02352921523777057}, "datetime": {"datetime": "2021-09-27 18:20:18", "elapsed": 102.341691, "delta": 1.004995}}
{"target": -11.486304529167471, "params": {"C": 219.57061303438712, "epsilon": 0.0001, "gamma": 0.06587447523612024}, "datetime": {"datetime": "2021-09-27 18:20:19", "elapsed": 103.734494, "delta": 1.392803}}
{"target": -13.516396810419021, "params": {"C": 135.12165505409988, "epsilon": 0.38734975728075854, "gamma": 0.16841391912615464}, "datetime": {"datetime": "2021-09-27 18:20:20", "elapsed": 104.70026, "delta": 0.965766}}
{"target": -12.561070079619732, "params": {"C": 181.4328032218471, "epsilon": 0.3617772027055943, "gamma": 0.11308215936770376}, "datetime": {"datetime": "2021-09-27 18:20:21", "elapsed": 105.756261, "delta": 1.056001}}
{"target": -10.284284518405025, "params": {"C": 135.15749718861304, "epsilon": 0.4571653480440037, "gamma": 0.04633559011715946}, "datetime": {"datetime": "2021-09-27 18:20:22", "elapsed": 106.569162, "delta": 0.812901}}
{"target": -14.796278018805603, "params": {"C": 285.0575808557426, "epsilon": 0.3709344189220245, "gamma": 0.21532418426868907}, "datetime": {"datetime": "2021-09-27 18:20:23", "elapsed": 107.423162, "delta": 0.854}}
{"target": -13.786836734401964, "params": {"C": 245.27098881504472, "epsilon": 0.3855096695377701, "gamma": 0.001}, "datetime": {"datetime": "2021-09-27 18:20:24", "elapsed": 108.332727, "delta": 0.909565}}
{"target": -10.855168195543852, "params": {"C": 239.81542613671937, "epsilon": 0.07177475828019056, "gamma": 0.03753953094038711}, "datetime": {"datetime": "2021-09-27 18:20:25", "elapsed": 109.440724, "delta": 1.107997}}
{"target": -13.552456743896007, "params": {"C": 239.84835998157914, "epsilon": 0.10541417249510135, "gamma": 0.13489064568047887}, "datetime": {"datetime": "2021-09-27 18:20:26", "elapsed": 110.816025, "delta": 1.375301}}
{"target": -10.503685877308563, "params": {"C": 102.7769699619272, "epsilon": 0.3730042242813163, "gamma": 0.035657723760301706}, "datetime": {"datetime": "2021-09-27 18:20:27", "elapsed": 111.520022, "delta": 0.703997}}
{"target": -11.285706525989818, "params": {"C": 102.81226499922968, "epsilon": 0.3298977129351428, "gamma": 0.09851398420151274}, "datetime": {"datetime": "2021-09-27 18:20:28", "elapsed": 112.738615, "delta": 1.218593}}
{"target": -11.516240369763038, "params": {"C": 102.8285640744276, "epsilon": 0.4150041274043399, "gamma": 0.10840324115200971}, "datetime": {"datetime": "2021-09-27 18:20:29", "elapsed": 113.839257, "delta": 1.100642}}
{"target": -13.37342951629469, "params": {"C": 167.79536095594312, "epsilon": 0.15794528858985857, "gamma": 0.14589206066243052}, "datetime": {"datetime": "2021-09-27 18:20:30", "elapsed": 114.780569, "delta": 0.941312}}
{"target": -12.765917380889494, "params": {"C": 135.18016375368188, "epsilon": 0.4105768915232261, "gamma": 0.00214795687322201}, "datetime": {"datetime": "2021-09-27 18:20:31", "elapsed": 115.66157, "delta": 0.881001}}
{"target": -10.97832346879963, "params": {"C": 135.20029926856094, "epsilon": 0.4964900014226585, "gamma": 0.08943714657108934}, "datetime": {"datetime": "2021-09-27 18:20:32", "elapsed": 116.924074, "delta": 1.262504}}
{"target": -11.219642886297402, "params": {"C": 181.3055209350929, "epsilon": 0.3332560848183329, "gamma": 0.014330951217134576}, "datetime": {"datetime": "2021-09-27 18:20:33", "elapsed": 117.868077, "delta": 0.944003}}
{"target": -11.578176681220306, "params": {"C": 239.69544269538468, "epsilon": 0.041888299608623766, "gamma": 0.0711580218170408}, "datetime": {"datetime": "2021-09-27 18:20:34", "elapsed": 118.911427, "delta": 1.04335}}
{"target": -10.83807950004732, "params": {"C": 165.65906577719073, "epsilon": 0.2090839511206137, "gamma": 0.029386049104086792}, "datetime": {"datetime": "2021-09-27 18:20:35", "elapsed": 119.661427, "delta": 0.75}}
