{"target": -3.1218398012608355, "params": {"C": 18.646793152445557, "epsilon": 3.8024974869802466, "gamma": 0.20074226247619584}, "datetime": {"datetime": "2021-09-18 08:46:05", "elapsed": 152.845436, "delta": 1.132683}}
{"target": -4.328153228739764, "params": {"C": 20.190447889099847, "epsilon": 0.8848059844670991, "gamma": 1.1214860610188462}, "datetime": {"datetime": "2021-09-18 08:46:06", "elapsed": 154.177417, "delta": 1.331981}}
{"target": -5.297165501570322, "params": {"C": 19.13996120334558, "epsilon": 3.2995083305909563, "gamma": 1.4797851461416909}, "datetime": {"datetime": "2021-09-18 08:46:07", "elapsed": 155.204483, "delta": 1.027066}}
{"target": -3.548225595692848, "params": {"C": 37.752014924592345, "epsilon": 0.671946067204413, "gamma": 0.7837424623955508}, "datetime": {"datetime": "2021-09-18 08:46:09", "elapsed": 156.369494, "delta": 1.165011}}
{"target": -2.2082773958766637, "params": {"C": 42.350703532254194, "epsilon": 1.6672378815574906, "gamma": 0.06727724544320132}, "datetime": {"datetime": "2021-09-18 08:46:10", "elapsed": 157.475279, "delta": 1.105785}}
{"target": -3.9536719452748166, "params": {"C": 41.76923377016895, "epsilon": 1.2724951174371213, "gamma": 0.9271164593249628}, "datetime": {"datetime": "2021-09-18 08:46:11", "elapsed": 158.908089, "delta": 1.43281}}
{"target": -4.356852058243199, "params": {"C": 20.858730815406645, "epsilon": 3.743203178432271, "gamma": 0.7434556173536505}, "datetime": {"datetime": "2021-09-18 08:46:12", "elapsed": 160.208126, "delta": 1.300037}}
{"target": -4.8453819485385585, "params": {"C": 43.445649305821874, "epsilon": 1.4483847433876986, "gamma": 0.0001}, "datetime": {"datetime": "2021-09-18 08:46:14", "elapsed": 161.340877, "delta": 1.132751}}
{"target": -3.775462150779271, "params": {"C": 47.6098845576262, "epsilon": 0.9893342091755577, "gamma": 0.8608977046444719}, "datetime": {"datetime": "2021-09-18 08:46:15", "elapsed": 162.857717, "delta": 1.51684}}
{"target": -3.524156670232667, "params": {"C": 39.262811786919386, "epsilon": 0.12421295166935646, "gamma": 0.7976007418641562}, "datetime": {"datetime": "2021-09-18 08:46:16", "elapsed": 164.113971, "delta": 1.256254}}
{"target": -3.2883477950307216, "params": {"C": 12.45487302032631, "epsilon": 0.09614989020471952, "gamma": 0.5020518126852755}, "datetime": {"datetime": "2021-09-18 08:46:18", "elapsed": 165.364612, "delta": 1.250641}}
{"target": -2.6970370488985664, "params": {"C": 36.271875939515226, "epsilon": 1.8177084230470022, "gamma": 0.2909364237573562}, "datetime": {"datetime": "2021-09-18 08:46:19", "elapsed": 166.623281, "delta": 1.258669}}
{"target": -2.8003951068197406, "params": {"C": 38.87331492523577, "epsilon": 0.7677862231504572, "gamma": 0.005324024721652572}, "datetime": {"datetime": "2021-09-18 08:46:20", "elapsed": 167.938322, "delta": 1.315041}}
{"target": -2.967212768186861, "params": {"C": 42.60209030083263, "epsilon": 2.4909605639877195, "gamma": 0.3585253917192726}, "datetime": {"datetime": "2021-09-18 08:46:21", "elapsed": 169.154683, "delta": 1.216361}}
{"target": -5.8192815838473955, "params": {"C": 45.87753093894557, "epsilon": 4.517356284169617, "gamma": 1.6687909296743813}, "datetime": {"datetime": "2021-09-18 08:46:23", "elapsed": 170.353488, "delta": 1.198805}}
{"target": -2.2600789063228373, "params": {"C": 29.658580415488228, "epsilon": 1.304367172994419, "gamma": 0.0623793383951602}, "datetime": {"datetime": "2021-09-18 08:46:24", "elapsed": 171.586853, "delta": 1.233365}}
{"target": -2.7604884122037365, "params": {"C": 30.785891030700146, "epsilon": 0.4376980534521548, "gamma": 0.006477958422590136}, "datetime": {"datetime": "2021-09-18 08:46:25", "elapsed": 172.761352, "delta": 1.174499}}
{"target": -4.142402734602021, "params": {"C": 29.99628211797106, "epsilon": 0.45858792886674526, "gamma": 1.1449052889971667}, "datetime": {"datetime": "2021-09-18 08:46:26", "elapsed": 174.241662, "delta": 1.48031}}
{"target": -5.551201109920168, "params": {"C": 19.77127576747571, "epsilon": 0.9042913294841709, "gamma": 0.0001}, "datetime": {"datetime": "2021-09-18 08:46:28", "elapsed": 175.574997, "delta": 1.333335}}
{"target": -2.5404015451709063, "params": {"C": 29.589545932425168, "epsilon": 2.6197192905586952, "gamma": 0.03223712552990713}, "datetime": {"datetime": "2021-09-18 08:46:29", "elapsed": 176.939369, "delta": 1.364372}}
{"target": -3.6848920249825206, "params": {"C": 31.010691217614298, "epsilon": 1.3318491260723229, "gamma": 0.7873815436421404}, "datetime": {"datetime": "2021-09-18 08:46:31", "elapsed": 178.445993, "delta": 1.506624}}
{"target": -3.02376185101128, "params": {"C": 32.13602691364857, "epsilon": 0.67684546452024, "gamma": 0.53953467317642}, "datetime": {"datetime": "2021-09-18 08:46:32", "elapsed": 179.671111, "delta": 1.225118}}
{"target": -4.45243869876241, "params": {"C": 33.58643222826008, "epsilon": 1.6205993864364465, "gamma": 1.2082270183282857}, "datetime": {"datetime": "2021-09-18 08:46:33", "elapsed": 180.939776, "delta": 1.268665}}
{"target": -2.7824633825913305, "params": {"C": 48.33220262415276, "epsilon": 2.907156669048882, "gamma": 0.006193519972249931}, "datetime": {"datetime": "2021-09-18 08:46:34", "elapsed": 182.261412, "delta": 1.321636}}
{"target": -2.703353437802346, "params": {"C": 23.72848455939179, "epsilon": 2.8057226384212584, "gamma": 0.18634451775400696}, "datetime": {"datetime": "2021-09-18 08:46:36", "elapsed": 183.537376, "delta": 1.275964}}
{"target": -9.319078947368421, "params": {"C": 25.58627729758932, "epsilon": 23.981694761058698, "gamma": 0.0001}, "datetime": {"datetime": "2021-09-18 08:46:37", "elapsed": 184.688033, "delta": 1.150657}}
{"target": -5.170437183703309, "params": {"C": 29.791540921532988, "epsilon": 4.143136217477744, "gamma": 1.162612420267107}, "datetime": {"datetime": "2021-09-18 08:46:38", "elapsed": 185.825099, "delta": 1.137066}}
{"target": -9.242089476030772, "params": {"C": 39.26021867024967, "epsilon": 17.84507936350795, "gamma": 0.0001}, "datetime": {"datetime": "2021-09-18 08:46:39", "elapsed": 187.102542, "delta": 1.277443}}
{"target": -4.537551025942391, "params": {"C": 32.65529820365873, "epsilon": 0.001, "gamma": 1.4914070629175848}, "datetime": {"datetime": "2021-09-18 08:46:41", "elapsed": 188.653625, "delta": 1.551083}}
{"target": -2.227740976827299, "params": {"C": 47.264551356817556, "epsilon": 1.5834633969199374, "gamma": 0.0545058708104617}, "datetime": {"datetime": "2021-09-18 08:46:42", "elapsed": 189.841558, "delta": 1.187933}}
{"target": -2.7423747019307854, "params": {"C": 10.187138121104121, "epsilon": 0.3375404366561431, "gamma": 0.013644524190777153}, "datetime": {"datetime": "2021-09-18 08:46:44", "elapsed": 191.557283, "delta": 1.715725}}
{"target": -9.319078947368421, "params": {"C": 0.1, "epsilon": 27.26089161802714, "gamma": 3.0}, "datetime": {"datetime": "2021-09-18 08:46:45", "elapsed": 193.231252, "delta": 1.673969}}
{"target": -3.546005623995484, "params": {"C": 31.34519617720687, "epsilon": 0.001, "gamma": 0.815392087315057}, "datetime": {"datetime": "2021-09-18 08:46:47", "elapsed": 194.555544, "delta": 1.324292}}
{"target": -4.263562083993749, "params": {"C": 22.555892099612716, "epsilon": 0.001, "gamma": 1.1814050105220308}, "datetime": {"datetime": "2021-09-18 08:46:48", "elapsed": 196.140106, "delta": 1.584562}}
{"target": -3.214210292871185, "params": {"C": 10.482362299556916, "epsilon": 1.420217425222376, "gamma": 0.37603608717745807}, "datetime": {"datetime": "2021-09-18 08:46:50", "elapsed": 197.486577, "delta": 1.346471}}
{"target": -9.673707422419293, "params": {"C": 32.240314988564414, "epsilon": 19.670035051533027, "gamma": 3.0}, "datetime": {"datetime": "2021-09-18 08:46:51", "elapsed": 199.185469, "delta": 1.698892}}
{"target": -8.21695922311089, "params": {"C": 40.33077365857416, "epsilon": 11.60917814135035, "gamma": 3.0}, "datetime": {"datetime": "2021-09-18 08:46:53", "elapsed": 200.484758, "delta": 1.299289}}
{"target": -9.319078947368421, "params": {"C": 11.072948091627552, "epsilon": 23.218708997328648, "gamma": 3.0}, "datetime": {"datetime": "2021-09-18 08:46:54", "elapsed": 202.250296, "delta": 1.765538}}
{"target": -6.126223679733072, "params": {"C": 11.203688978343804, "epsilon": 2.7048374931354915, "gamma": 2.597702746482221}, "datetime": {"datetime": "2021-09-18 08:46:56", "elapsed": 203.631879, "delta": 1.381583}}
{"target": -8.509828613165894, "params": {"C": 1.6077995134448215, "epsilon": 16.429322389219937, "gamma": 0.0001}, "datetime": {"datetime": "2021-09-18 08:46:58", "elapsed": 205.668033, "delta": 2.036154}}
{"target": -9.319078947368421, "params": {"C": 4.441993464771253, "epsilon": 27.894161524327547, "gamma": 0.10636664855577332}, "datetime": {"datetime": "2021-09-18 08:47:00", "elapsed": 207.380902, "delta": 1.712869}}
{"target": -9.664748912597343, "params": {"C": 23.337326179666135, "epsilon": 19.561887333412407, "gamma": 3.0}, "datetime": {"datetime": "2021-09-18 08:47:01", "elapsed": 208.879914, "delta": 1.499012}}
{"target": -7.134969670666385, "params": {"C": 5.813607741213919, "epsilon": 8.74552894065915, "gamma": 0.0001}, "datetime": {"datetime": "2021-09-18 08:47:03", "elapsed": 210.411362, "delta": 1.531448}}
{"target": -2.1577172493957524, "params": {"C": 37.5794629040599, "epsilon": 0.12564246758701555, "gamma": 0.04461076609526369}, "datetime": {"datetime": "2021-09-18 08:47:04", "elapsed": 211.898001, "delta": 1.486639}}
{"target": -7.657349967275219, "params": {"C": 15.398592455476352, "epsilon": 13.908361713506686, "gamma": 0.0001}, "datetime": {"datetime": "2021-09-18 08:47:06", "elapsed": 213.430004, "delta": 1.532003}}
{"target": -9.319078947368421, "params": {"C": 23.005591457212716, "epsilon": 30.0, "gamma": 3.0}, "datetime": {"datetime": "2021-09-18 08:47:07", "elapsed": 214.953895, "delta": 1.523891}}
{"target": -9.319078947368421, "params": {"C": 48.640813947270026, "epsilon": 27.719870405251815, "gamma": 0.1005635086959525}, "datetime": {"datetime": "2021-09-18 08:47:09", "elapsed": 216.528706, "delta": 1.574811}}
{"target": -6.02126379849819, "params": {"C": 13.497966327325475, "epsilon": 9.256326730943284, "gamma": 0.0036292719209588646}, "datetime": {"datetime": "2021-09-18 08:47:10", "elapsed": 218.009065, "delta": 1.480359}}
{"target": -6.304350465689471, "params": {"C": 9.167784860541587, "epsilon": 1.2181972657504907, "gamma": 0.0001}, "datetime": {"datetime": "2021-09-18 08:47:11", "elapsed": 219.326507, "delta": 1.317442}}
{"target": -9.319078947368421, "params": {"C": 38.25652067422169, "epsilon": 22.508572335519467, "gamma": 3.0}, "datetime": {"datetime": "2021-09-18 08:47:13", "elapsed": 221.140638, "delta": 1.814131}}
{"target": -7.136182437218561, "params": {"C": 27.391481686962234, "epsilon": 7.08014863503147, "gamma": 3.0}, "datetime": {"datetime": "2021-09-18 08:47:15", "elapsed": 222.525363, "delta": 1.384725}}
{"target": -9.319078947368421, "params": {"C": 10.492720540820034, "epsilon": 29.74675378470452, "gamma": 2.993058645900029}, "datetime": {"datetime": "2021-09-18 08:47:16", "elapsed": 223.991143, "delta": 1.46578}}
{"target": -3.9797912205837545, "params": {"C": 9.9679833569298, "epsilon": 6.803476077590866, "gamma": 0.05078424112891676}, "datetime": {"datetime": "2021-09-18 08:47:18", "elapsed": 225.612202, "delta": 1.621059}}
{"target": -5.387789360701611, "params": {"C": 11.604719463992156, "epsilon": 7.731135625062676, "gamma": 0.2748063950904256}, "datetime": {"datetime": "2021-09-18 08:47:19", "elapsed": 227.303884, "delta": 1.691682}}
{"target": -4.627454020402577, "params": {"C": 11.013980733467994, "epsilon": 5.275102279960155, "gamma": 0.4712606424832982}, "datetime": {"datetime": "2021-09-18 08:47:21", "elapsed": 228.768979, "delta": 1.465095}}
{"target": -4.821058717894575, "params": {"C": 8.681769308587526, "epsilon": 6.0796264327666805, "gamma": 0.35703146010811526}, "datetime": {"datetime": "2021-09-18 08:47:23", "elapsed": 230.52103, "delta": 1.752051}}
{"target": -9.319078947368421, "params": {"C": 27.474631417722104, "epsilon": 26.856435755703497, "gamma": 3.0}, "datetime": {"datetime": "2021-09-18 08:47:24", "elapsed": 231.927261, "delta": 1.406231}}
{"target": -9.080338938497318, "params": {"C": 29.032910448334402, "epsilon": 15.557376851803694, "gamma": 2.992543097674457}, "datetime": {"datetime": "2021-09-18 08:47:25", "elapsed": 233.134016, "delta": 1.206755}}
{"target": -6.865790744837175, "params": {"C": 9.561798737837815, "epsilon": 7.60751788110267, "gamma": 1.9116507808451053}, "datetime": {"datetime": "2021-09-18 08:47:27", "elapsed": 234.70306, "delta": 1.569044}}
{"target": -9.319078947368421, "params": {"C": 40.98542131566639, "epsilon": 30.0, "gamma": 0.0001}, "datetime": {"datetime": "2021-09-18 08:47:28", "elapsed": 236.16489, "delta": 1.46183}}
{"target": -7.80198313127334, "params": {"C": 44.32916449752021, "epsilon": 9.982526855509636, "gamma": 3.0}, "datetime": {"datetime": "2021-09-18 08:47:30", "elapsed": 237.772024, "delta": 1.607134}}
{"target": -9.657125879515997, "params": {"C": 3.6361104511519358, "epsilon": 21.779017180980997, "gamma": 0.0001}, "datetime": {"datetime": "2021-09-18 08:47:32", "elapsed": 239.455086, "delta": 1.683062}}
{"target": -3.6383006254475365, "params": {"C": 32.12540483455873, "epsilon": 5.7876817487203605, "gamma": 0.004820115465739398}, "datetime": {"datetime": "2021-09-18 08:47:33", "elapsed": 241.223892, "delta": 1.768806}}
{"target": -4.69686101654252, "params": {"C": 31.887402491573802, "epsilon": 7.22041461978664, "gamma": 0.1742688289671891}, "datetime": {"datetime": "2021-09-18 08:47:35", "elapsed": 242.628636, "delta": 1.404744}}
{"target": -6.109038748318197, "params": {"C": 32.80808130849863, "epsilon": 5.767034329520171, "gamma": 1.523608765784115}, "datetime": {"datetime": "2021-09-18 08:47:36", "elapsed": 244.28852, "delta": 1.659884}}
{"target": -6.15575077078081, "params": {"C": 11.419967158597842, "epsilon": 1.971592101053979, "gamma": 0.0001}, "datetime": {"datetime": "2021-09-18 08:47:38", "elapsed": 246.293251, "delta": 2.004731}}
{"target": -5.187676722345781, "params": {"C": 28.718395828245143, "epsilon": 1.5064929496279713, "gamma": 0.0001}, "datetime": {"datetime": "2021-09-18 08:47:40", "elapsed": 248.058051, "delta": 1.7648}}
{"target": -2.6016676600221804, "params": {"C": 27.47387001892696, "epsilon": 2.32894946857941, "gamma": 0.013713415728580461}, "datetime": {"datetime": "2021-09-18 08:47:42", "elapsed": 249.942382, "delta": 1.884331}}
{"target": -2.2442308792259062, "params": {"C": 26.94774358398762, "epsilon": 0.7204766693817807, "gamma": 0.17129906607016973}, "datetime": {"datetime": "2021-09-18 08:47:44", "elapsed": 252.056921, "delta": 2.114539}}
{"target": -9.319078947368421, "params": {"C": 42.24846335284835, "epsilon": 22.774344546335712, "gamma": 0.0001}, "datetime": {"datetime": "2021-09-18 08:47:46", "elapsed": 253.589239, "delta": 1.532318}}
{"target": -5.997108647340845, "params": {"C": 39.277677267829404, "epsilon": 5.410372788520257, "gamma": 1.5267408461898344}, "datetime": {"datetime": "2021-09-18 08:47:48", "elapsed": 255.723198, "delta": 2.133959}}
{"target": -4.038097335215335, "params": {"C": 42.93557695479385, "epsilon": 5.539770335946349, "gamma": 0.2669755120140899}, "datetime": {"datetime": "2021-09-18 08:47:50", "elapsed": 257.855426, "delta": 2.132228}}
{"target": -6.97346907076997, "params": {"C": 17.151095524279455, "epsilon": 10.112861891946597, "gamma": 0.0001}, "datetime": {"datetime": "2021-09-18 08:47:52", "elapsed": 259.346436, "delta": 1.49101}}
{"target": -5.774064736246392, "params": {"C": 15.022991279433263, "epsilon": 0.001, "gamma": 3.0}, "datetime": {"datetime": "2021-09-18 08:47:53", "elapsed": 260.866533, "delta": 1.520097}}
{"target": -7.073997848945013, "params": {"C": 14.696003432145575, "epsilon": 6.971541042139499, "gamma": 3.0}, "datetime": {"datetime": "2021-09-18 08:47:55", "elapsed": 262.73415, "delta": 1.867617}}
{"target": -4.989822911092219, "params": {"C": 39.67909838777879, "epsilon": 2.567811205780852, "gamma": 0.0001}, "datetime": {"datetime": "2021-09-18 08:47:57", "elapsed": 264.704283, "delta": 1.970133}}
{"target": -7.723978364296812, "params": {"C": 24.499985631407103, "epsilon": 9.664240411932791, "gamma": 3.0}, "datetime": {"datetime": "2021-09-18 08:47:58", "elapsed": 266.273654, "delta": 1.569371}}
{"target": -8.891665300649933, "params": {"C": 50.0, "epsilon": 14.563045706101827, "gamma": 3.0}, "datetime": {"datetime": "2021-09-18 08:48:00", "elapsed": 268.049877, "delta": 1.776223}}
{"target": -4.36367632970705, "params": {"C": 44.047560758865934, "epsilon": 3.1746721743155786, "gamma": 0.8644157991980538}, "datetime": {"datetime": "2021-09-18 08:48:02", "elapsed": 269.838228, "delta": 1.788351}}
{"target": -5.610529280337453, "params": {"C": 46.63997006870567, "epsilon": 0.001, "gamma": 3.0}, "datetime": {"datetime": "2021-09-18 08:48:04", "elapsed": 272.028035, "delta": 2.189807}}
{"target": -5.291288183563847, "params": {"C": 2.5338121945452796, "epsilon": 7.561923726063272, "gamma": 0.10945694624179263}, "datetime": {"datetime": "2021-09-18 08:48:06", "elapsed": 273.594676, "delta": 1.566641}}
{"target": -5.012015002712725, "params": {"C": 34.629470893532265, "epsilon": 1.5899884533878743, "gamma": 0.0001}, "datetime": {"datetime": "2021-09-18 08:48:08", "elapsed": 275.843477, "delta": 2.248801}}
{"target": -4.766234232417938, "params": {"C": 49.455413596053916, "epsilon": 1.4842570595085256, "gamma": 0.0001}, "datetime": {"datetime": "2021-09-18 08:48:10", "elapsed": 277.967091, "delta": 2.123614}}
{"target": -2.2793359518864698, "params": {"C": 30.341163683564343, "epsilon": 1.7031223570478833, "gamma": 0.09062275687082877}, "datetime": {"datetime": "2021-09-18 08:48:12", "elapsed": 279.658066, "delta": 1.690975}}
{"target": -3.281556175356427, "params": {"C": 32.82311669066878, "epsilon": 4.523548782737548, "gamma": 0.14258758763420942}, "datetime": {"datetime": "2021-09-18 08:48:14", "elapsed": 281.606382, "delta": 1.948316}}
{"target": -2.8262639145974253, "params": {"C": 31.126397063819997, "epsilon": 4.9823155252234805, "gamma": 0.03507550042888383}, "datetime": {"datetime": "2021-09-18 08:48:16", "elapsed": 283.421602, "delta": 1.81522}}
{"target": -5.0810319186112896, "params": {"C": 31.90574644767211, "epsilon": 4.684354111949047, "gamma": 0.9511442905320212}, "datetime": {"datetime": "2021-09-18 08:48:18", "elapsed": 285.721262, "delta": 2.29966}}
{"target": -7.664569123184196, "params": {"C": 4.278901785858989, "epsilon": 12.762107027232844, "gamma": 0.0013960523668894817}, "datetime": {"datetime": "2021-09-18 08:48:20", "elapsed": 287.723064, "delta": 2.001802}}
{"target": -3.5156480482534684, "params": {"C": 34.480023482384894, "epsilon": 4.91620123642876, "gamma": 0.1837059806989755}, "datetime": {"datetime": "2021-09-18 08:48:22", "elapsed": 289.459849, "delta": 1.736785}}
{"target": -5.825045251969267, "params": {"C": 34.94472362463406, "epsilon": 4.265750950561522, "gamma": 1.7740123263441991}, "datetime": {"datetime": "2021-09-18 08:48:24", "elapsed": 291.50347, "delta": 2.043621}}
{"target": -4.856638615949263, "params": {"C": 41.31359385943142, "epsilon": 0.001, "gamma": 0.0001}, "datetime": {"datetime": "2021-09-18 08:48:26", "elapsed": 293.377128, "delta": 1.873658}}
{"target": -9.319078947368421, "params": {"C": 41.067135654567736, "epsilon": 26.213009019119667, "gamma": 3.0}, "datetime": {"datetime": "2021-09-18 08:48:27", "elapsed": 295.28173, "delta": 1.904602}}
{"target": -6.027778319620285, "params": {"C": 25.537002254408836, "epsilon": 2.2071666317886387, "gamma": 3.0}, "datetime": {"datetime": "2021-09-18 08:48:30", "elapsed": 297.547827, "delta": 2.266097}}
{"target": -9.319078947368421, "params": {"C": 50.0, "epsilon": 25.38587891118481, "gamma": 3.0}, "datetime": {"datetime": "2021-09-18 08:48:32", "elapsed": 299.665704, "delta": 2.117877}}
{"target": -3.8036290143472242, "params": {"C": 20.446417306342685, "epsilon": 1.7101838145895016, "gamma": 0.7587919800627301}, "datetime": {"datetime": "2021-09-18 08:48:34", "elapsed": 301.49721, "delta": 1.831506}}
{"target": -6.142026804702961, "params": {"C": 16.61167554383762, "epsilon": 2.358417655422626, "gamma": 3.0}, "datetime": {"datetime": "2021-09-18 08:48:36", "elapsed": 303.377136, "delta": 1.879926}}
{"target": -4.230609185679094, "params": {"C": 3.253449327055597, "epsilon": 3.20902814144607, "gamma": 0.3495780596595795}, "datetime": {"datetime": "2021-09-18 08:48:37", "elapsed": 305.12024, "delta": 1.743104}}
{"target": -3.604601875201382, "params": {"C": 48.66107663256069, "epsilon": 0.02717805514305188, "gamma": 0.8374344764020607}, "datetime": {"datetime": "2021-09-18 08:48:39", "elapsed": 306.969593, "delta": 1.849353}}
{"target": -9.315726213538724, "params": {"C": 34.692794366855786, "epsilon": 15.6231701790398, "gamma": 0.027552704156706215}, "datetime": {"datetime": "2021-09-18 08:48:41", "elapsed": 308.741712, "delta": 1.772119}}
{"target": -5.587835073976136, "params": {"C": 44.653750997874305, "epsilon": 6.420924692446697, "gamma": 0.0001}, "datetime": {"datetime": "2021-09-18 08:48:43", "elapsed": 310.567079, "delta": 1.825367}}
{"target": -9.319078947368421, "params": {"C": 18.852735576845493, "epsilon": 28.32888867935281, "gamma": 2.9908762851313444}, "datetime": {"datetime": "2021-09-18 08:48:45", "elapsed": 312.338887, "delta": 1.771808}}
{"target": -6.787134949691141, "params": {"C": 0.25383013212272054, "epsilon": 7.677294486030686, "gamma": 0.20373095371574806}, "datetime": {"datetime": "2021-09-18 08:48:46", "elapsed": 314.191026, "delta": 1.852139}}
{"target": -7.5996125296829025, "params": {"C": 46.252918151003705, "epsilon": 12.570820335036634, "gamma": 0.004479718856661063}, "datetime": {"datetime": "2021-09-18 08:48:49", "elapsed": 316.389367, "delta": 2.198341}}
