{"target": -10.573786274559586, "params": {"C": 316.7375071885382, "epsilon": 0.1744764070817488, "gamma": 0.037326352901920296}, "datetime": {"datetime": "2021-09-27 17:36:00", "elapsed": 153.90161, "delta": 0.887001}}
{"target": -15.963071427544898, "params": {"C": 418.7323926623486, "epsilon": 0.3708352506468387, "gamma": 0.2819306028630522}, "datetime": {"datetime": "2021-09-27 17:36:01", "elapsed": 154.74321, "delta": 0.8416}}
{"target": -10.452057292930228, "params": {"C": 367.4531112101727, "epsilon": 0.5750066291734711, "gamma": 0.027883360327102216}, "datetime": {"datetime": "2021-09-27 17:36:03", "elapsed": 156.339651, "delta": 1.596441}}
{"target": -10.688743187897721, "params": {"C": 367.9350833521939, "epsilon": 0.8751076604344482, "gamma": 0.015286687714430532}, "datetime": {"datetime": "2021-09-27 17:36:04", "elapsed": 157.387377, "delta": 1.047726}}
{"target": -10.718679746375265, "params": {"C": 377.13204603251177, "epsilon": 0.3364768707610407, "gamma": 0.01631705958333771}, "datetime": {"datetime": "2021-09-27 17:36:05", "elapsed": 158.769532, "delta": 1.382155}}
{"target": -10.326999118875307, "params": {"C": 367.6180702336732, "epsilon": 0.6043037799646521, "gamma": 0.022837547847214593}, "datetime": {"datetime": "2021-09-27 17:36:07", "elapsed": 160.133533, "delta": 1.364001}}
{"target": -11.03207763930122, "params": {"C": 475.26798826962096, "epsilon": 0.6320734423494776, "gamma": 0.04629628921540932}, "datetime": {"datetime": "2021-09-27 17:36:08", "elapsed": 161.661062, "delta": 1.527529}}
{"target": -10.539643161921681, "params": {"C": 404.7345931894629, "epsilon": 0.3646175512407814, "gamma": 0.017705664698351744}, "datetime": {"datetime": "2021-09-27 17:36:09", "elapsed": 162.707834, "delta": 1.046772}}
{"target": -13.46522617375047, "params": {"C": 405.3315978389036, "epsilon": 0.5026107900283149, "gamma": 0.09007716174069881}, "datetime": {"datetime": "2021-09-27 17:36:10", "elapsed": 163.837469, "delta": 1.129635}}
{"target": -10.644626640921768, "params": {"C": 316.6076842447025, "epsilon": 0.23801973727911432, "gamma": 0.04172384604220895}, "datetime": {"datetime": "2021-09-27 17:36:12", "elapsed": 165.288648, "delta": 1.451179}}
{"target": -11.206635751239121, "params": {"C": 316.71104084922604, "epsilon": 0.2827637804617725, "gamma": 0.010000000946537836}, "datetime": {"datetime": "2021-09-27 17:36:13", "elapsed": 166.744309, "delta": 1.455661}}
{"target": -10.800738582569192, "params": {"C": 450.0049891660967, "epsilon": 0.6094589380438618, "gamma": 0.04296654242933494}, "datetime": {"datetime": "2021-09-27 17:36:14", "elapsed": 167.683975, "delta": 0.939666}}
{"target": -10.729140843655852, "params": {"C": 412.63694889714674, "epsilon": 0.5912312660034639, "gamma": 0.014201319930728866}, "datetime": {"datetime": "2021-09-27 17:36:16", "elapsed": 169.226595, "delta": 1.54262}}
{"target": -14.918599751846523, "params": {"C": 367.5706777051343, "epsilon": 0.5874043016584617, "gamma": 0.1302464325780066}, "datetime": {"datetime": "2021-09-27 17:36:17", "elapsed": 170.450622, "delta": 1.224027}}
{"target": -14.428227776487365, "params": {"C": 316.6747417501088, "epsilon": 0.06712092199158115, "gamma": 0.13777309089452314}, "datetime": {"datetime": "2021-09-27 17:36:18", "elapsed": 171.89563, "delta": 1.445008}}
{"target": -10.484199545460768, "params": {"C": 449.89370776365524, "epsilon": 0.634898279719756, "gamma": 0.01618438091399962}, "datetime": {"datetime": "2021-09-27 17:36:20", "elapsed": 173.307522, "delta": 1.411892}}
{"target": -15.143253788509812, "params": {"C": 449.86464849989903, "epsilon": 0.6052280796064399, "gamma": 0.14039177329484695}, "datetime": {"datetime": "2021-09-27 17:36:21", "elapsed": 174.632658, "delta": 1.325136}}
{"target": -10.391548928736997, "params": {"C": 367.4131499181182, "epsilon": 0.6924194014239963, "gamma": 0.022732764890126163}, "datetime": {"datetime": "2021-09-27 17:36:23", "elapsed": 176.321838, "delta": 1.68918}}
{"target": -11.972269971126845, "params": {"C": 316.82458061853833, "epsilon": 0.26055973432192314, "gamma": 0.074412872532523}, "datetime": {"datetime": "2021-09-27 17:36:25", "elapsed": 178.00043, "delta": 1.678592}}
{"target": -15.655455832808842, "params": {"C": 457.7622915674865, "epsilon": 0.39694674626366955, "gamma": 0.23991104316470607}, "datetime": {"datetime": "2021-09-27 17:36:26", "elapsed": 179.025106, "delta": 1.024676}}
{"target": -10.339959675152077, "params": {"C": 405.3477815741729, "epsilon": 0.3689764422020944, "gamma": 0.019034574098570865}, "datetime": {"datetime": "2021-09-27 17:36:27", "elapsed": 180.535398, "delta": 1.510292}}
{"target": -14.109734116466857, "params": {"C": 316.6048422768898, "epsilon": 0.35667378114082016, "gamma": 0.11691805628059407}, "datetime": {"datetime": "2021-09-27 17:36:28", "elapsed": 181.818395, "delta": 1.282997}}
{"target": -13.923283119598473, "params": {"C": 367.97716427838964, "epsilon": 0.7656796419217484, "gamma": 0.0997218432342061}, "datetime": {"datetime": "2021-09-27 17:36:30", "elapsed": 183.309507, "delta": 1.491112}}
{"target": -15.024396724791472, "params": {"C": 475.3620204713895, "epsilon": 0.7416513289432551, "gamma": 0.11772208313158214}, "datetime": {"datetime": "2021-09-27 17:36:31", "elapsed": 184.991915, "delta": 1.682408}}
{"target": -14.215744865819065, "params": {"C": 371.2340362440266, "epsilon": 0.23586483766866598, "gamma": 0.11436423378914765}, "datetime": {"datetime": "2021-09-27 17:36:33", "elapsed": 186.605883, "delta": 1.613968}}
{"target": -11.049699155658114, "params": {"C": 474.90154517168145, "epsilon": 0.6602751871255855, "gamma": 0.01}, "datetime": {"datetime": "2021-09-27 17:36:35", "elapsed": 188.101629, "delta": 1.495746}}
{"target": -11.632441303851063, "params": {"C": 474.9078914438862, "epsilon": 0.8126013406246856, "gamma": 0.05404750220362821}, "datetime": {"datetime": "2021-09-27 17:36:36", "elapsed": 189.521515, "delta": 1.419886}}
{"target": -12.851033565979044, "params": {"C": 367.7796407421796, "epsilon": 0.9048684905357238, "gamma": 0.07592747110719475}, "datetime": {"datetime": "2021-09-27 17:36:37", "elapsed": 190.93881, "delta": 1.417295}}
{"target": -11.10895547968113, "params": {"C": 405.5558235540074, "epsilon": 0.64906573023952, "gamma": 0.01}, "datetime": {"datetime": "2021-09-27 17:36:39", "elapsed": 192.511263, "delta": 1.572453}}
{"target": -11.984142802571194, "params": {"C": 412.5856054737525, "epsilon": 0.4974955805729328, "gamma": 0.06536992838871489}, "datetime": {"datetime": "2021-09-27 17:36:41", "elapsed": 194.069262, "delta": 1.557999}}
{"target": -11.01493335370133, "params": {"C": 449.96631043035705, "epsilon": 0.7118654836791247, "gamma": 0.01}, "datetime": {"datetime": "2021-09-27 17:36:42", "elapsed": 195.257483, "delta": 1.188221}}
{"target": -11.267853968683317, "params": {"C": 413.12129088786287, "epsilon": 0.8134822902966169, "gamma": 0.05027717999262065}, "datetime": {"datetime": "2021-09-27 17:36:43", "elapsed": 196.689693, "delta": 1.43221}}
{"target": -10.529702711361569, "params": {"C": 415.32576535036435, "epsilon": 0.8380028634109146, "gamma": 0.025186106911921823}, "datetime": {"datetime": "2021-09-27 17:36:45", "elapsed": 198.045304, "delta": 1.355611}}
{"target": -16.287039333616583, "params": {"C": 497.629142318188, "epsilon": 0.9170437530341334, "gamma": 0.2907570252391027}, "datetime": {"datetime": "2021-09-27 17:36:46", "elapsed": 199.035174, "delta": 0.98987}}
{"target": -10.574041707166897, "params": {"C": 404.86960950096864, "epsilon": 0.275984706174086, "gamma": 0.039777140169012924}, "datetime": {"datetime": "2021-09-27 17:36:47", "elapsed": 200.671177, "delta": 1.636003}}
{"target": -10.307548867712207, "params": {"C": 474.7262514221046, "epsilon": 0.619350759962238, "gamma": 0.017258187605439557}, "datetime": {"datetime": "2021-09-27 17:36:49", "elapsed": 202.18185, "delta": 1.510673}}
{"target": -13.964660652382385, "params": {"C": 450.0941098986186, "epsilon": 0.9638745761521218, "gamma": 0.0927165141232727}, "datetime": {"datetime": "2021-09-27 17:36:50", "elapsed": 203.195902, "delta": 1.014052}}
{"target": -11.065136111506671, "params": {"C": 415.2516913885019, "epsilon": 0.7581949267265803, "gamma": 0.01}, "datetime": {"datetime": "2021-09-27 17:36:51", "elapsed": 204.574307, "delta": 1.378405}}
{"target": -10.957920574962017, "params": {"C": 404.71031955286264, "epsilon": 0.09896274721612122, "gamma": 0.01339106343361084}, "datetime": {"datetime": "2021-09-27 17:36:53", "elapsed": 206.070305, "delta": 1.495998}}
{"target": -10.36267892671037, "params": {"C": 405.1580942055173, "epsilon": 0.39004342938162995, "gamma": 0.02697248964327812}, "datetime": {"datetime": "2021-09-27 17:36:54", "elapsed": 207.729231, "delta": 1.658926}}
{"target": -11.650323559987667, "params": {"C": 329.9567482218104, "epsilon": 0.9884121413853861, "gamma": 0.05942321658001189}, "datetime": {"datetime": "2021-09-27 17:36:55", "elapsed": 208.758943, "delta": 1.029712}}
{"target": -11.063085597305514, "params": {"C": 376.9331678549787, "epsilon": 0.32039271578032946, "gamma": 0.011448951746105005}, "datetime": {"datetime": "2021-09-27 17:36:57", "elapsed": 210.527298, "delta": 1.768355}}
{"target": -10.605028556449318, "params": {"C": 474.5332124404374, "epsilon": 0.568037501198711, "gamma": 0.015669753296842982}, "datetime": {"datetime": "2021-09-27 17:36:59", "elapsed": 212.092901, "delta": 1.565603}}
{"target": -16.19498324942267, "params": {"C": 446.511946290005, "epsilon": 0.7866685748073633, "gamma": 0.2863927224658827}, "datetime": {"datetime": "2021-09-27 17:37:00", "elapsed": 213.108757, "delta": 1.015856}}
{"target": -10.613719097390128, "params": {"C": 377.38279066607834, "epsilon": 0.1864242717127812, "gamma": 0.025551993675481104}, "datetime": {"datetime": "2021-09-27 17:37:01", "elapsed": 214.404679, "delta": 1.295922}}
{"target": -11.18119735634353, "params": {"C": 377.54158693525847, "epsilon": 0.23809759840847353, "gamma": 0.05307750984813921}, "datetime": {"datetime": "2021-09-27 17:37:03", "elapsed": 216.347682, "delta": 1.943003}}
{"target": -10.433953276178705, "params": {"C": 474.619575251351, "epsilon": 0.5527429481591485, "gamma": 0.02648264079748735}, "datetime": {"datetime": "2021-09-27 17:37:04", "elapsed": 217.901129, "delta": 1.553447}}
{"target": -10.768018602953363, "params": {"C": 341.3118767782738, "epsilon": 0.4742638306279515, "gamma": 0.016308916123645673}, "datetime": {"datetime": "2021-09-27 17:37:06", "elapsed": 219.288325, "delta": 1.387196}}
{"target": -10.578976931482108, "params": {"C": 341.1148839990544, "epsilon": 0.7147385340980378, "gamma": 0.016423163673536814}, "datetime": {"datetime": "2021-09-27 17:37:07", "elapsed": 220.84664, "delta": 1.558315}}
{"target": -10.617790354192806, "params": {"C": 405.2476617501604, "epsilon": 0.31633683229696796, "gamma": 0.04186477149769919}, "datetime": {"datetime": "2021-09-27 17:37:09", "elapsed": 222.804452, "delta": 1.957812}}
{"target": -15.107806413217109, "params": {"C": 422.92054461990654, "epsilon": 0.09247838389005236, "gamma": 0.19710255034107133}, "datetime": {"datetime": "2021-09-27 17:37:10", "elapsed": 223.72861, "delta": 0.924158}}
{"target": -14.433237755097728, "params": {"C": 474.57567158082554, "epsilon": 0.466027039048579, "gamma": 0.10192520898051129}, "datetime": {"datetime": "2021-09-27 17:37:12", "elapsed": 225.139128, "delta": 1.410518}}
{"target": -16.06169752103483, "params": {"C": 492.0681037549739, "epsilon": 0.7008540600333042, "gamma": 0.2741071048627551}, "datetime": {"datetime": "2021-09-27 17:37:13", "elapsed": 226.220676, "delta": 1.081548}}
{"target": -14.687759403312374, "params": {"C": 405.1737947835419, "epsilon": 0.3713575128521843, "gamma": 0.12212674040814557}, "datetime": {"datetime": "2021-09-27 17:37:16", "elapsed": 229.201443, "delta": 2.980767}}
{"target": -10.465655992764733, "params": {"C": 377.44277785803814, "epsilon": 0.2895157840616028, "gamma": 0.03285169024493669}, "datetime": {"datetime": "2021-09-27 17:37:17", "elapsed": 230.742677, "delta": 1.541234}}
{"target": -10.710835576418772, "params": {"C": 367.704147729636, "epsilon": 0.7152622979891705, "gamma": 0.013854112339360361}, "datetime": {"datetime": "2021-09-27 17:37:20", "elapsed": 233.028855, "delta": 2.286178}}
{"target": -10.390915899513322, "params": {"C": 475.2134550378286, "epsilon": 0.7298318063461379, "gamma": 0.020353448334784842}, "datetime": {"datetime": "2021-09-27 17:37:21", "elapsed": 234.538099, "delta": 1.509244}}
{"target": -13.491693792817989, "params": {"C": 474.7295092966332, "epsilon": 0.5120515950904309, "gamma": 0.0850904291734312}, "datetime": {"datetime": "2021-09-27 17:37:24", "elapsed": 237.429279, "delta": 2.89118}}
{"target": -10.498329288261587, "params": {"C": 413.1841650854491, "epsilon": 0.6635002036674741, "gamma": 0.026611047095322492}, "datetime": {"datetime": "2021-09-27 17:37:26", "elapsed": 239.003845, "delta": 1.574566}}
{"target": -11.059321280259024, "params": {"C": 450.0992824488649, "epsilon": 0.6699643408119623, "gamma": 0.01}, "datetime": {"datetime": "2021-09-27 17:37:27", "elapsed": 240.959516, "delta": 1.955671}}
{"target": -10.515269888302274, "params": {"C": 413.2280787486185, "epsilon": 0.5882406320420795, "gamma": 0.02864823844323682}, "datetime": {"datetime": "2021-09-27 17:37:29", "elapsed": 242.8208, "delta": 1.861284}}
{"target": -10.392877571168675, "params": {"C": 377.4195015717112, "epsilon": 0.15365664721127986, "gamma": 0.02252610792105933}, "datetime": {"datetime": "2021-09-27 17:37:31", "elapsed": 244.599803, "delta": 1.779003}}
{"target": -15.769538622202383, "params": {"C": 433.9900150968974, "epsilon": 0.12271987549285085, "gamma": 0.2653566310103753}, "datetime": {"datetime": "2021-09-27 17:37:32", "elapsed": 245.625, "delta": 1.025197}}
{"target": -12.834256505696215, "params": {"C": 404.82787919636417, "epsilon": 0.2048849859947567, "gamma": 0.08334970800483653}, "datetime": {"datetime": "2021-09-27 17:37:34", "elapsed": 247.389666, "delta": 1.764666}}
{"target": -14.608659056903928, "params": {"C": 341.14630364513914, "epsilon": 0.5817465927495333, "gamma": 0.12313391311880813}, "datetime": {"datetime": "2021-09-27 17:37:36", "elapsed": 249.006055, "delta": 1.616389}}
{"target": -11.307514244562237, "params": {"C": 377.45385467956794, "epsilon": 0.211608264974872, "gamma": 0.05963465301105844}, "datetime": {"datetime": "2021-09-27 17:37:38", "elapsed": 251.344649, "delta": 2.338594}}
{"target": -15.144196514007744, "params": {"C": 365.933149760364, "epsilon": 0.10775942867181956, "gamma": 0.2097645197716283}, "datetime": {"datetime": "2021-09-27 17:37:39", "elapsed": 252.399653, "delta": 1.055004}}
{"target": -15.89580536958264, "params": {"C": 341.702355390117, "epsilon": 0.9264950541358234, "gamma": 0.22280834012748152}, "datetime": {"datetime": "2021-09-27 17:37:40", "elapsed": 253.540882, "delta": 1.141229}}
{"target": -10.706686423144234, "params": {"C": 374.2898357939083, "epsilon": 0.5317905038122467, "gamma": 0.042823565296934395}, "datetime": {"datetime": "2021-09-27 17:37:41", "elapsed": 254.687237, "delta": 1.146355}}
{"target": -10.544503287723076, "params": {"C": 405.07281131059744, "epsilon": 0.3302196849978644, "gamma": 0.01781225758486788}, "datetime": {"datetime": "2021-09-27 17:37:43", "elapsed": 256.515237, "delta": 1.828}}
{"target": -10.450775962618676, "params": {"C": 376.9390679236477, "epsilon": 0.21380760097293072, "gamma": 0.019088874262549252}, "datetime": {"datetime": "2021-09-27 17:37:45", "elapsed": 258.48828, "delta": 1.973043}}
{"target": -11.906795927466, "params": {"C": 395.3616131428531, "epsilon": 0.582989560569175, "gamma": 0.06588159176611989}, "datetime": {"datetime": "2021-09-27 17:37:46", "elapsed": 259.633489, "delta": 1.145209}}
{"target": -11.661627112441716, "params": {"C": 474.78029819923046, "epsilon": 0.6579496974325117, "gamma": 0.0573381038854136}, "datetime": {"datetime": "2021-09-27 17:37:48", "elapsed": 261.229074, "delta": 1.595585}}
{"target": -16.128752739508624, "params": {"C": 438.80871059093295, "epsilon": 0.9141656209814121, "gamma": 0.26246972042192523}, "datetime": {"datetime": "2021-09-27 17:37:49", "elapsed": 262.297717, "delta": 1.068643}}
{"target": -12.857444651361643, "params": {"C": 413.1261882128738, "epsilon": 0.5738862570238347, "gamma": 0.07900301111210821}, "datetime": {"datetime": "2021-09-27 17:37:51", "elapsed": 264.390453, "delta": 2.092736}}
{"target": -13.816968313008813, "params": {"C": 341.26609917923133, "epsilon": 0.406269953543779, "gamma": 0.10378167569948028}, "datetime": {"datetime": "2021-09-27 17:37:53", "elapsed": 266.12981, "delta": 1.739357}}
{"target": -11.1408129711692, "params": {"C": 376.8412449286146, "epsilon": 0.22382968459972688, "gamma": 0.05249898022638246}, "datetime": {"datetime": "2021-09-27 17:37:55", "elapsed": 268.651329, "delta": 2.521519}}
{"target": -11.675721402301715, "params": {"C": 438.4922131066422, "epsilon": 0.12679875884211878, "gamma": 0.06522408320087843}, "datetime": {"datetime": "2021-09-27 17:37:56", "elapsed": 269.939588, "delta": 1.288259}}
{"target": -11.232531059544284, "params": {"C": 377.36907962007683, "epsilon": 0.27423632784737434, "gamma": 0.01}, "datetime": {"datetime": "2021-09-27 17:37:59", "elapsed": 272.142527, "delta": 2.202939}}
{"target": -10.620501031371017, "params": {"C": 476.8347705962941, "epsilon": 0.7108591916355056, "gamma": 0.037895399573791774}, "datetime": {"datetime": "2021-09-27 17:38:00", "elapsed": 273.406268, "delta": 1.263741}}
{"target": -11.101595169616148, "params": {"C": 341.17715859413806, "epsilon": 0.8787071308777782, "gamma": 0.01}, "datetime": {"datetime": "2021-09-27 17:38:02", "elapsed": 275.21986, "delta": 1.813592}}
{"target": -11.334562753078256, "params": {"C": 488.7548684610579, "epsilon": 0.8288795405721867, "gamma": 0.04899058123414436}, "datetime": {"datetime": "2021-09-27 17:38:03", "elapsed": 276.436861, "delta": 1.217001}}
{"target": -11.018804362631991, "params": {"C": 476.74422944589696, "epsilon": 0.7519473734683074, "gamma": 0.010020339848562515}, "datetime": {"datetime": "2021-09-27 17:38:06", "elapsed": 279.060558, "delta": 2.623697}}
{"target": -13.388844040364079, "params": {"C": 451.04561546326397, "epsilon": 0.48907060371130684, "gamma": 0.08482475661229961}, "datetime": {"datetime": "2021-09-27 17:38:07", "elapsed": 280.245564, "delta": 1.185006}}
{"target": -10.485854441672531, "params": {"C": 476.82058000379334, "epsilon": 0.8349068224775072, "gamma": 0.02525932235515458}, "datetime": {"datetime": "2021-09-27 17:38:09", "elapsed": 282.149332, "delta": 1.903768}}
{"target": -12.638612819109929, "params": {"C": 487.1675236131514, "epsilon": 0.8870195500715455, "gamma": 0.06736170280378741}, "datetime": {"datetime": "2021-09-27 17:38:10", "elapsed": 283.435875, "delta": 1.286543}}
{"target": -10.300997299028133, "params": {"C": 476.9399318496909, "epsilon": 0.7543310354146167, "gamma": 0.016389746228776647}, "datetime": {"datetime": "2021-09-27 17:38:12", "elapsed": 285.222221, "delta": 1.786346}}
{"target": -10.442862002676696, "params": {"C": 374.35399288569135, "epsilon": 0.4697442662891122, "gamma": 0.01841863242985606}, "datetime": {"datetime": "2021-09-27 17:38:13", "elapsed": 286.793621, "delta": 1.5714}}
{"target": -15.247607477191542, "params": {"C": 323.0761402015195, "epsilon": 0.09931310767125894, "gamma": 0.22879692031644372}, "datetime": {"datetime": "2021-09-27 17:38:14", "elapsed": 287.873926, "delta": 1.080305}}
{"target": -14.602458390871462, "params": {"C": 376.9720863396241, "epsilon": 0.20168782723345918, "gamma": 0.12794925919315922}, "datetime": {"datetime": "2021-09-27 17:38:17", "elapsed": 290.10072, "delta": 2.226794}}
{"target": -14.92936067601729, "params": {"C": 476.89629217775683, "epsilon": 0.723375381575085, "gamma": 0.1109255508829597}, "datetime": {"datetime": "2021-09-27 17:38:18", "elapsed": 291.914884, "delta": 1.814164}}
{"target": -14.95531176389227, "params": {"C": 413.2075878233814, "epsilon": 0.7661965687725765, "gamma": 0.12087779075068925}, "datetime": {"datetime": "2021-09-27 17:38:20", "elapsed": 293.731735, "delta": 1.816851}}
{"target": -15.775546582583267, "params": {"C": 439.4161359989914, "epsilon": 0.10612746906824835, "gamma": 0.2649185036268401}, "datetime": {"datetime": "2021-09-27 17:38:21", "elapsed": 294.771776, "delta": 1.040041}}
{"target": -14.666819211448438, "params": {"C": 374.41323093497346, "epsilon": 0.5011209769476946, "gamma": 0.12074038215517292}, "datetime": {"datetime": "2021-09-27 17:38:23", "elapsed": 296.386395, "delta": 1.614619}}
{"target": -11.872153969940772, "params": {"C": 367.49383839020055, "epsilon": 0.715787309052557, "gamma": 0.06506794486544813}, "datetime": {"datetime": "2021-09-27 17:38:25", "elapsed": 298.034218, "delta": 1.647823}}
{"target": -15.926356391974709, "params": {"C": 363.05329796557186, "epsilon": 0.05535038105574137, "gamma": 0.29406981944724986}, "datetime": {"datetime": "2021-09-27 17:38:26", "elapsed": 299.105476, "delta": 1.071258}}
{"target": -13.587694111666451, "params": {"C": 367.36772214608476, "epsilon": 0.6232314918832715, "gamma": 0.09505155106050413}, "datetime": {"datetime": "2021-09-27 17:38:28", "elapsed": 301.336879, "delta": 2.231403}}
{"target": -10.875182586687085, "params": {"C": 404.9475728985448, "epsilon": 0.35952593428560087, "gamma": 0.013278869431191399}, "datetime": {"datetime": "2021-09-27 17:38:31", "elapsed": 304.032684, "delta": 2.695805}}
{"target": -11.152533567940889, "params": {"C": 404.51760721735343, "epsilon": 0.09864218823958137, "gamma": 0.011886006146135837}, "datetime": {"datetime": "2021-09-27 17:38:32", "elapsed": 305.453274, "delta": 1.42059}}
{"target": -10.778886342544585, "params": {"C": 340.9520149777681, "epsilon": 0.20926652486942687, "gamma": 0.01549304189309485}, "datetime": {"datetime": "2021-09-27 17:38:35", "elapsed": 308.869231, "delta": 3.415957}}
