{"target": -2.8358252072598455, "params": {"C": 25.540792270436818, "epsilon": 0.005872536188407291, "gamma": 0.49289870933044067}, "datetime": {"datetime": "2021-09-18 10:31:33", "elapsed": 473.657369, "delta": 2.88149}}
{"target": -3.6489804048289614, "params": {"C": 35.45659145292408, "epsilon": 0.48783448371625515, "gamma": 0.001}, "datetime": {"datetime": "2021-09-18 10:31:37", "elapsed": 477.264514, "delta": 3.607145}}
{"target": -2.91060011823526, "params": {"C": 35.4104962580509, "epsilon": 0.4557721870098298, "gamma": 0.4990569197733087}, "datetime": {"datetime": "2021-09-18 10:31:39", "elapsed": 479.738069, "delta": 2.473555}}
{"target": -2.4890199974823313, "params": {"C": 59.986799199230155, "epsilon": 1.1700817949221312, "gamma": 0.2215112502824413}, "datetime": {"datetime": "2021-09-18 10:31:41", "elapsed": 481.354048, "delta": 1.615979}}
{"target": -2.3884447799311204, "params": {"C": 42.52849903053074, "epsilon": 1.0206641325343417, "gamma": 0.027105115493675017}, "datetime": {"datetime": "2021-09-18 10:31:44", "elapsed": 484.509485, "delta": 3.155437}}
{"target": -2.755266077274149, "params": {"C": 50.75325516982949, "epsilon": 1.6702767665674265, "gamma": 0.3306351268413256}, "datetime": {"datetime": "2021-09-18 10:31:47", "elapsed": 487.216706, "delta": 2.707221}}
{"target": -2.6470078549389955, "params": {"C": 42.421273792931494, "epsilon": 0.9166606783569853, "gamma": 0.32061241323168005}, "datetime": {"datetime": "2021-09-18 10:31:50", "elapsed": 490.919899, "delta": 3.703193}}
{"target": -2.53595099526186, "params": {"C": 66.28258224462493, "epsilon": 1.0150356795401523, "gamma": 0.012322337862783115}, "datetime": {"datetime": "2021-09-18 10:31:54", "elapsed": 494.224867, "delta": 3.304968}}
{"target": -2.5104858808218156, "params": {"C": 51.943408844320864, "epsilon": 0.13160551188358233, "gamma": 0.26435981543991566}, "datetime": {"datetime": "2021-09-18 10:31:55", "elapsed": 495.937862, "delta": 1.712995}}
{"target": -2.3259456427262304, "params": {"C": 34.936210375067404, "epsilon": 0.1313240091705974, "gamma": 0.20842488570636455}, "datetime": {"datetime": "2021-09-18 10:31:58", "elapsed": 498.738027, "delta": 2.800165}}
{"target": -2.425520934561747, "params": {"C": 38.89271023287297, "epsilon": 1.749414610996536, "gamma": 0.1669489561744141}, "datetime": {"datetime": "2021-09-18 10:32:00", "elapsed": 501.163976, "delta": 2.425949}}
{"target": -2.758822762038494, "params": {"C": 44.08604767708604, "epsilon": 0.02699129965196818, "gamma": 0.4460494162380995}, "datetime": {"datetime": "2021-09-18 10:32:04", "elapsed": 504.248729, "delta": 3.084753}}
{"target": -4.642418507179479, "params": {"C": 14.05376035730349, "epsilon": 6.0728139926296985, "gamma": 0.36115567214734123}, "datetime": {"datetime": "2021-09-18 10:32:05", "elapsed": 505.874688, "delta": 1.625959}}
{"target": -2.902871257853331, "params": {"C": 35.88130134255982, "epsilon": 0.676853925111405, "gamma": 0.476198076211989}, "datetime": {"datetime": "2021-09-18 10:32:08", "elapsed": 508.733691, "delta": 2.859003}}
{"target": -2.26391362702495, "params": {"C": 28.467082100265475, "epsilon": 1.140205178152847, "gamma": 0.17239895854026502}, "datetime": {"datetime": "2021-09-18 10:32:11", "elapsed": 511.580829, "delta": 2.847138}}
{"target": -3.7712929150875656, "params": {"C": 24.036056931739495, "epsilon": 0.647726775759251, "gamma": 0.001}, "datetime": {"datetime": "2021-09-18 10:32:14", "elapsed": 514.306203, "delta": 2.725374}}
{"target": -2.2098888702432586, "params": {"C": 45.047098917591796, "epsilon": 1.0900331270818284, "gamma": 0.14449039300450217}, "datetime": {"datetime": "2021-09-18 10:32:15", "elapsed": 515.94648, "delta": 1.640277}}
{"target": -2.557862022477721, "params": {"C": 44.76183752005447, "epsilon": 1.0697836556196176, "gamma": 0.25884785916791986}, "datetime": {"datetime": "2021-09-18 10:32:18", "elapsed": 518.661084, "delta": 2.714604}}
{"target": -2.5426213029251445, "params": {"C": 45.09319207443377, "epsilon": 1.4175522100528726, "gamma": 0.23499743681242571}, "datetime": {"datetime": "2021-09-18 10:32:21", "elapsed": 521.403278, "delta": 2.742194}}
{"target": -2.518592124172269, "params": {"C": 42.769928981875964, "epsilon": 3.869780635759599, "gamma": 0.049353699095596205}, "datetime": {"datetime": "2021-09-18 10:32:22", "elapsed": 522.967896, "delta": 1.564618}}
{"target": -3.6363728588469004, "params": {"C": 18.41107003118494, "epsilon": 0.06048472866283245, "gamma": 0.0017142241279303558}, "datetime": {"datetime": "2021-09-18 10:32:25", "elapsed": 526.125496, "delta": 3.1576}}
{"target": -2.376596267866368, "params": {"C": 35.680468893348376, "epsilon": 0.016857911956806592, "gamma": 0.015846541907607238}, "datetime": {"datetime": "2021-09-18 10:32:30", "elapsed": 530.344473, "delta": 4.218977}}
{"target": -2.965639290155603, "params": {"C": 45.07457108391339, "epsilon": 1.0819857292481867, "gamma": 0.4714834514674098}, "datetime": {"datetime": "2021-09-18 10:32:34", "elapsed": 534.650597, "delta": 4.306124}}
{"target": -3.557492458174852, "params": {"C": 39.305904504632515, "epsilon": 5.455882431814504, "gamma": 0.1083787212865951}, "datetime": {"datetime": "2021-09-18 10:32:36", "elapsed": 536.297187, "delta": 1.64659}}
{"target": -2.6404814865975808, "params": {"C": 41.732306144347135, "epsilon": 0.5142323026316414, "gamma": 0.007081959546532523}, "datetime": {"datetime": "2021-09-18 10:32:39", "elapsed": 539.367111, "delta": 3.069924}}
{"target": -2.4284618579431467, "params": {"C": 41.27122662735999, "epsilon": 1.102496697025705, "gamma": 0.026166750746954414}, "datetime": {"datetime": "2021-09-18 10:32:41", "elapsed": 541.879155, "delta": 2.512044}}
{"target": -4.345070594958974, "params": {"C": 38.89208235087798, "epsilon": 5.430115254022158, "gamma": 0.40293457844349806}, "datetime": {"datetime": "2021-09-18 10:32:43", "elapsed": 543.654108, "delta": 1.774953}}
{"target": -2.4845205164012447, "params": {"C": 17.75259317416519, "epsilon": 0.29521714776710434, "gamma": 0.23080178421961292}, "datetime": {"datetime": "2021-09-18 10:32:46", "elapsed": 546.706369, "delta": 3.052261}}
{"target": -2.31016880203586, "params": {"C": 18.846932026567405, "epsilon": 0.2813953304067247, "gamma": 0.13536410275424454}, "datetime": {"datetime": "2021-09-18 10:32:49", "elapsed": 549.713389, "delta": 3.00702}}
{"target": -2.818309606469715, "params": {"C": 17.989102827840384, "epsilon": 0.39801930950154185, "gamma": 0.38893468071435633}, "datetime": {"datetime": "2021-09-18 10:32:53", "elapsed": 553.476337, "delta": 3.762948}}
{"target": -3.596833450690851, "params": {"C": 24.487848001916706, "epsilon": 4.2210173161399664, "gamma": 0.3455328017326103}, "datetime": {"datetime": "2021-09-18 10:32:55", "elapsed": 555.211279, "delta": 1.734942}}
{"target": -2.0776815366200116, "params": {"C": 43.281946795115026, "epsilon": 0.019461162880065264, "gamma": 0.07355232008625939}, "datetime": {"datetime": "2021-09-18 10:32:58", "elapsed": 558.549373, "delta": 3.338094}}
{"target": -2.2028258915006127, "params": {"C": 44.84517919224076, "epsilon": 1.2800596561637092, "gamma": 0.055840889128202426}, "datetime": {"datetime": "2021-09-18 10:33:01", "elapsed": 561.501106, "delta": 2.951733}}
{"target": -3.0804497366919406, "params": {"C": 52.16254725280543, "epsilon": 2.9506687949051873, "gamma": 0.32541693470104377}, "datetime": {"datetime": "2021-09-18 10:33:03", "elapsed": 563.276812, "delta": 1.775706}}
{"target": -2.159015674096066, "params": {"C": 27.94972426344864, "epsilon": 0.001, "gamma": 0.11182964707485486}, "datetime": {"datetime": "2021-09-18 10:33:06", "elapsed": 566.637412, "delta": 3.3606}}
{"target": -2.90174250170646, "params": {"C": 41.318979554569836, "epsilon": 0.9254555429783978, "gamma": 0.4414407061188676}, "datetime": {"datetime": "2021-09-18 10:33:10", "elapsed": 570.625846, "delta": 3.988434}}
{"target": -2.4181503580623285, "params": {"C": 15.93125062514412, "epsilon": 0.25869586879647694, "gamma": 0.15278682768209004}, "datetime": {"datetime": "2021-09-18 10:33:12", "elapsed": 572.273982, "delta": 1.648136}}
{"target": -4.073527198118066, "params": {"C": 52.119170216534506, "epsilon": 6.561379326836365, "gamma": 0.10093169968092608}, "datetime": {"datetime": "2021-09-18 10:33:13", "elapsed": 574.088677, "delta": 1.814695}}
{"target": -2.620165151774416, "params": {"C": 28.01171360801956, "epsilon": 0.01301433428013117, "gamma": 0.36746703216568616}, "datetime": {"datetime": "2021-09-18 10:33:17", "elapsed": 577.44227, "delta": 3.353593}}
{"target": -2.2723004294441056, "params": {"C": 27.478015147522665, "epsilon": 0.08183099203545381, "gamma": 0.03174874995833649}, "datetime": {"datetime": "2021-09-18 10:33:20", "elapsed": 580.597941, "delta": 3.155671}}
{"target": -2.6071047882929963, "params": {"C": 65.9889656990116, "epsilon": 0.17369875685792557, "gamma": 0.005653968379281249}, "datetime": {"datetime": "2021-09-18 10:33:23", "elapsed": 583.746982, "delta": 3.149041}}
{"target": -3.502569427154124, "params": {"C": 49.943031948154726, "epsilon": 1.0974335500906323, "gamma": 0.001}, "datetime": {"datetime": "2021-09-18 10:33:26", "elapsed": 586.947191, "delta": 3.200209}}
{"target": -2.55059570845206, "params": {"C": 34.225991317851864, "epsilon": 2.3968589575582797, "gamma": 0.1799632275021731}, "datetime": {"datetime": "2021-09-18 10:33:28", "elapsed": 588.684493, "delta": 1.737302}}
{"target": -3.5095919901354895, "params": {"C": 37.565834726660256, "epsilon": 0.07725048234737882, "gamma": 0.0012913307735323326}, "datetime": {"datetime": "2021-09-18 10:33:31", "elapsed": 592.023816, "delta": 3.339323}}
{"target": -2.7539548993805396, "params": {"C": 50.28769543059353, "epsilon": 0.5764386226251081, "gamma": 0.39909366794115675}, "datetime": {"datetime": "2021-09-18 10:33:36", "elapsed": 596.461014, "delta": 4.437198}}
{"target": -2.484048263595358, "params": {"C": 15.579612402477077, "epsilon": 0.4639482764320945, "gamma": 0.19070648836947304}, "datetime": {"datetime": "2021-09-18 10:33:39", "elapsed": 599.395468, "delta": 2.934454}}
{"target": -2.6910345777328017, "params": {"C": 24.58314634013496, "epsilon": 1.9460975344540257, "gamma": 0.2897323927041314}, "datetime": {"datetime": "2021-09-18 10:33:41", "elapsed": 601.279641, "delta": 1.884173}}
{"target": -2.6200345599297217, "params": {"C": 19.741894662650857, "epsilon": 2.3712109668582206, "gamma": 0.1980484988940406}, "datetime": {"datetime": "2021-09-18 10:33:42", "elapsed": 603.095659, "delta": 1.816018}}
{"target": -3.9334087343504542, "params": {"C": 15.90964854234027, "epsilon": 0.6345776998860765, "gamma": 0.001}, "datetime": {"datetime": "2021-09-18 10:33:46", "elapsed": 606.653122, "delta": 3.557463}}
{"target": -2.1147568592327985, "params": {"C": 35.51609751732828, "epsilon": 0.1809992662364875, "gamma": 0.061733203698991636}, "datetime": {"datetime": "2021-09-18 10:33:48", "elapsed": 608.52597, "delta": 1.872848}}
{"target": -3.1111479125974673, "params": {"C": 16.387224215549132, "epsilon": 2.714702316573125, "gamma": 0.3373693777166572}, "datetime": {"datetime": "2021-09-18 10:33:50", "elapsed": 610.415128, "delta": 1.889158}}
{"target": -2.237359608831323, "params": {"C": 45.85232895237678, "epsilon": 1.6741952186470925, "gamma": 0.09857455353570152}, "datetime": {"datetime": "2021-09-18 10:33:52", "elapsed": 612.239123, "delta": 1.823995}}
{"target": -2.340618145231364, "params": {"C": 15.658255447223983, "epsilon": 0.059172887619194606, "gamma": 0.10656404239820866}, "datetime": {"datetime": "2021-09-18 10:33:55", "elapsed": 615.711388, "delta": 3.472265}}
{"target": -2.7305238746554954, "params": {"C": 46.154905212399896, "epsilon": 1.8858829549398186, "gamma": 0.30526998742199063}, "datetime": {"datetime": "2021-09-18 10:33:58", "elapsed": 618.946597, "delta": 3.235209}}
{"target": -3.606323756224239, "params": {"C": 10.558212344605014, "epsilon": 5.55867070597985, "gamma": 0.07813513591376803}, "datetime": {"datetime": "2021-09-18 10:34:00", "elapsed": 620.877543, "delta": 1.930946}}
{"target": -4.414499373847136, "params": {"C": 59.08175525005631, "epsilon": 5.370273576384253, "gamma": 0.43771185302970866}, "datetime": {"datetime": "2021-09-18 10:34:02", "elapsed": 622.787303, "delta": 1.90976}}
{"target": -2.216358718815441, "params": {"C": 50.16496931465581, "epsilon": 1.3108355502895785, "gamma": 0.04879933588318237}, "datetime": {"datetime": "2021-09-18 10:34:04", "elapsed": 624.628284, "delta": 1.840981}}
{"target": -2.390907524871372, "params": {"C": 45.58749172655601, "epsilon": 1.8451108842815243, "gamma": 0.13969799015695505}, "datetime": {"datetime": "2021-09-18 10:34:08", "elapsed": 628.922778, "delta": 4.294494}}
{"target": -2.9395142629346815, "params": {"C": 50.04372412936496, "epsilon": 1.190339431146678, "gamma": 0.4467241138593896}, "datetime": {"datetime": "2021-09-18 10:34:11", "elapsed": 632.100559, "delta": 3.177781}}
{"target": -2.8337973836085233, "params": {"C": 37.70374479658326, "epsilon": 0.3217062193885998, "gamma": 0.4722142674848555}, "datetime": {"datetime": "2021-09-18 10:34:15", "elapsed": 635.751636, "delta": 3.651077}}
{"target": -2.9564552557254786, "params": {"C": 15.465941328131109, "epsilon": 0.09795983192344022, "gamma": 0.42139449269964807}, "datetime": {"datetime": "2021-09-18 10:34:19", "elapsed": 639.886965, "delta": 4.135329}}
{"target": -2.7779875366080766, "params": {"C": 45.60774441282956, "epsilon": 1.6167314351089779, "gamma": 0.3490873556657868}, "datetime": {"datetime": "2021-09-18 10:34:23", "elapsed": 643.300914, "delta": 3.413949}}
{"target": -2.1816435732705357, "params": {"C": 27.322531507645593, "epsilon": 0.3712346196468052, "gamma": 0.045709603254204347}, "datetime": {"datetime": "2021-09-18 10:34:26", "elapsed": 646.95695, "delta": 3.656036}}
{"target": -2.2439782300895854, "params": {"C": 27.090245188175732, "epsilon": 0.03935637248152249, "gamma": 0.15448562290372372}, "datetime": {"datetime": "2021-09-18 10:34:30", "elapsed": 650.718911, "delta": 3.761961}}
{"target": -2.3630663208843043, "params": {"C": 27.42928754014725, "epsilon": 0.2602972320017415, "gamma": 0.23982671547402604}, "datetime": {"datetime": "2021-09-18 10:34:33", "elapsed": 654.14491, "delta": 3.425999}}
{"target": -2.9413437599009895, "params": {"C": 18.37563785761383, "epsilon": 2.790889721367045, "gamma": 0.2692965441318906}, "datetime": {"datetime": "2021-09-18 10:34:35", "elapsed": 656.003949, "delta": 1.859039}}
{"target": -3.5518843161330538, "params": {"C": 62.839187736090445, "epsilon": 1.9433029677956801, "gamma": 0.001}, "datetime": {"datetime": "2021-09-18 10:34:39", "elapsed": 659.587954, "delta": 3.584005}}
{"target": -2.2576838357894493, "params": {"C": 45.91205706986285, "epsilon": 2.09029909048636, "gamma": 0.07907015663359533}, "datetime": {"datetime": "2021-09-18 10:34:43", "elapsed": 663.423949, "delta": 3.835995}}
{"target": -3.018294685429991, "params": {"C": 62.49663326151984, "epsilon": 2.3935782653861923, "gamma": 0.3703415062890196}, "datetime": {"datetime": "2021-09-18 10:34:48", "elapsed": 668.247591, "delta": 4.823642}}
{"target": -2.986239193570292, "params": {"C": 18.82390920013703, "epsilon": 3.1480063948476014, "gamma": 0.23345346230227393}, "datetime": {"datetime": "2021-09-18 10:34:49", "elapsed": 670.103968, "delta": 1.856377}}
{"target": -2.3684061384257062, "params": {"C": 66.44553825124083, "epsilon": 0.1436226394083954, "gamma": 0.01611149298399281}, "datetime": {"datetime": "2021-09-18 10:34:52", "elapsed": 672.92176, "delta": 2.817792}}
{"target": -2.8541722688861753, "params": {"C": 45.6967483516257, "epsilon": 2.184538644843062, "gamma": 0.3449480533208895}, "datetime": {"datetime": "2021-09-18 10:34:56", "elapsed": 676.502046, "delta": 3.580286}}
{"target": -2.0994875535573407, "params": {"C": 68.20456817388205, "epsilon": 0.09565577843313122, "gamma": 0.09470102723897844}, "datetime": {"datetime": "2021-09-18 10:35:01", "elapsed": 681.365015, "delta": 4.862969}}
{"target": -2.7350622684826895, "params": {"C": 68.20970297334793, "epsilon": 0.32125559527436875, "gamma": 0.39412688507485344}, "datetime": {"datetime": "2021-09-18 10:35:06", "elapsed": 686.42569, "delta": 5.060675}}
{"target": -3.150979267678417, "params": {"C": 63.27659394865912, "epsilon": 3.7433469215593407, "gamma": 0.2160693544063229}, "datetime": {"datetime": "2021-09-18 10:35:08", "elapsed": 688.332759, "delta": 1.907069}}
{"target": -2.3329727328467396, "params": {"C": 68.30101878324614, "epsilon": 0.3988953240253441, "gamma": 0.018984162023304836}, "datetime": {"datetime": "2021-09-18 10:35:12", "elapsed": 692.72665, "delta": 4.393891}}
{"target": -2.326858652485463, "params": {"C": 24.739809002005927, "epsilon": 1.4506455582822675, "gamma": 0.17334539340316205}, "datetime": {"datetime": "2021-09-18 10:35:16", "elapsed": 696.670299, "delta": 3.943649}}
{"target": -2.8492362644752967, "params": {"C": 18.584112080057874, "epsilon": 0.11175375760576815, "gamma": 0.41577822794715014}, "datetime": {"datetime": "2021-09-18 10:35:18", "elapsed": 698.582153, "delta": 1.911854}}
{"target": -2.858889275186154, "params": {"C": 27.620138631315385, "epsilon": 0.9651484976126788, "gamma": 0.431884502550133}, "datetime": {"datetime": "2021-09-18 10:35:21", "elapsed": 701.930652, "delta": 3.348499}}
{"target": -2.360414569587057, "params": {"C": 46.33225679512533, "epsilon": 1.4484023352702298, "gamma": 0.031233383048056926}, "datetime": {"datetime": "2021-09-18 10:35:25", "elapsed": 706.004392, "delta": 4.07374}}
{"target": -2.753490313511165, "params": {"C": 46.213971662127896, "epsilon": 1.8225731433978736, "gamma": 0.005491958526814947}, "datetime": {"datetime": "2021-09-18 10:35:29", "elapsed": 710.118766, "delta": 4.114374}}
{"target": -2.97770788386723, "params": {"C": 46.50462111061466, "epsilon": 1.3033846178275812, "gamma": 0.4583488359859428}, "datetime": {"datetime": "2021-09-18 10:35:33", "elapsed": 713.227095, "delta": 3.108329}}
{"target": -4.113718701591421, "params": {"C": 43.32074422809279, "epsilon": 5.5543297275128705, "gamma": 0.29219944034526807}, "datetime": {"datetime": "2021-09-18 10:35:34", "elapsed": 715.11909, "delta": 1.891995}}
{"target": -2.1563265439364234, "params": {"C": 44.804307911321395, "epsilon": 0.7718100207647138, "gamma": 0.055648730031128746}, "datetime": {"datetime": "2021-09-18 10:35:39", "elapsed": 719.862565, "delta": 4.743475}}
{"target": -3.656437813827536, "params": {"C": 55.89816212064099, "epsilon": 6.953206496809772, "gamma": 0.017539288915817422}, "datetime": {"datetime": "2021-09-18 10:35:41", "elapsed": 721.778081, "delta": 1.915516}}
{"target": -2.4824946348462147, "params": {"C": 45.002000533913716, "epsilon": 0.6566274908263761, "gamma": 0.256120278378887}, "datetime": {"datetime": "2021-09-18 10:35:45", "elapsed": 726.010431, "delta": 4.23235}}
{"target": -2.919519091048439, "params": {"C": 42.74376967293073, "epsilon": 3.0971885642920896, "gamma": 0.22867697903577713}, "datetime": {"datetime": "2021-09-18 10:35:47", "elapsed": 728.143071, "delta": 2.13264}}
{"target": -2.115676153152468, "params": {"C": 44.726952427796306, "epsilon": 0.3315893456533937, "gamma": 0.04492791013391998}, "datetime": {"datetime": "2021-09-18 10:35:51", "elapsed": 731.677247, "delta": 3.534176}}
{"target": -4.580579246418666, "params": {"C": 35.15881310490114, "epsilon": 6.695116483147248, "gamma": 0.23416239462404773}, "datetime": {"datetime": "2021-09-18 10:35:53", "elapsed": 733.731867, "delta": 2.05462}}
{"target": -2.3852097547061306, "params": {"C": 44.97920076504635, "epsilon": 0.23535807755094323, "gamma": 0.22750254272254578}, "datetime": {"datetime": "2021-09-18 10:35:57", "elapsed": 737.669673, "delta": 3.937806}}
{"target": -2.46594541359454, "params": {"C": 37.9857202959657, "epsilon": 0.6449313055255504, "gamma": 0.015682392101493404}, "datetime": {"datetime": "2021-09-18 10:36:01", "elapsed": 741.378425, "delta": 3.708752}}
{"target": -2.1999074433714196, "params": {"C": 44.64053215434356, "epsilon": 0.5635265960496183, "gamma": 0.14401613760003376}, "datetime": {"datetime": "2021-09-18 10:36:05", "elapsed": 745.408611, "delta": 4.030186}}
{"target": -2.3149521873450927, "params": {"C": 44.925933288801694, "epsilon": 0.4888480500002915, "gamma": 0.021830263328925938}, "datetime": {"datetime": "2021-09-18 10:36:09", "elapsed": 749.52862, "delta": 4.120009}}
{"target": -2.451661889971582, "params": {"C": 44.40039785102988, "epsilon": 0.4187010267112829, "gamma": 0.012700444233953091}, "datetime": {"datetime": "2021-09-18 10:36:14", "elapsed": 754.402973, "delta": 4.874353}}
{"target": -2.405193289943766, "params": {"C": 19.675609114572094, "epsilon": 0.2865620548692533, "gamma": 0.202918680719246}, "datetime": {"datetime": "2021-09-18 10:36:17", "elapsed": 758.08776, "delta": 3.684787}}
{"target": -2.6246568296307924, "params": {"C": 68.02048617223178, "epsilon": 0.19256193868064986, "gamma": 0.005225332049712418}, "datetime": {"datetime": "2021-09-18 10:36:22", "elapsed": 762.782435, "delta": 4.694675}}
{"target": -2.1669631536476697, "params": {"C": 66.93124649552519, "epsilon": 0.64916799957765, "gamma": 0.03561980962832125}, "datetime": {"datetime": "2021-09-18 10:36:27", "elapsed": 767.257214, "delta": 4.474779}}
{"target": -2.5022085889086654, "params": {"C": 19.847108588796512, "epsilon": 1.8280417565594045, "gamma": 0.20939706301662067}, "datetime": {"datetime": "2021-09-18 10:36:30", "elapsed": 771.173631, "delta": 3.916417}}
{"target": -2.5621612217115635, "params": {"C": 44.61027685195643, "epsilon": 0.022994557078883492, "gamma": 0.31351711222206324}, "datetime": {"datetime": "2021-09-18 10:36:34", "elapsed": 775.00842, "delta": 3.834789}}
{"target": -2.7155420248514477, "params": {"C": 46.83520697070886, "epsilon": 1.4460708697990985, "gamma": 0.006215931925744763}, "datetime": {"datetime": "2021-09-18 10:36:38", "elapsed": 779.049968, "delta": 4.041548}}
