{"target": -11.400613827802426, "params": {"C": 172.62835810959436, "epsilon": 1.0, "gamma": 0.01}, "datetime": {"datetime": "2021-09-27 18:45:24", "elapsed": 302.16733, "delta": 2.062829}}
{"target": -15.511402684640336, "params": {"C": 197.2899734741789, "epsilon": 0.05535038105574137, "gamma": 0.29406981944724986}, "datetime": {"datetime": "2021-09-27 18:45:25", "elapsed": 303.337326, "delta": 1.169996}}
{"target": -11.636846376487272, "params": {"C": 259.95632905343587, "epsilon": 0.2167352865739984, "gamma": 0.07497527304764046}, "datetime": {"datetime": "2021-09-27 18:45:27", "elapsed": 305.908464, "delta": 2.571138}}
{"target": -10.692417538641715, "params": {"C": 282.77399965812094, "epsilon": 0.7986117942966512, "gamma": 0.0443227057953164}, "datetime": {"datetime": "2021-09-27 18:45:30", "elapsed": 308.61636, "delta": 2.707896}}
{"target": -10.71140872325953, "params": {"C": 228.17424626558682, "epsilon": 0.2571532912853347, "gamma": 0.016787460739337706}, "datetime": {"datetime": "2021-09-27 18:45:33", "elapsed": 311.245882, "delta": 2.629522}}
{"target": -13.931211403920841, "params": {"C": 259.7346238538874, "epsilon": 0.20842238821928774, "gamma": 0.12602175236665022}, "datetime": {"datetime": "2021-09-27 18:45:36", "elapsed": 314.853899, "delta": 3.608017}}
{"target": -15.991747167660774, "params": {"C": 284.3868648588562, "epsilon": 0.9189523925504488, "gamma": 0.23984938444418955}, "datetime": {"datetime": "2021-09-27 18:45:37", "elapsed": 315.908285, "delta": 1.054386}}
{"target": -12.813997953515546, "params": {"C": 282.93585793205284, "epsilon": 0.8849099693673758, "gamma": 0.08330591336419946}, "datetime": {"datetime": "2021-09-27 18:45:41", "elapsed": 319.007501, "delta": 3.099216}}
{"target": -12.113179692099681, "params": {"C": 208.10160288571117, "epsilon": 0.6459719243714104, "gamma": 0.08138132742570761}, "datetime": {"datetime": "2021-09-27 18:45:42", "elapsed": 320.887493, "delta": 1.879992}}
{"target": -11.091978363491489, "params": {"C": 214.8839616375092, "epsilon": 0.21931361897390633, "gamma": 0.01}, "datetime": {"datetime": "2021-09-27 18:45:48", "elapsed": 326.153951, "delta": 5.266458}}
{"target": -11.0195502106933, "params": {"C": 295.2140212040689, "epsilon": 0.9603650832955131, "gamma": 0.01432310666707759}, "datetime": {"datetime": "2021-09-27 18:45:50", "elapsed": 328.815042, "delta": 2.661091}}
{"target": -11.172670572478486, "params": {"C": 151.7932153327812, "epsilon": 0.7820055543132283, "gamma": 0.010025740676108284}, "datetime": {"datetime": "2021-09-27 18:45:54", "elapsed": 332.113925, "delta": 3.298883}}
{"target": -10.847716098724232, "params": {"C": 192.94375955614294, "epsilon": 0.606549588233026, "gamma": 0.011233362348323757}, "datetime": {"datetime": "2021-09-27 18:45:56", "elapsed": 334.546274, "delta": 2.432349}}
{"target": -10.937457104355293, "params": {"C": 151.47456250625345, "epsilon": 0.32924210974703066, "gamma": 0.01}, "datetime": {"datetime": "2021-09-27 18:45:59", "elapsed": 337.666129, "delta": 3.119855}}
{"target": -10.564741001152896, "params": {"C": 259.97338594761123, "epsilon": 0.475524870916869, "gamma": 0.03491975191116812}, "datetime": {"datetime": "2021-09-27 18:46:01", "elapsed": 339.933128, "delta": 2.266999}}
{"target": -14.058297266418782, "params": {"C": 260.16903244870525, "epsilon": 0.3444628794909437, "gamma": 0.1279768892425995}, "datetime": {"datetime": "2021-09-27 18:46:04", "elapsed": 342.259609, "delta": 2.326481}}
{"target": -10.47787642218318, "params": {"C": 151.88225697651612, "epsilon": 0.12095254137699717, "gamma": 0.04439741711474706}, "datetime": {"datetime": "2021-09-27 18:46:06", "elapsed": 344.903767, "delta": 2.644158}}
{"target": -15.116609894944602, "params": {"C": 285.64899935034293, "epsilon": 0.6263627700013277, "gamma": 0.16018146212603554}, "datetime": {"datetime": "2021-09-27 18:46:08", "elapsed": 346.450302, "delta": 1.546535}}
{"target": -10.816670586711796, "params": {"C": 151.79951040642658, "epsilon": 0.015948267964038563, "gamma": 0.06601954841887016}, "datetime": {"datetime": "2021-09-27 18:46:11", "elapsed": 348.998486, "delta": 2.548184}}
{"target": -10.494601578881182, "params": {"C": 193.1008324105766, "epsilon": 0.4373849367111773, "gamma": 0.02326902895949432}, "datetime": {"datetime": "2021-09-27 18:46:14", "elapsed": 352.407137, "delta": 3.408651}}
{"target": -10.675695271584908, "params": {"C": 193.21766262046708, "epsilon": 0.6137697841738651, "gamma": 0.044440958200361105}, "datetime": {"datetime": "2021-09-27 18:46:16", "elapsed": 354.752308, "delta": 2.345171}}
{"target": -15.248006188958616, "params": {"C": 193.12224137614083, "epsilon": 0.506107698711408, "gamma": 0.2114832901095428}, "datetime": {"datetime": "2021-09-27 18:46:19", "elapsed": 357.375194, "delta": 2.622886}}
{"target": -10.927042507367073, "params": {"C": 193.05849320044294, "epsilon": 0.7877990396026783, "gamma": 0.05478814933468511}, "datetime": {"datetime": "2021-09-27 18:46:21", "elapsed": 359.727629, "delta": 2.352435}}
{"target": -14.868013558990153, "params": {"C": 237.1279135710907, "epsilon": 0.22576956606299722, "gamma": 0.19918637560661737}, "datetime": {"datetime": "2021-09-27 18:46:22", "elapsed": 360.895633, "delta": 1.168004}}
{"target": -10.655825839873401, "params": {"C": 193.29567807578735, "epsilon": 0.482774907191642, "gamma": 0.02132241018029922}, "datetime": {"datetime": "2021-09-27 18:46:26", "elapsed": 364.441138, "delta": 3.545505}}
{"target": -10.588913893869032, "params": {"C": 193.23308182745922, "epsilon": 0.2912918779821548, "gamma": 0.04391108104356229}, "datetime": {"datetime": "2021-09-27 18:46:29", "elapsed": 367.610006, "delta": 3.168868}}
{"target": -10.943873715016993, "params": {"C": 193.37576198715212, "epsilon": 0.29496838336900744, "gamma": 0.013170432981776796}, "datetime": {"datetime": "2021-09-27 18:46:31", "elapsed": 369.879468, "delta": 2.269462}}
{"target": -12.394675144406216, "params": {"C": 259.81440709337335, "epsilon": 0.5075949072885848, "gamma": 0.0837449280485458}, "datetime": {"datetime": "2021-09-27 18:46:35", "elapsed": 373.358431, "delta": 3.478963}}
{"target": -14.231492995763483, "params": {"C": 297.54329675060734, "epsilon": 0.6217594059049282, "gamma": 0.11845583643371628}, "datetime": {"datetime": "2021-09-27 18:46:37", "elapsed": 375.211426, "delta": 1.852995}}
{"target": -10.52047189131177, "params": {"C": 193.34208916965574, "epsilon": 0.7687571472903297, "gamma": 0.029595528823761742}, "datetime": {"datetime": "2021-09-27 18:46:40", "elapsed": 378.56944, "delta": 3.358014}}
{"target": -10.582820180884518, "params": {"C": 253.4960732241122, "epsilon": 0.4459491355420128, "gamma": 0.02010669532200535}, "datetime": {"datetime": "2021-09-27 18:46:42", "elapsed": 380.020559, "delta": 1.451119}}
{"target": -10.616727694475225, "params": {"C": 193.44133564891732, "epsilon": 0.6310581708703947, "gamma": 0.03683387078999791}, "datetime": {"datetime": "2021-09-27 18:46:45", "elapsed": 383.354353, "delta": 3.333794}}
{"target": -10.967368553472797, "params": {"C": 253.34914338346957, "epsilon": 0.5337833198215087, "gamma": 0.01}, "datetime": {"datetime": "2021-09-27 18:46:48", "elapsed": 386.51235, "delta": 3.157997}}
{"target": -10.788663679405685, "params": {"C": 207.05237058875298, "epsilon": 0.24300988087151215, "gamma": 0.015820942920944825}, "datetime": {"datetime": "2021-09-27 18:46:50", "elapsed": 388.303781, "delta": 1.791431}}
{"target": -11.061292908387953, "params": {"C": 253.35830064648124, "epsilon": 0.34028158458145313, "gamma": 0.01}, "datetime": {"datetime": "2021-09-27 18:46:54", "elapsed": 392.426274, "delta": 4.122493}}
{"target": -14.79324857524447, "params": {"C": 253.51623703471202, "epsilon": 0.5994166980937015, "gamma": 0.1496619826855225}, "datetime": {"datetime": "2021-09-27 18:46:57", "elapsed": 395.07976, "delta": 2.653486}}
{"target": -10.506551840845562, "params": {"C": 192.83925217347053, "epsilon": 0.8152243601394696, "gamma": 0.026849159648434484}, "datetime": {"datetime": "2021-09-27 18:47:00", "elapsed": 398.908504, "delta": 3.828744}}
{"target": -13.979162916712538, "params": {"C": 193.20748853939597, "epsilon": 0.8710767459735804, "gamma": 0.12906974733413593}, "datetime": {"datetime": "2021-09-27 18:47:04", "elapsed": 402.007224, "delta": 3.09872}}
{"target": -10.558774241096614, "params": {"C": 192.67006063576235, "epsilon": 0.8121728144359671, "gamma": 0.04063372132912516}, "datetime": {"datetime": "2021-09-27 18:47:06", "elapsed": 404.902921, "delta": 2.895697}}
{"target": -14.885641905866725, "params": {"C": 192.76059462225598, "epsilon": 0.8077282999994551, "gamma": 0.16382880308741177}, "datetime": {"datetime": "2021-09-27 18:47:09", "elapsed": 407.934992, "delta": 3.032071}}
{"target": -14.400615247764852, "params": {"C": 193.4509997750948, "epsilon": 0.3901390224469611, "gamma": 0.16500808211034151}, "datetime": {"datetime": "2021-09-27 18:47:12", "elapsed": 410.644051, "delta": 2.709059}}
{"target": -10.763350533592607, "params": {"C": 192.49148442280423, "epsilon": 0.909513804491216, "gamma": 0.03122763283409391}, "datetime": {"datetime": "2021-09-27 18:47:15", "elapsed": 413.252076, "delta": 2.608025}}
{"target": -10.85420558870801, "params": {"C": 193.55910092051494, "epsilon": 0.8438486386154541, "gamma": 0.051387098810282854}, "datetime": {"datetime": "2021-09-27 18:47:19", "elapsed": 416.970493, "delta": 3.718417}}
{"target": -10.474071455275238, "params": {"C": 207.0544491356474, "epsilon": 0.05638788076497844, "gamma": 0.03343840992777219}, "datetime": {"datetime": "2021-09-27 18:47:21", "elapsed": 419.875764, "delta": 2.905271}}
{"target": -14.50777987397652, "params": {"C": 207.13747869901445, "epsilon": 0.1347277360351709, "gamma": 0.17944195355204481}, "datetime": {"datetime": "2021-09-27 18:47:25", "elapsed": 423.300135, "delta": 3.424371}}
{"target": -10.705667337471063, "params": {"C": 206.83827732819321, "epsilon": 0.1823866031339467, "gamma": 0.04722188818877462}, "datetime": {"datetime": "2021-09-27 18:47:28", "elapsed": 426.296027, "delta": 2.995892}}
{"target": -10.788910987447942, "params": {"C": 193.19383154692989, "epsilon": 0.10423497986973544, "gamma": 0.05373884934753442}, "datetime": {"datetime": "2021-09-27 18:47:31", "elapsed": 429.355687, "delta": 3.05966}}
{"target": -10.817701370984583, "params": {"C": 206.96591867376486, "epsilon": 0.09257192328019863, "gamma": 0.016442102144369766}, "datetime": {"datetime": "2021-09-27 18:47:34", "elapsed": 432.766395, "delta": 3.410708}}
{"target": -10.859977195141276, "params": {"C": 249.78277361900024, "epsilon": 0.27187212925976345, "gamma": 0.053017357735611934}, "datetime": {"datetime": "2021-09-27 18:47:36", "elapsed": 434.49371, "delta": 1.727315}}
{"target": -10.580026010313615, "params": {"C": 192.55055505608595, "epsilon": 0.7208873356475817, "gamma": 0.019854974864441037}, "datetime": {"datetime": "2021-09-27 18:47:39", "elapsed": 437.574759, "delta": 3.081049}}
{"target": -14.710325048090414, "params": {"C": 206.82415282951933, "epsilon": 0.330073166771643, "gamma": 0.18154399476625965}, "datetime": {"datetime": "2021-09-27 18:47:42", "elapsed": 439.962951, "delta": 2.388192}}
{"target": -10.791687804174451, "params": {"C": 192.71387625513375, "epsilon": 0.96881367609246, "gamma": 0.02691783564388754}, "datetime": {"datetime": "2021-09-27 18:47:45", "elapsed": 443.132576, "delta": 3.169625}}
{"target": -15.736272093013367, "params": {"C": 249.6067771428632, "epsilon": 0.5953757826603201, "gamma": 0.2539472573774304}, "datetime": {"datetime": "2021-09-27 18:47:46", "elapsed": 444.422351, "delta": 1.289775}}
{"target": -10.571520147037083, "params": {"C": 294.5324749044528, "epsilon": 0.8104312284146662, "gamma": 0.017735264627867522}, "datetime": {"datetime": "2021-09-27 18:47:47", "elapsed": 445.796343, "delta": 1.373992}}
{"target": -11.261445116609863, "params": {"C": 192.87899044033298, "epsilon": 0.9693371882444, "gamma": 0.011092830934038546}, "datetime": {"datetime": "2021-09-27 18:47:51", "elapsed": 449.866723, "delta": 4.07038}}
{"target": -13.864269345285834, "params": {"C": 294.5881770491798, "epsilon": 0.6538607733469551, "gamma": 0.10914594675198315}, "datetime": {"datetime": "2021-09-27 18:47:54", "elapsed": 452.907313, "delta": 3.04059}}
{"target": -14.626879628668583, "params": {"C": 294.4811731491483, "epsilon": 0.9892044680198906, "gamma": 0.1265579882961818}, "datetime": {"datetime": "2021-09-27 18:47:58", "elapsed": 456.533911, "delta": 3.626598}}
{"target": -10.742395143279667, "params": {"C": 253.3546563322076, "epsilon": 0.6274619307785896, "gamma": 0.04884016618375724}, "datetime": {"datetime": "2021-09-27 18:48:00", "elapsed": 458.449746, "delta": 1.915835}}
{"target": -14.454740016871353, "params": {"C": 235.05292844610491, "epsilon": 0.111543840707374, "gamma": 0.1632747060092593}, "datetime": {"datetime": "2021-09-27 18:48:02", "elapsed": 460.078747, "delta": 1.629001}}
{"target": -15.780037645268235, "params": {"C": 151.78237526788894, "epsilon": 0.7566931406581404, "gamma": 0.26318224972706045}, "datetime": {"datetime": "2021-09-27 18:48:03", "elapsed": 461.6439, "delta": 1.565153}}
{"target": -14.91642889127243, "params": {"C": 193.46300115899496, "epsilon": 0.787134528852752, "gamma": 0.16514781491970357}, "datetime": {"datetime": "2021-09-27 18:48:07", "elapsed": 465.171841, "delta": 3.527941}}
{"target": -14.700358090794433, "params": {"C": 237.99014105899715, "epsilon": 0.8778650178320274, "gamma": 0.14288401233080744}, "datetime": {"datetime": "2021-09-27 18:48:08", "elapsed": 466.671399, "delta": 1.499558}}
{"target": -12.855621649966864, "params": {"C": 299.6307015116349, "epsilon": 0.5585888636873816, "gamma": 0.08937062400917675}, "datetime": {"datetime": "2021-09-27 18:48:10", "elapsed": 468.182564, "delta": 1.511165}}
{"target": -10.398560296773244, "params": {"C": 193.09851090421884, "epsilon": 0.2504090243905933, "gamma": 0.038513992731615466}, "datetime": {"datetime": "2021-09-27 18:48:14", "elapsed": 472.163815, "delta": 3.981251}}
{"target": -12.707210021072282, "params": {"C": 253.22145579081769, "epsilon": 0.6923286744288448, "gamma": 0.08972646697069249}, "datetime": {"datetime": "2021-09-27 18:48:17", "elapsed": 475.60887, "delta": 3.445055}}
{"target": -12.655235789944353, "params": {"C": 181.214581377868, "epsilon": 0.611669364075082, "gamma": 0.09992769141556775}, "datetime": {"datetime": "2021-09-27 18:48:19", "elapsed": 477.429836, "delta": 1.820966}}
{"target": -12.460923368029372, "params": {"C": 225.33211329875854, "epsilon": 0.6893901564633127, "gamma": 0.08742308181732102}, "datetime": {"datetime": "2021-09-27 18:48:21", "elapsed": 479.289549, "delta": 1.859713}}
{"target": -11.063266152589627, "params": {"C": 219.7123024280451, "epsilon": 0.2622470084577825, "gamma": 0.011410627122580095}, "datetime": {"datetime": "2021-09-27 18:48:25", "elapsed": 483.331114, "delta": 4.041565}}
{"target": -10.749386293049948, "params": {"C": 193.77044833260737, "epsilon": 0.875713753163043, "gamma": 0.048419152580017354}, "datetime": {"datetime": "2021-09-27 18:48:29", "elapsed": 487.842444, "delta": 4.51133}}
{"target": -11.021080915822763, "params": {"C": 193.66233573477535, "epsilon": 0.7971565445849492, "gamma": 0.011490433318082322}, "datetime": {"datetime": "2021-09-27 18:48:34", "elapsed": 491.979655, "delta": 4.137211}}
{"target": -10.643524587495715, "params": {"C": 206.76580128067818, "epsilon": 0.04843755024787226, "gamma": 0.018572795347035556}, "datetime": {"datetime": "2021-09-27 18:48:38", "elapsed": 496.336867, "delta": 4.357212}}
{"target": -10.185729951475583, "params": {"C": 206.63648285212142, "epsilon": 0.12824563149249119, "gamma": 0.029254471746943886}, "datetime": {"datetime": "2021-09-27 18:48:41", "elapsed": 499.699742, "delta": 3.362875}}
{"target": -11.838931660340993, "params": {"C": 228.54300246976086, "epsilon": 0.3178140729179401, "gamma": 0.07838947476712839}, "datetime": {"datetime": "2021-09-27 18:48:43", "elapsed": 501.711742, "delta": 2.012}}
{"target": -10.89272720890692, "params": {"C": 206.4437401872577, "epsilon": 0.21962264765229744, "gamma": 0.0578648905017815}, "datetime": {"datetime": "2021-09-27 18:48:48", "elapsed": 506.87851, "delta": 5.166768}}
{"target": -10.240864872364433, "params": {"C": 206.37232269936385, "epsilon": 0.04915746703408813, "gamma": 0.025908267392573597}, "datetime": {"datetime": "2021-09-27 18:48:54", "elapsed": 512.913437, "delta": 6.034927}}
{"target": -12.69371105479133, "params": {"C": 206.26251288682806, "epsilon": 0.17383370173494897, "gamma": 0.10237359406924837}, "datetime": {"datetime": "2021-09-27 18:49:00", "elapsed": 518.0948, "delta": 5.181363}}
{"target": -14.86746941209457, "params": {"C": 206.4835919148342, "epsilon": 0.06247396911038871, "gamma": 0.22049529317985306}, "datetime": {"datetime": "2021-09-27 18:49:04", "elapsed": 522.943437, "delta": 4.848637}}
{"target": -10.234538758783742, "params": {"C": 193.39746548148196, "epsilon": 0.05969715256546401, "gamma": 0.03004870062211902}, "datetime": {"datetime": "2021-09-27 18:49:10", "elapsed": 528.511833, "delta": 5.568396}}
{"target": -11.765849718522045, "params": {"C": 299.00445403312835, "epsilon": 0.6725604778587557, "gamma": 0.0662756284749236}, "datetime": {"datetime": "2021-09-27 18:49:12", "elapsed": 530.857834, "delta": 2.346001}}
{"target": -14.597486875520236, "params": {"C": 193.27263427945837, "epsilon": 0.09024933615490557, "gamma": 0.19501448475567368}, "datetime": {"datetime": "2021-09-27 18:49:19", "elapsed": 537.482461, "delta": 6.624627}}
{"target": -13.737758784755014, "params": {"C": 249.90642889571342, "epsilon": 0.16869321005677942, "gamma": 0.12288489105651666}, "datetime": {"datetime": "2021-09-27 18:49:23", "elapsed": 541.242749, "delta": 3.760288}}
{"target": -11.225310857167893, "params": {"C": 206.52771895006902, "epsilon": 0.08184031928100659, "gamma": 0.010016626895782081}, "datetime": {"datetime": "2021-09-27 18:49:28", "elapsed": 545.980089, "delta": 4.73734}}
{"target": -10.208531762006748, "params": {"C": 193.04438542640833, "epsilon": 0.04340073383531124, "gamma": 0.02754361965018185}, "datetime": {"datetime": "2021-09-27 18:49:33", "elapsed": 551.730972, "delta": 5.750883}}
{"target": -15.173270128785834, "params": {"C": 289.6843497343607, "epsilon": 0.44987928267997124, "gamma": 0.1866178122408368}, "datetime": {"datetime": "2021-09-27 18:49:36", "elapsed": 554.246034, "delta": 2.515062}}
{"target": -10.326617834744686, "params": {"C": 151.58989972769297, "epsilon": 0.09077058514008296, "gamma": 0.037775757904717426}, "datetime": {"datetime": "2021-09-27 18:49:40", "elapsed": 558.136177, "delta": 3.890143}}
{"target": -14.254995423027594, "params": {"C": 151.50560555634638, "epsilon": 0.03885044399831229, "gamma": 0.19444764833402006}, "datetime": {"datetime": "2021-09-27 18:49:44", "elapsed": 562.104878, "delta": 3.968701}}
{"target": -10.155255150008582, "params": {"C": 151.72871993557703, "epsilon": 0.13020311870602808, "gamma": 0.03337868724642068}, "datetime": {"datetime": "2021-09-27 18:49:47", "elapsed": 565.956343, "delta": 3.851465}}
{"target": -10.545057388884638, "params": {"C": 192.90916220680566, "epsilon": 0.18371744778983218, "gamma": 0.02008916877370666}, "datetime": {"datetime": "2021-09-27 18:49:51", "elapsed": 569.746611, "delta": 3.790268}}
{"target": -10.595218419294882, "params": {"C": 172.630499000685, "epsilon": 0.7933740719017001, "gamma": 0.04201307437123699}, "datetime": {"datetime": "2021-09-27 18:49:53", "elapsed": 571.70392, "delta": 1.957309}}
{"target": -10.670134416532177, "params": {"C": 193.6322373953254, "epsilon": 0.97956828661222, "gamma": 0.04246579067298835}, "datetime": {"datetime": "2021-09-27 18:49:58", "elapsed": 576.880356, "delta": 5.176436}}
{"target": -11.191401362720166, "params": {"C": 172.8017292263286, "epsilon": 0.7989779180864759, "gamma": 0.01}, "datetime": {"datetime": "2021-09-27 18:50:05", "elapsed": 583.40407, "delta": 6.523714}}
{"target": -14.281865307702033, "params": {"C": 157.9164039364428, "epsilon": 0.19973028963649186, "gamma": 0.18627409381910032}, "datetime": {"datetime": "2021-09-27 18:50:08", "elapsed": 586.276969, "delta": 2.872899}}
{"target": -10.641896204935911, "params": {"C": 193.58654365875543, "epsilon": 0.1125756061953691, "gamma": 0.044957249858000994}, "datetime": {"datetime": "2021-09-27 18:50:13", "elapsed": 591.631507, "delta": 5.354538}}
{"target": -14.278492115678047, "params": {"C": 192.981498511219, "epsilon": 0.1674971522542802, "gamma": 0.1684966390345378}, "datetime": {"datetime": "2021-09-27 18:50:20", "elapsed": 598.048219, "delta": 6.416712}}
{"target": -13.326866985388843, "params": {"C": 172.71139626164026, "epsilon": 0.6618243843990441, "gamma": 0.11732558203556603}, "datetime": {"datetime": "2021-09-27 18:50:25", "elapsed": 603.250521, "delta": 5.202302}}
{"target": -11.285465511708493, "params": {"C": 249.60108295410504, "epsilon": 0.19242480716575192, "gamma": 0.06664831267268394}, "datetime": {"datetime": "2021-09-27 18:50:30", "elapsed": 608.79463, "delta": 5.544109}}
{"target": -15.331770098173036, "params": {"C": 172.71849339042888, "epsilon": 0.9087238196078408, "gamma": 0.19690261352539085}, "datetime": {"datetime": "2021-09-27 18:50:36", "elapsed": 614.4268, "delta": 5.63217}}
{"target": -15.83922374129724, "params": {"C": 193.80828120248884, "epsilon": 0.9280593098676172, "gamma": 0.24018826509454513}, "datetime": {"datetime": "2021-09-27 18:50:40", "elapsed": 618.237324, "delta": 3.810524}}
{"target": -11.207359650711446, "params": {"C": 287.18943251723874, "epsilon": 0.3363761225607731, "gamma": 0.056917836711300025}, "datetime": {"datetime": "2021-09-27 18:50:42", "elapsed": 620.398526, "delta": 2.161202}}
{"target": -12.42776925241725, "params": {"C": 237.48725677567367, "epsilon": 0.09229413407863195, "gamma": 0.09434085788402206}, "datetime": {"datetime": "2021-09-27 18:50:44", "elapsed": 622.436035, "delta": 2.037509}}
