{"target": -7.186593112445496, "params": {"C": 3.894006077728575, "epsilon": 7.309015395017003, "gamma": 2.810262062069335}, "datetime": {"datetime": "2021-09-18 08:48:50", "elapsed": 318.169985, "delta": 1.780618}}
{"target": -5.190703409834003, "params": {"C": 36.15696310331876, "epsilon": 3.444619094769183, "gamma": 0.0001}, "datetime": {"datetime": "2021-09-18 08:48:52", "elapsed": 320.050163, "delta": 1.880178}}
{"target": -5.71749798130005, "params": {"C": 18.376414961567317, "epsilon": 0.001, "gamma": 3.0}, "datetime": {"datetime": "2021-09-18 08:48:54", "elapsed": 322.028003, "delta": 1.97784}}
{"target": -6.959896984653384, "params": {"C": 20.994259891656558, "epsilon": 6.285438064406103, "gamma": 3.0}, "datetime": {"datetime": "2021-09-18 08:48:56", "elapsed": 324.174428, "delta": 2.146425}}
{"target": -9.445138046472099, "params": {"C": 8.846132294150715, "epsilon": 17.633991653870847, "gamma": 3.0}, "datetime": {"datetime": "2021-09-18 08:48:58", "elapsed": 325.830149, "delta": 1.655721}}
{"target": -9.108236967512145, "params": {"C": 41.11211967031767, "epsilon": 15.719561499103854, "gamma": 3.0}, "datetime": {"datetime": "2021-09-18 08:49:00", "elapsed": 328.245375, "delta": 2.415226}}
{"target": -2.1947029473900543, "params": {"C": 48.09237062054176, "epsilon": 0.9090251154428863, "gamma": 0.04619432003484332}, "datetime": {"datetime": "2021-09-18 08:49:02", "elapsed": 330.271083, "delta": 2.025708}}
{"target": -6.455211371486803, "params": {"C": 42.76630454648386, "epsilon": 6.605482379275282, "gamma": 1.6293418534131576}, "datetime": {"datetime": "2021-09-18 08:49:05", "elapsed": 332.603246, "delta": 2.332163}}
{"target": -9.319078947368421, "params": {"C": 19.43550611926329, "epsilon": 23.206553006422794, "gamma": 3.0}, "datetime": {"datetime": "2021-09-18 08:49:07", "elapsed": 334.459531, "delta": 1.856285}}
{"target": -9.28780087236384, "params": {"C": 50.0, "epsilon": 17.497231069909365, "gamma": 0.0001}, "datetime": {"datetime": "2021-09-18 08:49:09", "elapsed": 336.554467, "delta": 2.094936}}
{"target": -6.486239193271821, "params": {"C": 9.125615472891177, "epsilon": 4.597828369333975, "gamma": 2.5069245813920924}, "datetime": {"datetime": "2021-09-18 08:49:11", "elapsed": 338.518757, "delta": 1.96429}}
{"target": -6.749712053967766, "params": {"C": 2.256533198892411, "epsilon": 2.510671966979537, "gamma": 2.3554229068200656}, "datetime": {"datetime": "2021-09-18 08:49:13", "elapsed": 340.864236, "delta": 2.345479}}
{"target": -5.906037401682378, "params": {"C": 33.464685021796846, "epsilon": 1.7015470591613133, "gamma": 3.0}, "datetime": {"datetime": "2021-09-18 08:49:15", "elapsed": 342.889215, "delta": 2.024979}}
{"target": -8.078898576286122, "params": {"C": 30.85685289705627, "epsilon": 11.06818286837961, "gamma": 2.9656843319589856}, "datetime": {"datetime": "2021-09-18 08:49:17", "elapsed": 344.954811, "delta": 2.065596}}
{"target": -5.933798958676275, "params": {"C": 39.189356074957246, "epsilon": 1.8211486886042891, "gamma": 3.0}, "datetime": {"datetime": "2021-09-18 08:49:19", "elapsed": 347.320029, "delta": 2.365218}}
{"target": -6.133830994145964, "params": {"C": 6.43427267443452, "epsilon": 0.001, "gamma": 3.0}, "datetime": {"datetime": "2021-09-18 08:49:22", "elapsed": 349.385574, "delta": 2.065545}}
{"target": -5.619524344751224, "params": {"C": 8.599451953682822, "epsilon": 7.756866573325711, "gamma": 0.0041433079435264425}, "datetime": {"datetime": "2021-09-18 08:49:24", "elapsed": 351.407626, "delta": 2.022052}}
{"target": -2.7408571869203624, "params": {"C": 47.47520317614709, "epsilon": 3.857670191936448, "gamma": 0.013681497262907029}, "datetime": {"datetime": "2021-09-18 08:49:26", "elapsed": 353.450962, "delta": 2.043336}}
{"target": -7.1747751556818, "params": {"C": 22.842867882431264, "epsilon": 11.773927408484864, "gamma": 0.00761865270275577}, "datetime": {"datetime": "2021-09-18 08:49:28", "elapsed": 355.931097, "delta": 2.480135}}
{"target": -9.776360072420005, "params": {"C": 30.033621741328243, "epsilon": 21.180146115447663, "gamma": 0.0001}, "datetime": {"datetime": "2021-09-18 08:49:31", "elapsed": 358.521164, "delta": 2.590067}}
{"target": -8.820766902420232, "params": {"C": 16.932456706603585, "epsilon": 14.198428101115507, "gamma": 2.996522352927169}, "datetime": {"datetime": "2021-09-18 08:49:33", "elapsed": 361.086296, "delta": 2.565132}}
{"target": -6.575191209677276, "params": {"C": 42.10800700145057, "epsilon": 9.386488703989482, "gamma": 0.0001}, "datetime": {"datetime": "2021-09-18 08:49:36", "elapsed": 363.826506, "delta": 2.74021}}
{"target": -2.7075600711378853, "params": {"C": 30.33819911496897, "epsilon": 4.126613467744078, "gamma": 0.02320453716509293}, "datetime": {"datetime": "2021-09-18 08:49:39", "elapsed": 366.374072, "delta": 2.547566}}
{"target": -9.319078947368421, "params": {"C": 2.700102394422757, "epsilon": 29.928491791857617, "gamma": 2.9989300023852064}, "datetime": {"datetime": "2021-09-18 08:49:41", "elapsed": 368.948556, "delta": 2.574484}}
{"target": -8.503865667423398, "params": {"C": 3.7109103428956036, "epsilon": 15.014554124124333, "gamma": 3.0}, "datetime": {"datetime": "2021-09-18 08:49:44", "elapsed": 371.448104, "delta": 2.499548}}
{"target": -8.33191148318651, "params": {"C": 11.325395497375414, "epsilon": 12.170017035677237, "gamma": 3.0}, "datetime": {"datetime": "2021-09-18 08:49:46", "elapsed": 373.723309, "delta": 2.275205}}
{"target": -2.5402690568974085, "params": {"C": 36.28058294299712, "epsilon": 0.8899100403299528, "gamma": 0.2721336477870938}, "datetime": {"datetime": "2021-09-18 08:49:48", "elapsed": 376.296386, "delta": 2.573077}}
{"target": -4.853845226431107, "params": {"C": 41.36493001350113, "epsilon": 1.581361793637225, "gamma": 0.0001}, "datetime": {"datetime": "2021-09-18 08:49:51", "elapsed": 379.002363, "delta": 2.705977}}
{"target": -5.273761676823837, "params": {"C": 7.447019238912713, "epsilon": 2.6614796981505364, "gamma": 1.24504024156886}, "datetime": {"datetime": "2021-09-18 08:49:53", "elapsed": 381.294935, "delta": 2.292572}}
{"target": -6.342253176048231, "params": {"C": 37.941985805873344, "epsilon": 7.051061872789079, "gamma": 1.2448126218664817}, "datetime": {"datetime": "2021-09-18 08:49:56", "elapsed": 384.074203, "delta": 2.779268}}
{"target": -5.63219817851713, "params": {"C": 49.89562042677764, "epsilon": 0.27929645150994603, "gamma": 2.970855085201069}, "datetime": {"datetime": "2021-09-18 08:49:59", "elapsed": 387.2466, "delta": 3.172397}}
{"target": -6.217324510162268, "params": {"C": 13.699306915781275, "epsilon": 2.5369941346628, "gamma": 3.0}, "datetime": {"datetime": "2021-09-18 08:50:02", "elapsed": 390.022843, "delta": 2.776243}}
{"target": -9.319078947368421, "params": {"C": 12.259731503505405, "epsilon": 30.0, "gamma": 0.0001}, "datetime": {"datetime": "2021-09-18 08:50:05", "elapsed": 392.411471, "delta": 2.388628}}
{"target": -8.500678209616078, "params": {"C": 36.83330114149867, "epsilon": 12.772176700744918, "gamma": 3.0}, "datetime": {"datetime": "2021-09-18 08:50:07", "elapsed": 394.646564, "delta": 2.235093}}
{"target": -4.635170634632422, "params": {"C": 48.670495727607914, "epsilon": 1.8249070273162986, "gamma": 1.3131325786808694}, "datetime": {"datetime": "2021-09-18 08:50:09", "elapsed": 397.185281, "delta": 2.538717}}
{"target": -6.600282672240115, "params": {"C": 38.91582458950638, "epsilon": 9.378785796873409, "gamma": 0.0001}, "datetime": {"datetime": "2021-09-18 08:50:12", "elapsed": 399.856393, "delta": 2.671112}}
{"target": -3.220102091573763, "params": {"C": 10.876994751209436, "epsilon": 0.001, "gamma": 0.43237212441871464}, "datetime": {"datetime": "2021-09-18 08:50:15", "elapsed": 402.453891, "delta": 2.597498}}
{"target": -2.5255506980231672, "params": {"C": 29.961702640282542, "epsilon": 0.6291673175078261, "gamma": 0.013984113953881066}, "datetime": {"datetime": "2021-09-18 08:50:17", "elapsed": 405.028746, "delta": 2.574855}}
{"target": -8.73536424739693, "params": {"C": 20.686995012885767, "epsilon": 17.094914549406973, "gamma": 0.0001}, "datetime": {"datetime": "2021-09-18 08:50:19", "elapsed": 407.12004, "delta": 2.091294}}
{"target": -5.546460277946812, "params": {"C": 47.72341917270134, "epsilon": 4.796390261380089, "gamma": 1.2851125604966542}, "datetime": {"datetime": "2021-09-18 08:50:22", "elapsed": 409.452928, "delta": 2.332888}}
{"target": -9.319078947368421, "params": {"C": 29.790067643905626, "epsilon": 30.0, "gamma": 0.0001}, "datetime": {"datetime": "2021-09-18 08:50:24", "elapsed": 411.726702, "delta": 2.273774}}
{"target": -4.116820737925318, "params": {"C": 2.7327133197116855, "epsilon": 5.258765691636442, "gamma": 0.07504751200239186}, "datetime": {"datetime": "2021-09-18 08:50:27", "elapsed": 414.601149, "delta": 2.874447}}
{"target": -5.35579595859175, "params": {"C": 31.55410982156873, "epsilon": 4.1669630448909905, "gamma": 0.0001}, "datetime": {"datetime": "2021-09-18 08:50:29", "elapsed": 416.962509, "delta": 2.36136}}
{"target": -2.9398281289394683, "params": {"C": 22.623757436460394, "epsilon": 4.181444179749615, "gamma": 0.012660397974023047}, "datetime": {"datetime": "2021-09-18 08:50:33", "elapsed": 420.354629, "delta": 3.39212}}
{"target": -4.149842700183733, "params": {"C": 30.687458588962844, "epsilon": 6.091721828498234, "gamma": 0.18982432022844692}, "datetime": {"datetime": "2021-09-18 08:50:35", "elapsed": 422.660115, "delta": 2.305486}}
{"target": -2.5992743948363506, "params": {"C": 32.071251431761105, "epsilon": 0.008283064117220466, "gamma": 0.008467445865841807}, "datetime": {"datetime": "2021-09-18 08:50:39", "elapsed": 426.490358, "delta": 3.830243}}
{"target": -6.015107428147938, "params": {"C": 42.49560309850022, "epsilon": 2.162461262189647, "gamma": 2.9966208679058774}, "datetime": {"datetime": "2021-09-18 08:50:42", "elapsed": 429.481403, "delta": 2.991045}}
{"target": -3.785349149034514, "params": {"C": 33.388710673202205, "epsilon": 5.333050957797921, "gamma": 0.20579897260499938}, "datetime": {"datetime": "2021-09-18 08:50:45", "elapsed": 432.357927, "delta": 2.876524}}
{"target": -5.909268617848503, "params": {"C": 26.036499183593367, "epsilon": 4.601063042573994, "gamma": 1.7423405623572186}, "datetime": {"datetime": "2021-09-18 08:50:47", "elapsed": 434.670309, "delta": 2.312382}}
{"target": -9.319078947368421, "params": {"C": 12.924550045275847, "epsilon": 23.280384019032713, "gamma": 0.018918433772850903}, "datetime": {"datetime": "2021-09-18 08:50:49", "elapsed": 436.903668, "delta": 2.233359}}
{"target": -4.603059246056534, "params": {"C": 20.051847385450458, "epsilon": 7.824503044676072, "gamma": 0.055413052747906276}, "datetime": {"datetime": "2021-09-18 08:50:52", "elapsed": 439.461518, "delta": 2.55785}}
{"target": -6.094545169890737, "params": {"C": 19.28770170451914, "epsilon": 9.683797589774354, "gamma": 0.07591097869682494}, "datetime": {"datetime": "2021-09-18 08:50:54", "elapsed": 441.965028, "delta": 2.50351}}
{"target": -9.319078947368421, "params": {"C": 8.186323722808382, "epsilon": 25.89332250961441, "gamma": 3.0}, "datetime": {"datetime": "2021-09-18 08:50:56", "elapsed": 444.316062, "delta": 2.351034}}
{"target": -6.160329646807367, "params": {"C": 21.417881770668576, "epsilon": 6.885590592584031, "gamma": 0.0001}, "datetime": {"datetime": "2021-09-18 08:50:59", "elapsed": 446.539715, "delta": 2.223653}}
{"target": -5.480536993283032, "params": {"C": 30.168710250994724, "epsilon": 4.861046184379529, "gamma": 0.0001}, "datetime": {"datetime": "2021-09-18 08:51:01", "elapsed": 448.631107, "delta": 2.091392}}
{"target": -5.050901588945609, "params": {"C": 30.43353541055015, "epsilon": 7.832700826198369, "gamma": 0.18652171010446558}, "datetime": {"datetime": "2021-09-18 08:51:03", "elapsed": 450.956891, "delta": 2.325784}}
{"target": -2.756934690231056, "params": {"C": 29.515720334945758, "epsilon": 3.1846781495287795, "gamma": 0.15225854040524203}, "datetime": {"datetime": "2021-09-18 08:51:06", "elapsed": 453.627175, "delta": 2.670284}}
{"target": -3.7720819411608466, "params": {"C": 16.088384624091894, "epsilon": 0.05440229322384106, "gamma": 0.0014648836480959705}, "datetime": {"datetime": "2021-09-18 08:51:08", "elapsed": 455.97057, "delta": 2.343395}}
{"target": -7.468329434766938, "params": {"C": 2.8174000334488767, "epsilon": 9.740017489798063, "gamma": 0.0001}, "datetime": {"datetime": "2021-09-18 08:51:11", "elapsed": 458.466198, "delta": 2.495628}}
{"target": -3.680019159526399, "params": {"C": 40.521314699785066, "epsilon": 0.7216323467255518, "gamma": 0.8428056603489092}, "datetime": {"datetime": "2021-09-18 08:51:13", "elapsed": 461.154382, "delta": 2.688184}}
{"target": -4.574327915240981, "params": {"C": 42.73638730577209, "epsilon": 0.15609674720321973, "gamma": 1.5182000216100933}, "datetime": {"datetime": "2021-09-18 08:51:16", "elapsed": 463.86285, "delta": 2.708468}}
{"target": -9.319078947368421, "params": {"C": 8.00411904635545, "epsilon": 30.0, "gamma": 0.0001}, "datetime": {"datetime": "2021-09-18 08:51:18", "elapsed": 465.938794, "delta": 2.075944}}
{"target": -2.3641918373302158, "params": {"C": 26.933837691427126, "epsilon": 1.4020480183958712, "gamma": 0.039566047367256066}, "datetime": {"datetime": "2021-09-18 08:51:20", "elapsed": 468.33092, "delta": 2.392126}}
{"target": -9.319078947368421, "params": {"C": 0.1, "epsilon": 23.20393588942798, "gamma": 3.0}, "datetime": {"datetime": "2021-09-18 08:51:23", "elapsed": 470.803049, "delta": 2.472129}}
{"target": -2.561110464518581, "params": {"C": 13.719745278065751, "epsilon": 0.8021992356816736, "gamma": 0.02239996232509535}, "datetime": {"datetime": "2021-09-18 08:51:25", "elapsed": 473.20175, "delta": 2.398701}}
{"target": -3.845660095019089, "params": {"C": 34.99050599706681, "epsilon": 0.16910393681808095, "gamma": 0.9661388104947173}, "datetime": {"datetime": "2021-09-18 08:51:28", "elapsed": 475.822183, "delta": 2.620433}}
{"target": -4.550045459577093, "params": {"C": 33.63515380469921, "epsilon": 4.1815573340961, "gamma": 0.7614679709433062}, "datetime": {"datetime": "2021-09-18 08:51:30", "elapsed": 478.028222, "delta": 2.206039}}
{"target": -7.520714039812525, "params": {"C": 33.59591580431228, "epsilon": 8.78018921197927, "gamma": 3.0}, "datetime": {"datetime": "2021-09-18 08:51:33", "elapsed": 481.145093, "delta": 3.116871}}
{"target": -7.528749572589543, "params": {"C": 17.231055176006123, "epsilon": 8.815644995644123, "gamma": 3.0}, "datetime": {"datetime": "2021-09-18 08:51:36", "elapsed": 483.752696, "delta": 2.607603}}
{"target": -9.319078947368421, "params": {"C": 21.465456218442224, "epsilon": 26.16356136776858, "gamma": 0.0001}, "datetime": {"datetime": "2021-09-18 08:51:39", "elapsed": 486.857662, "delta": 3.104966}}
{"target": -3.876110838376225, "params": {"C": 28.250794679184807, "epsilon": 6.926812485300872, "gamma": 0.04725393531030504}, "datetime": {"datetime": "2021-09-18 08:51:41", "elapsed": 489.01774, "delta": 2.160078}}
{"target": -6.657606387358146, "params": {"C": 28.935932587898044, "epsilon": 7.9192748218287505, "gamma": 1.2300184083813257}, "datetime": {"datetime": "2021-09-18 08:51:44", "elapsed": 491.404019, "delta": 2.386279}}
{"target": -9.680017464206157, "params": {"C": 46.29041210483684, "epsilon": 19.761792175295582, "gamma": 3.0}, "datetime": {"datetime": "2021-09-18 08:51:46", "elapsed": 493.821447, "delta": 2.417428}}
{"target": -8.197179352382324, "params": {"C": 30.30886478940135, "epsilon": 13.17481209861005, "gamma": 0.23642422411170613}, "datetime": {"datetime": "2021-09-18 08:51:48", "elapsed": 495.986736, "delta": 2.165289}}
{"target": -9.319078947368421, "params": {"C": 13.653086541033861, "epsilon": 26.41786773235093, "gamma": 3.0}, "datetime": {"datetime": "2021-09-18 08:51:51", "elapsed": 498.417916, "delta": 2.43118}}
{"target": -7.184382840687569, "params": {"C": 11.900188092765445, "epsilon": 10.845785271535911, "gamma": 0.0001}, "datetime": {"datetime": "2021-09-18 08:51:53", "elapsed": 501.326071, "delta": 2.908155}}
{"target": -7.401500371232115, "params": {"C": 7.085004454699037, "epsilon": 9.186746706455233, "gamma": 3.0}, "datetime": {"datetime": "2021-09-18 08:51:56", "elapsed": 503.609741, "delta": 2.28367}}
{"target": -2.3165743126496587, "params": {"C": 40.586436080583, "epsilon": 0.6309792728411147, "gamma": 0.024307195336907374}, "datetime": {"datetime": "2021-09-18 08:51:59", "elapsed": 506.356651, "delta": 2.74691}}
{"target": -5.621477121121697, "params": {"C": 20.663457498762686, "epsilon": 3.620248035323101, "gamma": 0.0001}, "datetime": {"datetime": "2021-09-18 08:52:01", "elapsed": 509.32308, "delta": 2.966429}}
{"target": -5.15322445986533, "params": {"C": 42.275471023768624, "epsilon": 4.114184362002875, "gamma": 0.0001}, "datetime": {"datetime": "2021-09-18 08:52:05", "elapsed": 512.843093, "delta": 3.520013}}
{"target": -4.422152205287915, "params": {"C": 18.145544040243205, "epsilon": 5.031818345427122, "gamma": 0.5036107897274865}, "datetime": {"datetime": "2021-09-18 08:52:07", "elapsed": 515.238663, "delta": 2.39557}}
{"target": -5.631959764328545, "params": {"C": 16.45601979796168, "epsilon": 4.475778683624557, "gamma": 1.414468453708363}, "datetime": {"datetime": "2021-09-18 08:52:10", "elapsed": 517.760378, "delta": 2.521715}}
{"target": -5.405486377348277, "params": {"C": 19.3472701998878, "epsilon": 6.164335739443468, "gamma": 0.7556096762497654}, "datetime": {"datetime": "2021-09-18 08:52:13", "elapsed": 520.77226, "delta": 3.011882}}
{"target": -9.319078947368421, "params": {"C": 46.16261978277626, "epsilon": 30.0, "gamma": 0.0001}, "datetime": {"datetime": "2021-09-18 08:52:15", "elapsed": 523.323665, "delta": 2.551405}}
{"target": -9.319078947368421, "params": {"C": 30.883693858811473, "epsilon": 23.843948446286788, "gamma": 3.0}, "datetime": {"datetime": "2021-09-18 08:52:18", "elapsed": 525.681772, "delta": 2.358107}}
{"target": -3.9188900795297847, "params": {"C": 45.2642621416431, "epsilon": 0.001, "gamma": 1.0102295592107289}, "datetime": {"datetime": "2021-09-18 08:52:21", "elapsed": 528.787272, "delta": 3.1055}}
{"target": -2.169009012630352, "params": {"C": 39.23768659116371, "epsilon": 0.12595119118530954, "gamma": 0.041886303534676005}, "datetime": {"datetime": "2021-09-18 08:52:24", "elapsed": 531.713345, "delta": 2.926073}}
{"target": -9.738314730924458, "params": {"C": 25.86133562619468, "epsilon": 19.863023077730926, "gamma": 0.06121878664285558}, "datetime": {"datetime": "2021-09-18 08:52:27", "elapsed": 534.630916, "delta": 2.917571}}
{"target": -5.886864508564121, "params": {"C": 26.69667207697975, "epsilon": 6.339752968348425, "gamma": 0.0001}, "datetime": {"datetime": "2021-09-18 08:52:30", "elapsed": 537.617672, "delta": 2.986756}}
{"target": -6.0041361503138395, "params": {"C": 30.64684610738007, "epsilon": 2.170317929104768, "gamma": 2.9705382114316294}, "datetime": {"datetime": "2021-09-18 08:52:32", "elapsed": 540.147519, "delta": 2.529847}}
{"target": -7.514077964355797, "params": {"C": 7.488297183186393, "epsilon": 12.166462727326978, "gamma": 0.0001}, "datetime": {"datetime": "2021-09-18 08:52:35", "elapsed": 542.779371, "delta": 2.631852}}
{"target": -5.610273529218752, "params": {"C": 36.774386260897145, "epsilon": 0.001, "gamma": 3.0}, "datetime": {"datetime": "2021-09-18 08:52:38", "elapsed": 545.473848, "delta": 2.694477}}
{"target": -4.270252812711859, "params": {"C": 20.28921506832357, "epsilon": 3.042918287923196, "gamma": 0.8150154692124312}, "datetime": {"datetime": "2021-09-18 08:52:41", "elapsed": 548.493331, "delta": 3.019483}}
{"target": -3.9973905874763505, "params": {"C": 46.098875742430906, "epsilon": 1.0816721607296451, "gamma": 0.9734841417389481}, "datetime": {"datetime": "2021-09-18 08:52:43", "elapsed": 551.032149, "delta": 2.538818}}
{"target": -3.7174839243659044, "params": {"C": 47.10009152814639, "epsilon": 2.1219951928480816, "gamma": 0.6936109365557201}, "datetime": {"datetime": "2021-09-18 08:52:46", "elapsed": 553.654628, "delta": 2.622479}}
{"target": -2.796318425523077, "params": {"C": 31.74385968768842, "epsilon": 0.9394410961596091, "gamma": 0.006375932570350791}, "datetime": {"datetime": "2021-09-18 08:52:49", "elapsed": 556.750945, "delta": 3.096317}}
{"target": -2.7258481745597534, "params": {"C": 22.91507164391831, "epsilon": 3.40262255293683, "gamma": 0.018987965700893585}, "datetime": {"datetime": "2021-09-18 08:52:52", "elapsed": 559.703327, "delta": 2.952382}}
{"target": -9.319078947368421, "params": {"C": 6.808120292311055, "epsilon": 24.213234444443952, "gamma": 0.0001}, "datetime": {"datetime": "2021-09-18 08:52:55", "elapsed": 563.049403, "delta": 3.346076}}
{"target": -6.27313717737191, "params": {"C": 3.5378691429981766, "epsilon": 4.117267356005018, "gamma": 1.5266315794733774}, "datetime": {"datetime": "2021-09-18 08:52:58", "elapsed": 566.06327, "delta": 3.013867}}
{"target": -2.937429182589187, "params": {"C": 28.21640343919756, "epsilon": 3.2515606031981408, "gamma": 0.0072594771307051605}, "datetime": {"datetime": "2021-09-18 08:53:02", "elapsed": 569.397847, "delta": 3.334577}}
{"target": -8.039639604758921, "params": {"C": 49.98814814291258, "epsilon": 10.981887620013001, "gamma": 2.8044667557620158}, "datetime": {"datetime": "2021-09-18 08:53:04", "elapsed": 571.877755, "delta": 2.479908}}
{"target": -7.079683583794271, "params": {"C": 3.7448546283187776, "epsilon": 6.503404952461782, "gamma": 0.0001}, "datetime": {"datetime": "2021-09-18 08:53:07", "elapsed": 574.7618, "delta": 2.884045}}
{"target": -4.725124795872167, "params": {"C": 27.642506886829345, "epsilon": 4.285732919132355, "gamma": 0.834479911941178}, "datetime": {"datetime": "2021-09-18 08:53:10", "elapsed": 577.840837, "delta": 3.079037}}
{"target": -4.442478019465275, "params": {"C": 1.9804265639684702, "epsilon": 3.8175851794055604, "gamma": 0.24008283038788666}, "datetime": {"datetime": "2021-09-18 08:53:14", "elapsed": 581.487965, "delta": 3.647128}}
