{"target": -11.057884263856211, "params": {"C": 160.30201642516622, "epsilon": 0.1811447417880506, "gamma": 0.010108198131508497}, "datetime": {"datetime": "2021-09-27 18:20:05", "elapsed": 4.597013, "delta": 0.175003}}
{"target": -13.45227982353459, "params": {"C": 191.10254534191563, "epsilon": 0.12082278012324472, "gamma": 0.12606855889126084}, "datetime": {"datetime": "2021-09-27 18:20:05", "elapsed": 4.83826, "delta": 0.241247}}
{"target": -11.04552868281481, "params": {"C": 178.38535901640893, "epsilon": 0.9098302746696285, "gamma": 0.05822461634113804}, "datetime": {"datetime": "2021-09-27 18:20:06", "elapsed": 5.323535, "delta": 0.485275}}
{"target": -14.028920149335988, "params": {"C": 164.7311370458009, "epsilon": 0.17049463706180856, "gamma": 0.16364189070093}, "datetime": {"datetime": "2021-09-27 18:20:06", "elapsed": 5.566535, "delta": 0.243}}
{"target": -15.198499397504381, "params": {"C": 195.75319368961743, "epsilon": 0.9048184603138683, "gamma": 0.17422561555030297}, "datetime": {"datetime": "2021-09-27 18:20:06", "elapsed": 5.957531, "delta": 0.390996}}
{"target": -10.942064891781918, "params": {"C": 178.64256925675517, "epsilon": 0.6673488125523649, "gamma": 0.01}, "datetime": {"datetime": "2021-09-27 18:20:07", "elapsed": 6.334535, "delta": 0.377004}}
{"target": -11.02390625757073, "params": {"C": 195.32371038668168, "epsilon": 0.24646522906540938, "gamma": 0.01}, "datetime": {"datetime": "2021-09-27 18:20:08", "elapsed": 7.050532, "delta": 0.715997}}
{"target": -10.137008627588314, "params": {"C": 160.3214079486529, "epsilon": 0.2008420200777663, "gamma": 0.029655905975479957}, "datetime": {"datetime": "2021-09-27 18:20:08", "elapsed": 7.334543, "delta": 0.284011}}
{"target": -10.386432471062749, "params": {"C": 193.7103095885547, "epsilon": 0.18168202628443642, "gamma": 0.022525332466747}, "datetime": {"datetime": "2021-09-27 18:20:08", "elapsed": 7.569066, "delta": 0.234523}}
{"target": -13.958208383805083, "params": {"C": 175.80321939635132, "epsilon": 0.907699600310323, "gamma": 0.13187885371526553}, "datetime": {"datetime": "2021-09-27 18:20:08", "elapsed": 7.778067, "delta": 0.209001}}
{"target": -12.275757711487183, "params": {"C": 160.39941087879723, "epsilon": 0.3624639378023944, "gamma": 0.09653812988840153}, "datetime": {"datetime": "2021-09-27 18:20:09", "elapsed": 8.797824, "delta": 1.019757}}
{"target": -13.081555934850856, "params": {"C": 160.41348152703424, "epsilon": 0.14434591087375656, "gamma": 0.12265599117497054}, "datetime": {"datetime": "2021-09-27 18:20:10", "elapsed": 9.190285, "delta": 0.392461}}
{"target": -10.470408071049391, "params": {"C": 178.48206391442665, "epsilon": 0.8190795480733765, "gamma": 0.02573808770705048}, "datetime": {"datetime": "2021-09-27 18:20:10", "elapsed": 9.411289, "delta": 0.221004}}
{"target": -13.805513292498588, "params": {"C": 178.62190478652542, "epsilon": 0.8325252236795763, "gamma": 0.1281742034776035}, "datetime": {"datetime": "2021-09-27 18:20:10", "elapsed": 9.848285, "delta": 0.436996}}
{"target": -12.112420602676528, "params": {"C": 160.25703300580344, "epsilon": 0.28361450185237264, "gamma": 0.09582930584401982}, "datetime": {"datetime": "2021-09-27 18:20:11", "elapsed": 10.171289, "delta": 0.323004}}
{"target": -15.219777642664486, "params": {"C": 171.2466436038012, "epsilon": 0.9764197376990318, "gamma": 0.18547830483669833}, "datetime": {"datetime": "2021-09-27 18:20:11", "elapsed": 10.374286, "delta": 0.202997}}
{"target": -13.9086573434685, "params": {"C": 166.30495694140654, "epsilon": 0.20223574138631506, "gamma": 0.15406157996120848}, "datetime": {"datetime": "2021-09-27 18:20:11", "elapsed": 10.586291, "delta": 0.212005}}
{"target": -13.623773554243343, "params": {"C": 193.71876993261236, "epsilon": 0.25392523600130845, "gamma": 0.12811574546531349}, "datetime": {"datetime": "2021-09-27 18:20:11", "elapsed": 10.952288, "delta": 0.365997}}
{"target": -14.46181360010588, "params": {"C": 164.82619271490847, "epsilon": 0.9947993705296853, "gamma": 0.15362185179327498}, "datetime": {"datetime": "2021-09-27 18:20:12", "elapsed": 11.146287, "delta": 0.193999}}
{"target": -11.122647950909634, "params": {"C": 150.73047850721244, "epsilon": 0.31081514487947765, "gamma": 0.06816383673504757}, "datetime": {"datetime": "2021-09-27 18:20:12", "elapsed": 11.376285, "delta": 0.229998}}
{"target": -10.738969799063735, "params": {"C": 178.47455009825129, "epsilon": 0.7348745735128549, "gamma": 0.050999864904788576}, "datetime": {"datetime": "2021-09-27 18:20:12", "elapsed": 11.941287, "delta": 0.565002}}
{"target": -11.109295160316291, "params": {"C": 196.22876256722563, "epsilon": 0.7213035846666825, "gamma": 0.06061773776212098}, "datetime": {"datetime": "2021-09-27 18:20:13", "elapsed": 12.223285, "delta": 0.281998}}
{"target": -10.607265540465782, "params": {"C": 178.47593333738234, "epsilon": 0.8465333629490773, "gamma": 0.03924314156183329}, "datetime": {"datetime": "2021-09-27 18:20:13", "elapsed": 12.49629, "delta": 0.273005}}
{"target": -10.91664388019861, "params": {"C": 195.46454345500865, "epsilon": 0.3689844685014204, "gamma": 0.01}, "datetime": {"datetime": "2021-09-27 18:20:13", "elapsed": 12.893664, "delta": 0.397374}}
{"target": -10.867392232520313, "params": {"C": 178.59981894204623, "epsilon": 0.47854250601412696, "gamma": 0.01}, "datetime": {"datetime": "2021-09-27 18:20:14", "elapsed": 13.33675, "delta": 0.443086}}
{"target": -10.46187512542919, "params": {"C": 193.68349582210863, "epsilon": 0.02865368649848915, "gamma": 0.03509900753604009}, "datetime": {"datetime": "2021-09-27 18:20:14", "elapsed": 13.667753, "delta": 0.331003}}
{"target": -10.864237477089778, "params": {"C": 178.7818837843248, "epsilon": 0.4434458280287719, "gamma": 0.01}, "datetime": {"datetime": "2021-09-27 18:20:15", "elapsed": 14.102751, "delta": 0.434998}}
{"target": -10.277665170803756, "params": {"C": 193.86269271708994, "epsilon": 0.025614900584901568, "gamma": 0.03012423254149875}, "datetime": {"datetime": "2021-09-27 18:20:15", "elapsed": 14.486496, "delta": 0.383745}}
{"target": -14.785623143709978, "params": {"C": 178.71702945755618, "epsilon": 0.38069470882671813, "gamma": 0.19294770098416408}, "datetime": {"datetime": "2021-09-27 18:20:15", "elapsed": 14.945498, "delta": 0.459002}}
{"target": -11.175728375916115, "params": {"C": 193.55149734173776, "epsilon": 0.1306728238528161, "gamma": 0.01}, "datetime": {"datetime": "2021-09-27 18:20:16", "elapsed": 15.528498, "delta": 0.583}}
{"target": -14.389201625551538, "params": {"C": 195.55665773140822, "epsilon": 0.34749669847661646, "gamma": 0.16805781671447526}, "datetime": {"datetime": "2021-09-27 18:20:16", "elapsed": 15.87451, "delta": 0.346012}}
{"target": -14.186631777630756, "params": {"C": 162.4891631335521, "epsilon": 0.7844976003465909, "gamma": 0.1485492181305421}, "datetime": {"datetime": "2021-09-27 18:20:17", "elapsed": 16.105497, "delta": 0.230987}}
{"target": -14.587848730646439, "params": {"C": 155.71048276270415, "epsilon": 0.5274303440731002, "gamma": 0.17920768574338228}, "datetime": {"datetime": "2021-09-27 18:20:17", "elapsed": 16.375496, "delta": 0.269999}}
{"target": -10.873948567470656, "params": {"C": 195.3181772132868, "epsilon": 0.46059592613806455, "gamma": 0.01}, "datetime": {"datetime": "2021-09-27 18:20:17", "elapsed": 16.755499, "delta": 0.380003}}
{"target": -10.876571555162899, "params": {"C": 195.4544191777961, "epsilon": 0.5646499118624272, "gamma": 0.014104760820836726}, "datetime": {"datetime": "2021-09-27 18:20:18", "elapsed": 17.151499, "delta": 0.396}}
{"target": -11.527380086508748, "params": {"C": 188.25932846868787, "epsilon": 0.042973594623686946, "gamma": 0.08233378834359618}, "datetime": {"datetime": "2021-09-27 18:20:18", "elapsed": 17.523497, "delta": 0.371998}}
{"target": -11.097870129670726, "params": {"C": 178.49457425845668, "epsilon": 0.7211226806261987, "gamma": 0.06187438100364309}, "datetime": {"datetime": "2021-09-27 18:20:18", "elapsed": 17.807496, "delta": 0.283999}}
{"target": -10.883335145140176, "params": {"C": 178.29143680734074, "epsilon": 0.6070447998991249, "gamma": 0.013883582666615584}, "datetime": {"datetime": "2021-09-27 18:20:19", "elapsed": 18.2643, "delta": 0.456804}}
{"target": -11.960286222419706, "params": {"C": 194.0489487865271, "epsilon": 0.15879861588160718, "gamma": 0.09004659741579611}, "datetime": {"datetime": "2021-09-27 18:20:19", "elapsed": 18.818299, "delta": 0.553999}}
{"target": -10.898317170407976, "params": {"C": 178.392561319339, "epsilon": 0.4065159763667281, "gamma": 0.01}, "datetime": {"datetime": "2021-09-27 18:20:20", "elapsed": 19.582061, "delta": 0.763762}}
{"target": -10.49388512292555, "params": {"C": 178.15225911039477, "epsilon": 0.4035268094142587, "gamma": 0.037193716803699615}, "datetime": {"datetime": "2021-09-27 18:20:21", "elapsed": 20.020058, "delta": 0.437997}}
{"target": -15.040987692273694, "params": {"C": 178.19622365176153, "epsilon": 0.5001345574670047, "gamma": 0.1953817988582768}, "datetime": {"datetime": "2021-09-27 18:20:21", "elapsed": 20.500057, "delta": 0.479999}}
{"target": -10.275406440205078, "params": {"C": 178.29987884054478, "epsilon": 0.25017295531945033, "gamma": 0.034650669506498026}, "datetime": {"datetime": "2021-09-27 18:20:21", "elapsed": 20.954965, "delta": 0.454908}}
{"target": -13.085808715799718, "params": {"C": 178.1012204344961, "epsilon": 0.21698893249590367, "gamma": 0.11675736950083472}, "datetime": {"datetime": "2021-09-27 18:20:22", "elapsed": 21.396966, "delta": 0.442001}}
{"target": -10.73389370565317, "params": {"C": 178.38938742740967, "epsilon": 0.005584760076761435, "gamma": 0.06122791768754438}, "datetime": {"datetime": "2021-09-27 18:20:23", "elapsed": 21.972961, "delta": 0.575995}}
{"target": -13.995789331551881, "params": {"C": 199.85794477072392, "epsilon": 0.40686893632659404, "gamma": 0.13822194302263138}, "datetime": {"datetime": "2021-09-27 18:20:23", "elapsed": 22.322964, "delta": 0.350003}}
{"target": -14.881762635791773, "params": {"C": 184.58690540062167, "epsilon": 0.11422015481845652, "gamma": 0.22419027769796052}, "datetime": {"datetime": "2021-09-27 18:20:23", "elapsed": 22.686964, "delta": 0.364}}
{"target": -11.531361552728404, "params": {"C": 178.4975961027551, "epsilon": 0.1385922370123255, "gamma": 0.08210081983195079}, "datetime": {"datetime": "2021-09-27 18:20:24", "elapsed": 23.228526, "delta": 0.541562}}
{"target": -10.95428278006892, "params": {"C": 193.87125677650346, "epsilon": 0.15273082597955137, "gamma": 0.013636921346269829}, "datetime": {"datetime": "2021-09-27 18:20:24", "elapsed": 23.726527, "delta": 0.498001}}
{"target": -10.596464033407909, "params": {"C": 178.85687030898163, "epsilon": 0.6493618569953401, "gamma": 0.02061112266615458}, "datetime": {"datetime": "2021-09-27 18:20:25", "elapsed": 24.287526, "delta": 0.560999}}
{"target": -11.175132997156439, "params": {"C": 179.00856534980596, "epsilon": 0.8006103281331399, "gamma": 0.01}, "datetime": {"datetime": "2021-09-27 18:20:25", "elapsed": 24.858529, "delta": 0.571003}}
{"target": -13.087372439447737, "params": {"C": 179.0532308210525, "epsilon": 0.566271238744161, "gamma": 0.11102822230475608}, "datetime": {"datetime": "2021-09-27 18:20:26", "elapsed": 25.517828, "delta": 0.659299}}
{"target": -11.127512885964085, "params": {"C": 178.28782652481698, "epsilon": 0.0899737032238538, "gamma": 0.01244450007311172}, "datetime": {"datetime": "2021-09-27 18:20:27", "elapsed": 26.046824, "delta": 0.528996}}
{"target": -10.754702649113513, "params": {"C": 164.25462820127822, "epsilon": 0.4809964897640131, "gamma": 0.0192604675555814}, "datetime": {"datetime": "2021-09-27 18:20:27", "elapsed": 26.374826, "delta": 0.328002}}
{"target": -14.282446018579362, "params": {"C": 164.13039081485363, "epsilon": 0.48560705702691886, "gamma": 0.1632368844393079}, "datetime": {"datetime": "2021-09-27 18:20:27", "elapsed": 26.844824, "delta": 0.469998}}
{"target": -10.793826661540011, "params": {"C": 164.45725631139499, "epsilon": 0.5273986571820736, "gamma": 0.011374273318314343}, "datetime": {"datetime": "2021-09-27 18:20:28", "elapsed": 27.456422, "delta": 0.611598}}
{"target": -11.441573097430364, "params": {"C": 178.86338342544568, "epsilon": 0.8025620951445533, "gamma": 0.06754395821851314}, "datetime": {"datetime": "2021-09-27 18:20:28", "elapsed": 27.827419, "delta": 0.370997}}
{"target": -10.544042001772235, "params": {"C": 164.39810641178508, "epsilon": 0.6825920136666238, "gamma": 0.03413370244578223}, "datetime": {"datetime": "2021-09-27 18:20:29", "elapsed": 28.29406, "delta": 0.466641}}
{"target": -13.826662548022226, "params": {"C": 186.58933520486113, "epsilon": 0.8807652184330317, "gamma": 0.12521404468574424}, "datetime": {"datetime": "2021-09-27 18:20:29", "elapsed": 28.679061, "delta": 0.385001}}
{"target": -15.345836473685349, "params": {"C": 164.50185260262762, "epsilon": 0.6869682611915542, "gamma": 0.21199140179640175}, "datetime": {"datetime": "2021-09-27 18:20:30", "elapsed": 29.23237, "delta": 0.553309}}
{"target": -15.110177282871277, "params": {"C": 158.33091838317057, "epsilon": 0.0645270038793117, "gamma": 0.26140244536612506}, "datetime": {"datetime": "2021-09-27 18:20:30", "elapsed": 29.63237, "delta": 0.4}}
{"target": -10.927752984762048, "params": {"C": 164.37042387744796, "epsilon": 0.3331194285255851, "gamma": 0.01}, "datetime": {"datetime": "2021-09-27 18:20:31", "elapsed": 30.180366, "delta": 0.547996}}
{"target": -13.401714400922913, "params": {"C": 195.12953878881808, "epsilon": 0.33078515770527456, "gamma": 0.11854101488993456}, "datetime": {"datetime": "2021-09-27 18:20:31", "elapsed": 30.883101, "delta": 0.702735}}
{"target": -15.247594625079197, "params": {"C": 175.9447428821595, "epsilon": 0.17469672413349022, "gamma": 0.25875495333453385}, "datetime": {"datetime": "2021-09-27 18:20:32", "elapsed": 31.299934, "delta": 0.416833}}
{"target": -15.131719990442672, "params": {"C": 155.15633821592235, "epsilon": 0.6740087921236362, "gamma": 0.19725665793792588}, "datetime": {"datetime": "2021-09-27 18:20:32", "elapsed": 31.719936, "delta": 0.420002}}
{"target": -10.412461368080129, "params": {"C": 164.25002554002333, "epsilon": 0.7287155249741576, "gamma": 0.028833789181927187}, "datetime": {"datetime": "2021-09-27 18:20:33", "elapsed": 32.284878, "delta": 0.564942}}
{"target": -10.816235818928352, "params": {"C": 164.36421503890878, "epsilon": 0.8821035978137565, "gamma": 0.02060159958423311}, "datetime": {"datetime": "2021-09-27 18:20:33", "elapsed": 32.914879, "delta": 0.630001}}
{"target": -10.661397795388012, "params": {"C": 164.03664426642615, "epsilon": 0.9216919411523162, "gamma": 0.02736652237225517}, "datetime": {"datetime": "2021-09-27 18:20:34", "elapsed": 33.448226, "delta": 0.533347}}
{"target": -15.63535453713277, "params": {"C": 164.0904764011538, "epsilon": 0.9591547242569677, "gamma": 0.225578786397639}, "datetime": {"datetime": "2021-09-27 18:20:35", "elapsed": 33.964223, "delta": 0.515997}}
{"target": -15.770938448625538, "params": {"C": 175.22440568941977, "epsilon": 0.48509090176410646, "gamma": 0.2842730743131486}, "datetime": {"datetime": "2021-09-27 18:20:35", "elapsed": 34.340227, "delta": 0.376004}}
{"target": -10.602373763284206, "params": {"C": 163.82917094031, "epsilon": 0.7436140902623465, "gamma": 0.021957554984617662}, "datetime": {"datetime": "2021-09-27 18:20:35", "elapsed": 34.906228, "delta": 0.566001}}
{"target": -11.047477017253637, "params": {"C": 163.8414379220049, "epsilon": 0.8940436237718318, "gamma": 0.058361214631492096}, "datetime": {"datetime": "2021-09-27 18:20:36", "elapsed": 35.466848, "delta": 0.56062}}
{"target": -11.136757659339995, "params": {"C": 163.61305052824883, "epsilon": 0.7762001613577553, "gamma": 0.01}, "datetime": {"datetime": "2021-09-27 18:20:37", "elapsed": 36.20585, "delta": 0.739002}}
{"target": -12.947673515987113, "params": {"C": 163.67548215940772, "epsilon": 0.5350916246279012, "gamma": 0.11160004529878285}, "datetime": {"datetime": "2021-09-27 18:20:37", "elapsed": 36.727846, "delta": 0.521996}}
{"target": -12.012403260140447, "params": {"C": 190.3588832478789, "epsilon": 0.019389447431234125, "gamma": 0.09387200131894571}, "datetime": {"datetime": "2021-09-27 18:20:38", "elapsed": 37.290496, "delta": 0.56265}}
{"target": -16.2829377858004, "params": {"C": 178.71476835198013, "epsilon": 0.9714817419354348, "gamma": 0.2818275659668332}, "datetime": {"datetime": "2021-09-27 18:20:38", "elapsed": 37.659494, "delta": 0.368998}}
{"target": -14.438359271978522, "params": {"C": 150.5940945068603, "epsilon": 0.4980080282172864, "gamma": 0.17484023740864485}, "datetime": {"datetime": "2021-09-27 18:20:39", "elapsed": 38.272074, "delta": 0.61258}}
{"target": -10.867255398882167, "params": {"C": 150.95851749238952, "epsilon": 0.19033670357080198, "gamma": 0.06395954126197399}, "datetime": {"datetime": "2021-09-27 18:20:39", "elapsed": 38.875079, "delta": 0.603005}}
{"target": -10.979097946261014, "params": {"C": 150.75842556667243, "epsilon": 0.03843866938704747, "gamma": 0.07016404510421262}, "datetime": {"datetime": "2021-09-27 18:20:40", "elapsed": 39.651079, "delta": 0.776}}
{"target": -15.339445330379581, "params": {"C": 150.80321692502687, "epsilon": 0.181667678125282, "gamma": 0.27896968336894434}, "datetime": {"datetime": "2021-09-27 18:20:41", "elapsed": 40.285078, "delta": 0.633999}}
{"target": -10.568335218823051, "params": {"C": 151.07099837087137, "epsilon": 0.37875543042057247, "gamma": 0.04308665201354056}, "datetime": {"datetime": "2021-09-27 18:20:42", "elapsed": 41.077183, "delta": 0.792105}}
{"target": -10.920667282559767, "params": {"C": 151.17362571242455, "epsilon": 0.15731329797401442, "gamma": 0.06701374507941141}, "datetime": {"datetime": "2021-09-27 18:20:42", "elapsed": 41.754177, "delta": 0.676994}}
{"target": -10.212213646064846, "params": {"C": 151.35775944986128, "epsilon": 0.4007823319855741, "gamma": 0.030549759762322333}, "datetime": {"datetime": "2021-09-27 18:20:43", "elapsed": 42.425186, "delta": 0.671009}}
{"target": -15.012365710309, "params": {"C": 151.27146053328906, "epsilon": 0.3439765505586676, "gamma": 0.2233371624226434}, "datetime": {"datetime": "2021-09-27 18:20:44", "elapsed": 43.124351, "delta": 0.699165}}
{"target": -10.191862699453614, "params": {"C": 151.56260082790507, "epsilon": 0.2687933455083129, "gamma": 0.03480013054278417}, "datetime": {"datetime": "2021-09-27 18:20:44", "elapsed": 43.867355, "delta": 0.743004}}
{"target": -10.311236509460553, "params": {"C": 151.57935986120313, "epsilon": 0.39828427096079183, "gamma": 0.027354406657908815}, "datetime": {"datetime": "2021-09-27 18:20:45", "elapsed": 44.653349, "delta": 0.785994}}
{"target": -15.477554251631343, "params": {"C": 186.20764417935462, "epsilon": 0.24907991857853998, "gamma": 0.275380108851775}, "datetime": {"datetime": "2021-09-27 18:20:46", "elapsed": 45.14162, "delta": 0.488271}}
{"target": -14.639241452928351, "params": {"C": 184.61583277502396, "epsilon": 0.1446560149079735, "gamma": 0.1995071449344304}, "datetime": {"datetime": "2021-09-27 18:20:46", "elapsed": 45.603624, "delta": 0.462004}}
{"target": -10.21166616592655, "params": {"C": 151.75963472097538, "epsilon": 0.25747481645076714, "gamma": 0.02935043568647286}, "datetime": {"datetime": "2021-09-27 18:20:47", "elapsed": 46.55562, "delta": 0.951996}}
{"target": -15.43779558636591, "params": {"C": 164.7014166934247, "epsilon": 0.4686799491229499, "gamma": 0.2516066981375588}, "datetime": {"datetime": "2021-09-27 18:20:48", "elapsed": 46.970623, "delta": 0.415003}}
{"target": -14.787187897538143, "params": {"C": 167.74225014389359, "epsilon": 0.06469051637068535, "gamma": 0.22380166029907972}, "datetime": {"datetime": "2021-09-27 18:20:48", "elapsed": 47.39634, "delta": 0.425717}}
{"target": -11.169668790470952, "params": {"C": 151.67855852869778, "epsilon": 0.04295432051516594, "gamma": 0.01}, "datetime": {"datetime": "2021-09-27 18:20:49", "elapsed": 48.062653, "delta": 0.666313}}
{"target": -10.604490405076229, "params": {"C": 164.35920371882239, "epsilon": 0.8718686462698544, "gamma": 0.028864007868165627}, "datetime": {"datetime": "2021-09-27 18:20:49", "elapsed": 48.534651, "delta": 0.471998}}
{"target": -14.963547698736726, "params": {"C": 151.70808838641886, "epsilon": 0.17503887546353336, "gamma": 0.23540187027903195}, "datetime": {"datetime": "2021-09-27 18:20:50", "elapsed": 49.375617, "delta": 0.840966}}
{"target": -10.967989206872108, "params": {"C": 151.9566380427689, "epsilon": 0.2890173629078239, "gamma": 0.010071378931797884}, "datetime": {"datetime": "2021-09-27 18:20:51", "elapsed": 50.029614, "delta": 0.653997}}
{"target": -10.739619139745345, "params": {"C": 151.9537734449836, "epsilon": 0.5266558716801607, "gamma": 0.01327851012172984}, "datetime": {"datetime": "2021-09-27 18:20:52", "elapsed": 50.985614, "delta": 0.956}}
{"target": -10.483064492895311, "params": {"C": 151.7618405333656, "epsilon": 0.5162631466675948, "gamma": 0.025006533015602926}, "datetime": {"datetime": "2021-09-27 18:20:52", "elapsed": 51.625429, "delta": 0.639815}}
{"target": -10.638829465291058, "params": {"C": 151.4472711448666, "epsilon": 0.6133152418118297, "gamma": 0.02190805969773542}, "datetime": {"datetime": "2021-09-27 18:20:53", "elapsed": 52.277428, "delta": 0.651999}}
{"target": -10.587212506457622, "params": {"C": 151.2296939502599, "epsilon": 0.5813058902863002, "gamma": 0.023228026706006516}, "datetime": {"datetime": "2021-09-27 18:20:54", "elapsed": 53.184225, "delta": 0.906797}}
{"target": -10.641961131905164, "params": {"C": 178.4905357920005, "epsilon": 0.8154502187386903, "gamma": 0.04485299412392814}, "datetime": {"datetime": "2021-09-27 18:20:54", "elapsed": 53.698222, "delta": 0.513997}}
{"target": -12.51988984828523, "params": {"C": 151.80489505931212, "epsilon": 0.7416325975394109, "gamma": 0.09783288749243005}, "datetime": {"datetime": "2021-09-27 18:20:55", "elapsed": 54.511227, "delta": 0.813005}}
