{"target": -11.218997919739166, "params": {"C": 178.35818450162975, "epsilon": 0.0001, "gamma": 0.01}, "datetime": {"datetime": "2021-09-27 18:40:59", "elapsed": 37.175237, "delta": 0.749538}}
{"target": -15.328717985284946, "params": {"C": 218.92969956593754, "epsilon": 0.8532187192579814, "gamma": 0.1852532379902477}, "datetime": {"datetime": "2021-09-27 18:40:59", "elapsed": 37.651237, "delta": 0.476}}
{"target": -11.039811748591049, "params": {"C": 219.42082056206394, "epsilon": 0.7106141377966183, "gamma": 0.01}, "datetime": {"datetime": "2021-09-27 18:41:00", "elapsed": 38.275475, "delta": 0.624238}}
{"target": -10.842714456365384, "params": {"C": 192.30014730586052, "epsilon": 0.46388604931052996, "gamma": 0.010495657295000594}, "datetime": {"datetime": "2021-09-27 18:41:00", "elapsed": 38.938473, "delta": 0.662998}}
{"target": -11.28941258582912, "params": {"C": 254.53312723163805, "epsilon": 0.9846691313539844, "gamma": 0.01}, "datetime": {"datetime": "2021-09-27 18:41:01", "elapsed": 39.621466, "delta": 0.682993}}
{"target": -14.102808829291632, "params": {"C": 192.31416115659567, "epsilon": 0.6098568660101417, "gamma": 0.13998415311710016}, "datetime": {"datetime": "2021-09-27 18:41:02", "elapsed": 40.159725, "delta": 0.538259}}
{"target": -11.079840825660044, "params": {"C": 219.60886585016274, "epsilon": 0.7472883002942136, "gamma": 0.01}, "datetime": {"datetime": "2021-09-27 18:41:02", "elapsed": 40.75676, "delta": 0.597035}}
{"target": -10.914615586175273, "params": {"C": 254.55943881066756, "epsilon": 0.9833871192140436, "gamma": 0.02591102146854827}, "datetime": {"datetime": "2021-09-27 18:41:03", "elapsed": 41.117722, "delta": 0.360962}}
{"target": -10.570511597063001, "params": {"C": 254.76429780875822, "epsilon": 0.864271251281254, "gamma": 0.041723451020514106}, "datetime": {"datetime": "2021-09-27 18:41:03", "elapsed": 41.685729, "delta": 0.568007}}
{"target": -10.96208784513328, "params": {"C": 179.21043901073344, "epsilon": 0.19419822111460294, "gamma": 0.01247054114591798}, "datetime": {"datetime": "2021-09-27 18:41:04", "elapsed": 42.041895, "delta": 0.356166}}
{"target": -10.580872675519949, "params": {"C": 207.92751893691798, "epsilon": 0.2251607652449486, "gamma": 0.04340006353007239}, "datetime": {"datetime": "2021-09-27 18:41:04", "elapsed": 42.472889, "delta": 0.430994}}
{"target": -10.770056783666139, "params": {"C": 235.08157993008143, "epsilon": 0.9178929172033652, "gamma": 0.018913031297362416}, "datetime": {"datetime": "2021-09-27 18:41:04", "elapsed": 42.926891, "delta": 0.454002}}
{"target": -14.090023338434769, "params": {"C": 207.90760254757058, "epsilon": 0.11663144224166754, "gamma": 0.15139115200449202}, "datetime": {"datetime": "2021-09-27 18:41:05", "elapsed": 43.610896, "delta": 0.684005}}
{"target": -15.749209839692298, "params": {"C": 270.8980578782191, "epsilon": 0.33173135917692226, "gamma": 0.2796584894348582}, "datetime": {"datetime": "2021-09-27 18:41:06", "elapsed": 43.999513, "delta": 0.388617}}
{"target": -10.53966350551072, "params": {"C": 208.04678983962782, "epsilon": 0.31578279198210096, "gamma": 0.04107723449997901}, "datetime": {"datetime": "2021-09-27 18:41:06", "elapsed": 44.655521, "delta": 0.656008}}
{"target": -12.98964555486735, "params": {"C": 234.9882857257372, "epsilon": 0.9781647914509141, "gamma": 0.08999185856433654}, "datetime": {"datetime": "2021-09-27 18:41:07", "elapsed": 45.275512, "delta": 0.619991}}
{"target": -10.919235824974798, "params": {"C": 207.9074077921782, "epsilon": 0.36321461916792613, "gamma": 0.01}, "datetime": {"datetime": "2021-09-27 18:41:07", "elapsed": 45.941551, "delta": 0.666039}}
{"target": -14.484456961623776, "params": {"C": 254.71135224456992, "epsilon": 0.9381527795938275, "gamma": 0.13088561069194568}, "datetime": {"datetime": "2021-09-27 18:41:08", "elapsed": 46.566793, "delta": 0.625242}}
{"target": -11.082118613114062, "params": {"C": 254.80586213904118, "epsilon": 0.7453535144889868, "gamma": 0.01}, "datetime": {"datetime": "2021-09-27 18:41:09", "elapsed": 47.204458, "delta": 0.637665}}
{"target": -16.03644150401499, "params": {"C": 273.1863586493091, "epsilon": 0.719470316344383, "gamma": 0.269461904275626}, "datetime": {"datetime": "2021-09-27 18:41:09", "elapsed": 47.647455, "delta": 0.442997}}
{"target": -14.894190706109772, "params": {"C": 272.85433771912807, "epsilon": 0.9718313383648601, "gamma": 0.1413107572191009}, "datetime": {"datetime": "2021-09-27 18:41:10", "elapsed": 48.772929, "delta": 1.125474}}
{"target": -13.262181259069608, "params": {"C": 207.95950688564426, "epsilon": 0.3112272061354408, "gamma": 0.11290838132228892}, "datetime": {"datetime": "2021-09-27 18:41:11", "elapsed": 49.754931, "delta": 0.982002}}
{"target": -11.112334256524582, "params": {"C": 208.05910186652673, "epsilon": 0.19407042681855427, "gamma": 0.01}, "datetime": {"datetime": "2021-09-27 18:41:12", "elapsed": 50.552335, "delta": 0.797404}}
{"target": -10.92210710762194, "params": {"C": 254.67789963705212, "epsilon": 0.7990344165473514, "gamma": 0.01339156736999997}, "datetime": {"datetime": "2021-09-27 18:41:13", "elapsed": 51.322339, "delta": 0.770004}}
{"target": -10.556834782496798, "params": {"C": 295.30131706180254, "epsilon": 0.7145796937818885, "gamma": 0.03362909351904122}, "datetime": {"datetime": "2021-09-27 18:41:14", "elapsed": 52.12552, "delta": 0.803181}}
{"target": -10.836968189939, "params": {"C": 295.1453086642209, "epsilon": 0.6878340838757149, "gamma": 0.013800832437752843}, "datetime": {"datetime": "2021-09-27 18:41:15", "elapsed": 53.138516, "delta": 1.012996}}
{"target": -10.247038578822561, "params": {"C": 295.224705587504, "epsilon": 0.5504734103895075, "gamma": 0.023676555525918085}, "datetime": {"datetime": "2021-09-27 18:41:16", "elapsed": 54.150623, "delta": 1.012107}}
{"target": -15.196841561061907, "params": {"C": 295.3688365092418, "epsilon": 0.6447432524005335, "gamma": 0.16469731318394906}, "datetime": {"datetime": "2021-09-27 18:41:17", "elapsed": 55.293623, "delta": 1.143}}
{"target": -13.33596250641845, "params": {"C": 295.092750243213, "epsilon": 0.50528907503946, "gamma": 0.09828967561274128}, "datetime": {"datetime": "2021-09-27 18:41:18", "elapsed": 56.628695, "delta": 1.335072}}
{"target": -10.775075104303259, "params": {"C": 181.18594065223826, "epsilon": 0.04073274560381431, "gamma": 0.01794948062274549}, "datetime": {"datetime": "2021-09-27 18:41:19", "elapsed": 57.951696, "delta": 1.323001}}
{"target": -10.583697176399198, "params": {"C": 192.25582651513514, "epsilon": 0.3345051972962186, "gamma": 0.020226274216596948}, "datetime": {"datetime": "2021-09-27 18:41:20", "elapsed": 58.95772, "delta": 1.006024}}
{"target": -10.742277630670886, "params": {"C": 192.40238881315202, "epsilon": 0.2236434827827669, "gamma": 0.016502426396758224}, "datetime": {"datetime": "2021-09-27 18:41:22", "elapsed": 59.990711, "delta": 1.032991}}
{"target": -10.63514391161931, "params": {"C": 295.1405841594593, "epsilon": 0.8595103363576795, "gamma": 0.023437494696842594}, "datetime": {"datetime": "2021-09-27 18:41:22", "elapsed": 60.947465, "delta": 0.956754}}
{"target": -10.52998733273118, "params": {"C": 192.22071432098647, "epsilon": 0.18134734533446525, "gamma": 0.04345402212243277}, "datetime": {"datetime": "2021-09-27 18:41:23", "elapsed": 61.830991, "delta": 0.883526}}
{"target": -10.539342296952913, "params": {"C": 254.68099464815356, "epsilon": 0.7988413427420813, "gamma": 0.026303636245726195}, "datetime": {"datetime": "2021-09-27 18:41:24", "elapsed": 62.452874, "delta": 0.621883}}
{"target": -13.624095676361314, "params": {"C": 192.11053277384408, "epsilon": 0.22974654722741086, "gamma": 0.12887929526433786}, "datetime": {"datetime": "2021-09-27 18:41:25", "elapsed": 63.208881, "delta": 0.756007}}
{"target": -11.278982310878497, "params": {"C": 192.36643012657763, "epsilon": 0.10188469477957371, "gamma": 0.07090000067583613}, "datetime": {"datetime": "2021-09-27 18:41:26", "elapsed": 64.245652, "delta": 1.036771}}
{"target": -13.838837825728634, "params": {"C": 164.64474760615113, "epsilon": 0.7663594112080121, "gamma": 0.13507989449272279}, "datetime": {"datetime": "2021-09-27 18:41:26", "elapsed": 64.797681, "delta": 0.552029}}
{"target": -14.423640709010241, "params": {"C": 254.7564329949265, "epsilon": 0.7632805901300116, "gamma": 0.13165061018224083}, "datetime": {"datetime": "2021-09-27 18:41:27", "elapsed": 65.686644, "delta": 0.888963}}
{"target": -10.56434107103094, "params": {"C": 228.4380797209981, "epsilon": 0.4450473413333205, "gamma": 0.0211105747971623}, "datetime": {"datetime": "2021-09-27 18:41:28", "elapsed": 66.293729, "delta": 0.607085}}
{"target": -14.715780521199722, "params": {"C": 281.9725762169845, "epsilon": 0.7439956199869574, "gamma": 0.13450259493867878}, "datetime": {"datetime": "2021-09-27 18:41:28", "elapsed": 66.862727, "delta": 0.568998}}
{"target": -10.904407211767078, "params": {"C": 180.79058416543765, "epsilon": 0.011284532138719027, "gamma": 0.017071144802204452}, "datetime": {"datetime": "2021-09-27 18:41:29", "elapsed": 67.719729, "delta": 0.857002}}
{"target": -10.56573489910307, "params": {"C": 295.22659111430215, "epsilon": 0.817019337095609, "gamma": 0.03997846961151639}, "datetime": {"datetime": "2021-09-27 18:41:30", "elapsed": 68.528029, "delta": 0.8083}}
{"target": -10.373716675829863, "params": {"C": 181.02497728087383, "epsilon": 0.29529225185660457, "gamma": 0.023689047024020585}, "datetime": {"datetime": "2021-09-27 18:41:31", "elapsed": 69.40003, "delta": 0.872001}}
{"target": -11.221343634022459, "params": {"C": 192.2238795328486, "epsilon": 0.04263287639935002, "gamma": 0.01}, "datetime": {"datetime": "2021-09-27 18:41:32", "elapsed": 70.357606, "delta": 0.957576}}
{"target": -10.08542439773568, "params": {"C": 228.27587343117023, "epsilon": 0.2961767937241175, "gamma": 0.02532829939769999}, "datetime": {"datetime": "2021-09-27 18:41:33", "elapsed": 71.350605, "delta": 0.992999}}
{"target": -10.909285301176268, "params": {"C": 295.3552417266759, "epsilon": 0.8902933517170194, "gamma": 0.048624085712741634}, "datetime": {"datetime": "2021-09-27 18:41:34", "elapsed": 72.103966, "delta": 0.753361}}
{"target": -10.748580313697117, "params": {"C": 228.4797169120251, "epsilon": 0.2771955101222508, "gamma": 0.04946409988005091}, "datetime": {"datetime": "2021-09-27 18:41:35", "elapsed": 73.032967, "delta": 0.929001}}
{"target": -14.291310515607606, "params": {"C": 228.3083104528891, "epsilon": 0.31658182853474853, "gamma": 0.15033753013213141}, "datetime": {"datetime": "2021-09-27 18:41:36", "elapsed": 74.040967, "delta": 1.008}}
{"target": -11.775955293443232, "params": {"C": 192.30464214677153, "epsilon": 0.24315575203510992, "gamma": 0.08424369796500347}, "datetime": {"datetime": "2021-09-27 18:41:36", "elapsed": 74.843355, "delta": 0.802388}}
{"target": -10.787277898683282, "params": {"C": 215.18250669134034, "epsilon": 0.3487953757977559, "gamma": 0.01552608842628907}, "datetime": {"datetime": "2021-09-27 18:41:37", "elapsed": 75.504354, "delta": 0.660999}}
{"target": -10.3039319397167, "params": {"C": 228.283604279148, "epsilon": 0.16428072922461504, "gamma": 0.029127440795741012}, "datetime": {"datetime": "2021-09-27 18:41:38", "elapsed": 76.724019, "delta": 1.219665}}
{"target": -15.90920470564777, "params": {"C": 295.24240901979795, "epsilon": 0.36864659152136064, "gamma": 0.2925349484950845}, "datetime": {"datetime": "2021-09-27 18:41:39", "elapsed": 77.291617, "delta": 0.567598}}
{"target": -15.1539602204468, "params": {"C": 246.83274633160065, "epsilon": 0.3170856812514847, "gamma": 0.21894515134923676}, "datetime": {"datetime": "2021-09-27 18:41:39", "elapsed": 77.928616, "delta": 0.636999}}
{"target": -14.556997073197314, "params": {"C": 296.18283515484507, "epsilon": 0.19879822897197832, "gamma": 0.14258208050866608}, "datetime": {"datetime": "2021-09-27 18:41:40", "elapsed": 78.642272, "delta": 0.713656}}
{"target": -10.724939941330538, "params": {"C": 207.7823043783379, "epsilon": 0.23059076375603277, "gamma": 0.016708615434097497}, "datetime": {"datetime": "2021-09-27 18:41:41", "elapsed": 79.556269, "delta": 0.913997}}
{"target": -11.049083277063888, "params": {"C": 236.4239415675126, "epsilon": 0.7006795184227079, "gamma": 0.01}, "datetime": {"datetime": "2021-09-27 18:41:42", "elapsed": 80.832273, "delta": 1.276004}}
{"target": -15.050408674910045, "params": {"C": 228.29418322815675, "epsilon": 0.7950664964782177, "gamma": 0.15801058432345813}, "datetime": {"datetime": "2021-09-27 18:41:43", "elapsed": 81.530274, "delta": 0.698001}}
{"target": -11.09815507575322, "params": {"C": 228.37000748820452, "epsilon": 0.21591243781139888, "gamma": 0.010681873953795681}, "datetime": {"datetime": "2021-09-27 18:41:44", "elapsed": 82.718464, "delta": 1.18819}}
{"target": -10.4765718513427, "params": {"C": 228.12996506482247, "epsilon": 0.15378432438132406, "gamma": 0.020196120251800932}, "datetime": {"datetime": "2021-09-27 18:41:45", "elapsed": 83.747464, "delta": 1.029}}
{"target": -10.68111189481223, "params": {"C": 200.4246460399606, "epsilon": 0.5955663730133135, "gamma": 0.04404696561752016}, "datetime": {"datetime": "2021-09-27 18:41:46", "elapsed": 84.447461, "delta": 0.699997}}
{"target": -11.400453932762696, "params": {"C": 208.19355131905758, "epsilon": 0.3431378535864528, "gamma": 0.06973349000521546}, "datetime": {"datetime": "2021-09-27 18:41:47", "elapsed": 85.540459, "delta": 1.092998}}
{"target": -12.218847284375348, "params": {"C": 228.15093288068275, "epsilon": 0.006465517001515847, "gamma": 0.09323920766991847}, "datetime": {"datetime": "2021-09-27 18:41:48", "elapsed": 86.833502, "delta": 1.293043}}
{"target": -14.503080301610977, "params": {"C": 200.35895339873935, "epsilon": 0.6892194380782133, "gamma": 0.15328293466192486}, "datetime": {"datetime": "2021-09-27 18:41:50", "elapsed": 88.249465, "delta": 1.415963}}
{"target": -11.05751642744703, "params": {"C": 200.47861759214265, "epsilon": 0.4145734377184809, "gamma": 0.05891935076066339}, "datetime": {"datetime": "2021-09-27 18:41:51", "elapsed": 89.148468, "delta": 0.899003}}
{"target": -10.575674177488525, "params": {"C": 219.14642346766925, "epsilon": 0.9337917091482962, "gamma": 0.03416994659783211}, "datetime": {"datetime": "2021-09-27 18:41:51", "elapsed": 89.846464, "delta": 0.697996}}
{"target": -13.512358579265554, "params": {"C": 215.2829122878127, "epsilon": 0.4334206332510155, "gamma": 0.11569295186639303}, "datetime": {"datetime": "2021-09-27 18:41:53", "elapsed": 91.208413, "delta": 1.361949}}
{"target": -12.483912130505677, "params": {"C": 189.63340625641231, "epsilon": 0.07274433527901027, "gamma": 0.10273894446372207}, "datetime": {"datetime": "2021-09-27 18:41:53", "elapsed": 91.888416, "delta": 0.680003}}
{"target": -10.867100593195145, "params": {"C": 215.05156799203024, "epsilon": 0.2559330803393497, "gamma": 0.056027029732567714}, "datetime": {"datetime": "2021-09-27 18:41:55", "elapsed": 93.280887, "delta": 1.392471}}
{"target": -10.176996949453374, "params": {"C": 228.15485812429006, "epsilon": 0.3824929407940523, "gamma": 0.024494786671264028}, "datetime": {"datetime": "2021-09-27 18:41:56", "elapsed": 94.546898, "delta": 1.266011}}
{"target": -14.73946776588292, "params": {"C": 293.66884513265666, "epsilon": 0.15742206011385554, "gamma": 0.16348672796428074}, "datetime": {"datetime": "2021-09-27 18:41:57", "elapsed": 95.374891, "delta": 0.827993}}
{"target": -10.8423452223699, "params": {"C": 228.073422856565, "epsilon": 0.3111961391580276, "gamma": 0.05358183242130613}, "datetime": {"datetime": "2021-09-27 18:41:58", "elapsed": 96.569885, "delta": 1.194994}}
{"target": -10.556864512318475, "params": {"C": 180.89330703235615, "epsilon": 0.3606820977362159, "gamma": 0.04256247956952265}, "datetime": {"datetime": "2021-09-27 18:41:59", "elapsed": 97.683545, "delta": 1.11366}}
{"target": -10.869484866128976, "params": {"C": 200.33948943340218, "epsilon": 0.47809372420541824, "gamma": 0.01}, "datetime": {"datetime": "2021-09-27 18:42:00", "elapsed": 98.795364, "delta": 1.111819}}
{"target": -14.253461301310253, "params": {"C": 186.42314107579193, "epsilon": 0.6490788641576418, "gamma": 0.1473760749486196}, "datetime": {"datetime": "2021-09-27 18:42:01", "elapsed": 99.557362, "delta": 0.761998}}
{"target": -11.116441425994736, "params": {"C": 272.8255776179606, "epsilon": 0.7479939501274484, "gamma": 0.01}, "datetime": {"datetime": "2021-09-27 18:42:02", "elapsed": 100.64178, "delta": 1.084418}}
{"target": -11.299785277311369, "params": {"C": 215.17982084776912, "epsilon": 0.2097759003696616, "gamma": 0.06851962002664402}, "datetime": {"datetime": "2021-09-27 18:42:03", "elapsed": 101.874785, "delta": 1.233005}}
{"target": -10.864267137565445, "params": {"C": 181.01342879661325, "epsilon": 0.45855229224359084, "gamma": 0.01}, "datetime": {"datetime": "2021-09-27 18:42:05", "elapsed": 103.290031, "delta": 1.415246}}
{"target": -10.872309343291779, "params": {"C": 208.07769987528636, "epsilon": 0.46888725674275816, "gamma": 0.01}, "datetime": {"datetime": "2021-09-27 18:42:06", "elapsed": 104.478182, "delta": 1.188151}}
{"target": -10.946355925916148, "params": {"C": 214.99867299390468, "epsilon": 0.4002091140529603, "gamma": 0.012698972569053234}, "datetime": {"datetime": "2021-09-27 18:42:07", "elapsed": 105.650181, "delta": 1.171999}}
{"target": -12.21383129469897, "params": {"C": 200.58963029051733, "epsilon": 0.5091656735238207, "gamma": 0.0858962782122997}, "datetime": {"datetime": "2021-09-27 18:42:08", "elapsed": 106.909619, "delta": 1.259438}}
{"target": -12.224146345547462, "params": {"C": 180.77893596651177, "epsilon": 0.5069773589462168, "gamma": 0.08893836134140068}, "datetime": {"datetime": "2021-09-27 18:42:10", "elapsed": 108.114622, "delta": 1.205003}}
{"target": -10.537492901913673, "params": {"C": 192.583111225194, "epsilon": 0.15855004269181383, "gamma": 0.020467536023247385}, "datetime": {"datetime": "2021-09-27 18:42:11", "elapsed": 109.403591, "delta": 1.288969}}
{"target": -10.27693292865973, "params": {"C": 152.23068909265308, "epsilon": 0.13500599835399849, "gamma": 0.02786018905020077}, "datetime": {"datetime": "2021-09-27 18:42:12", "elapsed": 110.672235, "delta": 1.268644}}
{"target": -10.105602434512912, "params": {"C": 152.40289082037845, "epsilon": 0.12062525216509211, "gamma": 0.03245636254175599}, "datetime": {"datetime": "2021-09-27 18:42:13", "elapsed": 111.904239, "delta": 1.232004}}
{"target": -14.453829714135063, "params": {"C": 181.37236291793076, "epsilon": 0.43989542998352693, "gamma": 0.16853604194247154}, "datetime": {"datetime": "2021-09-27 18:42:14", "elapsed": 112.621493, "delta": 0.717254}}
{"target": -13.397964442104945, "params": {"C": 152.43793326604887, "epsilon": 0.24340601191029518, "gamma": 0.13254105349541281}, "datetime": {"datetime": "2021-09-27 18:42:16", "elapsed": 114.133496, "delta": 1.512003}}
{"target": -12.873274138508526, "params": {"C": 152.3360359047383, "epsilon": 0.035896143215835244, "gamma": 0.1205143781666488}, "datetime": {"datetime": "2021-09-27 18:42:17", "elapsed": 115.59896, "delta": 1.465464}}
{"target": -10.777149205590334, "params": {"C": 203.52789928690856, "epsilon": 0.22443857962725894, "gamma": 0.05068321664708929}, "datetime": {"datetime": "2021-09-27 18:42:18", "elapsed": 116.421204, "delta": 0.822244}}
{"target": -15.571634164917231, "params": {"C": 272.52219727503746, "epsilon": 0.8650074484605267, "gamma": 0.20678002697411416}, "datetime": {"datetime": "2021-09-27 18:42:19", "elapsed": 117.15552, "delta": 0.734316}}
{"target": -14.674860347005602, "params": {"C": 180.94299288503092, "epsilon": 0.4217367951188936, "gamma": 0.18173521001734697}, "datetime": {"datetime": "2021-09-27 18:42:20", "elapsed": 118.55814, "delta": 1.40262}}
{"target": -10.969770488346734, "params": {"C": 180.7456674530358, "epsilon": 0.29208854760681213, "gamma": 0.01}, "datetime": {"datetime": "2021-09-27 18:42:22", "elapsed": 120.02714, "delta": 1.469}}
{"target": -11.078731092345032, "params": {"C": 152.0818068437683, "epsilon": 0.17738903897949418, "gamma": 0.01}, "datetime": {"datetime": "2021-09-27 18:42:23", "elapsed": 121.390349, "delta": 1.363209}}
{"target": -14.398557526291068, "params": {"C": 203.6662786817074, "epsilon": 0.21380046950585127, "gamma": 0.1707945706681497}, "datetime": {"datetime": "2021-09-27 18:42:24", "elapsed": 122.844688, "delta": 1.454339}}
{"target": -12.892109525376206, "params": {"C": 150.04717929363008, "epsilon": 0.4953697615575448, "gamma": 0.1132544158544099}, "datetime": {"datetime": "2021-09-27 18:42:25", "elapsed": 123.636684, "delta": 0.791996}}
{"target": -10.224851332867974, "params": {"C": 203.47062373182595, "epsilon": 0.3780854133327601, "gamma": 0.029678162902891686}, "datetime": {"datetime": "2021-09-27 18:42:27", "elapsed": 125.485885, "delta": 1.849201}}
{"target": -14.37914692470746, "params": {"C": 256.37486132990296, "epsilon": 0.46119563319057755, "gamma": 0.13707371433428}, "datetime": {"datetime": "2021-09-27 18:42:28", "elapsed": 126.321885, "delta": 0.836}}
{"target": -10.719924193401871, "params": {"C": 192.87477155815185, "epsilon": 0.4190145631904232, "gamma": 0.016793376078533706}, "datetime": {"datetime": "2021-09-27 18:42:29", "elapsed": 127.159916, "delta": 0.838031}}
{"target": -10.171274238629803, "params": {"C": 203.40057456280107, "epsilon": 0.23385846718609754, "gamma": 0.025181946465667442}, "datetime": {"datetime": "2021-09-27 18:42:30", "elapsed": 128.601175, "delta": 1.441259}}
{"target": -14.845534449237382, "params": {"C": 180.59639409166655, "epsilon": 0.004937686534271162, "gamma": 0.23115757059476177}, "datetime": {"datetime": "2021-09-27 18:42:31", "elapsed": 129.478178, "delta": 0.877003}}
{"target": -13.45688766966528, "params": {"C": 203.3540304781788, "epsilon": 0.332261765404085, "gamma": 0.11880822769679385}, "datetime": {"datetime": "2021-09-27 18:42:33", "elapsed": 131.018177, "delta": 1.539999}}
