{"target": 0.9201886314877652, "params": {"C": 578.0021464468425, "epsilon": 0.05458452582041255, "gamma": 0.04013054242523413}, "datetime": {"datetime": "2021-09-18 16:48:56", "elapsed": 26.265189, "delta": 0.417836}}
{"target": 0.9103510960851866, "params": {"C": 505.08383104996324, "epsilon": 0.05539080064464422, "gamma": 0.023877241143855074}, "datetime": {"datetime": "2021-09-18 16:48:57", "elapsed": 26.629522, "delta": 0.364333}}
{"target": 0.9211782736986304, "params": {"C": 578.1594647128593, "epsilon": 0.20102779988264097, "gamma": 0.030875221159924207}, "datetime": {"datetime": "2021-09-18 16:48:57", "elapsed": 27.003864, "delta": 0.374342}}
{"target": 0.887667434820567, "params": {"C": 578.0101248020711, "epsilon": 0.21108048096809265, "gamma": 0.08177516538196411}, "datetime": {"datetime": "2021-09-18 16:48:58", "elapsed": 27.519101, "delta": 0.515237}}
{"target": 0.9138342581616966, "params": {"C": 578.1944500469903, "epsilon": 0.11694431979607403, "gamma": 0.05776879098904544}, "datetime": {"datetime": "2021-09-18 16:48:58", "elapsed": 28.029311, "delta": 0.51021}}
{"target": 0.8533723644410065, "params": {"C": 578.659234805948, "epsilon": 0.7914280793150604, "gamma": 0.13690711588196605}, "datetime": {"datetime": "2021-09-18 16:48:59", "elapsed": 28.509323, "delta": 0.480012}}
{"target": 0.8619382161083218, "params": {"C": 578.124353452741, "epsilon": 0.16072767220890227, "gamma": 0.11047158995887632}, "datetime": {"datetime": "2021-09-18 16:48:59", "elapsed": 28.956471, "delta": 0.447148}}
{"target": 0.8962482176929663, "params": {"C": 678.2253895911906, "epsilon": 0.8230448778173297, "gamma": 0.06780135697704119}, "datetime": {"datetime": "2021-09-18 16:48:59", "elapsed": 29.334385, "delta": 0.377914}}
{"target": 0.8797488598440051, "params": {"C": 555.6686832344734, "epsilon": 0.7855503155055067, "gamma": 0.08610960708339287}, "datetime": {"datetime": "2021-09-18 16:49:00", "elapsed": 29.717873, "delta": 0.383488}}
{"target": 0.919991243617853, "params": {"C": 627.8210123306319, "epsilon": 0.11715723787204309, "gamma": 0.03865495492338922}, "datetime": {"datetime": "2021-09-18 16:49:00", "elapsed": 30.152892, "delta": 0.435019}}
{"target": 0.8711518868767131, "params": {"C": 632.4259404671824, "epsilon": 0.8648868645061863, "gamma": 0.09086134635724645}, "datetime": {"datetime": "2021-09-18 16:49:01", "elapsed": 30.480923, "delta": 0.328031}}
{"target": 0.8525836392441374, "params": {"C": 663.1258714461367, "epsilon": 0.440674985849901, "gamma": 0.13420099853292466}, "datetime": {"datetime": "2021-09-18 16:49:01", "elapsed": 30.860521, "delta": 0.379598}}
{"target": 0.9162563821347074, "params": {"C": 579.7141591400023, "epsilon": 0.6628697287090819, "gamma": 0.05694393392228114}, "datetime": {"datetime": "2021-09-18 16:49:01", "elapsed": 31.244736, "delta": 0.384215}}
{"target": 0.9113550665046635, "params": {"C": 512.5519048320309, "epsilon": 0.8702640291682876, "gamma": 0.061551240865458226}, "datetime": {"datetime": "2021-09-18 16:49:02", "elapsed": 31.66217, "delta": 0.417434}}
{"target": 0.8503869913175035, "params": {"C": 581.2541566478989, "epsilon": 0.5329334124488808, "gamma": 0.1437131011625146}, "datetime": {"datetime": "2021-09-18 16:49:02", "elapsed": 32.11158, "delta": 0.44941}}
{"target": 0.8636078427715198, "params": {"C": 667.5421491399446, "epsilon": 0.3374429756044001, "gamma": 0.09946159201001088}, "datetime": {"datetime": "2021-09-18 16:49:03", "elapsed": 32.502869, "delta": 0.391289}}
{"target": 0.9203718016154737, "params": {"C": 558.9906566104872, "epsilon": 0.028335553158282213, "gamma": 0.04024816876397973}, "datetime": {"datetime": "2021-09-18 16:49:03", "elapsed": 32.94701, "delta": 0.444141}}
{"target": 0.8607870423237078, "params": {"C": 680.0620363117059, "epsilon": 0.8186011617144973, "gamma": 0.10698383955864808}, "datetime": {"datetime": "2021-09-18 16:49:03", "elapsed": 33.29558, "delta": 0.34857}}
{"target": 0.8538977404664556, "params": {"C": 511.2595351186493, "epsilon": 0.6798796039534759, "gamma": 0.1328274682490087}, "datetime": {"datetime": "2021-09-18 16:49:04", "elapsed": 33.63335, "delta": 0.33777}}
{"target": 0.8543548292211083, "params": {"C": 515.4579334913853, "epsilon": 0.8468770026873728, "gamma": 0.13462696082946213}, "datetime": {"datetime": "2021-09-18 16:49:04", "elapsed": 34.009165, "delta": 0.375815}}
{"target": 0.8502035250359214, "params": {"C": 663.7010519768082, "epsilon": 0.8697201873864308, "gamma": 0.1436486739612114}, "datetime": {"datetime": "2021-09-18 16:49:04", "elapsed": 34.398033, "delta": 0.388868}}
{"target": 0.8928974475657472, "params": {"C": 637.693970825072, "epsilon": 0.589475989415836, "gamma": 0.07287276426963839}, "datetime": {"datetime": "2021-09-18 16:49:05", "elapsed": 34.787892, "delta": 0.389859}}
{"target": 0.9179336075728733, "params": {"C": 690.6645237617662, "epsilon": 0.35248273161716026, "gamma": 0.04806113972368333}, "datetime": {"datetime": "2021-09-18 16:49:05", "elapsed": 35.283646, "delta": 0.495754}}
{"target": 0.9224179320570657, "params": {"C": 577.7831579807238, "epsilon": 0.4888927739411601, "gamma": 0.040760743491852644}, "datetime": {"datetime": "2021-09-18 16:49:06", "elapsed": 35.759121, "delta": 0.475475}}
{"target": 0.8614335522043615, "params": {"C": 655.7636550907228, "epsilon": 0.9462035065118883, "gamma": 0.10699624652961018}, "datetime": {"datetime": "2021-09-18 16:49:06", "elapsed": 36.103641, "delta": 0.34452}}
{"target": 0.8618554992699993, "params": {"C": 629.0673609880042, "epsilon": 0.220487808904688, "gamma": 0.10560855742024981}, "datetime": {"datetime": "2021-09-18 16:49:07", "elapsed": 36.534565, "delta": 0.430924}}
{"target": 0.9083807510022297, "params": {"C": 579.7086655726905, "epsilon": 0.680869848108438, "gamma": 0.06437200144927471}, "datetime": {"datetime": "2021-09-18 16:49:07", "elapsed": 36.924339, "delta": 0.389774}}
{"target": 0.9212849567497587, "params": {"C": 535.2263353670864, "epsilon": 0.21173965867547645, "gamma": 0.03797970275112225}, "datetime": {"datetime": "2021-09-18 16:49:07", "elapsed": 37.379769, "delta": 0.45543}}
{"target": 0.9196894806904752, "params": {"C": 680.8408333216241, "epsilon": 0.07263069735365048, "gamma": 0.03740448315637646}, "datetime": {"datetime": "2021-09-18 16:49:08", "elapsed": 37.902107, "delta": 0.522338}}
{"target": 0.9205216957848522, "params": {"C": 550.8981610882793, "epsilon": 0.8495176940236003, "gamma": 0.04993452037234428}, "datetime": {"datetime": "2021-09-18 16:49:08", "elapsed": 38.356632, "delta": 0.454525}}
{"target": 0.8947566372041392, "params": {"C": 517.2732957357038, "epsilon": 0.616185223761231, "gamma": 0.07767034349992792}, "datetime": {"datetime": "2021-09-18 16:49:09", "elapsed": 38.809628, "delta": 0.452996}}
{"target": 0.9139557117968294, "params": {"C": 690.6091088371487, "epsilon": 0.3147427439166502, "gamma": 0.054341508728788554}, "datetime": {"datetime": "2021-09-18 16:49:09", "elapsed": 39.332668, "delta": 0.52304}}
{"target": 0.9229827615362203, "params": {"C": 550.9087597254038, "epsilon": 0.9421022926868289, "gamma": 0.04184449121484213}, "datetime": {"datetime": "2021-09-18 16:49:10", "elapsed": 39.952693, "delta": 0.620025}}
{"target": 0.8890921632948504, "params": {"C": 613.3960732803966, "epsilon": 0.3147193632690435, "gamma": 0.07744593963503156}, "datetime": {"datetime": "2021-09-18 16:49:10", "elapsed": 40.396753, "delta": 0.44406}}
{"target": 0.9215954082386746, "params": {"C": 690.5336243356787, "epsilon": 0.3757240013494923, "gamma": 0.03916089722933897}, "datetime": {"datetime": "2021-09-18 16:49:11", "elapsed": 41.155292, "delta": 0.758539}}
{"target": 0.9008129698590269, "params": {"C": 550.9944014471605, "epsilon": 0.9293218905710657, "gamma": 0.06726242894958183}, "datetime": {"datetime": "2021-09-18 16:49:12", "elapsed": 41.707994, "delta": 0.552702}}
{"target": 0.9217877269275685, "params": {"C": 579.6739214568853, "epsilon": 0.5544350673956588, "gamma": 0.04130321943854259}, "datetime": {"datetime": "2021-09-18 16:49:12", "elapsed": 42.258035, "delta": 0.550041}}
{"target": 0.922706173040682, "params": {"C": 578.2648451269038, "epsilon": 0.28396326491203316, "gamma": 0.03548312151435996}, "datetime": {"datetime": "2021-09-18 16:49:13", "elapsed": 42.916867, "delta": 0.658832}}
{"target": 0.9084186207103826, "params": {"C": 578.292006942649, "epsilon": 0.12366886604716237, "gamma": 0.02101848591374444}, "datetime": {"datetime": "2021-09-18 16:49:14", "elapsed": 43.66551, "delta": 0.748643}}
{"target": 0.8526644390795275, "params": {"C": 579.7635508250224, "epsilon": 0.5774714791507417, "gamma": 0.13560547593351402}, "datetime": {"datetime": "2021-09-18 16:49:14", "elapsed": 44.337368, "delta": 0.671858}}
{"target": 0.8966725188836526, "params": {"C": 508.0953224246514, "epsilon": 0.5420872662717395, "gamma": 0.07707219614782183}, "datetime": {"datetime": "2021-09-18 16:49:15", "elapsed": 44.771706, "delta": 0.434338}}
{"target": 0.9196319571041339, "params": {"C": 579.7399132652386, "epsilon": 0.6758364132850448, "gamma": 0.05185897054959791}, "datetime": {"datetime": "2021-09-18 16:49:15", "elapsed": 45.229741, "delta": 0.458035}}
{"target": 0.9138394007200082, "params": {"C": 578.6802311776491, "epsilon": 0.5805809295009894, "gamma": 0.02172766910774367}, "datetime": {"datetime": "2021-09-18 16:49:16", "elapsed": 45.911444, "delta": 0.681703}}
{"target": 0.8533355330759289, "params": {"C": 655.7573727193301, "epsilon": 0.5634078071879352, "gamma": 0.13026752113821735}, "datetime": {"datetime": "2021-09-18 16:49:16", "elapsed": 46.305309, "delta": 0.393865}}
{"target": 0.8534297282035743, "params": {"C": 690.609494976848, "epsilon": 0.3995060283223231, "gamma": 0.1266138925961691}, "datetime": {"datetime": "2021-09-18 16:49:17", "elapsed": 46.989062, "delta": 0.683753}}
{"target": 0.896529875992385, "params": {"C": 586.4207871608176, "epsilon": 0.7126471038330344, "gamma": 0.07212075538469431}, "datetime": {"datetime": "2021-09-18 16:49:18", "elapsed": 47.536427, "delta": 0.547365}}
{"target": 0.9141830666110788, "params": {"C": 578.1717914712244, "epsilon": 0.3118605454922423, "gamma": 0.05747019840230734}, "datetime": {"datetime": "2021-09-18 16:49:18", "elapsed": 48.174203, "delta": 0.637776}}
{"target": 0.9225335834811328, "params": {"C": 581.366031134652, "epsilon": 0.7393997516883365, "gamma": 0.03358029165602279}, "datetime": {"datetime": "2021-09-18 16:49:19", "elapsed": 48.650832, "delta": 0.476629}}
{"target": 0.8708901867067995, "params": {"C": 578.2312418909205, "epsilon": 0.2443589017473997, "gamma": 0.09718929785223951}, "datetime": {"datetime": "2021-09-18 16:49:19", "elapsed": 49.222056, "delta": 0.571224}}
{"target": 0.9104283147383561, "params": {"C": 577.8184033947483, "epsilon": 0.43253027516620063, "gamma": 0.062281219605789306}, "datetime": {"datetime": "2021-09-18 16:49:20", "elapsed": 49.765074, "delta": 0.543018}}
{"target": 0.9128144806309898, "params": {"C": 513.39446415992, "epsilon": 0.48456797847036703, "gamma": 0.06172662822844757}, "datetime": {"datetime": "2021-09-18 16:49:20", "elapsed": 50.307315, "delta": 0.542241}}
{"target": 0.874631338190506, "params": {"C": 581.8983930756448, "epsilon": 0.8504731855936422, "gamma": 0.08946132493684512}, "datetime": {"datetime": "2021-09-18 16:49:21", "elapsed": 50.723939, "delta": 0.416624}}
{"target": 0.9228077487646665, "params": {"C": 578.7304821827106, "epsilon": 0.6684683774644212, "gamma": 0.039222945328925764}, "datetime": {"datetime": "2021-09-18 16:49:21", "elapsed": 51.323765, "delta": 0.599826}}
{"target": 0.8510153388934312, "params": {"C": 605.8214540161803, "epsilon": 0.15865815506575337, "gamma": 0.14078995564402588}, "datetime": {"datetime": "2021-09-18 16:49:22", "elapsed": 51.793046, "delta": 0.469281}}
{"target": 0.8688613438585711, "params": {"C": 678.3398129336767, "epsilon": 0.922081427613383, "gamma": 0.09227962445133327}, "datetime": {"datetime": "2021-09-18 16:49:22", "elapsed": 52.442137, "delta": 0.649091}}
{"target": 0.9212415414630162, "params": {"C": 616.7200712258282, "epsilon": 0.5473628638993387, "gamma": 0.047408759377050635}, "datetime": {"datetime": "2021-09-18 16:49:23", "elapsed": 52.940586, "delta": 0.498449}}
{"target": 0.9125237997665525, "params": {"C": 690.412143318816, "epsilon": 0.302714741792604, "gamma": 0.05608661823437133}, "datetime": {"datetime": "2021-09-18 16:49:24", "elapsed": 53.767168, "delta": 0.826582}}
{"target": 0.9230205047044695, "params": {"C": 578.2645630781819, "epsilon": 0.37907172037371034, "gamma": 0.0364591350155256}, "datetime": {"datetime": "2021-09-18 16:49:24", "elapsed": 54.315496, "delta": 0.548328}}
{"target": 0.8668907072904704, "params": {"C": 578.680966736569, "epsilon": 0.6361700753861445, "gamma": 0.10060937858884315}, "datetime": {"datetime": "2021-09-18 16:49:25", "elapsed": 54.885356, "delta": 0.56986}}
{"target": 0.9215323309513515, "params": {"C": 578.3699773504037, "epsilon": 0.31121988237225684, "gamma": 0.03214405052255071}, "datetime": {"datetime": "2021-09-18 16:49:26", "elapsed": 55.506383, "delta": 0.621027}}
{"target": 0.9132166849137909, "params": {"C": 579.6158730062765, "epsilon": 0.5938942959703586, "gamma": 0.021134530038057465}, "datetime": {"datetime": "2021-09-18 16:49:26", "elapsed": 56.069803, "delta": 0.56342}}
{"target": 0.855160257293788, "params": {"C": 615.1792704178106, "epsilon": 0.8352873476669724, "gamma": 0.13039234933177019}, "datetime": {"datetime": "2021-09-18 16:49:27", "elapsed": 56.525646, "delta": 0.455843}}
{"target": 0.9115789064170263, "params": {"C": 517.294689287746, "epsilon": 0.48456363590420515, "gamma": 0.02}, "datetime": {"datetime": "2021-09-18 16:49:27", "elapsed": 57.42685, "delta": 0.901204}}
{"target": 0.915615032227049, "params": {"C": 687.8361690724928, "epsilon": 0.19301995799736463, "gamma": 0.0508572594997376}, "datetime": {"datetime": "2021-09-18 16:49:28", "elapsed": 57.996316, "delta": 0.569466}}
{"target": 0.9129595295083537, "params": {"C": 591.6668015102724, "epsilon": 0.8246124367400429, "gamma": 0.058833127584391604}, "datetime": {"datetime": "2021-09-18 16:49:29", "elapsed": 58.494985, "delta": 0.498669}}
{"target": 0.8991727395125771, "params": {"C": 656.6348167784055, "epsilon": 0.9211465555759192, "gamma": 0.06518972130030455}, "datetime": {"datetime": "2021-09-18 16:49:29", "elapsed": 58.976616, "delta": 0.481631}}
{"target": 0.8862376484458483, "params": {"C": 513.299053470171, "epsilon": 0.4743049199973436, "gamma": 0.08549814572324692}, "datetime": {"datetime": "2021-09-18 16:49:30", "elapsed": 59.760924, "delta": 0.784308}}
{"target": 0.9137362993182471, "params": {"C": 675.3376142802904, "epsilon": 0.8607490215173207, "gamma": 0.023247632264285997}, "datetime": {"datetime": "2021-09-18 16:49:30", "elapsed": 60.396183, "delta": 0.635259}}
{"target": 0.9157380282880736, "params": {"C": 616.7198074849703, "epsilon": 0.46761382962077186, "gamma": 0.023822664064065226}, "datetime": {"datetime": "2021-09-18 16:49:31", "elapsed": 61.062167, "delta": 0.665984}}
{"target": 0.9124551295017763, "params": {"C": 656.571144622729, "epsilon": 0.8336244723760371, "gamma": 0.02259924556460382}, "datetime": {"datetime": "2021-09-18 16:49:32", "elapsed": 61.965926, "delta": 0.903759}}
{"target": 0.8663075949640091, "params": {"C": 578.3368667177403, "epsilon": 0.34364987762150795, "gamma": 0.10298071125079264}, "datetime": {"datetime": "2021-09-18 16:49:33", "elapsed": 62.675922, "delta": 0.709996}}
{"target": 0.8742638502359424, "params": {"C": 585.4050685329056, "epsilon": 0.992529136977822, "gamma": 0.09099816542891931}, "datetime": {"datetime": "2021-09-18 16:49:33", "elapsed": 63.326297, "delta": 0.650375}}
{"target": 0.91188481475809, "params": {"C": 513.3737798554705, "epsilon": 0.5620552937532634, "gamma": 0.02}, "datetime": {"datetime": "2021-09-18 16:49:34", "elapsed": 64.080468, "delta": 0.754171}}
{"target": 0.852546990560409, "params": {"C": 527.0280971280769, "epsilon": 0.31985109864768135, "gamma": 0.14027484907294113}, "datetime": {"datetime": "2021-09-18 16:49:35", "elapsed": 64.588556, "delta": 0.508088}}
{"target": 0.912441352607113, "params": {"C": 579.7267448739724, "epsilon": 0.6003686733057141, "gamma": 0.02}, "datetime": {"datetime": "2021-09-18 16:49:35", "elapsed": 65.405232, "delta": 0.816676}}
{"target": 0.8657810440616663, "params": {"C": 652.6009010267228, "epsilon": 0.4172639374717898, "gamma": 0.09669407472419395}, "datetime": {"datetime": "2021-09-18 16:49:36", "elapsed": 66.193725, "delta": 0.788493}}
{"target": 0.9217074788186772, "params": {"C": 639.7555546071533, "epsilon": 0.3208467711182838, "gamma": 0.03698939791932183}, "datetime": {"datetime": "2021-09-18 16:49:37", "elapsed": 66.768659, "delta": 0.574934}}
{"target": 0.9160759052866667, "params": {"C": 599.838464505891, "epsilon": 0.2333983512069203, "gamma": 0.05297294604321709}, "datetime": {"datetime": "2021-09-18 16:49:37", "elapsed": 67.380938, "delta": 0.612279}}
{"target": 0.922032807200222, "params": {"C": 578.2027095846662, "epsilon": 0.3860459034721558, "gamma": 0.031188628739917096}, "datetime": {"datetime": "2021-09-18 16:49:38", "elapsed": 68.275952, "delta": 0.895014}}
{"target": 0.8602038454952217, "params": {"C": 551.3269885379416, "epsilon": 0.6980998344444876, "gamma": 0.1156237260899666}, "datetime": {"datetime": "2021-09-18 16:49:39", "elapsed": 68.776448, "delta": 0.500496}}
{"target": 0.8680908817160796, "params": {"C": 546.8620905340888, "epsilon": 0.24964628005121867, "gamma": 0.10362050607025261}, "datetime": {"datetime": "2021-09-18 16:49:39", "elapsed": 69.35198, "delta": 0.575532}}
{"target": 0.9185103850751677, "params": {"C": 585.4106587248484, "epsilon": 0.8601359581958653, "gamma": 0.05268578909012982}, "datetime": {"datetime": "2021-09-18 16:49:40", "elapsed": 69.94024, "delta": 0.58826}}
{"target": 0.904975446531214, "params": {"C": 618.5385054837882, "epsilon": 0.8303779710333048, "gamma": 0.0633354064595282}, "datetime": {"datetime": "2021-09-18 16:49:40", "elapsed": 70.4685, "delta": 0.52826}}
{"target": 0.9087205746680418, "params": {"C": 652.6037379286599, "epsilon": 0.5664453837349194, "gamma": 0.06187590405601606}, "datetime": {"datetime": "2021-09-18 16:49:41", "elapsed": 71.204204, "delta": 0.735704}}
{"target": 0.9215083102948882, "params": {"C": 675.3407842381737, "epsilon": 0.9386866240200834, "gamma": 0.04589307068248026}, "datetime": {"datetime": "2021-09-18 16:49:42", "elapsed": 71.905632, "delta": 0.701428}}
{"target": 0.9113978779290381, "params": {"C": 652.5146253765654, "epsilon": 0.5263465137138805, "gamma": 0.02}, "datetime": {"datetime": "2021-09-18 16:49:43", "elapsed": 72.789814, "delta": 0.884182}}
{"target": 0.8500845657517333, "params": {"C": 597.3408255905356, "epsilon": 0.8367778423566983, "gamma": 0.14710096454573088}, "datetime": {"datetime": "2021-09-18 16:49:43", "elapsed": 73.287733, "delta": 0.497919}}
{"target": 0.880044986210536, "params": {"C": 669.708364775133, "epsilon": 0.1646800880585747, "gamma": 0.08176125702143174}, "datetime": {"datetime": "2021-09-18 16:49:44", "elapsed": 73.925724, "delta": 0.637991}}
{"target": 0.9213637783123778, "params": {"C": 585.4786194810777, "epsilon": 0.8934331984154746, "gamma": 0.03214837644193279}, "datetime": {"datetime": "2021-09-18 16:49:45", "elapsed": 74.640903, "delta": 0.715179}}
{"target": 0.8562193952641683, "params": {"C": 616.6648833895122, "epsilon": 0.5172939694308437, "gamma": 0.11737243215692597}, "datetime": {"datetime": "2021-09-18 16:49:45", "elapsed": 75.267603, "delta": 0.6267}}
{"target": 0.9018979563161434, "params": {"C": 616.82634763446, "epsilon": 0.5361406980157462, "gamma": 0.06780854195170911}, "datetime": {"datetime": "2021-09-18 16:49:46", "elapsed": 76.040167, "delta": 0.772564}}
{"target": 0.923725476261307, "params": {"C": 656.6750134892493, "epsilon": 0.8423634820535115, "gamma": 0.03583654057729674}, "datetime": {"datetime": "2021-09-18 16:49:47", "elapsed": 76.735061, "delta": 0.694894}}
{"target": 0.8665648936813054, "params": {"C": 675.2470640878986, "epsilon": 0.9369234019425672, "gamma": 0.09687248272678976}, "datetime": {"datetime": "2021-09-18 16:49:48", "elapsed": 77.578425, "delta": 0.843364}}
{"target": 0.8586329464164265, "params": {"C": 550.8932925792725, "epsilon": 0.9375851450929396, "gamma": 0.11892180854002232}, "datetime": {"datetime": "2021-09-18 16:49:48", "elapsed": 78.199787, "delta": 0.621362}}
{"target": 0.8679390424926885, "params": {"C": 685.0575808557426, "epsilon": 0.7469808572586197, "gamma": 0.08982993472413428}, "datetime": {"datetime": "2021-09-18 16:49:49", "elapsed": 78.771379, "delta": 0.571592}}
{"target": 0.8995623923810476, "params": {"C": 639.682993558573, "epsilon": 0.31749330709473417, "gamma": 0.06909042302159459}, "datetime": {"datetime": "2021-09-18 16:49:50", "elapsed": 79.519606, "delta": 0.748227}}
{"target": 0.9121658208663396, "params": {"C": 513.2807134897612, "epsilon": 0.583527787155033, "gamma": 0.02}, "datetime": {"datetime": "2021-09-18 16:49:50", "elapsed": 80.314966, "delta": 0.79536}}
{"target": 0.9074390324227867, "params": {"C": 690.6875449633094, "epsilon": 0.28313617716988315, "gamma": 0.02}, "datetime": {"datetime": "2021-09-18 16:49:51", "elapsed": 81.137915, "delta": 0.822949}}
{"target": 0.9205806081357519, "params": {"C": 502.7769699619272, "epsilon": 0.7510384872888377, "gamma": 0.03129199019759203}, "datetime": {"datetime": "2021-09-18 16:49:52", "elapsed": 81.752365, "delta": 0.61445}}
{"target": 0.9215309318207833, "params": {"C": 578.3805329591246, "epsilon": 0.2143883471034783, "gamma": 0.034120384282303975}, "datetime": {"datetime": "2021-09-18 16:49:53", "elapsed": 82.641545, "delta": 0.88918}}
{"target": 0.9145227024900212, "params": {"C": 578.462878434872, "epsilon": 0.23889614704105258, "gamma": 0.05690246026855343}, "datetime": {"datetime": "2021-09-18 16:49:53", "elapsed": 83.475684, "delta": 0.834139}}
