{"target": -12.466436976364891, "params": {"C": 288.6047546407746, "epsilon": 0.9740694713152864, "gamma": 0.07456304831519599}, "datetime": {"datetime": "2021-09-27 17:18:44", "elapsed": 333.614717, "delta": 2.85415}}
{"target": -14.0307807262714, "params": {"C": 129.7432191963861, "epsilon": 0.3683437709557924, "gamma": 0.17256135787235763}, "datetime": {"datetime": "2021-09-27 17:18:49", "elapsed": 338.85937, "delta": 5.244653}}
{"target": -10.942979953693346, "params": {"C": 125.29403100502223, "epsilon": 0.4769842559934114, "gamma": 0.01}, "datetime": {"datetime": "2021-09-27 17:18:52", "elapsed": 341.757147, "delta": 2.897777}}
{"target": -10.584483654140293, "params": {"C": 276.83242862973, "epsilon": 0.9239797090910393, "gamma": 0.03092727910796563}, "datetime": {"datetime": "2021-09-27 17:18:55", "elapsed": 344.758366, "delta": 3.001219}}
{"target": -15.242199970065807, "params": {"C": 276.7648053085746, "epsilon": 0.9429389621394567, "gamma": 0.16550935293742364}, "datetime": {"datetime": "2021-09-27 17:18:57", "elapsed": 347.267365, "delta": 2.508999}}
{"target": -11.086245543671994, "params": {"C": 102.66951040362201, "epsilon": 0.7243334705604229, "gamma": 0.01}, "datetime": {"datetime": "2021-09-27 17:19:00", "elapsed": 350.337408, "delta": 3.070043}}
{"target": -10.687835109728601, "params": {"C": 129.48495137630113, "epsilon": 0.5342519608334914, "gamma": 0.015128837656965596}, "datetime": {"datetime": "2021-09-27 17:19:03", "elapsed": 352.697565, "delta": 2.360157}}
{"target": -10.98982393304321, "params": {"C": 125.14306252836948, "epsilon": 0.5795636220713035, "gamma": 0.01}, "datetime": {"datetime": "2021-09-27 17:19:05", "elapsed": 355.105562, "delta": 2.407997}}
{"target": -11.181338279717712, "params": {"C": 280.5957935464388, "epsilon": 0.283031153793491, "gamma": 0.01}, "datetime": {"datetime": "2021-09-27 17:19:08", "elapsed": 357.817605, "delta": 2.712043}}
{"target": -15.10865934764862, "params": {"C": 280.8653324671239, "epsilon": 0.6263627700013277, "gamma": 0.16018146212603554}, "datetime": {"datetime": "2021-09-27 17:19:09", "elapsed": 359.257249, "delta": 1.439644}}
{"target": -13.3623315380688, "params": {"C": 125.15483942769959, "epsilon": 0.47038220994325275, "gamma": 0.13585746082104644}, "datetime": {"datetime": "2021-09-27 17:19:12", "elapsed": 361.706488, "delta": 2.449239}}
{"target": -11.298444566014867, "params": {"C": 217.7507881915572, "epsilon": 0.49397050878486337, "gamma": 0.06562449316159087}, "datetime": {"datetime": "2021-09-27 17:19:13", "elapsed": 363.184594, "delta": 1.478106}}
{"target": -11.56304652794268, "params": {"C": 129.67428339572837, "epsilon": 0.5807011029829516, "gamma": 0.07968128127098664}, "datetime": {"datetime": "2021-09-27 17:19:16", "elapsed": 365.57614, "delta": 2.391546}}
{"target": -15.639848925011549, "params": {"C": 288.8143306052004, "epsilon": 0.9423335729800456, "gamma": 0.2048532140841604}, "datetime": {"datetime": "2021-09-27 17:19:19", "elapsed": 368.539083, "delta": 2.962943}}
{"target": -10.446582168555892, "params": {"C": 192.77055774822435, "epsilon": 0.8054711016746989, "gamma": 0.023584746268272262}, "datetime": {"datetime": "2021-09-27 17:19:20", "elapsed": 370.14008, "delta": 1.600997}}
{"target": -14.824479733271367, "params": {"C": 216.17055142812094, "epsilon": 0.22576956606299722, "gamma": 0.19918637560661737}, "datetime": {"datetime": "2021-09-27 17:19:22", "elapsed": 371.575337, "delta": 1.435257}}
{"target": -10.676463806246868, "params": {"C": 276.9451601027166, "epsilon": 0.8832797268338938, "gamma": 0.02844139137170789}, "datetime": {"datetime": "2021-09-27 17:19:26", "elapsed": 375.820325, "delta": 4.244988}}
{"target": -10.889030654475217, "params": {"C": 164.03100337595603, "epsilon": 0.5086461562552483, "gamma": 0.01}, "datetime": {"datetime": "2021-09-27 17:19:28", "elapsed": 378.352431, "delta": 2.532106}}
{"target": -11.032106493610364, "params": {"C": 281.38751683180027, "epsilon": 0.77653104434625, "gamma": 0.011786250981335835}, "datetime": {"datetime": "2021-09-27 17:19:31", "elapsed": 381.077346, "delta": 2.724915}}
{"target": -10.957296161921441, "params": {"C": 125.13183604667131, "epsilon": 0.7450702985719787, "gamma": 0.061944002711509995}, "datetime": {"datetime": "2021-09-27 17:19:34", "elapsed": 383.796837, "delta": 2.719491}}
{"target": -14.22637090238811, "params": {"C": 296.7243956674764, "epsilon": 0.6217594059049282, "gamma": 0.11845583643371628}, "datetime": {"datetime": "2021-09-27 17:19:35", "elapsed": 385.042287, "delta": 1.24545}}
{"target": -10.411728082818328, "params": {"C": 129.559828841419, "epsilon": 0.742677198235745, "gamma": 0.030995775447118998}, "datetime": {"datetime": "2021-09-27 17:19:38", "elapsed": 387.86359, "delta": 2.821303}}
{"target": -10.63489334590878, "params": {"C": 237.99476429881628, "epsilon": 0.4459491355420128, "gamma": 0.02010669532200535}, "datetime": {"datetime": "2021-09-27 17:19:39", "elapsed": 389.264704, "delta": 1.401114}}
{"target": -10.834066182781239, "params": {"C": 129.395129266322, "epsilon": 0.6789098603631589, "gamma": 0.058595562778568505}, "datetime": {"datetime": "2021-09-27 17:19:42", "elapsed": 391.981904, "delta": 2.7172}}
{"target": -10.901173027026493, "params": {"C": 237.87647905525586, "epsilon": 0.5474963885121781, "gamma": 0.01}, "datetime": {"datetime": "2021-09-27 17:19:45", "elapsed": 394.73332, "delta": 2.751416}}
{"target": -10.780284464943728, "params": {"C": 176.06982745167062, "epsilon": 0.24300988087151215, "gamma": 0.015820942920944825}, "datetime": {"datetime": "2021-09-27 17:19:46", "elapsed": 396.086321, "delta": 1.353001}}
{"target": -10.680977760456612, "params": {"C": 129.43291395422486, "epsilon": 0.8294055493526562, "gamma": 0.04225212974089741}, "datetime": {"datetime": "2021-09-27 17:19:49", "elapsed": 399.174698, "delta": 3.088377}}
{"target": -11.007864126465723, "params": {"C": 129.58760793648898, "epsilon": 0.8896164185954717, "gamma": 0.01621358666670069}, "datetime": {"datetime": "2021-09-27 17:19:52", "elapsed": 402.061892, "delta": 2.887194}}
{"target": -15.282542925151466, "params": {"C": 238.02001924826013, "epsilon": 0.45665397231265203, "gamma": 0.21435814861469216}, "datetime": {"datetime": "2021-09-27 17:19:55", "elapsed": 404.659639, "delta": 2.597747}}
{"target": -10.785617278000045, "params": {"C": 175.97572825431, "epsilon": 0.09431839452497659, "gamma": 0.059087888626798146}, "datetime": {"datetime": "2021-09-27 17:19:58", "elapsed": 407.422717, "delta": 2.763078}}
{"target": -10.976866817459289, "params": {"C": 237.85480041842752, "epsilon": 0.3798367491669513, "gamma": 0.01}, "datetime": {"datetime": "2021-09-27 17:20:00", "elapsed": 410.286515, "delta": 2.863798}}
{"target": -14.147820591990499, "params": {"C": 175.99115552447822, "epsilon": 0.22278832532771983, "gamma": 0.16572445915007922}, "datetime": {"datetime": "2021-09-27 17:20:03", "elapsed": 412.787429, "delta": 2.500914}}
{"target": -11.10252770166866, "params": {"C": 294.4686664334297, "epsilon": 0.7860825041352806, "gamma": 0.01}, "datetime": {"datetime": "2021-09-27 17:20:06", "elapsed": 415.469141, "delta": 2.681712}}
{"target": -10.678057487221766, "params": {"C": 129.25027990581407, "epsilon": 0.846058600409431, "gamma": 0.04134085924831248}, "datetime": {"datetime": "2021-09-27 17:20:08", "elapsed": 418.021292, "delta": 2.552151}}
{"target": -10.371067616548856, "params": {"C": 176.232442076709, "epsilon": 0.13929610457786124, "gamma": 0.03565813205116304}, "datetime": {"datetime": "2021-09-27 17:20:11", "elapsed": 421.081601, "delta": 3.060309}}
{"target": -10.605500178525029, "params": {"C": 289.64295092796783, "epsilon": 0.898290731683653, "gamma": 0.041305410997092076}, "datetime": {"datetime": "2021-09-27 17:20:13", "elapsed": 422.538606, "delta": 1.457005}}
{"target": -11.217748814840869, "params": {"C": 176.1224984158998, "epsilon": 0.029111722345344464, "gamma": 0.07192063776220223}, "datetime": {"datetime": "2021-09-27 17:20:16", "elapsed": 425.503952, "delta": 2.965346}}
{"target": -11.383124167626708, "params": {"C": 176.2857487360702, "epsilon": 0.2943562378743393, "gamma": 0.07258225655555894}, "datetime": {"datetime": "2021-09-27 17:20:18", "elapsed": 428.086121, "delta": 2.582169}}
{"target": -10.768249168196501, "params": {"C": 186.91275262784674, "epsilon": 0.34891710315800656, "gamma": 0.01615964035590288}, "datetime": {"datetime": "2021-09-27 17:20:20", "elapsed": 429.722158, "delta": 1.636037}}
{"target": -14.72212725759438, "params": {"C": 129.25506067022215, "epsilon": 0.759140338683709, "gamma": 0.18607389688878348}, "datetime": {"datetime": "2021-09-27 17:20:23", "elapsed": 432.775358, "delta": 3.0532}}
{"target": -10.80784806160852, "params": {"C": 233.04369815866698, "epsilon": 0.27187212925976345, "gamma": 0.053017357735611934}, "datetime": {"datetime": "2021-09-27 17:20:24", "elapsed": 434.310085, "delta": 1.534727}}
{"target": -10.768160096838871, "params": {"C": 176.4009705885881, "epsilon": 0.09798986615592035, "gamma": 0.05433961070752966}, "datetime": {"datetime": "2021-09-27 17:20:27", "elapsed": 437.082918, "delta": 2.772833}}
{"target": -10.035896166048845, "params": {"C": 232.89517763365825, "epsilon": 0.3046774354298098, "gamma": 0.02655391902639679}, "datetime": {"datetime": "2021-09-27 17:20:30", "elapsed": 439.801867, "delta": 2.718949}}
{"target": -11.87557784844201, "params": {"C": 232.96332492051118, "epsilon": 0.46728910601564977, "gamma": 0.07474274423147835}, "datetime": {"datetime": "2021-09-27 17:20:33", "elapsed": 443.029022, "delta": 3.227155}}
{"target": -15.72432733398318, "params": {"C": 232.80903619048425, "epsilon": 0.5953757826603201, "gamma": 0.2539472573774304}, "datetime": {"datetime": "2021-09-27 17:20:35", "elapsed": 444.464509, "delta": 1.435487}}
{"target": -10.576866646332862, "params": {"C": 292.7099665392704, "epsilon": 0.8104312284146662, "gamma": 0.017735264627867522}, "datetime": {"datetime": "2021-09-27 17:20:36", "elapsed": 446.257384, "delta": 1.792875}}
{"target": -11.949608481325269, "params": {"C": 292.6643364844242, "epsilon": 0.6663813732982987, "gamma": 0.07091115358678965}, "datetime": {"datetime": "2021-09-27 17:20:40", "elapsed": 449.607606, "delta": 3.350222}}
{"target": -11.3434604220625, "params": {"C": 129.3246983825098, "epsilon": 0.9756580197392475, "gamma": 0.01}, "datetime": {"datetime": "2021-09-27 17:20:43", "elapsed": 452.585217, "delta": 2.977611}}
{"target": -12.216747126445993, "params": {"C": 232.79743975616353, "epsilon": 0.3286304611937996, "gamma": 0.08598044213520466}, "datetime": {"datetime": "2021-09-27 17:20:46", "elapsed": 455.905276, "delta": 3.320059}}
{"target": -10.711686701354441, "params": {"C": 237.8062084429435, "epsilon": 0.6274619307785896, "gamma": 0.04884016618375724}, "datetime": {"datetime": "2021-09-27 17:20:48", "elapsed": 457.594218, "delta": 1.688942}}
{"target": -14.303482969732654, "params": {"C": 213.40390459480656, "epsilon": 0.111543840707374, "gamma": 0.1632747060092593}, "datetime": {"datetime": "2021-09-27 17:20:49", "elapsed": 459.252262, "delta": 1.658044}}
{"target": -15.586946219548473, "params": {"C": 102.37650035718524, "epsilon": 0.7566931406581404, "gamma": 0.26318224972706045}, "datetime": {"datetime": "2021-09-27 17:20:51", "elapsed": 461.100699, "delta": 1.848437}}
{"target": -11.107799883924589, "params": {"C": 232.99730287084353, "epsilon": 0.12062090309110443, "gamma": 0.06306637104497376}, "datetime": {"datetime": "2021-09-27 17:20:55", "elapsed": 464.633111, "delta": 3.532412}}
{"target": -14.515090606733114, "params": {"C": 217.32018807866285, "epsilon": 0.8778650178320274, "gamma": 0.14288401233080744}, "datetime": {"datetime": "2021-09-27 17:20:56", "elapsed": 466.375246, "delta": 1.742135}}
{"target": -12.85476108346394, "params": {"C": 299.50760201551327, "epsilon": 0.5585888636873816, "gamma": 0.08937062400917675}, "datetime": {"datetime": "2021-09-27 17:20:58", "elapsed": 468.079329, "delta": 1.704083}}
{"target": -13.747157356276462, "params": {"C": 232.92540894030077, "epsilon": 0.2490377445644029, "gamma": 0.12417430056860985}, "datetime": {"datetime": "2021-09-27 17:21:02", "elapsed": 471.898611, "delta": 3.819282}}
{"target": -11.112652500298632, "params": {"C": 292.8654975494088, "epsilon": 0.8190131016931083, "gamma": 0.01}, "datetime": {"datetime": "2021-09-27 17:21:05", "elapsed": 475.383883, "delta": 3.485272}}
{"target": -12.42458259737194, "params": {"C": 141.61944183715732, "epsilon": 0.611669364075082, "gamma": 0.09992769141556775}, "datetime": {"datetime": "2021-09-27 17:21:07", "elapsed": 477.042891, "delta": 1.659008}}
{"target": -12.336567961062672, "params": {"C": 200.44281773167808, "epsilon": 0.6893901564633127, "gamma": 0.08742308181732102}, "datetime": {"datetime": "2021-09-27 17:21:09", "elapsed": 478.864866, "delta": 1.821975}}
{"target": -15.297428807923055, "params": {"C": 289.7268076661504, "epsilon": 0.9649436609801407, "gamma": 0.16935657692483588}, "datetime": {"datetime": "2021-09-27 17:21:13", "elapsed": 482.77077, "delta": 3.905904}}
{"target": -14.975234260871781, "params": {"C": 292.76208030778724, "epsilon": 0.9265927056682897, "gamma": 0.14112272779754473}, "datetime": {"datetime": "2021-09-27 17:21:16", "elapsed": 486.018648, "delta": 3.247878}}
{"target": -11.073802234711842, "params": {"C": 237.92587387505284, "epsilon": 0.7266425921851175, "gamma": 0.01}, "datetime": {"datetime": "2021-09-27 17:21:19", "elapsed": 489.208856, "delta": 3.190208}}
{"target": -10.848112115333102, "params": {"C": 125.27728031852095, "epsilon": 0.770303087367715, "gamma": 0.0179082296567762}, "datetime": {"datetime": "2021-09-27 17:21:22", "elapsed": 492.388996, "delta": 3.18014}}
{"target": -10.65865184121951, "params": {"C": 289.5121693548963, "epsilon": 0.8970268695320109, "gamma": 0.042204176466013536}, "datetime": {"datetime": "2021-09-27 17:21:25", "elapsed": 495.296232, "delta": 2.907236}}
{"target": -11.712738774866246, "params": {"C": 204.72400329301448, "epsilon": 0.3178140729179401, "gamma": 0.07838947476712839}, "datetime": {"datetime": "2021-09-27 17:21:27", "elapsed": 496.863231, "delta": 1.566999}}
{"target": -10.913587055232599, "params": {"C": 176.49035631293134, "epsilon": 0.22099723252647835, "gamma": 0.0139144995977421}, "datetime": {"datetime": "2021-09-27 17:21:31", "elapsed": 500.430455, "delta": 3.567224}}
{"target": -13.385537229266864, "params": {"C": 176.2901213102882, "epsilon": 0.018195239203934135, "gamma": 0.1334111385965128}, "datetime": {"datetime": "2021-09-27 17:21:35", "elapsed": 504.582711, "delta": 4.152256}}
{"target": -10.898847161006117, "params": {"C": 289.5443914620713, "epsilon": 0.7753570647063949, "gamma": 0.013060114199611618}, "datetime": {"datetime": "2021-09-27 17:21:38", "elapsed": 508.205221, "delta": 3.62251}}
{"target": -11.143298980979692, "params": {"C": 292.8372922194495, "epsilon": 0.6693844190837692, "gamma": 0.01}, "datetime": {"datetime": "2021-09-27 17:21:42", "elapsed": 511.583585, "delta": 3.378364}}
{"target": -11.199554274117848, "params": {"C": 141.47136114823886, "epsilon": 0.0001, "gamma": 0.01}, "datetime": {"datetime": "2021-09-27 17:21:45", "elapsed": 515.31017, "delta": 3.726585}}
{"target": -11.7654126310951, "params": {"C": 298.67260537750445, "epsilon": 0.6725604778587557, "gamma": 0.0662756284749236}, "datetime": {"datetime": "2021-09-27 17:21:47", "elapsed": 516.96864, "delta": 1.65847}}
{"target": -10.821644168744657, "params": {"C": 129.12548517111986, "epsilon": 0.9299859556570022, "gamma": 0.022896870741156518}, "datetime": {"datetime": "2021-09-27 17:21:52", "elapsed": 521.785008, "delta": 4.816368}}
{"target": -14.447599399172443, "params": {"C": 250.83581550446564, "epsilon": 0.2497824605790501, "gamma": 0.15231045545894767}, "datetime": {"datetime": "2021-09-27 17:21:54", "elapsed": 523.540608, "delta": 1.7556}}
{"target": -10.608271510550962, "params": {"C": 175.83866846371183, "epsilon": 0.054508856333702047, "gamma": 0.020303857800432677}, "datetime": {"datetime": "2021-09-27 17:21:57", "elapsed": 527.385597, "delta": 3.844989}}
{"target": -10.582086607793128, "params": {"C": 174.3983592469045, "epsilon": 0.6118167404810072, "gamma": 0.021819156602709704}, "datetime": {"datetime": "2021-09-27 17:22:03", "elapsed": 532.465268, "delta": 5.079671}}
{"target": -15.173221843050126, "params": {"C": 286.2457996458142, "epsilon": 0.44987928267997124, "gamma": 0.1866178122408368}, "datetime": {"datetime": "2021-09-27 17:22:04", "elapsed": 534.393248, "delta": 1.92798}}
{"target": -14.163235513063382, "params": {"C": 192.81851128662754, "epsilon": 0.7882848528991703, "gamma": 0.13824716422954347}, "datetime": {"datetime": "2021-09-27 17:22:08", "elapsed": 537.65006, "delta": 3.256812}}
{"target": -14.451119014913303, "params": {"C": 237.75236363598012, "epsilon": 0.7664897980301159, "gamma": 0.1366255935045591}, "datetime": {"datetime": "2021-09-27 17:22:13", "elapsed": 542.539784, "delta": 4.889724}}
{"target": -10.753974802782233, "params": {"C": 237.68609996031054, "epsilon": 0.49681028935043514, "gamma": 0.01828289809063207}, "datetime": {"datetime": "2021-09-27 17:22:16", "elapsed": 546.17266, "delta": 3.632876}}
{"target": -14.227400858739516, "params": {"C": 176.4500730681158, "epsilon": 0.21043930320166682, "gamma": 0.1720605127869807}, "datetime": {"datetime": "2021-09-27 17:22:20", "elapsed": 549.509967, "delta": 3.337307}}
{"target": -10.671711757749573, "params": {"C": 130.17399866758, "epsilon": 0.7933740719017001, "gamma": 0.04201307437123699}, "datetime": {"datetime": "2021-09-27 17:22:21", "elapsed": 551.24848, "delta": 1.738513}}
{"target": -11.015484160415623, "params": {"C": 237.6657699300968, "epsilon": 0.32662148430804994, "gamma": 0.01}, "datetime": {"datetime": "2021-09-27 17:22:25", "elapsed": 554.413934, "delta": 3.165454}}
{"target": -11.023454121458009, "params": {"C": 130.2552377911335, "epsilon": 0.6780534078756405, "gamma": 0.01}, "datetime": {"datetime": "2021-09-27 17:22:29", "elapsed": 558.708218, "delta": 4.294284}}
{"target": -10.405323575640923, "params": {"C": 175.70117388638778, "epsilon": 0.13424249757757017, "gamma": 0.03732714908598509}, "datetime": {"datetime": "2021-09-27 17:22:32", "elapsed": 562.258493, "delta": 3.550275}}
{"target": -11.245473678227185, "params": {"C": 175.59313569684892, "epsilon": 0.08079068131812522, "gamma": 0.07141255739743538}, "datetime": {"datetime": "2021-09-27 17:22:37", "elapsed": 566.863408, "delta": 4.604915}}
{"target": -10.990352765557605, "params": {"C": 175.62506470664752, "epsilon": 0.26675903478090757, "gamma": 0.01}, "datetime": {"datetime": "2021-09-27 17:22:42", "elapsed": 572.030325, "delta": 5.166917}}
{"target": -14.798482257048597, "params": {"C": 175.6836444466366, "epsilon": 0.18786261014317365, "gamma": 0.211933961325061}, "datetime": {"datetime": "2021-09-27 17:22:47", "elapsed": 577.242598, "delta": 5.212273}}
{"target": -12.718876471593935, "params": {"C": 154.82552059926005, "epsilon": 0.48890146128218265, "gamma": 0.10728407784539613}, "datetime": {"datetime": "2021-09-27 17:22:52", "elapsed": 581.801685, "delta": 4.559087}}
{"target": -14.881387185107647, "params": {"C": 237.6617254469897, "epsilon": 0.4313478846267338, "gamma": 0.17352193897768503}, "datetime": {"datetime": "2021-09-27 17:22:56", "elapsed": 586.391978, "delta": 4.590293}}
{"target": -10.757995876013771, "params": {"C": 130.39513706128793, "epsilon": 0.7979659676030633, "gamma": 0.02188250813058811}, "datetime": {"datetime": "2021-09-27 17:23:00", "elapsed": 589.609583, "delta": 3.217605}}
{"target": -11.19491907698444, "params": {"C": 282.91924335631836, "epsilon": 0.3363761225607731, "gamma": 0.056917836711300025}, "datetime": {"datetime": "2021-09-27 17:23:02", "elapsed": 591.550464, "delta": 1.940881}}
{"target": -12.27734871212436, "params": {"C": 216.64967570089823, "epsilon": 0.09229413407863195, "gamma": 0.09434085788402206}, "datetime": {"datetime": "2021-09-27 17:23:04", "elapsed": 593.66248, "delta": 2.112016}}
{"target": -10.900202830674173, "params": {"C": 164.19544569243934, "epsilon": 0.553638976876851, "gamma": 0.01}, "datetime": {"datetime": "2021-09-27 17:23:08", "elapsed": 598.367838, "delta": 4.705358}}
{"target": -11.04057100169913, "params": {"C": 124.97757041278163, "epsilon": 0.674144185453622, "gamma": 0.01}, "datetime": {"datetime": "2021-09-27 17:23:13", "elapsed": 602.628535, "delta": 4.260697}}
{"target": -11.105231352278585, "params": {"C": 233.13494513155365, "epsilon": 0.21170285893988608, "gamma": 0.010747760324649613}, "datetime": {"datetime": "2021-09-27 17:23:16", "elapsed": 605.502481, "delta": 2.873946}}
{"target": -10.329281676007744, "params": {"C": 246.54013718351254, "epsilon": 0.20870229899112394, "gamma": 0.029755109011609215}, "datetime": {"datetime": "2021-09-27 17:23:19", "elapsed": 608.787392, "delta": 3.284911}}
{"target": -14.030605570845427, "params": {"C": 246.52846223453096, "epsilon": 0.3029934207446887, "gamma": 0.13120184850844388}, "datetime": {"datetime": "2021-09-27 17:23:23", "elapsed": 612.586031, "delta": 3.798639}}
{"target": -14.691252673688867, "params": {"C": 228.2133854359613, "epsilon": 0.1550005903238207, "gamma": 0.18836040632973472}, "datetime": {"datetime": "2021-09-27 17:23:25", "elapsed": 614.516222, "delta": 1.930191}}
{"target": -13.495066494387121, "params": {"C": 246.40426049913216, "epsilon": 0.09690879595696915, "gamma": 0.11712954941268942}, "datetime": {"datetime": "2021-09-27 17:23:29", "elapsed": 618.874234, "delta": 4.358012}}
{"target": -10.823345436595428, "params": {"C": 233.17423477722303, "epsilon": 0.3833407688465532, "gamma": 0.014785019268068494}, "datetime": {"datetime": "2021-09-27 17:23:35", "elapsed": 624.414135, "delta": 5.539901}}
{"target": -10.377943809807823, "params": {"C": 246.66714883127787, "epsilon": 0.015215955032320823, "gamma": 0.027129219571664524}, "datetime": {"datetime": "2021-09-27 17:23:39", "elapsed": 628.612146, "delta": 4.198011}}
