{"target": 0.8470870218928324, "params": {"C": 84.96327827454394, "epsilon": 3.2019498948899554, "gamma": 0.009600759424549781}, "datetime": {"datetime": "2021-09-18 12:28:06", "elapsed": 196.964715, "delta": 1.503033}}
{"target": 0.8600319018020846, "params": {"C": 83.95838434158615, "epsilon": 4.312757955332027, "gamma": 0.016823668368074935}, "datetime": {"datetime": "2021-09-18 12:28:07", "elapsed": 198.105711, "delta": 1.140996}}
{"target": 0.5403339125486813, "params": {"C": 83.42497495384715, "epsilon": 3.4297313392576614, "gamma": 0.7889163275977265}, "datetime": {"datetime": "2021-09-18 12:28:08", "elapsed": 199.298672, "delta": 1.192961}}
{"target": 0.6782831431231708, "params": {"C": 83.60925976624334, "epsilon": 5.567242277274529, "gamma": 0.2556496403870851}, "datetime": {"datetime": "2021-09-18 12:28:09", "elapsed": 200.722725, "delta": 1.424053}}
{"target": 0.4181846012226854, "params": {"C": 44.7917818884905, "epsilon": 5.583091534818846, "gamma": 1.0}, "datetime": {"datetime": "2021-09-18 12:28:11", "elapsed": 201.943682, "delta": 1.220957}}
{"target": 0.8395973396355279, "params": {"C": 85.51581283444939, "epsilon": 4.336371153064553, "gamma": 0.08204823112570339}, "datetime": {"datetime": "2021-09-18 12:28:12", "elapsed": 203.165717, "delta": 1.222035}}
{"target": 0.892060135055983, "params": {"C": 78.17108185592329, "epsilon": 0.17481894605375717, "gamma": 0.11618470687741747}, "datetime": {"datetime": "2021-09-18 12:28:13", "elapsed": 204.385712, "delta": 1.219995}}
{"target": 0.5873334167258495, "params": {"C": 77.7459475495357, "epsilon": 0.9901956907524094, "gamma": 0.7951891944096676}, "datetime": {"datetime": "2021-09-18 12:28:14", "elapsed": 205.649676, "delta": 1.263964}}
{"target": 0.8788593900420739, "params": {"C": 78.88026459372847, "epsilon": 1.0523131502530438, "gamma": 0.024120934378818324}, "datetime": {"datetime": "2021-09-18 12:28:16", "elapsed": 206.884682, "delta": 1.235006}}
{"target": 0.5415314628006029, "params": {"C": 78.77909627592803, "epsilon": 0.1360379506750923, "gamma": 0.9846675050282979}, "datetime": {"datetime": "2021-09-18 12:28:17", "elapsed": 208.514716, "delta": 1.630034}}
{"target": 0.8723698373163942, "params": {"C": 79.95415389697504, "epsilon": 1.6012330235292258, "gamma": 0.020942735866335483}, "datetime": {"datetime": "2021-09-18 12:28:19", "elapsed": 209.961716, "delta": 1.447}}
{"target": 0.8790259992344955, "params": {"C": 80.16971774883048, "epsilon": 2.9958825026015656, "gamma": 0.08427555672467668}, "datetime": {"datetime": "2021-09-18 12:28:20", "elapsed": 211.409682, "delta": 1.447966}}
{"target": 0.538319023413924, "params": {"C": 80.13441405203659, "epsilon": 2.226912070442898, "gamma": 0.8942031832295483}, "datetime": {"datetime": "2021-09-18 12:28:21", "elapsed": 212.59368, "delta": 1.183998}}
{"target": 0.7595446313160856, "params": {"C": 80.62480746540705, "epsilon": 3.9630466411208523, "gamma": 0.20886575899078494}, "datetime": {"datetime": "2021-09-18 12:28:23", "elapsed": 213.844674, "delta": 1.250994}}
{"target": 0.8655451963929028, "params": {"C": 79.14847045107425, "epsilon": 2.0610694731756465, "gamma": 0.016377491641513156}, "datetime": {"datetime": "2021-09-18 12:28:24", "elapsed": 215.203675, "delta": 1.359001}}
{"target": 0.27415479335063375, "params": {"C": 26.700475530830282, "epsilon": 10.126622692642568, "gamma": 0.0001}, "datetime": {"datetime": "2021-09-18 12:28:25", "elapsed": 216.435677, "delta": 1.232002}}
{"target": 0.44574004339037177, "params": {"C": 77.8984757329297, "epsilon": 10.97840043425518, "gamma": 0.08751343515267998}, "datetime": {"datetime": "2021-09-18 12:28:27", "elapsed": 217.90068, "delta": 1.465003}}
{"target": 0.16016630953705324, "params": {"C": 66.47679433766024, "epsilon": 11.796811192471429, "gamma": 0.8230945802966817}, "datetime": {"datetime": "2021-09-18 12:28:29", "elapsed": 220.016029, "delta": 2.115349}}
{"target": 0.5713361571552648, "params": {"C": 81.25998454466475, "epsilon": 2.804450914882129, "gamma": 0.0001}, "datetime": {"datetime": "2021-09-18 12:28:31", "elapsed": 222.125024, "delta": 2.108995}}
{"target": 0.5357690351089851, "params": {"C": 79.47692178986534, "epsilon": 5.059941342712154, "gamma": 0.0001}, "datetime": {"datetime": "2021-09-18 12:28:32", "elapsed": 223.416029, "delta": 1.291005}}
{"target": 0.8978343025376365, "params": {"C": 76.95956553395426, "epsilon": 0.07203900504384372, "gamma": 0.1017800561112441}, "datetime": {"datetime": "2021-09-18 12:28:33", "elapsed": 224.730043, "delta": 1.314014}}
{"target": 0.46951209592836574, "params": {"C": 84.88066585603785, "epsilon": 3.9239455180239253, "gamma": 1.0}, "datetime": {"datetime": "2021-09-18 12:28:35", "elapsed": 226.070029, "delta": 1.339986}}
{"target": 0.5386060300587547, "params": {"C": 44.163379102071836, "epsilon": 0.0001, "gamma": 1.0}, "datetime": {"datetime": "2021-09-18 12:28:36", "elapsed": 227.689032, "delta": 1.619003}}
{"target": 0.08840010432690137, "params": {"C": 38.59888760937037, "epsilon": 12.884490242947942, "gamma": 0.8883020248820402}, "datetime": {"datetime": "2021-09-18 12:28:38", "elapsed": 229.23203, "delta": 1.542998}}
{"target": 0.280324132242185, "params": {"C": 13.904371946403034, "epsilon": 0.0001, "gamma": 0.0001}, "datetime": {"datetime": "2021-09-18 12:28:40", "elapsed": 231.077599, "delta": 1.845569}}
{"target": 0.8526670847619301, "params": {"C": 84.40245849740512, "epsilon": 1.8128963073021394, "gamma": 0.007832575965703343}, "datetime": {"datetime": "2021-09-18 12:28:42", "elapsed": 232.800843, "delta": 1.723244}}
{"target": -0.0387834909963547, "params": {"C": 17.376999406973248, "epsilon": 15.450893233685582, "gamma": 0.8132084097265584}, "datetime": {"datetime": "2021-09-18 12:28:43", "elapsed": 234.748968, "delta": 1.948125}}
{"target": 0.5376939425276774, "params": {"C": 48.0061786960753, "epsilon": 1.114963588185152, "gamma": 0.9600104102351272}, "datetime": {"datetime": "2021-09-18 12:28:45", "elapsed": 236.416229, "delta": 1.667261}}
{"target": 0.15476147469611867, "params": {"C": 44.871802454098344, "epsilon": 11.673292183235569, "gamma": 0.9157781288025929}, "datetime": {"datetime": "2021-09-18 12:28:47", "elapsed": 237.978776, "delta": 1.562547}}
{"target": -0.08117062494825245, "params": {"C": 73.38930323200037, "epsilon": 16.29894847029342, "gamma": 1.0}, "datetime": {"datetime": "2021-09-18 12:28:48", "elapsed": 239.338775, "delta": 1.359999}}
{"target": 0.5545129476208919, "params": {"C": 86.76158149424104, "epsilon": 4.404768160605566, "gamma": 0.0001}, "datetime": {"datetime": "2021-09-18 12:28:50", "elapsed": 241.737727, "delta": 2.398952}}
{"target": -0.06282271983564414, "params": {"C": 92.06200131366916, "epsilon": 15.879496765571389, "gamma": 0.9638132427729782}, "datetime": {"datetime": "2021-09-18 12:28:52", "elapsed": 243.331739, "delta": 1.594012}}
{"target": 0.5373989289663976, "params": {"C": 19.410929848502633, "epsilon": 9.46190893104969, "gamma": 0.0021580950702293}, "datetime": {"datetime": "2021-09-18 12:28:53", "elapsed": 244.687304, "delta": 1.355565}}
{"target": 0.36671517098042694, "params": {"C": 36.278768154653164, "epsilon": 7.798578653885686, "gamma": 0.0001}, "datetime": {"datetime": "2021-09-18 12:28:55", "elapsed": 246.263412, "delta": 1.576108}}
{"target": 0.3991866604025551, "params": {"C": 50.59221544290832, "epsilon": 7.308158916580214, "gamma": 0.7964534247573167}, "datetime": {"datetime": "2021-09-18 12:28:57", "elapsed": 248.241854, "delta": 1.978442}}
{"target": -0.026793402336576122, "params": {"C": 24.200067623453247, "epsilon": 14.973637918376333, "gamma": 1.0}, "datetime": {"datetime": "2021-09-18 12:28:59", "elapsed": 249.925406, "delta": 1.683552}}
{"target": -0.20331418424528325, "params": {"C": 10.16485707069467, "epsilon": 20.0, "gamma": 1.0}, "datetime": {"datetime": "2021-09-18 12:29:00", "elapsed": 251.366111, "delta": 1.440705}}
{"target": 0.5306627811210857, "params": {"C": 63.885538302285774, "epsilon": 3.3366345838132703, "gamma": 0.0001}, "datetime": {"datetime": "2021-09-18 12:29:02", "elapsed": 252.791555, "delta": 1.425444}}
{"target": 0.3038853856584771, "params": {"C": 74.10542036074439, "epsilon": 8.426810717954853, "gamma": 1.0}, "datetime": {"datetime": "2021-09-18 12:29:03", "elapsed": 254.492249, "delta": 1.700694}}
{"target": 0.848523839762908, "params": {"C": 87.38645911959316, "epsilon": 2.2057048041598555, "gamma": 0.006829218879956276}, "datetime": {"datetime": "2021-09-18 12:29:05", "elapsed": 256.212439, "delta": 1.72019}}
{"target": 0.5776387057416092, "params": {"C": 81.77230320983854, "epsilon": 10.714775975571047, "gamma": 0.014455189209843348}, "datetime": {"datetime": "2021-09-18 12:29:07", "elapsed": 257.888475, "delta": 1.676036}}
{"target": 0.7337926530374322, "params": {"C": 21.783702807916207, "epsilon": 7.36672803089952, "gamma": 0.031197731278122098}, "datetime": {"datetime": "2021-09-18 12:29:08", "elapsed": 259.685548, "delta": 1.797073}}
{"target": 0.3239490492590983, "params": {"C": 22.945761664330764, "epsilon": 7.96957081779132, "gamma": 1.0}, "datetime": {"datetime": "2021-09-18 12:29:10", "elapsed": 261.070264, "delta": 1.384716}}
{"target": 0.5145461739101145, "params": {"C": 97.36058068391262, "epsilon": 8.744663437112605, "gamma": 0.2530796229861807}, "datetime": {"datetime": "2021-09-18 12:29:11", "elapsed": 262.425645, "delta": 1.355381}}
{"target": 0.6506664250458558, "params": {"C": 4.797146665534387, "epsilon": 0.07009891442117529, "gamma": 0.1833060015427489}, "datetime": {"datetime": "2021-09-18 12:29:13", "elapsed": 264.185227, "delta": 1.759582}}
{"target": -0.07266156039332738, "params": {"C": 35.769172407047215, "epsilon": 17.41812491311312, "gamma": 0.024844889036226076}, "datetime": {"datetime": "2021-09-18 12:29:15", "elapsed": 265.861128, "delta": 1.675901}}
{"target": 0.3437166569654221, "params": {"C": 21.165694238466518, "epsilon": 6.040086670545529, "gamma": 0.0001}, "datetime": {"datetime": "2021-09-18 12:29:16", "elapsed": 267.355991, "delta": 1.494863}}
{"target": 0.8362452956408738, "params": {"C": 66.56854850698043, "epsilon": 5.518545355727441, "gamma": 0.030348887562929826}, "datetime": {"datetime": "2021-09-18 12:29:19", "elapsed": 269.969006, "delta": 2.613015}}
{"target": 0.4202148968906003, "params": {"C": 67.11385360489236, "epsilon": 6.1957644633017965, "gamma": 0.895989049979635}, "datetime": {"datetime": "2021-09-18 12:29:20", "elapsed": 271.321755, "delta": 1.352749}}
{"target": 0.870139506335054, "params": {"C": 66.04317010331211, "epsilon": 4.403705075414783, "gamma": 0.03377370242157182}, "datetime": {"datetime": "2021-09-18 12:29:22", "elapsed": 273.339429, "delta": 2.017674}}
{"target": 0.8545087182188186, "params": {"C": 65.95890628204302, "epsilon": 2.8389562018717, "gamma": 0.012215744977291793}, "datetime": {"datetime": "2021-09-18 12:29:24", "elapsed": 275.432132, "delta": 2.092703}}
{"target": 0.503449713834774, "params": {"C": 65.3302029316293, "epsilon": 5.307837955578391, "gamma": 0.0001}, "datetime": {"datetime": "2021-09-18 12:29:26", "elapsed": 277.491316, "delta": 2.059184}}
{"target": 0.8836922205096875, "params": {"C": 66.63335569529194, "epsilon": 3.6244415426395267, "gamma": 0.04811533806115269}, "datetime": {"datetime": "2021-09-18 12:29:28", "elapsed": 278.985623, "delta": 1.494307}}
{"target": 0.4718789133069423, "params": {"C": 20.92455954258714, "epsilon": 8.337093912464344, "gamma": 0.38981680498639326}, "datetime": {"datetime": "2021-09-18 12:29:29", "elapsed": 280.492608, "delta": 1.506985}}
{"target": 0.8279570422603044, "params": {"C": 67.02614866102886, "epsilon": 4.886119150815036, "gamma": 0.07086310456491139}, "datetime": {"datetime": "2021-09-18 12:29:31", "elapsed": 282.637549, "delta": 2.144941}}
{"target": 0.3766126377499477, "params": {"C": 16.955170460041646, "epsilon": 8.186934747646715, "gamma": 0.7219883528468418}, "datetime": {"datetime": "2021-09-18 12:29:33", "elapsed": 284.179529, "delta": 1.54198}}
{"target": 0.7361877600437812, "params": {"C": 48.22131821713871, "epsilon": 5.321515329749621, "gamma": 0.1748806997852875}, "datetime": {"datetime": "2021-09-18 12:29:34", "elapsed": 285.76722, "delta": 1.587691}}
{"target": 0.7583761178044196, "params": {"C": 49.13866796940701, "epsilon": 3.4343238968862324, "gamma": 0.24109184203991227}, "datetime": {"datetime": "2021-09-18 12:29:36", "elapsed": 287.211438, "delta": 1.444218}}
{"target": 0.4723372842064172, "params": {"C": 48.500564205636216, "epsilon": 4.529317100986463, "gamma": 0.9170088023519839}, "datetime": {"datetime": "2021-09-18 12:29:38", "elapsed": 289.154011, "delta": 1.942573}}
{"target": 0.8564252371829676, "params": {"C": 50.19123035071741, "epsilon": 2.4289304032889065, "gamma": 0.13306315510718147}, "datetime": {"datetime": "2021-09-18 12:29:39", "elapsed": 290.581568, "delta": 1.427557}}
{"target": 0.5742274776804464, "params": {"C": 49.129716493052975, "epsilon": 2.169583872796783, "gamma": 0.777872843570045}, "datetime": {"datetime": "2021-09-18 12:29:41", "elapsed": 292.509574, "delta": 1.928006}}
{"target": 0.3945250365926042, "params": {"C": 59.7544189951088, "epsilon": 8.990460395987126, "gamma": 0.0001}, "datetime": {"datetime": "2021-09-18 12:29:43", "elapsed": 294.127577, "delta": 1.618003}}
{"target": 0.715553312853295, "params": {"C": 46.99432930872014, "epsilon": 6.337855873484604, "gamma": 0.1449989046013116}, "datetime": {"datetime": "2021-09-18 12:29:45", "elapsed": 295.954611, "delta": 1.827034}}
{"target": 0.5302201456579989, "params": {"C": 91.68796754540872, "epsilon": 2.316129528478334, "gamma": 0.9168045665948215}, "datetime": {"datetime": "2021-09-18 12:29:46", "elapsed": 297.775613, "delta": 1.821002}}
{"target": 0.43172853782832077, "params": {"C": 48.49893284127369, "epsilon": 6.72692381362909, "gamma": 0.0001}, "datetime": {"datetime": "2021-09-18 12:29:49", "elapsed": 299.964606, "delta": 2.188993}}
{"target": 0.8766469631576188, "params": {"C": 50.61736264941131, "epsilon": 3.3666692852825686, "gamma": 0.035917172268599355}, "datetime": {"datetime": "2021-09-18 12:29:50", "elapsed": 301.299569, "delta": 1.334963}}
{"target": 0.5682133286016121, "params": {"C": 51.28760541383003, "epsilon": 2.8778685618463915, "gamma": 0.7468505249362632}, "datetime": {"datetime": "2021-09-18 12:29:51", "elapsed": 302.750577, "delta": 1.451008}}
{"target": 0.8993263161225195, "params": {"C": 65.72675698132129, "epsilon": 1.5515384966567687, "gamma": 0.05437296808900687}, "datetime": {"datetime": "2021-09-18 12:29:54", "elapsed": 305.703586, "delta": 2.953009}}
{"target": 0.5129548305926408, "params": {"C": 91.43539768650867, "epsilon": 6.018198423103353, "gamma": 0.0001}, "datetime": {"datetime": "2021-09-18 12:29:56", "elapsed": 307.776608, "delta": 2.073022}}
{"target": 0.10243642882543447, "params": {"C": 51.98268936826401, "epsilon": 12.427693036765382, "gamma": 1.0}, "datetime": {"datetime": "2021-09-18 12:29:58", "elapsed": 309.425572, "delta": 1.648964}}
{"target": -0.05322947354523455, "params": {"C": 31.39776581440189, "epsilon": 15.739758072747037, "gamma": 0.8736918978258996}, "datetime": {"datetime": "2021-09-18 12:30:00", "elapsed": 310.918572, "delta": 1.493}}
{"target": -0.15483964998025757, "params": {"C": 66.1673150286131, "epsilon": 20.0, "gamma": 0.0001}, "datetime": {"datetime": "2021-09-18 12:30:02", "elapsed": 312.908607, "delta": 1.990035}}
{"target": 0.35485067514182267, "params": {"C": 39.93821748240331, "epsilon": 7.392590286383046, "gamma": 0.9703976795930543}, "datetime": {"datetime": "2021-09-18 12:30:03", "elapsed": 314.664441, "delta": 1.755834}}
{"target": 0.8157005726682633, "params": {"C": 46.80697803938484, "epsilon": 5.005859022950297, "gamma": 0.07252543583531228}, "datetime": {"datetime": "2021-09-18 12:30:05", "elapsed": 316.5534, "delta": 1.888959}}
{"target": 0.3616492466584409, "params": {"C": 79.4562056232288, "epsilon": 7.554898099917901, "gamma": 0.9061277316340203}, "datetime": {"datetime": "2021-09-18 12:30:07", "elapsed": 318.012405, "delta": 1.459005}}
{"target": 0.5685309206824289, "params": {"C": 79.58572502033597, "epsilon": 0.0001, "gamma": 0.0001}, "datetime": {"datetime": "2021-09-18 12:30:08", "elapsed": 319.469414, "delta": 1.457009}}
{"target": -0.20149887899886632, "params": {"C": 4.758803959107797, "epsilon": 19.92473627037159, "gamma": 0.9537667131002808}, "datetime": {"datetime": "2021-09-18 12:30:10", "elapsed": 320.959811, "delta": 1.490397}}
{"target": -0.09598120743670724, "params": {"C": 96.48256013851092, "epsilon": 16.815285632888354, "gamma": 0.8092219753312287}, "datetime": {"datetime": "2021-09-18 12:30:11", "elapsed": 322.742976, "delta": 1.783165}}
{"target": 0.8124965653111764, "params": {"C": 60.27440316662592, "epsilon": 0.9873723006972805, "gamma": 0.0029078995204867416}, "datetime": {"datetime": "2021-09-18 12:30:14", "elapsed": 325.496579, "delta": 2.753603}}
{"target": 0.5856328576829197, "params": {"C": 60.80389211509235, "epsilon": 0.2511360755550276, "gamma": 0.8236927567244866}, "datetime": {"datetime": "2021-09-18 12:30:16", "elapsed": 327.529344, "delta": 2.032765}}
{"target": 0.8833965692898638, "params": {"C": 61.35379633119543, "epsilon": 1.6654125211141404, "gamma": 0.10520199983718362}, "datetime": {"datetime": "2021-09-18 12:30:18", "elapsed": 329.059928, "delta": 1.530584}}
{"target": 0.5422918103693211, "params": {"C": 82.39096764339422, "epsilon": 4.626374842885859, "gamma": 0.0001}, "datetime": {"datetime": "2021-09-18 12:30:21", "elapsed": 331.846632, "delta": 2.786704}}
{"target": -0.10754565273188676, "params": {"C": 77.9255464249142, "epsilon": 16.945575650870857, "gamma": 1.0}, "datetime": {"datetime": "2021-09-18 12:30:23", "elapsed": 334.539546, "delta": 2.692914}}
{"target": 0.5688724882821536, "params": {"C": 76.57503018265211, "epsilon": 2.243244873898289, "gamma": 0.0001}, "datetime": {"datetime": "2021-09-18 12:30:25", "elapsed": 336.67564, "delta": 2.136094}}
{"target": 0.17768169244330212, "params": {"C": 30.045738262631733, "epsilon": 11.077251172595739, "gamma": 1.0}, "datetime": {"datetime": "2021-09-18 12:30:27", "elapsed": 338.239339, "delta": 1.563699}}
{"target": 0.38981791407867394, "params": {"C": 56.361394902239496, "epsilon": 6.528089784885186, "gamma": 0.9704805469829821}, "datetime": {"datetime": "2021-09-18 12:30:29", "elapsed": 340.137972, "delta": 1.898633}}
{"target": 0.874595162768006, "params": {"C": 58.90151834740198, "epsilon": 1.261032994529784, "gamma": 0.021729665635169006}, "datetime": {"datetime": "2021-09-18 12:30:31", "elapsed": 342.734785, "delta": 2.596813}}
{"target": 0.8936453457237954, "params": {"C": 60.58312562073736, "epsilon": 2.0790369778865334, "gamma": 0.0737598067950206}, "datetime": {"datetime": "2021-09-18 12:30:34", "elapsed": 344.90999, "delta": 2.175205}}
{"target": 0.28617360726548524, "params": {"C": 82.03940857726853, "epsilon": 8.820595114599652, "gamma": 1.0}, "datetime": {"datetime": "2021-09-18 12:30:35", "elapsed": 346.57659, "delta": 1.6666}}
{"target": 0.5382937660569508, "params": {"C": 92.75392582112083, "epsilon": 0.0001, "gamma": 1.0}, "datetime": {"datetime": "2021-09-18 12:30:37", "elapsed": 348.531751, "delta": 1.955161}}
{"target": -0.07146332568119029, "params": {"C": 45.3523353362604, "epsilon": 16.056701435372883, "gamma": 1.0}, "datetime": {"datetime": "2021-09-18 12:30:39", "elapsed": 350.102382, "delta": 1.570631}}
{"target": 0.5293461491920473, "params": {"C": 44.75590397035918, "epsilon": 2.0219146872640126, "gamma": 0.9402847629284341}, "datetime": {"datetime": "2021-09-18 12:30:41", "elapsed": 352.059457, "delta": 1.957075}}
{"target": 0.8646386365657688, "params": {"C": 52.768756765975205, "epsilon": 4.262107420041521, "gamma": 0.051492563868628646}, "datetime": {"datetime": "2021-09-18 12:30:42", "elapsed": 353.786878, "delta": 1.727421}}
{"target": 0.44631822591417936, "params": {"C": 53.071039691429945, "epsilon": 5.128536970029488, "gamma": 0.9470152394703375}, "datetime": {"datetime": "2021-09-18 12:30:44", "elapsed": 355.441812, "delta": 1.654934}}
{"target": 0.05119539090771141, "params": {"C": 1.0831421754159893, "epsilon": 3.307580639226081, "gamma": 0.9880020389872954}, "datetime": {"datetime": "2021-09-18 12:30:46", "elapsed": 357.169694, "delta": 1.727882}}
{"target": 0.2820518984314907, "params": {"C": 20.142291003001173, "epsilon": 12.860328421812671, "gamma": 0.07303189191407419}, "datetime": {"datetime": "2021-09-18 12:30:47", "elapsed": 358.774629, "delta": 1.604935}}
{"target": -0.09232520750590067, "params": {"C": 83.5747937548014, "epsilon": 16.73632260039879, "gamma": 0.8008791313767467}, "datetime": {"datetime": "2021-09-18 12:30:50", "elapsed": 361.477788, "delta": 2.703159}}
{"target": 0.8570502407757233, "params": {"C": 53.551387647088575, "epsilon": 3.51512825194166, "gamma": 0.017924323320783874}, "datetime": {"datetime": "2021-09-18 12:30:52", "elapsed": 363.225398, "delta": 1.74761}}
{"target": 0.1949569413346196, "params": {"C": 96.16608594355021, "epsilon": 10.745660487437545, "gamma": 1.0}, "datetime": {"datetime": "2021-09-18 12:30:54", "elapsed": 364.926161, "delta": 1.700763}}
{"target": 0.33979575580543786, "params": {"C": 70.1372056799048, "epsilon": 7.603567615507505, "gamma": 1.0}, "datetime": {"datetime": "2021-09-18 12:30:55", "elapsed": 366.635198, "delta": 1.709037}}
{"target": 0.539295175077207, "params": {"C": 72.6184509415149, "epsilon": 4.092871396379114, "gamma": 0.0001}, "datetime": {"datetime": "2021-09-18 12:30:58", "elapsed": 369.167624, "delta": 2.532426}}
{"target": 0.8533826089837329, "params": {"C": 84.73127619318632, "epsilon": 5.169071989172706, "gamma": 0.030672657309268755}, "datetime": {"datetime": "2021-09-18 12:31:00", "elapsed": 371.299525, "delta": 2.131901}}
{"target": 0.5089839976759358, "params": {"C": 61.37477430051614, "epsilon": 4.367303674399503, "gamma": 0.0001}, "datetime": {"datetime": "2021-09-18 12:31:03", "elapsed": 374.273525, "delta": 2.974}}
