{"target": 0.9052280919802639, "params": {"C": 377.8936777070665, "epsilon": 0.08999323911362045, "gamma": 0.020384137431765204}, "datetime": {"datetime": "2021-09-18 15:28:43", "elapsed": 26.624704, "delta": 0.44896}}
{"target": 0.8614438336431738, "params": {"C": 351.1889587979883, "epsilon": 0.7034620751772099, "gamma": 0.12996306055920367}, "datetime": {"datetime": "2021-09-18 15:28:44", "elapsed": 27.04974, "delta": 0.425036}}
{"target": 0.905918589765214, "params": {"C": 360.5746992371993, "epsilon": 0.3196865353194931, "gamma": 0.02}, "datetime": {"datetime": "2021-09-18 15:28:44", "elapsed": 27.489706, "delta": 0.439966}}
{"target": 0.9209732735102094, "params": {"C": 427.8210123306319, "epsilon": 0.11715723787204309, "gamma": 0.03865495492338922}, "datetime": {"datetime": "2021-09-18 15:28:45", "elapsed": 27.868753, "delta": 0.379047}}
{"target": 0.8787641988813634, "params": {"C": 427.8008635627229, "epsilon": 0.11423833049711081, "gamma": 0.10479507713162405}, "datetime": {"datetime": "2021-09-18 15:28:45", "elapsed": 28.343701, "delta": 0.474948}}
{"target": 0.9099375070644038, "params": {"C": 360.4812397728191, "epsilon": 0.09458313786564349, "gamma": 0.023245727203729638}, "datetime": {"datetime": "2021-09-18 15:28:45", "elapsed": 28.748744, "delta": 0.405043}}
{"target": 0.918276116745946, "params": {"C": 379.71415914000227, "epsilon": 0.6628697287090819, "gamma": 0.05694393392228114}, "datetime": {"datetime": "2021-09-18 15:28:46", "elapsed": 29.137705, "delta": 0.388961}}
{"target": 0.9108963988282823, "params": {"C": 317.279081620447, "epsilon": 0.496700413707611, "gamma": 0.07135564093030909}, "datetime": {"datetime": "2021-09-18 15:28:46", "elapsed": 29.5667, "delta": 0.428995}}
{"target": 0.9150871605716527, "params": {"C": 368.4913694869154, "epsilon": 0.3383236345545551, "gamma": 0.06086552656346393}, "datetime": {"datetime": "2021-09-18 15:28:47", "elapsed": 30.036701, "delta": 0.470001}}
{"target": 0.8539053335104988, "params": {"C": 379.70859483742197, "epsilon": 0.6201538961458254, "gamma": 0.14148824512066283}, "datetime": {"datetime": "2021-09-18 15:28:47", "elapsed": 30.430703, "delta": 0.394002}}
{"target": 0.921005987098752, "params": {"C": 358.99065661048724, "epsilon": 0.028335553158282213, "gamma": 0.04024816876397973}, "datetime": {"datetime": "2021-09-18 15:28:48", "elapsed": 30.845705, "delta": 0.415002}}
{"target": 0.8681836760097161, "params": {"C": 480.0620363117059, "epsilon": 0.8186011617144973, "gamma": 0.10698383955864808}, "datetime": {"datetime": "2021-09-18 15:28:48", "elapsed": 31.192744, "delta": 0.347039}}
{"target": 0.9190980547045747, "params": {"C": 317.26117096538417, "epsilon": 0.5561034045444514, "gamma": 0.03678684306655183}, "datetime": {"datetime": "2021-09-18 15:28:48", "elapsed": 31.564854, "delta": 0.37211}}
{"target": 0.9207337661646348, "params": {"C": 368.36435823446914, "epsilon": 0.4294894596113723, "gamma": 0.03561875728397043}, "datetime": {"datetime": "2021-09-18 15:28:49", "elapsed": 31.966851, "delta": 0.401997}}
{"target": 0.9112252613147553, "params": {"C": 427.8468975143889, "epsilon": 0.16453926014520465, "gamma": 0.02264505141539473}, "datetime": {"datetime": "2021-09-18 15:28:49", "elapsed": 32.401854, "delta": 0.435003}}
{"target": 0.9070099799411211, "params": {"C": 437.69397082507203, "epsilon": 0.589475989415836, "gamma": 0.07287276426963839}, "datetime": {"datetime": "2021-09-18 15:28:50", "elapsed": 32.796854, "delta": 0.395}}
{"target": 0.9176761154892878, "params": {"C": 475.25091541414906, "epsilon": 0.9769864051129039, "gamma": 0.030167463008835063}, "datetime": {"datetime": "2021-09-18 15:28:50", "elapsed": 33.202861, "delta": 0.406007}}
{"target": 0.9183560270249991, "params": {"C": 379.7280362116413, "epsilon": 0.7359757302696291, "gamma": 0.05586668731777325}, "datetime": {"datetime": "2021-09-18 15:28:50", "elapsed": 33.713856, "delta": 0.510995}}
{"target": 0.9144062414672098, "params": {"C": 419.49558650056616, "epsilon": 0.22256459062574735, "gamma": 0.025857536675372612}, "datetime": {"datetime": "2021-09-18 15:28:51", "elapsed": 34.194854, "delta": 0.480998}}
{"target": 0.876209005616993, "params": {"C": 429.0673609880042, "epsilon": 0.220487808904688, "gamma": 0.10560855742024981}, "datetime": {"datetime": "2021-09-18 15:28:51", "elapsed": 34.605891, "delta": 0.411037}}
{"target": 0.9152496154482879, "params": {"C": 358.95902684462277, "epsilon": 0.09471242255074369, "gamma": 0.028375065879799342}, "datetime": {"datetime": "2021-09-18 15:28:52", "elapsed": 35.113854, "delta": 0.507963}}
{"target": 0.9209659903387462, "params": {"C": 335.2263353670864, "epsilon": 0.21173965867547645, "gamma": 0.03797970275112225}, "datetime": {"datetime": "2021-09-18 15:28:52", "elapsed": 35.519856, "delta": 0.406002}}
{"target": 0.9206869201394257, "params": {"C": 480.84083332162413, "epsilon": 0.07263069735365048, "gamma": 0.03740448315637646}, "datetime": {"datetime": "2021-09-18 15:28:53", "elapsed": 35.973255, "delta": 0.453399}}
{"target": 0.9138426994504035, "params": {"C": 359.05954349733463, "epsilon": 0.06494476001475545, "gamma": 0.06687394541222169}, "datetime": {"datetime": "2021-09-18 15:28:53", "elapsed": 36.502255, "delta": 0.529}}
{"target": 0.9208288560409978, "params": {"C": 480.8555166122388, "epsilon": 0.14597665075735083, "gamma": 0.036392309362294775}, "datetime": {"datetime": "2021-09-18 15:28:54", "elapsed": 37.052296, "delta": 0.550041}}
{"target": 0.921020413721669, "params": {"C": 335.2415751356982, "epsilon": 0.30587614285956183, "gamma": 0.04265228275727474}, "datetime": {"datetime": "2021-09-18 15:28:54", "elapsed": 37.671248, "delta": 0.618952}}
{"target": 0.9035022468337292, "params": {"C": 317.19056138678553, "epsilon": 0.48512900087791544, "gamma": 0.02}, "datetime": {"datetime": "2021-09-18 15:28:55", "elapsed": 38.189253, "delta": 0.518005}}
{"target": 0.9051196501634707, "params": {"C": 413.39607328039665, "epsilon": 0.3147193632690435, "gamma": 0.07744593963503156}, "datetime": {"datetime": "2021-09-18 15:28:55", "elapsed": 38.626253, "delta": 0.437}}
{"target": 0.9200282629231963, "params": {"C": 335.1436112710287, "epsilon": 0.22410433087198817, "gamma": 0.045305948592565926}, "datetime": {"datetime": "2021-09-18 15:28:56", "elapsed": 39.182868, "delta": 0.556615}}
{"target": 0.8905143203761685, "params": {"C": 480.8007523186691, "epsilon": 0.17628058370216604, "gamma": 0.08669438444283661}, "datetime": {"datetime": "2021-09-18 15:28:56", "elapsed": 39.729365, "delta": 0.546497}}
{"target": 0.8852719174830337, "params": {"C": 335.15774887036605, "epsilon": 0.29266487192113766, "gamma": 0.10424803217700661}, "datetime": {"datetime": "2021-09-18 15:28:57", "elapsed": 40.256359, "delta": 0.526994}}
{"target": 0.8918979039612623, "params": {"C": 480.9248969696315, "epsilon": 0.12431524843699852, "gamma": 0.08602004219298319}, "datetime": {"datetime": "2021-09-18 15:28:58", "elapsed": 40.902356, "delta": 0.645997}}
{"target": 0.876383861897694, "params": {"C": 358.9788552173533, "epsilon": 0.05288791794623758, "gamma": 0.1165342937564388}, "datetime": {"datetime": "2021-09-18 15:28:58", "elapsed": 41.449362, "delta": 0.547006}}
{"target": 0.921417580082603, "params": {"C": 360.320020014521, "epsilon": 0.06949497567600015, "gamma": 0.04065147171976249}, "datetime": {"datetime": "2021-09-18 15:28:59", "elapsed": 42.016355, "delta": 0.566993}}
{"target": 0.9083477477488597, "params": {"C": 308.0953224246514, "epsilon": 0.5420872662717395, "gamma": 0.07707219614782183}, "datetime": {"datetime": "2021-09-18 15:28:59", "elapsed": 42.454395, "delta": 0.43804}}
{"target": 0.9155355547089591, "params": {"C": 368.48593423389576, "epsilon": 0.25730663615286775, "gamma": 0.05479296356841701}, "datetime": {"datetime": "2021-09-18 15:29:00", "elapsed": 42.917395, "delta": 0.463}}
{"target": 0.8746130296170497, "params": {"C": 360.2360998661686, "epsilon": 0.09698398690722194, "gamma": 0.11774619819336013}, "datetime": {"datetime": "2021-09-18 15:29:00", "elapsed": 43.438361, "delta": 0.520966}}
{"target": 0.8569907390769534, "params": {"C": 455.75737271933, "epsilon": 0.5634078071879352, "gamma": 0.13026752113821735}, "datetime": {"datetime": "2021-09-18 15:29:01", "elapsed": 43.84036, "delta": 0.401999}}
{"target": 0.9133034514678731, "params": {"C": 320.6998787993041, "epsilon": 0.09955427017264232, "gamma": 0.027300873645849162}, "datetime": {"datetime": "2021-09-18 15:29:01", "elapsed": 44.496355, "delta": 0.655995}}
{"target": 0.8795473937381209, "params": {"C": 335.1837721023588, "epsilon": 0.11259065413365726, "gamma": 0.11435561280992598}, "datetime": {"datetime": "2021-09-18 15:29:02", "elapsed": 45.016364, "delta": 0.520009}}
{"target": 0.915838856738215, "params": {"C": 379.8138418717794, "epsilon": 0.7473461500735511, "gamma": 0.061116432930515}, "datetime": {"datetime": "2021-09-18 15:29:02", "elapsed": 45.567357, "delta": 0.550993}}
{"target": 0.9188362285670134, "params": {"C": 381.36603113465196, "epsilon": 0.7393997516883365, "gamma": 0.03358029165602279}, "datetime": {"datetime": "2021-09-18 15:29:03", "elapsed": 46.000397, "delta": 0.43304}}
{"target": 0.8793123675251755, "params": {"C": 475.49737112561866, "epsilon": 0.9447890921773544, "gamma": 0.09142512506717795}, "datetime": {"datetime": "2021-09-18 15:29:03", "elapsed": 46.481359, "delta": 0.480962}}
{"target": 0.9091041659477327, "params": {"C": 387.33242603600456, "epsilon": 0.3280835060321139, "gamma": 0.02063867326998905}, "datetime": {"datetime": "2021-09-18 15:29:04", "elapsed": 47.025398, "delta": 0.544039}}
{"target": 0.9206167340936457, "params": {"C": 360.3477929298805, "epsilon": 0.13020654488240108, "gamma": 0.03849262642556933}, "datetime": {"datetime": "2021-09-18 15:29:04", "elapsed": 47.596395, "delta": 0.570997}}
{"target": 0.8871601123754999, "params": {"C": 381.8983930756448, "epsilon": 0.8504731855936422, "gamma": 0.08946132493684512}, "datetime": {"datetime": "2021-09-18 15:29:05", "elapsed": 48.023357, "delta": 0.426962}}
{"target": 0.9123732608468955, "params": {"C": 378.0275455441881, "epsilon": 0.1457298254704086, "gamma": 0.024917795032105106}, "datetime": {"datetime": "2021-09-18 15:29:05", "elapsed": 48.622365, "delta": 0.599008}}
{"target": 0.8564236602340806, "params": {"C": 405.8214540161803, "epsilon": 0.15865815506575337, "gamma": 0.14078995564402588}, "datetime": {"datetime": "2021-09-18 15:29:06", "elapsed": 49.107357, "delta": 0.484992}}
{"target": 0.916213544899224, "params": {"C": 350.88123094405455, "epsilon": 0.929705075368574, "gamma": 0.03292850983385395}, "datetime": {"datetime": "2021-09-18 15:29:06", "elapsed": 49.694136, "delta": 0.586779}}
{"target": 0.9196580971249768, "params": {"C": 416.7200712258282, "epsilon": 0.5473628638993387, "gamma": 0.047408759377050635}, "datetime": {"datetime": "2021-09-18 15:29:07", "elapsed": 50.156132, "delta": 0.461996}}
{"target": 0.9210184723200033, "params": {"C": 416.77453671408193, "epsilon": 0.6095054036526265, "gamma": 0.03472784121553193}, "datetime": {"datetime": "2021-09-18 15:29:08", "elapsed": 50.804553, "delta": 0.648421}}
{"target": 0.8815119116387371, "params": {"C": 416.8016775144163, "epsilon": 0.5271292893011276, "gamma": 0.09807175106687264}, "datetime": {"datetime": "2021-09-18 15:29:08", "elapsed": 51.335859, "delta": 0.531306}}
{"target": 0.8556058783908315, "params": {"C": 368.5706550458177, "epsilon": 0.22515466083692717, "gamma": 0.14755757002339226}, "datetime": {"datetime": "2021-09-18 15:29:09", "elapsed": 51.910859, "delta": 0.575}}
{"target": 0.8680019332953303, "params": {"C": 416.6869776641963, "epsilon": 0.5788403542762138, "gamma": 0.11272842651888665}, "datetime": {"datetime": "2021-09-18 15:29:09", "elapsed": 52.434418, "delta": 0.523559}}
{"target": 0.9196465942972555, "params": {"C": 350.8123905094749, "epsilon": 0.8888097637093132, "gamma": 0.045882872906326685}, "datetime": {"datetime": "2021-09-18 15:29:10", "elapsed": 53.000421, "delta": 0.566003}}
{"target": 0.8575988886449514, "params": {"C": 415.1792704178105, "epsilon": 0.8352873476669724, "gamma": 0.13039234933177019}, "datetime": {"datetime": "2021-09-18 15:29:10", "elapsed": 53.461418, "delta": 0.460997}}
{"target": 0.9090620760903722, "params": {"C": 320.57135080041974, "epsilon": 0.11200383372789993, "gamma": 0.023352568024030112}, "datetime": {"datetime": "2021-09-18 15:29:11", "elapsed": 54.132461, "delta": 0.671043}}
{"target": 0.9165736163891651, "params": {"C": 487.83616907249274, "epsilon": 0.19301995799736463, "gamma": 0.0508572594997376}, "datetime": {"datetime": "2021-09-18 15:29:11", "elapsed": 54.696463, "delta": 0.564002}}
{"target": 0.9165052677657125, "params": {"C": 391.6668015102724, "epsilon": 0.8246124367400429, "gamma": 0.058833127584391604}, "datetime": {"datetime": "2021-09-18 15:29:12", "elapsed": 55.208421, "delta": 0.511958}}
{"target": 0.8660727073059866, "params": {"C": 350.8709455445006, "epsilon": 0.892886350363326, "gamma": 0.11973530171762228}, "datetime": {"datetime": "2021-09-18 15:29:13", "elapsed": 55.783453, "delta": 0.575032}}
{"target": 0.9200150494995604, "params": {"C": 381.376821160276, "epsilon": 0.6566183903580698, "gamma": 0.049205858671856464}, "datetime": {"datetime": "2021-09-18 15:29:13", "elapsed": 56.494118, "delta": 0.710665}}
{"target": 0.9144819118733435, "params": {"C": 368.30871785320767, "epsilon": 0.3554635850573982, "gamma": 0.024908285512275117}, "datetime": {"datetime": "2021-09-18 15:29:14", "elapsed": 57.238103, "delta": 0.743985}}
{"target": 0.9196156591019843, "params": {"C": 350.72356840299545, "epsilon": 0.8219856754398296, "gamma": 0.04066651688843519}, "datetime": {"datetime": "2021-09-18 15:29:15", "elapsed": 57.829102, "delta": 0.590999}}
{"target": 0.9065418674197036, "params": {"C": 350.78562959596076, "epsilon": 0.7613590211354744, "gamma": 0.02}, "datetime": {"datetime": "2021-09-18 15:29:15", "elapsed": 58.58343, "delta": 0.754328}}
{"target": 0.8882941529991984, "params": {"C": 381.2867170460945, "epsilon": 0.6787563206639787, "gamma": 0.09171671945417505}, "datetime": {"datetime": "2021-09-18 15:29:16", "elapsed": 59.279429, "delta": 0.695999}}
{"target": 0.9151910679362645, "params": {"C": 379.80353383436045, "epsilon": 0.66585091045659, "gamma": 0.026666298715199443}, "datetime": {"datetime": "2021-09-18 15:29:17", "elapsed": 59.960427, "delta": 0.680998}}
{"target": 0.9066939200964054, "params": {"C": 381.4502806952745, "epsilon": 0.7413663989049714, "gamma": 0.07352348084316698}, "datetime": {"datetime": "2021-09-18 15:29:17", "elapsed": 60.714429, "delta": 0.754002}}
{"target": 0.8613526436747504, "params": {"C": 327.0280971280768, "epsilon": 0.31985109864768135, "gamma": 0.14027484907294113}, "datetime": {"datetime": "2021-09-18 15:29:18", "elapsed": 61.221818, "delta": 0.507389}}
{"target": 0.9083064904212891, "params": {"C": 379.76625776039407, "epsilon": 0.8242458327005658, "gamma": 0.02}, "datetime": {"datetime": "2021-09-18 15:29:19", "elapsed": 61.925075, "delta": 0.703257}}
{"target": 0.9120438576774275, "params": {"C": 335.3065671833414, "epsilon": 0.36766283244556974, "gamma": 0.06948526739837556}, "datetime": {"datetime": "2021-09-18 15:29:19", "elapsed": 62.731112, "delta": 0.806037}}
{"target": 0.921911983389602, "params": {"C": 439.7555546071533, "epsilon": 0.3208467711182838, "gamma": 0.03698939791932183}, "datetime": {"datetime": "2021-09-18 15:29:20", "elapsed": 63.293111, "delta": 0.561999}}
{"target": 0.9157832609274675, "params": {"C": 399.838464505891, "epsilon": 0.2333983512069203, "gamma": 0.05297294604321709}, "datetime": {"datetime": "2021-09-18 15:29:21", "elapsed": 63.876115, "delta": 0.583004}}
{"target": 0.9223577922743196, "params": {"C": 439.8474532825138, "epsilon": 0.3475453887491927, "gamma": 0.03920702028778884}, "datetime": {"datetime": "2021-09-18 15:29:22", "elapsed": 64.821072, "delta": 0.944957}}
{"target": 0.8690104100548722, "params": {"C": 351.32698853794153, "epsilon": 0.6980998344444876, "gamma": 0.1156237260899666}, "datetime": {"datetime": "2021-09-18 15:29:22", "elapsed": 65.334112, "delta": 0.51304}}
{"target": 0.8853285552832872, "params": {"C": 346.86209053408885, "epsilon": 0.24964628005121867, "gamma": 0.10362050607025261}, "datetime": {"datetime": "2021-09-18 15:29:23", "elapsed": 65.918072, "delta": 0.58396}}
{"target": 0.9208759918581831, "params": {"C": 439.80369545316876, "epsilon": 0.19485253095688923, "gamma": 0.033563277455843935}, "datetime": {"datetime": "2021-09-18 15:29:23", "elapsed": 66.624072, "delta": 0.706}}
{"target": 0.913061104691137, "params": {"C": 418.53850548378813, "epsilon": 0.8303779710333048, "gamma": 0.0633354064595282}, "datetime": {"datetime": "2021-09-18 15:29:24", "elapsed": 67.169113, "delta": 0.545041}}
{"target": 0.9152851553547801, "params": {"C": 439.9084642864551, "epsilon": 0.2804838890785951, "gamma": 0.05963239574892719}, "datetime": {"datetime": "2021-09-18 15:29:25", "elapsed": 67.896324, "delta": 0.727211}}
{"target": 0.8773267796347906, "params": {"C": 439.83888507218387, "epsilon": 0.182914236422085, "gamma": 0.10365531626720932}, "datetime": {"datetime": "2021-09-18 15:29:25", "elapsed": 68.594283, "delta": 0.697959}}
{"target": 0.8642366849820288, "params": {"C": 439.7720276470036, "epsilon": 0.33278240910711, "gamma": 0.12152378813743402}, "datetime": {"datetime": "2021-09-18 15:29:26", "elapsed": 69.301212, "delta": 0.706929}}
{"target": 0.9002430824658906, "params": {"C": 475.3712862732547, "epsilon": 0.8681007877985013, "gamma": 0.07182509347428456}, "datetime": {"datetime": "2021-09-18 15:29:27", "elapsed": 69.830761, "delta": 0.529549}}
{"target": 0.8979904258544515, "params": {"C": 469.70836477513296, "epsilon": 0.1646800880585747, "gamma": 0.08176125702143174}, "datetime": {"datetime": "2021-09-18 15:29:27", "elapsed": 70.493759, "delta": 0.662998}}
{"target": 0.9101597768398992, "params": {"C": 379.67005382945894, "epsilon": 0.6841122106805282, "gamma": 0.020847684416273875}, "datetime": {"datetime": "2021-09-18 15:29:28", "elapsed": 71.130508, "delta": 0.636749}}
{"target": 0.9173804985724142, "params": {"C": 350.9713409200722, "epsilon": 0.7782031887955929, "gamma": 0.03313626831970401}, "datetime": {"datetime": "2021-09-18 15:29:29", "elapsed": 71.937891, "delta": 0.807383}}
{"target": 0.9129371687824974, "params": {"C": 381.4683915165977, "epsilon": 0.6316478812224137, "gamma": 0.06688612154691362}, "datetime": {"datetime": "2021-09-18 15:29:30", "elapsed": 72.81833, "delta": 0.880439}}
{"target": 0.9216941315886767, "params": {"C": 439.69919992794337, "epsilon": 0.19325008588813314, "gamma": 0.03683663695334767}, "datetime": {"datetime": "2021-09-18 15:29:30", "elapsed": 73.55671, "delta": 0.73838}}
{"target": 0.9084805851653286, "params": {"C": 381.40082211122007, "epsilon": 0.5730025997191295, "gamma": 0.02}, "datetime": {"datetime": "2021-09-18 15:29:31", "elapsed": 74.297069, "delta": 0.740359}}
{"target": 0.9076798880002822, "params": {"C": 487.88507845464284, "epsilon": 0.12442924949993572, "gamma": 0.07120538135914292}, "datetime": {"datetime": "2021-09-18 15:29:32", "elapsed": 75.042755, "delta": 0.745686}}
{"target": 0.8817868483219744, "params": {"C": 485.0575808557426, "epsilon": 0.7469808572586197, "gamma": 0.08982993472413428}, "datetime": {"datetime": "2021-09-18 15:29:32", "elapsed": 75.631914, "delta": 0.589159}}
{"target": 0.9162654506098493, "params": {"C": 439.7633910373289, "epsilon": 0.24186057010104356, "gamma": 0.052184839564466234}, "datetime": {"datetime": "2021-09-18 15:29:33", "elapsed": 76.346826, "delta": 0.714912}}
{"target": 0.9111787987212512, "params": {"C": 368.38834885782, "epsilon": 0.2301597353665088, "gamma": 0.0225263380400871}, "datetime": {"datetime": "2021-09-18 15:29:34", "elapsed": 77.287722, "delta": 0.940896}}
{"target": 0.9170798507979396, "params": {"C": 487.935600366476, "epsilon": 0.23339715898006974, "gamma": 0.027100467296132975}, "datetime": {"datetime": "2021-09-18 15:29:35", "elapsed": 78.18496, "delta": 0.897238}}
{"target": 0.915520031249872, "params": {"C": 302.7769699619272, "epsilon": 0.7510384872888377, "gamma": 0.03129199019759203}, "datetime": {"datetime": "2021-09-18 15:29:36", "elapsed": 78.768993, "delta": 0.584033}}
{"target": 0.9026900110475632, "params": {"C": 487.928035382974, "epsilon": 0.32395662004353964, "gamma": 0.07509777317103641}, "datetime": {"datetime": "2021-09-18 15:29:37", "elapsed": 79.816807, "delta": 1.047814}}
{"target": 0.8901538786897367, "params": {"C": 439.97255425597035, "epsilon": 0.39640348369963324, "gamma": 0.08687508712691286}, "datetime": {"datetime": "2021-09-18 15:29:37", "elapsed": 80.622362, "delta": 0.805555}}
{"target": 0.9131078160388899, "params": {"C": 367.7953609559431, "epsilon": 0.3294386533667962, "gamma": 0.06720793956420042}, "datetime": {"datetime": "2021-09-18 15:29:38", "elapsed": 81.274184, "delta": 0.651822}}
{"target": 0.8634479481518915, "params": {"C": 487.86569413889765, "epsilon": 0.24790309788588696, "gamma": 0.11855301062191949}, "datetime": {"datetime": "2021-09-18 15:29:39", "elapsed": 82.036986, "delta": 0.762802}}
{"target": 0.9173863208581099, "params": {"C": 487.8056939666151, "epsilon": 0.11340762781861966, "gamma": 0.048392690379469014}, "datetime": {"datetime": "2021-09-18 15:29:40", "elapsed": 82.874268, "delta": 0.837282}}
{"target": 0.919060067624854, "params": {"C": 328.237888249932, "epsilon": 0.14343128743794523, "gamma": 0.03278169906512405}, "datetime": {"datetime": "2021-09-18 15:29:40", "elapsed": 83.579585, "delta": 0.705317}}
{"target": 0.920675601220285, "params": {"C": 439.6954426953847, "epsilon": 0.10192145152320722, "gamma": 0.04285850334891053}, "datetime": {"datetime": "2021-09-18 15:29:41", "elapsed": 84.373424, "delta": 0.793839}}
{"target": 0.9188998741610189, "params": {"C": 365.65906577719073, "epsilon": 0.42969048229286144, "gamma": 0.0292485874273967}, "datetime": {"datetime": "2021-09-18 15:29:42", "elapsed": 85.044007, "delta": 0.670583}}
