{"target": -2.1447064397525692, "params": {"C": 71.27095776249081, "epsilon": 0.015653353255275556, "gamma": 0.023877241143855074}, "datetime": {"datetime": "2021-09-19 08:59:40", "elapsed": 21.979458, "delta": 0.279964}}
{"target": -1.9772126446435758, "params": {"C": 79.29454059070211, "epsilon": 0.0672721917461979, "gamma": 0.07295839569799417}, "datetime": {"datetime": "2021-09-19 08:59:40", "elapsed": 22.320458, "delta": 0.341}}
{"target": -2.0462187133423626, "params": {"C": 75.08919497492631, "epsilon": 0.040963246776162934, "gamma": 0.032534535698638345}, "datetime": {"datetime": "2021-09-19 08:59:40", "elapsed": 22.651457, "delta": 0.330999}}
{"target": -1.9678762138328096, "params": {"C": 79.20892826008465, "epsilon": 0.2059774709934726, "gamma": 0.04984512206153916}, "datetime": {"datetime": "2021-09-19 08:59:41", "elapsed": 23.024458, "delta": 0.373001}}
{"target": -2.1210395659502512, "params": {"C": 112.70490897658262, "epsilon": 0.12487348072780029, "gamma": 0.020401933936399046}, "datetime": {"datetime": "2021-09-19 08:59:41", "elapsed": 23.338454, "delta": 0.313996}}
{"target": -2.127927244239349, "params": {"C": 85.30307219944035, "epsilon": 0.04351080325487419, "gamma": 0.024028510630498396}, "datetime": {"datetime": "2021-09-19 08:59:41", "elapsed": 23.710458, "delta": 0.372004}}
{"target": -2.002141989002552, "params": {"C": 79.27196672886426, "epsilon": 0.21602221064961113, "gamma": 0.042955348505257715}, "datetime": {"datetime": "2021-09-19 08:59:42", "elapsed": 24.111458, "delta": 0.401}}
{"target": -1.9664547770226795, "params": {"C": 85.33547811233963, "epsilon": 0.029573515049334358, "gamma": 0.07073521962121544}, "datetime": {"datetime": "2021-09-19 08:59:42", "elapsed": 24.51149, "delta": 0.400032}}
{"target": -1.9951098538400576, "params": {"C": 101.95525308265798, "epsilon": 0.03424631140025786, "gamma": 0.03865495492338922}, "datetime": {"datetime": "2021-09-19 08:59:42", "elapsed": 24.814459, "delta": 0.302969}}
{"target": -2.0932095988201844, "params": {"C": 79.25637256779143, "epsilon": 0.09291920599870535, "gamma": 0.08988690554204698}, "datetime": {"datetime": "2021-09-19 08:59:43", "elapsed": 25.188494, "delta": 0.374035}}
{"target": -1.968325729129903, "params": {"C": 78.79873485842727, "epsilon": 0.24172695693282334, "gamma": 0.06270195993176447}, "datetime": {"datetime": "2021-09-19 08:59:43", "elapsed": 25.63032, "delta": 0.441826}}
{"target": -1.9530874392220057, "params": {"C": 89.92853978500057, "epsilon": 0.19851690813181547, "gamma": 0.05694393392228114}, "datetime": {"datetime": "2021-09-19 08:59:44", "elapsed": 25.944645, "delta": 0.314325}}
{"target": -2.1146039288332887, "params": {"C": 89.90928047249041, "epsilon": 0.17817277745894688, "gamma": 0.02271442604922811}, "datetime": {"datetime": "2021-09-19 08:59:44", "elapsed": 26.384104, "delta": 0.439459}}
{"target": -2.0234797561426854, "params": {"C": 111.91213707345864, "epsilon": 0.10286480039349138, "gamma": 0.02944881227640141}, "datetime": {"datetime": "2021-09-19 08:59:44", "elapsed": 26.795061, "delta": 0.410957}}
{"target": -2.1765299751260976, "params": {"C": 111.88553728498616, "epsilon": 0.10055681408499799, "gamma": 0.09946159201001088}, "datetime": {"datetime": "2021-09-19 08:59:45", "elapsed": 27.128104, "delta": 0.333043}}
{"target": -2.00537949068446, "params": {"C": 84.74766415262181, "epsilon": 0.007509171613972706, "gamma": 0.04024816876397973}, "datetime": {"datetime": "2021-09-19 08:59:45", "elapsed": 27.449105, "delta": 0.321001}}
{"target": -2.2260613094116657, "params": {"C": 115.01550907792648, "epsilon": 0.2453952476589558, "gamma": 0.10698383955864808}, "datetime": {"datetime": "2021-09-19 08:59:45", "elapsed": 27.776103, "delta": 0.326998}}
{"target": -2.117924678355451, "params": {"C": 89.94947956043832, "epsilon": 0.23876087221944062, "gamma": 0.09027269017422168}, "datetime": {"datetime": "2021-09-19 08:59:46", "elapsed": 28.225108, "delta": 0.449005}}
{"target": -2.118780919807141, "params": {"C": 78.82619985476634, "epsilon": 0.25657202082215785, "gamma": 0.09346166907635926}, "datetime": {"datetime": "2021-09-19 08:59:46", "elapsed": 28.600105, "delta": 0.374997}}
{"target": -2.041480419926059, "params": {"C": 78.75834475106635, "epsilon": 0.23165518358793946, "gamma": 0.0313939908342583}, "datetime": {"datetime": "2021-09-19 08:59:47", "elapsed": 28.963069, "delta": 0.362964}}
{"target": -2.018350106493261, "params": {"C": 104.42349270626801, "epsilon": 0.1764238947731343, "gamma": 0.07287276426963839}, "datetime": {"datetime": "2021-09-19 08:59:47", "elapsed": 29.308103, "delta": 0.345034}}
{"target": -2.021042665403853, "params": {"C": 79.19182115348502, "epsilon": 0.18155843124872642, "gamma": 0.07803104005412828}, "datetime": {"datetime": "2021-09-19 08:59:47", "elapsed": 29.729988, "delta": 0.421885}}
{"target": -2.0180467111325853, "params": {"C": 75.04847124823971, "epsilon": 0.018923489875049326, "gamma": 0.03820019924323118}, "datetime": {"datetime": "2021-09-19 08:59:48", "elapsed": 30.219996, "delta": 0.490008}}
{"target": -1.9735310078882504, "params": {"C": 79.0787601050385, "epsilon": 0.23818817855079666, "gamma": 0.06637668803966079}, "datetime": {"datetime": "2021-09-19 08:59:48", "elapsed": 30.667168, "delta": 0.447172}}
{"target": -2.194380521236974, "params": {"C": 102.26684024700106, "epsilon": 0.06535092206824791, "gamma": 0.10560855742024981}, "datetime": {"datetime": "2021-09-19 08:59:49", "elapsed": 31.019426, "delta": 0.352258}}
{"target": -1.9493764810650387, "params": {"C": 85.31878810592781, "epsilon": 0.005374067475835269, "gamma": 0.04714499383669026}, "datetime": {"datetime": "2021-09-19 08:59:49", "elapsed": 31.581175, "delta": 0.561749}}
{"target": -2.0133636931404633, "params": {"C": 78.8065838417716, "epsilon": 0.06271755031557709, "gamma": 0.03797970275112225}, "datetime": {"datetime": "2021-09-19 08:59:50", "elapsed": 31.911474, "delta": 0.330299}}
{"target": -1.9880264331332218, "params": {"C": 115.21020833040603, "epsilon": 0.020842913999313154, "gamma": 0.03740448315637646}, "datetime": {"datetime": "2021-09-19 08:59:50", "elapsed": 32.270145, "delta": 0.358671}}
{"target": -2.073939011551944, "params": {"C": 79.34041753774075, "epsilon": 0.034956164497866066, "gamma": 0.0863560808856507}, "datetime": {"datetime": "2021-09-19 08:59:50", "elapsed": 32.785771, "delta": 0.515626}}
{"target": -2.092763124057772, "params": {"C": 75.21963150111523, "epsilon": 0.11184378712211229, "gamma": 0.028033177148892925}, "datetime": {"datetime": "2021-09-19 08:59:51", "elapsed": 33.301388, "delta": 0.515617}}
{"target": -2.052595202639319, "params": {"C": 78.8005213412253, "epsilon": 0.27023021932088254, "gamma": 0.03016408441697698}, "datetime": {"datetime": "2021-09-19 08:59:52", "elapsed": 33.891355, "delta": 0.589967}}
{"target": -2.0627383828979444, "params": {"C": 89.93144767439989, "epsilon": 0.17212201253549209, "gamma": 0.08377592467689354}, "datetime": {"datetime": "2021-09-19 08:59:52", "elapsed": 34.329547, "delta": 0.438192}}
{"target": -2.0353519843057306, "params": {"C": 98.34901832009916, "epsilon": 0.09371654302486512, "gamma": 0.07744593963503156}, "datetime": {"datetime": "2021-09-19 08:59:52", "elapsed": 34.704546, "delta": 0.374999}}
{"target": -2.1002979962481456, "params": {"C": 79.04118916909339, "epsilon": 0.1619341012877896, "gamma": 0.026069526335752404}, "datetime": {"datetime": "2021-09-19 08:59:53", "elapsed": 35.204585, "delta": 0.500039}}
{"target": -2.0132477439941847, "params": {"C": 79.23599969466781, "epsilon": 0.2472922341516496, "gamma": 0.04105058443552792}, "datetime": {"datetime": "2021-09-19 08:59:53", "elapsed": 35.720172, "delta": 0.515587}}
{"target": -2.0351652979634203, "params": {"C": 115.18014784318385, "epsilon": 0.06302495701813828, "gamma": 0.027398835782709054}, "datetime": {"datetime": "2021-09-19 08:59:54", "elapsed": 36.193693, "delta": 0.473521}}
{"target": -1.9658428075396963, "params": {"C": 79.1735512086224, "epsilon": 0.24773640286883014, "gamma": 0.05167704898116679}, "datetime": {"datetime": "2021-09-19 08:59:54", "elapsed": 36.781939, "delta": 0.588246}}
{"target": -2.1334604693190964, "params": {"C": 79.1867481122774, "epsilon": 0.268444426511518, "gamma": 0.09515209523160112}, "datetime": {"datetime": "2021-09-19 08:59:55", "elapsed": 37.297565, "delta": 0.515626}}
{"target": -2.0943169097844816, "params": {"C": 79.1554779472005, "epsilon": 0.23782376679486314, "gamma": 0.02568334955042659}, "datetime": {"datetime": "2021-09-19 08:59:55", "elapsed": 37.87573, "delta": 0.578165}}
{"target": -2.000156245380955, "params": {"C": 72.02383060616285, "epsilon": 0.16215892198996243, "gamma": 0.07707219614782183}, "datetime": {"datetime": "2021-09-19 08:59:56", "elapsed": 38.265435, "delta": 0.389705}}
{"target": -1.922955938464737, "params": {"C": 75.20263828925144, "epsilon": 0.006659732216392852, "gamma": 0.06092124650034876}, "datetime": {"datetime": "2021-09-19 08:59:56", "elapsed": 38.775548, "delta": 0.510113}}
{"target": -1.973071665899529, "params": {"C": 75.20959637637348, "epsilon": 0.04037411374097679, "gamma": 0.0727341072890516}, "datetime": {"datetime": "2021-09-19 08:59:57", "elapsed": 39.248984, "delta": 0.473436}}
{"target": -1.9779144665273307, "params": {"C": 79.05130552409585, "epsilon": 0.19579889443503057, "gamma": 0.07047035665706335}, "datetime": {"datetime": "2021-09-19 08:59:57", "elapsed": 39.639644, "delta": 0.39066}}
{"target": -2.0193070231913497, "params": {"C": 79.14049494189446, "epsilon": 0.22670948336406702, "gamma": 0.07687527696455222}, "datetime": {"datetime": "2021-09-19 08:59:58", "elapsed": 40.20934, "delta": 0.569696}}
{"target": -2.0349700949749288, "params": {"C": 75.09812040565976, "epsilon": 0.006054216544006196, "gamma": 0.034829492399235176}, "datetime": {"datetime": "2021-09-19 08:59:58", "elapsed": 40.70386, "delta": 0.49452}}
{"target": -2.291843855965892, "params": {"C": 71.03752840711483, "epsilon": 0.16722548932547174, "gamma": 0.13008734052713072}, "datetime": {"datetime": "2021-09-19 08:59:59", "elapsed": 41.110104, "delta": 0.406244}}
{"target": -2.023278071268987, "params": {"C": 90.34150778366299, "epsilon": 0.22155400688577476, "gamma": 0.03358029165602279}, "datetime": {"datetime": "2021-09-19 08:59:59", "elapsed": 41.485102, "delta": 0.374998}}
{"target": -2.0238457854614245, "params": {"C": 89.97614540940054, "epsilon": 0.20639772687292585, "gamma": 0.033112794170299706}, "datetime": {"datetime": "2021-09-19 09:00:00", "elapsed": 41.93823, "delta": 0.453128}}
{"target": -2.00473945172756, "params": {"C": 75.25322344133586, "epsilon": 0.028288161108083052, "gamma": 0.04323529975317972}, "datetime": {"datetime": "2021-09-19 09:00:00", "elapsed": 42.451241, "delta": 0.513011}}
{"target": -2.0884725320949045, "params": {"C": 103.49083174919251, "epsilon": 0.20262923962234214, "gamma": 0.08357137355684842}, "datetime": {"datetime": "2021-09-19 09:00:00", "elapsed": 42.871285, "delta": 0.420044}}
{"target": -2.1170459729110775, "params": {"C": 90.4745982689112, "epsilon": 0.2549893772960453, "gamma": 0.08946132493684512}, "datetime": {"datetime": "2021-09-19 09:00:01", "elapsed": 43.274262, "delta": 0.402977}}
{"target": -2.161034111286806, "params": {"C": 85.32120979693211, "epsilon": 0.009724277464813124, "gamma": 0.09782396015253263}, "datetime": {"datetime": "2021-09-19 09:00:02", "elapsed": 43.909228, "delta": 0.634966}}
{"target": -2.0182724237642504, "params": {"C": 85.32194763454707, "epsilon": 0.010662269641979263, "gamma": 0.035696033937255414}, "datetime": {"datetime": "2021-09-19 09:00:02", "elapsed": 44.325543, "delta": 0.416315}}
{"target": -2.0982454040587704, "params": {"C": 115.23255526384914, "epsilon": 0.04036668555038033, "gamma": 0.08259867800036522}, "datetime": {"datetime": "2021-09-19 09:00:03", "elapsed": 44.929541, "delta": 0.603998}}
{"target": -1.930821412435622, "params": {"C": 115.16715598510504, "epsilon": 0.007074441710167247, "gamma": 0.05147451411396044}, "datetime": {"datetime": "2021-09-19 09:00:03", "elapsed": 45.514, "delta": 0.584459}}
{"target": -2.1546722430393785, "params": {"C": 115.17347909326938, "epsilon": 0.02917235905747297, "gamma": 0.09052191329152247}, "datetime": {"datetime": "2021-09-19 09:00:04", "elapsed": 46.428386, "delta": 0.914386}}
{"target": -1.9534513082499283, "params": {"C": 101.97207107713572, "epsilon": 0.08239901544408235, "gamma": 0.04497356562544308}, "datetime": {"datetime": "2021-09-19 09:00:05", "elapsed": 47.273043, "delta": 0.844657}}
{"target": -2.0199917063854103, "params": {"C": 101.95826856598151, "epsilon": 0.09378770085655568, "gamma": 0.07489899518291844}, "datetime": {"datetime": "2021-09-19 09:00:05", "elapsed": 47.847053, "delta": 0.57401}}
{"target": -1.9699423830390947, "params": {"C": 72.62246735356916, "epsilon": 0.23737875580162743, "gamma": 0.06397235445817602}, "datetime": {"datetime": "2021-09-19 09:00:06", "elapsed": 48.26305, "delta": 0.415997}}
{"target": -2.051671302063881, "params": {"C": 72.65529237618085, "epsilon": 0.25609660333003126, "gamma": 0.08497952595276875}, "datetime": {"datetime": "2021-09-19 09:00:06", "elapsed": 48.814043, "delta": 0.550993}}
{"target": -2.3394070370287814, "params": {"C": 98.79481760445263, "epsilon": 0.250418130165058, "gamma": 0.13039234933177019}, "datetime": {"datetime": "2021-09-19 09:00:07", "elapsed": 49.245047, "delta": 0.431004}}
{"target": -1.9838230253359221, "params": {"C": 115.14103174190944, "epsilon": 0.03539956887691056, "gamma": 0.03817684808280532}, "datetime": {"datetime": "2021-09-19 09:00:08", "elapsed": 49.990001, "delta": 0.744954}}
{"target": -1.9376434673008973, "params": {"C": 116.95904226812318, "epsilon": 0.05708253837675772, "gamma": 0.0508572594997376}, "datetime": {"datetime": "2021-09-19 09:00:08", "elapsed": 50.441046, "delta": 0.451045}}
{"target": -1.9616802393330046, "params": {"C": 92.9167003775681, "epsilon": 0.2472047641207272, "gamma": 0.058833127584391604}, "datetime": {"datetime": "2021-09-19 09:00:09", "elapsed": 50.884045, "delta": 0.442999}}
{"target": -1.9966332292492097, "params": {"C": 116.94089025323933, "epsilon": 0.10896774987357757, "gamma": 0.03385872002611907}, "datetime": {"datetime": "2021-09-19 09:00:09", "elapsed": 51.527877, "delta": 0.643832}}
{"target": -2.054714802327712, "params": {"C": 116.95284194044682, "epsilon": 0.10157915806653374, "gamma": 0.07749321965459519}, "datetime": {"datetime": "2021-09-19 09:00:10", "elapsed": 52.191877, "delta": 0.664}}
{"target": -1.9355672089531124, "params": {"C": 102.00887715182017, "epsilon": 0.04605988768649904, "gamma": 0.055931952866571044}, "datetime": {"datetime": "2021-09-19 09:00:11", "elapsed": 53.049879, "delta": 0.858002}}
{"target": -2.1492340756874677, "params": {"C": 102.00377675877384, "epsilon": 0.06145919492407906, "gamma": 0.02}, "datetime": {"datetime": "2021-09-19 09:00:11", "elapsed": 53.634873, "delta": 0.584994}}
{"target": -2.081406061960668, "params": {"C": 78.7989618243452, "epsilon": 0.18331305597777778, "gamma": 0.08918883376474017}, "datetime": {"datetime": "2021-09-19 09:00:12", "elapsed": 54.0834, "delta": 0.448527}}
{"target": -2.1901937238966043, "params": {"C": 101.99379117558448, "epsilon": 0.057915529467416425, "gamma": 0.1037855452179593}, "datetime": {"datetime": "2021-09-19 09:00:12", "elapsed": 54.719799, "delta": 0.636399}}
{"target": -2.017557293225843, "params": {"C": 92.91565087751805, "epsilon": 0.21442308192367665, "gamma": 0.035104102284179345}, "datetime": {"datetime": "2021-09-19 09:00:13", "elapsed": 55.310797, "delta": 0.590998}}
{"target": -2.1304512141502867, "params": {"C": 116.97500261777802, "epsilon": 0.07225019532662874, "gamma": 0.02}, "datetime": {"datetime": "2021-09-19 09:00:14", "elapsed": 56.019797, "delta": 0.709}}
{"target": -2.337653414483781, "params": {"C": 76.7570242820192, "epsilon": 0.09526130010312857, "gamma": 0.14027484907294113}, "datetime": {"datetime": "2021-09-19 09:00:14", "elapsed": 56.476798, "delta": 0.457001}}
{"target": -2.032741185472411, "params": {"C": 75.21142869659592, "epsilon": 0.0215974724341236, "gamma": 0.0353830076840668}, "datetime": {"datetime": "2021-09-19 09:00:15", "elapsed": 57.156756, "delta": 0.679958}}
{"target": -2.039088519924301, "params": {"C": 116.94237016037968, "epsilon": 0.020391903668939643, "gamma": 0.07618132701772723}, "datetime": {"datetime": "2021-09-19 09:00:16", "elapsed": 57.98772, "delta": 0.830964}}
{"target": -1.9950044045741568, "params": {"C": 104.93888865178832, "epsilon": 0.09556101783662625, "gamma": 0.03698939791932183}, "datetime": {"datetime": "2021-09-19 09:00:16", "elapsed": 58.457721, "delta": 0.470001}}
{"target": -1.9350298507794748, "params": {"C": 94.95961612647275, "epsilon": 0.06923725878167498, "gamma": 0.05297294604321709}, "datetime": {"datetime": "2021-09-19 09:00:17", "elapsed": 58.936725, "delta": 0.479004}}
{"target": -1.9384287799299078, "params": {"C": 94.99212878379002, "epsilon": 0.055791840042069114, "gamma": 0.058423067284183075}, "datetime": {"datetime": "2021-09-19 09:00:17", "elapsed": 59.789449, "delta": 0.852724}}
{"target": -2.2360582706608443, "params": {"C": 82.83174713448538, "epsilon": 0.20912188893992228, "gamma": 0.1156237260899666}, "datetime": {"datetime": "2021-09-19 09:00:18", "elapsed": 60.265993, "delta": 0.476544}}
{"target": -2.193988222080159, "params": {"C": 81.71552263352221, "epsilon": 0.07412821695419339, "gamma": 0.10362050607025261}, "datetime": {"datetime": "2021-09-19 09:00:18", "elapsed": 60.768996, "delta": 0.503003}}
{"target": -2.0259652481920334, "params": {"C": 78.8085137601765, "epsilon": 0.2666762241849261, "gamma": 0.036067354451190324}, "datetime": {"datetime": "2021-09-19 09:00:19", "elapsed": 61.24768, "delta": 0.478684}}
{"target": -1.968639830049776, "params": {"C": 99.63462637094703, "epsilon": 0.2489403076069642, "gamma": 0.0633354064595282}, "datetime": {"datetime": "2021-09-19 09:00:19", "elapsed": 61.736679, "delta": 0.488999}}
{"target": -2.0264117573630305, "params": {"C": 94.98771478088517, "epsilon": 0.0976347451399937, "gamma": 0.03214592954751866}, "datetime": {"datetime": "2021-09-19 09:00:20", "elapsed": 62.371088, "delta": 0.634409}}
{"target": -2.1559695503393494, "params": {"C": 94.97443599543102, "epsilon": 0.07766121827571844, "gamma": 0.09414078171410235}, "datetime": {"datetime": "2021-09-19 09:00:21", "elapsed": 63.063088, "delta": 0.692}}
{"target": -1.9422934203195958, "params": {"C": 94.9718449576689, "epsilon": 0.008239134269192032, "gamma": 0.06301734713653748}, "datetime": {"datetime": "2021-09-19 09:00:21", "elapsed": 63.773945, "delta": 0.710857}}
{"target": -2.040643170519138, "params": {"C": 75.04755650041197, "epsilon": 0.01600583079612709, "gamma": 0.03331323409094419}, "datetime": {"datetime": "2021-09-19 09:00:22", "elapsed": 64.270722, "delta": 0.496777}}
{"target": -2.0854252815087335, "params": {"C": 112.42709119378324, "epsilon": 0.04855165916048932, "gamma": 0.08176125702143174}, "datetime": {"datetime": "2021-09-19 09:00:22", "elapsed": 64.801724, "delta": 0.531002}}
{"target": -2.117842883916763, "params": {"C": 72.46557298543948, "epsilon": 0.1697532463245838, "gamma": 0.09679728205529267}, "datetime": {"datetime": "2021-09-19 09:00:23", "elapsed": 65.307722, "delta": 0.505998}}
{"target": -2.0013883789951494, "params": {"C": 94.9196370236011, "epsilon": 0.053799992347504405, "gamma": 0.03897554761948023}, "datetime": {"datetime": "2021-09-19 09:00:24", "elapsed": 66.051721, "delta": 0.743999}}
{"target": -2.0121977480423285, "params": {"C": 94.99642193021575, "epsilon": 0.011323729745514526, "gamma": 0.03512114753138856}, "datetime": {"datetime": "2021-09-19 09:00:24", "elapsed": 66.875792, "delta": 0.824071}}
{"target": -1.929602474018334, "params": {"C": 94.95654647859254, "epsilon": 0.044884965667375855, "gamma": 0.053520482450164525}, "datetime": {"datetime": "2021-09-19 09:00:25", "elapsed": 67.741748, "delta": 0.865956}}
{"target": -2.0639602400927717, "params": {"C": 86.68768538605018, "epsilon": 0.08527635204309343, "gamma": 0.08304751598712404}, "datetime": {"datetime": "2021-09-19 09:00:26", "elapsed": 68.265005, "delta": 0.523257}}
{"target": -1.944896859030688, "params": {"C": 108.64243431052174, "epsilon": 0.072030113855144, "gamma": 0.0574888313555649}, "datetime": {"datetime": "2021-09-19 09:00:26", "elapsed": 68.799417, "delta": 0.534412}}
{"target": -2.149251290682641, "params": {"C": 116.26439521393564, "epsilon": 0.2238360743788702, "gamma": 0.08982993472413428}, "datetime": {"datetime": "2021-09-19 09:00:27", "elapsed": 69.341417, "delta": 0.542}}
{"target": -1.9857744852337482, "params": {"C": 108.68138744765702, "epsilon": 0.05828493910667688, "gamma": 0.06971622820116052}, "datetime": {"datetime": "2021-09-19 09:00:28", "elapsed": 70.121456, "delta": 0.780039}}
{"target": -2.110784830499636, "params": {"C": 94.94884545810486, "epsilon": 0.06230467934559573, "gamma": 0.023818649308770562}, "datetime": {"datetime": "2021-09-19 09:00:29", "elapsed": 71.001361, "delta": 0.879905}}
{"target": -2.1789229902373286, "params": {"C": 108.6352547125025, "epsilon": 0.0822814820239136, "gamma": 0.1002598425197065}, "datetime": {"datetime": "2021-09-19 09:00:30", "elapsed": 71.913323, "delta": 0.911962}}
{"target": -2.0570833580474086, "params": {"C": 70.6942424904818, "epsilon": 0.22505750382674194, "gamma": 0.03129199019759203}, "datetime": {"datetime": "2021-09-19 09:00:30", "elapsed": 72.456463, "delta": 0.54314}}
{"target": -1.9373627951808918, "params": {"C": 108.6770638728553, "epsilon": 0.10439957940029597, "gamma": 0.05133958419903149}, "datetime": {"datetime": "2021-09-19 09:00:31", "elapsed": 73.459505, "delta": 1.003042}}
{"target": -2.0007251024979644, "params": {"C": 108.69830965956645, "epsilon": 0.09528225832236052, "gamma": 0.034999902099734734}, "datetime": {"datetime": "2021-09-19 09:00:32", "elapsed": 74.194514, "delta": 0.735009}}
