{"target": 0.8424095620757112, "params": {"C": 57.40815842670937, "epsilon": 3.784374054217457, "gamma": 0.14414335491882224}, "datetime": {"datetime": "2021-09-18 13:18:21", "elapsed": 3177.055043, "delta": 12.158651}}
{"target": 0.5797998863413825, "params": {"C": 50.76667154992052, "epsilon": 6.359429138065328, "gamma": 0.6089048174974964}, "datetime": {"datetime": "2021-09-18 13:18:31", "elapsed": 3187.010507, "delta": 9.955464}}
{"target": 0.793716834841389, "params": {"C": 97.84653602886524, "epsilon": 6.6644550441389026, "gamma": 0.06904353106452216}, "datetime": {"datetime": "2021-09-18 13:18:43", "elapsed": 3199.192508, "delta": 12.182001}}
{"target": 0.6160334123390486, "params": {"C": 85.56826470918385, "epsilon": 3.77597303952397, "gamma": 0.8296956939933188}, "datetime": {"datetime": "2021-09-18 13:18:55", "elapsed": 3211.482872, "delta": 12.290364}}
{"target": 0.8874223196589022, "params": {"C": 74.71119833100921, "epsilon": 1.8195653594014514, "gamma": 0.05808506649008535}, "datetime": {"datetime": "2021-09-18 13:19:07", "elapsed": 3223.886921, "delta": 12.404049}}
{"target": 0.6763666490779539, "params": {"C": 21.942733058835717, "epsilon": 3.461763200947871, "gamma": 0.6652896663348756}, "datetime": {"datetime": "2021-09-18 13:19:18", "elapsed": 3234.419331, "delta": 10.53241}}
{"target": 0.8649775598282797, "params": {"C": 75.35135820663945, "epsilon": 0.021279925355788862, "gamma": 0.027682476700778468}, "datetime": {"datetime": "2021-09-18 13:19:31", "elapsed": 3247.724664, "delta": 13.305333}}
{"target": 0.8550475078311572, "params": {"C": 28.056887644782623, "epsilon": 2.251015097202212, "gamma": 0.038431726222562676}, "datetime": {"datetime": "2021-09-18 13:19:40", "elapsed": 3256.585724, "delta": 8.86106}}
{"target": 0.8873087300212191, "params": {"C": 53.87598906277833, "epsilon": 1.5653735498353767, "gamma": 0.06542331353425261}, "datetime": {"datetime": "2021-09-18 13:19:49", "elapsed": 3265.928363, "delta": 9.342639}}
{"target": 0.7388697287224666, "params": {"C": 99.07074802569556, "epsilon": 7.20765803728499, "gamma": 0.004426327251443065}, "datetime": {"datetime": "2021-09-18 13:19:59", "elapsed": 3275.174461, "delta": 9.246098}}
{"target": 0.5628904858343715, "params": {"C": 98.4785976260687, "epsilon": 6.730341748872989, "gamma": 0.6005748798649032}, "datetime": {"datetime": "2021-09-18 13:20:08", "elapsed": 3284.601873, "delta": 9.427412}}
{"target": 0.6696891556655988, "params": {"C": 99.80285208970636, "epsilon": 8.0823749480894, "gamma": 0.13333060742730482}, "datetime": {"datetime": "2021-09-18 13:20:17", "elapsed": 3293.800694, "delta": 9.198821}}
{"target": 0.8176678150718296, "params": {"C": 57.82313256191042, "epsilon": 2.7573693622140802, "gamma": 0.28916419446691494}, "datetime": {"datetime": "2021-09-18 13:20:27", "elapsed": 3303.396095, "delta": 9.595401}}
{"target": -0.035063935496565835, "params": {"C": 86.6934104527427, "epsilon": 15.66565612002945, "gamma": 1.0}, "datetime": {"datetime": "2021-09-18 13:20:39", "elapsed": 3315.460815, "delta": 12.06472}}
{"target": 0.5559605804150857, "params": {"C": 99.40376281534007, "epsilon": 2.1882923879721, "gamma": 0.0001}, "datetime": {"datetime": "2021-09-18 13:20:48", "elapsed": 3324.388488, "delta": 8.927673}}
{"target": 0.867265946986918, "params": {"C": 98.4430855280709, "epsilon": 1.6798117572058153, "gamma": 0.03090990821015669}, "datetime": {"datetime": "2021-09-18 13:21:05", "elapsed": 3341.018025, "delta": 16.629537}}
{"target": 0.7733408332702227, "params": {"C": 99.98963715279658, "epsilon": 1.0412014234873868, "gamma": 0.536734597112561}, "datetime": {"datetime": "2021-09-18 13:21:18", "elapsed": 3354.042348, "delta": 13.024323}}
{"target": 0.8427928672614599, "params": {"C": 47.37523281748281, "epsilon": 1.6751176908996264, "gamma": 0.016126586183915492}, "datetime": {"datetime": "2021-09-18 13:21:29", "elapsed": 3365.711178, "delta": 11.66883}}
{"target": 0.6748628517853146, "params": {"C": 91.65848710026617, "epsilon": 0.11276602318163007, "gamma": 0.8914337592190867}, "datetime": {"datetime": "2021-09-18 13:21:39", "elapsed": 3375.600138, "delta": 9.88896}}
{"target": 0.624251891266514, "params": {"C": 60.00344765751591, "epsilon": 3.5255223549454224, "gamma": 0.8281943979550029}, "datetime": {"datetime": "2021-09-18 13:21:51", "elapsed": 3387.317482, "delta": 11.717344}}
{"target": 0.6458535828654383, "params": {"C": 88.15591702240012, "epsilon": 0.004445891538722473, "gamma": 0.9989383641795849}, "datetime": {"datetime": "2021-09-18 13:22:07", "elapsed": 3403.687395, "delta": 16.369913}}
{"target": 0.8270055880165419, "params": {"C": 33.70863251879707, "epsilon": 0.5410931655887267, "gamma": 0.3798264571144876}, "datetime": {"datetime": "2021-09-18 13:22:20", "elapsed": 3416.787287, "delta": 13.099892}}
{"target": 0.7084467759244658, "params": {"C": 56.18767927803108, "epsilon": 3.7927183867060044, "gamma": 0.5392179529357229}, "datetime": {"datetime": "2021-09-18 13:22:30", "elapsed": 3426.440364, "delta": 9.653077}}
{"target": 0.08489548251620072, "params": {"C": 39.79617503248959, "epsilon": 13.781697042438104, "gamma": 0.6837357489273564}, "datetime": {"datetime": "2021-09-18 13:22:41", "elapsed": 3437.737441, "delta": 11.297077}}
{"target": 0.9024242235405525, "params": {"C": 88.05991872131105, "epsilon": 0.7354427144643982, "gamma": 0.09682863416875534}, "datetime": {"datetime": "2021-09-18 13:22:53", "elapsed": 3449.905985, "delta": 12.168544}}
{"target": 0.8183055150748215, "params": {"C": 99.45747940228989, "epsilon": 5.949196032391451, "gamma": 0.02043510547219574}, "datetime": {"datetime": "2021-09-18 13:23:03", "elapsed": 3459.059151, "delta": 9.153166}}
{"target": 0.8811677157041464, "params": {"C": 99.82149805532002, "epsilon": 3.376898695660652, "gamma": 0.07421647255535409}, "datetime": {"datetime": "2021-09-18 13:23:18", "elapsed": 3474.869827, "delta": 15.810676}}
{"target": 0.8639709154878473, "params": {"C": 87.72076619930313, "epsilon": 1.6559213631959615, "gamma": 0.20010746894006604}, "datetime": {"datetime": "2021-09-18 13:23:27", "elapsed": 3483.363654, "delta": 8.493827}}
{"target": 0.699265095185216, "params": {"C": 87.11286817327002, "epsilon": 1.1957480373380138, "gamma": 0.767645032670662}, "datetime": {"datetime": "2021-09-18 13:23:39", "elapsed": 3495.883253, "delta": 12.519599}}
{"target": -0.1431774371135015, "params": {"C": 48.08721329622582, "epsilon": 18.180832132892082, "gamma": 1.0}, "datetime": {"datetime": "2021-09-18 13:23:49", "elapsed": 3505.349752, "delta": 9.466499}}
{"target": -0.07964156877877993, "params": {"C": 10.914892964653127, "epsilon": 16.930476787116675, "gamma": 0.623713258742486}, "datetime": {"datetime": "2021-09-18 13:24:00", "elapsed": 3516.950132, "delta": 11.60038}}
{"target": -0.10150902062576406, "params": {"C": 24.39400508292563, "epsilon": 17.80680487167874, "gamma": 0.09791943701546511}, "datetime": {"datetime": "2021-09-18 13:24:13", "elapsed": 3529.923896, "delta": 12.973764}}
{"target": 0.3375823695887432, "params": {"C": 34.456356536968414, "epsilon": 9.11625734649858, "gamma": 0.9696981966751175}, "datetime": {"datetime": "2021-09-18 13:24:31", "elapsed": 3547.585605, "delta": 17.661709}}
{"target": 0.5018716211122394, "params": {"C": 83.96621413216292, "epsilon": 4.756795206179207, "gamma": 0.0001}, "datetime": {"datetime": "2021-09-18 13:24:41", "elapsed": 3557.193686, "delta": 9.608081}}
{"target": 0.40443404803406713, "params": {"C": 6.1942817815163, "epsilon": 1.713881789280592, "gamma": 0.9519529422034033}, "datetime": {"datetime": "2021-09-18 13:24:53", "elapsed": 3569.543917, "delta": 12.350231}}
{"target": 0.8192772961052749, "params": {"C": 80.29840057989333, "epsilon": 4.882067731841367, "gamma": 0.01239550561798261}, "datetime": {"datetime": "2021-09-18 13:25:07", "elapsed": 3583.653198, "delta": 14.109281}}
{"target": -0.08671817700490303, "params": {"C": 67.75984813280648, "epsilon": 16.835921646326856, "gamma": 1.0}, "datetime": {"datetime": "2021-09-18 13:25:24", "elapsed": 3600.231736, "delta": 16.578538}}
{"target": 0.2892415706558369, "params": {"C": 46.4254066274279, "epsilon": 10.01199305345605, "gamma": 0.9683093977410969}, "datetime": {"datetime": "2021-09-18 13:25:35", "elapsed": 3611.389556, "delta": 11.15782}}
{"target": 0.20041301444319393, "params": {"C": 3.530042162497904, "epsilon": 9.619463448449089, "gamma": 0.8084469237947189}, "datetime": {"datetime": "2021-09-18 13:25:45", "elapsed": 3621.630251, "delta": 10.240695}}
{"target": 0.6501532149050098, "params": {"C": 9.972088630105688, "epsilon": 8.707959990923802, "gamma": 0.031430990250638176}, "datetime": {"datetime": "2021-09-18 13:25:57", "elapsed": 3633.09534, "delta": 11.465089}}
{"target": 0.4239228637639999, "params": {"C": 50.00553016846758, "epsilon": 5.454530853096456, "gamma": 0.0001}, "datetime": {"datetime": "2021-09-18 13:26:06", "elapsed": 3642.072619, "delta": 8.977279}}
{"target": 0.6667644067457551, "params": {"C": 81.59599478838084, "epsilon": 1.7771554373506193, "gamma": 0.8365022249023203}, "datetime": {"datetime": "2021-09-18 13:26:16", "elapsed": 3651.970552, "delta": 9.897933}}
{"target": 0.5321087770984456, "params": {"C": 94.04027162717702, "epsilon": 0.6891558065487183, "gamma": 0.0001}, "datetime": {"datetime": "2021-09-18 13:26:25", "elapsed": 3661.323455, "delta": 9.352903}}
{"target": 0.09254089169130963, "params": {"C": 4.45108985167207, "epsilon": 13.64911569665087, "gamma": 1.0}, "datetime": {"datetime": "2021-09-18 13:26:34", "elapsed": 3670.876873, "delta": 9.553418}}
{"target": 0.4976550484362985, "params": {"C": 67.68093367678844, "epsilon": 3.8402513910139997, "gamma": 0.0001}, "datetime": {"datetime": "2021-09-18 13:26:46", "elapsed": 3681.984656, "delta": 11.107783}}
{"target": -0.023110489977516968, "params": {"C": 21.78655641033564, "epsilon": 15.386967222673293, "gamma": 1.0}, "datetime": {"datetime": "2021-09-18 13:26:55", "elapsed": 3691.183044, "delta": 9.198388}}
{"target": 0.6582006117839074, "params": {"C": 45.11891390242519, "epsilon": 8.333229094670504, "gamma": 0.10839578174191289}, "datetime": {"datetime": "2021-09-18 13:27:04", "elapsed": 3700.395048, "delta": 9.212004}}
{"target": 0.8537606818919483, "params": {"C": 87.91054235934469, "epsilon": 2.332102645173197, "gamma": 0.027329992104757273}, "datetime": {"datetime": "2021-09-18 13:27:16", "elapsed": 3712.069051, "delta": 11.674003}}
{"target": 0.3318146589672616, "params": {"C": 92.32383223236631, "epsilon": 10.721023608752125, "gamma": 0.0001}, "datetime": {"datetime": "2021-09-18 13:27:30", "elapsed": 3726.864051, "delta": 14.795}}
{"target": 0.7409479685379925, "params": {"C": 90.13556235680319, "epsilon": 0.9403134712756638, "gamma": 0.6439759131848113}, "datetime": {"datetime": "2021-09-18 13:27:46", "elapsed": 3742.485781, "delta": 15.62173}}
{"target": 0.3785561632061898, "params": {"C": 92.10197377631853, "epsilon": 8.207429995054332, "gamma": 1.0}, "datetime": {"datetime": "2021-09-18 13:27:56", "elapsed": 3752.195543, "delta": 9.709762}}
{"target": 0.5444219940248551, "params": {"C": 26.117878118114568, "epsilon": 4.960065602235328, "gamma": 0.9388165376892061}, "datetime": {"datetime": "2021-09-18 13:28:06", "elapsed": 3762.248696, "delta": 10.053153}}
{"target": 0.3733942754543518, "params": {"C": 51.73299562773961, "epsilon": 8.30879029283074, "gamma": 1.0}, "datetime": {"datetime": "2021-09-18 13:28:22", "elapsed": 3778.50618, "delta": 16.257484}}
{"target": 0.5716098082638867, "params": {"C": 83.74178715638197, "epsilon": 3.6816820240451382, "gamma": 0.9984293946441805}, "datetime": {"datetime": "2021-09-18 13:28:32", "elapsed": 3788.704934, "delta": 10.198754}}
{"target": 0.29051392549804755, "params": {"C": 9.348293172714707, "epsilon": 12.540135887151502, "gamma": 0.005659230972783926}, "datetime": {"datetime": "2021-09-18 13:28:46", "elapsed": 3802.081889, "delta": 13.376955}}
{"target": 0.6533949582444183, "params": {"C": 31.895962977581444, "epsilon": 0.07258472892768153, "gamma": 0.9756360350701555}, "datetime": {"datetime": "2021-09-18 13:28:56", "elapsed": 3812.066015, "delta": 9.984126}}
{"target": 0.6772159736228192, "params": {"C": 37.603775521729446, "epsilon": 9.004253821995203, "gamma": 0.024311435728892536}, "datetime": {"datetime": "2021-09-18 13:29:04", "elapsed": 3820.875898, "delta": 8.809883}}
{"target": 0.5454822944336927, "params": {"C": 37.25026259624918, "epsilon": 4.480184743098207, "gamma": 1.0}, "datetime": {"datetime": "2021-09-18 13:29:15", "elapsed": 3830.975013, "delta": 10.099115}}
{"target": 0.5306971467746018, "params": {"C": 85.66420159950047, "epsilon": 1.2050029485527192, "gamma": 0.0001}, "datetime": {"datetime": "2021-09-18 13:29:24", "elapsed": 3840.919258, "delta": 9.944245}}
{"target": -0.018825538638832295, "params": {"C": 80.69364060976645, "epsilon": 17.843185044915636, "gamma": 0.003579920899467028}, "datetime": {"datetime": "2021-09-18 13:29:34", "elapsed": 3850.019892, "delta": 9.100634}}
{"target": 0.4806674188416039, "params": {"C": 63.803731886835244, "epsilon": 1.5908067442115423, "gamma": 0.0001}, "datetime": {"datetime": "2021-09-18 13:29:46", "elapsed": 3861.970938, "delta": 11.951046}}
{"target": 0.3336691216273828, "params": {"C": 38.136297743944176, "epsilon": 9.152601255776457, "gamma": 0.9801446019754798}, "datetime": {"datetime": "2021-09-18 13:29:55", "elapsed": 3871.62672, "delta": 9.655782}}
{"target": 0.44550775925541475, "params": {"C": 51.81374725160172, "epsilon": 0.8152892594945539, "gamma": 0.0001}, "datetime": {"datetime": "2021-09-18 13:30:10", "elapsed": 3886.953619, "delta": 15.326899}}
{"target": 0.0948970962864586, "params": {"C": 59.470603842724366, "epsilon": 14.643587256944448, "gamma": 0.0001}, "datetime": {"datetime": "2021-09-18 13:30:25", "elapsed": 3901.707398, "delta": 14.753779}}
{"target": 0.7992895648131709, "params": {"C": 52.39313760883388, "epsilon": 1.674290454627332, "gamma": 0.42216411767720197}, "datetime": {"datetime": "2021-09-18 13:30:46", "elapsed": 3922.073362, "delta": 20.365964}}
{"target": 0.07604377443697663, "params": {"C": 78.092298923747, "epsilon": 15.167521541309698, "gamma": 0.0001}, "datetime": {"datetime": "2021-09-18 13:30:55", "elapsed": 3931.409757, "delta": 9.336395}}
{"target": 0.7482886980007502, "params": {"C": 85.03063424216694, "epsilon": 2.0275010807506226, "gamma": 0.5601605782957233}, "datetime": {"datetime": "2021-09-18 13:31:05", "elapsed": 3941.534094, "delta": 10.124337}}
{"target": 0.8731803695958256, "params": {"C": 65.00622907561986, "epsilon": 0.5202097679714138, "gamma": 0.039922226298312824}, "datetime": {"datetime": "2021-09-18 13:31:15", "elapsed": 3951.308196, "delta": 9.774102}}
{"target": 0.7777113598590142, "params": {"C": 35.40686721955189, "epsilon": 6.751086968681589, "gamma": 0.04188630491310539}, "datetime": {"datetime": "2021-09-18 13:31:27", "elapsed": 3962.982791, "delta": 11.674595}}
{"target": 0.7929247871586098, "params": {"C": 36.25950365939151, "epsilon": 6.306823033390832, "gamma": 0.020901940884759385}, "datetime": {"datetime": "2021-09-18 13:31:39", "elapsed": 3975.026227, "delta": 12.043436}}
{"target": 0.5200874044682025, "params": {"C": 36.41137590114306, "epsilon": 5.679437249494599, "gamma": 0.9227974398219}, "datetime": {"datetime": "2021-09-18 13:31:49", "elapsed": 3985.117096, "delta": 10.090869}}
{"target": 0.762954346550915, "params": {"C": 35.91639471102205, "epsilon": 7.273395599979376, "gamma": 0.036221683537727214}, "datetime": {"datetime": "2021-09-18 13:32:02", "elapsed": 3998.029593, "delta": 12.912497}}
{"target": 0.3322285524935863, "params": {"C": 34.40100955167244, "epsilon": 7.2556353747853555, "gamma": 0.0001}, "datetime": {"datetime": "2021-09-18 13:32:14", "elapsed": 4010.156111, "delta": 12.126518}}
{"target": 0.8469760636833134, "params": {"C": 92.48623059276906, "epsilon": 0.14346926171849556, "gamma": 0.011050790244489855}, "datetime": {"datetime": "2021-09-18 13:32:24", "elapsed": 4020.067356, "delta": 9.911245}}
{"target": 0.5849553385539086, "params": {"C": 11.188490769908913, "epsilon": 9.41842354833094, "gamma": 0.021768645572008534}, "datetime": {"datetime": "2021-09-18 13:32:34", "elapsed": 4030.078739, "delta": 10.011383}}
{"target": 0.7093572292789607, "params": {"C": 36.13933723045441, "epsilon": 8.46770148654324, "gamma": 0.046288610280593744}, "datetime": {"datetime": "2021-09-18 13:32:48", "elapsed": 4044.100145, "delta": 14.021406}}
{"target": 0.5062014075004694, "params": {"C": 71.61057439084088, "epsilon": 10.625297664597436, "gamma": 0.004173230808037502}, "datetime": {"datetime": "2021-09-18 13:33:00", "elapsed": 4056.944769, "delta": 12.844624}}
{"target": -0.1229460255280117, "params": {"C": 37.72433683295761, "epsilon": 17.664302285328223, "gamma": 1.0}, "datetime": {"datetime": "2021-09-18 13:33:13", "elapsed": 4069.844801, "delta": 12.900032}}
{"target": -0.056615888013114235, "params": {"C": 57.19303738454748, "epsilon": 17.338436345579026, "gamma": 0.0001}, "datetime": {"datetime": "2021-09-18 13:33:24", "elapsed": 4080.154929, "delta": 10.310128}}
{"target": 0.043512459112898805, "params": {"C": 4.5592513003319715, "epsilon": 4.767094229902936, "gamma": 0.0001}, "datetime": {"datetime": "2021-09-18 13:33:33", "elapsed": 4089.823626, "delta": 9.668697}}
{"target": 0.583061772991157, "params": {"C": 44.25796006647149, "epsilon": 3.2727093081847944, "gamma": 1.0}, "datetime": {"datetime": "2021-09-18 13:33:42", "elapsed": 4098.911667, "delta": 9.088041}}
{"target": 0.17527299758802184, "params": {"C": 62.76227296619002, "epsilon": 11.836667304489756, "gamma": 1.0}, "datetime": {"datetime": "2021-09-18 13:33:52", "elapsed": 4108.734808, "delta": 9.823141}}
{"target": 0.7608878350215206, "params": {"C": 100.0, "epsilon": 2.507544094021793, "gamma": 0.48861788710710863}, "datetime": {"datetime": "2021-09-18 13:34:12", "elapsed": 4128.557294, "delta": 19.822486}}
{"target": 0.7651747695029748, "params": {"C": 37.20714062501249, "epsilon": 6.804868859048472, "gamma": 0.012420978040713123}, "datetime": {"datetime": "2021-09-18 13:34:28", "elapsed": 4144.297721, "delta": 15.740427}}
{"target": -0.014390274396439473, "params": {"C": 29.876222522355373, "epsilon": 16.07576463799163, "gamma": 0.03486543421151488}, "datetime": {"datetime": "2021-09-18 13:34:42", "elapsed": 4158.668629, "delta": 14.370908}}
{"target": 0.4147729070315963, "params": {"C": 96.04315027237593, "epsilon": 7.703790273596228, "gamma": 0.9517130410723219}, "datetime": {"datetime": "2021-09-18 13:34:53", "elapsed": 4169.639757, "delta": 10.971128}}
{"target": 0.6802494287669265, "params": {"C": 37.35305142470027, "epsilon": 7.924755860772316, "gamma": 0.09816083682290042}, "datetime": {"datetime": "2021-09-18 13:35:03", "elapsed": 4179.62743, "delta": 9.987673}}
{"target": 0.889195164890381, "params": {"C": 93.76599021161583, "epsilon": 0.5818531048848834, "gamma": 0.05001143748173449}, "datetime": {"datetime": "2021-09-18 13:58:25", "elapsed": 0.0, "delta": 0.0}}
{"target": 0.8950417106659425, "params": {"C": 88.60496576843279, "epsilon": 0.1344695948373482, "gamma": 0.059233859476879785}, "datetime": {"datetime": "2021-09-18 13:58:25", "elapsed": 0.054038, "delta": 0.054038}}
{"target": 0.8989642691714196, "params": {"C": 83.38170951199518, "epsilon": 0.28953736709357725, "gamma": 0.089676747423067}, "datetime": {"datetime": "2021-09-18 13:58:25", "elapsed": 0.105042, "delta": 0.051004}}
{"target": 0.9005979000108774, "params": {"C": 99.24675303015107, "epsilon": 0.34697172123457, "gamma": 0.11852195003967594}, "datetime": {"datetime": "2021-09-18 13:58:25", "elapsed": 0.166119, "delta": 0.061077}}
{"target": 0.8875350670506161, "params": {"C": 84.20035123791828, "epsilon": 0.7049316003849375, "gamma": 0.05273875931979262}, "datetime": {"datetime": "2021-09-18 13:58:25", "elapsed": 0.210125, "delta": 0.044006}}
{"target": 0.9009266586131881, "params": {"C": 99.22516382224622, "epsilon": 0.3718085974219152, "gamma": 0.09023575808506173}, "datetime": {"datetime": "2021-09-18 13:58:26", "elapsed": 0.316174, "delta": 0.106049}}
{"target": 0.8927771111886168, "params": {"C": 98.58303001744898, "epsilon": 0.5023797527854748, "gamma": 0.15}, "datetime": {"datetime": "2021-09-18 13:58:26", "elapsed": 0.474174, "delta": 0.158}}
{"target": 0.8975060936260211, "params": {"C": 99.5126636633554, "epsilon": 0.6877242951423511, "gamma": 0.0710120873534755}, "datetime": {"datetime": "2021-09-18 13:58:26", "elapsed": 0.640176, "delta": 0.166002}}
{"target": 0.8929923877181436, "params": {"C": 85.23816906021013, "epsilon": 0.1413601979628096, "gamma": 0.1447303451077167}, "datetime": {"datetime": "2021-09-18 13:58:26", "elapsed": 0.776169, "delta": 0.135993}}
{"target": 0.8975403488289486, "params": {"C": 107.68152233465491, "epsilon": 0.5883173708035397, "gamma": 0.06946880315822752}, "datetime": {"datetime": "2021-09-18 13:58:26", "elapsed": 0.87713, "delta": 0.100961}}
{"target": 0.8963745772018354, "params": {"C": 82.91596627602111, "epsilon": 0.10834907927109018, "gamma": 0.06618316764765289}, "datetime": {"datetime": "2021-09-18 13:58:26", "elapsed": 1.007175, "delta": 0.130045}}
{"target": 0.9058203663313591, "params": {"C": 117.9950508993538, "epsilon": 0.5379757043567972, "gamma": 0.09707206399291823}, "datetime": {"datetime": "2021-09-18 13:58:26", "elapsed": 1.116133, "delta": 0.108958}}
{"target": 0.8939921888371273, "params": {"C": 96.9929725293684, "epsilon": 0.6761193655111737, "gamma": 0.1479068438364577}, "datetime": {"datetime": "2021-09-18 13:58:26", "elapsed": 1.22617, "delta": 0.110037}}
{"target": 0.8960439779280934, "params": {"C": 118.30865235133648, "epsilon": 0.433730310503381, "gamma": 0.13667120488043263}, "datetime": {"datetime": "2021-09-18 13:58:27", "elapsed": 1.382133, "delta": 0.155963}}
{"target": 0.9022653336508656, "params": {"C": 117.83994509266316, "epsilon": 0.6295473682998979, "gamma": 0.11402538407064883}, "datetime": {"datetime": "2021-09-18 13:58:27", "elapsed": 1.519397, "delta": 0.137264}}
