{"target": 0.9039393145634715, "params": {"C": 312.1910544991386, "epsilon": 0.4448499494614066, "gamma": 0.06188527430827393}, "datetime": {"datetime": "2021-09-18 14:53:42", "elapsed": 331.421284, "delta": 1.808871}}
{"target": 0.9025325074867675, "params": {"C": 318.87445501557056, "epsilon": 0.28382386584615293, "gamma": 0.06443497958494973}, "datetime": {"datetime": "2021-09-18 14:53:44", "elapsed": 332.98004, "delta": 1.558756}}
{"target": 0.8888520721571658, "params": {"C": 259.66346092693436, "epsilon": 0.53681015328005, "gamma": 0.13241852717176594}, "datetime": {"datetime": "2021-09-18 14:53:45", "elapsed": 334.796223, "delta": 1.816183}}
{"target": 0.8969296863849381, "params": {"C": 283.90384243062965, "epsilon": 0.6951302414438921, "gamma": 0.05}, "datetime": {"datetime": "2021-09-18 14:53:48", "elapsed": 337.257364, "delta": 2.461141}}
{"target": 0.8815299353511152, "params": {"C": 254.74122800143718, "epsilon": 0.053011032251339144, "gamma": 0.14952468049062198}, "datetime": {"datetime": "2021-09-18 14:53:50", "elapsed": 339.062185, "delta": 1.804821}}
{"target": 0.9066100244132984, "params": {"C": 293.54814486179396, "epsilon": 0.6176788708319608, "gamma": 0.06421917947562245}, "datetime": {"datetime": "2021-09-18 14:53:51", "elapsed": 340.577695, "delta": 1.51551}}
{"target": 0.8852944282715471, "params": {"C": 317.8022797472059, "epsilon": 0.3833565184558331, "gamma": 0.12760391506947322}, "datetime": {"datetime": "2021-09-18 14:53:53", "elapsed": 342.120954, "delta": 1.543259}}
{"target": 0.9064415960936135, "params": {"C": 259.18734430073937, "epsilon": 0.3786763143166961, "gamma": 0.08730995088395446}, "datetime": {"datetime": "2021-09-18 14:53:55", "elapsed": 344.196659, "delta": 2.075705}}
{"target": 0.8868404667292327, "params": {"C": 227.70510206635475, "epsilon": 0.30639032415147954, "gamma": 0.1363981552862349}, "datetime": {"datetime": "2021-09-18 14:53:56", "elapsed": 345.695994, "delta": 1.499335}}
{"target": 0.9062696023000755, "params": {"C": 310.9903972132415, "epsilon": 0.46533552385468135, "gamma": 0.06493226742592155}, "datetime": {"datetime": "2021-09-18 14:53:59", "elapsed": 348.274734, "delta": 2.57874}}
{"target": 0.8958361216419166, "params": {"C": 277.0364365340207, "epsilon": 0.6862570818372332, "gamma": 0.11423009830137561}, "datetime": {"datetime": "2021-09-18 14:54:01", "elapsed": 350.456325, "delta": 2.181591}}
{"target": 0.8889530436309293, "params": {"C": 207.70895438357525, "epsilon": 0.7636896978920248, "gamma": 0.14608017518732477}, "datetime": {"datetime": "2021-09-18 14:54:03", "elapsed": 352.011368, "delta": 1.555043}}
{"target": 0.8979526686273038, "params": {"C": 277.06165852137974, "epsilon": 0.6665970919860739, "gamma": 0.05200860216726221}, "datetime": {"datetime": "2021-09-18 14:54:05", "elapsed": 354.045123, "delta": 2.033755}}
{"target": 0.9099995815988797, "params": {"C": 276.98796441221384, "epsilon": 0.6301375923244356, "gamma": 0.07066790617746425}, "datetime": {"datetime": "2021-09-18 14:54:07", "elapsed": 356.517849, "delta": 2.472726}}
{"target": 0.8997031433142428, "params": {"C": 283.8728185618413, "epsilon": 0.7112234395860969, "gamma": 0.10724384013057969}, "datetime": {"datetime": "2021-09-18 14:54:10", "elapsed": 358.989935, "delta": 2.472086}}
{"target": 0.8857595105494807, "params": {"C": 226.1240371435091, "epsilon": 0.34982075673896923, "gamma": 0.14302115001397725}, "datetime": {"datetime": "2021-09-18 14:54:11", "elapsed": 360.510538, "delta": 1.520603}}
{"target": 0.8983942245053925, "params": {"C": 259.16766937073703, "epsilon": 0.42695699515863866, "gamma": 0.11035884892657036}, "datetime": {"datetime": "2021-09-18 14:54:14", "elapsed": 363.159154, "delta": 2.648616}}
{"target": 0.9034979967827419, "params": {"C": 221.55567089933163, "epsilon": 0.6850126082406276, "gamma": 0.06362574960190344}, "datetime": {"datetime": "2021-09-18 14:54:15", "elapsed": 364.740512, "delta": 1.581358}}
{"target": 0.9028025743351537, "params": {"C": 231.59254239803346, "epsilon": 0.7058876659781174, "gamma": 0.06191677895173614}, "datetime": {"datetime": "2021-09-18 14:54:18", "elapsed": 367.192128, "delta": 2.451616}}
{"target": 0.9097308177473384, "params": {"C": 283.8570197899203, "epsilon": 0.7389920690570373, "gamma": 0.06737899304046802}, "datetime": {"datetime": "2021-09-18 14:54:20", "elapsed": 369.690588, "delta": 2.49846}}
{"target": 0.9068783691702629, "params": {"C": 302.1659389201533, "epsilon": 0.7338911068038494, "gamma": 0.062299894999994936}, "datetime": {"datetime": "2021-09-18 14:54:23", "elapsed": 372.584726, "delta": 2.894138}}
{"target": 0.9028087562977344, "params": {"C": 299.68204936659663, "epsilon": 0.5783779637041757, "gamma": 0.059784748652711876}, "datetime": {"datetime": "2021-09-18 14:54:25", "elapsed": 374.833923, "delta": 2.249197}}
{"target": 0.9104504305895195, "params": {"C": 243.73699907181964, "epsilon": 0.7600275512574394, "gamma": 0.07553428675690796}, "datetime": {"datetime": "2021-09-18 14:54:27", "elapsed": 376.38493, "delta": 1.551007}}
{"target": 0.9063291868844718, "params": {"C": 294.381512718919, "epsilon": 0.5838894922065448, "gamma": 0.09179361359476407}, "datetime": {"datetime": "2021-09-18 14:54:30", "elapsed": 379.3764, "delta": 2.99147}}
{"target": 0.8900404796063817, "params": {"C": 214.46012990352335, "epsilon": 0.43157184923808384, "gamma": 0.1322515387076147}, "datetime": {"datetime": "2021-09-18 14:54:32", "elapsed": 381.021021, "delta": 1.644621}}
{"target": 0.9102495689281207, "params": {"C": 243.71037329253588, "epsilon": 0.7754514954241603, "gamma": 0.07099731515390859}, "datetime": {"datetime": "2021-09-18 14:54:34", "elapsed": 383.556141, "delta": 2.53512}}
{"target": 0.896991704891348, "params": {"C": 282.25440933932776, "epsilon": 0.6752613758689406, "gamma": 0.05}, "datetime": {"datetime": "2021-09-18 14:54:37", "elapsed": 386.335551, "delta": 2.77941}}
{"target": 0.8983696087890853, "params": {"C": 292.1394056413179, "epsilon": 0.03455526493344681, "gamma": 0.10277751812423158}, "datetime": {"datetime": "2021-09-18 14:54:39", "elapsed": 388.025426, "delta": 1.689875}}
{"target": 0.8928243354021135, "params": {"C": 239.81962883569958, "epsilon": 0.21550905933585232, "gamma": 0.12265837632959034}, "datetime": {"datetime": "2021-09-18 14:54:40", "elapsed": 389.875137, "delta": 1.849711}}
{"target": 0.896695811969077, "params": {"C": 299.6324327619295, "epsilon": 0.6030874569437223, "gamma": 0.05}, "datetime": {"datetime": "2021-09-18 14:54:43", "elapsed": 392.349478, "delta": 2.474341}}
{"target": 0.903389202600332, "params": {"C": 259.5687344089812, "epsilon": 0.6423145387484638, "gamma": 0.06165199552963871}, "datetime": {"datetime": "2021-09-18 14:54:46", "elapsed": 395.099372, "delta": 2.749894}}
{"target": 0.8965292942354111, "params": {"C": 212.69336849112022, "epsilon": 0.6966702263539313, "gamma": 0.12217548540026878}, "datetime": {"datetime": "2021-09-18 14:54:47", "elapsed": 396.693345, "delta": 1.593973}}
{"target": 0.8989795290833633, "params": {"C": 226.0342316995471, "epsilon": 0.5902336647093925, "gamma": 0.11560039141050597}, "datetime": {"datetime": "2021-09-18 14:54:50", "elapsed": 399.011148, "delta": 2.317803}}
{"target": 0.909562205760565, "params": {"C": 283.88719493270247, "epsilon": 0.7691139122843665, "gamma": 0.08653231606475491}, "datetime": {"datetime": "2021-09-18 14:54:52", "elapsed": 401.351555, "delta": 2.340407}}
{"target": 0.9087066871431789, "params": {"C": 283.89953946358565, "epsilon": 0.7609070531819938, "gamma": 0.06520424884757134}, "datetime": {"datetime": "2021-09-18 14:54:54", "elapsed": 403.866522, "delta": 2.514967}}
{"target": 0.9031762498826333, "params": {"C": 277.6794009562409, "epsilon": 0.14136674369536023, "gamma": 0.07875558978046135}, "datetime": {"datetime": "2021-09-18 14:54:56", "elapsed": 405.475519, "delta": 1.608997}}
{"target": 0.895022146156221, "params": {"C": 259.16964509414294, "epsilon": 0.39119687624218624, "gamma": 0.05}, "datetime": {"datetime": "2021-09-18 14:54:59", "elapsed": 408.452559, "delta": 2.97704}}
{"target": 0.9030842132298915, "params": {"C": 209.08873356740654, "epsilon": 0.7969903596795714, "gamma": 0.10940352311605092}, "datetime": {"datetime": "2021-09-18 14:55:01", "elapsed": 410.689525, "delta": 2.236966}}
{"target": 0.901183185926686, "params": {"C": 272.9046898007077, "epsilon": 0.4511542928836245, "gamma": 0.05969012005923772}, "datetime": {"datetime": "2021-09-18 14:55:03", "elapsed": 412.329521, "delta": 1.639996}}
{"target": 0.9088131931154253, "params": {"C": 283.91400787096694, "epsilon": 0.7333302039929376, "gamma": 0.08898302116874925}, "datetime": {"datetime": "2021-09-18 14:55:06", "elapsed": 415.038556, "delta": 2.709035}}
{"target": 0.8992893882095627, "params": {"C": 243.72011759374678, "epsilon": 0.7940682983066868, "gamma": 0.05523243172474454}, "datetime": {"datetime": "2021-09-18 14:55:10", "elapsed": 419.063555, "delta": 4.024999}}
{"target": 0.9006240524959813, "params": {"C": 276.99637110367, "epsilon": 0.6614280881976088, "gamma": 0.05713949231683683}, "datetime": {"datetime": "2021-09-18 14:55:13", "elapsed": 422.671557, "delta": 3.608002}}
{"target": 0.9099029741347977, "params": {"C": 265.64141267100365, "epsilon": 0.6279166019167471, "gamma": 0.07151878182096094}, "datetime": {"datetime": "2021-09-18 14:55:15", "elapsed": 424.343559, "delta": 1.672002}}
{"target": 0.9080196017647026, "params": {"C": 233.54931320977704, "epsilon": 0.5473562853360795, "gamma": 0.07216818969189781}, "datetime": {"datetime": "2021-09-18 14:55:17", "elapsed": 426.172274, "delta": 1.828715}}
{"target": 0.9044246422408629, "params": {"C": 223.332229294869, "epsilon": 0.6360208977026474, "gamma": 0.10480341240089192}, "datetime": {"datetime": "2021-09-18 14:55:20", "elapsed": 428.902628, "delta": 2.730354}}
{"target": 0.8902668606492791, "params": {"C": 264.77372105829255, "epsilon": 0.6250449918755941, "gamma": 0.13054801171212385}, "datetime": {"datetime": "2021-09-18 14:55:21", "elapsed": 430.597448, "delta": 1.69482}}
{"target": 0.881280570295719, "params": {"C": 323.89463205901643, "epsilon": 0.09435639056643773, "gamma": 0.13948172774135442}, "datetime": {"datetime": "2021-09-18 14:55:23", "elapsed": 432.467354, "delta": 1.869906}}
{"target": 0.8994321013733535, "params": {"C": 312.18204605040756, "epsilon": 0.49556199731084044, "gamma": 0.10181149600860909}, "datetime": {"datetime": "2021-09-18 14:55:26", "elapsed": 435.011104, "delta": 2.54375}}
{"target": 0.9091919773640875, "params": {"C": 251.78712626590922, "epsilon": 0.512602382122346, "gamma": 0.08053192668031063}, "datetime": {"datetime": "2021-09-18 14:55:28", "elapsed": 437.689476, "delta": 2.678372}}
{"target": 0.8958409485714977, "params": {"C": 234.57129419756728, "epsilon": 0.49029768632507126, "gamma": 0.1190446496458137}, "datetime": {"datetime": "2021-09-18 14:55:30", "elapsed": 439.42915, "delta": 1.739674}}
{"target": 0.9063401053618492, "params": {"C": 265.77766421350685, "epsilon": 0.7961204083228983, "gamma": 0.09787785122506862}, "datetime": {"datetime": "2021-09-18 14:55:33", "elapsed": 441.909074, "delta": 2.479924}}
{"target": 0.8852655089569527, "params": {"C": 293.8767441780816, "epsilon": 0.08663936503278279, "gamma": 0.12930019264894405}, "datetime": {"datetime": "2021-09-18 14:55:34", "elapsed": 443.782414, "delta": 1.87334}}
{"target": 0.8920280244713672, "params": {"C": 292.59888940104366, "epsilon": 0.3487243406238101, "gamma": 0.11501341376774424}, "datetime": {"datetime": "2021-09-18 14:55:36", "elapsed": 445.483562, "delta": 1.701148}}
{"target": 0.9100993071067184, "params": {"C": 326.18189873611493, "epsilon": 0.648135858492129, "gamma": 0.07094019575872024}, "datetime": {"datetime": "2021-09-18 14:55:39", "elapsed": 448.352387, "delta": 2.868825}}
{"target": 0.9042104774541805, "params": {"C": 243.700823481876, "epsilon": 0.7621082248208867, "gamma": 0.10452481411165462}, "datetime": {"datetime": "2021-09-18 14:55:42", "elapsed": 451.242475, "delta": 2.890088}}
{"target": 0.88998185544473, "params": {"C": 258.52862404649335, "epsilon": 0.7064575368760533, "gamma": 0.13584293710974038}, "datetime": {"datetime": "2021-09-18 14:55:43", "elapsed": 452.809111, "delta": 1.566636}}
{"target": 0.9103737799952615, "params": {"C": 292.50793755079815, "epsilon": 0.7511181418677475, "gamma": 0.07002639272162847}, "datetime": {"datetime": "2021-09-18 14:55:45", "elapsed": 454.584292, "delta": 1.775181}}
{"target": 0.8878211663347384, "params": {"C": 226.28552062495305, "epsilon": 0.037476635680430484, "gamma": 0.13530581491198596}, "datetime": {"datetime": "2021-09-18 14:55:47", "elapsed": 456.400251, "delta": 1.815959}}
{"target": 0.8953003924304842, "params": {"C": 289.0960797607654, "epsilon": 0.06192153401144407, "gamma": 0.05996605337682612}, "datetime": {"datetime": "2021-09-18 14:55:49", "elapsed": 458.256367, "delta": 1.856116}}
{"target": 0.8966226881464665, "params": {"C": 267.79261361188145, "epsilon": 0.41790235212221183, "gamma": 0.05306293290465317}, "datetime": {"datetime": "2021-09-18 14:55:51", "elapsed": 460.132008, "delta": 1.875641}}
{"target": 0.8901331516676958, "params": {"C": 312.3663432285689, "epsilon": 0.5004609936273245, "gamma": 0.11869673736837962}, "datetime": {"datetime": "2021-09-18 14:55:53", "elapsed": 461.943488, "delta": 1.81148}}
{"target": 0.905924716335576, "params": {"C": 254.98998179549585, "epsilon": 0.2870052845971508, "gamma": 0.08586437424893248}, "datetime": {"datetime": "2021-09-18 14:55:54", "elapsed": 463.724878, "delta": 1.78139}}
{"target": 0.9049695148544661, "params": {"C": 228.31787250295736, "epsilon": 0.7095408196939632, "gamma": 0.1045357144724374}, "datetime": {"datetime": "2021-09-18 14:55:57", "elapsed": 466.408235, "delta": 2.683357}}
{"target": 0.898935153905127, "params": {"C": 265.6409910280191, "epsilon": 0.6311452828824318, "gamma": 0.10979610792074165}, "datetime": {"datetime": "2021-09-18 14:56:00", "elapsed": 469.344646, "delta": 2.936411}}
{"target": 0.8999318794333995, "params": {"C": 296.5584223532972, "epsilon": 0.6442098035735839, "gamma": 0.10422197920242046}, "datetime": {"datetime": "2021-09-18 14:56:02", "elapsed": 471.349031, "delta": 2.004385}}
{"target": 0.899889496845356, "params": {"C": 234.77111329383138, "epsilon": 0.23677040675441352, "gamma": 0.10786220294671972}, "datetime": {"datetime": "2021-09-18 14:56:04", "elapsed": 473.239914, "delta": 1.890883}}
{"target": 0.905976061221249, "params": {"C": 224.62010171200987, "epsilon": 0.28414695730095907, "gamma": 0.08948867713307426}, "datetime": {"datetime": "2021-09-18 14:56:06", "elapsed": 475.11123, "delta": 1.871316}}
{"target": 0.9055427190545808, "params": {"C": 315.4545828635338, "epsilon": 0.6627602007885955, "gamma": 0.06117826543601887}, "datetime": {"datetime": "2021-09-18 14:56:08", "elapsed": 477.083905, "delta": 1.972675}}
{"target": 0.9014082211137011, "params": {"C": 222.84489112986324, "epsilon": 0.23046067715820878, "gamma": 0.10430185521983903}, "datetime": {"datetime": "2021-09-18 14:56:10", "elapsed": 478.916308, "delta": 1.832403}}
{"target": 0.8974514730840256, "params": {"C": 217.58611529066752, "epsilon": 0.32242717630047696, "gamma": 0.11740869292918982}, "datetime": {"datetime": "2021-09-18 14:56:11", "elapsed": 480.718867, "delta": 1.802559}}
{"target": 0.9031723342992551, "params": {"C": 279.3677865130481, "epsilon": 0.20646839127657268, "gamma": 0.06955401874462956}, "datetime": {"datetime": "2021-09-18 14:56:13", "elapsed": 482.656808, "delta": 1.937941}}
{"target": 0.9094182841337224, "params": {"C": 302.2031370894767, "epsilon": 0.7820436047861706, "gamma": 0.06492438696145261}, "datetime": {"datetime": "2021-09-18 14:56:17", "elapsed": 486.042278, "delta": 3.38547}}
{"target": 0.8838213356556861, "params": {"C": 240.2851178197, "epsilon": 0.1288124827812717, "gamma": 0.14500460368393675}, "datetime": {"datetime": "2021-09-18 14:56:19", "elapsed": 487.958242, "delta": 1.915964}}
{"target": 0.9035729005009304, "params": {"C": 205.3639936257847, "epsilon": 0.6393717889218865, "gamma": 0.06545794306889138}, "datetime": {"datetime": "2021-09-18 14:56:21", "elapsed": 489.896236, "delta": 1.937994}}
{"target": 0.8859736388125198, "params": {"C": 307.1069061694729, "epsilon": 0.6183759665066035, "gamma": 0.13751740541677526}, "datetime": {"datetime": "2021-09-18 14:56:22", "elapsed": 491.812445, "delta": 1.916209}}
{"target": 0.9076379651702747, "params": {"C": 250.6426303588777, "epsilon": 0.6025596089630757, "gamma": 0.09167328490920648}, "datetime": {"datetime": "2021-09-18 14:56:24", "elapsed": 493.715863, "delta": 1.903418}}
{"target": 0.8966647432232956, "params": {"C": 269.78784289844543, "epsilon": 0.210200526030275, "gamma": 0.05692217788012637}, "datetime": {"datetime": "2021-09-18 14:56:26", "elapsed": 495.798182, "delta": 2.082319}}
{"target": 0.9104189904773318, "params": {"C": 277.4816169787872, "epsilon": 0.6870285543744092, "gamma": 0.0710355387802857}, "datetime": {"datetime": "2021-09-18 14:56:28", "elapsed": 497.688653, "delta": 1.890471}}
{"target": 0.8880720052888698, "params": {"C": 237.96023186070724, "epsilon": 0.46351536542814686, "gamma": 0.13681390662622062}, "datetime": {"datetime": "2021-09-18 14:56:30", "elapsed": 499.555674, "delta": 1.867021}}
{"target": 0.901403927667717, "params": {"C": 282.2588945703625, "epsilon": 0.6935072318752159, "gamma": 0.10436467448634593}, "datetime": {"datetime": "2021-09-18 14:56:33", "elapsed": 502.417235, "delta": 2.861561}}
{"target": 0.9032538653222292, "params": {"C": 261.31934550831505, "epsilon": 0.13764436176208017, "gamma": 0.09171258107202}, "datetime": {"datetime": "2021-09-18 14:56:36", "elapsed": 505.533827, "delta": 3.116592}}
{"target": 0.8883654172875756, "params": {"C": 200.99949224773889, "epsilon": 0.690482745193366, "gamma": 0.14750023942888904}, "datetime": {"datetime": "2021-09-18 14:56:38", "elapsed": 507.536205, "delta": 2.002378}}
{"target": 0.9026909686783482, "params": {"C": 259.54268319023726, "epsilon": 0.5400407925708859, "gamma": 0.10190336351225743}, "datetime": {"datetime": "2021-09-18 14:56:40", "elapsed": 509.58479, "delta": 2.048585}}
{"target": 0.9078396476253523, "params": {"C": 326.2080436882269, "epsilon": 0.6451600857985761, "gamma": 0.08573119201975524}, "datetime": {"datetime": "2021-09-18 14:56:43", "elapsed": 512.840164, "delta": 3.255374}}
{"target": 0.9027899012294724, "params": {"C": 221.75536970144836, "epsilon": 0.33091784292988935, "gamma": 0.10376684251140092}, "datetime": {"datetime": "2021-09-18 14:56:45", "elapsed": 514.830357, "delta": 1.990193}}
{"target": 0.8998989888580784, "params": {"C": 280.99246941431375, "epsilon": 0.5088898214133103, "gamma": 0.10497700183509273}, "datetime": {"datetime": "2021-09-18 14:56:48", "elapsed": 516.889713, "delta": 2.059356}}
{"target": 0.9103852945240574, "params": {"C": 282.30452455535374, "epsilon": 0.674058398954056, "gamma": 0.072766668413561}, "datetime": {"datetime": "2021-09-18 14:56:51", "elapsed": 520.098478, "delta": 3.208765}}
{"target": 0.9006506043838575, "params": {"C": 243.68708211805043, "epsilon": 0.7520806149064021, "gamma": 0.05770627889970116}, "datetime": {"datetime": "2021-09-18 14:56:54", "elapsed": 522.907415, "delta": 2.808937}}
{"target": 0.9050568259988196, "params": {"C": 222.6952934841583, "epsilon": 0.3707165292157636, "gamma": 0.09658386018081641}, "datetime": {"datetime": "2021-09-18 14:56:55", "elapsed": 524.86576, "delta": 1.958345}}
{"target": 0.8994533927093014, "params": {"C": 208.59110195435656, "epsilon": 0.5287749197401027, "gamma": 0.11659940471068277}, "datetime": {"datetime": "2021-09-18 14:56:57", "elapsed": 526.874731, "delta": 2.008971}}
{"target": 0.9099501992801955, "params": {"C": 277.4637582282093, "epsilon": 0.6538049712956563, "gamma": 0.07924533756483934}, "datetime": {"datetime": "2021-09-18 14:57:01", "elapsed": 530.829706, "delta": 3.954975}}
{"target": 0.9023205115351223, "params": {"C": 317.8828785405166, "epsilon": 0.4430322053618528, "gamma": 0.09380309310884175}, "datetime": {"datetime": "2021-09-18 14:57:03", "elapsed": 532.82751, "delta": 1.997804}}
{"target": 0.8976870011930971, "params": {"C": 326.1718866920256, "epsilon": 0.6524688479747544, "gamma": 0.10459929977556773}, "datetime": {"datetime": "2021-09-18 14:57:07", "elapsed": 536.173476, "delta": 3.345966}}
{"target": 0.9025682622323133, "params": {"C": 315.9025356988014, "epsilon": 0.43706395182401575, "gamma": 0.09310007102331119}, "datetime": {"datetime": "2021-09-18 14:57:09", "elapsed": 538.098889, "delta": 1.925413}}
{"target": 0.9087272186064836, "params": {"C": 265.6051584250074, "epsilon": 0.6249913790821452, "gamma": 0.06910734289260798}, "datetime": {"datetime": "2021-09-18 14:57:12", "elapsed": 541.732353, "delta": 3.633464}}
{"target": 0.910358624163165, "params": {"C": 277.49857857344296, "epsilon": 0.6602567502570627, "gamma": 0.07068216424156756}, "datetime": {"datetime": "2021-09-18 14:57:15", "elapsed": 544.737267, "delta": 3.004914}}
{"target": 0.9053698892528089, "params": {"C": 271.430296868694, "epsilon": 0.35937750924167494, "gamma": 0.09040680838661211}, "datetime": {"datetime": "2021-09-18 14:57:17", "elapsed": 546.723813, "delta": 1.986546}}
{"target": 0.909577296500649, "params": {"C": 292.4959692423708, "epsilon": 0.7855130313473835, "gamma": 0.08653428842458577}, "datetime": {"datetime": "2021-09-18 14:57:21", "elapsed": 550.016784, "delta": 3.292971}}
{"target": 0.897379797833042, "params": {"C": 265.61883459970255, "epsilon": 0.6054723634241107, "gamma": 0.05116202130400824}, "datetime": {"datetime": "2021-09-18 14:57:25", "elapsed": 554.543819, "delta": 4.527035}}
{"target": 0.9102406470469467, "params": {"C": 282.3107276104135, "epsilon": 0.7124954524314266, "gamma": 0.07906523197952559}, "datetime": {"datetime": "2021-09-18 14:57:28", "elapsed": 557.723783, "delta": 3.179964}}
