{"target": -1.9535539423002002, "params": {"C": 86.94884023898578, "epsilon": 0.09814734973796416, "gamma": 0.06720793956420042}, "datetime": {"datetime": "2021-09-19 09:00:32", "elapsed": 74.745514, "delta": 0.551}}
{"target": -2.015752893694355, "params": {"C": 108.67311393602142, "epsilon": 0.057518887377314185, "gamma": 0.03144253755332313}, "datetime": {"datetime": "2021-09-19 09:00:33", "elapsed": 75.640474, "delta": 0.89496}}
{"target": -1.9659899935855996, "params": {"C": 116.90763573602196, "epsilon": 0.08195148241325399, "gamma": 0.03989343570859876}, "datetime": {"datetime": "2021-09-19 09:00:34", "elapsed": 76.404554, "delta": 0.76408}}
{"target": -1.9910798661651863, "params": {"C": 86.95907790161847, "epsilon": 0.05859270026980231, "gamma": 0.07415744658012331}, "datetime": {"datetime": "2021-09-19 09:00:35", "elapsed": 77.269552, "delta": 0.864998}}
{"target": -2.14205710435029, "params": {"C": 115.1693426802974, "epsilon": 0.005, "gamma": 0.02}, "datetime": {"datetime": "2021-09-19 09:00:36", "elapsed": 78.055552, "delta": 0.786}}
{"target": -2.0511330812263124, "params": {"C": 86.41476644429768, "epsilon": 0.12832519620040217, "gamma": 0.0292485874273967}, "datetime": {"datetime": "2021-09-19 09:00:36", "elapsed": 78.597548, "delta": 0.541996}}
{"target": -1.9328575414626936, "params": {"C": 76.40924076710006, "epsilon": 0.015615838603888231, "gamma": 0.06308764079410632}, "datetime": {"datetime": "2021-09-19 09:00:37", "elapsed": 79.143551, "delta": 0.546003}}
{"target": -2.0527899368198685, "params": {"C": 76.43205854559996, "epsilon": 0.03974330409226853, "gamma": 0.08475251937110383}, "datetime": {"datetime": "2021-09-19 09:00:38", "elapsed": 80.010552, "delta": 0.867001}}
{"target": -2.13829258506706, "params": {"C": 76.40118772028558, "epsilon": 0.025996868659269028, "gamma": 0.02399255470421931}, "datetime": {"datetime": "2021-09-19 09:00:39", "elapsed": 80.940552, "delta": 0.93}}
{"target": -2.391492572830614, "params": {"C": 104.42008458430861, "epsilon": 0.2910080417110625, "gamma": 0.13910562303386084}, "datetime": {"datetime": "2021-09-19 09:00:39", "elapsed": 81.498548, "delta": 0.557996}}
{"target": -1.9526360252566055, "params": {"C": 111.9600697910858, "epsilon": 0.1363772355600754, "gamma": 0.06021100532092975}, "datetime": {"datetime": "2021-09-19 09:00:40", "elapsed": 82.065937, "delta": 0.567389}}
{"target": -2.0949346068293586, "params": {"C": 94.94402222982184, "epsilon": 0.017535815960808443, "gamma": 0.08633850828088134}, "datetime": {"datetime": "2021-09-19 09:00:40", "elapsed": 82.864938, "delta": 0.799001}}
{"target": -1.9447805272890402, "params": {"C": 116.92922113374928, "epsilon": 0.06440779642200248, "gamma": 0.05295717251393425}, "datetime": {"datetime": "2021-09-19 09:00:41", "elapsed": 83.760939, "delta": 0.896001}}
{"target": -1.9817924259548287, "params": {"C": 79.2138829314001, "epsilon": 0.20932244304102918, "gamma": 0.04652226113261611}, "datetime": {"datetime": "2021-09-19 09:00:42", "elapsed": 84.33494, "delta": 0.574001}}
{"target": -1.9993457486469162, "params": {"C": 86.91303960782716, "epsilon": 0.10677790947331021, "gamma": 0.040402512161324955}, "datetime": {"datetime": "2021-09-19 09:00:43", "elapsed": 85.257981, "delta": 0.923041}}
{"target": -2.0223961035180165, "params": {"C": 108.64396249572869, "epsilon": 0.10054372928253767, "gamma": 0.03020442937330075}, "datetime": {"datetime": "2021-09-19 09:00:44", "elapsed": 86.415225, "delta": 1.157244}}
{"target": -2.1417348372321126, "params": {"C": 76.38475481436278, "epsilon": 0.015404269713974513, "gamma": 0.09799392326853361}, "datetime": {"datetime": "2021-09-19 09:00:45", "elapsed": 87.355714, "delta": 0.940489}}
{"target": -1.9734729459576554, "params": {"C": 86.94789328151931, "epsilon": 0.1365939755433262, "gamma": 0.07004131188432682}, "datetime": {"datetime": "2021-09-19 09:00:46", "elapsed": 88.169506, "delta": 0.813792}}
{"target": -2.011155530173421, "params": {"C": 86.97733946433686, "epsilon": 0.0929973183862603, "gamma": 0.03667070197998051}, "datetime": {"datetime": "2021-09-19 09:00:47", "elapsed": 88.957758, "delta": 0.788252}}
{"target": -2.0532981763568436, "params": {"C": 101.9244933409172, "epsilon": 0.08864680846435365, "gamma": 0.026613778491252866}, "datetime": {"datetime": "2021-09-19 09:00:47", "elapsed": 89.791267, "delta": 0.833509}}
{"target": -2.1269109567198443, "params": {"C": 75.23231947845655, "epsilon": 0.005279440396786956, "gamma": 0.09620329863283554}, "datetime": {"datetime": "2021-09-19 09:00:48", "elapsed": 90.827007, "delta": 1.03574}}
{"target": -1.9677261025886281, "params": {"C": 102.0407571945303, "epsilon": 0.023924939889848774, "gamma": 0.06868438191817283}, "datetime": {"datetime": "2021-09-19 09:00:50", "elapsed": 91.88954, "delta": 1.062533}}
{"target": -1.9281834182905966, "params": {"C": 102.00297245518021, "epsilon": 0.010170869640700039, "gamma": 0.05540857138015935}, "datetime": {"datetime": "2021-09-19 09:00:50", "elapsed": 92.789658, "delta": 0.900118}}
{"target": -2.060126698879577, "params": {"C": 78.13588620492796, "epsilon": 0.03409819706044729, "gamma": 0.08522869275059393}, "datetime": {"datetime": "2021-09-19 09:00:51", "elapsed": 93.401602, "delta": 0.611944}}
{"target": -1.975047368781331, "params": {"C": 86.90834592391334, "epsilon": 0.06472374835681884, "gamma": 0.07148576068697296}, "datetime": {"datetime": "2021-09-19 09:00:52", "elapsed": 94.256997, "delta": 0.855395}}
{"target": -2.0891494461473967, "params": {"C": 116.90630814460165, "epsilon": 0.045932911596095714, "gamma": 0.022933910584273357}, "datetime": {"datetime": "2021-09-19 09:00:53", "elapsed": 95.150276, "delta": 0.893279}}
{"target": -2.2764028341230182, "params": {"C": 82.50461709484206, "epsilon": 0.07416075661968725, "gamma": 0.12599978520124197}, "datetime": {"datetime": "2021-09-19 09:00:53", "elapsed": 95.744019, "delta": 0.593743}}
{"target": -2.19368877249248, "params": {"C": 86.93885833283181, "epsilon": 0.1289112784281274, "gamma": 0.10527163802821443}, "datetime": {"datetime": "2021-09-19 09:00:54", "elapsed": 96.769537, "delta": 1.025518}}
{"target": -1.9373912524022987, "params": {"C": 75.18277646226564, "epsilon": 0.09003434258467212, "gamma": 0.05584336980387848}, "datetime": {"datetime": "2021-09-19 09:00:55", "elapsed": 97.655944, "delta": 0.886407}}
{"target": -2.0443920593006, "params": {"C": 75.03917975335487, "epsilon": 0.010002377980179882, "gamma": 0.08442722577320057}, "datetime": {"datetime": "2021-09-19 09:00:57", "elapsed": 99.059649, "delta": 1.403705}}
{"target": -2.0822233840949345, "params": {"C": 86.94090924555603, "epsilon": 0.142257960222113, "gamma": 0.02649085692823211}, "datetime": {"datetime": "2021-09-19 09:00:58", "elapsed": 99.978854, "delta": 0.919205}}
{"target": -2.0743806296248883, "params": {"C": 99.61029438388654, "epsilon": 0.2750214842584904, "gamma": 0.02485568732496055}, "datetime": {"datetime": "2021-09-19 09:00:59", "elapsed": 100.943851, "delta": 0.964997}}
{"target": -2.0386958945384017, "params": {"C": 94.99954202587554, "epsilon": 0.009825536274619477, "gamma": 0.07946984482254772}, "datetime": {"datetime": "2021-09-19 09:01:00", "elapsed": 102.180101, "delta": 1.23625}}
{"target": -2.0087905349628494, "params": {"C": 102.0313793687813, "epsilon": 0.005, "gamma": 0.03514460622965658}, "datetime": {"datetime": "2021-09-19 09:01:01", "elapsed": 103.179059, "delta": 0.998958}}
{"target": -1.992420157897486, "params": {"C": 76.35796468568367, "epsilon": 0.024179675775199454, "gamma": 0.07685314973261746}, "datetime": {"datetime": "2021-09-19 09:01:01", "elapsed": 103.835059, "delta": 0.656}}
{"target": -1.936052465108608, "params": {"C": 75.15712131993084, "epsilon": 0.05869018387890627, "gamma": 0.06097691872256411}, "datetime": {"datetime": "2021-09-19 09:01:02", "elapsed": 104.658304, "delta": 0.823245}}
{"target": -1.9901440160942103, "params": {"C": 108.69150791303053, "epsilon": 0.14176915512611032, "gamma": 0.06767753960737193}, "datetime": {"datetime": "2021-09-19 09:01:03", "elapsed": 105.836372, "delta": 1.178068}}
{"target": -1.9956864331903104, "params": {"C": 73.50471882191295, "epsilon": 0.29257957287554553, "gamma": 0.07259629375082619}, "datetime": {"datetime": "2021-09-19 09:01:04", "elapsed": 106.493694, "delta": 0.657322}}
{"target": -2.1724350723716714, "params": {"C": 82.99813917761821, "epsilon": 0.06868030802089896, "gamma": 0.09991975208298909}, "datetime": {"datetime": "2021-09-19 09:01:05", "elapsed": 107.133695, "delta": 0.640001}}
{"target": -2.0177873117941187, "params": {"C": 92.95016137906921, "epsilon": 0.2455376933811402, "gamma": 0.03576800570136453}, "datetime": {"datetime": "2021-09-19 09:01:06", "elapsed": 108.062694, "delta": 0.928999}}
{"target": -1.95106722979678, "params": {"C": 108.32879492823903, "epsilon": 0.22798477573258724, "gamma": 0.05086893759299836}, "datetime": {"datetime": "2021-09-19 09:01:06", "elapsed": 108.76465, "delta": 0.701956}}
{"target": -2.041592374722279, "params": {"C": 72.54595930880825, "epsilon": 0.0940944544541689, "gamma": 0.03310984927578392}, "datetime": {"datetime": "2021-09-19 09:01:07", "elapsed": 109.390694, "delta": 0.626044}}
{"target": -1.975493644495087, "params": {"C": 86.93179195574359, "epsilon": 0.046533299645832124, "gamma": 0.044034962250575696}, "datetime": {"datetime": "2021-09-19 09:01:08", "elapsed": 110.794582, "delta": 1.403888}}
{"target": -2.0101187524646504, "params": {"C": 72.60262229338569, "epsilon": 0.20672306428782752, "gamma": 0.04365584997179918}, "datetime": {"datetime": "2021-09-19 09:01:10", "elapsed": 112.022124, "delta": 1.227542}}
{"target": -2.0017203505887387, "params": {"C": 108.28465494017541, "epsilon": 0.24894122797860632, "gamma": 0.03491240275149375}, "datetime": {"datetime": "2021-09-19 09:01:11", "elapsed": 112.977241, "delta": 0.955117}}
{"target": -2.078715748453616, "params": {"C": 77.98075730705904, "epsilon": 0.2724713996564484, "gamma": 0.0873674928513831}, "datetime": {"datetime": "2021-09-19 09:01:11", "elapsed": 113.636199, "delta": 0.658958}}
{"target": -2.3275010827014015, "params": {"C": 107.52820476855256, "epsilon": 0.17693126812617307, "gamma": 0.12787835453947802}, "datetime": {"datetime": "2021-09-19 09:01:12", "elapsed": 114.30424, "delta": 0.668041}}
{"target": -1.9649899352202909, "params": {"C": 108.2978967923507, "epsilon": 0.18936713081330084, "gamma": 0.04046170982574945}, "datetime": {"datetime": "2021-09-19 09:01:13", "elapsed": 115.330199, "delta": 1.025959}}
{"target": -1.9759255110888707, "params": {"C": 108.3330839641384, "epsilon": 0.19185276854405148, "gamma": 0.06394308409110122}, "datetime": {"datetime": "2021-09-19 09:01:14", "elapsed": 116.312043, "delta": 0.981844}}
{"target": -2.0626978183205713, "params": {"C": 108.29711231555035, "epsilon": 0.18864508180121833, "gamma": 0.07947863723648622}, "datetime": {"datetime": "2021-09-19 09:01:15", "elapsed": 117.385673, "delta": 1.07363}}
{"target": -1.9474213595906813, "params": {"C": 112.67500134731698, "epsilon": 0.08581172830059954, "gamma": 0.04682042269824963}, "datetime": {"datetime": "2021-09-19 09:01:16", "elapsed": 118.362158, "delta": 0.976485}}
{"target": -2.0964857626148428, "params": {"C": 108.34701178278283, "epsilon": 0.2262876151085835, "gamma": 0.02219297361314752}, "datetime": {"datetime": "2021-09-19 09:01:17", "elapsed": 119.600705, "delta": 1.238547}}
{"target": -2.0922986976169313, "params": {"C": 108.33828063502531, "epsilon": 0.2532697641501015, "gamma": 0.08123644133714691}, "datetime": {"datetime": "2021-09-19 09:01:18", "elapsed": 120.699921, "delta": 1.099216}}
{"target": -2.276899701695197, "params": {"C": 80.29390423999467, "epsilon": 0.18855522593002227, "gamma": 0.12448692549566259}, "datetime": {"datetime": "2021-09-19 09:01:19", "elapsed": 121.362465, "delta": 0.662544}}
{"target": -2.1032146015067124, "params": {"C": 92.88690064427068, "epsilon": 0.2151225429082891, "gamma": 0.08812917132202952}, "datetime": {"datetime": "2021-09-19 09:01:20", "elapsed": 122.444978, "delta": 1.082513}}
{"target": -2.0670482028445147, "params": {"C": 108.70549153560722, "epsilon": 0.10017855391551297, "gamma": 0.08032557327806017}, "datetime": {"datetime": "2021-09-19 09:01:21", "elapsed": 123.818836, "delta": 1.373858}}
{"target": -2.110586254359021, "params": {"C": 72.59282989824823, "epsilon": 0.23898311179895584, "gamma": 0.0951781478230394}, "datetime": {"datetime": "2021-09-19 09:01:22", "elapsed": 124.785658, "delta": 0.966822}}
{"target": -1.9927483194381408, "params": {"C": 72.02572513481711, "epsilon": 0.15716819735833662, "gamma": 0.07585217844199572}, "datetime": {"datetime": "2021-09-19 09:01:23", "elapsed": 125.473663, "delta": 0.688005}}
{"target": -2.209929974553216, "params": {"C": 99.63793758960524, "epsilon": 0.26230714859731885, "gamma": 0.1058113960565909}, "datetime": {"datetime": "2021-09-19 09:01:24", "elapsed": 126.742624, "delta": 1.268961}}
{"target": -2.2519754573979527, "params": {"C": 75.85367064759126, "epsilon": 0.2339513507114893, "gamma": 0.11985839937686628}, "datetime": {"datetime": "2021-09-19 09:01:25", "elapsed": 127.427664, "delta": 0.68504}}
{"target": -2.0168694706345756, "params": {"C": 72.64442588181174, "epsilon": 0.20496804151748674, "gamma": 0.04084241449674359}, "datetime": {"datetime": "2021-09-19 09:01:26", "elapsed": 128.555619, "delta": 1.127955}}
{"target": -2.011435485759361, "params": {"C": 94.94968936664854, "epsilon": 0.005770018700906578, "gamma": 0.03539889530733234}, "datetime": {"datetime": "2021-09-19 09:01:28", "elapsed": 130.112151, "delta": 1.556532}}
{"target": -2.0956725260027382, "params": {"C": 92.90008398681304, "epsilon": 0.2615325845041731, "gamma": 0.023568091534500978}, "datetime": {"datetime": "2021-09-19 09:01:29", "elapsed": 131.360349, "delta": 1.248198}}
{"target": -2.207138972842612, "params": {"C": 81.57157426907355, "epsilon": 0.09856037610349401, "gamma": 0.10901118676823911}, "datetime": {"datetime": "2021-09-19 09:01:30", "elapsed": 132.044426, "delta": 0.684077}}
{"target": -2.3724491528359244, "params": {"C": 97.27124909614486, "epsilon": 0.14058276402867304, "gamma": 0.14047786785173824}, "datetime": {"datetime": "2021-09-19 09:01:30", "elapsed": 132.788559, "delta": 0.744133}}
{"target": -1.9517352376987036, "params": {"C": 86.8950514272041, "epsilon": 0.023333810249291802, "gamma": 0.046581891736626975}, "datetime": {"datetime": "2021-09-19 09:01:32", "elapsed": 133.923751, "delta": 1.135192}}
{"target": -2.0304006056775794, "params": {"C": 86.85955297159056, "epsilon": 0.062198690590107575, "gamma": 0.032086345528835075}, "datetime": {"datetime": "2021-09-19 09:01:33", "elapsed": 134.990112, "delta": 1.066361}}
{"target": -1.951302698718956, "params": {"C": 99.62112432260218, "epsilon": 0.20618094050309094, "gamma": 0.057352965527821126}, "datetime": {"datetime": "2021-09-19 09:01:34", "elapsed": 136.35611, "delta": 1.365998}}
{"target": -1.9483708252183842, "params": {"C": 115.12991810498444, "epsilon": 0.005, "gamma": 0.062392517143326526}, "datetime": {"datetime": "2021-09-19 09:01:36", "elapsed": 138.000111, "delta": 1.644001}}
{"target": -2.2770276045585374, "params": {"C": 76.6660093177819, "epsilon": 0.24467433751157727, "gamma": 0.1245489373765503}, "datetime": {"datetime": "2021-09-19 09:01:36", "elapsed": 138.732566, "delta": 0.732455}}
{"target": -1.9619277890664997, "params": {"C": 99.66452391994692, "epsilon": 0.19427273077238905, "gamma": 0.04626161843436677}, "datetime": {"datetime": "2021-09-19 09:01:38", "elapsed": 139.935614, "delta": 1.203048}}
{"target": -2.01862412690286, "params": {"C": 80.19496998450892, "epsilon": 0.27168068255283495, "gamma": 0.03915708200181778}, "datetime": {"datetime": "2021-09-19 09:01:38", "elapsed": 140.676991, "delta": 0.741377}}
{"target": -2.046654669088465, "params": {"C": 86.9180577578896, "epsilon": 0.014937677008797026, "gamma": 0.08188317501514968}, "datetime": {"datetime": "2021-09-19 09:01:40", "elapsed": 142.479427, "delta": 1.802436}}
{"target": -1.9685933202316095, "params": {"C": 116.87655417504223, "epsilon": 0.12147716620054999, "gamma": 0.03873921633031629}, "datetime": {"datetime": "2021-09-19 09:01:41", "elapsed": 143.866154, "delta": 1.386727}}
{"target": -2.16278096195683, "params": {"C": 99.6468063869611, "epsilon": 0.19694523109018883, "gamma": 0.09470372515997078}, "datetime": {"datetime": "2021-09-19 09:01:43", "elapsed": 145.15065, "delta": 1.284496}}
{"target": -1.9783773957109507, "params": {"C": 119.0255453432991, "epsilon": 0.14484363666482614, "gamma": 0.03591640316278761}, "datetime": {"datetime": "2021-09-19 09:01:44", "elapsed": 145.916276, "delta": 0.765626}}
{"target": -2.117642352807803, "params": {"C": 116.88806365785781, "epsilon": 0.07291580171785031, "gamma": 0.08410761693310528}, "datetime": {"datetime": "2021-09-19 09:01:45", "elapsed": 147.18279, "delta": 1.266514}}
{"target": -1.9690152109535661, "params": {"C": 99.58896809541027, "epsilon": 0.22350527807365653, "gamma": 0.04194764496551706}, "datetime": {"datetime": "2021-09-19 09:01:46", "elapsed": 148.349351, "delta": 1.166561}}
{"target": -2.046947098862708, "params": {"C": 99.63900762443296, "epsilon": 0.22298162878353753, "gamma": 0.027294315791251914}, "datetime": {"datetime": "2021-09-19 09:01:48", "elapsed": 150.064302, "delta": 1.714951}}
{"target": -2.0816595630177432, "params": {"C": 99.68836331976408, "epsilon": 0.15386854789411336, "gamma": 0.024605344094890347}, "datetime": {"datetime": "2021-09-19 09:01:49", "elapsed": 151.260486, "delta": 1.196184}}
{"target": -1.9857555616865863, "params": {"C": 99.61120421010325, "epsilon": 0.17800864750789896, "gamma": 0.0389822108005612}, "datetime": {"datetime": "2021-09-19 09:01:50", "elapsed": 152.635613, "delta": 1.375127}}
{"target": -2.0069093185882347, "params": {"C": 99.56075602654784, "epsilon": 0.18850649056122704, "gamma": 0.03601598568650316}, "datetime": {"datetime": "2021-09-19 09:01:51", "elapsed": 153.755639, "delta": 1.120026}}
{"target": -2.1415960669506022, "params": {"C": 72.6337935028231, "epsilon": 0.24250551728901157, "gamma": 0.020051362010318874}, "datetime": {"datetime": "2021-09-19 09:01:53", "elapsed": 155.271646, "delta": 1.516007}}
{"target": -2.161009591195611, "params": {"C": 86.92438430881631, "epsilon": 0.012675390695377518, "gamma": 0.020186937733302705}, "datetime": {"datetime": "2021-09-19 09:01:54", "elapsed": 156.616603, "delta": 1.344957}}
{"target": -2.03000327786622, "params": {"C": 108.32457729070401, "epsilon": 0.15476445407957504, "gamma": 0.0286535337405026}, "datetime": {"datetime": "2021-09-19 09:01:56", "elapsed": 158.152602, "delta": 1.535999}}
{"target": -2.0282949106043078, "params": {"C": 99.58035068911819, "epsilon": 0.20316424015189163, "gamma": 0.07600360759289645}, "datetime": {"datetime": "2021-09-19 09:01:57", "elapsed": 159.683448, "delta": 1.530846}}
{"target": -1.9380023648111742, "params": {"C": 108.65326544444753, "epsilon": 0.01894513426636017, "gamma": 0.055258592728828396}, "datetime": {"datetime": "2021-09-19 09:01:59", "elapsed": 161.074974, "delta": 1.391526}}
{"target": -2.0341403551783666, "params": {"C": 119.46895086372666, "epsilon": 0.2805635178251316, "gamma": 0.02717759673278336}, "datetime": {"datetime": "2021-09-19 09:02:00", "elapsed": 161.889501, "delta": 0.814527}}
{"target": -2.094684548847327, "params": {"C": 108.63933156191054, "epsilon": 0.01263479754046881, "gamma": 0.08363547810410482}, "datetime": {"datetime": "2021-09-19 09:02:01", "elapsed": 163.142114, "delta": 1.252613}}
{"target": -2.005428228580476, "params": {"C": 108.62808938907227, "epsilon": 0.038291546793555245, "gamma": 0.034587413316394505}, "datetime": {"datetime": "2021-09-19 09:02:03", "elapsed": 164.896134, "delta": 1.75402}}
{"target": -1.960394508298585, "params": {"C": 116.91300898677846, "epsilon": 0.14337659682783868, "gamma": 0.06088649825885066}, "datetime": {"datetime": "2021-09-19 09:02:04", "elapsed": 166.277132, "delta": 1.380998}}
{"target": -1.940074792993606, "params": {"C": 116.88001685521432, "epsilon": 0.16644205945739243, "gamma": 0.04939289495890994}, "datetime": {"datetime": "2021-09-19 09:02:05", "elapsed": 167.672418, "delta": 1.395286}}
{"target": -2.057472421176808, "params": {"C": 108.68079197752765, "epsilon": 0.141604906431386, "gamma": 0.025412086375811865}, "datetime": {"datetime": "2021-09-19 09:02:07", "elapsed": 168.921124, "delta": 1.248706}}
{"target": -1.940887794572881, "params": {"C": 116.91378046592368, "epsilon": 0.17399658119938294, "gamma": 0.0497816692423895}, "datetime": {"datetime": "2021-09-19 09:02:08", "elapsed": 170.498241, "delta": 1.577117}}
{"target": -2.0438158028622246, "params": {"C": 116.91351056464379, "epsilon": 0.20426695438288447, "gamma": 0.07516174312532543}, "datetime": {"datetime": "2021-09-19 09:02:09", "elapsed": 171.735587, "delta": 1.237346}}
{"target": -2.0307969778231594, "params": {"C": 108.67833397024029, "epsilon": 0.010772152160646357, "gamma": 0.029358217932435784}, "datetime": {"datetime": "2021-09-19 09:02:11", "elapsed": 173.591317, "delta": 1.85573}}
{"target": -2.0000026184289426, "params": {"C": 90.66157426833226, "epsilon": 0.09828387061355565, "gamma": 0.0394526500998222}, "datetime": {"datetime": "2021-09-19 09:02:12", "elapsed": 174.414607, "delta": 0.82329}}
{"target": -2.017944741561479, "params": {"C": 118.71043928570354, "epsilon": 0.2133048718151559, "gamma": 0.07062066693751634}, "datetime": {"datetime": "2021-09-19 09:02:13", "elapsed": 175.310415, "delta": 0.895808}}
{"target": -1.950441046537378, "params": {"C": 86.98930014909322, "epsilon": 0.13224266093467915, "gamma": 0.06477595487925406}, "datetime": {"datetime": "2021-09-19 09:02:14", "elapsed": 176.781707, "delta": 1.471292}}
{"target": -2.1186260433079673, "params": {"C": 116.86238866354726, "epsilon": 0.13672418462615601, "gamma": 0.08455190084778934}, "datetime": {"datetime": "2021-09-19 09:02:16", "elapsed": 178.156762, "delta": 1.375055}}
