{"target": 0.9163151328570586, "params": {"C": 483.1042123280354, "epsilon": 0.1765202025790674, "gamma": 0.04794567594399126}, "datetime": {"datetime": "2021-09-18 15:38:55", "elapsed": 638.014193, "delta": 4.915746}}
{"target": 0.9000070946307933, "params": {"C": 478.3115933827713, "epsilon": 0.5440034266506865, "gamma": 0.07603009233030457}, "datetime": {"datetime": "2021-09-18 15:38:57", "elapsed": 639.823115, "delta": 1.808922}}
{"target": 0.8807061849655831, "params": {"C": 422.08675200233404, "epsilon": 0.20873012054867726, "gamma": 0.10112139755646364}, "datetime": {"datetime": "2021-09-18 15:39:00", "elapsed": 643.638749, "delta": 3.815634}}
{"target": 0.9204640777655044, "params": {"C": 382.7196024433447, "epsilon": 0.3020536331878461, "gamma": 0.03334095924900883}, "datetime": {"datetime": "2021-09-18 15:39:04", "elapsed": 646.79555, "delta": 3.156801}}
{"target": 0.9180004082714276, "params": {"C": 308.32388323331077, "epsilon": 0.8431207707851854, "gamma": 0.0373238781409735}, "datetime": {"datetime": "2021-09-18 15:39:07", "elapsed": 650.696139, "delta": 3.900589}}
{"target": 0.9153413014678238, "params": {"C": 419.1809493908498, "epsilon": 0.9599065774890749, "gamma": 0.02940797267283831}, "datetime": {"datetime": "2021-09-18 15:39:10", "elapsed": 653.50888, "delta": 2.812741}}
{"target": 0.9055798255905854, "params": {"C": 340.66788153472066, "epsilon": 0.5088081691711066, "gamma": 0.02}, "datetime": {"datetime": "2021-09-18 15:39:14", "elapsed": 657.349367, "delta": 3.840487}}
{"target": 0.8825404715400758, "params": {"C": 483.09445287696565, "epsilon": 0.2583327205444853, "gamma": 0.0929302098900202}, "datetime": {"datetime": "2021-09-18 15:39:17", "elapsed": 660.321326, "delta": 2.971959}}
{"target": 0.9124887340604342, "params": {"C": 583.4044009405148, "epsilon": 0.7259180035733149, "gamma": 0.020014868726254836}, "datetime": {"datetime": "2021-09-18 16:48:30", "elapsed": 0.0, "delta": 0.0}}
{"target": 0.9205289436329898, "params": {"C": 560.466514526368, "epsilon": 0.16382077300077078, "gamma": 0.03200401731994371}, "datetime": {"datetime": "2021-09-18 16:48:30", "elapsed": 0.150004, "delta": 0.150004}}
{"target": 0.9029704131592245, "params": {"C": 537.2520422755342, "epsilon": 0.3586495125021868, "gamma": 0.07157977164998709}, "datetime": {"datetime": "2021-09-18 16:48:30", "elapsed": 0.267014, "delta": 0.11701}}
{"target": 0.8616079182993737, "params": {"C": 607.7633468006713, "epsilon": 0.4308106241152289, "gamma": 0.10907853505157875}, "datetime": {"datetime": "2021-09-18 16:48:30", "elapsed": 0.357968, "delta": 0.090954}}
{"target": 0.9117798926682995, "params": {"C": 540.8904499463035, "epsilon": 0.8805550876631265, "gamma": 0.023560387115730403}, "datetime": {"datetime": "2021-09-18 16:48:30", "elapsed": 0.467999, "delta": 0.110031}}
{"target": 0.8692761815624309, "params": {"C": 634.0935020356804, "epsilon": 0.42895870631978444, "gamma": 0.09262967769794772}, "datetime": {"datetime": "2021-09-18 16:48:31", "elapsed": 0.572004, "delta": 0.104005}}
{"target": 0.8579192866927353, "params": {"C": 528.0773877190468, "epsilon": 0.2141394593031812, "gamma": 0.12409679392781978}, "datetime": {"datetime": "2021-09-18 16:48:31", "elapsed": 0.681965, "delta": 0.109961}}
{"target": 0.8556756467471331, "params": {"C": 693.6523151438795, "epsilon": 0.327155694596058, "gamma": 0.11000194003701083}, "datetime": {"datetime": "2021-09-18 16:48:31", "elapsed": 0.787969, "delta": 0.106004}}
{"target": 0.9222320578255679, "params": {"C": 675.2778304592076, "epsilon": 0.8967145302337703, "gamma": 0.03105574747807113}, "datetime": {"datetime": "2021-09-18 16:48:31", "elapsed": 0.890964, "delta": 0.102995}}
{"target": 0.8533975562651233, "params": {"C": 507.81095664657647, "epsilon": 0.1864338111732775, "gamma": 0.1341585254458237}, "datetime": {"datetime": "2021-09-18 16:48:31", "elapsed": 0.998965, "delta": 0.108001}}
{"target": 0.9064752794981998, "params": {"C": 663.5175269063533, "epsilon": 1.0, "gamma": 0.02}, "datetime": {"datetime": "2021-09-18 16:48:31", "elapsed": 1.215964, "delta": 0.216999}}
{"target": 0.8494335306525262, "params": {"C": 571.625332584977, "epsilon": 0.9348889619953035, "gamma": 0.14845025843300552}, "datetime": {"datetime": "2021-09-18 16:48:31", "elapsed": 1.409964, "delta": 0.194}}
{"target": 0.882263635203149, "params": {"C": 670.373511653347, "epsilon": 0.828474152946581, "gamma": 0.0780413675994823}, "datetime": {"datetime": "2021-09-18 16:48:32", "elapsed": 1.63197, "delta": 0.222006}}
{"target": 0.9231888093552554, "params": {"C": 678.3689097409402, "epsilon": 0.998984503377071, "gamma": 0.03807782711426499}, "datetime": {"datetime": "2021-09-18 16:48:32", "elapsed": 1.918964, "delta": 0.286994}}
{"target": 0.8972165471842095, "params": {"C": 555.4887213405617, "epsilon": 0.3831506144416462, "gamma": 0.0738120580318502}, "datetime": {"datetime": "2021-09-18 16:48:32", "elapsed": 2.21188, "delta": 0.292916}}
{"target": 0.9162845478650338, "params": {"C": 589.0359183620749, "epsilon": 0.5380104629860896, "gamma": 0.055218007519591404}, "datetime": {"datetime": "2021-09-18 16:48:33", "elapsed": 2.518921, "delta": 0.307041}}
{"target": 0.9213482250967026, "params": {"C": 656.6250499071006, "epsilon": 0.9098224488524216, "gamma": 0.04693425991672468}, "datetime": {"datetime": "2021-09-18 16:48:33", "elapsed": 2.780922, "delta": 0.262001}}
{"target": 0.9102238596604688, "params": {"C": 650.4536931759187, "epsilon": 0.08892003570611562, "gamma": 0.022941374197120716}, "datetime": {"datetime": "2021-09-18 16:48:33", "elapsed": 3.098343, "delta": 0.317421}}
{"target": 0.8509896680352477, "params": {"C": 595.565632649463, "epsilon": 0.9891787201092114, "gamma": 0.14344970591651607}, "datetime": {"datetime": "2021-09-18 16:48:33", "elapsed": 3.274816, "delta": 0.176473}}
{"target": 0.898694285501479, "params": {"C": 547.0738011771084, "epsilon": 0.04798930971311191, "gamma": 0.07700630099987074}, "datetime": {"datetime": "2021-09-18 16:48:34", "elapsed": 3.58285, "delta": 0.308034}}
{"target": 0.8492042986047565, "params": {"C": 621.1495947667968, "epsilon": 0.9958212643354414, "gamma": 0.1473962167048749}, "datetime": {"datetime": "2021-09-18 16:48:34", "elapsed": 3.762561, "delta": 0.179711}}
{"target": 0.8480779649903752, "params": {"C": 643.9466077383579, "epsilon": 1.0, "gamma": 0.15}, "datetime": {"datetime": "2021-09-18 16:48:34", "elapsed": 3.962525, "delta": 0.199964}}
{"target": 0.8569306494364226, "params": {"C": 683.6174703232612, "epsilon": 0.09900324769619682, "gamma": 0.10645157517652706}, "datetime": {"datetime": "2021-09-18 16:48:34", "elapsed": 4.317984, "delta": 0.355459}}
{"target": 0.8688838599617998, "params": {"C": 659.6887265721714, "epsilon": 0.06662011662436904, "gamma": 0.09319786271894416}, "datetime": {"datetime": "2021-09-18 16:48:35", "elapsed": 4.654941, "delta": 0.336957}}
{"target": 0.8595817144592311, "params": {"C": 654.1475111217944, "epsilon": 0.8591963766518649, "gamma": 0.11432974767842113}, "datetime": {"datetime": "2021-09-18 16:48:35", "elapsed": 4.868982, "delta": 0.214041}}
{"target": 0.8627477022868251, "params": {"C": 622.7249321435767, "epsilon": 0.5662440577283363, "gamma": 0.10496889963923138}, "datetime": {"datetime": "2021-09-18 16:48:35", "elapsed": 5.03598, "delta": 0.166998}}
{"target": 0.9199908914007988, "params": {"C": 676.8734763984381, "epsilon": 0.8385211682536622, "gamma": 0.04970359069280938}, "datetime": {"datetime": "2021-09-18 16:48:35", "elapsed": 5.326982, "delta": 0.291002}}
{"target": 0.9199618301288254, "params": {"C": 558.606615604373, "epsilon": 0.04561669770420427, "gamma": 0.03662694442365254}, "datetime": {"datetime": "2021-09-18 16:48:36", "elapsed": 5.69298, "delta": 0.365998}}
{"target": 0.9226847897946651, "params": {"C": 586.4119267680923, "epsilon": 0.623752062741549, "gamma": 0.03838091834029628}, "datetime": {"datetime": "2021-09-18 16:48:36", "elapsed": 6.007937, "delta": 0.314957}}
{"target": 0.8613546308854252, "params": {"C": 562.9646930582551, "epsilon": 0.9216063312952918, "gamma": 0.11156366180587081}, "datetime": {"datetime": "2021-09-18 16:48:36", "elapsed": 6.244982, "delta": 0.237045}}
{"target": 0.9082257951372612, "params": {"C": 543.3618970123998, "epsilon": 0.038331888887129295, "gamma": 0.06719098999625839}, "datetime": {"datetime": "2021-09-18 16:48:37", "elapsed": 6.591938, "delta": 0.346956}}
{"target": 0.8796502885299056, "params": {"C": 673.6903409485129, "epsilon": 0.048567115680571565, "gamma": 0.08226861320484592}, "datetime": {"datetime": "2021-09-18 16:48:37", "elapsed": 6.967359, "delta": 0.375421}}
{"target": 0.9160446360523938, "params": {"C": 585.0376874090832, "epsilon": 0.10130931381794586, "gamma": 0.050310418802680855}, "datetime": {"datetime": "2021-09-18 16:48:37", "elapsed": 7.322401, "delta": 0.355042}}
{"target": 0.8468771615358134, "params": {"C": 580.6242808201213, "epsilon": 0.02, "gamma": 0.15}, "datetime": {"datetime": "2021-09-18 16:48:38", "elapsed": 7.689318, "delta": 0.366917}}
{"target": 0.9061665559390876, "params": {"C": 679.7364380828608, "epsilon": 0.02, "gamma": 0.02}, "datetime": {"datetime": "2021-09-18 16:48:38", "elapsed": 8.090118, "delta": 0.4008}}
{"target": 0.8750080339290491, "params": {"C": 665.9126965811574, "epsilon": 0.10289926682860567, "gamma": 0.08609916758384237}, "datetime": {"datetime": "2021-09-18 16:48:39", "elapsed": 8.483074, "delta": 0.392956}}
{"target": 0.8591296342640868, "params": {"C": 559.5023474775433, "epsilon": 0.9899673189519659, "gamma": 0.12076224993532596}, "datetime": {"datetime": "2021-09-18 16:48:39", "elapsed": 8.733431, "delta": 0.250357}}
{"target": 0.9137128554050251, "params": {"C": 677.8852454545454, "epsilon": 0.028710351853575063, "gamma": 0.05081652285200956}, "datetime": {"datetime": "2021-09-18 16:48:39", "elapsed": 9.14143, "delta": 0.407999}}
{"target": 0.9129730304875376, "params": {"C": 587.6545292406355, "epsilon": 0.23680792137931214, "gamma": 0.05894794918090065}, "datetime": {"datetime": "2021-09-18 16:48:40", "elapsed": 9.511143, "delta": 0.369713}}
{"target": 0.9125164397165186, "params": {"C": 557.4969657726381, "epsilon": 0.06107711612352165, "gamma": 0.02522605246892655}, "datetime": {"datetime": "2021-09-18 16:48:40", "elapsed": 9.866145, "delta": 0.355002}}
{"target": 0.8697843138387247, "params": {"C": 676.1470361734885, "epsilon": 0.050243378383288004, "gamma": 0.09086374240337086}, "datetime": {"datetime": "2021-09-18 16:48:40", "elapsed": 10.264916, "delta": 0.398771}}
{"target": 0.9227425337604952, "params": {"C": 585.4293712580129, "epsilon": 0.927297980705189, "gamma": 0.04352519535648223}, "datetime": {"datetime": "2021-09-18 16:48:41", "elapsed": 10.620873, "delta": 0.355957}}
{"target": 0.8498595438532919, "params": {"C": 657.1761925460697, "epsilon": 0.0774264027974213, "gamma": 0.13535001076068398}, "datetime": {"datetime": "2021-09-18 16:48:41", "elapsed": 10.985063, "delta": 0.36419}}
{"target": 0.875313505823896, "params": {"C": 677.6721236342619, "epsilon": 0.8339637483148117, "gamma": 0.08273066469210993}, "datetime": {"datetime": "2021-09-18 16:48:41", "elapsed": 11.287099, "delta": 0.302036}}
{"target": 0.8571548121337663, "params": {"C": 604.0943085771987, "epsilon": 0.8300975397537312, "gamma": 0.12261938958868566}, "datetime": {"datetime": "2021-09-18 16:48:41", "elapsed": 11.469194, "delta": 0.182095}}
{"target": 0.8536129107876067, "params": {"C": 539.6198370911978, "epsilon": 0.36664880485876544, "gamma": 0.13440477434105277}, "datetime": {"datetime": "2021-09-18 16:48:42", "elapsed": 11.717318, "delta": 0.248124}}
{"target": 0.9216835674526489, "params": {"C": 652.569557736417, "epsilon": 0.47887573420255314, "gamma": 0.04548004907550013}, "datetime": {"datetime": "2021-09-18 16:48:42", "elapsed": 11.981308, "delta": 0.26399}}
{"target": 0.9142900348409082, "params": {"C": 666.776347479768, "epsilon": 0.14154676243952266, "gamma": 0.024705774364897622}, "datetime": {"datetime": "2021-09-18 16:48:42", "elapsed": 12.256777, "delta": 0.275469}}
{"target": 0.9154920022057298, "params": {"C": 598.9475345558329, "epsilon": 0.8561867020274683, "gamma": 0.025081706415846425}, "datetime": {"datetime": "2021-09-18 16:48:43", "elapsed": 12.510778, "delta": 0.254001}}
{"target": 0.9226215602490324, "params": {"C": 550.9454021389836, "epsilon": 0.8485803015966984, "gamma": 0.03698538554568362}, "datetime": {"datetime": "2021-09-18 16:48:43", "elapsed": 12.769786, "delta": 0.259008}}
{"target": 0.8526011689678997, "params": {"C": 650.9405674539097, "epsilon": 0.2516489986516673, "gamma": 0.13377476575152986}, "datetime": {"datetime": "2021-09-18 16:48:43", "elapsed": 13.004773, "delta": 0.234987}}
{"target": 0.8526865479642445, "params": {"C": 503.105607570319, "epsilon": 0.7801022532128313, "gamma": 0.13974792881987608}, "datetime": {"datetime": "2021-09-18 16:48:43", "elapsed": 13.188778, "delta": 0.184005}}
{"target": 0.8528408360273495, "params": {"C": 662.1739440859442, "epsilon": 0.752301144569481, "gamma": 0.13563876965502006}, "datetime": {"datetime": "2021-09-18 16:48:43", "elapsed": 13.401297, "delta": 0.212519}}
{"target": 0.8487864827996116, "params": {"C": 619.2797815726012, "epsilon": 0.4765723353349208, "gamma": 0.14852704463009236}, "datetime": {"datetime": "2021-09-18 16:48:44", "elapsed": 13.613298, "delta": 0.212001}}
{"target": 0.8975763514053595, "params": {"C": 553.7355498257377, "epsilon": 0.6699026462032485, "gamma": 0.0732652409695407}, "datetime": {"datetime": "2021-09-18 16:48:44", "elapsed": 13.850776, "delta": 0.237478}}
{"target": 0.9148306755078971, "params": {"C": 516.7026888940294, "epsilon": 0.2182233015980556, "gamma": 0.058716962490975036}, "datetime": {"datetime": "2021-09-18 16:48:44", "elapsed": 14.145537, "delta": 0.294761}}
{"target": 0.9229524662465866, "params": {"C": 513.3187514426297, "epsilon": 0.5184443287852726, "gamma": 0.03406845207529213}, "datetime": {"datetime": "2021-09-18 16:48:44", "elapsed": 14.422676, "delta": 0.277139}}
{"target": 0.8944580028403957, "params": {"C": 571.7726584124647, "epsilon": 0.14962261306830427, "gamma": 0.07772419340959073}, "datetime": {"datetime": "2021-09-18 16:48:45", "elapsed": 14.742961, "delta": 0.320285}}
{"target": 0.8632915903491993, "params": {"C": 631.0622229653575, "epsilon": 0.2643177783093182, "gamma": 0.10357056350286736}, "datetime": {"datetime": "2021-09-18 16:48:45", "elapsed": 15.021961, "delta": 0.279}}
{"target": 0.8521341332118855, "params": {"C": 698.3927235402523, "epsilon": 0.8606325404382332, "gamma": 0.13760867778289265}, "datetime": {"datetime": "2021-09-18 16:48:45", "elapsed": 15.235962, "delta": 0.214001}}
{"target": 0.9186815266360117, "params": {"C": 591.0395884496279, "epsilon": 0.518390318611286, "gamma": 0.051532196571812364}, "datetime": {"datetime": "2021-09-18 16:48:46", "elapsed": 15.542393, "delta": 0.306431}}
{"target": 0.8490203297171821, "params": {"C": 508.4407832239098, "epsilon": 0.6644876209860552, "gamma": 0.14885210580543068}, "datetime": {"datetime": "2021-09-18 16:48:46", "elapsed": 15.769353, "delta": 0.22696}}
{"target": 0.8525682694708049, "params": {"C": 511.73694482243224, "epsilon": 0.03332810742803327, "gamma": 0.13261379510496765}, "datetime": {"datetime": "2021-09-18 16:48:46", "elapsed": 16.051792, "delta": 0.282439}}
{"target": 0.8507847830395197, "params": {"C": 521.7279080428661, "epsilon": 0.8191043999567778, "gamma": 0.1467018471782391}, "datetime": {"datetime": "2021-09-18 16:48:46", "elapsed": 16.269798, "delta": 0.218006}}
{"target": 0.8896530489799095, "params": {"C": 674.3494003655937, "epsilon": 0.19502326851393076, "gamma": 0.07444220624638546}, "datetime": {"datetime": "2021-09-18 16:48:47", "elapsed": 16.598156, "delta": 0.328358}}
{"target": 0.8677708625861097, "params": {"C": 514.382430898812, "epsilon": 0.1729850992358091, "gamma": 0.10807276684679736}, "datetime": {"datetime": "2021-09-18 16:48:47", "elapsed": 16.888956, "delta": 0.2908}}
{"target": 0.8678367056933055, "params": {"C": 625.4882809316474, "epsilon": 0.3061013920633255, "gamma": 0.0959041375409681}, "datetime": {"datetime": "2021-09-18 16:48:47", "elapsed": 17.186956, "delta": 0.298}}
{"target": 0.8772311598424191, "params": {"C": 613.5104321296245, "epsilon": 0.2898188667115895, "gamma": 0.08661734560152577}, "datetime": {"datetime": "2021-09-18 16:48:48", "elapsed": 17.488955, "delta": 0.301999}}
{"target": 0.9194725114344913, "params": {"C": 690.5068862626697, "epsilon": 0.2636125946370675, "gamma": 0.027101796785778832}, "datetime": {"datetime": "2021-09-18 16:48:48", "elapsed": 17.815354, "delta": 0.326399}}
{"target": 0.8662255150620995, "params": {"C": 551.460355581919, "epsilon": 0.7466770418873242, "gamma": 0.10593279602161618}, "datetime": {"datetime": "2021-09-18 16:48:48", "elapsed": 18.102635, "delta": 0.287281}}
{"target": 0.9139947484488764, "params": {"C": 503.40210922881886, "epsilon": 0.30745585895187, "gamma": 0.06050796686755018}, "datetime": {"datetime": "2021-09-18 16:48:48", "elapsed": 18.408425, "delta": 0.30579}}
{"target": 0.9227342143990486, "params": {"C": 517.2496280109247, "epsilon": 0.5562617663047039, "gamma": 0.03885409498248214}, "datetime": {"datetime": "2021-09-18 16:48:49", "elapsed": 18.699418, "delta": 0.290993}}
{"target": 0.86413570348577, "params": {"C": 565.8888856118239, "epsilon": 0.7190776388124688, "gamma": 0.10852113994668276}, "datetime": {"datetime": "2021-09-18 16:48:49", "elapsed": 18.957459, "delta": 0.258041}}
{"target": 0.919825965279235, "params": {"C": 695.5933733028281, "epsilon": 0.16819628471146558, "gamma": 0.035540987789832584}, "datetime": {"datetime": "2021-09-18 16:48:49", "elapsed": 19.409086, "delta": 0.451627}}
{"target": 0.9179176193273209, "params": {"C": 581.2258018258952, "epsilon": 0.11767126384953709, "gamma": 0.04287351779094031}, "datetime": {"datetime": "2021-09-18 16:48:50", "elapsed": 19.824768, "delta": 0.415682}}
{"target": 0.878765834892803, "params": {"C": 536.9323561386317, "epsilon": 0.898444981456814, "gamma": 0.08783651159928385}, "datetime": {"datetime": "2021-09-18 16:48:50", "elapsed": 20.11802, "delta": 0.293252}}
{"target": 0.9147094844907206, "params": {"C": 543.4657209247323, "epsilon": 0.2961015963317914, "gamma": 0.057760653524778924}, "datetime": {"datetime": "2021-09-18 16:48:50", "elapsed": 20.437029, "delta": 0.319009}}
{"target": 0.8605940767991171, "params": {"C": 517.0665678985339, "epsilon": 0.4369353882604922, "gamma": 0.12032285451667746}, "datetime": {"datetime": "2021-09-18 16:48:51", "elapsed": 21.008619, "delta": 0.57159}}
{"target": 0.89207000870631, "params": {"C": 601.1444929290825, "epsilon": 0.9901498278958766, "gamma": 0.07231823446071872}, "datetime": {"datetime": "2021-09-18 16:48:51", "elapsed": 21.290621, "delta": 0.282002}}
{"target": 0.8558725121376535, "params": {"C": 664.4460911223171, "epsilon": 0.4870432419856969, "gamma": 0.11443880313023534}, "datetime": {"datetime": "2021-09-18 16:48:52", "elapsed": 21.638402, "delta": 0.347781}}
{"target": 0.871693814050716, "params": {"C": 591.6675699240287, "epsilon": 0.9698959565427407, "gamma": 0.09397572853444792}, "datetime": {"datetime": "2021-09-18 16:48:52", "elapsed": 21.908305, "delta": 0.269903}}
{"target": 0.9230228645542826, "params": {"C": 578.6406092263161, "epsilon": 0.6895466789488968, "gamma": 0.03796534986710688}, "datetime": {"datetime": "2021-09-18 16:48:52", "elapsed": 22.310445, "delta": 0.40214}}
{"target": 0.9080510434036326, "params": {"C": 526.8935230606323, "epsilon": 0.9398648407183046, "gamma": 0.02123126018515624}, "datetime": {"datetime": "2021-09-18 16:48:53", "elapsed": 22.60369, "delta": 0.293245}}
{"target": 0.8681672565576928, "params": {"C": 563.6077469888135, "epsilon": 0.8099680468853687, "gamma": 0.10157457977640913}, "datetime": {"datetime": "2021-09-18 16:48:53", "elapsed": 22.880081, "delta": 0.276391}}
{"target": 0.8823411286024401, "params": {"C": 535.354750515645, "epsilon": 0.2250290989069852, "gamma": 0.08897805560673029}, "datetime": {"datetime": "2021-09-18 16:48:53", "elapsed": 23.21708, "delta": 0.336999}}
{"target": 0.8690892959773793, "params": {"C": 665.0825930063556, "epsilon": 0.13749404827780753, "gamma": 0.09258015132381815}, "datetime": {"datetime": "2021-09-18 16:48:54", "elapsed": 23.592081, "delta": 0.375001}}
{"target": 0.8515469993649918, "params": {"C": 642.035137076864, "epsilon": 0.4671734481467294, "gamma": 0.1390432187462127}, "datetime": {"datetime": "2021-09-18 16:48:54", "elapsed": 23.88234, "delta": 0.290259}}
{"target": 0.8513101253035804, "params": {"C": 602.2776006002679, "epsilon": 0.7165412599956024, "gamma": 0.14129495211533935}, "datetime": {"datetime": "2021-09-18 16:48:54", "elapsed": 24.1683, "delta": 0.28596}}
{"target": 0.868622566176015, "params": {"C": 619.1485754096456, "epsilon": 0.9514061083667206, "gamma": 0.09723452475419003}, "datetime": {"datetime": "2021-09-18 16:48:54", "elapsed": 24.442497, "delta": 0.274197}}
{"target": 0.8701104097860225, "params": {"C": 666.2190806474298, "epsilon": 0.843523458152815, "gamma": 0.0898735657828407}, "datetime": {"datetime": "2021-09-18 16:48:55", "elapsed": 24.733248, "delta": 0.290751}}
{"target": 0.9219286118403364, "params": {"C": 506.03686650581045, "epsilon": 0.2579719958034531, "gamma": 0.03458486914296885}, "datetime": {"datetime": "2021-09-18 16:48:55", "elapsed": 25.142458, "delta": 0.40921}}
{"target": 0.8524128524176904, "params": {"C": 658.5244097500056, "epsilon": 0.1580850644728686, "gamma": 0.12299400809612078}, "datetime": {"datetime": "2021-09-18 16:48:56", "elapsed": 25.484422, "delta": 0.341964}}
{"target": 0.89375602468212, "params": {"C": 634.8687026234776, "epsilon": 0.7434361030212753, "gamma": 0.07175997573070662}, "datetime": {"datetime": "2021-09-18 16:48:56", "elapsed": 25.847353, "delta": 0.362931}}
