{"target": -4.934998376253137, "params": {"C": 69.85929222141684, "epsilon": 6.761387281948934, "gamma": 0.3602811844115288}, "datetime": {"datetime": "2021-09-18 10:36:41", "elapsed": 781.202358, "delta": 2.15239}}
{"target": -2.725518490110323, "params": {"C": 32.34775535890226, "epsilon": 1.0516630340115556, "gamma": 0.35444535774843083}, "datetime": {"datetime": "2021-09-18 10:36:42", "elapsed": 783.184443, "delta": 1.982085}}
{"target": -2.6447316342029294, "params": {"C": 12.544981266884985, "epsilon": 0.553758886086481, "gamma": 0.2219442098773524}, "datetime": {"datetime": "2021-09-18 10:36:44", "elapsed": 785.037495, "delta": 1.853052}}
{"target": -2.4561012006363976, "params": {"C": 25.119967794603127, "epsilon": 1.335342229891167, "gamma": 0.03228056552997229}, "datetime": {"datetime": "2021-09-18 10:36:46", "elapsed": 787.05592, "delta": 2.018425}}
{"target": -3.592646611577563, "params": {"C": 49.44838248756837, "epsilon": 1.8856619351425477, "gamma": 0.001}, "datetime": {"datetime": "2021-09-18 10:36:51", "elapsed": 791.369294, "delta": 4.313374}}
{"target": -2.741311232903073, "params": {"C": 40.25215329284311, "epsilon": 1.3814264034075188, "gamma": 0.34151561702090744}, "datetime": {"datetime": "2021-09-18 10:36:54", "elapsed": 794.546873, "delta": 3.177579}}
{"target": -2.8239523177931987, "params": {"C": 27.00022238951093, "epsilon": 0.22252798663432885, "gamma": 0.48096854498624575}, "datetime": {"datetime": "2021-09-18 10:36:59", "elapsed": 799.8224, "delta": 5.275527}}
{"target": -4.521006623678086, "params": {"C": 62.17703348168058, "epsilon": 5.301225252765761, "gamma": 0.49679520072439487}, "datetime": {"datetime": "2021-09-18 10:37:01", "elapsed": 801.745841, "delta": 1.923441}}
{"target": -2.6798993607726955, "params": {"C": 49.25853886425562, "epsilon": 1.2257967810304946, "gamma": 0.31329326220452103}, "datetime": {"datetime": "2021-09-18 10:37:05", "elapsed": 805.546162, "delta": 3.800321}}
{"target": -2.24836790100083, "params": {"C": 38.21233999949516, "epsilon": 0.11949367764982605, "gamma": 0.15980967809623559}, "datetime": {"datetime": "2021-09-18 10:37:09", "elapsed": 809.951872, "delta": 4.40571}}
{"target": -2.8542421496892105, "params": {"C": 38.1455480289277, "epsilon": 0.001, "gamma": 0.4949914174078781}, "datetime": {"datetime": "2021-09-18 10:37:12", "elapsed": 813.178427, "delta": 3.226555}}
{"target": -2.8338604345324674, "params": {"C": 26.90812144618442, "epsilon": 0.0663451364070337, "gamma": 0.49184153106077505}, "datetime": {"datetime": "2021-09-18 10:37:14", "elapsed": 815.039989, "delta": 1.861562}}
{"target": -2.835935909993058, "params": {"C": 26.897502569101906, "epsilon": 0.06479905439828061, "gamma": 0.49294259137934526}, "datetime": {"datetime": "2021-09-18 10:37:16", "elapsed": 817.009196, "delta": 1.969207}}
{"target": -3.24708679009202, "params": {"C": 49.335606582115524, "epsilon": 2.3817190214642814, "gamma": 0.46628338862699703}, "datetime": {"datetime": "2021-09-18 10:37:20", "elapsed": 820.904737, "delta": 3.895541}}
{"target": -3.556891212036001, "params": {"C": 46.32562615556225, "epsilon": 1.0384405021599248, "gamma": 0.001}, "datetime": {"datetime": "2021-09-18 10:37:26", "elapsed": 826.306625, "delta": 5.401888}}
{"target": -3.3374983375915988, "params": {"C": 48.33663309225094, "epsilon": 3.6979114929874277, "gamma": 0.3147298877611126}, "datetime": {"datetime": "2021-09-18 10:37:28", "elapsed": 828.278397, "delta": 1.971772}}
{"target": -3.6748930072470576, "params": {"C": 32.700085028974264, "epsilon": 0.8365095267258673, "gamma": 0.001}, "datetime": {"datetime": "2021-09-18 10:37:32", "elapsed": 832.349044, "delta": 4.070647}}
{"target": -2.199902411366126, "params": {"C": 43.83877461507728, "epsilon": 1.1754069830700158, "gamma": 0.05383532804735761}, "datetime": {"datetime": "2021-09-18 10:37:37", "elapsed": 837.96431, "delta": 5.615266}}
{"target": -2.435301316239164, "params": {"C": 44.228710708984046, "epsilon": 1.4316363969389077, "gamma": 0.1929804983807877}, "datetime": {"datetime": "2021-09-18 10:37:41", "elapsed": 841.864692, "delta": 3.900382}}
{"target": -2.7538520671449596, "params": {"C": 41.474863220576495, "epsilon": 0.1932697514726156, "gamma": 0.44172319271289745}, "datetime": {"datetime": "2021-09-18 10:37:43", "elapsed": 843.850506, "delta": 1.985814}}
{"target": -2.356289235331476, "params": {"C": 43.82168890602508, "epsilon": 1.5445578598943064, "gamma": 0.03292173575600258}, "datetime": {"datetime": "2021-09-18 10:37:48", "elapsed": 848.217681, "delta": 4.367175}}
{"target": -2.640632018011249, "params": {"C": 43.73102517625237, "epsilon": 1.4847055150744832, "gamma": 0.280283411806726}, "datetime": {"datetime": "2021-09-18 10:37:51", "elapsed": 852.10174, "delta": 3.884059}}
{"target": -2.2025070511657137, "params": {"C": 44.209253911912484, "epsilon": 1.1270192114258828, "gamma": 0.047998480163710916}, "datetime": {"datetime": "2021-09-18 10:37:56", "elapsed": 856.904293, "delta": 4.802553}}
{"target": -2.3666747497834755, "params": {"C": 50.61458927943523, "epsilon": 2.452318718274431, "gamma": 0.041990633009007114}, "datetime": {"datetime": "2021-09-18 10:37:59", "elapsed": 860.062651, "delta": 3.158358}}
{"target": -3.60198946618193, "params": {"C": 68.37053592954092, "epsilon": 5.18983635974735, "gamma": 0.16137260319672656}, "datetime": {"datetime": "2021-09-18 10:38:01", "elapsed": 861.953871, "delta": 1.89122}}
{"target": -2.189909402096751, "params": {"C": 44.63911971399218, "epsilon": 1.6364653450594069, "gamma": 0.06908441629274059}, "datetime": {"datetime": "2021-09-18 10:38:05", "elapsed": 865.379978, "delta": 3.426107}}
{"target": -3.6091111314058364, "params": {"C": 44.96696799464924, "epsilon": 1.7652580707334327, "gamma": 0.001}, "datetime": {"datetime": "2021-09-18 10:38:09", "elapsed": 869.452713, "delta": 4.072735}}
{"target": -2.291926755021672, "params": {"C": 44.28009403563626, "epsilon": 1.7042886093221103, "gamma": 0.0388673105824505}, "datetime": {"datetime": "2021-09-18 10:38:13", "elapsed": 873.260431, "delta": 3.807718}}
{"target": -2.4945595127484737, "params": {"C": 44.63894608205536, "epsilon": 1.419382152514, "gamma": 0.21294300865700705}, "datetime": {"datetime": "2021-09-18 10:38:19", "elapsed": 879.989463, "delta": 6.729032}}
{"target": -2.8278226844132903, "params": {"C": 44.737284663522836, "epsilon": 0.4396580854399971, "gamma": 0.45162760916204586}, "datetime": {"datetime": "2021-09-18 10:38:23", "elapsed": 883.839998, "delta": 3.850535}}
{"target": -4.290823188056645, "params": {"C": 36.66201275196161, "epsilon": 6.634058830002066, "gamma": 0.1321422172396573}, "datetime": {"datetime": "2021-09-18 10:38:25", "elapsed": 885.984032, "delta": 2.144034}}
{"target": -2.322984549466429, "params": {"C": 49.8587516492243, "epsilon": 2.370272194555102, "gamma": 0.09037855537774357}, "datetime": {"datetime": "2021-09-18 10:38:28", "elapsed": 889.190159, "delta": 3.206127}}
{"target": -2.792277486899146, "params": {"C": 50.180894775148964, "epsilon": 2.670049032562553, "gamma": 0.24200287592176742}, "datetime": {"datetime": "2021-09-18 10:38:33", "elapsed": 893.576735, "delta": 4.386576}}
{"target": -2.8380254694498244, "params": {"C": 9.018606101214028, "epsilon": 2.696441069751498, "gamma": 0.019753837346620933}, "datetime": {"datetime": "2021-09-18 10:38:35", "elapsed": 895.593519, "delta": 2.016784}}
{"target": -2.6937763784715028, "params": {"C": 43.8983223440299, "epsilon": 0.8361495758212075, "gamma": 0.006122460429572229}, "datetime": {"datetime": "2021-09-18 10:38:39", "elapsed": 899.493935, "delta": 3.900416}}
{"target": -3.6354436037228286, "params": {"C": 66.25649743811927, "epsilon": 3.457740146480752, "gamma": 0.47569507512878734}, "datetime": {"datetime": "2021-09-18 10:38:41", "elapsed": 901.659231, "delta": 2.165296}}
{"target": -2.447585040515696, "params": {"C": 32.38447429093662, "epsilon": 1.5210438694738067, "gamma": 0.02952281790801873}, "datetime": {"datetime": "2021-09-18 10:38:45", "elapsed": 905.592366, "delta": 3.933135}}
{"target": -3.4497227591112924, "params": {"C": 68.47773941762188, "epsilon": 0.001, "gamma": 0.001}, "datetime": {"datetime": "2021-09-18 10:38:50", "elapsed": 911.04353, "delta": 5.451164}}
{"target": -2.8682973167536114, "params": {"C": 50.78256185509695, "epsilon": 4.453227561854842, "gamma": 0.08446163252059762}, "datetime": {"datetime": "2021-09-18 10:38:53", "elapsed": 913.315623, "delta": 2.272093}}
{"target": -2.7519963103668075, "params": {"C": 32.61191233815911, "epsilon": 1.4108450532404615, "gamma": 0.34728954402499057}, "datetime": {"datetime": "2021-09-18 10:38:59", "elapsed": 919.576938, "delta": 6.261315}}
{"target": -3.3483159942790515, "params": {"C": 12.115905218066704, "epsilon": 2.2468686946743204, "gamma": 0.41286429410960956}, "datetime": {"datetime": "2021-09-18 10:39:01", "elapsed": 921.756435, "delta": 2.179497}}
{"target": -2.542889483075732, "params": {"C": 63.04296610483141, "epsilon": 3.3790061290138675, "gamma": 0.07688616803870917}, "datetime": {"datetime": "2021-09-18 10:39:03", "elapsed": 923.901245, "delta": 2.14481}}
{"target": -2.864732468900541, "params": {"C": 17.985684884828274, "epsilon": 0.39909340749930217, "gamma": 0.4063397793602064}, "datetime": {"datetime": "2021-09-18 10:39:05", "elapsed": 926.043369, "delta": 2.142124}}
{"target": -3.0295254985619384, "params": {"C": 18.713234264867868, "epsilon": 0.9956574339872424, "gamma": 0.44221182399522607}, "datetime": {"datetime": "2021-09-18 10:39:07", "elapsed": 928.164086, "delta": 2.120717}}
{"target": -2.1969103159207615, "params": {"C": 36.766179064397804, "epsilon": 0.1641804948162798, "gamma": 0.14057700698091516}, "datetime": {"datetime": "2021-09-18 10:39:10", "elapsed": 930.474849, "delta": 2.310763}}
{"target": -3.098013821354545, "params": {"C": 19.19835573352655, "epsilon": 2.8235538563072438, "gamma": 0.3497032558172313}, "datetime": {"datetime": "2021-09-18 10:39:12", "elapsed": 932.69219, "delta": 2.217341}}
{"target": -2.3706378838585134, "params": {"C": 36.93721730026574, "epsilon": 0.34273874654433717, "gamma": 0.2355717662945692}, "datetime": {"datetime": "2021-09-18 10:39:18", "elapsed": 938.328653, "delta": 5.636463}}
{"target": -2.754544006000753, "params": {"C": 36.69986524229416, "epsilon": 0.3796578386201817, "gamma": 0.43563150081850116}, "datetime": {"datetime": "2021-09-18 10:39:21", "elapsed": 941.843945, "delta": 3.515292}}
{"target": -2.8223558473735406, "params": {"C": 37.268523398726565, "epsilon": 0.1131838361271955, "gamma": 0.4787668269309672}, "datetime": {"datetime": "2021-09-18 10:39:25", "elapsed": 945.956105, "delta": 4.11216}}
{"target": -2.5725495758971517, "params": {"C": 40.09193246844451, "epsilon": 1.9559887563930909, "gamma": 0.012354759682141933}, "datetime": {"datetime": "2021-09-18 10:39:30", "elapsed": 950.846958, "delta": 4.890853}}
{"target": -2.497195758479029, "params": {"C": 44.521889285277716, "epsilon": 1.2003330369434735, "gamma": 0.021840230102356795}, "datetime": {"datetime": "2021-09-18 10:39:34", "elapsed": 955.081926, "delta": 4.234968}}
{"target": -2.44973495347244, "params": {"C": 46.928852105646115, "epsilon": 2.8014734773493433, "gamma": 0.09125648981458888}, "datetime": {"datetime": "2021-09-18 10:39:38", "elapsed": 959.085271, "delta": 4.003345}}
{"target": -2.4081866388207063, "params": {"C": 47.248586802886706, "epsilon": 2.5774406542807076, "gamma": 0.045135197745225265}, "datetime": {"datetime": "2021-09-18 10:39:42", "elapsed": 962.383451, "delta": 3.29818}}
{"target": -2.9953277459104357, "params": {"C": 47.505545630452175, "epsilon": 2.799960365062993, "gamma": 0.3132618858817939}, "datetime": {"datetime": "2021-09-18 10:39:49", "elapsed": 969.998396, "delta": 7.614945}}
{"target": -2.4739865153961773, "params": {"C": 30.43086446934199, "epsilon": 0.4761830734230747, "gamma": 0.28296434070733084}, "datetime": {"datetime": "2021-09-18 10:39:52", "elapsed": 972.261714, "delta": 2.263318}}
{"target": -2.8609930344765404, "params": {"C": 47.03003036578913, "epsilon": 2.420555441436356, "gamma": 0.3097737760304213}, "datetime": {"datetime": "2021-09-18 10:39:56", "elapsed": 976.576404, "delta": 4.31469}}
{"target": -2.9468651039937264, "params": {"C": 30.59427203019106, "epsilon": 0.8256315961849288, "gamma": 0.4837104713232463}, "datetime": {"datetime": "2021-09-18 10:40:02", "elapsed": 982.83745, "delta": 6.261046}}
{"target": -3.014601913712154, "params": {"C": 48.55792530533885, "epsilon": 3.301695645053465, "gamma": 0.2306243108726476}, "datetime": {"datetime": "2021-09-18 10:40:04", "elapsed": 985.105493, "delta": 2.268043}}
{"target": -2.922765748344948, "params": {"C": 25.04156518230626, "epsilon": 1.4307808759217924, "gamma": 0.4383403920432603}, "datetime": {"datetime": "2021-09-18 10:40:09", "elapsed": 989.240001, "delta": 4.134508}}
{"target": -2.7805441340320627, "params": {"C": 24.061392932014154, "epsilon": 1.9871552409467426, "gamma": 0.3367260267276923}, "datetime": {"datetime": "2021-09-18 10:40:13", "elapsed": 993.795586, "delta": 4.555585}}
{"target": -2.4603453812062654, "params": {"C": 46.03983409810752, "epsilon": 2.4209195453629806, "gamma": 0.031210745659048186}, "datetime": {"datetime": "2021-09-18 10:40:17", "elapsed": 997.433307, "delta": 3.637721}}
{"target": -2.763740802300846, "params": {"C": 52.02359676600052, "epsilon": 1.9116678876458015, "gamma": 0.3178000661155583}, "datetime": {"datetime": "2021-09-18 10:40:22", "elapsed": 1002.535127, "delta": 5.10182}}
{"target": -3.6429842043380565, "params": {"C": 36.711536977146174, "epsilon": 0.46334505650498026, "gamma": 0.001}, "datetime": {"datetime": "2021-09-18 10:40:27", "elapsed": 1007.926738, "delta": 5.391611}}
{"target": -2.42380172408746, "params": {"C": 21.692356675937297, "epsilon": 0.221559720694369, "gamma": 0.2623083986202206}, "datetime": {"datetime": "2021-09-18 10:40:33", "elapsed": 1014.056912, "delta": 6.130174}}
{"target": -4.442254809454518, "params": {"C": 36.09877918636056, "epsilon": 6.913179732512553, "gamma": 0.1275979803709869}, "datetime": {"datetime": "2021-09-18 10:40:36", "elapsed": 1016.335542, "delta": 2.27863}}
{"target": -3.406058668767584, "params": {"C": 29.5532334247285, "epsilon": 3.516177364118563, "gamma": 0.3874559435648113}, "datetime": {"datetime": "2021-09-18 10:40:38", "elapsed": 1018.720731, "delta": 2.385189}}
{"target": -2.775869134751615, "params": {"C": 22.0157492825983, "epsilon": 0.45749782106354153, "gamma": 0.4199552301647459}, "datetime": {"datetime": "2021-09-18 10:40:42", "elapsed": 1022.978127, "delta": 4.257396}}
{"target": -3.7451317452237247, "params": {"C": 25.807986347476444, "epsilon": 0.001, "gamma": 0.001}, "datetime": {"datetime": "2021-09-18 10:40:50", "elapsed": 1030.829233, "delta": 7.851106}}
{"target": -3.061894130297923, "params": {"C": 64.72800891087232, "epsilon": 3.087529611689414, "gamma": 0.27737381474999534}, "datetime": {"datetime": "2021-09-18 10:40:56", "elapsed": 1036.384369, "delta": 5.555136}}
{"target": -2.914635093159428, "params": {"C": 46.885889056365095, "epsilon": 3.2092188420266816, "gamma": 0.21283741775654838}, "datetime": {"datetime": "2021-09-18 10:41:02", "elapsed": 1042.322627, "delta": 5.938258}}
{"target": -3.5569059502023315, "params": {"C": 44.866525971970994, "epsilon": 0.001, "gamma": 0.001}, "datetime": {"datetime": "2021-09-18 10:41:07", "elapsed": 1048.036981, "delta": 5.714354}}
{"target": -2.5542773462171895, "params": {"C": 45.07817617838452, "epsilon": 1.4344144254012257, "gamma": 0.2398100628473214}, "datetime": {"datetime": "2021-09-18 10:41:10", "elapsed": 1050.439661, "delta": 2.40268}}
{"target": -2.4459622317143292, "params": {"C": 65.16762281166207, "epsilon": 3.7549540908949868, "gamma": 0.03431647418798848}, "datetime": {"datetime": "2021-09-18 10:41:16", "elapsed": 1056.588556, "delta": 6.148895}}
{"target": -2.6331335135236817, "params": {"C": 36.93530771899857, "epsilon": 0.04615958314886206, "gamma": 0.3629569466271695}, "datetime": {"datetime": "2021-09-18 10:41:22", "elapsed": 1062.994731, "delta": 6.406175}}
{"target": -2.606923686578602, "params": {"C": 18.167164478589488, "epsilon": 0.7234933648100114, "gamma": 0.3052057146278097}, "datetime": {"datetime": "2021-09-18 10:41:25", "elapsed": 1065.338108, "delta": 2.343377}}
{"target": -3.4916719333820905, "params": {"C": 65.04169446573204, "epsilon": 3.6458801707199675, "gamma": 0.3812712265732594}, "datetime": {"datetime": "2021-09-18 10:41:31", "elapsed": 1071.344748, "delta": 6.00664}}
{"target": -2.8102497026822846, "params": {"C": 37.695868848122274, "epsilon": 0.3312940133285429, "gamma": 0.46171730280171497}, "datetime": {"datetime": "2021-09-18 10:41:33", "elapsed": 1073.768027, "delta": 2.423279}}
{"target": -3.7263891375614056, "params": {"C": 46.53129058451183, "epsilon": 2.490783308044453, "gamma": 0.001}, "datetime": {"datetime": "2021-09-18 10:41:42", "elapsed": 1083.101573, "delta": 9.333546}}
{"target": -2.3060674964148378, "params": {"C": 50.53603253458111, "epsilon": 2.1458483462129623, "gamma": 0.045202638319177514}, "datetime": {"datetime": "2021-09-18 10:41:48", "elapsed": 1088.278865, "delta": 5.177292}}
{"target": -2.93990059270852, "params": {"C": 21.50547968040073, "epsilon": 0.001, "gamma": 0.5}, "datetime": {"datetime": "2021-09-18 10:41:52", "elapsed": 1093.046626, "delta": 4.767761}}
{"target": -2.5769066089922052, "params": {"C": 25.142557026246667, "epsilon": 1.3410270233543953, "gamma": 0.013811886270696055}, "datetime": {"datetime": "2021-09-18 10:41:55", "elapsed": 1095.425547, "delta": 2.378921}}
{"target": -3.4633459972589953, "params": {"C": 56.27665035269305, "epsilon": 1.080514707713893, "gamma": 0.001034198070386121}, "datetime": {"datetime": "2021-09-18 10:59:51", "elapsed": 0.0, "delta": 0.0}}
{"target": -2.247300893000828, "params": {"C": 47.67494294738798, "epsilon": 0.22021916063658784, "gamma": 0.02860923983587054}, "datetime": {"datetime": "2021-09-18 10:59:51", "elapsed": 0.041001, "delta": 0.041001}}
{"target": -2.180806675920622, "params": {"C": 38.96951585332532, "epsilon": 0.5184065344918674, "gamma": 0.1196334747949703}, "datetime": {"datetime": "2021-09-18 10:59:51", "elapsed": 0.083001, "delta": 0.042}}
{"target": -2.3858671101542424, "params": {"C": 65.41125505025177, "epsilon": 0.6288498521535019, "gamma": 0.20588063061863107}, "datetime": {"datetime": "2021-09-18 10:59:51", "elapsed": 0.127988, "delta": 0.044987}}
{"target": -2.625059679312016, "params": {"C": 40.33391872986381, "epsilon": 1.317188342842779, "gamma": 0.009188890366179921}, "datetime": {"datetime": "2021-09-18 10:59:51", "elapsed": 0.152989, "delta": 0.025001}}
{"target": -2.271477732018996, "params": {"C": 75.28506326338017, "epsilon": 0.6260154730704537, "gamma": 0.16804825870527973}, "datetime": {"datetime": "2021-09-18 10:59:51", "elapsed": 0.199991, "delta": 0.047002}}
{"target": -2.3824620842677753, "params": {"C": 35.52902039464253, "epsilon": 0.29723242347840967, "gamma": 0.24042262603398545}, "datetime": {"datetime": "2021-09-18 10:59:51", "elapsed": 0.242992, "delta": 0.043001}}
{"target": -2.445206922866866, "params": {"C": 97.61961817895481, "epsilon": 0.4702049248210483, "gamma": 0.2080044620851249}, "datetime": {"datetime": "2021-09-18 10:59:51", "elapsed": 0.294988, "delta": 0.051996}}
{"target": -2.3186260100592118, "params": {"C": 90.72918642220287, "epsilon": 1.3419205345894205, "gamma": 0.026428219199563594}, "datetime": {"datetime": "2021-09-18 10:59:51", "elapsed": 0.322032, "delta": 0.027044}}
{"target": -2.4050065936775753, "params": {"C": 27.929108742466177, "epsilon": 0.2548286463048969, "gamma": 0.26356460852539454}, "datetime": {"datetime": "2021-09-18 10:59:51", "elapsed": 0.362037, "delta": 0.040005}}
{"target": -2.515533854449001, "params": {"C": 53.188028557325, "epsilon": 1.184838814685536, "gamma": 0.23255962372649094}, "datetime": {"datetime": "2021-09-18 10:59:51", "elapsed": 0.451989, "delta": 0.089952}}
{"target": -2.159731655589256, "params": {"C": 64.92234402380629, "epsilon": 1.1810972748034967, "gamma": 0.053295032659443624}, "datetime": {"datetime": "2021-09-18 10:59:51", "elapsed": 0.553993, "delta": 0.102004}}
{"target": -3.494766919415378, "params": {"C": 63.793784583412716, "epsilon": 1.5, "gamma": 0.001}, "datetime": {"datetime": "2021-09-18 10:59:52", "elapsed": 0.869488, "delta": 0.315495}}
{"target": -2.3580085477074566, "params": {"C": 97.59562418715895, "epsilon": 0.5235110265398879, "gamma": 0.17603166362260214}, "datetime": {"datetime": "2021-09-18 10:59:52", "elapsed": 0.98345, "delta": 0.113962}}
{"target": -2.1305735728510227, "params": {"C": 79.46920389109152, "epsilon": 1.0929451595746529, "gamma": 0.05921172144310029}, "datetime": {"datetime": "2021-09-18 10:59:52", "elapsed": 1.0835, "delta": 0.10005}}
{"target": -2.45686902700058, "params": {"C": 79.63186943403414, "epsilon": 0.6428416816471516, "gamma": 0.22900345208033457}, "datetime": {"datetime": "2021-09-18 10:59:52", "elapsed": 1.379448, "delta": 0.295948}}
{"target": -2.2329815000888837, "params": {"C": 96.65841816558965, "epsilon": 0.9961407166214873, "gamma": 0.1417454713388255}, "datetime": {"datetime": "2021-09-18 10:59:52", "elapsed": 1.482441, "delta": 0.102993}}
{"target": -2.6528811387109474, "params": {"C": 61.65495421561399, "epsilon": 1.2617838927310376, "gamma": 0.29374146307100857}, "datetime": {"datetime": "2021-09-18 10:59:52", "elapsed": 1.570472, "delta": 0.088031}}
{"target": -3.394350535052348, "params": {"C": 97.25688614762578, "epsilon": 1.0037390913140767, "gamma": 0.001}, "datetime": {"datetime": "2021-09-18 10:59:53", "elapsed": 1.754444, "delta": 0.183972}}
{"target": -2.3797669103492787, "params": {"C": 79.20622524180999, "epsilon": 1.067667213478641, "gamma": 0.17674030319869666}, "datetime": {"datetime": "2021-09-18 10:59:53", "elapsed": 1.998443, "delta": 0.243999}}
