{"target": -10.726285098582455, "params": {"C": 615.2130789450648, "epsilon": 0.4067251779359067, "gamma": 0.01418221388441053}, "datetime": {"datetime": "2021-09-27 18:03:32", "elapsed": 140.389674, "delta": 1.292996}}
{"target": -10.467626074305766, "params": {"C": 556.8225071649908, "epsilon": 0.8266355862384164, "gamma": 0.023597626391222763}, "datetime": {"datetime": "2021-09-27 18:03:33", "elapsed": 141.786323, "delta": 1.396649}}
{"target": -15.046100856501482, "params": {"C": 552.2208971411086, "epsilon": 0.7545143380639088, "gamma": 0.11171022335433559}, "datetime": {"datetime": "2021-09-27 18:03:34", "elapsed": 142.803026, "delta": 1.016703}}
{"target": -10.786833788091132, "params": {"C": 615.3031070292116, "epsilon": 0.36458630332101044, "gamma": 0.04042293275138299}, "datetime": {"datetime": "2021-09-27 18:03:36", "elapsed": 144.116204, "delta": 1.313178}}
{"target": -16.097604311594555, "params": {"C": 618.7323926623486, "epsilon": 0.3708352506468387, "gamma": 0.2819306028630522}, "datetime": {"datetime": "2021-09-27 18:03:37", "elapsed": 144.97221, "delta": 0.856006}}
{"target": -10.724127278131524, "params": {"C": 525.5676811183974, "epsilon": 0.8007716163648018, "gamma": 0.012061218824611298}, "datetime": {"datetime": "2021-09-27 18:03:38", "elapsed": 146.222462, "delta": 1.250252}}
{"target": -10.430125381615936, "params": {"C": 675.3259732976735, "epsilon": 0.556737103852208, "gamma": 0.0175884378687107}, "datetime": {"datetime": "2021-09-27 18:03:39", "elapsed": 147.263964, "delta": 1.041502}}
{"target": -10.344771804780287, "params": {"C": 556.7258591624919, "epsilon": 0.6396274568056936, "gamma": 0.021847609819129588}, "datetime": {"datetime": "2021-09-27 18:03:40", "elapsed": 148.685962, "delta": 1.421998}}
{"target": -10.602400208167518, "params": {"C": 675.2272113185145, "epsilon": 0.5995218016227966, "gamma": 0.0358559855864148}, "datetime": {"datetime": "2021-09-27 18:03:41", "elapsed": 149.713119, "delta": 1.027157}}
{"target": -11.07704229558444, "params": {"C": 639.4989525895014, "epsilon": 0.9482872345968889, "gamma": 0.01}, "datetime": {"datetime": "2021-09-27 18:03:43", "elapsed": 151.040122, "delta": 1.327003}}
{"target": -12.489936966899206, "params": {"C": 563.6196946216694, "epsilon": 0.4875750621407401, "gamma": 0.06634682813590266}, "datetime": {"datetime": "2021-09-27 18:03:44", "elapsed": 152.63775, "delta": 1.597628}}
{"target": -10.833500488126742, "params": {"C": 556.7945231475004, "epsilon": 0.1488419238496862, "gamma": 0.023169271669435366}, "datetime": {"datetime": "2021-09-27 18:03:45", "elapsed": 153.761959, "delta": 1.124209}}
{"target": -11.13627100621708, "params": {"C": 675.3572211016979, "epsilon": 0.6788338939851108, "gamma": 0.044192147719265586}, "datetime": {"datetime": "2021-09-27 18:03:47", "elapsed": 155.106958, "delta": 1.344999}}
{"target": -10.448238796352282, "params": {"C": 525.4509564629766, "epsilon": 0.8010441473342994, "gamma": 0.02489853024629464}, "datetime": {"datetime": "2021-09-27 18:03:48", "elapsed": 156.663109, "delta": 1.556151}}
{"target": -11.02733262549463, "params": {"C": 650.0049891660967, "epsilon": 0.6094589380438618, "gamma": 0.04296654242933494}, "datetime": {"datetime": "2021-09-27 18:03:49", "elapsed": 157.71594, "delta": 1.052831}}
{"target": -10.806420187766241, "params": {"C": 675.2355270106189, "epsilon": 0.30079715006508645, "gamma": 0.019015927926482934}, "datetime": {"datetime": "2021-09-27 18:03:51", "elapsed": 159.768118, "delta": 2.052178}}
{"target": -15.0542440794224, "params": {"C": 649.9108740503648, "epsilon": 0.5000398973748572, "gamma": 0.1126440530003084}, "datetime": {"datetime": "2021-09-27 18:03:53", "elapsed": 160.929367, "delta": 1.161249}}
{"target": -10.33099671171471, "params": {"C": 639.6575684618913, "epsilon": 0.8508057867316672, "gamma": 0.02581101237076653}, "datetime": {"datetime": "2021-09-27 18:03:54", "elapsed": 162.588556, "delta": 1.659189}}
{"target": -15.369881389291113, "params": {"C": 619.6072906130872, "epsilon": 0.4156532360624152, "gamma": 0.18153381177505973}, "datetime": {"datetime": "2021-09-27 18:03:55", "elapsed": 163.687334, "delta": 1.098778}}
{"target": -14.954619428618168, "params": {"C": 639.6326544766811, "epsilon": 0.8703822727834871, "gamma": 0.10408426666126236}, "datetime": {"datetime": "2021-09-27 18:03:57", "elapsed": 165.273563, "delta": 1.586229}}
{"target": -10.338815510954298, "params": {"C": 639.6531714065629, "epsilon": 0.784870199288947, "gamma": 0.0191020364714908}, "datetime": {"datetime": "2021-09-27 18:03:59", "elapsed": 166.848171, "delta": 1.574608}}
{"target": -10.743843347674261, "params": {"C": 556.6607543736397, "epsilon": 0.14056817772944508, "gamma": 0.025810397977042362}, "datetime": {"datetime": "2021-09-27 18:04:00", "elapsed": 168.34444, "delta": 1.496269}}
{"target": -15.786325673168403, "params": {"C": 657.7622915674865, "epsilon": 0.39694674626366955, "gamma": 0.23991104316470607}, "datetime": {"datetime": "2021-09-27 18:04:01", "elapsed": 169.48526, "delta": 1.14082}}
{"target": -15.113060061287642, "params": {"C": 556.6779390835925, "epsilon": 0.21383865888103454, "gamma": 0.17405633872099535}, "datetime": {"datetime": "2021-09-27 18:04:03", "elapsed": 171.046253, "delta": 1.560993}}
{"target": -12.145628194803356, "params": {"C": 556.5535335563225, "epsilon": 0.04596551690605044, "gamma": 0.06630838362627298}, "datetime": {"datetime": "2021-09-27 18:04:04", "elapsed": 172.687559, "delta": 1.641306}}
{"target": -11.586970791908929, "params": {"C": 674.694718961912, "epsilon": 0.4348486659149153, "gamma": 0.049836833797159516}, "datetime": {"datetime": "2021-09-27 18:04:06", "elapsed": 174.5603, "delta": 1.872741}}
{"target": -10.594607413712815, "params": {"C": 613.4564628390195, "epsilon": 0.8226682084880866, "gamma": 0.013063625955173502}, "datetime": {"datetime": "2021-09-27 18:04:09", "elapsed": 176.884762, "delta": 2.324462}}
{"target": -10.513850622176038, "params": {"C": 586.758334459958, "epsilon": 0.3002281381825777, "gamma": 0.023743215756259844}, "datetime": {"datetime": "2021-09-27 18:04:10", "elapsed": 178.503918, "delta": 1.619156}}
{"target": -10.815925906054192, "params": {"C": 586.7762043475112, "epsilon": 0.16484890672091168, "gamma": 0.02272617841818248}, "datetime": {"datetime": "2021-09-27 18:04:12", "elapsed": 180.392161, "delta": 1.888243}}
{"target": -15.332036809865505, "params": {"C": 586.7475555600794, "epsilon": 0.20331157930821572, "gamma": 0.19224699246764185}, "datetime": {"datetime": "2021-09-27 18:04:14", "elapsed": 182.091145, "delta": 1.698984}}
{"target": -11.161366892513184, "params": {"C": 571.2927615316379, "epsilon": 0.3385366369553993, "gamma": 0.01}, "datetime": {"datetime": "2021-09-27 18:04:15", "elapsed": 183.734337, "delta": 1.643192}}
{"target": -10.360459492870358, "params": {"C": 639.786539543973, "epsilon": 0.7553871871752799, "gamma": 0.025829014676146712}, "datetime": {"datetime": "2021-09-27 18:04:17", "elapsed": 184.940336, "delta": 1.205999}}
{"target": -11.83682433982701, "params": {"C": 639.7748082803573, "epsilon": 0.8421668383741204, "gamma": 0.052562161065898644}, "datetime": {"datetime": "2021-09-27 18:04:19", "elapsed": 186.943859, "delta": 2.003523}}
{"target": -10.972403044102142, "params": {"C": 650.0864362323712, "epsilon": 0.7041499546964208, "gamma": 0.01}, "datetime": {"datetime": "2021-09-27 18:04:20", "elapsed": 188.44463, "delta": 1.500771}}
{"target": -13.206630704778085, "params": {"C": 650.2051524039055, "epsilon": 0.5628191723054043, "gamma": 0.07076263638705242}, "datetime": {"datetime": "2021-09-27 18:04:22", "elapsed": 190.220043, "delta": 1.775413}}
{"target": -10.54729515565167, "params": {"C": 639.7433364775424, "epsilon": 0.5976841231910488, "gamma": 0.03533138878917519}, "datetime": {"datetime": "2021-09-27 18:04:24", "elapsed": 192.209626, "delta": 1.989583}}
{"target": -16.287039333616583, "params": {"C": 697.629142318188, "epsilon": 0.9170437530341334, "gamma": 0.2907570252391027}, "datetime": {"datetime": "2021-09-27 18:04:25", "elapsed": 193.660625, "delta": 1.450999}}
{"target": -15.130458625338289, "params": {"C": 639.8108654360813, "epsilon": 0.5476825573915716, "gamma": 0.11866996857804775}, "datetime": {"datetime": "2021-09-27 18:04:27", "elapsed": 195.087625, "delta": 1.427}}
{"target": -10.349396974339223, "params": {"C": 674.8154872468027, "epsilon": 0.38757748950400794, "gamma": 0.031885078647749185}, "datetime": {"datetime": "2021-09-27 18:04:28", "elapsed": 196.818942, "delta": 1.731317}}
{"target": -14.72576257606108, "params": {"C": 650.0941098986186, "epsilon": 0.9638745761521218, "gamma": 0.0927165141232727}, "datetime": {"datetime": "2021-09-27 18:04:29", "elapsed": 197.687654, "delta": 0.868712}}
{"target": -10.360699500478061, "params": {"C": 639.6396094236154, "epsilon": 0.6835877525680658, "gamma": 0.01757941874966975}, "datetime": {"datetime": "2021-09-27 18:04:31", "elapsed": 198.953663, "delta": 1.266009}}
{"target": -11.539898653314594, "params": {"C": 563.6721614207809, "epsilon": 0.7683854753791823, "gamma": 0.05104688596190737}, "datetime": {"datetime": "2021-09-27 18:04:32", "elapsed": 200.638834, "delta": 1.685171}}
{"target": -10.358391016713341, "params": {"C": 615.0262971672987, "epsilon": 0.7806644601136996, "gamma": 0.017252512714956966}, "datetime": {"datetime": "2021-09-27 18:04:34", "elapsed": 202.486678, "delta": 1.847844}}
{"target": -12.344709678826126, "params": {"C": 529.9567482218104, "epsilon": 0.9884121413853861, "gamma": 0.05942321658001189}, "datetime": {"datetime": "2021-09-27 18:04:35", "elapsed": 203.579, "delta": 1.092322}}
{"target": -10.383885764508332, "params": {"C": 639.5866771457479, "epsilon": 0.5998449317385333, "gamma": 0.023423443744477784}, "datetime": {"datetime": "2021-09-27 18:04:37", "elapsed": 205.295998, "delta": 1.716998}}
{"target": -10.8600539126435, "params": {"C": 586.8586154194278, "epsilon": 0.22299481256794024, "gamma": 0.014185587819247527}, "datetime": {"datetime": "2021-09-27 18:04:39", "elapsed": 207.262475, "delta": 1.966477}}
{"target": -16.19498324942267, "params": {"C": 646.511946290005, "epsilon": 0.7866685748073633, "gamma": 0.2863927224658827}, "datetime": {"datetime": "2021-09-27 18:04:40", "elapsed": 208.31748, "delta": 1.055005}}
{"target": -10.687950097535282, "params": {"C": 577.3827906660783, "epsilon": 0.1864242717127812, "gamma": 0.025551993675481104}, "datetime": {"datetime": "2021-09-27 18:04:41", "elapsed": 209.810631, "delta": 1.493151}}
{"target": -10.63194953648415, "params": {"C": 615.4526178823752, "epsilon": 0.38684511015490103, "gamma": 0.019796297784145715}, "datetime": {"datetime": "2021-09-27 18:04:44", "elapsed": 211.937312, "delta": 2.126681}}
{"target": -10.473808002355877, "params": {"C": 649.9244013871726, "epsilon": 0.7529618827185878, "gamma": 0.014099023376364619}, "datetime": {"datetime": "2021-09-27 18:04:45", "elapsed": 213.650038, "delta": 1.712726}}
{"target": -15.535856189946507, "params": {"C": 649.9630276072451, "epsilon": 0.7472058972988442, "gamma": 0.1602557064828504}, "datetime": {"datetime": "2021-09-27 18:04:47", "elapsed": 215.459027, "delta": 1.808989}}
{"target": -13.036160436191214, "params": {"C": 639.5313071473252, "epsilon": 0.4764443156850577, "gamma": 0.06878846234374178}, "datetime": {"datetime": "2021-09-27 18:04:49", "elapsed": 217.386379, "delta": 1.927352}}
{"target": -10.377015219417931, "params": {"C": 571.4344545579495, "epsilon": 0.4428021078679696, "gamma": 0.0315701013860415}, "datetime": {"datetime": "2021-09-27 18:04:51", "elapsed": 219.189069, "delta": 1.80269}}
{"target": -15.397667401832408, "params": {"C": 622.9205446199065, "epsilon": 0.09247838389005236, "gamma": 0.19710255034107133}, "datetime": {"datetime": "2021-09-27 18:04:53", "elapsed": 220.920199, "delta": 1.73113}}
{"target": -12.403046494956547, "params": {"C": 571.4486770138834, "epsilon": 0.5914487005338669, "gamma": 0.06474219027941756}, "datetime": {"datetime": "2021-09-27 18:04:55", "elapsed": 222.975018, "delta": 2.054819}}
{"target": -16.06169752103483, "params": {"C": 692.0681037549739, "epsilon": 0.7008540600333042, "gamma": 0.2741071048627551}, "datetime": {"datetime": "2021-09-27 18:04:56", "elapsed": 224.145447, "delta": 1.170429}}
{"target": -15.506468641372356, "params": {"C": 571.4989842630821, "epsilon": 0.4110308179725198, "gamma": 0.20841265819035124}, "datetime": {"datetime": "2021-09-27 18:04:58", "elapsed": 226.209161, "delta": 2.063714}}
{"target": -10.94525054874604, "params": {"C": 649.7935559732575, "epsilon": 0.7507095289405988, "gamma": 0.01}, "datetime": {"datetime": "2021-09-27 18:05:00", "elapsed": 228.202938, "delta": 1.993777}}
{"target": -11.006110031966406, "params": {"C": 577.5091810263565, "epsilon": 0.040152014546408515, "gamma": 0.013797526424645115}, "datetime": {"datetime": "2021-09-27 18:05:02", "elapsed": 230.453069, "delta": 2.250131}}
{"target": -11.009301524893019, "params": {"C": 571.3151201118773, "epsilon": 0.4948515562206595, "gamma": 0.011411537535097653}, "datetime": {"datetime": "2021-09-27 18:05:04", "elapsed": 232.084691, "delta": 1.631622}}
{"target": -15.875957642317914, "params": {"C": 689.7743186603838, "epsilon": 0.4044471152513868, "gamma": 0.25038329124412395}, "datetime": {"datetime": "2021-09-27 18:05:05", "elapsed": 233.20569, "delta": 1.120999}}
{"target": -15.843899693903607, "params": {"C": 533.0240650340199, "epsilon": 0.3694340754433701, "gamma": 0.25768350409541885}, "datetime": {"datetime": "2021-09-27 18:05:06", "elapsed": 234.40803, "delta": 1.20234}}
{"target": -10.353844005801758, "params": {"C": 614.8324538051062, "epsilon": 0.7203269003484671, "gamma": 0.021523472514069608}, "datetime": {"datetime": "2021-09-27 18:05:08", "elapsed": 236.334876, "delta": 1.926846}}
{"target": -10.371632317865528, "params": {"C": 586.6518432387295, "epsilon": 0.45105878760684026, "gamma": 0.030926617868064443}, "datetime": {"datetime": "2021-09-27 18:05:10", "elapsed": 238.471252, "delta": 2.136376}}
{"target": -11.15969618187633, "params": {"C": 586.5269139874885, "epsilon": 0.3722126149101926, "gamma": 0.0466965897757589}, "datetime": {"datetime": "2021-09-27 18:05:12", "elapsed": 240.658586, "delta": 2.187334}}
{"target": -15.946489078505104, "params": {"C": 633.9900150968974, "epsilon": 0.12271987549285085, "gamma": 0.2653566310103753}, "datetime": {"datetime": "2021-09-27 18:05:14", "elapsed": 242.427237, "delta": 1.768651}}
{"target": -11.512008061470596, "params": {"C": 675.1312869599509, "epsilon": 0.43772503842313787, "gamma": 0.048967127978846024}, "datetime": {"datetime": "2021-09-27 18:05:16", "elapsed": 243.876233, "delta": 1.448996}}
{"target": -10.673665448528578, "params": {"C": 613.6025362972994, "epsilon": 0.86630639227153, "gamma": 0.037429449517793346}, "datetime": {"datetime": "2021-09-27 18:05:17", "elapsed": 245.325064, "delta": 1.448831}}
{"target": -10.973346980873746, "params": {"C": 614.6695105701199, "epsilon": 0.6678418719500084, "gamma": 0.010280333038944416}, "datetime": {"datetime": "2021-09-27 18:05:20", "elapsed": 247.970359, "delta": 2.645295}}
{"target": -15.425495881286727, "params": {"C": 565.933149760364, "epsilon": 0.10775942867181956, "gamma": 0.2097645197716283}, "datetime": {"datetime": "2021-09-27 18:05:21", "elapsed": 249.373359, "delta": 1.403}}
{"target": -15.922574410670656, "params": {"C": 541.702355390117, "epsilon": 0.9264950541358234, "gamma": 0.22280834012748152}, "datetime": {"datetime": "2021-09-27 18:05:22", "elapsed": 250.607976, "delta": 1.234617}}
{"target": -10.913443476682284, "params": {"C": 574.2898357939083, "epsilon": 0.5317905038122467, "gamma": 0.042823565296934395}, "datetime": {"datetime": "2021-09-27 18:05:24", "elapsed": 252.008186, "delta": 1.40021}}
{"target": -10.95689496614689, "params": {"C": 646.4199599253473, "epsilon": 0.3398180641050519, "gamma": 0.012037142061667835}, "datetime": {"datetime": "2021-09-27 18:05:25", "elapsed": 253.459185, "delta": 1.450999}}
{"target": -10.971526525321703, "params": {"C": 577.4962946714797, "epsilon": 0.19607166319077388, "gamma": 0.04518813392719223}, "datetime": {"datetime": "2021-09-27 18:05:28", "elapsed": 256.07148, "delta": 2.612295}}
{"target": -12.58897830964745, "params": {"C": 595.3616131428531, "epsilon": 0.582989560569175, "gamma": 0.06588159176611989}, "datetime": {"datetime": "2021-09-27 18:05:29", "elapsed": 257.673277, "delta": 1.601797}}
{"target": -11.129840417649485, "params": {"C": 614.740793760623, "epsilon": 0.5051556124736564, "gamma": 0.04581910312469778}, "datetime": {"datetime": "2021-09-27 18:05:31", "elapsed": 259.762274, "delta": 2.088997}}
{"target": -16.128752739508624, "params": {"C": 638.808710590933, "epsilon": 0.9141656209814121, "gamma": 0.26246972042192523}, "datetime": {"datetime": "2021-09-27 18:05:33", "elapsed": 261.01169, "delta": 1.249416}}
{"target": -15.164367893604949, "params": {"C": 614.7662371312532, "epsilon": 0.5891701653061604, "gamma": 0.12669173711570256}, "datetime": {"datetime": "2021-09-27 18:05:36", "elapsed": 264.334911, "delta": 3.323221}}
{"target": -11.089321329778697, "params": {"C": 586.5470289666837, "epsilon": 0.5246269781069313, "gamma": 0.01}, "datetime": {"datetime": "2021-09-27 18:05:39", "elapsed": 267.064885, "delta": 2.729974}}
{"target": -10.38816061960317, "params": {"C": 614.7482329419072, "epsilon": 0.8806437461142936, "gamma": 0.01577904701034917}, "datetime": {"datetime": "2021-09-27 18:05:41", "elapsed": 269.801677, "delta": 2.736792}}
{"target": -13.417238657254648, "params": {"C": 614.7369548702094, "epsilon": 0.80456019125092, "gamma": 0.07386968100940604}, "datetime": {"datetime": "2021-09-27 18:05:44", "elapsed": 272.196976, "delta": 2.395299}}
{"target": -15.084811097708043, "params": {"C": 574.2828620733203, "epsilon": 0.6552331221431177, "gamma": 0.11201222682868194}, "datetime": {"datetime": "2021-09-27 18:05:47", "elapsed": 275.674018, "delta": 3.477042}}
{"target": -10.729777091459198, "params": {"C": 676.8347705962941, "epsilon": 0.7108591916355056, "gamma": 0.037895399573791774}, "datetime": {"datetime": "2021-09-27 18:05:49", "elapsed": 277.314505, "delta": 1.640487}}
{"target": -14.009058854944742, "params": {"C": 676.786004962134, "epsilon": 0.8116204838248529, "gamma": 0.0795268540668903}, "datetime": {"datetime": "2021-09-27 18:05:51", "elapsed": 279.207744, "delta": 1.893239}}
{"target": -11.654494423349988, "params": {"C": 688.7548684610579, "epsilon": 0.8288795405721867, "gamma": 0.04899058123414436}, "datetime": {"datetime": "2021-09-27 18:05:52", "elapsed": 280.630604, "delta": 1.42286}}
{"target": -11.004222582947673, "params": {"C": 676.8869295558324, "epsilon": 0.6030880981593377, "gamma": 0.01}, "datetime": {"datetime": "2021-09-27 18:05:55", "elapsed": 282.991723, "delta": 2.361119}}
{"target": -14.225786376719718, "params": {"C": 651.045615463264, "epsilon": 0.48907060371130684, "gamma": 0.08482475661229961}, "datetime": {"datetime": "2021-09-27 18:05:56", "elapsed": 284.385718, "delta": 1.393995}}
{"target": -11.809072958296705, "params": {"C": 675.3675782774261, "epsilon": 0.6672181161801422, "gamma": 0.05361730238701019}, "datetime": {"datetime": "2021-09-27 18:05:58", "elapsed": 286.037719, "delta": 1.652001}}
{"target": -13.155196348540855, "params": {"C": 687.1675236131514, "epsilon": 0.8870195500715455, "gamma": 0.06736170280378741}, "datetime": {"datetime": "2021-09-27 18:05:59", "elapsed": 287.449244, "delta": 1.411525}}
{"target": -15.026532781118753, "params": {"C": 676.7877266684295, "epsilon": 0.597346168366029, "gamma": 0.10373389365714904}, "datetime": {"datetime": "2021-09-27 18:06:02", "elapsed": 290.322519, "delta": 2.873275}}
{"target": -11.09583382532842, "params": {"C": 586.7792489371394, "epsilon": 0.43771829157005626, "gamma": 0.01}, "datetime": {"datetime": "2021-09-27 18:06:04", "elapsed": 292.344556, "delta": 2.022037}}
{"target": -15.505682595458904, "params": {"C": 523.0761402015195, "epsilon": 0.09931310767125894, "gamma": 0.22879692031644372}, "datetime": {"datetime": "2021-09-27 18:06:06", "elapsed": 293.829559, "delta": 1.485003}}
{"target": -15.054055892466756, "params": {"C": 646.3752015256686, "epsilon": 0.26398454880442934, "gamma": 0.15120777246104217}, "datetime": {"datetime": "2021-09-27 18:06:09", "elapsed": 296.987555, "delta": 3.157996}}
{"target": -15.01644518305155, "params": {"C": 577.4617861879702, "epsilon": 0.08231993130864886, "gamma": 0.16085809177323865}, "datetime": {"datetime": "2021-09-27 18:06:11", "elapsed": 299.523669, "delta": 2.536114}}
{"target": -10.958716106890138, "params": {"C": 676.9387582253162, "epsilon": 0.6921762489871529, "gamma": 0.010220090560896792}, "datetime": {"datetime": "2021-09-27 18:06:14", "elapsed": 302.164783, "delta": 2.641114}}
{"target": -15.954292210117558, "params": {"C": 639.4161359989914, "epsilon": 0.10612746906824835, "gamma": 0.2649185036268401}, "datetime": {"datetime": "2021-09-27 18:06:15", "elapsed": 303.421219, "delta": 1.256436}}
{"target": -15.252720761057587, "params": {"C": 586.6172437957059, "epsilon": 0.4776343912830659, "gamma": 0.1594651724473342}, "datetime": {"datetime": "2021-09-27 18:06:18", "elapsed": 305.896936, "delta": 2.475717}}
{"target": -12.089296510313979, "params": {"C": 614.5937647921802, "epsilon": 0.40680241551143825, "gamma": 0.05894169640360512}, "datetime": {"datetime": "2021-09-27 18:06:20", "elapsed": 308.308675, "delta": 2.411739}}
{"target": -16.156758773667647, "params": {"C": 563.0532979655719, "epsilon": 0.05535038105574137, "gamma": 0.29406981944724986}, "datetime": {"datetime": "2021-09-27 18:06:22", "elapsed": 309.849674, "delta": 1.540999}}
{"target": -10.908170644931221, "params": {"C": 614.584327582748, "epsilon": 0.5564559192760239, "gamma": 0.04187282967945956}, "datetime": {"datetime": "2021-09-27 18:06:25", "elapsed": 312.889584, "delta": 3.03991}}
