{"target": -15.229643604666402, "params": {"C": 219.52498348642246, "epsilon": 0.7459577659058176, "gamma": 0.17265167227181882}, "datetime": {"datetime": "2021-09-27 18:42:34", "elapsed": 132.386176, "delta": 1.367999}}
{"target": -10.976655932843506, "params": {"C": 200.34687176643274, "epsilon": 0.2839252070539106, "gamma": 0.01}, "datetime": {"datetime": "2021-09-27 18:42:35", "elapsed": 133.582252, "delta": 1.196076}}
{"target": -11.912768001919206, "params": {"C": 203.5183339243456, "epsilon": 0.503900445619216, "gamma": 0.07785542620142223}, "datetime": {"datetime": "2021-09-27 18:42:36", "elapsed": 134.938751, "delta": 1.356499}}
{"target": -14.950721963270865, "params": {"C": 200.3492931323614, "epsilon": 0.28494686232950267, "gamma": 0.20998251304273247}, "datetime": {"datetime": "2021-09-27 18:42:38", "elapsed": 136.338286, "delta": 1.399535}}
{"target": -11.128045860351536, "params": {"C": 254.93168606643457, "epsilon": 0.8738287874932077, "gamma": 0.01}, "datetime": {"datetime": "2021-09-27 18:42:39", "elapsed": 137.872343, "delta": 1.534057}}
{"target": -13.364217373209256, "params": {"C": 189.16567285583147, "epsilon": 0.7545143380639088, "gamma": 0.11171022335433559}, "datetime": {"datetime": "2021-09-27 18:42:40", "elapsed": 138.800279, "delta": 0.927936}}
{"target": -10.897756477837174, "params": {"C": 228.05999684511627, "epsilon": 0.47614516220973174, "gamma": 0.010453240767353583}, "datetime": {"datetime": "2021-09-27 18:42:42", "elapsed": 140.160277, "delta": 1.359998}}
{"target": -15.759625326700654, "params": {"C": 239.04929449676143, "epsilon": 0.3708352506468387, "gamma": 0.2819306028630522}, "datetime": {"datetime": "2021-09-27 18:42:43", "elapsed": 141.015444, "delta": 0.855167}}
{"target": -10.796504973112611, "params": {"C": 219.56672490607707, "epsilon": 0.9815772384744913, "gamma": 0.02473607751096081}, "datetime": {"datetime": "2021-09-27 18:42:44", "elapsed": 142.495182, "delta": 1.479738}}
{"target": -10.917419866711308, "params": {"C": 207.70572201445546, "epsilon": 0.3882654340293922, "gamma": 0.01}, "datetime": {"datetime": "2021-09-27 18:42:46", "elapsed": 144.092181, "delta": 1.596999}}
{"target": -15.082633840991255, "params": {"C": 214.99069376946906, "epsilon": 0.35531771055678824, "gamma": 0.20898085061031108}, "datetime": {"datetime": "2021-09-27 18:42:47", "elapsed": 145.764432, "delta": 1.672251}}
{"target": -10.508842811682028, "params": {"C": 219.74640310732093, "epsilon": 0.8813777888330653, "gamma": 0.02295731231019264}, "datetime": {"datetime": "2021-09-27 18:42:49", "elapsed": 147.36954, "delta": 1.605108}}
{"target": -10.487819907587232, "params": {"C": 203.4195358129097, "epsilon": 0.08008349183087272, "gamma": 0.039630885716850923}, "datetime": {"datetime": "2021-09-27 18:42:50", "elapsed": 148.91627, "delta": 1.54673}}
{"target": -12.657850776075144, "params": {"C": 219.92333413073612, "epsilon": 0.9386946768835073, "gamma": 0.08689576982145486}, "datetime": {"datetime": "2021-09-27 18:42:52", "elapsed": 150.373271, "delta": 1.457001}}
{"target": -11.225513024281527, "params": {"C": 181.39198538313454, "epsilon": 0.0001, "gamma": 0.01}, "datetime": {"datetime": "2021-09-27 18:42:54", "elapsed": 152.594391, "delta": 2.22112}}
{"target": -14.09189196334867, "params": {"C": 152.12789811769878, "epsilon": 0.22065558942288688, "gamma": 0.17579284413911814}, "datetime": {"datetime": "2021-09-27 18:42:56", "elapsed": 154.529027, "delta": 1.934636}}
{"target": -15.123677920734362, "params": {"C": 295.03286703813876, "epsilon": 0.8629221862546829, "gamma": 0.15186778917206087}, "datetime": {"datetime": "2021-09-27 18:42:58", "elapsed": 156.759853, "delta": 2.230826}}
{"target": -13.67712719004186, "params": {"C": 207.59285146200352, "epsilon": 0.31488155969782655, "gamma": 0.12769268375418766}, "datetime": {"datetime": "2021-09-27 18:43:00", "elapsed": 158.605402, "delta": 1.845549}}
{"target": -10.211531029273683, "params": {"C": 281.0078151943134, "epsilon": 0.30368037258728076, "gamma": 0.02290846167374279}, "datetime": {"datetime": "2021-09-27 18:43:02", "elapsed": 160.536403, "delta": 1.931001}}
{"target": -14.254496686996774, "params": {"C": 280.9525994949279, "epsilon": 0.4113245310595189, "gamma": 0.12749026292577154}, "datetime": {"datetime": "2021-09-27 18:43:04", "elapsed": 162.394523, "delta": 1.85812}}
{"target": -10.587697011273745, "params": {"C": 152.5789970337404, "epsilon": 0.029779395501788205, "gamma": 0.022401065569474535}, "datetime": {"datetime": "2021-09-27 18:43:06", "elapsed": 164.439983, "delta": 2.04546}}
{"target": -14.966924055085219, "params": {"C": 239.70546795981545, "epsilon": 0.4156532360624152, "gamma": 0.18153381177505973}, "datetime": {"datetime": "2021-09-27 18:43:07", "elapsed": 165.554168, "delta": 1.114185}}
{"target": -11.138712107469207, "params": {"C": 254.1004275982429, "epsilon": 0.967868996424321, "gamma": 0.011959333895739145}, "datetime": {"datetime": "2021-09-27 18:43:09", "elapsed": 167.468565, "delta": 1.914397}}
{"target": -10.611547496843322, "params": {"C": 152.7072796531139, "epsilon": 0.14439651187101257, "gamma": 0.020788477149516867}, "datetime": {"datetime": "2021-09-27 18:43:11", "elapsed": 169.575528, "delta": 2.106963}}
{"target": -11.213118166744596, "params": {"C": 280.91781788548286, "epsilon": 0.2025570246220649, "gamma": 0.01}, "datetime": {"datetime": "2021-09-27 18:43:14", "elapsed": 172.41064, "delta": 2.835112}}
{"target": -15.461818567047736, "params": {"C": 268.3217186756149, "epsilon": 0.39694674626366955, "gamma": 0.23991104316470607}, "datetime": {"datetime": "2021-09-27 18:43:15", "elapsed": 173.707123, "delta": 1.296483}}
{"target": -13.6095816657852, "params": {"C": 219.717823831568, "epsilon": 0.9886061757168761, "gamma": 0.10588249810851635}, "datetime": {"datetime": "2021-09-27 18:43:17", "elapsed": 175.636855, "delta": 1.929732}}
{"target": -10.536218862254488, "params": {"C": 219.87160309465474, "epsilon": 0.7001543533565012, "gamma": 0.03011894093439515}, "datetime": {"datetime": "2021-09-27 18:43:19", "elapsed": 177.749393, "delta": 2.112538}}
{"target": -10.808346369704589, "params": {"C": 219.8485613664253, "epsilon": 0.5579698463945806, "gamma": 0.05190822106351885}, "datetime": {"datetime": "2021-09-27 18:43:21", "elapsed": 179.906829, "delta": 2.157436}}
{"target": -12.51213998007307, "params": {"C": 220.065144582929, "epsilon": 0.6278984319058523, "gamma": 0.09113875213883771}, "datetime": {"datetime": "2021-09-27 18:43:24", "elapsed": 182.505032, "delta": 2.598203}}
{"target": -11.096960870827692, "params": {"C": 281.1539279063475, "epsilon": 0.35380519328783905, "gamma": 0.010859252827204508}, "datetime": {"datetime": "2021-09-27 18:43:26", "elapsed": 184.703638, "delta": 2.198606}}
{"target": -10.957974905523878, "params": {"C": 219.4122129976987, "epsilon": 0.9591446998017761, "gamma": 0.017097732352716978}, "datetime": {"datetime": "2021-09-27 18:43:28", "elapsed": 186.675995, "delta": 1.972357}}
{"target": -13.929570646219434, "params": {"C": 152.8581075706395, "epsilon": 0.11541183184073024, "gamma": 0.16667216869678794}, "datetime": {"datetime": "2021-09-27 18:43:30", "elapsed": 188.714533, "delta": 2.038538}}
{"target": -11.043857025327748, "params": {"C": 152.30747213612753, "epsilon": 0.2264304955460823, "gamma": 0.01}, "datetime": {"datetime": "2021-09-27 18:43:33", "elapsed": 191.257094, "delta": 2.542561}}
{"target": -14.113617432538888, "params": {"C": 219.78066695004338, "epsilon": 0.6443989934679205, "gamma": 0.13234098902122268}, "datetime": {"datetime": "2021-09-27 18:43:35", "elapsed": 193.215868, "delta": 1.958774}}
{"target": -11.204210153552866, "params": {"C": 152.12911990691643, "epsilon": 0.007517214136238736, "gamma": 0.01}, "datetime": {"datetime": "2021-09-27 18:43:37", "elapsed": 195.779678, "delta": 2.56381}}
{"target": -10.77478206975682, "params": {"C": 152.5744068175523, "epsilon": 0.15027591907257487, "gamma": 0.05667071231285665}, "datetime": {"datetime": "2021-09-27 18:43:40", "elapsed": 198.167688, "delta": 2.38801}}
{"target": -11.228322646701132, "params": {"C": 215.02804601423793, "epsilon": 0.08810755160618892, "gamma": 0.01}, "datetime": {"datetime": "2021-09-27 18:43:42", "elapsed": 200.161659, "delta": 1.993971}}
{"target": -10.361150039795005, "params": {"C": 254.0408230923702, "epsilon": 0.8090238409819384, "gamma": 0.02194443705720489}, "datetime": {"datetime": "2021-09-27 18:43:43", "elapsed": 201.539914, "delta": 1.378255}}
{"target": -16.287039333616583, "params": {"C": 298.22185673864095, "epsilon": 0.9170437530341334, "gamma": 0.2907570252391027}, "datetime": {"datetime": "2021-09-27 18:43:44", "elapsed": 202.486082, "delta": 0.946168}}
{"target": -12.541546069268113, "params": {"C": 253.91715208079106, "epsilon": 0.7743177401261029, "gamma": 0.08407331375895294}, "datetime": {"datetime": "2021-09-27 18:43:46", "elapsed": 204.036506, "delta": 1.550424}}
{"target": -10.764108831942128, "params": {"C": 219.9926700311067, "epsilon": 0.45957969441159263, "gamma": 0.015440384068658369}, "datetime": {"datetime": "2021-09-27 18:43:47", "elapsed": 205.858608, "delta": 1.822102}}
{"target": -13.284827885897075, "params": {"C": 262.57058242396397, "epsilon": 0.9638745761521218, "gamma": 0.0927165141232727}, "datetime": {"datetime": "2021-09-27 18:43:48", "elapsed": 206.842604, "delta": 0.983996}}
{"target": -10.59967423868688, "params": {"C": 254.13981257526524, "epsilon": 0.6333829927272304, "gamma": 0.032518771258329644}, "datetime": {"datetime": "2021-09-27 18:43:50", "elapsed": 208.542531, "delta": 1.699927}}
{"target": -11.644251910477132, "params": {"C": 254.19198922517995, "epsilon": 0.46745590964021955, "gamma": 0.06854325399289261}, "datetime": {"datetime": "2021-09-27 18:43:52", "elapsed": 210.040035, "delta": 1.497504}}
{"target": -10.223035442088635, "params": {"C": 219.8584547734043, "epsilon": 0.3459226513595722, "gamma": 0.02952323519767904}, "datetime": {"datetime": "2021-09-27 18:43:53", "elapsed": 211.635693, "delta": 1.595658}}
{"target": -11.055137167449669, "params": {"C": 172.4675611663578, "epsilon": 0.9884121413853861, "gamma": 0.05942321658001189}, "datetime": {"datetime": "2021-09-27 18:43:54", "elapsed": 212.564549, "delta": 0.928856}}
{"target": -14.950314692957512, "params": {"C": 219.8423237612186, "epsilon": 0.24824442379015033, "gamma": 0.2086473138593759}, "datetime": {"datetime": "2021-09-27 18:43:56", "elapsed": 214.33097, "delta": 1.766421}}
{"target": -10.668636585540197, "params": {"C": 219.65301067433498, "epsilon": 0.34511799974061674, "gamma": 0.017693631090862454}, "datetime": {"datetime": "2021-09-27 18:43:58", "elapsed": 216.30093, "delta": 1.96996}}
{"target": -16.168451506740716, "params": {"C": 259.8839597175038, "epsilon": 0.7866685748073633, "gamma": 0.2863927224658827}, "datetime": {"datetime": "2021-09-27 18:43:59", "elapsed": 217.285931, "delta": 0.985001}}
{"target": -10.137757682108463, "params": {"C": 208.03709299955875, "epsilon": 0.1864242717127812, "gamma": 0.025551993675481104}, "datetime": {"datetime": "2021-09-27 18:44:00", "elapsed": 218.417932, "delta": 1.132001}}
{"target": -10.916261046464744, "params": {"C": 203.5939645255763, "epsilon": 0.34239101391760723, "gamma": 0.010764763737067567}, "datetime": {"datetime": "2021-09-27 18:44:02", "elapsed": 220.248225, "delta": 1.830293}}
{"target": -10.518215606694241, "params": {"C": 254.14247711604744, "epsilon": 0.753248969376275, "gamma": 0.03056950455353421}, "datetime": {"datetime": "2021-09-27 18:44:03", "elapsed": 221.826248, "delta": 1.578023}}
{"target": -10.531880348122122, "params": {"C": 219.53184745349523, "epsilon": 0.2039057973255098, "gamma": 0.019324498031984896}, "datetime": {"datetime": "2021-09-27 18:44:05", "elapsed": 223.539169, "delta": 1.712921}}
{"target": -12.716295269735847, "params": {"C": 219.3751514291923, "epsilon": 0.29055408972577074, "gamma": 0.0995632149268704}, "datetime": {"datetime": "2021-09-27 18:44:07", "elapsed": 225.437395, "delta": 1.898226}}
{"target": -15.518060400021314, "params": {"C": 254.09913724853953, "epsilon": 0.6198525680155158, "gamma": 0.22399988793914835}, "datetime": {"datetime": "2021-09-27 18:44:08", "elapsed": 226.943527, "delta": 1.506132}}
{"target": -15.027297009719675, "params": {"C": 172.3558817199393, "epsilon": 0.8987450356964695, "gamma": 0.17597507336687537}, "datetime": {"datetime": "2021-09-27 18:44:10", "elapsed": 228.25879, "delta": 1.315263}}
{"target": -10.308546788547043, "params": {"C": 219.78573054809468, "epsilon": 0.3964001643671388, "gamma": 0.023667231831384125}, "datetime": {"datetime": "2021-09-27 18:44:11", "elapsed": 229.789963, "delta": 1.531173}}
{"target": -16.030412994226502, "params": {"C": 294.0510778162304, "epsilon": 0.7008540600333042, "gamma": 0.2741071048627551}, "datetime": {"datetime": "2021-09-27 18:44:12", "elapsed": 230.808961, "delta": 1.018998}}
{"target": -11.009697491527433, "params": {"C": 254.28805413862656, "epsilon": 0.6385258219865363, "gamma": 0.01}, "datetime": {"datetime": "2021-09-27 18:44:14", "elapsed": 232.614126, "delta": 1.805165}}
{"target": -10.47395710959588, "params": {"C": 219.69482374423373, "epsilon": 0.1173460520392125, "gamma": 0.03524502387116791}, "datetime": {"datetime": "2021-09-27 18:44:16", "elapsed": 234.447122, "delta": 1.832996}}
{"target": -10.809653821719008, "params": {"C": 152.11936341854647, "epsilon": 0.4925221495686454, "gamma": 0.05138157740404955}, "datetime": {"datetime": "2021-09-27 18:44:18", "elapsed": 236.272511, "delta": 1.825389}}
{"target": -10.794688244282158, "params": {"C": 219.4897774138865, "epsilon": 0.09552744918878558, "gamma": 0.05754798497591989}, "datetime": {"datetime": "2021-09-27 18:44:19", "elapsed": 237.938972, "delta": 1.666461}}
{"target": -10.545076234385844, "params": {"C": 215.04991016016956, "epsilon": 0.24740589154422418, "gamma": 0.04180151633921416}, "datetime": {"datetime": "2021-09-27 18:44:20", "elapsed": 238.884964, "delta": 0.945992}}
{"target": -11.076871302807561, "params": {"C": 215.02490218659565, "epsilon": 0.09814347336726696, "gamma": 0.01337433380072479}, "datetime": {"datetime": "2021-09-27 18:44:21", "elapsed": 239.854259, "delta": 0.969295}}
{"target": -14.541651520546619, "params": {"C": 219.6089133505187, "epsilon": 0.0061708551155431795, "gamma": 0.18578068944272186}, "datetime": {"datetime": "2021-09-27 18:44:23", "elapsed": 241.563203, "delta": 1.708944}}
{"target": -10.46226083485338, "params": {"C": 151.90568593527894, "epsilon": 0.5468010022027928, "gamma": 0.025511105928347523}, "datetime": {"datetime": "2021-09-27 18:44:25", "elapsed": 243.394089, "delta": 1.830886}}
{"target": -14.763801007062755, "params": {"C": 152.06457158267912, "epsilon": 0.5938915320173171, "gamma": 0.18670744682070825}, "datetime": {"datetime": "2021-09-27 18:44:27", "elapsed": 245.127088, "delta": 1.732999}}
{"target": -11.361445807634144, "params": {"C": 152.0248467320916, "epsilon": 0.4043493142340459, "gamma": 0.07194343337826913}, "datetime": {"datetime": "2021-09-27 18:44:28", "elapsed": 246.810656, "delta": 1.683568}}
{"target": -15.143439104425847, "params": {"C": 183.67226682126213, "epsilon": 0.03530010505001281, "gamma": 0.25672768060470164}, "datetime": {"datetime": "2021-09-27 18:44:29", "elapsed": 247.728089, "delta": 0.917433}}
{"target": -13.711679937761007, "params": {"C": 289.65901197219546, "epsilon": 0.9335152465972263, "gamma": 0.10157384522036245}, "datetime": {"datetime": "2021-09-27 18:44:30", "elapsed": 248.70813, "delta": 0.980041}}
{"target": -11.269746318650535, "params": {"C": 151.7092722826548, "epsilon": 0.5881931676891249, "gamma": 0.06965451029080051}, "datetime": {"datetime": "2021-09-27 18:44:33", "elapsed": 251.007296, "delta": 2.299166}}
{"target": -14.781983306980251, "params": {"C": 199.44986232027298, "epsilon": 0.10775942867181956, "gamma": 0.2097645197716283}, "datetime": {"datetime": "2021-09-27 18:44:34", "elapsed": 252.078487, "delta": 1.071191}}
{"target": -15.60142565117605, "params": {"C": 181.27676654258775, "epsilon": 0.9264950541358234, "gamma": 0.22280834012748152}, "datetime": {"datetime": "2021-09-27 18:44:35", "elapsed": 253.11148, "delta": 1.032993}}
{"target": -10.727806304868537, "params": {"C": 205.7173768454312, "epsilon": 0.5317905038122467, "gamma": 0.042823565296934395}, "datetime": {"datetime": "2021-09-27 18:44:36", "elapsed": 254.144791, "delta": 1.033311}}
{"target": -11.051430424597386, "params": {"C": 259.8149699440104, "epsilon": 0.3398180641050519, "gamma": 0.012037142061667835}, "datetime": {"datetime": "2021-09-27 18:44:37", "elapsed": 255.159101, "delta": 1.01431}}
{"target": -10.337645388220377, "params": {"C": 151.75288036051694, "epsilon": 0.4175388196624509, "gamma": 0.03478690522528379}, "datetime": {"datetime": "2021-09-27 18:44:39", "elapsed": 257.18806, "delta": 2.028959}}
{"target": -11.447583818237755, "params": {"C": 221.52120985713987, "epsilon": 0.582989560569175, "gamma": 0.06588159176611989}, "datetime": {"datetime": "2021-09-27 18:44:40", "elapsed": 258.294061, "delta": 1.106001}}
{"target": -10.623381577236488, "params": {"C": 151.86642937823547, "epsilon": 0.2927352717690048, "gamma": 0.0194786874205454}, "datetime": {"datetime": "2021-09-27 18:44:42", "elapsed": 260.395632, "delta": 2.101571}}
{"target": -16.113401869052918, "params": {"C": 254.10653294319974, "epsilon": 0.9141656209814121, "gamma": 0.26246972042192523}, "datetime": {"datetime": "2021-09-27 18:44:43", "elapsed": 261.570117, "delta": 1.174485}}
{"target": -14.849738795093833, "params": {"C": 151.76470634719556, "epsilon": 0.38232329491397066, "gamma": 0.20906571564524282}, "datetime": {"datetime": "2021-09-27 18:44:45", "elapsed": 263.52891, "delta": 1.958793}}
{"target": -11.04793774401496, "params": {"C": 205.77658628737606, "epsilon": 0.7394733338408411, "gamma": 0.05817872842929641}, "datetime": {"datetime": "2021-09-27 18:44:47", "elapsed": 265.55649, "delta": 2.02758}}
{"target": -10.346225581765445, "params": {"C": 281.0055866072196, "epsilon": 0.3062747927032425, "gamma": 0.021507134733025755}, "datetime": {"datetime": "2021-09-27 18:44:48", "elapsed": 266.687488, "delta": 1.130998}}
{"target": -11.004193885342946, "params": {"C": 151.69122944477365, "epsilon": 0.26434632449071654, "gamma": 0.01}, "datetime": {"datetime": "2021-09-27 18:44:50", "elapsed": 268.704083, "delta": 2.016595}}
{"target": -15.23875123645429, "params": {"C": 205.6169847043929, "epsilon": 0.5489276167723052, "gamma": 0.20117708343753238}, "datetime": {"datetime": "2021-09-27 18:44:53", "elapsed": 270.987696, "delta": 2.283613}}
{"target": -10.591416929481504, "params": {"C": 282.6260779472206, "epsilon": 0.7108591916355056, "gamma": 0.037895399573791774}, "datetime": {"datetime": "2021-09-27 18:44:54", "elapsed": 272.098376, "delta": 1.11068}}
{"target": -15.056219908625954, "params": {"C": 282.6736771793808, "epsilon": 0.5863841488302804, "gamma": 0.15900491873962114}, "datetime": {"datetime": "2021-09-27 18:44:56", "elapsed": 274.092725, "delta": 1.994349}}
{"target": -14.823519069166402, "params": {"C": 282.5053005263376, "epsilon": 0.8632020767095451, "gamma": 0.13601524612588325}, "datetime": {"datetime": "2021-09-27 18:44:57", "elapsed": 275.809651, "delta": 1.716926}}
{"target": -10.742996034342504, "params": {"C": 207.81624615025189, "epsilon": 0.5452111944418463, "gamma": 0.04814238147204469}, "datetime": {"datetime": "2021-09-27 18:45:00", "elapsed": 278.313633, "delta": 2.503982}}
{"target": -12.46432330910299, "params": {"C": 263.284211597448, "epsilon": 0.48907060371130684, "gamma": 0.08482475661229961}, "datetime": {"datetime": "2021-09-27 18:45:01", "elapsed": 279.509783, "delta": 1.19615}}
{"target": -10.476056816842554, "params": {"C": 205.8829552260687, "epsilon": 0.616557931991377, "gamma": 0.022206372556687386}, "datetime": {"datetime": "2021-09-27 18:45:03", "elapsed": 281.724951, "delta": 2.215168}}
{"target": -11.920582319185609, "params": {"C": 290.37564270986354, "epsilon": 0.8870195500715455, "gamma": 0.06736170280378741}, "datetime": {"datetime": "2021-09-27 18:45:04", "elapsed": 282.80862, "delta": 1.083669}}
{"target": -14.57679011002884, "params": {"C": 205.99193644243996, "epsilon": 0.6382563735991121, "gamma": 0.15599855971109897}, "datetime": {"datetime": "2021-09-27 18:45:06", "elapsed": 284.827231, "delta": 2.018611}}
{"target": -10.672939618972418, "params": {"C": 152.24178426938127, "epsilon": 0.44790918472876917, "gamma": 0.021762304649263015}, "datetime": {"datetime": "2021-09-27 18:45:09", "elapsed": 287.704443, "delta": 2.877212}}
{"target": -14.872108400838647, "params": {"C": 167.3071051511396, "epsilon": 0.09931310767125894, "gamma": 0.22879692031644372}, "datetime": {"datetime": "2021-09-27 18:45:10", "elapsed": 288.757451, "delta": 1.053008}}
{"target": -10.654317165936696, "params": {"C": 151.59377162383655, "epsilon": 0.4714827474820466, "gamma": 0.022435784645130498}, "datetime": {"datetime": "2021-09-27 18:45:13", "elapsed": 291.401628, "delta": 2.644177}}
{"target": -10.633448831087744, "params": {"C": 205.89430127818167, "epsilon": 0.4590466206966591, "gamma": 0.040927155265390314}, "datetime": {"datetime": "2021-09-27 18:45:15", "elapsed": 293.816898, "delta": 2.41527}}
{"target": -11.260422334972908, "params": {"C": 207.90285788019898, "epsilon": 0.6695877882032965, "gamma": 0.06318338281323177}, "datetime": {"datetime": "2021-09-27 18:45:18", "elapsed": 296.038487, "delta": 2.221589}}
{"target": -10.93913527709773, "params": {"C": 151.49595148107605, "epsilon": 0.6275986727695337, "gamma": 0.01}, "datetime": {"datetime": "2021-09-27 18:45:20", "elapsed": 298.081223, "delta": 2.042736}}
{"target": -15.129639741876149, "params": {"C": 151.43022993910196, "epsilon": 0.6614335764008223, "gamma": 0.2000004055701785}, "datetime": {"datetime": "2021-09-27 18:45:22", "elapsed": 300.104501, "delta": 2.023278}}
