{"target": -13.350852144301653, "params": {"C": 154.96358390043412, "epsilon": 0.675959274864152, "gamma": 0.12165769416272665}, "datetime": {"datetime": "2021-09-27 17:13:56", "elapsed": 45.571931, "delta": 0.601997}}
{"target": -15.705089595677904, "params": {"C": 182.49791741732156, "epsilon": 0.49337005899868264, "gamma": 0.2742431220852463}, "datetime": {"datetime": "2021-09-27 17:13:56", "elapsed": 45.986975, "delta": 0.415044}}
{"target": -10.47522504749552, "params": {"C": 177.23669191589062, "epsilon": 0.2251607652449486, "gamma": 0.04340006353007239}, "datetime": {"datetime": "2021-09-27 17:13:57", "elapsed": 46.489935, "delta": 0.50296}}
{"target": -16.14220055454501, "params": {"C": 289.48578332454304, "epsilon": 0.7099602825041732, "gamma": 0.295517325476896}, "datetime": {"datetime": "2021-09-27 17:13:57", "elapsed": 46.947648, "delta": 0.457713}}
{"target": -13.859190322429757, "params": {"C": 177.21013673009412, "epsilon": 0.11663144224166754, "gamma": 0.15139115200449202}, "datetime": {"datetime": "2021-09-27 17:13:58", "elapsed": 47.851645, "delta": 0.903997}}
{"target": -15.733979847595982, "params": {"C": 261.19741050429207, "epsilon": 0.33173135917692226, "gamma": 0.2796584894348582}, "datetime": {"datetime": "2021-09-27 17:13:58", "elapsed": 48.380822, "delta": 0.529177}}
{"target": -10.502406359774378, "params": {"C": 177.39571978617042, "epsilon": 0.31578279198210096, "gamma": 0.04107723449997901}, "datetime": {"datetime": "2021-09-27 17:13:59", "elapsed": 49.082056, "delta": 0.701234}}
{"target": -12.159172711171003, "params": {"C": 192.50980660496333, "epsilon": 0.8067740983572618, "gamma": 0.08233449904874908}, "datetime": {"datetime": "2021-09-27 17:14:00", "elapsed": 49.536268, "delta": 0.454212}}
{"target": -13.500318447221535, "params": {"C": 177.30892477629948, "epsilon": 0.43919092314352703, "gamma": 0.12393964756585618}, "datetime": {"datetime": "2021-09-27 17:14:01", "elapsed": 50.41327, "delta": 0.877002}}
{"target": -11.37370442745439, "params": {"C": 157.16418606427396, "epsilon": 0.5751848949172981, "gamma": 0.07139447684558327}, "datetime": {"datetime": "2021-09-27 17:14:01", "elapsed": 51.016455, "delta": 0.603185}}
{"target": -14.816202955154075, "params": {"C": 154.75775018047977, "epsilon": 0.8563078483100418, "gamma": 0.17487923584171153}, "datetime": {"datetime": "2021-09-27 17:14:02", "elapsed": 51.846461, "delta": 0.830006}}
{"target": -16.038119366930907, "params": {"C": 264.24847819907876, "epsilon": 0.719470316344383, "gamma": 0.269461904275626}, "datetime": {"datetime": "2021-09-27 17:14:02", "elapsed": 52.277456, "delta": 0.430995}}
{"target": -10.885479575924746, "params": {"C": 157.19839575142475, "epsilon": 0.4057629023612628, "gamma": 0.01}, "datetime": {"datetime": "2021-09-27 17:14:03", "elapsed": 53.021578, "delta": 0.744122}}
{"target": -10.88162996108361, "params": {"C": 215.39276485717335, "epsilon": 0.5929773790361447, "gamma": 0.010044942471276}, "datetime": {"datetime": "2021-09-27 17:14:04", "elapsed": 54.078278, "delta": 1.0567}}
{"target": -14.285015394225347, "params": {"C": 177.50381294539744, "epsilon": 0.212672170403007, "gamma": 0.176709339209916}, "datetime": {"datetime": "2021-09-27 17:14:05", "elapsed": 55.047599, "delta": 0.969321}}
{"target": -14.3161266502529, "params": {"C": 215.48304890618493, "epsilon": 0.4659269561497445, "gamma": 0.1470756709020783}, "datetime": {"datetime": "2021-09-27 17:14:06", "elapsed": 55.793583, "delta": 0.745984}}
{"target": -10.319651429640002, "params": {"C": 141.3363656784182, "epsilon": 0.02121726444563322, "gamma": 0.02985569292309863}, "datetime": {"datetime": "2021-09-27 17:14:07", "elapsed": 56.607579, "delta": 0.813996}}
{"target": -10.267729266981302, "params": {"C": 141.1740886069915, "epsilon": 0.006164925739662906, "gamma": 0.03171596336392988}, "datetime": {"datetime": "2021-09-27 17:14:08", "elapsed": 57.573578, "delta": 0.965999}}
{"target": -14.04174871560883, "params": {"C": 141.1818232477001, "epsilon": 0.06171569245644043, "gamma": 0.1837477343638379}, "datetime": {"datetime": "2021-09-27 17:14:09", "elapsed": 58.583309, "delta": 1.009731}}
{"target": -10.321671985316401, "params": {"C": 141.55890571068386, "epsilon": 0.07457777477165815, "gamma": 0.039804316619984806}, "datetime": {"datetime": "2021-09-27 17:14:10", "elapsed": 59.435304, "delta": 0.851995}}
{"target": -11.063648632854372, "params": {"C": 141.43414835585727, "epsilon": 0.1871736077410605, "gamma": 0.01}, "datetime": {"datetime": "2021-09-27 17:14:10", "elapsed": 60.277302, "delta": 0.841998}}
{"target": -11.5306807228437, "params": {"C": 141.71153537378373, "epsilon": 0.21369558922469017, "gamma": 0.08344833506622149}, "datetime": {"datetime": "2021-09-27 17:14:11", "elapsed": 61.004938, "delta": 0.727636}}
{"target": -14.354455313285062, "params": {"C": 141.5383725272004, "epsilon": 0.09022985839613139, "gamma": 0.20370054191142084}, "datetime": {"datetime": "2021-09-27 17:14:12", "elapsed": 61.819532, "delta": 0.814594}}
{"target": -10.935694327650584, "params": {"C": 239.32767964569067, "epsilon": 0.6061107451346281, "gamma": 0.01}, "datetime": {"datetime": "2021-09-27 17:14:13", "elapsed": 62.693527, "delta": 0.873995}}
{"target": -10.61575002271823, "params": {"C": 154.8853311818034, "epsilon": 0.00264291241211275, "gamma": 0.05510174537578528}, "datetime": {"datetime": "2021-09-27 17:14:14", "elapsed": 63.596736, "delta": 0.903209}}
{"target": -14.41190266776467, "params": {"C": 154.9683166101774, "epsilon": 0.05653595053515738, "gamma": 0.20277629085486898}, "datetime": {"datetime": "2021-09-27 17:14:15", "elapsed": 64.602201, "delta": 1.005465}}
{"target": -11.295950461759027, "params": {"C": 281.33598343866186, "epsilon": 0.7010763016476876, "gamma": 0.05780350327006104}, "datetime": {"datetime": "2021-09-27 17:14:15", "elapsed": 65.358713, "delta": 0.756512}}
{"target": -11.120984990773461, "params": {"C": 294.25922097291436, "epsilon": 0.7318999693511394, "gamma": 0.01}, "datetime": {"datetime": "2021-09-27 17:14:16", "elapsed": 66.155711, "delta": 0.796998}}
{"target": -10.73309337022259, "params": {"C": 192.33697055844857, "epsilon": 0.6794818511144782, "gamma": 0.017532011105123153}, "datetime": {"datetime": "2021-09-27 17:14:17", "elapsed": 67.182801, "delta": 1.02709}}
{"target": -13.494167083963804, "params": {"C": 119.52633014153484, "epsilon": 0.7663594112080121, "gamma": 0.13507989449272279}, "datetime": {"datetime": "2021-09-27 17:14:18", "elapsed": 67.729333, "delta": 0.546532}}
{"target": -11.103699948771268, "params": {"C": 281.4518162899453, "epsilon": 0.6202610637991043, "gamma": 0.01}, "datetime": {"datetime": "2021-09-27 17:14:19", "elapsed": 68.622957, "delta": 0.893624}}
{"target": -10.57046441572966, "params": {"C": 125.4723533190836, "epsilon": 0.696679492390803, "gamma": 0.026120310163005707}, "datetime": {"datetime": "2021-09-27 17:14:19", "elapsed": 69.122168, "delta": 0.499211}}
{"target": -14.667702367413584, "params": {"C": 275.9634349559794, "epsilon": 0.7439956199869574, "gamma": 0.13450259493867878}, "datetime": {"datetime": "2021-09-27 17:14:20", "elapsed": 69.68816, "delta": 0.565992}}
{"target": -13.726802929651804, "params": {"C": 125.5260268784683, "epsilon": 0.858109850900476, "gamma": 0.13767860963281375}, "datetime": {"datetime": "2021-09-27 17:14:21", "elapsed": 70.578162, "delta": 0.890002}}
{"target": -11.33994505205177, "params": {"C": 215.5562365190677, "epsilon": 1.0, "gamma": 0.01}, "datetime": {"datetime": "2021-09-27 17:14:22", "elapsed": 71.674415, "delta": 1.096253}}
{"target": -11.058229506491683, "params": {"C": 125.31740760516874, "epsilon": 0.6445125501784565, "gamma": 0.0665796967327493}, "datetime": {"datetime": "2021-09-27 17:14:23", "elapsed": 72.587413, "delta": 0.912998}}
{"target": -10.895722038638441, "params": {"C": 157.3329809002089, "epsilon": 0.5138113544067767, "gamma": 0.01}, "datetime": {"datetime": "2021-09-27 17:14:24", "elapsed": 73.695662, "delta": 1.108249}}
{"target": -14.101640109705361, "params": {"C": 157.32555742771314, "epsilon": 0.45044238211457027, "gamma": 0.15785262128130817}, "datetime": {"datetime": "2021-09-27 17:14:25", "elapsed": 74.923652, "delta": 1.22799}}
{"target": -10.361985644208517, "params": {"C": 163.663383668106, "epsilon": 0.5961809468742121, "gamma": 0.02699437145190941}, "datetime": {"datetime": "2021-09-27 17:14:26", "elapsed": 75.642676, "delta": 0.719024}}
{"target": -11.396780573981843, "params": {"C": 163.49393060613883, "epsilon": 0.6259713152100128, "gamma": 0.07083944548599466}, "datetime": {"datetime": "2021-09-27 17:14:27", "elapsed": 76.673649, "delta": 1.030973}}
{"target": -11.192989381494522, "params": {"C": 141.70052891553559, "epsilon": 0.010466456955268169, "gamma": 0.01}, "datetime": {"datetime": "2021-09-27 17:14:28", "elapsed": 77.944977, "delta": 1.271328}}
{"target": -10.9686349925645, "params": {"C": 125.46475527522664, "epsilon": 0.5337183597938289, "gamma": 0.01}, "datetime": {"datetime": "2021-09-27 17:14:29", "elapsed": 79.084739, "delta": 1.139762}}
{"target": -10.800365104621108, "params": {"C": 186.91000892178712, "epsilon": 0.3487953757977559, "gamma": 0.01552608842628907}, "datetime": {"datetime": "2021-09-27 17:14:30", "elapsed": 79.72174, "delta": 0.637001}}
{"target": -13.72458468137423, "params": {"C": 163.6734448964077, "epsilon": 0.4316686200035385, "gamma": 0.13802407612566106}, "datetime": {"datetime": "2021-09-27 17:14:31", "elapsed": 81.167731, "delta": 1.445991}}
{"target": -15.906991138761217, "params": {"C": 293.6565453597306, "epsilon": 0.36864659152136064, "gamma": 0.2925349484950845}, "datetime": {"datetime": "2021-09-27 17:14:32", "elapsed": 81.936728, "delta": 0.768997}}
{"target": -15.126371236477947, "params": {"C": 229.1103284421342, "epsilon": 0.3170856812514847, "gamma": 0.21894515134923676}, "datetime": {"datetime": "2021-09-27 17:14:33", "elapsed": 82.773724, "delta": 0.836996}}
{"target": -14.551221388920531, "params": {"C": 294.9104468731268, "epsilon": 0.19879822897197832, "gamma": 0.14258208050866608}, "datetime": {"datetime": "2021-09-27 17:14:34", "elapsed": 83.543793, "delta": 0.770069}}
{"target": -11.537968973682919, "params": {"C": 163.6799935030818, "epsilon": 0.7381887320582168, "gamma": 0.0723172859938713}, "datetime": {"datetime": "2021-09-27 17:14:35", "elapsed": 84.588796, "delta": 1.045003}}
{"target": -11.117234374511789, "params": {"C": 267.18572310060483, "epsilon": 0.8334987653956692, "gamma": 0.01}, "datetime": {"datetime": "2021-09-27 17:14:36", "elapsed": 85.744789, "delta": 1.155993}}
{"target": -14.816677344943946, "params": {"C": 204.39224430420902, "epsilon": 0.7950664964782177, "gamma": 0.15801058432345813}, "datetime": {"datetime": "2021-09-27 17:14:37", "elapsed": 86.508809, "delta": 0.76402}}
{"target": -14.319012761121325, "params": {"C": 125.5282954958929, "epsilon": 0.5529966060795811, "gamma": 0.17617498916283542}, "datetime": {"datetime": "2021-09-27 17:14:38", "elapsed": 87.966498, "delta": 1.457689}}
{"target": -13.03215960670602, "params": {"C": 186.75396913845265, "epsilon": 0.31106269990774, "gamma": 0.11268790221555487}, "datetime": {"datetime": "2021-09-27 17:14:39", "elapsed": 89.187501, "delta": 1.221003}}
{"target": -10.674196911634175, "params": {"C": 167.23286138661413, "epsilon": 0.5955663730133135, "gamma": 0.04404696561752016}, "datetime": {"datetime": "2021-09-27 17:14:40", "elapsed": 90.0225, "delta": 0.834999}}
{"target": -12.697531334677686, "params": {"C": 167.27432454632122, "epsilon": 0.4456574410687002, "gamma": 0.10462112238183734}, "datetime": {"datetime": "2021-09-27 17:14:41", "elapsed": 91.220378, "delta": 1.197878}}
{"target": -13.347221322466874, "params": {"C": 167.03973960112563, "epsilon": 0.5955869832524334, "gamma": 0.1202850931026096}, "datetime": {"datetime": "2021-09-27 17:14:42", "elapsed": 92.369916, "delta": 1.149538}}
{"target": -10.916503082731968, "params": {"C": 167.34994666515973, "epsilon": 0.7300236037470105, "gamma": 0.013266707484968328}, "datetime": {"datetime": "2021-09-27 17:14:44", "elapsed": 93.791204, "delta": 1.421288}}
{"target": -11.342014214179223, "params": {"C": 213.51651142858765, "epsilon": 1.0, "gamma": 0.01}, "datetime": {"datetime": "2021-09-27 17:14:45", "elapsed": 94.720051, "delta": 0.928847}}
{"target": -15.303185188638654, "params": {"C": 270.25752935996275, "epsilon": 0.6187766089838677, "gamma": 0.18417568237067844}, "datetime": {"datetime": "2021-09-27 17:14:46", "elapsed": 95.579242, "delta": 0.859191}}
{"target": -13.884238515162185, "params": {"C": 167.2966739853835, "epsilon": 0.6711763341861677, "gamma": 0.13860264066944553}, "datetime": {"datetime": "2021-09-27 17:14:47", "elapsed": 96.965371, "delta": 1.386129}}
{"target": -12.16883280114773, "params": {"C": 152.84454167521642, "epsilon": 0.07274433527901027, "gamma": 0.10273894446372207}, "datetime": {"datetime": "2021-09-27 17:14:48", "elapsed": 97.698903, "delta": 0.733532}}
{"target": -11.294600220930318, "params": {"C": 215.84053571118156, "epsilon": 0.959942698803532, "gamma": 0.01}, "datetime": {"datetime": "2021-09-27 17:14:49", "elapsed": 99.147256, "delta": 1.448353}}
{"target": -12.11367193111494, "params": {"C": 187.02421198808344, "epsilon": 0.4768331253180416, "gamma": 0.08569305951235573}, "datetime": {"datetime": "2021-09-27 17:14:51", "elapsed": 100.605251, "delta": 1.457995}}
{"target": -14.735514131791572, "params": {"C": 291.55846017687554, "epsilon": 0.15742206011385554, "gamma": 0.16348672796428074}, "datetime": {"datetime": "2021-09-27 17:14:52", "elapsed": 101.474457, "delta": 0.869206}}
{"target": -10.841173628003276, "params": {"C": 192.24752895703242, "epsilon": 0.8390551132906973, "gamma": 0.01570275387292514}, "datetime": {"datetime": "2021-09-27 17:14:53", "elapsed": 102.921461, "delta": 1.447004}}
{"target": -11.10523206248039, "params": {"C": 266.97429116859036, "epsilon": 0.8066958814840112, "gamma": 0.01}, "datetime": {"datetime": "2021-09-27 17:14:54", "elapsed": 104.193459, "delta": 1.271998}}
{"target": -12.687277615493029, "params": {"C": 267.04408897662626, "epsilon": 0.9943984310533038, "gamma": 0.08056209439742867}, "datetime": {"datetime": "2021-09-27 17:14:56", "elapsed": 105.613062, "delta": 1.419603}}
{"target": -13.921924737689398, "params": {"C": 148.5641881010559, "epsilon": 0.6490788641576418, "gamma": 0.1473760749486196}, "datetime": {"datetime": "2021-09-27 17:14:57", "elapsed": 106.505058, "delta": 0.891996}}
{"target": -11.739441845701522, "params": {"C": 187.0118622018566, "epsilon": 0.16900818556470262, "gamma": 0.08576088511635276}, "datetime": {"datetime": "2021-09-27 17:14:58", "elapsed": 107.793271, "delta": 1.288213}}
{"target": -11.045771672004534, "params": {"C": 266.8913961013588, "epsilon": 0.634468185801022, "gamma": 0.01}, "datetime": {"datetime": "2021-09-27 17:14:59", "elapsed": 109.066079, "delta": 1.272808}}
{"target": -10.65769416058598, "params": {"C": 156.51272601646974, "epsilon": 0.9206815262509849, "gamma": 0.030246524803202245}, "datetime": {"datetime": "2021-09-27 17:15:01", "elapsed": 110.525082, "delta": 1.459003}}
{"target": -15.320497219299156, "params": {"C": 156.476485639637, "epsilon": 0.9555603173569456, "gamma": 0.2021884283990865}, "datetime": {"datetime": "2021-09-27 17:15:02", "elapsed": 111.956078, "delta": 1.430996}}
{"target": -10.61957033977117, "params": {"C": 163.89497235740157, "epsilon": 0.5933334684829696, "gamma": 0.038831766657677916}, "datetime": {"datetime": "2021-09-27 17:15:03", "elapsed": 113.20997, "delta": 1.253892}}
{"target": -10.400984332769426, "params": {"C": 281.5034074034382, "epsilon": 0.8484703501415576, "gamma": 0.02038788726165925}, "datetime": {"datetime": "2021-09-27 17:15:04", "elapsed": 114.380976, "delta": 1.171006}}
{"target": -10.447645804285722, "params": {"C": 156.45073008441327, "epsilon": 0.7384170617334004, "gamma": 0.03113303975258877}, "datetime": {"datetime": "2021-09-27 17:15:06", "elapsed": 115.798508, "delta": 1.417532}}
{"target": -11.342252751334122, "params": {"C": 213.22592412986995, "epsilon": 1.0, "gamma": 0.01}, "datetime": {"datetime": "2021-09-27 17:15:07", "elapsed": 117.096299, "delta": 1.297791}}
{"target": -11.501376300577498, "params": {"C": 281.6465124007958, "epsilon": 0.79221330307295, "gamma": 0.05987811812167695}, "datetime": {"datetime": "2021-09-27 17:15:08", "elapsed": 118.261302, "delta": 1.165003}}
{"target": -10.404802369116691, "params": {"C": 156.60187932641995, "epsilon": 0.738651196410261, "gamma": 0.027375910208339106}, "datetime": {"datetime": "2021-09-27 17:15:09", "elapsed": 119.309533, "delta": 1.048231}}
{"target": -14.167768870259248, "params": {"C": 141.82981722390767, "epsilon": 0.43989542998352693, "gamma": 0.16853604194247154}, "datetime": {"datetime": "2021-09-27 17:15:10", "elapsed": 119.949444, "delta": 0.639911}}
{"target": -13.782277787280812, "params": {"C": 281.571426347454, "epsilon": 0.9827714518656183, "gamma": 0.10545592836444584}, "datetime": {"datetime": "2021-09-27 17:15:11", "elapsed": 121.316186, "delta": 1.366742}}
{"target": -10.625607257265628, "params": {"C": 164.06379359935443, "epsilon": 0.6650450000124278, "gamma": 0.040391529683604675}, "datetime": {"datetime": "2021-09-27 17:15:13", "elapsed": 122.758739, "delta": 1.442553}}
{"target": -10.723416495532682, "params": {"C": 171.37053238254475, "epsilon": 0.22443857962725894, "gamma": 0.05068321664708929}, "datetime": {"datetime": "2021-09-27 17:15:14", "elapsed": 123.591136, "delta": 0.832397}}
{"target": -15.545916973789744, "params": {"C": 263.36292970004996, "epsilon": 0.8650074484605267, "gamma": 0.20678002697411416}, "datetime": {"datetime": "2021-09-27 17:15:14", "elapsed": 124.261191, "delta": 0.670055}}
{"target": -15.276945145802747, "params": {"C": 164.04895853333497, "epsilon": 0.6536880792230053, "gamma": 0.2063538927595693}, "datetime": {"datetime": "2021-09-27 17:15:16", "elapsed": 125.694736, "delta": 1.433545}}
{"target": -10.30142190662346, "params": {"C": 171.5058442267433, "epsilon": 0.16396560389435721, "gamma": 0.025430081404003387}, "datetime": {"datetime": "2021-09-27 17:15:17", "elapsed": 126.678728, "delta": 0.983992}}
{"target": -13.030918952158013, "params": {"C": 171.55062320161073, "epsilon": 0.3253449500521915, "gamma": 0.11572942220017098}, "datetime": {"datetime": "2021-09-27 17:15:18", "elapsed": 127.993694, "delta": 1.314966}}
{"target": -14.083508585225573, "params": {"C": 156.46866367495122, "epsilon": 0.6118328006156499, "gamma": 0.15196498682364304}, "datetime": {"datetime": "2021-09-27 17:15:20", "elapsed": 129.4339, "delta": 1.440206}}
{"target": -12.456407760144964, "params": {"C": 100.06290572484009, "epsilon": 0.4953697615575448, "gamma": 0.1132544158544099}, "datetime": {"datetime": "2021-09-27 17:15:20", "elapsed": 130.293888, "delta": 0.859988}}
{"target": -14.236433790421623, "params": {"C": 171.51966396233604, "epsilon": 0.03363499404783807, "gamma": 0.18307524914097345}, "datetime": {"datetime": "2021-09-27 17:15:22", "elapsed": 131.924539, "delta": 1.630651}}
{"target": -11.91842709548908, "params": {"C": 204.61840284657262, "epsilon": 0.3892288777266835, "gamma": 0.0803728389398507}, "datetime": {"datetime": "2021-09-27 17:15:23", "elapsed": 132.655545, "delta": 0.731006}}
{"target": -14.95660450909567, "params": {"C": 274.485337296009, "epsilon": 0.24423604254424847, "gamma": 0.19584469216169573}, "datetime": {"datetime": "2021-09-27 17:15:24", "elapsed": 133.560596, "delta": 0.905051}}
{"target": -10.825499328232825, "params": {"C": 154.86676942227615, "epsilon": 0.5832677382746901, "gamma": 0.014783351168010973}, "datetime": {"datetime": "2021-09-27 17:15:25", "elapsed": 134.752587, "delta": 1.191991}}
{"target": -14.683675457210384, "params": {"C": 140.79519212222206, "epsilon": 0.004937686534271162, "gamma": 0.23115757059476177}, "datetime": {"datetime": "2021-09-27 17:15:26", "elapsed": 135.741166, "delta": 0.988579}}
{"target": -10.895345707160047, "params": {"C": 102.78018111070769, "epsilon": 0.4005393867257458, "gamma": 0.01}, "datetime": {"datetime": "2021-09-27 17:15:27", "elapsed": 136.933168, "delta": 1.192002}}
{"target": -10.800196372092218, "params": {"C": 192.56735038508646, "epsilon": 0.5294388826818952, "gamma": 0.01574800348777907}, "datetime": {"datetime": "2021-09-27 17:15:28", "elapsed": 138.29157, "delta": 1.358402}}
{"target": -10.61236931946912, "params": {"C": 164.00607365417244, "epsilon": 0.8252812082892635, "gamma": 0.03358681986177258}, "datetime": {"datetime": "2021-09-27 17:15:30", "elapsed": 139.548509, "delta": 1.256939}}
{"target": -10.964705481638589, "params": {"C": 192.7098460049049, "epsilon": 0.6758241312462671, "gamma": 0.01}, "datetime": {"datetime": "2021-09-27 17:15:31", "elapsed": 140.907505, "delta": 1.358996}}
{"target": -15.327321467507856, "params": {"C": 192.67649645825094, "epsilon": 0.6042958889677613, "gamma": 0.2101425614259073}, "datetime": {"datetime": "2021-09-27 17:15:33", "elapsed": 142.448057, "delta": 1.540552}}
{"target": -10.372282065834767, "params": {"C": 177.08596002417102, "epsilon": 0.33562223953218323, "gamma": 0.03521680790053449}, "datetime": {"datetime": "2021-09-27 17:15:34", "elapsed": 143.692598, "delta": 1.244541}}
{"target": -11.008236074369798, "params": {"C": 215.2264387901552, "epsilon": 0.6846677207443116, "gamma": 0.01}, "datetime": {"datetime": "2021-09-27 17:15:35", "elapsed": 144.953598, "delta": 1.261}}
{"target": -13.804117699489371, "params": {"C": 176.88963370154053, "epsilon": 0.2998100430586105, "gamma": 0.1422946080195865}, "datetime": {"datetime": "2021-09-27 17:15:36", "elapsed": 146.137497, "delta": 1.183899}}
{"target": -15.722584124762417, "params": {"C": 218.7323926623486, "epsilon": 0.3708352506468387, "gamma": 0.2819306028630522}, "datetime": {"datetime": "2021-09-27 17:15:37", "elapsed": 146.894277, "delta": 0.75678}}
