{"target": 0.8772799735246717, "params": {"C": 79.86009722346758, "epsilon": 0.5145755666452525, "gamma": 0.1418100179867111}, "datetime": {"datetime": "2021-09-18 14:16:46", "elapsed": 782.067856, "delta": 4.940891}}
{"target": 0.9063596696040563, "params": {"C": 80.07671050385709, "epsilon": 0.3414231162290728, "gamma": 0.07316143845587486}, "datetime": {"datetime": "2021-09-18 14:16:50", "elapsed": 786.224126, "delta": 4.15627}}
{"target": 0.911708253231007, "params": {"C": 112.21168923076098, "epsilon": 0.6244842896455077, "gamma": 0.05362175856063495}, "datetime": {"datetime": "2021-09-18 14:16:54", "elapsed": 789.988728, "delta": 3.764602}}
{"target": 0.9131802473440976, "params": {"C": 103.35883812188219, "epsilon": 0.22187727578564412, "gamma": 0.055780520783342794}, "datetime": {"datetime": "2021-09-18 14:16:58", "elapsed": 794.180098, "delta": 4.19137}}
{"target": 0.907355378809404, "params": {"C": 87.08851939751382, "epsilon": 0.8380970011096905, "gamma": 0.059826449715886666}, "datetime": {"datetime": "2021-09-18 14:17:02", "elapsed": 798.191381, "delta": 4.011283}}
{"target": 0.9114283874700186, "params": {"C": 98.43270489165205, "epsilon": 0.33618947022795437, "gamma": 0.05}, "datetime": {"datetime": "2021-09-18 14:17:07", "elapsed": 802.878993, "delta": 4.687612}}
{"target": 0.8930807937762538, "params": {"C": 86.80701397921973, "epsilon": 0.6664250626067793, "gamma": 0.10686751522120211}, "datetime": {"datetime": "2021-09-18 14:17:09", "elapsed": 804.786805, "delta": 1.907812}}
{"target": 0.9110108178105955, "params": {"C": 100.12846239058777, "epsilon": 0.3947626333082754, "gamma": 0.06121050995043135}, "datetime": {"datetime": "2021-09-18 14:17:13", "elapsed": 809.125675, "delta": 4.33887}}
{"target": 0.8772178924902331, "params": {"C": 119.841136379019, "epsilon": 0.9665894465366417, "gamma": 0.12200023735701979}, "datetime": {"datetime": "2021-09-18 14:17:15", "elapsed": 811.014475, "delta": 1.8888}}
{"target": 0.8898408347942661, "params": {"C": 77.48940121166385, "epsilon": 0.1671138410246213, "gamma": 0.1208307330157176}, "datetime": {"datetime": "2021-09-18 14:17:17", "elapsed": 812.917128, "delta": 1.902653}}
{"target": 0.8980898460447901, "params": {"C": 55.13143046261208, "epsilon": 0.09739730080936584, "gamma": 0.09427739676900848}, "datetime": {"datetime": "2021-09-18 14:17:19", "elapsed": 814.674621, "delta": 1.757493}}
{"target": 0.8856042388376388, "params": {"C": 100.12343405517441, "epsilon": 0.4602567962089589, "gamma": 0.12816598442433924}, "datetime": {"datetime": "2021-09-18 14:17:24", "elapsed": 819.818993, "delta": 5.144372}}
{"target": 0.9080216414505407, "params": {"C": 87.17922497274533, "epsilon": 0.732897586857385, "gamma": 0.05}, "datetime": {"datetime": "2021-09-18 14:17:30", "elapsed": 825.616695, "delta": 5.797702}}
{"target": 0.9118956962981662, "params": {"C": 100.11818353166717, "epsilon": 0.3187279746556464, "gamma": 0.05034304090148396}, "datetime": {"datetime": "2021-09-18 14:17:35", "elapsed": 830.547967, "delta": 4.931272}}
{"target": 0.9124621796808602, "params": {"C": 112.20511598844845, "epsilon": 0.48223802444110797, "gamma": 0.05593601083874336}, "datetime": {"datetime": "2021-09-18 14:17:41", "elapsed": 837.153545, "delta": 6.605578}}
{"target": 0.8637633088642047, "params": {"C": 111.16761844705871, "epsilon": 0.7621375550379261, "gamma": 0.14935775565619136}, "datetime": {"datetime": "2021-09-18 14:17:43", "elapsed": 839.172784, "delta": 2.019239}}
{"target": 0.886262400076726, "params": {"C": 112.12378485384225, "epsilon": 0.4165640299274242, "gamma": 0.12739310513695234}, "datetime": {"datetime": "2021-09-18 14:17:49", "elapsed": 844.900749, "delta": 5.727965}}
{"target": 0.9002293472276671, "params": {"C": 104.22114463506888, "epsilon": 0.9942008457867109, "gamma": 0.08623328623314874}, "datetime": {"datetime": "2021-09-18 14:17:53", "elapsed": 849.322146, "delta": 4.421397}}
{"target": 0.9134336601301807, "params": {"C": 96.94927824334465, "epsilon": 0.058784747456201464, "gamma": 0.050168804802805514}, "datetime": {"datetime": "2021-09-18 14:17:59", "elapsed": 855.161174, "delta": 5.839028}}
{"target": 0.9017446165769164, "params": {"C": 71.39628343023114, "epsilon": 0.14875803607126825, "gamma": 0.08875993057539075}, "datetime": {"datetime": "2021-09-18 14:18:01", "elapsed": 857.23101, "delta": 2.069836}}
{"target": 0.9117014011107688, "params": {"C": 112.27869334715069, "epsilon": 0.5725508288526292, "gamma": 0.060248195957523745}, "datetime": {"datetime": "2021-09-18 14:18:06", "elapsed": 862.382463, "delta": 5.151453}}
{"target": 0.9085463117194086, "params": {"C": 104.02768675838345, "epsilon": 0.8697829405081762, "gamma": 0.06132928941011176}, "datetime": {"datetime": "2021-09-18 14:18:11", "elapsed": 867.272978, "delta": 4.890515}}
{"target": 0.9105435120055141, "params": {"C": 104.04502298026486, "epsilon": 0.6887894312984048, "gamma": 0.05859981152132446}, "datetime": {"datetime": "2021-09-18 14:18:17", "elapsed": 872.908054, "delta": 5.635076}}
{"target": 0.9102426463911927, "params": {"C": 113.12607522388046, "epsilon": 0.3545637799293921, "gamma": 0.06860487258256102}, "datetime": {"datetime": "2021-09-18 14:18:19", "elapsed": 874.794878, "delta": 1.886824}}
{"target": 0.8700818393216876, "params": {"C": 104.15683566867827, "epsilon": 0.7058312278665715, "gamma": 0.14273949771773548}, "datetime": {"datetime": "2021-09-18 14:18:24", "elapsed": 880.060299, "delta": 5.265421}}
{"target": 0.9107482081585918, "params": {"C": 103.94861864858063, "epsilon": 0.6539884514820009, "gamma": 0.05}, "datetime": {"datetime": "2021-09-18 14:18:31", "elapsed": 886.599754, "delta": 6.539455}}
{"target": 0.910066108636949, "params": {"C": 103.94656117015384, "epsilon": 0.7786003272869902, "gamma": 0.05487413042812888}, "datetime": {"datetime": "2021-09-18 14:18:35", "elapsed": 891.435733, "delta": 4.835979}}
{"target": 0.8832482754367998, "params": {"C": 87.7942004103283, "epsilon": 0.04692161115061627, "gamma": 0.13832128110478908}, "datetime": {"datetime": "2021-09-18 14:18:38", "elapsed": 893.718844, "delta": 2.283111}}
{"target": 0.906482069999486, "params": {"C": 103.93324872407396, "epsilon": 0.9997498503222394, "gamma": 0.06465636735305792}, "datetime": {"datetime": "2021-09-18 14:18:44", "elapsed": 900.135374, "delta": 6.41653}}
{"target": 0.9070492768476921, "params": {"C": 86.74912396306222, "epsilon": 0.8767407966527005, "gamma": 0.05360075939564666}, "datetime": {"datetime": "2021-09-18 14:18:49", "elapsed": 905.46991, "delta": 5.334536}}
{"target": 0.8994287215879414, "params": {"C": 87.28521851355472, "epsilon": 0.8530600009506517, "gamma": 0.08880614671439867}, "datetime": {"datetime": "2021-09-18 14:18:55", "elapsed": 910.897161, "delta": 5.427251}}
{"target": 0.8615261115484726, "params": {"C": 101.59201231511116, "epsilon": 0.9765461604249197, "gamma": 0.1479167731640345}, "datetime": {"datetime": "2021-09-18 14:18:57", "elapsed": 913.263268, "delta": 2.366107}}
{"target": 0.9050181158752176, "params": {"C": 118.16028250109458, "epsilon": 0.7465408819191889, "gamma": 0.08213879823581695}, "datetime": {"datetime": "2021-09-18 14:19:00", "elapsed": 915.578037, "delta": 2.314769}}
{"target": 0.9012391171400621, "params": {"C": 78.34775555786705, "epsilon": 0.6589503255173288, "gamma": 0.08790993988586727}, "datetime": {"datetime": "2021-09-18 14:19:06", "elapsed": 921.873436, "delta": 6.295399}}
{"target": 0.8648348222598526, "params": {"C": 103.93330822470904, "epsilon": 0.8493655239796563, "gamma": 0.14623802285516396}, "datetime": {"datetime": "2021-09-18 14:19:13", "elapsed": 928.510168, "delta": 6.636732}}
{"target": 0.9060313299151319, "params": {"C": 109.19854875169182, "epsilon": 0.7836401035085427, "gamma": 0.07799582413000561}, "datetime": {"datetime": "2021-09-18 14:19:19", "elapsed": 934.577242, "delta": 6.067074}}
{"target": 0.9060864544632585, "params": {"C": 109.24463269945979, "epsilon": 0.6263260183116909, "gamma": 0.08082795114848662}, "datetime": {"datetime": "2021-09-18 14:19:27", "elapsed": 943.047458, "delta": 8.470216}}
{"target": 0.9030580637631824, "params": {"C": 109.36715683525765, "epsilon": 0.7655050738662804, "gamma": 0.08566805840777965}, "datetime": {"datetime": "2021-09-18 14:19:33", "elapsed": 948.746479, "delta": 5.699021}}
{"target": 0.9087944720848562, "params": {"C": 79.57961297888988, "epsilon": 0.5508686740901534, "gamma": 0.05844355774849629}, "datetime": {"datetime": "2021-09-18 14:19:39", "elapsed": 954.959425, "delta": 6.212946}}
{"target": 0.8747761156721203, "params": {"C": 69.63021161943462, "epsilon": 0.9197499855675606, "gamma": 0.1331157210588787}, "datetime": {"datetime": "2021-09-18 14:19:41", "elapsed": 957.268406, "delta": 2.308981}}
{"target": 0.8735208772260464, "params": {"C": 79.60369195884223, "epsilon": 0.7026844559818282, "gamma": 0.1415309520408689}, "datetime": {"datetime": "2021-09-18 14:19:48", "elapsed": 963.779315, "delta": 6.510909}}
{"target": 0.902789294467794, "params": {"C": 51.15003914653197, "epsilon": 0.3974156662889653, "gamma": 0.05375828403739899}, "datetime": {"datetime": "2021-09-18 14:19:50", "elapsed": 965.878755, "delta": 2.09944}}
{"target": 0.8939663948400218, "params": {"C": 84.88548518333235, "epsilon": 0.08697206873111048, "gamma": 0.11305482735501861}, "datetime": {"datetime": "2021-09-18 14:19:56", "elapsed": 971.717488, "delta": 5.838733}}
{"target": 0.8711573795732226, "params": {"C": 115.7734648494895, "epsilon": 0.5040127651880464, "gamma": 0.14512927357290328}, "datetime": {"datetime": "2021-09-18 14:19:58", "elapsed": 973.811651, "delta": 2.094163}}
{"target": 0.9116264842823142, "params": {"C": 115.66058809521107, "epsilon": 0.4813216817529949, "gamma": 0.05966701633244336}, "datetime": {"datetime": "2021-09-18 14:20:04", "elapsed": 980.146929, "delta": 6.335278}}
{"target": 0.9113702006571324, "params": {"C": 115.64048090675116, "epsilon": 0.6073707749302307, "gamma": 0.06116183550303753}, "datetime": {"datetime": "2021-09-18 14:20:11", "elapsed": 987.275954, "delta": 7.129025}}
{"target": 0.908918996032587, "params": {"C": 98.30289241704494, "epsilon": 0.6434009159333827, "gamma": 0.06672577806024}, "datetime": {"datetime": "2021-09-18 14:20:14", "elapsed": 989.658261, "delta": 2.382307}}
{"target": 0.9129412085532228, "params": {"C": 115.53565109633209, "epsilon": 0.5486920034116881, "gamma": 0.05}, "datetime": {"datetime": "2021-09-18 14:20:23", "elapsed": 998.550092, "delta": 8.891831}}
{"target": 0.8824355239304363, "params": {"C": 54.64698976233338, "epsilon": 0.3344665410459829, "gamma": 0.13253793469130454}, "datetime": {"datetime": "2021-09-18 14:20:25", "elapsed": 1001.077525, "delta": 2.527433}}
{"target": 0.9084676087405807, "params": {"C": 115.51779401969542, "epsilon": 0.6747603850156888, "gamma": 0.070837428609049}, "datetime": {"datetime": "2021-09-18 14:20:31", "elapsed": 1007.068915, "delta": 5.99139}}
{"target": 0.8869827574155214, "params": {"C": 115.433184531402, "epsilon": 0.4857223579791194, "gamma": 0.12389733626020001}, "datetime": {"datetime": "2021-09-18 14:20:37", "elapsed": 1013.084557, "delta": 6.015642}}
{"target": 0.9043249339430656, "params": {"C": 67.8268671672112, "epsilon": 0.8469907046835088, "gamma": 0.06081809706784233}, "datetime": {"datetime": "2021-09-18 14:20:40", "elapsed": 1015.522168, "delta": 2.437611}}
{"target": 0.9091042651209746, "params": {"C": 79.67255504385972, "epsilon": 0.49229095002796514, "gamma": 0.05568262211692737}, "datetime": {"datetime": "2021-09-18 14:20:46", "elapsed": 1021.6501, "delta": 6.127932}}
{"target": 0.8881898552805464, "params": {"C": 62.643304860433204, "epsilon": 0.41521399902573214, "gamma": 0.1198804119874211}, "datetime": {"datetime": "2021-09-18 14:20:48", "elapsed": 1024.049049, "delta": 2.398949}}
{"target": 0.9093994976559616, "params": {"C": 98.24179734655232, "epsilon": 0.7632025462942933, "gamma": 0.05}, "datetime": {"datetime": "2021-09-18 14:20:55", "elapsed": 1031.314072, "delta": 7.265023}}
{"target": 0.9067423352262687, "params": {"C": 98.15382296233514, "epsilon": 0.6624054519253075, "gamma": 0.07447258502429407}, "datetime": {"datetime": "2021-09-18 14:21:02", "elapsed": 1037.695486, "delta": 6.381414}}
{"target": 0.9072599051701932, "params": {"C": 98.39737987603161, "epsilon": 0.7621030522946716, "gamma": 0.07088188868086473}, "datetime": {"datetime": "2021-09-18 14:21:07", "elapsed": 1043.328129, "delta": 5.632643}}
{"target": 0.8670316013037811, "params": {"C": 98.23240998059816, "epsilon": 0.869475671603243, "gamma": 0.14315441738899787}, "datetime": {"datetime": "2021-09-18 14:21:13", "elapsed": 1049.331799, "delta": 6.00367}}
{"target": 0.9011362382177734, "params": {"C": 115.62725302633652, "epsilon": 0.7407964393893239, "gamma": 0.09093956984306154}, "datetime": {"datetime": "2021-09-18 14:21:20", "elapsed": 1055.654348, "delta": 6.322549}}
{"target": 0.8704154998953832, "params": {"C": 98.21634154614529, "epsilon": 0.5329354425930833, "gamma": 0.14865098821023054}, "datetime": {"datetime": "2021-09-18 14:21:26", "elapsed": 1062.319463, "delta": 6.665115}}
{"target": 0.9002960128065887, "params": {"C": 59.74112715701791, "epsilon": 0.8475747879798066, "gamma": 0.07475097711596174}, "datetime": {"datetime": "2021-09-18 14:21:29", "elapsed": 1064.867308, "delta": 2.547845}}
{"target": 0.8969978766503284, "params": {"C": 84.96537337232525, "epsilon": 0.36911823399510085, "gamma": 0.10302888212624883}, "datetime": {"datetime": "2021-09-18 14:21:40", "elapsed": 1076.052743, "delta": 11.185435}}
{"target": 0.8957463244988604, "params": {"C": 75.32516956216031, "epsilon": 0.08653513529855883, "gamma": 0.1065058799012687}, "datetime": {"datetime": "2021-09-18 14:21:43", "elapsed": 1078.695337, "delta": 2.642594}}
{"target": 0.90813055652268, "params": {"C": 79.4614629295047, "epsilon": 0.4753712506848221, "gamma": 0.06387858519648118}, "datetime": {"datetime": "2021-09-18 14:21:49", "elapsed": 1085.184616, "delta": 6.489279}}
{"target": 0.9119883515246435, "params": {"C": 103.56374719952024, "epsilon": 0.5069148810268633, "gamma": 0.053269237358797156}, "datetime": {"datetime": "2021-09-18 14:21:56", "elapsed": 1092.441341, "delta": 7.256725}}
{"target": 0.8994901624806981, "params": {"C": 95.7912059898987, "epsilon": 0.4821634136522926, "gamma": 0.09601689596646244}, "datetime": {"datetime": "2021-09-18 14:21:59", "elapsed": 1094.694351, "delta": 2.25301}}
{"target": 0.8808679156121497, "params": {"C": 115.56456295805272, "epsilon": 0.5965602903345695, "gamma": 0.1295029573315641}, "datetime": {"datetime": "2021-09-18 14:22:05", "elapsed": 1101.040941, "delta": 6.34659}}
{"target": 0.9126307706959133, "params": {"C": 115.70342459313935, "epsilon": 0.5758706857326645, "gamma": 0.05015303327303127}, "datetime": {"datetime": "2021-09-18 14:22:11", "elapsed": 1107.157574, "delta": 6.116633}}
{"target": 0.9042446739643765, "params": {"C": 103.51246378697311, "epsilon": 0.5978961579541883, "gamma": 0.08540355087003254}, "datetime": {"datetime": "2021-09-18 14:22:17", "elapsed": 1113.232202, "delta": 6.074628}}
{"target": 0.9112063587834063, "params": {"C": 115.50322443111745, "epsilon": 0.7803091045217293, "gamma": 0.05519547006899548}, "datetime": {"datetime": "2021-09-18 14:22:23", "elapsed": 1118.990039, "delta": 5.757837}}
{"target": 0.8892150948284714, "params": {"C": 115.40627217694285, "epsilon": 0.7458553604214324, "gamma": 0.11198648334482814}, "datetime": {"datetime": "2021-09-18 14:22:30", "elapsed": 1125.78188, "delta": 6.791841}}
{"target": 0.8911226415463039, "params": {"C": 86.62682191102635, "epsilon": 0.8306377798782145, "gamma": 0.10663629813098777}, "datetime": {"datetime": "2021-09-18 14:22:38", "elapsed": 1133.835141, "delta": 8.053261}}
{"target": 0.9015764992992436, "params": {"C": 81.72442811363288, "epsilon": 0.9878434258983143, "gamma": 0.07537033674769276}, "datetime": {"datetime": "2021-09-18 14:22:40", "elapsed": 1136.188478, "delta": 2.353337}}
{"target": 0.8848152258463231, "params": {"C": 74.33429580211282, "epsilon": 0.5121951445686801, "gamma": 0.12744608087471165}, "datetime": {"datetime": "2021-09-18 14:22:43", "elapsed": 1138.592822, "delta": 2.404344}}
{"target": 0.8787432835027444, "params": {"C": 79.56125897322926, "epsilon": 0.46407099064887786, "gamma": 0.1413167841938573}, "datetime": {"datetime": "2021-09-18 14:22:48", "elapsed": 1144.266844, "delta": 5.674022}}
{"target": 0.9114528955760466, "params": {"C": 104.03292985036049, "epsilon": 0.5756231404067206, "gamma": 0.05}, "datetime": {"datetime": "2021-09-18 14:22:58", "elapsed": 1153.716658, "delta": 9.449814}}
{"target": 0.9056466313199993, "params": {"C": 73.2249980892801, "epsilon": 0.7273828892276634, "gamma": 0.05}, "datetime": {"datetime": "2021-09-18 14:23:06", "elapsed": 1161.652835, "delta": 7.936177}}
{"target": 0.9087722908764375, "params": {"C": 115.56621537908964, "epsilon": 0.8825734458588136, "gamma": 0.062239222029583735}, "datetime": {"datetime": "2021-09-18 14:23:14", "elapsed": 1170.206094, "delta": 8.553259}}
{"target": 0.9078576271319669, "params": {"C": 79.37800706632687, "epsilon": 0.3869687291261271, "gamma": 0.05071882348297682}, "datetime": {"datetime": "2021-09-18 14:23:20", "elapsed": 1175.874858, "delta": 5.668764}}
{"target": 0.9124725121209537, "params": {"C": 104.06214320668371, "epsilon": 0.29380454398029016, "gamma": 0.05}, "datetime": {"datetime": "2021-09-18 14:23:26", "elapsed": 1182.109546, "delta": 6.234688}}
{"target": 0.8929590478615155, "params": {"C": 104.18708622999284, "epsilon": 0.20818404095636037, "gamma": 0.11713333094153101}, "datetime": {"datetime": "2021-09-18 14:23:37", "elapsed": 1192.685526, "delta": 10.57598}}
{"target": 0.9113326566579014, "params": {"C": 94.56528919549714, "epsilon": 0.2513537950682019, "gamma": 0.05}, "datetime": {"datetime": "2021-09-18 14:23:45", "elapsed": 1201.261761, "delta": 8.576235}}
{"target": 0.9005085666006434, "params": {"C": 94.48699317589235, "epsilon": 0.28358288145763444, "gamma": 0.0965901779687969}, "datetime": {"datetime": "2021-09-18 14:23:52", "elapsed": 1208.091446, "delta": 6.829685}}
{"target": 0.9100692181501546, "params": {"C": 79.49965965817603, "epsilon": 0.24107698530621438, "gamma": 0.05792240347355028}, "datetime": {"datetime": "2021-09-18 14:23:57", "elapsed": 1213.311102, "delta": 5.219656}}
{"target": 0.9005896390464478, "params": {"C": 79.3833205172633, "epsilon": 0.23958984997161004, "gamma": 0.09602236442152995}, "datetime": {"datetime": "2021-09-18 14:24:03", "elapsed": 1219.441524, "delta": 6.130422}}
{"target": 0.9069262130247941, "params": {"C": 79.61908532219758, "epsilon": 0.16718126825648588, "gamma": 0.07499459542531858}, "datetime": {"datetime": "2021-09-18 14:24:12", "elapsed": 1228.366576, "delta": 8.925052}}
{"target": 0.8787625424135262, "params": {"C": 79.51904497351188, "epsilon": 0.12376726376872374, "gamma": 0.14674343482005986}, "datetime": {"datetime": "2021-09-18 14:24:19", "elapsed": 1235.346412, "delta": 6.979836}}
{"target": 0.9119378198725058, "params": {"C": 100.0049979279942, "epsilon": 0.2851876523492193, "gamma": 0.05}, "datetime": {"datetime": "2021-09-18 14:24:26", "elapsed": 1241.489088, "delta": 6.142676}}
{"target": 0.8908155587144622, "params": {"C": 100.00958433175964, "epsilon": 0.20039461035713696, "gamma": 0.12178925044203334}, "datetime": {"datetime": "2021-09-18 14:24:32", "elapsed": 1247.609495, "delta": 6.120407}}
{"target": 0.8659203216280585, "params": {"C": 79.19154032918019, "epsilon": 0.7259180035733149, "gamma": 0.010004574992693796}, "datetime": {"datetime": "2021-09-18 14:29:14", "elapsed": 0.0, "delta": 0.0}}
{"target": 0.8743133744498065, "params": {"C": 71.16328008422879, "epsilon": 0.16382077300077078, "gamma": 0.013693543790751913}, "datetime": {"datetime": "2021-09-18 14:29:14", "elapsed": 0.041997, "delta": 0.041997}}
{"target": 0.8847722372109641, "params": {"C": 63.03821479643696, "epsilon": 0.3586495125021868, "gamma": 0.0258706989692268}, "datetime": {"datetime": "2021-09-18 14:29:14", "elapsed": 0.091003, "delta": 0.049006}}
{"target": 0.9017590932429206, "params": {"C": 87.71717138023499, "epsilon": 0.4308106241152289, "gamma": 0.037408780015870384}, "datetime": {"datetime": "2021-09-18 14:29:14", "elapsed": 0.137997, "delta": 0.046994}}
{"target": 0.8779979574025902, "params": {"C": 87.83612469131964, "epsilon": 0.32884728284744685, "gamma": 0.014785379829020954}, "datetime": {"datetime": "2021-09-18 14:29:14", "elapsed": 0.218999, "delta": 0.081002}}
{"target": 0.8782039480403725, "params": {"C": 87.26085442221921, "epsilon": 0.7916363286268597, "gamma": 0.016995990991229917}, "datetime": {"datetime": "2021-09-18 14:29:14", "elapsed": 0.296999, "delta": 0.078}}
{"target": 0.905076663318931, "params": {"C": 91.70911115438565, "epsilon": 0.275804410134655, "gamma": 0.039869158240683496}, "datetime": {"datetime": "2021-09-18 14:29:14", "elapsed": 0.398998, "delta": 0.101999}}
{"target": 0.9059024457089757, "params": {"C": 65.92604076032686, "epsilon": 0.1724781974404531, "gamma": 0.047892138043086695}, "datetime": {"datetime": "2021-09-18 14:29:14", "elapsed": 0.504999, "delta": 0.106001}}
{"target": 0.8769477045123879, "params": {"C": 100.83792363168541, "epsilon": 0.7340397735736781, "gamma": 0.017787521263291008}, "datetime": {"datetime": "2021-09-18 14:29:14", "elapsed": 0.609001, "delta": 0.104002}}
{"target": 0.8910224380410963, "params": {"C": 82.91726834732522, "epsilon": 0.43502285713783057, "gamma": 0.028876506812277325}, "datetime": {"datetime": "2021-09-18 14:29:14", "elapsed": 0.718996, "delta": 0.109995}}
{"target": 0.897619125948041, "params": {"C": 116.88119028788367, "epsilon": 0.6707899875252067, "gamma": 0.028828825597167297}, "datetime": {"datetime": "2021-09-18 14:29:14", "elapsed": 0.820996, "delta": 0.102}}
{"target": 0.9060363411179505, "params": {"C": 84.21129060123972, "epsilon": 0.8443551002576285, "gamma": 0.04916273753458309}, "datetime": {"datetime": "2021-09-18 14:29:14", "elapsed": 0.917, "delta": 0.096004}}
