{"target": 0.9061267884332611, "params": {"C": 152.3222021608467, "epsilon": 0.3503243148648039, "gamma": 0.0971912670306933}, "datetime": {"datetime": "2021-09-18 14:27:28", "elapsed": 1.140945, "delta": 0.135959}}
{"target": 0.9067022031515147, "params": {"C": 195.9901017987076, "epsilon": 0.5379757043567972, "gamma": 0.09707206399291823}, "datetime": {"datetime": "2021-09-18 14:27:28", "elapsed": 1.267946, "delta": 0.127001}}
{"target": 0.8898035564539288, "params": {"C": 153.9859450587368, "epsilon": 0.6761193655111737, "gamma": 0.1479068438364577}, "datetime": {"datetime": "2021-09-18 14:27:28", "elapsed": 1.384948, "delta": 0.117002}}
{"target": 0.8969833863969454, "params": {"C": 139.02254834931682, "epsilon": 0.615557650046302, "gamma": 0.13569616655768146}, "datetime": {"datetime": "2021-09-18 14:27:28", "elapsed": 1.52095, "delta": 0.136002}}
{"target": 0.8901393117197935, "params": {"C": 186.94526360439227, "epsilon": 0.5810946030249682, "gamma": 0.14119709236099398}, "datetime": {"datetime": "2021-09-18 14:27:28", "elapsed": 1.673955, "delta": 0.153005}}
{"target": 0.9083869474200618, "params": {"C": 170.94003736408928, "epsilon": 0.44737061330891664, "gamma": 0.08832091671387048}, "datetime": {"datetime": "2021-09-18 14:27:29", "elapsed": 1.820948, "delta": 0.146993}}
{"target": 0.9009418899730152, "params": {"C": 122.66804909027768, "epsilon": 0.12871605438065656, "gamma": 0.08168323118512143}, "datetime": {"datetime": "2021-09-18 14:27:29", "elapsed": 1.963017, "delta": 0.142069}}
{"target": 0.8948784711024814, "params": {"C": 134.66004209157242, "epsilon": 0.6161917549840494, "gamma": 0.05668705456603151}, "datetime": {"datetime": "2021-09-18 14:27:29", "elapsed": 2.088016, "delta": 0.124999}}
{"target": 0.9100286251449267, "params": {"C": 194.53966034227597, "epsilon": 0.7609602630360144, "gamma": 0.07791314237408063}, "datetime": {"datetime": "2021-09-18 14:27:29", "elapsed": 2.228016, "delta": 0.14}}
{"target": 0.8986397686477977, "params": {"C": 163.83818165552825, "epsilon": 0.10790760470141035, "gamma": 0.06167775096844278}, "datetime": {"datetime": "2021-09-18 14:27:29", "elapsed": 2.374856, "delta": 0.14684}}
{"target": 0.9014288837720145, "params": {"C": 165.22621946460953, "epsilon": 0.4547656786001045, "gamma": 0.11536069203017797}, "datetime": {"datetime": "2021-09-18 14:27:29", "elapsed": 2.540917, "delta": 0.166061}}
{"target": 0.8969646710506974, "params": {"C": 111.51313985263361, "epsilon": 0.22151833285819428, "gamma": 0.1300584705694262}, "datetime": {"datetime": "2021-09-18 14:27:29", "elapsed": 2.676845, "delta": 0.135928}}
{"target": 0.8962164476785085, "params": {"C": 138.10934344063452, "epsilon": 0.4460815213709877, "gamma": 0.13267582629678548}, "datetime": {"datetime": "2021-09-18 14:27:30", "elapsed": 2.808845, "delta": 0.132}}
{"target": 0.9025551152974318, "params": {"C": 151.75654662271344, "epsilon": 0.12596167993674234, "gamma": 0.10673333050269374}, "datetime": {"datetime": "2021-09-18 14:27:30", "elapsed": 2.970848, "delta": 0.162003}}
{"target": 0.8876526284147686, "params": {"C": 192.0261303188325, "epsilon": 0.5056861556733341, "gamma": 0.14692817616310472}, "datetime": {"datetime": "2021-09-18 14:27:30", "elapsed": 3.122849, "delta": 0.152001}}
{"target": 0.9012918981164793, "params": {"C": 182.36412241323507, "epsilon": 0.2680084082697156, "gamma": 0.1106529419087983}, "datetime": {"datetime": "2021-09-18 14:27:30", "elapsed": 3.289849, "delta": 0.167}}
{"target": 0.8992394860241105, "params": {"C": 130.703766366188, "epsilon": 0.0705337176765456, "gamma": 0.12038456474178885}, "datetime": {"datetime": "2021-09-18 14:27:30", "elapsed": 3.46365, "delta": 0.173801}}
{"target": 0.8917810850037218, "params": {"C": 187.22786475390464, "epsilon": 0.6856409546049504, "gamma": 0.1382185235476146}, "datetime": {"datetime": "2021-09-18 14:27:30", "elapsed": 3.640337, "delta": 0.176687}}
{"target": 0.9098747553784996, "params": {"C": 194.8645990464516, "epsilon": 0.7110430821246092, "gamma": 0.08214129244574928}, "datetime": {"datetime": "2021-09-18 14:27:31", "elapsed": 3.946702, "delta": 0.306365}}
{"target": 0.9072136341204557, "params": {"C": 185.52835788795096, "epsilon": 0.34643817339004873, "gamma": 0.07960894173739812}, "datetime": {"datetime": "2021-09-18 14:27:31", "elapsed": 4.120743, "delta": 0.174041}}
{"target": 0.9080273611645533, "params": {"C": 194.831812232778, "epsilon": 0.6979258742558998, "gamma": 0.09317928335793234}, "datetime": {"datetime": "2021-09-18 14:27:31", "elapsed": 4.3357, "delta": 0.214957}}
{"target": 0.8988620570591637, "params": {"C": 195.1195402315264, "epsilon": 0.7377208491411774, "gamma": 0.12004312970887293}, "datetime": {"datetime": "2021-09-18 14:27:31", "elapsed": 4.535701, "delta": 0.200001}}
{"target": 0.8933652203433852, "params": {"C": 113.86927975567993, "epsilon": 0.34359310498360673, "gamma": 0.050529157301106756}, "datetime": {"datetime": "2021-09-18 14:27:31", "elapsed": 4.702509, "delta": 0.166808}}
{"target": 0.902630309027703, "params": {"C": 194.47805233822717, "epsilon": 0.6336794431808005, "gamma": 0.06446818422396486}, "datetime": {"datetime": "2021-09-18 14:27:32", "elapsed": 5.062465, "delta": 0.359956}}
{"target": 0.8985084084454815, "params": {"C": 194.7468391482402, "epsilon": 0.7968845284383448, "gamma": 0.05651981814883052}, "datetime": {"datetime": "2021-09-18 14:27:32", "elapsed": 5.383843, "delta": 0.321378}}
{"target": 0.897975368895211, "params": {"C": 194.92920232941884, "epsilon": 0.6554618452010283, "gamma": 0.12252449752183635}, "datetime": {"datetime": "2021-09-18 14:27:32", "elapsed": 5.617972, "delta": 0.234129}}
{"target": 0.9004439542851226, "params": {"C": 119.28811412097515, "epsilon": 0.06457611696599912, "gamma": 0.08696460782110318}, "datetime": {"datetime": "2021-09-18 14:27:33", "elapsed": 5.803158, "delta": 0.185186}}
{"target": 0.8970873099681269, "params": {"C": 149.32240462911673, "epsilon": 0.1709085539070538, "gamma": 0.05757659151819943}, "datetime": {"datetime": "2021-09-18 14:27:33", "elapsed": 5.990595, "delta": 0.187437}}
{"target": 0.9038200833540585, "params": {"C": 194.85845835637042, "epsilon": 0.759739021676178, "gamma": 0.10982121315333092}, "datetime": {"datetime": "2021-09-18 14:27:33", "elapsed": 6.302253, "delta": 0.311658}}
{"target": 0.9078016851176003, "params": {"C": 194.55183554371376, "epsilon": 0.7152837508306078, "gamma": 0.09479666855919208}, "datetime": {"datetime": "2021-09-18 14:27:33", "elapsed": 6.513254, "delta": 0.211001}}
{"target": 0.9069392525807263, "params": {"C": 194.4879023788992, "epsilon": 0.7680878785047415, "gamma": 0.0708771605765907}, "datetime": {"datetime": "2021-09-18 14:27:33", "elapsed": 6.729541, "delta": 0.216287}}
{"target": 0.8919497809541028, "params": {"C": 170.8925507914139, "epsilon": 0.48871936520842174, "gamma": 0.13929632336279016}, "datetime": {"datetime": "2021-09-18 14:27:34", "elapsed": 6.981323, "delta": 0.251782}}
{"target": 0.902110246733234, "params": {"C": 171.02532125507778, "epsilon": 0.41789940328127867, "gamma": 0.11166612484484084}, "datetime": {"datetime": "2021-09-18 14:27:34", "elapsed": 7.202633, "delta": 0.22131}}
{"target": 0.9005193161783107, "params": {"C": 170.95712126861258, "epsilon": 0.4679316380517734, "gamma": 0.06288235357054939}, "datetime": {"datetime": "2021-09-18 14:27:34", "elapsed": 7.406233, "delta": 0.2036}}
{"target": 0.8974152248354538, "params": {"C": 132.92543096254263, "epsilon": 0.6794822808626784, "gamma": 0.0630656811889874}, "datetime": {"datetime": "2021-09-18 14:27:34", "elapsed": 7.599556, "delta": 0.193323}}
{"target": 0.8915458786283251, "params": {"C": 177.92325535425937, "epsilon": 0.20437369280438825, "gamma": 0.13751905057809988}, "datetime": {"datetime": "2021-09-18 14:27:35", "elapsed": 7.813337, "delta": 0.213781}}
{"target": 0.9012577997943351, "params": {"C": 194.53537451868647, "epsilon": 0.718955348812117, "gamma": 0.06131263522841255}, "datetime": {"datetime": "2021-09-18 14:27:35", "elapsed": 8.034222, "delta": 0.220885}}
{"target": 0.8913323159601394, "params": {"C": 182.9782748386749, "epsilon": 0.602851931392036, "gamma": 0.13895289973463082}, "datetime": {"datetime": "2021-09-18 14:27:35", "elapsed": 8.249347, "delta": 0.215125}}
{"target": 0.9035906456530962, "params": {"C": 170.95434990203816, "epsilon": 0.47985390194029826, "gamma": 0.07049444431363926}, "datetime": {"datetime": "2021-09-18 14:27:35", "elapsed": 8.457302, "delta": 0.207955}}
{"target": 0.9033058256229763, "params": {"C": 194.848970691462, "epsilon": 0.753355200266958, "gamma": 0.06509762403998012}, "datetime": {"datetime": "2021-09-18 14:27:35", "elapsed": 8.69617, "delta": 0.238868}}
{"target": 0.9078752907354588, "params": {"C": 185.54013241006294, "epsilon": 0.39046914157176793, "gamma": 0.08017430016867269}, "datetime": {"datetime": "2021-09-18 14:27:36", "elapsed": 8.967937, "delta": 0.271767}}
{"target": 0.9085376721174305, "params": {"C": 194.89141307983152, "epsilon": 0.7236146223797093, "gamma": 0.09114423028353767}, "datetime": {"datetime": "2021-09-18 14:27:36", "elapsed": 9.227413, "delta": 0.259476}}
{"target": 0.8910325269116008, "params": {"C": 194.54704309853187, "epsilon": 0.7559148700859636, "gamma": 0.14047197107097864}, "datetime": {"datetime": "2021-09-18 14:27:36", "elapsed": 9.477909, "delta": 0.250496}}
{"target": 0.8948502538666829, "params": {"C": 185.52188230688915, "epsilon": 0.34522237203465717, "gamma": 0.12946214926522165}, "datetime": {"datetime": "2021-09-18 14:27:37", "elapsed": 9.766062, "delta": 0.288153}}
{"target": 0.8995154392572976, "params": {"C": 185.55629696593704, "epsilon": 0.3433056225058628, "gamma": 0.06108662060260901}, "datetime": {"datetime": "2021-09-18 14:27:37", "elapsed": 10.015067, "delta": 0.249005}}
{"target": 0.9022390063509459, "params": {"C": 182.36907900763157, "epsilon": 0.26490397556508316, "gamma": 0.10737957144304483}, "datetime": {"datetime": "2021-09-18 14:27:37", "elapsed": 10.281127, "delta": 0.26606}}
{"target": 0.8929635297733475, "params": {"C": 113.79835245075941, "epsilon": 0.5329595350705338, "gamma": 0.1491170044657159}, "datetime": {"datetime": "2021-09-18 14:27:37", "elapsed": 10.493164, "delta": 0.212037}}
{"target": 0.8955962281804862, "params": {"C": 152.30872360845848, "epsilon": 0.35562934009866576, "gamma": 0.1309700275427121}, "datetime": {"datetime": "2021-09-18 14:27:38", "elapsed": 10.792421, "delta": 0.299257}}
{"target": 0.8926444562731438, "params": {"C": 119.77755861928979, "epsilon": 0.6560218693533538, "gamma": 0.14746295936787623}, "datetime": {"datetime": "2021-09-18 14:27:38", "elapsed": 11.010015, "delta": 0.217594}}
{"target": 0.9047795758150431, "params": {"C": 188.4572301645172, "epsilon": 0.15930423412333264, "gamma": 0.09187862018952728}, "datetime": {"datetime": "2021-09-18 14:27:38", "elapsed": 11.269073, "delta": 0.259058}}
{"target": 0.9006262163355022, "params": {"C": 116.47209390446542, "epsilon": 0.1417636504121746, "gamma": 0.11774828218984411}, "datetime": {"datetime": "2021-09-18 14:27:38", "elapsed": 11.512692, "delta": 0.243619}}
{"target": 0.908065105716006, "params": {"C": 194.56830914990917, "epsilon": 0.7432675910151313, "gamma": 0.07323016558197826}, "datetime": {"datetime": "2021-09-18 14:27:39", "elapsed": 11.801727, "delta": 0.289035}}
{"target": 0.9066819317553059, "params": {"C": 194.84385231393185, "epsilon": 0.7135117655198271, "gamma": 0.09984128865812311}, "datetime": {"datetime": "2021-09-18 14:27:39", "elapsed": 12.077443, "delta": 0.275716}}
{"target": 0.9093812200192688, "params": {"C": 194.50565081757117, "epsilon": 0.7886069217476142, "gamma": 0.08845088046316701}, "datetime": {"datetime": "2021-09-18 14:27:39", "elapsed": 12.388764, "delta": 0.311321}}
{"target": 0.9016856077875768, "params": {"C": 133.15716001186354, "epsilon": 0.5983756047674621, "gamma": 0.11610215078585859}, "datetime": {"datetime": "2021-09-18 14:27:39", "elapsed": 12.640771, "delta": 0.252007}}
{"target": 0.9061379535093631, "params": {"C": 194.90276882476593, "epsilon": 0.756159322880087, "gamma": 0.10332265053253392}, "datetime": {"datetime": "2021-09-18 14:27:40", "elapsed": 12.949187, "delta": 0.308416}}
{"target": 0.899365126613405, "params": {"C": 117.7623326049161, "epsilon": 0.4468205895078256, "gamma": 0.06450314998652472}, "datetime": {"datetime": "2021-09-18 14:27:40", "elapsed": 13.180767, "delta": 0.23158}}
{"target": 0.906615768764514, "params": {"C": 185.48626930445135, "epsilon": 0.3894762779755713, "gamma": 0.07677383687840303}, "datetime": {"datetime": "2021-09-18 14:27:40", "elapsed": 13.477837, "delta": 0.29707}}
{"target": 0.8953149317727835, "params": {"C": 194.8895019104334, "epsilon": 0.7070519378550465, "gamma": 0.051494302870276835}, "datetime": {"datetime": "2021-09-18 14:27:41", "elapsed": 13.796871, "delta": 0.319034}}
{"target": 0.8998236259276321, "params": {"C": 146.55161082165287, "epsilon": 0.09773835285983565, "gamma": 0.0675950136853387}, "datetime": {"datetime": "2021-09-18 14:27:41", "elapsed": 14.061852, "delta": 0.264981}}
{"target": 0.8999934924189342, "params": {"C": 185.52640210933862, "epsilon": 0.376250113084405, "gamma": 0.06196287082144443}, "datetime": {"datetime": "2021-09-18 14:27:41", "elapsed": 14.402858, "delta": 0.341006}}
{"target": 0.8971043588848474, "params": {"C": 194.59269494246527, "epsilon": 0.7764693271928208, "gamma": 0.05419816383109697}, "datetime": {"datetime": "2021-09-18 14:27:42", "elapsed": 14.756052, "delta": 0.353194}}
{"target": 0.9075303409370541, "params": {"C": 194.5226317481709, "epsilon": 0.779205153691403, "gamma": 0.0715994665651076}, "datetime": {"datetime": "2021-09-18 14:27:42", "elapsed": 15.060047, "delta": 0.303995}}
{"target": 0.9075438246374735, "params": {"C": 194.5133144672173, "epsilon": 0.7375179846874705, "gamma": 0.09643731622448204}, "datetime": {"datetime": "2021-09-18 14:27:42", "elapsed": 15.457583, "delta": 0.397536}}
{"target": 0.904758618711479, "params": {"C": 170.95844308932323, "epsilon": 0.4522044582679564, "gamma": 0.1034864968545755}, "datetime": {"datetime": "2021-09-18 14:27:43", "elapsed": 15.803042, "delta": 0.345459}}
{"target": 0.9045465716626064, "params": {"C": 151.25040646581292, "epsilon": 0.776039638880957, "gamma": 0.10690440656495995}, "datetime": {"datetime": "2021-09-18 14:27:43", "elapsed": 16.086474, "delta": 0.283432}}
{"target": 0.9038944372324147, "params": {"C": 185.5303878800234, "epsilon": 0.41341722966191824, "gamma": 0.10513896581345997}, "datetime": {"datetime": "2021-09-18 14:27:43", "elapsed": 16.444102, "delta": 0.357628}}
{"target": 0.889885352151972, "params": {"C": 122.10208537728457, "epsilon": 0.7521373222043648, "gamma": 0.05094712321935096}, "datetime": {"datetime": "2021-09-18 14:27:43", "elapsed": 16.702882, "delta": 0.25878}}
{"target": 0.8909973286381411, "params": {"C": 194.8774867432274, "epsilon": 0.7451489313693512, "gamma": 0.14037402455503767}, "datetime": {"datetime": "2021-09-18 14:27:44", "elapsed": 17.088234, "delta": 0.385352}}
{"target": 0.90361775163612, "params": {"C": 125.9096377320403, "epsilon": 0.1831864256606617, "gamma": 0.10306004277440792}, "datetime": {"datetime": "2021-09-18 14:27:44", "elapsed": 17.439097, "delta": 0.350863}}
{"target": 0.9023567921745592, "params": {"C": 184.28716685286003, "epsilon": 0.11351567107825498, "gamma": 0.10583088563370627}, "datetime": {"datetime": "2021-09-18 14:27:45", "elapsed": 17.769997, "delta": 0.3309}}
{"target": 0.9043459039154089, "params": {"C": 194.87370662546851, "epsilon": 0.7106786311300878, "gamma": 0.1086309376342447}, "datetime": {"datetime": "2021-09-18 14:27:45", "elapsed": 18.112266, "delta": 0.342269}}
{"target": 0.8916426830810639, "params": {"C": 156.02492027012053, "epsilon": 0.5743899824454795, "gamma": 0.14330380931949183}, "datetime": {"datetime": "2021-09-18 14:27:45", "elapsed": 18.402317, "delta": 0.290051}}
{"target": 0.9042830083783114, "params": {"C": 185.48403272721092, "epsilon": 0.42419833739847196, "gamma": 0.07085242223216662}, "datetime": {"datetime": "2021-09-18 14:27:46", "elapsed": 18.872886, "delta": 0.470569}}
{"target": 0.9056538853439121, "params": {"C": 184.79858629134344, "epsilon": 0.6754574462848936, "gamma": 0.1037488967560313}, "datetime": {"datetime": "2021-09-18 14:27:46", "elapsed": 19.190892, "delta": 0.318006}}
{"target": 0.9076165384459689, "params": {"C": 195.9816904725537, "epsilon": 0.5702604914867757, "gamma": 0.09352692072432216}, "datetime": {"datetime": "2021-09-18 14:27:46", "elapsed": 19.570797, "delta": 0.379905}}
{"target": 0.8953918823536764, "params": {"C": 181.33598438750255, "epsilon": 0.12990443907024238, "gamma": 0.12922616007393906}, "datetime": {"datetime": "2021-09-18 14:27:47", "elapsed": 19.896503, "delta": 0.325706}}
{"target": 0.9057813925439243, "params": {"C": 185.53834792451227, "epsilon": 0.41867944809468516, "gamma": 0.07446172838496887}, "datetime": {"datetime": "2021-09-18 14:27:47", "elapsed": 20.429478, "delta": 0.532975}}
{"target": 0.8990601800941221, "params": {"C": 145.10096590107912, "epsilon": 0.047526459326450804, "gamma": 0.06548503263479548}, "datetime": {"datetime": "2021-09-18 14:27:47", "elapsed": 20.725511, "delta": 0.296033}}
{"target": 0.8926565630607973, "params": {"C": 112.28772397248346, "epsilon": 0.04816818826818622, "gamma": 0.05298249318758083}, "datetime": {"datetime": "2021-09-18 14:27:48", "elapsed": 21.023511, "delta": 0.298}}
{"target": 0.9004013584150137, "params": {"C": 152.3345620943192, "epsilon": 0.3455022701135668, "gamma": 0.06606083156168417}, "datetime": {"datetime": "2021-09-18 14:27:48", "elapsed": 21.422409, "delta": 0.398898}}
{"target": 0.9053220065984988, "params": {"C": 170.9257439325043, "epsilon": 0.4357583483670033, "gamma": 0.10155096900095403}, "datetime": {"datetime": "2021-09-18 14:27:49", "elapsed": 21.82175, "delta": 0.399341}}
{"target": 0.8915163069795162, "params": {"C": 181.0366503000679, "epsilon": 0.5786053317596308, "gamma": 0.13852411483401716}, "datetime": {"datetime": "2021-09-18 14:27:49", "elapsed": 22.183024, "delta": 0.361274}}
{"target": 0.8967249719595624, "params": {"C": 194.53070263346814, "epsilon": 0.6927049364785006, "gamma": 0.12477241025480518}, "datetime": {"datetime": "2021-09-18 14:27:49", "elapsed": 22.535073, "delta": 0.352049}}
{"target": 0.8988204521930099, "params": {"C": 194.83420332104413, "epsilon": 0.7066998853382654, "gamma": 0.05726650183562218}, "datetime": {"datetime": "2021-09-18 14:27:50", "elapsed": 22.918522, "delta": 0.383449}}
{"target": 0.9068036417507279, "params": {"C": 196.01333368725813, "epsilon": 0.5353483280882809, "gamma": 0.07387914067593201}, "datetime": {"datetime": "2021-09-18 14:27:50", "elapsed": 23.353315, "delta": 0.434793}}
{"target": 0.9060652903717543, "params": {"C": 135.05090745551306, "epsilon": 0.6293155572390768, "gamma": 0.1008535439103022}, "datetime": {"datetime": "2021-09-18 14:27:50", "elapsed": 23.698456, "delta": 0.345141}}
{"target": 0.8994306649334978, "params": {"C": 167.51945554878438, "epsilon": 0.09732923014305471, "gamma": 0.06434996532568402}, "datetime": {"datetime": "2021-09-18 14:27:51", "elapsed": 24.084598, "delta": 0.386142}}
{"target": 0.9069826012993969, "params": {"C": 195.96222127412307, "epsilon": 0.5969548202953648, "gamma": 0.09734033655578292}, "datetime": {"datetime": "2021-09-18 14:27:51", "elapsed": 24.502633, "delta": 0.418035}}
{"target": 0.9016298384225072, "params": {"C": 194.4776733780111, "epsilon": 0.798642372901152, "gamma": 0.06232820084018512}, "datetime": {"datetime": "2021-09-18 14:27:52", "elapsed": 24.915827, "delta": 0.413194}}
{"target": 0.9044117562251072, "params": {"C": 145.871371613001, "epsilon": 0.5316718248909019, "gamma": 0.07841841070944702}, "datetime": {"datetime": "2021-09-18 14:27:52", "elapsed": 25.281508, "delta": 0.365681}}
{"target": 0.8916933129569125, "params": {"C": 195.9708011951592, "epsilon": 0.579757136773977, "gamma": 0.13516633795123653}, "datetime": {"datetime": "2021-09-18 14:27:52", "elapsed": 25.678349, "delta": 0.396841}}
{"target": 0.9055794501125307, "params": {"C": 170.9419895817636, "epsilon": 0.40271786595992437, "gamma": 0.07651004561045627}, "datetime": {"datetime": "2021-09-18 14:27:53", "elapsed": 26.107375, "delta": 0.429026}}
{"target": 0.9011265193675936, "params": {"C": 185.39396711297508, "epsilon": 0.2726586948688083, "gamma": 0.11112430154616221}, "datetime": {"datetime": "2021-09-18 14:27:53", "elapsed": 26.496405, "delta": 0.38903}}
{"target": 0.8987163679480029, "params": {"C": 136.54579547471926, "epsilon": 0.026634419860673598, "gamma": 0.06557551443383056}, "datetime": {"datetime": "2021-09-18 14:27:54", "elapsed": 26.89798, "delta": 0.401575}}
{"target": 0.9012555186915919, "params": {"C": 191.02791634026767, "epsilon": 0.6556213327931713, "gamma": 0.11691064581434467}, "datetime": {"datetime": "2021-09-18 14:27:54", "elapsed": 27.261808, "delta": 0.363828}}
{"target": 0.9055285529924715, "params": {"C": 195.98798453242625, "epsilon": 0.5759459963823588, "gamma": 0.07085814921314845}, "datetime": {"datetime": "2021-09-18 14:27:54", "elapsed": 27.673856, "delta": 0.412048}}
{"target": 0.8969557260247121, "params": {"C": 116.95607007112342, "epsilon": 0.6781265939756641, "gamma": 0.1381745852534324}, "datetime": {"datetime": "2021-09-18 14:27:55", "elapsed": 28.024506, "delta": 0.35065}}
{"target": 0.8896625905016124, "params": {"C": 183.66547338956372, "epsilon": 0.6963079042463429, "gamma": 0.14511436458554722}, "datetime": {"datetime": "2021-09-18 14:27:55", "elapsed": 28.379691, "delta": 0.355185}}
{"target": 0.9080278428178932, "params": {"C": 171.9622868712824, "epsilon": 0.4732563997391348, "gamma": 0.09067135713049107}, "datetime": {"datetime": "2021-09-18 14:27:56", "elapsed": 28.753553, "delta": 0.373862}}
