{"target": -3.541442870124692, "params": {"C": 10.831721358306904, "epsilon": 6.2957851493398325, "gamma": 0.031586699413691625}, "datetime": {"datetime": "2021-09-18 09:10:09", "elapsed": 1597.03723, "delta": 5.478042}}
{"target": -9.464036554585325, "params": {"C": 3.0093398046471997, "epsilon": 21.995662360662017, "gamma": 3.0}, "datetime": {"datetime": "2021-09-18 09:10:15", "elapsed": 1602.467313, "delta": 5.430083}}
{"target": -9.686507282193476, "params": {"C": 19.651316779608976, "epsilon": 20.28818357257771, "gamma": 2.98185589276608}, "datetime": {"datetime": "2021-09-18 09:10:20", "elapsed": 1607.858263, "delta": 5.39095}}
{"target": -6.937813059890972, "params": {"C": 10.257278122161575, "epsilon": 8.682380028907689, "gamma": 0.0001}, "datetime": {"datetime": "2021-09-18 09:10:26", "elapsed": 1613.589322, "delta": 5.731059}}
{"target": -2.5441894508494722, "params": {"C": 46.93645119692972, "epsilon": 1.9532253090044416, "gamma": 0.014818861447535686}, "datetime": {"datetime": "2021-09-18 09:10:32", "elapsed": 1619.56807, "delta": 5.978748}}
{"target": -6.333092474913592, "params": {"C": 1.6568907367433015, "epsilon": 0.001, "gamma": 1.6781908875301876}, "datetime": {"datetime": "2021-09-18 09:10:39", "elapsed": 1627.113934, "delta": 7.545864}}
{"target": -6.394917442799698, "params": {"C": 28.781349739928007, "epsilon": 5.916919624283757, "gamma": 1.876749500818097}, "datetime": {"datetime": "2021-09-18 09:10:45", "elapsed": 1632.691168, "delta": 5.577234}}
{"target": -4.976158427928237, "params": {"C": 17.621712565150855, "epsilon": 4.1225316400896315, "gamma": 0.9756221556648128}, "datetime": {"datetime": "2021-09-18 09:10:52", "elapsed": 1639.845581, "delta": 7.154413}}
{"target": -5.849279967148586, "params": {"C": 20.989151474569137, "epsilon": 5.3692397071967415, "gamma": 1.3792373885948555}, "datetime": {"datetime": "2021-09-18 09:11:01", "elapsed": 1648.641661, "delta": 8.79608}}
{"target": -4.677179584695246, "params": {"C": 31.209238795808723, "epsilon": 0.18594400936007546, "gamma": 1.6165753766905573}, "datetime": {"datetime": "2021-09-18 09:11:07", "elapsed": 1655.316978, "delta": 6.675317}}
{"target": -2.8325012267873726, "params": {"C": 24.41712049732824, "epsilon": 4.023944175493833, "gamma": 0.01795666852894929}, "datetime": {"datetime": "2021-09-18 09:11:17", "elapsed": 1664.45986, "delta": 9.142882}}
{"target": -2.3467520391472796, "params": {"C": 36.92353407877814, "epsilon": 2.3659311810966916, "gamma": 0.06669588268405986}, "datetime": {"datetime": "2021-09-18 09:11:24", "elapsed": 1671.928514, "delta": 7.468654}}
{"target": -2.7446398086531847, "params": {"C": 32.693343548111, "epsilon": 0.07475953195644522, "gamma": 0.4369236860063985}, "datetime": {"datetime": "2021-09-18 09:11:32", "elapsed": 1680.223993, "delta": 8.295479}}
{"target": -5.092028635423848, "params": {"C": 32.33807277250294, "epsilon": 0.43283574810580655, "gamma": 0.0001}, "datetime": {"datetime": "2021-09-18 09:11:43", "elapsed": 1690.637812, "delta": 10.413819}}
{"target": -2.9956570961085127, "params": {"C": 33.28096129789359, "epsilon": 0.688698214697788, "gamma": 0.5218763425101519}, "datetime": {"datetime": "2021-09-18 09:11:48", "elapsed": 1696.28179, "delta": 5.643978}}
{"target": -2.299073352569247, "params": {"C": 31.45599927835862, "epsilon": 1.2160194905176858, "gamma": 0.18552190678142266}, "datetime": {"datetime": "2021-09-18 09:11:55", "elapsed": 1702.687391, "delta": 6.405601}}
{"target": -9.39709212030456, "params": {"C": 43.91480478634946, "epsilon": 17.31935433733202, "gamma": 3.0}, "datetime": {"datetime": "2021-09-18 09:12:06", "elapsed": 1713.690555, "delta": 11.003164}}
{"target": -9.319078947368421, "params": {"C": 22.857680360542872, "epsilon": 30.0, "gamma": 0.0001}, "datetime": {"datetime": "2021-09-18 09:12:17", "elapsed": 1724.852782, "delta": 11.162227}}
{"target": -2.52130702949982, "params": {"C": 37.49462118817696, "epsilon": 2.9081758060437433, "gamma": 0.03903076561918657}, "datetime": {"datetime": "2021-09-18 09:12:23", "elapsed": 1730.555333, "delta": 5.702551}}
{"target": -9.319078947368421, "params": {"C": 17.203007088626162, "epsilon": 25.824069599973196, "gamma": 3.0}, "datetime": {"datetime": "2021-09-18 09:12:31", "elapsed": 1738.635055, "delta": 8.079722}}
{"target": -9.559813608952291, "params": {"C": 38.972308906880166, "epsilon": 18.505658914712292, "gamma": 3.0}, "datetime": {"datetime": "2021-09-18 09:12:36", "elapsed": 1744.04048, "delta": 5.405425}}
{"target": -3.0673201434148916, "params": {"C": 31.27015825660902, "epsilon": 0.6497453729351329, "gamma": 0.5652045103913022}, "datetime": {"datetime": "2021-09-18 09:12:43", "elapsed": 1751.142977, "delta": 7.102497}}
{"target": -3.5326431674258503, "params": {"C": 37.04352940106233, "epsilon": 2.9069856321080456, "gamma": 0.528349409892729}, "datetime": {"datetime": "2021-09-18 09:12:49", "elapsed": 1757.032899, "delta": 5.889922}}
{"target": -4.666437855970269, "params": {"C": 28.694604702372555, "epsilon": 0.001, "gamma": 1.6183983240062287}, "datetime": {"datetime": "2021-09-18 09:12:55", "elapsed": 1762.811092, "delta": 5.778193}}
{"target": -8.51098043333652, "params": {"C": 13.813125350648072, "epsilon": 16.154678962456504, "gamma": 0.0001}, "datetime": {"datetime": "2021-09-18 09:13:02", "elapsed": 1770.033156, "delta": 7.222064}}
{"target": -7.006326791397621, "params": {"C": 40.50510930207635, "epsilon": 11.295510260189893, "gamma": 0.0001}, "datetime": {"datetime": "2021-09-18 09:13:08", "elapsed": 1776.177581, "delta": 6.144425}}
{"target": -9.319078947368421, "params": {"C": 46.4064942140345, "epsilon": 25.261430537895187, "gamma": 0.0001}, "datetime": {"datetime": "2021-09-18 09:13:19", "elapsed": 1786.397004, "delta": 10.219423}}
{"target": -6.927914803207213, "params": {"C": 4.919816587929618, "epsilon": 5.117133410283703, "gamma": 3.0}, "datetime": {"datetime": "2021-09-18 09:13:26", "elapsed": 1793.979064, "delta": 7.58206}}
{"target": -5.117826860015994, "params": {"C": 15.573124373414817, "epsilon": 1.0125414417632694, "gamma": 1.7121115173937747}, "datetime": {"datetime": "2021-09-18 09:13:33", "elapsed": 1800.575355, "delta": 6.596291}}
{"target": -5.545860375132627, "params": {"C": 4.836699071912524, "epsilon": 0.001, "gamma": 1.5885923508913697}, "datetime": {"datetime": "2021-09-18 09:13:38", "elapsed": 1806.07267, "delta": 5.497315}}
{"target": -5.321551400392019, "params": {"C": 41.4351623939726, "epsilon": 2.870774523642349, "gamma": 1.6941957429654246}, "datetime": {"datetime": "2021-09-18 09:13:47", "elapsed": 1814.456965, "delta": 8.384295}}
{"target": -5.5827992684677605, "params": {"C": 42.07820024150602, "epsilon": 6.181719815631099, "gamma": 0.0001}, "datetime": {"datetime": "2021-09-18 09:13:54", "elapsed": 1821.692813, "delta": 7.235848}}
{"target": -6.70920349089222, "params": {"C": 42.419376361298575, "epsilon": 8.194214227758682, "gamma": 1.1528024562524433}, "datetime": {"datetime": "2021-09-18 09:14:01", "elapsed": 1828.634342, "delta": 6.941529}}
{"target": -6.141316535887831, "params": {"C": 31.08123116478257, "epsilon": 6.677673688046687, "gamma": 1.1753038715122068}, "datetime": {"datetime": "2021-09-18 09:14:06", "elapsed": 1834.320174, "delta": 5.685832}}
{"target": -7.971819194817514, "params": {"C": 35.21678334115404, "epsilon": 10.649826764763922, "gamma": 3.0}, "datetime": {"datetime": "2021-09-18 09:14:12", "elapsed": 1840.295724, "delta": 5.97555}}
{"target": -5.1077353066437725, "params": {"C": 34.234910293239324, "epsilon": 5.425538845244727, "gamma": 0.783101519379754}, "datetime": {"datetime": "2021-09-18 09:14:18", "elapsed": 1846.331012, "delta": 6.035288}}
{"target": -9.319078947368421, "params": {"C": 32.2597687241548, "epsilon": 23.20745632702618, "gamma": 0.03269063449195097}, "datetime": {"datetime": "2021-09-18 09:14:29", "elapsed": 1856.998991, "delta": 10.667979}}
{"target": -5.2468085731832925, "params": {"C": 4.95841004101512, "epsilon": 3.3552631373612827, "gamma": 0.8902715769644945}, "datetime": {"datetime": "2021-09-18 09:14:37", "elapsed": 1865.328714, "delta": 8.329723}}
{"target": -5.704582895854419, "params": {"C": 26.417373151783707, "epsilon": 0.6869031158363049, "gamma": 3.0}, "datetime": {"datetime": "2021-09-18 09:14:43", "elapsed": 1871.192053, "delta": 5.863339}}
{"target": -9.319078947368421, "params": {"C": 27.661633290617228, "epsilon": 24.023534393474847, "gamma": 3.0}, "datetime": {"datetime": "2021-09-18 09:14:50", "elapsed": 1878.279877, "delta": 7.087824}}
{"target": -9.319078947368421, "params": {"C": 27.987017738179528, "epsilon": 27.229949507077375, "gamma": 0.0001}, "datetime": {"datetime": "2021-09-18 09:14:57", "elapsed": 1884.370843, "delta": 6.090966}}
{"target": -6.028780195307851, "params": {"C": 12.43772031976731, "epsilon": 0.8044726835894955, "gamma": 0.0001}, "datetime": {"datetime": "2021-09-18 09:15:05", "elapsed": 1892.449098, "delta": 8.078255}}
{"target": -5.2456795531938365, "params": {"C": 14.136295348823923, "epsilon": 2.097614251381423, "gamma": 1.629137823091422}, "datetime": {"datetime": "2021-09-18 09:15:12", "elapsed": 1900.252986, "delta": 7.803888}}
{"target": -5.290285122045094, "params": {"C": 26.3691461230725, "epsilon": 0.6114752059446681, "gamma": 0.0001}, "datetime": {"datetime": "2021-09-18 09:15:19", "elapsed": 1906.696193, "delta": 6.443207}}
{"target": -5.626087388615019, "params": {"C": 23.75305918825837, "epsilon": 4.614929692671251, "gamma": 0.0001}, "datetime": {"datetime": "2021-09-18 09:15:25", "elapsed": 1912.912511, "delta": 6.216318}}
{"target": -2.243403053257538, "params": {"C": 24.399458765356037, "epsilon": 1.1080656494165275, "gamma": 0.1341548514384233}, "datetime": {"datetime": "2021-09-18 09:15:35", "elapsed": 1922.738285, "delta": 9.825774}}
{"target": -2.2217847263139334, "params": {"C": 27.26355165531874, "epsilon": 0.5769373149965663, "gamma": 0.13451480636013538}, "datetime": {"datetime": "2021-09-18 09:15:44", "elapsed": 1931.364747, "delta": 8.626462}}
{"target": -2.2594001855976074, "params": {"C": 25.382781067971223, "epsilon": 0.017779105661609795, "gamma": 0.034484006719840435}, "datetime": {"datetime": "2021-09-18 09:15:52", "elapsed": 1939.496645, "delta": 8.131898}}
{"target": -5.270933754444321, "params": {"C": 43.54020181901722, "epsilon": 4.711538083421048, "gamma": 0.0001}, "datetime": {"datetime": "2021-09-18 09:16:02", "elapsed": 1949.771189, "delta": 10.274544}}
{"target": -5.856564964740718, "params": {"C": 43.902085032758656, "epsilon": 5.430744542636814, "gamma": 1.364493490189063}, "datetime": {"datetime": "2021-09-18 09:16:10", "elapsed": 1958.301741, "delta": 8.530552}}
{"target": -9.319078947368421, "params": {"C": 40.95124242802528, "epsilon": 26.868472583781045, "gamma": 0.0001}, "datetime": {"datetime": "2021-09-18 09:16:19", "elapsed": 1967.082102, "delta": 8.780361}}
{"target": -4.786250014786351, "params": {"C": 35.804864670447294, "epsilon": 0.01830324113362661, "gamma": 1.7377018620212055}, "datetime": {"datetime": "2021-09-18 09:16:29", "elapsed": 1977.051257, "delta": 9.969155}}
{"target": -2.6485427288417283, "params": {"C": 27.301491328116672, "epsilon": 1.2554533119030153, "gamma": 0.31326067147362935}, "datetime": {"datetime": "2021-09-18 09:16:36", "elapsed": 1984.12874, "delta": 7.077483}}
{"target": -4.9285534930852055, "params": {"C": 34.471145877556744, "epsilon": 1.006623893754263, "gamma": 1.7402719594474656}, "datetime": {"datetime": "2021-09-18 09:16:44", "elapsed": 1992.17626, "delta": 8.04752}}
{"target": -9.437711586525058, "params": {"C": 6.616788527002026, "epsilon": 19.27713494250281, "gamma": 0.0001}, "datetime": {"datetime": "2021-09-18 09:16:52", "elapsed": 1999.776359, "delta": 7.600099}}
{"target": -2.3077955873526914, "params": {"C": 15.225433649685778, "epsilon": 0.14572252617711506, "gamma": 0.046684446074221106}, "datetime": {"datetime": "2021-09-18 09:16:59", "elapsed": 2006.335992, "delta": 6.559633}}
{"target": -5.862701369648179, "params": {"C": 14.564691757272142, "epsilon": 0.7118105272627032, "gamma": 0.0001}, "datetime": {"datetime": "2021-09-18 09:17:06", "elapsed": 2014.151881, "delta": 7.815889}}
{"target": -5.000255249271589, "params": {"C": 26.85188226410828, "epsilon": 1.6592250360028877, "gamma": 1.681308597850872}, "datetime": {"datetime": "2021-09-18 09:17:15", "elapsed": 2023.25088, "delta": 9.098999}}
{"target": -9.316336485429465, "params": {"C": 47.90087848696258, "epsilon": 16.830163367882122, "gamma": 3.0}, "datetime": {"datetime": "2021-09-18 09:17:25", "elapsed": 2032.937717, "delta": 9.686837}}
{"target": -3.4991115477277894, "params": {"C": 24.382100514320385, "epsilon": 3.5576798160467646, "gamma": 0.4186280574526826}, "datetime": {"datetime": "2021-09-18 09:17:31", "elapsed": 2039.097972, "delta": 6.160255}}
{"target": -2.6322019172759106, "params": {"C": 33.15200197463996, "epsilon": 0.25134921963377954, "gamma": 0.007760413173595237}, "datetime": {"datetime": "2021-09-18 09:17:43", "elapsed": 2050.583358, "delta": 11.485386}}
{"target": -8.954086845851375, "params": {"C": 10.265633307176552, "epsilon": 14.881814198514915, "gamma": 3.0}, "datetime": {"datetime": "2021-09-18 09:17:49", "elapsed": 2057.04988, "delta": 6.466522}}
{"target": -6.328303172068837, "params": {"C": 10.422585230412878, "epsilon": 4.247542050186857, "gamma": 0.0001}, "datetime": {"datetime": "2021-09-18 09:17:56", "elapsed": 2063.791635, "delta": 6.741755}}
{"target": -5.8238566990872185, "params": {"C": 13.446559421818415, "epsilon": 0.001, "gamma": 3.0}, "datetime": {"datetime": "2021-09-18 09:18:02", "elapsed": 2070.05383, "delta": 6.262195}}
{"target": -3.4415564230134694, "params": {"C": 15.04197346313534, "epsilon": 0.024177924621560768, "gamma": 0.6283787236704409}, "datetime": {"datetime": "2021-09-18 09:18:09", "elapsed": 2076.46682, "delta": 6.41299}}
{"target": -9.242237445223846, "params": {"C": 6.04422253579652, "epsilon": 16.39770483327691, "gamma": 3.0}, "datetime": {"datetime": "2021-09-18 09:18:20", "elapsed": 2087.528135, "delta": 11.061315}}
{"target": -5.26276815750486, "params": {"C": 17.666385329594746, "epsilon": 1.3636799278318916, "gamma": 1.873225969289076}, "datetime": {"datetime": "2021-09-18 09:18:26", "elapsed": 2094.160383, "delta": 6.632248}}
{"target": -7.6973807629893, "params": {"C": 35.447877112454364, "epsilon": 12.899994497877278, "gamma": 0.029996703343839044}, "datetime": {"datetime": "2021-09-18 09:18:37", "elapsed": 2104.619709, "delta": 10.459326}}
{"target": -9.730405594991916, "params": {"C": 42.41443379176098, "epsilon": 19.842023125078704, "gamma": 0.0001}, "datetime": {"datetime": "2021-09-18 09:18:46", "elapsed": 2113.730424, "delta": 9.110715}}
{"target": -4.322544709647883, "params": {"C": 47.160766309185895, "epsilon": 3.576223228201878, "gamma": 0.7659872624195503}, "datetime": {"datetime": "2021-09-18 09:18:52", "elapsed": 2119.795707, "delta": 6.065283}}
{"target": -5.631501553731086, "params": {"C": 43.249497626686164, "epsilon": 6.440439576501655, "gamma": 0.0001}, "datetime": {"datetime": "2021-09-18 09:18:58", "elapsed": 2126.107889, "delta": 6.312182}}
{"target": -3.5969093923673774, "params": {"C": 24.958565368785163, "epsilon": 0.001, "gamma": 0.8170260641410867}, "datetime": {"datetime": "2021-09-18 09:19:05", "elapsed": 2132.454183, "delta": 6.346294}}
{"target": -4.747737295460342, "params": {"C": 13.26941145507837, "epsilon": 0.001, "gamma": 1.354901738778042}, "datetime": {"datetime": "2021-09-18 09:19:12", "elapsed": 2139.394993, "delta": 6.94081}}
{"target": -5.548256271665203, "params": {"C": 26.397662236545077, "epsilon": 4.70415728832682, "gamma": 0.0001}, "datetime": {"datetime": "2021-09-18 09:19:20", "elapsed": 2148.043443, "delta": 8.64845}}
{"target": -2.7920468528742206, "params": {"C": 24.92810627846733, "epsilon": 4.665895302993923, "gamma": 0.04302886258880895}, "datetime": {"datetime": "2021-09-18 09:19:29", "elapsed": 2156.756411, "delta": 8.712968}}
{"target": -6.891443582628905, "params": {"C": 5.985024110111162, "epsilon": 6.683863657628154, "gamma": 0.0001}, "datetime": {"datetime": "2021-09-18 09:19:41", "elapsed": 2168.349888, "delta": 11.593477}}
{"target": -9.319078947368421, "params": {"C": 3.0932811876401978, "epsilon": 30.0, "gamma": 0.0001}, "datetime": {"datetime": "2021-09-18 09:19:48", "elapsed": 2175.494783, "delta": 7.144895}}
{"target": -5.162502481056794, "params": {"C": 29.816652901445515, "epsilon": 1.835748585868232, "gamma": 0.0001}, "datetime": {"datetime": "2021-09-18 09:20:00", "elapsed": 2188.150932, "delta": 12.656149}}
{"target": -7.303272311917047, "params": {"C": 17.162278405825866, "epsilon": 12.247980739384928, "gamma": 0.0001}, "datetime": {"datetime": "2021-09-18 09:20:08", "elapsed": 2195.662541, "delta": 7.511609}}
{"target": -9.319078947368421, "params": {"C": 33.871866223486215, "epsilon": 22.580023545415663, "gamma": 3.0}, "datetime": {"datetime": "2021-09-18 09:20:16", "elapsed": 2204.138745, "delta": 8.476204}}
{"target": -5.60893034294706, "params": {"C": 42.202151829242545, "epsilon": 4.933445002244089, "gamma": 1.2969554975013176}, "datetime": {"datetime": "2021-09-18 09:20:25", "elapsed": 2213.09221, "delta": 8.953465}}
{"target": -6.078968751614132, "params": {"C": 2.130330496573154, "epsilon": 4.7808906586654, "gamma": 0.8643099202377658}, "datetime": {"datetime": "2021-09-18 09:20:33", "elapsed": 2220.554764, "delta": 7.462554}}
{"target": -5.34181796049171, "params": {"C": 35.2501600881415, "epsilon": 4.427291881483457, "gamma": 0.0001}, "datetime": {"datetime": "2021-09-18 09:20:45", "elapsed": 2232.480693, "delta": 11.925929}}
{"target": -3.2078865621186727, "params": {"C": 29.216931249576316, "epsilon": 0.6233923018910673, "gamma": 0.6346112056353268}, "datetime": {"datetime": "2021-09-18 09:20:51", "elapsed": 2239.263211, "delta": 6.782518}}
{"target": -6.382974566648235, "params": {"C": 29.72374474503251, "epsilon": 3.691987448589563, "gamma": 3.0}, "datetime": {"datetime": "2021-09-18 09:21:03", "elapsed": 2250.789523, "delta": 11.526312}}
{"target": -2.279763683370446, "params": {"C": 30.85345562246261, "epsilon": 1.7292039999308397, "gamma": 0.08504154098769466}, "datetime": {"datetime": "2021-09-18 09:21:10", "elapsed": 2257.84865, "delta": 7.059127}}
{"target": -8.185483920826856, "params": {"C": 44.3558535939885, "epsilon": 14.303239163356116, "gamma": 0.0001}, "datetime": {"datetime": "2021-09-18 09:21:17", "elapsed": 2264.744907, "delta": 6.896257}}
{"target": -5.062493084849311, "params": {"C": 38.431761103132416, "epsilon": 3.0106536359256024, "gamma": 0.0001}, "datetime": {"datetime": "2021-09-18 09:21:24", "elapsed": 2271.742678, "delta": 6.997771}}
{"target": -7.825743703109043, "params": {"C": 8.346205826905743, "epsilon": 11.226358628308807, "gamma": 3.0}, "datetime": {"datetime": "2021-09-18 09:21:32", "elapsed": 2279.728971, "delta": 7.986293}}
{"target": -9.319078947368421, "params": {"C": 7.306645427281515, "epsilon": 27.162141256620597, "gamma": 0.0001}, "datetime": {"datetime": "2021-09-18 09:21:42", "elapsed": 2289.81507, "delta": 10.086099}}
{"target": -9.60253605721014, "params": {"C": 22.696102664100703, "epsilon": 19.33105377083973, "gamma": 0.0001}, "datetime": {"datetime": "2021-09-18 09:21:49", "elapsed": 2297.312075, "delta": 7.497005}}
{"target": -9.319078947368421, "params": {"C": 3.195023991611361, "epsilon": 27.0702339911262, "gamma": 3.0}, "datetime": {"datetime": "2021-09-18 09:21:58", "elapsed": 2306.233771, "delta": 8.921696}}
{"target": -6.4439308280860415, "params": {"C": 4.448201461850316, "epsilon": 1.1812533916471815, "gamma": 2.9190660242673503}, "datetime": {"datetime": "2021-09-18 09:22:07", "elapsed": 2314.416954, "delta": 8.183183}}
{"target": -4.311040446047741, "params": {"C": 11.655025004711835, "epsilon": 0.001, "gamma": 0.9899891116554455}, "datetime": {"datetime": "2021-09-18 09:22:14", "elapsed": 2321.517083, "delta": 7.100129}}
{"target": -3.355698855422526, "params": {"C": 10.496832995903102, "epsilon": 0.7135371439337127, "gamma": 0.46288043566673437}, "datetime": {"datetime": "2021-09-18 09:22:24", "elapsed": 2331.974919, "delta": 10.457836}}
{"target": -8.919012279878885, "params": {"C": 38.5914726592766, "epsilon": 14.702687346706943, "gamma": 3.0}, "datetime": {"datetime": "2021-09-18 09:22:32", "elapsed": 2339.621567, "delta": 7.646648}}
{"target": -8.133429449241364, "params": {"C": 17.183313344547535, "epsilon": 11.270270727595392, "gamma": 3.0}, "datetime": {"datetime": "2021-09-18 09:22:48", "elapsed": 2355.737682, "delta": 16.116115}}
{"target": -4.650028076021858, "params": {"C": 39.99252188833416, "epsilon": 1.9063368306526765, "gamma": 1.3098096358982698}, "datetime": {"datetime": "2021-09-18 09:22:57", "elapsed": 2364.798926, "delta": 9.061244}}
{"target": -9.470347198927431, "params": {"C": 36.5549747954814, "epsilon": 18.586266871272343, "gamma": 0.0001}, "datetime": {"datetime": "2021-09-18 09:23:04", "elapsed": 2372.161997, "delta": 7.363071}}
{"target": -5.3295635704589, "params": {"C": 8.157541176311796, "epsilon": 0.0680833321561601, "gamma": 1.6771182901520747}, "datetime": {"datetime": "2021-09-18 09:23:12", "elapsed": 2379.434631, "delta": 7.272634}}
{"target": -3.8755430239827597, "params": {"C": 32.67830500762463, "epsilon": 1.090884702221152, "gamma": 0.9077106568401003}, "datetime": {"datetime": "2021-09-18 09:23:19", "elapsed": 2386.761318, "delta": 7.326687}}
{"target": -7.009790545959113, "params": {"C": 31.267275288944024, "epsilon": 8.941832607999116, "gamma": 1.1986817802870506}, "datetime": {"datetime": "2021-09-18 09:23:26", "elapsed": 2394.103421, "delta": 7.342103}}
{"target": -4.885249570138168, "params": {"C": 23.764011518809095, "epsilon": 0.02776240009944508, "gamma": 1.7765119848693411}, "datetime": {"datetime": "2021-09-18 09:23:34", "elapsed": 2401.670136, "delta": 7.566715}}
