{"target": -10.52963191135813, "params": {"C": 195.820657386172, "epsilon": 0.5230474540118718, "gamma": 0.033620787906844765}, "datetime": {"datetime": "2021-09-27 18:30:04", "elapsed": 603.326536, "delta": 2.657498}}
{"target": -10.925261947200312, "params": {"C": 185.52529788535722, "epsilon": 0.645158855053792, "gamma": 0.01}, "datetime": {"datetime": "2021-09-27 18:30:07", "elapsed": 606.144184, "delta": 2.817648}}
{"target": -10.900248690757843, "params": {"C": 185.44845331196274, "epsilon": 0.41298342577335234, "gamma": 0.01}, "datetime": {"datetime": "2021-09-27 18:30:10", "elapsed": 609.404984, "delta": 3.2608}}
{"target": -14.469313227244399, "params": {"C": 182.05334635899032, "epsilon": 0.1550005903238207, "gamma": 0.18836040632973472}, "datetime": {"datetime": "2021-09-27 18:30:12", "elapsed": 611.627984, "delta": 2.223}}
{"target": -11.392954458595215, "params": {"C": 158.22719449055782, "epsilon": 1.0, "gamma": 0.01}, "datetime": {"datetime": "2021-09-27 18:30:16", "elapsed": 615.563325, "delta": 3.935341}}
{"target": -15.346316585804825, "params": {"C": 185.4360320667866, "epsilon": 0.5467051804968761, "gamma": 0.22348043606336326}, "datetime": {"datetime": "2021-09-27 18:30:20", "elapsed": 619.206594, "delta": 3.643269}}
{"target": -11.037200963654078, "params": {"C": 185.64634179105155, "epsilon": 0.8375346143989469, "gamma": 0.01191579412998468}, "datetime": {"datetime": "2021-09-27 18:30:24", "elapsed": 623.060807, "delta": 3.854213}}
{"target": -10.572184996650643, "params": {"C": 156.70084330254167, "epsilon": 0.3415650924301321, "gamma": 0.04593500154809211}, "datetime": {"datetime": "2021-09-27 18:30:26", "elapsed": 625.307635, "delta": 2.246828}}
{"target": -10.964973664750506, "params": {"C": 156.89059145970512, "epsilon": 0.2995822139081276, "gamma": 0.01}, "datetime": {"datetime": "2021-09-27 18:30:29", "elapsed": 628.479612, "delta": 3.171977}}
{"target": -10.566996366672962, "params": {"C": 156.68564475292476, "epsilon": 0.13307421951008416, "gamma": 0.04750468360782174}, "datetime": {"datetime": "2021-09-27 18:30:33", "elapsed": 632.425457, "delta": 3.945845}}
{"target": -13.585485375730624, "params": {"C": 156.53832235270198, "epsilon": 0.2478051680376763, "gamma": 0.13766998177077602}, "datetime": {"datetime": "2021-09-27 18:30:37", "elapsed": 636.84251, "delta": 4.417053}}
{"target": -11.16356788376512, "params": {"C": 156.85941334946284, "epsilon": 0.05316933844118798, "gamma": 0.01}, "datetime": {"datetime": "2021-09-27 18:30:41", "elapsed": 640.375198, "delta": 3.532688}}
{"target": -13.644461239183913, "params": {"C": 190.91344614504902, "epsilon": 0.713289802600304, "gamma": 0.12122019067551741}, "datetime": {"datetime": "2021-09-27 18:30:43", "elapsed": 642.787166, "delta": 2.411968}}
{"target": -15.65580563467946, "params": {"C": 150.28366543971782, "epsilon": 0.5597348274881335, "gamma": 0.27325271721644745}, "datetime": {"datetime": "2021-09-27 18:30:45", "elapsed": 644.951499, "delta": 2.164333}}
{"target": -13.787185178577227, "params": {"C": 162.75642614957482, "epsilon": 0.1723462411561284, "gamma": 0.15025206369061891}, "datetime": {"datetime": "2021-09-27 18:30:48", "elapsed": 647.195332, "delta": 2.243833}}
{"target": -14.944154849417732, "params": {"C": 156.86040980680085, "epsilon": 0.21719998386472775, "gamma": 0.22862446577363135}, "datetime": {"datetime": "2021-09-27 18:30:51", "elapsed": 650.546726, "delta": 3.351394}}
{"target": -10.667646220610697, "params": {"C": 185.3043007488129, "epsilon": 0.22945142991373463, "gamma": 0.017488021135588384}, "datetime": {"datetime": "2021-09-27 18:30:55", "elapsed": 654.651089, "delta": 4.104363}}
{"target": -10.4708429497308, "params": {"C": 185.51067067217775, "epsilon": 0.13834088762002816, "gamma": 0.039557804655374715}, "datetime": {"datetime": "2021-09-27 18:30:59", "elapsed": 658.661378, "delta": 4.010289}}
{"target": -10.50280625771944, "params": {"C": 185.34444250215262, "epsilon": 0.028259142562647267, "gamma": 0.041219291988678124}, "datetime": {"datetime": "2021-09-27 18:31:02", "elapsed": 661.383382, "delta": 2.722004}}
{"target": -14.93515440884888, "params": {"C": 185.44262167569627, "epsilon": 0.1477694035783373, "gamma": 0.22605630896908005}, "datetime": {"datetime": "2021-09-27 18:31:05", "elapsed": 664.774231, "delta": 3.390849}}
{"target": -10.128807668684425, "params": {"C": 185.12344532700246, "epsilon": 0.13627268217867883, "gamma": 0.03012659347145666}, "datetime": {"datetime": "2021-09-27 18:31:10", "elapsed": 669.150415, "delta": 4.376184}}
{"target": -10.650076751788603, "params": {"C": 184.98006748573795, "epsilon": 0.16900881990805217, "gamma": 0.018057585912306388}, "datetime": {"datetime": "2021-09-27 18:31:13", "elapsed": 672.151012, "delta": 3.000597}}
{"target": -12.371393117603875, "params": {"C": 185.04480581738193, "epsilon": 0.020110719326865, "gamma": 0.10226935994788483}, "datetime": {"datetime": "2021-09-27 18:31:17", "elapsed": 676.391957, "delta": 4.240945}}
{"target": -11.046460893659878, "params": {"C": 188.0540599197742, "epsilon": 0.7259908858539027, "gamma": 0.01}, "datetime": {"datetime": "2021-09-27 18:31:21", "elapsed": 680.94036, "delta": 4.548403}}
{"target": -10.945870990265211, "params": {"C": 185.76367815494973, "epsilon": 0.22467488541985214, "gamma": 0.01321127530110789}, "datetime": {"datetime": "2021-09-27 18:31:25", "elapsed": 684.900144, "delta": 3.959784}}
{"target": -10.696568602920467, "params": {"C": 155.0322407775134, "epsilon": 0.16930707813618834, "gamma": 0.05230489846065289}, "datetime": {"datetime": "2021-09-27 18:31:28", "elapsed": 687.103812, "delta": 2.203668}}
{"target": -10.697653217516427, "params": {"C": 198.1876631795398, "epsilon": 0.798365379469713, "gamma": 0.01913265928304182}, "datetime": {"datetime": "2021-09-27 18:31:30", "elapsed": 689.471009, "delta": 2.367197}}
{"target": -15.526226916916224, "params": {"C": 190.35061761125564, "epsilon": 0.19906939731480183, "gamma": 0.2860923816710417}, "datetime": {"datetime": "2021-09-27 18:31:32", "elapsed": 691.725903, "delta": 2.254894}}
{"target": -11.235134538124925, "params": {"C": 185.64051627674735, "epsilon": 0.0001, "gamma": 0.01}, "datetime": {"datetime": "2021-09-27 18:31:36", "elapsed": 695.789997, "delta": 4.064094}}
{"target": -11.292188718408976, "params": {"C": 192.25401453489803, "epsilon": 0.09033178369253901, "gamma": 0.07193079128675738}, "datetime": {"datetime": "2021-09-27 18:31:39", "elapsed": 698.064643, "delta": 2.274646}}
{"target": -11.066372426733844, "params": {"C": 154.8382637068335, "epsilon": 0.13255199206564913, "gamma": 0.01035008558656597}, "datetime": {"datetime": "2021-09-27 18:31:43", "elapsed": 702.421239, "delta": 4.356596}}
{"target": -15.199241078034886, "params": {"C": 172.83489861253844, "epsilon": 0.02303367005654366, "gamma": 0.26865119280780636}, "datetime": {"datetime": "2021-09-27 18:31:45", "elapsed": 704.792746, "delta": 2.371507}}
{"target": -15.065572937349861, "params": {"C": 160.32066938366765, "epsilon": 0.565325634796808, "gamma": 0.19893641712951213}, "datetime": {"datetime": "2021-09-27 18:31:47", "elapsed": 706.933564, "delta": 2.140818}}
{"target": -13.4468520356956, "params": {"C": 159.14785126255202, "epsilon": 0.5437690365857845, "gamma": 0.12576740630980826}, "datetime": {"datetime": "2021-09-27 18:31:50", "elapsed": 709.169814, "delta": 2.23625}}
{"target": -10.936946328004002, "params": {"C": 167.14397097189345, "epsilon": 0.8184928642641851, "gamma": 0.05650070564597463}, "datetime": {"datetime": "2021-09-27 18:31:52", "elapsed": 711.267813, "delta": 2.097999}}
{"target": -14.932313665926985, "params": {"C": 154.8976570672794, "epsilon": 0.03576113318664369, "gamma": 0.24471541282924683}, "datetime": {"datetime": "2021-09-27 18:31:55", "elapsed": 714.809635, "delta": 3.541822}}
{"target": -10.93180957298936, "params": {"C": 154.92197958709767, "epsilon": 0.3324886491480831, "gamma": 0.01}, "datetime": {"datetime": "2021-09-27 18:32:00", "elapsed": 719.200987, "delta": 4.391352}}
{"target": -10.2790365806717, "params": {"C": 185.84656999734094, "epsilon": 0.544371089611951, "gamma": 0.027813894570328852}, "datetime": {"datetime": "2021-09-27 18:32:04", "elapsed": 723.902886, "delta": 4.701899}}
{"target": -10.857958728944714, "params": {"C": 185.69342036459005, "epsilon": 0.41949404192514805, "gamma": 0.014749677187695969}, "datetime": {"datetime": "2021-09-27 18:32:07", "elapsed": 726.907636, "delta": 3.00475}}
{"target": -10.53940567303729, "params": {"C": 185.9380014062932, "epsilon": 0.7139317754068851, "gamma": 0.031757346918242474}, "datetime": {"datetime": "2021-09-27 18:32:11", "elapsed": 730.762242, "delta": 3.854606}}
{"target": -15.363078585494403, "params": {"C": 185.81298598894602, "epsilon": 0.7087880624715146, "gamma": 0.20614381509393834}, "datetime": {"datetime": "2021-09-27 18:32:15", "elapsed": 734.903702, "delta": 4.14146}}
{"target": -10.43794160243964, "params": {"C": 186.01928317706216, "epsilon": 0.5896874089041169, "gamma": 0.024024976937109976}, "datetime": {"datetime": "2021-09-27 18:32:19", "elapsed": 738.832725, "delta": 3.929023}}
{"target": -10.970554291999793, "params": {"C": 157.92659442315755, "epsilon": 0.8026020969396717, "gamma": 0.014458829328298915}, "datetime": {"datetime": "2021-09-27 18:32:22", "elapsed": 741.024219, "delta": 2.191494}}
{"target": -15.579140786740684, "params": {"C": 153.9619075559266, "epsilon": 0.3791423281461637, "gamma": 0.2822558540699202}, "datetime": {"datetime": "2021-09-27 18:32:24", "elapsed": 743.477246, "delta": 2.453027}}
{"target": -10.681295204115786, "params": {"C": 166.96977741244098, "epsilon": 0.9620223695869163, "gamma": 0.035421845910851006}, "datetime": {"datetime": "2021-09-27 18:32:27", "elapsed": 746.769484, "delta": 3.292238}}
{"target": -10.42173230535337, "params": {"C": 163.86583414735367, "epsilon": 0.031630062927226754, "gamma": 0.02544453933731669}, "datetime": {"datetime": "2021-09-27 18:32:30", "elapsed": 749.07771, "delta": 2.308226}}
{"target": -11.359373257003162, "params": {"C": 168.67130887655244, "epsilon": 0.9615333934700164, "gamma": 0.06553895569341808}, "datetime": {"datetime": "2021-09-27 18:32:32", "elapsed": 751.618905, "delta": 2.541195}}
{"target": -10.476609318365336, "params": {"C": 185.92172652777455, "epsilon": 0.40254275588118227, "gamma": 0.02358542916794075}, "datetime": {"datetime": "2021-09-27 18:32:36", "elapsed": 755.270435, "delta": 3.65153}}
{"target": -14.308294195855362, "params": {"C": 167.14557154990624, "epsilon": 0.9983133323676573, "gamma": 0.14689860861269205}, "datetime": {"datetime": "2021-09-27 18:32:39", "elapsed": 758.616186, "delta": 3.345751}}
{"target": -10.50333796524579, "params": {"C": 166.96052991690993, "epsilon": 0.7847526180416032, "gamma": 0.024790260357405933}, "datetime": {"datetime": "2021-09-27 18:32:44", "elapsed": 763.473453, "delta": 4.857267}}
{"target": -10.750911072038754, "params": {"C": 155.1933243331107, "epsilon": 0.27245565310050013, "gamma": 0.01564206196861386}, "datetime": {"datetime": "2021-09-27 18:32:47", "elapsed": 766.937062, "delta": 3.463609}}
{"target": -10.61140125516951, "params": {"C": 186.1220054443515, "epsilon": 0.8934869326899441, "gamma": 0.036463262811561384}, "datetime": {"datetime": "2021-09-27 18:32:52", "elapsed": 770.980191, "delta": 4.043129}}
{"target": -15.159944917454183, "params": {"C": 175.28156176504967, "epsilon": 0.2713414829719024, "gamma": 0.24309381942914884}, "datetime": {"datetime": "2021-09-27 18:32:54", "elapsed": 773.456487, "delta": 2.476296}}
{"target": -12.126130332145742, "params": {"C": 186.25048000937227, "epsilon": 0.6926652329476194, "gamma": 0.08336149428308866}, "datetime": {"datetime": "2021-09-27 18:32:59", "elapsed": 778.147998, "delta": 4.691511}}
{"target": -15.001943804950205, "params": {"C": 154.42722597375175, "epsilon": 0.417795782798926, "gamma": 0.21207949591992253}, "datetime": {"datetime": "2021-09-27 18:33:01", "elapsed": 780.806481, "delta": 2.658483}}
{"target": -11.022033578247825, "params": {"C": 185.9614098131072, "epsilon": 0.9960295137533391, "gamma": 0.017446114003057633}, "datetime": {"datetime": "2021-09-27 18:33:07", "elapsed": 786.336411, "delta": 5.52993}}
{"target": -10.799930167109533, "params": {"C": 155.2699292664033, "epsilon": 0.07384126970739097, "gamma": 0.06385517305636454}, "datetime": {"datetime": "2021-09-27 18:33:13", "elapsed": 791.983816, "delta": 5.647405}}
{"target": -11.239444155327654, "params": {"C": 187.55231727762785, "epsilon": 0.0001, "gamma": 0.01}, "datetime": {"datetime": "2021-09-27 18:33:17", "elapsed": 796.190336, "delta": 4.20652}}
{"target": -10.95332293035968, "params": {"C": 185.10322771112902, "epsilon": 0.28644231727964525, "gamma": 0.010219878896990319}, "datetime": {"datetime": "2021-09-27 18:33:22", "elapsed": 801.847286, "delta": 5.65695}}
{"target": -11.969748460215216, "params": {"C": 165.9410199727383, "epsilon": 0.34762325992305126, "gamma": 0.08865066301121258}, "datetime": {"datetime": "2021-09-27 18:33:25", "elapsed": 804.436075, "delta": 2.588789}}
{"target": -13.534645188777992, "params": {"C": 184.02001208139933, "epsilon": 0.8894132861315536, "gamma": 0.11372646571707523}, "datetime": {"datetime": "2021-09-27 18:33:27", "elapsed": 806.7179, "delta": 2.281825}}
{"target": -14.907310589739922, "params": {"C": 155.25275125012445, "epsilon": 0.2183859216753513, "gamma": 0.22622363905552267}, "datetime": {"datetime": "2021-09-27 18:33:31", "elapsed": 810.579434, "delta": 3.861534}}
{"target": -11.207047634238148, "params": {"C": 167.92202776965595, "epsilon": 0.0001, "gamma": 0.01}, "datetime": {"datetime": "2021-09-27 18:33:36", "elapsed": 815.058516, "delta": 4.479082}}
{"target": -15.602747940817801, "params": {"C": 196.00818577091144, "epsilon": 0.546928423596563, "gamma": 0.2528470665349963}, "datetime": {"datetime": "2021-09-27 18:33:41", "elapsed": 820.238475, "delta": 5.179959}}
{"target": -14.23168071480721, "params": {"C": 173.72776283580976, "epsilon": 0.8144806165465052, "gamma": 0.14581981454879853}, "datetime": {"datetime": "2021-09-27 18:33:45", "elapsed": 824.018841, "delta": 3.780366}}
{"target": -10.918812725460132, "params": {"C": 173.94464085091522, "epsilon": 0.3690084208177644, "gamma": 0.01}, "datetime": {"datetime": "2021-09-27 18:33:50", "elapsed": 829.066329, "delta": 5.047488}}
{"target": -15.339603661000378, "params": {"C": 176.8661090085527, "epsilon": 0.9491089432424669, "gamma": 0.19606438573008816}, "datetime": {"datetime": "2021-09-27 18:33:52", "elapsed": 831.284677, "delta": 2.218348}}
{"target": -15.539307656124285, "params": {"C": 193.3576328991569, "epsilon": 0.2235863559383984, "gamma": 0.2847848205988577}, "datetime": {"datetime": "2021-09-27 18:33:54", "elapsed": 833.447964, "delta": 2.163287}}
{"target": -10.871519576427364, "params": {"C": 174.0946733408786, "epsilon": 0.5529345573172383, "gamma": 0.01}, "datetime": {"datetime": "2021-09-27 18:33:59", "elapsed": 838.03921, "delta": 4.591246}}
{"target": -15.210207217806563, "params": {"C": 174.02055675311192, "epsilon": 0.45733687398494316, "gamma": 0.218256166050346}, "datetime": {"datetime": "2021-09-27 18:34:04", "elapsed": 843.186632, "delta": 5.147422}}
{"target": -10.91884652436696, "params": {"C": 173.70828392769718, "epsilon": 0.3781537239473598, "gamma": 0.01}, "datetime": {"datetime": "2021-09-27 18:34:09", "elapsed": 848.293153, "delta": 5.106521}}
{"target": -10.530723342734968, "params": {"C": 173.7999283360424, "epsilon": 0.14134922401181244, "gamma": 0.04447984087730773}, "datetime": {"datetime": "2021-09-27 18:34:13", "elapsed": 852.676965, "delta": 4.383812}}
{"target": -10.720201929393088, "params": {"C": 161.58342538267317, "epsilon": 0.6068200789693604, "gamma": 0.04664656575615222}, "datetime": {"datetime": "2021-09-27 18:34:16", "elapsed": 854.963486, "delta": 2.286521}}
{"target": -13.712925201747783, "params": {"C": 151.84783832918558, "epsilon": 0.6317778963755252, "gamma": 0.13676103483455698}, "datetime": {"datetime": "2021-09-27 18:34:18", "elapsed": 856.983184, "delta": 2.019698}}
{"target": -10.87480658399465, "params": {"C": 179.23733815611473, "epsilon": 0.03544963676772089, "gamma": 0.06466203218686356}, "datetime": {"datetime": "2021-09-27 18:34:20", "elapsed": 859.279981, "delta": 2.296797}}
{"target": -11.107652900100256, "params": {"C": 173.58809896093624, "epsilon": 0.14339685452131426, "gamma": 0.01}, "datetime": {"datetime": "2021-09-27 18:34:26", "elapsed": 865.052663, "delta": 5.772682}}
{"target": -15.109294743053248, "params": {"C": 173.68675820168593, "epsilon": 0.2164788294312543, "gamma": 0.24105063095837082}, "datetime": {"datetime": "2021-09-27 18:34:31", "elapsed": 870.194292, "delta": 5.141629}}
{"target": -11.168034022447944, "params": {"C": 173.98913030520157, "epsilon": 0.08284158658004795, "gamma": 0.01}, "datetime": {"datetime": "2021-09-27 18:34:37", "elapsed": 876.043664, "delta": 5.849372}}
{"target": -10.347015221772086, "params": {"C": 151.45060241936923, "epsilon": 0.6065732282410731, "gamma": 0.02999081984341906}, "datetime": {"datetime": "2021-09-27 18:34:39", "elapsed": 878.84626, "delta": 2.802596}}
{"target": -11.157018914153875, "params": {"C": 161.44458407640826, "epsilon": 0.780437385091946, "gamma": 0.01}, "datetime": {"datetime": "2021-09-27 18:34:43", "elapsed": 882.911918, "delta": 4.065658}}
{"target": -15.594296481932746, "params": {"C": 161.45779371810752, "epsilon": 0.5983711949957684, "gamma": 0.256670359528023}, "datetime": {"datetime": "2021-09-27 18:34:49", "elapsed": 888.011137, "delta": 5.099219}}
{"target": -15.747656480298703, "params": {"C": 191.84300171061855, "epsilon": 0.7282113635085736, "gamma": 0.2502315491368477}, "datetime": {"datetime": "2021-09-27 18:34:51", "elapsed": 889.993384, "delta": 1.982247}}
{"target": -11.087558138870088, "params": {"C": 161.7095864788492, "epsilon": 0.7618214442083528, "gamma": 0.01}, "datetime": {"datetime": "2021-09-27 18:34:54", "elapsed": 893.096719, "delta": 3.103335}}
{"target": -10.799256759831929, "params": {"C": 161.86982455891763, "epsilon": 0.5587599407121175, "gamma": 0.016584953813545304}, "datetime": {"datetime": "2021-09-27 18:34:58", "elapsed": 896.987819, "delta": 3.8911}}
{"target": -10.382814743865769, "params": {"C": 161.7284983315105, "epsilon": 0.3754897575709034, "gamma": 0.03578800954193201}, "datetime": {"datetime": "2021-09-27 18:35:03", "elapsed": 902.257212, "delta": 5.269393}}
{"target": -14.149629693695761, "params": {"C": 161.90228719238507, "epsilon": 0.277472412832203, "gamma": 0.17291852415925024}, "datetime": {"datetime": "2021-09-27 18:35:07", "elapsed": 906.306707, "delta": 4.049495}}
{"target": -10.671560040864202, "params": {"C": 161.479101815091, "epsilon": 0.385439191056827, "gamma": 0.019926884792622404}, "datetime": {"datetime": "2021-09-27 18:35:10", "elapsed": 909.283773, "delta": 2.977066}}
{"target": -12.433001904819232, "params": {"C": 161.5690418017725, "epsilon": 0.1347379108255537, "gamma": 0.10604969858516572}, "datetime": {"datetime": "2021-09-27 18:35:15", "elapsed": 914.611035, "delta": 5.327262}}
{"target": -10.881600442421213, "params": {"C": 174.37264677596895, "epsilon": 0.6173161728346382, "gamma": 0.013597690915958856}, "datetime": {"datetime": "2021-09-27 18:35:19", "elapsed": 918.175509, "delta": 3.564474}}
{"target": -15.321316176960806, "params": {"C": 232.3220255890987, "epsilon": 0.7152178474357822, "gamma": 0.18480137906077673}, "datetime": {"datetime": "2021-09-27 18:40:22", "elapsed": 0.0, "delta": 0.0}}
{"target": -15.134711902515846, "params": {"C": 231.73247744953454, "epsilon": 0.42371243385897084, "gamma": 0.19730929278933027}, "datetime": {"datetime": "2021-09-27 18:40:22", "elapsed": 0.058995, "delta": 0.058995}}
{"target": -16.255432333216927, "params": {"C": 215.63808168940386, "epsilon": 0.8917838234820016, "gamma": 0.2894622005452985}, "datetime": {"datetime": "2021-09-27 18:40:22", "elapsed": 0.097991, "delta": 0.038996}}
{"target": -15.014488080714136, "params": {"C": 207.51622782386664, "epsilon": 0.7917458655788563, "gamma": 0.1633795267283423}, "datetime": {"datetime": "2021-09-27 18:40:22", "elapsed": 0.156001, "delta": 0.05801}}
{"target": -10.73220414212694, "params": {"C": 235.20668416408984, "epsilon": 0.9256040786288318, "gamma": 0.03060045687738721}, "datetime": {"datetime": "2021-09-27 18:40:22", "elapsed": 0.228994, "delta": 0.072993}}
{"target": -11.316641732274098, "params": {"C": 236.47250966544883, "epsilon": 0.9945246370362121, "gamma": 0.01}, "datetime": {"datetime": "2021-09-27 18:40:22", "elapsed": 0.418999, "delta": 0.190005}}
{"target": -15.5183421934207, "params": {"C": 235.87647561824656, "epsilon": 0.005981211919912127, "gamma": 0.28752526397363964}, "datetime": {"datetime": "2021-09-27 18:40:22", "elapsed": 0.809993, "delta": 0.390994}}
{"target": -15.836814344525916, "params": {"C": 235.67618843250466, "epsilon": 0.9822671620615107, "gamma": 0.22744172898353732}, "datetime": {"datetime": "2021-09-27 18:40:23", "elapsed": 0.987995, "delta": 0.178002}}
{"target": -10.29687319456059, "params": {"C": 179.30075134289433, "epsilon": 0.2754789602206908, "gamma": 0.03503853508477024}, "datetime": {"datetime": "2021-09-27 18:40:23", "elapsed": 1.169993, "delta": 0.181998}}
{"target": -15.296034180423543, "params": {"C": 205.8070536868168, "epsilon": 0.11556722490717773, "gamma": 0.2585725115152243}, "datetime": {"datetime": "2021-09-27 18:40:23", "elapsed": 1.381996, "delta": 0.212003}}
{"target": -12.383596800609347, "params": {"C": 285.994924502516, "epsilon": 0.7076467325701599, "gamma": 0.07939279431467378}, "datetime": {"datetime": "2021-09-27 18:40:23", "elapsed": 1.615995, "delta": 0.233999}}
{"target": -15.908349452557747, "params": {"C": 297.47195062072564, "epsilon": 0.6434982761752538, "gamma": 0.26056551282205725}, "datetime": {"datetime": "2021-09-27 18:40:23", "elapsed": 1.745992, "delta": 0.129997}}
