{"target": -10.852312182718778, "params": {"C": 163.82709626380773, "epsilon": 0.856644065131481, "gamma": 0.017215259628930803}, "datetime": {"datetime": "2021-09-27 17:15:38", "elapsed": 148.326649, "delta": 1.432372}}
{"target": -11.035194889502138, "params": {"C": 281.50273593012525, "epsilon": 0.7267464664168636, "gamma": 0.011195318597114682}, "datetime": {"datetime": "2021-09-27 17:15:40", "elapsed": 149.53077, "delta": 1.204121}}
{"target": -11.022683196070112, "params": {"C": 163.90635070364615, "epsilon": 0.7223504434407888, "gamma": 0.01}, "datetime": {"datetime": "2021-09-27 17:15:41", "elapsed": 151.241233, "delta": 1.710463}}
{"target": -10.530209665719012, "params": {"C": 157.20359197856465, "epsilon": 0.4003873564641435, "gamma": 0.02439831140380202}, "datetime": {"datetime": "2021-09-27 17:15:42", "elapsed": 152.351236, "delta": 1.110003}}
{"target": -12.379104876261888, "params": {"C": 157.23544360183905, "epsilon": 0.23589720569826192, "gamma": 0.10383229023000215}, "datetime": {"datetime": "2021-09-27 17:15:44", "elapsed": 154.076248, "delta": 1.725012}}
{"target": -10.730011388983204, "params": {"C": 171.36535788440585, "epsilon": 0.07727817472744705, "gamma": 0.018223197581560473}, "datetime": {"datetime": "2021-09-27 17:15:45", "elapsed": 155.393281, "delta": 1.317033}}
{"target": -15.357419062218622, "params": {"C": 266.9051014920861, "epsilon": 0.7171449240378498, "gamma": 0.18686128573551847}, "datetime": {"datetime": "2021-09-27 17:15:47", "elapsed": 156.649281, "delta": 1.256}}
{"target": -10.630589744631362, "params": {"C": 164.1368422463787, "epsilon": 0.8816905581076991, "gamma": 0.03174213172871063}, "datetime": {"datetime": "2021-09-27 17:15:48", "elapsed": 157.890285, "delta": 1.241004}}
{"target": -11.035631469106045, "params": {"C": 164.2166093502979, "epsilon": 0.7316951192550583, "gamma": 0.01}, "datetime": {"datetime": "2021-09-27 17:15:49", "elapsed": 159.175223, "delta": 1.284938}}
{"target": -13.09846356819743, "params": {"C": 163.92063413676897, "epsilon": 0.9720476677567239, "gamma": 0.104764195304315}, "datetime": {"datetime": "2021-09-27 17:15:50", "elapsed": 160.362752, "delta": 1.187529}}
{"target": -11.826638033315218, "params": {"C": 164.36985206494307, "epsilon": 0.9477096621265009, "gamma": 0.07552229507068713}, "datetime": {"datetime": "2021-09-27 17:15:52", "elapsed": 161.909278, "delta": 1.546526}}
{"target": -10.96633877517222, "params": {"C": 156.61455151770832, "epsilon": 0.8232457084086944, "gamma": 0.014821339455848183}, "datetime": {"datetime": "2021-09-27 17:15:54", "elapsed": 163.793111, "delta": 1.883833}}
{"target": -10.961382670803198, "params": {"C": 156.34367404942574, "epsilon": 0.826401208959707, "gamma": 0.014885563669555759}, "datetime": {"datetime": "2021-09-27 17:15:55", "elapsed": 165.14579, "delta": 1.352679}}
{"target": -10.856251996383337, "params": {"C": 157.32926199765322, "epsilon": 0.5281079805579004, "gamma": 0.010386784396123266}, "datetime": {"datetime": "2021-09-27 17:15:56", "elapsed": 165.961476, "delta": 0.815686}}
{"target": -10.633646383720393, "params": {"C": 192.80529159735667, "epsilon": 0.9544389334370217, "gamma": 0.04059145092566289}, "datetime": {"datetime": "2021-09-27 17:15:58", "elapsed": 167.644781, "delta": 1.683305}}
{"target": -10.987380971494623, "params": {"C": 192.9105082213096, "epsilon": 0.7559025891549749, "gamma": 0.013124072928573826}, "datetime": {"datetime": "2021-09-27 17:15:59", "elapsed": 168.782521, "delta": 1.13774}}
{"target": -14.55913617281567, "params": {"C": 192.66273065054665, "epsilon": 0.9775446917912841, "gamma": 0.14987199070267423}, "datetime": {"datetime": "2021-09-27 17:16:00", "elapsed": 170.235499, "delta": 1.452978}}
{"target": -15.444172281035154, "params": {"C": 257.7622915674865, "epsilon": 0.39694674626366955, "gamma": 0.23991104316470607}, "datetime": {"datetime": "2021-09-27 17:16:01", "elapsed": 171.000246, "delta": 0.764747}}
{"target": -13.403638262042522, "params": {"C": 192.95709844209068, "epsilon": 0.9886061757168761, "gamma": 0.10588249810851635}, "datetime": {"datetime": "2021-09-27 17:16:04", "elapsed": 173.449056, "delta": 2.44881}}
{"target": -13.791950762726623, "params": {"C": 157.13802740575335, "epsilon": 0.44766181565433255, "gamma": 0.1425223786878736}, "datetime": {"datetime": "2021-09-27 17:16:05", "elapsed": 175.076584, "delta": 1.627528}}
{"target": -10.673948537225213, "params": {"C": 177.19096615100716, "epsilon": 0.34905927026304107, "gamma": 0.01834294888083407}, "datetime": {"datetime": "2021-09-27 17:16:07", "elapsed": 177.119803, "delta": 2.043219}}
{"target": -10.528756010486417, "params": {"C": 215.20003691370948, "epsilon": 0.5136547911797287, "gamma": 0.032651429834784834}, "datetime": {"datetime": "2021-09-27 17:16:09", "elapsed": 179.241405, "delta": 2.121602}}
{"target": -11.331336314511924, "params": {"C": 215.03168744375836, "epsilon": 0.5176302382192034, "gamma": 0.06593283573107257}, "datetime": {"datetime": "2021-09-27 17:16:11", "elapsed": 181.378097, "delta": 2.136692}}
{"target": -10.270952307964627, "params": {"C": 281.31699957317153, "epsilon": 0.4557690312906475, "gamma": 0.026768594872888435}, "datetime": {"datetime": "2021-09-27 17:16:13", "elapsed": 183.205097, "delta": 1.827}}
{"target": -14.567820352026558, "params": {"C": 281.3937317228965, "epsilon": 0.3748413624975027, "gamma": 0.14495534527192672}, "datetime": {"datetime": "2021-09-27 17:16:16", "elapsed": 185.413833, "delta": 2.208736}}
{"target": -14.129225161727607, "params": {"C": 215.10473996890158, "epsilon": 0.30997824927529327, "gamma": 0.14587596874287898}, "datetime": {"datetime": "2021-09-27 17:16:18", "elapsed": 187.471531, "delta": 2.057698}}
{"target": -10.83721704303208, "params": {"C": 102.64013498391226, "epsilon": 0.5566615872485685, "gamma": 0.011785445174759194}, "datetime": {"datetime": "2021-09-27 17:16:19", "elapsed": 189.161228, "delta": 1.689697}}
{"target": -11.022873050270226, "params": {"C": 102.8059833906524, "epsilon": 0.6007121970822755, "gamma": 0.01}, "datetime": {"datetime": "2021-09-27 17:16:21", "elapsed": 191.354173, "delta": 2.192945}}
{"target": -10.41097357740216, "params": {"C": 281.18093623442303, "epsilon": 0.5191402320272647, "gamma": 0.027843659612029337}, "datetime": {"datetime": "2021-09-27 17:16:23", "elapsed": 193.137623, "delta": 1.78345}}
{"target": -14.604245504858755, "params": {"C": 102.7331934467724, "epsilon": 0.48953224365715503, "gamma": 0.21034890225347858}, "datetime": {"datetime": "2021-09-27 17:16:25", "elapsed": 194.884075, "delta": 1.746452}}
{"target": -10.68209071620561, "params": {"C": 281.35050861071375, "epsilon": 0.5634381092815232, "gamma": 0.01737251831143587}, "datetime": {"datetime": "2021-09-27 17:16:27", "elapsed": 196.649443, "delta": 1.765368}}
{"target": -16.287039333616583, "params": {"C": 297.629142318188, "epsilon": 0.9170437530341334, "gamma": 0.2907570252391027}, "datetime": {"datetime": "2021-09-27 17:16:28", "elapsed": 197.586445, "delta": 0.937002}}
{"target": -11.021495206600369, "params": {"C": 266.82768946995054, "epsilon": 0.4359552666913094, "gamma": 0.01}, "datetime": {"datetime": "2021-09-27 17:16:29", "elapsed": 199.123549, "delta": 1.537104}}
{"target": -12.593898462780581, "params": {"C": 239.5179534835164, "epsilon": 0.4710610767652126, "gamma": 0.09016233118359454}, "datetime": {"datetime": "2021-09-27 17:16:31", "elapsed": 200.991548, "delta": 1.867999}}
{"target": -13.216926805537407, "params": {"C": 250.09410989861863, "epsilon": 0.9638745761521218, "gamma": 0.0927165141232727}, "datetime": {"datetime": "2021-09-27 17:16:32", "elapsed": 202.166789, "delta": 1.175241}}
{"target": -10.640728928989736, "params": {"C": 281.08410898628836, "epsilon": 0.40744742449922383, "gamma": 0.04122846038183261}, "datetime": {"datetime": "2021-09-27 17:16:35", "elapsed": 204.696791, "delta": 2.530002}}
{"target": -10.338595252199923, "params": {"C": 281.12236026484925, "epsilon": 0.23248599496748631, "gamma": 0.028479241026851412}, "datetime": {"datetime": "2021-09-27 17:16:37", "elapsed": 206.652737, "delta": 1.955946}}
{"target": -13.630560909715909, "params": {"C": 281.1211731124331, "epsilon": 0.05754846227634092, "gamma": 0.1179006900487382}, "datetime": {"datetime": "2021-09-27 17:16:39", "elapsed": 208.771738, "delta": 2.119001}}
{"target": -10.999517336769877, "params": {"C": 129.95674822181041, "epsilon": 0.9884121413853861, "gamma": 0.05942321658001189}, "datetime": {"datetime": "2021-09-27 17:16:40", "elapsed": 209.896127, "delta": 1.124389}}
{"target": -10.568420445628279, "params": {"C": 280.9142364870529, "epsilon": 0.3285818764543689, "gamma": 0.037818037208293034}, "datetime": {"datetime": "2021-09-27 17:16:42", "elapsed": 211.875242, "delta": 1.979115}}
{"target": -14.795955983379372, "params": {"C": 281.0348557574674, "epsilon": 0.33365247042239554, "gamma": 0.1684527888456402}, "datetime": {"datetime": "2021-09-27 17:16:44", "elapsed": 214.269805, "delta": 2.394563}}
{"target": -16.169979721165202, "params": {"C": 246.51194629000503, "epsilon": 0.7866685748073633, "gamma": 0.2863927224658827}, "datetime": {"datetime": "2021-09-27 17:16:45", "elapsed": 215.229803, "delta": 0.959998}}
{"target": -10.266227251662007, "params": {"C": 177.38279066607834, "epsilon": 0.1864242717127812, "gamma": 0.025551993675481104}, "datetime": {"datetime": "2021-09-27 17:16:47", "elapsed": 216.481076, "delta": 1.251273}}
{"target": -10.75718189995164, "params": {"C": 129.9224107064623, "epsilon": 0.7952651107522644, "gamma": 0.050054437173009954}, "datetime": {"datetime": "2021-09-27 17:16:49", "elapsed": 218.59109, "delta": 2.110014}}
{"target": -13.482577384004385, "params": {"C": 130.13436325389793, "epsilon": 0.8828162434907069, "gamma": 0.12744715644408133}, "datetime": {"datetime": "2021-09-27 17:16:51", "elapsed": 220.524424, "delta": 1.933334}}
{"target": -10.968748197847773, "params": {"C": 129.73391001281402, "epsilon": 0.9612812425213528, "gamma": 0.05682817860083833}, "datetime": {"datetime": "2021-09-27 17:16:53", "elapsed": 222.703422, "delta": 2.178998}}
{"target": -10.701447622822384, "params": {"C": 129.72413217706077, "epsilon": 0.7171697884524506, "gamma": 0.04887898110569058}, "datetime": {"datetime": "2021-09-27 17:16:55", "elapsed": 224.63464, "delta": 1.931218}}
{"target": -15.526670578526168, "params": {"C": 129.70138212794913, "epsilon": 0.857396286419208, "gamma": 0.23503707971148527}, "datetime": {"datetime": "2021-09-27 17:16:57", "elapsed": 227.019649, "delta": 2.385009}}
{"target": -11.18530758543708, "params": {"C": 192.76169955317167, "epsilon": 0.8280804511620181, "gamma": 0.01}, "datetime": {"datetime": "2021-09-27 17:16:59", "elapsed": 229.271261, "delta": 2.251612}}
{"target": -10.209049765270139, "params": {"C": 280.86530726362025, "epsilon": 0.5204816889813658, "gamma": 0.022583631268986833}, "datetime": {"datetime": "2021-09-27 17:17:02", "elapsed": 231.457912, "delta": 2.186651}}
{"target": -16.03063840140127, "params": {"C": 292.0681037549739, "epsilon": 0.7008540600333042, "gamma": 0.2741071048627551}, "datetime": {"datetime": "2021-09-27 17:17:03", "elapsed": 232.786515, "delta": 1.328603}}
{"target": -10.306534924020685, "params": {"C": 280.753616823831, "epsilon": 0.3058384299818772, "gamma": 0.02199540574330944}, "datetime": {"datetime": "2021-09-27 17:17:06", "elapsed": 235.546876, "delta": 2.760361}}
{"target": -13.25188705463857, "params": {"C": 280.65478615047164, "epsilon": 0.5425151869950224, "gamma": 0.09830673852207054}, "datetime": {"datetime": "2021-09-27 17:17:07", "elapsed": 237.371929, "delta": 1.825053}}
{"target": -10.850222386901027, "params": {"C": 129.81932691352273, "epsilon": 0.5420667061801445, "gamma": 0.05542005857305359}, "datetime": {"datetime": "2021-09-27 17:17:09", "elapsed": 239.343462, "delta": 1.971533}}
{"target": -10.833974774214386, "params": {"C": 129.83628991387363, "epsilon": 0.7028405905718856, "gamma": 0.01766927375094641}, "datetime": {"datetime": "2021-09-27 17:17:11", "elapsed": 241.157127, "delta": 1.813665}}
{"target": -10.833239632624718, "params": {"C": 281.31661239994105, "epsilon": 0.4503347249982226, "gamma": 0.0144961221901668}, "datetime": {"datetime": "2021-09-27 17:17:12", "elapsed": 242.240535, "delta": 1.083408}}
{"target": -10.866600946036709, "params": {"C": 213.4008111690868, "epsilon": 0.9699826975424456, "gamma": 0.02919298964467936}, "datetime": {"datetime": "2021-09-27 17:17:14", "elapsed": 243.522419, "delta": 1.281884}}
{"target": -12.496741955237688, "params": {"C": 281.2509879643568, "epsilon": 0.45764213415488003, "gamma": 0.08386606214358694}, "datetime": {"datetime": "2021-09-27 17:17:15", "elapsed": 245.371744, "delta": 1.849325}}
{"target": -10.731589562945572, "params": {"C": 129.76903026811345, "epsilon": 0.8243045399567428, "gamma": 0.02359484366328754}, "datetime": {"datetime": "2021-09-27 17:17:18", "elapsed": 247.732244, "delta": 2.3605}}
{"target": -10.611210151033754, "params": {"C": 281.35106347394844, "epsilon": 0.8785396849573315, "gamma": 0.029679781943276945}, "datetime": {"datetime": "2021-09-27 17:17:20", "elapsed": 249.689724, "delta": 1.95748}}
{"target": -14.737016770867603, "params": {"C": 280.8233627352564, "epsilon": 0.4004658745376834, "gamma": 0.1507470050687618}, "datetime": {"datetime": "2021-09-27 17:17:22", "elapsed": 251.591723, "delta": 1.901999}}
{"target": -13.111714410236331, "params": {"C": 192.51314699004374, "epsilon": 0.8079712072787179, "gamma": 0.10278574632227272}, "datetime": {"datetime": "2021-09-27 17:17:23", "elapsed": 252.737802, "delta": 1.146079}}
{"target": -13.70635805479693, "params": {"C": 286.21201596292724, "epsilon": 0.9335152465972263, "gamma": 0.10157384522036245}, "datetime": {"datetime": "2021-09-27 17:17:24", "elapsed": 254.0295, "delta": 1.291698}}
{"target": -10.505308081799205, "params": {"C": 280.97919283515284, "epsilon": 0.5120556364433271, "gamma": 0.030099105185479695}, "datetime": {"datetime": "2021-09-27 17:17:26", "elapsed": 256.350285, "delta": 2.320785}}
{"target": -14.642953393433054, "params": {"C": 165.933149760364, "epsilon": 0.10775942867181956, "gamma": 0.2097645197716283}, "datetime": {"datetime": "2021-09-27 17:17:28", "elapsed": 257.632286, "delta": 1.282001}}
{"target": -15.489198335548227, "params": {"C": 141.702355390117, "epsilon": 0.9264950541358234, "gamma": 0.22280834012748152}, "datetime": {"datetime": "2021-09-27 17:17:29", "elapsed": 258.903106, "delta": 1.27082}}
{"target": -10.659510146882848, "params": {"C": 174.28983579390828, "epsilon": 0.5317905038122467, "gamma": 0.042823565296934395}, "datetime": {"datetime": "2021-09-27 17:17:30", "elapsed": 260.272103, "delta": 1.368997}}
{"target": -11.041653002471751, "params": {"C": 246.41995992534723, "epsilon": 0.3398180641050519, "gamma": 0.012037142061667835}, "datetime": {"datetime": "2021-09-27 17:17:32", "elapsed": 261.549634, "delta": 1.277531}}
{"target": -12.96301292474788, "params": {"C": 215.1575839418883, "epsilon": 0.5981332847159295, "gamma": 0.10142939650584169}, "datetime": {"datetime": "2021-09-27 17:17:34", "elapsed": 264.344634, "delta": 2.795}}
{"target": -11.310918656306148, "params": {"C": 195.36161314285314, "epsilon": 0.582989560569175, "gamma": 0.06588159176611989}, "datetime": {"datetime": "2021-09-27 17:17:36", "elapsed": 265.842472, "delta": 1.497838}}
{"target": -11.101544295868084, "params": {"C": 280.85628034877675, "epsilon": 0.2094132012227984, "gamma": 0.057489321192745774}, "datetime": {"datetime": "2021-09-27 17:17:38", "elapsed": 268.234473, "delta": 2.392001}}
{"target": -16.11953302615461, "params": {"C": 238.80871059093298, "epsilon": 0.9141656209814121, "gamma": 0.26246972042192523}, "datetime": {"datetime": "2021-09-27 17:17:40", "elapsed": 269.812764, "delta": 1.578291}}
{"target": -14.779793967449887, "params": {"C": 174.2196199537631, "epsilon": 0.6176341708388517, "gamma": 0.17620035187805516}, "datetime": {"datetime": "2021-09-27 17:17:42", "elapsed": 272.125903, "delta": 2.313139}}
{"target": -11.212833144144826, "params": {"C": 280.7210529649703, "epsilon": 0.1574255280443518, "gamma": 0.01072530202526056}, "datetime": {"datetime": "2021-09-27 17:17:45", "elapsed": 274.689202, "delta": 2.563299}}
{"target": -10.90541575583743, "params": {"C": 192.4160065746471, "epsilon": 0.5593063362315188, "gamma": 0.013068734332956857}, "datetime": {"datetime": "2021-09-27 17:17:46", "elapsed": 276.188687, "delta": 1.499485}}
{"target": -10.496985071068254, "params": {"C": 174.4909504055214, "epsilon": 0.514383801212066, "gamma": 0.023855360705741593}, "datetime": {"datetime": "2021-09-27 17:17:48", "elapsed": 277.98793, "delta": 1.799243}}
{"target": -10.436369748340105, "params": {"C": 281.1533416205501, "epsilon": 0.6343566786568432, "gamma": 0.019945280659707007}, "datetime": {"datetime": "2021-09-27 17:17:50", "elapsed": 280.288122, "delta": 2.300192}}
{"target": -10.590374145122299, "params": {"C": 276.8347705962941, "epsilon": 0.7108591916355056, "gamma": 0.037895399573791774}, "datetime": {"datetime": "2021-09-27 17:17:52", "elapsed": 281.500122, "delta": 1.212}}
{"target": -11.854250220504223, "params": {"C": 174.43090088083557, "epsilon": 0.4039366572676699, "gamma": 0.08258205740633152}, "datetime": {"datetime": "2021-09-27 17:17:54", "elapsed": 283.52161, "delta": 2.021488}}
{"target": -10.879056261883516, "params": {"C": 288.7548684610579, "epsilon": 0.8288795405721867, "gamma": 0.04899058123414436}, "datetime": {"datetime": "2021-09-27 17:17:55", "elapsed": 284.811028, "delta": 1.289418}}
{"target": -10.57250974182159, "params": {"C": 215.21760471745057, "epsilon": 0.5158582846213069, "gamma": 0.033484693778927384}, "datetime": {"datetime": "2021-09-27 17:17:56", "elapsed": 286.114027, "delta": 1.302999}}
{"target": -12.399828367863604, "params": {"C": 251.045615463264, "epsilon": 0.48907060371130684, "gamma": 0.08482475661229961}, "datetime": {"datetime": "2021-09-27 17:17:57", "elapsed": 287.316028, "delta": 1.202001}}
{"target": -15.3217152838516, "params": {"C": 284.5072931024956, "epsilon": 0.04739664333482923, "gamma": 0.24700643885741616}, "datetime": {"datetime": "2021-09-27 17:17:59", "elapsed": 288.69403, "delta": 1.378002}}
{"target": -11.909382399005075, "params": {"C": 287.1675236131514, "epsilon": 0.8870195500715455, "gamma": 0.06736170280378741}, "datetime": {"datetime": "2021-09-27 17:18:00", "elapsed": 289.894655, "delta": 1.200625}}
{"target": -13.943056564378722, "params": {"C": 276.95166754601246, "epsilon": 0.6803398691931966, "gamma": 0.11382082479224773}, "datetime": {"datetime": "2021-09-27 17:18:03", "elapsed": 292.892719, "delta": 2.998064}}
{"target": -10.70263216257279, "params": {"C": 280.8881675307575, "epsilon": 0.6922796570382644, "gamma": 0.045627014920658404}, "datetime": {"datetime": "2021-09-27 17:18:05", "elapsed": 295.19172, "delta": 2.299001}}
{"target": -14.574475737432483, "params": {"C": 123.0761402015195, "epsilon": 0.09931310767125894, "gamma": 0.22879692031644372}, "datetime": {"datetime": "2021-09-27 17:18:07", "elapsed": 296.745611, "delta": 1.553891}}
{"target": -14.11840772032006, "params": {"C": 174.5433463157495, "epsilon": 0.5864804514263666, "gamma": 0.147428381788765}, "datetime": {"datetime": "2021-09-27 17:18:09", "elapsed": 299.360846, "delta": 2.615235}}
{"target": -13.180054616480549, "params": {"C": 280.9883168163227, "epsilon": 0.8031933594944483, "gamma": 0.09249685974935097}, "datetime": {"datetime": "2021-09-27 17:18:12", "elapsed": 302.049848, "delta": 2.689002}}
{"target": -11.109913754461239, "params": {"C": 276.7190800484763, "epsilon": 0.6859024838720812, "gamma": 0.05538621726283456}, "datetime": {"datetime": "2021-09-27 17:18:16", "elapsed": 305.75379, "delta": 3.703942}}
{"target": -15.405198820262234, "params": {"C": 239.4161359989914, "epsilon": 0.10612746906824835, "gamma": 0.2649185036268401}, "datetime": {"datetime": "2021-09-27 17:18:17", "elapsed": 307.044317, "delta": 1.290527}}
{"target": -10.752020422634736, "params": {"C": 163.767985046375, "epsilon": 0.655256243026677, "gamma": 0.01878157357227881}, "datetime": {"datetime": "2021-09-27 17:18:20", "elapsed": 309.467519, "delta": 2.423202}}
{"target": -13.788597991107942, "params": {"C": 129.93213143803095, "epsilon": 0.6217633471265727, "gamma": 0.14893699392802584}, "datetime": {"datetime": "2021-09-27 17:18:22", "elapsed": 312.380409, "delta": 2.91289}}
{"target": -15.43374186377152, "params": {"C": 163.05329796557186, "epsilon": 0.05535038105574137, "gamma": 0.29406981944724986}, "datetime": {"datetime": "2021-09-27 17:18:24", "elapsed": 314.118464, "delta": 1.738055}}
{"target": -11.239139348615778, "params": {"C": 294.41538561962085, "epsilon": 1.0, "gamma": 0.01}, "datetime": {"datetime": "2021-09-27 17:18:27", "elapsed": 317.25425, "delta": 3.135786}}
{"target": -10.625055210890395, "params": {"C": 281.3385913473627, "epsilon": 0.5543846506485638, "gamma": 0.03589300086443637}, "datetime": {"datetime": "2021-09-27 17:18:29", "elapsed": 318.583517, "delta": 1.329267}}
{"target": -13.811668421729149, "params": {"C": 288.86300408816516, "epsilon": 0.6976470828048434, "gamma": 0.10803627247902156}, "datetime": {"datetime": "2021-09-27 17:18:32", "elapsed": 321.851506, "delta": 3.267989}}
{"target": -10.754802775994255, "params": {"C": 129.65936748553767, "epsilon": 0.4675440856769396, "gamma": 0.017380955542054807}, "datetime": {"datetime": "2021-09-27 17:18:36", "elapsed": 325.643721, "delta": 3.792215}}
{"target": -15.993999497524532, "params": {"C": 279.18248647847497, "epsilon": 0.9189523925504488, "gamma": 0.23984938444418955}, "datetime": {"datetime": "2021-09-27 17:18:37", "elapsed": 327.377709, "delta": 1.733988}}
{"target": -10.57239502957065, "params": {"C": 288.79703535333874, "epsilon": 0.9528066334133085, "gamma": 0.03297751187305583}, "datetime": {"datetime": "2021-09-27 17:18:41", "elapsed": 330.760567, "delta": 3.382858}}
