{"target": -10.401319426331545, "params": {"C": 675.2278494455354, "epsilon": 0.6886543804504408, "gamma": 0.019332207707690674}, "datetime": {"datetime": "2021-09-27 18:06:27", "elapsed": 315.669276, "delta": 2.779692}}
{"target": -11.115381809506818, "params": {"C": 586.6496788320559, "epsilon": 0.15116845701222867, "gamma": 0.011626873015122711}, "datetime": {"datetime": "2021-09-27 18:06:29", "elapsed": 317.804272, "delta": 2.134996}}
{"target": -10.611688032070852, "params": {"C": 614.8075131903713, "epsilon": 0.9559201242059241, "gamma": 0.03445136241028754}, "datetime": {"datetime": "2021-09-27 18:06:33", "elapsed": 321.024161, "delta": 3.219889}}
{"target": -16.01387498600216, "params": {"C": 679.182486478475, "epsilon": 0.9189523925504488, "gamma": 0.23984938444418955}, "datetime": {"datetime": "2021-09-27 18:06:34", "elapsed": 322.303854, "delta": 1.279693}}
{"target": -10.893142417548225, "params": {"C": 639.6667960283237, "epsilon": 0.5519760516264858, "gamma": 0.01187540931308857}, "datetime": {"datetime": "2021-09-27 18:06:37", "elapsed": 325.633825, "delta": 3.329971}}
{"target": -11.125992068194417, "params": {"C": 574.2873463559316, "epsilon": 0.40973709546182396, "gamma": 0.01}, "datetime": {"datetime": "2021-09-27 18:06:40", "elapsed": 328.205704, "delta": 2.571879}}
{"target": -10.615823014041714, "params": {"C": 571.4203094471673, "epsilon": 0.3139309259241538, "gamma": 0.02237858489933382}, "datetime": {"datetime": "2021-09-27 18:06:43", "elapsed": 331.717909, "delta": 3.512205}}
{"target": -10.36484190676294, "params": {"C": 563.4665782369641, "epsilon": 0.45291777291437896, "gamma": 0.02790063906031029}, "datetime": {"datetime": "2021-09-27 18:06:47", "elapsed": 334.854806, "delta": 3.136897}}
{"target": -11.742874685607521, "params": {"C": 677.0816634000145, "epsilon": 0.5847114100674596, "gamma": 0.05252358146349048}, "datetime": {"datetime": "2021-09-27 18:06:50", "elapsed": 337.862918, "delta": 3.008112}}
{"target": -15.046648192557027, "params": {"C": 574.2984057891694, "epsilon": 0.4215246571134954, "gamma": 0.13403656423180937}, "datetime": {"datetime": "2021-09-27 18:06:52", "elapsed": 340.402765, "delta": 2.539847}}
{"target": -10.372740791372749, "params": {"C": 614.4876898166052, "epsilon": 0.6990463990966542, "gamma": 0.029868413102933332}, "datetime": {"datetime": "2021-09-27 18:06:55", "elapsed": 343.336693, "delta": 2.933928}}
{"target": -10.37125859262135, "params": {"C": 614.3460062315427, "epsilon": 0.6233864130165206, "gamma": 0.015267417645537646}, "datetime": {"datetime": "2021-09-27 18:06:58", "elapsed": 345.981527, "delta": 2.644834}}
{"target": -10.544226945394648, "params": {"C": 614.553709168286, "epsilon": 0.8597620814355927, "gamma": 0.021638670485281623}, "datetime": {"datetime": "2021-09-27 18:07:00", "elapsed": 348.611562, "delta": 2.630035}}
{"target": -13.623438049749003, "params": {"C": 614.4048689439112, "epsilon": 0.494707259569515, "gamma": 0.07802644949499347}, "datetime": {"datetime": "2021-09-27 18:07:04", "elapsed": 351.95828, "delta": 3.346718}}
{"target": -15.464386785287179, "params": {"C": 680.8653324671238, "epsilon": 0.6263627700013277, "gamma": 0.16018146212603554}, "datetime": {"datetime": "2021-09-27 18:07:05", "elapsed": 353.797598, "delta": 1.839318}}
{"target": -15.665478403865285, "params": {"C": 590.1057382251488, "epsilon": 0.9624752798921435, "gamma": 0.17312806165635333}, "datetime": {"datetime": "2021-09-27 18:07:07", "elapsed": 355.358462, "delta": 1.560864}}
{"target": -10.709780077274003, "params": {"C": 571.4180668556825, "epsilon": 0.30822728590547294, "gamma": 0.03986651567648325}, "datetime": {"datetime": "2021-09-27 18:07:09", "elapsed": 357.08601, "delta": 1.727548}}
{"target": -11.460107250850859, "params": {"C": 614.346053706781, "epsilon": 0.8593941720234735, "gamma": 0.04773323552871629}, "datetime": {"datetime": "2021-09-27 18:07:11", "elapsed": 359.55377, "delta": 2.46776}}
{"target": -15.189695133205472, "params": {"C": 614.261389861887, "epsilon": 0.7361974390812398, "gamma": 0.12670022486413265}, "datetime": {"datetime": "2021-09-27 18:07:15", "elapsed": 362.874469, "delta": 3.320699}}
{"target": -15.213191694583028, "params": {"C": 614.4870974004256, "epsilon": 0.823937625761135, "gamma": 0.135854520555022}, "datetime": {"datetime": "2021-09-27 18:07:18", "elapsed": 365.968595, "delta": 3.094126}}
{"target": -15.400846629682244, "params": {"C": 616.1705514281209, "epsilon": 0.22576956606299722, "gamma": 0.19918637560661737}, "datetime": {"datetime": "2021-09-27 18:07:19", "elapsed": 367.529334, "delta": 1.560739}}
{"target": -10.747012816120339, "params": {"C": 614.6490657967494, "epsilon": 0.970327505421062, "gamma": 0.020348657789971993}, "datetime": {"datetime": "2021-09-27 18:07:23", "elapsed": 371.502411, "delta": 3.973077}}
{"target": -10.827298402185614, "params": {"C": 556.610555541947, "epsilon": 0.7419654976260921, "gamma": 0.011351002657189064}, "datetime": {"datetime": "2021-09-27 18:07:26", "elapsed": 373.969031, "delta": 2.46662}}
{"target": -10.847267462065565, "params": {"C": 604.7026021077036, "epsilon": 0.7741781307111895, "gamma": 0.010838962759677379}, "datetime": {"datetime": "2021-09-27 18:07:28", "elapsed": 376.412128, "delta": 2.443097}}
{"target": -10.990212733014108, "params": {"C": 574.1781659650721, "epsilon": 0.44976640215467717, "gamma": 0.011699175890680157}, "datetime": {"datetime": "2021-09-27 18:07:31", "elapsed": 379.722664, "delta": 3.310536}}
{"target": -15.164883507136324, "params": {"C": 696.7243956674764, "epsilon": 0.6217594059049282, "gamma": 0.11845583643371628}, "datetime": {"datetime": "2021-09-27 18:07:33", "elapsed": 381.385918, "delta": 1.663254}}
{"target": -11.147459004576488, "params": {"C": 586.638629764773, "epsilon": 0.32481738364832374, "gamma": 0.01}, "datetime": {"datetime": "2021-09-27 18:07:37", "elapsed": 384.908532, "delta": 3.522614}}
{"target": -10.610519528415292, "params": {"C": 637.9947642988163, "epsilon": 0.4459491355420128, "gamma": 0.02010669532200535}, "datetime": {"datetime": "2021-09-27 18:07:38", "elapsed": 386.748531, "delta": 1.839999}}
{"target": -11.411073975498018, "params": {"C": 556.7201416618221, "epsilon": 0.017027566903556446, "gamma": 0.01}, "datetime": {"datetime": "2021-09-27 18:07:42", "elapsed": 389.999969, "delta": 3.251438}}
{"target": -11.095821774548686, "params": {"C": 637.8924079189619, "epsilon": 0.5338164877554347, "gamma": 0.01}, "datetime": {"datetime": "2021-09-27 18:07:46", "elapsed": 394.055845, "delta": 4.055876}}
{"target": -10.646470238175999, "params": {"C": 576.0698274516707, "epsilon": 0.24300988087151215, "gamma": 0.015820942920944825}, "datetime": {"datetime": "2021-09-27 18:07:48", "elapsed": 395.841022, "delta": 1.785177}}
{"target": -10.953575373298309, "params": {"C": 637.992881680681, "epsilon": 0.6064075589492348, "gamma": 0.041851009726665465}, "datetime": {"datetime": "2021-09-27 18:07:52", "elapsed": 400.590551, "delta": 4.749529}}
{"target": -11.099928044851136, "params": {"C": 638.1155545522531, "epsilon": 0.5180330724942211, "gamma": 0.01}, "datetime": {"datetime": "2021-09-27 18:07:55", "elapsed": 403.773196, "delta": 3.182645}}
{"target": -10.680841685663966, "params": {"C": 614.4392965272555, "epsilon": 0.9746259320707319, "gamma": 0.016223860514275205}, "datetime": {"datetime": "2021-09-27 18:07:59", "elapsed": 406.838035, "delta": 3.064839}}
{"target": -15.250357171068494, "params": {"C": 638.0056770183941, "epsilon": 0.49985198629360333, "gamma": 0.14616883436567726}, "datetime": {"datetime": "2021-09-27 18:08:02", "elapsed": 410.019151, "delta": 3.181116}}
{"target": -12.863491315472919, "params": {"C": 575.9886087023019, "epsilon": 0.15727857274962784, "gamma": 0.07413402132784917}, "datetime": {"datetime": "2021-09-27 18:08:05", "elapsed": 413.526777, "delta": 3.507626}}
{"target": -14.996303330115982, "params": {"C": 576.1121732914013, "epsilon": 0.3000087014663005, "gamma": 0.1413639046709162}, "datetime": {"datetime": "2021-09-27 18:08:09", "elapsed": 417.31971, "delta": 3.792933}}
{"target": -10.382259164255874, "params": {"C": 649.8028727865271, "epsilon": 0.8830962664256286, "gamma": 0.01461825167385481}, "datetime": {"datetime": "2021-09-27 18:08:12", "elapsed": 420.26288, "delta": 2.94317}}
{"target": -15.555926097803525, "params": {"C": 649.6705402371009, "epsilon": 0.8259087684234478, "gamma": 0.16068899154054378}, "datetime": {"datetime": "2021-09-27 18:08:15", "elapsed": 422.928364, "delta": 2.665484}}
{"target": -10.687981193082475, "params": {"C": 675.5155047101836, "epsilon": 0.016040530083077348, "gamma": 0.017048573682048068}, "datetime": {"datetime": "2021-09-27 18:08:19", "elapsed": 427.031259, "delta": 4.102895}}
{"target": -10.820906028902606, "params": {"C": 604.4600797332787, "epsilon": 0.808231733542411, "gamma": 0.040642055605817885}, "datetime": {"datetime": "2021-09-27 18:08:21", "elapsed": 428.866851, "delta": 1.835592}}
{"target": -15.094748903308119, "params": {"C": 675.5637192101782, "epsilon": 0.03848088041786107, "gamma": 0.1384965564221604}, "datetime": {"datetime": "2021-09-27 18:08:24", "elapsed": 432.420383, "delta": 3.553532}}
{"target": -10.329222791196099, "params": {"C": 604.8589426072994, "epsilon": 0.7676899577394093, "gamma": 0.020376165218201625}, "datetime": {"datetime": "2021-09-27 18:08:27", "elapsed": 435.368269, "delta": 2.947886}}
{"target": -10.96528052053221, "params": {"C": 638.0007690347416, "epsilon": 0.31122369478615125, "gamma": 0.012320490960001283}, "datetime": {"datetime": "2021-09-27 18:08:31", "elapsed": 439.133095, "delta": 3.764826}}
{"target": -10.965420035262651, "params": {"C": 639.4894913139743, "epsilon": 0.7024666567663197, "gamma": 0.010131767196286947}, "datetime": {"datetime": "2021-09-27 18:08:34", "elapsed": 442.156842, "delta": 3.023747}}
{"target": -11.637216893588358, "params": {"C": 633.043698158667, "epsilon": 0.27187212925976345, "gamma": 0.053017357735611934}, "datetime": {"datetime": "2021-09-27 18:08:36", "elapsed": 443.880384, "delta": 1.723542}}
{"target": -11.058591502728795, "params": {"C": 556.5902515154479, "epsilon": 0.6060376318913528, "gamma": 0.01}, "datetime": {"datetime": "2021-09-27 18:08:39", "elapsed": 447.106037, "delta": 3.225653}}
{"target": -14.501754498080235, "params": {"C": 604.9653124278723, "epsilon": 0.6315101919154764, "gamma": 0.09088070510447331}, "datetime": {"datetime": "2021-09-27 18:08:42", "elapsed": 450.084889, "delta": 2.978852}}
{"target": -10.495467902794735, "params": {"C": 576.18750954494, "epsilon": 0.14469106440440757, "gamma": 0.017302794130357974}, "datetime": {"datetime": "2021-09-27 18:08:46", "elapsed": 453.929647, "delta": 3.844758}}
{"target": -15.929554791911594, "params": {"C": 632.8090361904842, "epsilon": 0.5953757826603201, "gamma": 0.2539472573774304}, "datetime": {"datetime": "2021-09-27 18:08:47", "elapsed": 455.619178, "delta": 1.689531}}
{"target": -10.374101951204874, "params": {"C": 692.7099665392705, "epsilon": 0.8104312284146662, "gamma": 0.017735264627867522}, "datetime": {"datetime": "2021-09-27 18:08:49", "elapsed": 457.48496, "delta": 1.865782}}
{"target": -13.524439884327249, "params": {"C": 692.7922373265313, "epsilon": 0.7215451782990795, "gamma": 0.07226497941274575}, "datetime": {"datetime": "2021-09-27 18:08:53", "elapsed": 460.955429, "delta": 3.470469}}
{"target": -10.997079220301949, "params": {"C": 556.7622232391366, "epsilon": 0.7306075283479255, "gamma": 0.01}, "datetime": {"datetime": "2021-09-27 18:08:56", "elapsed": 464.513346, "delta": 3.557917}}
{"target": -13.68335070391582, "params": {"C": 692.5137545574948, "epsilon": 0.8289644056944395, "gamma": 0.0742498126331647}, "datetime": {"datetime": "2021-09-27 18:09:00", "elapsed": 468.005718, "delta": 3.492372}}
{"target": -11.389613652700133, "params": {"C": 637.8062084429434, "epsilon": 0.6274619307785896, "gamma": 0.04884016618375724}, "datetime": {"datetime": "2021-09-27 18:09:01", "elapsed": 469.819722, "delta": 1.814004}}
{"target": -15.102081458351277, "params": {"C": 613.4039045948066, "epsilon": 0.111543840707374, "gamma": 0.1632747060092593}, "datetime": {"datetime": "2021-09-27 18:09:03", "elapsed": 471.552904, "delta": 1.733182}}
{"target": -16.065829653975065, "params": {"C": 502.37650035718525, "epsilon": 0.7566931406581404, "gamma": 0.26318224972706045}, "datetime": {"datetime": "2021-09-27 18:09:05", "elapsed": 473.36855, "delta": 1.815646}}
{"target": -10.550196771073631, "params": {"C": 613.6136759992797, "epsilon": 0.8652709343367858, "gamma": 0.03464462153648434}, "datetime": {"datetime": "2021-09-27 18:09:07", "elapsed": 475.122684, "delta": 1.754134}}
{"target": -15.261258150472019, "params": {"C": 617.3201880786628, "epsilon": 0.8778650178320274, "gamma": 0.14288401233080744}, "datetime": {"datetime": "2021-09-27 18:09:09", "elapsed": 476.936656, "delta": 1.813972}}
{"target": -14.704284558626982, "params": {"C": 699.5076020155133, "epsilon": 0.5585888636873816, "gamma": 0.08937062400917675}, "datetime": {"datetime": "2021-09-27 18:09:10", "elapsed": 478.669874, "delta": 1.733218}}
{"target": -10.322464742623422, "params": {"C": 638.0715877483522, "epsilon": 0.768322155120453, "gamma": 0.026861088471540083}, "datetime": {"datetime": "2021-09-27 18:09:15", "elapsed": 483.723183, "delta": 5.053309}}
{"target": -10.349433055511222, "params": {"C": 637.9080263883168, "epsilon": 0.7392476137533492, "gamma": 0.02648030161145959}, "datetime": {"datetime": "2021-09-27 18:09:19", "elapsed": 487.330546, "delta": 3.607363}}
{"target": -14.725746740929946, "params": {"C": 541.6194418371573, "epsilon": 0.611669364075082, "gamma": 0.09992769141556775}, "datetime": {"datetime": "2021-09-27 18:09:21", "elapsed": 489.493269, "delta": 2.162723}}
{"target": -14.285004647404206, "params": {"C": 600.4428177316781, "epsilon": 0.6893901564633127, "gamma": 0.08742308181732102}, "datetime": {"datetime": "2021-09-27 18:09:24", "elapsed": 491.83599, "delta": 2.342721}}
{"target": -14.240212142546907, "params": {"C": 638.2045176723421, "epsilon": 0.6785297261011429, "gamma": 0.08478554747782098}, "datetime": {"datetime": "2021-09-27 18:09:27", "elapsed": 495.758548, "delta": 3.922558}}
{"target": -10.462631578188798, "params": {"C": 540.9226217488753, "epsilon": 0.3749868999023713, "gamma": 0.025020156324540063}, "datetime": {"datetime": "2021-09-27 18:09:30", "elapsed": 497.833583, "delta": 2.075035}}
{"target": -15.388756061074336, "params": {"C": 637.9623537171218, "epsilon": 0.8372217247175526, "gamma": 0.1496433625666695}, "datetime": {"datetime": "2021-09-27 18:09:33", "elapsed": 501.019546, "delta": 3.185963}}
{"target": -13.363852689733996, "params": {"C": 576.2800041813739, "epsilon": 0.12449637959506417, "gamma": 0.08130495271900423}, "datetime": {"datetime": "2021-09-27 18:09:36", "elapsed": 504.686908, "delta": 3.667362}}
{"target": -11.029881990308683, "params": {"C": 525.714225967411, "epsilon": 0.8781997307738959, "gamma": 0.01}, "datetime": {"datetime": "2021-09-27 18:09:40", "elapsed": 507.93126, "delta": 3.244352}}
{"target": -13.547021335210859, "params": {"C": 604.7240032930144, "epsilon": 0.3178140729179401, "gamma": 0.07838947476712839}, "datetime": {"datetime": "2021-09-27 18:09:41", "elapsed": 509.604263, "delta": 1.673003}}
{"target": -10.573632151369383, "params": {"C": 637.8453236181642, "epsilon": 0.39554695699416603, "gamma": 0.021786945316730585}, "datetime": {"datetime": "2021-09-27 18:09:45", "elapsed": 513.803489, "delta": 4.199226}}
{"target": -10.383117513603361, "params": {"C": 646.5061021215344, "epsilon": 0.48871303548408374, "gamma": 0.015820336473091497}, "datetime": {"datetime": "2021-09-27 18:09:50", "elapsed": 518.670565, "delta": 4.867076}}
{"target": -12.029051735943746, "params": {"C": 646.6261880066963, "epsilon": 0.42451941965049406, "gamma": 0.056988873549773326}, "datetime": {"datetime": "2021-09-27 18:09:54", "elapsed": 522.260915, "delta": 3.59035}}
{"target": -14.295686056399601, "params": {"C": 637.8106491047872, "epsilon": 0.26563490799465816, "gamma": 0.08958962182953319}, "datetime": {"datetime": "2021-09-27 18:09:58", "elapsed": 526.058284, "delta": 3.797369}}
{"target": -10.35313851134592, "params": {"C": 646.3453205424066, "epsilon": 0.5304938070093215, "gamma": 0.022473967351978645}, "datetime": {"datetime": "2021-09-27 18:10:03", "elapsed": 531.12694, "delta": 5.068656}}
{"target": -12.994039803430299, "params": {"C": 698.6726053775044, "epsilon": 0.6725604778587557, "gamma": 0.0662756284749236}, "datetime": {"datetime": "2021-09-27 18:10:05", "elapsed": 533.043134, "delta": 1.916194}}
{"target": -10.439783695340378, "params": {"C": 646.359501448018, "epsilon": 0.45462183032340336, "gamma": 0.023140277744445194}, "datetime": {"datetime": "2021-09-27 18:10:10", "elapsed": 538.251116, "delta": 5.207982}}
{"target": -15.062070784642644, "params": {"C": 650.8358155044657, "epsilon": 0.2497824605790501, "gamma": 0.15231045545894767}, "datetime": {"datetime": "2021-09-27 18:10:12", "elapsed": 540.232457, "delta": 1.981341}}
{"target": -10.739881771753316, "params": {"C": 692.7441702786732, "epsilon": 0.96644512298486, "gamma": 0.03723278542791371}, "datetime": {"datetime": "2021-09-27 18:10:17", "elapsed": 544.962183, "delta": 4.729726}}
{"target": -13.667599169158107, "params": {"C": 646.4715564777566, "epsilon": 0.5680181243661836, "gamma": 0.0768597782594413}, "datetime": {"datetime": "2021-09-27 18:10:21", "elapsed": 549.501575, "delta": 4.539392}}
{"target": -15.475134058018247, "params": {"C": 686.2457996458143, "epsilon": 0.44987928267997124, "gamma": 0.1866178122408368}, "datetime": {"datetime": "2021-09-27 18:10:23", "elapsed": 551.386052, "delta": 1.884477}}
{"target": -11.116049555684414, "params": {"C": 638.1375524944034, "epsilon": 0.36628539064959287, "gamma": 0.01}, "datetime": {"datetime": "2021-09-27 18:10:27", "elapsed": 555.261915, "delta": 3.875863}}
{"target": -11.061214916399123, "params": {"C": 586.6883461603525, "epsilon": 0.5728107441285262, "gamma": 0.01}, "datetime": {"datetime": "2021-09-27 18:10:31", "elapsed": 559.43132, "delta": 4.169405}}
{"target": -10.834660119649877, "params": {"C": 646.1908055939954, "epsilon": 0.5795471675722268, "gamma": 0.040011363580906276}, "datetime": {"datetime": "2021-09-27 18:10:35", "elapsed": 562.97418, "delta": 3.54286}}
{"target": -14.949832004793615, "params": {"C": 646.2656093804507, "epsilon": 0.49164458721694276, "gamma": 0.10559204313141843}, "datetime": {"datetime": "2021-09-27 18:10:38", "elapsed": 566.495636, "delta": 3.521456}}
{"target": -10.799119617129245, "params": {"C": 530.17399866758, "epsilon": 0.7933740719017001, "gamma": 0.04201307437123699}, "datetime": {"datetime": "2021-09-27 18:10:40", "elapsed": 568.397462, "delta": 1.901826}}
{"target": -15.14418537213318, "params": {"C": 530.1843393166506, "epsilon": 0.9256199476854052, "gamma": 0.14166782070900763}, "datetime": {"datetime": "2021-09-27 18:10:43", "elapsed": 571.816117, "delta": 3.418655}}
{"target": -11.006465333487832, "params": {"C": 530.1563376542737, "epsilon": 0.6655473968119489, "gamma": 0.01}, "datetime": {"datetime": "2021-09-27 18:10:48", "elapsed": 575.828862, "delta": 4.012745}}
{"target": -15.169436274899637, "params": {"C": 510.55520524859037, "epsilon": 0.19973028963649186, "gamma": 0.18627409381910032}, "datetime": {"datetime": "2021-09-27 18:10:50", "elapsed": 577.91534, "delta": 2.086478}}
{"target": -11.105527223582934, "params": {"C": 577.6358827448455, "epsilon": 0.14297277558618685, "gamma": 0.012001185175906714}, "datetime": {"datetime": "2021-09-27 18:10:55", "elapsed": 583.092465, "delta": 5.177125}}
{"target": -10.807162444757264, "params": {"C": 556.438365221419, "epsilon": 0.7130699090923427, "gamma": 0.011748157770885713}, "datetime": {"datetime": "2021-09-27 18:11:00", "elapsed": 588.170478, "delta": 5.078013}}
{"target": -15.099638749326722, "params": {"C": 530.281861682187, "epsilon": 0.6618243843990441, "gamma": 0.11732558203556603}, "datetime": {"datetime": "2021-09-27 18:11:05", "elapsed": 592.84099, "delta": 4.670512}}
{"target": -10.914480278518065, "params": {"C": 614.8409756005216, "epsilon": 0.3479618891819772, "gamma": 0.01264851589830837}, "datetime": {"datetime": "2021-09-27 18:11:10", "elapsed": 598.494445, "delta": 5.653455}}
{"target": -11.391824306311243, "params": {"C": 529.993095531461, "epsilon": 0.6545493968113084, "gamma": 0.05128148792887401}, "datetime": {"datetime": "2021-09-27 18:11:15", "elapsed": 603.384201, "delta": 4.889756}}
{"target": -11.142052848802713, "params": {"C": 525.5875575410377, "epsilon": 0.9608878913677118, "gamma": 0.01}, "datetime": {"datetime": "2021-09-27 18:11:18", "elapsed": 606.722116, "delta": 3.337915}}
{"target": -12.080237870808704, "params": {"C": 682.9192433563184, "epsilon": 0.3363761225607731, "gamma": 0.056917836711300025}, "datetime": {"datetime": "2021-09-27 18:11:20", "elapsed": 608.650384, "delta": 1.928268}}
{"target": -14.202152754806125, "params": {"C": 616.6496757008982, "epsilon": 0.09229413407863195, "gamma": 0.09434085788402206}, "datetime": {"datetime": "2021-09-27 18:11:23", "elapsed": 611.097982, "delta": 2.447598}}
{"target": -10.858912217676112, "params": {"C": 576.1465160840095, "epsilon": 0.03564879031289749, "gamma": 0.015203590615940302}, "datetime": {"datetime": "2021-09-27 18:11:27", "elapsed": 615.257428, "delta": 4.159446}}
{"target": -10.380907142104968, "params": {"C": 637.6567858567913, "epsilon": 0.47918241910601944, "gamma": 0.015789674067452873}, "datetime": {"datetime": "2021-09-27 18:11:32", "elapsed": 619.862679, "delta": 4.605251}}
{"target": -11.016757396667206, "params": {"C": 530.0585288659148, "epsilon": 0.7752214642739562, "gamma": 0.01}, "datetime": {"datetime": "2021-09-27 18:11:35", "elapsed": 623.60557, "delta": 3.742891}}
