{"target": 0.8974459844385438, "params": {"C": 195.89755432074242, "epsilon": 0.6285180381827207, "gamma": 0.05430366346811527}, "datetime": {"datetime": "2021-09-18 14:28:56", "elapsed": 89.588466, "delta": 0.748166}}
{"target": 0.9052836643142512, "params": {"C": 163.32071868285408, "epsilon": 0.657329339024409, "gamma": 0.10352057411329224}, "datetime": {"datetime": "2021-09-18 14:28:57", "elapsed": 90.331383, "delta": 0.742917}}
{"target": 0.9021196771293802, "params": {"C": 124.64459516887032, "epsilon": 0.09693760578694538, "gamma": 0.10017591750045687}, "datetime": {"datetime": "2021-09-18 14:28:58", "elapsed": 91.022408, "delta": 0.691025}}
{"target": 0.9038494381360199, "params": {"C": 185.61015889175508, "epsilon": 0.4168744510904222, "gamma": 0.10537376967173773}, "datetime": {"datetime": "2021-09-18 14:28:59", "elapsed": 91.933888, "delta": 0.91148}}
{"target": 0.9090503254070711, "params": {"C": 194.9507906230495, "epsilon": 0.776729432983944, "gamma": 0.09013860801067898}, "datetime": {"datetime": "2021-09-18 14:28:59", "elapsed": 92.742584, "delta": 0.808696}}
{"target": 0.8960807271194505, "params": {"C": 132.50831077071572, "epsilon": 0.20286572936730865, "gamma": 0.13153829630864766}, "datetime": {"datetime": "2021-09-18 14:29:00", "elapsed": 93.348439, "delta": 0.605855}}
{"target": 0.8958394844287155, "params": {"C": 194.95503851169042, "epsilon": 0.7867992143634402, "gamma": 0.12545638871724862}, "datetime": {"datetime": "2021-09-18 14:29:01", "elapsed": 94.360038, "delta": 1.011599}}
{"target": 0.9009805868789522, "params": {"C": 185.5873515806705, "epsilon": 0.4395229247296567, "gamma": 0.06306520306629279}, "datetime": {"datetime": "2021-09-18 14:29:02", "elapsed": 95.307009, "delta": 0.946971}}
{"target": 0.9079414219098408, "params": {"C": 195.91572145473393, "epsilon": 0.6410025389594678, "gamma": 0.09256263905804722}, "datetime": {"datetime": "2021-09-18 14:29:03", "elapsed": 96.11653, "delta": 0.809521}}
{"target": 0.8979813114011593, "params": {"C": 135.0569323601801, "epsilon": 0.6251399115484446, "gamma": 0.06310256529525096}, "datetime": {"datetime": "2021-09-18 14:29:04", "elapsed": 96.994895, "delta": 0.878365}}
{"target": 0.8989330983455335, "params": {"C": 171.90269124098836, "epsilon": 0.49203244869847085, "gamma": 0.058331568152304863}, "datetime": {"datetime": "2021-09-18 14:29:05", "elapsed": 97.773468, "delta": 0.778573}}
{"target": 0.9040458705221104, "params": {"C": 171.87292890113426, "epsilon": 0.5156744420521188, "gamma": 0.10789943204054053}, "datetime": {"datetime": "2021-09-18 14:29:06", "elapsed": 98.905232, "delta": 1.131764}}
{"target": 0.9072711138339845, "params": {"C": 194.525725262938, "epsilon": 0.7885324442120001, "gamma": 0.09863444030729854}, "datetime": {"datetime": "2021-09-18 14:29:07", "elapsed": 100.059183, "delta": 1.153951}}
{"target": 0.900765090659709, "params": {"C": 121.4443364342306, "epsilon": 0.07071236306662906, "gamma": 0.09373319210201342}, "datetime": {"datetime": "2021-09-18 14:29:08", "elapsed": 100.787408, "delta": 0.728225}}
{"target": 0.9095219384668007, "params": {"C": 194.9884908447101, "epsilon": 0.7508530910436751, "gamma": 0.076440683345096}, "datetime": {"datetime": "2021-09-18 14:29:08", "elapsed": 101.574182, "delta": 0.786774}}
{"target": 0.9051004188740728, "params": {"C": 194.8826731378918, "epsilon": 0.7107611278298612, "gamma": 0.10654712495979596}, "datetime": {"datetime": "2021-09-18 14:29:09", "elapsed": 102.229337, "delta": 0.655155}}
{"target": 0.9058479064806297, "params": {"C": 116.30849387944329, "epsilon": 0.7803798876031374, "gamma": 0.09045868750063553}, "datetime": {"datetime": "2021-09-18 14:29:10", "elapsed": 102.93729, "delta": 0.707953}}
{"target": 0.9020399477561631, "params": {"C": 133.39665051971278, "epsilon": 0.18837505171627522, "gamma": 0.11147673237153005}, "datetime": {"datetime": "2021-09-18 14:29:10", "elapsed": 103.66915, "delta": 0.73186}}
{"target": 0.9075015582976526, "params": {"C": 170.24315679437439, "epsilon": 0.5162075502493734, "gamma": 0.08055689125435546}, "datetime": {"datetime": "2021-09-18 14:29:11", "elapsed": 104.484391, "delta": 0.815241}}
{"target": 0.9061046081538433, "params": {"C": 178.99183087083026, "epsilon": 0.6095868646488748, "gamma": 0.07374533660999874}, "datetime": {"datetime": "2021-09-18 14:29:12", "elapsed": 105.224552, "delta": 0.740161}}
{"target": 0.8978675968779641, "params": {"C": 114.58272675585486, "epsilon": 0.2555717778788195, "gamma": 0.060084499442910715}, "datetime": {"datetime": "2021-09-18 14:29:13", "elapsed": 105.924658, "delta": 0.700106}}
{"target": 0.9062834601780307, "params": {"C": 194.99156069697105, "epsilon": 0.7704536569175487, "gamma": 0.06980653230748693}, "datetime": {"datetime": "2021-09-18 14:29:14", "elapsed": 106.819629, "delta": 0.894971}}
{"target": 0.9039054798330558, "params": {"C": 170.27041028008435, "epsilon": 0.5136271774925519, "gamma": 0.10836563025887971}, "datetime": {"datetime": "2021-09-18 14:29:15", "elapsed": 108.237671, "delta": 1.418042}}
{"target": 0.9082692304264935, "params": {"C": 194.55883720186495, "epsilon": 0.7465779457766742, "gamma": 0.09316115633806835}, "datetime": {"datetime": "2021-09-18 14:29:16", "elapsed": 109.367625, "delta": 1.129954}}
{"target": 0.90551192745627, "params": {"C": 124.36536315270627, "epsilon": 0.7272125143458636, "gamma": 0.10182114834721775}, "datetime": {"datetime": "2021-09-18 14:29:17", "elapsed": 110.207636, "delta": 0.840011}}
{"target": 0.8940963138181165, "params": {"C": 177.55076858339459, "epsilon": 0.47459792928276273, "gamma": 0.1329833496457523}, "datetime": {"datetime": "2021-09-18 14:29:18", "elapsed": 110.917626, "delta": 0.70999}}
{"target": 0.9076406905364257, "params": {"C": 170.20271681298243, "epsilon": 0.5208099684845587, "gamma": 0.09349752715577367}, "datetime": {"datetime": "2021-09-18 14:29:19", "elapsed": 111.77163, "delta": 0.854004}}
{"target": 0.9064858944281071, "params": {"C": 170.22619857443578, "epsilon": 0.4836396963581586, "gamma": 0.09754994836824143}, "datetime": {"datetime": "2021-09-18 14:29:19", "elapsed": 112.623625, "delta": 0.851995}}
{"target": 0.8988193819105292, "params": {"C": 194.60554053907902, "epsilon": 0.6593846923746207, "gamma": 0.12110614031199435}, "datetime": {"datetime": "2021-09-18 14:29:21", "elapsed": 113.795633, "delta": 1.172008}}
{"target": 0.9014500345235709, "params": {"C": 194.96298993752117, "epsilon": 0.748710014013796, "gamma": 0.06202802039808534}, "datetime": {"datetime": "2021-09-18 14:29:22", "elapsed": 114.944937, "delta": 1.149304}}
{"target": 0.9026152808244626, "params": {"C": 135.0322394573518, "epsilon": 0.6016979347538922, "gamma": 0.11251310814065583}, "datetime": {"datetime": "2021-09-18 14:29:23", "elapsed": 116.394938, "delta": 1.450001}}
{"target": 0.9096881352429177, "params": {"C": 194.8617643121144, "epsilon": 0.7119638528509509, "gamma": 0.08370506352686534}, "datetime": {"datetime": "2021-09-18 14:29:24", "elapsed": 117.151968, "delta": 0.75703}}
{"target": 0.8979029635470296, "params": {"C": 128.52902763199043, "epsilon": 0.5053324617810758, "gamma": 0.1303745580735866}, "datetime": {"datetime": "2021-09-18 14:29:25", "elapsed": 117.938931, "delta": 0.786963}}
{"target": 0.900197790220903, "params": {"C": 170.22196647693517, "epsilon": 0.5445918936417059, "gamma": 0.06199902693601166}, "datetime": {"datetime": "2021-09-18 14:29:26", "elapsed": 118.971933, "delta": 1.033002}}
{"target": 0.9045211655176107, "params": {"C": 195.02522030460284, "epsilon": 0.7542876706664352, "gamma": 0.10794524878067338}, "datetime": {"datetime": "2021-09-18 14:29:27", "elapsed": 119.89593, "delta": 0.923997}}
{"target": 0.9085362604141812, "params": {"C": 194.97744993550333, "epsilon": 0.7347088250014374, "gamma": 0.09157844006476298}, "datetime": {"datetime": "2021-09-18 14:29:28", "elapsed": 120.831935, "delta": 0.936005}}
{"target": 0.9053107998523344, "params": {"C": 125.1542318512611, "epsilon": 0.31102571826879777, "gamma": 0.0957102588323008}, "datetime": {"datetime": "2021-09-18 14:29:28", "elapsed": 121.565934, "delta": 0.733999}}
{"target": 0.9059657459672141, "params": {"C": 194.65128585671548, "epsilon": 0.7404972346298297, "gamma": 0.10394840979187808}, "datetime": {"datetime": "2021-09-18 14:29:30", "elapsed": 123.038647, "delta": 1.472713}}
{"target": 0.8995359749185475, "params": {"C": 120.53660716566425, "epsilon": 0.6253628934066496, "gamma": 0.1268141533668202}, "datetime": {"datetime": "2021-09-18 14:29:31", "elapsed": 123.805646, "delta": 0.766999}}
{"target": 0.9063494030084496, "params": {"C": 195.9499326794135, "epsilon": 0.6383493561845419, "gamma": 0.10002777212173186}, "datetime": {"datetime": "2021-09-18 14:29:32", "elapsed": 124.92265, "delta": 1.117004}}
{"target": 0.8981928771570895, "params": {"C": 161.0579267999054, "epsilon": 0.269755531152304, "gamma": 0.12256019521012045}, "datetime": {"datetime": "2021-09-18 14:29:33", "elapsed": 126.284648, "delta": 1.361998}}
{"target": 0.9081928879716845, "params": {"C": 194.97954169082652, "epsilon": 0.7552128874931487, "gamma": 0.09367945984063111}, "datetime": {"datetime": "2021-09-18 14:29:34", "elapsed": 127.514568, "delta": 1.22992}}
{"target": 0.9001521858542408, "params": {"C": 130.8288336843324, "epsilon": 0.2673799774939842, "gamma": 0.11847014366787623}, "datetime": {"datetime": "2021-09-18 14:29:35", "elapsed": 128.354534, "delta": 0.839966}}
{"target": 0.8913882318752252, "params": {"C": 159.08824837306076, "epsilon": 0.3784900201436101, "gamma": 0.14267528296287557}, "datetime": {"datetime": "2021-09-18 14:29:36", "elapsed": 129.139533, "delta": 0.784999}}
{"target": 0.9083972603339895, "params": {"C": 195.96035602764124, "epsilon": 0.5174324504317219, "gamma": 0.07838575501407838}, "datetime": {"datetime": "2021-09-18 14:29:37", "elapsed": 130.216528, "delta": 1.076995}}
{"target": 0.9050238435300572, "params": {"C": 195.01209394571197, "epsilon": 0.7190712359203812, "gamma": 0.06822189477143113}, "datetime": {"datetime": "2021-09-18 14:29:38", "elapsed": 131.177563, "delta": 0.961035}}
{"target": 0.9054209327927674, "params": {"C": 185.4515840357622, "epsilon": 0.3629509289766772, "gamma": 0.07442353834577484}, "datetime": {"datetime": "2021-09-18 14:29:39", "elapsed": 132.522563, "delta": 1.345}}
{"target": 0.8977689413099307, "params": {"C": 195.99922612318528, "epsilon": 0.4934875251600811, "gamma": 0.05419175115848447}, "datetime": {"datetime": "2021-09-18 14:29:41", "elapsed": 134.038563, "delta": 1.516}}
{"target": 0.8991316450979548, "params": {"C": 121.99881677200742, "epsilon": 0.6537151974882383, "gamma": 0.1304222595204233}, "datetime": {"datetime": "2021-09-18 14:29:42", "elapsed": 134.863529, "delta": 0.824966}}
{"target": 0.9079737183688945, "params": {"C": 194.63122210940378, "epsilon": 0.6898760453388075, "gamma": 0.07394332807085893}, "datetime": {"datetime": "2021-09-18 14:29:43", "elapsed": 135.972565, "delta": 1.109036}}
{"target": 0.8977547114154674, "params": {"C": 128.35094597211605, "epsilon": 0.7251218047159705, "gamma": 0.0647362169244752}, "datetime": {"datetime": "2021-09-18 14:29:44", "elapsed": 136.778627, "delta": 0.806062}}
{"target": 0.9007519727091176, "params": {"C": 170.18227503540652, "epsilon": 0.4665826532899156, "gamma": 0.0636292817581026}, "datetime": {"datetime": "2021-09-18 14:29:46", "elapsed": 139.032529, "delta": 2.253902}}
{"target": 0.909289930300982, "params": {"C": 194.8679363696474, "epsilon": 0.6735849051940113, "gamma": 0.08626865640369522}, "datetime": {"datetime": "2021-09-18 14:29:47", "elapsed": 140.356528, "delta": 1.323999}}
{"target": 0.9061526938580291, "params": {"C": 194.6142081051456, "epsilon": 0.7474689497741683, "gamma": 0.10330640979014963}, "datetime": {"datetime": "2021-09-18 14:29:48", "elapsed": 141.517569, "delta": 1.161041}}
{"target": 0.9002576108450728, "params": {"C": 198.24598161793838, "epsilon": 0.38975605626632, "gamma": 0.06224338704829816}, "datetime": {"datetime": "2021-09-18 14:29:49", "elapsed": 142.335532, "delta": 0.817963}}
{"target": 0.9080880513586376, "params": {"C": 194.86553497302515, "epsilon": 0.6251128521630653, "gamma": 0.09184740424721848}, "datetime": {"datetime": "2021-09-18 14:29:50", "elapsed": 143.522533, "delta": 1.187001}}
{"target": 0.9049561599719077, "params": {"C": 194.67757267526162, "epsilon": 0.6956404556070319, "gamma": 0.06821074166459593}, "datetime": {"datetime": "2021-09-18 14:29:52", "elapsed": 144.755209, "delta": 1.232676}}
{"target": 0.8917306827328673, "params": {"C": 170.1970056408448, "epsilon": 0.5119280576901705, "gamma": 0.1399401804356166}, "datetime": {"datetime": "2021-09-18 14:29:53", "elapsed": 146.013193, "delta": 1.257984}}
{"target": 0.9026933793670846, "params": {"C": 151.27904988131863, "epsilon": 0.6341011276622094, "gamma": 0.11435958126784364}, "datetime": {"datetime": "2021-09-18 14:29:54", "elapsed": 147.121192, "delta": 1.107999}}
{"target": 0.9025137781637325, "params": {"C": 178.99763158849038, "epsilon": 0.5607453428963532, "gamma": 0.06577912796167215}, "datetime": {"datetime": "2021-09-18 14:29:55", "elapsed": 148.307167, "delta": 1.185975}}
{"target": 0.9050841747744057, "params": {"C": 160.98242611054488, "epsilon": 0.28253456059105264, "gamma": 0.07940773235364788}, "datetime": {"datetime": "2021-09-18 14:29:56", "elapsed": 149.482212, "delta": 1.175045}}
{"target": 0.8985141915386997, "params": {"C": 170.23598572105323, "epsilon": 0.4900342058997697, "gamma": 0.05715347337670993}, "datetime": {"datetime": "2021-09-18 14:29:58", "elapsed": 150.753304, "delta": 1.271092}}
{"target": 0.9045489521215357, "params": {"C": 184.84001399093097, "epsilon": 0.6669195956530588, "gamma": 0.06877575180862185}, "datetime": {"datetime": "2021-09-18 14:29:59", "elapsed": 151.906485, "delta": 1.153181}}
{"target": 0.9006438870812681, "params": {"C": 151.22705583510088, "epsilon": 0.6405782970525649, "gamma": 0.06533931324913773}, "datetime": {"datetime": "2021-09-18 14:30:00", "elapsed": 153.53832, "delta": 1.631835}}
{"target": 0.9092111115324981, "params": {"C": 194.9072718800041, "epsilon": 0.7999866141056323, "gamma": 0.08986626554713462}, "datetime": {"datetime": "2021-09-18 14:30:01", "elapsed": 154.612017, "delta": 1.073697}}
{"target": 0.9085792256328145, "params": {"C": 194.88163154974853, "epsilon": 0.7991648069213765, "gamma": 0.093023857568309}, "datetime": {"datetime": "2021-09-18 14:30:03", "elapsed": 155.792362, "delta": 1.180345}}
{"target": 0.8980258309146638, "params": {"C": 199.04411155470797, "epsilon": 0.748608623402043, "gamma": 0.0555212282559872}, "datetime": {"datetime": "2021-09-18 14:30:03", "elapsed": 156.693852, "delta": 0.90149}}
{"target": 0.8992965883665903, "params": {"C": 160.99560307216194, "epsilon": 0.24098608782854175, "gamma": 0.06116787920254654}, "datetime": {"datetime": "2021-09-18 14:30:05", "elapsed": 157.892748, "delta": 1.198896}}
{"target": 0.9053711808723648, "params": {"C": 195.96103892072486, "epsilon": 0.5475720926994393, "gamma": 0.0710671317902254}, "datetime": {"datetime": "2021-09-18 14:30:06", "elapsed": 159.43003, "delta": 1.537282}}
{"target": 0.8973214909162412, "params": {"C": 184.8249519994851, "epsilon": 0.6375991559492041, "gamma": 0.12532172109317702}, "datetime": {"datetime": "2021-09-18 14:30:07", "elapsed": 160.607298, "delta": 1.177268}}
{"target": 0.9047035507838417, "params": {"C": 124.40948634073574, "epsilon": 0.7243028921986322, "gamma": 0.08259527874906415}, "datetime": {"datetime": "2021-09-18 14:30:08", "elapsed": 161.741303, "delta": 1.134005}}
{"target": 0.9043826536304435, "params": {"C": 124.38203250638021, "epsilon": 0.6830660268910611, "gamma": 0.08157746598358828}, "datetime": {"datetime": "2021-09-18 14:30:10", "elapsed": 162.851907, "delta": 1.110604}}
{"target": 0.9008844612573083, "params": {"C": 178.94989933313002, "epsilon": 0.6158232937583448, "gamma": 0.11881277182503915}, "datetime": {"datetime": "2021-09-18 14:30:11", "elapsed": 164.316191, "delta": 1.464284}}
{"target": 0.9068283960206428, "params": {"C": 195.94512656151772, "epsilon": 0.4789991523099168, "gamma": 0.0745953508018948}, "datetime": {"datetime": "2021-09-18 14:30:13", "elapsed": 165.762536, "delta": 1.446345}}
{"target": 0.8949608835421855, "params": {"C": 116.28496147354679, "epsilon": 0.7436614746851857, "gamma": 0.06014600958157597}, "datetime": {"datetime": "2021-09-18 14:30:14", "elapsed": 167.474109, "delta": 1.711573}}
{"target": 0.9001197380073979, "params": {"C": 147.19083368299806, "epsilon": 0.2666488782324522, "gamma": 0.06496357699986323}, "datetime": {"datetime": "2021-09-18 14:30:15", "elapsed": 168.364878, "delta": 0.890769}}
{"target": 0.90856946525283, "params": {"C": 197.67879071426637, "epsilon": 0.5707722034434631, "gamma": 0.08893897456732026}, "datetime": {"datetime": "2021-09-18 14:30:16", "elapsed": 169.332844, "delta": 0.967966}}
{"target": 0.9085845089146741, "params": {"C": 197.63784577888754, "epsilon": 0.5431292856827724, "gamma": 0.08863592101441051}, "datetime": {"datetime": "2021-09-18 14:30:17", "elapsed": 170.488459, "delta": 1.155615}}
{"target": 0.9088803195806486, "params": {"C": 197.6513295581228, "epsilon": 0.5670987212742545, "gamma": 0.08737181001672627}, "datetime": {"datetime": "2021-09-18 14:30:19", "elapsed": 171.839821, "delta": 1.351362}}
{"target": 0.8986482459676132, "params": {"C": 161.2343406655263, "epsilon": 0.37666489072421483, "gamma": 0.1218061197660157}, "datetime": {"datetime": "2021-09-18 14:30:20", "elapsed": 172.814034, "delta": 0.974213}}
{"target": 0.9098010193149901, "params": {"C": 195.93028152821466, "epsilon": 0.6759617746602584, "gamma": 0.0820291975417737}, "datetime": {"datetime": "2021-09-18 14:30:21", "elapsed": 174.14682, "delta": 1.332786}}
{"target": 0.8967910165833183, "params": {"C": 197.67175709655544, "epsilon": 0.5660209342336837, "gamma": 0.05226252182288095}, "datetime": {"datetime": "2021-09-18 14:30:22", "elapsed": 175.60458, "delta": 1.45776}}
{"target": 0.9059970105070786, "params": {"C": 151.81676353204818, "epsilon": 0.40416316356561965, "gamma": 0.08190102008315125}, "datetime": {"datetime": "2021-09-18 14:30:23", "elapsed": 176.545957, "delta": 0.941377}}
{"target": 0.898586185882811, "params": {"C": 197.79667361499304, "epsilon": 0.2367488036941603, "gamma": 0.05949600009278749}, "datetime": {"datetime": "2021-09-18 14:30:24", "elapsed": 177.496257, "delta": 0.9503}}
{"target": 0.894747552742666, "params": {"C": 157.86831538044078, "epsilon": 0.2815968356155537, "gamma": 0.050488433739983185}, "datetime": {"datetime": "2021-09-18 14:30:25", "elapsed": 178.448265, "delta": 0.952008}}
{"target": 0.9011517354327088, "params": {"C": 144.47950954720176, "epsilon": 0.601885540350978, "gamma": 0.12044551690543064}, "datetime": {"datetime": "2021-09-18 14:30:26", "elapsed": 179.378232, "delta": 0.929967}}
{"target": 0.9001920161048946, "params": {"C": 197.6726807646267, "epsilon": 0.573487235047043, "gamma": 0.11661203263951764}, "datetime": {"datetime": "2021-09-18 14:30:28", "elapsed": 181.198976, "delta": 1.820744}}
{"target": 0.9082502647826487, "params": {"C": 195.90809323117233, "epsilon": 0.7076911031861747, "gamma": 0.07409498087368668}, "datetime": {"datetime": "2021-09-18 14:30:29", "elapsed": 182.585341, "delta": 1.386365}}
{"target": 0.9059335157916945, "params": {"C": 195.98291035271006, "epsilon": 0.6967144916686107, "gamma": 0.10390468302022901}, "datetime": {"datetime": "2021-09-18 14:30:31", "elapsed": 184.031451, "delta": 1.44611}}
{"target": 0.8961202661844623, "params": {"C": 194.92330160091984, "epsilon": 0.7887396714014733, "gamma": 0.05266209269370209}, "datetime": {"datetime": "2021-09-18 14:30:32", "elapsed": 185.491402, "delta": 1.459951}}
{"target": 0.904131496872659, "params": {"C": 197.59697457662105, "epsilon": 0.5574474258181401, "gamma": 0.06852431598567114}, "datetime": {"datetime": "2021-09-18 14:30:34", "elapsed": 187.470929, "delta": 1.979527}}
{"target": 0.9018199754552649, "params": {"C": 195.9597496912155, "epsilon": 0.4900252046243588, "gamma": 0.11203967769230408}, "datetime": {"datetime": "2021-09-18 14:30:36", "elapsed": 189.356033, "delta": 1.885104}}
{"target": 0.90845195256352, "params": {"C": 195.88839082807874, "epsilon": 0.6821614445032401, "gamma": 0.0751155960317869}, "datetime": {"datetime": "2021-09-18 14:30:38", "elapsed": 191.267847, "delta": 1.911814}}
{"target": 0.9027257968174968, "params": {"C": 195.93951233772123, "epsilon": 0.692937495105985, "gamma": 0.11308696428714404}, "datetime": {"datetime": "2021-09-18 14:30:40", "elapsed": 193.697527, "delta": 2.42968}}
{"target": 0.9032749265816429, "params": {"C": 170.55471914500382, "epsilon": 0.2163795309993519, "gamma": 0.07521506658801744}, "datetime": {"datetime": "2021-09-18 14:30:41", "elapsed": 194.670481, "delta": 0.972954}}
{"target": 0.8992187747744376, "params": {"C": 185.48515166222276, "epsilon": 0.34796124820835816, "gamma": 0.059644090375536134}, "datetime": {"datetime": "2021-09-18 14:30:43", "elapsed": 196.061144, "delta": 1.390663}}
{"target": 0.9078407859161745, "params": {"C": 195.92962155481055, "epsilon": 0.5160980164907184, "gamma": 0.07700542160909038}, "datetime": {"datetime": "2021-09-18 14:30:44", "elapsed": 197.6836, "delta": 1.622456}}
{"target": 0.8985821887236174, "params": {"C": 142.22525377423818, "epsilon": 0.6625287434864577, "gamma": 0.130411421967005}, "datetime": {"datetime": "2021-09-18 14:30:45", "elapsed": 198.674947, "delta": 0.991347}}
{"target": 0.907805742937324, "params": {"C": 197.6696125248968, "epsilon": 0.538969943258607, "gamma": 0.09198522603103333}, "datetime": {"datetime": "2021-09-18 14:30:47", "elapsed": 200.203421, "delta": 1.528474}}
{"target": 0.9093105098208386, "params": {"C": 195.8581320612739, "epsilon": 0.7331900562992887, "gamma": 0.07602396097034615}, "datetime": {"datetime": "2021-09-18 14:30:48", "elapsed": 201.631188, "delta": 1.427767}}
