{"target": -10.938534446338188, "params": {"C": 206.53382128915376, "epsilon": 0.37387297144836057, "gamma": 0.05630713078866947}, "datetime": {"datetime": "2021-09-27 18:50:49", "elapsed": 627.665932, "delta": 5.229897}}
{"target": -11.028570636928608, "params": {"C": 220.0338736954727, "epsilon": 0.28193817577470254, "gamma": 0.01}, "datetime": {"datetime": "2021-09-27 18:50:56", "elapsed": 634.600387, "delta": 6.934455}}
{"target": -10.456364193196713, "params": {"C": 253.59373485473407, "epsilon": 0.30502755172780094, "gamma": 0.019773144391141972}, "datetime": {"datetime": "2021-09-27 18:51:01", "elapsed": 639.713032, "delta": 5.112645}}
{"target": -14.84268224677567, "params": {"C": 253.41400338513833, "epsilon": 0.22694704278579628, "gamma": 0.19299942031699702}, "datetime": {"datetime": "2021-09-27 18:51:05", "elapsed": 643.383389, "delta": 3.670357}}
{"target": -11.098130118859082, "params": {"C": 206.38331944019222, "epsilon": 0.4719663778926538, "gamma": 0.059452759591117385}, "datetime": {"datetime": "2021-09-27 18:51:10", "elapsed": 648.445512, "delta": 5.062123}}
{"target": -14.735450420434965, "params": {"C": 246.16003907697097, "epsilon": 0.1550005903238207, "gamma": 0.18836040632973472}, "datetime": {"datetime": "2021-09-27 18:51:13", "elapsed": 651.067168, "delta": 2.621656}}
{"target": -10.98462148755166, "params": {"C": 193.47277876998157, "epsilon": 0.12180389697380568, "gamma": 0.013936843383880543}, "datetime": {"datetime": "2021-09-27 18:51:17", "elapsed": 655.112105, "delta": 4.044937}}
{"target": -13.808519504606979, "params": {"C": 193.57513582773203, "epsilon": 0.028074034684291482, "gamma": 0.14796110157588918}, "datetime": {"datetime": "2021-09-27 18:51:21", "elapsed": 659.904255, "delta": 4.79215}}
{"target": -10.796199205341471, "params": {"C": 172.5112061682509, "epsilon": 0.8598439476121097, "gamma": 0.019946445139226734}, "datetime": {"datetime": "2021-09-27 18:51:26", "elapsed": 664.074511, "delta": 4.170256}}
{"target": -10.61380675502679, "params": {"C": 170.102529907625, "epsilon": 0.3415650924301321, "gamma": 0.04593500154809211}, "datetime": {"datetime": "2021-09-27 18:51:28", "elapsed": 666.311746, "delta": 2.237235}}
{"target": -13.601987803796362, "params": {"C": 170.24123544417537, "epsilon": 0.2880787764525114, "gamma": 0.13403576896160135}, "datetime": {"datetime": "2021-09-27 18:51:32", "elapsed": 670.387708, "delta": 4.075962}}
{"target": -10.90445415498884, "params": {"C": 169.95656660231697, "epsilon": 0.3978500699151633, "gamma": 0.01}, "datetime": {"datetime": "2021-09-27 18:51:37", "elapsed": 675.024078, "delta": 4.63637}}
{"target": -10.80906337684724, "params": {"C": 170.08768869903773, "epsilon": 0.5929732571811741, "gamma": 0.016669584851822704}, "datetime": {"datetime": "2021-09-27 18:51:43", "elapsed": 681.826521, "delta": 6.802443}}
{"target": -12.640495362780058, "params": {"C": 170.03441834352301, "epsilon": 0.47676953587357, "gamma": 0.10216732761126845}, "datetime": {"datetime": "2021-09-27 18:51:47", "elapsed": 685.885362, "delta": 4.058841}}
{"target": -14.208306574791985, "params": {"C": 272.740338435147, "epsilon": 0.713289802600304, "gamma": 0.12122019067551741}, "datetime": {"datetime": "2021-09-27 18:51:50", "elapsed": 687.984592, "delta": 2.09923}}
{"target": -15.657914685674076, "params": {"C": 150.85099631915344, "epsilon": 0.5597348274881335, "gamma": 0.27325271721644745}, "datetime": {"datetime": "2021-09-27 18:51:52", "elapsed": 690.166636, "delta": 2.182044}}
{"target": -13.985832987779117, "params": {"C": 188.26927844872446, "epsilon": 0.1723462411561284, "gamma": 0.15025206369061891}, "datetime": {"datetime": "2021-09-27 18:51:54", "elapsed": 692.085475, "delta": 1.918839}}
{"target": -10.496937558323392, "params": {"C": 205.8934162919772, "epsilon": 0.458998026973122, "gamma": 0.03386836819560791}, "datetime": {"datetime": "2021-09-27 18:51:56", "elapsed": 694.260863, "delta": 2.175388}}
{"target": -10.831965218166486, "params": {"C": 206.58817444188998, "epsilon": 0.25155258654011464, "gamma": 0.014978004809930206}, "datetime": {"datetime": "2021-09-27 18:52:02", "elapsed": 700.723677, "delta": 6.462814}}
{"target": -13.557137238315665, "params": {"C": 169.91254467715092, "epsilon": 0.23417832904494368, "gamma": 0.13186176526107274}, "datetime": {"datetime": "2021-09-27 18:52:07", "elapsed": 705.764188, "delta": 5.040511}}
{"target": -10.92295463378502, "params": {"C": 193.2768299049641, "epsilon": 0.16653304433506488, "gamma": 0.013707925800262822}, "datetime": {"datetime": "2021-09-27 18:52:12", "elapsed": 710.323859, "delta": 4.559671}}
{"target": -10.003832383971622, "params": {"C": 193.72460392081956, "epsilon": 0.2713616957602879, "gamma": 0.02833429339714351}, "datetime": {"datetime": "2021-09-27 18:52:16", "elapsed": 714.783745, "delta": 4.459886}}
{"target": -10.366883455350559, "params": {"C": 193.7751719185063, "epsilon": 0.42634871757687565, "gamma": 0.024355841778430552}, "datetime": {"datetime": "2021-09-27 18:52:21", "elapsed": 719.658894, "delta": 4.875149}}
{"target": -15.205309801764047, "params": {"C": 193.78288700754956, "epsilon": 0.2405713341556404, "gamma": 0.2436811754003145}, "datetime": {"datetime": "2021-09-27 18:52:26", "elapsed": 724.215171, "delta": 4.556277}}
{"target": -10.640642028958343, "params": {"C": 170.14664425963736, "epsilon": 0.8395681664078348, "gamma": 0.03747759250416032}, "datetime": {"datetime": "2021-09-27 18:52:31", "elapsed": 729.031625, "delta": 4.816454}}
{"target": -13.57060007868359, "params": {"C": 170.1616833150083, "epsilon": 0.7133388158733371, "gamma": 0.12365694879756987}, "datetime": {"datetime": "2021-09-27 18:52:38", "elapsed": 736.09451, "delta": 7.062885}}
{"target": -10.962629006517846, "params": {"C": 170.0824243748603, "epsilon": 0.938424348926462, "gamma": 0.018373249878229556}, "datetime": {"datetime": "2021-09-27 18:52:43", "elapsed": 741.656403, "delta": 5.561893}}
{"target": -10.719336535718204, "params": {"C": 165.0967223325402, "epsilon": 0.16930707813618834, "gamma": 0.05230489846065289}, "datetime": {"datetime": "2021-09-27 18:52:45", "elapsed": 743.639845, "delta": 1.983442}}
{"target": -10.710080091100183, "params": {"C": 169.9266148069872, "epsilon": 0.7283361546552255, "gamma": 0.018371084931460904}, "datetime": {"datetime": "2021-09-27 18:52:50", "elapsed": 748.583622, "delta": 4.943777}}
{"target": -15.722654667613522, "params": {"C": 271.05185283376693, "epsilon": 0.19906939731480183, "gamma": 0.2860923816710417}, "datetime": {"datetime": "2021-09-27 18:52:52", "elapsed": 750.732934, "delta": 2.149312}}
{"target": -11.127564624934834, "params": {"C": 170.32179035731804, "epsilon": 0.9374172356639735, "gamma": 0.013469711807334597}, "datetime": {"datetime": "2021-09-27 18:52:59", "elapsed": 757.172698, "delta": 6.439764}}
{"target": -11.4473342420462, "params": {"C": 276.76204360469416, "epsilon": 0.09033178369253901, "gamma": 0.07193079128675738}, "datetime": {"datetime": "2021-09-27 18:53:01", "elapsed": 759.820585, "delta": 2.647887}}
{"target": -11.346302814387476, "params": {"C": 165.04580622878686, "epsilon": 0.0006872099245546392, "gamma": 0.07710126973098086}, "datetime": {"datetime": "2021-09-27 18:53:06", "elapsed": 764.841811, "delta": 5.021226}}
{"target": -15.349358383835964, "params": {"C": 218.50469583761526, "epsilon": 0.02303367005654366, "gamma": 0.26865119280780636}, "datetime": {"datetime": "2021-09-27 18:53:09", "elapsed": 767.411436, "delta": 2.569625}}
{"target": -15.206257875848747, "params": {"C": 180.96200815100295, "epsilon": 0.565325634796808, "gamma": 0.19893641712951213}, "datetime": {"datetime": "2021-09-27 18:53:11", "elapsed": 769.70039, "delta": 2.288954}}
{"target": -13.592721502608846, "params": {"C": 177.44355378765607, "epsilon": 0.5437690365857845, "gamma": 0.12576740630980826}, "datetime": {"datetime": "2021-09-27 18:53:14", "elapsed": 772.327649, "delta": 2.627259}}
{"target": -11.002393474021899, "params": {"C": 201.43191291568036, "epsilon": 0.8184928642641851, "gamma": 0.05650070564597463}, "datetime": {"datetime": "2021-09-27 18:53:16", "elapsed": 774.318212, "delta": 1.990563}}
{"target": -14.916666533593942, "params": {"C": 164.95896547155337, "epsilon": 0.16348594359567056, "gamma": 0.2283333403011913}, "datetime": {"datetime": "2021-09-27 18:53:23", "elapsed": 780.990853, "delta": 6.672641}}
{"target": -15.599426809073144, "params": {"C": 288.75483726088714, "epsilon": 0.36814625679142526, "gamma": 0.2557430958555086}, "datetime": {"datetime": "2021-09-27 18:53:25", "elapsed": 783.474908, "delta": 2.484055}}
{"target": -14.954402285179984, "params": {"C": 170.22603073308383, "epsilon": 0.9804464196932127, "gamma": 0.1724936382693241}, "datetime": {"datetime": "2021-09-27 18:53:31", "elapsed": 788.979582, "delta": 5.504674}}
{"target": -10.828472116779539, "params": {"C": 193.60341053421243, "epsilon": 0.47642394433075724, "gamma": 0.0113282252021725}, "datetime": {"datetime": "2021-09-27 18:53:36", "elapsed": 794.614165, "delta": 5.634583}}
{"target": -10.246201314713177, "params": {"C": 193.61435756851532, "epsilon": 0.30402510462805454, "gamma": 0.025191050325088962}, "datetime": {"datetime": "2021-09-27 18:53:41", "elapsed": 799.429409, "delta": 4.815244}}
{"target": -12.234115008005308, "params": {"C": 165.26322945788073, "epsilon": 0.1670627734420502, "gamma": 0.10056931690412595}, "datetime": {"datetime": "2021-09-27 18:53:48", "elapsed": 806.826666, "delta": 7.397257}}
{"target": -10.920958171974098, "params": {"C": 205.7305802854933, "epsilon": 0.3946612456886975, "gamma": 0.01178836141919372}, "datetime": {"datetime": "2021-09-27 18:53:55", "elapsed": 813.477336, "delta": 6.65067}}
{"target": -10.964084876596996, "params": {"C": 173.77978326947266, "epsilon": 0.8026020969396717, "gamma": 0.014458829328298915}, "datetime": {"datetime": "2021-09-27 18:53:57", "elapsed": 815.843132, "delta": 2.365796}}
{"target": -15.609892711811673, "params": {"C": 161.8857226677798, "epsilon": 0.3791423281461637, "gamma": 0.2822558540699202}, "datetime": {"datetime": "2021-09-27 18:54:00", "elapsed": 818.022293, "delta": 2.179161}}
{"target": -10.691629085304575, "params": {"C": 173.68917560201774, "epsilon": 0.982442233695287, "gamma": 0.04104312657747335}, "datetime": {"datetime": "2021-09-27 18:54:05", "elapsed": 823.090265, "delta": 5.067972}}
{"target": -11.062216792709918, "params": {"C": 173.4637526971571, "epsilon": 0.9005556730262803, "gamma": 0.013907897350361388}, "datetime": {"datetime": "2021-09-27 18:54:10", "elapsed": 828.387626, "delta": 5.297361}}
{"target": -11.599702539629114, "params": {"C": 206.0139266296573, "epsilon": 0.9615333934700164, "gamma": 0.06553895569341808}, "datetime": {"datetime": "2021-09-27 18:54:12", "elapsed": 830.61141, "delta": 2.223784}}
{"target": -15.393328346554846, "params": {"C": 173.60113566020317, "epsilon": 0.835820089360915, "gamma": 0.20710520774625849}, "datetime": {"datetime": "2021-09-27 18:54:18", "elapsed": 836.49463, "delta": 5.88322}}
{"target": -14.550983436858992, "params": {"C": 201.43671464971868, "epsilon": 0.9983133323676573, "gamma": 0.14689860861269205}, "datetime": {"datetime": "2021-09-27 18:54:24", "elapsed": 842.829767, "delta": 6.335137}}
{"target": -14.768229833646659, "params": {"C": 201.46610012730662, "epsilon": 0.6527231661155213, "gamma": 0.16354736599853395}, "datetime": {"datetime": "2021-09-27 18:54:33", "elapsed": 851.265305, "delta": 8.435538}}
{"target": -10.8900491955465, "params": {"C": 169.82674636278927, "epsilon": 0.8916610564820768, "gamma": 0.01755537393839112}, "datetime": {"datetime": "2021-09-27 18:54:39", "elapsed": 856.987787, "delta": 5.722482}}
{"target": -11.39864462356182, "params": {"C": 173.2932374248447, "epsilon": 1.0, "gamma": 0.01}, "datetime": {"datetime": "2021-09-27 18:54:45", "elapsed": 863.839822, "delta": 6.852035}}
{"target": -15.2913461719942, "params": {"C": 225.844685295149, "epsilon": 0.2713414829719024, "gamma": 0.24309381942914884}, "datetime": {"datetime": "2021-09-27 18:54:48", "elapsed": 866.348328, "delta": 2.508506}}
{"target": -11.080130308501273, "params": {"C": 169.7029000112989, "epsilon": 0.6758453528871533, "gamma": 0.06228454497718818}, "datetime": {"datetime": "2021-09-27 18:54:53", "elapsed": 871.870247, "delta": 5.521919}}
{"target": -15.058161847646744, "params": {"C": 163.28167792125524, "epsilon": 0.417795782798926, "gamma": 0.21207949591992253}, "datetime": {"datetime": "2021-09-27 18:54:56", "elapsed": 874.794725, "delta": 2.924478}}
{"target": -15.897717308333084, "params": {"C": 169.7129246745147, "epsilon": 0.7497709408327665, "gamma": 0.2676023690216931}, "datetime": {"datetime": "2021-09-27 18:55:05", "elapsed": 883.044222, "delta": 8.249497}}
{"target": -11.310176617145846, "params": {"C": 205.7778103745208, "epsilon": 0.9555318292304581, "gamma": 0.01}, "datetime": {"datetime": "2021-09-27 18:55:11", "elapsed": 889.270485, "delta": 6.226263}}
{"target": -11.640625740933693, "params": {"C": 290.23286911960696, "epsilon": 0.7384846113805238, "gamma": 0.06250680507934504}, "datetime": {"datetime": "2021-09-27 18:55:16", "elapsed": 894.499338, "delta": 5.228853}}
{"target": -12.73299525556888, "params": {"C": 287.25427573314, "epsilon": 0.13262211040212565, "gamma": 0.09398782617926196}, "datetime": {"datetime": "2021-09-27 18:55:23", "elapsed": 901.3671, "delta": 6.867762}}
{"target": -12.17688857172788, "params": {"C": 197.82305991821494, "epsilon": 0.34762325992305126, "gamma": 0.08865066301121258}, "datetime": {"datetime": "2021-09-27 18:55:26", "elapsed": 904.028052, "delta": 2.660952}}
{"target": -13.89898418795108, "params": {"C": 252.060036244198, "epsilon": 0.8894132861315536, "gamma": 0.11372646571707523}, "datetime": {"datetime": "2021-09-27 18:55:28", "elapsed": 906.711215, "delta": 2.683163}}
{"target": -10.117056115336426, "params": {"C": 249.64053564673412, "epsilon": 0.34719998439679534, "gamma": 0.0265528885854105}, "datetime": {"datetime": "2021-09-27 18:55:33", "elapsed": 911.529608, "delta": 4.818393}}
{"target": -12.004054028663102, "params": {"C": 287.1207391735055, "epsilon": 0.5271597490033623, "gamma": 0.07307274260155587}, "datetime": {"datetime": "2021-09-27 18:55:39", "elapsed": 917.205543, "delta": 5.675935}}
{"target": -10.724692212174077, "params": {"C": 249.4332124405052, "epsilon": 0.3070251928097131, "gamma": 0.04785251392220237}, "datetime": {"datetime": "2021-09-27 18:55:46", "elapsed": 924.036572, "delta": 6.831029}}
{"target": -14.63618146281547, "params": {"C": 249.26302898070833, "epsilon": 0.2273258673275666, "gamma": 0.1630881324598937}, "datetime": {"datetime": "2021-09-27 18:55:51", "elapsed": 929.514127, "delta": 5.477555}}
{"target": -10.263073119068375, "params": {"C": 253.73103038201208, "epsilon": 0.44607605348453694, "gamma": 0.027370486923695918}, "datetime": {"datetime": "2021-09-27 18:55:57", "elapsed": 935.877438, "delta": 6.363311}}
{"target": -15.459401047333788, "params": {"C": 230.59832702565814, "epsilon": 0.9491089432424669, "gamma": 0.19606438573008816}, "datetime": {"datetime": "2021-09-27 18:56:00", "elapsed": 938.283714, "delta": 2.406276}}
{"target": -15.744306448288835, "params": {"C": 280.0728986974707, "epsilon": 0.2235863559383984, "gamma": 0.2847848205988577}, "datetime": {"datetime": "2021-09-27 18:56:02", "elapsed": 940.716539, "delta": 2.432825}}
{"target": -10.882789834936286, "params": {"C": 169.82083223589203, "epsilon": 0.5583442577106291, "gamma": 0.01}, "datetime": {"datetime": "2021-09-27 18:56:10", "elapsed": 948.038102, "delta": 7.321563}}
{"target": -14.674160206488482, "params": {"C": 249.5700948636155, "epsilon": 0.3325447575848309, "gamma": 0.16231131490398834}, "datetime": {"datetime": "2021-09-27 18:56:18", "elapsed": 956.064835, "delta": 8.026733}}
{"target": -11.24610755073987, "params": {"C": 192.88275206070432, "epsilon": 0.004339262284604607, "gamma": 0.01}, "datetime": {"datetime": "2021-09-27 18:56:27", "elapsed": 965.168541, "delta": 9.103706}}
{"target": -10.804491356458675, "params": {"C": 253.94671508093282, "epsilon": 0.4334276525858874, "gamma": 0.014394482619270529}, "datetime": {"datetime": "2021-09-27 18:56:34", "elapsed": 972.639948, "delta": 7.471407}}
{"target": -10.695045208366368, "params": {"C": 184.75027614801957, "epsilon": 0.6068200789693604, "gamma": 0.04664656575615222}, "datetime": {"datetime": "2021-09-27 18:56:37", "elapsed": 975.271668, "delta": 2.63172}}
{"target": -11.007027223557152, "params": {"C": 184.84664845600705, "epsilon": 0.45075516321897746, "gamma": 0.05947266828430346}, "datetime": {"datetime": "2021-09-27 18:56:44", "elapsed": 982.383896, "delta": 7.112228}}
{"target": -11.103331235895038, "params": {"C": 237.71201446834417, "epsilon": 0.03544963676772089, "gamma": 0.06466203218686356}, "datetime": {"datetime": "2021-09-27 18:56:47", "elapsed": 985.411475, "delta": 3.027579}}
{"target": -10.330297356546122, "params": {"C": 184.64331573223433, "epsilon": 0.4561412920408876, "gamma": 0.0313569462795407}, "datetime": {"datetime": "2021-09-27 18:56:56", "elapsed": 994.156073, "delta": 8.744598}}
{"target": -15.058766961786246, "params": {"C": 184.56135129547764, "epsilon": 0.46874474853760556, "gamma": 0.19848984641656806}, "datetime": {"datetime": "2021-09-27 18:57:04", "elapsed": 1002.400584, "delta": 8.244511}}
{"target": -11.183616943066657, "params": {"C": 249.79215467599914, "epsilon": 0.44961254978519, "gamma": 0.059147722959795444}, "datetime": {"datetime": "2021-09-27 18:57:12", "elapsed": 1010.227809, "delta": 7.827225}}
{"target": -10.398890833589096, "params": {"C": 193.77178865612814, "epsilon": 0.10297997912356724, "gamma": 0.02303074060873305}, "datetime": {"datetime": "2021-09-27 18:57:19", "elapsed": 1017.066908, "delta": 6.839099}}
{"target": -14.434802069980773, "params": {"C": 237.88945708532026, "epsilon": 0.12268172372840265, "gamma": 0.1600198472717232}, "datetime": {"datetime": "2021-09-27 18:57:26", "elapsed": 1024.572852, "delta": 7.505944}}
{"target": -12.942977310068263, "params": {"C": 184.94783919308688, "epsilon": 0.7126065998533724, "gamma": 0.10329536436736259}, "datetime": {"datetime": "2021-09-27 18:57:34", "elapsed": 1032.337091, "delta": 7.764239}}
{"target": -15.931621790412946, "params": {"C": 275.5290051318557, "epsilon": 0.7282113635085736, "gamma": 0.2502315491368477}, "datetime": {"datetime": "2021-09-27 18:57:37", "elapsed": 1034.998823, "delta": 2.661732}}
{"target": -10.945736336311695, "params": {"C": 184.7222999826958, "epsilon": 0.31674101616003697, "gamma": 0.01}, "datetime": {"datetime": "2021-09-27 18:57:43", "elapsed": 1041.011729, "delta": 6.012906}}
{"target": -12.22623790106332, "params": {"C": 206.56607014969836, "epsilon": 0.6488918049873816, "gamma": 0.08512103253576468}, "datetime": {"datetime": "2021-09-27 18:57:51", "elapsed": 1049.603237, "delta": 8.591508}}
{"target": -10.787201080267659, "params": {"C": 169.64017970759883, "epsilon": 0.4785786805743816, "gamma": 0.05111997834982468}, "datetime": {"datetime": "2021-09-27 18:57:59", "elapsed": 1057.051033, "delta": 7.447796}}
{"target": -10.970796704586027, "params": {"C": 173.90905927970294, "epsilon": 0.9865276634732968, "gamma": 0.05444514603145506}, "datetime": {"datetime": "2021-09-27 18:58:05", "elapsed": 1063.407503, "delta": 6.35647}}
{"target": -10.781392417821142, "params": {"C": 253.8997693992691, "epsilon": 0.5633738572139749, "gamma": 0.016195696357109407}, "datetime": {"datetime": "2021-09-27 18:58:13", "elapsed": 1071.37789, "delta": 7.970387}}
{"target": -11.37302127329803, "params": {"C": 281.2991866218887, "epsilon": 0.0001, "gamma": 0.01}, "datetime": {"datetime": "2021-09-27 18:58:21", "elapsed": 1079.614702, "delta": 8.236812}}
{"target": -10.798173867642785, "params": {"C": 169.46539869359606, "epsilon": 0.5637134864260626, "gamma": 0.016611925698889835}, "datetime": {"datetime": "2021-09-27 18:58:28", "elapsed": 1086.85787, "delta": 7.243168}}
