{"target": 0.909667313445197, "params": {"C": 106.75287717540824, "epsilon": 0.65970572397019, "gamma": 0.04354473681997347}, "datetime": {"datetime": "2021-09-18 14:30:37", "elapsed": 83.205441, "delta": 0.868039}}
{"target": 0.9096506390786729, "params": {"C": 106.79611832199403, "epsilon": 0.8039203962353073, "gamma": 0.047003176409772356}, "datetime": {"datetime": "2021-09-18 14:30:38", "elapsed": 84.018217, "delta": 0.812776}}
{"target": 0.9020696989313717, "params": {"C": 67.50646393277889, "epsilon": 0.24975437792302882, "gamma": 0.04261531852345907}, "datetime": {"datetime": "2021-09-18 14:30:38", "elapsed": 84.663222, "delta": 0.645005}}
{"target": 0.9101824836816402, "params": {"C": 106.80350241496419, "epsilon": 0.7645880147242505, "gamma": 0.04754211111064085}, "datetime": {"datetime": "2021-09-18 14:30:39", "elapsed": 85.73194, "delta": 1.068718}}
{"target": 0.8769573926870209, "params": {"C": 105.25064339921389, "epsilon": 0.6615165693077533, "gamma": 0.019754522927742373}, "datetime": {"datetime": "2021-09-18 14:30:40", "elapsed": 86.6599, "delta": 0.92796}}
{"target": 0.880948687834556, "params": {"C": 106.8182625333201, "epsilon": 0.7796006513244339, "gamma": 0.021086841760353955}, "datetime": {"datetime": "2021-09-18 14:30:41", "elapsed": 87.482153, "delta": 0.822253}}
{"target": 0.9038509869730931, "params": {"C": 93.74411986561313, "epsilon": 0.1460390890050176, "gamma": 0.03678423424562405}, "datetime": {"datetime": "2021-09-18 14:30:42", "elapsed": 88.145504, "delta": 0.663351}}
{"target": 0.9077730622690823, "params": {"C": 106.74119016719526, "epsilon": 0.8259573312492089, "gamma": 0.04142154315988135}, "datetime": {"datetime": "2021-09-18 14:30:43", "elapsed": 89.059502, "delta": 0.913998}}
{"target": 0.908307113291805, "params": {"C": 106.6611795225621, "epsilon": 0.8397176130265681, "gamma": 0.043132511009248906}, "datetime": {"datetime": "2021-09-18 14:30:44", "elapsed": 90.085008, "delta": 1.025506}}
{"target": 0.9115136023609605, "params": {"C": 86.9882398832706, "epsilon": 0.08946087496344728, "gamma": 0.04852123576455219}, "datetime": {"datetime": "2021-09-18 14:30:45", "elapsed": 91.002969, "delta": 0.917961}}
{"target": 0.8866107221985565, "params": {"C": 58.90115055995714, "epsilon": 0.08371553308371345, "gamma": 0.027493276840805374}, "datetime": {"datetime": "2021-09-18 14:30:45", "elapsed": 91.636284, "delta": 0.633315}}
{"target": 0.87167046366606, "params": {"C": 86.98984300968434, "epsilon": 0.0872802725198721, "gamma": 0.011673893262099319}, "datetime": {"datetime": "2021-09-18 14:30:46", "elapsed": 92.591282, "delta": 0.954998}}
{"target": 0.9039511550614311, "params": {"C": 59.449411660538324, "epsilon": 0.07515028081985826, "gamma": 0.04611720741084061}, "datetime": {"datetime": "2021-09-18 14:30:47", "elapsed": 93.326792, "delta": 0.73551}}
{"target": 0.8823617945567546, "params": {"C": 54.90660635067812, "epsilon": 0.9753490895526596, "gamma": 0.02618347500025421}, "datetime": {"datetime": "2021-09-18 14:30:47", "elapsed": 93.971502, "delta": 0.64471}}
{"target": 0.8952763605732298, "params": {"C": 68.19739484866548, "epsilon": 0.23154814189993553, "gamma": 0.03459069294861203}, "datetime": {"datetime": "2021-09-18 14:30:48", "elapsed": 94.605503, "delta": 0.634001}}
{"target": 0.9123451470050756, "params": {"C": 106.2822545773369, "epsilon": 0.37659394359349785, "gamma": 0.05}, "datetime": {"datetime": "2021-09-18 14:30:49", "elapsed": 95.675749, "delta": 1.070246}}
{"target": 0.8767952802909323, "params": {"C": 103.66031289953463, "epsilon": 0.7607629837896119, "gamma": 0.019498134643999493}, "datetime": {"datetime": "2021-09-18 14:30:50", "elapsed": 96.388704, "delta": 0.712955}}
{"target": 0.8727430967483256, "params": {"C": 53.56434303233156, "epsilon": 0.31597479784774757, "gamma": 0.014033799777164284}, "datetime": {"datetime": "2021-09-18 14:30:51", "elapsed": 97.026713, "delta": 0.638009}}
{"target": 0.9097125926589039, "params": {"C": 113.71213410637769, "epsilon": 0.6105075349493796, "gamma": 0.041720734437913194}, "datetime": {"datetime": "2021-09-18 14:30:52", "elapsed": 98.055705, "delta": 1.028992}}
{"target": 0.9112609146262982, "params": {"C": 105.20188491782966, "epsilon": 0.6125246411015604, "gamma": 0.04965822736748063}, "datetime": {"datetime": "2021-09-18 14:30:53", "elapsed": 99.152751, "delta": 1.097046}}
{"target": 0.8780876521571951, "params": {"C": 106.28500834677568, "epsilon": 0.39246830834088114, "gamma": 0.016708822659370917}, "datetime": {"datetime": "2021-09-18 14:30:54", "elapsed": 100.100746, "delta": 0.947995}}
{"target": 0.8866149443689615, "params": {"C": 61.17306022988265, "epsilon": 0.9085490564858286, "gamma": 0.030728459338887106}, "datetime": {"datetime": "2021-09-18 14:30:54", "elapsed": 100.774743, "delta": 0.673997}}
{"target": 0.9087249968605885, "params": {"C": 102.53948667597358, "epsilon": 0.5911615008937275, "gamma": 0.04319333985830093}, "datetime": {"datetime": "2021-09-18 14:30:55", "elapsed": 101.47971, "delta": 0.704967}}
{"target": 0.8779649881479131, "params": {"C": 102.53089390048274, "epsilon": 0.6215242359730767, "gamma": 0.015715868684293047}, "datetime": {"datetime": "2021-09-18 14:30:56", "elapsed": 102.587703, "delta": 1.107993}}
{"target": 0.9114837740116182, "params": {"C": 102.51612385493681, "epsilon": 0.5502669774006546, "gamma": 0.048834946111268804}, "datetime": {"datetime": "2021-09-18 14:30:57", "elapsed": 103.495707, "delta": 0.908004}}
{"target": 0.9128919250546341, "params": {"C": 116.8942302772002, "epsilon": 0.568708135502337, "gamma": 0.049158260237234096}, "datetime": {"datetime": "2021-09-18 14:30:58", "elapsed": 104.458747, "delta": 0.96304}}
{"target": 0.9108706525664212, "params": {"C": 102.54140186468616, "epsilon": 0.5121137806059347, "gamma": 0.04652108926916516}, "datetime": {"datetime": "2021-09-18 14:30:59", "elapsed": 105.365747, "delta": 0.907}}
{"target": 0.8925853080087863, "params": {"C": 102.56408172189997, "epsilon": 0.547517151189102, "gamma": 0.027536074158341237}, "datetime": {"datetime": "2021-09-18 14:31:00", "elapsed": 106.555702, "delta": 1.189955}}
{"target": 0.8963022655915962, "params": {"C": 96.2186755301193, "epsilon": 0.045832334756935086, "gamma": 0.029889929877692678}, "datetime": {"datetime": "2021-09-18 14:31:01", "elapsed": 107.244706, "delta": 0.689004}}
{"target": 0.8998347882151696, "params": {"C": 64.41146593599255, "epsilon": 0.6297766827505825, "gamma": 0.04214982322943464}, "datetime": {"datetime": "2021-09-18 14:31:01", "elapsed": 107.945743, "delta": 0.701037}}
{"target": 0.9078512893864347, "params": {"C": 116.9205813931141, "epsilon": 0.5449456563015915, "gamma": 0.037744565024290855}, "datetime": {"datetime": "2021-09-18 14:31:03", "elapsed": 109.191707, "delta": 1.245964}}
{"target": 0.8859940512787046, "params": {"C": 102.49778160433182, "epsilon": 0.5251797674245888, "gamma": 0.024211096493528244}, "datetime": {"datetime": "2021-09-18 14:31:04", "elapsed": 110.374708, "delta": 1.183001}}
{"target": 0.9066606907111843, "params": {"C": 98.15845167102938, "epsilon": 0.9456944405947061, "gamma": 0.04636550087014584}, "datetime": {"datetime": "2021-09-18 14:31:05", "elapsed": 111.407747, "delta": 1.033039}}
{"target": 0.8858200531935678, "params": {"C": 61.78662477320307, "epsilon": 0.3856476973120792, "gamma": 0.028284103532920324}, "datetime": {"datetime": "2021-09-18 14:31:06", "elapsed": 112.179709, "delta": 0.771962}}
{"target": 0.9107894829623573, "params": {"C": 106.80866612319755, "epsilon": 0.6457647845761902, "gamma": 0.047677024724707515}, "datetime": {"datetime": "2021-09-18 14:31:07", "elapsed": 113.208706, "delta": 1.028997}}
{"target": 0.8987818381020329, "params": {"C": 58.195138906627754, "epsilon": 0.7805841481263034, "gamma": 0.04072566134672808}, "datetime": {"datetime": "2021-09-18 14:31:08", "elapsed": 113.988703, "delta": 0.779997}}
{"target": 0.9093269072870316, "params": {"C": 106.78007701878774, "epsilon": 0.6656638212115727, "gamma": 0.04271593525471389}, "datetime": {"datetime": "2021-09-18 14:31:09", "elapsed": 115.066747, "delta": 1.078044}}
{"target": 0.896378456250251, "params": {"C": 106.79400439349223, "epsilon": 0.6231788336467955, "gamma": 0.02940681829560636}, "datetime": {"datetime": "2021-09-18 14:31:10", "elapsed": 116.307703, "delta": 1.240956}}
{"target": 0.8985667557996833, "params": {"C": 106.8423016030404, "epsilon": 0.6597709633144029, "gamma": 0.03093833989229887}, "datetime": {"datetime": "2021-09-18 14:31:11", "elapsed": 117.324711, "delta": 1.017008}}
{"target": 0.8975585030709843, "params": {"C": 66.20020397670298, "epsilon": 0.3308107409539801, "gamma": 0.037388057467150494}, "datetime": {"datetime": "2021-09-18 14:31:12", "elapsed": 118.011747, "delta": 0.687036}}
{"target": 0.9082295401918601, "params": {"C": 88.17974873460281, "epsilon": 0.4704105381291511, "gamma": 0.04707011318515023}, "datetime": {"datetime": "2021-09-18 14:31:12", "elapsed": 118.795747, "delta": 0.784}}
{"target": 0.9107789584667393, "params": {"C": 105.55255370118462, "epsilon": 0.15266095100813531, "gamma": 0.04233497070196376}, "datetime": {"datetime": "2021-09-18 14:31:14", "elapsed": 120.136742, "delta": 1.340995}}
{"target": 0.9118055386026123, "params": {"C": 113.7046559692677, "epsilon": 0.6369385842535932, "gamma": 0.04767936195783103}, "datetime": {"datetime": "2021-09-18 14:31:15", "elapsed": 121.334707, "delta": 1.197965}}
{"target": 0.9081057264145501, "params": {"C": 113.7084893896201, "epsilon": 0.6798237342127758, "gamma": 0.03937940162182865}, "datetime": {"datetime": "2021-09-18 14:31:16", "elapsed": 122.43171, "delta": 1.097003}}
{"target": 0.9091975531403356, "params": {"C": 106.74907183825215, "epsilon": 0.8676497060842133, "gamma": 0.04823824261202552}, "datetime": {"datetime": "2021-09-18 14:31:17", "elapsed": 123.501705, "delta": 1.069995}}
{"target": 0.8994219240141496, "params": {"C": 59.33241304489465, "epsilon": 0.8162062737672737, "gamma": 0.042168903808169324}, "datetime": {"datetime": "2021-09-18 14:31:18", "elapsed": 124.255708, "delta": 0.754003}}
{"target": 0.9135955182118202, "params": {"C": 105.56574478094554, "epsilon": 0.12088540755933522, "gamma": 0.05}, "datetime": {"datetime": "2021-09-18 14:31:19", "elapsed": 125.455748, "delta": 1.20004}}
{"target": 0.872897317659393, "params": {"C": 64.27295797831248, "epsilon": 0.9059222674636552, "gamma": 0.015894486769790085}, "datetime": {"datetime": "2021-09-18 14:31:20", "elapsed": 126.242706, "delta": 0.786958}}
{"target": 0.9116883342040938, "params": {"C": 105.58551245405638, "epsilon": 0.15620627569571155, "gamma": 0.04439082801825566}, "datetime": {"datetime": "2021-09-18 14:31:21", "elapsed": 127.596711, "delta": 1.354005}}
{"target": 0.9102734326018708, "params": {"C": 113.65901005037918, "epsilon": 0.6623753473221872, "gamma": 0.04266287641338461}, "datetime": {"datetime": "2021-09-18 14:31:23", "elapsed": 129.081747, "delta": 1.485036}}
{"target": 0.8921580743718039, "params": {"C": 88.1530363741823, "epsilon": 0.10479127607767667, "gamma": 0.028155439433626785}, "datetime": {"datetime": "2021-09-18 14:31:23", "elapsed": 129.882743, "delta": 0.800996}}
{"target": 0.8773649956762771, "params": {"C": 118.63576348061873, "epsilon": 0.4845653014628123, "gamma": 0.014897354819319263}, "datetime": {"datetime": "2021-09-18 14:31:24", "elapsed": 130.688709, "delta": 0.805966}}
{"target": 0.9089409754113327, "params": {"C": 105.19660866721176, "epsilon": 0.5749412859479227, "gamma": 0.0425449239401544}, "datetime": {"datetime": "2021-09-18 14:31:25", "elapsed": 131.842708, "delta": 1.153999}}
{"target": 0.9114436699948221, "params": {"C": 113.66667330495433, "epsilon": 0.6143065486284496, "gamma": 0.045788812682665436}, "datetime": {"datetime": "2021-09-18 14:31:26", "elapsed": 132.940744, "delta": 1.098036}}
{"target": 0.9011116338846192, "params": {"C": 106.77712288098006, "epsilon": 0.8457145541719892, "gamma": 0.03225555404887333}, "datetime": {"datetime": "2021-09-18 14:31:28", "elapsed": 134.403457, "delta": 1.462713}}
{"target": 0.9021735832235148, "params": {"C": 105.60957108481014, "epsilon": 0.10755171990416519, "gamma": 0.03324919732729268}, "datetime": {"datetime": "2021-09-18 14:31:29", "elapsed": 135.615595, "delta": 1.212138}}
{"target": 0.9078214514589947, "params": {"C": 105.55493110510253, "epsilon": 0.1922066265894998, "gamma": 0.03903244104124728}, "datetime": {"datetime": "2021-09-18 14:31:30", "elapsed": 136.760114, "delta": 1.144519}}
{"target": 0.9085391362613254, "params": {"C": 105.25923063566802, "epsilon": 0.5680216423959966, "gamma": 0.04181476953667896}, "datetime": {"datetime": "2021-09-18 14:31:31", "elapsed": 137.971358, "delta": 1.211244}}
{"target": 0.9103732770263553, "params": {"C": 102.95681247521912, "epsilon": 0.27504140221011447, "gamma": 0.043581034413371286}, "datetime": {"datetime": "2021-09-18 14:31:32", "elapsed": 138.853352, "delta": 0.881994}}
{"target": 0.8802564217806582, "params": {"C": 113.66411438992543, "epsilon": 0.6245029272173622, "gamma": 0.02076602922519169}, "datetime": {"datetime": "2021-09-18 14:31:33", "elapsed": 139.906021, "delta": 1.052669}}
{"target": 0.8820931206748983, "params": {"C": 105.22964270929171, "epsilon": 0.5844844875246965, "gamma": 0.022246208465431204}, "datetime": {"datetime": "2021-09-18 14:31:35", "elapsed": 141.185306, "delta": 1.279285}}
{"target": 0.8989823181391934, "params": {"C": 105.16224857550615, "epsilon": 0.5867491543934616, "gamma": 0.03146521546252439}, "datetime": {"datetime": "2021-09-18 14:31:36", "elapsed": 142.555178, "delta": 1.369872}}
{"target": 0.87938761316643, "params": {"C": 102.97961692811656, "epsilon": 0.25711040243017014, "gamma": 0.016852830464871862}, "datetime": {"datetime": "2021-09-18 14:31:37", "elapsed": 143.713364, "delta": 1.158186}}
{"target": 0.8717084078821338, "params": {"C": 119.25653120921731, "epsilon": 0.9354313473512849, "gamma": 0.01220849130239488}, "datetime": {"datetime": "2021-09-18 14:31:38", "elapsed": 144.53917, "delta": 0.825806}}
{"target": 0.9102202364297718, "params": {"C": 106.77435474448689, "epsilon": 0.7782171080691029, "gamma": 0.04925028357994395}, "datetime": {"datetime": "2021-09-18 14:31:39", "elapsed": 145.647341, "delta": 1.108171}}
{"target": 0.9079904245794752, "params": {"C": 105.59475078700389, "epsilon": 0.18957571183958025, "gamma": 0.03921990270774893}, "datetime": {"datetime": "2021-09-18 14:31:41", "elapsed": 147.018257, "delta": 1.370916}}
{"target": 0.8699969893215811, "params": {"C": 77.94209972822212, "epsilon": 0.19841519904268723, "gamma": 0.01127082537768251}, "datetime": {"datetime": "2021-09-18 14:31:41", "elapsed": 147.850136, "delta": 0.831879}}
{"target": 0.9112477826460398, "params": {"C": 105.29449433518903, "epsilon": 0.5600049261528978, "gamma": 0.046599611464361625}, "datetime": {"datetime": "2021-09-18 14:31:42", "elapsed": 148.959969, "delta": 1.109833}}
{"target": 0.9111806723146745, "params": {"C": 104.55151221184602, "epsilon": 0.5814856325366057, "gamma": 0.04741207176793448}, "datetime": {"datetime": "2021-09-18 14:31:44", "elapsed": 150.079243, "delta": 1.119274}}
{"target": 0.8981137259330002, "params": {"C": 86.31322588604858, "epsilon": 0.249084896709337, "gamma": 0.03357242341539849}, "datetime": {"datetime": "2021-09-18 14:31:44", "elapsed": 150.953112, "delta": 0.873869}}
{"target": 0.9124625525113457, "params": {"C": 113.67979938728718, "epsilon": 0.5855798851529556, "gamma": 0.05}, "datetime": {"datetime": "2021-09-18 14:31:46", "elapsed": 152.468138, "delta": 1.515026}}
{"target": 0.8977430674165892, "params": {"C": 102.92035587028582, "epsilon": 0.3027264322812257, "gamma": 0.030648270648171598}, "datetime": {"datetime": "2021-09-18 14:31:47", "elapsed": 153.941528, "delta": 1.47339}}
{"target": 0.878970330890591, "params": {"C": 78.92620397566517, "epsilon": 0.3298921803433374, "gamma": 0.015985430799945292}, "datetime": {"datetime": "2021-09-18 14:31:48", "elapsed": 154.820494, "delta": 0.878966}}
{"target": 0.8925094676612717, "params": {"C": 118.19461499998496, "epsilon": 0.7119958453520434, "gamma": 0.025575589826928105}, "datetime": {"datetime": "2021-09-18 14:31:49", "elapsed": 155.742238, "delta": 0.921744}}
{"target": 0.8975576523235194, "params": {"C": 106.72135667943928, "epsilon": 0.8695773078415046, "gamma": 0.029552490662062378}, "datetime": {"datetime": "2021-09-18 14:31:51", "elapsed": 157.069597, "delta": 1.327359}}
{"target": 0.87951613055396, "params": {"C": 94.30311130850284, "epsilon": 0.8388017102917598, "gamma": 0.021514135859288106}, "datetime": {"datetime": "2021-09-18 14:31:51", "elapsed": 157.952444, "delta": 0.882847}}
{"target": 0.9032128937039466, "params": {"C": 89.84893162874269, "epsilon": 0.4681174268073468, "gamma": 0.03872244790640628}, "datetime": {"datetime": "2021-09-18 14:31:52", "elapsed": 158.883409, "delta": 0.930965}}
{"target": 0.9071949668593636, "params": {"C": 105.17527877380758, "epsilon": 0.6397272138732183, "gamma": 0.040592211743410135}, "datetime": {"datetime": "2021-09-18 14:31:54", "elapsed": 160.121451, "delta": 1.238042}}
{"target": 0.8786638505972691, "params": {"C": 105.57688874044827, "epsilon": 0.12743530223787458, "gamma": 0.016967566982412106}, "datetime": {"datetime": "2021-09-18 14:31:55", "elapsed": 161.642335, "delta": 1.520884}}
{"target": 0.8803684932789789, "params": {"C": 82.52414941381525, "epsilon": 0.5026665388388554, "gamma": 0.0227604080332605}, "datetime": {"datetime": "2021-09-18 14:31:56", "elapsed": 162.554215, "delta": 0.91188}}
{"target": 0.8777771473963107, "params": {"C": 118.28630170055015, "epsilon": 0.29232542002599626, "gamma": 0.013798400037114997}, "datetime": {"datetime": "2021-09-18 14:31:57", "elapsed": 163.50004, "delta": 0.945825}}
{"target": 0.8700219358715113, "params": {"C": 87.23091196256505, "epsilon": 0.3486729473118495, "gamma": 0.010195373495993275}, "datetime": {"datetime": "2021-09-18 14:31:58", "elapsed": 164.371132, "delta": 0.871092}}
{"target": 0.9011166163793608, "params": {"C": 76.81739631449027, "epsilon": 0.7510869609537928, "gamma": 0.038178206762172255}, "datetime": {"datetime": "2021-09-18 14:31:59", "elapsed": 165.325015, "delta": 0.953883}}
{"target": 0.9095389746750273, "params": {"C": 105.3128154126774, "epsilon": 0.5957403404607519, "gamma": 0.04355368980193614}, "datetime": {"datetime": "2021-09-18 14:32:01", "elapsed": 167.011867, "delta": 1.686852}}
{"target": 0.9105304261227639, "params": {"C": 102.92929385287252, "epsilon": 0.2525745520959111, "gamma": 0.04363324158596652}, "datetime": {"datetime": "2021-09-18 14:32:02", "elapsed": 168.348969, "delta": 1.337102}}
{"target": 0.9110637930510446, "params": {"C": 106.57787393053721, "epsilon": 0.6495445445242334, "gamma": 0.04979546585633632}, "datetime": {"datetime": "2021-09-18 14:32:03", "elapsed": 169.776169, "delta": 1.4272}}
{"target": 0.9114091668707278, "params": {"C": 113.67696943473413, "epsilon": 0.7179645807569196, "gamma": 0.047260213354788416}, "datetime": {"datetime": "2021-09-18 14:32:05", "elapsed": 171.184384, "delta": 1.408215}}
{"target": 0.9124631600974578, "params": {"C": 105.50957578299034, "epsilon": 0.20186848934120305, "gamma": 0.047958346478305325}, "datetime": {"datetime": "2021-09-18 14:32:06", "elapsed": 172.586183, "delta": 1.401799}}
{"target": 0.911320393375381, "params": {"C": 105.54383966355653, "epsilon": 0.23313078680441857, "gamma": 0.044413233521539794}, "datetime": {"datetime": "2021-09-18 14:32:08", "elapsed": 174.383499, "delta": 1.797316}}
{"target": 0.9092031983296844, "params": {"C": 105.63396324041254, "epsilon": 0.15303702121392385, "gamma": 0.04044503448124848}, "datetime": {"datetime": "2021-09-18 14:32:10", "elapsed": 176.059749, "delta": 1.67625}}
{"target": 0.9114262505083536, "params": {"C": 105.27858415419706, "epsilon": 0.5976152638362804, "gamma": 0.05}, "datetime": {"datetime": "2021-09-18 14:32:11", "elapsed": 177.460706, "delta": 1.400957}}
{"target": 0.8793160538150747, "params": {"C": 97.09811489055853, "epsilon": 0.26673325689662164, "gamma": 0.020086026635206974}, "datetime": {"datetime": "2021-09-18 14:32:12", "elapsed": 178.402391, "delta": 0.941685}}
{"target": 0.8915557564524879, "params": {"C": 195.06396084646332, "epsilon": 0.7259180035733149, "gamma": 0.020014868726254836}, "datetime": {"datetime": "2021-09-18 14:49:47", "elapsed": 0.0, "delta": 0.0}}
{"target": 0.9113824606996368, "params": {"C": 174.41986307373116, "epsilon": 0.16382077300077078, "gamma": 0.03200401731994371}, "datetime": {"datetime": "2021-09-18 14:49:47", "elapsed": 0.074998, "delta": 0.074998}}
{"target": 0.9096758170046034, "params": {"C": 153.52683804798076, "epsilon": 0.3586495125021868, "gamma": 0.07157977164998709}, "datetime": {"datetime": "2021-09-18 14:49:47", "elapsed": 0.140997, "delta": 0.065999}}
{"target": 0.8892929196002267, "params": {"C": 216.98701212060425, "epsilon": 0.4308106241152289, "gamma": 0.10907853505157875}, "datetime": {"datetime": "2021-09-18 14:49:47", "elapsed": 0.211039, "delta": 0.070042}}
{"target": 0.895216468714705, "params": {"C": 156.80140495167313, "epsilon": 0.8805550876631265, "gamma": 0.023560387115730403}, "datetime": {"datetime": "2021-09-18 14:49:47", "elapsed": 0.252997, "delta": 0.041958}}
{"target": 0.9013030762961407, "params": {"C": 240.6841518321124, "epsilon": 0.42895870631978444, "gamma": 0.09262967769794772}, "datetime": {"datetime": "2021-09-18 14:49:48", "elapsed": 0.335004, "delta": 0.082007}}
{"target": 0.8891037498078114, "params": {"C": 145.2696489471421, "epsilon": 0.2141394593031812, "gamma": 0.12409679392781978}, "datetime": {"datetime": "2021-09-18 14:49:48", "elapsed": 0.408997, "delta": 0.073993}}
{"target": 0.8838169607454532, "params": {"C": 294.2870836294916, "epsilon": 0.327155694596058, "gamma": 0.11000194003701083}, "datetime": {"datetime": "2021-09-18 14:49:48", "elapsed": 0.502998, "delta": 0.094001}}
