{"target": -2.518296644916567, "params": {"C": 40.64906533641734, "epsilon": 1.6651665040112802, "gamma": 0.0180454797340407}, "datetime": {"datetime": "2021-09-18 10:25:44", "elapsed": 124.875975, "delta": 1.161873}}
{"target": -2.9071535157903354, "params": {"C": 28.702583837567197, "epsilon": 2.5672316109519198, "gamma": 0.32343118359813927}, "datetime": {"datetime": "2021-09-18 10:25:45", "elapsed": 125.995016, "delta": 1.119041}}
{"target": -2.6134801493184354, "params": {"C": 39.10416128747069, "epsilon": 1.9021865305717602, "gamma": 0.0102496465684213}, "datetime": {"datetime": "2021-09-18 10:25:47", "elapsed": 127.205526, "delta": 1.21051}}
{"target": -3.0252372000448555, "params": {"C": 16.36947889933394, "epsilon": 0.39487430148794694, "gamma": 0.4515621624502366}, "datetime": {"datetime": "2021-09-18 10:25:47", "elapsed": 127.879526, "delta": 0.674}}
{"target": -4.720312517716543, "params": {"C": 12.345851339172043, "epsilon": 6.823947222223536, "gamma": 0.20288885062817127}, "datetime": {"datetime": "2021-09-18 10:25:48", "elapsed": 128.508788, "delta": 0.629262}}
{"target": -2.6623144875335214, "params": {"C": 24.117692580246576, "epsilon": 1.5118422909771925, "gamma": 0.307768894533935}, "datetime": {"datetime": "2021-09-18 10:25:49", "elapsed": 129.254827, "delta": 0.746039}}
{"target": -2.566355252385408, "params": {"C": 51.76917271397131, "epsilon": 2.2736697158541097, "gamma": 0.19933686728283478}, "datetime": {"datetime": "2021-09-18 10:25:50", "elapsed": 130.598794, "delta": 1.343967}}
{"target": -2.9890708181084737, "params": {"C": 40.43979054913554, "epsilon": 1.8832618491237931, "gamma": 0.43184276684435813}, "datetime": {"datetime": "2021-09-18 10:25:51", "elapsed": 131.585828, "delta": 0.987034}}
{"target": -2.6335223699446138, "params": {"C": 11.156989542922236, "epsilon": 2.114803683812638, "gamma": 0.05132165222012445}, "datetime": {"datetime": "2021-09-18 10:25:52", "elapsed": 132.244827, "delta": 0.658999}}
{"target": -2.536129085207331, "params": {"C": 60.65200150862016, "epsilon": 1.031841131242075, "gamma": 0.2481040474921356}, "datetime": {"datetime": "2021-09-18 10:25:52", "elapsed": 132.970829, "delta": 0.726002}}
{"target": -2.504587603626876, "params": {"C": 54.9630545968936, "epsilon": 0.43019299295573693, "gamma": 0.009055545595154698}, "datetime": {"datetime": "2021-09-18 10:25:54", "elapsed": 134.682824, "delta": 1.711995}}
{"target": -2.8514599390759447, "params": {"C": 25.055880225391036, "epsilon": 0.9464140042088987, "gamma": 0.4347092903661477}, "datetime": {"datetime": "2021-09-18 10:25:55", "elapsed": 135.474789, "delta": 0.791965}}
{"target": -2.33789451550639, "params": {"C": 43.80023742883639, "epsilon": 0.5220933764378689, "gamma": 0.020887114300751727}, "datetime": {"datetime": "2021-09-18 10:25:56", "elapsed": 136.908794, "delta": 1.434005}}
{"target": -2.9303583516002725, "params": {"C": 43.75550505790867, "epsilon": 0.8697842077378929, "gamma": 0.46388340435504505}, "datetime": {"datetime": "2021-09-18 10:25:57", "elapsed": 138.126791, "delta": 1.217997}}
{"target": -2.992342206198093, "params": {"C": 54.67571480378199, "epsilon": 0.9149080453524702, "gamma": 0.49269275979152}, "datetime": {"datetime": "2021-09-18 10:25:58", "elapsed": 138.855791, "delta": 0.729}}
{"target": -2.4505573457868963, "params": {"C": 43.84935148275771, "epsilon": 0.10237537985483168, "gamma": 0.25292211733846576}, "datetime": {"datetime": "2021-09-18 10:25:59", "elapsed": 140.047795, "delta": 1.192004}}
{"target": -2.91292070979911, "params": {"C": 66.07568370503043, "epsilon": 1.5471001818429069, "gamma": 0.397495973889708}, "datetime": {"datetime": "2021-09-18 10:26:01", "elapsed": 141.375783, "delta": 1.327988}}
{"target": -2.0711318837609274, "params": {"C": 43.370349782723935, "epsilon": 0.18816623913098343, "gamma": 0.0686997721946422}, "datetime": {"datetime": "2021-09-18 10:26:02", "elapsed": 142.649797, "delta": 1.274014}}
{"target": -2.3520943492784236, "params": {"C": 19.386458288874078, "epsilon": 1.111733576490597, "gamma": 0.05175660142799265}, "datetime": {"datetime": "2021-09-18 10:26:03", "elapsed": 143.368788, "delta": 0.718991}}
{"target": -2.5446116613617455, "params": {"C": 43.39488804363129, "epsilon": 0.48791581106948667, "gamma": 0.29292451800260155}, "datetime": {"datetime": "2021-09-18 10:26:04", "elapsed": 144.540788, "delta": 1.172}}
{"target": -3.81195131585419, "params": {"C": 20.7644412575934, "epsilon": 4.355925512827884, "gamma": 0.4020690447871971}, "datetime": {"datetime": "2021-09-18 10:26:05", "elapsed": 145.240789, "delta": 0.700001}}
{"target": -3.7367829104404042, "params": {"C": 26.602230211231777, "epsilon": 0.5652702730439908, "gamma": 0.001}, "datetime": {"datetime": "2021-09-18 10:26:06", "elapsed": 146.536824, "delta": 1.296035}}
{"target": -2.753320762108952, "params": {"C": 26.68978903275872, "epsilon": 1.3804407713846365, "gamma": 0.35638413969469945}, "datetime": {"datetime": "2021-09-18 10:26:07", "elapsed": 147.697829, "delta": 1.161005}}
{"target": -3.0040401210976935, "params": {"C": 19.829211718866127, "epsilon": 1.1276069264262953, "gamma": 0.43714896728791053}, "datetime": {"datetime": "2021-09-18 10:26:08", "elapsed": 148.924827, "delta": 1.226998}}
{"target": -3.9186143423424533, "params": {"C": 19.135019954318125, "epsilon": 2.039514916006956, "gamma": 0.001}, "datetime": {"datetime": "2021-09-18 10:26:09", "elapsed": 150.082792, "delta": 1.157965}}
{"target": -3.91008655353756, "params": {"C": 17.988738410078117, "epsilon": 1.2063941702627474, "gamma": 0.001}, "datetime": {"datetime": "2021-09-18 10:26:10", "elapsed": 151.148785, "delta": 1.065993}}
{"target": -4.363062334506718, "params": {"C": 15.258551603013153, "epsilon": 5.432967808914284, "gamma": 0.3843026253004328}, "datetime": {"datetime": "2021-09-18 10:26:11", "elapsed": 151.874823, "delta": 0.726038}}
{"target": -2.6571304121288803, "params": {"C": 54.37527940782787, "epsilon": 0.001, "gamma": 0.3758653196212343}, "datetime": {"datetime": "2021-09-18 10:26:12", "elapsed": 153.189828, "delta": 1.315005}}
{"target": -2.994572666960289, "params": {"C": 27.03155790958995, "epsilon": 1.426264350970353, "gamma": 0.004654370601724876}, "datetime": {"datetime": "2021-09-18 10:26:14", "elapsed": 154.916827, "delta": 1.726999}}
{"target": -2.174586442991941, "params": {"C": 59.8648318447378, "epsilon": 0.3594577331579032, "gamma": 0.125901456255904}, "datetime": {"datetime": "2021-09-18 10:26:16", "elapsed": 156.533786, "delta": 1.616959}}
{"target": -2.8457093627817796, "params": {"C": 22.348752093651214, "epsilon": 2.220759567282558, "gamma": 0.3426660169027024}, "datetime": {"datetime": "2021-09-18 10:26:17", "elapsed": 157.251825, "delta": 0.718039}}
{"target": -2.6678785342965154, "params": {"C": 60.0115356837272, "epsilon": 0.10478276298939972, "gamma": 0.38146002695369424}, "datetime": {"datetime": "2021-09-18 10:26:18", "elapsed": 158.547829, "delta": 1.296004}}
{"target": -2.1207682076905825, "params": {"C": 59.444352937536465, "epsilon": 0.5797245940328173, "gamma": 0.07911304115967548}, "datetime": {"datetime": "2021-09-18 10:26:19", "elapsed": 160.027785, "delta": 1.479956}}
{"target": -2.641861978389338, "params": {"C": 59.76856753837545, "epsilon": 0.5607053585799784, "gamma": 0.34333960597712576}, "datetime": {"datetime": "2021-09-18 10:26:21", "elapsed": 161.391819, "delta": 1.364034}}
{"target": -2.66394322163217, "params": {"C": 59.09658286912982, "epsilon": 0.5631966107501577, "gamma": 0.35355209582100205}, "datetime": {"datetime": "2021-09-18 10:26:22", "elapsed": 162.712828, "delta": 1.321009}}
{"target": -2.5185592565787083, "params": {"C": 25.136661401136656, "epsilon": 1.3394375649117083, "gamma": 0.024612678253950217}, "datetime": {"datetime": "2021-09-18 10:26:23", "elapsed": 164.055792, "delta": 1.342964}}
{"target": -4.502099913315247, "params": {"C": 16.26585155404955, "epsilon": 5.687375214384845, "gamma": 0.40230707500691226}, "datetime": {"datetime": "2021-09-18 10:26:24", "elapsed": 164.855788, "delta": 0.799996}}
{"target": -2.2695130282769287, "params": {"C": 19.564413848724048, "epsilon": 0.5861166244414014, "gamma": 0.05581732190441232}, "datetime": {"datetime": "2021-09-18 10:26:25", "elapsed": 166.171786, "delta": 1.315998}}
{"target": -3.876723864592318, "params": {"C": 20.641762780791048, "epsilon": 6.328112193855227, "gamma": 0.0745337224531313}, "datetime": {"datetime": "2021-09-18 10:26:26", "elapsed": 167.065787, "delta": 0.894001}}
{"target": -2.161693040263681, "params": {"C": 60.04602660246156, "epsilon": 0.9538173927924752, "gamma": 0.04767381690848988}, "datetime": {"datetime": "2021-09-18 10:26:28", "elapsed": 168.624828, "delta": 1.559041}}
{"target": -2.180111672990059, "params": {"C": 60.11772315442541, "epsilon": 1.3997354741264936, "gamma": 0.10686776480339787}, "datetime": {"datetime": "2021-09-18 10:26:29", "elapsed": 169.969787, "delta": 1.344959}}
{"target": -2.376488368864409, "params": {"C": 41.79268935999004, "epsilon": 0.6065654502731215, "gamma": 0.2274891069344941}, "datetime": {"datetime": "2021-09-18 10:26:30", "elapsed": 170.863792, "delta": 0.894005}}
{"target": -3.526766990141503, "params": {"C": 60.554451124173234, "epsilon": 1.586758818722587, "gamma": 0.001}, "datetime": {"datetime": "2021-09-18 10:26:31", "elapsed": 172.197785, "delta": 1.333993}}
{"target": -2.2998907376225564, "params": {"C": 59.69030515603765, "epsilon": 1.2894524916027854, "gamma": 0.03302894972388263}, "datetime": {"datetime": "2021-09-18 10:26:33", "elapsed": 173.76579, "delta": 1.568005}}
{"target": -3.0177684790426933, "params": {"C": 59.892832908347145, "epsilon": 1.4265275032088338, "gamma": 0.45545827375942005}, "datetime": {"datetime": "2021-09-18 10:26:35", "elapsed": 175.340786, "delta": 1.574996}}
{"target": -2.392322472497304, "params": {"C": 60.22684963396943, "epsilon": 0.603123493865867, "gamma": 0.016092145449378457}, "datetime": {"datetime": "2021-09-18 10:26:36", "elapsed": 176.634787, "delta": 1.294001}}
{"target": -3.479592862199156, "params": {"C": 59.672316874501966, "epsilon": 0.8414276939378825, "gamma": 0.001}, "datetime": {"datetime": "2021-09-18 10:26:37", "elapsed": 177.939824, "delta": 1.305037}}
{"target": -2.61498548695308, "params": {"C": 59.414075762225934, "epsilon": 0.35992284390104967, "gamma": 0.00602266624722299}, "datetime": {"datetime": "2021-09-18 10:26:39", "elapsed": 179.645375, "delta": 1.705551}}
{"target": -2.6538766065933346, "params": {"C": 40.531605367432164, "epsilon": 1.239786944760821, "gamma": 0.00800960658436851}, "datetime": {"datetime": "2021-09-18 10:26:40", "elapsed": 181.014126, "delta": 1.368751}}
{"target": -2.8802464073777254, "params": {"C": 19.19323038258226, "epsilon": 0.1883037080481676, "gamma": 0.006457696390857889}, "datetime": {"datetime": "2021-09-18 10:26:41", "elapsed": 182.178861, "delta": 1.164735}}
{"target": -3.729928092526544, "params": {"C": 28.05527243631953, "epsilon": 0.6595929304728232, "gamma": 0.001}, "datetime": {"datetime": "2021-09-18 10:26:43", "elapsed": 183.70753, "delta": 1.528669}}
{"target": -2.976343007848934, "params": {"C": 28.16256388696679, "epsilon": 1.1804394704773804, "gamma": 0.4786691539583356}, "datetime": {"datetime": "2021-09-18 10:26:45", "elapsed": 185.603803, "delta": 1.896273}}
{"target": -2.304874243004013, "params": {"C": 19.214842899279162, "epsilon": 0.7687904287429116, "gamma": 0.05010907736655918}, "datetime": {"datetime": "2021-09-18 10:26:47", "elapsed": 187.243184, "delta": 1.639381}}
{"target": -2.804591231635983, "params": {"C": 68.01740413908442, "epsilon": 1.3879628313873915, "gamma": 0.003924603762359143}, "datetime": {"datetime": "2021-09-18 10:26:48", "elapsed": 188.920398, "delta": 1.677214}}
{"target": -3.4397325744177643, "params": {"C": 69.34149907102105, "epsilon": 6.538861224603717, "gamma": 0.02855092899737612}, "datetime": {"datetime": "2021-09-18 10:26:49", "elapsed": 189.815394, "delta": 0.894996}}
{"target": -3.8965988835779, "params": {"C": 18.829197658639007, "epsilon": 1.2299867759523704, "gamma": 0.001}, "datetime": {"datetime": "2021-09-18 10:26:51", "elapsed": 191.264224, "delta": 1.44883}}
{"target": -2.332829865042483, "params": {"C": 60.25693563040535, "epsilon": 1.1377868883399167, "gamma": 0.17506043360793497}, "datetime": {"datetime": "2021-09-18 10:26:53", "elapsed": 193.395557, "delta": 2.131333}}
{"target": -2.536716778890391, "params": {"C": 32.74871690213959, "epsilon": 1.2752122225507836, "gamma": 0.01685354658658931}, "datetime": {"datetime": "2021-09-18 10:26:54", "elapsed": 194.244556, "delta": 0.848999}}
{"target": -2.8749611840099107, "params": {"C": 66.37332662997298, "epsilon": 1.0571026915885648, "gamma": 0.41171335743968884}, "datetime": {"datetime": "2021-09-18 10:26:55", "elapsed": 195.875041, "delta": 1.630485}}
{"target": -2.8410451172475186, "params": {"C": 42.88330020242755, "epsilon": 0.12391024579988788, "gamma": 0.0041401507305293085}, "datetime": {"datetime": "2021-09-18 10:26:57", "elapsed": 197.40752, "delta": 1.532479}}
{"target": -2.3293919154938303, "params": {"C": 24.371281750837536, "epsilon": 0.8493949436810603, "gamma": 0.03664006492940878}, "datetime": {"datetime": "2021-09-18 10:26:58", "elapsed": 198.679944, "delta": 1.272424}}
{"target": -3.770509248274707, "params": {"C": 25.576132795564583, "epsilon": 1.4821590391733082, "gamma": 0.001}, "datetime": {"datetime": "2021-09-18 10:27:00", "elapsed": 200.363947, "delta": 1.684003}}
{"target": -2.626592869691332, "params": {"C": 25.777423304146485, "epsilon": 1.0439260743286665, "gamma": 0.3211547675684026}, "datetime": {"datetime": "2021-09-18 10:27:02", "elapsed": 202.541023, "delta": 2.177076}}
{"target": -2.3714757864317484, "params": {"C": 18.600473211181413, "epsilon": 0.34239274578273704, "gamma": 0.025555697030385977}, "datetime": {"datetime": "2021-09-18 10:27:03", "elapsed": 204.150481, "delta": 1.609458}}
{"target": -2.9164187040324894, "params": {"C": 24.01945182150859, "epsilon": 0.5987646237765748, "gamma": 0.5}, "datetime": {"datetime": "2021-09-18 10:27:05", "elapsed": 205.626723, "delta": 1.476242}}
{"target": -2.1713277273354916, "params": {"C": 50.40652610930354, "epsilon": 0.7833238661329154, "gamma": 0.04602716094787676}, "datetime": {"datetime": "2021-09-18 10:27:06", "elapsed": 206.670567, "delta": 1.043844}}
{"target": -3.896540601047667, "params": {"C": 47.23989858753108, "epsilon": 5.848748132991864, "gamma": 0.1446388448446191}, "datetime": {"datetime": "2021-09-18 10:27:07", "elapsed": 207.673177, "delta": 1.00261}}
{"target": -3.2345310837664973, "params": {"C": 43.294768014029245, "epsilon": 3.201381500229204, "gamma": 0.3593125376324183}, "datetime": {"datetime": "2021-09-18 10:27:08", "elapsed": 208.692121, "delta": 1.018944}}
{"target": -2.3415775107519745, "params": {"C": 66.3950333523274, "epsilon": 0.3674460133324566, "gamma": 0.194983639135352}, "datetime": {"datetime": "2021-09-18 10:27:10", "elapsed": 210.422156, "delta": 1.730035}}
{"target": -2.0910524940951096, "params": {"C": 67.70719399095785, "epsilon": 0.6600676456952771, "gamma": 0.06052105581205737}, "datetime": {"datetime": "2021-09-18 10:27:11", "elapsed": 211.921939, "delta": 1.499783}}
{"target": -2.7801087182970807, "params": {"C": 67.60169887809997, "epsilon": 0.522943747741571, "gamma": 0.3980640793530654}, "datetime": {"datetime": "2021-09-18 10:27:13", "elapsed": 213.56314, "delta": 1.641201}}
{"target": -2.225402417089876, "params": {"C": 68.48215293477298, "epsilon": 1.9459036885325995, "gamma": 0.04838504046300959}, "datetime": {"datetime": "2021-09-18 10:27:14", "elapsed": 214.576793, "delta": 1.013653}}
{"target": -3.145533252562238, "params": {"C": 40.97595059541476, "epsilon": 2.3483285288118716, "gamma": 0.0034372843625160936}, "datetime": {"datetime": "2021-09-18 10:27:15", "elapsed": 215.491983, "delta": 0.91519}}
{"target": -3.5957894387230276, "params": {"C": 38.711300447051904, "epsilon": 1.3628490479573097, "gamma": 0.001}, "datetime": {"datetime": "2021-09-18 10:27:16", "elapsed": 217.040523, "delta": 1.54854}}
{"target": -2.6480167096238008, "params": {"C": 43.3979881315382, "epsilon": 0.10381409444648637, "gamma": 0.3636261468249314}, "datetime": {"datetime": "2021-09-18 10:27:19", "elapsed": 219.420765, "delta": 2.380242}}
{"target": -2.429991955085616, "params": {"C": 68.89684211906163, "epsilon": 1.9823729041630218, "gamma": 0.15490942459062784}, "datetime": {"datetime": "2021-09-18 10:27:21", "elapsed": 221.587746, "delta": 2.166981}}
{"target": -2.7303960588433007, "params": {"C": 59.89840219262574, "epsilon": 1.6314328046641018, "gamma": 0.005329305555523065}, "datetime": {"datetime": "2021-09-18 10:27:22", "elapsed": 223.168158, "delta": 1.580412}}
{"target": -3.5857492511802747, "params": {"C": 43.43038365310123, "epsilon": 0.48869650254003616, "gamma": 0.001}, "datetime": {"datetime": "2021-09-18 10:27:24", "elapsed": 224.838672, "delta": 1.670514}}
{"target": -2.141700809919135, "params": {"C": 44.10051147680207, "epsilon": 0.3125205441207628, "gamma": 0.04033132755034495}, "datetime": {"datetime": "2021-09-18 10:27:25", "elapsed": 226.11871, "delta": 1.280038}}
{"target": -2.505788143381607, "params": {"C": 44.14772318576533, "epsilon": 0.6269543952525717, "gamma": 0.012050484890199584}, "datetime": {"datetime": "2021-09-18 10:27:27", "elapsed": 227.796676, "delta": 1.677966}}
{"target": -4.54026360912075, "params": {"C": 9.136039524098171, "epsilon": 5.055697481537934, "gamma": 0.4345463207867597}, "datetime": {"datetime": "2021-09-18 10:27:28", "elapsed": 228.762459, "delta": 0.965783}}
{"target": -3.5119122360231536, "params": {"C": 43.779168775115004, "epsilon": 0.10385706380195431, "gamma": 0.0011739273014876289}, "datetime": {"datetime": "2021-09-18 10:27:30", "elapsed": 230.360458, "delta": 1.597999}}
{"target": -2.3283702949278102, "params": {"C": 49.715473188780415, "epsilon": 1.7631286377749535, "gamma": 0.126823182274207}, "datetime": {"datetime": "2021-09-18 10:27:31", "elapsed": 231.390301, "delta": 1.029843}}
{"target": -2.661923097067518, "params": {"C": 44.315826755247734, "epsilon": 0.3247474136056963, "gamma": 0.38099868086456634}, "datetime": {"datetime": "2021-09-18 10:27:32", "elapsed": 233.176905, "delta": 1.786604}}
{"target": -3.562747503137571, "params": {"C": 50.05961411638177, "epsilon": 1.6740379999822435, "gamma": 0.001}, "datetime": {"datetime": "2021-09-18 10:27:34", "elapsed": 234.516224, "delta": 1.339319}}
{"target": -4.495002089276196, "params": {"C": 30.199619266697418, "epsilon": 5.766459840591946, "gamma": 0.40225299561535494}, "datetime": {"datetime": "2021-09-18 10:27:35", "elapsed": 235.546381, "delta": 1.030157}}
{"target": -2.144496329255234, "params": {"C": 52.17936666575334, "epsilon": 0.9014303353163524, "gamma": 0.10227754493198878}, "datetime": {"datetime": "2021-09-18 10:27:36", "elapsed": 236.540345, "delta": 0.993964}}
{"target": -2.0931376958704684, "params": {"C": 52.24361069380936, "epsilon": 0.5709818925117705, "gamma": 0.0663844067153909}, "datetime": {"datetime": "2021-09-18 10:27:37", "elapsed": 238.118029, "delta": 1.577684}}
{"target": -2.456048517521533, "params": {"C": 52.44059652427573, "epsilon": 0.8121885154470129, "gamma": 0.22770055351447394}, "datetime": {"datetime": "2021-09-18 10:27:39", "elapsed": 239.818629, "delta": 1.7006}}
{"target": -2.6207512728872615, "params": {"C": 52.04139463447837, "epsilon": 0.6186077751688842, "gamma": 0.33364999241797816}, "datetime": {"datetime": "2021-09-18 10:27:41", "elapsed": 241.984631, "delta": 2.166002}}
{"target": -2.7738698485621622, "params": {"C": 43.818499686449655, "epsilon": 0.4190818366525369, "gamma": 0.4313165651438344}, "datetime": {"datetime": "2021-09-18 10:27:44", "elapsed": 244.363631, "delta": 2.379}}
{"target": -2.6004823907891024, "params": {"C": 49.3950114959236, "epsilon": 1.669887868412926, "gamma": 0.24838552566429511}, "datetime": {"datetime": "2021-09-18 10:27:45", "elapsed": 246.037628, "delta": 1.673997}}
{"target": -2.2675078879998014, "params": {"C": 66.35047805634474, "epsilon": 0.7851052769792785, "gamma": 0.16894113935845867}, "datetime": {"datetime": "2021-09-18 10:27:47", "elapsed": 247.257629, "delta": 1.220001}}
{"target": -5.0405341630079725, "params": {"C": 53.962265546356164, "epsilon": 6.364239171186996, "gamma": 0.4967364850333669}, "datetime": {"datetime": "2021-09-18 10:27:48", "elapsed": 248.237668, "delta": 0.980039}}
{"target": -4.078977212338873, "params": {"C": 65.36600576847074, "epsilon": 5.439477211712682, "gamma": 0.302819114051807}, "datetime": {"datetime": "2021-09-18 10:27:49", "elapsed": 249.343923, "delta": 1.106255}}
{"target": -3.506146633794201, "params": {"C": 20.417846776523575, "epsilon": 5.034389174430743, "gamma": 0.14491185232735215}, "datetime": {"datetime": "2021-09-18 10:27:50", "elapsed": 250.415924, "delta": 1.072001}}
{"target": -4.482555230342296, "params": {"C": 34.622133603324784, "epsilon": 5.459742200690687, "gamma": 0.45223175444155084}, "datetime": {"datetime": "2021-09-18 10:27:51", "elapsed": 251.404926, "delta": 0.989002}}
{"target": -2.9584921565840445, "params": {"C": 68.57466616594755, "epsilon": 1.977037511231544, "gamma": 0.3831863084883726}, "datetime": {"datetime": "2021-09-18 10:27:53", "elapsed": 253.547954, "delta": 2.143028}}
{"target": -2.100702291432323, "params": {"C": 66.68581972852397, "epsilon": 0.6541018795659178, "gamma": 0.04732750330983026}, "datetime": {"datetime": "2021-09-18 10:27:55", "elapsed": 255.348995, "delta": 1.801041}}
{"target": -2.3914807260280235, "params": {"C": 66.71742568395105, "epsilon": 0.2888196881319625, "gamma": 0.012639174983775262}, "datetime": {"datetime": "2021-09-18 10:27:57", "elapsed": 257.51341, "delta": 2.164415}}
{"target": -3.156371546087513, "params": {"C": 11.614871873878112, "epsilon": 3.2247115558690003, "gamma": 0.21267816994303249}, "datetime": {"datetime": "2021-09-18 10:27:58", "elapsed": 258.653098, "delta": 1.139688}}
