{"target": 0.8983972833438851, "params": {"C": 74.16289067629978, "epsilon": 0.4632334939054476, "gamma": 0.07938689502217741}, "datetime": {"datetime": "2021-09-18 12:13:23", "elapsed": 76.690809, "delta": 0.87168}}
{"target": 0.8978764878131167, "params": {"C": 68.93442101742684, "epsilon": 0.3961765380310745, "gamma": 0.08}, "datetime": {"datetime": "2021-09-18 12:13:24", "elapsed": 77.365817, "delta": 0.675008}}
{"target": 0.8985631601952896, "params": {"C": 75.25749211239693, "epsilon": 0.451437891450379, "gamma": 0.07911525744818369}, "datetime": {"datetime": "2021-09-18 12:13:24", "elapsed": 78.08917, "delta": 0.723353}}
{"target": 0.8978528652712081, "params": {"C": 68.92928746095544, "epsilon": 0.4355465227650689, "gamma": 0.08}, "datetime": {"datetime": "2021-09-18 12:13:25", "elapsed": 78.84949, "delta": 0.76032}}
{"target": 0.8874818322713044, "params": {"C": 68.8959476606897, "epsilon": 0.42210603733789087, "gamma": 0.052478831467820404}, "datetime": {"datetime": "2021-09-18 12:13:26", "elapsed": 79.620381, "delta": 0.770891}}
{"target": 0.887736095076402, "params": {"C": 74.62413756816349, "epsilon": 0.45947809569363857, "gamma": 0.05101008094040569}, "datetime": {"datetime": "2021-09-18 12:13:26", "elapsed": 80.192558, "delta": 0.572177}}
{"target": 0.8979290012194302, "params": {"C": 72.14787863707463, "epsilon": 0.09699284888561586, "gamma": 0.08}, "datetime": {"datetime": "2021-09-18 12:13:27", "elapsed": 80.94569, "delta": 0.753132}}
{"target": 0.8946594288342556, "params": {"C": 68.95609365634465, "epsilon": 0.459247397449964, "gamma": 0.06605896514010616}, "datetime": {"datetime": "2021-09-18 12:13:28", "elapsed": 81.716954, "delta": 0.771264}}
{"target": 0.8975276316834835, "params": {"C": 75.14823596933114, "epsilon": 0.402546918529128, "gamma": 0.07126066701072223}, "datetime": {"datetime": "2021-09-18 12:13:29", "elapsed": 82.557963, "delta": 0.841009}}
{"target": 0.89845246598366, "params": {"C": 75.22711116889229, "epsilon": 0.4629826567855886, "gamma": 0.077997422909714}, "datetime": {"datetime": "2021-09-18 12:13:30", "elapsed": 83.473515, "delta": 0.915552}}
{"target": 0.8938541998077385, "params": {"C": 69.46445951688703, "epsilon": 0.04816256347216723, "gamma": 0.06505277525013706}, "datetime": {"datetime": "2021-09-18 12:13:30", "elapsed": 84.06324, "delta": 0.589725}}
{"target": 0.8970870936267403, "params": {"C": 75.00071993792155, "epsilon": 0.2914673695128244, "gamma": 0.07080471628710733}, "datetime": {"datetime": "2021-09-18 12:13:31", "elapsed": 84.78117, "delta": 0.71793}}
{"target": 0.8980937481861326, "params": {"C": 72.15470436769473, "epsilon": 0.13572404086658288, "gamma": 0.08}, "datetime": {"datetime": "2021-09-18 12:13:32", "elapsed": 85.647041, "delta": 0.865871}}
{"target": 0.8970939364894847, "params": {"C": 72.24501995051097, "epsilon": 0.02587194927082434, "gamma": 0.07638963659250234}, "datetime": {"datetime": "2021-09-18 12:13:32", "elapsed": 86.237877, "delta": 0.590836}}
{"target": 0.8987352540018747, "params": {"C": 76.17640742831573, "epsilon": 0.24539904701744256, "gamma": 0.08}, "datetime": {"datetime": "2021-09-18 12:13:33", "elapsed": 87.117938, "delta": 0.880061}}
{"target": 0.8969015839213862, "params": {"C": 76.17167991129025, "epsilon": 0.208467451232059, "gamma": 0.06941116812926806}, "datetime": {"datetime": "2021-09-18 12:13:34", "elapsed": 88.150586, "delta": 1.032648}}
{"target": 0.89825317625046, "params": {"C": 75.27475796913929, "epsilon": 0.4157736048731179, "gamma": 0.07511183066428848}, "datetime": {"datetime": "2021-09-18 12:13:35", "elapsed": 89.117611, "delta": 0.967025}}
{"target": 0.898543913992984, "params": {"C": 76.13963380912821, "epsilon": 0.25573083731755875, "gamma": 0.0768620762507806}, "datetime": {"datetime": "2021-09-18 12:13:36", "elapsed": 89.946373, "delta": 0.828762}}
{"target": 0.8986141742415663, "params": {"C": 76.10922788666193, "epsilon": 0.22193954690041234, "gamma": 0.07824980370059803}, "datetime": {"datetime": "2021-09-18 12:13:37", "elapsed": 90.948654, "delta": 1.002281}}
{"target": 0.8890748373370029, "params": {"C": 76.11645122211725, "epsilon": 0.2439501054292039, "gamma": 0.053616449811071575}, "datetime": {"datetime": "2021-09-18 12:13:38", "elapsed": 91.978819, "delta": 1.030165}}
{"target": 0.8986175094502774, "params": {"C": 76.07877345000941, "epsilon": 0.21652236530605445, "gamma": 0.07919251653624515}, "datetime": {"datetime": "2021-09-18 12:13:39", "elapsed": 92.93241, "delta": 0.953591}}
{"target": 0.8929563714068801, "params": {"C": 69.14443364342306, "epsilon": 0.032427417839977435, "gamma": 0.06311995763060403}, "datetime": {"datetime": "2021-09-18 12:13:40", "elapsed": 93.56314, "delta": 0.63073}}
{"target": 0.8984215621535105, "params": {"C": 76.11878597048323, "epsilon": 0.18916685069812192, "gamma": 0.07506844073612014}, "datetime": {"datetime": "2021-09-18 12:13:41", "elapsed": 94.361149, "delta": 0.798009}}
{"target": 0.8986133645242531, "params": {"C": 75.2985469087573, "epsilon": 0.4463064998717029, "gamma": 0.08}, "datetime": {"datetime": "2021-09-18 12:13:41", "elapsed": 95.225608, "delta": 0.864459}}
{"target": 0.8987530983872045, "params": {"C": 75.61861418636455, "epsilon": 0.3573695164314272, "gamma": 0.07980853366632365}, "datetime": {"datetime": "2021-09-18 12:13:42", "elapsed": 95.866629, "delta": 0.641021}}
{"target": 0.8964008645440985, "params": {"C": 75.23745089894078, "epsilon": 0.15033379830223742, "gamma": 0.068563587511894}, "datetime": {"datetime": "2021-09-18 12:13:43", "elapsed": 96.530326, "delta": 0.663697}}
{"target": 0.8945279187683185, "params": {"C": 76.0856668262811, "epsilon": 0.1720023791163212, "gamma": 0.06253053720034234}, "datetime": {"datetime": "2021-09-18 12:13:44", "elapsed": 97.534402, "delta": 1.004076}}
{"target": 0.8913843879764723, "params": {"C": 74.89918308708303, "epsilon": 0.35575211878932483, "gamma": 0.05712360098299962}, "datetime": {"datetime": "2021-09-18 12:13:44", "elapsed": 98.161049, "delta": 0.626647}}
{"target": 0.8956908375422122, "params": {"C": 75.68915057155228, "epsilon": 0.3207098327923464, "gamma": 0.06578199622470626}, "datetime": {"datetime": "2021-09-18 12:13:45", "elapsed": 98.859987, "delta": 0.698938}}
{"target": 0.8980391866167091, "params": {"C": 72.11515530314574, "epsilon": 0.1280156787758597, "gamma": 0.08}, "datetime": {"datetime": "2021-09-18 12:13:46", "elapsed": 99.898551, "delta": 1.038564}}
{"target": 0.892591073569454, "params": {"C": 72.13439399299926, "epsilon": 0.17673173066430564, "gamma": 0.05992436999242045}, "datetime": {"datetime": "2021-09-18 12:13:47", "elapsed": 100.938494, "delta": 1.039943}}
{"target": 0.8987223221127159, "params": {"C": 76.15835958466513, "epsilon": 0.28059090391342667, "gamma": 0.07731670824781456}, "datetime": {"datetime": "2021-09-18 12:13:48", "elapsed": 101.901958, "delta": 0.963464}}
{"target": 0.8946630910228208, "params": {"C": 69.43653631527063, "epsilon": 0.4263275086075181, "gamma": 0.06554634450416533}, "datetime": {"datetime": "2021-09-18 12:13:49", "elapsed": 102.543516, "delta": 0.641558}}
{"target": 0.8984439486925895, "params": {"C": 75.10406839891378, "epsilon": 0.3354990102784889, "gamma": 0.07624224566904922}, "datetime": {"datetime": "2021-09-18 12:13:49", "elapsed": 103.242977, "delta": 0.699461}}
{"target": 0.8905241370990304, "params": {"C": 75.31798214750606, "epsilon": 0.4292471409100084, "gamma": 0.05505359434384321}, "datetime": {"datetime": "2021-09-18 12:13:50", "elapsed": 104.147324, "delta": 0.904347}}
{"target": 0.8974581183473666, "params": {"C": 72.28455474215782, "epsilon": 0.020612795438735506, "gamma": 0.08}, "datetime": {"datetime": "2021-09-18 12:13:51", "elapsed": 105.089579, "delta": 0.942255}}
{"target": 0.8954766809804087, "params": {"C": 72.1069486630558, "epsilon": 0.09673414309645796, "gamma": 0.06803897377695234}, "datetime": {"datetime": "2021-09-18 12:13:52", "elapsed": 106.129414, "delta": 1.039835}}
{"target": 0.8979367840809787, "params": {"C": 75.16866232804209, "epsilon": 0.45368495582343227, "gamma": 0.07481779546654169}, "datetime": {"datetime": "2021-09-18 12:13:53", "elapsed": 107.071548, "delta": 0.942134}}
{"target": 0.897117610738724, "params": {"C": 75.12470827684814, "epsilon": 0.44281372284949644, "gamma": 0.07081265404694967}, "datetime": {"datetime": "2021-09-18 12:13:54", "elapsed": 108.256114, "delta": 1.184566}}
{"target": 0.8842015477430897, "params": {"C": 72.14712121040183, "epsilon": 0.11946527932239656, "gamma": 0.05}, "datetime": {"datetime": "2021-09-18 12:13:56", "elapsed": 109.419302, "delta": 1.163188}}
{"target": 0.89706286482312, "params": {"C": 69.85290276319904, "epsilon": 0.29319947706864546, "gamma": 0.07411236742207598}, "datetime": {"datetime": "2021-09-18 12:13:56", "elapsed": 110.131137, "delta": 0.711835}}
{"target": 0.8984534052196365, "params": {"C": 73.250282185388, "epsilon": 0.3582388780531106, "gamma": 0.07996223268200654}, "datetime": {"datetime": "2021-09-18 12:13:57", "elapsed": 110.919043, "delta": 0.787906}}
{"target": 0.8967608665032362, "params": {"C": 73.23788658410318, "epsilon": 0.31915381066002413, "gamma": 0.07039973974819355}, "datetime": {"datetime": "2021-09-18 12:13:58", "elapsed": 111.913145, "delta": 0.994102}}
{"target": 0.8867545091920641, "params": {"C": 73.24646005973673, "epsilon": 0.3588288801562747, "gamma": 0.050432309129138986}, "datetime": {"datetime": "2021-09-18 12:13:59", "elapsed": 112.884085, "delta": 0.97094}}
{"target": 0.8981175917954645, "params": {"C": 73.40372681212554, "epsilon": 0.11489302400007632, "gamma": 0.08}, "datetime": {"datetime": "2021-09-18 12:14:00", "elapsed": 113.865751, "delta": 0.981666}}
{"target": 0.89700311244952, "params": {"C": 75.28671113410832, "epsilon": 0.46773635597954416, "gamma": 0.07158367300587085}, "datetime": {"datetime": "2021-09-18 12:14:01", "elapsed": 114.880831, "delta": 1.01508}}
{"target": 0.8968626944363766, "params": {"C": 69.05366071656643, "epsilon": 0.36521773604398977, "gamma": 0.07304424601004605}, "datetime": {"datetime": "2021-09-18 12:14:02", "elapsed": 115.555833, "delta": 0.675002}}
{"target": 0.896839881051999, "params": {"C": 73.4050398539605, "epsilon": 0.1530351242845738, "gamma": 0.07119633493400675}, "datetime": {"datetime": "2021-09-18 12:14:03", "elapsed": 116.378645, "delta": 0.822812}}
{"target": 0.8978039596159277, "params": {"C": 73.4440688360325, "epsilon": 0.12193481783831057, "gamma": 0.07633014032843616}, "datetime": {"datetime": "2021-09-18 12:14:04", "elapsed": 117.323461, "delta": 0.944816}}
{"target": 0.8979618215869809, "params": {"C": 73.44495273023327, "epsilon": 0.0848691140450603, "gamma": 0.08}, "datetime": {"datetime": "2021-09-18 12:14:05", "elapsed": 118.344085, "delta": 1.020624}}
{"target": 0.8986749328122038, "params": {"C": 75.26025682883358, "epsilon": 0.28207921303952543, "gamma": 0.07832845008359275}, "datetime": {"datetime": "2021-09-18 12:14:06", "elapsed": 119.389194, "delta": 1.045109}}
{"target": 0.8982135725924406, "params": {"C": 72.90882483730607, "epsilon": 0.21709401208616602, "gamma": 0.07780258488886267}, "datetime": {"datetime": "2021-09-18 12:14:06", "elapsed": 120.098482, "delta": 0.709288}}
{"target": 0.8949280678910059, "params": {"C": 72.94622267969127, "epsilon": 0.20063346147732197, "gamma": 0.06487478043468517}, "datetime": {"datetime": "2021-09-18 12:14:07", "elapsed": 120.963831, "delta": 0.865349}}
{"target": 0.8861281809007838, "params": {"C": 72.8959044786541, "epsilon": 0.24198669292767092, "gamma": 0.05086490467428092}, "datetime": {"datetime": "2021-09-18 12:14:08", "elapsed": 121.875368, "delta": 0.911537}}
{"target": 0.8986342203620938, "params": {"C": 76.13450740426389, "epsilon": 0.21119499236322176, "gamma": 0.07945970119812018}, "datetime": {"datetime": "2021-09-18 12:14:09", "elapsed": 122.850656, "delta": 0.975288}}
{"target": 0.8954942927041045, "params": {"C": 73.47895302995894, "epsilon": 0.1005150707424925, "gamma": 0.06732623727990583}, "datetime": {"datetime": "2021-09-18 12:14:10", "elapsed": 124.093883, "delta": 1.243227}}
{"target": 0.8971482968084556, "params": {"C": 69.19988167720074, "epsilon": 0.38222911849294294, "gamma": 0.07412667785612699}, "datetime": {"datetime": "2021-09-18 12:14:11", "elapsed": 124.84634, "delta": 0.752457}}
{"target": 0.8975795272062925, "params": {"C": 72.90929843617526, "epsilon": 0.18992989308507505, "gamma": 0.07385130608264102}, "datetime": {"datetime": "2021-09-18 12:14:12", "elapsed": 125.85516, "delta": 1.00882}}
{"target": 0.8890641832378573, "params": {"C": 69.83509459721161, "epsilon": 0.4250730828295822, "gamma": 0.05442086507734256}, "datetime": {"datetime": "2021-09-18 12:14:13", "elapsed": 126.567027, "delta": 0.711867}}
{"target": 0.8982891916786404, "params": {"C": 74.12293441390162, "epsilon": 0.47, "gamma": 0.08}, "datetime": {"datetime": "2021-09-18 12:14:14", "elapsed": 127.820957, "delta": 1.25393}}
{"target": 0.8972312554191759, "params": {"C": 74.1177469866064, "epsilon": 0.43034065649161024, "gamma": 0.07148661998620445}, "datetime": {"datetime": "2021-09-18 12:14:15", "elapsed": 129.187721, "delta": 1.366764}}
{"target": 0.8902005794617089, "params": {"C": 74.13236029457816, "epsilon": 0.4699552684215778, "gamma": 0.05482888119751291}, "datetime": {"datetime": "2021-09-18 12:14:16", "elapsed": 130.132848, "delta": 0.945127}}
{"target": 0.8891450150070201, "params": {"C": 76.82459816179383, "epsilon": 0.22385363375979198, "gamma": 0.05367301611448945}, "datetime": {"datetime": "2021-09-18 12:14:17", "elapsed": 130.889575, "delta": 0.756727}}
{"target": 0.8985736562449467, "params": {"C": 75.81493869590258, "epsilon": 0.3464726405358682, "gamma": 0.07742790647814998}, "datetime": {"datetime": "2021-09-18 12:14:18", "elapsed": 131.903691, "delta": 1.014116}}
{"target": 0.8983149920379119, "params": {"C": 75.85367934415865, "epsilon": 0.34388745677133764, "gamma": 0.07396226724340939}, "datetime": {"datetime": "2021-09-18 12:14:19", "elapsed": 132.865073, "delta": 0.961382}}
{"target": 0.8984443876853583, "params": {"C": 74.08254210212864, "epsilon": 0.45538572535313215, "gamma": 0.07972745368308441}, "datetime": {"datetime": "2021-09-18 12:14:20", "elapsed": 133.990329, "delta": 1.125256}}
{"target": 0.8905156242101738, "params": {"C": 75.82447781152814, "epsilon": 0.32669139034807865, "gamma": 0.055693686724191935}, "datetime": {"datetime": "2021-09-18 12:14:21", "elapsed": 134.976322, "delta": 0.985993}}
{"target": 0.8972042599924456, "params": {"C": 75.87813019081092, "epsilon": 0.3712899526402531, "gamma": 0.06971562153726414}, "datetime": {"datetime": "2021-09-18 12:14:22", "elapsed": 136.140358, "delta": 1.164036}}
{"target": 0.8981454296160812, "params": {"C": 75.84132481329438, "epsilon": 0.37657961521105277, "gamma": 0.07332526478313386}, "datetime": {"datetime": "2021-09-18 12:14:23", "elapsed": 137.167306, "delta": 1.026948}}
{"target": 0.8965971218837081, "params": {"C": 74.06784376939275, "epsilon": 0.4198361702482303, "gamma": 0.0691672975312882}, "datetime": {"datetime": "2021-09-18 12:14:24", "elapsed": 138.301515, "delta": 1.134209}}
{"target": 0.8987522071381503, "params": {"C": 75.88895911085449, "epsilon": 0.3318938344259746, "gamma": 0.08}, "datetime": {"datetime": "2021-09-18 12:14:25", "elapsed": 139.275394, "delta": 0.973879}}
{"target": 0.8891714657049969, "params": {"C": 75.90290442736297, "epsilon": 0.33225782212463495, "gamma": 0.053398506343934046}, "datetime": {"datetime": "2021-09-18 12:14:27", "elapsed": 140.524169, "delta": 1.248775}}
{"target": 0.8988088486737934, "params": {"C": 75.87609807637665, "epsilon": 0.3050790608174476, "gamma": 0.07959798560611961}, "datetime": {"datetime": "2021-09-18 12:14:28", "elapsed": 141.48489, "delta": 0.960721}}
{"target": 0.8901934153445252, "params": {"C": 73.42184972009662, "epsilon": 0.10435634810727423, "gamma": 0.05639438258014176}, "datetime": {"datetime": "2021-09-18 12:14:29", "elapsed": 142.638027, "delta": 1.153137}}
{"target": 0.88864351144683, "params": {"C": 76.9044111554708, "epsilon": 0.4391651740412258, "gamma": 0.05165636847679616}, "datetime": {"datetime": "2021-09-18 12:14:30", "elapsed": 143.410225, "delta": 0.772198}}
{"target": 0.8984138829175403, "params": {"C": 73.27713266093365, "epsilon": 0.3318514709378955, "gamma": 0.08}, "datetime": {"datetime": "2021-09-18 12:14:31", "elapsed": 144.542472, "delta": 1.132247}}
{"target": 0.8974411369644618, "params": {"C": 73.29941361323488, "epsilon": 0.30061295401276034, "gamma": 0.07272164453775079}, "datetime": {"datetime": "2021-09-18 12:14:32", "elapsed": 145.632607, "delta": 1.090135}}
{"target": 0.8984146532232289, "params": {"C": 73.32417474957582, "epsilon": 0.33635482930168287, "gamma": 0.07994512995611965}, "datetime": {"datetime": "2021-09-18 12:14:33", "elapsed": 146.606087, "delta": 0.97348}}
{"target": 0.8985368197615026, "params": {"C": 73.34200035626837, "epsilon": 0.3052857936288949, "gamma": 0.08}, "datetime": {"datetime": "2021-09-18 12:14:34", "elapsed": 147.643535, "delta": 1.037448}}
{"target": 0.8916029583420378, "params": {"C": 73.36909351410908, "epsilon": 0.3142624047480178, "gamma": 0.0583686567994215}, "datetime": {"datetime": "2021-09-18 12:14:35", "elapsed": 148.683121, "delta": 1.039586}}
{"target": 0.8963635321133729, "params": {"C": 76.14724918600167, "epsilon": 0.16376664313879527, "gamma": 0.06769936185241868}, "datetime": {"datetime": "2021-09-18 12:14:36", "elapsed": 149.794881, "delta": 1.11176}}
{"target": 0.898332810740201, "params": {"C": 73.4515072575241, "epsilon": 0.16065234024595074, "gamma": 0.07989923996675255}, "datetime": {"datetime": "2021-09-18 12:14:37", "elapsed": 150.836826, "delta": 1.041945}}
{"target": 0.8984730774581614, "params": {"C": 73.29441186555485, "epsilon": 0.3629033648280014, "gamma": 0.08}, "datetime": {"datetime": "2021-09-18 12:14:38", "elapsed": 152.245623, "delta": 1.408797}}
{"target": 0.8887969020897661, "params": {"C": 73.31376465062715, "epsilon": 0.32677949501180553, "gamma": 0.05345723257526831}, "datetime": {"datetime": "2021-09-18 12:14:40", "elapsed": 153.415152, "delta": 1.169529}}
{"target": 0.894008619003102, "params": {"C": 76.76787907142663, "epsilon": 0.3324633220660778, "gamma": 0.06168169237019608}, "datetime": {"datetime": "2021-09-18 12:14:40", "elapsed": 154.270063, "delta": 0.854911}}
{"target": 0.898349098990762, "params": {"C": 73.261556376191, "epsilon": 0.28838979960437416, "gamma": 0.07726925848316592}, "datetime": {"datetime": "2021-09-18 12:14:42", "elapsed": 155.53382, "delta": 1.263757}}
{"target": 0.898340268021263, "params": {"C": 73.32478313956437, "epsilon": 0.2724683148462667, "gamma": 0.07839858318847533}, "datetime": {"datetime": "2021-09-18 12:14:43", "elapsed": 157.011782, "delta": 1.477962}}
{"target": 0.8969725133859816, "params": {"C": 73.12343406655263, "epsilon": 0.21599893443452886, "gamma": 0.0715418359298047}, "datetime": {"datetime": "2021-09-18 12:14:44", "elapsed": 157.907879, "delta": 0.896097}}
{"target": 0.8964101649150402, "params": {"C": 73.29821319007854, "epsilon": 0.2509873747824116, "gamma": 0.06957694282642501}, "datetime": {"datetime": "2021-09-18 12:14:45", "elapsed": 159.010495, "delta": 1.102616}}
{"target": 0.897870671530698, "params": {"C": 73.48134167010014, "epsilon": 0.14915999879281194, "gamma": 0.07561518892015497}, "datetime": {"datetime": "2021-09-18 12:14:47", "elapsed": 160.456565, "delta": 1.44607}}
{"target": 0.8980974357301845, "params": {"C": 75.103808523593, "epsilon": 0.3352387268590922, "gamma": 0.07358408204820771}, "datetime": {"datetime": "2021-09-18 12:14:48", "elapsed": 161.320164, "delta": 0.863599}}
{"target": 0.8881414052518393, "params": {"C": 76.7796673614993, "epsilon": 0.13204928221649617, "gamma": 0.05284880002783625}, "datetime": {"datetime": "2021-09-18 12:14:48", "elapsed": 162.192212, "delta": 0.872048}}
{"target": 0.884986209353034, "params": {"C": 72.78683153804408, "epsilon": 0.1589581013693322, "gamma": 0.05014653012199496}, "datetime": {"datetime": "2021-09-18 12:14:49", "elapsed": 163.034718, "delta": 0.842506}}
{"target": 0.8967004727965071, "params": {"C": 71.44795095472017, "epsilon": 0.35113132421058674, "gamma": 0.07113365507162919}, "datetime": {"datetime": "2021-09-18 12:14:50", "elapsed": 163.919506, "delta": 0.884788}}
{"target": 0.8963944620149343, "params": {"C": 73.48084967995932, "epsilon": 0.1823345794041745, "gamma": 0.06937636510726207}, "datetime": {"datetime": "2021-09-18 12:14:51", "elapsed": 165.272469, "delta": 1.352963}}
{"target": 0.8981280574111044, "params": {"C": 73.33605435892905, "epsilon": 0.3681134466263256, "gamma": 0.0755445087884794}, "datetime": {"datetime": "2021-09-18 12:14:53", "elapsed": 166.669536, "delta": 1.397067}}
{"target": 0.8984170870883418, "params": {"C": 73.30301269580337, "epsilon": 0.3961412590714483, "gamma": 0.07839797816567398}, "datetime": {"datetime": "2021-09-18 12:14:54", "elapsed": 167.680821, "delta": 1.011285}}
{"target": 0.8868176936596615, "params": {"C": 73.3264712637663, "epsilon": 0.40810610357026356, "gamma": 0.05034636539960116}, "datetime": {"datetime": "2021-09-18 12:14:55", "elapsed": 168.872862, "delta": 1.192041}}
{"target": 0.8982635287893099, "params": {"C": 73.26057407679868, "epsilon": 0.4006367423740258, "gamma": 0.07681472049642572}, "datetime": {"datetime": "2021-09-18 12:14:56", "elapsed": 170.132662, "delta": 1.2598}}
{"target": 0.8982548969923275, "params": {"C": 73.23276649298668, "epsilon": 0.257632573649063, "gamma": 0.07817932780778802}, "datetime": {"datetime": "2021-09-18 12:14:58", "elapsed": 171.776043, "delta": 1.643381}}
{"target": 0.8977220805112127, "params": {"C": 73.19855042533607, "epsilon": 0.28048590677087964, "gamma": 0.07418137505650538}, "datetime": {"datetime": "2021-09-18 12:15:00", "elapsed": 173.430748, "delta": 1.654705}}
