{"target": -4.548884440737685, "params": {"C": 47.789677607464085, "epsilon": 1.7396657037562404, "gamma": 0.0001}, "datetime": {"datetime": "2021-09-18 09:51:13", "elapsed": 4046.929967, "delta": 11.4673}}
{"target": -3.4819450031870414, "params": {"C": 49.18726163724772, "epsilon": 1.9697211025099306, "gamma": 0.3664250107839752}, "datetime": {"datetime": "2021-09-18 09:51:21", "elapsed": 4055.111943, "delta": 8.181976}}
{"target": -4.655992119922856, "params": {"C": 40.585679627150604, "epsilon": 1.658547928423032, "gamma": 0.0001}, "datetime": {"datetime": "2021-09-18 09:51:30", "elapsed": 4063.811933, "delta": 8.69999}}
{"target": -3.573242724190143, "params": {"C": 40.55858660182774, "epsilon": 0.19161834676395784, "gamma": 0.5329467791572265}, "datetime": {"datetime": "2021-09-18 09:51:38", "elapsed": 4072.217092, "delta": 8.405159}}
{"target": -4.3001565791641285, "params": {"C": 30.760180122869475, "epsilon": 3.951242105555668, "gamma": 0.40948480545238447}, "datetime": {"datetime": "2021-09-18 09:51:47", "elapsed": 4080.970036, "delta": 8.752944}}
{"target": -5.4504864797841, "params": {"C": 47.975875887554594, "epsilon": 2.905429974288325, "gamma": 1.3363934261610315}, "datetime": {"datetime": "2021-09-18 09:51:55", "elapsed": 4089.207647, "delta": 8.237611}}
{"target": -4.788206513252213, "params": {"C": 40.30364796519169, "epsilon": 0.8982388228210049, "gamma": 1.1636405054337433}, "datetime": {"datetime": "2021-09-18 09:52:04", "elapsed": 4098.030865, "delta": 8.823218}}
{"target": -9.319078947368421, "params": {"C": 12.496486757571445, "epsilon": 27.62470220659555, "gamma": 0.013333896313795262}, "datetime": {"datetime": "2021-09-18 09:52:16", "elapsed": 4109.765716, "delta": 11.734851}}
{"target": -6.9216049633315935, "params": {"C": 2.127627811483831, "epsilon": 0.001, "gamma": 3.0}, "datetime": {"datetime": "2021-09-18 09:52:24", "elapsed": 4118.363265, "delta": 8.597549}}
{"target": -9.651532591443418, "params": {"C": 47.64910099558811, "epsilon": 21.37062775596058, "gamma": 0.0001}, "datetime": {"datetime": "2021-09-18 09:52:44", "elapsed": 4137.594326, "delta": 19.231061}}
{"target": -2.617739650482676, "params": {"C": 49.8931586235108, "epsilon": 3.4820028877991964, "gamma": 0.06282622793572434}, "datetime": {"datetime": "2021-09-18 09:52:55", "elapsed": 4149.39653, "delta": 11.802204}}
{"target": -9.319078947368421, "params": {"C": 4.683726296347543, "epsilon": 26.991269219028606, "gamma": 3.0}, "datetime": {"datetime": "2021-09-18 09:53:06", "elapsed": 4160.327008, "delta": 10.930478}}
{"target": -2.6332419322322367, "params": {"C": 39.598223296004036, "epsilon": 4.179187657276041, "gamma": 0.03076759756957671}, "datetime": {"datetime": "2021-09-18 09:53:22", "elapsed": 4175.681828, "delta": 15.35482}}
{"target": -2.4370830669721917, "params": {"C": 40.398081674404274, "epsilon": 3.0471990995815124, "gamma": 0.029633565715021706}, "datetime": {"datetime": "2021-09-18 09:53:34", "elapsed": 4187.80773, "delta": 12.125902}}
{"target": -7.981037689938734, "params": {"C": 21.46483355267177, "epsilon": 10.351903068557156, "gamma": 2.971838268562561}, "datetime": {"datetime": "2021-09-18 09:53:47", "elapsed": 4200.731879, "delta": 12.924149}}
{"target": -2.0332978007858316, "params": {"C": 43.29244455248987, "epsilon": 0.7924392395455019, "gamma": 0.06027212745102887}, "datetime": {"datetime": "2021-09-18 09:54:02", "elapsed": 4216.443684, "delta": 15.711805}}
{"target": -9.319078947368421, "params": {"C": 39.086101708304675, "epsilon": 28.179568742823687, "gamma": 1.2519985154520354}, "datetime": {"datetime": "2021-09-18 09:54:11", "elapsed": 4225.54561, "delta": 9.101926}}
{"target": -5.056250007532167, "params": {"C": 29.667794477087615, "epsilon": 3.4807693655677334, "gamma": 0.0001}, "datetime": {"datetime": "2021-09-18 09:54:22", "elapsed": 4235.743787, "delta": 10.198177}}
{"target": -5.196571754508415, "params": {"C": 28.944920119067028, "epsilon": 2.7375866015345394, "gamma": 1.158066733753086}, "datetime": {"datetime": "2021-09-18 09:54:39", "elapsed": 4253.438115, "delta": 17.694328}}
{"target": -2.787272366819896, "params": {"C": 42.42032447709261, "epsilon": 3.936029925919686, "gamma": 0.007730514554437529}, "datetime": {"datetime": "2021-09-18 09:54:48", "elapsed": 4262.232201, "delta": 8.794086}}
{"target": -4.791094401518495, "params": {"C": 35.00415936954396, "epsilon": 2.061418321076281, "gamma": 0.0001}, "datetime": {"datetime": "2021-09-18 09:55:02", "elapsed": 4275.690318, "delta": 13.458117}}
{"target": -2.6333232698456372, "params": {"C": 28.48709778793517, "epsilon": 3.3931124599081213, "gamma": 0.059881402174952414}, "datetime": {"datetime": "2021-09-18 09:55:10", "elapsed": 4284.514468, "delta": 8.82415}}
{"target": -5.461919347356034, "params": {"C": 24.09256192864565, "epsilon": 1.768799233798663, "gamma": 1.662387080303264}, "datetime": {"datetime": "2021-09-18 09:55:22", "elapsed": 4296.374775, "delta": 11.860307}}
{"target": -7.045103747428809, "params": {"C": 26.448417208446617, "epsilon": 5.771451183726104, "gamma": 2.9225465099077512}, "datetime": {"datetime": "2021-09-18 09:55:32", "elapsed": 4305.641501, "delta": 9.266726}}
{"target": -2.317619509310496, "params": {"C": 12.007506866629138, "epsilon": 0.45499641973146504, "gamma": 0.03395947974480226}, "datetime": {"datetime": "2021-09-18 09:55:43", "elapsed": 4316.599821, "delta": 10.95832}}
{"target": -6.3254462162717155, "params": {"C": 11.877340437145698, "epsilon": 5.762736681211878, "gamma": 1.2873690967890319}, "datetime": {"datetime": "2021-09-18 09:55:56", "elapsed": 4330.269473, "delta": 13.669652}}
{"target": -2.4107039122563774, "params": {"C": 22.532437644501943, "epsilon": 1.43787514247554, "gamma": 0.10792598372038566}, "datetime": {"datetime": "2021-09-18 09:56:11", "elapsed": 4345.207528, "delta": 14.938055}}
{"target": -5.714701156875561, "params": {"C": 30.241326749606433, "epsilon": 2.9415448399519617, "gamma": 1.6154239226981468}, "datetime": {"datetime": "2021-09-18 09:56:21", "elapsed": 4354.600364, "delta": 9.392836}}
{"target": -9.319078947368421, "params": {"C": 13.432134409233102, "epsilon": 30.0, "gamma": 3.0}, "datetime": {"datetime": "2021-09-18 09:56:32", "elapsed": 4365.839654, "delta": 11.23929}}
{"target": -2.6597670302625205, "params": {"C": 26.026767890628864, "epsilon": 1.296481227917991, "gamma": 0.006150586129420947}, "datetime": {"datetime": "2021-09-18 09:56:53", "elapsed": 4387.234483, "delta": 21.394829}}
{"target": -3.3812211417500517, "params": {"C": 37.61903826017795, "epsilon": 1.7979145752078005, "gamma": 0.35650949069941057}, "datetime": {"datetime": "2021-09-18 09:57:08", "elapsed": 4402.474816, "delta": 15.240333}}
{"target": -8.840914546489733, "params": {"C": 28.444335707782688, "epsilon": 14.112602075853419, "gamma": 3.0}, "datetime": {"datetime": "2021-09-18 09:57:19", "elapsed": 4413.547122, "delta": 11.072306}}
{"target": -6.762530736170517, "params": {"C": 11.031188810181398, "epsilon": 4.101048954742935, "gamma": 2.9688052720772977}, "datetime": {"datetime": "2021-09-18 09:57:31", "elapsed": 4424.658651, "delta": 11.111529}}
{"target": -7.210632521735984, "params": {"C": 1.3203799829090934, "epsilon": 5.835242048586096, "gamma": 0.0001}, "datetime": {"datetime": "2021-09-18 09:57:43", "elapsed": 4437.165647, "delta": 12.506996}}
{"target": -2.947648610320708, "params": {"C": 16.685222562154998, "epsilon": 2.530290348360941, "gamma": 0.14426745111276457}, "datetime": {"datetime": "2021-09-18 09:57:52", "elapsed": 4445.929648, "delta": 8.764001}}
{"target": -3.306517727728827, "params": {"C": 2.2928010777467582, "epsilon": 0.603676020463721, "gamma": 0.06184522654269575}, "datetime": {"datetime": "2021-09-18 09:58:01", "elapsed": 4455.083047, "delta": 9.153399}}
{"target": -4.519280455956067, "params": {"C": 46.913020915992114, "epsilon": 0.001, "gamma": 0.0001}, "datetime": {"datetime": "2021-09-18 09:58:11", "elapsed": 4465.386351, "delta": 10.303304}}
{"target": -6.759663457860989, "params": {"C": 45.29003173299113, "epsilon": 4.214606705687271, "gamma": 2.9665315995959443}, "datetime": {"datetime": "2021-09-18 09:58:21", "elapsed": 4474.969189, "delta": 9.582838}}
{"target": -5.852268444118732, "params": {"C": 43.69042247468894, "epsilon": 0.8481693939807404, "gamma": 2.5304796034720356}, "datetime": {"datetime": "2021-09-18 09:58:32", "elapsed": 4486.504796, "delta": 11.535607}}
{"target": -6.257063398307923, "params": {"C": 19.317351044226818, "epsilon": 1.5745739535139558, "gamma": 3.0}, "datetime": {"datetime": "2021-09-18 09:58:42", "elapsed": 4496.08243, "delta": 9.577634}}
{"target": -9.319078947368421, "params": {"C": 28.845705872580705, "epsilon": 23.3922561988149, "gamma": 3.0}, "datetime": {"datetime": "2021-09-18 09:58:51", "elapsed": 4505.505597, "delta": 9.423167}}
{"target": -5.2838387201117065, "params": {"C": 12.07415221545632, "epsilon": 2.9297891682709305, "gamma": 0.00016444443847268972}, "datetime": {"datetime": "2021-09-18 09:59:03", "elapsed": 4517.246068, "delta": 11.740471}}
{"target": -2.179388851650191, "params": {"C": 45.986640424415796, "epsilon": 0.4702064931838244, "gamma": 0.02083767657732861}, "datetime": {"datetime": "2021-09-18 09:59:16", "elapsed": 4530.5528, "delta": 13.306732}}
{"target": -7.023154186594837, "params": {"C": 43.33759025590202, "epsilon": 8.243751527253089, "gamma": 1.194517907255588}, "datetime": {"datetime": "2021-09-18 09:59:33", "elapsed": 4547.330757, "delta": 16.777957}}
{"target": -9.478094224151542, "params": {"C": 44.37648413723317, "epsilon": 21.93477448073096, "gamma": 1.459636544203943}, "datetime": {"datetime": "2021-09-18 09:59:43", "elapsed": 4557.561375, "delta": 10.230618}}
{"target": -6.727183498262713, "params": {"C": 6.088139152365967, "epsilon": 6.9471787828010925, "gamma": 1.2387024630689807}, "datetime": {"datetime": "2021-09-18 09:59:56", "elapsed": 4570.056455, "delta": 12.49508}}
{"target": -9.59569998177643, "params": {"C": 27.52549847666612, "epsilon": 18.697736047653226, "gamma": 3.0}, "datetime": {"datetime": "2021-09-18 10:00:12", "elapsed": 4586.028403, "delta": 15.971948}}
{"target": -4.72128423161039, "params": {"C": 39.74606686732466, "epsilon": 2.1209425092864835, "gamma": 0.0001}, "datetime": {"datetime": "2021-09-18 10:00:22", "elapsed": 4595.850163, "delta": 9.82176}}
{"target": -6.178989765473825, "params": {"C": 48.17221112767688, "epsilon": 1.3935787625676135, "gamma": 3.0}, "datetime": {"datetime": "2021-09-18 10:00:38", "elapsed": 4612.033911, "delta": 16.183748}}
{"target": -3.0769790758900832, "params": {"C": 4.651232507187059, "epsilon": 2.422106643312129, "gamma": 0.036731073753523844}, "datetime": {"datetime": "2021-09-18 10:00:47", "elapsed": 4621.293853, "delta": 9.259942}}
{"target": -6.107881747258239, "params": {"C": 5.614662946604799, "epsilon": 0.001, "gamma": 2.1109417577046794}, "datetime": {"datetime": "2021-09-18 10:00:56", "elapsed": 4630.443008, "delta": 9.149155}}
{"target": -6.342970529311413, "params": {"C": 34.75487170032581, "epsilon": 9.496784444593306, "gamma": 0.0001}, "datetime": {"datetime": "2021-09-18 10:01:07", "elapsed": 4641.051013, "delta": 10.608005}}
{"target": -3.918149065502761, "params": {"C": 23.159825943784828, "epsilon": 2.367993768144314, "gamma": 0.49605686174926206}, "datetime": {"datetime": "2021-09-18 10:01:16", "elapsed": 4650.098588, "delta": 9.047575}}
{"target": -2.644639205426211, "params": {"C": 39.88428320679612, "epsilon": 0.9236665353561448, "gamma": 0.0046170001880669}, "datetime": {"datetime": "2021-09-18 10:01:25", "elapsed": 4659.529836, "delta": 9.431248}}
{"target": -6.19580227288144, "params": {"C": 22.274523430506747, "epsilon": 2.8385631014315873, "gamma": 2.3509157123731432}, "datetime": {"datetime": "2021-09-18 10:01:38", "elapsed": 4672.553102, "delta": 13.023266}}
{"target": -2.6475048952221227, "params": {"C": 39.89937278905772, "epsilon": 2.900222191990702, "gamma": 0.09039788072204269}, "datetime": {"datetime": "2021-09-18 10:01:48", "elapsed": 4682.399296, "delta": 9.846194}}
{"target": -7.798864234611299, "params": {"C": 1.7141340516640275, "epsilon": 13.501565481137591, "gamma": 1.5254758770697847}, "datetime": {"datetime": "2021-09-18 10:02:03", "elapsed": 4697.084626, "delta": 14.68533}}
{"target": -2.0341623352213922, "params": {"C": 47.70849588160577, "epsilon": 0.7954773080678101, "gamma": 0.06239235893604366}, "datetime": {"datetime": "2021-09-18 10:02:18", "elapsed": 4712.306341, "delta": 15.221715}}
{"target": -3.3463896708814374, "params": {"C": 38.114183254242754, "epsilon": 5.392404441206316, "gamma": 0.03862471612191781}, "datetime": {"datetime": "2021-09-18 10:02:44", "elapsed": 4738.042936, "delta": 25.736595}}
{"target": -2.3937024134243203, "params": {"C": 47.723901659259056, "epsilon": 0.37648705464225424, "gamma": 0.00799114789645899}, "datetime": {"datetime": "2021-09-18 10:02:53", "elapsed": 4747.141547, "delta": 9.098611}}
{"target": -3.4430920866438, "params": {"C": 39.59093530332348, "epsilon": 1.4440404692721647, "gamma": 0.41026109494092033}, "datetime": {"datetime": "2021-09-18 10:03:10", "elapsed": 4764.199226, "delta": 17.057679}}
{"target": -7.248968382779118, "params": {"C": 38.2872638575354, "epsilon": 6.783871720663059, "gamma": 2.9607974854847807}, "datetime": {"datetime": "2021-09-18 10:03:19", "elapsed": 4773.451781, "delta": 9.252555}}
{"target": -2.143166310289724, "params": {"C": 35.11186838688727, "epsilon": 1.0203325784456918, "gamma": 0.03616242241400388}, "datetime": {"datetime": "2021-09-18 10:03:33", "elapsed": 4786.681559, "delta": 13.229778}}
{"target": -5.219666508279386, "params": {"C": 38.76344309321013, "epsilon": 5.936329659398318, "gamma": 0.0001}, "datetime": {"datetime": "2021-09-18 10:03:45", "elapsed": 4799.064114, "delta": 12.382555}}
{"target": -9.139234681136633, "params": {"C": 36.94386146392476, "epsilon": 16.418152762841334, "gamma": 0.0028461173188418175}, "datetime": {"datetime": "2021-09-18 10:03:54", "elapsed": 4808.538836, "delta": 9.474722}}
{"target": -9.319078947368421, "params": {"C": 20.087350093264618, "epsilon": 24.051864176619922, "gamma": 0.0001}, "datetime": {"datetime": "2021-09-18 10:04:08", "elapsed": 4821.606776, "delta": 13.06794}}
{"target": -9.795544597119, "params": {"C": 23.903966968348843, "epsilon": 21.16634657544053, "gamma": 0.0001}, "datetime": {"datetime": "2021-09-18 10:04:20", "elapsed": 4834.316199, "delta": 12.709423}}
{"target": -8.102168385801663, "params": {"C": 29.712611610478817, "epsilon": 11.329104148179665, "gamma": 1.7877830184652668}, "datetime": {"datetime": "2021-09-18 10:04:30", "elapsed": 4844.531282, "delta": 10.215083}}
{"target": -3.5608126718288746, "params": {"C": 40.08241253414507, "epsilon": 2.5979394689065853, "gamma": 0.33280353593533973}, "datetime": {"datetime": "2021-09-18 10:04:41", "elapsed": 4854.616737, "delta": 10.085455}}
{"target": -6.19691769443317, "params": {"C": 25.24824133663081, "epsilon": 1.4663943601229692, "gamma": 3.0}, "datetime": {"datetime": "2021-09-18 10:04:55", "elapsed": 4869.448106, "delta": 14.831369}}
{"target": -4.021674109948446, "params": {"C": 33.52096785993218, "epsilon": 3.1370867712637107, "gamma": 0.4268835950257084}, "datetime": {"datetime": "2021-09-18 10:05:07", "elapsed": 4881.367212, "delta": 11.919106}}
{"target": -6.095339111960212, "params": {"C": 32.373537309722806, "epsilon": 4.981552963857312, "gamma": 1.3482916904549993}, "datetime": {"datetime": "2021-09-18 10:05:21", "elapsed": 4895.22262, "delta": 13.855408}}
{"target": -6.505965256743194, "params": {"C": 35.27276309130713, "epsilon": 7.107199288965125, "gamma": 1.0153739774842645}, "datetime": {"datetime": "2021-09-18 10:05:33", "elapsed": 4907.539017, "delta": 12.316397}}
{"target": -5.061163684949707, "params": {"C": 17.005833248577762, "epsilon": 1.955842768571506, "gamma": 1.1021880654631204}, "datetime": {"datetime": "2021-09-18 10:05:44", "elapsed": 4918.000221, "delta": 10.461204}}
{"target": -3.535763705023045, "params": {"C": 31.59870890472347, "epsilon": 2.439606803287601, "gamma": 0.34188878686278645}, "datetime": {"datetime": "2021-09-18 10:05:55", "elapsed": 4929.523928, "delta": 11.523707}}
{"target": -9.319078947368421, "params": {"C": 2.559963549330705, "epsilon": 24.152479105804574, "gamma": 0.24084430492543213}, "datetime": {"datetime": "2021-09-18 10:06:07", "elapsed": 4940.62362, "delta": 11.099692}}
{"target": -3.905626886089433, "params": {"C": 41.6083234457761, "epsilon": 2.027356498400786, "gamma": 0.5175316110178062}, "datetime": {"datetime": "2021-09-18 10:06:29", "elapsed": 4963.317747, "delta": 22.694127}}
{"target": -9.361227947514395, "params": {"C": 4.665454795696217, "epsilon": 16.273187972234922, "gamma": 0.16722517201480563}, "datetime": {"datetime": "2021-09-18 10:06:54", "elapsed": 4987.834176, "delta": 24.516429}}
{"target": -7.385403476619355, "params": {"C": 34.427996504016484, "epsilon": 7.471088040195132, "gamma": 3.0}, "datetime": {"datetime": "2021-09-18 10:07:09", "elapsed": 5003.215966, "delta": 15.38179}}
{"target": -8.295392951471612, "params": {"C": 5.411370682818436, "epsilon": 13.644651845333279, "gamma": 3.0}, "datetime": {"datetime": "2021-09-18 10:07:25", "elapsed": 5018.787195, "delta": 15.571229}}
{"target": -9.061237560489875, "params": {"C": 19.31994531415289, "epsilon": 15.581050874566115, "gamma": 1.1205394955805414}, "datetime": {"datetime": "2021-09-18 10:07:37", "elapsed": 5031.244695, "delta": 12.4575}}
{"target": -4.1388897964623625, "params": {"C": 35.02132028215444, "epsilon": 5.042551129601665, "gamma": 0.001034198070386121}, "datetime": {"datetime": "2021-09-18 10:18:09", "elapsed": 0.0, "delta": 0.0}}
{"target": -2.2158848888109617, "params": {"C": 28.139954357910387, "epsilon": 1.028144479828974, "gamma": 0.02860923983587054}, "datetime": {"datetime": "2021-09-18 10:18:09", "elapsed": 0.031001, "delta": 0.031001}}
{"target": -2.727655678575253, "params": {"C": 21.175612682660255, "epsilon": 2.419579528574291, "gamma": 0.1196334747949703}, "datetime": {"datetime": "2021-09-18 10:18:09", "elapsed": 0.050997, "delta": 0.019996}}
{"target": -3.2337306701065724, "params": {"C": 42.32900404020142, "epsilon": 2.93494240630866, "gamma": 0.20588063061863107}, "datetime": {"datetime": "2021-09-18 10:18:09", "elapsed": 0.067997, "delta": 0.017}}
{"target": -3.37612169499781, "params": {"C": 22.267134983891047, "epsilon": 6.146943937300227, "gamma": 0.009188890366179921}, "datetime": {"datetime": "2021-09-18 10:18:09", "elapsed": 0.074998, "delta": 0.007001}}
{"target": -3.0750850442551623, "params": {"C": 50.22805061070413, "epsilon": 2.9217163117675216, "gamma": 0.16804825870527973}, "datetime": {"datetime": "2021-09-18 10:18:09", "elapsed": 0.091001, "delta": 0.016003}}
{"target": -2.995517024107804, "params": {"C": 18.423216315714026, "epsilon": 1.3875123221050665, "gamma": 0.24042262603398545}, "datetime": {"datetime": "2021-09-18 10:18:09", "elapsed": 0.114041, "delta": 0.02304}}
{"target": -3.017721625133571, "params": {"C": 68.09569454316386, "epsilon": 2.1946558229365403, "gamma": 0.2080044620851249}, "datetime": {"datetime": "2021-09-18 10:18:09", "elapsed": 0.134042, "delta": 0.020001}}
{"target": -3.5754980638608402, "params": {"C": 62.5833491377623, "epsilon": 6.262352037863428, "gamma": 0.026428219199563594}, "datetime": {"datetime": "2021-09-18 10:18:09", "elapsed": 0.140038, "delta": 0.005996}}
{"target": -3.2716125893325505, "params": {"C": 12.343286993972942, "epsilon": 1.1896431065324176, "gamma": 0.26356460852539454}, "datetime": {"datetime": "2021-09-18 10:18:09", "elapsed": 0.165999, "delta": 0.025961}}
{"target": -2.163773231893207, "params": {"C": 26.45119637194035, "epsilon": 1.0591223631619817, "gamma": 0.05609957499345289}, "datetime": {"datetime": "2021-09-18 10:18:10", "elapsed": 0.431046, "delta": 0.265047}}
{"target": -2.413137385129252, "params": {"C": 23.6591123761587, "epsilon": 0.05881414073361123, "gamma": 0.1732493314465478}, "datetime": {"datetime": "2021-09-18 10:18:10", "elapsed": 0.636041, "delta": 0.204995}}
{"target": -2.78222933456507, "params": {"C": 27.19946015464936, "epsilon": 0.001, "gamma": 0.3}, "datetime": {"datetime": "2021-09-18 10:18:10", "elapsed": 0.850998, "delta": 0.214957}}
{"target": -3.735582841986408, "params": {"C": 27.22814751679503, "epsilon": 2.769442559631886, "gamma": 0.001}, "datetime": {"datetime": "2021-09-18 10:18:10", "elapsed": 1.14504, "delta": 0.294042}}
{"target": -2.375360106938348, "params": {"C": 27.207288748825626, "epsilon": 1.0448610377184857, "gamma": 0.1317443694692544}, "datetime": {"datetime": "2021-09-18 10:18:10", "elapsed": 1.381674, "delta": 0.236634}}
{"target": -2.112954516363145, "params": {"C": 25.40540830370483, "epsilon": 0.6701692043141481, "gamma": 0.06701630649907163}, "datetime": {"datetime": "2021-09-18 10:18:11", "elapsed": 1.716674, "delta": 0.335}}
{"target": -3.1200966056649277, "params": {"C": 24.47859369106387, "epsilon": 1.5831700648391178, "gamma": 0.3}, "datetime": {"datetime": "2021-09-18 10:18:11", "elapsed": 1.970671, "delta": 0.253997}}
{"target": -2.670300632283141, "params": {"C": 25.68704539299489, "epsilon": 0.02236912072481918, "gamma": 0.2694604845420373}, "datetime": {"datetime": "2021-09-18 10:18:11", "elapsed": 2.329104, "delta": 0.358433}}
{"target": -3.4976742273365895, "params": {"C": 29.04587703067538, "epsilon": 0.505370038471728, "gamma": 0.001}, "datetime": {"datetime": "2021-09-18 10:18:12", "elapsed": 2.584068, "delta": 0.254964}}
{"target": -2.6097439422409163, "params": {"C": 25.764329278323682, "epsilon": 1.2423352239057834, "gamma": 0.007294006248189992}, "datetime": {"datetime": "2021-09-18 10:18:12", "elapsed": 2.83911, "delta": 0.255042}}
{"target": -3.210832992229152, "params": {"C": 50.626691576059514, "epsilon": 3.8358293878834706, "gamma": 0.11557954097447273}, "datetime": {"datetime": "2021-09-18 10:18:12", "elapsed": 2.91511, "delta": 0.076}}
