{"target": -2.5672508191911274, "params": {"C": 66.94021118993209, "epsilon": 0.5085445501256242, "gamma": 0.29645020893353713}, "datetime": {"datetime": "2021-09-18 10:28:00", "elapsed": 260.59793, "delta": 1.944832}}
{"target": -2.7308987802527787, "params": {"C": 39.18892095584171, "epsilon": 1.585478792102665, "gamma": 0.32462511069190986}, "datetime": {"datetime": "2021-09-18 10:28:02", "elapsed": 262.609506, "delta": 2.011576}}
{"target": -3.9386344388439976, "params": {"C": 68.18251677863618, "epsilon": 5.885635943981134, "gamma": 0.15246221727261533}, "datetime": {"datetime": "2021-09-18 10:28:03", "elapsed": 263.795211, "delta": 1.185705}}
{"target": -2.2452913435860538, "params": {"C": 68.64033341000393, "epsilon": 2.295279268716693, "gamma": 0.06858541689408118}, "datetime": {"datetime": "2021-09-18 10:28:05", "elapsed": 265.97956, "delta": 2.184349}}
{"target": -2.264655096915233, "params": {"C": 42.243155441015084, "epsilon": 0.47082352205119127, "gamma": 0.028647570965019378}, "datetime": {"datetime": "2021-09-18 10:28:07", "elapsed": 267.829023, "delta": 1.849463}}
{"target": -2.744536539035786, "params": {"C": 24.44115908453585, "epsilon": 1.0272628875592142, "gamma": 0.37692660347636087}, "datetime": {"datetime": "2021-09-18 10:28:10", "elapsed": 270.568896, "delta": 2.739873}}
{"target": -2.346691444310556, "params": {"C": 59.91698895532917, "epsilon": 0.014014492560474722, "gamma": 0.018254124237174464}, "datetime": {"datetime": "2021-09-18 10:28:12", "elapsed": 272.56703, "delta": 1.998134}}
{"target": -3.4902795184910347, "params": {"C": 54.85738848401227, "epsilon": 0.001, "gamma": 0.001}, "datetime": {"datetime": "2021-09-18 10:28:14", "elapsed": 274.456678, "delta": 1.889648}}
{"target": -2.3874241547938495, "params": {"C": 55.339848508498065, "epsilon": 0.27799151094614133, "gamma": 0.01376977079035253}, "datetime": {"datetime": "2021-09-18 10:28:16", "elapsed": 276.854637, "delta": 2.397959}}
{"target": -4.631220536300919, "params": {"C": 38.33901213413264, "epsilon": 6.075820158317478, "gamma": 0.3918366289478956}, "datetime": {"datetime": "2021-09-18 10:28:17", "elapsed": 278.071423, "delta": 1.216786}}
{"target": -2.5478191112472226, "params": {"C": 54.56464386955152, "epsilon": 0.29551038196835777, "gamma": 0.28347566646461564}, "datetime": {"datetime": "2021-09-18 10:28:20", "elapsed": 280.839017, "delta": 2.767594}}
{"target": -2.416088967828753, "params": {"C": 55.434435935853195, "epsilon": 0.001, "gamma": 0.22973264047225106}, "datetime": {"datetime": "2021-09-18 10:28:22", "elapsed": 282.667049, "delta": 1.828032}}
{"target": -2.5611324223986087, "params": {"C": 50.813778583796534, "epsilon": 1.2397112982906184, "gamma": 0.2518233036972977}, "datetime": {"datetime": "2021-09-18 10:28:24", "elapsed": 284.907585, "delta": 2.240536}}
{"target": -2.483894147977436, "params": {"C": 52.58980185265734, "epsilon": 0.39296126217342653, "gamma": 0.009911062029033826}, "datetime": {"datetime": "2021-09-18 10:28:26", "elapsed": 286.724071, "delta": 1.816486}}
{"target": -2.8062922916505477, "params": {"C": 42.005914882128096, "epsilon": 0.3130376999453442, "gamma": 0.45622389665893304}, "datetime": {"datetime": "2021-09-18 10:28:28", "elapsed": 288.969014, "delta": 2.244943}}
{"target": -2.652703451019206, "params": {"C": 28.979471638687908, "epsilon": 0.001, "gamma": 0.38786100058014894}, "datetime": {"datetime": "2021-09-18 10:28:30", "elapsed": 291.183133, "delta": 2.214119}}
{"target": -2.540967676246046, "params": {"C": 55.594434412804226, "epsilon": 1.9939697147061644, "gamma": 0.016523165877160954}, "datetime": {"datetime": "2021-09-18 10:28:32", "elapsed": 292.408783, "delta": 1.22565}}
{"target": -2.5819128591471503, "params": {"C": 18.39333606832181, "epsilon": 0.9451640406572615, "gamma": 0.28796184664720564}, "datetime": {"datetime": "2021-09-18 10:28:34", "elapsed": 294.438434, "delta": 2.029651}}
{"target": -2.4199874297807957, "params": {"C": 27.515797137827647, "epsilon": 0.6284564289311125, "gamma": 0.2690847192288746}, "datetime": {"datetime": "2021-09-18 10:28:36", "elapsed": 296.227276, "delta": 1.788842}}
{"target": -2.824392365901283, "params": {"C": 18.57806780964057, "epsilon": 0.09667079494078674, "gamma": 0.4067218706462248}, "datetime": {"datetime": "2021-09-18 10:28:37", "elapsed": 298.135692, "delta": 1.908416}}
{"target": -2.126130821621142, "params": {"C": 35.516368182729884, "epsilon": 0.18270704743223468, "gamma": 0.050562120462384126}, "datetime": {"datetime": "2021-09-18 10:28:39", "elapsed": 300.127134, "delta": 1.991442}}
{"target": -3.445610866796291, "params": {"C": 67.49763905590162, "epsilon": 0.9186714616655371, "gamma": 0.001}, "datetime": {"datetime": "2021-09-18 10:28:41", "elapsed": 301.963456, "delta": 1.836322}}
{"target": -3.5655105848075297, "params": {"C": 39.31138189737652, "epsilon": 4.505957362367496, "gamma": 0.2787774268456526}, "datetime": {"datetime": "2021-09-18 10:28:42", "elapsed": 303.142063, "delta": 1.178607}}
{"target": -2.707847822730751, "params": {"C": 13.55022047256896, "epsilon": 1.6277829793533962, "gamma": 0.24506805772954915}, "datetime": {"datetime": "2021-09-18 10:28:44", "elapsed": 304.32578, "delta": 1.183717}}
{"target": -2.566422125948166, "params": {"C": 52.18281764270538, "epsilon": 0.2055127349634598, "gamma": 0.007332034932349719}, "datetime": {"datetime": "2021-09-18 10:28:46", "elapsed": 306.529305, "delta": 2.203525}}
{"target": -2.314931274291226, "params": {"C": 66.53039041886396, "epsilon": 0.8933408157001362, "gamma": 0.02347787717200773}, "datetime": {"datetime": "2021-09-18 10:28:48", "elapsed": 308.607252, "delta": 2.077947}}
{"target": -4.259686688893118, "params": {"C": 69.25044801060545, "epsilon": 6.168015413907288, "gamma": 0.21455691878865338}, "datetime": {"datetime": "2021-09-18 10:28:49", "elapsed": 309.880645, "delta": 1.273393}}
{"target": -2.24050194248507, "params": {"C": 35.2583806895014, "epsilon": 0.3287770959595671, "gamma": 0.15923986982127256}, "datetime": {"datetime": "2021-09-18 10:28:52", "elapsed": 312.218482, "delta": 2.337837}}
{"target": -2.1440880331279057, "params": {"C": 37.88420913628187, "epsilon": 0.25544600765342806, "gamma": 0.117512923863223}, "datetime": {"datetime": "2021-09-18 10:28:53", "elapsed": 313.472828, "delta": 1.254346}}
{"target": -2.361681097646669, "params": {"C": 37.53568395404282, "epsilon": 0.31175117477656233, "gamma": 0.2275519810635478}, "datetime": {"datetime": "2021-09-18 10:28:55", "elapsed": 315.898017, "delta": 2.425189}}
{"target": -2.1484635076114404, "params": {"C": 37.80113656009215, "epsilon": 0.6002875824479669, "gamma": 0.09776988317449069}, "datetime": {"datetime": "2021-09-18 10:28:58", "elapsed": 318.749857, "delta": 2.85184}}
{"target": -3.4989081926705277, "params": {"C": 50.06630939394374, "epsilon": 3.5677292570849835, "gamma": 0.4038595590190232}, "datetime": {"datetime": "2021-09-18 10:28:59", "elapsed": 319.964818, "delta": 1.214961}}
{"target": -2.927440560301716, "params": {"C": 61.50945122765681, "epsilon": 4.096673945104205, "gamma": 0.10600513121426343}, "datetime": {"datetime": "2021-09-18 10:29:00", "elapsed": 321.124738, "delta": 1.15992}}
{"target": -2.54152218645315, "params": {"C": 37.9755431652969, "epsilon": 0.4621650417318521, "gamma": 0.29410446365536125}, "datetime": {"datetime": "2021-09-18 10:29:03", "elapsed": 323.304055, "delta": 2.179317}}
{"target": -3.603763258403414, "params": {"C": 69.03322485906594, "epsilon": 2.3689299828795076, "gamma": 0.001}, "datetime": {"datetime": "2021-09-18 10:29:05", "elapsed": 325.20549, "delta": 1.901435}}
{"target": -3.632010049130665, "params": {"C": 37.4598057697367, "epsilon": 0.6365280590562236, "gamma": 0.001}, "datetime": {"datetime": "2021-09-18 10:29:06", "elapsed": 326.846519, "delta": 1.641029}}
{"target": -2.433487807099977, "params": {"C": 35.61326134096575, "epsilon": 0.5563660732250775, "gamma": 0.2567344638738835}, "datetime": {"datetime": "2021-09-18 10:29:08", "elapsed": 328.683635, "delta": 1.837116}}
{"target": -2.6403835189283766, "params": {"C": 12.883407819594634, "epsilon": 2.687947263198064, "gamma": 0.04035159920992992}, "datetime": {"datetime": "2021-09-18 10:29:09", "elapsed": 329.806419, "delta": 1.122784}}
{"target": -2.568133857040152, "params": {"C": 37.71363232353877, "epsilon": 0.001, "gamma": 0.32300134042703854}, "datetime": {"datetime": "2021-09-18 10:29:11", "elapsed": 331.954675, "delta": 2.148256}}
{"target": -2.5153610380282707, "params": {"C": 29.004003463888374, "epsilon": 2.2035119262966427, "gamma": 0.17561756485873273}, "datetime": {"datetime": "2021-09-18 10:29:12", "elapsed": 333.184131, "delta": 1.229456}}
{"target": -2.50277908041876, "params": {"C": 49.51817174221229, "epsilon": 2.1500641320696663, "gamma": 0.18583665225756726}, "datetime": {"datetime": "2021-09-18 10:29:14", "elapsed": 334.896773, "delta": 1.712642}}
{"target": -3.9318706133579995, "params": {"C": 19.95218727977616, "epsilon": 5.011904911508697, "gamma": 0.3341915859089138}, "datetime": {"datetime": "2021-09-18 10:29:15", "elapsed": 336.034654, "delta": 1.137881}}
{"target": -2.232741029227761, "params": {"C": 42.073873114424515, "epsilon": 0.05400460953586927, "gamma": 0.03365887641342412}, "datetime": {"datetime": "2021-09-18 10:29:18", "elapsed": 338.199781, "delta": 2.165127}}
{"target": -2.5872213347768347, "params": {"C": 38.20527687044918, "epsilon": 1.2279134813109878, "gamma": 0.2692110204131706}, "datetime": {"datetime": "2021-09-18 10:29:20", "elapsed": 340.336528, "delta": 2.136747}}
{"target": -2.1769738797782905, "params": {"C": 38.09036255574338, "epsilon": 0.8672385918800743, "gamma": 0.06384516793804117}, "datetime": {"datetime": "2021-09-18 10:29:22", "elapsed": 342.733114, "delta": 2.396586}}
{"target": -2.223129339304104, "params": {"C": 68.03166200210364, "epsilon": 0.4702854613506669, "gamma": 0.14617645853257136}, "datetime": {"datetime": "2021-09-18 10:29:23", "elapsed": 343.925742, "delta": 1.192628}}
{"target": -2.6825572826846362, "params": {"C": 24.123183793747213, "epsilon": 1.5018830371915424, "gamma": 0.3197138225777041}, "datetime": {"datetime": "2021-09-18 10:29:24", "elapsed": 345.11948, "delta": 1.193738}}
{"target": -2.3406271227494373, "params": {"C": 38.21994435663029, "epsilon": 0.4527028830730508, "gamma": 0.02177569294723261}, "datetime": {"datetime": "2021-09-18 10:29:27", "elapsed": 347.412111, "delta": 2.292631}}
{"target": -3.5846320747014473, "params": {"C": 68.32493410939104, "epsilon": 2.2945369993736864, "gamma": 0.001}, "datetime": {"datetime": "2021-09-18 10:29:29", "elapsed": 349.596904, "delta": 2.184793}}
{"target": -4.995924643212976, "params": {"C": 65.69051653097324, "epsilon": 6.504191718184374, "gamma": 0.44528579175146477}, "datetime": {"datetime": "2021-09-18 10:29:30", "elapsed": 350.797905, "delta": 1.201001}}
{"target": -2.9595061562859484, "params": {"C": 28.149435363137954, "epsilon": 1.1732733106309963, "gamma": 0.4694178081464982}, "datetime": {"datetime": "2021-09-18 10:29:31", "elapsed": 352.112899, "delta": 1.314994}}
{"target": -3.7780216718684314, "params": {"C": 23.93855939629348, "epsilon": 1.2224601812053204, "gamma": 0.001}, "datetime": {"datetime": "2021-09-18 10:29:34", "elapsed": 354.202283, "delta": 2.089384}}
{"target": -2.9487223212561737, "params": {"C": 19.374574248141016, "epsilon": 1.4925882141906528, "gamma": 0.398566311087514}, "datetime": {"datetime": "2021-09-18 10:29:36", "elapsed": 356.402084, "delta": 2.199801}}
{"target": -4.011944085981239, "params": {"C": 48.01299098364283, "epsilon": 6.271160272569887, "gamma": 0.12415997500222505}, "datetime": {"datetime": "2021-09-18 10:29:37", "elapsed": 357.674777, "delta": 1.272693}}
{"target": -3.021484959919926, "params": {"C": 49.72151674493669, "epsilon": 1.8402833935193674, "gamma": 0.4380611344278732}, "datetime": {"datetime": "2021-09-18 10:29:40", "elapsed": 360.303715, "delta": 2.628938}}
{"target": -3.045297015630026, "params": {"C": 31.386242934691893, "epsilon": 2.314843770148415, "gamma": 0.4167752523919264}, "datetime": {"datetime": "2021-09-18 10:29:41", "elapsed": 361.549672, "delta": 1.245957}}
{"target": -2.3839517725136865, "params": {"C": 24.834482104705483, "epsilon": 1.0792655779018956, "gamma": 0.0365094838164307}, "datetime": {"datetime": "2021-09-18 10:29:44", "elapsed": 364.355474, "delta": 2.805802}}
{"target": -2.6955972107698374, "params": {"C": 59.449527725750926, "epsilon": 0.3800076728121467, "gamma": 0.3832223380904436}, "datetime": {"datetime": "2021-09-18 10:29:46", "elapsed": 366.209468, "delta": 1.853994}}
{"target": -2.7509239568830837, "params": {"C": 19.53666562149771, "epsilon": 0.782376388911617, "gamma": 0.3617491177011227}, "datetime": {"datetime": "2021-09-18 10:29:48", "elapsed": 368.608895, "delta": 2.399427}}
{"target": -3.821926837698998, "params": {"C": 19.760141111209016, "epsilon": 0.891810398941689, "gamma": 0.001}, "datetime": {"datetime": "2021-09-18 10:29:51", "elapsed": 371.375929, "delta": 2.767034}}
{"target": -2.5905554078269275, "params": {"C": 18.15123274520856, "epsilon": 0.7130217063229074, "gamma": 0.2996834565671807}, "datetime": {"datetime": "2021-09-18 10:29:52", "elapsed": 372.595927, "delta": 1.219998}}
{"target": -2.593595286144846, "params": {"C": 18.513837544018727, "epsilon": 1.5863973953367752, "gamma": 0.26210323492465204}, "datetime": {"datetime": "2021-09-18 10:29:55", "elapsed": 375.233924, "delta": 2.637997}}
{"target": -3.1538420119392194, "params": {"C": 50.43760811281392, "epsilon": 1.2124205591574109, "gamma": 0.0025446728779212925}, "datetime": {"datetime": "2021-09-18 10:29:57", "elapsed": 377.500963, "delta": 2.267039}}
{"target": -2.674293552677612, "params": {"C": 55.247838397575194, "epsilon": 0.4240590911314934, "gamma": 0.37330050011177873}, "datetime": {"datetime": "2021-09-18 10:29:59", "elapsed": 380.185964, "delta": 2.685001}}
{"target": -2.5307858480070258, "params": {"C": 37.88160307572387, "epsilon": 0.8941949215279201, "gamma": 0.2651637922334502}, "datetime": {"datetime": "2021-09-18 10:30:02", "elapsed": 382.324928, "delta": 2.138964}}
{"target": -2.6856652942624204, "params": {"C": 60.1722837748915, "epsilon": 0.7716429107039005, "gamma": 0.3412638354115594}, "datetime": {"datetime": "2021-09-18 10:30:05", "elapsed": 385.867945, "delta": 3.543017}}
{"target": -3.0832022929658107, "params": {"C": 51.35371577033433, "epsilon": 2.087179120175857, "gamma": 0.436116439925138}, "datetime": {"datetime": "2021-09-18 10:30:08", "elapsed": 388.696256, "delta": 2.828311}}
{"target": -2.6835594269522702, "params": {"C": 52.389208730620865, "epsilon": 0.3567447672075921, "gamma": 0.3869042070993741}, "datetime": {"datetime": "2021-09-18 10:30:11", "elapsed": 391.958875, "delta": 3.262619}}
{"target": -3.6869713986523593, "params": {"C": 51.47360293641267, "epsilon": 2.4480880201521256, "gamma": 0.001}, "datetime": {"datetime": "2021-09-18 10:30:14", "elapsed": 394.523192, "delta": 2.564317}}
{"target": -2.2948346934042796, "params": {"C": 50.92695725005, "epsilon": 2.1659615176671934, "gamma": 0.05136679073077499}, "datetime": {"datetime": "2021-09-18 10:30:16", "elapsed": 396.958105, "delta": 2.434913}}
{"target": -3.610052255003307, "params": {"C": 24.647934845554154, "epsilon": 3.892886705075907, "gamma": 0.4079481676311569}, "datetime": {"datetime": "2021-09-18 10:30:18", "elapsed": 398.330565, "delta": 1.37246}}
{"target": -2.665165533609345, "params": {"C": 35.62187075365334, "epsilon": 0.17232054112770967, "gamma": 0.3767997402030417}, "datetime": {"datetime": "2021-09-18 10:30:20", "elapsed": 400.979615, "delta": 2.64905}}
{"target": -4.0239693828220435, "params": {"C": 19.130272339273887, "epsilon": 5.83925510216199, "gamma": 0.19588311440784206}, "datetime": {"datetime": "2021-09-18 10:30:22", "elapsed": 402.331149, "delta": 1.351534}}
{"target": -2.408832276658241, "params": {"C": 38.39700402307243, "epsilon": 0.7848161713052184, "gamma": 0.23358625489199872}, "datetime": {"datetime": "2021-09-18 10:30:24", "elapsed": 404.45228, "delta": 2.121131}}
{"target": -3.4947144186337877, "params": {"C": 59.14443912389536, "epsilon": 0.7197528890318031, "gamma": 0.001}, "datetime": {"datetime": "2021-09-18 10:30:27", "elapsed": 407.410502, "delta": 2.958222}}
{"target": -3.507986833656812, "params": {"C": 60.23162731632689, "epsilon": 0.21296917343050384, "gamma": 0.001}, "datetime": {"datetime": "2021-09-18 10:30:29", "elapsed": 410.033775, "delta": 2.623273}}
{"target": -2.147941692410394, "params": {"C": 67.92883668324392, "epsilon": 0.6843080653431676, "gamma": 0.0387513018497346}, "datetime": {"datetime": "2021-09-18 10:30:32", "elapsed": 412.573766, "delta": 2.539991}}
{"target": -3.488811130972673, "params": {"C": 66.42113461744285, "epsilon": 0.5789136764095666, "gamma": 0.001}, "datetime": {"datetime": "2021-09-18 10:30:34", "elapsed": 414.844767, "delta": 2.271001}}
{"target": -3.4332532228531623, "params": {"C": 9.125977570768187, "epsilon": 3.082986923205753, "gamma": 0.29141932996366743}, "datetime": {"datetime": "2021-09-18 10:30:35", "elapsed": 416.157763, "delta": 1.312996}}
{"target": -2.6573127498147358, "params": {"C": 20.648083885501663, "epsilon": 3.483417661294809, "gamma": 0.06421751472312401}, "datetime": {"datetime": "2021-09-18 10:30:37", "elapsed": 417.559803, "delta": 1.40204}}
{"target": -2.6218924865322117, "params": {"C": 52.1235616209973, "epsilon": 1.2269744068601314, "gamma": 0.007675977252317089}, "datetime": {"datetime": "2021-09-18 10:30:39", "elapsed": 420.060805, "delta": 2.501002}}
{"target": -2.8431288542834507, "params": {"C": 66.51021290540496, "epsilon": 0.337434183070133, "gamma": 0.4450305483872729}, "datetime": {"datetime": "2021-09-18 10:30:42", "elapsed": 422.879786, "delta": 2.818981}}
{"target": -3.475086681297725, "params": {"C": 60.3425212826359, "epsilon": 0.9003061611678849, "gamma": 0.001}, "datetime": {"datetime": "2021-09-18 10:30:44", "elapsed": 425.130765, "delta": 2.250979}}
{"target": -2.5106239887532427, "params": {"C": 59.99216134000505, "epsilon": 1.1526052923832748, "gamma": 0.2320937579062687}, "datetime": {"datetime": "2021-09-18 10:30:47", "elapsed": 427.708805, "delta": 2.57804}}
{"target": -2.478500536334886, "params": {"C": 66.76209966539176, "epsilon": 0.8159306485318776, "gamma": 0.2324113113177504}, "datetime": {"datetime": "2021-09-18 10:30:50", "elapsed": 430.436806, "delta": 2.728001}}
{"target": -2.1256010391899998, "params": {"C": 50.63102936723836, "epsilon": 0.6928009257423571, "gamma": 0.0491696753918038}, "datetime": {"datetime": "2021-09-18 10:30:52", "elapsed": 433.112773, "delta": 2.675967}}
{"target": -2.080245215943299, "params": {"C": 41.8182379722013, "epsilon": 0.26033470927884406, "gamma": 0.06978163035427043}, "datetime": {"datetime": "2021-09-18 10:30:56", "elapsed": 436.348803, "delta": 3.23603}}
{"target": -3.2264740054201, "params": {"C": 52.61526908793251, "epsilon": 5.3640184832729405, "gamma": 0.07195370558335601}, "datetime": {"datetime": "2021-09-18 10:30:57", "elapsed": 437.862805, "delta": 1.514002}}
{"target": -2.214852865797213, "params": {"C": 68.46700855389804, "epsilon": 1.9384650601578857, "gamma": 0.061921233872898176}, "datetime": {"datetime": "2021-09-18 10:30:59", "elapsed": 439.428767, "delta": 1.565962}}
{"target": -2.5455975118572822, "params": {"C": 51.94486022688058, "epsilon": 0.6993629910044257, "gamma": 0.009278030001603512}, "datetime": {"datetime": "2021-09-18 10:31:02", "elapsed": 442.864802, "delta": 3.436035}}
{"target": -3.185029745028606, "params": {"C": 21.21320252395381, "epsilon": 2.57080240863616, "gamma": 0.4321267948783122}, "datetime": {"datetime": "2021-09-18 10:31:04", "elapsed": 444.413762, "delta": 1.54896}}
{"target": -2.0856429284206714, "params": {"C": 66.23605573255126, "epsilon": 0.033671065207844436, "gamma": 0.05287008927710355}, "datetime": {"datetime": "2021-09-18 10:31:07", "elapsed": 447.534805, "delta": 3.121043}}
{"target": -2.0332252278235385, "params": {"C": 66.60143459331115, "epsilon": 0.0019146851706060843, "gamma": 0.06644304962851198}, "datetime": {"datetime": "2021-09-18 10:31:10", "elapsed": 450.448113, "delta": 2.913308}}
{"target": -5.276777124193069, "params": {"C": 11.676578244474342, "epsilon": 6.674184866084976, "gamma": 0.48044007418475065}, "datetime": {"datetime": "2021-09-18 10:31:11", "elapsed": 451.972954, "delta": 1.524841}}
{"target": -3.4732913672197716, "params": {"C": 65.94140129790252, "epsilon": 1.299551010602709, "gamma": 0.001}, "datetime": {"datetime": "2021-09-18 10:31:15", "elapsed": 455.333372, "delta": 3.360418}}
{"target": -2.585342792222866, "params": {"C": 66.29445558979273, "epsilon": 0.08062258636994457, "gamma": 0.31175683131967274}, "datetime": {"datetime": "2021-09-18 10:31:18", "elapsed": 458.940481, "delta": 3.607109}}
{"target": -2.2563002477027005, "params": {"C": 50.66627245956933, "epsilon": 1.8235313153755812, "gamma": 0.04528045971115665}, "datetime": {"datetime": "2021-09-18 10:31:21", "elapsed": 461.983505, "delta": 3.043024}}
{"target": -3.4182326142710218, "params": {"C": 20.459156176135103, "epsilon": 2.9605070210462117, "gamma": 0.46517553856974647}, "datetime": {"datetime": "2021-09-18 10:31:23", "elapsed": 463.441134, "delta": 1.457629}}
{"target": -3.0828983152041243, "params": {"C": 60.44394389428721, "epsilon": 1.3171567044530677, "gamma": 0.4957223357747052}, "datetime": {"datetime": "2021-09-18 10:31:26", "elapsed": 466.569697, "delta": 3.128563}}
{"target": -3.6498135277739543, "params": {"C": 18.280396890450476, "epsilon": 5.968209288559169, "gamma": 0.06899249051349815}, "datetime": {"datetime": "2021-09-18 10:31:27", "elapsed": 468.148321, "delta": 1.578624}}
{"target": -2.7494259671867134, "params": {"C": 68.61253710261329, "epsilon": 1.1416719024280966, "gamma": 0.34668313693814684}, "datetime": {"datetime": "2021-09-18 10:31:30", "elapsed": 470.775879, "delta": 2.627558}}
