{"target": 0.9048577336070512, "params": {"C": 196.02912840172363, "epsilon": 0.5453591161874415, "gamma": 0.10487063039677644}, "datetime": {"datetime": "2021-09-18 14:27:56", "elapsed": 29.206538, "delta": 0.452985}}
{"target": 0.9003683602802506, "params": {"C": 171.95840266234944, "epsilon": 0.4476583484557431, "gamma": 0.11789281457631143}, "datetime": {"datetime": "2021-09-18 14:27:56", "elapsed": 29.669058, "delta": 0.46252}}
{"target": 0.9014817301103097, "params": {"C": 170.9256495789346, "epsilon": 0.44421996569719635, "gamma": 0.06585060511736826}, "datetime": {"datetime": "2021-09-18 14:27:57", "elapsed": 30.116483, "delta": 0.447425}}
{"target": 0.9002480005318786, "params": {"C": 168.0803124446019, "epsilon": 0.17957192953638434, "gamma": 0.11585273647711523}, "datetime": {"datetime": "2021-09-18 14:27:57", "elapsed": 30.550479, "delta": 0.433996}}
{"target": 0.9086819483952779, "params": {"C": 195.92026196066394, "epsilon": 0.5931444881123052, "gamma": 0.08863681242645437}, "datetime": {"datetime": "2021-09-18 14:27:58", "elapsed": 31.02177, "delta": 0.471291}}
{"target": 0.8984140231482478, "params": {"C": 125.85185091518889, "epsilon": 0.17260911608864452, "gamma": 0.06383054057778634}, "datetime": {"datetime": "2021-09-18 14:27:58", "elapsed": 31.425312, "delta": 0.403542}}
{"target": 0.8989127132011077, "params": {"C": 191.37837499473088, "epsilon": 0.06188973871004834, "gamma": 0.06338806396644343}, "datetime": {"datetime": "2021-09-18 14:27:59", "elapsed": 31.873868, "delta": 0.448556}}
{"target": 0.9059341093957733, "params": {"C": 194.80646218559167, "epsilon": 0.6906883559607154, "gamma": 0.10370169330104101}, "datetime": {"datetime": "2021-09-18 14:27:59", "elapsed": 32.400307, "delta": 0.526439}}
{"target": 0.8964004195787069, "params": {"C": 195.9145254676743, "epsilon": 0.5696919994993861, "gamma": 0.0516550966490311}, "datetime": {"datetime": "2021-09-18 14:28:00", "elapsed": 32.910701, "delta": 0.510394}}
{"target": 0.9078243679842821, "params": {"C": 195.93286673275884, "epsilon": 0.5641501839044096, "gamma": 0.0925121246077247}, "datetime": {"datetime": "2021-09-18 14:28:00", "elapsed": 33.549328, "delta": 0.638627}}
{"target": 0.9055003510043619, "params": {"C": 195.93820519298424, "epsilon": 0.6018256833870843, "gamma": 0.10355354976000758}, "datetime": {"datetime": "2021-09-18 14:28:01", "elapsed": 34.095531, "delta": 0.546203}}
{"target": 0.9056055866581318, "params": {"C": 161.02823297617851, "epsilon": 0.2545725544386264, "gamma": 0.09418918433463966}, "datetime": {"datetime": "2021-09-18 14:28:01", "elapsed": 34.540473, "delta": 0.444942}}
{"target": 0.9083791227242408, "params": {"C": 195.90529298823245, "epsilon": 0.6104211487634165, "gamma": 0.09044921784380985}, "datetime": {"datetime": "2021-09-18 14:28:02", "elapsed": 35.272784, "delta": 0.732311}}
{"target": 0.8909037721635823, "params": {"C": 195.8910217339823, "epsilon": 0.6022509317203154, "gamma": 0.13839571215228008}, "datetime": {"datetime": "2021-09-18 14:28:03", "elapsed": 35.755443, "delta": 0.482659}}
{"target": 0.90318424104179, "params": {"C": 195.97904538608373, "epsilon": 0.6225671756817245, "gamma": 0.06548179148126305}, "datetime": {"datetime": "2021-09-18 14:28:03", "elapsed": 36.168117, "delta": 0.412674}}
{"target": 0.9082689498727677, "params": {"C": 194.83433556451575, "epsilon": 0.6585685267594017, "gamma": 0.09119085807772834}, "datetime": {"datetime": "2021-09-18 14:28:03", "elapsed": 36.726149, "delta": 0.558032}}
{"target": 0.8992992939759332, "params": {"C": 154.94277710994305, "epsilon": 0.145279375610508, "gamma": 0.06367604444559151}, "datetime": {"datetime": "2021-09-18 14:28:04", "elapsed": 37.11659, "delta": 0.390441}}
{"target": 0.8966667801724246, "params": {"C": 135.06283627542726, "epsilon": 0.6579491478171887, "gamma": 0.13653081202791156}, "datetime": {"datetime": "2021-09-18 14:28:04", "elapsed": 37.616777, "delta": 0.500187}}
{"target": 0.9051357330437149, "params": {"C": 113.64289509109312, "epsilon": 0.4355388445836295, "gamma": 0.09390168934447833}, "datetime": {"datetime": "2021-09-18 14:28:05", "elapsed": 37.998635, "delta": 0.381858}}
{"target": 0.9077825674087519, "params": {"C": 171.9624901646793, "epsilon": 0.5216720618991353, "gamma": 0.0928210098479525}, "datetime": {"datetime": "2021-09-18 14:28:05", "elapsed": 38.529782, "delta": 0.531147}}
{"target": 0.9002524911247299, "params": {"C": 172.00576725272572, "epsilon": 0.49947311730569616, "gamma": 0.061622660030782}, "datetime": {"datetime": "2021-09-18 14:28:06", "elapsed": 38.990562, "delta": 0.46078}}
{"target": 0.9099466427826441, "params": {"C": 194.54188728619104, "epsilon": 0.7669260254447154, "gamma": 0.08120015154017421}, "datetime": {"datetime": "2021-09-18 14:28:06", "elapsed": 39.389015, "delta": 0.398453}}
{"target": 0.9088793235392755, "params": {"C": 194.58046698432668, "epsilon": 0.72024041622114, "gamma": 0.08855622151517087}, "datetime": {"datetime": "2021-09-18 14:28:07", "elapsed": 39.914081, "delta": 0.525066}}
{"target": 0.9020782993609102, "params": {"C": 171.98673748561214, "epsilon": 0.5284659441480013, "gamma": 0.11497430068304197}, "datetime": {"datetime": "2021-09-18 14:28:07", "elapsed": 40.362028, "delta": 0.447947}}
{"target": 0.8966642702570352, "params": {"C": 111.8675511328067, "epsilon": 0.4489351921148067, "gamma": 0.1346825696362544}, "datetime": {"datetime": "2021-09-18 14:28:08", "elapsed": 40.761135, "delta": 0.399107}}
{"target": 0.8980181227335609, "params": {"C": 146.6147140105934, "epsilon": 0.592583475833574, "gamma": 0.06044637819694061}, "datetime": {"datetime": "2021-09-18 14:28:08", "elapsed": 41.166136, "delta": 0.405001}}
{"target": 0.9073386232170098, "params": {"C": 194.85086613006015, "epsilon": 0.654794599538051, "gamma": 0.07317708281456092}, "datetime": {"datetime": "2021-09-18 14:28:08", "elapsed": 41.649839, "delta": 0.483703}}
{"target": 0.9078857011058296, "params": {"C": 171.93121252497764, "epsilon": 0.5636528048193002, "gamma": 0.08070255721040724}, "datetime": {"datetime": "2021-09-18 14:28:09", "elapsed": 42.160794, "delta": 0.510955}}
{"target": 0.9063126532587075, "params": {"C": 170.28349714854653, "epsilon": 0.5425451081539895, "gamma": 0.09890105658219109}, "datetime": {"datetime": "2021-09-18 14:28:09", "elapsed": 42.620792, "delta": 0.459998}}
{"target": 0.9052693322809552, "params": {"C": 146.85427688404016, "epsilon": 0.680988862003103, "gamma": 0.10343178841295778}, "datetime": {"datetime": "2021-09-18 14:28:10", "elapsed": 43.037076, "delta": 0.416284}}
{"target": 0.9086333015833089, "params": {"C": 171.94577523669224, "epsilon": 0.5003073495864647, "gamma": 0.08778821541778545}, "datetime": {"datetime": "2021-09-18 14:28:10", "elapsed": 43.630701, "delta": 0.593625}}
{"target": 0.8919885551567373, "params": {"C": 157.61965430728114, "epsilon": 0.1303605723992731, "gamma": 0.1429153504954045}, "datetime": {"datetime": "2021-09-18 14:28:11", "elapsed": 44.074631, "delta": 0.44393}}
{"target": 0.8938184182856334, "params": {"C": 171.92222804464168, "epsilon": 0.5647592108575561, "gamma": 0.13567497638091625}, "datetime": {"datetime": "2021-09-18 14:28:11", "elapsed": 44.680646, "delta": 0.606015}}
{"target": 0.9082860997040135, "params": {"C": 185.57440913345584, "epsilon": 0.38805947027528204, "gamma": 0.0824464691721096}, "datetime": {"datetime": "2021-09-18 14:28:12", "elapsed": 45.28762, "delta": 0.606974}}
{"target": 0.9026300129524284, "params": {"C": 171.93378290267236, "epsilon": 0.5947738581123131, "gamma": 0.06739845222198676}, "datetime": {"datetime": "2021-09-18 14:28:13", "elapsed": 46.040371, "delta": 0.752751}}
{"target": 0.9051935870321733, "params": {"C": 171.8934629256569, "epsilon": 0.5549529240870418, "gamma": 0.07386791506007293}, "datetime": {"datetime": "2021-09-18 14:28:13", "elapsed": 46.738091, "delta": 0.69772}}
{"target": 0.9096724181210981, "params": {"C": 194.84488077707184, "epsilon": 0.6133301498041716, "gamma": 0.0824693909874925}, "datetime": {"datetime": "2021-09-18 14:28:14", "elapsed": 47.276031, "delta": 0.53794}}
{"target": 0.9033622969578992, "params": {"C": 114.7204412364245, "epsilon": 0.6344251848314217, "gamma": 0.08382488804475077}, "datetime": {"datetime": "2021-09-18 14:28:14", "elapsed": 47.718869, "delta": 0.442838}}
{"target": 0.9029047896078656, "params": {"C": 129.23765634015842, "epsilon": 0.13321843067464215, "gamma": 0.09312348105756962}, "datetime": {"datetime": "2021-09-18 14:28:15", "elapsed": 48.218765, "delta": 0.499896}}
{"target": 0.8953326453917637, "params": {"C": 161.83067168801475, "epsilon": 0.6689021746737128, "gamma": 0.13491719179366937}, "datetime": {"datetime": "2021-09-18 14:28:15", "elapsed": 48.720468, "delta": 0.501703}}
{"target": 0.903847460521859, "params": {"C": 194.45614558855834, "epsilon": 0.7748471672279833, "gamma": 0.10957379209977808}, "datetime": {"datetime": "2021-09-18 14:28:16", "elapsed": 49.326074, "delta": 0.605606}}
{"target": 0.9028477857898233, "params": {"C": 194.52627608262173, "epsilon": 0.15770976248769839, "gamma": 0.07373635346133661}, "datetime": {"datetime": "2021-09-18 14:28:17", "elapsed": 49.873784, "delta": 0.54771}}
{"target": 0.9066875348589205, "params": {"C": 151.2500606796226, "epsilon": 0.660405816997177, "gamma": 0.07987163660337816}, "datetime": {"datetime": "2021-09-18 14:28:17", "elapsed": 50.424472, "delta": 0.550688}}
{"target": 0.8935176832385581, "params": {"C": 194.84934233811563, "epsilon": 0.6456798539240326, "gamma": 0.1317405488569341}, "datetime": {"datetime": "2021-09-18 14:28:18", "elapsed": 51.108056, "delta": 0.683584}}
{"target": 0.9030489641145178, "params": {"C": 194.83372354291723, "epsilon": 0.5633058011470732, "gamma": 0.0654665586923279}, "datetime": {"datetime": "2021-09-18 14:28:19", "elapsed": 51.763346, "delta": 0.65529}}
{"target": 0.90875113589136, "params": {"C": 194.87535907683971, "epsilon": 0.5914707557099268, "gamma": 0.08831623456839238}, "datetime": {"datetime": "2021-09-18 14:28:19", "elapsed": 52.712882, "delta": 0.949536}}
{"target": 0.8962679414944626, "params": {"C": 194.79630979851896, "epsilon": 0.6024024161261794, "gamma": 0.05218336518889023}, "datetime": {"datetime": "2021-09-18 14:28:20", "elapsed": 53.325092, "delta": 0.61221}}
{"target": 0.9051259396532323, "params": {"C": 125.83813128382137, "epsilon": 0.49147180902598875, "gamma": 0.1032221798190309}, "datetime": {"datetime": "2021-09-18 14:28:21", "elapsed": 53.84836, "delta": 0.523268}}
{"target": 0.9087706838241549, "params": {"C": 171.89345029151525, "epsilon": 0.5076941258865113, "gamma": 0.08701575113619253}, "datetime": {"datetime": "2021-09-18 14:28:21", "elapsed": 54.497645, "delta": 0.649285}}
{"target": 0.9055338651243133, "params": {"C": 194.89231110029908, "epsilon": 0.628917322241401, "gamma": 0.06997266605638053}, "datetime": {"datetime": "2021-09-18 14:28:22", "elapsed": 55.145563, "delta": 0.647918}}
{"target": 0.9045843591004413, "params": {"C": 171.84321363851785, "epsilon": 0.5208927982363808, "gamma": 0.07334981519579559}, "datetime": {"datetime": "2021-09-18 14:28:23", "elapsed": 55.83417, "delta": 0.688607}}
{"target": 0.893108418670149, "params": {"C": 122.16264370763457, "epsilon": 0.25865699688284843, "gamma": 0.14251911467149317}, "datetime": {"datetime": "2021-09-18 14:28:23", "elapsed": 56.403186, "delta": 0.569016}}
{"target": 0.902741592070516, "params": {"C": 151.22507113201175, "epsilon": 0.6730104440076057, "gamma": 0.11532829281285975}, "datetime": {"datetime": "2021-09-18 14:28:24", "elapsed": 57.037275, "delta": 0.634089}}
{"target": 0.8971442002575484, "params": {"C": 171.94713826983678, "epsilon": 0.5524091199557705, "gamma": 0.054383060920864916}, "datetime": {"datetime": "2021-09-18 14:28:25", "elapsed": 57.794814, "delta": 0.757539}}
{"target": 0.8997078910202054, "params": {"C": 172.88999957321897, "epsilon": 0.25944947089006265, "gamma": 0.06306876763024756}, "datetime": {"datetime": "2021-09-18 14:28:25", "elapsed": 58.286498, "delta": 0.491684}}
{"target": 0.9020621023981579, "params": {"C": 154.92730902765095, "epsilon": 0.18984766728714064, "gamma": 0.07536380464862853}, "datetime": {"datetime": "2021-09-18 14:28:26", "elapsed": 58.821318, "delta": 0.53482}}
{"target": 0.9036878375716788, "params": {"C": 171.9484098214355, "epsilon": 0.47875746472512093, "gamma": 0.07065842132905888}, "datetime": {"datetime": "2021-09-18 14:28:26", "elapsed": 59.567991, "delta": 0.746673}}
{"target": 0.8999426216261579, "params": {"C": 133.0971448420737, "epsilon": 0.5597121131292861, "gamma": 0.12355671237689737}, "datetime": {"datetime": "2021-09-18 14:28:27", "elapsed": 60.069596, "delta": 0.501605}}
{"target": 0.9012453563498856, "params": {"C": 131.08794074033997, "epsilon": 0.20277969228566387, "gamma": 0.11432346620788661}, "datetime": {"datetime": "2021-09-18 14:28:27", "elapsed": 60.617685, "delta": 0.548089}}
{"target": 0.9023736128589788, "params": {"C": 184.28692677756578, "epsilon": 0.10510540664953548, "gamma": 0.10397445123700763}, "datetime": {"datetime": "2021-09-18 14:28:28", "elapsed": 61.233691, "delta": 0.616006}}
{"target": 0.9085978344234553, "params": {"C": 163.34232746770465, "epsilon": 0.6649947116387529, "gamma": 0.08333492804579093}, "datetime": {"datetime": "2021-09-18 14:28:29", "elapsed": 61.801382, "delta": 0.567691}}
{"target": 0.9074594727173082, "params": {"C": 170.31187133200936, "epsilon": 0.5608081411694875, "gamma": 0.07964710699354938}, "datetime": {"datetime": "2021-09-18 14:28:29", "elapsed": 62.479782, "delta": 0.6784}}
{"target": 0.8979811539809607, "params": {"C": 163.3375930973785, "epsilon": 0.6994383463009749, "gamma": 0.05857413686607115}, "datetime": {"datetime": "2021-09-18 14:28:30", "elapsed": 63.116583, "delta": 0.636801}}
{"target": 0.9093441442521899, "params": {"C": 194.62030142708738, "epsilon": 0.7170336528322515, "gamma": 0.08571745455074076}, "datetime": {"datetime": "2021-09-18 14:28:31", "elapsed": 63.783884, "delta": 0.667301}}
{"target": 0.9023201264003388, "params": {"C": 157.90475219740622, "epsilon": 0.6413816859625523, "gamma": 0.06919980039517791}, "datetime": {"datetime": "2021-09-18 14:28:31", "elapsed": 64.321258, "delta": 0.537374}}
{"target": 0.9037815338190598, "params": {"C": 186.36876414880984, "epsilon": 0.13515353947519212, "gamma": 0.09750865924725519}, "datetime": {"datetime": "2021-09-18 14:28:32", "elapsed": 64.894361, "delta": 0.573103}}
{"target": 0.903457460424225, "params": {"C": 114.43803137379105, "epsilon": 0.4556187529938149, "gamma": 0.10907483235022512}, "datetime": {"datetime": "2021-09-18 14:28:32", "elapsed": 65.435449, "delta": 0.541088}}
{"target": 0.9022433382560814, "params": {"C": 171.931354899757, "epsilon": 0.503065194236959, "gamma": 0.1137747915551775}, "datetime": {"datetime": "2021-09-18 14:28:33", "elapsed": 66.150385, "delta": 0.714936}}
{"target": 0.9065054658982695, "params": {"C": 163.33667094625207, "epsilon": 0.6356114114323689, "gamma": 0.09895130319984534}, "datetime": {"datetime": "2021-09-18 14:28:34", "elapsed": 67.012106, "delta": 0.861721}}
{"target": 0.9037048996718207, "params": {"C": 194.64528217650826, "epsilon": 0.6894239021111912, "gamma": 0.11059906488714881}, "datetime": {"datetime": "2021-09-18 14:28:34", "elapsed": 67.684417, "delta": 0.672311}}
{"target": 0.9047582732613404, "params": {"C": 140.0378336948903, "epsilon": 0.23225611726648432, "gamma": 0.09849808922086464}, "datetime": {"datetime": "2021-09-18 14:28:35", "elapsed": 68.250421, "delta": 0.566004}}
{"target": 0.9046723835787824, "params": {"C": 179.55638175893915, "epsilon": 0.19723216544749939, "gamma": 0.07883756258120377}, "datetime": {"datetime": "2021-09-18 14:28:36", "elapsed": 68.851201, "delta": 0.60078}}
{"target": 0.9054364381773065, "params": {"C": 193.27591138508416, "epsilon": 0.5986174170017586, "gamma": 0.1037153344031802}, "datetime": {"datetime": "2021-09-18 14:28:36", "elapsed": 69.4172, "delta": 0.565999}}
{"target": 0.9029893870390989, "params": {"C": 194.86821973667196, "epsilon": 0.5893119603496748, "gamma": 0.065392924350242}, "datetime": {"datetime": "2021-09-18 14:28:37", "elapsed": 70.1449, "delta": 0.7277}}
{"target": 0.9063648654603886, "params": {"C": 194.85325627617928, "epsilon": 0.5684100203781445, "gamma": 0.09947136640190749}, "datetime": {"datetime": "2021-09-18 14:28:38", "elapsed": 70.893662, "delta": 0.748762}}
{"target": 0.9094745898884884, "params": {"C": 194.60133355436847, "epsilon": 0.6889848399352086, "gamma": 0.08526581099094112}, "datetime": {"datetime": "2021-09-18 14:28:38", "elapsed": 71.574552, "delta": 0.68089}}
{"target": 0.8952001282406505, "params": {"C": 111.24963648286725, "epsilon": 0.6018469592707075, "gamma": 0.05868614630584003}, "datetime": {"datetime": "2021-09-18 14:28:39", "elapsed": 72.118766, "delta": 0.544214}}
{"target": 0.9022777480694654, "params": {"C": 163.34009397458226, "epsilon": 0.6394308288994189, "gamma": 0.06801219093258548}, "datetime": {"datetime": "2021-09-18 14:28:40", "elapsed": 73.105474, "delta": 0.986708}}
{"target": 0.9066494744402785, "params": {"C": 194.48950549908062, "epsilon": 0.7477407746237932, "gamma": 0.10106091957921876}, "datetime": {"datetime": "2021-09-18 14:28:41", "elapsed": 73.849433, "delta": 0.743959}}
{"target": 0.9050538287760304, "params": {"C": 140.5079124301744, "epsilon": 0.2662879077817357, "gamma": 0.08631379966476956}, "datetime": {"datetime": "2021-09-18 14:28:41", "elapsed": 74.440542, "delta": 0.591109}}
{"target": 0.9093814577889082, "params": {"C": 194.8749408179951, "epsilon": 0.7521156969370265, "gamma": 0.0857535727808834}, "datetime": {"datetime": "2021-09-18 14:28:42", "elapsed": 75.164726, "delta": 0.724184}}
{"target": 0.9011078006863903, "params": {"C": 163.37866418518956, "epsilon": 0.6479305376918472, "gamma": 0.11986253984870544}, "datetime": {"datetime": "2021-09-18 14:28:43", "elapsed": 75.930614, "delta": 0.765888}}
{"target": 0.9086418230148303, "params": {"C": 195.91691095165743, "epsilon": 0.6364309694673457, "gamma": 0.07646948802604728}, "datetime": {"datetime": "2021-09-18 14:28:43", "elapsed": 76.634214, "delta": 0.7036}}
{"target": 0.8992476204736997, "params": {"C": 194.59261271500372, "epsilon": 0.6813669771579289, "gamma": 0.05788273232009784}, "datetime": {"datetime": "2021-09-18 14:28:44", "elapsed": 77.312286, "delta": 0.678072}}
{"target": 0.8978302194135324, "params": {"C": 139.54657959973582, "epsilon": 0.34608017978411426, "gamma": 0.057114298021074386}, "datetime": {"datetime": "2021-09-18 14:28:45", "elapsed": 77.862169, "delta": 0.549883}}
{"target": 0.9005558255427876, "params": {"C": 121.5366333807801, "epsilon": 0.04806899698655194, "gamma": 0.08314433907238947}, "datetime": {"datetime": "2021-09-18 14:28:45", "elapsed": 78.458685, "delta": 0.596516}}
{"target": 0.9069030424883644, "params": {"C": 194.6487788261474, "epsilon": 0.7293618095717807, "gamma": 0.0713050823806867}, "datetime": {"datetime": "2021-09-18 14:28:46", "elapsed": 79.212838, "delta": 0.754153}}
{"target": 0.908133248749729, "params": {"C": 194.89642473518882, "epsilon": 0.7746402322801849, "gamma": 0.07272224527226767}, "datetime": {"datetime": "2021-09-18 14:28:47", "elapsed": 80.059394, "delta": 0.846556}}
{"target": 0.8912876112093213, "params": {"C": 171.9561522517555, "epsilon": 0.7762246526597585, "gamma": 0.14161971002604679}, "datetime": {"datetime": "2021-09-18 14:28:47", "elapsed": 80.678084, "delta": 0.61869}}
{"target": 0.9038719418394788, "params": {"C": 195.98416132060748, "epsilon": 0.5358941774295046, "gamma": 0.10783284640657861}, "datetime": {"datetime": "2021-09-18 14:28:48", "elapsed": 81.311343, "delta": 0.633259}}
{"target": 0.9095658606579373, "params": {"C": 194.92882977287167, "epsilon": 0.7866230493105092, "gamma": 0.08694101756040076}, "datetime": {"datetime": "2021-09-18 14:28:49", "elapsed": 82.133983, "delta": 0.82264}}
{"target": 0.9086664318564843, "params": {"C": 194.93288056957334, "epsilon": 0.7399134402487614, "gamma": 0.09111245953600408}, "datetime": {"datetime": "2021-09-18 14:28:50", "elapsed": 82.953105, "delta": 0.819122}}
{"target": 0.901831199446476, "params": {"C": 192.31386270658516, "epsilon": 0.05116505770309338, "gamma": 0.09704975560820975}, "datetime": {"datetime": "2021-09-18 14:28:50", "elapsed": 83.572175, "delta": 0.61907}}
{"target": 0.8933059311219251, "params": {"C": 170.30421472679933, "epsilon": 0.5704122917831053, "gamma": 0.13717460680812177}, "datetime": {"datetime": "2021-09-18 14:28:51", "elapsed": 84.431279, "delta": 0.859104}}
{"target": 0.9030751949259116, "params": {"C": 151.75109827083034, "epsilon": 0.1241624808402536, "gamma": 0.10227762685115009}, "datetime": {"datetime": "2021-09-18 14:28:52", "elapsed": 85.024811, "delta": 0.593532}}
{"target": 0.9037064806166559, "params": {"C": 194.89995450655954, "epsilon": 0.6013652160409353, "gamma": 0.10941277454677016}, "datetime": {"datetime": "2021-09-18 14:28:53", "elapsed": 85.746785, "delta": 0.721974}}
{"target": 0.904813768062981, "params": {"C": 171.8374115926366, "epsilon": 0.5236934873868946, "gamma": 0.07371481557527727}, "datetime": {"datetime": "2021-09-18 14:28:53", "elapsed": 86.358924, "delta": 0.612139}}
{"target": 0.9034936939848587, "params": {"C": 170.32370769671755, "epsilon": 0.5303629163251491, "gamma": 0.0704007848086744}, "datetime": {"datetime": "2021-09-18 14:28:54", "elapsed": 87.15064, "delta": 0.791716}}
{"target": 0.9037000339671848, "params": {"C": 151.2629829345386, "epsilon": 0.6994008509588341, "gamma": 0.07251117368146806}, "datetime": {"datetime": "2021-09-18 14:28:55", "elapsed": 88.014294, "delta": 0.863654}}
{"target": 0.8969684867282373, "params": {"C": 170.29656457984595, "epsilon": 0.5780985458944389, "gamma": 0.054995021808222036}, "datetime": {"datetime": "2021-09-18 14:28:56", "elapsed": 88.8403, "delta": 0.826006}}
