{"target": -1.9708589959643363, "params": {"C": 186.45207944216287, "epsilon": 0.15292064387447055, "gamma": 0.03428944197533836}, "datetime": {"datetime": "2021-09-19 09:19:22", "elapsed": 67.095217, "delta": 0.936153}}
{"target": -2.1162565968337512, "params": {"C": 166.87717386524804, "epsilon": 0.047603300436333124, "gamma": 0.08198333701080654}, "datetime": {"datetime": "2021-09-19 09:19:22", "elapsed": 67.91429, "delta": 0.819073}}
{"target": -2.2313897734954358, "params": {"C": 134.78974436431875, "epsilon": 0.2853802865135349, "gamma": 0.10355068456808851}, "datetime": {"datetime": "2021-09-19 09:19:23", "elapsed": 68.652329, "delta": 0.738039}}
{"target": -2.126300892575883, "params": {"C": 126.71290784931037, "epsilon": 0.0830927217248876, "gamma": 0.08304751598712404}, "datetime": {"datetime": "2021-09-19 09:19:24", "elapsed": 69.185289, "delta": 0.53296}}
{"target": -1.9743632419712076, "params": {"C": 175.01335548314785, "epsilon": 0.06971177602994207, "gamma": 0.0574888313555649}, "datetime": {"datetime": "2021-09-19 09:19:24", "elapsed": 69.726286, "delta": 0.540997}}
{"target": -2.1743606864187544, "params": {"C": 191.78166947065841, "epsilon": 0.22306152598272314, "gamma": 0.08982993472413428}, "datetime": {"datetime": "2021-09-19 09:19:25", "elapsed": 70.275289, "delta": 0.549003}}
{"target": -2.039137313786397, "params": {"C": 118.01652290050032, "epsilon": 0.1689503672988725, "gamma": 0.02568708458383391}, "datetime": {"datetime": "2021-09-19 09:19:26", "elapsed": 71.117804, "delta": 0.842515}}
{"target": -2.077947893301352, "params": {"C": 127.58132638589501, "epsilon": 0.08205046934734891, "gamma": 0.022663940715474264}, "datetime": {"datetime": "2021-09-19 09:19:26", "elapsed": 71.863978, "delta": 0.746174}}
{"target": -1.9771064458568606, "params": {"C": 101.27133930050897, "epsilon": 0.008053760898527766, "gamma": 0.07050694242103081}, "datetime": {"datetime": "2021-09-19 09:19:27", "elapsed": 72.831264, "delta": 0.967286}}
{"target": -2.031973223467378, "params": {"C": 91.52733347905996, "epsilon": 0.22429537674701389, "gamma": 0.03129199019759203}, "datetime": {"datetime": "2021-09-19 09:19:28", "elapsed": 73.359327, "delta": 0.528063}}
{"target": -2.0837897765270967, "params": {"C": 144.8617010419312, "epsilon": 0.05690905366468532, "gamma": 0.07587803720239333}, "datetime": {"datetime": "2021-09-19 09:19:29", "elapsed": 74.336755, "delta": 0.977428}}
{"target": -2.0546783785410936, "params": {"C": 186.61044872635765, "epsilon": 0.2964460150473451, "gamma": 0.02}, "datetime": {"datetime": "2021-09-19 09:19:30", "elapsed": 75.158753, "delta": 0.821998}}
{"target": -1.9887788685470422, "params": {"C": 127.28744852576872, "epsilon": 0.09609461092174006, "gamma": 0.06720793956420042}, "datetime": {"datetime": "2021-09-19 09:19:30", "elapsed": 75.718794, "delta": 0.560041}}
{"target": -2.0843992451049704, "params": {"C": 134.82424152866173, "epsilon": 0.2874074404257094, "gamma": 0.02065358070959399}, "datetime": {"datetime": "2021-09-19 09:19:31", "elapsed": 76.406445, "delta": 0.687651}}
{"target": -2.0567948425612057, "params": {"C": 132.78633561739602, "epsilon": 0.002, "gamma": 0.023989992149578504}, "datetime": {"datetime": "2021-09-19 09:19:32", "elapsed": 77.168883, "delta": 0.762438}}
{"target": -2.0303307235533787, "params": {"C": 134.8169485694618, "epsilon": 0.200288562982077, "gamma": 0.0245489036013116}, "datetime": {"datetime": "2021-09-19 09:19:32", "elapsed": 77.879886, "delta": 0.711003}}
{"target": -1.9782306543168673, "params": {"C": 186.66187867349936, "epsilon": 0.24049800291089052, "gamma": 0.02648207491484806}, "datetime": {"datetime": "2021-09-19 09:19:33", "elapsed": 78.585882, "delta": 0.705996}}
{"target": -2.0115528879936515, "params": {"C": 126.1124861774549, "epsilon": 0.12657935073803336, "gamma": 0.0292485874273967}, "datetime": {"datetime": "2021-09-19 09:19:34", "elapsed": 79.146882, "delta": 0.561}}
{"target": -1.9451867200192992, "params": {"C": 104.10032968762012, "epsilon": 0.012723796284605739, "gamma": 0.06308764079410632}, "datetime": {"datetime": "2021-09-19 09:19:34", "elapsed": 79.720883, "delta": 0.574001}}
{"target": -2.098322020786118, "params": {"C": 104.1505288003199, "epsilon": 0.03709662582880008, "gamma": 0.08475251937110383}, "datetime": {"datetime": "2021-09-19 09:19:35", "elapsed": 80.832739, "delta": 1.111856}}
{"target": -2.1585423198693774, "params": {"C": 118.09864970876414, "epsilon": 0.1621974975218289, "gamma": 0.09465487861519202}, "datetime": {"datetime": "2021-09-19 09:19:36", "elapsed": 81.676888, "delta": 0.844149}}
{"target": -2.475957335366339, "params": {"C": 165.72418608547895, "epsilon": 0.29091659806744613, "gamma": 0.13910562303386084}, "datetime": {"datetime": "2021-09-19 09:19:37", "elapsed": 82.265885, "delta": 0.588997}}
{"target": -2.2321539766389744, "params": {"C": 104.07288079069902, "epsilon": 0.027683721865139357, "gamma": 0.11417150020857242}, "datetime": {"datetime": "2021-09-19 09:19:38", "elapsed": 83.401003, "delta": 1.135118}}
{"target": -2.1385140168603267, "params": {"C": 120.24894444668497, "epsilon": 0.20005478737720422, "gamma": 0.08618518980504311}, "datetime": {"datetime": "2021-09-19 09:19:39", "elapsed": 84.173818, "delta": 0.772815}}
{"target": -2.0685604254177905, "params": {"C": 189.43157843099019, "epsilon": 0.06320375422407913, "gamma": 0.02}, "datetime": {"datetime": "2021-09-19 09:19:40", "elapsed": 85.194609, "delta": 1.020791}}
{"target": -2.127561060012165, "params": {"C": 189.4302193623177, "epsilon": 0.009256022504000167, "gamma": 0.08555801814982224}, "datetime": {"datetime": "2021-09-19 09:19:40", "elapsed": 85.997609, "delta": 0.803}}
{"target": -2.1316332936121096, "params": {"C": 99.4712046642284, "epsilon": 0.18880466214076494, "gamma": 0.09040362945120185}, "datetime": {"datetime": "2021-09-19 09:19:41", "elapsed": 86.852887, "delta": 0.855278}}
{"target": -2.031679225563916, "params": {"C": 144.9253417707285, "epsilon": 0.02664033834153301, "gamma": 0.025824108691776534}, "datetime": {"datetime": "2021-09-19 09:19:42", "elapsed": 87.619834, "delta": 0.766947}}
{"target": -2.1031459318445807, "params": {"C": 104.10963507874611, "epsilon": 0.023979201172245973, "gamma": 0.0235583101241164}, "datetime": {"datetime": "2021-09-19 09:19:43", "elapsed": 88.540833, "delta": 0.920999}}
{"target": -1.9806743278939096, "params": {"C": 189.351527304898, "epsilon": 0.0780942574824861, "gamma": 0.051085616850705444}, "datetime": {"datetime": "2021-09-19 09:19:44", "elapsed": 89.372824, "delta": 0.831991}}
{"target": -2.225465735799817, "params": {"C": 193.27216886364752, "epsilon": 0.2542764433005202, "gamma": 0.09595866699805523}, "datetime": {"datetime": "2021-09-19 09:19:45", "elapsed": 90.080822, "delta": 0.707998}}
{"target": -1.9906515393346735, "params": {"C": 166.88103024900613, "epsilon": 0.14261367704924935, "gamma": 0.06048076715480946}, "datetime": {"datetime": "2021-09-19 09:19:45", "elapsed": 90.951408, "delta": 0.870586}}
{"target": -1.9733804481248236, "params": {"C": 166.81620668743707, "epsilon": 0.11663668924415803, "gamma": 0.05081366215637438}, "datetime": {"datetime": "2021-09-19 09:19:46", "elapsed": 91.706189, "delta": 0.754781}}
{"target": -2.028189936772796, "params": {"C": 144.9264573781834, "epsilon": 0.110211953450595, "gamma": 0.02459596260225525}, "datetime": {"datetime": "2021-09-19 09:19:47", "elapsed": 92.778934, "delta": 1.072745}}
{"target": -2.043756235599409, "params": {"C": 134.70257882994784, "epsilon": 0.2624233462056335, "gamma": 0.02350187862429876}, "datetime": {"datetime": "2021-09-19 09:19:48", "elapsed": 93.643067, "delta": 0.864133}}
{"target": -2.10906088206373, "params": {"C": 107.89894965084152, "epsilon": 0.03139411092885862, "gamma": 0.08522869275059393}, "datetime": {"datetime": "2021-09-19 09:19:49", "elapsed": 94.256018, "delta": 0.612951}}
{"target": -2.033956247497974, "params": {"C": 118.0511634574353, "epsilon": 0.22828934369799112, "gamma": 0.02680578204133558}, "datetime": {"datetime": "2021-09-19 09:19:49", "elapsed": 95.068513, "delta": 0.812495}}
{"target": -2.082869187181757, "params": {"C": 101.25786977213525, "epsilon": 0.019790782614657845, "gamma": 0.025274993470869846}, "datetime": {"datetime": "2021-09-19 09:19:50", "elapsed": 95.887431, "delta": 0.818918}}
{"target": -2.318993715659596, "params": {"C": 117.51015760865253, "epsilon": 0.07186408634802305, "gamma": 0.12599978520124197}, "datetime": {"datetime": "2021-09-19 09:19:51", "elapsed": 96.481179, "delta": 0.593748}}
{"target": -2.0730084539216103, "params": {"C": 118.09334191218316, "epsilon": 0.1812112887242233, "gamma": 0.023127618645351265}, "datetime": {"datetime": "2021-09-19 09:19:52", "elapsed": 97.558642, "delta": 1.077463}}
{"target": -2.0924756193396443, "params": {"C": 186.4683809804813, "epsilon": 0.17527970296881942, "gamma": 0.07299391839938014}, "datetime": {"datetime": "2021-09-19 09:19:53", "elapsed": 98.543057, "delta": 0.984415}}
{"target": -2.1275238018736853, "params": {"C": 101.22670360761273, "epsilon": 0.0075189584774736605, "gamma": 0.0891251199660917}, "datetime": {"datetime": "2021-09-19 09:19:54", "elapsed": 99.365248, "delta": 0.822191}}
{"target": -2.2600702730317623, "params": {"C": 166.8182822233522, "epsilon": 0.1132180036192649, "gamma": 0.1071578722601816}, "datetime": {"datetime": "2021-09-19 09:19:55", "elapsed": 100.297359, "delta": 0.932111}}
{"target": -2.115459153788231, "params": {"C": 120.18865353066882, "epsilon": 0.1867968847438501, "gamma": 0.02}, "datetime": {"datetime": "2021-09-19 09:19:56", "elapsed": 101.141153, "delta": 0.843794}}
{"target": -1.9587262994523722, "params": {"C": 105.48195354193543, "epsilon": 0.010813896168317488, "gamma": 0.04279105376191988}, "datetime": {"datetime": "2021-09-19 09:19:57", "elapsed": 102.187202, "delta": 1.046049}}
{"target": -2.0374675048469393, "params": {"C": 186.46390220655925, "epsilon": 0.23111338209949833, "gamma": 0.020693253621100707}, "datetime": {"datetime": "2021-09-19 09:19:57", "elapsed": 103.062202, "delta": 0.875}}
{"target": -2.0306479402084143, "params": {"C": 103.98752230850407, "epsilon": 0.021374723325455716, "gamma": 0.07685314973261746}, "datetime": {"datetime": "2021-09-19 09:19:58", "elapsed": 103.738884, "delta": 0.676682}}
{"target": -1.995267914087504, "params": {"C": 118.13455298470892, "epsilon": 0.21783020146072082, "gamma": 0.03378345777970908}, "datetime": {"datetime": "2021-09-19 09:19:59", "elapsed": 104.621976, "delta": 0.883092}}
{"target": -1.9937457398105214, "params": {"C": 186.39001520647943, "epsilon": 0.15481829563638444, "gamma": 0.025609732778318503}, "datetime": {"datetime": "2021-09-19 09:20:00", "elapsed": 105.611067, "delta": 0.989091}}
{"target": -2.017232475315823, "params": {"C": 97.71038140820846, "epsilon": 0.29250411090478834, "gamma": 0.07259629375082619}, "datetime": {"datetime": "2021-09-19 09:20:01", "elapsed": 106.220444, "delta": 0.609377}}
{"target": -2.175396805479486, "params": {"C": 118.59590619076005, "epsilon": 0.06632790437365386, "gamma": 0.09991975208298909}, "datetime": {"datetime": "2021-09-19 09:20:01", "elapsed": 106.90794, "delta": 0.687496}}
{"target": -2.120358762430034, "params": {"C": 132.94501438731854, "epsilon": 0.002, "gamma": 0.02}, "datetime": {"datetime": "2021-09-19 09:20:02", "elapsed": 107.860338, "delta": 0.952398}}
{"target": -2.0305021673276533, "params": {"C": 193.2365701761945, "epsilon": 0.24071736899189444, "gamma": 0.021100707271473}, "datetime": {"datetime": "2021-09-19 09:20:03", "elapsed": 108.751006, "delta": 0.890668}}
{"target": -2.018556689875664, "params": {"C": 95.60111047937816, "epsilon": 0.09200049975370282, "gamma": 0.03310984927578392}, "datetime": {"datetime": "2021-09-19 09:20:04", "elapsed": 109.370529, "delta": 0.619523}}
{"target": -2.0774604314765517, "params": {"C": 134.76038576871866, "epsilon": 0.2625989164292403, "gamma": 0.021173370192771906}, "datetime": {"datetime": "2021-09-19 09:20:05", "elapsed": 110.375196, "delta": 1.004667}}
{"target": -1.9530174176823902, "params": {"C": 101.32410338832004, "epsilon": 0.08598775197822059, "gamma": 0.04674367346480501}, "datetime": {"datetime": "2021-09-19 09:20:06", "elapsed": 111.526187, "delta": 1.150991}}
{"target": -1.959400140601059, "params": {"C": 166.82374186135974, "epsilon": 0.15736457304542406, "gamma": 0.038407040331641565}, "datetime": {"datetime": "2021-09-19 09:20:07", "elapsed": 112.437053, "delta": 0.910866}}
{"target": -2.1342611177266004, "params": {"C": 107.55766607552988, "epsilon": 0.27219144778854787, "gamma": 0.0873674928513831}, "datetime": {"datetime": "2021-09-19 09:20:08", "elapsed": 113.093264, "delta": 0.656211}}
{"target": -2.4195598077675413, "params": {"C": 172.56205049081564, "epsilon": 0.17567972170033755, "gamma": 0.12787835453947802}, "datetime": {"datetime": "2021-09-19 09:20:08", "elapsed": 113.770094, "delta": 0.67683}}
{"target": -1.9636837227605572, "params": {"C": 166.87836359525758, "epsilon": 0.18742119331780766, "gamma": 0.032177502739746774}, "datetime": {"datetime": "2021-09-19 09:20:09", "elapsed": 114.780363, "delta": 1.010269}}
{"target": -2.0094503854401196, "params": {"C": 118.04198134575233, "epsilon": 0.10066336577713117, "gamma": 0.031072074397179357}, "datetime": {"datetime": "2021-09-19 09:20:10", "elapsed": 115.659999, "delta": 0.879636}}
{"target": -2.010243445611831, "params": {"C": 166.84411313145515, "epsilon": 0.2045967516630677, "gamma": 0.06389370325797898}, "datetime": {"datetime": "2021-09-19 09:20:11", "elapsed": 116.628746, "delta": 0.968747}}
{"target": -2.011198738909568, "params": {"C": 101.13610125268808, "epsilon": 0.12634958482037328, "gamma": 0.0727507848957238}, "datetime": {"datetime": "2021-09-19 09:20:12", "elapsed": 117.49275, "delta": 0.864004}}
{"target": -2.047248938699711, "params": {"C": 117.97291400831183, "epsilon": 0.2276078772424953, "gamma": 0.02477946559727045}, "datetime": {"datetime": "2021-09-19 09:20:13", "elapsed": 118.909251, "delta": 1.416501}}
{"target": -1.9704451168005022, "params": {"C": 127.5974587483114, "epsilon": 0.06808794795764299, "gamma": 0.03801068709087295}, "datetime": {"datetime": "2021-09-19 09:20:14", "elapsed": 119.616211, "delta": 0.70696}}
{"target": -2.3171695553125926, "params": {"C": 112.6465893279883, "epsilon": 0.18742188924456488, "gamma": 0.12448692549566259}, "datetime": {"datetime": "2021-09-19 09:20:15", "elapsed": 120.272501, "delta": 0.65629}}
{"target": -1.9656948169857054, "params": {"C": 175.01165358187478, "epsilon": 0.12492447449654755, "gamma": 0.036761723894161755}, "datetime": {"datetime": "2021-09-19 09:20:16", "elapsed": 121.59519, "delta": 1.322689}}
{"target": -1.9613172836225743, "params": {"C": 174.96765499080124, "epsilon": 0.09463310796222746, "gamma": 0.03823494714789757}, "datetime": {"datetime": "2021-09-19 09:20:17", "elapsed": 122.718443, "delta": 1.123253}}
{"target": -2.097809217161858, "params": {"C": 174.95971418781127, "epsilon": 0.052878542303195136, "gamma": 0.07597876663262386}, "datetime": {"datetime": "2021-09-19 09:20:18", "elapsed": 123.684402, "delta": 0.965959}}
{"target": -2.0218287518445353, "params": {"C": 94.45659529659763, "epsilon": 0.1557156705518112, "gamma": 0.07585217844199572}, "datetime": {"datetime": "2021-09-19 09:20:19", "elapsed": 124.382485, "delta": 0.698083}}
{"target": -2.240653859507961, "params": {"C": 174.97742210517208, "epsilon": 0.13363310459760566, "gamma": 0.10293866824832636}, "datetime": {"datetime": "2021-09-19 09:20:20", "elapsed": 125.415483, "delta": 1.032998}}
{"target": -2.288097378053189, "params": {"C": 102.87807542470075, "epsilon": 0.2332796695322841, "gamma": 0.11985839937686628}, "datetime": {"datetime": "2021-09-19 09:20:21", "elapsed": 126.11348, "delta": 0.697997}}
{"target": -2.0744773682762006, "params": {"C": 175.00768993942307, "epsilon": 0.08302406861918236, "gamma": 0.02}, "datetime": {"datetime": "2021-09-19 09:20:22", "elapsed": 127.33948, "delta": 1.226}}
{"target": -2.0272243612336833, "params": {"C": 99.43681976280968, "epsilon": 0.1451635503603382, "gamma": 0.03082774100689327}, "datetime": {"datetime": "2021-09-19 09:20:23", "elapsed": 128.435422, "delta": 1.095942}}
{"target": -1.9701116321011138, "params": {"C": 189.33591428949345, "epsilon": 0.02936504881443376, "gamma": 0.037045447112847414}, "datetime": {"datetime": "2021-09-19 09:20:24", "elapsed": 129.49711, "delta": 1.061688}}
{"target": -2.2261721974421946, "params": {"C": 115.45746339196182, "epsilon": 0.09651183755539396, "gamma": 0.10901118676823911}, "datetime": {"datetime": "2021-09-19 09:20:25", "elapsed": 130.203072, "delta": 0.705962}}
{"target": -2.452566641680157, "params": {"C": 149.9967480115187, "epsilon": 0.13896157179845614, "gamma": 0.14047786785173824}, "datetime": {"datetime": "2021-09-19 09:20:25", "elapsed": 130.954532, "delta": 0.75146}}
{"target": -2.11439396438479, "params": {"C": 189.29373469228196, "epsilon": 0.04330742392906969, "gamma": 0.08284143960079475}, "datetime": {"datetime": "2021-09-19 09:20:27", "elapsed": 132.105036, "delta": 1.150504}}
{"target": -2.0680741454551326, "params": {"C": 166.8755016403789, "epsilon": 0.1468912717123276, "gamma": 0.02039813205303431}, "datetime": {"datetime": "2021-09-19 09:20:28", "elapsed": 133.257076, "delta": 1.15204}}
{"target": -2.04005503386285, "params": {"C": 132.91199477453966, "epsilon": 0.08224744430381663, "gamma": 0.024895546833522797}, "datetime": {"datetime": "2021-09-19 09:20:29", "elapsed": 134.716077, "delta": 1.459001}}
{"target": -1.9911753996746346, "params": {"C": 166.9164042035879, "epsilon": 0.1907691646571641, "gamma": 0.05574531115071518}, "datetime": {"datetime": "2021-09-19 09:20:30", "elapsed": 135.819035, "delta": 1.102958}}
{"target": -2.3179174499105764, "params": {"C": 104.66522049912017, "epsilon": 0.24411170365576282, "gamma": 0.1245489373765503}, "datetime": {"datetime": "2021-09-19 09:20:31", "elapsed": 136.558075, "delta": 0.73904}}
{"target": -1.9881984489725917, "params": {"C": 193.26985128239883, "epsilon": 0.10586826661693728, "gamma": 0.05811937593675437}, "datetime": {"datetime": "2021-09-19 09:20:32", "elapsed": 137.764464, "delta": 1.206389}}
{"target": -1.9709974970256945, "params": {"C": 112.42893396591961, "epsilon": 0.27139268949405027, "gamma": 0.03915708200181778}, "datetime": {"datetime": "2021-09-19 09:20:33", "elapsed": 138.507429, "delta": 0.742965}}
{"target": -2.262834830154108, "params": {"C": 193.25318428088633, "epsilon": 0.061715346514841514, "gamma": 0.10472841729175507}, "datetime": {"datetime": "2021-09-19 09:20:34", "elapsed": 139.782429, "delta": 1.275}}
{"target": -2.0139828919689484, "params": {"C": 166.79771521842977, "epsilon": 0.08030821702193917, "gamma": 0.025569134381376438}, "datetime": {"datetime": "2021-09-19 09:20:36", "elapsed": 141.085429, "delta": 1.303}}
{"target": -2.078204581662719, "params": {"C": 193.334499207678, "epsilon": 0.08600019457950667, "gamma": 0.06851070716581466}, "datetime": {"datetime": "2021-09-19 09:20:37", "elapsed": 142.28543, "delta": 1.200001}}
{"target": -1.9656289342828248, "params": {"C": 197.85619975525802, "epsilon": 0.14326577534277352, "gamma": 0.03591640316278761}, "datetime": {"datetime": "2021-09-19 09:20:37", "elapsed": 143.064213, "delta": 0.778783}}
{"target": -2.1188953847455934, "params": {"C": 112.39549897685761, "epsilon": 0.23284294422555887, "gamma": 0.02}, "datetime": {"datetime": "2021-09-19 09:20:39", "elapsed": 144.262257, "delta": 1.198044}}
{"target": -2.152968107102505, "params": {"C": 197.87443174638716, "epsilon": 0.15694577649742922, "gamma": 0.0872073083586936}, "datetime": {"datetime": "2021-09-19 09:20:40", "elapsed": 145.475369, "delta": 1.213112}}
{"target": -1.9799850641351149, "params": {"C": 193.27818757042508, "epsilon": 0.07446835597330503, "gamma": 0.02950898781556046}, "datetime": {"datetime": "2021-09-19 09:20:41", "elapsed": 146.970666, "delta": 1.495297}}
{"target": -2.047906133051274, "params": {"C": 127.64088864648906, "epsilon": 0.059606653530718964, "gamma": 0.0246918006205358}, "datetime": {"datetime": "2021-09-19 09:20:42", "elapsed": 148.036661, "delta": 1.065995}}
{"target": -2.099657796045137, "params": {"C": 175.06043549862974, "epsilon": 0.05620775636190803, "gamma": 0.07640280803544552}, "datetime": {"datetime": "2021-09-19 09:20:44", "elapsed": 149.515662, "delta": 1.479001}}
{"target": -2.0962422385504005, "params": {"C": 186.53084599166934, "epsilon": 0.24219611096971724, "gamma": 0.07214644058181073}, "datetime": {"datetime": "2021-09-19 09:20:45", "elapsed": 150.633656, "delta": 1.117994}}
{"target": -1.9609404590650412, "params": {"C": 193.30409504408118, "epsilon": 0.19051312874367435, "gamma": 0.03435231232237851}, "datetime": {"datetime": "2021-09-19 09:20:46", "elapsed": 151.974196, "delta": 1.34054}}
{"target": -2.0463820700272835, "params": {"C": 118.10440636624014, "epsilon": 0.23800604303392278, "gamma": 0.074459459023749}, "datetime": {"datetime": "2021-09-19 09:20:48", "elapsed": 153.168298, "delta": 1.194102}}
{"target": -1.9799988023742714, "params": {"C": 166.88943593741342, "epsilon": 0.2314886453499217, "gamma": 0.05109455309417624}, "datetime": {"datetime": "2021-09-19 09:20:49", "elapsed": 154.437066, "delta": 1.268768}}
{"target": -1.9818081601494784, "params": {"C": 193.24714302059925, "epsilon": 0.16504541329202427, "gamma": 0.048793731616871575}, "datetime": {"datetime": "2021-09-19 09:20:50", "elapsed": 155.953781, "delta": 1.516715}}
{"target": -2.076205489624372, "params": {"C": 127.65179344259057, "epsilon": 0.110062186954904, "gamma": 0.07761848758170664}, "datetime": {"datetime": "2021-09-19 09:20:52", "elapsed": 157.094549, "delta": 1.140768}}
{"target": -1.9530632628116924, "params": {"C": 198.83169190019865, "epsilon": 0.28036585868437025, "gamma": 0.02717759673278336}, "datetime": {"datetime": "2021-09-19 09:20:52", "elapsed": 157.89295, "delta": 0.798401}}
