{"target": -12.86000366711821, "params": {"C": 98.01343686876962, "epsilon": 0.5455965316126665, "gamma": 0.0025282729196399395}, "datetime": {"datetime": "2021-09-27 18:02:27", "elapsed": 227.742982, "delta": 2.128248}}
{"target": -14.579113564909129, "params": {"C": 97.63418968438756, "epsilon": 0.31784818281254135, "gamma": 0.0010020753987004035}, "datetime": {"datetime": "2021-09-27 18:02:29", "elapsed": 229.399359, "delta": 1.656377}}
{"target": -12.542307586087583, "params": {"C": 97.59740172596756, "epsilon": 0.28088911913542364, "gamma": 0.1394294190460798}, "datetime": {"datetime": "2021-09-27 18:02:31", "elapsed": 231.249661, "delta": 1.850302}}
{"target": -11.286287040003815, "params": {"C": 67.6101910595042, "epsilon": 0.25184345262339997, "gamma": 0.10160811568618956}, "datetime": {"datetime": "2021-09-27 18:02:32", "elapsed": 232.303672, "delta": 1.054011}}
{"target": -10.424789961142272, "params": {"C": 42.02091813247464, "epsilon": 0.3729532653814029, "gamma": 0.039155290482647986}, "datetime": {"datetime": "2021-09-27 18:02:34", "elapsed": 234.054539, "delta": 1.750867}}
{"target": -12.315571200636196, "params": {"C": 19.805426481588444, "epsilon": 0.3812529604944427, "gamma": 0.17878961544467048}, "datetime": {"datetime": "2021-09-27 18:02:35", "elapsed": 235.140726, "delta": 1.086187}}
{"target": -14.162395760947968, "params": {"C": 36.447779151662004, "epsilon": 0.8237724238616783, "gamma": 0.3218415736483499}, "datetime": {"datetime": "2021-09-27 18:02:36", "elapsed": 236.112726, "delta": 0.972}}
{"target": -10.704754719237904, "params": {"C": 64.13021112078928, "epsilon": 0.10408036316070414, "gamma": 0.040294961907371744}, "datetime": {"datetime": "2021-09-27 18:02:37", "elapsed": 237.09312, "delta": 0.980394}}
{"target": -11.882700004243626, "params": {"C": 42.044617697555545, "epsilon": 0.3663985731686407, "gamma": 0.14459673222720779}, "datetime": {"datetime": "2021-09-27 18:02:38", "elapsed": 238.847122, "delta": 1.754002}}
{"target": -10.951468288939118, "params": {"C": 41.9868373084187, "epsilon": 0.266217430314346, "gamma": 0.02469444187991742}, "datetime": {"datetime": "2021-09-27 18:02:40", "elapsed": 240.729496, "delta": 1.882374}}
{"target": -10.837029765193167, "params": {"C": 42.08612792274676, "epsilon": 0.3032659806179803, "gamma": 0.028896954755684157}, "datetime": {"datetime": "2021-09-27 18:02:42", "elapsed": 242.792541, "delta": 2.063045}}
{"target": -10.473823068228128, "params": {"C": 33.71753671012147, "epsilon": 0.32756791381662725, "gamma": 0.041814144659166885}, "datetime": {"datetime": "2021-09-27 18:02:45", "elapsed": 245.010041, "delta": 2.2175}}
{"target": -11.890930574882393, "params": {"C": 90.46147708089941, "epsilon": 0.07671352178725709, "gamma": 0.1194758349279279}, "datetime": {"datetime": "2021-09-27 18:02:47", "elapsed": 247.228172, "delta": 2.218131}}
{"target": -10.59413125075725, "params": {"C": 33.72701676372942, "epsilon": 0.40782276527886246, "gamma": 0.07466722848391412}, "datetime": {"datetime": "2021-09-27 18:02:49", "elapsed": 249.285815, "delta": 2.057643}}
{"target": -15.342781498423896, "params": {"C": 74.39135950143968, "epsilon": 0.909173131485909, "gamma": 0.3973904960487243}, "datetime": {"datetime": "2021-09-27 18:02:50", "elapsed": 250.612817, "delta": 1.327002}}
{"target": -13.988623948970105, "params": {"C": 92.60055759804199, "epsilon": 0.7770586175155751, "gamma": 0.2423343216566553}, "datetime": {"datetime": "2021-09-27 18:02:52", "elapsed": 252.593414, "delta": 1.980597}}
{"target": -11.580428431063169, "params": {"C": 20.82849727219087, "epsilon": 0.7191864174186741, "gamma": 0.11607180176074852}, "datetime": {"datetime": "2021-09-27 18:02:53", "elapsed": 253.758415, "delta": 1.165001}}
{"target": -14.464679311336548, "params": {"C": 43.509535914986344, "epsilon": 0.7799537400300924, "gamma": 0.3618045491426429}, "datetime": {"datetime": "2021-09-27 18:02:55", "elapsed": 255.381502, "delta": 1.623087}}
{"target": -10.31472605550196, "params": {"C": 41.956591826980976, "epsilon": 0.3577874303183498, "gamma": 0.04317755060793579}, "datetime": {"datetime": "2021-09-27 18:02:58", "elapsed": 258.366733, "delta": 2.985231}}
{"target": -10.831041045429869, "params": {"C": 90.37458990717737, "epsilon": 0.15007177122727786, "gamma": 0.035536623230776304}, "datetime": {"datetime": "2021-09-27 18:03:00", "elapsed": 260.915826, "delta": 2.549093}}
{"target": -10.267705182107397, "params": {"C": 41.852726263558985, "epsilon": 0.46904891715267855, "gamma": 0.04360558585138447}, "datetime": {"datetime": "2021-09-27 18:03:03", "elapsed": 263.695931, "delta": 2.780105}}
{"target": -12.892826718966576, "params": {"C": 6.77213412119247, "epsilon": 0.46064996209650144, "gamma": 0.17025769500454904}, "datetime": {"datetime": "2021-09-27 18:03:05", "elapsed": 264.940534, "delta": 1.244603}}
{"target": -12.579845955265565, "params": {"C": 97.49018093713748, "epsilon": 0.30449286896267846, "gamma": 0.0026943802876574635}, "datetime": {"datetime": "2021-09-27 18:03:07", "elapsed": 267.023769, "delta": 2.083235}}
{"target": -11.151981628631475, "params": {"C": 33.65721304033407, "epsilon": 0.23590754334084588, "gamma": 0.015071649887249686}, "datetime": {"datetime": "2021-09-27 18:03:09", "elapsed": 269.274121, "delta": 2.250352}}
{"target": -12.019867797447489, "params": {"C": 97.09788969491906, "epsilon": 0.8407983112425683, "gamma": 0.1221090675185842}, "datetime": {"datetime": "2021-09-27 18:03:10", "elapsed": 270.729123, "delta": 1.455002}}
{"target": -10.726157161170692, "params": {"C": 42.11886794204234, "epsilon": 0.39841413392495373, "gamma": 0.03116135184794675}, "datetime": {"datetime": "2021-09-27 18:03:13", "elapsed": 273.425331, "delta": 2.696208}}
{"target": -10.999953769699115, "params": {"C": 41.92772792599743, "epsilon": 0.49898764942909785, "gamma": 0.022004908554708474}, "datetime": {"datetime": "2021-09-27 18:03:16", "elapsed": 276.314504, "delta": 2.889173}}
{"target": -11.85527326087298, "params": {"C": 33.72388467121438, "epsilon": 0.36317156102354603, "gamma": 0.14935924256396788}, "datetime": {"datetime": "2021-09-27 18:03:19", "elapsed": 279.177014, "delta": 2.86251}}
{"target": -10.085300422946538, "params": {"C": 97.59650826728715, "epsilon": 0.21247092694928724, "gamma": 0.05587631796776466}, "datetime": {"datetime": "2021-09-27 18:03:22", "elapsed": 282.49747, "delta": 3.320456}}
{"target": -11.240357272570833, "params": {"C": 28.147480798517822, "epsilon": 0.7295510101352074, "gamma": 0.09890008144693817}, "datetime": {"datetime": "2021-09-27 18:03:25", "elapsed": 285.049456, "delta": 2.551986}}
{"target": -14.981689882077227, "params": {"C": 41.84970070605237, "epsilon": 0.3941136928354856, "gamma": 0.0010602213985342998}, "datetime": {"datetime": "2021-09-27 18:03:27", "elapsed": 287.207344, "delta": 2.157888}}
{"target": -14.21848265123723, "params": {"C": 49.444551633534374, "epsilon": 0.8679686492787034, "gamma": 0.31351265521084243}, "datetime": {"datetime": "2021-09-27 18:03:28", "elapsed": 288.537337, "delta": 1.329993}}
{"target": -10.700778968554681, "params": {"C": 41.82695441779492, "epsilon": 0.47566694383391295, "gamma": 0.08784938599529377}, "datetime": {"datetime": "2021-09-27 18:03:31", "elapsed": 291.468452, "delta": 2.931115}}
{"target": -11.659727594032217, "params": {"C": 78.81249271541236, "epsilon": 0.9460065478687404, "gamma": 0.11309072300355222}, "datetime": {"datetime": "2021-09-27 18:03:32", "elapsed": 292.898452, "delta": 1.43}}
{"target": -10.89437761624746, "params": {"C": 41.834919673126464, "epsilon": 0.5360959899031618, "gamma": 0.026189106037234455}, "datetime": {"datetime": "2021-09-27 18:03:35", "elapsed": 295.288981, "delta": 2.390529}}
{"target": -13.844686252330145, "params": {"C": 87.89928912222254, "epsilon": 0.23341968254099027, "gamma": 0.24575367414858013}, "datetime": {"datetime": "2021-09-27 18:03:36", "elapsed": 296.67398, "delta": 1.384999}}
{"target": -14.161039326216901, "params": {"C": 38.99701849027541, "epsilon": 0.27602160399218195, "gamma": 0.3748434821546142}, "datetime": {"datetime": "2021-09-27 18:03:38", "elapsed": 298.097236, "delta": 1.423256}}
{"target": -10.800611831056269, "params": {"C": 97.58496578617277, "epsilon": 0.13796444032527977, "gamma": 0.07955353830873184}, "datetime": {"datetime": "2021-09-27 18:03:40", "elapsed": 300.450741, "delta": 2.353505}}
{"target": -11.266311686692756, "params": {"C": 76.99756462689707, "epsilon": 0.2848221628425052, "gamma": 0.01341231099195836}, "datetime": {"datetime": "2021-09-27 18:03:41", "elapsed": 301.840896, "delta": 1.390155}}
{"target": -10.622130825001083, "params": {"C": 41.91909523023593, "epsilon": 0.5124930011062931, "gamma": 0.07664761114411052}, "datetime": {"datetime": "2021-09-27 18:03:44", "elapsed": 304.381527, "delta": 2.540631}}
{"target": -14.219754180834787, "params": {"C": 38.879510935676834, "epsilon": 0.07766803651531234, "gamma": 0.3957474352544251}, "datetime": {"datetime": "2021-09-27 18:03:45", "elapsed": 305.762733, "delta": 1.381206}}
{"target": -14.103021799558075, "params": {"C": 30.431910622998654, "epsilon": 0.06270012015030482, "gamma": 0.39076561647936775}, "datetime": {"datetime": "2021-09-27 18:03:47", "elapsed": 307.110736, "delta": 1.348003}}
{"target": -13.54797880915919, "params": {"C": 74.60513883720715, "epsilon": 0.6472965747916974, "gamma": 0.2285434124077837}, "datetime": {"datetime": "2021-09-27 18:03:48", "elapsed": 308.734882, "delta": 1.624146}}
{"target": -10.820711355743702, "params": {"C": 41.84307203894927, "epsilon": 0.29350193977875644, "gamma": 0.0989115010358769}, "datetime": {"datetime": "2021-09-27 18:03:51", "elapsed": 311.003715, "delta": 2.268833}}
{"target": -11.589753630320136, "params": {"C": 60.10302793289609, "epsilon": 0.308508398463103, "gamma": 0.1147972583620961}, "datetime": {"datetime": "2021-09-27 18:03:52", "elapsed": 312.516893, "delta": 1.513178}}
{"target": -12.756666897817196, "params": {"C": 9.862448819102047, "epsilon": 0.23250752979789413, "gamma": 0.19615662331480985}, "datetime": {"datetime": "2021-09-27 18:03:53", "elapsed": 313.812129, "delta": 1.295236}}
{"target": -10.916644616382095, "params": {"C": 42.06977130508093, "epsilon": 0.457987113983478, "gamma": 0.02419230432357721}, "datetime": {"datetime": "2021-09-27 18:03:56", "elapsed": 316.319108, "delta": 2.506979}}
{"target": -13.007826806351572, "params": {"C": 16.38240627446633, "epsilon": 0.4535867759017899, "gamma": 0.2663401942779343}, "datetime": {"datetime": "2021-09-27 18:03:57", "elapsed": 317.810339, "delta": 1.491231}}
{"target": -13.171126371692784, "params": {"C": 98.80313472661194, "epsilon": 0.881139964618645, "gamma": 0.17175994107549641}, "datetime": {"datetime": "2021-09-27 18:03:59", "elapsed": 319.496213, "delta": 1.685874}}
{"target": -11.313090931615012, "params": {"C": 31.94121134797392, "epsilon": 0.8779014048384, "gamma": 0.11269193175554966}, "datetime": {"datetime": "2021-09-27 18:04:02", "elapsed": 322.246029, "delta": 2.749816}}
{"target": -11.174258067758638, "params": {"C": 90.65980533838469, "epsilon": 0.02533274854979024, "gamma": 0.09311970267941952}, "datetime": {"datetime": "2021-09-27 18:04:06", "elapsed": 326.188075, "delta": 3.942046}}
{"target": -11.356251315367558, "params": {"C": 97.54325856848881, "epsilon": 0.174567778341017, "gamma": 0.009653204861375914}, "datetime": {"datetime": "2021-09-27 18:04:09", "elapsed": 329.451698, "delta": 3.263623}}
{"target": -11.547815049734492, "params": {"C": 97.53189027978466, "epsilon": 0.2102414834440081, "gamma": 0.10677509805100992}, "datetime": {"datetime": "2021-09-27 18:04:13", "elapsed": 333.502294, "delta": 4.050596}}
{"target": -14.188825645649104, "params": {"C": 68.17039725807146, "epsilon": 0.5096545912500751, "gamma": 0.3231261804580967}, "datetime": {"datetime": "2021-09-27 18:04:14", "elapsed": 334.908924, "delta": 1.40663}}
{"target": -11.014319447275556, "params": {"C": 86.44251083125846, "epsilon": 0.5852213570095292, "gamma": 0.08496201874647516}, "datetime": {"datetime": "2021-09-27 18:04:16", "elapsed": 336.369113, "delta": 1.460189}}
{"target": -10.076810048202454, "params": {"C": 97.67691611794191, "epsilon": 0.1383730710028047, "gamma": 0.05698888115267629}, "datetime": {"datetime": "2021-09-27 18:04:19", "elapsed": 339.084637, "delta": 2.715524}}
{"target": -10.20062671391874, "params": {"C": 64.12713290626182, "epsilon": 0.18634506236867301, "gamma": 0.07008624797603286}, "datetime": {"datetime": "2021-09-27 18:04:22", "elapsed": 342.327817, "delta": 3.24318}}
{"target": -13.079478028685958, "params": {"C": 87.6025967253274, "epsilon": 0.6317765230793573, "gamma": 0.17720149004964342}, "datetime": {"datetime": "2021-09-27 18:04:24", "elapsed": 344.519398, "delta": 2.191581}}
{"target": -12.734055343010162, "params": {"C": 97.69274079463622, "epsilon": 0.07458444070957584, "gamma": 0.002551683127358652}, "datetime": {"datetime": "2021-09-27 18:04:27", "elapsed": 347.367398, "delta": 2.848}}
{"target": -11.280160489331752, "params": {"C": 8.797699582901108, "epsilon": 0.3839660620762601, "gamma": 0.032465507183891865}, "datetime": {"datetime": "2021-09-27 18:04:29", "elapsed": 349.01472, "delta": 1.647322}}
{"target": -11.537273665244484, "params": {"C": 97.66286724177142, "epsilon": 0.17639155262085215, "gamma": 0.10612018369529445}, "datetime": {"datetime": "2021-09-27 18:04:31", "elapsed": 351.350426, "delta": 2.335706}}
{"target": -15.15620808566249, "params": {"C": 33.751075261352696, "epsilon": 0.3898301166884785, "gamma": 0.001}, "datetime": {"datetime": "2021-09-27 18:04:35", "elapsed": 355.060449, "delta": 3.710023}}
{"target": -13.525912541592056, "params": {"C": 34.497296486146986, "epsilon": 0.7649636166131488, "gamma": 0.2589825224254247}, "datetime": {"datetime": "2021-09-27 18:04:36", "elapsed": 356.508768, "delta": 1.448319}}
{"target": -12.98334004571544, "params": {"C": 20.08494420480387, "epsilon": 0.7159742421799609, "gamma": 0.2674197250053239}, "datetime": {"datetime": "2021-09-27 18:04:38", "elapsed": 357.962638, "delta": 1.45387}}
{"target": -11.727452603359078, "params": {"C": 60.17623537388871, "epsilon": 0.17911383488550311, "gamma": 0.0065491891097100895}, "datetime": {"datetime": "2021-09-27 18:04:41", "elapsed": 361.532253, "delta": 3.569615}}
{"target": -11.521922298194594, "params": {"C": 97.65726020373013, "epsilon": 0.08652526824295685, "gamma": 0.10395530372906674}, "datetime": {"datetime": "2021-09-27 18:04:45", "elapsed": 364.941087, "delta": 3.408834}}
{"target": -11.45289528722848, "params": {"C": 97.63477539280923, "epsilon": 0.15571082259925748, "gamma": 0.006097147472078949}, "datetime": {"datetime": "2021-09-27 18:04:49", "elapsed": 369.239149, "delta": 4.298062}}
{"target": -10.422286862076854, "params": {"C": 33.567067559432935, "epsilon": 0.4440119596831776, "gamma": 0.04427206157270954}, "datetime": {"datetime": "2021-09-27 18:04:52", "elapsed": 372.375978, "delta": 3.136829}}
{"target": -10.821097038910175, "params": {"C": 30.533007279659508, "epsilon": 0.042584468651241915, "gamma": 0.03127460101379731}, "datetime": {"datetime": "2021-09-27 18:04:54", "elapsed": 374.170784, "delta": 1.794806}}
{"target": -11.206754696651956, "params": {"C": 41.987716758129025, "epsilon": 0.44841891322618044, "gamma": 0.10994842192251239}, "datetime": {"datetime": "2021-09-27 18:04:58", "elapsed": 378.523466, "delta": 4.352682}}
{"target": -10.941975252490751, "params": {"C": 30.49813734779249, "epsilon": 0.34792166736044694, "gamma": 0.09944040565250119}, "datetime": {"datetime": "2021-09-27 18:05:01", "elapsed": 381.42671, "delta": 2.903244}}
{"target": -15.216315228998498, "params": {"C": 93.11872800913468, "epsilon": 0.929167209460288, "gamma": 0.356250562943556}, "datetime": {"datetime": "2021-09-27 18:05:03", "elapsed": 383.109845, "delta": 1.683135}}
{"target": -11.368675848795458, "params": {"C": 33.351229828917155, "epsilon": 0.33221796191620034, "gamma": 0.12696703353151234}, "datetime": {"datetime": "2021-09-27 18:05:06", "elapsed": 386.718803, "delta": 3.608958}}
{"target": -12.957820241449394, "params": {"C": 93.6706487385748, "epsilon": 0.8014360303174501, "gamma": 0.16455820854922282}, "datetime": {"datetime": "2021-09-27 18:05:08", "elapsed": 388.490664, "delta": 1.771861}}
{"target": -10.061534652353847, "params": {"C": 90.4514320206102, "epsilon": 0.18997793622136733, "gamma": 0.05658377984173103}, "datetime": {"datetime": "2021-09-27 18:05:11", "elapsed": 391.622024, "delta": 3.13136}}
{"target": -11.232884818740011, "params": {"C": 64.89171140936517, "epsilon": 0.8958755760169494, "gamma": 0.09947861728634828}, "datetime": {"datetime": "2021-09-27 18:05:13", "elapsed": 393.620888, "delta": 1.998864}}
{"target": -10.655167707775098, "params": {"C": 90.46502086328772, "epsilon": 0.28349198534160086, "gamma": 0.07507394491368573}, "datetime": {"datetime": "2021-09-27 18:05:17", "elapsed": 397.732837, "delta": 4.111949}}
{"target": -13.979175629363766, "params": {"C": 38.34254920216931, "epsilon": 0.3306632784356909, "gamma": 0.33345355852580894}, "datetime": {"datetime": "2021-09-27 18:05:19", "elapsed": 399.768722, "delta": 2.035885}}
{"target": -10.791965567617412, "params": {"C": 90.41246920694239, "epsilon": 0.19820500043369646, "gamma": 0.08016337931645558}, "datetime": {"datetime": "2021-09-27 18:05:23", "elapsed": 403.154756, "delta": 3.386034}}
{"target": -11.396002172207439, "params": {"C": 70.18159926866458, "epsilon": 0.10285535602924793, "gamma": 0.008560446889322365}, "datetime": {"datetime": "2021-09-27 18:05:26", "elapsed": 406.205321, "delta": 3.050565}}
{"target": -10.439982568967993, "params": {"C": 33.64588648479167, "epsilon": 0.280869542536703, "gamma": 0.061752966377062075}, "datetime": {"datetime": "2021-09-27 18:05:30", "elapsed": 410.209051, "delta": 4.00373}}
{"target": -11.804083096344408, "params": {"C": 90.54793861792415, "epsilon": 0.300227367917409, "gamma": 0.005305681111104266}, "datetime": {"datetime": "2021-09-27 18:05:34", "elapsed": 414.091974, "delta": 3.882923}}
{"target": -12.834755716555089, "params": {"C": 17.20922648025238, "epsilon": 0.10182174655697601, "gamma": 0.2398270524455012}, "datetime": {"datetime": "2021-09-27 18:05:36", "elapsed": 416.207683, "delta": 2.115709}}
{"target": -12.26595819807744, "params": {"C": 90.5343947564346, "epsilon": 0.2519973894797646, "gamma": 0.13522242106272075}, "datetime": {"datetime": "2021-09-27 18:05:41", "elapsed": 421.534452, "delta": 5.326769}}
{"target": -11.887674137627654, "params": {"C": 33.658968606841746, "epsilon": 0.33377210321451956, "gamma": 0.007996130976878048}, "datetime": {"datetime": "2021-09-27 18:05:46", "elapsed": 426.456786, "delta": 4.922334}}
{"target": -10.522699691410061, "params": {"C": 90.39378612309854, "epsilon": 0.25563802654524154, "gamma": 0.03887164444383112}, "datetime": {"datetime": "2021-09-27 18:05:50", "elapsed": 429.96628, "delta": 3.509494}}
{"target": -10.661316724885591, "params": {"C": 30.5935900252923, "epsilon": 0.16631720296252886, "gamma": 0.08238751926856527}, "datetime": {"datetime": "2021-09-27 18:05:53", "elapsed": 433.218381, "delta": 3.252101}}
{"target": -11.10241095010321, "params": {"C": 33.773606441134305, "epsilon": 0.2448057503778188, "gamma": 0.1118734793108779}, "datetime": {"datetime": "2021-09-27 18:05:57", "elapsed": 437.646492, "delta": 4.428111}}
{"target": -11.741274487604421, "params": {"C": 64.15441309347062, "epsilon": 0.24479725508377712, "gamma": 0.12141126970561061}, "datetime": {"datetime": "2021-09-27 18:06:01", "elapsed": 441.881586, "delta": 4.235094}}
{"target": -13.284036963092472, "params": {"C": 33.76347888763834, "epsilon": 0.2384999469737653, "gamma": 0.003365532182536605}, "datetime": {"datetime": "2021-09-27 18:06:06", "elapsed": 446.37933, "delta": 4.497744}}
{"target": -11.175963774094305, "params": {"C": 33.68854058765778, "epsilon": 0.47142028589575263, "gamma": 0.11337852422838389}, "datetime": {"datetime": "2021-09-27 18:06:09", "elapsed": 449.543329, "delta": 3.163999}}
{"target": -13.795697666851467, "params": {"C": 85.29111938228893, "epsilon": 0.22717385947042382, "gamma": 0.23829153414579562}, "datetime": {"datetime": "2021-09-27 18:06:11", "elapsed": 451.567448, "delta": 2.024119}}
{"target": -13.839514751556486, "params": {"C": 27.582992737255825, "epsilon": 0.556107646293099, "gamma": 0.32639542862691706}, "datetime": {"datetime": "2021-09-27 18:06:13", "elapsed": 453.278444, "delta": 1.710996}}
{"target": -10.792256605078713, "params": {"C": 33.70718782629938, "epsilon": 0.29519876093388947, "gamma": 0.09174122901371606}, "datetime": {"datetime": "2021-09-27 18:06:17", "elapsed": 457.091711, "delta": 3.813267}}
{"target": -12.002472088854024, "params": {"C": 18.77253163851798, "epsilon": 0.8341721926920665, "gamma": 0.15682838206158115}, "datetime": {"datetime": "2021-09-27 18:06:18", "elapsed": 458.87952, "delta": 1.787809}}
{"target": -10.50612856618075, "params": {"C": 30.607814952210784, "epsilon": 0.06033740770772777, "gamma": 0.059543705581151546}, "datetime": {"datetime": "2021-09-27 18:06:22", "elapsed": 462.234447, "delta": 3.354927}}
{"target": -10.04744786865671, "params": {"C": 97.74627867181567, "epsilon": 0.16274789427749048, "gamma": 0.05536928191599272}, "datetime": {"datetime": "2021-09-27 18:06:26", "elapsed": 466.56405, "delta": 4.329603}}
{"target": -10.143155232741123, "params": {"C": 97.80887041732848, "epsilon": 0.21783443165817987, "gamma": 0.049723973150360944}, "datetime": {"datetime": "2021-09-27 18:06:29", "elapsed": 469.85804, "delta": 3.29399}}
{"target": -11.032181792375468, "params": {"C": 41.96882886228579, "epsilon": 0.28829418252525085, "gamma": 0.10861201169875648}, "datetime": {"datetime": "2021-09-27 18:06:34", "elapsed": 474.21863, "delta": 4.36059}}
