{"target": -2.0039373519184935, "params": {"C": 102.21959008370146, "epsilon": 0.27142827654308677, "gamma": 0.06929990455260682}, "datetime": {"datetime": "2021-09-19 09:05:05", "elapsed": 347.246099, "delta": 3.338044}}
{"target": -1.968276302983365, "params": {"C": 101.97475938800088, "epsilon": 0.1307226771921387, "gamma": 0.041372597383521295}, "datetime": {"datetime": "2021-09-19 09:05:07", "elapsed": 349.530792, "delta": 2.284693}}
{"target": -1.982145055380462, "params": {"C": 76.48268846577454, "epsilon": 0.011768567163580889, "gamma": 0.07501367533889812}, "datetime": {"datetime": "2021-09-19 09:05:10", "elapsed": 352.467478, "delta": 2.936686}}
{"target": -1.956858333413516, "params": {"C": 116.19171027100742, "epsilon": 0.1374378339639045, "gamma": 0.04452821679474843}, "datetime": {"datetime": "2021-09-19 09:05:13", "elapsed": 355.273208, "delta": 2.80573}}
{"target": -2.1705340082023805, "params": {"C": 112.57127241529744, "epsilon": 0.07199348789256428, "gamma": 0.09731303117532189}, "datetime": {"datetime": "2021-09-19 09:05:14", "elapsed": 356.538169, "delta": 1.264961}}
{"target": -2.2865368361350416, "params": {"C": 83.42575390770496, "epsilon": 0.16903865952241642, "gamma": 0.12601856070551182}, "datetime": {"datetime": "2021-09-19 09:05:15", "elapsed": 357.865636, "delta": 1.327467}}
{"target": -2.031670234659179, "params": {"C": 76.48968240270173, "epsilon": 0.006332189404568055, "gamma": 0.03569516948546901}, "datetime": {"datetime": "2021-09-19 09:05:18", "elapsed": 360.437878, "delta": 2.572242}}
{"target": -1.9858031866679413, "params": {"C": 78.97602608005958, "epsilon": 0.25107590443460304, "gamma": 0.07077115205013922}, "datetime": {"datetime": "2021-09-19 09:05:19", "elapsed": 361.702803, "delta": 1.264925}}
{"target": -2.0828459122108987, "params": {"C": 116.83481832187043, "epsilon": 0.1440866102136321, "gamma": 0.022779723034723882}, "datetime": {"datetime": "2021-09-19 09:05:22", "elapsed": 364.055647, "delta": 2.352844}}
{"target": -1.9410008271962356, "params": {"C": 116.2638894874028, "epsilon": 0.1892490858929042, "gamma": 0.04852501393210458}, "datetime": {"datetime": "2021-09-19 09:05:25", "elapsed": 367.073768, "delta": 3.018121}}
{"target": -2.0373702951069985, "params": {"C": 80.01110041603722, "epsilon": 0.13016036849118567, "gamma": 0.0811269565247328}, "datetime": {"datetime": "2021-09-19 09:05:27", "elapsed": 369.266433, "delta": 2.192665}}
{"target": -1.9618748771842132, "params": {"C": 116.23948961768909, "epsilon": 0.16494113367124474, "gamma": 0.03961658829878988}, "datetime": {"datetime": "2021-09-19 09:05:29", "elapsed": 371.83367, "delta": 2.567237}}
{"target": -1.955174153407021, "params": {"C": 80.08340214904628, "epsilon": 0.23506838140920835, "gamma": 0.05490520852281777}, "datetime": {"datetime": "2021-09-19 09:05:32", "elapsed": 374.296448, "delta": 2.462778}}
{"target": -2.111650808869786, "params": {"C": 70.90804642803886, "epsilon": 0.13490229209111262, "gamma": 0.09566034648352059}, "datetime": {"datetime": "2021-09-19 09:05:33", "elapsed": 375.548308, "delta": 1.25186}}
{"target": -2.019065781710601, "params": {"C": 80.20006764959811, "epsilon": 0.15177999858293595, "gamma": 0.03646949281363952}, "datetime": {"datetime": "2021-09-19 09:05:34", "elapsed": 376.851712, "delta": 1.303404}}
{"target": -1.9610717169739937, "params": {"C": 80.08937306323084, "epsilon": 0.28146942960129784, "gamma": 0.05641289857324144}, "datetime": {"datetime": "2021-09-19 09:05:37", "elapsed": 379.156004, "delta": 2.304292}}
{"target": -1.9903293606438972, "params": {"C": 75.13517720561175, "epsilon": 0.16268333639193566, "gamma": 0.07447677468397014}, "datetime": {"datetime": "2021-09-19 09:05:38", "elapsed": 380.509566, "delta": 1.353562}}
{"target": -1.9722343791308456, "params": {"C": 80.12858414007619, "epsilon": 0.25545683377659695, "gamma": 0.06570300795993267}, "datetime": {"datetime": "2021-09-19 09:05:41", "elapsed": 383.122336, "delta": 2.61277}}
{"target": -1.9712236515292514, "params": {"C": 115.7209442367579, "epsilon": 0.1047795390059168, "gamma": 0.03876547346043466}, "datetime": {"datetime": "2021-09-19 09:05:42", "elapsed": 384.43216, "delta": 1.309824}}
{"target": -2.0744156268538596, "params": {"C": 80.13439431891234, "epsilon": 0.27702339705199874, "gamma": 0.027502749520883385}, "datetime": {"datetime": "2021-09-19 09:05:45", "elapsed": 387.601108, "delta": 3.168948}}
{"target": -2.120122721341651, "params": {"C": 115.72023870727547, "epsilon": 0.119333424439675, "gamma": 0.08486640959189123}, "datetime": {"datetime": "2021-09-19 09:05:47", "elapsed": 389.669508, "delta": 2.0684}}
{"target": -2.219531383979599, "params": {"C": 80.12236558508263, "epsilon": 0.22983500578826443, "gamma": 0.11276931170396781}, "datetime": {"datetime": "2021-09-19 09:05:49", "elapsed": 391.656748, "delta": 1.98724}}
{"target": -1.992412040331547, "params": {"C": 72.9162841623047, "epsilon": 0.14122360252913918, "gamma": 0.07602627738575764}, "datetime": {"datetime": "2021-09-19 09:05:51", "elapsed": 393.031806, "delta": 1.375058}}
{"target": -2.0482960008936617, "params": {"C": 102.24166022385562, "epsilon": 0.2991338246239897, "gamma": 0.027102769420143506}, "datetime": {"datetime": "2021-09-19 09:05:53", "elapsed": 395.222186, "delta": 2.19038}}
{"target": -1.9934305417314213, "params": {"C": 72.87376237066309, "epsilon": 0.11386756838292506, "gamma": 0.07671566006289468}, "datetime": {"datetime": "2021-09-19 09:05:57", "elapsed": 398.931557, "delta": 3.709371}}
{"target": -2.3116454669532907, "params": {"C": 80.65580848705953, "epsilon": 0.11331428926241853, "gamma": 0.13231760187210537}, "datetime": {"datetime": "2021-09-19 09:05:58", "elapsed": 400.356523, "delta": 1.424966}}
{"target": -2.03305273843918, "params": {"C": 72.88709890323068, "epsilon": 0.14985817801332435, "gamma": 0.035143530524276774}, "datetime": {"datetime": "2021-09-19 09:06:01", "elapsed": 403.71921, "delta": 3.362687}}
{"target": -2.0033044889677396, "params": {"C": 115.76230472145515, "epsilon": 0.07563408583383939, "gamma": 0.03296186026064966}, "datetime": {"datetime": "2021-09-19 09:06:04", "elapsed": 406.503706, "delta": 2.784496}}
{"target": -2.3738236435875173, "params": {"C": 72.96498245522125, "epsilon": 0.2862672575360863, "gamma": 0.1449042277435222}, "datetime": {"datetime": "2021-09-19 09:06:05", "elapsed": 407.865011, "delta": 1.361305}}
{"target": -2.0388107279913488, "params": {"C": 103.65979383511038, "epsilon": 0.12736809420558629, "gamma": 0.027946711945559415}, "datetime": {"datetime": "2021-09-19 09:06:08", "elapsed": 410.305196, "delta": 2.440185}}
{"target": -1.9289265526813706, "params": {"C": 76.31811727016591, "epsilon": 0.0440376541486401, "gamma": 0.058576477006130376}, "datetime": {"datetime": "2021-09-19 09:06:11", "elapsed": 413.807956, "delta": 3.50276}}
{"target": -2.095046276786884, "params": {"C": 76.31805372625911, "epsilon": 0.045267888481313134, "gamma": 0.09019223342007214}, "datetime": {"datetime": "2021-09-19 09:06:14", "elapsed": 416.469642, "delta": 2.661686}}
{"target": -2.3475018859767216, "params": {"C": 80.04770659365734, "epsilon": 0.12973990158717422, "gamma": 0.14092749501817042}, "datetime": {"datetime": "2021-09-19 09:06:16", "elapsed": 417.900073, "delta": 1.430431}}
{"target": -1.981151668177517, "params": {"C": 76.28419290203547, "epsilon": 0.07476086793357563, "gamma": 0.04578939535465727}, "datetime": {"datetime": "2021-09-19 09:06:19", "elapsed": 421.749588, "delta": 3.849515}}
{"target": -2.0230810290340475, "params": {"C": 78.29064265358909, "epsilon": 0.2565111787576732, "gamma": 0.03771347448247447}, "datetime": {"datetime": "2021-09-19 09:06:21", "elapsed": 423.251664, "delta": 1.502076}}
{"target": -2.0177560725964305, "params": {"C": 76.33932334469587, "epsilon": 0.06800997608426487, "gamma": 0.03725906287950006}, "datetime": {"datetime": "2021-09-19 09:06:24", "elapsed": 426.633646, "delta": 3.381982}}
{"target": -1.9249054806884516, "params": {"C": 76.33158732966567, "epsilon": 0.007810905157127946, "gamma": 0.061222338126133924}, "datetime": {"datetime": "2021-09-19 09:06:27", "elapsed": 428.949494, "delta": 2.315848}}
{"target": -1.952081029746762, "params": {"C": 116.19626757182587, "epsilon": 0.0857277791114093, "gamma": 0.0611487295402017}, "datetime": {"datetime": "2021-09-19 09:06:29", "elapsed": 431.783933, "delta": 2.834439}}
{"target": -2.1543223474273696, "params": {"C": 76.30201857036697, "epsilon": 0.035165364280429254, "gamma": 0.021774175975619287}, "datetime": {"datetime": "2021-09-19 09:06:33", "elapsed": 435.102185, "delta": 3.318252}}
{"target": -2.0117250556448103, "params": {"C": 116.1517173993638, "epsilon": 0.1246546468104625, "gamma": 0.07132043124184964}, "datetime": {"datetime": "2021-09-19 09:06:36", "elapsed": 438.154741, "delta": 3.052556}}
{"target": -2.043835598580941, "params": {"C": 80.05412768584598, "epsilon": 0.2254981253609576, "gamma": 0.030672157183842738}, "datetime": {"datetime": "2021-09-19 09:06:40", "elapsed": 442.213448, "delta": 4.058707}}
{"target": -2.033895319475769, "params": {"C": 116.19126920799883, "epsilon": 0.05775564325774469, "gamma": 0.02751515108531443}, "datetime": {"datetime": "2021-09-19 09:06:43", "elapsed": 445.592387, "delta": 3.378939}}
{"target": -2.0642370698128714, "params": {"C": 72.85878846708252, "epsilon": 0.1625036256448736, "gamma": 0.08818133331050322}, "datetime": {"datetime": "2021-09-19 09:06:47", "elapsed": 449.512919, "delta": 3.920532}}
{"target": -2.0621133777629397, "params": {"C": 115.74821327894713, "epsilon": 0.1353698583148789, "gamma": 0.024236328291833604}, "datetime": {"datetime": "2021-09-19 09:06:50", "elapsed": 452.427778, "delta": 2.914859}}
{"target": -1.9688593193067334, "params": {"C": 72.91585347280584, "epsilon": 0.09921341438507165, "gamma": 0.06943885857464495}, "datetime": {"datetime": "2021-09-19 09:06:54", "elapsed": 455.971373, "delta": 3.543595}}
{"target": -2.2209877577588735, "params": {"C": 85.31524185988445, "epsilon": 0.07894252885138005, "gamma": 0.11445588922846746}, "datetime": {"datetime": "2021-09-19 09:06:55", "elapsed": 457.440128, "delta": 1.468755}}
{"target": -2.240214114786202, "params": {"C": 102.26276988166924, "epsilon": 0.2520735007410141, "gamma": 0.11151314376389658}, "datetime": {"datetime": "2021-09-19 09:06:58", "elapsed": 460.412343, "delta": 2.972215}}
{"target": -2.0141080958290316, "params": {"C": 119.01788642628645, "epsilon": 0.11588693565924107, "gamma": 0.07190701874549849}, "datetime": {"datetime": "2021-09-19 09:07:03", "elapsed": 464.939491, "delta": 4.527148}}
{"target": -2.0594472974260447, "params": {"C": 116.1984243281681, "epsilon": 0.11757881583444006, "gamma": 0.07810463955038631}, "datetime": {"datetime": "2021-09-19 09:07:05", "elapsed": 467.665203, "delta": 2.725712}}
{"target": -1.9450802433072838, "params": {"C": 118.49497410150494, "epsilon": 0.2201290131718486, "gamma": 0.04734685358526961}, "datetime": {"datetime": "2021-09-19 09:07:08", "elapsed": 470.096975, "delta": 2.431772}}
{"target": -2.0605381890855696, "params": {"C": 118.46327083274691, "epsilon": 0.2322544657854513, "gamma": 0.07625476673679195}, "datetime": {"datetime": "2021-09-19 09:07:11", "elapsed": 473.599542, "delta": 3.502567}}
{"target": -1.9484525706900864, "params": {"C": 118.52063457474708, "epsilon": 0.17560602943680514, "gamma": 0.05563670155680989}, "datetime": {"datetime": "2021-09-19 09:07:15", "elapsed": 476.904431, "delta": 3.304889}}
{"target": -2.167385399047921, "params": {"C": 116.18062092026352, "epsilon": 0.05120397113807808, "gamma": 0.09645537229026947}, "datetime": {"datetime": "2021-09-19 09:07:18", "elapsed": 480.721896, "delta": 3.817465}}
{"target": -2.116196643076071, "params": {"C": 118.49794715270723, "epsilon": 0.1847250440287469, "gamma": 0.02}, "datetime": {"datetime": "2021-09-19 09:07:21", "elapsed": 483.584021, "delta": 2.862125}}
{"target": -2.006123872511418, "params": {"C": 116.15639653680816, "epsilon": 0.17693402999713842, "gamma": 0.032189643341830824}, "datetime": {"datetime": "2021-09-19 09:07:25", "elapsed": 486.998404, "delta": 3.414383}}
{"target": -2.143103654788651, "params": {"C": 118.50390790203392, "epsilon": 0.18604301420994276, "gamma": 0.08816314039556226}, "datetime": {"datetime": "2021-09-19 09:07:28", "elapsed": 490.789163, "delta": 3.790759}}
{"target": -2.0345011683380476, "params": {"C": 116.1513765405654, "epsilon": 0.11402785412414305, "gamma": 0.026890279625650798}, "datetime": {"datetime": "2021-09-19 09:07:31", "elapsed": 493.706391, "delta": 2.917228}}
{"target": -1.9409515209287154, "params": {"C": 76.29928285726226, "epsilon": 0.12307653290063705, "gamma": 0.057442707788972217}, "datetime": {"datetime": "2021-09-19 09:07:36", "elapsed": 498.070298, "delta": 4.363907}}
{"target": -2.1127482762901626, "params": {"C": 76.2470228821454, "epsilon": 0.10773076311910258, "gamma": 0.026105325098945687}, "datetime": {"datetime": "2021-09-19 09:07:39", "elapsed": 501.675746, "delta": 3.605448}}
{"target": -1.9620913908910254, "params": {"C": 95.24669718115526, "epsilon": 0.23491717636594922, "gamma": 0.04797441636724922}, "datetime": {"datetime": "2021-09-19 09:07:41", "elapsed": 503.179733, "delta": 1.503987}}
{"target": -1.9576284532471304, "params": {"C": 118.56512198233386, "epsilon": 0.15224629012196816, "gamma": 0.0590105533185781}, "datetime": {"datetime": "2021-09-19 09:07:44", "elapsed": 506.213584, "delta": 3.033851}}
{"target": -2.130297648408966, "params": {"C": 76.29530772073177, "epsilon": 0.12092469812003538, "gamma": 0.09665269200088028}, "datetime": {"datetime": "2021-09-19 09:07:47", "elapsed": 509.282409, "delta": 3.068825}}
{"target": -2.3043614581425502, "params": {"C": 94.91296963780482, "epsilon": 0.2338311187221798, "gamma": 0.12471241522576103}, "datetime": {"datetime": "2021-09-19 09:07:48", "elapsed": 510.751003, "delta": 1.468594}}
{"target": -2.366388415242218, "params": {"C": 117.65178156116016, "epsilon": 0.033121968227050165, "gamma": 0.13632624606376076}, "datetime": {"datetime": "2021-09-19 09:07:50", "elapsed": 512.305075, "delta": 1.554072}}
{"target": -1.9690969250150756, "params": {"C": 95.26633345642708, "epsilon": 0.19678889297752158, "gamma": 0.06559736853424328}, "datetime": {"datetime": "2021-09-19 09:07:53", "elapsed": 515.776151, "delta": 3.471076}}
{"target": -2.1320453184806327, "params": {"C": 115.7061053456363, "epsilon": 0.06477248820757218, "gamma": 0.02}, "datetime": {"datetime": "2021-09-19 09:07:58", "elapsed": 520.772104, "delta": 4.995953}}
{"target": -2.2043942825204126, "params": {"C": 83.29665161444896, "epsilon": 0.18286899675114873, "gamma": 0.10975804453955781}, "datetime": {"datetime": "2021-09-19 09:08:00", "elapsed": 522.352625, "delta": 1.580521}}
{"target": -1.967216382000688, "params": {"C": 118.55854366600845, "epsilon": 0.1891454652283955, "gamma": 0.05914967275327149}, "datetime": {"datetime": "2021-09-19 09:08:04", "elapsed": 526.405409, "delta": 4.052784}}
{"target": -2.2832367848600477, "params": {"C": 106.10644006849292, "epsilon": 0.03020334959573195, "gamma": 0.12309025044362729}, "datetime": {"datetime": "2021-09-19 09:08:06", "elapsed": 527.936618, "delta": 1.531209}}
{"target": -1.9547160617490664, "params": {"C": 76.33340551001054, "epsilon": 0.1376474304395845, "gamma": 0.051694994993538815}, "datetime": {"datetime": "2021-09-19 09:08:09", "elapsed": 531.441869, "delta": 3.505251}}
{"target": -2.0197298778193113, "params": {"C": 95.29205505431422, "epsilon": 0.22605068195565461, "gamma": 0.034040979396410244}, "datetime": {"datetime": "2021-09-19 09:08:12", "elapsed": 533.92884, "delta": 2.486971}}
{"target": -2.1605740757764864, "params": {"C": 76.31184312978213, "epsilon": 0.1251103335482431, "gamma": 0.02}, "datetime": {"datetime": "2021-09-19 09:08:15", "elapsed": 537.68377, "delta": 3.75493}}
{"target": -2.0163731792162944, "params": {"C": 118.54798132921272, "epsilon": 0.13587102748673405, "gamma": 0.029599213971821435}, "datetime": {"datetime": "2021-09-19 09:08:19", "elapsed": 541.7199, "delta": 4.03613}}
{"target": -1.9612531911135536, "params": {"C": 105.57997598107622, "epsilon": 0.28151263057818654, "gamma": 0.04603431053811702}, "datetime": {"datetime": "2021-09-19 09:08:21", "elapsed": 543.237916, "delta": 1.518016}}
{"target": -2.013847339675135, "params": {"C": 76.35576858750585, "epsilon": 0.17658015905651697, "gamma": 0.0778599685572413}, "datetime": {"datetime": "2021-09-19 09:08:24", "elapsed": 546.244375, "delta": 3.006459}}
{"target": -2.1953872095506397, "params": {"C": 95.25855978299148, "epsilon": 0.25490415902956737, "gamma": 0.10393579278621914}, "datetime": {"datetime": "2021-09-19 09:08:27", "elapsed": 549.294167, "delta": 3.049792}}
{"target": -2.095086605704216, "params": {"C": 96.07408215841595, "epsilon": 0.15548871009750317, "gamma": 0.023981812776049122}, "datetime": {"datetime": "2021-09-19 09:08:28", "elapsed": 550.814555, "delta": 1.520388}}
{"target": -2.0071358957545105, "params": {"C": 94.91728582591193, "epsilon": 0.053115665021776545, "gamma": 0.03594550715675125}, "datetime": {"datetime": "2021-09-19 09:08:30", "elapsed": 552.426539, "delta": 1.611984}}
{"target": -1.9539450593640135, "params": {"C": 91.14999299826763, "epsilon": 0.10598276789251215, "gamma": 0.06662368652361224}, "datetime": {"datetime": "2021-09-19 09:08:32", "elapsed": 553.958235, "delta": 1.531696}}
{"target": -2.0147691052512657, "params": {"C": 91.1209112025764, "epsilon": 0.08876759446181258, "gamma": 0.03440072801845669}, "datetime": {"datetime": "2021-09-19 09:08:36", "elapsed": 558.326009, "delta": 4.367774}}
{"target": -2.2047170385870545, "params": {"C": 91.13952484733787, "epsilon": 0.12470675752217034, "gamma": 0.10904801955097998}, "datetime": {"datetime": "2021-09-19 09:08:40", "elapsed": 562.586386, "delta": 4.260377}}
{"target": -2.1520968346433316, "params": {"C": 107.13785475126815, "epsilon": 0.2410793487874452, "gamma": 0.0904885729631466}, "datetime": {"datetime": "2021-09-19 09:08:42", "elapsed": 564.197451, "delta": 1.611065}}
{"target": -2.1380545277526743, "params": {"C": 83.37350511301206, "epsilon": 0.08698367947763075, "gamma": 0.09522086383073565}, "datetime": {"datetime": "2021-09-19 09:08:43", "elapsed": 565.731142, "delta": 1.533691}}
{"target": -2.0013293332875404, "params": {"C": 91.178295493906, "epsilon": 0.09553000510347134, "gamma": 0.03900458869686273}, "datetime": {"datetime": "2021-09-19 09:08:47", "elapsed": 569.049194, "delta": 3.318052}}
{"target": -1.9942384763492205, "params": {"C": 114.40560879366686, "epsilon": 0.24809520414440472, "gamma": 0.03453174506682452}, "datetime": {"datetime": "2021-09-19 09:08:48", "elapsed": 570.678286, "delta": 1.629092}}
{"target": -2.0169372517059925, "params": {"C": 91.14889544786033, "epsilon": 0.13648714811927878, "gamma": 0.033961785325834964}, "datetime": {"datetime": "2021-09-19 09:08:52", "elapsed": 574.671203, "delta": 3.992917}}
{"target": -2.204193174534968, "params": {"C": 76.7638904964106, "epsilon": 0.11937950898543677, "gamma": 0.10763130080794676}, "datetime": {"datetime": "2021-09-19 09:08:54", "elapsed": 576.237178, "delta": 1.565975}}
{"target": -1.952732445796646, "params": {"C": 100.52607173578772, "epsilon": 0.07552330182896018, "gamma": 0.04542022436801843}, "datetime": {"datetime": "2021-09-19 09:08:55", "elapsed": 577.820046, "delta": 1.582868}}
{"target": -2.05784090938658, "params": {"C": 95.23772986765334, "epsilon": 0.19634468983797135, "gamma": 0.026924569047440002}, "datetime": {"datetime": "2021-09-19 09:08:59", "elapsed": 581.020477, "delta": 3.200431}}
{"target": -2.0542987409393207, "params": {"C": 100.50227834109758, "epsilon": 0.09386116091163219, "gamma": 0.08002143176196261}, "datetime": {"datetime": "2021-09-19 09:09:02", "elapsed": 584.346553, "delta": 3.326076}}
{"target": -2.0210951181884096, "params": {"C": 72.06307447145565, "epsilon": 0.23924958683584166, "gamma": 0.04009532598955881}, "datetime": {"datetime": "2021-09-19 09:09:04", "elapsed": 586.085562, "delta": 1.739009}}
{"target": -2.368851473052179, "params": {"C": 111.19496391133573, "epsilon": 0.23130885912749743, "gamma": 0.13377262704180787}, "datetime": {"datetime": "2021-09-19 09:09:05", "elapsed": 587.713986, "delta": 1.628424}}
{"target": -1.9976292767135113, "params": {"C": 105.54278326686486, "epsilon": 0.2960696367771643, "gamma": 0.036844151109006955}, "datetime": {"datetime": "2021-09-19 09:09:09", "elapsed": 591.550018, "delta": 3.836032}}
{"target": -2.0374388498657234, "params": {"C": 96.84147803786362, "epsilon": 0.07693481433196299, "gamma": 0.02899883124416428}, "datetime": {"datetime": "2021-09-19 09:09:11", "elapsed": 593.247052, "delta": 1.697034}}
{"target": -2.0493064438223367, "params": {"C": 100.51945226647466, "epsilon": 0.1293260330711045, "gamma": 0.027202413669874043}, "datetime": {"datetime": "2021-09-19 09:09:15", "elapsed": 596.982134, "delta": 3.735082}}
{"target": -2.012722007003376, "params": {"C": 100.54318551753786, "epsilon": 0.027647956532038772, "gamma": 0.033828595063771685}, "datetime": {"datetime": "2021-09-19 09:09:21", "elapsed": 603.134194, "delta": 6.15206}}
{"target": -2.175269133163093, "params": {"C": 105.58801035346315, "epsilon": 0.27344206479195654, "gamma": 0.09625976137902602}, "datetime": {"datetime": "2021-09-19 09:09:24", "elapsed": 606.200403, "delta": 3.066209}}
{"target": -1.987863091677813, "params": {"C": 100.56035541236426, "epsilon": 0.06132622769076598, "gamma": 0.07097867994200696}, "datetime": {"datetime": "2021-09-19 09:09:27", "elapsed": 609.205895, "delta": 3.005492}}
{"target": -2.3717489218047922, "params": {"C": 70.38442009528418, "epsilon": 0.2585800126051833, "gamma": 0.14675031125755575}, "datetime": {"datetime": "2021-09-19 09:09:29", "elapsed": 611.023585, "delta": 1.81769}}
