{"target": 0.9032980765776083, "params": {"C": 116.63661709001909, "epsilon": 0.6260883304951982, "gamma": 0.11048479239515169}, "datetime": {"datetime": "2021-09-18 14:01:57", "elapsed": 211.94957, "delta": 1.016378}}
{"target": 0.8976236172987516, "params": {"C": 84.0129533055413, "epsilon": 0.5809434999365595, "gamma": 0.07884005056660363}, "datetime": {"datetime": "2021-09-18 14:01:58", "elapsed": 213.003487, "delta": 1.053917}}
{"target": 0.8962939350151298, "params": {"C": 94.32251632499379, "epsilon": 0.6283467518986621, "gamma": 0.14042720529890798}, "datetime": {"datetime": "2021-09-18 14:01:59", "elapsed": 214.024441, "delta": 1.020954}}
{"target": 0.9025129627309564, "params": {"C": 118.91799962049086, "epsilon": 0.5893257677965018, "gamma": 0.11306918689795946}, "datetime": {"datetime": "2021-09-18 14:02:01", "elapsed": 216.041042, "delta": 2.016601}}
{"target": 0.9053237205454515, "params": {"C": 118.89998662823398, "epsilon": 0.5792783973726584, "gamma": 0.08870386241665337}, "datetime": {"datetime": "2021-09-18 14:02:03", "elapsed": 217.483975, "delta": 1.442933}}
{"target": 0.9050978206278011, "params": {"C": 118.93740732368704, "epsilon": 0.6397422392984962, "gamma": 0.10377928827125096}, "datetime": {"datetime": "2021-09-18 14:02:05", "elapsed": 219.321677, "delta": 1.837702}}
{"target": 0.8981753423371694, "params": {"C": 77.62369732781475, "epsilon": 0.3792648969249637, "gamma": 0.09242047493848346}, "datetime": {"datetime": "2021-09-18 14:02:06", "elapsed": 220.400748, "delta": 1.079071}}
{"target": 0.8985727701746264, "params": {"C": 118.86379261714673, "epsilon": 0.6512789391975259, "gamma": 0.1332263606317505}, "datetime": {"datetime": "2021-09-18 14:02:08", "elapsed": 222.401781, "delta": 2.001033}}
{"target": 0.8967749280826919, "params": {"C": 118.89960664756, "epsilon": 0.6104501171567914, "gamma": 0.06420426838636357}, "datetime": {"datetime": "2021-09-18 14:02:09", "elapsed": 224.012773, "delta": 1.610992}}
{"target": 0.902850784807297, "params": {"C": 118.68085895223594, "epsilon": 0.675810263795583, "gamma": 0.08035314975403113}, "datetime": {"datetime": "2021-09-18 14:02:10", "elapsed": 225.195848, "delta": 1.183075}}
{"target": 0.90601211248272, "params": {"C": 118.89282982521524, "epsilon": 0.6274182878079485, "gamma": 0.09939197410788873}, "datetime": {"datetime": "2021-09-18 14:02:12", "elapsed": 226.923863, "delta": 1.728015}}
{"target": 0.9041481584850939, "params": {"C": 118.91115162098194, "epsilon": 0.6430206161903848, "gamma": 0.10753982456056314}, "datetime": {"datetime": "2021-09-18 14:02:14", "elapsed": 228.787863, "delta": 1.864}}
{"target": 0.9045426773975663, "params": {"C": 118.96949459500854, "epsilon": 0.6547956455640128, "gamma": 0.08463545769964088}, "datetime": {"datetime": "2021-09-18 14:02:16", "elapsed": 230.448195, "delta": 1.660332}}
{"target": 0.9055442621420897, "params": {"C": 118.97267983247144, "epsilon": 0.619373758318333, "gamma": 0.08842753290077031}, "datetime": {"datetime": "2021-09-18 14:02:17", "elapsed": 232.089333, "delta": 1.641138}}
{"target": 0.9048573547084023, "params": {"C": 118.86915716456895, "epsilon": 0.5903944688028547, "gamma": 0.10486065725247912}, "datetime": {"datetime": "2021-09-18 14:02:19", "elapsed": 233.759783, "delta": 1.67045}}
{"target": 0.8998610775794068, "params": {"C": 118.96703143116214, "epsilon": 0.6478220334911191, "gamma": 0.12264112496421063}, "datetime": {"datetime": "2021-09-18 14:02:21", "elapsed": 235.585981, "delta": 1.826198}}
{"target": 0.8985862857578412, "params": {"C": 97.02025074251563, "epsilon": 0.697005246962085, "gamma": 0.12832397373705323}, "datetime": {"datetime": "2021-09-18 14:02:22", "elapsed": 236.650741, "delta": 1.06476}}
{"target": 0.9059408484683074, "params": {"C": 118.97097959501647, "epsilon": 0.5684412773618812, "gamma": 0.09274199011355369}, "datetime": {"datetime": "2021-09-18 14:02:24", "elapsed": 238.7114, "delta": 2.060659}}
{"target": 0.9005820981570349, "params": {"C": 110.36931487064199, "epsilon": 0.7578808954271603, "gamma": 0.07809291303347174}, "datetime": {"datetime": "2021-09-18 14:02:25", "elapsed": 239.751912, "delta": 1.040512}}
{"target": 0.9050860099972761, "params": {"C": 118.99184251059364, "epsilon": 0.5701250007607945, "gamma": 0.0881463946951549}, "datetime": {"datetime": "2021-09-18 14:02:27", "elapsed": 241.333416, "delta": 1.581504}}
{"target": 0.902158342663923, "params": {"C": 114.49967687373751, "epsilon": 0.20200755313728616, "gamma": 0.11134177296956896}, "datetime": {"datetime": "2021-09-18 14:02:28", "elapsed": 242.444999, "delta": 1.111583}}
{"target": 0.8932438805002634, "params": {"C": 92.27137204103428, "epsilon": 0.23524037515141705, "gamma": 0.1436951083094271}, "datetime": {"datetime": "2021-09-18 14:02:29", "elapsed": 243.546147, "delta": 1.101148}}
{"target": 0.9010415300698086, "params": {"C": 118.99120796958351, "epsilon": 0.5933598445574708, "gamma": 0.07592765700248687}, "datetime": {"datetime": "2021-09-18 14:02:31", "elapsed": 245.387065, "delta": 1.840918}}
{"target": 0.8944480922066516, "params": {"C": 109.54434755768048, "epsilon": 0.24210549756691074, "gamma": 0.0531108548852026}, "datetime": {"datetime": "2021-09-18 14:02:32", "elapsed": 246.653945, "delta": 1.26688}}
{"target": 0.8978897743706968, "params": {"C": 118.95727539791504, "epsilon": 0.5632090502126202, "gamma": 0.06582203685400732}, "datetime": {"datetime": "2021-09-18 14:02:34", "elapsed": 248.598139, "delta": 1.944194}}
{"target": 0.8924417306244301, "params": {"C": 92.21795951621675, "epsilon": 0.08050911939388301, "gamma": 0.14893419429935464}, "datetime": {"datetime": "2021-09-18 14:02:35", "elapsed": 249.769894, "delta": 1.171755}}
{"target": 0.892405192805601, "params": {"C": 88.37814119227211, "epsilon": 0.06883297701493925, "gamma": 0.14768561816525505}, "datetime": {"datetime": "2021-09-18 14:02:36", "elapsed": 250.930702, "delta": 1.160808}}
{"target": 0.9039814963634416, "params": {"C": 108.45688128963961, "epsilon": 0.5248638147189959, "gamma": 0.1070284241623518}, "datetime": {"datetime": "2021-09-18 14:02:37", "elapsed": 252.236236, "delta": 1.305534}}
{"target": 0.8986436172261834, "params": {"C": 85.34365809620434, "epsilon": 0.12211729773073439, "gamma": 0.07449766031905092}, "datetime": {"datetime": "2021-09-18 14:02:39", "elapsed": 253.450288, "delta": 1.214052}}
{"target": 0.9016779684376403, "params": {"C": 118.93230293158777, "epsilon": 0.5377306784261185, "gamma": 0.11575726086249387}, "datetime": {"datetime": "2021-09-18 14:02:40", "elapsed": 255.120296, "delta": 1.670008}}
{"target": 0.8977316292297194, "params": {"C": 79.02838582686456, "epsilon": 0.20129600284264168, "gamma": 0.0989114344147393}, "datetime": {"datetime": "2021-09-18 14:02:41", "elapsed": 256.226244, "delta": 1.105948}}
{"target": 0.9057939717616088, "params": {"C": 118.9603474634761, "epsilon": 0.5981379912893122, "gamma": 0.09075852939767282}, "datetime": {"datetime": "2021-09-18 14:02:43", "elapsed": 258.03749, "delta": 1.811246}}
{"target": 0.899992190373778, "params": {"C": 81.99200285203015, "epsilon": 0.3737550607094671, "gamma": 0.11650130182404368}, "datetime": {"datetime": "2021-09-18 14:02:44", "elapsed": 259.276773, "delta": 1.239283}}
{"target": 0.9062911238313647, "params": {"C": 119.45597033027815, "epsilon": 0.7072799003925824, "gamma": 0.09279697771315698}, "datetime": {"datetime": "2021-09-18 14:02:46", "elapsed": 260.538765, "delta": 1.261992}}
{"target": 0.8983159940098784, "params": {"C": 118.97356298464246, "epsilon": 0.567918362961481, "gamma": 0.13243634194269244}, "datetime": {"datetime": "2021-09-18 14:02:48", "elapsed": 262.865899, "delta": 2.327134}}
{"target": 0.9002521307039851, "params": {"C": 119.48138745885917, "epsilon": 0.7067486592465412, "gamma": 0.1242481285550332}, "datetime": {"datetime": "2021-09-18 14:02:51", "elapsed": 265.320167, "delta": 2.454268}}
{"target": 0.9017739528536641, "params": {"C": 119.44149905391562, "epsilon": 0.7147684141689462, "gamma": 0.11497397121650783}, "datetime": {"datetime": "2021-09-18 14:02:52", "elapsed": 267.195714, "delta": 1.875547}}
{"target": 0.9044747596420261, "params": {"C": 118.94352631954919, "epsilon": 0.6216871914473016, "gamma": 0.1064225460552332}, "datetime": {"datetime": "2021-09-18 14:02:55", "elapsed": 269.571863, "delta": 2.376149}}
{"target": 0.8971257163755473, "params": {"C": 105.53199875366884, "epsilon": 0.41749233040809935, "gamma": 0.13073337856092648}, "datetime": {"datetime": "2021-09-18 14:02:56", "elapsed": 270.784374, "delta": 1.212511}}
{"target": 0.8976416700717721, "params": {"C": 119.43717666610776, "epsilon": 0.6856419619666865, "gamma": 0.06703620724919236}, "datetime": {"datetime": "2021-09-18 14:02:58", "elapsed": 272.68106, "delta": 1.896686}}
{"target": 0.9056461972503594, "params": {"C": 119.01874779244156, "epsilon": 0.5409910069531433, "gamma": 0.09118722966671251}, "datetime": {"datetime": "2021-09-18 14:03:00", "elapsed": 274.433528, "delta": 1.752468}}
{"target": 0.90421002841125, "params": {"C": 118.98630957376861, "epsilon": 0.5246910918775948, "gamma": 0.10700071333813418}, "datetime": {"datetime": "2021-09-18 14:03:02", "elapsed": 276.414415, "delta": 1.980887}}
{"target": 0.9053791289475978, "params": {"C": 114.36481669333064, "epsilon": 0.5127569636982685, "gamma": 0.09416077444853219}, "datetime": {"datetime": "2021-09-18 14:03:03", "elapsed": 277.6606, "delta": 1.246185}}
{"target": 0.9052136608657736, "params": {"C": 114.36699747462353, "epsilon": 0.47873280937932655, "gamma": 0.09315185074645627}, "datetime": {"datetime": "2021-09-18 14:03:05", "elapsed": 279.681825, "delta": 2.021225}}
{"target": 0.8921970009548645, "params": {"C": 78.54440890131869, "epsilon": 0.3194454729667796, "gamma": 0.05788609202603806}, "datetime": {"datetime": "2021-09-18 14:03:06", "elapsed": 280.840385, "delta": 1.15856}}
{"target": 0.8963263547496202, "params": {"C": 96.65702094796723, "epsilon": 0.20145922160126764, "gamma": 0.060184597434081014}, "datetime": {"datetime": "2021-09-18 14:03:07", "elapsed": 282.145371, "delta": 1.304986}}
{"target": 0.8994725088900429, "params": {"C": 114.380571392244, "epsilon": 0.5056396783218635, "gamma": 0.07126956332490691}, "datetime": {"datetime": "2021-09-18 14:03:09", "elapsed": 284.236142, "delta": 2.090771}}
{"target": 0.9013125943526588, "params": {"C": 90.22604385733953, "epsilon": 0.6166532862868849, "gamma": 0.11465727379083325}, "datetime": {"datetime": "2021-09-18 14:03:11", "elapsed": 285.405783, "delta": 1.169641}}
{"target": 0.8977790623427903, "params": {"C": 114.37681615314155, "epsilon": 0.5063172762044903, "gamma": 0.13094077874511462}, "datetime": {"datetime": "2021-09-18 14:03:13", "elapsed": 287.372516, "delta": 1.966733}}
{"target": 0.8993438505106889, "params": {"C": 119.03639912362337, "epsilon": 0.5034563853429713, "gamma": 0.06847080217295762}, "datetime": {"datetime": "2021-09-18 14:03:14", "elapsed": 289.218847, "delta": 1.846331}}
{"target": 0.9035092136256022, "params": {"C": 119.05521860278006, "epsilon": 0.5471504886767732, "gamma": 0.10976577951126101}, "datetime": {"datetime": "2021-09-18 14:03:17", "elapsed": 291.420889, "delta": 2.202042}}
{"target": 0.9054662287558273, "params": {"C": 114.38268485999942, "epsilon": 0.4441598478036724, "gamma": 0.0954762326206059}, "datetime": {"datetime": "2021-09-18 14:03:19", "elapsed": 293.326788, "delta": 1.905899}}
{"target": 0.9005992760715927, "params": {"C": 114.36373881151357, "epsilon": 0.43341424306327564, "gamma": 0.11955177130106989}, "datetime": {"datetime": "2021-09-18 14:03:20", "elapsed": 295.22569, "delta": 1.898902}}
{"target": 0.8999408633083561, "params": {"C": 114.31892401481716, "epsilon": 0.49548047733609085, "gamma": 0.07310471427565804}, "datetime": {"datetime": "2021-09-18 14:03:22", "elapsed": 297.255221, "delta": 2.029531}}
{"target": 0.8976240792880906, "params": {"C": 108.4513989109527, "epsilon": 0.5234924888303635, "gamma": 0.06097581695163301}, "datetime": {"datetime": "2021-09-18 14:03:24", "elapsed": 299.257003, "delta": 2.001782}}
{"target": 0.8920990778166362, "params": {"C": 88.92220928536607, "epsilon": 0.4049145320891506, "gamma": 0.1494773757279208}, "datetime": {"datetime": "2021-09-18 14:03:26", "elapsed": 300.418809, "delta": 1.161806}}
{"target": 0.8961851661453332, "params": {"C": 116.87214909506122, "epsilon": 0.7447448978688115, "gamma": 0.13903522880790875}, "datetime": {"datetime": "2021-09-18 14:03:27", "elapsed": 301.595292, "delta": 1.176483}}
{"target": 0.8966007766117001, "params": {"C": 108.48085385488739, "epsilon": 0.5008198171730597, "gamma": 0.1376786230725659}, "datetime": {"datetime": "2021-09-18 14:03:29", "elapsed": 303.487238, "delta": 1.891946}}
{"target": 0.9055869181840032, "params": {"C": 117.12302215389764, "epsilon": 0.6451046141090221, "gamma": 0.09099203221785032}, "datetime": {"datetime": "2021-09-18 14:03:30", "elapsed": 304.697117, "delta": 1.209879}}
{"target": 0.9060346681523455, "params": {"C": 117.1473633384399, "epsilon": 0.6542301529242933, "gamma": 0.09574306452598105}, "datetime": {"datetime": "2021-09-18 14:03:32", "elapsed": 306.457504, "delta": 1.760387}}
{"target": 0.8981105587912925, "params": {"C": 104.04168700425689, "epsilon": 0.7187748267758982, "gamma": 0.07468135771587676}, "datetime": {"datetime": "2021-09-18 14:03:33", "elapsed": 307.653549, "delta": 1.196045}}
{"target": 0.8909370363723486, "params": {"C": 117.10457067206886, "epsilon": 0.6700674466114424, "gamma": 0.05223153348886953}, "datetime": {"datetime": "2021-09-18 14:03:35", "elapsed": 309.793953, "delta": 2.140404}}
{"target": 0.896302020042272, "params": {"C": 91.97388600098606, "epsilon": 0.27786514369420834, "gamma": 0.13332169386611753}, "datetime": {"datetime": "2021-09-18 14:03:36", "elapsed": 310.924402, "delta": 1.130449}}
{"target": 0.8956094423309429, "params": {"C": 114.39809499041462, "epsilon": 0.44640809677088894, "gamma": 0.05437502318609914}, "datetime": {"datetime": "2021-09-18 14:03:38", "elapsed": 313.045805, "delta": 2.121403}}
{"target": 0.8996442889030862, "params": {"C": 116.61554445900984, "epsilon": 0.567657072211744, "gamma": 0.07231290591449718}, "datetime": {"datetime": "2021-09-18 14:03:39", "elapsed": 314.18828, "delta": 1.142475}}
{"target": 0.9029399505007597, "params": {"C": 119.03202398714186, "epsilon": 0.5648896846832655, "gamma": 0.08257080540563415}, "datetime": {"datetime": "2021-09-18 14:03:41", "elapsed": 316.095408, "delta": 1.907128}}
{"target": 0.9024403717028415, "params": {"C": 118.93821431258147, "epsilon": 0.6682434705784511, "gamma": 0.07928786683890543}, "datetime": {"datetime": "2021-09-18 14:03:43", "elapsed": 317.855304, "delta": 1.759896}}
{"target": 0.8973242883998519, "params": {"C": 82.36783021829653, "epsilon": 0.09935089740418171, "gamma": 0.10985640412167949}, "datetime": {"datetime": "2021-09-18 14:03:44", "elapsed": 319.026314, "delta": 1.17101}}
{"target": 0.902369185160023, "params": {"C": 119.03555864272263, "epsilon": 0.5145863200461406, "gamma": 0.11348931975649751}, "datetime": {"datetime": "2021-09-18 14:03:48", "elapsed": 322.405455, "delta": 3.379141}}
{"target": 0.9023256735959584, "params": {"C": 117.13705097161558, "epsilon": 0.6321209534353905, "gamma": 0.11385202063618458}, "datetime": {"datetime": "2021-09-18 14:03:50", "elapsed": 324.398471, "delta": 1.993016}}
{"target": 0.9048475534616698, "params": {"C": 117.19635273977563, "epsilon": 0.6449388050473854, "gamma": 0.08661924316858681}, "datetime": {"datetime": "2021-09-18 14:03:52", "elapsed": 326.424302, "delta": 2.025831}}
{"target": 0.9029935974950906, "params": {"C": 118.99604886928455, "epsilon": 0.5544272797084727, "gamma": 0.1116071530938808}, "datetime": {"datetime": "2021-09-18 14:03:54", "elapsed": 328.34938, "delta": 1.925078}}
{"target": 0.9008041109305815, "params": {"C": 117.22834447364772, "epsilon": 0.6278188258030889, "gamma": 0.07616054274711678}, "datetime": {"datetime": "2021-09-18 14:03:56", "elapsed": 331.165233, "delta": 2.815853}}
{"target": 0.8996439858972192, "params": {"C": 117.18421104616331, "epsilon": 0.656336457545429, "gamma": 0.1247211061982367}, "datetime": {"datetime": "2021-09-18 14:03:58", "elapsed": 333.141029, "delta": 1.975796}}
{"target": 0.8958959340775137, "params": {"C": 117.17771774055788, "epsilon": 0.6807732067655248, "gamma": 0.06413262827593638}, "datetime": {"datetime": "2021-09-18 14:04:01", "elapsed": 335.673995, "delta": 2.532966}}
{"target": 0.9060453262734244, "params": {"C": 117.16838254482457, "epsilon": 0.6382171564289576, "gamma": 0.0966718911082999}, "datetime": {"datetime": "2021-09-18 14:04:03", "elapsed": 337.96966, "delta": 2.295665}}
{"target": 0.9023625844254792, "params": {"C": 113.31414517376768, "epsilon": 0.1971353239193225, "gamma": 0.10947156244255529}, "datetime": {"datetime": "2021-09-18 14:04:05", "elapsed": 339.339142, "delta": 1.369482}}
{"target": 0.8974179350562439, "params": {"C": 87.08317851693447, "epsilon": 0.45372933704232143, "gamma": 0.13155273900423986}, "datetime": {"datetime": "2021-09-18 14:04:06", "elapsed": 340.658205, "delta": 1.319063}}
{"target": 0.90483746904983, "params": {"C": 118.98422946659595, "epsilon": 0.4914419944304426, "gamma": 0.10392517898149072}, "datetime": {"datetime": "2021-09-18 14:04:08", "elapsed": 342.936894, "delta": 2.278689}}
{"target": 0.8996114259913809, "params": {"C": 83.07842347205363, "epsilon": 0.6706413744372557, "gamma": 0.08905473234626093}, "datetime": {"datetime": "2021-09-18 14:04:09", "elapsed": 344.251175, "delta": 1.314281}}
{"target": 0.8996956719190677, "params": {"C": 117.17589431209407, "epsilon": 0.639334164846333, "gamma": 0.07300951007626147}, "datetime": {"datetime": "2021-09-18 14:04:11", "elapsed": 346.222162, "delta": 1.970987}}
{"target": 0.8949043737914487, "params": {"C": 118.95424713551296, "epsilon": 0.6281837767449004, "gamma": 0.05731672698077442}, "datetime": {"datetime": "2021-09-18 14:04:14", "elapsed": 348.588104, "delta": 2.365942}}
{"target": 0.9038735314308479, "params": {"C": 112.56147000947539, "epsilon": 0.6994387106578921, "gamma": 0.10799478177240739}, "datetime": {"datetime": "2021-09-18 14:04:16", "elapsed": 350.673545, "delta": 2.085441}}
{"target": 0.9055685723281464, "params": {"C": 118.99277942190639, "epsilon": 0.6135753507556717, "gamma": 0.10169741932162427}, "datetime": {"datetime": "2021-09-18 14:04:18", "elapsed": 352.677073, "delta": 2.003528}}
{"target": 0.9004955141029062, "params": {"C": 118.97862757535151, "epsilon": 0.5042770263530634, "gamma": 0.0732457050160207}, "datetime": {"datetime": "2021-09-18 14:04:20", "elapsed": 355.000665, "delta": 2.323592}}
{"target": 0.8989918804451028, "params": {"C": 75.81724178523497, "epsilon": 0.36347046722395887, "gamma": 0.10820026652578506}, "datetime": {"datetime": "2021-09-18 14:04:22", "elapsed": 356.345049, "delta": 1.344384}}
{"target": 0.8959258995095873, "params": {"C": 84.18006088463831, "epsilon": 0.4080962674396273, "gamma": 0.06266884062587655}, "datetime": {"datetime": "2021-09-18 14:04:23", "elapsed": 357.830521, "delta": 1.485472}}
{"target": 0.9031145234935156, "params": {"C": 117.11654635333201, "epsilon": 0.6534248531259478, "gamma": 0.11128944910018457}, "datetime": {"datetime": "2021-09-18 14:04:25", "elapsed": 359.921103, "delta": 2.090582}}
{"target": 0.8919444611698248, "params": {"C": 93.39674499154715, "epsilon": 0.02989326556507893, "gamma": 0.14863037887087682}, "datetime": {"datetime": "2021-09-18 14:04:27", "elapsed": 361.432195, "delta": 1.511092}}
{"target": 0.8930377008687966, "params": {"C": 147.53198042323166, "epsilon": 0.5818531048848834, "gamma": 0.05001143748173449}, "datetime": {"datetime": "2021-09-18 14:27:27", "elapsed": 0.0, "delta": 0.0}}
{"target": 0.897050703647669, "params": {"C": 137.20993153686558, "epsilon": 0.1344695948373482, "gamma": 0.059233859476879785}, "datetime": {"datetime": "2021-09-18 14:27:27", "elapsed": 0.067997, "delta": 0.067997}}
{"target": 0.904547329815723, "params": {"C": 126.76341902399038, "epsilon": 0.28953736709357725, "gamma": 0.089676747423067}, "datetime": {"datetime": "2021-09-18 14:27:27", "elapsed": 0.133003, "delta": 0.065006}}
{"target": 0.8995240785846115, "params": {"C": 158.49350606030214, "epsilon": 0.34697172123457, "gamma": 0.11852195003967594}, "datetime": {"datetime": "2021-09-18 14:27:27", "elapsed": 0.210997, "delta": 0.077994}}
{"target": 0.8916562886748777, "params": {"C": 128.40070247583657, "epsilon": 0.7049316003849375, "gamma": 0.05273875931979262}, "datetime": {"datetime": "2021-09-18 14:27:27", "elapsed": 0.268963, "delta": 0.057966}}
{"target": 0.9034235705629338, "params": {"C": 170.34207591605622, "epsilon": 0.34549774584635906, "gamma": 0.10586898284457516}, "datetime": {"datetime": "2021-09-18 14:27:27", "elapsed": 0.34798, "delta": 0.079017}}
{"target": 0.8992287076740018, "params": {"C": 143.82563426879, "epsilon": 0.6361052573203001, "gamma": 0.12744469020952875}, "datetime": {"datetime": "2021-09-18 14:27:27", "elapsed": 0.464958, "delta": 0.116978}}
{"target": 0.9017867552228278, "params": {"C": 157.90681282856755, "epsilon": 0.6341595268662761, "gamma": 0.0674899774780748}, "datetime": {"datetime": "2021-09-18 14:27:27", "elapsed": 0.586998, "delta": 0.12204}}
{"target": 0.8946841212921046, "params": {"C": 126.21681359518291, "epsilon": 0.21970744866553077, "gamma": 0.0517089832057425}, "datetime": {"datetime": "2021-09-18 14:27:28", "elapsed": 0.765941, "delta": 0.178943}}
{"target": 0.8925873278537553, "params": {"C": 130.47633812042025, "epsilon": 0.1413601979628096, "gamma": 0.1447303451077167}, "datetime": {"datetime": "2021-09-18 14:27:28", "elapsed": 0.88999, "delta": 0.124049}}
{"target": 0.9035599570009338, "params": {"C": 175.36304466930983, "epsilon": 0.5883173708035397, "gamma": 0.06946880315822752}, "datetime": {"datetime": "2021-09-18 14:27:28", "elapsed": 1.004986, "delta": 0.114996}}
