{"target": -2.1880153220445915, "params": {"C": 38.80252644693796, "epsilon": 0.4243547004161198, "gamma": 0.019506983571201734}, "datetime": {"datetime": "2021-09-18 11:05:11", "elapsed": 1.147327, "delta": 0.276962}}
{"target": -2.2805045422363492, "params": {"C": 96.65841816558965, "epsilon": 0.9961407166214873, "gamma": 0.09943692158654464}, "datetime": {"datetime": "2021-09-18 11:05:11", "elapsed": 1.247326, "delta": 0.099999}}
{"target": -2.6979972122988096, "params": {"C": 61.65495421561399, "epsilon": 1.2617838927310376, "gamma": 0.19602300328926966}, "datetime": {"datetime": "2021-09-18 11:05:11", "elapsed": 1.340327, "delta": 0.093001}}
{"target": -2.037978887784793, "params": {"C": 38.945624103707274, "epsilon": 0.7591843627331876, "gamma": 0.05298254641141062}, "datetime": {"datetime": "2021-09-18 11:05:12", "elapsed": 1.529332, "delta": 0.189005}}
{"target": -2.2965739986203393, "params": {"C": 38.73991939212795, "epsilon": 0.7062152439818262, "gamma": 0.13076891857859035}, "datetime": {"datetime": "2021-09-18 11:05:12", "elapsed": 1.711327, "delta": 0.181995}}
{"target": -2.0875489854411398, "params": {"C": 75.78336447007439, "epsilon": 0.8219117729513385, "gamma": 0.0828097417563539}, "datetime": {"datetime": "2021-09-18 11:05:12", "elapsed": 1.817362, "delta": 0.106035}}
{"target": -2.0342571919870625, "params": {"C": 75.74899780097701, "epsilon": 0.8271174542396431, "gamma": 0.0700129568923138}, "datetime": {"datetime": "2021-09-18 11:05:12", "elapsed": 1.933322, "delta": 0.11596}}
{"target": -2.2803668649617985, "params": {"C": 45.55003507631034, "epsilon": 1.146546170898174, "gamma": 0.022705403675459854}, "datetime": {"datetime": "2021-09-18 11:05:12", "elapsed": 2.035368, "delta": 0.102046}}
{"target": -2.048892520684294, "params": {"C": 75.57966901982883, "epsilon": 0.841729295341482, "gamma": 0.07413258932719415}, "datetime": {"datetime": "2021-09-18 11:05:12", "elapsed": 2.21433, "delta": 0.178962}}
{"target": -2.0514914358353686, "params": {"C": 69.86515137960686, "epsilon": 0.16914181575851972, "gamma": 0.03218772684004128}, "datetime": {"datetime": "2021-09-18 11:05:12", "elapsed": 2.370323, "delta": 0.155993}}
{"target": -2.4169778747118804, "params": {"C": 71.02184955384126, "epsilon": 0.8361321042721752, "gamma": 0.13418531485733817}, "datetime": {"datetime": "2021-09-18 11:05:13", "elapsed": 2.485327, "delta": 0.115004}}
{"target": -2.00676646840663, "params": {"C": 75.67406459209168, "epsilon": 0.6091208759024855, "gamma": 0.0522464329230907}, "datetime": {"datetime": "2021-09-18 11:05:13", "elapsed": 2.767326, "delta": 0.281999}}
{"target": -2.0937954760577817, "params": {"C": 70.0153377537107, "epsilon": 0.37254406160188586, "gamma": 0.09170902041856942}, "datetime": {"datetime": "2021-09-18 11:05:13", "elapsed": 3.024332, "delta": 0.257006}}
{"target": -2.0709722084148616, "params": {"C": 69.63231852583411, "epsilon": 0.3072044353630917, "gamma": 0.08850654279616363}, "datetime": {"datetime": "2021-09-18 11:05:13", "elapsed": 3.225325, "delta": 0.200993}}
{"target": -2.222184592609712, "params": {"C": 39.19155236638343, "epsilon": 1.0025446604161357, "gamma": 0.02716574587013263}, "datetime": {"datetime": "2021-09-18 11:05:13", "elapsed": 3.384372, "delta": 0.159047}}
{"target": -2.307500175043419, "params": {"C": 69.77426396951147, "epsilon": 0.5441669555340809, "gamma": 0.01}, "datetime": {"datetime": "2021-09-18 11:05:14", "elapsed": 3.579326, "delta": 0.194954}}
{"target": -2.2962185478790906, "params": {"C": 42.25313863849, "epsilon": 0.09727374761929582, "gamma": 0.14373067300939885}, "datetime": {"datetime": "2021-09-18 11:05:14", "elapsed": 3.727326, "delta": 0.148}}
{"target": -2.4202800706163483, "params": {"C": 69.65630139001442, "epsilon": 0.002785506032273447, "gamma": 0.1675025620353906}, "datetime": {"datetime": "2021-09-18 11:05:14", "elapsed": 4.042324, "delta": 0.314998}}
{"target": -2.301899425128735, "params": {"C": 70.10384819047883, "epsilon": 0.14963619153016214, "gamma": 0.01}, "datetime": {"datetime": "2021-09-18 11:05:14", "elapsed": 4.378324, "delta": 0.336}}
{"target": -2.009332439177694, "params": {"C": 87.94029823995913, "epsilon": 0.6278238670099154, "gamma": 0.06625698930105643}, "datetime": {"datetime": "2021-09-18 11:05:15", "elapsed": 4.544329, "delta": 0.166005}}
{"target": -2.2090686404746527, "params": {"C": 88.08945641332497, "epsilon": 0.5061087189662066, "gamma": 0.10070415252384933}, "datetime": {"datetime": "2021-09-18 11:05:15", "elapsed": 4.841328, "delta": 0.296999}}
{"target": -2.513395673922578, "params": {"C": 87.7894409308181, "epsilon": 0.5402357959119736, "gamma": 0.15987838834945176}, "datetime": {"datetime": "2021-09-18 11:05:15", "elapsed": 5.071334, "delta": 0.230006}}
{"target": -2.4099973937968757, "params": {"C": 28.22439979639994, "epsilon": 0.6223529463652714, "gamma": 0.01100539887210283}, "datetime": {"datetime": "2021-09-18 11:05:15", "elapsed": 5.220328, "delta": 0.148994}}
{"target": -2.004002184258678, "params": {"C": 88.07759116588727, "epsilon": 0.7206817514517884, "gamma": 0.04785109979198147}, "datetime": {"datetime": "2021-09-18 11:05:16", "elapsed": 5.51533, "delta": 0.295002}}
{"target": -2.274612708082215, "params": {"C": 87.93024829202042, "epsilon": 0.7789895149430898, "gamma": 0.1050585491483046}, "datetime": {"datetime": "2021-09-18 11:05:16", "elapsed": 5.805362, "delta": 0.290032}}
{"target": -2.2511800994549076, "params": {"C": 69.85011142001076, "epsilon": 0.2451150752322823, "gamma": 0.12098987562786036}, "datetime": {"datetime": "2021-09-18 11:05:16", "elapsed": 6.268335, "delta": 0.462973}}
{"target": -2.0453079981355744, "params": {"C": 32.740095100812624, "epsilon": 0.08581758697090011, "gamma": 0.08023275486009604}, "datetime": {"datetime": "2021-09-18 11:05:16", "elapsed": 6.438327, "delta": 0.169992}}
{"target": -2.1132490720782164, "params": {"C": 57.768670524263946, "epsilon": 0.2902894102630641, "gamma": 0.024395523884578912}, "datetime": {"datetime": "2021-09-18 11:05:17", "elapsed": 6.616325, "delta": 0.177998}}
{"target": -2.3279939052885466, "params": {"C": 75.65892002191025, "epsilon": 0.7329085288573973, "gamma": 0.01}, "datetime": {"datetime": "2021-09-18 11:05:17", "elapsed": 6.944247, "delta": 0.327922}}
{"target": -2.1370699436079352, "params": {"C": 88.01437246327184, "epsilon": 0.688700777321963, "gamma": 0.022855976660743956}, "datetime": {"datetime": "2021-09-18 11:05:17", "elapsed": 7.147249, "delta": 0.203002}}
{"target": -2.1663755023795246, "params": {"C": 75.6214857126962, "epsilon": 0.903849556652397, "gamma": 0.09141581345371336}, "datetime": {"datetime": "2021-09-18 11:05:17", "elapsed": 7.392286, "delta": 0.245037}}
{"target": -1.9977149075640575, "params": {"C": 75.71049982860919, "epsilon": 0.5219049334723109, "gamma": 0.05776402781937122}, "datetime": {"datetime": "2021-09-18 11:05:18", "elapsed": 7.718246, "delta": 0.32596}}
{"target": -2.406330892565697, "params": {"C": 75.59179285479803, "epsilon": 0.5061437276411356, "gamma": 0.1419887696832201}, "datetime": {"datetime": "2021-09-18 11:05:18", "elapsed": 8.098505, "delta": 0.380259}}
{"target": -2.3028168424193733, "params": {"C": 75.69289415512586, "epsilon": 0.5556414246500222, "gamma": 0.010019782508874682}, "datetime": {"datetime": "2021-09-18 11:05:18", "elapsed": 8.303459, "delta": 0.204954}}
{"target": -2.183408866211831, "params": {"C": 44.10452580211885, "epsilon": 1.2682506064947836, "gamma": 0.03482479425907606}, "datetime": {"datetime": "2021-09-18 11:05:18", "elapsed": 8.475459, "delta": 0.172}}
{"target": -2.53850381365539, "params": {"C": 81.60271279521615, "epsilon": 0.35464115620166914, "gamma": 0.1762861960983898}, "datetime": {"datetime": "2021-09-18 11:05:19", "elapsed": 8.689453, "delta": 0.213994}}
{"target": -2.1269347467774753, "params": {"C": 75.71333445957949, "epsilon": 0.5601962875782058, "gamma": 0.09270670789749952}, "datetime": {"datetime": "2021-09-18 11:05:19", "elapsed": 8.914453, "delta": 0.225}}
{"target": -2.667185826665868, "params": {"C": 85.81522903222908, "epsilon": 1.1208943742242496, "gamma": 0.17901050949579855}, "datetime": {"datetime": "2021-09-18 11:05:19", "elapsed": 9.118461, "delta": 0.204008}}
{"target": -2.077379309890611, "params": {"C": 79.48768670766825, "epsilon": 1.1384867044882976, "gamma": 0.05168980399775769}, "datetime": {"datetime": "2021-09-18 11:05:19", "elapsed": 9.307462, "delta": 0.189001}}
{"target": -2.07862788825449, "params": {"C": 75.66199191090463, "epsilon": 0.6492064658830631, "gamma": 0.08276373716094691}, "datetime": {"datetime": "2021-09-18 11:05:20", "elapsed": 9.507497, "delta": 0.200035}}
{"target": -2.0755304672361707, "params": {"C": 79.50260933834011, "epsilon": 1.0921069594440618, "gamma": 0.04120156979873395}, "datetime": {"datetime": "2021-09-18 11:05:20", "elapsed": 9.706462, "delta": 0.198965}}
{"target": -2.0824299936696478, "params": {"C": 38.95874928414132, "epsilon": 0.5617945781257564, "gamma": 0.08264571103307691}, "datetime": {"datetime": "2021-09-18 11:05:20", "elapsed": 10.024869, "delta": 0.318407}}
{"target": -2.0988519990158956, "params": {"C": 79.48809322625058, "epsilon": 1.0929973861768105, "gamma": 0.03554096501831551}, "datetime": {"datetime": "2021-09-18 11:05:20", "elapsed": 10.285466, "delta": 0.260597}}
{"target": -2.3138693632043124, "params": {"C": 88.0452979805066, "epsilon": 0.6325688615657001, "gamma": 0.11626418847514114}, "datetime": {"datetime": "2021-09-18 11:05:21", "elapsed": 10.577514, "delta": 0.292048}}
{"target": -2.202499124684078, "params": {"C": 88.14109367543969, "epsilon": 0.7636348861942954, "gamma": 0.0950777926207879}, "datetime": {"datetime": "2021-09-18 11:05:21", "elapsed": 10.842471, "delta": 0.264957}}
{"target": -2.2530617947096343, "params": {"C": 75.71874009717138, "epsilon": 0.4857796807394385, "gamma": 0.11253698452914809}, "datetime": {"datetime": "2021-09-18 11:05:21", "elapsed": 11.085464, "delta": 0.242993}}
{"target": -2.622288788849885, "params": {"C": 28.165293708966175, "epsilon": 0.9864948803234533, "gamma": 0.19832230848486027}, "datetime": {"datetime": "2021-09-18 11:05:21", "elapsed": 11.297465, "delta": 0.212001}}
{"target": -2.0503323631959423, "params": {"C": 38.921391411615076, "epsilon": 0.8151535647753324, "gamma": 0.04627019611152217}, "datetime": {"datetime": "2021-09-18 11:05:22", "elapsed": 11.627088, "delta": 0.329623}}
{"target": -2.6743966724954364, "params": {"C": 33.14796551607482, "epsilon": 1.2231374382603786, "gamma": 0.19517962279896486}, "datetime": {"datetime": "2021-09-18 11:05:22", "elapsed": 11.847084, "delta": 0.219996}}
{"target": -2.120140294099269, "params": {"C": 90.38102513709767, "epsilon": 0.26797489841229055, "gamma": 0.08956937836010183}, "datetime": {"datetime": "2021-09-18 11:05:22", "elapsed": 12.09551, "delta": 0.248426}}
{"target": -2.2559547838615357, "params": {"C": 30.393411587054516, "epsilon": 0.23424525545284702, "gamma": 0.13872173616070382}, "datetime": {"datetime": "2021-09-18 11:05:22", "elapsed": 12.340878, "delta": 0.245368}}
{"target": -2.2390370969313924, "params": {"C": 75.7635453099955, "epsilon": 0.8837323664721136, "gamma": 0.0177825553287378}, "datetime": {"datetime": "2021-09-18 11:05:23", "elapsed": 12.741915, "delta": 0.401037}}
{"target": -2.301635326845174, "params": {"C": 69.79250155858892, "epsilon": 0.1554898886365805, "gamma": 0.01}, "datetime": {"datetime": "2021-09-18 11:05:23", "elapsed": 13.095486, "delta": 0.353571}}
{"target": -2.008697134920246, "params": {"C": 87.9497853586991, "epsilon": 0.5544118063318607, "gamma": 0.04226060335080257}, "datetime": {"datetime": "2021-09-18 11:05:24", "elapsed": 13.543486, "delta": 0.448}}
{"target": -2.4371798057795986, "params": {"C": 44.2976333432196, "epsilon": 1.1122866276804058, "gamma": 0.13559408649313134}, "datetime": {"datetime": "2021-09-18 11:05:24", "elapsed": 13.756526, "delta": 0.21304}}
{"target": -2.0420596595806475, "params": {"C": 87.95256802727695, "epsilon": 0.539824039039814, "gamma": 0.03627955737891751}, "datetime": {"datetime": "2021-09-18 11:05:24", "elapsed": 14.009482, "delta": 0.252956}}
{"target": -2.1415479801621338, "params": {"C": 31.46861050409674, "epsilon": 0.8208541053881891, "gamma": 0.03755598497439697}, "datetime": {"datetime": "2021-09-18 11:05:24", "elapsed": 14.231615, "delta": 0.222133}}
{"target": -2.3099469020463688, "params": {"C": 79.53842334668961, "epsilon": 1.124384735965072, "gamma": 0.10262598107300423}, "datetime": {"datetime": "2021-09-18 11:05:24", "elapsed": 14.47865, "delta": 0.247035}}
{"target": -2.1873741952010657, "params": {"C": 38.85688368004463, "epsilon": 0.7728146223079383, "gamma": 0.03032364686582266}, "datetime": {"datetime": "2021-09-18 11:05:25", "elapsed": 14.799657, "delta": 0.321007}}
{"target": -2.3551608610088035, "params": {"C": 32.74275617757284, "epsilon": 0.1257997436794991, "gamma": 0.16226021799190318}, "datetime": {"datetime": "2021-09-18 11:05:25", "elapsed": 15.126608, "delta": 0.326951}}
{"target": -2.0273134805660966, "params": {"C": 87.9027206246066, "epsilon": 0.6650970026529123, "gamma": 0.03865752168806252}, "datetime": {"datetime": "2021-09-18 11:05:25", "elapsed": 15.465613, "delta": 0.339005}}
{"target": -2.0707231176386434, "params": {"C": 88.03822102223143, "epsilon": 0.7829037776049247, "gamma": 0.02916681228047624}, "datetime": {"datetime": "2021-09-18 11:05:26", "elapsed": 15.799614, "delta": 0.334001}}
{"target": -2.375304876805183, "params": {"C": 75.69344718489047, "epsilon": 0.8176696405339258, "gamma": 0.12498641670573334}, "datetime": {"datetime": "2021-09-18 11:05:26", "elapsed": 16.220851, "delta": 0.421237}}
{"target": -2.1053538214097762, "params": {"C": 88.06445369034067, "epsilon": 0.730917697577027, "gamma": 0.026208948803418126}, "datetime": {"datetime": "2021-09-18 11:05:27", "elapsed": 16.497466, "delta": 0.276615}}
{"target": -2.231980617028099, "params": {"C": 38.98718964442719, "epsilon": 0.789570666442581, "gamma": 0.018827032403932006}, "datetime": {"datetime": "2021-09-18 11:05:27", "elapsed": 16.823469, "delta": 0.326003}}
{"target": -2.4479495107261484, "params": {"C": 59.375338721510765, "epsilon": 1.4539254543045477, "gamma": 0.11811837247342388}, "datetime": {"datetime": "2021-09-18 11:05:27", "elapsed": 17.090465, "delta": 0.266996}}
{"target": -2.284711426455137, "params": {"C": 88.05286889279643, "epsilon": 0.7788723034052287, "gamma": 0.10685954777368309}, "datetime": {"datetime": "2021-09-18 11:05:28", "elapsed": 17.498466, "delta": 0.408001}}
{"target": -2.4425672091605968, "params": {"C": 35.08507114773714, "epsilon": 1.4079625250952907, "gamma": 0.011799534116766812}, "datetime": {"datetime": "2021-09-18 11:05:28", "elapsed": 17.727506, "delta": 0.22904}}
{"target": -2.220136331777704, "params": {"C": 87.91225912941732, "epsilon": 0.5741488526204602, "gamma": 0.1007275188302056}, "datetime": {"datetime": "2021-09-18 11:05:28", "elapsed": 18.137589, "delta": 0.410083}}
{"target": -2.1391441268075213, "params": {"C": 38.25803144336691, "epsilon": 0.31389912801080316, "gamma": 0.11081408127137503}, "datetime": {"datetime": "2021-09-18 11:05:29", "elapsed": 18.524169, "delta": 0.38658}}
{"target": -2.241058581104346, "params": {"C": 86.90597237738336, "epsilon": 0.1799258398080444, "gamma": 0.1160786827040419}, "datetime": {"datetime": "2021-09-18 11:05:29", "elapsed": 18.803169, "delta": 0.279}}
{"target": -2.2510923794835462, "params": {"C": 38.97046558743173, "epsilon": 0.7682735675582094, "gamma": 0.12089104961717881}, "datetime": {"datetime": "2021-09-18 11:05:29", "elapsed": 19.124165, "delta": 0.320996}}
{"target": -2.6624303950333426, "params": {"C": 63.35410022510045, "epsilon": 1.066163505987147, "gamma": 0.18727723770703447}, "datetime": {"datetime": "2021-09-18 11:05:29", "elapsed": 19.387165, "delta": 0.263}}
{"target": -2.3076800791820835, "params": {"C": 75.5023256799416, "epsilon": 0.8285562932233056, "gamma": 0.11221393501664621}, "datetime": {"datetime": "2021-09-18 11:05:30", "elapsed": 19.986165, "delta": 0.599}}
{"target": -2.40109740833852, "params": {"C": 87.33215524278619, "epsilon": 1.2605110560034767, "gamma": 0.11212290383645948}, "datetime": {"datetime": "2021-09-18 11:05:30", "elapsed": 20.251636, "delta": 0.265471}}
{"target": -2.1394518749048523, "params": {"C": 32.753614741534626, "epsilon": 0.12844328371926111, "gamma": 0.029719488216696843}, "datetime": {"datetime": "2021-09-18 11:05:31", "elapsed": 20.600596, "delta": 0.34896}}
{"target": -2.447274796193431, "params": {"C": 84.44665365625211, "epsilon": 0.21144060020699554, "gamma": 0.16052970414048423}, "datetime": {"datetime": "2021-09-18 11:05:31", "elapsed": 20.964599, "delta": 0.364003}}
{"target": -2.19609517791871, "params": {"C": 87.89313652558559, "epsilon": 0.5891712014162834, "gamma": 0.01654041404932507}, "datetime": {"datetime": "2021-09-18 11:05:32", "elapsed": 21.488214, "delta": 0.523615}}
{"target": -2.050608838796504, "params": {"C": 54.250804917565944, "epsilon": 0.05303196967146611, "gamma": 0.03942156200611142}, "datetime": {"datetime": "2021-09-18 11:05:32", "elapsed": 21.781217, "delta": 0.293003}}
{"target": -2.285927065148103, "params": {"C": 26.90643664373622, "epsilon": 0.054265981517246806, "gamma": 0.01566673705640357}, "datetime": {"datetime": "2021-09-18 11:05:32", "elapsed": 22.073441, "delta": 0.292224}}
{"target": -2.072226931969644, "params": {"C": 54.26753389226863, "epsilon": 0.11658862643804122, "gamma": 0.03558571628496612}, "datetime": {"datetime": "2021-09-18 11:05:32", "elapsed": 22.414873, "delta": 0.341432}}
{"target": -2.010792874510811, "params": {"C": 69.94198107170931, "epsilon": 0.15386194308489048, "gamma": 0.04363767237421168}, "datetime": {"datetime": "2021-09-18 11:05:33", "elapsed": 22.862827, "delta": 0.447954}}
{"target": -2.2986221433993714, "params": {"C": 69.92197717008627, "epsilon": 0.20336544549953725, "gamma": 0.01}, "datetime": {"datetime": "2021-09-18 11:05:33", "elapsed": 23.476435, "delta": 0.613608}}
{"target": -2.013299342116784, "params": {"C": 87.99766221194267, "epsilon": 0.5955979665665669, "gamma": 0.06773375873679834}, "datetime": {"datetime": "2021-09-18 11:05:34", "elapsed": 23.864436, "delta": 0.388001}}
{"target": -2.31522779617182, "params": {"C": 54.210129140149945, "epsilon": 0.10722536668012175, "gamma": 0.010561431631041451}, "datetime": {"datetime": "2021-09-18 11:05:34", "elapsed": 24.217313, "delta": 0.352877}}
{"target": -2.0999523286686084, "params": {"C": 88.02687489649975, "epsilon": 0.519761904542468, "gamma": 0.02558617773892951}, "datetime": {"datetime": "2021-09-18 11:05:35", "elapsed": 24.749599, "delta": 0.532286}}
{"target": -2.2908183931446366, "params": {"C": 69.89846666772692, "epsilon": 0.15156994963339548, "gamma": 0.13001700504063862}, "datetime": {"datetime": "2021-09-18 11:05:35", "elapsed": 25.272638, "delta": 0.523039}}
{"target": -2.0231845232409045, "params": {"C": 72.93287962398696, "epsilon": 0.14880014396354838, "gamma": 0.03726493411879962}, "datetime": {"datetime": "2021-09-18 11:05:36", "elapsed": 25.589636, "delta": 0.316998}}
{"target": -2.136767194389756, "params": {"C": 32.76952728281762, "epsilon": 0.04139018778394679, "gamma": 0.03775580518167902}, "datetime": {"datetime": "2021-09-18 11:05:36", "elapsed": 26.0146, "delta": 0.424964}}
{"target": -1.9727067267937928, "params": {"C": 54.34428784872227, "epsilon": 0.10806669501887999, "gamma": 0.059395054144268294}, "datetime": {"datetime": "2021-09-18 11:05:36", "elapsed": 26.376922, "delta": 0.362322}}
{"target": -2.0690395707033447, "params": {"C": 54.892809677500836, "epsilon": 0.9840186796844407, "gamma": 0.06399498034794936}, "datetime": {"datetime": "2021-09-18 11:05:37", "elapsed": 26.726619, "delta": 0.349697}}
{"target": -2.3110709884809606, "params": {"C": 54.34321766048984, "epsilon": 0.15360970464062487, "gamma": 0.010757167709107144}, "datetime": {"datetime": "2021-09-18 11:05:37", "elapsed": 27.126618, "delta": 0.399999}}
{"target": -2.0478296538038863, "params": {"C": 54.28979079308729, "epsilon": 0.15895554702997058, "gamma": 0.08826399743151715}, "datetime": {"datetime": "2021-09-18 11:05:38", "elapsed": 27.536655, "delta": 0.410037}}
{"target": -2.153927319828013, "params": {"C": 69.96951576750564, "epsilon": 0.10032755724705232, "gamma": 0.021822382228699415}, "datetime": {"datetime": "2021-09-18 11:05:38", "elapsed": 27.941612, "delta": 0.404957}}
{"target": -2.0850171226559304, "params": {"C": 47.121496228932706, "epsilon": 0.012857649165415805, "gamma": 0.039593477424278066}, "datetime": {"datetime": "2021-09-18 11:05:38", "elapsed": 28.361226, "delta": 0.419614}}
{"target": -2.5351877996692744, "params": {"C": 92.52326361688972, "epsilon": 1.2223672269954842, "gamma": 0.1371302270472549}, "datetime": {"datetime": "2021-09-18 11:05:39", "elapsed": 28.661268, "delta": 0.300042}}
{"target": -2.17038963224947, "params": {"C": 31.472939112019056, "epsilon": 0.8206117310981864, "gamma": 0.034534616789575756}, "datetime": {"datetime": "2021-09-18 11:05:39", "elapsed": 28.978261, "delta": 0.316993}}
{"target": -2.1721136470166527, "params": {"C": 54.24856357086286, "epsilon": 0.05866026464701904, "gamma": 0.11205848109128998}, "datetime": {"datetime": "2021-09-18 11:05:39", "elapsed": 29.368266, "delta": 0.390005}}
{"target": -2.287050680830245, "params": {"C": 54.3395057798035, "epsilon": 0.13519775522308491, "gamma": 0.13533857279858932}, "datetime": {"datetime": "2021-09-18 11:05:40", "elapsed": 29.785224, "delta": 0.416958}}
{"target": -2.1296741700186566, "params": {"C": 76.63523905940201, "epsilon": 0.8716888127804209, "gamma": 0.08727557854793302}, "datetime": {"datetime": "2021-09-18 11:05:40", "elapsed": 30.114894, "delta": 0.32967}}
{"target": -2.2449794279030844, "params": {"C": 87.95210590283405, "epsilon": 0.6048068616483046, "gamma": 0.013114218537615832}, "datetime": {"datetime": "2021-09-18 11:05:41", "elapsed": 30.718735, "delta": 0.603841}}
