{"target": -7.716255770245995, "params": {"C": 44.129631745921124, "epsilon": 10.31684468401158, "gamma": 1.3561829435604316}, "datetime": {"datetime": "2021-09-18 09:22:26", "elapsed": 2319.681261, "delta": 7.283952}}
{"target": -9.319078947368421, "params": {"C": 17.568697607712984, "epsilon": 23.42823772121629, "gamma": 0.0001}, "datetime": {"datetime": "2021-09-18 09:22:33", "elapsed": 2326.949792, "delta": 7.268531}}
{"target": -6.6706816569370515, "params": {"C": 29.013085352399088, "epsilon": 3.716070172769003, "gamma": 3.0}, "datetime": {"datetime": "2021-09-18 09:22:40", "elapsed": 2334.070544, "delta": 7.120752}}
{"target": -3.5477707153884164, "params": {"C": 29.6266380117862, "epsilon": 0.06378047591086236, "gamma": 0.5360740264082859}, "datetime": {"datetime": "2021-09-18 09:22:50", "elapsed": 2344.223379, "delta": 10.152835}}
{"target": -6.167111014832669, "params": {"C": 27.009562578242374, "epsilon": 1.3339425677571728, "gamma": 3.0}, "datetime": {"datetime": "2021-09-18 09:22:59", "elapsed": 2352.743828, "delta": 8.520449}}
{"target": -4.9900867782866385, "params": {"C": 28.53552358618651, "epsilon": 1.3588869330230842, "gamma": 1.2601676541916622}, "datetime": {"datetime": "2021-09-18 09:23:05", "elapsed": 2359.404456, "delta": 6.660628}}
{"target": -9.319078947368421, "params": {"C": 15.77009580078111, "epsilon": 27.230304495653428, "gamma": 0.08864773733778544}, "datetime": {"datetime": "2021-09-18 09:23:14", "elapsed": 2368.349515, "delta": 8.945059}}
{"target": -5.241455416578613, "params": {"C": 34.84296756638134, "epsilon": 2.698950533200248, "gamma": 1.2045379585368077}, "datetime": {"datetime": "2021-09-18 09:23:21", "elapsed": 2374.912352, "delta": 6.562837}}
{"target": -5.909898516000896, "params": {"C": 36.4939706813436, "epsilon": 5.093799931678213, "gamma": 1.1202255735238467}, "datetime": {"datetime": "2021-09-18 09:23:33", "elapsed": 2386.972454, "delta": 12.060102}}
{"target": -6.116647284796938, "params": {"C": 42.4726638377283, "epsilon": 8.882749017853165, "gamma": 0.0001}, "datetime": {"datetime": "2021-09-18 09:23:41", "elapsed": 2395.467652, "delta": 8.495198}}
{"target": -6.648720794981726, "params": {"C": 12.712273058014205, "epsilon": 8.309493714792618, "gamma": 0.7059370604413759}, "datetime": {"datetime": "2021-09-18 09:23:49", "elapsed": 2402.65225, "delta": 7.184598}}
{"target": -9.319078947368421, "params": {"C": 25.09573633215511, "epsilon": 26.906711619175432, "gamma": 3.0}, "datetime": {"datetime": "2021-09-18 09:23:59", "elapsed": 2412.857916, "delta": 10.205666}}
{"target": -5.714748906570297, "params": {"C": 15.290287597128467, "epsilon": 5.108244764215498, "gamma": 0.0001}, "datetime": {"datetime": "2021-09-18 09:24:08", "elapsed": 2422.360566, "delta": 9.50265}}
{"target": -6.093557152630048, "params": {"C": 16.860908963127002, "epsilon": 6.292258538921929, "gamma": 0.8865802311335819}, "datetime": {"datetime": "2021-09-18 09:24:16", "elapsed": 2429.657816, "delta": 7.29725}}
{"target": -6.262256140795763, "params": {"C": 40.045727047446604, "epsilon": 1.8034090529784421, "gamma": 3.0}, "datetime": {"datetime": "2021-09-18 09:24:32", "elapsed": 2445.867362, "delta": 16.209546}}
{"target": -3.1560852398459573, "params": {"C": 44.44546422067924, "epsilon": 5.774881902072414, "gamma": 0.01765001541630818}, "datetime": {"datetime": "2021-09-18 09:24:40", "elapsed": 2454.309349, "delta": 8.441987}}
{"target": -3.231316880575264, "params": {"C": 15.247340208942513, "epsilon": 3.108009472443173, "gamma": 0.1473571900293373}, "datetime": {"datetime": "2021-09-18 09:24:47", "elapsed": 2461.438846, "delta": 7.129497}}
{"target": -2.2232162914322418, "params": {"C": 37.191569115441226, "epsilon": 1.849204817856327, "gamma": 0.06675088309404192}, "datetime": {"datetime": "2021-09-18 09:24:56", "elapsed": 2470.551807, "delta": 9.112961}}
{"target": -2.4942397591707484, "params": {"C": 40.7134921797775, "epsilon": 0.9031704329024766, "gamma": 0.007581653933605997}, "datetime": {"datetime": "2021-09-18 09:25:10", "elapsed": 2484.150437, "delta": 13.59863}}
{"target": -5.264738309701329, "params": {"C": 18.772075720132037, "epsilon": 1.996090665203606, "gamma": 0.0001}, "datetime": {"datetime": "2021-09-18 09:25:17", "elapsed": 2490.754595, "delta": 6.604158}}
{"target": -4.877055367048544, "params": {"C": 20.1071202977006, "epsilon": 3.000632001580434, "gamma": 0.8298932987248735}, "datetime": {"datetime": "2021-09-18 09:25:24", "elapsed": 2497.862255, "delta": 7.10766}}
{"target": -9.319078947368421, "params": {"C": 50.0, "epsilon": 27.368838252399012, "gamma": 0.0001}, "datetime": {"datetime": "2021-09-18 09:25:31", "elapsed": 2505.098815, "delta": 7.23656}}
{"target": -2.3911763311192953, "params": {"C": 19.496295904659714, "epsilon": 1.1563008874770118, "gamma": 0.018914519091888276}, "datetime": {"datetime": "2021-09-18 09:25:40", "elapsed": 2514.18648, "delta": 9.087665}}
{"target": -3.877869688302384, "params": {"C": 18.54070805568761, "epsilon": 2.9891039970239013, "gamma": 0.3640959342408836}, "datetime": {"datetime": "2021-09-18 09:25:47", "elapsed": 2521.518617, "delta": 7.332137}}
{"target": -5.774490147743463, "params": {"C": 18.012323781219333, "epsilon": 1.4022900473589544, "gamma": 2.065238691474121}, "datetime": {"datetime": "2021-09-18 09:25:59", "elapsed": 2533.509232, "delta": 11.990615}}
{"target": -4.4604216898134075, "params": {"C": 39.947835968724654, "epsilon": 3.32327360389519, "gamma": 0.5687754265147257}, "datetime": {"datetime": "2021-09-18 09:26:07", "elapsed": 2540.579404, "delta": 7.070172}}
{"target": -9.319078947368421, "params": {"C": 12.616278545885365, "epsilon": 24.4366047689255, "gamma": 3.0}, "datetime": {"datetime": "2021-09-18 09:26:16", "elapsed": 2550.049245, "delta": 9.469841}}
{"target": -5.571872618499655, "params": {"C": 46.2091981126289, "epsilon": 7.413192917126556, "gamma": 0.0001}, "datetime": {"datetime": "2021-09-18 09:26:23", "elapsed": 2556.829441, "delta": 6.780196}}
{"target": -7.440457644257822, "params": {"C": 20.183461828138277, "epsilon": 9.025501111865292, "gamma": 1.6138329848537845}, "datetime": {"datetime": "2021-09-18 09:26:30", "elapsed": 2563.588268, "delta": 6.758827}}
{"target": -3.5336605797249914, "params": {"C": 44.54329823366194, "epsilon": 1.5942063314900166, "gamma": 0.4294858618567046}, "datetime": {"datetime": "2021-09-18 09:26:38", "elapsed": 2572.320652, "delta": 8.732384}}
{"target": -8.300013662938914, "params": {"C": 28.39942612363314, "epsilon": 15.054388420384992, "gamma": 0.0001}, "datetime": {"datetime": "2021-09-18 09:26:45", "elapsed": 2579.246146, "delta": 6.925494}}
{"target": -6.864422490469827, "params": {"C": 33.69322471670199, "epsilon": 4.692567848660563, "gamma": 3.0}, "datetime": {"datetime": "2021-09-18 09:26:55", "elapsed": 2588.800791, "delta": 9.554645}}
{"target": -9.319078947368421, "params": {"C": 6.7568236959484125, "epsilon": 23.47982969095265, "gamma": 2.9694448298359215}, "datetime": {"datetime": "2021-09-18 09:27:04", "elapsed": 2598.414352, "delta": 9.613561}}
{"target": -6.39051491283699, "params": {"C": 48.41086557008561, "epsilon": 2.9716543991141773, "gamma": 2.702337767871508}, "datetime": {"datetime": "2021-09-18 09:27:13", "elapsed": 2606.677217, "delta": 8.262865}}
{"target": -2.721185555563542, "params": {"C": 33.544245762835516, "epsilon": 3.571868762035877, "gamma": 0.06796051606360579}, "datetime": {"datetime": "2021-09-18 09:27:22", "elapsed": 2616.062896, "delta": 9.385679}}
{"target": -6.89027175696372, "params": {"C": 32.71288362630715, "epsilon": 11.382706827385936, "gamma": 0.0001}, "datetime": {"datetime": "2021-09-18 09:27:37", "elapsed": 2630.567686, "delta": 14.50479}}
{"target": -2.5062060092320966, "params": {"C": 41.934066933073375, "epsilon": 3.5558155947768104, "gamma": 0.036264064338240094}, "datetime": {"datetime": "2021-09-18 09:27:42", "elapsed": 2636.208633, "delta": 5.640947}}
{"target": -2.5853585688033256, "params": {"C": 41.12150620259955, "epsilon": 3.82345641121102, "gamma": 0.020900665144953225}, "datetime": {"datetime": "2021-09-18 09:27:49", "elapsed": 2643.32936, "delta": 7.120727}}
{"target": -5.3242352332545515, "params": {"C": 42.33113707108082, "epsilon": 2.663456075000113, "gamma": 1.2862241599102453}, "datetime": {"datetime": "2021-09-18 09:27:54", "elapsed": 2648.48108, "delta": 5.15172}}
{"target": -9.58368473490868, "params": {"C": 27.197514853271365, "epsilon": 21.699098666584415, "gamma": 0.0001}, "datetime": {"datetime": "2021-09-18 09:28:01", "elapsed": 2655.272878, "delta": 6.791798}}
{"target": -6.169958560318219, "params": {"C": 32.75341266933274, "epsilon": 1.3482075685678496, "gamma": 3.0}, "datetime": {"datetime": "2021-09-18 09:28:06", "elapsed": 2660.495294, "delta": 5.222416}}
{"target": -4.747679622223024, "params": {"C": 41.39975339282045, "epsilon": 3.4146039552263026, "gamma": 0.6945122056629351}, "datetime": {"datetime": "2021-09-18 09:28:15", "elapsed": 2668.590322, "delta": 8.095028}}
{"target": -8.284833752318901, "params": {"C": 47.40817081585661, "epsilon": 11.68111277490722, "gamma": 2.72014289511071}, "datetime": {"datetime": "2021-09-18 09:28:20", "elapsed": 2674.33454, "delta": 5.744218}}
{"target": -5.182258633376217, "params": {"C": 26.447746587810265, "epsilon": 4.071145545950315, "gamma": 0.0001}, "datetime": {"datetime": "2021-09-18 09:28:27", "elapsed": 2681.362145, "delta": 7.027605}}
{"target": -2.493862298378444, "params": {"C": 32.94658610344214, "epsilon": 3.1218112054342715, "gamma": 0.05257292816038808}, "datetime": {"datetime": "2021-09-18 09:28:35", "elapsed": 2688.720871, "delta": 7.358726}}
{"target": -9.319078947368421, "params": {"C": 38.9914610590116, "epsilon": 23.865244180675578, "gamma": 3.0}, "datetime": {"datetime": "2021-09-18 09:28:42", "elapsed": 2695.685868, "delta": 6.964997}}
{"target": -5.0213615072611315, "params": {"C": 21.254579560961538, "epsilon": 4.323110082232563, "gamma": 0.6706633313672657}, "datetime": {"datetime": "2021-09-18 09:28:51", "elapsed": 2704.834874, "delta": 9.149006}}
{"target": -2.4593790152976456, "params": {"C": 18.570587581213857, "epsilon": 0.7714292173829064, "gamma": 0.13956953925323554}, "datetime": {"datetime": "2021-09-18 09:28:59", "elapsed": 2712.664135, "delta": 7.829261}}
{"target": -5.28544644731178, "params": {"C": 24.78084571060322, "epsilon": 4.282801242796718, "gamma": 0.0001}, "datetime": {"datetime": "2021-09-18 09:29:05", "elapsed": 2718.582855, "delta": 5.91872}}
{"target": -2.6691018175481216, "params": {"C": 19.173364426268975, "epsilon": 3.1076144105685746, "gamma": 0.012084272267115585}, "datetime": {"datetime": "2021-09-18 09:29:13", "elapsed": 2726.7535, "delta": 8.170645}}
{"target": -6.2395104091464475, "params": {"C": 6.554040462862326, "epsilon": 0.8918603565075452, "gamma": 0.0001}, "datetime": {"datetime": "2021-09-18 09:29:18", "elapsed": 2732.032525, "delta": 5.279025}}
{"target": -5.529181672202671, "params": {"C": 27.510667512965714, "epsilon": 6.336135725066728, "gamma": 0.0001}, "datetime": {"datetime": "2021-09-18 09:29:24", "elapsed": 2737.832891, "delta": 5.800366}}
{"target": -5.865202350012914, "params": {"C": 9.897691861841379, "epsilon": 1.866899686490215, "gamma": 1.7705599389039717}, "datetime": {"datetime": "2021-09-18 09:29:29", "elapsed": 2743.293472, "delta": 5.460581}}
{"target": -3.170351498972343, "params": {"C": 49.41560744913326, "epsilon": 3.7764511811029537, "gamma": 0.1137575713002909}, "datetime": {"datetime": "2021-09-18 09:29:37", "elapsed": 2750.773607, "delta": 7.480135}}
{"target": -9.319078947368421, "params": {"C": 0.1, "epsilon": 24.21159649116862, "gamma": 3.0}, "datetime": {"datetime": "2021-09-18 09:29:42", "elapsed": 2756.043511, "delta": 5.269904}}
{"target": -3.1010200287773704, "params": {"C": 27.358096820762775, "epsilon": 0.0588816923247344, "gamma": 0.3945111224985983}, "datetime": {"datetime": "2021-09-18 09:29:50", "elapsed": 2764.049555, "delta": 8.006044}}
{"target": -2.7722210206507256, "params": {"C": 12.724302998749922, "epsilon": 3.6380903224054286, "gamma": 0.017865499012509542}, "datetime": {"datetime": "2021-09-18 09:29:57", "elapsed": 2771.220639, "delta": 7.171084}}
{"target": -9.688397065905923, "params": {"C": 7.205522881226332, "epsilon": 20.079632292140015, "gamma": 0.0001}, "datetime": {"datetime": "2021-09-18 09:30:05", "elapsed": 2778.884401, "delta": 7.663762}}
{"target": -7.338280024428032, "params": {"C": 5.489983251104371, "epsilon": 8.901281266478817, "gamma": 2.068386697972749}, "datetime": {"datetime": "2021-09-18 09:30:13", "elapsed": 2786.754022, "delta": 7.869621}}
{"target": -6.398920273328804, "params": {"C": 47.671320692288596, "epsilon": 9.971734010868953, "gamma": 0.0001}, "datetime": {"datetime": "2021-09-18 09:30:20", "elapsed": 2793.830336, "delta": 7.076314}}
{"target": -6.76366002134784, "params": {"C": 28.948523706709576, "epsilon": 10.612113707224376, "gamma": 0.0001}, "datetime": {"datetime": "2021-09-18 09:30:26", "elapsed": 2799.91933, "delta": 6.088994}}
{"target": -4.6793836922729, "params": {"C": 46.40122423593461, "epsilon": 3.4662517390168657, "gamma": 0.0001}, "datetime": {"datetime": "2021-09-18 09:30:34", "elapsed": 2807.860487, "delta": 7.941157}}
{"target": -7.139244072791598, "params": {"C": 37.52845528323447, "epsilon": 11.903129099145763, "gamma": 0.0001}, "datetime": {"datetime": "2021-09-18 09:30:39", "elapsed": 2813.125488, "delta": 5.265001}}
{"target": -4.207488261884802, "params": {"C": 39.312479493980554, "epsilon": 2.091182163384962, "gamma": 0.638054128232113}, "datetime": {"datetime": "2021-09-18 09:30:47", "elapsed": 2820.601526, "delta": 7.476038}}
{"target": -3.314783702408048, "params": {"C": 23.6392874030224, "epsilon": 0.4210822568115112, "gamma": 0.42864250528554376}, "datetime": {"datetime": "2021-09-18 09:30:52", "elapsed": 2826.050493, "delta": 5.448967}}
{"target": -8.81291058954596, "params": {"C": 11.190627647670448, "epsilon": 17.508894111417856, "gamma": 0.0001}, "datetime": {"datetime": "2021-09-18 09:31:02", "elapsed": 2835.724525, "delta": 9.674032}}
{"target": -4.963246138072558, "params": {"C": 41.22605714738269, "epsilon": 4.609045439341786, "gamma": 0.0001}, "datetime": {"datetime": "2021-09-18 09:31:09", "elapsed": 2842.879486, "delta": 7.154961}}
{"target": -5.904260182146196, "params": {"C": 48.22800512267575, "epsilon": 4.49720376939767, "gamma": 1.3065742106735971}, "datetime": {"datetime": "2021-09-18 09:31:14", "elapsed": 2848.321098, "delta": 5.441612}}
{"target": -9.319078947368421, "params": {"C": 7.832274633622529, "epsilon": 25.409778917350653, "gamma": 0.0001}, "datetime": {"datetime": "2021-09-18 09:31:24", "elapsed": 2857.835202, "delta": 9.514104}}
{"target": -2.6975242548333527, "params": {"C": 27.60779662133107, "epsilon": 0.8063809025306492, "gamma": 0.23326723254343118}, "datetime": {"datetime": "2021-09-18 09:31:30", "elapsed": 2864.002606, "delta": 6.167404}}
{"target": -5.676622880524199, "params": {"C": 8.068247835811245, "epsilon": 0.001, "gamma": 1.64485472053418}, "datetime": {"datetime": "2021-09-18 09:31:35", "elapsed": 2869.082036, "delta": 5.07943}}
{"target": -2.2647921511053495, "params": {"C": 38.93396916619125, "epsilon": 1.0744633322301733, "gamma": 0.023917631737359408}, "datetime": {"datetime": "2021-09-18 09:31:40", "elapsed": 2874.55289, "delta": 5.470854}}
{"target": -5.943784967688498, "params": {"C": 29.966138467982184, "epsilon": 0.001, "gamma": 3.0}, "datetime": {"datetime": "2021-09-18 09:31:46", "elapsed": 2879.56884, "delta": 5.01595}}
{"target": -6.483620414841394, "params": {"C": 6.529460355643871, "epsilon": 1.6193751511337684, "gamma": 2.666962900032555}, "datetime": {"datetime": "2021-09-18 09:31:53", "elapsed": 2886.762034, "delta": 7.193194}}
{"target": -9.319078947368421, "params": {"C": 20.170323776085414, "epsilon": 28.03998678472907, "gamma": 0.7351838713380736}, "datetime": {"datetime": "2021-09-18 09:32:00", "elapsed": 2894.436103, "delta": 7.674069}}
{"target": -2.1199071579295987, "params": {"C": 28.94791278218129, "epsilon": 0.8176911881127727, "gamma": 0.04423552298898673}, "datetime": {"datetime": "2021-09-18 09:32:08", "elapsed": 2902.399473, "delta": 7.96337}}
{"target": -3.4414973598464207, "params": {"C": 28.83322861727696, "epsilon": 0.825348819632547, "gamma": 0.45410453578451243}, "datetime": {"datetime": "2021-09-18 09:32:15", "elapsed": 2908.723301, "delta": 6.323828}}
{"target": -4.601949930802209, "params": {"C": 46.92833531868154, "epsilon": 2.3661078824024377, "gamma": 0.0001}, "datetime": {"datetime": "2021-09-18 09:32:21", "elapsed": 2915.03688, "delta": 6.313579}}
{"target": -3.0671847614578662, "params": {"C": 28.05601016198468, "epsilon": 1.6181592297762402, "gamma": 0.28274684510649606}, "datetime": {"datetime": "2021-09-18 09:32:27", "elapsed": 2920.662636, "delta": 5.625756}}
{"target": -2.1250588460877387, "params": {"C": 29.722348718957303, "epsilon": 0.3607082841321772, "gamma": 0.032767802924593394}, "datetime": {"datetime": "2021-09-18 09:32:32", "elapsed": 2926.281544, "delta": 5.618908}}
{"target": -4.311527422175848, "params": {"C": 11.685244921640463, "epsilon": 1.0837754701683184, "gamma": 0.6038421919167491}, "datetime": {"datetime": "2021-09-18 09:32:40", "elapsed": 2933.793422, "delta": 7.511878}}
{"target": -8.289790997255512, "params": {"C": 0.3091236538714489, "epsilon": 15.707076993354582, "gamma": 0.006291466673112279}, "datetime": {"datetime": "2021-09-18 09:32:46", "elapsed": 2939.980472, "delta": 6.18705}}
{"target": -2.64786285686861, "params": {"C": 28.950048835552977, "epsilon": 0.2134382073079415, "gamma": 0.004394469684237102}, "datetime": {"datetime": "2021-09-18 09:32:56", "elapsed": 2950.244051, "delta": 10.263579}}
{"target": -9.319078947368421, "params": {"C": 28.284734862038658, "epsilon": 28.201484399462895, "gamma": 2.9874574993281313}, "datetime": {"datetime": "2021-09-18 09:33:03", "elapsed": 2957.49839, "delta": 7.254339}}
{"target": -3.4514648401376657, "params": {"C": 46.2894205166552, "epsilon": 1.5373239570746136, "gamma": 0.4034512688347689}, "datetime": {"datetime": "2021-09-18 09:33:09", "elapsed": 2963.477637, "delta": 5.979247}}
{"target": -8.85480444924572, "params": {"C": 7.620315623363944, "epsilon": 15.755253339942966, "gamma": 0.005307621636796281}, "datetime": {"datetime": "2021-09-18 09:33:16", "elapsed": 2969.592002, "delta": 6.114365}}
{"target": -9.319078947368421, "params": {"C": 47.23459799536556, "epsilon": 29.909360218473548, "gamma": 2.9779753298295204}, "datetime": {"datetime": "2021-09-18 09:33:27", "elapsed": 2980.927948, "delta": 11.335946}}
{"target": -7.373683854904378, "params": {"C": 0.1, "epsilon": 2.871052165087286, "gamma": 0.9157658329297822}, "datetime": {"datetime": "2021-09-18 09:33:36", "elapsed": 2990.315625, "delta": 9.387677}}
{"target": -3.2485721955803495, "params": {"C": 6.685841644945462, "epsilon": 3.9927646207994045, "gamma": 0.04833710576296503}, "datetime": {"datetime": "2021-09-18 09:33:43", "elapsed": 2997.311551, "delta": 6.995926}}
{"target": -3.7157113755137074, "params": {"C": 21.773093762614014, "epsilon": 5.49308153682051, "gamma": 0.0034890619943588595}, "datetime": {"datetime": "2021-09-18 09:33:49", "elapsed": 3003.185563, "delta": 5.874012}}
{"target": -3.056593016059651, "params": {"C": 8.026458217807484, "epsilon": 3.4449676691311493, "gamma": 0.04774026425923458}, "datetime": {"datetime": "2021-09-18 09:33:58", "elapsed": 3011.828349, "delta": 8.642786}}
{"target": -5.976399194878352, "params": {"C": 9.026420246654437, "epsilon": 3.55920266353306, "gamma": 0.0001}, "datetime": {"datetime": "2021-09-18 09:34:06", "elapsed": 3019.77815, "delta": 7.949801}}
{"target": -4.607632847795266, "params": {"C": 7.691115549128163, "epsilon": 4.225752191365515, "gamma": 0.32188093087107494}, "datetime": {"datetime": "2021-09-18 09:34:12", "elapsed": 3026.366723, "delta": 6.588573}}
{"target": -2.7296041579415014, "params": {"C": 7.830668648150489, "epsilon": 2.157657989012001, "gamma": 0.04170324463550247}, "datetime": {"datetime": "2021-09-18 09:34:20", "elapsed": 3034.286719, "delta": 7.919996}}
{"target": -6.0242555774688595, "params": {"C": 8.554209599224201, "epsilon": 2.2960446258403984, "gamma": 0.0001}, "datetime": {"datetime": "2021-09-18 09:34:27", "elapsed": 3041.118717, "delta": 6.831998}}
{"target": -4.557255908345607, "params": {"C": 7.8038416751461686, "epsilon": 2.4654678143722144, "gamma": 0.5289851360314197}, "datetime": {"datetime": "2021-09-18 09:34:35", "elapsed": 3049.202719, "delta": 8.084002}}
{"target": -2.123897121175004, "params": {"C": 47.394731816820276, "epsilon": 1.3854226348723224, "gamma": 0.04373689753723286}, "datetime": {"datetime": "2021-09-18 09:34:46", "elapsed": 3060.547756, "delta": 11.345037}}
{"target": -3.0878928216408594, "params": {"C": 7.603158276578007, "epsilon": 1.206235069642226, "gamma": 0.005308825839145924}, "datetime": {"datetime": "2021-09-18 09:34:55", "elapsed": 3068.754718, "delta": 8.206962}}
{"target": -9.319078947368421, "params": {"C": 43.293312525795216, "epsilon": 27.396932955673357, "gamma": 2.8526218209061165}, "datetime": {"datetime": "2021-09-18 09:35:01", "elapsed": 3075.032756, "delta": 6.278038}}
{"target": -9.319078947368421, "params": {"C": 36.66685219510426, "epsilon": 23.951937303122808, "gamma": 0.0001}, "datetime": {"datetime": "2021-09-18 09:35:09", "elapsed": 3083.077091, "delta": 8.044335}}
{"target": -4.798683098208957, "params": {"C": 39.18902593680225, "epsilon": 2.836818546820767, "gamma": 0.0001}, "datetime": {"datetime": "2021-09-18 09:35:18", "elapsed": 3091.661274, "delta": 8.584183}}
{"target": -4.993324944108762, "params": {"C": 47.269684235524224, "epsilon": 5.22759359914652, "gamma": 0.0001}, "datetime": {"datetime": "2021-09-18 09:35:23", "elapsed": 3097.541358, "delta": 5.880084}}
