{"target": -11.067872337204447, "params": {"C": 24.802186271977128, "epsilon": 1.2200557799851635, "gamma": 0.053398263936333915}, "datetime": {"datetime": "2021-09-27 16:19:10", "elapsed": 153.266772, "delta": 1.588998}}
{"target": -15.541732804978245, "params": {"C": 24.988165905781496, "epsilon": 1.330433594023273, "gamma": 0.28162343664200823}, "datetime": {"datetime": "2021-09-27 16:19:11", "elapsed": 154.383998, "delta": 1.117226}}
{"target": -12.423677964177596, "params": {"C": 35.90858389409427, "epsilon": 2.342974126973546, "gamma": 0.06960364141165204}, "datetime": {"datetime": "2021-09-27 16:19:13", "elapsed": 155.947463, "delta": 1.563465}}
{"target": -14.903148929639155, "params": {"C": 23.778419949017707, "epsilon": 1.0397664323894409, "gamma": 0.2658235191912138}, "datetime": {"datetime": "2021-09-27 16:19:14", "elapsed": 157.600172, "delta": 1.652709}}
{"target": -12.406257947228855, "params": {"C": 35.52759394951394, "epsilon": 2.0875524255571483, "gamma": 0.08066180244634362}, "datetime": {"datetime": "2021-09-27 16:19:16", "elapsed": 158.963172, "delta": 1.363}}
{"target": -12.82597044543837, "params": {"C": 24.52629190420582, "epsilon": 1.0644116472055023, "gamma": 0.14592523447046957}, "datetime": {"datetime": "2021-09-27 16:19:17", "elapsed": 160.130974, "delta": 1.167802}}
{"target": -16.6282197015227, "params": {"C": 36.03199284836525, "epsilon": 1.9898123617664858, "gamma": 0.27556947313684843}, "datetime": {"datetime": "2021-09-27 16:19:19", "elapsed": 161.943304, "delta": 1.81233}}
{"target": -11.658800903618076, "params": {"C": 23.951191124701914, "epsilon": 1.5848686805841194, "gamma": 0.011159498328368331}, "datetime": {"datetime": "2021-09-27 16:19:20", "elapsed": 163.421257, "delta": 1.477953}}
{"target": -12.125437472192198, "params": {"C": 35.65461313612872, "epsilon": 2.7888363403671192, "gamma": 0.0438341585685331}, "datetime": {"datetime": "2021-09-27 16:19:22", "elapsed": 165.605255, "delta": 2.183998}}
{"target": -11.50490218074943, "params": {"C": 22.627792777026368, "epsilon": 1.0, "gamma": 0.01}, "datetime": {"datetime": "2021-09-27 16:19:24", "elapsed": 166.871251, "delta": 1.265996}}
{"target": -15.167312221961224, "params": {"C": 35.34675800619102, "epsilon": 2.4455934451307444, "gamma": 0.16472071825008705}, "datetime": {"datetime": "2021-09-27 16:19:26", "elapsed": 168.694682, "delta": 1.823431}}
{"target": -15.602019861692265, "params": {"C": 36.02395310689789, "epsilon": 2.9724976573406554, "gamma": 0.13472155424417526}, "datetime": {"datetime": "2021-09-27 16:19:27", "elapsed": 170.33759, "delta": 1.642908}}
{"target": -11.5687441433568, "params": {"C": 36.57170859229265, "epsilon": 1.5071192968274083, "gamma": 0.01}, "datetime": {"datetime": "2021-09-27 16:19:29", "elapsed": 171.750652, "delta": 1.413062}}
{"target": -15.932956926990496, "params": {"C": 60.205608853478196, "epsilon": 2.454581784396893, "gamma": 0.18153381177505973}, "datetime": {"datetime": "2021-09-27 16:19:30", "elapsed": 172.818653, "delta": 1.068001}}
{"target": -12.987113123493298, "params": {"C": 35.63298902098776, "epsilon": 1.5235541353809616, "gamma": 0.12023215800552836}, "datetime": {"datetime": "2021-09-27 16:19:31", "elapsed": 174.348643, "delta": 1.52999}}
{"target": -11.322663332102815, "params": {"C": 21.733055826309418, "epsilon": 1.3951076702395728, "gamma": 0.01818940452299518}, "datetime": {"datetime": "2021-09-27 16:19:33", "elapsed": 175.910317, "delta": 1.561674}}
{"target": -11.579678721879153, "params": {"C": 24.57689206607477, "epsilon": 1.409855108380965, "gamma": 0.07409376356268696}, "datetime": {"datetime": "2021-09-27 16:19:35", "elapsed": 177.856482, "delta": 1.946165}}
{"target": -17.161126552706254, "params": {"C": 79.09233432590582, "epsilon": 2.389102522175061, "gamma": 0.23991104316470607}, "datetime": {"datetime": "2021-09-27 16:19:36", "elapsed": 179.022485, "delta": 1.166003}}
{"target": -11.10540255568325, "params": {"C": 81.11720908661937, "epsilon": 1.0268776496744245, "gamma": 0.02264742777071592}, "datetime": {"datetime": "2021-09-27 16:19:38", "elapsed": 180.994007, "delta": 1.971522}}
{"target": -12.305147734830351, "params": {"C": 36.84306733182986, "epsilon": 1.0768050226578048, "gamma": 0.12161566597713244}, "datetime": {"datetime": "2021-09-27 16:19:40", "elapsed": 182.711028, "delta": 1.717021}}
{"target": -12.194464115101, "params": {"C": 37.02369083893688, "epsilon": 1.3847228001418086, "gamma": 0.09977269977847461}, "datetime": {"datetime": "2021-09-27 16:19:41", "elapsed": 184.309029, "delta": 1.598001}}
{"target": -12.578869245523263, "params": {"C": 22.507327773542972, "epsilon": 2.226043015427522, "gamma": 0.07200739545761402}, "datetime": {"datetime": "2021-09-27 16:19:44", "elapsed": 186.638786, "delta": 2.329757}}
{"target": -12.942956261716493, "params": {"C": 24.17835578272329, "epsilon": 2.8017374114485873, "gamma": 0.06084174242520668}, "datetime": {"datetime": "2021-09-27 16:19:45", "elapsed": 188.612508, "delta": 1.973722}}
{"target": -12.274760910169281, "params": {"C": 35.23683774149436, "epsilon": 3.2492893823685423, "gamma": 0.03253030012555487}, "datetime": {"datetime": "2021-09-27 16:19:47", "elapsed": 190.61151, "delta": 1.999002}}
{"target": -12.59844195953119, "params": {"C": 35.21795600706993, "epsilon": 3.783117322606078, "gamma": 0.01874739532194032}, "datetime": {"datetime": "2021-09-27 16:19:50", "elapsed": 192.633128, "delta": 2.021618}}
{"target": -18.687534887482173, "params": {"C": 34.83792157886595, "epsilon": 3.479709208835178, "gamma": 0.2253056023089285}, "datetime": {"datetime": "2021-09-27 16:19:51", "elapsed": 194.259308, "delta": 1.62618}}
{"target": -14.507609437889139, "params": {"C": 35.608773294277626, "epsilon": 3.6883751581016413, "gamma": 0.07063003138941515}, "datetime": {"datetime": "2021-09-27 16:19:53", "elapsed": 196.081208, "delta": 1.8219}}
{"target": -17.145964936710005, "params": {"C": 35.06030761893355, "epsilon": 4.352800704631977, "gamma": 0.08788730151635045}, "datetime": {"datetime": "2021-09-27 16:19:55", "elapsed": 197.86821, "delta": 1.787002}}
{"target": -11.523099190817257, "params": {"C": 35.13275720725595, "epsilon": 1.6616205629149507, "gamma": 0.023656250265551487}, "datetime": {"datetime": "2021-09-27 16:19:56", "elapsed": 199.331212, "delta": 1.463002}}
{"target": -14.464949789620013, "params": {"C": 34.9903453132493, "epsilon": 1.3703316081912245, "gamma": 0.2032067785063168}, "datetime": {"datetime": "2021-09-27 16:19:58", "elapsed": 200.710205, "delta": 1.378993}}
{"target": -15.478856622026854, "params": {"C": 34.910105591247266, "epsilon": 1.9342119983578039, "gamma": 0.22240157897596766}, "datetime": {"datetime": "2021-09-27 16:19:59", "elapsed": 202.048987, "delta": 1.338782}}
{"target": -21.960127918269905, "params": {"C": 98.82642544750303, "epsilon": 4.20962409802927, "gamma": 0.2907570252391027}, "datetime": {"datetime": "2021-09-27 16:20:00", "elapsed": 202.932982, "delta": 0.883995}}
{"target": -16.117028976467783, "params": {"C": 36.70932037872106, "epsilon": 1.4175877577885483, "gamma": 0.3}, "datetime": {"datetime": "2021-09-27 16:20:02", "elapsed": 204.842754, "delta": 1.909772}}
{"target": -10.743356971374558, "params": {"C": 37.30716933795995, "epsilon": 1.050219304412979, "gamma": 0.03337486320620112}, "datetime": {"datetime": "2021-09-27 16:20:03", "elapsed": 206.408197, "delta": 1.565443}}
{"target": -17.649973951841027, "params": {"C": 75.29658439981621, "epsilon": 4.373548371369564, "gamma": 0.0927165141232727}, "datetime": {"datetime": "2021-09-27 16:20:05", "elapsed": 207.806039, "delta": 1.397842}}
{"target": -14.749177196802158, "params": {"C": 37.30118414295486, "epsilon": 1.1649672046078448, "gamma": 0.23478679531957697}, "datetime": {"datetime": "2021-09-27 16:20:06", "elapsed": 208.998039, "delta": 1.192}}
{"target": -15.639377171310823, "params": {"C": 23.38388643065406, "epsilon": 1.6990819008637932, "gamma": 0.2555230520710639}, "datetime": {"datetime": "2021-09-27 16:20:07", "elapsed": 210.570038, "delta": 1.571999}}
{"target": -11.528766552219437, "params": {"C": 36.03134291508545, "epsilon": 1.5578164692787746, "gamma": 0.01789444160583515}, "datetime": {"datetime": "2021-09-27 16:20:09", "elapsed": 212.240595, "delta": 1.670557}}
{"target": -16.167747305843854, "params": {"C": 15.82859036979615, "epsilon": 4.459438438692721, "gamma": 0.05942321658001189}, "datetime": {"datetime": "2021-09-27 16:20:10", "elapsed": 213.604591, "delta": 1.363996}}
{"target": -11.867066869480743, "params": {"C": 79.9086394323217, "epsilon": 1.9750062898519418, "gamma": 0.015890474507961116}, "datetime": {"datetime": "2021-09-27 16:20:12", "elapsed": 215.616922, "delta": 2.012331}}
{"target": -11.785411623375456, "params": {"C": 22.92854061875643, "epsilon": 2.0575828861480217, "gamma": 0.021748464186297625}, "datetime": {"datetime": "2021-09-27 16:20:15", "elapsed": 217.700105, "delta": 2.083183}}
{"target": -20.783789970408307, "params": {"C": 73.52341341355249, "epsilon": 3.7532653383596077, "gamma": 0.2863927224658827}, "datetime": {"datetime": "2021-09-27 16:20:16", "elapsed": 218.696107, "delta": 0.996002}}
{"target": -11.433892665810374, "params": {"C": 39.304481379708776, "epsilon": 1.6522001710118355, "gamma": 0.025551993675481104}, "datetime": {"datetime": "2021-09-27 16:20:17", "elapsed": 219.859039, "delta": 1.162932}}
{"target": -13.078503578114514, "params": {"C": 39.64245867509947, "epsilon": 1.4600560416439294, "gamma": 0.12639379307130588}, "datetime": {"datetime": "2021-09-27 16:20:19", "elapsed": 222.016031, "delta": 2.156992}}
{"target": -15.179191844540126, "params": {"C": 38.98191797676537, "epsilon": 1.4053000223317311, "gamma": 0.23809411979530232}, "datetime": {"datetime": "2021-09-27 16:20:20", "elapsed": 223.379029, "delta": 1.362998}}
{"target": -11.812909642891906, "params": {"C": 39.46782627422311, "epsilon": 2.012980447097381, "gamma": 0.01}, "datetime": {"datetime": "2021-09-27 16:20:22", "elapsed": 225.427872, "delta": 2.048843}}
{"target": -11.728397251383676, "params": {"C": 39.03365593131972, "epsilon": 2.0157329950740825, "gamma": 0.014302850395783833}, "datetime": {"datetime": "2021-09-27 16:20:25", "elapsed": 227.79022, "delta": 2.362348}}
{"target": -11.890380641408695, "params": {"C": 39.21072310389044, "epsilon": 2.4452613958583744, "gamma": 0.01}, "datetime": {"datetime": "2021-09-27 16:20:27", "elapsed": 230.211213, "delta": 2.420993}}
{"target": -17.152513350689972, "params": {"C": 39.235935923662325, "epsilon": 2.0866696822051773, "gamma": 0.2950844324720349}, "datetime": {"datetime": "2021-09-27 16:20:30", "elapsed": 232.648172, "delta": 2.436959}}
{"target": -11.936080230731044, "params": {"C": 38.74056462939084, "epsilon": 2.3831477521361624, "gamma": 0.01}, "datetime": {"datetime": "2021-09-27 16:20:32", "elapsed": 235.374447, "delta": 2.726275}}
{"target": -20.030859855177365, "params": {"C": 96.07371135871206, "epsilon": 3.4528844985664215, "gamma": 0.2741071048627551}, "datetime": {"datetime": "2021-09-27 16:20:34", "elapsed": 237.103211, "delta": 1.728764}}
{"target": -11.831691555158013, "params": {"C": 39.94829082925286, "epsilon": 2.066209589265898, "gamma": 0.06340906149102864}, "datetime": {"datetime": "2021-09-27 16:20:36", "elapsed": 239.388138, "delta": 2.284927}}
{"target": -11.791713738365738, "params": {"C": 39.68726401495904, "epsilon": 2.4547913456187787, "gamma": 0.03419602266771486}, "datetime": {"datetime": "2021-09-27 16:20:39", "elapsed": 242.137167, "delta": 2.749029}}
{"target": -16.56037334537721, "params": {"C": 40.08151278697876, "epsilon": 2.504558756952722, "gamma": 0.22311756519108877}, "datetime": {"datetime": "2021-09-27 16:20:42", "elapsed": 244.941122, "delta": 2.803955}}
{"target": -11.451099260756617, "params": {"C": 40.23298643160242, "epsilon": 1.6818321570951595, "gamma": 0.024728528167178528}, "datetime": {"datetime": "2021-09-27 16:20:43", "elapsed": 246.546996, "delta": 1.605874}}
{"target": -11.365495230705463, "params": {"C": 26.939550254564438, "epsilon": 1.4106603956016286, "gamma": 0.022859712361192067}, "datetime": {"datetime": "2021-09-27 16:20:45", "elapsed": 247.647177, "delta": 1.100181}}
{"target": -11.382698320189306, "params": {"C": 37.08409505382477, "epsilon": 1.0, "gamma": 0.01}, "datetime": {"datetime": "2021-09-27 16:20:46", "elapsed": 249.171965, "delta": 1.524788}}
{"target": -11.414650754613387, "params": {"C": 40.67131210114637, "epsilon": 1.7072185396033386, "gamma": 0.02969287805773909}, "datetime": {"datetime": "2021-09-27 16:20:48", "elapsed": 250.746965, "delta": 1.575}}
{"target": -11.787471589932412, "params": {"C": 40.585287092222885, "epsilon": 1.4068062893961555, "gamma": 0.08797808112155103}, "datetime": {"datetime": "2021-09-27 16:20:50", "elapsed": 253.044133, "delta": 2.297168}}
{"target": -16.51837732971622, "params": {"C": 40.47722383458289, "epsilon": 1.8525552935949046, "gamma": 0.2771645921606338}, "datetime": {"datetime": "2021-09-27 16:20:51", "elapsed": 254.44136, "delta": 1.397227}}
{"target": -11.481926555683524, "params": {"C": 41.05514954356639, "epsilon": 1.5846084834226426, "gamma": 0.022836543259452204}, "datetime": {"datetime": "2021-09-27 16:20:53", "elapsed": 256.262715, "delta": 1.821355}}
{"target": -12.861341645793381, "params": {"C": 24.525423121877587, "epsilon": 1.0471421775896879, "gamma": 0.14872908374088273}, "datetime": {"datetime": "2021-09-27 16:20:54", "elapsed": 257.449823, "delta": 1.187108}}
{"target": -12.386059764750208, "params": {"C": 24.291830584684963, "epsilon": 2.2439875240622484, "gamma": 0.06332274486392896}, "datetime": {"datetime": "2021-09-27 16:20:55", "elapsed": 258.603137, "delta": 1.153314}}
{"target": -11.160038409528395, "params": {"C": 41.13333246282738, "epsilon": 1.162425055143115, "gamma": 0.020774703817767706}, "datetime": {"datetime": "2021-09-27 16:20:57", "elapsed": 260.401135, "delta": 1.797998}}
{"target": -14.555973337351439, "params": {"C": 33.63690913138018, "epsilon": 1.3768456849198605, "gamma": 0.2097645197716283}, "datetime": {"datetime": "2021-09-27 16:20:58", "elapsed": 261.580137, "delta": 1.179002}}
{"target": -20.191191794044492, "params": {"C": 21.642665918107912, "epsilon": 4.242706960171399, "gamma": 0.22280834012748152}, "datetime": {"datetime": "2021-09-27 16:21:00", "elapsed": 262.81834, "delta": 1.238203}}
{"target": -12.15588723322946, "params": {"C": 37.7734687179846, "epsilon": 2.8611028736302266, "gamma": 0.042823565296934395}, "datetime": {"datetime": "2021-09-27 16:21:01", "elapsed": 264.048059, "delta": 1.229719}}
{"target": -11.990106210649714, "params": {"C": 73.47788016304688, "epsilon": 2.18913213758144, "gamma": 0.012037142061667835}, "datetime": {"datetime": "2021-09-27 16:21:02", "elapsed": 265.165588, "delta": 1.117529}}
{"target": -10.983145124379643, "params": {"C": 41.596014676631164, "epsilon": 1.2517233057884605, "gamma": 0.061849258423984324}, "datetime": {"datetime": "2021-09-27 16:21:04", "elapsed": 267.062531, "delta": 1.896943}}
{"target": -13.171659941426256, "params": {"C": 48.203998505712306, "epsilon": 3.0403174937414863, "gamma": 0.06588159176611989}, "datetime": {"datetime": "2021-09-27 16:21:06", "elapsed": 268.68354, "delta": 1.621009}}
{"target": -15.923826896576221, "params": {"C": 41.26609108271117, "epsilon": 1.278872298209639, "gamma": 0.2957353841681838}, "datetime": {"datetime": "2021-09-27 16:21:08", "elapsed": 270.814839, "delta": 2.131299}}
{"target": -11.160113801504297, "params": {"C": 41.89214068228347, "epsilon": 1.144876425674839, "gamma": 0.022360968575306697}, "datetime": {"datetime": "2021-09-27 16:21:10", "elapsed": 273.363234, "delta": 2.548395}}
{"target": -11.221913626290817, "params": {"C": 41.85353930487979, "epsilon": 1.637594336671003, "gamma": 0.06087061182219246}, "datetime": {"datetime": "2021-09-27 16:21:14", "elapsed": 276.651143, "delta": 3.287909}}
{"target": -11.528198736295597, "params": {"C": 42.20646131207488, "epsilon": 1.4465291776826017, "gamma": 0.01}, "datetime": {"datetime": "2021-09-27 16:21:16", "elapsed": 278.723712, "delta": 2.072569}}
{"target": -11.514880662505588, "params": {"C": 42.2360236386583, "epsilon": 1.894925898615121, "gamma": 0.03346541243600536}, "datetime": {"datetime": "2021-09-27 16:21:20", "elapsed": 282.836995, "delta": 4.113283}}
{"target": -16.14334667731987, "params": {"C": 41.96734484366684, "epsilon": 1.3812315449257664, "gamma": 0.3}, "datetime": {"datetime": "2021-09-27 16:21:22", "elapsed": 285.491909, "delta": 2.654914}}
{"target": -11.753311683236637, "params": {"C": 41.59573280921446, "epsilon": 1.9236368422446934, "gamma": 0.015539261446124004}, "datetime": {"datetime": "2021-09-27 16:21:25", "elapsed": 287.982006, "delta": 2.490097}}
{"target": -12.523387553815791, "params": {"C": 88.53321144516559, "epsilon": 3.4879059613204015, "gamma": 0.037895399573791774}, "datetime": {"datetime": "2021-09-27 16:21:26", "elapsed": 289.261272, "delta": 1.279266}}
{"target": -16.23778576943626, "params": {"C": 41.96602195786196, "epsilon": 2.3171178182405345, "gamma": 0.22141776835324337}, "datetime": {"datetime": "2021-09-27 16:21:28", "elapsed": 291.137028, "delta": 1.875756}}
{"target": -11.550978548144899, "params": {"C": 42.63138044644404, "epsilon": 1.703646843743114, "gamma": 0.021255271076314725}, "datetime": {"datetime": "2021-09-27 16:21:30", "elapsed": 293.583389, "delta": 2.446361}}
{"target": -11.23920742787828, "params": {"C": 42.814649365177615, "epsilon": 1.246614121250039, "gamma": 0.07827669764811124}, "datetime": {"datetime": "2021-09-27 16:21:33", "elapsed": 295.985745, "delta": 2.402356}}
{"target": -13.307709827397677, "params": {"C": 75.76757965431568, "epsilon": 2.7115682698165555, "gamma": 0.08482475661229961}, "datetime": {"datetime": "2021-09-27 16:21:34", "elapsed": 297.220472, "delta": 1.234727}}
{"target": -16.259159102589386, "params": {"C": 42.83764488596864, "epsilon": 1.5112342023870489, "gamma": 0.2925801716546311}, "datetime": {"datetime": "2021-09-27 16:21:36", "elapsed": 299.545237, "delta": 2.324765}}
{"target": -15.392864481277229, "params": {"C": 93.64792418850993, "epsilon": 4.104528878138224, "gamma": 0.06736170280378741}, "datetime": {"datetime": "2021-09-27 16:21:38", "elapsed": 300.783008, "delta": 1.237771}}
{"target": -11.097485121200416, "params": {"C": 42.58931961507742, "epsilon": 1.0100312669349798, "gamma": 0.0197077493090037}, "datetime": {"datetime": "2021-09-27 16:21:40", "elapsed": 302.953021, "delta": 2.170013}}
{"target": -10.630278728152224, "params": {"C": 42.94445466601838, "epsilon": 1.0328909744492623, "gamma": 0.04186842184277118}, "datetime": {"datetime": "2021-09-27 16:21:42", "elapsed": 305.200701, "delta": 2.24768}}
{"target": -15.153382351991734, "params": {"C": 12.422689399752148, "epsilon": 1.3472806049098973, "gamma": 0.22879692031644372}, "datetime": {"datetime": "2021-09-27 16:21:43", "elapsed": 306.529899, "delta": 1.329198}}
{"target": -10.801802279994293, "params": {"C": 43.31442522790126, "epsilon": 1.1373740882217216, "gamma": 0.03479162690995827}, "datetime": {"datetime": "2021-09-27 16:21:46", "elapsed": 309.218938, "delta": 2.689039}}
{"target": -14.62409770489687, "params": {"C": 43.630317253410766, "epsilon": 1.0407888917908248, "gamma": 0.22899854577117887}, "datetime": {"datetime": "2021-09-27 16:21:48", "elapsed": 311.467969, "delta": 2.249031}}
{"target": -11.372544628786544, "params": {"C": 42.22277727437747, "epsilon": 1.0, "gamma": 0.01}, "datetime": {"datetime": "2021-09-27 16:21:51", "elapsed": 313.800863, "delta": 2.332894}}
{"target": -15.973653707838697, "params": {"C": 70.01098731950074, "epsilon": 1.3711332550643758, "gamma": 0.2649185036268401}, "datetime": {"datetime": "2021-09-27 16:21:52", "elapsed": 314.977258, "delta": 1.176395}}
{"target": -11.885614206359788, "params": {"C": 42.64446270451318, "epsilon": 2.1117262501641125, "gamma": 0.01}, "datetime": {"datetime": "2021-09-27 16:21:54", "elapsed": 317.089449, "delta": 2.112191}}
{"target": -11.847255042654819, "params": {"C": 38.230545049235786, "epsilon": 2.5176698145271263, "gamma": 0.049077987009680864}, "datetime": {"datetime": "2021-09-27 16:21:56", "elapsed": 318.811651, "delta": 1.722202}}
{"target": -15.658831927188476, "params": {"C": 32.21138249295807, "epsilon": 1.1933956732624211, "gamma": 0.29406981944724986}, "datetime": {"datetime": "2021-09-27 16:21:57", "elapsed": 319.971647, "delta": 1.159996}}
{"target": -17.818248685612673, "params": {"C": 38.319367661839, "epsilon": 2.8752139605847327, "gamma": 0.25098309241950034}, "datetime": {"datetime": "2021-09-27 16:21:59", "elapsed": 322.509159, "delta": 2.537512}}
{"target": -11.784497110035726, "params": {"C": 38.43822293808482, "epsilon": 2.110073951851394, "gamma": 0.01171824763228592}, "datetime": {"datetime": "2021-09-27 16:22:02", "elapsed": 324.732581, "delta": 2.223422}}
{"target": -13.95944426349996, "params": {"C": 37.99580939586885, "epsilon": 2.253463522210642, "gamma": 0.11621998115775894}, "datetime": {"datetime": "2021-09-27 16:22:04", "elapsed": 327.157889, "delta": 2.425308}}
{"target": -11.156605722837675, "params": {"C": 40.09335029083271, "epsilon": 1.1185428368806483, "gamma": 0.02023169384489551}, "datetime": {"datetime": "2021-09-27 16:22:07", "elapsed": 330.150219, "delta": 2.99233}}
{"target": -21.28932952009144, "params": {"C": 89.69533080684509, "epsilon": 4.216305004427014, "gamma": 0.23984938444418955}, "datetime": {"datetime": "2021-09-27 16:22:08", "elapsed": 331.493405, "delta": 1.343186}}
{"target": -11.05076759727555, "params": {"C": 41.409721635702866, "epsilon": 1.0195190914268202, "gamma": 0.0236450384446936}, "datetime": {"datetime": "2021-09-27 16:22:11", "elapsed": 334.408001, "delta": 2.914596}}
{"target": -15.374641958202034, "params": {"C": 40.42383911381568, "epsilon": 1.0533099469975393, "gamma": 0.28226303579104944}, "datetime": {"datetime": "2021-09-27 16:22:13", "elapsed": 336.260529, "delta": 1.852528}}
