{"target": -14.03865333076828, "params": {"C": 168.13916108152108, "epsilon": 0.12355770382100026, "gamma": 0.16517883758500643}, "datetime": {"datetime": "2021-09-27 18:22:35", "elapsed": 154.536799, "delta": 1.411125}}
{"target": -10.382731397069179, "params": {"C": 151.10750834275134, "epsilon": 0.525906639760115, "gamma": 0.03337362335870707}, "datetime": {"datetime": "2021-09-27 18:22:36", "elapsed": 155.885189, "delta": 1.34839}}
{"target": -10.76977039823137, "params": {"C": 178.48426291971373, "epsilon": 0.27009228406341984, "gamma": 0.015966738889586482}, "datetime": {"datetime": "2021-09-27 18:22:38", "elapsed": 157.273193, "delta": 1.388004}}
{"target": -10.443973463565955, "params": {"C": 188.2632664717964, "epsilon": 0.3749461087996655, "gamma": 0.03537309804543292}, "datetime": {"datetime": "2021-09-27 18:22:39", "elapsed": 158.6896, "delta": 1.416407}}
{"target": -10.870801727784682, "params": {"C": 188.08968268059763, "epsilon": 0.4642118339105981, "gamma": 0.01}, "datetime": {"datetime": "2021-09-27 18:22:41", "elapsed": 160.260385, "delta": 1.570785}}
{"target": -15.120518885026893, "params": {"C": 188.18652590659434, "epsilon": 0.44199045791292446, "gamma": 0.20512600101400583}, "datetime": {"datetime": "2021-09-27 18:22:42", "elapsed": 161.583982, "delta": 1.323597}}
{"target": -10.92927412154868, "params": {"C": 187.88722892940828, "epsilon": 0.34252382570558926, "gamma": 0.01}, "datetime": {"datetime": "2021-09-27 18:22:43", "elapsed": 162.948609, "delta": 1.364627}}
{"target": -15.644712227582033, "params": {"C": 179.68309816558715, "epsilon": 0.3708352506468387, "gamma": 0.2819306028630522}, "datetime": {"datetime": "2021-09-27 18:22:44", "elapsed": 163.891611, "delta": 0.943002}}
{"target": -10.971663222293934, "params": {"C": 188.42523292729615, "epsilon": 0.2909945177490441, "gamma": 0.01}, "datetime": {"datetime": "2021-09-27 18:22:46", "elapsed": 165.652277, "delta": 1.760666}}
{"target": -10.902826474476477, "params": {"C": 188.46201348410438, "epsilon": 0.567639263312816, "gamma": 0.01276531009228305}, "datetime": {"datetime": "2021-09-27 18:22:47", "elapsed": 166.816276, "delta": 1.163999}}
{"target": -10.876557183217548, "params": {"C": 187.8611215192618, "epsilon": 0.5804058245982416, "gamma": 0.01}, "datetime": {"datetime": "2021-09-27 18:22:49", "elapsed": 168.405391, "delta": 1.589115}}
{"target": -10.880629492036402, "params": {"C": 188.64916654159632, "epsilon": 0.4361204964268638, "gamma": 0.01}, "datetime": {"datetime": "2021-09-27 18:22:50", "elapsed": 169.882548, "delta": 1.477157}}
{"target": -14.355535101292451, "params": {"C": 188.68555000129712, "epsilon": 0.6479551527952643, "gamma": 0.15131374449099835}, "datetime": {"datetime": "2021-09-27 18:22:52", "elapsed": 171.598549, "delta": 1.716001}}
{"target": -10.609642943034284, "params": {"C": 166.41621501017994, "epsilon": 0.5176873731035712, "gamma": 0.0227979147284466}, "datetime": {"datetime": "2021-09-27 18:22:53", "elapsed": 172.883381, "delta": 1.284832}}
{"target": -10.785545871273161, "params": {"C": 187.6787699310263, "epsilon": 0.47224738283070816, "gamma": 0.05248934623734971}, "datetime": {"datetime": "2021-09-27 18:22:55", "elapsed": 174.05916, "delta": 1.175779}}
{"target": -14.336883834534895, "params": {"C": 187.65705466079226, "epsilon": 0.7109568903720186, "gamma": 0.14916050768141778}, "datetime": {"datetime": "2021-09-27 18:22:56", "elapsed": 175.346154, "delta": 1.286994}}
{"target": -10.997009257558304, "params": {"C": 187.64522432558434, "epsilon": 0.26438884806305857, "gamma": 0.01}, "datetime": {"datetime": "2021-09-27 18:22:57", "elapsed": 176.850803, "delta": 1.504649}}
{"target": -10.721078282449053, "params": {"C": 164.27991686079895, "epsilon": 0.06671258959555551, "gamma": 0.05696128853408503}, "datetime": {"datetime": "2021-09-27 18:22:58", "elapsed": 177.948666, "delta": 1.097863}}
{"target": -10.41503408602683, "params": {"C": 164.05689158170517, "epsilon": 0.011044646289545062, "gamma": 0.038567965157184685}, "datetime": {"datetime": "2021-09-27 18:23:00", "elapsed": 179.389664, "delta": 1.440998}}
{"target": -14.687631659815931, "params": {"C": 164.1360786858056, "epsilon": 0.0001, "gamma": 0.22103918717409457}, "datetime": {"datetime": "2021-09-27 18:23:01", "elapsed": 180.787846, "delta": 1.398182}}
{"target": -10.595148863530927, "params": {"C": 163.86957837859703, "epsilon": 0.03531068569529971, "gamma": 0.02140392903306671}, "datetime": {"datetime": "2021-09-27 18:23:03", "elapsed": 182.446926, "delta": 1.65908}}
{"target": -10.597811221532071, "params": {"C": 166.43959010593755, "epsilon": 0.7766475864595457, "gamma": 0.04138215944774251}, "datetime": {"datetime": "2021-09-27 18:23:04", "elapsed": 183.483567, "delta": 1.036641}}
{"target": -10.688233949536937, "params": {"C": 164.1037443884252, "epsilon": 0.21932574165971852, "gamma": 0.05018536490714089}, "datetime": {"datetime": "2021-09-27 18:23:06", "elapsed": 185.005272, "delta": 1.521705}}
{"target": -15.214960251038232, "params": {"C": 187.68663883938828, "epsilon": 0.3041166342081269, "gamma": 0.24119830924186214}, "datetime": {"datetime": "2021-09-27 18:23:07", "elapsed": 186.59379, "delta": 1.588518}}
{"target": -11.045773194628797, "params": {"C": 188.69998093052465, "epsilon": 0.21752477968118858, "gamma": 0.01}, "datetime": {"datetime": "2021-09-27 18:23:09", "elapsed": 188.3186, "delta": 1.72481}}
{"target": -15.324122911848379, "params": {"C": 189.44057289187162, "epsilon": 0.39694674626366955, "gamma": 0.23991104316470607}, "datetime": {"datetime": "2021-09-27 18:23:10", "elapsed": 189.256601, "delta": 0.938001}}
{"target": -10.905824136225387, "params": {"C": 187.4600994721717, "epsilon": 0.404273903080158, "gamma": 0.01}, "datetime": {"datetime": "2021-09-27 18:23:12", "elapsed": 191.080181, "delta": 1.82358}}
{"target": -10.486573385084693, "params": {"C": 163.88449672927968, "epsilon": 0.22353897897638536, "gamma": 0.044751905360691846}, "datetime": {"datetime": "2021-09-27 18:23:13", "elapsed": 192.541144, "delta": 1.460963}}
{"target": -10.613536762003617, "params": {"C": 163.64697999141882, "epsilon": 0.11310225792436875, "gamma": 0.020206761526092964}, "datetime": {"datetime": "2021-09-27 18:23:15", "elapsed": 193.969909, "delta": 1.428765}}
{"target": -14.72975491875513, "params": {"C": 163.74031011002174, "epsilon": 0.05367141216766241, "gamma": 0.22145915948822334}, "datetime": {"datetime": "2021-09-27 18:23:17", "elapsed": 196.144204, "delta": 2.174295}}
{"target": -11.112911440941586, "params": {"C": 187.38760438803635, "epsilon": 0.17259075135430552, "gamma": 0.01}, "datetime": {"datetime": "2021-09-27 18:23:18", "elapsed": 197.633201, "delta": 1.488997}}
{"target": -13.879054142573619, "params": {"C": 187.25030844160852, "epsilon": 0.34634721556906006, "gamma": 0.14099627601745815}, "datetime": {"datetime": "2021-09-27 18:23:20", "elapsed": 199.333313, "delta": 1.700112}}
{"target": -10.633053404556557, "params": {"C": 188.21672029891266, "epsilon": 0.20561848693903914, "gamma": 0.018535863962641203}, "datetime": {"datetime": "2021-09-27 18:23:22", "elapsed": 201.019483, "delta": 1.68617}}
{"target": -10.922812737214263, "params": {"C": 167.75932450506727, "epsilon": 0.6304570458456629, "gamma": 0.01}, "datetime": {"datetime": "2021-09-27 18:23:23", "elapsed": 202.76111, "delta": 1.741627}}
{"target": -10.905038858725149, "params": {"C": 167.52115493460244, "epsilon": 0.5915676124962976, "gamma": 0.01}, "datetime": {"datetime": "2021-09-27 18:23:25", "elapsed": 204.138953, "delta": 1.377843}}
{"target": -10.998717048620659, "params": {"C": 167.57337728493223, "epsilon": 0.8032073637335544, "gamma": 0.012188564429458955}, "datetime": {"datetime": "2021-09-27 18:23:26", "elapsed": 205.734949, "delta": 1.595996}}
{"target": -15.69685496795129, "params": {"C": 167.518001703475, "epsilon": 0.7733708065300873, "gamma": 0.2489567847322043}, "datetime": {"datetime": "2021-09-27 18:23:28", "elapsed": 207.063436, "delta": 1.328487}}
{"target": -15.304897974209853, "params": {"C": 188.65793368230095, "epsilon": 0.22223147766215356, "gamma": 0.2561139557956765}, "datetime": {"datetime": "2021-09-27 18:23:29", "elapsed": 208.295818, "delta": 1.232382}}
{"target": -10.8984932771734, "params": {"C": 172.28263266038795, "epsilon": 0.5935516082328112, "gamma": 0.01}, "datetime": {"datetime": "2021-09-27 18:23:30", "elapsed": 209.713818, "delta": 1.418}}
{"target": -16.28732127599615, "params": {"C": 199.407285579547, "epsilon": 0.9170437530341334, "gamma": 0.2907570252391027}, "datetime": {"datetime": "2021-09-27 18:23:31", "elapsed": 210.657236, "delta": 0.943418}}
{"target": -10.912926921652828, "params": {"C": 172.4078221119772, "epsilon": 0.38974568855502867, "gamma": 0.01}, "datetime": {"datetime": "2021-09-27 18:23:33", "elapsed": 212.392821, "delta": 1.735585}}
{"target": -10.898061731583578, "params": {"C": 172.5354359777846, "epsilon": 0.5953875972656866, "gamma": 0.01}, "datetime": {"datetime": "2021-09-27 18:23:34", "elapsed": 213.85634, "delta": 1.463519}}
{"target": -12.727971398132032, "params": {"C": 187.52352747465466, "epsilon": 0.9638745761521218, "gamma": 0.0927165141232727}, "datetime": {"datetime": "2021-09-27 18:23:35", "elapsed": 214.893375, "delta": 1.037035}}
{"target": -13.807981800884072, "params": {"C": 172.61970066859388, "epsilon": 0.3970018260912869, "gamma": 0.14052161599429078}, "datetime": {"datetime": "2021-09-27 18:23:37", "elapsed": 216.409307, "delta": 1.515932}}
{"target": -10.418609163514143, "params": {"C": 172.4699971777951, "epsilon": 0.7626768479128787, "gamma": 0.025688649708004073}, "datetime": {"datetime": "2021-09-27 18:23:38", "elapsed": 217.63837, "delta": 1.229063}}
{"target": -11.243912869503474, "params": {"C": 172.67072829929216, "epsilon": 0.8199314305981884, "gamma": 0.01}, "datetime": {"datetime": "2021-09-27 18:23:40", "elapsed": 219.247502, "delta": 1.609132}}
{"target": -11.012672528985467, "params": {"C": 157.4891870554526, "epsilon": 0.9884121413853861, "gamma": 0.05942321658001189}, "datetime": {"datetime": "2021-09-27 18:23:41", "elapsed": 220.399499, "delta": 1.151997}}
{"target": -15.410210390569768, "params": {"C": 172.39032214845668, "epsilon": 0.7064660891172142, "gamma": 0.21850651484716901}, "datetime": {"datetime": "2021-09-27 18:23:42", "elapsed": 221.880077, "delta": 1.480578}}
{"target": -10.969822153476782, "params": {"C": 172.44100186132448, "epsilon": 0.9450361988046491, "gamma": 0.018259186347262195}, "datetime": {"datetime": "2021-09-27 18:23:44", "elapsed": 223.393723, "delta": 1.513646}}
{"target": -16.180443111525342, "params": {"C": 186.62798657250124, "epsilon": 0.7866685748073633, "gamma": 0.2863927224658827}, "datetime": {"datetime": "2021-09-27 18:23:45", "elapsed": 224.366879, "delta": 0.973156}}
{"target": -10.291490739308177, "params": {"C": 169.34569766651958, "epsilon": 0.1864242717127812, "gamma": 0.025551993675481104}, "datetime": {"datetime": "2021-09-27 18:23:46", "elapsed": 225.482874, "delta": 1.115995}}
{"target": -10.785371992666022, "params": {"C": 157.6944336985886, "epsilon": 0.8495964198138591, "gamma": 0.02085747780016473}, "datetime": {"datetime": "2021-09-27 18:23:48", "elapsed": 227.717468, "delta": 2.234594}}
{"target": -15.774863030322336, "params": {"C": 157.6356953999522, "epsilon": 0.8476347934232432, "gamma": 0.2525141809597595}, "datetime": {"datetime": "2021-09-27 18:23:50", "elapsed": 229.289083, "delta": 1.571615}}
{"target": -11.392294947749866, "params": {"C": 157.84573470504844, "epsilon": 1.0, "gamma": 0.01}, "datetime": {"datetime": "2021-09-27 18:23:51", "elapsed": 230.811244, "delta": 1.522161}}
{"target": -11.39258066470679, "params": {"C": 157.2542087595778, "epsilon": 1.0, "gamma": 0.01}, "datetime": {"datetime": "2021-09-27 18:23:53", "elapsed": 232.848444, "delta": 2.0372}}
{"target": -11.087473132768128, "params": {"C": 168.96648770130815, "epsilon": 0.1513314546335794, "gamma": 0.01}, "datetime": {"datetime": "2021-09-27 18:23:55", "elapsed": 234.786038, "delta": 1.937594}}
{"target": -10.149342439651699, "params": {"C": 168.73387408680244, "epsilon": 0.2961017478539356, "gamma": 0.02821152401330357}, "datetime": {"datetime": "2021-09-27 18:23:57", "elapsed": 236.230268, "delta": 1.44423}}
{"target": -10.896266826496621, "params": {"C": 168.8823727306378, "epsilon": 0.4047234019595528, "gamma": 0.01}, "datetime": {"datetime": "2021-09-27 18:23:59", "elapsed": 238.046285, "delta": 1.816017}}
{"target": -15.978046128146564, "params": {"C": 198.01702593874347, "epsilon": 0.7008540600333042, "gamma": 0.2741071048627551}, "datetime": {"datetime": "2021-09-27 18:24:00", "elapsed": 239.322277, "delta": 1.275992}}
{"target": -14.59895953805192, "params": {"C": 168.69177054096536, "epsilon": 0.4084461312366414, "gamma": 0.18396606028508758}, "datetime": {"datetime": "2021-09-27 18:24:02", "elapsed": 241.897484, "delta": 2.575207}}
{"target": -10.669435213504686, "params": {"C": 168.66937576354752, "epsilon": 0.118744995721497, "gamma": 0.018666284274956355}, "datetime": {"datetime": "2021-09-27 18:24:04", "elapsed": 243.915494, "delta": 2.01801}}
{"target": -13.042667442950941, "params": {"C": 168.82133959360593, "epsilon": 0.1987615409783129, "gamma": 0.11798337127490452}, "datetime": {"datetime": "2021-09-27 18:24:06", "elapsed": 245.789272, "delta": 1.873778}}
{"target": -10.233981542507628, "params": {"C": 168.5035236290671, "epsilon": 0.2332671445218259, "gamma": 0.034483834811423884}, "datetime": {"datetime": "2021-09-27 18:24:08", "elapsed": 247.346786, "delta": 1.557514}}
{"target": -10.407648777536904, "params": {"C": 151.88433792522375, "epsilon": 0.025561370983862828, "gamma": 0.02706680466103585}, "datetime": {"datetime": "2021-09-27 18:24:09", "elapsed": 248.575311, "delta": 1.228525}}
{"target": -10.577916405441536, "params": {"C": 151.58207992532996, "epsilon": 0.40823889906275773, "gamma": 0.04236594593378951}, "datetime": {"datetime": "2021-09-27 18:24:11", "elapsed": 249.997313, "delta": 1.422002}}
{"target": -10.775696083875493, "params": {"C": 168.45238041066202, "epsilon": 0.08261345119283368, "gamma": 0.06229583975783309}, "datetime": {"datetime": "2021-09-27 18:24:12", "elapsed": 251.770314, "delta": 1.773001}}
{"target": -11.036107287581949, "params": {"C": 163.99397680774157, "epsilon": 0.1297655667708832, "gamma": 0.012186397456821265}, "datetime": {"datetime": "2021-09-27 18:24:15", "elapsed": 254.18525, "delta": 2.414936}}
{"target": -13.858223559066424, "params": {"C": 151.92557050758964, "epsilon": 0.050756815770239286, "gamma": 0.16665166981396873}, "datetime": {"datetime": "2021-09-27 18:24:17", "elapsed": 256.032374, "delta": 1.847124}}
{"target": -14.572891402789093, "params": {"C": 151.30211255329743, "epsilon": 0.0009379554534768162, "gamma": 0.21846735403331782}, "datetime": {"datetime": "2021-09-27 18:24:18", "elapsed": 257.665372, "delta": 1.632998}}
{"target": -10.303020066857549, "params": {"C": 163.7118064124403, "epsilon": 0.2359478505462646, "gamma": 0.02555269300576616}, "datetime": {"datetime": "2021-09-27 18:24:20", "elapsed": 259.660308, "delta": 1.994936}}
{"target": -10.476495824288968, "params": {"C": 163.70727143386176, "epsilon": 0.2437329499159013, "gamma": 0.021598567017849138}, "datetime": {"datetime": "2021-09-27 18:24:22", "elapsed": 261.079176, "delta": 1.418868}}
{"target": -10.279133345707363, "params": {"C": 168.33168266405562, "epsilon": 0.36446529372133313, "gamma": 0.026474416313876356}, "datetime": {"datetime": "2021-09-27 18:24:24", "elapsed": 263.162607, "delta": 2.083431}}
{"target": -14.645778715457721, "params": {"C": 166.483287440091, "epsilon": 0.10775942867181956, "gamma": 0.2097645197716283}, "datetime": {"datetime": "2021-09-27 18:24:25", "elapsed": 264.461174, "delta": 1.298567}}
{"target": -15.54826313609704, "params": {"C": 160.42558884752924, "epsilon": 0.9264950541358234, "gamma": 0.22280834012748152}, "datetime": {"datetime": "2021-09-27 18:24:26", "elapsed": 265.603175, "delta": 1.142001}}
{"target": -10.66450741418318, "params": {"C": 168.57245894847708, "epsilon": 0.5317905038122467, "gamma": 0.042823565296934395}, "datetime": {"datetime": "2021-09-27 18:24:28", "elapsed": 266.982955, "delta": 1.37978}}
{"target": -10.897790719673116, "params": {"C": 186.60498998133681, "epsilon": 0.3398180641050519, "gamma": 0.012037142061667835}, "datetime": {"datetime": "2021-09-27 18:24:29", "elapsed": 268.061171, "delta": 1.078216}}
{"target": -10.886996468053693, "params": {"C": 168.37541896151168, "epsilon": 0.5560298224664844, "gamma": 0.01}, "datetime": {"datetime": "2021-09-27 18:24:31", "elapsed": 270.045691, "delta": 1.98452}}
{"target": -11.216520874934476, "params": {"C": 173.84040328571328, "epsilon": 0.582989560569175, "gamma": 0.06588159176611989}, "datetime": {"datetime": "2021-09-27 18:24:32", "elapsed": 271.438692, "delta": 1.393001}}
{"target": -11.23254348476935, "params": {"C": 168.52072907831626, "epsilon": 0.7489722935617864, "gamma": 0.06590070997723554}, "datetime": {"datetime": "2021-09-27 18:24:34", "elapsed": 273.516624, "delta": 2.077932}}
{"target": -16.085150203402236, "params": {"C": 184.70217764773324, "epsilon": 0.9141656209814121, "gamma": 0.26246972042192523}, "datetime": {"datetime": "2021-09-27 18:24:35", "elapsed": 274.833223, "delta": 1.316599}}
{"target": -10.204805146123306, "params": {"C": 168.4781358571404, "epsilon": 0.3647507778343302, "gamma": 0.027295358182221147}, "datetime": {"datetime": "2021-09-27 18:24:38", "elapsed": 277.205801, "delta": 2.372578}}
{"target": -10.794995189282067, "params": {"C": 186.7796379106567, "epsilon": 0.19710613656158432, "gamma": 0.052031883168268116}, "datetime": {"datetime": "2021-09-27 18:24:40", "elapsed": 279.147893, "delta": 1.942092}}
{"target": -10.877755862456908, "params": {"C": 168.13757426590422, "epsilon": 0.4938963602824355, "gamma": 0.01}, "datetime": {"datetime": "2021-09-27 18:24:42", "elapsed": 281.117162, "delta": 1.969269}}
{"target": -13.689943881386402, "params": {"C": 186.60894431555403, "epsilon": 0.13602500489643957, "gamma": 0.13889931301661593}, "datetime": {"datetime": "2021-09-27 18:24:43", "elapsed": 282.892026, "delta": 1.774864}}
{"target": -10.722757245055888, "params": {"C": 186.8838982300557, "epsilon": 0.46295243201657693, "gamma": 0.04521728133637299}, "datetime": {"datetime": "2021-09-27 18:24:46", "elapsed": 285.21625, "delta": 2.324224}}
{"target": -10.572367793066435, "params": {"C": 194.20869264907353, "epsilon": 0.7108591916355056, "gamma": 0.037895399573791774}, "datetime": {"datetime": "2021-09-27 18:24:47", "elapsed": 286.533671, "delta": 1.317421}}
{"target": -13.944357202941523, "params": {"C": 194.33990208169288, "epsilon": 0.621194573254313, "gamma": 0.1330503736527697}, "datetime": {"datetime": "2021-09-27 18:24:49", "elapsed": 288.217821, "delta": 1.68415}}
{"target": -10.314844774818898, "params": {"C": 186.92714017487563, "epsilon": 0.2287804772434707, "gamma": 0.023793403421914976}, "datetime": {"datetime": "2021-09-27 18:24:51", "elapsed": 290.163116, "delta": 1.945295}}
{"target": -11.44604303217581, "params": {"C": 186.96596667018986, "epsilon": 0.029410227254447446, "gamma": 0.07954469009617653}, "datetime": {"datetime": "2021-09-27 18:24:53", "elapsed": 292.331265, "delta": 2.168149}}
{"target": -12.099621626515393, "params": {"C": 187.761403865816, "epsilon": 0.48907060371130684, "gamma": 0.08482475661229961}, "datetime": {"datetime": "2021-09-27 18:24:54", "elapsed": 293.763863, "delta": 1.432598}}
{"target": -10.818835573312754, "params": {"C": 150.7651875344126, "epsilon": 0.048127106615521754, "gamma": 0.06580776048980207}, "datetime": {"datetime": "2021-09-27 18:24:56", "elapsed": 295.254997, "delta": 1.491134}}
{"target": -11.594104823868602, "params": {"C": 196.79188090328785, "epsilon": 0.8870195500715455, "gamma": 0.06736170280378741}, "datetime": {"datetime": "2021-09-27 18:24:57", "elapsed": 296.608732, "delta": 1.353735}}
{"target": -14.474410527796197, "params": {"C": 186.91800514751398, "epsilon": 0.25330259964332735, "gamma": 0.18149072025331975}, "datetime": {"datetime": "2021-09-27 18:24:59", "elapsed": 298.786713, "delta": 2.177981}}
{"target": -14.723776173332375, "params": {"C": 168.36220993175198, "epsilon": 0.45896766191429417, "gamma": 0.1869427188992653}, "datetime": {"datetime": "2021-09-27 18:25:01", "elapsed": 300.793502, "delta": 2.006789}}
{"target": -14.825510864823935, "params": {"C": 155.76903505037987, "epsilon": 0.09931310767125894, "gamma": 0.22879692031644372}, "datetime": {"datetime": "2021-09-27 18:25:03", "elapsed": 302.178508, "delta": 1.385006}}
{"target": -10.621673225843168, "params": {"C": 194.26039337128032, "epsilon": 0.9642571650036662, "gamma": 0.03741155219990006}, "datetime": {"datetime": "2021-09-27 18:25:05", "elapsed": 304.700682, "delta": 2.522174}}
{"target": -11.047528336856942, "params": {"C": 194.42989891938265, "epsilon": 0.8908725428748953, "gamma": 0.01372441079865611}, "datetime": {"datetime": "2021-09-27 18:25:07", "elapsed": 306.828681, "delta": 2.127999}}
{"target": -11.049101163723437, "params": {"C": 157.8946176156884, "epsilon": 0.7409830663022594, "gamma": 0.01}, "datetime": {"datetime": "2021-09-27 18:25:10", "elapsed": 309.713581, "delta": 2.8849}}
{"target": -10.825795885359797, "params": {"C": 195.32447703469037, "epsilon": 0.2580832437496427, "gamma": 0.014874007665143928}, "datetime": {"datetime": "2021-09-27 18:25:12", "elapsed": 311.213259, "delta": 1.499678}}
{"target": -11.372158203890695, "params": {"C": 167.8070421011159, "epsilon": 0.8847086468864457, "gamma": 0.01}, "datetime": {"datetime": "2021-09-27 18:25:14", "elapsed": 313.700998, "delta": 2.487739}}
{"target": -15.656470247062284, "params": {"C": 194.36089957192578, "epsilon": 0.9442860482391127, "gamma": 0.22260554778310676}, "datetime": {"datetime": "2021-09-27 18:25:17", "elapsed": 316.020847, "delta": 2.319849}}
