{"target": 0.907947444076066, "params": {"C": 296.53074811188264, "epsilon": 0.6803829316752893, "gamma": 0.02281810998584684}, "datetime": {"datetime": "2021-09-18 14:55:57", "elapsed": 369.434713, "delta": 2.043212}}
{"target": 0.869906902139424, "params": {"C": 193.5869799661886, "epsilon": 0.032430000325355576, "gamma": 0.1482194925321399}, "datetime": {"datetime": "2021-09-18 14:55:58", "elapsed": 370.99868, "delta": 1.563967}}
{"target": 0.8958020140409505, "params": {"C": 241.10464749785734, "epsilon": 0.18026906765274794, "gamma": 0.10485628687187873}, "datetime": {"datetime": "2021-09-18 14:56:01", "elapsed": 373.716256, "delta": 2.717576}}
{"target": 0.9199214207868088, "params": {"C": 284.59539925232843, "epsilon": 0.35147101093491007, "gamma": 0.03876547346043466}, "datetime": {"datetime": "2021-09-18 14:56:03", "elapsed": 375.341398, "delta": 1.625142}}
{"target": 0.9186426270997602, "params": {"C": 245.98646457838225, "epsilon": 0.3899149792148701, "gamma": 0.03390588662787783}, "datetime": {"datetime": "2021-09-18 14:56:05", "elapsed": 378.220711, "delta": 2.879313}}
{"target": 0.9045353798642686, "params": {"C": 284.5928593461917, "epsilon": 0.3998195116979034, "gamma": 0.08486640959189123}, "datetime": {"datetime": "2021-09-18 14:56:08", "elapsed": 380.519384, "delta": 2.298673}}
{"target": 0.8974612360743829, "params": {"C": 245.7267081697963, "epsilon": 0.3342446097067693, "gamma": 0.02}, "datetime": {"datetime": "2021-09-18 14:56:10", "elapsed": 383.078627, "delta": 2.559243}}
{"target": 0.9079329038971451, "params": {"C": 130.49862298429693, "epsilon": 0.47253942535103866, "gamma": 0.07602627738575764}, "datetime": {"datetime": "2021-09-18 14:56:12", "elapsed": 384.656983, "delta": 1.578356}}
{"target": 0.8867924299399974, "params": {"C": 173.1443627913582, "epsilon": 0.02, "gamma": 0.02}, "datetime": {"datetime": "2021-09-18 14:56:14", "elapsed": 387.144692, "delta": 2.487709}}
{"target": 0.9170809455139907, "params": {"C": 246.03101831606656, "epsilon": 0.42194750339305276, "gamma": 0.052853419886823974}, "datetime": {"datetime": "2021-09-18 14:56:18", "elapsed": 390.644717, "delta": 3.500025}}
{"target": 0.8786926322554556, "params": {"C": 158.3609105534143, "epsilon": 0.37982374060057683, "gamma": 0.13231760187210537}, "datetime": {"datetime": "2021-09-18 14:56:19", "elapsed": 392.243714, "delta": 1.598997}}
{"target": 0.917287368609451, "params": {"C": 240.9395451265786, "epsilon": 0.6003013330628456, "gamma": 0.036514964804778574}, "datetime": {"datetime": "2021-09-18 14:56:22", "elapsed": 394.996286, "delta": 2.752572}}
{"target": 0.9147431221655522, "params": {"C": 245.98465650469558, "epsilon": 0.33909158031535763, "gamma": 0.0583775238979702}, "datetime": {"datetime": "2021-09-18 14:56:26", "elapsed": 398.318381, "delta": 3.322095}}
{"target": 0.8617134242878738, "params": {"C": 130.67393683879646, "epsilon": 0.9543793640181849, "gamma": 0.1449042277435222}, "datetime": {"datetime": "2021-09-18 14:56:27", "elapsed": 399.827567, "delta": 1.509186}}
{"target": 0.9203441213723821, "params": {"C": 284.55825819357426, "epsilon": 0.31386958643144225, "gamma": 0.04448688133377793}, "datetime": {"datetime": "2021-09-18 14:56:29", "elapsed": 402.0775, "delta": 2.249933}}
{"target": 0.9201640285166767, "params": {"C": 284.5451689939088, "epsilon": 0.360874795522462, "gamma": 0.041361555274407394}, "datetime": {"datetime": "2021-09-18 14:56:32", "elapsed": 404.610463, "delta": 2.532963}}
{"target": 0.9093428953977942, "params": {"C": 289.08060438015764, "epsilon": 0.35653034204889483, "gamma": 0.023144515356477928}, "datetime": {"datetime": "2021-09-18 14:56:34", "elapsed": 406.822711, "delta": 2.212248}}
{"target": 0.8717227963584591, "params": {"C": 156.17174373716642, "epsilon": 0.4343901815438331, "gamma": 0.14092749501817042}, "datetime": {"datetime": "2021-09-18 14:56:36", "elapsed": 408.338364, "delta": 1.515653}}
{"target": 0.9202877286489484, "params": {"C": 289.19235104420704, "epsilon": 0.3049951062274088, "gamma": 0.039863571908327636}, "datetime": {"datetime": "2021-09-18 14:56:39", "elapsed": 412.0007, "delta": 3.662336}}
{"target": 0.9104956904504995, "params": {"C": 149.84631355292072, "epsilon": 0.8555286616356602, "gamma": 0.03771347448247447}, "datetime": {"datetime": "2021-09-18 14:56:41", "elapsed": 413.591941, "delta": 1.591241}}
{"target": 0.8898660505182658, "params": {"C": 277.8167945358863, "epsilon": 0.849038203345954, "gamma": 0.09467275772403858}, "datetime": {"datetime": "2021-09-18 14:56:44", "elapsed": 416.963259, "delta": 3.371318}}
{"target": 0.894473859263402, "params": {"C": 138.62780804801386, "epsilon": 0.07004578028983531, "gamma": 0.11701865926960223}, "datetime": {"datetime": "2021-09-18 14:56:47", "elapsed": 419.284835, "delta": 2.321576}}
{"target": 0.9192940967834891, "params": {"C": 289.20724528942367, "epsilon": 0.22864265800409667, "gamma": 0.03246327185817957}, "datetime": {"datetime": "2021-09-18 14:56:50", "elapsed": 422.718729, "delta": 3.433894}}
{"target": 0.9008327718622703, "params": {"C": 284.62270002275045, "epsilon": 0.30045617534428204, "gamma": 0.09290312165865457}, "datetime": {"datetime": "2021-09-18 14:56:53", "elapsed": 426.109896, "delta": 3.391167}}
{"target": 0.9051101934013627, "params": {"C": 277.76915005156445, "epsilon": 0.7998386888434386, "gamma": 0.0220484883906419}, "datetime": {"datetime": "2021-09-18 14:56:56", "elapsed": 428.430273, "delta": 2.320377}}
{"target": 0.9128555313501783, "params": {"C": 289.2178818959701, "epsilon": 0.2844239926954783, "gamma": 0.06881914846013391}, "datetime": {"datetime": "2021-09-18 14:57:00", "elapsed": 432.592041, "delta": 4.161768}}
{"target": 0.9100659110803286, "params": {"C": 191.74478183094985, "epsilon": 0.7327171463917711, "gamma": 0.032073265871461816}, "datetime": {"datetime": "2021-09-18 14:57:03", "elapsed": 435.470521, "delta": 2.87848}}
{"target": 0.9109276181673706, "params": {"C": 209.9372256191682, "epsilon": 0.27049190540708296, "gamma": 0.02821026400298449}, "datetime": {"datetime": "2021-09-18 14:57:06", "elapsed": 438.837802, "delta": 3.367281}}
{"target": 0.9149791345071153, "params": {"C": 277.8858831720761, "epsilon": 0.8852887164684019, "gamma": 0.03369198519802487}, "datetime": {"datetime": "2021-09-18 14:57:10", "elapsed": 442.39209, "delta": 3.554288}}
{"target": 0.9100212846029851, "params": {"C": 284.5132120701556, "epsilon": 0.3417638423000552, "gamma": 0.0757073408117946}, "datetime": {"datetime": "2021-09-18 14:57:12", "elapsed": 445.083244, "delta": 2.691154}}
{"target": 0.9168831255184309, "params": {"C": 277.8771053897876, "epsilon": 0.9665676151503396, "gamma": 0.042153041638111496}, "datetime": {"datetime": "2021-09-18 14:57:15", "elapsed": 447.365036, "delta": 2.281792}}
{"target": 0.9098367056799661, "params": {"C": 289.1543911989319, "epsilon": 0.1655746016175072, "gamma": 0.07989714683047827}, "datetime": {"datetime": "2021-09-18 14:57:17", "elapsed": 449.811255, "delta": 2.446219}}
{"target": 0.9003503851059854, "params": {"C": 245.80748461039857, "epsilon": 0.2902938999661594, "gamma": 0.021134769485682332}, "datetime": {"datetime": "2021-09-18 14:57:21", "elapsed": 453.618293, "delta": 3.807038}}
{"target": 0.9130509145799088, "params": {"C": 241.00182186831375, "epsilon": 0.6086822199234778, "gamma": 0.06704123461941931}, "datetime": {"datetime": "2021-09-18 14:57:23", "elapsed": 456.245256, "delta": 2.626963}}
{"target": 0.9125297677892668, "params": {"C": 289.2278784227633, "epsilon": 0.21447545838600587, "gamma": 0.07228860302778954}, "datetime": {"datetime": "2021-09-18 14:57:26", "elapsed": 459.019257, "delta": 2.774001}}
{"target": 0.9071319277538901, "params": {"C": 296.6138295481728, "epsilon": 0.5002173667601544, "gamma": 0.021920781194501422}, "datetime": {"datetime": "2021-09-18 14:57:29", "elapsed": 462.190256, "delta": 3.170999}}
{"target": 0.9058971221016423, "params": {"C": 209.78035902530104, "epsilon": 0.39826938628433656, "gamma": 0.0249998153915648}, "datetime": {"datetime": "2021-09-18 14:57:32", "elapsed": 465.119237, "delta": 2.928981}}
{"target": 0.9105123204227474, "params": {"C": 289.22116100015285, "epsilon": 0.3658349968645418, "gamma": 0.07365306510290774}, "datetime": {"datetime": "2021-09-18 14:57:35", "elapsed": 467.491119, "delta": 2.371882}}
{"target": 0.9190109034627887, "params": {"C": 245.9803756580204, "epsilon": 0.4315070430241452, "gamma": 0.0352806167843846}, "datetime": {"datetime": "2021-09-18 14:57:37", "elapsed": 469.838097, "delta": 2.346978}}
{"target": 0.8988179776275266, "params": {"C": 245.94298443586962, "epsilon": 0.44846438311355363, "gamma": 0.09566446107659803}, "datetime": {"datetime": "2021-09-18 14:57:40", "elapsed": 472.841539, "delta": 3.003442}}
{"target": 0.9079090733417383, "params": {"C": 191.7981485244179, "epsilon": 0.6622342308887975, "gamma": 0.029641565742511814}, "datetime": {"datetime": "2021-09-18 14:57:43", "elapsed": 475.597746, "delta": 2.756207}}
{"target": 0.9037546266880605, "params": {"C": 245.7923386152723, "epsilon": 0.1892300339917049, "gamma": 0.023028428558920604}, "datetime": {"datetime": "2021-09-18 14:57:45", "elapsed": 477.968957, "delta": 2.371211}}
{"target": 0.9062965666214184, "params": {"C": 259.1208363465421, "epsilon": 0.28246833261885, "gamma": 0.023319014431549673}, "datetime": {"datetime": "2021-09-18 14:57:48", "elapsed": 481.082413, "delta": 3.113456}}
{"target": 0.9097316265852717, "params": {"C": 143.15075384987153, "epsilon": 0.06445835811058302, "gamma": 0.03427979001507468}, "datetime": {"datetime": "2021-09-18 14:57:52", "elapsed": 484.951982, "delta": 3.869569}}
{"target": 0.9168261103191848, "params": {"C": 210.8881098521589, "epsilon": 0.7837926536902721, "gamma": 0.04797441636724922}, "datetime": {"datetime": "2021-09-18 14:57:54", "elapsed": 486.459475, "delta": 1.507493}}
{"target": 0.8914316415486451, "params": {"C": 190.28111069495284, "epsilon": 0.10166992883142734, "gamma": 0.11755071839804603}, "datetime": {"datetime": "2021-09-18 14:57:56", "elapsed": 488.855613, "delta": 2.396138}}
{"target": 0.8982982206628085, "params": {"C": 277.9047833664142, "epsilon": 0.9324132784566904, "gamma": 0.08371351970662987}, "datetime": {"datetime": "2021-09-18 14:57:59", "elapsed": 491.566418, "delta": 2.710805}}
{"target": 0.8717952730562024, "params": {"C": 209.68669069609734, "epsilon": 0.7801847333821567, "gamma": 0.12471241522576103}, "datetime": {"datetime": "2021-09-18 14:58:00", "elapsed": 493.044272, "delta": 1.477854}}
{"target": 0.8669698534475963, "params": {"C": 291.5464136201766, "epsilon": 0.11342213173731919, "gamma": 0.13632624606376076}, "datetime": {"datetime": "2021-09-18 14:58:02", "elapsed": 494.648942, "delta": 1.60467}}
{"target": 0.9203387458822043, "params": {"C": 289.1758244847664, "epsilon": 0.25332067428600546, "gamma": 0.04273449859011967}, "datetime": {"datetime": "2021-09-18 14:58:05", "elapsed": 497.44624, "delta": 2.797298}}
{"target": 0.908083247833394, "params": {"C": 173.16316780433147, "epsilon": 0.04875408508169628, "gamma": 0.08367272843778426}, "datetime": {"datetime": "2021-09-18 14:58:09", "elapsed": 502.124731, "delta": 4.678491}}
{"target": 0.8916411001496312, "params": {"C": 167.86794581201625, "epsilon": 0.6108868366648331, "gamma": 0.10975804453955781}, "datetime": {"datetime": "2021-09-18 14:58:11", "elapsed": 503.669577, "delta": 1.544846}}
{"target": 0.866280025638287, "params": {"C": 261.44687110037694, "epsilon": 0.9759414028944535, "gamma": 0.12565978100790504}, "datetime": {"datetime": "2021-09-18 14:58:14", "elapsed": 506.695673, "delta": 3.026096}}
{"target": 0.8810109396678746, "params": {"C": 249.9831842465745, "epsilon": 0.1037263817078553, "gamma": 0.12309025044362729}, "datetime": {"datetime": "2021-09-18 14:58:16", "elapsed": 508.344979, "delta": 1.649306}}
{"target": 0.9185795244563564, "params": {"C": 246.10080277408574, "epsilon": 0.3924231742985197, "gamma": 0.04972510129046216}, "datetime": {"datetime": "2021-09-18 14:58:19", "elapsed": 511.31726, "delta": 2.972281}}
{"target": 0.9037726964657268, "params": {"C": 210.81535354081308, "epsilon": 0.8145022757071918, "gamma": 0.02401985747635662}, "datetime": {"datetime": "2021-09-18 14:58:21", "elapsed": 513.629608, "delta": 2.312348}}
{"target": 0.9139188281380535, "params": {"C": 210.8816172004682, "epsilon": 0.7361007212604019, "gamma": 0.06253151238285674}, "datetime": {"datetime": "2021-09-18 14:58:25", "elapsed": 517.50961, "delta": 3.880002}}
{"target": 0.9108501463405858, "params": {"C": 289.270610350551, "epsilon": 0.293560895236833, "gamma": 0.02419574026688637}, "datetime": {"datetime": "2021-09-18 14:58:28", "elapsed": 520.744752, "delta": 3.235142}}
{"target": 0.9161358468283652, "params": {"C": 248.0879135318744, "epsilon": 0.9385843320902468, "gamma": 0.04603431053811702}, "datetime": {"datetime": "2021-09-18 14:58:30", "elapsed": 522.395504, "delta": 1.650752}}
{"target": 0.9153735993658048, "params": {"C": 289.2238478053475, "epsilon": 0.33591607416804464, "gamma": 0.026961198717386687}, "datetime": {"datetime": "2021-09-18 14:58:33", "elapsed": 525.529191, "delta": 3.133687}}
{"target": 0.9073042590252359, "params": {"C": 246.0302059969386, "epsilon": 0.37377261303373255, "gamma": 0.024149205025972544}, "datetime": {"datetime": "2021-09-18 14:58:36", "elapsed": 528.4289, "delta": 2.899709}}
{"target": 0.9046033093551146, "params": {"C": 213.86669577029738, "epsilon": 0.5199285962561123, "gamma": 0.023981812776049122}, "datetime": {"datetime": "2021-09-18 14:58:37", "elapsed": 530.087076, "delta": 1.658176}}
{"target": 0.8813908989496197, "params": {"C": 275.5841675472492, "epsilon": 0.6236561201984334, "gamma": 0.1093057585788935}, "datetime": {"datetime": "2021-09-18 14:58:39", "elapsed": 531.693361, "delta": 1.606285}}
{"target": 0.9115152258456308, "params": {"C": 196.13997479376349, "epsilon": 0.3554681780835997, "gamma": 0.06662368652361224}, "datetime": {"datetime": "2021-09-18 14:58:41", "elapsed": 533.290814, "delta": 1.597453}}
{"target": 0.9149335477641852, "params": {"C": 248.02218471850114, "epsilon": 0.9366285985157801, "gamma": 0.05687007153440804}, "datetime": {"datetime": "2021-09-18 14:58:44", "elapsed": 537.167919, "delta": 3.877105}}
{"target": 0.893650373972677, "params": {"C": 210.8875260387956, "epsilon": 0.7878492015702347, "gamma": 0.09773494029696417}, "datetime": {"datetime": "2021-09-18 14:58:48", "elapsed": 540.512046, "delta": 3.344127}}
{"target": 0.896786941390327, "params": {"C": 253.69627710456535, "epsilon": 0.8042635993616823, "gamma": 0.0904885729631466}, "datetime": {"datetime": "2021-09-18 14:58:49", "elapsed": 542.232482, "delta": 1.720436}}
{"target": 0.9032870341905432, "params": {"C": 168.14461840684342, "epsilon": 0.29235256233246826, "gamma": 0.09522086383073565}, "datetime": {"datetime": "2021-09-18 14:58:51", "elapsed": 543.818545, "delta": 1.586063}}
{"target": 0.9180007034138785, "params": {"C": 296.3716114752614, "epsilon": 0.585771935646636, "gamma": 0.03628936438314205}, "datetime": {"datetime": "2021-09-18 14:58:54", "elapsed": 546.735812, "delta": 2.917267}}
{"target": 0.9159310918519732, "params": {"C": 279.86019165720063, "epsilon": 0.8275705086831072, "gamma": 0.03453174506682452}, "datetime": {"datetime": "2021-09-18 14:58:56", "elapsed": 548.480841, "delta": 1.745029}}
{"target": 0.9032135771247704, "params": {"C": 246.0836487383773, "epsilon": 0.4525818262629314, "gamma": 0.08881174851556664}, "datetime": {"datetime": "2021-09-18 14:58:59", "elapsed": 551.895314, "delta": 3.414473}}
{"target": 0.8965628060899108, "params": {"C": 144.35000578707812, "epsilon": 0.399972606121112, "gamma": 0.10763130080794676}, "datetime": {"datetime": "2021-09-18 14:59:01", "elapsed": 553.549911, "delta": 1.654597}}
{"target": 0.9191053455941475, "params": {"C": 229.8938582488358, "epsilon": 0.2542807992962067, "gamma": 0.04542022436801843}, "datetime": {"datetime": "2021-09-18 14:59:02", "elapsed": 555.222504, "delta": 1.672593}}
{"target": 0.9189763589068599, "params": {"C": 229.84634673151632, "epsilon": 0.2582587412928766, "gamma": 0.03448362444492708}, "datetime": {"datetime": "2021-09-18 14:59:05", "elapsed": 558.032306, "delta": 2.809802}}
{"target": 0.8998866646628019, "params": {"C": 229.90716341645293, "epsilon": 0.2831527514360216, "gamma": 0.099168931524065}, "datetime": {"datetime": "2021-09-18 14:59:08", "elapsed": 560.332379, "delta": 2.300073}}
{"target": 0.9101953616821123, "params": {"C": 127.42706809724037, "epsilon": 0.7981850681326266, "gamma": 0.04009532598955881}, "datetime": {"datetime": "2021-09-18 14:59:09", "elapsed": 562.030773, "delta": 1.698394}}
{"target": 0.8620135825501118, "params": {"C": 268.3018700808086, "epsilon": 0.7718057015082966, "gamma": 0.13377262704180787}, "datetime": {"datetime": "2021-09-18 14:59:11", "elapsed": 563.672403, "delta": 1.64163}}
{"target": 0.9187300492969412, "params": {"C": 289.129001357868, "epsilon": 0.27941086788687103, "gamma": 0.030990667379185703}, "datetime": {"datetime": "2021-09-18 14:59:14", "elapsed": 566.419864, "delta": 2.747461}}
{"target": 0.9128027863523528, "params": {"C": 216.62932093630903, "epsilon": 0.2589698916790635, "gamma": 0.02899883124416428}, "datetime": {"datetime": "2021-09-18 14:59:15", "elapsed": 568.226029, "delta": 1.806165}}
{"target": 0.9165473667937549, "params": {"C": 227.2822388937053, "epsilon": 0.8580615170345142, "gamma": 0.04734620041437142}, "datetime": {"datetime": "2021-09-18 14:59:17", "elapsed": 569.935725, "delta": 1.709696}}
{"target": 0.9168097976907851, "params": {"C": 227.26467491039108, "epsilon": 0.795173575982542, "gamma": 0.041888614624230096}, "datetime": {"datetime": "2021-09-18 14:59:21", "elapsed": 574.085625, "delta": 4.1499}}
{"target": 0.8934184592925536, "params": {"C": 227.29020027311768, "epsilon": 0.8130035052832343, "gamma": 0.09565505872062492}, "datetime": {"datetime": "2021-09-18 14:59:24", "elapsed": 576.662962, "delta": 2.577337}}
{"target": 0.9141477832012337, "params": {"C": 209.69683425401493, "epsilon": 0.3594443960012931, "gamma": 0.06055657088999068}, "datetime": {"datetime": "2021-09-18 14:59:26", "elapsed": 578.91963, "delta": 2.256668}}
{"target": 0.8627584986464616, "params": {"C": 121.38391234302307, "epsilon": 0.8624013978070496, "gamma": 0.14675031125755575}, "datetime": {"datetime": "2021-09-18 14:59:28", "elapsed": 580.659945, "delta": 1.740315}}
{"target": 0.9042056840097142, "params": {"C": 202.44371518648234, "epsilon": 0.6733845855377797, "gamma": 0.08747437256593468}, "datetime": {"datetime": "2021-09-18 14:59:30", "elapsed": 582.428002, "delta": 1.768057}}
{"target": 0.917199805393716, "params": {"C": 296.57663031373727, "epsilon": 0.5887617156860102, "gamma": 0.05219657117715261}, "datetime": {"datetime": "2021-09-18 14:59:32", "elapsed": 584.79566, "delta": 2.367658}}
{"target": 0.9039235551315784, "params": {"C": 150.1228195866208, "epsilon": 0.4106403667580661, "gamma": 0.0898968952648212}, "datetime": {"datetime": "2021-09-18 14:59:34", "elapsed": 586.525988, "delta": 1.730328}}
{"target": 0.9130157842641289, "params": {"C": 229.86650384414605, "epsilon": 0.23208961544493442, "gamma": 0.06897602315958838}, "datetime": {"datetime": "2021-09-18 14:59:38", "elapsed": 590.454998, "delta": 3.92901}}
{"target": 0.91730639983991, "params": {"C": 288.95477735151246, "epsilon": 0.14574846073575046, "gamma": 0.031198831871886244}, "datetime": {"datetime": "2021-09-18 14:59:41", "elapsed": 593.443268, "delta": 2.98827}}
{"target": 0.9166122778550367, "params": {"C": 296.34746037354194, "epsilon": 0.6598907082263019, "gamma": 0.03291197180485905}, "datetime": {"datetime": "2021-09-18 14:59:44", "elapsed": 596.492221, "delta": 3.048953}}
{"target": 0.9155987382757395, "params": {"C": 209.920209652222, "epsilon": 0.3415839185539446, "gamma": 0.05701142664956674}, "datetime": {"datetime": "2021-09-18 14:59:47", "elapsed": 599.403562, "delta": 2.911341}}
{"target": 0.8777831984791354, "params": {"C": 215.67175622916915, "epsilon": 0.749786359755283, "gamma": 0.11637608989823062}, "datetime": {"datetime": "2021-09-18 14:59:50", "elapsed": 602.658247, "delta": 3.254685}}
{"target": 0.9198671237531246, "params": {"C": 246.1355181344125, "epsilon": 0.357620933496145, "gamma": 0.03915729690172743}, "datetime": {"datetime": "2021-09-18 14:59:55", "elapsed": 607.671656, "delta": 5.013409}}
{"target": 0.9164869027554821, "params": {"C": 277.81840035565085, "epsilon": 0.9991223930971496, "gamma": 0.040300483353896334}, "datetime": {"datetime": "2021-09-18 14:59:59", "elapsed": 611.773323, "delta": 4.101667}}
{"target": 0.9156811686765973, "params": {"C": 227.22551064249984, "epsilon": 0.8169982985325581, "gamma": 0.0376252808211095}, "datetime": {"datetime": "2021-09-18 15:00:03", "elapsed": 615.613136, "delta": 3.839813}}
{"target": 0.9090868808949073, "params": {"C": 280.48043404449425, "epsilon": 0.5440034266506865, "gamma": 0.07603009233030457}, "datetime": {"datetime": "2021-09-18 15:00:05", "elapsed": 617.36515, "delta": 1.752014}}
{"target": 0.9096397961082402, "params": {"C": 246.18085874767362, "epsilon": 0.42356620584699245, "gamma": 0.025095187807061194}, "datetime": {"datetime": "2021-09-18 15:00:07", "elapsed": 620.247348, "delta": 2.882198}}
{"target": 0.9014861988870343, "params": {"C": 227.23076358129788, "epsilon": 0.7368745650352934, "gamma": 0.022081865989113228}, "datetime": {"datetime": "2021-09-18 15:00:12", "elapsed": 625.277011, "delta": 5.029663}}
{"target": 0.9190990645358743, "params": {"C": 246.18049767471496, "epsilon": 0.3013463588905307, "gamma": 0.0449230547036948}, "datetime": {"datetime": "2021-09-18 15:00:17", "elapsed": 629.607298, "delta": 4.330287}}
{"target": 0.9017201904906481, "params": {"C": 246.18919059889248, "epsilon": 0.27835192478757803, "gamma": 0.09537923628345356}, "datetime": {"datetime": "2021-09-18 15:00:20", "elapsed": 632.367701, "delta": 2.760403}}
