{"target": -2.401827721995698, "params": {"C": 266.136734548596, "epsilon": 0.03075512912871097, "gamma": 0.11426952585446451}, "datetime": {"datetime": "2021-09-19 09:45:28", "elapsed": 554.432147, "delta": 3.065553}}
{"target": -2.2376220219547736, "params": {"C": 253.49402045204826, "epsilon": 0.08481741181130158, "gamma": 0.09522086383073565}, "datetime": {"datetime": "2021-09-19 09:45:29", "elapsed": 556.082471, "delta": 1.650324}}
{"target": -2.0254869419052097, "params": {"C": 353.39900527703156, "epsilon": 0.12040770435277214, "gamma": 0.02}, "datetime": {"datetime": "2021-09-19 09:45:33", "elapsed": 559.339858, "delta": 3.257387}}
{"target": -1.9947023475137804, "params": {"C": 377.62243517466743, "epsilon": 0.24756735876282238, "gamma": 0.03453174506682452}, "datetime": {"datetime": "2021-09-19 09:45:34", "elapsed": 561.122836, "delta": 1.782978}}
{"target": -2.320086887870778, "params": {"C": 377.58791856385056, "epsilon": 0.12375371033746048, "gamma": 0.09173410847327554}, "datetime": {"datetime": "2021-09-19 09:45:38", "elapsed": 564.892333, "delta": 3.769497}}
{"target": -2.3207055540452863, "params": {"C": 227.05556198564236, "epsilon": 0.1175426904327463, "gamma": 0.10763130080794676}, "datetime": {"datetime": "2021-09-19 09:45:40", "elapsed": 566.558212, "delta": 1.665879}}
{"target": -2.002161441538253, "params": {"C": 322.1042869431509, "epsilon": 0.0732404879492547, "gamma": 0.04542022436801843}, "datetime": {"datetime": "2021-09-19 09:45:41", "elapsed": 568.218587, "delta": 1.660375}}
{"target": -1.9875374363900338, "params": {"C": 342.25668076661134, "epsilon": 0.21966567878530227, "gamma": 0.02626635575937987}, "datetime": {"datetime": "2021-09-19 09:45:45", "elapsed": 571.701376, "delta": 3.482789}}
{"target": -2.23597148142269, "params": {"C": 377.7164744781367, "epsilon": 0.2683594353235449, "gamma": 0.07997094623338642}, "datetime": {"datetime": "2021-09-19 09:45:48", "elapsed": 574.668543, "delta": 2.967167}}
{"target": -1.956084558716712, "params": {"C": 208.25229788582263, "epsilon": 0.23863178602400276, "gamma": 0.04009532598955881}, "datetime": {"datetime": "2021-09-19 09:45:50", "elapsed": 576.366235, "delta": 1.697692}}
{"target": -2.6119590980202316, "params": {"C": 364.77985564534293, "epsilon": 0.23061030515252284, "gamma": 0.13377262704180787}, "datetime": {"datetime": "2021-09-19 09:45:51", "elapsed": 578.031896, "delta": 1.665661}}
{"target": -1.956520401268556, "params": {"C": 266.2217399610514, "epsilon": 0.21714824034430363, "gamma": 0.033770207416691594}, "datetime": {"datetime": "2021-09-19 09:45:54", "elapsed": 580.915067, "delta": 2.883171}}
{"target": -2.2632503618507767, "params": {"C": 266.3154375316417, "epsilon": 0.12796712353675274, "gamma": 0.09625259208244953}, "datetime": {"datetime": "2021-09-19 09:45:57", "elapsed": 584.019701, "delta": 3.104634}}
{"target": -2.0947844125839357, "params": {"C": 377.5099659432551, "epsilon": 0.2977284660434239, "gamma": 0.05229153935827034}, "datetime": {"datetime": "2021-09-19 09:46:00", "elapsed": 586.588699, "delta": 2.568998}}
{"target": -1.97353423645277, "params": {"C": 208.14292594469578, "epsilon": 0.25691651602830656, "gamma": 0.04238543994397159}, "datetime": {"datetime": "2021-09-19 09:46:03", "elapsed": 589.363148, "delta": 2.774449}}
{"target": -2.548746691468004, "params": {"C": 208.18169993428577, "epsilon": 0.27163198270829797, "gamma": 0.14543415021227724}, "datetime": {"datetime": "2021-09-19 09:46:06", "elapsed": 592.302701, "delta": 2.939553}}
{"target": -2.0379586267141923, "params": {"C": 208.23927064907514, "epsilon": 0.11815163282329966, "gamma": 0.02098939647707454}, "datetime": {"datetime": "2021-09-19 09:46:09", "elapsed": 595.30703, "delta": 3.004329}}
{"target": -1.9889772608706568, "params": {"C": 266.1515366967965, "epsilon": 0.25536177168491797, "gamma": 0.022376645067230538}, "datetime": {"datetime": "2021-09-19 09:46:11", "elapsed": 597.771875, "delta": 2.464845}}
{"target": -2.226137577300439, "params": {"C": 291.6041279849804, "epsilon": 0.20068225152067176, "gamma": 0.08747437256593468}, "datetime": {"datetime": "2021-09-19 09:46:13", "elapsed": 599.541022, "delta": 1.769147}}
{"target": -2.1750405430819955, "params": {"C": 322.10154759712344, "epsilon": 0.18945124713515796, "gamma": 0.07812232904238274}, "datetime": {"datetime": "2021-09-19 09:46:16", "elapsed": 602.691264, "delta": 3.150242}}
{"target": -2.1846955696317, "params": {"C": 233.4697995406898, "epsilon": 0.12078656050398336, "gamma": 0.0898968952648212}, "datetime": {"datetime": "2021-09-19 09:46:18", "elapsed": 604.381943, "delta": 1.690679}}
{"target": -1.9995001971913169, "params": {"C": 266.1109784424107, "epsilon": 0.17673007384327738, "gamma": 0.043547801228002475}, "datetime": {"datetime": "2021-09-19 09:46:22", "elapsed": 609.088127, "delta": 4.706184}}
{"target": -2.1568200433952485, "params": {"C": 322.2235453458135, "epsilon": 0.012190808375135954, "gamma": 0.0791497775791369}, "datetime": {"datetime": "2021-09-19 09:46:26", "elapsed": 612.466029, "delta": 3.377902}}
{"target": -2.023203317720572, "params": {"C": 259.1852996003257, "epsilon": 0.3, "gamma": 0.02}, "datetime": {"datetime": "2021-09-19 09:46:29", "elapsed": 616.182024, "delta": 3.715995}}
{"target": -2.0450081364302393, "params": {"C": 322.00184453603725, "epsilon": 0.03566277882060036, "gamma": 0.053942415716074846}, "datetime": {"datetime": "2021-09-19 09:46:33", "elapsed": 619.869845, "delta": 3.687821}}
{"target": -2.457742114798629, "params": {"C": 266.18924268181496, "epsilon": 0.27790686837303136, "gamma": 0.11746838250103256}, "datetime": {"datetime": "2021-09-19 09:46:37", "elapsed": 623.658668, "delta": 3.788823}}
{"target": -1.975119033921531, "params": {"C": 396.68213539584804, "epsilon": 0.29922580757604356, "gamma": 0.020959883775866422}, "datetime": {"datetime": "2021-09-19 09:46:42", "elapsed": 629.059992, "delta": 5.401324}}
{"target": -2.3512276967774435, "params": {"C": 396.71621135075, "epsilon": 0.18967204797602616, "gamma": 0.0909682087685127}, "datetime": {"datetime": "2021-09-19 09:46:45", "elapsed": 632.223968, "delta": 3.163976}}
{"target": -2.2367450767957813, "params": {"C": 204.46999652971255, "epsilon": 0.2999001640148587, "gamma": 0.09528700032470197}, "datetime": {"datetime": "2021-09-19 09:46:50", "elapsed": 636.551242, "delta": 4.327274}}
{"target": -2.1921614352855325, "params": {"C": 378.3115933827713, "epsilon": 0.16133981749173934, "gamma": 0.07603009233030457}, "datetime": {"datetime": "2021-09-19 09:46:52", "elapsed": 638.291364, "delta": 1.740122}}
{"target": -2.010580442815039, "params": {"C": 397.8712618291927, "epsilon": 0.1346115827405818, "gamma": 0.02355639909588843}, "datetime": {"datetime": "2021-09-19 09:46:55", "elapsed": 642.141346, "delta": 3.849982}}
{"target": -2.032270207185399, "params": {"C": 364.35795247423107, "epsilon": 0.0026046778289736446, "gamma": 0.03261205605433767}, "datetime": {"datetime": "2021-09-19 09:46:58", "elapsed": 645.101368, "delta": 2.960022}}
{"target": -1.9915730917162253, "params": {"C": 266.1885129779672, "epsilon": 0.16563397656291812, "gamma": 0.022872933970338755}, "datetime": {"datetime": "2021-09-19 09:47:02", "elapsed": 649.020644, "delta": 3.919276}}
{"target": -2.074882091241378, "params": {"C": 353.31753023325393, "epsilon": 0.023873615845926476, "gamma": 0.060391717028879535}, "datetime": {"datetime": "2021-09-19 09:47:05", "elapsed": 651.784607, "delta": 2.763963}}
{"target": -2.5888605071589605, "params": {"C": 322.067128551977, "epsilon": 0.02046630703389775, "gamma": 0.1360041098022312}, "datetime": {"datetime": "2021-09-19 09:47:09", "elapsed": 655.735682, "delta": 3.951075}}
{"target": -2.0213253781183753, "params": {"C": 321.8916885829789, "epsilon": 0.033337529803462794, "gamma": 0.0304179366560915}, "datetime": {"datetime": "2021-09-19 09:47:12", "elapsed": 659.001325, "delta": 3.265643}}
