{"target": 0.918999193983522, "params": {"C": 246.11777969690172, "epsilon": 0.29950347706306973, "gamma": 0.03371754534957619}, "datetime": {"datetime": "2021-09-18 15:00:24", "elapsed": 636.994721, "delta": 4.62702}}
{"target": 0.9154150610052214, "params": {"C": 279.9148918741376, "epsilon": 0.8127554489640053, "gamma": 0.06088273659075326}, "datetime": {"datetime": "2021-09-18 15:00:30", "elapsed": 643.11302, "delta": 6.118299}}
{"target": 0.9086368496369583, "params": {"C": 383.4044009405148, "epsilon": 0.7259180035733149, "gamma": 0.020014868726254836}, "datetime": {"datetime": "2021-09-18 15:28:17", "elapsed": 0.0, "delta": 0.0}}
{"target": 0.9190113108048198, "params": {"C": 360.466514526368, "epsilon": 0.16382077300077078, "gamma": 0.03200401731994371}, "datetime": {"datetime": "2021-09-18 15:28:17", "elapsed": 0.123996, "delta": 0.123996}}
{"target": 0.9111128496984148, "params": {"C": 337.25204227553417, "epsilon": 0.3586495125021868, "gamma": 0.07157977164998709}, "datetime": {"datetime": "2021-09-18 15:28:17", "elapsed": 0.231044, "delta": 0.107048}}
{"target": 0.8724802913285725, "params": {"C": 407.7633468006714, "epsilon": 0.4308106241152289, "gamma": 0.10907853505157875}, "datetime": {"datetime": "2021-09-18 15:28:17", "elapsed": 0.318996, "delta": 0.087952}}
{"target": 0.9105119826565847, "params": {"C": 340.8904499463035, "epsilon": 0.8805550876631265, "gamma": 0.023560387115730403}, "datetime": {"datetime": "2021-09-18 15:28:17", "elapsed": 0.383991, "delta": 0.064995}}
{"target": 0.8852215250781046, "params": {"C": 434.09350203568044, "epsilon": 0.42895870631978444, "gamma": 0.09262967769794772}, "datetime": {"datetime": "2021-09-18 15:28:17", "elapsed": 0.484036, "delta": 0.100045}}
{"target": 0.8710386540456211, "params": {"C": 328.0773877190468, "epsilon": 0.2141394593031812, "gamma": 0.12409679392781978}, "datetime": {"datetime": "2021-09-18 15:28:17", "elapsed": 0.573998, "delta": 0.089962}}
{"target": 0.8670433937126755, "params": {"C": 493.6523151438795, "epsilon": 0.327155694596058, "gamma": 0.11000194003701083}, "datetime": {"datetime": "2021-09-18 15:28:17", "elapsed": 0.679002, "delta": 0.105004}}
{"target": 0.9190526301614781, "params": {"C": 475.2778304592076, "epsilon": 0.8967145302337703, "gamma": 0.03105574747807113}, "datetime": {"datetime": "2021-09-18 15:28:17", "elapsed": 0.762991, "delta": 0.083989}}
{"target": 0.8659312891679063, "params": {"C": 307.81095664657647, "epsilon": 0.1864338111732775, "gamma": 0.1341585254458237}, "datetime": {"datetime": "2021-09-18 15:28:18", "elapsed": 0.864992, "delta": 0.102001}}
{"target": 0.9200753859789047, "params": {"C": 368.451148634205, "epsilon": 0.40419259882555875, "gamma": 0.033499803303741145}, "datetime": {"datetime": "2021-09-18 15:28:18", "elapsed": 1.144031, "delta": 0.279039}}
{"target": 0.9066935370215831, "params": {"C": 464.81651934575154, "epsilon": 1.0, "gamma": 0.02}, "datetime": {"datetime": "2021-09-18 15:28:18", "elapsed": 1.388037, "delta": 0.244006}}
{"target": 0.9081868520676778, "params": {"C": 451.22548368394234, "epsilon": 0.04914341634011367, "gamma": 0.020535932890768157}, "datetime": {"datetime": "2021-09-18 15:28:18", "elapsed": 1.671992, "delta": 0.283955}}
{"target": 0.8545541401074968, "params": {"C": 352.0612138686217, "epsilon": 0.02, "gamma": 0.15}, "datetime": {"datetime": "2021-09-18 15:28:19", "elapsed": 1.916991, "delta": 0.244999}}
{"target": 0.8498244407675817, "params": {"C": 364.3840671208325, "epsilon": 1.0, "gamma": 0.15}, "datetime": {"datetime": "2021-09-18 15:28:19", "elapsed": 2.162993, "delta": 0.246002}}
{"target": 0.9043588044943667, "params": {"C": 368.49312719741704, "epsilon": 0.12172160943148452, "gamma": 0.08333868705235688}, "datetime": {"datetime": "2021-09-18 15:28:19", "elapsed": 2.429993, "delta": 0.267}}
{"target": 0.8567001910662244, "params": {"C": 368.5687840785455, "epsilon": 0.9679006615080847, "gamma": 0.1354293849378292}, "datetime": {"datetime": "2021-09-18 15:28:19", "elapsed": 2.607998, "delta": 0.178005}}
{"target": 0.850596520194915, "params": {"C": 397.74654457497064, "epsilon": 0.8443551002576285, "gamma": 0.14727889698739502}, "datetime": {"datetime": "2021-09-18 15:28:19", "elapsed": 2.720995, "delta": 0.112997}}
{"target": 0.8896851998049922, "params": {"C": 368.18173282298403, "epsilon": 0.39576708303197855, "gamma": 0.09372954623499119}, "datetime": {"datetime": "2021-09-18 15:28:20", "elapsed": 2.966991, "delta": 0.245996}}
{"target": 0.9209391306863746, "params": {"C": 475.02700578351903, "epsilon": 0.912005486879022, "gamma": 0.037724017240636815}, "datetime": {"datetime": "2021-09-18 15:28:20", "elapsed": 3.124999, "delta": 0.158008}}
{"target": 0.9098414626917806, "params": {"C": 435.4223052535317, "epsilon": 0.5569528218496644, "gamma": 0.06981719172803162}, "datetime": {"datetime": "2021-09-18 15:28:20", "elapsed": 3.307996, "delta": 0.182997}}
{"target": 0.9157125722729819, "params": {"C": 328.15122020061705, "epsilon": 0.15659196576031206, "gamma": 0.061188200540657864}, "datetime": {"datetime": "2021-09-18 15:28:20", "elapsed": 3.512991, "delta": 0.204995}}
{"target": 0.9150659013694113, "params": {"C": 354.8000935368276, "epsilon": 0.7690614357491903, "gamma": 0.028693170935840954}, "datetime": {"datetime": "2021-09-18 15:28:20", "elapsed": 3.675036, "delta": 0.162045}}
{"target": 0.9157151419081714, "params": {"C": 487.86591187172434, "epsilon": 0.9509500740708898, "gamma": 0.056287085086304825}, "datetime": {"datetime": "2021-09-18 15:28:21", "elapsed": 3.840994, "delta": 0.165958}}
{"target": 0.9201944381228566, "params": {"C": 419.64040367895166, "epsilon": 0.13044801616331042, "gamma": 0.03518107625897561}, "datetime": {"datetime": "2021-09-18 15:28:21", "elapsed": 4.037034, "delta": 0.19604}}
{"target": 0.8734152689352843, "params": {"C": 422.7249321435767, "epsilon": 0.5662440577283363, "gamma": 0.10496889963923138}, "datetime": {"datetime": "2021-09-18 15:28:21", "elapsed": 4.188992, "delta": 0.151958}}
{"target": 0.8727612175629724, "params": {"C": 303.36253300585247, "epsilon": 0.27318970025773126, "gamma": 0.12407601174025411}, "datetime": {"datetime": "2021-09-18 15:28:21", "elapsed": 4.359031, "delta": 0.170039}}
{"target": 0.8631182137820312, "params": {"C": 362.4652076458545, "epsilon": 0.5553331935173947, "gamma": 0.12747857418582115}, "datetime": {"datetime": "2021-09-18 15:28:21", "elapsed": 4.510001, "delta": 0.15097}}
{"target": 0.891375884807877, "params": {"C": 392.79232582825205, "epsilon": 0.15313134145898397, "gamma": 0.09375332965350187}, "datetime": {"datetime": "2021-09-18 15:28:21", "elapsed": 4.722036, "delta": 0.212035}}
{"target": 0.8500068119632797, "params": {"C": 482.28028959740556, "epsilon": 0.6302210673844454, "gamma": 0.14600662901203612}, "datetime": {"datetime": "2021-09-18 15:28:22", "elapsed": 4.870002, "delta": 0.147966}}
{"target": 0.8777737176745355, "params": {"C": 460.80916091830017, "epsilon": 0.33160030782605293, "gamma": 0.09884882448143781}, "datetime": {"datetime": "2021-09-18 15:28:22", "elapsed": 5.085032, "delta": 0.21503}}
{"target": 0.8810736352139326, "params": {"C": 346.00836970264, "epsilon": 0.08349108118335216, "gamma": 0.11149993416432552}, "datetime": {"datetime": "2021-09-18 15:28:22", "elapsed": 5.306993, "delta": 0.221961}}
{"target": 0.8542473696564943, "params": {"C": 471.6174772308992, "epsilon": 0.8563181224523736, "gamma": 0.13468408061189896}, "datetime": {"datetime": "2021-09-18 15:28:22", "elapsed": 5.482992, "delta": 0.175999}}
{"target": 0.9092504473808334, "params": {"C": 419.693373575303, "epsilon": 0.13282867977903012, "gamma": 0.07319226268753978}, "datetime": {"datetime": "2021-09-18 15:28:22", "elapsed": 5.744996, "delta": 0.262004}}
{"target": 0.9155358872867236, "params": {"C": 467.84079530655765, "epsilon": 0.4301402691310868, "gamma": 0.058491624258617564}, "datetime": {"datetime": "2021-09-18 15:28:23", "elapsed": 5.981996, "delta": 0.237}}
{"target": 0.9033309300208973, "params": {"C": 475.07113291529737, "epsilon": 0.8386199887480575, "gamma": 0.06983483923902654}, "datetime": {"datetime": "2021-09-18 15:28:23", "elapsed": 6.207032, "delta": 0.225036}}
{"target": 0.9179165605025991, "params": {"C": 368.53377839068844, "epsilon": 0.3605051098192994, "gamma": 0.028456190434145243}, "datetime": {"datetime": "2021-09-18 15:28:23", "elapsed": 6.431037, "delta": 0.224005}}
{"target": 0.904502826251031, "params": {"C": 308.59839945706653, "epsilon": 0.4265656960050443, "gamma": 0.02068790449143878}, "datetime": {"datetime": "2021-09-18 15:28:23", "elapsed": 6.624037, "delta": 0.193}}
{"target": 0.89589979956874, "params": {"C": 328.22811597675343, "epsilon": 0.02487053273765769, "gamma": 0.0974108723665676}, "datetime": {"datetime": "2021-09-18 15:28:24", "elapsed": 6.911997, "delta": 0.28796}}
{"target": 0.9139289153502286, "params": {"C": 419.56280265523117, "epsilon": 0.22728367777886752, "gamma": 0.06447113796767567}, "datetime": {"datetime": "2021-09-18 15:28:24", "elapsed": 7.198039, "delta": 0.286042}}
{"target": 0.8602831377743154, "params": {"C": 368.4880559817968, "epsilon": 0.47805734570663017, "gamma": 0.1349169482459077}, "datetime": {"datetime": "2021-09-18 15:28:24", "elapsed": 7.438994, "delta": 0.240955}}
{"target": 0.9139415514433471, "params": {"C": 320.640253602167, "epsilon": 0.07600589054702453, "gamma": 0.06805399016743413}, "datetime": {"datetime": "2021-09-18 15:28:24", "elapsed": 7.708033, "delta": 0.269039}}
{"target": 0.9181954556597446, "params": {"C": 387.3831213980372, "epsilon": 0.20960305490886247, "gamma": 0.029849568973659257}, "datetime": {"datetime": "2021-09-18 15:28:25", "elapsed": 7.956993, "delta": 0.24896}}
{"target": 0.9112708153454329, "params": {"C": 340.8742511578073, "epsilon": 0.8603667895497616, "gamma": 0.02363729323129723}, "datetime": {"datetime": "2021-09-18 15:28:25", "elapsed": 8.148037, "delta": 0.191044}}
{"target": 0.9157888079368794, "params": {"C": 368.4680927160957, "epsilon": 0.2773214197198939, "gamma": 0.05222416119332478}, "datetime": {"datetime": "2021-09-18 15:28:25", "elapsed": 8.401997, "delta": 0.25396}}
{"target": 0.9068189412372821, "params": {"C": 475.1462890424086, "epsilon": 0.9861006062073603, "gamma": 0.02}, "datetime": {"datetime": "2021-09-18 15:28:25", "elapsed": 8.686001, "delta": 0.284004}}
{"target": 0.8595242858102617, "params": {"C": 474.9038649649321, "epsilon": 0.9875419659348197, "gamma": 0.1209344478606936}, "datetime": {"datetime": "2021-09-18 15:28:26", "elapsed": 8.911036, "delta": 0.225035}}
{"target": 0.8679813120813118, "params": {"C": 419.50995929938244, "epsilon": 0.0767273983972356, "gamma": 0.11927445009543115}, "datetime": {"datetime": "2021-09-18 15:28:26", "elapsed": 9.215004, "delta": 0.303968}}
{"target": 0.9117069438157703, "params": {"C": 387.47747541483045, "epsilon": 0.19675582857035917, "gamma": 0.07058849617088224}, "datetime": {"datetime": "2021-09-18 15:28:26", "elapsed": 9.502332, "delta": 0.287328}}
{"target": 0.9191541159451774, "params": {"C": 350.9454021389836, "epsilon": 0.8485803015966984, "gamma": 0.03698538554568362}, "datetime": {"datetime": "2021-09-18 15:28:26", "elapsed": 9.732325, "delta": 0.229993}}
{"target": 0.8578117973673126, "params": {"C": 450.9405674539097, "epsilon": 0.2516489986516673, "gamma": 0.13377476575152986}, "datetime": {"datetime": "2021-09-18 15:28:27", "elapsed": 9.960322, "delta": 0.227997}}
{"target": 0.9074183671699689, "params": {"C": 360.36869784753236, "epsilon": 0.21945456203724933, "gamma": 0.02097623260996612}, "datetime": {"datetime": "2021-09-18 15:28:27", "elapsed": 10.224323, "delta": 0.264001}}
{"target": 0.8533197402445385, "params": {"C": 462.17394408594424, "epsilon": 0.752301144569481, "gamma": 0.13563876965502006}, "datetime": {"datetime": "2021-09-18 15:28:27", "elapsed": 10.431323, "delta": 0.207}}
{"target": 0.9144177954247963, "params": {"C": 354.783270955136, "epsilon": 0.7660891157041303, "gamma": 0.02573921737853333}, "datetime": {"datetime": "2021-09-18 15:28:27", "elapsed": 10.644367, "delta": 0.213044}}
{"target": 0.87551949762031, "params": {"C": 387.2856194481947, "epsilon": 0.14082684963872047, "gamma": 0.11258255083423853}, "datetime": {"datetime": "2021-09-18 15:28:28", "elapsed": 10.925325, "delta": 0.280958}}
{"target": 0.9192395136554784, "params": {"C": 360.50553451584307, "epsilon": 0.28488058178215625, "gamma": 0.030549920974857668}, "datetime": {"datetime": "2021-09-18 15:28:28", "elapsed": 11.272364, "delta": 0.347039}}
{"target": 0.920218186513561, "params": {"C": 351.05691242850025, "epsilon": 0.7793819979952021, "gamma": 0.04819816002997366}, "datetime": {"datetime": "2021-09-18 15:28:28", "elapsed": 11.575322, "delta": 0.302958}}
{"target": 0.912811038398864, "params": {"C": 350.92614396569934, "epsilon": 0.7350446206978002, "gamma": 0.06737738172852364}, "datetime": {"datetime": "2021-09-18 15:28:29", "elapsed": 11.862325, "delta": 0.287003}}
{"target": 0.8498288793442165, "params": {"C": 351.0156153135132, "epsilon": 0.8508092569482721, "gamma": 0.15}, "datetime": {"datetime": "2021-09-18 15:28:29", "elapsed": 12.199327, "delta": 0.337002}}
{"target": 0.9047008918033637, "params": {"C": 360.5784045534528, "epsilon": 0.19772710447168482, "gamma": 0.02}, "datetime": {"datetime": "2021-09-18 15:28:29", "elapsed": 12.525321, "delta": 0.325994}}
{"target": 0.9193933692490059, "params": {"C": 351.1242651260931, "epsilon": 0.689303687134613, "gamma": 0.05383756958071806}, "datetime": {"datetime": "2021-09-18 15:28:30", "elapsed": 12.806365, "delta": 0.281044}}
{"target": 0.8529783438712454, "params": {"C": 308.4407832239098, "epsilon": 0.6644876209860552, "gamma": 0.14885210580543068}, "datetime": {"datetime": "2021-09-18 15:28:30", "elapsed": 13.026331, "delta": 0.219966}}
{"target": 0.9081139548808113, "params": {"C": 419.66943875886847, "epsilon": 0.2460299366477998, "gamma": 0.02}, "datetime": {"datetime": "2021-09-18 15:28:30", "elapsed": 13.455321, "delta": 0.42899}}
{"target": 0.8531174564366739, "params": {"C": 321.7279080428662, "epsilon": 0.8191043999567778, "gamma": 0.1467018471782391}, "datetime": {"datetime": "2021-09-18 15:28:30", "elapsed": 13.686325, "delta": 0.231004}}
{"target": 0.9050969204730916, "params": {"C": 474.3494003655938, "epsilon": 0.19502326851393076, "gamma": 0.07444220624638546}, "datetime": {"datetime": "2021-09-18 15:28:31", "elapsed": 13.981366, "delta": 0.295041}}
{"target": 0.8854815556030873, "params": {"C": 314.38243089881206, "epsilon": 0.1729850992358091, "gamma": 0.10807276684679736}, "datetime": {"datetime": "2021-09-18 15:28:31", "elapsed": 14.256366, "delta": 0.275}}
{"target": 0.8776398911792997, "params": {"C": 360.4555375850145, "epsilon": 0.2549756788177377, "gamma": 0.1107860383750529}, "datetime": {"datetime": "2021-09-18 15:28:31", "elapsed": 14.630327, "delta": 0.373961}}
{"target": 0.8662151835851626, "params": {"C": 475.2055443086661, "epsilon": 0.896594048959942, "gamma": 0.11049546506566384}, "datetime": {"datetime": "2021-09-18 15:28:32", "elapsed": 14.951325, "delta": 0.320998}}
{"target": 0.9200273288243619, "params": {"C": 475.3692768092194, "epsilon": 0.9754160177601328, "gamma": 0.03739158720960582}, "datetime": {"datetime": "2021-09-18 15:28:32", "elapsed": 15.274326, "delta": 0.323001}}
{"target": 0.906284290537317, "params": {"C": 351.0256341732902, "epsilon": 0.6972625904213747, "gamma": 0.02}, "datetime": {"datetime": "2021-09-18 15:28:32", "elapsed": 15.606947, "delta": 0.332621}}
{"target": 0.9198655234299173, "params": {"C": 354.81420309729765, "epsilon": 0.7816261833908366, "gamma": 0.041937051351803825}, "datetime": {"datetime": "2021-09-18 15:28:33", "elapsed": 15.879956, "delta": 0.273009}}
{"target": 0.9201573215972884, "params": {"C": 317.24962801092465, "epsilon": 0.5562617663047039, "gamma": 0.03885409498248214}, "datetime": {"datetime": "2021-09-18 15:28:33", "elapsed": 16.151955, "delta": 0.271999}}
{"target": 0.8541460873036621, "params": {"C": 354.85243864379635, "epsilon": 0.8502600190155591, "gamma": 0.14147778360363064}, "datetime": {"datetime": "2021-09-18 15:28:33", "elapsed": 16.439954, "delta": 0.287999}}
{"target": 0.919184180752662, "params": {"C": 387.43271856038376, "epsilon": 0.2908052140461594, "gamma": 0.030127888697254277}, "datetime": {"datetime": "2021-09-18 15:28:34", "elapsed": 16.834441, "delta": 0.394487}}
{"target": 0.9191707022544658, "params": {"C": 350.8573073397998, "epsilon": 0.8163125852225872, "gamma": 0.03686278759305703}, "datetime": {"datetime": "2021-09-18 15:28:34", "elapsed": 17.187437, "delta": 0.352996}}
{"target": 0.8741265260309792, "params": {"C": 317.2645090682636, "epsilon": 0.6326740791300932, "gamma": 0.11342681875925752}, "datetime": {"datetime": "2021-09-18 15:28:34", "elapsed": 17.525637, "delta": 0.3382}}
{"target": 0.9206434273845882, "params": {"C": 475.4077585552938, "epsilon": 0.9134637781060526, "gamma": 0.04872233908170721}, "datetime": {"datetime": "2021-09-18 15:28:35", "elapsed": 17.880437, "delta": 0.3548}}
{"target": 0.9151533917107542, "params": {"C": 368.5841829268705, "epsilon": 0.28660123353255484, "gamma": 0.060455064230257635}, "datetime": {"datetime": "2021-09-18 15:28:35", "elapsed": 18.21044, "delta": 0.330003}}
{"target": 0.8945526378973824, "params": {"C": 320.64391218511724, "epsilon": 0.08617202440173935, "gamma": 0.09859701298421768}, "datetime": {"datetime": "2021-09-18 15:28:35", "elapsed": 18.53535, "delta": 0.32491}}
{"target": 0.8589721112957684, "params": {"C": 387.4650184205253, "epsilon": 0.2979267026798883, "gamma": 0.1386619250158095}, "datetime": {"datetime": "2021-09-18 15:28:36", "elapsed": 18.924315, "delta": 0.388965}}
{"target": 0.8820922975375117, "params": {"C": 391.6675699240287, "epsilon": 0.9698959565427407, "gamma": 0.09397572853444792}, "datetime": {"datetime": "2021-09-18 15:28:36", "elapsed": 19.193315, "delta": 0.269}}
{"target": 0.9021845069318862, "params": {"C": 475.36742138311854, "epsilon": 0.8676883263553067, "gamma": 0.07014918562075013}, "datetime": {"datetime": "2021-09-18 15:28:36", "elapsed": 19.560316, "delta": 0.367001}}
{"target": 0.9054243399723788, "params": {"C": 326.8935230606324, "epsilon": 0.9398648407183046, "gamma": 0.02123126018515624}, "datetime": {"datetime": "2021-09-18 15:28:37", "elapsed": 19.835305, "delta": 0.274989}}
{"target": 0.9168490498481832, "params": {"C": 360.41937655745033, "epsilon": 0.07691032846013843, "gamma": 0.054724557234636304}, "datetime": {"datetime": "2021-09-18 15:28:37", "elapsed": 20.33435, "delta": 0.499045}}
{"target": 0.9012352216967949, "params": {"C": 335.3547505156451, "epsilon": 0.2250290989069852, "gamma": 0.08897805560673029}, "datetime": {"datetime": "2021-09-18 15:28:37", "elapsed": 20.655306, "delta": 0.320956}}
{"target": 0.885925524006617, "params": {"C": 465.08259300635564, "epsilon": 0.13749404827780753, "gamma": 0.09258015132381815}, "datetime": {"datetime": "2021-09-18 15:28:38", "elapsed": 21.024314, "delta": 0.369008}}
{"target": 0.890833400343501, "params": {"C": 475.3549250774528, "epsilon": 0.8681481416301174, "gamma": 0.07967408904205239}, "datetime": {"datetime": "2021-09-18 15:28:38", "elapsed": 21.325309, "delta": 0.300995}}
{"target": 0.8517314456904501, "params": {"C": 402.2776006002679, "epsilon": 0.7165412599956024, "gamma": 0.14129495211533935}, "datetime": {"datetime": "2021-09-18 15:28:38", "elapsed": 21.608316, "delta": 0.283007}}
{"target": 0.880877796614304, "params": {"C": 419.63346759270894, "epsilon": 0.19692311679647692, "gamma": 0.10142861697396652}, "datetime": {"datetime": "2021-09-18 15:28:39", "elapsed": 22.148792, "delta": 0.540476}}
{"target": 0.8819660286153678, "params": {"C": 466.2190806474298, "epsilon": 0.843523458152815, "gamma": 0.0898735657828407}, "datetime": {"datetime": "2021-09-18 15:28:39", "elapsed": 22.446794, "delta": 0.298002}}
{"target": 0.9160691487194568, "params": {"C": 368.4092385896192, "epsilon": 0.3293843485758771, "gamma": 0.057026296508239885}, "datetime": {"datetime": "2021-09-18 15:28:40", "elapsed": 22.870137, "delta": 0.423343}}
{"target": 0.8625869757450378, "params": {"C": 458.52440975000565, "epsilon": 0.1580850644728686, "gamma": 0.12299400809612078}, "datetime": {"datetime": "2021-09-18 15:28:40", "elapsed": 23.219171, "delta": 0.349034}}
{"target": 0.9089025861709211, "params": {"C": 419.5570333154527, "epsilon": 0.29957688141228894, "gamma": 0.02}, "datetime": {"datetime": "2021-09-18 15:28:40", "elapsed": 23.621212, "delta": 0.402041}}
{"target": 0.9212995248481894, "params": {"C": 378.0021464468425, "epsilon": 0.05458452582041255, "gamma": 0.04013054242523413}, "datetime": {"datetime": "2021-09-18 15:28:41", "elapsed": 23.996705, "delta": 0.375493}}
{"target": 0.9084017125816999, "params": {"C": 305.08383104996324, "epsilon": 0.05539080064464422, "gamma": 0.023877241143855074}, "datetime": {"datetime": "2021-09-18 15:28:41", "elapsed": 24.343704, "delta": 0.346999}}
{"target": 0.9211493974533504, "params": {"C": 377.9288341991083, "epsilon": 0.020819260917061228, "gamma": 0.044443756302979316}, "datetime": {"datetime": "2021-09-18 15:28:42", "elapsed": 24.807702, "delta": 0.463998}}
{"target": 0.9023632117076842, "params": {"C": 378.0651157488732, "epsilon": 0.04149122269775102, "gamma": 0.08547102130078081}, "datetime": {"datetime": "2021-09-18 15:28:42", "elapsed": 25.255701, "delta": 0.447999}}
{"target": 0.905845341594059, "params": {"C": 419.67937107924735, "epsilon": 0.057609181231662636, "gamma": 0.02}, "datetime": {"datetime": "2021-09-18 15:28:42", "elapsed": 25.749744, "delta": 0.494043}}
{"target": 0.8609366136335823, "params": {"C": 377.9783133847637, "epsilon": 0.04305552182843353, "gamma": 0.13570594160177432}, "datetime": {"datetime": "2021-09-18 15:28:43", "elapsed": 26.175744, "delta": 0.426}}
