{"target": 0.36997592619888287, "params": {"C": 21.37141962253261, "epsilon": 2.1877598028049827, "gamma": 0.0001}, "datetime": {"datetime": "2021-09-18 12:25:20", "elapsed": 31.225398, "delta": 0.450675}}
{"target": 0.35906855523041536, "params": {"C": 19.608918282353688, "epsilon": 3.0485616421685724, "gamma": 0.0001}, "datetime": {"datetime": "2021-09-18 12:25:20", "elapsed": 31.598441, "delta": 0.373043}}
{"target": -0.09509634508811282, "params": {"C": 7.213192891855319, "epsilon": 17.35234036424779, "gamma": 0.31969296724132057}, "datetime": {"datetime": "2021-09-18 12:25:21", "elapsed": 31.869396, "delta": 0.270955}}
{"target": 0.8315449168918958, "params": {"C": 33.59250816535953, "epsilon": 2.4727504450678452, "gamma": 0.16961358390786713}, "datetime": {"datetime": "2021-09-18 12:25:21", "elapsed": 32.185744, "delta": 0.316348}}
{"target": 0.8903534800790912, "params": {"C": 33.72134432927591, "epsilon": 1.5639781295336856, "gamma": 0.06471108876516332}, "datetime": {"datetime": "2021-09-18 12:25:21", "elapsed": 32.574708, "delta": 0.388964}}
{"target": 0.4083555646290571, "params": {"C": 29.43623808259621, "epsilon": 0.0001, "gamma": 0.0001}, "datetime": {"datetime": "2021-09-18 12:25:22", "elapsed": 32.9508, "delta": 0.376092}}
{"target": 0.8427830578243579, "params": {"C": 28.538941976523923, "epsilon": 0.8378025691433907, "gamma": 0.20133326534936744}, "datetime": {"datetime": "2021-09-18 12:25:22", "elapsed": 33.308555, "delta": 0.357755}}
{"target": 0.5741531502253712, "params": {"C": 95.6262089416188, "epsilon": 1.731481437955659, "gamma": 0.8032839184728486}, "datetime": {"datetime": "2021-09-18 12:25:23", "elapsed": 33.810229, "delta": 0.501674}}
{"target": 0.7078620528020552, "params": {"C": 29.25020771738196, "epsilon": 1.1477884771671016, "gamma": 0.46837133998348685}, "datetime": {"datetime": "2021-09-18 12:25:23", "elapsed": 34.25432, "delta": 0.444091}}
{"target": 0.9046718141283412, "params": {"C": 96.47030791727737, "epsilon": 0.9386263623674737, "gamma": 0.07501633663539947}, "datetime": {"datetime": "2021-09-18 12:25:23", "elapsed": 34.622944, "delta": 0.368624}}
{"target": 0.5936234394563061, "params": {"C": 33.674259722490675, "epsilon": 1.9012512655148786, "gamma": 0.7340359571742227}, "datetime": {"datetime": "2021-09-18 12:25:24", "elapsed": 35.097051, "delta": 0.474107}}
{"target": 0.5696835125755486, "params": {"C": 30.685299425825807, "epsilon": 0.032493799106930045, "gamma": 0.8878371358334088}, "datetime": {"datetime": "2021-09-18 12:25:24", "elapsed": 35.502023, "delta": 0.404972}}
{"target": 0.575975026464519, "params": {"C": 94.59838093064837, "epsilon": 3.748208871324371, "gamma": 0.0001}, "datetime": {"datetime": "2021-09-18 12:25:25", "elapsed": 35.886014, "delta": 0.383991}}
{"target": 0.8675779200297844, "params": {"C": 30.10784984043943, "epsilon": 1.3016655540530002, "gamma": 0.020114782228129523}, "datetime": {"datetime": "2021-09-18 12:25:25", "elapsed": 36.305008, "delta": 0.418994}}
{"target": 0.7452119413862153, "params": {"C": 29.67434342413941, "epsilon": 2.231645621349817, "gamma": 0.33954838424651124}, "datetime": {"datetime": "2021-09-18 12:25:25", "elapsed": 36.705014, "delta": 0.400006}}
{"target": 0.892577256880392, "params": {"C": 33.0632714168785, "epsilon": 1.0526401532000267, "gamma": 0.05827564842263898}, "datetime": {"datetime": "2021-09-18 12:25:26", "elapsed": 37.201011, "delta": 0.495997}}
{"target": 0.8937495905326058, "params": {"C": 32.56060803170228, "epsilon": 0.506596538043358, "gamma": 0.0890410003940755}, "datetime": {"datetime": "2021-09-18 12:25:26", "elapsed": 37.626017, "delta": 0.425006}}
{"target": 0.8976905022747337, "params": {"C": 32.929668814154034, "epsilon": 0.04139458585987748, "gamma": 0.09002929031735975}, "datetime": {"datetime": "2021-09-18 12:25:27", "elapsed": 38.139055, "delta": 0.513038}}
{"target": 0.5719538145750724, "params": {"C": 32.695245435016, "epsilon": 0.0001, "gamma": 0.8809056151804462}, "datetime": {"datetime": "2021-09-18 12:25:27", "elapsed": 38.536018, "delta": 0.396963}}
{"target": 0.8336938340088191, "params": {"C": 28.79714952787231, "epsilon": 2.676453040766742, "gamma": 0.007517096724298551}, "datetime": {"datetime": "2021-09-18 12:25:28", "elapsed": 38.918019, "delta": 0.382001}}
{"target": 0.5761953555668692, "params": {"C": 95.98629557221871, "epsilon": 0.3188228658560371, "gamma": 0.8540652270690914}, "datetime": {"datetime": "2021-09-18 12:25:28", "elapsed": 39.265438, "delta": 0.347419}}
{"target": 0.86453166424681, "params": {"C": 27.49701172782625, "epsilon": 2.13926000235428, "gamma": 0.11234453333866141}, "datetime": {"datetime": "2021-09-18 12:25:29", "elapsed": 39.822695, "delta": 0.557257}}
{"target": 0.8646280685675368, "params": {"C": 26.358169215811248, "epsilon": 2.3073258843094595, "gamma": 0.1049925175027339}, "datetime": {"datetime": "2021-09-18 12:25:29", "elapsed": 40.263656, "delta": 0.440961}}
{"target": 0.5547994805695955, "params": {"C": 26.660220773015393, "epsilon": 2.035420489613466, "gamma": 0.8496620528839365}, "datetime": {"datetime": "2021-09-18 12:25:29", "elapsed": 40.745663, "delta": 0.482007}}
{"target": 0.5665761246601626, "params": {"C": 28.18898235307619, "epsilon": 2.4117600546748075, "gamma": 0.7865280564579787}, "datetime": {"datetime": "2021-09-18 12:25:30", "elapsed": 41.202365, "delta": 0.456702}}
{"target": 0.8783766799311675, "params": {"C": 19.387772045082926, "epsilon": 0.009865230467277743, "gamma": 0.03851905103807893}, "datetime": {"datetime": "2021-09-18 12:25:30", "elapsed": 41.667222, "delta": 0.464857}}
{"target": 0.6615705848338373, "params": {"C": 85.42641652852741, "epsilon": 7.794158705806307, "gamma": 0.11922472152149166}, "datetime": {"datetime": "2021-09-18 12:25:31", "elapsed": 42.087181, "delta": 0.419959}}
{"target": 0.5039283675868664, "params": {"C": 94.93812402932498, "epsilon": 4.872663924771685, "gamma": 0.7667443259849431}, "datetime": {"datetime": "2021-09-18 12:25:31", "elapsed": 42.591511, "delta": 0.50433}}
{"target": 0.8334593262131683, "params": {"C": 32.44967333772546, "epsilon": 1.594712207369363, "gamma": 0.007159715620600049}, "datetime": {"datetime": "2021-09-18 12:25:32", "elapsed": 43.088273, "delta": 0.496762}}
{"target": 0.8732274277043285, "params": {"C": 26.99247989048523, "epsilon": 2.6187806663127287, "gamma": 0.04993575886400494}, "datetime": {"datetime": "2021-09-18 12:25:32", "elapsed": 43.542426, "delta": 0.454153}}
{"target": 0.2739601692234851, "params": {"C": 85.01739792072142, "epsilon": 9.322266177318147, "gamma": 0.9441148702309425}, "datetime": {"datetime": "2021-09-18 12:25:33", "elapsed": 43.948424, "delta": 0.405998}}
{"target": 0.6422661214518113, "params": {"C": 19.60919188650983, "epsilon": 0.03551020236023371, "gamma": 0.5731236291271536}, "datetime": {"datetime": "2021-09-18 12:25:33", "elapsed": 44.512431, "delta": 0.564007}}
{"target": 0.4045540046355498, "params": {"C": 26.893300887637132, "epsilon": 1.8288558302725204, "gamma": 0.0001}, "datetime": {"datetime": "2021-09-18 12:25:34", "elapsed": 45.109078, "delta": 0.596647}}
{"target": -0.08107197865186322, "params": {"C": 12.855162856622375, "epsilon": 17.196885720746703, "gamma": 0.2046851221930927}, "datetime": {"datetime": "2021-09-18 12:25:34", "elapsed": 45.465156, "delta": 0.356078}}
{"target": 0.6454647793447357, "params": {"C": 25.59714785500398, "epsilon": 1.2884244717085624, "gamma": 0.6170715379746351}, "datetime": {"datetime": "2021-09-18 12:25:35", "elapsed": 45.917199, "delta": 0.452043}}
{"target": 0.7789730621871053, "params": {"C": 33.441175581726284, "epsilon": 2.509217427972369, "gamma": 0.25710983546737737}, "datetime": {"datetime": "2021-09-18 12:25:35", "elapsed": 46.300161, "delta": 0.382962}}
{"target": 0.6579838370130928, "params": {"C": 26.142029834908573, "epsilon": 2.695386287921809, "gamma": 0.5157409450736462}, "datetime": {"datetime": "2021-09-18 12:25:35", "elapsed": 46.752156, "delta": 0.451995}}
{"target": 0.5500869601678124, "params": {"C": 30.971960298860697, "epsilon": 2.4407949625901177, "gamma": 0.8385154121191042}, "datetime": {"datetime": "2021-09-18 12:25:36", "elapsed": 47.216443, "delta": 0.464287}}
{"target": 0.8176879560465338, "params": {"C": 27.95960085008045, "epsilon": 1.733498297112161, "gamma": 0.004936291633139771}, "datetime": {"datetime": "2021-09-18 12:25:36", "elapsed": 47.748603, "delta": 0.53216}}
{"target": 0.7206956193400349, "params": {"C": 31.65364031004638, "epsilon": 3.1336386837159824, "gamma": 0.0016760219724772784}, "datetime": {"datetime": "2021-09-18 12:25:37", "elapsed": 48.222605, "delta": 0.474002}}
{"target": 0.8439911835927344, "params": {"C": 31.975625742250287, "epsilon": 4.923483173591809, "gamma": 0.030507749830913648}, "datetime": {"datetime": "2021-09-18 12:25:37", "elapsed": 48.592309, "delta": 0.369704}}
{"target": 0.8681555736151634, "params": {"C": 27.57601793468272, "epsilon": 2.873097818753209, "gamma": 0.07462761836885398}, "datetime": {"datetime": "2021-09-18 12:25:38", "elapsed": 49.148956, "delta": 0.556647}}
{"target": 0.5926824721254578, "params": {"C": 32.205334589618886, "epsilon": 5.660737629228503, "gamma": 0.43021966776923126}, "datetime": {"datetime": "2021-09-18 12:25:38", "elapsed": 49.60318, "delta": 0.454224}}
{"target": 0.8592427031480008, "params": {"C": 30.67827383172598, "epsilon": 3.5244387443831453, "gamma": 0.07907450563068837}, "datetime": {"datetime": "2021-09-18 12:25:39", "elapsed": 50.049136, "delta": 0.445956}}
{"target": 0.8427869669095647, "params": {"C": 95.49234339553158, "epsilon": 2.8442031104441785, "gamma": 0.005316941438151248}, "datetime": {"datetime": "2021-09-18 12:25:39", "elapsed": 50.486143, "delta": 0.437007}}
{"target": 0.8485556211839402, "params": {"C": 31.079175092167766, "epsilon": 4.718321203275822, "gamma": 0.03305630438759215}, "datetime": {"datetime": "2021-09-18 12:25:40", "elapsed": 51.018971, "delta": 0.532828}}
{"target": 0.7311565753638272, "params": {"C": 30.843381645355837, "epsilon": 6.004139939605634, "gamma": 0.13842362766267208}, "datetime": {"datetime": "2021-09-18 12:25:40", "elapsed": 51.471791, "delta": 0.45282}}
{"target": 0.8750860518155601, "params": {"C": 73.43291320268501, "epsilon": 0.07252867855779353, "gamma": 0.01419910153521585}, "datetime": {"datetime": "2021-09-18 12:25:41", "elapsed": 52.069788, "delta": 0.597997}}
{"target": 0.5843319902508963, "params": {"C": 73.29133275783519, "epsilon": 0.47532200156405263, "gamma": 0.8230547871028401}, "datetime": {"datetime": "2021-09-18 12:25:41", "elapsed": 52.672168, "delta": 0.60238}}
{"target": 0.8748595980897593, "params": {"C": 35.28969837505212, "epsilon": 2.6801110202489995, "gamma": 0.03773704575623324}, "datetime": {"datetime": "2021-09-18 12:25:42", "elapsed": 53.247663, "delta": 0.575495}}
{"target": 0.7513223346644164, "params": {"C": 36.11359512887575, "epsilon": 2.394550450259833, "gamma": 0.3167105537844607}, "datetime": {"datetime": "2021-09-18 12:25:42", "elapsed": 53.753599, "delta": 0.505936}}
{"target": 0.8605976535314319, "params": {"C": 35.48864437648252, "epsilon": 3.5761365229002995, "gamma": 0.07841798602565334}, "datetime": {"datetime": "2021-09-18 12:25:43", "elapsed": 54.290566, "delta": 0.536967}}
{"target": 0.5459998363569328, "params": {"C": 35.81035832330306, "epsilon": 3.194359840782555, "gamma": 0.7910927146273401}, "datetime": {"datetime": "2021-09-18 12:25:43", "elapsed": 54.779556, "delta": 0.48899}}
{"target": 0.8009257356585383, "params": {"C": 36.50277009268273, "epsilon": 3.971834182846916, "gamma": 0.14077964972814289}, "datetime": {"datetime": "2021-09-18 12:25:44", "elapsed": 55.26194, "delta": 0.482384}}
{"target": 0.8418306877607391, "params": {"C": 35.192399401014406, "epsilon": 4.6671723242804655, "gamma": 0.05483295246650592}, "datetime": {"datetime": "2021-09-18 12:25:44", "elapsed": 55.736223, "delta": 0.474283}}
{"target": 0.7810820063157173, "params": {"C": 36.123522495978506, "epsilon": 5.140453558395297, "gamma": 0.10866804971917761}, "datetime": {"datetime": "2021-09-18 12:25:45", "elapsed": 56.313187, "delta": 0.576964}}
{"target": 0.4951833982108329, "params": {"C": 35.31637413675735, "epsilon": 5.412405148628758, "gamma": 0.7366846234362266}, "datetime": {"datetime": "2021-09-18 12:25:46", "elapsed": 56.813227, "delta": 0.50004}}
{"target": 0.7238442987065801, "params": {"C": 37.536324973151345, "epsilon": 4.9024133065811455, "gamma": 0.2204068685451907}, "datetime": {"datetime": "2021-09-18 12:25:46", "elapsed": 57.261, "delta": 0.447773}}
{"target": 0.8586832481041231, "params": {"C": 34.43200531117063, "epsilon": 3.1583059073074256, "gamma": 0.024083386078021504}, "datetime": {"datetime": "2021-09-18 12:25:47", "elapsed": 57.791834, "delta": 0.530834}}
{"target": 0.8396021365293018, "params": {"C": 34.796587525812065, "epsilon": 3.763689852700192, "gamma": 0.09748444433563604}, "datetime": {"datetime": "2021-09-18 12:25:47", "elapsed": 58.391833, "delta": 0.599999}}
{"target": 0.8383233428937851, "params": {"C": 37.46452256172915, "epsilon": 3.2494238499671337, "gamma": 0.12269005515964515}, "datetime": {"datetime": "2021-09-18 12:25:48", "elapsed": 59.061831, "delta": 0.669998}}
{"target": 0.5026023119766422, "params": {"C": 37.53824636572201, "epsilon": 3.852667041463241, "gamma": 0.8782272468024365}, "datetime": {"datetime": "2021-09-18 12:25:48", "elapsed": 59.775874, "delta": 0.714043}}
{"target": 0.8657088812106524, "params": {"C": 37.12275444020109, "epsilon": 1.9698465516904087, "gamma": 0.1225345666422855}, "datetime": {"datetime": "2021-09-18 12:25:49", "elapsed": 60.484585, "delta": 0.708711}}
{"target": 0.545620879402607, "params": {"C": 37.45196584834578, "epsilon": 2.102036053451782, "gamma": 0.8770940037899511}, "datetime": {"datetime": "2021-09-18 12:25:50", "elapsed": 60.935579, "delta": 0.450994}}
{"target": 0.7959573951271122, "params": {"C": 36.189672906773254, "epsilon": 1.5690227956914995, "gamma": 0.0030705833215512986}, "datetime": {"datetime": "2021-09-18 12:25:50", "elapsed": 61.388579, "delta": 0.453}}
{"target": 0.6269790574934542, "params": {"C": 37.98083968007467, "epsilon": 6.2536316637118885, "gamma": 0.2959889124800057}, "datetime": {"datetime": "2021-09-18 12:25:51", "elapsed": 61.841233, "delta": 0.452654}}
{"target": 0.8254019587637085, "params": {"C": 38.636525014120245, "epsilon": 3.1644725775827873, "gamma": 0.1453333914728513}, "datetime": {"datetime": "2021-09-18 12:25:51", "elapsed": 62.435016, "delta": 0.593783}}
{"target": 0.8463133139898178, "params": {"C": 38.84839714064178, "epsilon": 2.1349812278184133, "gamma": 0.009746080246873673}, "datetime": {"datetime": "2021-09-18 12:25:52", "elapsed": 62.993015, "delta": 0.557999}}
{"target": 0.7621112173849446, "params": {"C": 39.593199988583656, "epsilon": 2.722573894217714, "gamma": 0.27585011348416}, "datetime": {"datetime": "2021-09-18 12:25:52", "elapsed": 63.51601, "delta": 0.522995}}
{"target": 0.8778869018993003, "params": {"C": 37.620234566818986, "epsilon": 2.4523640690059834, "gamma": 0.038747590562475155}, "datetime": {"datetime": "2021-09-18 12:25:53", "elapsed": 64.238009, "delta": 0.721999}}
{"target": 0.6581203277153425, "params": {"C": 39.65995123932125, "epsilon": 1.507199634827446, "gamma": 0.5759086312853036}, "datetime": {"datetime": "2021-09-18 12:25:54", "elapsed": 64.93801, "delta": 0.700001}}
{"target": 0.8312580736872612, "params": {"C": 38.03344963218518, "epsilon": 1.5917818474000989, "gamma": 0.006019174606652284}, "datetime": {"datetime": "2021-09-18 12:25:54", "elapsed": 65.507602, "delta": 0.569592}}
{"target": 0.45397393825542887, "params": {"C": 39.41624201361703, "epsilon": 4.105496545820401, "gamma": 0.0001}, "datetime": {"datetime": "2021-09-18 12:25:55", "elapsed": 65.993599, "delta": 0.485997}}
{"target": 0.7388514277484068, "params": {"C": 41.13984058030715, "epsilon": 2.5277326352970304, "gamma": 0.33461007327763326}, "datetime": {"datetime": "2021-09-18 12:25:55", "elapsed": 66.612602, "delta": 0.619003}}
{"target": 0.8777272324340608, "params": {"C": 36.75243063677137, "epsilon": 2.8348992617921103, "gamma": 0.062342104329661356}, "datetime": {"datetime": "2021-09-18 12:25:56", "elapsed": 67.3196, "delta": 0.706998}}
{"target": 0.4717651348813888, "params": {"C": 42.004780556995264, "epsilon": 1.4775199255156564, "gamma": 0.0001}, "datetime": {"datetime": "2021-09-18 12:25:57", "elapsed": 67.907594, "delta": 0.587994}}
{"target": 0.4788101553838082, "params": {"C": 41.63682642726755, "epsilon": 3.5752657296620667, "gamma": 1.0}, "datetime": {"datetime": "2021-09-18 12:25:57", "elapsed": 68.611602, "delta": 0.704008}}
{"target": -0.18356747703780396, "params": {"C": 75.53709674125191, "epsilon": 19.92936010876377, "gamma": 0.19476299293305016}, "datetime": {"datetime": "2021-09-18 12:25:58", "elapsed": 69.228791, "delta": 0.617189}}
{"target": -0.18245365304304872, "params": {"C": 32.344954289224894, "epsilon": 19.982754171750447, "gamma": 0.1693903915358203}, "datetime": {"datetime": "2021-09-18 12:25:59", "elapsed": 69.933792, "delta": 0.705001}}
{"target": -0.18840308270025297, "params": {"C": 51.744309958754144, "epsilon": 19.447494314186823, "gamma": 0.8189139876648943}, "datetime": {"datetime": "2021-09-18 12:25:59", "elapsed": 70.482794, "delta": 0.549002}}
{"target": 0.1416552265473363, "params": {"C": 1.20117506587057, "epsilon": 10.883210375551228, "gamma": 0.2651326598589507}, "datetime": {"datetime": "2021-09-18 12:26:00", "elapsed": 71.149795, "delta": 0.667001}}
{"target": 0.22641230443274718, "params": {"C": 95.28513724980347, "epsilon": 13.545885636388926, "gamma": 0.052755399102911195}, "datetime": {"datetime": "2021-09-18 12:26:01", "elapsed": 71.835799, "delta": 0.686004}}
{"target": 0.3532286608185754, "params": {"C": 9.603614417389117, "epsilon": 9.509968033007393, "gamma": 0.43578408825443066}, "datetime": {"datetime": "2021-09-18 12:26:01", "elapsed": 72.601831, "delta": 0.766032}}
{"target": 0.16282879992394894, "params": {"C": 61.03456753923459, "epsilon": 12.02926019203289, "gamma": 0.7110735009664344}, "datetime": {"datetime": "2021-09-18 12:26:02", "elapsed": 73.317796, "delta": 0.715965}}
{"target": -0.03758975022824429, "params": {"C": 68.93742012365468, "epsilon": 15.552023822994371, "gamma": 0.6753618746280833}, "datetime": {"datetime": "2021-09-18 12:26:03", "elapsed": 73.876829, "delta": 0.559033}}
{"target": 0.4937749365347682, "params": {"C": 38.04512473982968, "epsilon": 9.788438353296689, "gamma": 0.15563176243380106}, "datetime": {"datetime": "2021-09-18 12:26:03", "elapsed": 74.643799, "delta": 0.76697}}
{"target": 0.33876024427211704, "params": {"C": 47.104075926123414, "epsilon": 8.765913832093972, "gamma": 0.7587698850544475}, "datetime": {"datetime": "2021-09-18 12:26:04", "elapsed": 75.489868, "delta": 0.846069}}
{"target": 0.038231813776091084, "params": {"C": 80.18510118447907, "epsilon": 14.244210709852696, "gamma": 0.5401836501807941}, "datetime": {"datetime": "2021-09-18 12:26:05", "elapsed": 76.144835, "delta": 0.654967}}
{"target": 0.03898334600214681, "params": {"C": 28.09548211460123, "epsilon": 14.22792809004233, "gamma": 0.5441692944382738}, "datetime": {"datetime": "2021-09-18 12:26:06", "elapsed": 76.887835, "delta": 0.743}}
{"target": 0.5644986851158358, "params": {"C": 56.09146244322938, "epsilon": 1.5116196781870166, "gamma": 0.8467982874516914}, "datetime": {"datetime": "2021-09-18 12:26:06", "elapsed": 77.739782, "delta": 0.851947}}
{"target": 0.8473324480496276, "params": {"C": 10.259909460701305, "epsilon": 0.03263400632846029, "gamma": 0.06786458489657518}, "datetime": {"datetime": "2021-09-18 12:26:07", "elapsed": 78.505811, "delta": 0.766029}}
{"target": 0.40973680857527883, "params": {"C": 11.060149151544037, "epsilon": 0.0001, "gamma": 1.0}, "datetime": {"datetime": "2021-09-18 12:26:08", "elapsed": 79.458811, "delta": 0.953}}
{"target": 0.8250614844862078, "params": {"C": 8.727849671977072, "epsilon": 0.4476861166750194, "gamma": 0.082120418588609}, "datetime": {"datetime": "2021-09-18 12:26:09", "elapsed": 80.476774, "delta": 1.017963}}
{"target": 0.23196567235351306, "params": {"C": 9.754745323698597, "epsilon": 1.1208799621421033, "gamma": 0.0001}, "datetime": {"datetime": "2021-09-18 12:26:10", "elapsed": 81.268815, "delta": 0.792041}}
{"target": 0.6167205717167414, "params": {"C": 7.536414510901372, "epsilon": 0.7187463705493238, "gamma": 0.32051453426724363}, "datetime": {"datetime": "2021-09-18 12:26:11", "elapsed": 82.050779, "delta": 0.781964}}
{"target": 0.4199905977089542, "params": {"C": 9.477690645222491, "epsilon": 0.11255071549948294, "gamma": 0.8596173907621355}, "datetime": {"datetime": "2021-09-18 12:26:11", "elapsed": 82.779778, "delta": 0.728999}}
{"target": 0.15095426498947717, "params": {"C": 16.53035759990378, "epsilon": 11.689142742419461, "gamma": 0.94021033530539}, "datetime": {"datetime": "2021-09-18 12:26:12", "elapsed": 83.506507, "delta": 0.726729}}
{"target": 0.5084172482692644, "params": {"C": 60.45891546307966, "epsilon": 5.361906935247669, "gamma": 0.7001103847879581}, "datetime": {"datetime": "2021-09-18 12:26:13", "elapsed": 84.162502, "delta": 0.655995}}
{"target": -0.2013186553309485, "params": {"C": 39.013100169548046, "epsilon": 19.900337314281924, "gamma": 0.9900441827643364}, "datetime": {"datetime": "2021-09-18 12:26:14", "elapsed": 84.950507, "delta": 0.788005}}
{"target": 0.02188943149925382, "params": {"C": 34.740294437327734, "epsilon": 13.921962464499419, "gamma": 1.0}, "datetime": {"datetime": "2021-09-18 12:26:14", "elapsed": 85.770474, "delta": 0.819967}}
{"target": 0.11735824316641286, "params": {"C": 55.02977483529956, "epsilon": 14.160486541634441, "gamma": 0.11528152687816298}, "datetime": {"datetime": "2021-09-18 12:26:15", "elapsed": 86.479469, "delta": 0.708995}}
