{"target": 0.7303086144005462, "params": {"C": 65.91908785200323, "epsilon": 0.9802696600912907, "gamma": 0.6772087894301039}, "datetime": {"datetime": "2021-09-18 13:02:36", "elapsed": 2232.911676, "delta": 6.878431}}
{"target": 0.3837211762057642, "params": {"C": 57.21860429467757, "epsilon": 7.42839836191608, "gamma": 0.0001}, "datetime": {"datetime": "2021-09-18 13:02:44", "elapsed": 2240.844625, "delta": 7.932949}}
{"target": 0.6467753422784408, "params": {"C": 69.40605754791164, "epsilon": 0.8965505850574409, "gamma": 0.9619916547655274}, "datetime": {"datetime": "2021-09-18 13:02:55", "elapsed": 2251.712261, "delta": 10.867636}}
{"target": 0.8467027323998814, "params": {"C": 33.24286152953802, "epsilon": 1.8039786045126731, "gamma": 0.020420706994093284}, "datetime": {"datetime": "2021-09-18 13:03:02", "elapsed": 2258.52324, "delta": 6.810979}}
{"target": 0.8604381292689126, "params": {"C": 33.72799071789569, "epsilon": 3.006930321682936, "gamma": 0.14831038108778524}, "datetime": {"datetime": "2021-09-18 13:03:12", "elapsed": 2268.590605, "delta": 10.067365}}
{"target": 0.6177665767819773, "params": {"C": 33.851542579815536, "epsilon": 2.9869138571038882, "gamma": 0.9036324849893054}, "datetime": {"datetime": "2021-09-18 13:03:24", "elapsed": 2280.079981, "delta": 11.489376}}
{"target": 0.26707848071866735, "params": {"C": 18.787515823530363, "epsilon": 4.8894006073017575, "gamma": 0.0001}, "datetime": {"datetime": "2021-09-18 13:03:31", "elapsed": 2286.99357, "delta": 6.913589}}
{"target": 0.8699815660329515, "params": {"C": 33.135811942832945, "epsilon": 3.31431531899417, "gamma": 0.09395362713725275}, "datetime": {"datetime": "2021-09-18 13:03:41", "elapsed": 2297.338133, "delta": 10.344563}}
{"target": 0.8355942597540515, "params": {"C": 83.22808906568574, "epsilon": 3.6624354398518726, "gamma": 0.17259733745263878}, "datetime": {"datetime": "2021-09-18 13:03:50", "elapsed": 2306.244638, "delta": 8.906505}}
{"target": 0.8576953214984468, "params": {"C": 34.026546751431304, "epsilon": 3.819378513519545, "gamma": 0.09969547592502429}, "datetime": {"datetime": "2021-09-18 13:03:57", "elapsed": 2313.516042, "delta": 7.271404}}
{"target": 0.3735965809640348, "params": {"C": 33.304052087396116, "epsilon": 4.287596840114964, "gamma": 0.0001}, "datetime": {"datetime": "2021-09-18 13:04:04", "elapsed": 2320.210039, "delta": 6.693997}}
{"target": 0.8616904778686748, "params": {"C": 34.65547542227572, "epsilon": 3.217690239170867, "gamma": 0.12989310919986133}, "datetime": {"datetime": "2021-09-18 13:04:11", "elapsed": 2327.487912, "delta": 7.277873}}
{"target": 0.5829731477426917, "params": {"C": 34.608941190788784, "epsilon": 3.9939641143429743, "gamma": 0.9207683837016751}, "datetime": {"datetime": "2021-09-18 13:04:18", "elapsed": 2334.791907, "delta": 7.303995}}
{"target": 0.7986248777893964, "params": {"C": 61.63667423490978, "epsilon": 1.0604691258238308, "gamma": 0.45344577911450995}, "datetime": {"datetime": "2021-09-18 13:04:25", "elapsed": 2341.83995, "delta": 7.048043}}
{"target": 0.8632214875314026, "params": {"C": 98.20194473088104, "epsilon": 3.8183179913283434, "gamma": 0.09952502831673053}, "datetime": {"datetime": "2021-09-18 13:04:33", "elapsed": 2349.333907, "delta": 7.493957}}
{"target": 0.6639146656434785, "params": {"C": 93.39327979176805, "epsilon": 0.02645207876785115, "gamma": 0.9319644819417601}, "datetime": {"datetime": "2021-09-18 13:04:40", "elapsed": 2356.615944, "delta": 7.282037}}
{"target": 0.7553271047781165, "params": {"C": 61.64144946525489, "epsilon": 3.2028818569643653, "gamma": 0.002510255933005854}, "datetime": {"datetime": "2021-09-18 13:04:49", "elapsed": 2365.259254, "delta": 8.64331}}
{"target": 0.08959047383907204, "params": {"C": 1.0, "epsilon": 7.12963336277263, "gamma": 1.0}, "datetime": {"datetime": "2021-09-18 13:04:56", "elapsed": 2372.128169, "delta": 6.868915}}
{"target": 0.8017311194984904, "params": {"C": 56.024808095556295, "epsilon": 6.280510376738571, "gamma": 0.03124060276762701}, "datetime": {"datetime": "2021-09-18 13:05:06", "elapsed": 2382.542298, "delta": 10.414129}}
{"target": 0.18181716832286166, "params": {"C": 10.906554978936311, "epsilon": 0.0001, "gamma": 0.0001}, "datetime": {"datetime": "2021-09-18 13:05:15", "elapsed": 2391.864716, "delta": 9.322418}}
{"target": 0.8507221503513628, "params": {"C": 12.270111542094273, "epsilon": 0.5932264531167065, "gamma": 0.13174664255074447}, "datetime": {"datetime": "2021-09-18 13:05:25", "elapsed": 2401.149007, "delta": 9.284291}}
{"target": 0.6409234322637436, "params": {"C": 79.72394752422589, "epsilon": 1.563745187565836, "gamma": 0.9416966658377633}, "datetime": {"datetime": "2021-09-18 13:05:33", "elapsed": 2409.732277, "delta": 8.58327}}
{"target": 0.5403378574520952, "params": {"C": 89.587052523243, "epsilon": 1.7857256458408302, "gamma": 0.0001}, "datetime": {"datetime": "2021-09-18 13:05:41", "elapsed": 2417.042455, "delta": 7.310178}}
{"target": 0.8965225033123242, "params": {"C": 67.14703780917999, "epsilon": 0.534388257523267, "gamma": 0.10128142291818955}, "datetime": {"datetime": "2021-09-18 13:05:51", "elapsed": 2427.702345, "delta": 10.65989}}
{"target": 0.5062388288615559, "params": {"C": 96.4134308261092, "epsilon": 5.305386362940745, "gamma": 0.0001}, "datetime": {"datetime": "2021-09-18 13:06:02", "elapsed": 2438.265706, "delta": 10.563361}}
{"target": 0.867501504524976, "params": {"C": 33.29589280072387, "epsilon": 0.20570458415669066, "gamma": 0.03421909799342013}, "datetime": {"datetime": "2021-09-18 13:06:09", "elapsed": 2445.390539, "delta": 7.124833}}
{"target": 0.46754984643697217, "params": {"C": 56.056743066994855, "epsilon": 1.4372723435576384, "gamma": 0.0001}, "datetime": {"datetime": "2021-09-18 13:06:17", "elapsed": 2453.102167, "delta": 7.711628}}
{"target": 0.8920982046268885, "params": {"C": 46.422692160155364, "epsilon": 0.7632597614340001, "gamma": 0.12085313171668084}, "datetime": {"datetime": "2021-09-18 13:06:26", "elapsed": 2462.693402, "delta": 9.591235}}
{"target": 0.7437434787488502, "params": {"C": 74.04663527933816, "epsilon": 0.4628397459049595, "gamma": 0.6525894350634043}, "datetime": {"datetime": "2021-09-18 13:06:40", "elapsed": 2476.838171, "delta": 14.144769}}
{"target": 0.8291046646545559, "params": {"C": 19.44303436881706, "epsilon": 3.506267590293404, "gamma": 0.02444033423899069}, "datetime": {"datetime": "2021-09-18 13:06:50", "elapsed": 2486.046303, "delta": 9.208132}}
{"target": 0.8975276652373961, "params": {"C": 85.95993345279355, "epsilon": 0.0720055798167782, "gamma": 0.07010189150494954}, "datetime": {"datetime": "2021-09-18 13:06:57", "elapsed": 2493.536405, "delta": 7.490102}}
{"target": 0.7975237020716343, "params": {"C": 57.061847162876646, "epsilon": 2.5479209962962512, "gamma": 0.3715997984799978}, "datetime": {"datetime": "2021-09-18 13:07:05", "elapsed": 2501.164147, "delta": 7.627742}}
{"target": 0.8713362741799857, "params": {"C": 99.04319884150647, "epsilon": 1.3789810764799053, "gamma": 0.033926082803756384}, "datetime": {"datetime": "2021-09-18 13:07:13", "elapsed": 2509.270278, "delta": 8.106131}}
{"target": 0.6153452171738957, "params": {"C": 93.12484993414523, "epsilon": 2.0976756674519192, "gamma": 0.9933363821132686}, "datetime": {"datetime": "2021-09-18 13:07:22", "elapsed": 2518.453282, "delta": 9.183004}}
{"target": 0.8386954491319109, "params": {"C": 61.86997205685892, "epsilon": 4.976613444499288, "gamma": 0.08356835738945054}, "datetime": {"datetime": "2021-09-18 13:07:30", "elapsed": 2526.716701, "delta": 8.263419}}
{"target": 0.6746910209644053, "params": {"C": 97.65681511385544, "epsilon": 5.514697222118428, "gamma": 0.44371661033790016}, "datetime": {"datetime": "2021-09-18 13:07:37", "elapsed": 2533.872649, "delta": 7.155948}}
{"target": 0.8977517001420654, "params": {"C": 98.69572861075731, "epsilon": 0.022717115085607635, "gamma": 0.11816157870568299}, "datetime": {"datetime": "2021-09-18 13:07:46", "elapsed": 2542.659245, "delta": 8.786596}}
{"target": -0.07764441709850778, "params": {"C": 73.69306281937891, "epsilon": 17.457324580666757, "gamma": 0.18272589401946726}, "datetime": {"datetime": "2021-09-18 13:07:56", "elapsed": 2552.11091, "delta": 9.451665}}
{"target": 0.7265838149134747, "params": {"C": 73.93363454350433, "epsilon": 2.876783214618651, "gamma": 0.0014944035726104175}, "datetime": {"datetime": "2021-09-18 13:08:03", "elapsed": 2559.335894, "delta": 7.224984}}
{"target": 0.8711493791744631, "params": {"C": 65.09655465258786, "epsilon": 3.793224840466753, "gamma": 0.03723945717284758}, "datetime": {"datetime": "2021-09-18 13:08:10", "elapsed": 2566.03277, "delta": 6.696876}}
{"target": 0.5473370057346213, "params": {"C": 92.15912883661629, "epsilon": 1.1987313728581532, "gamma": 0.00010295246693451841}, "datetime": {"datetime": "2021-09-18 13:08:17", "elapsed": 2573.587579, "delta": 7.554809}}
{"target": 0.6629095769585216, "params": {"C": 64.54724190830453, "epsilon": 4.045300532074028, "gamma": 0.6527866844741606}, "datetime": {"datetime": "2021-09-18 13:08:27", "elapsed": 2583.965791, "delta": 10.378212}}
{"target": -0.16105666540735264, "params": {"C": 9.179484557175284, "epsilon": 19.671669561749933, "gamma": 0.09427416577001403}, "datetime": {"datetime": "2021-09-18 13:08:38", "elapsed": 2594.262731, "delta": 10.29694}}
{"target": 0.3989572244808268, "params": {"C": 52.86471686728636, "epsilon": 6.737074166117939, "gamma": 0.0001}, "datetime": {"datetime": "2021-09-18 13:08:48", "elapsed": 2604.05386, "delta": 9.791129}}
{"target": 0.8136517819316049, "params": {"C": 93.27956571171381, "epsilon": 1.1699081322690363, "gamma": 0.3966951197319622}, "datetime": {"datetime": "2021-09-18 13:08:55", "elapsed": 2611.564548, "delta": 7.510688}}
{"target": 0.4466432933736383, "params": {"C": 86.4926605954668, "epsilon": 7.1782211744868, "gamma": 0.9312329264787249}, "datetime": {"datetime": "2021-09-18 13:09:04", "elapsed": 2620.476643, "delta": 8.912095}}
{"target": 0.7266358272042674, "params": {"C": 51.20272575973192, "epsilon": 8.114628718823147, "gamma": 0.05964302242205084}, "datetime": {"datetime": "2021-09-18 13:09:12", "elapsed": 2628.15508, "delta": 7.678437}}
{"target": 0.8408000992587061, "params": {"C": 87.2013073520912, "epsilon": 3.966263571142483, "gamma": 0.1369003693823566}, "datetime": {"datetime": "2021-09-18 13:09:21", "elapsed": 2637.60158, "delta": 9.4465}}
{"target": 0.6116841242144923, "params": {"C": 75.57284688172864, "epsilon": 2.8599656434370133, "gamma": 0.9375572886346522}, "datetime": {"datetime": "2021-09-18 13:09:34", "elapsed": 2650.221226, "delta": 12.619646}}
{"target": -0.053996535456814376, "params": {"C": 1.0452569983442428, "epsilon": 17.253081034081777, "gamma": 0.587886405757212}, "datetime": {"datetime": "2021-09-18 13:09:53", "elapsed": 2669.735499, "delta": 19.514273}}
{"target": 0.781724736452266, "params": {"C": 68.47008402548727, "epsilon": 5.5117781594572275, "gamma": 0.004205202653700062}, "datetime": {"datetime": "2021-09-18 13:10:01", "elapsed": 2677.262855, "delta": 7.527356}}
{"target": 0.44356671831121897, "params": {"C": 68.01283695218353, "epsilon": 6.312478139831877, "gamma": 0.0001}, "datetime": {"datetime": "2021-09-18 13:10:09", "elapsed": 2685.243858, "delta": 7.981003}}
{"target": 0.8094352264966729, "params": {"C": 68.33039775329462, "epsilon": 4.506572386416594, "gamma": 0.1757436904410868}, "datetime": {"datetime": "2021-09-18 13:10:16", "elapsed": 2692.738818, "delta": 7.49496}}
{"target": 0.6476036663178668, "params": {"C": 68.27933753937585, "epsilon": 4.997647918738192, "gamma": 0.5900998451453838}, "datetime": {"datetime": "2021-09-18 13:10:24", "elapsed": 2700.389799, "delta": 7.650981}}
{"target": 0.19442243901917666, "params": {"C": 88.93159992886551, "epsilon": 11.528411900042888, "gamma": 1.0}, "datetime": {"datetime": "2021-09-18 13:10:31", "elapsed": 2707.635323, "delta": 7.245524}}
{"target": 0.8299926580350133, "params": {"C": 87.63301965374738, "epsilon": 3.386446696451514, "gamma": 0.013223495579056615}, "datetime": {"datetime": "2021-09-18 13:10:39", "elapsed": 2715.909467, "delta": 8.274144}}
{"target": 0.8021117456567602, "params": {"C": 69.45856106174669, "epsilon": 6.096674845011229, "gamma": 0.015714298107387878}, "datetime": {"datetime": "2021-09-18 13:10:52", "elapsed": 2728.833662, "delta": 12.924195}}
{"target": 0.6696974807117787, "params": {"C": 46.14172281420342, "epsilon": 9.29438785532913, "gamma": 0.025129747017004062}, "datetime": {"datetime": "2021-09-18 13:11:03", "elapsed": 2739.335241, "delta": 10.501579}}
{"target": -0.06950561509420394, "params": {"C": 100.0, "epsilon": 17.43178307551331, "gamma": 0.0001}, "datetime": {"datetime": "2021-09-18 13:11:15", "elapsed": 2751.907564, "delta": 12.572323}}
{"target": 0.8761931068256412, "params": {"C": 88.66801630993486, "epsilon": 0.21196754043868934, "gamma": 0.04034372736347361}, "datetime": {"datetime": "2021-09-18 13:11:25", "elapsed": 2761.222831, "delta": 9.315267}}
{"target": 0.8718087703276682, "params": {"C": 73.03970051749609, "epsilon": 4.424467820502645, "gamma": 0.061136190069011595}, "datetime": {"datetime": "2021-09-18 13:11:34", "elapsed": 2770.578314, "delta": 9.355483}}
{"target": 0.3262049814530974, "params": {"C": 25.01326992434398, "epsilon": 1.4852714388713988, "gamma": 0.0001}, "datetime": {"datetime": "2021-09-18 13:11:47", "elapsed": 2782.99604, "delta": 12.417726}}
{"target": 0.3772884749262372, "params": {"C": 34.634473660943414, "epsilon": 0.0001, "gamma": 0.0001}, "datetime": {"datetime": "2021-09-18 13:11:54", "elapsed": 2790.7436, "delta": 7.74756}}
{"target": 0.38437740193574765, "params": {"C": 33.07640860515966, "epsilon": 2.610872988904225, "gamma": 0.0001}, "datetime": {"datetime": "2021-09-18 13:12:02", "elapsed": 2798.529444, "delta": 7.785844}}
{"target": 0.29436724670477343, "params": {"C": 21.516972156685853, "epsilon": 2.1584602274546336, "gamma": 0.0001}, "datetime": {"datetime": "2021-09-18 13:12:18", "elapsed": 2814.073084, "delta": 15.54364}}
{"target": 0.7554122498195338, "params": {"C": 20.573379323871773, "epsilon": 2.798714482427549, "gamma": 0.46753584908278795}, "datetime": {"datetime": "2021-09-18 13:12:26", "elapsed": 2822.073481, "delta": 8.000397}}
{"target": 0.8505940223953093, "params": {"C": 22.97501660532196, "epsilon": 1.7138950774776824, "gamma": 0.02769305445431807}, "datetime": {"datetime": "2021-09-18 13:12:39", "elapsed": 2835.097298, "delta": 13.023817}}
{"target": 0.8555388144551518, "params": {"C": 21.053749894062044, "epsilon": 3.5302981114704144, "gamma": 0.06925816640365137}, "datetime": {"datetime": "2021-09-18 13:12:50", "elapsed": 2846.630666, "delta": 11.533368}}
{"target": 0.7719149207958501, "params": {"C": 41.605519638612854, "epsilon": 0.026773124265555868, "gamma": 0.5752437089247994}, "datetime": {"datetime": "2021-09-18 13:12:59", "elapsed": 2855.449076, "delta": 8.81841}}
{"target": 0.7786350046933379, "params": {"C": 44.399960111294405, "epsilon": 0.46948755254739066, "gamma": 0.5430914081872709}, "datetime": {"datetime": "2021-09-18 13:13:08", "elapsed": 2864.128032, "delta": 8.678956}}
{"target": 0.8771483502692637, "params": {"C": 26.390903334159088, "epsilon": 1.4165559349549135, "gamma": 0.14349132035418158}, "datetime": {"datetime": "2021-09-18 13:13:16", "elapsed": 2872.531161, "delta": 8.403129}}
{"target": 0.7981140153477051, "params": {"C": 69.13583228891338, "epsilon": 4.9871246049748486, "gamma": 0.1653298771167103}, "datetime": {"datetime": "2021-09-18 13:13:24", "elapsed": 2880.351366, "delta": 7.820205}}
{"target": 0.5025089562535939, "params": {"C": 90.5973844708448, "epsilon": 5.294783566069982, "gamma": 0.0001}, "datetime": {"datetime": "2021-09-18 13:13:35", "elapsed": 2891.541306, "delta": 11.18994}}
{"target": 0.5301980222238631, "params": {"C": 97.74945005030386, "epsilon": 4.616943550488922, "gamma": 0.0001}, "datetime": {"datetime": "2021-09-18 13:13:43", "elapsed": 2899.495218, "delta": 7.953912}}
{"target": 0.6128516209794341, "params": {"C": 96.87733260412769, "epsilon": 3.3695856208732304, "gamma": 0.8830064565346545}, "datetime": {"datetime": "2021-09-18 13:13:52", "elapsed": 2908.714205, "delta": 9.218987}}
{"target": 0.4327363203187261, "params": {"C": 44.11864611953438, "epsilon": 1.604633219123666, "gamma": 0.0001}, "datetime": {"datetime": "2021-09-18 13:14:01", "elapsed": 2917.787312, "delta": 9.073107}}
{"target": 0.7914036763632593, "params": {"C": 46.52893241495506, "epsilon": 0.3197471137822106, "gamma": 0.5050466248268641}, "datetime": {"datetime": "2021-09-18 13:14:10", "elapsed": 2925.99574, "delta": 8.208428}}
{"target": 0.8965208649143918, "params": {"C": 84.73310399672567, "epsilon": 1.8666225430950814, "gamma": 0.07361524113108874}, "datetime": {"datetime": "2021-09-18 13:14:19", "elapsed": 2935.16232, "delta": 9.16658}}
{"target": 0.6999265350741238, "params": {"C": 35.18978500733474, "epsilon": 0.7906380636218349, "gamma": 0.7881728511335035}, "datetime": {"datetime": "2021-09-18 13:14:28", "elapsed": 2944.04255, "delta": 8.88023}}
{"target": 0.7735223491620603, "params": {"C": 99.20149348606527, "epsilon": 5.124074443400896, "gamma": 0.2144639051030878}, "datetime": {"datetime": "2021-09-18 13:14:36", "elapsed": 2952.584236, "delta": 8.541686}}
{"target": 0.8375825702839108, "params": {"C": 90.68359122480226, "epsilon": 2.9712168112103376, "gamma": 0.017781400959201617}, "datetime": {"datetime": "2021-09-18 13:14:47", "elapsed": 2963.51564, "delta": 10.931404}}
{"target": 0.686888044036313, "params": {"C": 30.411833301917248, "epsilon": 3.0940456621769523, "gamma": 0.6704575629200678}, "datetime": {"datetime": "2021-09-18 13:15:01", "elapsed": 2977.324707, "delta": 13.809067}}
{"target": 0.8933260085978032, "params": {"C": 93.4521711367713, "epsilon": 2.8002075334895826, "gamma": 0.08209448840839352}, "datetime": {"datetime": "2021-09-18 13:15:12", "elapsed": 2988.198147, "delta": 10.87344}}
{"target": 0.8960055730096685, "params": {"C": 86.17108215522991, "epsilon": 0.6523250291589646, "gamma": 0.1383789280308292}, "datetime": {"datetime": "2021-09-18 13:15:20", "elapsed": 2996.923515, "delta": 8.725368}}
{"target": 0.7608515565232632, "params": {"C": 45.04881399732614, "epsilon": 1.3371648040055553, "gamma": 0.5652371143942437}, "datetime": {"datetime": "2021-09-18 13:15:31", "elapsed": 3007.255216, "delta": 10.331701}}
{"target": 0.8306784397592744, "params": {"C": 89.08392191756278, "epsilon": 0.7359475069638958, "gamma": 0.005911558684870206}, "datetime": {"datetime": "2021-09-18 13:15:41", "elapsed": 3017.497209, "delta": 10.241993}}
{"target": 0.7143807608170514, "params": {"C": 48.563147423960025, "epsilon": 2.305299981304958, "gamma": 0.6465252001206113}, "datetime": {"datetime": "2021-09-18 13:15:50", "elapsed": 3026.257919, "delta": 8.76071}}
{"target": 0.6271782606881231, "params": {"C": 72.23661044831961, "epsilon": 1.4876550061158063, "gamma": 0.9962324218377305}, "datetime": {"datetime": "2021-09-18 13:16:01", "elapsed": 3037.160494, "delta": 10.902575}}
{"target": 0.31675862138246347, "params": {"C": 94.31176568948213, "epsilon": 13.366211552592643, "gamma": 0.03704764742922053}, "datetime": {"datetime": "2021-09-18 13:16:09", "elapsed": 3045.420197, "delta": 8.259703}}
{"target": 0.8865400066780995, "params": {"C": 47.84960419295647, "epsilon": 0.5073278751234158, "gamma": 0.0612036474148244}, "datetime": {"datetime": "2021-09-18 13:16:17", "elapsed": 3053.959193, "delta": 8.538996}}
{"target": 0.8922078912981256, "params": {"C": 66.22886159732342, "epsilon": 0.4999172573555116, "gamma": 0.14851491000607958}, "datetime": {"datetime": "2021-09-18 13:16:28", "elapsed": 3064.576862, "delta": 10.617669}}
{"target": 0.6426651812914945, "params": {"C": 38.166252500635906, "epsilon": 1.3096287402107318, "gamma": 0.9527982799622848}, "datetime": {"datetime": "2021-09-18 13:16:36", "elapsed": 3072.608294, "delta": 8.031432}}
{"target": 0.8440040400044485, "params": {"C": 98.05587139549328, "epsilon": 0.018036660107793846, "gamma": 0.008492929143580566}, "datetime": {"datetime": "2021-09-18 13:16:45", "elapsed": 3081.765643, "delta": 9.157349}}
{"target": 0.5734443676097684, "params": {"C": 42.34121450139615, "epsilon": 3.6059540169980666, "gamma": 1.0}, "datetime": {"datetime": "2021-09-18 13:16:54", "elapsed": 3090.12442, "delta": 8.358777}}
{"target": 0.6811612311442063, "params": {"C": 86.52888949160945, "epsilon": 0.04518331557403665, "gamma": 0.8704708895643207}, "datetime": {"datetime": "2021-09-18 13:17:02", "elapsed": 3098.559166, "delta": 8.434746}}
{"target": 0.35620026927383863, "params": {"C": 30.57101431158919, "epsilon": 0.0001, "gamma": 0.0001}, "datetime": {"datetime": "2021-09-18 13:17:14", "elapsed": 3110.906832, "delta": 12.347666}}
{"target": 0.8190770358702983, "params": {"C": 22.395358430347198, "epsilon": 1.686045914439368, "gamma": 0.3479769989534603}, "datetime": {"datetime": "2021-09-18 13:17:23", "elapsed": 3119.347691, "delta": 8.440859}}
{"target": 0.8839507568278377, "params": {"C": 43.34274238591386, "epsilon": 0.06307074723999676, "gamma": 0.15933317848360243}, "datetime": {"datetime": "2021-09-18 13:17:35", "elapsed": 3131.066088, "delta": 11.718397}}
{"target": 0.48012963431078315, "params": {"C": 56.45524276871947, "epsilon": 2.785487258865734, "gamma": 0.0001}, "datetime": {"datetime": "2021-09-18 13:17:43", "elapsed": 3139.274392, "delta": 8.208304}}
{"target": 0.5359554793317198, "params": {"C": 89.52439357686353, "epsilon": 3.8734331287022457, "gamma": 0.0001}, "datetime": {"datetime": "2021-09-18 13:17:56", "elapsed": 3152.545345, "delta": 13.270953}}
{"target": 0.8507396136444425, "params": {"C": 72.7398125810024, "epsilon": 5.272970179109138, "gamma": 0.037131936797906544}, "datetime": {"datetime": "2021-09-18 13:18:08", "elapsed": 3164.896392, "delta": 12.351047}}
