{"target": 0.879720282613187, "params": {"C": 97.98580422790664, "epsilon": 4.307840519341115, "gamma": 0.03349136077083525}, "datetime": {"datetime": "2021-09-18 13:20:51", "elapsed": 3362.653234, "delta": 10.396782}}
{"target": 0.8873164155982598, "params": {"C": 60.4632091223567, "epsilon": 1.5333393063414402, "gamma": 0.033749162039609246}, "datetime": {"datetime": "2021-09-18 13:21:00", "elapsed": 3371.053385, "delta": 8.400151}}
{"target": 0.5745726833010649, "params": {"C": 83.78834531150679, "epsilon": 1.6095925899890717, "gamma": 0.0001}, "datetime": {"datetime": "2021-09-18 13:21:09", "elapsed": 3380.331704, "delta": 9.278319}}
{"target": 0.8775049301999067, "params": {"C": 88.84330209097087, "epsilon": 3.2821679128008423, "gamma": 0.02438462796013653}, "datetime": {"datetime": "2021-09-18 13:21:20", "elapsed": 3391.645425, "delta": 11.313721}}
{"target": 0.8556085128800627, "params": {"C": 25.58389872558586, "epsilon": 3.849057412134648, "gamma": 0.06529382102266541}, "datetime": {"datetime": "2021-09-18 13:21:30", "elapsed": 3401.705662, "delta": 10.060237}}
{"target": -0.08469644768832252, "params": {"C": 90.44510266635788, "epsilon": 17.233622267248673, "gamma": 0.019947847251804394}, "datetime": {"datetime": "2021-09-18 13:21:40", "elapsed": 3410.81215, "delta": 9.106488}}
{"target": 0.5382943307185927, "params": {"C": 97.07518472166181, "epsilon": 0.0001, "gamma": 1.0}, "datetime": {"datetime": "2021-09-18 13:21:51", "elapsed": 3422.448488, "delta": 11.636338}}
{"target": 0.8477407058024637, "params": {"C": 98.34814967016419, "epsilon": 5.363569334487026, "gamma": 0.02211260211778097}, "datetime": {"datetime": "2021-09-18 13:21:59", "elapsed": 3430.425556, "delta": 7.977068}}
{"target": 0.6248604363719709, "params": {"C": 98.21730629077831, "epsilon": 6.208767147948368, "gamma": 0.3017129631216909}, "datetime": {"datetime": "2021-09-18 13:22:08", "elapsed": 3439.25544, "delta": 8.829884}}
{"target": 0.7950331776118267, "params": {"C": 98.92097507504121, "epsilon": 4.880888995548819, "gamma": 0.11240970467866056}, "datetime": {"datetime": "2021-09-18 13:22:16", "elapsed": 3447.696177, "delta": 8.440737}}
{"target": 0.7169806395527725, "params": {"C": 2.4570265650165823, "epsilon": 0.05592636420373918, "gamma": 0.054873419108500784}, "datetime": {"datetime": "2021-09-18 13:22:25", "elapsed": 3455.839775, "delta": 8.143598}}
{"target": 0.2080865983137381, "params": {"C": 92.647583215275, "epsilon": 13.690905013389862, "gamma": 0.05306780627016127}, "datetime": {"datetime": "2021-09-18 13:22:33", "elapsed": 3464.5382, "delta": 8.698425}}
{"target": 0.8841679901737975, "params": {"C": 92.30256751976994, "epsilon": 1.5350488985836237, "gamma": 0.10592580122933776}, "datetime": {"datetime": "2021-09-18 13:22:42", "elapsed": 3472.84818, "delta": 8.30998}}
{"target": 0.39190879450477556, "params": {"C": 31.570085272695657, "epsilon": 6.621784121594558, "gamma": 0.0001}, "datetime": {"datetime": "2021-09-18 13:22:53", "elapsed": 3484.431963, "delta": 11.583783}}
{"target": 0.8321571030778646, "params": {"C": 99.15104420883699, "epsilon": 5.780388482027774, "gamma": 0.024736262610637803}, "datetime": {"datetime": "2021-09-18 13:23:02", "elapsed": 3493.077794, "delta": 8.645831}}
{"target": 0.5736578705835138, "params": {"C": 97.47868957739854, "epsilon": 3.97874728100846, "gamma": 0.0001}, "datetime": {"datetime": "2021-09-18 13:23:19", "elapsed": 3510.034817, "delta": 16.957023}}
{"target": 0.39008219090900076, "params": {"C": 24.787215478381757, "epsilon": 3.8587187675418586, "gamma": 0.0001}, "datetime": {"datetime": "2021-09-18 13:23:29", "elapsed": 3520.107968, "delta": 10.073151}}
{"target": 0.15709576351775656, "params": {"C": 36.914871009857, "epsilon": 14.339789300698433, "gamma": 0.0459282933740366}, "datetime": {"datetime": "2021-09-18 13:23:40", "elapsed": 3530.957262, "delta": 10.849294}}
{"target": 0.8123111748146593, "params": {"C": 25.990832398095726, "epsilon": 4.302678132446588, "gamma": 0.10287358380734882}, "datetime": {"datetime": "2021-09-18 13:23:53", "elapsed": 3544.101243, "delta": 13.143981}}
{"target": 0.8793606912248556, "params": {"C": 70.01780239853284, "epsilon": 0.6449626046616789, "gamma": 0.017162352434740943}, "datetime": {"datetime": "2021-09-18 13:24:04", "elapsed": 3555.616886, "delta": 11.515643}}
{"target": 0.8407975923465035, "params": {"C": 97.3234261162673, "epsilon": 5.529493819732567, "gamma": 0.03219641877781566}, "datetime": {"datetime": "2021-09-18 13:24:17", "elapsed": 3568.095902, "delta": 12.479016}}
{"target": 0.30464377528158526, "params": {"C": 15.77035332345442, "epsilon": 5.563638549053725, "gamma": 0.0001}, "datetime": {"datetime": "2021-09-18 13:24:30", "elapsed": 3581.686513, "delta": 13.590611}}
{"target": 0.744651087034371, "params": {"C": 62.45669910514262, "epsilon": 7.79869705705372, "gamma": 0.026167278555607038}, "datetime": {"datetime": "2021-09-18 13:24:40", "elapsed": 3591.262702, "delta": 9.576189}}
{"target": 0.5382802414815212, "params": {"C": 63.297902136782426, "epsilon": 0.0001, "gamma": 1.0}, "datetime": {"datetime": "2021-09-18 13:24:50", "elapsed": 3601.686051, "delta": 10.423349}}
{"target": 0.8511847540564866, "params": {"C": 79.44997381350126, "epsilon": 0.8335327225033513, "gamma": 0.006401301129372422}, "datetime": {"datetime": "2021-09-18 13:25:06", "elapsed": 3617.154685, "delta": 15.468634}}
{"target": 0.5251518337658685, "params": {"C": 89.01591777694429, "epsilon": 3.627800728679663, "gamma": 0.8211883422822897}, "datetime": {"datetime": "2021-09-18 13:25:14", "elapsed": 3625.245923, "delta": 8.091238}}
{"target": 0.8258609999881241, "params": {"C": 24.63815084368127, "epsilon": 4.934942641971179, "gamma": 0.020578478200358945}, "datetime": {"datetime": "2021-09-18 13:25:27", "elapsed": 3638.528628, "delta": 13.282705}}
{"target": 0.5128119846136563, "params": {"C": 23.55280729401772, "epsilon": 1.5657186259074751, "gamma": 1.0}, "datetime": {"datetime": "2021-09-18 13:25:36", "elapsed": 3646.955098, "delta": 8.42647}}
{"target": -0.02896575613498764, "params": {"C": 18.574134788681235, "epsilon": 17.468722856948272, "gamma": 0.0001}, "datetime": {"datetime": "2021-09-18 13:25:49", "elapsed": 3660.223586, "delta": 13.268488}}
{"target": 0.023154292644117835, "params": {"C": 72.08186282849184, "epsilon": 13.93541645940186, "gamma": 0.9727995446988448}, "datetime": {"datetime": "2021-09-18 13:25:58", "elapsed": 3669.151772, "delta": 8.928186}}
{"target": 0.35419176561236454, "params": {"C": 24.914706235259356, "epsilon": 7.374113779126229, "gamma": 0.9772885011783741}, "datetime": {"datetime": "2021-09-18 13:26:09", "elapsed": 3680.741835, "delta": 11.590063}}
{"target": 0.4974878868064475, "params": {"C": 49.43065506214624, "epsilon": 0.7769278965130966, "gamma": 0.0001}, "datetime": {"datetime": "2021-09-18 13:26:21", "elapsed": 3692.025464, "delta": 11.283629}}
{"target": 0.8767046163313403, "params": {"C": 75.89980744274389, "epsilon": 3.1196960469418284, "gamma": 0.027209807917207913}, "datetime": {"datetime": "2021-09-18 13:26:37", "elapsed": 3708.184067, "delta": 16.158603}}
{"target": 0.543150538174306, "params": {"C": 84.11557985114473, "epsilon": 4.955209448021445, "gamma": 0.0001}, "datetime": {"datetime": "2021-09-18 13:26:46", "elapsed": 3717.42125, "delta": 9.237183}}
{"target": 0.7845566636216919, "params": {"C": 98.0800275546786, "epsilon": 4.815758760475564, "gamma": 0.1286708247247417}, "datetime": {"datetime": "2021-09-18 13:26:57", "elapsed": 3728.657095, "delta": 11.235845}}
{"target": 0.8584516798973889, "params": {"C": 32.00870420477948, "epsilon": 0.9338459048299532, "gamma": 0.013810204369914742}, "datetime": {"datetime": "2021-09-18 13:27:16", "elapsed": 3747.026058, "delta": 18.368963}}
{"target": 0.8919325761616416, "params": {"C": 78.67210908105076, "epsilon": 0.03128715379589466, "gamma": 0.029721322691232933}, "datetime": {"datetime": "2021-09-18 13:27:29", "elapsed": 3760.506099, "delta": 13.480041}}
{"target": 0.5767432868299327, "params": {"C": 98.8611897678434, "epsilon": 4.116700349832623, "gamma": 0.0001}, "datetime": {"datetime": "2021-09-18 13:27:41", "elapsed": 3771.988793, "delta": 11.482694}}
{"target": 0.4233599043998245, "params": {"C": 82.80617990013643, "epsilon": 6.279241994357524, "gamma": 0.8709770824477261}, "datetime": {"datetime": "2021-09-18 13:27:58", "elapsed": 3789.575701, "delta": 17.586908}}
{"target": 0.8031971174071418, "params": {"C": 83.27927153919923, "epsilon": 4.037244705681067, "gamma": 0.13806048599652546}, "datetime": {"datetime": "2021-09-18 13:28:10", "elapsed": 3801.608481, "delta": 12.03278}}
{"target": 0.4825540857238225, "params": {"C": 50.26250966304861, "epsilon": 4.723213069773842, "gamma": 0.0001}, "datetime": {"datetime": "2021-09-18 13:28:19", "elapsed": 3810.681968, "delta": 9.073487}}
{"target": -0.1328769796592284, "params": {"C": 23.902423754044783, "epsilon": 17.58139417709965, "gamma": 1.0}, "datetime": {"datetime": "2021-09-18 13:28:28", "elapsed": 3819.656705, "delta": 8.974737}}
{"target": 0.5444749934362276, "params": {"C": 71.11609419651995, "epsilon": 3.528066446678288, "gamma": 0.0001}, "datetime": {"datetime": "2021-09-18 13:28:43", "elapsed": 3834.761371, "delta": 15.104666}}
{"target": 0.632438668910724, "params": {"C": 89.21039166355527, "epsilon": 7.097915754687731, "gamma": 0.0004897712380239229}, "datetime": {"datetime": "2021-09-18 13:28:53", "elapsed": 3844.325483, "delta": 9.564112}}
{"target": 0.16560149627574006, "params": {"C": 82.54526333524801, "epsilon": 14.147129812610888, "gamma": 0.0001}, "datetime": {"datetime": "2021-09-18 13:29:04", "elapsed": 3855.420011, "delta": 11.094528}}
{"target": 0.417637076601144, "params": {"C": 99.77766897693948, "epsilon": 5.598904786078001, "gamma": 1.0}, "datetime": {"datetime": "2021-09-18 13:29:14", "elapsed": 3865.484052, "delta": 10.064041}}
{"target": 0.9003517053212066, "params": {"C": 98.07455868480042, "epsilon": 2.4007995821187076, "gamma": 0.043184437744845844}, "datetime": {"datetime": "2021-09-18 13:29:23", "elapsed": 3874.613241, "delta": 9.129189}}
{"target": 0.69214715024192, "params": {"C": 65.96179543104732, "epsilon": 2.158356708908025, "gamma": 0.4572711504891357}, "datetime": {"datetime": "2021-09-18 13:29:35", "elapsed": 3886.694503, "delta": 12.081262}}
{"target": 0.13889784687432627, "params": {"C": 27.71852588251824, "epsilon": 11.849793623733456, "gamma": 0.964467434204567}, "datetime": {"datetime": "2021-09-18 13:29:49", "elapsed": 3900.397349, "delta": 13.702846}}
{"target": 0.6042649535631611, "params": {"C": 94.51852387306576, "epsilon": 1.3085327340879376, "gamma": 0.7296440208884217}, "datetime": {"datetime": "2021-09-18 13:30:05", "elapsed": 3916.670273, "delta": 16.272924}}
{"target": 0.13089397523781432, "params": {"C": 14.034162574116475, "epsilon": 11.945066301886326, "gamma": 0.9868770085527168}, "datetime": {"datetime": "2021-09-18 13:30:15", "elapsed": 3925.966634, "delta": 9.296361}}
{"target": 0.30856661804834407, "params": {"C": 34.48081374077938, "epsilon": 8.321598252204293, "gamma": 1.0}, "datetime": {"datetime": "2021-09-18 13:30:24", "elapsed": 3935.702044, "delta": 9.73541}}
{"target": 0.8711766816210912, "params": {"C": 38.816829712914995, "epsilon": 1.3251781417670512, "gamma": 0.12318449094293625}, "datetime": {"datetime": "2021-09-18 13:30:43", "elapsed": 3954.628642, "delta": 18.926598}}
{"target": 0.8484267090145956, "params": {"C": 84.02493233552923, "epsilon": 3.644734651769223, "gamma": 0.01208274789337168}, "datetime": {"datetime": "2021-09-18 13:30:53", "elapsed": 3964.217826, "delta": 9.589184}}
{"target": 0.579351320902801, "params": {"C": 86.58545372694796, "epsilon": 1.843180671254522, "gamma": 0.0001}, "datetime": {"datetime": "2021-09-18 13:31:08", "elapsed": 3979.068986, "delta": 14.85116}}
{"target": 0.5867964460021338, "params": {"C": 38.60594692323281, "epsilon": 1.088884662386074, "gamma": 0.7932557701925839}, "datetime": {"datetime": "2021-09-18 13:31:17", "elapsed": 3988.295197, "delta": 9.226211}}
{"target": -0.16092552092055734, "params": {"C": 68.3587158332828, "epsilon": 18.468008270958013, "gamma": 0.9253452026325365}, "datetime": {"datetime": "2021-09-18 13:31:26", "elapsed": 3997.720103, "delta": 9.424906}}
{"target": 0.6214274004520305, "params": {"C": 29.09335952109978, "epsilon": 3.103084699857474, "gamma": 0.5805244947930234}, "datetime": {"datetime": "2021-09-18 13:31:36", "elapsed": 4007.423387, "delta": 9.703284}}
{"target": 0.32695802860186673, "params": {"C": 39.475898735673226, "epsilon": 9.85421457077584, "gamma": 0.0001}, "datetime": {"datetime": "2021-09-18 13:31:46", "elapsed": 4017.377099, "delta": 9.953712}}
{"target": 0.13789202079155738, "params": {"C": 4.11859189243266, "epsilon": 10.495818916881264, "gamma": 0.9864538192838348}, "datetime": {"datetime": "2021-09-18 13:31:55", "elapsed": 4026.705111, "delta": 9.328012}}
{"target": 0.8481683225850445, "params": {"C": 99.9865419486004, "epsilon": 1.6630326545907723, "gamma": 0.006133322752167231}, "datetime": {"datetime": "2021-09-18 13:32:07", "elapsed": 4038.71842, "delta": 12.013309}}
{"target": 0.7596589767065511, "params": {"C": 99.43092436559462, "epsilon": 2.112923177900594, "gamma": 0.30461031944220823}, "datetime": {"datetime": "2021-09-18 13:32:17", "elapsed": 4048.715162, "delta": 9.996742}}
{"target": 0.8224092179756737, "params": {"C": 99.27842105069472, "epsilon": 0.8892140465472059, "gamma": 0.22487153977892388}, "datetime": {"datetime": "2021-09-18 13:32:32", "elapsed": 4063.399756, "delta": 14.684594}}
{"target": 0.5920100683660783, "params": {"C": 96.04651125272154, "epsilon": 1.5077468809957901, "gamma": 0.0001}, "datetime": {"datetime": "2021-09-18 13:32:46", "elapsed": 4077.535291, "delta": 14.135535}}
{"target": 0.2965521647785343, "params": {"C": 14.468774369092037, "epsilon": 3.157634473868136, "gamma": 0.0001}, "datetime": {"datetime": "2021-09-18 13:33:10", "elapsed": 4101.182815, "delta": 23.647524}}
{"target": 0.8191116011203631, "params": {"C": 95.19115136399151, "epsilon": 0.8746434683459883, "gamma": 0.23221642912884427}, "datetime": {"datetime": "2021-09-18 13:33:20", "elapsed": 4110.976818, "delta": 9.794003}}
{"target": 0.5914058127944606, "params": {"C": 96.03230538479414, "epsilon": 0.5050698969554868, "gamma": 0.0001}, "datetime": {"datetime": "2021-09-18 13:33:35", "elapsed": 4126.576867, "delta": 15.600049}}
{"target": 0.2090266749434243, "params": {"C": 7.01340526975336, "epsilon": 9.387403191560702, "gamma": 1.0}, "datetime": {"datetime": "2021-09-18 13:33:45", "elapsed": 4136.366806, "delta": 9.789939}}
{"target": 0.8184266519272476, "params": {"C": 14.154064281178846, "epsilon": 1.6258658116126843, "gamma": 0.15532264729547826}, "datetime": {"datetime": "2021-09-18 13:33:57", "elapsed": 4148.138409, "delta": 11.771603}}
{"target": 0.6619879466960001, "params": {"C": 85.7878829706519, "epsilon": 0.0001, "gamma": 0.606276401665783}, "datetime": {"datetime": "2021-09-18 13:34:09", "elapsed": 4160.310272, "delta": 12.171863}}
{"target": 0.8704416591311619, "params": {"C": 39.50330530191311, "epsilon": 1.701538332287672, "gamma": 0.021980645626464918}, "datetime": {"datetime": "2021-09-18 13:34:19", "elapsed": 4170.439001, "delta": 10.128729}}
{"target": 0.6686541310063068, "params": {"C": 95.79828115951383, "epsilon": 2.6175887147124173, "gamma": 0.48910121125721856}, "datetime": {"datetime": "2021-09-18 13:34:34", "elapsed": 4184.93214, "delta": 14.493139}}
{"target": 0.5878645940417428, "params": {"C": 53.33236780009348, "epsilon": 1.3255891449295563, "gamma": 0.7792032480923677}, "datetime": {"datetime": "2021-09-18 13:34:45", "elapsed": 4196.530583, "delta": 11.598443}}
{"target": -0.16082288433325131, "params": {"C": 49.337711016668784, "epsilon": 20.0, "gamma": 0.0001}, "datetime": {"datetime": "2021-09-18 13:35:00", "elapsed": 4211.384711, "delta": 14.854128}}
{"target": 0.9049246650005411, "params": {"C": 93.53431236440527, "epsilon": 0.4720416693661165, "gamma": 0.08196617542787098}, "datetime": {"datetime": "2021-09-18 13:35:09", "elapsed": 4220.236863, "delta": 8.852152}}
{"target": 0.17595419971180293, "params": {"C": 1.0021873972890467, "epsilon": 8.412368415812606, "gamma": 0.30514679205067785}, "datetime": {"datetime": "2021-09-18 13:35:22", "elapsed": 4233.169303, "delta": 12.93244}}
{"target": -0.00033143327614149065, "params": {"C": 97.2746859606358, "epsilon": 14.605367619697457, "gamma": 0.8269773472424581}, "datetime": {"datetime": "2021-09-18 13:35:32", "elapsed": 4243.779802, "delta": 10.610499}}
{"target": 0.152231752557478, "params": {"C": 17.935477282581925, "epsilon": 13.227641071596567, "gamma": 0.0001}, "datetime": {"datetime": "2021-09-18 13:35:43", "elapsed": 4254.746163, "delta": 10.966361}}
{"target": 0.4084264351182644, "params": {"C": 27.352163278374405, "epsilon": 5.853408239990781, "gamma": 1.0}, "datetime": {"datetime": "2021-09-18 13:35:53", "elapsed": 4264.041617, "delta": 9.295454}}
{"target": 0.0745345174655292, "params": {"C": 2.850478059927217, "epsilon": 1.4996527537558129, "gamma": 0.0001}, "datetime": {"datetime": "2021-09-18 13:36:01", "elapsed": 4272.26495, "delta": 8.223333}}
{"target": 0.6592148816380246, "params": {"C": 1.4504314410797678, "epsilon": 1.285560316845568, "gamma": 0.02046229475990109}, "datetime": {"datetime": "2021-09-18 13:36:09", "elapsed": 4280.516094, "delta": 8.251144}}
{"target": 0.4460460156330617, "params": {"C": 53.90644570311792, "epsilon": 6.517788098173476, "gamma": 0.7520081141080255}, "datetime": {"datetime": "2021-09-18 13:36:18", "elapsed": 4288.98913, "delta": 8.473036}}
{"target": 0.9075947744222834, "params": {"C": 90.19492300168736, "epsilon": 0.7165422465727975, "gamma": 0.04514926112401244}, "datetime": {"datetime": "2021-09-18 13:36:34", "elapsed": 4305.37753, "delta": 16.3884}}
{"target": 0.31590158987604167, "params": {"C": 46.424975100960836, "epsilon": 10.452291634911502, "gamma": 0.0001}, "datetime": {"datetime": "2021-09-18 13:36:52", "elapsed": 4322.791555, "delta": 17.414025}}
{"target": 0.8494145769260701, "params": {"C": 87.36771072493188, "epsilon": 0.15032794753540246, "gamma": 0.00477752948732683}, "datetime": {"datetime": "2021-09-18 13:37:03", "elapsed": 4334.718993, "delta": 11.927438}}
{"target": 0.5825653985967432, "params": {"C": 90.51012215286936, "epsilon": 1.2439843025137283, "gamma": 0.0001}, "datetime": {"datetime": "2021-09-18 13:37:13", "elapsed": 4344.005053, "delta": 9.28606}}
{"target": 0.816506583623781, "params": {"C": 59.50991505046587, "epsilon": 1.0986030900932553, "gamma": 0.0032783369596536154}, "datetime": {"datetime": "2021-09-18 13:37:27", "elapsed": 4358.444769, "delta": 14.439716}}
{"target": 0.9066927812423721, "params": {"C": 79.19154032918019, "epsilon": 0.7259180035733149, "gamma": 0.05001143748173449}, "datetime": {"datetime": "2021-09-18 14:03:44", "elapsed": 0.0, "delta": 0.0}}
{"target": 0.9092559340299091, "params": {"C": 71.16328008422879, "epsilon": 0.16382077300077078, "gamma": 0.059233859476879785}, "datetime": {"datetime": "2021-09-18 14:03:44", "elapsed": 0.092033, "delta": 0.092033}}
{"target": 0.9001089296780516, "params": {"C": 63.03821479643696, "epsilon": 0.3586495125021868, "gamma": 0.089676747423067}, "datetime": {"datetime": "2021-09-18 14:03:44", "elapsed": 0.13804, "delta": 0.046007}}
{"target": 0.8899557551390145, "params": {"C": 87.71717138023499, "epsilon": 0.4308106241152289, "gamma": 0.11852195003967594}, "datetime": {"datetime": "2021-09-18 14:03:44", "elapsed": 0.18904, "delta": 0.051}}
{"target": 0.9023906677397153, "params": {"C": 64.31165748120623, "epsilon": 0.8805550876631265, "gamma": 0.05273875931979262}, "datetime": {"datetime": "2021-09-18 14:03:44", "elapsed": 0.229925, "delta": 0.040885}}
{"target": 0.895779679317689, "params": {"C": 96.93272571248815, "epsilon": 0.42895870631978444, "gamma": 0.10586898284457516}, "datetime": {"datetime": "2021-09-18 14:03:44", "elapsed": 0.287928, "delta": 0.058003}}
{"target": 0.9098629425960495, "params": {"C": 120.0, "epsilon": 1.0, "gamma": 0.05}, "datetime": {"datetime": "2021-09-18 14:03:44", "elapsed": 0.47819, "delta": 0.190262}}
{"target": 0.8776676609785313, "params": {"C": 112.62069161086225, "epsilon": 0.02, "gamma": 0.15}, "datetime": {"datetime": "2021-09-18 14:03:45", "elapsed": 0.724191, "delta": 0.246001}}
{"target": 0.8622630295152318, "params": {"C": 74.97405274802117, "epsilon": 1.0, "gamma": 0.15}, "datetime": {"datetime": "2021-09-18 14:03:45", "elapsed": 0.904415, "delta": 0.180224}}
{"target": 0.8888085420912055, "params": {"C": 118.59199797929713, "epsilon": 0.1782275862843579, "gamma": 0.12731621045829178}, "datetime": {"datetime": "2021-09-18 14:03:45", "elapsed": 1.192426, "delta": 0.288011}}
{"target": 0.8968469840324643, "params": {"C": 70.51129221585695, "epsilon": 0.61616760497413, "gamma": 0.09846946613928267}, "datetime": {"datetime": "2021-09-18 14:03:45", "elapsed": 1.459431, "delta": 0.267005}}
{"target": 0.8896441843865944, "params": {"C": 72.05192925349256, "epsilon": 0.24183289480403256, "gamma": 0.1200612639108007}, "datetime": {"datetime": "2021-09-18 14:03:46", "elapsed": 1.669467, "delta": 0.210036}}
{"target": 0.8927313619773685, "params": {"C": 119.75063201049568, "epsilon": 0.8360754947267203, "gamma": 0.103893749687642}, "datetime": {"datetime": "2021-09-18 14:03:46", "elapsed": 1.829109, "delta": 0.159642}}
{"target": 0.8659200000231697, "params": {"C": 84.21129060123972, "epsilon": 0.8443551002576285, "gamma": 0.1479068438364577}, "datetime": {"datetime": "2021-09-18 14:03:46", "elapsed": 1.928145, "delta": 0.099036}}
{"target": 0.9084121990990636, "params": {"C": 71.06854636479176, "epsilon": 0.30659340162540405, "gamma": 0.06448317781029377}, "datetime": {"datetime": "2021-09-18 14:03:46", "elapsed": 2.049145, "delta": 0.121}}
