{"target": -2.026763735717799, "params": {"C": 58.62032131366446, "epsilon": 0.02619107880014887, "gamma": 0.04197438668709398}, "datetime": {"datetime": "2021-09-18 11:56:53", "elapsed": 329.537152, "delta": 1.269531}}
{"target": -1.9340003031674389, "params": {"C": 93.01401941896185, "epsilon": 0.06662952592575141, "gamma": 0.05482473352541143}, "datetime": {"datetime": "2021-09-18 11:56:56", "elapsed": 331.583052, "delta": 2.0459}}
{"target": -1.9809864568856268, "params": {"C": 54.83540271379575, "epsilon": 0.20808228033437529, "gamma": 0.05746007995773553}, "datetime": {"datetime": "2021-09-18 11:56:57", "elapsed": 332.78631, "delta": 1.203258}}
{"target": -2.0218849691245886, "params": {"C": 63.38406223763027, "epsilon": 0.23485776046377635, "gamma": 0.04380065218776297}, "datetime": {"datetime": "2021-09-18 11:56:58", "elapsed": 334.116889, "delta": 1.330579}}
{"target": -1.9492155864061316, "params": {"C": 91.95421225649977, "epsilon": 0.0640090797559707, "gamma": 0.06560735835235326}, "datetime": {"datetime": "2021-09-18 11:56:59", "elapsed": 335.413772, "delta": 1.296883}}
{"target": -1.9517667365095412, "params": {"C": 78.7820588481884, "epsilon": 0.19747386583190962, "gamma": 0.0564759493485803}, "datetime": {"datetime": "2021-09-18 11:57:01", "elapsed": 336.828899, "delta": 1.415127}}
{"target": -1.9470868231030345, "params": {"C": 93.06366935772128, "epsilon": 0.07834757458098673, "gamma": 0.04983077216520896}, "datetime": {"datetime": "2021-09-18 11:57:03", "elapsed": 339.042418, "delta": 2.213519}}
{"target": -1.9638799987188909, "params": {"C": 96.06326869781728, "epsilon": 0.16029431950769174, "gamma": 0.04433049387548492}, "datetime": {"datetime": "2021-09-18 11:57:04", "elapsed": 340.507459, "delta": 1.465041}}
{"target": -1.9778378355776602, "params": {"C": 91.9558662756422, "epsilon": 0.07111575060214868, "gamma": 0.04267246124136456}, "datetime": {"datetime": "2021-09-18 11:57:07", "elapsed": 343.009901, "delta": 2.502442}}
{"target": -1.9728623547176958, "params": {"C": 98.38802280011542, "epsilon": 0.025539856742004388, "gamma": 0.07}, "datetime": {"datetime": "2021-09-18 11:57:09", "elapsed": 345.016148, "delta": 2.006247}}
{"target": -1.9508739112457358, "params": {"C": 93.00030709833844, "epsilon": 0.07134626849903637, "gamma": 0.04791460715784912}, "datetime": {"datetime": "2021-09-18 11:57:11", "elapsed": 346.935037, "delta": 1.918889}}
{"target": -1.9654080952581088, "params": {"C": 75.33650615350291, "epsilon": 0.04739467521540591, "gamma": 0.04789487559721081}, "datetime": {"datetime": "2021-09-18 11:57:12", "elapsed": 348.37277, "delta": 1.437733}}
{"target": -1.9501034549179443, "params": {"C": 98.3694903112345, "epsilon": 0.007300712798930081, "gamma": 0.044921334752771394}, "datetime": {"datetime": "2021-09-18 11:57:14", "elapsed": 350.418009, "delta": 2.045239}}
{"target": -1.9468299019750657, "params": {"C": 56.69703400853879, "epsilon": 0.03420966961080965, "gamma": 0.06747538009359716}, "datetime": {"datetime": "2021-09-18 11:57:17", "elapsed": 353.16496, "delta": 2.746951}}
{"target": -1.9503653609497578, "params": {"C": 93.0001059721669, "epsilon": 0.0707914333473848, "gamma": 0.04818210813884836}, "datetime": {"datetime": "2021-09-18 11:57:18", "elapsed": 354.52883, "delta": 1.36387}}
{"target": -1.923215901201922, "params": {"C": 91.94460312672467, "epsilon": 0.005069912314408077, "gamma": 0.053695263767328846}, "datetime": {"datetime": "2021-09-18 11:57:21", "elapsed": 356.676764, "delta": 2.147934}}
{"target": -1.949857973459785, "params": {"C": 61.51224156759556, "epsilon": 0.02277329673996894, "gamma": 0.05520250939612174}, "datetime": {"datetime": "2021-09-18 11:57:23", "elapsed": 358.627596, "delta": 1.950832}}
{"target": -2.0238398819721874, "params": {"C": 56.72778385880354, "epsilon": 0.4482138187352148, "gamma": 0.06882405255619745}, "datetime": {"datetime": "2021-09-18 11:57:24", "elapsed": 360.039177, "delta": 1.411581}}
{"target": -1.9452512314393748, "params": {"C": 93.0088014419184, "epsilon": 0.049755655124570974, "gamma": 0.06250943570059361}, "datetime": {"datetime": "2021-09-18 11:57:26", "elapsed": 362.192984, "delta": 2.153807}}
{"target": -1.952922618914215, "params": {"C": 99.63448978215476, "epsilon": 0.08332505961467271, "gamma": 0.04628279807468929}, "datetime": {"datetime": "2021-09-18 11:57:29", "elapsed": 365.361611, "delta": 3.168627}}
{"target": -1.9478542484926529, "params": {"C": 93.02190410871711, "epsilon": 0.053340635008635055, "gamma": 0.048350394663740234}, "datetime": {"datetime": "2021-09-18 11:57:31", "elapsed": 367.555858, "delta": 2.194247}}
{"target": -1.9785191005158758, "params": {"C": 63.24389006616475, "epsilon": 0.1998924540433815, "gamma": 0.06790634500419318}, "datetime": {"datetime": "2021-09-18 11:57:33", "elapsed": 368.952475, "delta": 1.396617}}
{"target": -1.9347710715217854, "params": {"C": 61.48686451983142, "epsilon": 0.026751428088149933, "gamma": 0.06090074691725628}, "datetime": {"datetime": "2021-09-18 11:57:37", "elapsed": 372.584958, "delta": 3.632483}}
{"target": -2.030105110754861, "params": {"C": 61.627391241301964, "epsilon": 0.4010075649443765, "gamma": 0.044087724880571035}, "datetime": {"datetime": "2021-09-18 11:57:38", "elapsed": 374.028343, "delta": 1.443385}}
{"target": -1.9226865326664269, "params": {"C": 81.53141749855422, "epsilon": 0.012281008460575227, "gamma": 0.058907236045295824}, "datetime": {"datetime": "2021-09-18 11:57:41", "elapsed": 376.907979, "delta": 2.879636}}
{"target": -1.9538227027779929, "params": {"C": 92.13824291298485, "epsilon": 0.07024136291225289, "gamma": 0.04569598267094687}, "datetime": {"datetime": "2021-09-18 11:57:43", "elapsed": 378.880495, "delta": 1.972516}}
{"target": -1.9462932144057927, "params": {"C": 61.477781938991264, "epsilon": 0.010382288771566602, "gamma": 0.06906019079473613}, "datetime": {"datetime": "2021-09-18 11:57:46", "elapsed": 382.008971, "delta": 3.128476}}
{"target": -1.9563653604975555, "params": {"C": 99.7040393936332, "epsilon": 0.12317826580439041, "gamma": 0.04712270668441577}, "datetime": {"datetime": "2021-09-18 11:57:48", "elapsed": 384.168699, "delta": 2.159728}}
{"target": -2.001348339342692, "params": {"C": 91.94821905140114, "epsilon": 0.003661045175596374, "gamma": 0.04007462154625209}, "datetime": {"datetime": "2021-09-18 11:57:51", "elapsed": 386.847751, "delta": 2.679052}}
{"target": -1.9695876766955671, "params": {"C": 64.77882208813801, "epsilon": 0.1308502700674002, "gamma": 0.06980158903904346}, "datetime": {"datetime": "2021-09-18 11:57:54", "elapsed": 389.812645, "delta": 2.964894}}
{"target": -1.9598461926474564, "params": {"C": 77.67735040710468, "epsilon": 0.0342826419037925, "gamma": 0.0693874777708301}, "datetime": {"datetime": "2021-09-18 11:57:56", "elapsed": 392.334445, "delta": 2.5218}}
{"target": -1.9558625414923967, "params": {"C": 81.55222812054184, "epsilon": 0.04001470349741688, "gamma": 0.06784512172927518}, "datetime": {"datetime": "2021-09-18 11:57:59", "elapsed": 395.24979, "delta": 2.915345}}
{"target": -1.9472334310142325, "params": {"C": 61.49430863614454, "epsilon": 0.035052571128376744, "gamma": 0.06766943239647703}, "datetime": {"datetime": "2021-09-18 11:58:02", "elapsed": 398.093955, "delta": 2.844165}}
{"target": -1.9629647946350537, "params": {"C": 73.81915604846472, "epsilon": 0.041675643081480654, "gamma": 0.06997706151207726}, "datetime": {"datetime": "2021-09-18 11:58:07", "elapsed": 403.057953, "delta": 4.963998}}
{"target": -1.9486161626423157, "params": {"C": 68.0900225110937, "epsilon": 0.1193054356015114, "gamma": 0.06179751289887711}, "datetime": {"datetime": "2021-09-18 11:58:08", "elapsed": 404.571217, "delta": 1.513264}}
{"target": -1.9444236375758384, "params": {"C": 91.9372841553483, "epsilon": 0.01503386878141999, "gamma": 0.06447556258385681}, "datetime": {"datetime": "2021-09-18 11:58:12", "elapsed": 407.899769, "delta": 3.328552}}
{"target": -1.9447640124160126, "params": {"C": 56.679309408145066, "epsilon": 0.020595561930756276, "gamma": 0.06169288113447649}, "datetime": {"datetime": "2021-09-18 11:58:16", "elapsed": 411.783495, "delta": 3.883726}}
{"target": -2.0185273424201595, "params": {"C": 61.50487445842232, "epsilon": 0.035105193527478894, "gamma": 0.04274049336011546}, "datetime": {"datetime": "2021-09-18 11:58:18", "elapsed": 414.234357, "delta": 2.450862}}
{"target": -1.9943038240003366, "params": {"C": 94.0938513280058, "epsilon": 0.07204566558742853, "gamma": 0.04}, "datetime": {"datetime": "2021-09-18 11:58:21", "elapsed": 416.79535, "delta": 2.560993}}
{"target": -1.944949288308225, "params": {"C": 61.528715433844845, "epsilon": 0.003182324633594316, "gamma": 0.05564492645641766}, "datetime": {"datetime": "2021-09-18 11:58:23", "elapsed": 419.072119, "delta": 2.276769}}
{"target": -1.9230614516973559, "params": {"C": 75.3477319269392, "epsilon": 0.01906379653779968, "gamma": 0.05844964747426372}, "datetime": {"datetime": "2021-09-18 11:58:27", "elapsed": 423.008918, "delta": 3.936799}}
{"target": -1.9466507329835647, "params": {"C": 61.48672439700343, "epsilon": 0.009686405362618757, "gamma": 0.05550424543584476}, "datetime": {"datetime": "2021-09-18 11:58:30", "elapsed": 426.099726, "delta": 3.090808}}
{"target": -1.9725027364662175, "params": {"C": 72.48489139906292, "epsilon": 0.303221106984769, "gamma": 0.050686804674094005}, "datetime": {"datetime": "2021-09-18 11:58:32", "elapsed": 427.709258, "delta": 1.609532}}
{"target": -1.9520603426423122, "params": {"C": 75.33734453161263, "epsilon": 0.026752837049622342, "gamma": 0.06787914146020695}, "datetime": {"datetime": "2021-09-18 11:58:34", "elapsed": 430.282748, "delta": 2.57349}}
{"target": -1.9522657132602046, "params": {"C": 94.11189858151634, "epsilon": 0.09116835150263607, "gamma": 0.06590160822463109}, "datetime": {"datetime": "2021-09-18 11:58:37", "elapsed": 433.490313, "delta": 3.207565}}
{"target": -1.9398205503264159, "params": {"C": 61.53550570133425, "epsilon": 0.031035835317679082, "gamma": 0.06534342405750149}, "datetime": {"datetime": "2021-09-18 11:58:40", "elapsed": 435.611329, "delta": 2.121016}}
{"target": -1.9346515902694938, "params": {"C": 81.52177633245347, "epsilon": 0.022699106924326078, "gamma": 0.05291870859775305}, "datetime": {"datetime": "2021-09-18 11:58:43", "elapsed": 438.948789, "delta": 3.33746}}
{"target": -1.954888248333075, "params": {"C": 61.46368896379305, "epsilon": 0.022087303604723323, "gamma": 0.0539533191382783}, "datetime": {"datetime": "2021-09-18 11:58:48", "elapsed": 444.399725, "delta": 5.450936}}
{"target": -1.996827973574759, "params": {"C": 77.22696140666284, "epsilon": 0.36674996115004826, "gamma": 0.04645563454628829}, "datetime": {"datetime": "2021-09-18 11:58:50", "elapsed": 445.991328, "delta": 1.591603}}
{"target": -2.0076675527943606, "params": {"C": 56.693014925976996, "epsilon": 0.02720268079019692, "gamma": 0.047517653516208}, "datetime": {"datetime": "2021-09-18 11:58:52", "elapsed": 448.404895, "delta": 2.413567}}
{"target": -1.9479433432096704, "params": {"C": 93.04533077191232, "epsilon": 0.11244076864153081, "gamma": 0.06069470906380322}, "datetime": {"datetime": "2021-09-18 11:58:55", "elapsed": 450.709276, "delta": 2.304381}}
{"target": -1.9778149902459292, "params": {"C": 76.91993206678043, "epsilon": 0.3650269951253564, "gamma": 0.06416440351363717}, "datetime": {"datetime": "2021-09-18 11:58:56", "elapsed": 452.357976, "delta": 1.6487}}
{"target": -1.9575054320611145, "params": {"C": 97.83963903626736, "epsilon": 0.04661383433986263, "gamma": 0.06684451832240633}, "datetime": {"datetime": "2021-09-18 11:58:58", "elapsed": 454.120434, "delta": 1.762458}}
{"target": -1.944738917241902, "params": {"C": 81.54677497887425, "epsilon": 0.019763362828858377, "gamma": 0.06576672241068136}, "datetime": {"datetime": "2021-09-18 11:59:01", "elapsed": 457.165836, "delta": 3.045402}}
{"target": -2.007643383675601, "params": {"C": 61.541392311018086, "epsilon": 0.029497964744236688, "gamma": 0.04599983265238614}, "datetime": {"datetime": "2021-09-18 11:59:06", "elapsed": 461.967401, "delta": 4.801565}}
{"target": -1.9470107587036918, "params": {"C": 98.35175723777215, "epsilon": 0.025681863891948473, "gamma": 0.06452147668644104}, "datetime": {"datetime": "2021-09-18 11:59:09", "elapsed": 464.886854, "delta": 2.919453}}
{"target": -1.990564335573047, "params": {"C": 75.34654018554198, "epsilon": 0.004652173466018525, "gamma": 0.04528963173694141}, "datetime": {"datetime": "2021-09-18 11:59:12", "elapsed": 468.425298, "delta": 3.538444}}
{"target": -1.9471774240746396, "params": {"C": 87.21792486301348, "epsilon": 0.04198361901966967, "gamma": 0.06379005779468322}, "datetime": {"datetime": "2021-09-18 11:59:14", "elapsed": 470.137254, "delta": 1.711956}}
{"target": -1.9418079353077775, "params": {"C": 98.55920352513184, "epsilon": 0.15460681464029893, "gamma": 0.05704038081300157}, "datetime": {"datetime": "2021-09-18 11:59:18", "elapsed": 474.501257, "delta": 4.364003}}
{"target": -1.9913555203834215, "params": {"C": 98.54956883811059, "epsilon": 0.16449726583170426, "gamma": 0.06919121911065054}, "datetime": {"datetime": "2021-09-18 11:59:22", "elapsed": 477.763018, "delta": 3.261761}}
{"target": -1.9504987570730021, "params": {"C": 81.52001019890997, "epsilon": 0.006642747323606081, "gamma": 0.04796336811313217}, "datetime": {"datetime": "2021-09-18 11:59:26", "elapsed": 481.687778, "delta": 3.92476}}
{"target": -1.980845644573383, "params": {"C": 98.5559290624577, "epsilon": 0.15294064373081204, "gamma": 0.04022504424099809}, "datetime": {"datetime": "2021-09-18 11:59:31", "elapsed": 487.138684, "delta": 5.450906}}
{"target": -1.9910885801128957, "params": {"C": 86.73357790259013, "epsilon": 0.44067088512064845, "gamma": 0.046007917816488546}, "datetime": {"datetime": "2021-09-18 11:59:33", "elapsed": 489.033281, "delta": 1.894597}}
{"target": -1.9392334734283792, "params": {"C": 56.66987950158375, "epsilon": 0.007540272495958604, "gamma": 0.06545854908029022}, "datetime": {"datetime": "2021-09-18 11:59:36", "elapsed": 492.205874, "delta": 3.172593}}
{"target": -1.9530431594828106, "params": {"C": 61.52054597105343, "epsilon": 0.01734545593469212, "gamma": 0.07}, "datetime": {"datetime": "2021-09-18 11:59:39", "elapsed": 495.241984, "delta": 3.03611}}
{"target": -2.0147523296389034, "params": {"C": 77.98815558574267, "epsilon": 0.24074141127332707, "gamma": 0.040918879871395954}, "datetime": {"datetime": "2021-09-18 11:59:41", "elapsed": 496.984705, "delta": 1.742721}}
{"target": -1.9642134874515016, "params": {"C": 80.10654803180978, "epsilon": 0.1344213623928845, "gamma": 0.06938705669476308}, "datetime": {"datetime": "2021-09-18 11:59:45", "elapsed": 500.59293, "delta": 3.608225}}
{"target": -1.9659053898128587, "params": {"C": 73.45799355840623, "epsilon": 0.16220317075829047, "gamma": 0.05075931227467975}, "datetime": {"datetime": "2021-09-18 11:59:46", "elapsed": 502.342683, "delta": 1.749753}}
{"target": -1.9456819906440472, "params": {"C": 81.51988521077811, "epsilon": 0.015065619087704608, "gamma": 0.06633776668991087}, "datetime": {"datetime": "2021-09-18 11:59:50", "elapsed": 506.189206, "delta": 3.846523}}
{"target": -1.9581444017160146, "params": {"C": 61.53705983268006, "epsilon": 0.04491442313313542, "gamma": 0.06951959328044753}, "datetime": {"datetime": "2021-09-18 11:59:54", "elapsed": 509.898509, "delta": 3.709303}}
{"target": -1.9692350668814997, "params": {"C": 88.1668263711667, "epsilon": 0.37652588214415034, "gamma": 0.05626659376072614}, "datetime": {"datetime": "2021-09-18 11:59:56", "elapsed": 511.631126, "delta": 1.732617}}
{"target": -1.949296425335777, "params": {"C": 66.3036247039711, "epsilon": 0.1320622440526481, "gamma": 0.05735866088401592}, "datetime": {"datetime": "2021-09-18 11:59:57", "elapsed": 513.472939, "delta": 1.841813}}
{"target": -1.934756269767459, "params": {"C": 92.1526183678588, "epsilon": 0.031771609188066645, "gamma": 0.05156321406383563}, "datetime": {"datetime": "2021-09-18 12:00:00", "elapsed": 516.394752, "delta": 2.921813}}
{"target": -1.990105672575988, "params": {"C": 94.8531600901735, "epsilon": 0.3876561204731573, "gamma": 0.04335347963080566}, "datetime": {"datetime": "2021-09-18 12:00:02", "elapsed": 518.411099, "delta": 2.016347}}
{"target": -1.9226728132114848, "params": {"C": 92.17186426125679, "epsilon": 0.01297344047887411, "gamma": 0.055028210720390394}, "datetime": {"datetime": "2021-09-18 12:00:06", "elapsed": 522.30947, "delta": 3.898371}}
{"target": -1.9440507658641955, "params": {"C": 92.18191102283177, "epsilon": 0.024625978334719544, "gamma": 0.06412657225339774}, "datetime": {"datetime": "2021-09-18 12:00:10", "elapsed": 526.106632, "delta": 3.797162}}
{"target": -1.968556154309917, "params": {"C": 82.08398599692471, "epsilon": 0.1138810347659436, "gamma": 0.04586620562338887}, "datetime": {"datetime": "2021-09-18 12:00:12", "elapsed": 527.856009, "delta": 1.749377}}
{"target": -1.9781071566170052, "params": {"C": 98.78245715651661, "epsilon": 0.0862193442009475, "gamma": 0.0696010732934521}, "datetime": {"datetime": "2021-09-18 12:00:14", "elapsed": 529.946564, "delta": 2.090555}}
{"target": -1.9602812785710635, "params": {"C": 68.25473399774, "epsilon": 0.06728748966876301, "gamma": 0.06850138110518103}, "datetime": {"datetime": "2021-09-18 12:00:16", "elapsed": 531.886292, "delta": 1.939728}}
{"target": -2.035417734279775, "params": {"C": 55.898028513739206, "epsilon": 0.37362307335313183, "gamma": 0.04463738292066742}, "datetime": {"datetime": "2021-09-18 12:00:18", "elapsed": 533.833242, "delta": 1.94695}}
{"target": -1.991307790726925, "params": {"C": 91.89936679842887, "epsilon": 0.36102557990396206, "gamma": 0.06625522162503258}, "datetime": {"datetime": "2021-09-18 12:00:19", "elapsed": 535.575118, "delta": 1.741876}}
{"target": -1.930739306985078, "params": {"C": 92.17690401619637, "epsilon": 0.04384090104937281, "gamma": 0.055891105575149105}, "datetime": {"datetime": "2021-09-18 12:00:22", "elapsed": 538.178913, "delta": 2.603795}}
{"target": -2.0040394171075406, "params": {"C": 78.69415979483453, "epsilon": 0.11612031561816501, "gamma": 0.04207665336403791}, "datetime": {"datetime": "2021-09-18 12:00:24", "elapsed": 540.212559, "delta": 2.033646}}
{"target": -1.9922948435254508, "params": {"C": 92.16283575935302, "epsilon": 0.021269005232574266, "gamma": 0.04159139530024586}, "datetime": {"datetime": "2021-09-18 12:00:29", "elapsed": 545.036544, "delta": 4.823985}}
{"target": -1.9714941462169198, "params": {"C": 98.34882799351118, "epsilon": 0.023769496759703225, "gamma": 0.04230537146840438}, "datetime": {"datetime": "2021-09-18 12:00:36", "elapsed": 552.136197, "delta": 7.099653}}
{"target": -1.9714508155180965, "params": {"C": 88.72469576284709, "epsilon": 0.11744378207565209, "gamma": 0.0438704789071424}, "datetime": {"datetime": "2021-09-18 12:00:38", "elapsed": 553.993865, "delta": 1.857668}}
{"target": -1.945937466571669, "params": {"C": 75.69761456448072, "epsilon": 0.0725866170572481, "gamma": 0.052513774321606005}, "datetime": {"datetime": "2021-09-18 12:00:40", "elapsed": 555.948046, "delta": 1.954181}}
{"target": -1.9456881105769213, "params": {"C": 92.18380358709994, "epsilon": 0.06419483931096538, "gamma": 0.06358402881042015}, "datetime": {"datetime": "2021-09-18 12:00:43", "elapsed": 559.577067, "delta": 3.629021}}
{"target": -1.9615427232064064, "params": {"C": 75.0689494365455, "epsilon": 0.3140244755425315, "gamma": 0.055571009053677234}, "datetime": {"datetime": "2021-09-18 12:00:45", "elapsed": 561.465081, "delta": 1.888014}}
{"target": -1.9394337208152816, "params": {"C": 92.15671800208035, "epsilon": 0.06518415631005603, "gamma": 0.058802551898177624}, "datetime": {"datetime": "2021-09-18 12:00:48", "elapsed": 564.229515, "delta": 2.764434}}
{"target": -1.9691016358183497, "params": {"C": 61.69805389435865, "epsilon": 0.1885507057579336, "gamma": 0.05613005275342028}, "datetime": {"datetime": "2021-09-18 12:00:50", "elapsed": 566.106116, "delta": 1.876601}}
{"target": -1.9350597556959606, "params": {"C": 92.16555283473727, "epsilon": 0.018799605669564068, "gamma": 0.06025122274482527}, "datetime": {"datetime": "2021-09-18 12:00:54", "elapsed": 570.072907, "delta": 3.966791}}
{"target": -1.9485883700022704, "params": {"C": 98.55616625684634, "epsilon": 0.13710501853071233, "gamma": 0.06325403682384913}, "datetime": {"datetime": "2021-09-18 12:00:57", "elapsed": 572.738321, "delta": 2.665414}}
{"target": -1.926242812725729, "params": {"C": 91.92858684707127, "epsilon": 0.003616064523158915, "gamma": 0.05808087435250957}, "datetime": {"datetime": "2021-09-18 12:01:00", "elapsed": 575.639541, "delta": 2.90122}}
{"target": -1.9481279990514988, "params": {"C": 92.15445623405579, "epsilon": 0.026643301005472887, "gamma": 0.06565373561254446}, "datetime": {"datetime": "2021-09-18 12:01:02", "elapsed": 578.501646, "delta": 2.862105}}
{"target": -1.961598067331092, "params": {"C": 63.9848119701919, "epsilon": 0.0647110897312771, "gamma": 0.052403640933219364}, "datetime": {"datetime": "2021-09-18 12:01:05", "elapsed": 581.191741, "delta": 2.690095}}
{"target": -1.953916977738769, "params": {"C": 98.9719700230954, "epsilon": 0.10236748348536462, "gamma": 0.04747463981979169}, "datetime": {"datetime": "2021-09-18 12:01:10", "elapsed": 585.690524, "delta": 4.498783}}
{"target": -1.9791539937540719, "params": {"C": 80.10626280496417, "epsilon": 0.14487392367118188, "gamma": 0.04545878106535063}, "datetime": {"datetime": "2021-09-18 12:01:14", "elapsed": 589.675966, "delta": 3.985442}}
{"target": -1.9600361946664517, "params": {"C": 75.36700270471472, "epsilon": 0.024909637911358334, "gamma": 0.04853420040722096}, "datetime": {"datetime": "2021-09-18 12:01:17", "elapsed": 593.37964, "delta": 3.703674}}
