{"target": -1.9533743494421352, "params": {"C": 198.87995195934377, "epsilon": 0.2589722403293436, "gamma": 0.035844134691943995}, "datetime": {"datetime": "2021-09-19 09:20:53", "elapsed": 158.931763, "delta": 1.038813}}
{"target": -2.1936638490261555, "params": {"C": 198.8831673923304, "epsilon": 0.2780179126578951, "gamma": 0.09015246078678492}, "datetime": {"datetime": "2021-09-19 09:20:55", "elapsed": 160.343195, "delta": 1.411432}}
{"target": -1.9490296538040501, "params": {"C": 186.34750563224813, "epsilon": 0.2499878501647133, "gamma": 0.028963202382745443}, "datetime": {"datetime": "2021-09-19 09:20:56", "elapsed": 161.626155, "delta": 1.28296}}
{"target": -2.0747711690307065, "params": {"C": 134.7199077829508, "epsilon": 0.2510083894361811, "gamma": 0.07447326534406343}, "datetime": {"datetime": "2021-09-19 09:20:58", "elapsed": 163.247132, "delta": 1.620977}}
{"target": -2.0686880036849806, "params": {"C": 174.9632475467544, "epsilon": 0.14385615310306582, "gamma": 0.02}, "datetime": {"datetime": "2021-09-19 09:20:59", "elapsed": 164.777658, "delta": 1.530526}}
{"target": -1.9569940593080961, "params": {"C": 193.29505161109205, "epsilon": 0.1535841435416277, "gamma": 0.04049005182944724}, "datetime": {"datetime": "2021-09-19 09:21:01", "elapsed": 166.340805, "delta": 1.563147}}
{"target": -2.174338592382679, "params": {"C": 112.42675012898734, "epsilon": 0.29801253942840905, "gamma": 0.09489316573097209}, "datetime": {"datetime": "2021-09-19 09:21:02", "elapsed": 167.569789, "delta": 1.228984}}
{"target": -2.0499718378172807, "params": {"C": 166.780822637352, "epsilon": 0.17525378897942462, "gamma": 0.0211448355618131}, "datetime": {"datetime": "2021-09-19 09:21:04", "elapsed": 169.116121, "delta": 1.546332}}
{"target": -1.9620707644318325, "params": {"C": 135.45546339033098, "epsilon": 0.09623252014521892, "gamma": 0.0394526500998222}, "datetime": {"datetime": "2021-09-19 09:21:04", "elapsed": 169.953121, "delta": 0.837}}
{"target": -2.0945104456475234, "params": {"C": 197.1629664285478, "epsilon": 0.2124232264437846, "gamma": 0.07062066693751634}, "datetime": {"datetime": "2021-09-19 09:21:05", "elapsed": 170.852124, "delta": 0.899003}}
{"target": -2.0265300475395835, "params": {"C": 118.03114009140978, "epsilon": 0.14927308534481815, "gamma": 0.07388717714608745}, "datetime": {"datetime": "2021-09-19 09:21:07", "elapsed": 172.293123, "delta": 1.440999}}
{"target": -1.9518804443736588, "params": {"C": 198.86329253744043, "epsilon": 0.2147676235286883, "gamma": 0.04015783631336893}, "datetime": {"datetime": "2021-09-19 09:21:08", "elapsed": 173.595076, "delta": 1.301953}}
{"target": -2.2903926194698236, "params": {"C": 152.61974970230995, "epsilon": 0.13826427876386668, "gamma": 0.11334795569582042}, "datetime": {"datetime": "2021-09-19 09:21:09", "elapsed": 174.4963, "delta": 0.901224}}
{"target": -2.0677899871157046, "params": {"C": 189.3750925983779, "epsilon": 0.002, "gamma": 0.02}, "datetime": {"datetime": "2021-09-19 09:21:10", "elapsed": 175.676927, "delta": 1.180627}}
{"target": -2.021769448727567, "params": {"C": 118.10679178077612, "epsilon": 0.10111903474072988, "gamma": 0.028864211233852737}, "datetime": {"datetime": "2021-09-19 09:21:12", "elapsed": 177.24563, "delta": 1.568703}}
{"target": -1.98411948733696, "params": {"C": 141.10937765028112, "epsilon": 0.14877002915712134, "gamma": 0.061471326108096636}, "datetime": {"datetime": "2021-09-19 09:21:13", "elapsed": 178.105882, "delta": 0.860252}}
{"target": -1.987950966784167, "params": {"C": 197.30704552943595, "epsilon": 0.0848091583344356, "gamma": 0.03234480012062374}, "datetime": {"datetime": "2021-09-19 09:21:13", "elapsed": 179.012134, "delta": 0.906252}}
{"target": -2.085211222909275, "params": {"C": 148.5057187983165, "epsilon": 0.10194340642748076, "gamma": 0.02063496386197814}, "datetime": {"datetime": "2021-09-19 09:21:14", "elapsed": 179.845631, "delta": 0.833497}}
{"target": -2.267073373199315, "params": {"C": 132.1416227799133, "epsilon": 0.22431011669819412, "gamma": 0.11157917197705984}, "datetime": {"datetime": "2021-09-19 09:21:15", "elapsed": 180.767502, "delta": 0.921871}}
{"target": -1.97621656425869, "params": {"C": 197.79909588714776, "epsilon": 0.1333781773457496, "gamma": 0.02706579801723661}, "datetime": {"datetime": "2021-09-19 09:21:17", "elapsed": 182.417571, "delta": 1.650069}}
{"target": -1.9762510459452614, "params": {"C": 198.9087005894536, "epsilon": 0.18775458159348654, "gamma": 0.0261084971141554}, "datetime": {"datetime": "2021-09-19 09:21:18", "elapsed": 183.653454, "delta": 1.235883}}
{"target": -1.9545615121318063, "params": {"C": 198.78817956247013, "epsilon": 0.2570966427053365, "gamma": 0.03186422587499357}, "datetime": {"datetime": "2021-09-19 09:21:20", "elapsed": 185.088906, "delta": 1.435452}}
{"target": -1.9476324584930291, "params": {"C": 135.50008152911676, "epsilon": 0.11393158208517269, "gamma": 0.04586413095944544}, "datetime": {"datetime": "2021-09-19 09:21:21", "elapsed": 186.486313, "delta": 1.397407}}
{"target": -1.9548522220949647, "params": {"C": 135.49880306824886, "epsilon": 0.062525728360478, "gamma": 0.04177668289954266}, "datetime": {"datetime": "2021-09-19 09:21:23", "elapsed": 188.078428, "delta": 1.592115}}
{"target": -2.2123239767760237, "params": {"C": 135.4787515954025, "epsilon": 0.09788179099382578, "gamma": 0.10360052215848352}, "datetime": {"datetime": "2021-09-19 09:21:24", "elapsed": 189.577638, "delta": 1.49921}}
{"target": -2.046553602499647, "params": {"C": 186.35537538960298, "epsilon": 0.21172794697994735, "gamma": 0.02029850999072971}, "datetime": {"datetime": "2021-09-19 09:21:26", "elapsed": 191.535278, "delta": 1.95764}}
{"target": -1.9789694628021068, "params": {"C": 135.45356848447267, "epsilon": 0.1519814571635313, "gamma": 0.03276515398365981}, "datetime": {"datetime": "2021-09-19 09:21:28", "elapsed": 193.22373, "delta": 1.688452}}
{"target": -1.968051733398154, "params": {"C": 164.0113233994491, "epsilon": 0.07702705158693188, "gamma": 0.052779586564422665}, "datetime": {"datetime": "2021-09-19 09:21:29", "elapsed": 194.122043, "delta": 0.898313}}
{"target": -2.0810923423854297, "params": {"C": 135.53209297590982, "epsilon": 0.15448510194251538, "gamma": 0.02125328603720725}, "datetime": {"datetime": "2021-09-19 09:21:30", "elapsed": 195.819082, "delta": 1.697039}}
{"target": -1.9566423320614557, "params": {"C": 186.36460574590222, "epsilon": 0.2997808541102771, "gamma": 0.03445906699623112}, "datetime": {"datetime": "2021-09-19 09:21:32", "elapsed": 197.278082, "delta": 1.459}}
{"target": -2.3441612024888805, "params": {"C": 129.38642127962444, "epsilon": 0.2474789302038005, "gamma": 0.1245348485571065}, "datetime": {"datetime": "2021-09-19 09:21:33", "elapsed": 198.225055, "delta": 0.946973}}
{"target": -1.9776482248121847, "params": {"C": 186.30248409303852, "epsilon": 0.29531291553684574, "gamma": 0.0450140415007074}, "datetime": {"datetime": "2021-09-19 09:21:34", "elapsed": 199.762149, "delta": 1.537094}}
{"target": -2.059166443663609, "params": {"C": 198.80515218228663, "epsilon": 0.22291647430484904, "gamma": 0.06483167953750878}, "datetime": {"datetime": "2021-09-19 09:21:36", "elapsed": 201.387833, "delta": 1.625684}}
{"target": -2.017003899982026, "params": {"C": 135.54093034268743, "epsilon": 0.08131092532620773, "gamma": 0.027719993594960565}, "datetime": {"datetime": "2021-09-19 09:21:37", "elapsed": 202.767858, "delta": 1.380025}}
{"target": -1.9732374865849487, "params": {"C": 164.01807965729773, "epsilon": 0.13487132949598385, "gamma": 0.03441775701805644}, "datetime": {"datetime": "2021-09-19 09:21:39", "elapsed": 204.168104, "delta": 1.400246}}
{"target": -1.9906375062994768, "params": {"C": 197.8580716882094, "epsilon": 0.07659742311101772, "gamma": 0.031840165858693516}, "datetime": {"datetime": "2021-09-19 09:21:41", "elapsed": 206.396974, "delta": 2.22887}}
{"target": -1.9739660580376104, "params": {"C": 164.05835907833438, "epsilon": 0.09770727678686765, "gamma": 0.04881288551525868}, "datetime": {"datetime": "2021-09-19 09:21:42", "elapsed": 207.704201, "delta": 1.307227}}
{"target": -2.0382416929380245, "params": {"C": 197.81178726909766, "epsilon": 0.09363152906913472, "gamma": 0.06436783261471796}, "datetime": {"datetime": "2021-09-19 09:21:44", "elapsed": 209.990776, "delta": 2.286575}}
{"target": -2.373090954405562, "params": {"C": 164.0268457466903, "epsilon": 0.08709708915319883, "gamma": 0.12590307141213328}, "datetime": {"datetime": "2021-09-19 09:21:46", "elapsed": 211.664788, "delta": 1.674012}}
{"target": -2.240059117270573, "params": {"C": 191.77839733115778, "epsilon": 0.23355682370201158, "gamma": 0.09863023011369722}, "datetime": {"datetime": "2021-09-19 09:21:47", "elapsed": 212.628834, "delta": 0.964046}}
{"target": -1.9546270836521689, "params": {"C": 112.03166363576763, "epsilon": 0.2163091833090958, "gamma": 0.05749206573658473}, "datetime": {"datetime": "2021-09-19 09:21:48", "elapsed": 213.592833, "delta": 0.963999}}
{"target": -2.4284930524598587, "params": {"C": 137.23281768331816, "epsilon": 0.23441965649461702, "gamma": 0.1375553668885804}, "datetime": {"datetime": "2021-09-19 09:21:49", "elapsed": 214.535144, "delta": 0.942311}}
{"target": -1.9928627689791885, "params": {"C": 112.03262190952182, "epsilon": 0.1589608403871025, "gamma": 0.06689753585536182}, "datetime": {"datetime": "2021-09-19 09:21:51", "elapsed": 216.281955, "delta": 1.746811}}
{"target": -2.0738604640487504, "params": {"C": 163.97567949643494, "epsilon": 0.06096339731346039, "gamma": 0.020771728736742226}, "datetime": {"datetime": "2021-09-19 09:21:52", "elapsed": 217.940362, "delta": 1.658407}}
{"target": -1.9624491184407584, "params": {"C": 112.07677295948798, "epsilon": 0.23512271614922295, "gamma": 0.04423728519419534}, "datetime": {"datetime": "2021-09-19 09:21:55", "elapsed": 220.29902, "delta": 2.358658}}
{"target": -2.0205069130205544, "params": {"C": 96.41348235688052, "epsilon": 0.13925761446620405, "gamma": 0.07514661742002851}, "datetime": {"datetime": "2021-09-19 09:21:56", "elapsed": 221.274019, "delta": 0.974999}}
{"target": -2.1827266461663015, "params": {"C": 112.10640248522958, "epsilon": 0.23646121868157557, "gamma": 0.09986697446684607}, "datetime": {"datetime": "2021-09-19 09:21:58", "elapsed": 223.090584, "delta": 1.816565}}
{"target": -2.095231163915879, "params": {"C": 112.01115945862742, "epsilon": 0.26149028808554986, "gamma": 0.02157428174380398}, "datetime": {"datetime": "2021-09-19 09:21:59", "elapsed": 224.939624, "delta": 1.84904}}
{"target": -2.017211809403902, "params": {"C": 196.7754329943545, "epsilon": 0.2525531520654919, "gamma": 0.059459094680240465}, "datetime": {"datetime": "2021-09-19 09:22:00", "elapsed": 226.03624, "delta": 1.096616}}
{"target": -2.0239840439562746, "params": {"C": 112.10436198908707, "epsilon": 0.16810921763329925, "gamma": 0.0291254932437439}, "datetime": {"datetime": "2021-09-19 09:22:02", "elapsed": 227.788578, "delta": 1.752338}}
{"target": -2.103015790832624, "params": {"C": 135.4015836824823, "epsilon": 0.12065881902212099, "gamma": 0.02}, "datetime": {"datetime": "2021-09-19 09:22:04", "elapsed": 229.468372, "delta": 1.679794}}
{"target": -2.026428505332376, "params": {"C": 198.83347323913085, "epsilon": 0.24699452799762733, "gamma": 0.021290673824927036}, "datetime": {"datetime": "2021-09-19 09:22:06", "elapsed": 231.16049, "delta": 1.692118}}
{"target": -1.992314703365925, "params": {"C": 198.71912089986927, "epsilon": 0.26271666836630875, "gamma": 0.05401610433424281}, "datetime": {"datetime": "2021-09-19 09:22:07", "elapsed": 232.887116, "delta": 1.726626}}
{"target": -1.9853526436857736, "params": {"C": 198.91709650844666, "epsilon": 0.22621877430455725, "gamma": 0.0470635309360565}, "datetime": {"datetime": "2021-09-19 09:22:09", "elapsed": 234.943268, "delta": 2.056152}}
{"target": -2.002283619918, "params": {"C": 155.7539921781646, "epsilon": 0.08125664913869494, "gamma": 0.02795727266944595}, "datetime": {"datetime": "2021-09-19 09:22:11", "elapsed": 236.568992, "delta": 1.625724}}
{"target": -2.346345882185918, "params": {"C": 143.82727959281596, "epsilon": 0.26065072255730937, "gamma": 0.12182116585816921}, "datetime": {"datetime": "2021-09-19 09:22:12", "elapsed": 237.555214, "delta": 0.986222}}
{"target": -2.1461398284648703, "params": {"C": 109.32289710307984, "epsilon": 0.03140989795912271, "gamma": 0.02}, "datetime": {"datetime": "2021-09-19 09:22:14", "elapsed": 239.316885, "delta": 1.761671}}
{"target": -1.9882317919206727, "params": {"C": 176.45832523934706, "epsilon": 0.28390834209909455, "gamma": 0.05652078694351326}, "datetime": {"datetime": "2021-09-19 09:22:15", "elapsed": 240.421119, "delta": 1.104234}}
{"target": -1.987765132002009, "params": {"C": 198.7678141101917, "epsilon": 0.28456311373078097, "gamma": 0.047222596796478736}, "datetime": {"datetime": "2021-09-19 09:22:17", "elapsed": 242.511523, "delta": 2.090404}}
{"target": -2.2193583697752146, "params": {"C": 186.55476569135837, "epsilon": 0.07153621901911701, "gamma": 0.09974430486043964}, "datetime": {"datetime": "2021-09-19 09:22:18", "elapsed": 243.647518, "delta": 1.135995}}
{"target": -2.416784490938918, "params": {"C": 132.21890943363934, "epsilon": 0.0842328612757978, "gamma": 0.14180364080225524}, "datetime": {"datetime": "2021-09-19 09:22:19", "elapsed": 244.890121, "delta": 1.242603}}
{"target": -2.095144004541796, "params": {"C": 198.8816414142795, "epsilon": 0.16813285252879423, "gamma": 0.07478168332471521}, "datetime": {"datetime": "2021-09-19 09:22:21", "elapsed": 246.777732, "delta": 1.887611}}
{"target": -2.0212530696217854, "params": {"C": 174.44173847433007, "epsilon": 0.08685569009607616, "gamma": 0.024044111350763377}, "datetime": {"datetime": "2021-09-19 09:22:22", "elapsed": 247.982696, "delta": 1.204964}}
{"target": -1.9695283101479488, "params": {"C": 186.28353679992097, "epsilon": 0.242663597350515, "gamma": 0.044503007241922354}, "datetime": {"datetime": "2021-09-19 09:22:24", "elapsed": 249.655008, "delta": 1.672312}}
{"target": -2.438083740955132, "params": {"C": 132.08834548408538, "epsilon": 0.025117586640227098, "gamma": 0.14861445258916103}, "datetime": {"datetime": "2021-09-19 09:22:25", "elapsed": 250.897209, "delta": 1.242201}}
{"target": -2.413928249516121, "params": {"C": 122.70212291444295, "epsilon": 0.02065670147493833, "gamma": 0.1469913036148316}, "datetime": {"datetime": "2021-09-19 09:22:27", "elapsed": 252.216144, "delta": 1.318935}}
{"target": -2.185195411409133, "params": {"C": 171.78348759689683, "epsilon": 0.1948838676746933, "gamma": 0.09413695141105735}, "datetime": {"datetime": "2021-09-19 09:22:28", "elapsed": 253.400181, "delta": 1.184037}}
{"target": -2.110037266970938, "params": {"C": 111.98278448487052, "epsilon": 0.18558837690598154, "gamma": 0.08435172723925709}, "datetime": {"datetime": "2021-09-19 09:22:30", "elapsed": 255.120235, "delta": 1.720054}}
{"target": -2.0282078177821705, "params": {"C": 155.83670296539708, "epsilon": 0.10012874333406492, "gamma": 0.024095857280846823}, "datetime": {"datetime": "2021-09-19 09:22:32", "elapsed": 257.108058, "delta": 1.987823}}
{"target": -2.080506160133647, "params": {"C": 99.84716535455783, "epsilon": 0.07126437031680413, "gamma": 0.0835848647391611}, "datetime": {"datetime": "2021-09-19 09:22:33", "elapsed": 258.258634, "delta": 1.150576}}
{"target": -2.0631564156434465, "params": {"C": 122.48246345874236, "epsilon": 0.038738024160801944, "gamma": 0.024273204206446516}, "datetime": {"datetime": "2021-09-19 09:22:35", "elapsed": 260.079332, "delta": 1.820698}}
{"target": -2.206865686188753, "params": {"C": 107.0915625271848, "epsilon": 0.137152574476181, "gamma": 0.10645169237125679}, "datetime": {"datetime": "2021-09-19 09:22:36", "elapsed": 261.263199, "delta": 1.183867}}
{"target": -2.1074487978954033, "params": {"C": 198.6701496962355, "epsilon": 0.26457616707306353, "gamma": 0.0756360710271041}, "datetime": {"datetime": "2021-09-19 09:22:37", "elapsed": 262.447708, "delta": 1.184509}}
{"target": -2.0522299367853054, "params": {"C": 186.24292360629715, "epsilon": 0.2796425933980022, "gamma": 0.02}, "datetime": {"datetime": "2021-09-19 09:22:39", "elapsed": 264.242612, "delta": 1.794904}}
{"target": -1.9496895951733437, "params": {"C": 141.14421082879153, "epsilon": 0.19919817617244823, "gamma": 0.04613205438887101}, "datetime": {"datetime": "2021-09-19 09:22:41", "elapsed": 266.681534, "delta": 2.438922}}
{"target": -2.1546078436959983, "params": {"C": 141.10330058525017, "epsilon": 0.20070435918084018, "gamma": 0.09263876958472565}, "datetime": {"datetime": "2021-09-19 09:22:43", "elapsed": 268.681111, "delta": 1.999577}}
{"target": -1.9539532457925561, "params": {"C": 141.2041193127029, "epsilon": 0.17639622774381988, "gamma": 0.042401017310030334}, "datetime": {"datetime": "2021-09-19 09:22:45", "elapsed": 270.991735, "delta": 2.310624}}
{"target": -2.37980128919708, "params": {"C": 164.6337747311905, "epsilon": 0.15386245443796615, "gamma": 0.12495339212920445}, "datetime": {"datetime": "2021-09-19 09:22:47", "elapsed": 272.239236, "delta": 1.247501}}
{"target": -1.9473663057120727, "params": {"C": 141.2011825962157, "epsilon": 0.22103403299548546, "gamma": 0.044482228945810595}, "datetime": {"datetime": "2021-09-19 09:22:49", "elapsed": 274.498881, "delta": 2.259645}}
{"target": -2.1409872110415162, "params": {"C": 141.18786228005632, "epsilon": 0.1899873495440903, "gamma": 0.08945278153279262}, "datetime": {"datetime": "2021-09-19 09:22:51", "elapsed": 276.757482, "delta": 2.258601}}
{"target": -2.022427308153777, "params": {"C": 141.2093102139749, "epsilon": 0.2661896753157349, "gamma": 0.025941726698993736}, "datetime": {"datetime": "2021-09-19 09:22:53", "elapsed": 278.55775, "delta": 1.800268}}
{"target": -1.9816535434484943, "params": {"C": 189.350227396902, "epsilon": 0.08387007723840179, "gamma": 0.04689527803963319}, "datetime": {"datetime": "2021-09-19 09:22:54", "elapsed": 279.728381, "delta": 1.170631}}
{"target": -2.0552474987702665, "params": {"C": 186.72224097647955, "epsilon": 0.3, "gamma": 0.02}, "datetime": {"datetime": "2021-09-19 09:22:56", "elapsed": 281.458631, "delta": 1.73025}}
{"target": -2.030425741729877, "params": {"C": 98.6641106476679, "epsilon": 0.11640352685141066, "gamma": 0.030251919633849482}, "datetime": {"datetime": "2021-09-19 09:22:57", "elapsed": 282.535403, "delta": 1.076772}}
{"target": -2.092350105287877, "params": {"C": 155.74245184230222, "epsilon": 0.010920645521292799, "gamma": 0.02}, "datetime": {"datetime": "2021-09-19 09:22:59", "elapsed": 284.403084, "delta": 1.867681}}
{"target": -1.9618087799335253, "params": {"C": 141.25343980182956, "epsilon": 0.19773264359311932, "gamma": 0.03477199265861551}, "datetime": {"datetime": "2021-09-19 09:23:01", "elapsed": 286.303218, "delta": 1.900134}}
{"target": -2.2159737368525745, "params": {"C": 127.21921831794108, "epsilon": 0.22995215296601496, "gamma": 0.10405445592808323}, "datetime": {"datetime": "2021-09-19 09:23:02", "elapsed": 287.48528, "delta": 1.182062}}
{"target": -2.081454326432021, "params": {"C": 135.45432633184544, "epsilon": 0.028384111827666522, "gamma": 0.022014332833325823}, "datetime": {"datetime": "2021-09-19 09:23:04", "elapsed": 289.340324, "delta": 1.855044}}
{"target": -2.0687431711016364, "params": {"C": 164.07339432961624, "epsilon": 0.06303222444996748, "gamma": 0.021147660059108918}, "datetime": {"datetime": "2021-09-19 09:23:06", "elapsed": 291.615118, "delta": 2.274794}}
{"target": -2.117646513707189, "params": {"C": 197.27390852512892, "epsilon": 0.07203640844933105, "gamma": 0.08326757471898255}, "datetime": {"datetime": "2021-09-19 09:23:09", "elapsed": 294.134177, "delta": 2.519059}}
{"target": -2.02866035515261, "params": {"C": 141.12489346045766, "epsilon": 0.1101778251806465, "gamma": 0.024832637456937545}, "datetime": {"datetime": "2021-09-19 09:23:11", "elapsed": 296.075659, "delta": 1.941482}}
{"target": -2.0400300310092927, "params": {"C": 160.26271920924412, "epsilon": 0.0683784864831225, "gamma": 0.023214677009613632}, "datetime": {"datetime": "2021-09-19 09:23:12", "elapsed": 297.814342, "delta": 1.738683}}
{"target": -2.036930025704553, "params": {"C": 117.97640146148824, "epsilon": 0.29844614464025604, "gamma": 0.027055414635494643}, "datetime": {"datetime": "2021-09-19 09:23:15", "elapsed": 300.957816, "delta": 3.143474}}
{"target": -1.9479925117499721, "params": {"C": 95.84695234601706, "epsilon": 0.14910063115326852, "gamma": 0.051197574986483925}, "datetime": {"datetime": "2021-09-19 09:23:18", "elapsed": 304.035435, "delta": 3.077619}}
{"target": -2.4589849181237025, "params": {"C": 124.03206714200596, "epsilon": 0.14905709046482934, "gamma": 0.14932058844629703}, "datetime": {"datetime": "2021-09-19 09:23:20", "elapsed": 305.226292, "delta": 1.190857}}
{"target": -2.4844741681736133, "params": {"C": 192.35414223237188, "epsilon": 0.2788897173909049, "gamma": 0.1357457974502814}, "datetime": {"datetime": "2021-09-19 09:23:21", "elapsed": 306.440777, "delta": 1.214485}}
{"target": -1.9618823845365447, "params": {"C": 95.89466005843677, "epsilon": 0.13404013650735563, "gamma": 0.043660116949799405}, "datetime": {"datetime": "2021-09-19 09:23:23", "elapsed": 308.398, "delta": 1.957223}}
{"target": -2.0984217055451624, "params": {"C": 192.96738748730536, "epsilon": 0.2408220192365238, "gamma": 0.07328964188320543}, "datetime": {"datetime": "2021-09-19 09:23:24", "elapsed": 309.631588, "delta": 1.233588}}
{"target": -2.0402789078320533, "params": {"C": 95.8824769288274, "epsilon": 0.1693388004428497, "gamma": 0.02875561937307392}, "datetime": {"datetime": "2021-09-19 09:23:26", "elapsed": 311.735048, "delta": 2.10346}}
{"target": -1.9798196877424854, "params": {"C": 160.99079045485018, "epsilon": 0.2689678184348944, "gamma": 0.05208576503063979}, "datetime": {"datetime": "2021-09-19 09:23:27", "elapsed": 312.958726, "delta": 1.223678}}
