{"target": 0.8896031012505188, "params": {"C": 114.76807102891858, "epsilon": 0.7814955947247362, "gamma": 0.11048479239515169}, "datetime": {"datetime": "2021-09-18 14:07:30", "elapsed": 226.095295, "delta": 0.949864}}
{"target": 0.9006327960503205, "params": {"C": 64.02014958639758, "epsilon": 0.7247751665869593, "gamma": 0.07884005056660363}, "datetime": {"datetime": "2021-09-18 14:07:31", "elapsed": 227.042535, "delta": 0.94724}}
{"target": 0.872319667628617, "params": {"C": 80.05724761665701, "epsilon": 0.7843330985393445, "gamma": 0.14042720529890798}, "datetime": {"datetime": "2021-09-18 14:07:32", "elapsed": 228.024282, "delta": 0.981747}}
{"target": 0.9108055641908095, "params": {"C": 87.0565813819176, "epsilon": 0.3227501833397629, "gamma": 0.054805370132725975}, "datetime": {"datetime": "2021-09-18 14:07:34", "elapsed": 230.279122, "delta": 2.25484}}
{"target": 0.8893458166488388, "params": {"C": 117.95378067955325, "epsilon": 0.06159445087721098, "gamma": 0.12722495924245297}, "datetime": {"datetime": "2021-09-18 14:07:36", "elapsed": 232.137237, "delta": 1.858115}}
{"target": 0.9118412641119262, "params": {"C": 94.95771010430659, "epsilon": 0.21031986195242758, "gamma": 0.0528656878752504}, "datetime": {"datetime": "2021-09-18 14:07:38", "elapsed": 234.203729, "delta": 2.066492}}
{"target": 0.8963968794929512, "params": {"C": 54.08130695437851, "epsilon": 0.4713841012646979, "gamma": 0.09242047493848346}, "datetime": {"datetime": "2021-09-18 14:07:39", "elapsed": 235.215369, "delta": 1.01164}}
{"target": 0.891115436944031, "params": {"C": 118.06028710865434, "epsilon": 0.21827773307020118, "gamma": 0.12280207216733059}, "datetime": {"datetime": "2021-09-18 14:07:42", "elapsed": 237.538367, "delta": 2.322998}}
{"target": 0.9098626064499085, "params": {"C": 87.03156981608612, "epsilon": 0.20976080523689888, "gamma": 0.06694667573843728}, "datetime": {"datetime": "2021-09-18 14:07:43", "elapsed": 239.449002, "delta": 1.910635}}
{"target": 0.9046483634690704, "params": {"C": 117.94800281458924, "epsilon": 0.8439667416918862, "gamma": 0.08035314975403113}, "datetime": {"datetime": "2021-09-18 14:07:44", "elapsed": 240.447169, "delta": 0.998167}}
{"target": 0.8812589539268227, "params": {"C": 87.20880450433833, "epsilon": 0.2790478518101659, "gamma": 0.14131952479271082}, "datetime": {"datetime": "2021-09-18 14:07:47", "elapsed": 242.811903, "delta": 2.364734}}
{"target": 0.9069900196964047, "params": {"C": 86.9145843775396, "epsilon": 0.2978308978293081, "gamma": 0.0761340600140003}, "datetime": {"datetime": "2021-09-18 14:07:49", "elapsed": 244.679597, "delta": 1.867694}}
{"target": 0.9114430215073852, "params": {"C": 94.7966230851032, "epsilon": 0.25369631766943146, "gamma": 0.05057949451781329}, "datetime": {"datetime": "2021-09-18 14:07:51", "elapsed": 246.5287, "delta": 1.849103}}
{"target": 0.9116614277188267, "params": {"C": 87.1392988755473, "epsilon": 0.129225610591801, "gamma": 0.05485538648060678}, "datetime": {"datetime": "2021-09-18 14:07:53", "elapsed": 248.879416, "delta": 2.350716}}
{"target": 0.9042797401432013, "params": {"C": 87.19164110707894, "epsilon": 0.020480745443983265, "gamma": 0.08565575766462848}, "datetime": {"datetime": "2021-09-18 14:07:55", "elapsed": 250.855405, "delta": 1.975989}}
{"target": 0.8997755605991137, "params": {"C": 87.00596882688262, "epsilon": 0.08723356819031866, "gamma": 0.0984854501939753}, "datetime": {"datetime": "2021-09-18 14:07:57", "elapsed": 252.74987, "delta": 1.894465}}
{"target": 0.8778520979749688, "params": {"C": 84.25372337724653, "epsilon": 0.870596335926722, "gamma": 0.12832397373705323}, "datetime": {"datetime": "2021-09-18 14:07:58", "elapsed": 253.759494, "delta": 1.009624}}
{"target": 0.9119332305382275, "params": {"C": 95.01250805073161, "epsilon": 0.30538751592738295, "gamma": 0.06175834360395094}, "datetime": {"datetime": "2021-09-18 14:08:00", "elapsed": 256.212284, "delta": 2.45279}}
{"target": 0.9038429716557741, "params": {"C": 105.01893424322085, "epsilon": 0.947081125023868, "gamma": 0.07809291303347174}, "datetime": {"datetime": "2021-09-18 14:08:01", "elapsed": 257.247859, "delta": 1.035575}}
{"target": 0.9071629996205444, "params": {"C": 79.83266616530497, "epsilon": 0.6992013487458401, "gamma": 0.050422771003526094}, "datetime": {"datetime": "2021-09-18 14:08:03", "elapsed": 259.102983, "delta": 1.855124}}
{"target": 0.8954579900933362, "params": {"C": 111.44394180359168, "epsilon": 0.24867615650582106, "gamma": 0.11134177296956896}, "datetime": {"datetime": "2021-09-18 14:08:04", "elapsed": 260.232616, "delta": 1.129633}}
{"target": 0.9060477354802012, "params": {"C": 94.62454700265462, "epsilon": 0.36110373531966244, "gamma": 0.0812341372071815}, "datetime": {"datetime": "2021-09-18 14:08:06", "elapsed": 262.365709, "delta": 2.133093}}
{"target": 0.8872579986094535, "params": {"C": 94.97568131163571, "epsilon": 0.2380418088573161, "gamma": 0.12910341700880604}, "datetime": {"datetime": "2021-09-18 14:08:09", "elapsed": 264.572552, "delta": 2.206843}}
{"target": 0.9129157152004818, "params": {"C": 103.73565175639186, "epsilon": 0.29905562514816997, "gamma": 0.0531108548852026}, "datetime": {"datetime": "2021-09-18 14:08:10", "elapsed": 265.681996, "delta": 1.109444}}
{"target": 0.9107206845706391, "params": {"C": 95.00660821011398, "epsilon": 0.40170741160726336, "gamma": 0.05}, "datetime": {"datetime": "2021-09-18 14:08:12", "elapsed": 268.018674, "delta": 2.336678}}
{"target": 0.8776741510116755, "params": {"C": 76.7834925807816, "epsilon": 0.09602427821282739, "gamma": 0.14893419429935464}, "datetime": {"datetime": "2021-09-18 14:08:13", "elapsed": 269.099501, "delta": 1.080827}}
{"target": 0.8778772555572005, "params": {"C": 70.81044185464552, "epsilon": 0.08135425317261598, "gamma": 0.14768561816525505}, "datetime": {"datetime": "2021-09-18 14:08:14", "elapsed": 270.21387, "delta": 1.114369}}
{"target": 0.8939689321832961, "params": {"C": 102.04403756166161, "epsilon": 0.6543160749033538, "gamma": 0.1070284241623518}, "datetime": {"datetime": "2021-09-18 14:08:15", "elapsed": 271.310815, "delta": 1.096945}}
{"target": 0.9122985145283613, "params": {"C": 103.64629673613322, "epsilon": 0.33203659456480555, "gamma": 0.050723328586310804}, "datetime": {"datetime": "2021-09-18 14:08:17", "elapsed": 273.295461, "delta": 1.984646}}
{"target": 0.8881491131176804, "params": {"C": 103.69582511319689, "epsilon": 0.3685146574582362, "gamma": 0.12577544516399297}, "datetime": {"datetime": "2021-09-18 14:08:20", "elapsed": 275.591459, "delta": 2.295998}}
{"target": 0.8963671974649199, "params": {"C": 56.266377952900434, "epsilon": 0.247782157417678, "gamma": 0.0989114344147393}, "datetime": {"datetime": "2021-09-18 14:08:21", "elapsed": 276.72746, "delta": 1.136001}}
{"target": 0.9128055895163784, "params": {"C": 103.66089028899927, "epsilon": 0.23047941707610226, "gamma": 0.05}, "datetime": {"datetime": "2021-09-18 14:08:23", "elapsed": 278.828923, "delta": 2.101463}}
{"target": 0.8890675386005343, "params": {"C": 60.87644888093579, "epsilon": 0.4644614865324074, "gamma": 0.11650130182404368}, "datetime": {"datetime": "2021-09-18 14:08:24", "elapsed": 279.94672, "delta": 1.117797}}
{"target": 0.8984598343572889, "params": {"C": 119.15373162487714, "epsilon": 0.8835055158778599, "gamma": 0.09279697771315698}, "datetime": {"datetime": "2021-09-18 14:08:25", "elapsed": 281.078826, "delta": 1.132106}}
{"target": 0.9125796038331992, "params": {"C": 103.55253329423662, "epsilon": 0.2743227016841994, "gamma": 0.05}, "datetime": {"datetime": "2021-09-18 14:08:27", "elapsed": 283.318586, "delta": 2.23976}}
{"target": 0.9132952939925986, "params": {"C": 103.82755508783791, "epsilon": 0.18306375467696348, "gamma": 0.06027067700427211}, "datetime": {"datetime": "2021-09-18 14:08:30", "elapsed": 286.064765, "delta": 2.746179}}
{"target": 0.9046791892743135, "params": {"C": 103.92608990839327, "epsilon": 0.23347846363909386, "gamma": 0.08880301425630313}, "datetime": {"datetime": "2021-09-18 14:08:33", "elapsed": 288.614666, "delta": 2.549901}}
{"target": 0.9115716362602141, "params": {"C": 103.74840064951539, "epsilon": 0.129102714023771, "gamma": 0.06787568732922371}, "datetime": {"datetime": "2021-09-18 14:08:36", "elapsed": 291.626618, "delta": 3.011952}}
{"target": 0.8828592374454446, "params": {"C": 97.49422028348486, "epsilon": 0.5194134407691504, "gamma": 0.13073337856092648}, "datetime": {"datetime": "2021-09-18 14:08:37", "elapsed": 292.7669, "delta": 1.140282}}
{"target": 0.9136724177390271, "params": {"C": 103.55933112204158, "epsilon": 0.13820924613157098, "gamma": 0.05334562990401808}, "datetime": {"datetime": "2021-09-18 14:08:39", "elapsed": 295.124333, "delta": 2.357433}}
{"target": 0.8859309396774252, "params": {"C": 103.58951040234305, "epsilon": 0.05260680389101946, "gamma": 0.13384287635084224}, "datetime": {"datetime": "2021-09-18 14:08:42", "elapsed": 297.635245, "delta": 2.510912}}
{"target": 0.8928541836808581, "params": {"C": 103.86727970357654, "epsilon": 0.0856569753720315, "gamma": 0.11762959410743556}, "datetime": {"datetime": "2021-09-18 14:08:44", "elapsed": 299.885927, "delta": 2.250682}}
{"target": 0.9000632905637308, "params": {"C": 111.23415930073654, "epsilon": 0.639104903108081, "gamma": 0.09416077444853219}, "datetime": {"datetime": "2021-09-18 14:08:45", "elapsed": 301.040787, "delta": 1.15486}}
{"target": 0.9085774741747588, "params": {"C": 103.44078717562309, "epsilon": 0.17524919585938503, "gamma": 0.07813263015744931}, "datetime": {"datetime": "2021-09-18 14:08:47", "elapsed": 303.163553, "delta": 2.122766}}
{"target": 0.9046939325490242, "params": {"C": 55.51352495760685, "epsilon": 0.39622636347108203, "gamma": 0.05788609202603806}, "datetime": {"datetime": "2021-09-18 14:08:48", "elapsed": 304.299605, "delta": 1.136052}}
{"target": 0.9110358228373647, "params": {"C": 95.13834015608852, "epsilon": 0.4443351311848815, "gamma": 0.05212251708275495}, "datetime": {"datetime": "2021-09-18 14:08:51", "elapsed": 306.513537, "delta": 2.213932}}
{"target": 0.9123936194877038, "params": {"C": 103.51618351664098, "epsilon": 0.3888848437533673, "gamma": 0.05210077664919404}, "datetime": {"datetime": "2021-09-18 14:08:53", "elapsed": 308.952955, "delta": 2.439418}}
{"target": 0.8877599657104538, "params": {"C": 73.68495711141706, "epsilon": 0.7696413084117271, "gamma": 0.11465727379083325}, "datetime": {"datetime": "2021-09-18 14:08:54", "elapsed": 310.066652, "delta": 1.113697}}
{"target": 0.8936999925432386, "params": {"C": 103.76924960181702, "epsilon": 0.2014352898135668, "gamma": 0.11525152556624549}, "datetime": {"datetime": "2021-09-18 14:08:56", "elapsed": 312.385607, "delta": 2.318955}}
{"target": 0.9123019957696833, "params": {"C": 103.4294286814866, "epsilon": 0.3154009198102328, "gamma": 0.05}, "datetime": {"datetime": "2021-09-18 14:08:59", "elapsed": 314.54474, "delta": 2.159133}}
{"target": 0.8727090264897706, "params": {"C": 103.4335019144018, "epsilon": 0.37041026710140235, "gamma": 0.14999930102775677}, "datetime": {"datetime": "2021-09-18 14:09:02", "elapsed": 317.506067, "delta": 2.961327}}
{"target": 0.8892194416909662, "params": {"C": 95.05603009915055, "epsilon": 0.5254159248145998, "gamma": 0.11855980303408135}, "datetime": {"datetime": "2021-09-18 14:09:04", "elapsed": 319.911102, "delta": 2.405035}}
{"target": 0.9145799994078724, "params": {"C": 117.90071504910476, "epsilon": 0.22666926749278862, "gamma": 0.05}, "datetime": {"datetime": "2021-09-18 14:09:06", "elapsed": 322.039035, "delta": 2.127933}}
{"target": 0.9151469364655411, "params": {"C": 117.77778265372456, "epsilon": 0.17323590188415847, "gamma": 0.05215420957389816}, "datetime": {"datetime": "2021-09-18 14:09:09", "elapsed": 325.175151, "delta": 3.136116}}
{"target": 0.9053443913997028, "params": {"C": 117.77192502654447, "epsilon": 0.27905094939871794, "gamma": 0.08682565030095758}, "datetime": {"datetime": "2021-09-18 14:09:12", "elapsed": 328.373333, "delta": 3.198182}}
{"target": 0.8894551049937388, "params": {"C": 117.71283864658373, "epsilon": 0.10419478789384096, "gamma": 0.12675188673688903}, "datetime": {"datetime": "2021-09-18 14:09:14", "elapsed": 330.43922, "delta": 2.065887}}
{"target": 0.8668305265842673, "params": {"C": 115.13445414787302, "epsilon": 0.9305769229633785, "gamma": 0.13903522880790875}, "datetime": {"datetime": "2021-09-18 14:09:16", "elapsed": 331.584337, "delta": 1.145117}}
{"target": 0.911396558908356, "params": {"C": 95.2234234906559, "epsilon": 0.40167190458922053, "gamma": 0.05370599500136417}, "datetime": {"datetime": "2021-09-18 14:09:18", "elapsed": 333.719346, "delta": 2.135009}}
{"target": 0.8877309280898062, "params": {"C": 95.24098341888165, "epsilon": 0.5068753461829099, "gamma": 0.12265361749545055}, "datetime": {"datetime": "2021-09-18 14:09:20", "elapsed": 335.883306, "delta": 2.16396}}
{"target": 0.9109011488885472, "params": {"C": 95.13877259651463, "epsilon": 0.37905207876668384, "gamma": 0.050667568697665935}, "datetime": {"datetime": "2021-09-18 14:09:22", "elapsed": 337.947833, "delta": 2.064527}}
{"target": 0.9051482931807251, "params": {"C": 95.17595756217739, "epsilon": 0.8979478592825387, "gamma": 0.07468135771587676}, "datetime": {"datetime": "2021-09-18 14:09:23", "elapsed": 339.111611, "delta": 1.163778}}
{"target": 0.9078657333717985, "params": {"C": 117.84704487169009, "epsilon": 0.1901481825642439, "gamma": 0.08140690759080423}, "datetime": {"datetime": "2021-09-18 14:09:26", "elapsed": 341.682037, "delta": 2.570426}}
{"target": 0.8837016299922699, "params": {"C": 76.40382266820052, "epsilon": 0.3439844113081079, "gamma": 0.13332169386611753}, "datetime": {"datetime": "2021-09-18 14:09:27", "elapsed": 342.798863, "delta": 1.116826}}
{"target": 0.9068151438406221, "params": {"C": 97.14867076587521, "epsilon": 0.1341039625330871, "gamma": 0.08268335266656408}, "datetime": {"datetime": "2021-09-18 14:09:30", "elapsed": 345.538767, "delta": 2.739904}}
{"target": 0.9092978023617022, "params": {"C": 86.98585126357415, "epsilon": 0.4339243381257601, "gamma": 0.05}, "datetime": {"datetime": "2021-09-18 14:09:32", "elapsed": 347.882637, "delta": 2.34387}}
{"target": 0.8952459141885856, "params": {"C": 86.86372890932616, "epsilon": 0.46836440162666104, "gamma": 0.10555096176423427}, "datetime": {"datetime": "2021-09-18 14:09:35", "elapsed": 350.61377, "delta": 2.731133}}
{"target": 0.8757935893327858, "params": {"C": 97.20732041427482, "epsilon": 0.25063416704767805, "gamma": 0.15}, "datetime": {"datetime": "2021-09-18 14:09:37", "elapsed": 353.177622, "delta": 2.563852}}
{"target": 0.893871221517428, "params": {"C": 61.46106922846128, "epsilon": 0.1196972813539719, "gamma": 0.10985640412167949}, "datetime": {"datetime": "2021-09-18 14:09:38", "elapsed": 354.322353, "delta": 1.144731}}
{"target": 0.911919530221857, "params": {"C": 96.9616421566387, "epsilon": 0.2286870881979413, "gamma": 0.05154304470808262}, "datetime": {"datetime": "2021-09-18 14:09:42", "elapsed": 358.234184, "delta": 3.911831}}
{"target": 0.9056339786499907, "params": {"C": 97.02991034041665, "epsilon": 0.0771938317965906, "gamma": 0.08436284379297632}, "datetime": {"datetime": "2021-09-18 14:09:45", "elapsed": 361.436918, "delta": 3.202734}}
{"target": 0.8779406656645633, "params": {"C": 96.99027367780843, "epsilon": 0.16773964824141552, "gamma": 0.14745161339163274}, "datetime": {"datetime": "2021-09-18 14:09:48", "elapsed": 363.799212, "delta": 2.362294}}
{"target": 0.9085138047500605, "params": {"C": 117.90751027005646, "epsilon": 0.3056861825440664, "gamma": 0.07659381761027378}, "datetime": {"datetime": "2021-09-18 14:09:50", "elapsed": 366.131189, "delta": 2.331977}}
{"target": 0.9097491368062681, "params": {"C": 87.04500769518437, "epsilon": 0.5635243134276967, "gamma": 0.05298173102667143}, "datetime": {"datetime": "2021-09-18 14:09:53", "elapsed": 369.363787, "delta": 3.232598}}
{"target": 0.881129536056175, "params": {"C": 87.11085697313038, "epsilon": 0.5035623584731813, "gamma": 0.13517521006999722}, "datetime": {"datetime": "2021-09-18 14:09:56", "elapsed": 372.116112, "delta": 2.752325}}
{"target": 0.9091767284066785, "params": {"C": 86.94606868363928, "epsilon": 0.6329370128371962, "gamma": 0.05311931407069295}, "datetime": {"datetime": "2021-09-18 14:09:59", "elapsed": 375.423245, "delta": 3.307133}}
{"target": 0.9084012114209548, "params": {"C": 87.05183202766649, "epsilon": 0.6843623622324994, "gamma": 0.05}, "datetime": {"datetime": "2021-09-18 14:10:03", "elapsed": 378.545334, "delta": 3.122089}}
{"target": 0.9132649633727185, "params": {"C": 103.86251488558423, "epsilon": 0.32830874830284523, "gamma": 0.057760412464415746}, "datetime": {"datetime": "2021-09-18 14:10:05", "elapsed": 381.060927, "delta": 2.515593}}
{"target": 0.8819736361048449, "params": {"C": 68.79605547078694, "epsilon": 0.5649419875659936, "gamma": 0.13155273900423986}, "datetime": {"datetime": "2021-09-18 14:10:06", "elapsed": 382.315069, "delta": 1.254142}}
{"target": 0.9108032587895779, "params": {"C": 103.90728219603895, "epsilon": 0.4381345299519484, "gamma": 0.061663517625108244}, "datetime": {"datetime": "2021-09-18 14:10:09", "elapsed": 384.848574, "delta": 2.533505}}
{"target": 0.8970039141592627, "params": {"C": 62.56643651208342, "epsilon": 0.837472496087834, "gamma": 0.08905473234626093}, "datetime": {"datetime": "2021-09-18 14:10:10", "elapsed": 386.059573, "delta": 1.210999}}
{"target": 0.9126300918384911, "params": {"C": 103.95422003212329, "epsilon": 0.36599074305200324, "gamma": 0.05278564224243362}, "datetime": {"datetime": "2021-09-18 14:10:12", "elapsed": 388.44595, "delta": 2.386377}}
{"target": 0.8756087542499905, "params": {"C": 103.94508684745315, "epsilon": 0.4122918390253556, "gamma": 0.1448162763322013}, "datetime": {"datetime": "2021-09-18 14:10:16", "elapsed": 391.65998, "delta": 3.21403}}
{"target": 0.9140075341807614, "params": {"C": 97.11260212590422, "epsilon": 0.02273793312550542, "gamma": 0.05609046892541406}, "datetime": {"datetime": "2021-09-18 14:10:18", "elapsed": 394.25929, "delta": 2.59931}}
{"target": 0.9089042182479453, "params": {"C": 96.81957525174309, "epsilon": 0.2730127078162094, "gamma": 0.07298244034232178}, "datetime": {"datetime": "2021-09-18 14:10:21", "elapsed": 396.824612, "delta": 2.565322}}
{"target": 0.9119545487914661, "params": {"C": 97.06507372514972, "epsilon": 0.35613132382458923, "gamma": 0.05530122558204749}, "datetime": {"datetime": "2021-09-18 14:10:23", "elapsed": 399.462856, "delta": 2.638244}}
{"target": 0.8918529108068083, "params": {"C": 51.271264999254406, "epsilon": 0.4515398177942047, "gamma": 0.10820026652578506}, "datetime": {"datetime": "2021-09-18 14:10:25", "elapsed": 400.657182, "delta": 1.194326}}
{"target": 0.9062981520008939, "params": {"C": 64.28009470943736, "epsilon": 0.5076081308856855, "gamma": 0.06266884062587655}, "datetime": {"datetime": "2021-09-18 14:10:26", "elapsed": 401.921036, "delta": 1.263854}}
{"target": 0.9085915092737742, "params": {"C": 79.89236506181761, "epsilon": 0.5842431961114928, "gamma": 0.05551058508629332}, "datetime": {"datetime": "2021-09-18 14:10:28", "elapsed": 404.421743, "delta": 2.500707}}
{"target": 0.8783417865740467, "params": {"C": 78.61715887574002, "epsilon": 0.032430000325355576, "gamma": 0.14863037887087682}, "datetime": {"datetime": "2021-09-18 14:10:30", "elapsed": 405.719417, "delta": 1.297674}}
{"target": 0.9113153807585348, "params": {"C": 103.83218112699085, "epsilon": 0.5650456620333627, "gamma": 0.05352298642777479}, "datetime": {"datetime": "2021-09-18 14:10:33", "elapsed": 408.926823, "delta": 3.207406}}
{"target": 0.9109632887476906, "params": {"C": 114.00932193146106, "epsilon": 0.35147101093491007, "gamma": 0.06443497958494973}, "datetime": {"datetime": "2021-09-18 14:10:34", "elapsed": 410.279386, "delta": 1.352563}}
{"target": 0.9044908250441539, "params": {"C": 97.24858867470479, "epsilon": 0.023451921369593204, "gamma": 0.08634501207738944}, "datetime": {"datetime": "2021-09-18 14:10:38", "elapsed": 413.828395, "delta": 3.549009}}
{"target": 0.9113850906190354, "params": {"C": 96.99518169980716, "epsilon": 0.314419391158823, "gamma": 0.06302603660585714}, "datetime": {"datetime": "2021-09-18 14:10:41", "elapsed": 416.569196, "delta": 2.740801}}
{"target": 0.9107230775393647, "params": {"C": 114.04907220031029, "epsilon": 0.4409759186871056, "gamma": 0.06585025990257379}, "datetime": {"datetime": "2021-09-18 14:10:43", "elapsed": 419.257063, "delta": 2.687867}}
{"target": 0.9086482291511816, "params": {"C": 100.37207800250445, "epsilon": 0.7709298633529764, "gamma": 0.06421917947562245}, "datetime": {"datetime": "2021-09-18 14:10:45", "elapsed": 420.637365, "delta": 1.380302}}
{"target": 0.8902579714830735, "params": {"C": 103.7778687332208, "epsilon": 0.6673428262515142, "gamma": 0.1136951746572885}, "datetime": {"datetime": "2021-09-18 14:10:47", "elapsed": 423.079171, "delta": 2.441806}}
{"target": 0.9008390939373949, "params": {"C": 100.43709715214284, "epsilon": 0.8866846232907459, "gamma": 0.08623680319123021}, "datetime": {"datetime": "2021-09-18 14:10:50", "elapsed": 426.188489, "delta": 3.109318}}
{"target": 0.8814817809875573, "params": {"C": 64.91813188188334, "epsilon": 0.37982374060057683, "gamma": 0.1363981552862349}, "datetime": {"datetime": "2021-09-18 14:10:52", "elapsed": 427.523908, "delta": 1.335419}}
{"target": 0.911838915426268, "params": {"C": 103.92701713690886, "epsilon": 0.5252275283753495, "gamma": 0.050947519952014}, "datetime": {"datetime": "2021-09-18 14:10:55", "elapsed": 431.322599, "delta": 3.798691}}
{"target": 0.9103335004731676, "params": {"C": 100.30480133069976, "epsilon": 0.6561999718444903, "gamma": 0.05}, "datetime": {"datetime": "2021-09-18 14:10:59", "elapsed": 434.704244, "delta": 3.381645}}
