{"target": 0.8985785303258148, "params": {"C": 75.90629963383574, "epsilon": 0.2362988594909393, "gamma": 0.07854613955469941}, "datetime": {"datetime": "2021-09-18 12:17:36", "elapsed": 329.778304, "delta": 2.163958}}
{"target": 0.12164972850831712, "params": {"C": 42.28517846555483, "epsilon": 14.406517836393817, "gamma": 0.00021436337986315216}, "datetime": {"datetime": "2021-09-18 12:25:24", "elapsed": 0.0, "delta": 0.0}}
{"target": 0.8720357776652281, "params": {"C": 30.930924690552136, "epsilon": 2.9352031407531793, "gamma": 0.09242936090932093}, "datetime": {"datetime": "2021-09-18 12:25:24", "elapsed": 0.015035, "delta": 0.015035}}
{"target": 0.6214973119168197, "params": {"C": 19.439760926389418, "epsilon": 6.9112799847882505, "gamma": 0.39682779748324687}, "datetime": {"datetime": "2021-09-18 12:25:24", "elapsed": 0.024997, "delta": 0.009962}}
{"target": 0.4433293462031933, "params": {"C": 54.34285666633234, "epsilon": 8.383948368614456, "gamma": 0.6852509784467198}, "datetime": {"datetime": "2021-09-18 12:25:24", "elapsed": 0.034999, "delta": 0.010002}}
{"target": -0.04549804029339288, "params": {"C": 21.240772723420225, "epsilon": 17.56236091607527, "gamma": 0.02748485443860637}, "datetime": {"datetime": "2021-09-18 12:25:24", "elapsed": 0.039004, "delta": 0.004005}}
{"target": 0.48331949204745517, "params": {"C": 67.37628350766182, "epsilon": 8.346154316862302, "gamma": 0.558733959462907}, "datetime": {"datetime": "2021-09-18 12:25:24", "elapsed": 0.051996, "delta": 0.012992}}
{"target": 0.5692683489786097, "params": {"C": 14.898306920928142, "epsilon": 3.9621099715486676, "gamma": 0.8007644942186691}, "datetime": {"datetime": "2021-09-18 12:25:24", "elapsed": 0.067053, "delta": 0.015057}}
{"target": 0.5588290819932754, "params": {"C": 96.85789599622035, "epsilon": 6.268552220767041, "gamma": 0.6923533834077471}, "datetime": {"datetime": "2021-09-18 12:25:24", "elapsed": 0.085037, "delta": 0.017984}}
{"target": -0.10733368632029228, "params": {"C": 87.7625260773078, "epsilon": 17.892143809410594, "gamma": 0.08513570694864094}, "datetime": {"datetime": "2021-09-18 12:25:24", "elapsed": 0.088034, "delta": 0.002997}}
{"target": 0.3657167091703317, "params": {"C": 4.866423540055354, "epsilon": 3.396691408249422, "gamma": 0.8781546891790702}, "datetime": {"datetime": "2021-09-18 12:25:24", "elapsed": 0.103006, "delta": 0.014972}}
{"target": 0.8226952955163391, "params": {"C": 25.869811545652734, "epsilon": 1.5647709625643438, "gamma": 0.34299890905139724}, "datetime": {"datetime": "2021-09-18 12:25:24", "elapsed": 0.402001, "delta": 0.298995}}
{"target": 0.647112251603731, "params": {"C": 38.13908576052515, "epsilon": 0.0001, "gamma": 1.0}, "datetime": {"datetime": "2021-09-18 12:25:24", "elapsed": 0.644004, "delta": 0.242003}}
{"target": 0.6455820173583668, "params": {"C": 83.65211760176156, "epsilon": 0.0001, "gamma": 1.0}, "datetime": {"datetime": "2021-09-18 12:25:24", "elapsed": 0.884004, "delta": 0.24}}
{"target": 0.6455930965042003, "params": {"C": 73.30871768731761, "epsilon": 0.0001, "gamma": 1.0}, "datetime": {"datetime": "2021-09-18 12:25:25", "elapsed": 1.163041, "delta": 0.279037}}
{"target": 0.5397958009503079, "params": {"C": 100.0, "epsilon": 0.0001, "gamma": 0.0001}, "datetime": {"datetime": "2021-09-18 12:25:25", "elapsed": 1.448999, "delta": 0.285958}}
{"target": -0.22248280671366705, "params": {"C": 1.0, "epsilon": 20.0, "gamma": 0.0001}, "datetime": {"datetime": "2021-09-18 12:25:25", "elapsed": 1.656004, "delta": 0.207005}}
{"target": 0.8526632380978493, "params": {"C": 60.272187282653114, "epsilon": 0.19370276182860668, "gamma": 0.2824185833680665}, "datetime": {"datetime": "2021-09-18 12:25:25", "elapsed": 1.920997, "delta": 0.264993}}
{"target": 0.4467929107124632, "params": {"C": 52.84124596189918, "epsilon": 0.0001, "gamma": 0.0001}, "datetime": {"datetime": "2021-09-18 12:25:26", "elapsed": 2.166006, "delta": 0.245009}}
{"target": 0.8530759605695002, "params": {"C": 64.58467207064376, "epsilon": 0.06826113390009084, "gamma": 0.28299300879014777}, "datetime": {"datetime": "2021-09-18 12:25:26", "elapsed": 2.511001, "delta": 0.344995}}
{"target": 0.6473923999050006, "params": {"C": 30.86032112335309, "epsilon": 0.0001, "gamma": 1.0}, "datetime": {"datetime": "2021-09-18 12:25:26", "elapsed": 2.755001, "delta": 0.244}}
{"target": 0.39073194011659984, "params": {"C": 29.376424606725212, "epsilon": 7.967183990247736, "gamma": 1.0}, "datetime": {"datetime": "2021-09-18 12:25:27", "elapsed": 3.0, "delta": 0.244999}}
{"target": 0.2882606814862182, "params": {"C": 20.298094315010456, "epsilon": 0.0001, "gamma": 0.0001}, "datetime": {"datetime": "2021-09-18 12:25:27", "elapsed": 3.24604, "delta": 0.24604}}
{"target": 0.5605001092932473, "params": {"C": 61.991717158779224, "epsilon": 4.026885984748729, "gamma": 1.0}, "datetime": {"datetime": "2021-09-18 12:25:27", "elapsed": 3.530996, "delta": 0.284956}}
{"target": 0.3830054618409586, "params": {"C": 35.377483701852576, "epsilon": 4.558665114413364, "gamma": 0.0001}, "datetime": {"datetime": "2021-09-18 12:25:27", "elapsed": 3.765001, "delta": 0.234005}}
{"target": 0.6969337737210074, "params": {"C": 68.5711250623639, "epsilon": 0.35738814290604626, "gamma": 0.8116460071136836}, "datetime": {"datetime": "2021-09-18 12:25:28", "elapsed": 4.034001, "delta": 0.269}}
{"target": 0.4932455767138808, "params": {"C": 78.60745264208829, "epsilon": 4.7811202560408335, "gamma": 0.0001}, "datetime": {"datetime": "2021-09-18 12:25:28", "elapsed": 4.265005, "delta": 0.231004}}
{"target": 0.6747226325171293, "params": {"C": 90.831377867564, "epsilon": 0.3330027323534531, "gamma": 0.8889081985762197}, "datetime": {"datetime": "2021-09-18 12:25:28", "elapsed": 4.567643, "delta": 0.302638}}
{"target": 0.3478976280707643, "params": {"C": 27.950794181478216, "epsilon": 3.5449308047037906, "gamma": 0.0001}, "datetime": {"datetime": "2021-09-18 12:25:28", "elapsed": 4.799683, "delta": 0.23204}}
{"target": 0.7305824022493931, "params": {"C": 46.93220128498478, "epsilon": 2.717052567393402, "gamma": 0.5673765716964347}, "datetime": {"datetime": "2021-09-18 12:25:28", "elapsed": 4.914643, "delta": 0.11496}}
{"target": 0.1410791634424372, "params": {"C": 91.22874335071576, "epsilon": 12.453528903655275, "gamma": 0.969284833454884}, "datetime": {"datetime": "2021-09-18 12:25:29", "elapsed": 5.009647, "delta": 0.095004}}
{"target": 0.5805261337672858, "params": {"C": 80.60053465455859, "epsilon": 6.359258159683955, "gamma": 0.6065687661460742}, "datetime": {"datetime": "2021-09-18 12:25:29", "elapsed": 5.117645, "delta": 0.107998}}
{"target": 0.7122207001227172, "params": {"C": 23.7741430028068, "epsilon": 1.295829871998903, "gamma": 0.7038752628531468}, "datetime": {"datetime": "2021-09-18 12:25:29", "elapsed": 5.249647, "delta": 0.132002}}
{"target": 0.7459515903527456, "params": {"C": 62.6871507162383, "epsilon": 0.05049310681443717, "gamma": 0.6561276677568927}, "datetime": {"datetime": "2021-09-18 12:25:29", "elapsed": 5.698683, "delta": 0.449036}}
{"target": 0.8871178330709248, "params": {"C": 66.29776010316847, "epsilon": 2.2470997318361046, "gamma": 0.12114533391707057}, "datetime": {"datetime": "2021-09-18 12:25:30", "elapsed": 6.116647, "delta": 0.417964}}
{"target": 0.882947521136365, "params": {"C": 57.96810517433342, "epsilon": 2.1039665354955086, "gamma": 0.13746924716278353}, "datetime": {"datetime": "2021-09-18 12:25:30", "elapsed": 6.500169, "delta": 0.383522}}
{"target": 0.706489934061847, "params": {"C": 58.305448944681025, "epsilon": 0.1739837674260266, "gamma": 0.7838935085915857}, "datetime": {"datetime": "2021-09-18 12:25:30", "elapsed": 6.766213, "delta": 0.266044}}
{"target": 0.8316112799984852, "params": {"C": 57.715508672048934, "epsilon": 4.716106155252784, "gamma": 0.10634249915930233}, "datetime": {"datetime": "2021-09-18 12:25:31", "elapsed": 7.072175, "delta": 0.305962}}
{"target": 0.6713259083340835, "params": {"C": 43.64100600803117, "epsilon": 0.18596227322641623, "gamma": 0.9062995806431808}, "datetime": {"datetime": "2021-09-18 12:25:31", "elapsed": 7.452853, "delta": 0.380678}}
{"target": 0.5348559000589168, "params": {"C": 43.60382445779907, "epsilon": 4.7855632773813745, "gamma": 1.0}, "datetime": {"datetime": "2021-09-18 12:25:31", "elapsed": 7.811496, "delta": 0.358643}}
{"target": 0.5003926128305822, "params": {"C": 69.51857195805084, "epsilon": 3.8596454570463186, "gamma": 0.0001}, "datetime": {"datetime": "2021-09-18 12:25:32", "elapsed": 8.152636, "delta": 0.34114}}
{"target": 0.8276707012306722, "params": {"C": 87.11211151738324, "epsilon": 3.1809825038181896, "gamma": 0.22981612382959846}, "datetime": {"datetime": "2021-09-18 12:25:32", "elapsed": 8.436713, "delta": 0.284077}}
{"target": 0.7770026551269138, "params": {"C": 89.858845840249, "epsilon": 4.666443597126401, "gamma": 0.24906808448210735}, "datetime": {"datetime": "2021-09-18 12:25:32", "elapsed": 8.725414, "delta": 0.288701}}
{"target": 0.8049517926510339, "params": {"C": 86.31732929388616, "epsilon": 6.673862560258631, "gamma": 0.05035411582253253}, "datetime": {"datetime": "2021-09-18 12:25:33", "elapsed": 9.058407, "delta": 0.332993}}
{"target": 0.7921723639632021, "params": {"C": 83.88148150517208, "epsilon": 4.0262751394534835, "gamma": 0.26027216857010227}, "datetime": {"datetime": "2021-09-18 12:25:33", "elapsed": 9.355411, "delta": 0.297004}}
{"target": -0.19871387143650865, "params": {"C": 62.335190453799754, "epsilon": 20.0, "gamma": 1.0}, "datetime": {"datetime": "2021-09-18 12:25:33", "elapsed": 9.638413, "delta": 0.283002}}
{"target": 0.2676570572160474, "params": {"C": 12.813992998648613, "epsilon": 10.250318504758438, "gamma": 1.0}, "datetime": {"datetime": "2021-09-18 12:25:33", "elapsed": 9.956821, "delta": 0.318408}}
{"target": -0.163974141286235, "params": {"C": 75.31289616927442, "epsilon": 20.0, "gamma": 0.0001}, "datetime": {"datetime": "2021-09-18 12:25:34", "elapsed": 10.254074, "delta": 0.297253}}
{"target": -0.15233693132053072, "params": {"C": 100.0, "epsilon": 20.0, "gamma": 0.0001}, "datetime": {"datetime": "2021-09-18 12:25:34", "elapsed": 10.559143, "delta": 0.305069}}
{"target": -0.1972244491918842, "params": {"C": 33.65463312485791, "epsilon": 19.989195365801294, "gamma": 0.8575869188361449}, "datetime": {"datetime": "2021-09-18 12:25:34", "elapsed": 10.892179, "delta": 0.333036}}
{"target": -0.1923136566579946, "params": {"C": 50.83648528504312, "epsilon": 19.834107592729275, "gamma": 0.768961185566008}, "datetime": {"datetime": "2021-09-18 12:25:35", "elapsed": 11.263179, "delta": 0.371}}
{"target": 0.848825187818459, "params": {"C": 10.463496478960334, "epsilon": 0.1951832523783212, "gamma": 0.05442389254917903}, "datetime": {"datetime": "2021-09-18 12:25:35", "elapsed": 11.640149, "delta": 0.37697}}
{"target": -0.19871387143650865, "params": {"C": 11.60064851274348, "epsilon": 20.0, "gamma": 1.0}, "datetime": {"datetime": "2021-09-18 12:25:35", "elapsed": 11.927143, "delta": 0.286994}}
{"target": 0.012581817231180015, "params": {"C": 1.0, "epsilon": 9.598148537054486, "gamma": 0.0001}, "datetime": {"datetime": "2021-09-18 12:25:36", "elapsed": 12.309779, "delta": 0.382636}}
{"target": 0.8764196366568728, "params": {"C": 94.84893560213655, "epsilon": 1.4009483412935189, "gamma": 0.1743242410032135}, "datetime": {"datetime": "2021-09-18 12:25:36", "elapsed": 12.670943, "delta": 0.361164}}
{"target": 0.47819524525964885, "params": {"C": 10.204107775578999, "epsilon": 3.5033901044901796, "gamma": 0.9290010156142021}, "datetime": {"datetime": "2021-09-18 12:25:37", "elapsed": 13.03759, "delta": 0.366647}}
{"target": 0.720258288631938, "params": {"C": 13.679561204344367, "epsilon": 0.014821728019484094, "gamma": 0.529572134106822}, "datetime": {"datetime": "2021-09-18 12:25:37", "elapsed": 13.397589, "delta": 0.359999}}
{"target": 0.8959478390392465, "params": {"C": 78.12719918281822, "epsilon": 0.012881939735667817, "gamma": 0.06748297632211632}, "datetime": {"datetime": "2021-09-18 12:25:37", "elapsed": 13.826257, "delta": 0.428668}}
{"target": 0.3266096530291974, "params": {"C": 1.0535277440694526, "epsilon": 0.1521203008754022, "gamma": 0.3485348357919882}, "datetime": {"datetime": "2021-09-18 12:25:38", "elapsed": 14.247304, "delta": 0.421047}}
{"target": 0.7126928768678711, "params": {"C": 48.63307419021385, "epsilon": 6.6474338961347135, "gamma": 0.19942990952579404}, "datetime": {"datetime": "2021-09-18 12:25:38", "elapsed": 14.552131, "delta": 0.304827}}
{"target": 0.31412874460347384, "params": {"C": 82.72701993834156, "epsilon": 10.918214846742458, "gamma": 0.0001}, "datetime": {"datetime": "2021-09-18 12:25:38", "elapsed": 14.884121, "delta": 0.33199}}
{"target": 0.7272860796331581, "params": {"C": 26.3786478787416, "epsilon": 0.06523699466898873, "gamma": 0.7211355999497825}, "datetime": {"datetime": "2021-09-18 12:25:39", "elapsed": 15.317125, "delta": 0.433004}}
{"target": 0.5637423831135844, "params": {"C": 93.59122980570635, "epsilon": 3.9673017777730597, "gamma": 0.9949057883870998}, "datetime": {"datetime": "2021-09-18 12:25:39", "elapsed": 15.710129, "delta": 0.393004}}
{"target": 0.2603250904701807, "params": {"C": 100.0, "epsilon": 10.425793964517075, "gamma": 1.0}, "datetime": {"datetime": "2021-09-18 12:25:40", "elapsed": 16.143951, "delta": 0.433822}}
{"target": 0.8831913335137542, "params": {"C": 33.4957565529549, "epsilon": 0.92753221125409, "gamma": 0.07883525083858749}, "datetime": {"datetime": "2021-09-18 12:25:40", "elapsed": 16.489592, "delta": 0.345641}}
{"target": 0.8576108276926835, "params": {"C": 53.929831560682004, "epsilon": 4.362021545763591, "gamma": 0.03166240661456491}, "datetime": {"datetime": "2021-09-18 12:25:40", "elapsed": 16.869816, "delta": 0.380224}}
{"target": 0.6503823260148358, "params": {"C": 96.14007764436109, "epsilon": 0.03505234904876109, "gamma": 0.9816010702157764}, "datetime": {"datetime": "2021-09-18 12:25:41", "elapsed": 17.321815, "delta": 0.451999}}
{"target": 0.575245602931623, "params": {"C": 51.20240893425342, "epsilon": 4.358469572239002, "gamma": 0.9044469080616869}, "datetime": {"datetime": "2021-09-18 12:25:41", "elapsed": 17.747122, "delta": 0.425307}}
{"target": 0.24129555329502295, "params": {"C": 73.56439885110233, "epsilon": 10.750987708382137, "gamma": 1.0}, "datetime": {"datetime": "2021-09-18 12:25:42", "elapsed": 18.129746, "delta": 0.382624}}
{"target": 0.5368661272219113, "params": {"C": 100.0, "epsilon": 4.180416862432769, "gamma": 0.0001}, "datetime": {"datetime": "2021-09-18 12:25:42", "elapsed": 18.560546, "delta": 0.4308}}
{"target": 0.6845861251075778, "params": {"C": 79.98639529877435, "epsilon": 0.5800411589642027, "gamma": 0.8476884571488214}, "datetime": {"datetime": "2021-09-18 12:25:43", "elapsed": 19.052542, "delta": 0.491996}}
{"target": 0.5973849697905513, "params": {"C": 7.954475147066024, "epsilon": 0.02553810355563668, "gamma": 0.5804015227451171}, "datetime": {"datetime": "2021-09-18 12:25:43", "elapsed": 19.536552, "delta": 0.48401}}
{"target": 0.638997157475928, "params": {"C": 32.57605469042056, "epsilon": 2.4401298423900353, "gamma": 0.8803695610009241}, "datetime": {"datetime": "2021-09-18 12:25:44", "elapsed": 19.983588, "delta": 0.447036}}
{"target": 0.5310349124140796, "params": {"C": 61.849962962156866, "epsilon": 10.698374800128777, "gamma": 0.07207547416077913}, "datetime": {"datetime": "2021-09-18 12:25:44", "elapsed": 20.397927, "delta": 0.414339}}
{"target": 0.6159805805717493, "params": {"C": 55.85930140329621, "epsilon": 2.759584032615981, "gamma": 0.9319223920037016}, "datetime": {"datetime": "2021-09-18 12:25:44", "elapsed": 20.801173, "delta": 0.403246}}
{"target": 0.6357007121635931, "params": {"C": 76.4136882766022, "epsilon": 0.9254961555244342, "gamma": 1.0}, "datetime": {"datetime": "2021-09-18 12:25:45", "elapsed": 21.243214, "delta": 0.442041}}
{"target": 0.20119617119678335, "params": {"C": 23.077981787468385, "epsilon": 9.937560397095694, "gamma": 0.0001}, "datetime": {"datetime": "2021-09-18 12:25:45", "elapsed": 21.617175, "delta": 0.373961}}
{"target": 0.2656527193261844, "params": {"C": 48.079669323190245, "epsilon": 10.618079540543809, "gamma": 0.0001}, "datetime": {"datetime": "2021-09-18 12:25:46", "elapsed": 21.991213, "delta": 0.374038}}
{"target": 0.5158161150978667, "params": {"C": 87.25519690866139, "epsilon": 0.0001, "gamma": 0.0001}, "datetime": {"datetime": "2021-09-18 12:25:46", "elapsed": 22.393991, "delta": 0.402778}}
{"target": 0.5236913562265489, "params": {"C": 87.1772422235643, "epsilon": 5.096010741520856, "gamma": 1.0}, "datetime": {"datetime": "2021-09-18 12:25:46", "elapsed": 22.930822, "delta": 0.536831}}
{"target": 0.21239120204907036, "params": {"C": 34.19850670529697, "epsilon": 11.28974006239106, "gamma": 0.0001}, "datetime": {"datetime": "2021-09-18 12:25:47", "elapsed": 23.320833, "delta": 0.390011}}
{"target": 0.7710787025509965, "params": {"C": 48.16853475750132, "epsilon": 0.08222730198239099, "gamma": 0.5750957081203556}, "datetime": {"datetime": "2021-09-18 12:25:47", "elapsed": 23.774821, "delta": 0.453988}}
{"target": 0.8518750964447568, "params": {"C": 35.100459745598236, "epsilon": 0.11230353387980889, "gamma": 0.29744015251412165}, "datetime": {"datetime": "2021-09-18 12:25:48", "elapsed": 24.19283, "delta": 0.418009}}
{"target": 0.4869339127961474, "params": {"C": 59.89603787602237, "epsilon": 2.413494544374403, "gamma": 0.0001}, "datetime": {"datetime": "2021-09-18 12:25:48", "elapsed": 24.578855, "delta": 0.386025}}
{"target": 0.7195469157613923, "params": {"C": 65.14820631505036, "epsilon": 4.665544551683638, "gamma": 0.41376353481839045}, "datetime": {"datetime": "2021-09-18 12:25:48", "elapsed": 24.96382, "delta": 0.384965}}
{"target": 0.8647756949972429, "params": {"C": 93.29276707627541, "epsilon": 0.2986668999855143, "gamma": 0.03146946849568948}, "datetime": {"datetime": "2021-09-18 12:25:49", "elapsed": 25.410568, "delta": 0.446748}}
{"target": 0.6798297772618307, "params": {"C": 58.861536926378896, "epsilon": 8.027709988125725, "gamma": 0.11423524069882954}, "datetime": {"datetime": "2021-09-18 12:25:49", "elapsed": 25.775567, "delta": 0.364999}}
{"target": 0.7364310091928946, "params": {"C": 84.06157567088565, "epsilon": 6.720509847119708, "gamma": 0.1366555075680566}, "datetime": {"datetime": "2021-09-18 12:25:50", "elapsed": 26.193605, "delta": 0.418038}}
{"target": 0.39286902907416177, "params": {"C": 87.59300354031689, "epsilon": 8.998749290762271, "gamma": 0.0001}, "datetime": {"datetime": "2021-09-18 12:25:50", "elapsed": 26.68757, "delta": 0.493965}}
{"target": 0.15943322040363472, "params": {"C": 57.42591176111429, "epsilon": 13.303847251661589, "gamma": 0.0001}, "datetime": {"datetime": "2021-09-18 12:25:51", "elapsed": 27.091219, "delta": 0.403649}}
{"target": 0.053520509250233106, "params": {"C": 67.29120815922849, "epsilon": 13.87197281288092, "gamma": 1.0}, "datetime": {"datetime": "2021-09-18 12:25:51", "elapsed": 27.480993, "delta": 0.389774}}
{"target": 0.8894381767441499, "params": {"C": 90.61797004341071, "epsilon": 2.3236809979825983, "gamma": 0.05466016163305378}, "datetime": {"datetime": "2021-09-18 12:25:52", "elapsed": 27.993037, "delta": 0.512044}}
{"target": 0.44556656969069264, "params": {"C": 62.34541277027406, "epsilon": 7.505932077268144, "gamma": 0.8639376623423033}, "datetime": {"datetime": "2021-09-18 12:25:52", "elapsed": 28.402037, "delta": 0.409}}
{"target": 0.6151399395226266, "params": {"C": 64.82271052419088, "epsilon": 2.023331707460277, "gamma": 1.0}, "datetime": {"datetime": "2021-09-18 12:25:52", "elapsed": 28.804995, "delta": 0.402958}}
{"target": 0.8946635798469671, "params": {"C": 66.66848876052985, "epsilon": 0.018473578521230095, "gamma": 0.06845905609156029}, "datetime": {"datetime": "2021-09-18 12:25:53", "elapsed": 29.349997, "delta": 0.545002}}
{"target": 0.8147905146946626, "params": {"C": 55.48241298055775, "epsilon": 5.737120314906159, "gamma": 0.07448205510551496}, "datetime": {"datetime": "2021-09-18 12:25:53", "elapsed": 29.760997, "delta": 0.411}}
{"target": 0.5960311901454497, "params": {"C": 22.75237155059359, "epsilon": 4.308342696600561, "gamma": 0.8370016044566003}, "datetime": {"datetime": "2021-09-18 12:25:54", "elapsed": 30.193001, "delta": 0.432004}}
{"target": -0.19871387143650865, "params": {"C": 42.223540283783045, "epsilon": 20.0, "gamma": 1.0}, "datetime": {"datetime": "2021-09-18 12:25:54", "elapsed": 30.59459, "delta": 0.401589}}
{"target": 0.8845177695478533, "params": {"C": 46.116359609196984, "epsilon": 0.0501577512100987, "gamma": 0.05892495057667416}, "datetime": {"datetime": "2021-09-18 12:25:55", "elapsed": 31.069584, "delta": 0.474994}}
{"target": 0.3823974038860797, "params": {"C": 40.17509226418688, "epsilon": 8.423469386521312, "gamma": 0.9280915150900219}, "datetime": {"datetime": "2021-09-18 12:25:55", "elapsed": 31.489586, "delta": 0.420002}}
{"target": 0.11971849057211903, "params": {"C": 7.122503998698912, "epsilon": 12.895722448463774, "gamma": 1.0}, "datetime": {"datetime": "2021-09-18 12:25:56", "elapsed": 31.985581, "delta": 0.495995}}
{"target": 0.5517858680270993, "params": {"C": 96.85030218070885, "epsilon": 2.8013589131793006, "gamma": 0.0001}, "datetime": {"datetime": "2021-09-18 12:25:56", "elapsed": 32.424589, "delta": 0.439008}}
{"target": 0.026067334577334123, "params": {"C": 28.238271985663037, "epsilon": 14.369258958545199, "gamma": 1.0}, "datetime": {"datetime": "2021-09-18 12:25:56", "elapsed": 32.921589, "delta": 0.497}}
{"target": 0.4143796987520657, "params": {"C": 40.26691553475481, "epsilon": 2.6768860286962277, "gamma": 0.0001}, "datetime": {"datetime": "2021-09-18 12:25:57", "elapsed": 33.472584, "delta": 0.550995}}
{"target": 0.2743413643775203, "params": {"C": 17.67454997282219, "epsilon": 10.380561715851218, "gamma": 0.9289576944936682}, "datetime": {"datetime": "2021-09-18 12:25:57", "elapsed": 33.849585, "delta": 0.377001}}
