{"target": -2.6616072225429868, "params": {"C": 47.49495988481125, "epsilon": 0.9011505958633861, "gamma": 0.20121215098603976}, "datetime": {"datetime": "2021-09-18 10:20:01", "elapsed": 111.876293, "delta": 0.708672}}
{"target": -3.002694577730077, "params": {"C": 32.2400398425719, "epsilon": 1.2609265851024924, "gamma": 0.287785596515226}, "datetime": {"datetime": "2021-09-18 10:20:02", "elapsed": 113.256474, "delta": 1.380181}}
{"target": -2.9043546913348264, "params": {"C": 64.32209783096808, "epsilon": 0.2822024375847555, "gamma": 0.29266847054081624}, "datetime": {"datetime": "2021-09-18 10:20:03", "elapsed": 114.324395, "delta": 1.067921}}
{"target": -2.629650666429923, "params": {"C": 27.084314755449007, "epsilon": 0.505407693198802, "gamma": 0.23293662251315206}, "datetime": {"datetime": "2021-09-18 10:20:04", "elapsed": 115.3555, "delta": 1.031105}}
{"target": -2.6109723523871615, "params": {"C": 45.280608345945886, "epsilon": 1.720101157026527, "gamma": 0.005735456708830156}, "datetime": {"datetime": "2021-09-18 10:20:05", "elapsed": 116.23267, "delta": 0.87717}}
{"target": -2.2208091376900883, "params": {"C": 25.853142533066748, "epsilon": 0.9751033786379923, "gamma": 0.02809566142009376}, "datetime": {"datetime": "2021-09-18 10:20:06", "elapsed": 117.215881, "delta": 0.983211}}
{"target": -2.9170642324671103, "params": {"C": 18.09949570903285, "epsilon": 0.39487430148794694, "gamma": 0.27097612539603355}, "datetime": {"datetime": "2021-09-18 10:20:07", "elapsed": 117.867184, "delta": 0.651303}}
{"target": -4.756708574482734, "params": {"C": 14.205662586295526, "epsilon": 6.823947222223536, "gamma": 0.12197147562690022}, "datetime": {"datetime": "2021-09-18 10:20:08", "elapsed": 118.466902, "delta": 0.599718}}
{"target": -2.7057445625188983, "params": {"C": 25.597767013141848, "epsilon": 1.5118422909771925, "gamma": 0.18481542979087487}, "datetime": {"datetime": "2021-09-18 10:20:08", "elapsed": 119.153689, "delta": 0.686787}}
{"target": -2.957813203394964, "params": {"C": 51.97773803799483, "epsilon": 2.4209003450450517, "gamma": 0.18549141930610064}, "datetime": {"datetime": "2021-09-18 10:20:09", "elapsed": 120.105128, "delta": 0.951439}}
{"target": -2.4868892869037293, "params": {"C": 59.95141490405386, "epsilon": 0.001, "gamma": 0.18969801080519239}, "datetime": {"datetime": "2021-09-18 10:20:10", "elapsed": 121.048532, "delta": 0.943404}}
{"target": -2.543200077073138, "params": {"C": 13.055151170569905, "epsilon": 2.114803683812638, "gamma": 0.031152653334303025}, "datetime": {"datetime": "2021-09-18 10:20:11", "elapsed": 121.729822, "delta": 0.68129}}
{"target": -2.9029930590801634, "params": {"C": 45.88325524621778, "epsilon": 0.7342848443011779, "gamma": 0.284728352321771}, "datetime": {"datetime": "2021-09-18 10:20:12", "elapsed": 122.969846, "delta": 1.240024}}
{"target": -2.5508547672602195, "params": {"C": 31.572250365805242, "epsilon": 0.5195789994530088, "gamma": 0.006516207428788889}, "datetime": {"datetime": "2021-09-18 10:20:13", "elapsed": 124.078885, "delta": 1.109039}}
{"target": -1.9951770404212745, "params": {"C": 45.50451020225083, "epsilon": 0.07850224689468022, "gamma": 0.05591069975073276}, "datetime": {"datetime": "2021-09-18 10:20:14", "elapsed": 124.780402, "delta": 0.701517}}
{"target": -2.174153219573367, "params": {"C": 28.31372878360729, "epsilon": 0.4452142167909991, "gamma": 0.02662805137894199}, "datetime": {"datetime": "2021-09-18 10:20:15", "elapsed": 126.106597, "delta": 1.326195}}
{"target": -3.397620699521306, "params": {"C": 51.871996065434246, "epsilon": 1.859151319107652, "gamma": 0.001}, "datetime": {"datetime": "2021-09-18 10:20:16", "elapsed": 127.167747, "delta": 1.06115}}
{"target": -2.3031746652585197, "params": {"C": 26.105602505493867, "epsilon": 1.0335516700434721, "gamma": 0.021256941932022957}, "datetime": {"datetime": "2021-09-18 10:20:17", "elapsed": 127.912429, "delta": 0.744682}}
{"target": -3.1563068336783475, "params": {"C": 26.669938056658978, "epsilon": 0.9333223155687432, "gamma": 0.0020604852317213304}, "datetime": {"datetime": "2021-09-18 10:20:18", "elapsed": 129.134967, "delta": 1.222538}}
{"target": -3.245242160887637, "params": {"C": 62.03130692770725, "epsilon": 0.3362969801366479, "gamma": 0.001}, "datetime": {"datetime": "2021-09-18 10:20:19", "elapsed": 130.057528, "delta": 0.922561}}
{"target": -2.420539186006284, "params": {"C": 26.59403460155123, "epsilon": 0.49288123959151786, "gamma": 0.010332478645594806}, "datetime": {"datetime": "2021-09-18 10:20:20", "elapsed": 131.058905, "delta": 1.001377}}
{"target": -2.9048996956169204, "params": {"C": 62.574626149286246, "epsilon": 0.505604300472562, "gamma": 0.28183369547454923}, "datetime": {"datetime": "2021-09-18 10:20:21", "elapsed": 132.176036, "delta": 1.117131}}
{"target": -2.557437038792611, "params": {"C": 45.510879862465345, "epsilon": 0.011551765930061991, "gamma": 0.21687559084393948}, "datetime": {"datetime": "2021-09-18 10:20:22", "elapsed": 133.265358, "delta": 1.089322}}
{"target": -3.9262787114312308, "params": {"C": 22.352685087993613, "epsilon": 4.355925512827884, "gamma": 0.2413199286400239}, "datetime": {"datetime": "2021-09-18 10:20:23", "elapsed": 134.006787, "delta": 0.741429}}
{"target": -2.4294065637979543, "params": {"C": 28.48744998989769, "epsilon": 0.5577163113955147, "gamma": 0.1693973529189828}, "datetime": {"datetime": "2021-09-18 10:20:24", "elapsed": 135.343573, "delta": 1.336786}}
{"target": -2.1338663073656288, "params": {"C": 33.429980977764565, "epsilon": 0.47649959352170024, "gamma": 0.035321444270838165}, "datetime": {"datetime": "2021-09-18 10:20:25", "elapsed": 136.36615, "delta": 1.022577}}
{"target": -3.2369799884144164, "params": {"C": 27.937896170188495, "epsilon": 0.14007660493075733, "gamma": 0.0015386331528987032}, "datetime": {"datetime": "2021-09-18 10:20:26", "elapsed": 137.375767, "delta": 1.009617}}
{"target": -2.861278591085566, "params": {"C": 20.102821234174066, "epsilon": 2.612396156619635, "gamma": 0.1376736739085794}, "datetime": {"datetime": "2021-09-18 10:20:27", "elapsed": 138.041055, "delta": 0.665288}}
{"target": -2.8102504368724235, "params": {"C": 62.14948569727425, "epsilon": 0.6802928599489785, "gamma": 0.002184632576105897}, "datetime": {"datetime": "2021-09-18 10:20:28", "elapsed": 138.959875, "delta": 0.91882}}
{"target": -4.394418117279826, "params": {"C": 17.024404777109503, "epsilon": 5.432967808914284, "gamma": 0.2306743185667924}, "datetime": {"datetime": "2021-09-18 10:20:29", "elapsed": 139.646504, "delta": 0.686629}}
{"target": -2.097524060429335, "params": {"C": 28.44009211725053, "epsilon": 0.1588947797982753, "gamma": 0.09330303065835072}, "datetime": {"datetime": "2021-09-18 10:20:30", "elapsed": 140.81172, "delta": 1.165216}}
{"target": -2.1532436417783427, "params": {"C": 28.676878017354817, "epsilon": 0.08429868371745786, "gamma": 0.029882253957766045}, "datetime": {"datetime": "2021-09-18 10:20:31", "elapsed": 142.373347, "delta": 1.561627}}
{"target": -2.7358619025763633, "params": {"C": 32.96330352493054, "epsilon": 0.6063804338960105, "gamma": 0.2478405542094533}, "datetime": {"datetime": "2021-09-18 10:20:33", "elapsed": 143.508663, "delta": 1.135316}}
{"target": -2.959651730620944, "params": {"C": 23.885889122888273, "epsilon": 2.220759567282558, "gamma": 0.2057257295669499}, "datetime": {"datetime": "2021-09-18 10:20:33", "elapsed": 144.225595, "delta": 0.716932}}
{"target": -2.1143387730005156, "params": {"C": 27.54035004510981, "epsilon": 0.16786797512257362, "gamma": 0.09694312667877969}, "datetime": {"datetime": "2021-09-18 10:20:34", "elapsed": 145.183333, "delta": 0.957738}}
{"target": -2.5733275894796352, "params": {"C": 64.05442845074346, "epsilon": 0.3541071204348547, "gamma": 0.0038057284755833596}, "datetime": {"datetime": "2021-09-18 10:20:35", "elapsed": 146.370343, "delta": 1.18701}}
{"target": -2.766742397109118, "params": {"C": 28.74468487793638, "epsilon": 0.06598586428756022, "gamma": 0.28963122801832913}, "datetime": {"datetime": "2021-09-18 10:20:36", "elapsed": 147.329587, "delta": 0.959244}}
{"target": -2.6694343141332335, "params": {"C": 45.500588999816316, "epsilon": 0.7460948560325835, "gamma": 0.0036860371660422065}, "datetime": {"datetime": "2021-09-18 10:20:37", "elapsed": 148.341383, "delta": 1.011796}}
{"target": -2.7381136068142964, "params": {"C": 28.305221646850637, "epsilon": 0.33150132223973, "gamma": 0.26889363991611276}, "datetime": {"datetime": "2021-09-18 10:20:39", "elapsed": 149.440501, "delta": 1.099118}}
{"target": -4.522717001323254, "params": {"C": 17.999211181338275, "epsilon": 5.687375214384845, "gamma": 0.24146255596606567}, "datetime": {"datetime": "2021-09-18 10:20:39", "elapsed": 150.198895, "delta": 0.758394}}
{"target": -2.2627327210332626, "params": {"C": 28.638489698754206, "epsilon": 0.2825165457303408, "gamma": 0.017367631544173912}, "datetime": {"datetime": "2021-09-18 10:20:41", "elapsed": 151.398567, "delta": 1.199672}}
{"target": -3.9317970776426954, "params": {"C": 22.233963981410696, "epsilon": 6.328112193855227, "gamma": 0.04506128860418088}, "datetime": {"datetime": "2021-09-18 10:20:41", "elapsed": 152.122329, "delta": 0.723762}}
{"target": -2.2150570832803718, "params": {"C": 27.473053998918264, "epsilon": 0.0025442947545128197, "gamma": 0.023702370984493126}, "datetime": {"datetime": "2021-09-18 10:20:42", "elapsed": 153.297189, "delta": 1.17486}}
{"target": -2.183033437794594, "params": {"C": 19.742649547170682, "epsilon": 0.8458336695862936, "gamma": 0.046535452486027695}, "datetime": {"datetime": "2021-09-18 10:20:44", "elapsed": 154.517237, "delta": 1.220048}}
{"target": -2.3218869454587683, "params": {"C": 42.70260260644198, "epsilon": 0.6065654502731215, "gamma": 0.1367119097663602}, "datetime": {"datetime": "2021-09-18 10:20:44", "elapsed": 155.239149, "delta": 0.721912}}
{"target": -2.4144906283477146, "params": {"C": 68.83065441195892, "epsilon": 3.3188495356512475, "gamma": 0.0376077272744115}, "datetime": {"datetime": "2021-09-18 10:20:45", "elapsed": 156.02705, "delta": 0.787901}}
{"target": -3.5348918978246338, "params": {"C": 28.546243503329137, "epsilon": 1.2566644343107842, "gamma": 0.001}, "datetime": {"datetime": "2021-09-18 10:20:46", "elapsed": 157.333244, "delta": 1.306194}}
{"target": -2.6514521615350612, "params": {"C": 19.930772477081074, "epsilon": 0.8126393306681162, "gamma": 0.19537044994805353}, "datetime": {"datetime": "2021-09-18 10:20:48", "elapsed": 158.848105, "delta": 1.514861}}
{"target": -2.895256285864529, "params": {"C": 26.58249292366894, "epsilon": 1.6012312965771691, "gamma": 0.2333372119898685}, "datetime": {"datetime": "2021-09-18 10:20:49", "elapsed": 159.795406, "delta": 0.947301}}
{"target": -2.4202416817929837, "params": {"C": 61.64501744041748, "epsilon": 0.503640076255527, "gamma": 0.006870289799883663}, "datetime": {"datetime": "2021-09-18 10:20:50", "elapsed": 161.054661, "delta": 1.259255}}
{"target": -2.7465208085489703, "params": {"C": 26.981896335222867, "epsilon": 0.6409752905146388, "gamma": 0.004021523079782659}, "datetime": {"datetime": "2021-09-18 10:20:52", "elapsed": 162.639766, "delta": 1.585105}}
{"target": -2.784259677907704, "params": {"C": 40.14321305522716, "epsilon": 1.6007158054114878, "gamma": 0.20437288666864162}, "datetime": {"datetime": "2021-09-18 10:20:53", "elapsed": 163.868495, "delta": 1.228729}}
{"target": -2.0793361033599584, "params": {"C": 62.04188965419568, "epsilon": 1.1473486993638393, "gamma": 0.05387588955051817}, "datetime": {"datetime": "2021-09-18 10:20:54", "elapsed": 165.065082, "delta": 1.196587}}
{"target": -3.7007043607027255, "params": {"C": 17.519755634235747, "epsilon": 0.4651246123837412, "gamma": 0.001}, "datetime": {"datetime": "2021-09-18 10:20:56", "elapsed": 166.510265, "delta": 1.445183}}
{"target": -2.693231742320725, "params": {"C": 27.592921712929055, "epsilon": 0.016689133060493504, "gamma": 0.2734674244332438}, "datetime": {"datetime": "2021-09-18 10:20:57", "elapsed": 168.006697, "delta": 1.496432}}
{"target": -2.9116312080738567, "params": {"C": 17.71557711312823, "epsilon": 0.00706124430383131, "gamma": 0.26926188992425504}, "datetime": {"datetime": "2021-09-18 10:20:59", "elapsed": 169.65907, "delta": 1.652373}}
{"target": -2.76356387322631, "params": {"C": 27.02347094528904, "epsilon": 0.8053715319645145, "gamma": 0.2508194793846037}, "datetime": {"datetime": "2021-09-18 10:21:00", "elapsed": 171.379452, "delta": 1.720382}}
{"target": -3.557053067726607, "params": {"C": 69.36274103647199, "epsilon": 6.538861224603717, "gamma": 0.017508472485401723}, "datetime": {"datetime": "2021-09-18 10:21:01", "elapsed": 172.151874, "delta": 0.772422}}
{"target": -2.3378872980209637, "params": {"C": 45.80504472433595, "epsilon": 0.6656428346490715, "gamma": 0.011205015999430572}, "datetime": {"datetime": "2021-09-18 10:21:02", "elapsed": 173.374793, "delta": 1.222919}}
{"target": -2.234165082767836, "params": {"C": 26.863058684201313, "epsilon": 0.17362881051460616, "gamma": 0.13085900143553064}, "datetime": {"datetime": "2021-09-18 10:21:04", "elapsed": 175.296005, "delta": 1.921212}}
{"target": -2.4440844751686748, "params": {"C": 33.95037119561896, "epsilon": 1.2752122225507836, "gamma": 0.010499419698176759}, "datetime": {"datetime": "2021-09-18 10:21:05", "elapsed": 176.089256, "delta": 0.793251}}
{"target": -2.166131489263661, "params": {"C": 61.87805572177054, "epsilon": 1.0893703196966054, "gamma": 0.030231041760392457}, "datetime": {"datetime": "2021-09-18 10:21:06", "elapsed": 177.357692, "delta": 1.268436}}
{"target": -3.540802888911664, "params": {"C": 27.048427594748716, "epsilon": 1.3296353365962486, "gamma": 0.001}, "datetime": {"datetime": "2021-09-18 10:21:08", "elapsed": 178.628925, "delta": 1.271233}}
{"target": -2.1598893121454723, "params": {"C": 26.642199151195975, "epsilon": 0.09681503860960246, "gamma": 0.03118177729622401}, "datetime": {"datetime": "2021-09-18 10:21:09", "elapsed": 179.820415, "delta": 1.19149}}
{"target": -2.5587132165534503, "params": {"C": 26.558106198342596, "epsilon": 0.20594773316397305, "gamma": 0.22955945388128984}, "datetime": {"datetime": "2021-09-18 10:21:10", "elapsed": 181.053409, "delta": 1.232994}}
{"target": -2.172197199050369, "params": {"C": 19.565099258539647, "epsilon": 0.5636401076171121, "gamma": 0.07827050043327491}, "datetime": {"datetime": "2021-09-18 10:21:12", "elapsed": 182.839574, "delta": 1.786165}}
{"target": -2.3129721440677202, "params": {"C": 34.79388912199872, "epsilon": 2.214199357370427, "gamma": 0.04574109522959104}, "datetime": {"datetime": "2021-09-18 10:21:13", "elapsed": 183.693618, "delta": 0.854044}}
{"target": -2.71850953364007, "params": {"C": 25.928271451364633, "epsilon": 0.8554848874961688, "gamma": 0.23740139995520307}, "datetime": {"datetime": "2021-09-18 10:21:14", "elapsed": 185.368523, "delta": 1.674905}}
{"target": -2.4166279576142995, "params": {"C": 16.176794011871124, "epsilon": 0.4116172836088566, "gamma": 0.11703229190198254}, "datetime": {"datetime": "2021-09-18 10:21:15", "elapsed": 186.293906, "delta": 0.925383}}
{"target": -3.9981475452040165, "params": {"C": 47.97409540728815, "epsilon": 5.848748132991864, "gamma": 0.08706816554817859}, "datetime": {"datetime": "2021-09-18 10:21:16", "elapsed": 187.176522, "delta": 0.882616}}
{"target": -3.383492650742571, "params": {"C": 44.15622711035088, "epsilon": 3.201381500229204, "gamma": 0.21570029810038693}, "datetime": {"datetime": "2021-09-18 10:21:17", "elapsed": 188.183947, "delta": 1.007425}}
{"target": -3.6459729571017783, "params": {"C": 19.639281364824683, "epsilon": 0.3152453975945356, "gamma": 0.001}, "datetime": {"datetime": "2021-09-18 10:21:19", "elapsed": 189.695289, "delta": 1.511342}}
{"target": -2.8451364328953175, "params": {"C": 61.9634744553028, "epsilon": 1.0324079241329351, "gamma": 0.24562788116317513}, "datetime": {"datetime": "2021-09-18 10:21:20", "elapsed": 190.790508, "delta": 1.095219}}
{"target": -2.1641187667099406, "params": {"C": 62.04938945688792, "epsilon": 1.4095765081316347, "gamma": 0.033825203157742144}, "datetime": {"datetime": "2021-09-18 10:21:21", "elapsed": 192.105566, "delta": 1.315058}}
{"target": -2.2805826272443186, "params": {"C": 68.53111574332871, "epsilon": 1.9459036885325995, "gamma": 0.029393040277434605}, "datetime": {"datetime": "2021-09-18 10:21:22", "elapsed": 193.073054, "delta": 0.967488}}
{"target": -3.079206299617154, "params": {"C": 41.91221025362718, "epsilon": 2.3483285288118716, "gamma": 0.0024604168825497234}, "datetime": {"datetime": "2021-09-18 10:21:23", "elapsed": 193.972056, "delta": 0.899002}}
{"target": -2.621271550597369, "params": {"C": 19.59919461593762, "epsilon": 1.0572768408024589, "gamma": 0.00810886169277586}, "datetime": {"datetime": "2021-09-18 10:21:24", "elapsed": 195.105016, "delta": 1.13296}}
{"target": -2.2345457712170975, "params": {"C": 19.512113536053832, "epsilon": 0.7667544003621625, "gamma": 0.09031649037974458}, "datetime": {"datetime": "2021-09-18 10:21:26", "elapsed": 196.712204, "delta": 1.607188}}
{"target": -2.2440878510679725, "params": {"C": 27.144264081487123, "epsilon": 0.1848316304942788, "gamma": 0.020292227921953274}, "datetime": {"datetime": "2021-09-18 10:21:27", "elapsed": 198.340672, "delta": 1.628468}}
{"target": -2.152297812761251, "params": {"C": 27.539167941122034, "epsilon": 0.4662815361997552, "gamma": 0.029442463553019868}, "datetime": {"datetime": "2021-09-18 10:21:29", "elapsed": 199.457712, "delta": 1.11704}}
{"target": -2.2127038753428154, "params": {"C": 46.114676285286194, "epsilon": 0.675871454840701, "gamma": 0.020806158996723244}, "datetime": {"datetime": "2021-09-18 10:21:30", "elapsed": 201.118663, "delta": 1.660951}}
{"target": -2.7463839894270317, "params": {"C": 68.76802641411503, "epsilon": 2.076425696506471, "gamma": 0.1559815449054293}, "datetime": {"datetime": "2021-09-18 10:21:32", "elapsed": 202.607808, "delta": 1.489145}}
{"target": -2.6045037461246054, "params": {"C": 19.68616199972278, "epsilon": 0.7253765779852217, "gamma": 0.18619472597276732}, "datetime": {"datetime": "2021-09-18 10:21:33", "elapsed": 204.228114, "delta": 1.620306}}
{"target": -4.527828359140077, "params": {"C": 11.09939308783694, "epsilon": 5.055697481537934, "gamma": 0.2607802603511847}, "datetime": {"datetime": "2021-09-18 10:21:34", "elapsed": 205.087764, "delta": 0.85965}}
{"target": -2.4197623585719357, "params": {"C": 27.35499366809592, "epsilon": 0.32631951710571033, "gamma": 0.17909868186925015}, "datetime": {"datetime": "2021-09-18 10:21:36", "elapsed": 206.467006, "delta": 1.379242}}
{"target": -2.2357478999384175, "params": {"C": 50.36981276333589, "epsilon": 1.7631286377749535, "gamma": 0.07639304909817211}, "datetime": {"datetime": "2021-09-18 10:21:36", "elapsed": 207.350967, "delta": 0.883961}}
{"target": -2.9741074149313214, "params": {"C": 50.22518217093575, "epsilon": 1.586870875882423, "gamma": 0.24973763339247163}, "datetime": {"datetime": "2021-09-18 10:21:38", "elapsed": 208.791509, "delta": 1.440542}}
{"target": -3.415790630144232, "params": {"C": 50.544932717412514, "epsilon": 1.9614001647582553, "gamma": 0.001}, "datetime": {"datetime": "2021-09-18 10:21:39", "elapsed": 209.895415, "delta": 1.103906}}
{"target": -4.5704220988188125, "params": {"C": 31.48350251615879, "epsilon": 5.766459840591946, "gamma": 0.2414301516813449}, "datetime": {"datetime": "2021-09-18 10:21:40", "elapsed": 210.81982, "delta": 0.924405}}
{"target": -2.139177049252987, "params": {"C": 28.33764513076264, "epsilon": 0.7583638388141419, "gamma": 0.09118346006058851}, "datetime": {"datetime": "2021-09-18 10:21:41", "elapsed": 211.716784, "delta": 0.896964}}
{"target": -3.299230684817691, "params": {"C": 68.5273200389616, "epsilon": 1.6477897420561678, "gamma": 0.001}, "datetime": {"datetime": "2021-09-18 10:21:42", "elapsed": 213.332184, "delta": 1.6154}}
{"target": -2.9415656832940074, "params": {"C": 28.674582009178074, "epsilon": 0.8905459151863261, "gamma": 0.3}, "datetime": {"datetime": "2021-09-18 10:21:44", "elapsed": 215.317467, "delta": 1.985283}}
{"target": -3.65829973695957, "params": {"C": 19.322047244425587, "epsilon": 0.6048726956852654, "gamma": 0.001}, "datetime": {"datetime": "2021-09-18 10:21:46", "elapsed": 217.234314, "delta": 1.916847}}
{"target": -2.8835712753817533, "params": {"C": 45.50100443843403, "epsilon": 0.6467433204094201, "gamma": 0.28200241408662}, "datetime": {"datetime": "2021-09-18 10:21:48", "elapsed": 218.979365, "delta": 1.745051}}
{"target": -2.3290382113471026, "params": {"C": 34.59092560676968, "epsilon": 1.992949872016295, "gamma": 0.038560062940346224}, "datetime": {"datetime": "2021-09-18 10:21:50", "elapsed": 220.85996, "delta": 1.880595}}
{"target": -2.738604811521165, "params": {"C": 34.511728777347784, "epsilon": 2.262731512353265, "gamma": 0.14680809199705852}, "datetime": {"datetime": "2021-09-18 10:21:52", "elapsed": 222.617741, "delta": 1.757781}}
{"target": -5.07474906863139, "params": {"C": 54.47961181905435, "epsilon": 6.364239171186996, "gamma": 0.2980445070640816}, "datetime": {"datetime": "2021-09-18 10:21:53", "elapsed": 223.564987, "delta": 0.947246}}
{"target": -4.2313695662825666, "params": {"C": 65.51548945335878, "epsilon": 5.439477211712682, "gamma": 0.18184952926150358}, "datetime": {"datetime": "2021-09-18 10:21:54", "elapsed": 224.526363, "delta": 0.961376}}
{"target": -3.665431738865102, "params": {"C": 22.01727107405507, "epsilon": 5.034389174430743, "gamma": 0.08723175119414488}, "datetime": {"datetime": "2021-09-18 10:21:55", "elapsed": 225.523883, "delta": 0.99752}}
{"target": -4.548899680578433, "params": {"C": 35.76335509999173, "epsilon": 5.459742200690687, "gamma": 0.27137734384373485}, "datetime": {"datetime": "2021-09-18 10:21:56", "elapsed": 226.489716, "delta": 0.965833}}
