{"target": -2.1578062750112483, "params": {"C": 108.26400107045265, "epsilon": 0.023363246580578832, "gamma": 0.03724514049350139}, "datetime": {"datetime": "2021-09-19 08:35:29", "elapsed": 251.000711, "delta": 1.919293}}
{"target": -2.125017903329821, "params": {"C": 105.17363740592909, "epsilon": 0.10549670640740971, "gamma": 0.09894949876981607}, "datetime": {"datetime": "2021-09-19 08:35:31", "elapsed": 252.888035, "delta": 1.887324}}
{"target": -2.410388544217369, "params": {"C": 135.80583752693133, "epsilon": 0.12708812391440963, "gamma": 0.1666994173439085}, "datetime": {"datetime": "2021-09-19 08:35:33", "elapsed": 254.074716, "delta": 1.186681}}
{"target": -2.224089034105085, "params": {"C": 139.8464478703264, "epsilon": 0.07394614905690727, "gamma": 0.12210564114711245}, "datetime": {"datetime": "2021-09-19 08:35:34", "elapsed": 255.962828, "delta": 1.888112}}
{"target": -2.1292626688600755, "params": {"C": 108.58225447048052, "epsilon": 0.13625438081360333, "gamma": 0.10107600108624575}, "datetime": {"datetime": "2021-09-19 08:35:36", "elapsed": 257.66722, "delta": 1.704392}}
{"target": -2.0590971433949163, "params": {"C": 132.77223409542876, "epsilon": 0.06321298246886536, "gamma": 0.045982824880175355}, "datetime": {"datetime": "2021-09-19 08:35:38", "elapsed": 259.407607, "delta": 1.740387}}
{"target": -2.0520067193076184, "params": {"C": 132.77167655413038, "epsilon": 0.1415243366022778, "gamma": 0.04429050427705527}, "datetime": {"datetime": "2021-09-19 08:35:40", "elapsed": 261.182523, "delta": 1.774916}}
{"target": -2.087291212535854, "params": {"C": 132.8052119532498, "epsilon": 0.08791482332808273, "gamma": 0.08479689925081842}, "datetime": {"datetime": "2021-09-19 08:35:42", "elapsed": 263.324386, "delta": 2.141863}}
{"target": -2.2334289164177137, "params": {"C": 132.78885875998444, "epsilon": 0.10422949758787557, "gamma": 0.03}, "datetime": {"datetime": "2021-09-19 08:35:44", "elapsed": 265.193401, "delta": 1.869015}}
{"target": -2.0816379833537506, "params": {"C": 132.7581790871876, "epsilon": 0.026233379217201397, "gamma": 0.06357594883232662}, "datetime": {"datetime": "2021-09-19 08:35:46", "elapsed": 267.782098, "delta": 2.588697}}
{"target": -2.084514319943225, "params": {"C": 132.76742350446366, "epsilon": 0.1280793462157243, "gamma": 0.08592924156621243}, "datetime": {"datetime": "2021-09-19 08:35:48", "elapsed": 269.60583, "delta": 1.823732}}
{"target": -2.326454247752079, "params": {"C": 192.525815755598, "epsilon": 0.1210147217491997, "gamma": 0.13282414707175788}, "datetime": {"datetime": "2021-09-19 08:35:49", "elapsed": 270.813812, "delta": 1.207982}}
{"target": -2.070596205273456, "params": {"C": 120.02878512342512, "epsilon": 0.11349058332275992, "gamma": 0.07902808596322619}, "datetime": {"datetime": "2021-09-19 08:35:50", "elapsed": 271.94582, "delta": 1.132008}}
{"target": -2.448889231536284, "params": {"C": 142.93892516665287, "epsilon": 0.12139112531644367, "gamma": 0.18372624900814358}, "datetime": {"datetime": "2021-09-19 08:35:52", "elapsed": 273.105922, "delta": 1.160102}}
{"target": -2.081053627102871, "params": {"C": 132.7099119560393, "epsilon": 0.1453409743014911, "gamma": 0.0805165428739347}, "datetime": {"datetime": "2021-09-19 08:35:54", "elapsed": 275.224858, "delta": 2.118936}}
{"target": -2.068859535073749, "params": {"C": 120.03466133036426, "epsilon": 0.059195844635533, "gamma": 0.07255484811683718}, "datetime": {"datetime": "2021-09-19 08:35:56", "elapsed": 277.021366, "delta": 1.796508}}
{"target": -2.0786271955438007, "params": {"C": 132.73105531011868, "epsilon": 0.07805633147175328, "gamma": 0.07544163515771517}, "datetime": {"datetime": "2021-09-19 08:35:58", "elapsed": 279.346913, "delta": 2.325547}}
{"target": -2.1395426271954805, "params": {"C": 105.83043850625502, "epsilon": 0.07987748282082727, "gamma": 0.10211480739542189}, "datetime": {"datetime": "2021-09-19 08:35:59", "elapsed": 280.498106, "delta": 1.151193}}
{"target": -2.080406961556831, "params": {"C": 132.8302189889552, "epsilon": 0.030380321412486318, "gamma": 0.06308514458159215}, "datetime": {"datetime": "2021-09-19 08:36:01", "elapsed": 282.935116, "delta": 2.43701}}
{"target": -2.1389373623627352, "params": {"C": 120.08764258606554, "epsilon": 0.1058728818403121, "gamma": 0.10196806101898659}, "datetime": {"datetime": "2021-09-19 08:36:04", "elapsed": 285.025645, "delta": 2.090529}}
{"target": -2.129224300043576, "params": {"C": 197.0685754494132, "epsilon": 0.12930171063259716, "gamma": 0.08160035458185291}, "datetime": {"datetime": "2021-09-19 08:36:05", "elapsed": 286.409066, "delta": 1.383421}}
{"target": -2.0867425043015815, "params": {"C": 119.99180439534882, "epsilon": 0.07648066446000479, "gamma": 0.08702743791141475}, "datetime": {"datetime": "2021-09-19 08:36:07", "elapsed": 288.563214, "delta": 2.154148}}
{"target": -2.196113545361501, "params": {"C": 132.78657771776167, "epsilon": 0.04112403488842163, "gamma": 0.11299017676562123}, "datetime": {"datetime": "2021-09-19 08:36:09", "elapsed": 290.823295, "delta": 2.260081}}
{"target": -2.143143793668956, "params": {"C": 132.71807924556035, "epsilon": 0.04846667944098236, "gamma": 0.03629118208450745}, "datetime": {"datetime": "2021-09-19 08:36:11", "elapsed": 293.000577, "delta": 2.177282}}
{"target": -2.174579126156613, "params": {"C": 120.02130986114936, "epsilon": 0.13889206381900793, "gamma": 0.03360674640090451}, "datetime": {"datetime": "2021-09-19 08:36:14", "elapsed": 295.311098, "delta": 2.310521}}
{"target": -2.1428055399381662, "params": {"C": 132.7032427961255, "epsilon": 0.11516242639413958, "gamma": 0.03501578841174281}, "datetime": {"datetime": "2021-09-19 08:36:16", "elapsed": 297.4558, "delta": 2.144702}}
{"target": -2.067217486106231, "params": {"C": 117.62820853829577, "epsilon": 0.0685581739950781, "gamma": 0.0682627786642041}, "datetime": {"datetime": "2021-09-19 08:36:18", "elapsed": 299.576143, "delta": 2.120343}}
{"target": -2.4154712636883535, "params": {"C": 148.9338905389236, "epsilon": 0.13283420782701416, "gamma": 0.1631507553529905}, "datetime": {"datetime": "2021-09-19 08:36:19", "elapsed": 300.783858, "delta": 1.207715}}
{"target": -2.23155777232379, "params": {"C": 120.01992545475132, "epsilon": 0.0632281203050775, "gamma": 0.12657567085806998}, "datetime": {"datetime": "2021-09-19 08:36:21", "elapsed": 302.743362, "delta": 1.959504}}
{"target": -2.115026629752453, "params": {"C": 178.59847749031553, "epsilon": 0.14298014923786004, "gamma": 0.07775795215690195}, "datetime": {"datetime": "2021-09-19 08:36:23", "elapsed": 304.032578, "delta": 1.289216}}
{"target": -2.234829110218796, "params": {"C": 120.03075253989277, "epsilon": 0.07575852309585211, "gamma": 0.03092183663006728}, "datetime": {"datetime": "2021-09-19 08:36:24", "elapsed": 305.828307, "delta": 1.795729}}
{"target": -2.3242506292597716, "params": {"C": 187.7770597194167, "epsilon": 0.050334592189547694, "gamma": 0.13428101404826723}, "datetime": {"datetime": "2021-09-19 08:36:26", "elapsed": 307.157821, "delta": 1.329514}}
{"target": -2.4549267467607248, "params": {"C": 138.38082675785395, "epsilon": 0.05587339585856951, "gamma": 0.1892816841260261}, "datetime": {"datetime": "2021-09-19 08:36:27", "elapsed": 308.43031, "delta": 1.272489}}
{"target": -2.0843615433884892, "params": {"C": 132.88329779545296, "epsilon": 0.0591687783742348, "gamma": 0.07836235182867793}, "datetime": {"datetime": "2021-09-19 08:36:29", "elapsed": 310.5806, "delta": 2.15029}}
{"target": -2.1230553425766825, "params": {"C": 176.76521679484551, "epsilon": 0.05701758292781846, "gamma": 0.03528845330484441}, "datetime": {"datetime": "2021-09-19 08:36:30", "elapsed": 311.908364, "delta": 1.327764}}
{"target": -2.0765021149430143, "params": {"C": 132.87185447895322, "epsilon": 0.1328274320597731, "gamma": 0.07546077434926722}, "datetime": {"datetime": "2021-09-19 08:36:32", "elapsed": 313.982456, "delta": 2.074092}}
{"target": -2.467811127917252, "params": {"C": 138.26213225825944, "epsilon": 0.030084853232313837, "gamma": 0.19818813030890292}, "datetime": {"datetime": "2021-09-19 08:36:34", "elapsed": 315.273408, "delta": 1.290952}}
{"target": -2.458840450899911, "params": {"C": 129.7292026494936, "epsilon": 0.028138829502489873, "gamma": 0.19606555088093364}, "datetime": {"datetime": "2021-09-19 08:36:35", "elapsed": 316.691839, "delta": 1.418431}}
{"target": -2.27539511259798, "params": {"C": 174.34862508808803, "epsilon": 0.10414396911983265, "gamma": 0.12694832107599807}, "datetime": {"datetime": "2021-09-19 08:36:37", "elapsed": 318.012506, "delta": 1.320667}}
{"target": -2.074195600133767, "params": {"C": 122.98590688045408, "epsilon": 0.037019549621789063, "gamma": 0.07164602254238656}, "datetime": {"datetime": "2021-09-19 08:36:38", "elapsed": 319.353972, "delta": 1.341466}}
{"target": -2.2134899416567695, "params": {"C": 132.89574665174518, "epsilon": 0.13571496779987938, "gamma": 0.12263656680415082}, "datetime": {"datetime": "2021-09-19 08:36:40", "elapsed": 321.448512, "delta": 2.09454}}
{"target": -2.1822250592255026, "params": {"C": 108.95196850414348, "epsilon": 0.050216000473773614, "gamma": 0.11314943850505683}, "datetime": {"datetime": "2021-09-19 08:36:41", "elapsed": 322.708475, "delta": 1.259963}}
{"target": -2.0904590525898663, "params": {"C": 123.02321637851452, "epsilon": 0.06327264819784219, "gamma": 0.042647659479059304}, "datetime": {"datetime": "2021-09-19 08:36:43", "elapsed": 324.877542, "delta": 2.169067}}
{"target": -2.283915515723257, "params": {"C": 115.53778411562256, "epsilon": 0.07895917678491118, "gamma": 0.14305221310087426}, "datetime": {"datetime": "2021-09-19 08:36:45", "elapsed": 326.196986, "delta": 1.319444}}
{"target": -2.1713172080046754, "params": {"C": 198.7910451783959, "epsilon": 0.1345466500654304, "gamma": 0.1027548621123669}, "datetime": {"datetime": "2021-09-19 08:36:46", "elapsed": 327.523862, "delta": 1.326876}}
{"target": -2.0886096370380067, "params": {"C": 122.92721342222569, "epsilon": 0.03150277041224077, "gamma": 0.04344459955777113}, "datetime": {"datetime": "2021-09-19 08:36:49", "elapsed": 330.502083, "delta": 2.978221}}
{"target": -2.154064826860844, "params": {"C": 122.97259817761052, "epsilon": 0.11362659332149296, "gamma": 0.03495497434649111}, "datetime": {"datetime": "2021-09-19 08:36:52", "elapsed": 333.419821, "delta": 2.917738}}
{"target": -2.197699601236114, "params": {"C": 132.9317881711184, "epsilon": 0.09140450213783942, "gamma": 0.03193347629548864}, "datetime": {"datetime": "2021-09-19 08:36:54", "elapsed": 335.798846, "delta": 2.379025}}
{"target": -2.1227222434815194, "params": {"C": 198.99081755515778, "epsilon": 0.1263086320915679, "gamma": 0.059553143482069464}, "datetime": {"datetime": "2021-09-19 08:36:57", "elapsed": 338.850152, "delta": 3.051306}}
{"target": -2.4316510937860314, "params": {"C": 167.84888611926408, "epsilon": 0.08624872173468323, "gamma": 0.16724674355357505}, "datetime": {"datetime": "2021-09-19 08:36:59", "elapsed": 340.209579, "delta": 1.359427}}
{"target": -2.170631556105146, "params": {"C": 145.89706287868364, "epsilon": 0.09422754465403925, "gamma": 0.10745607522421027}, "datetime": {"datetime": "2021-09-19 08:37:01", "elapsed": 342.666784, "delta": 2.457205}}
{"target": -2.075077126049401, "params": {"C": 132.81848240656188, "epsilon": 0.15, "gamma": 0.07446903823688755}, "datetime": {"datetime": "2021-09-19 08:37:04", "elapsed": 345.438465, "delta": 2.771681}}
{"target": -2.2141235857556123, "params": {"C": 122.9909829858833, "epsilon": 0.023491976708728966, "gamma": 0.03252778416128686}, "datetime": {"datetime": "2021-09-19 08:37:06", "elapsed": 347.590513, "delta": 2.152048}}
{"target": -2.183780620937503, "params": {"C": 187.47737042962365, "epsilon": 0.1021261606163781, "gamma": 0.10507331656250471}, "datetime": {"datetime": "2021-09-19 08:37:08", "elapsed": 349.096104, "delta": 1.505591}}
{"target": -2.0743750663881038, "params": {"C": 122.96273373024346, "epsilon": 0.07880705066974003, "gamma": 0.07807503855894787}, "datetime": {"datetime": "2021-09-19 08:37:10", "elapsed": 351.222352, "delta": 2.126248}}
{"target": -2.097035002177044, "params": {"C": 107.87646422515263, "epsilon": 0.0699075788277966, "gamma": 0.0434063564442647}, "datetime": {"datetime": "2021-09-19 08:37:11", "elapsed": 352.602547, "delta": 1.380195}}
{"target": -2.079036330898258, "params": {"C": 125.44828512609317, "epsilon": 0.1352203153406111, "gamma": 0.08327958388774381}, "datetime": {"datetime": "2021-09-19 08:37:13", "elapsed": 354.056694, "delta": 1.454147}}
{"target": -2.0536921116325417, "params": {"C": 122.90102802581526, "epsilon": 0.07075969582648779, "gamma": 0.05617928920580058}, "datetime": {"datetime": "2021-09-19 08:37:15", "elapsed": 356.435715, "delta": 2.379021}}
{"target": -2.297268368485669, "params": {"C": 133.8356530163101, "epsilon": 0.11944221438114748, "gamma": 0.13991736544441652}, "datetime": {"datetime": "2021-09-19 08:37:16", "elapsed": 357.799886, "delta": 1.364171}}
{"target": -2.0634872265050883, "params": {"C": 122.85001391472261, "epsilon": 0.049564996837986736, "gamma": 0.04589912548588557}, "datetime": {"datetime": "2021-09-19 08:37:19", "elapsed": 360.439385, "delta": 2.639499}}
{"target": -2.147400889527745, "params": {"C": 122.91194638014294, "epsilon": 0.07307501150422568, "gamma": 0.1028601655532778}, "datetime": {"datetime": "2021-09-19 08:37:21", "elapsed": 362.848997, "delta": 2.409612}}
{"target": -2.066072232432555, "params": {"C": 122.85013125501763, "epsilon": 0.11023410285039133, "gamma": 0.04431171530269306}, "datetime": {"datetime": "2021-09-19 08:37:25", "elapsed": 366.102183, "delta": 3.253186}}
{"target": -2.0483434730115895, "params": {"C": 122.79768374425507, "epsilon": 0.06819009440114374, "gamma": 0.047839487447179516}, "datetime": {"datetime": "2021-09-19 08:37:27", "elapsed": 368.289518, "delta": 2.187335}}
{"target": -2.1380235125493816, "params": {"C": 122.76085057559388, "epsilon": 0.12078745422073779, "gamma": 0.03609196543308827}, "datetime": {"datetime": "2021-09-19 08:37:29", "elapsed": 370.529498, "delta": 2.23998}}
{"target": -2.092656677796866, "params": {"C": 122.80441674752808, "epsilon": 0.10180343571659262, "gamma": 0.08917457406426904}, "datetime": {"datetime": "2021-09-19 08:37:32", "elapsed": 373.436319, "delta": 2.906821}}
{"target": -2.083099847124242, "params": {"C": 122.75417734442061, "epsilon": 0.0253901859325426, "gamma": 0.04415149063103985}, "datetime": {"datetime": "2021-09-19 08:37:36", "elapsed": 377.10832, "delta": 3.672001}}
{"target": -2.118756201260055, "params": {"C": 143.59669487003578, "epsilon": 0.11797789594198246, "gamma": 0.036167949126946784}, "datetime": {"datetime": "2021-09-19 08:37:37", "elapsed": 378.488711, "delta": 1.380391}}
{"target": -2.471358081602409, "params": {"C": 193.04922021124716, "epsilon": 0.1407908163114686, "gamma": 0.18135988897344493}, "datetime": {"datetime": "2021-09-19 08:37:38", "elapsed": 379.91108, "delta": 1.422369}}
{"target": -2.164878521571924, "params": {"C": 122.83711492051314, "epsilon": 0.03622497112605831, "gamma": 0.10594528701754369}, "datetime": {"datetime": "2021-09-19 08:37:41", "elapsed": 382.518213, "delta": 2.607133}}
{"target": -2.161033107878566, "params": {"C": 193.60671589755032, "epsilon": 0.12418410235150368, "gamma": 0.09968645477034556}, "datetime": {"datetime": "2021-09-19 08:37:42", "elapsed": 383.988817, "delta": 1.470604}}
{"target": -2.067517206310917, "params": {"C": 122.7350660788774, "epsilon": 0.06999252243010085, "gamma": 0.0651795019770702}, "datetime": {"datetime": "2021-09-19 08:37:45", "elapsed": 386.487862, "delta": 2.499045}}
{"target": -2.0995405896168067, "params": {"C": 164.537082231682, "epsilon": 0.13646247112931637, "gamma": 0.0719583081169905}, "datetime": {"datetime": "2021-09-19 08:37:46", "elapsed": 387.897515, "delta": 1.409653}}
{"target": -2.097073369502671, "params": {"C": 122.6820259364134, "epsilon": 0.04000503234833679, "gamma": 0.09019598340861437}, "datetime": {"datetime": "2021-09-19 08:37:50", "elapsed": 391.08511, "delta": 3.187595}}
{"target": -2.428373181640964, "params": {"C": 137.71974666885788, "epsilon": 0.06297752394903472, "gamma": 0.1716468795723998}, "datetime": {"datetime": "2021-09-19 08:37:51", "elapsed": 392.389479, "delta": 1.304369}}
{"target": -2.175655799368723, "params": {"C": 122.7389088806019, "epsilon": 0.03456341887206915, "gamma": 0.10841659541620752}, "datetime": {"datetime": "2021-09-19 08:37:54", "elapsed": 395.04783, "delta": 2.658351}}
{"target": -2.0650681743907398, "params": {"C": 122.6580376817288, "epsilon": 0.08919066570923008, "gamma": 0.07270025272312154}, "datetime": {"datetime": "2021-09-19 08:37:56", "elapsed": 397.389029, "delta": 2.341199}}
{"target": -2.165488509522097, "params": {"C": 122.61537474449804, "epsilon": 0.050877113758775766, "gamma": 0.10658727334067455}, "datetime": {"datetime": "2021-09-19 08:37:58", "elapsed": 399.965431, "delta": 2.576402}}
{"target": -2.040791079528081, "params": {"C": 122.6745463724167, "epsilon": 0.1494566934151587, "gamma": 0.05472885228335733}, "datetime": {"datetime": "2021-09-19 08:38:02", "elapsed": 403.176125, "delta": 3.210694}}
{"target": -2.2495323569717, "params": {"C": 116.37295604065898, "epsilon": 0.03322514956736362, "gamma": 0.13175588700685514}, "datetime": {"datetime": "2021-09-19 08:38:03", "elapsed": 404.560537, "delta": 1.384412}}
{"target": -2.1397242311866194, "params": {"C": 101.42447340934649, "epsilon": 0.11722511104930915, "gamma": 0.1039890867799984}, "datetime": {"datetime": "2021-09-19 08:38:08", "elapsed": 409.4545, "delta": 4.893963}}
{"target": -2.211439662823982, "params": {"C": 122.68675782189344, "epsilon": 0.13678656306119824, "gamma": 0.12355371321075372}, "datetime": {"datetime": "2021-09-19 08:38:11", "elapsed": 412.698811, "delta": 3.244311}}
{"target": -2.097220078263446, "params": {"C": 101.42897496692504, "epsilon": 0.0644619040984312, "gamma": 0.04428713635808734}, "datetime": {"datetime": "2021-09-19 08:38:14", "elapsed": 415.194755, "delta": 2.495944}}
{"target": -2.128348595261323, "params": {"C": 122.68467872239331, "epsilon": 0.03412767600322184, "gamma": 0.0385871746780642}, "datetime": {"datetime": "2021-09-19 08:38:16", "elapsed": 417.902872, "delta": 2.708117}}
{"target": -2.0601326238082844, "params": {"C": 122.61351642893904, "epsilon": 0.14409572602563903, "gamma": 0.07084186462820374}, "datetime": {"datetime": "2021-09-19 08:38:20", "elapsed": 421.773991, "delta": 3.871119}}
{"target": -2.2212779562010176, "params": {"C": 132.70465926018295, "epsilon": 0.10732280182037068, "gamma": 0.1245650587506343}, "datetime": {"datetime": "2021-09-19 08:38:23", "elapsed": 424.796834, "delta": 3.022843}}
{"target": -2.1782990467288585, "params": {"C": 122.62235773229676, "epsilon": 0.13829166621323646, "gamma": 0.03321788824421969}, "datetime": {"datetime": "2021-09-19 08:38:27", "elapsed": 428.500458, "delta": 3.703624}}
{"target": -2.0816263544514597, "params": {"C": 122.90494263365133, "epsilon": 0.13565650607210403, "gamma": 0.04219958767851664}, "datetime": {"datetime": "2021-09-19 08:38:31", "elapsed": 432.068337, "delta": 3.567879}}
{"target": -2.3072725838824137, "params": {"C": 185.1425448305949, "epsilon": 0.04952255398655375, "gamma": 0.131101656152344}, "datetime": {"datetime": "2021-09-19 08:38:32", "elapsed": 433.630113, "delta": 1.561776}}
{"target": -2.3949901427269964, "params": {"C": 126.85150781540992, "epsilon": 0.0922882228403869, "gamma": 0.16863965630720776}, "datetime": {"datetime": "2021-09-19 08:38:34", "elapsed": 435.152178, "delta": 1.522065}}
{"target": -2.06881566112039, "params": {"C": 101.46632587631306, "epsilon": 0.13129735274630788, "gamma": 0.04669263108295006}, "datetime": {"datetime": "2021-09-19 08:38:36", "elapsed": 437.888592, "delta": 2.736414}}
{"target": -2.1160741601204798, "params": {"C": 117.95205216011917, "epsilon": 0.12844022907287594, "gamma": 0.0963930449886436}, "datetime": {"datetime": "2021-09-19 08:38:38", "elapsed": 439.326232, "delta": 1.43764}}
{"target": -2.1001617110056485, "params": {"C": 101.51730687282992, "epsilon": 0.1440224284466967, "gamma": 0.04256798232919672}, "datetime": {"datetime": "2021-09-19 08:38:40", "elapsed": 441.60184, "delta": 2.275608}}
{"target": -2.028934032762436, "params": {"C": 101.49179734892643, "epsilon": 0.09004729189390286, "gamma": 0.05740070790799329}, "datetime": {"datetime": "2021-09-19 08:38:43", "elapsed": 444.729759, "delta": 3.127919}}
{"target": -2.0347531823911296, "params": {"C": 101.51624835352565, "epsilon": 0.055155570350555835, "gamma": 0.053050786282748126}, "datetime": {"datetime": "2021-09-19 08:38:46", "elapsed": 447.353953, "delta": 2.624194}}
{"target": -2.099112080706069, "params": {"C": 101.53137109969836, "epsilon": 0.05472382897358671, "gamma": 0.09140935825453575}, "datetime": {"datetime": "2021-09-19 08:38:48", "elapsed": 449.957971, "delta": 2.604018}}
{"target": -2.1166476639375644, "params": {"C": 101.55070180648626, "epsilon": 0.04798490894783798, "gamma": 0.0413646371274739}, "datetime": {"datetime": "2021-09-19 08:38:51", "elapsed": 452.455349, "delta": 2.497378}}
{"target": -2.222419903505969, "params": {"C": 101.81609285607772, "epsilon": 0.0772450778706598, "gamma": 0.12894045309383462}, "datetime": {"datetime": "2021-09-19 08:38:53", "elapsed": 454.165008, "delta": 1.709659}}
{"target": -2.050072522513974, "params": {"C": 120.48243038900878, "epsilon": 0.1387339471016658, "gamma": 0.06010324951030089}, "datetime": {"datetime": "2021-09-19 08:38:54", "elapsed": 455.640614, "delta": 1.475606}}
{"target": -2.0926734174460093, "params": {"C": 101.49074883173517, "epsilon": 0.1424788019101191, "gamma": 0.09043342231986368}, "datetime": {"datetime": "2021-09-19 08:38:57", "elapsed": 458.199343, "delta": 2.558729}}
