{"target": -11.816960964739765, "params": {"C": 61.40746517315969, "epsilon": 0.32801941147019714, "gamma": 0.1299396490996807}, "datetime": {"datetime": "2021-09-27 18:13:14", "elapsed": 874.461095, "delta": 5.493415}}
{"target": -11.34490077144914, "params": {"C": 90.44102444556414, "epsilon": 0.09414827520927048, "gamma": 0.015358417357992937}, "datetime": {"datetime": "2021-09-27 18:13:17", "elapsed": 877.148419, "delta": 2.687324}}
{"target": -11.222945556222784, "params": {"C": 90.26000603278214, "epsilon": 0.3139209846507008, "gamma": 0.09373260939841338}, "datetime": {"datetime": "2021-09-27 18:13:23", "elapsed": 883.299697, "delta": 6.151278}}
{"target": -10.469955658451267, "params": {"C": 88.89380226967057, "epsilon": 0.748852997382654, "gamma": 0.046635518664379615}, "datetime": {"datetime": "2021-09-27 18:13:31", "elapsed": 891.162941, "delta": 7.863244}}
{"target": -10.63439562412977, "params": {"C": 72.16790671461804, "epsilon": 0.7825446388973906, "gamma": 0.038084632122049815}, "datetime": {"datetime": "2021-09-27 18:13:37", "elapsed": 897.135018, "delta": 5.972077}}
{"target": -13.996401371309322, "params": {"C": 183.4044009405148, "epsilon": 0.3601902142717348, "gamma": 0.0010456355521206097}, "datetime": {"datetime": "2021-09-27 18:18:35", "elapsed": 0.0, "delta": 0.0}}
{"target": -10.475915455778281, "params": {"C": 160.46651452636794, "epsilon": 0.07346326981947482, "gamma": 0.037843099312750324}, "datetime": {"datetime": "2021-09-27 18:18:36", "elapsed": 0.101994, "delta": 0.101994}}
{"target": -13.405848180693697, "params": {"C": 137.25204227553417, "epsilon": 0.17284580744881956, "gamma": 0.1593102222180373}, "datetime": {"datetime": "2021-09-27 18:18:36", "elapsed": 0.210998, "delta": 0.109004}}
{"target": -14.796618931816475, "params": {"C": 207.7633468006714, "epsilon": 0.20965533775020706, "gamma": 0.274402580658307}, "datetime": {"datetime": "2021-09-27 18:18:36", "elapsed": 0.309995, "delta": 0.098997}}
{"target": -11.399127400051592, "params": {"C": 140.89044994630348, "epsilon": 0.4390709064518336, "gamma": 0.011927649685972541}, "datetime": {"datetime": "2021-09-27 18:18:36", "elapsed": 0.375997, "delta": 0.066002}}
{"target": -13.409939395261542, "params": {"C": 160.52848509792065, "epsilon": 0.13203765630910794, "gamma": 0.15112139862713195}, "datetime": {"datetime": "2021-09-27 18:18:36", "elapsed": 0.526004, "delta": 0.150007}}
{"target": -11.090440764528509, "params": {"C": 206.45958406348348, "epsilon": 0.3937132660005787, "gamma": 0.07078501013751842}, "datetime": {"datetime": "2021-09-27 18:18:36", "elapsed": 0.687996, "delta": 0.161992}}
{"target": -14.942902153389406, "params": {"C": 219.16888901253043, "epsilon": 0.1305863516595041, "gamma": 0.29894485345081784}, "datetime": {"datetime": "2021-09-27 18:18:36", "elapsed": 0.879001, "delta": 0.191005}}
{"target": -15.00823460658364, "params": {"C": 145.5029736009339, "epsilon": 0.0778794396943699, "gamma": 0.3789740769797898}, "datetime": {"datetime": "2021-09-27 18:18:36", "elapsed": 1.028002, "delta": 0.149001}}
{"target": -11.302840553065648, "params": {"C": 245.25121037624405, "epsilon": 0.3643331457239609, "gamma": 0.07868052460132781}, "datetime": {"datetime": "2021-09-27 18:18:37", "elapsed": 1.235998, "delta": 0.207996}}
{"target": -13.939297575047457, "params": {"C": 194.04933813521492, "epsilon": 0.2118040064114301, "gamma": 0.18929315545246636}, "datetime": {"datetime": "2021-09-27 18:18:37", "elapsed": 1.530197, "delta": 0.294199}}
{"target": -14.485582880647986, "params": {"C": 291.08911510823907, "epsilon": 0.33206930077943964, "gamma": 0.18881753533174375}, "datetime": {"datetime": "2021-09-27 18:18:37", "elapsed": 1.765194, "delta": 0.234997}}
{"target": -15.120455362782916, "params": {"C": 197.74654457497064, "epsilon": 0.42060521899876374, "gamma": 0.39164830690746627}, "datetime": {"datetime": "2021-09-27 18:18:37", "elapsed": 1.912192, "delta": 0.146998}}
{"target": -14.950169399200977, "params": {"C": 164.4945518873707, "epsilon": 0.3817913708437774, "gamma": 0.34292770456514904}, "datetime": {"datetime": "2021-09-27 18:18:38", "elapsed": 2.179197, "delta": 0.267005}}
{"target": -11.118815448442126, "params": {"C": 160.4608806570041, "epsilon": 0.0005158716240161401, "gamma": 0.06835886336963634}, "datetime": {"datetime": "2021-09-27 18:18:38", "elapsed": 2.517194, "delta": 0.337997}}
{"target": -13.837731754223654, "params": {"C": 235.4223052535317, "epsilon": 0.27400073024759924, "gamma": 0.1539004576883432}, "datetime": {"datetime": "2021-09-27 18:18:38", "elapsed": 2.814196, "delta": 0.297002}}
{"target": -12.461993545784559, "params": {"C": 128.15122020061708, "epsilon": 0.069775840493449, "gamma": 0.12741609242863453}, "datetime": {"datetime": "2021-09-27 18:18:39", "elapsed": 3.100829, "delta": 0.286633}}
{"target": -10.899915101418785, "params": {"C": 154.80009353682757, "epsilon": 0.3821977670724696, "gamma": 0.0276813477184657}, "datetime": {"datetime": "2021-09-27 18:18:39", "elapsed": 3.247833, "delta": 0.147004}}
{"target": -10.475005430496758, "params": {"C": 160.39417009142971, "epsilon": 0.14144932631748788, "gamma": 0.035679709882865535}, "datetime": {"datetime": "2021-09-27 18:18:39", "elapsed": 3.440969, "delta": 0.193136}}
{"target": -10.88366776692612, "params": {"C": 219.64040367895163, "epsilon": 0.05643975844901928, "gamma": 0.047594226364086695}, "datetime": {"datetime": "2021-09-27 18:18:39", "elapsed": 3.69197, "delta": 0.251001}}
{"target": -14.83291395908497, "params": {"C": 222.72493214357672, "epsilon": 0.2787402086310157, "gamma": 0.2617891612004102}, "datetime": {"datetime": "2021-09-27 18:18:39", "elapsed": 3.946985, "delta": 0.255015}}
{"target": -10.642456305574196, "params": {"C": 160.40398412834622, "epsilon": 0.18656581337399944, "gamma": 0.05418610670074562}, "datetime": {"datetime": "2021-09-27 18:18:40", "elapsed": 4.151967, "delta": 0.204982}}
{"target": -11.937907353180858, "params": {"C": 219.80796949835613, "epsilon": 0.14513843915441155, "gamma": 0.0954144604390769}, "datetime": {"datetime": "2021-09-27 18:18:40", "elapsed": 4.401963, "delta": 0.249996}}
{"target": -11.59539156673951, "params": {"C": 154.94020608603336, "epsilon": 0.22752029950165242, "gamma": 0.09938889621580019}, "datetime": {"datetime": "2021-09-27 18:18:40", "elapsed": 4.676967, "delta": 0.275004}}
{"target": -13.960453313155439, "params": {"C": 154.88208279037156, "epsilon": 0.4533129958413062, "gamma": 0.209365432993715}, "datetime": {"datetime": "2021-09-27 18:18:40", "elapsed": 4.967969, "delta": 0.291002}}
{"target": -10.63433551760911, "params": {"C": 154.62733530190496, "epsilon": 0.30875959614257426, "gamma": 0.03146708726594123}, "datetime": {"datetime": "2021-09-27 18:18:41", "elapsed": 5.233969, "delta": 0.266}}
{"target": -14.284633469696232, "params": {"C": 146.00836970263998, "epsilon": 0.03248693008526301, "gamma": 0.2818344133197376}, "datetime": {"datetime": "2021-09-27 18:18:41", "elapsed": 5.546167, "delta": 0.312198}}
{"target": -11.256734509882206, "params": {"C": 154.79384679781222, "epsilon": 0.12184228437406447, "gamma": 0.025093902877728728}, "datetime": {"datetime": "2021-09-27 18:18:41", "elapsed": 5.790163, "delta": 0.243996}}
{"target": -13.899039276860941, "params": {"C": 154.56093622075775, "epsilon": 0.16716103488622472, "gamma": 0.21281864145021753}, "datetime": {"datetime": "2021-09-27 18:18:42", "elapsed": 6.13117, "delta": 0.341007}}
{"target": -13.322773889795258, "params": {"C": 267.84079530655765, "epsilon": 0.2093133883047248, "gamma": 0.1191396775322185}, "datetime": {"datetime": "2021-09-27 18:18:42", "elapsed": 6.454184, "delta": 0.323014}}
{"target": -13.912787847297011, "params": {"C": 219.56983993287926, "epsilon": 0.2470930796686102, "gamma": 0.001}, "datetime": {"datetime": "2021-09-27 18:18:42", "elapsed": 7.015168, "delta": 0.560984}}
{"target": -12.646750916751214, "params": {"C": 206.42490325539518, "epsilon": 0.1978542668226483, "gamma": 0.11063152833270895}, "datetime": {"datetime": "2021-09-27 18:18:43", "elapsed": 7.320172, "delta": 0.305004}}
{"target": -12.150403518576528, "params": {"C": 108.5983994570665, "epsilon": 0.20748999125808332, "gamma": 0.0031113376314159443}, "datetime": {"datetime": "2021-09-27 18:18:43", "elapsed": 7.590555, "delta": 0.270383}}
{"target": -14.094250612725446, "params": {"C": 219.75815163966337, "epsilon": 0.0018161392540487838, "gamma": 0.20724939274877655}, "datetime": {"datetime": "2021-09-27 18:18:43", "elapsed": 8.001556, "delta": 0.411001}}
{"target": -12.455396115125732, "params": {"C": 160.26923462419137, "epsilon": 0.18302848836500032, "gamma": 0.11709947230440969}, "datetime": {"datetime": "2021-09-27 18:18:44", "elapsed": 8.327278, "delta": 0.325722}}
{"target": -12.653635811046987, "params": {"C": 154.57033384675464, "epsilon": 0.4369734259088627, "gamma": 0.12287370678856904}, "datetime": {"datetime": "2021-09-27 18:18:44", "elapsed": 8.787284, "delta": 0.460006}}
{"target": -13.01906814296, "params": {"C": 120.640253602167, "epsilon": 0.028668719065773025, "gamma": 0.1484887852062017}, "datetime": {"datetime": "2021-09-27 18:18:45", "elapsed": 9.088284, "delta": 0.301}}
{"target": -12.993291320921443, "params": {"C": 154.7920979633764, "epsilon": 0.20513011143840737, "gamma": 0.13292872606287096}, "datetime": {"datetime": "2021-09-27 18:18:45", "elapsed": 9.398284, "delta": 0.31}}
{"target": -11.364346970230525, "params": {"C": 140.8742511578073, "epsilon": 0.4287728143835978, "gamma": 0.01216369230221227}, "datetime": {"datetime": "2021-09-27 18:18:45", "elapsed": 9.63343, "delta": 0.235146}}
{"target": -10.643924396515633, "params": {"C": 206.31192814929926, "epsilon": 0.4623517384548422, "gamma": 0.045291591436388286}, "datetime": {"datetime": "2021-09-27 18:18:45", "elapsed": 9.96343, "delta": 0.33}}
{"target": -11.149911029097721, "params": {"C": 206.18220338421946, "epsilon": 0.3224159210390499, "gamma": 0.07636413530528498}, "datetime": {"datetime": "2021-09-27 18:18:46", "elapsed": 10.31943, "delta": 0.356}}
{"target": -14.739683819749075, "params": {"C": 206.22593909203337, "epsilon": 0.4890531501612199, "gamma": 0.24437367096578314}, "datetime": {"datetime": "2021-09-27 18:18:46", "elapsed": 10.726428, "delta": 0.406998}}
{"target": -14.612432829990428, "params": {"C": 245.12093008468167, "epsilon": 0.41007199777336323, "gamma": 0.21696105393995682}, "datetime": {"datetime": "2021-09-27 18:18:46", "elapsed": 11.016428, "delta": 0.29}}
{"target": -11.63010368504636, "params": {"C": 154.9655242432779, "epsilon": 0.055701448298909696, "gamma": 0.009904951135033115}, "datetime": {"datetime": "2021-09-27 18:18:47", "elapsed": 11.380425, "delta": 0.363997}}
{"target": -10.544313869606388, "params": {"C": 150.94540213898358, "epsilon": 0.4227605028246832, "gamma": 0.053132067944059724}, "datetime": {"datetime": "2021-09-27 18:18:47", "elapsed": 11.756416, "delta": 0.375991}}
{"target": -14.988762565780409, "params": {"C": 250.94056745390972, "epsilon": 0.11826462696527396, "gamma": 0.35020101180661856}, "datetime": {"datetime": "2021-09-27 18:18:47", "elapsed": 12.039411, "delta": 0.282995}}
{"target": -13.25115988305238, "params": {"C": 150.8603218965518, "epsilon": 0.35060150307325094, "gamma": 0.1472352102464924}, "datetime": {"datetime": "2021-09-27 18:18:48", "elapsed": 12.533413, "delta": 0.494002}}
{"target": -14.962004482672118, "params": {"C": 262.17394408594424, "epsilon": 0.37364830833702406, "gamma": 0.3559220699411769}, "datetime": {"datetime": "2021-09-27 18:18:48", "elapsed": 12.898411, "delta": 0.364998}}
{"target": -10.277780833699959, "params": {"C": 151.06022686137953, "epsilon": 0.3611722254547505, "gamma": 0.04517346920752529}, "datetime": {"datetime": "2021-09-27 18:18:49", "elapsed": 13.246031, "delta": 0.34762}}
{"target": -11.271182603738124, "params": {"C": 151.06331618496097, "epsilon": 0.1783668765300245, "gamma": 0.01579162796546005}, "datetime": {"datetime": "2021-09-27 18:18:49", "elapsed": 13.537392, "delta": 0.291361}}
{"target": -13.343906045836976, "params": {"C": 151.15858930713077, "epsilon": 0.4583270888499962, "gamma": 0.15239016984495782}, "datetime": {"datetime": "2021-09-27 18:18:49", "elapsed": 14.049318, "delta": 0.511926}}
{"target": -12.772899647256484, "params": {"C": 151.08955179018625, "epsilon": 0.25542844376786467, "gamma": 0.12605195356898563}, "datetime": {"datetime": "2021-09-27 18:18:50", "elapsed": 14.522304, "delta": 0.472986}}
{"target": -11.529722026074959, "params": {"C": 154.70149856455663, "epsilon": 0.46752847748576065, "gamma": 0.007096557375561479}, "datetime": {"datetime": "2021-09-27 18:18:51", "elapsed": 15.089311, "delta": 0.567007}}
{"target": -13.620455670968868, "params": {"C": 206.3567323329118, "epsilon": 0.4004139494221527, "gamma": 0.001211642351962886}, "datetime": {"datetime": "2021-09-27 18:18:51", "elapsed": 15.515309, "delta": 0.425998}}
{"target": -14.196007942035616, "params": {"C": 151.02057568428253, "epsilon": 0.4230864676450536, "gamma": 0.001}, "datetime": {"datetime": "2021-09-27 18:18:51", "elapsed": 15.98904, "delta": 0.473731}}
{"target": -11.637759119419497, "params": {"C": 245.26694822096377, "epsilon": 0.3909929762974021, "gamma": 0.08605566013891114}, "datetime": {"datetime": "2021-09-27 18:18:52", "elapsed": 16.500044, "delta": 0.511004}}
{"target": -15.03977921951499, "params": {"C": 108.44078322390979, "epsilon": 0.3288544507458459, "gamma": 0.3964768478182065}, "datetime": {"datetime": "2021-09-27 18:18:52", "elapsed": 16.814043, "delta": 0.313999}}
{"target": -10.679857087094753, "params": {"C": 219.7052323072215, "epsilon": 0.09078832913210347, "gamma": 0.04149570316272601}, "datetime": {"datetime": "2021-09-27 18:18:53", "elapsed": 17.409042, "delta": 0.594999}}
{"target": -15.044214143273345, "params": {"C": 121.7279080428662, "epsilon": 0.4077247852432584, "gamma": 0.3898772078778262}, "datetime": {"datetime": "2021-09-27 18:18:53", "elapsed": 17.711348, "delta": 0.302306}}
{"target": -14.014642763622803, "params": {"C": 274.3494003655938, "epsilon": 0.0893797264593, "gamma": 0.16809569455621387}, "datetime": {"datetime": "2021-09-27 18:18:54", "elapsed": 18.180574, "delta": 0.469226}}
{"target": -14.023613309941464, "params": {"C": 114.38243089881203, "epsilon": 0.07813801133467446, "gamma": 0.27131564593747803}, "datetime": {"datetime": "2021-09-27 18:18:54", "elapsed": 18.507573, "delta": 0.326999}}
{"target": -11.423408328384891, "params": {"C": 219.62600233071814, "epsilon": 0.1260719773267909, "gamma": 0.07009233511523777}, "datetime": {"datetime": "2021-09-27 18:18:54", "elapsed": 18.961573, "delta": 0.454}}
{"target": -10.962144023814846, "params": {"C": 150.92496062743984, "epsilon": 0.35505774813311963, "gamma": 0.01818930923376088}, "datetime": {"datetime": "2021-09-27 18:18:55", "elapsed": 19.282568, "delta": 0.320995}}
{"target": -11.578034952360998, "params": {"C": 151.10486710717305, "epsilon": 0.2976715281929684, "gamma": 0.007444861639993011}, "datetime": {"datetime": "2021-09-27 18:18:55", "elapsed": 19.589112, "delta": 0.306544}}
{"target": -14.452811743170393, "params": {"C": 151.46035558191895, "epsilon": 0.37077944208109526, "gamma": 0.2647475816355758}, "datetime": {"datetime": "2021-09-27 18:18:55", "elapsed": 20.032112, "delta": 0.443}}
{"target": -10.242495688626807, "params": {"C": 154.65976918797722, "epsilon": 0.3111159082419641, "gamma": 0.03843230359682779}, "datetime": {"datetime": "2021-09-27 18:18:56", "elapsed": 20.476111, "delta": 0.443999}}
{"target": -10.37556904162464, "params": {"C": 117.24962801092465, "epsilon": 0.2736482214037974, "gamma": 0.05886756844623364}, "datetime": {"datetime": "2021-09-27 18:18:56", "elapsed": 20.888109, "delta": 0.411998}}
{"target": -10.988149777207813, "params": {"C": 151.01155378256283, "epsilon": 0.30810505696693785, "gamma": 0.08003168567400251}, "datetime": {"datetime": "2021-09-27 18:18:57", "elapsed": 21.405153, "delta": 0.517044}}
{"target": -14.19687010435958, "params": {"C": 154.70959929343417, "epsilon": 0.3577897092644668, "gamma": 0.001}, "datetime": {"datetime": "2021-09-27 18:18:58", "elapsed": 22.259054, "delta": 0.853901}}
{"target": -13.798193483659544, "params": {"C": 117.27135948414625, "epsilon": 0.22738249312607295, "gamma": 0.0014016412492894206}, "datetime": {"datetime": "2021-09-27 18:18:58", "elapsed": 22.661055, "delta": 0.402001}}
{"target": -10.549930181982948, "params": {"C": 150.86748931566586, "epsilon": 0.43575301300495833, "gamma": 0.05295992658567053}, "datetime": {"datetime": "2021-09-27 18:18:59", "elapsed": 23.471788, "delta": 0.810733}}
{"target": -10.423440363239846, "params": {"C": 160.44899637141162, "epsilon": 0.12481381846749928, "gamma": 0.04815310808228273}, "datetime": {"datetime": "2021-09-27 18:18:59", "elapsed": 23.997943, "delta": 0.526155}}
{"target": -14.159095317403272, "params": {"C": 160.44335962574948, "epsilon": 0.16687660472665503, "gamma": 0.001}, "datetime": {"datetime": "2021-09-27 18:19:00", "elapsed": 24.504947, "delta": 0.507004}}
{"target": -13.702704336990207, "params": {"C": 201.1444929290825, "epsilon": 0.49497540710729454, "gamma": 0.16157673499866748}, "datetime": {"datetime": "2021-09-27 18:19:00", "elapsed": 24.956941, "delta": 0.451994}}
{"target": -11.04915121535639, "params": {"C": 160.43079935963954, "epsilon": 0.09994860592822953, "gamma": 0.0685536815507036}, "datetime": {"datetime": "2021-09-27 18:19:01", "elapsed": 25.643906, "delta": 0.686965}}
{"target": -14.456557627518265, "params": {"C": 191.66756992402873, "epsilon": 0.48464386599562864, "gamma": 0.2280485821941902}, "datetime": {"datetime": "2021-09-27 18:19:02", "elapsed": 26.137901, "delta": 0.493995}}
{"target": -11.279255703366601, "params": {"C": 117.23509393704549, "epsilon": 0.30459095971702826, "gamma": 0.09730102207905227}, "datetime": {"datetime": "2021-09-27 18:19:02", "elapsed": 26.769911, "delta": 0.63201}}
{"target": -11.70343797625852, "params": {"C": 126.89352306063238, "epsilon": 0.46932493252559226, "gamma": 0.004779021645210306}, "datetime": {"datetime": "2021-09-27 18:19:03", "elapsed": 27.151902, "delta": 0.381991}}
{"target": -11.375423145048096, "params": {"C": 160.4029479811556, "epsilon": 0.012584072819039475, "gamma": 0.026592928451697445}, "datetime": {"datetime": "2021-09-27 18:19:03", "elapsed": 27.916858, "delta": 0.764956}}
{"target": -13.798290637508067, "params": {"C": 135.3547505156451, "epsilon": 0.10468576177918563, "gamma": 0.21270957066988758}, "datetime": {"datetime": "2021-09-27 18:19:04", "elapsed": 28.481104, "delta": 0.564246}}
{"target": -14.552661141045512, "params": {"C": 265.08259300635564, "epsilon": 0.06003395381028163, "gamma": 0.223765233678488}, "datetime": {"datetime": "2021-09-27 18:19:04", "elapsed": 29.047106, "delta": 0.566002}}
{"target": -11.124524207495764, "params": {"C": 245.30510661424142, "epsilon": 0.3866946802084645, "gamma": 0.07239404262691765}, "datetime": {"datetime": "2021-09-27 18:19:05", "elapsed": 29.5671, "delta": 0.519994}}
{"target": -15.024919633540327, "params": {"C": 202.27760060026787, "epsilon": 0.35540711823653226, "gamma": 0.37328219918477235}, "datetime": {"datetime": "2021-09-27 18:19:05", "elapsed": 30.025104, "delta": 0.458004}}
{"target": -11.568641504551817, "params": {"C": 160.3929377866506, "epsilon": 0.14782026737002993, "gamma": 0.09644083685084019}, "datetime": {"datetime": "2021-09-27 18:19:06", "elapsed": 30.994101, "delta": 0.968997}}
{"target": -14.715107624930459, "params": {"C": 266.2190806474298, "epsilon": 0.4201809966638696, "gamma": 0.21545809805656493}, "datetime": {"datetime": "2021-09-27 18:19:07", "elapsed": 31.477103, "delta": 0.483002}}
{"target": -10.277868053913595, "params": {"C": 151.0715498909442, "epsilon": 0.28313831438136666, "gamma": 0.045442479033367476}, "datetime": {"datetime": "2021-09-27 18:19:07", "elapsed": 31.961221, "delta": 0.484118}}
{"target": -14.959748996370154, "params": {"C": 258.52440975000565, "epsilon": 0.0705374731938643, "gamma": 0.31711237869501685}, "datetime": {"datetime": "2021-09-27 18:19:08", "elapsed": 32.454218, "delta": 0.492997}}
{"target": -11.542837573916902, "params": {"C": 154.65251459323605, "epsilon": 0.2404275632965946, "gamma": 0.007105561679348956}, "datetime": {"datetime": "2021-09-27 18:19:08", "elapsed": 33.041044, "delta": 0.586826}}
{"target": -11.14916816134607, "params": {"C": 178.00214644684252, "epsilon": 0.017741637201657383, "gamma": 0.06278528021283397}, "datetime": {"datetime": "2021-09-27 18:19:09", "elapsed": 33.517043, "delta": 0.475999}}
{"target": -11.428550614456984, "params": {"C": 105.08383104996327, "epsilon": 0.01815291963495678, "gamma": 0.012900147818447495}, "datetime": {"datetime": "2021-09-27 18:19:09", "elapsed": 33.923197, "delta": 0.406154}}
{"target": -11.53505214011077, "params": {"C": 219.7246006316617, "epsilon": 0.13398998936237794, "gamma": 0.08115935697658877}, "datetime": {"datetime": "2021-09-27 18:19:10", "elapsed": 34.6382, "delta": 0.715003}}
{"target": -12.96570166276696, "params": {"C": 219.67286934945602, "epsilon": 0.08238494131035493, "gamma": 0.11963480287031615}, "datetime": {"datetime": "2021-09-27 18:19:11", "elapsed": 35.254201, "delta": 0.616001}}
{"target": -13.99166157507542, "params": {"C": 219.6569183052255, "epsilon": 0.10318625701668367, "gamma": 0.001}, "datetime": {"datetime": "2021-09-27 18:19:11", "elapsed": 35.753547, "delta": 0.499346}}
{"target": -11.047130491001358, "params": {"C": 206.25660241450603, "epsilon": 0.4636518193686143, "gamma": 0.060968760113742186}, "datetime": {"datetime": "2021-09-27 18:19:12", "elapsed": 36.69355, "delta": 0.940003}}
{"target": -11.152575010566675, "params": {"C": 117.31322779712806, "epsilon": 0.2727969947740431, "gamma": 0.09261853600221538}, "datetime": {"datetime": "2021-09-27 18:19:13", "elapsed": 37.120546, "delta": 0.426996}}
