{"target": 0.8987684472235156, "params": {"C": 75.77783148379541, "epsilon": 0.3526715500342558, "gamma": 0.08}, "datetime": {"datetime": "2021-09-18 12:12:29", "elapsed": 22.691054, "delta": 0.358033}}
{"target": 0.8987272425812456, "params": {"C": 75.72325487117183, "epsilon": 0.3439864427082227, "gamma": 0.07966288676605779}, "datetime": {"datetime": "2021-09-18 12:12:29", "elapsed": 23.152321, "delta": 0.461267}}
{"target": 0.8963948330033451, "params": {"C": 75.53939671129751, "epsilon": 0.15359521692128494, "gamma": 0.06833729046384866}, "datetime": {"datetime": "2021-09-18 12:12:30", "elapsed": 23.474321, "delta": 0.322}}
{"target": 0.8874534084807749, "params": {"C": 70.65457954747193, "epsilon": 0.005980651916404158, "gamma": 0.05467265433014917}, "datetime": {"datetime": "2021-09-18 12:12:30", "elapsed": 23.786931, "delta": 0.31261}}
{"target": 0.8973670521465613, "params": {"C": 76.10279163402677, "epsilon": 0.3833727996759027, "gamma": 0.0700731937443034}, "datetime": {"datetime": "2021-09-18 12:12:30", "elapsed": 24.099823, "delta": 0.312892}}
{"target": 0.897508963990509, "params": {"C": 70.01082278563793, "epsilon": 0.07738387115871834, "gamma": 0.08}, "datetime": {"datetime": "2021-09-18 12:12:31", "elapsed": 24.549298, "delta": 0.449475}}
{"target": 0.8973733273071309, "params": {"C": 68.69560700711234, "epsilon": 0.3968759563853984, "gamma": 0.07645237557602973}, "datetime": {"datetime": "2021-09-18 12:12:31", "elapsed": 24.862339, "delta": 0.313041}}
{"target": 0.8985798584388579, "params": {"C": 75.75225860508297, "epsilon": 0.41041008725379324, "gamma": 0.0768527391457686}, "datetime": {"datetime": "2021-09-18 12:12:32", "elapsed": 25.313253, "delta": 0.450914}}
{"target": 0.8938001980165852, "params": {"C": 74.19622868712824, "epsilon": 0.2739538398434809, "gamma": 0.062201407139147326}, "datetime": {"datetime": "2021-09-18 12:12:32", "elapsed": 25.643111, "delta": 0.329858}}
{"target": 0.8979633714329567, "params": {"C": 73.37480028380473, "epsilon": 0.08624663329208374, "gamma": 0.08}, "datetime": {"datetime": "2021-09-18 12:12:32", "elapsed": 26.085628, "delta": 0.442517}}
{"target": 0.8979561235143415, "params": {"C": 72.18656053377501, "epsilon": 0.10086212624851337, "gamma": 0.08}, "datetime": {"datetime": "2021-09-18 12:12:33", "elapsed": 26.538377, "delta": 0.452749}}
{"target": 0.8987566502937423, "params": {"C": 75.62027505965281, "epsilon": 0.35549339302717614, "gamma": 0.08}, "datetime": {"datetime": "2021-09-18 12:12:33", "elapsed": 26.989914, "delta": 0.451537}}
{"target": 0.8962390590097674, "params": {"C": 73.8080312444602, "epsilon": 0.09774315772183059, "gamma": 0.06975582094313457}, "datetime": {"datetime": "2021-09-18 12:12:34", "elapsed": 27.319954, "delta": 0.33004}}
{"target": 0.8916911142017032, "params": {"C": 75.62886069569639, "epsilon": 0.3408059243546241, "gamma": 0.057656343310772955}, "datetime": {"datetime": "2021-09-18 12:12:34", "elapsed": 27.654282, "delta": 0.334328}}
{"target": 0.8873822860576404, "params": {"C": 69.5851850915189, "epsilon": 0.09356546965318671, "gamma": 0.0541491621733359}, "datetime": {"datetime": "2021-09-18 12:12:34", "elapsed": 27.98632, "delta": 0.332038}}
{"target": 0.8880191631470461, "params": {"C": 76.1378374994731, "epsilon": 0.027133843226029006, "gamma": 0.05401641918993303}, "datetime": {"datetime": "2021-09-18 12:12:35", "elapsed": 28.335304, "delta": 0.348984}}
{"target": 0.8977707614303905, "params": {"C": 72.2130082267358, "epsilon": 0.07745474239903848, "gamma": 0.08}, "datetime": {"datetime": "2021-09-18 12:12:35", "elapsed": 28.776304, "delta": 0.441}}
{"target": 0.8966813993787427, "params": {"C": 75.76531971936002, "epsilon": 0.4393675922797711, "gamma": 0.06864534724110878}, "datetime": {"datetime": "2021-09-18 12:12:35", "elapsed": 29.150311, "delta": 0.374007}}
{"target": 0.8953562475999649, "params": {"C": 75.61836559010436, "epsilon": 0.3903989064008656, "gamma": 0.06467297750113213}, "datetime": {"datetime": "2021-09-18 12:12:36", "elapsed": 29.645653, "delta": 0.495342}}
{"target": 0.8986866094314863, "params": {"C": 75.586221460245, "epsilon": 0.3609939568586705, "gamma": 0.07887852779391404}, "datetime": {"datetime": "2021-09-18 12:12:36", "elapsed": 30.017106, "delta": 0.371453}}
{"target": 0.8943082207528993, "params": {"C": 73.10282329761785, "epsilon": 0.14274353266317585, "gamma": 0.0632567553003919}, "datetime": {"datetime": "2021-09-18 12:12:37", "elapsed": 30.366256, "delta": 0.34915}}
{"target": 0.897184494567175, "params": {"C": 72.2431087445793, "epsilon": 0.10395497324787174, "gamma": 0.07402977309335648}, "datetime": {"datetime": "2021-09-18 12:12:37", "elapsed": 30.76667, "delta": 0.400414}}
{"target": 0.8987138104838774, "params": {"C": 75.56980058269035, "epsilon": 0.33075193970917605, "gamma": 0.08}, "datetime": {"datetime": "2021-09-18 12:12:37", "elapsed": 31.218683, "delta": 0.452013}}
{"target": 0.8980055813888064, "params": {"C": 75.53734045758279, "epsilon": 0.3475539910761492, "gamma": 0.0728363280678273}, "datetime": {"datetime": "2021-09-18 12:12:38", "elapsed": 31.63875, "delta": 0.420067}}
{"target": 0.8988042983760133, "params": {"C": 75.55486823710378, "epsilon": 0.3784318897501268, "gamma": 0.08}, "datetime": {"datetime": "2021-09-18 12:12:38", "elapsed": 32.155604, "delta": 0.516854}}
{"target": 0.8878252936746195, "params": {"C": 72.49427771099431, "epsilon": 0.0771676253663048, "gamma": 0.05410281333367745}, "datetime": {"datetime": "2021-09-18 12:12:39", "elapsed": 32.521578, "delta": 0.365974}}
{"target": 0.8964740065793302, "params": {"C": 75.55391118030369, "epsilon": 0.30190944450281076, "gamma": 0.06838678294012727}, "datetime": {"datetime": "2021-09-18 12:12:39", "elapsed": 33.05597, "delta": 0.534392}}
{"target": 0.8933024339897698, "params": {"C": 68.36428950910931, "epsilon": 0.25132330675017767, "gamma": 0.0631705068033435}, "datetime": {"datetime": "2021-09-18 12:12:40", "elapsed": 33.419928, "delta": 0.363958}}
{"target": 0.8894108302906012, "params": {"C": 75.53848580846596, "epsilon": 0.39526933685913784, "gamma": 0.05314692243674067}, "datetime": {"datetime": "2021-09-18 12:12:40", "elapsed": 33.878725, "delta": 0.458797}}
{"target": 0.8943132507251355, "params": {"C": 68.3557853833105, "epsilon": 0.33317596855354475, "gamma": 0.06558736318486864}, "datetime": {"datetime": "2021-09-18 12:12:41", "elapsed": 34.396961, "delta": 0.518236}}
{"target": 0.897756001908034, "params": {"C": 70.02896989180812, "epsilon": 0.11284956284395971, "gamma": 0.08}, "datetime": {"datetime": "2021-09-18 12:12:41", "elapsed": 34.906493, "delta": 0.509532}}
{"target": 0.8972197376861921, "params": {"C": 72.26050414406821, "epsilon": 0.067815724811566, "gamma": 0.07570848176701127}, "datetime": {"datetime": "2021-09-18 12:12:42", "elapsed": 35.437534, "delta": 0.531041}}
{"target": 0.892018062412177, "params": {"C": 68.9761945753471, "epsilon": 0.3502788233179596, "gamma": 0.060236865136662245}, "datetime": {"datetime": "2021-09-18 12:12:42", "elapsed": 35.911076, "delta": 0.473542}}
{"target": 0.8969269618268283, "params": {"C": 68.18675511328067, "epsilon": 0.259361115268884, "gamma": 0.07540477089087633}, "datetime": {"datetime": "2021-09-18 12:12:42", "elapsed": 36.29452, "delta": 0.383444}}
{"target": 0.8976289592858988, "params": {"C": 68.98052765902095, "epsilon": 0.3844379529794801, "gamma": 0.07776467742141507}, "datetime": {"datetime": "2021-09-18 12:12:43", "elapsed": 36.676636, "delta": 0.382116}}
{"target": 0.8927408009714071, "params": {"C": 75.56364326151594, "epsilon": 0.34594814229676424, "gamma": 0.05945057911198436}, "datetime": {"datetime": "2021-09-18 12:12:43", "elapsed": 37.124828, "delta": 0.448192}}
{"target": 0.8844536598288281, "params": {"C": 72.2707361819667, "epsilon": 0.10132706105664957, "gamma": 0.050304439198711}, "datetime": {"datetime": "2021-09-18 12:12:44", "elapsed": 37.608919, "delta": 0.484091}}
{"target": 0.8947895246325656, "params": {"C": 74.02834971485466, "epsilon": 0.3155270648923936, "gamma": 0.06467031697465733}, "datetime": {"datetime": "2021-09-18 12:12:44", "elapsed": 38.016307, "delta": 0.407388}}
{"target": 0.8951916127328882, "params": {"C": 71.68542768840402, "epsilon": 0.39859331720186175, "gamma": 0.06602953652388734}, "datetime": {"datetime": "2021-09-18 12:12:45", "elapsed": 38.400989, "delta": 0.384682}}
{"target": 0.8952837999915424, "params": {"C": 72.21626215692409, "epsilon": 0.1237478361712337, "gamma": 0.06680929250278156}, "datetime": {"datetime": "2021-09-18 12:12:45", "elapsed": 38.888085, "delta": 0.487096}}
{"target": 0.8972311574444655, "params": {"C": 72.33202703442629, "epsilon": 0.09767411514632171, "gamma": 0.0743366927441548}, "datetime": {"datetime": "2021-09-18 12:12:46", "elapsed": 39.454959, "delta": 0.566874}}
{"target": 0.8985192483694504, "params": {"C": 75.51209369501957, "epsilon": 0.32606162600746574, "gamma": 0.07652987401380897}, "datetime": {"datetime": "2021-09-18 12:12:46", "elapsed": 40.083426, "delta": 0.628467}}
{"target": 0.8987193762127226, "params": {"C": 75.18729255079228, "epsilon": 0.36166820667548055, "gamma": 0.08}, "datetime": {"datetime": "2021-09-18 12:12:47", "elapsed": 40.613512, "delta": 0.530086}}
{"target": 0.8975520077650299, "params": {"C": 68.96922623598533, "epsilon": 0.4140796462960126, "gamma": 0.07774745213230838}, "datetime": {"datetime": "2021-09-18 12:12:47", "elapsed": 41.176477, "delta": 0.562965}}
{"target": 0.8987107160615528, "params": {"C": 75.20805026731196, "epsilon": 0.38927381040400394, "gamma": 0.07949122264056276}, "datetime": {"datetime": "2021-09-18 12:12:48", "elapsed": 41.718755, "delta": 0.542278}}
{"target": 0.897161620866836, "params": {"C": 75.18241101882295, "epsilon": 0.41090467098898775, "gamma": 0.07008004651909303}, "datetime": {"datetime": "2021-09-18 12:12:48", "elapsed": 42.127503, "delta": 0.408748}}
{"target": 0.8955971251533665, "params": {"C": 75.53871661862271, "epsilon": 0.15259112183098072, "gamma": 0.06547517561600483}, "datetime": {"datetime": "2021-09-18 12:12:49", "elapsed": 42.563477, "delta": 0.435974}}
{"target": 0.8932085757872915, "params": {"C": 69.92376563401584, "epsilon": 0.06993105840478529, "gamma": 0.06293704431727089}, "datetime": {"datetime": "2021-09-18 12:12:49", "elapsed": 43.000178, "delta": 0.436701}}
{"target": 0.8980327941280531, "params": {"C": 73.18306716880147, "epsilon": 0.39134130480422763, "gamma": 0.07547515753810081}, "datetime": {"datetime": "2021-09-18 12:12:50", "elapsed": 43.429895, "delta": 0.429717}}
{"target": 0.8974461841594106, "params": {"C": 72.30478462722093, "epsilon": 0.05856929681069983, "gamma": 0.07911119363963234}, "datetime": {"datetime": "2021-09-18 12:12:50", "elapsed": 43.917876, "delta": 0.487981}}
{"target": 0.898502739517987, "params": {"C": 75.07516706740172, "epsilon": 0.3177612623360377, "gamma": 0.07665434736211771}, "datetime": {"datetime": "2021-09-18 12:12:51", "elapsed": 44.340803, "delta": 0.422927}}
{"target": 0.8921088388520164, "params": {"C": 72.12500606796226, "epsilon": 0.38624349019830617, "gamma": 0.05896149098101345}, "datetime": {"datetime": "2021-09-18 12:12:51", "elapsed": 44.769019, "delta": 0.428216}}
{"target": 0.8974880345490799, "params": {"C": 73.17514538963087, "epsilon": 0.4239646057481172, "gamma": 0.07328872803467829}, "datetime": {"datetime": "2021-09-18 12:12:52", "elapsed": 45.324781, "delta": 0.555762}}
{"target": 0.8987536393222126, "params": {"C": 75.21156676790461, "epsilon": 0.2996828732058672, "gamma": 0.08}, "datetime": {"datetime": "2021-09-18 12:12:52", "elapsed": 45.938606, "delta": 0.613825}}
{"target": 0.897444220031575, "params": {"C": 73.21729038785266, "epsilon": 0.400734372698873, "gamma": 0.0722248126162246}, "datetime": {"datetime": "2021-09-18 12:12:53", "elapsed": 46.736408, "delta": 0.797802}}
{"target": 0.898096373953522, "params": {"C": 75.50197212701285, "epsilon": 0.35450539335699444, "gamma": 0.07331768521856508}, "datetime": {"datetime": "2021-09-18 12:12:54", "elapsed": 47.347642, "delta": 0.611234}}
{"target": 0.8986852969565248, "params": {"C": 75.30807772530035, "epsilon": 0.3393961417869948, "gamma": 0.07991373261983353}, "datetime": {"datetime": "2021-09-18 12:12:54", "elapsed": 47.808082, "delta": 0.46044}}
{"target": 0.8985295462998136, "params": {"C": 75.32844004893582, "epsilon": 0.3002651320247369, "gamma": 0.07586133943277723}, "datetime": {"datetime": "2021-09-18 12:12:54", "elapsed": 48.281653, "delta": 0.473571}}
{"target": 0.8970122165046961, "params": {"C": 75.23079248559371, "epsilon": 0.2662874979909048, "gamma": 0.0705186460371968}, "datetime": {"datetime": "2021-09-18 12:12:55", "elapsed": 48.742655, "delta": 0.461002}}
{"target": 0.8984977965325333, "params": {"C": 75.04333688458375, "epsilon": 0.3048468893986749, "gamma": 0.07593155256374842}, "datetime": {"datetime": "2021-09-18 12:12:56", "elapsed": 49.317234, "delta": 0.574579}}
{"target": 0.8965206611307488, "params": {"C": 75.46853329120295, "epsilon": 0.3303715965179457, "gamma": 0.06811137590598743}, "datetime": {"datetime": "2021-09-18 12:12:56", "elapsed": 49.9638, "delta": 0.646566}}
{"target": 0.894668048916037, "params": {"C": 75.06252150042297, "epsilon": 0.2733441848130356, "gamma": 0.06377466403880437}, "datetime": {"datetime": "2021-09-18 12:12:57", "elapsed": 50.505494, "delta": 0.541694}}
{"target": 0.8963520496161376, "params": {"C": 75.0288721194454, "epsilon": 0.3324636406360275, "gamma": 0.06771380725408575}, "datetime": {"datetime": "2021-09-18 12:12:57", "elapsed": 51.232669, "delta": 0.727175}}
{"target": 0.8885671404202087, "params": {"C": 74.28899995732189, "epsilon": 0.14566968253403756, "gamma": 0.05392063028907427}, "datetime": {"datetime": "2021-09-18 12:12:58", "elapsed": 51.683258, "delta": 0.450589}}
{"target": 0.8908876982629476, "params": {"C": 72.49273090276509, "epsilon": 0.10390860037228439, "gamma": 0.05760914139458856}, "datetime": {"datetime": "2021-09-18 12:12:58", "elapsed": 52.155257, "delta": 0.471999}}
{"target": 0.886490726481084, "params": {"C": 73.1547525522016, "epsilon": 0.3963250159886657, "gamma": 0.05}, "datetime": {"datetime": "2021-09-18 12:12:59", "elapsed": 52.904722, "delta": 0.749465}}
{"target": 0.8966704848846482, "params": {"C": 70.30971448420738, "epsilon": 0.32582726787757166, "gamma": 0.07206701371306921}, "datetime": {"datetime": "2021-09-18 12:13:00", "elapsed": 53.370721, "delta": 0.465999}}
{"target": 0.8956127119355822, "params": {"C": 70.108794074034, "epsilon": 0.1116678153713983, "gamma": 0.06929703986236599}, "datetime": {"datetime": "2021-09-18 12:13:00", "elapsed": 53.855019, "delta": 0.484298}}
{"target": 0.894347214453816, "params": {"C": 73.21655360669389, "epsilon": 0.4374174514391758, "gamma": 0.06325189718436063}, "datetime": {"datetime": "2021-09-18 12:13:01", "elapsed": 54.480766, "delta": 0.625747}}
{"target": 0.8976386559944677, "params": {"C": 76.10594565635878, "epsilon": 0.38483776398430203, "gamma": 0.0709873565971248}, "datetime": {"datetime": "2021-09-18 12:13:01", "elapsed": 54.961212, "delta": 0.480446}}
{"target": 0.8986753097160458, "params": {"C": 75.36843006554655, "epsilon": 0.31298957739718813, "gamma": 0.07829739512109521}, "datetime": {"datetime": "2021-09-18 12:13:02", "elapsed": 55.551108, "delta": 0.589896}}
{"target": 0.890665818169835, "params": {"C": 75.36526173601558, "epsilon": 0.2790769292955367, "gamma": 0.05616588483334953}, "datetime": {"datetime": "2021-09-18 12:13:02", "elapsed": 56.222076, "delta": 0.670968}}
{"target": 0.8961940776081506, "params": {"C": 75.39852482172844, "epsilon": 0.32958386213391916, "gamma": 0.06706977442740303}, "datetime": {"datetime": "2021-09-18 12:13:03", "elapsed": 56.870279, "delta": 0.648203}}
{"target": 0.8977870714224905, "params": {"C": 73.20526580301281, "epsilon": 0.3627268176605401, "gamma": 0.07373319188589327}, "datetime": {"datetime": "2021-09-18 12:13:04", "elapsed": 57.459104, "delta": 0.588825}}
{"target": 0.8947610159601982, "params": {"C": 75.63687641488099, "epsilon": 0.07109212368511526, "gamma": 0.06425259777417655}, "datetime": {"datetime": "2021-09-18 12:13:04", "elapsed": 57.975907, "delta": 0.516803}}
{"target": 0.8951799565388848, "params": {"C": 68.4438031373791, "epsilon": 0.2633712517962889, "gamma": 0.06772244970506754}, "datetime": {"datetime": "2021-09-18 12:13:05", "elapsed": 58.469907, "delta": 0.494}}
{"target": 0.8987042609584873, "params": {"C": 75.18398424195493, "epsilon": 0.27954301337405585, "gamma": 0.07966014433083134}, "datetime": {"datetime": "2021-09-18 12:13:05", "elapsed": 59.068036, "delta": 0.598129}}
{"target": 0.8952803215884517, "params": {"C": 76.11987602935521, "epsilon": 0.42157964637738965, "gamma": 0.06444212537145441}, "datetime": {"datetime": "2021-09-18 12:13:06", "elapsed": 59.802538, "delta": 0.734502}}
{"target": 0.8987316919160736, "params": {"C": 75.29140827125032, "epsilon": 0.2905556441969261, "gamma": 0.07889374410921415}, "datetime": {"datetime": "2021-09-18 12:13:07", "elapsed": 60.444211, "delta": 0.641673}}
{"target": 0.8981981874812474, "params": {"C": 75.10189860156065, "epsilon": 0.3357446172719986, "gamma": 0.07405052166723197}, "datetime": {"datetime": "2021-09-18 12:13:07", "elapsed": 60.949644, "delta": 0.505433}}
{"target": 0.8985859516464269, "params": {"C": 75.2706641614079, "epsilon": 0.3329627123764431, "gamma": 0.07842548639223601}, "datetime": {"datetime": "2021-09-18 12:13:08", "elapsed": 61.480076, "delta": 0.530432}}
{"target": 0.896036117021479, "params": {"C": 76.32759113850841, "epsilon": 0.34917045020105514, "gamma": 0.06611460032095406}, "datetime": {"datetime": "2021-09-18 12:13:08", "elapsed": 61.994134, "delta": 0.514058}}
{"target": 0.8984315954807779, "params": {"C": 75.18735299892423, "epsilon": 0.23477692800503538, "gamma": 0.0765050667323997}, "datetime": {"datetime": "2021-09-18 12:13:09", "elapsed": 62.727781, "delta": 0.733647}}
{"target": 0.8934917180548478, "params": {"C": 75.16607778578529, "epsilon": 0.2574548493022164, "gamma": 0.061133780490735354}, "datetime": {"datetime": "2021-09-18 12:13:10", "elapsed": 63.52054, "delta": 0.792759}}
{"target": 0.898100330683585, "params": {"C": 75.21434945067787, "epsilon": 0.20105639325078806, "gamma": 0.07419683463601416}, "datetime": {"datetime": "2021-09-18 12:13:11", "elapsed": 64.405956, "delta": 0.885416}}
{"target": 0.887196315542805, "params": {"C": 68.12496364828672, "epsilon": 0.3511081755624245, "gamma": 0.05260584389175201}, "datetime": {"datetime": "2021-09-18 12:13:11", "elapsed": 64.940238, "delta": 0.534282}}
{"target": 0.8986664009243578, "params": {"C": 75.18186874073781, "epsilon": 0.32371032442610387, "gamma": 0.07990767943881359}, "datetime": {"datetime": "2021-09-18 12:13:12", "elapsed": 65.891856, "delta": 0.951618}}
{"target": 0.8946464762541616, "params": {"C": 75.17715779949813, "epsilon": 0.19248277066938727, "gamma": 0.06328331260604357}, "datetime": {"datetime": "2021-09-18 12:13:13", "elapsed": 66.543624, "delta": 0.651768}}
{"target": 0.8929620671585112, "params": {"C": 71.05079124301744, "epsilon": 0.14977274466904142, "gamma": 0.06089413989943087}, "datetime": {"datetime": "2021-09-18 12:13:13", "elapsed": 67.067913, "delta": 0.524289}}
{"target": 0.886140023894057, "params": {"C": 75.23961191238404, "epsilon": 0.22671918983543304, "gamma": 0.05042865239742003}, "datetime": {"datetime": "2021-09-18 12:13:14", "elapsed": 67.747925, "delta": 0.680012}}
{"target": 0.896597867359703, "params": {"C": 72.2442945409207, "epsilon": 0.02563071584303741, "gamma": 0.07341890520021999}, "datetime": {"datetime": "2021-09-18 12:13:15", "elapsed": 68.344891, "delta": 0.596966}}
{"target": 0.8932065946188174, "params": {"C": 76.13858452121168, "epsilon": 0.3692101930774316, "gamma": 0.05989522870206651}, "datetime": {"datetime": "2021-09-18 12:13:15", "elapsed": 69.148427, "delta": 0.803536}}
{"target": 0.8985781535872014, "params": {"C": 75.34735444408969, "epsilon": 0.32106232656723177, "gamma": 0.0773338199855841}, "datetime": {"datetime": "2021-09-18 12:13:16", "elapsed": 69.819752, "delta": 0.671325}}
{"target": 0.886581681500449, "params": {"C": 70.95465795997359, "epsilon": 0.19764810787046852, "gamma": 0.052134289406322316}, "datetime": {"datetime": "2021-09-18 12:13:17", "elapsed": 70.355051, "delta": 0.535299}}
{"target": 0.8911835178119649, "params": {"C": 69.153663338078, "epsilon": 0.01884139819193116, "gamma": 0.05994330172171684}, "datetime": {"datetime": "2021-09-18 12:13:17", "elapsed": 70.908194, "delta": 0.553143}}
{"target": 0.8985991623420527, "params": {"C": 75.23056074553031, "epsilon": 0.4271018889946893, "gamma": 0.07915780390799171}, "datetime": {"datetime": "2021-09-18 12:13:18", "elapsed": 71.825186, "delta": 0.916992}}
{"target": 0.898318717626643, "params": {"C": 75.23709639384408, "epsilon": 0.3927248666415208, "gamma": 0.07541580302359463}, "datetime": {"datetime": "2021-09-18 12:13:19", "elapsed": 72.632093, "delta": 0.806907}}
{"target": 0.8983317670010924, "params": {"C": 74.19561522517554, "epsilon": 0.455734791595855, "gamma": 0.07748591300781404}, "datetime": {"datetime": "2021-09-18 12:13:19", "elapsed": 73.198021, "delta": 0.565928}}
{"target": 0.8915764671734454, "params": {"C": 74.22710939124823, "epsilon": 0.4591882915108529, "gamma": 0.05709699739073323}, "datetime": {"datetime": "2021-09-18 12:13:20", "elapsed": 74.141343, "delta": 0.943322}}
{"target": 0.8964919698336429, "params": {"C": 74.1693627969171, "epsilon": 0.4301918141020749, "gamma": 0.06886653673033312}, "datetime": {"datetime": "2021-09-18 12:13:21", "elapsed": 74.982078, "delta": 0.840735}}
{"target": 0.8869390313491979, "params": {"C": 75.21901797139454, "epsilon": 0.41758818138820125, "gamma": 0.05}, "datetime": {"datetime": "2021-09-18 12:13:22", "elapsed": 75.819129, "delta": 0.837051}}
