{"target": -11.137948634360988, "params": {"C": 43.91244095959314, "epsilon": 10.672896886553522, "gamma": 0.049979998878796346, "lamda": 0.04451951842210432}, "datetime": {"datetime": "2021-10-05 12:55:25", "elapsed": 1098.385558, "delta": 3.578547}}
{"target": -10.50911531000058, "params": {"C": 77.69700170432186, "epsilon": 21.551522678108604, "gamma": 0.03015239720663925, "lamda": 0.027735579750955842}, "datetime": {"datetime": "2021-10-05 12:55:31", "elapsed": 1104.405531, "delta": 6.019973}}
{"target": -10.280299547296194, "params": {"C": 37.459526527457726, "epsilon": 23.209151280823676, "gamma": 0.02614383844660099, "lamda": 0.017075425248910526}, "datetime": {"datetime": "2021-10-05 12:55:34", "elapsed": 1107.908452, "delta": 3.502921}}
{"target": -10.691568698427863, "params": {"C": 27.173793675518816, "epsilon": 11.087234998126615, "gamma": 0.036467987559356985, "lamda": 0.03683070204725046}, "datetime": {"datetime": "2021-10-05 12:55:39", "elapsed": 1113.093155, "delta": 5.184703}}
{"target": -10.619795232344389, "params": {"C": 29.527533377509116, "epsilon": 22.328740654420507, "gamma": 0.031699699824943264, "lamda": 0.037809131026694906}, "datetime": {"datetime": "2021-10-05 12:55:42", "elapsed": 1115.745219, "delta": 2.652064}}
{"target": -10.636110110938404, "params": {"C": 81.80778311298315, "epsilon": 17.95431050178178, "gamma": 0.028530001494454907, "lamda": 0.04043304663176224}, "datetime": {"datetime": "2021-10-05 12:55:46", "elapsed": 1119.389494, "delta": 3.644275}}
{"target": -10.567242202800664, "params": {"C": 61.81030069244356, "epsilon": 28.098931291951192, "gamma": 0.04391663653260836, "lamda": 0.0089816741529517}, "datetime": {"datetime": "2021-10-05 12:55:51", "elapsed": 1124.638506, "delta": 5.249012}}
{"target": -10.52569611414861, "params": {"C": 69.46124529052777, "epsilon": 19.357635293785464, "gamma": 0.039510890204176946, "lamda": 0.01345174377051782}, "datetime": {"datetime": "2021-10-05 12:55:55", "elapsed": 1129.069877, "delta": 4.431371}}
{"target": -10.397938036306602, "params": {"C": 63.536441575449075, "epsilon": 16.914118642170784, "gamma": 0.031909297052256175, "lamda": 0.008179345400314727}, "datetime": {"datetime": "2021-10-05 12:55:59", "elapsed": 1132.54321, "delta": 3.473333}}
{"target": -10.656463102343723, "params": {"C": 45.85355344544348, "epsilon": 21.14545903599272, "gamma": 0.04316369173485695, "lamda": 0.025892773884973706}, "datetime": {"datetime": "2021-10-05 12:56:03", "elapsed": 1136.278053, "delta": 3.734843}}
{"target": -10.538981150959717, "params": {"C": 69.37737484221107, "epsilon": 15.947403258984396, "gamma": 0.029989986721909032, "lamda": 0.01998304039459313}, "datetime": {"datetime": "2021-10-05 12:56:06", "elapsed": 1139.712587, "delta": 3.434534}}
{"target": -10.403979722224426, "params": {"C": 14.595411240371632, "epsilon": 28.30779657709695, "gamma": 0.024709017822163958, "lamda": 0.024442336994319556}, "datetime": {"datetime": "2021-10-05 12:56:09", "elapsed": 1143.143676, "delta": 3.431089}}
{"target": -10.94770838115994, "params": {"C": 54.590095590446865, "epsilon": 17.17196218034126, "gamma": 0.011581716607824689, "lamda": 0.028326970961741985}, "datetime": {"datetime": "2021-10-05 12:56:13", "elapsed": 1147.133126, "delta": 3.98945}}
{"target": -10.640206306098667, "params": {"C": 27.44370996218127, "epsilon": 28.727925770432353, "gamma": 0.045236352050403765, "lamda": 0.030371379587843316}, "datetime": {"datetime": "2021-10-05 12:56:17", "elapsed": 1150.453981, "delta": 3.320855}}
{"target": -10.79354520906968, "params": {"C": 66.49764219823568, "epsilon": 14.016543609877539, "gamma": 0.041460955669686717, "lamda": 0.03777698279093222}, "datetime": {"datetime": "2021-10-05 12:56:20", "elapsed": 1153.86029, "delta": 3.406309}}
{"target": -10.53760690043822, "params": {"C": 16.654995036656324, "epsilon": 15.119974760311177, "gamma": 0.0161280528079897, "lamda": 0.03142868283029342}, "datetime": {"datetime": "2021-10-05 12:56:23", "elapsed": 1157.196518, "delta": 3.336228}}
{"target": -10.531626969418637, "params": {"C": 23.605251319248776, "epsilon": 22.788958956855858, "gamma": 0.044102543143268245, "lamda": 0.022561571482219094}, "datetime": {"datetime": "2021-10-05 12:56:27", "elapsed": 1160.613441, "delta": 3.416923}}
{"target": -10.439066469911673, "params": {"C": 83.31471055110481, "epsilon": 17.079542212198064, "gamma": 0.013749606501126097, "lamda": 0.010286856135735956}, "datetime": {"datetime": "2021-10-05 12:56:30", "elapsed": 1163.844304, "delta": 3.230863}}
{"target": -11.413217844789758, "params": {"C": 69.52544295279417, "epsilon": 26.586056594840336, "gamma": 0.011317692977909969, "lamda": 0.0413487363444318}, "datetime": {"datetime": "2021-10-05 12:56:33", "elapsed": 1167.058187, "delta": 3.213883}}
{"target": -10.832156344562623, "params": {"C": 98.25095315221564, "epsilon": 19.51405855888602, "gamma": 0.047220573769550356, "lamda": 0.025351566330406958}, "datetime": {"datetime": "2021-10-05 12:56:37", "elapsed": 1170.539565, "delta": 3.481378}}
{"target": -10.569340015117435, "params": {"C": 38.181478089231035, "epsilon": 28.623475982770266, "gamma": 0.03997148752218649, "lamda": 0.0019201517181657655}, "datetime": {"datetime": "2021-10-05 12:56:42", "elapsed": 1176.133477, "delta": 5.593912}}
{"target": -10.639028595799473, "params": {"C": 32.99750123705492, "epsilon": 21.3105660808318, "gamma": 0.0343700436089131, "lamda": 0.038224362405138025}, "datetime": {"datetime": "2021-10-05 12:56:46", "elapsed": 1180.001978, "delta": 3.868501}}
{"target": -10.836992356071255, "params": {"C": 49.090366173238166, "epsilon": 28.413196683976118, "gamma": 0.014420880914199009, "lamda": 0.024937485762625746}, "datetime": {"datetime": "2021-10-05 12:56:50", "elapsed": 1183.49507, "delta": 3.493092}}
{"target": -11.022705508565304, "params": {"C": 69.44936406085249, "epsilon": 19.436328251799914, "gamma": 0.013785776192035179, "lamda": 0.03910568326914348}, "datetime": {"datetime": "2021-10-05 12:56:56", "elapsed": 1189.699591, "delta": 6.204521}}
{"target": -10.246628379599711, "params": {"C": 12.21500068905253, "epsilon": 21.907088258474953, "gamma": 0.017051989549574497, "lamda": 0.0016320748176756582}, "datetime": {"datetime": "2021-10-05 12:57:01", "elapsed": 1195.165712, "delta": 5.466121}}
{"target": -10.52564745977439, "params": {"C": 11.854463512533322, "epsilon": 29.62900170793661, "gamma": 0.030226806980221847, "lamda": 0.03289604277784255}, "datetime": {"datetime": "2021-10-05 12:57:05", "elapsed": 1198.669446, "delta": 3.503734}}
{"target": -10.679768999999013, "params": {"C": 22.376482287303364, "epsilon": 29.449701414829022, "gamma": 0.03541769249176088, "lamda": 0.0381675074427442}, "datetime": {"datetime": "2021-10-05 12:57:08", "elapsed": 1202.119175, "delta": 3.449729}}
{"target": -10.633137373831724, "params": {"C": 9.368451937456037, "epsilon": 14.839228813661279, "gamma": 0.011336448521981754, "lamda": 0.0028080144310518623}, "datetime": {"datetime": "2021-10-05 12:57:15", "elapsed": 1208.848551, "delta": 6.729376}}
{"target": -10.207379306982597, "params": {"C": 99.10315844796038, "epsilon": 22.87060719403454, "gamma": 0.014434930986505869, "lamda": 0.003909044456027569}, "datetime": {"datetime": "2021-10-05 12:57:21", "elapsed": 1214.225304, "delta": 5.376753}}
{"target": -10.193330595410075, "params": {"C": 16.715417193859366, "epsilon": 16.951756786230803, "gamma": 0.028336689456872902, "lamda": 0.0048879430382409396}, "datetime": {"datetime": "2021-10-05 12:57:24", "elapsed": 1217.500336, "delta": 3.275032}}
{"target": -10.331641459126384, "params": {"C": 9.411894549353464, "epsilon": 14.852838396647725, "gamma": 0.02350777945926593, "lamda": 0.002316015574403065}, "datetime": {"datetime": "2021-10-05 12:57:28", "elapsed": 1222.122889, "delta": 4.622553}}
{"target": -10.770392189260102, "params": {"C": 65.39807130707452, "epsilon": 12.452554565868414, "gamma": 0.037952462560376946, "lamda": 0.0013890773652479413}, "datetime": {"datetime": "2021-10-05 12:57:32", "elapsed": 1225.404683, "delta": 3.281794}}
{"target": -10.263424726302702, "params": {"C": 73.50077128321452, "epsilon": 28.322615425013584, "gamma": 0.022475503371181905, "lamda": 0.012627977464636453}, "datetime": {"datetime": "2021-10-05 12:57:37", "elapsed": 1231.142835, "delta": 5.738152}}
{"target": -10.945966684324656, "params": {"C": 73.45724485082323, "epsilon": 28.56083499832073, "gamma": 0.02047290836971776, "lamda": 0.04592166279205373}, "datetime": {"datetime": "2021-10-05 12:57:41", "elapsed": 1234.268959, "delta": 3.126124}}
{"target": -10.486849019355569, "params": {"C": 12.203329030897743, "epsilon": 21.90319145872516, "gamma": 0.011994060996569666, "lamda": 0.0003894572936159621}, "datetime": {"datetime": "2021-10-05 12:57:46", "elapsed": 1239.390441, "delta": 5.121482}}
{"target": -10.68171787130701, "params": {"C": 34.39184304613981, "epsilon": 12.674619145360941, "gamma": 0.0289776004760757, "lamda": 0.038363305303048836}, "datetime": {"datetime": "2021-10-05 12:57:49", "elapsed": 1242.707963, "delta": 3.317522}}
{"target": -10.546321489769719, "params": {"C": 16.732004410030743, "epsilon": 16.95250008645398, "gamma": 0.041271624295292755, "lamda": 0.02625466820695843}, "datetime": {"datetime": "2021-10-05 12:57:55", "elapsed": 1248.420103, "delta": 5.71214}}
{"target": -10.8618626419368, "params": {"C": 80.1816561422131, "epsilon": 10.783780078470018, "gamma": 0.03380359780766022, "lamda": 0.001026568828775531}, "datetime": {"datetime": "2021-10-05 12:57:58", "elapsed": 1251.437408, "delta": 3.017305}}
{"target": -10.55232989515568, "params": {"C": 82.91126055699382, "epsilon": 12.122560626795881, "gamma": 0.032843040185272884, "lamda": 0.015462430443512762}, "datetime": {"datetime": "2021-10-05 12:58:01", "elapsed": 1254.848587, "delta": 3.411179}}
{"target": -10.39366667268895, "params": {"C": 68.0600207778013, "epsilon": 20.1018690499542, "gamma": 0.02554550930002487, "lamda": 0.017706599366787777}, "datetime": {"datetime": "2021-10-05 12:58:05", "elapsed": 1258.276345, "delta": 3.427758}}
{"target": -10.727924373250382, "params": {"C": 46.978315823396585, "epsilon": 13.4290889553157, "gamma": 0.032424891286177863, "lamda": 0.03889572799737058}, "datetime": {"datetime": "2021-10-05 12:58:08", "elapsed": 1261.877961, "delta": 3.601616}}
{"target": -10.639551114591574, "params": {"C": 21.33325616196098, "epsilon": 10.524920864425964, "gamma": 0.04644041545385327, "lamda": 0.018173194724282516}, "datetime": {"datetime": "2021-10-05 12:58:14", "elapsed": 1267.334958, "delta": 5.456997}}
{"target": -11.072693889415767, "params": {"C": 32.60650455653921, "epsilon": 12.146311201192567, "gamma": 0.010356045466181381, "lamda": 0.031007943287276366}, "datetime": {"datetime": "2021-10-05 12:58:17", "elapsed": 1271.132828, "delta": 3.79787}}
{"target": -10.515318176459154, "params": {"C": 31.248732904075293, "epsilon": 17.764862753932874, "gamma": 0.03228780717772052, "lamda": 0.029772745213929305}, "datetime": {"datetime": "2021-10-05 12:58:24", "elapsed": 1277.342907, "delta": 6.210079}}
{"target": -10.202741834180307, "params": {"C": 47.444536213103156, "epsilon": 17.80223259878525, "gamma": 0.018188154279868085, "lamda": 0.010846988237155594}, "datetime": {"datetime": "2021-10-05 12:58:27", "elapsed": 1280.638734, "delta": 3.295827}}
{"target": -10.724754073502405, "params": {"C": 81.76052274260155, "epsilon": 15.486731385683328, "gamma": 0.0343604861521354, "lamda": 0.036325871479944746}, "datetime": {"datetime": "2021-10-05 12:58:31", "elapsed": 1284.424124, "delta": 3.78539}}
{"target": -10.366384180428822, "params": {"C": 18.409580464004073, "epsilon": 13.172699387238158, "gamma": 0.028029959554552626, "lamda": 0.018029187773263018}, "datetime": {"datetime": "2021-10-05 12:58:37", "elapsed": 1290.601591, "delta": 6.177467}}
{"target": -10.716546546145581, "params": {"C": 18.31617774528422, "epsilon": 22.27417715037473, "gamma": 0.042804764257241945, "lamda": 0.04294803465484606}, "datetime": {"datetime": "2021-10-05 12:58:40", "elapsed": 1293.853993, "delta": 3.252402}}
{"target": -10.162510391171493, "params": {"C": 58.51999172529019, "epsilon": 27.33334979327053, "gamma": 0.020736022735577446, "lamda": 0.0027432168525727287}, "datetime": {"datetime": "2021-10-05 12:58:44", "elapsed": 1297.682428, "delta": 3.828435}}
{"target": -10.506824405731917, "params": {"C": 22.788172697932016, "epsilon": 18.085187032080814, "gamma": 0.0277272236228515, "lamda": 0.0315615454458972}, "datetime": {"datetime": "2021-10-05 12:58:48", "elapsed": 1301.228545, "delta": 3.546117}}
{"target": -10.69905990325131, "params": {"C": 45.37473404209602, "epsilon": 18.167401310810114, "gamma": 0.04973699967517875, "lamda": 0.016049252175665073}, "datetime": {"datetime": "2021-10-05 12:58:52", "elapsed": 1305.214898, "delta": 3.986353}}
{"target": -11.319496368214798, "params": {"C": 97.74520868101128, "epsilon": 24.422762609894555, "gamma": 0.012666363616399886, "lamda": 0.0448046303294167}, "datetime": {"datetime": "2021-10-05 12:58:56", "elapsed": 1309.494007, "delta": 4.279109}}
{"target": -10.637896318802461, "params": {"C": 27.608973981341716, "epsilon": 26.690802561286223, "gamma": 0.03281864459255797, "lamda": 0.037946529113476096}, "datetime": {"datetime": "2021-10-05 12:59:00", "elapsed": 1313.412461, "delta": 3.918454}}
{"target": -10.425844489812652, "params": {"C": 37.39245109700343, "epsilon": 23.22401373535476, "gamma": 0.04035438292220991, "lamda": 0.009785274309425942}, "datetime": {"datetime": "2021-10-05 12:59:04", "elapsed": 1317.711638, "delta": 4.299177}}
{"target": -10.67819986349116, "params": {"C": 76.6100742747209, "epsilon": 12.546651915030083, "gamma": 0.014662148344063434, "lamda": 0.024615391708546406}, "datetime": {"datetime": "2021-10-05 12:59:08", "elapsed": 1321.351754, "delta": 3.640116}}
{"target": -10.293354335013243, "params": {"C": 81.31644156039295, "epsilon": 16.63807661293027, "gamma": 0.014937379043165736, "lamda": 0.006421749280178493}, "datetime": {"datetime": "2021-10-05 12:59:14", "elapsed": 1327.425632, "delta": 6.073878}}
{"target": -11.485488114734391, "params": {"C": 25.990928463768498, "epsilon": 22.948080292333906, "gamma": 0.009490701508147695, "lamda": 0.03892350906986607}, "datetime": {"datetime": "2021-10-05 12:59:20", "elapsed": 1333.502404, "delta": 6.076772}}
{"target": -10.775264527649306, "params": {"C": 83.29315451643434, "epsilon": 17.11329771269598, "gamma": 0.045498114395801516, "lamda": 0.03399028633989083}, "datetime": {"datetime": "2021-10-05 12:59:26", "elapsed": 1339.202838, "delta": 5.700434}}
{"target": -11.226882015461545, "params": {"C": 61.70586902475296, "epsilon": 27.113731942734802, "gamma": 0.04233580687908295, "lamda": 0.0002744138268433425}, "datetime": {"datetime": "2021-10-05 12:59:33", "elapsed": 1347.087013, "delta": 7.884175}}
{"target": -10.436469469818977, "params": {"C": 38.192944459443616, "epsilon": 28.652305259717625, "gamma": 0.01784050697326458, "lamda": 0.01648535334473976}, "datetime": {"datetime": "2021-10-05 12:59:41", "elapsed": 1354.861057, "delta": 7.774044}}
{"target": -11.041748108870186, "params": {"C": 80.57257226723549, "epsilon": 10.961432251559135, "gamma": 0.04910204114591357, "lamda": 0.028612781251727743}, "datetime": {"datetime": "2021-10-05 12:59:44", "elapsed": 1357.967138, "delta": 3.106081}}
{"target": -10.552074057250941, "params": {"C": 27.691193831026595, "epsilon": 16.14234393654865, "gamma": 0.04672449236947182, "lamda": 0.005222463969129512}, "datetime": {"datetime": "2021-10-05 12:59:51", "elapsed": 1364.928035, "delta": 6.960897}}
{"target": -10.188674184218586, "params": {"C": 31.233922962513915, "epsilon": 17.83034208705896, "gamma": 0.019213067007311138, "lamda": 0.008755375727445107}, "datetime": {"datetime": "2021-10-05 12:59:57", "elapsed": 1370.409854, "delta": 5.481819}}
{"target": -10.55846133916147, "params": {"C": 8.002540118180109, "epsilon": 24.926147117549508, "gamma": 0.04107346532062902, "lamda": 0.0397173458809064}, "datetime": {"datetime": "2021-10-05 13:00:00", "elapsed": 1373.796547, "delta": 3.386693}}
{"target": -10.362088270199871, "params": {"C": 84.34649682960047, "epsilon": 24.4410121652429, "gamma": 0.028833796402801933, "lamda": 0.012307090892648448}, "datetime": {"datetime": "2021-10-05 13:00:04", "elapsed": 1378.004419, "delta": 4.207872}}
{"target": -10.200412507632645, "params": {"C": 28.40721673667993, "epsilon": 27.451788467542208, "gamma": 0.015675175911987586, "lamda": 0.00902588303748302}, "datetime": {"datetime": "2021-10-05 13:00:08", "elapsed": 1382.121248, "delta": 4.116829}}
{"target": -10.367489569094786, "params": {"C": 7.471617930356272, "epsilon": 18.616688950351254, "gamma": 0.03748724143749252, "lamda": 0.027881196980671832}, "datetime": {"datetime": "2021-10-05 13:00:16", "elapsed": 1389.527998, "delta": 7.40675}}
{"target": -10.635011696195221, "params": {"C": 79.80840849301737, "epsilon": 23.803554484325733, "gamma": 0.03473366922252656, "lamda": 0.03542645846817685}, "datetime": {"datetime": "2021-10-05 13:00:23", "elapsed": 1396.669396, "delta": 7.141398}}
{"target": -10.421711092405205, "params": {"C": 18.96997130776331, "epsilon": 11.805267921636604, "gamma": 0.02496092398617888, "lamda": 0.026285223247650952}, "datetime": {"datetime": "2021-10-05 13:00:29", "elapsed": 1402.941171, "delta": 6.271775}}
{"target": -10.444014788116593, "params": {"C": 55.98381238688254, "epsilon": 16.803073928805155, "gamma": 0.02904164135586717, "lamda": 0.016373421213341104}, "datetime": {"datetime": "2021-10-05 13:00:34", "elapsed": 1407.729546, "delta": 4.788375}}
{"target": -10.61889500956186, "params": {"C": 51.77453137332189, "epsilon": 21.32537629291655, "gamma": 0.01432188182639903, "lamda": 0.019300616719438165}, "datetime": {"datetime": "2021-10-05 13:00:44", "elapsed": 1418.158582, "delta": 10.429036}}
{"target": -10.35355189468117, "params": {"C": 9.40740120938895, "epsilon": 14.866745852155683, "gamma": 0.036827418062642496, "lamda": 0.02252446641663157}, "datetime": {"datetime": "2021-10-05 13:00:52", "elapsed": 1425.823323, "delta": 7.664741}}
{"target": -10.231720469533718, "params": {"C": 24.90343475535281, "epsilon": 17.387693313751907, "gamma": 0.014154282865139416, "lamda": 0.008128935831956582}, "datetime": {"datetime": "2021-10-05 13:01:00", "elapsed": 1434.033393, "delta": 8.21007}}
{"target": -10.627285792807898, "params": {"C": 31.096075029167082, "epsilon": 17.801774345845025, "gamma": 0.04057004799605685, "lamda": 0.025505580566700024}, "datetime": {"datetime": "2021-10-05 13:01:06", "elapsed": 1440.167704, "delta": 6.134311}}
{"target": -10.604842338156695, "params": {"C": 50.509073069427075, "epsilon": 21.441991755120103, "gamma": 0.030447480072819468, "lamda": 0.03770607623048643}, "datetime": {"datetime": "2021-10-05 13:01:12", "elapsed": 1445.827435, "delta": 5.659731}}
{"target": -10.393471882082839, "params": {"C": 6.8620816924703325, "epsilon": 26.458817590704236, "gamma": 0.01698923528292774, "lamda": 0.0004891607236897687}, "datetime": {"datetime": "2021-10-05 13:01:18", "elapsed": 1452.149548, "delta": 6.322113}}
{"target": -10.911036241066235, "params": {"C": 33.01151770786042, "epsilon": 21.352775587996618, "gamma": 0.009328919769940573, "lamda": 0.018559925929728327}, "datetime": {"datetime": "2021-10-05 13:01:24", "elapsed": 1457.606403, "delta": 5.456855}}
{"target": -10.503859441963067, "params": {"C": 13.035734751322014, "epsilon": 13.722247879925565, "gamma": 0.044255504177456814, "lamda": 0.018033462705958243}, "datetime": {"datetime": "2021-10-05 13:01:31", "elapsed": 1464.257991, "delta": 6.651588}}
{"target": -10.9165571243871, "params": {"C": 16.947505947608065, "epsilon": 12.694946005583976, "gamma": 0.04607247853985855, "lamda": 0.047685755088761335}, "datetime": {"datetime": "2021-10-05 13:01:35", "elapsed": 1468.22782, "delta": 3.969829}}
{"target": -10.39954946807672, "params": {"C": 50.45175043515691, "epsilon": 21.447463524032102, "gamma": 0.02571126090177393, "lamda": 0.02166083412652263}, "datetime": {"datetime": "2021-10-05 13:01:40", "elapsed": 1473.83499, "delta": 5.60717}}
{"target": -10.263777379172016, "params": {"C": 35.69387972503893, "epsilon": 17.20881325684188, "gamma": 0.030533432350336294, "lamda": 0.00816282432202022}, "datetime": {"datetime": "2021-10-05 13:01:44", "elapsed": 1478.183811, "delta": 4.348821}}
{"target": -10.520842392682326, "params": {"C": 13.046284517034922, "epsilon": 17.885144666700388, "gamma": 0.016257128463615968, "lamda": 0.031337693990163416}, "datetime": {"datetime": "2021-10-05 13:01:49", "elapsed": 1482.437913, "delta": 4.254102}}
{"target": -10.238879526063508, "params": {"C": 34.44222770239084, "epsilon": 26.50184355323867, "gamma": 0.026139518142735574, "lamda": 0.012916191387794509}, "datetime": {"datetime": "2021-10-05 13:01:54", "elapsed": 1488.017971, "delta": 5.580058}}
{"target": -10.707132860128011, "params": {"C": 58.01652605545219, "epsilon": 19.135590778519422, "gamma": 0.04816584413314098, "lamda": 0.008537537113718276}, "datetime": {"datetime": "2021-10-05 13:02:07", "elapsed": 1500.23422, "delta": 12.216249}}
{"target": -10.37947448064649, "params": {"C": 68.46215939024727, "epsilon": 28.431266424701928, "gamma": 0.034123703467795446, "lamda": 0.014864952740080602}, "datetime": {"datetime": "2021-10-05 13:02:11", "elapsed": 1504.578137, "delta": 4.343917}}
{"target": -10.416460788999633, "params": {"C": 6.855309707666848, "epsilon": 26.473580393412107, "gamma": 0.04512440543973048, "lamda": 0.026128134503611646}, "datetime": {"datetime": "2021-10-05 13:02:19", "elapsed": 1512.449465, "delta": 7.871328}}
{"target": -10.261642013499106, "params": {"C": 9.670632480000826, "epsilon": 23.975861770965707, "gamma": 0.02286214885177009, "lamda": 0.008516326880197425}, "datetime": {"datetime": "2021-10-05 13:02:25", "elapsed": 1518.212308, "delta": 5.762843}}
