{"target": -10.173390746421736, "params": {"C": 24.712125721678145, "epsilon": 21.03458610239168, "gamma": 0.021551025744167188, "lamda": 0.01221822016068757}, "datetime": {"datetime": "2021-10-06 13:33:52", "elapsed": 472.169045, "delta": 1.554772}}
{"target": -10.240417459544569, "params": {"C": 51.15477017952818, "epsilon": 24.1467018989266, "gamma": 0.025226121969753875, "lamda": 0.009824999186404651}, "datetime": {"datetime": "2021-10-06 13:33:54", "elapsed": 473.878951, "delta": 1.709906}}
{"target": -10.319803535380833, "params": {"C": 50.22315387900446, "epsilon": 27.535553346789104, "gamma": 0.03198497363835249, "lamda": 0.006031714008488128}, "datetime": {"datetime": "2021-10-06 13:33:56", "elapsed": 475.742353, "delta": 1.863402}}
{"target": -10.443670008552369, "params": {"C": 48.14611206435665, "epsilon": 23.346392333007987, "gamma": 0.03412480933912922, "lamda": 0.019498748445483303}, "datetime": {"datetime": "2021-10-06 13:33:58", "elapsed": 477.712062, "delta": 1.969709}}
{"target": -10.359806683747456, "params": {"C": 28.382962727566486, "epsilon": 21.776341402096676, "gamma": 0.012894202952828993, "lamda": 0.0008700695160904805}, "datetime": {"datetime": "2021-10-06 13:34:00", "elapsed": 479.547119, "delta": 1.835057}}
{"target": -10.441423253292909, "params": {"C": 50.3461606513863, "epsilon": 29.921248742635523, "gamma": 0.03879080655953125, "lamda": 0.017178495659887303}, "datetime": {"datetime": "2021-10-06 13:34:01", "elapsed": 481.125482, "delta": 1.578363}}
{"target": -10.70057173673284, "params": {"C": 78.20263249122384, "epsilon": 13.328377361141413, "gamma": 0.025667847574446886, "lamda": 0.00030516937675002234}, "datetime": {"datetime": "2021-10-06 13:34:03", "elapsed": 483.225011, "delta": 2.099529}}
{"target": -10.737497553610732, "params": {"C": 54.983034764445094, "epsilon": 16.078069260202277, "gamma": 0.01105197694646419, "lamda": 0.018622312539452436}, "datetime": {"datetime": "2021-10-06 13:34:05", "elapsed": 484.89707, "delta": 1.672059}}
{"target": -10.40720115248658, "params": {"C": 69.467931452694, "epsilon": 29.122644587050143, "gamma": 0.034757233488876334, "lamda": 0.010052746992817042}, "datetime": {"datetime": "2021-10-06 13:34:07", "elapsed": 486.706431, "delta": 1.809361}}
{"target": -10.407815462645162, "params": {"C": 84.3470332985283, "epsilon": 28.056161474728402, "gamma": 0.03521968097162535, "lamda": 0.01080996392352493}, "datetime": {"datetime": "2021-10-06 13:34:08", "elapsed": 488.360809, "delta": 1.654378}}
{"target": -10.223093349409291, "params": {"C": 76.1090506186605, "epsilon": 33.53609858389312, "gamma": 0.013542039223325347, "lamda": 0.0026652580166388225}, "datetime": {"datetime": "2021-10-06 13:34:11", "elapsed": 490.847795, "delta": 2.486986}}
{"target": -10.316402768977358, "params": {"C": 92.80355275443114, "epsilon": 25.140450339136102, "gamma": 0.025891742282917664, "lamda": 0.014983620978892977}, "datetime": {"datetime": "2021-10-06 13:34:13", "elapsed": 492.543503, "delta": 1.695708}}
{"target": -10.934691559779708, "params": {"C": 72.5503710917236, "epsilon": 31.401434856180245, "gamma": 0.012147330871249749, "lamda": 0.018750834622269417}, "datetime": {"datetime": "2021-10-06 13:34:14", "elapsed": 494.182213, "delta": 1.63871}}
{"target": -10.520261789850355, "params": {"C": 5.592501232030344, "epsilon": 19.37550053174807, "gamma": 0.031779650464429036, "lamda": 0.00022394195623414364}, "datetime": {"datetime": "2021-10-06 13:34:17", "elapsed": 496.605139, "delta": 2.422926}}
{"target": -10.592875038481942, "params": {"C": 15.47978209569357, "epsilon": 26.22453806121099, "gamma": 0.03881126443581063, "lamda": 0.00205646105897667}, "datetime": {"datetime": "2021-10-06 13:34:18", "elapsed": 498.360038, "delta": 1.754899}}
{"target": -10.485137321392774, "params": {"C": 77.4015663939129, "epsilon": 24.63364622079919, "gamma": 0.03748183125205288, "lamda": 0.018406833907430867}, "datetime": {"datetime": "2021-10-06 13:34:20", "elapsed": 500.271623, "delta": 1.911585}}
{"target": -10.342441277257079, "params": {"C": 19.753387439014617, "epsilon": 12.460724150304639, "gamma": 0.029789440935940624, "lamda": 0.002751982988752946}, "datetime": {"datetime": "2021-10-06 13:34:23", "elapsed": 502.566858, "delta": 2.295235}}
{"target": -10.741606496143996, "params": {"C": 97.5287995425702, "epsilon": 31.65337180729062, "gamma": 0.0387768226641754, "lamda": 0.0014992942655671557}, "datetime": {"datetime": "2021-10-06 13:34:25", "elapsed": 504.496529, "delta": 1.929671}}
{"target": -10.54459881645954, "params": {"C": 96.10319308738624, "epsilon": 21.950392005428967, "gamma": 0.0322659937549873, "lamda": 0.001585767417887954}, "datetime": {"datetime": "2021-10-06 13:34:26", "elapsed": 506.28316, "delta": 1.786631}}
{"target": -10.269149883209446, "params": {"C": 29.84706881205096, "epsilon": 23.749990746392296, "gamma": 0.020820003957907597, "lamda": 0.01800529686131284}, "datetime": {"datetime": "2021-10-06 13:34:28", "elapsed": 508.036703, "delta": 1.753543}}
{"target": -10.511482421025784, "params": {"C": 32.34681970361433, "epsilon": 14.052082934881621, "gamma": 0.011360293521421152, "lamda": 0.013449125972383196}, "datetime": {"datetime": "2021-10-06 13:34:30", "elapsed": 509.872664, "delta": 1.835961}}
{"target": -10.313340720865243, "params": {"C": 65.96967667107627, "epsilon": 27.670391782014097, "gamma": 0.02877379019966208, "lamda": 0.004476281984484799}, "datetime": {"datetime": "2021-10-06 13:34:32", "elapsed": 512.295466, "delta": 2.422802}}
{"target": -10.340782649515697, "params": {"C": 51.588836123619444, "epsilon": 29.53040630286027, "gamma": 0.025821497322614177, "lamda": 0.017728100182107683}, "datetime": {"datetime": "2021-10-06 13:34:34", "elapsed": 514.418884, "delta": 2.123418}}
{"target": -10.421419266541228, "params": {"C": 18.234657429625685, "epsilon": 13.948114266863628, "gamma": 0.03615329291615566, "lamda": 0.004317518260787187}, "datetime": {"datetime": "2021-10-06 13:34:36", "elapsed": 516.338424, "delta": 1.91954}}
{"target": -10.510918378089421, "params": {"C": 77.64860562407328, "epsilon": 31.46467574886351, "gamma": 0.01718743028630224, "lamda": 0.01438245800760839}, "datetime": {"datetime": "2021-10-06 13:34:39", "elapsed": 518.767541, "delta": 2.429117}}
{"target": -10.45051581303552, "params": {"C": 89.68414807079425, "epsilon": 16.089594945301698, "gamma": 0.02703945190938291, "lamda": 0.012068084430358755}, "datetime": {"datetime": "2021-10-06 13:34:41", "elapsed": 520.703537, "delta": 1.935996}}
{"target": -10.365777369262956, "params": {"C": 62.31791149168846, "epsilon": 22.594205626623022, "gamma": 0.026244326669314165, "lamda": 0.018149633270762956}, "datetime": {"datetime": "2021-10-06 13:34:42", "elapsed": 522.432013, "delta": 1.728476}}
{"target": -10.334589748968108, "params": {"C": 6.145481845390173, "epsilon": 16.56087591225461, "gamma": 0.023310894782257112, "lamda": 0.012531536351899752}, "datetime": {"datetime": "2021-10-06 13:34:44", "elapsed": 524.316364, "delta": 1.884351}}
{"target": -10.328093430043895, "params": {"C": 7.485716560338832, "epsilon": 20.77556023271429, "gamma": 0.02841663112457367, "lamda": 0.0030113496045436204}, "datetime": {"datetime": "2021-10-06 13:34:46", "elapsed": 526.355182, "delta": 2.038818}}
{"target": -10.290922694194085, "params": {"C": 10.05199901156187, "epsilon": 11.691546186689628, "gamma": 0.021907164356691593, "lamda": 0.007168327382959374}, "datetime": {"datetime": "2021-10-06 13:34:48", "elapsed": 528.309095, "delta": 1.953913}}
{"target": -10.28770207960564, "params": {"C": 66.94416286178873, "epsilon": 17.446755888415446, "gamma": 0.01667612310846258, "lamda": 0.01057659887784315}, "datetime": {"datetime": "2021-10-06 13:34:50", "elapsed": 529.986849, "delta": 1.677754}}
{"target": -10.491734194599122, "params": {"C": 6.84128244479405, "epsilon": 30.546836936450102, "gamma": 0.02924327511655165, "lamda": 0.004852560628771471}, "datetime": {"datetime": "2021-10-06 13:34:52", "elapsed": 531.972161, "delta": 1.985312}}
{"target": -10.344124896277345, "params": {"C": 47.78872760340415, "epsilon": 27.555197434555623, "gamma": 0.03302902726791647, "lamda": 0.012970893179936428}, "datetime": {"datetime": "2021-10-06 13:34:54", "elapsed": 533.750935, "delta": 1.778774}}
{"target": -10.284048769864162, "params": {"C": 19.676824754403466, "epsilon": 25.487409393461213, "gamma": 0.032814589521703394, "lamda": 0.01911498592660665}, "datetime": {"datetime": "2021-10-06 13:34:56", "elapsed": 536.193164, "delta": 2.442229}}
{"target": -10.430351342207343, "params": {"C": 97.07734314829248, "epsilon": 30.348210033599237, "gamma": 0.039554238232314326, "lamda": 0.015489132944364188}, "datetime": {"datetime": "2021-10-06 13:34:59", "elapsed": 539.198276, "delta": 3.005112}}
{"target": -10.605236022665459, "params": {"C": 99.20115435445162, "epsilon": 29.04476513889218, "gamma": 0.0368129110312778, "lamda": 0.002043838133178337}, "datetime": {"datetime": "2021-10-06 13:35:02", "elapsed": 541.930604, "delta": 2.732328}}
{"target": -10.439935666825063, "params": {"C": 75.93539606780944, "epsilon": 25.536144211286135, "gamma": 0.037039931744406125, "lamda": 0.01693641079229366}, "datetime": {"datetime": "2021-10-06 13:35:04", "elapsed": 543.737336, "delta": 1.806732}}
{"target": -10.587909552926469, "params": {"C": 10.284807617305901, "epsilon": 24.568464390941017, "gamma": 0.03936353186765198, "lamda": 0.004837829189903282}, "datetime": {"datetime": "2021-10-06 13:35:06", "elapsed": 546.318507, "delta": 2.581171}}
{"target": -10.484693492470818, "params": {"C": 42.64135442609769, "epsilon": 33.97515294271567, "gamma": 0.015539538852548584, "lamda": 0.011484188832746121}, "datetime": {"datetime": "2021-10-06 13:35:09", "elapsed": 548.976118, "delta": 2.657611}}
{"target": -10.34063920338407, "params": {"C": 49.514786367584726, "epsilon": 21.094475402344717, "gamma": 0.0326104643776704, "lamda": 0.002519259059884345}, "datetime": {"datetime": "2021-10-06 13:35:11", "elapsed": 550.847054, "delta": 1.870936}}
{"target": -10.120384743863308, "params": {"C": 39.73086661305831, "epsilon": 31.34812400664384, "gamma": 0.021214551178086655, "lamda": 0.006823472961666148}, "datetime": {"datetime": "2021-10-06 13:35:13", "elapsed": 552.771223, "delta": 1.924169}}
{"target": -10.445843140503678, "params": {"C": 31.537764187166086, "epsilon": 16.794765176670825, "gamma": 0.03548805768165835, "lamda": 0.019688306328855397}, "datetime": {"datetime": "2021-10-06 13:35:16", "elapsed": 555.928952, "delta": 3.157729}}
{"target": -10.120045104685127, "params": {"C": 33.670237371868794, "epsilon": 25.125822711567668, "gamma": 0.01681374379088268, "lamda": 0.006396079902954085}, "datetime": {"datetime": "2021-10-06 13:35:18", "elapsed": 558.368886, "delta": 2.439934}}
{"target": -10.50568315046874, "params": {"C": 52.142603420764, "epsilon": 13.843666652398742, "gamma": 0.03604641293281224, "lamda": 0.014245522362383843}, "datetime": {"datetime": "2021-10-06 13:35:21", "elapsed": 561.029914, "delta": 2.661028}}
{"target": -10.57180693166603, "params": {"C": 40.29241248823725, "epsilon": 10.843401093846136, "gamma": 0.03937991231257478, "lamda": 0.012764683204771806}, "datetime": {"datetime": "2021-10-06 13:35:23", "elapsed": 562.971955, "delta": 1.942041}}
{"target": -10.452893422933048, "params": {"C": 5.6110439023092535, "epsilon": 26.538851267912012, "gamma": 0.01679678598539936, "lamda": 0.004728423580115004}, "datetime": {"datetime": "2021-10-06 13:35:25", "elapsed": 564.970296, "delta": 1.998341}}
{"target": -10.209954666985327, "params": {"C": 72.0052349240905, "epsilon": 21.82304686807297, "gamma": 0.025229476559358116, "lamda": 0.0015031852338929902}, "datetime": {"datetime": "2021-10-06 13:35:28", "elapsed": 567.758039, "delta": 2.787743}}
{"target": -10.318538175305344, "params": {"C": 9.671566184632745, "epsilon": 26.205061614230925, "gamma": 0.018035782595690004, "lamda": 0.01919088588790266}, "datetime": {"datetime": "2021-10-06 13:35:30", "elapsed": 569.794804, "delta": 2.036765}}
{"target": -10.46542321973134, "params": {"C": 95.43463926571945, "epsilon": 27.633783969866045, "gamma": 0.038964450029922625, "lamda": 0.0172652282304362}, "datetime": {"datetime": "2021-10-06 13:35:32", "elapsed": 571.619746, "delta": 1.824942}}
{"target": -10.285973523500124, "params": {"C": 88.51669919303123, "epsilon": 28.121768323942685, "gamma": 0.025066095147282506, "lamda": 0.006557404903702107}, "datetime": {"datetime": "2021-10-06 13:35:34", "elapsed": 573.488032, "delta": 1.868286}}
{"target": -10.291850578207468, "params": {"C": 81.66992794091698, "epsilon": 26.179889680636887, "gamma": 0.022783299769970837, "lamda": 0.010634892590278949}, "datetime": {"datetime": "2021-10-06 13:35:35", "elapsed": 575.393034, "delta": 1.905002}}
{"target": -10.21119545249764, "params": {"C": 23.319603378791076, "epsilon": 30.121243725103604, "gamma": 0.026123210981090238, "lamda": 0.013519607687364819}, "datetime": {"datetime": "2021-10-06 13:35:37", "elapsed": 577.373547, "delta": 1.980513}}
{"target": -10.270622442200523, "params": {"C": 77.50346907602719, "epsilon": 11.42412858270881, "gamma": 0.021607338290488207, "lamda": 0.007842357154557526}, "datetime": {"datetime": "2021-10-06 13:35:39", "elapsed": 579.404149, "delta": 2.030602}}
{"target": -10.3479313454329, "params": {"C": 77.4281364681351, "epsilon": 26.09785127966917, "gamma": 0.019242351063105415, "lamda": 0.014814677050862143}, "datetime": {"datetime": "2021-10-06 13:35:42", "elapsed": 581.976655, "delta": 2.572506}}
{"target": -10.253060886379343, "params": {"C": 12.624778789739445, "epsilon": 28.192029825519807, "gamma": 0.035845099107058964, "lamda": 0.011725465485295067}, "datetime": {"datetime": "2021-10-06 13:35:45", "elapsed": 584.671536, "delta": 2.694881}}
{"target": -10.482297012253676, "params": {"C": 98.4907883043857, "epsilon": 14.393389068033134, "gamma": 0.017027684129328764, "lamda": 0.019671207523809145}, "datetime": {"datetime": "2021-10-06 13:35:47", "elapsed": 586.59182, "delta": 1.920284}}
{"target": -10.433566468727715, "params": {"C": 93.67878671826665, "epsilon": 11.995751944126686, "gamma": 0.02860541075517581, "lamda": 0.010378205923942532}, "datetime": {"datetime": "2021-10-06 13:35:49", "elapsed": 588.531003, "delta": 1.939183}}
{"target": -10.390379896227214, "params": {"C": 41.17849976234245, "epsilon": 23.716364520990716, "gamma": 0.03595998199285244, "lamda": 0.015572775983001401}, "datetime": {"datetime": "2021-10-06 13:35:52", "elapsed": 592.290991, "delta": 3.759988}}
{"target": -10.139267384646308, "params": {"C": 63.30754985116733, "epsilon": 23.42187396959065, "gamma": 0.021560940970977972, "lamda": 0.003683264785588962}, "datetime": {"datetime": "2021-10-06 13:35:54", "elapsed": 594.307945, "delta": 2.016954}}
{"target": -10.5887423499061, "params": {"C": 94.87352143592493, "epsilon": 12.48375099520728, "gamma": 0.03595237450121425, "lamda": 0.012775349973699198}, "datetime": {"datetime": "2021-10-06 13:35:56", "elapsed": 596.15953, "delta": 1.851585}}
{"target": -10.349662473084697, "params": {"C": 45.128699126586135, "epsilon": 13.255848914955202, "gamma": 0.03152461555857381, "lamda": 0.01044836467788421}, "datetime": {"datetime": "2021-10-06 13:35:58", "elapsed": 598.229885, "delta": 2.070355}}
{"target": -10.404045123161772, "params": {"C": 60.24745257561035, "epsilon": 18.20156277046152, "gamma": 0.030700261410894936, "lamda": 0.01252791485068712}, "datetime": {"datetime": "2021-10-06 13:36:00", "elapsed": 600.297786, "delta": 2.067901}}
{"target": -10.962425250281079, "params": {"C": 27.10655911840765, "epsilon": 32.957103223277535, "gamma": 0.038288616442528955, "lamda": 0.0009210258938005074}, "datetime": {"datetime": "2021-10-06 13:36:03", "elapsed": 602.472357, "delta": 2.174571}}
{"target": -10.201304720579001, "params": {"C": 56.63670155733469, "epsilon": 13.480604654407006, "gamma": 0.020518271369560127, "lamda": 0.002756999331853598}, "datetime": {"datetime": "2021-10-06 13:36:04", "elapsed": 604.432786, "delta": 1.960429}}
{"target": -10.56208619124456, "params": {"C": 50.76578732599004, "epsilon": 15.633069269097316, "gamma": 0.03992750998802526, "lamda": 0.010576069461007311}, "datetime": {"datetime": "2021-10-06 13:36:07", "elapsed": 607.199443, "delta": 2.766657}}
{"target": -10.406631164207464, "params": {"C": 66.11122260434429, "epsilon": 17.473478515177572, "gamma": 0.025145892432693683, "lamda": 0.01708675941867308}, "datetime": {"datetime": "2021-10-06 13:36:09", "elapsed": 609.146754, "delta": 1.947311}}
{"target": -10.369759990788866, "params": {"C": 13.456138842478904, "epsilon": 12.661864314895729, "gamma": 0.02496403402985371, "lamda": 0.019080001485038467}, "datetime": {"datetime": "2021-10-06 13:36:12", "elapsed": 611.948272, "delta": 2.801518}}
{"target": -10.682421411452651, "params": {"C": 19.685088092785634, "epsilon": 19.8103765216263, "gamma": 0.01029685612859273, "lamda": 0.01718926039838532}, "datetime": {"datetime": "2021-10-06 13:36:15", "elapsed": 614.618368, "delta": 2.670096}}
{"target": -10.239408430185327, "params": {"C": 24.819167363889278, "epsilon": 20.234850781496263, "gamma": 0.02456140101895154, "lamda": 0.014238281082499447}, "datetime": {"datetime": "2021-10-06 13:36:17", "elapsed": 616.555542, "delta": 1.937174}}
{"target": -10.26172832967999, "params": {"C": 17.992194676131014, "epsilon": 21.667509154056397, "gamma": 0.038707606854938, "lamda": 0.00961688092193913}, "datetime": {"datetime": "2021-10-06 13:36:19", "elapsed": 618.668728, "delta": 2.113186}}
{"target": -10.239157160980824, "params": {"C": 58.468857850604806, "epsilon": 13.902545940633026, "gamma": 0.013771572457902352, "lamda": 0.005474980392523414}, "datetime": {"datetime": "2021-10-06 13:36:21", "elapsed": 620.709772, "delta": 2.041044}}
{"target": -10.454534735418946, "params": {"C": 37.30103807108232, "epsilon": 18.62290795593821, "gamma": 0.03914994307313625, "lamda": 0.003779664374455958}, "datetime": {"datetime": "2021-10-06 13:36:23", "elapsed": 622.795763, "delta": 2.085991}}
{"target": -10.163794804902116, "params": {"C": 37.625031160884475, "epsilon": 22.891699880692368, "gamma": 0.020623994690167437, "lamda": 0.008069163665109446}, "datetime": {"datetime": "2021-10-06 13:36:26", "elapsed": 626.193262, "delta": 3.397499}}
{"target": -10.338299172715823, "params": {"C": 63.62932638013163, "epsilon": 34.16945284519123, "gamma": 0.028865570788683473, "lamda": 0.013352209511105715}, "datetime": {"datetime": "2021-10-06 13:36:28", "elapsed": 628.202046, "delta": 2.008784}}
{"target": -10.694759273328758, "params": {"C": 68.78477577449578, "epsilon": 14.350960993490496, "gamma": 0.01217924361026326, "lamda": 0.018400571430935653}, "datetime": {"datetime": "2021-10-06 13:36:30", "elapsed": 630.23565, "delta": 2.033604}}
{"target": -10.332412972780398, "params": {"C": 94.35486849032358, "epsilon": 20.94872665261257, "gamma": 0.023743489605281196, "lamda": 0.00951580754254637}, "datetime": {"datetime": "2021-10-06 13:36:32", "elapsed": 632.339591, "delta": 2.103941}}
{"target": -10.252495048101459, "params": {"C": 57.93389065316276, "epsilon": 27.688742410024307, "gamma": 0.02598956774706903, "lamda": 0.007740380677116471}, "datetime": {"datetime": "2021-10-06 13:36:35", "elapsed": 634.877953, "delta": 2.538362}}
{"target": -10.361579386871346, "params": {"C": 63.02869294738609, "epsilon": 16.243187177490924, "gamma": 0.0227462912266026, "lamda": 0.015367209653718756}, "datetime": {"datetime": "2021-10-06 13:36:38", "elapsed": 637.646404, "delta": 2.768451}}
{"target": -10.243494675177644, "params": {"C": 66.08025846787365, "epsilon": 10.807222644616315, "gamma": 0.025135527145048044, "lamda": 0.002484740288678577}, "datetime": {"datetime": "2021-10-06 13:36:41", "elapsed": 640.606645, "delta": 2.960241}}
{"target": -10.709062202114666, "params": {"C": 7.870353289573378, "epsilon": 27.639984182721907, "gamma": 0.03358124310742361, "lamda": 0.0007740392998239223}, "datetime": {"datetime": "2021-10-06 13:36:43", "elapsed": 642.811543, "delta": 2.204898}}
{"target": -10.364106439692351, "params": {"C": 5.896138073088148, "epsilon": 14.257360114048826, "gamma": 0.033533552341542865, "lamda": 0.016008221766122106}, "datetime": {"datetime": "2021-10-06 13:36:45", "elapsed": 644.877782, "delta": 2.066239}}
{"target": -10.290982282097309, "params": {"C": 81.86849788403441, "epsilon": 23.057984636675894, "gamma": 0.01936991650423542, "lamda": 0.011333443207485807}, "datetime": {"datetime": "2021-10-06 13:36:47", "elapsed": 646.84095, "delta": 1.963168}}
{"target": -10.351591851086122, "params": {"C": 91.8407739296994, "epsilon": 27.955391508404418, "gamma": 0.030065465610430157, "lamda": 0.014086113515383046}, "datetime": {"datetime": "2021-10-06 13:36:49", "elapsed": 648.978307, "delta": 2.137357}}
{"target": -10.350689793368643, "params": {"C": 90.72395909070637, "epsilon": 24.007946516407884, "gamma": 0.028811246168106056, "lamda": 0.005120765876211307}, "datetime": {"datetime": "2021-10-06 13:36:51", "elapsed": 651.149508, "delta": 2.171201}}
{"target": -10.266264657657786, "params": {"C": 51.320531031316364, "epsilon": 27.372545072616603, "gamma": 0.01642967436273057, "lamda": 0.009301466719610912}, "datetime": {"datetime": "2021-10-06 13:36:54", "elapsed": 654.0494, "delta": 2.899892}}
{"target": -10.341526827837304, "params": {"C": 16.449885608705216, "epsilon": 31.074477225609733, "gamma": 0.03700111118831006, "lamda": 0.017359900024605635}, "datetime": {"datetime": "2021-10-06 13:36:56", "elapsed": 656.161261, "delta": 2.111861}}
{"target": -10.49649395151449, "params": {"C": 98.1436929816037, "epsilon": 24.5384591177166, "gamma": 0.010870429895556376, "lamda": 0.005659683808071809}, "datetime": {"datetime": "2021-10-06 13:36:58", "elapsed": 658.161596, "delta": 2.000335}}
