{"target": -10.657693892962552, "params": {"C": 95.74359427997372, "epsilon": 22.66745501228228, "gamma": 0.0272456183796892, "lamda": 0.040804952299727665}, "datetime": {"datetime": "2021-10-05 12:37:51", "elapsed": 44.685598, "delta": 0.49122}}
{"target": -10.726595983761317, "params": {"C": 40.87045057541227, "epsilon": 27.975853481641458, "gamma": 0.024497823724033137, "lamda": 0.03752668789635319}, "datetime": {"datetime": "2021-10-05 12:37:52", "elapsed": 45.27177, "delta": 0.586172}}
{"target": -10.677236398859009, "params": {"C": 27.64763972782679, "epsilon": 29.063773590807347, "gamma": 0.04875123874544689, "lamda": 0.02704003249428708}, "datetime": {"datetime": "2021-10-05 12:37:52", "elapsed": 45.773214, "delta": 0.501444}}
{"target": -10.31528612191645, "params": {"C": 56.513013842944716, "epsilon": 22.539596934614387, "gamma": 0.028916082821476227, "lamda": 0.009297596863106512}, "datetime": {"datetime": "2021-10-05 12:37:53", "elapsed": 46.340144, "delta": 0.56693}}
{"target": -10.427537403946237, "params": {"C": 15.46387138224527, "epsilon": 19.74326183616676, "gamma": 0.046113465597713565, "lamda": 0.0145919138355606}, "datetime": {"datetime": "2021-10-05 12:37:53", "elapsed": 46.948376, "delta": 0.608232}}
{"target": -10.393304262026296, "params": {"C": 73.50247260562209, "epsilon": 28.340058571625583, "gamma": 0.03495343957424815, "lamda": 0.01149606197467766}, "datetime": {"datetime": "2021-10-05 12:37:54", "elapsed": 47.496709, "delta": 0.548333}}
{"target": -10.356050620313747, "params": {"C": 71.97601606748482, "epsilon": 19.782522185153383, "gamma": 0.02869494954472227, "lamda": 0.010053346446539808}, "datetime": {"datetime": "2021-10-05 12:37:54", "elapsed": 48.100357, "delta": 0.603648}}
{"target": -10.564861196100486, "params": {"C": 45.128659890029894, "epsilon": 24.402323017795133, "gamma": 0.04327151444799764, "lamda": 0.02091891962261548}, "datetime": {"datetime": "2021-10-05 12:37:55", "elapsed": 48.71315, "delta": 0.612793}}
{"target": -10.882949817011667, "params": {"C": 92.93074775209777, "epsilon": 24.409939506629613, "gamma": 0.014933317776683809, "lamda": 0.03320202559790128}, "datetime": {"datetime": "2021-10-05 12:37:56", "elapsed": 49.339601, "delta": 0.626451}}
{"target": -10.76116762366464, "params": {"C": 51.91585194758073, "epsilon": 20.19573808169651, "gamma": 0.016011725693877113, "lamda": 0.03346190727865886}, "datetime": {"datetime": "2021-10-05 12:37:56", "elapsed": 49.988727, "delta": 0.649126}}
{"target": -10.66600506740057, "params": {"C": 23.498377984829922, "epsilon": 27.498993045979667, "gamma": 0.008221242221967132, "lamda": 0.006177269683288442}, "datetime": {"datetime": "2021-10-05 12:37:57", "elapsed": 50.624975, "delta": 0.636248}}
{"target": -10.73860558327262, "params": {"C": 52.287491827670735, "epsilon": 15.06938364577471, "gamma": 0.03414684712941228, "lamda": 0.04132104425118126}, "datetime": {"datetime": "2021-10-05 12:37:57", "elapsed": 51.189143, "delta": 0.564168}}
{"target": -10.21980357448859, "params": {"C": 27.685505991212086, "epsilon": 16.122822947981124, "gamma": 0.02814215648099313, "lamda": 0.006609101597706231}, "datetime": {"datetime": "2021-10-05 12:37:58", "elapsed": 51.800979, "delta": 0.611836}}
{"target": -10.773790316423279, "params": {"C": 38.72490570632231, "epsilon": 12.121262577719676, "gamma": 0.02300075797153661, "lamda": 0.04596598521382849}, "datetime": {"datetime": "2021-10-05 12:37:59", "elapsed": 52.394183, "delta": 0.593204}}
{"target": -10.81615276758386, "params": {"C": 28.368889898994155, "epsilon": 14.05400717566219, "gamma": 0.041537183272216976, "lamda": 0.04286187097676663}, "datetime": {"datetime": "2021-10-05 12:37:59", "elapsed": 52.95273, "delta": 0.558547}}
{"target": -10.222702751985748, "params": {"C": 19.980159511522466, "epsilon": 19.201003149689626, "gamma": 0.026637099734341457, "lamda": 0.0029799084706403378}, "datetime": {"datetime": "2021-10-05 12:38:00", "elapsed": 53.68135, "delta": 0.72862}}
{"target": -10.438643036099823, "params": {"C": 66.1281536567732, "epsilon": 25.98105189228339, "gamma": 0.020137850303091037, "lamda": 0.021816172704599224}, "datetime": {"datetime": "2021-10-05 12:38:01", "elapsed": 54.275954, "delta": 0.594604}}
{"target": -10.643584259064164, "params": {"C": 44.84307963229636, "epsilon": 16.38660292935498, "gamma": 0.03583781647434224, "lamda": 0.028279371432096682}, "datetime": {"datetime": "2021-10-05 12:38:01", "elapsed": 54.844959, "delta": 0.569005}}
{"target": -10.68041540905507, "params": {"C": 44.60732759736686, "epsilon": 27.576677195006972, "gamma": 0.019777383720492717, "lamda": 0.032496937909838174}, "datetime": {"datetime": "2021-10-05 12:38:02", "elapsed": 55.424518, "delta": 0.579559}}
{"target": -10.692187271661851, "params": {"C": 66.47933642842371, "epsilon": 27.41689213205278, "gamma": 0.03116990426007237, "lamda": 0.03956012976043023}, "datetime": {"datetime": "2021-10-05 12:38:02", "elapsed": 56.0449, "delta": 0.620382}}
{"target": -10.302283408925506, "params": {"C": 22.311527622527578, "epsilon": 19.29159503177033, "gamma": 0.028293160363535956, "lamda": 0.012960003873091272}, "datetime": {"datetime": "2021-10-05 12:38:03", "elapsed": 56.671118, "delta": 0.626218}}
{"target": -10.443282566626069, "params": {"C": 21.91281945219507, "epsilon": 21.960281776824583, "gamma": 0.026260910050596473, "lamda": 0.028727007447136674}, "datetime": {"datetime": "2021-10-05 12:38:04", "elapsed": 57.249502, "delta": 0.578384}}
{"target": -10.764696590555149, "params": {"C": 14.068495161732676, "epsilon": 11.918908859084025, "gamma": 0.021183149808330214, "lamda": 0.046067688940811806}, "datetime": {"datetime": "2021-10-05 12:38:04", "elapsed": 57.8356, "delta": 0.586098}}
{"target": -10.809475852998073, "params": {"C": 88.98906544518347, "epsilon": 28.460080629409607, "gamma": 0.03022739464014707, "lamda": 0.04538428099311065}, "datetime": {"datetime": "2021-10-05 12:38:05", "elapsed": 58.412933, "delta": 0.577333}}
{"target": -10.429376729143007, "params": {"C": 59.428183766066965, "epsilon": 27.71734829520047, "gamma": 0.02697024454883781, "lamda": 0.023277538718393914}, "datetime": {"datetime": "2021-10-05 12:38:05", "elapsed": 59.092716, "delta": 0.679783}}
{"target": -10.38139801354909, "params": {"C": 17.386499603401006, "epsilon": 23.904833080811255, "gamma": 0.021111763213539837, "lamda": 0.0010616679026915305}, "datetime": {"datetime": "2021-10-05 12:38:06", "elapsed": 59.834235, "delta": 0.741519}}
{"target": -10.45289819937166, "params": {"C": 78.30042125749256, "epsilon": 20.285679746103824, "gamma": 0.03229861303414344, "lamda": 0.018417600357014428}, "datetime": {"datetime": "2021-10-05 12:38:07", "elapsed": 60.417294, "delta": 0.583059}}
{"target": -10.619249896260992, "params": {"C": 20.2259757515486, "epsilon": 11.63379587375599, "gamma": 0.04717441696254873, "lamda": 0.018129625247298005}, "datetime": {"datetime": "2021-10-05 12:38:07", "elapsed": 61.061205, "delta": 0.643911}}
{"target": -10.718520798083144, "params": {"C": 11.898553404446226, "epsilon": 14.517092135726195, "gamma": 0.04740347722086506, "lamda": 0.029773136074817453}, "datetime": {"datetime": "2021-10-05 12:38:08", "elapsed": 61.682286, "delta": 0.621081}}
{"target": -10.684788920561902, "params": {"C": 60.36193538704988, "epsilon": 26.21699182992763, "gamma": 0.03482046143576352, "lamda": 0.0418515978833552}, "datetime": {"datetime": "2021-10-05 12:38:09", "elapsed": 62.277188, "delta": 0.594902}}
{"target": -10.561689113588244, "params": {"C": 59.264233645714796, "epsilon": 25.82858730979067, "gamma": 0.036646456468540645, "lamda": 0.03129908050274845}, "datetime": {"datetime": "2021-10-05 12:38:09", "elapsed": 62.993153, "delta": 0.715965}}
{"target": -10.593574740274676, "params": {"C": 28.81411560311677, "epsilon": 25.045472801061376, "gamma": 0.04270940239475186, "lamda": 0.03115104074881536}, "datetime": {"datetime": "2021-10-05 12:38:10", "elapsed": 63.713139, "delta": 0.719986}}
{"target": -10.325181565958863, "params": {"C": 9.89975067270511, "epsilon": 15.748635466302648, "gamma": 0.023834557363696843, "lamda": 0.027909960989450443}, "datetime": {"datetime": "2021-10-05 12:38:11", "elapsed": 64.330196, "delta": 0.617057}}
{"target": -10.899300458026822, "params": {"C": 36.86935256800325, "epsilon": 24.22969713069194, "gamma": 0.01792163958506468, "lamda": 0.04313517067995117}, "datetime": {"datetime": "2021-10-05 12:38:11", "elapsed": 65.030466, "delta": 0.70027}}
{"target": -10.636504964774774, "params": {"C": 59.40682378062698, "epsilon": 22.19623678977672, "gamma": 0.03701046051153054, "lamda": 0.03604181706579801}, "datetime": {"datetime": "2021-10-05 12:38:12", "elapsed": 65.69551, "delta": 0.665044}}
{"target": -10.758985559225653, "params": {"C": 97.27181744559901, "epsilon": 19.361057586477035, "gamma": 0.048710155390536435, "lamda": 0.03852086452509252}, "datetime": {"datetime": "2021-10-05 12:38:13", "elapsed": 66.349908, "delta": 0.654398}}
{"target": -10.676805951682804, "params": {"C": 74.30364251202666, "epsilon": 22.55419878064439, "gamma": 0.043229771984613266, "lamda": 0.03796011789358088}, "datetime": {"datetime": "2021-10-05 12:38:13", "elapsed": 66.989159, "delta": 0.639251}}
{"target": -10.71961165187112, "params": {"C": 74.39348387023713, "epsilon": 14.957476730937689, "gamma": 0.03920523123351448, "lamda": 0.002363383201866574}, "datetime": {"datetime": "2021-10-05 12:38:14", "elapsed": 67.753824, "delta": 0.764665}}
{"target": -11.513798194047043, "params": {"C": 91.04113829009641, "epsilon": 15.761797042680962, "gamma": 0.010317300142379771, "lamda": 0.046740675765839915}, "datetime": {"datetime": "2021-10-05 12:38:15", "elapsed": 68.415584, "delta": 0.66176}}
{"target": -10.95935611316544, "params": {"C": 79.22000789569387, "epsilon": 16.60175937789181, "gamma": 0.016548507779213906, "lamda": 0.047225700475339395}, "datetime": {"datetime": "2021-10-05 12:38:15", "elapsed": 69.029681, "delta": 0.614097}}
{"target": -10.734252090443453, "params": {"C": 76.12434830241988, "epsilon": 22.555100870228443, "gamma": 0.037490674307186334, "lamda": 0.046274734146847664}, "datetime": {"datetime": "2021-10-05 12:38:16", "elapsed": 69.646703, "delta": 0.617022}}
{"target": -10.522466853052121, "params": {"C": 41.50196924507132, "epsilon": 10.733312669853838, "gamma": 0.010698395907333664, "lamda": 0.010937282369401448}, "datetime": {"datetime": "2021-10-05 12:38:17", "elapsed": 70.313235, "delta": 0.666532}}
{"target": -10.409895830088923, "params": {"C": 81.46325497160241, "epsilon": 16.259154142532854, "gamma": 0.023792570636454832, "lamda": 0.013157492652526234}, "datetime": {"datetime": "2021-10-05 12:38:17", "elapsed": 70.994677, "delta": 0.681442}}
{"target": -10.478862442209534, "params": {"C": 21.29627318748263, "epsilon": 25.11035786443949, "gamma": 0.04092082318008529, "lamda": 0.026302219740444298}, "datetime": {"datetime": "2021-10-05 12:38:18", "elapsed": 71.626093, "delta": 0.631416}}
{"target": -10.32323374000779, "params": {"C": 46.408031551926506, "epsilon": 18.30192772680664, "gamma": 0.031290893635692235, "lamda": 0.009760380525682896}, "datetime": {"datetime": "2021-10-05 12:38:19", "elapsed": 72.359153, "delta": 0.73306}}
{"target": -11.480992853793003, "params": {"C": 66.71685772324068, "epsilon": 11.907136634033307, "gamma": 0.010920630993082011, "lamda": 0.04755978033755435}, "datetime": {"datetime": "2021-10-05 12:38:19", "elapsed": 73.002428, "delta": 0.643275}}
{"target": -10.930334937387414, "params": {"C": 54.86834557092431, "epsilon": 11.71786497839409, "gamma": 0.011102653447814276, "lamda": 0.026672748836373328}, "datetime": {"datetime": "2021-10-05 12:38:20", "elapsed": 73.634497, "delta": 0.632069}}
{"target": -10.539407228792303, "params": {"C": 46.273335178924896, "epsilon": 19.912597216111685, "gamma": 0.03604512816270407, "lamda": 0.0016600746596694962}, "datetime": {"datetime": "2021-10-05 12:38:21", "elapsed": 74.351322, "delta": 0.716825}}
{"target": -10.345030937294656, "params": {"C": 48.94604877546072, "epsilon": 24.533197709531894, "gamma": 0.0205444551775813, "lamda": 0.018226356376427746}, "datetime": {"datetime": "2021-10-05 12:38:21", "elapsed": 75.02859, "delta": 0.677268}}
{"target": -10.526976426130187, "params": {"C": 41.76269003084283, "epsilon": 22.02037658268837, "gamma": 0.040010219593967354, "lamda": 0.018833432183670513}, "datetime": {"datetime": "2021-10-05 12:38:22", "elapsed": 75.710113, "delta": 0.681523}}
{"target": -10.775807218636368, "params": {"C": 44.17977153809811, "epsilon": 13.531128095107741, "gamma": 0.029076355497519517, "lamda": 0.04644781012842663}, "datetime": {"datetime": "2021-10-05 12:38:23", "elapsed": 76.426196, "delta": 0.716083}}
{"target": -11.002288852224762, "params": {"C": 55.75246959167497, "epsilon": 17.175429433675703, "gamma": 0.04928826517308903, "lamda": 0.001653889592039546}, "datetime": {"datetime": "2021-10-05 12:38:23", "elapsed": 77.128241, "delta": 0.702045}}
{"target": -10.403222828522889, "params": {"C": 58.043677639055645, "epsilon": 13.620760983647205, "gamma": 0.03397200183547214, "lamda": 0.004259861796755406}, "datetime": {"datetime": "2021-10-05 12:38:24", "elapsed": 77.772699, "delta": 0.644458}}
{"target": -10.671361671909144, "params": {"C": 41.260936387250744, "epsilon": 13.96736153419997, "gamma": 0.020369586633748625, "lamda": 0.03886945846909574}, "datetime": {"datetime": "2021-10-05 12:38:25", "elapsed": 78.510969, "delta": 0.73827}}
{"target": -10.485746845242138, "params": {"C": 36.67888468682401, "epsilon": 17.481654888902618, "gamma": 0.021006440113608922, "lamda": 0.027567757741033285}, "datetime": {"datetime": "2021-10-05 12:38:26", "elapsed": 79.261116, "delta": 0.750147}}
{"target": -10.623783338663694, "params": {"C": 5.336204875111795, "epsilon": 27.219812061504406, "gamma": 0.04389659804817859, "lamda": 0.012601505888630384}, "datetime": {"datetime": "2021-10-05 12:38:26", "elapsed": 80.181283, "delta": 0.920167}}
{"target": -11.519458088966534, "params": {"C": 14.299651027070215, "epsilon": 22.72332185969333, "gamma": 0.010547040864067967, "lamda": 0.048518673940276445}, "datetime": {"datetime": "2021-10-05 12:38:27", "elapsed": 80.920453, "delta": 0.73917}}
{"target": -10.53281832185152, "params": {"C": 5.983214398406032, "epsilon": 16.283998113416697, "gamma": 0.01499452244452281, "lamda": 0.0016928506899330507}, "datetime": {"datetime": "2021-10-05 12:38:28", "elapsed": 81.948279, "delta": 1.027826}}
{"target": -10.60606742645854, "params": {"C": 98.13042261850998, "epsilon": 14.031978322728397, "gamma": 0.017876623799340824, "lamda": 0.03296473863409361}, "datetime": {"datetime": "2021-10-05 12:38:29", "elapsed": 82.644876, "delta": 0.696597}}
{"target": -10.479270042387427, "params": {"C": 24.92991365941123, "epsilon": 13.06342164298214, "gamma": 0.035347068255072514, "lamda": 0.018288697025385586}, "datetime": {"datetime": "2021-10-05 12:38:30", "elapsed": 83.369816, "delta": 0.72494}}
{"target": -10.52683938398813, "params": {"C": 87.34021225664765, "epsilon": 21.741655243101007, "gamma": 0.03697055253960823, "lamda": 0.026528372048128086}, "datetime": {"datetime": "2021-10-05 12:38:30", "elapsed": 84.134509, "delta": 0.764693}}
{"target": -10.440210788535857, "params": {"C": 62.72098698138677, "epsilon": 23.744371379410765, "gamma": 0.029476960907224875, "lamda": 0.02297462698932383}, "datetime": {"datetime": "2021-10-05 12:38:31", "elapsed": 84.958714, "delta": 0.824205}}
{"target": -11.432455095392143, "params": {"C": 68.4998100505475, "epsilon": 18.030239147112965, "gamma": 0.011039229104717684, "lamda": 0.04641078224719489}, "datetime": {"datetime": "2021-10-05 12:38:32", "elapsed": 85.673231, "delta": 0.714517}}
{"target": -10.865366521171744, "params": {"C": 83.21827038441324, "epsilon": 18.0565634292187, "gamma": 0.016764009286784724, "lamda": 0.04239098521605207}, "datetime": {"datetime": "2021-10-05 12:38:33", "elapsed": 86.454557, "delta": 0.781326}}
{"target": -10.52835744021157, "params": {"C": 99.56664744734044, "epsilon": 12.43086529868602, "gamma": 0.024560253229798056, "lamda": 0.025601204936133725}, "datetime": {"datetime": "2021-10-05 12:38:34", "elapsed": 87.500628, "delta": 1.046071}}
{"target": -10.891356245652227, "params": {"C": 48.487078676903025, "epsilon": 25.712377585292465, "gamma": 0.021465989431926215, "lamda": 0.047087714643933784}, "datetime": {"datetime": "2021-10-05 12:38:35", "elapsed": 88.347091, "delta": 0.846463}}
{"target": -10.634976837132132, "params": {"C": 76.30550955615853, "epsilon": 18.27153507100261, "gamma": 0.030204799807324843, "lamda": 0.03656147151072508}, "datetime": {"datetime": "2021-10-05 12:38:35", "elapsed": 89.080371, "delta": 0.73328}}
{"target": -10.196786973347113, "params": {"C": 31.4773759080247, "epsilon": 16.707231491386935, "gamma": 0.02569843569778903, "lamda": 0.0030648765372960148}, "datetime": {"datetime": "2021-10-05 12:38:36", "elapsed": 89.832842, "delta": 0.752471}}
{"target": -10.63208032520147, "params": {"C": 26.24242607721314, "epsilon": 22.50702642854933, "gamma": 0.01954458395430264, "lamda": 0.03409162076573925}, "datetime": {"datetime": "2021-10-05 12:38:37", "elapsed": 90.534574, "delta": 0.701732}}
{"target": -11.501754170670733, "params": {"C": 77.81517436752782, "epsilon": 20.349685206953144, "gamma": 0.010738463299516424, "lamda": 0.04818446507758393}, "datetime": {"datetime": "2021-10-05 12:38:38", "elapsed": 91.253338, "delta": 0.718764}}
{"target": -10.672720465080952, "params": {"C": 55.01394692505456, "epsilon": 24.036884237622463, "gamma": 0.03998633722699987, "lamda": 0.0400658959314407}, "datetime": {"datetime": "2021-10-05 12:38:38", "elapsed": 92.08246, "delta": 0.829122}}
{"target": -10.740118200745863, "params": {"C": 74.93218464988759, "epsilon": 17.952127764171482, "gamma": 0.04556944597575241, "lamda": 0.03722883402651502}, "datetime": {"datetime": "2021-10-05 12:38:39", "elapsed": 92.895423, "delta": 0.812963}}
{"target": -10.844263189652107, "params": {"C": 45.093974137028724, "epsilon": 14.621294752959233, "gamma": 0.03887716374399033, "lamda": 0.04671047205014242}, "datetime": {"datetime": "2021-10-05 12:38:40", "elapsed": 93.630435, "delta": 0.735012}}
{"target": -10.991110656739995, "params": {"C": 84.63884056915987, "epsilon": 24.98963844305952, "gamma": 0.019205720937873767, "lamda": 0.04876418831388645}, "datetime": {"datetime": "2021-10-05 12:38:41", "elapsed": 94.338937, "delta": 0.708502}}
{"target": -10.3870080521839, "params": {"C": 79.75927268286893, "epsilon": 23.821153597944303, "gamma": 0.031360755476883995, "lamda": 0.009750031172666328}, "datetime": {"datetime": "2021-10-05 12:38:41", "elapsed": 95.064859, "delta": 0.725922}}
{"target": -10.651697274100131, "params": {"C": 5.508991085443102, "epsilon": 27.41877036375524, "gamma": 0.020423554378392828, "lamda": 0.036164558759954654}, "datetime": {"datetime": "2021-10-05 12:38:42", "elapsed": 95.990677, "delta": 0.925818}}
{"target": -10.633128268537426, "params": {"C": 47.23233212980173, "epsilon": 12.972834721270104, "gamma": 0.038523037465807645, "lamda": 0.023293563394850867}, "datetime": {"datetime": "2021-10-05 12:38:43", "elapsed": 96.726505, "delta": 0.735828}}
{"target": -10.834142263065571, "params": {"C": 96.30647523735398, "epsilon": 25.73602751653734, "gamma": 0.02894231368609586, "lamda": 0.04993232049763034}, "datetime": {"datetime": "2021-10-05 12:38:44", "elapsed": 97.660282, "delta": 0.933777}}
{"target": -10.76727746858412, "params": {"C": 66.55934885056583, "epsilon": 23.713152167012645, "gamma": 0.022515237565047315, "lamda": 0.04312194225020602}, "datetime": {"datetime": "2021-10-05 12:38:45", "elapsed": 98.43105, "delta": 0.770768}}
{"target": -10.59391641889165, "params": {"C": 24.016627963462025, "epsilon": 17.75693895610793, "gamma": 0.029088931887469874, "lamda": 0.03673329851882783}, "datetime": {"datetime": "2021-10-05 12:38:46", "elapsed": 99.377943, "delta": 0.946893}}
{"target": -10.738674085901833, "params": {"C": 99.32726852075312, "epsilon": 10.38309591829977, "gamma": 0.02900280883780268, "lamda": 0.03896197830353516}, "datetime": {"datetime": "2021-10-05 12:38:47", "elapsed": 100.235975, "delta": 0.858032}}
{"target": -10.62789431540267, "params": {"C": 38.41387738030244, "epsilon": 18.236344045209158, "gamma": 0.009714232982277447, "lamda": 0.011254305445411185}, "datetime": {"datetime": "2021-10-05 12:38:47", "elapsed": 100.997009, "delta": 0.761034}}
{"target": -10.603151481667576, "params": {"C": 85.2154231820905, "epsilon": 22.914881537194553, "gamma": 0.03683884790272855, "lamda": 0.03189885078551624}, "datetime": {"datetime": "2021-10-05 12:38:48", "elapsed": 101.775036, "delta": 0.778027}}
{"target": -10.559924804034825, "params": {"C": 30.32702620611219, "epsilon": 12.138467578450786, "gamma": 0.010167521165819156, "lamda": 0.010172098246039712}, "datetime": {"datetime": "2021-10-05 12:38:49", "elapsed": 102.601318, "delta": 0.826282}}
{"target": -11.036248701457744, "params": {"C": 24.29289860213705, "epsilon": 10.006679611126867, "gamma": 0.010741115458136557, "lamda": 0.03429266191055014}, "datetime": {"datetime": "2021-10-05 12:38:50", "elapsed": 103.416433, "delta": 0.815115}}
{"target": -10.347460805019274, "params": {"C": 83.30688473588856, "epsilon": 17.094205526079442, "gamma": 0.02428118117279124, "lamda": 0.011040699266616518}, "datetime": {"datetime": "2021-10-05 12:38:50", "elapsed": 104.161591, "delta": 0.745158}}
{"target": -10.609061177118887, "params": {"C": 30.251993186870973, "epsilon": 24.489034790973026, "gamma": 0.03448436133819491, "lamda": 0.0344821972300988}, "datetime": {"datetime": "2021-10-05 12:38:51", "elapsed": 104.959138, "delta": 0.797547}}
{"target": -10.548929558266924, "params": {"C": 78.32967668771548, "epsilon": 20.579019064877716, "gamma": 0.02568178054500499, "lamda": 0.029709130938795198}, "datetime": {"datetime": "2021-10-05 12:38:52", "elapsed": 105.733561, "delta": 0.774423}}
