{"target": -10.472795832093903, "params": {"C": 102.96686514382803, "epsilon": 20.300206422218736, "gamma": 0.03539894658067177, "lamda": 0.011576658820624364}, "datetime": {"datetime": "2021-10-06 14:14:32", "elapsed": 384.361238, "delta": 2.11935}}
{"target": -10.561219566997382, "params": {"C": 104.73075281236527, "epsilon": 17.06258897892328, "gamma": 0.03699555347946811, "lamda": 0.0074035710521124605}, "datetime": {"datetime": "2021-10-06 14:14:34", "elapsed": 385.962913, "delta": 1.601675}}
{"target": -10.44127629649044, "params": {"C": 65.8403421786681, "epsilon": 35.18695221447164, "gamma": 0.03345467156267568, "lamda": 0.007324054105462833}, "datetime": {"datetime": "2021-10-06 14:14:35", "elapsed": 387.515671, "delta": 1.552758}}
{"target": -10.173070621095672, "params": {"C": 72.78029085880013, "epsilon": 29.886398131408058, "gamma": 0.0212242263465424, "lamda": 0.00573163534328834}, "datetime": {"datetime": "2021-10-06 14:14:37", "elapsed": 389.653371, "delta": 2.1377}}
{"target": -10.322165635911263, "params": {"C": 84.3451693072354, "epsilon": 25.66298078710379, "gamma": 0.026075250030829097, "lamda": 0.01416477167136954}, "datetime": {"datetime": "2021-10-06 14:14:39", "elapsed": 391.637961, "delta": 1.98459}}
{"target": -10.259966969128799, "params": {"C": 33.77721577577021, "epsilon": 39.127886661213424, "gamma": 0.01849831342185539, "lamda": 0.0023596552532960174}, "datetime": {"datetime": "2021-10-06 14:14:42", "elapsed": 393.833077, "delta": 2.195116}}
{"target": -10.441737889836837, "params": {"C": 97.32983001333379, "epsilon": 32.550624348799495, "gamma": 0.015154265345004034, "lamda": 0.008001367567449976}, "datetime": {"datetime": "2021-10-06 14:14:44", "elapsed": 395.870129, "delta": 2.037052}}
{"target": -10.360895896869305, "params": {"C": 53.98776035320012, "epsilon": 18.99475326475325, "gamma": 0.016349696584310493, "lamda": 0.0002226938709450379}, "datetime": {"datetime": "2021-10-06 14:14:47", "elapsed": 398.892323, "delta": 3.022194}}
{"target": -10.351183788825498, "params": {"C": 52.10924810528928, "epsilon": 23.50648822624079, "gamma": 0.030592353283989557, "lamda": 0.013867215347211038}, "datetime": {"datetime": "2021-10-06 14:14:48", "elapsed": 400.641747, "delta": 1.749424}}
{"target": -10.331803784023826, "params": {"C": 85.62392241388763, "epsilon": 17.71378700270991, "gamma": 0.01801419699106464, "lamda": 0.011720418164616296}, "datetime": {"datetime": "2021-10-06 14:14:50", "elapsed": 402.357662, "delta": 1.715915}}
{"target": -10.214754699098354, "params": {"C": 63.1558937308302, "epsilon": 29.784433153493865, "gamma": 0.023243079068387892, "lamda": 0.007580062339508249}, "datetime": {"datetime": "2021-10-06 14:14:52", "elapsed": 403.99191, "delta": 1.634248}}
{"target": -10.340994722643224, "params": {"C": 96.31995718078862, "epsilon": 29.779502839546993, "gamma": 0.025903681930060943, "lamda": 0.01759318163626687}, "datetime": {"datetime": "2021-10-06 14:14:53", "elapsed": 405.680968, "delta": 1.689058}}
{"target": -10.36082492742752, "params": {"C": 49.4971472548724, "epsilon": 31.514960533991648, "gamma": 0.016200246645546375, "lamda": 0.009927272836716326}, "datetime": {"datetime": "2021-10-06 14:14:55", "elapsed": 407.411968, "delta": 1.731}}
{"target": -10.27951103241555, "params": {"C": 104.76476439150022, "epsilon": 38.82596327754918, "gamma": 0.019685703353709033, "lamda": 0.005546096827680426}, "datetime": {"datetime": "2021-10-06 14:14:57", "elapsed": 409.621692, "delta": 2.209724}}
{"target": -10.538358447988312, "params": {"C": 65.60331143154714, "epsilon": 26.78800133553547, "gamma": 0.0397866552734024, "lamda": 0.005312839071107988}, "datetime": {"datetime": "2021-10-06 14:14:59", "elapsed": 411.174538, "delta": 1.552846}}
{"target": -10.439903903237964, "params": {"C": 74.65949423923846, "epsilon": 33.68500418452052, "gamma": 0.010347893664605532, "lamda": 0.003702056362241458}, "datetime": {"datetime": "2021-10-06 14:15:01", "elapsed": 412.8763, "delta": 1.701762}}
{"target": -10.88615709596437, "params": {"C": 49.52435735221571, "epsilon": 29.212078155390664, "gamma": 0.011999815726615392, "lamda": 0.018886091546771944}, "datetime": {"datetime": "2021-10-06 14:15:03", "elapsed": 415.134329, "delta": 2.258029}}
{"target": -10.474133512328928, "params": {"C": 55.511461381021434, "epsilon": 31.40327093195636, "gamma": 0.03982976881316962, "lamda": 0.0187998962094401}, "datetime": {"datetime": "2021-10-06 14:15:05", "elapsed": 417.346854, "delta": 2.212525}}
{"target": -10.683296794032685, "params": {"C": 47.96127249770685, "epsilon": 32.260602486334214, "gamma": 0.011827492177736492, "lamda": 0.010419744417206655}, "datetime": {"datetime": "2021-10-06 14:15:07", "elapsed": 418.936989, "delta": 1.590135}}
{"target": -10.461347893123216, "params": {"C": 83.61086007105607, "epsilon": 35.26847877851308, "gamma": 0.037723563546948634, "lamda": 0.016517244828004915}, "datetime": {"datetime": "2021-10-06 14:15:08", "elapsed": 420.545503, "delta": 1.608514}}
{"target": -10.961918136670704, "params": {"C": 57.44509901883183, "epsilon": 36.18998763801484, "gamma": 0.012700009163921132, "lamda": 0.016165091591600306}, "datetime": {"datetime": "2021-10-06 14:15:10", "elapsed": 422.726104, "delta": 2.180601}}
{"target": -10.212059820637789, "params": {"C": 46.599684818255284, "epsilon": 27.151819214200344, "gamma": 0.021551025744167188, "lamda": 0.01221822016068757}, "datetime": {"datetime": "2021-10-06 14:15:12", "elapsed": 424.244807, "delta": 1.518703}}
{"target": -10.27844367847456, "params": {"C": 68.86717488802373, "epsilon": 30.01496574701247, "gamma": 0.025226121969753875, "lamda": 0.009824999186404651}, "datetime": {"datetime": "2021-10-06 14:15:14", "elapsed": 425.866262, "delta": 1.621455}}
{"target": -10.40658927849375, "params": {"C": 68.08265589810901, "epsilon": 33.13270907904598, "gamma": 0.03198497363835249, "lamda": 0.006031714008488128}, "datetime": {"datetime": "2021-10-06 14:15:15", "elapsed": 427.661631, "delta": 1.795369}}
{"target": -10.4277035976998, "params": {"C": 66.33356805419507, "epsilon": 29.278680946367345, "gamma": 0.03412480933912922, "lamda": 0.019498748445483303}, "datetime": {"datetime": "2021-10-06 14:15:17", "elapsed": 429.379789, "delta": 1.718158}}
{"target": -10.24799447888818, "params": {"C": 49.69091598110862, "epsilon": 27.83423408992894, "gamma": 0.012894202952828993, "lamda": 0.0008700695160904805}, "datetime": {"datetime": "2021-10-06 14:15:20", "elapsed": 431.785899, "delta": 2.40611}}
{"target": -10.492890496835612, "params": {"C": 68.18624054853584, "epsilon": 35.327548843224676, "gamma": 0.03879080655953125, "lamda": 0.017178495659887303}, "datetime": {"datetime": "2021-10-06 14:15:21", "elapsed": 433.399126, "delta": 1.613227}}
{"target": -10.64283115117382, "params": {"C": 91.6443220978727, "epsilon": 20.0621071722501, "gamma": 0.025667847574446886, "lamda": 0.00030516937675002234}, "datetime": {"datetime": "2021-10-06 14:15:23", "elapsed": 435.300153, "delta": 1.901027}}
{"target": -10.839273623336043, "params": {"C": 72.09097664374323, "epsilon": 22.5918237193861, "gamma": 0.01105197694646419, "lamda": 0.018622312539452436}, "datetime": {"datetime": "2021-10-06 14:15:25", "elapsed": 436.936948, "delta": 1.636795}}
{"target": -10.425158949761295, "params": {"C": 84.288784381216, "epsilon": 34.59283302008613, "gamma": 0.034757233488876334, "lamda": 0.010052746992817042}, "datetime": {"datetime": "2021-10-06 14:15:27", "elapsed": 439.345959, "delta": 2.409011}}
{"target": -10.421801749480053, "params": {"C": 96.81855435665541, "epsilon": 33.61166855675013, "gamma": 0.03521968097162535, "lamda": 0.01080996392352493}, "datetime": {"datetime": "2021-10-06 14:15:29", "elapsed": 440.98639, "delta": 1.640431}}
{"target": -10.264157153306375, "params": {"C": 89.88130578413517, "epsilon": 38.65321069718168, "gamma": 0.013542039223325347, "lamda": 0.0026652580166388225}, "datetime": {"datetime": "2021-10-06 14:15:31", "elapsed": 443.103226, "delta": 2.116836}}
{"target": -10.334469569681703, "params": {"C": 103.93983389846832, "epsilon": 30.92921431200521, "gamma": 0.025891742282917664, "lamda": 0.014983620978892977}, "datetime": {"datetime": "2021-10-06 14:15:33", "elapsed": 444.811938, "delta": 1.708712}}
{"target": -11.12317471475912, "params": {"C": 86.88452302460935, "epsilon": 36.68932006768583, "gamma": 0.012147330871249749, "lamda": 0.018750834622269417}, "datetime": {"datetime": "2021-10-06 14:15:34", "elapsed": 446.439351, "delta": 1.627413}}
{"target": -10.689732972592445, "params": {"C": 30.498948405920288, "epsilon": 25.625460489208226, "gamma": 0.031779650464429036, "lamda": 0.00022394195623414364}, "datetime": {"datetime": "2021-10-06 14:15:36", "elapsed": 448.455715, "delta": 2.016364}}
{"target": -10.58022793713625, "params": {"C": 38.825079659531426, "epsilon": 31.92657501631411, "gamma": 0.03881126443581063, "lamda": 0.00205646105897667}, "datetime": {"datetime": "2021-10-06 14:15:38", "elapsed": 450.133636, "delta": 1.677921}}
{"target": -10.44072617307835, "params": {"C": 90.96974012118982, "epsilon": 30.462954523135256, "gamma": 0.03748183125205288, "lamda": 0.018406833907430867}, "datetime": {"datetime": "2021-10-06 14:15:40", "elapsed": 451.951048, "delta": 1.817412}}
{"target": -10.276609146500858, "params": {"C": 42.42390521180178, "epsilon": 19.263866218280267, "gamma": 0.029789440935940624, "lamda": 0.002751982988752946}, "datetime": {"datetime": "2021-10-06 14:15:42", "elapsed": 454.392349, "delta": 2.441301}}
{"target": -10.744648549503228, "params": {"C": 107.91898908848017, "epsilon": 36.92110206270737, "gamma": 0.0387768226641754, "lamda": 0.0014992942655671557}, "datetime": {"datetime": "2021-10-06 14:15:44", "elapsed": 456.221433, "delta": 1.829084}}
{"target": -10.571920892387507, "params": {"C": 106.71847838937789, "epsilon": 27.99436064499465, "gamma": 0.0322659937549873, "lamda": 0.001585767417887954}, "datetime": {"datetime": "2021-10-06 14:15:46", "elapsed": 457.972934, "delta": 1.751501}}
{"target": -10.390582786389265, "params": {"C": 50.92384742067449, "epsilon": 29.64999148668091, "gamma": 0.020820003957907597, "lamda": 0.01800529686131284}, "datetime": {"datetime": "2021-10-06 14:15:48", "elapsed": 460.25944, "delta": 2.286506}}
{"target": -10.64230996314099, "params": {"C": 53.02890080304365, "epsilon": 20.727916300091092, "gamma": 0.011360293521421152, "lamda": 0.013449125972383196}, "datetime": {"datetime": "2021-10-06 14:15:50", "elapsed": 462.075721, "delta": 1.816281}}
{"target": -10.340774304235744, "params": {"C": 81.34288561774844, "epsilon": 33.25676043945297, "gamma": 0.02877379019966208, "lamda": 0.004476281984484799}, "datetime": {"datetime": "2021-10-06 14:15:52", "elapsed": 464.511112, "delta": 2.435391}}
{"target": -10.470825382104005, "params": {"C": 69.23270410410058, "epsilon": 34.96797379863145, "gamma": 0.025821497322614177, "lamda": 0.017728100182107683}, "datetime": {"datetime": "2021-10-06 14:15:54", "elapsed": 466.393013, "delta": 1.881901}}
{"target": -10.388647609351265, "params": {"C": 41.144974677579526, "epsilon": 20.632265125514536, "gamma": 0.03615329291615566, "lamda": 0.004317518260787187}, "datetime": {"datetime": "2021-10-06 14:15:56", "elapsed": 468.241558, "delta": 1.848545}}
{"target": -10.609999346451698, "params": {"C": 91.17777315711434, "epsilon": 36.74750168895443, "gamma": 0.01718743028630224, "lamda": 0.01438245800760839}, "datetime": {"datetime": "2021-10-06 14:15:58", "elapsed": 470.695864, "delta": 2.454306}}
{"target": -10.372451301627995, "params": {"C": 101.31296679645831, "epsilon": 22.602427349677562, "gamma": 0.02703945190938291, "lamda": 0.012068084430358755}, "datetime": {"datetime": "2021-10-06 14:16:00", "elapsed": 472.573028, "delta": 1.877164}}
{"target": -10.345977968423298, "params": {"C": 78.26771494036923, "epsilon": 28.586669176493178, "gamma": 0.026244326669314165, "lamda": 0.018149633270762956}, "datetime": {"datetime": "2021-10-06 14:16:02", "elapsed": 474.283464, "delta": 1.710436}}
{"target": -10.198397739773638, "params": {"C": 30.964616290854885, "epsilon": 23.036005839274242, "gamma": 0.023310894782257112, "lamda": 0.012531536351899752}, "datetime": {"datetime": "2021-10-06 14:16:04", "elapsed": 476.681362, "delta": 2.397898}}
{"target": -10.294954567090967, "params": {"C": 32.093234998180066, "epsilon": 26.913515414097148, "gamma": 0.02841663112457367, "lamda": 0.0030113496045436204}, "datetime": {"datetime": "2021-10-06 14:16:06", "elapsed": 478.585509, "delta": 1.904147}}
{"target": -10.166480085999245, "params": {"C": 34.25431495710473, "epsilon": 18.556222491754458, "gamma": 0.021907164356691593, "lamda": 0.007168327382959374}, "datetime": {"datetime": "2021-10-06 14:16:08", "elapsed": 480.452579, "delta": 1.86707}}
{"target": -10.355704085603179, "params": {"C": 82.16350556782209, "epsilon": 23.85101541734221, "gamma": 0.01667612310846258, "lamda": 0.01057659887784315}, "datetime": {"datetime": "2021-10-06 14:16:10", "elapsed": 482.641218, "delta": 2.188639}}
{"target": -10.254043205598666, "params": {"C": 31.550553637721308, "epsilon": 35.903089981534094, "gamma": 0.02924327511655165, "lamda": 0.004852560628771471}, "datetime": {"datetime": "2021-10-06 14:16:12", "elapsed": 484.526328, "delta": 1.88511}}
{"target": -10.384928317120917, "params": {"C": 66.03261271865613, "epsilon": 33.15078163979118, "gamma": 0.03302902726791647, "lamda": 0.012970893179936428}, "datetime": {"datetime": "2021-10-06 14:16:14", "elapsed": 486.274046, "delta": 1.747718}}
{"target": -10.434017386607568, "params": {"C": 42.35943137212924, "epsilon": 31.24841664198432, "gamma": 0.032814589521703394, "lamda": 0.01911498592660665}, "datetime": {"datetime": "2021-10-06 14:16:17", "elapsed": 488.787826, "delta": 2.51378}}
{"target": -10.453391608748648, "params": {"C": 107.53881528277262, "epsilon": 35.7203532309113, "gamma": 0.039554238232314326, "lamda": 0.015489132944364188}, "datetime": {"datetime": "2021-10-06 14:16:20", "elapsed": 492.033119, "delta": 3.245293}}
{"target": -10.59606657227454, "params": {"C": 109.32728787743295, "epsilon": 34.52118392778081, "gamma": 0.0368129110312778, "lamda": 0.002043838133178337}, "datetime": {"datetime": "2021-10-06 14:16:22", "elapsed": 494.632225, "delta": 2.599106}}
{"target": -10.425032686928489, "params": {"C": 89.73507037289215, "epsilon": 31.293252674383247, "gamma": 0.037039931744406125, "lamda": 0.01693641079229366}, "datetime": {"datetime": "2021-10-06 14:16:24", "elapsed": 496.434323, "delta": 1.802098}}
{"target": -10.446610914250334, "params": {"C": 34.45036430931023, "epsilon": 30.402987239665737, "gamma": 0.03936353186765198, "lamda": 0.004837829189903282}, "datetime": {"datetime": "2021-10-06 14:16:26", "elapsed": 498.316, "delta": 1.881677}}
{"target": -10.699499630191463, "params": {"C": 61.69798267460858, "epsilon": 39.057140707298416, "gamma": 0.015539538852548584, "lamda": 0.011484188832746121}, "datetime": {"datetime": "2021-10-06 14:16:28", "elapsed": 500.734826, "delta": 2.418826}}
{"target": -10.427063566581293, "params": {"C": 67.4861358884924, "epsilon": 27.20691737015714, "gamma": 0.0326104643776704, "lamda": 0.002519259059884345}, "datetime": {"datetime": "2021-10-06 14:16:31", "elapsed": 503.017118, "delta": 2.282292}}
{"target": -10.169833067604571, "params": {"C": 59.24704556889121, "epsilon": 36.64027408611233, "gamma": 0.021214551178086655, "lamda": 0.006823472961666148}, "datetime": {"datetime": "2021-10-06 14:16:33", "elapsed": 504.889242, "delta": 1.872124}}
{"target": -10.433341588802525, "params": {"C": 52.34759089445565, "epsilon": 23.25118396253716, "gamma": 0.03548805768165835, "lamda": 0.019688306328855397}, "datetime": {"datetime": "2021-10-06 14:16:35", "elapsed": 506.878094, "delta": 1.988852}}
{"target": -10.183188749248991, "params": {"C": 54.14335778683687, "epsilon": 30.915756894642257, "gamma": 0.01681374379088268, "lamda": 0.006396079902954085}, "datetime": {"datetime": "2021-10-06 14:16:37", "elapsed": 509.472383, "delta": 2.594289}}
{"target": -10.473616978106365, "params": {"C": 69.69903445959073, "epsilon": 20.536173320206842, "gamma": 0.03604641293281224, "lamda": 0.014245522362383843}, "datetime": {"datetime": "2021-10-06 14:16:40", "elapsed": 512.601829, "delta": 3.129446}}
{"target": -10.524770496113138, "params": {"C": 59.719926305883995, "epsilon": 17.775929006338444, "gamma": 0.03937991231257478, "lamda": 0.012764683204771806}, "datetime": {"datetime": "2021-10-06 14:16:43", "elapsed": 515.240117, "delta": 2.638288}}
{"target": -10.15499242984702, "params": {"C": 30.51456328615516, "epsilon": 32.21574316647905, "gamma": 0.01679678598539936, "lamda": 0.004728423580115004}, "datetime": {"datetime": "2021-10-06 14:16:45", "elapsed": 517.056831, "delta": 1.816714}}
{"target": -10.247041456087931, "params": {"C": 86.42546098870778, "epsilon": 27.877203118627136, "gamma": 0.025229476559358116, "lamda": 0.0015031852338929902}, "datetime": {"datetime": "2021-10-06 14:16:48", "elapsed": 519.796038, "delta": 2.739207}}
{"target": -10.562695958110767, "params": {"C": 33.93395047126968, "epsilon": 31.908656685092453, "gamma": 0.018035782595690004, "lamda": 0.01919088588790266}, "datetime": {"datetime": "2021-10-06 14:16:50", "elapsed": 521.789536, "delta": 1.993498}}
{"target": -10.452227281253299, "params": {"C": 106.15548569744797, "epsilon": 33.22308125227676, "gamma": 0.038964450029922625, "lamda": 0.0172652282304362}, "datetime": {"datetime": "2021-10-06 14:16:52", "elapsed": 524.248764, "delta": 2.459228}}
{"target": -10.297539502389279, "params": {"C": 100.3298519520263, "epsilon": 33.672026858027266, "gamma": 0.025066095147282506, "lamda": 0.006557404903702107}, "datetime": {"datetime": "2021-10-06 14:16:54", "elapsed": 526.15842, "delta": 1.909656}}
{"target": -10.25899140227915, "params": {"C": 94.56414984498272, "epsilon": 31.885498506185932, "gamma": 0.022783299769970837, "lamda": 0.010634892590278949}, "datetime": {"datetime": "2021-10-06 14:16:56", "elapsed": 527.996341, "delta": 1.837921}}
{"target": -10.313149646191082, "params": {"C": 45.427034424245115, "epsilon": 35.511544227095314, "gamma": 0.026123210981090238, "lamda": 0.013519607687364819}, "datetime": {"datetime": "2021-10-06 14:16:58", "elapsed": 530.623491, "delta": 2.62715}}
{"target": -10.261593482373465, "params": {"C": 91.05555290612816, "epsilon": 18.310198296092107, "gamma": 0.021607338290488207, "lamda": 0.007842357154557526}, "datetime": {"datetime": "2021-10-06 14:17:01", "elapsed": 533.257825, "delta": 2.634334}}
{"target": -10.398523955015907, "params": {"C": 90.99211492053482, "epsilon": 31.810023177295637, "gamma": 0.019242351063105415, "lamda": 0.014814677050862143}, "datetime": {"datetime": "2021-10-06 14:17:03", "elapsed": 535.230851, "delta": 1.973026}}
{"target": -10.353697898541123, "params": {"C": 36.42086634925427, "epsilon": 33.736667439478225, "gamma": 0.035845099107058964, "lamda": 0.011725465485295067}, "datetime": {"datetime": "2021-10-06 14:17:06", "elapsed": 538.020236, "delta": 2.789385}}
{"target": -10.504566935109452, "params": {"C": 108.72908488790375, "epsilon": 21.041917942590484, "gamma": 0.017027684129328764, "lamda": 0.019671207523809145}, "datetime": {"datetime": "2021-10-06 14:17:08", "elapsed": 540.571148, "delta": 2.550912}}
{"target": -10.44595347468609, "params": {"C": 104.67687302590876, "epsilon": 18.83609178859655, "gamma": 0.02860541075517581, "lamda": 0.010378205923942532}, "datetime": {"datetime": "2021-10-06 14:17:11", "elapsed": 543.213981, "delta": 2.642833}}
{"target": -10.39925186268778, "params": {"C": 60.46610506302522, "epsilon": 29.61905535931146, "gamma": 0.03595998199285244, "lamda": 0.015572775983001401}, "datetime": {"datetime": "2021-10-06 14:17:14", "elapsed": 546.64813, "delta": 3.434149}}
{"target": -10.151433485915847, "params": {"C": 79.10109461150932, "epsilon": 29.348124052023397, "gamma": 0.021560940970977972, "lamda": 0.003683264785588962}, "datetime": {"datetime": "2021-10-06 14:17:16", "elapsed": 548.67059, "delta": 2.02246}}
{"target": -10.487451641641348, "params": {"C": 105.68296541972626, "epsilon": 19.2850509155907, "gamma": 0.03595237450121425, "lamda": 0.012775349973699198}, "datetime": {"datetime": "2021-10-06 14:17:18", "elapsed": 550.566681, "delta": 1.896091}}
{"target": -10.381002159508443, "params": {"C": 63.7925887381778, "epsilon": 19.995381001758783, "gamma": 0.03152461555857381, "lamda": 0.01044836467788421}, "datetime": {"datetime": "2021-10-06 14:17:20", "elapsed": 552.664153, "delta": 2.097472}}
{"target": -10.373398983700659, "params": {"C": 76.52417058998766, "epsilon": 24.5454377488246, "gamma": 0.030700261410894936, "lamda": 0.01252791485068712}, "datetime": {"datetime": "2021-10-06 14:17:22", "elapsed": 554.696538, "delta": 2.032385}}
{"target": -10.779472688033517, "params": {"C": 48.61604978392223, "epsilon": 38.12053496541533, "gamma": 0.038288616442528955, "lamda": 0.0009210258938005074}, "datetime": {"datetime": "2021-10-06 14:17:25", "elapsed": 556.90683, "delta": 2.210292}}
{"target": -10.14229266643832, "params": {"C": 73.483538153545, "epsilon": 20.202156282054446, "gamma": 0.020518271369560127, "lamda": 0.002756999331853598}, "datetime": {"datetime": "2021-10-06 14:17:28", "elapsed": 559.803739, "delta": 2.896909}}
{"target": -10.499423909968195, "params": {"C": 68.5396103797811, "epsilon": 22.182423727569528, "gamma": 0.03992750998802526, "lamda": 0.010576069461007311}, "datetime": {"datetime": "2021-10-06 14:17:31", "elapsed": 562.804262, "delta": 3.000523}}
{"target": -10.327479795563733, "params": {"C": 81.46208219313203, "epsilon": 23.875600233963368, "gamma": 0.025145892432693683, "lamda": 0.01708675941867308}, "datetime": {"datetime": "2021-10-06 14:17:34", "elapsed": 565.966812, "delta": 3.16255}}
