{"target": -10.384271540005793, "params": {"C": 76.30550955615853, "epsilon": 20.339418838753264, "gamma": 0.025860571290946315, "lamda": 0.014656970600649731}, "datetime": {"datetime": "2021-10-06 13:27:45", "elapsed": 105.41742, "delta": 0.924043}}
{"target": -10.251410019641902, "params": {"C": 31.4773759080247, "epsilon": 18.384039364233672, "gamma": 0.022641739784135022, "lamda": 0.001339047297961066}, "datetime": {"datetime": "2021-10-06 13:27:46", "elapsed": 106.32267, "delta": 0.90525}}
{"target": -10.200973753994429, "params": {"C": 26.24242607721314, "epsilon": 25.633783035686665, "gamma": 0.018246131395930457, "lamda": 0.01367498175023368}, "datetime": {"datetime": "2021-10-06 13:27:47", "elapsed": 107.127877, "delta": 0.805207}}
{"target": -10.786043413746482, "params": {"C": 77.81517436752782, "epsilon": 22.93710650869143, "gamma": 0.011956045213940303, "lamda": 0.01927816081397915}, "datetime": {"datetime": "2021-10-06 13:27:48", "elapsed": 107.90808, "delta": 0.780203}}
{"target": -10.375083037463341, "params": {"C": 55.01394692505456, "epsilon": 27.546105297028078, "gamma": 0.032847383733571336, "lamda": 0.01605029597274148}, "datetime": {"datetime": "2021-10-06 13:27:49", "elapsed": 108.920319, "delta": 1.012239}}
{"target": -10.487813184623617, "params": {"C": 74.93218464988759, "epsilon": 19.940159705214352, "gamma": 0.03683531855410886, "lamda": 0.014922307504518022}, "datetime": {"datetime": "2021-10-06 13:27:50", "elapsed": 109.930212, "delta": 1.009893}}
{"target": -10.485526674418018, "params": {"C": 45.093974137028724, "epsilon": 15.77661844119904, "gamma": 0.03205511695999309, "lamda": 0.018692115393430117}, "datetime": {"datetime": "2021-10-06 13:27:51", "elapsed": 110.78686, "delta": 0.856648}}
{"target": -10.536031577370427, "params": {"C": 84.63884056915987, "epsilon": 28.7370480538244, "gamma": 0.018004086384195546, "lamda": 0.019508653185039193}, "datetime": {"datetime": "2021-10-06 13:27:52", "elapsed": 111.712092, "delta": 0.925232}}
{"target": -10.293585002526473, "params": {"C": 79.75927268286893, "epsilon": 27.276441997430382, "gamma": 0.02668625391205999, "lamda": 0.003997000345758901}, "datetime": {"datetime": "2021-10-06 13:27:53", "elapsed": 112.615497, "delta": 0.903405}}
{"target": -10.54840234141931, "params": {"C": 5.508991085443102, "epsilon": 31.773462954694047, "gamma": 0.01887396741313773, "lamda": 0.014499161916608478}, "datetime": {"datetime": "2021-10-06 13:27:54", "elapsed": 113.77765, "delta": 1.162153}}
{"target": -10.35335392876387, "params": {"C": 47.23233212980173, "epsilon": 13.71604340158763, "gamma": 0.03180216961843403, "lamda": 0.009381778217229865}, "datetime": {"datetime": "2021-10-06 13:27:55", "elapsed": 114.8577, "delta": 1.08005}}
{"target": -10.409613875359208, "params": {"C": 96.30647523735398, "epsilon": 29.670034395671678, "gamma": 0.02495879549006847, "lamda": 0.019973091282190377}, "datetime": {"datetime": "2021-10-06 13:27:56", "elapsed": 116.024505, "delta": 1.166805}}
{"target": -10.355664940797027, "params": {"C": 66.55934885056583, "epsilon": 27.141440208765804, "gamma": 0.020368026832176655, "lamda": 0.01726535053321444}, "datetime": {"datetime": "2021-10-06 13:27:57", "elapsed": 116.849615, "delta": 0.82511}}
{"target": -10.255044495451294, "params": {"C": 24.016627963462025, "epsilon": 19.696173695134917, "gamma": 0.025063522776764192, "lamda": 0.014725287362907454}, "datetime": {"datetime": "2021-10-06 13:27:58", "elapsed": 118.003022, "delta": 1.153407}}
{"target": -10.535638852314504, "params": {"C": 99.32726852075312, "epsilon": 10.478869897874713, "gamma": 0.0250020063127162, "lamda": 0.01561138896405615}, "datetime": {"datetime": "2021-10-06 13:27:59", "elapsed": 119.365239, "delta": 1.362217}}
{"target": -10.312187843965011, "params": {"C": 38.41387738030244, "epsilon": 20.29543005651145, "gamma": 0.011224452130198176, "lamda": 0.004595085297573121}, "datetime": {"datetime": "2021-10-06 13:28:00", "elapsed": 120.194517, "delta": 0.829278}}
{"target": -10.363384628529882, "params": {"C": 85.2154231820905, "epsilon": 26.14360192149319, "gamma": 0.03059917707337754, "lamda": 0.01280315754122935}, "datetime": {"datetime": "2021-10-06 13:28:01", "elapsed": 121.119869, "delta": 0.925352}}
{"target": -10.45493930948477, "params": {"C": 30.32702620611219, "epsilon": 12.673084473063483, "gamma": 0.01154822940415654, "lamda": 0.0041648101460157886}, "datetime": {"datetime": "2021-10-06 13:28:02", "elapsed": 122.284359, "delta": 1.16449}}
{"target": -10.503303362075698, "params": {"C": 24.29289860213705, "epsilon": 10.008349513908584, "gamma": 0.011957939612954684, "lamda": 0.013754913771664512}, "datetime": {"datetime": "2021-10-06 13:28:03", "elapsed": 123.188525, "delta": 0.904166}}
{"target": -10.197107560936585, "params": {"C": 83.30688473588856, "epsilon": 18.8677569075993, "gamma": 0.021629415123422313, "lamda": 0.004510157539739097}, "datetime": {"datetime": "2021-10-06 13:28:04", "elapsed": 124.180274, "delta": 0.991749}}
{"target": -10.262677692676078, "params": {"C": 30.251993186870973, "epsilon": 28.11129348871628, "gamma": 0.028917400955853503, "lamda": 0.013830271187870608}, "datetime": {"datetime": "2021-10-06 13:28:05", "elapsed": 125.095099, "delta": 0.914825}}
{"target": -10.315124517034349, "params": {"C": 78.32967668771548, "epsilon": 23.223773831097148, "gamma": 0.022629843246432135, "lamda": 0.011932546035906526}, "datetime": {"datetime": "2021-10-06 13:28:06", "elapsed": 126.276186, "delta": 1.181087}}
{"target": -10.455908020635684, "params": {"C": 58.514095851352494, "epsilon": 31.670727448164744, "gamma": 0.01104684303397419, "lamda": 0.0017641620406360433}, "datetime": {"datetime": "2021-10-06 13:28:08", "elapsed": 127.676668, "delta": 1.400482}}
{"target": -10.544858431446736, "params": {"C": 87.9328934029106, "epsilon": 12.272896066116553, "gamma": 0.013706885630139276, "lamda": 0.014067884107783698}, "datetime": {"datetime": "2021-10-06 13:28:09", "elapsed": 128.57958, "delta": 0.902912}}
{"target": -10.63862301345721, "params": {"C": 60.709939701802284, "epsilon": 21.66072742370678, "gamma": 0.013988822309061094, "lamda": 0.018070024627492687}, "datetime": {"datetime": "2021-10-06 13:28:10", "elapsed": 129.483433, "delta": 0.903853}}
{"target": -10.460223260837653, "params": {"C": 41.72041569731508, "epsilon": 26.53293978931965, "gamma": 0.016237292121394863, "lamda": 0.01533863009484632}, "datetime": {"datetime": "2021-10-06 13:28:11", "elapsed": 130.692207, "delta": 1.208774}}
{"target": -10.366984040461642, "params": {"C": 98.11706734802434, "epsilon": 20.52372209335597, "gamma": 0.010618090281318627, "lamda": 0.0031320516180131674}, "datetime": {"datetime": "2021-10-06 13:28:12", "elapsed": 131.743114, "delta": 1.050907}}
{"target": -10.35387715238845, "params": {"C": 53.53625169622862, "epsilon": 27.161055006612877, "gamma": 0.02974168647991178, "lamda": 0.017014483781770392}, "datetime": {"datetime": "2021-10-06 13:28:13", "elapsed": 132.58507, "delta": 0.841956}}
{"target": -10.54786245065663, "params": {"C": 66.417992791354, "epsilon": 11.382009111055835, "gamma": 0.013655258900445024, "lamda": 0.0174923309544791}, "datetime": {"datetime": "2021-10-06 13:28:14", "elapsed": 133.529299, "delta": 0.944229}}
{"target": -10.542489561674607, "params": {"C": 35.329561374716356, "epsilon": 12.19193755883734, "gamma": 0.038543143144713785, "lamda": 0.018443652956737985}, "datetime": {"datetime": "2021-10-06 13:28:15", "elapsed": 134.568678, "delta": 1.039379}}
{"target": -10.285302929159144, "params": {"C": 12.223834043889198, "epsilon": 24.915309193559978, "gamma": 0.013767320894901923, "lamda": 0.005569788341564443}, "datetime": {"datetime": "2021-10-06 13:28:16", "elapsed": 135.620249, "delta": 1.051571}}
{"target": -10.269833114373803, "params": {"C": 25.93507559938189, "epsilon": 24.2929498364809, "gamma": 0.03543736167048896, "lamda": 0.005404271977060173}, "datetime": {"datetime": "2021-10-06 13:28:17", "elapsed": 136.606532, "delta": 0.986283}}
{"target": -10.458559840495498, "params": {"C": 31.773266074847605, "epsilon": 12.377636558640923, "gamma": 0.028691041997619786, "lamda": 0.0013965788200442375}, "datetime": {"datetime": "2021-10-06 13:28:18", "elapsed": 137.706142, "delta": 1.09961}}
{"target": -10.28538360574794, "params": {"C": 29.667779720995615, "epsilon": 15.763761708925907, "gamma": 0.01383872144479686, "lamda": 0.001163720033914239}, "datetime": {"datetime": "2021-10-06 13:28:19", "elapsed": 138.790883, "delta": 1.084741}}
{"target": -10.337380126309986, "params": {"C": 59.63152652028482, "epsilon": 19.72853477513039, "gamma": 0.028423055974132493, "lamda": 0.010007759494807478}, "datetime": {"datetime": "2021-10-06 13:28:20", "elapsed": 139.897652, "delta": 1.106769}}
{"target": -10.23436473757376, "params": {"C": 78.51501021462919, "epsilon": 12.439122701194854, "gamma": 0.027446538827134638, "lamda": 0.0032302756388246446}, "datetime": {"datetime": "2021-10-06 13:28:21", "elapsed": 141.024263, "delta": 1.126611}}
{"target": -10.505812650333269, "params": {"C": 85.02569260244536, "epsilon": 30.292279236435434, "gamma": 0.03946184095046752, "lamda": 0.007906352956569893}, "datetime": {"datetime": "2021-10-06 13:28:22", "elapsed": 142.285079, "delta": 1.260816}}
{"target": -10.606454935644557, "params": {"C": 91.96251071750004, "epsilon": 15.721029977246362, "gamma": 0.03880949608260065, "lamda": 0.007697968977202219}, "datetime": {"datetime": "2021-10-06 13:28:23", "elapsed": 143.275503, "delta": 0.990424}}
{"target": -10.345723814692587, "params": {"C": 35.436213318717115, "epsilon": 26.625645400155744, "gamma": 0.010198960500488616, "lamda": 0.001746690910122828}, "datetime": {"datetime": "2021-10-06 13:28:25", "elapsed": 144.512961, "delta": 1.237458}}
{"target": -10.337531964422588, "params": {"C": 50.231462454601484, "epsilon": 28.39387745464399, "gamma": 0.033335006773245836, "lamda": 0.011082632298805932}, "datetime": {"datetime": "2021-10-06 13:28:26", "elapsed": 145.517832, "delta": 1.004871}}
{"target": -10.554362235640307, "params": {"C": 43.0613011423091, "epsilon": 12.753788594133608, "gamma": 0.03967405308628982, "lamda": 0.010561580649016052}, "datetime": {"datetime": "2021-10-06 13:28:27", "elapsed": 146.861679, "delta": 1.343847}}
{"target": -10.54231954304056, "params": {"C": 76.29097415922065, "epsilon": 12.491636441126035, "gamma": 0.035934757601492784, "lamda": 0.010745444328164454}, "datetime": {"datetime": "2021-10-06 13:28:28", "elapsed": 148.137383, "delta": 1.275704}}
{"target": -10.224427982082455, "params": {"C": 22.76505738011593, "epsilon": 22.030544890334507, "gamma": 0.025807682610697914, "lamda": 0.014491576658447235}, "datetime": {"datetime": "2021-10-06 13:28:30", "elapsed": 149.557246, "delta": 1.419863}}
{"target": -10.59097859984868, "params": {"C": 45.74879233604203, "epsilon": 12.767784635460016, "gamma": 0.03944124134648381, "lamda": 0.019195315152544898}, "datetime": {"datetime": "2021-10-06 13:28:31", "elapsed": 150.773033, "delta": 1.215787}}
{"target": -10.58191293698236, "params": {"C": 9.658514914882389, "epsilon": 27.424882090608225, "gamma": 0.025009640663424277, "lamda": 0.0016464003754476147}, "datetime": {"datetime": "2021-10-06 13:28:32", "elapsed": 152.158486, "delta": 1.385453}}
{"target": -10.502803027490252, "params": {"C": 42.91886693163354, "epsilon": 34.719241370449, "gamma": 0.010909928950013033, "lamda": 0.00563645621317239}, "datetime": {"datetime": "2021-10-06 13:28:34", "elapsed": 153.648255, "delta": 1.489769}}
{"target": -10.516340316452958, "params": {"C": 80.13377111021457, "epsilon": 10.25186500309725, "gamma": 0.031474968897297034, "lamda": 0.013656299489622699}, "datetime": {"datetime": "2021-10-06 13:28:35", "elapsed": 155.075249, "delta": 1.426994}}
{"target": -10.221334274665583, "params": {"C": 37.15176416879963, "epsilon": 23.00377073066612, "gamma": 0.01843704223484495, "lamda": 0.01475414784873777}, "datetime": {"datetime": "2021-10-06 13:28:36", "elapsed": 156.330725, "delta": 1.255476}}
{"target": -10.355595288425489, "params": {"C": 27.504592162450063, "epsilon": 17.59484280705275, "gamma": 0.03479049575407365, "lamda": 0.01423638094004956}, "datetime": {"datetime": "2021-10-06 13:28:38", "elapsed": 157.497146, "delta": 1.166421}}
{"target": -10.815359924020303, "params": {"C": 39.354762172757944, "epsilon": 12.941259916905302, "gamma": 0.039736703305513495, "lamda": 0.0009106180965437939}, "datetime": {"datetime": "2021-10-06 13:28:39", "elapsed": 159.016928, "delta": 1.519782}}
{"target": -10.402337186090998, "params": {"C": 60.43023782055198, "epsilon": 14.162092511081688, "gamma": 0.01628465777194817, "lamda": 0.017241203441967026}, "datetime": {"datetime": "2021-10-06 13:28:40", "elapsed": 160.387437, "delta": 1.370509}}
{"target": -10.35415383625134, "params": {"C": 31.70379899348016, "epsilon": 31.7510693767263, "gamma": 0.039893116380845424, "lamda": 0.012052505270992588}, "datetime": {"datetime": "2021-10-06 13:28:42", "elapsed": 161.633232, "delta": 1.245795}}
{"target": -10.422620488371836, "params": {"C": 44.63926233980022, "epsilon": 23.91531871724723, "gamma": 0.03965747270609992, "lamda": 0.012725421644650192}, "datetime": {"datetime": "2021-10-06 13:28:43", "elapsed": 163.205497, "delta": 1.572265}}
{"target": -10.17223129989548, "params": {"C": 22.760007529830798, "epsilon": 20.147976808481335, "gamma": 0.016635905880876274, "lamda": 0.009136763022146228}, "datetime": {"datetime": "2021-10-06 13:28:45", "elapsed": 164.864468, "delta": 1.658971}}
{"target": -10.291125493424671, "params": {"C": 41.620650083940106, "epsilon": 21.34135665818577, "gamma": 0.03349032877161438, "lamda": 0.004722775634551158}, "datetime": {"datetime": "2021-10-06 13:28:47", "elapsed": 166.844655, "delta": 1.980187}}
{"target": -10.305425881352788, "params": {"C": 16.4925194464152, "epsilon": 12.805517780423406, "gamma": 0.025945298524900587, "lamda": 0.0011388542806779773}, "datetime": {"datetime": "2021-10-06 13:28:48", "elapsed": 168.225396, "delta": 1.380741}}
{"target": -10.261162696713951, "params": {"C": 10.324134068616681, "epsilon": 22.40387492027093, "gamma": 0.030424079122021247, "lamda": 0.011674034490570152}, "datetime": {"datetime": "2021-10-06 13:28:50", "elapsed": 169.64105, "delta": 1.415654}}
{"target": -10.691619390744881, "params": {"C": 51.20163966549654, "epsilon": 21.952064353822074, "gamma": 0.012567524789902128, "lamda": 0.017534005570611154}, "datetime": {"datetime": "2021-10-06 13:28:51", "elapsed": 170.869157, "delta": 1.228107}}
{"target": -10.30217171322342, "params": {"C": 67.01977370453628, "epsilon": 32.478069784151245, "gamma": 0.027334846580936163, "lamda": 0.009018829658008945}, "datetime": {"datetime": "2021-10-06 13:28:52", "elapsed": 172.17399, "delta": 1.304833}}
{"target": -10.640293948407678, "params": {"C": 15.046741474757516, "epsilon": 30.210543000364535, "gamma": 0.03183418249840257, "lamda": 0.00035404696582783395}, "datetime": {"datetime": "2021-10-06 13:28:54", "elapsed": 173.961698, "delta": 1.787708}}
{"target": -10.474768833229154, "params": {"C": 26.468221648610907, "epsilon": 12.300437643148658, "gamma": 0.038592455341843364, "lamda": 0.0047211253882325915}, "datetime": {"datetime": "2021-10-06 13:28:56", "elapsed": 175.552988, "delta": 1.59129}}
{"target": -10.259347701466693, "params": {"C": 33.191024868675534, "epsilon": 23.05478263424696, "gamma": 0.03261390177984601, "lamda": 0.008660687856261354}, "datetime": {"datetime": "2021-10-06 13:28:57", "elapsed": 176.812618, "delta": 1.25963}}
{"target": -10.142376493029442, "params": {"C": 91.32111999650162, "epsilon": 29.524504557581363, "gamma": 0.019344401260808282, "lamda": 0.0041135526442042615}, "datetime": {"datetime": "2021-10-06 13:28:58", "elapsed": 177.891489, "delta": 1.078871}}
{"target": -10.54240531396459, "params": {"C": 93.57059853544867, "epsilon": 17.097219768088927, "gamma": 0.03562853625774811, "lamda": 0.017542009882765754}, "datetime": {"datetime": "2021-10-06 13:28:59", "elapsed": 179.028006, "delta": 1.136517}}
{"target": -10.418235331593344, "params": {"C": 62.529909947347555, "epsilon": 24.989266411638038, "gamma": 0.03346772717234871, "lamda": 0.01972940742133819}, "datetime": {"datetime": "2021-10-06 13:29:00", "elapsed": 180.445384, "delta": 1.417378}}
{"target": -10.35045013672926, "params": {"C": 11.032952110808179, "epsilon": 10.352025144124104, "gamma": 0.032533783985494266, "lamda": 0.010584705721238838}, "datetime": {"datetime": "2021-10-06 13:29:02", "elapsed": 181.681964, "delta": 1.23658}}
{"target": -10.392008821466044, "params": {"C": 73.34099614262296, "epsilon": 16.7945207409492, "gamma": 0.021601469225776465, "lamda": 0.017654173290353292}, "datetime": {"datetime": "2021-10-06 13:29:03", "elapsed": 182.803016, "delta": 1.121052}}
{"target": -10.311209639129086, "params": {"C": 12.32708449996538, "epsilon": 13.963209267123002, "gamma": 0.015580703276421162, "lamda": 0.0074967381094190825}, "datetime": {"datetime": "2021-10-06 13:29:04", "elapsed": 183.839286, "delta": 1.03627}}
{"target": -10.882666491162155, "params": {"C": 85.01888840751093, "epsilon": 10.794659795800303, "gamma": 0.010549985825192452, "lamda": 0.019325790978360822}, "datetime": {"datetime": "2021-10-06 13:29:05", "elapsed": 184.920788, "delta": 1.081502}}
{"target": -10.542074824902253, "params": {"C": 81.78809817081459, "epsilon": 17.575616920359387, "gamma": 0.034237771335069965, "lamda": 0.018943584771716763}, "datetime": {"datetime": "2021-10-06 13:29:06", "elapsed": 185.916921, "delta": 0.996133}}
{"target": -10.307530805730174, "params": {"C": 27.177128636044767, "epsilon": 11.337167267010061, "gamma": 0.018198688668768732, "lamda": 0.0024866458647828144}, "datetime": {"datetime": "2021-10-06 13:29:07", "elapsed": 186.955375, "delta": 1.038454}}
{"target": -10.29505016545951, "params": {"C": 77.72285385222989, "epsilon": 24.4181729186422, "gamma": 0.027430306414352602, "lamda": 0.002345157120599311}, "datetime": {"datetime": "2021-10-06 13:29:08", "elapsed": 188.323129, "delta": 1.367754}}
{"target": -10.131750892895601, "params": {"C": 37.45414638211515, "epsilon": 26.533916785516986, "gamma": 0.01669948540674967, "lamda": 0.002814785784615316}, "datetime": {"datetime": "2021-10-06 13:29:10", "elapsed": 189.46856, "delta": 1.145431}}
{"target": -10.419192747549962, "params": {"C": 69.06225500597236, "epsilon": 15.864486602736203, "gamma": 0.03211221163664442, "lamda": 0.008672704369812564}, "datetime": {"datetime": "2021-10-06 13:29:11", "elapsed": 190.547622, "delta": 1.079062}}
{"target": -10.288900494468576, "params": {"C": 32.09229800762523, "epsilon": 21.311484976544413, "gamma": 0.02581133714413464, "lamda": 0.018998642790797902}, "datetime": {"datetime": "2021-10-06 13:29:12", "elapsed": 191.613901, "delta": 1.066279}}
{"target": -10.689222127389405, "params": {"C": 92.84438336044036, "epsilon": 13.466568878242512, "gamma": 0.0397865957115189, "lamda": 0.014212113159409833}, "datetime": {"datetime": "2021-10-06 13:29:13", "elapsed": 193.225855, "delta": 1.611954}}
{"target": -10.193093756142707, "params": {"C": 33.053547136526866, "epsilon": 31.525403127342788, "gamma": 0.025577117496545627, "lamda": 0.009130600796367815}, "datetime": {"datetime": "2021-10-06 13:29:15", "elapsed": 194.560738, "delta": 1.334883}}
{"target": -10.479987559444684, "params": {"C": 66.8895117851531, "epsilon": 14.05572527296842, "gamma": 0.011789911455090262, "lamda": 0.010040513332043316}, "datetime": {"datetime": "2021-10-06 13:29:16", "elapsed": 195.629079, "delta": 1.068341}}
{"target": -10.263423065915884, "params": {"C": 8.091837497608758, "epsilon": 19.18560724487676, "gamma": 0.029609964458248615, "lamda": 0.01600530858586947}, "datetime": {"datetime": "2021-10-06 13:29:17", "elapsed": 196.925014, "delta": 1.295935}}
{"target": -10.403412756430203, "params": {"C": 5.64411737482501, "epsilon": 24.40338865690936, "gamma": 0.03462866855614517, "lamda": 0.017905054041192723}, "datetime": {"datetime": "2021-10-06 13:29:18", "elapsed": 198.376686, "delta": 1.451672}}
{"target": -10.321557757700985, "params": {"C": 30.650303716879336, "epsilon": 29.70186885443655, "gamma": 0.03422112006168782, "lamda": 0.014020853489169325}, "datetime": {"datetime": "2021-10-06 13:29:20", "elapsed": 199.468966, "delta": 1.09228}}
{"target": -10.372405506117312, "params": {"C": 9.502215180371248, "epsilon": 18.957783232910828, "gamma": 0.0359348204507541, "lamda": 0.0053429216173958355}, "datetime": {"datetime": "2021-10-06 13:29:21", "elapsed": 201.247581, "delta": 1.778615}}
{"target": -10.461736545651853, "params": {"C": 47.82216353759523, "epsilon": 30.96899805474951, "gamma": 0.035728943529248214, "lamda": 0.0034099243185074105}, "datetime": {"datetime": "2021-10-06 13:29:23", "elapsed": 202.817778, "delta": 1.570197}}
{"target": -10.149409752405555, "params": {"C": 94.9350586222185, "epsilon": 18.103082453774235, "gamma": 0.021641175747210556, "lamda": 0.0020490062920398818}, "datetime": {"datetime": "2021-10-06 13:29:24", "elapsed": 204.332068, "delta": 1.51429}}
{"target": -10.256346720741767, "params": {"C": 51.83604756579354, "epsilon": 24.14338868775615, "gamma": 0.02000492212357128, "lamda": 0.0008779933718300837}, "datetime": {"datetime": "2021-10-06 13:29:26", "elapsed": 206.242455, "delta": 1.910387}}
{"target": -10.514260341867645, "params": {"C": 77.04448064386177, "epsilon": 29.340341233061668, "gamma": 0.03640036618052937, "lamda": 0.0034904444321853436}, "datetime": {"datetime": "2021-10-06 13:29:28", "elapsed": 207.477075, "delta": 1.23462}}
{"target": -10.22833881335164, "params": {"C": 57.044821503376404, "epsilon": 21.857646418210486, "gamma": 0.026325067339935025, "lamda": 0.002057684461159376}, "datetime": {"datetime": "2021-10-06 13:29:29", "elapsed": 208.751605, "delta": 1.27453}}
