{"target": -10.248892801040483, "params": {"C": 28.40721673667993, "epsilon": 31.81473558442776, "gamma": 0.01548226850856256, "lamda": 0.0037090860269510806}, "datetime": {"datetime": "2021-10-06 13:46:20", "elapsed": 1219.469326, "delta": 3.163026}}
{"target": -10.3011874760114, "params": {"C": 19.936495852610108, "epsilon": 14.842789600694687, "gamma": 0.013183661715304607, "lamda": 0.0014790653766974823}, "datetime": {"datetime": "2021-10-06 13:46:23", "elapsed": 1222.790531, "delta": 3.321205}}
{"target": -10.226712743405514, "params": {"C": 13.167133619968482, "epsilon": 15.020514793732222, "gamma": 0.014277485780968333, "lamda": 0.005017350713895605}, "datetime": {"datetime": "2021-10-06 13:46:27", "elapsed": 1226.955036, "delta": 4.164505}}
{"target": -10.332633367115793, "params": {"C": 48.54516694586351, "epsilon": 14.310535801484995, "gamma": 0.016091861526419164, "lamda": 0.01590730210312933}, "datetime": {"datetime": "2021-10-06 13:46:30", "elapsed": 1230.304183, "delta": 3.349147}}
{"target": -10.229709518275488, "params": {"C": 55.98381238688254, "epsilon": 18.503842411006445, "gamma": 0.025029743825619406, "lamda": 0.006630396386027186}, "datetime": {"datetime": "2021-10-06 13:46:34", "elapsed": 1233.588226, "delta": 3.284043}}
{"target": -10.221993630291609, "params": {"C": 45.17032887219121, "epsilon": 10.689251730887609, "gamma": 0.022634291862949178, "lamda": 0.002578330248695731}, "datetime": {"datetime": "2021-10-06 13:46:38", "elapsed": 1238.296978, "delta": 4.708752}}
{"target": -10.400021917166576, "params": {"C": 19.91567734675042, "epsilon": 28.925987649686, "gamma": 0.024222257698608078, "lamda": 0.003021311854245632}, "datetime": {"datetime": "2021-10-06 13:46:42", "elapsed": 1242.451651, "delta": 4.154673}}
{"target": -10.183017566484247, "params": {"C": 33.007441490320495, "epsilon": 24.190039311137355, "gamma": 0.019047026844894226, "lamda": 0.012880501024461477}, "datetime": {"datetime": "2021-10-06 13:46:47", "elapsed": 1246.830884, "delta": 4.379233}}
{"target": -10.303239172122527, "params": {"C": 24.02895006025857, "epsilon": 19.698087134047228, "gamma": 0.01213746138138734, "lamda": 0.009015556889083896}, "datetime": {"datetime": "2021-10-06 13:46:52", "elapsed": 1251.457641, "delta": 4.626757}}
{"target": -10.298405101801073, "params": {"C": 50.509073069427075, "epsilon": 24.302489693900128, "gamma": 0.02603391433772819, "lamda": 0.015112054404892194}, "datetime": {"datetime": "2021-10-06 13:46:56", "elapsed": 1255.540338, "delta": 4.082697}}
{"target": -10.605225691161605, "params": {"C": 22.387176586486586, "epsilon": 34.33990011755701, "gamma": 0.012482780279018195, "lamda": 0.011389346889671602}, "datetime": {"datetime": "2021-10-06 13:47:03", "elapsed": 1262.587903, "delta": 7.047565}}
{"target": -10.100093620951665, "params": {"C": 67.36027626331642, "epsilon": 33.234867042184405, "gamma": 0.016762378412351328, "lamda": 0.0027945926405729023}, "datetime": {"datetime": "2021-10-06 13:47:06", "elapsed": 1266.034221, "delta": 3.446318}}
{"target": -10.22364433967999, "params": {"C": 46.35657494798005, "epsilon": 34.715635399034824, "gamma": 0.026733130350063472, "lamda": 0.004808054965816573}, "datetime": {"datetime": "2021-10-06 13:47:11", "elapsed": 1270.892002, "delta": 4.857781}}
{"target": -10.56960980392144, "params": {"C": 55.983263556986294, "epsilon": 18.497978042473505, "gamma": 0.01301294991998103, "lamda": 0.015416008368110919}, "datetime": {"datetime": "2021-10-06 13:47:15", "elapsed": 1274.462193, "delta": 3.570191}}
{"target": -10.273568125644287, "params": {"C": 89.745534715836, "epsilon": 30.23467753143477, "gamma": 0.025150038634061997, "lamda": 0.0038813229477249007}, "datetime": {"datetime": "2021-10-06 13:47:19", "elapsed": 1278.633163, "delta": 4.17097}}
{"target": -10.21431327265054, "params": {"C": 35.69387972503893, "epsilon": 19.01101657105235, "gamma": 0.02609530882166878, "lamda": 0.0033659422003212928}, "datetime": {"datetime": "2021-10-06 13:47:22", "elapsed": 1281.819837, "delta": 3.186674}}
{"target": -10.222760351971855, "params": {"C": 13.046284517034922, "epsilon": 19.856430833375484, "gamma": 0.015897948902582833, "lamda": 0.012580047008137262}, "datetime": {"datetime": "2021-10-06 13:47:25", "elapsed": 1285.252626, "delta": 3.432789}}
{"target": -10.175190082136462, "params": {"C": 34.43111652078508, "epsilon": 30.591699265414253, "gamma": 0.018913482348035915, "lamda": 0.008585304251071742}, "datetime": {"datetime": "2021-10-06 13:47:30", "elapsed": 1289.618774, "delta": 4.366148}}
{"target": -10.570390869592032, "params": {"C": 58.01652605545219, "epsilon": 21.419488473149276, "gamma": 0.03868988866652927, "lamda": 0.003514924394610881}, "datetime": {"datetime": "2021-10-06 13:47:35", "elapsed": 1294.97642, "delta": 5.357646}}
{"target": -10.316543680842328, "params": {"C": 68.46215939024727, "epsilon": 33.03908303087741, "gamma": 0.02865978819128246, "lamda": 0.006030643860513974}, "datetime": {"datetime": "2021-10-06 13:47:38", "elapsed": 1298.24848, "delta": 3.27206}}
{"target": -10.507144626067577, "params": {"C": 83.30936434745365, "epsilon": 18.87552502361252, "gamma": 0.03528507499017223, "lamda": 0.01313514721338211}, "datetime": {"datetime": "2021-10-06 13:47:43", "elapsed": 1302.919858, "delta": 4.671378}}
{"target": -10.309134583413572, "params": {"C": 44.66435031115558, "epsilon": 24.068883938627035, "gamma": 0.028690942297379902, "lamda": 0.013716151130411218}, "datetime": {"datetime": "2021-10-06 13:47:48", "elapsed": 1308.42406, "delta": 5.504202}}
{"target": -10.475371649830732, "params": {"C": 66.21925332891175, "epsilon": 18.75565943191852, "gamma": 0.036285362472711497, "lamda": 0.008036372840685256}, "datetime": {"datetime": "2021-10-06 13:47:52", "elapsed": 1311.936884, "delta": 3.512824}}
{"target": -10.610340016715144, "params": {"C": 89.6751071684995, "epsilon": 14.8227398499629, "gamma": 0.03845296795379613, "lamda": 0.00962129885979521}, "datetime": {"datetime": "2021-10-06 13:47:55", "elapsed": 1315.401057, "delta": 3.464173}}
{"target": -10.393861063494517, "params": {"C": 27.399614437117325, "epsilon": 20.43936655248627, "gamma": 0.03440561040293558, "lamda": 0.0026815942469691064}, "datetime": {"datetime": "2021-10-06 13:47:59", "elapsed": 1318.717047, "delta": 3.31599}}
{"target": -10.772484565526344, "params": {"C": 6.778696874271548, "epsilon": 15.361549115323255, "gamma": 0.011032773913044852, "lamda": 0.00385736933173893}, "datetime": {"datetime": "2021-10-06 13:48:02", "elapsed": 1322.134354, "delta": 3.417307}}
{"target": -10.179287343795885, "params": {"C": 31.49241037853017, "epsilon": 18.41667112262223, "gamma": 0.018132158267407605, "lamda": 0.003949296461686918}, "datetime": {"datetime": "2021-10-06 13:48:08", "elapsed": 1327.551037, "delta": 5.416683}}
{"target": -10.165300019799705, "params": {"C": 35.73815847918824, "epsilon": 22.908118548269048, "gamma": 0.020194132633592685, "lamda": 0.00979290906824723}, "datetime": {"datetime": "2021-10-06 13:48:11", "elapsed": 1330.950086, "delta": 3.399049}}
{"target": -10.427909313728682, "params": {"C": 77.50482641706861, "epsilon": 11.4237275252943, "gamma": 0.02162167241853198, "lamda": 0.01739987622059567}, "datetime": {"datetime": "2021-10-06 13:48:14", "elapsed": 1334.08247, "delta": 3.132384}}
{"target": -10.161281995238557, "params": {"C": 93.71677083759215, "epsilon": 22.80051556952774, "gamma": 0.017592312689746186, "lamda": 0.0009049455780927073}, "datetime": {"datetime": "2021-10-06 13:48:17", "elapsed": 1337.44875, "delta": 3.36628}}
{"target": -10.477667109808326, "params": {"C": 57.91391926902017, "epsilon": 27.6738825650927, "gamma": 0.03510044367917213, "lamda": 0.0028440987760999675}, "datetime": {"datetime": "2021-10-06 13:48:25", "elapsed": 1344.775055, "delta": 7.326305}}
{"target": -10.285996972262339, "params": {"C": 8.34588592425699, "epsilon": 23.877843161843156, "gamma": 0.030933638214396125, "lamda": 0.01430308449533636}, "datetime": {"datetime": "2021-10-06 13:48:31", "elapsed": 1350.615102, "delta": 5.840047}}
{"target": -10.482830263101391, "params": {"C": 28.152635477557812, "epsilon": 25.756609779377833, "gamma": 0.012120653954775547, "lamda": 0.011506765299550041}, "datetime": {"datetime": "2021-10-06 13:48:35", "elapsed": 1355.350127, "delta": 4.735025}}
{"target": -10.412735889898993, "params": {"C": 55.79973506177076, "epsilon": 24.00291056508151, "gamma": 0.03277320031373722, "lamda": 0.019865864622826333}, "datetime": {"datetime": "2021-10-06 13:48:40", "elapsed": 1360.081397, "delta": 4.73127}}
{"target": -10.527204483970575, "params": {"C": 90.12264784644854, "epsilon": 23.125484484982856, "gamma": 0.015695152461293774, "lamda": 0.016160974573989958}, "datetime": {"datetime": "2021-10-06 13:48:44", "elapsed": 1363.603357, "delta": 3.52196}}
{"target": -10.621864476930547, "params": {"C": 71.5270382615826, "epsilon": 21.550115185367055, "gamma": 0.02989792364841868, "lamda": 0.0005817738551019002}, "datetime": {"datetime": "2021-10-06 13:48:47", "elapsed": 1367.306188, "delta": 3.702831}}
{"target": -10.43541550471196, "params": {"C": 42.70308378395504, "epsilon": 23.470309476451092, "gamma": 0.011748817055316468, "lamda": 0.009181709698995247}, "datetime": {"datetime": "2021-10-06 13:48:52", "elapsed": 1371.788877, "delta": 4.482689}}
{"target": -10.289065504016618, "params": {"C": 45.59125158197744, "epsilon": 26.754353128253513, "gamma": 0.02650815087357318, "lamda": 0.01477227364399418}, "datetime": {"datetime": "2021-10-06 13:48:55", "elapsed": 1375.257855, "delta": 3.468978}}
{"target": -10.434749010715532, "params": {"C": 67.57300392686548, "epsilon": 17.624301705132197, "gamma": 0.03160292366469567, "lamda": 0.013251867700369456}, "datetime": {"datetime": "2021-10-06 13:48:59", "elapsed": 1378.827773, "delta": 3.569918}}
{"target": -10.177397156458778, "params": {"C": 37.36250139961965, "epsilon": 26.463728626065986, "gamma": 0.024910649966202097, "lamda": 0.008187539089076979}, "datetime": {"datetime": "2021-10-06 13:49:06", "elapsed": 1385.963282, "delta": 7.135509}}
{"target": -10.235881103020976, "params": {"C": 12.707283430880286, "epsilon": 26.094678027275027, "gamma": 0.021558299269343134, "lamda": 0.018103471275979187}, "datetime": {"datetime": "2021-10-06 13:49:10", "elapsed": 1389.943478, "delta": 3.980196}}
{"target": -10.40808784160037, "params": {"C": 83.88402675891635, "epsilon": 18.95630814595145, "gamma": 0.025258221534452133, "lamda": 0.017668947566917302}, "datetime": {"datetime": "2021-10-06 13:49:13", "elapsed": 1393.095536, "delta": 3.152058}}
{"target": -10.50188770317865, "params": {"C": 71.11628940622266, "epsilon": 30.389224349336192, "gamma": 0.03356897867341512, "lamda": 0.00235728808667476}, "datetime": {"datetime": "2021-10-06 13:49:17", "elapsed": 1396.861848, "delta": 3.766312}}
{"target": -10.396356335479636, "params": {"C": 91.05291781744175, "epsilon": 15.419822965139307, "gamma": 0.019437189249717986, "lamda": 0.019854377519163996}, "datetime": {"datetime": "2021-10-06 13:49:20", "elapsed": 1400.303291, "delta": 3.441443}}
{"target": -10.631024782654615, "params": {"C": 96.7142410951793, "epsilon": 30.24095084385374, "gamma": 0.037706680753274296, "lamda": 0.00196605010356943}, "datetime": {"datetime": "2021-10-06 13:49:24", "elapsed": 1403.898453, "delta": 3.595162}}
{"target": -10.229899841699968, "params": {"C": 22.39845308041991, "epsilon": 20.006967251786254, "gamma": 0.028871627188662277, "lamda": 0.010511675225410907}, "datetime": {"datetime": "2021-10-06 13:49:28", "elapsed": 1407.557264, "delta": 3.658811}}
{"target": -10.18742673414218, "params": {"C": 98.61671632953058, "epsilon": 32.06858329151126, "gamma": 0.021210507845335347, "lamda": 0.003976972176312387}, "datetime": {"datetime": "2021-10-06 13:49:31", "elapsed": 1410.764536, "delta": 3.207272}}
{"target": -10.51518102767407, "params": {"C": 95.24973025942654, "epsilon": 15.746560382216927, "gamma": 0.03393677013691223, "lamda": 0.0035915339602108705}, "datetime": {"datetime": "2021-10-06 13:49:34", "elapsed": 1413.955747, "delta": 3.191211}}
{"target": -10.206938665617471, "params": {"C": 18.248909043474463, "epsilon": 21.021687177359794, "gamma": 0.022054125700816905, "lamda": 0.018507701813811683}, "datetime": {"datetime": "2021-10-06 13:49:39", "elapsed": 1419.224314, "delta": 5.268567}}
{"target": -10.361335329498592, "params": {"C": 91.32789721552912, "epsilon": 29.514807072034795, "gamma": 0.02290181705827285, "lamda": 0.017600172959454596}, "datetime": {"datetime": "2021-10-06 13:49:43", "elapsed": 1423.305503, "delta": 4.081189}}
{"target": -10.240653466802884, "params": {"C": 44.8531958808487, "epsilon": 17.98923527190261, "gamma": 0.01475629802742939, "lamda": 0.007833314499015455}, "datetime": {"datetime": "2021-10-06 13:49:48", "elapsed": 1427.612726, "delta": 4.307223}}
{"target": -10.272529696280056, "params": {"C": 43.13270829931075, "epsilon": 20.918577679457876, "gamma": 0.029150123747377236, "lamda": 0.009958634774080334}, "datetime": {"datetime": "2021-10-06 13:49:51", "elapsed": 1431.291599, "delta": 3.678873}}
{"target": -10.243156759905645, "params": {"C": 79.24038813617896, "epsilon": 26.538827799950298, "gamma": 0.01871113926264125, "lamda": 0.007899391508505193}, "datetime": {"datetime": "2021-10-06 13:49:55", "elapsed": 1434.870547, "delta": 3.578948}}
{"target": -10.247941799032798, "params": {"C": 20.246665403962133, "epsilon": 25.44300496107735, "gamma": 0.02770554511847151, "lamda": 0.018509323697670034}, "datetime": {"datetime": "2021-10-06 13:49:59", "elapsed": 1439.431437, "delta": 4.56089}}
{"target": -10.357223735524759, "params": {"C": 92.53663221971681, "epsilon": 24.200945346635677, "gamma": 0.026619428979804356, "lamda": 0.01963174346752181}, "datetime": {"datetime": "2021-10-06 13:50:03", "elapsed": 1443.147475, "delta": 3.716038}}
{"target": -10.286646452538175, "params": {"C": 43.305290403646495, "epsilon": 30.054697023948513, "gamma": 0.02237836558761671, "lamda": 0.014348337207641216}, "datetime": {"datetime": "2021-10-06 13:50:06", "elapsed": 1446.388473, "delta": 3.240998}}
{"target": -10.315959691615504, "params": {"C": 35.70425786976788, "epsilon": 16.377130087997536, "gamma": 0.03306711926133674, "lamda": 0.011998089107885326}, "datetime": {"datetime": "2021-10-06 13:50:13", "elapsed": 1452.656934, "delta": 6.268461}}
{"target": -10.354712134405123, "params": {"C": 63.12656769171161, "epsilon": 28.80821155637345, "gamma": 0.03133044628184081, "lamda": 0.010843605847057278}, "datetime": {"datetime": "2021-10-06 13:50:16", "elapsed": 1456.192962, "delta": 3.536028}}
{"target": -10.416118770709753, "params": {"C": 71.65339023933234, "epsilon": 19.618482356977697, "gamma": 0.028675722623958837, "lamda": 0.01214571664808767}, "datetime": {"datetime": "2021-10-06 13:50:22", "elapsed": 1461.512646, "delta": 5.319684}}
{"target": -10.229702398253579, "params": {"C": 50.49315668943633, "epsilon": 25.52826398396852, "gamma": 0.02257835459215819, "lamda": 0.00997925050610606}, "datetime": {"datetime": "2021-10-06 13:50:25", "elapsed": 1465.277113, "delta": 3.764467}}
{"target": -10.324314234468357, "params": {"C": 81.925453157546, "epsilon": 18.754211743311483, "gamma": 0.02748584326247125, "lamda": 0.005955512355531811}, "datetime": {"datetime": "2021-10-06 13:50:29", "elapsed": 1468.887965, "delta": 3.610852}}
{"target": -10.221440947790448, "params": {"C": 12.432988736162033, "epsilon": 22.37909619347999, "gamma": 0.02258374728906605, "lamda": 0.007889162029982397}, "datetime": {"datetime": "2021-10-06 13:50:32", "elapsed": 1472.383148, "delta": 3.495183}}
{"target": -10.304088635860754, "params": {"C": 17.150575289789757, "epsilon": 13.796597833130736, "gamma": 0.014824192175954529, "lamda": 0.016021204452958106}, "datetime": {"datetime": "2021-10-06 13:50:38", "elapsed": 1477.649423, "delta": 5.266275}}
{"target": -10.194679168425628, "params": {"C": 19.6471445999778, "epsilon": 23.408045319424495, "gamma": 0.021650195005535548, "lamda": 0.01519626844391527}, "datetime": {"datetime": "2021-10-06 13:50:42", "elapsed": 1481.473871, "delta": 3.824448}}
{"target": -10.382077461551805, "params": {"C": 25.126712202091586, "epsilon": 28.53257456850636, "gamma": 0.01418577997831617, "lamda": 0.011594087948603851}, "datetime": {"datetime": "2021-10-06 13:50:45", "elapsed": 1485.078752, "delta": 3.604881}}
{"target": -10.254835409815598, "params": {"C": 28.420111348618583, "epsilon": 31.804670908289193, "gamma": 0.02620702345348668, "lamda": 0.004139751662030361}, "datetime": {"datetime": "2021-10-06 13:50:50", "elapsed": 1490.053214, "delta": 4.974462}}
{"target": -10.55787997846737, "params": {"C": 58.820516356688195, "epsilon": 11.272786403254555, "gamma": 0.027931510724064655, "lamda": 0.019595539972919452}, "datetime": {"datetime": "2021-10-06 13:50:54", "elapsed": 1493.702711, "delta": 3.649497}}
{"target": -10.355695071641595, "params": {"C": 15.904813071109967, "epsilon": 13.538501121927693, "gamma": 0.014740037131818437, "lamda": 0.010139495698062441}, "datetime": {"datetime": "2021-10-06 13:50:57", "elapsed": 1497.425169, "delta": 3.722458}}
{"target": -10.169733007984446, "params": {"C": 58.46966382982291, "epsilon": 13.917508778533982, "gamma": 0.022445188668663442, "lamda": 0.002907027377590497}, "datetime": {"datetime": "2021-10-06 13:51:05", "elapsed": 1504.802448, "delta": 7.377279}}
{"target": -10.409762359889752, "params": {"C": 41.13154648063665, "epsilon": 31.20645281759974, "gamma": 0.03214910767473387, "lamda": 0.018161529479355034}, "datetime": {"datetime": "2021-10-06 13:51:10", "elapsed": 1509.560618, "delta": 4.75817}}
{"target": -10.446880758075475, "params": {"C": 50.03368952847376, "epsilon": 31.371329306147935, "gamma": 0.010175744068732652, "lamda": 0.0018941493383372089}, "datetime": {"datetime": "2021-10-06 13:51:14", "elapsed": 1513.573544, "delta": 4.012926}}
{"target": -10.242570190901308, "params": {"C": 15.37358646013212, "epsilon": 21.213248659379012, "gamma": 0.025466932223239043, "lamda": 0.00256792089231558}, "datetime": {"datetime": "2021-10-06 13:51:17", "elapsed": 1517.403261, "delta": 3.829717}}
{"target": -10.348163028373474, "params": {"C": 82.66239203729813, "epsilon": 22.586059827346396, "gamma": 0.02469817654210181, "lamda": 0.01342915576435538}, "datetime": {"datetime": "2021-10-06 13:51:25", "elapsed": 1525.058154, "delta": 7.654893}}
{"target": -10.246706453844293, "params": {"C": 12.844534704500433, "epsilon": 31.254826450871732, "gamma": 0.028998240500906172, "lamda": 0.016335716463450806}, "datetime": {"datetime": "2021-10-06 13:51:29", "elapsed": 1528.605523, "delta": 3.547369}}
{"target": -10.215520545175584, "params": {"C": 31.49253584271886, "epsilon": 18.396411894612662, "gamma": 0.019401029849173794, "lamda": 0.012956853474089963}, "datetime": {"datetime": "2021-10-06 13:51:34", "elapsed": 1533.898875, "delta": 5.293352}}
{"target": -10.350215024172636, "params": {"C": 36.310465920607854, "epsilon": 12.509205043199117, "gamma": 0.02214788146027727, "lamda": 0.01748469481427646}, "datetime": {"datetime": "2021-10-06 13:51:38", "elapsed": 1537.642128, "delta": 3.743253}}
{"target": -10.249656404477864, "params": {"C": 21.686603318859497, "epsilon": 24.015906641856468, "gamma": 0.03241565179416468, "lamda": 0.0057357809075428414}, "datetime": {"datetime": "2021-10-06 13:51:42", "elapsed": 1542.233304, "delta": 4.591176}}
{"target": -10.17275664359767, "params": {"C": 67.21476140153268, "epsilon": 10.45092869422698, "gamma": 0.022301195570164238, "lamda": 0.004932129327211635}, "datetime": {"datetime": "2021-10-06 13:51:46", "elapsed": 1546.112087, "delta": 3.878783}}
{"target": -10.230474581727458, "params": {"C": 12.93802662149041, "epsilon": 29.976628846409067, "gamma": 0.031033753590554956, "lamda": 0.015006641207473243}, "datetime": {"datetime": "2021-10-06 13:51:52", "elapsed": 1551.686666, "delta": 5.574579}}
{"target": -10.403539118901824, "params": {"C": 46.39322272505691, "epsilon": 20.389320568562553, "gamma": 0.011763136216705045, "lamda": 0.00868391312945356}, "datetime": {"datetime": "2021-10-06 13:51:56", "elapsed": 1556.429735, "delta": 4.743069}}
{"target": -10.540034023556107, "params": {"C": 82.68678922294177, "epsilon": 22.557565463130715, "gamma": 0.015768531912510524, "lamda": 0.01739637153348074}, "datetime": {"datetime": "2021-10-06 13:52:03", "elapsed": 1562.658063, "delta": 6.228328}}
{"target": -10.31318273747964, "params": {"C": 68.73221584436877, "epsilon": 23.616764660892514, "gamma": 0.025923876338570982, "lamda": 0.010931870076970086}, "datetime": {"datetime": "2021-10-06 13:52:06", "elapsed": 1566.089957, "delta": 3.431894}}
{"target": -10.426693111804575, "params": {"C": 41.11661884518454, "epsilon": 31.215417835651653, "gamma": 0.03841205337087978, "lamda": 0.005352867956592508}, "datetime": {"datetime": "2021-10-06 13:52:11", "elapsed": 1570.715733, "delta": 4.625776}}
{"target": -10.38652683132016, "params": {"C": 81.45591068816175, "epsilon": 17.81526981461159, "gamma": 0.02986544182313721, "lamda": 0.007847970341970087}, "datetime": {"datetime": "2021-10-06 13:52:16", "elapsed": 1575.978883, "delta": 5.26315}}
{"target": -10.408028924147228, "params": {"C": 41.23756743259189, "epsilon": 14.945733448204809, "gamma": 0.010823601084166254, "lamda": 0.006286622524380649}, "datetime": {"datetime": "2021-10-06 13:52:21", "elapsed": 1580.896485, "delta": 4.917602}}
{"target": -10.336176442025097, "params": {"C": 32.307695539712824, "epsilon": 31.035234468725818, "gamma": 0.035365785379635625, "lamda": 0.008614359534458313}, "datetime": {"datetime": "2021-10-06 13:52:25", "elapsed": 1584.485283, "delta": 3.588798}}
{"target": -10.354993185559403, "params": {"C": 50.55229857931417, "epsilon": 34.57995513905412, "gamma": 0.01877379640114067, "lamda": 0.011806087566830565}, "datetime": {"datetime": "2021-10-06 13:52:29", "elapsed": 1588.59976, "delta": 4.114477}}
