{"target": -14.901531046987554, "params": {"C": 10.759523182908248, "epsilon": 14.304098937659479, "gamma": 0.030724701418638728, "lamda": 0.14899942892959417}, "datetime": {"datetime": "2021-10-05 11:53:36", "elapsed": 172.772743, "delta": 0.928484}}
{"target": -10.289536151674305, "params": {"C": 23.103067907496527, "epsilon": 16.841028506044303, "gamma": 0.04059724089005184, "lamda": 0.00020283194986730368}, "datetime": {"datetime": "2021-10-05 11:53:38", "elapsed": 174.623319, "delta": 1.850576}}
{"target": -13.755096238158954, "params": {"C": 1.8503328834013448, "epsilon": 13.74960640089084, "gamma": 0.03632053641769399, "lamda": 0.09996925410788082}, "datetime": {"datetime": "2021-10-05 11:53:39", "elapsed": 175.622899, "delta": 0.99958}}
{"target": -13.53192722101333, "params": {"C": 22.977761218783424, "epsilon": 16.64450550521549, "gamma": 0.07396005604277069, "lamda": 0.11749370178993392}, "datetime": {"datetime": "2021-10-05 11:53:41", "elapsed": 177.546965, "delta": 1.924066}}
{"target": -10.467866071315084, "params": {"C": 7.510915102241216, "epsilon": 11.576112717722644, "gamma": 0.039939238355684456, "lamda": 0.011465534447568104}, "datetime": {"datetime": "2021-10-05 11:53:43", "elapsed": 179.201828, "delta": 1.654863}}
{"target": -13.212345403392453, "params": {"C": 7.232377195359089, "epsilon": 11.762758365006238, "gamma": 0.08460524692776897, "lamda": 0.10142848501656017}, "datetime": {"datetime": "2021-10-05 11:53:45", "elapsed": 181.058092, "delta": 1.856264}}
{"target": -10.785472774297041, "params": {"C": 65.23438533506227, "epsilon": 18.40571990511075, "gamma": 0.07583957665152272, "lamda": 0.018275361112255344}, "datetime": {"datetime": "2021-10-05 11:53:46", "elapsed": 182.431525, "delta": 1.373433}}
{"target": -12.69788476256377, "params": {"C": 74.32997499400382, "epsilon": 28.954045271124155, "gamma": 0.08780195970587158, "lamda": 0.10686165711307562}, "datetime": {"datetime": "2021-10-05 11:53:47", "elapsed": 183.429308, "delta": 0.997783}}
{"target": -14.778502365888802, "params": {"C": 16.41808552992529, "epsilon": 22.82161014679028, "gamma": 0.09169145165982569, "lamda": 0.16853569603496346}, "datetime": {"datetime": "2021-10-05 11:53:48", "elapsed": 184.838426, "delta": 1.409118}}
{"target": -10.399659143538853, "params": {"C": 65.45161024949562, "epsilon": 18.23218863759842, "gamma": 0.04707406986005392, "lamda": 0.015717151686632562}, "datetime": {"datetime": "2021-10-05 11:53:50", "elapsed": 186.420035, "delta": 1.581609}}
{"target": -10.986789492938561, "params": {"C": 77.20648499868709, "epsilon": 24.37425474718106, "gamma": 0.07597124150137771, "lamda": 0.029466202129809615}, "datetime": {"datetime": "2021-10-05 11:53:51", "elapsed": 187.380567, "delta": 0.960532}}
{"target": -17.876440826744393, "params": {"C": 76.9185590936883, "epsilon": 24.45414345017045, "gamma": 0.023824981846279823, "lamda": 0.26228896289624604}, "datetime": {"datetime": "2021-10-05 11:53:53", "elapsed": 189.019729, "delta": 1.639162}}
{"target": -12.849834280191489, "params": {"C": 64.413605211962, "epsilon": 16.48259615571072, "gamma": 0.06431356450233527, "lamda": 0.09836891299256692}, "datetime": {"datetime": "2021-10-05 11:53:54", "elapsed": 190.034152, "delta": 1.014423}}
{"target": -10.496475200891537, "params": {"C": 22.59971179668164, "epsilon": 16.774604014988647, "gamma": 0.02, "lamda": 0.0001}, "datetime": {"datetime": "2021-10-05 11:53:56", "elapsed": 192.984467, "delta": 2.950315}}
{"target": -15.639800481058074, "params": {"C": 26.21687935308921, "epsilon": 21.98741752701772, "gamma": 0.07834792188533451, "lamda": 0.1941565432260722}, "datetime": {"datetime": "2021-10-05 11:53:58", "elapsed": 194.003996, "delta": 1.019529}}
{"target": -10.16626865478341, "params": {"C": 22.599725999119702, "epsilon": 16.43572267577666, "gamma": 0.03913332380471975, "lamda": 0.0019193209369382425}, "datetime": {"datetime": "2021-10-05 11:53:59", "elapsed": 195.899935, "delta": 1.895939}}
{"target": -11.286063857748108, "params": {"C": 77.48118560968801, "epsilon": 24.527587051548938, "gamma": 0.09548538943551053, "lamda": 0.03458368361767034}, "datetime": {"datetime": "2021-10-05 11:54:01", "elapsed": 197.504718, "delta": 1.604783}}
{"target": -21.128071329478317, "params": {"C": 25.53022087380533, "epsilon": 12.944969325684909, "gamma": 0.08066746164399251, "lamda": 0.2507491134950666}, "datetime": {"datetime": "2021-10-05 11:54:02", "elapsed": 198.529175, "delta": 1.024457}}
{"target": -12.935290995868943, "params": {"C": 22.311544544878817, "epsilon": 16.65973075633438, "gamma": 0.09595374075193405, "lamda": 0.09123560905372202}, "datetime": {"datetime": "2021-10-05 11:54:04", "elapsed": 200.161025, "delta": 1.63185}}
{"target": -13.053709875844252, "params": {"C": 24.10902843750947, "epsilon": 29.487963385081436, "gamma": 0.08865290499501353, "lamda": 0.12244154311927305}, "datetime": {"datetime": "2021-10-05 11:54:05", "elapsed": 201.199294, "delta": 1.038269}}
{"target": -11.083970024236404, "params": {"C": 23.336813303599488, "epsilon": 16.999366385183308, "gamma": 0.09014113648365743, "lamda": 0.03221322582862521}, "datetime": {"datetime": "2021-10-05 11:54:07", "elapsed": 203.425205, "delta": 2.225911}}
{"target": -16.065747961545483, "params": {"C": 22.47536284898545, "epsilon": 16.04051905530915, "gamma": 0.060902214086532847, "lamda": 0.18749890537462377}, "datetime": {"datetime": "2021-10-05 11:54:09", "elapsed": 205.195944, "delta": 1.770739}}
{"target": -13.429426157713067, "params": {"C": 83.55932450464474, "epsilon": 25.69206654247138, "gamma": 0.028965041007522487, "lamda": 0.12343791807985258}, "datetime": {"datetime": "2021-10-05 11:54:10", "elapsed": 206.269066, "delta": 1.073122}}
{"target": -12.856890171161082, "params": {"C": 77.72038942618516, "epsilon": 24.290925598405444, "gamma": 0.1, "lamda": 0.0001}, "datetime": {"datetime": "2021-10-05 11:54:12", "elapsed": 208.476007, "delta": 2.206941}}
{"target": -14.050128568583965, "params": {"C": 76.12841646824776, "epsilon": 27.717168708937916, "gamma": 0.08629268650244458, "lamda": 0.15339285049432144}, "datetime": {"datetime": "2021-10-05 11:54:13", "elapsed": 209.483625, "delta": 1.007618}}
{"target": -19.784092441723846, "params": {"C": 65.36266235189773, "epsilon": 18.512020385096086, "gamma": 0.07085474221220021, "lamda": 0.2631042748996799}, "datetime": {"datetime": "2021-10-05 11:54:14", "elapsed": 210.98067, "delta": 1.497045}}
{"target": -14.229137336979342, "params": {"C": 73.09784483599128, "epsilon": 12.495473285335805, "gamma": 0.07485281960900457, "lamda": 0.1327996378169769}, "datetime": {"datetime": "2021-10-05 11:54:16", "elapsed": 212.073863, "delta": 1.093193}}
{"target": -21.87380104754273, "params": {"C": 27.07898268734605, "epsilon": 17.71036647822399, "gamma": 0.04308662794523496, "lamda": 0.2931884297187947}, "datetime": {"datetime": "2021-10-05 11:54:17", "elapsed": 213.079438, "delta": 1.005575}}
{"target": -10.455884567120123, "params": {"C": 22.58396302311772, "epsilon": 16.817203170902864, "gamma": 0.04127652094380564, "lamda": 0.015419342186298696}, "datetime": {"datetime": "2021-10-05 11:54:18", "elapsed": 214.129109, "delta": 1.049671}}
{"target": -10.65258488211448, "params": {"C": 16.737861092721342, "epsilon": 21.600141425960835, "gamma": 0.02, "lamda": 0.0001}, "datetime": {"datetime": "2021-10-05 11:54:20", "elapsed": 216.55549, "delta": 2.426381}}
{"target": -12.992781222187254, "params": {"C": 7.608806545500863, "epsilon": 11.857773187235336, "gamma": 0.05891181673374882, "lamda": 0.10000656574721711}, "datetime": {"datetime": "2021-10-05 11:54:21", "elapsed": 217.902807, "delta": 1.347317}}
{"target": -12.765729976398765, "params": {"C": 74.66601169507152, "epsilon": 28.95991198618749, "gamma": 0.1, "lamda": 0.0001}, "datetime": {"datetime": "2021-10-05 11:54:23", "elapsed": 219.615853, "delta": 1.713046}}
{"target": -10.788487093875654, "params": {"C": 39.28450249446672, "epsilon": 14.605236947620357, "gamma": 0.053804005286078496, "lamda": 0.030684874291883286}, "datetime": {"datetime": "2021-10-05 11:54:24", "elapsed": 220.736707, "delta": 1.120854}}
{"target": -24.204990272957254, "params": {"C": 39.568579167082255, "epsilon": 14.737919597871086, "gamma": 0.0819510370984897, "lamda": 0.29579569197040684}, "datetime": {"datetime": "2021-10-05 11:54:26", "elapsed": 222.2938, "delta": 1.557093}}
{"target": -11.18424453776944, "params": {"C": 39.09972623876816, "epsilon": 14.389040494992598, "gamma": 0.07579750204210157, "lamda": 0.03802802342379684}, "datetime": {"datetime": "2021-10-05 11:54:28", "elapsed": 224.11733, "delta": 1.82353}}
{"target": -11.384217735191234, "params": {"C": 21.07720386296194, "epsilon": 20.814813788875455, "gamma": 0.02053675681815089, "lamda": 0.02456262014883282}, "datetime": {"datetime": "2021-10-05 11:54:30", "elapsed": 226.334829, "delta": 2.217499}}
{"target": -11.491066203414393, "params": {"C": 23.314945263151433, "epsilon": 16.990335853458625, "gamma": 0.08092133908882378, "lamda": 0.05220304638241563}, "datetime": {"datetime": "2021-10-05 11:54:31", "elapsed": 227.46576, "delta": 1.130931}}
{"target": -13.366345516975265, "params": {"C": 33.995184715033524, "epsilon": 26.701946320140728, "gamma": 0.03468351945696178, "lamda": 0.13055245417020395}, "datetime": {"datetime": "2021-10-05 11:54:32", "elapsed": 228.576857, "delta": 1.111097}}
{"target": -14.146460526865647, "params": {"C": 38.96408240913851, "epsilon": 14.586753340473834, "gamma": 0.07718514872938281, "lamda": 0.13179252886654744}, "datetime": {"datetime": "2021-10-05 11:54:34", "elapsed": 230.86259, "delta": 2.285733}}
{"target": -14.713803517485797, "params": {"C": 16.951379398765006, "epsilon": 21.67440111099333, "gamma": 0.027856049217753514, "lamda": 0.15181398288338824}, "datetime": {"datetime": "2021-10-05 11:54:37", "elapsed": 233.403602, "delta": 2.541012}}
{"target": -16.17346814296783, "params": {"C": 14.939316870273409, "epsilon": 15.687840897075628, "gamma": 0.0851162344717111, "lamda": 0.17959960959143767}, "datetime": {"datetime": "2021-10-05 11:54:38", "elapsed": 234.621271, "delta": 1.217669}}
{"target": -11.177582583501403, "params": {"C": 60.170310383116025, "epsilon": 21.48612810453558, "gamma": 0.048443825971658014, "lamda": 0.03872160389919379}, "datetime": {"datetime": "2021-10-05 11:54:39", "elapsed": 235.868285, "delta": 1.247014}}
{"target": -14.037045421787617, "params": {"C": 16.451684856015163, "epsilon": 21.50236956848665, "gamma": 0.09753276875514114, "lamda": 0.13345304333985772}, "datetime": {"datetime": "2021-10-05 11:54:41", "elapsed": 237.693106, "delta": 1.824821}}
{"target": -21.12308880252483, "params": {"C": 21.073324842906455, "epsilon": 20.880685752694745, "gamma": 0.09349767003118986, "lamda": 0.29924495132302203}, "datetime": {"datetime": "2021-10-05 11:54:44", "elapsed": 239.997935, "delta": 2.304829}}
{"target": -10.244828349795611, "params": {"C": 23.70981931735082, "epsilon": 17.165534526337147, "gamma": 0.04349064246713111, "lamda": 0.010270774476651463}, "datetime": {"datetime": "2021-10-05 11:54:46", "elapsed": 242.531281, "delta": 2.533346}}
{"target": -18.58987892156854, "params": {"C": 41.31822653770701, "epsilon": 13.93435754439233, "gamma": 0.03649878627866483, "lamda": 0.22542888880443065}, "datetime": {"datetime": "2021-10-05 11:54:47", "elapsed": 243.727468, "delta": 1.196187}}
{"target": -13.381559823603615, "params": {"C": 20.41097267394246, "epsilon": 21.01212552855569, "gamma": 0.07051848132862915, "lamda": 0.11908919194525641}, "datetime": {"datetime": "2021-10-05 11:54:49", "elapsed": 245.631217, "delta": 1.903749}}
{"target": -19.459138540264643, "params": {"C": 22.60899987819462, "epsilon": 16.69512499937238, "gamma": 0.0857675579609332, "lamda": 0.24540149903396088}, "datetime": {"datetime": "2021-10-05 11:54:51", "elapsed": 247.647873, "delta": 2.016656}}
{"target": -10.253444472631697, "params": {"C": 23.73925195398684, "epsilon": 16.94653163343132, "gamma": 0.06535979296665025, "lamda": 0.01283154107932994}, "datetime": {"datetime": "2021-10-05 11:54:53", "elapsed": 249.753819, "delta": 2.105946}}
{"target": -17.82088768396008, "params": {"C": 23.71917083127583, "epsilon": 16.775972589364628, "gamma": 0.08583687880331331, "lamda": 0.21803590049116128}, "datetime": {"datetime": "2021-10-05 11:54:55", "elapsed": 251.809653, "delta": 2.055834}}
{"target": -11.756356649168845, "params": {"C": 60.37590474772035, "epsilon": 21.788514826489386, "gamma": 0.07373271293557322, "lamda": 0.06671502424096219}, "datetime": {"datetime": "2021-10-05 11:54:57", "elapsed": 253.66619, "delta": 1.856537}}
{"target": -15.357836564646519, "params": {"C": 66.94943563881098, "epsilon": 29.23658426068253, "gamma": 0.08722529133714726, "lamda": 0.22214696845708362}, "datetime": {"datetime": "2021-10-05 11:54:58", "elapsed": 254.815246, "delta": 1.149056}}
{"target": -12.104768874637488, "params": {"C": 23.958154678532793, "epsilon": 17.093600108055988, "gamma": 0.1, "lamda": 0.0001}, "datetime": {"datetime": "2021-10-05 11:55:01", "elapsed": 257.251652, "delta": 2.436406}}
{"target": -20.383854058019047, "params": {"C": 60.09375716687381, "epsilon": 21.643118723213256, "gamma": 0.08616383961005836, "lamda": 0.29975983607465906}, "datetime": {"datetime": "2021-10-05 11:55:03", "elapsed": 259.080796, "delta": 1.829144}}
{"target": -10.336391269533483, "params": {"C": 50.28204444559198, "epsilon": 11.297360778569223, "gamma": 0.054992272494681804, "lamda": 0.017558269003701207}, "datetime": {"datetime": "2021-10-05 11:55:05", "elapsed": 261.060275, "delta": 1.979479}}
{"target": -11.346732898652013, "params": {"C": 60.72665249968417, "epsilon": 21.728322408403407, "gamma": 0.09990147178610262, "lamda": 0.038521318154050486}, "datetime": {"datetime": "2021-10-05 11:55:06", "elapsed": 262.823035, "delta": 1.76276}}
{"target": -12.27004129808988, "params": {"C": 23.393590031506516, "epsilon": 17.34659520991936, "gamma": 0.044052825127564046, "lamda": 0.08124945268922376}, "datetime": {"datetime": "2021-10-05 11:55:08", "elapsed": 264.555809, "delta": 1.732774}}
{"target": -10.419500129313903, "params": {"C": 57.530973787766285, "epsilon": 13.398396926680746, "gamma": 0.0313261022619069, "lamda": 0.00786905763628582}, "datetime": {"datetime": "2021-10-05 11:55:10", "elapsed": 266.305925, "delta": 1.750116}}
{"target": -11.101411650151105, "params": {"C": 7.775938400516648, "epsilon": 11.523968476321212, "gamma": 0.1, "lamda": 0.0001}, "datetime": {"datetime": "2021-10-05 11:55:12", "elapsed": 268.453202, "delta": 2.147277}}
{"target": -11.752743729204266, "params": {"C": 51.37336274694091, "epsilon": 11.035173898773586, "gamma": 0.09023983500207557, "lamda": 0.05716848744682327}, "datetime": {"datetime": "2021-10-05 11:55:13", "elapsed": 269.652968, "delta": 1.199766}}
{"target": -12.372048279212565, "params": {"C": 93.0237486425803, "epsilon": 21.05277992612396, "gamma": 0.062213804050478036, "lamda": 0.08443185456645906}, "datetime": {"datetime": "2021-10-05 11:55:14", "elapsed": 270.837215, "delta": 1.184247}}
{"target": -10.792344928232211, "params": {"C": 57.90479499989304, "epsilon": 13.502024553281693, "gamma": 0.08872964264452746, "lamda": 0.009098548027646931}, "datetime": {"datetime": "2021-10-05 11:55:16", "elapsed": 272.88505, "delta": 2.047835}}
{"target": -15.65773823191682, "params": {"C": 32.095316050417836, "epsilon": 29.667833576853788, "gamma": 0.021588021706471325, "lamda": 0.2153094401182654}, "datetime": {"datetime": "2021-10-05 11:55:18", "elapsed": 274.129375, "delta": 1.244325}}
{"target": -11.168361129419454, "params": {"C": 60.56446140633227, "epsilon": 21.480735870686054, "gamma": 0.07967759230876828, "lamda": 0.03692361088616423}, "datetime": {"datetime": "2021-10-05 11:55:20", "elapsed": 276.651754, "delta": 2.522379}}
{"target": -24.280240675253502, "params": {"C": 57.74839726224852, "epsilon": 13.601034636346531, "gamma": 0.0873688420120861, "lamda": 0.28362471588010235}, "datetime": {"datetime": "2021-10-05 11:55:23", "elapsed": 279.94508, "delta": 3.293326}}
{"target": -10.228716862676606, "params": {"C": 60.36748691207866, "epsilon": 21.250607182572196, "gamma": 0.07406787545775449, "lamda": 0.007944165775285691}, "datetime": {"datetime": "2021-10-05 11:55:26", "elapsed": 282.02107, "delta": 2.07599}}
{"target": -17.504307323061727, "params": {"C": 60.56254445188515, "epsilon": 20.985905071695917, "gamma": 0.0441484287545746, "lamda": 0.2456805889472529}, "datetime": {"datetime": "2021-10-05 11:55:28", "elapsed": 284.468874, "delta": 2.447804}}
{"target": -10.774185468132593, "params": {"C": 41.79975685648894, "epsilon": 14.819216178978547, "gamma": 0.0923150976897621, "lamda": 0.008714045216441113}, "datetime": {"datetime": "2021-10-05 11:55:29", "elapsed": 285.604234, "delta": 1.13536}}
{"target": -11.715781570019427, "params": {"C": 99.04751612800811, "epsilon": 28.145358450815692, "gamma": 0.05277045847107599, "lamda": 0.06931543426477092}, "datetime": {"datetime": "2021-10-05 11:55:30", "elapsed": 286.868017, "delta": 1.263783}}
{"target": -10.824282270531981, "params": {"C": 41.569098490876634, "epsilon": 14.902436475458021, "gamma": 0.083225734821443, "lamda": 0.021985249429597977}, "datetime": {"datetime": "2021-10-05 11:55:32", "elapsed": 288.909394, "delta": 2.041377}}
{"target": -11.577621023467573, "params": {"C": 58.2093673272848, "epsilon": 13.464310205294353, "gamma": 0.02968485441913469, "lamda": 0.05045299643147823}, "datetime": {"datetime": "2021-10-05 11:55:35", "elapsed": 291.17568, "delta": 2.266286}}
{"target": -13.630246729020485, "params": {"C": 64.82914024759594, "epsilon": 12.226738812510632, "gamma": 0.09256240430239344, "lamda": 0.11217272848772696}, "datetime": {"datetime": "2021-10-05 11:55:36", "elapsed": 292.408176, "delta": 1.232496}}
{"target": -13.112437315083584, "params": {"C": 41.88736133776524, "epsilon": 14.99452440803974, "gamma": 0.0751578977676072, "lamda": 0.10247940376520709}, "datetime": {"datetime": "2021-10-05 11:55:38", "elapsed": 294.665279, "delta": 2.257103}}
{"target": -11.244009599330244, "params": {"C": 60.60588523693596, "epsilon": 22.028872895282102, "gamma": 0.02, "lamda": 0.0001}, "datetime": {"datetime": "2021-10-05 11:55:41", "elapsed": 297.497903, "delta": 2.832624}}
{"target": -17.371239464078457, "params": {"C": 6.411002724942238, "epsilon": 25.07519855852912, "gamma": 0.07201884048483934, "lamda": 0.2666164215997784}, "datetime": {"datetime": "2021-10-05 11:55:42", "elapsed": 298.659331, "delta": 1.161428}}
{"target": -12.816328123181473, "params": {"C": 82.89949299860018, "epsilon": 25.296368758416886, "gamma": 0.1, "lamda": 0.0001}, "datetime": {"datetime": "2021-10-05 11:55:45", "elapsed": 301.284237, "delta": 2.624906}}
{"target": -16.49760664468125, "params": {"C": 4.513127218362786, "epsilon": 20.246184157078137, "gamma": 0.0952242515013586, "lamda": 0.2070307501168003}, "datetime": {"datetime": "2021-10-05 11:55:46", "elapsed": 302.586853, "delta": 1.302616}}
{"target": -16.181142184586772, "params": {"C": 41.8412792680417, "epsilon": 14.616050201623692, "gamma": 0.03164167005076198, "lamda": 0.1810411656248452}, "datetime": {"datetime": "2021-10-05 11:55:49", "elapsed": 305.047582, "delta": 2.460729}}
{"target": -11.418413919024296, "params": {"C": 91.57263322529647, "epsilon": 26.1039585669722, "gamma": 0.09183877124480853, "lamda": 0.0452084104944061}, "datetime": {"datetime": "2021-10-05 11:55:50", "elapsed": 306.251774, "delta": 1.204192}}
{"target": -17.152086639468088, "params": {"C": 77.53628978636743, "epsilon": 24.36621104624419, "gamma": 0.04468982318186901, "lamda": 0.25505453301199704}, "datetime": {"datetime": "2021-10-05 11:55:52", "elapsed": 308.439206, "delta": 2.187432}}
{"target": -11.506315225754319, "params": {"C": 60.03469778759554, "epsilon": 21.171272791586283, "gamma": 0.06886519537822232, "lamda": 0.05508664142366757}, "datetime": {"datetime": "2021-10-05 11:55:54", "elapsed": 310.733478, "delta": 2.294272}}
{"target": -10.690644102178283, "params": {"C": 64.25861951428936, "epsilon": 18.779913412581482, "gamma": 0.05177314881282977, "lamda": 0.023918234043695547}, "datetime": {"datetime": "2021-10-05 11:55:56", "elapsed": 312.430778, "delta": 1.6973}}
{"target": -10.498378710771277, "params": {"C": 22.321876858632187, "epsilon": 16.977590821775518, "gamma": 0.02, "lamda": 0.0001}, "datetime": {"datetime": "2021-10-05 11:55:58", "elapsed": 314.771502, "delta": 2.340724}}
{"target": -12.63990072964423, "params": {"C": 91.2120763054149, "epsilon": 25.968523098660903, "gamma": 0.09099515671449655, "lamda": 0.09831682442173276}, "datetime": {"datetime": "2021-10-05 11:56:01", "elapsed": 317.942592, "delta": 3.17109}}
{"target": -12.830305418670761, "params": {"C": 85.98894894206703, "epsilon": 29.456247777659794, "gamma": 0.04216623557677707, "lamda": 0.12076652855000809}, "datetime": {"datetime": "2021-10-05 11:56:03", "elapsed": 319.355183, "delta": 1.412591}}
{"target": -15.076907298594177, "params": {"C": 60.774774713692935, "epsilon": 22.04200331943191, "gamma": 0.0799049350106036, "lamda": 0.17530919149438787}, "datetime": {"datetime": "2021-10-05 11:56:06", "elapsed": 322.302177, "delta": 2.946994}}
{"target": -11.44009259636254, "params": {"C": 57.94273706721875, "epsilon": 13.22667681333736, "gamma": 0.08921135830175778, "lamda": 0.04471651715471218}, "datetime": {"datetime": "2021-10-05 11:56:08", "elapsed": 324.730174, "delta": 2.427997}}
{"target": -12.040621735736801, "params": {"C": 21.978695150013486, "epsilon": 17.15124202597191, "gamma": 0.04481256801179935, "lamda": 0.07520862703053519}, "datetime": {"datetime": "2021-10-05 11:56:11", "elapsed": 327.464429, "delta": 2.734255}}
{"target": -12.637587488784305, "params": {"C": 91.44817454152425, "epsilon": 26.404630481747567, "gamma": 0.03269596204958613, "lamda": 0.10212671621166174}, "datetime": {"datetime": "2021-10-05 11:56:13", "elapsed": 329.774505, "delta": 2.310076}}
