{"target": -10.438244666354674, "params": {"C": 44.510961280418734, "epsilon": 29.962053471130893, "gamma": 0.011218328118490994, "lamda": 0.006016331691779219}, "datetime": {"datetime": "2021-10-06 14:41:39", "elapsed": 429.764517, "delta": 1.854847}}
{"target": -10.299516827013429, "params": {"C": 57.43393677575783, "epsilon": 31.531380232267693, "gamma": 0.02848237569796576, "lamda": 0.009188263723659123}, "datetime": {"datetime": "2021-10-06 14:41:41", "elapsed": 431.477821, "delta": 1.713304}}
{"target": -10.592874450044807, "params": {"C": 47.94884839432654, "epsilon": 32.012167463312096, "gamma": 0.011800006109280755, "lamda": 0.009005072898660765}, "datetime": {"datetime": "2021-10-06 14:41:43", "elapsed": 434.026866, "delta": 2.549045}}
{"target": -10.118813355401448, "params": {"C": 44.01738574661754, "epsilon": 27.296601329148004, "gamma": 0.017700683829444792, "lamda": 0.006951902406822321}, "datetime": {"datetime": "2021-10-06 14:41:45", "elapsed": 435.700017, "delta": 1.673151}}
{"target": -10.097676349109863, "params": {"C": 52.0893508969086, "epsilon": 28.79041691148477, "gamma": 0.020150747979835917, "lamda": 0.0057069440212105}, "datetime": {"datetime": "2021-10-06 14:41:47", "elapsed": 437.553266, "delta": 1.853249}}
{"target": -10.184090947315765, "params": {"C": 51.80496276306452, "epsilon": 30.41706560645877, "gamma": 0.024656649092234993, "lamda": 0.0037336694084559455}, "datetime": {"datetime": "2021-10-06 14:41:49", "elapsed": 439.444163, "delta": 1.890897}}
{"target": -10.261380756814448, "params": {"C": 51.170918419645716, "epsilon": 28.406268319843832, "gamma": 0.02608320622608614, "lamda": 0.01073924792871101}, "datetime": {"datetime": "2021-10-06 14:41:50", "elapsed": 441.272935, "delta": 1.828772}}
{"target": -10.283718467676492, "params": {"C": 45.13795704315187, "epsilon": 27.652643873006404, "gamma": 0.011929468635219329, "lamda": 0.0010485715159460579}, "datetime": {"datetime": "2021-10-06 14:41:53", "elapsed": 443.839755, "delta": 2.56682}}
{"target": -10.299926358040924, "params": {"C": 51.84251219884424, "epsilon": 31.56219939646505, "gamma": 0.0291938710396875, "lamda": 0.009532247742264606}, "datetime": {"datetime": "2021-10-06 14:41:55", "elapsed": 445.48108, "delta": 1.641325}}
{"target": -10.199011666923456, "params": {"C": 60.346066760478855, "epsilon": 23.59762113334788, "gamma": 0.02044523171629792, "lamda": 0.000754709322248749}, "datetime": {"datetime": "2021-10-06 14:41:57", "elapsed": 447.387351, "delta": 1.906271}}
{"target": -10.631433386355253, "params": {"C": 53.257979033356925, "epsilon": 24.917473244897096, "gamma": 0.01070131796430946, "lamda": 0.010283324199816165}, "datetime": {"datetime": "2021-10-06 14:41:58", "elapsed": 449.168086, "delta": 1.780735}}
{"target": -10.247653346939025, "params": {"C": 57.6796843381908, "epsilon": 31.17886940178407, "gamma": 0.026504822325917554, "lamda": 0.005825418890202804}, "datetime": {"datetime": "2021-10-06 14:42:01", "elapsed": 451.669408, "delta": 2.501322}}
{"target": -10.267555050612284, "params": {"C": 62.22172595428759, "epsilon": 30.666957507869633, "gamma": 0.026813120647750238, "lamda": 0.006219324667288221}, "datetime": {"datetime": "2021-10-06 14:42:02", "elapsed": 453.348402, "delta": 1.678994}}
{"target": -10.336012538976224, "params": {"C": 59.706973346748995, "epsilon": 33.2973273202687, "gamma": 0.012361359482216897, "lamda": 0.001982432200574741}, "datetime": {"datetime": "2021-10-06 14:42:04", "elapsed": 455.221422, "delta": 1.87302}}
{"target": -10.208732411469926, "params": {"C": 64.80318978819477, "epsilon": 29.267416162785327, "gamma": 0.020594494855278443, "lamda": 0.008390469499121093}, "datetime": {"datetime": "2021-10-06 14:42:06", "elapsed": 456.9895, "delta": 1.768078}}
{"target": -10.75171130947542, "params": {"C": 58.62063959642089, "epsilon": 32.27268873096652, "gamma": 0.011431553914166498, "lamda": 0.01035018164693813}, "datetime": {"datetime": "2021-10-06 14:42:08", "elapsed": 458.660822, "delta": 1.671322}}
{"target": -10.389070330680724, "params": {"C": 38.180868797146104, "epsilon": 26.500240255239074, "gamma": 0.024519766976286023, "lamda": 0.0007124546540005899}, "datetime": {"datetime": "2021-10-06 14:42:10", "elapsed": 460.660377, "delta": 1.999555}}
{"target": -10.373237138010767, "params": {"C": 41.19909137658014, "epsilon": 29.787778269381274, "gamma": 0.02920750962387375, "lamda": 0.0016657347933060455}, "datetime": {"datetime": "2021-10-06 14:42:12", "elapsed": 462.410566, "delta": 1.750189}}
{"target": -10.298681194705173, "params": {"C": 60.10153079393131, "epsilon": 29.02415018598361, "gamma": 0.02832122083470192, "lamda": 0.010171231780128178}, "datetime": {"datetime": "2021-10-06 14:42:13", "elapsed": 464.205028, "delta": 1.794462}}
{"target": -10.230125493017411, "params": {"C": 42.50366563927815, "epsilon": 23.181147592146225, "gamma": 0.023192960623960417, "lamda": 0.0020275467062704717}, "datetime": {"datetime": "2021-10-06 14:42:16", "elapsed": 466.717021, "delta": 2.511993}}
{"target": -10.403568728435236, "params": {"C": 66.24563354457406, "epsilon": 32.39361846749949, "gamma": 0.029184548442783592, "lamda": 0.0013758955017849344}, "datetime": {"datetime": "2021-10-06 14:42:18", "elapsed": 468.616418, "delta": 1.899397}}
{"target": -10.244772214016486, "params": {"C": 65.81044841614948, "epsilon": 27.736188162605906, "gamma": 0.024843995836658195, "lamda": 0.0014208790103154506}, "datetime": {"datetime": "2021-10-06 14:42:20", "elapsed": 470.434861, "delta": 1.818443}}
{"target": -10.26182280074422, "params": {"C": 45.584894689994506, "epsilon": 28.599995558268304, "gamma": 0.017213335971938398, "lamda": 0.009962351397551628}, "datetime": {"datetime": "2021-10-06 14:42:22", "elapsed": 472.864595, "delta": 2.429734}}
{"target": -10.438236528365758, "params": {"C": 46.34797654110332, "epsilon": 23.944999808743177, "gamma": 0.0109068623476141, "lamda": 0.007592222096744793}, "datetime": {"datetime": "2021-10-06 14:42:24", "elapsed": 474.692762, "delta": 1.828167}}
{"target": -10.20584569199653, "params": {"C": 56.61179603643381, "epsilon": 30.481788055366767, "gamma": 0.02251586013310805, "lamda": 0.0029245305272824966}, "datetime": {"datetime": "2021-10-06 14:42:26", "elapsed": 476.477662, "delta": 1.7849}}
{"target": -10.200426564299235, "params": {"C": 52.22185523773646, "epsilon": 31.37459502537293, "gamma": 0.020547664881742783, "lamda": 0.009818153125035815}, "datetime": {"datetime": "2021-10-06 14:42:28", "elapsed": 478.506204, "delta": 2.028542}}
{"target": -10.252914626856775, "params": {"C": 42.040053320622576, "epsilon": 23.89509484809454, "gamma": 0.027435528610770442, "lamda": 0.0028419413174802038}, "datetime": {"datetime": "2021-10-06 14:42:30", "elapsed": 480.504097, "delta": 1.997893}}
{"target": -10.411208214328445, "params": {"C": 60.176942769453944, "epsilon": 32.30304435945449, "gamma": 0.01479162019086816, "lamda": 0.008077743306988202}, "datetime": {"datetime": "2021-10-06 14:42:32", "elapsed": 482.412012, "delta": 1.907915}}
{"target": -10.156617732984753, "params": {"C": 63.850950463716146, "epsilon": 24.923005573744817, "gamma": 0.02135963460625527, "lamda": 0.006873801496600766}, "datetime": {"datetime": "2021-10-06 14:42:33", "elapsed": 484.329493, "delta": 1.917481}}
{"target": -10.19236750013487, "params": {"C": 55.49704666588384, "epsilon": 28.04521870077905, "gamma": 0.020829551112876106, "lamda": 0.010037435489336284}, "datetime": {"datetime": "2021-10-06 14:42:35", "elapsed": 486.092774, "delta": 1.763281}}
{"target": -10.123931825066473, "params": {"C": 38.34967340543489, "epsilon": 25.149220437882214, "gamma": 0.018873929854838073, "lamda": 0.007114890122452901}, "datetime": {"datetime": "2021-10-06 14:42:38", "elapsed": 488.700898, "delta": 2.608124}}
{"target": -10.204853901648345, "params": {"C": 38.758797686840275, "epsilon": 27.17226891170286, "gamma": 0.022277754083049113, "lamda": 0.002162469743777742}, "datetime": {"datetime": "2021-10-06 14:42:40", "elapsed": 490.671014, "delta": 1.970116}}
{"target": -10.119009320485617, "params": {"C": 39.54218917195047, "epsilon": 22.811942169611022, "gamma": 0.017938109571127726, "lamda": 0.004324937982044523}, "datetime": {"datetime": "2021-10-06 14:42:42", "elapsed": 492.54759, "delta": 1.876576}}
{"target": -10.237886240053435, "params": {"C": 56.9092707683355, "epsilon": 25.574442826439416, "gamma": 0.014450748738975054, "lamda": 0.0060979276990800226}, "datetime": {"datetime": "2021-10-06 14:42:44", "elapsed": 494.475792, "delta": 1.928202}}
{"target": -10.261327374244347, "params": {"C": 38.562075693673975, "epsilon": 31.86248172949605, "gamma": 0.0228288500777011, "lamda": 0.0031202714381993006}, "datetime": {"datetime": "2021-10-06 14:42:46", "elapsed": 496.436887, "delta": 1.961095}}
{"target": -10.217926631008059, "params": {"C": 51.06182211051285, "epsilon": 30.4264947685867, "gamma": 0.02535268484527764, "lamda": 0.00734344443198713}, "datetime": {"datetime": "2021-10-06 14:42:47", "elapsed": 498.342043, "delta": 1.905156}}
{"target": -10.232174721065482, "params": {"C": 42.48029387239685, "epsilon": 29.433956508861385, "gamma": 0.02520972634780226, "lamda": 0.01053961389111356}, "datetime": {"datetime": "2021-10-06 14:42:50", "elapsed": 501.086825, "delta": 2.744782}}
{"target": -10.343829148469608, "params": {"C": 66.10782054000506, "epsilon": 31.767140816127636, "gamma": 0.02970282548820955, "lamda": 0.008653437844795511}, "datetime": {"datetime": "2021-10-06 14:42:53", "elapsed": 504.192943, "delta": 3.106118}}
{"target": -10.357809615485927, "params": {"C": 66.75614185556944, "epsilon": 31.141487266668246, "gamma": 0.02787527402085186, "lamda": 0.0016591683218048923}, "datetime": {"datetime": "2021-10-06 14:42:55", "elapsed": 506.194824, "delta": 2.001881}}
{"target": -10.292314088831523, "params": {"C": 59.653963010173406, "epsilon": 29.457349221417346, "gamma": 0.028026621162937415, "lamda": 0.009406314705082056}, "datetime": {"datetime": "2021-10-06 14:42:57", "elapsed": 508.185845, "delta": 1.991021}}
{"target": -10.30640183406921, "params": {"C": 39.61325706212496, "epsilon": 28.99286290765169, "gamma": 0.029575687911767984, "lamda": 0.0031126081139395863}, "datetime": {"datetime": "2021-10-06 14:43:00", "elapsed": 510.398022, "delta": 2.212177}}
{"target": -10.35434902982936, "params": {"C": 49.49051871954561, "epsilon": 33.50807341250352, "gamma": 0.013693025901699057, "lamda": 0.006570057827135608}, "datetime": {"datetime": "2021-10-06 14:43:02", "elapsed": 513.076959, "delta": 2.678937}}
{"target": -10.291010296658678, "params": {"C": 51.5887242595785, "epsilon": 27.325348193125464, "gamma": 0.02507364291844693, "lamda": 0.0019064832483236746}, "datetime": {"datetime": "2021-10-06 14:43:04", "elapsed": 515.160027, "delta": 2.083068}}
{"target": -10.110452889628666, "params": {"C": 48.60205401872307, "epsilon": 32.24709952318904, "gamma": 0.01747636745205777, "lamda": 0.004145544015412188}, "datetime": {"datetime": "2021-10-06 14:43:06", "elapsed": 517.339151, "delta": 2.179124}}
{"target": -10.260100526114076, "params": {"C": 46.10100169924017, "epsilon": 25.261487284801994, "gamma": 0.0269920384544389, "lamda": 0.010837856322586392}, "datetime": {"datetime": "2021-10-06 14:43:09", "elapsed": 519.718267, "delta": 2.379116}}
{"target": -10.17742965166569, "params": {"C": 46.75196719772837, "epsilon": 29.26039490155248, "gamma": 0.014542495860588454, "lamda": 0.003923213282849852}, "datetime": {"datetime": "2021-10-06 14:43:12", "elapsed": 522.752181, "delta": 3.033914}}
{"target": -10.258290931831652, "params": {"C": 52.39089999160164, "epsilon": 23.844959993151395, "gamma": 0.02736427528854149, "lamda": 0.008006509107704726}, "datetime": {"datetime": "2021-10-06 14:43:15", "elapsed": 525.375501, "delta": 2.62332}}
{"target": -10.278731834604852, "params": {"C": 48.77347328588295, "epsilon": 22.404832525046146, "gamma": 0.029586608208383186, "lamda": 0.007236173586320686}, "datetime": {"datetime": "2021-10-06 14:43:17", "elapsed": 528.012944, "delta": 2.637443}}
{"target": -10.224585577540935, "params": {"C": 38.186529191231244, "epsilon": 29.938648608597767, "gamma": 0.014531190656932907, "lamda": 0.00305569509470629}, "datetime": {"datetime": "2021-10-06 14:43:19", "elapsed": 530.203715, "delta": 2.190771}}
{"target": -10.21477466631492, "params": {"C": 58.45422960840657, "epsilon": 27.675062496675025, "gamma": 0.020152984372905407, "lamda": 0.0013779195913685757}, "datetime": {"datetime": "2021-10-06 14:43:22", "elapsed": 532.511059, "delta": 2.307344}}
{"target": -10.357691511152078, "params": {"C": 39.42605704583526, "epsilon": 29.778429574830845, "gamma": 0.01535718839712667, "lamda": 0.010579097204313}, "datetime": {"datetime": "2021-10-06 14:43:24", "elapsed": 534.739913, "delta": 2.228854}}
{"target": -10.327107579198609, "params": {"C": 65.60636356532488, "epsilon": 30.4642163055357, "gamma": 0.029309633353281753, "lamda": 0.009577366200681456}, "datetime": {"datetime": "2021-10-06 14:43:26", "elapsed": 537.340458, "delta": 2.600545}}
{"target": -10.096210646299511, "params": {"C": 63.49457133260954, "epsilon": 30.69844879549249, "gamma": 0.020044063431521666, "lamda": 0.0040071348741480654}, "datetime": {"datetime": "2021-10-06 14:43:28", "elapsed": 539.265552, "delta": 1.925094}}
{"target": -10.136547285279333, "params": {"C": 61.40450431880623, "epsilon": 29.766347046705704, "gamma": 0.018522199846647224, "lamda": 0.0061282522060542004}, "datetime": {"datetime": "2021-10-06 14:43:30", "elapsed": 541.217929, "delta": 1.952377}}
{"target": -10.138464581958418, "params": {"C": 43.59229997878886, "epsilon": 31.65819698804973, "gamma": 0.020748807320726828, "lamda": 0.007628886827265536}, "datetime": {"datetime": "2021-10-06 14:43:33", "elapsed": 543.995072, "delta": 2.777143}}
{"target": -10.091727097431255, "params": {"C": 60.13263792847145, "epsilon": 22.68358171970023, "gamma": 0.01773822552699214, "lamda": 0.004675569630906188}, "datetime": {"datetime": "2021-10-06 14:43:36", "elapsed": 546.726583, "delta": 2.731511}}
{"target": -10.29145874964224, "params": {"C": 60.10964165869387, "epsilon": 29.7269686142412, "gamma": 0.01616156737540361, "lamda": 0.008302584526458589}, "datetime": {"datetime": "2021-10-06 14:43:38", "elapsed": 548.846134, "delta": 2.119551}}
{"target": -10.192350306932486, "params": {"C": 40.327564051604675, "epsilon": 30.732174316249505, "gamma": 0.02723006607137264, "lamda": 0.00669557042921915}, "datetime": {"datetime": "2021-10-06 14:43:41", "elapsed": 551.472431, "delta": 2.626297}}
{"target": -10.42645593358503, "params": {"C": 66.5392932718651, "epsilon": 24.108826752655904, "gamma": 0.014685122752885842, "lamda": 0.010828961489658291}, "datetime": {"datetime": "2021-10-06 14:43:43", "elapsed": 554.314775, "delta": 2.842344}}
{"target": -10.169927105039896, "params": {"C": 65.07036647189193, "epsilon": 22.95796093318081, "gamma": 0.022403607170117204, "lamda": 0.005994723283667075}, "datetime": {"datetime": "2021-10-06 14:43:46", "elapsed": 557.072506, "delta": 2.757731}}
{"target": -10.257787140399554, "params": {"C": 49.04396308534664, "epsilon": 28.583854970075542, "gamma": 0.027306654661901623, "lamda": 0.008696949122470425}, "datetime": {"datetime": "2021-10-06 14:43:48", "elapsed": 559.265122, "delta": 2.192616}}
{"target": -10.148334641349315, "params": {"C": 55.79914679667213, "epsilon": 28.44249950540351, "gamma": 0.017707293980651982, "lamda": 0.0025120013783619345}, "datetime": {"datetime": "2021-10-06 14:43:50", "elapsed": 561.243397, "delta": 1.978275}}
{"target": -10.30691058525145, "params": {"C": 65.43507496465077, "epsilon": 23.192200477699494, "gamma": 0.027301583000809503, "lamda": 0.007241722461065744}, "datetime": {"datetime": "2021-10-06 14:43:52", "elapsed": 563.129504, "delta": 1.886107}}
{"target": -10.178090409208721, "params": {"C": 50.24981341758945, "epsilon": 23.562807479178495, "gamma": 0.024349743705715875, "lamda": 0.006031220009202392}, "datetime": {"datetime": "2021-10-06 14:43:54", "elapsed": 565.229677, "delta": 2.100173}}
{"target": -10.186228090864748, "params": {"C": 54.86501183887053, "epsilon": 25.93675012982153, "gamma": 0.023800174273929955, "lamda": 0.007113006210205926}, "datetime": {"datetime": "2021-10-06 14:43:57", "elapsed": 567.364832, "delta": 2.135155}}
{"target": -10.440823037629759, "params": {"C": 44.74831804667181, "epsilon": 33.01940954717322, "gamma": 0.028859077628352638, "lamda": 0.0010750791265729913}, "datetime": {"datetime": "2021-10-06 14:43:59", "elapsed": 569.564737, "delta": 2.199905}}
{"target": -10.152738242816481, "params": {"C": 53.76278258066006, "epsilon": 23.670690234115362, "gamma": 0.017012180913040083, "lamda": 0.0020301562180854577}, "datetime": {"datetime": "2021-10-06 14:44:01", "elapsed": 572.211025, "delta": 2.646288}}
{"target": -10.290424530259438, "params": {"C": 51.97060876267064, "epsilon": 24.703873249166712, "gamma": 0.02995167332535017, "lamda": 0.00609765229537249}, "datetime": {"datetime": "2021-10-06 14:44:03", "elapsed": 574.326421, "delta": 2.115396}}
{"target": -10.196016699275246, "params": {"C": 56.65500479501036, "epsilon": 25.587269687285236, "gamma": 0.020097261621795787, "lamda": 0.009484526364259227}, "datetime": {"datetime": "2021-10-06 14:44:06", "elapsed": 577.079871, "delta": 2.75345}}
{"target": -10.180618962738162, "params": {"C": 40.58134764665145, "epsilon": 23.27769487114995, "gamma": 0.019976022686569138, "lamda": 0.010521414913934152}, "datetime": {"datetime": "2021-10-06 14:44:08", "elapsed": 579.109613, "delta": 2.029742}}
{"target": -10.63303962532196, "params": {"C": 42.482816365166144, "epsilon": 26.708980730380624, "gamma": 0.010197904085728486, "lamda": 0.00953784758097822}, "datetime": {"datetime": "2021-10-06 14:44:12", "elapsed": 582.452186, "delta": 3.342573}}
{"target": -10.13832375811915, "params": {"C": 44.05006161634515, "epsilon": 26.912728375118206, "gamma": 0.019707600679301024, "lamda": 0.008002742179280015}, "datetime": {"datetime": "2021-10-06 14:44:14", "elapsed": 584.493012, "delta": 2.040826}}
{"target": -10.24510465043621, "params": {"C": 41.96603837481894, "epsilon": 27.60040439394707, "gamma": 0.029138404569958663, "lamda": 0.0055986804795945975}, "datetime": {"datetime": "2021-10-06 14:44:17", "elapsed": 587.405293, "delta": 2.912281}}
{"target": -10.233967842633666, "params": {"C": 54.32207239650042, "epsilon": 23.873222051503852, "gamma": 0.012514381638601569, "lamda": 0.0034440554567167258}, "datetime": {"datetime": "2021-10-06 14:44:19", "elapsed": 589.529878, "delta": 2.124585}}
{"target": -10.304701545831664, "params": {"C": 47.86031688485671, "epsilon": 26.13899581885034, "gamma": 0.02943329538209083, "lamda": 0.00256214863923719}, "datetime": {"datetime": "2021-10-06 14:44:22", "elapsed": 592.726884, "delta": 3.197006}}
{"target": -10.096639288786786, "params": {"C": 47.959220038585784, "epsilon": 28.188015942732335, "gamma": 0.01708266312677829, "lamda": 0.004793554835890266}, "datetime": {"datetime": "2021-10-06 14:44:25", "elapsed": 595.85914, "delta": 3.132256}}
{"target": -10.194700929441126, "params": {"C": 55.89737331604018, "epsilon": 33.60133736569179, "gamma": 0.022577047192455645, "lamda": 0.007541805957797416}, "datetime": {"datetime": "2021-10-06 14:44:28", "elapsed": 599.124352, "delta": 3.265212}}
{"target": -10.572838490312252, "params": {"C": 57.47114207853029, "epsilon": 24.08846127687544, "gamma": 0.011452829073508839, "lamda": 0.0101679740272039}, "datetime": {"datetime": "2021-10-06 14:44:31", "elapsed": 601.391859, "delta": 2.267507}}
{"target": -10.118055813291804, "params": {"C": 65.2767493286251, "epsilon": 27.255388793254035, "gamma": 0.019162326403520797, "lamda": 0.005546101903445839}, "datetime": {"datetime": "2021-10-06 14:44:33", "elapsed": 603.419838, "delta": 2.027979}}
{"target": -10.10545596781434, "params": {"C": 54.15876662043916, "epsilon": 30.49059635681167, "gamma": 0.02065971183137935, "lamda": 0.0046225212613282655}, "datetime": {"datetime": "2021-10-06 14:44:35", "elapsed": 605.456791, "delta": 2.036953}}
{"target": -10.169811885018616, "params": {"C": 55.714022057623126, "epsilon": 24.996729845195645, "gamma": 0.018497527484401734, "lamda": 0.00859001310269208}, "datetime": {"datetime": "2021-10-06 14:44:37", "elapsed": 607.627783, "delta": 2.170992}}
{"target": -10.167157210427293, "params": {"C": 56.64555258492985, "epsilon": 22.38746686941583, "gamma": 0.02009035143003203, "lamda": 0.0018885265138075427}, "datetime": {"datetime": "2021-10-06 14:44:39", "elapsed": 609.715559, "delta": 2.087776}}
{"target": -10.367842554320529, "params": {"C": 38.87621310944871, "epsilon": 30.467192407706516, "gamma": 0.0257208287382824, "lamda": 0.0009986164034437575}, "datetime": {"datetime": "2021-10-06 14:44:42", "elapsed": 612.783744, "delta": 3.068185}}
{"target": -10.19820387417609, "params": {"C": 38.273557938100595, "epsilon": 24.043532854743436, "gamma": 0.025689034894361903, "lamda": 0.008923468898538267}, "datetime": {"datetime": "2021-10-06 14:44:44", "elapsed": 614.845765, "delta": 2.062021}}
{"target": -10.207733591466193, "params": {"C": 61.46512040670524, "epsilon": 28.267832625604427, "gamma": 0.016246611002823614, "lamda": 0.006491639648338576}, "datetime": {"datetime": "2021-10-06 14:44:46", "elapsed": 616.834477, "delta": 1.988712}}
{"target": -10.2253109704327, "params": {"C": 64.50928888380298, "epsilon": 30.61858792403412, "gamma": 0.023376977073620103, "lamda": 0.007923584303456835}, "datetime": {"datetime": "2021-10-06 14:44:48", "elapsed": 618.987346, "delta": 2.152869}}
{"target": -10.162748538733627, "params": {"C": 64.16836645926827, "epsilon": 28.723814327875786, "gamma": 0.02254083077873737, "lamda": 0.003259792349746286}, "datetime": {"datetime": "2021-10-06 14:44:50", "elapsed": 621.176272, "delta": 2.188926}}
