{"target": -48.617549287093055, "params": {"C": 46.4561560856664, "epsilon": 14.8588647379852, "gamma": 0.09336299761699492, "lamda": 0.5089430756554936}, "datetime": {"datetime": "2021-10-05 09:58:40", "elapsed": 309.610297, "delta": 1.2399}}
{"target": -13.22971372210181, "params": {"C": 15.217244532310263, "epsilon": 6.2021148293945645, "gamma": 0.2, "lamda": 0.0005}, "datetime": {"datetime": "2021-10-05 09:58:42", "elapsed": 311.558327, "delta": 1.94803}}
{"target": -20.802948061348044, "params": {"C": 28.807194995187018, "epsilon": 12.271723942858285, "gamma": 0.17461162895242385, "lamda": 0.22215169375982813}, "datetime": {"datetime": "2021-10-05 09:58:43", "elapsed": 312.802753, "delta": 1.244426}}
{"target": -11.551961377710809, "params": {"C": 14.136187775053306, "epsilon": 6.640610306073671, "gamma": 0.10873258212560856, "lamda": 0.04400672661779386}, "datetime": {"datetime": "2021-10-05 09:58:45", "elapsed": 314.770617, "delta": 1.967864}}
{"target": -70.85444881364374, "params": {"C": 14.294768105275859, "epsilon": 5.757531667344942, "gamma": 0.16695555171102341, "lamda": 0.6273377894933827}, "datetime": {"datetime": "2021-10-05 09:58:47", "elapsed": 316.901363, "delta": 2.130746}}
{"target": -15.185076368761813, "params": {"C": 58.22661835523893, "epsilon": 6.599565331490229, "gamma": 0.004779445015610959, "lamda": 0.08064108067039526}, "datetime": {"datetime": "2021-10-05 09:58:49", "elapsed": 318.25156, "delta": 1.350197}}
{"target": -11.585724910239058, "params": {"C": 39.048689547070175, "epsilon": 9.574017992329123, "gamma": 0.052252103462573585, "lamda": 0.06020478221239363}, "datetime": {"datetime": "2021-10-05 09:58:51", "elapsed": 320.558346, "delta": 2.306786}}
{"target": -11.284796169930708, "params": {"C": 39.03091639976328, "epsilon": 9.563762617974954, "gamma": 0.025429855123504774, "lamda": 0.03782793775685517}, "datetime": {"datetime": "2021-10-05 09:58:52", "elapsed": 321.91023, "delta": 1.351884}}
{"target": -15.499105960357648, "params": {"C": 38.56954269090189, "epsilon": 10.162261628220618, "gamma": 0.07153646249962041, "lamda": 0.15648947108910521}, "datetime": {"datetime": "2021-10-05 09:58:55", "elapsed": 324.69139, "delta": 2.78116}}
{"target": -21.53054808871972, "params": {"C": 38.38812974445331, "epsilon": 9.380509720477365, "gamma": 0.18316574786687898, "lamda": 0.2234842784286462}, "datetime": {"datetime": "2021-10-05 09:58:57", "elapsed": 326.939996, "delta": 2.248606}}
{"target": -37.6008705203587, "params": {"C": 39.51140079187674, "epsilon": 10.317037497435608, "gamma": 0.16365253338200025, "lamda": 0.38506052087863374}, "datetime": {"datetime": "2021-10-05 09:59:00", "elapsed": 329.453841, "delta": 2.513845}}
{"target": -17.359556988671606, "params": {"C": 16.229310628483443, "epsilon": 6.032377392912026, "gamma": 0.09885451051861871, "lamda": 0.18346024138993294}, "datetime": {"datetime": "2021-10-05 09:59:02", "elapsed": 331.763746, "delta": 2.309905}}
{"target": -13.860343462763906, "params": {"C": 39.59893474352725, "epsilon": 8.954689528669642, "gamma": 0.04823919013870814, "lamda": 0.12673457678135272}, "datetime": {"datetime": "2021-10-05 09:59:04", "elapsed": 333.892493, "delta": 2.128747}}
{"target": -13.933262232901278, "params": {"C": 91.6492693824403, "epsilon": 25.122072787838583, "gamma": 0.2, "lamda": 0.0005}, "datetime": {"datetime": "2021-10-05 09:59:07", "elapsed": 336.273965, "delta": 2.381472}}
{"target": -11.780001389307312, "params": {"C": 92.31406536089804, "epsilon": 24.839756086537882, "gamma": 0.05827211425727643, "lamda": 0.07403835902408004}, "datetime": {"datetime": "2021-10-05 09:59:09", "elapsed": 338.742332, "delta": 2.468367}}
{"target": -11.936705308703672, "params": {"C": 92.35675179842636, "epsilon": 25.961671278978258, "gamma": 0.15389129143720448, "lamda": 0.032264082287467515}, "datetime": {"datetime": "2021-10-05 09:59:11", "elapsed": 340.845037, "delta": 2.102705}}
{"target": -13.915099993724885, "params": {"C": 92.98369942449199, "epsilon": 25.474404112020512, "gamma": 0.018710196484080798, "lamda": 0.11493923730903534}, "datetime": {"datetime": "2021-10-05 09:59:13", "elapsed": 342.898931, "delta": 2.053894}}
{"target": -33.55953088816045, "params": {"C": 91.93368915474592, "epsilon": 25.978342618091904, "gamma": 0.012669995114662217, "lamda": 0.5414326600626677}, "datetime": {"datetime": "2021-10-05 09:59:15", "elapsed": 344.614718, "delta": 1.715787}}
{"target": -33.011788319772485, "params": {"C": 93.04920682490038, "epsilon": 24.855507389603243, "gamma": 0.12136857041902602, "lamda": 0.546314850072757}, "datetime": {"datetime": "2021-10-05 09:59:17", "elapsed": 346.839459, "delta": 2.224741}}
{"target": -10.294711048858867, "params": {"C": 93.37318727579076, "epsilon": 26.15310046468429, "gamma": 0.04016860993442752, "lamda": 0.004007391804674963}, "datetime": {"datetime": "2021-10-05 09:59:19", "elapsed": 348.563644, "delta": 1.724185}}
{"target": -12.509114941345139, "params": {"C": 92.95203162203683, "epsilon": 26.8136088628784, "gamma": 0.01569985612577045, "lamda": 0.05391216375191974}, "datetime": {"datetime": "2021-10-05 09:59:21", "elapsed": 350.594888, "delta": 2.031244}}
{"target": -36.683735118833496, "params": {"C": 93.52799656594794, "epsilon": 26.441160209639044, "gamma": 0.047224379649261364, "lamda": 0.6192093811807277}, "datetime": {"datetime": "2021-10-05 09:59:23", "elapsed": 352.415397, "delta": 1.820509}}
{"target": -12.002675354655263, "params": {"C": 98.49211056642547, "epsilon": 27.938172381307055, "gamma": 0.1662065667074664, "lamda": 0.03151282637281721}, "datetime": {"datetime": "2021-10-05 09:59:25", "elapsed": 354.81663, "delta": 2.401233}}
{"target": -33.98683423771146, "params": {"C": 98.75482062956988, "epsilon": 27.944713299289763, "gamma": 0.10854367794960147, "lamda": 0.6557600344708143}, "datetime": {"datetime": "2021-10-05 09:59:27", "elapsed": 357.053605, "delta": 2.236975}}
{"target": -14.440758292949504, "params": {"C": 98.05783097533005, "epsilon": 27.084877719992075, "gamma": 0.1763632287283601, "lamda": 0.14372810886020787}, "datetime": {"datetime": "2021-10-05 09:59:29", "elapsed": 359.084555, "delta": 2.03095}}
{"target": -13.91447791347042, "params": {"C": 92.2230547597012, "epsilon": 26.871112137236405, "gamma": 0.2, "lamda": 0.0005}, "datetime": {"datetime": "2021-10-05 09:59:32", "elapsed": 361.657613, "delta": 2.573058}}
{"target": -97.5060022080525, "params": {"C": 15.729308072015058, "epsilon": 6.421650401920542, "gamma": 0.2, "lamda": 0.7703439966473681}, "datetime": {"datetime": "2021-10-05 09:59:35", "elapsed": 364.581329, "delta": 2.923716}}
{"target": -13.744207798322345, "params": {"C": 98.55157023502768, "epsilon": 26.578543610471737, "gamma": 0.1110315801546064, "lamda": 0.13591936323599424}, "datetime": {"datetime": "2021-10-05 09:59:37", "elapsed": 366.367634, "delta": 1.786305}}
{"target": -27.044058871870607, "params": {"C": 99.50712864121324, "epsilon": 26.530485968739832, "gamma": 0.11938782739864767, "lamda": 0.4544708653190232}, "datetime": {"datetime": "2021-10-05 09:59:38", "elapsed": 368.016523, "delta": 1.648889}}
{"target": -44.687287843999414, "params": {"C": 98.12306632079229, "epsilon": 26.316437933893596, "gamma": 0.09944272295942073, "lamda": 0.7529918300634408}, "datetime": {"datetime": "2021-10-05 09:59:41", "elapsed": 370.269774, "delta": 2.253251}}
{"target": -13.149942172675926, "params": {"C": 70.71957428665368, "epsilon": 7.088120987575021, "gamma": 0.0033384551169981917, "lamda": 0.024957942641250057}, "datetime": {"datetime": "2021-10-05 09:59:42", "elapsed": 371.704364, "delta": 1.43459}}
{"target": -33.65917700458829, "params": {"C": 70.72892375060775, "epsilon": 7.3610111974299945, "gamma": 0.028304180465428257, "lamda": 0.30845366155275256}, "datetime": {"datetime": "2021-10-05 09:59:44", "elapsed": 373.590131, "delta": 1.885767}}
{"target": -17.006257720822422, "params": {"C": 92.76982158351173, "epsilon": 26.38307836691903, "gamma": 0.10782372829035933, "lamda": 0.2593156133713256}, "datetime": {"datetime": "2021-10-05 09:59:46", "elapsed": 375.364028, "delta": 1.773897}}
{"target": -13.952517021789507, "params": {"C": 97.88205871295973, "epsilon": 27.758371989845866, "gamma": 0.2, "lamda": 0.0005}, "datetime": {"datetime": "2021-10-05 09:59:48", "elapsed": 377.660112, "delta": 2.296084}}
{"target": -13.254756583216329, "params": {"C": 53.451415379789154, "epsilon": 4.4264582324748645, "gamma": 0.053106720357686696, "lamda": 0.11967077220301543}, "datetime": {"datetime": "2021-10-05 09:59:49", "elapsed": 379.171663, "delta": 1.511551}}
{"target": -41.1225680182725, "params": {"C": 55.49483393352955, "epsilon": 4.830444698419033, "gamma": 0.05845365642134453, "lamda": 0.39803899477851895}, "datetime": {"datetime": "2021-10-05 09:59:52", "elapsed": 381.378463, "delta": 2.2068}}
{"target": -10.395539534959966, "params": {"C": 66.02994183024836, "epsilon": 9.544710885036906, "gamma": 0.06642223363981933, "lamda": 0.008334026282019616}, "datetime": {"datetime": "2021-10-05 09:59:54", "elapsed": 383.416863, "delta": 2.0384}}
{"target": -13.53920551699958, "params": {"C": 50.990367418634435, "epsilon": 3.5263679532029646, "gamma": 0.1587923690228083, "lamda": 0.003086901976175602}, "datetime": {"datetime": "2021-10-05 09:59:56", "elapsed": 385.873976, "delta": 2.457113}}
{"target": -27.1035727979475, "params": {"C": 39.86323517843291, "epsilon": 28.658404050756523, "gamma": 0.00335890766502545, "lamda": 0.4968970997950935}, "datetime": {"datetime": "2021-10-05 09:59:58", "elapsed": 387.681056, "delta": 1.80708}}
{"target": -13.850943829717641, "params": {"C": 15.121377369894526, "epsilon": 19.051080177675928, "gamma": 0.06497345756596866, "lamda": 0.12983361382177258}, "datetime": {"datetime": "2021-10-05 10:00:00", "elapsed": 390.155311, "delta": 2.474255}}
{"target": -98.7544358759561, "params": {"C": 51.04544550997371, "epsilon": 3.3351426989552646, "gamma": 0.0441868909673247, "lamda": 0.7439331681336739}, "datetime": {"datetime": "2021-10-05 10:00:02", "elapsed": 392.121559, "delta": 1.966248}}
{"target": -12.495622871092342, "params": {"C": 56.43783245790856, "epsilon": 4.6480253971817955, "gamma": 0.12237895590422952, "lamda": 0.0727926431174795}, "datetime": {"datetime": "2021-10-05 10:00:04", "elapsed": 394.079506, "delta": 1.957947}}
{"target": -21.400789677816267, "params": {"C": 40.77750983663636, "epsilon": 8.735324394813968, "gamma": 0.14421205315782956, "lamda": 0.23503541091463429}, "datetime": {"datetime": "2021-10-05 10:00:07", "elapsed": 396.259724, "delta": 2.180218}}
{"target": -40.21341380030134, "params": {"C": 91.80659007082285, "epsilon": 24.95928196815341, "gamma": 0.14646163647216295, "lamda": 0.6979752650987068}, "datetime": {"datetime": "2021-10-05 10:00:08", "elapsed": 398.052417, "delta": 1.792693}}
{"target": -11.502594408329188, "params": {"C": 95.48548495036748, "epsilon": 8.119600742524206, "gamma": 0.10760237054156148, "lamda": 0.017491564989780828}, "datetime": {"datetime": "2021-10-05 10:00:11", "elapsed": 400.511809, "delta": 2.459392}}
{"target": -12.34855721076656, "params": {"C": 77.04250418844052, "epsilon": 18.028614356167907, "gamma": 0.13770124238055786, "lamda": 0.06306657652660369}, "datetime": {"datetime": "2021-10-05 10:00:13", "elapsed": 403.011173, "delta": 2.499364}}
{"target": -13.911118705373788, "params": {"C": 92.66567772336981, "epsilon": 27.448541684229447, "gamma": 0.2, "lamda": 0.0005}, "datetime": {"datetime": "2021-10-05 10:00:16", "elapsed": 405.298743, "delta": 2.28757}}
{"target": -36.29756400245827, "params": {"C": 94.16665834851182, "epsilon": 29.22547582391469, "gamma": 0.16809432228423657, "lamda": 0.7483973508686841}, "datetime": {"datetime": "2021-10-05 10:00:17", "elapsed": 406.821118, "delta": 1.522375}}
{"target": -33.968494298795164, "params": {"C": 75.4858714211757, "epsilon": 28.048281030528027, "gamma": 0.09318286144709745, "lamda": 0.6426344220569942}, "datetime": {"datetime": "2021-10-05 10:00:19", "elapsed": 408.286076, "delta": 1.464958}}
{"target": -23.339860517416174, "params": {"C": 96.27425721087508, "epsilon": 10.318873544681482, "gamma": 0.17125839412316743, "lamda": 0.2542230922538625}, "datetime": {"datetime": "2021-10-05 10:00:20", "elapsed": 409.819715, "delta": 1.533639}}
{"target": -35.408105626873386, "params": {"C": 92.61444490690738, "epsilon": 27.31539601812652, "gamma": 0.12895717279534555, "lamda": 0.6712256482141744}, "datetime": {"datetime": "2021-10-05 10:00:23", "elapsed": 412.229746, "delta": 2.410031}}
{"target": -17.03078030458985, "params": {"C": 15.584187332493595, "epsilon": 7.748193184354299, "gamma": 0.0005, "lamda": 0.0005}, "datetime": {"datetime": "2021-10-05 10:00:25", "elapsed": 415.113642, "delta": 2.883896}}
{"target": -69.7186926658708, "params": {"C": 94.6656468156362, "epsilon": 8.11288961259274, "gamma": 0.03284605720844569, "lamda": 0.6812844483985114}, "datetime": {"datetime": "2021-10-05 10:00:28", "elapsed": 417.91391, "delta": 2.800268}}
{"target": -11.904234043064687, "params": {"C": 83.35165905590955, "epsilon": 1.967579827155538, "gamma": 0.09630991335961107, "lamda": 0.024180963080735186}, "datetime": {"datetime": "2021-10-05 10:00:30", "elapsed": 419.482346, "delta": 1.568436}}
{"target": -35.71212828979816, "params": {"C": 60.9610299140824, "epsilon": 20.49650331042896, "gamma": 0.07426119997772464, "lamda": 0.45471825590447246}, "datetime": {"datetime": "2021-10-05 10:00:31", "elapsed": 421.123512, "delta": 1.641166}}
{"target": -12.162869045945113, "params": {"C": 39.02813037193886, "epsilon": 8.859061770496938, "gamma": 0.07310013806220172, "lamda": 0.07652285969157116}, "datetime": {"datetime": "2021-10-05 10:00:34", "elapsed": 423.588239, "delta": 2.464727}}
{"target": -36.221627207556715, "params": {"C": 29.1887291740775, "epsilon": 24.78400938732196, "gamma": 0.1744184709202897, "lamda": 0.6045564584380597}, "datetime": {"datetime": "2021-10-05 10:00:35", "elapsed": 425.071645, "delta": 1.483406}}
{"target": -65.60276367774225, "params": {"C": 61.54959525972733, "epsilon": 14.738670995806961, "gamma": 0.10340440999201717, "lamda": 0.7537669093671746}, "datetime": {"datetime": "2021-10-05 10:00:37", "elapsed": 426.602949, "delta": 1.531304}}
{"target": -12.173614228740695, "params": {"C": 5.021480955390543, "epsilon": 9.978507678150274, "gamma": 0.1770272161565272, "lamda": 0.03256481796631065}, "datetime": {"datetime": "2021-10-05 10:00:39", "elapsed": 428.186032, "delta": 1.583083}}
{"target": -46.2976247010306, "params": {"C": 13.281840714501442, "epsilon": 9.78908085874347, "gamma": 0.1768812931690544, "lamda": 0.5021251201942998}, "datetime": {"datetime": "2021-10-05 10:00:40", "elapsed": 429.781563, "delta": 1.595531}}
{"target": -23.76833037110993, "params": {"C": 82.92891432306989, "epsilon": 2.4270516647617795, "gamma": 0.02691398265855741, "lamda": 0.2376248026216623}, "datetime": {"datetime": "2021-10-05 10:00:42", "elapsed": 431.910598, "delta": 2.129035}}
{"target": -22.172550353505457, "params": {"C": 5.429719852464754, "epsilon": 10.42010977286409, "gamma": 0.10040705409680364, "lamda": 0.24876428349270682}, "datetime": {"datetime": "2021-10-05 10:00:46", "elapsed": 435.197364, "delta": 3.286766}}
{"target": -22.02442331109474, "params": {"C": 65.0996858007993, "epsilon": 1.8170281133528765, "gamma": 0.03957526677109207, "lamda": 0.23556084293830962}, "datetime": {"datetime": "2021-10-05 10:00:47", "elapsed": 436.81017, "delta": 1.612806}}
{"target": -12.835977858902789, "params": {"C": 93.78394325369413, "epsilon": 25.722232069258748, "gamma": 0.18067520485506414, "lamda": 0.005187878193203271}, "datetime": {"datetime": "2021-10-05 10:00:50", "elapsed": 439.552205, "delta": 2.742035}}
{"target": -41.74066337416104, "params": {"C": 75.20959845940837, "epsilon": 8.337519371735425, "gamma": 0.08189298335736443, "lamda": 0.40836858893385175}, "datetime": {"datetime": "2021-10-05 10:00:51", "elapsed": 441.044476, "delta": 1.492271}}
{"target": -14.009709761753978, "params": {"C": 69.33208966302271, "epsilon": 7.985026541967591, "gamma": 0.2, "lamda": 0.0005}, "datetime": {"datetime": "2021-10-05 10:00:55", "elapsed": 444.231634, "delta": 3.187158}}
{"target": -13.012830053752875, "params": {"C": 19.768373976254324, "epsilon": 16.281814983440157, "gamma": 0.2, "lamda": 0.0005}, "datetime": {"datetime": "2021-10-05 10:00:57", "elapsed": 446.692675, "delta": 2.461041}}
{"target": -38.91706435530544, "params": {"C": 5.018264393636095, "epsilon": 9.407252051726077, "gamma": 0.1380481540816078, "lamda": 0.3962137669288323}, "datetime": {"datetime": "2021-10-05 10:01:00", "elapsed": 449.88983, "delta": 3.197155}}
{"target": -15.677481009328195, "params": {"C": 4.515613312212285, "epsilon": 10.334466441512383, "gamma": 0.18634165026688349, "lamda": 0.1277434507425457}, "datetime": {"datetime": "2021-10-05 10:01:03", "elapsed": 452.241682, "delta": 2.351852}}
{"target": -61.444108505888515, "params": {"C": 38.163287324456604, "epsilon": 8.318309182424823, "gamma": 0.007133104370767378, "lamda": 0.5365553826108336}, "datetime": {"datetime": "2021-10-05 10:01:05", "elapsed": 454.974621, "delta": 2.732939}}
{"target": -17.290326100797234, "params": {"C": 16.67377538661619, "epsilon": 5.58273958140345, "gamma": 0.0005, "lamda": 0.0005}, "datetime": {"datetime": "2021-10-05 10:01:09", "elapsed": 458.275751, "delta": 3.30113}}
{"target": -54.75427373947467, "params": {"C": 86.96008813298378, "epsilon": 15.851468442461176, "gamma": 0.12594249135561597, "lamda": 0.6547450837125922}, "datetime": {"datetime": "2021-10-05 10:01:10", "elapsed": 459.905767, "delta": 1.630016}}
{"target": -12.225027921488234, "params": {"C": 83.6054553362265, "epsilon": 1.3083780228714925, "gamma": 0.10814096321019315, "lamda": 0.07685855105083882}, "datetime": {"datetime": "2021-10-05 10:01:13", "elapsed": 462.473145, "delta": 2.567378}}
{"target": -76.71913698155466, "params": {"C": 48.692012557224494, "epsilon": 8.297295832017788, "gamma": 0.059438536239060945, "lamda": 0.7144911847263229}, "datetime": {"datetime": "2021-10-05 10:01:14", "elapsed": 464.062802, "delta": 1.589657}}
{"target": -53.29739953794329, "params": {"C": 83.14968037930718, "epsilon": 1.5497435160889665, "gamma": 0.1840548487243366, "lamda": 0.5350877741752748}, "datetime": {"datetime": "2021-10-05 10:01:17", "elapsed": 466.870908, "delta": 2.808106}}
{"target": -51.34355553255069, "params": {"C": 36.1447971019755, "epsilon": 16.104460130925183, "gamma": 0.022591735221003762, "lamda": 0.5478723394584757}, "datetime": {"datetime": "2021-10-05 10:01:19", "elapsed": 468.543389, "delta": 1.672481}}
{"target": -14.003311507599392, "params": {"C": 68.0399506186914, "epsilon": 7.6854578314678745, "gamma": 0.2, "lamda": 0.0005}, "datetime": {"datetime": "2021-10-05 10:01:23", "elapsed": 472.524603, "delta": 3.981214}}
{"target": -21.294272323156594, "params": {"C": 84.25209396110513, "epsilon": 1.8713824551339044, "gamma": 0.13682691900447225, "lamda": 0.24375839533579982}, "datetime": {"datetime": "2021-10-05 10:01:25", "elapsed": 474.729523, "delta": 2.20492}}
{"target": -15.785978829025554, "params": {"C": 67.83352854957784, "epsilon": 10.870177169411269, "gamma": 0.0005, "lamda": 0.0005}, "datetime": {"datetime": "2021-10-05 10:01:29", "elapsed": 478.379479, "delta": 3.649956}}
{"target": -11.860959942696603, "params": {"C": 54.8182820607082, "epsilon": 5.69864028679574, "gamma": 0.03609680484286439, "lamda": 0.07805870688926875}, "datetime": {"datetime": "2021-10-05 10:01:31", "elapsed": 481.149959, "delta": 2.77048}}
{"target": -16.360048971675038, "params": {"C": 83.74949063253632, "epsilon": 2.4750630406888736, "gamma": 0.0005, "lamda": 0.0005}, "datetime": {"datetime": "2021-10-05 10:01:36", "elapsed": 485.577963, "delta": 4.428004}}
{"target": -10.281227691783183, "params": {"C": 77.13557919902568, "epsilon": 18.460182656552796, "gamma": 0.0581292694719733, "lamda": 0.01209157262252302}, "datetime": {"datetime": "2021-10-05 10:01:38", "elapsed": 487.389781, "delta": 1.811818}}
{"target": -67.95062167317057, "params": {"C": 8.488098871738593, "epsilon": 6.75558713910249, "gamma": 0.10517671935345763, "lamda": 0.6673762710053003}, "datetime": {"datetime": "2021-10-05 10:01:39", "elapsed": 489.081026, "delta": 1.691245}}
{"target": -16.534367246568916, "params": {"C": 40.58630454394963, "epsilon": 7.594050067742641, "gamma": 0.0005, "lamda": 0.0005}, "datetime": {"datetime": "2021-10-05 10:01:43", "elapsed": 492.30207, "delta": 3.221044}}
{"target": -17.336833639163146, "params": {"C": 15.891327230982224, "epsilon": 5.412832407599976, "gamma": 0.0005, "lamda": 0.0005}, "datetime": {"datetime": "2021-10-05 10:01:47", "elapsed": 496.680914, "delta": 4.378844}}
{"target": -13.945397001499046, "params": {"C": 98.03283737947419, "epsilon": 28.524487544311718, "gamma": 0.2, "lamda": 0.0005}, "datetime": {"datetime": "2021-10-05 10:01:50", "elapsed": 499.522616, "delta": 2.841702}}
{"target": -11.530108309517955, "params": {"C": 58.98750676006848, "epsilon": 6.730383875780451, "gamma": 0.007433468228316593, "lamda": 0.0005}, "datetime": {"datetime": "2021-10-05 10:01:53", "elapsed": 502.914802, "delta": 3.392186}}
{"target": -21.03296198375504, "params": {"C": 58.772985630390224, "epsilon": 6.00733862875511, "gamma": 0.1224513689337194, "lamda": 0.23169458614999103}, "datetime": {"datetime": "2021-10-05 10:01:56", "elapsed": 505.83416, "delta": 2.919358}}
{"target": -15.590822973384288, "params": {"C": 58.8117560115894, "epsilon": 7.324474265874651, "gamma": 0.08390426738011336, "lamda": 0.15472798782133979}, "datetime": {"datetime": "2021-10-05 10:01:59", "elapsed": 508.855078, "delta": 3.020918}}
{"target": -47.0936606276071, "params": {"C": 59.44039398848112, "epsilon": 6.800243674324901, "gamma": 0.15407628196339002, "lamda": 0.4782642413168307}, "datetime": {"datetime": "2021-10-05 10:02:03", "elapsed": 513.181766, "delta": 4.326688}}
