{"target": -10.253946296314394, "params": {"C": 42.0383352358314, "epsilon": 21.189454328165255, "gamma": 0.02909184325058118, "lamda": 0.009345756691988573}, "datetime": {"datetime": "2021-10-06 14:24:56", "elapsed": 75.758326, "delta": 0.725722}}
{"target": -10.435705583635952, "params": {"C": 42.574519627591165, "epsilon": 19.696307285037065, "gamma": 0.03402775293763094, "lamda": 0.01835938272572319}, "datetime": {"datetime": "2021-10-06 14:24:57", "elapsed": 76.378582, "delta": 0.620256}}
{"target": -10.175699814417198, "params": {"C": 47.67039637808312, "epsilon": 23.61124116667696, "gamma": 0.019290314366863515, "lamda": 0.011081156692218054}, "datetime": {"datetime": "2021-10-06 14:24:57", "elapsed": 77.025581, "delta": 0.646999}}
{"target": -10.37010880227491, "params": {"C": 38.10263096187623, "epsilon": 30.914859046128303, "gamma": 0.035640427177270416, "lamda": 0.005130719208732561}, "datetime": {"datetime": "2021-10-06 14:24:58", "elapsed": 77.669204, "delta": 0.643623}}
{"target": -10.857115316168564, "params": {"C": 40.83884083984249, "epsilon": 27.542491394769996, "gamma": 0.011819314902905692, "lamda": 0.019411039036495454}, "datetime": {"datetime": "2021-10-06 14:24:59", "elapsed": 78.306922, "delta": 0.637718}}
{"target": -10.295251846103497, "params": {"C": 58.89203453175921, "epsilon": 22.285468017052118, "gamma": 0.03022375720032692, "lamda": 0.002373149044882201}, "datetime": {"datetime": "2021-10-06 14:24:59", "elapsed": 79.143323, "delta": 0.836401}}
{"target": -10.140256720363002, "params": {"C": 49.409967250040026, "epsilon": 26.950268983034455, "gamma": 0.01866138296277986, "lamda": 0.0032418983694101006}, "datetime": {"datetime": "2021-10-06 14:25:00", "elapsed": 79.84123, "delta": 0.697907}}
{"target": -10.258495996569435, "params": {"C": 42.16083641474873, "epsilon": 19.286489535950956, "gamma": 0.019203505488915786, "lamda": 0.016140292708891835}, "datetime": {"datetime": "2021-10-06 14:25:01", "elapsed": 80.459275, "delta": 0.618045}}
{"target": -10.335771231166984, "params": {"C": 63.13543321518718, "epsilon": 26.806241432325756, "gamma": 0.030693251814005874, "lamda": 0.0106679069588943}, "datetime": {"datetime": "2021-10-06 14:25:01", "elapsed": 81.138453, "delta": 0.679178}}
{"target": -10.239446796883582, "params": {"C": 55.620090762739125, "epsilon": 28.308278534558077, "gamma": 0.02534068636230348, "lamda": 0.00925497217647815}, "datetime": {"datetime": "2021-10-06 14:25:02", "elapsed": 81.787167, "delta": 0.648714}}
{"target": -10.165197441167425, "params": {"C": 49.423873873071074, "epsilon": 26.939187526811743, "gamma": 0.02055710283817134, "lamda": 0.0020477884265752183}, "datetime": {"datetime": "2021-10-06 14:25:03", "elapsed": 82.518848, "delta": 0.731681}}
{"target": -10.521295025199501, "params": {"C": 61.87715622261036, "epsilon": 24.042422571914024, "gamma": 0.01626000663341766, "lamda": 0.016974729061803834}, "datetime": {"datetime": "2021-10-06 14:25:04", "elapsed": 83.189587, "delta": 0.670739}}
{"target": -10.339774161003268, "params": {"C": 42.46793363006633, "epsilon": 19.523337800327152, "gamma": 0.011586670214755602, "lamda": 0.0068046983407222695}, "datetime": {"datetime": "2021-10-06 14:25:04", "elapsed": 83.92944, "delta": 0.739853}}
{"target": -10.212414891570551, "params": {"C": 42.045532057559114, "epsilon": 21.192219425474313, "gamma": 0.024467448313115543, "lamda": 0.0014486799243803494}, "datetime": {"datetime": "2021-10-06 14:25:05", "elapsed": 84.674464, "delta": 0.745024}}
{"target": -10.152240247226823, "params": {"C": 58.44918103116069, "epsilon": 25.346328578453566, "gamma": 0.019190826969112486, "lamda": 0.00792066249776516}, "datetime": {"datetime": "2021-10-06 14:25:06", "elapsed": 85.474991, "delta": 0.800527}}
{"target": -10.137604047755518, "params": {"C": 49.51369396779583, "epsilon": 26.107200117276122, "gamma": 0.01867332507329779, "lamda": 0.0076369447442652914}, "datetime": {"datetime": "2021-10-06 14:25:07", "elapsed": 86.298782, "delta": 0.823791}}
{"target": -10.235005680126214, "params": {"C": 58.86002145469042, "epsilon": 22.290668114680052, "gamma": 0.01932235552982057, "lamda": 0.013109607742024429}, "datetime": {"datetime": "2021-10-06 14:25:07", "elapsed": 87.060742, "delta": 0.76196}}
{"target": -10.36404437621475, "params": {"C": 64.48872767061779, "epsilon": 28.78347474770677, "gamma": 0.032105871662390865, "lamda": 0.00843320140575547}, "datetime": {"datetime": "2021-10-06 14:25:08", "elapsed": 87.718371, "delta": 0.657629}}
{"target": -10.372627022948452, "params": {"C": 53.26741537712192, "epsilon": 28.527663178216848, "gamma": 0.032847383733571336, "lamda": 0.01605029597274148}, "datetime": {"datetime": "2021-10-06 14:25:09", "elapsed": 88.425814, "delta": 0.707443}}
{"target": -10.45615621214037, "params": {"C": 59.347719524702526, "epsilon": 23.96409582312861, "gamma": 0.03683531855410886, "lamda": 0.014922307504518022}, "datetime": {"datetime": "2021-10-06 14:25:09", "elapsed": 89.140921, "delta": 0.715107}}
{"target": -10.330732844083268, "params": {"C": 58.44779535726356, "epsilon": 25.36194430134993, "gamma": 0.025747766140398635, "lamda": 0.016917780496141805}, "datetime": {"datetime": "2021-10-06 14:25:10", "elapsed": 89.871427, "delta": 0.730506}}
{"target": -10.544608171268353, "params": {"C": 62.310803963217225, "epsilon": 29.24222883229464, "gamma": 0.018004086384195546, "lamda": 0.019508653185039193}, "datetime": {"datetime": "2021-10-06 14:25:11", "elapsed": 90.556427, "delta": 0.685}}
{"target": -10.283310110588054, "params": {"C": 43.30481359092375, "epsilon": 24.9662696708383, "gamma": 0.0295064081160078, "lamda": 0.011689686958272506}, "datetime": {"datetime": "2021-10-06 14:25:12", "elapsed": 91.410468, "delta": 0.854041}}
{"target": -10.362323941769349, "params": {"C": 38.15537622608263, "epsilon": 31.06407777281643, "gamma": 0.01887396741313773, "lamda": 0.014499161916608478}, "datetime": {"datetime": "2021-10-06 14:25:12", "elapsed": 92.098907, "delta": 0.688439}}
{"target": -10.351804103865984, "params": {"C": 50.89197507120264, "epsilon": 20.229626040952578, "gamma": 0.03180216961843403, "lamda": 0.009381778217229865}, "datetime": {"datetime": "2021-10-06 14:25:13", "elapsed": 92.852578, "delta": 0.753671}}
{"target": -10.411973735379663, "params": {"C": 65.87250296719228, "epsilon": 29.802020637403007, "gamma": 0.02495879549006847, "lamda": 0.019973091282190377}, "datetime": {"datetime": "2021-10-06 14:25:14", "elapsed": 93.595574, "delta": 0.742996}}
{"target": -10.369507602777023, "params": {"C": 56.79180122806746, "epsilon": 28.28486412525948, "gamma": 0.020368026832176655, "lamda": 0.01726535053321444}, "datetime": {"datetime": "2021-10-06 14:25:15", "elapsed": 94.286775, "delta": 0.691201}}
{"target": -10.26376087238597, "params": {"C": 43.80507590463578, "epsilon": 23.81770421708095, "gamma": 0.025063522776764192, "lamda": 0.014725287362907454}, "datetime": {"datetime": "2021-10-06 14:25:15", "elapsed": 95.030421, "delta": 0.743646}}
{"target": -10.22208702295365, "params": {"C": 51.393009854122504, "epsilon": 28.88338016666376, "gamma": 0.02635453255225858, "lamda": 0.004264808020815002}, "datetime": {"datetime": "2021-10-06 14:25:16", "elapsed": 95.87991, "delta": 0.849489}}
{"target": -10.316744107664846, "params": {"C": 48.20002572661864, "epsilon": 24.177258033906867, "gamma": 0.011224452130198176, "lamda": 0.004595085297573121}, "datetime": {"datetime": "2021-10-06 14:25:17", "elapsed": 96.622908, "delta": 0.742998}}
{"target": -10.357661998896345, "params": {"C": 62.48681339242763, "epsilon": 27.686161152895913, "gamma": 0.03059917707337754, "lamda": 0.01280315754122935}, "datetime": {"datetime": "2021-10-06 14:25:18", "elapsed": 97.33201, "delta": 0.709102}}
{"target": -10.427480156179817, "params": {"C": 39.492868006056234, "epsilon": 22.32775851242835, "gamma": 0.0315678833580113, "lamda": 0.0012122905213107237}, "datetime": {"datetime": "2021-10-06 14:25:19", "elapsed": 98.226229, "delta": 0.894219}}
{"target": -10.528035100811204, "params": {"C": 43.88941115223131, "epsilon": 18.00500970834515, "gamma": 0.011957939612954684, "lamda": 0.013754913771664512}, "datetime": {"datetime": "2021-10-06 14:25:19", "elapsed": 98.930647, "delta": 0.704418}}
{"target": -10.138650667877922, "params": {"C": 61.904206919376506, "epsilon": 23.320654144559583, "gamma": 0.021629415123422313, "lamda": 0.004510157539739097}, "datetime": {"datetime": "2021-10-06 14:25:20", "elapsed": 99.661048, "delta": 0.730401}}
{"target": -10.314163890662726, "params": {"C": 45.70850318336061, "epsilon": 28.866776093229767, "gamma": 0.028917400955853503, "lamda": 0.013830271187870608}, "datetime": {"datetime": "2021-10-06 14:25:21", "elapsed": 100.389438, "delta": 0.72839}}
{"target": -10.247862636854675, "params": {"C": 60.384848673092094, "epsilon": 25.934264298658288, "gamma": 0.022629843246432135, "lamda": 0.011932546035906526}, "datetime": {"datetime": "2021-10-06 14:25:21", "elapsed": 101.11567, "delta": 0.726232}}
{"target": -10.432713249283806, "params": {"C": 54.3358818914655, "epsilon": 31.002436468898846, "gamma": 0.01104684303397419, "lamda": 0.0017641620406360433}, "datetime": {"datetime": "2021-10-06 14:25:22", "elapsed": 101.886377, "delta": 0.770707}}
{"target": -10.299507454486555, "params": {"C": 49.39350038673591, "epsilon": 26.96504839601315, "gamma": 0.027001943058715186, "lamda": 0.013762228133105401}, "datetime": {"datetime": "2021-10-06 14:25:23", "elapsed": 102.760057, "delta": 0.87368}}
{"target": -10.671694524220348, "params": {"C": 55.00619211949754, "epsilon": 24.996436454224067, "gamma": 0.013988822309061094, "lamda": 0.018070024627492687}, "datetime": {"datetime": "2021-10-06 14:25:24", "elapsed": 103.518164, "delta": 0.758107}}
{"target": -10.514271631488812, "params": {"C": 49.209390054969866, "epsilon": 27.91976387359179, "gamma": 0.016237292121394863, "lamda": 0.01533863009484632}, "datetime": {"datetime": "2021-10-06 14:25:25", "elapsed": 104.234487, "delta": 0.716323}}
{"target": -10.372127959665885, "params": {"C": 61.34542964769117, "epsilon": 22.718634226963893, "gamma": 0.03284481082469543, "lamda": 0.010382570555948224}, "datetime": {"datetime": "2021-10-06 14:25:25", "elapsed": 105.132953, "delta": 0.898466}}
{"target": -10.36000816593094, "params": {"C": 52.81632946516453, "epsilon": 28.296633003967727, "gamma": 0.02974168647991178, "lamda": 0.017014483781770392}, "datetime": {"datetime": "2021-10-06 14:25:26", "elapsed": 105.86599, "delta": 0.733037}}
{"target": -10.599822810879527, "params": {"C": 56.74865043104491, "epsilon": 18.8292054666335, "gamma": 0.013655258900445024, "lamda": 0.0174923309544791}, "datetime": {"datetime": "2021-10-06 14:25:27", "elapsed": 106.619013, "delta": 0.753023}}
{"target": -10.482194049017336, "params": {"C": 47.258497682808155, "epsilon": 19.315162535302402, "gamma": 0.038543143144713785, "lamda": 0.018443652956737985}, "datetime": {"datetime": "2021-10-06 14:25:28", "elapsed": 107.353198, "delta": 0.734185}}
{"target": -10.246345496183693, "params": {"C": 60.3875990795854, "epsilon": 25.94672031750249, "gamma": 0.02450757512057003, "lamda": 0.00913308551597085}, "datetime": {"datetime": "2021-10-06 14:25:29", "elapsed": 108.260237, "delta": 0.907039}}
{"target": -10.364511105958986, "params": {"C": 44.39070728823236, "epsilon": 26.575769901888542, "gamma": 0.03543736167048896, "lamda": 0.005404271977060173}, "datetime": {"datetime": "2021-10-06 14:25:29", "elapsed": 109.043151, "delta": 0.782914}}
{"target": -10.325316382751323, "params": {"C": 43.27985265286046, "epsilon": 24.9858609864833, "gamma": 0.029003089342691857, "lamda": 0.015765183483983626}, "datetime": {"datetime": "2021-10-06 14:25:30", "elapsed": 109.780192, "delta": 0.737041}}
{"target": -10.306412921307162, "params": {"C": 42.259465834832625, "epsilon": 19.36680800735959, "gamma": 0.030882691462589117, "lamda": 0.010557367884026113}, "datetime": {"datetime": "2021-10-06 14:25:31", "elapsed": 110.611086, "delta": 0.830894}}
{"target": -10.301662416441115, "params": {"C": 54.676992306192204, "epsilon": 23.837120865078234, "gamma": 0.028423055974132493, "lamda": 0.010007759494807478}, "datetime": {"datetime": "2021-10-06 14:25:32", "elapsed": 111.39509, "delta": 0.784004}}
{"target": -10.22581590477356, "params": {"C": 60.441424170781545, "epsilon": 19.46347362071691, "gamma": 0.027446538827134638, "lamda": 0.0032302756388246446}, "datetime": {"datetime": "2021-10-06 14:25:33", "elapsed": 112.18522, "delta": 0.79013}}
{"target": -10.474656697304708, "params": {"C": 62.428895636535955, "epsilon": 30.175367541861263, "gamma": 0.03946184095046752, "lamda": 0.007906352956569893}, "datetime": {"datetime": "2021-10-06 14:25:33", "elapsed": 112.96323, "delta": 0.77801}}
{"target": -10.138408910952966, "params": {"C": 58.45851507237731, "epsilon": 25.321406092977583, "gamma": 0.021703496139813136, "lamda": 0.006089444668422894}, "datetime": {"datetime": "2021-10-06 14:25:34", "elapsed": 113.776221, "delta": 0.812991}}
{"target": -10.357407989781734, "params": {"C": 47.29105459202944, "epsilon": 27.975387240093447, "gamma": 0.010198960500488616, "lamda": 0.001746690910122828}, "datetime": {"datetime": "2021-10-06 14:25:35", "elapsed": 114.628187, "delta": 0.851966}}
{"target": -10.344028116805026, "params": {"C": 51.80749906508888, "epsilon": 29.036326472786396, "gamma": 0.033335006773245836, "lamda": 0.011082632298805932}, "datetime": {"datetime": "2021-10-06 14:25:36", "elapsed": 115.403549, "delta": 0.775362}}
{"target": -10.500871823030767, "params": {"C": 49.61871298028383, "epsilon": 19.652273156480163, "gamma": 0.03967405308628982, "lamda": 0.010561580649016052}, "datetime": {"datetime": "2021-10-06 14:25:37", "elapsed": 116.181894, "delta": 0.778345}}
{"target": -10.228605845064328, "params": {"C": 49.415727941110546, "epsilon": 26.925087042152683, "gamma": 0.025514842571027208, "lamda": 0.009441697468183149}, "datetime": {"datetime": "2021-10-06 14:25:37", "elapsed": 117.062504, "delta": 0.88061}}
{"target": -10.271586828218545, "params": {"C": 43.42301751603539, "epsilon": 25.218326934200704, "gamma": 0.025807682610697914, "lamda": 0.014491576658447235}, "datetime": {"datetime": "2021-10-06 14:25:38", "elapsed": 117.85154, "delta": 0.789036}}
{"target": -10.516713456825347, "params": {"C": 43.27917724079259, "epsilon": 24.979798163015666, "gamma": 0.039758593730147195, "lamda": 0.0031431846227690566}, "datetime": {"datetime": "2021-10-06 14:25:39", "elapsed": 118.677767, "delta": 0.826227}}
{"target": -10.38251826409922, "params": {"C": 39.42207297401673, "epsilon": 28.454929254364934, "gamma": 0.025009640663424277, "lamda": 0.0016464003754476147}, "datetime": {"datetime": "2021-10-06 14:25:40", "elapsed": 119.549767, "delta": 0.872}}
{"target": -10.264270837192678, "params": {"C": 61.899678140287634, "epsilon": 23.351770425469518, "gamma": 0.02709164965192632, "lamda": 0.005529550357724452}, "datetime": {"datetime": "2021-10-06 14:25:41", "elapsed": 120.519106, "delta": 0.969339}}
{"target": -10.436475659752658, "params": {"C": 60.93557223364445, "epsilon": 18.151119001858348, "gamma": 0.031474968897297034, "lamda": 0.013656299489622699}, "datetime": {"datetime": "2021-10-06 14:25:42", "elapsed": 121.346107, "delta": 0.827001}}
{"target": -10.36585859130886, "params": {"C": 49.37007089832913, "epsilon": 26.800428858333916, "gamma": 0.035203500182137325, "lamda": 0.013529624483651182}, "datetime": {"datetime": "2021-10-06 14:25:43", "elapsed": 122.245773, "delta": 0.899666}}
{"target": -10.231737500005512, "params": {"C": 39.496117703964444, "epsilon": 22.29639255248579, "gamma": 0.028637621050990415, "lamda": 0.009204314656149692}, "datetime": {"datetime": "2021-10-06 14:25:43", "elapsed": 123.142774, "delta": 0.897001}}
{"target": -10.79311908637931, "params": {"C": 48.48724318957874, "epsilon": 19.764755950143183, "gamma": 0.039736703305513495, "lamda": 0.0009106180965437939}, "datetime": {"datetime": "2021-10-06 14:25:44", "elapsed": 124.03561, "delta": 0.892836}}
{"target": -10.474438919519077, "params": {"C": 54.92080943995798, "epsilon": 20.49725550664901, "gamma": 0.01628465777194817, "lamda": 0.017241203441967026}, "datetime": {"datetime": "2021-10-06 14:25:45", "elapsed": 124.855572, "delta": 0.819962}}
{"target": -10.40967881981959, "params": {"C": 46.151686008536046, "epsilon": 31.050641626035777, "gamma": 0.039893116380845424, "lamda": 0.012052505270992588}, "datetime": {"datetime": "2021-10-06 14:25:46", "elapsed": 125.641576, "delta": 0.786004}}
{"target": -10.142421727388289, "params": {"C": 55.33591078692545, "epsilon": 31.557743315853415, "gamma": 0.016850294611275185, "lamda": 0.0024909941697635048}, "datetime": {"datetime": "2021-10-06 14:25:47", "elapsed": 126.509994, "delta": 0.868418}}
{"target": -10.192874190974981, "params": {"C": 43.421475982790454, "epsilon": 24.0887860850888, "gamma": 0.016635905880876274, "lamda": 0.009136763022146228}, "datetime": {"datetime": "2021-10-06 14:25:48", "elapsed": 127.37821, "delta": 0.868216}}
{"target": -10.35950930128518, "params": {"C": 49.178935288781716, "epsilon": 24.804813994911463, "gamma": 0.03349032877161438, "lamda": 0.004722775634551158}, "datetime": {"datetime": "2021-10-06 14:25:49", "elapsed": 128.249209, "delta": 0.870999}}
{"target": -10.139369738814082, "params": {"C": 42.42740446590946, "epsilon": 19.31722381157397, "gamma": 0.019424006302948358, "lamda": 0.004923207903601436}, "datetime": {"datetime": "2021-10-06 14:25:50", "elapsed": 129.187553, "delta": 0.938344}}
{"target": -10.26494578101349, "params": {"C": 61.92006605154409, "epsilon": 23.363248650391025, "gamma": 0.025657218115961035, "lamda": 0.007938015339168488}, "datetime": {"datetime": "2021-10-06 14:25:50", "elapsed": 130.04175, "delta": 0.854197}}
{"target": -10.341844640744963, "params": {"C": 42.251658620092975, "epsilon": 19.372045990210857, "gamma": 0.011616995169572987, "lamda": 0.0066171768587391655}, "datetime": {"datetime": "2021-10-06 14:25:52", "elapsed": 131.183374, "delta": 1.141624}}
{"target": -10.200882925269887, "params": {"C": 41.875844504751214, "epsilon": 21.294206378867027, "gamma": 0.02267353816002316, "lamda": 0.009677561068728148}, "datetime": {"datetime": "2021-10-06 14:25:52", "elapsed": 132.144265, "delta": 0.960891}}
{"target": -10.906267610262487, "params": {"C": 41.066900029136505, "epsilon": 30.12632580021872, "gamma": 0.03183418249840257, "lamda": 0.00035404696582783395}, "datetime": {"datetime": "2021-10-06 14:25:53", "elapsed": 133.14904, "delta": 1.004775}}
{"target": -10.244861685668539, "params": {"C": 42.47353499485927, "epsilon": 19.585468427976465, "gamma": 0.016834499284369385, "lamda": 0.012875498271817856}, "datetime": {"datetime": "2021-10-06 14:25:55", "elapsed": 134.277805, "delta": 1.128765}}
{"target": -10.370035822256266, "params": {"C": 58.45238457482915, "epsilon": 25.33862011700864, "gamma": 0.031538550639401884, "lamda": 0.003624306245912775}, "datetime": {"datetime": "2021-10-06 14:25:56", "elapsed": 135.40329, "delta": 1.125485}}
{"target": -10.08038429733781, "params": {"C": 64.3506576831426, "epsilon": 29.714702734548815, "gamma": 0.019344401260808282, "lamda": 0.0041135526442042615}, "datetime": {"datetime": "2021-10-06 14:25:57", "elapsed": 136.268059, "delta": 0.864769}}
{"target": -10.234910740926633, "params": {"C": 42.59275435012457, "epsilon": 19.70047464820133, "gamma": 0.014671780013872475, "lamda": 0.0014067180168902034}, "datetime": {"datetime": "2021-10-06 14:25:58", "elapsed": 137.60752, "delta": 1.339461}}
{"target": -10.412872069430545, "params": {"C": 55.56176198392715, "epsilon": 26.993559846982823, "gamma": 0.03346772717234871, "lamda": 0.01972940742133819}, "datetime": {"datetime": "2021-10-06 14:25:59", "elapsed": 138.463062, "delta": 0.855542}}
{"target": -10.551158445990175, "params": {"C": 39.499997532908225, "epsilon": 22.29813744450796, "gamma": 0.014476517619873782, "lamda": 0.018227042213818604}, "datetime": {"datetime": "2021-10-06 14:26:00", "elapsed": 139.425102, "delta": 0.96204}}
{"target": -10.327327022079704, "params": {"C": 58.861988296169116, "epsilon": 22.07671244456952, "gamma": 0.021601469225776465, "lamda": 0.017654173290353292}, "datetime": {"datetime": "2021-10-06 14:26:01", "elapsed": 140.264466, "delta": 0.839364}}
{"target": -10.164017959835729, "params": {"C": 40.23668895262101, "epsilon": 20.377925560273802, "gamma": 0.015580703276421162, "lamda": 0.0074967381094190825}, "datetime": {"datetime": "2021-10-06 14:26:01", "elapsed": 141.149764, "delta": 0.885298}}
{"target": -10.869432122153052, "params": {"C": 62.426818566503336, "epsilon": 18.476795877480182, "gamma": 0.010549985825192452, "lamda": 0.019325790978360822}, "datetime": {"datetime": "2021-10-06 14:26:02", "elapsed": 142.006356, "delta": 0.856592}}
{"target": -10.286372716985701, "params": {"C": 50.07465087852553, "epsilon": 26.32820794138139, "gamma": 0.029104308763472718, "lamda": 0.009920510477339757}, "datetime": {"datetime": "2021-10-06 14:26:03", "elapsed": 142.86065, "delta": 0.854294}}
{"target": -10.441367903881256, "params": {"C": 58.890301606248954, "epsilon": 22.322173171726526, "gamma": 0.03321130530592735, "lamda": 0.01892198295871489}, "datetime": {"datetime": "2021-10-06 14:26:04", "elapsed": 143.890741, "delta": 1.030091}}
{"target": -10.262942147682164, "params": {"C": 60.199608018049126, "epsilon": 26.650903751185318, "gamma": 0.027430306414352602, "lamda": 0.002345157120599311}, "datetime": {"datetime": "2021-10-06 14:26:05", "elapsed": 144.81458, "delta": 0.923839}}
{"target": -10.111340532254891, "params": {"C": 47.90705521138252, "epsilon": 27.920350071310192, "gamma": 0.01669948540674967, "lamda": 0.002814785784615316}, "datetime": {"datetime": "2021-10-06 14:26:06", "elapsed": 145.712576, "delta": 0.897996}}
