{"target": -10.27985361562107, "params": {"C": 61.72243812072073, "epsilon": 27.894122434195772, "gamma": 0.02072515357255344, "lamda": 0.0010310983121886931}, "datetime": {"datetime": "2021-10-06 13:37:00", "elapsed": 660.16388, "delta": 2.002284}}
{"target": -10.403979883401533, "params": {"C": 58.040782117809144, "epsilon": 21.318180345585155, "gamma": 0.028563193413788823, "lamda": 0.000795628229748932}, "datetime": {"datetime": "2021-10-06 13:37:03", "elapsed": 663.449778, "delta": 3.285898}}
{"target": -10.274304807081554, "params": {"C": 56.90416173404935, "epsilon": 15.556248667961864, "gamma": 0.028269331823095364, "lamda": 0.0021463532813351177}, "datetime": {"datetime": "2021-10-06 13:37:07", "elapsed": 667.335175, "delta": 3.885397}}
{"target": -10.188364650590975, "params": {"C": 37.37018549585851, "epsilon": 26.497266116046184, "gamma": 0.023593939312750244, "lamda": 0.0043163074394218445}, "datetime": {"datetime": "2021-10-06 13:37:10", "elapsed": 670.427724, "delta": 3.092549}}
{"target": -10.29074892903199, "params": {"C": 81.0032871151277, "epsilon": 19.86795972803693, "gamma": 0.01928326898663637, "lamda": 0.010427303627619162}, "datetime": {"datetime": "2021-10-06 13:37:13", "elapsed": 672.493989, "delta": 2.066265}}
{"target": -10.38178394367698, "params": {"C": 40.499666092177634, "epsilon": 29.120436385142987, "gamma": 0.03854194547978518, "lamda": 0.014073285186428175}, "datetime": {"datetime": "2021-10-06 13:37:15", "elapsed": 674.619794, "delta": 2.125805}}
{"target": -10.252209176375782, "params": {"C": 22.858353888626336, "epsilon": 31.38893033041888, "gamma": 0.03354758685606829, "lamda": 0.01062195492553874}, "datetime": {"datetime": "2021-10-06 13:37:17", "elapsed": 676.802558, "delta": 2.182764}}
{"target": -10.818964308738959, "params": {"C": 44.27405026402285, "epsilon": 33.863527921367485, "gamma": 0.01303570704790383, "lamda": 0.01427706178022602}, "datetime": {"datetime": "2021-10-06 13:37:19", "elapsed": 678.827343, "delta": 2.024785}}
{"target": -10.231197058837624, "params": {"C": 34.236565418804794, "epsilon": 28.46500280515684, "gamma": 0.029638601074975388, "lamda": 0.0093136983113041}, "datetime": {"datetime": "2021-10-06 13:37:21", "elapsed": 680.986767, "delta": 2.159424}}
{"target": -10.144526345368497, "params": {"C": 48.08024659445837, "epsilon": 26.727799630728217, "gamma": 0.020184425768888008, "lamda": 0.007367321132944781}, "datetime": {"datetime": "2021-10-06 13:37:24", "elapsed": 683.951092, "delta": 2.964325}}
{"target": -10.299234878598439, "params": {"C": 60.865469709944556, "epsilon": 27.185230822788572, "gamma": 0.02253387903488574, "lamda": 0.015687871759154606}, "datetime": {"datetime": "2021-10-06 13:37:26", "elapsed": 686.219674, "delta": 2.268582}}
{"target": -10.29392135223522, "params": {"C": 7.952471385543046, "epsilon": 18.843866088815965, "gamma": 0.03901520045915677, "lamda": 0.018566890902425574}, "datetime": {"datetime": "2021-10-06 13:37:31", "elapsed": 690.662655, "delta": 4.442981}}
{"target": -10.439218329268122, "params": {"C": 38.27830893458734, "epsilon": 33.36142016181043, "gamma": 0.02478761808267775, "lamda": 0.0011973976449843877}, "datetime": {"datetime": "2021-10-06 13:37:35", "elapsed": 694.643995, "delta": 3.98134}}
{"target": -10.372197094373252, "params": {"C": 88.49627633356157, "epsilon": 23.805637777946142, "gamma": 0.029407191285639733, "lamda": 0.017462971218592537}, "datetime": {"datetime": "2021-10-06 13:37:38", "elapsed": 697.576016, "delta": 2.932021}}
{"target": -10.373881962501223, "params": {"C": 49.472195555037686, "epsilon": 15.639127236091143, "gamma": 0.02452987253992435, "lamda": 0.016183780829772672}, "datetime": {"datetime": "2021-10-06 13:37:40", "elapsed": 699.729533, "delta": 2.153517}}
{"target": -10.632235017625087, "params": {"C": 60.25501853348038, "epsilon": 33.69664114616144, "gamma": 0.03789576120122321, "lamda": 0.0023439852206927642}, "datetime": {"datetime": "2021-10-06 13:37:42", "elapsed": 702.008096, "delta": 2.278563}}
{"target": -10.156054785267237, "params": {"C": 21.70349345548393, "epsilon": 24.017387647832628, "gamma": 0.021949534741984703, "lamda": 0.0075059502413778}, "datetime": {"datetime": "2021-10-06 13:37:44", "elapsed": 704.165341, "delta": 2.157245}}
{"target": -10.456085662453024, "params": {"C": 64.64920717526321, "epsilon": 19.92859191594883, "gamma": 0.03140510511741759, "lamda": 0.01742734068970657}, "datetime": {"datetime": "2021-10-06 13:37:46", "elapsed": 706.325615, "delta": 2.160274}}
{"target": -10.423830760575791, "params": {"C": 96.95766167321209, "epsilon": 32.01182295096727, "gamma": 0.03209049084433008, "lamda": 0.00789941883324685}, "datetime": {"datetime": "2021-10-06 13:37:49", "elapsed": 708.606602, "delta": 2.280987}}
{"target": -10.334167053831214, "params": {"C": 29.36705611116152, "epsilon": 19.36691873840718, "gamma": 0.03041699611550213, "lamda": 0.01927870997668957}, "datetime": {"datetime": "2021-10-06 13:37:52", "elapsed": 711.572658, "delta": 2.966056}}
{"target": -10.448536139548912, "params": {"C": 63.76307783047812, "epsilon": 13.38821126472499, "gamma": 0.02391089111056001, "lamda": 0.01725263649309839}, "datetime": {"datetime": "2021-10-06 13:37:54", "elapsed": 713.80008, "delta": 2.227422}}
{"target": -10.263251097791663, "params": {"C": 21.184387680719915, "epsilon": 16.988236433615505, "gamma": 0.03553060664595378, "lamda": 0.010946664183519585}, "datetime": {"datetime": "2021-10-06 13:37:56", "elapsed": 716.006905, "delta": 2.206825}}
{"target": -10.58732885700226, "params": {"C": 57.99235630170956, "epsilon": 21.50004869862469, "gamma": 0.014680886385316866, "lamda": 0.017769903195072746}, "datetime": {"datetime": "2021-10-06 13:38:00", "elapsed": 719.733493, "delta": 3.726588}}
{"target": -10.309953621821792, "params": {"C": 27.82720507944861, "epsilon": 18.78549916225395, "gamma": 0.028891047495650378, "lamda": 0.014657468282512801}, "datetime": {"datetime": "2021-10-06 13:38:03", "elapsed": 722.812429, "delta": 3.078936}}
{"target": -10.384185708863606, "params": {"C": 72.16110855445804, "epsilon": 25.52023798416279, "gamma": 0.032280098158276455, "lamda": 0.007440088487830928}, "datetime": {"datetime": "2021-10-06 13:38:05", "elapsed": 724.920514, "delta": 2.108085}}
{"target": -10.69781494317649, "params": {"C": 40.1733492874736, "epsilon": 24.303218238018047, "gamma": 0.012864284592410263, "lamda": 0.018470517771216804}, "datetime": {"datetime": "2021-10-06 13:38:07", "elapsed": 727.234157, "delta": 2.313643}}
{"target": -10.896824846645918, "params": {"C": 79.35241142902382, "epsilon": 31.621303813691966, "gamma": 0.011402920797050697, "lamda": 0.01560579050074036}, "datetime": {"datetime": "2021-10-06 13:38:10", "elapsed": 730.35172, "delta": 3.117563}}
{"target": -10.300020567388882, "params": {"C": 21.470791199821754, "epsilon": 20.710751365461235, "gamma": 0.012049354142846682, "lamda": 0.0069715496891601374}, "datetime": {"datetime": "2021-10-06 13:38:13", "elapsed": 733.398613, "delta": 3.046893}}
{"target": -10.293762154798173, "params": {"C": 29.07504240694702, "epsilon": 30.990982356676454, "gamma": 0.03681593436596747, "lamda": 0.011223107493673954}, "datetime": {"datetime": "2021-10-06 13:38:16", "elapsed": 735.920267, "delta": 2.521654}}
{"target": -10.26602688035186, "params": {"C": 48.04859061186344, "epsilon": 26.566791384106693, "gamma": 0.028348151081252097, "lamda": 0.004268056968915861}, "datetime": {"datetime": "2021-10-06 13:38:20", "elapsed": 739.535839, "delta": 3.615572}}
{"target": -10.242252092154498, "params": {"C": 29.790597043376305, "epsilon": 20.56488183750371, "gamma": 0.01786010704917626, "lamda": 0.0012212827807506548}, "datetime": {"datetime": "2021-10-06 13:38:23", "elapsed": 743.252946, "delta": 3.717107}}
{"target": -10.395062559286472, "params": {"C": 48.88865688184481, "epsilon": 28.223678689427313, "gamma": 0.020501150511747755, "lamda": 0.01874745721062482}, "datetime": {"datetime": "2021-10-06 13:38:28", "elapsed": 748.249245, "delta": 4.996299}}
{"target": -10.214065097771197, "params": {"C": 41.96440977765494, "epsilon": 25.407056553490783, "gamma": 0.01706114630144136, "lamda": 0.010034852390693471}, "datetime": {"datetime": "2021-10-06 13:38:32", "elapsed": 751.526157, "delta": 3.276912}}
{"target": -10.29199452617634, "params": {"C": 37.37512964676099, "epsilon": 26.549925694387266, "gamma": 0.030270054241109214, "lamda": 0.0032840519421249554}, "datetime": {"datetime": "2021-10-06 13:38:36", "elapsed": 755.709292, "delta": 4.183135}}
{"target": -10.317508534324643, "params": {"C": 41.17442126709429, "epsilon": 31.185293012613897, "gamma": 0.03080977915198862, "lamda": 0.01226787701148632}, "datetime": {"datetime": "2021-10-06 13:38:40", "elapsed": 760.015446, "delta": 4.306154}}
{"target": -10.108788109465628, "params": {"C": 90.98367253203429, "epsilon": 24.758958970722098, "gamma": 0.019023004603577174, "lamda": 0.0030171538431113883}, "datetime": {"datetime": "2021-10-06 13:38:42", "elapsed": 762.313404, "delta": 2.297958}}
{"target": -10.214884702371887, "params": {"C": 44.47393161211609, "epsilon": 22.511691994482153, "gamma": 0.02533005244083511, "lamda": 0.009242053855504636}, "datetime": {"datetime": "2021-10-06 13:38:45", "elapsed": 764.745571, "delta": 2.432167}}
{"target": -10.196409247937108, "params": {"C": 21.705270292621783, "epsilon": 24.09826299342599, "gamma": 0.024566545956750205, "lamda": 0.014547641512921025}, "datetime": {"datetime": "2021-10-06 13:38:49", "elapsed": 768.936019, "delta": 4.190448}}
{"target": -10.160304849758287, "params": {"C": 39.79223169952662, "epsilon": 31.373788590590124, "gamma": 0.02378732039473258, "lamda": 0.0063791042929747955}, "datetime": {"datetime": "2021-10-06 13:38:52", "elapsed": 772.369699, "delta": 3.43368}}
{"target": -10.264436018788322, "params": {"C": 24.76395142968998, "epsilon": 21.102608919485707, "gamma": 0.02612907244650811, "lamda": 0.012070557725944224}, "datetime": {"datetime": "2021-10-06 13:38:57", "elapsed": 776.89473, "delta": 4.525031}}
{"target": -10.365149903358349, "params": {"C": 56.63864607835804, "epsilon": 13.41009999570965, "gamma": 0.018546463232657785, "lamda": 0.019743224353261257}, "datetime": {"datetime": "2021-10-06 13:39:01", "elapsed": 780.736768, "delta": 3.842038}}
{"target": -10.198806298273228, "params": {"C": 69.52854435801777, "epsilon": 30.64344012044817, "gamma": 0.019555714918912708, "lamda": 0.007937909673196759}, "datetime": {"datetime": "2021-10-06 13:39:05", "elapsed": 784.841006, "delta": 4.104238}}
{"target": -10.421860479306243, "params": {"C": 39.83578677797068, "epsilon": 25.37162221771088, "gamma": 0.03687912378694265, "lamda": 0.0040170074285649305}, "datetime": {"datetime": "2021-10-06 13:39:07", "elapsed": 787.157845, "delta": 2.316839}}
{"target": -10.302415270204305, "params": {"C": 91.40461775206927, "epsilon": 29.519243328222093, "gamma": 0.025675347721311047, "lamda": 0.011085991595928265}, "datetime": {"datetime": "2021-10-06 13:39:11", "elapsed": 790.787735, "delta": 3.62989}}
{"target": -10.34311411327762, "params": {"C": 71.94045704156355, "epsilon": 26.607795537701953, "gamma": 0.022651720254536337, "lamda": 0.01799545842199318}, "datetime": {"datetime": "2021-10-06 13:39:13", "elapsed": 793.173221, "delta": 2.385486}}
{"target": -10.633527808982448, "params": {"C": 96.84667622697457, "epsilon": 11.888885989349475, "gamma": 0.03061498586616413, "lamda": 0.01963913962532473}, "datetime": {"datetime": "2021-10-06 13:39:16", "elapsed": 795.507319, "delta": 2.334098}}
{"target": -10.420587951632292, "params": {"C": 73.44690321027655, "epsilon": 17.130062093263668, "gamma": 0.03244668894039009, "lamda": 0.008398418982759556}, "datetime": {"datetime": "2021-10-06 13:39:20", "elapsed": 799.508294, "delta": 4.000975}}
{"target": -10.282771443086215, "params": {"C": 37.14610540683236, "epsilon": 22.997357390238868, "gamma": 0.018461824624043825, "lamda": 0.016503236800674424}, "datetime": {"datetime": "2021-10-06 13:39:22", "elapsed": 801.858183, "delta": 2.349889}}
{"target": -10.665038151935239, "params": {"C": 37.22138019396629, "epsilon": 23.070625263606615, "gamma": 0.012202018204137072, "lamda": 0.01704281912236182}, "datetime": {"datetime": "2021-10-06 13:39:28", "elapsed": 808.242055, "delta": 6.383872}}
{"target": -10.439561592097538, "params": {"C": 79.75491199906287, "epsilon": 22.852419149416264, "gamma": 0.034878031888322086, "lamda": 0.008507031422116498}, "datetime": {"datetime": "2021-10-06 13:39:31", "elapsed": 810.563338, "delta": 2.321283}}
{"target": -10.328417821227507, "params": {"C": 31.380241219713536, "epsilon": 28.841495481026143, "gamma": 0.0352782781173716, "lamda": 0.005945577732294675}, "datetime": {"datetime": "2021-10-06 13:39:33", "elapsed": 812.853207, "delta": 2.289869}}
{"target": -10.175419853925199, "params": {"C": 35.692110957083, "epsilon": 16.393994569083823, "gamma": 0.021708425925197998, "lamda": 0.004400852715684353}, "datetime": {"datetime": "2021-10-06 13:39:35", "elapsed": 815.287053, "delta": 2.433846}}
{"target": -10.409268527890623, "params": {"C": 90.95731610376446, "epsilon": 24.76228276218107, "gamma": 0.033669632544619806, "lamda": 0.018088791973611792}, "datetime": {"datetime": "2021-10-06 13:39:39", "elapsed": 818.91486, "delta": 3.627807}}
{"target": -10.54358267968127, "params": {"C": 93.1242086036502, "epsilon": 11.08814434971114, "gamma": 0.028781881034929423, "lamda": 0.015503600712387567}, "datetime": {"datetime": "2021-10-06 13:39:41", "elapsed": 821.314814, "delta": 2.399954}}
{"target": -10.308940026727116, "params": {"C": 8.007391345238911, "epsilon": 18.795018041356272, "gamma": 0.014580186642734933, "lamda": 0.01294543497835856}, "datetime": {"datetime": "2021-10-06 13:39:45", "elapsed": 824.903799, "delta": 3.588985}}
{"target": -10.353502949777804, "params": {"C": 39.67373241985261, "epsilon": 31.389736024247956, "gamma": 0.03571461367348357, "lamda": 0.012405205907623637}, "datetime": {"datetime": "2021-10-06 13:39:50", "elapsed": 829.93237, "delta": 5.028571}}
{"target": -10.20525005457101, "params": {"C": 33.009735779802476, "epsilon": 24.167923767209356, "gamma": 0.028882697792928035, "lamda": 0.0051445710471873934}, "datetime": {"datetime": "2021-10-06 13:39:52", "elapsed": 832.331858, "delta": 2.399488}}
{"target": -10.438070436946994, "params": {"C": 48.15190864979362, "epsilon": 26.629375202922457, "gamma": 0.03716756621175839, "lamda": 0.018729030552644785}, "datetime": {"datetime": "2021-10-06 13:39:57", "elapsed": 836.66232, "delta": 4.330462}}
{"target": -10.36364648548032, "params": {"C": 55.77627308756845, "epsilon": 24.029223909324347, "gamma": 0.03301346055237428, "lamda": 0.008008273350884521}, "datetime": {"datetime": "2021-10-06 13:40:00", "elapsed": 839.768992, "delta": 3.106672}}
{"target": -10.44209715563026, "params": {"C": 63.289723274101085, "epsilon": 23.447854164195192, "gamma": 0.0354967834500657, "lamda": 0.013705861099742239}, "datetime": {"datetime": "2021-10-06 13:40:04", "elapsed": 843.629523, "delta": 3.860531}}
{"target": -10.617650804461983, "params": {"C": 81.06235986424244, "epsilon": 31.9467808647314, "gamma": 0.033329315011838834, "lamda": 0.0015899274982466073}, "datetime": {"datetime": "2021-10-06 13:40:07", "elapsed": 847.175128, "delta": 3.545605}}
{"target": -10.337675548058959, "params": {"C": 7.884777009034281, "epsilon": 29.153719256078343, "gamma": 0.039217114491328205, "lamda": 0.015099245967565358}, "datetime": {"datetime": "2021-10-06 13:40:10", "elapsed": 849.790682, "delta": 2.615554}}
{"target": -10.674224492946486, "params": {"C": 74.0442744736299, "epsilon": 15.44205480403607, "gamma": 0.03739761671818843, "lamda": 0.0018123201362875328}, "datetime": {"datetime": "2021-10-06 13:40:12", "elapsed": 852.241711, "delta": 2.451029}}
{"target": -10.320944292112424, "params": {"C": 34.2107382437776, "epsilon": 28.45092673168552, "gamma": 0.027872261428359822, "lamda": 0.0027030365720829793}, "datetime": {"datetime": "2021-10-06 13:40:16", "elapsed": 855.548498, "delta": 3.306787}}
{"target": -10.136715001065507, "params": {"C": 33.617898884753416, "epsilon": 25.123827212590513, "gamma": 0.021533670561409674, "lamda": 0.0067315668863517295}, "datetime": {"datetime": "2021-10-06 13:40:19", "elapsed": 858.777039, "delta": 3.228541}}
{"target": -10.41826602550707, "params": {"C": 13.94150142311683, "epsilon": 23.80853603191372, "gamma": 0.011726150207510177, "lamda": 0.0008981570183699206}, "datetime": {"datetime": "2021-10-06 13:40:22", "elapsed": 861.991118, "delta": 3.214079}}
{"target": -10.399626401225555, "params": {"C": 77.39569149044158, "epsilon": 17.444878563768988, "gamma": 0.023962016067119028, "lamda": 0.015621614128593716}, "datetime": {"datetime": "2021-10-06 13:40:24", "elapsed": 864.419235, "delta": 2.428117}}
{"target": -10.174962095565675, "params": {"C": 23.34648880248915, "epsilon": 30.112491024297157, "gamma": 0.017385219900985266, "lamda": 0.010026999795519454}, "datetime": {"datetime": "2021-10-06 13:40:29", "elapsed": 868.889525, "delta": 4.47029}}
{"target": -10.336861592845759, "params": {"C": 77.90192039171949, "epsilon": 17.620618776367763, "gamma": 0.015969002097717195, "lamda": 0.008959755744169826}, "datetime": {"datetime": "2021-10-06 13:40:31", "elapsed": 871.426724, "delta": 2.537199}}
{"target": -10.482158891328657, "params": {"C": 44.35576605201588, "epsilon": 23.89340549230991, "gamma": 0.037534362344815206, "lamda": 0.017781168961257948}, "datetime": {"datetime": "2021-10-06 13:40:35", "elapsed": 874.797959, "delta": 3.371235}}
{"target": -10.666957677496125, "params": {"C": 64.14965808354496, "epsilon": 30.579890489826568, "gamma": 0.014859191575603146, "lamda": 0.01582049683616314}, "datetime": {"datetime": "2021-10-06 13:40:39", "elapsed": 878.521713, "delta": 3.723754}}
{"target": -10.250163786966967, "params": {"C": 23.64166622982291, "epsilon": 14.90442751380063, "gamma": 0.019912905245155342, "lamda": 0.011065024903993597}, "datetime": {"datetime": "2021-10-06 13:40:41", "elapsed": 881.032739, "delta": 2.511026}}
{"target": -10.356000502586275, "params": {"C": 70.47838076629236, "epsilon": 22.616855896089703, "gamma": 0.02551053984852423, "lamda": 0.018904165323666827}, "datetime": {"datetime": "2021-10-06 13:40:44", "elapsed": 883.487757, "delta": 2.455018}}
{"target": -10.451956047069, "params": {"C": 94.94897369803445, "epsilon": 18.09889358193346, "gamma": 0.03370565487932315, "lamda": 0.00692047324670517}, "datetime": {"datetime": "2021-10-06 13:40:47", "elapsed": 887.109082, "delta": 3.621325}}
{"target": -10.174316355282333, "params": {"C": 58.0089309861633, "epsilon": 21.384447091638858, "gamma": 0.018669118390987144, "lamda": 0.009063533282031471}, "datetime": {"datetime": "2021-10-06 13:40:51", "elapsed": 890.861301, "delta": 3.752219}}
{"target": -10.24945386112908, "params": {"C": 26.662087902464382, "epsilon": 23.088399005555857, "gamma": 0.031169235335219862, "lamda": 0.011405576952812482}, "datetime": {"datetime": "2021-10-06 13:40:53", "elapsed": 893.330835, "delta": 2.469534}}
{"target": -10.377244567559057, "params": {"C": 55.69519629991063, "epsilon": 12.975888501328827, "gamma": 0.031450898230132224, "lamda": 0.0091871262398678}, "datetime": {"datetime": "2021-10-06 13:40:57", "elapsed": 897.089786, "delta": 3.758951}}
{"target": -10.194304283577342, "params": {"C": 22.763434903436195, "epsilon": 22.01608893917221, "gamma": 0.022537111043288864, "lamda": 0.00510609470024603}, "datetime": {"datetime": "2021-10-06 13:41:01", "elapsed": 900.972468, "delta": 3.882682}}
{"target": -10.331247786193487, "params": {"C": 83.48398720873966, "epsilon": 29.46531770317486, "gamma": 0.016787214122512495, "lamda": 0.00848497958056172}, "datetime": {"datetime": "2021-10-06 13:41:04", "elapsed": 903.485341, "delta": 2.512873}}
{"target": -10.41946930895544, "params": {"C": 33.78217592068369, "epsilon": 12.94878450980677, "gamma": 0.02843036629833072, "lamda": 0.01695655733297277}, "datetime": {"datetime": "2021-10-06 13:41:06", "elapsed": 906.002416, "delta": 2.517075}}
{"target": -10.518296168075759, "params": {"C": 35.72470865862205, "epsilon": 11.598487180551395, "gamma": 0.03944194837658465, "lamda": 0.011580493992107898}, "datetime": {"datetime": "2021-10-06 13:41:08", "elapsed": 908.440571, "delta": 2.438155}}
{"target": -10.678333347265111, "params": {"C": 12.840773156522399, "epsilon": 15.134304811013424, "gamma": 0.010300259695732379, "lamda": 0.017602995927428814}, "datetime": {"datetime": "2021-10-06 13:41:11", "elapsed": 911.098002, "delta": 2.657431}}
{"target": -10.397497706905392, "params": {"C": 39.73018812867132, "epsilon": 31.378183345928097, "gamma": 0.031051067850738294, "lamda": 0.0019646051316306273}, "datetime": {"datetime": "2021-10-06 13:41:15", "elapsed": 914.896, "delta": 3.797998}}
{"target": -10.420581512037359, "params": {"C": 44.835012340680535, "epsilon": 22.461112741331966, "gamma": 0.023984931110798233, "lamda": 0.0005775849978830309}, "datetime": {"datetime": "2021-10-06 13:41:18", "elapsed": 918.138739, "delta": 3.242739}}
{"target": -10.24050552291104, "params": {"C": 24.894872030887587, "epsilon": 19.259421436641198, "gamma": 0.024526220614557514, "lamda": 0.0017458804365078824}, "datetime": {"datetime": "2021-10-06 13:41:21", "elapsed": 920.631657, "delta": 2.492918}}
{"target": -10.338271626418779, "params": {"C": 24.2303996649874, "epsilon": 30.05960042954061, "gamma": 0.016413793277916897, "lamda": 0.0020513649984685066}, "datetime": {"datetime": "2021-10-06 13:41:24", "elapsed": 924.217458, "delta": 3.585801}}
{"target": -10.666715095803395, "params": {"C": 39.69959549508507, "epsilon": 31.35594215797872, "gamma": 0.01489446592272302, "lamda": 0.01658290093102011}, "datetime": {"datetime": "2021-10-06 13:41:28", "elapsed": 927.805256, "delta": 3.587798}}
