{"target": -10.759032105263424, "params": {"C": 66.21925332891175, "epsilon": 17.004527545534813, "gamma": 0.0447995074617961, "lamda": 0.019909665023541703}, "datetime": {"datetime": "2021-10-05 13:02:30", "elapsed": 1523.441949, "delta": 5.229641}}
{"target": -11.023554095949494, "params": {"C": 8.777499286835386, "epsilon": 28.8826792671633, "gamma": 0.008416771105291496, "lamda": 0.010069257894006726}, "datetime": {"datetime": "2021-10-05 13:02:35", "elapsed": 1529.057022, "delta": 5.615073}}
{"target": -10.427538901076456, "params": {"C": 27.399614437117325, "epsilon": 18.351493241989015, "gamma": 0.04216785456410981, "lamda": 0.006441585530255631}, "datetime": {"datetime": "2021-10-05 13:02:39", "elapsed": 1533.114805, "delta": 4.057783}}
{"target": -11.015647525231168, "params": {"C": 6.778696874271548, "epsilon": 14.289239292258603, "gamma": 0.009445883478262793, "lamda": 0.009398838016191855}, "datetime": {"datetime": "2021-10-05 13:02:44", "elapsed": 1537.567276, "delta": 4.452471}}
{"target": -10.2053933451535, "params": {"C": 31.49241037853017, "epsilon": 16.733336898097782, "gamma": 0.01938502157437065, "lamda": 0.009630048676364066}, "datetime": {"datetime": "2021-10-05 13:02:52", "elapsed": 1545.309437, "delta": 7.742161}}
{"target": -10.401484214486656, "params": {"C": 35.73815847918824, "epsilon": 20.32649483861524, "gamma": 0.022271785687029762, "lamda": 0.024327619777712726}, "datetime": {"datetime": "2021-10-05 13:02:55", "elapsed": 1549.147651, "delta": 3.838214}}
{"target": -10.14804443867154, "params": {"C": 76.87666687976927, "epsilon": 12.582839758870477, "gamma": 0.01587329315629632, "lamda": 0.0031333702319577255}, "datetime": {"datetime": "2021-10-05 13:03:02", "elapsed": 1555.632592, "delta": 6.484941}}
{"target": -10.868249546145693, "params": {"C": 7.4641103627225025, "epsilon": 18.62817228876886, "gamma": 0.01009525097640255, "lamda": 0.006116310765958747}, "datetime": {"datetime": "2021-10-05 13:03:08", "elapsed": 1561.769229, "delta": 6.136637}}
{"target": -10.683680477653889, "params": {"C": 88.50660841277609, "epsilon": 24.477716624152706, "gamma": 0.02917991983887982, "lamda": 0.04203349049951085}, "datetime": {"datetime": "2021-10-05 13:03:15", "elapsed": 1569.074371, "delta": 7.305142}}
{"target": -10.487326884132637, "params": {"C": 8.34588592425699, "epsilon": 21.102274529474524, "gamma": 0.03730709350015458, "lamda": 0.035671394336755084}, "datetime": {"datetime": "2021-10-05 13:03:22", "elapsed": 1575.461617, "delta": 6.387246}}
{"target": -11.465076549066245, "params": {"C": 10.244664751624224, "epsilon": 19.933753804143826, "gamma": 0.009030563076232382, "lamda": 0.04250138869033875}, "datetime": {"datetime": "2021-10-05 13:03:28", "elapsed": 1582.0236, "delta": 6.561983}}
{"target": -10.219703130651688, "params": {"C": 79.00081943271142, "epsilon": 28.08048985584126, "gamma": 0.020229980679160414, "lamda": 0.007159610981184429}, "datetime": {"datetime": "2021-10-05 13:03:35", "elapsed": 1588.573476, "delta": 6.549876}}
{"target": -10.908600428001021, "params": {"C": 90.12264784644854, "epsilon": 20.500387587986282, "gamma": 0.015973213445811284, "lamda": 0.04034426938306566}, "datetime": {"datetime": "2021-10-05 13:03:39", "elapsed": 1592.278309, "delta": 3.704833}}
{"target": -10.647201527231106, "params": {"C": 71.5270382615826, "epsilon": 19.240092148293648, "gamma": 0.035857093107786155, "lamda": 0.0011602190901047792}, "datetime": {"datetime": "2021-10-05 13:03:44", "elapsed": 1597.883672, "delta": 5.605363}}
{"target": -10.303092828949485, "params": {"C": 7.4969470385219275, "epsilon": 18.596509029575998, "gamma": 0.021978705460785355, "lamda": 0.021591988565351175}, "datetime": {"datetime": "2021-10-05 13:03:51", "elapsed": 1604.636994, "delta": 6.753322}}
{"target": -10.611833989786149, "params": {"C": 45.59125158197744, "epsilon": 23.40348250260281, "gamma": 0.031111411223002452, "lamda": 0.03685147613489445}, "datetime": {"datetime": "2021-10-05 13:03:55", "elapsed": 1608.524893, "delta": 3.887899}}
{"target": -10.67302572115771, "params": {"C": 67.57300392686548, "epsilon": 16.099441364105758, "gamma": 0.03824409313057395, "lamda": 0.033027424822141355}, "datetime": {"datetime": "2021-10-05 13:04:00", "elapsed": 1613.755266, "delta": 5.230373}}
{"target": -10.487858099426486, "params": {"C": 61.67021708707887, "epsilon": 27.093088091689445, "gamma": 0.03794538440848502, "lamda": 0.022894071769197732}, "datetime": {"datetime": "2021-10-05 13:04:07", "elapsed": 1620.362373, "delta": 6.607107}}
{"target": -11.367739132741473, "params": {"C": 11.605181851413679, "epsilon": 29.53777112781008, "gamma": 0.012053607249293049, "lamda": 0.04264415916381258}, "datetime": {"datetime": "2021-10-05 13:04:13", "elapsed": 1626.548439, "delta": 6.186066}}
{"target": -10.690204159247907, "params": {"C": 83.88402675891635, "epsilon": 17.16504651676116, "gamma": 0.02936151014823299, "lamda": 0.04413704994103443}, "datetime": {"datetime": "2021-10-05 13:04:17", "elapsed": 1630.590516, "delta": 4.042077}}
{"target": -10.58193090994779, "params": {"C": 71.11628940622266, "epsilon": 26.311379479468954, "gamma": 0.04099657014278117, "lamda": 0.0056259063998183355}, "datetime": {"datetime": "2021-10-05 13:04:23", "elapsed": 1636.496166, "delta": 5.90565}}
{"target": -10.855762843479695, "params": {"C": 91.05291781744175, "epsilon": 14.335858372111446, "gamma": 0.021212064949605182, "lamda": 0.04963373739668521}, "datetime": {"datetime": "2021-10-05 13:04:27", "elapsed": 1640.255832, "delta": 3.759666}}
{"target": -10.562586561318085, "params": {"C": 12.678889431571971, "epsilon": 22.86136514555464, "gamma": 0.04824340090250609, "lamda": 0.023513728511211886}, "datetime": {"datetime": "2021-10-05 13:04:33", "elapsed": 1646.234634, "delta": 5.978802}}
{"target": -10.432606672506884, "params": {"C": 22.39845308041991, "epsilon": 18.005573801429, "gamma": 0.03442027806412719, "lamda": 0.026135425566942583}, "datetime": {"datetime": "2021-10-05 13:04:37", "elapsed": 1650.36099, "delta": 4.126356}}
{"target": -10.53274090792456, "params": {"C": 21.27146350443204, "epsilon": 10.5448574999133, "gamma": 0.02818374503388432, "lamda": 0.026652411854458956}, "datetime": {"datetime": "2021-10-05 13:04:41", "elapsed": 1654.758167, "delta": 4.397177}}
{"target": -10.687321695168047, "params": {"C": 95.24973025942654, "epsilon": 14.597248305773542, "gamma": 0.04151147819167712, "lamda": 0.00873022177871219}, "datetime": {"datetime": "2021-10-05 13:04:45", "elapsed": 1658.850708, "delta": 4.092541}}
{"target": -10.715663840095106, "params": {"C": 18.248909043474463, "epsilon": 18.81734974188784, "gamma": 0.02487577598114367, "lamda": 0.0462466439559506}, "datetime": {"datetime": "2021-10-05 13:04:52", "elapsed": 1665.386706, "delta": 6.535998}}
{"target": -10.444163962180058, "params": {"C": 51.82448570514353, "epsilon": 21.326753479599404, "gamma": 0.0388849433979571, "lamda": 0.011166599406212884}, "datetime": {"datetime": "2021-10-05 13:04:57", "elapsed": 1671.112883, "delta": 5.726177}}
{"target": -10.387233723680856, "params": {"C": 73.52606629929551, "epsilon": 28.323367506890293, "gamma": 0.034959253290765296, "lamda": 0.014877561283025044}, "datetime": {"datetime": "2021-10-05 13:05:04", "elapsed": 1677.79868, "delta": 6.685797}}
{"target": -10.462664253822023, "params": {"C": 41.12707789939484, "epsilon": 26.94203557004378, "gamma": 0.028837756707506806, "lamda": 0.0252430088615095}, "datetime": {"datetime": "2021-10-05 13:05:10", "elapsed": 1683.758653, "delta": 5.959973}}
{"target": -10.378109572059428, "params": {"C": 79.24038813617896, "epsilon": 23.231062239960238, "gamma": 0.020195594967697753, "lamda": 0.019565136218361544}, "datetime": {"datetime": "2021-10-05 13:05:14", "elapsed": 1688.114796, "delta": 4.356143}}
{"target": -10.212940290438938, "params": {"C": 31.133299073824322, "epsilon": 17.851718764600715, "gamma": 0.025403298653836677, "lamda": 0.008614005678030036}, "datetime": {"datetime": "2021-10-05 13:05:21", "elapsed": 1694.940389, "delta": 6.825593}}
{"target": -10.768900315444785, "params": {"C": 92.53663221971681, "epsilon": 21.36075627730854, "gamma": 0.031267200571726106, "lamda": 0.049073779024373036}, "datetime": {"datetime": "2021-10-05 13:05:26", "elapsed": 1699.390384, "delta": 4.449995}}
{"target": -10.64040270684636, "params": {"C": 43.305290403646495, "epsilon": 26.04375761915881, "gamma": 0.025329711822663394, "lamda": 0.035785211764673364}, "datetime": {"datetime": "2021-10-05 13:05:30", "elapsed": 1703.692298, "delta": 4.301914}}
{"target": -10.699146062610025, "params": {"C": 35.70425786976788, "epsilon": 15.10170407039803, "gamma": 0.040293966965871446, "lamda": 0.029873981695590364}, "datetime": {"datetime": "2021-10-05 13:05:40", "elapsed": 1713.638234, "delta": 9.945936}}
{"target": -10.514075493431726, "params": {"C": 63.12656769171161, "epsilon": 25.04656924509876, "gamma": 0.03786262479457714, "lamda": 0.026970281372901635}, "datetime": {"datetime": "2021-10-05 13:05:44", "elapsed": 1717.778619, "delta": 4.140385}}
{"target": -10.60433863595851, "params": {"C": 71.65339023933234, "epsilon": 17.694785885582156, "gamma": 0.03414601167354237, "lamda": 0.030245287327008378}, "datetime": {"datetime": "2021-10-05 13:05:50", "elapsed": 1723.442951, "delta": 5.664332}}
{"target": -10.434238264176825, "params": {"C": 50.49315668943633, "epsilon": 22.42261118717482, "gamma": 0.025609696429021465, "lamda": 0.024796296727478875}, "datetime": {"datetime": "2021-10-05 13:05:54", "elapsed": 1727.580626, "delta": 4.137675}}
{"target": -10.504014097597441, "params": {"C": 81.925453157546, "epsilon": 17.003369394649184, "gamma": 0.03248018056745975, "lamda": 0.014675985621489102}, "datetime": {"datetime": "2021-10-05 13:05:59", "elapsed": 1732.963641, "delta": 5.383015}}
{"target": -10.227193657132446, "params": {"C": 12.432988736162033, "epsilon": 19.90327695478399, "gamma": 0.02561724620469247, "lamda": 0.019539407529955723}, "datetime": {"datetime": "2021-10-05 13:06:03", "elapsed": 1737.11732, "delta": 4.153679}}
{"target": -10.541232073802247, "params": {"C": 31.11048410137137, "epsilon": 17.83783225640298, "gamma": 0.01036663634031326, "lamda": 0.011358884241670019}, "datetime": {"datetime": "2021-10-05 13:06:12", "elapsed": 1745.861787, "delta": 8.744467}}
{"target": -10.589003908336137, "params": {"C": 19.6471445999778, "epsilon": 20.726436255539596, "gamma": 0.02431027300774977, "lamda": 0.03791788729833234}, "datetime": {"datetime": "2021-10-05 13:06:17", "elapsed": 1750.308723, "delta": 4.446936}}
{"target": -10.841917247231217, "params": {"C": 25.126712202091586, "epsilon": 24.82605965480509, "gamma": 0.013860091969642638, "lamda": 0.028857857567700596}, "datetime": {"datetime": "2021-10-05 13:06:21", "elapsed": 1755.027508, "delta": 4.718785}}
{"target": -10.225141828052784, "params": {"C": 28.420111348618583, "epsilon": 27.443736726631354, "gamma": 0.030689832834881352, "lamda": 0.010109072362076364}, "datetime": {"datetime": "2021-10-05 13:06:29", "elapsed": 1762.254697, "delta": 7.227189}}
{"target": -10.877797742191984, "params": {"C": 58.820516356688195, "epsilon": 11.018229122603644, "gamma": 0.033104115013690524, "lamda": 0.048982721750070145}, "datetime": {"datetime": "2021-10-05 13:06:35", "elapsed": 1768.579315, "delta": 6.324618}}
{"target": -10.476283394784529, "params": {"C": 15.904813071109967, "epsilon": 12.830800897542154, "gamma": 0.014636051984545814, "lamda": 0.025199337664823712}, "datetime": {"datetime": "2021-10-05 13:06:40", "elapsed": 1773.711831, "delta": 5.132516}}
{"target": -10.858274494035678, "params": {"C": 86.31467896186065, "epsilon": 12.716680716510949, "gamma": 0.013627968737959757, "lamda": 0.03524541627256119}, "datetime": {"datetime": "2021-10-05 13:06:48", "elapsed": 1781.959728, "delta": 8.247897}}
{"target": -10.747115781552504, "params": {"C": 12.649549191788047, "epsilon": 22.8798734973485, "gamma": 0.048130305695123735, "lamda": 0.04565248249279332}, "datetime": {"datetime": "2021-10-05 13:06:56", "elapsed": 1789.910616, "delta": 7.950888}}
{"target": -10.53964900067433, "params": {"C": 50.03368952847376, "epsilon": 27.097063444918348, "gamma": 0.008246041696225713, "lamda": 0.004461042275211768}, "datetime": {"datetime": "2021-10-05 13:07:01", "elapsed": 1794.402441, "delta": 4.491825}}
{"target": -10.231626002188635, "params": {"C": 15.37358646013212, "epsilon": 18.970598927503207, "gamma": 0.02965370511253466, "lamda": 0.006155679820066458}, "datetime": {"datetime": "2021-10-05 13:07:06", "elapsed": 1800.096439, "delta": 5.693998}}
{"target": -11.306210561678002, "params": {"C": 15.271138059619279, "epsilon": 16.255565572302707, "gamma": 0.009530093089910088, "lamda": 0.037513718970628246}, "datetime": {"datetime": "2021-10-05 13:07:16", "elapsed": 1809.28277, "delta": 9.186331}}
{"target": -10.633148675060463, "params": {"C": 12.844534704500433, "epsilon": 27.003861160697387, "gamma": 0.03459753670126864, "lamda": 0.04078377171110354}, "datetime": {"datetime": "2021-10-05 13:07:20", "elapsed": 1813.533066, "delta": 4.250296}}
{"target": -10.495728394686473, "params": {"C": 9.425697168847625, "epsilon": 14.843127956988539, "gamma": 0.027733586605981637, "lamda": 0.03887778150964107}, "datetime": {"datetime": "2021-10-05 13:07:28", "elapsed": 1821.466997, "delta": 7.933931}}
{"target": -10.726550857282406, "params": {"C": 36.310465920607854, "epsilon": 12.007364034559293, "gamma": 0.025007034044388175, "lamda": 0.043673626351058974}, "datetime": {"datetime": "2021-10-05 13:07:33", "elapsed": 1826.574804, "delta": 5.107807}}
{"target": -10.50874323852641, "params": {"C": 44.178012452342216, "epsilon": 19.869271988280403, "gamma": 0.024959574095411614, "lamda": 0.02860542031793039}, "datetime": {"datetime": "2021-10-05 13:07:39", "elapsed": 1833.012819, "delta": 6.438015}}
{"target": -10.370923481156401, "params": {"C": 67.21476140153268, "epsilon": 10.360742955381584, "gamma": 0.025221673798229937, "lamda": 0.012102022247229265}, "datetime": {"datetime": "2021-10-05 13:07:44", "elapsed": 1838.035292, "delta": 5.022473}}
{"target": -10.404272228761414, "params": {"C": 12.694824512224365, "epsilon": 22.904216715812126, "gamma": 0.0434505315249759, "lamda": 0.02116375028493166}, "datetime": {"datetime": "2021-10-05 13:07:52", "elapsed": 1845.63695, "delta": 7.601658}}
{"target": -10.88197341650675, "params": {"C": 46.39322272505691, "epsilon": 18.311456454850042, "gamma": 0.010468390703387063, "lamda": 0.021538326961958953}, "datetime": {"datetime": "2021-10-05 13:08:00", "elapsed": 1854.202135, "delta": 8.565185}}
{"target": -10.754364566179945, "params": {"C": 10.232515804824596, "epsilon": 19.943016545968465, "gamma": 0.04803268905639374, "lamda": 0.0009103890939380171}, "datetime": {"datetime": "2021-10-05 13:08:10", "elapsed": 1863.424416, "delta": 9.222281}}
{"target": -10.498570619913888, "params": {"C": 68.73221584436877, "epsilon": 20.89341172871401, "gamma": 0.030293426873999375, "lamda": 0.027192279284500517}, "datetime": {"datetime": "2021-10-05 13:08:14", "elapsed": 1867.360262, "delta": 3.935846}}
{"target": -10.5550525649203, "params": {"C": 41.11661884518454, "epsilon": 26.972334268521323, "gamma": 0.0477768747192317, "lamda": 0.01316024364839934}, "datetime": {"datetime": "2021-10-05 13:08:21", "elapsed": 1874.957348, "delta": 7.597086}}
{"target": -10.391668243243142, "params": {"C": 5.573333740483392, "epsilon": 17.50028342102606, "gamma": 0.038441735882653205, "lamda": 0.006321706105691071}, "datetime": {"datetime": "2021-10-05 13:08:29", "elapsed": 1882.887487, "delta": 7.930139}}
{"target": -10.599059189091113, "params": {"C": 27.14453228377229, "epsilon": 11.067444312626545, "gamma": 0.047454171888633954, "lamda": 0.008699141224129028}, "datetime": {"datetime": "2021-10-05 13:08:36", "elapsed": 1889.292579, "delta": 6.405092}}
{"target": -10.552203947585664, "params": {"C": 32.307695539712824, "epsilon": 26.828187574980653, "gamma": 0.04351209953148988, "lamda": 0.02136338913212242}, "datetime": {"datetime": "2021-10-05 13:08:39", "elapsed": 1892.952566, "delta": 3.659987}}
{"target": -10.649402152523901, "params": {"C": 50.55229857931417, "epsilon": 29.663964111243295, "gamma": 0.02028331496159694, "lamda": 0.029391068728695055}, "datetime": {"datetime": "2021-10-05 13:08:45", "elapsed": 1898.397442, "delta": 5.444876}}
{"target": -10.537022630378445, "params": {"C": 80.68332460432934, "epsilon": 12.7642938957287, "gamma": 0.035453215728896745, "lamda": 0.007734798973617387}, "datetime": {"datetime": "2021-10-05 13:08:49", "elapsed": 1902.296916, "delta": 3.899474}}
{"target": -10.450718139108858, "params": {"C": 6.025040770271607, "epsilon": 21.495779695696758, "gamma": 0.021500728899287003, "lamda": 0.02908154961752953}, "datetime": {"datetime": "2021-10-05 13:08:53", "elapsed": 1906.637291, "delta": 4.340375}}
{"target": -10.39364534456836, "params": {"C": 88.51617515420946, "epsilon": 24.52412137398074, "gamma": 0.03283689892531183, "lamda": 0.012030492062386782}, "datetime": {"datetime": "2021-10-05 13:09:00", "elapsed": 1913.859314, "delta": 7.222023}}
{"target": -10.567021268450072, "params": {"C": 49.1282579952341, "epsilon": 11.12879301929027, "gamma": 0.028857319883226547, "lamda": 0.025671752372517148}, "datetime": {"datetime": "2021-10-05 13:09:05", "elapsed": 1919.028762, "delta": 5.169448}}
{"target": -10.677518668448357, "params": {"C": 83.94288900165068, "epsilon": 15.283502115788322, "gamma": 0.03735012317380099, "lamda": 0.026145519037707614}, "datetime": {"datetime": "2021-10-05 13:09:09", "elapsed": 1923.165939, "delta": 4.137177}}
{"target": -10.70913704791376, "params": {"C": 54.60119764564545, "epsilon": 17.149990150656762, "gamma": 0.0409420094740269, "lamda": 0.02735518386793977}, "datetime": {"datetime": "2021-10-05 13:09:16", "elapsed": 1929.72803, "delta": 6.562091}}
{"target": -10.48919305229578, "params": {"C": 57.07132627395028, "epsilon": 19.494764700489313, "gamma": 0.03655593301514055, "lamda": 0.0035641096029660467}, "datetime": {"datetime": "2021-10-05 13:09:22", "elapsed": 1936.155074, "delta": 6.427044}}
{"target": -10.518790220787974, "params": {"C": 23.49847272795431, "epsilon": 11.031143524538027, "gamma": 0.01088076697217738, "lamda": 0.010045369491880346}, "datetime": {"datetime": "2021-10-05 13:09:28", "elapsed": 1941.608214, "delta": 5.45314}}
{"target": -10.300350742041978, "params": {"C": 37.44397066079798, "epsilon": 26.36907405685119, "gamma": 0.033772805234307895, "lamda": 0.004496617396994083}, "datetime": {"datetime": "2021-10-05 13:09:35", "elapsed": 1948.521263, "delta": 6.913049}}
{"target": -10.523781408060163, "params": {"C": 13.822776183220608, "epsilon": 29.172523574522085, "gamma": 0.036777641620925616, "lamda": 0.02924676340930695}, "datetime": {"datetime": "2021-10-05 13:09:40", "elapsed": 1953.604243, "delta": 5.08298}}
{"target": -10.699854564350375, "params": {"C": 17.140503632882528, "epsilon": 13.066712854525607, "gamma": 0.04006419880422764, "lamda": 0.040664780192268685}, "datetime": {"datetime": "2021-10-05 13:09:46", "elapsed": 1959.826327, "delta": 6.222084}}
{"target": -10.38776876706865, "params": {"C": 45.06168035915648, "epsilon": 24.309549741263275, "gamma": 0.02668583275631872, "lamda": 0.022044623734523105}, "datetime": {"datetime": "2021-10-05 13:09:51", "elapsed": 1964.439374, "delta": 4.613047}}
{"target": -10.625141579819172, "params": {"C": 39.704907756667026, "epsilon": 27.103990348964228, "gamma": 0.032498912814940634, "lamda": 0.036583684158413274}, "datetime": {"datetime": "2021-10-05 13:09:57", "elapsed": 1970.503088, "delta": 6.063714}}
{"target": -10.803129803458821, "params": {"C": 40.86606167460297, "epsilon": 14.66539142452989, "gamma": 0.009470144756460613, "lamda": 0.016894039933755572}, "datetime": {"datetime": "2021-10-05 13:10:01", "elapsed": 1974.593497, "delta": 4.090409}}
{"target": -10.660215671183723, "params": {"C": 81.84991811873691, "epsilon": 13.661061331858374, "gamma": 0.02231739479332015, "lamda": 0.03881049342947122}, "datetime": {"datetime": "2021-10-05 13:10:06", "elapsed": 1980.124189, "delta": 5.530692}}
{"target": -10.43101192643337, "params": {"C": 23.27982328334464, "epsilon": 20.109931748653615, "gamma": 0.03583844977564407, "lamda": 0.025007803465768447}, "datetime": {"datetime": "2021-10-05 13:10:13", "elapsed": 1986.746163, "delta": 6.621974}}
{"target": -10.255949169719091, "params": {"C": 81.1178796720351, "epsilon": 19.281587582055902, "gamma": 0.02260239340014222, "lamda": 0.008668332129120687}, "datetime": {"datetime": "2021-10-05 13:10:17", "elapsed": 1990.970245, "delta": 4.224082}}
{"target": -10.287808238121729, "params": {"C": 86.60725416957564, "epsilon": 28.166997576394255, "gamma": 0.02442249789473445, "lamda": 0.014012291280853432}, "datetime": {"datetime": "2021-10-05 13:10:22", "elapsed": 1995.672542, "delta": 4.702297}}
{"target": -10.570583876104678, "params": {"C": 26.278327048359234, "epsilon": 17.625806599604125, "gamma": 0.02426914901446363, "lamda": 0.035069144011920066}, "datetime": {"datetime": "2021-10-05 13:10:27", "elapsed": 2001.188177, "delta": 5.515635}}
{"target": -10.229223014531726, "params": {"C": 37.402539565347396, "epsilon": 23.21037857696748, "gamma": 0.023596785704891456, "lamda": 0.013014739235906524}, "datetime": {"datetime": "2021-10-05 13:10:35", "elapsed": 2008.93585, "delta": 7.747673}}
{"target": -10.347272798299628, "params": {"C": 28.836044038166612, "epsilon": 14.471621184773834, "gamma": 0.027673989318595247, "lamda": 0.014304100869211439}, "datetime": {"datetime": "2021-10-05 13:10:44", "elapsed": 2017.414125, "delta": 8.478275}}
{"target": -10.52632556870287, "params": {"C": 63.33640599905581, "epsilon": 20.734527119551, "gamma": 0.03785437502935768, "lamda": 0.01816792707303924}, "datetime": {"datetime": "2021-10-05 13:10:53", "elapsed": 2026.237687, "delta": 8.823562}}
