{"target": -16.44187942463519, "params": {"C": 42.71463951763086, "epsilon": 15.358423127294259, "gamma": 0.2, "lamda": 0.0005}, "datetime": {"datetime": "2021-10-05 11:40:31", "elapsed": 127.592699, "delta": 1.330232}}
{"target": -24.65229237823253, "params": {"C": 89.38072364789609, "epsilon": 26.953842632370105, "gamma": 0.020911750021045238, "lamda": 0.44728066784610077}, "datetime": {"datetime": "2021-10-05 11:40:32", "elapsed": 128.484404, "delta": 0.891705}}
{"target": -10.182286105029476, "params": {"C": 45.574383563965874, "epsilon": 14.620888220765325, "gamma": 0.02330606852174522, "lamda": 0.005919184619915951}, "datetime": {"datetime": "2021-10-05 11:40:33", "elapsed": 129.507261, "delta": 1.022857}}
{"target": -58.52288976926741, "params": {"C": 45.71824354952082, "epsilon": 14.936913652818285, "gamma": 0.06849623730525238, "lamda": 0.6503731678341642}, "datetime": {"datetime": "2021-10-05 11:40:34", "elapsed": 130.691491, "delta": 1.18423}}
{"target": -16.39770189223746, "params": {"C": 40.87772087918825, "epsilon": 21.515148055362403, "gamma": 0.03235271143763131, "lamda": 0.25373345427716143}, "datetime": {"datetime": "2021-10-05 11:40:35", "elapsed": 131.487772, "delta": 0.796281}}
{"target": -14.873849542294447, "params": {"C": 44.929245291213945, "epsilon": 14.469383581128632, "gamma": 0.1932383176170514, "lamda": 0.019623857128857555}, "datetime": {"datetime": "2021-10-05 11:40:36", "elapsed": 132.258091, "delta": 0.770319}}
{"target": -13.640251631845898, "params": {"C": 29.64945897618754, "epsilon": 14.521272987364823, "gamma": 0.14777241742490627, "lamda": 0.0405475386289424}, "datetime": {"datetime": "2021-10-05 11:40:36", "elapsed": 133.166169, "delta": 0.908078}}
{"target": -16.83200837699831, "params": {"C": 69.5412633804737, "epsilon": 13.860087244825548, "gamma": 0.2, "lamda": 0.0005}, "datetime": {"datetime": "2021-10-05 11:40:37", "elapsed": 134.186287, "delta": 1.020118}}
{"target": -15.463167156630167, "params": {"C": 43.15237666292904, "epsilon": 14.321704247344881, "gamma": 0.19876254663184448, "lamda": 0.006028204776421804}, "datetime": {"datetime": "2021-10-05 11:40:39", "elapsed": 135.2457, "delta": 1.059413}}
{"target": -12.889851097379568, "params": {"C": 79.23075861938439, "epsilon": 29.26491747957525, "gamma": 0.0005, "lamda": 0.0005}, "datetime": {"datetime": "2021-10-05 11:40:40", "elapsed": 136.658744, "delta": 1.413044}}
{"target": -14.337280689272122, "params": {"C": 78.46478572248277, "epsilon": 28.868987944499864, "gamma": 0.15007510061597976, "lamda": 0.0023051200761001834}, "datetime": {"datetime": "2021-10-05 11:40:41", "elapsed": 137.572469, "delta": 0.913725}}
{"target": -13.99554600960248, "params": {"C": 30.44629749511454, "epsilon": 12.112763783820085, "gamma": 0.0005, "lamda": 0.0005}, "datetime": {"datetime": "2021-10-05 11:40:42", "elapsed": 139.001762, "delta": 1.429293}}
{"target": -35.77605125593674, "params": {"C": 79.13606029974792, "epsilon": 29.781792548727836, "gamma": 0.09777186520026976, "lamda": 0.7569910983074757}, "datetime": {"datetime": "2021-10-05 11:40:43", "elapsed": 140.226901, "delta": 1.225139}}
{"target": -13.026907095685106, "params": {"C": 45.00205730738645, "epsilon": 20.383283726277295, "gamma": 0.12268677494292152, "lamda": 0.05104518138811194}, "datetime": {"datetime": "2021-10-05 11:40:44", "elapsed": 141.198773, "delta": 0.971872}}
{"target": -13.276444316453828, "params": {"C": 43.101157175793084, "epsilon": 23.37917976864355, "gamma": 0.0005, "lamda": 0.0005}, "datetime": {"datetime": "2021-10-05 11:40:46", "elapsed": 142.83714, "delta": 1.638367}}
{"target": -45.38782486151416, "params": {"C": 43.524896576587516, "epsilon": 23.27858501790199, "gamma": 0.0028370769205261015, "lamda": 0.6797054534149941}, "datetime": {"datetime": "2021-10-05 11:40:47", "elapsed": 143.648992, "delta": 0.811852}}
{"target": -27.12584434382219, "params": {"C": 77.6684805754785, "epsilon": 29.003452875810225, "gamma": 0.1981138882833611, "lamda": 0.4430875309568188}, "datetime": {"datetime": "2021-10-05 11:40:48", "elapsed": 144.550241, "delta": 0.901249}}
{"target": -13.586954889590727, "params": {"C": 21.685254015333843, "epsilon": 23.79044687186207, "gamma": 0.0005, "lamda": 0.0005}, "datetime": {"datetime": "2021-10-05 11:40:49", "elapsed": 145.919388, "delta": 1.369147}}
{"target": -13.547409590082193, "params": {"C": 45.84733829888963, "epsilon": 16.62085972891866, "gamma": 0.007015556019577256, "lamda": 0.11594839854061846}, "datetime": {"datetime": "2021-10-05 11:40:50", "elapsed": 147.127173, "delta": 1.207785}}
{"target": -11.907524807274035, "params": {"C": 44.78258732809392, "epsilon": 16.68140869163446, "gamma": 0.07808668109456246, "lamda": 0.06693085267943052}, "datetime": {"datetime": "2021-10-05 11:40:51", "elapsed": 148.170542, "delta": 1.043369}}
{"target": -16.344194620792134, "params": {"C": 45.275543050056086, "epsilon": 17.427469647191632, "gamma": 0.16522980513941793, "lamda": 0.12859121646637278}, "datetime": {"datetime": "2021-10-05 11:40:53", "elapsed": 149.604001, "delta": 1.433459}}
{"target": -13.854777799355764, "params": {"C": 45.33224495484987, "epsilon": 16.126717839484247, "gamma": 0.158137140368077, "lamda": 0.03564531943806225}, "datetime": {"datetime": "2021-10-05 11:40:54", "elapsed": 150.739769, "delta": 1.135768}}
{"target": -18.760251891325005, "params": {"C": 46.57911889747477, "epsilon": 17.76927008381673, "gamma": 0.16224888310571325, "lamda": 0.1860844329231637}, "datetime": {"datetime": "2021-10-05 11:40:55", "elapsed": 152.094669, "delta": 1.3549}}
{"target": -16.427538290580284, "params": {"C": 46.82454191156327, "epsilon": 16.5500564175749, "gamma": 0.2, "lamda": 0.0005}, "datetime": {"datetime": "2021-10-05 11:40:57", "elapsed": 153.624619, "delta": 1.52995}}
{"target": -14.71070146810515, "params": {"C": 40.63231566355372, "epsilon": 19.64996998377777, "gamma": 0.1867939215529501, "lamda": 0.009545129677877006}, "datetime": {"datetime": "2021-10-05 11:40:58", "elapsed": 155.137228, "delta": 1.512609}}
{"target": -11.406631354720014, "params": {"C": 42.24605482120877, "epsilon": 23.089095054788615, "gamma": 0.07759139637764959, "lamda": 0.033191176506696674}, "datetime": {"datetime": "2021-10-05 11:40:59", "elapsed": 156.161429, "delta": 1.024201}}
{"target": -13.28015572781213, "params": {"C": 42.29699977418544, "epsilon": 23.99912389867795, "gamma": 0.0005, "lamda": 0.0005}, "datetime": {"datetime": "2021-10-05 11:41:01", "elapsed": 157.837511, "delta": 1.676082}}
{"target": -29.015038394017704, "params": {"C": 40.93637350887342, "epsilon": 23.3299332058509, "gamma": 0.12815498627160218, "lamda": 0.4290568948730325}, "datetime": {"datetime": "2021-10-05 11:41:03", "elapsed": 159.239976, "delta": 1.402465}}
{"target": -36.26435941769678, "params": {"C": 31.62376616840629, "epsilon": 11.812551773559209, "gamma": 0.13043005424406698, "lamda": 0.38128443890838337}, "datetime": {"datetime": "2021-10-05 11:41:04", "elapsed": 160.359664, "delta": 1.119688}}
{"target": -14.129927412800852, "params": {"C": 27.48500091381503, "epsilon": 11.302798586982329, "gamma": 0.0005, "lamda": 0.0005}, "datetime": {"datetime": "2021-10-05 11:41:05", "elapsed": 161.694153, "delta": 1.334489}}
{"target": -13.738272146269118, "params": {"C": 27.84534750339652, "epsilon": 10.47304998144411, "gamma": 0.08272241035359142, "lamda": 0.12188118177103487}, "datetime": {"datetime": "2021-10-05 11:41:06", "elapsed": 162.843655, "delta": 1.149502}}
{"target": -25.226610968978243, "params": {"C": 26.969762164291193, "epsilon": 10.476258096126717, "gamma": 0.1927926765422187, "lamda": 0.24522016500617477}, "datetime": {"datetime": "2021-10-05 11:41:08", "elapsed": 164.27468, "delta": 1.431025}}
{"target": -66.2315766606501, "params": {"C": 46.02329835518435, "epsilon": 17.243452651860455, "gamma": 0.00786609310560317, "lamda": 0.7267016179759197}, "datetime": {"datetime": "2021-10-05 11:41:09", "elapsed": 165.679196, "delta": 1.404516}}
{"target": -58.540219730364385, "params": {"C": 28.09580711934148, "epsilon": 11.137867148447903, "gamma": 0.07500602644480264, "lamda": 0.5805688888195566}, "datetime": {"datetime": "2021-10-05 11:41:10", "elapsed": 166.774062, "delta": 1.094866}}
{"target": -19.995405332639212, "params": {"C": 72.51852779971169, "epsilon": 15.153710091831602, "gamma": 0.033085850161415166, "lamda": 0.27944743691438856}, "datetime": {"datetime": "2021-10-05 11:41:11", "elapsed": 167.783629, "delta": 1.009567}}
{"target": -42.78374374423395, "params": {"C": 45.01810555538152, "epsilon": 19.81321736824662, "gamma": 0.12036597313761059, "lamda": 0.6209044096180294}, "datetime": {"datetime": "2021-10-05 11:41:12", "elapsed": 169.012551, "delta": 1.228922}}
{"target": -11.020699872624803, "params": {"C": 29.127309601949502, "epsilon": 14.920032864435987, "gamma": 0.05205906769925907, "lamda": 0.043808725271183464}, "datetime": {"datetime": "2021-10-05 11:41:13", "elapsed": 169.860434, "delta": 0.847883}}
{"target": -14.259185312784375, "params": {"C": 27.831908870981437, "epsilon": 9.786179424512966, "gamma": 0.0005, "lamda": 0.0005}, "datetime": {"datetime": "2021-10-05 11:41:14", "elapsed": 171.199017, "delta": 1.338583}}
{"target": -13.594114331141629, "params": {"C": 45.88534616451932, "epsilon": 20.422168838959024, "gamma": 0.15101108021456386, "lamda": 0.01765835997374151}, "datetime": {"datetime": "2021-10-05 11:41:16", "elapsed": 172.440492, "delta": 1.241475}}
{"target": -16.186422324602205, "params": {"C": 42.98812488578383, "epsilon": 24.18554602574525, "gamma": 0.2, "lamda": 0.0005}, "datetime": {"datetime": "2021-10-05 11:41:17", "elapsed": 173.731417, "delta": 1.290925}}
{"target": -10.674943617061706, "params": {"C": 71.80236307218792, "epsilon": 15.920891505735629, "gamma": 0.03591993973677344, "lamda": 0.030855137062649248}, "datetime": {"datetime": "2021-10-05 11:41:18", "elapsed": 174.890489, "delta": 1.159072}}
{"target": -49.504873762560834, "params": {"C": 27.260730569956365, "epsilon": 14.464040275672751, "gamma": 0.10213761622663516, "lamda": 0.5836717220270121}, "datetime": {"datetime": "2021-10-05 11:41:19", "elapsed": 175.768004, "delta": 0.877515}}
{"target": -47.74925352859859, "params": {"C": 71.49332454937569, "epsilon": 15.029308018813541, "gamma": 0.08149407513562594, "lamda": 0.5785917589750784}, "datetime": {"datetime": "2021-10-05 11:41:20", "elapsed": 177.03291, "delta": 1.264906}}
{"target": -40.74883150335972, "params": {"C": 7.286971147052734, "epsilon": 1.4083491671839612, "gamma": 0.15034966350353687, "lamda": 0.4198218295015379}, "datetime": {"datetime": "2021-10-05 11:41:21", "elapsed": 177.888188, "delta": 0.855278}}
{"target": -68.89079174736618, "params": {"C": 72.21851176968076, "epsilon": 8.881644059501072, "gamma": 0.0776497703514135, "lamda": 0.7052783608907807}, "datetime": {"datetime": "2021-10-05 11:41:22", "elapsed": 178.795506, "delta": 0.907318}}
{"target": -10.99132539798093, "params": {"C": 29.6040068918472, "epsilon": 15.417092830070947, "gamma": 0.05155400404660374, "lamda": 0.04278919985917718}, "datetime": {"datetime": "2021-10-05 11:41:23", "elapsed": 179.8475, "delta": 1.051994}}
{"target": -38.876480245830095, "params": {"C": 42.195873895377886, "epsilon": 23.620865472168266, "gamma": 0.11613129031029946, "lamda": 0.6322597059813689}, "datetime": {"datetime": "2021-10-05 11:41:24", "elapsed": 180.75509, "delta": 0.90759}}
{"target": -17.794400874297082, "params": {"C": 44.630812707485184, "epsilon": 17.31351286876361, "gamma": 0.15276089132378662, "lamda": 0.17139673912799921}, "datetime": {"datetime": "2021-10-05 11:41:25", "elapsed": 181.764038, "delta": 1.008948}}
{"target": -17.753789256238747, "params": {"C": 46.170795443243094, "epsilon": 16.16726838522394, "gamma": 0.12357410115388409, "lamda": 0.18465251756383974}, "datetime": {"datetime": "2021-10-05 11:41:26", "elapsed": 182.799524, "delta": 1.035486}}
{"target": -11.174253531583885, "params": {"C": 27.5096775120238, "epsilon": 16.042860664643264, "gamma": 0.017357380893571007, "lamda": 0.05988671239473301}, "datetime": {"datetime": "2021-10-05 11:41:27", "elapsed": 184.222434, "delta": 1.42291}}
{"target": -14.775387270118722, "params": {"C": 26.73030106294984, "epsilon": 15.986796869525675, "gamma": 0.145418124397255, "lamda": 0.0005}, "datetime": {"datetime": "2021-10-05 11:41:29", "elapsed": 185.582918, "delta": 1.360484}}
{"target": -13.709402916100633, "params": {"C": 27.12505305546324, "epsilon": 16.799936579510376, "gamma": 0.0005, "lamda": 0.0005}, "datetime": {"datetime": "2021-10-05 11:41:30", "elapsed": 186.950755, "delta": 1.367837}}
{"target": -16.378663407927366, "params": {"C": 26.114909424595364, "epsilon": 13.708389576460123, "gamma": 0.1208802399516002, "lamda": 0.15385211599490756}, "datetime": {"datetime": "2021-10-05 11:41:31", "elapsed": 188.079655, "delta": 1.1289}}
{"target": -48.45055698304559, "params": {"C": 27.36423598243178, "epsilon": 16.19980504957207, "gamma": 0.1012748059667733, "lamda": 0.6199559828913346}, "datetime": {"datetime": "2021-10-05 11:41:32", "elapsed": 189.003004, "delta": 0.923349}}
{"target": -12.953702775372228, "params": {"C": 43.9533006995057, "epsilon": 14.035092298623281, "gamma": 0.04794790273112755, "lamda": 0.13055476208805186}, "datetime": {"datetime": "2021-10-05 11:41:34", "elapsed": 190.596428, "delta": 1.593424}}
{"target": -12.962324398010185, "params": {"C": 43.168649021321734, "epsilon": 20.232914229642947, "gamma": 0.11085530633162252, "lamda": 0.06810198175501955}, "datetime": {"datetime": "2021-10-05 11:41:35", "elapsed": 191.718309, "delta": 1.121881}}
{"target": -13.27382707707898, "params": {"C": 42.36615096293605, "epsilon": 24.820547407150517, "gamma": 0.0005, "lamda": 0.0005}, "datetime": {"datetime": "2021-10-05 11:41:36", "elapsed": 192.950788, "delta": 1.232479}}
{"target": -12.62180270025517, "params": {"C": 26.37740937243404, "epsilon": 17.114194167701243, "gamma": 0.018590447829451323, "lamda": 0.12020205628553192}, "datetime": {"datetime": "2021-10-05 11:41:37", "elapsed": 194.179265, "delta": 1.228477}}
{"target": -11.842836792243409, "params": {"C": 26.745471637008507, "epsilon": 17.699448499838763, "gamma": 0.02680269758764273, "lamda": 0.09942055496467225}, "datetime": {"datetime": "2021-10-05 11:41:39", "elapsed": 195.762571, "delta": 1.583306}}
{"target": -72.26123472200817, "params": {"C": 26.214803123988204, "epsilon": 17.918757034960926, "gamma": 0.00862012151910256, "lamda": 0.7720372999292969}, "datetime": {"datetime": "2021-10-05 11:41:41", "elapsed": 197.519442, "delta": 1.756871}}
{"target": -12.221337072454807, "params": {"C": 27.590436160748613, "epsilon": 17.879776336063824, "gamma": 0.10977688686596937, "lamda": 0.01634262909513031}, "datetime": {"datetime": "2021-10-05 11:41:42", "elapsed": 198.788883, "delta": 1.269441}}
{"target": -14.812624344341604, "params": {"C": 79.06275127803679, "epsilon": 28.29410372815723, "gamma": 0.10921335828312637, "lamda": 0.14738976959378686}, "datetime": {"datetime": "2021-10-05 11:41:43", "elapsed": 199.987148, "delta": 1.198265}}
{"target": -16.39469874268964, "params": {"C": 47.419929777230806, "epsilon": 17.454588270712712, "gamma": 0.2, "lamda": 0.0005}, "datetime": {"datetime": "2021-10-05 11:41:45", "elapsed": 201.571303, "delta": 1.584155}}
{"target": -13.387719556571911, "params": {"C": 23.164879406870572, "epsilon": 23.940758758933576, "gamma": 0.1281820912188578, "lamda": 0.06678635979292538}, "datetime": {"datetime": "2021-10-05 11:41:46", "elapsed": 202.603501, "delta": 1.032198}}
{"target": -12.406686680350258, "params": {"C": 26.00076491752995, "epsilon": 16.29398534402989, "gamma": 0.04820579794530025, "lamda": 0.11515962879179312}, "datetime": {"datetime": "2021-10-05 11:41:47", "elapsed": 203.741558, "delta": 1.138057}}
{"target": -30.17829331004066, "params": {"C": 23.969081542851516, "epsilon": 23.992404926492156, "gamma": 0.11808742744887946, "lamda": 0.4638977071893607}, "datetime": {"datetime": "2021-10-05 11:41:49", "elapsed": 205.493291, "delta": 1.751733}}
{"target": -23.87060674454252, "params": {"C": 43.03969530070148, "epsilon": 25.305137218514776, "gamma": 0.09370126756437401, "lamda": 0.37809155693211804}, "datetime": {"datetime": "2021-10-05 11:41:50", "elapsed": 207.096202, "delta": 1.602911}}
{"target": -13.598403843263949, "params": {"C": 20.91247474699265, "epsilon": 23.275416442984568, "gamma": 0.0005, "lamda": 0.0005}, "datetime": {"datetime": "2021-10-05 11:41:52", "elapsed": 208.523099, "delta": 1.426897}}
{"target": -50.80024640233697, "params": {"C": 21.00348544746279, "epsilon": 22.725440531222056, "gamma": 0.06520098852956221, "lamda": 0.7711304109527406}, "datetime": {"datetime": "2021-10-05 11:41:53", "elapsed": 209.841178, "delta": 1.318079}}
{"target": -14.438217515872005, "params": {"C": 27.323372885867865, "epsilon": 17.364834061540638, "gamma": 0.07445313158996258, "lamda": 0.15909276059811414}, "datetime": {"datetime": "2021-10-05 11:41:54", "elapsed": 211.061275, "delta": 1.220097}}
{"target": -16.359306593999232, "params": {"C": 47.23694240553475, "epsilon": 18.39459692336565, "gamma": 0.2, "lamda": 0.0005}, "datetime": {"datetime": "2021-10-05 11:41:56", "elapsed": 212.631327, "delta": 1.570052}}
{"target": -16.44600145841718, "params": {"C": 47.87073730057641, "epsilon": 16.41769914578898, "gamma": 0.2, "lamda": 0.0005}, "datetime": {"datetime": "2021-10-05 11:41:57", "elapsed": 214.062681, "delta": 1.431354}}
{"target": -15.204547967489153, "params": {"C": 41.48766344519631, "epsilon": 24.832917149958906, "gamma": 0.16533184118932953, "lamda": 0.09829242687876426}, "datetime": {"datetime": "2021-10-05 11:41:59", "elapsed": 215.416444, "delta": 1.353763}}
{"target": -15.997285372385036, "params": {"C": 41.73980858870857, "epsilon": 25.99556604939765, "gamma": 0.18159766428212387, "lamda": 0.11214541286376704}, "datetime": {"datetime": "2021-10-05 11:42:00", "elapsed": 216.678021, "delta": 1.261577}}
{"target": -47.32652206566835, "params": {"C": 41.46427033492786, "epsilon": 25.49515839036028, "gamma": 0.0942409373051185, "lamda": 0.7827163918831069}, "datetime": {"datetime": "2021-10-05 11:42:01", "elapsed": 217.996012, "delta": 1.317991}}
{"target": -16.831967774376448, "params": {"C": 68.68400943205582, "epsilon": 13.38957836831435, "gamma": 0.2, "lamda": 0.0005}, "datetime": {"datetime": "2021-10-05 11:42:03", "elapsed": 219.292244, "delta": 1.296232}}
{"target": -16.2793879482438, "params": {"C": 25.293815331571132, "epsilon": 15.85044982217295, "gamma": 0.2, "lamda": 0.0005}, "datetime": {"datetime": "2021-10-05 11:42:04", "elapsed": 220.650505, "delta": 1.358261}}
{"target": -16.853381089764145, "params": {"C": 75.16935935159377, "epsilon": 15.006999925463642, "gamma": 0.2, "lamda": 0.0005}, "datetime": {"datetime": "2021-10-05 11:42:06", "elapsed": 222.531808, "delta": 1.881303}}
{"target": -14.983709120024555, "params": {"C": 78.15381663505876, "epsilon": 27.850524080913168, "gamma": 0.1182325594000028, "lamda": 0.1427620166730896}, "datetime": {"datetime": "2021-10-05 11:42:07", "elapsed": 224.003767, "delta": 1.471959}}
{"target": -11.797653663405487, "params": {"C": 87.51262409995435, "epsilon": 25.3583675497855, "gamma": 0.09794222894082717, "lamda": 0.023556665581597976}, "datetime": {"datetime": "2021-10-05 11:42:09", "elapsed": 225.323583, "delta": 1.319816}}
{"target": -17.161729008493595, "params": {"C": 86.65874022484977, "epsilon": 25.304994686632472, "gamma": 0.11862157882108341, "lamda": 0.21244499633091515}, "datetime": {"datetime": "2021-10-05 11:42:10", "elapsed": 226.96767, "delta": 1.644087}}
{"target": -16.117771916489595, "params": {"C": 42.333311522874084, "epsilon": 26.66669757799878, "gamma": 0.2, "lamda": 0.0005}, "datetime": {"datetime": "2021-10-05 11:42:12", "elapsed": 228.902499, "delta": 1.934829}}
{"target": -16.101546519400433, "params": {"C": 41.39172071493179, "epsilon": 26.905599423948583, "gamma": 0.2, "lamda": 0.0005}, "datetime": {"datetime": "2021-10-05 11:42:14", "elapsed": 230.41083, "delta": 1.508331}}
{"target": -20.68031728003647, "params": {"C": 78.61140991114512, "epsilon": 27.067410216464125, "gamma": 0.04604772758995345, "lamda": 0.3789940905362593}, "datetime": {"datetime": "2021-10-05 11:42:16", "elapsed": 232.338993, "delta": 1.928163}}
{"target": -13.60400216484372, "params": {"C": 27.64827220008195, "epsilon": 18.80797304508309, "gamma": 0.0005, "lamda": 0.0005}, "datetime": {"datetime": "2021-10-05 11:42:18", "elapsed": 234.390552, "delta": 2.051559}}
{"target": -57.86004388950205, "params": {"C": 28.18130202000307, "epsilon": 18.424297055464272, "gamma": 0.1363256159318918, "lamda": 0.7981500544140512}, "datetime": {"datetime": "2021-10-05 11:42:19", "elapsed": 235.890678, "delta": 1.500126}}
{"target": -13.582575015025702, "params": {"C": 20.322382007010557, "epsilon": 27.397255672761293, "gamma": 0.0005, "lamda": 0.0005}, "datetime": {"datetime": "2021-10-05 11:42:21", "elapsed": 237.751017, "delta": 1.860339}}
{"target": -43.66890840624215, "params": {"C": 19.689511191462053, "epsilon": 27.7364652288244, "gamma": 0.10781087537591062, "lamda": 0.7988086269255069}, "datetime": {"datetime": "2021-10-05 11:42:22", "elapsed": 239.222487, "delta": 1.47147}}
{"target": -22.541682131204983, "params": {"C": 75.17199286704074, "epsilon": 13.997627651938194, "gamma": 0.16961336224055207, "lamda": 0.23257128615244727}, "datetime": {"datetime": "2021-10-05 11:42:24", "elapsed": 240.700153, "delta": 1.477666}}
{"target": -14.088601507120103, "params": {"C": 26.701836163111555, "epsilon": 11.693143799169174, "gamma": 0.0005, "lamda": 0.0005}, "datetime": {"datetime": "2021-10-05 11:42:26", "elapsed": 242.57726, "delta": 1.877107}}
{"target": -14.03797187266507, "params": {"C": 26.015965033407582, "epsilon": 12.483081378979941, "gamma": 0.0005, "lamda": 0.0005}, "datetime": {"datetime": "2021-10-05 11:42:28", "elapsed": 244.528884, "delta": 1.951624}}
