{"target": -10.691917981202922, "params": {"C": 45.07968964837422, "epsilon": 26.176801169319578, "gamma": 0.06294097394345517, "lamda": 0.020574172927593185}, "datetime": {"datetime": "2021-10-05 12:36:45", "elapsed": 157.701242, "delta": 1.120976}}
{"target": -10.112621780591653, "params": {"C": 39.1034198397322, "epsilon": 12.598765691997716, "gamma": 0.044319329288917686, "lamda": 0.00778056366623067}, "datetime": {"datetime": "2021-10-05 12:36:46", "elapsed": 158.779718, "delta": 1.078476}}
{"target": -10.457356426958402, "params": {"C": 71.0432455583869, "epsilon": 13.56302495046138, "gamma": 0.07120754704171875, "lamda": 0.015195050921730721}, "datetime": {"datetime": "2021-10-05 12:36:47", "elapsed": 159.959565, "delta": 1.179847}}
{"target": -10.005666884171706, "params": {"C": 51.63977134887695, "epsilon": 27.488656178998102, "gamma": 0.05154714168962175, "lamda": 0.003752586894547996}, "datetime": {"datetime": "2021-10-05 12:36:48", "elapsed": 161.210789, "delta": 1.251224}}
{"target": -10.69032259678043, "params": {"C": 52.2584535439752, "epsilon": 29.35001615910241, "gamma": 0.051350047766618154, "lamda": 0.020589270456885994}, "datetime": {"datetime": "2021-10-05 12:36:50", "elapsed": 162.512986, "delta": 1.302197}}
{"target": -11.806581320773262, "params": {"C": 51.62423244906761, "epsilon": 27.512417645578907, "gamma": 0.090065788329096, "lamda": 0.0005338422471093918}, "datetime": {"datetime": "2021-10-05 12:36:51", "elapsed": 164.022586, "delta": 1.5096}}
{"target": -10.842650813606625, "params": {"C": 10.241059382026517, "epsilon": 20.1057652330352, "gamma": 0.08849481304369164, "lamda": 0.0010730350471708705}, "datetime": {"datetime": "2021-10-05 12:36:52", "elapsed": 165.221859, "delta": 1.199273}}
{"target": -11.04936173372382, "params": {"C": 27.809385219838642, "epsilon": 28.100717294333812, "gamma": 0.08402234308187877, "lamda": 0.028077556760818925}, "datetime": {"datetime": "2021-10-05 12:36:54", "elapsed": 166.442067, "delta": 1.220208}}
{"target": -10.498517844793986, "params": {"C": 45.246788467182576, "epsilon": 27.29805958670611, "gamma": 0.059881025877606506, "lamda": 0.016457817126389097}, "datetime": {"datetime": "2021-10-05 12:36:55", "elapsed": 167.400332, "delta": 0.958265}}
{"target": -11.195933845539448, "params": {"C": 84.78896533682098, "epsilon": 18.662431391218277, "gamma": 0.0990051829750491, "lamda": 0.02559535954923258}, "datetime": {"datetime": "2021-10-05 12:36:56", "elapsed": 168.411773, "delta": 1.011441}}
{"target": -10.167192231612459, "params": {"C": 50.183085257716854, "epsilon": 29.948482598085146, "gamma": 0.05918267654779484, "lamda": 0.009772348123642798}, "datetime": {"datetime": "2021-10-05 12:36:57", "elapsed": 169.694904, "delta": 1.283131}}
{"target": -10.83648173971567, "params": {"C": 72.77238828325763, "epsilon": 26.246870193035832, "gamma": 0.07437190448781268, "lamda": 0.02183755905765182}, "datetime": {"datetime": "2021-10-05 12:36:58", "elapsed": 170.710631, "delta": 1.015727}}
{"target": -10.980096303555005, "params": {"C": 89.96466781200364, "epsilon": 28.955225413567206, "gamma": 0.09869913949920395, "lamda": 0.016242498101099408}, "datetime": {"datetime": "2021-10-05 12:36:59", "elapsed": 171.678487, "delta": 0.967856}}
{"target": -10.762312368729695, "params": {"C": 30.024800777578804, "epsilon": 29.680413509934088, "gamma": 0.02022299840843119, "lamda": 0.006295867622430877}, "datetime": {"datetime": "2021-10-05 12:37:00", "elapsed": 172.711348, "delta": 1.032861}}
{"target": -10.31448950380492, "params": {"C": 47.01272979990692, "epsilon": 16.301290100445648, "gamma": 0.034937832453771286, "lamda": 0.004871207872251253}, "datetime": {"datetime": "2021-10-05 12:37:01", "elapsed": 173.720729, "delta": 1.009381}}
{"target": -10.61024777922718, "params": {"C": 15.01593885931974, "epsilon": 20.202921263835737, "gamma": 0.08776522284088817, "lamda": 0.00785309183879028}, "datetime": {"datetime": "2021-10-05 12:37:02", "elapsed": 174.747077, "delta": 1.026348}}
{"target": -10.89252465023205, "params": {"C": 76.27560335251906, "epsilon": 21.30732373061723, "gamma": 0.046008282683121224, "lamda": 0.028736028984942884}, "datetime": {"datetime": "2021-10-05 12:37:03", "elapsed": 175.746103, "delta": 0.999026}}
{"target": -10.210265909984173, "params": {"C": 73.0709445524592, "epsilon": 10.922009390353796, "gamma": 0.045219309654474016, "lamda": 0.008919570451605232}, "datetime": {"datetime": "2021-10-05 12:37:04", "elapsed": 176.981333, "delta": 1.23523}}
{"target": -11.17230395076322, "params": {"C": 16.857040775413445, "epsilon": 20.432090478414718, "gamma": 0.026418860745996007, "lamda": 0.023563564976291165}, "datetime": {"datetime": "2021-10-05 12:37:05", "elapsed": 178.118021, "delta": 1.136688}}
{"target": -10.840027318954307, "params": {"C": 62.06198484736877, "epsilon": 14.213534414065345, "gamma": 0.0949368068918651, "lamda": 0.014539196577067199}, "datetime": {"datetime": "2021-10-05 12:37:06", "elapsed": 179.156288, "delta": 1.038267}}
{"target": -10.09756148836359, "params": {"C": 47.780571114718, "epsilon": 11.724928367395577, "gamma": 0.05669946501297898, "lamda": 0.009511093576546484}, "datetime": {"datetime": "2021-10-05 12:37:08", "elapsed": 180.375006, "delta": 1.218718}}
{"target": -10.904938114631479, "params": {"C": 55.42008592988058, "epsilon": 13.708994742832274, "gamma": 0.023591889078935092, "lamda": 0.016951209920943063}, "datetime": {"datetime": "2021-10-05 12:37:09", "elapsed": 181.831758, "delta": 1.456752}}
{"target": -10.36706093607798, "params": {"C": 52.243294766609004, "epsilon": 29.36471110193471, "gamma": 0.04583439798930057, "lamda": 0.0011661859815963061}, "datetime": {"datetime": "2021-10-05 12:37:11", "elapsed": 183.355118, "delta": 1.52336}}
{"target": -10.299139757193139, "params": {"C": 92.82164054744753, "epsilon": 21.206503525580224, "gamma": 0.046310124049044187, "lamda": 0.008996304383819535}, "datetime": {"datetime": "2021-10-05 12:37:12", "elapsed": 184.452845, "delta": 1.097727}}
{"target": -10.516018583765497, "params": {"C": 47.74817177376374, "epsilon": 11.738663953714038, "gamma": 0.043793649295938236, "lamda": 0.021948483910275877}, "datetime": {"datetime": "2021-10-05 12:37:13", "elapsed": 185.767041, "delta": 1.314196}}
{"target": -10.949421770807081, "params": {"C": 50.27338699513678, "epsilon": 16.16806089126133, "gamma": 0.03070204865106027, "lamda": 0.02498157989455343}, "datetime": {"datetime": "2021-10-05 12:37:14", "elapsed": 187.066224, "delta": 1.299183}}
{"target": -10.737335382493388, "params": {"C": 87.23022374517636, "epsilon": 15.038584352696613, "gamma": 0.08422245124066384, "lamda": 0.013088949495071308}, "datetime": {"datetime": "2021-10-05 12:37:16", "elapsed": 188.372234, "delta": 1.30601}}
{"target": -11.149148918882567, "params": {"C": 33.01114485313914, "epsilon": 21.726882304698066, "gamma": 0.027123337223974975, "lamda": 0.02543432189357501}, "datetime": {"datetime": "2021-10-05 12:37:17", "elapsed": 189.766315, "delta": 1.394081}}
{"target": -10.514198622825836, "params": {"C": 49.58605428860649, "epsilon": 29.75314596001769, "gamma": 0.048279886274194155, "lamda": 0.015559697134104046}, "datetime": {"datetime": "2021-10-05 12:37:18", "elapsed": 190.928466, "delta": 1.162151}}
{"target": -10.95810050012071, "params": {"C": 71.09507966609962, "epsilon": 13.565643001476166, "gamma": 0.07061303126481065, "lamda": 0.027606689678995294}, "datetime": {"datetime": "2021-10-05 12:37:20", "elapsed": 192.511756, "delta": 1.58329}}
{"target": -10.848254421453902, "params": {"C": 97.77417349411938, "epsilon": 19.06243278576607, "gamma": 0.05277279074632543, "lamda": 0.0011470535247738404}, "datetime": {"datetime": "2021-10-05 12:37:21", "elapsed": 193.640865, "delta": 1.129109}}
{"target": -10.953190962469863, "params": {"C": 78.76670327345914, "epsilon": 18.19502594745765, "gamma": 0.07155056735934617, "lamda": 0.029450558556532655}, "datetime": {"datetime": "2021-10-05 12:37:22", "elapsed": 195.069362, "delta": 1.428497}}
{"target": -10.666990554594879, "params": {"C": 98.55267550189195, "epsilon": 17.857714341872395, "gamma": 0.07146185496999545, "lamda": 0.003959992433418003}, "datetime": {"datetime": "2021-10-05 12:37:24", "elapsed": 196.842762, "delta": 1.7734}}
{"target": -10.48274526457657, "params": {"C": 95.02653697312077, "epsilon": 21.05217688489071, "gamma": 0.07279443513319589, "lamda": 0.01124500794168775}, "datetime": {"datetime": "2021-10-05 12:37:25", "elapsed": 198.018181, "delta": 1.175419}}
{"target": -10.398390585161664, "params": {"C": 89.69515681680326, "epsilon": 16.99264888603595, "gamma": 0.03301828598317813, "lamda": 0.0026233499476012016}, "datetime": {"datetime": "2021-10-05 12:37:26", "elapsed": 199.255055, "delta": 1.236874}}
{"target": -11.114215486470806, "params": {"C": 50.2691857399749, "epsilon": 16.220714877033657, "gamma": 0.05698603789117082, "lamda": 0.00025002169350984695}, "datetime": {"datetime": "2021-10-05 12:37:28", "elapsed": 200.847426, "delta": 1.592371}}
{"target": -11.633502011950943, "params": {"C": 62.9513106905963, "epsilon": 22.384994842946952, "gamma": 0.07880024569743636, "lamda": 0.0006957221914261217}, "datetime": {"datetime": "2021-10-05 12:37:29", "elapsed": 202.106621, "delta": 1.259195}}
{"target": -11.070845429518606, "params": {"C": 22.369815887253235, "epsilon": 28.07537652194054, "gamma": 0.028668665790848015, "lamda": 0.02102721069243786}, "datetime": {"datetime": "2021-10-05 12:37:30", "elapsed": 203.290355, "delta": 1.183734}}
{"target": -10.870725429892461, "params": {"C": 87.1686446571689, "epsilon": 15.002278630721658, "gamma": 0.07941055400179393, "lamda": 0.019358198324027128}, "datetime": {"datetime": "2021-10-05 12:37:32", "elapsed": 204.816435, "delta": 1.52608}}
{"target": -10.506540267975096, "params": {"C": 50.19538483282726, "epsilon": 29.956685784033056, "gamma": 0.0456694129516315, "lamda": 0.01477776444337425}, "datetime": {"datetime": "2021-10-05 12:37:33", "elapsed": 206.099435, "delta": 1.283}}
{"target": -11.171219448205507, "params": {"C": 99.79763028516567, "epsilon": 24.488895985413915, "gamma": 0.02485732861850968, "lamda": 0.021739776973574636}, "datetime": {"datetime": "2021-10-05 12:37:34", "elapsed": 207.280177, "delta": 1.180742}}
{"target": -10.430897017151485, "params": {"C": 24.764199455616062, "epsilon": 15.96464234624445, "gamma": 0.07949365419010068, "lamda": 0.008968476085305785}, "datetime": {"datetime": "2021-10-05 12:37:36", "elapsed": 208.429505, "delta": 1.149328}}
{"target": -10.699207517012962, "params": {"C": 88.83726444751021, "epsilon": 27.311245948341266, "gamma": 0.028233998210299704, "lamda": 0.0016277385628821282}, "datetime": {"datetime": "2021-10-05 12:37:37", "elapsed": 209.623748, "delta": 1.194243}}
{"target": -10.484180741436315, "params": {"C": 42.49944777269264, "epsilon": 10.266648109786793, "gamma": 0.06095340385291062, "lamda": 0.023987201602734615}, "datetime": {"datetime": "2021-10-05 12:37:38", "elapsed": 210.759323, "delta": 1.135575}}
{"target": -10.381769821810368, "params": {"C": 72.98581204736766, "epsilon": 20.367014420140652, "gamma": 0.06938132212212567, "lamda": 0.012111288621672222}, "datetime": {"datetime": "2021-10-05 12:37:39", "elapsed": 211.877067, "delta": 1.117744}}
{"target": -11.099748661843547, "params": {"C": 62.19876509414633, "epsilon": 22.101724115384307, "gamma": 0.09258011511438873, "lamda": 0.00380524999792666}, "datetime": {"datetime": "2021-10-05 12:37:41", "elapsed": 213.580121, "delta": 1.703054}}
{"target": -10.605980777241783, "params": {"C": 25.064033782924863, "epsilon": 29.04909704417181, "gamma": 0.0631557579927735, "lamda": 0.0003597121048082803}, "datetime": {"datetime": "2021-10-05 12:37:42", "elapsed": 215.062516, "delta": 1.482395}}
{"target": -10.369949121951128, "params": {"C": 34.90136567239349, "epsilon": 26.43111070427389, "gamma": 0.08451920628835846, "lamda": 0.009647230373298139}, "datetime": {"datetime": "2021-10-05 12:37:44", "elapsed": 216.739997, "delta": 1.677481}}
{"target": -10.77203063579198, "params": {"C": 50.16791246244878, "epsilon": 29.968801782653028, "gamma": 0.07128656884345762, "lamda": 0.020662488903839746}, "datetime": {"datetime": "2021-10-05 12:37:45", "elapsed": 218.14902, "delta": 1.409023}}
{"target": -11.191411116777719, "params": {"C": 88.11300407674298, "epsilon": 19.93481320327462, "gamma": 0.04944601693588142, "lamda": 0.0003499816274932767}, "datetime": {"datetime": "2021-10-05 12:37:47", "elapsed": 219.483715, "delta": 1.334695}}
{"target": -10.367465241221796, "params": {"C": 47.82772788324259, "epsilon": 11.705082738366226, "gamma": 0.042383524889860635, "lamda": 0.016199601611578934}, "datetime": {"datetime": "2021-10-05 12:37:48", "elapsed": 220.908926, "delta": 1.425211}}
{"target": -11.016560405175548, "params": {"C": 45.039251097432405, "epsilon": 26.187620657233847, "gamma": 0.09016078526570032, "lamda": 0.02341893221984376}, "datetime": {"datetime": "2021-10-05 12:37:49", "elapsed": 222.168283, "delta": 1.259357}}
{"target": -11.00702003684519, "params": {"C": 57.63963233968535, "epsilon": 19.094571068349182, "gamma": 0.08756465186254199, "lamda": 0.02286123742648081}, "datetime": {"datetime": "2021-10-05 12:37:51", "elapsed": 223.330456, "delta": 1.162173}}
{"target": -10.06379054465716, "params": {"C": 56.728857512502145, "epsilon": 29.91228297352436, "gamma": 0.05213827073078828, "lamda": 0.005249064764578265}, "datetime": {"datetime": "2021-10-05 12:37:52", "elapsed": 224.58004, "delta": 1.249584}}
{"target": -10.445395818060819, "params": {"C": 24.55592056613548, "epsilon": 14.565731097438048, "gamma": 0.06075811803782656, "lamda": 0.00034048484478907707}, "datetime": {"datetime": "2021-10-05 12:37:53", "elapsed": 226.203245, "delta": 1.623205}}
{"target": -10.849491785419884, "params": {"C": 23.041574184912868, "epsilon": 11.554026422558888, "gamma": 0.0956881455483807, "lamda": 0.015227842412647631}, "datetime": {"datetime": "2021-10-05 12:37:55", "elapsed": 227.41969, "delta": 1.216445}}
{"target": -10.53240107530013, "params": {"C": 65.2221976320358, "epsilon": 20.810226302916572, "gamma": 0.046873177653974585, "lamda": 0.018950962412082533}, "datetime": {"datetime": "2021-10-05 12:37:56", "elapsed": 228.880176, "delta": 1.460486}}
{"target": -10.656861298521546, "params": {"C": 72.93307421486833, "epsilon": 20.358864246612765, "gamma": 0.08331725411723813, "lamda": 0.012282064896914293}, "datetime": {"datetime": "2021-10-05 12:37:57", "elapsed": 230.296848, "delta": 1.416672}}
{"target": -10.601833807919817, "params": {"C": 21.613181541821405, "epsilon": 17.608772016608327, "gamma": 0.06774515437240712, "lamda": 0.02085486365855313}, "datetime": {"datetime": "2021-10-05 12:37:59", "elapsed": 231.501888, "delta": 1.20504}}
{"target": -10.722617427334518, "params": {"C": 40.1978547719674, "epsilon": 21.720799622943346, "gamma": 0.050857448797290636, "lamda": 0.024580749677831963}, "datetime": {"datetime": "2021-10-05 12:38:00", "elapsed": 232.669019, "delta": 1.167131}}
{"target": -10.787171503212525, "params": {"C": 66.73255548830403, "epsilon": 26.608055096134255, "gamma": 0.09274445167464991, "lamda": 0.01077168507910299}, "datetime": {"datetime": "2021-10-05 12:38:01", "elapsed": 233.899253, "delta": 1.230234}}
{"target": -10.071125807979877, "params": {"C": 51.599175422703546, "epsilon": 27.481596374904843, "gamma": 0.04978455172389938, "lamda": 0.00560688100357235}, "datetime": {"datetime": "2021-10-05 12:38:03", "elapsed": 235.337372, "delta": 1.438119}}
{"target": -11.073646945766837, "params": {"C": 66.73874296228507, "epsilon": 23.383003970249185, "gamma": 0.09271991976156366, "lamda": 0.02378533101716838}, "datetime": {"datetime": "2021-10-05 12:38:04", "elapsed": 236.495253, "delta": 1.157881}}
{"target": -10.869042216906887, "params": {"C": 34.867391082761486, "epsilon": 26.37493012302355, "gamma": 0.08897694525912096, "lamda": 0.019956222436402285}, "datetime": {"datetime": "2021-10-05 12:38:05", "elapsed": 237.99983, "delta": 1.504577}}
{"target": -10.332362566016606, "params": {"C": 25.086910409942455, "epsilon": 29.00771656762585, "gamma": 0.07368119081597746, "lamda": 0.0025507415017373327}, "datetime": {"datetime": "2021-10-05 12:38:06", "elapsed": 239.308795, "delta": 1.308965}}
{"target": -10.373535848587293, "params": {"C": 41.78415986103261, "epsilon": 13.847183592617501, "gamma": 0.045087679964385494, "lamda": 0.01677433350606253}, "datetime": {"datetime": "2021-10-05 12:38:08", "elapsed": 240.504813, "delta": 1.196018}}
{"target": -10.742085855384328, "params": {"C": 28.840283478002334, "epsilon": 23.186960110765458, "gamma": 0.0947448432487032, "lamda": 0.005885059676237049}, "datetime": {"datetime": "2021-10-05 12:38:09", "elapsed": 241.746085, "delta": 1.241272}}
{"target": -11.030357361548706, "params": {"C": 55.958464007859845, "epsilon": 27.18236978520854, "gamma": 0.09104945359940517, "lamda": 0.0027374256707216895}, "datetime": {"datetime": "2021-10-05 12:38:10", "elapsed": 243.037039, "delta": 1.290954}}
{"target": -10.417620098052458, "params": {"C": 73.11178264365958, "epsilon": 10.946184313663593, "gamma": 0.05106117548903871, "lamda": 0.017936704188877422}, "datetime": {"datetime": "2021-10-05 12:38:12", "elapsed": 244.522791, "delta": 1.485752}}
{"target": -10.35451794068335, "params": {"C": 87.21769471222385, "epsilon": 15.008874201454091, "gamma": 0.06364727476655213, "lamda": 0.005651764787616929}, "datetime": {"datetime": "2021-10-05 12:38:13", "elapsed": 246.084716, "delta": 1.561925}}
{"target": -10.462601954757158, "params": {"C": 73.46447346798723, "epsilon": 17.329915194222117, "gamma": 0.04594601962035162, "lamda": 0.01635384762685259}, "datetime": {"datetime": "2021-10-05 12:38:14", "elapsed": 247.254102, "delta": 1.169386}}
{"target": -10.744832834563347, "params": {"C": 33.07312731694903, "epsilon": 25.7733322434696, "gamma": 0.07096453787669635, "lamda": 0.021949386027802376}, "datetime": {"datetime": "2021-10-05 12:38:16", "elapsed": 248.713752, "delta": 1.45965}}
{"target": -10.213030808122772, "params": {"C": 13.676202239693923, "epsilon": 14.518994307773692, "gamma": 0.057617782356109495, "lamda": 0.0027845105533446032}, "datetime": {"datetime": "2021-10-05 12:38:18", "elapsed": 250.402802, "delta": 1.68905}}
{"target": -10.118322708598177, "params": {"C": 10.300436899417132, "epsilon": 20.087347426204836, "gamma": 0.0507627801177241, "lamda": 0.0029589716648840093}, "datetime": {"datetime": "2021-10-05 12:38:20", "elapsed": 252.541615, "delta": 2.138813}}
{"target": -11.969253057362783, "params": {"C": 78.78567259194004, "epsilon": 18.189449086889425, "gamma": 0.07257920427646099, "lamda": 0.000585927775941841}, "datetime": {"datetime": "2021-10-05 12:38:21", "elapsed": 254.146426, "delta": 1.604811}}
{"target": -10.909521831128819, "params": {"C": 52.27461243418193, "epsilon": 29.378017519549115, "gamma": 0.039800603947859454, "lamda": 0.00024070819589699406}, "datetime": {"datetime": "2021-10-05 12:38:23", "elapsed": 255.781351, "delta": 1.634925}}
{"target": -10.385893055413398, "params": {"C": 87.21498968384554, "epsilon": 15.001788604756163, "gamma": 0.05164353714976967, "lamda": 0.003434043792939712}, "datetime": {"datetime": "2021-10-05 12:38:24", "elapsed": 257.249506, "delta": 1.468155}}
{"target": -10.662218033353332, "params": {"C": 24.552240236409595, "epsilon": 14.562873710502867, "gamma": 0.03588887473070617, "lamda": 0.02247246648755164}, "datetime": {"datetime": "2021-10-05 12:38:26", "elapsed": 258.971768, "delta": 1.722262}}
{"target": -10.687344484013197, "params": {"C": 87.23084052187828, "epsilon": 14.98651391337871, "gamma": 0.03565652370683278, "lamda": 0.01901847687813918}, "datetime": {"datetime": "2021-10-05 12:38:28", "elapsed": 260.460221, "delta": 1.488453}}
{"target": -10.213136055496516, "params": {"C": 31.299264595552515, "epsilon": 26.295308426594215, "gamma": 0.052919615027976555, "lamda": 0.012524959282437863}, "datetime": {"datetime": "2021-10-05 12:38:29", "elapsed": 261.783853, "delta": 1.323632}}
{"target": -10.672987554919459, "params": {"C": 72.96373614861798, "epsilon": 20.38002863323881, "gamma": 0.06330093443056092, "lamda": 0.019777212991621752}, "datetime": {"datetime": "2021-10-05 12:38:31", "elapsed": 263.311237, "delta": 1.527384}}
{"target": -11.012254112805083, "params": {"C": 43.43426107895759, "epsilon": 25.669062251547505, "gamma": 0.08067912803797621, "lamda": 0.02776111110518862}, "datetime": {"datetime": "2021-10-05 12:38:32", "elapsed": 264.618151, "delta": 1.306914}}
{"target": -10.138135173178894, "params": {"C": 20.347193094901456, "epsilon": 23.893706507626185, "gamma": 0.06373530095000356, "lamda": 0.007899108089456057}, "datetime": {"datetime": "2021-10-05 12:38:33", "elapsed": 265.959586, "delta": 1.341435}}
{"target": -10.776747787193134, "params": {"C": 33.722290178489374, "epsilon": 28.254904148644513, "gamma": 0.05043917917973398, "lamda": 0.023730912600416956}, "datetime": {"datetime": "2021-10-05 12:38:34", "elapsed": 267.238891, "delta": 1.279305}}
{"target": -10.313047735521714, "params": {"C": 65.27061061245824, "epsilon": 20.877767946289786, "gamma": 0.04800016231787651, "lamda": 0.012999677547605759}, "datetime": {"datetime": "2021-10-05 12:38:36", "elapsed": 269.172382, "delta": 1.933491}}
{"target": -10.30278374182005, "params": {"C": 51.58867550383255, "epsilon": 27.467766281480394, "gamma": 0.048238639547465906, "lamda": 0.011997883476333692}, "datetime": {"datetime": "2021-10-05 12:38:38", "elapsed": 270.894187, "delta": 1.721805}}
{"target": -10.45797837629625, "params": {"C": 16.78480347263833, "epsilon": 20.448356040646836, "gamma": 0.06410516312399492, "lamda": 0.016197490337105942}, "datetime": {"datetime": "2021-10-05 12:38:40", "elapsed": 272.452213, "delta": 1.558026}}
