{"target": -17.241656257696402, "params": {"C": 96.26160788397043, "epsilon": 14.320669607412665, "gamma": 0.042488402867443514, "lamda": 0.20596836530637558}, "datetime": {"datetime": "2021-10-05 10:21:15", "elapsed": 1664.321052, "delta": 3.439277}}
{"target": -15.326722448479929, "params": {"C": 29.847977684953662, "epsilon": 21.966973667433017, "gamma": 0.16602054715791892, "lamda": 0.15984414292315685}, "datetime": {"datetime": "2021-10-05 10:21:21", "elapsed": 1671.11259, "delta": 6.791538}}
{"target": -12.147347832889254, "params": {"C": 30.568899303837632, "epsilon": 25.092909502494685, "gamma": 0.024758486232526914, "lamda": 0.06005889294737163}, "datetime": {"datetime": "2021-10-05 10:21:29", "elapsed": 1678.535934, "delta": 7.423344}}
{"target": -17.26583675843698, "params": {"C": 46.06674803314294, "epsilon": 1.0, "gamma": 0.0005, "lamda": 0.0005}, "datetime": {"datetime": "2021-10-05 10:21:38", "elapsed": 1687.294334, "delta": 8.7584}}
{"target": -33.13853901222738, "params": {"C": 31.491827850795968, "epsilon": 25.383056913015228, "gamma": 0.17882765768622522, "lamda": 0.5607464962836319}, "datetime": {"datetime": "2021-10-05 10:21:45", "elapsed": 1694.354368, "delta": 7.060034}}
{"target": -10.626902007858693, "params": {"C": 32.079474709307405, "epsilon": 23.428967065020828, "gamma": 0.05561146639404527, "lamda": 0.022244389438022764}, "datetime": {"datetime": "2021-10-05 10:21:53", "elapsed": 1702.206568, "delta": 7.8522}}
{"target": -15.477978369282983, "params": {"C": 32.48199875115198, "epsilon": 22.752371662589482, "gamma": 0.0005, "lamda": 0.0005}, "datetime": {"datetime": "2021-10-05 10:22:01", "elapsed": 1710.512093, "delta": 8.305525}}
{"target": -37.008663044168536, "params": {"C": 70.98501954141382, "epsilon": 28.56059721971812, "gamma": 0.02876603185441541, "lamda": 0.6947438176391572}, "datetime": {"datetime": "2021-10-05 10:22:05", "elapsed": 1714.532195, "delta": 4.020102}}
{"target": -31.91077661009249, "params": {"C": 32.95803231740789, "epsilon": 23.42162806798852, "gamma": 0.13312910788943405, "lamda": 0.48628773065264197}, "datetime": {"datetime": "2021-10-05 10:22:12", "elapsed": 1721.817384, "delta": 7.285189}}
{"target": -16.855953313787083, "params": {"C": 75.14787667429378, "epsilon": 28.932869102376962, "gamma": 0.09606405425141944, "lamda": 0.2792061665379863}, "datetime": {"datetime": "2021-10-05 10:22:16", "elapsed": 1725.526082, "delta": 3.708698}}
{"target": -33.65242015373063, "params": {"C": 54.91155140623546, "epsilon": 27.235224599245914, "gamma": 0.08075193134413668, "lamda": 0.6104830424009934}, "datetime": {"datetime": "2021-10-05 10:22:19", "elapsed": 1728.991778, "delta": 3.465696}}
{"target": -20.82034146448238, "params": {"C": 43.1217242771141, "epsilon": 11.560094806305687, "gamma": 0.1747277244041688, "lamda": 0.22020051154862022}, "datetime": {"datetime": "2021-10-05 10:22:23", "elapsed": 1732.280289, "delta": 3.288511}}
{"target": -10.571236858135473, "params": {"C": 29.036052045669944, "epsilon": 23.640205221503674, "gamma": 0.06107428020199039, "lamda": 0.020455185878093782}, "datetime": {"datetime": "2021-10-05 10:22:32", "elapsed": 1741.588145, "delta": 9.307856}}
{"target": -14.023252393371555, "params": {"C": 17.680792298521787, "epsilon": 22.276234476594798, "gamma": 0.15273496465058395, "lamda": 0.11706603920548872}, "datetime": {"datetime": "2021-10-05 10:22:36", "elapsed": 1745.503212, "delta": 3.915067}}
{"target": -21.71601635531829, "params": {"C": 28.6359737012854, "epsilon": 23.00834971034914, "gamma": 0.18526036165322124, "lamda": 0.30594524866863015}, "datetime": {"datetime": "2021-10-05 10:22:43", "elapsed": 1752.438618, "delta": 6.935406}}
{"target": -18.791154851038375, "params": {"C": 32.19922659046413, "epsilon": 24.116023443887737, "gamma": 0.007057430542560856, "lamda": 0.2417184252568827}, "datetime": {"datetime": "2021-10-05 10:22:51", "elapsed": 1760.423815, "delta": 7.985197}}
{"target": -23.627289211370588, "params": {"C": 64.83805291691087, "epsilon": 13.607368541389642, "gamma": 0.019830097386976747, "lamda": 0.26067602453880806}, "datetime": {"datetime": "2021-10-05 10:23:00", "elapsed": 1769.494289, "delta": 9.070474}}
{"target": -13.097520603756754, "params": {"C": 16.89591070527583, "epsilon": 22.453992901777163, "gamma": 0.029508528073114958, "lamda": 0.11039900630657942}, "datetime": {"datetime": "2021-10-05 10:23:06", "elapsed": 1775.867046, "delta": 6.372757}}
{"target": -12.142699021689252, "params": {"C": 17.305382444534942, "epsilon": 23.115843966008374, "gamma": 0.13491585069722997, "lamda": 0.056784272284898206}, "datetime": {"datetime": "2021-10-05 10:23:18", "elapsed": 1787.760473, "delta": 11.893427}}
{"target": -29.917395130930334, "params": {"C": 17.032829102875024, "epsilon": 21.62052420142109, "gamma": 0.16825993880015433, "lamda": 0.41351539862367587}, "datetime": {"datetime": "2021-10-05 10:23:24", "elapsed": 1794.080088, "delta": 6.319615}}
{"target": -51.44438001664534, "params": {"C": 16.95834757762926, "epsilon": 23.151821600672157, "gamma": 0.17769392776427387, "lamda": 0.7956179278475012}, "datetime": {"datetime": "2021-10-05 10:23:35", "elapsed": 1804.809418, "delta": 10.72933}}
{"target": -19.360109450822463, "params": {"C": 18.37809261871556, "epsilon": 22.975876595708495, "gamma": 0.06290627026464402, "lamda": 0.29205818096295166}, "datetime": {"datetime": "2021-10-05 10:23:45", "elapsed": 1814.479361, "delta": 9.669943}}
{"target": -83.59301741637671, "params": {"C": 86.23149830412693, "epsilon": 7.392058870785128, "gamma": 0.02261120443070587, "lamda": 0.7330095854359399}, "datetime": {"datetime": "2021-10-05 10:23:49", "elapsed": 1818.274273, "delta": 3.794912}}
{"target": -15.382212392106743, "params": {"C": 30.198850125147406, "epsilon": 25.830488843271528, "gamma": 0.0005, "lamda": 0.0005}, "datetime": {"datetime": "2021-10-05 10:23:57", "elapsed": 1826.841995, "delta": 8.567722}}
{"target": -33.08931549724994, "params": {"C": 12.58861158411929, "epsilon": 27.946233132452043, "gamma": 0.15674255788599128, "lamda": 0.623545399877815}, "datetime": {"datetime": "2021-10-05 10:24:01", "elapsed": 1830.550816, "delta": 3.708821}}
{"target": -10.313291796355198, "params": {"C": 18.109744241953813, "epsilon": 24.145885736129348, "gamma": 0.07597796143539409, "lamda": 0.009039099722794977}, "datetime": {"datetime": "2021-10-05 10:24:07", "elapsed": 1836.646996, "delta": 6.09618}}
{"target": -16.117846688281144, "params": {"C": 17.80934417771933, "epsilon": 24.767513893969884, "gamma": 0.02633923050855966, "lamda": 0.21391405782238948}, "datetime": {"datetime": "2021-10-05 10:24:16", "elapsed": 1845.241031, "delta": 8.594035}}
{"target": -11.763207300978388, "params": {"C": 18.84501465300717, "epsilon": 23.80061943214075, "gamma": 0.10271363056862422, "lamda": 0.056834720186098545}, "datetime": {"datetime": "2021-10-05 10:24:23", "elapsed": 1853.172036, "delta": 7.931005}}
{"target": -12.317101486232044, "params": {"C": 27.538895564699843, "epsilon": 8.867241941410894, "gamma": 0.05106014376334772, "lamda": 0.08399055215355067}, "datetime": {"datetime": "2021-10-05 10:24:36", "elapsed": 1865.538707, "delta": 12.366671}}
{"target": -37.56863652805581, "params": {"C": 18.0800711690577, "epsilon": 23.711786960928634, "gamma": 0.1810029337109599, "lamda": 0.6102455572843452}, "datetime": {"datetime": "2021-10-05 10:24:46", "elapsed": 1875.493484, "delta": 9.954777}}
{"target": -15.292814184504481, "params": {"C": 19.415649216858437, "epsilon": 23.26933852852078, "gamma": 0.14549753637683402, "lamda": 0.17089752992811236}, "datetime": {"datetime": "2021-10-05 10:24:54", "elapsed": 1884.042981, "delta": 8.549497}}
{"target": -14.898864394258357, "params": {"C": 87.73605233874817, "epsilon": 20.64851479889922, "gamma": 0.0005, "lamda": 0.0005}, "datetime": {"datetime": "2021-10-05 10:25:05", "elapsed": 1895.095698, "delta": 11.052717}}
{"target": -18.066723081886956, "params": {"C": 87.58732630805966, "epsilon": 21.434786315609387, "gamma": 0.14628937463688843, "lamda": 0.23529909687986678}, "datetime": {"datetime": "2021-10-05 10:25:16", "elapsed": 1905.925476, "delta": 10.829778}}
{"target": -23.153632923784578, "params": {"C": 87.74961374611678, "epsilon": 19.79888278840256, "gamma": 0.04391426471461362, "lamda": 0.326394307909313}, "datetime": {"datetime": "2021-10-05 10:25:25", "elapsed": 1914.808059, "delta": 8.882583}}
{"target": -58.12084767978203, "params": {"C": 27.8866239649374, "epsilon": 8.160484295996884, "gamma": 0.19164572665020768, "lamda": 0.6108924866970696}, "datetime": {"datetime": "2021-10-05 10:25:32", "elapsed": 1921.572092, "delta": 6.764033}}
{"target": -12.067530582492754, "params": {"C": 29.7610730949493, "epsilon": 23.974988685998166, "gamma": 0.13642843923493364, "lamda": 0.0498285247055865}, "datetime": {"datetime": "2021-10-05 10:25:41", "elapsed": 1931.006342, "delta": 9.43425}}
{"target": -15.536420746378269, "params": {"C": 30.449514710261177, "epsilon": 21.54194147183192, "gamma": 0.0005, "lamda": 0.0005}, "datetime": {"datetime": "2021-10-05 10:25:49", "elapsed": 1939.099179, "delta": 8.092837}}
{"target": -40.647775083817656, "params": {"C": 94.32531117437637, "epsilon": 27.444026647641426, "gamma": 0.12560099316856696, "lamda": 0.7522989227140333}, "datetime": {"datetime": "2021-10-05 10:25:53", "elapsed": 1942.709039, "delta": 3.60986}}
{"target": -49.41829569845414, "params": {"C": 30.768037953415764, "epsilon": 11.451455808278247, "gamma": 0.025512331512599115, "lamda": 0.4437775168105482}, "datetime": {"datetime": "2021-10-05 10:25:57", "elapsed": 1946.527061, "delta": 3.818022}}
{"target": -12.462374649234013, "params": {"C": 27.24949000797393, "epsilon": 9.44565818610095, "gamma": 0.14413717743765259, "lamda": 0.004304488258771121}, "datetime": {"datetime": "2021-10-05 10:26:03", "elapsed": 1953.057687, "delta": 6.530626}}
{"target": -12.322760471151845, "params": {"C": 18.76032113524982, "epsilon": 24.482183822516898, "gamma": 0.17864349361165935, "lamda": 0.044820368717084134}, "datetime": {"datetime": "2021-10-05 10:26:13", "elapsed": 1962.525523, "delta": 9.467836}}
{"target": -14.1814785181822, "params": {"C": 26.50586940893487, "epsilon": 9.23914468069057, "gamma": 0.12787373580773054, "lamda": 0.1144929400038905}, "datetime": {"datetime": "2021-10-05 10:26:24", "elapsed": 1973.796519, "delta": 11.270996}}
{"target": -12.607542947317487, "params": {"C": 98.00962410654734, "epsilon": 14.084838174704345, "gamma": 0.18034818607886927, "lamda": 0.05332154396454229}, "datetime": {"datetime": "2021-10-05 10:26:28", "elapsed": 1977.713579, "delta": 3.91706}}
{"target": -65.28071251019044, "params": {"C": 34.564781363159085, "epsilon": 4.447278250275073, "gamma": 0.0894824586846609, "lamda": 0.5356712894718353}, "datetime": {"datetime": "2021-10-05 10:26:32", "elapsed": 1981.266116, "delta": 3.552537}}
{"target": -44.30233406190721, "params": {"C": 93.33042330964795, "epsilon": 1.135167069030607, "gamma": 0.14814704956564295, "lamda": 0.42096670020962074}, "datetime": {"datetime": "2021-10-05 10:26:35", "elapsed": 1984.895046, "delta": 3.62893}}
{"target": -11.092025484220457, "params": {"C": 97.22833148372898, "epsilon": 14.548093440881727, "gamma": 0.05542172574576753, "lamda": 0.001441925394277386}, "datetime": {"datetime": "2021-10-05 10:26:43", "elapsed": 1992.897132, "delta": 8.002086}}
{"target": -21.233777716854686, "params": {"C": 45.916015233989256, "epsilon": 9.040291716573083, "gamma": 0.06027430706771729, "lamda": 0.23747870883137787}, "datetime": {"datetime": "2021-10-05 10:26:47", "elapsed": 1996.88248, "delta": 3.985348}}
{"target": -38.39618597834508, "params": {"C": 40.456422910425694, "epsilon": 15.034382827907292, "gamma": 0.1980858992636549, "lamda": 0.42484881665753943}, "datetime": {"datetime": "2021-10-05 10:26:51", "elapsed": 2000.710076, "delta": 3.827596}}
{"target": -22.267433130989843, "params": {"C": 97.204528507437, "epsilon": 13.81526953075792, "gamma": 0.18368702702192585, "lamda": 0.25041845381452527}, "datetime": {"datetime": "2021-10-05 10:27:00", "elapsed": 2009.507387, "delta": 8.797311}}
{"target": -12.296856141669892, "params": {"C": 65.2363953410509, "epsilon": 7.169150052041092, "gamma": 0.10322091750853706, "lamda": 0.07206961096820776}, "datetime": {"datetime": "2021-10-05 10:27:04", "elapsed": 2013.335984, "delta": 3.828597}}
{"target": -56.795708455024375, "params": {"C": 26.19137807880838, "epsilon": 5.22328875127126, "gamma": 0.19151930111796014, "lamda": 0.5458099149403378}, "datetime": {"datetime": "2021-10-05 10:27:07", "elapsed": 2017.135479, "delta": 3.799495}}
{"target": -31.461443421656515, "params": {"C": 9.539135807722875, "epsilon": 18.177553433042526, "gamma": 0.10237879190966598, "lamda": 0.41193688373123644}, "datetime": {"datetime": "2021-10-05 10:27:11", "elapsed": 2020.727573, "delta": 3.592094}}
{"target": -38.72824301580493, "params": {"C": 97.96641331258975, "epsilon": 15.005742286655622, "gamma": 0.020433133074159702, "lamda": 0.4148239473925639}, "datetime": {"datetime": "2021-10-05 10:27:21", "elapsed": 2031.047716, "delta": 10.320143}}
{"target": -38.420316794268636, "params": {"C": 96.72193385681882, "epsilon": 15.017849705304275, "gamma": 0.05812017618971734, "lamda": 0.4293543074296642}, "datetime": {"datetime": "2021-10-05 10:27:28", "elapsed": 2038.058074, "delta": 7.010358}}
{"target": -12.20160026330422, "params": {"C": 17.53558998708382, "epsilon": 25.818321364536263, "gamma": 0.19273167706741953, "lamda": 0.008717996115778701}, "datetime": {"datetime": "2021-10-05 10:27:35", "elapsed": 2044.580835, "delta": 6.522761}}
{"target": -57.105511687722284, "params": {"C": 47.89699929612587, "epsilon": 13.116564397647696, "gamma": 0.027374900114412338, "lamda": 0.571884702654088}, "datetime": {"datetime": "2021-10-05 10:27:38", "elapsed": 2047.866995, "delta": 3.28616}}
{"target": -30.194453047409947, "params": {"C": 65.56945283837223, "epsilon": 6.584090734717598, "gamma": 0.08822546638968128, "lamda": 0.3084208378716755}, "datetime": {"datetime": "2021-10-05 10:27:50", "elapsed": 2060.035882, "delta": 12.168887}}
{"target": -11.394048891738272, "params": {"C": 65.32726654147073, "epsilon": 23.312403645938698, "gamma": 0.06683201699602083, "lamda": 0.04989526546551076}, "datetime": {"datetime": "2021-10-05 10:27:54", "elapsed": 2064.096722, "delta": 4.06084}}
{"target": -13.584310021564958, "params": {"C": 65.2093249991314, "epsilon": 24.08191105367217, "gamma": 0.036988975813679166, "lamda": 0.13171585428367108}, "datetime": {"datetime": "2021-10-05 10:28:04", "elapsed": 2073.623151, "delta": 9.526429}}
{"target": -39.98722582154373, "params": {"C": 64.76222559084766, "epsilon": 23.529197729739945, "gamma": 0.16233584236711004, "lamda": 0.6564360712281351}, "datetime": {"datetime": "2021-10-05 10:28:15", "elapsed": 2085.057488, "delta": 11.434337}}
{"target": -38.96012093954006, "params": {"C": 73.72855394176784, "epsilon": 18.528352378554562, "gamma": 0.18718750960236194, "lamda": 0.5220832993414547}, "datetime": {"datetime": "2021-10-05 10:28:19", "elapsed": 2089.011276, "delta": 3.953788}}
{"target": -37.11893615188578, "params": {"C": 66.04181804857276, "epsilon": 23.299849317461103, "gamma": 0.11506592941963985, "lamda": 0.5842738987804773}, "datetime": {"datetime": "2021-10-05 10:28:27", "elapsed": 2096.687777, "delta": 7.676501}}
{"target": -12.230981817863187, "params": {"C": 80.20204111335977, "epsilon": 24.147397504407806, "gamma": 0.11933031163075318, "lamda": 0.06598583688437389}, "datetime": {"datetime": "2021-10-05 10:28:31", "elapsed": 2100.672546, "delta": 3.984769}}
{"target": -10.94431936857788, "params": {"C": 16.714260921852382, "epsilon": 26.15713799362157, "gamma": 0.09140506111938797, "lamda": 0.0021024150258350293}, "datetime": {"datetime": "2021-10-05 10:28:39", "elapsed": 2108.891191, "delta": 8.218645}}
{"target": -37.95413571966769, "params": {"C": 17.034536564035154, "epsilon": 25.674397524000852, "gamma": 0.08120525324624149, "lamda": 0.6541771547250357}, "datetime": {"datetime": "2021-10-05 10:28:47", "elapsed": 2116.247829, "delta": 7.356638}}
{"target": -52.35553094168923, "params": {"C": 87.3255872703158, "epsilon": 20.836429548727867, "gamma": 0.05117387252092022, "lamda": 0.7456584644777641}, "datetime": {"datetime": "2021-10-05 10:28:58", "elapsed": 2127.430059, "delta": 11.18223}}
{"target": -12.881205867429133, "params": {"C": 19.03584656932912, "epsilon": 22.41666392896033, "gamma": 0.2, "lamda": 0.0005}, "datetime": {"datetime": "2021-10-05 10:29:12", "elapsed": 2141.285828, "delta": 13.855769}}
{"target": -14.559235019567197, "params": {"C": 18.39631022602684, "epsilon": 21.684665937982835, "gamma": 0.04042542584832818, "lamda": 0.1578066834252154}, "datetime": {"datetime": "2021-10-05 10:29:21", "elapsed": 2151.13354, "delta": 9.847712}}
{"target": -16.701997920588436, "params": {"C": 16.780998499723232, "epsilon": 26.955068022785714, "gamma": 0.15763035435489559, "lamda": 0.224335766881898}, "datetime": {"datetime": "2021-10-05 10:29:34", "elapsed": 2163.234466, "delta": 12.100926}}
{"target": -12.552665878156155, "params": {"C": 17.359304764609696, "epsilon": 26.455316627281196, "gamma": 0.10205520573600807, "lamda": 0.09218464637269183}, "datetime": {"datetime": "2021-10-05 10:29:43", "elapsed": 2173.174602, "delta": 9.940136}}
{"target": -14.83025402660892, "params": {"C": 79.80857420230332, "epsilon": 24.810726628702113, "gamma": 0.0005, "lamda": 0.0005}, "datetime": {"datetime": "2021-10-05 10:29:52", "elapsed": 2181.57915, "delta": 8.404548}}
{"target": -49.08596493337497, "params": {"C": 19.321549114133536, "epsilon": 21.814542913555915, "gamma": 0.0478778520676865, "lamda": 0.6977585231541185}, "datetime": {"datetime": "2021-10-05 10:29:59", "elapsed": 2188.44779, "delta": 6.86864}}
{"target": -14.84982244774249, "params": {"C": 79.50610101231497, "epsilon": 24.019332109619736, "gamma": 0.0005, "lamda": 0.0005}, "datetime": {"datetime": "2021-10-05 10:30:09", "elapsed": 2199.113792, "delta": 10.666002}}
{"target": -15.16494507474319, "params": {"C": 98.35052105426641, "epsilon": 13.363065858460851, "gamma": 0.0005, "lamda": 0.0005}, "datetime": {"datetime": "2021-10-05 10:30:19", "elapsed": 2208.429341, "delta": 9.315549}}
{"target": -54.796108898581075, "params": {"C": 73.99444569217195, "epsilon": 18.873449894859625, "gamma": 0.12683236165380657, "lamda": 0.7102820274119979}, "datetime": {"datetime": "2021-10-05 10:30:23", "elapsed": 2212.575626, "delta": 4.146285}}
{"target": -40.202689911499164, "params": {"C": 79.6650382343685, "epsilon": 24.57135411238464, "gamma": 0.0887684381155528, "lamda": 0.6744911900922378}, "datetime": {"datetime": "2021-10-05 10:30:32", "elapsed": 2221.477173, "delta": 8.901547}}
{"target": -12.13509851820814, "params": {"C": 66.02754308346813, "epsilon": 7.312391718787547, "gamma": 0.1371783117486681, "lamda": 0.04932544299625585}, "datetime": {"datetime": "2021-10-05 10:30:38", "elapsed": 2227.526104, "delta": 6.048931}}
{"target": -14.177828619258612, "params": {"C": 16.045254120616725, "epsilon": 26.714128584247483, "gamma": 0.0479365732575888, "lamda": 0.16320509641605122}, "datetime": {"datetime": "2021-10-05 10:30:46", "elapsed": 2235.957797, "delta": 8.431693}}
{"target": -12.549074526551184, "params": {"C": 75.97323475607483, "epsilon": 14.600267709972856, "gamma": 0.1668587752576777, "lamda": 0.05687384186658842}, "datetime": {"datetime": "2021-10-05 10:30:50", "elapsed": 2239.693942, "delta": 3.736145}}
{"target": -13.69876143105194, "params": {"C": 75.83032927023099, "epsilon": 13.810535564869548, "gamma": 0.16039578350957265, "lamda": 0.0005}, "datetime": {"datetime": "2021-10-05 10:31:01", "elapsed": 2251.102232, "delta": 11.40829}}
{"target": -38.30916921220232, "params": {"C": 75.31952903484706, "epsilon": 14.417038111121798, "gamma": 0.14863697128535797, "lamda": 0.43679727211641084}, "datetime": {"datetime": "2021-10-05 10:31:12", "elapsed": 2261.678115, "delta": 10.575883}}
{"target": -12.794703179083399, "params": {"C": 76.78851337168012, "epsilon": 14.770625928761953, "gamma": 0.0041634736629783415, "lamda": 0.017812391636179897}, "datetime": {"datetime": "2021-10-05 10:31:22", "elapsed": 2271.848232, "delta": 10.170117}}
{"target": -65.29657112043621, "params": {"C": 76.84024340923655, "epsilon": 13.939946001285849, "gamma": 0.004699453118119857, "lamda": 0.6959409886967726}, "datetime": {"datetime": "2021-10-05 10:31:31", "elapsed": 2280.913563, "delta": 9.065331}}
{"target": -13.249084782600503, "params": {"C": 76.4608343393518, "epsilon": 15.441823384628126, "gamma": 0.02042427794973173, "lamda": 0.09042775281436448}, "datetime": {"datetime": "2021-10-05 10:31:39", "elapsed": 2289.171015, "delta": 8.257452}}
{"target": -35.968907666022766, "params": {"C": 98.74802089584091, "epsilon": 13.831823258001528, "gamma": 0.08171535720366095, "lamda": 0.40526101962843825}, "datetime": {"datetime": "2021-10-05 10:31:49", "elapsed": 2298.373908, "delta": 9.202893}}
{"target": -13.015356871654781, "params": {"C": 20.516859306951712, "epsilon": 16.805659668011746, "gamma": 0.19472000590998248, "lamda": 0.06711113650954004}, "datetime": {"datetime": "2021-10-05 10:32:02", "elapsed": 2311.198108, "delta": 12.8242}}
{"target": -12.07272997866534, "params": {"C": 65.26335815621641, "epsilon": 7.1429521621403715, "gamma": 0.07854803676561292, "lamda": 0.07498243960571434}, "datetime": {"datetime": "2021-10-05 10:32:06", "elapsed": 2315.627332, "delta": 4.429224}}
{"target": -11.848407972475384, "params": {"C": 77.47509909826822, "epsilon": 15.631615416001846, "gamma": 0.12274014066336694, "lamda": 0.050448866854632214}, "datetime": {"datetime": "2021-10-05 10:32:13", "elapsed": 2323.15567, "delta": 7.528338}}
{"target": -55.23742342093257, "params": {"C": 42.772273901110296, "epsilon": 11.06532720397719, "gamma": 0.03260595343738135, "lamda": 0.5169898418459777}, "datetime": {"datetime": "2021-10-05 10:32:18", "elapsed": 2327.388043, "delta": 4.232373}}
