{"target": -10.308124570018308, "params": {"C": 52.29731978324224, "epsilon": 28.78882657012295, "gamma": 0.016669948082380853, "lamda": 0.001052693521709589}, "datetime": {"datetime": "2021-10-06 14:37:16", "elapsed": 166.979462, "delta": 1.541501}}
{"target": -10.358363788731088, "params": {"C": 59.99252567023149, "epsilon": 31.2833637918696, "gamma": 0.02760024412035291, "lamda": 0.002411695840985305}, "datetime": {"datetime": "2021-10-06 14:37:17", "elapsed": 168.09105, "delta": 1.111588}}
{"target": -10.20235152352214, "params": {"C": 53.88736656418858, "epsilon": 27.691670280741036, "gamma": 0.020883378226623346, "lamda": 0.0016663712095930088}, "datetime": {"datetime": "2021-10-06 14:37:18", "elapsed": 169.160678, "delta": 1.069628}}
{"target": -10.202407963233178, "params": {"C": 43.57347161110542, "epsilon": 28.06801722241464, "gamma": 0.018212183353754435, "lamda": 0.002064245143927365}, "datetime": {"datetime": "2021-10-06 14:37:19", "elapsed": 170.146233, "delta": 0.985555}}
{"target": -10.290576259270585, "params": {"C": 52.32849085761918, "epsilon": 33.708131521338046, "gamma": 0.013423190089570816, "lamda": 0.00426152394319887}, "datetime": {"datetime": "2021-10-06 14:37:20", "elapsed": 171.15323, "delta": 1.006997}}
{"target": -10.356097124662396, "params": {"C": 43.11462193247688, "epsilon": 30.24411231755488, "gamma": 0.014317822198197272, "lamda": 0.008455738206899583}, "datetime": {"datetime": "2021-10-06 14:37:21", "elapsed": 172.294941, "delta": 1.141711}}
{"target": -10.149720706653405, "params": {"C": 61.21072252505611, "epsilon": 32.54869662284658, "gamma": 0.016283780406888687, "lamda": 0.003892776379454856}, "datetime": {"datetime": "2021-10-06 14:37:23", "elapsed": 173.565942, "delta": 1.271001}}
{"target": -10.152412839995984, "params": {"C": 45.77551694199478, "epsilon": 31.77425723103282, "gamma": 0.020616447523245, "lamda": 0.008130323593774143}, "datetime": {"datetime": "2021-10-06 14:37:24", "elapsed": 174.490404, "delta": 0.924462}}
{"target": -10.211917397389461, "params": {"C": 47.90312318222578, "epsilon": 31.802696661586573, "gamma": 0.02074443855734002, "lamda": 0.0018302568046644286}, "datetime": {"datetime": "2021-10-06 14:37:25", "elapsed": 175.598365, "delta": 1.107961}}
{"target": -10.267298484665313, "params": {"C": 56.68587109210749, "epsilon": 22.931536271441114, "gamma": 0.02660699071184435, "lamda": 0.0075516127653273805}, "datetime": {"datetime": "2021-10-06 14:37:26", "elapsed": 176.64143, "delta": 1.043065}}
{"target": -10.188502548785339, "params": {"C": 45.370464713448314, "epsilon": 24.23070041263169, "gamma": 0.02489330866710144, "lamda": 0.007872143664034662}, "datetime": {"datetime": "2021-10-06 14:37:27", "elapsed": 177.816472, "delta": 1.175042}}
{"target": -10.346205523235978, "params": {"C": 40.51370262242622, "epsilon": 31.23680869095602, "gamma": 0.011876309138269439, "lamda": 0.0054050220556153515}, "datetime": {"datetime": "2021-10-06 14:37:28", "elapsed": 178.870579, "delta": 1.054107}}
{"target": -10.45279103964575, "params": {"C": 47.61612431045374, "epsilon": 28.500066049856933, "gamma": 0.019496175225170092, "lamda": 0.0007258052620365351}, "datetime": {"datetime": "2021-10-06 14:37:29", "elapsed": 180.179247, "delta": 1.308668}}
{"target": -10.249376560342844, "params": {"C": 59.40698591581216, "epsilon": 23.018592988145553, "gamma": 0.012884719491237215, "lamda": 0.004594570020272226}, "datetime": {"datetime": "2021-10-06 14:37:30", "elapsed": 181.200247, "delta": 1.021}}
{"target": -10.221108064489215, "params": {"C": 50.26060598988102, "epsilon": 22.33965716248979, "gamma": 0.014809084062896915, "lamda": 0.007425283952617352}, "datetime": {"datetime": "2021-10-06 14:37:31", "elapsed": 182.21518, "delta": 1.014933}}
{"target": -10.27904626274911, "params": {"C": 59.053389573192874, "epsilon": 26.159189848312373, "gamma": 0.01601615456043252, "lamda": 0.008907174564505257}, "datetime": {"datetime": "2021-10-06 14:37:32", "elapsed": 183.15743, "delta": 0.94225}}
{"target": -10.202872985771021, "params": {"C": 56.551484174504125, "epsilon": 25.381125269437486, "gamma": 0.01739606295369979, "lamda": 0.008386542716048218}, "datetime": {"datetime": "2021-10-06 14:37:33", "elapsed": 184.222897, "delta": 1.065467}}
{"target": -10.288463214703196, "params": {"C": 43.95381310158291, "epsilon": 27.50070501843151, "gamma": 0.029769203733569484, "lamda": 0.010356086902818666}, "datetime": {"datetime": "2021-10-06 14:37:34", "elapsed": 185.245401, "delta": 1.022504}}
{"target": -10.245209319354103, "params": {"C": 42.25996757425047, "epsilon": 33.78770240381523, "gamma": 0.027832471860697212, "lamda": 0.004493998116403262}, "datetime": {"datetime": "2021-10-06 14:37:35", "elapsed": 186.293117, "delta": 1.047716}}
{"target": -10.324857362281536, "params": {"C": 49.94245886755915, "epsilon": 31.627717966025546, "gamma": 0.027343989910201864, "lamda": 0.0026693675459878155}, "datetime": {"datetime": "2021-10-06 14:37:36", "elapsed": 187.35021, "delta": 1.057093}}
{"target": -10.219493598959232, "params": {"C": 54.16779335387906, "epsilon": 31.686635718372916, "gamma": 0.025409702727867956, "lamda": 0.006305247725467902}, "datetime": {"datetime": "2021-10-06 14:37:38", "elapsed": 188.75931, "delta": 1.4091}}
{"target": -10.370840328701151, "params": {"C": 48.407872582694, "epsilon": 30.705760628512486, "gamma": 0.02312544226592614, "lamda": 0.0010806298873852567}, "datetime": {"datetime": "2021-10-06 14:37:39", "elapsed": 189.958354, "delta": 1.199044}}
{"target": -10.11950732024659, "params": {"C": 47.10665462505558, "epsilon": 28.63251307502312, "gamma": 0.02065684568096219, "lamda": 0.006597402398589843}, "datetime": {"datetime": "2021-10-06 14:37:40", "elapsed": 191.065905, "delta": 1.107551}}
{"target": -10.29970116116717, "params": {"C": 51.8904519882892, "epsilon": 31.17232045632096, "gamma": 0.012644242147866072, "lamda": 0.002776950089938108}, "datetime": {"datetime": "2021-10-06 14:37:41", "elapsed": 192.136402, "delta": 1.070497}}
{"target": -10.376525507535108, "params": {"C": 40.231833497359894, "epsilon": 24.95556365629762, "gamma": 0.024797909227171386, "lamda": 0.0007239492993064504}, "datetime": {"datetime": "2021-10-06 14:37:43", "elapsed": 193.682551, "delta": 1.546149}}
{"target": -10.251481196438537, "params": {"C": 46.76605625500162, "epsilon": 27.545325962225682, "gamma": 0.015876150408731603, "lamda": 0.008481047750975933}, "datetime": {"datetime": "2021-10-06 14:37:44", "elapsed": 194.699002, "delta": 1.016451}}
{"target": -10.313794120720942, "params": {"C": 57.67258731974928, "epsilon": 27.62212882690327, "gamma": 0.017692850251648018, "lamda": 0.0009645229568230705}, "datetime": {"datetime": "2021-10-06 14:37:45", "elapsed": 195.883541, "delta": 1.184539}}
{"target": -10.330633615147532, "params": {"C": 65.12186730057195, "epsilon": 29.146799649523672, "gamma": 0.028110323402040366, "lamda": 0.0013909769741889274}, "datetime": {"datetime": "2021-10-06 14:37:46", "elapsed": 197.030722, "delta": 1.147181}}
{"target": -10.154690556588761, "params": {"C": 46.083780249381505, "epsilon": 23.43833013289124, "gamma": 0.02293688981699852, "lamda": 0.0032144422114135495}, "datetime": {"datetime": "2021-10-06 14:37:47", "elapsed": 198.16754, "delta": 1.136818}}
{"target": -10.341555101900262, "params": {"C": 65.80105510475983, "epsilon": 30.92300707715397, "gamma": 0.01544686140394064, "lamda": 0.008238893773091047}, "datetime": {"datetime": "2021-10-06 14:37:48", "elapsed": 199.251441, "delta": 1.083901}}
{"target": -10.316234337106296, "params": {"C": 60.56100592460959, "epsilon": 28.469924731016768, "gamma": 0.013881910605507329, "lamda": 0.006721932710855935}, "datetime": {"datetime": "2021-10-06 14:37:50", "elapsed": 200.401266, "delta": 1.149825}}
{"target": -10.457014128267359, "params": {"C": 38.92886362836008, "epsilon": 33.77347041593185, "gamma": 0.029190965233648537, "lamda": 0.0020036212216204803}, "datetime": {"datetime": "2021-10-06 14:37:51", "elapsed": 201.46517, "delta": 1.063904}}
{"target": -10.334089619079556, "params": {"C": 52.65600191822018, "epsilon": 27.59837339136511, "gamma": 0.01310375696597282, "lamda": 0.006883241081107114}, "datetime": {"datetime": "2021-10-06 14:37:52", "elapsed": 202.964588, "delta": 1.499418}}
{"target": -10.192076516892856, "params": {"C": 40.73061237277087, "epsilon": 28.63473891429799, "gamma": 0.024410444982059187, "lamda": 0.00927823362260474}, "datetime": {"datetime": "2021-10-06 14:37:53", "elapsed": 204.013876, "delta": 1.049288}}
{"target": -10.30435735679576, "params": {"C": 63.64925461839428, "epsilon": 23.610669606199004, "gamma": 0.027531999590028493, "lamda": 0.009303560337106003}, "datetime": {"datetime": "2021-10-06 14:37:54", "elapsed": 205.091652, "delta": 1.077776}}
{"target": -10.17753945250615, "params": {"C": 60.03303037811902, "epsilon": 22.33829320027058, "gamma": 0.014502401074513508, "lamda": 0.001003565865462155}, "datetime": {"datetime": "2021-10-06 14:37:56", "elapsed": 206.479601, "delta": 1.387949}}
{"target": -10.10270363312121, "params": {"C": 42.655174341683434, "epsilon": 29.414558269752362, "gamma": 0.01956244943489093, "lamda": 0.006612262143367683}, "datetime": {"datetime": "2021-10-06 14:37:57", "elapsed": 207.640602, "delta": 1.161001}}
{"target": -10.23870888639708, "params": {"C": 42.733562316225104, "epsilon": 31.35113096101778, "gamma": 0.014886520483727954, "lamda": 0.005496527440933499}, "datetime": {"datetime": "2021-10-06 14:37:58", "elapsed": 208.791435, "delta": 1.150833}}
{"target": -10.144656870951232, "params": {"C": 47.171258566298626, "epsilon": 33.24456079269193, "gamma": 0.019536157873758522, "lamda": 0.007481349027252953}, "datetime": {"datetime": "2021-10-06 14:37:59", "elapsed": 209.96344, "delta": 1.172005}}
{"target": -10.114324874738752, "params": {"C": 45.28745947619048, "epsilon": 24.636880920756802, "gamma": 0.017154791465265093, "lamda": 0.0030812482869852797}, "datetime": {"datetime": "2021-10-06 14:38:00", "elapsed": 211.120924, "delta": 1.157484}}
{"target": -10.29255820946954, "params": {"C": 38.60726919758053, "epsilon": 32.45133731866334, "gamma": 0.019242228309213332, "lamda": 0.0019988854236677313}, "datetime": {"datetime": "2021-10-06 14:38:01", "elapsed": 212.281787, "delta": 1.160863}}
{"target": -10.475374273428088, "params": {"C": 46.95137408398662, "epsilon": 29.56818892265156, "gamma": 0.013932413735533139, "lamda": 0.010512840197241425}, "datetime": {"datetime": "2021-10-06 14:38:03", "elapsed": 213.409542, "delta": 1.127755}}
{"target": -10.100784198333661, "params": {"C": 58.99440227791361, "epsilon": 32.111261029350075, "gamma": 0.01820276079642371, "lamda": 0.004347071787744994}, "datetime": {"datetime": "2021-10-06 14:38:04", "elapsed": 214.559547, "delta": 1.150005}}
{"target": -10.158451709796305, "params": {"C": 52.809496574473044, "epsilon": 26.71010102618092, "gamma": 0.01891592201177187, "lamda": 0.008821610119510026}, "datetime": {"datetime": "2021-10-06 14:38:05", "elapsed": 215.724394, "delta": 1.164847}}
{"target": -10.098185443967079, "params": {"C": 40.34388061634883, "epsilon": 29.72723279416664, "gamma": 0.017910850968160696, "lamda": 0.00556948967879783}, "datetime": {"datetime": "2021-10-06 14:38:07", "elapsed": 217.483387, "delta": 1.758993}}
{"target": -10.379393316677668, "params": {"C": 63.267528549432896, "epsilon": 32.48126585757998, "gamma": 0.02808844881400996, "lamda": 0.0019925033918300437}, "datetime": {"datetime": "2021-10-06 14:38:08", "elapsed": 219.251, "delta": 1.767613}}
{"target": -10.180087696067872, "params": {"C": 45.1080831293057, "epsilon": 22.316027063805855, "gamma": 0.016303610067184914, "lamda": 0.0011942717675656848}, "datetime": {"datetime": "2021-10-06 14:38:10", "elapsed": 220.997527, "delta": 1.746527}}
{"target": -10.325658841895613, "params": {"C": 62.83750825606758, "epsilon": 25.196598247955254, "gamma": 0.02995411755453796, "lamda": 0.008857367834777094}, "datetime": {"datetime": "2021-10-06 14:38:12", "elapsed": 222.44275, "delta": 1.445223}}
{"target": -10.43140760009161, "params": {"C": 50.500318767726995, "epsilon": 25.16406754412277, "gamma": 0.028848634667373405, "lamda": 0.0007466590223132703}, "datetime": {"datetime": "2021-10-06 14:38:13", "elapsed": 223.936448, "delta": 1.493698}}
{"target": -10.271623716987447, "params": {"C": 54.36921576940544, "epsilon": 26.722986161204048, "gamma": 0.014767288107419965, "lamda": 0.0075184406842870675}, "datetime": {"datetime": "2021-10-06 14:38:15", "elapsed": 225.376792, "delta": 1.440344}}
{"target": -10.179789340876239, "params": {"C": 54.184820500505694, "epsilon": 27.470632836358213, "gamma": 0.014581225078120883, "lamda": 0.004141813281502629}, "datetime": {"datetime": "2021-10-06 14:38:16", "elapsed": 226.991217, "delta": 1.614425}}
{"target": -10.123955803611913, "params": {"C": 53.483897904705, "epsilon": 23.428081892513863, "gamma": 0.019537966256046067, "lamda": 0.00397497436100511}, "datetime": {"datetime": "2021-10-06 14:38:17", "elapsed": 228.306842, "delta": 1.315625}}
{"target": -10.250663121755347, "params": {"C": 64.69138841961806, "epsilon": 23.520777624235034, "gamma": 0.016842111295239742, "lamda": 0.009128477412020105}, "datetime": {"datetime": "2021-10-06 14:38:19", "elapsed": 229.465867, "delta": 1.159025}}
{"target": -10.127939012388515, "params": {"C": 56.047190288559264, "epsilon": 31.88616551787789, "gamma": 0.016790526763040128, "lamda": 0.003970663759039906}, "datetime": {"datetime": "2021-10-06 14:38:20", "elapsed": 231.064792, "delta": 1.598925}}
{"target": -10.32093813423639, "params": {"C": 62.63711524116651, "epsilon": 33.692110502845836, "gamma": 0.01144789652263367, "lamda": 0.002804586136639729}, "datetime": {"datetime": "2021-10-06 14:38:22", "elapsed": 232.409334, "delta": 1.344542}}
{"target": -10.127100554548418, "params": {"C": 42.099413145373575, "epsilon": 23.9282050245914, "gamma": 0.020481529965720405, "lamda": 0.00653087960636696}, "datetime": {"datetime": "2021-10-06 14:38:23", "elapsed": 233.673965, "delta": 1.264631}}
{"target": -10.262845699364812, "params": {"C": 59.01250590401712, "epsilon": 23.511222450378703, "gamma": 0.027356925918349734, "lamda": 0.0031616894638040126}, "datetime": {"datetime": "2021-10-06 14:38:25", "elapsed": 235.837753, "delta": 2.163788}}
{"target": -10.29384658022489, "params": {"C": 64.03569385823032, "epsilon": 28.394215646197548, "gamma": 0.011367258711942385, "lamda": 0.0029085517444665853}, "datetime": {"datetime": "2021-10-06 14:38:26", "elapsed": 237.083272, "delta": 1.245519}}
{"target": -10.277661404347397, "params": {"C": 63.20183868644601, "epsilon": 31.42913815442467, "gamma": 0.01358112426521749, "lamda": 0.0047937836520993374}, "datetime": {"datetime": "2021-10-06 14:38:27", "elapsed": 238.311999, "delta": 1.228727}}
{"target": -10.307987095602304, "params": {"C": 62.39333123751358, "epsilon": 22.336577197871446, "gamma": 0.0264459472053383, "lamda": 0.0012152385006361788}, "datetime": {"datetime": "2021-10-06 14:38:29", "elapsed": 239.703792, "delta": 1.391793}}
{"target": -10.238877522512157, "params": {"C": 61.802379911953096, "epsilon": 23.536391842617483, "gamma": 0.02720987246890224, "lamda": 0.002324402868776517}, "datetime": {"datetime": "2021-10-06 14:38:30", "elapsed": 241.021406, "delta": 1.317614}}
{"target": -10.682161234013773, "params": {"C": 56.31846304193084, "epsilon": 28.580394471683125, "gamma": 0.011180264657757084, "lamda": 0.010241823941902853}, "datetime": {"datetime": "2021-10-06 14:38:31", "elapsed": 242.284566, "delta": 1.26316}}
{"target": -10.15425201543681, "params": {"C": 50.92208040112325, "epsilon": 26.45938138089122, "gamma": 0.020207562320721663, "lamda": 0.007620252674666099}, "datetime": {"datetime": "2021-10-06 14:38:33", "elapsed": 243.454626, "delta": 1.17006}}
{"target": -10.178982248993927, "params": {"C": 63.96786382976124, "epsilon": 22.04450687442935, "gamma": 0.022973230534461035, "lamda": 0.0020777042363357926}, "datetime": {"datetime": "2021-10-06 14:38:34", "elapsed": 244.772359, "delta": 1.317733}}
{"target": -10.367404707313781, "params": {"C": 58.02740442145108, "epsilon": 29.979607267390826, "gamma": 0.029437714013314457, "lamda": 0.0026609205145897838}, "datetime": {"datetime": "2021-10-06 14:38:35", "elapsed": 245.931343, "delta": 1.158984}}
{"target": -10.146930399052497, "params": {"C": 57.29813525337071, "epsilon": 23.598717367876596, "gamma": 0.022251214081333688, "lamda": 0.006727602160971639}, "datetime": {"datetime": "2021-10-06 14:38:36", "elapsed": 247.137593, "delta": 1.20625}}
{"target": -10.164815099186635, "params": {"C": 48.14451231944895, "epsilon": 33.16626814935372, "gamma": 0.015680325356571254, "lamda": 0.002995364009368223}, "datetime": {"datetime": "2021-10-06 14:38:38", "elapsed": 248.660505, "delta": 1.522912}}
{"target": -10.163983340752038, "params": {"C": 57.06234023614057, "epsilon": 32.69947368992801, "gamma": 0.021560395010430736, "lamda": 0.0036015342552332377}, "datetime": {"datetime": "2021-10-06 14:38:39", "elapsed": 249.864509, "delta": 1.204004}}
{"target": -10.224459120316883, "params": {"C": 57.75299786427959, "epsilon": 31.669239219774255, "gamma": 0.02166770864391268, "lamda": 0.010087234795853875}, "datetime": {"datetime": "2021-10-06 14:38:41", "elapsed": 251.837785, "delta": 1.973276}}
{"target": -10.219530911628508, "params": {"C": 52.40993787084588, "epsilon": 27.83252599085686, "gamma": 0.02536261312882259, "lamda": 0.007489007131793596}, "datetime": {"datetime": "2021-10-06 14:38:43", "elapsed": 253.721307, "delta": 1.883522}}
{"target": -10.374166264129538, "params": {"C": 59.97914222740005, "epsilon": 31.601833572318437, "gamma": 0.029070300383644207, "lamda": 0.0021911980335872524}, "datetime": {"datetime": "2021-10-06 14:38:45", "elapsed": 255.374558, "delta": 1.653251}}
{"target": -10.218916154170088, "params": {"C": 47.51549727481551, "epsilon": 30.251783938996393, "gamma": 0.024388338239478335, "lamda": 0.009294199926769643}, "datetime": {"datetime": "2021-10-06 14:38:46", "elapsed": 257.06025, "delta": 1.685692}}
{"target": -10.149785802184057, "params": {"C": 42.2399686647658, "epsilon": 30.22237576210204, "gamma": 0.023814423325966852, "lamda": 0.006266586654030364}, "datetime": {"datetime": "2021-10-06 14:38:48", "elapsed": 258.700081, "delta": 1.639831}}
{"target": -10.281960677737782, "params": {"C": 41.82657608410656, "epsilon": 29.403145323152977, "gamma": 0.0167819339732474, "lamda": 0.010897033213985758}, "datetime": {"datetime": "2021-10-06 14:38:49", "elapsed": 259.916871, "delta": 1.21679}}
{"target": -10.154059247176097, "params": {"C": 56.80047335184693, "epsilon": 33.67889886428699, "gamma": 0.01634173706418333, "lamda": 0.004663429638211775}, "datetime": {"datetime": "2021-10-06 14:38:51", "elapsed": 261.949924, "delta": 2.033053}}
{"target": -10.139848439412297, "params": {"C": 51.15745179737103, "epsilon": 29.9858711365478, "gamma": 0.015236263144292663, "lamda": 0.0029348548935746164}, "datetime": {"datetime": "2021-10-06 14:38:53", "elapsed": 263.642185, "delta": 1.692261}}
{"target": -10.251262868116799, "params": {"C": 45.64597839145213, "epsilon": 26.127989437411884, "gamma": 0.012056484572454096, "lamda": 0.004214315768979616}, "datetime": {"datetime": "2021-10-06 14:38:54", "elapsed": 264.977267, "delta": 1.335082}}
{"target": -10.172232776022403, "params": {"C": 50.62479645009021, "epsilon": 33.859235630027804, "gamma": 0.016823472679347907, "lamda": 0.005844922546378369}, "datetime": {"datetime": "2021-10-06 14:38:55", "elapsed": 266.197903, "delta": 1.220636}}
{"target": -10.619632099997926, "params": {"C": 61.85571534351672, "epsilon": 30.292239424167224, "gamma": 0.01287909180772259, "lamda": 0.010575329669421244}, "datetime": {"datetime": "2021-10-06 14:38:57", "elapsed": 267.488039, "delta": 1.290136}}
{"target": -10.168638071883725, "params": {"C": 58.4228886760814, "epsilon": 31.100700806750158, "gamma": 0.023017304391605015, "lamda": 0.005720126019636464}, "datetime": {"datetime": "2021-10-06 14:38:58", "elapsed": 268.792928, "delta": 1.304889}}
{"target": -10.23482097488301, "params": {"C": 49.740342330062084, "epsilon": 26.56361670503121, "gamma": 0.027570105046166478, "lamda": 0.005691328494393527}, "datetime": {"datetime": "2021-10-06 14:38:59", "elapsed": 270.275945, "delta": 1.483017}}
{"target": -10.147771343663162, "params": {"C": 59.69051547347995, "epsilon": 28.575995895716687, "gamma": 0.02274467677890774, "lamda": 0.0046049630002605434}, "datetime": {"datetime": "2021-10-06 14:39:01", "elapsed": 271.619148, "delta": 1.343203}}
{"target": -10.419941155662817, "params": {"C": 40.208166202862536, "epsilon": 32.42447778082031, "gamma": 0.02980807314904642, "lamda": 0.0017572374074774693}, "datetime": {"datetime": "2021-10-06 14:39:02", "elapsed": 272.923052, "delta": 1.303904}}
{"target": -10.377343800038394, "params": {"C": 61.85254627856516, "epsilon": 31.62497949465511, "gamma": 0.016833583896946544, "lamda": 0.010579099484599638}, "datetime": {"datetime": "2021-10-06 14:39:03", "elapsed": 274.273734, "delta": 1.350682}}
{"target": -10.151815646897925, "params": {"C": 65.79223480718292, "epsilon": 26.102419624314305, "gamma": 0.019031685871799868, "lamda": 0.006811594461146047}, "datetime": {"datetime": "2021-10-06 14:39:05", "elapsed": 275.612768, "delta": 1.339034}}
{"target": -10.237915499486606, "params": {"C": 51.84864346003382, "epsilon": 33.80820924485507, "gamma": 0.02553402368950397, "lamda": 0.007685505222886017}, "datetime": {"datetime": "2021-10-06 14:39:06", "elapsed": 277.019497, "delta": 1.406729}}
{"target": -10.16511361184336, "params": {"C": 42.04277294389979, "epsilon": 27.299427919047012, "gamma": 0.02277883178017582, "lamda": 0.004810265963463776}, "datetime": {"datetime": "2021-10-06 14:39:07", "elapsed": 278.330717, "delta": 1.31122}}
