{"target": -10.406729075335889, "params": {"C": 61.87715622261036, "epsilon": 26.83393805753122, "gamma": 0.014173337755611772, "lamda": 0.009426247946291893}, "datetime": {"datetime": "2021-10-06 14:35:59", "elapsed": 89.783444, "delta": 0.665328}}
{"target": -10.13657482439808, "params": {"C": 66.8677134312934, "epsilon": 23.458519179211613, "gamma": 0.017885834871332405, "lamda": 0.0059536628683168145}, "datetime": {"datetime": "2021-10-06 14:36:00", "elapsed": 90.63723, "delta": 0.853786}}
{"target": -10.362796685334173, "params": {"C": 51.27500296452829, "epsilon": 31.42742655117548, "gamma": 0.01641237591996486, "lamda": 0.010397659856074656}, "datetime": {"datetime": "2021-10-06 14:36:01", "elapsed": 91.353233, "delta": 0.716003}}
{"target": -10.189594878760298, "params": {"C": 59.76694502240629, "epsilon": 26.962921042601565, "gamma": 0.02057371419396421, "lamda": 0.008220545312459202}, "datetime": {"datetime": "2021-10-06 14:36:01", "elapsed": 92.078481, "delta": 0.725248}}
{"target": -10.304379658160812, "params": {"C": 46.082567382449646, "epsilon": 26.024338894832162, "gamma": 0.01842782652275668, "lamda": 0.001292534705504999}, "datetime": {"datetime": "2021-10-06 14:36:02", "elapsed": 93.068979, "delta": 0.990498}}
{"target": -10.246567911170366, "params": {"C": 44.48453006567559, "epsilon": 29.5042158571296, "gamma": 0.015497420930620304, "lamda": 0.007709712728656914}, "datetime": {"datetime": "2021-10-06 14:36:03", "elapsed": 94.026464, "delta": 0.957485}}
{"target": -10.69679013412898, "params": {"C": 60.22779007008744, "epsilon": 28.209811124171885, "gamma": 0.011304030142626868, "lamda": 0.010624497797170972}, "datetime": {"datetime": "2021-10-06 14:36:04", "elapsed": 94.748765, "delta": 0.722301}}
{"target": -10.238063434592314, "params": {"C": 53.26741537712192, "epsilon": 30.422130542573477, "gamma": 0.025231589155714218, "lamda": 0.008945355985820063}, "datetime": {"datetime": "2021-10-06 14:36:05", "elapsed": 95.428358, "delta": 0.679593}}
{"target": -10.287210390751426, "params": {"C": 59.347719524702526, "epsilon": 26.771276658502888, "gamma": 0.027890212369405906, "lamda": 0.008358574105885636}, "datetime": {"datetime": "2021-10-06 14:36:05", "elapsed": 96.160743, "delta": 0.732385}}
{"target": -10.234990082311302, "params": {"C": 50.2392131576193, "epsilon": 24.77277685177554, "gamma": 0.02470341130666206, "lamda": 0.010319635785471222}, "datetime": {"datetime": "2021-10-06 14:36:06", "elapsed": 97.181827, "delta": 1.021084}}
{"target": -10.46925508609828, "params": {"C": 62.310803963217225, "epsilon": 30.99378306583571, "gamma": 0.015336057589463697, "lamda": 0.010744400394237559}, "datetime": {"datetime": "2021-10-06 14:36:07", "elapsed": 97.96819, "delta": 0.786363}}
{"target": -10.174951894336075, "params": {"C": 60.82125166108631, "epsilon": 30.292692158766584, "gamma": 0.02112416927470666, "lamda": 0.00267520725057155}, "datetime": {"datetime": "2021-10-06 14:36:08", "elapsed": 98.860917, "delta": 0.892727}}
{"target": -10.254915523628965, "params": {"C": 38.15537622608263, "epsilon": 32.45126221825314, "gamma": 0.015915978275425156, "lamda": 0.008138452916215521}, "datetime": {"datetime": "2021-10-06 14:36:09", "elapsed": 99.692342, "delta": 0.831425}}
{"target": -10.17896768898147, "params": {"C": 50.89197507120264, "epsilon": 23.78370083276206, "gamma": 0.024534779745622688, "lamda": 0.005476379577649878}, "datetime": {"datetime": "2021-10-06 14:36:10", "elapsed": 100.40054, "delta": 0.708198}}
{"target": -10.277647266202012, "params": {"C": 65.87250296719228, "epsilon": 31.441616509922405, "gamma": 0.019972530326712312, "lamda": 0.010986002030634387}, "datetime": {"datetime": "2021-10-06 14:36:10", "elapsed": 101.129541, "delta": 0.729001}}
{"target": -10.29876104955871, "params": {"C": 56.79180122806746, "epsilon": 30.227891300207588, "gamma": 0.016912017888117768, "lamda": 0.009577429822833773}, "datetime": {"datetime": "2021-10-06 14:36:11", "elapsed": 101.89311, "delta": 0.763569}}
{"target": -10.147711169520411, "params": {"C": 43.80507590463578, "epsilon": 26.65416337366476, "gamma": 0.020042348517842794, "lamda": 0.00825608383019933}, "datetime": {"datetime": "2021-10-06 14:36:12", "elapsed": 102.693226, "delta": 0.800116}}
{"target": -10.20146572297661, "params": {"C": 66.79463986422991, "epsilon": 22.22985755097986, "gamma": 0.0200013375418108, "lamda": 0.008717035673221126}, "datetime": {"datetime": "2021-10-06 14:36:13", "elapsed": 103.576227, "delta": 0.883001}}
{"target": -10.315182346637188, "params": {"C": 48.20002572661864, "epsilon": 26.941806427125496, "gamma": 0.010816301420132117, "lamda": 0.002986332250757735}, "datetime": {"datetime": "2021-10-06 14:36:14", "elapsed": 104.371438, "delta": 0.795211}}
{"target": -10.218489976659695, "params": {"C": 62.48681339242763, "epsilon": 29.74892892231673, "gamma": 0.02373278471558502, "lamda": 0.007256188013871833}, "datetime": {"datetime": "2021-10-06 14:36:14", "elapsed": 105.147399, "delta": 0.775961}}
{"target": -10.29406357902661, "params": {"C": 45.73140799976056, "epsilon": 23.283080547070472, "gamma": 0.01103215293610436, "lamda": 0.00276250224767488}, "datetime": {"datetime": "2021-10-06 14:36:15", "elapsed": 106.172784, "delta": 1.025385}}
{"target": -10.396954417934074, "params": {"C": 43.88941115223131, "epsilon": 22.00400776667612, "gamma": 0.011305293075303122, "lamda": 0.007751293527684063}, "datetime": {"datetime": "2021-10-06 14:36:16", "elapsed": 106.95179, "delta": 0.779006}}
{"target": -10.116910700936005, "params": {"C": 61.904206919376506, "epsilon": 26.256523315647666, "gamma": 0.017752943415614873, "lamda": 0.0029421526595612476}, "datetime": {"datetime": "2021-10-06 14:36:17", "elapsed": 107.858336, "delta": 0.906546}}
{"target": -10.173889031666285, "params": {"C": 45.70850318336061, "epsilon": 30.693420874583815, "gamma": 0.02261160063723567, "lamda": 0.0077904946078316785}, "datetime": {"datetime": "2021-10-06 14:36:18", "elapsed": 108.671582, "delta": 0.813246}}
{"target": -10.150901128370416, "params": {"C": 60.384848673092094, "epsilon": 28.34741143892663, "gamma": 0.018419895497621422, "lamda": 0.006803294149991778}, "datetime": {"datetime": "2021-10-06 14:36:19", "elapsed": 109.686643, "delta": 1.015061}}
{"target": -10.43257955072474, "params": {"C": 54.3358818914655, "epsilon": 32.40194917511908, "gamma": 0.010697895355982794, "lamda": 0.001513680253462184}, "datetime": {"datetime": "2021-10-06 14:36:20", "elapsed": 110.478396, "delta": 0.791753}}
{"target": -10.402697973296174, "params": {"C": 63.316356933520076, "epsilon": 23.090990111735945, "gamma": 0.012471257086759517, "lamda": 0.007914101328796568}, "datetime": {"datetime": "2021-10-06 14:36:20", "elapsed": 111.291871, "delta": 0.813475}}
{"target": -10.526422640777504, "params": {"C": 55.00619211949754, "epsilon": 27.597149163379257, "gamma": 0.012659214872707396, "lamda": 0.00999602291228155}, "datetime": {"datetime": "2021-10-06 14:36:21", "elapsed": 112.083498, "delta": 0.791627}}
{"target": -10.391907467962634, "params": {"C": 49.209390054969866, "epsilon": 29.93581109887343, "gamma": 0.014158194747596574, "lamda": 0.008575145958430156}, "datetime": {"datetime": "2021-10-06 14:36:22", "elapsed": 112.885778, "delta": 0.80228}}
{"target": -10.367579025960412, "params": {"C": 66.4252100325548, "epsilon": 27.051386604810865, "gamma": 0.01041206018754575, "lamda": 0.0022252591750270517}, "datetime": {"datetime": "2021-10-06 14:36:23", "elapsed": 113.817829, "delta": 0.932051}}
{"target": -10.214523172696593, "params": {"C": 52.81632946516453, "epsilon": 30.23730640317418, "gamma": 0.023161124319941183, "lamda": 0.009446928431931062}, "datetime": {"datetime": "2021-10-06 14:36:24", "elapsed": 114.553755, "delta": 0.735926}}
{"target": -10.450749543586864, "params": {"C": 56.74865043104491, "epsilon": 22.663364373306802, "gamma": 0.012436839266963349, "lamda": 0.009695505496521956}, "datetime": {"datetime": "2021-10-06 14:36:25", "elapsed": 115.40629, "delta": 0.852535}}
{"target": -10.305506796176527, "params": {"C": 47.258497682808155, "epsilon": 23.052130028241923, "gamma": 0.029028762096475855, "lamda": 0.010190385123959658}, "datetime": {"datetime": "2021-10-06 14:36:25", "elapsed": 116.2216, "delta": 0.81531}}
{"target": -10.258805007972859, "params": {"C": 40.205170392345124, "epsilon": 29.159348412908788, "gamma": 0.012511547263267947, "lamda": 0.003493374743339079}, "datetime": {"datetime": "2021-10-06 14:36:26", "elapsed": 117.225502, "delta": 1.003902}}
{"target": -10.25347895012658, "params": {"C": 44.39070728823236, "epsilon": 28.860615921510835, "gamma": 0.026958241113659305, "lamda": 0.0034072727961474637}, "datetime": {"datetime": "2021-10-06 14:36:27", "elapsed": 118.017277, "delta": 0.791775}}
{"target": -10.223764493042616, "params": {"C": 46.17289174916401, "epsilon": 23.141265548147643, "gamma": 0.022460694665079856, "lamda": 0.0013224627195179616}, "datetime": {"datetime": "2021-10-06 14:36:28", "elapsed": 118.827143, "delta": 0.809866}}
{"target": -10.222764491394258, "params": {"C": 45.53016433588287, "epsilon": 24.766605620284437, "gamma": 0.012559147629864573, "lamda": 0.0012013291085513464}, "datetime": {"datetime": "2021-10-06 14:36:29", "elapsed": 119.777087, "delta": 0.949944}}
{"target": -10.131721177700685, "params": {"C": 54.676992306192204, "epsilon": 26.669696692062587, "gamma": 0.022282037316088327, "lamda": 0.0058020163028543945}, "datetime": {"datetime": "2021-10-06 14:36:30", "elapsed": 120.579549, "delta": 0.802462}}
{"target": -10.1548635920368, "params": {"C": 60.441424170781545, "epsilon": 23.17077889657353, "gamma": 0.021631025884756426, "lamda": 0.0022763555090855475}, "datetime": {"datetime": "2021-10-06 14:36:31", "elapsed": 121.3915, "delta": 0.811951}}
{"target": -10.32328780998496, "params": {"C": 62.428895636535955, "epsilon": 31.740294033489008, "gamma": 0.029641227300311677, "lamda": 0.004708860376397469}, "datetime": {"datetime": "2021-10-06 14:36:31", "elapsed": 122.213912, "delta": 0.822412}}
{"target": -10.317566423787499, "params": {"C": 64.54645064007896, "epsilon": 24.74609438907825, "gamma": 0.029206330721733766, "lamda": 0.004600458609352669}, "datetime": {"datetime": "2021-10-06 14:36:32", "elapsed": 123.133918, "delta": 0.920006}}
{"target": -10.383033011016574, "params": {"C": 47.29105459202944, "epsilon": 29.980309792074756, "gamma": 0.010132640333659078, "lamda": 0.0015045917360739962}, "datetime": {"datetime": "2021-10-06 14:36:33", "elapsed": 123.988638, "delta": 0.85472}}
{"target": -10.210755337340109, "params": {"C": 51.80749906508888, "epsilon": 30.829061178229118, "gamma": 0.02555667118216389, "lamda": 0.006361167306954601}, "datetime": {"datetime": "2021-10-06 14:36:34", "elapsed": 124.782282, "delta": 0.793644}}
{"target": -10.282631697127108, "params": {"C": 49.61871298028383, "epsilon": 23.32181852518413, "gamma": 0.029782702057526547, "lamda": 0.006090115186104309}, "datetime": {"datetime": "2021-10-06 14:36:35", "elapsed": 125.617124, "delta": 0.834842}}
{"target": -10.269855727955008, "params": {"C": 59.76250790123578, "epsilon": 23.195985491740498, "gamma": 0.027289838400995185, "lamda": 0.006185761443439084}, "datetime": {"datetime": "2021-10-06 14:36:36", "elapsed": 126.611119, "delta": 0.993995}}
{"target": -10.152289871189648, "params": {"C": 43.42301751603539, "epsilon": 27.774661547360566, "gamma": 0.02053845507379861, "lamda": 0.008134507049596288}, "datetime": {"datetime": "2021-10-06 14:36:37", "elapsed": 127.43512, "delta": 0.824001}}
{"target": -10.310586376847196, "params": {"C": 50.43910502889704, "epsilon": 23.328536625020806, "gamma": 0.029627494230989204, "lamda": 0.010581401316727902}, "datetime": {"datetime": "2021-10-06 14:36:37", "elapsed": 128.219755, "delta": 0.784635}}
{"target": -10.334106988941477, "params": {"C": 39.42207297401673, "epsilon": 30.363943403491948, "gamma": 0.020006427108949516, "lamda": 0.0014524203973288095}, "datetime": {"datetime": "2021-10-06 14:36:38", "elapsed": 129.078353, "delta": 0.858598}}
{"target": -10.372016327261022, "params": {"C": 49.57523306334076, "epsilon": 33.86523585781552, "gamma": 0.01060661930000869, "lamda": 0.003528055504832102}, "datetime": {"datetime": "2021-10-06 14:36:39", "elapsed": 130.090414, "delta": 1.012061}}
{"target": -10.228249883729564, "params": {"C": 60.93557223364445, "epsilon": 22.12089520148668, "gamma": 0.024316645931531353, "lamda": 0.007699994178945141}, "datetime": {"datetime": "2021-10-06 14:36:40", "elapsed": 130.939371, "delta": 0.848957}}
{"target": -10.268143633981728, "params": {"C": 47.814749062054624, "epsilon": 28.241809950719734, "gamma": 0.015624694823229967, "lamda": 0.008271097113232272}, "datetime": {"datetime": "2021-10-06 14:36:41", "elapsed": 131.92631, "delta": 0.986939}}
{"target": -10.21149925911932, "params": {"C": 44.86982287064265, "epsilon": 25.64552454738532, "gamma": 0.02652699716938243, "lamda": 0.00800175372133891}, "datetime": {"datetime": "2021-10-06 14:36:42", "elapsed": 132.767159, "delta": 0.840849}}
{"target": -10.368686989439427, "params": {"C": 48.48724318957874, "epsilon": 23.411804760114546, "gamma": 0.029824468870342326, "lamda": 0.0010696649694141957}, "datetime": {"datetime": "2021-10-06 14:36:43", "elapsed": 133.636235, "delta": 0.869076}}
{"target": -10.344146712216917, "params": {"C": 54.92080943995798, "epsilon": 23.99780440531921, "gamma": 0.014189771847965446, "lamda": 0.009564868457184867}, "datetime": {"datetime": "2021-10-06 14:36:44", "elapsed": 134.44523, "delta": 0.808995}}
{"target": -10.29425979698337, "params": {"C": 46.151686008536046, "epsilon": 32.44051330082863, "gamma": 0.029928744253896945, "lamda": 0.006865697186425436}, "datetime": {"datetime": "2021-10-06 14:36:44", "elapsed": 135.306802, "delta": 0.861572}}
{"target": -10.160357402714943, "params": {"C": 55.33591078692545, "epsilon": 32.84619465268273, "gamma": 0.014566863074183456, "lamda": 0.0018917797953820251}, "datetime": {"datetime": "2021-10-06 14:36:45", "elapsed": 136.175119, "delta": 0.868317}}
{"target": -10.191290934710393, "params": {"C": 43.421475982790454, "epsilon": 26.87102886807104, "gamma": 0.014423937253917517, "lamda": 0.005348922178187179}, "datetime": {"datetime": "2021-10-06 14:36:46", "elapsed": 137.037119, "delta": 0.862}}
{"target": -10.25382660247216, "params": {"C": 49.178935288781716, "epsilon": 27.44385119592917, "gamma": 0.025660219181076256, "lamda": 0.0030527570220139867}, "datetime": {"datetime": "2021-10-06 14:36:47", "elapsed": 137.89722, "delta": 0.860101}}
{"target": -10.292697642616627, "params": {"C": 41.508242778379376, "epsilon": 23.346648534603233, "gamma": 0.02063019901660039, "lamda": 0.0011883938934839982}, "datetime": {"datetime": "2021-10-06 14:36:48", "elapsed": 138.948931, "delta": 1.051711}}
{"target": -10.153672824975143, "params": {"C": 39.62526197884088, "epsilon": 27.953859961730046, "gamma": 0.023616052748014163, "lamda": 0.00666881592186225}, "datetime": {"datetime": "2021-10-06 14:36:49", "elapsed": 139.955738, "delta": 1.006807}}
{"target": -10.575226575212008, "params": {"C": 52.103658424204205, "epsilon": 27.736990889834594, "gamma": 0.011711683193268086, "lamda": 0.009717184716024993}, "datetime": {"datetime": "2021-10-06 14:36:50", "elapsed": 140.926738, "delta": 0.971}}
{"target": -10.1233237861687, "params": {"C": 56.93235197296371, "epsilon": 32.789473496392596, "gamma": 0.021556564387290776, "lamda": 0.005287573003913744}, "datetime": {"datetime": "2021-10-06 14:36:51", "elapsed": 141.916158, "delta": 0.98942}}
{"target": -10.361521971852, "params": {"C": 41.066900029136505, "epsilon": 31.701060640174976, "gamma": 0.024556121665601713, "lamda": 0.0007801355428296308}, "datetime": {"datetime": "2021-10-06 14:36:52", "elapsed": 142.874559, "delta": 0.958401}}
{"target": -10.243571382097342, "params": {"C": 44.55345713483912, "epsilon": 23.104210068711357, "gamma": 0.02906163689456224, "lamda": 0.0030518985605452373}, "datetime": {"datetime": "2021-10-06 14:36:53", "elapsed": 143.860296, "delta": 0.985737}}
{"target": -10.17827621253823, "params": {"C": 46.60568127570095, "epsilon": 28.26629566443854, "gamma": 0.025075934519897335, "lamda": 0.0051012669151258554}, "datetime": {"datetime": "2021-10-06 14:36:54", "elapsed": 144.907011, "delta": 1.046715}}
{"target": -10.102883852523133, "params": {"C": 64.3506576831426, "epsilon": 31.371762187639053, "gamma": 0.016229600840538854, "lamda": 0.0027358379916820152}, "datetime": {"datetime": "2021-10-06 14:36:55", "elapsed": 145.770292, "delta": 0.863281}}
{"target": -10.28988295544316, "params": {"C": 65.03734060555801, "epsilon": 25.406665488682684, "gamma": 0.027085690838498738, "lamda": 0.009721348575378144}, "datetime": {"datetime": "2021-10-06 14:36:56", "elapsed": 146.630387, "delta": 0.860095}}
{"target": -10.269041225753666, "params": {"C": 55.56176198392715, "epsilon": 29.19484787758626, "gamma": 0.02564515144823247, "lamda": 0.010859237193928452}, "datetime": {"datetime": "2021-10-06 14:36:57", "elapsed": 147.519874, "delta": 0.889487}}
{"target": -10.17724888735297, "params": {"C": 39.841638012773025, "epsilon": 22.16897206917957, "gamma": 0.02502252265699617, "lamda": 0.00610214489539192}, "datetime": {"datetime": "2021-10-06 14:36:58", "elapsed": 148.583415, "delta": 1.063541}}
{"target": -10.226992169865763, "params": {"C": 58.861988296169116, "epsilon": 25.261369955655617, "gamma": 0.01773431281718431, "lamda": 0.009779696206597924}, "datetime": {"datetime": "2021-10-06 14:36:59", "elapsed": 149.434049, "delta": 0.850634}}
{"target": -10.19456310441683, "params": {"C": 40.23668895262101, "epsilon": 23.902340448219043, "gamma": 0.01372046885094744, "lamda": 0.004495777905404876}, "datetime": {"datetime": "2021-10-06 14:36:59", "elapsed": 150.300566, "delta": 0.866517}}
{"target": -10.664605601910644, "params": {"C": 62.426818566503336, "epsilon": 22.381436701984146, "gamma": 0.010366657216794969, "lamda": 0.010649275104904871}, "datetime": {"datetime": "2021-10-06 14:37:00", "elapsed": 151.169565, "delta": 0.868999}}
{"target": -10.277707721721574, "params": {"C": 61.440577336353925, "epsilon": 25.636296121772506, "gamma": 0.026158514223379975, "lamda": 0.010450450664074882}, "datetime": {"datetime": "2021-10-06 14:37:01", "elapsed": 152.029441, "delta": 0.859876}}
{"target": -10.15814539691321, "params": {"C": 44.76986032047682, "epsilon": 22.64184028816483, "gamma": 0.015465792445845821, "lamda": 0.0018895177983466152}, "datetime": {"datetime": "2021-10-06 14:37:02", "elapsed": 152.958089, "delta": 0.928648}}
{"target": -10.218238711554898, "params": {"C": 60.199608018049126, "epsilon": 28.920723000948257, "gamma": 0.021620204276235067, "lamda": 0.0018159150677865099}, "datetime": {"datetime": "2021-10-06 14:37:03", "elapsed": 153.871979, "delta": 0.91389}}
{"target": -10.160374124468413, "params": {"C": 47.90705521138252, "epsilon": 29.93628005704815, "gamma": 0.01446632360449978, "lamda": 0.0020602168475524116}, "datetime": {"datetime": "2021-10-06 14:37:04", "elapsed": 154.78374, "delta": 0.911761}}
{"target": -10.196338368579198, "params": {"C": 57.55584626498104, "epsilon": 24.814953569313378, "gamma": 0.024741474424429612, "lamda": 0.00510751792975098}, "datetime": {"datetime": "2021-10-06 14:37:05", "elapsed": 155.840488, "delta": 1.056748}}
{"target": -10.183094923826022, "params": {"C": 46.27028044443297, "epsilon": 27.42951278874132, "gamma": 0.02054089142942309, "lamda": 0.01047909195682921}, "datetime": {"datetime": "2021-10-06 14:37:06", "elapsed": 156.720588, "delta": 0.8801}}
{"target": -10.3361791440122, "params": {"C": 64.8156538679239, "epsilon": 23.663953061556406, "gamma": 0.02985773047434593, "lamda": 0.007989129572824306}, "datetime": {"datetime": "2021-10-06 14:37:07", "elapsed": 157.628594, "delta": 0.908006}}
{"target": -10.108430185695056, "params": {"C": 46.563714389045046, "epsilon": 32.332193501124536, "gamma": 0.02038474499769708, "lamda": 0.005345716575888307}, "datetime": {"datetime": "2021-10-06 14:37:08", "elapsed": 158.516613, "delta": 0.888019}}
{"target": -10.39167108631243, "params": {"C": 56.892587808099364, "epsilon": 23.94674813102484, "gamma": 0.011193274303393508, "lamda": 0.005819054915153845}, "datetime": {"datetime": "2021-10-06 14:37:09", "elapsed": 159.398057, "delta": 0.881444}}
{"target": -10.180677225235419, "params": {"C": 38.94382407821741, "epsilon": 26.409091477540844, "gamma": 0.02307330963883241, "lamda": 0.008921953456285634}, "datetime": {"datetime": "2021-10-06 14:37:09", "elapsed": 160.294064, "delta": 0.896007}}
{"target": -10.219023412790436, "params": {"C": 38.19662530389395, "epsilon": 28.913626555316494, "gamma": 0.02641911237076345, "lamda": 0.009910204880014395}, "datetime": {"datetime": "2021-10-06 14:37:10", "elapsed": 161.175606, "delta": 0.881542}}
{"target": -10.217141587751872, "params": {"C": 45.83009271357369, "epsilon": 31.456897050129545, "gamma": 0.02614741337445855, "lamda": 0.007889635905982021}, "datetime": {"datetime": "2021-10-06 14:37:11", "elapsed": 162.047687, "delta": 0.872081}}
{"target": -10.238737666219915, "params": {"C": 39.37436042348175, "epsilon": 26.299735951797196, "gamma": 0.02728988030050273, "lamda": 0.003375358215109955}, "datetime": {"datetime": "2021-10-06 14:37:12", "elapsed": 163.331026, "delta": 1.283339}}
{"target": -10.335917045832792, "params": {"C": 51.07202886937118, "epsilon": 32.06511906627976, "gamma": 0.02715262901949881, "lamda": 0.002369809115183148}, "datetime": {"datetime": "2021-10-06 14:37:14", "elapsed": 164.499791, "delta": 1.168765}}
{"target": -10.117171784680567, "params": {"C": 65.4538600004667, "epsilon": 25.889479577811635, "gamma": 0.017760783831473705, "lamda": 0.001661856808485393}, "datetime": {"datetime": "2021-10-06 14:37:15", "elapsed": 165.437961, "delta": 0.93817}}
