{"target": -13.795461300429038, "params": {"C": 68.8133842537003, "epsilon": 7.764879212159275, "gamma": 0.19229992148094482, "lamda": 0.08948986166895259}, "datetime": {"datetime": "2021-10-05 09:56:35", "elapsed": 184.394013, "delta": 1.020681}}
{"target": -11.978392642711759, "params": {"C": 67.697013402472, "epsilon": 9.812917111745465, "gamma": 0.00544878179938646, "lamda": 0.007725716904825859}, "datetime": {"datetime": "2021-10-05 09:56:36", "elapsed": 185.626647, "delta": 1.232634}}
{"target": -14.004086896370286, "params": {"C": 70.63394460309014, "epsilon": 7.9447219143049725, "gamma": 0.143987024183889, "lamda": 0.10737195632760291}, "datetime": {"datetime": "2021-10-05 09:56:37", "elapsed": 186.670908, "delta": 1.044261}}
{"target": -13.92711096754681, "params": {"C": 77.92390604314774, "epsilon": 18.298374402159414, "gamma": 0.2, "lamda": 0.0005}, "datetime": {"datetime": "2021-10-05 09:56:38", "elapsed": 187.989965, "delta": 1.319057}}
{"target": -18.96090058259951, "params": {"C": 71.51949168710576, "epsilon": 7.880150001014645, "gamma": 0.08172839552770576, "lamda": 0.2005862163832846}, "datetime": {"datetime": "2021-10-05 09:56:39", "elapsed": 189.023575, "delta": 1.03361}}
{"target": -16.105780760297016, "params": {"C": 70.72167141454729, "epsilon": 7.072296710069984, "gamma": 0.0005, "lamda": 0.0005}, "datetime": {"datetime": "2021-10-05 09:56:41", "elapsed": 190.539766, "delta": 1.516191}}
{"target": -64.02138671440476, "params": {"C": 71.43883882719705, "epsilon": 6.9215969090080804, "gamma": 0.07439983068575659, "lamda": 0.5560971664471304}, "datetime": {"datetime": "2021-10-05 09:56:42", "elapsed": 191.601549, "delta": 1.061783}}
{"target": -22.79534426747502, "params": {"C": 71.06936912856423, "epsilon": 8.673596602543457, "gamma": 0.09173509317564565, "lamda": 0.24630259509627403}, "datetime": {"datetime": "2021-10-05 09:56:43", "elapsed": 193.068648, "delta": 1.467099}}
{"target": -15.305867600686188, "params": {"C": 18.752101207887137, "epsilon": 29.28522967300363, "gamma": 0.16129253351764494, "lamda": 0.1829632088913887}, "datetime": {"datetime": "2021-10-05 09:56:45", "elapsed": 194.268176, "delta": 1.199528}}
{"target": -32.66492111531174, "params": {"C": 19.447568976717303, "epsilon": 28.553126253045807, "gamma": 0.07114711162752849, "lamda": 0.6137459099794877}, "datetime": {"datetime": "2021-10-05 09:56:46", "elapsed": 195.326431, "delta": 1.058255}}
{"target": -38.03484255109244, "params": {"C": 18.61035029608773, "epsilon": 29.917862609615096, "gamma": 0.02077752941060895, "lamda": 0.7328083062165184}, "datetime": {"datetime": "2021-10-05 09:56:47", "elapsed": 196.583484, "delta": 1.257053}}
{"target": -18.2599746029506, "params": {"C": 92.23994969191217, "epsilon": 7.5700086464651895, "gamma": 0.11376361932759466, "lamda": 0.18726927563258605}, "datetime": {"datetime": "2021-10-05 09:56:48", "elapsed": 197.818688, "delta": 1.235204}}
{"target": -13.006192754046134, "params": {"C": 92.60271121504765, "epsilon": 6.7059637126422516, "gamma": 0.16092830013231518, "lamda": 0.07446941168923875}, "datetime": {"datetime": "2021-10-05 09:56:49", "elapsed": 199.036951, "delta": 1.218263}}
{"target": -59.76265185710554, "params": {"C": 92.8549806410132, "epsilon": 7.168803155989236, "gamma": 0.14399287863666746, "lamda": 0.5583269359429778}, "datetime": {"datetime": "2021-10-05 09:56:51", "elapsed": 200.19366, "delta": 1.156709}}
{"target": -21.818228606596744, "params": {"C": 83.55932450464474, "epsilon": 23.753496486583504, "gamma": 0.022856571012509198, "lamda": 0.32930515340060734}, "datetime": {"datetime": "2021-10-05 09:56:51", "elapsed": 201.141555, "delta": 0.947895}}
{"target": -33.40953877792621, "params": {"C": 92.05602148664563, "epsilon": 5.803048694910362, "gamma": 0.15597058050916152, "lamda": 0.33976219144976766}, "datetime": {"datetime": "2021-10-05 09:56:53", "elapsed": 202.587582, "delta": 1.446027}}
{"target": -24.86462246469932, "params": {"C": 76.12841646824776, "epsilon": 26.68989462795998, "gamma": 0.1658173869654712, "lamda": 0.4091616671230744}, "datetime": {"datetime": "2021-10-05 09:56:54", "elapsed": 203.622584, "delta": 1.035002}}
{"target": -29.00131154707715, "params": {"C": 2.1499518129494093, "epsilon": 29.50419723920421, "gamma": 0.1379274816317843, "lamda": 0.5741428862318715}, "datetime": {"datetime": "2021-10-05 09:56:55", "elapsed": 204.527193, "delta": 0.904609}}
{"target": -35.219487402333236, "params": {"C": 73.09784483599128, "epsilon": 4.618436263736918, "gamma": 0.13728921889995516, "lamda": 0.3542624556007771}, "datetime": {"datetime": "2021-10-05 09:56:56", "elapsed": 205.517894, "delta": 0.990701}}
{"target": -79.68641547876697, "params": {"C": 27.07898268734605, "epsilon": 12.180031393424784, "gamma": 0.05807227843842968, "lamda": 0.7818411122380007}, "datetime": {"datetime": "2021-10-05 09:56:57", "elapsed": 206.537664, "delta": 1.01977}}
{"target": -30.533645853072894, "params": {"C": 93.2142870558339, "epsilon": 15.80315261213666, "gamma": 0.15117225336954024, "lamda": 0.3735273617858739}, "datetime": {"datetime": "2021-10-05 09:56:58", "elapsed": 207.508899, "delta": 0.971235}}
{"target": -14.307008660299648, "params": {"C": 91.35195259535057, "epsilon": 7.663421117178014, "gamma": 0.011900944789233297, "lamda": 0.0996429119200027}, "datetime": {"datetime": "2021-10-05 09:56:59", "elapsed": 208.748293, "delta": 1.239394}}
{"target": -22.93636925975128, "params": {"C": 91.69800901097075, "epsilon": 6.819004640424049, "gamma": 0.14571409316908937, "lamda": 0.25135735503953527}, "datetime": {"datetime": "2021-10-05 09:57:00", "elapsed": 209.83451, "delta": 1.086217}}
{"target": -11.424367223278686, "params": {"C": 68.52132474793703, "epsilon": 8.225133067696895, "gamma": 0.0072732981178470265, "lamda": 0.0010377705524633307}, "datetime": {"datetime": "2021-10-05 09:57:02", "elapsed": 211.320124, "delta": 1.485614}}
{"target": -12.448941992139847, "params": {"C": 39.28450249446672, "epsilon": 7.677593574049517, "gamma": 0.08479873818215823, "lamda": 0.08203586861073922}, "datetime": {"datetime": "2021-10-05 09:57:03", "elapsed": 212.420291, "delta": 1.100167}}
{"target": -94.92404837097001, "params": {"C": 39.568579167082255, "epsilon": 7.869983416913073, "gamma": 0.15499039876435872, "lamda": 0.7887917830288106}, "datetime": {"datetime": "2021-10-05 09:57:04", "elapsed": 213.736579, "delta": 1.316288}}
{"target": -12.076943907805141, "params": {"C": 38.61013385765868, "epsilon": 7.450897943768197, "gamma": 0.09186551882668283, "lamda": 0.06940173258785702}, "datetime": {"datetime": "2021-10-05 09:57:06", "elapsed": 215.192759, "delta": 1.45618}}
{"target": -11.741428073920176, "params": {"C": 39.230834096715625, "epsilon": 6.966213593580571, "gamma": 0.10271572449908499, "lamda": 0.0529583703487531}, "datetime": {"datetime": "2021-10-05 09:57:07", "elapsed": 216.820504, "delta": 1.627745}}
{"target": -14.603680415949832, "params": {"C": 70.61922944629178, "epsilon": 8.018300077304314, "gamma": 0.10925336962458103, "lamda": 0.13191611814478493}, "datetime": {"datetime": "2021-10-05 09:57:08", "elapsed": 217.853238, "delta": 1.032734}}
{"target": -21.250874638167172, "params": {"C": 33.995184715033524, "epsilon": 25.21782216420405, "gamma": 0.03711702664579843, "lamda": 0.3482717142683497}, "datetime": {"datetime": "2021-10-05 09:57:09", "elapsed": 218.917559, "delta": 1.064321}}
{"target": -52.65568013805616, "params": {"C": 38.592680676131785, "epsilon": 6.6099908919067, "gamma": 0.12898263815629324, "lamda": 0.4856825349802532}, "datetime": {"datetime": "2021-10-05 09:57:11", "elapsed": 220.185768, "delta": 1.268209}}
{"target": -43.54136627240367, "params": {"C": 91.63265868353248, "epsilon": 8.384189479661647, "gamma": 0.14800056336190212, "lamda": 0.4278526982426832}, "datetime": {"datetime": "2021-10-05 09:57:12", "elapsed": 221.88909, "delta": 1.703322}}
{"target": -13.042995984286506, "params": {"C": 38.60335320875462, "epsilon": 8.280269687268234, "gamma": 0.18298565444642134, "lamda": 0.06835350795040926}, "datetime": {"datetime": "2021-10-05 09:57:13", "elapsed": 223.182617, "delta": 1.293527}}
{"target": -14.54703468580888, "params": {"C": 84.28184343066647, "epsilon": 12.107622793760564, "gamma": 0.15999811298548183, "lamda": 0.11491132441263908}, "datetime": {"datetime": "2021-10-05 09:57:15", "elapsed": 224.301551, "delta": 1.118934}}
{"target": -17.438481933943535, "params": {"C": 37.725473215543715, "epsilon": 7.842191751443927, "gamma": 0.14240245874841542, "lamda": 0.17808956699431017}, "datetime": {"datetime": "2021-10-05 09:57:16", "elapsed": 225.628855, "delta": 1.327304}}
{"target": -16.478991081593122, "params": {"C": 37.905560231446955, "epsilon": 8.714206405929161, "gamma": 0.0005, "lamda": 0.0005}, "datetime": {"datetime": "2021-10-05 09:57:18", "elapsed": 227.736763, "delta": 2.107908}}
{"target": -13.475242052863958, "params": {"C": 36.99998502133773, "epsilon": 8.487239570337714, "gamma": 0.2, "lamda": 0.0005}, "datetime": {"datetime": "2021-10-05 09:57:20", "elapsed": 229.563699, "delta": 1.826936}}
{"target": -16.621515832104116, "params": {"C": 36.72562347066693, "epsilon": 7.721998482324192, "gamma": 0.0005, "lamda": 0.0005}, "datetime": {"datetime": "2021-10-05 09:57:22", "elapsed": 231.465945, "delta": 1.902246}}
{"target": -84.10720648734518, "params": {"C": 36.75551474993458, "epsilon": 8.85908954282463, "gamma": 0.09231182830378395, "lamda": 0.7553465242118018}, "datetime": {"datetime": "2021-10-05 09:57:24", "elapsed": 233.38408, "delta": 1.918135}}
{"target": -12.241705046967914, "params": {"C": 68.87126534464916, "epsilon": 6.843637248035478, "gamma": 0.14778941057779083, "lamda": 0.04788126980508727}, "datetime": {"datetime": "2021-10-05 09:57:25", "elapsed": 234.750104, "delta": 1.366024}}
{"target": -84.21252824084634, "params": {"C": 69.0730053928959, "epsilon": 6.584070864849349, "gamma": 0.007870360046520669, "lamda": 0.6764296374254433}, "datetime": {"datetime": "2021-10-05 09:57:26", "elapsed": 236.103222, "delta": 1.353118}}
{"target": -43.47980163437161, "params": {"C": 83.44021914729132, "epsilon": 12.445682791666728, "gamma": 0.03684205207680927, "lamda": 0.42183287739925923}, "datetime": {"datetime": "2021-10-05 09:57:28", "elapsed": 237.503729, "delta": 1.400507}}
{"target": -13.464896203832879, "params": {"C": 67.87472966990995, "epsilon": 7.076381528596152, "gamma": 0.13356135110403983, "lamda": 0.09687267965605009}, "datetime": {"datetime": "2021-10-05 09:57:29", "elapsed": 238.640841, "delta": 1.137112}}
{"target": -30.63706204861717, "params": {"C": 66.94943563881098, "epsilon": 28.89304717798967, "gamma": 0.168143070272011, "lamda": 0.5924524884342727}, "datetime": {"datetime": "2021-10-05 09:57:30", "elapsed": 239.744288, "delta": 1.103447}}
{"target": -12.00037076315658, "params": {"C": 1.6761052082665358, "epsilon": 29.465343806227995, "gamma": 0.09405785172524206, "lamda": 0.05407912671983639}, "datetime": {"datetime": "2021-10-05 09:57:32", "elapsed": 241.312704, "delta": 1.568416}}
{"target": -41.657391134758356, "params": {"C": 90.68696611554212, "epsilon": 7.079784508150718, "gamma": 0.04545872914145065, "lamda": 0.3960284602465506}, "datetime": {"datetime": "2021-10-05 09:57:33", "elapsed": 242.730561, "delta": 1.417857}}
{"target": -12.984440863534758, "params": {"C": 67.132478270923, "epsilon": 6.62314103535517, "gamma": 0.014026603632166276, "lamda": 0.07538890895431273}, "datetime": {"datetime": "2021-10-05 09:57:35", "elapsed": 244.20183, "delta": 1.471269}}
{"target": -11.538449777340873, "params": {"C": 84.03290016724715, "epsilon": 11.496801525774416, "gamma": 0.07506815135986573, "lamda": 0.05308172913362639}, "datetime": {"datetime": "2021-10-05 09:57:36", "elapsed": 245.714564, "delta": 1.512734}}
{"target": -15.599013066093834, "params": {"C": 67.70483090222352, "epsilon": 6.204631434369743, "gamma": 0.1377990037894438, "lamda": 0.14866648305189245}, "datetime": {"datetime": "2021-10-05 09:57:38", "elapsed": 247.315488, "delta": 1.600924}}
{"target": -69.88741072854714, "params": {"C": 67.62577186186243, "epsilon": 6.788292015280952, "gamma": 0.1599313618361519, "lamda": 0.6425218705264223}, "datetime": {"datetime": "2021-10-05 09:57:39", "elapsed": 248.698063, "delta": 1.382575}}
{"target": -74.29817121991236, "params": {"C": 86.0535165362115, "epsilon": 15.470012641035796, "gamma": 0.04191287865501019, "lamda": 0.7694381479067729}, "datetime": {"datetime": "2021-10-05 09:57:40", "elapsed": 250.02226, "delta": 1.324197}}
{"target": -22.278719419371722, "params": {"C": 13.045676213421453, "epsilon": 23.714314094315792, "gamma": 0.03948599803888333, "lamda": 0.3517007083189349}, "datetime": {"datetime": "2021-10-05 09:57:41", "elapsed": 251.044045, "delta": 1.021785}}
{"target": -18.283233168070208, "params": {"C": 93.0237486425803, "epsilon": 17.026530892879745, "gamma": 0.10577067385087963, "lamda": 0.22531933219701242}, "datetime": {"datetime": "2021-10-05 09:57:42", "elapsed": 252.179997, "delta": 1.135952}}
{"target": -11.080809228188416, "params": {"C": 14.316276626391975, "epsilon": 18.36801283618361, "gamma": 0.025317736556375696, "lamda": 0.017223208615050507}, "datetime": {"datetime": "2021-10-05 09:57:44", "elapsed": 253.886326, "delta": 1.706329}}
{"target": -29.823326094195362, "params": {"C": 32.095316050417836, "epsilon": 29.518358686437992, "gamma": 0.004460129130512868, "lamda": 0.5742243993816378}, "datetime": {"datetime": "2021-10-05 09:57:45", "elapsed": 255.085471, "delta": 1.199145}}
{"target": -12.564176731817806, "params": {"C": 68.57464216803355, "epsilon": 7.205824936534722, "gamma": 0.17726748447665772, "lamda": 0.04572727460383431}, "datetime": {"datetime": "2021-10-05 09:57:47", "elapsed": 256.880461, "delta": 1.79499}}
{"target": -12.302077599537638, "params": {"C": 16.526788430596223, "epsilon": 13.70056603382132, "gamma": 0.17476740661279283, "lamda": 0.00845349666184705}, "datetime": {"datetime": "2021-10-05 09:57:49", "elapsed": 258.515494, "delta": 1.635033}}
{"target": -13.838877495540626, "params": {"C": 14.225478920176998, "epsilon": 7.541409100603331, "gamma": 0.17605828540696197, "lamda": 0.09657336172723366}, "datetime": {"datetime": "2021-10-05 09:57:50", "elapsed": 259.719094, "delta": 1.2036}}
{"target": -14.033455261736021, "params": {"C": 66.83752530893679, "epsilon": 5.9172438504598075, "gamma": 0.13587505602337346, "lamda": 0.1140395284480548}, "datetime": {"datetime": "2021-10-05 09:57:52", "elapsed": 261.589123, "delta": 1.870029}}
{"target": -12.57643122384792, "params": {"C": 41.79975685648894, "epsilon": 7.987863459518893, "gamma": 0.18083577486384422, "lamda": 0.0234640851968812}, "datetime": {"datetime": "2021-10-05 09:57:53", "elapsed": 262.80226, "delta": 1.213137}}
{"target": -14.616579701068913, "params": {"C": 99.04751612800811, "epsilon": 27.310769753682756, "gamma": 0.08222133081224577, "lamda": 0.1850206391953463}, "datetime": {"datetime": "2021-10-05 09:57:54", "elapsed": 263.959846, "delta": 1.157586}}
{"target": -12.500140493237904, "params": {"C": 66.4982678949685, "epsilon": 10.206490826174015, "gamma": 0.1250466226285515, "lamda": 0.06872745369751826}, "datetime": {"datetime": "2021-10-05 09:57:55", "elapsed": 265.179386, "delta": 1.21954}}
{"target": -55.54854938070663, "params": {"C": 42.24042959669526, "epsilon": 7.578780716034517, "gamma": 0.09689888687925362, "lamda": 0.4727229924187648}, "datetime": {"datetime": "2021-10-05 09:57:57", "elapsed": 266.606086, "delta": 1.4267}}
{"target": -16.215797385879178, "params": {"C": 66.42883954667165, "epsilon": 6.529288803516752, "gamma": 0.0005, "lamda": 0.0005}, "datetime": {"datetime": "2021-10-05 09:57:59", "elapsed": 268.258808, "delta": 1.652722}}
{"target": -16.94221074520854, "params": {"C": 87.92562904331118, "epsilon": 13.230814568283064, "gamma": 0.09184876841399296, "lamda": 0.18796558636815036}, "datetime": {"datetime": "2021-10-05 09:58:00", "elapsed": 269.556157, "delta": 1.297349}}
{"target": -12.501840273156537, "params": {"C": 41.10801668056479, "epsilon": 8.042518484451488, "gamma": 0.046409648308648334, "lamda": 0.09153399038532059}, "datetime": {"datetime": "2021-10-05 09:58:02", "elapsed": 271.26568, "delta": 1.709523}}
{"target": -12.505952659467734, "params": {"C": 41.30862758953566, "epsilon": 8.97782222620636, "gamma": 0.12929756003039483, "lamda": 0.0037997279253622522}, "datetime": {"datetime": "2021-10-05 09:58:03", "elapsed": 272.59073, "delta": 1.32505}}
{"target": -65.71267069173065, "params": {"C": 41.66911021573586, "epsilon": 8.596741047403409, "gamma": 0.08209379359648794, "lamda": 0.6108710482730705}, "datetime": {"datetime": "2021-10-05 09:58:05", "elapsed": 274.641881, "delta": 2.051151}}
{"target": -11.598154548993673, "params": {"C": 67.79387604116367, "epsilon": 5.529173154596858, "gamma": 0.08285513114194659, "lamda": 0.0576730490341596}, "datetime": {"datetime": "2021-10-05 09:58:07", "elapsed": 276.270866, "delta": 1.628985}}
{"target": -38.64993788187909, "params": {"C": 67.0917840215762, "epsilon": 5.163735579551613, "gamma": 0.13819099985541836, "lamda": 0.38043339946531507}, "datetime": {"datetime": "2021-10-05 09:58:08", "elapsed": 277.942, "delta": 1.671134}}
{"target": -14.035571549986242, "params": {"C": 91.57263322529647, "epsilon": 24.35073992210969, "gamma": 0.1796479357917413, "lamda": 0.12075399863380354}, "datetime": {"datetime": "2021-10-05 09:58:09", "elapsed": 279.118195, "delta": 1.176195}}
{"target": -20.246605656928583, "params": {"C": 14.658789316071319, "epsilon": 8.18045308210888, "gamma": 0.026975986654882822, "lamda": 0.22419447858166316}, "datetime": {"datetime": "2021-10-05 09:58:11", "elapsed": 280.421305, "delta": 1.30311}}
{"target": -11.791467538319655, "params": {"C": 40.62785286143831, "epsilon": 9.267418774701975, "gamma": 0.07637928919487098, "lamda": 0.06335772721141722}, "datetime": {"datetime": "2021-10-05 09:58:12", "elapsed": 282.027612, "delta": 1.606307}}
{"target": -44.85250117424279, "params": {"C": 40.923009273817144, "epsilon": 9.707843602770835, "gamma": 0.16808823178021864, "lamda": 0.44680656117459444}, "datetime": {"datetime": "2021-10-05 09:58:14", "elapsed": 283.469744, "delta": 1.442132}}
{"target": -11.105013960005268, "params": {"C": 11.904842385722956, "epsilon": 19.761245932199706, "gamma": 0.07960873296888048, "lamda": 0.038434572877311626}, "datetime": {"datetime": "2021-10-05 09:58:15", "elapsed": 284.998547, "delta": 1.528803}}
{"target": -21.80682186473873, "params": {"C": 90.91406743967845, "epsilon": 24.508506420896293, "gamma": 0.031348597764177324, "lamda": 0.34970605594716775}, "datetime": {"datetime": "2021-10-05 09:58:17", "elapsed": 287.033074, "delta": 2.034527}}
{"target": -86.44609129505426, "params": {"C": 13.89818764991039, "epsilon": 7.665896707614211, "gamma": 0.09779321725844037, "lamda": 0.7680053162964543}, "datetime": {"datetime": "2021-10-05 09:58:19", "elapsed": 288.513878, "delta": 1.480804}}
{"target": -13.136311771809314, "params": {"C": 55.95741948270614, "epsilon": 5.04505414221106, "gamma": 0.1910385371818592, "lamda": 0.06763918798220088}, "datetime": {"datetime": "2021-10-05 09:58:20", "elapsed": 290.118135, "delta": 1.604257}}
{"target": -15.079117109297743, "params": {"C": 68.18158410105124, "epsilon": 10.288485941262506, "gamma": 0.1088722671152692, "lamda": 0.1416814897464857}, "datetime": {"datetime": "2021-10-05 09:58:22", "elapsed": 291.312103, "delta": 1.193968}}
{"target": -12.65406201187885, "params": {"C": 40.27820663376913, "epsilon": 8.617144653458713, "gamma": 0.18106866034520452, "lamda": 0.05363499924334176}, "datetime": {"datetime": "2021-10-05 09:58:23", "elapsed": 293.092422, "delta": 1.780319}}
{"target": -12.904120557370518, "params": {"C": 75.43651981967145, "epsilon": 19.237029911223257, "gamma": 0.19204868900270197, "lamda": 0.0632532443208314}, "datetime": {"datetime": "2021-10-05 09:58:25", "elapsed": 294.366249, "delta": 1.273827}}
{"target": -12.557814294086722, "params": {"C": 39.86021643434435, "epsilon": 9.52113970930803, "gamma": 0.18125880675899117, "lamda": 0.046765468442693574}, "datetime": {"datetime": "2021-10-05 09:58:26", "elapsed": 296.068376, "delta": 1.702127}}
{"target": -29.541002856359206, "params": {"C": 55.2591606485561, "epsilon": 24.192874878613107, "gamma": 0.05512656261088097, "lamda": 0.45039632121487194}, "datetime": {"datetime": "2021-10-05 09:58:28", "elapsed": 297.268333, "delta": 1.199957}}
{"target": -11.010851586504344, "params": {"C": 14.84752125863776, "epsilon": 6.907570633323984, "gamma": 0.07544832333196809, "lamda": 0.03412055223612559}, "datetime": {"datetime": "2021-10-05 09:58:30", "elapsed": 299.260755, "delta": 1.992422}}
{"target": -17.344170577658925, "params": {"C": 15.529771582573334, "epsilon": 7.0499100340795415, "gamma": 0.03531518652399281, "lamda": 0.1866844069240401}, "datetime": {"datetime": "2021-10-05 09:58:31", "elapsed": 301.103729, "delta": 1.842974}}
{"target": -13.605618987858856, "params": {"C": 68.41784497180436, "epsilon": 8.90451401609349, "gamma": 0.15897099531015071, "lamda": 0.0016056357015597517}, "datetime": {"datetime": "2021-10-05 09:58:33", "elapsed": 302.79256, "delta": 1.688831}}
{"target": -13.521689645786875, "params": {"C": 41.22240288858618, "epsilon": 7.395563927459994, "gamma": 0.2, "lamda": 0.0005}, "datetime": {"datetime": "2021-10-05 09:58:35", "elapsed": 304.431505, "delta": 1.638945}}
{"target": -13.166438057420777, "params": {"C": 14.90341253153592, "epsilon": 7.545091648496757, "gamma": 0.2, "lamda": 0.0005}, "datetime": {"datetime": "2021-10-05 09:58:37", "elapsed": 306.536013, "delta": 2.104508}}
{"target": -42.924751912419765, "params": {"C": 91.71244091045939, "epsilon": 23.835667453453755, "gamma": 0.0005557304706286816, "lamda": 0.7108858393527371}, "datetime": {"datetime": "2021-10-05 09:58:39", "elapsed": 308.370397, "delta": 1.834384}}
