{"target": -11.457305877085796, "params": {"C": 50.381519204538364, "epsilon": 10.795019835252342, "gamma": 0.09089496076429418, "lamda": 0.04423752573343283}, "datetime": {"datetime": "2021-10-05 11:52:05", "elapsed": 81.014317, "delta": 0.787417}}
{"target": -17.51100345800885, "params": {"C": 16.39390456458697, "epsilon": 20.97043680053523, "gamma": 0.025916892711273124, "lamda": 0.23541969212959785}, "datetime": {"datetime": "2021-10-05 11:52:05", "elapsed": 81.842013, "delta": 0.827696}}
{"target": -19.488117860980044, "params": {"C": 13.699415432344143, "epsilon": 22.448923757386545, "gamma": 0.06621366625496225, "lamda": 0.28900678280267117}, "datetime": {"datetime": "2021-10-05 11:52:06", "elapsed": 82.610253, "delta": 0.76824}}
{"target": -11.824225427771932, "params": {"C": 65.52195075482801, "epsilon": 15.539282163191485, "gamma": 0.08453786667151786, "lamda": 0.06128852689892625}, "datetime": {"datetime": "2021-10-05 11:52:07", "elapsed": 83.331543, "delta": 0.72129}}
{"target": -10.818666586786259, "params": {"C": 96.79470742014317, "epsilon": 25.342058729850727, "gamma": 0.024038322456852085, "lamda": 0.009724271714883806}, "datetime": {"datetime": "2021-10-05 11:52:08", "elapsed": 84.018823, "delta": 0.68728}}
{"target": -10.15224248298473, "params": {"C": 16.571650663394927, "epsilon": 22.228660392353603, "gamma": 0.03226652920765144, "lamda": 0.0015018748309991198}, "datetime": {"datetime": "2021-10-05 11:52:08", "elapsed": 84.801774, "delta": 0.782951}}
{"target": -13.700333004743046, "params": {"C": 84.93489128338292, "epsilon": 11.901664952944015, "gamma": 0.09263472486140048, "lamda": 0.11394246854572844}, "datetime": {"datetime": "2021-10-05 11:52:09", "elapsed": 85.467371, "delta": 0.665597}}
{"target": -11.631862956465795, "params": {"C": 16.79996807802044, "epsilon": 22.316881911503394, "gamma": 0.07732297528712852, "lamda": 0.056973956741479655}, "datetime": {"datetime": "2021-10-05 11:52:10", "elapsed": 86.683724, "delta": 1.216353}}
{"target": -18.079106068297218, "params": {"C": 38.301668195906316, "epsilon": 11.884355579833388, "gamma": 0.043370366685339126, "lamda": 0.20798650996764287}, "datetime": {"datetime": "2021-10-05 11:52:11", "elapsed": 87.373313, "delta": 0.689589}}
{"target": -12.474927646275962, "params": {"C": 16.596451540425164, "epsilon": 21.897032454292358, "gamma": 0.08387713162953055, "lamda": 0.08515061772588146}, "datetime": {"datetime": "2021-10-05 11:52:12", "elapsed": 88.174867, "delta": 0.801554}}
{"target": -12.33420714922873, "params": {"C": 16.324259234541756, "epsilon": 22.42198280118571, "gamma": 0.025720095649916015, "lamda": 0.07112642684309212}, "datetime": {"datetime": "2021-10-05 11:52:13", "elapsed": 89.055686, "delta": 0.880819}}
{"target": -13.79853828426811, "params": {"C": 74.29975652132946, "epsilon": 28.958647643357455, "gamma": 0.07506206735881667, "lamda": 0.15158411964390175}, "datetime": {"datetime": "2021-10-05 11:52:13", "elapsed": 89.71759, "delta": 0.661904}}
{"target": -13.608520596160576, "params": {"C": 12.176102510605716, "epsilon": 28.451778101298824, "gamma": 0.023714685816045106, "lamda": 0.11975308384891054}, "datetime": {"datetime": "2021-10-05 11:52:14", "elapsed": 90.415294, "delta": 0.697704}}
{"target": -17.36490121742552, "params": {"C": 12.526004907856107, "epsilon": 18.93508702772283, "gamma": 0.06423652147413302, "lamda": 0.22640475945430816}, "datetime": {"datetime": "2021-10-05 11:52:15", "elapsed": 91.062999, "delta": 0.647705}}
{"target": -12.07535035100123, "params": {"C": 96.56065534446988, "epsilon": 25.14883040053435, "gamma": 0.0689847666880818, "lamda": 0.08375850218866952}, "datetime": {"datetime": "2021-10-05 11:52:16", "elapsed": 92.00839, "delta": 0.945391}}
{"target": -14.4232866020503, "params": {"C": 97.0691955532931, "epsilon": 25.336927955085244, "gamma": 0.08961159131012833, "lamda": 0.16837018277082483}, "datetime": {"datetime": "2021-10-05 11:52:16", "elapsed": 92.790259, "delta": 0.781869}}
{"target": -11.28075484665648, "params": {"C": 65.1814700666391, "epsilon": 18.06742941173146, "gamma": 0.02, "lamda": 0.0001}, "datetime": {"datetime": "2021-10-05 11:52:18", "elapsed": 94.245217, "delta": 1.454958}}
{"target": -18.04885417610441, "params": {"C": 37.28181656836376, "epsilon": 21.64425528340767, "gamma": 0.05769785810275263, "lamda": 0.2594145772152647}, "datetime": {"datetime": "2021-10-05 11:52:18", "elapsed": 94.957302, "delta": 0.712085}}
{"target": -10.893490619882444, "params": {"C": 49.88621730370472, "epsilon": 11.073644930391284, "gamma": 0.02, "lamda": 0.0001}, "datetime": {"datetime": "2021-10-05 11:52:20", "elapsed": 96.237522, "delta": 1.28022}}
{"target": -11.147976837175651, "params": {"C": 50.09618710501446, "epsilon": 11.381443895389863, "gamma": 0.05068645378633473, "lamda": 0.04206312477382122}, "datetime": {"datetime": "2021-10-05 11:52:21", "elapsed": 97.049919, "delta": 0.812397}}
{"target": -20.700567861665473, "params": {"C": 16.016938596034954, "epsilon": 19.176497593982056, "gamma": 0.07025971409691266, "lamda": 0.2808523759339669}, "datetime": {"datetime": "2021-10-05 11:52:21", "elapsed": 97.743003, "delta": 0.693084}}
{"target": -18.295885848019243, "params": {"C": 37.74369237810154, "epsilon": 19.949962687936022, "gamma": 0.09529446067208316, "lamda": 0.24491273624365162}, "datetime": {"datetime": "2021-10-05 11:52:22", "elapsed": 98.454396, "delta": 0.711393}}
{"target": -17.80964045895065, "params": {"C": 16.461390636139583, "epsilon": 22.155479886368617, "gamma": 0.07304245171637247, "lamda": 0.2549366867160717}, "datetime": {"datetime": "2021-10-05 11:52:23", "elapsed": 99.344882, "delta": 0.890486}}
{"target": -17.67760575533147, "params": {"C": 49.8168842253055, "epsilon": 11.51941778361996, "gamma": 0.055746514067209485, "lamda": 0.20085315527688857}, "datetime": {"datetime": "2021-10-05 11:52:24", "elapsed": 100.277117, "delta": 0.932235}}
{"target": -12.934998362981737, "params": {"C": 96.46793040046525, "epsilon": 25.509534578777476, "gamma": 0.037783925758832576, "lamda": 0.1160122187007878}, "datetime": {"datetime": "2021-10-05 11:52:25", "elapsed": 101.299885, "delta": 1.022768}}
{"target": -11.923576210734211, "params": {"C": 18.935735645634992, "epsilon": 20.061803128325806, "gamma": 0.04459470690567727, "lamda": 0.07640962028321238}, "datetime": {"datetime": "2021-10-05 11:52:26", "elapsed": 102.451377, "delta": 1.151492}}
{"target": -14.024378097902105, "params": {"C": 96.26490347115225, "epsilon": 24.707649870101665, "gamma": 0.0206008860743285, "lamda": 0.12116135864390562}, "datetime": {"datetime": "2021-10-05 11:52:27", "elapsed": 103.283312, "delta": 0.831935}}
{"target": -16.300279272084893, "params": {"C": 96.34993118112213, "epsilon": 24.2046073445769, "gamma": 0.07113347317387718, "lamda": 0.23445610812051554}, "datetime": {"datetime": "2021-10-05 11:52:28", "elapsed": 104.274986, "delta": 0.991674}}
{"target": -11.274017458219973, "params": {"C": 65.19143254148634, "epsilon": 17.734874293186596, "gamma": 0.02, "lamda": 0.0001}, "datetime": {"datetime": "2021-10-05 11:52:29", "elapsed": 105.864266, "delta": 1.58928}}
{"target": -11.567408031689604, "params": {"C": 13.617465684619857, "epsilon": 21.95739001709744, "gamma": 0.055143225660692116, "lamda": 0.06132663771860847}, "datetime": {"datetime": "2021-10-05 11:52:30", "elapsed": 106.578618, "delta": 0.714352}}
{"target": -16.983791516085304, "params": {"C": 95.45755139028442, "epsilon": 17.56146289892913, "gamma": 0.051396644052949636, "lamda": 0.21569386229207776}, "datetime": {"datetime": "2021-10-05 11:52:31", "elapsed": 107.302759, "delta": 0.724141}}
{"target": -13.284601045663639, "params": {"C": 95.81716321254774, "epsilon": 24.533774007789013, "gamma": 0.07532366462656255, "lamda": 0.1228640345493683}, "datetime": {"datetime": "2021-10-05 11:52:32", "elapsed": 108.296958, "delta": 0.994199}}
{"target": -20.64340373852968, "params": {"C": 18.929688904027184, "epsilon": 20.504951177493002, "gamma": 0.05828285589430192, "lamda": 0.29533673757413836}, "datetime": {"datetime": "2021-10-05 11:52:33", "elapsed": 109.230292, "delta": 0.933334}}
{"target": -14.163920260313514, "params": {"C": 34.700005270466036, "epsilon": 14.370699064886015, "gamma": 0.038328306164245984, "lamda": 0.13331023038965883}, "datetime": {"datetime": "2021-10-05 11:52:33", "elapsed": 109.975498, "delta": 0.745206}}
{"target": -11.483100718887709, "params": {"C": 19.160358663101526, "epsilon": 19.86118912005813, "gamma": 0.07157169069935294, "lamda": 0.05403564738407195}, "datetime": {"datetime": "2021-10-05 11:52:35", "elapsed": 111.101856, "delta": 1.126358}}
{"target": -11.372521725392982, "params": {"C": 49.708153136084135, "epsilon": 10.801744362820918, "gamma": 0.07585120375809738, "lamda": 0.04693023026966231}, "datetime": {"datetime": "2021-10-05 11:52:36", "elapsed": 112.223335, "delta": 1.121479}}
{"target": -23.51704627477611, "params": {"C": 65.16857716094921, "epsilon": 17.902957877891517, "gamma": 0.02, "lamda": 0.29241623913668285}, "datetime": {"datetime": "2021-10-05 11:52:37", "elapsed": 113.368479, "delta": 1.145144}}
{"target": -11.853212336868744, "params": {"C": 73.62478158538487, "epsilon": 14.895024059362887, "gamma": 0.052772121343387046, "lamda": 0.07021278207687803}, "datetime": {"datetime": "2021-10-05 11:52:38", "elapsed": 114.11331, "delta": 0.744831}}
{"target": -18.0611047819858, "params": {"C": 19.235348058631335, "epsilon": 20.12129263956627, "gamma": 0.02991886549067413, "lamda": 0.2446501185476855}, "datetime": {"datetime": "2021-10-05 11:52:39", "elapsed": 115.099669, "delta": 0.986359}}
{"target": -17.69864273406029, "params": {"C": 17.060189903139477, "epsilon": 20.853272456611016, "gamma": 0.022946445973053526, "lamda": 0.2348429279830764}, "datetime": {"datetime": "2021-10-05 11:52:40", "elapsed": 116.118798, "delta": 1.019129}}
{"target": -19.14066960161044, "params": {"C": 50.043130374383736, "epsilon": 10.90167140303892, "gamma": 0.0543750830330349, "lamda": 0.21942718989202903}, "datetime": {"datetime": "2021-10-05 11:52:41", "elapsed": 117.282998, "delta": 1.1642}}
{"target": -22.087003635743248, "params": {"C": 95.84145392839964, "epsilon": 18.50256137800352, "gamma": 0.04190504604501069, "lamda": 0.2990882555127712}, "datetime": {"datetime": "2021-10-05 11:52:42", "elapsed": 118.071724, "delta": 0.788726}}
{"target": -10.291701216028502, "params": {"C": 50.44862884047383, "epsilon": 11.2279844296239, "gamma": 0.045269971503341444, "lamda": 0.014694990817463694}, "datetime": {"datetime": "2021-10-05 11:52:43", "elapsed": 119.37238, "delta": 1.300656}}
{"target": -12.113318453800625, "params": {"C": 85.55794024559296, "epsilon": 20.78305995338554, "gamma": 0.0600830288740566, "lamda": 0.0001}, "datetime": {"datetime": "2021-10-05 11:52:44", "elapsed": 120.638095, "delta": 1.265715}}
{"target": -11.360896142048201, "params": {"C": 16.72691897929822, "epsilon": 22.602896483477544, "gamma": 0.041504399549934456, "lamda": 0.04598902698397404}, "datetime": {"datetime": "2021-10-05 11:52:45", "elapsed": 121.975557, "delta": 1.337462}}
{"target": -13.360000731850857, "params": {"C": 16.6048331146745, "epsilon": 21.91975128328717, "gamma": 0.09133761933587162, "lamda": 0.11787578026725368}, "datetime": {"datetime": "2021-10-05 11:52:46", "elapsed": 122.727063, "delta": 0.751506}}
{"target": -11.994686561024215, "params": {"C": 18.973605805743084, "epsilon": 19.641881828300548, "gamma": 0.03544577779671843, "lamda": 0.07241774179603072}, "datetime": {"datetime": "2021-10-05 11:52:47", "elapsed": 123.908464, "delta": 1.181401}}
{"target": -10.779437327062258, "params": {"C": 7.738301036398539, "epsilon": 10.923419561926803, "gamma": 0.07961961133197297, "lamda": 0.004549454578633032}, "datetime": {"datetime": "2021-10-05 11:52:49", "elapsed": 125.178369, "delta": 1.269905}}
{"target": -12.675312930591895, "params": {"C": 79.4633081741791, "epsilon": 28.26647449850961, "gamma": 0.0949188873662714, "lamda": 0.10283211699378911}, "datetime": {"datetime": "2021-10-05 11:52:49", "elapsed": 125.961626, "delta": 0.783257}}
{"target": -21.95355970127034, "params": {"C": 7.634343541942585, "epsilon": 11.057387721623208, "gamma": 0.02, "lamda": 0.23272705527600035}, "datetime": {"datetime": "2021-10-05 11:52:51", "elapsed": 127.142696, "delta": 1.18107}}
{"target": -13.379291481651451, "params": {"C": 7.85063278438992, "epsilon": 10.640994092193871, "gamma": 0.06572529598017601, "lamda": 0.10939973819618602}, "datetime": {"datetime": "2021-10-05 11:52:52", "elapsed": 128.246073, "delta": 1.103377}}
{"target": -11.59459442106455, "params": {"C": 65.17087064120591, "epsilon": 18.09930372781443, "gamma": 0.0379788590328609, "lamda": 0.059767133009245806}, "datetime": {"datetime": "2021-10-05 11:52:53", "elapsed": 129.175325, "delta": 0.929252}}
{"target": -13.476296445570988, "params": {"C": 16.658799201205785, "epsilon": 20.455575808659304, "gamma": 0.05327643260693417, "lamda": 0.12306092838221203}, "datetime": {"datetime": "2021-10-05 11:52:54", "elapsed": 130.213508, "delta": 1.038183}}
{"target": -10.249205536757762, "params": {"C": 57.22329858492218, "epsilon": 13.226414499769756, "gamma": 0.04513487740052907, "lamda": 0.011722759954478084}, "datetime": {"datetime": "2021-10-05 11:52:55", "elapsed": 131.082611, "delta": 0.869103}}
{"target": -12.215859675008103, "params": {"C": 50.19719049737002, "epsilon": 10.417307281638706, "gamma": 0.08010547451114582, "lamda": 0.0736123208781282}, "datetime": {"datetime": "2021-10-05 11:52:56", "elapsed": 132.292973, "delta": 1.210362}}
{"target": -10.264594212221267, "params": {"C": 96.8020898543599, "epsilon": 25.60369039274003, "gamma": 0.038737674167800655, "lamda": 0.0024354202721949053}, "datetime": {"datetime": "2021-10-05 11:52:57", "elapsed": 133.480291, "delta": 1.187318}}
{"target": -11.677567468291372, "params": {"C": 69.91224760287712, "epsilon": 22.01543069942094, "gamma": 0.0639292669853121, "lamda": 0.06822122323583528}, "datetime": {"datetime": "2021-10-05 11:52:58", "elapsed": 134.32162, "delta": 0.841329}}
{"target": -13.789299927486583, "params": {"C": 50.53907158630753, "epsilon": 29.276810399102835, "gamma": 0.06796142512687653, "lamda": 0.154833984960946}, "datetime": {"datetime": "2021-10-05 11:52:59", "elapsed": 135.131237, "delta": 0.809617}}
{"target": -11.904311079213038, "params": {"C": 17.849698614628018, "epsilon": 29.508247933112287, "gamma": 0.08417696143968474, "lamda": 0.07346417945414721}, "datetime": {"datetime": "2021-10-05 11:52:59", "elapsed": 135.972743, "delta": 0.841506}}
{"target": -11.439273924407752, "params": {"C": 85.54919541259815, "epsilon": 20.797615328977635, "gamma": 0.06035265333942372, "lamda": 0.05148469445906989}, "datetime": {"datetime": "2021-10-05 11:53:00", "elapsed": 136.85635, "delta": 0.883607}}
{"target": -11.63403200311947, "params": {"C": 64.97594564762318, "epsilon": 18.241956855002137, "gamma": 0.07583204212588936, "lamda": 0.05931761616534028}, "datetime": {"datetime": "2021-10-05 11:53:01", "elapsed": 137.947106, "delta": 1.090756}}
{"target": -13.722402002686543, "params": {"C": 85.34495524130544, "epsilon": 20.961214378983847, "gamma": 0.09010731376948865, "lamda": 0.12809393657831816}, "datetime": {"datetime": "2021-10-05 11:53:03", "elapsed": 139.287704, "delta": 1.340598}}
{"target": -13.927073094932329, "params": {"C": 52.92056618631845, "epsilon": 18.38165660258376, "gamma": 0.08523909438814377, "lamda": 0.12893428463347062}, "datetime": {"datetime": "2021-10-05 11:53:04", "elapsed": 140.375517, "delta": 1.087813}}
{"target": -11.86883879056683, "params": {"C": 1.25455850429503, "epsilon": 29.916166188410777, "gamma": 0.04151964923619974, "lamda": 0.009572761431845059}, "datetime": {"datetime": "2021-10-05 11:53:05", "elapsed": 141.427622, "delta": 1.052105}}
{"target": -10.255432152850537, "params": {"C": 56.94346244862622, "epsilon": 13.345006688465412, "gamma": 0.05009512355694918, "lamda": 0.012235420361833458}, "datetime": {"datetime": "2021-10-05 11:53:06", "elapsed": 142.869249, "delta": 1.441627}}
{"target": -14.218625334928623, "params": {"C": 55.62374085467622, "epsilon": 27.6560962023428, "gamma": 0.02294051385289264, "lamda": 0.1443523403953246}, "datetime": {"datetime": "2021-10-05 11:53:07", "elapsed": 143.754024, "delta": 0.884775}}
{"target": -13.684217328104245, "params": {"C": 70.84025711572173, "epsilon": 17.063468947122736, "gamma": 0.05015513751542093, "lamda": 0.12415402716680567}, "datetime": {"datetime": "2021-10-05 11:53:08", "elapsed": 144.633562, "delta": 0.879538}}
{"target": -10.384875763315641, "params": {"C": 81.16903200839467, "epsilon": 27.364934083857865, "gamma": 0.03326138530701409, "lamda": 0.005481195419828734}, "datetime": {"datetime": "2021-10-05 11:53:10", "elapsed": 146.036273, "delta": 1.402711}}
{"target": -12.605403451093139, "params": {"C": 49.82944186449715, "epsilon": 10.557213694090343, "gamma": 0.07073582360339209, "lamda": 0.08706760036993172}, "datetime": {"datetime": "2021-10-05 11:53:11", "elapsed": 147.22515, "delta": 1.188877}}
{"target": -10.772196052974273, "params": {"C": 50.33333732316254, "epsilon": 11.492825716967435, "gamma": 0.043270188251958504, "lamda": 0.03070946059381822}, "datetime": {"datetime": "2021-10-05 11:53:12", "elapsed": 148.898304, "delta": 1.673154}}
{"target": -11.192096931057508, "params": {"C": 85.50838133246368, "epsilon": 19.821687914796442, "gamma": 0.03287468883828425, "lamda": 0.034226062662515246}, "datetime": {"datetime": "2021-10-05 11:53:13", "elapsed": 149.757, "delta": 0.858696}}
{"target": -16.71961579258753, "params": {"C": 55.26797846613584, "epsilon": 19.142104266034004, "gamma": 0.09259527342953208, "lamda": 0.20799546494440332}, "datetime": {"datetime": "2021-10-05 11:53:14", "elapsed": 150.646143, "delta": 0.889143}}
{"target": -14.205392209843906, "params": {"C": 85.82252240183078, "epsilon": 20.7580977693985, "gamma": 0.08689491533233176, "lamda": 0.14211682785062957}, "datetime": {"datetime": "2021-10-05 11:53:16", "elapsed": 152.219431, "delta": 1.573288}}
{"target": -12.496266505284051, "params": {"C": 56.88682437911877, "epsilon": 13.037346294704598, "gamma": 0.0873428644495473, "lamda": 0.07840410979418737}, "datetime": {"datetime": "2021-10-05 11:53:17", "elapsed": 153.532284, "delta": 1.312853}}
{"target": -17.934381351672428, "params": {"C": 96.78081785205646, "epsilon": 25.622924428027094, "gamma": 0.025996438027989018, "lamda": 0.273315439298621}, "datetime": {"datetime": "2021-10-05 11:53:19", "elapsed": 155.102137, "delta": 1.569853}}
{"target": -19.334108401379385, "params": {"C": 4.894183304259831, "epsilon": 11.413306980832134, "gamma": 0.07182584888952907, "lamda": 0.21526269622689026}, "datetime": {"datetime": "2021-10-05 11:53:20", "elapsed": 156.042361, "delta": 0.940224}}
{"target": -11.567314917450707, "params": {"C": 56.69568472883806, "epsilon": 13.427138173219962, "gamma": 0.049926455414732215, "lamda": 0.0594228728947686}, "datetime": {"datetime": "2021-10-05 11:53:21", "elapsed": 157.564167, "delta": 1.521806}}
{"target": -11.687905420550141, "params": {"C": 77.42835747603381, "epsilon": 24.10846915064394, "gamma": 0.03969504201779771, "lamda": 0.06317915560363001}, "datetime": {"datetime": "2021-10-05 11:53:22", "elapsed": 158.518483, "delta": 0.954316}}
{"target": -11.926203583136461, "params": {"C": 18.685957897851782, "epsilon": 19.818109525308742, "gamma": 0.06857772036235966, "lamda": 0.07203795898650371}, "datetime": {"datetime": "2021-10-05 11:53:23", "elapsed": 159.85412, "delta": 1.335637}}
{"target": -10.64358306730977, "params": {"C": 16.514375192530522, "epsilon": 20.65965809905616, "gamma": 0.03538847683218693, "lamda": 0.014688328672873925}, "datetime": {"datetime": "2021-10-05 11:53:24", "elapsed": 160.820451, "delta": 0.966331}}
{"target": -11.949649073580023, "params": {"C": 56.76010520183918, "epsilon": 13.74703364758961, "gamma": 0.09869046246036825, "lamda": 0.06014284648782923}, "datetime": {"datetime": "2021-10-05 11:53:26", "elapsed": 162.775366, "delta": 1.954915}}
{"target": -12.374772448314705, "params": {"C": 20.827500023041562, "epsilon": 21.155984346702418, "gamma": 0.03388871748624383, "lamda": 0.08949795333238628}, "datetime": {"datetime": "2021-10-05 11:53:28", "elapsed": 164.138298, "delta": 1.362932}}
{"target": -21.876744568385835, "params": {"C": 22.744865151782154, "epsilon": 17.243372841140555, "gamma": 0.07787606932046415, "lamda": 0.28347126649363263}, "datetime": {"datetime": "2021-10-05 11:53:29", "elapsed": 165.781706, "delta": 1.643408}}
{"target": -10.407097791484325, "params": {"C": 22.87863130239605, "epsilon": 16.738865161011272, "gamma": 0.03607182676477935, "lamda": 0.0001}, "datetime": {"datetime": "2021-10-05 11:53:31", "elapsed": 167.572699, "delta": 1.790993}}
{"target": -13.593863084601296, "params": {"C": 82.64162064159693, "epsilon": 24.808487757205715, "gamma": 0.06695392918501222, "lamda": 0.13660445882982689}, "datetime": {"datetime": "2021-10-05 11:53:32", "elapsed": 168.526382, "delta": 0.953683}}
{"target": -12.291506329117468, "params": {"C": 82.74118158752565, "epsilon": 25.02589085426932, "gamma": 0.032168117300546445, "lamda": 0.0811492802161222}, "datetime": {"datetime": "2021-10-05 11:53:33", "elapsed": 169.503695, "delta": 0.977313}}
{"target": -14.06772778508358, "params": {"C": 6.68312627513283, "epsilon": 14.329977148754192, "gamma": 0.039830320656518765, "lamda": 0.13103909659262467}, "datetime": {"datetime": "2021-10-05 11:53:34", "elapsed": 170.499633, "delta": 0.995938}}
{"target": -12.890258138684638, "params": {"C": 57.06870483547503, "epsilon": 13.518647970381467, "gamma": 0.05755320735566713, "lamda": 0.09833859619961532}, "datetime": {"datetime": "2021-10-05 11:53:35", "elapsed": 171.844259, "delta": 1.344626}}
