{"target": -10.65729202402832, "params": {"C": 33.71639118017773, "epsilon": 19.2422099370428, "gamma": 0.020339915858336367, "lamda": 0.03782098815520403}, "datetime": {"datetime": "2021-10-05 12:40:26", "elapsed": 199.962811, "delta": 1.095167}}
{"target": -10.18595152883901, "params": {"C": 69.4446825991787, "epsilon": 19.37021471150545, "gamma": 0.024154985528460845, "lamda": 0.0014789556553193122}, "datetime": {"datetime": "2021-10-05 12:40:28", "elapsed": 201.281703, "delta": 1.318892}}
{"target": -10.839169409332964, "params": {"C": 93.8474963294598, "epsilon": 21.911332749206125, "gamma": 0.046031679144284784, "lamda": 0.0035408401276319015}, "datetime": {"datetime": "2021-10-05 12:40:29", "elapsed": 202.447683, "delta": 1.16598}}
{"target": -10.364411806243405, "params": {"C": 31.48134909280147, "epsilon": 12.397216888152068, "gamma": 0.03516746861569689, "lamda": 0.012357206031882988}, "datetime": {"datetime": "2021-10-05 12:40:30", "elapsed": 203.907384, "delta": 1.459701}}
{"target": -10.718751670839872, "params": {"C": 96.07242189490286, "epsilon": 24.87167846192328, "gamma": 0.019438408948275348, "lamda": 0.03665018542717807}, "datetime": {"datetime": "2021-10-05 12:40:31", "elapsed": 205.08153, "delta": 1.174146}}
{"target": -10.683659762478728, "params": {"C": 78.90674354613488, "epsilon": 20.78320788502795, "gamma": 0.016152012271565395, "lamda": 0.02931575233015782}, "datetime": {"datetime": "2021-10-05 12:40:33", "elapsed": 206.645049, "delta": 1.563519}}
{"target": -10.734058039419873, "params": {"C": 8.04282912738646, "epsilon": 29.622450693219744, "gamma": 0.04830102699066194, "lamda": 0.0065029453239514486}, "datetime": {"datetime": "2021-10-05 12:40:34", "elapsed": 207.848015, "delta": 1.202966}}
{"target": -10.77862562015125, "params": {"C": 53.011040766583335, "epsilon": 19.330622318941852, "gamma": 0.014517889628542925, "lamda": 0.030095670469818862}, "datetime": {"datetime": "2021-10-05 12:40:36", "elapsed": 209.367396, "delta": 1.519381}}
{"target": -10.654499263644173, "params": {"C": 13.945109497008016, "epsilon": 21.05789819049665, "gamma": 0.0382619344623243, "lamda": 0.04167534314618603}, "datetime": {"datetime": "2021-10-05 12:40:37", "elapsed": 210.74534, "delta": 1.377944}}
{"target": -10.930637332141401, "params": {"C": 89.02342030163643, "epsilon": 12.684449343665005, "gamma": 0.04481719913905985, "lamda": 0.041797796581347475}, "datetime": {"datetime": "2021-10-05 12:40:39", "elapsed": 212.332872, "delta": 1.587532}}
{"target": -10.183463878724135, "params": {"C": 77.17716848004507, "epsilon": 10.563822000450969, "gamma": 0.01745504225647837, "lamda": 0.0016677262233024581}, "datetime": {"datetime": "2021-10-05 12:40:40", "elapsed": 213.784143, "delta": 1.451271}}
{"target": -10.420747809418526, "params": {"C": 20.249709050342297, "epsilon": 22.357597116253935, "gamma": 0.028081143813270964, "lamda": 0.028785500460166077}, "datetime": {"datetime": "2021-10-05 12:40:41", "elapsed": 215.045035, "delta": 1.260892}}
{"target": -10.438956966054622, "params": {"C": 20.506497242806383, "epsilon": 25.585218268362965, "gamma": 0.018261693015828702, "lamda": 0.023390977335775557}, "datetime": {"datetime": "2021-10-05 12:40:42", "elapsed": 216.198189, "delta": 1.153154}}
{"target": -10.608626014004214, "params": {"C": 35.043778062012734, "epsilon": 28.74093465448655, "gamma": 0.028025931534892898, "lamda": 0.032987493355067676}, "datetime": {"datetime": "2021-10-05 12:40:44", "elapsed": 217.591545, "delta": 1.393356}}
{"target": -10.288613172743636, "params": {"C": 28.872712077175695, "epsilon": 14.394801534594672, "gamma": 0.023025062077056697, "lamda": 0.01171321987299679}, "datetime": {"datetime": "2021-10-05 12:40:45", "elapsed": 219.071002, "delta": 1.479457}}
{"target": -10.411981918666276, "params": {"C": 6.989330130005184, "epsilon": 27.418895531105573, "gamma": 0.027408679449348, "lamda": 0.006480047970743011}, "datetime": {"datetime": "2021-10-05 12:40:47", "elapsed": 220.703654, "delta": 1.632652}}
{"target": -11.079807509051575, "params": {"C": 34.32346682685271, "epsilon": 22.613648204419267, "gamma": 0.016258068844619597, "lamda": 0.047644606002196416}, "datetime": {"datetime": "2021-10-05 12:40:49", "elapsed": 222.250499, "delta": 1.546845}}
{"target": -10.330612040367038, "params": {"C": 73.77476608282043, "epsilon": 26.852101715583455, "gamma": 0.025225797672489794, "lamda": 0.017833415051427253}, "datetime": {"datetime": "2021-10-05 12:40:50", "elapsed": 223.430143, "delta": 1.179644}}
{"target": -10.629464933680103, "params": {"C": 53.51386808879102, "epsilon": 17.850168376968195, "gamma": 0.026723436224720936, "lamda": 0.03946759067491256}, "datetime": {"datetime": "2021-10-05 12:40:51", "elapsed": 224.617762, "delta": 1.187619}}
{"target": -10.286849429141562, "params": {"C": 12.678229605280649, "epsilon": 22.878721323611067, "gamma": 0.02461278703313747, "lamda": 0.023743746213993392}, "datetime": {"datetime": "2021-10-05 12:40:53", "elapsed": 226.283737, "delta": 1.665975}}
{"target": -10.761200299605825, "params": {"C": 87.77293835159053, "epsilon": 27.468776429299957, "gamma": 0.04598574250942092, "lamda": 0.006449191156615163}, "datetime": {"datetime": "2021-10-05 12:40:54", "elapsed": 227.440116, "delta": 1.156379}}
{"target": -10.307465607091496, "params": {"C": 28.28509990634624, "epsilon": 10.526711773009756, "gamma": 0.02123758114108832, "lamda": 0.0025897800024049624}, "datetime": {"datetime": "2021-10-05 12:40:55", "elapsed": 228.768185, "delta": 1.328069}}
{"target": -10.950711518020203, "params": {"C": 86.36425118366965, "epsilon": 15.327663746592089, "gamma": 0.04990364686452972, "lamda": 0.03964047749241741}, "datetime": {"datetime": "2021-10-05 12:40:57", "elapsed": 230.34157, "delta": 1.573385}}
{"target": -11.116117842322975, "params": {"C": 45.94932010117464, "epsilon": 15.273445906871281, "gamma": 0.047582132801484156, "lamda": 0.00042559410788357876}, "datetime": {"datetime": "2021-10-05 12:40:58", "elapsed": 231.812909, "delta": 1.471339}}
{"target": -10.61113791698011, "params": {"C": 58.62329303770747, "epsilon": 17.871643602006742, "gamma": 0.018011305025581927, "lamda": 0.033166829716261746}, "datetime": {"datetime": "2021-10-05 12:41:00", "elapsed": 233.354326, "delta": 1.541417}}
{"target": -10.370765167171674, "params": {"C": 58.019239570622084, "epsilon": 19.117721393930356, "gamma": 0.017620572664053855, "lamda": 0.016841000137750573}, "datetime": {"datetime": "2021-10-05 12:41:01", "elapsed": 234.561181, "delta": 1.206855}}
{"target": -10.463824564883254, "params": {"C": 55.72311382575777, "epsilon": 12.380136487523107, "gamma": 0.028029729137696746, "lamda": 0.016034342056121798}, "datetime": {"datetime": "2021-10-05 12:41:03", "elapsed": 236.223939, "delta": 1.662758}}
{"target": -10.700918140328978, "params": {"C": 92.43730689185227, "epsilon": 12.534629373725057, "gamma": 0.02236843372000346, "lamda": 0.04095127913772828}, "datetime": {"datetime": "2021-10-05 12:41:04", "elapsed": 237.446093, "delta": 1.222154}}
{"target": -10.304577377795948, "params": {"C": 64.12010611769412, "epsilon": 26.47694252979649, "gamma": 0.02226010620238427, "lamda": 0.016013500504872553}, "datetime": {"datetime": "2021-10-05 12:41:05", "elapsed": 238.610866, "delta": 1.164773}}
{"target": -10.772108596496873, "params": {"C": 85.7077913072696, "epsilon": 29.486850838076393, "gamma": 0.011040582697530705, "lamda": 0.010375571806277526}, "datetime": {"datetime": "2021-10-05 12:41:06", "elapsed": 239.7925, "delta": 1.181634}}
{"target": -10.47758258254705, "params": {"C": 18.429112027947912, "epsilon": 13.213675040985667, "gamma": 0.030011212928012856, "lamda": 0.028392019844376178}, "datetime": {"datetime": "2021-10-05 12:41:07", "elapsed": 241.109345, "delta": 1.316845}}
{"target": -10.748257363748053, "params": {"C": 73.83407106488367, "epsilon": 12.518704083964508, "gamma": 0.04444954442853445, "lamda": 0.012102149058003867}, "datetime": {"datetime": "2021-10-05 12:41:09", "elapsed": 242.334798, "delta": 1.225453}}
{"target": -10.68461638470675, "params": {"C": 90.28934194937517, "epsilon": 20.657026076995912, "gamma": 0.010871243295079009, "lamda": 0.010878240473246209}, "datetime": {"datetime": "2021-10-05 12:41:10", "elapsed": 243.760607, "delta": 1.425809}}
{"target": -10.633394513011433, "params": {"C": 87.55774742111625, "epsilon": 25.71523025737445, "gamma": 0.01552036095695673, "lamda": 0.019993245230538546}, "datetime": {"datetime": "2021-10-05 12:41:12", "elapsed": 245.552812, "delta": 1.792205}}
{"target": -10.959762086682593, "params": {"C": 84.9091885366824, "epsilon": 10.560961996452411, "gamma": 0.04253648913121043, "lamda": 0.0026911531389982243}, "datetime": {"datetime": "2021-10-05 12:41:14", "elapsed": 247.311935, "delta": 1.759123}}
{"target": -10.790587969394675, "params": {"C": 82.97331350467394, "epsilon": 12.560653071029142, "gamma": 0.044140732184694706, "lamda": 0.008053909016026267}, "datetime": {"datetime": "2021-10-05 12:41:15", "elapsed": 248.546541, "delta": 1.234606}}
{"target": -10.199174795992437, "params": {"C": 31.270182085799227, "epsilon": 17.819866098850305, "gamma": 0.013936138734284464, "lamda": 0.005820896175100433}, "datetime": {"datetime": "2021-10-05 12:41:17", "elapsed": 250.317614, "delta": 1.771073}}
{"target": -10.633819109554551, "params": {"C": 47.33095303816237, "epsilon": 17.432302301485365, "gamma": 0.029435880873515494, "lamda": 0.03365908574741473}, "datetime": {"datetime": "2021-10-05 12:41:18", "elapsed": 251.52645, "delta": 1.208836}}
{"target": -10.47024827298482, "params": {"C": 37.34359131203813, "epsilon": 23.22182295617364, "gamma": 0.029906260098074212, "lamda": 0.025640604029959286}, "datetime": {"datetime": "2021-10-05 12:41:20", "elapsed": 253.587334, "delta": 2.060884}}
{"target": -10.73137032007626, "params": {"C": 70.60701448406388, "epsilon": 23.299345445651376, "gamma": 0.048819199427960376, "lamda": 0.009680955497725364}, "datetime": {"datetime": "2021-10-05 12:41:21", "elapsed": 254.833263, "delta": 1.245929}}
{"target": -10.671813956183906, "params": {"C": 68.21802927828335, "epsilon": 12.664528946460994, "gamma": 0.033727549570800756, "lamda": 0.029343163846251224}, "datetime": {"datetime": "2021-10-05 12:41:22", "elapsed": 256.110752, "delta": 1.277489}}
{"target": -10.205278386407253, "params": {"C": 38.2320231154362, "epsilon": 28.610446915589527, "gamma": 0.01992868324879964, "lamda": 0.011297973559858013}, "datetime": {"datetime": "2021-10-05 12:41:24", "elapsed": 257.334231, "delta": 1.223479}}
{"target": -10.445412316611971, "params": {"C": 38.3019954337597, "epsilon": 28.634376390860876, "gamma": 0.0156481186581773, "lamda": 0.013528557054318055}, "datetime": {"datetime": "2021-10-05 12:41:26", "elapsed": 259.367082, "delta": 2.032851}}
{"target": -10.615605694020347, "params": {"C": 22.32502875949709, "epsilon": 19.26084764581293, "gamma": 0.012328813657474819, "lamda": 0.020388146435675842}, "datetime": {"datetime": "2021-10-05 12:41:27", "elapsed": 260.659404, "delta": 1.292322}}
{"target": -10.248389688261158, "params": {"C": 51.78674967973401, "epsilon": 21.265190322806063, "gamma": 0.02826425723558447, "lamda": 0.0021742459271620524}, "datetime": {"datetime": "2021-10-05 12:41:29", "elapsed": 262.86881, "delta": 2.209406}}
{"target": -10.856787029791032, "params": {"C": 77.22536851416345, "epsilon": 10.604152985498613, "gamma": 0.03679553745989257, "lamda": 0.04288383953946225}, "datetime": {"datetime": "2021-10-05 12:41:31", "elapsed": 264.716295, "delta": 1.847485}}
{"target": -10.698315977457144, "params": {"C": 51.87107874607122, "epsilon": 21.281101787212663, "gamma": 0.03595701546101593, "lamda": 0.044767847551283525}, "datetime": {"datetime": "2021-10-05 12:41:33", "elapsed": 266.422902, "delta": 1.706607}}
{"target": -10.46345555887305, "params": {"C": 58.278286536713715, "epsilon": 26.319840511409815, "gamma": 0.04052606982031292, "lamda": 0.012723898677736486}, "datetime": {"datetime": "2021-10-05 12:41:34", "elapsed": 267.733619, "delta": 1.310717}}
{"target": -10.86763352656727, "params": {"C": 17.535335447935285, "epsilon": 22.338575538588294, "gamma": 0.022242061343819546, "lamda": 0.04950216058800882}, "datetime": {"datetime": "2021-10-05 12:41:35", "elapsed": 269.068511, "delta": 1.334892}}
{"target": -10.640944806585594, "params": {"C": 69.45788683808763, "epsilon": 19.326628678619592, "gamma": 0.035383609250788484, "lamda": 0.0010914869193820965}, "datetime": {"datetime": "2021-10-05 12:41:37", "elapsed": 271.111746, "delta": 2.043235}}
{"target": -10.228847279518408, "params": {"C": 31.23607581713404, "epsilon": 17.799127450355975, "gamma": 0.021243730484840812, "lamda": 0.013835700521222129}, "datetime": {"datetime": "2021-10-05 12:41:39", "elapsed": 273.069013, "delta": 1.957267}}
{"target": -10.514411636884583, "params": {"C": 24.26530478597117, "epsilon": 26.02392465444495, "gamma": 0.008696648594874047, "lamda": 0.0033281228985493445}, "datetime": {"datetime": "2021-10-05 12:41:41", "elapsed": 274.668884, "delta": 1.599871}}
{"target": -10.558115547875898, "params": {"C": 46.35709181926103, "epsilon": 29.76539271671301, "gamma": 0.02232929262663061, "lamda": 0.025075450758217748}, "datetime": {"datetime": "2021-10-05 12:41:42", "elapsed": 276.03257, "delta": 1.363686}}
{"target": -11.253373865826868, "params": {"C": 83.14803302186512, "epsilon": 23.820399040278705, "gamma": 0.014046092796217442, "lamda": 0.047946739566716315}, "datetime": {"datetime": "2021-10-05 12:41:44", "elapsed": 277.445064, "delta": 1.412494}}
{"target": -10.483857217966726, "params": {"C": 71.90256635268045, "epsilon": 25.16783467791693, "gamma": 0.03533633922237053, "lamda": 0.024472065609504455}, "datetime": {"datetime": "2021-10-05 12:41:45", "elapsed": 278.89168, "delta": 1.446616}}
{"target": -10.767635611143525, "params": {"C": 43.45974211572063, "epsilon": 17.606027841718685, "gamma": 0.044897220596949616, "lamda": 0.024332830972892974}, "datetime": {"datetime": "2021-10-05 12:41:47", "elapsed": 280.370274, "delta": 1.478594}}
{"target": -11.308987442134507, "params": {"C": 27.741660482905193, "epsilon": 16.058049115530835, "gamma": 0.010211215079247455, "lamda": 0.038295048835216755}, "datetime": {"datetime": "2021-10-05 12:41:49", "elapsed": 282.279269, "delta": 1.908995}}
{"target": -10.601513775487241, "params": {"C": 12.233647905928986, "epsilon": 27.374129634700516, "gamma": 0.049596953612997485, "lamda": 0.005311691542949318}, "datetime": {"datetime": "2021-10-05 12:41:50", "elapsed": 283.773963, "delta": 1.494694}}
{"target": -11.023386060455138, "params": {"C": 31.244016564170092, "epsilon": 17.904315295905775, "gamma": 0.016180988831175393, "lamda": 0.04803885319025655}, "datetime": {"datetime": "2021-10-05 12:41:52", "elapsed": 285.431907, "delta": 1.657944}}
{"target": -10.563976982611377, "params": {"C": 96.0435278166337, "epsilon": 16.837366040523843, "gamma": 0.02696654033077973, "lamda": 0.029749262540298367}, "datetime": {"datetime": "2021-10-05 12:41:53", "elapsed": 286.731842, "delta": 1.299935}}
{"target": -10.462364508632882, "params": {"C": 31.260369043785516, "epsilon": 17.794347530813656, "gamma": 0.04020479617631219, "lamda": 0.0039017393398286227}, "datetime": {"datetime": "2021-10-05 12:41:55", "elapsed": 288.450629, "delta": 1.718787}}
{"target": -10.339034491175834, "params": {"C": 18.243566540361392, "epsilon": 18.83237986507836, "gamma": 0.034835546738369236, "lamda": 0.0200729364058734}, "datetime": {"datetime": "2021-10-05 12:41:56", "elapsed": 289.810088, "delta": 1.359459}}
{"target": -10.604367674807007, "params": {"C": 31.475269879688643, "epsilon": 12.406704185015027, "gamma": 0.045695977245809774, "lamda": 0.005880369451776468}, "datetime": {"datetime": "2021-10-05 12:41:58", "elapsed": 291.203294, "delta": 1.393206}}
{"target": -10.147616972678339, "params": {"C": 37.42280831139391, "epsilon": 23.195933894033182, "gamma": 0.015440495547984694, "lamda": 0.006521523722590258}, "datetime": {"datetime": "2021-10-05 12:41:59", "elapsed": 292.870137, "delta": 1.666843}}
{"target": -10.458508885323207, "params": {"C": 44.16605915066994, "epsilon": 19.92004600714238, "gamma": 0.03868975020288925, "lamda": 0.006639682370443705}, "datetime": {"datetime": "2021-10-05 12:42:01", "elapsed": 295.042785, "delta": 2.172648}}
{"target": -10.426859168736124, "params": {"C": 9.707196143131368, "epsilon": 23.93687143923463, "gamma": 0.04065198758881361, "lamda": 0.030397675887671834}, "datetime": {"datetime": "2021-10-05 12:42:03", "elapsed": 297.070256, "delta": 2.027471}}
{"target": -10.662214176293897, "params": {"C": 78.12838157620773, "epsilon": 19.13525634599889, "gamma": 0.03491247055705775, "lamda": 0.03853323719071696}, "datetime": {"datetime": "2021-10-05 12:42:05", "elapsed": 298.446841, "delta": 1.376585}}
{"target": -10.732187336459656, "params": {"C": 45.180378121502685, "epsilon": 19.509074977365948, "gamma": 0.022392253221457853, "lamda": 0.04304353201581458}, "datetime": {"datetime": "2021-10-05 12:42:06", "elapsed": 300.051574, "delta": 1.604733}}
{"target": -10.352094628560616, "params": {"C": 8.356681960178332, "epsilon": 21.100962777145728, "gamma": 0.0295532196988526, "lamda": 0.030246535402829865}, "datetime": {"datetime": "2021-10-05 12:42:08", "elapsed": 301.483613, "delta": 1.432039}}
{"target": -10.588279843703127, "params": {"C": 69.33425422617363, "epsilon": 24.62956742799744, "gamma": 0.031408727604241446, "lamda": 0.033636062593487163}, "datetime": {"datetime": "2021-10-05 12:42:09", "elapsed": 302.996923, "delta": 1.51331}}
{"target": -10.622321557798582, "params": {"C": 41.687701499450384, "epsilon": 10.565354296799399, "gamma": 0.039070548793432955, "lamda": 0.020916724132284563}, "datetime": {"datetime": "2021-10-05 12:42:11", "elapsed": 304.374602, "delta": 1.377679}}
{"target": -10.748706970924768, "params": {"C": 56.8458345045654, "epsilon": 28.034151709630827, "gamma": 0.04897483677616656, "lamda": 0.03841284762814309}, "datetime": {"datetime": "2021-10-05 12:42:12", "elapsed": 305.836791, "delta": 1.462189}}
{"target": -10.48047967012268, "params": {"C": 38.317878572623385, "epsilon": 28.82759242245176, "gamma": 0.038272416534807105, "lamda": 0.02116483039686562}, "datetime": {"datetime": "2021-10-05 12:42:14", "elapsed": 307.865321, "delta": 2.02853}}
{"target": -10.450270022110235, "params": {"C": 8.363365813627784, "epsilon": 21.112845949445777, "gamma": 0.03385583164075105, "lamda": 0.035371097224501755}, "datetime": {"datetime": "2021-10-05 12:42:16", "elapsed": 309.300903, "delta": 1.435582}}
{"target": -10.60820177763306, "params": {"C": 68.02513763229848, "epsilon": 19.166301563356242, "gamma": 0.026691471697304833, "lamda": 0.036666514368446375}, "datetime": {"datetime": "2021-10-05 12:42:17", "elapsed": 311.056491, "delta": 1.755588}}
{"target": -10.297666582512944, "params": {"C": 86.29705253119376, "epsilon": 12.723816402536865, "gamma": 0.02312457953796672, "lamda": 0.007773027383941126}, "datetime": {"datetime": "2021-10-05 12:42:19", "elapsed": 312.536034, "delta": 1.479543}}
{"target": -10.403844013443848, "params": {"C": 28.907575147933482, "epsilon": 14.356679701656137, "gamma": 0.01898759246441667, "lamda": 0.024647889722142526}, "datetime": {"datetime": "2021-10-05 12:42:21", "elapsed": 314.471752, "delta": 1.935718}}
{"target": -10.724012436311089, "params": {"C": 53.84237453618202, "epsilon": 24.054001344604533, "gamma": 0.01816404925601396, "lamda": 0.0356458234193752}, "datetime": {"datetime": "2021-10-05 12:42:22", "elapsed": 315.944686, "delta": 1.472934}}
{"target": -10.405347303610553, "params": {"C": 87.6106490833431, "epsilon": 26.759984482834263, "gamma": 0.03652289368009544, "lamda": 0.014251675118594355}, "datetime": {"datetime": "2021-10-05 12:42:24", "elapsed": 317.423823, "delta": 1.479137}}
{"target": -10.595876281731135, "params": {"C": 88.96239937556373, "epsilon": 20.344225758860482, "gamma": 0.04170407268252737, "lamda": 0.021780059878034025}, "datetime": {"datetime": "2021-10-05 12:42:25", "elapsed": 318.843677, "delta": 1.419854}}
{"target": -10.444419291912189, "params": {"C": 90.17851594495912, "epsilon": 28.849532906117037, "gamma": 0.025597020177392793, "lamda": 0.0006447322049641574}, "datetime": {"datetime": "2021-10-05 12:42:27", "elapsed": 320.417146, "delta": 1.573469}}
{"target": -11.286247154402599, "params": {"C": 31.20924241009615, "epsilon": 13.218295489959296, "gamma": 0.011851327319607164, "lamda": 0.04368635632284715}, "datetime": {"datetime": "2021-10-05 12:42:28", "elapsed": 321.971639, "delta": 1.554493}}
{"target": -10.33714935323322, "params": {"C": 8.779353553548827, "epsilon": 28.898191172455405, "gamma": 0.02544321032314937, "lamda": 0.00998937372805027}, "datetime": {"datetime": "2021-10-05 12:42:30", "elapsed": 323.569492, "delta": 1.597853}}
{"target": -10.810393620759266, "params": {"C": 94.93239707170305, "epsilon": 16.47989607813852, "gamma": 0.0447406594136002, "lamda": 0.03940934620108109}, "datetime": {"datetime": "2021-10-05 12:42:32", "elapsed": 325.927112, "delta": 2.35762}}
{"target": -10.553545837751166, "params": {"C": 62.71331793968812, "epsilon": 23.76236724943677, "gamma": 0.0399546686196636, "lamda": 0.022387607328506167}, "datetime": {"datetime": "2021-10-05 12:42:34", "elapsed": 327.39821, "delta": 1.471098}}
{"target": -10.600676779745308, "params": {"C": 20.578573268777742, "epsilon": 11.880633860422162, "gamma": 0.04654789581786267, "lamda": 0.0174136609256595}, "datetime": {"datetime": "2021-10-05 12:42:35", "elapsed": 328.883586, "delta": 1.485376}}
{"target": -10.867015340899595, "params": {"C": 29.625330431190996, "epsilon": 14.619765269157003, "gamma": 0.009727305587071437, "lamda": 0.021332779129473976}, "datetime": {"datetime": "2021-10-05 12:42:37", "elapsed": 330.868475, "delta": 1.984889}}
