{"target": -10.37257401689929, "params": {"C": 69.75155274716106, "epsilon": 28.179008149142316, "gamma": 0.033043919693233885, "lamda": 0.01325071273878769}, "datetime": {"datetime": "2021-10-06 14:12:13", "elapsed": 245.755737, "delta": 1.563167}}
{"target": -10.682782404198072, "params": {"C": 90.63211648937944, "epsilon": 35.403514346943666, "gamma": 0.03860545057546631, "lamda": 0.003066574860682291}, "datetime": {"datetime": "2021-10-06 14:12:15", "elapsed": 246.962511, "delta": 1.206774}}
{"target": -10.391131298011178, "params": {"C": 56.24964765466346, "epsilon": 32.81591921640975, "gamma": 0.03158250735921751, "lamda": 0.01672088917961543}, "datetime": {"datetime": "2021-10-06 14:12:16", "elapsed": 248.593969, "delta": 1.631458}}
{"target": -10.30470798521016, "params": {"C": 41.69646528211254, "epsilon": 32.759553544028904, "gamma": 0.03072163498895028, "lamda": 0.010900817063087497}, "datetime": {"datetime": "2021-10-06 14:12:18", "elapsed": 250.079001, "delta": 1.485032}}
{"target": -10.47646430838288, "params": {"C": 40.55607195615603, "epsilon": 31.18936186937654, "gamma": 0.020172900959871103, "lamda": 0.01980206384824447}, "datetime": {"datetime": "2021-10-06 14:12:19", "elapsed": 251.277849, "delta": 1.198848}}
{"target": -10.320059128763043, "params": {"C": 81.86337476371568, "epsilon": 39.384556156550076, "gamma": 0.019512605596274997, "lamda": 0.007819020081222637}, "datetime": {"datetime": "2021-10-06 14:12:21", "elapsed": 253.144507, "delta": 1.866658}}
{"target": -10.108700315495057, "params": {"C": 66.29641875136836, "epsilon": 32.30625301171662, "gamma": 0.017854394716438994, "lamda": 0.004496128824541495}, "datetime": {"datetime": "2021-10-06 14:12:23", "elapsed": 254.810102, "delta": 1.665595}}
{"target": -10.307285733885841, "params": {"C": 51.092354183316225, "epsilon": 24.911979755039447, "gamma": 0.013084726858681145, "lamda": 0.006955674973378291}, "datetime": {"datetime": "2021-10-06 14:12:24", "elapsed": 256.065275, "delta": 1.255173}}
{"target": -10.342149453101586, "params": {"C": 64.82702468990402, "epsilon": 39.73020162421996, "gamma": 0.020235209019021864, "lamda": 0.010090239458086576}, "datetime": {"datetime": "2021-10-06 14:12:25", "elapsed": 257.265789, "delta": 1.200514}}
{"target": -10.870964981691863, "params": {"C": 95.80886991314956, "epsilon": 32.89345889632051, "gamma": 0.014318637711583888, "lamda": 0.01918364344218841}, "datetime": {"datetime": "2021-10-06 14:12:26", "elapsed": 258.524149, "delta": 1.25836}}
{"target": -10.337309919993157, "params": {"C": 86.33900324436249, "epsilon": 34.44300987960447, "gamma": 0.029525956587407524, "lamda": 0.00985033933871864}, "datetime": {"datetime": "2021-10-06 14:12:28", "elapsed": 259.771588, "delta": 1.247439}}
{"target": -10.418091229483842, "params": {"C": 62.38715125534369, "epsilon": 25.74693201797649, "gamma": 0.03635515756924972, "lamda": 0.009794980989222508}, "datetime": {"datetime": "2021-10-06 14:12:29", "elapsed": 261.071061, "delta": 1.299473}}
{"target": -10.354832309547223, "params": {"C": 89.83590475442743, "epsilon": 29.603992133456984, "gamma": 0.029117015168361612, "lamda": 0.007706627903413472}, "datetime": {"datetime": "2021-10-06 14:12:31", "elapsed": 262.779987, "delta": 1.708926}}
{"target": -10.596723996717056, "params": {"C": 36.091492973413885, "epsilon": 36.98024907990559, "gamma": 0.03971210972356963, "lamda": 0.0022323592881605724}, "datetime": {"datetime": "2021-10-06 14:12:32", "elapsed": 264.085797, "delta": 1.30581}}
{"target": -10.562607804779452, "params": {"C": 95.80012766500732, "epsilon": 35.44787736475563, "gamma": 0.02025037584541982, "lamda": 0.019190890271366296}, "datetime": {"datetime": "2021-10-06 14:12:33", "elapsed": 265.376055, "delta": 1.290258}}
{"target": -10.314412547631852, "params": {"C": 106.66823395084944, "epsilon": 24.862970946602417, "gamma": 0.023547528807699808, "lamda": 0.01194850197385357}, "datetime": {"datetime": "2021-10-06 14:12:34", "elapsed": 266.668014, "delta": 1.291959}}
{"target": -10.486473045541974, "params": {"C": 68.2031543725071, "epsilon": 39.63240105263889, "gamma": 0.033301035534255966, "lamda": 0.01362844693331487}, "datetime": {"datetime": "2021-10-06 14:12:36", "elapsed": 268.0214, "delta": 1.353386}}
{"target": -10.235597506620886, "params": {"C": 41.15247708662012, "epsilon": 27.15723684484011, "gamma": 0.029168247670263735, "lamda": 0.00810128796860027}, "datetime": {"datetime": "2021-10-06 14:12:37", "elapsed": 269.340404, "delta": 1.319004}}
{"target": -10.351881274192506, "params": {"C": 103.96312772985179, "epsilon": 20.90167716907857, "gamma": 0.021082691442473454, "lamda": 0.010325519707000528}, "datetime": {"datetime": "2021-10-06 14:12:38", "elapsed": 270.597454, "delta": 1.25705}}
{"target": -10.600337241957444, "params": {"C": 44.73509572821703, "epsilon": 38.77256632123931, "gamma": 0.01741263378385395, "lamda": 0.012689071429794252}, "datetime": {"datetime": "2021-10-06 14:12:40", "elapsed": 272.414342, "delta": 1.816888}}
{"target": -10.285262417920835, "params": {"C": 101.3751269463346, "epsilon": 35.63126686727685, "gamma": 0.019630243557088818, "lamda": 0.007671551623281494}, "datetime": {"datetime": "2021-10-06 14:12:42", "elapsed": 274.232026, "delta": 1.817684}}
{"target": -10.40012483544183, "params": {"C": 79.4250827497085, "epsilon": 38.126805176802264, "gamma": 0.028545421252023015, "lamda": 0.013728470606631413}, "datetime": {"datetime": "2021-10-06 14:12:44", "elapsed": 275.832207, "delta": 1.600181}}
{"target": -10.344971528971044, "params": {"C": 91.58179501154336, "epsilon": 27.505544797898725, "gamma": 0.029223193255041247, "lamda": 0.015440925630044093}, "datetime": {"datetime": "2021-10-06 14:12:45", "elapsed": 277.129299, "delta": 1.297092}}
{"target": -10.79042267501494, "params": {"C": 77.0621827754979, "epsilon": 37.167867428666376, "gamma": 0.014637839250274832, "lamda": 0.013901397651848847}, "datetime": {"datetime": "2021-10-06 14:12:46", "elapsed": 278.73926, "delta": 1.609961}}
{"target": -10.224123555808676, "params": {"C": 32.82667954541333, "epsilon": 29.766107193717588, "gamma": 0.025395156927751857, "lamda": 0.012146212871004647}, "datetime": {"datetime": "2021-10-06 14:12:48", "elapsed": 280.002169, "delta": 1.262909}}
{"target": -10.325715266868894, "params": {"C": 84.17621408519884, "epsilon": 33.82400254219706, "gamma": 0.026720519717315316, "lamda": 0.013493856211868391}, "datetime": {"datetime": "2021-10-06 14:12:49", "elapsed": 281.411044, "delta": 1.408875}}
{"target": -10.389954264435666, "params": {"C": 60.89490652585296, "epsilon": 17.65015744131931, "gamma": 0.032193249138166395, "lamda": 0.008436769835727598}, "datetime": {"datetime": "2021-10-06 14:12:50", "elapsed": 282.702514, "delta": 1.29147}}
{"target": -10.468494598950508, "params": {"C": 73.6596501091077, "epsilon": 37.73927446607546, "gamma": 0.039267740554404684, "lamda": 0.015393059900346052}, "datetime": {"datetime": "2021-10-06 14:12:52", "elapsed": 284.011981, "delta": 1.309467}}
{"target": -10.388764757114643, "params": {"C": 58.222334185179946, "epsilon": 35.92842525251745, "gamma": 0.02785211169449666, "lamda": 0.015121159187442177}, "datetime": {"datetime": "2021-10-06 14:12:53", "elapsed": 285.751343, "delta": 1.739362}}
{"target": -10.531233924164189, "params": {"C": 85.25032629880783, "epsilon": 25.942019063310948, "gamma": 0.01391511039190374, "lamda": 0.0106841280681271}, "datetime": {"datetime": "2021-10-06 14:12:55", "elapsed": 287.312537, "delta": 1.561194}}
{"target": -10.609543820959784, "params": {"C": 48.200226510714195, "epsilon": 39.6857790018621, "gamma": 0.023132417796763706, "lamda": 0.019447160923067332}, "datetime": {"datetime": "2021-10-06 14:12:57", "elapsed": 289.113304, "delta": 1.800767}}
{"target": -10.177856481738294, "params": {"C": 98.46067581574212, "epsilon": 20.132388862917395, "gamma": 0.020803271098547654, "lamda": 0.0032109626948199663}, "datetime": {"datetime": "2021-10-06 14:12:58", "elapsed": 290.456185, "delta": 1.342881}}
{"target": -10.553023342800715, "params": {"C": 100.07545181460758, "epsilon": 34.85399402829144, "gamma": 0.018133520251989027, "lamda": 0.01507972614148767}, "datetime": {"datetime": "2021-10-06 14:13:00", "elapsed": 292.283161, "delta": 1.826976}}
{"target": -10.537891416770274, "params": {"C": 71.13042066204801, "epsilon": 33.16210154629521, "gamma": 0.017260035182867117, "lamda": 0.01429291774505279}, "datetime": {"datetime": "2021-10-06 14:13:01", "elapsed": 293.652597, "delta": 1.369436}}
{"target": -10.446526655450137, "params": {"C": 99.56686238597315, "epsilon": 36.273982155259404, "gamma": 0.030373495485782456, "lamda": 0.005786810589320647}, "datetime": {"datetime": "2021-10-06 14:13:03", "elapsed": 294.972778, "delta": 1.320181}}
{"target": -10.431883852138627, "params": {"C": 100.70517842152736, "epsilon": 28.895859622689557, "gamma": 0.03407433763037669, "lamda": 0.008780023806929192}, "datetime": {"datetime": "2021-10-06 14:13:04", "elapsed": 296.313794, "delta": 1.341016}}
{"target": -10.537087627566178, "params": {"C": 101.72927658522873, "epsilon": 38.67696284203459, "gamma": 0.022569300126709137, "lamda": 0.00037682123811827944}, "datetime": {"datetime": "2021-10-06 14:13:05", "elapsed": 297.716471, "delta": 1.402677}}
{"target": -10.666279504968509, "params": {"C": 52.07094097692307, "epsilon": 20.70103981345319, "gamma": 0.012750948085433688, "lamda": 0.017489756128360914}, "datetime": {"datetime": "2021-10-06 14:13:07", "elapsed": 299.151096, "delta": 1.434625}}
{"target": -10.279299723862106, "params": {"C": 33.182613518777956, "epsilon": 38.73291984832372, "gamma": 0.02245943594510669, "lamda": 0.00409216063886336}, "datetime": {"datetime": "2021-10-06 14:13:08", "elapsed": 300.587546, "delta": 1.43645}}
{"target": -10.532350157871576, "params": {"C": 104.27786449879537, "epsilon": 34.48867503295454, "gamma": 0.034086917577912816, "lamda": 0.01987191229830585}, "datetime": {"datetime": "2021-10-06 14:13:10", "elapsed": 302.015996, "delta": 1.42845}}
{"target": -11.035265069756106, "params": {"C": 48.98197727005564, "epsilon": 36.61046248950764, "gamma": 0.010009746471818484, "lamda": 0.009898795334963678}, "datetime": {"datetime": "2021-10-06 14:13:11", "elapsed": 303.440333, "delta": 1.424337}}
{"target": -10.420254088328141, "params": {"C": 43.11879854212862, "epsilon": 19.162728939485483, "gamma": 0.037534211298473334, "lamda": 0.007043985669238115}, "datetime": {"datetime": "2021-10-06 14:13:12", "elapsed": 304.762589, "delta": 1.322256}}
{"target": -10.858359970772295, "params": {"C": 85.25333699625575, "epsilon": 39.06087194684639, "gamma": 0.01654402660069515, "lamda": 0.016754319746732357}, "datetime": {"datetime": "2021-10-06 14:13:14", "elapsed": 306.511316, "delta": 1.748727}}
{"target": -10.386790112573593, "params": {"C": 64.15253027565075, "epsilon": 29.718312188599896, "gamma": 0.02584961947743289, "lamda": 0.018863574355189185}, "datetime": {"datetime": "2021-10-06 14:13:16", "elapsed": 307.893091, "delta": 1.381775}}
{"target": -10.502281008108131, "params": {"C": 93.68265597685247, "epsilon": 20.258565304122413, "gamma": 0.03435898883916326, "lamda": 0.016071576559806528}, "datetime": {"datetime": "2021-10-06 14:13:17", "elapsed": 309.215339, "delta": 1.322248}}
{"target": -10.368509158990461, "params": {"C": 92.82341197722592, "epsilon": 22.49704574580448, "gamma": 0.03103423428351689, "lamda": 0.0035750649981418294}, "datetime": {"datetime": "2021-10-06 14:13:18", "elapsed": 310.630392, "delta": 1.415053}}
{"target": -10.34068337787188, "params": {"C": 99.88565678607961, "epsilon": 25.964851285183677, "gamma": 0.02079231002787009, "lamda": 0.017251119115218313}, "datetime": {"datetime": "2021-10-06 14:13:20", "elapsed": 312.006687, "delta": 1.376295}}
{"target": -10.199520503223356, "params": {"C": 77.69818970962227, "epsilon": 36.685566018226616, "gamma": 0.021666996963398695, "lamda": 0.0023886450298435794}, "datetime": {"datetime": "2021-10-06 14:13:21", "elapsed": 313.43724, "delta": 1.430553}}
{"target": -10.274393169134244, "params": {"C": 36.69821117151336, "epsilon": 35.384237805874164, "gamma": 0.02833299358078655, "lamda": 0.010909944630116325}, "datetime": {"datetime": "2021-10-06 14:13:23", "elapsed": 315.306355, "delta": 1.869115}}
{"target": -10.12529010698413, "params": {"C": 68.63395625491276, "epsilon": 31.243680031165873, "gamma": 0.019887418209278605, "lamda": 0.0029070417431609446}, "datetime": {"datetime": "2021-10-06 14:13:24", "elapsed": 316.720392, "delta": 1.414037}}
{"target": -10.644090168770196, "params": {"C": 101.99395216538534, "epsilon": 32.312333363396874, "gamma": 0.017165488908810134, "lamda": 0.018414478467800425}, "datetime": {"datetime": "2021-10-06 14:13:26", "elapsed": 318.104979, "delta": 1.384587}}
{"target": -10.344102133673095, "params": {"C": 33.114894867194195, "epsilon": 23.643507635943926, "gamma": 0.013066139932088251, "lamda": 0.01011051680875808}, "datetime": {"datetime": "2021-10-06 14:13:28", "elapsed": 320.41144, "delta": 2.306461}}
{"target": -10.387962431614444, "params": {"C": 46.965976509578866, "epsilon": 28.92110082459867, "gamma": 0.03574142901726506, "lamda": 0.004703140494928979}, "datetime": {"datetime": "2021-10-06 14:13:31", "elapsed": 322.813012, "delta": 2.401572}}
{"target": -10.56441426737121, "params": {"C": 67.40813661475886, "epsilon": 30.14089869635478, "gamma": 0.03466245788394447, "lamda": 0.00202976177300261}, "datetime": {"datetime": "2021-10-06 14:13:32", "elapsed": 324.269132, "delta": 1.45612}}
{"target": -10.339599630860018, "params": {"C": 52.39004614713544, "epsilon": 39.58500974111025, "gamma": 0.029624417930579246, "lamda": 0.011369163306431283}, "datetime": {"datetime": "2021-10-06 14:13:33", "elapsed": 325.712981, "delta": 1.443849}}
{"target": -10.186797596620194, "params": {"C": 68.3121734769315, "epsilon": 30.138191879942777, "gamma": 0.022242437962311137, "lamda": 0.005967873694169004}, "datetime": {"datetime": "2021-10-06 14:13:35", "elapsed": 327.142706, "delta": 1.429725}}
{"target": -10.512555135850592, "params": {"C": 74.72897918748654, "epsilon": 17.27071621078619, "gamma": 0.034663123596982, "lamda": 0.016191036099884128}, "datetime": {"datetime": "2021-10-06 14:13:37", "elapsed": 329.422872, "delta": 2.280166}}
{"target": -10.300402576725128, "params": {"C": 55.951201294420024, "epsilon": 26.676793070798418, "gamma": 0.028458754419023652, "lamda": 0.004121852236330216}, "datetime": {"datetime": "2021-10-06 14:13:39", "elapsed": 331.433862, "delta": 2.01099}}
{"target": -10.405090363730038, "params": {"C": 50.87348155430162, "epsilon": 35.19259990880745, "gamma": 0.024310058195890702, "lamda": 0.016375859094274706}, "datetime": {"datetime": "2021-10-06 14:13:41", "elapsed": 332.955855, "delta": 1.521993}}
{"target": -10.266630114756921, "params": {"C": 101.95943588505445, "epsilon": 25.826142209109314, "gamma": 0.02282959420497497, "lamda": 0.006176280257153566}, "datetime": {"datetime": "2021-10-06 14:13:42", "elapsed": 334.435065, "delta": 1.47921}}
{"target": -10.410420151599727, "params": {"C": 37.46602790744216, "epsilon": 34.21343334638293, "gamma": 0.02083369481584934, "lamda": 0.016798743711857838}, "datetime": {"datetime": "2021-10-06 14:13:44", "elapsed": 335.935665, "delta": 1.5006}}
{"target": -10.313981947869385, "params": {"C": 53.609236557451105, "epsilon": 34.686430030916995, "gamma": 0.01236882926449388, "lamda": 0.003979298146070027}, "datetime": {"datetime": "2021-10-06 14:13:45", "elapsed": 337.369637, "delta": 1.433972}}
{"target": -10.518076850511479, "params": {"C": 52.854352009077054, "epsilon": 38.42432773151036, "gamma": 0.034295131796019486, "lamda": 0.015135310619114958}, "datetime": {"datetime": "2021-10-06 14:13:47", "elapsed": 338.869633, "delta": 1.499996}}
{"target": -10.296248032864087, "params": {"C": 31.411494776728333, "epsilon": 28.889982956075983, "gamma": 0.02174679857776876, "lamda": 0.016667082135889924}, "datetime": {"datetime": "2021-10-06 14:13:48", "elapsed": 340.343532, "delta": 1.473899}}
{"target": -10.129682488649843, "params": {"C": 32.55931336598928, "epsilon": 25.098134007673018, "gamma": 0.018018356466348872, "lamda": 0.003989969129275447}, "datetime": {"datetime": "2021-10-06 14:13:50", "elapsed": 342.252649, "delta": 1.909117}}
{"target": -10.579027368824594, "params": {"C": 59.26931671928806, "epsilon": 25.48447399474384, "gamma": 0.01523487727135332, "lamda": 0.016253257263694594}, "datetime": {"datetime": "2021-10-06 14:13:52", "elapsed": 343.801659, "delta": 1.54901}}
{"target": -10.42941303608647, "params": {"C": 90.86612722288747, "epsilon": 32.38049499367997, "gamma": 0.03688421701032654, "lamda": 0.016782146469118252}, "datetime": {"datetime": "2021-10-06 14:13:53", "elapsed": 345.757438, "delta": 1.955779}}
{"target": -10.44209566456272, "params": {"C": 51.273985547497176, "epsilon": 35.787838184820416, "gamma": 0.03538705101941046, "lamda": 0.01460991770173309}, "datetime": {"datetime": "2021-10-06 14:13:56", "elapsed": 348.095743, "delta": 2.338305}}
{"target": -10.529029176419103, "params": {"C": 37.02169401838081, "epsilon": 24.767500942972006, "gamma": 0.012294505245072574, "lamda": 0.012245275650690156}, "datetime": {"datetime": "2021-10-06 14:13:57", "elapsed": 349.593507, "delta": 1.497764}}
{"target": -10.561750354873256, "params": {"C": 64.49106672279171, "epsilon": 38.28680585271867, "gamma": 0.02880974758360559, "lamda": 0.0022149591400233287}, "datetime": {"datetime": "2021-10-06 14:13:59", "elapsed": 351.109169, "delta": 1.515662}}
{"target": -10.43080428578865, "params": {"C": 54.80593139683969, "epsilon": 37.44547838609287, "gamma": 0.03431726174138618, "lamda": 0.01398126294683653}, "datetime": {"datetime": "2021-10-06 14:14:01", "elapsed": 353.093367, "delta": 1.984198}}
{"target": -10.200165329739958, "params": {"C": 54.786712523237604, "epsilon": 35.953511256167374, "gamma": 0.019933577001326662, "lamda": 0.00762126021849768}, "datetime": {"datetime": "2021-10-06 14:14:02", "elapsed": 354.66155, "delta": 1.568183}}
{"target": -10.330063248874133, "params": {"C": 84.34477616941906, "epsilon": 18.29267366380362, "gamma": 0.021600930965584818, "lamda": 0.010407424087536641}, "datetime": {"datetime": "2021-10-06 14:14:04", "elapsed": 356.203568, "delta": 1.542018}}
{"target": -10.25054484813654, "params": {"C": 65.17459021188864, "epsilon": 23.955892073168798, "gamma": 0.015154279513890045, "lamda": 0.006745915940987454}, "datetime": {"datetime": "2021-10-06 14:14:05", "elapsed": 357.644574, "delta": 1.441006}}
{"target": -10.43350077162261, "params": {"C": 86.74407897179968, "epsilon": 30.161588796615035, "gamma": 0.013547961957151548, "lamda": 0.007143148166862466}, "datetime": {"datetime": "2021-10-06 14:14:07", "elapsed": 359.24658, "delta": 1.602006}}
{"target": -10.331984426612168, "params": {"C": 74.96610311649545, "epsilon": 36.62040690302581, "gamma": 0.020968469437986935, "lamda": 0.0012272318530045594}, "datetime": {"datetime": "2021-10-06 14:14:09", "elapsed": 361.61964, "delta": 2.37306}}
{"target": -10.176027706233178, "params": {"C": 30.65567657232944, "epsilon": 31.68903028692015, "gamma": 0.021422561535033413, "lamda": 0.009677403539099742}, "datetime": {"datetime": "2021-10-06 14:14:11", "elapsed": 363.735478, "delta": 2.115838}}
{"target": -10.696470569409549, "params": {"C": 107.51958445295661, "epsilon": 39.29775068641038, "gamma": 0.013488026951869545, "lamda": 0.0070054070050416355}, "datetime": {"datetime": "2021-10-06 14:14:13", "elapsed": 365.637645, "delta": 1.902167}}
{"target": -10.474532632663728, "params": {"C": 99.53869760618515, "epsilon": 26.209944094584557, "gamma": 0.015263498676432681, "lamda": 0.01133495129715343}, "datetime": {"datetime": "2021-10-06 14:14:15", "elapsed": 367.164879, "delta": 1.527234}}
{"target": -10.120880316240784, "params": {"C": 36.85695318475679, "epsilon": 21.63943927816123, "gamma": 0.01721020702060161, "lamda": 0.00525839787308738}, "datetime": {"datetime": "2021-10-06 14:14:17", "elapsed": 369.206906, "delta": 2.042027}}
{"target": -10.246102239243825, "params": {"C": 59.143255627549124, "epsilon": 19.52187876280137, "gamma": 0.018336771201380934, "lamda": 0.012152908402072712}, "datetime": {"datetime": "2021-10-06 14:14:19", "elapsed": 370.859823, "delta": 1.652917}}
{"target": -10.524885076656098, "params": {"C": 34.403977121299306, "epsilon": 38.62325921550939, "gamma": 0.013197417916056978, "lamda": 0.007367890392505879}, "datetime": {"datetime": "2021-10-06 14:14:21", "elapsed": 373.012756, "delta": 2.152933}}
{"target": -10.536744976471454, "params": {"C": 106.58619031576764, "epsilon": 30.79994187667646, "gamma": 0.01746253839352874, "lamda": 0.01678070044362943}, "datetime": {"datetime": "2021-10-06 14:14:23", "elapsed": 375.55851, "delta": 2.545754}}
{"target": -10.231969173143767, "params": {"C": 45.65673247419046, "epsilon": 31.698475655265383, "gamma": 0.025319466873846307, "lamda": 0.009317318250593624}, "datetime": {"datetime": "2021-10-06 14:14:25", "elapsed": 377.044652, "delta": 1.486142}}
{"target": -10.266112597564907, "params": {"C": 72.61687667905858, "epsilon": 37.981389970486994, "gamma": 0.025637552721881333, "lamda": 0.005301014032194197}, "datetime": {"datetime": "2021-10-06 14:14:27", "elapsed": 379.148464, "delta": 2.103812}}
{"target": -10.55163766378849, "params": {"C": 104.79707373881904, "epsilon": 28.439471053792044, "gamma": 0.011711148851696574, "lamda": 0.006445739026328366}, "datetime": {"datetime": "2021-10-06 14:14:28", "elapsed": 380.703789, "delta": 1.555325}}
{"target": -10.292650745464472, "params": {"C": 73.42370433132328, "epsilon": 29.641254324538068, "gamma": 0.024142213668959557, "lamda": 0.015013445847911805}, "datetime": {"datetime": "2021-10-06 14:14:30", "elapsed": 382.241888, "delta": 1.538099}}
