{"target": -12.530558555979674, "params": {"C": 17.149777141582582, "epsilon": 22.60866143388135, "gamma": 0.0569329803240356, "lamda": 0.10364783193125546}, "datetime": {"datetime": "2021-10-05 11:56:15", "elapsed": 331.905562, "delta": 2.131057}}
{"target": -18.247185525135883, "params": {"C": 75.14508188303417, "epsilon": 22.963387922897276, "gamma": 0.06969380177490035, "lamda": 0.2704480427917625}, "datetime": {"datetime": "2021-10-05 11:56:18", "elapsed": 334.28161, "delta": 2.376048}}
{"target": -10.579746514928079, "params": {"C": 65.72101058321526, "epsilon": 17.990400158344368, "gamma": 0.023237238075818897, "lamda": 0.004073957991105141}, "datetime": {"datetime": "2021-10-05 11:56:20", "elapsed": 336.872316, "delta": 2.590706}}
{"target": -11.532838784553888, "params": {"C": 65.53174317790916, "epsilon": 17.56455229644847, "gamma": 0.0677706886081269, "lamda": 0.055192668834820206}, "datetime": {"datetime": "2021-10-05 11:56:23", "elapsed": 339.47978, "delta": 2.607464}}
{"target": -12.550769809954215, "params": {"C": 75.08191312356985, "epsilon": 23.502846994694313, "gamma": 0.02243512860517451, "lamda": 0.07128918567592275}, "datetime": {"datetime": "2021-10-05 11:56:26", "elapsed": 342.093037, "delta": 2.613257}}
{"target": -10.185579358672735, "params": {"C": 65.42271518941767, "epsilon": 17.266313172446893, "gamma": 0.046282316785956776, "lamda": 0.008691459287276089}, "datetime": {"datetime": "2021-10-05 11:56:28", "elapsed": 344.986005, "delta": 2.892968}}
{"target": -17.204630476388306, "params": {"C": 65.43833007959016, "epsilon": 16.892293778730227, "gamma": 0.0507247545565154, "lamda": 0.21675930316514186}, "datetime": {"datetime": "2021-10-05 11:56:31", "elapsed": 347.578442, "delta": 2.592437}}
{"target": -11.100659634335472, "params": {"C": 65.78791771959638, "epsilon": 17.258975893400734, "gamma": 0.04548392794035012, "lamda": 0.03693176325158281}, "datetime": {"datetime": "2021-10-05 11:56:34", "elapsed": 350.326228, "delta": 2.747786}}
{"target": -15.71589698353144, "params": {"C": 46.4561560856664, "epsilon": 19.55783775033462, "gamma": 0.05723829478375736, "lamda": 0.19082179911079736}, "datetime": {"datetime": "2021-10-05 11:56:35", "elapsed": 351.73433, "delta": 1.408102}}
{"target": -11.958510486713928, "params": {"C": 66.0259063979386, "epsilon": 17.8583941221795, "gamma": 0.03236600672898868, "lamda": 0.06671368113208218}, "datetime": {"datetime": "2021-10-05 11:56:38", "elapsed": 354.206676, "delta": 2.472346}}
{"target": -12.839734072322786, "params": {"C": 66.00366944831931, "epsilon": 17.501284367429683, "gamma": 0.04667873151477556, "lamda": 0.10381835562536677}, "datetime": {"datetime": "2021-10-05 11:56:41", "elapsed": 357.200438, "delta": 2.993762}}
{"target": -14.87153894940578, "params": {"C": 65.91270778654285, "epsilon": 18.25110889132656, "gamma": 0.04811861891142593, "lamda": 0.1632666211733836}, "datetime": {"datetime": "2021-10-05 11:56:43", "elapsed": 359.442669, "delta": 2.242231}}
{"target": -11.145011150301857, "params": {"C": 23.74153265222023, "epsilon": 17.44058969328805, "gamma": 0.04442088614886512, "lamda": 0.040798776524728304}, "datetime": {"datetime": "2021-10-05 11:56:46", "elapsed": 362.147598, "delta": 2.704929}}
{"target": -10.738550600871777, "params": {"C": 64.33157887456701, "epsilon": 18.32609009670729, "gamma": 0.02413184986234536, "lamda": 0.0022500958914593587}, "datetime": {"datetime": "2021-10-05 11:56:47", "elapsed": 363.616353, "delta": 1.468755}}
{"target": -13.681513069964907, "params": {"C": 91.86733292044734, "epsilon": 26.194082999057905, "gamma": 0.039859303932543444, "lamda": 0.14697097959478075}, "datetime": {"datetime": "2021-10-05 11:56:49", "elapsed": 365.948799, "delta": 2.332446}}
{"target": -12.329087380533474, "params": {"C": 65.26840393649171, "epsilon": 17.421116617546208, "gamma": 0.02374080487742556, "lamda": 0.0670150822442626}, "datetime": {"datetime": "2021-10-05 11:56:52", "elapsed": 368.344419, "delta": 2.39562}}
{"target": -12.846252189747464, "params": {"C": 77.1503995215233, "epsilon": 24.05357699626949, "gamma": 0.1, "lamda": 0.0001}, "datetime": {"datetime": "2021-10-05 11:56:55", "elapsed": 371.295044, "delta": 2.950625}}
{"target": -10.82748518134845, "params": {"C": 63.97536793433655, "epsilon": 17.6977707702204, "gamma": 0.04023623878989703, "lamda": 0.02696610071402391}, "datetime": {"datetime": "2021-10-05 11:56:58", "elapsed": 374.018717, "delta": 2.723673}}
{"target": -11.056846032424964, "params": {"C": 65.51682493646328, "epsilon": 17.867487670940697, "gamma": 0.03680296989307375, "lamda": 0.03153718127554221}, "datetime": {"datetime": "2021-10-05 11:57:01", "elapsed": 377.152055, "delta": 3.133338}}
{"target": -10.799974427768538, "params": {"C": 63.69595728113966, "epsilon": 17.40619254814255, "gamma": 0.0672095822568521, "lamda": 0.024065260845953083}, "datetime": {"datetime": "2021-10-05 11:57:04", "elapsed": 380.116704, "delta": 2.964649}}
{"target": -11.074364960283082, "params": {"C": 77.50951533463137, "epsilon": 24.871549992315316, "gamma": 0.0380547045625141, "lamda": 0.029899093634388113}, "datetime": {"datetime": "2021-10-05 11:57:06", "elapsed": 382.757339, "delta": 2.640635}}
{"target": -19.317402037667947, "params": {"C": 63.758436044494054, "epsilon": 17.330823876842693, "gamma": 0.025020547194800197, "lamda": 0.2461442606176206}, "datetime": {"datetime": "2021-10-05 11:57:09", "elapsed": 385.88775, "delta": 3.130411}}
{"target": -11.074812746356203, "params": {"C": 63.44102780554191, "epsilon": 17.511434704217535, "gamma": 0.02928520524569006, "lamda": 0.026060899082960144}, "datetime": {"datetime": "2021-10-05 11:57:12", "elapsed": 388.736806, "delta": 2.849056}}
{"target": -16.874595477330004, "params": {"C": 77.31062573424586, "epsilon": 24.969775023929124, "gamma": 0.05627394071728262, "lamda": 0.2550720562235881}, "datetime": {"datetime": "2021-10-05 11:57:15", "elapsed": 391.112483, "delta": 2.375677}}
{"target": -11.073266619780279, "params": {"C": 98.19190554254673, "epsilon": 24.19886388644706, "gamma": 0.09879664170962857, "lamda": 0.020927404500080356}, "datetime": {"datetime": "2021-10-05 11:57:16", "elapsed": 392.471283, "delta": 1.3588}}
{"target": -11.464010781135292, "params": {"C": 9.910275431397425, "epsilon": 23.414352228684294, "gamma": 0.0679932811177571, "lamda": 0.05494136620144292}, "datetime": {"datetime": "2021-10-05 11:57:17", "elapsed": 393.912602, "delta": 1.441319}}
{"target": -12.435086084409, "params": {"C": 98.2971826707902, "epsilon": 23.899665024169234, "gamma": 0.07365267435179151, "lamda": 0.09371519304175818}, "datetime": {"datetime": "2021-10-05 11:57:20", "elapsed": 396.918323, "delta": 3.005721}}
{"target": -13.541369877250965, "params": {"C": 63.61849035041611, "epsilon": 17.68887201658592, "gamma": 0.08868818670203174, "lamda": 0.11567754551280553}, "datetime": {"datetime": "2021-10-05 11:57:23", "elapsed": 399.659605, "delta": 2.741282}}
{"target": -17.6218755074596, "params": {"C": 98.3931896318891, "epsilon": 24.32467897927897, "gamma": 0.07817429930760994, "lamda": 0.26728970577934447}, "datetime": {"datetime": "2021-10-05 11:57:26", "elapsed": 402.947713, "delta": 3.288108}}
{"target": -12.660106400916957, "params": {"C": 94.25920222542958, "epsilon": 25.62629642896198, "gamma": 0.09940805838949289, "lamda": 0.09515010192995317}, "datetime": {"datetime": "2021-10-05 11:57:28", "elapsed": 404.442868, "delta": 1.495155}}
{"target": -13.005639630735995, "params": {"C": 97.9052292758482, "epsilon": 24.326703904608785, "gamma": 0.05845369969457352, "lamda": 0.11746084981936245}, "datetime": {"datetime": "2021-10-05 11:57:30", "elapsed": 406.821265, "delta": 2.378397}}
{"target": -11.083989325350501, "params": {"C": 7.497842921717016, "epsilon": 10.581702878229788, "gamma": 0.09707676472744348, "lamda": 0.006122490499410672}, "datetime": {"datetime": "2021-10-05 11:57:33", "elapsed": 409.598602, "delta": 2.777337}}
{"target": -13.937241859624445, "params": {"C": 62.26994054175702, "epsilon": 26.93001095230206, "gamma": 0.09966199633431912, "lamda": 0.1448000160080747}, "datetime": {"datetime": "2021-10-05 11:57:34", "elapsed": 410.987978, "delta": 1.389376}}
{"target": -10.74506418282594, "params": {"C": 97.92718581447225, "epsilon": 24.038412810551918, "gamma": 0.08853828097562251, "lamda": 0.010452677898613441}, "datetime": {"datetime": "2021-10-05 11:57:37", "elapsed": 413.508209, "delta": 2.520231}}
{"target": -11.647615882003617, "params": {"C": 16.496034645882215, "epsilon": 20.007724311856173, "gamma": 0.1, "lamda": 0.0001}, "datetime": {"datetime": "2021-10-05 11:57:40", "elapsed": 416.407387, "delta": 2.899178}}
{"target": -16.783062487380114, "params": {"C": 97.93145650562442, "epsilon": 23.937860597258286, "gamma": 0.06294984845640517, "lamda": 0.2456490637785674}, "datetime": {"datetime": "2021-10-05 11:57:42", "elapsed": 418.858825, "delta": 2.451438}}
{"target": -15.89459674632435, "params": {"C": 10.145478551729841, "epsilon": 23.30774829817495, "gamma": 0.06253665257969536, "lamda": 0.21582184148920033}, "datetime": {"datetime": "2021-10-05 11:57:45", "elapsed": 421.396373, "delta": 2.537548}}
{"target": -12.40572308772752, "params": {"C": 77.77456054673127, "epsilon": 24.739357140232023, "gamma": 0.05797976767676617, "lamda": 0.09716596516645055}, "datetime": {"datetime": "2021-10-05 11:57:48", "elapsed": 424.341611, "delta": 2.945238}}
{"target": -11.006286908716394, "params": {"C": 63.373139320897835, "epsilon": 17.21247423753242, "gamma": 0.021027978752312562, "lamda": 0.014477547194010473}, "datetime": {"datetime": "2021-10-05 11:57:51", "elapsed": 427.173233, "delta": 2.831622}}
{"target": -10.21713656832102, "params": {"C": 22.025695589826963, "epsilon": 16.89161787495607, "gamma": 0.05637281860750841, "lamda": 0.011470467301792547}, "datetime": {"datetime": "2021-10-05 11:57:55", "elapsed": 431.257043, "delta": 4.08381}}
{"target": -14.276429572747324, "params": {"C": 21.80050025059874, "epsilon": 16.770465465824966, "gamma": 0.05982125807121742, "lamda": 0.14136522001876006}, "datetime": {"datetime": "2021-10-05 11:57:57", "elapsed": 433.889454, "delta": 2.632411}}
{"target": -11.107193296352676, "params": {"C": 7.217124254804863, "epsilon": 10.67086493435193, "gamma": 0.1, "lamda": 0.0001}, "datetime": {"datetime": "2021-10-05 11:58:00", "elapsed": 436.844671, "delta": 2.955217}}
{"target": -15.162648408062292, "params": {"C": 63.11892080506784, "epsilon": 17.358310299561094, "gamma": 0.07463463116517265, "lamda": 0.16422484820915165}, "datetime": {"datetime": "2021-10-05 11:58:03", "elapsed": 439.91531, "delta": 3.070639}}
{"target": -13.005288662373097, "params": {"C": 7.218196993141934, "epsilon": 10.303958974290108, "gamma": 0.07485660454998988, "lamda": 0.09669008831630714}, "datetime": {"datetime": "2021-10-05 11:58:06", "elapsed": 442.478645, "delta": 2.563335}}
{"target": -11.108585521472595, "params": {"C": 73.04820636686814, "epsilon": 16.168561802136804, "gamma": 0.03694051639941425, "lamda": 0.03548801143315377}, "datetime": {"datetime": "2021-10-05 11:58:07", "elapsed": 443.98388, "delta": 1.505235}}
{"target": -22.33707496277085, "params": {"C": 72.79560472259372, "epsilon": 16.144028616523805, "gamma": 0.035013417584260964, "lamda": 0.27961977699275464}, "datetime": {"datetime": "2021-10-05 11:58:11", "elapsed": 447.528123, "delta": 3.544243}}
{"target": -15.172165712519542, "params": {"C": 39.86323517843291, "epsilon": 29.074761414314843, "gamma": 0.021146429138857323, "lamda": 0.18630323981056723}, "datetime": {"datetime": "2021-10-05 11:58:13", "elapsed": 449.040942, "delta": 1.512819}}
{"target": -14.97562055890407, "params": {"C": 73.4227786059014, "epsilon": 15.98969682179561, "gamma": 0.04177061133520337, "lamda": 0.16056503811256928}, "datetime": {"datetime": "2021-10-05 11:58:15", "elapsed": 451.792803, "delta": 2.751861}}
{"target": -20.943896015709413, "params": {"C": 65.64591883742692, "epsilon": 17.32050340465889, "gamma": 0.02114260444986818, "lamda": 0.25682669292042465}, "datetime": {"datetime": "2021-10-05 11:58:18", "elapsed": 454.708442, "delta": 2.915639}}
{"target": -10.473741248632743, "params": {"C": 9.653685158312957, "epsilon": 23.530647733062224, "gamma": 0.0739458860330434, "lamda": 0.0001}, "datetime": {"datetime": "2021-10-05 11:58:21", "elapsed": 457.69857, "delta": 2.990128}}
{"target": -18.42980204015456, "params": {"C": 9.602599460629527, "epsilon": 23.462158851018227, "gamma": 0.05355154743570831, "lamda": 0.2769297213709242}, "datetime": {"datetime": "2021-10-05 11:58:24", "elapsed": 460.10011, "delta": 2.40154}}
{"target": -10.997594914373039, "params": {"C": 9.845127454746075, "epsilon": 23.66998668823215, "gamma": 0.06315000238137915, "lamda": 0.03431203651202926}, "datetime": {"datetime": "2021-10-05 11:58:27", "elapsed": 463.343553, "delta": 3.243443}}
{"target": -10.869145029079624, "params": {"C": 49.60292998164414, "epsilon": 11.033025312337008, "gamma": 0.07640854894432493, "lamda": 0.028198234597342057}, "datetime": {"datetime": "2021-10-05 11:58:30", "elapsed": 466.849714, "delta": 3.506161}}
{"target": -10.78967807240759, "params": {"C": 75.5275917912418, "epsilon": 23.356948250948566, "gamma": 0.07208366112419101, "lamda": 0.02129143522845051}, "datetime": {"datetime": "2021-10-05 11:58:34", "elapsed": 470.050274, "delta": 3.20056}}
{"target": -13.500389065954128, "params": {"C": 39.37412832518796, "epsilon": 14.229353592397098, "gamma": 0.022425708334404233, "lamda": 0.0998425436308437}, "datetime": {"datetime": "2021-10-05 11:58:37", "elapsed": 473.592981, "delta": 3.542707}}
{"target": -16.72180875203819, "params": {"C": 94.16665834851182, "epsilon": 29.465845395803235, "gamma": 0.08720574327187432, "lamda": 0.28064335900627685}, "datetime": {"datetime": "2021-10-05 11:58:39", "elapsed": 475.167071, "delta": 1.57409}}
{"target": -15.649649141541081, "params": {"C": 75.4858714211757, "epsilon": 28.653986917605536, "gamma": 0.05716605972815937, "lamda": 0.24097068564714513}, "datetime": {"datetime": "2021-10-05 11:58:40", "elapsed": 476.694524, "delta": 1.527453}}
{"target": -12.97711354878945, "params": {"C": 96.27425721087508, "epsilon": 16.426809341159643, "gamma": 0.0884745440092902, "lamda": 0.09527392791361271}, "datetime": {"datetime": "2021-10-05 11:58:42", "elapsed": 478.246145, "delta": 1.551621}}
{"target": -11.371052049189888, "params": {"C": 64.28235243855977, "epsilon": 17.671210016624485, "gamma": 0.07694975890478906, "lamda": 0.046698254726081724}, "datetime": {"datetime": "2021-10-05 11:58:45", "elapsed": 481.48827, "delta": 3.242125}}
{"target": -19.17801335293717, "params": {"C": 23.711011329765547, "epsilon": 17.352311511392152, "gamma": 0.08449782305973802, "lamda": 0.24457183649513103}, "datetime": {"datetime": "2021-10-05 11:58:48", "elapsed": 484.94898, "delta": 3.46071}}
{"target": -10.327858896036624, "params": {"C": 65.89340752342238, "epsilon": 16.97041657552774, "gamma": 0.07067997983329502, "lamda": 0.006445055274085356}, "datetime": {"datetime": "2021-10-05 11:58:52", "elapsed": 488.70253, "delta": 3.75355}}
{"target": -10.298051763727695, "params": {"C": 83.35165905590955, "epsilon": 10.667296432521061, "gamma": 0.05842001538230018, "lamda": 0.008982952880440877}, "datetime": {"datetime": "2021-10-05 11:58:54", "elapsed": 490.395273, "delta": 1.692743}}
{"target": -14.734784127286439, "params": {"C": 60.9610299140824, "epsilon": 23.44586435201997, "gamma": 0.04957842605623043, "lamda": 0.17048155715541122}, "datetime": {"datetime": "2021-10-05 11:58:56", "elapsed": 492.042815, "delta": 1.647542}}
{"target": -13.594980426346243, "params": {"C": 83.14644267728787, "epsilon": 10.82203441303211, "gamma": 0.0682112440875867, "lamda": 0.11730994695686578}, "datetime": {"datetime": "2021-10-05 11:58:59", "elapsed": 495.11172, "delta": 3.068905}}
{"target": -15.916976621232513, "params": {"C": 29.1887291740775, "epsilon": 26.402765094704797, "gamma": 0.0897417427249282, "lamda": 0.22668728190816023}, "datetime": {"datetime": "2021-10-05 11:59:00", "elapsed": 496.633274, "delta": 1.521554}}
{"target": -20.633122909189016, "params": {"C": 61.54959525972733, "epsilon": 19.474945514349628, "gamma": 0.06126492631258834, "lamda": 0.28265753110596076}, "datetime": {"datetime": "2021-10-05 11:59:02", "elapsed": 498.217121, "delta": 1.583847}}
{"target": -10.837840826120145, "params": {"C": 5.021480955390543, "epsilon": 16.19207426079329, "gamma": 0.09078785610286805, "lamda": 0.012127816020133285}, "datetime": {"datetime": "2021-10-05 11:59:03", "elapsed": 499.852848, "delta": 1.635727}}
{"target": -11.26006399841779, "params": {"C": 85.21915481255097, "epsilon": 20.19789147031484, "gamma": 0.07303609082137594, "lamda": 0.04334613203171068}, "datetime": {"datetime": "2021-10-05 11:59:05", "elapsed": 501.51028, "delta": 1.657432}}
{"target": -11.053653467331802, "params": {"C": 83.49583742974151, "epsilon": 10.830898523586667, "gamma": 0.06959577340966928, "lamda": 0.03624998388495071}, "datetime": {"datetime": "2021-10-05 11:59:08", "elapsed": 504.560322, "delta": 3.050042}}
{"target": -11.670044581959829, "params": {"C": 66.08973663276619, "epsilon": 16.836847296715558, "gamma": 0.08383987933843404, "lamda": 0.057566600196628966}, "datetime": {"datetime": "2021-10-05 11:59:12", "elapsed": 508.512921, "delta": 3.952599}}
{"target": -12.518810927492538, "params": {"C": 65.0996858007993, "epsilon": 10.563467664381294, "gamma": 0.03566927990820734, "lamda": 0.08827354196022394}, "datetime": {"datetime": "2021-10-05 11:59:14", "elapsed": 510.164133, "delta": 1.651212}}
{"target": -19.1937408476525, "params": {"C": 5.04156778301409, "epsilon": 16.057473917680607, "gamma": 0.04913839803646197, "lamda": 0.2485430882954036}, "datetime": {"datetime": "2021-10-05 11:59:18", "elapsed": 514.427763, "delta": 4.26363}}
{"target": -14.756541581013796, "params": {"C": 75.20959845940837, "epsilon": 15.060358187403741, "gamma": 0.05263879031874262, "lamda": 0.15309535937618776}, "datetime": {"datetime": "2021-10-05 11:59:20", "elapsed": 516.013026, "delta": 1.585263}}
{"target": -10.735389178064256, "params": {"C": 83.38434496260206, "epsilon": 10.38663573231382, "gamma": 0.06369364583246466, "lamda": 0.02438886168236842}, "datetime": {"datetime": "2021-10-05 11:59:23", "elapsed": 519.602439, "delta": 3.589413}}
{"target": -12.998269374971953, "params": {"C": 83.62207239964046, "epsilon": 10.568687960785233, "gamma": 0.07517005536822487, "lamda": 0.09849061622659509}, "datetime": {"datetime": "2021-10-05 11:59:27", "elapsed": 523.329704, "delta": 3.727265}}
{"target": -14.506400845186812, "params": {"C": 75.31936499957116, "epsilon": 23.483930440792932, "gamma": 0.05156829897386893, "lamda": 0.16725480903256498}, "datetime": {"datetime": "2021-10-05 11:59:30", "elapsed": 526.512394, "delta": 3.18269}}
{"target": -10.595290235924827, "params": {"C": 5.13647563871673, "epsilon": 16.426492262856204, "gamma": 0.06774148360464306, "lamda": 0.010740422416044264}, "datetime": {"datetime": "2021-10-05 11:59:34", "elapsed": 530.199457, "delta": 3.687063}}
{"target": -15.374465174131624, "params": {"C": 66.13330965887823, "epsilon": 17.077437020942607, "gamma": 0.04325189197399794, "lamda": 0.17450626671683817}, "datetime": {"datetime": "2021-10-05 11:59:37", "elapsed": 533.086585, "delta": 2.887128}}
{"target": -20.76366194561009, "params": {"C": 83.36215744431715, "epsilon": 10.679073162153983, "gamma": 0.08517218378720412, "lamda": 0.23559280570611113}, "datetime": {"datetime": "2021-10-05 11:59:41", "elapsed": 537.127699, "delta": 4.041114}}
{"target": -17.993249922606257, "params": {"C": 86.96008813298378, "epsilon": 20.242392029283568, "gamma": 0.07030275342581091, "lamda": 0.24551350920000797}, "datetime": {"datetime": "2021-10-05 11:59:42", "elapsed": 538.826811, "delta": 1.699112}}
{"target": -15.696710537609873, "params": {"C": 81.22409792635715, "epsilon": 27.342548371841556, "gamma": 0.0560833326338913, "lamda": 0.23268010008621515}, "datetime": {"datetime": "2021-10-05 11:59:46", "elapsed": 542.407826, "delta": 3.581015}}
{"target": -22.10908791199334, "params": {"C": 48.692012557224494, "epsilon": 15.03261781518468, "gamma": 0.043634500747493116, "lamda": 0.26792483589671573}, "datetime": {"datetime": "2021-10-05 11:59:48", "elapsed": 544.037335, "delta": 1.629509}}
{"target": -12.52524787736166, "params": {"C": 75.7202222681197, "epsilon": 23.417060975757998, "gamma": 0.07363404278468788, "lamda": 0.09590780257984462}, "datetime": {"datetime": "2021-10-05 11:59:51", "elapsed": 547.397483, "delta": 3.360148}}
{"target": -16.356990751088638, "params": {"C": 36.1447971019755, "epsilon": 20.416869055810473, "gamma": 0.028858841191379957, "lamda": 0.20542453358798854}, "datetime": {"datetime": "2021-10-05 11:59:53", "elapsed": 549.174295, "delta": 1.776812}}
{"target": -18.519530379702633, "params": {"C": 22.063643014865555, "epsilon": 16.98160088596178, "gamma": 0.09302035257674161, "lamda": 0.23141689404376778}, "datetime": {"datetime": "2021-10-05 11:59:57", "elapsed": 553.9883, "delta": 4.814005}}
{"target": -21.665220764409103, "params": {"C": 65.58753459211923, "epsilon": 14.31934448793653, "gamma": 0.06673886533138652, "lamda": 0.26234324565501094}, "datetime": {"datetime": "2021-10-05 11:59:59", "elapsed": 555.699241, "delta": 1.710941}}
{"target": -10.284462982516473, "params": {"C": 83.44512968337422, "epsilon": 11.236633913605434, "gamma": 0.060631843181450346, "lamda": 0.013009006035380175}, "datetime": {"datetime": "2021-10-05 12:00:04", "elapsed": 560.400599, "delta": 4.701358}}
{"target": -10.987659311628063, "params": {"C": 5.3243211509007535, "epsilon": 16.254269988024447, "gamma": 0.07938453936357547, "lamda": 0.02609556248970778}, "datetime": {"datetime": "2021-10-05 12:00:08", "elapsed": 564.901269, "delta": 4.50067}}
