{"target": -10.089379889367212, "params": {"C": 49.34520835806457, "epsilon": 26.780472479444242, "gamma": 0.017709495536535263, "lamda": 0.005158150250804715}, "datetime": {"datetime": "2021-10-06 14:26:07", "elapsed": 146.77928, "delta": 1.066704}}
{"target": -10.341773827378729, "params": {"C": 46.27028044443297, "epsilon": 24.786890985926647, "gamma": 0.02581133714413464, "lamda": 0.018998642790797902}, "datetime": {"datetime": "2021-10-06 14:26:08", "elapsed": 147.663046, "delta": 0.883766}}
{"target": -10.20492457355326, "params": {"C": 42.43520592074406, "epsilon": 19.342526241208603, "gamma": 0.018057397583944323, "lamda": 0.013321628159285963}, "datetime": {"datetime": "2021-10-06 14:26:09", "elapsed": 148.768644, "delta": 1.105598}}
{"target": -10.237997989724871, "params": {"C": 46.563714389045046, "epsilon": 30.915241876405673, "gamma": 0.025577117496545627, "lamda": 0.009130600796367815}, "datetime": {"datetime": "2021-10-06 14:26:10", "elapsed": 149.643298, "delta": 0.874654}}
{"target": -10.492525280258707, "params": {"C": 56.892587808099364, "epsilon": 20.433435163781052, "gamma": 0.011789911455090262, "lamda": 0.010040513332043316}, "datetime": {"datetime": "2021-10-06 14:26:11", "elapsed": 150.49763, "delta": 0.854332}}
{"target": -10.325381909732908, "params": {"C": 38.94382407821741, "epsilon": 23.511364346926054, "gamma": 0.029609964458248615, "lamda": 0.01600530858586947}, "datetime": {"datetime": "2021-10-06 14:26:12", "elapsed": 151.402716, "delta": 0.905086}}
{"target": -10.380823835052848, "params": {"C": 38.19662530389395, "epsilon": 26.64203319414562, "gamma": 0.03462866855614517, "lamda": 0.017905054041192723}, "datetime": {"datetime": "2021-10-06 14:26:13", "elapsed": 152.316878, "delta": 0.914162}}
{"target": -10.156807857007026, "params": {"C": 49.404433064837, "epsilon": 26.968840118199722, "gamma": 0.015951555976294, "lamda": 0.005558427878789609}, "datetime": {"datetime": "2021-10-06 14:26:14", "elapsed": 153.240065, "delta": 0.923187}}
{"target": -10.344350704554667, "params": {"C": 49.99434982554371, "epsilon": 26.3336688961529, "gamma": 0.014372318752035415, "lamda": 0.009576237791162486}, "datetime": {"datetime": "2021-10-06 14:26:15", "elapsed": 154.649659, "delta": 1.409594}}
{"target": -10.394989260652217, "params": {"C": 58.42359118253849, "epsilon": 25.330702805594814, "gamma": 0.03552249497862881, "lamda": 0.01087804029547552}, "datetime": {"datetime": "2021-10-06 14:26:16", "elapsed": 155.734669, "delta": 1.08501}}
{"target": -10.159527722929795, "params": {"C": 65.4538600004667, "epsilon": 22.86184947226454, "gamma": 0.021641175747210556, "lamda": 0.0020490062920398818}, "datetime": {"datetime": "2021-10-06 14:26:17", "elapsed": 156.689772, "delta": 0.955103}}
{"target": -10.472173709132393, "params": {"C": 60.42538398262228, "epsilon": 19.474504168000465, "gamma": 0.03352703850374022, "lamda": 0.01640957372103328}, "datetime": {"datetime": "2021-10-06 14:26:18", "elapsed": 157.702343, "delta": 1.012571}}
{"target": -10.143782467437784, "params": {"C": 53.695762190948734, "epsilon": 27.41023279757559, "gamma": 0.022168956930897564, "lamda": 0.0041788708299641646}, "datetime": {"datetime": "2021-10-06 14:26:19", "elapsed": 158.744382, "delta": 1.042039}}
{"target": -10.377874597242002, "params": {"C": 51.382588677360864, "epsilon": 28.870036236457437, "gamma": 0.03626535216528659, "lamda": 0.010383341864010633}, "datetime": {"datetime": "2021-10-06 14:26:20", "elapsed": 160.018023, "delta": 1.273641}}
{"target": -10.208355956664636, "params": {"C": 50.08366032396891, "epsilon": 26.3353873026499, "gamma": 0.01492085929070577, "lamda": 0.006190029417171993}, "datetime": {"datetime": "2021-10-06 14:26:21", "elapsed": 160.945368, "delta": 0.927345}}
{"target": -10.292819599764325, "params": {"C": 52.32849085761918, "epsilon": 32.635164401672554, "gamma": 0.015134785134356224, "lamda": 0.007046424667508508}, "datetime": {"datetime": "2021-10-06 14:26:22", "elapsed": 161.933204, "delta": 0.987836}}
{"target": -10.317171123994857, "params": {"C": 41.859045664875595, "epsilon": 21.29074278394616, "gamma": 0.011381029768492965, "lamda": 0.005829435432847232}, "datetime": {"datetime": "2021-10-06 14:26:23", "elapsed": 163.112728, "delta": 1.179524}}
{"target": -10.625120194417828, "params": {"C": 60.39164914081398, "epsilon": 25.921335503627997, "gamma": 0.013556635246412667, "lamda": 0.014225427794256954}, "datetime": {"datetime": "2021-10-06 14:26:25", "elapsed": 164.193376, "delta": 1.080648}}
{"target": -10.293530177331563, "params": {"C": 45.77551694199478, "epsilon": 30.217821538791025, "gamma": 0.025924671284867494, "lamda": 0.014483534675410492}, "datetime": {"datetime": "2021-10-06 14:26:25", "elapsed": 165.120786, "delta": 0.92741}}
{"target": -10.291833963150603, "params": {"C": 47.90312318222578, "epsilon": 30.253370826983215, "gamma": 0.026116657836010027, "lamda": 0.0023727266730442413}, "datetime": {"datetime": "2021-10-06 14:26:26", "elapsed": 166.10722, "delta": 0.986434}}
{"target": -10.303200153221125, "params": {"C": 58.43790865894597, "epsilon": 25.337588872068764, "gamma": 0.028898146418849052, "lamda": 0.010559784869808249}, "datetime": {"datetime": "2021-10-06 14:26:28", "elapsed": 167.302475, "delta": 1.195255}}
{"target": -10.358857985571843, "params": {"C": 45.370464713448314, "epsilon": 20.788375515789618, "gamma": 0.03233996300065216, "lamda": 0.01398722762600838}, "datetime": {"datetime": "2021-10-06 14:26:29", "elapsed": 168.242961, "delta": 0.940486}}
{"target": -10.460104973385876, "params": {"C": 40.51370262242622, "epsilon": 29.546010863695027, "gamma": 0.012814463707404158, "lamda": 0.009244605504969318}, "datetime": {"datetime": "2021-10-06 14:26:30", "elapsed": 169.193624, "delta": 0.950663}}
{"target": -10.853161612837459, "params": {"C": 53.69267310694044, "epsilon": 27.39850734362932, "gamma": 0.0122529490914003, "lamda": 0.01975123154018381}, "datetime": {"datetime": "2021-10-06 14:26:31", "elapsed": 170.300898, "delta": 1.107274}}
{"target": -10.271017064186456, "params": {"C": 59.40698591581216, "epsilon": 19.27324123518194, "gamma": 0.014327079236855823, "lamda": 0.007686649165183502}, "datetime": {"datetime": "2021-10-06 14:26:32", "elapsed": 171.266988, "delta": 0.96609}}
{"target": -10.243940582906488, "params": {"C": 50.080336770239406, "epsilon": 26.316561809361776, "gamma": 0.020591312350386803, "lamda": 0.013873543014657002}, "datetime": {"datetime": "2021-10-06 14:26:33", "elapsed": 172.448253, "delta": 1.181265}}
{"target": -10.4137910095734, "params": {"C": 49.380176791805084, "epsilon": 27.006995053958544, "gamma": 0.036959159146456054, "lamda": 0.015160551976772936}, "datetime": {"datetime": "2021-10-06 14:26:34", "elapsed": 173.408135, "delta": 0.959882}}
{"target": -10.285555226611914, "params": {"C": 56.551484174504125, "epsilon": 22.22640658679686, "gamma": 0.021094094430549683, "lamda": 0.014976072405607256}, "datetime": {"datetime": "2021-10-06 14:26:35", "elapsed": 174.45086, "delta": 1.042725}}
{"target": -10.526831598841824, "params": {"C": 43.95381310158291, "epsilon": 24.87588127303939, "gamma": 0.03965380560035423, "lamda": 0.018762186473379572}, "datetime": {"datetime": "2021-10-06 14:26:36", "elapsed": 175.465558, "delta": 1.014698}}
{"target": -10.39137677951625, "params": {"C": 42.25996757425047, "epsilon": 32.734628004769036, "gamma": 0.03674870779104582, "lamda": 0.007493316767454816}, "datetime": {"datetime": "2021-10-06 14:26:37", "elapsed": 176.483154, "delta": 1.017596}}
{"target": -10.456615689012876, "params": {"C": 49.94245886755915, "epsilon": 30.034647457531932, "gamma": 0.036015984865302796, "lamda": 0.003985774505879489}, "datetime": {"datetime": "2021-10-06 14:26:38", "elapsed": 177.527841, "delta": 1.044687}}
{"target": -10.21618418887047, "params": {"C": 42.05705861286842, "epsilon": 21.188301127383223, "gamma": 0.02021705350729831, "lamda": 0.011208716055452272}, "datetime": {"datetime": "2021-10-06 14:26:39", "elapsed": 178.805358, "delta": 1.277517}}
{"target": -10.408354294595968, "params": {"C": 48.407872582694, "epsilon": 28.882200785640606, "gamma": 0.02968816339888921, "lamda": 0.0009316962883716586}, "datetime": {"datetime": "2021-10-06 14:26:40", "elapsed": 179.886368, "delta": 1.08101}}
{"target": -10.255478167705915, "params": {"C": 47.10665462505558, "epsilon": 26.2906413437789, "gamma": 0.02598526852144329, "lamda": 0.011536754125444554}, "datetime": {"datetime": "2021-10-06 14:26:41", "elapsed": 180.941307, "delta": 1.054939}}
{"target": -10.210434825911378, "params": {"C": 51.8904519882892, "epsilon": 29.4654005704012, "gamma": 0.013966363221799108, "lamda": 0.004192583668036363}, "datetime": {"datetime": "2021-10-06 14:26:42", "elapsed": 182.008067, "delta": 1.06676}}
{"target": -10.2116602721436, "params": {"C": 44.90746874500188, "epsilon": 22.604239313223886, "gamma": 0.02101178735599865, "lamda": 0.01072462482986053}, "datetime": {"datetime": "2021-10-06 14:26:44", "elapsed": 183.298107, "delta": 1.29004}}
{"target": -10.305627226449317, "params": {"C": 46.76605625500162, "epsilon": 24.9316574527821, "gamma": 0.018814225613097403, "lamda": 0.015157742278575097}, "datetime": {"datetime": "2021-10-06 14:26:45", "elapsed": 184.319831, "delta": 1.021724}}
{"target": -10.241293078414108, "params": {"C": 57.67258731974928, "epsilon": 25.027661033629087, "gamma": 0.02153927537747203, "lamda": 0.0007085004412715337}, "datetime": {"datetime": "2021-10-06 14:26:46", "elapsed": 185.498098, "delta": 1.178267}}
{"target": -10.569047429821069, "params": {"C": 65.12186730057195, "epsilon": 26.93349956190459, "gamma": 0.03716548510306056, "lamda": 0.001528285833877744}, "datetime": {"datetime": "2021-10-06 14:26:47", "elapsed": 186.601537, "delta": 1.103439}}
{"target": -10.243650399860337, "params": {"C": 42.59722969258741, "epsilon": 19.682357872641305, "gamma": 0.021760390056907834, "lamda": 0.013243178036059927}, "datetime": {"datetime": "2021-10-06 14:26:48", "elapsed": 187.689238, "delta": 1.087701}}
{"target": -10.420984217861422, "params": {"C": 65.80105510475983, "epsilon": 29.153758846442464, "gamma": 0.01817029210591096, "lamda": 0.014692242398757549}, "datetime": {"datetime": "2021-10-06 14:26:49", "elapsed": 188.737282, "delta": 1.048044}}
{"target": -10.408714465937654, "params": {"C": 60.56100592460959, "epsilon": 26.087405913770965, "gamma": 0.015822865908260996, "lamda": 0.011776142492713351}, "datetime": {"datetime": "2021-10-06 14:26:50", "elapsed": 189.846055, "delta": 1.108773}}
{"target": -10.574178516509022, "params": {"C": 47.66918270223235, "epsilon": 23.611837898126446, "gamma": 0.014678415802135188, "lamda": 0.017327408056575226}, "datetime": {"datetime": "2021-10-06 14:26:51", "elapsed": 190.962377, "delta": 1.116322}}
{"target": -10.433390487733144, "params": {"C": 52.65600191822018, "epsilon": 24.99796673920639, "gamma": 0.014655635448959231, "lamda": 0.012086230427759309}, "datetime": {"datetime": "2021-10-06 14:26:52", "elapsed": 192.022869, "delta": 1.060492}}
{"target": -10.352754547043201, "params": {"C": 40.73061237277087, "epsilon": 26.29342364287249, "gamma": 0.031615667473088784, "lamda": 0.016690196672579986}, "datetime": {"datetime": "2021-10-06 14:26:53", "elapsed": 193.078256, "delta": 1.055387}}
{"target": -10.502542636973311, "params": {"C": 63.64925461839428, "epsilon": 20.013337007748753, "gamma": 0.036297999385042745, "lamda": 0.016738882978126104}, "datetime": {"datetime": "2021-10-06 14:26:54", "elapsed": 194.171257, "delta": 1.093001}}
{"target": -10.341760905133132, "params": {"C": 49.56146642357033, "epsilon": 26.958700042503345, "gamma": 0.03062967390647553, "lamda": 0.014145849437391821}, "datetime": {"datetime": "2021-10-06 14:26:56", "elapsed": 195.445204, "delta": 1.273947}}
{"target": -10.229149718287943, "params": {"C": 42.655174341683434, "epsilon": 27.26819783719045, "gamma": 0.024343674152336403, "lamda": 0.011565319460066031}, "datetime": {"datetime": "2021-10-06 14:26:57", "elapsed": 196.561869, "delta": 1.116665}}
{"target": -10.257361267257973, "params": {"C": 42.733562316225104, "epsilon": 29.688913701272224, "gamma": 0.01732978072559193, "lamda": 0.00942050906121197}, "datetime": {"datetime": "2021-10-06 14:26:58", "elapsed": 197.645084, "delta": 1.083215}}
{"target": -10.269744586802025, "params": {"C": 47.171258566298626, "epsilon": 32.05570099086491, "gamma": 0.024304236810637782, "lamda": 0.013235991333942572}, "datetime": {"datetime": "2021-10-06 14:26:59", "elapsed": 198.7546, "delta": 1.109516}}
{"target": -10.139575793149447, "params": {"C": 45.28745947619048, "epsilon": 21.296101150946004, "gamma": 0.020732187197897642, "lamda": 0.004777545250709567}, "datetime": {"datetime": "2021-10-06 14:27:00", "elapsed": 199.878599, "delta": 1.123999}}
{"target": -10.245405219444027, "params": {"C": 38.60726919758053, "epsilon": 31.06417164832918, "gamma": 0.02386334246382, "lamda": 0.002696886542584571}, "datetime": {"datetime": "2021-10-06 14:27:01", "elapsed": 201.026029, "delta": 1.14743}}
{"target": -10.629864071105438, "params": {"C": 46.95137408398662, "epsilon": 27.46023615331445, "gamma": 0.01589862060329971, "lamda": 0.019063518049066044}, "datetime": {"datetime": "2021-10-06 14:27:02", "elapsed": 202.137597, "delta": 1.111568}}
{"target": -10.187276041008568, "params": {"C": 58.99440227791361, "epsilon": 30.63907628668759, "gamma": 0.022304141194635568, "lamda": 0.007210875863820475}, "datetime": {"datetime": "2021-10-06 14:27:04", "elapsed": 203.245126, "delta": 1.107529}}
{"target": -10.271825307151913, "params": {"C": 52.809496574473044, "epsilon": 23.887626282726146, "gamma": 0.02337388301765781, "lamda": 0.015812415569543548}, "datetime": {"datetime": "2021-10-06 14:27:05", "elapsed": 204.335557, "delta": 1.090431}}
{"target": -10.17169974717287, "params": {"C": 40.34388061634883, "epsilon": 27.659040992708302, "gamma": 0.021866276452241047, "lamda": 0.009560766567009422}, "datetime": {"datetime": "2021-10-06 14:27:06", "elapsed": 205.506447, "delta": 1.17089}}
{"target": -10.189492162076082, "params": {"C": 48.31060409800971, "epsilon": 19.5955372855655, "gamma": 0.020799798131489192, "lamda": 0.008422617855028977}, "datetime": {"datetime": "2021-10-06 14:27:07", "elapsed": 206.875727, "delta": 1.36928}}
{"target": -10.43429129395431, "params": {"C": 44.89924253900448, "epsilon": 22.585358823189246, "gamma": 0.03618261653111417, "lamda": 0.018397981328201845}, "datetime": {"datetime": "2021-10-06 14:27:09", "elapsed": 208.228226, "delta": 1.352499}}
{"target": -10.52213107710248, "params": {"C": 62.83750825606758, "epsilon": 21.995747809944067, "gamma": 0.03993117633180694, "lamda": 0.015881153701804512}, "datetime": {"datetime": "2021-10-06 14:27:10", "elapsed": 209.359589, "delta": 1.131363}}
{"target": -10.983400329087482, "params": {"C": 50.500318767726995, "epsilon": 21.955084430153462, "gamma": 0.03827295200106011, "lamda": 0.00028969404289347106}, "datetime": {"datetime": "2021-10-06 14:27:11", "elapsed": 210.710034, "delta": 1.350445}}
{"target": -10.351308023688011, "params": {"C": 54.36921576940544, "epsilon": 23.903732701505056, "gamma": 0.017150932161129947, "lamda": 0.013307293742610091}, "datetime": {"datetime": "2021-10-06 14:27:12", "elapsed": 211.892059, "delta": 1.182025}}
{"target": -10.156026908379967, "params": {"C": 54.184820500505694, "epsilon": 24.838291045447768, "gamma": 0.016871837617181324, "lamda": 0.006816301259587577}, "datetime": {"datetime": "2021-10-06 14:27:13", "elapsed": 213.092744, "delta": 1.200685}}
{"target": -10.195972183590376, "params": {"C": 53.483897904705, "epsilon": 19.78510236564233, "gamma": 0.024306949384069104, "lamda": 0.00649558178134963}, "datetime": {"datetime": "2021-10-06 14:27:15", "elapsed": 214.367714, "delta": 1.27497}}
{"target": -10.336506244407833, "params": {"C": 64.69138841961806, "epsilon": 19.900972030293794, "gamma": 0.020263166942859616, "lamda": 0.016402315801747388}, "datetime": {"datetime": "2021-10-06 14:27:16", "elapsed": 215.838044, "delta": 1.47033}}
{"target": -10.128345415918284, "params": {"C": 56.047190288559264, "epsilon": 30.357706897347366, "gamma": 0.020185790144560192, "lamda": 0.006487295381455353}, "datetime": {"datetime": "2021-10-06 14:27:18", "elapsed": 217.294715, "delta": 1.456671}}
{"target": -10.3164242291902, "params": {"C": 62.63711524116651, "epsilon": 32.61513812855729, "gamma": 0.012171844783950505, "lamda": 0.004245709272375401}, "datetime": {"datetime": "2021-10-06 14:27:20", "elapsed": 219.235241, "delta": 1.940526}}
{"target": -10.281839147433907, "params": {"C": 42.099413145373575, "epsilon": 20.41025628073925, "gamma": 0.02572229494858061, "lamda": 0.011408875359812215}, "datetime": {"datetime": "2021-10-06 14:27:21", "elapsed": 220.473218, "delta": 1.237977}}
{"target": -10.150624688071904, "params": {"C": 43.433034146192504, "epsilon": 24.080396353356658, "gamma": 0.01835914298973691, "lamda": 0.008686381318900425}, "datetime": {"datetime": "2021-10-06 14:27:22", "elapsed": 222.078308, "delta": 1.60509}}
{"target": -10.32397376430395, "params": {"C": 64.03569385823032, "epsilon": 25.992769557746932, "gamma": 0.012050888067913578, "lamda": 0.00444556548936295}, "datetime": {"datetime": "2021-10-06 14:27:24", "elapsed": 223.210887, "delta": 1.132579}}
{"target": -10.3224436350876, "params": {"C": 63.20183868644601, "epsilon": 29.786422693030836, "gamma": 0.015371686397826236, "lamda": 0.008069603525394844}, "datetime": {"datetime": "2021-10-06 14:27:25", "elapsed": 224.763621, "delta": 1.552734}}
{"target": -10.570655927738375, "params": {"C": 62.39333123751358, "epsilon": 18.420721497339308, "gamma": 0.034668920808007445, "lamda": 0.0011904584769511014}, "datetime": {"datetime": "2021-10-06 14:27:26", "elapsed": 226.09847, "delta": 1.334849}}
{"target": -10.491238112547226, "params": {"C": 61.802379911953096, "epsilon": 19.920489803271856, "gamma": 0.03581480870335336, "lamda": 0.0033226385244441783}, "datetime": {"datetime": "2021-10-06 14:27:28", "elapsed": 227.247436, "delta": 1.148966}}
{"target": -10.822052772647076, "params": {"C": 56.31846304193084, "epsilon": 26.22549308960391, "gamma": 0.011770396986635626, "lamda": 0.018542535344628786}, "datetime": {"datetime": "2021-10-06 14:27:29", "elapsed": 228.458725, "delta": 1.211289}}
{"target": -10.284118476560236, "params": {"C": 50.92208040112325, "epsilon": 23.574226726114023, "gamma": 0.025311343481082493, "lamda": 0.013503009995960075}, "datetime": {"datetime": "2021-10-06 14:27:30", "elapsed": 229.895955, "delta": 1.43723}}
{"target": -10.275823283245893, "params": {"C": 63.96786382976124, "epsilon": 18.055633593036685, "gamma": 0.029459845801691552, "lamda": 0.0028484023183930774}, "datetime": {"datetime": "2021-10-06 14:27:32", "elapsed": 231.258425, "delta": 1.36247}}
{"target": -10.569314119297553, "params": {"C": 58.02740442145108, "epsilon": 27.974509084238534, "gamma": 0.03915657101997169, "lamda": 0.0039695365231920115}, "datetime": {"datetime": "2021-10-06 14:27:33", "elapsed": 232.413451, "delta": 1.155026}}
{"target": -10.34480403111756, "params": {"C": 57.29813525337071, "epsilon": 19.998396709845746, "gamma": 0.028376821122000538, "lamda": 0.011787041047304705}, "datetime": {"datetime": "2021-10-06 14:27:34", "elapsed": 233.678812, "delta": 1.265361}}
{"target": -10.316613462071807, "params": {"C": 61.92087143841711, "epsilon": 23.324163201058237, "gamma": 0.0257609911594349, "lamda": 0.013670801313041695}, "datetime": {"datetime": "2021-10-06 14:27:36", "elapsed": 235.659103, "delta": 1.980291}}
{"target": -10.261421670917926, "params": {"C": 57.06234023614057, "epsilon": 31.374342112410016, "gamma": 0.027340592515646106, "lamda": 0.005777706626564864}, "datetime": {"datetime": "2021-10-06 14:27:37", "elapsed": 236.941848, "delta": 1.282745}}
{"target": -10.606720503888186, "params": {"C": 43.43081736253919, "epsilon": 24.10005046624748, "gamma": 0.012769089098303037, "lamda": 0.01487292283529306}, "datetime": {"datetime": "2021-10-06 14:27:39", "elapsed": 238.797778, "delta": 1.85593}}
{"target": -10.25146152851361, "params": {"C": 42.053168341336445, "epsilon": 21.189164616098445, "gamma": 0.012752736940428038, "lamda": 0.005373795341633993}, "datetime": {"datetime": "2021-10-06 14:27:41", "elapsed": 240.385756, "delta": 1.587978}}
{"target": -10.618652261644572, "params": {"C": 59.97914222740005, "epsilon": 30.002291965398044, "gamma": 0.03860545057546631, "lamda": 0.003066574860682291}, "datetime": {"datetime": "2021-10-06 14:27:42", "elapsed": 241.683334, "delta": 1.297578}}
{"target": -10.432043018701863, "params": {"C": 58.443424440524026, "epsilon": 25.310711275285435, "gamma": 0.018711598556005647, "lamda": 0.018164995905169602}, "datetime": {"datetime": "2021-10-06 14:27:44", "elapsed": 243.27673, "delta": 1.593396}}
{"target": -10.614091420848421, "params": {"C": 49.52556439393847, "epsilon": 26.110501200918282, "gamma": 0.011885151169944541, "lamda": 0.011607784784640694}, "datetime": {"datetime": "2021-10-06 14:27:45", "elapsed": 244.696881, "delta": 1.420151}}
{"target": -10.407026038396584, "params": {"C": 41.82657608410656, "epsilon": 27.253931653941223, "gamma": 0.020172900959871103, "lamda": 0.01980206384824447}, "datetime": {"datetime": "2021-10-06 14:27:47", "elapsed": 246.256913, "delta": 1.560032}}
{"target": -10.175820952056934, "params": {"C": 45.27366588546593, "epsilon": 21.30096339102736, "gamma": 0.020375910541616013, "lamda": 0.008625557789360371}, "datetime": {"datetime": "2021-10-06 14:27:48", "elapsed": 247.995316, "delta": 1.738403}}
{"target": -10.209434548993377, "params": {"C": 42.598343272250446, "epsilon": 19.66625530703422, "gamma": 0.015808312190384668, "lamda": 0.009471790890175934}, "datetime": {"datetime": "2021-10-06 14:27:50", "elapsed": 249.9243, "delta": 1.928984}}
