{"target": -10.820724550622344, "params": {"C": 77.06556883124988, "epsilon": 27.110658453403815, "gamma": 0.08280335753072565, "lamda": 0.01895514964988408}, "datetime": {"datetime": "2021-10-05 12:41:16", "elapsed": 429.299543, "delta": 1.861514}}
{"target": -12.533800041717408, "params": {"C": 47.71809518148314, "epsilon": 14.496079904618353, "gamma": 0.09685909662248525, "lamda": 0.0001976643978059169}, "datetime": {"datetime": "2021-10-05 12:41:18", "elapsed": 431.252174, "delta": 1.952631}}
{"target": -11.102721905282028, "params": {"C": 46.51326521706286, "epsilon": 15.171917124756828, "gamma": 0.02294374578005133, "lamda": 0.021500416803618097}, "datetime": {"datetime": "2021-10-05 12:41:20", "elapsed": 433.154224, "delta": 1.90205}}
{"target": -10.970868587780236, "params": {"C": 59.19141842802629, "epsilon": 10.132282191701215, "gamma": 0.0958653821054791, "lamda": 0.016965943997791725}, "datetime": {"datetime": "2021-10-05 12:41:22", "elapsed": 434.964756, "delta": 1.810532}}
{"target": -11.023689589395055, "params": {"C": 67.20177384316266, "epsilon": 10.50971021840169, "gamma": 0.02104763917122158, "lamda": 0.019050704040461653}, "datetime": {"datetime": "2021-10-05 12:41:24", "elapsed": 436.928728, "delta": 1.963972}}
{"target": -10.835181538900637, "params": {"C": 78.78277727050046, "epsilon": 18.154716027153647, "gamma": 0.05883580156971331, "lamda": 0.02951376218337304}, "datetime": {"datetime": "2021-10-05 12:41:27", "elapsed": 439.314905, "delta": 2.386177}}
{"target": -10.834920387596728, "params": {"C": 65.2682986143408, "epsilon": 20.853914867756288, "gamma": 0.07130267694636212, "lamda": 0.024707458784291095}, "datetime": {"datetime": "2021-10-05 12:41:29", "elapsed": 441.69125, "delta": 2.376345}}
{"target": -10.591087998603808, "params": {"C": 33.025327104465696, "epsilon": 25.721161533177582, "gamma": 0.0889642695918425, "lamda": 0.013637994991510125}, "datetime": {"datetime": "2021-10-05 12:41:31", "elapsed": 444.040237, "delta": 2.348987}}
{"target": -10.652651922766761, "params": {"C": 19.276544697896195, "epsilon": 12.330170568366881, "gamma": 0.07039028170068706, "lamda": 0.0008072362092587787}, "datetime": {"datetime": "2021-10-05 12:41:34", "elapsed": 446.45142, "delta": 2.411183}}
{"target": -10.970665716272707, "params": {"C": 34.889958825504095, "epsilon": 26.427975299910734, "gamma": 0.04664507820571963, "lamda": 0.02883791816376325}, "datetime": {"datetime": "2021-10-05 12:41:36", "elapsed": 449.232444, "delta": 2.781024}}
{"target": -10.723815620443151, "params": {"C": 18.86944378465904, "epsilon": 20.893354373551905, "gamma": 0.06022510325968872, "lamda": 0.025695113107217588}, "datetime": {"datetime": "2021-10-05 12:41:38", "elapsed": 451.157011, "delta": 1.924567}}
{"target": -10.418211865553387, "params": {"C": 49.29689062127581, "epsilon": 28.71125595459788, "gamma": 0.08718293171250327, "lamda": 0.006383143742830161}, "datetime": {"datetime": "2021-10-05 12:41:41", "elapsed": 453.376496, "delta": 2.219485}}
{"target": -10.555491988322215, "params": {"C": 28.995497228662135, "epsilon": 23.01801191506432, "gamma": 0.0609133673367173, "lamda": 0.01991664692896863}, "datetime": {"datetime": "2021-10-05 12:41:42", "elapsed": 455.197912, "delta": 1.821416}}
{"target": -11.118936050718006, "params": {"C": 26.572522459774348, "epsilon": 17.00527025934933, "gamma": 0.09950134493858856, "lamda": 0.005007271999814841}, "datetime": {"datetime": "2021-10-05 12:41:44", "elapsed": 457.06443, "delta": 1.866518}}
{"target": -10.513979305148927, "params": {"C": 92.54465602966718, "epsilon": 21.904633333683726, "gamma": 0.0744926013176802, "lamda": 0.011315005319494729}, "datetime": {"datetime": "2021-10-05 12:41:46", "elapsed": 458.939442, "delta": 1.875012}}
{"target": -10.436756428175617, "params": {"C": 48.935781002735126, "epsilon": 14.240814529303165, "gamma": 0.07173861966855638, "lamda": 0.015894503637867465}, "datetime": {"datetime": "2021-10-05 12:41:48", "elapsed": 460.831577, "delta": 1.892135}}
{"target": -10.201625329713778, "params": {"C": 52.12673453720049, "epsilon": 13.20562482479945, "gamma": 0.05049806162093739, "lamda": 0.003218419990736577}, "datetime": {"datetime": "2021-10-05 12:41:50", "elapsed": 462.881668, "delta": 2.050091}}
{"target": -10.916131750144116, "params": {"C": 95.11651714828862, "epsilon": 25.10405024578613, "gamma": 0.0745984626474268, "lamda": 0.025730282252571648}, "datetime": {"datetime": "2021-10-05 12:41:52", "elapsed": 464.621163, "delta": 1.739495}}
{"target": -10.909686675885661, "params": {"C": 26.548229616694226, "epsilon": 11.305231982735087, "gamma": 0.08545894950231797, "lamda": 0.027418542973628387}, "datetime": {"datetime": "2021-10-05 12:41:54", "elapsed": 466.455129, "delta": 1.833966}}
{"target": -11.026515435473092, "params": {"C": 33.3436957837075, "epsilon": 28.856895223071707, "gamma": 0.09079981286818423, "lamda": 0.024201790928702917}, "datetime": {"datetime": "2021-10-05 12:41:56", "elapsed": 468.817532, "delta": 2.362403}}
{"target": -10.500465813438257, "params": {"C": 33.4323146704627, "epsilon": 22.529976768370666, "gamma": 0.024611316624050836, "lamda": 0.0036945358202880676}, "datetime": {"datetime": "2021-10-05 12:41:58", "elapsed": 470.728627, "delta": 1.911095}}
{"target": -11.114727619323856, "params": {"C": 55.02324949810334, "epsilon": 29.267165792104443, "gamma": 0.09215439621023289, "lamda": 0.026890431930304104}, "datetime": {"datetime": "2021-10-05 12:42:00", "elapsed": 472.626022, "delta": 1.897395}}
{"target": -10.264642819534057, "params": {"C": 42.22942550123489, "epsilon": 10.89592596112674, "gamma": 0.043965785843261815, "lamda": 0.012742527568203817}, "datetime": {"datetime": "2021-10-05 12:42:02", "elapsed": 474.535728, "delta": 1.909706}}
{"target": -10.301986994643386, "params": {"C": 52.12394860021335, "epsilon": 13.184238311908983, "gamma": 0.03504513865256366, "lamda": 0.0060648728843313475}, "datetime": {"datetime": "2021-10-05 12:42:05", "elapsed": 477.544529, "delta": 3.008801}}
{"target": -10.33842669025719, "params": {"C": 33.36718869280028, "epsilon": 28.802447885747043, "gamma": 0.05211222073993391, "lamda": 0.014449673989369454}, "datetime": {"datetime": "2021-10-05 12:42:07", "elapsed": 480.243965, "delta": 2.699436}}
{"target": -10.683234442901743, "params": {"C": 49.34098385273846, "epsilon": 28.731104235935547, "gamma": 0.07032751305784161, "lamda": 0.018067710322036308}, "datetime": {"datetime": "2021-10-05 12:42:09", "elapsed": 482.23209, "delta": 1.988125}}
{"target": -10.918617082085243, "params": {"C": 90.60543809636856, "epsilon": 18.061239293553307, "gamma": 0.030900462530799172, "lamda": 0.02201701418663797}, "datetime": {"datetime": "2021-10-05 12:42:11", "elapsed": 484.190562, "delta": 1.958472}}
{"target": -10.86761744366294, "params": {"C": 20.23317175734255, "epsilon": 23.90939902292691, "gamma": 0.02515392021803172, "lamda": 0.011943792104714118}, "datetime": {"datetime": "2021-10-05 12:42:14", "elapsed": 486.434664, "delta": 2.244102}}
{"target": -10.065083836838577, "params": {"C": 33.4084853684116, "epsilon": 14.719976656021117, "gamma": 0.04894317845207688, "lamda": 0.0058721623521480965}, "datetime": {"datetime": "2021-10-05 12:42:16", "elapsed": 488.492671, "delta": 2.058007}}
{"target": -10.558219291827092, "params": {"C": 89.71469121526671, "epsilon": 16.96787597864418, "gamma": 0.02480358436476591, "lamda": 0.005321972845088188}, "datetime": {"datetime": "2021-10-05 12:42:18", "elapsed": 491.212436, "delta": 2.719765}}
{"target": -10.742024757762358, "params": {"C": 33.418208534611594, "epsilon": 14.683969495286114, "gamma": 0.04809680123290798, "lamda": 0.02934577653676966}, "datetime": {"datetime": "2021-10-05 12:42:21", "elapsed": 493.695363, "delta": 2.482927}}
{"target": -10.066447195006182, "params": {"C": 49.56621822451721, "epsilon": 29.776394184082015, "gamma": 0.07310310795594409, "lamda": 0.0045431469415712356}, "datetime": {"datetime": "2021-10-05 12:42:24", "elapsed": 496.346687, "delta": 2.651324}}
{"target": -10.23564018729148, "params": {"C": 52.09947084024361, "epsilon": 13.18367595757234, "gamma": 0.05100772778202066, "lamda": 0.012313539089184889}, "datetime": {"datetime": "2021-10-05 12:42:26", "elapsed": 498.938671, "delta": 2.591984}}
{"target": -10.416383344782183, "params": {"C": 83.28345153914768, "epsilon": 24.651210917282757, "gamma": 0.0665202718205716, "lamda": 0.011696855208181646}, "datetime": {"datetime": "2021-10-05 12:42:28", "elapsed": 500.900895, "delta": 1.962224}}
{"target": -10.179869361957312, "params": {"C": 61.06404514640741, "epsilon": 19.558823778119653, "gamma": 0.0482743752285619, "lamda": 0.009347348456600605}, "datetime": {"datetime": "2021-10-05 12:42:30", "elapsed": 502.837596, "delta": 1.936701}}
{"target": -10.667540651304481, "params": {"C": 94.24224915736457, "epsilon": 15.638991720099568, "gamma": 0.04716202772259222, "lamda": 0.02394077290358892}, "datetime": {"datetime": "2021-10-05 12:42:32", "elapsed": 504.76289, "delta": 1.925294}}
{"target": -10.553460270434663, "params": {"C": 33.04525502431737, "epsilon": 25.780058213592977, "gamma": 0.043512308034742535, "lamda": 0.018167225392986194}, "datetime": {"datetime": "2021-10-05 12:42:34", "elapsed": 507.117393, "delta": 2.354503}}
{"target": -10.863829717638378, "params": {"C": 53.601680943658835, "epsilon": 16.623163552073322, "gamma": 0.030553769940213096, "lamda": 0.02134485117212911}, "datetime": {"datetime": "2021-10-05 12:42:36", "elapsed": 509.020424, "delta": 1.903031}}
{"target": -10.558421379793149, "params": {"C": 91.73169981802349, "epsilon": 16.372607941793213, "gamma": 0.07842900050407729, "lamda": 0.0071578279848504905}, "datetime": {"datetime": "2021-10-05 12:42:39", "elapsed": 511.486162, "delta": 2.465738}}
{"target": -10.652225142756748, "params": {"C": 33.43265112714346, "epsilon": 14.712814567100045, "gamma": 0.07752638583385958, "lamda": 0.020194009906581475}, "datetime": {"datetime": "2021-10-05 12:42:42", "elapsed": 514.472362, "delta": 2.9862}}
{"target": -10.95852736168818, "params": {"C": 96.87431806693813, "epsilon": 29.572316493923495, "gamma": 0.029405499906632777, "lamda": 0.000729970634343579}, "datetime": {"datetime": "2021-10-05 12:42:44", "elapsed": 516.445285, "delta": 1.972923}}
{"target": -10.585072213373287, "params": {"C": 47.023872054407846, "epsilon": 16.327875334549105, "gamma": 0.04823860723092672, "lamda": 0.022972154848410968}, "datetime": {"datetime": "2021-10-05 12:42:46", "elapsed": 518.99411, "delta": 2.548825}}
{"target": -10.76084769058953, "params": {"C": 73.00361561821816, "epsilon": 20.34250609334083, "gamma": 0.03409072079958436, "lamda": 0.019539404839127802}, "datetime": {"datetime": "2021-10-05 12:42:49", "elapsed": 521.450426, "delta": 2.456316}}
{"target": -10.527782823919981, "params": {"C": 10.409114874765802, "epsilon": 26.075629009379092, "gamma": 0.08059406956739913, "lamda": 0.009453075303219703}, "datetime": {"datetime": "2021-10-05 12:42:51", "elapsed": 523.387439, "delta": 1.937013}}
{"target": -10.776549716210855, "params": {"C": 69.92652904173202, "epsilon": 27.27341602320546, "gamma": 0.06574034833056339, "lamda": 0.022696462759136234}, "datetime": {"datetime": "2021-10-05 12:42:53", "elapsed": 525.380692, "delta": 1.993253}}
{"target": -10.554586272721508, "params": {"C": 67.56587273568603, "epsilon": 22.343553437892602, "gamma": 0.06720966783000946, "lamda": 0.01630410204517047}, "datetime": {"datetime": "2021-10-05 12:42:55", "elapsed": 527.326603, "delta": 1.945911}}
{"target": -10.946411228704077, "params": {"C": 18.251272677498406, "epsilon": 28.85867668701155, "gamma": 0.030495492493275045, "lamda": 0.018615324701023055}, "datetime": {"datetime": "2021-10-05 12:42:57", "elapsed": 529.311206, "delta": 1.984603}}
{"target": -10.642754786716342, "params": {"C": 52.12059909347986, "epsilon": 13.239548279398734, "gamma": 0.04412359685080107, "lamda": 0.02581365722575598}, "datetime": {"datetime": "2021-10-05 12:42:59", "elapsed": 532.107069, "delta": 2.795863}}
{"target": -11.066936519160604, "params": {"C": 71.68403531515452, "epsilon": 18.88910007411967, "gamma": 0.08093410264309052, "lamda": 0.02962457016747787}, "datetime": {"datetime": "2021-10-05 12:43:01", "elapsed": 534.133049, "delta": 2.02598}}
{"target": -10.519790819132117, "params": {"C": 15.333283771613743, "epsilon": 10.13484774882778, "gamma": 0.06815107646752232, "lamda": 0.004942131903644589}, "datetime": {"datetime": "2021-10-05 12:43:03", "elapsed": 536.254446, "delta": 2.121397}}
{"target": -10.534958422233464, "params": {"C": 13.700311323976727, "epsilon": 14.517919837281628, "gamma": 0.039173668492102326, "lamda": 0.013697824354625446}, "datetime": {"datetime": "2021-10-05 12:43:06", "elapsed": 539.02996, "delta": 2.775514}}
{"target": -11.092899472282225, "params": {"C": 87.66386563397225, "epsilon": 25.74432290088069, "gamma": 0.028883753067131188, "lamda": 0.02269157234277866}, "datetime": {"datetime": "2021-10-05 12:43:08", "elapsed": 540.994156, "delta": 1.964196}}
{"target": -11.073034226246993, "params": {"C": 90.79337020586053, "epsilon": 12.833703427067686, "gamma": 0.027442975823656762, "lamda": 0.02781423796942598}, "datetime": {"datetime": "2021-10-05 12:43:10", "elapsed": 542.92792, "delta": 1.933764}}
{"target": -10.545002790480746, "params": {"C": 20.37378542832436, "epsilon": 23.881463254381117, "gamma": 0.0709609540291597, "lamda": 0.017579840128124472}, "datetime": {"datetime": "2021-10-05 12:43:14", "elapsed": 546.341656, "delta": 3.413736}}
{"target": -10.833904543003111, "params": {"C": 14.697473492700293, "epsilon": 16.766021890459488, "gamma": 0.09103547665271607, "lamda": 0.005422985780825805}, "datetime": {"datetime": "2021-10-05 12:43:16", "elapsed": 548.376329, "delta": 2.034673}}
{"target": -10.266424420972719, "params": {"C": 39.13787285760294, "epsilon": 12.594919724703853, "gamma": 0.06436512288596624, "lamda": 0.004754770127052985}, "datetime": {"datetime": "2021-10-05 12:43:18", "elapsed": 551.147744, "delta": 2.771415}}
{"target": -10.75256406267211, "params": {"C": 41.296439416291136, "epsilon": 28.464114177475686, "gamma": 0.05531356588760454, "lamda": 0.023060092146189426}, "datetime": {"datetime": "2021-10-05 12:43:20", "elapsed": 553.152586, "delta": 2.004842}}
{"target": -10.486282516978228, "params": {"C": 67.80273452280184, "epsilon": 10.363505128010225, "gamma": 0.06966735752411489, "lamda": 0.007399631971486966}, "datetime": {"datetime": "2021-10-05 12:43:22", "elapsed": 555.224733, "delta": 2.072147}}
{"target": -10.444927050160912, "params": {"C": 65.33253378930965, "epsilon": 22.96623181180272, "gamma": 0.04246120784126797, "lamda": 0.013494569376163229}, "datetime": {"datetime": "2021-10-05 12:43:24", "elapsed": 557.268133, "delta": 2.0434}}
{"target": -10.58622126474886, "params": {"C": 34.871712141233715, "epsilon": 24.744823901182123, "gamma": 0.04501259362485936, "lamda": 0.019793456018197594}, "datetime": {"datetime": "2021-10-05 12:43:27", "elapsed": 559.444611, "delta": 2.176478}}
{"target": -10.549596780225396, "params": {"C": 53.59593307353344, "epsilon": 16.60264649275729, "gamma": 0.05804731875769262, "lamda": 0.02041373506027974}, "datetime": {"datetime": "2021-10-05 12:43:29", "elapsed": 561.620097, "delta": 2.175486}}
{"target": -10.306981046370497, "params": {"C": 48.64611678837746, "epsilon": 10.669861930623583, "gamma": 0.04530109174410244, "lamda": 0.014780517469680737}, "datetime": {"datetime": "2021-10-05 12:43:31", "elapsed": 563.73324, "delta": 2.113143}}
{"target": -11.014319079057652, "params": {"C": 72.12803938442946, "epsilon": 11.76877497076305, "gamma": 0.025044590920788812, "lamda": 0.022663505305981626}, "datetime": {"datetime": "2021-10-05 12:43:33", "elapsed": 565.813863, "delta": 2.080623}}
{"target": -10.40462182504342, "params": {"C": 69.79499964064199, "epsilon": 18.85732390205923, "gamma": 0.030366050533696967, "lamda": 0.0061313576914876385}, "datetime": {"datetime": "2021-10-05 12:43:35", "elapsed": 568.049452, "delta": 2.235589}}
{"target": -10.411982964070605, "params": {"C": 79.19560031818837, "epsilon": 11.904023105541707, "gamma": 0.05091773947412886, "lamda": 0.017035705721082667}, "datetime": {"datetime": "2021-10-05 12:43:37", "elapsed": 570.232847, "delta": 2.183395}}
{"target": -10.99774198912365, "params": {"C": 35.05378783403584, "epsilon": 29.290967997946534, "gamma": 0.093675737803575, "lamda": 0.0022802770699805854}, "datetime": {"datetime": "2021-10-05 12:43:40", "elapsed": 572.327061, "delta": 2.094214}}
{"target": -10.723391449439342, "params": {"C": 58.02792932571171, "epsilon": 14.774294911756726, "gamma": 0.08102700677230344, "lamda": 0.004880210653289444}, "datetime": {"datetime": "2021-10-05 12:43:42", "elapsed": 574.515088, "delta": 2.188027}}
{"target": -10.213237839976234, "params": {"C": 52.12209973436005, "epsilon": 13.153214103189313, "gamma": 0.06895994720499933, "lamda": 0.00835975440243802}, "datetime": {"datetime": "2021-10-05 12:43:45", "elapsed": 577.670336, "delta": 3.155248}}
{"target": -10.818681158103303, "params": {"C": 63.4220808688347, "epsilon": 20.801268641006097, "gamma": 0.07175505197206242, "lamda": 0.023652474535535043}, "datetime": {"datetime": "2021-10-05 12:43:48", "elapsed": 580.357785, "delta": 2.687449}}
{"target": -11.406729212600604, "params": {"C": 96.05107242090646, "epsilon": 18.8477940092584, "gamma": 0.08777064833850509, "lamda": 0.002687278953968551}, "datetime": {"datetime": "2021-10-05 12:43:50", "elapsed": 582.459162, "delta": 2.101377}}
{"target": -10.499893692786575, "params": {"C": 18.75884219603909, "epsilon": 29.380832673026646, "gamma": 0.08784080592818838, "lamda": 0.009716033631058245}, "datetime": {"datetime": "2021-10-05 12:43:52", "elapsed": 584.611172, "delta": 2.15201}}
{"target": -10.80092158380019, "params": {"C": 52.26628206504557, "epsilon": 27.049884563241942, "gamma": 0.053023239371583805, "lamda": 0.024963622005235137}, "datetime": {"datetime": "2021-10-05 12:43:54", "elapsed": 586.595102, "delta": 1.98393}}
{"target": -10.539693752722261, "params": {"C": 60.61566063091075, "epsilon": 13.414511093498355, "gamma": 0.05019701533154335, "lamda": 0.02251939239173138}, "datetime": {"datetime": "2021-10-05 12:43:56", "elapsed": 588.784602, "delta": 2.1895}}
{"target": -10.859323779926411, "params": {"C": 24.55221418870816, "epsilon": 14.52969343023856, "gamma": 0.07382039570933967, "lamda": 0.0012944592825867454}, "datetime": {"datetime": "2021-10-05 12:43:59", "elapsed": 591.430476, "delta": 2.645874}}
{"target": -10.167004087154485, "params": {"C": 67.15233089435007, "epsilon": 26.921640723819827, "gamma": 0.05890135281674218, "lamda": 0.009009158284939521}, "datetime": {"datetime": "2021-10-05 12:44:01", "elapsed": 593.45842, "delta": 2.027944}}
{"target": -10.300968873544821, "params": {"C": 69.5708931609129, "epsilon": 10.371659307262016, "gamma": 0.06474368189760978, "lamda": 0.011354733277985871}, "datetime": {"datetime": "2021-10-05 12:44:04", "elapsed": 596.339491, "delta": 2.881071}}
{"target": -10.17941600769633, "params": {"C": 53.58867544502085, "epsilon": 16.575540072626968, "gamma": 0.06777702624796854, "lamda": 0.0063988378259247245}, "datetime": {"datetime": "2021-10-05 12:44:06", "elapsed": 599.110295, "delta": 2.770804}}
{"target": -11.091513496223829, "params": {"C": 51.56251226602684, "epsilon": 27.467270177017834, "gamma": 0.0302116932969506, "lamda": 0.023114974197880767}, "datetime": {"datetime": "2021-10-05 12:44:10", "elapsed": 602.364884, "delta": 3.254589}}
{"target": -11.020664481945476, "params": {"C": 18.564778553380894, "epsilon": 19.082206060567845, "gamma": 0.09567697649052495, "lamda": 0.027190245195094286}, "datetime": {"datetime": "2021-10-05 12:44:12", "elapsed": 604.515924, "delta": 2.15104}}
{"target": -10.841264586882614, "params": {"C": 52.15364499157568, "epsilon": 13.218677212750462, "gamma": 0.06355811181729136, "lamda": 0.028495077613590908}, "datetime": {"datetime": "2021-10-05 12:44:14", "elapsed": 607.165664, "delta": 2.64974}}
{"target": -10.4450571473137, "params": {"C": 71.05157518186854, "epsilon": 13.53939853132779, "gamma": 0.05532690045607565, "lamda": 0.01828003710061675}, "datetime": {"datetime": "2021-10-05 12:44:17", "elapsed": 610.030451, "delta": 2.864787}}
{"target": -11.02223081623709, "params": {"C": 70.48775567082666, "epsilon": 13.459188744657869, "gamma": 0.0822384688619053, "lamda": 0.02677039627172522}, "datetime": {"datetime": "2021-10-05 12:44:19", "elapsed": 612.30537, "delta": 2.274919}}
{"target": -10.779359307639233, "params": {"C": 84.54660033454145, "epsilon": 12.457872138210897, "gamma": 0.05536907154052212, "lamda": 0.026883091154357257}, "datetime": {"datetime": "2021-10-05 12:44:22", "elapsed": 614.473359, "delta": 2.167989}}
{"target": -10.976932587406178, "params": {"C": 68.08504459012211, "epsilon": 16.646363797408437, "gamma": 0.029282250607637908, "lamda": 0.022948788722323293}, "datetime": {"datetime": "2021-10-05 12:44:24", "elapsed": 616.633577, "delta": 2.160218}}
{"target": -10.632531263315933, "params": {"C": 75.93073663661005, "epsilon": 29.83549239352226, "gamma": 0.06570901522472755, "lamda": 0.0015521213729720118}, "datetime": {"datetime": "2021-10-05 12:44:26", "elapsed": 618.761446, "delta": 2.127869}}
{"target": -10.248836684427221, "params": {"C": 77.91313068019387, "epsilon": 20.99345832142491, "gamma": 0.0723262543511486, "lamda": 0.007272526117498935}, "datetime": {"datetime": "2021-10-05 12:44:28", "elapsed": 621.141101, "delta": 2.379655}}
{"target": -11.104499101903329, "params": {"C": 82.3243449766491, "epsilon": 17.863403682745457, "gamma": 0.09518135789986405, "lamda": 0.0230148843137873}, "datetime": {"datetime": "2021-10-05 12:44:31", "elapsed": 623.462301, "delta": 2.3212}}
