{"target": -10.18373977054837, "params": {"C": 23.257924243276374, "epsilon": 22.64170254669716, "gamma": 0.022318275030631655, "lamda": 0.0028225294999768766}, "datetime": {"datetime": "2021-10-06 13:29:31", "elapsed": 210.806958, "delta": 2.055353}}
{"target": -10.348021133146933, "params": {"C": 51.93815970599387, "epsilon": 34.39194066945426, "gamma": 0.015134785134356224, "lamda": 0.007046424667508508}, "datetime": {"datetime": "2021-10-06 13:29:32", "elapsed": 212.393462, "delta": 1.586504}}
{"target": -10.352042057363416, "params": {"C": 21.754795985700113, "epsilon": 27.175233994905994, "gamma": 0.016476733297295907, "lamda": 0.01510908898025357}, "datetime": {"datetime": "2021-10-06 13:29:34", "elapsed": 213.459401, "delta": 1.065939}}
{"target": -10.193573053733779, "params": {"C": 81.03512551311485, "epsilon": 31.97645129759703, "gamma": 0.019425670610333033, "lamda": 0.006337570127495743}, "datetime": {"datetime": "2021-10-06 13:29:35", "elapsed": 214.878124, "delta": 1.418723}}
{"target": -10.25631581158656, "params": {"C": 30.471521016879464, "epsilon": 30.36303589798504, "gamma": 0.025924671284867494, "lamda": 0.014483534675410492}, "datetime": {"datetime": "2021-10-06 13:29:36", "elapsed": 216.009059, "delta": 1.130935}}
{"target": -10.35182307368013, "params": {"C": 37.44126559694651, "epsilon": 30.422284711638696, "gamma": 0.026116657836010027, "lamda": 0.0023727266730442413}, "datetime": {"datetime": "2021-10-06 13:29:38", "elapsed": 217.567376, "delta": 1.558317}}
{"target": -10.518992243590777, "params": {"C": 66.21233633621421, "epsilon": 11.940700565502324, "gamma": 0.034910486067766526, "lamda": 0.013371061432376907}, "datetime": {"datetime": "2021-10-06 13:29:39", "elapsed": 218.60413, "delta": 1.036754}}
{"target": -10.377122535764705, "params": {"C": 29.14462578543414, "epsilon": 14.647292526316027, "gamma": 0.03233996300065216, "lamda": 0.01398722762600838}, "datetime": {"datetime": "2021-10-06 13:29:40", "elapsed": 219.833535, "delta": 1.229405}}
{"target": -10.41200351235676, "params": {"C": 13.234543073465213, "epsilon": 29.24335143949171, "gamma": 0.012814463707404158, "lamda": 0.009244605504969318}, "datetime": {"datetime": "2021-10-06 13:29:41", "elapsed": 220.914262, "delta": 1.080727}}
{"target": -10.542970216017181, "params": {"C": 36.50109687907259, "epsilon": 23.541804270535273, "gamma": 0.02424426283775514, "lamda": 0.00024960623187605783}, "datetime": {"datetime": "2021-10-06 13:29:43", "elapsed": 222.699722, "delta": 1.78546}}
{"target": -10.369220073863213, "params": {"C": 75.12633317248809, "epsilon": 12.122068725303233, "gamma": 0.014327079236855823, "lamda": 0.007686649165183502}, "datetime": {"datetime": "2021-10-06 13:29:44", "elapsed": 223.843716, "delta": 1.143994}}
{"target": -10.29918393140012, "params": {"C": 45.164054104782664, "epsilon": 10.707619088520392, "gamma": 0.017213626094345374, "lamda": 0.013128215753575105}, "datetime": {"datetime": "2021-10-06 13:29:45", "elapsed": 225.346042, "delta": 1.502326}}
{"target": -10.358466572316855, "params": {"C": 73.96800032597665, "epsilon": 18.664978850650776, "gamma": 0.019024231840648782, "lamda": 0.015976898677398457}, "datetime": {"datetime": "2021-10-06 13:29:47", "elapsed": 227.299862, "delta": 1.95382}}
{"target": -10.348286967086196, "params": {"C": 65.77210333027213, "epsilon": 17.044010977994763, "gamma": 0.021094094430549683, "lamda": 0.014976072405607256}, "datetime": {"datetime": "2021-10-06 13:29:49", "elapsed": 228.525497, "delta": 1.225635}}
{"target": -10.432217212337385, "params": {"C": 24.503870505185393, "epsilon": 21.459802121732316, "gamma": 0.03965380560035423, "lamda": 0.018762186473379572}, "datetime": {"datetime": "2021-10-06 13:29:50", "elapsed": 229.681717, "delta": 1.15622}}
{"target": -10.368289910222217, "params": {"C": 18.95506619151015, "epsilon": 34.557713341281726, "gamma": 0.03674870779104582, "lamda": 0.007493316767454816}, "datetime": {"datetime": "2021-10-06 13:29:51", "elapsed": 231.287591, "delta": 1.605874}}
{"target": -10.41702128090336, "params": {"C": 44.1218480144179, "epsilon": 30.05774576255322, "gamma": 0.036015984865302796, "lamda": 0.003985774505879489}, "datetime": {"datetime": "2021-10-06 13:29:53", "elapsed": 232.706782, "delta": 1.419191}}
{"target": -10.363097243037672, "params": {"C": 57.9634609868452, "epsilon": 30.180491079943575, "gamma": 0.03311455409180194, "lamda": 0.01097513640429752}, "datetime": {"datetime": "2021-10-06 13:29:54", "elapsed": 234.055422, "delta": 1.34864}}
{"target": -10.467857351030805, "params": {"C": 39.094755012273446, "epsilon": 28.13700130940101, "gamma": 0.02968816339888921, "lamda": 0.0009316962883716586}, "datetime": {"datetime": "2021-10-06 13:29:56", "elapsed": 235.48162, "delta": 1.426198}}
{"target": -10.230601242761994, "params": {"C": 34.832144461388964, "epsilon": 23.817735572964835, "gamma": 0.02598526852144329, "lamda": 0.011536754125444554}, "datetime": {"datetime": "2021-10-06 13:29:57", "elapsed": 236.644614, "delta": 1.162994}}
{"target": -10.210289454716785, "params": {"C": 50.50320478922323, "epsilon": 29.109000950668666, "gamma": 0.013966363221799108, "lamda": 0.004192583668036363}, "datetime": {"datetime": "2021-10-06 13:29:58", "elapsed": 237.842641, "delta": 1.198027}}
{"target": -10.412738370690326, "params": {"C": 12.311178698247932, "epsilon": 16.157424283953375, "gamma": 0.03219686384075708, "lamda": 0.0002460384588609435}, "datetime": {"datetime": "2021-10-06 13:30:00", "elapsed": 239.660185, "delta": 1.817544}}
{"target": -10.209987129341933, "params": {"C": 33.71639118017773, "epsilon": 21.5527624213035, "gamma": 0.018814225613097403, "lamda": 0.015157742278575097}, "datetime": {"datetime": "2021-10-06 13:30:01", "elapsed": 240.899189, "delta": 1.239004}}
{"target": -10.222158991597075, "params": {"C": 69.4446825991787, "epsilon": 21.712768389381814, "gamma": 0.02153927537747203, "lamda": 0.0007085004412715337}, "datetime": {"datetime": "2021-10-06 13:30:02", "elapsed": 242.213046, "delta": 1.313857}}
{"target": -10.698609762496671, "params": {"C": 93.8474963294598, "epsilon": 24.889165936507652, "gamma": 0.03716548510306056, "lamda": 0.001528285833877744}, "datetime": {"datetime": "2021-10-06 13:30:04", "elapsed": 243.544069, "delta": 1.331023}}
{"target": -10.246508124598508, "params": {"C": 31.48134909280147, "epsilon": 12.996521110190084, "gamma": 0.029405334725497778, "lamda": 0.005033587940387212}, "datetime": {"datetime": "2021-10-06 13:30:05", "elapsed": 244.734039, "delta": 1.18997}}
{"target": -10.41614768100747, "params": {"C": 96.07242189490286, "epsilon": 28.589598077404105, "gamma": 0.01817029210591096, "lamda": 0.014692242398757549}, "datetime": {"datetime": "2021-10-06 13:30:06", "elapsed": 245.873189, "delta": 1.13915}}
{"target": -10.436488324925334, "params": {"C": 78.90674354613488, "epsilon": 23.47900985628494, "gamma": 0.015822865908260996, "lamda": 0.011776142492713351}, "datetime": {"datetime": "2021-10-06 13:30:08", "elapsed": 247.691921, "delta": 1.818732}}
{"target": -10.768451958137751, "params": {"C": 8.04282912738646, "epsilon": 34.52806336652468, "gamma": 0.03878644785047281, "lamda": 0.0027059903095228654}, "datetime": {"datetime": "2021-10-06 13:30:09", "elapsed": 248.823435, "delta": 1.131514}}
{"target": -10.402195325500099, "params": {"C": 53.011040766583335, "epsilon": 21.663277898677315, "gamma": 0.014655635448959231, "lamda": 0.012086230427759309}, "datetime": {"datetime": "2021-10-06 13:30:10", "elapsed": 250.271346, "delta": 1.447911}}
{"target": -10.224861249396282, "params": {"C": 13.945109497008016, "epsilon": 23.822372738120812, "gamma": 0.031615667473088784, "lamda": 0.016690196672579986}, "datetime": {"datetime": "2021-10-06 13:30:12", "elapsed": 251.729576, "delta": 1.45823}}
{"target": -10.604424510622295, "params": {"C": 89.02342030163643, "epsilon": 13.355561679581257, "gamma": 0.036297999385042745, "lamda": 0.016738882978126104}, "datetime": {"datetime": "2021-10-06 13:30:13", "elapsed": 253.177991, "delta": 1.448415}}
{"target": -10.350649334707311, "params": {"C": 77.17716848004507, "epsilon": 10.704777500563711, "gamma": 0.016753601611770263, "lamda": 0.0007835537996262785}, "datetime": {"datetime": "2021-10-06 13:30:15", "elapsed": 254.724404, "delta": 1.546413}}
{"target": -10.171782757963433, "params": {"C": 20.249709050342297, "epsilon": 25.446996395317417, "gamma": 0.024343674152336403, "lamda": 0.011565319460066031}, "datetime": {"datetime": "2021-10-06 13:30:16", "elapsed": 255.870033, "delta": 1.145629}}
{"target": -10.154199009387813, "params": {"C": 20.506497242806383, "epsilon": 29.481522835453706, "gamma": 0.01732978072559193, "lamda": 0.00942050906121197}, "datetime": {"datetime": "2021-10-06 13:30:17", "elapsed": 256.979538, "delta": 1.109505}}
{"target": -10.26721623170655, "params": {"C": 35.043778062012734, "epsilon": 33.42616831810819, "gamma": 0.024304236810637782, "lamda": 0.013235991333942572}, "datetime": {"datetime": "2021-10-06 13:30:19", "elapsed": 258.488985, "delta": 1.509447}}
{"target": -10.197509070106243, "params": {"C": 28.872712077175695, "epsilon": 15.49350191824334, "gamma": 0.020732187197897642, "lamda": 0.004777545250709567}, "datetime": {"datetime": "2021-10-06 13:30:20", "elapsed": 259.939403, "delta": 1.450418}}
{"target": -10.675509630109541, "params": {"C": 6.989330130005184, "epsilon": 31.773619413881963, "gamma": 0.02386334246382, "lamda": 0.002696886542584571}, "datetime": {"datetime": "2021-10-06 13:30:21", "elapsed": 261.238783, "delta": 1.29938}}
{"target": -10.535866341236892, "params": {"C": 34.32346682685271, "epsilon": 25.767060255524086, "gamma": 0.01589862060329971, "lamda": 0.019063518049066044}, "datetime": {"datetime": "2021-10-06 13:30:22", "elapsed": 262.393301, "delta": 1.154518}}
{"target": -10.215420419369687, "params": {"C": 73.77476608282043, "epsilon": 31.065127144479316, "gamma": 0.022304141194635568, "lamda": 0.007210875863820475}, "datetime": {"datetime": "2021-10-06 13:30:24", "elapsed": 263.49679, "delta": 1.103489}}
{"target": -10.302089006920408, "params": {"C": 53.51386808879102, "epsilon": 19.812710471210245, "gamma": 0.02337388301765781, "lamda": 0.015812415569543548}, "datetime": {"datetime": "2021-10-06 13:30:25", "elapsed": 264.574255, "delta": 1.077465}}
{"target": -10.213307060048578, "params": {"C": 12.678229605280649, "epsilon": 26.098401654513836, "gamma": 0.021866276452241047, "lamda": 0.009560766567009422}, "datetime": {"datetime": "2021-10-06 13:30:26", "elapsed": 266.261079, "delta": 1.686824}}
{"target": -10.588895096485148, "params": {"C": 87.77293835159053, "epsilon": 31.83597053662495, "gamma": 0.03713267322101494, "lamda": 0.002684618170702414}, "datetime": {"datetime": "2021-10-06 13:30:28", "elapsed": 267.993175, "delta": 1.732096}}
{"target": -10.408695104867553, "params": {"C": 28.28509990634624, "epsilon": 10.658389716262194, "gamma": 0.01945541510077737, "lamda": 0.0011501534949320935}, "datetime": {"datetime": "2021-10-06 13:30:29", "elapsed": 269.299173, "delta": 1.305998}}
{"target": -10.612662945964976, "params": {"C": 86.36425118366965, "epsilon": 16.65957968324011, "gamma": 0.03993117633180694, "lamda": 0.015881153701804512}, "datetime": {"datetime": "2021-10-06 13:30:31", "elapsed": 270.465736, "delta": 1.166563}}
{"target": -10.9445715745297, "params": {"C": 45.94932010117464, "epsilon": 16.591807383589103, "gamma": 0.03827295200106011, "lamda": 0.00028969404289347106}, "datetime": {"datetime": "2021-10-06 13:30:32", "elapsed": 271.762174, "delta": 1.296438}}
{"target": -10.30983321950905, "params": {"C": 58.62329303770747, "epsilon": 19.839554502508427, "gamma": 0.017150932161129947, "lamda": 0.013307293742610091}, "datetime": {"datetime": "2021-10-06 13:30:33", "elapsed": 272.961689, "delta": 1.199515}}
{"target": -10.156973257881035, "params": {"C": 58.019239570622084, "epsilon": 21.397151742412944, "gamma": 0.016871837617181324, "lamda": 0.006816301259587577}, "datetime": {"datetime": "2021-10-06 13:30:35", "elapsed": 274.491729, "delta": 1.53004}}
{"target": -10.215483183940899, "params": {"C": 55.72311382575777, "epsilon": 12.975170609403882, "gamma": 0.024306949384069104, "lamda": 0.00649558178134963}, "datetime": {"datetime": "2021-10-06 13:30:36", "elapsed": 275.948197, "delta": 1.456468}}
{"target": -10.411410670716899, "params": {"C": 92.43730689185227, "epsilon": 13.16828671715632, "gamma": 0.020263166942859616, "lamda": 0.016402315801747388}, "datetime": {"datetime": "2021-10-06 13:30:37", "elapsed": 277.099771, "delta": 1.151574}}
{"target": -10.157454317773675, "params": {"C": 64.12010611769412, "epsilon": 30.59617816224561, "gamma": 0.020185790144560192, "lamda": 0.006487295381455353}, "datetime": {"datetime": "2021-10-06 13:30:39", "elapsed": 278.612143, "delta": 1.512372}}
{"target": -10.390180247165736, "params": {"C": 85.7077913072696, "epsilon": 34.358563547595494, "gamma": 0.012171844783950505, "lamda": 0.004245709272375401}, "datetime": {"datetime": "2021-10-06 13:30:40", "elapsed": 279.736206, "delta": 1.124063}}
{"target": -10.270965125588786, "params": {"C": 18.429112027947912, "epsilon": 14.017093801232082, "gamma": 0.02572229494858061, "lamda": 0.011408875359812215}, "datetime": {"datetime": "2021-10-06 13:30:41", "elapsed": 281.002043, "delta": 1.265837}}
{"target": -10.570461714850108, "params": {"C": 73.83407106488367, "epsilon": 13.148380104955635, "gamma": 0.0360353888775246, "lamda": 0.004932179745953344}, "datetime": {"datetime": "2021-10-06 13:30:43", "elapsed": 282.750913, "delta": 1.74887}}
{"target": -10.357515156095165, "params": {"C": 90.28934194937517, "epsilon": 23.32128259624489, "gamma": 0.012050888067913578, "lamda": 0.00444556548936295}, "datetime": {"datetime": "2021-10-06 13:30:44", "elapsed": 283.943163, "delta": 1.19225}}
{"target": -10.383922928885383, "params": {"C": 87.55774742111625, "epsilon": 29.644037821718065, "gamma": 0.015371686397826236, "lamda": 0.008069603525394844}, "datetime": {"datetime": "2021-10-06 13:30:46", "elapsed": 285.471233, "delta": 1.52807}}
{"target": -10.880382690303513, "params": {"C": 84.9091885366824, "epsilon": 10.701202495565514, "gamma": 0.034668920808007445, "lamda": 0.0011904584769511014}, "datetime": {"datetime": "2021-10-06 13:30:47", "elapsed": 286.998448, "delta": 1.527215}}
{"target": -10.611595914395751, "params": {"C": 82.97331350467394, "epsilon": 13.200816338786428, "gamma": 0.03581480870335336, "lamda": 0.0033226385244441783}, "datetime": {"datetime": "2021-10-06 13:30:48", "elapsed": 288.172993, "delta": 1.174545}}
{"target": -10.794181929236368, "params": {"C": 65.00875824080791, "epsilon": 23.709155149339843, "gamma": 0.011770396986635626, "lamda": 0.018542535344628786}, "datetime": {"datetime": "2021-10-06 13:30:49", "elapsed": 289.41437, "delta": 1.241377}}
{"target": -10.31823605976826, "params": {"C": 47.33095303816237, "epsilon": 19.290377876856706, "gamma": 0.025311343481082493, "lamda": 0.013503009995960075}, "datetime": {"datetime": "2021-10-06 13:30:51", "elapsed": 290.605058, "delta": 1.190688}}
{"target": -10.41832579021295, "params": {"C": 90.06714013197647, "epsilon": 10.092722655061142, "gamma": 0.029459845801691552, "lamda": 0.0028484023183930774}, "datetime": {"datetime": "2021-10-06 13:30:52", "elapsed": 292.108076, "delta": 1.503018}}
{"target": -10.568290522129205, "params": {"C": 70.60701448406388, "epsilon": 26.62418180706422, "gamma": 0.03915657101997169, "lamda": 0.0039695365231920115}, "datetime": {"datetime": "2021-10-06 13:30:53", "elapsed": 293.244799, "delta": 1.136723}}
{"target": -10.418117970375073, "params": {"C": 68.21802927828335, "epsilon": 13.330661183076241, "gamma": 0.028376821122000538, "lamda": 0.011787041047304705}, "datetime": {"datetime": "2021-10-06 13:30:55", "elapsed": 294.480127, "delta": 1.235328}}
{"target": -10.129387052217668, "params": {"C": 38.2320231154362, "epsilon": 33.26305864448691, "gamma": 0.018520488034856883, "lamda": 0.004612447318979691}, "datetime": {"datetime": "2021-10-06 13:30:56", "elapsed": 295.628123, "delta": 1.147996}}
{"target": -10.282327940832454, "params": {"C": 67.44559732528808, "epsilon": 32.29057018735003, "gamma": 0.027340592515646106, "lamda": 0.005777706626564864}, "datetime": {"datetime": "2021-10-06 13:30:57", "elapsed": 296.905394, "delta": 1.277271}}
{"target": -10.364343119373846, "params": {"C": 69.7080964519504, "epsilon": 30.144248374529695, "gamma": 0.027501562965869024, "lamda": 0.018245363976495798}, "datetime": {"datetime": "2021-10-06 13:30:58", "elapsed": 298.153132, "delta": 1.247738}}
{"target": -10.369631377890991, "params": {"C": 52.204968887253756, "epsilon": 22.151095814285128, "gamma": 0.033043919693233885, "lamda": 0.01325071273878769}, "datetime": {"datetime": "2021-10-06 13:31:00", "elapsed": 299.701135, "delta": 1.548003}}
{"target": -10.617660018280835, "params": {"C": 77.00063833113809, "epsilon": 30.003819942330075, "gamma": 0.03860545057546631, "lamda": 0.003066574860682291}, "datetime": {"datetime": "2021-10-06 13:31:01", "elapsed": 300.924063, "delta": 1.222928}}
{"target": -10.345881381591216, "params": {"C": 36.171456589912864, "epsilon": 27.19121653957582, "gamma": 0.03158250735921751, "lamda": 0.01672088917961543}, "datetime": {"datetime": "2021-10-06 13:31:02", "elapsed": 302.441208, "delta": 1.517145}}
{"target": -10.2180849203713, "params": {"C": 18.889552522508644, "epsilon": 27.129949504379248, "gamma": 0.03072163498895028, "lamda": 0.010900817063087497}, "datetime": {"datetime": "2021-10-06 13:31:04", "elapsed": 303.671118, "delta": 1.22991}}
{"target": -10.297911571093394, "params": {"C": 17.535335447935285, "epsilon": 25.423219423235366, "gamma": 0.020172900959871103, "lamda": 0.01980206384824447}, "datetime": {"datetime": "2021-10-06 13:31:05", "elapsed": 304.884383, "delta": 1.213265}}
{"target": -10.22165815717641, "params": {"C": 66.58775753191236, "epsilon": 34.33103930059791, "gamma": 0.019512605596274997, "lamda": 0.007819020081222637}, "datetime": {"datetime": "2021-10-06 13:31:06", "elapsed": 306.090094, "delta": 1.205711}}
{"target": -10.086910920188807, "params": {"C": 48.10199726724993, "epsilon": 26.637231534474587, "gamma": 0.017854394716438994, "lamda": 0.004496128824541495}, "datetime": {"datetime": "2021-10-06 13:31:07", "elapsed": 307.339791, "delta": 1.249697}}
{"target": -10.262880221349544, "params": {"C": 30.04717059268802, "epsilon": 18.599977994608093, "gamma": 0.013084726858681145, "lamda": 0.006955674973378291}, "datetime": {"datetime": "2021-10-06 13:31:09", "elapsed": 308.653681, "delta": 1.31389}}
{"target": -10.213267856965622, "params": {"C": 46.35709181926103, "epsilon": 34.70674089589126, "gamma": 0.020235209019021864, "lamda": 0.010090239458086576}, "datetime": {"datetime": "2021-10-06 13:31:10", "elapsed": 309.874372, "delta": 1.220691}}
{"target": -10.707905955125128, "params": {"C": 83.14803302186512, "epsilon": 27.275498800348384, "gamma": 0.014318637711583888, "lamda": 0.01918364344218841}, "datetime": {"datetime": "2021-10-06 13:31:11", "elapsed": 311.094367, "delta": 1.219995}}
{"target": -10.340825984422015, "params": {"C": 71.90256635268045, "epsilon": 28.95979334739616, "gamma": 0.029525956587407524, "lamda": 0.00985033933871864}, "datetime": {"datetime": "2021-10-06 13:31:12", "elapsed": 312.333592, "delta": 1.239225}}
{"target": -10.389935226351914, "params": {"C": 43.45974211572063, "epsilon": 19.507534802148356, "gamma": 0.03635515756924972, "lamda": 0.009794980989222508}, "datetime": {"datetime": "2021-10-06 13:31:14", "elapsed": 313.63056, "delta": 1.296968}}
{"target": -10.343880590550802, "params": {"C": 76.05513689588258, "epsilon": 23.69999144940977, "gamma": 0.029117015168361612, "lamda": 0.007706627903413472}, "datetime": {"datetime": "2021-10-06 13:31:15", "elapsed": 315.314884, "delta": 1.684324}}
{"target": -10.686172911589047, "params": {"C": 12.233647905928986, "epsilon": 31.717662043375643, "gamma": 0.03971210972356963, "lamda": 0.0022323592881605724}, "datetime": {"datetime": "2021-10-06 13:31:17", "elapsed": 316.668796, "delta": 1.353912}}
{"target": -10.448655571421234, "params": {"C": 83.1376516021962, "epsilon": 30.052040613864815, "gamma": 0.02025037584541982, "lamda": 0.019190890271366296}, "datetime": {"datetime": "2021-10-06 13:31:18", "elapsed": 318.341135, "delta": 1.672339}}
{"target": -10.397314436995178, "params": {"C": 96.0435278166337, "epsilon": 18.5467075506548, "gamma": 0.023547528807699808, "lamda": 0.01194850197385357}, "datetime": {"datetime": "2021-10-06 13:31:20", "elapsed": 319.603697, "delta": 1.262562}}
{"target": -10.381748428864439, "params": {"C": 50.36624581735217, "epsilon": 34.6004359267814, "gamma": 0.033301035534255966, "lamda": 0.01362844693331487}, "datetime": {"datetime": "2021-10-06 13:31:21", "elapsed": 321.048514, "delta": 1.444817}}
{"target": -10.216228435108563, "params": {"C": 18.243566540361392, "epsilon": 21.040474831347947, "gamma": 0.029168247670263735, "lamda": 0.00810128796860027}, "datetime": {"datetime": "2021-10-06 13:31:22", "elapsed": 322.314455, "delta": 1.265941}}
{"target": -10.342281577088146, "params": {"C": 92.831214179199, "epsilon": 14.24095344465062, "gamma": 0.021082691442473454, "lamda": 0.010325519707000528}, "datetime": {"datetime": "2021-10-06 13:31:24", "elapsed": 323.568241, "delta": 1.253786}}
{"target": -10.34292061875639, "params": {"C": 22.49792617725772, "epsilon": 33.66583295786881, "gamma": 0.01741263378385395, "lamda": 0.012689071429794252}, "datetime": {"datetime": "2021-10-06 13:31:25", "elapsed": 325.377555, "delta": 1.809314}}
{"target": -10.259313391491599, "params": {"C": 89.75796324877236, "epsilon": 30.25137702964875, "gamma": 0.019630243557088818, "lamda": 0.007671551623281494}, "datetime": {"datetime": "2021-10-06 13:31:27", "elapsed": 326.787298, "delta": 1.409743}}
