{"target": -12.473178594304562, "params": {"C": 55.19691594510942, "epsilon": 3.503085193891452, "gamma": 0.15146534711182613, "lamda": 0.03499059514434947}, "datetime": {"datetime": "2021-10-05 09:55:01", "elapsed": 90.404024, "delta": 0.893088}}
{"target": -15.601488344181696, "params": {"C": 87.93897992068722, "epsilon": 12.561916943689871, "gamma": 0.16085307092116555, "lamda": 0.14162480896134857}, "datetime": {"datetime": "2021-10-05 09:55:02", "elapsed": 91.259666, "delta": 0.855642}}
{"target": -23.185319813434162, "params": {"C": 15.503568672510788, "epsilon": 20.68117308515887, "gamma": 0.16613526139958182, "lamda": 0.3109388174241485}, "datetime": {"datetime": "2021-10-05 09:55:02", "elapsed": 92.062112, "delta": 0.802446}}
{"target": -10.817604578732572, "params": {"C": 55.67502644681455, "epsilon": 4.342280970216215, "gamma": 0.052676540068516624, "lamda": 0.044707297831905295}, "datetime": {"datetime": "2021-10-05 09:55:03", "elapsed": 93.010917, "delta": 0.948805}}
{"target": -52.74051752265733, "params": {"C": 55.13309445303563, "epsilon": 21.72183392095216, "gamma": 0.1364857589079464, "lamda": 0.7743761505604876}, "datetime": {"datetime": "2021-10-05 09:55:04", "elapsed": 93.68248, "delta": 0.671563}}
{"target": -77.4938091805456, "params": {"C": 55.68131946730373, "epsilon": 3.893306899221477, "gamma": 0.11823999256982692, "lamda": 0.7165749211546305}, "datetime": {"datetime": "2021-10-05 09:55:05", "elapsed": 94.646481, "delta": 0.964001}}
{"target": -55.35926803000688, "params": {"C": 74.71721475401228, "epsilon": 20.438677362753207, "gamma": 0.1939491802986278, "lamda": 0.7862313817389666}, "datetime": {"datetime": "2021-10-05 09:55:06", "elapsed": 95.556461, "delta": 0.90998}}
{"target": -43.24385903080344, "params": {"C": 84.31267199366846, "epsilon": 19.580866905689152, "gamma": 0.06680304776942536, "lamda": 0.5398566467911879}, "datetime": {"datetime": "2021-10-05 09:55:07", "elapsed": 96.63431, "delta": 1.077849}}
{"target": -15.016165439297573, "params": {"C": 75.90698726341246, "epsilon": 19.928465781389118, "gamma": 0.0005, "lamda": 0.0005}, "datetime": {"datetime": "2021-10-05 09:55:08", "elapsed": 97.954243, "delta": 1.319933}}
{"target": -12.650583454150102, "params": {"C": 95.08762089428016, "epsilon": 7.77576700056485, "gamma": 0.11460457746856063, "lamda": 0.07768730696965984}, "datetime": {"datetime": "2021-10-05 09:55:09", "elapsed": 98.887771, "delta": 0.933528}}
{"target": -14.405285704254927, "params": {"C": 94.38086193290916, "epsilon": 8.167689217375484, "gamma": 0.2, "lamda": 0.0005}, "datetime": {"datetime": "2021-10-05 09:55:10", "elapsed": 99.775558, "delta": 0.887787}}
{"target": -27.507704599624756, "params": {"C": 94.26049404555582, "epsilon": 7.326281998034331, "gamma": 0.02114575307011352, "lamda": 0.2614216287839827}, "datetime": {"datetime": "2021-10-05 09:55:11", "elapsed": 100.759351, "delta": 0.983793}}
{"target": -14.978457128034819, "params": {"C": 75.8626060910694, "epsilon": 20.733714872765884, "gamma": 0.0005, "lamda": 0.0005}, "datetime": {"datetime": "2021-10-05 09:55:13", "elapsed": 102.19079, "delta": 1.431439}}
{"target": -12.955288455343194, "params": {"C": 16.56827339692813, "epsilon": 14.479220856785942, "gamma": 0.2, "lamda": 0.0005}, "datetime": {"datetime": "2021-10-05 09:55:14", "elapsed": 103.346539, "delta": 1.155749}}
{"target": -62.523341064338645, "params": {"C": 16.999234371392966, "epsilon": 14.348996817234232, "gamma": 0.19097821214979355, "lamda": 0.7404712576753205}, "datetime": {"datetime": "2021-10-05 09:55:15", "elapsed": 104.353128, "delta": 1.006589}}
{"target": -43.808601765138825, "params": {"C": 76.34084207724348, "epsilon": 20.22579249903997, "gamma": 0.04752820958711071, "lamda": 0.5552475170948565}, "datetime": {"datetime": "2021-10-05 09:55:16", "elapsed": 105.310145, "delta": 0.957017}}
{"target": -13.156618213233125, "params": {"C": 15.830906862094611, "epsilon": 14.429568452977062, "gamma": 0.14110130301745158, "lamda": 0.08350225221489005}, "datetime": {"datetime": "2021-10-05 09:55:17", "elapsed": 106.325265, "delta": 1.01512}}
{"target": -15.748024876954977, "params": {"C": 16.297411951164815, "epsilon": 15.145578540267545, "gamma": 0.14675549624871265, "lamda": 0.15284201416383741}, "datetime": {"datetime": "2021-10-05 09:55:18", "elapsed": 107.583916, "delta": 1.258651}}
{"target": -13.014456653692443, "params": {"C": 19.961363622445646, "epsilon": 15.647214643117765, "gamma": 0.2, "lamda": 0.0005}, "datetime": {"datetime": "2021-10-05 09:55:19", "elapsed": 108.799072, "delta": 1.215156}}
{"target": -60.55245227070615, "params": {"C": 20.487317681329685, "epsilon": 15.533361658096156, "gamma": 0.18317870316923127, "lamda": 0.7253202256376975}, "datetime": {"datetime": "2021-10-05 09:55:20", "elapsed": 109.688146, "delta": 0.889074}}
{"target": -15.57519597740178, "params": {"C": 94.17916519174351, "epsilon": 8.951414941901719, "gamma": 0.0005, "lamda": 0.0005}, "datetime": {"datetime": "2021-10-05 09:55:21", "elapsed": 111.003242, "delta": 1.315096}}
{"target": -10.620888895976224, "params": {"C": 55.20331299667853, "epsilon": 5.182476876921956, "gamma": 0.02983349794443412, "lamda": 0.0060010513942361406}, "datetime": {"datetime": "2021-10-05 09:55:22", "elapsed": 112.054389, "delta": 1.051147}}
{"target": -12.076172190465988, "params": {"C": 13.570396424753163, "epsilon": 17.53214405606286, "gamma": 0.019555025490781357, "lamda": 0.05258927606720492}, "datetime": {"datetime": "2021-10-05 09:55:23", "elapsed": 113.012021, "delta": 0.957632}}
{"target": -12.079834327787093, "params": {"C": 15.954190340247111, "epsilon": 13.65017107224804, "gamma": 0.1730118339130676, "lamda": 0.01886739933665949}, "datetime": {"datetime": "2021-10-05 09:55:24", "elapsed": 114.000873, "delta": 0.988852}}
{"target": -49.58256671897478, "params": {"C": 15.273449158572591, "epsilon": 13.943331233661068, "gamma": 0.09074869267737878, "lamda": 0.5085966276673258}, "datetime": {"datetime": "2021-10-05 09:55:25", "elapsed": 115.163227, "delta": 1.162354}}
{"target": -10.40264712013042, "params": {"C": 83.67497985398025, "epsilon": 12.144914599473262, "gamma": 0.06798528290537016, "lamda": 0.008761984381529652}, "datetime": {"datetime": "2021-10-05 09:55:26", "elapsed": 116.164178, "delta": 1.000951}}
{"target": -27.62452223970085, "params": {"C": 83.18989987631201, "epsilon": 11.69384488742591, "gamma": 0.09052114735084313, "lamda": 0.31257453062194707}, "datetime": {"datetime": "2021-10-05 09:55:28", "elapsed": 117.199185, "delta": 1.035007}}
{"target": -22.304829772697456, "params": {"C": 95.87102302805346, "epsilon": 6.738765295723213, "gamma": 0.1882790396441728, "lamda": 0.22951163255891832}, "datetime": {"datetime": "2021-10-05 09:55:29", "elapsed": 118.326336, "delta": 1.127151}}
{"target": -14.387846073318435, "params": {"C": 75.41511195297805, "epsilon": 19.212752815005214, "gamma": 0.19605243857389054, "lamda": 0.11070166362910593}, "datetime": {"datetime": "2021-10-05 09:55:30", "elapsed": 119.391492, "delta": 1.065156}}
{"target": -15.897637572684364, "params": {"C": 76.15274845292284, "epsilon": 18.59055015555685, "gamma": 0.14293068422577238, "lamda": 0.16831956236105752}, "datetime": {"datetime": "2021-10-05 09:55:31", "elapsed": 120.519451, "delta": 1.127959}}
{"target": -30.979907690364083, "params": {"C": 75.38712774252446, "epsilon": 18.504306746828348, "gamma": 0.09031312254807153, "lamda": 0.4035476826869881}, "datetime": {"datetime": "2021-10-05 09:55:32", "elapsed": 121.560197, "delta": 1.040746}}
{"target": -16.187692940201373, "params": {"C": 93.42971473885609, "epsilon": 8.445807645939237, "gamma": 0.11350714204712213, "lamda": 0.16211684998013895}, "datetime": {"datetime": "2021-10-05 09:55:33", "elapsed": 122.462059, "delta": 0.901862}}
{"target": -11.609743571017884, "params": {"C": 86.1913675121714, "epsilon": 15.387793152636316, "gamma": 0.11550537337866564, "lamda": 0.037433546560229826}, "datetime": {"datetime": "2021-10-05 09:55:34", "elapsed": 123.477331, "delta": 1.015272}}
{"target": -19.231309678403953, "params": {"C": 86.93968006838698, "epsilon": 14.765954807323943, "gamma": 0.01540550520912008, "lamda": 0.22127960856352982}, "datetime": {"datetime": "2021-10-05 09:55:35", "elapsed": 124.673902, "delta": 1.196571}}
{"target": -13.192176995999871, "params": {"C": 93.58846940712499, "epsilon": 9.806771689374193, "gamma": 0.06027909723585303, "lamda": 0.10731635123643674}, "datetime": {"datetime": "2021-10-05 09:55:36", "elapsed": 125.779114, "delta": 1.105212}}
{"target": -74.26799569991267, "params": {"C": 93.10456972936507, "epsilon": 9.289028857687704, "gamma": 0.03950706983369449, "lamda": 0.6948909159781078}, "datetime": {"datetime": "2021-10-05 09:55:37", "elapsed": 126.665688, "delta": 0.886574}}
{"target": -20.091169137550196, "params": {"C": 94.3220100267211, "epsilon": 10.211813186742354, "gamma": 0.010143541614139955, "lamda": 0.20875739634134577}, "datetime": {"datetime": "2021-10-05 09:55:38", "elapsed": 127.599299, "delta": 0.933611}}
{"target": -12.426370860611192, "params": {"C": 54.03885186113332, "epsilon": 1.471791885813645, "gamma": 0.004594905703672134, "lamda": 0.015265517930732223}, "datetime": {"datetime": "2021-10-05 09:55:39", "elapsed": 128.64541, "delta": 1.046111}}
{"target": -14.313404385116963, "params": {"C": 93.51199382168532, "epsilon": 10.547010189866961, "gamma": 0.2, "lamda": 0.0005}, "datetime": {"datetime": "2021-10-05 09:55:40", "elapsed": 129.730752, "delta": 1.085342}}
{"target": -12.848252375202001, "params": {"C": 51.77520094677167, "epsilon": 3.5959412966518807, "gamma": 0.1505743284256948, "lamda": 0.07641185500486064}, "datetime": {"datetime": "2021-10-05 09:55:41", "elapsed": 130.81095, "delta": 1.080198}}
{"target": -33.12491293658289, "params": {"C": 64.72349677513694, "epsilon": 9.561480999816668, "gamma": 0.11053166001341733, "lamda": 0.3573938472787831}, "datetime": {"datetime": "2021-10-05 09:55:42", "elapsed": 131.968973, "delta": 1.158023}}
{"target": -11.838322610603791, "params": {"C": 82.82439311170523, "epsilon": 12.63365719961742, "gamma": 0.13002032003707212, "lamda": 0.04224501313505405}, "datetime": {"datetime": "2021-10-05 09:55:43", "elapsed": 132.864509, "delta": 0.895536}}
{"target": -36.65723163868475, "params": {"C": 82.06032322711525, "epsilon": 12.680781198552419, "gamma": 0.18090249478159443, "lamda": 0.38463892946889794}, "datetime": {"datetime": "2021-10-05 09:55:44", "elapsed": 133.926021, "delta": 1.061512}}
{"target": -13.229572776577175, "params": {"C": 66.03978330350635, "epsilon": 8.351987083863257, "gamma": 0.10696905175516358, "lamda": 0.09720001250318538}, "datetime": {"datetime": "2021-10-05 09:55:45", "elapsed": 134.698829, "delta": 0.772808}}
{"target": -13.957654461047472, "params": {"C": 66.42361945225603, "epsilon": 9.077202209129478, "gamma": 0.2, "lamda": 0.0005}, "datetime": {"datetime": "2021-10-05 09:55:46", "elapsed": 135.749459, "delta": 1.05063}}
{"target": -45.237320186199916, "params": {"C": 67.05605512626464, "epsilon": 8.320239548713625, "gamma": 0.13554971362231033, "lamda": 0.4454092141941092}, "datetime": {"datetime": "2021-10-05 09:55:47", "elapsed": 136.634167, "delta": 0.884708}}
{"target": -64.68977356426372, "params": {"C": 65.16897249403279, "epsilon": 8.32165206831926, "gamma": 0.07023790598836128, "lamda": 0.5974276141734868}, "datetime": {"datetime": "2021-10-05 09:55:48", "elapsed": 137.521736, "delta": 0.887569}}
{"target": -14.214926608480685, "params": {"C": 96.75353057415256, "epsilon": 7.319906394333909, "gamma": 0.19011644768162422, "lamda": 0.10312320731859952}, "datetime": {"datetime": "2021-10-05 09:55:49", "elapsed": 138.272557, "delta": 0.750821}}
{"target": -12.96966225857274, "params": {"C": 65.81290374379506, "epsilon": 10.006997981422794, "gamma": 0.03255000589743379, "lamda": 0.10008305216739209}, "datetime": {"datetime": "2021-10-05 09:55:49", "elapsed": 139.163178, "delta": 0.890621}}
{"target": -12.546217232924636, "params": {"C": 66.52585904679188, "epsilon": 10.195625929901624, "gamma": 0.11176094915517945, "lamda": 0.0019956818816678585}, "datetime": {"datetime": "2021-10-05 09:55:51", "elapsed": 140.278252, "delta": 1.115074}}
{"target": -75.42631044853198, "params": {"C": 66.3004041075105, "epsilon": 10.244922857901132, "gamma": 0.06187691545554335, "lamda": 0.7341356658877455}, "datetime": {"datetime": "2021-10-05 09:55:51", "elapsed": 141.183827, "delta": 0.905575}}
{"target": -15.666859350903692, "params": {"C": 17.849698614628018, "epsilon": 29.286959503012813, "gamma": 0.1605412975902138, "lamda": 0.19608073182257652}, "datetime": {"datetime": "2021-10-05 09:55:52", "elapsed": 141.950562, "delta": 0.766735}}
{"target": -16.752681476472464, "params": {"C": 17.17133045421322, "epsilon": 28.788665009476823, "gamma": 0.11758885217032272, "lamda": 0.2580424935910076}, "datetime": {"datetime": "2021-10-05 09:55:53", "elapsed": 142.790439, "delta": 0.839877}}
{"target": -20.272201549770738, "params": {"C": 17.988337617387256, "epsilon": 28.45801048719161, "gamma": 0.12585013294181946, "lamda": 0.35444827528503214}, "datetime": {"datetime": "2021-10-05 09:55:54", "elapsed": 143.955228, "delta": 1.164789}}
{"target": -29.470874236203187, "params": {"C": 16.930209720507822, "epsilon": 29.755106075513762, "gamma": 0.19567287473047326, "lamda": 0.5765923997833184}, "datetime": {"datetime": "2021-10-05 09:55:55", "elapsed": 144.793908, "delta": 0.83868}}
{"target": -13.890772287206095, "params": {"C": 76.21274549938022, "epsilon": 19.258229341116305, "gamma": 0.2, "lamda": 0.0005}, "datetime": {"datetime": "2021-10-05 09:55:56", "elapsed": 146.038787, "delta": 1.244879}}
{"target": -11.684028048005946, "params": {"C": 1.25455850429503, "epsilon": 29.878440973195627, "gamma": 0.0541646252827731, "lamda": 0.02575332699153093}, "datetime": {"datetime": "2021-10-05 09:55:57", "elapsed": 146.908687, "delta": 0.8699}}
{"target": -40.19987715938861, "params": {"C": 1.312961805625386, "epsilon": 29.924902118947756, "gamma": 0.07766761300080946, "lamda": 0.7791669736640482}, "datetime": {"datetime": "2021-10-05 09:55:58", "elapsed": 147.710553, "delta": 0.801866}}
{"target": -23.466642026970863, "params": {"C": 16.18762182334297, "epsilon": 12.849364208198754, "gamma": 0.02252908982651796, "lamda": 0.2520950441712498}, "datetime": {"datetime": "2021-10-05 09:55:59", "elapsed": 148.555488, "delta": 0.844935}}
{"target": -12.355522589813754, "params": {"C": 67.1480538082358, "epsilon": 9.631501839534156, "gamma": 0.1580505774715715, "lamda": 0.022819612337027808}, "datetime": {"datetime": "2021-10-05 09:56:00", "elapsed": 149.389243, "delta": 0.833755}}
{"target": -12.280185945094454, "params": {"C": 1.0974905766584782, "epsilon": 29.09563276378903, "gamma": 0.0880987081722324, "lamda": 0.028031437156921246}, "datetime": {"datetime": "2021-10-05 09:56:01", "elapsed": 150.430015, "delta": 1.040772}}
{"target": -13.952170919267562, "params": {"C": 67.37243363374208, "epsilon": 10.369134096090646, "gamma": 0.2, "lamda": 0.0005}, "datetime": {"datetime": "2021-10-05 09:56:02", "elapsed": 151.514138, "delta": 1.084123}}
{"target": -12.238512926685265, "params": {"C": 84.27338464148873, "epsilon": 18.729693213792572, "gamma": 0.15581956350827278, "lamda": 0.010487911891085229}, "datetime": {"datetime": "2021-10-05 09:56:03", "elapsed": 152.400853, "delta": 0.886715}}
{"target": -11.716627811625706, "params": {"C": 2.1098497415325044, "epsilon": 29.02962059751022, "gamma": 0.13286665597816813, "lamda": 0.0022086169713216117}, "datetime": {"datetime": "2021-10-05 09:56:04", "elapsed": 153.802397, "delta": 1.401544}}
{"target": -12.768372966953843, "params": {"C": 1.7190991076757383, "epsilon": 28.560503582896768, "gamma": 0.11855443771032224, "lamda": 0.08896657537943105}, "datetime": {"datetime": "2021-10-05 09:56:05", "elapsed": 154.939226, "delta": 1.136829}}
{"target": -10.553797099832437, "params": {"C": 77.12456887246191, "epsilon": 18.444334125625094, "gamma": 0.06732177698848577, "lamda": 0.003319764434422325}, "datetime": {"datetime": "2021-10-05 09:56:06", "elapsed": 156.014719, "delta": 1.075493}}
{"target": -57.288362645158955, "params": {"C": 77.02130060016644, "epsilon": 18.910549849549124, "gamma": 0.01233548831987162, "lamda": 0.714790487674403}, "datetime": {"datetime": "2021-10-05 09:56:08", "elapsed": 157.390396, "delta": 1.375677}}
{"target": -27.96420548163369, "params": {"C": 2.403944279083956, "epsilon": 28.458258993610368, "gamma": 0.06500219672650254, "lamda": 0.5105462096418608}, "datetime": {"datetime": "2021-10-05 09:56:09", "elapsed": 158.914078, "delta": 1.523682}}
{"target": -11.51011700162746, "params": {"C": 76.66403711153755, "epsilon": 17.751307077451923, "gamma": 0.1099739079628897, "lamda": 0.03698045709178955}, "datetime": {"datetime": "2021-10-05 09:56:10", "elapsed": 159.7984, "delta": 0.884322}}
{"target": -12.56592503324789, "params": {"C": 1.9460077055239262, "epsilon": 29.95164464699487, "gamma": 0.15639641449578548, "lamda": 0.05333232154781329}, "datetime": {"datetime": "2021-10-05 09:56:11", "elapsed": 160.973818, "delta": 1.175418}}
{"target": -15.769237579508724, "params": {"C": 77.58071902322186, "epsilon": 17.578029680487685, "gamma": 0.04888855263690727, "lamda": 0.18629062916542083}, "datetime": {"datetime": "2021-10-05 09:56:12", "elapsed": 162.140218, "delta": 1.1664}}
{"target": -40.114336227029774, "params": {"C": 76.3599294005328, "epsilon": 16.93563018322417, "gamma": 0.19528048697462297, "lamda": 0.5065041467845407}, "datetime": {"datetime": "2021-10-05 09:56:14", "elapsed": 163.199079, "delta": 1.058861}}
{"target": -13.840604169027483, "params": {"C": 2.96004330580917, "epsilon": 29.772560149210143, "gamma": 0.008392731175878607, "lamda": 0.08094109500814328}, "datetime": {"datetime": "2021-10-05 09:56:15", "elapsed": 164.422974, "delta": 1.223895}}
{"target": -33.78564964998911, "params": {"C": 3.6772567617110554, "epsilon": 29.57569273443089, "gamma": 0.13244154690512822, "lamda": 0.6943516627530475}, "datetime": {"datetime": "2021-10-05 09:56:16", "elapsed": 165.518287, "delta": 1.095313}}
{"target": -14.381376805651891, "params": {"C": 93.1450802920871, "epsilon": 7.670886197420259, "gamma": 0.2, "lamda": 0.0005}, "datetime": {"datetime": "2021-10-05 09:56:17", "elapsed": 166.923029, "delta": 1.404742}}
{"target": -25.793082734456576, "params": {"C": 1.153361543337732, "epsilon": 28.12556936497044, "gamma": 0.1342946387552288, "lamda": 0.4602742761549513}, "datetime": {"datetime": "2021-10-05 09:56:18", "elapsed": 167.87144, "delta": 0.948411}}
{"target": -10.980479712357665, "params": {"C": 12.084834273247886, "epsilon": 20.312637804768432, "gamma": 0.07917387317544475, "lamda": 0.03139864539915722}, "datetime": {"datetime": "2021-10-05 09:56:20", "elapsed": 169.408246, "delta": 1.536806}}
{"target": -10.975791948658516, "params": {"C": 11.931736365897901, "epsilon": 21.17373616388171, "gamma": 0.023878414669184035, "lamda": 0.013504856319247312}, "datetime": {"datetime": "2021-10-05 09:56:21", "elapsed": 170.342655, "delta": 0.934409}}
{"target": -46.096877685332984, "params": {"C": 11.357719506069449, "epsilon": 21.59441208440857, "gamma": 0.015923684887302773, "lamda": 0.6343620806908039}, "datetime": {"datetime": "2021-10-05 09:56:22", "elapsed": 171.530186, "delta": 1.187531}}
{"target": -33.09496263404702, "params": {"C": 12.4780988523483, "epsilon": 20.839379734161835, "gamma": 0.16205007207355132, "lamda": 0.4477630903675311}, "datetime": {"datetime": "2021-10-05 09:56:23", "elapsed": 172.997098, "delta": 1.466912}}
{"target": -13.602272251347111, "params": {"C": 68.13373269054215, "epsilon": 10.2213954424898, "gamma": 0.08096520799515645, "lamda": 0.11434811029797515}, "datetime": {"datetime": "2021-10-05 09:56:24", "elapsed": 173.977072, "delta": 0.979974}}
{"target": -16.39241195939341, "params": {"C": 68.61891784480814, "epsilon": 9.556711264181331, "gamma": 0.02611783129247934, "lamda": 0.17363680249368738}, "datetime": {"datetime": "2021-10-05 09:56:25", "elapsed": 175.115266, "delta": 1.138194}}
{"target": -91.53994109611197, "params": {"C": 68.70631380761897, "epsilon": 10.241626103143004, "gamma": 0.2, "lamda": 0.8}, "datetime": {"datetime": "2021-10-05 09:56:27", "elapsed": 176.435089, "delta": 1.319823}}
{"target": -18.185108106851526, "params": {"C": 67.82644917855015, "epsilon": 9.199486224720902, "gamma": 0.1702521610800279, "lamda": 0.18100625763030867}, "datetime": {"datetime": "2021-10-05 09:56:28", "elapsed": 177.575441, "delta": 1.140352}}
{"target": -18.617766959921234, "params": {"C": 11.446853981029548, "epsilon": 20.585298766482286, "gamma": 0.1717086379642312, "lamda": 0.23245028905061188}, "datetime": {"datetime": "2021-10-05 09:56:29", "elapsed": 178.99123, "delta": 1.415789}}
{"target": -10.557718913517208, "params": {"C": 69.04739405876963, "epsilon": 8.485690257078701, "gamma": 0.06492821347291795, "lamda": 0.006456217299667624}, "datetime": {"datetime": "2021-10-05 09:56:30", "elapsed": 180.035905, "delta": 1.044675}}
{"target": -12.010973566255918, "params": {"C": 69.79013841000241, "epsilon": 8.256920840381781, "gamma": 0.13248189656805065, "lamda": 0.04335214582974445}, "datetime": {"datetime": "2021-10-05 09:56:32", "elapsed": 181.362679, "delta": 1.326774}}
{"target": -65.01201761428432, "params": {"C": 69.52623061995803, "epsilon": 8.881721233168932, "gamma": 0.075927256844285, "lamda": 0.6039519212187202}, "datetime": {"datetime": "2021-10-05 09:56:33", "elapsed": 182.417463, "delta": 1.054784}}
{"target": -16.771612410768373, "params": {"C": 69.6520922066905, "epsilon": 7.474443738188128, "gamma": 0.159801005206986, "lamda": 0.1621783593636816}, "datetime": {"datetime": "2021-10-05 09:56:34", "elapsed": 183.373332, "delta": 0.955869}}
