{"target": -10.441678557666815, "params": {"C": 58.514095851352494, "epsilon": 27.336581958531795, "gamma": 0.009465580247563866, "lamda": 0.004134104526448229}, "datetime": {"datetime": "2021-10-05 12:38:53", "elapsed": 106.737038, "delta": 1.003477}}
{"target": -10.890540937889256, "params": {"C": 87.9328934029106, "epsilon": 11.818316852893243, "gamma": 0.013189639882194987, "lamda": 0.03507982972563778}, "datetime": {"datetime": "2021-10-05 12:38:54", "elapsed": 107.534001, "delta": 0.796963}}
{"target": -11.179549657867575, "params": {"C": 60.709939701802284, "epsilon": 19.328581938965428, "gamma": 0.013584351232685532, "lamda": 0.04514581951763313}, "datetime": {"datetime": "2021-10-05 12:38:55", "elapsed": 108.337529, "delta": 0.803528}}
{"target": -10.846470904650866, "params": {"C": 41.72041569731508, "epsilon": 23.226351831455716, "gamma": 0.01673220896995281, "lamda": 0.03827594842037105}, "datetime": {"datetime": "2021-10-05 12:38:56", "elapsed": 109.258081, "delta": 0.920552}}
{"target": -10.722073529710526, "params": {"C": 98.11706734802434, "epsilon": 18.418977674684776, "gamma": 0.008865326393846077, "lamda": 0.00757455406954827}, "datetime": {"datetime": "2021-10-05 12:38:56", "elapsed": 110.13232, "delta": 0.874239}}
{"target": -10.669478326971722, "params": {"C": 53.53625169622862, "epsilon": 23.728844005290302, "gamma": 0.0356383610718765, "lamda": 0.04249097436021038}, "datetime": {"datetime": "2021-10-05 12:38:57", "elapsed": 110.96007, "delta": 0.82775}}
{"target": -11.152589135921561, "params": {"C": 66.417992791354, "epsilon": 11.105607288844668, "gamma": 0.013117362460623033, "lamda": 0.043692832400659555}, "datetime": {"datetime": "2021-10-05 12:38:58", "elapsed": 111.758893, "delta": 0.798823}}
{"target": -11.07628820135494, "params": {"C": 35.329561374716356, "epsilon": 11.753550047069872, "gamma": 0.0479604004025993, "lamda": 0.04608555137603797}, "datetime": {"datetime": "2021-10-05 12:38:59", "elapsed": 112.804443, "delta": 1.04555}}
{"target": -10.398328889050957, "params": {"C": 12.223834043889198, "epsilon": 21.93224735484798, "gamma": 0.013274249252862691, "lamda": 0.013705831283328753}, "datetime": {"datetime": "2021-10-05 12:39:00", "elapsed": 113.678591, "delta": 0.874148}}
{"target": -10.433130367976, "params": {"C": 25.93507559938189, "epsilon": 21.434359869184725, "gamma": 0.04361230633868454, "lamda": 0.013289532548363465}, "datetime": {"datetime": "2021-10-05 12:39:01", "elapsed": 114.654939, "delta": 0.976348}}
{"target": -10.435019638597488, "params": {"C": 31.773266074847605, "epsilon": 11.902109246912737, "gamma": 0.0341674587966677, "lamda": 0.0032095770322324757}, "datetime": {"datetime": "2021-10-05 12:39:02", "elapsed": 115.680318, "delta": 1.025379}}
{"target": -10.299860696217667, "params": {"C": 29.667779720995615, "epsilon": 14.611009367140726, "gamma": 0.013374210022715605, "lamda": 0.002623901903481268}, "datetime": {"datetime": "2021-10-05 12:39:03", "elapsed": 116.707513, "delta": 1.027195}}
{"target": -10.565452651649316, "params": {"C": 59.63152652028482, "epsilon": 17.782827820104316, "gamma": 0.0337922783637855, "lamda": 0.024868001153606684}, "datetime": {"datetime": "2021-10-05 12:39:04", "elapsed": 117.555295, "delta": 0.847782}}
{"target": -10.44980464100258, "params": {"C": 78.51501021462919, "epsilon": 11.951298160955883, "gamma": 0.0324251543579885, "lamda": 0.00782160236431653}, "datetime": {"datetime": "2021-10-05 12:39:05", "elapsed": 118.443676, "delta": 0.888381}}
{"target": -10.743297747471532, "params": {"C": 85.02569260244536, "epsilon": 26.23382338914835, "gamma": 0.04924657733065454, "lamda": 0.019582645315009122}, "datetime": {"datetime": "2021-10-05 12:39:06", "elapsed": 119.577507, "delta": 1.133831}}
{"target": -10.816398910347576, "params": {"C": 91.96251071750004, "epsilon": 14.576823981797089, "gamma": 0.04833329451564091, "lamda": 0.019058528033569215}, "datetime": {"datetime": "2021-10-05 12:39:07", "elapsed": 120.426527, "delta": 0.84902}}
{"target": -10.502330448839746, "params": {"C": 35.436213318717115, "epsilon": 23.300516320124594, "gamma": 0.008278544700684063, "lamda": 0.004090161986066506}, "datetime": {"datetime": "2021-10-05 12:39:08", "elapsed": 121.519331, "delta": 1.092804}}
{"target": -10.539316105987028, "params": {"C": 50.231462454601484, "epsilon": 24.715101963715192, "gamma": 0.04066900948254418, "lamda": 0.027571469115178552}, "datetime": {"datetime": "2021-10-05 12:39:09", "elapsed": 122.384969, "delta": 0.865638}}
{"target": -10.97946863574846, "params": {"C": 43.0613011423091, "epsilon": 12.203030875306887, "gamma": 0.04954367432080575, "lamda": 0.02626094526873734}, "datetime": {"datetime": "2021-10-05 12:39:10", "elapsed": 123.31353, "delta": 0.928561}}
{"target": -10.899605046454862, "params": {"C": 76.29097415922065, "epsilon": 11.993309152900828, "gamma": 0.044308660642089895, "lamda": 0.026723390279928774}, "datetime": {"datetime": "2021-10-05 12:39:11", "elapsed": 124.482484, "delta": 1.168954}}
{"target": -10.573083596415165, "params": {"C": 22.76505738011593, "epsilon": 19.624435912267607, "gamma": 0.030130755654977085, "lamda": 0.036145480686397585}, "datetime": {"datetime": "2021-10-05 12:39:12", "elapsed": 125.395877, "delta": 0.913393}}
{"target": -11.093411022450557, "params": {"C": 45.74879233604203, "epsilon": 12.214227708368012, "gamma": 0.049217737885077335, "lamda": 0.047976095686703836}, "datetime": {"datetime": "2021-10-05 12:39:13", "elapsed": 126.342067, "delta": 0.94619}}
{"target": -10.35472636598325, "params": {"C": 9.658514914882389, "epsilon": 23.939905672486578, "gamma": 0.02901349692879399, "lamda": 0.0038379160958227883}, "datetime": {"datetime": "2021-10-05 12:39:14", "elapsed": 127.741395, "delta": 1.399328}}
{"target": -10.957128303744641, "params": {"C": 42.91886693163354, "epsilon": 29.775393096359196, "gamma": 0.009273900530018246, "lamda": 0.013873511081615405}, "datetime": {"datetime": "2021-10-05 12:39:15", "elapsed": 128.835187, "delta": 1.093792}}
{"target": -10.84784721199058, "params": {"C": 80.13377111021457, "epsilon": 10.2014920024778, "gamma": 0.03806495645621585, "lamda": 0.03404463204965709}, "datetime": {"datetime": "2021-10-05 12:39:16", "elapsed": 129.874473, "delta": 1.039286}}
{"target": -10.65729808580025, "params": {"C": 37.15176416879963, "epsilon": 20.403016584532892, "gamma": 0.019811859128782933, "lamda": 0.03680588701349197}, "datetime": {"datetime": "2021-10-05 12:39:17", "elapsed": 130.806568, "delta": 0.932095}}
{"target": -10.674627587996639, "params": {"C": 27.504592162450063, "epsilon": 16.0758742456422, "gamma": 0.042706694055703105, "lamda": 0.035503624788609495}, "datetime": {"datetime": "2021-10-05 12:39:18", "elapsed": 131.724569, "delta": 0.918001}}
{"target": -10.925514496627803, "params": {"C": 39.354762172757944, "epsilon": 12.353007933524243, "gamma": 0.0496313846277189, "lamda": 0.001987312182216209}, "datetime": {"datetime": "2021-10-05 12:39:19", "elapsed": 132.878594, "delta": 1.154025}}
{"target": -10.817995638113198, "params": {"C": 60.43023782055198, "epsilon": 13.32967400886535, "gamma": 0.01679852088072744, "lamda": 0.043061208657068584}, "datetime": {"datetime": "2021-10-05 12:39:20", "elapsed": 133.823, "delta": 0.944406}}
{"target": -10.684832874106025, "params": {"C": 31.70379899348016, "epsilon": 27.400855501381038, "gamma": 0.0498503629331836, "lamda": 0.030010846590678323}, "datetime": {"datetime": "2021-10-05 12:39:21", "elapsed": 134.814008, "delta": 0.991008}}
{"target": -10.14859146633384, "params": {"C": 61.790052577859235, "epsilon": 28.07699108780455, "gamma": 0.017590412455785256, "lamda": 0.005962197457283966}, "datetime": {"datetime": "2021-10-05 12:39:22", "elapsed": 135.985418, "delta": 1.17141}}
{"target": -10.382807318844655, "params": {"C": 22.760007529830798, "epsilon": 18.11838144678507, "gamma": 0.017290268233226783, "lamda": 0.02267731305570112}, "datetime": {"datetime": "2021-10-05 12:39:23", "elapsed": 137.105958, "delta": 1.12054}}
{"target": -10.487950365723723, "params": {"C": 41.620650083940106, "epsilon": 19.073085326548615, "gamma": 0.04088646028026014, "lamda": 0.011575465989931703}, "datetime": {"datetime": "2021-10-05 12:39:25", "elapsed": 138.663642, "delta": 1.557684}}
{"target": -10.389838434057944, "params": {"C": 16.4925194464152, "epsilon": 12.244414224338724, "gamma": 0.030323417934860826, "lamda": 0.0025613607665537007}, "datetime": {"datetime": "2021-10-05 12:39:26", "elapsed": 139.684803, "delta": 1.021161}}
{"target": -10.42354591207764, "params": {"C": 10.324134068616681, "epsilon": 19.923099936216744, "gamma": 0.03659371077082975, "lamda": 0.02905893523385826}, "datetime": {"datetime": "2021-10-05 12:39:27", "elapsed": 140.63538, "delta": 0.950577}}
{"target": -11.336508352137708, "params": {"C": 51.20163966549654, "epsilon": 19.56165148305766, "gamma": 0.01159453470586298, "lamda": 0.043797650374567454}, "datetime": {"datetime": "2021-10-05 12:39:28", "elapsed": 141.830083, "delta": 1.194703}}
{"target": -10.451069852794365, "params": {"C": 67.01977370453628, "epsilon": 27.982455827320994, "gamma": 0.03226878521331063, "lamda": 0.022380692776204313}, "datetime": {"datetime": "2021-10-05 12:39:29", "elapsed": 142.700999, "delta": 0.870916}}
{"target": -10.718734975674533, "params": {"C": 15.046741474757516, "epsilon": 26.168434400291627, "gamma": 0.038567855497763606, "lamda": 0.0005874514595063701}, "datetime": {"datetime": "2021-10-05 12:39:30", "elapsed": 143.823449, "delta": 1.12245}}
{"target": -10.580731785366925, "params": {"C": 26.468221648610907, "epsilon": 11.840350114518927, "gamma": 0.04802943747858072, "lamda": 0.011571315370403186}, "datetime": {"datetime": "2021-10-05 12:39:31", "elapsed": 144.90718, "delta": 1.083731}}
{"target": -10.51178539886467, "params": {"C": 33.191024868675534, "epsilon": 20.443826107397566, "gamma": 0.03965946249178441, "lamda": 0.021479911880899767}, "datetime": {"datetime": "2021-10-05 12:39:32", "elapsed": 146.045407, "delta": 1.138227}}
{"target": -10.274447604125418, "params": {"C": 91.32111999650162, "epsilon": 25.61960364606509, "gamma": 0.021082161765131592, "lamda": 0.010043177862695568}, "datetime": {"datetime": "2021-10-05 12:39:33", "elapsed": 147.163345, "delta": 1.117938}}
{"target": -10.887335255980512, "params": {"C": 93.57059853544867, "epsilon": 15.67777581447114, "gamma": 0.04387995076084736, "lamda": 0.043817782432410836}, "datetime": {"datetime": "2021-10-05 12:39:34", "elapsed": 148.058506, "delta": 0.895161}}
{"target": -10.866858361666075, "params": {"C": 62.529909947347555, "epsilon": 21.99141312931043, "gamma": 0.04085481804128819, "lamda": 0.049319418665789996}, "datetime": {"datetime": "2021-10-05 12:39:35", "elapsed": 149.167255, "delta": 1.108749}}
{"target": -10.573821386153497, "params": {"C": 11.032952110808179, "epsilon": 10.281620115299283, "gamma": 0.03954729757969197, "lamda": 0.026319108329176468}, "datetime": {"datetime": "2021-10-05 12:39:36", "elapsed": 150.101874, "delta": 0.934619}}
{"target": -10.708791385566013, "params": {"C": 73.34099614262296, "epsilon": 15.43561659275936, "gamma": 0.02424205691608705, "lamda": 0.04409989039694919}, "datetime": {"datetime": "2021-10-05 12:39:37", "elapsed": 151.100259, "delta": 0.998385}}
{"target": -10.370278061713812, "params": {"C": 12.32708449996538, "epsilon": 13.170567413698402, "gamma": 0.015812984586989626, "lamda": 0.01855240191156921}, "datetime": {"datetime": "2021-10-05 12:39:38", "elapsed": 152.108278, "delta": 1.008019}}
{"target": -11.731390269633799, "params": {"C": 85.01888840751093, "epsilon": 10.635727836640243, "gamma": 0.008769980155269433, "lamda": 0.048304262157695406}, "datetime": {"datetime": "2021-10-05 12:39:39", "elapsed": 153.189034, "delta": 1.080756}}
{"target": -10.869896055348613, "params": {"C": 81.78809817081459, "epsilon": 16.06049353628751, "gamma": 0.04193287986909795, "lamda": 0.047342955637954286}, "datetime": {"datetime": "2021-10-05 12:39:40", "elapsed": 154.15737, "delta": 0.968336}}
{"target": -10.318878935440019, "params": {"C": 27.177128636044767, "epsilon": 11.06973381360805, "gamma": 0.019478164136276226, "lamda": 0.005951260811423441}, "datetime": {"datetime": "2021-10-05 12:39:41", "elapsed": 155.189644, "delta": 1.032274}}
{"target": -10.388188028634119, "params": {"C": 77.72285385222989, "epsilon": 21.534538334913762, "gamma": 0.03240242898009364, "lamda": 0.005595395182113418}, "datetime": {"datetime": "2021-10-05 12:39:43", "elapsed": 156.441754, "delta": 1.25211}}
{"target": -10.118845476560496, "params": {"C": 37.45414638211515, "epsilon": 23.227133428413588, "gamma": 0.01737927956944954, "lamda": 0.006776582427971855}, "datetime": {"datetime": "2021-10-05 12:39:44", "elapsed": 157.416653, "delta": 0.974899}}
{"target": -10.687982266391929, "params": {"C": 69.06225500597236, "epsilon": 14.691589282188964, "gamma": 0.038957096291302194, "lamda": 0.02151013523316493}, "datetime": {"datetime": "2021-10-05 12:39:45", "elapsed": 158.400506, "delta": 0.983853}}
{"target": -10.749748073104234, "params": {"C": 32.09229800762523, "epsilon": 19.049187981235534, "gamma": 0.030135872001788494, "lamda": 0.04748143489806746}, "datetime": {"datetime": "2021-10-05 12:39:46", "elapsed": 159.387662, "delta": 0.987156}}
{"target": -10.995162776011446, "params": {"C": 92.84438336044036, "epsilon": 12.77325510259401, "gamma": 0.049701233996126463, "lamda": 0.035442587643364123}, "datetime": {"datetime": "2021-10-05 12:39:47", "elapsed": 160.560547, "delta": 1.172885}}
{"target": -10.421064929887919, "params": {"C": 33.053547136526866, "epsilon": 27.22032250187423, "gamma": 0.029807964495163878, "lamda": 0.02266181412419783}, "datetime": {"datetime": "2021-10-05 12:39:48", "elapsed": 161.531566, "delta": 0.971019}}
{"target": -10.964051490699042, "params": {"C": 66.8895117851531, "epsilon": 13.244580218374736, "gamma": 0.010505876037126367, "lamda": 0.024950382016957425}, "datetime": {"datetime": "2021-10-05 12:39:49", "elapsed": 162.45788, "delta": 0.926314}}
{"target": -10.533719138964663, "params": {"C": 8.091837497608758, "epsilon": 17.348485795901407, "gamma": 0.035453950241548064, "lamda": 0.03995274583718685}, "datetime": {"datetime": "2021-10-05 12:39:50", "elapsed": 163.493611, "delta": 1.035731}}
{"target": -10.597860123074083, "params": {"C": 5.64411737482501, "epsilon": 21.522710925527488, "gamma": 0.04248013597860325, "lamda": 0.04473089349754534}, "datetime": {"datetime": "2021-10-05 12:39:51", "elapsed": 164.537079, "delta": 1.043468}}
{"target": -10.641140296031052, "params": {"C": 30.650303716879336, "epsilon": 25.761495083549242, "gamma": 0.04190956808636295, "lamda": 0.03496154059397133}, "datetime": {"datetime": "2021-10-05 12:39:52", "elapsed": 165.708925, "delta": 1.171846}}
{"target": -10.381442069078208, "params": {"C": 9.502215180371248, "epsilon": 17.166226586328662, "gamma": 0.044308748631055744, "lamda": 0.013135227098298619}, "datetime": {"datetime": "2021-10-05 12:39:53", "elapsed": 166.741836, "delta": 1.032911}}
{"target": -10.543368583314656, "params": {"C": 47.82216353759523, "epsilon": 26.775198443799606, "gamma": 0.04402052094094751, "lamda": 0.008273446013215608}, "datetime": {"datetime": "2021-10-05 12:39:54", "elapsed": 167.747269, "delta": 1.005433}}
{"target": -10.270433309905332, "params": {"C": 94.9350586222185, "epsilon": 16.482465963019386, "gamma": 0.024297646046094783, "lamda": 0.004850530976948793}, "datetime": {"datetime": "2021-10-05 12:39:55", "elapsed": 169.028137, "delta": 1.280868}}
{"target": -10.199334371909938, "params": {"C": 51.83604756579354, "epsilon": 21.31471095020492, "gamma": 0.022006890972999793, "lamda": 0.0019052560564211199}, "datetime": {"datetime": "2021-10-05 12:39:57", "elapsed": 170.384524, "delta": 1.356387}}
{"target": -10.664458252364872, "params": {"C": 77.04448064386177, "epsilon": 25.472272986449333, "gamma": 0.044960512652741126, "lamda": 0.008475966299132835}, "datetime": {"datetime": "2021-10-05 12:39:58", "elapsed": 171.377561, "delta": 0.993037}}
{"target": -10.314899628742335, "params": {"C": 57.044821503376404, "epsilon": 19.48611713456839, "gamma": 0.03085509427590903, "lamda": 0.004872357887158431}, "datetime": {"datetime": "2021-10-05 12:39:59", "elapsed": 172.364562, "delta": 0.987001}}
{"target": -10.193102217253314, "params": {"C": 23.257924243276374, "epsilon": 20.11336203735773, "gamma": 0.025245585042884322, "lamda": 0.006796059045396386}, "datetime": {"datetime": "2021-10-05 12:40:00", "elapsed": 173.971286, "delta": 1.606724}}
{"target": -10.674578477847348, "params": {"C": 51.93815970599387, "epsilon": 29.513552535563406, "gamma": 0.015188699188098714, "lamda": 0.01741979537585473}, "datetime": {"datetime": "2021-10-05 12:40:02", "elapsed": 175.312752, "delta": 1.341466}}
{"target": -10.80875161460997, "params": {"C": 21.754795985700113, "epsilon": 23.740187195924797, "gamma": 0.01706742661621427, "lamda": 0.03769861773821352}, "datetime": {"datetime": "2021-10-05 12:40:03", "elapsed": 176.331807, "delta": 1.019055}}
{"target": -10.309496113215385, "params": {"C": 81.03512551311485, "epsilon": 27.581161038077624, "gamma": 0.021195938854466245, "lamda": 0.015636918805519595}, "datetime": {"datetime": "2021-10-05 12:40:04", "elapsed": 177.408707, "delta": 1.0769}}
{"target": -10.615629835621569, "params": {"C": 30.471521016879464, "epsilon": 26.290428718388032, "gamma": 0.0302945397988145, "lamda": 0.0361252538805779}, "datetime": {"datetime": "2021-10-05 12:40:05", "elapsed": 178.447892, "delta": 1.039185}}
{"target": -10.253336140858885, "params": {"C": 37.44126559694651, "epsilon": 26.337827769310955, "gamma": 0.030563320970414042, "lamda": 0.005664736783717334}, "datetime": {"datetime": "2021-10-05 12:40:06", "elapsed": 179.764904, "delta": 1.317012}}
{"target": -10.904082006594306, "params": {"C": 66.21233633621421, "epsilon": 11.55256045240186, "gamma": 0.04287468049487314, "lamda": 0.03332721511779646}, "datetime": {"datetime": "2021-10-05 12:40:07", "elapsed": 180.753663, "delta": 0.988759}}
{"target": -10.71889477953221, "params": {"C": 29.14462578543414, "epsilon": 13.717834021052822, "gamma": 0.03927594820091303, "lamda": 0.0348769664532938}, "datetime": {"datetime": "2021-10-05 12:40:08", "elapsed": 181.819763, "delta": 1.0661}}
{"target": -10.777920693299526, "params": {"C": 13.234543073465213, "epsilon": 25.39468115159337, "gamma": 0.01194024919036582, "lamda": 0.02294855323977131}, "datetime": {"datetime": "2021-10-05 12:40:09", "elapsed": 182.853647, "delta": 1.033884}}
{"target": -10.564914112382446, "params": {"C": 36.50109687907259, "epsilon": 20.833443416428217, "gamma": 0.0279419679728572, "lamda": 0.00032476718926402416}, "datetime": {"datetime": "2021-10-05 12:40:10", "elapsed": 184.034139, "delta": 1.180492}}
{"target": -10.570948012947346, "params": {"C": 75.12633317248809, "epsilon": 11.697654980242586, "gamma": 0.014057910931598153, "lamda": 0.01903005699121911}, "datetime": {"datetime": "2021-10-05 12:40:12", "elapsed": 185.393333, "delta": 1.359194}}
{"target": -10.59725033167373, "params": {"C": 45.164054104782664, "epsilon": 10.566095270816314, "gamma": 0.018099076532083522, "lamda": 0.03271642144081011}, "datetime": {"datetime": "2021-10-05 12:40:13", "elapsed": 186.609888, "delta": 1.216555}}
{"target": -10.682885547159142, "params": {"C": 73.96800032597665, "epsilon": 16.93198308052062, "gamma": 0.020633924576908297, "lamda": 0.03988129061285066}, "datetime": {"datetime": "2021-10-05 12:40:14", "elapsed": 187.659653, "delta": 1.049765}}
{"target": -10.637942832184388, "params": {"C": 65.77210333027213, "epsilon": 15.63520878239581, "gamma": 0.023531732202769558, "lamda": 0.03736406089895158}, "datetime": {"datetime": "2021-10-05 12:40:15", "elapsed": 189.086361, "delta": 1.426708}}
{"target": -10.926468791440614, "params": {"C": 24.503870505185393, "epsilon": 19.167841697385853, "gamma": 0.04951532784049593, "lamda": 0.04688671143304559}, "datetime": {"datetime": "2021-10-05 12:40:16", "elapsed": 190.196787, "delta": 1.110426}}
{"target": -10.455787204088818, "params": {"C": 18.95506619151015, "epsilon": 29.64617067302538, "gamma": 0.04544819090746415, "lamda": 0.018543796718143928}, "datetime": {"datetime": "2021-10-05 12:40:18", "elapsed": 191.243327, "delta": 1.04654}}
{"target": -10.534236301786533, "params": {"C": 44.1218480144179, "epsilon": 26.04619661004258, "gamma": 0.04442237881142392, "lamda": 0.009721796484484778}, "datetime": {"datetime": "2021-10-05 12:40:19", "elapsed": 192.396867, "delta": 1.15354}}
{"target": -10.541414111594994, "params": {"C": 57.9634609868452, "epsilon": 26.14439286395486, "gamma": 0.04036037572852271, "lamda": 0.027301100653233153}, "datetime": {"datetime": "2021-10-05 12:40:20", "elapsed": 193.795928, "delta": 1.399061}}
{"target": -10.479993280035945, "params": {"C": 39.094755012273446, "epsilon": 24.50960104752081, "gamma": 0.0355634287584449, "lamda": 0.0020403270283287167}, "datetime": {"datetime": "2021-10-05 12:40:22", "elapsed": 195.349681, "delta": 1.553753}}
{"target": -10.532427027173421, "params": {"C": 34.832144461388964, "epsilon": 21.05418845837187, "gamma": 0.030379375930020606, "lamda": 0.02871365431551206}, "datetime": {"datetime": "2021-10-05 12:40:23", "elapsed": 196.393832, "delta": 1.044151}}
{"target": -10.41619901107583, "params": {"C": 50.50320478922323, "epsilon": 25.287200760534933, "gamma": 0.013552908510518751, "lamda": 0.010241952862030853}, "datetime": {"datetime": "2021-10-05 12:40:24", "elapsed": 197.500021, "delta": 1.106189}}
{"target": -10.568103912904983, "params": {"C": 12.311178698247932, "epsilon": 14.9259394271627, "gamma": 0.03907560937705992, "lamda": 0.0003157936995593427}, "datetime": {"datetime": "2021-10-05 12:40:25", "elapsed": 198.867644, "delta": 1.367623}}
