{"target": -10.293298305482365, "params": {"C": 45.64597839145213, "epsilon": 23.159986796764855, "gamma": 0.013084726858681145, "lamda": 0.006955674973378291}, "datetime": {"datetime": "2021-10-06 14:27:52", "elapsed": 251.374586, "delta": 1.450286}}
{"target": -10.215327453656553, "params": {"C": 50.62479645009021, "epsilon": 32.82404453753476, "gamma": 0.020235209019021864, "lamda": 0.010090239458086576}, "datetime": {"datetime": "2021-10-06 14:27:53", "elapsed": 252.861589, "delta": 1.487003}}
{"target": -10.726530896180938, "params": {"C": 61.85571534351672, "epsilon": 28.36529928020903, "gamma": 0.014318637711583888, "lamda": 0.01918364344218841}, "datetime": {"datetime": "2021-10-06 14:27:54", "elapsed": 254.15159, "delta": 1.290001}}
{"target": -10.313345304679041, "params": {"C": 58.4228886760814, "epsilon": 29.375876008437697, "gamma": 0.029525956587407524, "lamda": 0.00985033933871864}, "datetime": {"datetime": "2021-10-06 14:27:56", "elapsed": 255.508044, "delta": 1.356454}}
{"target": -10.387499112587765, "params": {"C": 49.740342330062084, "epsilon": 23.704520881289014, "gamma": 0.03635515756924972, "lamda": 0.009794980989222508}, "datetime": {"datetime": "2021-10-06 14:27:57", "elapsed": 256.897387, "delta": 1.389343}}
{"target": -10.304029295529418, "params": {"C": 59.69051547347995, "epsilon": 26.21999486964586, "gamma": 0.029117015168361612, "lamda": 0.007706627903413472}, "datetime": {"datetime": "2021-10-06 14:27:59", "elapsed": 258.342995, "delta": 1.445608}}
{"target": -10.570328573599165, "params": {"C": 40.208166202862536, "epsilon": 31.030597226025385, "gamma": 0.03971210972356963, "lamda": 0.0022323592881605724}, "datetime": {"datetime": "2021-10-06 14:28:00", "elapsed": 259.748196, "delta": 1.405201}}
{"target": -10.448253802289253, "params": {"C": 61.85254627856516, "epsilon": 30.031224368318888, "gamma": 0.02025037584541982, "lamda": 0.019190890271366296}, "datetime": {"datetime": "2021-10-06 14:28:02", "elapsed": 261.274609, "delta": 1.526413}}
{"target": -10.312998736163037, "params": {"C": 65.79223480718292, "epsilon": 23.12802453039288, "gamma": 0.023547528807699808, "lamda": 0.01194850197385357}, "datetime": {"datetime": "2021-10-06 14:28:03", "elapsed": 262.556659, "delta": 1.28205}}
{"target": -10.375901089306632, "params": {"C": 51.84864346003382, "epsilon": 32.76026155606884, "gamma": 0.033301035534255966, "lamda": 0.01362844693331487}, "datetime": {"datetime": "2021-10-06 14:28:04", "elapsed": 263.845706, "delta": 1.289047}}
{"target": -10.237224487765456, "params": {"C": 42.04277294389979, "epsilon": 24.624284898808767, "gamma": 0.029168247670263735, "lamda": 0.00810128796860027}, "datetime": {"datetime": "2021-10-06 14:28:05", "elapsed": 265.176413, "delta": 1.330707}}
{"target": -10.275042503967324, "params": {"C": 64.81163380207127, "epsilon": 20.544572066790373, "gamma": 0.021082691442473454, "lamda": 0.010325519707000528}, "datetime": {"datetime": "2021-10-06 14:28:07", "elapsed": 266.925963, "delta": 1.74955}}
{"target": -10.407479538732735, "params": {"C": 43.34147220147867, "epsilon": 32.19949977472129, "gamma": 0.01741263378385395, "lamda": 0.012689071429794252}, "datetime": {"datetime": "2021-10-06 14:28:09", "elapsed": 268.457764, "delta": 1.531801}}
{"target": -10.278959933495416, "params": {"C": 42.482467702447295, "epsilon": 19.56573038193277, "gamma": 0.019596501678187394, "lamda": 0.016670089391512856}, "datetime": {"datetime": "2021-10-06 14:28:10", "elapsed": 270.145983, "delta": 1.688219}}
{"target": -10.215375219227058, "params": {"C": 58.403341137404105, "epsilon": 29.383065421772212, "gamma": 0.024361510573681376, "lamda": 0.00665677404557386}, "datetime": {"datetime": "2021-10-06 14:28:13", "elapsed": 272.417212, "delta": 2.271229}}
{"target": -10.368569153396532, "params": {"C": 60.32340069168447, "epsilon": 24.85144225949917, "gamma": 0.029223193255041247, "lamda": 0.015440925630044093}, "datetime": {"datetime": "2021-10-06 14:28:14", "elapsed": 273.838571, "delta": 1.421359}}
{"target": -10.244677958449163, "params": {"C": 58.918308774404906, "epsilon": 22.30256990348092, "gamma": 0.020195085429082826, "lamda": 0.010807738211933947}, "datetime": {"datetime": "2021-10-06 14:28:16", "elapsed": 275.818204, "delta": 1.979633}}
{"target": -10.23465878321261, "params": {"C": 39.02467133521233, "epsilon": 26.325722082859297, "gamma": 0.025395156927751857, "lamda": 0.012146212871004647}, "datetime": {"datetime": "2021-10-06 14:28:17", "elapsed": 277.151237, "delta": 1.333033}}
{"target": -10.319336250830514, "params": {"C": 57.63887760588458, "epsilon": 28.972175570998083, "gamma": 0.026720519717315316, "lamda": 0.013493856211868391}, "datetime": {"datetime": "2021-10-06 14:28:19", "elapsed": 278.457349, "delta": 1.306112}}
{"target": -10.339334848848162, "params": {"C": 49.1994036156217, "epsilon": 18.42401572259955, "gamma": 0.032193249138166395, "lamda": 0.008436769835727598}, "datetime": {"datetime": "2021-10-06 14:28:20", "elapsed": 279.874637, "delta": 1.417288}}
{"target": -10.426968701324357, "params": {"C": 53.82662316455155, "epsilon": 31.52561378222312, "gamma": 0.039267740554404684, "lamda": 0.015393059900346052}, "datetime": {"datetime": "2021-10-06 14:28:22", "elapsed": 281.256982, "delta": 1.382345}}
{"target": -10.170618910086827, "params": {"C": 40.361924275697966, "epsilon": 27.648662559912815, "gamma": 0.023728935984607985, "lamda": 0.004738456531815104}, "datetime": {"datetime": "2021-10-06 14:28:23", "elapsed": 282.890546, "delta": 1.633564}}
{"target": -10.290411134221909, "params": {"C": 39.02671166942322, "epsilon": 26.33463446208433, "gamma": 0.028468451171965038, "lamda": 0.014183689257934434}, "datetime": {"datetime": "2021-10-06 14:28:25", "elapsed": 284.563606, "delta": 1.67306}}
{"target": -10.453379601878993, "params": {"C": 44.5975821101339, "epsilon": 32.79507326208398, "gamma": 0.023132417796763706, "lamda": 0.019447160923067332}, "datetime": {"datetime": "2021-10-06 14:28:26", "elapsed": 285.919651, "delta": 1.356045}}
{"target": -10.134634797048186, "params": {"C": 62.81699498320651, "epsilon": 20.042862301902648, "gamma": 0.020803271098547654, "lamda": 0.0032109626948199663}, "datetime": {"datetime": "2021-10-06 14:28:28", "elapsed": 287.293447, "delta": 1.373796}}
{"target": -10.194069580166886, "params": {"C": 42.45970228662409, "epsilon": 19.526621838028603, "gamma": 0.02274471767275083, "lamda": 0.0013774937186409254}, "datetime": {"datetime": "2021-10-06 14:28:29", "elapsed": 289.176745, "delta": 1.883298}}
{"target": -10.43794837793956, "params": {"C": 52.90977748999241, "epsilon": 28.540501008453397, "gamma": 0.017260035182867117, "lamda": 0.01429291774505279}, "datetime": {"datetime": "2021-10-06 14:28:31", "elapsed": 290.593704, "delta": 1.416959}}
{"target": -10.337089328374987, "params": {"C": 63.217987614915266, "epsilon": 30.5699883621257, "gamma": 0.030373495485782456, "lamda": 0.005786810589320647}, "datetime": {"datetime": "2021-10-06 14:28:32", "elapsed": 292.092602, "delta": 1.498898}}
{"target": -10.386986276271559, "params": {"C": 63.63062717780367, "epsilon": 25.758169319145363, "gamma": 0.03407433763037669, "lamda": 0.008780023806929192}, "datetime": {"datetime": "2021-10-06 14:28:34", "elapsed": 293.473479, "delta": 1.380877}}
{"target": -10.499723473222993, "params": {"C": 64.00186276214541, "epsilon": 32.13714967958778, "gamma": 0.022569300126709137, "lamda": 0.00037682123811827944}, "datetime": {"datetime": "2021-10-06 14:28:35", "elapsed": 294.960803, "delta": 1.487324}}
{"target": -10.63765994326937, "params": {"C": 46.00071610413461, "epsilon": 20.41372161746947, "gamma": 0.012750948085433688, "lamda": 0.017489756128360914}, "datetime": {"datetime": "2021-10-06 14:28:37", "elapsed": 296.382856, "delta": 1.422053}}
{"target": -10.228753142596938, "params": {"C": 39.15369740055701, "epsilon": 32.173643379341556, "gamma": 0.02245943594510669, "lamda": 0.00409216063886336}, "datetime": {"datetime": "2021-10-06 14:28:38", "elapsed": 297.803797, "delta": 1.420941}}
{"target": -10.438185854012298, "params": {"C": 64.92572588081332, "epsilon": 29.405657630187743, "gamma": 0.034086917577912816, "lamda": 0.01987191229830585}, "datetime": {"datetime": "2021-10-06 14:28:40", "elapsed": 299.381312, "delta": 1.577515}}
{"target": -10.741241722967972, "params": {"C": 44.88096676039517, "epsilon": 30.789432058374544, "gamma": 0.010009746471818484, "lamda": 0.009898795334963678}, "datetime": {"datetime": "2021-10-06 14:28:42", "elapsed": 301.210545, "delta": 1.829233}}
{"target": -10.415973857207844, "params": {"C": 42.75556447152162, "epsilon": 19.41047539531662, "gamma": 0.037534211298473334, "lamda": 0.007043985669238115}, "datetime": {"datetime": "2021-10-06 14:28:43", "elapsed": 302.579693, "delta": 1.369148}}
{"target": -10.408650008851255, "params": {"C": 42.114534724285235, "epsilon": 20.415694495308095, "gamma": 0.033341246086260524, "lamda": 0.01778331328178804}, "datetime": {"datetime": "2021-10-06 14:28:45", "elapsed": 304.341129, "delta": 1.761436}}
{"target": -10.344230943705037, "params": {"C": 50.380292224923394, "epsilon": 26.294551427347756, "gamma": 0.02584961947743289, "lamda": 0.018863574355189185}, "datetime": {"datetime": "2021-10-06 14:28:46", "elapsed": 305.882168, "delta": 1.541039}}
{"target": -10.496854480396538, "params": {"C": 61.084962791609016, "epsilon": 20.125151285297225, "gamma": 0.03435898883916326, "lamda": 0.016071576559806528}, "datetime": {"datetime": "2021-10-06 14:28:48", "elapsed": 307.253084, "delta": 1.370916}}
{"target": -10.336037613048092, "params": {"C": 60.7734868417444, "epsilon": 21.585029834220315, "gamma": 0.03103423428351689, "lamda": 0.0035750649981418294}, "datetime": {"datetime": "2021-10-06 14:28:49", "elapsed": 308.671091, "delta": 1.418007}}
{"target": -10.322068012482422, "params": {"C": 63.333550584953855, "epsilon": 23.846642142511094, "gamma": 0.02079231002787009, "lamda": 0.017251119115218313}, "datetime": {"datetime": "2021-10-06 14:28:51", "elapsed": 310.22298, "delta": 1.551889}}
{"target": -10.229040361388272, "params": {"C": 55.290593769738074, "epsilon": 30.838412620582577, "gamma": 0.021666996963398695, "lamda": 0.0023886450298435794}, "datetime": {"datetime": "2021-10-06 14:28:52", "elapsed": 311.768274, "delta": 1.545294}}
{"target": -10.266498794284985, "params": {"C": 40.42810154967359, "epsilon": 29.989720308178804, "gamma": 0.02833299358078655, "lamda": 0.010909944630116325}, "datetime": {"datetime": "2021-10-06 14:28:54", "elapsed": 313.364517, "delta": 1.596243}}
{"target": -10.163206127236101, "params": {"C": 52.004809142405875, "epsilon": 27.2893565420647, "gamma": 0.019887418209278605, "lamda": 0.0029070417431609446}, "datetime": {"datetime": "2021-10-06 14:28:55", "elapsed": 314.938204, "delta": 1.573687}}
{"target": -10.549390852011198, "params": {"C": 64.09780765995218, "epsilon": 27.986304367432744, "gamma": 0.017165488908810134, "lamda": 0.018414478467800425}, "datetime": {"datetime": "2021-10-06 14:28:57", "elapsed": 316.436102, "delta": 1.497898}}
{"target": -10.114492948477276, "params": {"C": 49.3718231668855, "epsilon": 26.786429754848434, "gamma": 0.015424967359713588, "lamda": 0.003719667689419727}, "datetime": {"datetime": "2021-10-06 14:28:59", "elapsed": 318.630012, "delta": 2.19391}}
{"target": -10.383087303835179, "params": {"C": 44.15016648472234, "epsilon": 25.77463097256435, "gamma": 0.03574142901726506, "lamda": 0.004703140494928979}, "datetime": {"datetime": "2021-10-06 14:29:00", "elapsed": 320.112282, "delta": 1.48227}}
{"target": -10.463947423258665, "params": {"C": 51.56044952285009, "epsilon": 26.570151323709638, "gamma": 0.03466245788394447, "lamda": 0.00202976177300261}, "datetime": {"datetime": "2021-10-06 14:29:02", "elapsed": 321.567498, "delta": 1.455216}}
{"target": -10.3059586798358, "params": {"C": 46.116391728336595, "epsilon": 32.72935417898494, "gamma": 0.029624417930579246, "lamda": 0.011369163306431283}, "datetime": {"datetime": "2021-10-06 14:29:03", "elapsed": 323.057221, "delta": 1.489723}}
{"target": -10.131822963481977, "params": {"C": 51.88816288538767, "epsilon": 26.568386008658333, "gamma": 0.022242437962311137, "lamda": 0.005967873694169004}, "datetime": {"datetime": "2021-10-06 14:29:05", "elapsed": 324.592259, "delta": 1.535038}}
{"target": -10.522080092956843, "params": {"C": 55.337743868002704, "epsilon": 31.555100439761276, "gamma": 0.018620211985093196, "lamda": 0.017836401913250585}, "datetime": {"datetime": "2021-10-06 14:29:07", "elapsed": 326.650883, "delta": 2.058624}}
{"target": -10.262307513189107, "params": {"C": 47.407310469227255, "epsilon": 24.31095200269462, "gamma": 0.028458754419023652, "lamda": 0.004121852236330216}, "datetime": {"datetime": "2021-10-06 14:29:09", "elapsed": 328.221932, "delta": 1.571049}}
{"target": -10.32575846667123, "params": {"C": 45.566637063434335, "epsilon": 29.864739070961377, "gamma": 0.024310058195890702, "lamda": 0.016375859094274706}, "datetime": {"datetime": "2021-10-06 14:29:10", "elapsed": 329.772683, "delta": 1.550751}}
{"target": -10.181129279447635, "params": {"C": 64.08529550833224, "epsilon": 23.75617970159303, "gamma": 0.02282959420497497, "lamda": 0.006176280257153566}, "datetime": {"datetime": "2021-10-06 14:29:12", "elapsed": 331.282208, "delta": 1.509525}}
{"target": -10.342515142052857, "params": {"C": 40.706435116447786, "epsilon": 29.226152182423647, "gamma": 0.02083369481584934, "lamda": 0.016798743711857838}, "datetime": {"datetime": "2021-10-06 14:29:13", "elapsed": 332.778557, "delta": 1.496349}}
{"target": -10.264978898817855, "params": {"C": 46.55834825207602, "epsilon": 29.534628281032823, "gamma": 0.01236882926449388, "lamda": 0.003979298146070027}, "datetime": {"datetime": "2021-10-06 14:29:15", "elapsed": 334.236735, "delta": 1.458178}}
{"target": -10.382819151282245, "params": {"C": 46.284702603290434, "epsilon": 31.972387650985013, "gamma": 0.034295131796019486, "lamda": 0.015135310619114958}, "datetime": {"datetime": "2021-10-06 14:29:16", "elapsed": 335.762134, "delta": 1.525399}}
{"target": -10.279390515534951, "params": {"C": 38.51166685656402, "epsilon": 25.75433671048434, "gamma": 0.02174679857776876, "lamda": 0.016667082135889924}, "datetime": {"datetime": "2021-10-06 14:29:18", "elapsed": 337.320038, "delta": 1.557904}}
{"target": -10.833299557490772, "params": {"C": 50.00795324894127, "epsilon": 26.333382355756424, "gamma": 0.010500538597110925, "lamda": 0.015144075630599184}, "datetime": {"datetime": "2021-10-06 14:29:20", "elapsed": 339.438638, "delta": 2.1186}}
{"target": -10.444588190601603, "params": {"C": 58.88285830904788, "epsilon": 22.27650826773079, "gamma": 0.032646092589372185, "lamda": 0.01963265110137004}, "datetime": {"datetime": "2021-10-06 14:29:22", "elapsed": 341.594348, "delta": 2.15571}}
{"target": -10.223366920699481, "params": {"C": 49.41983875340798, "epsilon": 26.957814098943217, "gamma": 0.018223979969009083, "lamda": 0.0014245139815565267}, "datetime": {"datetime": "2021-10-06 14:29:24", "elapsed": 343.68611, "delta": 2.091762}}
{"target": -10.156623104008625, "params": {"C": 42.4667847527596, "epsilon": 19.58870254592135, "gamma": 0.016499562722388658, "lamda": 0.0064747591328688245}, "datetime": {"datetime": "2021-10-06 14:29:26", "elapsed": 345.753913, "delta": 2.067803}}
{"target": -10.514436019746105, "params": {"C": 40.545364081663045, "epsilon": 23.06576148454696, "gamma": 0.012294505245072574, "lamda": 0.012245275650690156}, "datetime": {"datetime": "2021-10-06 14:29:28", "elapsed": 347.282835, "delta": 1.528922}}
{"target": -10.361278622498393, "params": {"C": 50.503011687012, "epsilon": 31.882699469164354, "gamma": 0.02880974758360559, "lamda": 0.0022149591400233287}, "datetime": {"datetime": "2021-10-06 14:29:29", "elapsed": 348.829357, "delta": 1.546522}}
{"target": -10.362518285681503, "params": {"C": 51.41143230963347, "epsilon": 28.905037688695696, "gamma": 0.035013772128905475, "lamda": 0.009719241666990853}, "datetime": {"datetime": "2021-10-06 14:29:31", "elapsed": 350.905059, "delta": 2.075702}}
{"target": -10.139914834777173, "params": {"C": 46.98518328967363, "epsilon": 30.360985601848288, "gamma": 0.019933577001326662, "lamda": 0.00762126021849768}, "datetime": {"datetime": "2021-10-06 14:29:33", "elapsed": 352.50715, "delta": 1.602091}}
{"target": -10.257463125958843, "params": {"C": 57.699981361414416, "epsilon": 18.843048041611056, "gamma": 0.021600930965584818, "lamda": 0.010407424087536641}, "datetime": {"datetime": "2021-10-06 14:29:34", "elapsed": 354.026192, "delta": 1.519042}}
{"target": -10.211934641714675, "params": {"C": 50.75078895180963, "epsilon": 22.536451352066607, "gamma": 0.015154279513890045, "lamda": 0.006745915940987454}, "datetime": {"datetime": "2021-10-06 14:29:36", "elapsed": 355.53381, "delta": 1.507618}}
{"target": -10.326266062448619, "params": {"C": 58.569728627277385, "epsilon": 26.583644867357634, "gamma": 0.013547961957151548, "lamda": 0.007143148166862466}, "datetime": {"datetime": "2021-10-06 14:29:38", "elapsed": 357.251736, "delta": 1.717926}}
{"target": -10.352019544572848, "params": {"C": 45.992755184112866, "epsilon": 23.908284143185462, "gamma": 0.03299101887548991, "lamda": 0.014757928195776959}, "datetime": {"datetime": "2021-10-06 14:29:40", "elapsed": 359.914805, "delta": 2.663069}}
{"target": -10.159002217949501, "params": {"C": 38.23768275746942, "epsilon": 27.579802361034883, "gamma": 0.021422561535033413, "lamda": 0.009677403539099742}, "datetime": {"datetime": "2021-10-06 14:29:42", "elapsed": 361.528693, "delta": 1.613888}}
{"target": -10.28103517921669, "params": {"C": 43.29446616183512, "epsilon": 24.960086459545526, "gamma": 0.025702134157808768, "lamda": 0.016175546412291932}, "datetime": {"datetime": "2021-10-06 14:29:44", "elapsed": 363.516466, "delta": 1.987773}}
{"target": -10.41795789859055, "params": {"C": 63.20777788224211, "epsilon": 24.006485279076884, "gamma": 0.015263498676432681, "lamda": 0.01133495129715343}, "datetime": {"datetime": "2021-10-06 14:29:46", "elapsed": 365.263206, "delta": 1.74674}}
{"target": -10.374610877735675, "params": {"C": 51.89234677076973, "epsilon": 26.56595215118382, "gamma": 0.030418025225623493, "lamda": 0.016352110073018993}, "datetime": {"datetime": "2021-10-06 14:29:48", "elapsed": 367.289016, "delta": 2.02581}}
{"target": -10.194423812933525, "params": {"C": 48.56443016498656, "epsilon": 19.644703540957416, "gamma": 0.018336771201380934, "lamda": 0.012152908402072712}, "datetime": {"datetime": "2021-10-06 14:29:49", "elapsed": 368.982188, "delta": 1.693172}}
{"target": -10.395902242283878, "params": {"C": 39.596441706471, "epsilon": 32.10212557533222, "gamma": 0.013197417916056978, "lamda": 0.007367890392505879}, "datetime": {"datetime": "2021-10-06 14:29:51", "elapsed": 370.657389, "delta": 1.675201}}
{"target": -10.400884169312734, "params": {"C": 51.987576863965735, "epsilon": 27.29637829199745, "gamma": 0.013180532056520408, "lamda": 0.00864533663741617}, "datetime": {"datetime": "2021-10-06 14:29:53", "elapsed": 372.946011, "delta": 2.288622}}
{"target": -10.208796148180891, "params": {"C": 43.67556552189404, "epsilon": 27.58596238386873, "gamma": 0.025319466873846307, "lamda": 0.009317318250593624}, "datetime": {"datetime": "2021-10-06 14:29:55", "elapsed": 374.559838, "delta": 1.613827}}
{"target": -10.329474847132252, "params": {"C": 42.27635079243528, "epsilon": 19.380837729002852, "gamma": 0.02939953453610119, "lamda": 0.013789507608446556}, "datetime": {"datetime": "2021-10-06 14:29:57", "elapsed": 376.622267, "delta": 2.062429}}
{"target": -10.410790063001246, "params": {"C": 65.1139392303219, "epsilon": 25.46052460029916, "gamma": 0.011711148851696574, "lamda": 0.006445739026328366}, "datetime": {"datetime": "2021-10-06 14:29:59", "elapsed": 378.311888, "delta": 1.689621}}
{"target": -10.279588612401769, "params": {"C": 53.74109282010468, "epsilon": 26.244296298611786, "gamma": 0.024142213668959557, "lamda": 0.015013445847911805}, "datetime": {"datetime": "2021-10-06 14:30:00", "elapsed": 379.912541, "delta": 1.600653}}
{"target": -10.289163979466597, "params": {"C": 58.911821509641754, "epsilon": 22.30846591070568, "gamma": 0.027162012758244827, "lamda": 0.007349940879644166}, "datetime": {"datetime": "2021-10-06 14:30:03", "elapsed": 382.349286, "delta": 2.436745}}
{"target": -10.491461512034066, "params": {"C": 65.0898978944824, "epsilon": 18.04081889929779, "gamma": 0.03699555347946811, "lamda": 0.0074035710521124605}, "datetime": {"datetime": "2021-10-06 14:30:04", "elapsed": 383.964876, "delta": 1.61559}}
{"target": -10.363523186730971, "params": {"C": 50.992124039767184, "epsilon": 29.86105579204672, "gamma": 0.03345467156267568, "lamda": 0.007324054105462833}, "datetime": {"datetime": "2021-10-06 14:30:06", "elapsed": 385.711685, "delta": 1.746809}}
{"target": -10.263499126021316, "params": {"C": 45.27694950310579, "epsilon": 21.290247875191092, "gamma": 0.014028262794098592, "lamda": 0.000795634860671028}, "datetime": {"datetime": "2021-10-06 14:30:08", "elapsed": 388.013782, "delta": 2.302097}}
{"target": -10.489926344278294, "params": {"C": 56.53968859937016, "epsilon": 22.239186954484964, "gamma": 0.012696990341395972, "lamda": 0.01088704816473399}, "datetime": {"datetime": "2021-10-06 14:30:10", "elapsed": 390.135452, "delta": 2.12167}}
{"target": -10.3518213386317, "params": {"C": 55.331811988771825, "epsilon": 31.553929156205847, "gamma": 0.013605190851613302, "lamda": 0.006469005015770366}, "datetime": {"datetime": "2021-10-06 14:30:13", "elapsed": 392.453217, "delta": 2.317765}}
{"target": -10.299751493676663, "params": {"C": 38.2385470958506, "epsilon": 27.595496053418387, "gamma": 0.02570939629678231, "lamda": 0.002493591479113887}, "datetime": {"datetime": "2021-10-06 14:30:15", "elapsed": 395.109618, "delta": 2.656401}}
