{"target": -10.342443792480626, "params": {"C": 18.941809627625737, "epsilon": 11.846771895375955, "gamma": 0.01582292887786218, "lamda": 0.017408924206743778}, "datetime": {"datetime": "2021-10-05 12:37:07", "elapsed": 0.338317, "delta": 0.338317}}
{"target": -10.59847885912747, "params": {"C": 42.69291005191364, "epsilon": 20.776334680067137, "gamma": 0.025606169604938382, "lamda": 0.03432393111975862}, "datetime": {"datetime": "2021-10-05 12:37:07", "elapsed": 0.634332, "delta": 0.296015}}
{"target": -11.500184634877138, "params": {"C": 24.422963724494156, "epsilon": 27.562348727818907, "gamma": 0.0091502789143129, "lamda": 0.033589282006884436}, "datetime": {"datetime": "2021-10-05 12:37:07", "elapsed": 1.107305, "delta": 0.472973}}
{"target": -10.318014551891649, "params": {"C": 44.643956224877066, "epsilon": 21.173796568915034, "gamma": 0.013896251420999818, "lamda": 0.010065454156426965}, "datetime": {"datetime": "2021-10-05 12:37:08", "elapsed": 1.524027, "delta": 0.416722}}
{"target": -10.74026002021022, "params": {"C": 81.07073402417599, "epsilon": 29.36523151438795, "gamma": 0.0211638154826882, "lamda": 0.03467766626033184}, "datetime": {"datetime": "2021-10-05 12:37:08", "elapsed": 1.976619, "delta": 0.452592}}
{"target": -10.324782294818565, "params": {"C": 45.169045920187834, "epsilon": 19.482048390647122, "gamma": 0.010725514930250792, "lamda": 0.00291322736680654}, "datetime": {"datetime": "2021-10-05 12:37:09", "elapsed": 2.782779, "delta": 0.80616}}
{"target": -10.971240808764627, "params": {"C": 48.526643076632574, "epsilon": 20.47567729701316, "gamma": 0.05, "lamda": 0.05}, "datetime": {"datetime": "2021-10-05 12:37:10", "elapsed": 3.509931, "delta": 0.727152}}
{"target": -10.326979133221466, "params": {"C": 21.269206563237613, "epsilon": 10.499146138643622, "gamma": 0.021659295024190773, "lamda": 0.011411254939377304}, "datetime": {"datetime": "2021-10-05 12:37:10", "elapsed": 4.135329, "delta": 0.625398}}
{"target": -10.814955928752209, "params": {"C": 21.699132782086796, "epsilon": 13.727495098144697, "gamma": 0.046507833190353155, "lamda": 0.0320334582889875}, "datetime": {"datetime": "2021-10-05 12:37:11", "elapsed": 4.794616, "delta": 0.659287}}
{"target": -10.892908779109675, "params": {"C": 18.68024310059815, "epsilon": 10.0, "gamma": 0.008, "lamda": 0.0002}, "datetime": {"datetime": "2021-10-05 12:37:12", "elapsed": 5.549963, "delta": 0.755347}}
{"target": -10.52591636854407, "params": {"C": 20.483728915181445, "epsilon": 11.872200681976077, "gamma": 0.025256597331915133, "lamda": 0.0315668684095971}, "datetime": {"datetime": "2021-10-05 12:37:12", "elapsed": 6.006616, "delta": 0.456653}}
{"target": -10.562666746803187, "params": {"C": 17.74540458045573, "epsilon": 13.145306183066545, "gamma": 0.03575307223165083, "lamda": 0.03198816766068915}, "datetime": {"datetime": "2021-10-05 12:37:13", "elapsed": 6.374014, "delta": 0.367398}}
{"target": -10.892661722467226, "params": {"C": 22.848171427108817, "epsilon": 10.050815652492979, "gamma": 0.010133280389481277, "lamda": 0.02698074168657849}, "datetime": {"datetime": "2021-10-05 12:37:13", "elapsed": 6.928975, "delta": 0.554961}}
{"target": -10.30066640796538, "params": {"C": 44.15146885837154, "epsilon": 19.87894923135775, "gamma": 0.020603874504631282, "lamda": 0.018646146901871677}, "datetime": {"datetime": "2021-10-05 12:37:14", "elapsed": 7.332294, "delta": 0.403319}}
{"target": -10.61220113187226, "params": {"C": 44.116499728473734, "epsilon": 18.08882474166615, "gamma": 0.008, "lamda": 0.0002}, "datetime": {"datetime": "2021-10-05 12:37:14", "elapsed": 8.182053, "delta": 0.849759}}
{"target": -10.488128942696259, "params": {"C": 46.11355761644075, "epsilon": 21.00113418152095, "gamma": 0.03298872987603699, "lamda": 0.024976369270327058}, "datetime": {"datetime": "2021-10-05 12:37:15", "elapsed": 8.580614, "delta": 0.398561}}
{"target": -10.366321544549155, "params": {"C": 13.04703857172428, "epsilon": 13.757383022913409, "gamma": 0.029754693153288915, "lamda": 0.02500136236030007}, "datetime": {"datetime": "2021-10-05 12:37:15", "elapsed": 9.079463, "delta": 0.498849}}
{"target": -10.945898607997858, "params": {"C": 11.39921394785333, "epsilon": 13.08026600829224, "gamma": 0.008, "lamda": 0.008673965919979142}, "datetime": {"datetime": "2021-10-05 12:37:16", "elapsed": 9.69706, "delta": 0.617597}}
{"target": -10.747024811827844, "params": {"C": 14.394402153110102, "epsilon": 14.25219576794474, "gamma": 0.04625816624105577, "lamda": 0.03743051687422801}, "datetime": {"datetime": "2021-10-05 12:37:16", "elapsed": 10.193854, "delta": 0.496794}}
{"target": -10.617169572647372, "params": {"C": 45.22536477258323, "epsilon": 20.3161349904884, "gamma": 0.029338805537022207, "lamda": 0.03979725820400512}, "datetime": {"datetime": "2021-10-05 12:37:17", "elapsed": 10.678847, "delta": 0.484993}}
{"target": -10.829410173562373, "params": {"C": 45.15132970388397, "epsilon": 19.351783544829413, "gamma": 0.010554585708387252, "lamda": 0.019437498706842905}, "datetime": {"datetime": "2021-10-05 12:37:17", "elapsed": 11.047843, "delta": 0.368996}}
{"target": -10.629417437325674, "params": {"C": 22.17490936938296, "epsilon": 15.435425889891594, "gamma": 0.04174870594138191, "lamda": 0.03247231947095034}, "datetime": {"datetime": "2021-10-05 12:37:18", "elapsed": 11.443721, "delta": 0.395878}}
{"target": -10.633567976685802, "params": {"C": 17.702732885817234, "epsilon": 20.156972171975404, "gamma": 0.04534233952848692, "lamda": 0.02844477183082249}, "datetime": {"datetime": "2021-10-05 12:37:18", "elapsed": 11.90002, "delta": 0.456299}}
{"target": -10.722792453790722, "params": {"C": 19.405496514860396, "epsilon": 14.085282418198437, "gamma": 0.03624397692182604, "lamda": 0.04376563067022406}, "datetime": {"datetime": "2021-10-05 12:37:19", "elapsed": 12.361472, "delta": 0.461452}}
{"target": -10.7042527616383, "params": {"C": 82.71398515610869, "epsilon": 13.270534241539043, "gamma": 0.008631395134956052, "lamda": 0.008217237687983431}, "datetime": {"datetime": "2021-10-05 12:37:19", "elapsed": 12.757846, "delta": 0.396374}}
{"target": -10.629663339286314, "params": {"C": 98.67092049658606, "epsilon": 24.166552797965622, "gamma": 0.032465548975464206, "lamda": 0.03735699625418724}, "datetime": {"datetime": "2021-10-05 12:37:20", "elapsed": 13.203442, "delta": 0.445596}}
{"target": -10.385570658522507, "params": {"C": 90.40490816649584, "epsilon": 19.044388976149968, "gamma": 0.02476702431731197, "lamda": 0.015714104820355658}, "datetime": {"datetime": "2021-10-05 12:37:20", "elapsed": 13.614684, "delta": 0.411242}}
{"target": -10.47761369923311, "params": {"C": 71.66160271159856, "epsilon": 17.684716616509903, "gamma": 0.019271344729472797, "lamda": 0.024561332259669645}, "datetime": {"datetime": "2021-10-05 12:37:20", "elapsed": 14.025804, "delta": 0.41112}}
{"target": -10.56554283839725, "params": {"C": 99.45263700303697, "epsilon": 15.116832876344636, "gamma": 0.03398241093334364, "lamda": 0.01861791799875502}, "datetime": {"datetime": "2021-10-05 12:37:21", "elapsed": 14.45199, "delta": 0.426186}}
{"target": -10.788717457155196, "params": {"C": 85.84689157206356, "epsilon": 25.659123321169474, "gamma": 0.04589199441167816, "lamda": 0.004850813897974824}, "datetime": {"datetime": "2021-10-05 12:37:21", "elapsed": 14.872454, "delta": 0.420464}}
{"target": -10.641447824476623, "params": {"C": 42.489235974430265, "epsilon": 22.97272956787628, "gamma": 0.01458744801662075, "lamda": 0.0209836350737297}, "datetime": {"datetime": "2021-10-05 12:37:22", "elapsed": 15.2961, "delta": 0.423646}}
{"target": -10.842822884533847, "params": {"C": 56.23013002404811, "epsilon": 17.841454784466375, "gamma": 0.0473644115371079, "lamda": 0.021198294438041058}, "datetime": {"datetime": "2021-10-05 12:37:22", "elapsed": 15.768163, "delta": 0.472063}}
{"target": -10.573950497587193, "params": {"C": 51.407407740909775, "epsilon": 11.283896814464162, "gamma": 0.02184474282298275, "lamda": 0.03208100503842536}, "datetime": {"datetime": "2021-10-05 12:37:22", "elapsed": 16.192821, "delta": 0.424658}}
{"target": -10.694810577245157, "params": {"C": 43.52593316162472, "epsilon": 10.279384786006247, "gamma": 0.025142326323970735, "lamda": 0.039435948997836305}, "datetime": {"datetime": "2021-10-05 12:37:23", "elapsed": 16.647442, "delta": 0.454621}}
{"target": -10.836999790765738, "params": {"C": 67.23101524385493, "epsilon": 14.355013962897074, "gamma": 0.03751151642659335, "lamda": 0.04536848450603098}, "datetime": {"datetime": "2021-10-05 12:37:23", "elapsed": 17.07986, "delta": 0.432418}}
{"target": -10.647080369383586, "params": {"C": 33.630638077388454, "epsilon": 22.64565450569825, "gamma": 0.04550110496569809, "lamda": 0.025305159015730647}, "datetime": {"datetime": "2021-10-05 12:37:24", "elapsed": 17.565734, "delta": 0.485874}}
{"target": -11.120368936528035, "params": {"C": 75.316942270914, "epsilon": 29.677758879643218, "gamma": 0.01473687068122585, "lamda": 0.03710789372932379}, "datetime": {"datetime": "2021-10-05 12:37:24", "elapsed": 18.036048, "delta": 0.470314}}
{"target": -10.575919339679922, "params": {"C": 39.16812424210034, "epsilon": 20.1388580542954, "gamma": 0.038443123075874615, "lamda": 0.026142348750074113}, "datetime": {"datetime": "2021-10-05 12:37:25", "elapsed": 18.493316, "delta": 0.457268}}
{"target": -10.653919334571519, "params": {"C": 51.13691492802314, "epsilon": 23.76741428199357, "gamma": 0.03520035010086513, "lamda": 0.04009149957553472}, "datetime": {"datetime": "2021-10-05 12:37:25", "elapsed": 18.941722, "delta": 0.448406}}
{"target": -10.634842743480839, "params": {"C": 93.4167071969434, "epsilon": 28.24980821883186, "gamma": 0.03970759486187029, "lamda": 0.03452957052234806}, "datetime": {"datetime": "2021-10-05 12:37:26", "elapsed": 19.379344, "delta": 0.437622}}
{"target": -10.724272496244472, "params": {"C": 42.368374824356884, "epsilon": 28.88930332848481, "gamma": 0.040127454639003496, "lamda": 0.0393544572385434}, "datetime": {"datetime": "2021-10-05 12:37:26", "elapsed": 19.800013, "delta": 0.420669}}
{"target": -10.255227992984908, "params": {"C": 38.2644804607619, "epsilon": 28.858370183202894, "gamma": 0.023932585076203095, "lamda": 0.014611585861405804}, "datetime": {"datetime": "2021-10-05 12:37:27", "elapsed": 20.247649, "delta": 0.447636}}
{"target": -10.668997825958693, "params": {"C": 46.02571992898236, "epsilon": 23.576770579373285, "gamma": 0.047129950620849334, "lamda": 0.033845043011765795}, "datetime": {"datetime": "2021-10-05 12:37:27", "elapsed": 20.733477, "delta": 0.485828}}
{"target": -10.558267752460841, "params": {"C": 66.27031161775713, "epsilon": 12.504415378917672, "gamma": 0.03653642787304599, "lamda": 0.012990806338131987}, "datetime": {"datetime": "2021-10-05 12:37:28", "elapsed": 21.218072, "delta": 0.484595}}
{"target": -10.58429849890303, "params": {"C": 45.03413296743206, "epsilon": 18.361103899604228, "gamma": 0.04264716775054641, "lamda": 0.018026191165516313}, "datetime": {"datetime": "2021-10-05 12:37:28", "elapsed": 21.699237, "delta": 0.481165}}
{"target": -10.613991977830544, "params": {"C": 96.33935859379899, "epsilon": 23.63946230470994, "gamma": 0.03298119092665795, "lamda": 0.03476225152124857}, "datetime": {"datetime": "2021-10-05 12:37:29", "elapsed": 22.206972, "delta": 0.507735}}
{"target": -10.342804042398658, "params": {"C": 99.08009502135148, "epsilon": 22.880795199882684, "gamma": 0.011688027807372783, "lamda": 0.003716816470982273}, "datetime": {"datetime": "2021-10-05 12:37:29", "elapsed": 22.718964, "delta": 0.511992}}
{"target": -10.697575504816822, "params": {"C": 45.71834680968319, "epsilon": 13.508616859611298, "gamma": 0.02551110411689496, "lamda": 0.04259679827178946}, "datetime": {"datetime": "2021-10-05 12:37:29", "elapsed": 23.142008, "delta": 0.423044}}
{"target": -10.708792408792748, "params": {"C": 70.46431653151325, "epsilon": 12.356938167077576, "gamma": 0.03082772069743952, "lamda": 0.035032967243611005}, "datetime": {"datetime": "2021-10-05 12:37:30", "elapsed": 23.616462, "delta": 0.474454}}
{"target": -10.336117148228638, "params": {"C": 41.11547042607671, "epsilon": 26.967916646666758, "gamma": 0.025259394817210967, "lamda": 0.01876733106989801}, "datetime": {"datetime": "2021-10-05 12:37:30", "elapsed": 24.12923, "delta": 0.512768}}
{"target": -10.347116186471125, "params": {"C": 79.04835653008594, "epsilon": 28.060897603388025, "gamma": 0.029521266212704206, "lamda": 0.014902604463003724}, "datetime": {"datetime": "2021-10-05 12:37:31", "elapsed": 24.568219, "delta": 0.438989}}
{"target": -10.21161752919744, "params": {"C": 68.03468076755345, "epsilon": 19.15665940153419, "gamma": 0.024315361607208947, "lamda": 0.004237902038743612}, "datetime": {"datetime": "2021-10-05 12:37:31", "elapsed": 25.101342, "delta": 0.533123}}
{"target": -10.377678471437337, "params": {"C": 92.60093300624372, "epsilon": 16.11081969771582, "gamma": 0.030703126570601615, "lamda": 0.0059755419391835495}, "datetime": {"datetime": "2021-10-05 12:37:32", "elapsed": 25.668021, "delta": 0.566679}}
{"target": -10.566955349342514, "params": {"C": 32.223707881670705, "epsilon": 12.077342221333854, "gamma": 0.04384978908705351, "lamda": 0.0072293968370794005}, "datetime": {"datetime": "2021-10-05 12:37:33", "elapsed": 26.206218, "delta": 0.538197}}
{"target": -10.256347502851536, "params": {"C": 73.38129220737882, "epsilon": 15.740748537308438, "gamma": 0.018331805722279416, "lamda": 0.008950595850544288}, "datetime": {"datetime": "2021-10-05 12:37:33", "elapsed": 26.734185, "delta": 0.527967}}
{"target": -10.277135369512227, "params": {"C": 94.2229763658371, "epsilon": 29.43783199025331, "gamma": 0.018423531643456514, "lamda": 0.00709519595181756}, "datetime": {"datetime": "2021-10-05 12:37:34", "elapsed": 27.207922, "delta": 0.473737}}
{"target": -10.429153554527556, "params": {"C": 58.2591129418142, "epsilon": 26.31727152441751, "gamma": 0.037703313963041496, "lamda": 0.008157575641678676}, "datetime": {"datetime": "2021-10-05 12:37:34", "elapsed": 27.725059, "delta": 0.517137}}
{"target": -10.757141989768744, "params": {"C": 50.28128734434388, "epsilon": 26.309019323938372, "gamma": 0.03445502123878104, "lamda": 0.04558885225034796}, "datetime": {"datetime": "2021-10-05 12:37:34", "elapsed": 28.164379, "delta": 0.43932}}
{"target": -10.793340219220422, "params": {"C": 73.41444770280978, "epsilon": 21.454618987379195, "gamma": 0.035672308230970506, "lamda": 0.049569344544380355}, "datetime": {"datetime": "2021-10-05 12:37:35", "elapsed": 28.635166, "delta": 0.470787}}
{"target": -10.227790111639333, "params": {"C": 20.10680143526762, "epsilon": 19.56872901378213, "gamma": 0.02928103912824486, "lamda": 0.006232692162106839}, "datetime": {"datetime": "2021-10-05 12:37:35", "elapsed": 29.183713, "delta": 0.548547}}
{"target": -10.75666891005384, "params": {"C": 97.78671385615873, "epsilon": 20.777683557383916, "gamma": 0.04934584682475941, "lamda": 0.039636123309933706}, "datetime": {"datetime": "2021-10-05 12:37:36", "elapsed": 29.685184, "delta": 0.501471}}
{"target": -10.694704606518568, "params": {"C": 58.09219409892883, "epsilon": 13.99605343827147, "gamma": 0.04173706560022613, "lamda": 0.004250487211853065}, "datetime": {"datetime": "2021-10-05 12:37:37", "elapsed": 30.211592, "delta": 0.526408}}
{"target": -10.912948583610818, "params": {"C": 80.7648590192228, "epsilon": 13.663646294057454, "gamma": 0.017109871640958507, "lamda": 0.047324479652806485}, "datetime": {"datetime": "2021-10-05 12:37:37", "elapsed": 30.701006, "delta": 0.489414}}
{"target": -10.856331764914904, "params": {"C": 22.266396566157685, "epsilon": 27.881863670193244, "gamma": 0.029190800480196295, "lamda": 0.04931532375968314}, "datetime": {"datetime": "2021-10-05 12:37:37", "elapsed": 31.19593, "delta": 0.494924}}
{"target": -10.369545669622399, "params": {"C": 69.52023943237766, "epsilon": 26.578821858838484, "gamma": 0.021764944018780798, "lamda": 0.019107718631027056}, "datetime": {"datetime": "2021-10-05 12:37:38", "elapsed": 31.651618, "delta": 0.455688}}
{"target": -10.643237277911537, "params": {"C": 80.93495591235718, "epsilon": 15.440449298548502, "gamma": 0.03734284975704724, "lamda": 0.022306382526457464}, "datetime": {"datetime": "2021-10-05 12:37:38", "elapsed": 32.131908, "delta": 0.48029}}
{"target": -10.815843149931984, "params": {"C": 43.321946945763294, "epsilon": 29.742806365385928, "gamma": 0.03661427525992324, "lamda": 0.04544062489713164}, "datetime": {"datetime": "2021-10-05 12:37:39", "elapsed": 32.669068, "delta": 0.53716}}
{"target": -10.644448658418098, "params": {"C": 66.12216295019604, "epsilon": 22.21853060997855, "gamma": 0.044300817041857475, "lamda": 0.010514586347218746}, "datetime": {"datetime": "2021-10-05 12:37:40", "elapsed": 33.207895, "delta": 0.538827}}
{"target": -10.901911743258392, "params": {"C": 56.29314531366419, "epsilon": 16.425233638628875, "gamma": 0.0431622483211502, "lamda": 0.04948166906282249}, "datetime": {"datetime": "2021-10-05 12:37:40", "elapsed": 33.721679, "delta": 0.513784}}
{"target": -10.686397425719136, "params": {"C": 80.96999676915439, "epsilon": 17.672466427124792, "gamma": 0.040911315805670034, "lamda": 0.03576372995571893}, "datetime": {"datetime": "2021-10-05 12:37:41", "elapsed": 34.271837, "delta": 0.550158}}
{"target": -10.705701022561582, "params": {"C": 99.90756233953711, "epsilon": 21.696014089023823, "gamma": 0.02795732171560378, "lamda": 0.04429835862575016}, "datetime": {"datetime": "2021-10-05 12:37:41", "elapsed": 34.726381, "delta": 0.454544}}
{"target": -11.117981597390814, "params": {"C": 99.33635315630221, "epsilon": 15.329274013111851, "gamma": 0.00985128022098683, "lamda": 0.027425253497636807}, "datetime": {"datetime": "2021-10-05 12:37:42", "elapsed": 35.259096, "delta": 0.532715}}
{"target": -10.870713146009015, "params": {"C": 59.141736247909705, "epsilon": 10.696613926813853, "gamma": 0.04321764312811685, "lamda": 0.027108949412480727}, "datetime": {"datetime": "2021-10-05 12:37:42", "elapsed": 35.761934, "delta": 0.502838}}
{"target": -10.32591454199474, "params": {"C": 17.164103834549167, "epsilon": 13.03424208732087, "gamma": 0.035021227938890176, "lamda": 0.00969033343247128}, "datetime": {"datetime": "2021-10-05 12:37:43", "elapsed": 36.383835, "delta": 0.621901}}
{"target": -10.695659561720646, "params": {"C": 95.56836821953576, "epsilon": 25.32370546988764, "gamma": 0.04998818641780615, "lamda": 0.016951282657940294}, "datetime": {"datetime": "2021-10-05 12:37:43", "elapsed": 36.885281, "delta": 0.501446}}
{"target": -10.249191143925614, "params": {"C": 9.370676183563036, "epsilon": 14.857283371953036, "gamma": 0.022493545211066016, "lamda": 0.00449917053076735}, "datetime": {"datetime": "2021-10-05 12:37:44", "elapsed": 37.516387, "delta": 0.631106}}
{"target": -10.697308996095904, "params": {"C": 24.149315239112475, "epsilon": 14.41093637531246, "gamma": 0.042205620052855414, "lamda": 0.0371959044266521}, "datetime": {"datetime": "2021-10-05 12:37:44", "elapsed": 38.002197, "delta": 0.48581}}
{"target": -10.597218897327968, "params": {"C": 55.093465450880515, "epsilon": 26.161426067645095, "gamma": 0.041179984503541954, "lamda": 0.032232341329134474}, "datetime": {"datetime": "2021-10-05 12:37:45", "elapsed": 38.496775, "delta": 0.494578}}
{"target": -10.435081176479285, "params": {"C": 91.78406900046171, "epsilon": 24.369224101824855, "gamma": 0.03034978629380574, "lamda": 0.02319590759193799}, "datetime": {"datetime": "2021-10-05 12:37:45", "elapsed": 39.021043, "delta": 0.524268}}
{"target": -10.339142643927202, "params": {"C": 11.569221044801541, "epsilon": 29.509392009132817, "gamma": 0.04736834323842874, "lamda": 0.014035184160225617}, "datetime": {"datetime": "2021-10-05 12:37:46", "elapsed": 39.624749, "delta": 0.603706}}
{"target": -10.805336633704844, "params": {"C": 86.75891345406374, "epsilon": 16.23984194339343, "gamma": 0.03647264078595212, "lamda": 0.0446967005866822}, "datetime": {"datetime": "2021-10-05 12:37:47", "elapsed": 40.254045, "delta": 0.629296}}
{"target": -10.230717591504506, "params": {"C": 24.221234459729533, "epsilon": 26.032383983574913, "gamma": 0.026302800860281788, "lamda": 0.015920189216662852}, "datetime": {"datetime": "2021-10-05 12:37:47", "elapsed": 40.804977, "delta": 0.550932}}
{"target": -10.462322227073564, "params": {"C": 62.39139832575541, "epsilon": 23.801256829272965, "gamma": 0.03539343288779512, "lamda": 0.0208716821440948}, "datetime": {"datetime": "2021-10-05 12:37:48", "elapsed": 41.312249, "delta": 0.507272}}
{"target": -10.759781936064314, "params": {"C": 22.850784810404427, "epsilon": 11.953896955099808, "gamma": 0.032255244023259376, "lamda": 0.04509191544035478}, "datetime": {"datetime": "2021-10-05 12:37:48", "elapsed": 41.917129, "delta": 0.60488}}
{"target": -10.221208051272141, "params": {"C": 31.188103611100622, "epsilon": 17.858711983829963, "gamma": 0.03186316520519194, "lamda": 0.006157873493354566}, "datetime": {"datetime": "2021-10-05 12:37:49", "elapsed": 42.479803, "delta": 0.562674}}
{"target": -10.618796296578063, "params": {"C": 36.867262886817585, "epsilon": 17.585080458269204, "gamma": 0.016560413285027525, "lamda": 0.030519030296404518}, "datetime": {"datetime": "2021-10-05 12:37:49", "elapsed": 43.029334, "delta": 0.549531}}
{"target": -10.637618232422396, "params": {"C": 77.46040566655005, "epsilon": 23.166457562378604, "gamma": 0.020557204785130165, "lamda": 0.034377570527487286}, "datetime": {"datetime": "2021-10-05 12:37:50", "elapsed": 43.624899, "delta": 0.595565}}
{"target": -11.333771720440375, "params": {"C": 75.79244756110822, "epsilon": 12.360004168800181, "gamma": 0.008453115336107313, "lamda": 0.029567906611719128}, "datetime": {"datetime": "2021-10-05 12:37:50", "elapsed": 44.194378, "delta": 0.569479}}
