{"target": -10.531558711784646, "params": {"C": 20.00569273109867, "epsilon": 12.668169913553246, "gamma": 0.07177675035130082, "lamda": 0.017348526380922078}, "datetime": {"datetime": "2021-10-05 12:35:26", "elapsed": 79.254041, "delta": 0.703944}}
{"target": -10.827032539619443, "params": {"C": 34.63899591177316, "epsilon": 26.9514839743604, "gamma": 0.03247088993325769, "lamda": 0.0002416118036606809}, "datetime": {"datetime": "2021-10-05 12:35:27", "elapsed": 80.270601, "delta": 1.01656}}
{"target": -10.346235239987656, "params": {"C": 53.58844587066031, "epsilon": 16.502163976845942, "gamma": 0.0530989638773563, "lamda": 0.015615407100006706}, "datetime": {"datetime": "2021-10-05 12:35:28", "elapsed": 81.048876, "delta": 0.778275}}
{"target": -10.534936684571809, "params": {"C": 32.37718325489763, "epsilon": 23.476680295553606, "gamma": 0.08512205882924945, "lamda": 0.01440940299836525}, "datetime": {"datetime": "2021-10-05 12:35:29", "elapsed": 81.761343, "delta": 0.712467}}
{"target": -10.435879836025515, "params": {"C": 63.5824276826741, "epsilon": 20.572172160867552, "gamma": 0.06499971385833045, "lamda": 0.013980335163030239}, "datetime": {"datetime": "2021-10-05 12:35:30", "elapsed": 82.477646, "delta": 0.716303}}
{"target": -10.605078899963202, "params": {"C": 71.12057841233539, "epsilon": 13.606052152072865, "gamma": 0.02861658163783406, "lamda": 0.011964528915788523}, "datetime": {"datetime": "2021-10-05 12:35:30", "elapsed": 83.237793, "delta": 0.760147}}
{"target": -11.003742375860382, "params": {"C": 34.91873658715016, "epsilon": 26.414353602892056, "gamma": 0.08514985924059192, "lamda": 0.024952032531315973}, "datetime": {"datetime": "2021-10-05 12:35:31", "elapsed": 83.964173, "delta": 0.72638}}
{"target": -10.279393191440594, "params": {"C": 24.661271019535338, "epsilon": 14.575204690919843, "gamma": 0.037700953332970716, "lamda": 0.006219666761381098}, "datetime": {"datetime": "2021-10-05 12:35:32", "elapsed": 84.753353, "delta": 0.78918}}
{"target": -10.747850278159484, "params": {"C": 70.4611268113186, "epsilon": 12.421204748608572, "gamma": 0.0640988767667238, "lamda": 0.02388206465478293}, "datetime": {"datetime": "2021-10-05 12:35:33", "elapsed": 85.443752, "delta": 0.690399}}
{"target": -10.380296983542934, "params": {"C": 67.63347452162304, "epsilon": 17.457622536517693, "gamma": 0.04457537983452767, "lamda": 0.014225709537616803}, "datetime": {"datetime": "2021-10-05 12:35:33", "elapsed": 86.160708, "delta": 0.716956}}
{"target": -10.689643853605563, "params": {"C": 53.543832709996295, "epsilon": 16.54314633810788, "gamma": 0.03727623999363403, "lamda": 0.022069843178766785}, "datetime": {"datetime": "2021-10-05 12:35:34", "elapsed": 86.943795, "delta": 0.783087}}
{"target": -10.797347154894336, "params": {"C": 45.0281032602122, "epsilon": 26.15092648117657, "gamma": 0.04502881200869681, "lamda": 0.024186221380650325}, "datetime": {"datetime": "2021-10-05 12:35:35", "elapsed": 87.628905, "delta": 0.68511}}
{"target": -10.612580655711575, "params": {"C": 32.94978477660453, "epsilon": 25.748999028850783, "gamma": 0.07881166438286079, "lamda": 0.017118103051382283}, "datetime": {"datetime": "2021-10-05 12:35:36", "elapsed": 88.361481, "delta": 0.732576}}
{"target": -10.333158609596156, "params": {"C": 45.073514991876834, "epsilon": 26.202034638644598, "gamma": 0.05985749716650994, "lamda": 0.013830483500761813}, "datetime": {"datetime": "2021-10-05 12:35:36", "elapsed": 89.10168, "delta": 0.740199}}
{"target": -10.575945873728147, "params": {"C": 63.60898848771461, "epsilon": 20.580083411826955, "gamma": 0.06139649477227732, "lamda": 0.0017852604565579881}, "datetime": {"datetime": "2021-10-05 12:35:37", "elapsed": 89.856509, "delta": 0.754829}}
{"target": -10.667076210031674, "params": {"C": 44.97369176471638, "epsilon": 26.253031567897903, "gamma": 0.09058016142892661, "lamda": 0.004348843565643305}, "datetime": {"datetime": "2021-10-05 12:35:38", "elapsed": 90.744209, "delta": 0.8877}}
{"target": -10.40042504914105, "params": {"C": 99.97281464891729, "epsilon": 28.79088288690119, "gamma": 0.07559449889868682, "lamda": 0.00807998453640383}, "datetime": {"datetime": "2021-10-05 12:35:39", "elapsed": 91.489366, "delta": 0.745157}}
{"target": -10.525147727294577, "params": {"C": 45.01469459909885, "epsilon": 29.394715850454084, "gamma": 0.06899674999549538, "lamda": 0.014823349789443814}, "datetime": {"datetime": "2021-10-05 12:35:39", "elapsed": 92.196126, "delta": 0.70676}}
{"target": -10.415394464636707, "params": {"C": 41.99008197426391, "epsilon": 13.092453646938843, "gamma": 0.07898525417596812, "lamda": 0.011191966828136286}, "datetime": {"datetime": "2021-10-05 12:35:40", "elapsed": 92.969705, "delta": 0.773579}}
{"target": -10.253561797621435, "params": {"C": 25.774875022276298, "epsilon": 21.369031750070576, "gamma": 0.05874245002393565, "lamda": 0.012656879537980998}, "datetime": {"datetime": "2021-10-05 12:35:41", "elapsed": 93.747505, "delta": 0.7778}}
{"target": -10.610782650993277, "params": {"C": 25.729772954746203, "epsilon": 21.35682319353504, "gamma": 0.03732839761702736, "lamda": 0.01826074996157296}, "datetime": {"datetime": "2021-10-05 12:35:42", "elapsed": 94.540435, "delta": 0.79293}}
{"target": -10.257352356409266, "params": {"C": 50.31193398186485, "epsilon": 16.161244719820694, "gamma": 0.0638543363390018, "lamda": 0.014430740608335327}, "datetime": {"datetime": "2021-10-05 12:35:43", "elapsed": 95.465641, "delta": 0.925206}}
{"target": -10.33763722917555, "params": {"C": 51.60913213720244, "epsilon": 27.49280813891931, "gamma": 0.05448621049364588, "lamda": 0.01371521358819819}, "datetime": {"datetime": "2021-10-05 12:35:43", "elapsed": 96.287196, "delta": 0.821555}}
{"target": -10.806833672438362, "params": {"C": 36.375472499450524, "epsilon": 23.172887836947424, "gamma": 0.07545339608787813, "lamda": 0.022990614021399586}, "datetime": {"datetime": "2021-10-05 12:35:44", "elapsed": 97.043137, "delta": 0.755941}}
{"target": -11.12156716445123, "params": {"C": 86.9566517480191, "epsilon": 18.644880180804478, "gamma": 0.028773572167455026, "lamda": 0.027941421911296633}, "datetime": {"datetime": "2021-10-05 12:35:45", "elapsed": 97.791525, "delta": 0.748388}}
{"target": -10.799818758940983, "params": {"C": 26.532012578223753, "epsilon": 22.853275818833218, "gamma": 0.08002765577240563, "lamda": 0.022631360406582268}, "datetime": {"datetime": "2021-10-05 12:35:46", "elapsed": 98.592565, "delta": 0.80104}}
{"target": -11.086090828283002, "params": {"C": 50.245912665551714, "epsilon": 16.223571557848985, "gamma": 0.023648616215787188, "lamda": 0.021264174670307424}, "datetime": {"datetime": "2021-10-05 12:35:47", "elapsed": 99.574732, "delta": 0.982167}}
{"target": -10.502767016860986, "params": {"C": 66.46828971765375, "epsilon": 16.99707227642725, "gamma": 0.04179290508911783, "lamda": 0.016304098291163967}, "datetime": {"datetime": "2021-10-05 12:35:48", "elapsed": 100.329852, "delta": 0.75512}}
{"target": -10.79961871159352, "params": {"C": 76.2596895859146, "epsilon": 29.213317042963197, "gamma": 0.04604863141018789, "lamda": 0.0003888025379025796}, "datetime": {"datetime": "2021-10-05 12:35:48", "elapsed": 101.238847, "delta": 0.908995}}
{"target": -10.060585151314685, "params": {"C": 45.00104108632311, "epsilon": 16.394876690767525, "gamma": 0.06465904315474039, "lamda": 0.008307612027277502}, "datetime": {"datetime": "2021-10-05 12:35:49", "elapsed": 102.057166, "delta": 0.818319}}
{"target": -10.4867044910073, "params": {"C": 83.69381230530057, "epsilon": 10.662512296470556, "gamma": 0.035334889910315054, "lamda": 0.013042824353430139}, "datetime": {"datetime": "2021-10-05 12:35:50", "elapsed": 102.871205, "delta": 0.814039}}
{"target": -10.56929879425929, "params": {"C": 32.99214515984659, "epsilon": 21.700239000169574, "gamma": 0.02641832401699329, "lamda": 0.006297909548962622}, "datetime": {"datetime": "2021-10-05 12:35:51", "elapsed": 103.795196, "delta": 0.923991}}
{"target": -10.85229945741318, "params": {"C": 25.105374303989038, "epsilon": 29.040433086966956, "gamma": 0.08232530331800703, "lamda": 0.02302350150776942}, "datetime": {"datetime": "2021-10-05 12:35:52", "elapsed": 104.643172, "delta": 0.847976}}
{"target": -10.87775892860956, "params": {"C": 25.10548639087984, "epsilon": 29.05497726145348, "gamma": 0.05119342877897658, "lamda": 0.027138486373097903}, "datetime": {"datetime": "2021-10-05 12:35:53", "elapsed": 105.486341, "delta": 0.843169}}
{"target": -10.384112784301884, "params": {"C": 77.9503992808843, "epsilon": 18.583493217977733, "gamma": 0.05782450453835039, "lamda": 0.013838416742513987}, "datetime": {"datetime": "2021-10-05 12:35:54", "elapsed": 106.443659, "delta": 0.957318}}
{"target": -10.800393537714385, "params": {"C": 68.11893556884358, "epsilon": 13.212119768143879, "gamma": 0.057734269011825406, "lamda": 0.027882080508679057}, "datetime": {"datetime": "2021-10-05 12:35:54", "elapsed": 107.167251, "delta": 0.723592}}
{"target": -10.940898701076724, "params": {"C": 44.94210730226619, "epsilon": 26.280855628972446, "gamma": 0.0743224003345753, "lamda": 0.027975224652847155}, "datetime": {"datetime": "2021-10-05 12:35:55", "elapsed": 108.072363, "delta": 0.905112}}
{"target": -11.066121244934127, "params": {"C": 66.46716279237816, "epsilon": 16.981258382537774, "gamma": 0.0854999094722599, "lamda": 0.026195333466185168}, "datetime": {"datetime": "2021-10-05 12:35:56", "elapsed": 108.94847, "delta": 0.876107}}
{"target": -10.75877523470327, "params": {"C": 10.303786465865098, "epsilon": 12.22993895067426, "gamma": 0.08196156640466008, "lamda": 0.013819750902528826}, "datetime": {"datetime": "2021-10-05 12:35:57", "elapsed": 109.839349, "delta": 0.890879}}
{"target": -10.750695717808888, "params": {"C": 49.598563214015925, "epsilon": 19.548811043620805, "gamma": 0.022616216381485053, "lamda": 0.008975178462441299}, "datetime": {"datetime": "2021-10-05 12:35:58", "elapsed": 110.6605, "delta": 0.821151}}
{"target": -10.747363734516417, "params": {"C": 52.28787544377191, "epsilon": 29.333887659822874, "gamma": 0.05024039156440664, "lamda": 0.022036718659473795}, "datetime": {"datetime": "2021-10-05 12:35:59", "elapsed": 111.695303, "delta": 1.034803}}
{"target": -10.588812096627228, "params": {"C": 16.572645702840784, "epsilon": 28.285402953197146, "gamma": 0.0925090346348578, "lamda": 0.00979274308687931}, "datetime": {"datetime": "2021-10-05 12:36:00", "elapsed": 112.526801, "delta": 0.831498}}
{"target": -10.775428715560675, "params": {"C": 54.446464958663725, "epsilon": 25.917362605093846, "gamma": 0.021814084565909397, "lamda": 0.007658888220694033}, "datetime": {"datetime": "2021-10-05 12:36:01", "elapsed": 113.334628, "delta": 0.807827}}
{"target": -10.888151856547367, "params": {"C": 22.32178225149203, "epsilon": 28.891746692687125, "gamma": 0.02045458030008131, "lamda": 0.008128596004128004}, "datetime": {"datetime": "2021-10-05 12:36:01", "elapsed": 114.246815, "delta": 0.912187}}
{"target": -10.989898646866044, "params": {"C": 57.81983628913525, "epsilon": 11.482607134670566, "gamma": 0.08412631952952013, "lamda": 0.026437518681920114}, "datetime": {"datetime": "2021-10-05 12:36:02", "elapsed": 115.170073, "delta": 0.923258}}
{"target": -10.319406446619722, "params": {"C": 80.40123212189343, "epsilon": 27.578018388488893, "gamma": 0.06470164488841458, "lamda": 0.009760898444734998}, "datetime": {"datetime": "2021-10-05 12:36:03", "elapsed": 115.949478, "delta": 0.779405}}
{"target": -10.241073830036802, "params": {"C": 65.21796585023762, "epsilon": 20.83595479669259, "gamma": 0.0640464492843521, "lamda": 0.003630199547717242}, "datetime": {"datetime": "2021-10-05 12:36:04", "elapsed": 116.722726, "delta": 0.773248}}
{"target": -10.951878851263459, "params": {"C": 18.64074440439994, "epsilon": 29.245643117840682, "gamma": 0.0807933643742019, "lamda": 0.028361012172492584}, "datetime": {"datetime": "2021-10-05 12:36:05", "elapsed": 117.509184, "delta": 0.786458}}
{"target": -9.96989506333685, "params": {"C": 35.06564235145464, "epsilon": 29.29740530202977, "gamma": 0.061453366109245136, "lamda": 0.005213775715760642}, "datetime": {"datetime": "2021-10-05 12:36:06", "elapsed": 118.320839, "delta": 0.811655}}
{"target": -10.841798529202114, "params": {"C": 22.962245529254083, "epsilon": 21.910749218331134, "gamma": 0.08242318289616665, "lamda": 0.02531384883817942}, "datetime": {"datetime": "2021-10-05 12:36:06", "elapsed": 119.148636, "delta": 0.827797}}
{"target": -10.740340321688054, "params": {"C": 33.0596381032453, "epsilon": 21.73079114771695, "gamma": 0.03496753913887798, "lamda": 0.02042374894315266}, "datetime": {"datetime": "2021-10-05 12:36:07", "elapsed": 120.052147, "delta": 0.903511}}
{"target": -10.365207996975915, "params": {"C": 49.529859156422624, "epsilon": 10.846135580240773, "gamma": 0.03573175540646281, "lamda": 0.01123180429963612}, "datetime": {"datetime": "2021-10-05 12:36:08", "elapsed": 120.997158, "delta": 0.945011}}
{"target": -10.704495766732213, "params": {"C": 80.389600849544, "epsilon": 27.600515719700724, "gamma": 0.06187489292943442, "lamda": 0.02129830961778064}, "datetime": {"datetime": "2021-10-05 12:36:09", "elapsed": 121.885305, "delta": 0.888147}}
{"target": -10.549923625651422, "params": {"C": 16.817495150805584, "epsilon": 20.473408492299473, "gamma": 0.07493368986437711, "lamda": 0.015529863872946458}, "datetime": {"datetime": "2021-10-05 12:36:10", "elapsed": 122.893779, "delta": 1.008474}}
{"target": -11.728102653270362, "params": {"C": 33.26627673155829, "epsilon": 11.60404922658589, "gamma": 0.09891125954376427, "lamda": 0.0028365326621605973}, "datetime": {"datetime": "2021-10-05 12:36:11", "elapsed": 123.767729, "delta": 0.87395}}
{"target": -10.115936086584188, "params": {"C": 65.23083833181178, "epsilon": 20.86650692743954, "gamma": 0.06628326686362607, "lamda": 0.006294292147659372}, "datetime": {"datetime": "2021-10-05 12:36:12", "elapsed": 124.71056, "delta": 0.942831}}
{"target": -10.733383502245285, "params": {"C": 18.521783467797206, "epsilon": 17.420712812090766, "gamma": 0.05465618751311721, "lamda": 0.02806857341649729}, "datetime": {"datetime": "2021-10-05 12:36:13", "elapsed": 125.521064, "delta": 0.810504}}
{"target": -10.70988554687772, "params": {"C": 48.006799265545226, "epsilon": 16.02638538931013, "gamma": 0.08806651524860037, "lamda": 0.0167481517149578}, "datetime": {"datetime": "2021-10-05 12:36:14", "elapsed": 126.396734, "delta": 0.87567}}
{"target": -10.778691888624984, "params": {"C": 21.520787379541037, "epsilon": 12.864373411585674, "gamma": 0.02934291245755106, "lamda": 0.01750876547996872}, "datetime": {"datetime": "2021-10-05 12:36:15", "elapsed": 127.318359, "delta": 0.921625}}
{"target": -10.661313873005735, "params": {"C": 67.64675038033019, "epsilon": 17.48251875184883, "gamma": 0.05512898003194672, "lamda": 0.023997132204360377}, "datetime": {"datetime": "2021-10-05 12:36:16", "elapsed": 128.358654, "delta": 1.040295}}
{"target": -10.477295956015627, "params": {"C": 53.56140039426136, "epsilon": 16.550225552487095, "gamma": 0.08291332722182083, "lamda": 0.008298183580512403}, "datetime": {"datetime": "2021-10-05 12:36:16", "elapsed": 129.286223, "delta": 0.927569}}
{"target": -10.935390074579905, "params": {"C": 44.983732767330096, "epsilon": 16.39372256001792, "gamma": 0.08752006247345, "lamda": 0.022665524752388762}, "datetime": {"datetime": "2021-10-05 12:36:18", "elapsed": 130.394617, "delta": 1.108394}}
{"target": -10.341511214376341, "params": {"C": 32.401086675653104, "epsilon": 23.437896397740147, "gamma": 0.07740924581378708, "lamda": 0.010735084794887812}, "datetime": {"datetime": "2021-10-05 12:36:19", "elapsed": 131.622476, "delta": 1.227859}}
{"target": -10.081586405865929, "params": {"C": 34.906944854427515, "epsilon": 26.449071700331366, "gamma": 0.050483200393135336, "lamda": 0.002802149382051373}, "datetime": {"datetime": "2021-10-05 12:36:20", "elapsed": 132.759647, "delta": 1.137171}}
{"target": -10.914331224360394, "params": {"C": 71.119606075379, "epsilon": 14.272031470162808, "gamma": 0.07429502140019047, "lamda": 0.026439775609991684}, "datetime": {"datetime": "2021-10-05 12:36:21", "elapsed": 133.634773, "delta": 0.875126}}
{"target": -10.59894407639533, "params": {"C": 68.50895971934679, "epsilon": 18.72747980303607, "gamma": 0.03702750452042291, "lamda": 0.016124411178487764}, "datetime": {"datetime": "2021-10-05 12:36:22", "elapsed": 134.54753, "delta": 0.912757}}
{"target": -10.98635196160962, "params": {"C": 64.77412416098989, "epsilon": 16.950177802866957, "gamma": 0.07558111363864495, "lamda": 0.029034698994812383}, "datetime": {"datetime": "2021-10-05 12:36:23", "elapsed": 135.483617, "delta": 0.936087}}
{"target": -10.876161648159428, "params": {"C": 86.25491154631186, "epsilon": 27.085008102837374, "gamma": 0.04023879451281772, "lamda": 0.023558783864232453}, "datetime": {"datetime": "2021-10-05 12:36:24", "elapsed": 136.348565, "delta": 0.864948}}
{"target": -11.39324217326044, "params": {"C": 65.20824171004148, "epsilon": 20.897279166190245, "gamma": 0.021619866570946566, "lamda": 0.028085217967608593}, "datetime": {"datetime": "2021-10-05 12:36:24", "elapsed": 137.290126, "delta": 0.941561}}
{"target": -11.170940042453385, "params": {"C": 73.07192160151767, "epsilon": 10.956624611170959, "gamma": 0.09209785132596204, "lamda": 0.008707409768876273}, "datetime": {"datetime": "2021-10-05 12:36:26", "elapsed": 138.438341, "delta": 1.148215}}
{"target": -10.898064254165112, "params": {"C": 22.683571307823595, "epsilon": 21.521742489440054, "gamma": 0.09339654509100823, "lamda": 0.0036416168638820487}, "datetime": {"datetime": "2021-10-05 12:36:27", "elapsed": 139.340087, "delta": 0.901746}}
{"target": -10.423191606509103, "params": {"C": 90.87747620373776, "epsilon": 22.135595048131492, "gamma": 0.034149568281226374, "lamda": 0.007032207506887474}, "datetime": {"datetime": "2021-10-05 12:36:27", "elapsed": 140.22583, "delta": 0.885743}}
{"target": -10.383199206219384, "params": {"C": 19.289285808690146, "epsilon": 12.348612372036445, "gamma": 0.07112734986114753, "lamda": 0.011153724726500438}, "datetime": {"datetime": "2021-10-05 12:36:28", "elapsed": 141.094077, "delta": 0.868247}}
{"target": -10.155727799066767, "params": {"C": 53.58143570132566, "epsilon": 16.530205399232702, "gamma": 0.05857681140533692, "lamda": 0.011647318591492914}, "datetime": {"datetime": "2021-10-05 12:36:29", "elapsed": 142.208476, "delta": 1.114399}}
{"target": -10.814259752836227, "params": {"C": 73.03495935041094, "epsilon": 10.900263704503885, "gamma": 0.07380795289495223, "lamda": 0.004833840529536527}, "datetime": {"datetime": "2021-10-05 12:36:31", "elapsed": 143.331265, "delta": 1.122789}}
{"target": -10.295534026122375, "params": {"C": 25.74984759663207, "epsilon": 21.406663449875985, "gamma": 0.06777289513385469, "lamda": 0.012380006232785842}, "datetime": {"datetime": "2021-10-05 12:36:32", "elapsed": 144.35769, "delta": 1.026425}}
{"target": -10.526475482082683, "params": {"C": 77.31000669072019, "epsilon": 11.76671647409101, "gamma": 0.07820245917105019, "lamda": 0.010123220776848662}, "datetime": {"datetime": "2021-10-05 12:36:32", "elapsed": 145.270783, "delta": 0.913093}}
{"target": -10.281662438645748, "params": {"C": 62.18604689828278, "epsilon": 22.04243853464414, "gamma": 0.07711413485362456, "lamda": 0.00705174337356619}, "datetime": {"datetime": "2021-10-05 12:36:33", "elapsed": 146.163023, "delta": 0.89224}}
{"target": -10.888898590921716, "params": {"C": 30.561333461643084, "epsilon": 25.253710770005625, "gamma": 0.05385278725078117, "lamda": 0.02922957517428287}, "datetime": {"datetime": "2021-10-05 12:36:34", "elapsed": 147.044677, "delta": 0.881654}}
{"target": -10.315269475380621, "params": {"C": 45.01685564085591, "epsilon": 16.397895590780344, "gamma": 0.0782497489034206, "lamda": 0.01052421885330495}, "datetime": {"datetime": "2021-10-05 12:36:35", "elapsed": 148.007917, "delta": 0.96324}}
{"target": -10.564299734106797, "params": {"C": 52.27740967260704, "epsilon": 29.34851211537618, "gamma": 0.08180611239383682, "lamda": 0.01199133422691541}, "datetime": {"datetime": "2021-10-05 12:36:36", "elapsed": 149.194849, "delta": 1.186932}}
{"target": -10.65579859046252, "params": {"C": 25.08194640725829, "epsilon": 29.075956926547207, "gamma": 0.09157895418770447, "lamda": 0.003996821990851038}, "datetime": {"datetime": "2021-10-05 12:36:38", "elapsed": 150.425221, "delta": 1.230372}}
{"target": -10.427075518330806, "params": {"C": 19.2941218376066, "epsilon": 12.315748929796968, "gamma": 0.04336301359651681, "lamda": 0.014471154530902667}, "datetime": {"datetime": "2021-10-05 12:36:39", "elapsed": 151.545368, "delta": 1.120147}}
{"target": -11.026100786290401, "params": {"C": 50.70854730568338, "epsilon": 27.619747637142687, "gamma": 0.09634793939006643, "lamda": 0.019989163086206626}, "datetime": {"datetime": "2021-10-05 12:36:40", "elapsed": 152.485755, "delta": 0.940387}}
{"target": -10.577819080587366, "params": {"C": 35.03903571599458, "epsilon": 29.28610084027674, "gamma": 0.09308323359877578, "lamda": 0.005420561893330343}, "datetime": {"datetime": "2021-10-05 12:36:41", "elapsed": 153.59521, "delta": 1.109455}}
{"target": -10.443117507900359, "params": {"C": 93.12390614702862, "epsilon": 16.66700177140271, "gamma": 0.050591384050551635, "lamda": 0.015802722888134727}, "datetime": {"datetime": "2021-10-05 12:36:42", "elapsed": 154.505627, "delta": 0.910417}}
{"target": -10.80008192848592, "params": {"C": 65.48369368526699, "epsilon": 28.057574566793917, "gamma": 0.041892661424922664, "lamda": 0.0002380423983758223}, "datetime": {"datetime": "2021-10-05 12:36:43", "elapsed": 155.660813, "delta": 1.155186}}
{"target": -10.4378252683627, "params": {"C": 65.96052216405656, "epsilon": 25.42167801671134, "gamma": 0.050681726194488255, "lamda": 0.015373645039905823}, "datetime": {"datetime": "2021-10-05 12:36:44", "elapsed": 156.580266, "delta": 0.919453}}
