{"target": -10.3130617054024, "params": {"C": 80.68332460432934, "epsilon": 13.455367369660875, "gamma": 0.02960943980635481, "lamda": 0.003195763447341853}, "datetime": {"datetime": "2021-10-06 13:52:32", "elapsed": 1592.272078, "delta": 3.672318}}
{"target": -10.31816926312107, "params": {"C": 6.025040770271607, "epsilon": 24.369724619620946, "gamma": 0.019643377785205002, "lamda": 0.011683025751547886}, "datetime": {"datetime": "2021-10-06 13:52:36", "elapsed": 1595.954358, "delta": 3.68228}}
{"target": -10.335630876622067, "params": {"C": 12.855119338530013, "epsilon": 31.239864075911672, "gamma": 0.01847030112166719, "lamda": 0.01579008021515465}, "datetime": {"datetime": "2021-10-06 13:52:42", "elapsed": 1601.715965, "delta": 5.761607}}
{"target": -10.300131121862572, "params": {"C": 49.1282579952341, "epsilon": 11.410991274112838, "gamma": 0.0248980856308761, "lamda": 0.010327323232446579}, "datetime": {"datetime": "2021-10-06 13:52:46", "elapsed": 1605.660718, "delta": 3.944753}}
{"target": -10.432262047493861, "params": {"C": 83.94288900165068, "epsilon": 16.6043776447354, "gamma": 0.030964373695572138, "lamda": 0.010515688292100618}, "datetime": {"datetime": "2021-10-06 13:52:49", "elapsed": 1609.245525, "delta": 3.584807}}
{"target": -10.278368056982876, "params": {"C": 12.393050646274478, "epsilon": 24.178210296417507, "gamma": 0.013843431162000515, "lamda": 0.005493046000800798}, "datetime": {"datetime": "2021-10-06 13:52:53", "elapsed": 1613.050463, "delta": 3.804938}}
{"target": -10.165810660291456, "params": {"C": 24.686430125805575, "epsilon": 21.03179105363122, "gamma": 0.02121704572204111, "lamda": 0.0052908806824208}, "datetime": {"datetime": "2021-10-06 13:52:58", "elapsed": 1618.27517, "delta": 5.224707}}
{"target": -10.37850014207459, "params": {"C": 23.49847272795431, "epsilon": 11.288929405672533, "gamma": 0.012057690694412414, "lamda": 0.0041144240148439926}, "datetime": {"datetime": "2021-10-06 13:53:02", "elapsed": 1622.3841, "delta": 4.10893}}
{"target": -10.266856945392329, "params": {"C": 25.978434627817833, "epsilon": 14.903294654769208, "gamma": 0.022720282577269206, "lamda": 0.010661276781490247}, "datetime": {"datetime": "2021-10-06 13:53:06", "elapsed": 1626.448419, "delta": 4.064319}}
{"target": -10.244385121932359, "params": {"C": 13.822776183220608, "epsilon": 33.96565446815261, "gamma": 0.03055545830066115, "lamda": 0.0117487131627365}, "datetime": {"datetime": "2021-10-06 13:53:11", "elapsed": 1630.593484, "delta": 4.145065}}
{"target": -10.457211390195157, "params": {"C": 79.04945374465201, "epsilon": 26.49919004958329, "gamma": 0.03081809653324278, "lamda": 0.001523595788911341}, "datetime": {"datetime": "2021-10-06 13:53:14", "elapsed": 1634.341695, "delta": 3.748211}}
{"target": -10.197191099556683, "params": {"C": 45.06168035915648, "epsilon": 27.886937176579092, "gamma": 0.023347023397370513, "lamda": 0.008885211846256175}, "datetime": {"datetime": "2021-10-06 13:53:18", "elapsed": 1638.347228, "delta": 4.005533}}
{"target": -10.349697993619845, "params": {"C": 34.20782252586268, "epsilon": 28.436466577793833, "gamma": 0.03334543709855745, "lamda": 0.01681480195738013}, "datetime": {"datetime": "2021-10-06 13:53:27", "elapsed": 1646.474895, "delta": 8.127667}}
{"target": -10.398233389699785, "params": {"C": 40.86606167460297, "epsilon": 15.831739280662362, "gamma": 0.011050103397471867, "lamda": 0.006837389371252216}, "datetime": {"datetime": "2021-10-06 13:53:30", "elapsed": 1650.324671, "delta": 3.849776}}
{"target": -10.380109361598198, "params": {"C": 81.84991811873691, "epsilon": 14.576326664822966, "gamma": 0.02022671056665725, "lamda": 0.015551160038223499}, "datetime": {"datetime": "2021-10-06 13:53:35", "elapsed": 1654.700044, "delta": 4.375373}}
{"target": -10.221399502782878, "params": {"C": 23.27982328334464, "epsilon": 22.63741468581702, "gamma": 0.02988460698260291, "lamda": 0.010063343546630828}, "datetime": {"datetime": "2021-10-06 13:53:40", "elapsed": 1660.24844, "delta": 5.548396}}
{"target": -10.154463681864861, "params": {"C": 81.1178796720351, "epsilon": 21.60198447756988, "gamma": 0.020430281000101583, "lamda": 0.003566927232060032}, "datetime": {"datetime": "2021-10-06 13:53:45", "elapsed": 1664.825066, "delta": 4.576626}}
{"target": -10.198581445317064, "params": {"C": 86.60725416957564, "epsilon": 32.70874697049282, "gamma": 0.021730355639096036, "lamda": 0.005691633882748954}, "datetime": {"datetime": "2021-10-06 13:53:49", "elapsed": 1668.654132, "delta": 3.829066}}
{"target": -10.19216722609303, "params": {"C": 26.278327048359234, "epsilon": 19.532258249505155, "gamma": 0.02162082072461688, "lamda": 0.014063635571004365}, "datetime": {"datetime": "2021-10-06 13:53:53", "elapsed": 1672.777559, "delta": 4.123427}}
{"target": -10.273759392988161, "params": {"C": 29.790068370028823, "epsilon": 20.570845241519944, "gamma": 0.028732934595780628, "lamda": 0.0122926406568053}, "datetime": {"datetime": "2021-10-06 13:54:00", "elapsed": 1679.808431, "delta": 7.030872}}
{"target": -10.254801552712983, "params": {"C": 37.6191269051737, "epsilon": 22.88220117087814, "gamma": 0.012667197330517885, "lamda": 0.006352053615860733}, "datetime": {"datetime": "2021-10-06 13:54:06", "elapsed": 1686.146785, "delta": 6.338354}}
{"target": -10.239986788530993, "params": {"C": 13.128829424806321, "epsilon": 15.022166530713896, "gamma": 0.029091331692681063, "lamda": 0.008444657217217079}, "datetime": {"datetime": "2021-10-06 13:54:13", "elapsed": 1692.695005, "delta": 6.54822}}
{"target": -10.353419239175821, "params": {"C": 44.50178182996114, "epsilon": 28.317022602576937, "gamma": 0.034015766950293645, "lamda": 0.008199717091561894}, "datetime": {"datetime": "2021-10-06 13:54:17", "elapsed": 1697.35394, "delta": 4.658935}}
{"target": -10.491403219689541, "params": {"C": 43.43404307206616, "epsilon": 10.549281444306882, "gamma": 0.034172348092856825, "lamda": 0.017074932645710788}, "datetime": {"datetime": "2021-10-06 13:54:22", "elapsed": 1702.036554, "delta": 4.682614}}
{"target": -10.534466414098938, "params": {"C": 84.07784335349378, "epsilon": 19.693155087477436, "gamma": 0.03772501296600234, "lamda": 0.017729395772685404}, "datetime": {"datetime": "2021-10-06 13:54:28", "elapsed": 1707.754337, "delta": 5.717783}}
{"target": -10.48310784184701, "params": {"C": 55.727772686992175, "epsilon": 12.965479772543649, "gamma": 0.03507704966943041, "lamda": 0.00976360939496013}, "datetime": {"datetime": "2021-10-06 13:54:32", "elapsed": 1712.039636, "delta": 4.285299}}
{"target": -10.376734858348891, "params": {"C": 88.46928748507143, "epsilon": 25.805228984820822, "gamma": 0.02991643748719023, "lamda": 0.008718253433830264}, "datetime": {"datetime": "2021-10-06 13:54:37", "elapsed": 1716.888325, "delta": 4.848689}}
{"target": -10.300636651094413, "params": {"C": 10.265579649878743, "epsilon": 16.27275667036008, "gamma": 0.018303050979398716, "lamda": 0.010631774415232647}, "datetime": {"datetime": "2021-10-06 13:54:42", "elapsed": 1721.786731, "delta": 4.898406}}
{"target": -10.452613350652005, "params": {"C": 73.50577776268588, "epsilon": 32.9219979076111, "gamma": 0.023277193583049697, "lamda": 0.01934029348282477}, "datetime": {"datetime": "2021-10-06 13:54:46", "elapsed": 1726.074456, "delta": 4.287725}}
{"target": -10.267757965278886, "params": {"C": 43.300727817868264, "epsilon": 30.048296746298007, "gamma": 0.021834298066819125, "lamda": 0.01310247675510292}, "datetime": {"datetime": "2021-10-06 13:54:51", "elapsed": 1730.506642, "delta": 4.432186}}
{"target": -10.274141598463578, "params": {"C": 9.680424383673637, "epsilon": 26.203114472354557, "gamma": 0.015565617320880128, "lamda": 0.007967176997289138}, "datetime": {"datetime": "2021-10-06 13:54:55", "elapsed": 1735.019169, "delta": 4.512527}}
{"target": -10.630051841965297, "params": {"C": 37.61344172065731, "epsilon": 22.903649680705684, "gamma": 0.010620799318474894, "lamda": 0.012276868783177648}, "datetime": {"datetime": "2021-10-06 13:55:01", "elapsed": 1740.596703, "delta": 5.577534}}
{"target": -10.141927671110828, "params": {"C": 19.633999357295004, "epsilon": 23.426331688220284, "gamma": 0.019462842468168304, "lamda": 0.008069643456071331}, "datetime": {"datetime": "2021-10-06 13:55:07", "elapsed": 1747.284291, "delta": 6.687588}}
{"target": -10.357891604379189, "params": {"C": 19.939066745256234, "epsilon": 14.527573686005454, "gamma": 0.03777943771796279, "lamda": 0.012515520213392802}, "datetime": {"datetime": "2021-10-06 13:55:12", "elapsed": 1751.916242, "delta": 4.631951}}
{"target": -10.224977930631288, "params": {"C": 89.76326487100191, "epsilon": 30.272864558308793, "gamma": 0.021824958740821337, "lamda": 0.0017531679157742517}, "datetime": {"datetime": "2021-10-06 13:55:20", "elapsed": 1759.893035, "delta": 7.976793}}
{"target": -10.212091386570854, "params": {"C": 27.502895075139364, "epsilon": 17.59038477447489, "gamma": 0.018840634225382468, "lamda": 0.010720056655095959}, "datetime": {"datetime": "2021-10-06 13:55:24", "elapsed": 1764.334517, "delta": 4.441482}}
{"target": -10.627045913491136, "params": {"C": 16.56570987010356, "epsilon": 29.674096303999185, "gamma": 0.034832426452258494, "lamda": 0.0020907967442296256}, "datetime": {"datetime": "2021-10-06 13:55:29", "elapsed": 1768.761505, "delta": 4.426988}}
{"target": -10.136747093512295, "params": {"C": 36.93122181776383, "epsilon": 20.699978929177192, "gamma": 0.01934082858242564, "lamda": 0.0044036497249184195}, "datetime": {"datetime": "2021-10-06 13:55:33", "elapsed": 1772.922806, "delta": 4.161301}}
{"target": -10.295994680841662, "params": {"C": 37.73463761368325, "epsilon": 22.055533910960122, "gamma": 0.031240343475860445, "lamda": 0.012559747546566004}, "datetime": {"datetime": "2021-10-06 13:55:38", "elapsed": 1777.675765, "delta": 4.752959}}
{"target": -10.337782757982565, "params": {"C": 25.65043591910852, "epsilon": 12.65646043458534, "gamma": 0.026014439925133373, "lamda": 0.01314397712464602}, "datetime": {"datetime": "2021-10-06 13:55:42", "elapsed": 1781.87122, "delta": 4.195455}}
{"target": -10.376565645716093, "params": {"C": 35.02690767677299, "epsilon": 12.353474613758404, "gamma": 0.024442012914517385, "lamda": 0.013272974337585161}, "datetime": {"datetime": "2021-10-06 13:55:46", "elapsed": 1786.179612, "delta": 4.308392}}
{"target": -10.358785391589757, "params": {"C": 98.363691890646, "epsilon": 31.97218673830063, "gamma": 0.02973831337020206, "lamda": 0.016045883259880246}, "datetime": {"datetime": "2021-10-06 13:55:50", "elapsed": 1790.26006, "delta": 4.080448}}
{"target": -10.631219040582755, "params": {"C": 63.36176037620592, "epsilon": 33.567463349169635, "gamma": 0.010003431244520347, "lamda": 0.006186184938110428}, "datetime": {"datetime": "2021-10-06 14:08:08", "elapsed": 0.0, "delta": 0.0}}
{"target": -10.162826934835163, "params": {"C": 41.740471265369045, "epsilon": 19.12378767968235, "gamma": 0.015587806341330127, "lamda": 0.007042102395452346}, "datetime": {"datetime": "2021-10-06 14:08:08", "elapsed": 0.287952, "delta": 0.287952}}
{"target": -10.284756542559485, "params": {"C": 61.741397938453595, "epsilon": 29.39278488207721, "gamma": 0.022575835432098845, "lamda": 0.01376734610785584}, "datetime": {"datetime": "2021-10-06 14:08:08", "elapsed": 0.571733, "delta": 0.283781}}
{"target": -11.092047072639852, "params": {"C": 46.356179978521396, "epsilon": 37.19670103699174, "gamma": 0.010821627795937785, "lamda": 0.013475256701532365}, "datetime": {"datetime": "2021-10-06 14:08:09", "elapsed": 0.852911, "delta": 0.281178}}
{"target": -10.214093913595585, "params": {"C": 63.38438418937016, "epsilon": 29.84986605425229, "gamma": 0.014211608157857013, "lamda": 0.0041224094838806}, "datetime": {"datetime": "2021-10-06 14:08:09", "elapsed": 1.154949, "delta": 0.302038}}
{"target": -10.591842455425612, "params": {"C": 94.05956549404293, "epsilon": 39.270016241546145, "gamma": 0.019402725344777286, "lamda": 0.013907987790252421}, "datetime": {"datetime": "2021-10-06 14:08:09", "elapsed": 1.422119, "delta": 0.26717}}
{"target": -10.639815963673108, "params": {"C": 65.5892039103634, "epsilon": 25.72365849334899, "gamma": 0.01, "lamda": 0.0002}, "datetime": {"datetime": "2021-10-06 14:08:10", "elapsed": 2.307327, "delta": 0.885208}}
{"target": -10.350115872707892, "params": {"C": 39.364285195295594, "epsilon": 17.195809133280697, "gamma": 0.011246789211386799, "lamda": 0.0011841351661342847}, "datetime": {"datetime": "2021-10-06 14:08:11", "elapsed": 2.891328, "delta": 0.584001}}
{"target": -10.330613751429665, "params": {"C": 44.3541635000238, "epsilon": 17.09167722577753, "gamma": 0.013035272597133645, "lamda": 0.007951400274380733}, "datetime": {"datetime": "2021-10-06 14:08:11", "elapsed": 3.431975, "delta": 0.540647}}
{"target": -10.51978325622879, "params": {"C": 43.39318240216344, "epsilon": 22.300647419530808, "gamma": 0.04, "lamda": 0.02}, "datetime": {"datetime": "2021-10-06 14:08:12", "elapsed": 4.038132, "delta": 0.606157}}
{"target": -10.149040288679178, "params": {"C": 38.89234346956943, "epsilon": 20.894864536976385, "gamma": 0.015906013556898333, "lamda": 0.003153564937821261}, "datetime": {"datetime": "2021-10-06 14:08:12", "elapsed": 4.560167, "delta": 0.522035}}
{"target": -10.402963921121538, "params": {"C": 35.515406804109176, "epsilon": 22.081134105782304, "gamma": 0.01, "lamda": 0.003624032718435243}, "datetime": {"datetime": "2021-10-06 14:08:13", "elapsed": 5.086138, "delta": 0.525971}}
{"target": -10.564787343504756, "params": {"C": 38.92291993572585, "epsilon": 24.486612081212915, "gamma": 0.01, "lamda": 0.0002}, "datetime": {"datetime": "2021-10-06 14:08:14", "elapsed": 5.846957, "delta": 0.760819}}
{"target": -10.379355076546286, "params": {"C": 36.37232290780224, "epsilon": 18.78978305106669, "gamma": 0.0300491328104145, "lamda": 0.019780471250578528}, "datetime": {"datetime": "2021-10-06 14:08:14", "elapsed": 6.314311, "delta": 0.467354}}
{"target": -10.317945933642777, "params": {"C": 50.73513432234079, "epsilon": 17.055766765148743, "gamma": 0.028714959086574433, "lamda": 0.010096359839561012}, "datetime": {"datetime": "2021-10-06 14:08:14", "elapsed": 6.762323, "delta": 0.448012}}
{"target": -10.772782283487722, "params": {"C": 55.135240463061635, "epsilon": 17.0, "gamma": 0.01, "lamda": 0.016057777795951765}, "datetime": {"datetime": "2021-10-06 14:08:15", "elapsed": 7.268363, "delta": 0.50604}}
{"target": -10.214521697036298, "params": {"C": 48.396047711410674, "epsilon": 19.762424617684978, "gamma": 0.02025141271277348, "lamda": 0.009737994390743267}, "datetime": {"datetime": "2021-10-06 14:08:16", "elapsed": 7.795362, "delta": 0.526999}}
{"target": -10.58334393585794, "params": {"C": 50.224689432883125, "epsilon": 22.939400621473695, "gamma": 0.012804238279672987, "lamda": 0.014045034475567153}, "datetime": {"datetime": "2021-10-06 14:08:16", "elapsed": 8.271006, "delta": 0.475644}}
{"target": -10.44281903618814, "params": {"C": 48.03658499723043, "epsilon": 17.189670321600275, "gamma": 0.03532114191121363, "lamda": 0.01361050280120031}, "datetime": {"datetime": "2021-10-06 14:08:16", "elapsed": 8.75894, "delta": 0.487934}}
{"target": -10.381017616125545, "params": {"C": 39.937838741679464, "epsilon": 19.675049055556773, "gamma": 0.030094130517782376, "lamda": 0.0181663865556582}, "datetime": {"datetime": "2021-10-06 14:08:17", "elapsed": 9.22694, "delta": 0.468}}
{"target": -10.25012567179716, "params": {"C": 42.457166238327616, "epsilon": 17.681616385092433, "gamma": 0.024287195389973537, "lamda": 0.009924102471774924}, "datetime": {"datetime": "2021-10-06 14:08:18", "elapsed": 9.865982, "delta": 0.639042}}
{"target": -10.4044782443585, "params": {"C": 43.69354115191101, "epsilon": 19.47560723277163, "gamma": 0.015050704348564634, "lamda": 0.014915917497146386}, "datetime": {"datetime": "2021-10-06 14:08:18", "elapsed": 10.438244, "delta": 0.572262}}
{"target": -10.366404801697653, "params": {"C": 37.59565504969394, "epsilon": 21.180016329624316, "gamma": 0.03765543249108567, "lamda": 0.0113849341342494}, "datetime": {"datetime": "2021-10-06 14:08:19", "elapsed": 10.875206, "delta": 0.436962}}
{"target": -10.30225194479442, "params": {"C": 39.990150409975165, "epsilon": 21.86620631723742, "gamma": 0.022356204111850696, "lamda": 0.019250938156203146}, "datetime": {"datetime": "2021-10-06 14:08:19", "elapsed": 11.286245, "delta": 0.411039}}
{"target": -10.460552821115716, "params": {"C": 50.478072495992954, "epsilon": 19.13179211797003, "gamma": 0.03739697404619651, "lamda": 0.01000934845809633}, "datetime": {"datetime": "2021-10-06 14:08:19", "elapsed": 11.720244, "delta": 0.433999}}
{"target": -10.283638747340602, "params": {"C": 46.8079571679972, "epsilon": 20.205861189273232, "gamma": 0.02773999275433165, "lamda": 0.0016067968176495858}, "datetime": {"datetime": "2021-10-06 14:08:20", "elapsed": 12.246994, "delta": 0.52675}}
{"target": -10.652739501537441, "params": {"C": 63.20688561943319, "epsilon": 28.18875733773836, "gamma": 0.01, "lamda": 0.0002}, "datetime": {"datetime": "2021-10-06 14:08:21", "elapsed": 13.020991, "delta": 0.773997}}
{"target": -10.18000163311669, "params": {"C": 62.10291247640383, "epsilon": 31.074372466731262, "gamma": 0.014448667747816637, "lamda": 0.0032689192197344315}, "datetime": {"datetime": "2021-10-06 14:08:21", "elapsed": 13.456461, "delta": 0.43547}}
{"target": -11.400271806526636, "params": {"C": 60.3799874186363, "epsilon": 30.860761060344146, "gamma": 0.04, "lamda": 0.0002}, "datetime": {"datetime": "2021-10-06 14:08:22", "elapsed": 14.142857, "delta": 0.686396}}
{"target": -10.255645257857452, "params": {"C": 62.83126376156395, "epsilon": 30.348006351795785, "gamma": 0.023578641864081137, "lamda": 0.0027242172383646385}, "datetime": {"datetime": "2021-10-06 14:08:22", "elapsed": 14.710712, "delta": 0.567855}}
{"target": -10.536380512371183, "params": {"C": 41.39755352720843, "epsilon": 18.342123173721735, "gamma": 0.02382559521830003, "lamda": 0.00031214261577778245}, "datetime": {"datetime": "2021-10-06 14:08:23", "elapsed": 15.257669, "delta": 0.546957}}
{"target": -10.390995741574875, "params": {"C": 63.498238913135204, "epsilon": 29.775792798656887, "gamma": 0.01463336448938915, "lamda": 0.008267753241013387}, "datetime": {"datetime": "2021-10-06 14:08:23", "elapsed": 15.615673, "delta": 0.358004}}
{"target": -10.46878576826931, "params": {"C": 73.1411621255142, "epsilon": 26.01767300213633, "gamma": 0.03811743681221993, "lamda": 0.008548719475365722}, "datetime": {"datetime": "2021-10-06 14:08:24", "elapsed": 15.976943, "delta": 0.36127}}
{"target": -10.287041773695242, "params": {"C": 69.07992230813454, "epsilon": 18.47648133663379, "gamma": 0.01988910201641625, "lamda": 0.012875580316482374}, "datetime": {"datetime": "2021-10-06 14:08:24", "elapsed": 16.371909, "delta": 0.394966}}
{"target": -10.426928156970739, "params": {"C": 62.005479594460404, "epsilon": 30.786152116137252, "gamma": 0.03248757409105061, "lamda": 0.019164545826303468}, "datetime": {"datetime": "2021-10-06 14:08:25", "elapsed": 16.773949, "delta": 0.40204}}
{"target": -10.422432519322431, "params": {"C": 82.4050654685094, "epsilon": 22.008266057331635, "gamma": 0.031079654590423826, "lamda": 0.018158554080711112}, "datetime": {"datetime": "2021-10-06 14:08:25", "elapsed": 17.131121, "delta": 0.357172}}
{"target": -10.807679444741055, "params": {"C": 63.1732588914619, "epsilon": 29.99260333008514, "gamma": 0.012238335456772411, "lamda": 0.016396332243881147}, "datetime": {"datetime": "2021-10-06 14:08:25", "elapsed": 17.554112, "delta": 0.422991}}
{"target": -10.276066782997955, "params": {"C": 38.85789473350218, "epsilon": 20.761956385819655, "gamma": 0.011623053603299054, "lamda": 0.004339934466513998}, "datetime": {"datetime": "2021-10-06 14:08:26", "elapsed": 17.996631, "delta": 0.442519}}
{"target": -10.343916475125008, "params": {"C": 58.77315725650555, "epsilon": 28.659686762439712, "gamma": 0.03174508791133901, "lamda": 0.010514427816294528}, "datetime": {"datetime": "2021-10-06 14:08:26", "elapsed": 18.393474, "delta": 0.396843}}
{"target": -10.529125062585406, "params": {"C": 38.79437112356784, "epsilon": 20.993863230176757, "gamma": 0.01001941473907674, "lamda": 0.0002816838984451471}, "datetime": {"datetime": "2021-10-06 14:08:27", "elapsed": 19.089635, "delta": 0.696161}}
{"target": -10.3943433223394, "params": {"C": 104.45617448163655, "epsilon": 37.98727945165663, "gamma": 0.03264828204419306, "lamda": 0.013849106352258868}, "datetime": {"datetime": "2021-10-06 14:08:27", "elapsed": 19.479633, "delta": 0.389998}}
{"target": -10.494699317161817, "params": {"C": 61.4681051152479, "epsilon": 38.72269882775753, "gamma": 0.032948181885002495, "lamda": 0.01576743480568593}, "datetime": {"datetime": "2021-10-06 14:08:28", "elapsed": 19.882395, "delta": 0.402762}}
{"target": -10.154884103419821, "params": {"C": 58.01219407222055, "epsilon": 38.687125710683326, "gamma": 0.02138041791157364, "lamda": 0.005929907631643271}, "datetime": {"datetime": "2021-10-06 14:08:28", "elapsed": 20.275714, "delta": 0.393319}}
{"target": -10.338621805525102, "params": {"C": 48.22847931545515, "epsilon": 19.732091974139927, "gamma": 0.01619635987402445, "lamda": 0.014077713472182759}, "datetime": {"datetime": "2021-10-06 14:08:28", "elapsed": 20.706199, "delta": 0.430485}}
{"target": -10.354549652247215, "params": {"C": 81.59605188863759, "epsilon": 19.880077685755325, "gamma": 0.03038316276646142, "lamda": 0.005285501315160909}, "datetime": {"datetime": "2021-10-06 14:08:29", "elapsed": 21.14424, "delta": 0.438041}}
{"target": -10.39855025940545, "params": {"C": 63.71295407783752, "epsilon": 26.61526948454486, "gamma": 0.034747976964676006, "lamda": 0.007287521788699257}, "datetime": {"datetime": "2021-10-06 14:08:29", "elapsed": 21.559021, "delta": 0.414781}}
