{"target": -11.051426075571351, "params": {"C": 45.0887984149066, "epsilon": 26.227965382338045, "gamma": 0.08996819065157129, "lamda": 0.02512635910841752}, "datetime": {"datetime": "2021-10-05 12:44:35", "elapsed": 627.442202, "delta": 3.979901}}
{"target": -10.758230469800123, "params": {"C": 51.591711698836015, "epsilon": 27.468252791197592, "gamma": 0.05802677253145658, "lamda": 0.023787185265651798}, "datetime": {"datetime": "2021-10-05 12:44:37", "elapsed": 629.644223, "delta": 2.202021}}
{"target": -11.009324182148177, "params": {"C": 52.00378789498922, "epsilon": 21.504793994192312, "gamma": 0.08516544144386803, "lamda": 0.02588167513455715}, "datetime": {"datetime": "2021-10-05 12:44:39", "elapsed": 631.981353, "delta": 2.33713}}
{"target": -10.803106879002174, "params": {"C": 84.06193613897129, "epsilon": 18.89478307204115, "gamma": 0.08944871055296262, "lamda": 0.010919710883036771}, "datetime": {"datetime": "2021-10-05 12:44:42", "elapsed": 634.381746, "delta": 2.400393}}
{"target": -10.737346723744816, "params": {"C": 79.14485501270343, "epsilon": 25.63835117355268, "gamma": 0.08128510093726697, "lamda": 0.01567652588651192}, "datetime": {"datetime": "2021-10-05 12:44:44", "elapsed": 636.455051, "delta": 2.073305}}
{"target": -10.679723342999493, "params": {"C": 91.76697384894412, "epsilon": 21.534279844918714, "gamma": 0.02836689810210124, "lamda": 0.01013326660808839}, "datetime": {"datetime": "2021-10-05 12:44:46", "elapsed": 638.788416, "delta": 2.333365}}
{"target": -10.777432077777634, "params": {"C": 68.35395706662041, "epsilon": 24.09997510264691, "gamma": 0.027519694954870486, "lamda": 0.0013181383959818347}, "datetime": {"datetime": "2021-10-05 12:44:48", "elapsed": 640.99343, "delta": 2.205014}}
{"target": -10.20397030425951, "params": {"C": 40.8262052702499, "epsilon": 12.292031084292079, "gamma": 0.04512718863680715, "lamda": 0.011519227466098625}, "datetime": {"datetime": "2021-10-05 12:44:51", "elapsed": 643.357424, "delta": 2.363994}}
{"target": -10.281979077183927, "params": {"C": 52.10992522356038, "epsilon": 13.158238486048763, "gamma": 0.07376002157609107, "lamda": 0.011086518886107222}, "datetime": {"datetime": "2021-10-05 12:44:53", "elapsed": 646.25801, "delta": 2.900586}}
{"target": -10.81968447400344, "params": {"C": 77.04737253524513, "epsilon": 15.688880442938602, "gamma": 0.05319230171923202, "lamda": 0.02939024222474204}, "datetime": {"datetime": "2021-10-05 12:44:56", "elapsed": 649.052045, "delta": 2.794035}}
{"target": -10.739486161379283, "params": {"C": 92.53593816487688, "epsilon": 21.873295071931878, "gamma": 0.08562423976293114, "lamda": 0.014175235724703143}, "datetime": {"datetime": "2021-10-05 12:45:00", "elapsed": 653.131509, "delta": 4.079464}}
{"target": -10.024832013982493, "params": {"C": 66.44884815278638, "epsilon": 26.6993795199363, "gamma": 0.062021869631669696, "lamda": 0.00511548852806755}, "datetime": {"datetime": "2021-10-05 12:45:03", "elapsed": 655.639556, "delta": 2.508047}}
{"target": -10.551175541675857, "params": {"C": 15.317857371716823, "epsilon": 10.147342338311114, "gamma": 0.05940546202934127, "lamda": 0.017013203855870903}, "datetime": {"datetime": "2021-10-05 12:45:05", "elapsed": 658.091123, "delta": 2.451567}}
{"target": -10.692847134477274, "params": {"C": 68.36139819831064, "epsilon": 29.95587893071931, "gamma": 0.0954664332052668, "lamda": 0.007402323069053896}, "datetime": {"datetime": "2021-10-05 12:45:07", "elapsed": 660.273142, "delta": 2.182019}}
{"target": -10.853742134513068, "params": {"C": 15.256396481214232, "epsilon": 27.435590725856734, "gamma": 0.04422743065716067, "lamda": 0.024877750481037644}, "datetime": {"datetime": "2021-10-05 12:45:10", "elapsed": 662.487591, "delta": 2.214449}}
{"target": -10.455256808601654, "params": {"C": 49.5553268295404, "epsilon": 29.771591163487003, "gamma": 0.06138085641069259, "lamda": 0.0012013835778028313}, "datetime": {"datetime": "2021-10-05 12:45:13", "elapsed": 665.358914, "delta": 2.871323}}
{"target": -10.543374017636445, "params": {"C": 42.55923667286972, "epsilon": 16.872402863111784, "gamma": 0.08617402232895474, "lamda": 0.012868501890686286}, "datetime": {"datetime": "2021-10-05 12:45:15", "elapsed": 667.800349, "delta": 2.441435}}
{"target": -10.679203994274781, "params": {"C": 90.99830173441939, "epsilon": 25.54903808093943, "gamma": 0.052253147316049964, "lamda": 0.021939336041497077}, "datetime": {"datetime": "2021-10-05 12:45:17", "elapsed": 670.192123, "delta": 2.391774}}
{"target": -10.498246735488364, "params": {"C": 49.32460326863368, "epsilon": 28.71287695072936, "gamma": 0.08838557517150902, "lamda": 0.00900837712794121}, "datetime": {"datetime": "2021-10-05 12:45:20", "elapsed": 672.607049, "delta": 2.414926}}
{"target": -10.287939914297981, "params": {"C": 76.63372111382704, "epsilon": 21.049670911891717, "gamma": 0.07357851296959313, "lamda": 0.007731909047187178}, "datetime": {"datetime": "2021-10-05 12:45:22", "elapsed": 674.862387, "delta": 2.255338}}
{"target": -10.683782508956767, "params": {"C": 60.421852430018916, "epsilon": 17.79846914958741, "gamma": 0.08744046340588366, "lamda": 0.00737384468775193}, "datetime": {"datetime": "2021-10-05 12:45:24", "elapsed": 677.284827, "delta": 2.42244}}
{"target": -10.731017410355385, "params": {"C": 95.04926434531124, "epsilon": 21.04458333560949, "gamma": 0.07571137817060455, "lamda": 0.016992637516235646}, "datetime": {"datetime": "2021-10-05 12:45:28", "elapsed": 680.626134, "delta": 3.341307}}
{"target": -10.8983685381482, "params": {"C": 91.47509107364436, "epsilon": 10.819250455424083, "gamma": 0.06648740336641215, "lamda": 0.029140825677627002}, "datetime": {"datetime": "2021-10-05 12:45:30", "elapsed": 682.956402, "delta": 2.330268}}
{"target": -10.761479418778157, "params": {"C": 99.93606590937732, "epsilon": 28.796643900295905, "gamma": 0.07414047932131691, "lamda": 0.019089251305176646}, "datetime": {"datetime": "2021-10-05 12:45:33", "elapsed": 685.868028, "delta": 2.911626}}
{"target": -10.419651272618498, "params": {"C": 61.18103423723176, "epsilon": 10.82879168249683, "gamma": 0.058022598053105695, "lamda": 0.019205568217601592}, "datetime": {"datetime": "2021-10-05 12:45:36", "elapsed": 688.624874, "delta": 2.756846}}
{"target": -10.77697959033077, "params": {"C": 65.23785722448531, "epsilon": 20.815717518470986, "gamma": 0.0647503407931385, "lamda": 0.023536806680197968}, "datetime": {"datetime": "2021-10-05 12:45:39", "elapsed": 692.050861, "delta": 3.425987}}
{"target": -10.40508186757696, "params": {"C": 36.556655520020996, "epsilon": 23.299769939281376, "gamma": 0.039366399546518736, "lamda": 0.01237308839838078}, "datetime": {"datetime": "2021-10-05 12:45:42", "elapsed": 694.355236, "delta": 2.304375}}
{"target": -10.636298659194896, "params": {"C": 67.14992279748171, "epsilon": 26.960796598429862, "gamma": 0.08876901495168404, "lamda": 0.009140984393659717}, "datetime": {"datetime": "2021-10-05 12:45:45", "elapsed": 697.722278, "delta": 3.367042}}
{"target": -10.786486031111286, "params": {"C": 41.25460993347592, "epsilon": 20.938115244152023, "gamma": 0.0736340070207368, "lamda": 0.023127807379258455}, "datetime": {"datetime": "2021-10-05 12:45:48", "elapsed": 700.386946, "delta": 2.664668}}
{"target": -10.665227364810404, "params": {"C": 62.2026276959654, "epsilon": 22.02161874134341, "gamma": 0.06026410235872337, "lamda": 0.00137919083545138}, "datetime": {"datetime": "2021-10-05 12:45:53", "elapsed": 705.439026, "delta": 5.05208}}
{"target": -11.141723745190344, "params": {"C": 36.258380378155195, "epsilon": 22.303026197474814, "gamma": 0.09577022850534153, "lamda": 0.0282655687773376}, "datetime": {"datetime": "2021-10-05 12:45:56", "elapsed": 708.634791, "delta": 3.195765}}
{"target": -10.147782848069786, "params": {"C": 77.2545408460673, "epsilon": 20.904950459109152, "gamma": 0.06832975028652484, "lamda": 0.0064152883211785385}, "datetime": {"datetime": "2021-10-05 12:45:59", "elapsed": 712.126716, "delta": 3.491925}}
{"target": -10.287226835250598, "params": {"C": 42.218713081393595, "epsilon": 10.912854623747922, "gamma": 0.04410706730819362, "lamda": 0.013927371637697392}, "datetime": {"datetime": "2021-10-05 12:46:04", "elapsed": 716.319482, "delta": 4.192766}}
{"target": -10.765275738134997, "params": {"C": 75.07472275730066, "epsilon": 17.01562354077808, "gamma": 0.053426195054346884, "lamda": 0.027215242466347163}, "datetime": {"datetime": "2021-10-05 12:46:07", "elapsed": 719.873372, "delta": 3.55389}}
{"target": -10.894534026026474, "params": {"C": 73.14194108906447, "epsilon": 10.948072866850524, "gamma": 0.06320725842863059, "lamda": 0.029527844234022493}, "datetime": {"datetime": "2021-10-05 12:46:12", "elapsed": 724.318212, "delta": 4.44484}}
{"target": -10.38638508451577, "params": {"C": 33.427971278760936, "epsilon": 14.716404649457663, "gamma": 0.031172418400822383, "lamda": 0.002082772368987385}, "datetime": {"datetime": "2021-10-05 12:46:16", "elapsed": 729.135044, "delta": 4.816832}}
{"target": -10.991120390659377, "params": {"C": 35.11406035747346, "epsilon": 29.184294046035696, "gamma": 0.08034433737526776, "lamda": 0.0268140116282544}, "datetime": {"datetime": "2021-10-05 12:46:21", "elapsed": 733.665817, "delta": 4.530773}}
{"target": -10.688872226118189, "params": {"C": 52.36982240285584, "epsilon": 14.648012533560756, "gamma": 0.07449762054597893, "lamda": 0.019501691434126302}, "datetime": {"datetime": "2021-10-05 12:46:24", "elapsed": 736.613264, "delta": 2.947447}}
{"target": -11.199689702149977, "params": {"C": 14.227148607973351, "epsilon": 26.89468298576537, "gamma": 0.024551806759348444, "lamda": 0.019699359035485607}, "datetime": {"datetime": "2021-10-05 12:46:27", "elapsed": 740.046638, "delta": 3.433374}}
{"target": -10.35513848093218, "params": {"C": 20.0657983066789, "epsilon": 23.78139229524829, "gamma": 0.06118629358503033, "lamda": 0.0006475015800373489}, "datetime": {"datetime": "2021-10-05 12:46:31", "elapsed": 743.510447, "delta": 3.463809}}
{"target": -10.732040507456272, "params": {"C": 42.26126921847069, "epsilon": 10.88604890526107, "gamma": 0.03302898183939336, "lamda": 0.024470150207266946}, "datetime": {"datetime": "2021-10-05 12:46:35", "elapsed": 748.02516, "delta": 4.514713}}
{"target": -10.661694173255723, "params": {"C": 66.48461518605703, "epsilon": 18.415442946478997, "gamma": 0.03196580652789135, "lamda": 0.014350704760586556}, "datetime": {"datetime": "2021-10-05 12:46:38", "elapsed": 751.207264, "delta": 3.182104}}
{"target": -10.552451090639952, "params": {"C": 26.713757214034324, "epsilon": 28.6874820719606, "gamma": 0.07849695711079556, "lamda": 0.016057372424285617}, "datetime": {"datetime": "2021-10-05 12:46:41", "elapsed": 754.049791, "delta": 2.842527}}
{"target": -10.539862748499699, "params": {"C": 33.0067662748852, "epsilon": 25.73972283031042, "gamma": 0.032597934058202674, "lamda": 0.010711040521926818}, "datetime": {"datetime": "2021-10-05 12:46:46", "elapsed": 758.368035, "delta": 4.318244}}
{"target": -10.188163607853621, "params": {"C": 27.81936359730991, "epsilon": 28.07876286724373, "gamma": 0.043877070014057065, "lamda": 0.00426703359962206}, "datetime": {"datetime": "2021-10-05 12:46:51", "elapsed": 763.535733, "delta": 5.167698}}
{"target": -10.590418680694292, "params": {"C": 52.09421972751153, "epsilon": 13.20177193090256, "gamma": 0.045236155864525604, "lamda": 0.023679537993439605}, "datetime": {"datetime": "2021-10-05 12:46:55", "elapsed": 767.955202, "delta": 4.419469}}
{"target": -11.139997294390424, "params": {"C": 93.7368459205923, "epsilon": 24.802227203689412, "gamma": 0.08998878908895715, "lamda": 0.0031703818711168144}, "datetime": {"datetime": "2021-10-05 12:46:58", "elapsed": 770.798858, "delta": 2.843656}}
{"target": -10.632858330687208, "params": {"C": 10.333259060378152, "epsilon": 20.128602124556654, "gamma": 0.07266180189445678, "lamda": 0.01867626630507504}, "datetime": {"datetime": "2021-10-05 12:47:02", "elapsed": 774.443527, "delta": 3.644669}}
{"target": -10.69008354578062, "params": {"C": 62.70530103929586, "epsilon": 18.270768172437208, "gamma": 0.029837881106835926, "lamda": 0.01361950962804041}, "datetime": {"datetime": "2021-10-05 12:47:04", "elapsed": 777.203897, "delta": 2.76037}}
{"target": -11.086011288204324, "params": {"C": 47.826079983602675, "epsilon": 11.6851367595028, "gamma": 0.058003246526276586, "lamda": 0.0005999877698419514}, "datetime": {"datetime": "2021-10-05 12:47:08", "elapsed": 780.525508, "delta": 3.321611}}
{"target": -10.4158122577847, "params": {"C": 69.78161537143492, "epsilon": 18.832249579546783, "gamma": 0.030609492730136315, "lamda": 0.0034798539841229864}, "datetime": {"datetime": "2021-10-05 12:47:13", "elapsed": 785.35863, "delta": 4.833122}}
{"target": -10.93337149739529, "params": {"C": 12.059745913682999, "epsilon": 19.722246152593584, "gamma": 0.041328415980995646, "lamda": 0.028201840653717315}, "datetime": {"datetime": "2021-10-05 12:47:16", "elapsed": 788.436341, "delta": 3.077711}}
{"target": -12.420176903226384, "params": {"C": 99.77827349447263, "epsilon": 11.534867315158285, "gamma": 0.09831026180934091, "lamda": 0.0015256094379912175}, "datetime": {"datetime": "2021-10-05 12:47:19", "elapsed": 791.827711, "delta": 3.39137}}
{"target": -10.906848706570011, "params": {"C": 11.376693346242162, "epsilon": 20.930638291755873, "gamma": 0.042298870261206004, "lamda": 0.02738470704487644}, "datetime": {"datetime": "2021-10-05 12:47:22", "elapsed": 794.769046, "delta": 2.941335}}
{"target": -10.445000634142179, "params": {"C": 58.83074390056582, "epsilon": 28.664500563588554, "gamma": 0.03376711382434291, "lamda": 0.008047994120529896}, "datetime": {"datetime": "2021-10-05 12:47:25", "elapsed": 797.483313, "delta": 2.714267}}
{"target": -10.538880372753857, "params": {"C": 70.43930591841733, "epsilon": 10.504887159418054, "gamma": 0.0798237308512666, "lamda": 0.015144204123118201}, "datetime": {"datetime": "2021-10-05 12:47:28", "elapsed": 800.489135, "delta": 3.005822}}
{"target": -10.169361193532252, "params": {"C": 44.94822234262134, "epsilon": 26.310373959992035, "gamma": 0.07792197333407025, "lamda": 0.005465359198216609}, "datetime": {"datetime": "2021-10-05 12:47:31", "elapsed": 804.07124, "delta": 3.582105}}
{"target": -10.17196885366162, "params": {"C": 50.30188081589532, "epsilon": 16.224287950452396, "gamma": 0.06598284873308141, "lamda": 0.005262445857336871}, "datetime": {"datetime": "2021-10-05 12:47:35", "elapsed": 807.762346, "delta": 3.691106}}
{"target": -10.268970685020024, "params": {"C": 45.76992070442844, "epsilon": 20.874653185609343, "gamma": 0.042398727369491136, "lamda": 0.0019165637522253547}, "datetime": {"datetime": "2021-10-05 12:47:38", "elapsed": 810.592959, "delta": 2.830613}}
{"target": -10.693559673619543, "params": {"C": 12.516781408466878, "epsilon": 26.762248878928826, "gamma": 0.06921046263683427, "lamda": 0.021418724143877806}, "datetime": {"datetime": "2021-10-05 12:47:41", "elapsed": 813.728029, "delta": 3.13507}}
{"target": -10.196724600433278, "params": {"C": 53.56108056610828, "epsilon": 16.52208988802154, "gamma": 0.06574791953481444, "lamda": 0.004888743315696929}, "datetime": {"datetime": "2021-10-05 12:47:45", "elapsed": 817.729769, "delta": 4.00174}}
{"target": -10.834092959650969, "params": {"C": 58.13935728116284, "epsilon": 28.407201061849538, "gamma": 0.057261233297883296, "lamda": 0.025869501296899303}, "datetime": {"datetime": "2021-10-05 12:47:48", "elapsed": 820.532232, "delta": 2.802463}}
{"target": -10.696556497877676, "params": {"C": 49.510087919990184, "epsilon": 10.83895050436993, "gamma": 0.06506592808400682, "lamda": 0.026411051684958445}, "datetime": {"datetime": "2021-10-05 12:47:52", "elapsed": 824.628598, "delta": 4.096366}}
{"target": -10.737631658993537, "params": {"C": 15.3319788329839, "epsilon": 10.166505403210895, "gamma": 0.08263604550634199, "lamda": 0.01112818197450698}, "datetime": {"datetime": "2021-10-05 12:47:56", "elapsed": 828.582264, "delta": 3.953666}}
{"target": -10.779139997647347, "params": {"C": 38.631063563843355, "epsilon": 27.35880355521718, "gamma": 0.0829145126402281, "lamda": 0.018450514493352825}, "datetime": {"datetime": "2021-10-05 12:47:59", "elapsed": 831.317391, "delta": 2.735127}}
{"target": -10.577874836475091, "params": {"C": 47.74220498278489, "epsilon": 23.385083210239824, "gamma": 0.02561281800450768, "lamda": 0.001394416607055496}, "datetime": {"datetime": "2021-10-05 12:48:02", "elapsed": 834.680191, "delta": 3.3628}}
{"target": -11.062509991808795, "params": {"C": 50.072566705700474, "epsilon": 10.4210589563104, "gamma": 0.08621890116818112, "lamda": 0.005965987159031922}, "datetime": {"datetime": "2021-10-05 12:48:05", "elapsed": 837.362306, "delta": 2.682115}}
{"target": -10.931179347555151, "params": {"C": 90.11517475495977, "epsilon": 20.021974675655763, "gamma": 0.039417788853755575, "lamda": 0.02839768368369204}, "datetime": {"datetime": "2021-10-05 12:48:07", "elapsed": 840.260422, "delta": 2.898116}}
{"target": -10.501958694587533, "params": {"C": 66.54963385832494, "epsilon": 23.253612096997124, "gamma": 0.058793062020444625, "lamda": 0.0015739058387299726}, "datetime": {"datetime": "2021-10-05 12:48:10", "elapsed": 843.11499, "delta": 2.854568}}
{"target": -10.752032349686406, "params": {"C": 90.87717807996204, "epsilon": 22.131172431194994, "gamma": 0.03906693132835641, "lamda": 0.021884908014660948}, "datetime": {"datetime": "2021-10-05 12:48:13", "elapsed": 845.92533, "delta": 2.81034}}
{"target": -10.165597148744189, "params": {"C": 66.4146774339345, "epsilon": 26.677985968733665, "gamma": 0.04473332579235545, "lamda": 0.004361055592544915}, "datetime": {"datetime": "2021-10-05 12:48:18", "elapsed": 850.665493, "delta": 4.740163}}
{"target": -10.95620526912479, "params": {"C": 24.091447696984112, "epsilon": 19.776767473163687, "gamma": 0.07977407525396492, "lamda": 0.001008909408566895}, "datetime": {"datetime": "2021-10-05 12:48:21", "elapsed": 853.711124, "delta": 3.045631}}
{"target": -10.358822569583529, "params": {"C": 25.828897413981082, "epsilon": 21.41982402146357, "gamma": 0.03925255209854994, "lamda": 0.010713639493565685}, "datetime": {"datetime": "2021-10-05 12:48:24", "elapsed": 856.538365, "delta": 2.827241}}
{"target": -11.104771192783092, "params": {"C": 85.40329112821428, "epsilon": 19.811372617099757, "gamma": 0.09489640397380258, "lamda": 0.024955532298605268}, "datetime": {"datetime": "2021-10-05 12:48:27", "elapsed": 859.434323, "delta": 2.895958}}
{"target": -11.19668713902973, "params": {"C": 80.6834420857575, "epsilon": 18.441455149317818, "gamma": 0.023387280343053155, "lamda": 0.023751346472526726}, "datetime": {"datetime": "2021-10-05 12:48:29", "elapsed": 862.255608, "delta": 2.821285}}
{"target": -10.920361596401126, "params": {"C": 41.176759430684626, "epsilon": 20.23886124737993, "gamma": 0.08197953839405728, "lamda": 0.02452336079474017}, "datetime": {"datetime": "2021-10-05 12:48:33", "elapsed": 865.440198, "delta": 3.18459}}
{"target": -10.58171451433441, "params": {"C": 65.25753647709107, "epsilon": 20.852166835980142, "gamma": 0.05136534355976251, "lamda": 0.019381716624545464}, "datetime": {"datetime": "2021-10-05 12:48:37", "elapsed": 869.74411, "delta": 4.303912}}
{"target": -10.110941961082007, "params": {"C": 47.79414184490959, "epsilon": 11.741529108147299, "gamma": 0.060882049333624455, "lamda": 0.00874975134486948}, "datetime": {"datetime": "2021-10-05 12:48:44", "elapsed": 876.910941, "delta": 7.166831}}
{"target": -10.851872357144257, "params": {"C": 67.60247227406072, "epsilon": 17.446447233505154, "gamma": 0.06202870001998852, "lamda": 0.029727911251182893}, "datetime": {"datetime": "2021-10-05 12:48:49", "elapsed": 882.244614, "delta": 5.333673}}
{"target": -11.027746103913099, "params": {"C": 95.4813971412492, "epsilon": 23.710488322646228, "gamma": 0.03405069343745617, "lamda": 0.02570395188531455}, "datetime": {"datetime": "2021-10-05 12:48:55", "elapsed": 887.401334, "delta": 5.15672}}
{"target": -10.550531941550686, "params": {"C": 83.28585778237097, "epsilon": 24.681571623602387, "gamma": 0.0703377319917425, "lamda": 0.014487086222719289}, "datetime": {"datetime": "2021-10-05 12:49:01", "elapsed": 894.30497, "delta": 6.903636}}
{"target": -10.988172652119703, "params": {"C": 92.05885631851831, "epsilon": 23.479498003241652, "gamma": 0.09470700337558967, "lamda": 0.018587448110399224}, "datetime": {"datetime": "2021-10-05 12:49:05", "elapsed": 897.719935, "delta": 3.414965}}
{"target": -10.589186072103752, "params": {"C": 43.419389078995295, "epsilon": 10.934334892155384, "gamma": 0.0395984032517588, "lamda": 0.023358631220651373}, "datetime": {"datetime": "2021-10-05 12:49:10", "elapsed": 902.320127, "delta": 4.600192}}
{"target": -10.916336388868194, "params": {"C": 69.56804544342778, "epsilon": 10.364618393317517, "gamma": 0.08837407574134942, "lamda": 0.02007946436741955}, "datetime": {"datetime": "2021-10-05 12:49:15", "elapsed": 907.697856, "delta": 5.377729}}
{"target": -10.815546559387727, "params": {"C": 87.89693794384979, "epsilon": 26.631722512747533, "gamma": 0.07665848026388228, "lamda": 0.020688356824678046}, "datetime": {"datetime": "2021-10-05 12:49:18", "elapsed": 910.782061, "delta": 3.084205}}
{"target": -10.631481059196835, "params": {"C": 24.096373060971644, "epsilon": 26.90647472534765, "gamma": 0.02899512057068001, "lamda": 0.009537212346218673}, "datetime": {"datetime": "2021-10-05 12:49:21", "elapsed": 913.663333, "delta": 2.881272}}
{"target": -10.347668558031753, "params": {"C": 46.3486065896169, "epsilon": 17.067316128043082, "gamma": 0.057392237598398774, "lamda": 0.015952098706619653}, "datetime": {"datetime": "2021-10-05 12:49:25", "elapsed": 917.645176, "delta": 3.981843}}
