{"target": -10.355446290941675, "params": {"C": 42.18159579599625, "epsilon": 19.292783431612065, "gamma": 0.014785534938823161, "lamda": 0.013145724602114531}, "datetime": {"datetime": "2021-10-06 14:24:04", "elapsed": 23.546013, "delta": 0.451118}}
{"target": -10.406056713279503, "params": {"C": 46.310395037562635, "epsilon": 19.55800666600039, "gamma": 0.03560699220503822, "lamda": 0.002994820429200244}, "datetime": {"datetime": "2021-10-06 14:24:04", "elapsed": 24.013608, "delta": 0.467595}}
{"target": -10.109319795813322, "params": {"C": 58.87428920014722, "epsilon": 22.30556140298133, "gamma": 0.01737986123019958, "lamda": 0.0036791525670838736}, "datetime": {"datetime": "2021-10-06 14:24:05", "elapsed": 24.473607, "delta": 0.459999}}
{"target": -10.25024184538559, "params": {"C": 42.460639603115325, "epsilon": 19.5796367876074, "gamma": 0.027169278086541467, "lamda": 0.007880875573610668}, "datetime": {"datetime": "2021-10-06 14:24:05", "elapsed": 24.961604, "delta": 0.487997}}
{"target": -10.414188588303432, "params": {"C": 54.25804500329065, "epsilon": 30.237953643313134, "gamma": 0.031216652830743923, "lamda": 0.003363855375607184}, "datetime": {"datetime": "2021-10-06 14:24:06", "elapsed": 25.438376, "delta": 0.476772}}
{"target": -10.377508127127273, "params": {"C": 51.822708768273394, "epsilon": 30.23176449295378, "gamma": 0.028896443741986452, "lamda": 0.01824617017182509}, "datetime": {"datetime": "2021-10-06 14:24:06", "elapsed": 25.859661, "delta": 0.421285}}
{"target": -10.29004009202864, "params": {"C": 49.522589214863615, "epsilon": 26.086087965234242, "gamma": 0.029082827494475577, "lamda": 0.011421984713527376}, "datetime": {"datetime": "2021-10-06 14:24:07", "elapsed": 26.307621, "delta": 0.44796}}
{"target": -10.248734809490013, "params": {"C": 42.611549911818535, "epsilon": 25.176546760336596, "gamma": 0.025200742234460616, "lamda": 0.0025985402572232014}, "datetime": {"datetime": "2021-10-06 14:24:07", "elapsed": 26.791383, "delta": 0.483762}}
{"target": -10.1764903908891, "params": {"C": 42.45367041202533, "epsilon": 19.520787861992773, "gamma": 0.016342776722210225, "lamda": 0.001743966588467167}, "datetime": {"datetime": "2021-10-06 14:24:08", "elapsed": 27.315625, "delta": 0.524242}}
{"target": -10.43285835118951, "params": {"C": 42.61447293177497, "epsilon": 19.701849742245006, "gamma": 0.03090756357421263, "lamda": 0.0010709155050971895}, "datetime": {"datetime": "2021-10-06 14:24:08", "elapsed": 28.111447, "delta": 0.795822}}
{"target": -10.125013918152987, "params": {"C": 58.89444135656379, "epsilon": 22.30704568325168, "gamma": 0.018323439043740744, "lamda": 0.0021921536820086376}, "datetime": {"datetime": "2021-10-06 14:24:09", "elapsed": 28.71145, "delta": 0.600003}}
{"target": -10.401731736069642, "params": {"C": 42.262919212099156, "epsilon": 19.33923477037679, "gamma": 0.016213976139320244, "lamda": 0.017261423575760194}, "datetime": {"datetime": "2021-10-06 14:24:10", "elapsed": 29.204444, "delta": 0.492994}}
{"target": -10.53363856588369, "params": {"C": 58.85465132721656, "epsilon": 22.28336209318389, "gamma": 0.039702601782418676, "lamda": 0.01852362094331646}, "datetime": {"datetime": "2021-10-06 14:24:10", "elapsed": 29.711864, "delta": 0.50742}}
{"target": -10.35151766650215, "params": {"C": 61.18014443640377, "epsilon": 22.080336973911376, "gamma": 0.030959178397890884, "lamda": 0.008989284618952969}, "datetime": {"datetime": "2021-10-06 14:24:10", "elapsed": 30.174903, "delta": 0.463039}}
{"target": -10.33106594808166, "params": {"C": 49.38749534573329, "epsilon": 26.809926540669522, "gamma": 0.01289288784285088, "lamda": 0.007133519963696058}, "datetime": {"datetime": "2021-10-06 14:24:11", "elapsed": 30.720197, "delta": 0.545294}}
{"target": -10.338739715087248, "params": {"C": 49.37453936535748, "epsilon": 27.00760480323438, "gamma": 0.029168741453070877, "lamda": 0.01579274865956517}, "datetime": {"datetime": "2021-10-06 14:24:12", "elapsed": 31.275161, "delta": 0.554964}}
{"target": -10.179470979316259, "params": {"C": 42.16452830478134, "epsilon": 19.25703870756008, "gamma": 0.023635891591795626, "lamda": 0.0034095578435421273}, "datetime": {"datetime": "2021-10-06 14:24:12", "elapsed": 31.864788, "delta": 0.589627}}
{"target": -10.23480612494148, "params": {"C": 49.39809956394066, "epsilon": 26.96565247753578, "gamma": 0.018332954170060103, "lamda": 0.011303114252974138}, "datetime": {"datetime": "2021-10-06 14:24:13", "elapsed": 32.368469, "delta": 0.503681}}
{"target": -10.164712810337818, "params": {"C": 42.57814878379351, "epsilon": 19.861402110619128, "gamma": 0.01895247706941528, "lamda": 0.00877621680484964}, "datetime": {"datetime": "2021-10-06 14:24:13", "elapsed": 32.846469, "delta": 0.478}}
{"target": -10.465266176014643, "params": {"C": 42.16872914136544, "epsilon": 19.26511128874736, "gamma": 0.010771144430750968, "lamda": 0.008688276080874134}, "datetime": {"datetime": "2021-10-06 14:24:14", "elapsed": 33.385074, "delta": 0.538605}}
{"target": -10.414164976602498, "params": {"C": 54.52747738094085, "epsilon": 18.52246044511039, "gamma": 0.03515545937722632, "lamda": 0.010898738923034506}, "datetime": {"datetime": "2021-10-06 14:24:14", "elapsed": 33.864224, "delta": 0.47915}}
{"target": -10.166572894785467, "params": {"C": 49.29940442336212, "epsilon": 26.78740942871501, "gamma": 0.019091260648773194, "lamda": 0.00195119695794786}, "datetime": {"datetime": "2021-10-06 14:24:15", "elapsed": 34.438084, "delta": 0.57386}}
{"target": -10.507512319083228, "params": {"C": 65.6471860880688, "epsilon": 29.492779102415728, "gamma": 0.03999156172700439, "lamda": 0.00686014852665096}, "datetime": {"datetime": "2021-10-06 14:24:15", "elapsed": 34.97846, "delta": 0.540376}}
{"target": -10.775133085284514, "params": {"C": 42.16253354081147, "epsilon": 19.274085664175697, "gamma": 0.03218502667108223, "lamda": 0.0002}, "datetime": {"datetime": "2021-10-06 14:24:16", "elapsed": 35.763792, "delta": 0.785332}}
{"target": -10.369106690557281, "params": {"C": 52.172252561532815, "epsilon": 18.984946984262717, "gamma": 0.0306008395860373, "lamda": 0.012933570077051993}, "datetime": {"datetime": "2021-10-06 14:24:17", "elapsed": 36.263794, "delta": 0.500002}}
{"target": -10.375828230666828, "params": {"C": 53.291689453426685, "epsilon": 30.12106955073382, "gamma": 0.03369998893110139, "lamda": 0.012935750167005272}, "datetime": {"datetime": "2021-10-06 14:24:17", "elapsed": 36.76914, "delta": 0.505346}}
{"target": -10.267899371935298, "params": {"C": 64.49197895803567, "epsilon": 28.77691807636864, "gamma": 0.025964133067004097, "lamda": 0.009342951211252455}, "datetime": {"datetime": "2021-10-06 14:24:18", "elapsed": 37.263928, "delta": 0.494788}}
{"target": -10.408327645222688, "params": {"C": 40.00534116104468, "epsilon": 32.63204400684961, "gamma": 0.038120245170306245, "lamda": 0.005700735870933076}, "datetime": {"datetime": "2021-10-06 14:24:18", "elapsed": 37.776401, "delta": 0.512473}}
{"target": -10.39908050743242, "params": {"C": 62.957984107029986, "epsilon": 22.679881457545072, "gamma": 0.030337600561394375, "lamda": 0.017891459269403765}, "datetime": {"datetime": "2021-10-06 14:24:19", "elapsed": 38.281031, "delta": 0.50463}}
{"target": -10.36235645060712, "params": {"C": 49.157195062563616, "epsilon": 26.700813896766128, "gamma": 0.011869418902057829, "lamda": 0.0065334044980676145}, "datetime": {"datetime": "2021-10-06 14:24:19", "elapsed": 38.853965, "delta": 0.572934}}
{"target": -10.299625808388397, "params": {"C": 55.51947948891481, "epsilon": 28.350942621954722, "gamma": 0.02956673777699651, "lamda": 0.008418861575362995}, "datetime": {"datetime": "2021-10-06 14:24:20", "elapsed": 39.375297, "delta": 0.521332}}
{"target": -10.353116981707993, "params": {"C": 43.449186942123454, "epsilon": 19.465422716324856, "gamma": 0.02732517430232812, "lamda": 0.018048592885924187}, "datetime": {"datetime": "2021-10-06 14:24:20", "elapsed": 39.919621, "delta": 0.544324}}
{"target": -10.23951787678931, "params": {"C": 45.99426320759914, "epsilon": 23.894033987872472, "gamma": 0.027045118003708526, "lamda": 0.002568793075671093}, "datetime": {"datetime": "2021-10-06 14:24:21", "elapsed": 40.539621, "delta": 0.62}}
{"target": -10.582855816574567, "params": {"C": 49.01391659533206, "epsilon": 30.74347902369876, "gamma": 0.01663669585056555, "lamda": 0.01652562011891151}, "datetime": {"datetime": "2021-10-06 14:24:21", "elapsed": 41.034316, "delta": 0.494695}}
{"target": -10.350373649273354, "params": {"C": 60.11949225610475, "epsilon": 27.87484317178395, "gamma": 0.018969431989378685, "lamda": 0.013788672619362416}, "datetime": {"datetime": "2021-10-06 14:24:22", "elapsed": 41.570807, "delta": 0.536491}}
{"target": -10.668254657875579, "params": {"C": 59.61032609760146, "epsilon": 19.770003126600134, "gamma": 0.010323653811505223, "lamda": 0.011876396604659414}, "datetime": {"datetime": "2021-10-06 14:24:22", "elapsed": 42.130057, "delta": 0.55925}}
{"target": -10.227157643526859, "params": {"C": 41.88019672455964, "epsilon": 21.279167483249108, "gamma": 0.02172777484826699, "lamda": 0.012263638611487033}, "datetime": {"datetime": "2021-10-06 14:24:23", "elapsed": 42.813998, "delta": 0.683941}}
{"target": -10.329178250051864, "params": {"C": 48.94992701775743, "epsilon": 31.481890111231095, "gamma": 0.021784159802880815, "lamda": 0.015040731332285003}, "datetime": {"datetime": "2021-10-06 14:24:24", "elapsed": 43.329035, "delta": 0.515037}}
{"target": -10.393684177915622, "params": {"C": 44.913490022178706, "epsilon": 32.29783019310551, "gamma": 0.0391080276753192, "lamda": 0.010871338220620166}, "datetime": {"datetime": "2021-10-06 14:24:24", "elapsed": 43.94022, "delta": 0.611185}}
{"target": -10.19589859111597, "params": {"C": 53.7250252783726, "epsilon": 27.40469770096079, "gamma": 0.024940059158197303, "lamda": 0.0038171168250905408}, "datetime": {"datetime": "2021-10-06 14:24:25", "elapsed": 44.514228, "delta": 0.574008}}
{"target": -10.388012143641976, "params": {"C": 41.19423442194856, "epsilon": 25.307446377125068, "gamma": 0.03722390399836683, "lamda": 0.005922086223777105}, "datetime": {"datetime": "2021-10-06 14:24:25", "elapsed": 45.105221, "delta": 0.590993}}
{"target": -10.334635435958733, "params": {"C": 42.60279777510952, "epsilon": 25.16995954759681, "gamma": 0.03278815886315155, "lamda": 0.0028472535073281523}, "datetime": {"datetime": "2021-10-06 14:24:26", "elapsed": 45.706502, "delta": 0.601281}}
{"target": -10.204584562077413, "params": {"C": 58.445310167969055, "epsilon": 25.336891638865037, "gamma": 0.024782106817658765, "lamda": 0.0041175955751302845}, "datetime": {"datetime": "2021-10-06 14:24:27", "elapsed": 46.274967, "delta": 0.568465}}
{"target": -10.377307728617296, "params": {"C": 50.24980144011439, "epsilon": 28.80174226334635, "gamma": 0.035193938891426885, "lamda": 0.00843764274152182}, "datetime": {"datetime": "2021-10-06 14:24:27", "elapsed": 46.812774, "delta": 0.537807}}
{"target": -10.22948751714147, "params": {"C": 42.00702491083183, "epsilon": 21.20654942023245, "gamma": 0.02708571374316089, "lamda": 0.00808411373909027}, "datetime": {"datetime": "2021-10-06 14:24:28", "elapsed": 47.377412, "delta": 0.564638}}
{"target": -10.282940070642903, "params": {"C": 42.5751492148771, "epsilon": 19.683760602915797, "gamma": 0.02401048498387459, "lamda": 0.016336912873166402}, "datetime": {"datetime": "2021-10-06 14:24:28", "elapsed": 47.947169, "delta": 0.569757}}
{"target": -10.36477417649921, "params": {"C": 66.73009345931897, "epsilon": 27.673981822357224, "gamma": 0.03208929947518614, "lamda": 0.01200444247473791}, "datetime": {"datetime": "2021-10-06 14:24:29", "elapsed": 48.519209, "delta": 0.57204}}
{"target": -10.385028143108165, "params": {"C": 52.43512908423633, "epsilon": 21.802037734331034, "gamma": 0.028676319378151627, "lamda": 0.016549330846855198}, "datetime": {"datetime": "2021-10-06 14:24:29", "elapsed": 49.10059, "delta": 0.581381}}
{"target": -10.204668231906231, "params": {"C": 44.92504919731737, "epsilon": 22.592117210985844, "gamma": 0.024387254629280805, "lamda": 0.002748197020774767}, "datetime": {"datetime": "2021-10-06 14:24:30", "elapsed": 49.712653, "delta": 0.612063}}
{"target": -10.318410734661294, "params": {"C": 48.29497121561418, "epsilon": 19.590946933289757, "gamma": 0.020714827122526147, "lamda": 0.018396114603088435}, "datetime": {"datetime": "2021-10-06 14:24:31", "elapsed": 50.287631, "delta": 0.574978}}
{"target": -10.391616698165047, "params": {"C": 45.13366112706137, "epsilon": 21.04050538174664, "gamma": 0.03395513090872641, "lamda": 0.01716194870160601}, "datetime": {"datetime": "2021-10-06 14:24:31", "elapsed": 50.866593, "delta": 0.578962}}
{"target": -10.282801609827501, "params": {"C": 42.46865002768731, "epsilon": 19.530486364265684, "gamma": 0.02456248390022642, "lamda": 0.013560046372525586}, "datetime": {"datetime": "2021-10-06 14:24:32", "elapsed": 51.447871, "delta": 0.581278}}
{"target": -10.20079356338534, "params": {"C": 56.66017322154129, "epsilon": 29.985788919212546, "gamma": 0.018669893073636454, "lamda": 0.008794381918696078}, "datetime": {"datetime": "2021-10-06 14:24:32", "elapsed": 52.027969, "delta": 0.580098}}
{"target": -10.318951355089268, "params": {"C": 50.16262430880626, "epsilon": 22.789952197016234, "gamma": 0.029884154624530167, "lamda": 0.011364087436857719}, "datetime": {"datetime": "2021-10-06 14:24:33", "elapsed": 52.626561, "delta": 0.598592}}
{"target": -10.321037005099614, "params": {"C": 45.98450396566107, "epsilon": 23.888121824825554, "gamma": 0.03232626728594777, "lamda": 0.012454677168105381}, "datetime": {"datetime": "2021-10-06 14:24:34", "elapsed": 53.252208, "delta": 0.625647}}
{"target": -10.185863783897139, "params": {"C": 44.91144986536752, "epsilon": 22.58963183277597, "gamma": 0.02415478767645292, "lamda": 0.007602460421944551}, "datetime": {"datetime": "2021-10-06 14:24:34", "elapsed": 53.930823, "delta": 0.678615}}
{"target": -10.16402961277503, "params": {"C": 43.28457159003474, "epsilon": 24.96869627382775, "gamma": 0.024495114545382824, "lamda": 0.005273254551951951}, "datetime": {"datetime": "2021-10-06 14:24:35", "elapsed": 54.790542, "delta": 0.859719}}
{"target": -10.432831835572927, "params": {"C": 42.47000851508452, "epsilon": 19.528136864259796, "gamma": 0.037684099101939976, "lamda": 0.014448534090757399}, "datetime": {"datetime": "2021-10-06 14:24:36", "elapsed": 55.452546, "delta": 0.662004}}
{"target": -10.29111546195381, "params": {"C": 40.76827747042366, "epsilon": 19.43918164431302, "gamma": 0.019416535577378727, "lamda": 0.018436551024660113}, "datetime": {"datetime": "2021-10-06 14:24:36", "elapsed": 56.08674, "delta": 0.634194}}
{"target": -10.391278141543996, "params": {"C": 63.63876734642443, "epsilon": 31.845060472057206, "gamma": 0.025876710457247903, "lamda": 0.01816483461171869}, "datetime": {"datetime": "2021-10-06 14:24:37", "elapsed": 56.628734, "delta": 0.541994}}
{"target": -10.293777080713626, "params": {"C": 58.897298531789126, "epsilon": 22.296783727883692, "gamma": 0.022204363646028742, "lamda": 0.013024638844732025}, "datetime": {"datetime": "2021-10-06 14:24:38", "elapsed": 57.28034, "delta": 0.651606}}
{"target": -10.386445597778797, "params": {"C": 41.85911547194713, "epsilon": 21.268821846894546, "gamma": 0.016982364546972672, "lamda": 0.017324262514066487}, "datetime": {"datetime": "2021-10-06 14:24:38", "elapsed": 57.901084, "delta": 0.620744}}
{"target": -10.405384119841484, "params": {"C": 53.7343260137558, "epsilon": 27.426201621743893, "gamma": 0.03707001259344973, "lamda": 0.014446856143394282}, "datetime": {"datetime": "2021-10-06 14:24:39", "elapsed": 58.60478, "delta": 0.703696}}
{"target": -10.425102287617548, "params": {"C": 42.64792943994642, "epsilon": 19.225346905316993, "gamma": 0.03798172640182052, "lamda": 0.007328646182660653}, "datetime": {"datetime": "2021-10-06 14:24:40", "elapsed": 59.298815, "delta": 0.694035}}
{"target": -10.394804970672775, "params": {"C": 40.10587419714674, "epsilon": 21.387819101794648, "gamma": 0.03814534087204647, "lamda": 0.011957993861072}, "datetime": {"datetime": "2021-10-06 14:24:40", "elapsed": 59.90899, "delta": 0.610175}}
{"target": -10.353389164626355, "params": {"C": 54.89995922341522, "epsilon": 30.16274387244572, "gamma": 0.029157472454116803, "lamda": 0.01676027385723761}, "datetime": {"datetime": "2021-10-06 14:24:41", "elapsed": 60.506688, "delta": 0.597698}}
{"target": -10.279223229940449, "params": {"C": 42.60001771760095, "epsilon": 25.178600782585438, "gamma": 0.026148355383173227, "lamda": 0.015500341252912596}, "datetime": {"datetime": "2021-10-06 14:24:41", "elapsed": 61.132191, "delta": 0.625503}}
{"target": -10.357053000268944, "params": {"C": 45.26957213147775, "epsilon": 29.28410460079603, "gamma": 0.03479243028196561, "lamda": 0.01250583547844466}, "datetime": {"datetime": "2021-10-06 14:24:42", "elapsed": 61.769729, "delta": 0.637538}}
{"target": -10.228200832814556, "params": {"C": 39.49571336324682, "epsilon": 22.311476599726987, "gamma": 0.021310398116926317, "lamda": 0.011217213405444152}, "datetime": {"datetime": "2021-10-06 14:24:43", "elapsed": 62.362389, "delta": 0.59266}}
{"target": -10.355384062959146, "params": {"C": 49.315082570130755, "epsilon": 26.78348959774478, "gamma": 0.0321539984724766, "lamda": 0.004012953877291624}, "datetime": {"datetime": "2021-10-06 14:24:43", "elapsed": 62.994149, "delta": 0.63176}}
{"target": -10.14511283018404, "params": {"C": 53.71444261214957, "epsilon": 27.409105442903815, "gamma": 0.023025989403841596, "lamda": 0.005463286262601617}, "datetime": {"datetime": "2021-10-06 14:24:44", "elapsed": 63.646656, "delta": 0.652507}}
{"target": -10.257082379599215, "params": {"C": 42.476261581152556, "epsilon": 19.581365529504023, "gamma": 0.029404190313173713, "lamda": 0.0070164338309065}, "datetime": {"datetime": "2021-10-06 14:24:45", "elapsed": 64.328968, "delta": 0.682312}}
{"target": -10.525638682390744, "params": {"C": 44.93866553192026, "epsilon": 22.578596395492504, "gamma": 0.011632356387909944, "lamda": 0.011017671191199879}, "datetime": {"datetime": "2021-10-06 14:24:45", "elapsed": 65.012924, "delta": 0.683956}}
{"target": -10.512846739101862, "params": {"C": 59.18327402354607, "epsilon": 21.718107548203267, "gamma": 0.03228945088108177, "lamda": 0.0010601403091758668}, "datetime": {"datetime": "2021-10-06 14:24:46", "elapsed": 65.718928, "delta": 0.706004}}
{"target": -10.196691077469957, "params": {"C": 58.906607657740295, "epsilon": 22.308069545638112, "gamma": 0.018110483237629774, "lamda": 0.008969391100003556}, "datetime": {"datetime": "2021-10-06 14:24:47", "elapsed": 66.372616, "delta": 0.653688}}
{"target": -10.337688444960987, "params": {"C": 43.284138019910515, "epsilon": 24.978710616068984, "gamma": 0.033934069138344784, "lamda": 0.011521365746515742}, "datetime": {"datetime": "2021-10-06 14:24:47", "elapsed": 67.017616, "delta": 0.645}}
{"target": -10.22479861644149, "params": {"C": 42.468747929180196, "epsilon": 19.52071227284011, "gamma": 0.024220102211255642, "lamda": 0.008580853476176424}, "datetime": {"datetime": "2021-10-06 14:24:48", "elapsed": 67.665504, "delta": 0.647888}}
{"target": -10.27787044370891, "params": {"C": 49.142706401127036, "epsilon": 18.54998450239038, "gamma": 0.011927425648095475, "lamda": 0.004469039978195756}, "datetime": {"datetime": "2021-10-06 14:24:49", "elapsed": 68.272295, "delta": 0.606791}}
{"target": -10.132838802977863, "params": {"C": 61.34141467554179, "epsilon": 22.69436560689964, "gamma": 0.021280407597467736, "lamda": 0.005351774187148984}, "datetime": {"datetime": "2021-10-06 14:24:49", "elapsed": 68.976524, "delta": 0.704229}}
{"target": -10.323664682123802, "params": {"C": 42.97465181512628, "epsilon": 29.33276839832962, "gamma": 0.03351487370006092, "lamda": 0.010577990981140505}, "datetime": {"datetime": "2021-10-06 14:24:50", "elapsed": 69.6214, "delta": 0.644876}}
{"target": -10.324283950889619, "params": {"C": 49.480090718317946, "epsilon": 26.073544239919165, "gamma": 0.027951983255829267, "lamda": 0.015949590423013825}, "datetime": {"datetime": "2021-10-06 14:24:51", "elapsed": 70.29488, "delta": 0.67348}}
{"target": -10.546212233992946, "params": {"C": 42.43995252081171, "epsilon": 19.53371418417709, "gamma": 0.03774386451798934, "lamda": 0.0018546742635678578}, "datetime": {"datetime": "2021-10-06 14:24:51", "elapsed": 71.024263, "delta": 0.729383}}
{"target": -10.66330514982022, "params": {"C": 48.15088687958234, "epsilon": 32.15915997722872, "gamma": 0.012796932087075137, "lamda": 0.011551372734573146}, "datetime": {"datetime": "2021-10-06 14:24:52", "elapsed": 71.742021, "delta": 0.717758}}
{"target": -10.508756527678907, "params": {"C": 49.01943183698033, "epsilon": 30.71830111626456, "gamma": 0.03056244712605749, "lamda": 0.0011345168222642644}, "datetime": {"datetime": "2021-10-06 14:24:53", "elapsed": 72.457636, "delta": 0.715615}}
{"target": -10.138651874648762, "params": {"C": 51.41510962619327, "epsilon": 28.899898282148918, "gamma": 0.018960325126843786, "lamda": 0.0073671055472544055}, "datetime": {"datetime": "2021-10-06 14:24:53", "elapsed": 73.086408, "delta": 0.628772}}
{"target": -10.341259047437866, "params": {"C": 49.222294851520445, "epsilon": 27.01528243701628, "gamma": 0.03286444256711953, "lamda": 0.007608473036881047}, "datetime": {"datetime": "2021-10-06 14:24:54", "elapsed": 73.713304, "delta": 0.626896}}
{"target": -10.361121293099046, "params": {"C": 49.96014078531416, "epsilon": 20.648346071330806, "gamma": 0.025054539641085366, "lamda": 0.018587683545037093}, "datetime": {"datetime": "2021-10-06 14:24:55", "elapsed": 74.335233, "delta": 0.621929}}
{"target": -10.802296442373176, "params": {"C": 53.49285913851131, "epsilon": 23.381572075256777, "gamma": 0.039491617980777875, "lamda": 0.0007780524884012652}, "datetime": {"datetime": "2021-10-06 14:24:55", "elapsed": 75.032604, "delta": 0.697371}}
