{"target": -36.11160181658317, "params": {"C": 20.061582848199997, "epsilon": 29.216498354576114, "gamma": 0.14084574465405011, "lamda": 0.729926943479293}, "datetime": {"datetime": "2021-10-05 11:54:51", "elapsed": 987.648439, "delta": 5.178215}}
{"target": -33.59999148313545, "params": {"C": 51.584288501010064, "epsilon": 29.918938577818018, "gamma": 0.17993584050014436, "lamda": 0.6788034518956845}, "datetime": {"datetime": "2021-10-05 11:54:56", "elapsed": 992.320432, "delta": 4.671993}}
{"target": -14.694174703739096, "params": {"C": 12.9588994690212, "epsilon": 16.607290977972315, "gamma": 0.17763722127098613, "lamda": 0.004598280222447092}, "datetime": {"datetime": "2021-10-05 11:55:02", "elapsed": 998.640447, "delta": 6.320015}}
{"target": -20.44538000402989, "params": {"C": 49.33549610929792, "epsilon": 19.74335986356478, "gamma": 0.044693842901625626, "lamda": 0.3076969708314149}, "datetime": {"datetime": "2021-10-05 11:55:07", "elapsed": 1003.811953, "delta": 5.171506}}
{"target": -11.143615599021917, "params": {"C": 49.67781672279112, "epsilon": 23.419316535568022, "gamma": 0.023910375385929036, "lamda": 0.06457598103086398}, "datetime": {"datetime": "2021-10-05 11:55:12", "elapsed": 1009.102468, "delta": 5.290515}}
{"target": -31.753800513409143, "params": {"C": 23.65009270079814, "epsilon": 29.9603302765953, "gamma": 0.11723067311909048, "lamda": 0.65666516900379}, "datetime": {"datetime": "2021-10-05 11:55:16", "elapsed": 1012.898111, "delta": 3.795643}}
{"target": -35.792040834300856, "params": {"C": 50.41623399486593, "epsilon": 23.146375727649342, "gamma": 0.04443204835439498, "lamda": 0.5537646011662977}, "datetime": {"datetime": "2021-10-05 11:55:20", "elapsed": 1016.792328, "delta": 3.894217}}
{"target": -74.8388941895028, "params": {"C": 8.197917771921958, "epsilon": 13.069363807583757, "gamma": 0.19533873697204457, "lamda": 0.799318351127376}, "datetime": {"datetime": "2021-10-05 11:55:24", "elapsed": 1021.156506, "delta": 4.364178}}
{"target": -17.530106503975322, "params": {"C": 12.719034535113394, "epsilon": 17.248613293700277, "gamma": 0.05285045471296815, "lamda": 0.23833401404558427}, "datetime": {"datetime": "2021-10-05 11:55:29", "elapsed": 1025.767831, "delta": 4.611325}}
{"target": -36.45829146711795, "params": {"C": 16.12572619263274, "epsilon": 23.531669495564998, "gamma": 0.10660410123428217, "lamda": 0.604794015932598}, "datetime": {"datetime": "2021-10-05 11:55:33", "elapsed": 1029.385144, "delta": 3.617313}}
{"target": -15.653415405173865, "params": {"C": 10.76683221324593, "epsilon": 17.115886522383807, "gamma": 0.2, "lamda": 0.0005}, "datetime": {"datetime": "2021-10-05 11:55:37", "elapsed": 1033.501356, "delta": 4.116212}}
{"target": -32.79951418709385, "params": {"C": 49.26016588593678, "epsilon": 23.153526805680453, "gamma": 0.05542528760154016, "lamda": 0.5225487293656099}, "datetime": {"datetime": "2021-10-05 11:55:43", "elapsed": 1039.297111, "delta": 5.795755}}
{"target": -16.033618969382317, "params": {"C": 40.85478828390024, "epsilon": 29.981934961435524, "gamma": 0.2, "lamda": 0.0005}, "datetime": {"datetime": "2021-10-05 11:55:46", "elapsed": 1042.977376, "delta": 3.680265}}
{"target": -11.17208461090417, "params": {"C": 14.099357924877319, "epsilon": 19.932744232304167, "gamma": 0.06658233848610644, "lamda": 0.040801276028233316}, "datetime": {"datetime": "2021-10-05 11:55:52", "elapsed": 1048.245383, "delta": 5.268007}}
{"target": -13.213517691729134, "params": {"C": 48.929965067839845, "epsilon": 25.2820792899539, "gamma": 0.0005, "lamda": 0.0005}, "datetime": {"datetime": "2021-10-05 11:55:56", "elapsed": 1052.709351, "delta": 4.463968}}
{"target": -17.076600614308838, "params": {"C": 18.925862619279684, "epsilon": 23.825052400853632, "gamma": 0.10824491957581882, "lamda": 0.20990347230893777}, "datetime": {"datetime": "2021-10-05 11:56:00", "elapsed": 1056.828256, "delta": 4.118905}}
{"target": -33.671443236443025, "params": {"C": 40.76839106660093, "epsilon": 29.698952795252158, "gamma": 0.14919389687768528, "lamda": 0.6813657443991363}, "datetime": {"datetime": "2021-10-05 11:56:04", "elapsed": 1060.265987, "delta": 3.437731}}
{"target": -12.011446373968148, "params": {"C": 17.866998294168532, "epsilon": 21.657337807599664, "gamma": 0.03293837609306836, "lamda": 0.1113126826290997}, "datetime": {"datetime": "2021-10-05 11:56:08", "elapsed": 1064.873736, "delta": 4.607749}}
{"target": -10.588065797518361, "params": {"C": 9.140224099463653, "epsilon": 19.568936551352184, "gamma": 0.04116827502256519, "lamda": 0.040347837490850795}, "datetime": {"datetime": "2021-10-05 11:56:12", "elapsed": 1068.888834, "delta": 4.015098}}
{"target": -40.551876677796564, "params": {"C": 9.02118927705681, "epsilon": 20.30164581541869, "gamma": 0.14108724583318744, "lamda": 0.6040575281548061}, "datetime": {"datetime": "2021-10-05 11:56:17", "elapsed": 1074.14739, "delta": 5.258556}}
{"target": -11.271705567312553, "params": {"C": 48.27955735126173, "epsilon": 20.090410471251687, "gamma": 0.05072500809844771, "lamda": 0.07098139482657925}, "datetime": {"datetime": "2021-10-05 11:56:22", "elapsed": 1078.696409, "delta": 4.549019}}
{"target": -54.24333284923605, "params": {"C": 48.52119303357003, "epsilon": 20.153834640675978, "gamma": 0.07695606449122543, "lamda": 0.7570800888360759}, "datetime": {"datetime": "2021-10-05 11:56:27", "elapsed": 1083.407707, "delta": 4.711298}}
{"target": -16.27279492194651, "params": {"C": 46.52415330022396, "epsilon": 22.192333807189705, "gamma": 0.2, "lamda": 0.0005}, "datetime": {"datetime": "2021-10-05 11:56:33", "elapsed": 1090.089782, "delta": 6.682075}}
{"target": -13.57167290570384, "params": {"C": 19.751802577346265, "epsilon": 25.112614473759006, "gamma": 0.0005, "lamda": 0.0005}, "datetime": {"datetime": "2021-10-05 11:56:38", "elapsed": 1094.911771, "delta": 4.821989}}
{"target": -15.140576221224885, "params": {"C": 47.6791282088901, "epsilon": 19.05600458488163, "gamma": 0.1801574499459222, "lamda": 0.08117298213577154}, "datetime": {"datetime": "2021-10-05 11:56:43", "elapsed": 1099.822579, "delta": 4.910808}}
{"target": -17.25529498712468, "params": {"C": 7.728197589931252, "epsilon": 16.717924888839907, "gamma": 0.16197826039655341, "lamda": 0.1515130463346471}, "datetime": {"datetime": "2021-10-05 11:56:47", "elapsed": 1103.590016, "delta": 3.767437}}
{"target": -28.783741845254095, "params": {"C": 9.817856357029608, "epsilon": 19.432531574457347, "gamma": 0.17702613075631815, "lamda": 0.35247913944556897}, "datetime": {"datetime": "2021-10-05 11:56:52", "elapsed": 1108.649942, "delta": 5.059926}}
{"target": -11.542500265442783, "params": {"C": 14.493403378200398, "epsilon": 20.50484669232818, "gamma": 0.015885501213465474, "lamda": 0.07338541711048624}, "datetime": {"datetime": "2021-10-05 11:56:56", "elapsed": 1112.829421, "delta": 4.179479}}
{"target": -19.249287546313663, "params": {"C": 13.811602401136877, "epsilon": 20.49577795840901, "gamma": 0.12924093229486744, "lamda": 0.2307648183178361}, "datetime": {"datetime": "2021-10-05 11:56:59", "elapsed": 1116.174546, "delta": 3.345125}}
{"target": -19.853789237125756, "params": {"C": 81.38499596797902, "epsilon": 25.058233316957143, "gamma": 0.16963883469558613, "lamda": 0.24337192549170988}, "datetime": {"datetime": "2021-10-05 11:57:03", "elapsed": 1120.012998, "delta": 3.838452}}
{"target": -59.80524467825838, "params": {"C": 47.737845032914684, "epsilon": 15.443038897263184, "gamma": 0.09388345902608296, "lamda": 0.70118207248593}, "datetime": {"datetime": "2021-10-05 11:57:09", "elapsed": 1125.715372, "delta": 5.702374}}
{"target": -12.792026892650297, "params": {"C": 79.65676357585778, "epsilon": 28.28945803833413, "gamma": 0.008474979616191031, "lamda": 0.10129233365840919}, "datetime": {"datetime": "2021-10-05 11:57:12", "elapsed": 1129.143567, "delta": 3.428195}}
{"target": -13.635500403065212, "params": {"C": 15.190209949157355, "epsilon": 20.788946580319426, "gamma": 0.0005, "lamda": 0.0005}, "datetime": {"datetime": "2021-10-05 11:57:20", "elapsed": 1136.269973, "delta": 7.126406}}
{"target": -12.084227032992544, "params": {"C": 47.87532723349298, "epsilon": 19.78870028822925, "gamma": 0.08778182188694864, "lamda": 0.058307714923378245}, "datetime": {"datetime": "2021-10-05 11:57:23", "elapsed": 1140.160179, "delta": 3.890206}}
{"target": -16.158628545110734, "params": {"C": 49.81390154366922, "epsilon": 15.020814974809628, "gamma": 0.16624924392537288, "lamda": 0.11847812706297517}, "datetime": {"datetime": "2021-10-05 11:57:28", "elapsed": 1144.550437, "delta": 4.390258}}
{"target": -12.906309868854493, "params": {"C": 81.66470461480583, "epsilon": 22.735132574437323, "gamma": 0.0005, "lamda": 0.0005}, "datetime": {"datetime": "2021-10-05 11:57:34", "elapsed": 1150.84423, "delta": 6.293793}}
{"target": -26.080973773552017, "params": {"C": 81.02976807915064, "epsilon": 23.36395333828709, "gamma": 0.1395276413511874, "lamda": 0.3702766995407484}, "datetime": {"datetime": "2021-10-05 11:57:38", "elapsed": 1155.214567, "delta": 4.370337}}
{"target": -16.798204450574808, "params": {"C": 82.15415513368653, "epsilon": 22.34453180547792, "gamma": 0.18457682540389644, "lamda": 0.13385513873327184}, "datetime": {"datetime": "2021-10-05 11:57:42", "elapsed": 1159.049386, "delta": 3.834819}}
{"target": -12.87524231148875, "params": {"C": 83.02374554873167, "epsilon": 23.49140580765102, "gamma": 0.0005, "lamda": 0.0005}, "datetime": {"datetime": "2021-10-05 11:57:48", "elapsed": 1164.541214, "delta": 5.491828}}
{"target": -40.90683669376149, "params": {"C": 82.39304085367134, "epsilon": 23.15581675296815, "gamma": 0.14146212802834468, "lamda": 0.6707003269864388}, "datetime": {"datetime": "2021-10-05 11:57:52", "elapsed": 1168.434072, "delta": 3.892858}}
{"target": -15.02057404913128, "params": {"C": 44.293118609975956, "epsilon": 14.62221812484029, "gamma": 0.1995607123043819, "lamda": 0.02075941579423265}, "datetime": {"datetime": "2021-10-05 11:57:56", "elapsed": 1172.643965, "delta": 4.209893}}
{"target": -13.640971598268633, "params": {"C": 17.5776935787989, "epsilon": 20.945022671689983, "gamma": 0.0005, "lamda": 0.0005}, "datetime": {"datetime": "2021-10-05 11:58:02", "elapsed": 1178.583538, "delta": 5.939573}}
{"target": -12.942874255087222, "params": {"C": 81.13335783507111, "epsilon": 21.643267545671428, "gamma": 0.0005, "lamda": 0.0005}, "datetime": {"datetime": "2021-10-05 11:58:08", "elapsed": 1185.040534, "delta": 6.456996}}
{"target": -14.431550932926122, "params": {"C": 84.04037491173757, "epsilon": 23.073840535152087, "gamma": 0.07771800391640504, "lamda": 0.16500072710357216}, "datetime": {"datetime": "2021-10-05 11:58:13", "elapsed": 1190.083086, "delta": 5.042552}}
{"target": -13.416199155238221, "params": {"C": 81.20725514643229, "epsilon": 22.233305789963868, "gamma": 0.0015634754783927258, "lamda": 0.025820886615813794}, "datetime": {"datetime": "2021-10-05 11:58:18", "elapsed": 1195.128393, "delta": 5.045307}}
{"target": -18.087551267449186, "params": {"C": 83.54322971946722, "epsilon": 24.084562933206627, "gamma": 0.15032758276549152, "lamda": 0.2052174047127819}, "datetime": {"datetime": "2021-10-05 11:58:24", "elapsed": 1200.583209, "delta": 5.454816}}
{"target": -21.592462490696853, "params": {"C": 82.4560916876623, "epsilon": 20.967890854863303, "gamma": 0.1927024740417992, "lamda": 0.24505683491369223}, "datetime": {"datetime": "2021-10-05 11:58:30", "elapsed": 1206.230396, "delta": 5.647187}}
{"target": -34.91572201566186, "params": {"C": 81.4056650251224, "epsilon": 21.87907358925256, "gamma": 0.13704009487616137, "lamda": 0.525099531468271}, "datetime": {"datetime": "2021-10-05 11:58:34", "elapsed": 1210.831153, "delta": 4.600757}}
{"target": -11.951031835590182, "params": {"C": 83.241943032924, "epsilon": 22.88716658149975, "gamma": 0.06452503102950727, "lamda": 0.09265204948400886}, "datetime": {"datetime": "2021-10-05 11:58:39", "elapsed": 1215.316627, "delta": 4.485474}}
{"target": -12.948129363038346, "params": {"C": 80.4619134625255, "epsilon": 21.919124187128894, "gamma": 0.0005, "lamda": 0.0005}, "datetime": {"datetime": "2021-10-05 11:58:43", "elapsed": 1219.263709, "delta": 3.947082}}
{"target": -11.802845536508755, "params": {"C": 83.7067745238035, "epsilon": 22.1848180297433, "gamma": 0.0792263234326937, "lamda": 0.0036124251895748687}, "datetime": {"datetime": "2021-10-05 11:58:47", "elapsed": 1223.686074, "delta": 4.422365}}
{"target": -36.83897620534709, "params": {"C": 84.12932351516251, "epsilon": 22.31496928988453, "gamma": 0.16748057469472638, "lamda": 0.5799982568744875}, "datetime": {"datetime": "2021-10-05 11:58:52", "elapsed": 1228.981674, "delta": 5.2956}}
{"target": -13.17185030233539, "params": {"C": 83.07690811802246, "epsilon": 22.193221519435916, "gamma": 0.13795262050383478, "lamda": 0.014092198266795095}, "datetime": {"datetime": "2021-10-05 11:59:00", "elapsed": 1236.372838, "delta": 7.391164}}
{"target": -16.48589065264287, "params": {"C": 49.14793541603058, "epsilon": 15.63288067312579, "gamma": 0.2, "lamda": 0.0005}, "datetime": {"datetime": "2021-10-05 11:59:04", "elapsed": 1240.669686, "delta": 4.296848}}
{"target": -13.931372326344734, "params": {"C": 26.888047237114023, "epsilon": 13.583266016229187, "gamma": 0.0005, "lamda": 0.0005}, "datetime": {"datetime": "2021-10-05 11:59:09", "elapsed": 1245.492279, "delta": 4.822593}}
{"target": -13.560114992756045, "params": {"C": 79.59287153637416, "epsilon": 20.191311514307188, "gamma": 0.018889841759386874, "lamda": 0.1669879414003554}, "datetime": {"datetime": "2021-10-05 11:59:19", "elapsed": 1255.618037, "delta": 10.125758}}
{"target": -35.27072383848634, "params": {"C": 79.66404520501095, "epsilon": 21.15756680058201, "gamma": 0.04772122871476316, "lamda": 0.5062251340965194}, "datetime": {"datetime": "2021-10-05 11:59:23", "elapsed": 1259.697996, "delta": 4.079959}}
{"target": -37.187465022846425, "params": {"C": 79.81716935463581, "epsilon": 19.465012032740415, "gamma": 0.14307774109549007, "lamda": 0.5138043155403812}, "datetime": {"datetime": "2021-10-05 11:59:27", "elapsed": 1263.337759, "delta": 3.639763}}
{"target": -13.333958684274622, "params": {"C": 44.695233908189564, "epsilon": 26.948880903407147, "gamma": 0.14584172769475176, "lamda": 0.022029796028119823}, "datetime": {"datetime": "2021-10-05 11:59:30", "elapsed": 1267.031209, "delta": 3.69345}}
{"target": -13.55282966109865, "params": {"C": 18.56706844197637, "epsilon": 25.99695676491088, "gamma": 0.0005, "lamda": 0.0005}, "datetime": {"datetime": "2021-10-05 11:59:36", "elapsed": 1273.126529, "delta": 6.09532}}
{"target": -46.66826282421198, "params": {"C": 51.27704811081082, "epsilon": 15.331531433520693, "gamma": 0.1747570242719305, "lamda": 0.5855074172582071}, "datetime": {"datetime": "2021-10-05 11:59:42", "elapsed": 1279.204568, "delta": 6.078039}}
{"target": -10.689819105998758, "params": {"C": 77.71293434427996, "epsilon": 20.184999796808675, "gamma": 0.03877720381208016, "lamda": 0.037842830427997846}, "datetime": {"datetime": "2021-10-05 11:59:49", "elapsed": 1285.662933, "delta": 6.458365}}
{"target": -14.836982912324073, "params": {"C": 76.58600630746653, "epsilon": 20.963364306818598, "gamma": 0.14317172973712886, "lamda": 0.10192876627850965}, "datetime": {"datetime": "2021-10-05 11:59:57", "elapsed": 1293.346871, "delta": 7.683938}}
{"target": -41.960965902150626, "params": {"C": 77.26419413501714, "epsilon": 20.607600178620906, "gamma": 0.12602522300353897, "lamda": 0.6174693065647334}, "datetime": {"datetime": "2021-10-05 12:00:01", "elapsed": 1297.557478, "delta": 4.210607}}
{"target": -12.508466775753355, "params": {"C": 77.69953454845655, "epsilon": 19.259097817389964, "gamma": 0.11272014070726813, "lamda": 0.03876568694209408}, "datetime": {"datetime": "2021-10-05 12:00:06", "elapsed": 1302.281439, "delta": 4.723961}}
{"target": -45.6953287733298, "params": {"C": 78.35640069041794, "epsilon": 19.818081998289326, "gamma": 0.1914119481593202, "lamda": 0.6959052862497581}, "datetime": {"datetime": "2021-10-05 12:00:10", "elapsed": 1306.767589, "delta": 4.48615}}
{"target": -21.211854324650506, "params": {"C": 76.98728285348618, "epsilon": 19.404564402069024, "gamma": 0.1801212464275805, "lamda": 0.2350291030745594}, "datetime": {"datetime": "2021-10-05 12:00:16", "elapsed": 1312.97842, "delta": 6.210831}}
{"target": -15.768960234270626, "params": {"C": 16.384707195544976, "epsilon": 12.689879987178298, "gamma": 0.1984296818951329, "lamda": 0.0024313010862830895}, "datetime": {"datetime": "2021-10-05 12:00:23", "elapsed": 1319.248359, "delta": 6.269939}}
{"target": -12.519455892819623, "params": {"C": 82.78886373101922, "epsilon": 24.37362033569779, "gamma": 0.005011999866637558, "lamda": 0.047282907936177405}, "datetime": {"datetime": "2021-10-05 12:00:29", "elapsed": 1325.531291, "delta": 6.282932}}
{"target": -13.858514301968231, "params": {"C": 11.954380199046438, "epsilon": 19.216281406864812, "gamma": 0.0005, "lamda": 0.0005}, "datetime": {"datetime": "2021-10-05 12:00:35", "elapsed": 1331.329892, "delta": 5.798601}}
{"target": -27.855394454710215, "params": {"C": 82.7828601307691, "epsilon": 25.028901301939978, "gamma": 0.035673669516554055, "lamda": 0.458579479064232}, "datetime": {"datetime": "2021-10-05 12:00:40", "elapsed": 1336.399163, "delta": 5.069271}}
{"target": -19.290623743417672, "params": {"C": 75.950254359471, "epsilon": 21.337337390174813, "gamma": 0.1222405101315665, "lamda": 0.239194666909449}, "datetime": {"datetime": "2021-10-05 12:00:45", "elapsed": 1341.740013, "delta": 5.34085}}
{"target": -16.50655352901395, "params": {"C": 48.984136662118935, "epsilon": 14.805533401071544, "gamma": 0.2, "lamda": 0.0005}, "datetime": {"datetime": "2021-10-05 12:00:51", "elapsed": 1347.287757, "delta": 5.547744}}
{"target": -10.316130692882254, "params": {"C": 83.26511426136624, "epsilon": 21.627274096594086, "gamma": 0.020443120929889026, "lamda": 0.009812988680098698}, "datetime": {"datetime": "2021-10-05 12:00:57", "elapsed": 1354.129284, "delta": 6.841527}}
{"target": -12.569915078729924, "params": {"C": 4.072575956089198, "epsilon": 17.2259393273866, "gamma": 0.1163821579528524, "lamda": 0.023420159977292108}, "datetime": {"datetime": "2021-10-05 12:01:03", "elapsed": 1360.144404, "delta": 6.01512}}
{"target": -16.650223824433695, "params": {"C": 3.9033261828247046, "epsilon": 16.546802541227457, "gamma": 0.15250983761357623, "lamda": 0.1378684216191646}, "datetime": {"datetime": "2021-10-05 12:01:08", "elapsed": 1364.55885, "delta": 4.414446}}
{"target": -12.864566493447391, "params": {"C": 3.8581570812259267, "epsilon": 18.37877172690777, "gamma": 0.03830333123889743, "lamda": 0.1449942429489682}, "datetime": {"datetime": "2021-10-05 12:01:17", "elapsed": 1373.455774, "delta": 8.896924}}
{"target": -50.69356021383125, "params": {"C": 4.413168620808603, "epsilon": 17.483102323344262, "gamma": 0.11893756741693676, "lamda": 0.6807250309884959}, "datetime": {"datetime": "2021-10-05 12:01:22", "elapsed": 1379.088197, "delta": 5.632423}}
{"target": -16.410207272808456, "params": {"C": 4.013814337650711, "epsilon": 19.017421034425404, "gamma": 0.04496870515476151, "lamda": 0.23250857811624137}, "datetime": {"datetime": "2021-10-05 12:01:27", "elapsed": 1383.889775, "delta": 4.801578}}
{"target": -14.576276852366185, "params": {"C": 8.220940432212114, "epsilon": 11.850201635618038, "gamma": 0.0005, "lamda": 0.0005}, "datetime": {"datetime": "2021-10-05 12:01:33", "elapsed": 1389.668714, "delta": 5.778939}}
{"target": -47.52149294646604, "params": {"C": 3.3095903734763104, "epsilon": 18.720902155767945, "gamma": 0.040386864975403176, "lamda": 0.5800209662700189}, "datetime": {"datetime": "2021-10-05 12:01:41", "elapsed": 1397.32126, "delta": 7.652546}}
{"target": -12.917913181298657, "params": {"C": 83.85844728919399, "epsilon": 21.326796606693204, "gamma": 0.0005, "lamda": 0.0005}, "datetime": {"datetime": "2021-10-05 12:01:50", "elapsed": 1406.723741, "delta": 9.402481}}
{"target": -10.900752206216106, "params": {"C": 44.52731853831777, "epsilon": 22.3592895602093, "gamma": 0.05768044692635051, "lamda": 0.003742041322543026}, "datetime": {"datetime": "2021-10-05 12:01:56", "elapsed": 1413.164555, "delta": 6.440814}}
{"target": -34.45891839151355, "params": {"C": 83.54282101206137, "epsilon": 20.98956689657792, "gamma": 0.09964036670967552, "lamda": 0.4969370049873988}, "datetime": {"datetime": "2021-10-05 12:02:02", "elapsed": 1418.682945, "delta": 5.51839}}
{"target": -14.615221784119194, "params": {"C": 49.77354357417133, "epsilon": 24.017740849407875, "gamma": 0.19322409527847037, "lamda": 0.02872496512462936}, "datetime": {"datetime": "2021-10-05 12:02:08", "elapsed": 1424.616276, "delta": 5.933331}}
{"target": -12.246261032278731, "params": {"C": 3.3954238907109997, "epsilon": 17.321040915548465, "gamma": 0.06880428730903501, "lamda": 0.08664579185027674}, "datetime": {"datetime": "2021-10-05 12:02:14", "elapsed": 1430.311321, "delta": 5.695045}}
{"target": -19.358227951347732, "params": {"C": 5.062113915364148, "epsilon": 19.507230553194983, "gamma": 0.16366641297899487, "lamda": 0.20567376606792553}, "datetime": {"datetime": "2021-10-05 12:02:21", "elapsed": 1437.414081, "delta": 7.10276}}
{"target": -32.410827136205235, "params": {"C": 90.4115184959799, "epsilon": 24.734539164089156, "gamma": 0.027790195782964548, "lamda": 0.5205193223374006}, "datetime": {"datetime": "2021-10-05 12:02:25", "elapsed": 1442.196755, "delta": 4.782674}}
{"target": -12.927038265801768, "params": {"C": 80.46334771806428, "epsilon": 22.63562840625863, "gamma": 0.0005, "lamda": 0.0005}, "datetime": {"datetime": "2021-10-05 12:02:30", "elapsed": 1446.916088, "delta": 4.719333}}
{"target": -16.67816182721994, "params": {"C": 9.32282902846228, "epsilon": 14.546529932193327, "gamma": 0.15810022602558263, "lamda": 0.13658094890934824}, "datetime": {"datetime": "2021-10-05 12:02:35", "elapsed": 1451.488811, "delta": 4.572723}}
