{"target": -12.874816701581535, "params": {"C": 81.98839360636165, "epsilon": 13.315956669398858, "gamma": 0.0511147712115593, "lamda": 0.100082363310438}, "datetime": {"datetime": "2021-10-05 11:51:04", "elapsed": 20.124323, "delta": 0.416969}}
{"target": -14.715624544557734, "params": {"C": 13.54311942792241, "epsilon": 21.816326300177245, "gamma": 0.07699574417002002, "lamda": 0.15912044664470598}, "datetime": {"datetime": "2021-10-05 11:51:04", "elapsed": 20.594609, "delta": 0.470286}}
{"target": -13.600909543893403, "params": {"C": 64.12728847215388, "epsilon": 19.102476574923905, "gamma": 0.05465086147268247, "lamda": 0.12592039507976863}, "datetime": {"datetime": "2021-10-05 11:51:05", "elapsed": 21.153645, "delta": 0.559036}}
{"target": -12.597100827755645, "params": {"C": 27.31810460155828, "epsilon": 16.477198380115805, "gamma": 0.05433484630470904, "lamda": 0.0921911100954232}, "datetime": {"datetime": "2021-10-05 11:51:05", "elapsed": 21.577604, "delta": 0.423959}}
{"target": -14.263936623274938, "params": {"C": 64.65950174983357, "epsilon": 17.611798289056374, "gamma": 0.08617734188478239, "lamda": 0.13280241999452178}, "datetime": {"datetime": "2021-10-05 11:51:06", "elapsed": 22.014125, "delta": 0.436521}}
{"target": -11.350627419201249, "params": {"C": 69.87516401251975, "epsilon": 22.011535924079634, "gamma": 0.05793450628397634, "lamda": 0.04712572655030081}, "datetime": {"datetime": "2021-10-05 11:51:06", "elapsed": 22.495421, "delta": 0.481296}}
{"target": -11.63511310799735, "params": {"C": 50.63667241321061, "epsilon": 10.838065514819807, "gamma": 0.05052036651335322, "lamda": 0.06258263212371734}, "datetime": {"datetime": "2021-10-05 11:51:07", "elapsed": 23.027911, "delta": 0.53249}}
{"target": -15.868756293132902, "params": {"C": 18.004111645279988, "epsilon": 17.368773037437045, "gamma": 0.06198518216535383, "lamda": 0.18696283593007398}, "datetime": {"datetime": "2021-10-05 11:51:07", "elapsed": 23.528985, "delta": 0.501074}}
{"target": -23.459745364924878, "params": {"C": 50.688961293591696, "epsilon": 10.984546029696764, "gamma": 0.04953019289753527, "lamda": 0.2574778889290237}, "datetime": {"datetime": "2021-10-05 11:51:08", "elapsed": 24.199577, "delta": 0.670592}}
{"target": -11.486068008233477, "params": {"C": 51.154590344727744, "epsilon": 11.294386051622315, "gamma": 0.03837143426942123, "lamda": 0.05659093816569577}, "datetime": {"datetime": "2021-10-05 11:51:08", "elapsed": 24.790525, "delta": 0.590948}}
{"target": -13.999159860396976, "params": {"C": 64.38708217447139, "epsilon": 18.38450667096567, "gamma": 0.045204727181181695, "lamda": 0.13639734813921128}, "datetime": {"datetime": "2021-10-05 11:51:09", "elapsed": 25.31052, "delta": 0.519995}}
{"target": -11.433086826236009, "params": {"C": 53.0189479401897, "epsilon": 17.810327454076358, "gamma": 0.0253171351049797, "lamda": 0.0362054500470886}, "datetime": {"datetime": "2021-10-05 11:51:09", "elapsed": 25.99159, "delta": 0.68107}}
{"target": -12.522128971962534, "params": {"C": 64.13321049092772, "epsilon": 18.43138339973426, "gamma": 0.021568894451319372, "lamda": 0.0733960145444919}, "datetime": {"datetime": "2021-10-05 11:51:10", "elapsed": 26.658531, "delta": 0.666941}}
{"target": -13.484661075692363, "params": {"C": 85.43728315306156, "epsilon": 19.993044544816097, "gamma": 0.09837495233421781, "lamda": 0.11263634160240707}, "datetime": {"datetime": "2021-10-05 11:51:11", "elapsed": 27.260052, "delta": 0.601521}}
{"target": -10.41701905469113, "params": {"C": 51.4252965544514, "epsilon": 11.174132593844098, "gamma": 0.031120891062965297, "lamda": 0.005427928538396293}, "datetime": {"datetime": "2021-10-05 11:51:11", "elapsed": 27.861852, "delta": 0.6018}}
{"target": -10.855910956949081, "params": {"C": 51.49206685857965, "epsilon": 10.994122231830216, "gamma": 0.03724174422767906, "lamda": 0.0329559572672283}, "datetime": {"datetime": "2021-10-05 11:51:12", "elapsed": 28.504631, "delta": 0.642779}}
{"target": -11.144564442021046, "params": {"C": 82.68653414213826, "epsilon": 25.043946664182055, "gamma": 0.03825881854876718, "lamda": 0.03350813474652892}, "datetime": {"datetime": "2021-10-05 11:51:12", "elapsed": 28.949477, "delta": 0.444846}}
{"target": -13.412514149148102, "params": {"C": 82.62594278978655, "epsilon": 24.79408202564526, "gamma": 0.05568434152327567, "lamda": 0.13413329216464598}, "datetime": {"datetime": "2021-10-05 11:51:13", "elapsed": 29.451004, "delta": 0.501527}}
{"target": -14.51981362194646, "params": {"C": 82.56422761253977, "epsilon": 25.147118248220735, "gamma": 0.04275414258504981, "lamda": 0.16972207487445967}, "datetime": {"datetime": "2021-10-05 11:51:13", "elapsed": 29.968137, "delta": 0.517133}}
{"target": -14.142937091730445, "params": {"C": 95.10001745229123, "epsilon": 17.667213194288585, "gamma": 0.0868881638385517, "lamda": 0.1307649660929271}, "datetime": {"datetime": "2021-10-05 11:51:14", "elapsed": 30.469651, "delta": 0.501514}}
{"target": -11.607592191480798, "params": {"C": 51.37996287082865, "epsilon": 11.023683557158886, "gamma": 0.09267480230459375, "lamda": 0.05081918965507307}, "datetime": {"datetime": "2021-10-05 11:51:15", "elapsed": 31.017996, "delta": 0.548345}}
{"target": -15.199261736681022, "params": {"C": 21.882276472969394, "epsilon": 14.34109356405015, "gamma": 0.06341679328946953, "lamda": 0.16180196412340253}, "datetime": {"datetime": "2021-10-05 11:51:15", "elapsed": 31.524543, "delta": 0.506547}}
{"target": -25.227879628482253, "params": {"C": 58.78923818091105, "epsilon": 11.602491802584575, "gamma": 0.03571623444266599, "lamda": 0.2770243440980359}, "datetime": {"datetime": "2021-10-05 11:51:15", "elapsed": 31.969051, "delta": 0.444508}}
{"target": -12.09693263418267, "params": {"C": 13.769823143388734, "epsilon": 22.034136706278566, "gamma": 0.05181769589291016, "lamda": 0.08064992382950481}, "datetime": {"datetime": "2021-10-05 11:51:16", "elapsed": 32.547124, "delta": 0.578073}}
{"target": -22.87872598538153, "params": {"C": 51.58159547536584, "epsilon": 11.195640455043849, "gamma": 0.09579048182046301, "lamda": 0.2576046735911228}, "datetime": {"datetime": "2021-10-05 11:51:17", "elapsed": 33.367261, "delta": 0.820137}}
{"target": -11.353455337645348, "params": {"C": 80.9320252406822, "epsilon": 27.248964253469946, "gamma": 0.03666300928520895, "lamda": 0.04076042882466395}, "datetime": {"datetime": "2021-10-05 11:51:18", "elapsed": 34.095682, "delta": 0.728421}}
{"target": -13.084564475777333, "params": {"C": 74.32345764163614, "epsilon": 28.92245925765059, "gamma": 0.07012883724181036, "lamda": 0.12287778208142253}, "datetime": {"datetime": "2021-10-05 11:51:18", "elapsed": 34.768461, "delta": 0.672779}}
{"target": -13.13945707526451, "params": {"C": 51.32158455554559, "epsilon": 10.724370054631, "gamma": 0.03267981361693002, "lamda": 0.10377706931935027}, "datetime": {"datetime": "2021-10-05 11:51:19", "elapsed": 35.560057, "delta": 0.791596}}
{"target": -14.92763258051001, "params": {"C": 69.7159701326903, "epsilon": 22.19569976042844, "gamma": 0.034873760102384535, "lamda": 0.16482430979572035}, "datetime": {"datetime": "2021-10-05 11:51:20", "elapsed": 36.390598, "delta": 0.830541}}
{"target": -16.746741485331988, "params": {"C": 50.00695406998518, "epsilon": 22.317467055092383, "gamma": 0.04746760805028513, "lamda": 0.23725003432755684}, "datetime": {"datetime": "2021-10-05 11:51:20", "elapsed": 36.919488, "delta": 0.52889}}
{"target": -10.33033377328049, "params": {"C": 17.536313031606074, "epsilon": 20.176478624845487, "gamma": 0.05051023840319069, "lamda": 0.012210708714967294}, "datetime": {"datetime": "2021-10-05 11:51:21", "elapsed": 37.516423, "delta": 0.596935}}
{"target": -14.009813873485607, "params": {"C": 29.231143366356367, "epsilon": 29.301271871683742, "gamma": 0.03429220218976619, "lamda": 0.1614377208900252}, "datetime": {"datetime": "2021-10-05 11:51:22", "elapsed": 38.002071, "delta": 0.485648}}
{"target": -11.554838908451492, "params": {"C": 17.39295777082674, "epsilon": 20.374060758896096, "gamma": 0.0413630928386525, "lamda": 0.05891484727673434}, "datetime": {"datetime": "2021-10-05 11:51:22", "elapsed": 38.562501, "delta": 0.56043}}
{"target": -12.01057889979517, "params": {"C": 21.884684589642454, "epsilon": 25.271735336695755, "gamma": 0.03868387595317849, "lamda": 0.0729769105787082}, "datetime": {"datetime": "2021-10-05 11:51:23", "elapsed": 39.14813, "delta": 0.585629}}
{"target": -10.77082028271322, "params": {"C": 17.30541199085547, "epsilon": 20.219600454836645, "gamma": 0.026788489595977287, "lamda": 0.010487896421429034}, "datetime": {"datetime": "2021-10-05 11:51:23", "elapsed": 39.788134, "delta": 0.640004}}
{"target": -16.52488529403942, "params": {"C": 55.861860858539124, "epsilon": 19.869128360221136, "gamma": 0.09334322140124615, "lamda": 0.20625388855561683}, "datetime": {"datetime": "2021-10-05 11:51:24", "elapsed": 40.364456, "delta": 0.576322}}
{"target": -12.731575811009762, "params": {"C": 63.97056393388197, "epsilon": 18.166274181126482, "gamma": 0.021422283693277287, "lamda": 0.07943075884280107}, "datetime": {"datetime": "2021-10-05 11:51:24", "elapsed": 40.945883, "delta": 0.581427}}
{"target": -13.809377095061814, "params": {"C": 64.46172890817908, "epsilon": 19.225659473186532, "gamma": 0.03290694683545805, "lamda": 0.1279534592122839}, "datetime": {"datetime": "2021-10-05 11:51:25", "elapsed": 41.548016, "delta": 0.602133}}
{"target": -16.412074869800524, "params": {"C": 17.611285409336467, "epsilon": 20.11448412779801, "gamma": 0.0973088900369988, "lamda": 0.20355062612204505}, "datetime": {"datetime": "2021-10-05 11:51:26", "elapsed": 42.164352, "delta": 0.616336}}
{"target": -10.504970357317115, "params": {"C": 52.89055171329019, "epsilon": 18.053918402619285, "gamma": 0.07774140554120837, "lamda": 0.01390536750966768}, "datetime": {"datetime": "2021-10-05 11:51:26", "elapsed": 42.845101, "delta": 0.680749}}
{"target": -13.958835585381701, "params": {"C": 52.62853013332064, "epsilon": 18.03809874183895, "gamma": 0.0969115810098857, "lamda": 0.12610725682594148}, "datetime": {"datetime": "2021-10-05 11:51:27", "elapsed": 43.441567, "delta": 0.596466}}
{"target": -13.39874050575787, "params": {"C": 50.67920255606729, "epsilon": 10.596217891375785, "gamma": 0.09282747644628893, "lamda": 0.10464444200273747}, "datetime": {"datetime": "2021-10-05 11:51:28", "elapsed": 44.201907, "delta": 0.76034}}
{"target": -14.696723093978465, "params": {"C": 69.9419102828869, "epsilon": 21.758565193230517, "gamma": 0.09609801248333882, "lamda": 0.15785365266760504}, "datetime": {"datetime": "2021-10-05 11:51:28", "elapsed": 44.898309, "delta": 0.696402}}
{"target": -10.796623879227226, "params": {"C": 7.254306367231582, "epsilon": 11.23447958394349, "gamma": 0.08111184067873652, "lamda": 0.0073460864994994495}, "datetime": {"datetime": "2021-10-05 11:51:29", "elapsed": 45.525626, "delta": 0.627317}}
{"target": -11.817085917744958, "params": {"C": 53.05158663555853, "epsilon": 18.043111742810126, "gamma": 0.08075903892675956, "lamda": 0.06425552040381649}, "datetime": {"datetime": "2021-10-05 11:51:30", "elapsed": 46.208904, "delta": 0.683278}}
{"target": -11.241857533030657, "params": {"C": 85.19636315924271, "epsilon": 20.221876143932395, "gamma": 0.05693150507094541, "lamda": 0.04309427672701986}, "datetime": {"datetime": "2021-10-05 11:51:30", "elapsed": 46.852315, "delta": 0.643411}}
{"target": -10.3337124520592, "params": {"C": 17.340811252180025, "epsilon": 20.375734407661763, "gamma": 0.03876015006904429, "lamda": 0.008758209610208175}, "datetime": {"datetime": "2021-10-05 11:51:31", "elapsed": 47.510434, "delta": 0.658119}}
{"target": -12.821590028522827, "params": {"C": 51.23973512723212, "epsilon": 11.164788616256772, "gamma": 0.02748800250933745, "lamda": 0.09102917529453429}, "datetime": {"datetime": "2021-10-05 11:51:32", "elapsed": 48.122473, "delta": 0.612039}}
{"target": -19.937951407499682, "params": {"C": 7.017654980632668, "epsilon": 11.229725807907926, "gamma": 0.06484066410596329, "lamda": 0.22769452873222962}, "datetime": {"datetime": "2021-10-05 11:51:32", "elapsed": 48.80355, "delta": 0.681077}}
{"target": -11.95566817348879, "params": {"C": 17.17752672828464, "epsilon": 20.507243469637658, "gamma": 0.09740586598703345, "lamda": 0.06568428341146099}, "datetime": {"datetime": "2021-10-05 11:51:33", "elapsed": 49.600321, "delta": 0.796771}}
{"target": -12.524015654814056, "params": {"C": 4.7740312711640875, "epsilon": 12.551376004618051, "gamma": 0.024739405627511656, "lamda": 0.06979100463117295}, "datetime": {"datetime": "2021-10-05 11:51:34", "elapsed": 50.168871, "delta": 0.56855}}
{"target": -17.259122051586818, "params": {"C": 81.23222547924219, "epsilon": 26.002175795745647, "gamma": 0.0955143616083415, "lamda": 0.26521384294400013}, "datetime": {"datetime": "2021-10-05 11:51:34", "elapsed": 50.722855, "delta": 0.553984}}
{"target": -10.641273936731825, "params": {"C": 17.043920242959636, "epsilon": 20.29204114909413, "gamma": 0.02, "lamda": 0.0001}, "datetime": {"datetime": "2021-10-05 11:51:36", "elapsed": 52.259249, "delta": 1.536394}}
{"target": -11.416619761358877, "params": {"C": 96.12925943047509, "epsilon": 24.38438365403072, "gamma": 0.07960937155673768, "lamda": 0.04878624823695314}, "datetime": {"datetime": "2021-10-05 11:51:36", "elapsed": 52.857569, "delta": 0.59832}}
{"target": -11.03056592777431, "params": {"C": 7.4896086396823245, "epsilon": 11.23920742983789, "gamma": 0.09729165411268924, "lamda": 0.0001}, "datetime": {"datetime": "2021-10-05 11:51:37", "elapsed": 53.831441, "delta": 0.973872}}
{"target": -13.572321158624318, "params": {"C": 85.23311451761663, "epsilon": 20.608482702787192, "gamma": 0.0949564076591148, "lamda": 0.12067884307999864}, "datetime": {"datetime": "2021-10-05 11:51:38", "elapsed": 54.926972, "delta": 1.095531}}
{"target": -12.239068457294284, "params": {"C": 50.9736324655787, "epsilon": 11.323979759521656, "gamma": 0.0658021827599525, "lamda": 0.07830917347379814}, "datetime": {"datetime": "2021-10-05 11:51:39", "elapsed": 55.503596, "delta": 0.576624}}
{"target": -11.606174710442891, "params": {"C": 57.24126364161487, "epsilon": 13.215170905703356, "gamma": 0.08676257978295651, "lamda": 0.05420555990436463}, "datetime": {"datetime": "2021-10-05 11:51:40", "elapsed": 56.063584, "delta": 0.559988}}
{"target": -16.926989586855417, "params": {"C": 80.74974209636532, "epsilon": 27.284915465901943, "gamma": 0.04932462875702087, "lamda": 0.2705841871076548}, "datetime": {"datetime": "2021-10-05 11:51:40", "elapsed": 56.813671, "delta": 0.750087}}
{"target": -11.151927196471853, "params": {"C": 16.768593360792554, "epsilon": 20.167969296763097, "gamma": 0.032210026074221354, "lamda": 0.031015938952748227}, "datetime": {"datetime": "2021-10-05 11:51:41", "elapsed": 57.580092, "delta": 0.766421}}
{"target": -11.309595536032587, "params": {"C": 81.15202062206357, "epsilon": 27.124484372458323, "gamma": 0.0400209585008019, "lamda": 0.041405435012605275}, "datetime": {"datetime": "2021-10-05 11:51:42", "elapsed": 58.232088, "delta": 0.651996}}
{"target": -12.800297846729357, "params": {"C": 57.50389644567093, "epsilon": 13.038537745970213, "gamma": 0.1, "lamda": 0.0001}, "datetime": {"datetime": "2021-10-05 11:51:43", "elapsed": 59.334992, "delta": 1.102904}}
{"target": -11.010447963280031, "params": {"C": 17.049471440553795, "epsilon": 19.80335401405125, "gamma": 0.07813236418211016, "lamda": 0.03515680674041187}, "datetime": {"datetime": "2021-10-05 11:51:44", "elapsed": 60.006676, "delta": 0.671684}}
{"target": -16.528133969503774, "params": {"C": 16.945990145165247, "epsilon": 19.98970679405835, "gamma": 0.022708067228014734, "lamda": 0.19991469716227048}, "datetime": {"datetime": "2021-10-05 11:51:44", "elapsed": 60.705829, "delta": 0.699153}}
{"target": -26.137228877715437, "params": {"C": 38.67809686632699, "epsilon": 13.957367997057135, "gamma": 0.03181742492056897, "lamda": 0.29958979545153885}, "datetime": {"datetime": "2021-10-05 11:51:45", "elapsed": 61.310261, "delta": 0.604432}}
{"target": -10.656510874847058, "params": {"C": 17.23865251960133, "epsilon": 19.465352027033628, "gamma": 0.09144367386757872, "lamda": 0.013699800223706055}, "datetime": {"datetime": "2021-10-05 11:51:46", "elapsed": 62.091172, "delta": 0.780911}}
{"target": -10.78104516615261, "params": {"C": 50.221937166038366, "epsilon": 11.036857681641663, "gamma": 0.07170521796256989, "lamda": 0.02695627356737247}, "datetime": {"datetime": "2021-10-05 11:51:46", "elapsed": 62.84958, "delta": 0.758408}}
{"target": -10.69888180175385, "params": {"C": 64.8946446169281, "epsilon": 17.885801701775517, "gamma": 0.02436800359753371, "lamda": 0.009263093528560558}, "datetime": {"datetime": "2021-10-05 11:51:47", "elapsed": 63.528571, "delta": 0.678991}}
{"target": -10.621431941749867, "params": {"C": 13.493933256815112, "epsilon": 22.24944495318024, "gamma": 0.023275981613268576, "lamda": 0.005124830631448738}, "datetime": {"datetime": "2021-10-05 11:51:48", "elapsed": 64.258096, "delta": 0.729525}}
{"target": -13.958264806934235, "params": {"C": 62.758217185252306, "epsilon": 26.31587703797655, "gamma": 0.02486962682388107, "lamda": 0.1326723446810463}, "datetime": {"datetime": "2021-10-05 11:51:48", "elapsed": 64.825974, "delta": 0.567878}}
{"target": -15.666995494392793, "params": {"C": 26.10412107488124, "epsilon": 14.086485375011002, "gamma": 0.07224152520463871, "lamda": 0.16586798732188635}, "datetime": {"datetime": "2021-10-05 11:51:49", "elapsed": 65.405298, "delta": 0.579324}}
{"target": -10.633172732015742, "params": {"C": 17.349153817129324, "epsilon": 19.755173641483132, "gamma": 0.02, "lamda": 0.0001}, "datetime": {"datetime": "2021-10-05 11:51:50", "elapsed": 66.49781, "delta": 1.092512}}
{"target": -10.902826137250472, "params": {"C": 16.81134209370727, "epsilon": 20.545450026827485, "gamma": 0.05574317160187167, "lamda": 0.03225453809320339}, "datetime": {"datetime": "2021-10-05 11:51:51", "elapsed": 67.383405, "delta": 0.885595}}
{"target": -12.974311766694063, "params": {"C": 16.773855760599446, "epsilon": 19.51574919868778, "gamma": 0.023314270693094805, "lamda": 0.09353173975424402}, "datetime": {"datetime": "2021-10-05 11:51:52", "elapsed": 68.018836, "delta": 0.635431}}
{"target": -11.472460964082872, "params": {"C": 81.15016884099293, "epsilon": 27.549262212000972, "gamma": 0.055332380814301876, "lamda": 0.0515555117896115}, "datetime": {"datetime": "2021-10-05 11:51:52", "elapsed": 68.862461, "delta": 0.843625}}
{"target": -11.576459994172685, "params": {"C": 7.481440853675494, "epsilon": 10.838215686430486, "gamma": 0.09240733063657684, "lamda": 0.05082124743601905}, "datetime": {"datetime": "2021-10-05 11:51:53", "elapsed": 69.820666, "delta": 0.958205}}
{"target": -11.954472824849686, "params": {"C": 16.393604290220097, "epsilon": 20.323418902127496, "gamma": 0.042735517145334787, "lamda": 0.07674784025589731}, "datetime": {"datetime": "2021-10-05 11:51:54", "elapsed": 70.829693, "delta": 1.009027}}
{"target": -16.249002957462448, "params": {"C": 96.76703065129499, "epsilon": 11.001140983492094, "gamma": 0.06558055908996512, "lamda": 0.17181778416951698}, "datetime": {"datetime": "2021-10-05 11:51:55", "elapsed": 71.425595, "delta": 0.595902}}
{"target": -21.355265434165947, "params": {"C": 17.34261770458001, "epsilon": 19.420935206889013, "gamma": 0.0730270572126577, "lamda": 0.29561645309298856}, "datetime": {"datetime": "2021-10-05 11:51:56", "elapsed": 72.058052, "delta": 0.632457}}
{"target": -13.879100105562916, "params": {"C": 13.148027398909228, "epsilon": 22.259485057803833, "gamma": 0.03597953168083239, "lamda": 0.14138886554129632}, "datetime": {"datetime": "2021-10-05 11:51:56", "elapsed": 72.925398, "delta": 0.867346}}
{"target": -11.660976255225796, "params": {"C": 17.05673593118066, "epsilon": 19.572763501887085, "gamma": 0.1, "lamda": 0.0001}, "datetime": {"datetime": "2021-10-05 11:51:58", "elapsed": 74.168372, "delta": 1.242974}}
{"target": -11.340650677369512, "params": {"C": 50.0229303873915, "epsilon": 10.75146315744812, "gamma": 0.09195748653522023, "lamda": 0.0362214999345868}, "datetime": {"datetime": "2021-10-05 11:51:58", "elapsed": 74.87399, "delta": 0.705618}}
{"target": -11.627764379256988, "params": {"C": 75.20321865083125, "epsilon": 23.262250384377452, "gamma": 0.0218613935712275, "lamda": 0.03657724899281705}, "datetime": {"datetime": "2021-10-05 11:51:59", "elapsed": 75.509762, "delta": 0.635772}}
{"target": -11.423398140008427, "params": {"C": 19.17786850578678, "epsilon": 20.29228202736358, "gamma": 0.05071340082561178, "lamda": 0.05054033197970867}, "datetime": {"datetime": "2021-10-05 11:52:00", "elapsed": 76.146485, "delta": 0.636723}}
{"target": -12.19534233689953, "params": {"C": 81.44078412048087, "epsilon": 27.31409107498218, "gamma": 0.0478383688642065, "lamda": 0.08661530267100513}, "datetime": {"datetime": "2021-10-05 11:52:00", "elapsed": 76.92804, "delta": 0.781555}}
{"target": -14.30654552642564, "params": {"C": 85.19976693785664, "epsilon": 20.57673678199486, "gamma": 0.09340033556779165, "lamda": 0.14174376299032523}, "datetime": {"datetime": "2021-10-05 11:52:01", "elapsed": 77.576373, "delta": 0.648333}}
{"target": -10.658839932553084, "params": {"C": 16.496654365077777, "epsilon": 20.694031379582285, "gamma": 0.02, "lamda": 0.0001}, "datetime": {"datetime": "2021-10-05 11:52:02", "elapsed": 78.840225, "delta": 1.263852}}
{"target": -14.60682374694752, "params": {"C": 55.69232828414218, "epsilon": 18.262204195227078, "gamma": 0.023822856933061444, "lamda": 0.13827582017384737}, "datetime": {"datetime": "2021-10-05 11:52:03", "elapsed": 79.510224, "delta": 0.669999}}
{"target": -11.545440036319327, "params": {"C": 16.751990486451888, "epsilon": 20.933747812229615, "gamma": 0.06452342535144735, "lamda": 0.058030219077547095}, "datetime": {"datetime": "2021-10-05 11:52:04", "elapsed": 80.2269, "delta": 0.716676}}
