{"target": -10.75209132008879, "params": {"C": 81.97209071430794, "epsilon": 19.1932071291383, "gamma": 0.012086164995058579, "lamda": 0.019029792182401126}, "datetime": {"datetime": "2021-10-06 14:09:18", "elapsed": 70.529182, "delta": 0.705817}}
{"target": -10.540567437993905, "params": {"C": 71.99439627025205, "epsilon": 18.975544725153203, "gamma": 0.012216181034153055, "lamda": 0.010725309778317108}, "datetime": {"datetime": "2021-10-06 14:09:19", "elapsed": 71.151179, "delta": 0.621997}}
{"target": -10.568399880216273, "params": {"C": 64.75649278225254, "epsilon": 28.39948679852844, "gamma": 0.030032234401931472, "lamda": 0.0007805116116758237}, "datetime": {"datetime": "2021-10-06 14:09:20", "elapsed": 71.96218, "delta": 0.811001}}
{"target": -10.213773459736982, "params": {"C": 67.00719896880902, "epsilon": 33.71317736596168, "gamma": 0.018960325126843786, "lamda": 0.0073671055472544055}, "datetime": {"datetime": "2021-10-06 14:09:20", "elapsed": 72.596613, "delta": 0.634433}}
{"target": -10.399977167347476, "params": {"C": 60.95805476281502, "epsilon": 30.823433070091625, "gamma": 0.03286444256711953, "lamda": 0.007608473036881047}, "datetime": {"datetime": "2021-10-06 14:09:21", "elapsed": 73.212495, "delta": 0.615882}}
{"target": -10.382376846643192, "params": {"C": 62.993491821556304, "epsilon": 21.060797309373903, "gamma": 0.025054539641085366, "lamda": 0.018587683545037093}, "datetime": {"datetime": "2021-10-06 14:09:22", "elapsed": 73.860808, "delta": 0.648313}}
{"target": -10.898210074255362, "params": {"C": 72.7389217614105, "epsilon": 25.25174384872706, "gamma": 0.039491617980777875, "lamda": 0.0007780524884012652}, "datetime": {"datetime": "2021-10-06 14:09:22", "elapsed": 74.518103, "delta": 0.657295}}
{"target": -10.293453785683797, "params": {"C": 74.6683601170995, "epsilon": 21.163875131194285, "gamma": 0.0285514298824801, "lamda": 0.0018141619191919085}, "datetime": {"datetime": "2021-10-06 14:09:23", "elapsed": 75.20456, "delta": 0.686457}}
{"target": -10.331204917533276, "params": {"C": 60.535525378737475, "epsilon": 21.562465764329964, "gamma": 0.01883541902410616, "lamda": 0.015574603969640475}, "datetime": {"datetime": "2021-10-06 14:09:24", "elapsed": 76.059358, "delta": 0.854798}}
{"target": -10.207416815242155, "params": {"C": 56.676955525746536, "epsilon": 25.60390312223801, "gamma": 0.019290314366863515, "lamda": 0.011081156692218054}, "datetime": {"datetime": "2021-10-06 14:09:24", "elapsed": 76.679702, "delta": 0.620344}}
{"target": -10.528770953096622, "params": {"C": 30.283119894830985, "epsilon": 36.80278387073007, "gamma": 0.035640427177270416, "lamda": 0.005130719208732561}, "datetime": {"datetime": "2021-10-06 14:09:25", "elapsed": 77.357698, "delta": 0.677996}}
{"target": -10.939583335609415, "params": {"C": 37.83128507542755, "epsilon": 31.631820138647328, "gamma": 0.011819314902905692, "lamda": 0.019411039036495454}, "datetime": {"datetime": "2021-10-06 14:09:26", "elapsed": 77.980722, "delta": 0.623024}}
{"target": -10.31496249989402, "params": {"C": 30.827970019710342, "epsilon": 24.226597830429203, "gamma": 0.014996087460373436, "lamda": 0.0007935430453950683}, "datetime": {"datetime": "2021-10-06 14:09:27", "elapsed": 78.775212, "delta": 0.79449}}
{"target": -10.414716971501639, "params": {"C": 108.4256190471663, "epsilon": 21.636775071137656, "gamma": 0.017054731285243447, "lamda": 0.013226944276205894}, "datetime": {"datetime": "2021-10-06 14:09:27", "elapsed": 79.579613, "delta": 0.804401}}
{"target": -10.281253182399034, "params": {"C": 46.78308518687261, "epsilon": 20.52293488942946, "gamma": 0.029533620182194652, "lamda": 0.007391891588406317}, "datetime": {"datetime": "2021-10-06 14:09:28", "elapsed": 80.272077, "delta": 0.692464}}
{"target": -10.354020386273026, "params": {"C": 99.33912611086117, "epsilon": 30.50290352956616, "gamma": 0.030693251814005874, "lamda": 0.0106679069588943}, "datetime": {"datetime": "2021-10-06 14:09:29", "elapsed": 81.007608, "delta": 0.735531}}
{"target": -10.288916180142142, "params": {"C": 78.60714693169413, "epsilon": 32.80602708632238, "gamma": 0.02534068636230348, "lamda": 0.00925497217647815}, "datetime": {"datetime": "2021-10-06 14:09:29", "elapsed": 81.664607, "delta": 0.656999}}
{"target": -10.800676993477117, "params": {"C": 83.47352425309263, "epsilon": 26.23477501917991, "gamma": 0.012170877931941203, "lamda": 0.018572961616354595}, "datetime": {"datetime": "2021-10-06 14:09:30", "elapsed": 82.428814, "delta": 0.764207}}
{"target": -10.545722616069552, "params": {"C": 95.86801716582168, "epsilon": 26.265047943601502, "gamma": 0.01626000663341766, "lamda": 0.016974729061803834}, "datetime": {"datetime": "2021-10-06 14:09:31", "elapsed": 83.094811, "delta": 0.665997}}
{"target": -10.384828605278383, "params": {"C": 109.63507153460247, "epsilon": 19.795495093488924, "gamma": 0.02182875230699861, "lamda": 0.010299274251715819}, "datetime": {"datetime": "2021-10-06 14:09:32", "elapsed": 83.860346, "delta": 0.765535}}
{"target": -10.570772787075233, "params": {"C": 66.6206978331815, "epsilon": 35.06923422308633, "gamma": 0.019618563879947294, "lamda": 0.01884210341264837}, "datetime": {"datetime": "2021-10-06 14:09:32", "elapsed": 84.650397, "delta": 0.790051}}
{"target": -10.310768247176082, "params": {"C": 90.04674488939665, "epsilon": 26.512265331653005, "gamma": 0.025860571290946315, "lamda": 0.014656970600649731}, "datetime": {"datetime": "2021-10-06 14:09:33", "elapsed": 85.311579, "delta": 0.661182}}
{"target": -10.230979165255448, "params": {"C": 52.296737606757645, "epsilon": 24.713316215094977, "gamma": 0.022641739784135022, "lamda": 0.001339047297961066}, "datetime": {"datetime": "2021-10-06 14:09:34", "elapsed": 86.243537, "delta": 0.931958}}
{"target": -10.391121013346224, "params": {"C": 47.888358801863696, "epsilon": 31.383080392831733, "gamma": 0.018246131395930457, "lamda": 0.01367498175023368}, "datetime": {"datetime": "2021-10-06 14:09:35", "elapsed": 87.136978, "delta": 0.893441}}
{"target": -10.875505997473308, "params": {"C": 91.318041572655, "epsilon": 28.902137987996113, "gamma": 0.011956045213940303, "lamda": 0.01927816081397915}, "datetime": {"datetime": "2021-10-06 14:09:36", "elapsed": 87.816595, "delta": 0.679617}}
{"target": -10.388851856604441, "params": {"C": 72.11700793688806, "epsilon": 33.14241687326583, "gamma": 0.032847383733571336, "lamda": 0.01605029597274148}, "datetime": {"datetime": "2021-10-06 14:09:36", "elapsed": 88.491509, "delta": 0.674914}}
{"target": -10.41838009072241, "params": {"C": 88.89026075780008, "epsilon": 26.144946928797204, "gamma": 0.03683531855410886, "lamda": 0.014922307504518022}, "datetime": {"datetime": "2021-10-06 14:09:37", "elapsed": 89.179767, "delta": 0.688258}}
{"target": -10.42929235578249, "params": {"C": 63.7633466417084, "epsilon": 22.314488965903116, "gamma": 0.03205511695999309, "lamda": 0.018692115393430117}, "datetime": {"datetime": "2021-10-06 14:09:38", "elapsed": 90.000195, "delta": 0.820428}}
{"target": -10.700202067532002, "params": {"C": 97.06428679508198, "epsilon": 34.23808420951845, "gamma": 0.018004086384195546, "lamda": 0.019508653185039193}, "datetime": {"datetime": "2021-10-06 14:09:38", "elapsed": 90.72703, "delta": 0.726835}}
{"target": -10.316533629152707, "params": {"C": 92.95517699610015, "epsilon": 32.89432663763595, "gamma": 0.02668625391205999, "lamda": 0.003997000345758901}, "datetime": {"datetime": "2021-10-06 14:09:39", "elapsed": 91.716362, "delta": 0.989332}}
{"target": -10.49364266441913, "params": {"C": 30.428624071952086, "epsilon": 37.03158591831853, "gamma": 0.01887396741313773, "lamda": 0.014499161916608478}, "datetime": {"datetime": "2021-10-06 14:09:40", "elapsed": 92.5176, "delta": 0.801238}}
{"target": -10.382386224113683, "params": {"C": 65.5640691619383, "epsilon": 20.41875992946062, "gamma": 0.03180216961843403, "lamda": 0.009381778217229865}, "datetime": {"datetime": "2021-10-06 14:09:41", "elapsed": 93.323476, "delta": 0.805876}}
{"target": -10.50768897781146, "params": {"C": 106.88966335777178, "epsilon": 35.09643164401794, "gamma": 0.02495879549006847, "lamda": 0.019973091282190377}, "datetime": {"datetime": "2021-10-06 14:09:42", "elapsed": 94.029538, "delta": 0.706062}}
{"target": -10.443817179777298, "params": {"C": 81.83945166363438, "epsilon": 32.77012499206454, "gamma": 0.020368026832176655, "lamda": 0.01726535053321444}, "datetime": {"datetime": "2021-10-06 14:09:43", "elapsed": 94.779049, "delta": 0.749511}}
{"target": -10.269902248778022, "params": {"C": 46.01400249554697, "epsilon": 25.920479799524124, "gamma": 0.025063522776764192, "lamda": 0.014725287362907454}, "datetime": {"datetime": "2021-10-06 14:09:43", "elapsed": 95.477535, "delta": 0.698486}}
{"target": -10.43445000041091, "params": {"C": 109.4334892806342, "epsilon": 17.440560306044734, "gamma": 0.0250020063127162, "lamda": 0.01561138896405615}, "datetime": {"datetime": "2021-10-06 14:09:44", "elapsed": 96.322495, "delta": 0.84496}}
{"target": -10.348466589633363, "params": {"C": 58.138002004465214, "epsilon": 26.471795651990533, "gamma": 0.011224452130198176, "lamda": 0.004595085297573121}, "datetime": {"datetime": "2021-10-06 14:09:45", "elapsed": 97.128572, "delta": 0.806077}}
{"target": -10.347557465588048, "params": {"C": 97.54983004807622, "epsilon": 31.852113767773734, "gamma": 0.03059917707337754, "lamda": 0.01280315754122935}, "datetime": {"datetime": "2021-10-06 14:09:46", "elapsed": 97.82824, "delta": 0.699668}}
{"target": -10.289251730836424, "params": {"C": 51.328022068305, "epsilon": 19.459237715218404, "gamma": 0.01154822940415654, "lamda": 0.0041648101460157886}, "datetime": {"datetime": "2021-10-06 14:09:46", "elapsed": 98.708632, "delta": 0.880392}}
{"target": -10.530719562359803, "params": {"C": 46.2466514544312, "epsilon": 17.007681552795898, "gamma": 0.011957939612954684, "lamda": 0.013754913771664512}, "datetime": {"datetime": "2021-10-06 14:09:47", "elapsed": 99.452078, "delta": 0.743446}}
{"target": -10.199416105999981, "params": {"C": 95.94263977759036, "epsilon": 25.15833635499136, "gamma": 0.021629415123422313, "lamda": 0.004510157539739097}, "datetime": {"datetime": "2021-10-06 14:09:48", "elapsed": 100.339112, "delta": 0.887034}}
{"target": -10.337979821022, "params": {"C": 51.26483636789135, "epsilon": 33.662390009618974, "gamma": 0.028917400955853503, "lamda": 0.013830271187870608}, "datetime": {"datetime": "2021-10-06 14:09:49", "elapsed": 101.082982, "delta": 0.74387}}
{"target": -10.260402601606133, "params": {"C": 91.75130668439198, "epsilon": 29.165871924609377, "gamma": 0.022629843246432135, "lamda": 0.011932546035906526}, "datetime": {"datetime": "2021-10-06 14:09:50", "elapsed": 102.090657, "delta": 1.007675}}
{"target": -10.397739048090195, "params": {"C": 75.06450176956, "epsilon": 36.93706925231157, "gamma": 0.01104684303397419, "lamda": 0.0017641620406360433}, "datetime": {"datetime": "2021-10-06 14:09:51", "elapsed": 102.844652, "delta": 0.753995}}
{"target": -10.606468139753337, "params": {"C": 99.83822602350367, "epsilon": 19.091064380827227, "gamma": 0.013706885630139276, "lamda": 0.014067884107783698}, "datetime": {"datetime": "2021-10-06 14:09:51", "elapsed": 103.593306, "delta": 0.748654}}
{"target": -10.716377974225818, "params": {"C": 76.91363343309666, "epsilon": 27.72786922981024, "gamma": 0.013988822309061094, "lamda": 0.018070024627492687}, "datetime": {"datetime": "2021-10-06 14:09:52", "elapsed": 104.359281, "delta": 0.765975}}
{"target": -10.59878789166475, "params": {"C": 60.92245532405481, "epsilon": 32.21030460617408, "gamma": 0.016237292121394863, "lamda": 0.01533863009484632}, "datetime": {"datetime": "2021-10-06 14:09:53", "elapsed": 105.253297, "delta": 0.894016}}
{"target": -10.40007886024323, "params": {"C": 108.41437250359944, "epsilon": 26.681824325887494, "gamma": 0.010618090281318627, "lamda": 0.0031320516180131674}, "datetime": {"datetime": "2021-10-06 14:09:54", "elapsed": 106.164917, "delta": 0.91162}}
{"target": -10.389507362774246, "params": {"C": 70.87263300735042, "epsilon": 32.788170606083845, "gamma": 0.02974168647991178, "lamda": 0.017014483781770392}, "datetime": {"datetime": "2021-10-06 14:09:55", "elapsed": 106.918603, "delta": 0.753686}}
{"target": -10.638213911266185, "params": {"C": 81.72041498219284, "epsilon": 18.271448382171368, "gamma": 0.013655258900445024, "lamda": 0.0174923309544791}, "datetime": {"datetime": "2021-10-06 14:09:55", "elapsed": 107.676732, "delta": 0.758129}}
{"target": -10.523683959583211, "params": {"C": 55.54068326291904, "epsilon": 19.016582554130352, "gamma": 0.038543143144713785, "lamda": 0.018443652956737985}, "datetime": {"datetime": "2021-10-06 14:09:56", "elapsed": 108.412362, "delta": 0.73563}}
{"target": -10.280733576886563, "params": {"C": 36.08322866853827, "epsilon": 30.722084458075177, "gamma": 0.013767320894901923, "lamda": 0.005569788341564443}, "datetime": {"datetime": "2021-10-06 14:09:57", "elapsed": 109.401373, "delta": 0.989011}}
{"target": -10.38602997757711, "params": {"C": 47.62953734684791, "epsilon": 30.14951384956243, "gamma": 0.03543736167048896, "lamda": 0.005404271977060173}, "datetime": {"datetime": "2021-10-06 14:09:58", "elapsed": 110.228622, "delta": 0.827249}}
{"target": -10.327604996482522, "params": {"C": 52.54590827355588, "epsilon": 19.187425633949648, "gamma": 0.028691041997619786, "lamda": 0.0013965788200442375}, "datetime": {"datetime": "2021-10-06 14:09:59", "elapsed": 111.094843, "delta": 0.866221}}
{"target": -10.212789469253432, "params": {"C": 50.772867133469994, "epsilon": 22.302660772211837, "gamma": 0.01383872144479686, "lamda": 0.001163720033914239}, "datetime": {"datetime": "2021-10-06 14:10:00", "elapsed": 112.03794, "delta": 0.943097}}
{"target": -10.332185117963725, "params": {"C": 76.00549601708195, "epsilon": 25.950251993119963, "gamma": 0.028423055974132493, "lamda": 0.010007759494807478}, "datetime": {"datetime": "2021-10-06 14:10:01", "elapsed": 112.968647, "delta": 0.930707}}
{"target": -10.316357143306544, "params": {"C": 91.90737702284564, "epsilon": 19.243992885099267, "gamma": 0.027446538827134638, "lamda": 0.0032302756388246446}, "datetime": {"datetime": "2021-10-06 14:10:01", "elapsed": 113.76869, "delta": 0.800043}}
{"target": -10.516837946304014, "params": {"C": 97.39005692837505, "epsilon": 35.6688968975206, "gamma": 0.03946184095046752, "lamda": 0.007906352956569893}, "datetime": {"datetime": "2021-10-06 14:10:02", "elapsed": 114.55942, "delta": 0.79073}}
{"target": -10.592097878681857, "params": {"C": 103.2315879726316, "epsilon": 22.263347579066654, "gamma": 0.03880949608260065, "lamda": 0.007697968977202219}, "datetime": {"datetime": "2021-10-06 14:10:03", "elapsed": 115.51507, "delta": 0.95565}}
{"target": -10.459093956730491, "params": {"C": 55.6304954262881, "epsilon": 32.295593768143284, "gamma": 0.010198960500488616, "lamda": 0.001746690910122828}, "datetime": {"datetime": "2021-10-06 14:10:04", "elapsed": 116.360659, "delta": 0.845589}}
{"target": -10.406125010605917, "params": {"C": 68.08965259334862, "epsilon": 33.92236725827247, "gamma": 0.033335006773245836, "lamda": 0.011082632298805932}, "datetime": {"datetime": "2021-10-06 14:10:05", "elapsed": 117.155661, "delta": 0.795002}}
{"target": -10.535232725365303, "params": {"C": 62.05162201457608, "epsilon": 19.53348550660292, "gamma": 0.03967405308628982, "lamda": 0.010561580649016052}, "datetime": {"datetime": "2021-10-06 14:10:06", "elapsed": 117.949256, "delta": 0.793595}}
{"target": -10.48953829956858, "params": {"C": 90.03450455513318, "epsilon": 19.292305525835953, "gamma": 0.035934757601492784, "lamda": 0.010745444328164454}, "datetime": {"datetime": "2021-10-06 14:10:07", "elapsed": 118.92433, "delta": 0.975074}}
{"target": -10.280734425429342, "params": {"C": 44.96004832009763, "epsilon": 28.068101299107745, "gamma": 0.025807682610697914, "lamda": 0.014491576658447235}, "datetime": {"datetime": "2021-10-06 14:10:08", "elapsed": 119.950533, "delta": 1.026203}}
{"target": -10.53468255896616, "params": {"C": 64.31477249350908, "epsilon": 19.546361864623215, "gamma": 0.03944124134648381, "lamda": 0.019195315152544898}, "datetime": {"datetime": "2021-10-06 14:10:08", "elapsed": 120.763605, "delta": 0.813072}}
{"target": -10.489561460990814, "params": {"C": 33.922959928322015, "epsilon": 33.030891523359564, "gamma": 0.025009640663424277, "lamda": 0.0016464003754476147}, "datetime": {"datetime": "2021-10-06 14:10:09", "elapsed": 121.623828, "delta": 0.860223}}
{"target": -10.696886424628904, "params": {"C": 61.93167741611245, "epsilon": 39.741702060813076, "gamma": 0.010909928950013033, "lamda": 0.00563645621317239}, "datetime": {"datetime": "2021-10-06 14:10:10", "elapsed": 122.588096, "delta": 0.964268}}
{"target": -10.501707799662942, "params": {"C": 93.27054409281227, "epsilon": 17.231715802849468, "gamma": 0.031474968897297034, "lamda": 0.013656299489622699}, "datetime": {"datetime": "2021-10-06 14:10:11", "elapsed": 123.417096, "delta": 0.829}}
{"target": -10.408258356175812, "params": {"C": 57.07516982635759, "epsilon": 28.963469072212828, "gamma": 0.01843704223484495, "lamda": 0.01475414784873777}, "datetime": {"datetime": "2021-10-06 14:10:12", "elapsed": 124.397385, "delta": 0.980289}}
{"target": -10.386951074725797, "params": {"C": 48.951235505221106, "epsilon": 23.98725538248853, "gamma": 0.03479049575407365, "lamda": 0.01423638094004956}, "datetime": {"datetime": "2021-10-06 14:10:13", "elapsed": 125.200016, "delta": 0.802631}}
{"target": -10.788405796911922, "params": {"C": 58.93032604021721, "epsilon": 19.70595912355288, "gamma": 0.039736703305513495, "lamda": 0.0009106180965437939}, "datetime": {"datetime": "2021-10-06 14:10:14", "elapsed": 126.110911, "delta": 0.910895}}
{"target": -10.525759419334452, "params": {"C": 76.67809500678061, "epsilon": 20.829125110195154, "gamma": 0.01628465777194817, "lamda": 0.017241203441967026}, "datetime": {"datetime": "2021-10-06 14:10:15", "elapsed": 126.959606, "delta": 0.848695}}
{"target": -10.477113163558323, "params": {"C": 52.487409678720134, "epsilon": 37.010983826588195, "gamma": 0.039893116380845424, "lamda": 0.012052505270992588}, "datetime": {"datetime": "2021-10-06 14:10:15", "elapsed": 127.742181, "delta": 0.782575}}
{"target": -10.121526231164722, "params": {"C": 77.82320217082884, "epsilon": 37.78853975097523, "gamma": 0.016850294611275185, "lamda": 0.0024909941697635048}, "datetime": {"datetime": "2021-10-06 14:10:16", "elapsed": 128.604865, "delta": 0.862684}}
{"target": -10.22349534645331, "params": {"C": 44.95579581459435, "epsilon": 26.336138663802828, "gamma": 0.016635905880876274, "lamda": 0.009136763022146228}, "datetime": {"datetime": "2021-10-06 14:10:17", "elapsed": 129.531382, "delta": 0.926517}}
{"target": -10.385888457596522, "params": {"C": 60.83844217594957, "epsilon": 27.434048125530907, "gamma": 0.03349032877161438, "lamda": 0.004722775634551158}, "datetime": {"datetime": "2021-10-06 14:10:18", "elapsed": 130.388611, "delta": 0.857229}}
{"target": -10.30894908323841, "params": {"C": 39.677911112770694, "epsilon": 19.581076357989534, "gamma": 0.025945298524900587, "lamda": 0.0011388542806779773}, "datetime": {"datetime": "2021-10-06 14:10:19", "elapsed": 131.470127, "delta": 1.081516}}
{"target": -10.269013872306864, "params": {"C": 34.48348132094036, "epsilon": 28.411564926649255, "gamma": 0.030424079122021247, "lamda": 0.011674034490570152}, "datetime": {"datetime": "2021-10-06 14:10:20", "elapsed": 132.468726, "delta": 0.998599}}
{"target": -10.786118253399897, "params": {"C": 68.9066439288392, "epsilon": 27.99589920551631, "gamma": 0.012567524789902128, "lamda": 0.017534005570611154}, "datetime": {"datetime": "2021-10-06 14:10:21", "elapsed": 133.437733, "delta": 0.969007}}
{"target": -10.330819580082387, "params": {"C": 82.2271778564516, "epsilon": 37.67982420141914, "gamma": 0.027334846580936163, "lamda": 0.009018829658008945}, "datetime": {"datetime": "2021-10-06 14:10:22", "elapsed": 134.406648, "delta": 0.968915}}
{"target": -11.150193496053959, "params": {"C": 38.460413873480015, "epsilon": 35.59369956033537, "gamma": 0.03183418249840257, "lamda": 0.00035404696582783395}, "datetime": {"datetime": "2021-10-06 14:10:23", "elapsed": 135.436631, "delta": 1.029983}}
{"target": -10.504131826730463, "params": {"C": 48.0785024409355, "epsilon": 19.116402631696765, "gamma": 0.038592455341843364, "lamda": 0.0047211253882325915}, "datetime": {"datetime": "2021-10-06 14:10:24", "elapsed": 136.600203, "delta": 1.163572}}
{"target": -10.345139680871696, "params": {"C": 53.739810415726765, "epsilon": 29.010400023507202, "gamma": 0.03261390177984601, "lamda": 0.008660687856261354}, "datetime": {"datetime": "2021-10-06 14:10:25", "elapsed": 137.733324, "delta": 1.133121}}
{"target": -10.191178146039636, "params": {"C": 102.69146947073821, "epsilon": 34.96254419297485, "gamma": 0.019344401260808282, "lamda": 0.0041135526442042615}, "datetime": {"datetime": "2021-10-06 14:10:26", "elapsed": 138.624804, "delta": 0.89148}}
{"target": -10.463078181666928, "params": {"C": 104.58576718774624, "epsilon": 23.52944218664181, "gamma": 0.03562853625774811, "lamda": 0.017542009882765754}, "datetime": {"datetime": "2021-10-06 14:10:27", "elapsed": 139.48272, "delta": 0.857916}}
{"target": -10.442376683805639, "params": {"C": 78.4462399556611, "epsilon": 30.790125098706994, "gamma": 0.03346772717234871, "lamda": 0.01972940742133819}, "datetime": {"datetime": "2021-10-06 14:10:28", "elapsed": 140.372526, "delta": 0.889806}}
{"target": -10.29005318116505, "params": {"C": 35.0803807248911, "epsilon": 17.323863132594177, "gamma": 0.032533783985494266, "lamda": 0.010584705721238838}, "datetime": {"datetime": "2021-10-06 14:10:29", "elapsed": 141.370596, "delta": 0.99807}}
