{"target": -10.733315402252511, "params": {"C": 45.55612970233527, "epsilon": 21.059401903130343, "gamma": 0.03018946726840604, "lamda": 0.04714171731759704}, "datetime": {"datetime": "2021-10-05 12:42:39", "elapsed": 332.425334, "delta": 1.556859}}
{"target": -10.84320470038506, "params": {"C": 80.62315397251231, "epsilon": 12.833535047062966, "gamma": 0.04210258437482857, "lamda": 0.04011941983224066}, "datetime": {"datetime": "2021-10-05 12:42:40", "elapsed": 333.908264, "delta": 1.48293}}
{"target": -10.560056802048464, "params": {"C": 79.60280172295577, "epsilon": 14.780039778960418, "gamma": 0.037447927996923654, "lamda": 0.008688799843811268}, "datetime": {"datetime": "2021-10-05 12:42:42", "elapsed": 335.423686, "delta": 1.515422}}
{"target": -10.729976938548509, "params": {"C": 87.98921743346953, "epsilon": 17.79552285668146, "gamma": 0.02310923403901813, "lamda": 0.043086148077670305}, "datetime": {"datetime": "2021-10-05 12:42:43", "elapsed": 336.936397, "delta": 1.512711}}
{"target": -10.205286956851046, "params": {"C": 61.64160028017645, "epsilon": 27.117883494110103, "gamma": 0.024333795748758175, "lamda": 0.005704773862939912}, "datetime": {"datetime": "2021-10-05 12:42:45", "elapsed": 338.457028, "delta": 1.520631}}
{"target": -10.55248861827752, "params": {"C": 37.44102960951838, "epsilon": 26.368994619191987, "gamma": 0.03163748714653447, "lamda": 0.0308314635558913}, "datetime": {"datetime": "2021-10-05 12:42:46", "elapsed": 340.15576, "delta": 1.698732}}
{"target": -10.144686622336945, "params": {"C": 50.8778230527089, "epsilon": 22.38580872275293, "gamma": 0.021842385492990047, "lamda": 0.007008620141889648}, "datetime": {"datetime": "2021-10-05 12:42:48", "elapsed": 341.656997, "delta": 1.501237}}
{"target": -10.948801446099656, "params": {"C": 90.49281819639509, "epsilon": 23.315072489910328, "gamma": 0.01803168447233419, "lamda": 0.046012173115982886}, "datetime": {"datetime": "2021-10-05 12:42:50", "elapsed": 343.245638, "delta": 1.588641}}
{"target": -10.82392345468831, "params": {"C": 50.86534725423157, "epsilon": 22.341828513499202, "gamma": 0.04312981364154894, "lamda": 0.047467458351101194}, "datetime": {"datetime": "2021-10-05 12:42:52", "elapsed": 345.688522, "delta": 2.442884}}
{"target": -10.224652782836108, "params": {"C": 31.16952606327612, "epsilon": 17.85122304552177, "gamma": 0.015047272499050388, "lamda": 0.011066100355154948}, "datetime": {"datetime": "2021-10-05 12:42:54", "elapsed": 347.997684, "delta": 2.309162}}
{"target": -10.62875457145248, "params": {"C": 49.42216223002615, "epsilon": 21.426868431612853, "gamma": 0.042527441037522255, "lamda": 0.004802128095733837}, "datetime": {"datetime": "2021-10-05 12:42:56", "elapsed": 349.531703, "delta": 1.534019}}
{"target": -10.47617809239915, "params": {"C": 19.950507951042756, "epsilon": 19.21412688445579, "gamma": 0.04288170635961801, "lamda": 0.016995817297040843}, "datetime": {"datetime": "2021-10-05 12:42:58", "elapsed": 351.422439, "delta": 1.890736}}
{"target": -10.293311535876622, "params": {"C": 50.495706003856164, "epsilon": 21.42451467821111, "gamma": 0.025139413147235595, "lamda": 0.014707076261091738}, "datetime": {"datetime": "2021-10-05 12:42:59", "elapsed": 352.958653, "delta": 1.536214}}
{"target": -10.91910527452105, "params": {"C": 61.79605749862954, "epsilon": 28.073467253015036, "gamma": 0.020068296779130475, "lamda": 0.04455822299393329}, "datetime": {"datetime": "2021-10-05 12:43:02", "elapsed": 355.364013, "delta": 2.40536}}
{"target": -10.350981091119168, "params": {"C": 50.486032927011834, "epsilon": 21.45614616125323, "gamma": 0.032274664930592556, "lamda": 0.00882886890233085}, "datetime": {"datetime": "2021-10-05 12:43:04", "elapsed": 357.316095, "delta": 1.952082}}
{"target": -10.703514583998714, "params": {"C": 29.78725934573317, "epsilon": 25.819652094615172, "gamma": 0.028034081474246984, "lamda": 0.040884736509842444}, "datetime": {"datetime": "2021-10-05 12:43:05", "elapsed": 358.996301, "delta": 1.680206}}
{"target": -10.460522002539093, "params": {"C": 90.45183011350215, "epsilon": 17.674906268790707, "gamma": 0.02596143188696496, "lamda": 0.015231250343749878}, "datetime": {"datetime": "2021-10-05 12:43:07", "elapsed": 360.608809, "delta": 1.612508}}
{"target": -10.709514366024946, "params": {"C": 13.865908140087566, "epsilon": 24.968202909898196, "gamma": 0.02316717274218908, "lamda": 0.04194835539649093}, "datetime": {"datetime": "2021-10-05 12:43:09", "elapsed": 362.202958, "delta": 1.594149}}
{"target": -10.482877680542654, "params": {"C": 33.03596841197319, "epsilon": 25.379504374710432, "gamma": 0.011316360970291432, "lamda": 0.00970550745829734}, "datetime": {"datetime": "2021-10-05 12:43:10", "elapsed": 363.778919, "delta": 1.575961}}
{"target": -10.425847483293934, "params": {"C": 83.30800784363026, "epsilon": 17.058726609410602, "gamma": 0.03257561013069204, "lamda": 0.007207939503516295}, "datetime": {"datetime": "2021-10-05 12:43:12", "elapsed": 365.694421, "delta": 1.915502}}
{"target": -10.389051625112074, "params": {"C": 27.14624164164642, "epsilon": 11.063319001801924, "gamma": 0.020930193630788053, "lamda": 0.01896824910075754}, "datetime": {"datetime": "2021-10-05 12:43:14", "elapsed": 367.396737, "delta": 1.702316}}
{"target": -10.31117047371914, "params": {"C": 61.688072315344634, "epsilon": 27.113820776661072, "gamma": 0.029550689476665996, "lamda": 0.008572420313056378}, "datetime": {"datetime": "2021-10-05 12:43:16", "elapsed": 369.322089, "delta": 1.925352}}
{"target": -10.31050559851175, "params": {"C": 31.47286334998883, "epsilon": 16.716524614520083, "gamma": 0.020199088293793056, "lamda": 0.020943647674292545}, "datetime": {"datetime": "2021-10-05 12:43:18", "elapsed": 371.422333, "delta": 2.100244}}
{"target": -10.389944536509544, "params": {"C": 28.311402027831598, "epsilon": 10.557887783826743, "gamma": 0.035734249669543104, "lamda": 0.006923949435548116}, "datetime": {"datetime": "2021-10-05 12:43:20", "elapsed": 373.615949, "delta": 2.193616}}
{"target": -10.33550152816121, "params": {"C": 31.12691716438138, "epsilon": 17.796455473429994, "gamma": 0.02803860198096702, "lamda": 0.015606396176201805}, "datetime": {"datetime": "2021-10-05 12:43:22", "elapsed": 376.200697, "delta": 2.584748}}
{"target": -10.885281837418223, "params": {"C": 13.338261646827219, "epsilon": 16.754348646062613, "gamma": 0.011212307343101604, "lamda": 0.030495693303250998}, "datetime": {"datetime": "2021-10-05 12:43:24", "elapsed": 377.857034, "delta": 1.656337}}
{"target": -10.369463032451206, "params": {"C": 45.95814173331517, "epsilon": 28.510265958885807, "gamma": 0.034333646617047825, "lamda": 0.005267927533998068}, "datetime": {"datetime": "2021-10-05 12:43:26", "elapsed": 379.52803, "delta": 1.670996}}
{"target": -10.607310055299706, "params": {"C": 23.24489824788782, "epsilon": 20.0787596021615, "gamma": 0.009810620408076383, "lamda": 0.012635237248110186}, "datetime": {"datetime": "2021-10-05 12:43:28", "elapsed": 381.756849, "delta": 2.228819}}
{"target": -10.337822242767446, "params": {"C": 34.434221121344656, "epsilon": 26.481314135797717, "gamma": 0.02190700780185733, "lamda": 0.018865593882888106}, "datetime": {"datetime": "2021-10-05 12:43:30", "elapsed": 383.39168, "delta": 1.634831}}
{"target": -10.55134147423166, "params": {"C": 69.53442170118514, "epsilon": 11.124064055481407, "gamma": 0.024241303351818747, "lamda": 0.025873218159561853}, "datetime": {"datetime": "2021-10-05 12:43:31", "elapsed": 385.120555, "delta": 1.728875}}
{"target": -10.403363208682277, "params": {"C": 46.76982587661776, "epsilon": 16.048601802755478, "gamma": 0.015215991319446065, "lamda": 0.01666397039702905}, "datetime": {"datetime": "2021-10-05 12:43:33", "elapsed": 386.690572, "delta": 1.570017}}
{"target": -10.551331549349975, "params": {"C": 20.014864955074124, "epsilon": 19.19410228231436, "gamma": 0.0252660086324037, "lamda": 0.037249412497541365}, "datetime": {"datetime": "2021-10-05 12:43:35", "elapsed": 388.756823, "delta": 2.066251}}
{"target": -10.44162418179273, "params": {"C": 37.40970992123789, "epsilon": 23.181110180994665, "gamma": 0.04055794282258424, "lamda": 0.007283385944428914}, "datetime": {"datetime": "2021-10-05 12:43:38", "elapsed": 391.341361, "delta": 2.584538}}
{"target": -10.358945452928348, "params": {"C": 37.39453299367393, "epsilon": 23.243861676152054, "gamma": 0.03247807573479072, "lamda": 0.0181759158617094}, "datetime": {"datetime": "2021-10-05 12:43:40", "elapsed": 393.319648, "delta": 1.978287}}
{"target": -10.214626998849626, "params": {"C": 31.162752646164208, "epsilon": 17.860419693678082, "gamma": 0.026648833142697222, "lamda": 0.0047244444619416945}, "datetime": {"datetime": "2021-10-05 12:43:42", "elapsed": 395.686092, "delta": 2.366444}}
{"target": -10.683134323366387, "params": {"C": 87.57720340734487, "epsilon": 18.00864703876918, "gamma": 0.015368898147005754, "lamda": 0.028206089626173773}, "datetime": {"datetime": "2021-10-05 12:43:44", "elapsed": 397.312884, "delta": 1.626792}}
{"target": -10.514844689802905, "params": {"C": 37.439754265461445, "epsilon": 23.2459827675018, "gamma": 0.008340662016153367, "lamda": 0.0012206024929012366}, "datetime": {"datetime": "2021-10-05 12:43:46", "elapsed": 399.630297, "delta": 2.317413}}
{"target": -10.373672470924571, "params": {"C": 17.13959274896792, "epsilon": 13.064967967222541, "gamma": 0.03494738702269444, "lamda": 0.015471003735602751}, "datetime": {"datetime": "2021-10-05 12:43:48", "elapsed": 402.042281, "delta": 2.411984}}
{"target": -10.635114900494727, "params": {"C": 61.70942163982918, "epsilon": 27.16034667462405, "gamma": 0.04377572460125773, "lamda": 0.03284171180243227}, "datetime": {"datetime": "2021-10-05 12:43:51", "elapsed": 404.237693, "delta": 2.195412}}
{"target": -10.782992505890714, "params": {"C": 50.82137248540499, "epsilon": 22.3951710559966, "gamma": 0.01245274487912857, "lamda": 0.021441301239561884}, "datetime": {"datetime": "2021-10-05 12:43:53", "elapsed": 406.854235, "delta": 2.616542}}
{"target": -10.350396468482662, "params": {"C": 23.592369813101175, "epsilon": 22.781283178491638, "gamma": 0.029447253623384833, "lamda": 0.02313143681209911}, "datetime": {"datetime": "2021-10-05 12:43:55", "elapsed": 408.558693, "delta": 1.704458}}
{"target": -11.285378950749248, "params": {"C": 38.29371344671498, "epsilon": 28.57938938681405, "gamma": 0.008224697193667583, "lamda": 0.020579961638297853}, "datetime": {"datetime": "2021-10-05 12:43:57", "elapsed": 410.867893, "delta": 2.3092}}
{"target": -10.297295945902759, "params": {"C": 27.17478806181568, "epsilon": 11.080386382177705, "gamma": 0.031198622361493348, "lamda": 0.01052895447557972}, "datetime": {"datetime": "2021-10-05 12:43:59", "elapsed": 412.661397, "delta": 1.793504}}
{"target": -10.603810758074577, "params": {"C": 56.56564889344639, "epsilon": 20.99239506481571, "gamma": 0.02779909913654338, "lamda": 0.037458060768990296}, "datetime": {"datetime": "2021-10-05 12:44:01", "elapsed": 414.350715, "delta": 1.689318}}
{"target": -11.161096115998479, "params": {"C": 71.99924512033995, "epsilon": 19.83484820686718, "gamma": 0.04696295533882595, "lamda": 0.0007922903078410542}, "datetime": {"datetime": "2021-10-05 12:44:03", "elapsed": 416.563951, "delta": 2.213236}}
{"target": -10.896246668544684, "params": {"C": 93.74276896468375, "epsilon": 10.054425199063722, "gamma": 0.04579377487125536, "lamda": 0.018318072646222247}, "datetime": {"datetime": "2021-10-05 12:44:05", "elapsed": 418.272575, "delta": 1.708624}}
{"target": -10.505586438066105, "params": {"C": 47.56040633716836, "epsilon": 25.814741056062296, "gamma": 0.04083654018774596, "lamda": 0.018118075477376216}, "datetime": {"datetime": "2021-10-05 12:44:06", "elapsed": 419.980202, "delta": 1.707627}}
{"target": -10.648990210057448, "params": {"C": 23.24894692614162, "epsilon": 20.15210887603471, "gamma": 0.015788173571301474, "lamda": 0.030754652111801357}, "datetime": {"datetime": "2021-10-05 12:44:09", "elapsed": 422.261534, "delta": 2.281332}}
{"target": -11.41425221505311, "params": {"C": 31.160628482706166, "epsilon": 17.782807997998454, "gamma": 0.008146409264103495, "lamda": 0.03256286114327811}, "datetime": {"datetime": "2021-10-05 12:44:11", "elapsed": 424.761934, "delta": 2.5004}}
{"target": -10.70339746861674, "params": {"C": 61.621679080209525, "epsilon": 27.123901459924685, "gamma": 0.02788848683077269, "lamda": 0.03810476383365074}, "datetime": {"datetime": "2021-10-05 12:44:13", "elapsed": 426.912059, "delta": 2.150125}}
{"target": -10.294636006260156, "params": {"C": 48.96818009749647, "epsilon": 24.497861646432852, "gamma": 0.010232144948880167, "lamda": 0.0014762697426040107}, "datetime": {"datetime": "2021-10-05 12:44:16", "elapsed": 429.931877, "delta": 3.019818}}
{"target": -10.193797504113919, "params": {"C": 38.18810597344869, "epsilon": 28.59563456975098, "gamma": 0.019232931222965707, "lamda": 0.01109331163361791}, "datetime": {"datetime": "2021-10-05 12:44:19", "elapsed": 432.464708, "delta": 2.532831}}
{"target": -10.43012606033288, "params": {"C": 9.386387732977273, "epsilon": 14.875273355151307, "gamma": 0.03657544094229391, "lamda": 0.0033987764835045012}, "datetime": {"datetime": "2021-10-05 12:44:21", "elapsed": 434.710397, "delta": 2.245689}}
{"target": -10.558467653096155, "params": {"C": 71.05340786649155, "epsilon": 10.620684350182529, "gamma": 0.019219875787490497, "lamda": 0.029175597201913712}, "datetime": {"datetime": "2021-10-05 12:44:23", "elapsed": 436.531748, "delta": 1.821351}}
{"target": -10.347821933396695, "params": {"C": 44.37262380536086, "epsilon": 21.11689839434249, "gamma": 0.026540310695743047, "lamda": 0.018761974975126806}, "datetime": {"datetime": "2021-10-05 12:44:25", "elapsed": 438.305941, "delta": 1.774193}}
{"target": -10.298920280003241, "params": {"C": 71.88562084649104, "epsilon": 25.174818384441487, "gamma": 0.024637140541789213, "lamda": 0.015404527436208043}, "datetime": {"datetime": "2021-10-05 12:44:26", "elapsed": 440.14334, "delta": 1.837399}}
{"target": -10.215468009295451, "params": {"C": 12.689390632139105, "epsilon": 22.901537901074672, "gamma": 0.030369970465356035, "lamda": 0.01247736187961603}, "datetime": {"datetime": "2021-10-05 12:44:29", "elapsed": 442.834609, "delta": 2.691269}}
{"target": -10.178247396258659, "params": {"C": 38.20998159124186, "epsilon": 28.647088118611098, "gamma": 0.020407754979172105, "lamda": 0.010557416219915534}, "datetime": {"datetime": "2021-10-05 12:44:31", "elapsed": 444.95071, "delta": 2.116101}}
{"target": -10.721329400900288, "params": {"C": 47.278932324962234, "epsilon": 18.51130550916128, "gamma": 0.049701317382763364, "lamda": 0.013059564936423124}, "datetime": {"datetime": "2021-10-05 12:44:33", "elapsed": 446.696694, "delta": 1.745984}}
{"target": -10.907149816393998, "params": {"C": 69.53275065386717, "epsilon": 26.561122761118476, "gamma": 0.02441056298647707, "lamda": 0.04988451267381755}, "datetime": {"datetime": "2021-10-05 12:44:35", "elapsed": 449.032184, "delta": 2.33549}}
{"target": -11.051568506545543, "params": {"C": 44.1356721002969, "epsilon": 19.838144976421408, "gamma": 0.008561076178887874, "lamda": 0.019947769023227677}, "datetime": {"datetime": "2021-10-05 12:44:38", "elapsed": 451.485649, "delta": 2.453465}}
{"target": -10.659347599692733, "params": {"C": 31.227912524569206, "epsilon": 17.844862028536497, "gamma": 0.020004745289024954, "lamda": 0.03865957795894821}, "datetime": {"datetime": "2021-10-05 12:44:40", "elapsed": 453.712996, "delta": 2.227347}}
{"target": -11.002259073423632, "params": {"C": 26.32901109102689, "epsilon": 23.27008911855149, "gamma": 0.01055848904883109, "lamda": 0.025904205655398554}, "datetime": {"datetime": "2021-10-05 12:44:42", "elapsed": 455.459013, "delta": 1.746017}}
{"target": -10.293977109460592, "params": {"C": 31.482487117850894, "epsilon": 12.386931440488883, "gamma": 0.02698317359594513, "lamda": 0.011219487400485199}, "datetime": {"datetime": "2021-10-05 12:44:44", "elapsed": 457.293978, "delta": 1.834965}}
{"target": -10.538916775502546, "params": {"C": 24.187017813485163, "epsilon": 26.012912979596, "gamma": 0.01851328622652742, "lamda": 0.026260469220203076}, "datetime": {"datetime": "2021-10-05 12:44:46", "elapsed": 459.533488, "delta": 2.23951}}
{"target": -10.483498092062282, "params": {"C": 24.712125721678145, "epsilon": 18.82766888191334, "gamma": 0.024171436041834065, "lamda": 0.030427644646577823}, "datetime": {"datetime": "2021-10-05 12:44:47", "elapsed": 461.142491, "delta": 1.609003}}
{"target": -10.456492059131829, "params": {"C": 51.15477017952818, "epsilon": 21.31736151914128, "gamma": 0.029316570757655428, "lamda": 0.024408331287017755}, "datetime": {"datetime": "2021-10-05 12:44:49", "elapsed": 462.972853, "delta": 1.830362}}
{"target": -10.454856396547289, "params": {"C": 50.22315387900446, "epsilon": 24.028442677431283, "gamma": 0.03877896309369349, "lamda": 0.014867644324379233}, "datetime": {"datetime": "2021-10-05 12:44:51", "elapsed": 464.984972, "delta": 2.012119}}
{"target": -10.860379741835901, "params": {"C": 48.14611206435665, "epsilon": 20.677113866406387, "gamma": 0.041774733074780905, "lamda": 0.04873927639318528}, "datetime": {"datetime": "2021-10-05 12:44:53", "elapsed": 466.888932, "delta": 1.90396}}
{"target": -10.206756598503071, "params": {"C": 57.05800631951092, "epsilon": 19.458293540534857, "gamma": 0.02065394578433105, "lamda": 0.009131198234074928}, "datetime": {"datetime": "2021-10-05 12:44:56", "elapsed": 469.274959, "delta": 2.386027}}
{"target": -10.552448966535577, "params": {"C": 37.393528170898946, "epsilon": 23.228850510228696, "gamma": 0.02968949357475941, "lamda": 0.03113776813257143}, "datetime": {"datetime": "2021-10-05 12:44:58", "elapsed": 472.029583, "delta": 2.754624}}
{"target": -10.805367331646329, "params": {"C": 78.20263249122384, "epsilon": 12.66270188891313, "gamma": 0.02993498660422564, "lamda": 0.0004645169172803592}, "datetime": {"datetime": "2021-10-05 12:45:01", "elapsed": 474.362441, "delta": 2.332858}}
{"target": -11.589517273706932, "params": {"C": 54.983034764445094, "epsilon": 14.862455408161823, "gamma": 0.009472767725049867, "lamda": 0.04653490729619856}, "datetime": {"datetime": "2021-10-05 12:45:03", "elapsed": 476.348361, "delta": 1.98592}}
{"target": -10.258911577064183, "params": {"C": 10.262724503158111, "epsilon": 19.92494030951451, "gamma": 0.03937593667940668, "lamda": 0.01439294270818673}, "datetime": {"datetime": "2021-10-05 12:45:05", "elapsed": 478.613463, "delta": 2.265102}}
{"target": -10.599557976101536, "params": {"C": 84.3470332985283, "epsilon": 24.444929179782722, "gamma": 0.0433075533602755, "lamda": 0.026885666837956644}, "datetime": {"datetime": "2021-10-05 12:45:07", "elapsed": 480.359832, "delta": 1.746369}}
{"target": -10.147658262474158, "params": {"C": 37.44050635561699, "epsilon": 26.30604952215241, "gamma": 0.01712365792993864, "lamda": 0.00809883311295533}, "datetime": {"datetime": "2021-10-05 12:45:09", "elapsed": 482.785702, "delta": 2.42587}}
{"target": -10.603225593912926, "params": {"C": 92.80355275443114, "epsilon": 22.11236027130888, "gamma": 0.030248439196084734, "lamda": 0.037383046704488394}, "datetime": {"datetime": "2021-10-05 12:45:11", "elapsed": 484.652207, "delta": 1.866505}}
{"target": -10.702661892744251, "params": {"C": 96.34060933651618, "epsilon": 23.639522757840695, "gamma": 0.04233995570554178, "lamda": 0.04150046703688606}, "datetime": {"datetime": "2021-10-05 12:45:13", "elapsed": 486.492965, "delta": 1.840758}}
{"target": -10.384286495323158, "params": {"C": 5.592501232030344, "epsilon": 17.500400425398457, "gamma": 0.03849151065020066, "lamda": 0.00026021764749799763}, "datetime": {"datetime": "2021-10-05 12:45:15", "elapsed": 488.692644, "delta": 2.199679}}
{"target": -10.565064962382415, "params": {"C": 15.47978209569357, "epsilon": 22.97963044896879, "gamma": 0.04833577021013488, "lamda": 0.004869280845304958}, "datetime": {"datetime": "2021-10-05 12:45:17", "elapsed": 490.574826, "delta": 1.882182}}
{"target": -10.797970306861608, "params": {"C": 31.491451466546362, "epsilon": 16.71922038505144, "gamma": 0.04727763240397085, "lamda": 0.03511963251433025}, "datetime": {"datetime": "2021-10-05 12:45:19", "elapsed": 492.783896, "delta": 2.20907}}
{"target": -11.079328129838629, "params": {"C": 24.218964037904232, "epsilon": 26.05757684679832, "gamma": 0.014673972608192332, "lamda": 0.03957035866398968}, "datetime": {"datetime": "2021-10-05 12:45:22", "elapsed": 495.224746, "delta": 2.44085}}
{"target": -10.857324821431185, "params": {"C": 97.5287995425702, "epsilon": 27.322697445832496, "gamma": 0.04828755172984556, "lamda": 0.0034679219406689066}, "datetime": {"datetime": "2021-10-05 12:45:24", "elapsed": 497.207775, "delta": 1.983029}}
{"target": -10.33351221607955, "params": {"C": 59.64553391275389, "epsilon": 17.76525571197878, "gamma": 0.02356813693654359, "lamda": 0.01600048578769468}, "datetime": {"datetime": "2021-10-05 12:45:26", "elapsed": 499.264547, "delta": 2.056772}}
{"target": -10.621306044816547, "params": {"C": 38.21579775814938, "epsilon": 28.667986448897487, "gamma": 0.04324018917603121, "lamda": 0.029983794981623273}, "datetime": {"datetime": "2021-10-05 12:45:28", "elapsed": 501.835004, "delta": 2.570457}}
{"target": -11.194834283472058, "params": {"C": 32.34681970361433, "epsilon": 13.241666347905296, "gamma": 0.009904410929989614, "lamda": 0.03352355926387288}, "datetime": {"datetime": "2021-10-05 12:45:30", "elapsed": 503.833075, "delta": 1.998071}}
{"target": -10.340487540900579, "params": {"C": 9.378468945304807, "epsilon": 14.851854081853231, "gamma": 0.0296042320903778, "lamda": 0.024003512001114734}, "datetime": {"datetime": "2021-10-05 12:45:33", "elapsed": 506.256528, "delta": 2.423453}}
