{"target": -10.335237062203452, "params": {"C": 41.82356234463719, "epsilon": 19.18418296930045, "gamma": 0.030511485921662584, "lamda": 0.012084871412951463}, "datetime": {"datetime": "2021-10-06 14:08:30", "elapsed": 22.019132, "delta": 0.460111}}
{"target": -10.204103817032166, "params": {"C": 109.22534317587494, "epsilon": 31.812914479865086, "gamma": 0.012634305576694845, "lamda": 0.0015982523318363257}, "datetime": {"datetime": "2021-10-06 14:08:30", "elapsed": 22.450174, "delta": 0.431042}}
{"target": -10.408689610647457, "params": {"C": 62.16297396282302, "epsilon": 31.168952810040885, "gamma": 0.029068388019629826, "lamda": 0.01934528197921055}, "datetime": {"datetime": "2021-10-06 14:08:31", "elapsed": 22.929541, "delta": 0.479367}}
{"target": -10.24415034552656, "params": {"C": 58.18021266159075, "epsilon": 38.781773628555605, "gamma": 0.02502908823761152, "lamda": 0.004384011935750213}, "datetime": {"datetime": "2021-10-06 14:08:31", "elapsed": 23.393431, "delta": 0.46389}}
{"target": -10.198649136119204, "params": {"C": 60.4130277272225, "epsilon": 36.513104143666766, "gamma": 0.022328139155150688, "lamda": 0.007582191871164269}, "datetime": {"datetime": "2021-10-06 14:08:32", "elapsed": 23.819251, "delta": 0.42582}}
{"target": -10.145877061580928, "params": {"C": 44.37184185938512, "epsilon": 17.11000541325645, "gamma": 0.01961355030581539, "lamda": 0.0018864618209875326}, "datetime": {"datetime": "2021-10-06 14:08:32", "elapsed": 24.282552, "delta": 0.463301}}
{"target": -10.309974527258678, "params": {"C": 62.07330190593954, "epsilon": 31.108259423529283, "gamma": 0.026990339160720675, "lamda": 0.011173816915558948}, "datetime": {"datetime": "2021-10-06 14:08:32", "elapsed": 24.747187, "delta": 0.464635}}
{"target": -10.911277294935044, "params": {"C": 57.960378593569466, "epsilon": 38.64610618615369, "gamma": 0.011433323668287493, "lamda": 0.010168245481682658}, "datetime": {"datetime": "2021-10-06 14:08:33", "elapsed": 25.202186, "delta": 0.454999}}
{"target": -10.432480770222861, "params": {"C": 52.92522768982796, "epsilon": 19.38894355453393, "gamma": 0.03560699220503822, "lamda": 0.002994820429200244}, "datetime": {"datetime": "2021-10-06 14:08:33", "elapsed": 25.631788, "delta": 0.429602}}
{"target": -10.102079804988092, "params": {"C": 87.58424606937164, "epsilon": 23.601860817904704, "gamma": 0.01737986123019958, "lamda": 0.0036791525670838736}, "datetime": {"datetime": "2021-10-06 14:08:34", "elapsed": 26.074477, "delta": 0.442689}}
{"target": -10.364066245186248, "params": {"C": 35.523478295314, "epsilon": 22.113501112576238, "gamma": 0.037792765380216135, "lamda": 0.0065510736199221615}, "datetime": {"datetime": "2021-10-06 14:08:34", "elapsed": 26.516715, "delta": 0.442238}}
{"target": -10.41763102737028, "params": {"C": 74.84977931942248, "epsilon": 35.76486225308014, "gamma": 0.031216652830743923, "lamda": 0.003363855375607184}, "datetime": {"datetime": "2021-10-06 14:08:35", "elapsed": 26.971688, "delta": 0.454973}}
{"target": -10.494636357058539, "params": {"C": 68.13161039523695, "epsilon": 35.75537222252913, "gamma": 0.028896443741986452, "lamda": 0.01824617017182509}, "datetime": {"datetime": "2021-10-06 14:08:35", "elapsed": 27.416688, "delta": 0.445}}
{"target": -10.328434679408097, "params": {"C": 61.786453006520325, "epsilon": 29.398668213359173, "gamma": 0.029082827494475577, "lamda": 0.011421984713527376}, "datetime": {"datetime": "2021-10-06 14:08:36", "elapsed": 27.888884, "delta": 0.472196}}
{"target": -10.230273746948466, "params": {"C": 42.7215169981201, "epsilon": 28.004038365849446, "gamma": 0.025200742234460616, "lamda": 0.0025985402572232014}, "datetime": {"datetime": "2021-10-06 14:08:36", "elapsed": 28.365459, "delta": 0.476575}}
{"target": -10.342290766026615, "params": {"C": 87.63546061789623, "epsilon": 23.609371958595418, "gamma": 0.013845451760803396, "lamda": 0.0055658047878831335}, "datetime": {"datetime": "2021-10-06 14:08:37", "elapsed": 28.862451, "delta": 0.496992}}
{"target": -10.146638364647412, "params": {"C": 69.03014029934778, "epsilon": 18.45403288829589, "gamma": 0.015505524097183136, "lamda": 0.00412476075791136}, "datetime": {"datetime": "2021-10-06 14:08:37", "elapsed": 29.338616, "delta": 0.476165}}
{"target": -10.385784480864304, "params": {"C": 44.39975246448003, "epsilon": 17.060083940945464, "gamma": 0.020775377471345544, "lamda": 0.0006473820182294241}, "datetime": {"datetime": "2021-10-06 14:08:38", "elapsed": 29.915162, "delta": 0.576546}}
{"target": -10.30658711015266, "params": {"C": 58.23355409277727, "epsilon": 38.78864327658284, "gamma": 0.023218365457048452, "lamda": 0.010485875191730599}, "datetime": {"datetime": "2021-10-06 14:08:38", "elapsed": 30.400509, "delta": 0.485347}}
{"target": -10.498238509302308, "params": {"C": 41.81337803537045, "epsilon": 19.216567093242478, "gamma": 0.0381089876244831, "lamda": 0.019913722983347697}, "datetime": {"datetime": "2021-10-06 14:08:39", "elapsed": 30.852709, "delta": 0.4522}}
{"target": -10.413506429176326, "params": {"C": 93.94522603145867, "epsilon": 23.256516693330777, "gamma": 0.030959178397890884, "lamda": 0.008989284618952969}, "datetime": {"datetime": "2021-10-06 14:08:39", "elapsed": 31.315708, "delta": 0.462999}}
{"target": -10.212558291847149, "params": {"C": 44.353782672944305, "epsilon": 17.192734705558255, "gamma": 0.01639469602288092, "lamda": 0.009404597036918571}, "datetime": {"datetime": "2021-10-06 14:08:40", "elapsed": 31.780708, "delta": 0.465}}
{"target": -10.29685736502265, "params": {"C": 44.43984536289701, "epsilon": 17.16630489258316, "gamma": 0.03125284008929813, "lamda": 0.0030621845501943227}, "datetime": {"datetime": "2021-10-06 14:08:40", "elapsed": 32.403314, "delta": 0.622606}}
{"target": -10.729891901617979, "params": {"C": 58.08258790426546, "epsilon": 38.73672269177966, "gamma": 0.01397781975619921, "lamda": 0.010000462406296842}, "datetime": {"datetime": "2021-10-06 14:08:41", "elapsed": 32.88002, "delta": 0.476706}}
{"target": -10.515334247212026, "params": {"C": 58.18061383471444, "epsilon": 38.78257426171298, "gamma": 0.03522989224659254, "lamda": 0.015051326934794954}, "datetime": {"datetime": "2021-10-06 14:08:41", "elapsed": 33.361661, "delta": 0.481641}}
{"target": -10.376766059722314, "params": {"C": 109.9221577596102, "epsilon": 30.450416202377397, "gamma": 0.024255229796859845, "lamda": 0.017733082345177776}, "datetime": {"datetime": "2021-10-06 14:08:42", "elapsed": 33.796665, "delta": 0.435004}}
{"target": -10.68670776269148, "params": {"C": 109.44113950004396, "epsilon": 23.12866511507863, "gamma": 0.011322343014990592, "lamda": 0.01102449837857849}, "datetime": {"datetime": "2021-10-06 14:08:42", "elapsed": 34.284539, "delta": 0.487874}}
{"target": -10.461480354219221, "params": {"C": 75.59304105087134, "epsilon": 17.80110601583593, "gamma": 0.03515545937722632, "lamda": 0.010898738923034506}, "datetime": {"datetime": "2021-10-06 14:08:42", "elapsed": 34.751181, "delta": 0.466642}}
{"target": -10.216077298444748, "params": {"C": 40.24345586067298, "epsilon": 20.489378400419, "gamma": 0.029300877099207263, "lamda": 0.003973265099657256}, "datetime": {"datetime": "2021-10-06 14:08:43", "elapsed": 35.312225, "delta": 0.561044}}
{"target": -10.553519481459556, "params": {"C": 106.26809955329327, "epsilon": 34.62226129037079, "gamma": 0.03999156172700439, "lamda": 0.00686014852665096}, "datetime": {"datetime": "2021-10-06 14:08:44", "elapsed": 35.788722, "delta": 0.476497}}
{"target": -10.207632808854138, "params": {"C": 33.680569417737296, "epsilon": 22.58587587774599, "gamma": 0.02035253229361858, "lamda": 0.00190930876524485}, "datetime": {"datetime": "2021-10-06 14:08:44", "elapsed": 36.394667, "delta": 0.605945}}
{"target": -10.390747917057539, "params": {"C": 46.125739148726296, "epsilon": 22.07257683160933, "gamma": 0.03443258575203958, "lamda": 0.014909215013006257}, "datetime": {"datetime": "2021-10-06 14:08:45", "elapsed": 36.894666, "delta": 0.499999}}
{"target": -10.40721264022081, "params": {"C": 72.18397090600465, "epsilon": 35.58563997779186, "gamma": 0.03369998893110139, "lamda": 0.012935750167005272}, "datetime": {"datetime": "2021-10-06 14:08:45", "elapsed": 37.365667, "delta": 0.471001}}
{"target": -10.296410117158633, "params": {"C": 103.0813212635467, "epsilon": 33.52460771709858, "gamma": 0.025964133067004097, "lamda": 0.009342951211252455}, "datetime": {"datetime": "2021-10-06 14:08:46", "elapsed": 37.867668, "delta": 0.502001}}
{"target": -10.58965502910528, "params": {"C": 35.531975616674984, "epsilon": 39.43580081050274, "gamma": 0.038120245170306245, "lamda": 0.005700735870933076}, "datetime": {"datetime": "2021-10-06 14:08:46", "elapsed": 38.365918, "delta": 0.49825}}
{"target": -10.389019036244388, "params": {"C": 98.84961132973788, "epsilon": 24.175818234902444, "gamma": 0.030337600561394375, "lamda": 0.017891459269403765}, "datetime": {"datetime": "2021-10-06 14:08:47", "elapsed": 38.885502, "delta": 0.519584}}
{"target": -10.15808644386934, "params": {"C": 46.186302702930135, "epsilon": 35.43724158111115, "gamma": 0.02307342918591556, "lamda": 0.006450195712649086}, "datetime": {"datetime": "2021-10-06 14:08:47", "elapsed": 39.448811, "delta": 0.563309}}
{"target": -10.374087039641518, "params": {"C": 78.32959859010982, "epsilon": 32.87144535366391, "gamma": 0.02956673777699651, "lamda": 0.008418861575362995}, "datetime": {"datetime": "2021-10-06 14:08:48", "elapsed": 39.920646, "delta": 0.471835}}
{"target": -10.355951531966898, "params": {"C": 45.03223984034057, "epsilon": 19.24698149836478, "gamma": 0.02732517430232812, "lamda": 0.018048592885924187}, "datetime": {"datetime": "2021-10-06 14:08:48", "elapsed": 40.430065, "delta": 0.509419}}
{"target": -10.264106491812344, "params": {"C": 52.0531398830321, "epsilon": 26.037518781404458, "gamma": 0.027045118003708526, "lamda": 0.002568793075671093}, "datetime": {"datetime": "2021-10-06 14:08:49", "elapsed": 40.943747, "delta": 0.513682}}
{"target": -10.397815977464237, "params": {"C": 56.835589799425335, "epsilon": 25.722842527009583, "gamma": 0.016114580917876802, "lamda": 0.012254554214233123}, "datetime": {"datetime": "2021-10-06 14:08:49", "elapsed": 41.5137, "delta": 0.569953}}
{"target": -10.39237193562772, "params": {"C": 91.01928898235793, "epsilon": 32.141426196735395, "gamma": 0.018969431989378685, "lamda": 0.013788672619362416}, "datetime": {"datetime": "2021-10-06 14:08:50", "elapsed": 42.009712, "delta": 0.496012}}
{"target": -10.745010103155332, "params": {"C": 89.6146926830385, "epsilon": 19.714004794120207, "gamma": 0.010323653811505223, "lamda": 0.011876396604659414}, "datetime": {"datetime": "2021-10-06 14:08:50", "elapsed": 42.514944, "delta": 0.505232}}
{"target": -10.357217387132309, "params": {"C": 106.41565834103051, "epsilon": 31.56757326412462, "gamma": 0.02374687027120657, "lamda": 0.016344137661337504}, "datetime": {"datetime": "2021-10-06 14:08:51", "elapsed": 43.095975, "delta": 0.581031}}
{"target": -10.408098890212512, "params": {"C": 60.20669522139981, "epsilon": 37.67223150388768, "gamma": 0.021784159802880815, "lamda": 0.015040731332285003}, "datetime": {"datetime": "2021-10-06 14:08:51", "elapsed": 43.677717, "delta": 0.581742}}
{"target": -10.478162387858399, "params": {"C": 49.07169661290677, "epsilon": 38.92333962942845, "gamma": 0.0391080276753192, "lamda": 0.010871338220620166}, "datetime": {"datetime": "2021-10-06 14:08:52", "elapsed": 44.17989, "delta": 0.502173}}
{"target": -10.235709382891029, "params": {"C": 73.37938007826924, "epsilon": 31.420536474806543, "gamma": 0.024940059158197303, "lamda": 0.0038171168250905408}, "datetime": {"datetime": "2021-10-06 14:08:52", "elapsed": 44.72208, "delta": 0.54219}}
{"target": -10.371613565215274, "params": {"C": 38.81168116399601, "epsilon": 28.204751111591772, "gamma": 0.03722390399836683, "lamda": 0.005922086223777105}, "datetime": {"datetime": "2021-10-06 14:08:53", "elapsed": 45.238002, "delta": 0.515922}}
{"target": -10.377667829141583, "params": {"C": 87.68629272052387, "epsilon": 38.091067357369425, "gamma": 0.029252456838748678, "lamda": 0.004691205363426057}, "datetime": {"datetime": "2021-10-06 14:08:54", "elapsed": 45.800252, "delta": 0.56225}}
{"target": -10.26045310278091, "params": {"C": 86.4008556357767, "epsilon": 28.249900512926388, "gamma": 0.024782106817658765, "lamda": 0.0041175955751302845}, "datetime": {"datetime": "2021-10-06 14:08:54", "elapsed": 46.384569, "delta": 0.584317}}
{"target": -10.436723327632142, "params": {"C": 63.792555696867275, "epsilon": 33.5626714704644, "gamma": 0.035193938891426885, "lamda": 0.00843764274152182}, "datetime": {"datetime": "2021-10-06 14:08:55", "elapsed": 46.91157, "delta": 0.527001}}
{"target": -10.64514740913462, "params": {"C": 104.04694547545076, "epsilon": 33.571430432624055, "gamma": 0.014952369840488436, "lamda": 0.013321287285912559}, "datetime": {"datetime": "2021-10-06 14:08:55", "elapsed": 47.459441, "delta": 0.547871}}
{"target": -10.527921609383954, "params": {"C": 69.5080858505943, "epsilon": 28.725098793950988, "gamma": 0.015722661209912222, "lamda": 0.013424613737298101}, "datetime": {"datetime": "2021-10-06 14:08:56", "elapsed": 48.080113, "delta": 0.620672}}
{"target": -10.428409292002334, "params": {"C": 45.57758146090941, "epsilon": 37.123842002876614, "gamma": 0.010158030158547951, "lamda": 0.0025765048138375736}, "datetime": {"datetime": "2021-10-06 14:08:56", "elapsed": 48.719878, "delta": 0.639765}}
{"target": -10.37897718123895, "params": {"C": 69.82104574961747, "epsilon": 22.82979119264092, "gamma": 0.028676319378151627, "lamda": 0.016549330846855198}, "datetime": {"datetime": "2021-10-06 14:08:57", "elapsed": 49.227243, "delta": 0.507365}}
{"target": -10.193819320758706, "params": {"C": 49.10358399259965, "epsilon": 24.041246390178294, "gamma": 0.024387254629280805, "lamda": 0.002748197020774767}, "datetime": {"datetime": "2021-10-06 14:08:58", "elapsed": 49.809754, "delta": 0.582511}}
{"target": -10.353465107080998, "params": {"C": 58.399920594797734, "epsilon": 19.43945196437763, "gamma": 0.020714827122526147, "lamda": 0.018396114603088435}, "datetime": {"datetime": "2021-10-06 14:08:58", "elapsed": 50.411574, "delta": 0.60182}}
{"target": -10.411803226944125, "params": {"C": 49.679065178100345, "epsilon": 21.662108252011517, "gamma": 0.03395513090872641, "lamda": 0.01716194870160601}, "datetime": {"datetime": "2021-10-06 14:08:59", "elapsed": 50.960208, "delta": 0.548634}}
{"target": -10.29700914018525, "params": {"C": 42.61487116759787, "epsilon": 27.58115362214307, "gamma": 0.023312214095958184, "lamda": 0.0013052648136280861}, "datetime": {"datetime": "2021-10-06 14:08:59", "elapsed": 51.626488, "delta": 0.66628}}
{"target": -10.332319898725121, "params": {"C": 81.47633992149322, "epsilon": 35.3782096761259, "gamma": 0.018669893073636454, "lamda": 0.008794381918696078}, "datetime": {"datetime": "2021-10-06 14:09:00", "elapsed": 52.178088, "delta": 0.5516}}
{"target": -10.330663142815801, "params": {"C": 63.55206705877588, "epsilon": 24.344593368758225, "gamma": 0.029884154624530167, "lamda": 0.011364087436857719}, "datetime": {"datetime": "2021-10-06 14:09:00", "elapsed": 52.761085, "delta": 0.582997}}
{"target": -10.50118039680334, "params": {"C": 63.35353902936156, "epsilon": 37.21317877425801, "gamma": 0.01841241694320908, "lamda": 0.013040951217164577}, "datetime": {"datetime": "2021-10-06 14:09:01", "elapsed": 53.367086, "delta": 0.606001}}
{"target": -10.508370516727256, "params": {"C": 81.77207278183049, "epsilon": 37.0294259518607, "gamma": 0.026549931614337406, "lamda": 0.01584920821800238}, "datetime": {"datetime": "2021-10-06 14:09:02", "elapsed": 54.094538, "delta": 0.727452}}
{"target": -10.164450977237287, "params": {"C": 44.57812852423375, "epsilon": 27.685334286535884, "gamma": 0.024495114545382824, "lamda": 0.005273254551951951}, "datetime": {"datetime": "2021-10-06 14:09:02", "elapsed": 54.658235, "delta": 0.563697}}
{"target": -10.230446224112574, "params": {"C": 44.24237427553269, "epsilon": 30.75432404334827, "gamma": 0.023043507178997478, "lamda": 0.011542063201873618}, "datetime": {"datetime": "2021-10-06 14:09:03", "elapsed": 55.236309, "delta": 0.578074}}
{"target": -10.277619855870508, "params": {"C": 37.63662750461699, "epsilon": 19.20674518794663, "gamma": 0.019416535577378727, "lamda": 0.018436551024660113}, "datetime": {"datetime": "2021-10-06 14:09:04", "elapsed": 55.807683, "delta": 0.571374}}
{"target": -10.586221205981076, "params": {"C": 100.72763405910186, "epsilon": 38.22909272382105, "gamma": 0.025876710457247903, "lamda": 0.01816483461171869}, "datetime": {"datetime": "2021-10-06 14:09:04", "elapsed": 56.419109, "delta": 0.611426}}
{"target": -10.275340649487633, "params": {"C": 75.83426001353007, "epsilon": 37.37495053948054, "gamma": 0.02355017467774129, "lamda": 0.009375406960325293}, "datetime": {"datetime": "2021-10-06 14:09:05", "elapsed": 57.020075, "delta": 0.600966}}
{"target": -10.518985070871372, "params": {"C": 40.43073650812716, "epsilon": 32.990558042932946, "gamma": 0.019365545152528453, "lamda": 0.0005425908528773556}, "datetime": {"datetime": "2021-10-06 14:09:06", "elapsed": 57.833191, "delta": 0.813116}}
{"target": -10.333070617935432, "params": {"C": 91.72667053262532, "epsilon": 28.828531708019398, "gamma": 0.027356152167245316, "lamda": 0.007443142310620195}, "datetime": {"datetime": "2021-10-06 14:09:06", "elapsed": 58.446201, "delta": 0.61301}}
{"target": -10.429213225152468, "params": {"C": 42.82187431709356, "epsilon": 18.878865254819388, "gamma": 0.03798172640182052, "lamda": 0.007328646182660653}, "datetime": {"datetime": "2021-10-06 14:09:07", "elapsed": 59.09224, "delta": 0.646039}}
{"target": -10.363325261686185, "params": {"C": 35.80930813005998, "epsilon": 22.194655956085125, "gamma": 0.03814534087204647, "lamda": 0.011957993861072}, "datetime": {"datetime": "2021-10-06 14:09:07", "elapsed": 59.645621, "delta": 0.553381}}
{"target": -10.480550479248688, "params": {"C": 76.620577168042, "epsilon": 35.64954060441677, "gamma": 0.029157472454116803, "lamda": 0.01676027385723761}, "datetime": {"datetime": "2021-10-06 14:09:08", "elapsed": 60.288351, "delta": 0.64273}}
{"target": -10.348649088676968, "params": {"C": 75.69619675428615, "epsilon": 35.20287540625927, "gamma": 0.030461754620386174, "lamda": 0.012564694657719262}, "datetime": {"datetime": "2021-10-06 14:09:09", "elapsed": 60.910389, "delta": 0.622038}}
{"target": -10.415338250771496, "params": {"C": 50.05399208683517, "epsilon": 34.30229372122058, "gamma": 0.03479243028196561, "lamda": 0.01250583547844466}, "datetime": {"datetime": "2021-10-06 14:09:09", "elapsed": 61.500608, "delta": 0.590219}}
{"target": -10.176462744183091, "params": {"C": 34.126105829646406, "epsilon": 23.610930786248044, "gamma": 0.021310398116926317, "lamda": 0.011217213405444152}, "datetime": {"datetime": "2021-10-06 14:09:10", "elapsed": 62.100537, "delta": 0.599929}}
{"target": -10.661455675693269, "params": {"C": 56.83734953095011, "epsilon": 33.36415170029573, "gamma": 0.01708688541790334, "lamda": 0.017270610029378176}, "datetime": {"datetime": "2021-10-06 14:09:10", "elapsed": 62.723934, "delta": 0.623397}}
{"target": -10.351844401469709, "params": {"C": 75.81627265737009, "epsilon": 31.02567230824323, "gamma": 0.0307217575082361, "lamda": 0.014450361002064269}, "datetime": {"datetime": "2021-10-06 14:09:11", "elapsed": 63.343866, "delta": 0.619932}}
{"target": -10.4430426576783, "params": {"C": 107.70258311208337, "epsilon": 27.76521622444859, "gamma": 0.039078682421811735, "lamda": 0.015436006377446425}, "datetime": {"datetime": "2021-10-06 14:09:12", "elapsed": 63.936634, "delta": 0.592768}}
{"target": -10.390424568078844, "params": {"C": 88.36096211539086, "epsilon": 31.43732859774105, "gamma": 0.03516412284615233, "lamda": 0.015213058921544205}, "datetime": {"datetime": "2021-10-06 14:09:12", "elapsed": 64.536827, "delta": 0.600193}}
{"target": -10.593722607687946, "params": {"C": 88.43661799598917, "epsilon": 22.701098240578343, "gamma": 0.03228945088108177, "lamda": 0.0010601403091758668}, "datetime": {"datetime": "2021-10-06 14:09:13", "elapsed": 65.171377, "delta": 0.63455}}
{"target": -10.803815861723809, "params": {"C": 102.45569540218645, "epsilon": 23.626066599083106, "gamma": 0.011655214387414122, "lamda": 0.01870412409967129}, "datetime": {"datetime": "2021-10-06 14:09:14", "elapsed": 65.856381, "delta": 0.685004}}
{"target": -10.566234936472434, "params": {"C": 92.50105928058431, "epsilon": 24.592023284575582, "gamma": 0.01610607698515279, "lamda": 0.018896965249231325}, "datetime": {"datetime": "2021-10-06 14:09:14", "elapsed": 66.519879, "delta": 0.663498}}
{"target": -10.408763934648714, "params": {"C": 89.89418804414305, "epsilon": 31.438366000762706, "gamma": 0.031064767362275952, "lamda": 0.018518870202963528}, "datetime": {"datetime": "2021-10-06 14:09:15", "elapsed": 67.167315, "delta": 0.647436}}
{"target": -10.298391106736004, "params": {"C": 60.73850041690217, "epsilon": 17.843309570331915, "gamma": 0.011927425648095475, "lamda": 0.004469039978195756}, "datetime": {"datetime": "2021-10-06 14:09:16", "elapsed": 67.789314, "delta": 0.621999}}
{"target": -10.199805245994565, "params": {"C": 94.39010944977045, "epsilon": 24.198027263912785, "gamma": 0.021280407597467736, "lamda": 0.005351774187148984}, "datetime": {"datetime": "2021-10-06 14:09:16", "elapsed": 68.413213, "delta": 0.623899}}
{"target": -10.381161084654067, "params": {"C": 43.723177421038, "epsilon": 34.37691154410541, "gamma": 0.03351487370006092, "lamda": 0.010577990981140505}, "datetime": {"datetime": "2021-10-06 14:09:17", "elapsed": 69.093206, "delta": 0.679993}}
{"target": -10.26924111921958, "params": {"C": 64.86992130688549, "epsilon": 26.547216885827638, "gamma": 0.026636352596923027, "lamda": 0.004001115148765488}, "datetime": {"datetime": "2021-10-06 14:09:18", "elapsed": 69.823365, "delta": 0.730159}}
