{"target": -11.681730463977562, "params": {"C": 16.809855772531414, "epsilon": 21.345947441396056, "gamma": 0.028490129347308282, "lamda": 0.048493221488968966}, "datetime": {"datetime": "2021-10-05 12:13:14", "elapsed": 1350.299023, "delta": 5.881387}}
{"target": -10.257092926795778, "params": {"C": 58.329197303125724, "epsilon": 13.191464087927091, "gamma": 0.04103207891421436, "lamda": 0.009844972419864356}, "datetime": {"datetime": "2021-10-05 12:13:20", "elapsed": 1356.665307, "delta": 6.366284}}
{"target": -12.360154333242543, "params": {"C": 66.17541236176808, "epsilon": 16.517144225539028, "gamma": 0.09973623325144147, "lamda": 0.07417966800137535}, "datetime": {"datetime": "2021-10-05 12:13:27", "elapsed": 1363.963888, "delta": 7.298581}}
{"target": -14.540485798578636, "params": {"C": 58.505678403451384, "epsilon": 13.398720490391788, "gamma": 0.08072257332935355, "lamda": 0.13759352648365916}, "datetime": {"datetime": "2021-10-05 12:13:35", "elapsed": 1371.4437, "delta": 7.479812}}
{"target": -10.23770127187727, "params": {"C": 49.474490850104004, "epsilon": 10.562674580975624, "gamma": 0.038939651842630374, "lamda": 0.0065313459461040155}, "datetime": {"datetime": "2021-10-05 12:13:44", "elapsed": 1380.006328, "delta": 8.562628}}
{"target": -15.884211609112453, "params": {"C": 90.19059718284937, "epsilon": 11.109033764873686, "gamma": 0.031726679440385694, "lamda": 0.16911947812681838}, "datetime": {"datetime": "2021-10-05 12:13:46", "elapsed": 1382.866902, "delta": 2.860574}}
{"target": -11.366743591255357, "params": {"C": 91.57933933481866, "epsilon": 26.10870946686159, "gamma": 0.06943809877809991, "lamda": 0.04884199608089691}, "datetime": {"datetime": "2021-10-05 12:13:49", "elapsed": 1385.373743, "delta": 2.506841}}
{"target": -11.198441543343058, "params": {"C": 49.400545749184595, "epsilon": 10.358705366197956, "gamma": 0.07917124431148691, "lamda": 0.003410926659455219}, "datetime": {"datetime": "2021-10-05 12:13:56", "elapsed": 1392.411373, "delta": 7.03763}}
{"target": -10.913900463641127, "params": {"C": 99.09718510394435, "epsilon": 27.810189744361267, "gamma": 0.05568130904798241, "lamda": 0.02887992960387353}, "datetime": {"datetime": "2021-10-05 12:14:05", "elapsed": 1401.478225, "delta": 9.066852}}
{"target": -13.81496337246188, "params": {"C": 20.1246479863239, "epsilon": 23.29243712271541, "gamma": 0.07536140831404868, "lamda": 0.1385933609302248}, "datetime": {"datetime": "2021-10-05 12:14:08", "elapsed": 1404.112266, "delta": 2.634041}}
{"target": -16.431535206154347, "params": {"C": 98.89264066092174, "epsilon": 27.673283384751027, "gamma": 0.03434610523565155, "lamda": 0.2487846332589552}, "datetime": {"datetime": "2021-10-05 12:14:14", "elapsed": 1410.521602, "delta": 6.409336}}
{"target": -11.302604088921903, "params": {"C": 28.554376160404875, "epsilon": 16.547121523744703, "gamma": 0.060874551144819544, "lamda": 0.04660279719099823}, "datetime": {"datetime": "2021-10-05 12:14:24", "elapsed": 1420.803404, "delta": 10.281802}}
{"target": -13.333270770368092, "params": {"C": 99.33501483774101, "epsilon": 27.86429418256625, "gamma": 0.053964216657252456, "lamda": 0.1351272002063035}, "datetime": {"datetime": "2021-10-05 12:14:32", "elapsed": 1428.451221, "delta": 7.647817}}
{"target": -10.327196692704069, "params": {"C": 41.52594349227826, "epsilon": 17.95341757443232, "gamma": 0.07765570574072425, "lamda": 0.00868380316731703}, "datetime": {"datetime": "2021-10-05 12:14:35", "elapsed": 1431.482076, "delta": 3.030855}}
{"target": -10.320307460491126, "params": {"C": 41.220318559817386, "epsilon": 17.864596775068797, "gamma": 0.05964002593653911, "lamda": 0.0020637745804090663}, "datetime": {"datetime": "2021-10-05 12:14:41", "elapsed": 1437.127435, "delta": 5.645359}}
{"target": -17.134607333596776, "params": {"C": 58.15655704341394, "epsilon": 12.921771507069394, "gamma": 0.07252272413945425, "lamda": 0.19336325383406563}, "datetime": {"datetime": "2021-10-05 12:14:47", "elapsed": 1443.895944, "delta": 6.768509}}
{"target": -25.555046108420132, "params": {"C": 37.12383788138066, "epsilon": 14.013742535569058, "gamma": 0.09237731077728159, "lamda": 0.29537362891182295}, "datetime": {"datetime": "2021-10-05 12:14:50", "elapsed": 1446.687624, "delta": 2.79168}}
{"target": -15.524584450796658, "params": {"C": 41.23837403267707, "epsilon": 18.023411026505038, "gamma": 0.030035704404973638, "lamda": 0.17346914864137808}, "datetime": {"datetime": "2021-10-05 12:14:57", "elapsed": 1453.771787, "delta": 7.084163}}
{"target": -19.29269971306, "params": {"C": 41.65119904903531, "epsilon": 17.844962044455414, "gamma": 0.05195052684864007, "lamda": 0.2603077489192952}, "datetime": {"datetime": "2021-10-05 12:15:05", "elapsed": 1461.790846, "delta": 8.019059}}
{"target": -10.344196920205476, "params": {"C": 41.06054827629517, "epsilon": 17.596122964353007, "gamma": 0.03196431864537064, "lamda": 0.006103406453530059}, "datetime": {"datetime": "2021-10-05 12:15:14", "elapsed": 1470.72058, "delta": 8.929734}}
{"target": -12.843635314312497, "params": {"C": 40.858335782328005, "epsilon": 17.77389973959071, "gamma": 0.07800915561480096, "lamda": 0.09590796371115995}, "datetime": {"datetime": "2021-10-05 12:15:25", "elapsed": 1481.824366, "delta": 8.231059}}
{"target": -10.910780934609825, "params": {"C": 52.20853977084916, "epsilon": 21.22939566667491, "gamma": 0.06913888533563614, "lamda": 0.029847939037481272}, "datetime": {"datetime": "2021-10-05 12:15:28", "elapsed": 1484.585187, "delta": 2.760821}}
{"target": -15.369463051633941, "params": {"C": 41.126841405264706, "epsilon": 17.334366344599538, "gamma": 0.08035783777340838, "lamda": 0.16660607183138515}, "datetime": {"datetime": "2021-10-05 12:15:35", "elapsed": 1491.738626, "delta": 7.153439}}
{"target": -15.557364074559752, "params": {"C": 51.98533873780255, "epsilon": 21.511923637039914, "gamma": 0.08102715792830459, "lamda": 0.19104445730993808}, "datetime": {"datetime": "2021-10-05 12:15:43", "elapsed": 1499.205241, "delta": 7.466615}}
{"target": -10.873668418235564, "params": {"C": 11.699323738130243, "epsilon": 10.81550462369946, "gamma": 0.08691400058569418, "lamda": 0.019733078392570366}, "datetime": {"datetime": "2021-10-05 12:15:46", "elapsed": 1502.235436, "delta": 3.030195}}
{"target": -10.259092765609855, "params": {"C": 49.12955054158432, "epsilon": 10.602292587037581, "gamma": 0.05389583814772139, "lamda": 0.014952269853027805}, "datetime": {"datetime": "2021-10-05 12:15:52", "elapsed": 1508.805585, "delta": 6.570149}}
{"target": -18.81397970962915, "params": {"C": 78.24716096015024, "epsilon": 25.744105015558045, "gamma": 0.037824736352574266, "lamda": 0.29841850952414084}, "datetime": {"datetime": "2021-10-05 12:15:55", "elapsed": 1511.840597, "delta": 3.035012}}
{"target": -10.520289543765756, "params": {"C": 70.46849615359747, "epsilon": 24.688936778180423, "gamma": 0.07475585723081539, "lamda": 0.003192725131414065}, "datetime": {"datetime": "2021-10-05 12:16:02", "elapsed": 1518.056103, "delta": 6.215506}}
{"target": -20.08259481743851, "params": {"C": 48.98021604850634, "epsilon": 10.579865994712321, "gamma": 0.07058775278214077, "lamda": 0.22858309134638444}, "datetime": {"datetime": "2021-10-05 12:16:10", "elapsed": 1526.440256, "delta": 8.384153}}
{"target": -12.36376303958279, "params": {"C": 11.455492956284179, "epsilon": 10.86937400545207, "gamma": 0.04866801632590226, "lamda": 0.08170784504860683}, "datetime": {"datetime": "2021-10-05 12:16:17", "elapsed": 1533.19441, "delta": 6.754154}}
{"target": -25.772319242065382, "params": {"C": 11.731418812642351, "epsilon": 10.694438266470538, "gamma": 0.05983776179982471, "lamda": 0.27978245268730745}, "datetime": {"datetime": "2021-10-05 12:16:23", "elapsed": 1539.621826, "delta": 6.427416}}
{"target": -15.61971760055556, "params": {"C": 70.44382253879486, "epsilon": 24.92505890803372, "gamma": 0.09470535472055522, "lamda": 0.20525815244944798}, "datetime": {"datetime": "2021-10-05 12:16:31", "elapsed": 1547.517948, "delta": 7.896122}}
{"target": -10.789259857960664, "params": {"C": 52.350789383090074, "epsilon": 21.060093546140635, "gamma": 0.029847538193520737, "lamda": 0.016709486446374853}, "datetime": {"datetime": "2021-10-05 12:16:40", "elapsed": 1556.465282, "delta": 8.947334}}
{"target": -10.764625291895866, "params": {"C": 79.41885789400713, "epsilon": 10.41503898718803, "gamma": 0.07069185879410203, "lamda": 0.022489236087904492}, "datetime": {"datetime": "2021-10-05 12:34:07", "elapsed": 0.0, "delta": 0.0}}
{"target": -10.709443144108176, "params": {"C": 54.865631107233135, "epsilon": 14.495932910616954, "gamma": 0.03584502918076992, "lamda": 0.022839868294748863}, "datetime": {"datetime": "2021-10-05 12:34:07", "elapsed": 0.282971, "delta": 0.282971}}
{"target": -10.851974045326521, "params": {"C": 25.21997529062819, "epsilon": 11.766796283480206, "gamma": 0.07482878546942379, "lamda": 0.0286064610512286}, "datetime": {"datetime": "2021-10-05 12:34:08", "elapsed": 0.559919, "delta": 0.276948}}
{"target": -10.751457627431675, "params": {"C": 10.355343969512301, "epsilon": 20.243845267715532, "gamma": 0.08500967693216908, "lamda": 0.018414529398198706}, "datetime": {"datetime": "2021-10-05 12:34:08", "elapsed": 0.877263, "delta": 0.317344}}
{"target": -11.08685510569162, "params": {"C": 74.95797856886196, "epsilon": 15.837521363412662, "gamma": 0.09342192980103547, "lamda": 0.021465815923590946}, "datetime": {"datetime": "2021-10-05 12:34:08", "elapsed": 1.188661, "delta": 0.311398}}
{"target": -10.494328873736066, "params": {"C": 58.82899312101351, "epsilon": 12.843400952030539, "gamma": 0.04986726080411753, "lamda": 0.020256595090483723}, "datetime": {"datetime": "2021-10-05 12:34:09", "elapsed": 1.486841, "delta": 0.29818}}
{"target": -10.425587995044177, "params": {"C": 49.764985698069644, "epsilon": 18.680279866665874, "gamma": 0.06942135827754538, "lamda": 0.015442833452376287}, "datetime": {"datetime": "2021-10-05 12:34:09", "elapsed": 1.759595, "delta": 0.272754}}
{"target": -10.79593314291331, "params": {"C": 68.53574637383204, "epsilon": 22.02077906809089, "gamma": 0.08441785574661972, "lamda": 0.01569724985656966}, "datetime": {"datetime": "2021-10-05 12:34:09", "elapsed": 2.029201, "delta": 0.269606}}
{"target": -10.64495771265884, "params": {"C": 91.77839927278013, "epsilon": 16.384721779770906, "gamma": 0.02723674794167259, "lamda": 0.00909093169342248}, "datetime": {"datetime": "2021-10-05 12:34:10", "elapsed": 2.395248, "delta": 0.366047}}
{"target": -11.167634677684113, "params": {"C": 20.25859256771948, "epsilon": 26.573626526153532, "gamma": 0.023751705551139982, "lamda": 0.018825985734510636}, "datetime": {"datetime": "2021-10-05 12:34:10", "elapsed": 2.714071, "delta": 0.318823}}
{"target": -12.426344752275394, "params": {"C": 49.00381806049416, "epsilon": 21.446802140203044, "gamma": 0.1, "lamda": 0.0002256686574126558}, "datetime": {"datetime": "2021-10-05 12:34:11", "elapsed": 3.920909, "delta": 1.206838}}
{"target": -10.934771766520235, "params": {"C": 33.47385198022282, "epsilon": 13.946513439809697, "gamma": 0.027084708733076317, "lamda": 0.02223985551985163}, "datetime": {"datetime": "2021-10-05 12:34:12", "elapsed": 4.322183, "delta": 0.401274}}
{"target": -10.392066178280173, "params": {"C": 41.199155853433325, "epsilon": 13.891822958632414, "gamma": 0.03245145911872664, "lamda": 0.00837485053152944}, "datetime": {"datetime": "2021-10-05 12:34:12", "elapsed": 4.699169, "delta": 0.376986}}
{"target": -10.854766208633533, "params": {"C": 49.81955827018305, "epsilon": 18.92016599930491, "gamma": 0.06195375565833108, "lamda": 0.029749473978838505}, "datetime": {"datetime": "2021-10-05 12:34:12", "elapsed": 5.139912, "delta": 0.440743}}
{"target": -10.978123036261833, "params": {"C": 49.91738772893947, "epsilon": 18.401655374626245, "gamma": 0.07954975428410528, "lamda": 0.027189394975613464}, "datetime": {"datetime": "2021-10-05 12:34:13", "elapsed": 5.492934, "delta": 0.353022}}
{"target": -11.25965116268255, "params": {"C": 58.9863219526861, "epsilon": 12.839854858053839, "gamma": 0.0991703927240621, "lamda": 0.02743895989884193}, "datetime": {"datetime": "2021-10-05 12:34:13", "elapsed": 5.826863, "delta": 0.333929}}
{"target": -10.321910772039004, "params": {"C": 78.78675824951227, "epsilon": 18.172399434080752, "gamma": 0.061551535611058764, "lamda": 0.012960743843288736}, "datetime": {"datetime": "2021-10-05 12:34:13", "elapsed": 6.245865, "delta": 0.419002}}
{"target": -10.318546961266417, "params": {"C": 13.686758839536186, "epsilon": 14.530015495195778, "gamma": 0.04605174138482398, "lamda": 0.005731117695609381}, "datetime": {"datetime": "2021-10-05 12:34:14", "elapsed": 6.739258, "delta": 0.493393}}
{"target": -10.226835506987399, "params": {"C": 77.951972455774, "epsilon": 18.600848723639736, "gamma": 0.05535853220061117, "lamda": 0.010265083246187091}, "datetime": {"datetime": "2021-10-05 12:34:14", "elapsed": 7.110841, "delta": 0.371583}}
{"target": -10.887305703007778, "params": {"C": 70.26764169528724, "epsilon": 15.042418208949275, "gamma": 0.03620458782635261, "lamda": 0.028568235747047328}, "datetime": {"datetime": "2021-10-05 12:34:15", "elapsed": 7.46101, "delta": 0.350169}}
{"target": -10.972031459011443, "params": {"C": 74.42911610768239, "epsilon": 15.35269693001034, "gamma": 0.027247699867179655, "lamda": 0.02104389519876527}, "datetime": {"datetime": "2021-10-05 12:34:15", "elapsed": 7.790438, "delta": 0.329428}}
{"target": -10.610085307313383, "params": {"C": 31.11382834712562, "epsilon": 12.6060013664185, "gamma": 0.06353843537523617, "lamda": 0.02490995196645645}, "datetime": {"datetime": "2021-10-05 12:34:15", "elapsed": 8.155712, "delta": 0.365274}}
{"target": -10.552518658054844, "params": {"C": 46.44314830647851, "epsilon": 10.879807542206596, "gamma": 0.06723487254725018, "lamda": 0.02165095653721161}, "datetime": {"datetime": "2021-10-05 12:34:16", "elapsed": 8.558819, "delta": 0.403107}}
{"target": -10.937624766203848, "params": {"C": 53.10361613357193, "epsilon": 18.53359337530916, "gamma": 0.07114259531745588, "lamda": 0.028701664904226695}, "datetime": {"datetime": "2021-10-05 12:34:16", "elapsed": 8.936429, "delta": 0.37761}}
{"target": -10.718481637000565, "params": {"C": 35.108454621898574, "epsilon": 19.34073354557302, "gamma": 0.03160583163239065, "lamda": 0.017657542964511275}, "datetime": {"datetime": "2021-10-05 12:34:16", "elapsed": 9.292141, "delta": 0.355712}}
{"target": -10.57858619873624, "params": {"C": 66.46147450030253, "epsilon": 26.710683648284494, "gamma": 0.06001431235315993, "lamda": 0.018046948404163723}, "datetime": {"datetime": "2021-10-05 12:34:17", "elapsed": 9.739144, "delta": 0.447003}}
{"target": -10.365415616049875, "params": {"C": 67.60447955315894, "epsilon": 15.27804553448669, "gamma": 0.03247793529305119, "lamda": 0.004885222429079292}, "datetime": {"datetime": "2021-10-05 12:34:17", "elapsed": 10.171093, "delta": 0.431949}}
{"target": -10.931518157874528, "params": {"C": 15.742379210445772, "epsilon": 17.72813449372097, "gamma": 0.09903585112084554, "lamda": 0.0066078628044742346}, "datetime": {"datetime": "2021-10-05 12:34:18", "elapsed": 10.646104, "delta": 0.475011}}
{"target": -10.009745850521211, "params": {"C": 52.24703354797245, "epsilon": 29.34603990195935, "gamma": 0.05576800019682454, "lamda": 0.004876825757654709}, "datetime": {"datetime": "2021-10-05 12:34:18", "elapsed": 11.061049, "delta": 0.414945}}
{"target": -11.281272845376918, "params": {"C": 57.82224399914498, "epsilon": 13.935709540691853, "gamma": 0.09555507733329344, "lamda": 0.006030607799992395}, "datetime": {"datetime": "2021-10-05 12:34:19", "elapsed": 11.451968, "delta": 0.390919}}
{"target": -10.80670663410284, "params": {"C": 37.94780080662902, "epsilon": 16.706743837385243, "gamma": 0.09974487390638334, "lamda": 0.013489796896675474}, "datetime": {"datetime": "2021-10-05 12:34:19", "elapsed": 11.844437, "delta": 0.392469}}
{"target": -11.076721088364168, "params": {"C": 18.159124033113592, "epsilon": 15.244590540351142, "gamma": 0.025089356353616123, "lamda": 0.0176522436715906}, "datetime": {"datetime": "2021-10-05 12:34:20", "elapsed": 12.311373, "delta": 0.466936}}
{"target": -11.021198437878818, "params": {"C": 70.12141529822678, "epsilon": 28.87928390427627, "gamma": 0.0918312455960016, "lamda": 0.022515424656006276}, "datetime": {"datetime": "2021-10-05 12:34:20", "elapsed": 12.762296, "delta": 0.450923}}
{"target": -10.776631038979497, "params": {"C": 73.8740358416462, "epsilon": 14.163352566582304, "gamma": 0.07120020148102847, "lamda": 0.01964429313424046}, "datetime": {"datetime": "2021-10-05 12:34:20", "elapsed": 13.212756, "delta": 0.45046}}
{"target": -10.872004865326534, "params": {"C": 63.28773579907715, "epsilon": 25.563422518818367, "gamma": 0.08694085842869659, "lamda": 0.019081567235976128}, "datetime": {"datetime": "2021-10-05 12:34:21", "elapsed": 13.671764, "delta": 0.459008}}
{"target": -10.49409669823678, "params": {"C": 35.76281758718996, "epsilon": 19.519791724217395, "gamma": 0.020474771445668373, "lamda": 0.00046807209261030716}, "datetime": {"datetime": "2021-10-05 12:34:22", "elapsed": 14.330548, "delta": 0.658784}}
{"target": -11.303007721642404, "params": {"C": 14.69308550800079, "epsilon": 22.38728004458506, "gamma": 0.020472884992687845, "lamda": 0.017456774674026808}, "datetime": {"datetime": "2021-10-05 12:34:22", "elapsed": 14.746266, "delta": 0.415718}}
{"target": -10.256311192325926, "params": {"C": 24.603042399370658, "epsilon": 14.589246245496351, "gamma": 0.047696635504690624, "lamda": 0.000693314775822251}, "datetime": {"datetime": "2021-10-05 12:34:23", "elapsed": 15.507153, "delta": 0.760887}}
{"target": -10.511814797340357, "params": {"C": 71.02988690898391, "epsilon": 23.02468360832869, "gamma": 0.0848943858252225, "lamda": 0.00768239910863122}, "datetime": {"datetime": "2021-10-05 12:34:23", "elapsed": 15.99819, "delta": 0.491037}}
{"target": -10.969655980364312, "params": {"C": 45.1832616654053, "epsilon": 26.768956305462588, "gamma": 0.04610691800505305, "lamda": 0.028928243776769468}, "datetime": {"datetime": "2021-10-05 12:34:24", "elapsed": 16.48803, "delta": 0.48984}}
{"target": -10.964700385730401, "params": {"C": 11.751583942889592, "epsilon": 23.398152124233327, "gamma": 0.04427426825769967, "lamda": 0.02903452454574092}, "datetime": {"datetime": "2021-10-05 12:34:24", "elapsed": 16.906965, "delta": 0.418935}}
{"target": -10.669590125560799, "params": {"C": 69.72770939155458, "epsilon": 10.556222079051643, "gamma": 0.06412133695257625, "lamda": 0.02424340635429897}, "datetime": {"datetime": "2021-10-05 12:34:25", "elapsed": 17.42944, "delta": 0.522475}}
{"target": -10.435171329411498, "params": {"C": 10.280856848754436, "epsilon": 20.091566794150033, "gamma": 0.06882195435824962, "lamda": 0.007490495587478075}, "datetime": {"datetime": "2021-10-05 12:34:25", "elapsed": 17.978733, "delta": 0.549293}}
{"target": -11.054251847517332, "params": {"C": 67.66438139596495, "epsilon": 11.327110881193132, "gamma": 0.08509058759366098, "lamda": 0.026957073302367796}, "datetime": {"datetime": "2021-10-05 12:34:26", "elapsed": 18.461571, "delta": 0.482838}}
{"target": -10.27183141707871, "params": {"C": 27.802105829796066, "epsilon": 28.081064087137083, "gamma": 0.07425663645187201, "lamda": 0.0029454449086660844}, "datetime": {"datetime": "2021-10-05 12:34:26", "elapsed": 19.007144, "delta": 0.545573}}
{"target": -10.632118515779624, "params": {"C": 23.831246409422977, "epsilon": 25.863725859013506, "gamma": 0.09411329422164445, "lamda": 0.007038117683962235}, "datetime": {"datetime": "2021-10-05 12:34:27", "elapsed": 19.553173, "delta": 0.546029}}
{"target": -10.185325576724217, "params": {"C": 50.27391274197627, "epsilon": 16.220895955370917, "gamma": 0.07131205953324411, "lamda": 0.006740999303363112}, "datetime": {"datetime": "2021-10-05 12:34:27", "elapsed": 20.042062, "delta": 0.488889}}
{"target": -10.466428391989668, "params": {"C": 57.81646232150487, "epsilon": 11.523453738900933, "gamma": 0.0779049754415529, "lamda": 0.010421940686146505}, "datetime": {"datetime": "2021-10-05 12:34:28", "elapsed": 20.555535, "delta": 0.513473}}
{"target": -10.446478139045109, "params": {"C": 63.40676334290208, "epsilon": 20.785480701689558, "gamma": 0.0808223178410489, "lamda": 0.010142059635786082}, "datetime": {"datetime": "2021-10-05 12:34:28", "elapsed": 21.062309, "delta": 0.506774}}
{"target": -10.532055039231073, "params": {"C": 86.0205073427295, "epsilon": 24.29699483389747, "gamma": 0.08079256714844399, "lamda": 0.008602268231165023}, "datetime": {"datetime": "2021-10-05 12:34:29", "elapsed": 21.565312, "delta": 0.503003}}
{"target": -10.101370417424091, "params": {"C": 45.02747443664896, "epsilon": 26.180290357230426, "gamma": 0.0440027975696293, "lamda": 0.0047274561032038245}, "datetime": {"datetime": "2021-10-05 12:34:29", "elapsed": 22.074777, "delta": 0.509465}}
{"target": -10.435014263172034, "params": {"C": 19.70559603426938, "epsilon": 14.418044627474977, "gamma": 0.06367597798556901, "lamda": 0.015763692084867834}, "datetime": {"datetime": "2021-10-05 12:34:30", "elapsed": 22.623974, "delta": 0.549197}}
{"target": -10.627197456678577, "params": {"C": 25.34057801619889, "epsilon": 22.6752265860623, "gamma": 0.08397087360092585, "lamda": 0.01675945942766939}, "datetime": {"datetime": "2021-10-05 12:34:30", "elapsed": 23.082927, "delta": 0.458953}}
{"target": -10.342436925624813, "params": {"C": 73.06690027221352, "epsilon": 10.942773843236385, "gamma": 0.07206459226826233, "lamda": 0.011736160441004558}, "datetime": {"datetime": "2021-10-05 12:34:31", "elapsed": 23.513831, "delta": 0.430904}}
{"target": -10.914908365062526, "params": {"C": 67.43442569207573, "epsilon": 10.764330812171359, "gamma": 0.09295555088108698, "lamda": 0.016900430143385516}, "datetime": {"datetime": "2021-10-05 12:34:31", "elapsed": 24.013872, "delta": 0.500041}}
