{"target": -10.244104055036393, "params": {"C": 52.13995157798078, "epsilon": 30.338821634855968, "gamma": 0.014286449575153713, "lamda": 0.0054346013743430495}, "datetime": {"datetime": "2021-10-06 14:44:52", "elapsed": 623.331609, "delta": 2.155337}}
{"target": -10.264856649381885, "params": {"C": 41.495228238446856, "epsilon": 32.11574906829267, "gamma": 0.028000740792206706, "lamda": 0.009626614659264548}, "datetime": {"datetime": "2021-10-06 14:44:55", "elapsed": 626.305327, "delta": 2.973718}}
{"target": -10.367432467045514, "params": {"C": 66.43333785754218, "epsilon": 28.978460376503968, "gamma": 0.010580286597037586, "lamda": 0.0035401385466232137}, "datetime": {"datetime": "2021-10-06 14:44:58", "elapsed": 628.384239, "delta": 2.078912}}
{"target": -10.278550194183648, "params": {"C": 55.315270584220016, "epsilon": 30.589178768413973, "gamma": 0.01715010238170229, "lamda": 0.0011323390209870474}, "datetime": {"datetime": "2021-10-06 14:45:00", "elapsed": 630.35898, "delta": 1.974741}}
{"target": -10.114290295081005, "params": {"C": 46.84328914469661, "epsilon": 30.87132723626118, "gamma": 0.016265093043836686, "lamda": 0.002661465382803584}, "datetime": {"datetime": "2021-10-06 14:45:02", "elapsed": 632.483974, "delta": 2.124994}}
{"target": -10.237872141500622, "params": {"C": 53.84442831881506, "epsilon": 24.666999360621695, "gamma": 0.02217955454873024, "lamda": 0.001712496908977359}, "datetime": {"datetime": "2021-10-06 14:45:05", "elapsed": 635.540607, "delta": 3.056633}}
{"target": -10.194515373677628, "params": {"C": 38.00830463301342, "epsilon": 29.939257253050485, "gamma": 0.027154624558477065, "lamda": 0.00760181416263608}, "datetime": {"datetime": "2021-10-06 14:45:07", "elapsed": 637.740251, "delta": 2.199644}}
{"target": -10.198780933530092, "params": {"C": 61.201003435144244, "epsilon": 26.736620669457725, "gamma": 0.01618884599109091, "lamda": 0.006020264008306937}, "datetime": {"datetime": "2021-10-06 14:45:10", "elapsed": 640.788241, "delta": 3.04799}}
{"target": -10.280358686094955, "params": {"C": 48.83674017550686, "epsilon": 31.177809464868634, "gamma": 0.029027963653190117, "lamda": 0.007916910980818696}, "datetime": {"datetime": "2021-10-06 14:45:12", "elapsed": 642.914527, "delta": 2.126286}}
{"target": -10.182586869871027, "params": {"C": 43.45149750284383, "epsilon": 32.266686558601066, "gamma": 0.025698391237378854, "lamda": 0.006121522006719647}, "datetime": {"datetime": "2021-10-06 14:45:14", "elapsed": 645.114531, "delta": 2.200004}}
{"target": -10.565198976050945, "params": {"C": 49.98892060691224, "epsilon": 33.45449340225639, "gamma": 0.012023804698602553, "lamda": 0.008022915976582222}, "datetime": {"datetime": "2021-10-06 14:45:16", "elapsed": 647.128798, "delta": 2.014267}}
{"target": -10.13625829760101, "params": {"C": 46.924846285740415, "epsilon": 30.863201346475282, "gamma": 0.02309240071665026, "lamda": 0.0054409642730521325}, "datetime": {"datetime": "2021-10-06 14:45:18", "elapsed": 649.336476, "delta": 2.207678}}
{"target": -10.154512716313642, "params": {"C": 54.001493116709, "epsilon": 24.408935946855316, "gamma": 0.015672771410952406, "lamda": 0.0051829113678557555}, "datetime": {"datetime": "2021-10-06 14:45:21", "elapsed": 651.593999, "delta": 2.257523}}
{"target": -10.20666652478429, "params": {"C": 55.05366970093044, "epsilon": 30.248910794938514, "gamma": 0.01835591935659049, "lamda": 0.008756822177742042}, "datetime": {"datetime": "2021-10-06 14:45:23", "elapsed": 653.844296, "delta": 2.250297}}
{"target": -10.249244432023703, "params": {"C": 63.60858185785335, "epsilon": 27.55253577017951, "gamma": 0.023036254227380475, "lamda": 0.010080220410876186}, "datetime": {"datetime": "2021-10-06 14:45:25", "elapsed": 656.095604, "delta": 2.251308}}
{"target": -10.26863752610749, "params": {"C": 46.45393757519025, "epsilon": 23.203520662837242, "gamma": 0.02950080122855782, "lamda": 0.006121466329046198}, "datetime": {"datetime": "2021-10-06 14:45:28", "elapsed": 658.358006, "delta": 2.262402}}
{"target": -10.25450901681043, "params": {"C": 63.48833698603458, "epsilon": 28.626706133414146, "gamma": 0.02293812752375982, "lamda": 0.009680232502601168}, "datetime": {"datetime": "2021-10-06 14:45:30", "elapsed": 660.606486, "delta": 2.24848}}
{"target": -10.16418903923177, "params": {"C": 51.575722853643086, "epsilon": 24.70678107332375, "gamma": 0.019686581693282898, "lamda": 0.009014795078114066}, "datetime": {"datetime": "2021-10-06 14:45:33", "elapsed": 663.633017, "delta": 3.026531}}
{"target": -10.335478495735433, "params": {"C": 54.86732144706243, "epsilon": 33.374387750157496, "gamma": 0.028597174134148806, "lamda": 0.00181530544308765}, "datetime": {"datetime": "2021-10-06 14:45:35", "elapsed": 665.917917, "delta": 2.2849}}
{"target": -10.116600795794861, "params": {"C": 43.098961160095094, "epsilon": 28.72834607095966, "gamma": 0.01796635649465647, "lamda": 0.004500570075060169}, "datetime": {"datetime": "2021-10-06 14:45:38", "elapsed": 669.088178, "delta": 3.170261}}
{"target": -10.24530782767149, "params": {"C": 56.20870534823824, "epsilon": 26.765724119655438, "gamma": 0.024270070078278392, "lamda": 0.009661697429493821}, "datetime": {"datetime": "2021-10-06 14:45:40", "elapsed": 671.269218, "delta": 2.18104}}
{"target": -10.22219577796925, "params": {"C": 66.07128619498053, "epsilon": 32.56567501646429, "gamma": 0.024726993896220052, "lamda": 0.004705253231436493}, "datetime": {"datetime": "2021-10-06 14:45:43", "elapsed": 673.393542, "delta": 2.124324}}
{"target": -10.217011596623374, "params": {"C": 45.43836449709141, "epsilon": 26.496120994435444, "gamma": 0.023611330743668085, "lamda": 0.010624783472722351}, "datetime": {"datetime": "2021-10-06 14:45:45", "elapsed": 675.98325, "delta": 2.589708}}
{"target": -10.190809163216851, "params": {"C": 55.93820270614595, "epsilon": 23.626341407067997, "gamma": 0.019273927407040002, "lamda": 0.009570815953480475}, "datetime": {"datetime": "2021-10-06 14:45:47", "elapsed": 678.218384, "delta": 2.235134}}
{"target": -10.20518812033626, "params": {"C": 42.94049729200924, "epsilon": 25.35435348813544, "gamma": 0.02702040443063585, "lamda": 0.006290436418699581}, "datetime": {"datetime": "2021-10-06 14:45:50", "elapsed": 680.419925, "delta": 2.201541}}
{"target": -10.249397535335717, "params": {"C": 64.00660949156178, "epsilon": 30.98523720390085, "gamma": 0.025401304638916145, "lamda": 0.006271400365594029}, "datetime": {"datetime": "2021-10-06 14:45:52", "elapsed": 682.677231, "delta": 2.257306}}
{"target": -10.179808090139035, "params": {"C": 44.96830470846326, "epsilon": 26.217039597881893, "gamma": 0.022594031663766917, "lamda": 0.00822080420756979}, "datetime": {"datetime": "2021-10-06 14:45:55", "elapsed": 685.731228, "delta": 3.053997}}
{"target": -10.194312623338108, "params": {"C": 58.50181208504509, "epsilon": 29.44971423239814, "gamma": 0.0248533987721843, "lamda": 0.004466308657811038}, "datetime": {"datetime": "2021-10-06 14:45:58", "elapsed": 688.609317, "delta": 2.878089}}
{"target": -10.59734949266646, "params": {"C": 48.737127677228784, "epsilon": 28.86554475424866, "gamma": 0.011909523061606841, "lamda": 0.010204360254723892}, "datetime": {"datetime": "2021-10-06 14:46:00", "elapsed": 690.996709, "delta": 2.387392}}
{"target": -10.699201939104046, "params": {"C": 60.69705190991253, "epsilon": 32.37822583057215, "gamma": 0.010935280531367131, "lamda": 0.008714123341294226}, "datetime": {"datetime": "2021-10-06 14:46:03", "elapsed": 693.382522, "delta": 2.385813}}
{"target": -10.2836812287931, "params": {"C": 43.02792573468243, "epsilon": 27.141160655421395, "gamma": 0.011366236095231122, "lamda": 0.004222573828199465}, "datetime": {"datetime": "2021-10-06 14:46:05", "elapsed": 696.33523, "delta": 2.952708}}
{"target": -10.229493284829301, "params": {"C": 45.34922347159436, "epsilon": 32.0756715312047, "gamma": 0.027877289577311642, "lamda": 0.006434242787113218}, "datetime": {"datetime": "2021-10-06 14:46:08", "elapsed": 698.744964, "delta": 2.409734}}
{"target": -10.113782320846116, "params": {"C": 41.14387969221807, "epsilon": 25.758240392972624, "gamma": 0.02020335648780909, "lamda": 0.006260612659563875}, "datetime": {"datetime": "2021-10-06 14:46:10", "elapsed": 701.278352, "delta": 2.533388}}
{"target": -10.174370034919896, "params": {"C": 45.56765593955698, "epsilon": 27.07114328200178, "gamma": 0.015240071366117505, "lamda": 0.0012312733657440275}, "datetime": {"datetime": "2021-10-06 14:46:13", "elapsed": 703.873174, "delta": 2.594822}}
{"target": -10.148545553792136, "params": {"C": 54.47128239129269, "epsilon": 32.78488262599, "gamma": 0.015649888192686236, "lamda": 0.0026506822651380787}, "datetime": {"datetime": "2021-10-06 14:46:15", "elapsed": 706.262312, "delta": 2.389138}}
{"target": -10.232483249260964, "params": {"C": 49.28387245844203, "epsilon": 29.395387145675574, "gamma": 0.014707430867627573, "lamda": 0.005816110082027411}, "datetime": {"datetime": "2021-10-06 14:46:19", "elapsed": 709.493393, "delta": 3.231081}}
{"target": -10.410450997407418, "params": {"C": 66.1967590033956, "epsilon": 22.87147453956997, "gamma": 0.014649847887301623, "lamda": 0.010655010205481477}, "datetime": {"datetime": "2021-10-06 14:46:21", "elapsed": 711.991392, "delta": 2.497999}}
{"target": -10.32701949059138, "params": {"C": 50.75574487436936, "epsilon": 33.27384716486239, "gamma": 0.012757501043991372, "lamda": 0.0007597703886489584}, "datetime": {"datetime": "2021-10-06 14:46:25", "elapsed": 715.382912, "delta": 3.39152}}
{"target": -10.130330676445505, "params": {"C": 64.24764740451573, "epsilon": 29.084300305946606, "gamma": 0.016015336402384783, "lamda": 0.0021654891204064292}, "datetime": {"datetime": "2021-10-06 14:46:27", "elapsed": 717.941783, "delta": 2.558871}}
{"target": -10.21653890485073, "params": {"C": 48.92587643459763, "epsilon": 23.8745669507987, "gamma": 0.021452455222151442, "lamda": 0.0015338897876348693}, "datetime": {"datetime": "2021-10-06 14:46:31", "elapsed": 721.548732, "delta": 3.606949}}
{"target": -10.353721163784387, "params": {"C": 53.891203631736914, "epsilon": 29.56185301570925, "gamma": 0.010085620898484613, "lamda": 0.0029949189357639434}, "datetime": {"datetime": "2021-10-06 14:46:33", "elapsed": 723.976821, "delta": 2.428089}}
{"target": -10.183428723257041, "params": {"C": 42.3691287365519, "epsilon": 27.945935141231864, "gamma": 0.025764764479101622, "lamda": 0.005082549538617311}, "datetime": {"datetime": "2021-10-06 14:46:36", "elapsed": 726.46111, "delta": 2.484289}}
{"target": -10.211935028476669, "params": {"C": 55.790960582777714, "epsilon": 24.05272177895729, "gamma": 0.023404111241824975, "lamda": 0.0012408590550112607}, "datetime": {"datetime": "2021-10-06 14:46:39", "elapsed": 729.864248, "delta": 3.403138}}
{"target": -10.268733523622405, "params": {"C": 66.0973897842175, "epsilon": 23.83488171909718, "gamma": 0.02550265823881327, "lamda": 0.008298725490059205}, "datetime": {"datetime": "2021-10-06 14:46:43", "elapsed": 733.399646, "delta": 3.535398}}
{"target": -10.181455365030885, "params": {"C": 63.379385671585496, "epsilon": 26.512645645700857, "gamma": 0.019655580777468068, "lamda": 0.008419799618285581}, "datetime": {"datetime": "2021-10-06 14:46:45", "elapsed": 735.688805, "delta": 2.289159}}
{"target": -10.30364977700646, "params": {"C": 48.63408227959105, "epsilon": 29.37837866450122, "gamma": 0.027919415857961767, "lamda": 0.002685614975465595}, "datetime": {"datetime": "2021-10-06 14:46:47", "elapsed": 737.994546, "delta": 2.305741}}
{"target": -10.282257696995787, "params": {"C": 48.463652378368145, "epsilon": 29.552825304215588, "gamma": 0.012024938107003634, "lamda": 0.0031705525318178472}, "datetime": {"datetime": "2021-10-06 14:46:50", "elapsed": 740.520542, "delta": 2.525996}}
{"target": -10.254014555919229, "params": {"C": 58.43445530742466, "epsilon": 29.971741858096937, "gamma": 0.01843448016969089, "lamda": 0.009957233421541905}, "datetime": {"datetime": "2021-10-06 14:46:52", "elapsed": 742.958983, "delta": 2.438441}}
{"target": -10.276149730635732, "params": {"C": 66.03740642718171, "epsilon": 22.90666527488775, "gamma": 0.023743323910776087, "lamda": 0.010812279704083065}, "datetime": {"datetime": "2021-10-06 14:46:54", "elapsed": 745.309837, "delta": 2.350854}}
{"target": -10.164807462938416, "params": {"C": 47.25228839938649, "epsilon": 27.459863251416724, "gamma": 0.019880914261935438, "lamda": 0.009590668904527828}, "datetime": {"datetime": "2021-10-06 14:46:57", "elapsed": 747.880501, "delta": 2.570664}}
{"target": -10.205470462501115, "params": {"C": 47.83270664264985, "epsilon": 32.65440735977318, "gamma": 0.01949521373548923, "lamda": 0.009737421720755389}, "datetime": {"datetime": "2021-10-06 14:46:59", "elapsed": 750.307931, "delta": 2.42743}}
