{"target": -11.822565789904607, "params": {"C": 41.52594349227826, "epsilon": 12.53245548292686, "gamma": 0.1442789161909311, "lamda": 0.023383463261987217}, "datetime": {"datetime": "2021-10-05 10:12:58", "elapsed": 1168.111465, "delta": 2.843459}}
{"target": -49.38665717604363, "params": {"C": 41.09084571216889, "epsilon": 12.473178622853867, "gamma": 0.1835267581240236, "lamda": 0.5680835335772683}, "datetime": {"datetime": "2021-10-05 10:13:02", "elapsed": 1172.119326, "delta": 4.007861}}
{"target": -11.381078073205586, "params": {"C": 42.14146772879026, "epsilon": 12.042601530643003, "gamma": 0.09793170708148986, "lamda": 0.03551139844916408}, "datetime": {"datetime": "2021-10-05 10:13:07", "elapsed": 1176.715582, "delta": 4.596256}}
{"target": -96.84686069686266, "params": {"C": 37.12383788138066, "epsilon": 6.819926676575134, "gamma": 0.18099091875084597, "lamda": 0.7876666099199816}, "datetime": {"datetime": "2021-10-05 10:13:10", "elapsed": 1179.596877, "delta": 2.881295}}
{"target": -57.22967191911877, "params": {"C": 72.74012268932668, "epsilon": 8.741017923630949, "gamma": 0.06991970521433548, "lamda": 0.48932123427697055}, "datetime": {"datetime": "2021-10-05 10:13:14", "elapsed": 1183.466938, "delta": 3.870061}}
{"target": -45.06688979293851, "params": {"C": 42.301361209788155, "epsilon": 12.65258753800109, "gamma": 0.1412411729769102, "lamda": 0.5113244483396725}, "datetime": {"datetime": "2021-10-05 10:13:19", "elapsed": 1188.888257, "delta": 5.421319}}
{"target": -16.30488353860208, "params": {"C": 58.33914622354548, "epsilon": 15.595546356797435, "gamma": 0.024368734089061952, "lamda": 0.18177282129633437}, "datetime": {"datetime": "2021-10-05 10:13:25", "elapsed": 1195.061085, "delta": 6.172828}}
{"target": -101.81011416925448, "params": {"C": 68.62719049158979, "epsilon": 4.093598036716477, "gamma": 0.1684998691698355, "lamda": 0.7855363605928893}, "datetime": {"datetime": "2021-10-05 10:13:28", "elapsed": 1198.015732, "delta": 2.954647}}
{"target": -32.34184611979785, "params": {"C": 58.66896389157173, "epsilon": 14.648136465761786, "gamma": 0.04302577123098573, "lamda": 0.36275781353247577}, "datetime": {"datetime": "2021-10-05 10:13:34", "elapsed": 1203.193723, "delta": 5.177991}}
{"target": -12.793993147627184, "params": {"C": 52.20853977084916, "epsilon": 17.28262371667862, "gamma": 0.12304009530574263, "lamda": 0.07980469243236506}, "datetime": {"datetime": "2021-10-05 10:13:36", "elapsed": 1206.127167, "delta": 2.933444}}
{"target": -35.58362925246371, "params": {"C": 52.306231501222356, "epsilon": 16.572758825196097, "gamma": 0.17318526619961644, "lamda": 0.41887016537566873}, "datetime": {"datetime": "2021-10-05 10:13:43", "elapsed": 1212.588407, "delta": 6.46124}}
{"target": -17.05542561980801, "params": {"C": 51.64230381479684, "epsilon": 17.799496125628277, "gamma": 0.0072111698223717505, "lamda": 0.15451889701328958}, "datetime": {"datetime": "2021-10-05 10:13:49", "elapsed": 1218.200523, "delta": 5.612116}}
{"target": -12.42282067426233, "params": {"C": 11.699323738130243, "epsilon": 2.1824817043642186, "gamma": 0.16736678896057486, "lamda": 0.05283960044968326}, "datetime": {"datetime": "2021-10-05 10:13:52", "elapsed": 1221.212571, "delta": 3.012048}}
{"target": -89.95091114367936, "params": {"C": 11.874760075064378, "epsilon": 2.5009308667498793, "gamma": 0.05751647185598523, "lamda": 0.7319896852379796}, "datetime": {"datetime": "2021-10-05 10:13:57", "elapsed": 1226.691202, "delta": 5.478631}}
{"target": -49.45599745086638, "params": {"C": 78.24716096015024, "epsilon": 23.828952272559167, "gamma": 0.04495043627923208, "lamda": 0.7957839225226763}, "datetime": {"datetime": "2021-10-05 10:14:00", "elapsed": 1229.800186, "delta": 3.108984}}
{"target": -18.156734249723698, "params": {"C": 52.49671292950467, "epsilon": 18.042351241688635, "gamma": 0.05739015982245687, "lamda": 0.23869695211130687}, "datetime": {"datetime": "2021-10-05 10:14:06", "elapsed": 1235.679666, "delta": 5.87948}}
{"target": -14.551167812059878, "params": {"C": 41.59100616978443, "epsilon": 11.692976880652187, "gamma": 0.17355779902913082, "lamda": 0.11159885783692351}, "datetime": {"datetime": "2021-10-05 10:14:12", "elapsed": 1241.81328, "delta": 6.133614}}
{"target": -17.23827272421292, "params": {"C": 11.223092848725129, "epsilon": 1.6432392323485703, "gamma": 0.07034994542872122, "lamda": 0.1897974125710304}, "datetime": {"datetime": "2021-10-05 10:14:19", "elapsed": 1248.512333, "delta": 6.699053}}
{"target": -16.85035590645361, "params": {"C": 70.64473911519876, "epsilon": 23.184405696935766, "gamma": 0.09011480072230878, "lamda": 0.2395743359834198}, "datetime": {"datetime": "2021-10-05 10:14:25", "elapsed": 1254.396698, "delta": 5.884365}}
{"target": -11.742034944758482, "params": {"C": 29.629092909407973, "epsilon": 9.92626170447607, "gamma": 0.11591489074374219, "lamda": 0.007719073488765375}, "datetime": {"datetime": "2021-10-05 10:14:31", "elapsed": 1260.856723, "delta": 6.460025}}
{"target": -14.958177489409898, "params": {"C": 69.73106935583235, "epsilon": 23.204365275240388, "gamma": 0.08919937170379653, "lamda": 0.17590019018519532}, "datetime": {"datetime": "2021-10-05 10:14:36", "elapsed": 1266.05737, "delta": 5.200647}}
{"target": -14.631778151272567, "params": {"C": 94.71159071107783, "epsilon": 25.778068466379228, "gamma": 0.0005, "lamda": 0.0005}, "datetime": {"datetime": "2021-10-05 10:14:43", "elapsed": 1272.866721, "delta": 6.809351}}
{"target": -11.456462090517183, "params": {"C": 46.97942511075011, "epsilon": 2.575304826155258, "gamma": 0.08614530459511327, "lamda": 0.013883403040977203}, "datetime": {"datetime": "2021-10-05 10:14:46", "elapsed": 1276.022688, "delta": 3.155967}}
{"target": -13.314323269855906, "params": {"C": 11.946525594069369, "epsilon": 1.5147709049077869, "gamma": 0.2, "lamda": 0.0005}, "datetime": {"datetime": "2021-10-05 10:14:53", "elapsed": 1282.747817, "delta": 6.725129}}
{"target": -65.99522208187517, "params": {"C": 47.03171606385834, "epsilon": 3.0797417434298855, "gamma": 0.06591521950529615, "lamda": 0.5081900436800695}, "datetime": {"datetime": "2021-10-05 10:15:01", "elapsed": 1290.732398, "delta": 7.984581}}
{"target": -47.806056910364966, "params": {"C": 23.937389648709345, "epsilon": 19.072051470752925, "gamma": 0.09280903816410287, "lamda": 0.6474175092584173}, "datetime": {"datetime": "2021-10-05 10:15:04", "elapsed": 1293.753327, "delta": 3.020929}}
{"target": -11.425077427213033, "params": {"C": 31.07817439662466, "epsilon": 22.07155967753226, "gamma": 0.12612055044151427, "lamda": 0.02417903120573926}, "datetime": {"datetime": "2021-10-05 10:15:07", "elapsed": 1296.90958, "delta": 3.156253}}
{"target": -12.901373843074957, "params": {"C": 47.173860439214245, "epsilon": 2.092954509324925, "gamma": 0.1691197913195723, "lamda": 0.06628581286205983}, "datetime": {"datetime": "2021-10-05 10:15:15", "elapsed": 1304.622496, "delta": 7.712916}}
{"target": -14.343105550332266, "params": {"C": 31.786379995896674, "epsilon": 22.32762133432731, "gamma": 0.060988855315886145, "lamda": 0.15606295512808205}, "datetime": {"datetime": "2021-10-05 10:15:20", "elapsed": 1309.669235, "delta": 5.046739}}
{"target": -33.69507698434696, "params": {"C": 4.04077668429475, "epsilon": 10.416477989286768, "gamma": 0.09867646482598641, "lamda": 0.3818180899610882}, "datetime": {"datetime": "2021-10-05 10:15:23", "elapsed": 1312.461658, "delta": 2.792423}}
{"target": -63.780965806998466, "params": {"C": 99.95679316508512, "epsilon": 6.755611023536908, "gamma": 0.044430703618588425, "lamda": 0.5836190847745719}, "datetime": {"datetime": "2021-10-05 10:15:26", "elapsed": 1315.439107, "delta": 2.977449}}
{"target": -40.68104729213672, "params": {"C": 31.393805173513286, "epsilon": 21.495811858574456, "gamma": 0.08061525131497636, "lamda": 0.5813357713047465}, "datetime": {"datetime": "2021-10-05 10:15:32", "elapsed": 1321.917069, "delta": 6.477962}}
{"target": -29.071484918166725, "params": {"C": 43.08894807234542, "epsilon": 22.51405321273814, "gamma": 0.09331542018251598, "lamda": 0.4291401431756726}, "datetime": {"datetime": "2021-10-05 10:15:35", "elapsed": 1325.075319, "delta": 3.15825}}
{"target": -52.007785382992544, "params": {"C": 70.07640097113868, "epsilon": 22.919667889976772, "gamma": 0.2, "lamda": 0.8}, "datetime": {"datetime": "2021-10-05 10:15:43", "elapsed": 1332.442223, "delta": 7.366904}}
{"target": -14.34052133721819, "params": {"C": 31.010181671517277, "epsilon": 23.09638737895732, "gamma": 0.09226855976519913, "lamda": 0.15078950990728654}, "datetime": {"datetime": "2021-10-05 10:15:50", "elapsed": 1339.916381, "delta": 7.474158}}
{"target": -58.85929909419267, "params": {"C": 52.39530261017357, "epsilon": 15.694696273507075, "gamma": 0.05999038402637669, "lamda": 0.719399326880801}, "datetime": {"datetime": "2021-10-05 10:15:54", "elapsed": 1343.249003, "delta": 3.332622}}
{"target": -11.684328071488718, "params": {"C": 46.385610599047375, "epsilon": 2.175883749421609, "gamma": 0.05895001818910151, "lamda": 0.0880862598121472}, "datetime": {"datetime": "2021-10-05 10:15:59", "elapsed": 1348.496124, "delta": 5.247121}}
{"target": -11.062837705208235, "params": {"C": 46.40325108110152, "epsilon": 1.3509105118888858, "gamma": 0.06671977487784063, "lamda": 0.0608445250028287}, "datetime": {"datetime": "2021-10-05 10:16:04", "elapsed": 1354.165163, "delta": 5.669039}}
{"target": -15.76047603251071, "params": {"C": 34.91931188145968, "epsilon": 29.346199409325123, "gamma": 0.17518595366946377, "lamda": 0.19213825695845071}, "datetime": {"datetime": "2021-10-05 10:16:08", "elapsed": 1357.32601, "delta": 3.160847}}
{"target": -22.95612017677083, "params": {"C": 7.713741220999174, "epsilon": 15.014653103679485, "gamma": 0.10784438900256096, "lamda": 0.27976344138610015}, "datetime": {"datetime": "2021-10-05 10:16:11", "elapsed": 1360.371339, "delta": 3.045329}}
{"target": -102.25056913831227, "params": {"C": 46.62985612396955, "epsilon": 1.5803126079290197, "gamma": 0.07195411093361916, "lamda": 0.7530549782672084}, "datetime": {"datetime": "2021-10-05 10:16:16", "elapsed": 1365.762697, "delta": 5.391358}}
{"target": -44.949615982408204, "params": {"C": 31.431996642705037, "epsilon": 22.572383073039074, "gamma": 0.16137023936677772, "lamda": 0.7159209570316013}, "datetime": {"datetime": "2021-10-05 10:16:21", "elapsed": 1371.049632, "delta": 5.286935}}
{"target": -25.562883070620817, "params": {"C": 8.936606610586015, "epsilon": 3.1076823208613242, "gamma": 0.1988014915509909, "lamda": 0.27990012710203743}, "datetime": {"datetime": "2021-10-05 10:16:25", "elapsed": 1374.243744, "delta": 3.194112}}
{"target": -14.630168323044812, "params": {"C": 95.6086955563613, "epsilon": 25.576298792703138, "gamma": 0.0005, "lamda": 0.0005}, "datetime": {"datetime": "2021-10-05 10:16:30", "elapsed": 1380.120752, "delta": 5.877008}}
{"target": -65.19106454911065, "params": {"C": 84.98089445322269, "epsilon": 11.711262241933888, "gamma": 0.18514187742873928, "lamda": 0.6973664410031348}, "datetime": {"datetime": "2021-10-05 10:16:33", "elapsed": 1383.069736, "delta": 2.948984}}
{"target": -14.931970943357035, "params": {"C": 70.14521138561895, "epsilon": 23.863028190404258, "gamma": 0.0005, "lamda": 0.0005}, "datetime": {"datetime": "2021-10-05 10:16:39", "elapsed": 1388.958108, "delta": 5.888372}}
{"target": -11.09442621764686, "params": {"C": 45.60317718100404, "epsilon": 1.6873496162932418, "gamma": 0.02560478378152102, "lamda": 0.03371773764063788}, "datetime": {"datetime": "2021-10-05 10:16:46", "elapsed": 1395.932015, "delta": 6.973907}}
{"target": -12.213861097941537, "params": {"C": 45.509468724147574, "epsilon": 1.0204695186966037, "gamma": 0.1158615000782249, "lamda": 0.0607602905232107}, "datetime": {"datetime": "2021-10-05 10:16:54", "elapsed": 1403.847933, "delta": 7.915918}}
{"target": -13.202086916129154, "params": {"C": 71.20216721200612, "epsilon": 23.825071083949272, "gamma": 0.11950462414152455, "lamda": 0.09848619439047525}, "datetime": {"datetime": "2021-10-05 10:17:04", "elapsed": 1413.641028, "delta": 9.793095}}
{"target": -27.35886637408498, "params": {"C": 41.16110707979899, "epsilon": 18.259328011986995, "gamma": 0.11971590476022974, "lamda": 0.3579216254423461}, "datetime": {"datetime": "2021-10-05 10:17:07", "elapsed": 1416.916842, "delta": 3.275814}}
{"target": -25.373260794288843, "params": {"C": 70.89049692900481, "epsilon": 24.552442405778013, "gamma": 0.19664859561997974, "lamda": 0.38092204467693014}, "datetime": {"datetime": "2021-10-05 10:17:15", "elapsed": 1425.074922, "delta": 8.15808}}
{"target": -15.593538440314504, "params": {"C": 86.87450865046961, "epsilon": 20.6371599274592, "gamma": 0.0015579215414860128, "lamda": 0.022212361614766595}, "datetime": {"datetime": "2021-10-05 10:17:19", "elapsed": 1428.27747, "delta": 3.202548}}
{"target": -14.976777545100402, "params": {"C": 69.37468347893721, "epsilon": 22.44398354289475, "gamma": 0.0005, "lamda": 0.0005}, "datetime": {"datetime": "2021-10-05 10:17:26", "elapsed": 1435.695009, "delta": 7.417539}}
{"target": -15.496435084256818, "params": {"C": 30.455381188129156, "epsilon": 22.530604849899582, "gamma": 0.0005, "lamda": 0.0005}, "datetime": {"datetime": "2021-10-05 10:17:33", "elapsed": 1443.153123, "delta": 7.458114}}
{"target": -15.011584248416629, "params": {"C": 69.9100052101635, "epsilon": 21.728732029037534, "gamma": 0.0005, "lamda": 0.0005}, "datetime": {"datetime": "2021-10-05 10:17:40", "elapsed": 1450.140924, "delta": 6.987801}}
{"target": -22.751655156302004, "params": {"C": 71.49796512838586, "epsilon": 23.22664727243428, "gamma": 0.19863801864837816, "lamda": 0.3220832285880218}, "datetime": {"datetime": "2021-10-05 10:17:46", "elapsed": 1456.137258, "delta": 5.996334}}
{"target": -12.238950857558354, "params": {"C": 69.27091726214988, "epsilon": 23.912892151596232, "gamma": 0.08932196066196726, "lamda": 0.08374645538217054}, "datetime": {"datetime": "2021-10-05 10:17:54", "elapsed": 1463.357746, "delta": 7.220488}}
{"target": -39.1090105677723, "params": {"C": 95.18249715237582, "epsilon": 25.496634924808458, "gamma": 0.1961022589086624, "lamda": 0.685148445643435}, "datetime": {"datetime": "2021-10-05 10:18:03", "elapsed": 1473.031921, "delta": 9.674175}}
{"target": -12.528502453799073, "params": {"C": 45.76352750422679, "epsilon": 2.5063930516207615, "gamma": 0.15506600321669675, "lamda": 0.06113098255529624}, "datetime": {"datetime": "2021-10-05 10:18:11", "elapsed": 1480.496743, "delta": 7.464822}}
{"target": -31.88867674054735, "params": {"C": 68.7142249965662, "epsilon": 23.357969512488904, "gamma": 0.10064749314989085, "lamda": 0.47774332039200057}, "datetime": {"datetime": "2021-10-05 10:18:18", "elapsed": 1487.379139, "delta": 6.882396}}
{"target": -12.136956465368764, "params": {"C": 70.87554060381764, "epsilon": 22.19381092299697, "gamma": 0.17907375837619482, "lamda": 0.029688041928902585}, "datetime": {"datetime": "2021-10-05 10:18:24", "elapsed": 1494.154141, "delta": 6.775002}}
{"target": -14.908838265503322, "params": {"C": 69.58688952662216, "epsilon": 24.623047766073043, "gamma": 0.0005, "lamda": 0.0005}, "datetime": {"datetime": "2021-10-05 10:18:30", "elapsed": 1499.694211, "delta": 5.54007}}
{"target": -61.523485998802066, "params": {"C": 32.34821066013039, "epsilon": 9.009615208158074, "gamma": 0.03912583925382765, "lamda": 0.5537180248739759}, "datetime": {"datetime": "2021-10-05 10:18:33", "elapsed": 1503.176402, "delta": 3.482191}}
{"target": -15.986685865402201, "params": {"C": 70.69474253075802, "epsilon": 21.27002214353478, "gamma": 0.08608233641485338, "lamda": 0.2005840938500721}, "datetime": {"datetime": "2021-10-05 10:18:40", "elapsed": 1509.754319, "delta": 6.577917}}
{"target": -32.10617039205138, "params": {"C": 61.54968599101463, "epsilon": 23.50881470238887, "gamma": 0.15899363178223172, "lamda": 0.4800467944954853}, "datetime": {"datetime": "2021-10-05 10:18:44", "elapsed": 1513.271761, "delta": 3.517442}}
{"target": -39.67868492146453, "params": {"C": 69.29283010525342, "epsilon": 24.581802381963367, "gamma": 0.05804211033952816, "lamda": 0.6313142679961878}, "datetime": {"datetime": "2021-10-05 10:18:54", "elapsed": 1523.336658, "delta": 10.064897}}
{"target": -65.52855733243388, "params": {"C": 77.8036024934491, "epsilon": 9.673588795692003, "gamma": 0.018777476472869436, "lamda": 0.5788363155222176}, "datetime": {"datetime": "2021-10-05 10:18:57", "elapsed": 1526.715014, "delta": 3.378356}}
{"target": -34.13172877334383, "params": {"C": 71.37625540304414, "epsilon": 21.851338319298236, "gamma": 0.17692799092519101, "lamda": 0.4793922965622649}, "datetime": {"datetime": "2021-10-05 10:19:04", "elapsed": 1533.545738, "delta": 6.830724}}
{"target": -22.66132611778005, "params": {"C": 68.62032469562807, "epsilon": 9.7353844021228, "gamma": 0.03930597672046287, "lamda": 0.24950516686533394}, "datetime": {"datetime": "2021-10-05 10:19:07", "elapsed": 1536.868417, "delta": 3.322679}}
{"target": -39.50076929480652, "params": {"C": 29.783342334942557, "epsilon": 10.543839740979264, "gamma": 0.1630966892486123, "lamda": 0.41648176490048433}, "datetime": {"datetime": "2021-10-05 10:19:17", "elapsed": 1546.573907, "delta": 9.70549}}
{"target": -13.644409353845802, "params": {"C": 47.91464835311476, "epsilon": 7.538479102005075, "gamma": 0.2, "lamda": 0.0005}, "datetime": {"datetime": "2021-10-05 10:19:23", "elapsed": 1552.715161, "delta": 6.141254}}
{"target": -49.041937981245866, "params": {"C": 13.235368074936114, "epsilon": 14.798487392861379, "gamma": 0.04218834924716614, "lamda": 0.49124015654176195}, "datetime": {"datetime": "2021-10-05 10:19:27", "elapsed": 1556.236889, "delta": 3.521728}}
{"target": -81.88498702650159, "params": {"C": 63.854574513117015, "epsilon": 5.641530714452695, "gamma": 0.10194105595676553, "lamda": 0.7360076268844256}, "datetime": {"datetime": "2021-10-05 10:19:30", "elapsed": 1559.872095, "delta": 3.635206}}
{"target": -27.146762882215185, "params": {"C": 56.90197508972575, "epsilon": 12.85206343734941, "gamma": 0.09928091810691224, "lamda": 0.3183748717928026}, "datetime": {"datetime": "2021-10-05 10:19:34", "elapsed": 1563.269091, "delta": 3.396996}}
{"target": -12.04683155277482, "params": {"C": 30.017753118401252, "epsilon": 23.279444968059245, "gamma": 0.01880908433302082, "lamda": 0.0493573936084671}, "datetime": {"datetime": "2021-10-05 10:19:41", "elapsed": 1570.866795, "delta": 7.597704}}
{"target": -14.731832918386262, "params": {"C": 30.425571607360546, "epsilon": 24.124648800858804, "gamma": 0.02745548740679742, "lamda": 0.1604871628759384}, "datetime": {"datetime": "2021-10-05 10:19:50", "elapsed": 1579.477677, "delta": 8.610882}}
{"target": -41.11613087196416, "params": {"C": 30.365875021537008, "epsilon": 23.48900395131897, "gamma": 0.2, "lamda": 0.6759635266282545}, "datetime": {"datetime": "2021-10-05 10:19:58", "elapsed": 1587.747486, "delta": 8.269809}}
{"target": -36.8702159776527, "params": {"C": 70.10392782145387, "epsilon": 20.795372262868398, "gamma": 0.18583222069216165, "lamda": 0.5274127941714725}, "datetime": {"datetime": "2021-10-05 10:20:06", "elapsed": 1595.623387, "delta": 7.875901}}
{"target": -27.379473600062948, "params": {"C": 26.27713021785443, "epsilon": 11.292563873786435, "gamma": 0.013188485737149752, "lamda": 0.27033483398281766}, "datetime": {"datetime": "2021-10-05 10:20:09", "elapsed": 1598.969934, "delta": 3.346547}}
{"target": -15.002878820628359, "params": {"C": 29.334631968319272, "epsilon": 22.794656656067406, "gamma": 0.006489247653537667, "lamda": 0.08893052014616594}, "datetime": {"datetime": "2021-10-05 10:20:19", "elapsed": 1608.890421, "delta": 9.920487}}
{"target": -14.120034378286814, "params": {"C": 48.32100502320542, "epsilon": 6.668204304851272, "gamma": 0.12694059973842747, "lamda": 0.11610638871569898}, "datetime": {"datetime": "2021-10-05 10:20:26", "elapsed": 1615.714811, "delta": 6.82439}}
{"target": -15.960416662095769, "params": {"C": 65.40234309455109, "epsilon": 14.18369876065513, "gamma": 0.14704670288033567, "lamda": 0.15709661016549994}, "datetime": {"datetime": "2021-10-05 10:20:29", "elapsed": 1618.953497, "delta": 3.238686}}
{"target": -47.67687549157652, "params": {"C": 69.68594427734332, "epsilon": 9.336979783445123, "gamma": 0.10025344720309787, "lamda": 0.42272922220567183}, "datetime": {"datetime": "2021-10-05 10:20:33", "elapsed": 1622.346993, "delta": 3.393496}}
{"target": -50.72539938459191, "params": {"C": 47.56470753778772, "epsilon": 6.91692367953573, "gamma": 0.09924663660125586, "lamda": 0.452667224311196}, "datetime": {"datetime": "2021-10-05 10:20:39", "elapsed": 1628.995191, "delta": 6.648198}}
{"target": -30.742955604435174, "params": {"C": 66.01629841665743, "epsilon": 13.651402100923622, "gamma": 0.12705350649324437, "lamda": 0.3569009969214354}, "datetime": {"datetime": "2021-10-05 10:20:50", "elapsed": 1639.918862, "delta": 10.923671}}
{"target": -17.54760457511458, "params": {"C": 48.997410874654356, "epsilon": 6.8768874012326515, "gamma": 0.09387816116283647, "lamda": 0.18418618173538165}, "datetime": {"datetime": "2021-10-05 10:20:58", "elapsed": 1647.404693, "delta": 7.485831}}
{"target": -20.138788738168103, "params": {"C": 5.167578240388762, "epsilon": 21.518529245869242, "gamma": 0.10852756176777342, "lamda": 0.2872664927947145}, "datetime": {"datetime": "2021-10-05 10:21:01", "elapsed": 1650.95728, "delta": 3.552587}}
{"target": -50.64649092250458, "params": {"C": 76.02235778227934, "epsilon": 23.61406618332718, "gamma": 0.13979841898635792, "lamda": 0.7985518668250909}, "datetime": {"datetime": "2021-10-05 10:21:05", "elapsed": 1654.403738, "delta": 3.446458}}
{"target": -14.617641236876455, "params": {"C": 31.34616750658585, "epsilon": 24.23225567328808, "gamma": 0.11386975853185122, "lamda": 0.16074486867648685}, "datetime": {"datetime": "2021-10-05 10:21:11", "elapsed": 1660.881775, "delta": 6.478037}}
