{"target": -10.191203168414447, "params": {"C": 34.21969146718935, "epsilon": 28.494593720729146, "gamma": 0.016171677019584964, "lamda": 0.007973504884364631}, "datetime": {"datetime": "2021-10-06 13:41:31", "elapsed": 931.196456, "delta": 3.3912}}
{"target": -10.422046163432404, "params": {"C": 57.504612734027134, "epsilon": 31.388805853550576, "gamma": 0.018722288569497224, "lamda": 0.01478052743470469}, "datetime": {"datetime": "2021-10-06 13:41:34", "elapsed": 933.751947, "delta": 2.555491}}
{"target": -10.472824967043334, "params": {"C": 96.05416253097776, "epsilon": 20.975416246378934, "gamma": 0.017050325490390535, "lamda": 0.017339715537647772}, "datetime": {"datetime": "2021-10-06 13:41:36", "elapsed": 936.234729, "delta": 2.482782}}
{"target": -10.373086455677294, "params": {"C": 73.40137858921261, "epsilon": 17.163471066419685, "gamma": 0.0298059533714072, "lamda": 0.007801005377309157}, "datetime": {"datetime": "2021-10-06 13:41:40", "elapsed": 939.513956, "delta": 3.279227}}
{"target": -10.435953166398534, "params": {"C": 62.735439126170505, "epsilon": 27.172476397240956, "gamma": 0.016288456486111297, "lamda": 0.012451543248811689}, "datetime": {"datetime": "2021-10-06 13:41:43", "elapsed": 942.882134, "delta": 3.368178}}
{"target": -10.394783455638901, "params": {"C": 6.668656920982755, "epsilon": 23.602228707508566, "gamma": 0.014093665716593144, "lamda": 0.011348536530724297}, "datetime": {"datetime": "2021-10-06 13:41:45", "elapsed": 945.376912, "delta": 2.494778}}
{"target": -10.390237542668666, "params": {"C": 33.067555755012336, "epsilon": 31.51890768357638, "gamma": 0.020677933943042612, "lamda": 0.0011448933326815257}, "datetime": {"datetime": "2021-10-06 13:41:49", "elapsed": 948.487075, "delta": 3.110163}}
{"target": -10.413079300688626, "params": {"C": 29.857427562023243, "epsilon": 23.734633430433977, "gamma": 0.03379186145293366, "lamda": 0.0025366840365044865}, "datetime": {"datetime": "2021-10-06 13:41:51", "elapsed": 951.45048, "delta": 2.963405}}
{"target": -10.378107184778536, "params": {"C": 39.72449655807905, "epsilon": 31.343654930830994, "gamma": 0.03061954829285915, "lamda": 0.017265931318217197}, "datetime": {"datetime": "2021-10-06 13:41:56", "elapsed": 955.740047, "delta": 4.289567}}
{"target": -10.359917558610444, "params": {"C": 30.27736411816398, "epsilon": 28.110408509582506, "gamma": 0.03492703552003473, "lamda": 0.003501151577893004}, "datetime": {"datetime": "2021-10-06 13:41:59", "elapsed": 959.016791, "delta": 3.276744}}
{"target": -10.592556387812076, "params": {"C": 12.673821565505186, "epsilon": 26.111173804328008, "gamma": 0.01100598804213952, "lamda": 0.012393030783500706}, "datetime": {"datetime": "2021-10-06 13:42:02", "elapsed": 961.891087, "delta": 2.874296}}
{"target": -10.358890017690685, "params": {"C": 59.66562248829182, "epsilon": 19.735614446803474, "gamma": 0.015911084621347875, "lamda": 0.012714760466674168}, "datetime": {"datetime": "2021-10-06 13:42:05", "elapsed": 965.17847, "delta": 3.287383}}
{"target": -10.288359347026327, "params": {"C": 93.60826324838199, "epsilon": 10.2154013418937, "gamma": 0.02173368979814645, "lamda": 0.007545005188481695}, "datetime": {"datetime": "2021-10-06 13:42:08", "elapsed": 967.80717, "delta": 2.6287}}
{"target": -10.298127142338897, "params": {"C": 21.18008078399668, "epsilon": 17.01324914452277, "gamma": 0.028601126375065525, "lamda": 0.00243487165657734}, "datetime": {"datetime": "2021-10-06 13:42:12", "elapsed": 971.762331, "delta": 3.955161}}
{"target": -10.463719783828369, "params": {"C": 34.23918812332994, "epsilon": 28.4946761783223, "gamma": 0.015079188968555127, "lamda": 0.013670549196166344}, "datetime": {"datetime": "2021-10-06 13:42:16", "elapsed": 976.235861, "delta": 4.47353}}
{"target": -10.141887732047953, "params": {"C": 54.593570359991425, "epsilon": 18.957449417143025, "gamma": 0.016839510341172228, "lamda": 0.004423097643718649}, "datetime": {"datetime": "2021-10-06 13:42:19", "elapsed": 979.026495, "delta": 2.790634}}
{"target": -10.398157502537918, "params": {"C": 50.58839926179527, "epsilon": 17.34503959638259, "gamma": 0.026904683858995825, "lamda": 0.018359936633365485}, "datetime": {"datetime": "2021-10-06 13:42:22", "elapsed": 981.890406, "delta": 2.863911}}
{"target": -10.199931510949767, "params": {"C": 19.910675215577392, "epsilon": 28.94024992525027, "gamma": 0.015585356082452638, "lamda": 0.0061828402968218095}, "datetime": {"datetime": "2021-10-06 13:42:25", "elapsed": 984.6035, "delta": 2.713094}}
{"target": -10.36642052625708, "params": {"C": 75.17601322767898, "epsilon": 18.05876843085884, "gamma": 0.01814717194017721, "lamda": 0.015349420652714019}, "datetime": {"datetime": "2021-10-06 13:42:27", "elapsed": 987.30607, "delta": 2.70257}}
{"target": -10.72846869440644, "params": {"C": 80.72248910983939, "epsilon": 23.45019213423147, "gamma": 0.02693430550222315, "lamda": 0.00022576493666907083}, "datetime": {"datetime": "2021-10-06 13:42:32", "elapsed": 991.915641, "delta": 4.609571}}
{"target": -10.184767519801017, "params": {"C": 51.209451688268544, "epsilon": 17.5122371967645, "gamma": 0.020190070402763317, "lamda": 0.008451268457956683}, "datetime": {"datetime": "2021-10-06 13:42:34", "elapsed": 994.44757, "delta": 2.531929}}
{"target": -10.428122229061154, "params": {"C": 61.001528674463486, "epsilon": 24.150501488373067, "gamma": 0.034524939605217235, "lamda": 0.019144323775997868}, "datetime": {"datetime": "2021-10-06 13:42:37", "elapsed": 997.391511, "delta": 2.943941}}
{"target": -10.64225188495298, "params": {"C": 43.91244095959314, "epsilon": 10.841121108191903, "gamma": 0.03998571348485453, "lamda": 0.0178210133485475}, "datetime": {"datetime": "2021-10-06 13:42:40", "elapsed": 1000.22462, "delta": 2.833109}}
{"target": -10.427432896674176, "params": {"C": 79.324851136162, "epsilon": 22.92063619478577, "gamma": 0.0332180223064785, "lamda": 0.01223774641208117}, "datetime": {"datetime": "2021-10-06 13:42:44", "elapsed": 1003.903025, "delta": 3.678405}}
{"target": -10.414734533404815, "params": {"C": 87.29851623525424, "epsilon": 34.0139405744042, "gamma": 0.0284229618401583, "lamda": 0.01735297813915091}, "datetime": {"datetime": "2021-10-06 13:42:47", "elapsed": 1006.86086, "delta": 2.957835}}
{"target": -10.132534995549499, "params": {"C": 92.79408908582886, "epsilon": 25.132387037326033, "gamma": 0.015306158430692603, "lamda": 0.002797300537593865}, "datetime": {"datetime": "2021-10-06 13:42:51", "elapsed": 1010.502573, "delta": 3.641713}}
{"target": -10.248552545344372, "params": {"C": 29.527533377509116, "epsilon": 25.41092581802564, "gamma": 0.026928357017816616, "lamda": 0.015153027998565445}, "datetime": {"datetime": "2021-10-06 13:42:53", "elapsed": 1013.14384, "delta": 2.641267}}
{"target": -10.370827698915503, "params": {"C": 81.80778311298315, "epsilon": 19.942888127227228, "gamma": 0.024664286781753503, "lamda": 0.016196271552387394}, "datetime": {"datetime": "2021-10-06 13:42:56", "elapsed": 1015.919028, "delta": 2.775188}}
{"target": -10.272085168852318, "params": {"C": 79.81260010474752, "epsilon": 25.49819193479547, "gamma": 0.021291159896791048, "lamda": 0.008990824232133945}, "datetime": {"datetime": "2021-10-06 13:42:59", "elapsed": 1018.860152, "delta": 2.941124}}
{"target": -10.477841157722578, "params": {"C": 57.0703491801754, "epsilon": 20.46937477173453, "gamma": 0.034007451652493484, "lamda": 0.019833810904760527}, "datetime": {"datetime": "2021-10-06 13:43:02", "elapsed": 1021.687717, "delta": 2.827565}}
{"target": -10.222207973328212, "params": {"C": 63.536441575449075, "epsilon": 18.64264830271348, "gamma": 0.027078069323040126, "lamda": 0.003372510821811879}, "datetime": {"datetime": "2021-10-06 13:43:05", "elapsed": 1024.704555, "delta": 3.016838}}
{"target": -10.359298520994386, "params": {"C": 45.85355344544348, "epsilon": 23.931823794990898, "gamma": 0.03511692266775496, "lamda": 0.010415199255471474}, "datetime": {"datetime": "2021-10-06 13:43:08", "elapsed": 1027.57022, "delta": 2.865665}}
{"target": -10.303541871752516, "params": {"C": 69.37737484221107, "epsilon": 17.434254073730493, "gamma": 0.025707133372792165, "lamda": 0.008065546180982812}, "datetime": {"datetime": "2021-10-06 13:43:11", "elapsed": 1030.504332, "delta": 2.934112}}
{"target": -10.223577222504664, "params": {"C": 14.595411240371632, "epsilon": 32.88474572137119, "gamma": 0.02193501273011711, "lamda": 0.009838519527861992}, "datetime": {"datetime": "2021-10-06 13:43:13", "elapsed": 1033.439973, "delta": 2.935641}}
{"target": -10.428486407382632, "params": {"C": 27.17011998779679, "epsilon": 24.893851231042188, "gamma": 0.010873367702090892, "lamda": 0.0011203683564828537}, "datetime": {"datetime": "2021-10-06 13:43:17", "elapsed": 1036.629946, "delta": 3.189973}}
{"target": -10.319510150484932, "params": {"C": 27.44370996218127, "epsilon": 33.40990721304044, "gamma": 0.03659739432171697, "lamda": 0.012195849715648549}, "datetime": {"datetime": "2021-10-06 13:43:20", "elapsed": 1039.477318, "delta": 2.847372}}
{"target": -10.499692611092911, "params": {"C": 66.49764219823568, "epsilon": 15.020679512346923, "gamma": 0.03390068262120479, "lamda": 0.015140246169888717}, "datetime": {"datetime": "2021-10-06 13:43:22", "elapsed": 1042.4164, "delta": 2.939082}}
{"target": -10.264521854682798, "params": {"C": 16.654995036656324, "epsilon": 16.39996845038897, "gamma": 0.015805752005706927, "lamda": 0.01261622329397208}, "datetime": {"datetime": "2021-10-06 13:43:25", "elapsed": 1045.310528, "delta": 2.894128}}
{"target": -10.273379097032464, "params": {"C": 23.605251319248776, "epsilon": 25.98619869606982, "gamma": 0.03578753081662017, "lamda": 0.009090745288111206}, "datetime": {"datetime": "2021-10-06 13:43:28", "elapsed": 1048.197349, "delta": 2.886821}}
{"target": -10.322459343297687, "params": {"C": 44.827382040879435, "epsilon": 22.444154502361897, "gamma": 0.027826032309709682, "lamda": 0.016703195031441652}, "datetime": {"datetime": "2021-10-06 13:43:31", "elapsed": 1051.059276, "delta": 2.861927}}
{"target": -10.829453945393155, "params": {"C": 69.52544295279417, "epsilon": 30.73257074355042, "gamma": 0.01236978069850712, "lamda": 0.01656034095621987}, "datetime": {"datetime": "2021-10-06 13:43:36", "elapsed": 1055.692217, "delta": 4.632941}}
{"target": -10.497332745570576, "params": {"C": 98.25095315221564, "epsilon": 21.892573198607526, "gamma": 0.038014695549678824, "lamda": 0.010200020348234093}, "datetime": {"datetime": "2021-10-06 13:43:39", "elapsed": 1058.527244, "delta": 2.835027}}
{"target": -10.535080870157927, "params": {"C": 94.3686468934862, "epsilon": 20.935374057167063, "gamma": 0.012213088042455888, "lamda": 0.008983120502262062}, "datetime": {"datetime": "2021-10-06 13:43:42", "elapsed": 1061.960074, "delta": 3.43283}}
{"target": -10.19091521317173, "params": {"C": 48.76249779145822, "epsilon": 28.173840586125827, "gamma": 0.021144284076116418, "lamda": 0.010358901765230055}, "datetime": {"datetime": "2021-10-06 13:43:45", "elapsed": 1064.835329, "delta": 2.875255}}
{"target": -10.47829951292052, "params": {"C": 49.090366173238166, "epsilon": 33.016495854970145, "gamma": 0.014586343510142149, "lamda": 0.010035385905622285}, "datetime": {"datetime": "2021-10-06 13:43:48", "elapsed": 1067.727729, "delta": 2.8924}}
{"target": -10.275841175513415, "params": {"C": 8.044913763444388, "epsilon": 18.795835792995177, "gamma": 0.03244736613074216, "lamda": 0.008002986329624257}, "datetime": {"datetime": "2021-10-06 13:43:51", "elapsed": 1071.25098, "delta": 3.523251}}
{"target": -10.58496980311035, "params": {"C": 8.99801163084117, "epsilon": 27.88625315756174, "gamma": 0.013193564298556844, "lamda": 0.016486127178060056}, "datetime": {"datetime": "2021-10-06 13:43:54", "elapsed": 1074.230959, "delta": 2.979979}}
{"target": -10.21759192811737, "params": {"C": 11.854463512533322, "epsilon": 34.53625213492076, "gamma": 0.025876290700158462, "lamda": 0.013199631465889206}, "datetime": {"datetime": "2021-10-06 13:43:57", "elapsed": 1077.291422, "delta": 3.060463}}
{"target": -10.289994850798342, "params": {"C": 22.376482287303364, "epsilon": 34.31212676853628, "gamma": 0.029584066065543486, "lamda": 0.015295515007356129}, "datetime": {"datetime": "2021-10-06 13:44:00", "elapsed": 1080.427982, "delta": 3.13656}}
{"target": -10.295962853798072, "params": {"C": 12.62837782021263, "epsilon": 28.188107381375907, "gamma": 0.019231685234348938, "lamda": 0.01805824775530313}, "datetime": {"datetime": "2021-10-06 13:44:05", "elapsed": 1084.882537, "delta": 4.454555}}
{"target": -10.131186586544699, "params": {"C": 99.10315844796038, "epsilon": 26.088258992543174, "gamma": 0.01459637927607562, "lamda": 0.0016746803258904795}, "datetime": {"datetime": "2021-10-06 13:44:09", "elapsed": 1089.35064, "delta": 4.468103}}
{"target": -10.25316740747782, "params": {"C": 16.715417193859366, "epsilon": 18.6896959827885, "gamma": 0.024526206754909213, "lamda": 0.002063880967011458}, "datetime": {"datetime": "2021-10-06 13:44:13", "elapsed": 1092.576669, "delta": 3.226029}}
{"target": -10.346975224715797, "params": {"C": 44.37820432722048, "epsilon": 23.87822870379992, "gamma": 0.034218260046580816, "lamda": 0.009901342627656563}, "datetime": {"datetime": "2021-10-06 13:44:16", "elapsed": 1096.317584, "delta": 3.740915}}
{"target": -10.72334905940044, "params": {"C": 65.39807130707452, "epsilon": 13.065693207335517, "gamma": 0.031394616114554956, "lamda": 0.0006727656994359285}, "datetime": {"datetime": "2021-10-06 13:44:20", "elapsed": 1099.555471, "delta": 3.237887}}
{"target": -10.4766112921631, "params": {"C": 92.61558331097186, "epsilon": 23.090476548883238, "gamma": 0.03735540312113409, "lamda": 0.010599226171701765}, "datetime": {"datetime": "2021-10-06 13:44:23", "elapsed": 1102.545385, "delta": 2.989914}}
{"target": -10.559589854228935, "params": {"C": 73.45724485082323, "epsilon": 33.20104374790091, "gamma": 0.018909220264084113, "lamda": 0.018378492435394855}, "datetime": {"datetime": "2021-10-06 13:44:25", "elapsed": 1105.427951, "delta": 2.882566}}
{"target": -10.245404608506464, "params": {"C": 17.08608413018706, "epsilon": 26.140229574986236, "gamma": 0.033406711947413605, "lamda": 0.016540846361312946}, "datetime": {"datetime": "2021-10-06 13:44:28", "elapsed": 1108.34748, "delta": 2.919529}}
{"target": -10.159667801244277, "params": {"C": 37.638710784824454, "epsilon": 22.875159156219393, "gamma": 0.020516935238121127, "lamda": 0.009636254052911594}, "datetime": {"datetime": "2021-10-06 13:44:32", "elapsed": 1111.538078, "delta": 3.190598}}
{"target": -10.200536940803175, "params": {"C": 22.253551745177283, "epsilon": 22.033821716111145, "gamma": 0.021424646479163645, "lamda": 0.004694315311835948}, "datetime": {"datetime": "2021-10-06 13:44:35", "elapsed": 1114.736974, "delta": 3.198896}}
{"target": -10.123267237353065, "params": {"C": 33.70377483619253, "epsilon": 21.552955961352986, "gamma": 0.016572708479746328, "lamda": 0.005714025038451879}, "datetime": {"datetime": "2021-10-06 13:44:38", "elapsed": 1117.90538, "delta": 3.168406}}
{"target": -10.333129769689572, "params": {"C": 82.91126055699382, "epsilon": 12.653200783494853, "gamma": 0.027745028703766342, "lamda": 0.0062681952365773634}, "datetime": {"datetime": "2021-10-06 13:44:41", "elapsed": 1120.796729, "delta": 2.891349}}
{"target": -10.200546904007531, "params": {"C": 68.0600207778013, "epsilon": 22.62733631244275, "gamma": 0.022532506642874907, "lamda": 0.0071604551699276705}, "datetime": {"datetime": "2021-10-06 13:44:44", "elapsed": 1123.805069, "delta": 3.00834}}
{"target": -10.40754213192837, "params": {"C": 46.978315823396585, "epsilon": 14.286361194144625, "gamma": 0.027446350918698473, "lamda": 0.01558504848088228}, "datetime": {"datetime": "2021-10-06 13:44:47", "elapsed": 1126.903746, "delta": 3.098677}}
{"target": -10.153042747323704, "params": {"C": 51.21611536757831, "epsilon": 17.50162431285145, "gamma": 0.01867591199361892, "lamda": 0.005887364413467975}, "datetime": {"datetime": "2021-10-06 13:44:51", "elapsed": 1131.287249, "delta": 4.383503}}
{"target": -10.445501989136378, "params": {"C": 32.60650455653921, "epsilon": 12.68288900149071, "gamma": 0.011682889618700986, "lamda": 0.012448941306989399}, "datetime": {"datetime": "2021-10-06 13:44:54", "elapsed": 1134.398366, "delta": 3.111117}}
{"target": -10.182398306611411, "params": {"C": 84.08659915597312, "epsilon": 19.689158290234275, "gamma": 0.01308349901911413, "lamda": 0.0025988053643716063}, "datetime": {"datetime": "2021-10-06 13:44:58", "elapsed": 1137.741128, "delta": 3.342762}}
{"target": -10.528039299032862, "params": {"C": 12.62307727713192, "epsilon": 28.174237022169326, "gamma": 0.033574737028457355, "lamda": 0.005147451832924473}, "datetime": {"datetime": "2021-10-06 13:45:03", "elapsed": 1142.850066, "delta": 5.108938}}
{"target": -10.499679973589847, "params": {"C": 81.76052274260155, "epsilon": 16.85841423210416, "gamma": 0.02882891868009671, "lamda": 0.014563298299255142}, "datetime": {"datetime": "2021-10-06 13:45:06", "elapsed": 1145.83383, "delta": 2.983764}}
{"target": -10.235794865591096, "params": {"C": 21.714885861993807, "epsilon": 24.09300806128142, "gamma": 0.01477452522317272, "lamda": 0.003943971109970772}, "datetime": {"datetime": "2021-10-06 13:45:10", "elapsed": 1149.905714, "delta": 4.071884}}
{"target": -10.26109960435289, "params": {"C": 18.31617774528422, "epsilon": 25.342721437968414, "gamma": 0.034860545898029956, "lamda": 0.017196206549517108}, "datetime": {"datetime": "2021-10-06 13:45:13", "elapsed": 1153.087533, "delta": 3.181819}}
{"target": -10.255092415312495, "params": {"C": 9.50291735831527, "epsilon": 18.949038528074713, "gamma": 0.027593656950503177, "lamda": 0.011360939177864222}, "datetime": {"datetime": "2021-10-06 13:45:16", "elapsed": 1156.280769, "delta": 3.193236}}
{"target": -10.148004346955346, "params": {"C": 37.127479364029156, "epsilon": 23.01048691770296, "gamma": 0.018536703170132007, "lamda": 0.0032365421531958516}, "datetime": {"datetime": "2021-10-06 13:45:21", "elapsed": 1161.170674, "delta": 4.889905}}
{"target": -10.495534245977666, "params": {"C": 45.37473404209602, "epsilon": 20.20925163851264, "gamma": 0.03981214262512768, "lamda": 0.006501509901168041}, "datetime": {"datetime": "2021-10-06 13:45:24", "elapsed": 1164.348598, "delta": 3.177924}}
{"target": -10.759469422485262, "params": {"C": 97.74520868101128, "epsilon": 28.028453262368192, "gamma": 0.013333116868857062, "lamda": 0.017934371094828327}, "datetime": {"datetime": "2021-10-06 13:45:27", "elapsed": 1167.421566, "delta": 3.072968}}
{"target": -10.390179874876889, "params": {"C": 69.70637741217136, "epsilon": 30.1502804514026, "gamma": 0.03233007839234364, "lamda": 0.00558180048620677}, "datetime": {"datetime": "2021-10-06 13:45:30", "elapsed": 1170.289009, "delta": 2.867443}}
{"target": -10.596665501048967, "params": {"C": 86.31842198004264, "epsilon": 13.410092287008048, "gamma": 0.03690266839887233, "lamda": 0.013371071376663367}, "datetime": {"datetime": "2021-10-06 13:45:35", "elapsed": 1175.046276, "delta": 4.757267}}
{"target": -10.381087551097435, "params": {"C": 76.6100742747209, "epsilon": 13.183314893787603, "gamma": 0.014758677388616737, "lamda": 0.009907324414241343}, "datetime": {"datetime": "2021-10-06 13:45:38", "elapsed": 1177.926716, "delta": 2.88044}}
{"target": -10.104131310900284, "params": {"C": 81.31644156039295, "epsilon": 18.297595766162836, "gamma": 0.014955270745118382, "lamda": 0.0026737075451312084}, "datetime": {"datetime": "2021-10-06 13:45:41", "elapsed": 1181.094014, "delta": 3.167298}}
{"target": -10.708314837906748, "params": {"C": 25.990928463768498, "epsilon": 26.185100365417384, "gamma": 0.011064786791534068, "lamda": 0.015596093967537115}, "datetime": {"datetime": "2021-10-06 13:45:44", "elapsed": 1184.084086, "delta": 2.990072}}
{"target": -10.417574388971424, "params": {"C": 82.40870676788356, "epsilon": 32.01468825112468, "gamma": 0.038673979265834, "lamda": 0.014567673349443129}, "datetime": {"datetime": "2021-10-06 13:45:47", "elapsed": 1187.294601, "delta": 3.210515}}
{"target": -10.295167813362871, "params": {"C": 12.62507651497404, "epsilon": 28.198403700188127, "gamma": 0.015363814516443735, "lamda": 0.008513659700530283}, "datetime": {"datetime": "2021-10-06 13:45:53", "elapsed": 1192.726192, "delta": 5.431591}}
{"target": -10.197718734018697, "params": {"C": 31.48707749518413, "epsilon": 18.395400625521255, "gamma": 0.02633233458044866, "lamda": 0.005039670700808893}, "datetime": {"datetime": "2021-10-06 13:45:58", "elapsed": 1198.280586, "delta": 5.554394}}
{"target": -10.69097399299677, "params": {"C": 80.57257226723549, "epsilon": 11.20179031444892, "gamma": 0.03935860081850969, "lamda": 0.011496647967554405}, "datetime": {"datetime": "2021-10-06 13:46:01", "elapsed": 1201.366337, "delta": 3.085751}}
{"target": -10.390064679434357, "params": {"C": 68.07889727331079, "epsilon": 22.6102078169596, "gamma": 0.028023456709033882, "lamda": 0.01377232147052287}, "datetime": {"datetime": "2021-10-06 13:46:06", "elapsed": 1206.036868, "delta": 4.670531}}
{"target": -10.425037068089452, "params": {"C": 84.66342397080555, "epsilon": 24.34143704181424, "gamma": 0.034248202197919644, "lamda": 0.005565172201894865}, "datetime": {"datetime": "2021-10-06 13:46:10", "elapsed": 1209.777813, "delta": 3.740945}}
{"target": -10.312341374016224, "params": {"C": 8.002540118180109, "epsilon": 28.657683896936884, "gamma": 0.0336239038004493, "lamda": 0.015911715832167602}, "datetime": {"datetime": "2021-10-06 13:46:13", "elapsed": 1212.868201, "delta": 3.090388}}
{"target": -10.298388460634197, "params": {"C": 17.156196844532147, "epsilon": 13.808675274442653, "gamma": 0.025852962408176042, "lamda": 0.01345431448931375}, "datetime": {"datetime": "2021-10-06 13:46:16", "elapsed": 1216.3063, "delta": 3.438099}}
