{"target": -10.264857964353997, "params": {"C": 39.148338494449106, "epsilon": 32.18500936041215, "gamma": 0.027024621139312054, "lamda": 0.011493871723569488}, "datetime": {"datetime": "2021-10-06 14:33:30", "elapsed": 589.191981, "delta": 3.025492}}
{"target": -10.728865194336127, "params": {"C": 57.47114207853029, "epsilon": 20.610576596094297, "gamma": 0.01217924361026326, "lamda": 0.018400571430935653}, "datetime": {"datetime": "2021-10-06 14:33:32", "elapsed": 591.300097, "delta": 2.108116}}
{"target": -10.271671056422814, "params": {"C": 65.2767493286251, "epsilon": 24.569235991567542, "gamma": 0.023743489605281196, "lamda": 0.00951580754254637}, "datetime": {"datetime": "2021-10-06 14:33:34", "elapsed": 593.465569, "delta": 2.165472}}
{"target": -10.245593181087948, "params": {"C": 54.15876662043916, "epsilon": 28.613245446014584, "gamma": 0.02598956774706903, "lamda": 0.007740380677116471}, "datetime": {"datetime": "2021-10-06 14:33:36", "elapsed": 595.65627, "delta": 2.190701}}
{"target": -10.286738339823582, "params": {"C": 55.714022057623126, "epsilon": 21.745912306494553, "gamma": 0.0227462912266026, "lamda": 0.015367209653718756}, "datetime": {"datetime": "2021-10-06 14:33:38", "elapsed": 597.984721, "delta": 2.328451}}
{"target": -10.18924604516996, "params": {"C": 56.64555258492985, "epsilon": 18.48433358676979, "gamma": 0.025135527145048044, "lamda": 0.002484740288678577}, "datetime": {"datetime": "2021-10-06 14:33:41", "elapsed": 600.257574, "delta": 2.272853}}
{"target": -10.278960544492802, "params": {"C": 46.566020983732614, "epsilon": 30.90393101269614, "gamma": 0.01686601579487504, "lamda": 0.009676374947847708}, "datetime": {"datetime": "2021-10-06 14:33:44", "elapsed": 603.39846, "delta": 3.140886}}
{"target": -10.37432314542813, "params": {"C": 38.273557938100595, "epsilon": 20.554416068429294, "gamma": 0.033533552341542865, "lamda": 0.016008221766122106}, "datetime": {"datetime": "2021-10-06 14:33:46", "elapsed": 605.524604, "delta": 2.126144}}
{"target": -10.227107410230285, "params": {"C": 61.46512040670524, "epsilon": 25.834790782005534, "gamma": 0.01936991650423542, "lamda": 0.011333443207485807}, "datetime": {"datetime": "2021-10-06 14:33:48", "elapsed": 607.563972, "delta": 2.039368}}
{"target": -10.3502233341175, "params": {"C": 64.50928888380298, "epsilon": 28.77323490504265, "gamma": 0.030065465610430157, "lamda": 0.014086113515383046}, "datetime": {"datetime": "2021-10-06 14:33:50", "elapsed": 609.829282, "delta": 2.26531}}
{"target": -10.309070911532352, "params": {"C": 64.16836645926827, "epsilon": 26.40476790984473, "gamma": 0.028811246168106056, "lamda": 0.005120765876211307}, "datetime": {"datetime": "2021-10-06 14:33:52", "elapsed": 612.082256, "delta": 2.252974}}
{"target": -10.278423437265607, "params": {"C": 52.13995157798078, "epsilon": 28.423527043569962, "gamma": 0.01642967436273057, "lamda": 0.009301466719610912}, "datetime": {"datetime": "2021-10-06 14:33:55", "elapsed": 614.293071, "delta": 2.210815}}
{"target": -10.158155775834777, "params": {"C": 49.34270972711679, "epsilon": 26.79537141089691, "gamma": 0.020290776709264928, "lamda": 0.008191261243983606}, "datetime": {"datetime": "2021-10-06 14:33:57", "elapsed": 617.050532, "delta": 2.757461}}
{"target": -10.395748441239837, "params": {"C": 51.39744700933769, "epsilon": 28.87975333383463, "gamma": 0.0361750830989122, "lamda": 0.005446329120195096}, "datetime": {"datetime": "2021-10-06 14:34:00", "elapsed": 619.980599, "delta": 2.930067}}
{"target": -10.37295128119452, "params": {"C": 48.61304155896224, "epsilon": 30.81327899168119, "gamma": 0.030191898204566553, "lamda": 0.017097009199180467}, "datetime": {"datetime": "2021-10-06 14:34:03", "elapsed": 622.907948, "delta": 2.927349}}
{"target": -10.125389499822983, "params": {"C": 46.84328914469661, "epsilon": 29.089159045326475, "gamma": 0.01939763956575503, "lamda": 0.0039705839397583455}, "datetime": {"datetime": "2021-10-06 14:34:05", "elapsed": 625.051854, "delta": 2.143906}}
{"target": -10.229960036229741, "params": {"C": 54.1731152868448, "epsilon": 24.840184300310895, "gamma": 0.013118295135709227, "lamda": 0.004418573567310601}, "datetime": {"datetime": "2021-10-06 14:34:08", "elapsed": 627.992855, "delta": 2.941001}}
{"target": -10.339185644049012, "params": {"C": 38.00830463301342, "epsilon": 27.924071566313103, "gamma": 0.0357319368377156, "lamda": 0.013467565089339262}, "datetime": {"datetime": "2021-10-06 14:34:11", "elapsed": 630.258725, "delta": 2.26587}}
{"target": -10.593585112419508, "params": {"C": 49.399961344343254, "epsilon": 26.981499697762786, "gamma": 0.011356209917758599, "lamda": 0.010101309017920482}, "datetime": {"datetime": "2021-10-06 14:34:13", "elapsed": 633.048135, "delta": 2.78941}}
{"target": -10.41273560957296, "params": {"C": 48.83674017550686, "epsilon": 29.472261831085795, "gamma": 0.03854194547978518, "lamda": 0.014073285186428175}, "datetime": {"datetime": "2021-10-06 14:34:15", "elapsed": 635.17482, "delta": 2.126685}}
{"target": -10.237423535834408, "params": {"C": 39.48695977074553, "epsilon": 22.311763492153798, "gamma": 0.029604209714317833, "lamda": 0.0032888606000355}, "datetime": {"datetime": "2021-10-06 14:34:18", "elapsed": 638.016762, "delta": 2.841942}}
{"target": -10.781677050141724, "params": {"C": 49.98892060691224, "epsilon": 32.318116752820494, "gamma": 0.01303570704790383, "lamda": 0.01427706178022602}, "datetime": {"datetime": "2021-10-06 14:34:20", "elapsed": 640.030918, "delta": 2.014156}}
{"target": -10.29375135168651, "params": {"C": 46.924846285740415, "epsilon": 29.079001683094102, "gamma": 0.029638601074975388, "lamda": 0.0093136983113041}, "datetime": {"datetime": "2021-10-06 14:34:23", "elapsed": 642.199606, "delta": 2.168688}}
{"target": -10.161805834173219, "params": {"C": 54.001493116709, "epsilon": 21.011169933569146, "gamma": 0.018509157116428615, "lamda": 0.008817635445004269}, "datetime": {"datetime": "2021-10-06 14:34:25", "elapsed": 644.545748, "delta": 2.346142}}
{"target": -10.387124376399344, "params": {"C": 50.09363813637464, "epsilon": 30.643893921305896, "gamma": 0.010002287496346898, "lamda": 0.00381402549810795}, "datetime": {"datetime": "2021-10-06 14:34:29", "elapsed": 0.0, "delta": 0.0}}
{"target": -10.192511986716305, "params": {"C": 42.25592083369628, "epsilon": 23.108063137225574, "gamma": 0.013725204227553418, "lamda": 0.004259275488543391}, "datetime": {"datetime": "2021-10-06 14:34:29", "elapsed": 0.30466, "delta": 0.30466}}
{"target": -10.149439021245144, "params": {"C": 49.506256752689424, "epsilon": 28.465800808040285, "gamma": 0.018383890288065897, "lamda": 0.007757760854086623}, "datetime": {"datetime": "2021-10-06 14:34:30", "elapsed": 0.612625, "delta": 0.307965}}
{"target": -10.590920336870543, "params": {"C": 43.929115242214, "epsilon": 32.537409236691346, "gamma": 0.010547751863958524, "lamda": 0.007605815354837543}, "datetime": {"datetime": "2021-10-06 14:34:30", "elapsed": 0.899621, "delta": 0.286996}}
{"target": -10.257175178593911, "params": {"C": 50.101839268646685, "epsilon": 28.70427794134902, "gamma": 0.012807738771904675, "lamda": 0.0027404453375742517}, "datetime": {"datetime": "2021-10-06 14:34:30", "elapsed": 1.237619, "delta": 0.337998}}
{"target": -10.319277016710954, "params": {"C": 61.22159249159056, "epsilon": 33.61913890863277, "gamma": 0.016268483563184857, "lamda": 0.007830922941393936}, "datetime": {"datetime": "2021-10-06 14:34:31", "elapsed": 1.515319, "delta": 0.2777}}
{"target": -10.250501059145577, "params": {"C": 48.752045099946606, "epsilon": 27.60784213746623, "gamma": 0.025474779982762763, "lamda": 0.011}, "datetime": {"datetime": "2021-10-06 14:34:31", "elapsed": 2.058565, "delta": 0.543246}}
{"target": -10.222536767599578, "params": {"C": 48.600812241510326, "epsilon": 29.095964411077617, "gamma": 0.016750225722137073, "lamda": 0.0016962480192583818}, "datetime": {"datetime": "2021-10-06 14:34:32", "elapsed": 2.631127, "delta": 0.572562}}
{"target": -10.188827593138095, "params": {"C": 43.63160490265196, "epsilon": 23.75454657035074, "gamma": 0.014891854383029776, "lamda": 0.006506427528026582}, "datetime": {"datetime": "2021-10-06 14:34:32", "elapsed": 3.07213, "delta": 0.441003}}
{"target": -10.12476639677726, "params": {"C": 43.60197749681523, "epsilon": 22.109958670463136, "gamma": 0.016403419424211797, "lamda": 0.005967307203785517}, "datetime": {"datetime": "2021-10-06 14:34:33", "elapsed": 3.825137, "delta": 0.753007}}
{"target": -10.27020529053733, "params": {"C": 45.06903021490325, "epsilon": 22.30745441675898, "gamma": 0.015229868891426702, "lamda": 0.0007}, "datetime": {"datetime": "2021-10-06 14:34:34", "elapsed": 4.634136, "delta": 0.808999}}
{"target": -10.162843467423679, "params": {"C": 42.37568820298054, "epsilon": 22.022790564689934, "gamma": 0.01979309978548857, "lamda": 0.007486019547910042}, "datetime": {"datetime": "2021-10-06 14:34:34", "elapsed": 5.206133, "delta": 0.571997}}
{"target": -10.171530897966024, "params": {"C": 39.97925292422314, "epsilon": 22.090148008861867, "gamma": 0.024354288737649964, "lamda": 0.005629154225103755}, "datetime": {"datetime": "2021-10-06 14:34:35", "elapsed": 5.792401, "delta": 0.586268}}
{"target": -10.166739671493334, "params": {"C": 39.780243706975774, "epsilon": 23.899649672181447, "gamma": 0.023797705066356048, "lamda": 0.005157390157673933}, "datetime": {"datetime": "2021-10-06 14:34:36", "elapsed": 6.353384, "delta": 0.560983}}
{"target": -10.6317571974304, "params": {"C": 38.229264541734466, "epsilon": 22.897164961703268, "gamma": 0.01, "lamda": 0.011}, "datetime": {"datetime": "2021-10-06 14:34:36", "elapsed": 6.908387, "delta": 0.555003}}
{"target": -10.172240421522122, "params": {"C": 40.77085660396004, "epsilon": 23.01409468590225, "gamma": 0.01952429116584478, "lamda": 0.009723568047688242}, "datetime": {"datetime": "2021-10-06 14:34:37", "elapsed": 7.507933, "delta": 0.599546}}
{"target": -10.47469505648229, "params": {"C": 40.837745307296096, "epsilon": 25.001568151774304, "gamma": 0.03, "lamda": 0.0007}, "datetime": {"datetime": "2021-10-06 14:34:38", "elapsed": 8.384926, "delta": 0.876993}}
{"target": -10.199692852446356, "params": {"C": 44.77573854753425, "epsilon": 25.01189131812473, "gamma": 0.020157450391955233, "lamda": 0.0016275786614194064}, "datetime": {"datetime": "2021-10-06 14:34:38", "elapsed": 8.936252, "delta": 0.551326}}
{"target": -10.47696688898387, "params": {"C": 41.129424856448246, "epsilon": 22.0, "gamma": 0.03, "lamda": 0.0007}, "datetime": {"datetime": "2021-10-06 14:34:39", "elapsed": 9.792148, "delta": 0.855896}}
{"target": -10.132372800054094, "params": {"C": 42.44980980062335, "epsilon": 22.019290204541687, "gamma": 0.01828336408059602, "lamda": 0.008262376683176835}, "datetime": {"datetime": "2021-10-06 14:34:39", "elapsed": 10.231105, "delta": 0.438957}}
{"target": -10.123657899288055, "params": {"C": 42.946332068887386, "epsilon": 22.473001075243268, "gamma": 0.02053419118777677, "lamda": 0.006615749875693316}, "datetime": {"datetime": "2021-10-06 14:34:40", "elapsed": 11.05611, "delta": 0.825005}}
{"target": -10.423403038357396, "params": {"C": 39.975922676999076, "epsilon": 22.957805034027455, "gamma": 0.0120903234217032, "lamda": 0.009724744829048289}, "datetime": {"datetime": "2021-10-06 14:34:41", "elapsed": 11.67693, "delta": 0.62082}}
{"target": -10.210386843453069, "params": {"C": 45.06277572130301, "epsilon": 22.311405278895663, "gamma": 0.020352531811517062, "lamda": 0.010652310064135223}, "datetime": {"datetime": "2021-10-06 14:34:41", "elapsed": 12.046897, "delta": 0.369967}}
{"target": -10.211160303745368, "params": {"C": 41.87767635461789, "epsilon": 28.094183303185243, "gamma": 0.027782066442136627, "lamda": 0.0065417901577805556}, "datetime": {"datetime": "2021-10-06 14:34:42", "elapsed": 12.418776, "delta": 0.371879}}
{"target": -10.234845145052759, "params": {"C": 43.63609227659656, "epsilon": 22.059485921485543, "gamma": 0.015823419515748782, "lamda": 0.009963646203479221}, "datetime": {"datetime": "2021-10-06 14:34:42", "elapsed": 12.827771, "delta": 0.408995}}
{"target": -10.317903219416023, "params": {"C": 61.72321652133844, "epsilon": 23.962320544923426, "gamma": 0.010300664349979071, "lamda": 0.0023581836985186616}, "datetime": {"datetime": "2021-10-06 14:34:42", "elapsed": 13.239732, "delta": 0.411961}}
{"target": -10.246173409333355, "params": {"C": 43.62539481016632, "epsilon": 22.19315689794977, "gamma": 0.022141701579577677, "lamda": 0.0010939225829687416}, "datetime": {"datetime": "2021-10-06 14:34:43", "elapsed": 13.718883, "delta": 0.479151}}
{"target": -10.151307801143744, "params": {"C": 42.42461198298444, "epsilon": 22.080226770472272, "gamma": 0.01884242104206818, "lamda": 0.00748714571297886}, "datetime": {"datetime": "2021-10-06 14:34:43", "elapsed": 14.165883, "delta": 0.447}}
{"target": -10.21989702839722, "params": {"C": 43.029731331078324, "epsilon": 22.423828658636488, "gamma": 0.01529448838489771, "lamda": 0.00884493907071775}, "datetime": {"datetime": "2021-10-06 14:34:44", "elapsed": 14.57886, "delta": 0.412977}}
{"target": -10.37123198987967, "params": {"C": 42.882923218304825, "epsilon": 22.413007589228684, "gamma": 0.01148913210693157, "lamda": 0.0007321267284006574}, "datetime": {"datetime": "2021-10-06 14:34:44", "elapsed": 15.117842, "delta": 0.538982}}
{"target": -10.335386351181016, "params": {"C": 62.679577427261506, "epsilon": 31.395473992701685, "gamma": 0.028043806862703885, "lamda": 0.0016619153242799336}, "datetime": {"datetime": "2021-10-06 14:34:45", "elapsed": 15.561601, "delta": 0.443759}}
{"target": -10.192069277851134, "params": {"C": 43.53892201473411, "epsilon": 22.103047263396803, "gamma": 0.02452226478909153, "lamda": 0.006962403570549439}, "datetime": {"datetime": "2021-10-06 14:34:45", "elapsed": 16.107638, "delta": 0.546037}}
{"target": -10.273465040903472, "params": {"C": 53.6386712704989, "epsilon": 26.704872870679825, "gamma": 0.028744957874813286, "lamda": 0.005043020737185199}, "datetime": {"datetime": "2021-10-06 14:34:46", "elapsed": 16.534604, "delta": 0.426966}}
{"target": -10.165856648222443, "params": {"C": 52.166471836698776, "epsilon": 22.770338088678496, "gamma": 0.016592734677610833, "lamda": 0.007293862487867093}, "datetime": {"datetime": "2021-10-06 14:34:46", "elapsed": 17.083607, "delta": 0.549003}}
{"target": -10.462238620669536, "params": {"C": 42.50049471216221, "epsilon": 22.067604947357076, "gamma": 0.03, "lamda": 0.0007}, "datetime": {"datetime": "2021-10-06 14:34:47", "elapsed": 17.64822, "delta": 0.564613}}
{"target": -10.236288947481347, "params": {"C": 56.99683623233466, "epsilon": 24.613008377738243, "gamma": 0.02405310306028255, "lamda": 0.010042076112693154}, "datetime": {"datetime": "2021-10-06 14:34:47", "elapsed": 18.045899, "delta": 0.397679}}
{"target": -10.22053776126933, "params": {"C": 43.644729696355924, "epsilon": 22.125414065376503, "gamma": 0.027750114328874524, "lamda": 0.005210256610594571}, "datetime": {"datetime": "2021-10-06 14:34:48", "elapsed": 18.484504, "delta": 0.438605}}
{"target": -10.258414856911807, "params": {"C": 43.57370774900603, "epsilon": 22.14495466699169, "gamma": 0.029786632144850125, "lamda": 0.005469645626961678}, "datetime": {"datetime": "2021-10-06 14:34:48", "elapsed": 18.925987, "delta": 0.441483}}
{"target": -10.163555126372255, "params": {"C": 48.43026950548326, "epsilon": 28.08331483257724, "gamma": 0.024496725274226003, "lamda": 0.006065586187264325}, "datetime": {"datetime": "2021-10-06 14:34:48", "elapsed": 19.334017, "delta": 0.40803}}
{"target": -10.220945108454513, "params": {"C": 39.84171919638051, "epsilon": 23.867386445894155, "gamma": 0.024835220247420128, "lamda": 0.010446495516979317}, "datetime": {"datetime": "2021-10-06 14:34:49", "elapsed": 19.862756, "delta": 0.528739}}
{"target": -10.247381979386908, "params": {"C": 64.99036324959324, "epsilon": 32.94988493129912, "gamma": 0.025098854696128707, "lamda": 0.007800292698397289}, "datetime": {"datetime": "2021-10-06 14:34:49", "elapsed": 20.246796, "delta": 0.38404}}
{"target": -10.165191085886649, "params": {"C": 40.02044111946163, "epsilon": 22.149963210383376, "gamma": 0.020288821704304287, "lamda": 0.008839105196254997}, "datetime": {"datetime": "2021-10-06 14:34:50", "elapsed": 20.719885, "delta": 0.473089}}
{"target": -10.128447048839917, "params": {"C": 48.15442035117995, "epsilon": 33.315022109921735, "gamma": 0.017586945274382426, "lamda": 0.0036807095255518025}, "datetime": {"datetime": "2021-10-06 14:34:50", "elapsed": 21.147402, "delta": 0.427517}}
{"target": -10.409651117753576, "params": {"C": 48.08529282096011, "epsilon": 33.28869251306073, "gamma": 0.016464265299814252, "lamda": 0.0007854530366172391}, "datetime": {"datetime": "2021-10-06 14:34:51", "elapsed": 21.722509, "delta": 0.575107}}
{"target": -10.192897209465333, "params": {"C": 56.70356880963112, "epsilon": 23.502649227350602, "gamma": 0.023588775177640946, "lamda": 0.003345488057886736}, "datetime": {"datetime": "2021-10-06 14:34:51", "elapsed": 22.242349, "delta": 0.51984}}
{"target": -10.219048977041888, "params": {"C": 50.2209458532161, "epsilon": 27.016662339762537, "gamma": 0.026498651309784002, "lamda": 0.004386943152707189}, "datetime": {"datetime": "2021-10-06 14:34:52", "elapsed": 22.736349, "delta": 0.494}}
{"target": -10.221835354894452, "params": {"C": 65.88254104442285, "epsilon": 30.183677382825966, "gamma": 0.02189580520317045, "lamda": 0.007848417483310447}, "datetime": {"datetime": "2021-10-06 14:34:52", "elapsed": 23.230358, "delta": 0.494009}}
{"target": -10.219193018139569, "params": {"C": 66.71918690125466, "epsilon": 29.72847711992961, "gamma": 0.011756203717796563, "lamda": 0.001427373687773442}, "datetime": {"datetime": "2021-10-06 14:34:53", "elapsed": 23.76665, "delta": 0.536292}}
{"target": -10.203058512114128, "params": {"C": 48.173496161423465, "epsilon": 33.27858892911056, "gamma": 0.024933768310462835, "lamda": 0.004398067323341836}, "datetime": {"datetime": "2021-10-06 14:34:53", "elapsed": 24.262716, "delta": 0.496066}}
{"target": -10.179747075929251, "params": {"C": 57.98384399383036, "epsilon": 23.414162900246545, "gamma": 0.020870343189256912, "lamda": 0.007904408887734806}, "datetime": {"datetime": "2021-10-06 14:34:54", "elapsed": 24.703675, "delta": 0.440959}}
{"target": -10.113028561798638, "params": {"C": 49.02472255111815, "epsilon": 32.18074998800005, "gamma": 0.018218759436767124, "lamda": 0.004540231124898584}, "datetime": {"datetime": "2021-10-06 14:34:54", "elapsed": 25.176698, "delta": 0.473023}}
{"target": -10.162077786665076, "params": {"C": 42.9778629273139, "epsilon": 22.506508591161037, "gamma": 0.01699597009922825, "lamda": 0.0014128333201219054}, "datetime": {"datetime": "2021-10-06 14:34:55", "elapsed": 25.741791, "delta": 0.565093}}
{"target": -10.160816760091413, "params": {"C": 49.06616381710058, "epsilon": 32.21628764841445, "gamma": 0.021189346873774446, "lamda": 0.00802673132767694}, "datetime": {"datetime": "2021-10-06 14:34:55", "elapsed": 26.228242, "delta": 0.486451}}
{"target": -10.398021734284484, "params": {"C": 49.058608087957964, "epsilon": 32.13451512533915, "gamma": 0.01219719304166938, "lamda": 0.001808042699094973}, "datetime": {"datetime": "2021-10-06 14:34:56", "elapsed": 26.771246, "delta": 0.543004}}
{"target": -10.271123912326926, "params": {"C": 46.310395037562635, "epsilon": 23.24640533280031, "gamma": 0.027071328136692142, "lamda": 0.002153871233371844}, "datetime": {"datetime": "2021-10-06 14:34:57", "elapsed": 27.351684, "delta": 0.580438}}
{"target": -10.096943362331121, "params": {"C": 58.87428920014722, "epsilon": 25.444449122385063, "gamma": 0.014919907486799722, "lamda": 0.0025098621939880755}, "datetime": {"datetime": "2021-10-06 14:34:57", "elapsed": 27.881888, "delta": 0.530204}}
{"target": -10.164348095089009, "params": {"C": 65.2364875222029, "epsilon": 33.66269919415198, "gamma": 0.014963586496884052, "lamda": 0.002126114825375921}, "datetime": {"datetime": "2021-10-06 14:34:58", "elapsed": 28.377539, "delta": 0.495651}}
{"target": -10.337751060232183, "params": {"C": 54.25804500329065, "epsilon": 31.79036291465051, "gamma": 0.024144435220495947, "lamda": 0.0023458439580178784}, "datetime": {"datetime": "2021-10-06 14:34:58", "elapsed": 28.950105, "delta": 0.572566}}
{"target": -10.220631741616184, "params": {"C": 51.822708768273394, "epsilon": 31.785411594363023, "gamma": 0.022597629161324302, "lamda": 0.01008765418029285}, "datetime": {"datetime": "2021-10-06 14:34:59", "elapsed": 29.406115, "delta": 0.45601}}
{"target": -10.191492519538295, "params": {"C": 43.5795868704619, "epsilon": 22.07933167841973, "gamma": 0.024187720619180217, "lamda": 0.007838722766523887}, "datetime": {"datetime": "2021-10-06 14:34:59", "elapsed": 29.966389, "delta": 0.560274}}
{"target": -10.209663921222152, "params": {"C": 42.611549911818535, "epsilon": 27.741237408269278, "gamma": 0.020133828156307074, "lamda": 0.0019477254873433822}, "datetime": {"datetime": "2021-10-06 14:35:00", "elapsed": 30.499433, "delta": 0.533044}}
{"target": -10.193589721457744, "params": {"C": 58.83994980396554, "epsilon": 25.443705400026637, "gamma": 0.015904130951019516, "lamda": 0.001270730209705983}, "datetime": {"datetime": "2021-10-06 14:35:00", "elapsed": 31.098424, "delta": 0.598991}}
{"target": -10.2933927875096, "params": {"C": 49.04251965858357, "epsilon": 32.239187067783256, "gamma": 0.029519547920065385, "lamda": 0.0069435082425621355}, "datetime": {"datetime": "2021-10-06 14:35:01", "elapsed": 31.607056, "delta": 0.508632}}
{"target": -10.151836667424876, "params": {"C": 58.89444135656379, "epsilon": 25.445636546601342, "gamma": 0.01554895936249383, "lamda": 0.001736322369933786}, "datetime": {"datetime": "2021-10-06 14:35:01", "elapsed": 32.13872, "delta": 0.531664}}
