{"target": -10.150840096041698, "params": {"C": 64.81163380207127, "epsilon": 24.035657653432295, "gamma": 0.01738846096164897, "lamda": 0.005967315807177041}, "datetime": {"datetime": "2021-10-06 14:39:09", "elapsed": 279.604356, "delta": 1.273639}}
{"target": -10.304393881013176, "params": {"C": 43.34147220147867, "epsilon": 33.35959981977703, "gamma": 0.014941755855902634, "lamda": 0.007196840188226302}, "datetime": {"datetime": "2021-10-06 14:39:10", "elapsed": 280.942999, "delta": 1.338643}}
{"target": -10.153608646743951, "params": {"C": 63.8734835180463, "epsilon": 31.7206609742314, "gamma": 0.016420162371392544, "lamda": 0.004586716248474716}, "datetime": {"datetime": "2021-10-06 14:39:12", "elapsed": 282.829191, "delta": 1.886192}}
{"target": -10.18730334475584, "params": {"C": 55.916592496769326, "epsilon": 33.022680961809876, "gamma": 0.02236361416801534, "lamda": 0.00773753773981331}, "datetime": {"datetime": "2021-10-06 14:39:14", "elapsed": 284.464802, "delta": 1.635611}}
{"target": -10.221215773217116, "params": {"C": 60.32340069168447, "epsilon": 27.481153807599334, "gamma": 0.022815462170027494, "lamda": 0.008628360302497683}, "datetime": {"datetime": "2021-10-06 14:39:15", "elapsed": 285.76051, "delta": 1.295708}}
{"target": -10.491416466766024, "params": {"C": 55.060041256117984, "epsilon": 32.52236561495637, "gamma": 0.013091892833516553, "lamda": 0.007827494738082984}, "datetime": {"datetime": "2021-10-06 14:39:16", "elapsed": 287.12438, "delta": 1.36387}}
{"target": -10.121221965960366, "params": {"C": 39.02467133521233, "epsilon": 28.660577666287438, "gamma": 0.02026343795183457, "lamda": 0.006914444069259992}, "datetime": {"datetime": "2021-10-06 14:39:18", "elapsed": 288.424236, "delta": 1.299856}}
{"target": -10.181648504321716, "params": {"C": 57.63887760588458, "epsilon": 30.777740456798465, "gamma": 0.021147013144876877, "lamda": 0.0076154908576891115}, "datetime": {"datetime": "2021-10-06 14:39:19", "elapsed": 289.750568, "delta": 1.326332}}
{"target": -10.17759548354977, "params": {"C": 49.1994036156217, "epsilon": 22.33921257807964, "gamma": 0.024795499425444262, "lamda": 0.004984784308484558}, "datetime": {"datetime": "2021-10-06 14:39:20", "elapsed": 291.046797, "delta": 1.296229}}
{"target": -10.32209852554002, "params": {"C": 53.82662316455155, "epsilon": 32.820491025778495, "gamma": 0.029511827036269783, "lamda": 0.008603460453210319}, "datetime": {"datetime": "2021-10-06 14:39:22", "elapsed": 292.364795, "delta": 1.317998}}
{"target": -10.177948278504873, "params": {"C": 48.23059614212773, "epsilon": 31.875700131748232, "gamma": 0.021901407796331103, "lamda": 0.008462017153063352}, "datetime": {"datetime": "2021-10-06 14:39:23", "elapsed": 294.151317, "delta": 1.786522}}
{"target": -10.338523362346482, "params": {"C": 58.02824328331784, "epsilon": 26.665401250423102, "gamma": 0.012610073594602493, "lamda": 0.00615386460109642}, "datetime": {"datetime": "2021-10-06 14:39:25", "elapsed": 295.471113, "delta": 1.319796}}
{"target": -10.292892273880446, "params": {"C": 44.5975821101339, "epsilon": 33.836058609667184, "gamma": 0.018754945197842467, "lamda": 0.010712411995333005}, "datetime": {"datetime": "2021-10-06 14:39:26", "elapsed": 296.825123, "delta": 1.35401}}
{"target": -10.111717573477456, "params": {"C": 62.81699498320651, "epsilon": 23.63428984152212, "gamma": 0.017202180732365104, "lamda": 0.002266308876598265}, "datetime": {"datetime": "2021-10-06 14:39:27", "elapsed": 298.188079, "delta": 1.362956}}
{"target": -10.347867946977104, "params": {"C": 63.402351282795244, "epsilon": 31.315127319108576, "gamma": 0.01542234683465935, "lamda": 0.008440463598854695}, "datetime": {"datetime": "2021-10-06 14:39:29", "elapsed": 299.989073, "delta": 1.800994}}
{"target": -10.330944888988652, "params": {"C": 52.90977748999241, "epsilon": 30.43240080676272, "gamma": 0.014840023455244744, "lamda": 0.00803116428151736}, "datetime": {"datetime": "2021-10-06 14:39:31", "elapsed": 301.488601, "delta": 1.499528}}
{"target": -10.196207412422654, "params": {"C": 63.217987614915266, "epsilon": 32.05599068970056, "gamma": 0.02358233032385497, "lamda": 0.0036062701550506394}, "datetime": {"datetime": "2021-10-06 14:39:32", "elapsed": 302.935641, "delta": 1.44704}}
{"target": -10.245081419256055, "params": {"C": 63.63062717780367, "epsilon": 28.206535455316292, "gamma": 0.026049558420251126, "lamda": 0.005163345717745993}, "datetime": {"datetime": "2021-10-06 14:39:33", "elapsed": 304.342882, "delta": 1.407241}}
{"target": -10.38682759482476, "params": {"C": 64.00186276214541, "epsilon": 33.30971974367022, "gamma": 0.018379533417806092, "lamda": 0.0007919827652837514}, "datetime": {"datetime": "2021-10-06 14:39:35", "elapsed": 305.773203, "delta": 1.430321}}
{"target": -10.477259167266755, "params": {"C": 46.00071610413461, "epsilon": 23.930977293975577, "gamma": 0.011833965390289126, "lamda": 0.009694166066773606}, "datetime": {"datetime": "2021-10-06 14:39:36", "elapsed": 307.200196, "delta": 1.426993}}
{"target": -10.160998729145634, "params": {"C": 39.15369740055701, "epsilon": 33.33891470347324, "gamma": 0.018306290630071127, "lamda": 0.0027247098272875055}, "datetime": {"datetime": "2021-10-06 14:39:38", "elapsed": 308.655427, "delta": 1.455231}}
{"target": -10.302447132840193, "params": {"C": 64.92572588081332, "epsilon": 31.124526104150195, "gamma": 0.026057945051941873, "lamda": 0.01093336851881567}, "datetime": {"datetime": "2021-10-06 14:39:39", "elapsed": 310.141168, "delta": 1.485741}}
{"target": -10.527538857171455, "params": {"C": 44.88096676039517, "epsilon": 32.23154564669964, "gamma": 0.01000649764787899, "lamda": 0.005745332926774035}, "datetime": {"datetime": "2021-10-06 14:39:41", "elapsed": 311.601722, "delta": 1.460554}}
{"target": -10.22595399624426, "params": {"C": 42.75556447152162, "epsilon": 23.128380316253295, "gamma": 0.028356140865648888, "lamda": 0.004260255171371343}, "datetime": {"datetime": "2021-10-06 14:39:42", "elapsed": 313.025712, "delta": 1.42399}}
{"target": -10.502197017217997, "params": {"C": 58.02933466114271, "epsilon": 33.51002014618072, "gamma": 0.014362684400463432, "lamda": 0.009311590575320366}, "datetime": {"datetime": "2021-10-06 14:39:44", "elapsed": 314.775013, "delta": 1.749301}}
{"target": -10.19498863449745, "params": {"C": 50.380292224923394, "epsilon": 28.635641141878207, "gamma": 0.020566412984955255, "lamda": 0.01040882908376003}, "datetime": {"datetime": "2021-10-06 14:39:45", "elapsed": 316.209012, "delta": 1.433999}}
{"target": -10.271456713913466, "params": {"C": 61.084962791609016, "epsilon": 23.70012102823778, "gamma": 0.026239325892775507, "lamda": 0.008956426190202385}, "datetime": {"datetime": "2021-10-06 14:39:47", "elapsed": 317.600886, "delta": 1.391874}}
{"target": -10.224641569066357, "params": {"C": 60.7734868417444, "epsilon": 24.86802386737625, "gamma": 0.02402282285567793, "lamda": 0.002455715630346507}, "datetime": {"datetime": "2021-10-06 14:39:48", "elapsed": 319.100874, "delta": 1.499988}}
{"target": -10.272793334254821, "params": {"C": 63.333550584953855, "epsilon": 26.677313714008875, "gamma": 0.017194873351913394, "lamda": 0.009570026610441849}, "datetime": {"datetime": "2021-10-06 14:39:50", "elapsed": 320.565637, "delta": 1.464763}}
{"target": -10.194329181283228, "params": {"C": 55.290593769738074, "epsilon": 32.27073009646606, "gamma": 0.01777799797559913, "lamda": 0.0018385375660297408}, "datetime": {"datetime": "2021-10-06 14:39:51", "elapsed": 322.145149, "delta": 1.579512}}
{"target": -10.133090616823578, "params": {"C": 40.42810154967359, "epsilon": 31.59177624654304, "gamma": 0.022221995720524364, "lamda": 0.00627133483283829}, "datetime": {"datetime": "2021-10-06 14:39:53", "elapsed": 323.739444, "delta": 1.594295}}
{"target": -10.147582822660878, "params": {"C": 52.004809142405875, "epsilon": 29.43148523365176, "gamma": 0.01659161213951907, "lamda": 0.0021082085835635216}, "datetime": {"datetime": "2021-10-06 14:39:54", "elapsed": 325.15823, "delta": 1.418786}}
{"target": -10.463563506001446, "params": {"C": 64.09780765995218, "epsilon": 29.9890434939462, "gamma": 0.014776992605873422, "lamda": 0.010175208495875977}, "datetime": {"datetime": "2021-10-06 14:39:56", "elapsed": 326.671162, "delta": 1.512932}}
{"target": -10.296753461325764, "params": {"C": 39.12914938935789, "epsilon": 25.466177897014223, "gamma": 0.012044093288058834, "lamda": 0.00585547086516203}, "datetime": {"datetime": "2021-10-06 14:39:58", "elapsed": 329.077849, "delta": 2.406687}}
{"target": -10.266387489167009, "params": {"C": 44.15016648472234, "epsilon": 28.21970477805148, "gamma": 0.02716095267817671, "lamda": 0.00304254278271558}, "datetime": {"datetime": "2021-10-06 14:40:00", "elapsed": 330.653203, "delta": 1.575354}}
{"target": -10.317734847647962, "params": {"C": 51.56044952285009, "epsilon": 28.85612105896771, "gamma": 0.02644163858929631, "lamda": 0.0016518457708043879}, "datetime": {"datetime": "2021-10-06 14:40:01", "elapsed": 332.285988, "delta": 1.632785}}
{"target": -10.152823873688236, "params": {"C": 46.116391728336595, "epsilon": 33.78348334318795, "gamma": 0.023082945287052826, "lamda": 0.006510221315971829}, "datetime": {"datetime": "2021-10-06 14:40:03", "elapsed": 333.95129, "delta": 1.665302}}
{"target": -10.0952057810944, "params": {"C": 51.88816288538767, "epsilon": 28.854708806926666, "gamma": 0.018161625308207426, "lamda": 0.003700459547976805}, "datetime": {"datetime": "2021-10-06 14:40:05", "elapsed": 335.537961, "delta": 1.586671}}
{"target": -10.262903667537046, "params": {"C": 54.21425495546387, "epsilon": 22.141243240410187, "gamma": 0.026442082397987995, "lamda": 0.009018569284283157}, "datetime": {"datetime": "2021-10-06 14:40:07", "elapsed": 337.86663, "delta": 2.328669}}
{"target": -10.180917492291767, "params": {"C": 47.407310469227255, "epsilon": 27.048761602155697, "gamma": 0.0223058362793491, "lamda": 0.0027401554562727893}, "datetime": {"datetime": "2021-10-06 14:40:09", "elapsed": 339.452517, "delta": 1.585887}}
{"target": -10.167333041340768, "params": {"C": 45.566637063434335, "epsilon": 31.491791256769105, "gamma": 0.01954003879726047, "lamda": 0.009114714579344922}, "datetime": {"datetime": "2021-10-06 14:40:10", "elapsed": 341.025695, "delta": 1.573178}}
{"target": -10.085568815262672, "params": {"C": 64.08529550833224, "epsilon": 26.604943761274424, "gamma": 0.018553062803316644, "lamda": 0.0038088730630647335}, "datetime": {"datetime": "2021-10-06 14:40:12", "elapsed": 342.56374, "delta": 1.538045}}
{"target": -10.264386458410838, "params": {"C": 40.706435116447786, "epsilon": 30.980921745938918, "gamma": 0.017222463210566228, "lamda": 0.009334700011724028}, "datetime": {"datetime": "2021-10-06 14:40:13", "elapsed": 344.055256, "delta": 1.491516}}
{"target": -10.360602317203819, "params": {"C": 46.55834825207602, "epsilon": 31.22770262482626, "gamma": 0.011579219509662586, "lamda": 0.0026659985305313777}, "datetime": {"datetime": "2021-10-06 14:40:15", "elapsed": 345.547618, "delta": 1.492362}}
{"target": -10.259449366073843, "params": {"C": 46.284702603290434, "epsilon": 33.17791012078801, "gamma": 0.026196754530679656, "lamda": 0.008469378756408285}, "datetime": {"datetime": "2021-10-06 14:40:16", "elapsed": 347.083364, "delta": 1.535746}}
{"target": -10.18120027417863, "params": {"C": 38.51166685656402, "epsilon": 28.20346936838747, "gamma": 0.01783119905184584, "lamda": 0.009266209393922534}, "datetime": {"datetime": "2021-10-06 14:40:18", "elapsed": 348.608869, "delta": 1.525505}}
{"target": -10.110927896120872, "params": {"C": 38.92775109517112, "epsilon": 26.22511339530766, "gamma": 0.015345570977565913, "lamda": 0.0026715495975523787}, "datetime": {"datetime": "2021-10-06 14:40:20", "elapsed": 350.616623, "delta": 2.007754}}
{"target": -10.367297330395772, "params": {"C": 48.610127310741916, "epsilon": 26.42668208421418, "gamma": 0.013489918180902213, "lamda": 0.009050936859396681}, "datetime": {"datetime": "2021-10-06 14:40:21", "elapsed": 352.225326, "delta": 1.608703}}
{"target": -10.29215174350851, "params": {"C": 60.063971118296706, "epsilon": 30.024606083659116, "gamma": 0.027922811340217693, "lamda": 0.009326066092521111}, "datetime": {"datetime": "2021-10-06 14:40:23", "elapsed": 354.244059, "delta": 2.018733}}
{"target": -10.26696779396065, "params": {"C": 45.71181976096773, "epsilon": 31.80235035729761, "gamma": 0.02692470067960697, "lamda": 0.008196068299386405}, "datetime": {"datetime": "2021-10-06 14:40:26", "elapsed": 356.599836, "delta": 2.355777}}
{"target": -10.371868217762104, "params": {"C": 40.545364081663045, "epsilon": 26.052609187637568, "gamma": 0.011529670163381715, "lamda": 0.006965976727379222}, "datetime": {"datetime": "2021-10-06 14:40:27", "elapsed": 358.131547, "delta": 1.531711}}
{"target": -10.278292305044957, "params": {"C": 50.503011687012, "epsilon": 33.10615957533148, "gamma": 0.022539831722403723, "lamda": 0.0017481858152646607}, "datetime": {"datetime": "2021-10-06 14:40:29", "elapsed": 359.666339, "delta": 1.534792}}
{"target": -10.244152653262146, "params": {"C": 46.992150131354386, "epsilon": 32.667206114483236, "gamma": 0.02621150782759079, "lamda": 0.007869040825879609}, "datetime": {"datetime": "2021-10-06 14:40:31", "elapsed": 361.695601, "delta": 2.029262}}
{"target": -10.154261166967144, "params": {"C": 46.98518328967363, "epsilon": 31.88878848147863, "gamma": 0.01662238466755111, "lamda": 0.004560554558107379}, "datetime": {"datetime": "2021-10-06 14:40:32", "elapsed": 363.250625, "delta": 1.555024}}
{"target": -10.104581956596745, "params": {"C": 57.699981361414416, "epsilon": 22.674438433288845, "gamma": 0.017733953977056544, "lamda": 0.006009922631395323}, "datetime": {"datetime": "2021-10-06 14:40:34", "elapsed": 364.808381, "delta": 1.557756}}
{"target": -10.207812282775993, "params": {"C": 50.75078895180963, "epsilon": 25.629161081653287, "gamma": 0.013436186342593363, "lamda": 0.004105198696574281}, "datetime": {"datetime": "2021-10-06 14:40:35", "elapsed": 366.229434, "delta": 1.421053}}
{"target": -10.290791898481451, "params": {"C": 58.569728627277385, "epsilon": 28.866915893886105, "gamma": 0.012365307971434364, "lamda": 0.004311839702963807}, "datetime": {"datetime": "2021-10-06 14:40:37", "elapsed": 367.830306, "delta": 1.600872}}
{"target": -10.3115211626296, "params": {"C": 54.3002123797296, "epsilon": 32.23673403636129, "gamma": 0.017312312958657955, "lamda": 0.0012343680851488363}, "datetime": {"datetime": "2021-10-06 14:40:39", "elapsed": 370.287301, "delta": 2.456995}}
{"target": -10.10142068061603, "params": {"C": 38.23768275746942, "epsilon": 29.663841888827903, "gamma": 0.017615041023355607, "lamda": 0.005630164467309461}, "datetime": {"datetime": "2021-10-06 14:40:41", "elapsed": 371.860388, "delta": 1.573087}}
{"target": -10.32617455875122, "params": {"C": 66.10084936419678, "epsilon": 33.63360905377933, "gamma": 0.012325351301246363, "lamda": 0.004240186472319638}, "datetime": {"datetime": "2021-10-06 14:40:43", "elapsed": 373.750048, "delta": 1.88966}}
{"target": -10.328618998448173, "params": {"C": 63.20777788224211, "epsilon": 26.805188223261506, "gamma": 0.013508999117621786, "lamda": 0.006492424159630319}, "datetime": {"datetime": "2021-10-06 14:40:44", "elapsed": 375.282376, "delta": 1.532328}}
{"target": -10.127387498470556, "params": {"C": 40.48564552947433, "epsilon": 24.420577014692817, "gamma": 0.014806804680401072, "lamda": 0.003331388792565657}, "datetime": {"datetime": "2021-10-06 14:40:46", "elapsed": 377.32912, "delta": 2.046744}}
{"target": -10.183895341141865, "params": {"C": 48.56443016498656, "epsilon": 23.315762832765934, "gamma": 0.015557847467587291, "lamda": 0.006917927098047926}, "datetime": {"datetime": "2021-10-06 14:40:48", "elapsed": 379.013923, "delta": 1.684803}}
{"target": -10.325347965107103, "params": {"C": 39.596441706471, "epsilon": 33.28170046026577, "gamma": 0.012131611944037985, "lamda": 0.00442875106276821}, "datetime": {"datetime": "2021-10-06 14:40:50", "elapsed": 380.576319, "delta": 1.562396}}
{"target": -10.404847677779154, "params": {"C": 65.76249398946577, "epsilon": 29.199969674787717, "gamma": 0.014975025595685827, "lamda": 0.00932531386714056}, "datetime": {"datetime": "2021-10-06 14:40:52", "elapsed": 383.040981, "delta": 2.464662}}
{"target": -10.11406742737733, "params": {"C": 43.67556552189404, "epsilon": 29.668769907094983, "gamma": 0.02021297791589754, "lamda": 0.005442847372783551}, "datetime": {"datetime": "2021-10-06 14:40:54", "elapsed": 384.591621, "delta": 1.55064}}
{"target": -10.201100080227217, "params": {"C": 53.448617796158736, "epsilon": 32.94681215851495, "gamma": 0.020425035147920892, "lamda": 0.003353557804626274}, "datetime": {"datetime": "2021-10-06 14:40:56", "elapsed": 386.687191, "delta": 2.09557}}
{"target": -10.348706403730812, "params": {"C": 65.1139392303219, "epsilon": 27.96841968023933, "gamma": 0.011140765901131049, "lamda": 0.003949046059150614}, "datetime": {"datetime": "2021-10-06 14:40:57", "elapsed": 388.344005, "delta": 1.656814}}
{"target": -10.158372937813978, "params": {"C": 53.74109282010468, "epsilon": 28.59543703888943, "gamma": 0.01942814244597304, "lamda": 0.008405984456236948}, "datetime": {"datetime": "2021-10-06 14:40:59", "elapsed": 390.145639, "delta": 1.801634}}
{"target": -10.285669403940632, "params": {"C": 64.45048861463766, "epsilon": 23.72184682898369, "gamma": 0.026932631053781173, "lamda": 0.006618160901637926}, "datetime": {"datetime": "2021-10-06 14:41:02", "elapsed": 392.645814, "delta": 2.500175}}
{"target": -10.295156304739228, "params": {"C": 65.0898978944824, "epsilon": 22.032655119438232, "gamma": 0.027997035652978737, "lamda": 0.004447312213977693}, "datetime": {"datetime": "2021-10-06 14:41:04", "elapsed": 394.525578, "delta": 1.879764}}
{"target": -10.205210953726642, "params": {"C": 50.992124039767184, "epsilon": 31.488844633637378, "gamma": 0.02563644770845045, "lamda": 0.0044059473376902615}, "datetime": {"datetime": "2021-10-06 14:41:06", "elapsed": 396.417553, "delta": 1.891975}}
{"target": -10.090998624171812, "params": {"C": 53.50785543631505, "epsilon": 28.723338155517247, "gamma": 0.0174828175643616, "lamda": 0.00357756788059949}, "datetime": {"datetime": "2021-10-06 14:41:08", "elapsed": 398.658726, "delta": 2.241173}}
{"target": -10.182113192618193, "params": {"C": 57.700123873872826, "epsilon": 26.51981606283676, "gamma": 0.020716833353886063, "lamda": 0.007964502435106376}, "datetime": {"datetime": "2021-10-06 14:41:10", "elapsed": 400.667799, "delta": 2.009073}}
{"target": -10.18586377552867, "params": {"C": 39.3692407187167, "epsilon": 33.54498434498092, "gamma": 0.015665542281236927, "lamda": 0.0018234570257044938}, "datetime": {"datetime": "2021-10-06 14:41:12", "elapsed": 402.824731, "delta": 2.156932}}
{"target": -10.271918309232294, "params": {"C": 62.4070633798335, "epsilon": 30.113369225460605, "gamma": 0.013436176896669356, "lamda": 0.004758287168925997}, "datetime": {"datetime": "2021-10-06 14:41:14", "elapsed": 404.924798, "delta": 2.100067}}
{"target": -10.268225541982737, "params": {"C": 46.69556312803505, "epsilon": 23.040740833784305, "gamma": 0.014233131056206995, "lamda": 0.0007118053975118127}, "datetime": {"datetime": "2021-10-06 14:41:17", "elapsed": 407.606154, "delta": 2.681356}}
{"target": -10.175468229548459, "params": {"C": 46.014602438167366, "epsilon": 25.39468950934302, "gamma": 0.0237282355226597, "lamda": 0.007809713034155236}, "datetime": {"datetime": "2021-10-06 14:41:19", "elapsed": 409.672001, "delta": 2.065847}}
{"target": -10.227463760142646, "params": {"C": 58.16367187503427, "epsilon": 22.37241061010952, "gamma": 0.015342797994043093, "lamda": 0.006692944802805446}, "datetime": {"datetime": "2021-10-06 14:41:21", "elapsed": 411.388166, "delta": 1.716165}}
{"target": -10.091246860441228, "params": {"C": 50.01901147742595, "epsilon": 28.670139036605494, "gamma": 0.01882871937892526, "lamda": 0.0045391233382290385}, "datetime": {"datetime": "2021-10-06 14:41:22", "elapsed": 413.108546, "delta": 1.72038}}
{"target": -10.198006385103128, "params": {"C": 62.040984478035874, "epsilon": 28.667566698894085, "gamma": 0.02060245462004063, "lamda": 0.009747968224926705}, "datetime": {"datetime": "2021-10-06 14:41:24", "elapsed": 415.017985, "delta": 1.909439}}
{"target": -10.240431433307508, "params": {"C": 45.067715879891246, "epsilon": 29.57302288729999, "gamma": 0.014133497763697584, "lamda": 0.005760146980716068}, "datetime": {"datetime": "2021-10-06 14:41:26", "elapsed": 417.16209, "delta": 2.144105}}
{"target": -10.134466297088004, "params": {"C": 65.10222709191883, "epsilon": 33.38745910133001, "gamma": 0.016457135569139355, "lamda": 0.0034810503699549697}, "datetime": {"datetime": "2021-10-06 14:41:28", "elapsed": 419.085031, "delta": 1.922941}}
{"target": -10.317196521742822, "params": {"C": 50.90620039393584, "epsilon": 27.106783305496766, "gamma": 0.02985777018226827, "lamda": 0.0033597092137581963}, "datetime": {"datetime": "2021-10-06 14:41:30", "elapsed": 421.084541, "delta": 1.99951}}
{"target": -10.358522287974129, "params": {"C": 54.18906666172394, "epsilon": 30.705219574532443, "gamma": 0.010231929109737022, "lamda": 0.0025217767944993442}, "datetime": {"datetime": "2021-10-06 14:41:32", "elapsed": 423.079672, "delta": 1.995131}}
{"target": -10.631417745126216, "params": {"C": 45.07757954017819, "epsilon": 28.371519037595128, "gamma": 0.011333210484410262, "lamda": 0.010420542572310657}, "datetime": {"datetime": "2021-10-06 14:41:35", "elapsed": 425.575878, "delta": 2.496206}}
{"target": -10.294788871953484, "params": {"C": 47.247904750620265, "epsilon": 29.514750051455493, "gamma": 0.02988651254211308, "lamda": 0.010375703583698636}, "datetime": {"datetime": "2021-10-06 14:41:37", "elapsed": 427.90967, "delta": 2.333792}}
