{"target": -20.754981374160327, "params": {"C": 10.823769042284441, "epsilon": 17.90483499293474, "gamma": 0.19793177457837927, "lamda": 0.20730187711895504}, "datetime": {"datetime": "2021-10-05 11:49:17", "elapsed": 653.25555, "delta": 3.107226}}
{"target": -13.57781110151518, "params": {"C": 21.679475540081164, "epsilon": 28.23363239851624, "gamma": 0.0005, "lamda": 0.0005}, "datetime": {"datetime": "2021-10-05 11:49:20", "elapsed": 656.363045, "delta": 3.107495}}
{"target": -13.403422564241183, "params": {"C": 21.288769139663525, "epsilon": 29.681683062674434, "gamma": 0.14763667431894692, "lamda": 0.03488650122886488}, "datetime": {"datetime": "2021-10-05 11:49:22", "elapsed": 658.918173, "delta": 2.555128}}
{"target": -17.09266440242823, "params": {"C": 23.00554023313862, "epsilon": 29.36944890509875, "gamma": 0.05462192227412399, "lamda": 0.3095529748092041}, "datetime": {"datetime": "2021-10-05 11:49:26", "elapsed": 662.90057, "delta": 3.982397}}
{"target": -21.649252161777763, "params": {"C": 23.180910266266572, "epsilon": 27.81373039920918, "gamma": 0.0562784782561906, "lamda": 0.3986008653961056}, "datetime": {"datetime": "2021-10-05 11:49:30", "elapsed": 666.370058, "delta": 3.469488}}
{"target": -14.085434069258671, "params": {"C": 9.481973381537426, "epsilon": 18.81983088578374, "gamma": 0.0005, "lamda": 0.0005}, "datetime": {"datetime": "2021-10-05 11:49:34", "elapsed": 670.485325, "delta": 4.115267}}
{"target": -48.94120867675952, "params": {"C": 8.3072178036485, "epsilon": 18.76080343875232, "gamma": 0.10898865942583634, "lamda": 0.6747911809828483}, "datetime": {"datetime": "2021-10-05 11:49:37", "elapsed": 673.823209, "delta": 3.337884}}
{"target": -44.19097953311682, "params": {"C": 12.952004463587432, "epsilon": 19.64716082899933, "gamma": 0.1584497156851627, "lamda": 0.6395900029261226}, "datetime": {"datetime": "2021-10-05 11:49:39", "elapsed": 676.145309, "delta": 2.3221}}
{"target": -11.681388892839333, "params": {"C": 14.827294714162708, "epsilon": 19.492458624022376, "gamma": 0.0974132374523848, "lamda": 0.004357864052707668}, "datetime": {"datetime": "2021-10-05 11:49:42", "elapsed": 678.992306, "delta": 2.846997}}
{"target": -18.129116411212674, "params": {"C": 14.255450632019212, "epsilon": 18.352807531402473, "gamma": 0.14934524149871456, "lamda": 0.18201675593740674}, "datetime": {"datetime": "2021-10-05 11:49:46", "elapsed": 682.682982, "delta": 3.690676}}
{"target": -39.4718403646184, "params": {"C": 21.60956954652573, "epsilon": 29.42236550420297, "gamma": 0.03403115503524638, "lamda": 0.757087829626921}, "datetime": {"datetime": "2021-10-05 11:49:49", "elapsed": 685.236109, "delta": 2.553127}}
{"target": -39.60727988849812, "params": {"C": 14.921559678960435, "epsilon": 19.49511433077181, "gamma": 0.17981248725263113, "lamda": 0.5710850252995453}, "datetime": {"datetime": "2021-10-05 11:49:51", "elapsed": 688.202807, "delta": 2.966698}}
{"target": -13.226855287370725, "params": {"C": 48.884450894542915, "epsilon": 23.315861654627763, "gamma": 0.0005, "lamda": 0.0005}, "datetime": {"datetime": "2021-10-05 11:49:54", "elapsed": 690.990093, "delta": 2.787286}}
{"target": -17.152745075807438, "params": {"C": 52.55365071186316, "epsilon": 28.269298633638503, "gamma": 0.1733364712213538, "lamda": 0.16464036044534805}, "datetime": {"datetime": "2021-10-05 11:49:56", "elapsed": 693.200838, "delta": 2.210745}}
{"target": -10.610671173225287, "params": {"C": 45.02612556876759, "epsilon": 22.7245330773174, "gamma": 0.04331971428736652, "lamda": 0.02692999527736282}, "datetime": {"datetime": "2021-10-05 11:49:59", "elapsed": 695.848669, "delta": 2.647831}}
{"target": -47.39565118246599, "params": {"C": 18.732685462324575, "epsilon": 25.092954152335796, "gamma": 0.1739465082402908, "lamda": 0.7903066597569677}, "datetime": {"datetime": "2021-10-05 11:50:02", "elapsed": 698.665927, "delta": 2.817258}}
{"target": -12.814524372723666, "params": {"C": 10.317675239814857, "epsilon": 19.10069887095464, "gamma": 0.014193426435060037, "lamda": 0.12322449898206679}, "datetime": {"datetime": "2021-10-05 11:50:04", "elapsed": 701.042368, "delta": 2.376441}}
{"target": -50.59034118856771, "params": {"C": 45.40576021523208, "epsilon": 22.722600671888834, "gamma": 0.037328354093527305, "lamda": 0.7988497838999692}, "datetime": {"datetime": "2021-10-05 11:50:07", "elapsed": 703.76053, "delta": 2.718162}}
{"target": -36.87663920928812, "params": {"C": 10.0318275820633, "epsilon": 18.563770778417865, "gamma": 0.1587658589434765, "lamda": 0.46998701751293614}, "datetime": {"datetime": "2021-10-05 11:50:09", "elapsed": 705.663033, "delta": 1.902503}}
{"target": -15.758681924361728, "params": {"C": 26.517379211087885, "epsilon": 12.374100178034206, "gamma": 0.09617924063596842, "lamda": 0.1591498469770296}, "datetime": {"datetime": "2021-10-05 11:50:11", "elapsed": 707.851295, "delta": 2.188262}}
{"target": -13.118987594009676, "params": {"C": 52.115413606250996, "epsilon": 24.805414620263925, "gamma": 0.08645424156264428, "lamda": 0.10627922632828167}, "datetime": {"datetime": "2021-10-05 11:50:14", "elapsed": 710.411732, "delta": 2.560437}}
{"target": -16.329178993780484, "params": {"C": 53.69456192199226, "epsilon": 29.012329513452084, "gamma": 0.2, "lamda": 0.0005}, "datetime": {"datetime": "2021-10-05 11:50:17", "elapsed": 714.172772, "delta": 3.76104}}
{"target": -18.49779058186528, "params": {"C": 12.242833432868753, "epsilon": 16.778822649736455, "gamma": 0.01116354952914693, "lamda": 0.2691256545094298}, "datetime": {"datetime": "2021-10-05 11:50:21", "elapsed": 717.522679, "delta": 3.349907}}
{"target": -11.14642017591534, "params": {"C": 71.91275184595862, "epsilon": 14.032295717149633, "gamma": 0.06407799606160582, "lamda": 0.019470579904699317}, "datetime": {"datetime": "2021-10-05 11:50:23", "elapsed": 719.749153, "delta": 2.226474}}
{"target": -16.052151075119156, "params": {"C": 24.472390726365536, "epsilon": 29.665152297792492, "gamma": 0.2, "lamda": 0.0005}, "datetime": {"datetime": "2021-10-05 11:50:26", "elapsed": 722.633423, "delta": 2.88427}}
{"target": -40.370263450099216, "params": {"C": 25.16572029861323, "epsilon": 28.51659257240719, "gamma": 0.0005, "lamda": 0.8}, "datetime": {"datetime": "2021-10-05 11:50:31", "elapsed": 727.488391, "delta": 4.854968}}
{"target": -11.77801391506253, "params": {"C": 20.97059318287435, "epsilon": 28.131570662813303, "gamma": 0.06921826890930835, "lamda": 0.07332192522361973}, "datetime": {"datetime": "2021-10-05 11:50:33", "elapsed": 729.935132, "delta": 2.446741}}
{"target": -11.249508496698315, "params": {"C": 15.798603580835616, "epsilon": 13.14866885820338, "gamma": 0.0050116332534036155, "lamda": 0.0005}, "datetime": {"datetime": "2021-10-05 11:50:37", "elapsed": 733.239803, "delta": 3.304671}}
{"target": -59.85143003821699, "params": {"C": 15.127100997327583, "epsilon": 12.241219947140946, "gamma": 0.10910012505639699, "lamda": 0.6427152148052555}, "datetime": {"datetime": "2021-10-05 11:50:40", "elapsed": 736.778897, "delta": 3.539094}}
{"target": -59.934782864152545, "params": {"C": 16.097104476913334, "epsilon": 13.871484577662434, "gamma": 0.03871548378924606, "lamda": 0.678240861408306}, "datetime": {"datetime": "2021-10-05 11:50:43", "elapsed": 739.933462, "delta": 3.154565}}
{"target": -12.807916209990408, "params": {"C": 39.81064668254138, "epsilon": 29.075166232187797, "gamma": 0.030581513429950347, "lamda": 0.14780136956699408}, "datetime": {"datetime": "2021-10-05 11:50:47", "elapsed": 743.828338, "delta": 3.894876}}
{"target": -28.168951571101257, "params": {"C": 21.548355262669165, "epsilon": 27.591800565911, "gamma": 0.14239926085335416, "lamda": 0.4768015258827177}, "datetime": {"datetime": "2021-10-05 11:50:50", "elapsed": 746.546532, "delta": 2.718194}}
{"target": -11.004934659718709, "params": {"C": 20.55694711487804, "epsilon": 28.781314941805046, "gamma": 0.02896465301144457, "lamda": 0.05469911555481704}, "datetime": {"datetime": "2021-10-05 11:50:52", "elapsed": 749.187142, "delta": 2.64061}}
{"target": -17.565283136442634, "params": {"C": 20.042951750911264, "epsilon": 29.95067222034703, "gamma": 0.19749110960862654, "lamda": 0.15954183345014833}, "datetime": {"datetime": "2021-10-05 11:50:56", "elapsed": 752.556687, "delta": 3.369545}}
{"target": -11.982242596247533, "params": {"C": 9.890648590210313, "epsilon": 19.8452942948819, "gamma": 0.07637767374828877, "lamda": 0.07895213536306747}, "datetime": {"datetime": "2021-10-05 11:50:59", "elapsed": 755.751202, "delta": 3.194515}}
{"target": -14.074269767174027, "params": {"C": 10.886603448113062, "epsilon": 15.955762271366982, "gamma": 0.16990504557560945, "lamda": 0.012130922090217693}, "datetime": {"datetime": "2021-10-05 11:51:02", "elapsed": 759.104012, "delta": 3.35281}}
{"target": -28.301769632123115, "params": {"C": 11.844074175916482, "epsilon": 14.774214071872871, "gamma": 0.021166022101705408, "lamda": 0.3497247897076027}, "datetime": {"datetime": "2021-10-05 11:51:06", "elapsed": 762.431804, "delta": 3.327792}}
{"target": -15.701174517465196, "params": {"C": 9.528787984102328, "epsilon": 15.505764946720358, "gamma": 0.2, "lamda": 0.0005}, "datetime": {"datetime": "2021-10-05 11:51:10", "elapsed": 766.668341, "delta": 4.236537}}
{"target": -16.12096307308321, "params": {"C": 20.290091366819002, "epsilon": 15.060481417320464, "gamma": 0.2, "lamda": 0.0005}, "datetime": {"datetime": "2021-10-05 11:51:13", "elapsed": 769.915415, "delta": 3.247074}}
{"target": -37.088310222360185, "params": {"C": 10.218878732890055, "epsilon": 15.613877824668446, "gamma": 0.10915704298708336, "lamda": 0.4318420108602074}, "datetime": {"datetime": "2021-10-05 11:51:17", "elapsed": 773.61882, "delta": 3.703405}}
{"target": -12.504376163502007, "params": {"C": 20.650860046369473, "epsilon": 29.609355487397977, "gamma": 0.0254053864977651, "lamda": 0.1322798681763005}, "datetime": {"datetime": "2021-10-05 11:51:22", "elapsed": 778.389636, "delta": 4.770816}}
{"target": -13.335374621160186, "params": {"C": 21.010172853470326, "epsilon": 29.115110357662903, "gamma": 0.14904789697910842, "lamda": 0.026553913487662634}, "datetime": {"datetime": "2021-10-05 11:51:25", "elapsed": 781.399062, "delta": 3.009426}}
{"target": -15.578747091695245, "params": {"C": 8.318621267060331, "epsilon": 15.241702216245516, "gamma": 0.2, "lamda": 0.0005}, "datetime": {"datetime": "2021-10-05 11:51:29", "elapsed": 785.691184, "delta": 4.292122}}
{"target": -16.353400292613436, "params": {"C": 8.767392703958308, "epsilon": 13.628789393313086, "gamma": 0.07855657097738232, "lamda": 0.18651340263118368}, "datetime": {"datetime": "2021-10-05 11:51:34", "elapsed": 790.670431, "delta": 4.979247}}
{"target": -15.54951229027125, "params": {"C": 7.291736657968338, "epsilon": 13.93339436647688, "gamma": 0.2, "lamda": 0.0005}, "datetime": {"datetime": "2021-10-05 11:51:39", "elapsed": 795.35313, "delta": 4.682699}}
{"target": -14.237075439102986, "params": {"C": 7.751000738946324, "epsilon": 12.439921629632606, "gamma": 0.1535240438062648, "lamda": 0.06078199538744865}, "datetime": {"datetime": "2021-10-05 11:51:42", "elapsed": 798.517653, "delta": 3.164523}}
{"target": -43.32582789346751, "params": {"C": 6.27027743434402, "epsilon": 13.024950686808348, "gamma": 0.18645771511071926, "lamda": 0.4826562759530856}, "datetime": {"datetime": "2021-10-05 11:51:45", "elapsed": 802.203734, "delta": 3.686081}}
{"target": -15.569211407924108, "params": {"C": 7.9480287787810635, "epsilon": 13.283460572363175, "gamma": 0.19971542543216403, "lamda": 0.0005}, "datetime": {"datetime": "2021-10-05 11:51:49", "elapsed": 805.454861, "delta": 3.251127}}
{"target": -33.846452528260315, "params": {"C": 8.133610395886702, "epsilon": 14.223753903734455, "gamma": 0.06063419038814756, "lamda": 0.4102310809941512}, "datetime": {"datetime": "2021-10-05 11:51:52", "elapsed": 808.23139, "delta": 2.776529}}
{"target": -13.896509869518802, "params": {"C": 30.493578476738314, "epsilon": 13.310468649512943, "gamma": 0.0005, "lamda": 0.0005}, "datetime": {"datetime": "2021-10-05 11:51:55", "elapsed": 811.51216, "delta": 3.28077}}
{"target": -16.722472544132152, "params": {"C": 8.62836631989343, "epsilon": 12.434075671984337, "gamma": 0.12356248264160508, "lamda": 0.1558776218806108}, "datetime": {"datetime": "2021-10-05 11:51:58", "elapsed": 814.786943, "delta": 3.274783}}
{"target": -38.21825733035018, "params": {"C": 39.47127775616723, "epsilon": 29.449315027877976, "gamma": 0.012443648520579277, "lamda": 0.7579238556596323}, "datetime": {"datetime": "2021-10-05 11:52:01", "elapsed": 817.906334, "delta": 3.119391}}
{"target": -19.74560375633075, "params": {"C": 8.835226844801307, "epsilon": 15.94357558473219, "gamma": 0.16951943184072862, "lamda": 0.19464175812375922}, "datetime": {"datetime": "2021-10-05 11:52:06", "elapsed": 822.407024, "delta": 4.50069}}
{"target": -10.239870436339482, "params": {"C": 26.50371794613989, "epsilon": 16.67833853631324, "gamma": 0.017650759410338543, "lamda": 0.0026865037747245374}, "datetime": {"datetime": "2021-10-05 11:52:09", "elapsed": 826.157643, "delta": 3.750619}}
{"target": -12.537592601786587, "params": {"C": 11.120939246053531, "epsilon": 16.695870934005775, "gamma": 0.052161890411039406, "lamda": 0.11880684392106873}, "datetime": {"datetime": "2021-10-05 11:52:12", "elapsed": 829.194047, "delta": 3.036404}}
{"target": -38.27469885337327, "params": {"C": 9.944260338573603, "epsilon": 12.89195012638305, "gamma": 0.11196640653821291, "lamda": 0.4224691356506094}, "datetime": {"datetime": "2021-10-05 11:52:16", "elapsed": 832.716151, "delta": 3.522104}}
{"target": -23.663163540786723, "params": {"C": 7.711022369480348, "epsilon": 10.996922672229376, "gamma": 0.05327865158088953, "lamda": 0.3055324372915537}, "datetime": {"datetime": "2021-10-05 11:52:21", "elapsed": 837.829864, "delta": 5.113713}}
{"target": -10.39769019373554, "params": {"C": 6.440126497812876, "epsilon": 15.576211265490851, "gamma": 0.02947901611615485, "lamda": 0.028685489220178422}, "datetime": {"datetime": "2021-10-05 11:52:26", "elapsed": 842.363942, "delta": 4.534078}}
{"target": -19.82516801123156, "params": {"C": 5.161403686647029, "epsilon": 16.04091446443448, "gamma": 0.02920580127277766, "lamda": 0.27996005909008437}, "datetime": {"datetime": "2021-10-05 11:52:30", "elapsed": 847.116181, "delta": 4.752239}}
{"target": -13.136858962234257, "params": {"C": 7.010300889263011, "epsilon": 16.367247584291423, "gamma": 0.0027451086390487467, "lamda": 0.04301037095586204}, "datetime": {"datetime": "2021-10-05 11:52:34", "elapsed": 851.152412, "delta": 4.036231}}
{"target": -19.439407473240987, "params": {"C": 7.398351550379716, "epsilon": 15.720150511638119, "gamma": 0.18662606112402655, "lamda": 0.17862619311092962}, "datetime": {"datetime": "2021-10-05 11:52:38", "elapsed": 854.859233, "delta": 3.706821}}
{"target": -59.78457925043897, "params": {"C": 6.264473469525586, "epsilon": 16.484175254885578, "gamma": 0.11462862897651661, "lamda": 0.7672699909638621}, "datetime": {"datetime": "2021-10-05 11:52:43", "elapsed": 859.695911, "delta": 4.836678}}
{"target": -10.486208019905929, "params": {"C": 6.744482745535265, "epsilon": 14.691816461572438, "gamma": 0.04355891664361532, "lamda": 0.008802320094286928}, "datetime": {"datetime": "2021-10-05 11:52:46", "elapsed": 863.011624, "delta": 3.315713}}
{"target": -38.90636459286698, "params": {"C": 6.078815737893502, "epsilon": 14.869243252113963, "gamma": 0.11879183934244679, "lamda": 0.4503338938279554}, "datetime": {"datetime": "2021-10-05 11:52:50", "elapsed": 866.234197, "delta": 3.222573}}
{"target": -69.33270261226014, "params": {"C": 11.31453179605354, "epsilon": 16.231116487807903, "gamma": 0.10493548408783501, "lamda": 0.7962086583000169}, "datetime": {"datetime": "2021-10-05 11:52:54", "elapsed": 870.322196, "delta": 4.087999}}
{"target": -16.368872136076305, "params": {"C": 10.526327779829193, "epsilon": 19.747663452290034, "gamma": 0.14150589826837434, "lamda": 0.1516607541295861}, "datetime": {"datetime": "2021-10-05 11:52:57", "elapsed": 874.08159, "delta": 3.759394}}
{"target": -13.185722017947654, "params": {"C": 51.85688817016093, "epsilon": 29.322118858091823, "gamma": 0.0005, "lamda": 0.0005}, "datetime": {"datetime": "2021-10-05 11:53:03", "elapsed": 880.131522, "delta": 6.049932}}
{"target": -14.114855680489438, "params": {"C": 10.278488885901794, "epsilon": 16.626693162412096, "gamma": 0.17137655307486557, "lamda": 0.037287658259549925}, "datetime": {"datetime": "2021-10-05 11:53:08", "elapsed": 884.891124, "delta": 4.759602}}
{"target": -13.990424318919425, "params": {"C": 11.470324927910688, "epsilon": 17.304591295545308, "gamma": 0.0005, "lamda": 0.0005}, "datetime": {"datetime": "2021-10-05 11:53:13", "elapsed": 890.004591, "delta": 5.113467}}
{"target": -15.120469430972742, "params": {"C": 6.979881141901927, "epsilon": 15.17072231198688, "gamma": 0.1798095329775272, "lamda": 0.07624756433433666}, "datetime": {"datetime": "2021-10-05 11:53:17", "elapsed": 893.563201, "delta": 3.55861}}
{"target": -13.204204886222684, "params": {"C": 51.36171497575387, "epsilon": 30.0, "gamma": 0.0005, "lamda": 0.0005}, "datetime": {"datetime": "2021-10-05 11:53:21", "elapsed": 897.28373, "delta": 3.720529}}
{"target": -22.24492317390398, "params": {"C": 11.943616932914262, "epsilon": 18.096012967405407, "gamma": 0.05831440185847252, "lamda": 0.3135809394239246}, "datetime": {"datetime": "2021-10-05 11:53:24", "elapsed": 900.480722, "delta": 3.196992}}
{"target": -10.962197112881773, "params": {"C": 15.688655631381474, "epsilon": 23.612354359026323, "gamma": 0.061120022796097795, "lamda": 0.03426142619226652}, "datetime": {"datetime": "2021-10-05 11:53:28", "elapsed": 904.247864, "delta": 3.767142}}
{"target": -31.291743701209857, "params": {"C": 15.32907641981542, "epsilon": 24.250497342270055, "gamma": 0.02582497892116624, "lamda": 0.4813653654446307}, "datetime": {"datetime": "2021-10-05 11:53:32", "elapsed": 909.177526, "delta": 4.929662}}
{"target": -13.683313647756378, "params": {"C": 17.434021727930787, "epsilon": 19.72088918867013, "gamma": 0.0005, "lamda": 0.0005}, "datetime": {"datetime": "2021-10-05 11:53:36", "elapsed": 912.892308, "delta": 3.714782}}
{"target": -13.33369702228929, "params": {"C": 13.24571630659568, "epsilon": 17.29300327216521, "gamma": 0.08694402312337134, "lamda": 0.11119807249344518}, "datetime": {"datetime": "2021-10-05 11:53:40", "elapsed": 916.598549, "delta": 3.706241}}
{"target": -16.65031288731192, "params": {"C": 13.842349794868028, "epsilon": 16.418309547761623, "gamma": 0.14933428913008173, "lamda": 0.14441435383123363}, "datetime": {"datetime": "2021-10-05 11:53:45", "elapsed": 921.364656, "delta": 4.766107}}
{"target": -14.157192970125198, "params": {"C": 18.238926140348124, "epsilon": 22.402979891491242, "gamma": 0.17353976244820168, "lamda": 0.035658963102188815}, "datetime": {"datetime": "2021-10-05 11:53:50", "elapsed": 926.95174, "delta": 5.587084}}
{"target": -16.588643897857942, "params": {"C": 81.8933673703488, "epsilon": 24.364220265112074, "gamma": 0.2, "lamda": 0.0005}, "datetime": {"datetime": "2021-10-05 11:53:56", "elapsed": 932.396476, "delta": 5.444736}}
{"target": -40.50952762838291, "params": {"C": 13.754224081788399, "epsilon": 17.491189357324632, "gamma": 0.17673743226305882, "lamda": 0.5371172297995586}, "datetime": {"datetime": "2021-10-05 11:53:59", "elapsed": 935.732957, "delta": 3.336481}}
{"target": -13.7103202904783, "params": {"C": 14.318321443044503, "epsilon": 19.05376916936355, "gamma": 0.0005, "lamda": 0.0005}, "datetime": {"datetime": "2021-10-05 11:54:04", "elapsed": 940.60978, "delta": 4.876823}}
{"target": -13.603860277590377, "params": {"C": 19.881649187733125, "epsilon": 29.140173408313775, "gamma": 0.0005, "lamda": 0.0005}, "datetime": {"datetime": "2021-10-05 11:54:09", "elapsed": 945.341497, "delta": 4.731717}}
{"target": -11.824377897561792, "params": {"C": 40.56119301330678, "epsilon": 29.359962525087617, "gamma": 0.043197779089267044, "lamda": 0.0922825012316366}, "datetime": {"datetime": "2021-10-05 11:54:12", "elapsed": 948.97601, "delta": 3.634513}}
{"target": -14.690370265519023, "params": {"C": 48.63514952012358, "epsilon": 19.36126942792942, "gamma": 0.1010387107229783, "lamda": 0.13970813721650222}, "datetime": {"datetime": "2021-10-05 11:54:17", "elapsed": 953.259999, "delta": 4.283989}}
{"target": -13.236561224724161, "params": {"C": 19.01571885167899, "epsilon": 23.209332511216445, "gamma": 0.09712501524895722, "lamda": 0.09743245206419708}, "datetime": {"datetime": "2021-10-05 11:54:21", "elapsed": 957.276313, "delta": 4.016314}}
{"target": -15.282027862137436, "params": {"C": 3.937506597348395, "epsilon": 15.889908091410765, "gamma": 0.0005, "lamda": 0.0005}, "datetime": {"datetime": "2021-10-05 11:54:26", "elapsed": 962.60936, "delta": 5.333047}}
{"target": -19.46262814228852, "params": {"C": 80.4722218013197, "epsilon": 24.179404742399335, "gamma": 0.08087060172351994, "lamda": 0.3002314796991114}, "datetime": {"datetime": "2021-10-05 11:54:32", "elapsed": 968.610384, "delta": 6.001024}}
{"target": -27.91899241420392, "params": {"C": 19.125355690450952, "epsilon": 22.28309232656703, "gamma": 0.1815779795589159, "lamda": 0.3686774178415323}, "datetime": {"datetime": "2021-10-05 11:54:37", "elapsed": 973.307221, "delta": 4.696837}}
{"target": -32.861225817006385, "params": {"C": 18.29068967770576, "epsilon": 23.08149860387173, "gamma": 0.0742005426093019, "lamda": 0.535850372739876}, "datetime": {"datetime": "2021-10-05 11:54:41", "elapsed": 977.889712, "delta": 4.582491}}
{"target": -16.216424110272275, "params": {"C": 44.78939521297844, "epsilon": 23.358132021852462, "gamma": 0.2, "lamda": 0.0005}, "datetime": {"datetime": "2021-10-05 11:54:46", "elapsed": 982.470224, "delta": 4.580512}}
