{"target": -10.288205764670758, "params": {"C": 65.22317047128324, "epsilon": 33.627448489782765, "gamma": 0.024338976061460127, "lamda": 0.0024957647471672744}, "datetime": {"datetime": "2021-10-06 14:35:02", "elapsed": 32.695322, "delta": 0.556602}}
{"target": -10.132635817749973, "params": {"C": 57.69565203725213, "epsilon": 31.94729311530309, "gamma": 0.016554735247038474, "lamda": 0.004610632568264632}, "datetime": {"datetime": "2021-10-06 14:35:02", "elapsed": 33.181319, "delta": 0.485997}}
{"target": -10.184290296479373, "params": {"C": 61.18014443640377, "epsilon": 25.264269579129103, "gamma": 0.02397278559859392, "lamda": 0.005272203614909877}, "datetime": {"datetime": "2021-10-06 14:35:03", "elapsed": 33.657368, "delta": 0.476049}}
{"target": -10.510261128925071, "params": {"C": 57.73317828762889, "epsilon": 31.972684814206886, "gamma": 0.014290780025185825, "lamda": 0.010002337604315008}, "datetime": {"datetime": "2021-10-06 14:35:03", "elapsed": 34.160876, "delta": 0.503508}}
{"target": -10.356157732083805, "params": {"C": 61.207466599629726, "epsilon": 25.244758855877073, "gamma": 0.011075624952330878, "lamda": 0.00448744736532686}, "datetime": {"datetime": "2021-10-06 14:35:04", "elapsed": 34.675878, "delta": 0.515002}}
{"target": -10.412142455073436, "params": {"C": 48.17993811529623, "epsilon": 33.34089879571113, "gamma": 0.01265187983746614, "lamda": 0.005798220342669569}, "datetime": {"datetime": "2021-10-06 14:35:04", "elapsed": 35.179842, "delta": 0.503964}}
{"target": -10.234780647340406, "params": {"C": 42.92862281833299, "epsilon": 22.48917457309272, "gamma": 0.01523129862212234, "lamda": 0.009223305126530757}, "datetime": {"datetime": "2021-10-06 14:35:05", "elapsed": 35.679508, "delta": 0.499666}}
{"target": -10.231958301625458, "params": {"C": 66.9717821878587, "epsilon": 29.017608453414294, "gamma": 0.019503486531239893, "lamda": 0.009820744856329852}, "datetime": {"datetime": "2021-10-06 14:35:05", "elapsed": 36.155497, "delta": 0.475989}}
{"target": -10.45493433893252, "params": {"C": 66.79741306876593, "epsilon": 25.197564407867112, "gamma": 0.010881562009993729, "lamda": 0.006330925924210023}, "datetime": {"datetime": "2021-10-06 14:35:06", "elapsed": 36.640344, "delta": 0.484847}}
{"target": -10.239133083643917, "params": {"C": 54.52747738094085, "epsilon": 22.417968356088313, "gamma": 0.02677030625148421, "lamda": 0.006265505601376536}, "datetime": {"datetime": "2021-10-06 14:35:06", "elapsed": 37.163023, "delta": 0.522679}}
{"target": -10.14451606376188, "params": {"C": 43.681467394109745, "epsilon": 23.76531548994163, "gamma": 0.02067527791260116, "lamda": 0.007080019451549836}, "datetime": {"datetime": "2021-10-06 14:35:07", "elapsed": 37.667581, "delta": 0.504558}}
{"target": -10.358826750347175, "params": {"C": 65.6471860880688, "epsilon": 31.194223281932583, "gamma": 0.029994374484669586, "lamda": 0.004164622718409338}, "datetime": {"datetime": "2021-10-06 14:35:07", "elapsed": 38.16051, "delta": 0.492929}}
{"target": -10.109949595386432, "params": {"C": 42.22791726057957, "epsilon": 23.095481217791914, "gamma": 0.016761247992955124, "lamda": 0.004089088755687492}, "datetime": {"datetime": "2021-10-06 14:35:08", "elapsed": 38.781167, "delta": 0.620657}}
{"target": -10.213497487140543, "params": {"C": 43.84558044141328, "epsilon": 24.646561825187476, "gamma": 0.02628839050135972, "lamda": 0.008351763365351738}, "datetime": {"datetime": "2021-10-06 14:35:08", "elapsed": 39.325575, "delta": 0.544408}}
{"target": -10.242666741392926, "params": {"C": 53.291689453426685, "epsilon": 31.69685564058706, "gamma": 0.025799992620734263, "lamda": 0.007325162965664358}, "datetime": {"datetime": "2021-10-06 14:35:09", "elapsed": 39.837113, "delta": 0.511538}}
{"target": -10.504319846885526, "params": {"C": 49.10680374584002, "epsilon": 32.19674180873787, "gamma": 0.010490464869062629, "lamda": 0.005757899335561857}, "datetime": {"datetime": "2021-10-06 14:35:10", "elapsed": 40.412293, "delta": 0.57518}}
{"target": -10.301936313107221, "params": {"C": 40.00534116104468, "epsilon": 33.705635205479695, "gamma": 0.028746830113537493, "lamda": 0.003561493912657105}, "datetime": {"datetime": "2021-10-06 14:35:10", "elapsed": 40.910776, "delta": 0.498483}}
{"target": -10.260479085223011, "params": {"C": 62.957984107029986, "epsilon": 25.743905166036058, "gamma": 0.023558400374262913, "lamda": 0.009903132852265595}, "datetime": {"datetime": "2021-10-06 14:35:11", "elapsed": 41.411685, "delta": 0.500909}}
{"target": -10.28005142769621, "params": {"C": 42.433031762148914, "epsilon": 22.042315698877317, "gamma": 0.0293078433537017, "lamda": 0.0025621321768112275}, "datetime": {"datetime": "2021-10-06 14:35:11", "elapsed": 42.00411, "delta": 0.592425}}
{"target": -10.154549211582419, "params": {"C": 55.51947948891481, "epsilon": 30.28075409756378, "gamma": 0.023044491851331006, "lamda": 0.004975468395264587}, "datetime": {"datetime": "2021-10-06 14:35:12", "elapsed": 42.532226, "delta": 0.528116}}
{"target": -10.21953635369649, "params": {"C": 43.449186942123454, "epsilon": 23.172338173059885, "gamma": 0.02155011620155208, "lamda": 0.009984874077021168}, "datetime": {"datetime": "2021-10-06 14:35:12", "elapsed": 43.052186, "delta": 0.51996}}
{"target": -10.199717662060433, "params": {"C": 45.99426320759914, "epsilon": 26.715227190297977, "gamma": 0.021363412002472347, "lamda": 0.001932250943404659}, "datetime": {"datetime": "2021-10-06 14:35:13", "elapsed": 43.64742, "delta": 0.595234}}
{"target": -10.437408282221224, "params": {"C": 49.01391659533206, "epsilon": 32.19478321895901, "gamma": 0.014424463900377032, "lamda": 0.009192620566908512}, "datetime": {"datetime": "2021-10-06 14:35:13", "elapsed": 44.28043, "delta": 0.63301}}
{"target": -10.293708559343703, "params": {"C": 60.11949225610475, "epsilon": 29.89987453742716, "gamma": 0.015979621326252455, "lamda": 0.0077688549484562055}, "datetime": {"datetime": "2021-10-06 14:35:14", "elapsed": 44.917431, "delta": 0.637001}}
{"target": -10.48739321713011, "params": {"C": 59.61032609760146, "epsilon": 23.416002501280108, "gamma": 0.01021576920767015, "lamda": 0.006774085102423835}, "datetime": {"datetime": "2021-10-06 14:35:15", "elapsed": 45.460381, "delta": 0.54295}}
{"target": -10.224454585759075, "params": {"C": 65.70067614862356, "epsilon": 29.600473007369366, "gamma": 0.01916458018080438, "lamda": 0.009098213025847287}, "datetime": {"datetime": "2021-10-06 14:35:15", "elapsed": 46.127134, "delta": 0.666753}}
{"target": -10.240747634404146, "params": {"C": 48.94992701775743, "epsilon": 32.78551208898487, "gamma": 0.017856106535253873, "lamda": 0.008420178420330077}, "datetime": {"datetime": "2021-10-06 14:35:16", "elapsed": 46.74917, "delta": 0.622036}}
{"target": -10.278355913461679, "params": {"C": 44.913490022178706, "epsilon": 33.43826415448441, "gamma": 0.029405351783546134, "lamda": 0.006251251700625641}, "datetime": {"datetime": "2021-10-06 14:35:17", "elapsed": 47.379134, "delta": 0.629964}}
{"target": -10.17948076689665, "params": {"C": 53.7250252783726, "epsilon": 29.52375816076863, "gamma": 0.0199600394387982, "lamda": 0.0025816314797188164}, "datetime": {"datetime": "2021-10-06 14:35:17", "elapsed": 48.029512, "delta": 0.650378}}
{"target": -10.25899117219559, "params": {"C": 41.19423442194856, "epsilon": 27.845957101700055, "gamma": 0.02814926933224455, "lamda": 0.0036766408133789993}, "datetime": {"datetime": "2021-10-06 14:35:18", "elapsed": 48.653166, "delta": 0.623654}}
{"target": -10.203125204994878, "params": {"C": 58.9112811111899, "epsilon": 33.004035142975354, "gamma": 0.02283497122583245, "lamda": 0.003036334103196383}, "datetime": {"datetime": "2021-10-06 14:35:18", "elapsed": 49.281196, "delta": 0.62803}}
{"target": -10.155174978727795, "params": {"C": 58.445310167969055, "epsilon": 27.869513311092028, "gamma": 0.019854737878439176, "lamda": 0.0027379411325172695}, "datetime": {"datetime": "2021-10-06 14:35:19", "elapsed": 49.980011, "delta": 0.698815}}
{"target": -10.217102115605947, "params": {"C": 50.24980144011439, "epsilon": 30.64139381067708, "gamma": 0.026795959260951255, "lamda": 0.004985238395842158}, "datetime": {"datetime": "2021-10-06 14:35:20", "elapsed": 50.618422, "delta": 0.638411}}
{"target": -10.462176179823345, "params": {"C": 64.8420177348509, "epsilon": 30.64596370397777, "gamma": 0.013301579893658957, "lamda": 0.007525720153782794}, "datetime": {"datetime": "2021-10-06 14:35:20", "elapsed": 51.301696, "delta": 0.683274}}
{"target": -10.335572388732874, "params": {"C": 52.32168112084043, "epsilon": 28.117442849017905, "gamma": 0.013815107473274815, "lamda": 0.00757947078253386}, "datetime": {"datetime": "2021-10-06 14:35:21", "elapsed": 52.014213, "delta": 0.712517}}
{"target": -10.463474682837937, "params": {"C": 43.64687327957966, "epsilon": 32.4993958275878, "gamma": 0.010105353439031968, "lamda": 0.0019362626051781318}, "datetime": {"datetime": "2021-10-06 14:35:22", "elapsed": 52.753013, "delta": 0.7388}}
{"target": -10.21154791861938, "params": {"C": 52.43512908423633, "epsilon": 25.041630187464825, "gamma": 0.022450879585434416, "lamda": 0.009204954935485279}, "datetime": {"datetime": "2021-10-06 14:35:22", "elapsed": 53.310395, "delta": 0.557382}}
{"target": -10.181450811959628, "params": {"C": 44.92504919731737, "epsilon": 25.673693768788674, "gamma": 0.0195915030861872, "lamda": 0.0020255772380798026}, "datetime": {"datetime": "2021-10-06 14:35:23", "elapsed": 53.967678, "delta": 0.657283}}
{"target": -10.215112422009083, "params": {"C": 48.29497121561418, "epsilon": 23.272757546631805, "gamma": 0.0171432180816841, "lamda": 0.010165655576354083}, "datetime": {"datetime": "2021-10-06 14:35:24", "elapsed": 54.60969, "delta": 0.642012}}
{"target": -10.225919314284786, "params": {"C": 45.13366112706137, "epsilon": 24.432404305397313, "gamma": 0.025970087272484267, "lamda": 0.009523639981138478}, "datetime": {"datetime": "2021-10-06 14:35:24", "elapsed": 55.180496, "delta": 0.570806}}
{"target": -10.330471100015757, "params": {"C": 42.57289079825423, "epsilon": 27.520601889813776, "gamma": 0.018874809397305452, "lamda": 0.0012749609889075395}, "datetime": {"datetime": "2021-10-06 14:35:25", "elapsed": 55.962228, "delta": 0.781732}}
{"target": -10.178130568459396, "params": {"C": 56.66017322154129, "epsilon": 31.588631135370036, "gamma": 0.015779928715757636, "lamda": 0.005170814836493415}, "datetime": {"datetime": "2021-10-06 14:35:26", "elapsed": 56.56623, "delta": 0.604002}}
{"target": -10.151411113062627, "params": {"C": 50.16262430880626, "epsilon": 25.831961757612987, "gamma": 0.023256103083020112, "lamda": 0.006507580838365378}, "datetime": {"datetime": "2021-10-06 14:35:26", "elapsed": 57.201195, "delta": 0.634965}}
{"target": -10.277783339893636, "params": {"C": 50.09065789814357, "epsilon": 32.546006317004185, "gamma": 0.015608277962139386, "lamda": 0.007379888764484603}, "datetime": {"datetime": "2021-10-06 14:35:27", "elapsed": 57.904658, "delta": 0.703463}}
{"target": -10.201183240304227, "params": {"C": 56.76737638341355, "epsilon": 32.45013527923167, "gamma": 0.021033287742891604, "lamda": 0.008840749729566895}, "datetime": {"datetime": "2021-10-06 14:35:28", "elapsed": 58.591239, "delta": 0.686581}}
{"target": -10.167665165683697, "params": {"C": 43.28457159003474, "epsilon": 27.5749570190622, "gamma": 0.01966340969692188, "lamda": 0.0033391172669245}, "datetime": {"datetime": "2021-10-06 14:35:28", "elapsed": 59.230206, "delta": 0.638967}}
{"target": -10.104106110342551, "params": {"C": 43.1628606748806, "epsilon": 29.17616906609475, "gamma": 0.018695671452664986, "lamda": 0.006600164190873649}, "datetime": {"datetime": "2021-10-06 14:35:29", "elapsed": 59.929601, "delta": 0.699395}}
{"target": -10.218822946108501, "params": {"C": 40.76827747042366, "epsilon": 23.151345315450413, "gamma": 0.01627769038491915, "lamda": 0.010186690684545412}, "datetime": {"datetime": "2021-10-06 14:35:30", "elapsed": 60.576603, "delta": 0.647002}}
{"target": -10.231930687610348, "params": {"C": 63.63876734642443, "epsilon": 33.07604837764576, "gamma": 0.02058447363816527, "lamda": 0.010045343257611238}, "datetime": {"datetime": "2021-10-06 14:35:30", "elapsed": 61.295602, "delta": 0.718999}}
{"target": -10.102561159004313, "params": {"C": 54.61491925490465, "epsilon": 32.63040897712028, "gamma": 0.01903344978516086, "lamda": 0.005473065236936894}, "datetime": {"datetime": "2021-10-06 14:35:31", "elapsed": 61.976355, "delta": 0.680753}}
{"target": -10.28164225891052, "params": {"C": 41.7811419841961, "epsilon": 30.342899848486752, "gamma": 0.0162436967683523, "lamda": 0.0008782164537695335}, "datetime": {"datetime": "2021-10-06 14:35:32", "elapsed": 62.877355, "delta": 0.901}}
{"target": -10.125128308045769, "params": {"C": 60.37591806807668, "epsilon": 28.171407847662294, "gamma": 0.021570768111496875, "lamda": 0.004467897262595354}, "datetime": {"datetime": "2021-10-06 14:35:33", "elapsed": 63.64839, "delta": 0.771035}}
{"target": -10.228370552645218, "params": {"C": 42.64792943994642, "epsilon": 22.980277524253594, "gamma": 0.028654484267880344, "lamda": 0.004408336145525491}, "datetime": {"datetime": "2021-10-06 14:35:34", "elapsed": 64.424365, "delta": 0.775975}}
{"target": -10.22960727151252, "params": {"C": 40.10587419714674, "epsilon": 24.710255281435717, "gamma": 0.02876356058136431, "lamda": 0.006816532160052606}, "datetime": {"datetime": "2021-10-06 14:35:34", "elapsed": 65.063214, "delta": 0.638849}}
{"target": -10.217961352483691, "params": {"C": 54.89995922341522, "epsilon": 31.730195097956575, "gamma": 0.022771648302744533, "lamda": 0.009314687915633705}, "datetime": {"datetime": "2021-10-06 14:35:35", "elapsed": 65.635568, "delta": 0.572354}}
{"target": -10.193103451128929, "params": {"C": 54.56487132342873, "epsilon": 31.4971523858744, "gamma": 0.023641169746924113, "lamda": 0.007132139140126686}, "datetime": {"datetime": "2021-10-06 14:35:36", "elapsed": 66.400311, "delta": 0.764743}}
{"target": -10.20889172393268, "params": {"C": 45.26957213147775, "epsilon": 31.027283680636824, "gamma": 0.026528286854643736, "lamda": 0.007101520476160606}, "datetime": {"datetime": "2021-10-06 14:35:36", "elapsed": 67.048914, "delta": 0.648603}}
{"target": -10.106514314826097, "params": {"C": 39.49571336324682, "epsilon": 25.449181279781588, "gamma": 0.017540265411284207, "lamda": 0.006431176670508827}, "datetime": {"datetime": "2021-10-06 14:35:37", "elapsed": 67.752745, "delta": 0.703831}}
{"target": -10.395414993565408, "params": {"C": 47.72853920496941, "epsilon": 30.537818278415163, "gamma": 0.014724590278602227, "lamda": 0.009580165823363393}, "datetime": {"datetime": "2021-10-06 14:35:38", "elapsed": 68.520741, "delta": 0.767996}}
{"target": -10.213562868414817, "params": {"C": 54.60839883829665, "epsilon": 29.317742073866032, "gamma": 0.023814505005490733, "lamda": 0.008113066581881916}, "datetime": {"datetime": "2021-10-06 14:35:38", "elapsed": 69.264927, "delta": 0.744186}}
{"target": -10.319505459264523, "params": {"C": 66.16718637813022, "epsilon": 27.61663455188622, "gamma": 0.029385788281207824, "lamda": 0.008625801297358493}, "datetime": {"datetime": "2021-10-06 14:35:39", "elapsed": 69.917486, "delta": 0.652559}}
{"target": -10.266339461945245, "params": {"C": 59.155848766829195, "epsilon": 29.532519268386636, "gamma": 0.026776081897434884, "lamda": 0.008509823580399258}, "datetime": {"datetime": "2021-10-06 14:35:40", "elapsed": 70.603976, "delta": 0.68649}}
{"target": -10.227951807712136, "params": {"C": 59.18327402354607, "epsilon": 24.974486038562613, "gamma": 0.02485963392072118, "lamda": 0.0011474467264904762}, "datetime": {"datetime": "2021-10-06 14:35:40", "elapsed": 71.305001, "delta": 0.701025}}
{"target": -10.652319178773855, "params": {"C": 64.2651895832926, "epsilon": 25.457078225608576, "gamma": 0.011103476258276082, "lamda": 0.010325882738717892}, "datetime": {"datetime": "2021-10-06 14:35:41", "elapsed": 72.031531, "delta": 0.72653}}
{"target": -10.438011758194033, "params": {"C": 60.65663398921181, "epsilon": 25.96105562673509, "gamma": 0.014070717990101858, "lamda": 0.010426199094297102}, "datetime": {"datetime": "2021-10-06 14:35:42", "elapsed": 72.724897, "delta": 0.693366}}
{"target": -10.24734691611422, "params": {"C": 59.711643166001856, "epsilon": 29.533060522137063, "gamma": 0.0240431782415173, "lamda": 0.010229513287400219}, "datetime": {"datetime": "2021-10-06 14:35:42", "elapsed": 73.314716, "delta": 0.589819}}
{"target": -10.269479892457014, "params": {"C": 49.142706401127036, "epsilon": 22.439987601912303, "gamma": 0.011284950432063649, "lamda": 0.002920763220980621}, "datetime": {"datetime": "2021-10-06 14:35:43", "elapsed": 73.974817, "delta": 0.660101}}
{"target": -10.093673232892435, "params": {"C": 61.34141467554179, "epsilon": 25.755492485519714, "gamma": 0.017520271731645158, "lamda": 0.003379963339779522}, "datetime": {"datetime": "2021-10-06 14:35:44", "elapsed": 74.583455, "delta": 0.608638}}
{"target": -10.170057111650033, "params": {"C": 42.97465181512628, "epsilon": 31.066214718663694, "gamma": 0.025676582466707273, "lamda": 0.006098651874027636}, "datetime": {"datetime": "2021-10-06 14:35:44", "elapsed": 75.206992, "delta": 0.623537}}
{"target": -10.147418038268652, "params": {"C": 50.640346473745986, "epsilon": 26.981156636083984, "gamma": 0.021090901731282016, "lamda": 0.0026773477794083097}, "datetime": {"datetime": "2021-10-06 14:35:45", "elapsed": 75.94105, "delta": 0.734058}}
{"target": -10.572892126773558, "params": {"C": 56.839882883936625, "epsilon": 23.144281980419983, "gamma": 0.011390776663372387, "lamda": 0.010495295933269273}, "datetime": {"datetime": "2021-10-06 14:35:46", "elapsed": 76.640051, "delta": 0.699001}}
{"target": -10.375970607498259, "params": {"C": 53.22296864796637, "epsilon": 23.030718987036455, "gamma": 0.011477454022768703, "lamda": 0.006175287409932636}, "datetime": {"datetime": "2021-10-06 14:35:46", "elapsed": 77.31606, "delta": 0.676009}}
{"target": -10.251645907826816, "params": {"C": 50.59922863356655, "epsilon": 27.94755832966701, "gamma": 0.023354822934620982, "lamda": 0.0010019833131444942}, "datetime": {"datetime": "2021-10-06 14:35:47", "elapsed": 78.26838, "delta": 0.95232}}
{"target": -10.156412908654952, "params": {"C": 51.41510962619327, "epsilon": 30.719918625719135, "gamma": 0.01597355008456252, "lamda": 0.004428342784682847}, "datetime": {"datetime": "2021-10-06 14:35:48", "elapsed": 79.018463, "delta": 0.750083}}
{"target": -10.19702543512626, "params": {"C": 49.222294851520445, "epsilon": 29.21222594961302, "gamma": 0.02524296171141302, "lamda": 0.004553902640397716}, "datetime": {"datetime": "2021-10-06 14:35:49", "elapsed": 79.771142, "delta": 0.752679}}
{"target": -10.192225526405645, "params": {"C": 49.96014078531416, "epsilon": 24.118676857064646, "gamma": 0.020036359760723578, "lamda": 0.01026531012696374}, "datetime": {"datetime": "2021-10-06 14:35:50", "elapsed": 80.497177, "delta": 0.726035}}
{"target": -10.426450185237927, "params": {"C": 53.49285913851131, "epsilon": 26.30525766020542, "gamma": 0.02966107865385191, "lamda": 0.0010007040722491431}, "datetime": {"datetime": "2021-10-06 14:35:50", "elapsed": 81.224663, "delta": 0.727486}}
{"target": -10.238647587538589, "params": {"C": 54.192280542448565, "epsilon": 24.17245659018832, "gamma": 0.022367619921653398, "lamda": 0.0015396902912968007}, "datetime": {"datetime": "2021-10-06 14:35:51", "elapsed": 81.920869, "delta": 0.696206}}
{"target": -10.230050611214507, "params": {"C": 49.06912794979233, "epsilon": 24.38041692051998, "gamma": 0.015890279349404107, "lamda": 0.008697900044812973}, "datetime": {"datetime": "2021-10-06 14:35:52", "elapsed": 82.640372, "delta": 0.719503}}
{"target": -10.158111149686668, "params": {"C": 47.67039637808312, "epsilon": 26.48899293334157, "gamma": 0.016193542911242344, "lamda": 0.006360399693426563}, "datetime": {"datetime": "2021-10-06 14:35:52", "elapsed": 83.292115, "delta": 0.651743}}
{"target": -10.302397103269236, "params": {"C": 38.10263096187623, "epsilon": 32.331887236902645, "gamma": 0.027093618118180278, "lamda": 0.0032649700934315852}, "datetime": {"datetime": "2021-10-06 14:35:53", "elapsed": 83.952266, "delta": 0.660151}}
{"target": -10.653639459221438, "params": {"C": 40.83884083984249, "epsilon": 29.633993115815997, "gamma": 0.011212876601937127, "lamda": 0.010693621316964805}, "datetime": {"datetime": "2021-10-06 14:35:54", "elapsed": 84.598201, "delta": 0.645935}}
{"target": -10.258275705140289, "params": {"C": 38.300139132145, "epsilon": 25.77039886805002, "gamma": 0.01333072497358229, "lamda": 0.001008762291291374}, "datetime": {"datetime": "2021-10-06 14:35:55", "elapsed": 85.374641, "delta": 0.77644}}
{"target": -10.294110808373052, "params": {"C": 66.42928690459777, "epsilon": 24.419186993637037, "gamma": 0.014703154190162297, "lamda": 0.007476642729541449}, "datetime": {"datetime": "2021-10-06 14:35:55", "elapsed": 86.131928, "delta": 0.757287}}
{"target": -10.15301433399946, "params": {"C": 44.08386838024132, "epsilon": 23.838052985789282, "gamma": 0.02302241345479643, "lamda": 0.004441236533362882}, "datetime": {"datetime": "2021-10-06 14:35:56", "elapsed": 86.826842, "delta": 0.694914}}
{"target": -10.210451077520556, "params": {"C": 63.13543321518718, "epsilon": 29.044993145860605, "gamma": 0.02379550120933725, "lamda": 0.006145426347303601}, "datetime": {"datetime": "2021-10-06 14:35:57", "elapsed": 87.622316, "delta": 0.795474}}
{"target": -10.101796698773102, "params": {"C": 55.620090762739125, "epsilon": 30.246622827646462, "gamma": 0.02022712424153565, "lamda": 0.005410414819077017}, "datetime": {"datetime": "2021-10-06 14:35:57", "elapsed": 88.298175, "delta": 0.675859}}
{"target": -10.630159945077343, "params": {"C": 57.384152541746076, "epsilon": 26.81814348826778, "gamma": 0.01144725195462747, "lamda": 0.010257651749921833}, "datetime": {"datetime": "2021-10-06 14:35:58", "elapsed": 89.118116, "delta": 0.819941}}
