{"target": -10.739935618207431, "params": {"C": 9.701060425675458, "epsilon": 23.96659856103357, "gamma": 0.020207888778037843, "lamda": 0.04244555230885954}, "datetime": {"datetime": "2021-10-05 12:50:07", "elapsed": 780.732854, "delta": 3.676829}}
{"target": -10.360231333889471, "params": {"C": 12.65609086505407, "epsilon": 22.886256688174832, "gamma": 0.020100594671952417, "lamda": 0.024724041874001883}, "datetime": {"datetime": "2021-10-05 12:50:12", "elapsed": 786.139288, "delta": 5.406434}}
{"target": -10.474027494651232, "params": {"C": 20.11354414819806, "epsilon": 19.564424044309472, "gamma": 0.04074340539994334, "lamda": 0.003864838454476552}, "datetime": {"datetime": "2021-10-05 12:50:20", "elapsed": 793.23041, "delta": 7.091122}}
{"target": -11.363917146652573, "params": {"C": 40.1733492874736, "epsilon": 21.442574590414438, "gamma": 0.012009998429374367, "lamda": 0.046153120454878634}, "datetime": {"datetime": "2021-10-05 12:50:22", "elapsed": 796.119365, "delta": 2.888955}}
{"target": -10.260779938987435, "params": {"C": 17.1671733023586, "epsilon": 13.068269843010931, "gamma": 0.030596332463719515, "lamda": 0.004774512397787831}, "datetime": {"datetime": "2021-10-05 12:50:28", "elapsed": 801.990481, "delta": 5.871116}}
{"target": -10.310681332948256, "params": {"C": 9.871234707531844, "epsilon": 15.772580126884328, "gamma": 0.03714522085324233, "lamda": 0.019008405452888774}, "datetime": {"datetime": "2021-10-05 12:50:32", "elapsed": 805.958826, "delta": 3.968345}}
{"target": -10.631202969080034, "params": {"C": 29.07504240694702, "epsilon": 26.792785885341164, "gamma": 0.04554230811235446, "lamda": 0.02792478551439206}, "datetime": {"datetime": "2021-10-05 12:50:35", "elapsed": 809.098336, "delta": 3.13951}}
{"target": -10.399470193747273, "params": {"C": 15.298916233128166, "epsilon": 16.263733988287708, "gamma": 0.02942704862439909, "lamda": 0.02708529227633796}, "datetime": {"datetime": "2021-10-05 12:50:39", "elapsed": 812.316099, "delta": 3.217763}}
{"target": -10.616741643271395, "params": {"C": 51.82754870765504, "epsilon": 21.29048578756781, "gamma": 0.009371223971701695, "lamda": 0.0002}, "datetime": {"datetime": "2021-10-05 12:50:44", "elapsed": 818.077188, "delta": 5.761089}}
{"target": -10.50843526599131, "params": {"C": 50.90532325535304, "epsilon": 22.41262595618636, "gamma": 0.036178789052230945, "lamda": 0.023049574168170665}, "datetime": {"datetime": "2021-10-05 12:50:48", "elapsed": 821.705469, "delta": 3.628281}}
{"target": -10.323257798853238, "params": {"C": 9.667397553697118, "epsilon": 23.974923696491118, "gamma": 0.0451699963518718, "lamda": 0.014880865992782218}, "datetime": {"datetime": "2021-10-05 12:50:52", "elapsed": 825.752391, "delta": 4.046922}}
{"target": -10.539104853755962, "params": {"C": 38.296399830679974, "epsilon": 28.871139013558448, "gamma": 0.02080122615783736, "lamda": 0.024623982998304605}, "datetime": {"datetime": "2021-10-05 12:50:55", "elapsed": 828.92126, "delta": 3.168869}}
{"target": -10.831652193608566, "params": {"C": 86.27595236680804, "epsilon": 12.73938519364341, "gamma": 0.02602548092222454, "lamda": 0.00020000017985395972}, "datetime": {"datetime": "2021-10-05 12:51:00", "elapsed": 833.253455, "delta": 4.332195}}
{"target": -10.209960625016997, "params": {"C": 90.98367253203429, "epsilon": 21.80716717657768, "gamma": 0.020632206445008044, "lamda": 0.007285568756916521}, "datetime": {"datetime": "2021-10-05 12:51:02", "elapsed": 836.07209, "delta": 2.818635}}
{"target": -10.379615674775984, "params": {"C": 18.974861988420976, "epsilon": 11.809851976912727, "gamma": 0.03527897734993976, "lamda": 0.011075197079188357}, "datetime": {"datetime": "2021-10-05 12:51:06", "elapsed": 839.987771, "delta": 3.915681}}
{"target": -10.442991002914393, "params": {"C": 9.335223035698881, "epsilon": 14.884653936337681, "gamma": 0.036907212852212774, "lamda": 0.0032123956866641815}, "datetime": {"datetime": "2021-10-05 12:51:11", "elapsed": 844.233862, "delta": 4.246091}}
{"target": -10.468443501571679, "params": {"C": 19.3126631024976, "epsilon": 19.909891902053108, "gamma": 0.04110600540611342, "lamda": 0.021389414274091464}, "datetime": {"datetime": "2021-10-05 12:51:13", "elapsed": 846.975316, "delta": 2.741454}}
{"target": -10.769808681691048, "params": {"C": 50.88943130183223, "epsilon": 22.397516704573405, "gamma": 0.014988523738017196, "lamda": 0.029267714846606806}, "datetime": {"datetime": "2021-10-05 12:51:18", "elapsed": 851.244302, "delta": 4.268986}}
{"target": -10.35092631439907, "params": {"C": 21.284220392862817, "epsilon": 10.507684029250193, "gamma": 0.018234846086669476, "lamda": 0.015245176342525512}, "datetime": {"datetime": "2021-10-05 12:51:21", "elapsed": 854.933067, "delta": 3.688765}}
{"target": -10.445292714706605, "params": {"C": 27.672788616864736, "epsilon": 16.11513707135424, "gamma": 0.0371721999390771, "lamda": 0.0029709796939068472}, "datetime": {"datetime": "2021-10-05 12:51:25", "elapsed": 858.48892, "delta": 3.555853}}
{"target": -10.568723772809166, "params": {"C": 39.83578677797068, "epsilon": 22.297297774168705, "gamma": 0.04563077330171972, "lamda": 0.009800352017299674}, "datetime": {"datetime": "2021-10-05 12:51:27", "elapsed": 861.068188, "delta": 2.579268}}
{"target": -10.376357799200237, "params": {"C": 51.823868080523965, "epsilon": 21.34780518358259, "gamma": 0.02844087061057306, "lamda": 0.016197248074121814}, "datetime": {"datetime": "2021-10-05 12:51:31", "elapsed": 864.932468, "delta": 3.86428}}
{"target": -10.746758427438525, "params": {"C": 71.94045704156355, "epsilon": 23.286236430161562, "gamma": 0.02571240835635087, "lamda": 0.04495827421289194}, "datetime": {"datetime": "2021-10-05 12:51:34", "elapsed": 867.353409, "delta": 2.420941}}
{"target": -10.912433977293345, "params": {"C": 96.84667622697457, "epsilon": 11.51110879147958, "gamma": 0.03686098021262979, "lamda": 0.049092381481877355}, "datetime": {"datetime": "2021-10-05 12:51:36", "elapsed": 869.741164, "delta": 2.387755}}
{"target": -10.668464010969014, "params": {"C": 35.30922061867988, "epsilon": 19.099772085694543, "gamma": 0.028749919950064422, "lamda": 0.0431859525675229}, "datetime": {"datetime": "2021-10-05 12:51:39", "elapsed": 872.230205, "delta": 2.489041}}
{"target": -10.788377876089712, "params": {"C": 37.21059072592192, "epsilon": 27.757345599621967, "gamma": 0.027939948844527385, "lamda": 0.04389549531006004}, "datetime": {"datetime": "2021-10-05 12:51:41", "elapsed": 874.675173, "delta": 2.444968}}
{"target": -11.384221594110203, "params": {"C": 61.70816279220736, "epsilon": 24.336795455443827, "gamma": 0.00989336841011081, "lamda": 0.035367851343856574}, "datetime": {"datetime": "2021-10-05 12:51:46", "elapsed": 879.2805, "delta": 4.605327}}
{"target": -10.692178907069568, "params": {"C": 79.75491199906287, "epsilon": 20.281935319533012, "gamma": 0.04282924464365093, "lamda": 0.021093442667747552}, "datetime": {"datetime": "2021-10-05 12:51:49", "elapsed": 882.202489, "delta": 2.921989}}
{"target": -10.422718502425015, "params": {"C": 31.380241219713536, "epsilon": 25.073196384820914, "gamma": 0.04338958936432025, "lamda": 0.01465099853880176}, "datetime": {"datetime": "2021-10-05 12:51:51", "elapsed": 884.679451, "delta": 2.476962}}
{"target": -10.281177043857433, "params": {"C": 35.692110957083, "epsilon": 15.11519565526706, "gamma": 0.0243917962952772, "lamda": 0.010765781072781859}, "datetime": {"datetime": "2021-10-05 12:51:54", "elapsed": 887.205401, "delta": 2.52595}}
{"target": -10.731811005363408, "params": {"C": 90.39218287723648, "epsilon": 19.05283092506817, "gamma": 0.03970903850223596, "lamda": 0.03971507945823681}, "datetime": {"datetime": "2021-10-05 12:51:58", "elapsed": 891.413152, "delta": 4.207751}}
{"target": -10.787887530249405, "params": {"C": 93.1242086036502, "epsilon": 10.870515479768912, "gamma": 0.03429463344890119, "lamda": 0.03869087451903539}, "datetime": {"datetime": "2021-10-05 12:52:00", "elapsed": 894.150715, "delta": 2.737563}}
{"target": -10.80987265404886, "params": {"C": 45.978030383663736, "epsilon": 28.52158366974428, "gamma": 0.0377937312231903, "lamda": 0.04828946459207055}, "datetime": {"datetime": "2021-10-05 12:52:04", "elapsed": 897.238349, "delta": 3.087634}}
{"target": -10.715573432740094, "params": {"C": 10.071341400868455, "epsilon": 11.331634748765577, "gamma": 0.04858280954423982, "lamda": 0.026651168765526277}, "datetime": {"datetime": "2021-10-05 12:52:07", "elapsed": 900.873892, "delta": 3.635543}}
{"target": -10.306399689517972, "params": {"C": 33.009735779802476, "epsilon": 21.334339013767483, "gamma": 0.03443577691009925, "lamda": 0.012636345361107687}, "datetime": {"datetime": "2021-10-05 12:52:10", "elapsed": 903.661128, "delta": 2.787236}}
{"target": -10.466169627609863, "params": {"C": 31.22709945042464, "epsilon": 17.794176816382013, "gamma": 0.03964500595780857, "lamda": 0.015355282411311013}, "datetime": {"datetime": "2021-10-05 12:52:14", "elapsed": 907.800502, "delta": 4.139374}}
{"target": -10.704028126868645, "params": {"C": 30.242658351957218, "epsilon": 24.494532230908796, "gamma": 0.025750361608597616, "lamda": 0.0414763523506053}, "datetime": {"datetime": "2021-10-05 12:52:17", "elapsed": 910.325581, "delta": 2.525079}}
{"target": -10.458653158057206, "params": {"C": 21.27972606886532, "epsilon": 10.54249935661343, "gamma": 0.024028763984166455, "lamda": 0.024036656606429584}, "datetime": {"datetime": "2021-10-05 12:52:20", "elapsed": 913.929393, "delta": 3.603812}}
{"target": -10.630651798688415, "params": {"C": 81.06235986424244, "epsilon": 27.557424691785123, "gamma": 0.040661041016574376, "lamda": 0.003695878253165709}, "datetime": {"datetime": "2021-10-05 12:52:24", "elapsed": 917.601644, "delta": 3.672251}}
{"target": -10.598572400059565, "params": {"C": 7.884777009034281, "epsilon": 25.322975404862675, "gamma": 0.048903960287859496, "lamda": 0.03767386106993711}, "datetime": {"datetime": "2021-10-05 12:52:27", "elapsed": 920.384956, "delta": 2.783312}}
{"target": -10.855577026319931, "params": {"C": 74.0442744736299, "epsilon": 14.353643843228856, "gamma": 0.04635666340546381, "lamda": 0.004255229433692885}, "datetime": {"datetime": "2021-10-05 12:52:29", "elapsed": 922.741098, "delta": 2.356142}}
{"target": -10.428630036393313, "params": {"C": 11.576590432759842, "epsilon": 29.517099931507204, "gamma": 0.015748986873582203, "lamda": 0.01722406415885188}, "datetime": {"datetime": "2021-10-05 12:52:32", "elapsed": 926.189262, "delta": 3.448164}}
{"target": -10.242645478518165, "params": {"C": 44.38820838673001, "epsilon": 21.15809479904564, "gamma": 0.02207370937068437, "lamda": 0.014764372647929432}, "datetime": {"datetime": "2021-10-05 12:52:37", "elapsed": 930.953008, "delta": 4.763746}}
{"target": -10.653148232480802, "params": {"C": 68.06932965142389, "epsilon": 19.15681761582263, "gamma": 0.04378886569412853, "lamda": 0.01023650491744586}, "datetime": {"datetime": "2021-10-05 12:52:42", "elapsed": 935.27515, "delta": 4.322142}}
{"target": -10.642057887296296, "params": {"C": 77.39569149044158, "epsilon": 15.95590285101519, "gamma": 0.027546822493966644, "lamda": 0.03898769614161449}, "datetime": {"datetime": "2021-10-05 12:52:45", "elapsed": 938.702612, "delta": 3.427462}}
{"target": -10.684503936415608, "params": {"C": 69.43924881976282, "epsilon": 19.3556174799889, "gamma": 0.012673841453985613, "lamda": 0.017229296114418726}, "datetime": {"datetime": "2021-10-05 12:52:51", "elapsed": 944.706253, "delta": 6.003641}}
{"target": -10.555314880006598, "params": {"C": 77.90192039171949, "epsilon": 16.09649502109421, "gamma": 0.016356602936804077, "lamda": 0.022232112932305925}, "datetime": {"datetime": "2021-10-05 12:52:54", "elapsed": 947.309233, "delta": 2.60298}}
{"target": -10.792143190811014, "params": {"C": 44.35576605201588, "epsilon": 21.11472439384793, "gamma": 0.046548107282741294, "lamda": 0.044419303751042714}, "datetime": {"datetime": "2021-10-05 12:52:58", "elapsed": 951.539185, "delta": 4.229952}}
{"target": -10.441700067020003, "params": {"C": 28.272608414802473, "epsilon": 10.568475866936083, "gamma": 0.03887008482378655, "lamda": 0.008281378384326599}, "datetime": {"datetime": "2021-10-05 12:53:03", "elapsed": 956.51784, "delta": 4.978655}}
{"target": -10.425553977227782, "params": {"C": 23.64166622982291, "epsilon": 13.923542011040503, "gamma": 0.021878067343217476, "lamda": 0.027527183849438436}, "datetime": {"datetime": "2021-10-05 12:53:05", "elapsed": 959.147608, "delta": 2.629768}}
{"target": -10.738119635917394, "params": {"C": 70.47838076629236, "epsilon": 20.09348471687176, "gamma": 0.029714755787933925, "lamda": 0.04724380975346505}, "datetime": {"datetime": "2021-10-05 12:53:09", "elapsed": 962.75328, "delta": 3.605672}}
{"target": -10.68655745673885, "params": {"C": 31.26620231224406, "epsilon": 17.840238785631847, "gamma": 0.0429915049737218, "lamda": 0.026329306372569267}, "datetime": {"datetime": "2021-10-05 12:53:14", "elapsed": 967.28697, "delta": 4.53369}}
{"target": -10.429065030922064, "params": {"C": 58.0089309861633, "epsilon": 19.107557673311085, "gamma": 0.020136765747381997, "lamda": 0.022493129163897334}, "datetime": {"datetime": "2021-10-05 12:53:17", "elapsed": 970.654793, "delta": 3.367823}}
{"target": -10.52068704678244, "params": {"C": 26.662087902464382, "epsilon": 20.470719204444684, "gamma": 0.03763692946930781, "lamda": 0.02838372385101321}, "datetime": {"datetime": "2021-10-05 12:53:21", "elapsed": 974.470495, "delta": 3.815702}}
{"target": -10.548581586927556, "params": {"C": 28.790099361394297, "epsilon": 14.425690385991746, "gamma": 0.034001823787960454, "lamda": 0.029630005455256993}, "datetime": {"datetime": "2021-10-05 12:53:25", "elapsed": 978.698817, "delta": 4.228322}}
{"target": -10.516629426445864, "params": {"C": 10.272427901477633, "epsilon": 19.944303426348267, "gamma": 0.04942064993331475, "lamda": 0.01951354945469455}, "datetime": {"datetime": "2021-10-05 12:53:30", "elapsed": 984.034971, "delta": 5.336154}}
{"target": -10.543362065987031, "params": {"C": 83.48398720873966, "epsilon": 25.57225416253989, "gamma": 0.017502099771517496, "lamda": 0.021037978945049173}, "datetime": {"datetime": "2021-10-05 12:53:33", "elapsed": 986.786194, "delta": 2.751223}}
{"target": -10.784844768298093, "params": {"C": 33.78217592068369, "epsilon": 12.359027607845416, "gamma": 0.033802512817663014, "lamda": 0.0423452805647497}, "datetime": {"datetime": "2021-10-05 12:53:36", "elapsed": 989.668182, "delta": 2.881988}}
{"target": -10.96473267333121, "params": {"C": 35.72470865862205, "epsilon": 11.278789744441116, "gamma": 0.04921872772721851, "lamda": 0.028823666707422896}, "datetime": {"datetime": "2021-10-05 12:53:39", "elapsed": 992.513529, "delta": 2.845347}}
{"target": -11.565476414909055, "params": {"C": 12.840773156522399, "epsilon": 14.107443848810739, "gamma": 0.008420363574025331, "lamda": 0.043971171575048235}, "datetime": {"datetime": "2021-10-05 12:53:42", "elapsed": 996.097564, "delta": 3.584035}}
{"target": -10.65513765576386, "params": {"C": 33.96132304212783, "epsilon": 24.809495545868636, "gamma": 0.010437249525049343, "lamda": 0.01226282798208217}, "datetime": {"datetime": "2021-10-05 12:53:47", "elapsed": 1000.820612, "delta": 4.723048}}
{"target": -10.69848560065462, "params": {"C": 79.0308251191471, "epsilon": 28.079477228130237, "gamma": 0.044059945971953424, "lamda": 0.0061239194896188535}, "datetime": {"datetime": "2021-10-05 12:53:51", "elapsed": 1005.158405, "delta": 4.337793}}
{"target": -10.224371103408073, "params": {"C": 24.894872030887587, "epsilon": 17.407537149312958, "gamma": 0.028336708860380522, "lamda": 0.004088123522125886}, "datetime": {"datetime": "2021-10-05 12:53:54", "elapsed": 1008.200092, "delta": 3.041687}}
{"target": -10.506136043415022, "params": {"C": 22.779952141882994, "epsilon": 18.10402917928103, "gamma": 0.035195589015157694, "lamda": 0.030217583477110354}, "datetime": {"datetime": "2021-10-05 12:53:59", "elapsed": 1012.391043, "delta": 4.190951}}
{"target": -10.39428967674421, "params": {"C": 38.18024568068616, "epsilon": 28.609408749599787, "gamma": 0.04106654159973719, "lamda": 0.013258138980855653}, "datetime": {"datetime": "2021-10-05 12:54:03", "elapsed": 1016.31709, "delta": 3.926047}}
{"target": -10.439767817304183, "params": {"C": 17.199427670237228, "epsilon": 13.015479755319884, "gamma": 0.021858133082075133, "lamda": 0.031645823409852385}, "datetime": {"datetime": "2021-10-05 12:54:07", "elapsed": 1020.43176, "delta": 4.11467}}
{"target": -10.740499248542204, "params": {"C": 57.504612734027134, "epsilon": 27.111044682840458, "gamma": 0.02021120399729611, "lamda": 0.03687223566910573}, "datetime": {"datetime": "2021-10-05 12:54:09", "elapsed": 1023.143761, "delta": 2.712001}}
{"target": -10.833066000750373, "params": {"C": 96.05416253097776, "epsilon": 18.780332997103145, "gamma": 0.01787045568654675, "lamda": 0.043308981503780764}, "datetime": {"datetime": "2021-10-05 12:54:12", "elapsed": 1025.621672, "delta": 2.477911}}
{"target": -10.573742867443451, "params": {"C": 73.40137858921261, "epsilon": 15.730776853135747, "gamma": 0.035728334719970084, "lamda": 0.01931768019141394}, "datetime": {"datetime": "2021-10-05 12:54:16", "elapsed": 1030.156431, "delta": 4.534759}}
{"target": -10.54861846261113, "params": {"C": 77.12316099982363, "epsilon": 10.611156594595933, "gamma": 0.0175074270996056, "lamda": 0.02553309003141096}, "datetime": {"datetime": "2021-10-05 12:54:20", "elapsed": 1033.819153, "delta": 3.662722}}
{"target": -10.697022269143593, "params": {"C": 6.668656920982755, "epsilon": 20.881782966006853, "gamma": 0.013731132003230402, "lamda": 0.02824025854697323}, "datetime": {"datetime": "2021-10-05 12:54:23", "elapsed": 1036.373763, "delta": 2.55461}}
{"target": -10.257438476979967, "params": {"C": 33.067555755012336, "epsilon": 27.215126146861103, "gamma": 0.022949107520259658, "lamda": 0.0025765498973505043}, "datetime": {"datetime": "2021-10-05 12:54:27", "elapsed": 1040.363232, "delta": 3.989469}}
{"target": -10.848335609185602, "params": {"C": 77.17057385567477, "epsilon": 10.551654354364182, "gamma": 0.045059333376062265, "lamda": 0.019256130740609362}, "datetime": {"datetime": "2021-10-05 12:54:30", "elapsed": 1044.055652, "delta": 3.69242}}
{"target": -10.825313373340299, "params": {"C": 56.48885487930556, "epsilon": 22.53235473324814, "gamma": 0.04392411191358242, "lamda": 0.0012499643463096352}, "datetime": {"datetime": "2021-10-05 12:54:35", "elapsed": 1048.340543, "delta": 4.284891}}
{"target": -10.83516407289567, "params": {"C": 38.17924572424284, "epsilon": 28.615271364720904, "gamma": 0.028222403051719396, "lamda": 0.04697266871690892}, "datetime": {"datetime": "2021-10-05 12:54:39", "elapsed": 1052.432848, "delta": 4.092305}}
{"target": -11.186919631500684, "params": {"C": 12.673821565505186, "epsilon": 22.888939043462408, "gamma": 0.00940838325899533, "lamda": 0.030867319849410865}, "datetime": {"datetime": "2021-10-05 12:54:42", "elapsed": 1056.069954, "delta": 3.637106}}
{"target": -10.579954909811763, "params": {"C": 18.964596869412958, "epsilon": 11.861988778770387, "gamma": 0.016770901775548228, "lamda": 0.03278158432517549}, "datetime": {"datetime": "2021-10-05 12:54:46", "elapsed": 1059.821013, "delta": 3.751059}}
{"target": -10.569984292470448, "params": {"C": 93.60826324838199, "epsilon": 10.172321073514961, "gamma": 0.024427165717405032, "lamda": 0.018673800928605475}, "datetime": {"datetime": "2021-10-05 12:54:49", "elapsed": 1062.53624, "delta": 2.715227}}
{"target": -10.5134620822927, "params": {"C": 35.70191307361551, "epsilon": 15.146711398887698, "gamma": 0.04030432970098714, "lamda": 0.00400370049137911}, "datetime": {"datetime": "2021-10-05 12:54:52", "elapsed": 1065.579806, "delta": 3.043566}}
{"target": -10.98334694497517, "params": {"C": 34.83683796280742, "epsilon": 21.04729102460012, "gamma": 0.010995167176840081, "lamda": 0.026542805085331123}, "datetime": {"datetime": "2021-10-05 12:54:55", "elapsed": 1068.630754, "delta": 3.050948}}
{"target": -10.21840922838159, "params": {"C": 54.593570359991425, "epsilon": 17.16595953371442, "gamma": 0.01757531447764112, "lamda": 0.010821730437231754}, "datetime": {"datetime": "2021-10-05 12:54:58", "elapsed": 1071.49563, "delta": 2.864876}}
{"target": -10.753216209800094, "params": {"C": 50.58839926179527, "epsilon": 15.876031677106074, "gamma": 0.031666557402594164, "lamda": 0.04587499213846471}, "datetime": {"datetime": "2021-10-05 12:55:01", "elapsed": 1074.36435, "delta": 2.86872}}
{"target": -10.333428444277567, "params": {"C": 19.910675215577392, "epsilon": 25.15219994020022, "gamma": 0.015819498515433694, "lamda": 0.015247749837460916}, "datetime": {"datetime": "2021-10-05 12:55:04", "elapsed": 1078.117248, "delta": 3.752898}}
{"target": -10.65958742091458, "params": {"C": 75.17601322767898, "epsilon": 16.447014744687074, "gamma": 0.01940604071624809, "lamda": 0.03830308830834132}, "datetime": {"datetime": "2021-10-05 12:55:08", "elapsed": 1081.657448, "delta": 3.5402}}
{"target": -10.313949540199081, "params": {"C": 77.15039041219471, "epsilon": 10.569125008449463, "gamma": 0.020058491697141315, "lamda": 0.010417363313332711}, "datetime": {"datetime": "2021-10-05 12:55:14", "elapsed": 1087.322448, "delta": 5.665}}
{"target": -10.362705047147147, "params": {"C": 51.209451688268544, "epsilon": 16.0097897574116, "gamma": 0.022266098563868644, "lamda": 0.020953190363951654}, "datetime": {"datetime": "2021-10-05 12:55:17", "elapsed": 1090.887677, "delta": 3.565229}}
{"target": -10.836443109266531, "params": {"C": 61.001528674463486, "epsilon": 21.320401190698455, "gamma": 0.04233491544730413, "lamda": 0.04784784464872191}, "datetime": {"datetime": "2021-10-05 12:55:21", "elapsed": 1094.807011, "delta": 3.919334}}
