{"target": -10.371022634047732, "params": {"C": 46.69556312803505, "epsilon": 19.30092604223038, "gamma": 0.016349696584310493, "lamda": 0.0002226938709450379}, "datetime": {"datetime": "2021-10-06 14:30:17", "elapsed": 396.965394, "delta": 1.855776}}
{"target": -10.332037669761181, "params": {"C": 46.014602438167366, "epsilon": 22.243361886678777, "gamma": 0.030592353283989557, "lamda": 0.013867215347211038}, "datetime": {"datetime": "2021-10-06 14:30:19", "elapsed": 398.782029, "delta": 1.816635}}
{"target": -10.232915322430166, "params": {"C": 58.16367187503427, "epsilon": 18.465513262636897, "gamma": 0.01801419699106464, "lamda": 0.011720418164616296}, "datetime": {"datetime": "2021-10-06 14:30:21", "elapsed": 400.707764, "delta": 1.925735}}
{"target": -10.16978077813437, "params": {"C": 50.01901147742595, "epsilon": 26.337673795756867, "gamma": 0.023243079068387892, "lamda": 0.007580062339508249}, "datetime": {"datetime": "2021-10-06 14:30:23", "elapsed": 402.508602, "delta": 1.800838}}
{"target": -10.340459210721777, "params": {"C": 62.040984478035874, "epsilon": 26.334458373617608, "gamma": 0.025903681930060943, "lamda": 0.01759318163626687}, "datetime": {"datetime": "2021-10-06 14:30:25", "elapsed": 404.781152, "delta": 2.27255}}
{"target": -10.412760957489771, "params": {"C": 46.56619566365864, "epsilon": 30.913080220496337, "gamma": 0.03507584837636097, "lamda": 0.017219781251922694}, "datetime": {"datetime": "2021-10-06 14:30:27", "elapsed": 406.913098, "delta": 2.131946}}
{"target": -10.116760889720041, "params": {"C": 65.10222709191883, "epsilon": 32.23432387666251, "gamma": 0.019685703353709033, "lamda": 0.005546096827680426}, "datetime": {"datetime": "2021-10-06 14:30:29", "elapsed": 408.544564, "delta": 1.631466}}
{"target": -10.524907743066548, "params": {"C": 50.90620039393584, "epsilon": 24.383479131870956, "gamma": 0.0397866552734024, "lamda": 0.005312839071107988}, "datetime": {"datetime": "2021-10-06 14:30:31", "elapsed": 410.243212, "delta": 1.698648}}
{"target": -10.3587833448626, "params": {"C": 54.18906666172394, "epsilon": 28.88152446816556, "gamma": 0.010347893664605532, "lamda": 0.003702056362241458}, "datetime": {"datetime": "2021-10-06 14:30:33", "elapsed": 412.209597, "delta": 1.966385}}
{"target": -10.337414499811578, "params": {"C": 42.442933646133135, "epsilon": 19.335949185140116, "gamma": 0.01073815191276128, "lamda": 0.0017591353332263382}, "datetime": {"datetime": "2021-10-06 14:30:35", "elapsed": 414.580137, "delta": 2.37054}}
{"target": -10.246847452040502, "params": {"C": 42.02540678211402, "epsilon": 21.22253934961077, "gamma": 0.018660385163760135, "lamda": 0.015387603470011174}, "datetime": {"datetime": "2021-10-06 14:30:37", "elapsed": 416.868767, "delta": 2.28863}}
{"target": -10.571586134098753, "params": {"C": 44.510961280418734, "epsilon": 27.95256683891362, "gamma": 0.011827492177736492, "lamda": 0.010419744417206655}, "datetime": {"datetime": "2021-10-06 14:30:39", "elapsed": 418.810067, "delta": 1.9413}}
{"target": -10.423686319606116, "params": {"C": 57.43393677575783, "epsilon": 29.914225290334617, "gamma": 0.037723563546948634, "lamda": 0.016517244828004915}, "datetime": {"datetime": "2021-10-06 14:30:41", "elapsed": 421.162778, "delta": 2.352711}}
{"target": -10.192729461749288, "params": {"C": 42.456367118664325, "epsilon": 19.592116952678712, "gamma": 0.027012279518106225, "lamda": 0.005087653096861251}, "datetime": {"datetime": "2021-10-06 14:30:44", "elapsed": 423.377576, "delta": 2.214798}}
{"target": -10.198942907116551, "params": {"C": 44.01738574661754, "epsilon": 24.62075166143501, "gamma": 0.021551025744167188, "lamda": 0.01221822016068757}, "datetime": {"datetime": "2021-10-06 14:30:45", "elapsed": 425.025683, "delta": 1.648107}}
{"target": -10.233189490073986, "params": {"C": 52.0893508969086, "epsilon": 26.488021139355958, "gamma": 0.025226121969753875, "lamda": 0.009824999186404651}, "datetime": {"datetime": "2021-10-06 14:30:47", "elapsed": 427.053394, "delta": 2.027711}}
{"target": -10.349427555809976, "params": {"C": 51.80496276306452, "epsilon": 28.521332008073465, "gamma": 0.03198497363835249, "lamda": 0.006031714008488128}, "datetime": {"datetime": "2021-10-06 14:30:49", "elapsed": 429.159331, "delta": 2.105937}}
{"target": -10.423125091222262, "params": {"C": 51.170918419645716, "epsilon": 26.00783539980479, "gamma": 0.03412480933912922, "lamda": 0.019498748445483303}, "datetime": {"datetime": "2021-10-06 14:30:51", "elapsed": 431.07415, "delta": 1.914819}}
{"target": -10.32330578396167, "params": {"C": 38.23766343028157, "epsilon": 27.578458099922365, "gamma": 0.03466788960829107, "lamda": 0.012244748368785825}, "datetime": {"datetime": "2021-10-06 14:30:54", "elapsed": 433.302493, "delta": 2.228343}}
{"target": -10.441541991448576, "params": {"C": 51.84251219884424, "epsilon": 29.952749245581312, "gamma": 0.03879080655953125, "lamda": 0.017178495659887303}, "datetime": {"datetime": "2021-10-06 14:30:56", "elapsed": 435.479678, "delta": 2.177185}}
{"target": -10.571233797314337, "params": {"C": 60.346066760478855, "epsilon": 19.997026416684847, "gamma": 0.025667847574446886, "lamda": 0.00030516937675002234}, "datetime": {"datetime": "2021-10-06 14:30:58", "elapsed": 437.747372, "delta": 2.267694}}
{"target": -10.81823325993653, "params": {"C": 53.257979033356925, "epsilon": 21.646841556121366, "gamma": 0.01105197694646419, "lamda": 0.018622312539452436}, "datetime": {"datetime": "2021-10-06 14:31:00", "elapsed": 439.553351, "delta": 1.805979}}
{"target": -10.179263695059287, "params": {"C": 49.37588245181841, "epsilon": 26.809007419957894, "gamma": 0.01752935083444363, "lamda": 0.001918024269776036}, "datetime": {"datetime": "2021-10-06 14:31:02", "elapsed": 441.904596, "delta": 2.351245}}
{"target": -10.394885269231054, "params": {"C": 62.22172595428759, "epsilon": 28.83369688483704, "gamma": 0.03521968097162535, "lamda": 0.01080996392352493}, "datetime": {"datetime": "2021-10-06 14:31:04", "elapsed": 443.865816, "delta": 1.96122}}
{"target": -10.22561492753549, "params": {"C": 59.706973346748995, "epsilon": 32.12165915033587, "gamma": 0.013542039223325347, "lamda": 0.0026652580166388225}, "datetime": {"datetime": "2021-10-06 14:31:06", "elapsed": 446.021121, "delta": 2.155305}}
{"target": -10.311082875197275, "params": {"C": 64.80318978819477, "epsilon": 27.08427020348166, "gamma": 0.025891742282917664, "lamda": 0.014983620978892977}, "datetime": {"datetime": "2021-10-06 14:31:08", "elapsed": 448.017157, "delta": 1.996036}}
{"target": -10.919039177727138, "params": {"C": 58.62063959642089, "epsilon": 30.84086091370815, "gamma": 0.012147330871249749, "lamda": 0.018750834622269417}, "datetime": {"datetime": "2021-10-06 14:31:10", "elapsed": 449.858721, "delta": 1.841564}}
{"target": -10.781056518038415, "params": {"C": 38.180868797146104, "epsilon": 23.625300319048844, "gamma": 0.031779650464429036, "lamda": 0.00022394195623414364}, "datetime": {"datetime": "2021-10-06 14:31:13", "elapsed": 452.200559, "delta": 2.341838}}
{"target": -10.548893912340507, "params": {"C": 41.19909137658014, "epsilon": 27.734722836726593, "gamma": 0.03881126443581063, "lamda": 0.00205646105897667}, "datetime": {"datetime": "2021-10-06 14:31:14", "elapsed": 454.077344, "delta": 1.876785}}
{"target": -10.439346542265952, "params": {"C": 60.10153079393131, "epsilon": 26.780187732479515, "gamma": 0.03748183125205288, "lamda": 0.018406833907430867}, "datetime": {"datetime": "2021-10-06 14:31:17", "elapsed": 456.227085, "delta": 2.149741}}
{"target": -10.178138580571765, "params": {"C": 42.45483023658296, "epsilon": 19.52668411929833, "gamma": 0.01832710931235649, "lamda": 0.010622921372634885}, "datetime": {"datetime": "2021-10-06 14:31:20", "elapsed": 459.311292, "delta": 3.084207}}
{"target": -10.659815419368938, "params": {"C": 66.24563354457406, "epsilon": 30.992023084374374, "gamma": 0.0387768226641754, "lamda": 0.0014992942655671557}, "datetime": {"datetime": "2021-10-06 14:31:22", "elapsed": 461.331602, "delta": 2.02031}}
{"target": -10.430190504895458, "params": {"C": 65.81044841614948, "epsilon": 25.17023520325738, "gamma": 0.0322659937549873, "lamda": 0.001585767417887954}, "datetime": {"datetime": "2021-10-06 14:31:24", "elapsed": 463.567345, "delta": 2.235743}}
{"target": -10.400151161966372, "params": {"C": 56.04339118432804, "epsilon": 30.361172108158257, "gamma": 0.03492062202338877, "lamda": 0.0076158817957264055}, "datetime": {"datetime": "2021-10-06 14:31:26", "elapsed": 465.818541, "delta": 2.251196}}
{"target": -10.607276208207955, "params": {"C": 46.34797654110332, "epsilon": 20.43124976092897, "gamma": 0.011360293521421152, "lamda": 0.013449125972383196}, "datetime": {"datetime": "2021-10-06 14:31:28", "elapsed": 467.760617, "delta": 1.942076}}
{"target": -10.301550398083073, "params": {"C": 56.61179603643381, "epsilon": 28.602235069208458, "gamma": 0.02877379019966208, "lamda": 0.004476281984484799}, "datetime": {"datetime": "2021-10-06 14:31:30", "elapsed": 469.694003, "delta": 1.933386}}
{"target": -10.343256453737053, "params": {"C": 52.22185523773646, "epsilon": 29.71824378171616, "gamma": 0.025821497322614177, "lamda": 0.017728100182107683}, "datetime": {"datetime": "2021-10-06 14:31:32", "elapsed": 471.559273, "delta": 1.86527}}
{"target": -10.382180421750228, "params": {"C": 42.040053320622576, "epsilon": 20.368868560118177, "gamma": 0.03615329291615566, "lamda": 0.004317518260787187}, "datetime": {"datetime": "2021-10-06 14:31:34", "elapsed": 473.45585, "delta": 1.896577}}
{"target": -10.501814506844187, "params": {"C": 60.176942769453944, "epsilon": 30.878805449318108, "gamma": 0.01718743028630224, "lamda": 0.01438245800760839}, "datetime": {"datetime": "2021-10-06 14:31:36", "elapsed": 475.345787, "delta": 1.889937}}
{"target": -10.330893715535105, "params": {"C": 63.850950463716146, "epsilon": 21.653756967181018, "gamma": 0.02703945190938291, "lamda": 0.012068084430358755}, "datetime": {"datetime": "2021-10-06 14:31:38", "elapsed": 477.208126, "delta": 1.862339}}
{"target": -10.347567710231234, "params": {"C": 55.49704666588384, "epsilon": 25.55652337597381, "gamma": 0.026244326669314165, "lamda": 0.018149633270762956}, "datetime": {"datetime": "2021-10-06 14:31:39", "elapsed": 478.987371, "delta": 1.779245}}
{"target": -10.17566056201411, "params": {"C": 56.057158447112855, "epsilon": 30.34213823986373, "gamma": 0.02064675159738679, "lamda": 0.008277594372646845}, "datetime": {"datetime": "2021-10-06 14:31:41", "elapsed": 481.040419, "delta": 2.053048}}
{"target": -10.261762444961926, "params": {"C": 38.758797686840275, "epsilon": 24.465336139628576, "gamma": 0.02841663112457367, "lamda": 0.0030113496045436204}, "datetime": {"datetime": "2021-10-06 14:31:44", "elapsed": 483.323338, "delta": 2.282919}}
{"target": -10.163442341798362, "params": {"C": 39.54218917195047, "epsilon": 19.014927712013776, "gamma": 0.021907164356691593, "lamda": 0.007168327382959374}, "datetime": {"datetime": "2021-10-06 14:31:46", "elapsed": 485.322342, "delta": 1.999004}}
{"target": -10.303271264940465, "params": {"C": 42.64474850604665, "epsilon": 27.269688386985305, "gamma": 0.02826384960549623, "lamda": 0.0023556116147853256}, "datetime": {"datetime": "2021-10-06 14:31:49", "elapsed": 488.806637, "delta": 3.484295}}
{"target": -10.238287707867793, "params": {"C": 38.562075693673975, "epsilon": 30.328102161870063, "gamma": 0.02924327511655165, "lamda": 0.004852560628771471}, "datetime": {"datetime": "2021-10-06 14:31:51", "elapsed": 490.819065, "delta": 2.012428}}
{"target": -10.35772399722856, "params": {"C": 51.06182211051285, "epsilon": 28.533118460733373, "gamma": 0.03302902726791647, "lamda": 0.012970893179936428}, "datetime": {"datetime": "2021-10-06 14:31:53", "elapsed": 492.760273, "delta": 1.941208}}
{"target": -10.356430934249728, "params": {"C": 42.4480779878676, "epsilon": 19.317366002450235, "gamma": 0.026219101305283113, "lamda": 0.0009179843524717299}, "datetime": {"datetime": "2021-10-06 14:31:56", "elapsed": 495.325117, "delta": 2.564844}}
{"target": -10.430065412465199, "params": {"C": 66.10782054000506, "epsilon": 30.20892602015954, "gamma": 0.039554238232314326, "lamda": 0.015489132944364188}, "datetime": {"datetime": "2021-10-06 14:31:57", "elapsed": 497.177092, "delta": 1.851975}}
{"target": -10.600672258449451, "params": {"C": 66.75614185556944, "epsilon": 29.42685908333531, "gamma": 0.0368129110312778, "lamda": 0.002043838133178337}, "datetime": {"datetime": "2021-10-06 14:31:59", "elapsed": 499.159644, "delta": 1.982552}}
{"target": -10.218162063147613, "params": {"C": 42.42211240992969, "epsilon": 19.320994488869033, "gamma": 0.02186608681681542, "lamda": 0.009572524790551967}, "datetime": {"datetime": "2021-10-06 14:32:02", "elapsed": 501.759063, "delta": 2.599419}}
{"target": -10.48663153141538, "params": {"C": 39.61325706212496, "epsilon": 26.74107863456461, "gamma": 0.03936353186765198, "lamda": 0.004837829189903282}, "datetime": {"datetime": "2021-10-06 14:32:04", "elapsed": 503.621863, "delta": 1.8628}}
{"target": -10.289127135789835, "params": {"C": 43.43731407945089, "epsilon": 24.07063595659355, "gamma": 0.014914222018875945, "lamda": 0.010064748074406804}, "datetime": {"datetime": "2021-10-06 14:32:06", "elapsed": 505.994908, "delta": 2.373045}}
{"target": -10.137242059915812, "params": {"C": 42.58748851291916, "epsilon": 19.674492664438468, "gamma": 0.01485640594605407, "lamda": 0.0036803843248868246}, "datetime": {"datetime": "2021-10-06 14:32:09", "elapsed": 508.270073, "delta": 2.275165}}
{"target": -10.141587355208415, "params": {"C": 48.60205401872307, "epsilon": 30.8088744039863, "gamma": 0.021214551178086655, "lamda": 0.006823472961666148}, "datetime": {"datetime": "2021-10-06 14:32:10", "elapsed": 510.173388, "delta": 1.903315}}
{"target": -10.516015474445169, "params": {"C": 58.99994767686985, "epsilon": 30.633076145449134, "gamma": 0.016538589960204346, "lamda": 0.013834021047876966}, "datetime": {"datetime": "2021-10-06 14:32:13", "elapsed": 512.836971, "delta": 2.663583}}
{"target": -10.373825385232445, "params": {"C": 53.7255830093074, "epsilon": 27.4091023891136, "gamma": 0.0180915130873254, "lamda": 0.014211677295939251}, "datetime": {"datetime": "2021-10-06 14:32:15", "elapsed": 515.09683, "delta": 2.259859}}
{"target": -10.322246549517219, "params": {"C": 40.36563003318841, "epsilon": 27.658968539000032, "gamma": 0.010894442759123333, "lamda": 0.004488541302581231}, "datetime": {"datetime": "2021-10-06 14:32:18", "elapsed": 517.304134, "delta": 2.207304}}
{"target": -10.114387783132665, "params": {"C": 47.89273697100155, "epsilon": 27.92963252742747, "gamma": 0.019940789366071944, "lamda": 0.0063502065246886785}, "datetime": {"datetime": "2021-10-06 14:32:20", "elapsed": 519.831494, "delta": 2.52736}}
{"target": -10.104676710213793, "params": {"C": 38.186529191231244, "epsilon": 27.923310760747206, "gamma": 0.01679678598539936, "lamda": 0.004728423580115004}, "datetime": {"datetime": "2021-10-06 14:32:22", "elapsed": 521.720874, "delta": 1.88938}}
{"target": -10.23337047095358, "params": {"C": 58.45422960840657, "epsilon": 25.09382812084378, "gamma": 0.025229476559358116, "lamda": 0.0015031852338929902}, "datetime": {"datetime": "2021-10-06 14:32:24", "elapsed": 523.800929, "delta": 2.080055}}
{"target": -10.487128954504414, "params": {"C": 39.42605704583526, "epsilon": 27.723036968538555, "gamma": 0.018035782595690004, "lamda": 0.01919088588790266}, "datetime": {"datetime": "2021-10-06 14:32:26", "elapsed": 525.901833, "delta": 2.100904}}
{"target": -10.083893242414458, "params": {"C": 51.4239488271175, "epsilon": 28.9000349631591, "gamma": 0.01804221640828122, "lamda": 0.003992723421035939}, "datetime": {"datetime": "2021-10-06 14:32:29", "elapsed": 528.378117, "delta": 2.476284}}
{"target": -10.2438373395771, "params": {"C": 63.49457133260954, "epsilon": 28.87306099436561, "gamma": 0.025066095147282506, "lamda": 0.006557404903702107}, "datetime": {"datetime": "2021-10-06 14:32:31", "elapsed": 530.375182, "delta": 1.997065}}
{"target": -10.231078355832087, "params": {"C": 61.40450431880623, "epsilon": 27.70793380838213, "gamma": 0.022783299769970837, "lamda": 0.010634892590278949}, "datetime": {"datetime": "2021-10-06 14:32:33", "elapsed": 532.294691, "delta": 1.919509}}
{"target": -10.393372814091366, "params": {"C": 40.245030020838755, "epsilon": 20.389834315288322, "gamma": 0.01195270261041671, "lamda": 0.009070045033150932}, "datetime": {"datetime": "2021-10-06 14:32:35", "elapsed": 534.686943, "delta": 2.392252}}
{"target": -10.818204041446895, "params": {"C": 65.09801916131524, "epsilon": 32.21647872811408, "gamma": 0.012690554260783823, "lamda": 0.015737047526767932}, "datetime": {"datetime": "2021-10-06 14:32:37", "elapsed": 537.029889, "delta": 2.342946}}
{"target": -10.199165797567332, "params": {"C": 51.89395302198934, "epsilon": 26.55764475276373, "gamma": 0.020558110778143394, "lamda": 0.011435950731112816}, "datetime": {"datetime": "2021-10-06 14:32:40", "elapsed": 539.697591, "delta": 2.667702}}
{"target": -10.253630438884873, "params": {"C": 42.46987939554903, "epsilon": 19.539057190701197, "gamma": 0.014212294595239915, "lamda": 0.007561349292198287}, "datetime": {"datetime": "2021-10-06 14:32:43", "elapsed": 542.28964, "delta": 2.592049}}
{"target": -10.564036767581825, "params": {"C": 61.33863037812449, "epsilon": 22.68072328685539, "gamma": 0.0382430296239306, "lamda": 0.0020041654979840017}, "datetime": {"datetime": "2021-10-06 14:32:45", "elapsed": 544.999197, "delta": 2.709557}}
{"target": -10.164124847115968, "params": {"C": 42.57784930985533, "epsilon": 19.656810700468508, "gamma": 0.014373775883059905, "lamda": 0.004653902265700342}, "datetime": {"datetime": "2021-10-06 14:32:48", "elapsed": 547.498747, "delta": 2.49955}}
{"target": -10.406522500814965, "params": {"C": 49.04396308534664, "epsilon": 26.22981871259443, "gamma": 0.03595998199285244, "lamda": 0.015572775983001401}, "datetime": {"datetime": "2021-10-06 14:32:50", "elapsed": 549.66204, "delta": 2.163293}}
{"target": -10.13201459053343, "params": {"C": 55.79914679667213, "epsilon": 26.05312438175439, "gamma": 0.021560940970977972, "lamda": 0.003683264785588962}, "datetime": {"datetime": "2021-10-06 14:32:52", "elapsed": 551.742445, "delta": 2.080405}}
{"target": -10.380027308450654, "params": {"C": 42.58712047546286, "epsilon": 19.682607053792363, "gamma": 0.011179083806341807, "lamda": 0.007840934160467855}, "datetime": {"datetime": "2021-10-06 14:32:55", "elapsed": 554.524423, "delta": 2.781978}}
{"target": -10.35227905371113, "params": {"C": 50.24981341758945, "epsilon": 19.95350934897312, "gamma": 0.03152461555857381, "lamda": 0.01044836467788421}, "datetime": {"datetime": "2021-10-06 14:32:57", "elapsed": 556.501386, "delta": 1.976963}}
{"target": -10.214283325940915, "params": {"C": 49.50217572725797, "epsilon": 26.117520886879436, "gamma": 0.0198304422609396, "lamda": 0.012238909670226995}, "datetime": {"datetime": "2021-10-06 14:32:59", "elapsed": 559.169743, "delta": 2.668357}}
{"target": -10.346420866525229, "params": {"C": 65.09910339003237, "epsilon": 32.242077238650396, "gamma": 0.0302992414068182, "lamda": 0.010882500692527872}, "datetime": {"datetime": "2021-10-06 14:33:02", "elapsed": 562.030572, "delta": 2.860829}}
{"target": -10.450827710033128, "params": {"C": 52.08100127496926, "epsilon": 26.50281678589129, "gamma": 0.03446037739678598, "lamda": 0.0022068555141307217}, "datetime": {"datetime": "2021-10-06 14:33:05", "elapsed": 564.539802, "delta": 2.50923}}
{"target": -10.48098302938945, "params": {"C": 51.97060876267064, "epsilon": 21.379841561458388, "gamma": 0.03992750998802526, "lamda": 0.010576069461007311}, "datetime": {"datetime": "2021-10-06 14:33:07", "elapsed": 566.71118, "delta": 2.171378}}
{"target": -10.342148189017063, "params": {"C": 41.89913380209935, "epsilon": 21.295572713608415, "gamma": 0.019720454672148058, "lamda": 0.019642467553417076}, "datetime": {"datetime": "2021-10-06 14:33:10", "elapsed": 569.183317, "delta": 2.472137}}
{"target": -10.326260615964918, "params": {"C": 40.58134764665145, "epsilon": 19.597118588937438, "gamma": 0.02496403402985371, "lamda": 0.019080001485038467}, "datetime": {"datetime": "2021-10-06 14:33:12", "elapsed": 571.287554, "delta": 2.104237}}
{"target": -10.160271879244046, "params": {"C": 54.1885272130642, "epsilon": 24.829267671901032, "gamma": 0.018779212354251756, "lamda": 0.008702742891389465}, "datetime": {"datetime": "2021-10-06 14:33:14", "elapsed": 574.138117, "delta": 2.850563}}
{"target": -10.746560728998896, "params": {"C": 42.61589891005961, "epsilon": 25.182854564778495, "gamma": 0.012768660248879854, "lamda": 0.019006597362247888}, "datetime": {"datetime": "2021-10-06 14:33:17", "elapsed": 576.668423, "delta": 2.530306}}
{"target": -10.45608962567931, "params": {"C": 56.03915649372041, "epsilon": 30.340100959692307, "gamma": 0.01439333229911682, "lamda": 0.00975689527611983}, "datetime": {"datetime": "2021-10-06 14:33:20", "elapsed": 579.185785, "delta": 2.517362}}
{"target": -10.232709702497127, "params": {"C": 54.32207239650042, "epsilon": 20.341527564379817, "gamma": 0.013771572457902352, "lamda": 0.005474980392523414}, "datetime": {"datetime": "2021-10-06 14:33:22", "elapsed": 581.241524, "delta": 2.055739}}
{"target": -10.307696022234229, "params": {"C": 43.40677801841336, "epsilon": 25.235029869644244, "gamma": 0.03259944601185045, "lamda": 0.004045385093801293}, "datetime": {"datetime": "2021-10-06 14:33:24", "elapsed": 583.988864, "delta": 2.74734}}
{"target": -10.162781570568024, "params": {"C": 47.959220038585784, "epsilon": 25.73501992841542, "gamma": 0.020623994690167437, "lamda": 0.008069163665109446}, "datetime": {"datetime": "2021-10-06 14:33:26", "elapsed": 586.166489, "delta": 2.177625}}
