{"target": -13.018305685703796, "params": {"C": 55.88796697330874, "epsilon": 14.594766417866053, "gamma": 0.19994478779033129, "lamda": 0.009039623680908914}, "datetime": {"datetime": "2021-10-05 10:06:43", "elapsed": 792.215976, "delta": 2.285318}}
{"target": -13.80660635627089, "params": {"C": 8.23520565653168, "epsilon": 20.676550361319656, "gamma": 0.0924128700348679, "lamda": 0.12794842157960873}, "datetime": {"datetime": "2021-10-05 10:06:47", "elapsed": 796.568606, "delta": 4.35263}}
{"target": -65.60620856436618, "params": {"C": 16.690673519535338, "epsilon": 7.64186297424051, "gamma": 0.08943545017282849, "lamda": 0.5720665423658785}, "datetime": {"datetime": "2021-10-05 10:06:50", "elapsed": 800.056839, "delta": 3.488233}}
{"target": -13.328893215182047, "params": {"C": 55.42863185841558, "epsilon": 13.988573991336562, "gamma": 0.19055789196650766, "lamda": 0.004537230772855495}, "datetime": {"datetime": "2021-10-05 10:06:55", "elapsed": 804.248522, "delta": 4.191683}}
{"target": -29.844926896261516, "params": {"C": 55.858951413219486, "epsilon": 13.868155976459672, "gamma": 0.04759116891966668, "lamda": 0.33262009643174534}, "datetime": {"datetime": "2021-10-05 10:06:59", "elapsed": 808.327861, "delta": 4.079339}}
{"target": -21.325380946619205, "params": {"C": 7.686945338134732, "epsilon": 21.232404315373707, "gamma": 0.1438443820804197, "lamda": 0.2975253782992964}, "datetime": {"datetime": "2021-10-05 10:07:03", "elapsed": 812.734285, "delta": 4.406424}}
{"target": -14.21757901415516, "params": {"C": 94.07773147681071, "epsilon": 9.549689017417542, "gamma": 0.18921607379550284, "lamda": 0.10077762495761423}, "datetime": {"datetime": "2021-10-05 10:07:07", "elapsed": 816.595909, "delta": 3.861624}}
{"target": -13.551779666297156, "params": {"C": 54.69653862298368, "epsilon": 13.724316319399074, "gamma": 0.14762554502186476, "lamda": 0.09207615122871741}, "datetime": {"datetime": "2021-10-05 10:07:11", "elapsed": 820.69721, "delta": 4.101301}}
{"target": -29.55883041216693, "params": {"C": 55.14051261913103, "epsilon": 13.322111382538568, "gamma": 0.0582995459271664, "lamda": 0.3295772851766181}, "datetime": {"datetime": "2021-10-05 10:07:16", "elapsed": 825.324083, "delta": 4.626873}}
{"target": -28.128149207720043, "params": {"C": 55.05670251017094, "epsilon": 14.413316120271075, "gamma": 0.06371975283075523, "lamda": 0.32496765366584757}, "datetime": {"datetime": "2021-10-05 10:07:20", "elapsed": 829.235214, "delta": 3.911131}}
{"target": -13.174382889150335, "params": {"C": 20.566338120732098, "epsilon": 8.345225202615332, "gamma": 0.2, "lamda": 0.0005}, "datetime": {"datetime": "2021-10-05 10:07:25", "elapsed": 834.305606, "delta": 5.070392}}
{"target": -15.780105848248525, "params": {"C": 21.17660150725344, "epsilon": 26.388150569166957, "gamma": 0.15459460284764157, "lamda": 0.19158847911820368}, "datetime": {"datetime": "2021-10-05 10:07:27", "elapsed": 836.946655, "delta": 2.641049}}
{"target": -14.531901226397151, "params": {"C": 98.72581130437145, "epsilon": 28.69913078015936, "gamma": 0.0005, "lamda": 0.0005}, "datetime": {"datetime": "2021-10-05 10:07:32", "elapsed": 841.359969, "delta": 4.413314}}
{"target": -13.876780451282416, "params": {"C": 61.60907912982954, "epsilon": 8.434324135716777, "gamma": 0.2, "lamda": 0.0005}, "datetime": {"datetime": "2021-10-05 10:07:35", "elapsed": 844.466531, "delta": 3.106562}}
{"target": -10.976066847362082, "params": {"C": 57.113375756978, "epsilon": 4.319616954211389, "gamma": 0.030299711942710823, "lamda": 0.04022095011862504}, "datetime": {"datetime": "2021-10-05 10:07:40", "elapsed": 849.800875, "delta": 5.334344}}
{"target": -13.669424597471783, "params": {"C": 20.251184365205464, "epsilon": 26.67332143962217, "gamma": 0.08508543489253749, "lamda": 0.13663584604489543}, "datetime": {"datetime": "2021-10-05 10:07:45", "elapsed": 854.327336, "delta": 4.526461}}
{"target": -44.86717895799693, "params": {"C": 20.447351975796686, "epsilon": 26.358244718816323, "gamma": 0.0599780604339052, "lamda": 0.7579281258570567}, "datetime": {"datetime": "2021-10-05 10:07:48", "elapsed": 857.831835, "delta": 3.504499}}
{"target": -14.529812464644879, "params": {"C": 98.18799418975085, "epsilon": 29.262086567686378, "gamma": 0.0005, "lamda": 0.0005}, "datetime": {"datetime": "2021-10-05 10:07:53", "elapsed": 862.51435, "delta": 4.682515}}
{"target": -14.575643748652325, "params": {"C": 20.04362880806168, "epsilon": 27.329224582380732, "gamma": 0.11288721845647562, "lamda": 0.17331928909855895}, "datetime": {"datetime": "2021-10-05 10:07:57", "elapsed": 866.673784, "delta": 4.159434}}
{"target": -12.8431580532977, "params": {"C": 57.507670677147374, "epsilon": 6.268094243898748, "gamma": 0.0042069055870752586, "lamda": 0.02592791209634561}, "datetime": {"datetime": "2021-10-05 10:08:01", "elapsed": 870.589821, "delta": 3.916037}}
{"target": -31.215338509165154, "params": {"C": 71.71362895235764, "epsilon": 10.802122505171003, "gamma": 0.09807976752403173, "lamda": 0.3360722312189143}, "datetime": {"datetime": "2021-10-05 10:08:03", "elapsed": 873.168832, "delta": 2.579011}}
{"target": -29.245266790089264, "params": {"C": 94.69244269650517, "epsilon": 24.232738642934198, "gamma": 0.008312227608439537, "lamda": 0.44657451154044425}, "datetime": {"datetime": "2021-10-05 10:08:06", "elapsed": 875.53069, "delta": 2.361858}}
{"target": -13.132780923526576, "params": {"C": 57.23670323429072, "epsilon": 3.607224976257958, "gamma": 0.09345847321219994, "lamda": 0.10705502848984531}, "datetime": {"datetime": "2021-10-05 10:08:10", "elapsed": 879.632759, "delta": 4.102069}}
{"target": -13.927828201746548, "params": {"C": 57.74427695833532, "epsilon": 4.077688893076992, "gamma": 0.2, "lamda": 0.0005}, "datetime": {"datetime": "2021-10-05 10:08:14", "elapsed": 883.772067, "delta": 4.139308}}
{"target": -63.523553224787086, "params": {"C": 57.836866066303756, "epsilon": 3.4215344849639915, "gamma": 0.15160792588721983, "lamda": 0.5780784720598732}, "datetime": {"datetime": "2021-10-05 10:08:18", "elapsed": 887.553257, "delta": 3.78119}}
{"target": -13.944346470130448, "params": {"C": 98.8988227125588, "epsilon": 29.438992301820633, "gamma": 0.2, "lamda": 0.0005}, "datetime": {"datetime": "2021-10-05 10:08:22", "elapsed": 891.447631, "delta": 3.894374}}
{"target": -48.87698601403665, "params": {"C": 38.925049016580395, "epsilon": 19.131293586919764, "gamma": 0.18827482711156399, "lamda": 0.6913574554258866}, "datetime": {"datetime": "2021-10-05 10:08:24", "elapsed": 893.700687, "delta": 2.253056}}
{"target": -23.381354731403288, "params": {"C": 80.65234979863588, "epsilon": 3.112364076446015, "gamma": 0.050544735361176894, "lamda": 0.24679265898212469}, "datetime": {"datetime": "2021-10-05 10:08:26", "elapsed": 896.178105, "delta": 2.477418}}
{"target": -10.4543139652855, "params": {"C": 56.622549612726104, "epsilon": 4.0654995511011975, "gamma": 0.055180629725589715, "lamda": 0.010006249392153572}, "datetime": {"datetime": "2021-10-05 10:08:31", "elapsed": 900.479198, "delta": 4.301093}}
{"target": -14.0304401673224, "params": {"C": 71.98172010691759, "epsilon": 8.502222604293152, "gamma": 0.2, "lamda": 0.0005}, "datetime": {"datetime": "2021-10-05 10:08:35", "elapsed": 905.00824, "delta": 4.529042}}
{"target": -30.50239680099402, "params": {"C": 98.53236263615392, "epsilon": 29.563169579321038, "gamma": 0.042105047767081856, "lamda": 0.5874626136333317}, "datetime": {"datetime": "2021-10-05 10:08:40", "elapsed": 909.701703, "delta": 4.693463}}
{"target": -13.955120698040366, "params": {"C": 97.28379314856022, "epsilon": 26.991552501690336, "gamma": 0.2, "lamda": 0.0005}, "datetime": {"datetime": "2021-10-05 10:08:44", "elapsed": 913.830611, "delta": 4.128908}}
{"target": -26.704689961515253, "params": {"C": 21.65165794963332, "epsilon": 27.009233093444244, "gamma": 0.14469301187636288, "lamda": 0.4567613237616646}, "datetime": {"datetime": "2021-10-05 10:08:48", "elapsed": 917.677965, "delta": 3.847354}}
{"target": -11.737074107294019, "params": {"C": 19.495491459073317, "epsilon": 26.920863010014315, "gamma": 0.16734393841414633, "lamda": 0.01482361012155674}, "datetime": {"datetime": "2021-10-05 10:08:53", "elapsed": 922.579719, "delta": 4.901754}}
{"target": -37.649501992044556, "params": {"C": 84.50297247224087, "epsilon": 1.67999656563318, "gamma": 0.03590045527426607, "lamda": 0.3384968357904281}, "datetime": {"datetime": "2021-10-05 10:08:55", "elapsed": 925.094117, "delta": 2.514398}}
{"target": -12.891163884172801, "params": {"C": 19.31090215745662, "epsilon": 26.26778847224602, "gamma": 0.09089599625038564, "lamda": 0.11027028201443781}, "datetime": {"datetime": "2021-10-05 10:08:59", "elapsed": 928.391725, "delta": 3.297608}}
{"target": -12.519589951083551, "params": {"C": 28.809939507855386, "epsilon": 9.724790723912333, "gamma": 0.17300942442114667, "lamda": 0.014139092422299979}, "datetime": {"datetime": "2021-10-05 10:09:01", "elapsed": 930.951713, "delta": 2.559988}}
{"target": -64.20621414727016, "params": {"C": 56.34055174716528, "epsilon": 13.879428344710483, "gamma": 0.0038240816194834606, "lamda": 0.6647949079915186}, "datetime": {"datetime": "2021-10-05 10:09:04", "elapsed": 933.412107, "delta": 2.460394}}
{"target": -12.402149170502174, "params": {"C": 18.899052063025636, "epsilon": 26.66269990389182, "gamma": 0.12415743968256454, "lamda": 0.07552534272963989}, "datetime": {"datetime": "2021-10-05 10:09:08", "elapsed": 937.46274, "delta": 4.050633}}
{"target": -31.59819053721979, "params": {"C": 19.30649550166739, "epsilon": 26.784180976200982, "gamma": 0.14317272860455818, "lamda": 0.5672157762779367}, "datetime": {"datetime": "2021-10-05 10:09:13", "elapsed": 942.240111, "delta": 4.777371}}
{"target": -15.549410246050657, "params": {"C": 18.549023144598777, "epsilon": 25.92636304226573, "gamma": 0.18687341101390134, "lamda": 0.17084394420549007}, "datetime": {"datetime": "2021-10-05 10:09:18", "elapsed": 947.942949, "delta": 5.702838}}
{"target": -13.252540004385107, "params": {"C": 28.141498405917147, "epsilon": 9.497736448631793, "gamma": 0.2, "lamda": 0.0005}, "datetime": {"datetime": "2021-10-05 10:09:23", "elapsed": 952.309857, "delta": 4.366908}}
{"target": -43.42684283131739, "params": {"C": 52.73070416679538, "epsilon": 21.513792098441357, "gamma": 0.13727265490569776, "lamda": 0.6725501982412279}, "datetime": {"datetime": "2021-10-05 10:09:25", "elapsed": 954.734235, "delta": 2.424378}}
{"target": -63.9569589771693, "params": {"C": 28.246838401842982, "epsilon": 9.8006811788598, "gamma": 0.07663905174270248, "lamda": 0.6104027095990994}, "datetime": {"datetime": "2021-10-05 10:09:30", "elapsed": 959.811004, "delta": 5.076769}}
{"target": -11.167685571423428, "params": {"C": 99.63195451708941, "epsilon": 29.03225791281862, "gamma": 0.11471043271994331, "lamda": 0.013309939986560515}, "datetime": {"datetime": "2021-10-05 10:09:34", "elapsed": 963.446867, "delta": 3.635863}}
{"target": -15.139030839377751, "params": {"C": 70.1796856187838, "epsilon": 22.468741572555597, "gamma": 0.08700197516689162, "lamda": 0.17816588406154385}, "datetime": {"datetime": "2021-10-05 10:09:36", "elapsed": 965.932241, "delta": 2.485374}}
{"target": -10.229308284770006, "params": {"C": 99.55310133413386, "epsilon": 27.956685244522134, "gamma": 0.05082216128911414, "lamda": 0.006815692179337028}, "datetime": {"datetime": "2021-10-05 10:09:41", "elapsed": 970.719676, "delta": 4.787435}}
{"target": -12.165970908380688, "params": {"C": 28.972009180183612, "epsilon": 9.216751297540924, "gamma": 0.02073520528593704, "lamda": 0.06006576869095173}, "datetime": {"datetime": "2021-10-05 10:09:44", "elapsed": 974.171256, "delta": 3.45158}}
{"target": -26.910120368169988, "params": {"C": 59.270730341472245, "epsilon": 28.851978960777068, "gamma": 0.06387961811819379, "lamda": 0.49108459556002926}, "datetime": {"datetime": "2021-10-05 10:09:47", "elapsed": 976.789907, "delta": 2.618651}}
{"target": -13.275498406668252, "params": {"C": 28.383574111315752, "epsilon": 8.876890840521085, "gamma": 0.2, "lamda": 0.0005}, "datetime": {"datetime": "2021-10-05 10:09:52", "elapsed": 981.559576, "delta": 4.769669}}
{"target": -29.104578894823714, "params": {"C": 99.8880372620457, "epsilon": 27.94940393401922, "gamma": 0.14165711927982855, "lamda": 0.5335401811829984}, "datetime": {"datetime": "2021-10-05 10:09:56", "elapsed": 985.962314, "delta": 4.402738}}
{"target": -13.950761945325619, "params": {"C": 99.63843420537887, "epsilon": 29.721899025824797, "gamma": 0.2, "lamda": 0.0005}, "datetime": {"datetime": "2021-10-05 10:10:00", "elapsed": 990.074361, "delta": 4.112047}}
{"target": -12.099624799371355, "params": {"C": 96.19230786005046, "epsilon": 26.896179950867044, "gamma": 0.0040673796181355405, "lamda": 0.005644420029091258}, "datetime": {"datetime": "2021-10-05 10:10:05", "elapsed": 994.779737, "delta": 4.705376}}
{"target": -12.097290089279813, "params": {"C": 18.081555387517593, "epsilon": 26.618150365866462, "gamma": 0.1469904828665812, "lamda": 0.04614710666752896}, "datetime": {"datetime": "2021-10-05 10:10:10", "elapsed": 999.579181, "delta": 4.799444}}
{"target": -37.29573461223105, "params": {"C": 18.214456080049573, "epsilon": 26.40144569209872, "gamma": 0.0005, "lamda": 0.6684982638424103}, "datetime": {"datetime": "2021-10-05 10:10:14", "elapsed": 1003.854058, "delta": 4.274877}}
{"target": -31.096775978857888, "params": {"C": 99.56743004991836, "epsilon": 29.31321978446457, "gamma": 0.2, "lamda": 0.6089622749753001}, "datetime": {"datetime": "2021-10-05 10:10:18", "elapsed": 1007.276716, "delta": 3.422658}}
{"target": -13.053885547790351, "params": {"C": 18.18142744448471, "epsilon": 27.38983482127597, "gamma": 0.18319877841808171, "lamda": 0.07886306699782773}, "datetime": {"datetime": "2021-10-05 10:10:22", "elapsed": 1012.026357, "delta": 4.749641}}
{"target": -36.05209683309042, "params": {"C": 44.97839540499612, "epsilon": 24.303498265284034, "gamma": 0.16065901799622043, "lamda": 0.5891138822703095}, "datetime": {"datetime": "2021-10-05 10:10:25", "elapsed": 1014.79999, "delta": 2.773633}}
{"target": -15.571120220313892, "params": {"C": 39.92709888809933, "epsilon": 8.348093701330672, "gamma": 0.07426362270494885, "lamda": 0.15642947152463138}, "datetime": {"datetime": "2021-10-05 10:10:28", "elapsed": 1017.321128, "delta": 2.521138}}
{"target": -15.096713227779675, "params": {"C": 17.63732615729306, "epsilon": 27.092430674495855, "gamma": 0.18368672796351385, "lamda": 0.1611140056524345}, "datetime": {"datetime": "2021-10-05 10:10:35", "elapsed": 1024.238496, "delta": 6.917368}}
{"target": -15.815305990646559, "params": {"C": 96.37101009146105, "epsilon": 26.177693455458463, "gamma": 0.12024575243132878, "lamda": 0.20625511141126188}, "datetime": {"datetime": "2021-10-05 10:10:41", "elapsed": 1031.136521, "delta": 6.898025}}
{"target": -30.69109145544051, "params": {"C": 17.427297420276563, "epsilon": 27.821353551579115, "gamma": 0.05844519448645506, "lamda": 0.5351137577436285}, "datetime": {"datetime": "2021-10-05 10:10:47", "elapsed": 1036.827769, "delta": 5.691248}}
{"target": -15.926942629160665, "params": {"C": 95.53061646071801, "epsilon": 26.39950801434094, "gamma": 0.08740776699140886, "lamda": 0.22836105445357874}, "datetime": {"datetime": "2021-10-05 10:10:51", "elapsed": 1040.646849, "delta": 3.81908}}
{"target": -10.0961831761119, "params": {"C": 95.38608430861714, "epsilon": 27.115858631264143, "gamma": 0.05825685159862594, "lamda": 0.005700747491963002}, "datetime": {"datetime": "2021-10-05 10:10:55", "elapsed": 1044.851931, "delta": 4.205082}}
{"target": -31.61329369875671, "params": {"C": 95.0479601110918, "epsilon": 26.966007567316808, "gamma": 0.15722471881124842, "lamda": 0.5695031877031619}, "datetime": {"datetime": "2021-10-05 10:11:00", "elapsed": 1049.231116, "delta": 4.379185}}
{"target": -13.251190724497613, "params": {"C": 60.79568717032719, "epsilon": 15.679995591193471, "gamma": 0.06168883851481972, "lamda": 0.11033105831381805}, "datetime": {"datetime": "2021-10-05 10:11:02", "elapsed": 1051.875679, "delta": 2.644563}}
{"target": -21.214089542825015, "params": {"C": 59.984371969899705, "epsilon": 15.547870203090612, "gamma": 0.013196764793087663, "lamda": 0.24145336700442202}, "datetime": {"datetime": "2021-10-05 10:11:07", "elapsed": 1056.396131, "delta": 4.520452}}
{"target": -13.010316640386787, "params": {"C": 19.13189357431436, "epsilon": 16.820974261918433, "gamma": 0.2, "lamda": 0.0005}, "datetime": {"datetime": "2021-10-05 10:11:11", "elapsed": 1060.809452, "delta": 4.413321}}
{"target": -10.756756611144262, "params": {"C": 60.528951081137436, "epsilon": 16.327818550477907, "gamma": 0.04797422141970455, "lamda": 0.0005}, "datetime": {"datetime": "2021-10-05 10:11:15", "elapsed": 1064.855621, "delta": 4.046169}}
{"target": -46.631784409740376, "params": {"C": 61.00631853411039, "epsilon": 16.50227098350446, "gamma": 0.009112988837281217, "lamda": 0.5010151762955458}, "datetime": {"datetime": "2021-10-05 10:11:20", "elapsed": 1070.146666, "delta": 5.291045}}
{"target": -12.866687427407768, "params": {"C": 19.435786749875046, "epsilon": 25.444177658232498, "gamma": 0.01577738221670179, "lamda": 0.06669179476328288}, "datetime": {"datetime": "2021-10-05 10:11:26", "elapsed": 1076.132966, "delta": 5.9863}}
{"target": -12.45765393735628, "params": {"C": 18.918261374827928, "epsilon": 27.669240302111884, "gamma": 0.15996305376663714, "lamda": 0.059501597956048445}, "datetime": {"datetime": "2021-10-05 10:11:31", "elapsed": 1080.943651, "delta": 4.810685}}
{"target": -45.95449904096823, "params": {"C": 14.832608333935463, "epsilon": 14.475991914740492, "gamma": 0.1127547344294996, "lamda": 0.5138497016626116}, "datetime": {"datetime": "2021-10-05 10:11:34", "elapsed": 1083.533603, "delta": 2.589952}}
{"target": -10.741863250030006, "params": {"C": 56.70811166915779, "epsilon": 3.2856069991482704, "gamma": 0.06856010971629506, "lamda": 0.013657229763168889}, "datetime": {"datetime": "2021-10-05 10:11:40", "elapsed": 1089.775608, "delta": 6.242005}}
{"target": -45.24576370786328, "params": {"C": 76.39202239979734, "epsilon": 19.1783105448009, "gamma": 0.06712743925383911, "lamda": 0.5856839394590284}, "datetime": {"datetime": "2021-10-05 10:11:43", "elapsed": 1092.48624, "delta": 2.710632}}
{"target": -13.821448121438607, "params": {"C": 18.804180215263763, "epsilon": 25.175390947880175, "gamma": 0.059506020758500124, "lamda": 0.14727443859875503}, "datetime": {"datetime": "2021-10-05 10:11:48", "elapsed": 1097.87142, "delta": 5.38518}}
{"target": -37.825525245782345, "params": {"C": 19.561692281655983, "epsilon": 24.99617199275145, "gamma": 0.1552369566798993, "lamda": 0.6508607403462362}, "datetime": {"datetime": "2021-10-05 10:11:55", "elapsed": 1104.691356, "delta": 6.819936}}
{"target": -10.279049023786628, "params": {"C": 59.69227876699954, "epsilon": 16.19562984091909, "gamma": 0.07292125539615466, "lamda": 0.011617269961838329}, "datetime": {"datetime": "2021-10-05 10:11:59", "elapsed": 1108.410753, "delta": 3.719397}}
{"target": -22.723068588695224, "params": {"C": 59.682000586382884, "epsilon": 17.063496514152728, "gamma": 0.10610720407090943, "lamda": 0.2888193092798589}, "datetime": {"datetime": "2021-10-05 10:12:03", "elapsed": 1112.680875, "delta": 4.270122}}
{"target": -20.0854747519466, "params": {"C": 59.0757264908694, "epsilon": 16.358167302762205, "gamma": 0.1214741896656931, "lamda": 0.24795338416512894}, "datetime": {"datetime": "2021-10-05 10:12:08", "elapsed": 1118.13457, "delta": 5.453695}}
{"target": -13.588658419006846, "params": {"C": 54.0154591464218, "epsilon": 14.04884377530361, "gamma": 0.2, "lamda": 0.0005}, "datetime": {"datetime": "2021-10-05 10:12:14", "elapsed": 1124.040728, "delta": 5.906158}}
{"target": -11.486808488403208, "params": {"C": 19.95464392329728, "epsilon": 17.202421789923086, "gamma": 0.11128178320627227, "lamda": 0.042630141565780384}, "datetime": {"datetime": "2021-10-05 10:12:18", "elapsed": 1127.824252, "delta": 3.783524}}
{"target": -69.64051653285391, "params": {"C": 90.19059718284937, "epsilon": 2.6080989590668446, "gamma": 0.029743406854461835, "lamda": 0.4510871049096076}, "datetime": {"datetime": "2021-10-05 10:12:21", "elapsed": 1130.719035, "delta": 2.894783}}
{"target": -51.81459918809074, "params": {"C": 85.65335731640431, "epsilon": 20.603034744053712, "gamma": 0.10661606206571367, "lamda": 0.6999200311525138}, "datetime": {"datetime": "2021-10-05 10:12:24", "elapsed": 1133.317903, "delta": 2.598868}}
{"target": -55.74124079304136, "params": {"C": 19.96755693746316, "epsilon": 17.540153297599883, "gamma": 0.06069699991611294, "lamda": 0.6997358045541419}, "datetime": {"datetime": "2021-10-05 10:12:29", "elapsed": 1138.322206, "delta": 5.004303}}
{"target": -15.987554699432104, "params": {"C": 72.4758123503482, "epsilon": 7.956646424124842, "gamma": 0.0005, "lamda": 0.0005}, "datetime": {"datetime": "2021-10-05 10:12:35", "elapsed": 1144.391194, "delta": 6.068988}}
{"target": -26.50344776464437, "params": {"C": 20.1246479863239, "epsilon": 20.27403382793734, "gamma": 0.13855751198315888, "lamda": 0.3697078761711063}, "datetime": {"datetime": "2021-10-05 10:12:37", "elapsed": 1146.995098, "delta": 2.603904}}
{"target": -41.34087272636223, "params": {"C": 60.004807153270995, "epsilon": 16.264839101633765, "gamma": 0.2, "lamda": 0.5232083582165953}, "datetime": {"datetime": "2021-10-05 10:12:43", "elapsed": 1152.636138, "delta": 5.64104}}
{"target": -12.489940446917025, "params": {"C": 99.41979548491766, "epsilon": 28.443309173224154, "gamma": 0.018759538459692984, "lamda": 0.05984204318210348}, "datetime": {"datetime": "2021-10-05 10:12:51", "elapsed": 1160.803232, "delta": 8.167094}}
{"target": -11.256544575078092, "params": {"C": 59.256254432294824, "epsilon": 15.57695734066826, "gamma": 0.11275912615658192, "lamda": 0.014642140124548078}, "datetime": {"datetime": "2021-10-05 10:12:56", "elapsed": 1165.268006, "delta": 4.464774}}
