{"target": -10.565863648065694, "params": {"C": 91.74069012342783, "epsilon": 16.384234807138622, "gamma": 0.05822462885023805, "lamda": 0.018093835860689838}, "datetime": {"datetime": "2021-10-05 12:49:29", "elapsed": 921.380734, "delta": 3.735558}}
{"target": -10.596550109746715, "params": {"C": 77.28074355371189, "epsilon": 20.908077799353176, "gamma": 0.06189958839769201, "lamda": 0.002151289909968481}, "datetime": {"datetime": "2021-10-05 12:49:33", "elapsed": 925.517945, "delta": 4.137211}}
{"target": -10.747299056330412, "params": {"C": 47.759425469187185, "epsilon": 11.726901719212107, "gamma": 0.05041250275088577, "lamda": 0.0005580257790658428}, "datetime": {"datetime": "2021-10-05 12:49:37", "elapsed": 929.711823, "delta": 4.193878}}
{"target": -10.694153860254104, "params": {"C": 54.69468492905359, "epsilon": 10.887346991033429, "gamma": 0.043554350103365336, "lamda": 0.0002433428443689081}, "datetime": {"datetime": "2021-10-05 12:49:40", "elapsed": 932.760314, "delta": 3.048491}}
{"target": -10.58680238642101, "params": {"C": 25.785824816874694, "epsilon": 21.454952821530014, "gamma": 0.08661233366357182, "lamda": 0.015203136935703179}, "datetime": {"datetime": "2021-10-05 12:49:45", "elapsed": 937.864769, "delta": 5.104455}}
{"target": -11.116650244708822, "params": {"C": 24.940805654285427, "epsilon": 26.68451572625974, "gamma": 0.033852454572409575, "lamda": 0.02896503881376087}, "datetime": {"datetime": "2021-10-05 12:49:49", "elapsed": 941.416339, "delta": 3.55157}}
{"target": -10.838126566480245, "params": {"C": 53.57022514458933, "epsilon": 11.634730089765434, "gamma": 0.08643938959733531, "lamda": 0.008717685227384737}, "datetime": {"datetime": "2021-10-05 12:49:52", "elapsed": 944.517357, "delta": 3.101018}}
{"target": -10.69495776374452, "params": {"C": 27.917189370261074, "epsilon": 12.125536540915903, "gamma": 0.024161109123427425, "lamda": 0.008404483586070594}, "datetime": {"datetime": "2021-10-05 12:49:55", "elapsed": 947.823316, "delta": 3.305959}}
{"target": -10.547380990021896, "params": {"C": 33.40457851782071, "epsilon": 14.720730765458912, "gamma": 0.03129292874046387, "lamda": 0.011098734639610423}, "datetime": {"datetime": "2021-10-05 12:49:58", "elapsed": 951.24012, "delta": 3.416804}}
{"target": -10.574046275495819, "params": {"C": 99.25191691519116, "epsilon": 13.446656397254113, "gamma": 0.03427986176414425, "lamda": 0.013979263251916467}, "datetime": {"datetime": "2021-10-05 12:50:01", "elapsed": 954.08605, "delta": 2.84593}}
{"target": -10.412368790212689, "params": {"C": 27.28592841273291, "epsilon": 25.62903858230807, "gamma": 0.03035868003465548, "lamda": 0.0049588750645707565}, "datetime": {"datetime": "2021-10-05 12:50:04", "elapsed": 957.002718, "delta": 2.916668}}
{"target": -10.179336081405967, "params": {"C": 33.04431617331982, "epsilon": 25.803208123223566, "gamma": 0.060446754649417164, "lamda": 0.0019524895632744253}, "datetime": {"datetime": "2021-10-05 12:50:13", "elapsed": 965.323992, "delta": 8.321274}}
{"target": -11.311915980916712, "params": {"C": 85.58923371179677, "epsilon": 22.30742364239322, "gamma": 0.02411776896221359, "lamda": 0.02798520996181528}, "datetime": {"datetime": "2021-10-05 12:50:19", "elapsed": 971.969936, "delta": 6.645944}}
{"target": -10.710733890216233, "params": {"C": 81.62536214202063, "epsilon": 22.024580986563137, "gamma": 0.06774257271289592, "lamda": 0.020128526106428856}, "datetime": {"datetime": "2021-10-05 12:50:22", "elapsed": 975.195803, "delta": 3.225867}}
{"target": -10.636896140754851, "params": {"C": 80.40790326972966, "epsilon": 27.561298650746483, "gamma": 0.051516891316357644, "lamda": 0.019847670059232183}, "datetime": {"datetime": "2021-10-05 12:50:29", "elapsed": 982.099628, "delta": 6.903825}}
{"target": -10.788635894839919, "params": {"C": 60.17209255329958, "epsilon": 21.43701771813498, "gamma": 0.07362545472704078, "lamda": 0.022035436252094066}, "datetime": {"datetime": "2021-10-05 12:50:32", "elapsed": 985.292294, "delta": 3.192666}}
{"target": -10.625327318687, "params": {"C": 61.082560604541015, "epsilon": 19.565951872076795, "gamma": 0.03851777197360834, "lamda": 0.00039964188385876645}, "datetime": {"datetime": "2021-10-05 12:50:38", "elapsed": 990.981026, "delta": 5.688732}}
{"target": -10.428383565859841, "params": {"C": 30.033238234499702, "epsilon": 22.180094280795462, "gamma": 0.056140701631065965, "lamda": 0.017880605624863943}, "datetime": {"datetime": "2021-10-05 12:50:42", "elapsed": 994.832482, "delta": 3.851456}}
{"target": -10.692537653169873, "params": {"C": 87.20360300331623, "epsilon": 15.01007379165472, "gamma": 0.0819588147852744, "lamda": 0.007356559229083022}, "datetime": {"datetime": "2021-10-05 12:50:48", "elapsed": 1000.416178, "delta": 5.583696}}
{"target": -10.759242611713024, "params": {"C": 34.89963294543374, "epsilon": 26.463352507858154, "gamma": 0.054322849578175764, "lamda": 0.024326729588143203}, "datetime": {"datetime": "2021-10-05 12:50:52", "elapsed": 1004.744158, "delta": 4.32798}}
{"target": -10.934908398789151, "params": {"C": 35.22393369313822, "epsilon": 21.719019556720557, "gamma": 0.04204014122389432, "lamda": 0.02921903951626271}, "datetime": {"datetime": "2021-10-05 12:50:55", "elapsed": 1007.973002, "delta": 3.228844}}
{"target": -10.32079718029426, "params": {"C": 24.533582417733776, "epsilon": 14.541914883971213, "gamma": 0.034975226708249284, "lamda": 0.003730501400666482}, "datetime": {"datetime": "2021-10-05 12:50:59", "elapsed": 1012.010044, "delta": 4.037042}}
{"target": -11.132083224845957, "params": {"C": 44.466384730586306, "epsilon": 24.508963033861562, "gamma": 0.0954271252708182, "lamda": 0.026917676328759483}, "datetime": {"datetime": "2021-10-05 12:51:02", "elapsed": 1015.211791, "delta": 3.201747}}
{"target": -10.178703184177204, "params": {"C": 61.70784829403176, "epsilon": 11.072923205047172, "gamma": 0.049118550021673354, "lamda": 0.005194736401205743}, "datetime": {"datetime": "2021-10-05 12:51:06", "elapsed": 1018.541475, "delta": 3.329684}}
{"target": -10.299003917131728, "params": {"C": 28.559979097913548, "epsilon": 10.862244195802841, "gamma": 0.040426796214848855, "lamda": 0.00782679868789954}, "datetime": {"datetime": "2021-10-05 12:51:09", "elapsed": 1021.591085, "delta": 3.04961}}
{"target": -11.0706459741062, "params": {"C": 45.79304433555233, "epsilon": 20.87543921794991, "gamma": 0.026541787052664738, "lamda": 0.022422911794135983}, "datetime": {"datetime": "2021-10-05 12:51:13", "elapsed": 1025.935852, "delta": 4.344767}}
{"target": -10.459450258459961, "params": {"C": 46.33061075442953, "epsilon": 17.06330463569957, "gamma": 0.05399109118954808, "lamda": 0.019236379028449088}, "datetime": {"datetime": "2021-10-05 12:51:17", "elapsed": 1030.194218, "delta": 4.258366}}
{"target": -11.280371003009678, "params": {"C": 67.01416906867246, "epsilon": 14.30605774427586, "gamma": 0.09498198719614391, "lamda": 0.006126227187240229}, "datetime": {"datetime": "2021-10-05 12:51:21", "elapsed": 1033.316601, "delta": 3.122383}}
{"target": -11.03384392235643, "params": {"C": 83.79351467156054, "epsilon": 25.605479620516377, "gamma": 0.08747100094320698, "lamda": 0.0261541445122333}, "datetime": {"datetime": "2021-10-05 12:51:24", "elapsed": 1036.547325, "delta": 3.230724}}
{"target": -10.773664093276928, "params": {"C": 23.824460478158002, "epsilon": 25.855902559706546, "gamma": 0.09615263919438323, "lamda": 0.004875117722314244}, "datetime": {"datetime": "2021-10-05 12:51:27", "elapsed": 1039.770458, "delta": 3.223133}}
{"target": -10.975450842148083, "params": {"C": 22.27922756538871, "epsilon": 17.235757634216245, "gamma": 0.09742757319164376, "lamda": 0.02243207064194571}, "datetime": {"datetime": "2021-10-05 12:51:30", "elapsed": 1042.547932, "delta": 2.777474}}
