{"target": -18.719095455849903, "params": {"C": 70.25584917506198, "epsilon": 6.94711487326207, "gamma": 0.07575803326624767, "lamda": 0.1987508006966554}, "datetime": {"datetime": "2021-10-05 10:02:06", "elapsed": 515.784759, "delta": 2.602993}}
{"target": -11.903308311568246, "params": {"C": 40.16585619760907, "epsilon": 6.584030752384779, "gamma": 0.03804682062698398, "lamda": 0.0767515225397117}, "datetime": {"datetime": "2021-10-05 10:02:09", "elapsed": 518.506467, "delta": 2.721708}}
{"target": -10.792101378193896, "params": {"C": 40.88338206464792, "epsilon": 6.442156359490895, "gamma": 0.06786095487828298, "lamda": 0.03616662904624885}, "datetime": {"datetime": "2021-10-05 10:02:11", "elapsed": 521.092975, "delta": 2.586508}}
{"target": -38.32282030686747, "params": {"C": 27.692448061322764, "epsilon": 20.89978106309853, "gamma": 0.16710018454426778, "lamda": 0.5656516963024215}, "datetime": {"datetime": "2021-10-05 10:02:13", "elapsed": 522.90019, "delta": 1.807215}}
{"target": -23.47722081688247, "params": {"C": 40.43039651925669, "epsilon": 5.9021794522919, "gamma": 0.16044665466662214, "lamda": 0.25580818125543997}, "datetime": {"datetime": "2021-10-05 10:02:16", "elapsed": 526.164232, "delta": 3.264042}}
{"target": -28.42985814683989, "params": {"C": 96.6564170040289, "epsilon": 23.29111341292246, "gamma": 0.0875048158075946, "lamda": 0.43328217465610364}, "datetime": {"datetime": "2021-10-05 10:02:18", "elapsed": 527.906613, "delta": 1.742381}}
{"target": -17.495194395428673, "params": {"C": 97.33080625458517, "epsilon": 28.363884083080443, "gamma": 0.015670644517747606, "lamda": 0.26538737593782147}, "datetime": {"datetime": "2021-10-05 10:02:22", "elapsed": 532.153701, "delta": 4.247088}}
{"target": -66.8832882132913, "params": {"C": 79.80602765274651, "epsilon": 2.8213619845622357, "gamma": 0.061664691328078405, "lamda": 0.5249866744494055}, "datetime": {"datetime": "2021-10-05 10:02:24", "elapsed": 533.996495, "delta": 1.842794}}
{"target": -67.06805608291727, "params": {"C": 40.837029153059575, "epsilon": 6.698737902289318, "gamma": 0.10343035550871554, "lamda": 0.5968248679618129}, "datetime": {"datetime": "2021-10-05 10:02:27", "elapsed": 536.786184, "delta": 2.789689}}
{"target": -13.329879113317672, "params": {"C": 84.35864008126856, "epsilon": 1.0407795971374725, "gamma": 0.15121971052596989, "lamda": 0.03807081844477437}, "datetime": {"datetime": "2021-10-05 10:02:31", "elapsed": 540.649624, "delta": 3.86344}}
{"target": -58.33665094070872, "params": {"C": 58.188478907088225, "epsilon": 7.1218621669486435, "gamma": 0.010980018517110942, "lamda": 0.4530808081453322}, "datetime": {"datetime": "2021-10-05 10:02:35", "elapsed": 544.212739, "delta": 3.563115}}
{"target": -16.758835073982816, "params": {"C": 41.244100866487095, "epsilon": 5.925678259959908, "gamma": 0.0005, "lamda": 0.0005}, "datetime": {"datetime": "2021-10-05 10:02:38", "elapsed": 547.275692, "delta": 3.062953}}
{"target": -24.75098904445395, "params": {"C": 76.69679630633044, "epsilon": 21.37975710964032, "gamma": 0.08922433958361412, "lamda": 0.3601800732508432}, "datetime": {"datetime": "2021-10-05 10:02:39", "elapsed": 549.025932, "delta": 1.75024}}
{"target": -14.033382819929816, "params": {"C": 68.29273777010103, "epsilon": 5.882310022744836, "gamma": 0.2, "lamda": 0.0005}, "datetime": {"datetime": "2021-10-05 10:02:42", "elapsed": 551.905753, "delta": 2.879821}}
{"target": -11.707681545186546, "params": {"C": 74.81970673656728, "epsilon": 19.495694282721324, "gamma": 0.007878924927025275, "lamda": 0.009170629737660528}, "datetime": {"datetime": "2021-10-05 10:02:45", "elapsed": 554.600159, "delta": 2.694406}}
{"target": -13.127192701469765, "params": {"C": 95.36377085593979, "epsilon": 7.330104596227268, "gamma": 0.16236671969216196, "lamda": 0.010237273773433643}, "datetime": {"datetime": "2021-10-05 10:02:48", "elapsed": 557.328661, "delta": 2.728502}}
{"target": -11.792347677649296, "params": {"C": 57.99491494048277, "epsilon": 5.839394163731101, "gamma": 0.049226737467761184, "lamda": 0.07395637229376283}, "datetime": {"datetime": "2021-10-05 10:02:50", "elapsed": 559.992573, "delta": 2.663912}}
{"target": -21.321718698841487, "params": {"C": 61.281150599374676, "epsilon": 25.46686103861544, "gamma": 0.04466782272829037, "lamda": 0.3556600072832365}, "datetime": {"datetime": "2021-10-05 10:02:52", "elapsed": 561.988044, "delta": 1.995471}}
{"target": -12.276828681785139, "params": {"C": 85.42132631544162, "epsilon": 16.764463156543222, "gamma": 0.08640181098005942, "lamda": 0.07574267351029469}, "datetime": {"datetime": "2021-10-05 10:02:55", "elapsed": 565.167261, "delta": 3.179217}}
{"target": -23.93456748287388, "params": {"C": 53.769990770258325, "epsilon": 13.094355419127703, "gamma": 0.15322434449972275, "lamda": 0.27786866825347395}, "datetime": {"datetime": "2021-10-05 10:02:57", "elapsed": 567.122044, "delta": 1.954783}}
{"target": -64.52154855016931, "params": {"C": 42.936376230639084, "epsilon": 14.340865066267103, "gamma": 0.01936003694770704, "lamda": 0.7248806705136002}, "datetime": {"datetime": "2021-10-05 10:02:59", "elapsed": 568.933202, "delta": 1.811158}}
{"target": -70.82821370641818, "params": {"C": 52.73554330134319, "epsilon": 2.231939972919556, "gamma": 0.12830957141020535, "lamda": 0.6169191029370094}, "datetime": {"datetime": "2021-10-05 10:03:01", "elapsed": 570.868965, "delta": 1.935763}}
{"target": -13.453159350114351, "params": {"C": 65.12490771644678, "epsilon": 15.4397637622806, "gamma": 0.16304104806565414, "lamda": 0.08561080463734184}, "datetime": {"datetime": "2021-10-05 10:03:03", "elapsed": 572.741728, "delta": 1.872763}}
{"target": -19.380394726702946, "params": {"C": 65.8416550597961, "epsilon": 15.345427502649228, "gamma": 0.1470137225424476, "lamda": 0.2194761413797026}, "datetime": {"datetime": "2021-10-05 10:03:06", "elapsed": 575.657139, "delta": 2.915411}}
{"target": -29.126281074401533, "params": {"C": 65.32555085502935, "epsilon": 16.12153287644447, "gamma": 0.15096511598872506, "lamda": 0.3543541005009059}, "datetime": {"datetime": "2021-10-05 10:03:09", "elapsed": 579.091553, "delta": 3.434414}}
{"target": -13.668862090087783, "params": {"C": 57.13997980414672, "epsilon": 5.077037867649564, "gamma": 0.18868960692770442, "lamda": 0.08823772310866736}, "datetime": {"datetime": "2021-10-05 10:03:13", "elapsed": 582.708791, "delta": 3.617238}}
{"target": -69.09160983742872, "params": {"C": 58.060952252248505, "epsilon": 5.467891441730996, "gamma": 0.12674164769290358, "lamda": 0.7032444681469641}, "datetime": {"datetime": "2021-10-05 10:03:16", "elapsed": 586.18228, "delta": 3.473489}}
{"target": -31.30806899937893, "params": {"C": 65.37198400435085, "epsilon": 14.621314554979714, "gamma": 0.1841275273866575, "lamda": 0.3636130161500087}, "datetime": {"datetime": "2021-10-05 10:03:19", "elapsed": 589.046207, "delta": 2.863927}}
{"target": -47.00002178196168, "params": {"C": 68.24414940994133, "epsilon": 5.164794124209997, "gamma": 0.15130498907217665, "lamda": 0.43424444752924507}, "datetime": {"datetime": "2021-10-05 10:03:24", "elapsed": 593.51977, "delta": 4.473563}}
{"target": -62.94319551305186, "params": {"C": 20.567006939062054, "epsilon": 12.900068187601194, "gamma": 0.07246025550529832, "lamda": 0.7163273642841876}, "datetime": {"datetime": "2021-10-05 10:03:26", "elapsed": 595.557897, "delta": 2.038127}}
{"target": -16.106643821869575, "params": {"C": 11.167069830838445, "epsilon": 19.867979689718783, "gamma": 0.0005, "lamda": 0.0005}, "datetime": {"datetime": "2021-10-05 10:03:29", "elapsed": 598.258741, "delta": 2.700844}}
{"target": -14.722205237597738, "params": {"C": 20.97177420652052, "epsilon": 8.913708176079496, "gamma": 0.1870546062565351, "lamda": 0.11362518358474293}, "datetime": {"datetime": "2021-10-05 10:03:31", "elapsed": 600.290177, "delta": 2.031436}}
{"target": -10.914683311682536, "params": {"C": 39.679645537420704, "epsilon": 6.061040660901568, "gamma": 0.06408948855613014, "lamda": 0.00305763198851857}, "datetime": {"datetime": "2021-10-05 10:03:34", "elapsed": 603.850982, "delta": 3.560805}}
{"target": -91.03444403479625, "params": {"C": 46.752289838928, "epsilon": 10.001918089588486, "gamma": 0.0055661461633231876, "lamda": 0.7937822349161126}, "datetime": {"datetime": "2021-10-05 10:03:36", "elapsed": 605.767438, "delta": 1.916456}}
{"target": -49.898556697771305, "params": {"C": 20.63475100221372, "epsilon": 9.534355462279368, "gamma": 0.04206137909179189, "lamda": 0.4269258370993214}, "datetime": {"datetime": "2021-10-05 10:03:40", "elapsed": 609.227377, "delta": 3.459939}}
{"target": -35.59052809384046, "params": {"C": 21.618620742254997, "epsilon": 8.551830766088726, "gamma": 0.023765432358631697, "lamda": 0.32746404975882204}, "datetime": {"datetime": "2021-10-05 10:03:43", "elapsed": 612.930354, "delta": 3.702977}}
{"target": -12.69797947599792, "params": {"C": 16.960160038883252, "epsilon": 6.35470475638229, "gamma": 0.19757484514358364, "lamda": 0.02380946518992643}, "datetime": {"datetime": "2021-10-05 10:03:47", "elapsed": 616.642338, "delta": 3.711984}}
{"target": -68.80146988613835, "params": {"C": 17.31130317931137, "epsilon": 6.09861961759317, "gamma": 0.011610307328782583, "lamda": 0.587994216658157}, "datetime": {"datetime": "2021-10-05 10:03:52", "elapsed": 621.292451, "delta": 4.650113}}
{"target": -34.1964915789111, "params": {"C": 48.48409476744513, "epsilon": 8.10166629589073, "gamma": 0.10188524468830808, "lamda": 0.35231719928299066}, "datetime": {"datetime": "2021-10-05 10:03:54", "elapsed": 623.343334, "delta": 2.050883}}
{"target": -13.197267307501722, "params": {"C": 16.650285496843154, "epsilon": 6.952089709318632, "gamma": 0.2, "lamda": 0.0005}, "datetime": {"datetime": "2021-10-05 10:03:57", "elapsed": 626.991139, "delta": 3.647805}}
{"target": -19.003110858579237, "params": {"C": 32.94599319216478, "epsilon": 26.1450868883774, "gamma": 0.1752224969076288, "lamda": 0.27675127329702665}, "datetime": {"datetime": "2021-10-05 10:03:59", "elapsed": 629.095458, "delta": 2.104319}}
{"target": -10.837752492039739, "params": {"C": 41.305727703747806, "epsilon": 8.965924383208831, "gamma": 0.08941545260688394, "lamda": 0.012377909216316757}, "datetime": {"datetime": "2021-10-05 10:04:01", "elapsed": 631.037456, "delta": 1.941998}}
{"target": -11.506267599857582, "params": {"C": 39.70482476658424, "epsilon": 5.284631740406664, "gamma": 0.09102027702340557, "lamda": 0.05358332465832701}, "datetime": {"datetime": "2021-10-05 10:04:05", "elapsed": 634.370221, "delta": 3.332765}}
{"target": -43.05778635432102, "params": {"C": 39.012410742970644, "epsilon": 5.334801692119729, "gamma": 0.006936321094498581, "lamda": 0.3472747116909679}, "datetime": {"datetime": "2021-10-05 10:04:10", "elapsed": 640.003129, "delta": 5.632908}}
{"target": -29.6671163969079, "params": {"C": 40.26496306373797, "epsilon": 4.943760787430868, "gamma": 0.08887193981656769, "lamda": 0.30362132028812006}, "datetime": {"datetime": "2021-10-05 10:04:15", "elapsed": 644.894944, "delta": 4.891815}}
{"target": -36.91282895287771, "params": {"C": 74.17382635564957, "epsilon": 29.448623849699437, "gamma": 0.05649900759703312, "lamda": 0.7153291735145586}, "datetime": {"datetime": "2021-10-05 10:04:17", "elapsed": 647.171393, "delta": 2.276449}}
{"target": -65.4195131576965, "params": {"C": 93.7148652357626, "epsilon": 10.674959502967914, "gamma": 0.0005, "lamda": 0.680904115278054}, "datetime": {"datetime": "2021-10-05 10:04:20", "elapsed": 649.880674, "delta": 2.709281}}
{"target": -12.73021734603233, "params": {"C": 96.91914612608774, "epsilon": 27.560498021664415, "gamma": 0.06316237551050115, "lamda": 0.11041059104895927}, "datetime": {"datetime": "2021-10-05 10:04:24", "elapsed": 653.841199, "delta": 3.960525}}
{"target": -45.57350811286507, "params": {"C": 29.239768221105056, "epsilon": 6.369250451384021, "gamma": 0.17855933261458928, "lamda": 0.4340560400850642}, "datetime": {"datetime": "2021-10-05 10:04:26", "elapsed": 655.840665, "delta": 1.999466}}
{"target": -11.874356585912352, "params": {"C": 60.80387127487739, "epsilon": 7.233723149253639, "gamma": 0.11681589901025301, "lamda": 0.013503573088762063}, "datetime": {"datetime": "2021-10-05 10:04:28", "elapsed": 657.910199, "delta": 2.069534}}
{"target": -42.26687498872143, "params": {"C": 22.581008021014952, "epsilon": 22.409573267263085, "gamma": 0.008644949942369027, "lamda": 0.6105240120805592}, "datetime": {"datetime": "2021-10-05 10:04:31", "elapsed": 660.191302, "delta": 2.281103}}
{"target": -10.402828447566426, "params": {"C": 37.31523709296787, "epsilon": 7.156341472901803, "gamma": 0.06989500241007061, "lamda": 0.011842599498024825}, "datetime": {"datetime": "2021-10-05 10:04:35", "elapsed": 664.381335, "delta": 4.190033}}
{"target": -62.00765913984632, "params": {"C": 37.014371609937974, "epsilon": 7.246982392789015, "gamma": 0.0605273715210717, "lamda": 0.5265075432505879}, "datetime": {"datetime": "2021-10-05 10:04:39", "elapsed": 668.837035, "delta": 4.4557}}
{"target": -33.11162511010847, "params": {"C": 90.29994793493586, "epsilon": 22.059860836302622, "gamma": 0.15685494182516566, "lamda": 0.467916844097915}, "datetime": {"datetime": "2021-10-05 10:04:41", "elapsed": 670.859994, "delta": 2.022959}}
{"target": -41.82015953300996, "params": {"C": 97.549852729108, "epsilon": 27.77910196330559, "gamma": 0.19358453684145618, "lamda": 0.7879139100604053}, "datetime": {"datetime": "2021-10-05 10:04:45", "elapsed": 675.067652, "delta": 4.207658}}
{"target": -13.886711372646744, "params": {"C": 61.314182583722165, "epsilon": 7.668667062272379, "gamma": 0.19914450676983833, "lamda": 0.0005}, "datetime": {"datetime": "2021-10-05 10:04:50", "elapsed": 680.124486, "delta": 5.056834}}
{"target": -11.912328609047448, "params": {"C": 60.730546992403106, "epsilon": 7.854785660058952, "gamma": 0.07790824570518459, "lamda": 0.0695303632785481}, "datetime": {"datetime": "2021-10-05 10:04:54", "elapsed": 683.577106, "delta": 3.45262}}
{"target": -19.82379891215918, "params": {"C": 71.05858632190886, "epsilon": 8.689384843702467, "gamma": 0.10668479838143256, "lamda": 0.21712069683894092}, "datetime": {"datetime": "2021-10-05 10:04:56", "elapsed": 685.816333, "delta": 2.239227}}
{"target": -16.934369896076255, "params": {"C": 29.328207523850736, "epsilon": 15.323322506257183, "gamma": 0.02765964903269405, "lamda": 0.19841105106258408}, "datetime": {"datetime": "2021-10-05 10:04:58", "elapsed": 687.986897, "delta": 2.170564}}
{"target": -30.635295514690085, "params": {"C": 54.55619055642336, "epsilon": 27.28360910453793, "gamma": 0.15975751940567903, "lamda": 0.5506076470127382}, "datetime": {"datetime": "2021-10-05 10:05:00", "elapsed": 690.122636, "delta": 2.135739}}
{"target": -77.03467240696337, "params": {"C": 61.09072153941259, "epsilon": 7.6147516784918325, "gamma": 0.05491337330317807, "lamda": 0.690644914357865}, "datetime": {"datetime": "2021-10-05 10:05:04", "elapsed": 693.685927, "delta": 3.563291}}
{"target": -11.802776828236828, "params": {"C": 38.05962267303945, "epsilon": 7.144332987564735, "gamma": 0.012384878496287504, "lamda": 0.027909079738469778}, "datetime": {"datetime": "2021-10-05 10:05:08", "elapsed": 698.150442, "delta": 4.464515}}
{"target": -12.598194787284744, "params": {"C": 96.59741781717716, "epsilon": 28.127941258199712, "gamma": 0.15210312264977238, "lamda": 0.07101638143259692}, "datetime": {"datetime": "2021-10-05 10:05:13", "elapsed": 702.347518, "delta": 4.197076}}
{"target": -15.589831765642176, "params": {"C": 95.9863136824761, "epsilon": 27.570623119933316, "gamma": 0.09735718343681922, "lamda": 0.21601882990287136}, "datetime": {"datetime": "2021-10-05 10:05:16", "elapsed": 705.383558, "delta": 3.03604}}
{"target": -37.81829409673425, "params": {"C": 96.54717892866641, "epsilon": 27.62047865672694, "gamma": 0.010274040901335234, "lamda": 0.6666896262615136}, "datetime": {"datetime": "2021-10-05 10:05:20", "elapsed": 709.350946, "delta": 3.967388}}
{"target": -45.55734984285304, "params": {"C": 18.250428195786856, "epsilon": 15.372498856718176, "gamma": 0.06208880816983662, "lamda": 0.4713765525113124}, "datetime": {"datetime": "2021-10-05 10:05:23", "elapsed": 712.529113, "delta": 3.178167}}
{"target": -15.04776939554299, "params": {"C": 20.925787794428302, "epsilon": 27.13194416153851, "gamma": 0.09667299790397758, "lamda": 0.19752186336392735}, "datetime": {"datetime": "2021-10-05 10:05:25", "elapsed": 714.757674, "delta": 2.228561}}
{"target": -14.000942914375743, "params": {"C": 70.80002194653969, "epsilon": 9.22037137568342, "gamma": 0.2, "lamda": 0.0005}, "datetime": {"datetime": "2021-10-05 10:05:29", "elapsed": 718.952424, "delta": 4.19475}}
{"target": -10.927304743549678, "params": {"C": 59.147219040059504, "epsilon": 8.087482867319407, "gamma": 0.058147931857031605, "lamda": 0.036986883487127274}, "datetime": {"datetime": "2021-10-05 10:05:33", "elapsed": 722.210592, "delta": 3.258168}}
{"target": -11.908752794740892, "params": {"C": 7.928819915560223, "epsilon": 19.874438175379286, "gamma": 0.11931800809853352, "lamda": 0.05983993319800357}, "datetime": {"datetime": "2021-10-05 10:05:35", "elapsed": 724.516014, "delta": 2.305422}}
{"target": -13.615352971892868, "params": {"C": 60.20941302922383, "epsilon": 8.500879538900886, "gamma": 0.09434008877058223, "lamda": 0.11223095836335421}, "datetime": {"datetime": "2021-10-05 10:05:38", "elapsed": 727.468516, "delta": 2.952502}}
{"target": -10.902307789456037, "params": {"C": 60.00562982639048, "epsilon": 7.580565430647931, "gamma": 0.02427120040187971, "lamda": 0.0021254590862666554}, "datetime": {"datetime": "2021-10-05 10:05:41", "elapsed": 731.174378, "delta": 3.705862}}
{"target": -41.20104375069214, "params": {"C": 76.54831634789844, "epsilon": 21.711705142700733, "gamma": 0.17450720927911045, "lamda": 0.622209279051207}, "datetime": {"datetime": "2021-10-05 10:05:44", "elapsed": 733.36767, "delta": 2.193292}}
{"target": -15.67365599719161, "params": {"C": 59.832877079358724, "epsilon": 7.998173955741741, "gamma": 0.16742009214679207, "lamda": 0.14113724706254413}, "datetime": {"datetime": "2021-10-05 10:05:47", "elapsed": 736.985609, "delta": 3.617939}}
{"target": -14.011489912795128, "params": {"C": 71.47540830570917, "epsilon": 9.181490403590214, "gamma": 0.2, "lamda": 0.0005}, "datetime": {"datetime": "2021-10-05 10:05:51", "elapsed": 740.580583, "delta": 3.594974}}
{"target": -13.006202524009183, "params": {"C": 18.441474274968364, "epsilon": 16.35819118749992, "gamma": 0.2, "lamda": 0.0005}, "datetime": {"datetime": "2021-10-05 10:05:55", "elapsed": 744.19042, "delta": 3.609837}}
{"target": -63.91427847219552, "params": {"C": 59.50255619548948, "epsilon": 8.540921235655123, "gamma": 0.08798246993240302, "lamda": 0.560503885948574}, "datetime": {"datetime": "2021-10-05 10:05:58", "elapsed": 747.830641, "delta": 3.640221}}
{"target": -54.689190648201034, "params": {"C": 8.101472376426038, "epsilon": 19.559209559962547, "gamma": 0.013591257213228852, "lamda": 0.6895172387626268}, "datetime": {"datetime": "2021-10-05 10:06:02", "elapsed": 751.55122, "delta": 3.720579}}
{"target": -11.774566668601407, "params": {"C": 60.88705800960839, "epsilon": 8.564992889643406, "gamma": 0.12175955715145595, "lamda": 0.03131335309100075}, "datetime": {"datetime": "2021-10-05 10:06:05", "elapsed": 754.833819, "delta": 3.282599}}
{"target": -13.384772120445696, "params": {"C": 39.72397854306715, "epsilon": 7.128729530883348, "gamma": 0.1830301785300338, "lamda": 0.002702076379123919}, "datetime": {"datetime": "2021-10-05 10:06:09", "elapsed": 759.052726, "delta": 4.218907}}
{"target": -11.764544192551412, "params": {"C": 96.00969601469367, "epsilon": 28.64178951943631, "gamma": 0.11320893904469959, "lamda": 0.05081594627660724}, "datetime": {"datetime": "2021-10-05 10:06:13", "elapsed": 762.4757, "delta": 3.422974}}
{"target": -14.31252411852158, "params": {"C": 59.35894998015718, "epsilon": 7.627518428262558, "gamma": 0.007754878800772804, "lamda": 0.08175037501650106}, "datetime": {"datetime": "2021-10-05 10:06:17", "elapsed": 766.342872, "delta": 3.867172}}
{"target": -23.346478894458784, "params": {"C": 95.64238479488534, "epsilon": 28.22980073372873, "gamma": 0.09584900550043991, "lamda": 0.426143216726151}, "datetime": {"datetime": "2021-10-05 10:06:21", "elapsed": 770.239358, "delta": 3.896486}}
{"target": -16.866894238317148, "params": {"C": 7.411763220195204, "epsilon": 20.290154021422516, "gamma": 0.10707663112606648, "lamda": 0.21569255518416836}, "datetime": {"datetime": "2021-10-05 10:06:25", "elapsed": 774.722955, "delta": 4.483597}}
{"target": -47.8497009497559, "params": {"C": 54.90020806984094, "epsilon": 6.823394422634092, "gamma": 0.03344634749267117, "lamda": 0.40481524286139}, "datetime": {"datetime": "2021-10-05 10:06:27", "elapsed": 776.83789, "delta": 2.114935}}
{"target": -34.515663860630674, "params": {"C": 96.58146416270841, "epsilon": 28.897556776017325, "gamma": 0.014918166685781631, "lamda": 0.6380208612812194}, "datetime": {"datetime": "2021-10-05 10:06:30", "elapsed": 779.817997, "delta": 2.980107}}
{"target": -13.94730482594352, "params": {"C": 54.408480127337825, "epsilon": 1.0, "gamma": 0.2, "lamda": 0.0005}, "datetime": {"datetime": "2021-10-05 10:06:33", "elapsed": 782.80288, "delta": 2.984883}}
{"target": -20.2305110741733, "params": {"C": 61.02452751115464, "epsilon": 9.213897981787001, "gamma": 0.1278365051012768, "lamda": 0.21843480441181237}, "datetime": {"datetime": "2021-10-05 10:06:37", "elapsed": 786.229858, "delta": 3.426978}}
{"target": -13.17485720037359, "params": {"C": 16.388342025087958, "epsilon": 7.667517168251854, "gamma": 0.2, "lamda": 0.0005}, "datetime": {"datetime": "2021-10-05 10:06:40", "elapsed": 789.930658, "delta": 3.7008}}
