{"target": -10.98519235898386, "params": {"C": 78.44451309011329, "epsilon": 23.911401068562107, "gamma": 0.038061823171216196, "lamda": 0.06228294496150228}, "datetime": {"datetime": "2021-10-05 12:02:41", "elapsed": 1457.994185, "delta": 6.505374}}
{"target": -40.413698863096435, "params": {"C": 78.5326932411703, "epsilon": 24.779702050972226, "gamma": 0.09486318267258778, "lamda": 0.6872652928129623}, "datetime": {"datetime": "2021-10-05 12:02:48", "elapsed": 1465.222483, "delta": 7.228298}}
{"target": -18.04565985088698, "params": {"C": 78.53069018626694, "epsilon": 23.351871334881274, "gamma": 0.14837664246547175, "lamda": 0.19888258663673142}, "datetime": {"datetime": "2021-10-05 12:02:53", "elapsed": 1469.867605, "delta": 4.645122}}
{"target": -10.827076431067969, "params": {"C": 77.7303755867838, "epsilon": 23.872905844272925, "gamma": 0.051455670197641495, "lamda": 0.02446419868389163}, "datetime": {"datetime": "2021-10-05 12:02:59", "elapsed": 1475.738363, "delta": 5.870758}}
{"target": -12.94699293169963, "params": {"C": 77.60324234862132, "epsilon": 23.15455845631019, "gamma": 0.0005, "lamda": 0.0005}, "datetime": {"datetime": "2021-10-05 12:03:04", "elapsed": 1481.037976, "delta": 5.299613}}
{"target": -35.18251394342683, "params": {"C": 77.19175990365441, "epsilon": 23.23213213827054, "gamma": 0.10710736719344127, "lamda": 0.5727307323775326}, "datetime": {"datetime": "2021-10-05 12:03:11", "elapsed": 1487.665609, "delta": 6.627633}}
{"target": -13.601641703487275, "params": {"C": 47.18857341965104, "epsilon": 26.426146092519787, "gamma": 0.15249014049693166, "lamda": 0.04012753555977233}, "datetime": {"datetime": "2021-10-05 12:03:15", "elapsed": 1492.060126, "delta": 4.394517}}
{"target": -14.894059665458254, "params": {"C": 90.15286886137336, "epsilon": 23.044793103338563, "gamma": 0.18671296286817668, "lamda": 0.0706043054140276}, "datetime": {"datetime": "2021-10-05 12:03:21", "elapsed": 1497.82116, "delta": 5.761034}}
{"target": -37.71763692591207, "params": {"C": 90.81065437699854, "epsilon": 23.355678613549962, "gamma": 0.004140456020843851, "lamda": 0.577776960458966}, "datetime": {"datetime": "2021-10-05 12:03:27", "elapsed": 1503.975673, "delta": 6.154513}}
{"target": -13.262648884920047, "params": {"C": 46.07021527797932, "epsilon": 29.873179861353723, "gamma": 0.0005, "lamda": 0.0005}, "datetime": {"datetime": "2021-10-05 12:03:34", "elapsed": 1510.981354, "delta": 7.005681}}
{"target": -35.046870324278835, "params": {"C": 46.32796897503974, "epsilon": 29.932956178328833, "gamma": 0.16114835543004472, "lamda": 0.7179553325590448}, "datetime": {"datetime": "2021-10-05 12:03:41", "elapsed": 1517.612036, "delta": 6.630682}}
{"target": -16.099067647087107, "params": {"C": 77.61042883070627, "epsilon": 18.447993635182048, "gamma": 0.12236874497296432, "lamda": 0.15624798404930373}, "datetime": {"datetime": "2021-10-05 12:03:47", "elapsed": 1523.589095, "delta": 5.977059}}
{"target": -23.154114916552, "params": {"C": 89.38333892204692, "epsilon": 22.930751264789485, "gamma": 0.15712635582784723, "lamda": 0.308482091996478}, "datetime": {"datetime": "2021-10-05 12:03:52", "elapsed": 1528.798205, "delta": 5.20911}}
{"target": -10.864806587050136, "params": {"C": 13.365643352732956, "epsilon": 15.556079039603018, "gamma": 0.052001744460220586, "lamda": 0.039526628017936646}, "datetime": {"datetime": "2021-10-05 12:03:58", "elapsed": 1534.90708, "delta": 6.108875}}
{"target": -41.38348821438214, "params": {"C": 13.162581370304812, "epsilon": 16.085880989308457, "gamma": 0.032159130193000714, "lamda": 0.46827191405362095}, "datetime": {"datetime": "2021-10-05 12:04:04", "elapsed": 1540.306491, "delta": 5.399411}}
{"target": -14.269574855842745, "params": {"C": 13.88678928313577, "epsilon": 15.113170730811978, "gamma": 0.11968834732506352, "lamda": 0.10182994001245839}, "datetime": {"datetime": "2021-10-05 12:04:11", "elapsed": 1547.487469, "delta": 7.180978}}
{"target": -14.00583919199325, "params": {"C": 13.20524309221145, "epsilon": 14.952178786874072, "gamma": 0.0005, "lamda": 0.0005}, "datetime": {"datetime": "2021-10-05 12:04:16", "elapsed": 1552.817566, "delta": 5.330097}}
{"target": -10.708534072858951, "params": {"C": 14.584217106706848, "epsilon": 15.815765885017626, "gamma": 0.04168758111185208, "lamda": 0.04331428301480666}, "datetime": {"datetime": "2021-10-05 12:04:22", "elapsed": 1558.932505, "delta": 6.114939}}
{"target": -40.723645568729935, "params": {"C": 14.68511339968994, "epsilon": 16.33031672449134, "gamma": 0.18918270078952001, "lamda": 0.49925464570601663}, "datetime": {"datetime": "2021-10-05 12:04:28", "elapsed": 1564.254002, "delta": 5.321497}}
{"target": -10.498618337641773, "params": {"C": 14.055987532741497, "epsilon": 15.718612959204558, "gamma": 0.010517526981137218, "lamda": 0.002194680974207895}, "datetime": {"datetime": "2021-10-05 12:04:35", "elapsed": 1572.046374, "delta": 7.792372}}
{"target": -30.20517217514655, "params": {"C": 14.537327524650879, "epsilon": 15.366405682629237, "gamma": 0.07340023663780351, "lamda": 0.3672810401845641}, "datetime": {"datetime": "2021-10-05 12:04:43", "elapsed": 1579.651773, "delta": 7.605399}}
{"target": -10.792831817814658, "params": {"C": 45.35394060052235, "epsilon": 26.345829262754293, "gamma": 0.0583104775188886, "lamda": 0.009975948311604301}, "datetime": {"datetime": "2021-10-05 12:04:51", "elapsed": 1587.303314, "delta": 7.651541}}
{"target": -12.897512604800173, "params": {"C": 77.39104493832781, "epsilon": 27.99717544243003, "gamma": 0.0005, "lamda": 0.0005}, "datetime": {"datetime": "2021-10-05 12:04:57", "elapsed": 1593.414345, "delta": 6.111031}}
{"target": -11.296649366581661, "params": {"C": 76.5449553322101, "epsilon": 27.66513958836467, "gamma": 0.03108450555653318, "lamda": 0.07402590107549696}, "datetime": {"datetime": "2021-10-05 12:05:01", "elapsed": 1597.984841, "delta": 4.570496}}
{"target": -33.03433813534484, "params": {"C": 76.7602773357185, "epsilon": 27.97065178154545, "gamma": 0.004002304241620023, "lamda": 0.6336177175805537}, "datetime": {"datetime": "2021-10-05 12:05:09", "elapsed": 1605.244183, "delta": 7.259342}}
{"target": -12.90649425315886, "params": {"C": 76.56794509810067, "epsilon": 27.016623300011634, "gamma": 0.0005, "lamda": 0.0005}, "datetime": {"datetime": "2021-10-05 12:05:14", "elapsed": 1610.609193, "delta": 5.36501}}
{"target": -13.116170906228437, "params": {"C": 25.88586580511194, "epsilon": 10.93564498215157, "gamma": 0.13084718527331046, "lamda": 0.015017968591713197}, "datetime": {"datetime": "2021-10-05 12:05:21", "elapsed": 1617.319449, "delta": 6.710256}}
{"target": -16.50589608759768, "params": {"C": 75.93735216073205, "epsilon": 27.37883435204574, "gamma": 0.2, "lamda": 0.0005}, "datetime": {"datetime": "2021-10-05 12:05:28", "elapsed": 1625.139076, "delta": 7.819627}}
{"target": -14.387074507966599, "params": {"C": 8.93750075333997, "epsilon": 11.59021670186678, "gamma": 0.17264482278138338, "lamda": 0.015032711273939412}, "datetime": {"datetime": "2021-10-05 12:05:34", "elapsed": 1630.454594, "delta": 5.315518}}
{"target": -12.806571379323223, "params": {"C": 4.75493091794982, "epsilon": 18.525236430454665, "gamma": 0.05797840183246877, "lamda": 0.13012980386333972}, "datetime": {"datetime": "2021-10-05 12:05:43", "elapsed": 1639.882997, "delta": 9.428403}}
{"target": -27.448918903790382, "params": {"C": 76.19795224114738, "epsilon": 26.43710110429832, "gamma": 0.17319594468539448, "lamda": 0.4224407991830825}, "datetime": {"datetime": "2021-10-05 12:05:48", "elapsed": 1645.206911, "delta": 5.323914}}
{"target": -13.3695833851082, "params": {"C": 43.73550370727892, "epsilon": 18.602147215723477, "gamma": 0.0005, "lamda": 0.0005}, "datetime": {"datetime": "2021-10-05 12:05:56", "elapsed": 1652.681914, "delta": 7.475003}}
{"target": -11.014073801952913, "params": {"C": 49.50873006421624, "epsilon": 13.502107601579135, "gamma": 0.050480909578325434, "lamda": 0.033471336887196064}, "datetime": {"datetime": "2021-10-05 12:06:04", "elapsed": 1661.049126, "delta": 8.367212}}
{"target": -42.27033968471448, "params": {"C": 49.9025916238602, "epsilon": 13.066078587172077, "gamma": 0.14119300655957603, "lamda": 0.49527162978312417}, "datetime": {"datetime": "2021-10-05 12:06:10", "elapsed": 1667.185923, "delta": 6.136797}}
{"target": -18.283367151221192, "params": {"C": 49.15458462502157, "epsilon": 14.126948965735485, "gamma": 0.060709939599305485, "lamda": 0.22954802335934454}, "datetime": {"datetime": "2021-10-05 12:06:15", "elapsed": 1671.464436, "delta": 4.278513}}
{"target": -14.638690712519479, "params": {"C": 48.9693047398861, "epsilon": 13.05459197988605, "gamma": 0.13198057874074223, "lamda": 0.0008177826710370139}, "datetime": {"datetime": "2021-10-05 12:06:20", "elapsed": 1676.493914, "delta": 5.029478}}
{"target": -14.463945422792367, "params": {"C": 79.65971129612024, "epsilon": 23.064193710327483, "gamma": 0.18493592920232615, "lamda": 0.02349625336849862}, "datetime": {"datetime": "2021-10-05 12:06:25", "elapsed": 1681.393194, "delta": 4.89928}}
{"target": -10.632693100241712, "params": {"C": 79.16847324292951, "epsilon": 23.973590971252314, "gamma": 0.04695497240175086, "lamda": 0.012244472956726357}, "datetime": {"datetime": "2021-10-05 12:06:30", "elapsed": 1687.062471, "delta": 5.669277}}
{"target": -18.16356205396127, "params": {"C": 79.71914778192674, "epsilon": 23.686941179560637, "gamma": 0.18076321578763457, "lamda": 0.18062132743588974}, "datetime": {"datetime": "2021-10-05 12:06:35", "elapsed": 1691.903489, "delta": 4.841018}}
{"target": -15.77907346815631, "params": {"C": 3.124099611186246, "epsilon": 16.529199719414958, "gamma": 0.0005, "lamda": 0.0005}, "datetime": {"datetime": "2021-10-05 12:06:41", "elapsed": 1697.914437, "delta": 6.010948}}
{"target": -15.265247522724898, "params": {"C": 3.1288785863062385, "epsilon": 15.550209099572914, "gamma": 0.2, "lamda": 0.0005}, "datetime": {"datetime": "2021-10-05 12:06:48", "elapsed": 1705.202331, "delta": 7.287894}}
{"target": -16.02990235264104, "params": {"C": 37.65061457658088, "epsilon": 30.0, "gamma": 0.2, "lamda": 0.0005}, "datetime": {"datetime": "2021-10-05 12:07:00", "elapsed": 1716.279018, "delta": 11.076687}}
{"target": -15.847840820195595, "params": {"C": 3.2060468232383728, "epsilon": 14.172031840351075, "gamma": 0.0005, "lamda": 0.0005}, "datetime": {"datetime": "2021-10-05 12:07:12", "elapsed": 1729.036747, "delta": 12.757729}}
{"target": -79.01420602152703, "params": {"C": 3.5209297649220153, "epsilon": 15.442314705983955, "gamma": 0.01989529311637565, "lamda": 0.7887422065720756}, "datetime": {"datetime": "2021-10-05 12:07:18", "elapsed": 1735.155856, "delta": 6.119109}}
{"target": -13.57863438348954, "params": {"C": 48.49971061505432, "epsilon": 13.62614071582517, "gamma": 0.0005, "lamda": 0.0005}, "datetime": {"datetime": "2021-10-05 12:07:24", "elapsed": 1741.016803, "delta": 5.860947}}
{"target": -13.831915986727155, "params": {"C": 27.606520613223196, "epsilon": 12.005127419480644, "gamma": 0.0011856173296407955, "lamda": 0.031159785351450843}, "datetime": {"datetime": "2021-10-05 12:07:31", "elapsed": 1747.827654, "delta": 6.810851}}
{"target": -11.707780819643803, "params": {"C": 19.91310079387495, "epsilon": 23.295199713766806, "gamma": 0.09258076992727164, "lamda": 0.030569879864257094}, "datetime": {"datetime": "2021-10-05 12:07:38", "elapsed": 1755.019619, "delta": 7.191965}}
{"target": -17.152910622548255, "params": {"C": 2.4130414182941555, "epsilon": 13.029041098889904, "gamma": 0.034531677869757936, "lamda": 0.21543089244508515}, "datetime": {"datetime": "2021-10-05 12:07:46", "elapsed": 1762.832691, "delta": 7.813072}}
{"target": -14.784805725759492, "params": {"C": 3.7820806929068893, "epsilon": 12.934740490956933, "gamma": 0.17733421392057624, "lamda": 0.014233688999964867}, "datetime": {"datetime": "2021-10-05 12:07:54", "elapsed": 1770.899334, "delta": 8.066643}}
{"target": -57.16295260762754, "params": {"C": 3.011916026316477, "epsilon": 13.335457376177553, "gamma": 0.003345006773878996, "lamda": 0.5731039894095237}, "datetime": {"datetime": "2021-10-05 12:08:00", "elapsed": 1776.833598, "delta": 5.934264}}
{"target": -19.479445568215915, "params": {"C": 1.5692946055853265, "epsilon": 12.813565657534522, "gamma": 0.07463557668027611, "lamda": 0.19603552692027226}, "datetime": {"datetime": "2021-10-05 12:08:08", "elapsed": 1784.420321, "delta": 7.586723}}
{"target": -13.614829502867456, "params": {"C": 48.13173369523387, "epsilon": 12.9388434835518, "gamma": 0.0005, "lamda": 0.0005}, "datetime": {"datetime": "2021-10-05 12:08:17", "elapsed": 1793.552382, "delta": 9.132061}}
{"target": -12.942823377056293, "params": {"C": 79.78824574739916, "epsilon": 22.349460870913628, "gamma": 0.0005, "lamda": 0.0005}, "datetime": {"datetime": "2021-10-05 12:08:25", "elapsed": 1801.87659, "delta": 8.324208}}
{"target": -20.9338624790694, "params": {"C": 47.71371017206383, "epsilon": 13.497201124236762, "gamma": 0.003880579242230921, "lamda": 0.25670567252197735}, "datetime": {"datetime": "2021-10-05 12:08:32", "elapsed": 1808.823754, "delta": 6.947164}}
{"target": -16.578980982654393, "params": {"C": 48.44695513651305, "epsilon": 12.240871473868554, "gamma": 0.2, "lamda": 0.0005}, "datetime": {"datetime": "2021-10-05 12:08:41", "elapsed": 1817.39197, "delta": 8.568216}}
{"target": -37.7952188284884, "params": {"C": 79.8138174093422, "epsilon": 22.573279570604363, "gamma": 0.05819746356403709, "lamda": 0.591343994351933}, "datetime": {"datetime": "2021-10-05 12:08:47", "elapsed": 1823.292952, "delta": 5.900982}}
{"target": -13.279928151337431, "params": {"C": 28.30532248487423, "epsilon": 13.835224534524526, "gamma": 0.1365588811198628, "lamda": 0.012850291918217863}, "datetime": {"datetime": "2021-10-05 12:08:55", "elapsed": 1832.160303, "delta": 8.867351}}
{"target": -73.24933877521428, "params": {"C": 48.76589495269433, "epsilon": 13.411115038728592, "gamma": 0.06487197734522257, "lamda": 0.7803546679783601}, "datetime": {"datetime": "2021-10-05 12:09:01", "elapsed": 1837.74803, "delta": 5.587727}}
{"target": -11.54077353343754, "params": {"C": 49.88279560533338, "epsilon": 14.16855178916719, "gamma": 0.0782508963584329, "lamda": 0.007849402628959406}, "datetime": {"datetime": "2021-10-05 12:09:08", "elapsed": 1844.7561, "delta": 7.00807}}
{"target": -15.428449896502471, "params": {"C": 4.321029210629816, "epsilon": 12.420961019494115, "gamma": 0.2, "lamda": 0.0005}, "datetime": {"datetime": "2021-10-05 12:09:17", "elapsed": 1853.300102, "delta": 8.544002}}
{"target": -53.572135447604964, "params": {"C": 17.79025642750412, "epsilon": 21.622586902279306, "gamma": 0.1677117693203457, "lamda": 0.7776996658682629}, "datetime": {"datetime": "2021-10-05 12:09:24", "elapsed": 1860.690035, "delta": 7.389933}}
{"target": -10.869389828890379, "params": {"C": 47.58253112328128, "epsilon": 12.381040733391302, "gamma": 0.037770937908179904, "lamda": 0.0005}, "datetime": {"datetime": "2021-10-05 12:09:31", "elapsed": 1867.870791, "delta": 7.180756}}
{"target": -50.46533171391013, "params": {"C": 47.84840666539747, "epsilon": 11.78516330393656, "gamma": 0.06592300184936853, "lamda": 0.5290087598488067}, "datetime": {"datetime": "2021-10-05 12:09:41", "elapsed": 1877.585614, "delta": 9.714823}}
{"target": -12.984096348461073, "params": {"C": 46.788469280467496, "epsilon": 13.01067054574554, "gamma": 0.05430383304612349, "lamda": 0.12584831745582806}, "datetime": {"datetime": "2021-10-05 12:09:46", "elapsed": 1883.175658, "delta": 5.590044}}
{"target": -30.265745108125046, "params": {"C": 47.04867418892003, "epsilon": 12.576633845217312, "gamma": 0.18071448884906838, "lamda": 0.32025983090884075}, "datetime": {"datetime": "2021-10-05 12:09:53", "elapsed": 1890.156008, "delta": 6.98035}}
{"target": -37.69558225919243, "params": {"C": 47.27060677715765, "epsilon": 27.142797858143183, "gamma": 0.1816792808546482, "lamda": 0.7010583043128257}, "datetime": {"datetime": "2021-10-05 12:10:02", "elapsed": 1898.307164, "delta": 8.151156}}
{"target": -16.49250582146256, "params": {"C": 79.7422153575549, "epsilon": 28.955545131213757, "gamma": 0.2, "lamda": 0.0005}, "datetime": {"datetime": "2021-10-05 12:10:07", "elapsed": 1904.140625, "delta": 5.833461}}
{"target": -11.537137121762912, "params": {"C": 42.95170028946435, "epsilon": 26.2611500035253, "gamma": 0.06645573769075673, "lamda": 0.05380766636507162}, "datetime": {"datetime": "2021-10-05 12:10:16", "elapsed": 1912.328452, "delta": 8.187827}}
{"target": -12.516632947348958, "params": {"C": 46.70914314630302, "epsilon": 13.835762271167404, "gamma": 0.09531468116446676, "lamda": 0.07005049282343291}, "datetime": {"datetime": "2021-10-05 12:10:21", "elapsed": 1917.633625, "delta": 5.305173}}
{"target": -22.732746486067914, "params": {"C": 46.034364033798845, "epsilon": 13.284136924029298, "gamma": 0.010054835290473702, "lamda": 0.3085628719122549}, "datetime": {"datetime": "2021-10-05 12:10:29", "elapsed": 1925.857964, "delta": 8.224339}}
{"target": -11.187177380751594, "params": {"C": 4.654185511532971, "epsilon": 13.240382160662266, "gamma": 0.07803931056240584, "lamda": 0.008515429216387637}, "datetime": {"datetime": "2021-10-05 12:10:36", "elapsed": 1933.004586, "delta": 7.146622}}
{"target": -51.252124209894276, "params": {"C": 4.601302053366565, "epsilon": 12.741583001208753, "gamma": 0.14311206120043174, "lamda": 0.5949152812293326}, "datetime": {"datetime": "2021-10-05 12:10:44", "elapsed": 1941.125467, "delta": 8.120881}}
{"target": -14.677671898577213, "params": {"C": 4.1034968534422545, "epsilon": 13.969384098402369, "gamma": 0.17197579040144073, "lamda": 0.046989852917846714}, "datetime": {"datetime": "2021-10-05 12:10:53", "elapsed": 1949.238872, "delta": 8.113405}}
{"target": -37.35471044743955, "params": {"C": 19.612029786647025, "epsilon": 23.381426011462967, "gamma": 0.030758656224649957, "lamda": 0.5501297595608179}, "datetime": {"datetime": "2021-10-05 12:11:00", "elapsed": 1956.538067, "delta": 7.299195}}
{"target": -38.30634003206433, "params": {"C": 87.30142359079875, "epsilon": 25.143976443498243, "gamma": 0.023591267043607426, "lamda": 0.6037140890563214}, "datetime": {"datetime": "2021-10-05 12:11:06", "elapsed": 1962.734648, "delta": 6.196581}}
{"target": -10.575284162489577, "params": {"C": 41.28775472160685, "epsilon": 28.806983756059747, "gamma": 0.021024671685901917, "lamda": 0.02596868706762541}, "datetime": {"datetime": "2021-10-05 12:11:16", "elapsed": 1972.532106, "delta": 9.797458}}
{"target": -12.832152066972915, "params": {"C": 85.46054315928924, "epsilon": 27.456254348788622, "gamma": 0.0005, "lamda": 0.0005}, "datetime": {"datetime": "2021-10-05 12:11:22", "elapsed": 1978.773258, "delta": 6.241152}}
{"target": -12.309169933870848, "params": {"C": 44.30881828741097, "epsilon": 27.588250415711247, "gamma": 0.11607918875837882, "lamda": 0.01814122618730851}, "datetime": {"datetime": "2021-10-05 12:11:27", "elapsed": 1983.592639, "delta": 4.819381}}
{"target": -15.443867658898716, "params": {"C": 2.5789929558731846, "epsilon": 11.206922076577827, "gamma": 0.09812820673108767, "lamda": 0.11711520747855962}, "datetime": {"datetime": "2021-10-05 12:11:36", "elapsed": 1992.555744, "delta": 8.963105}}
{"target": -13.693736333197156, "params": {"C": 42.29589767214691, "epsilon": 25.78110101564573, "gamma": 0.1520889893670396, "lamda": 0.008345824022979688}, "datetime": {"datetime": "2021-10-05 12:11:41", "elapsed": 1998.119332, "delta": 5.563588}}
{"target": -50.70328977956792, "params": {"C": 4.65666347043697, "epsilon": 18.959947379801616, "gamma": 0.0421503148503067, "lamda": 0.6073837765482236}, "datetime": {"datetime": "2021-10-05 12:11:49", "elapsed": 2005.305406, "delta": 7.186074}}
{"target": -12.362272030109725, "params": {"C": 42.234192148546704, "epsilon": 20.64781169041972, "gamma": 0.08532428253521653, "lamda": 0.08281705429905042}, "datetime": {"datetime": "2021-10-05 12:11:54", "elapsed": 2011.091929, "delta": 5.786523}}
{"target": -10.926865335391414, "params": {"C": 20.469280833707124, "epsilon": 23.69517829217963, "gamma": 0.05660975125241545, "lamda": 0.041558727721643825}, "datetime": {"datetime": "2021-10-05 12:12:01", "elapsed": 2017.293154, "delta": 6.201225}}
{"target": -10.712231561417958, "params": {"C": 4.981207317431098, "epsilon": 13.704115855178273, "gamma": 0.049424198364114776, "lamda": 0.029332653198328944}, "datetime": {"datetime": "2021-10-05 12:12:11", "elapsed": 2027.2886, "delta": 9.995446}}
{"target": -14.942117994458181, "params": {"C": 4.226208421867655, "epsilon": 18.503461505778056, "gamma": 0.19131745699537112, "lamda": 0.01574715650772762}, "datetime": {"datetime": "2021-10-05 12:12:18", "elapsed": 2035.220112, "delta": 7.931512}}
{"target": -15.374827520452497, "params": {"C": 47.1151933064467, "epsilon": 28.08701669081487, "gamma": 0.19590517499101792, "lamda": 0.08044174756663137}, "datetime": {"datetime": "2021-10-05 12:12:26", "elapsed": 2042.581686, "delta": 7.361574}}
{"target": -15.190592395808592, "params": {"C": 2.1337120463541743, "epsilon": 12.152744213528491, "gamma": 0.14079980811260426, "lamda": 0.07105515941400203}, "datetime": {"datetime": "2021-10-05 12:12:34", "elapsed": 2050.648938, "delta": 8.067252}}
{"target": -17.996039368956907, "params": {"C": 2.8652113989172463, "epsilon": 11.994728011103735, "gamma": 0.099230469908543, "lamda": 0.17733074307027066}, "datetime": {"datetime": "2021-10-05 12:12:42", "elapsed": 2058.399085, "delta": 7.750147}}
{"target": -20.032579654626968, "params": {"C": 1.5445612188136892, "epsilon": 11.561106898454609, "gamma": 0.13472753747524693, "lamda": 0.15894439950370448}, "datetime": {"datetime": "2021-10-05 12:12:47", "elapsed": 2063.759949, "delta": 5.360864}}
