{"target": -14.114121968307261, "params": {"C": 25.709455298027326, "epsilon": 11.611246331121258, "gamma": 0.0005, "lamda": 0.0005}, "datetime": {"datetime": "2021-10-05 11:42:29", "elapsed": 246.079325, "delta": 1.550441}}
{"target": -76.02424361612351, "params": {"C": 25.3408309418908, "epsilon": 12.028351683024319, "gamma": 0.09071588760162165, "lamda": 0.7892206244843839}, "datetime": {"datetime": "2021-10-05 11:42:31", "elapsed": 247.853762, "delta": 1.774437}}
{"target": -37.757022066673045, "params": {"C": 78.5155976607055, "epsilon": 28.253083504307828, "gamma": 0.09313748202293912, "lamda": 0.7410854145077983}, "datetime": {"datetime": "2021-10-05 11:42:33", "elapsed": 249.344687, "delta": 1.490925}}
{"target": -10.834088173207904, "params": {"C": 26.542637764635096, "epsilon": 12.974855598641671, "gamma": 0.04671749762602634, "lamda": 0.02817215929768855}, "datetime": {"datetime": "2021-10-05 11:42:34", "elapsed": 251.010691, "delta": 1.666004}}
{"target": -13.272276940204323, "params": {"C": 42.04568655724198, "epsilon": 27.610526107771648, "gamma": 0.0005, "lamda": 0.0005}, "datetime": {"datetime": "2021-10-05 11:42:36", "elapsed": 252.764599, "delta": 1.753908}}
{"target": -17.5779515677575, "params": {"C": 41.36092290101469, "epsilon": 28.004594998556303, "gamma": 0.11545228854048911, "lamda": 0.2417434190082368}, "datetime": {"datetime": "2021-10-05 11:42:38", "elapsed": 254.821715, "delta": 2.057116}}
{"target": -37.11574135524489, "params": {"C": 41.9988582598037, "epsilon": 27.505445137648906, "gamma": 0.03419949333345431, "lamda": 0.6537778230885788}, "datetime": {"datetime": "2021-10-05 11:42:40", "elapsed": 256.543212, "delta": 1.721497}}
{"target": -12.574435164105562, "params": {"C": 27.805105359429056, "epsilon": 15.526369970565245, "gamma": 0.11754639900242057, "lamda": 0.015429401322320655}, "datetime": {"datetime": "2021-10-05 11:42:41", "elapsed": 257.963379, "delta": 1.420167}}
{"target": -40.302337760430234, "params": {"C": 48.26887468886374, "epsilon": 17.313757816722642, "gamma": 0.015683981773023804, "lamda": 0.5028533889400869}, "datetime": {"datetime": "2021-10-05 11:42:43", "elapsed": 259.531628, "delta": 1.568249}}
{"target": -13.278420617421258, "params": {"C": 42.12368522392748, "epsilon": 28.50221204841614, "gamma": 0.0005, "lamda": 0.0005}, "datetime": {"datetime": "2021-10-05 11:42:45", "elapsed": 261.647947, "delta": 2.116319}}
{"target": -16.458903788484996, "params": {"C": 47.34302023317589, "epsilon": 15.679186494976278, "gamma": 0.2, "lamda": 0.0005}, "datetime": {"datetime": "2021-10-05 11:42:47", "elapsed": 263.833881, "delta": 2.185934}}
{"target": -12.94813546313518, "params": {"C": 42.979067206220336, "epsilon": 28.424061790154276, "gamma": 0.06880468842143556, "lamda": 0.12114528990750008}, "datetime": {"datetime": "2021-10-05 11:42:49", "elapsed": 265.361089, "delta": 1.527208}}
{"target": -16.903041278004306, "params": {"C": 42.56781335113799, "epsilon": 29.415103522585504, "gamma": 0.16559544250480043, "lamda": 0.1645354733581575}, "datetime": {"datetime": "2021-10-05 11:42:50", "elapsed": 267.145236, "delta": 1.784147}}
{"target": -21.753102098383895, "params": {"C": 41.77879565171432, "epsilon": 29.228215784037506, "gamma": 0.012357376893649897, "lamda": 0.4618291054013481}, "datetime": {"datetime": "2021-10-05 11:42:52", "elapsed": 268.697245, "delta": 1.552009}}
{"target": -36.84251578894086, "params": {"C": 43.206595449302554, "epsilon": 29.080352335546205, "gamma": 0.11958917995401347, "lamda": 0.7497116272329595}, "datetime": {"datetime": "2021-10-05 11:42:54", "elapsed": 270.369234, "delta": 1.671989}}
{"target": -15.351812134542447, "params": {"C": 43.46176795749766, "epsilon": 27.782776838004764, "gamma": 0.04738082598342177, "lamda": 0.24581963797917225}, "datetime": {"datetime": "2021-10-05 11:42:55", "elapsed": 271.897689, "delta": 1.528455}}
{"target": -16.476971623864927, "params": {"C": 48.30925687150481, "epsilon": 15.522657418683426, "gamma": 0.2, "lamda": 0.0005}, "datetime": {"datetime": "2021-10-05 11:42:57", "elapsed": 274.210573, "delta": 2.312884}}
{"target": -14.589661674551953, "params": {"C": 42.830432055012906, "epsilon": 27.705594830805705, "gamma": 0.1880733469511709, "lamda": 0.00807760261957564}, "datetime": {"datetime": "2021-10-05 11:42:59", "elapsed": 276.002526, "delta": 1.791953}}
{"target": -12.874561716420338, "params": {"C": 79.73461693397498, "epsilon": 27.638402424618327, "gamma": 0.0005, "lamda": 0.0005}, "datetime": {"datetime": "2021-10-05 11:43:02", "elapsed": 278.358437, "delta": 2.355911}}
{"target": -20.745773472099767, "params": {"C": 80.20410670831504, "epsilon": 26.722541756527136, "gamma": 0.05690436989698761, "lamda": 0.36534162346797927}, "datetime": {"datetime": "2021-10-05 11:43:03", "elapsed": 280.143561, "delta": 1.785124}}
{"target": -16.50996490834981, "params": {"C": 77.47489982370767, "epsilon": 27.23846298180375, "gamma": 0.2, "lamda": 0.0005}, "datetime": {"datetime": "2021-10-05 11:43:06", "elapsed": 282.327795, "delta": 2.184234}}
{"target": -11.657113188247944, "params": {"C": 81.19823747248938, "epsilon": 27.328968063161785, "gamma": 0.007068478192102297, "lamda": 0.029146079207250045}, "datetime": {"datetime": "2021-10-05 11:43:08", "elapsed": 284.284044, "delta": 1.956249}}
{"target": -42.83887109051414, "params": {"C": 80.9963496217355, "epsilon": 27.713644553732028, "gamma": 0.02211261956333588, "lamda": 0.7960759384815849}, "datetime": {"datetime": "2021-10-05 11:43:09", "elapsed": 286.012191, "delta": 1.728147}}
{"target": -10.770035688057424, "params": {"C": 43.420969018583264, "epsilon": 26.68708730893875, "gamma": 0.018206698486986042, "lamda": 0.03543113720485269}, "datetime": {"datetime": "2021-10-05 11:43:12", "elapsed": 288.755692, "delta": 2.743501}}
{"target": -11.430715595136787, "params": {"C": 81.5395262626621, "epsilon": 26.536758884370887, "gamma": 0.048531841806780274, "lamda": 0.07898179548272491}, "datetime": {"datetime": "2021-10-05 11:43:14", "elapsed": 290.436581, "delta": 1.680889}}
{"target": -12.22158643732169, "params": {"C": 44.07074787509747, "epsilon": 27.00279617929672, "gamma": 0.1070292181412102, "lamda": 0.03197860243432698}, "datetime": {"datetime": "2021-10-05 11:43:15", "elapsed": 292.113581, "delta": 1.677}}
{"target": -25.57650733255278, "params": {"C": 44.38697480458831, "epsilon": 26.178507630744427, "gamma": 0.13881316492716297, "lamda": 0.39874521760335535}, "datetime": {"datetime": "2021-10-05 11:43:17", "elapsed": 293.84549, "delta": 1.731909}}
{"target": -18.995715254816766, "params": {"C": 82.38372888875178, "epsilon": 25.800298128075138, "gamma": 0.13696441918919502, "lamda": 0.2511328251272326}, "datetime": {"datetime": "2021-10-05 11:43:19", "elapsed": 295.5395, "delta": 1.69401}}
{"target": -16.598723461261773, "params": {"C": 44.80733988311286, "epsilon": 27.831997017082184, "gamma": 0.12092214667666713, "lamda": 0.1999848404333726}, "datetime": {"datetime": "2021-10-05 11:43:20", "elapsed": 296.799058, "delta": 1.259558}}
{"target": -16.55411792590878, "params": {"C": 80.99804821748525, "epsilon": 25.818094826575578, "gamma": 0.2, "lamda": 0.0005}, "datetime": {"datetime": "2021-10-05 11:43:22", "elapsed": 298.614615, "delta": 1.815557}}
{"target": -19.36826993206596, "params": {"C": 27.134797423818735, "epsilon": 19.75013099495764, "gamma": 0.16767870562558712, "lamda": 0.20512193336465823}, "datetime": {"datetime": "2021-10-05 11:43:24", "elapsed": 300.406277, "delta": 1.791662}}
{"target": -12.426946738887153, "params": {"C": 40.4629577622645, "epsilon": 27.467266851050972, "gamma": 0.1145073809236102, "lamda": 0.007441300655919152}, "datetime": {"datetime": "2021-10-05 11:43:25", "elapsed": 302.059203, "delta": 1.652926}}
{"target": -18.072178744494515, "params": {"C": 39.7666204291495, "epsilon": 27.943127546302165, "gamma": 0.0514943390428219, "lamda": 0.3253433303073146}, "datetime": {"datetime": "2021-10-05 11:43:27", "elapsed": 303.757852, "delta": 1.698649}}
{"target": -16.050672816664672, "params": {"C": 40.53613377856772, "epsilon": 28.4978078970339, "gamma": 0.2, "lamda": 0.0005}, "datetime": {"datetime": "2021-10-05 11:43:29", "elapsed": 305.862401, "delta": 2.104549}}
{"target": -28.29015586458524, "params": {"C": 39.58560619979853, "epsilon": 26.97297471938657, "gamma": 0.1503244709017941, "lamda": 0.4627332847272178}, "datetime": {"datetime": "2021-10-05 11:43:31", "elapsed": 307.868188, "delta": 2.005787}}
{"target": -38.53109132927901, "params": {"C": 43.55932285914161, "epsilon": 26.937662227859875, "gamma": 0.11995807547714439, "lamda": 0.7272657172868894}, "datetime": {"datetime": "2021-10-05 11:43:33", "elapsed": 309.232238, "delta": 1.36405}}
{"target": -38.1380898832234, "params": {"C": 40.46009086176768, "epsilon": 27.753873141504744, "gamma": 0.09330568743525239, "lamda": 0.7337798850052142}, "datetime": {"datetime": "2021-10-05 11:43:34", "elapsed": 310.616774, "delta": 1.384536}}
{"target": -11.240615215886923, "params": {"C": 27.009717581931724, "epsilon": 12.300763428156465, "gamma": 0.019691951704121743, "lamda": 0.0626896264176153}, "datetime": {"datetime": "2021-10-05 11:43:36", "elapsed": 312.41693, "delta": 1.800156}}
{"target": -12.881266354454501, "params": {"C": 81.93972301797847, "epsilon": 27.195135814018936, "gamma": 0.009145104914340408, "lamda": 0.11343045183647954}, "datetime": {"datetime": "2021-10-05 11:43:37", "elapsed": 314.062866, "delta": 1.645936}}
{"target": -15.119009556090045, "params": {"C": 45.54106767488994, "epsilon": 26.98550534040103, "gamma": 0.1664991037681187, "lamda": 0.0009525995561031409}, "datetime": {"datetime": "2021-10-05 11:43:39", "elapsed": 315.502216, "delta": 1.43935}}
{"target": -13.242824832362269, "params": {"C": 45.830413098473805, "epsilon": 27.87279110599746, "gamma": 0.0005, "lamda": 0.0005}, "datetime": {"datetime": "2021-10-05 11:43:41", "elapsed": 317.910307, "delta": 2.408091}}
{"target": -41.288120005674664, "params": {"C": 45.67903182234299, "epsilon": 27.54040097088707, "gamma": 0.2, "lamda": 0.7988101516210991}, "datetime": {"datetime": "2021-10-05 11:43:43", "elapsed": 319.891643, "delta": 1.981336}}
{"target": -46.57647764058167, "params": {"C": 81.77308385599319, "epsilon": 26.65716294560587, "gamma": 0.009754633695110287, "lamda": 0.7517578502777786}, "datetime": {"datetime": "2021-10-05 11:43:45", "elapsed": 321.938241, "delta": 2.046598}}
{"target": -60.72478308563786, "params": {"C": 25.705350294909955, "epsilon": 16.261708442055948, "gamma": 0.1766869507509873, "lamda": 0.7841888512316301}, "datetime": {"datetime": "2021-10-05 11:43:47", "elapsed": 323.318192, "delta": 1.379951}}
{"target": -11.31884166948837, "params": {"C": 44.180595468566246, "epsilon": 20.56365270509696, "gamma": 0.07563174668093309, "lamda": 0.03006376432068633}, "datetime": {"datetime": "2021-10-05 11:43:48", "elapsed": 324.68378, "delta": 1.365588}}
{"target": -12.781348424946437, "params": {"C": 27.043292636021146, "epsilon": 18.494933964071564, "gamma": 0.12513360501515505, "lamda": 0.022984070210169617}, "datetime": {"datetime": "2021-10-05 11:43:50", "elapsed": 326.391752, "delta": 1.707972}}
{"target": -11.461574430140734, "params": {"C": 28.614179950017736, "epsilon": 9.819153556624178, "gamma": 0.016591704761382813, "lamda": 0.06547768292351662}, "datetime": {"datetime": "2021-10-05 11:43:52", "elapsed": 328.747756, "delta": 2.356004}}
{"target": -38.569118016001624, "params": {"C": 28.39905265938037, "epsilon": 9.051255504175833, "gamma": 0.16534365030229176, "lamda": 0.37420516525502884}, "datetime": {"datetime": "2021-10-05 11:43:54", "elapsed": 330.971933, "delta": 2.224177}}
{"target": -13.249759918532177, "params": {"C": 45.37649731375879, "epsilon": 28.52738804177135, "gamma": 0.0005, "lamda": 0.0005}, "datetime": {"datetime": "2021-10-05 11:43:56", "elapsed": 333.004814, "delta": 2.032881}}
{"target": -11.440735792177112, "params": {"C": 80.93406905569861, "epsilon": 26.8357134314117, "gamma": 0.06054467575150419, "lamda": 0.06898583733004182}, "datetime": {"datetime": "2021-10-05 11:43:58", "elapsed": 334.732661, "delta": 1.727847}}
{"target": -16.636371255523265, "params": {"C": 38.91728679741239, "epsilon": 29.298765585287764, "gamma": 0.1976951417456879, "lamda": 0.12611624723237644}, "datetime": {"datetime": "2021-10-05 11:44:00", "elapsed": 336.417036, "delta": 1.684375}}
{"target": -30.93534188647084, "params": {"C": 38.657386561486085, "epsilon": 28.334091646152586, "gamma": 0.19504875406440508, "lamda": 0.534859335937315}, "datetime": {"datetime": "2021-10-05 11:44:03", "elapsed": 339.24292, "delta": 2.825884}}
{"target": -15.634803454807301, "params": {"C": 46.429618709600604, "epsilon": 29.033349762435112, "gamma": 0.17348857208032303, "lamda": 0.10638859945863563}, "datetime": {"datetime": "2021-10-05 11:44:05", "elapsed": 341.651027, "delta": 2.408107}}
{"target": -11.212156131152328, "params": {"C": 46.45680165295161, "epsilon": 28.21069642947375, "gamma": 0.07685606129362083, "lamda": 0.009943391108226982}, "datetime": {"datetime": "2021-10-05 11:44:07", "elapsed": 343.886752, "delta": 2.235725}}
{"target": -17.40402724399457, "params": {"C": 40.069441903328595, "epsilon": 29.98272961483714, "gamma": 0.08743648891416338, "lamda": 0.27387408650269907}, "datetime": {"datetime": "2021-10-05 11:44:10", "elapsed": 346.444546, "delta": 2.557794}}
{"target": -14.7509587055798, "params": {"C": 47.63497899712238, "epsilon": 27.885138376557634, "gamma": 0.0290626646508668, "lamda": 0.24527143169305932}, "datetime": {"datetime": "2021-10-05 11:44:12", "elapsed": 348.355785, "delta": 1.911239}}
{"target": -13.237824598943055, "params": {"C": 47.255748758659564, "epsilon": 28.64874099072951, "gamma": 0.0005, "lamda": 0.0005}, "datetime": {"datetime": "2021-10-05 11:44:14", "elapsed": 350.732954, "delta": 2.377169}}
{"target": -30.52208995315169, "params": {"C": 48.36144642297044, "epsilon": 29.164074677462434, "gamma": 0.18465147534284693, "lamda": 0.5515723071762461}, "datetime": {"datetime": "2021-10-05 11:44:16", "elapsed": 352.858599, "delta": 2.125645}}
{"target": -13.228966377215837, "params": {"C": 46.899098475080265, "epsilon": 26.997502270469408, "gamma": 0.0005, "lamda": 0.0005}, "datetime": {"datetime": "2021-10-05 11:44:18", "elapsed": 355.00072, "delta": 2.142121}}
{"target": -16.232390439505796, "params": {"C": 48.04955284612292, "epsilon": 26.596893518314733, "gamma": 0.2, "lamda": 0.0005}, "datetime": {"datetime": "2021-10-05 11:44:21", "elapsed": 357.690728, "delta": 2.690008}}
{"target": -14.975358877083542, "params": {"C": 46.75511490075378, "epsilon": 25.928328948495263, "gamma": 0.15697061890048045, "lamda": 0.09791509582026343}, "datetime": {"datetime": "2021-10-05 11:44:23", "elapsed": 360.009927, "delta": 2.319199}}
{"target": -43.38334279495511, "params": {"C": 47.785990785456384, "epsilon": 25.552251697100914, "gamma": 0.13752240852724057, "lamda": 0.7604623097448405}, "datetime": {"datetime": "2021-10-05 11:44:25", "elapsed": 361.724395, "delta": 1.714468}}
{"target": -13.059584381781232, "params": {"C": 45.77167527490698, "epsilon": 25.839785422946452, "gamma": 0.13773585772267347, "lamda": 0.03020575356654208}, "datetime": {"datetime": "2021-10-05 11:44:27", "elapsed": 363.798437, "delta": 2.074042}}
{"target": -11.593487588859666, "params": {"C": 48.770100542252344, "epsilon": 27.5611295599862, "gamma": 0.04826589998439599, "lamda": 0.08422955850846292}, "datetime": {"datetime": "2021-10-05 11:44:29", "elapsed": 366.120412, "delta": 2.321975}}
{"target": -13.545391119394324, "params": {"C": 49.77049518044675, "epsilon": 26.92354210552595, "gamma": 0.08628059007799226, "lamda": 0.12611294587315205}, "datetime": {"datetime": "2021-10-05 11:44:32", "elapsed": 368.322, "delta": 2.201588}}
{"target": -39.00824967595408, "params": {"C": 49.68534261867976, "epsilon": 27.924564666444724, "gamma": 0.15575303691405307, "lamda": 0.7713011342501864}, "datetime": {"datetime": "2021-10-05 11:44:34", "elapsed": 370.684243, "delta": 2.362243}}
{"target": -35.73731318215214, "params": {"C": 48.48558052481012, "epsilon": 27.038918668583918, "gamma": 0.08157136818538165, "lamda": 0.6560723373206788}, "datetime": {"datetime": "2021-10-05 11:44:36", "elapsed": 372.806318, "delta": 2.122075}}
{"target": -15.05245895933668, "params": {"C": 46.42129820717676, "epsilon": 26.493254731442992, "gamma": 0.11314271215594685, "lamda": 0.1511196348757573}, "datetime": {"datetime": "2021-10-05 11:44:38", "elapsed": 374.788582, "delta": 1.982264}}
{"target": -31.775669590823462, "params": {"C": 47.14220275783572, "epsilon": 28.722224050077703, "gamma": 0.12451214164865197, "lamda": 0.6227791428896273}, "datetime": {"datetime": "2021-10-05 11:44:40", "elapsed": 376.889325, "delta": 2.100743}}
{"target": -14.722763813521746, "params": {"C": 46.698241306284544, "epsilon": 27.505050016885104, "gamma": 0.19281070336091247, "lamda": 0.05181210547335515}, "datetime": {"datetime": "2021-10-05 11:44:42", "elapsed": 378.774797, "delta": 1.885472}}
{"target": -10.291189528692879, "params": {"C": 46.18715077479259, "epsilon": 25.070921829936136, "gamma": 0.012956416679510809, "lamda": 0.0005}, "datetime": {"datetime": "2021-10-05 11:44:45", "elapsed": 381.451096, "delta": 2.676299}}
{"target": -13.402233842381388, "params": {"C": 45.76923189597913, "epsilon": 24.052657150669557, "gamma": 0.1442789775639033, "lamda": 0.011072088525689397}, "datetime": {"datetime": "2021-10-05 11:44:47", "elapsed": 383.751884, "delta": 2.300788}}
{"target": -18.2225587668013, "params": {"C": 50.21053490269394, "epsilon": 25.807137100657492, "gamma": 0.12401972706952577, "lamda": 0.23935529644557252}, "datetime": {"datetime": "2021-10-05 11:44:49", "elapsed": 385.848927, "delta": 2.097043}}
{"target": -46.23359864990906, "params": {"C": 45.3116350911418, "epsilon": 24.65375694867443, "gamma": 0.058219336504198756, "lamda": 0.7352374450526918}, "datetime": {"datetime": "2021-10-05 11:44:52", "elapsed": 388.411013, "delta": 2.562086}}
{"target": -42.518397053683096, "params": {"C": 46.112617268123884, "epsilon": 26.038984160589518, "gamma": 0.04944008608814373, "lamda": 0.6932231288399235}, "datetime": {"datetime": "2021-10-05 11:44:54", "elapsed": 390.757175, "delta": 2.346162}}
{"target": -14.280396711175648, "params": {"C": 47.5242991136581, "epsilon": 27.3981548956121, "gamma": 0.17683329522281743, "lamda": 0.009693400559144518}, "datetime": {"datetime": "2021-10-05 11:44:57", "elapsed": 393.405827, "delta": 2.648652}}
{"target": -15.300585690991436, "params": {"C": 45.44777597452716, "epsilon": 29.276810214161863, "gamma": 0.16457836152026598, "lamda": 0.10147554704803362}, "datetime": {"datetime": "2021-10-05 11:44:59", "elapsed": 395.465573, "delta": 2.059746}}
{"target": -13.075980838693827, "params": {"C": 46.49318055382651, "epsilon": 23.030255686511264, "gamma": 0.13110313021836498, "lamda": 0.04574787193247791}, "datetime": {"datetime": "2021-10-05 11:45:01", "elapsed": 397.905005, "delta": 2.439432}}
{"target": -12.402130058390231, "params": {"C": 47.52604959425308, "epsilon": 23.41637893337019, "gamma": 0.10492566511198544, "lamda": 0.0484354900507943}, "datetime": {"datetime": "2021-10-05 11:45:03", "elapsed": 400.226528, "delta": 2.321523}}
{"target": -16.854453184243507, "params": {"C": 47.96138311161037, "epsilon": 21.975106794417155, "gamma": 0.18304793586065946, "lamda": 0.13578439904276454}, "datetime": {"datetime": "2021-10-05 11:45:07", "elapsed": 403.665081, "delta": 3.438553}}
{"target": -28.85940076951578, "params": {"C": 47.138274654595655, "epsilon": 22.879967384622493, "gamma": 0.12582378701863847, "lamda": 0.4173337058187254}, "datetime": {"datetime": "2021-10-05 11:45:09", "elapsed": 406.049966, "delta": 2.384885}}
{"target": -29.341166789077917, "params": {"C": 46.31039465126028, "epsilon": 23.92471716017118, "gamma": 0.034607963857690514, "lamda": 0.4583340056235807}, "datetime": {"datetime": "2021-10-05 11:45:12", "elapsed": 408.44719, "delta": 2.397224}}
{"target": -21.339118947864506, "params": {"C": 45.94366356642082, "epsilon": 28.611661344402147, "gamma": 0.0005, "lamda": 0.3165738542622157}, "datetime": {"datetime": "2021-10-05 11:45:14", "elapsed": 410.999664, "delta": 2.552474}}
{"target": -16.268634862872382, "params": {"C": 49.441022047116846, "epsilon": 26.288082488292343, "gamma": 0.2, "lamda": 0.0005}, "datetime": {"datetime": "2021-10-05 11:45:16", "elapsed": 413.027649, "delta": 2.027985}}
{"target": -12.120848159193065, "params": {"C": 48.24955744588339, "epsilon": 23.7646910458246, "gamma": 0.06506351814872531, "lamda": 0.09917729452503918}, "datetime": {"datetime": "2021-10-05 11:45:19", "elapsed": 415.882712, "delta": 2.855063}}
{"target": -11.523532996712218, "params": {"C": 47.812026883248066, "epsilon": 24.191528407487844, "gamma": 0.04243299640963982, "lamda": 0.08959017425102549}, "datetime": {"datetime": "2021-10-05 11:45:21", "elapsed": 417.854956, "delta": 1.972244}}
{"target": -13.763548573182305, "params": {"C": 45.87898037881814, "epsilon": 22.40732250607843, "gamma": 0.1509591336687491, "lamda": 0.052128791455005465}, "datetime": {"datetime": "2021-10-05 11:45:23", "elapsed": 420.045312, "delta": 2.190356}}
{"target": -16.289047247967204, "params": {"C": 48.29436923941131, "epsilon": 22.927339119650384, "gamma": 0.2, "lamda": 0.0005}, "datetime": {"datetime": "2021-10-05 11:45:25", "elapsed": 421.977404, "delta": 1.932092}}
{"target": -16.29959290921722, "params": {"C": 48.861268221160095, "epsilon": 20.637849382632385, "gamma": 0.16393635980128632, "lamda": 0.1347429281919498}, "datetime": {"datetime": "2021-10-05 11:45:28", "elapsed": 424.554949, "delta": 2.577545}}
{"target": -14.081192165500509, "params": {"C": 45.49038863192053, "epsilon": 23.44521890099004, "gamma": 0.08469040718512204, "lamda": 0.1460637651586048}, "datetime": {"datetime": "2021-10-05 11:45:30", "elapsed": 426.945693, "delta": 2.390744}}
