{"target": -10.305099470575236, "params": {"C": 37.12095902524539, "epsilon": 19.448915169704073, "gamma": 0.02496403402985371, "lamda": 0.019080001485038467}, "datetime": {"datetime": "2021-10-06 14:17:36", "elapsed": 568.04893, "delta": 2.082118}}
{"target": -10.875859313283575, "params": {"C": 42.36638997287211, "epsilon": 26.025546399896193, "gamma": 0.01029685612859273, "lamda": 0.01718926039838532}, "datetime": {"datetime": "2021-10-06 14:17:40", "elapsed": 571.83408, "delta": 3.78515}}
{"target": -10.259268105461505, "params": {"C": 46.68982514853834, "epsilon": 26.416062718976562, "gamma": 0.02456140101895154, "lamda": 0.014238281082499447}, "datetime": {"datetime": "2021-10-06 14:17:42", "elapsed": 573.810917, "delta": 1.976837}}
{"target": -10.403776755839397, "params": {"C": 40.94079551674191, "epsilon": 27.734108421731882, "gamma": 0.038707606854938, "lamda": 0.00961688092193913}, "datetime": {"datetime": "2021-10-06 14:17:44", "elapsed": 576.606626, "delta": 2.795709}}
{"target": -10.299480614489376, "params": {"C": 75.02640661103563, "epsilon": 20.590342265382382, "gamma": 0.013771572457902352, "lamda": 0.005474980392523414}, "datetime": {"datetime": "2021-10-06 14:17:46", "elapsed": 578.619984, "delta": 2.013358}}
{"target": -10.585117708231593, "params": {"C": 57.200874165121945, "epsilon": 24.933075319463153, "gamma": 0.03914994307313625, "lamda": 0.003779664374455958}, "datetime": {"datetime": "2021-10-06 14:17:49", "elapsed": 581.514353, "delta": 2.894369}}
{"target": -10.180843111407667, "params": {"C": 57.47371045127114, "epsilon": 28.860363890236975, "gamma": 0.020623994690167437, "lamda": 0.008069163665109446}, "datetime": {"datetime": "2021-10-06 14:17:52", "elapsed": 584.440781, "delta": 2.926428}}
{"target": -10.404857962016882, "params": {"C": 79.37206432011084, "epsilon": 39.23589661757593, "gamma": 0.028865570788683473, "lamda": 0.013352209511105715}, "datetime": {"datetime": "2021-10-06 14:17:55", "elapsed": 587.366228, "delta": 2.925447}}
{"target": -10.743459074869703, "params": {"C": 83.71349538904909, "epsilon": 21.002884114011255, "gamma": 0.01217924361026326, "lamda": 0.018400571430935653}, "datetime": {"datetime": "2021-10-06 14:17:57", "elapsed": 589.325494, "delta": 1.959266}}
{"target": -10.318750870172765, "params": {"C": 105.24620504448302, "epsilon": 27.072828520403565, "gamma": 0.023743489605281196, "lamda": 0.00951580754254637}, "datetime": {"datetime": "2021-10-06 14:17:59", "elapsed": 591.537823, "delta": 2.212329}}
{"target": -10.280573071394524, "params": {"C": 74.57590791845286, "epsilon": 33.27364301722236, "gamma": 0.02598956774706903, "lamda": 0.007740380677116471}, "datetime": {"datetime": "2021-10-06 14:18:02", "elapsed": 593.906178, "delta": 2.368355}}
{"target": -10.291988514407654, "params": {"C": 78.86626774516724, "epsilon": 22.74373220329165, "gamma": 0.0227462912266026, "lamda": 0.015367209653718756}, "datetime": {"datetime": "2021-10-06 14:18:04", "elapsed": 596.15345, "delta": 2.247272}}
{"target": -10.187493090779466, "params": {"C": 81.43600713084098, "epsilon": 17.74264483304701, "gamma": 0.025135527145048044, "lamda": 0.002484740288678577}, "datetime": {"datetime": "2021-10-06 14:18:06", "elapsed": 598.357258, "delta": 2.203808}}
{"target": -10.869032786898776, "params": {"C": 32.41713961227232, "epsilon": 33.228785448104155, "gamma": 0.03358124310742361, "lamda": 0.0007740392998239223}, "datetime": {"datetime": "2021-10-06 14:18:10", "elapsed": 602.245497, "delta": 3.888239}}
{"target": -10.338411623987865, "params": {"C": 30.754642587863703, "epsilon": 20.916771304924918, "gamma": 0.033533552341542865, "lamda": 0.016008221766122106}, "datetime": {"datetime": "2021-10-06 14:18:12", "elapsed": 604.337793, "delta": 2.092296}}
{"target": -10.291257262606651, "params": {"C": 94.73136663918687, "epsilon": 29.01334586574182, "gamma": 0.01936991650423542, "lamda": 0.011333443207485807}, "datetime": {"datetime": "2021-10-06 14:18:14", "elapsed": 606.348176, "delta": 2.010383}}
{"target": -10.343590268867374, "params": {"C": 103.12907278290476, "epsilon": 33.51896018773206, "gamma": 0.030065465610430157, "lamda": 0.014086113515383046}, "datetime": {"datetime": "2021-10-06 14:18:16", "elapsed": 608.549602, "delta": 2.201426}}
{"target": -10.373256544419661, "params": {"C": 102.18859712901589, "epsilon": 29.887310795095253, "gamma": 0.028811246168106056, "lamda": 0.005120765876211307}, "datetime": {"datetime": "2021-10-06 14:18:19", "elapsed": 610.874799, "delta": 2.325197}}
{"target": -10.379771712044372, "params": {"C": 69.0067629737401, "epsilon": 32.982741466807276, "gamma": 0.01642967436273057, "lamda": 0.009301466719610912}, "datetime": {"datetime": "2021-10-06 14:18:22", "elapsed": 614.208238, "delta": 3.333439}}
{"target": -10.499672524859918, "params": {"C": 39.642008933646494, "epsilon": 36.388519047560955, "gamma": 0.03700111118831006, "lamda": 0.017359900024605635}, "datetime": {"datetime": "2021-10-06 14:18:25", "elapsed": 617.133307, "delta": 2.925069}}
{"target": -10.615984882512434, "params": {"C": 108.43679408977154, "epsilon": 30.375382388299272, "gamma": 0.010870429895556376, "lamda": 0.005659683808071809}, "datetime": {"datetime": "2021-10-06 14:18:27", "elapsed": 619.215322, "delta": 2.082015}}
{"target": -10.28265118935428, "params": {"C": 77.76626368060693, "epsilon": 33.46259263946011, "gamma": 0.02072515357255344, "lamda": 0.0010310983121886931}, "datetime": {"datetime": "2021-10-06 14:18:29", "elapsed": 621.235384, "delta": 2.020062}}
{"target": -10.099855542492367, "params": {"C": 54.39528039916308, "epsilon": 34.003377202833924, "gamma": 0.01939763956575503, "lamda": 0.0039705839397583455}, "datetime": {"datetime": "2021-10-06 14:18:31", "elapsed": 623.477217, "delta": 2.241833}}
{"target": -10.272139541572729, "params": {"C": 73.70876777604155, "epsilon": 22.111748774524912, "gamma": 0.028269331823095364, "lamda": 0.0021463532813351177}, "datetime": {"datetime": "2021-10-06 14:18:34", "elapsed": 626.605779, "delta": 3.128562}}
{"target": -10.336259936161522, "params": {"C": 30.022909332450798, "epsilon": 32.21690973501343, "gamma": 0.0357319368377156, "lamda": 0.013467565089339262}, "datetime": {"datetime": "2021-10-06 14:18:37", "elapsed": 628.828478, "delta": 2.222699}}
{"target": -10.296409674102025, "params": {"C": 94.00276809694964, "epsilon": 26.078522949793975, "gamma": 0.01928326898663637, "lamda": 0.010427303627619162}, "datetime": {"datetime": "2021-10-06 14:18:40", "elapsed": 631.819661, "delta": 2.991183}}
{"target": -10.43357730132547, "params": {"C": 59.89445565657064, "epsilon": 34.59080147433155, "gamma": 0.03854194547978518, "lamda": 0.014073285186428175}, "datetime": {"datetime": "2021-10-06 14:18:42", "elapsed": 633.962704, "delta": 2.143043}}
{"target": -10.40925508271516, "params": {"C": 45.0386138009485, "epsilon": 36.677815903985376, "gamma": 0.03354758685606829, "lamda": 0.01062195492553874}, "datetime": {"datetime": "2021-10-06 14:18:45", "elapsed": 637.12509, "delta": 3.162386}}
{"target": -10.999175970653036, "params": {"C": 63.07288443286134, "epsilon": 38.95444568765809, "gamma": 0.01303570704790383, "lamda": 0.01427706178022602}, "datetime": {"datetime": "2021-10-06 14:18:47", "elapsed": 639.176182, "delta": 2.051092}}
{"target": -10.318568250224653, "params": {"C": 54.62026561583562, "epsilon": 33.98780258074429, "gamma": 0.029638601074975388, "lamda": 0.0093136983113041}, "datetime": {"datetime": "2021-10-06 14:18:49", "elapsed": 641.361208, "delta": 2.185026}}
{"target": -10.231092614665673, "params": {"C": 74.14204997712827, "epsilon": 21.61712723147269, "gamma": 0.018509157116428615, "lamda": 0.008817635445004269}, "datetime": {"datetime": "2021-10-06 14:18:51", "elapsed": 643.6177, "delta": 2.256492}}
{"target": -10.353795649630609, "params": {"C": 77.04460607153226, "epsilon": 32.810412356965486, "gamma": 0.02253387903488574, "lamda": 0.015687871759154606}, "datetime": {"datetime": "2021-10-06 14:18:54", "elapsed": 645.896584, "delta": 2.278884}}
{"target": -10.369501411470981, "params": {"C": 100.64436374580234, "epsilon": 27.64236022617739, "gamma": 0.029554381341070718, "lamda": 0.018231880013140633}, "datetime": {"datetime": "2021-10-06 14:18:56", "elapsed": 648.261483, "delta": 2.364899}}
{"target": -10.509315836749746, "params": {"C": 53.321207103973116, "epsilon": 19.306747937104717, "gamma": 0.03925120184283674, "lamda": 0.010621847894671332}, "datetime": {"datetime": "2021-10-06 14:18:58", "elapsed": 650.420969, "delta": 2.159486}}
{"target": -10.365084095266056, "params": {"C": 100.31265375457816, "epsilon": 29.701186755710452, "gamma": 0.029407191285639733, "lamda": 0.017462971218592537}, "datetime": {"datetime": "2021-10-06 14:19:01", "elapsed": 653.612171, "delta": 3.191202}}
{"target": -10.323010622012607, "params": {"C": 67.45026994108437, "epsilon": 22.18799705720385, "gamma": 0.02452987253992435, "lamda": 0.016183780829772672}, "datetime": {"datetime": "2021-10-06 14:19:04", "elapsed": 656.721534, "delta": 3.109363}}
{"target": -10.706099766453503, "params": {"C": 76.53054192293084, "epsilon": 38.80090985446853, "gamma": 0.03789576120122321, "lamda": 0.0023439852206927642}, "datetime": {"datetime": "2021-10-06 14:19:07", "elapsed": 658.951849, "delta": 2.230315}}
{"target": -10.160618697229827, "params": {"C": 44.06609975198647, "epsilon": 29.895996636006018, "gamma": 0.021949534741984703, "lamda": 0.0075059502413778}, "datetime": {"datetime": "2021-10-06 14:19:10", "elapsed": 662.052819, "delta": 3.10097}}
{"target": -10.386289009700615, "params": {"C": 80.23091130548481, "epsilon": 26.134304562672924, "gamma": 0.03140510511741759, "lamda": 0.01742734068970657}, "datetime": {"datetime": "2021-10-06 14:19:12", "elapsed": 664.240767, "delta": 2.187948}}
{"target": -10.432821189207456, "params": {"C": 107.43803088270491, "epsilon": 37.25087711488989, "gamma": 0.03209049084433008, "lamda": 0.00789941883324685}, "datetime": {"datetime": "2021-10-06 14:19:14", "elapsed": 666.45947, "delta": 2.218703}}
{"target": -10.383466591159891, "params": {"C": 50.51962619887286, "epsilon": 25.617565239334603, "gamma": 0.03041699611550213, "lamda": 0.01927870997668957}, "datetime": {"datetime": "2021-10-06 14:19:17", "elapsed": 669.6601, "delta": 3.20063}}
{"target": -10.370307404061005, "params": {"C": 79.48469712040263, "epsilon": 20.11715436354699, "gamma": 0.02391089111056001, "lamda": 0.01725263649309839}, "datetime": {"datetime": "2021-10-06 14:19:20", "elapsed": 671.880537, "delta": 2.220437}}
{"target": -10.362534809249897, "params": {"C": 43.62895804692204, "epsilon": 23.429177518926267, "gamma": 0.03553060664595378, "lamda": 0.010946664183519585}, "datetime": {"datetime": "2021-10-06 14:19:22", "elapsed": 674.07791, "delta": 2.197373}}
{"target": -10.414888234286126, "params": {"C": 101.7423710112049, "epsilon": 34.22170464080997, "gamma": 0.03310195695837422, "lamda": 0.010910070605705027}, "datetime": {"datetime": "2021-10-06 14:19:24", "elapsed": 676.334237, "delta": 2.256327}}
{"target": -10.329072218785406, "params": {"C": 49.222909540588304, "epsilon": 25.08265922927363, "gamma": 0.028891047495650378, "lamda": 0.014657468282512801}, "datetime": {"datetime": "2021-10-06 14:19:27", "elapsed": 679.594941, "delta": 3.260704}}
{"target": -10.443376779563666, "params": {"C": 86.55672299322782, "epsilon": 31.27861894542977, "gamma": 0.032280098158276455, "lamda": 0.007440088487830928}, "datetime": {"datetime": "2021-10-06 14:19:30", "elapsed": 682.569719, "delta": 2.974778}}
{"target": -10.880795413959255, "params": {"C": 59.6196625578725, "epsilon": 30.1589607789766, "gamma": 0.012864284592410263, "lamda": 0.018470517771216804}, "datetime": {"datetime": "2021-10-06 14:19:33", "elapsed": 684.958825, "delta": 2.389106}}
{"target": -11.079063851919383, "params": {"C": 92.61255699286217, "epsilon": 36.89159950859661, "gamma": 0.011402920797050697, "lamda": 0.01560579050074036}, "datetime": {"datetime": "2021-10-06 14:19:36", "elapsed": 688.387564, "delta": 3.428739}}
{"target": -10.354272428260607, "params": {"C": 43.870139957744634, "epsilon": 26.853891256224337, "gamma": 0.012049354142846682, "lamda": 0.0069715496891601374}, "datetime": {"datetime": "2021-10-06 14:19:39", "elapsed": 691.671528, "delta": 3.283964}}
{"target": -10.455615251081866, "params": {"C": 50.2737199216396, "epsilon": 36.31170376814234, "gamma": 0.03681593436596747, "lamda": 0.011223107493673954}, "datetime": {"datetime": "2021-10-06 14:19:42", "elapsed": 693.999878, "delta": 2.32835}}
{"target": -10.22186473533827, "params": {"C": 38.672771564739506, "epsilon": 24.203294086530864, "gamma": 0.025305034731713635, "lamda": 0.010889333073724732}, "datetime": {"datetime": "2021-10-06 14:19:44", "elapsed": 696.298756, "delta": 2.298878}}
{"target": -10.257190710383837, "params": {"C": 50.87629224705373, "epsilon": 26.719691290503413, "gamma": 0.01786010704917626, "lamda": 0.0012212827807506548}, "datetime": {"datetime": "2021-10-06 14:19:47", "elapsed": 699.745241, "delta": 3.446485}}
{"target": -10.140269695505024, "params": {"C": 75.43802038977293, "epsilon": 37.6710250331475, "gamma": 0.018474832289029353, "lamda": 0.0039498552281295105}, "datetime": {"datetime": "2021-10-06 14:19:51", "elapsed": 703.019631, "delta": 3.27439}}
{"target": -10.33555710562418, "params": {"C": 61.12792402328837, "epsilon": 31.174492029211518, "gamma": 0.01706114630144136, "lamda": 0.010034852390693471}, "datetime": {"datetime": "2021-10-06 14:19:54", "elapsed": 706.474277, "delta": 3.454646}}
{"target": -10.494698864812754, "params": {"C": 107.78416276798785, "epsilon": 18.670326200842442, "gamma": 0.016974771830952435, "lamda": 0.019336815734809054}, "datetime": {"datetime": "2021-10-06 14:19:57", "elapsed": 709.547545, "delta": 3.073268}}
{"target": -10.626225940699323, "params": {"C": 65.18826172239825, "epsilon": 38.608207065986235, "gamma": 0.014136251565987058, "lamda": 0.00031489841701450266}, "datetime": {"datetime": "2021-10-06 14:20:01", "elapsed": 713.231221, "delta": 3.683676}}
{"target": -10.143666808226126, "params": {"C": 102.40730318487098, "epsilon": 30.57824225306433, "gamma": 0.019023004603577174, "lamda": 0.0030171538431113883}, "datetime": {"datetime": "2021-10-06 14:20:03", "elapsed": 715.433912, "delta": 2.202691}}
{"target": -10.249598365816805, "params": {"C": 60.14034878509691, "epsilon": 20.592919989030843, "gamma": 0.027178682833227163, "lamda": 0.001803011436424312}, "datetime": {"datetime": "2021-10-06 14:20:07", "elapsed": 718.987789, "delta": 3.553877}}
{"target": -10.49589366799312, "params": {"C": 73.83780312203285, "epsilon": 31.49355161344273, "gamma": 0.01012843134772692, "lamda": 0.004611591740594764}, "datetime": {"datetime": "2021-10-06 14:20:11", "elapsed": 723.064355, "delta": 4.076566}}
{"target": -10.326708147984972, "params": {"C": 42.05276892841903, "epsilon": 28.396375687361072, "gamma": 0.03364714671865244, "lamda": 0.008624706880060463}, "datetime": {"datetime": "2021-10-06 14:20:13", "elapsed": 725.430217, "delta": 2.365862}}
{"target": -10.401501941517152, "params": {"C": 79.07851195249023, "epsilon": 20.93438340966814, "gamma": 0.03010616686273746, "lamda": 0.0012397096397303846}, "datetime": {"datetime": "2021-10-06 14:20:16", "elapsed": 728.687162, "delta": 3.256945}}
{"target": -10.4953665766044, "params": {"C": 107.51004078404827, "epsilon": 20.516856628269593, "gamma": 0.033253987358219904, "lamda": 0.014807258709045854}, "datetime": {"datetime": "2021-10-06 14:20:20", "elapsed": 732.16461, "delta": 3.477448}}
{"target": -10.295488710273206, "params": {"C": 100.01209840437377, "epsilon": 25.64923748759331, "gamma": 0.024483371166202098, "lamda": 0.015040003149714033}, "datetime": {"datetime": "2021-10-06 14:20:23", "elapsed": 735.576308, "delta": 3.411698}}
{"target": -10.498089635486926, "params": {"C": 59.33539939197531, "epsilon": 31.141892440294008, "gamma": 0.03687912378694265, "lamda": 0.0040170074285649305}, "datetime": {"datetime": "2021-10-06 14:20:26", "elapsed": 737.888656, "delta": 2.312348}}
{"target": -10.299476903804845, "params": {"C": 58.86524794032592, "epsilon": 31.476248499746546, "gamma": 0.01303740716050545, "lamda": 0.0049492174883488714}, "datetime": {"datetime": "2021-10-06 14:20:28", "elapsed": 740.321626, "delta": 2.43297}}
{"target": -10.405256564674566, "params": {"C": 86.37091119289562, "epsilon": 32.279171894685796, "gamma": 0.022651720254536337, "lamda": 0.01799545842199318}, "datetime": {"datetime": "2021-10-06 14:20:30", "elapsed": 742.688098, "delta": 2.366472}}
{"target": -10.510029757198422, "params": {"C": 107.34456945429437, "epsilon": 18.737775110201518, "gamma": 0.03061498586616413, "lamda": 0.01963913962532473}, "datetime": {"datetime": "2021-10-06 14:20:33", "elapsed": 745.080358, "delta": 2.39226}}
{"target": -10.320666671065668, "params": {"C": 55.52355420520411, "epsilon": 27.464737898548723, "gamma": 0.024821371392903156, "lamda": 0.01729080041841272}, "datetime": {"datetime": "2021-10-06 14:20:35", "elapsed": 747.500247, "delta": 2.419889}}
{"target": -10.48473371593679, "params": {"C": 57.12470797972372, "epsilon": 37.42094743956527, "gamma": 0.024242820603233843, "lamda": 0.017572907773879293}, "datetime": {"datetime": "2021-10-06 14:20:38", "elapsed": 749.819519, "delta": 2.319272}}
{"target": -10.477766843243955, "params": {"C": 71.10426290338516, "epsilon": 26.28974123085011, "gamma": 0.038315767224397425, "lamda": 0.009402986295958943}, "datetime": {"datetime": "2021-10-06 14:20:41", "elapsed": 753.32123, "delta": 3.501711}}
{"target": -10.451038321261358, "params": {"C": 92.95150484131611, "epsilon": 28.824225617462965, "gamma": 0.034878031888322086, "lamda": 0.008507031422116498}, "datetime": {"datetime": "2021-10-06 14:20:43", "elapsed": 755.768984, "delta": 2.447754}}
{"target": -10.467647729142433, "params": {"C": 52.21493997449561, "epsilon": 34.334175842544056, "gamma": 0.0352782781173716, "lamda": 0.005945577732294675}, "datetime": {"datetime": "2021-10-06 14:20:46", "elapsed": 758.08259, "delta": 2.313606}}
{"target": -10.127472462878671, "params": {"C": 55.84598817438569, "epsilon": 22.88247500355712, "gamma": 0.021708425925197998, "lamda": 0.004400852715684353}, "datetime": {"datetime": "2021-10-06 14:20:48", "elapsed": 760.476494, "delta": 2.393904}}
{"target": -10.232899966906906, "params": {"C": 30.83945798303472, "epsilon": 29.77304082734868, "gamma": 0.0155056045172757, "lamda": 0.008170152736142605}, "datetime": {"datetime": "2021-10-06 14:20:52", "elapsed": 763.904493, "delta": 3.427999}}
{"target": -10.472841113454823, "params": {"C": 104.20985987675807, "epsilon": 18.00109280173425, "gamma": 0.028781881034929423, "lamda": 0.015503600712387567}, "datetime": {"datetime": "2021-10-06 14:20:54", "elapsed": 766.311999, "delta": 2.407506}}
{"target": -10.261127441177852, "params": {"C": 41.97657200773007, "epsilon": 27.106238754987324, "gamma": 0.01453032595845621, "lamda": 0.008072431935975675}, "datetime": {"datetime": "2021-10-06 14:20:58", "elapsed": 769.899703, "delta": 3.587704}}
{"target": -10.399116978965424, "params": {"C": 78.37676761817417, "epsilon": 39.17130159013311, "gamma": 0.02708956438499705, "lamda": 0.013902415355875528}, "datetime": {"datetime": "2021-10-06 14:21:00", "elapsed": 772.382519, "delta": 2.482816}}
{"target": -10.273606577170593, "params": {"C": 53.58714591983366, "epsilon": 30.034489865832608, "gamma": 0.028882697792928035, "lamda": 0.0051445710471873934}, "datetime": {"datetime": "2021-10-06 14:21:02", "elapsed": 774.769495, "delta": 2.386976}}
{"target": -10.157496495330678, "params": {"C": 89.7644196851778, "epsilon": 29.53994046559107, "gamma": 0.013152209031139436, "lamda": 0.0017571987008389396}, "datetime": {"datetime": "2021-10-06 14:21:06", "elapsed": 778.67211, "delta": 3.902615}}
{"target": -10.540833774469393, "params": {"C": 85.62717182626955, "epsilon": 38.70445254886225, "gamma": 0.026779277673241376, "lamda": 0.01776543054519891}, "datetime": {"datetime": "2021-10-06 14:21:09", "elapsed": 781.115458, "delta": 2.443348}}
{"target": -10.437577796020477, "params": {"C": 65.37686677668862, "epsilon": 33.10447288422405, "gamma": 0.03399617173051722, "lamda": 0.017878683162939352}, "datetime": {"datetime": "2021-10-06 14:21:12", "elapsed": 784.278939, "delta": 3.163481}}
{"target": -10.59523684028158, "params": {"C": 82.8129123065263, "epsilon": 38.480271672132375, "gamma": 0.015252074222661971, "lamda": 0.009697505005900914}, "datetime": {"datetime": "2021-10-06 14:21:15", "elapsed": 787.675604, "delta": 3.396665}}
{"target": -10.404667231811045, "params": {"C": 32.42928590234466, "epsilon": 34.62142171559208, "gamma": 0.039217114491328205, "lamda": 0.015099245967565358}, "datetime": {"datetime": "2021-10-06 14:21:18", "elapsed": 790.228025, "delta": 2.552421}}
{"target": -10.66062490931253, "params": {"C": 88.14254692516201, "epsilon": 22.006690419713184, "gamma": 0.03739761671818843, "lamda": 0.0018123201362875328}, "datetime": {"datetime": "2021-10-06 14:21:20", "elapsed": 792.598532, "delta": 2.370507}}
{"target": -10.247587003001053, "params": {"C": 97.71484138995238, "epsilon": 23.20060342906377, "gamma": 0.02366779363716176, "lamda": 0.0033886547436495903}, "datetime": {"datetime": "2021-10-06 14:21:24", "elapsed": 795.993919, "delta": 3.395387}}
{"target": -10.285508576832543, "params": {"C": 41.53610300815111, "epsilon": 26.797151320019175, "gamma": 0.030160713133626733, "lamda": 0.010785867296702653}, "datetime": {"datetime": "2021-10-06 14:21:27", "elapsed": 799.046775, "delta": 3.052856}}
{"target": -10.64095946760379, "params": {"C": 51.417199881032374, "epsilon": 23.622298430573252, "gamma": 0.014600557304763628, "lamda": 0.019289225040875376}, "datetime": {"datetime": "2021-10-06 14:21:30", "elapsed": 802.751593, "delta": 3.704818}}
