{"target": -10.333039851306596, "params": {"C": 63.69228576527884, "epsilon": 32.963918670437245, "gamma": 0.028545421252023015, "lamda": 0.013728470606631413}, "datetime": {"datetime": "2021-10-06 13:31:28", "elapsed": 328.041788, "delta": 1.25449}}
{"target": -10.43683091037592, "params": {"C": 78.12838157620773, "epsilon": 21.419070432498614, "gamma": 0.029223193255041247, "lamda": 0.015440925630044093}, "datetime": {"datetime": "2021-10-06 13:31:30", "elapsed": 329.734818, "delta": 1.69303}}
{"target": -10.648411831293018, "params": {"C": 60.88634204590376, "epsilon": 31.921595031159104, "gamma": 0.014637839250274832, "lamda": 0.013901397651848847}, "datetime": {"datetime": "2021-10-06 13:31:31", "elapsed": 331.414092, "delta": 1.679274}}
{"target": -10.263518237122362, "params": {"C": 8.356681960178332, "epsilon": 23.876203471432163, "gamma": 0.025395156927751857, "lamda": 0.012146212871004647}, "datetime": {"datetime": "2021-10-06 13:31:33", "elapsed": 332.785468, "delta": 1.371376}}
{"target": -10.319990717595182, "params": {"C": 69.33425422617363, "epsilon": 28.2869592849968, "gamma": 0.026720519717315316, "lamda": 0.013493856211868391}, "datetime": {"datetime": "2021-10-06 13:31:34", "elapsed": 334.205223, "delta": 1.419755}}
{"target": -10.300425503609915, "params": {"C": 41.687701499450384, "epsilon": 10.706692870999248, "gamma": 0.032193249138166395, "lamda": 0.008436769835727598}, "datetime": {"datetime": "2021-10-06 13:31:36", "elapsed": 335.535182, "delta": 1.329959}}
{"target": -10.432627022427543, "params": {"C": 56.8458345045654, "epsilon": 32.542689637038535, "gamma": 0.039267740554404684, "lamda": 0.015393059900346052}, "datetime": {"datetime": "2021-10-06 13:31:37", "elapsed": 336.850419, "delta": 1.315237}}
{"target": -10.303750503175667, "params": {"C": 38.51402184490118, "epsilon": 30.574375274475486, "gamma": 0.02785211169449666, "lamda": 0.015121159187442177}, "datetime": {"datetime": "2021-10-06 13:31:39", "elapsed": 338.622438, "delta": 1.772019}}
{"target": -10.419626935228516, "params": {"C": 70.60976247983432, "epsilon": 19.719585938381464, "gamma": 0.01391511039190374, "lamda": 0.0106841280681271}, "datetime": {"datetime": "2021-10-06 13:31:40", "elapsed": 339.920092, "delta": 1.297654}}
{"target": -10.484026920177026, "params": {"C": 26.61276898147311, "epsilon": 34.65845543680663, "gamma": 0.023132417796763706, "lamda": 0.019447160923067332}, "datetime": {"datetime": "2021-10-06 13:31:42", "elapsed": 341.739831, "delta": 1.819739}}
{"target": -10.15714045760696, "params": {"C": 86.29705253119376, "epsilon": 13.40477050317108, "gamma": 0.020803271098547654, "lamda": 0.0032109626948199663}, "datetime": {"datetime": "2021-10-06 13:31:43", "elapsed": 343.091795, "delta": 1.351964}}
{"target": -10.438354565782538, "params": {"C": 88.21459902984648, "epsilon": 29.40651524814287, "gamma": 0.018133520251989027, "lamda": 0.01507972614148767}, "datetime": {"datetime": "2021-10-06 13:31:44", "elapsed": 344.451566, "delta": 1.359771}}
{"target": -10.423919567690499, "params": {"C": 53.84237453618202, "epsilon": 27.567501680755665, "gamma": 0.017260035182867117, "lamda": 0.01429291774505279}, "datetime": {"datetime": "2021-10-06 13:31:46", "elapsed": 345.962449, "delta": 1.510883}}
{"target": -10.38879967322373, "params": {"C": 87.6106490833431, "epsilon": 30.949980603542826, "gamma": 0.030373495485782456, "lamda": 0.005786810589320647}, "datetime": {"datetime": "2021-10-06 13:31:47", "elapsed": 347.356627, "delta": 1.394178}}
{"target": -10.452156245786286, "params": {"C": 88.96239937556373, "epsilon": 22.930282198575604, "gamma": 0.03407433763037669, "lamda": 0.008780023806929192}, "datetime": {"datetime": "2021-10-06 13:31:49", "elapsed": 348.993342, "delta": 1.636715}}
{"target": -10.413432616589573, "params": {"C": 90.17851594495912, "epsilon": 33.561916132646296, "gamma": 0.022569300126709137, "lamda": 0.00037682123811827944}, "datetime": {"datetime": "2021-10-06 13:31:50", "elapsed": 350.435143, "delta": 1.441801}}
{"target": -10.486763125380913, "params": {"C": 31.20924241009615, "epsilon": 14.022869362449118, "gamma": 0.012750948085433688, "lamda": 0.017489756128360914}, "datetime": {"datetime": "2021-10-06 13:31:52", "elapsed": 351.868944, "delta": 1.433801}}
{"target": -10.71401447489857, "params": {"C": 8.779353553548827, "epsilon": 33.622738965569255, "gamma": 0.02245943594510669, "lamda": 0.00409216063886336}, "datetime": {"datetime": "2021-10-06 13:31:53", "elapsed": 353.397907, "delta": 1.528963}}
{"target": -10.43090830684002, "params": {"C": 93.2049640923195, "epsilon": 29.00942938364624, "gamma": 0.034086917577912816, "lamda": 0.01987191229830585}, "datetime": {"datetime": "2021-10-06 13:31:56", "elapsed": 355.498437, "delta": 2.10053}}
{"target": -10.669609086750077, "params": {"C": 27.54109800819107, "epsilon": 31.315720097290907, "gamma": 0.010009746471818484, "lamda": 0.009898795334963678}, "datetime": {"datetime": "2021-10-06 13:31:57", "elapsed": 356.885627, "delta": 1.38719}}
{"target": -10.405444898935501, "params": {"C": 20.578573268777742, "epsilon": 12.350792325527701, "gamma": 0.037534211298473334, "lamda": 0.007043985669238115}, "datetime": {"datetime": "2021-10-06 13:31:59", "elapsed": 358.456342, "delta": 1.570715}}
{"target": -10.69739256152223, "params": {"C": 70.6133376830537, "epsilon": 33.97920863787651, "gamma": 0.01654402660069515, "lamda": 0.016754319746732357}, "datetime": {"datetime": "2021-10-06 13:32:00", "elapsed": 359.793242, "delta": 1.3369}}
{"target": -10.331532867752175, "params": {"C": 45.55612970233527, "epsilon": 23.82425237891293, "gamma": 0.02584961947743289, "lamda": 0.018863574355189185}, "datetime": {"datetime": "2021-10-06 13:32:01", "elapsed": 361.202603, "delta": 1.409361}}
{"target": -10.57603755001682, "params": {"C": 80.62315397251231, "epsilon": 13.541918808828708, "gamma": 0.03435898883916326, "lamda": 0.016071576559806528}, "datetime": {"datetime": "2021-10-06 13:32:03", "elapsed": 362.577734, "delta": 1.375131}}
{"target": -10.386981126052225, "params": {"C": 79.60280172295577, "epsilon": 15.975049723700524, "gamma": 0.03103423428351689, "lamda": 0.0035750649981418294}, "datetime": {"datetime": "2021-10-06 13:32:04", "elapsed": 363.98677, "delta": 1.409036}}
{"target": -10.357216771978344, "params": {"C": 87.98921743346953, "epsilon": 19.744403570851826, "gamma": 0.02079231002787009, "lamda": 0.017251119115218313}, "datetime": {"datetime": "2021-10-06 13:32:05", "elapsed": 365.414295, "delta": 1.427525}}
{"target": -10.204468023795261, "params": {"C": 61.64160028017645, "epsilon": 31.39735436763763, "gamma": 0.021666996963398695, "lamda": 0.0023886450298435794}, "datetime": {"datetime": "2021-10-06 13:32:07", "elapsed": 366.862774, "delta": 1.448479}}
{"target": -10.245213165674272, "params": {"C": 12.954125766172108, "epsilon": 29.982867180298005, "gamma": 0.02833299358078655, "lamda": 0.010909944630116325}, "datetime": {"datetime": "2021-10-06 13:32:09", "elapsed": 368.759561, "delta": 1.896787}}
{"target": -10.142389893856885, "params": {"C": 50.8778230527089, "epsilon": 25.482260903441166, "gamma": 0.019887418209278605, "lamda": 0.0029070417431609446}, "datetime": {"datetime": "2021-10-06 13:32:10", "elapsed": 370.162311, "delta": 1.40275}}
{"target": -10.530215364005773, "params": {"C": 90.49281819639509, "epsilon": 26.643840612387912, "gamma": 0.017165488908810134, "lamda": 0.018414478467800425}, "datetime": {"datetime": "2021-10-06 13:32:12", "elapsed": 371.555153, "delta": 1.392842}}
{"target": -10.334480204048406, "params": {"C": 8.698937654793104, "epsilon": 17.221203952112965, "gamma": 0.013066139932088251, "lamda": 0.01011051680875808}, "datetime": {"datetime": "2021-10-06 13:32:13", "elapsed": 373.041714, "delta": 1.486561}}
{"target": -10.31782907042079, "params": {"C": 25.1470971051249, "epsilon": 22.95771828760725, "gamma": 0.03574142901726506, "lamda": 0.004703140494928979}, "datetime": {"datetime": "2021-10-06 13:32:16", "elapsed": 376.005705, "delta": 2.963991}}
{"target": -10.441222616506955, "params": {"C": 49.42216223002615, "epsilon": 24.283585539516064, "gamma": 0.03466245788394447, "lamda": 0.00202976177300261}, "datetime": {"datetime": "2021-10-06 13:32:18", "elapsed": 377.511913, "delta": 1.506208}}
{"target": -10.267344136706036, "params": {"C": 31.588179799723342, "epsilon": 34.54892363164157, "gamma": 0.029624417930579246, "lamda": 0.011369163306431283}, "datetime": {"datetime": "2021-10-06 13:32:19", "elapsed": 379.4219, "delta": 1.909987}}
{"target": -10.145370731598168, "params": {"C": 50.495706003856164, "epsilon": 24.28064334776389, "gamma": 0.022242437962311137, "lamda": 0.005967873694169004}, "datetime": {"datetime": "2021-10-06 13:32:21", "elapsed": 380.98015, "delta": 1.55825}}
{"target": -10.562051614408995, "params": {"C": 58.11566278514027, "epsilon": 10.294256750854554, "gamma": 0.034663123596982, "lamda": 0.016191036099884128}, "datetime": {"datetime": "2021-10-06 13:32:22", "elapsed": 382.402147, "delta": 1.421997}}
{"target": -10.206470358610604, "params": {"C": 35.81705153712378, "epsilon": 20.51825333782437, "gamma": 0.028458754419023652, "lamda": 0.004121852236330216}, "datetime": {"datetime": "2021-10-06 13:32:25", "elapsed": 384.708977, "delta": 2.30683}}
{"target": -10.292733112119516, "params": {"C": 29.78725934573317, "epsilon": 29.774565118268967, "gamma": 0.024310058195890702, "lamda": 0.016375859094274706}, "datetime": {"datetime": "2021-10-06 13:32:26", "elapsed": 386.378486, "delta": 1.669509}}
{"target": -10.245176570875788, "params": {"C": 90.45183011350215, "epsilon": 19.593632835988384, "gamma": 0.02282959420497497, "lamda": 0.006176280257153566}, "datetime": {"datetime": "2021-10-06 13:32:28", "elapsed": 387.879486, "delta": 1.501}}
{"target": -10.260668510761459, "params": {"C": 13.865908140087566, "epsilon": 28.710253637372745, "gamma": 0.02083369481584934, "lamda": 0.016798743711857838}, "datetime": {"datetime": "2021-10-06 13:32:29", "elapsed": 389.401111, "delta": 1.521625}}
{"target": -10.252704426292063, "params": {"C": 33.03596841197319, "epsilon": 29.22438046838804, "gamma": 0.01236882926449388, "lamda": 0.003979298146070027}, "datetime": {"datetime": "2021-10-06 13:32:31", "elapsed": 390.905115, "delta": 1.504004}}
{"target": -10.357671111925027, "params": {"C": 32.139543010779, "epsilon": 33.28731275164169, "gamma": 0.034295131796019486, "lamda": 0.015135310619114958}, "datetime": {"datetime": "2021-10-06 13:32:33", "elapsed": 392.837952, "delta": 1.932837}}
{"target": -10.324200136090111, "params": {"C": 6.676150047364895, "epsilon": 22.923894517473897, "gamma": 0.02174679857776876, "lamda": 0.016667082135889924}, "datetime": {"datetime": "2021-10-06 13:32:34", "elapsed": 394.408064, "delta": 1.570112}}
{"target": -10.132134261016617, "params": {"C": 8.039184622112277, "epsilon": 18.802319573557625, "gamma": 0.018018356466348872, "lamda": 0.003989969129275447}, "datetime": {"datetime": "2021-10-06 13:32:36", "elapsed": 396.325959, "delta": 1.917895}}
{"target": -10.420895275960932, "params": {"C": 39.75731360415457, "epsilon": 19.22225434211287, "gamma": 0.01523487727135332, "lamda": 0.016253257263694594}, "datetime": {"datetime": "2021-10-06 13:32:38", "elapsed": 398.24603, "delta": 1.920071}}
{"target": -10.419700354370052, "params": {"C": 77.27852607717887, "epsilon": 26.717929340956488, "gamma": 0.03688421701032654, "lamda": 0.016782146469118252}, "datetime": {"datetime": "2021-10-06 13:32:40", "elapsed": 399.755375, "delta": 1.509345}}
{"target": -10.335296908318782, "params": {"C": 30.262857837652895, "epsilon": 30.42156324437002, "gamma": 0.03538705101941046, "lamda": 0.01460991770173309}, "datetime": {"datetime": "2021-10-06 13:32:41", "elapsed": 401.22139, "delta": 1.466015}}
{"target": -10.380611471172022, "params": {"C": 13.338261646827219, "epsilon": 18.442935807578266, "gamma": 0.012294505245072574, "lamda": 0.012245275650690156}, "datetime": {"datetime": "2021-10-06 13:32:43", "elapsed": 402.790256, "delta": 1.568866}}
{"target": -10.37270425540564, "params": {"C": 45.95814173331517, "epsilon": 33.137832448607256, "gamma": 0.02880974758360559, "lamda": 0.0022149591400233287}, "datetime": {"datetime": "2021-10-06 13:32:44", "elapsed": 404.340286, "delta": 1.55003}}
{"target": -10.341318474403298, "params": {"C": 34.45704353374713, "epsilon": 32.22334607184008, "gamma": 0.03431726174138618, "lamda": 0.01398126294683653}, "datetime": {"datetime": "2021-10-06 13:32:46", "elapsed": 405.859904, "delta": 1.519618}}
{"target": -10.121534525573342, "params": {"C": 34.434221121344656, "epsilon": 30.601642669747147, "gamma": 0.019933577001326662, "lamda": 0.00762126021849768}, "datetime": {"datetime": "2021-10-06 13:32:47", "elapsed": 407.43678, "delta": 1.576876}}
{"target": -10.308348747035273, "params": {"C": 69.53442170118514, "epsilon": 11.405080069351758, "gamma": 0.021600930965584818, "lamda": 0.010407424087536641}, "datetime": {"datetime": "2021-10-06 13:32:49", "elapsed": 409.053021, "delta": 1.616241}}
{"target": -10.197253598220039, "params": {"C": 46.76982587661776, "epsilon": 17.560752253444345, "gamma": 0.015154279513890045, "lamda": 0.006745915940987454}, "datetime": {"datetime": "2021-10-06 13:32:51", "elapsed": 410.519964, "delta": 1.466943}}
{"target": -10.360097016738349, "params": {"C": 72.38359377901212, "epsilon": 24.306074778929386, "gamma": 0.013547961957151548, "lamda": 0.007143148166862466}, "datetime": {"datetime": "2021-10-06 13:32:53", "elapsed": 412.638554, "delta": 2.11859}}
{"target": -10.339863992967127, "params": {"C": 58.39724745083834, "epsilon": 31.326529242419355, "gamma": 0.020968469437986935, "lamda": 0.0012272318530045594}, "datetime": {"datetime": "2021-10-06 13:32:54", "elapsed": 414.19504, "delta": 1.556486}}
{"target": -10.321766859068592, "params": {"C": 5.778615929641212, "epsilon": 25.96633726839147, "gamma": 0.021422561535033413, "lamda": 0.009677403539099742}, "datetime": {"datetime": "2021-10-06 13:32:56", "elapsed": 416.231403, "delta": 2.036363}}
{"target": -10.57421605932238, "params": {"C": 97.05450653788597, "epsilon": 34.236685528706936, "gamma": 0.013488026951869545, "lamda": 0.0070054070050416355}, "datetime": {"datetime": "2021-10-06 13:32:58", "elapsed": 417.718476, "delta": 1.487073}}
{"target": -10.411108745621444, "params": {"C": 87.57720340734487, "epsilon": 20.010808798461476, "gamma": 0.015263498676432681, "lamda": 0.01133495129715343}, "datetime": {"datetime": "2021-10-06 13:32:59", "elapsed": 419.23481, "delta": 1.516334}}
{"target": -10.21809517187971, "params": {"C": 13.142631906898684, "epsilon": 15.042868780610032, "gamma": 0.01721020702060161, "lamda": 0.00525839787308738}, "datetime": {"datetime": "2021-10-06 13:33:01", "elapsed": 420.885871, "delta": 1.651061}}
{"target": -10.273871532222664, "params": {"C": 39.60761605771459, "epsilon": 12.74117256826236, "gamma": 0.018336771201380934, "lamda": 0.012152908402072712}, "datetime": {"datetime": "2021-10-06 13:33:03", "elapsed": 423.050915, "delta": 2.165044}}
{"target": -10.659612236226874, "params": {"C": 10.22972283154293, "epsilon": 33.50354262555369, "gamma": 0.013197417916056978, "lamda": 0.007367890392505879}, "datetime": {"datetime": "2021-10-06 13:33:05", "elapsed": 425.131932, "delta": 2.081017}}
{"target": -10.462690625247843, "params": {"C": 95.94610099997406, "epsilon": 24.999936822474414, "gamma": 0.01746253839352874, "lamda": 0.01678070044362943}, "datetime": {"datetime": "2021-10-06 13:33:07", "elapsed": 426.665505, "delta": 1.533573}}
{"target": -10.171998090386891, "params": {"C": 23.592369813101175, "epsilon": 25.97660397311455, "gamma": 0.025319466873846307, "lamda": 0.009317318250593624}, "datetime": {"datetime": "2021-10-06 13:33:08", "elapsed": 428.253689, "delta": 1.588184}}
{"target": -10.216776610358199, "params": {"C": 55.60754105638206, "epsilon": 32.80585866357282, "gamma": 0.025637552721881333, "lamda": 0.005301014032194197}, "datetime": {"datetime": "2021-10-06 13:33:10", "elapsed": 429.842889, "delta": 1.5892}}
{"target": -10.467256828340659, "params": {"C": 93.8215250648476, "epsilon": 22.434207667165264, "gamma": 0.011711148851696574, "lamda": 0.006445739026328366}, "datetime": {"datetime": "2021-10-06 13:33:11", "elapsed": 431.378601, "delta": 1.535712}}
{"target": -10.278785504614566, "params": {"C": 56.56564889344639, "epsilon": 23.74049383101964, "gamma": 0.024142213668959557, "lamda": 0.015013445847911805}, "datetime": {"datetime": "2021-10-06 13:33:13", "elapsed": 432.895028, "delta": 1.516427}}
{"target": -10.551347088805954, "params": {"C": 91.64815235829579, "epsilon": 13.587180893716019, "gamma": 0.03539894658067177, "lamda": 0.011576658820624364}, "datetime": {"datetime": "2021-10-06 13:33:15", "elapsed": 434.922994, "delta": 2.027966}}
{"target": -10.653289836955615, "params": {"C": 93.74276896468375, "epsilon": 10.06803149882965, "gamma": 0.03699555347946811, "lamda": 0.0074035710521124605}, "datetime": {"datetime": "2021-10-06 13:33:17", "elapsed": 436.537369, "delta": 1.614375}}
{"target": -10.355369638316732, "params": {"C": 47.56040633716836, "epsilon": 29.768426320077868, "gamma": 0.03345467156267568, "lamda": 0.007324054105462833}, "datetime": {"datetime": "2021-10-06 13:33:18", "elapsed": 438.116377, "delta": 1.579008}}
{"target": -10.126290116718467, "params": {"C": 55.80159539482515, "epsilon": 24.00695449066093, "gamma": 0.0212242263465424, "lamda": 0.00573163534328834}, "datetime": {"datetime": "2021-10-06 13:33:20", "elapsed": 439.730081, "delta": 1.613704}}
{"target": -10.3896519832542, "params": {"C": 69.53488855234203, "epsilon": 19.41628346424325, "gamma": 0.026075250030829097, "lamda": 0.01416477167136954}, "datetime": {"datetime": "2021-10-06 13:33:21", "elapsed": 441.265428, "delta": 1.535347}}
{"target": -10.815993577996215, "params": {"C": 9.485443733727125, "epsilon": 34.052050718710234, "gamma": 0.01849831342185539, "lamda": 0.0023596552532960174}, "datetime": {"datetime": "2021-10-06 13:33:23", "elapsed": 443.067464, "delta": 1.802036}}
{"target": -10.36297629517686, "params": {"C": 84.95417314083387, "epsilon": 26.90285255304293, "gamma": 0.015154265345004034, "lamda": 0.008001367567449976}, "datetime": {"datetime": "2021-10-06 13:33:25", "elapsed": 444.626491, "delta": 1.559027}}
{"target": -10.599084322771027, "params": {"C": 33.48546541942515, "epsilon": 12.168210070383969, "gamma": 0.016349696584310493, "lamda": 0.0002226938709450379}, "datetime": {"datetime": "2021-10-06 13:33:27", "elapsed": 447.334768, "delta": 2.708277}}
{"target": -10.328056962194115, "params": {"C": 31.25473212503102, "epsilon": 17.072269811131296, "gamma": 0.030592353283989557, "lamda": 0.013867215347211038}, "datetime": {"datetime": "2021-10-06 13:33:30", "elapsed": 449.658082, "delta": 2.323314}}
{"target": -10.319630513206473, "params": {"C": 71.05340786649155, "epsilon": 10.775855437728163, "gamma": 0.01801419699106464, "lamda": 0.011720418164616296}, "datetime": {"datetime": "2021-10-06 13:33:31", "elapsed": 451.353754, "delta": 1.695672}}
{"target": -10.166281178465459, "params": {"C": 44.37262380536086, "epsilon": 23.896122992928113, "gamma": 0.023243079068387892, "lamda": 0.007580062339508249}, "datetime": {"datetime": "2021-10-06 13:33:33", "elapsed": 453.004649, "delta": 1.650895}}
{"target": -10.338041200950684, "params": {"C": 83.75494915218648, "epsilon": 23.890763956029343, "gamma": 0.025903681930060943, "lamda": 0.01759318163626687}, "datetime": {"datetime": "2021-10-06 13:33:35", "elapsed": 454.664396, "delta": 1.659747}}
{"target": -10.18692349093588, "params": {"C": 28.152862365160978, "epsilon": 25.77713101520831, "gamma": 0.016200246645546375, "lamda": 0.009927272836716326}, "datetime": {"datetime": "2021-10-06 13:33:36", "elapsed": 456.363395, "delta": 1.698999}}
{"target": -10.204692774482494, "params": {"C": 93.78315771490651, "epsilon": 33.72387312777085, "gamma": 0.019685703353709033, "lamda": 0.005546096827680426}, "datetime": {"datetime": "2021-10-06 13:33:38", "elapsed": 458.450975, "delta": 2.08758}}
{"target": -10.524779888823488, "params": {"C": 47.278932324962234, "epsilon": 20.639131886451597, "gamma": 0.0397866552734024, "lamda": 0.005312839071107988}, "datetime": {"datetime": "2021-10-06 13:33:40", "elapsed": 460.096556, "delta": 1.645581}}
{"target": -10.362482839222572, "params": {"C": 58.03314940909568, "epsilon": 28.13587411360926, "gamma": 0.010347893664605532, "lamda": 0.003702056362241458}, "datetime": {"datetime": "2021-10-06 13:33:42", "elapsed": 462.334662, "delta": 2.238106}}
{"target": -10.695955828161845, "params": {"C": 28.185174355756157, "epsilon": 23.27399799498985, "gamma": 0.011999815726615392, "lamda": 0.018886091546771944}, "datetime": {"datetime": "2021-10-06 13:33:44", "elapsed": 464.056092, "delta": 1.72143}}
{"target": -10.478821018710283, "params": {"C": 35.29486038996295, "epsilon": 25.65572927386561, "gamma": 0.03982976881316962, "lamda": 0.0187998962094401}, "datetime": {"datetime": "2021-10-06 13:33:46", "elapsed": 465.694921, "delta": 1.638829}}
{"target": -10.465120003867153, "params": {"C": 26.32901109102689, "epsilon": 26.587611398189363, "gamma": 0.011827492177736492, "lamda": 0.010419744417206655}, "datetime": {"datetime": "2021-10-06 13:33:47", "elapsed": 467.297078, "delta": 1.602157}}
{"target": -10.428265421775079, "params": {"C": 68.66289633437908, "epsilon": 29.857042150557692, "gamma": 0.037723563546948634, "lamda": 0.016517244828004915}, "datetime": {"datetime": "2021-10-06 13:33:49", "elapsed": 468.939953, "delta": 1.642875}}
{"target": -10.779580750296176, "params": {"C": 37.5910550848628, "epsilon": 30.858682215233525, "gamma": 0.012700009163921132, "lamda": 0.016165091591600306}, "datetime": {"datetime": "2021-10-06 13:33:51", "elapsed": 470.614273, "delta": 1.67432}}
