{"target": -12.478538855376948, "params": {"C": 8.132112397351626, "epsilon": 22.813968511791447, "gamma": 0.052152837178482084, "lamda": 0.10054708025403895}, "datetime": {"datetime": "2021-10-05 12:05:36", "elapsed": 892.008689, "delta": 4.512345}}
{"target": -14.352748490113862, "params": {"C": 14.716184313571276, "epsilon": 27.53725847215288, "gamma": 0.08181114299424003, "lamda": 0.1736443934241762}, "datetime": {"datetime": "2021-10-05 12:05:41", "elapsed": 897.296524, "delta": 5.287835}}
{"target": -16.428499873468716, "params": {"C": 21.070414127639353, "epsilon": 20.342501914787015, "gamma": 0.09669215759201509, "lamda": 0.20547367797311045}, "datetime": {"datetime": "2021-10-05 12:05:45", "elapsed": 901.736231, "delta": 4.439707}}
{"target": -11.57527892783107, "params": {"C": 82.87610167086811, "epsilon": 11.215337369405189, "gamma": 0.05991523728050434, "lamda": 0.056659063991512985}, "datetime": {"datetime": "2021-10-05 12:05:51", "elapsed": 907.81051, "delta": 6.074279}}
{"target": -11.337578797285849, "params": {"C": 21.41424429566912, "epsilon": 20.128743095159457, "gamma": 0.06857166745724404, "lamda": 0.04810056205013846}, "datetime": {"datetime": "2021-10-05 12:05:57", "elapsed": 913.037563, "delta": 5.227053}}
{"target": -15.115987914059058, "params": {"C": 8.15359100487878, "epsilon": 23.138481752581633, "gamma": 0.08985635223664788, "lamda": 0.18085628036040774}, "datetime": {"datetime": "2021-10-05 12:06:02", "elapsed": 918.721535, "delta": 5.683972}}
{"target": -14.934650181746543, "params": {"C": 54.90020806984094, "epsilon": 14.016134084575235, "gamma": 0.03321156791686062, "lamda": 0.1517624657087315}, "datetime": {"datetime": "2021-10-05 12:06:04", "elapsed": 920.932543, "delta": 2.211008}}
{"target": -11.231688248508009, "params": {"C": 75.66009841248375, "epsilon": 23.10799647453293, "gamma": 0.08136906730505673, "lamda": 0.03878991138156548}, "datetime": {"datetime": "2021-10-05 12:06:09", "elapsed": 925.561947, "delta": 4.629404}}
{"target": -12.872310555752586, "params": {"C": 56.341776981837945, "epsilon": 29.51259412113845, "gamma": 0.09038120399280462, "lamda": 0.11364037283816857}, "datetime": {"datetime": "2021-10-05 12:06:11", "elapsed": 927.783129, "delta": 2.221182}}
{"target": -14.120245670397367, "params": {"C": 12.624309850787947, "epsilon": 12.069521464416537, "gamma": 0.08785238908746579, "lamda": 0.12569451218437924}, "datetime": {"datetime": "2021-10-05 12:06:13", "elapsed": 929.973846, "delta": 2.190717}}
{"target": -16.9136249349503, "params": {"C": 56.69312139650161, "epsilon": 14.149069087908547, "gamma": 0.06832866597686052, "lamda": 0.1942164912433436}, "datetime": {"datetime": "2021-10-05 12:06:18", "elapsed": 934.258783, "delta": 4.284937}}
{"target": -11.543912192063226, "params": {"C": 55.88796697330874, "epsilon": 19.375700977838655, "gamma": 0.09997785976554638, "lamda": 0.0033032934858093594}, "datetime": {"datetime": "2021-10-05 12:06:20", "elapsed": 936.624651, "delta": 2.365868}}
{"target": -11.841394327176651, "params": {"C": 81.46348131800931, "epsilon": 26.983933961352765, "gamma": 0.02, "lamda": 0.0001}, "datetime": {"datetime": "2021-10-05 12:06:26", "elapsed": 942.456653, "delta": 5.832002}}
{"target": -12.898386760230677, "params": {"C": 57.11430511822581, "epsilon": 13.929319067635053, "gamma": 0.06498885638857652, "lamda": 0.0957605066247042}, "datetime": {"datetime": "2021-10-05 12:06:31", "elapsed": 947.961835, "delta": 5.505182}}
{"target": -15.716672433020824, "params": {"C": 73.13076076386251, "epsilon": 12.340879640976965, "gamma": 0.07651132763962214, "lamda": 0.16236559597247754}, "datetime": {"datetime": "2021-10-05 12:06:34", "elapsed": 950.214741, "delta": 2.252906}}
{"target": -10.939899893586324, "params": {"C": 21.57878998279427, "epsilon": 20.464862698069197, "gamma": 0.08963469266231262, "lamda": 0.0025942815614684615}, "datetime": {"datetime": "2021-10-05 12:06:39", "elapsed": 955.162681, "delta": 4.94794}}
{"target": -12.406764493008067, "params": {"C": 21.77503407097972, "epsilon": 20.712276809515714, "gamma": 0.025333201299620994, "lamda": 0.07483387816839228}, "datetime": {"datetime": "2021-10-05 12:06:44", "elapsed": 960.425147, "delta": 5.262466}}
{"target": -19.351867130307234, "params": {"C": 21.63739787864232, "epsilon": 20.30611684644498, "gamma": 0.060658175247216006, "lamda": 0.2708336999993477}, "datetime": {"datetime": "2021-10-05 12:06:50", "elapsed": 966.469752, "delta": 6.044605}}
{"target": -11.225725173925992, "params": {"C": 83.83933817339546, "epsilon": 11.713220329721652, "gamma": 0.039029438540837805, "lamda": 0.04551870414483283}, "datetime": {"datetime": "2021-10-05 12:06:55", "elapsed": 971.284673, "delta": 4.814921}}
{"target": -10.606321275155334, "params": {"C": 82.77142770401926, "epsilon": 10.549661650892656, "gamma": 0.029697043143753623, "lamda": 0.01337490480917491}, "datetime": {"datetime": "2021-10-05 12:07:00", "elapsed": 976.246952, "delta": 4.962279}}
{"target": -11.692481996991615, "params": {"C": 82.59826387834886, "epsilon": 10.777215712651575, "gamma": 0.08200661987489909, "lamda": 0.057342940660448295}, "datetime": {"datetime": "2021-10-05 12:07:06", "elapsed": 982.432681, "delta": 6.185729}}
{"target": -12.867265079617288, "params": {"C": 77.56424118098504, "epsilon": 23.823965124342298, "gamma": 0.1, "lamda": 0.0001}, "datetime": {"datetime": "2021-10-05 12:07:12", "elapsed": 988.425557, "delta": 5.992876}}
{"target": -12.758379129233496, "params": {"C": 82.56669740311274, "epsilon": 10.458884912217032, "gamma": 0.06563343480016803, "lamda": 0.09297146972688757}, "datetime": {"datetime": "2021-10-05 12:07:18", "elapsed": 994.807336, "delta": 6.381779}}
{"target": -15.9762886920087, "params": {"C": 84.12182768505623, "epsilon": 11.436793793496614, "gamma": 0.08078784180518925, "lamda": 0.16587381652496566}, "datetime": {"datetime": "2021-10-05 12:07:24", "elapsed": 1000.180169, "delta": 5.372833}}
{"target": -11.18312658501174, "params": {"C": 60.81954386683636, "epsilon": 14.14768741395781, "gamma": 0.05136256522430889, "lamda": 0.04225030324076352}, "datetime": {"datetime": "2021-10-05 12:07:29", "elapsed": 1005.292609, "delta": 5.11244}}
{"target": -10.33729272485207, "params": {"C": 60.348982381788005, "epsilon": 22.113826817238717, "gamma": 0.05054251155627913, "lamda": 0.014022635363078139}, "datetime": {"datetime": "2021-10-05 12:07:37", "elapsed": 1013.446359, "delta": 8.15375}}
{"target": -13.640334494278122, "params": {"C": 60.175241718923985, "epsilon": 22.298275333728053, "gamma": 0.06963403120577642, "lamda": 0.13088582754907604}, "datetime": {"datetime": "2021-10-05 12:07:42", "elapsed": 1018.896624, "delta": 5.450265}}
{"target": -17.922731418762215, "params": {"C": 12.993661970408203, "epsilon": 28.447686345987357, "gamma": 0.0237428619043573, "lamda": 0.293730369598194}, "datetime": {"datetime": "2021-10-05 12:07:45", "elapsed": 1021.330935, "delta": 2.434311}}
{"target": -11.830585341082426, "params": {"C": 19.310649823842343, "epsilon": 19.586266775490678, "gamma": 0.1, "lamda": 0.0001}, "datetime": {"datetime": "2021-10-05 12:07:51", "elapsed": 1027.97263, "delta": 6.641695}}
{"target": -12.790365219755188, "params": {"C": 65.62527230541875, "epsilon": 20.307736146277882, "gamma": 0.08487176467243002, "lamda": 0.09513669633801534}, "datetime": {"datetime": "2021-10-05 12:07:58", "elapsed": 1034.366562, "delta": 6.393932}}
{"target": -13.983934263455927, "params": {"C": 20.684985604478943, "epsilon": 15.53655917138015, "gamma": 0.08195262123601169, "lamda": 0.12768350253226354}, "datetime": {"datetime": "2021-10-05 12:08:05", "elapsed": 1041.235954, "delta": 6.869392}}
{"target": -13.815572150716878, "params": {"C": 71.71362895235764, "epsilon": 16.76008448632483, "gamma": 0.05912973133795758, "lamda": 0.12597631287373656}, "datetime": {"datetime": "2021-10-05 12:08:07", "elapsed": 1043.774386, "delta": 2.538432}}
{"target": -14.936009301833487, "params": {"C": 94.69244269650517, "epsilon": 26.022578374437376, "gamma": 0.02313272285050207, "lamda": 0.16742676173981139}, "datetime": {"datetime": "2021-10-05 12:08:10", "elapsed": 1046.146099, "delta": 2.371713}}
{"target": -12.752772970299011, "params": {"C": 21.219382274868888, "epsilon": 19.935228936397564, "gamma": 0.031031843234910258, "lamda": 0.0980967589046581}, "datetime": {"datetime": "2021-10-05 12:08:15", "elapsed": 1051.382445, "delta": 5.236346}}
{"target": -18.418134863732178, "params": {"C": 82.8567380183252, "epsilon": 10.73751751786152, "gamma": 0.09368022963395839, "lamda": 0.20097932761038373}, "datetime": {"datetime": "2021-10-05 12:08:22", "elapsed": 1058.104785, "delta": 6.72234}}
{"target": -14.114431108261899, "params": {"C": 66.43396254836863, "epsilon": 17.440499037363697, "gamma": 0.09442646847882642, "lamda": 0.12945556843299053}, "datetime": {"datetime": "2021-10-05 12:08:24", "elapsed": 1060.623501, "delta": 2.518716}}
{"target": -14.939563539007178, "params": {"C": 21.17103655236201, "epsilon": 15.223929068999835, "gamma": 0.07541632592889305, "lamda": 0.15065120233452448}, "datetime": {"datetime": "2021-10-05 12:08:29", "elapsed": 1065.552443, "delta": 4.928942}}
{"target": -18.196909383821577, "params": {"C": 38.925049016580395, "epsilon": 22.50434040477225, "gamma": 0.09529817628533895, "lamda": 0.2592471555750136}, "datetime": {"datetime": "2021-10-05 12:08:31", "elapsed": 1067.86591, "delta": 2.313467}}
{"target": -12.595500192418859, "params": {"C": 80.65234979863588, "epsilon": 11.45680281134208, "gamma": 0.04006806430523384, "lamda": 0.09248670222481449}, "datetime": {"datetime": "2021-10-05 12:08:34", "elapsed": 1070.274549, "delta": 2.408639}}
{"target": -11.817842814996881, "params": {"C": 48.841833731559625, "epsilon": 17.05082001360436, "gamma": 0.05392434069251632, "lamda": 0.06993507321086115}, "datetime": {"datetime": "2021-10-05 12:08:36", "elapsed": 1072.652713, "delta": 2.378164}}
{"target": -14.246953980757315, "params": {"C": 99.22240210655632, "epsilon": 28.39075832728526, "gamma": 0.09026516886811173, "lamda": 0.16741860381333662}, "datetime": {"datetime": "2021-10-05 12:08:42", "elapsed": 1078.03955, "delta": 5.386837}}
{"target": -11.788224125517061, "params": {"C": 14.380294824900583, "epsilon": 27.175067376483725, "gamma": 0.06556523601148523, "lamda": 0.07431983987755975}, "datetime": {"datetime": "2021-10-05 12:08:48", "elapsed": 1083.998125, "delta": 5.958575}}
{"target": -11.150628240958035, "params": {"C": 82.52117792074408, "epsilon": 11.113382407580538, "gamma": 0.07726977437338203, "lamda": 0.03705634808534195}, "datetime": {"datetime": "2021-10-05 12:08:53", "elapsed": 1089.359802, "delta": 5.361677}}
{"target": -10.505743153310828, "params": {"C": 21.336103809608876, "epsilon": 20.62004156263496, "gamma": 0.07499388156023334, "lamda": 0.0026886140817535147}, "datetime": {"datetime": "2021-10-05 12:08:59", "elapsed": 1095.402586, "delta": 6.042784}}
{"target": -14.957281681503964, "params": {"C": 82.199293374608, "epsilon": 10.973532204519161, "gamma": 0.08084148377215372, "lamda": 0.14500227646900823}, "datetime": {"datetime": "2021-10-05 12:09:06", "elapsed": 1102.323217, "delta": 6.920631}}
{"target": -14.031349044834919, "params": {"C": 84.50297247224087, "epsilon": 10.468963148712538, "gamma": 0.03419567128792624, "lamda": 0.12688580494502735}, "datetime": {"datetime": "2021-10-05 12:09:08", "elapsed": 1104.655029, "delta": 2.331812}}
{"target": -13.308723763916545, "params": {"C": 82.51264750640658, "epsilon": 11.347745689838842, "gamma": 0.053032322952395614, "lamda": 0.111839623595979}, "datetime": {"datetime": "2021-10-05 12:09:14", "elapsed": 1110.363222, "delta": 5.708193}}
{"target": -10.86109871681811, "params": {"C": 28.809939507855386, "epsilon": 16.017097050974023, "gamma": 0.08917671154732698, "lamda": 0.005216152367039103}, "datetime": {"datetime": "2021-10-05 12:09:16", "elapsed": 1112.880532, "delta": 2.51731}}
{"target": -19.31851673660003, "params": {"C": 56.34055174716528, "epsilon": 18.8823643756624, "gamma": 0.021332965060444496, "lamda": 0.24928329319156525}, "datetime": {"datetime": "2021-10-05 12:09:19", "elapsed": 1115.201624, "delta": 2.321092}}
{"target": -13.537526910205699, "params": {"C": 29.003675906552964, "epsilon": 16.155803478325062, "gamma": 0.08612495563514633, "lamda": 0.11456265644661948}, "datetime": {"datetime": "2021-10-05 12:09:25", "elapsed": 1121.525337, "delta": 6.323713}}
{"target": -10.355619444872415, "params": {"C": 28.614340917793854, "epsilon": 16.216519396265888, "gamma": 0.050397120340600426, "lamda": 0.00023948110839628576}, "datetime": {"datetime": "2021-10-05 12:09:31", "elapsed": 1127.353212, "delta": 5.827875}}
{"target": -11.864179860217876, "params": {"C": 81.44709583187509, "epsilon": 27.64101278641044, "gamma": 0.02, "lamda": 0.0001}, "datetime": {"datetime": "2021-10-05 12:09:40", "elapsed": 1136.21284, "delta": 8.859628}}
{"target": -12.002439532574968, "params": {"C": 14.638310788242778, "epsilon": 26.950468293275645, "gamma": 0.0932955990183798, "lamda": 0.07446770223130995}, "datetime": {"datetime": "2021-10-05 12:09:46", "elapsed": 1142.040158, "delta": 5.827318}}
{"target": -17.067178618020574, "params": {"C": 52.73070416679538, "epsilon": 24.14744282651128, "gamma": 0.07484617740579359, "lamda": 0.2521923758005556}, "datetime": {"datetime": "2021-10-05 12:09:48", "elapsed": 1144.402917, "delta": 2.362759}}
{"target": -17.9231030221917, "params": {"C": 28.246838401842982, "epsilon": 16.06943529576538, "gamma": 0.05053195057351478, "lamda": 0.22888026592716684}, "datetime": {"datetime": "2021-10-05 12:09:54", "elapsed": 1150.559566, "delta": 6.156649}}
{"target": -10.783881212783035, "params": {"C": 4.7286486565191925, "epsilon": 16.17094143584124, "gamma": 0.06675152388193933, "lamda": 0.01907435776989125}, "datetime": {"datetime": "2021-10-05 12:10:01", "elapsed": 1157.432019, "delta": 6.872453}}
{"target": -11.661882021599821, "params": {"C": 70.1796856187838, "epsilon": 24.806028670727997, "gamma": 0.05468750883885379, "lamda": 0.06674415088187241}, "datetime": {"datetime": "2021-10-05 12:10:03", "elapsed": 1159.989605, "delta": 2.557586}}
{"target": -17.395514857711415, "params": {"C": 28.684956396971714, "epsilon": 16.03701619567692, "gamma": 0.022654532448571737, "lamda": 0.20787412194837174}, "datetime": {"datetime": "2021-10-05 12:10:10", "elapsed": 1166.827523, "delta": 6.837918}}
{"target": -10.984633806394136, "params": {"C": 41.4796945610072, "epsilon": 15.216134844773933, "gamma": 0.06857826017883782, "lamda": 0.0009393727689493222}, "datetime": {"datetime": "2021-10-05 12:10:17", "elapsed": 1173.016161, "delta": 6.188638}}
{"target": -14.345766621648396, "params": {"C": 59.270730341472245, "epsilon": 29.208261352260045, "gamma": 0.0454153857115564, "lamda": 0.1841229145821798}, "datetime": {"datetime": "2021-10-05 12:10:19", "elapsed": 1175.56506, "delta": 2.548899}}
{"target": -10.917710043479447, "params": {"C": 9.50394126677265, "epsilon": 23.926233336131283, "gamma": 0.08966502784946048, "lamda": 0.02299770590413653}, "datetime": {"datetime": "2021-10-05 12:10:27", "elapsed": 1183.895143, "delta": 8.330083}}
{"target": -13.516974644047508, "params": {"C": 83.77042544404972, "epsilon": 12.091503852692016, "gamma": 0.09572803717776317, "lamda": 0.10785980644160678}, "datetime": {"datetime": "2021-10-05 12:10:33", "elapsed": 1189.557217, "delta": 5.662074}}
{"target": -11.026735162049087, "params": {"C": 9.585698854700256, "epsilon": 24.209851693668817, "gamma": 0.04203078270979113, "lamda": 0.029305829419182635}, "datetime": {"datetime": "2021-10-05 12:10:40", "elapsed": 1196.17415, "delta": 6.616933}}
{"target": -18.326801792156242, "params": {"C": 9.690587468918638, "epsilon": 24.330849750900008, "gamma": 0.07314893425444174, "lamda": 0.2845878224173226}, "datetime": {"datetime": "2021-10-05 12:10:46", "elapsed": 1202.214779, "delta": 6.040629}}
{"target": -21.747536631636564, "params": {"C": 41.236484633962455, "epsilon": 14.946920439188833, "gamma": 0.06599109479909018, "lamda": 0.26483588392163815}, "datetime": {"datetime": "2021-10-05 12:10:53", "elapsed": 1209.591081, "delta": 7.376302}}
{"target": -17.619547870639572, "params": {"C": 35.88919565312825, "epsilon": 22.121650351258708, "gamma": 0.022090994342131617, "lamda": 0.2369572167454083}, "datetime": {"datetime": "2021-10-05 12:10:56", "elapsed": 1212.298563, "delta": 2.707482}}
{"target": -10.857021026950706, "params": {"C": 52.8453417147146, "epsilon": 11.58057735694253, "gamma": 0.05465302891372251, "lamda": 0.0009613330611373616}, "datetime": {"datetime": "2021-10-05 12:10:58", "elapsed": 1214.908552, "delta": 2.609989}}
{"target": -10.505174003879466, "params": {"C": 41.67758399646476, "epsilon": 15.221341288007464, "gamma": 0.029966573172385942, "lamda": 0.0018303871065950658}, "datetime": {"datetime": "2021-10-05 12:11:06", "elapsed": 1222.601938, "delta": 7.693386}}
{"target": -15.797259636273466, "params": {"C": 44.97839540499612, "epsilon": 26.07137811398899, "gamma": 0.084224167617532, "lamda": 0.2208946257571805}, "datetime": {"datetime": "2021-10-05 12:11:09", "elapsed": 1225.259349, "delta": 2.657411}}
{"target": -11.549456944254306, "params": {"C": 39.92709888809933, "epsilon": 15.067650828503911, "gamma": 0.04957939757591934, "lamda": 0.05859061727359218}, "datetime": {"datetime": "2021-10-05 12:11:11", "elapsed": 1227.768171, "delta": 2.508822}}
{"target": -11.769315143542284, "params": {"C": 53.127805364255835, "epsilon": 11.544425817014245, "gamma": 0.09999024750235946, "lamda": 0.0038963281868557745}, "datetime": {"datetime": "2021-10-05 12:11:19", "elapsed": 1235.636419, "delta": 7.868248}}
{"target": -11.35512688731182, "params": {"C": 52.963827989297805, "epsilon": 11.82954540609597, "gamma": 0.05751034654181191, "lamda": 0.0001}, "datetime": {"datetime": "2021-10-05 12:11:28", "elapsed": 1244.754605, "delta": 9.118186}}
{"target": -13.062404853648966, "params": {"C": 9.766019187959317, "epsilon": 23.933777950435392, "gamma": 0.0998457276318423, "lamda": 0.10801817250967806}, "datetime": {"datetime": "2021-10-05 12:11:36", "elapsed": 1252.849813, "delta": 8.095208}}
{"target": -19.320007112078226, "params": {"C": 52.841909203259625, "epsilon": 11.80866095761152, "gamma": 0.05152525913443516, "lamda": 0.2267646427892155}, "datetime": {"datetime": "2021-10-05 12:11:43", "elapsed": 1259.877843, "delta": 7.02803}}
{"target": -10.687490211516018, "params": {"C": 16.223788781816676, "epsilon": 20.578013749259824, "gamma": 0.09560618801290335, "lamda": 0.01148846100125463}, "datetime": {"datetime": "2021-10-05 12:11:49", "elapsed": 1265.643322, "delta": 5.765479}}
{"target": -11.45851063968409, "params": {"C": 40.276514019944884, "epsilon": 15.051324082557748, "gamma": 0.045562447334591485, "lamda": 0.05391057296235082}, "datetime": {"datetime": "2021-10-05 12:11:56", "elapsed": 1272.47046, "delta": 6.827138}}
{"target": -11.20823983621344, "params": {"C": 16.55568538663585, "epsilon": 20.654422238725623, "gamma": 0.04585685106245996, "lamda": 0.04124192995625095}, "datetime": {"datetime": "2021-10-05 12:11:59", "elapsed": 1275.254719, "delta": 2.784259}}
{"target": -10.902788700553064, "params": {"C": 15.898545262486644, "epsilon": 20.434675887050645, "gamma": 0.0851655650223665, "lamda": 0.02378570456930787}, "datetime": {"datetime": "2021-10-05 12:12:05", "elapsed": 1281.784243, "delta": 6.529524}}
{"target": -14.89781589619964, "params": {"C": 16.024890362558512, "epsilon": 20.287167036094914, "gamma": 0.05603118152758471, "lamda": 0.1695475774189025}, "datetime": {"datetime": "2021-10-05 12:12:11", "elapsed": 1287.452733, "delta": 5.66849}}
{"target": -17.22412114584324, "params": {"C": 15.827491441727348, "epsilon": 20.661706449242534, "gamma": 0.09984859636526502, "lamda": 0.22862377940445508}, "datetime": {"datetime": "2021-10-05 12:12:19", "elapsed": 1295.087853, "delta": 7.63512}}
{"target": -13.104310426959277, "params": {"C": 40.165822374352, "epsilon": 15.299023775523784, "gamma": 0.05820981330589803, "lamda": 0.1067173058440723}, "datetime": {"datetime": "2021-10-05 12:12:26", "elapsed": 1302.952441, "delta": 7.864588}}
{"target": -18.374013377072288, "params": {"C": 14.661154428579394, "epsilon": 27.152287134284077, "gamma": 0.03719915171694842, "lamda": 0.29946885265205164}, "datetime": {"datetime": "2021-10-05 12:12:35", "elapsed": 1311.172276, "delta": 8.219835}}
{"target": -10.637384773051854, "params": {"C": 23.819355914528977, "epsilon": 17.626196661509145, "gamma": 0.06475870115215429, "lamda": 0.02298348988061477}, "datetime": {"datetime": "2021-10-05 12:12:41", "elapsed": 1317.810232, "delta": 6.637956}}
{"target": -15.899839533399795, "params": {"C": 14.832608333935463, "epsilon": 19.293787527407236, "gamma": 0.06501442984641588, "lamda": 0.1926623208613098}, "datetime": {"datetime": "2021-10-05 12:12:44", "elapsed": 1320.431983, "delta": 2.621751}}
{"target": -11.248846435550131, "params": {"C": 41.703000817815095, "epsilon": 15.495184646964194, "gamma": 0.07534429725170118, "lamda": 0.04249473159266466}, "datetime": {"datetime": "2021-10-05 12:12:51", "elapsed": 1327.061123, "delta": 6.62914}}
{"target": -16.14618642052845, "params": {"C": 76.39202239979734, "epsilon": 22.536765892966137, "gamma": 0.04671777012685277, "lamda": 0.21960802181833974}, "datetime": {"datetime": "2021-10-05 12:12:53", "elapsed": 1329.731151, "delta": 2.670028}}
{"target": -11.169262068347066, "params": {"C": 9.377007174716551, "epsilon": 24.129650785116063, "gamma": 0.0918827711550288, "lamda": 0.03649318390250778}, "datetime": {"datetime": "2021-10-05 12:13:01", "elapsed": 1337.366337, "delta": 7.635186}}
{"target": -12.84100295824544, "params": {"C": 97.03114855349162, "epsilon": 25.711857224571194, "gamma": 0.1, "lamda": 0.0001}, "datetime": {"datetime": "2021-10-05 12:13:08", "elapsed": 1344.417636, "delta": 7.051299}}
