{"target": -50.05969997544014, "params": {"C": 18.004111645279988, "epsilon": 11.684720904283713, "gamma": 0.10520054802485111, "lamda": 0.49865550959017735}, "datetime": {"datetime": "2021-10-05 09:54:03", "elapsed": 32.798305, "delta": 0.423369}}
{"target": -13.993142223115926, "params": {"C": 84.6041855048531, "epsilon": 16.912761294309362, "gamma": 0.040325271236287485, "lamda": 0.13333748404252285}, "datetime": {"datetime": "2021-10-05 09:54:04", "elapsed": 33.415693, "delta": 0.617388}}
{"target": -14.30976693690614, "params": {"C": 51.154590344727744, "epsilon": 2.8768597748523552, "gamma": 0.04631376420936919, "lamda": 0.15109854972815528}, "datetime": {"datetime": "2021-10-05 09:54:04", "elapsed": 33.848114, "delta": 0.432421}}
{"target": -14.862040609385796, "params": {"C": 86.11312988158897, "epsilon": 12.727225338506575, "gamma": 0.1597258703007681, "lamda": 0.1227872478158496}, "datetime": {"datetime": "2021-10-05 09:54:05", "elapsed": 34.387208, "delta": 0.539094}}
{"target": -64.27631845063054, "params": {"C": 84.65493845577168, "epsilon": 15.692724578398892, "gamma": 0.08293997748416808, "lamda": 0.765003816644638}, "datetime": {"datetime": "2021-10-05 09:54:05", "elapsed": 34.819672, "delta": 0.432464}}
{"target": -14.93197778818874, "params": {"C": 53.30860359854544, "epsilon": 5.329674166343554, "gamma": 0.00947751062968032, "lamda": 0.1096506967045345}, "datetime": {"datetime": "2021-10-05 09:54:06", "elapsed": 35.289863, "delta": 0.470191}}
{"target": -14.86391653306155, "params": {"C": 54.38304255634061, "epsilon": 3.717444186013325, "gamma": 0.19399227385128087, "lamda": 0.12405981697519654}, "datetime": {"datetime": "2021-10-05 09:54:06", "elapsed": 35.889095, "delta": 0.599232}}
{"target": -20.647843996741802, "params": {"C": 15.770535165000732, "epsilon": 18.050990907830574, "gamma": 0.13383291060739003, "lamda": 0.2612848251511612}, "datetime": {"datetime": "2021-10-05 09:54:07", "elapsed": 36.475144, "delta": 0.586049}}
{"target": -13.105623308259684, "params": {"C": 54.501654327428916, "epsilon": 2.7325900880652694, "gamma": 0.10620239478069449, "lamda": 0.0005}, "datetime": {"datetime": "2021-10-05 09:54:08", "elapsed": 37.256924, "delta": 0.78178}}
{"target": -13.864881079047004, "params": {"C": 54.311681855559506, "epsilon": 4.856535291633243, "gamma": 0.2, "lamda": 0.0005}, "datetime": {"datetime": "2021-10-05 09:54:08", "elapsed": 38.021968, "delta": 0.765044}}
{"target": -67.43447775402194, "params": {"C": 85.4542492712942, "epsilon": 11.29785608958283, "gamma": 0.0299947383117965, "lamda": 0.6649871972797939}, "datetime": {"datetime": "2021-10-05 09:54:09", "elapsed": 38.59603, "delta": 0.574062}}
{"target": -10.294222856848533, "params": {"C": 84.55370273199783, "epsilon": 17.969420011626287, "gamma": 0.04952160247076046, "lamda": 0.01203274747257572}, "datetime": {"datetime": "2021-10-05 09:54:09", "elapsed": 39.113135, "delta": 0.517105}}
{"target": -54.492937978780716, "params": {"C": 85.25269328849122, "epsilon": 17.898743257798603, "gamma": 0.04168141768897168, "lamda": 0.6815100269024764}, "datetime": {"datetime": "2021-10-05 09:54:10", "elapsed": 39.699257, "delta": 0.586122}}
{"target": -12.035669646303216, "params": {"C": 84.17561760019521, "epsilon": 13.878237817016204, "gamma": 0.1450690960748494, "lamda": 0.046230597200519453}, "datetime": {"datetime": "2021-10-05 09:54:11", "elapsed": 40.216122, "delta": 0.516865}}
{"target": -19.12862023881446, "params": {"C": 23.14401859171923, "epsilon": 10.080337670752279, "gamma": 0.09847999429802218, "lamda": 0.2136080403575035}, "datetime": {"datetime": "2021-10-05 09:54:11", "elapsed": 40.822952, "delta": 0.60683}}
{"target": -42.89615204172552, "params": {"C": 23.79462898050209, "epsilon": 11.353640572982906, "gamma": 0.11783156575676267, "lamda": 0.45098969460258115}, "datetime": {"datetime": "2021-10-05 09:54:12", "elapsed": 41.483865, "delta": 0.660913}}
{"target": -62.6953170868774, "params": {"C": 52.59590591925759, "epsilon": 6.612326452103247, "gamma": 0.08795508130258818, "lamda": 0.5027862261196143}, "datetime": {"datetime": "2021-10-05 09:54:12", "elapsed": 42.01779, "delta": 0.533925}}
{"target": -10.629249874681673, "params": {"C": 14.336096620794184, "epsilon": 17.652805925019955, "gamma": 0.08787126960718371, "lamda": 0.011145983784096305}, "datetime": {"datetime": "2021-10-05 09:54:13", "elapsed": 42.723095, "delta": 0.705305}}
{"target": -79.70533540117556, "params": {"C": 21.87263978531508, "epsilon": 11.176799301354794, "gamma": 0.011316174419007976, "lamda": 0.7121729674278492}, "datetime": {"datetime": "2021-10-05 09:54:14", "elapsed": 43.252963, "delta": 0.529868}}
{"target": -72.02119742980321, "params": {"C": 86.79882656341405, "epsilon": 13.077341690812585, "gamma": 0.052733576841027995, "lamda": 0.7295024629835493}, "datetime": {"datetime": "2021-10-05 09:54:14", "elapsed": 43.719078, "delta": 0.466115}}
{"target": -65.43884672634836, "params": {"C": 83.71731090367254, "epsilon": 13.671618516394037, "gamma": 0.025996158748855677, "lamda": 0.7172094460619765}, "datetime": {"datetime": "2021-10-05 09:54:15", "elapsed": 44.230348, "delta": 0.51127}}
{"target": -58.438087384345906, "params": {"C": 14.457477548413143, "epsilon": 17.847888847382496, "gamma": 0.02237157992417195, "lamda": 0.7050894983571484}, "datetime": {"datetime": "2021-10-05 09:54:15", "elapsed": 44.716147, "delta": 0.485799}}
{"target": -48.88577460745348, "params": {"C": 50.00695406998518, "epsilon": 18.860327229883957, "gamma": 0.06899734757539855, "lamda": 0.6327155800096089}, "datetime": {"datetime": "2021-10-05 09:54:15", "elapsed": 45.179807, "delta": 0.46366}}
{"target": -10.968974305012583, "params": {"C": 17.536313031606074, "epsilon": 15.755894006025954, "gamma": 0.07658490701795677, "lamda": 0.03278580065894083}, "datetime": {"datetime": "2021-10-05 09:54:16", "elapsed": 45.681255, "delta": 0.501448}}
{"target": -23.204591306969334, "params": {"C": 29.231143366356367, "epsilon": 28.986844213941424, "gamma": 0.036141179210729436, "lamda": 0.4306083956371296}, "datetime": {"datetime": "2021-10-05 09:54:16", "elapsed": 46.119985, "delta": 0.43873}}
{"target": -12.66717929919671, "params": {"C": 84.29008563206571, "epsilon": 17.49383032743634, "gamma": 0.1828105067001998, "lamda": 0.05602720248366603}, "datetime": {"datetime": "2021-10-05 09:54:17", "elapsed": 46.652668, "delta": 0.532683}}
{"target": -71.38300500860105, "params": {"C": 53.9757191475594, "epsilon": 4.959958686373625, "gamma": 0.18043022773295214, "lamda": 0.6415038247124473}, "datetime": {"datetime": "2021-10-05 09:54:17", "elapsed": 47.169522, "delta": 0.516854}}
{"target": -29.129353762931427, "params": {"C": 15.915881564704087, "epsilon": 19.451125484045672, "gamma": 0.18947263192241717, "lamda": 0.3739581307191291}, "datetime": {"datetime": "2021-10-05 09:54:18", "elapsed": 47.724371, "delta": 0.554849}}
{"target": -45.18495247745008, "params": {"C": 55.861860858539124, "epsilon": 15.310236122320646, "gamma": 0.1833996583693576, "lamda": 0.550083307436531}, "datetime": {"datetime": "2021-10-05 09:54:19", "elapsed": 48.187683, "delta": 0.463312}}
{"target": -10.955124252805057, "params": {"C": 83.9508531961636, "epsilon": 16.347615637022326, "gamma": 0.009871978034927184, "lamda": 0.001226264389940189}, "datetime": {"datetime": "2021-10-05 09:54:19", "elapsed": 49.048944, "delta": 0.861261}}
{"target": -60.86665130907903, "params": {"C": 52.180464510332406, "epsilon": 4.483163757712662, "gamma": 0.04635415185400559, "lamda": 0.44694463829006204}, "datetime": {"datetime": "2021-10-05 09:54:20", "elapsed": 49.612903, "delta": 0.563959}}
{"target": -11.135480628144327, "params": {"C": 52.53330394454189, "epsilon": 5.444780466291443, "gamma": 0.03395645901228512, "lamda": 0.0500762317208528}, "datetime": {"datetime": "2021-10-05 09:54:20", "elapsed": 50.150195, "delta": 0.537292}}
{"target": -15.56398925791388, "params": {"C": 87.8931791618687, "epsilon": 13.247406597110167, "gamma": 0.14686894415866536, "lamda": 0.14491405320725342}, "datetime": {"datetime": "2021-10-05 09:54:21", "elapsed": 50.649557, "delta": 0.499362}}
{"target": -14.97133447279827, "params": {"C": 52.13276909906555, "epsilon": 5.758268855296905, "gamma": 0.1421978946955467, "lamda": 0.1350056034447238}, "datetime": {"datetime": "2021-10-05 09:54:21", "elapsed": 51.165081, "delta": 0.515524}}
{"target": -12.018563923656888, "params": {"C": 85.56083114460739, "epsilon": 13.001405894429666, "gamma": 0.153115393081713, "lamda": 0.03063672501204241}, "datetime": {"datetime": "2021-10-05 09:54:22", "elapsed": 51.690376, "delta": 0.525295}}
{"target": -11.984872647249441, "params": {"C": 84.06412294390906, "epsilon": 18.09864751090018, "gamma": 0.026110390751771802, "lamda": 0.057778164558765055}, "datetime": {"datetime": "2021-10-05 09:54:22", "elapsed": 52.129276, "delta": 0.4389}}
{"target": -54.474479360602714, "params": {"C": 17.321932884883623, "epsilon": 16.100006157897408, "gamma": 0.05398778977628947, "lamda": 0.6123918546381185}, "datetime": {"datetime": "2021-10-05 09:54:23", "elapsed": 52.677641, "delta": 0.548365}}
{"target": -35.81620239823301, "params": {"C": 13.351478140817303, "epsilon": 18.835998918732656, "gamma": 0.048415382148479284, "lamda": 0.4363827928607719}, "datetime": {"datetime": "2021-10-05 09:54:24", "elapsed": 53.213538, "delta": 0.535897}}
{"target": -24.97468064374789, "params": {"C": 85.76308511577167, "epsilon": 12.347768165683263, "gamma": 0.13015834717857397, "lamda": 0.28389358126715186}, "datetime": {"datetime": "2021-10-05 09:54:24", "elapsed": 53.766441, "delta": 0.552903}}
{"target": -11.329060500656333, "params": {"C": 36.96706444099141, "epsilon": 13.561327517432701, "gamma": 0.02027151887205713, "lamda": 0.025857861032539644}, "datetime": {"datetime": "2021-10-05 09:54:25", "elapsed": 54.320963, "delta": 0.554522}}
{"target": -14.9731569006891, "params": {"C": 96.81462229770194, "epsilon": 7.305163840560093, "gamma": 0.11141258012141961, "lamda": 0.14096899006498653}, "datetime": {"datetime": "2021-10-05 09:54:25", "elapsed": 54.878595, "delta": 0.557632}}
{"target": -21.563643256249183, "params": {"C": 53.91694638202155, "epsilon": 2.3119337277063527, "gamma": 0.12850352315142738, "lamda": 0.2608815054020297}, "datetime": {"datetime": "2021-10-05 09:54:26", "elapsed": 55.542807, "delta": 0.664212}}
{"target": -91.69150421639883, "params": {"C": 54.411756328681385, "epsilon": 3.1605227423525544, "gamma": 0.07358634214636461, "lamda": 0.7338100491147845}, "datetime": {"datetime": "2021-10-05 09:54:26", "elapsed": 56.124723, "delta": 0.581916}}
{"target": -19.79728530989415, "params": {"C": 4.7740312711640875, "epsilon": 4.699495206696174, "gamma": 0.01231889278360719, "lamda": 0.18628845682768516}, "datetime": {"datetime": "2021-10-05 09:54:27", "elapsed": 56.666123, "delta": 0.5414}}
{"target": -40.96929348107579, "params": {"C": 81.23222547924219, "epsilon": 24.20315490383119, "gamma": 0.18881393926080162, "lamda": 0.7072639794389067}, "datetime": {"datetime": "2021-10-05 09:54:27", "elapsed": 57.161065, "delta": 0.494942}}
{"target": -11.979937492610174, "params": {"C": 17.835081729839406, "epsilon": 15.276432322512523, "gamma": 0.10824397432753785, "lamda": 0.0005}, "datetime": {"datetime": "2021-10-05 09:54:28", "elapsed": 57.994585, "delta": 0.83352}}
{"target": -47.107384175873364, "params": {"C": 83.93158800977915, "epsilon": 17.80155736997652, "gamma": 0.07898966223381469, "lamda": 0.5869083150714807}, "datetime": {"datetime": "2021-10-05 09:54:29", "elapsed": 58.517965, "delta": 0.52338}}
{"target": -13.648322923998323, "params": {"C": 54.10918135832139, "epsilon": 4.227169553012775, "gamma": 0.1607640480226877, "lamda": 0.0005}, "datetime": {"datetime": "2021-10-05 09:54:30", "elapsed": 59.42071, "delta": 0.902745}}
{"target": -12.0233592111947, "params": {"C": 84.19202279250331, "epsilon": 18.74862337646832, "gamma": 0.15519658576482118, "lamda": 0.01345934912661238}, "datetime": {"datetime": "2021-10-05 09:54:30", "elapsed": 60.000298, "delta": 0.579588}}
{"target": -11.385852839478797, "params": {"C": 95.42778794005116, "epsilon": 9.086290013844465, "gamma": 0.05803852727955556, "lamda": 0.053620528285929905}, "datetime": {"datetime": "2021-10-05 09:54:31", "elapsed": 60.517469, "delta": 0.517171}}
{"target": -11.656090511815021, "params": {"C": 58.468106051656875, "epsilon": 11.602225172809034, "gamma": 0.11561062872998037, "lamda": 0.03639591348438474}, "datetime": {"datetime": "2021-10-05 09:54:31", "elapsed": 61.042207, "delta": 0.524738}}
{"target": -13.635822112292702, "params": {"C": 53.76199676973491, "epsilon": 3.0984130102990224, "gamma": 0.19524984081367042, "lamda": 0.01375166319463858}, "datetime": {"datetime": "2021-10-05 09:54:32", "elapsed": 61.649918, "delta": 0.607711}}
{"target": -14.414207727558198, "params": {"C": 54.8363750180107, "epsilon": 4.453280821216531, "gamma": 0.01314460655020383, "lamda": 0.10824039899603481}, "datetime": {"datetime": "2021-10-05 09:54:33", "elapsed": 62.424946, "delta": 0.775028}}
{"target": -10.09113594779832, "params": {"C": 12.876074427236926, "epsilon": 19.946651271325635, "gamma": 0.03708975860722499, "lamda": 0.0005}, "datetime": {"datetime": "2021-10-05 09:54:34", "elapsed": 63.38749, "delta": 0.962544}}
{"target": -61.137098598420636, "params": {"C": 37.27439112570402, "epsilon": 13.22527376173728, "gamma": 0.022157034533430868, "lamda": 0.5979295065818345}, "datetime": {"datetime": "2021-10-05 09:54:34", "elapsed": 64.118853, "delta": 0.731363}}
{"target": -13.567678921045701, "params": {"C": 17.049471440553795, "epsilon": 15.214863320374313, "gamma": 0.1454675831791372, "lamda": 0.09395754247735676}, "datetime": {"datetime": "2021-10-05 09:54:35", "elapsed": 64.665623, "delta": 0.54677}}
{"target": -12.107371212527532, "params": {"C": 12.549232490189173, "epsilon": 19.48691851043408, "gamma": 0.18818979335763233, "lamda": 0.03438022247355965}, "datetime": {"datetime": "2021-10-05 09:54:36", "elapsed": 65.336314, "delta": 0.670691}}
{"target": -45.227132068556294, "params": {"C": 12.85615607598712, "epsilon": 19.80881425172841, "gamma": 0.08209510026732357, "lamda": 0.6051201586486881}, "datetime": {"datetime": "2021-10-05 09:54:36", "elapsed": 65.953499, "delta": 0.617185}}
{"target": -12.338043475069755, "params": {"C": 95.86431671877372, "epsilon": 8.525648718594654, "gamma": 0.07483913006821537, "lamda": 0.08111290712177127}, "datetime": {"datetime": "2021-10-05 09:54:37", "elapsed": 66.811951, "delta": 0.858452}}
{"target": -18.174898124567402, "params": {"C": 36.758987842605876, "epsilon": 14.152751545762237, "gamma": 0.11839737386527832, "lamda": 0.2087104108388213}, "datetime": {"datetime": "2021-10-05 09:54:38", "elapsed": 67.513653, "delta": 0.701702}}
{"target": -88.9303617638168, "params": {"C": 95.75071260197302, "epsilon": 8.936279574910856, "gamma": 0.0007337360642074398, "lamda": 0.7220428236735446}, "datetime": {"datetime": "2021-10-05 09:54:39", "elapsed": 68.23101, "delta": 0.717357}}
{"target": -18.008746561046728, "params": {"C": 96.25042121165299, "epsilon": 7.693763590346276, "gamma": 0.0008605770021199251, "lamda": 0.0638455571447106}, "datetime": {"datetime": "2021-10-05 09:54:39", "elapsed": 69.002773, "delta": 0.771763}}
{"target": -23.184174915690434, "params": {"C": 62.758217185252306, "epsilon": 24.658021705065995, "gamma": 0.01264363189205342, "lamda": 0.3539231062770808}, "datetime": {"datetime": "2021-10-05 09:54:40", "elapsed": 69.567361, "delta": 0.564588}}
{"target": -47.51180343703177, "params": {"C": 26.10412107488124, "epsilon": 6.925403793765953, "gamma": 0.1307773034790678, "lamda": 0.44241899254367506}, "datetime": {"datetime": "2021-10-05 09:54:40", "elapsed": 70.160367, "delta": 0.593006}}
{"target": -16.19608847652765, "params": {"C": 17.455256666354348, "epsilon": 14.721648249811103, "gamma": 0.0005, "lamda": 0.0005}, "datetime": {"datetime": "2021-10-05 09:54:41", "elapsed": 71.180389, "delta": 1.020022}}
{"target": -43.20671737478719, "params": {"C": 58.869103884658465, "epsilon": 11.915291951812105, "gamma": 0.1720424361450725, "lamda": 0.48128114984938125}, "datetime": {"datetime": "2021-10-05 09:54:42", "elapsed": 71.766525, "delta": 0.586136}}
{"target": -12.016802663164139, "params": {"C": 95.10114417482775, "epsilon": 8.749785070344288, "gamma": 0.13206140669051908, "lamda": 0.0201944565486114}, "datetime": {"datetime": "2021-10-05 09:54:43", "elapsed": 72.499699, "delta": 0.733174}}
{"target": -14.060395029470332, "params": {"C": 85.69305005994113, "epsilon": 15.977963860388577, "gamma": 0.2, "lamda": 0.0005}, "datetime": {"datetime": "2021-10-05 09:54:44", "elapsed": 73.391245, "delta": 0.891546}}
{"target": -14.44930290832759, "params": {"C": 96.58649168482471, "epsilon": 8.303977602386844, "gamma": 0.2, "lamda": 0.0005}, "datetime": {"datetime": "2021-10-05 09:54:45", "elapsed": 74.196841, "delta": 0.805596}}
{"target": -11.394204661867272, "params": {"C": 36.30258826241973, "epsilon": 13.470818980638368, "gamma": 0.019630812256727845, "lamda": 0.027977336118355817}, "datetime": {"datetime": "2021-10-05 09:54:45", "elapsed": 74.845545, "delta": 0.648704}}
{"target": -14.380331160663667, "params": {"C": 94.86400177803131, "epsilon": 9.419312549664507, "gamma": 0.2, "lamda": 0.0005}, "datetime": {"datetime": "2021-10-05 09:54:46", "elapsed": 75.650805, "delta": 0.80526}}
{"target": -13.76772528786932, "params": {"C": 58.4299252143427, "epsilon": 11.035430646457524, "gamma": 0.0878304307507975, "lamda": 0.11716258994397058}, "datetime": {"datetime": "2021-10-05 09:54:47", "elapsed": 76.267784, "delta": 0.616979}}
{"target": -28.184546509175206, "params": {"C": 57.67261790188057, "epsilon": 11.478545529574872, "gamma": 0.16470255448570476, "lamda": 0.3108732822139033}, "datetime": {"datetime": "2021-10-05 09:54:47", "elapsed": 76.906796, "delta": 0.639012}}
{"target": -15.964961811778197, "params": {"C": 35.92606170634164, "epsilon": 14.115183817430664, "gamma": 0.0005, "lamda": 0.0005}, "datetime": {"datetime": "2021-10-05 09:54:48", "elapsed": 77.962574, "delta": 1.055778}}
{"target": -11.630052422501695, "params": {"C": 18.439804904452988, "epsilon": 15.75619721918646, "gamma": 0.01585875408627512, "lamda": 0.022904373405505787}, "datetime": {"datetime": "2021-10-05 09:54:49", "elapsed": 78.704458, "delta": 0.741884}}
{"target": -15.782269345002023, "params": {"C": 75.20321865083125, "epsilon": 20.230263057347308, "gamma": 0.005141850218248575, "lamda": 0.09774428332696643}, "datetime": {"datetime": "2021-10-05 09:54:50", "elapsed": 79.356589, "delta": 0.652131}}
{"target": -14.265934965478946, "params": {"C": 19.17786850578678, "epsilon": 15.92380893967719, "gamma": 0.07709154330886937, "lamda": 0.13496830749508865}, "datetime": {"datetime": "2021-10-05 09:54:50", "elapsed": 79.957199, "delta": 0.60061}}
{"target": -23.791453697721867, "params": {"C": 19.02506693530132, "epsilon": 15.081702709651251, "gamma": 0.07969476886885928, "lamda": 0.293075431719414}, "datetime": {"datetime": "2021-10-05 09:54:51", "elapsed": 80.687765, "delta": 0.730566}}
{"target": -12.319024528784729, "params": {"C": 54.58415101670716, "epsilon": 2.820717017986994, "gamma": 0.14111930721874213, "lamda": 0.042550775541286986}, "datetime": {"datetime": "2021-10-05 09:54:52", "elapsed": 81.336998, "delta": 0.649233}}
{"target": -16.986086681069192, "params": {"C": 19.158694164741476, "epsilon": 15.996664333355028, "gamma": 0.02316692619183761, "lamda": 0.19682334277045044}, "datetime": {"datetime": "2021-10-05 09:54:52", "elapsed": 81.944674, "delta": 0.607676}}
{"target": -13.225078595010217, "params": {"C": 97.28264695706532, "epsilon": 7.994812158961407, "gamma": 0.055993431094758045, "lamda": 0.1116048496330684}, "datetime": {"datetime": "2021-10-05 09:54:53", "elapsed": 82.708164, "delta": 0.76349}}
{"target": -33.0439826968307, "params": {"C": 50.70701882659684, "epsilon": 2.224737542003334, "gamma": 0.03921642504826194, "lamda": 0.2873821922902648}, "datetime": {"datetime": "2021-10-05 09:54:54", "elapsed": 83.488376, "delta": 0.780212}}
{"target": -13.937382640521617, "params": {"C": 55.25886356314072, "epsilon": 2.4804507096629664, "gamma": 0.2, "lamda": 0.0005}, "datetime": {"datetime": "2021-10-05 09:54:55", "elapsed": 84.419379, "delta": 0.931003}}
{"target": -94.5250109812186, "params": {"C": 97.73178831200336, "epsilon": 8.07911348135599, "gamma": 0.16273682451181015, "lamda": 0.7832819370385277}, "datetime": {"datetime": "2021-10-05 09:54:55", "elapsed": 85.156737, "delta": 0.737358}}
{"target": -12.844060770422274, "params": {"C": 54.73119528861527, "epsilon": 1.7016627673670648, "gamma": 0.1240233716064563, "lamda": 0.009864558001025188}, "datetime": {"datetime": "2021-10-05 09:54:56", "elapsed": 86.171052, "delta": 1.014315}}
{"target": -16.79564171462459, "params": {"C": 65.52195075482801, "epsilon": 9.031959136627654, "gamma": 0.16144130501209766, "lamda": 0.1636217981183446}, "datetime": {"datetime": "2021-10-05 09:54:57", "elapsed": 86.845878, "delta": 0.674826}}
{"target": -14.97424101210779, "params": {"C": 84.88545971013754, "epsilon": 19.021110676465184, "gamma": 0.0005, "lamda": 0.0005}, "datetime": {"datetime": "2021-10-05 09:54:58", "elapsed": 87.947747, "delta": 1.101869}}
{"target": -73.65206658487558, "params": {"C": 55.3885964050171, "epsilon": 1.5038129678425407, "gamma": 0.12226815390228439, "lamda": 0.5355042127081481}, "datetime": {"datetime": "2021-10-05 09:54:59", "elapsed": 88.803433, "delta": 0.855686}}
{"target": -30.94509312941089, "params": {"C": 35.61615495439303, "epsilon": 13.551400976067345, "gamma": 0.15411133121513412, "lamda": 0.35355131701278775}, "datetime": {"datetime": "2021-10-05 09:55:00", "elapsed": 89.510936, "delta": 0.707503}}
