{"target": -10.329134953133572, "params": {"C": 87.55031254115617, "epsilon": 23.250959081673265, "gamma": 0.021601469225776465, "lamda": 0.017654173290353292}, "datetime": {"datetime": "2021-10-06 14:10:30", "elapsed": 142.217182, "delta": 0.846586}}
{"target": -10.149107334193861, "params": {"C": 36.17017642102348, "epsilon": 20.646152525753163, "gamma": 0.015580703276421162, "lamda": 0.0074967381094190825}, "datetime": {"datetime": "2021-10-06 14:10:31", "elapsed": 143.130046, "delta": 0.912864}}
{"target": -10.865653729742345, "params": {"C": 97.3843270800092, "epsilon": 17.73108701213628, "gamma": 0.010549985825192452, "lamda": 0.019325790978360822}, "datetime": {"datetime": "2021-10-06 14:10:32", "elapsed": 144.028828, "delta": 0.898782}}
{"target": -10.426922555965735, "params": {"C": 94.66366161752808, "epsilon": 23.969567566730635, "gamma": 0.034237771335069965, "lamda": 0.018943584771716763}, "datetime": {"datetime": "2021-10-06 14:10:33", "elapsed": 144.929361, "delta": 0.900533}}
{"target": -10.15529481941698, "params": {"C": 48.67547674614296, "epsilon": 18.230193885649257, "gamma": 0.018198688668768732, "lamda": 0.0024866458647828144}, "datetime": {"datetime": "2021-10-06 14:10:34", "elapsed": 145.883667, "delta": 0.954306}}
{"target": -10.402436019682568, "params": {"C": 91.24029798082518, "epsilon": 30.264719085150823, "gamma": 0.027430306414352602, "lamda": 0.002345157120599311}, "datetime": {"datetime": "2021-10-06 14:10:35", "elapsed": 146.801012, "delta": 0.917345}}
{"target": -10.112493913089336, "params": {"C": 57.329807479675914, "epsilon": 32.211203442675625, "gamma": 0.01669948540674967, "lamda": 0.002814785784615316}, "datetime": {"datetime": "2021-10-06 14:10:35", "elapsed": 147.694302, "delta": 0.89329}}
{"target": -10.411647143537103, "params": {"C": 83.94716211029251, "epsilon": 22.395327674517308, "gamma": 0.03211221163664442, "lamda": 0.008672704369812564}, "datetime": {"datetime": "2021-10-06 14:10:37", "elapsed": 148.774689, "delta": 1.080387}}
{"target": -10.346627211732944, "params": {"C": 52.814566743263356, "epsilon": 27.40656617842086, "gamma": 0.02581133714413464, "lamda": 0.018998642790797902}, "datetime": {"datetime": "2021-10-06 14:10:37", "elapsed": 149.638035, "delta": 0.863346}}
{"target": -10.51403505321752, "params": {"C": 103.97421756668662, "epsilon": 20.18924336798311, "gamma": 0.0397865957115189, "lamda": 0.014212113159409833}, "datetime": {"datetime": "2021-10-06 14:10:38", "elapsed": 150.526101, "delta": 0.888066}}
{"target": -10.260555812612347, "params": {"C": 53.62403969391736, "epsilon": 36.803370877155366, "gamma": 0.025577117496545627, "lamda": 0.009130600796367815}, "datetime": {"datetime": "2021-10-06 14:10:39", "elapsed": 151.655114, "delta": 1.129013}}
{"target": -10.605160207972268, "params": {"C": 82.11748360854997, "epsilon": 20.731267251130944, "gamma": 0.011789911455090262, "lamda": 0.010040513332043316}, "datetime": {"datetime": "2021-10-06 14:10:40", "elapsed": 152.56535, "delta": 0.910236}}
{"target": -10.296298640891791, "params": {"C": 32.60365262956527, "epsilon": 25.450758665286617, "gamma": 0.029609964458248615, "lamda": 0.01600530858586947}, "datetime": {"datetime": "2021-10-06 14:10:41", "elapsed": 153.49939, "delta": 0.93404}}
{"target": -10.38284286539892, "params": {"C": 30.542414631431587, "epsilon": 30.251117564356612, "gamma": 0.03462866855614517, "lamda": 0.017905054041192723}, "datetime": {"datetime": "2021-10-06 14:10:42", "elapsed": 154.421981, "delta": 0.922591}}
{"target": -10.392701969189654, "params": {"C": 51.6002557615826, "epsilon": 35.125719346081624, "gamma": 0.03422112006168782, "lamda": 0.014020853489169325}, "datetime": {"datetime": "2021-10-06 14:10:43", "elapsed": 155.344788, "delta": 0.922807}}
{"target": -10.310422951920852, "params": {"C": 33.79133909926, "epsilon": 25.241160574277963, "gamma": 0.0359348204507541, "lamda": 0.0053429216173958355}, "datetime": {"datetime": "2021-10-06 14:10:44", "elapsed": 156.638618, "delta": 1.29383}}
{"target": -10.52105906902581, "params": {"C": 66.06076929481704, "epsilon": 36.29147821036955, "gamma": 0.035728943529248214, "lamda": 0.0034099243185074105}, "datetime": {"datetime": "2021-10-06 14:10:45", "elapsed": 157.75291, "delta": 1.114292}}
{"target": -10.198606558494102, "params": {"C": 105.734786208184, "epsilon": 24.454835857472297, "gamma": 0.021641175747210556, "lamda": 0.0020490062920398818}, "datetime": {"datetime": "2021-10-06 14:10:46", "elapsed": 158.762151, "delta": 1.009241}}
{"target": -10.276413408836987, "params": {"C": 69.44088216066825, "epsilon": 30.011917592735657, "gamma": 0.02000492212357128, "lamda": 0.0008779933718300837}, "datetime": {"datetime": "2021-10-06 14:10:48", "elapsed": 160.253911, "delta": 1.49176}}
{"target": -10.57467064915382, "params": {"C": 90.66903633167307, "epsilon": 34.79311393441674, "gamma": 0.03640036618052937, "lamda": 0.0034904444321853436}, "datetime": {"datetime": "2021-10-06 14:10:49", "elapsed": 161.406906, "delta": 1.152995}}
{"target": -10.284526282653317, "params": {"C": 73.82721810810645, "epsilon": 27.90903470475365, "gamma": 0.026325067339935025, "lamda": 0.002057684461159376}, "datetime": {"datetime": "2021-10-06 14:10:50", "elapsed": 162.578137, "delta": 1.171231}}
{"target": -10.201818321269245, "params": {"C": 45.37509409960116, "epsilon": 28.630366342961388, "gamma": 0.022318275030631655, "lamda": 0.0028225294999768766}, "datetime": {"datetime": "2021-10-06 14:10:51", "elapsed": 163.540138, "delta": 0.962001}}
{"target": -10.562979113057978, "params": {"C": 69.52687133136325, "epsilon": 39.440585415897914, "gamma": 0.015134785134356224, "lamda": 0.007046424667508508}, "datetime": {"datetime": "2021-10-06 14:10:52", "elapsed": 164.481028, "delta": 0.94089}}
{"target": -10.565296826826312, "params": {"C": 44.10930188269483, "epsilon": 32.80121527531352, "gamma": 0.016476733297295907, "lamda": 0.01510908898025357}, "datetime": {"datetime": "2021-10-06 14:10:53", "elapsed": 165.557156, "delta": 1.076128}}
{"target": -10.269639787717578, "params": {"C": 94.02957937946513, "epsilon": 37.21833519378927, "gamma": 0.019425670610333033, "lamda": 0.006337570127495743}, "datetime": {"datetime": "2021-10-06 14:10:55", "elapsed": 166.944847, "delta": 1.387691}}
{"target": -10.377632872072395, "params": {"C": 51.44970190895113, "epsilon": 35.73399302614624, "gamma": 0.025924671284867494, "lamda": 0.014483534675410492}, "datetime": {"datetime": "2021-10-06 14:10:56", "elapsed": 167.870627, "delta": 0.92578}}
{"target": -10.384667625078544, "params": {"C": 57.318960502691795, "epsilon": 35.7885019347076, "gamma": 0.026116657836010027, "lamda": 0.0023727266730442413}, "datetime": {"datetime": "2021-10-06 14:10:57", "elapsed": 168.859527, "delta": 0.9889}}
{"target": -10.491419881998965, "params": {"C": 81.54723059891722, "epsilon": 18.78544452026214, "gamma": 0.034910486067766526, "lamda": 0.013371061432376907}, "datetime": {"datetime": "2021-10-06 14:10:57", "elapsed": 169.753154, "delta": 0.893627}}
{"target": -10.364977218944006, "params": {"C": 50.33231645089191, "epsilon": 21.275509124210743, "gamma": 0.03233996300065216, "lamda": 0.01398722762600838}, "datetime": {"datetime": "2021-10-06 14:10:58", "elapsed": 170.695843, "delta": 0.942689}}
{"target": -10.543880865555936, "params": {"C": 36.93435206186544, "epsilon": 34.70388332433238, "gamma": 0.012814463707404158, "lamda": 0.009244605504969318}, "datetime": {"datetime": "2021-10-06 14:10:59", "elapsed": 171.652915, "delta": 0.957072}}
{"target": -10.608137379990493, "params": {"C": 56.52723947711376, "epsilon": 29.458459928892452, "gamma": 0.02424426283775514, "lamda": 0.00024960623187605783}, "datetime": {"datetime": "2021-10-06 14:11:01", "elapsed": 173.2052, "delta": 1.552285}}
{"target": -10.376649801367002, "params": {"C": 89.05375425051629, "epsilon": 18.952303227278975, "gamma": 0.014327079236855823, "lamda": 0.007686649165183502}, "datetime": {"datetime": "2021-10-06 14:11:02", "elapsed": 174.151473, "delta": 0.946273}}
{"target": -10.310569163530959, "params": {"C": 63.82236135139593, "epsilon": 17.651009561438762, "gamma": 0.017213626094345374, "lamda": 0.013128215753575105}, "datetime": {"datetime": "2021-10-06 14:11:03", "elapsed": 175.105844, "delta": 0.954371}}
{"target": -10.372313943015106, "params": {"C": 88.07831606398034, "epsilon": 24.971780542598715, "gamma": 0.019024231840648782, "lamda": 0.015976898677398457}, "datetime": {"datetime": "2021-10-06 14:11:04", "elapsed": 176.503801, "delta": 1.397957}}
{"target": -10.296944579188494, "params": {"C": 81.17650806759758, "epsilon": 23.480490099755183, "gamma": 0.021094094430549683, "lamda": 0.014976072405607256}, "datetime": {"datetime": "2021-10-06 14:11:05", "elapsed": 177.543191, "delta": 1.03939}}
{"target": -10.455536210512195, "params": {"C": 46.42431200436665, "epsilon": 27.543017951993733, "gamma": 0.03965380560035423, "lamda": 0.018762186473379572}, "datetime": {"datetime": "2021-10-06 14:11:06", "elapsed": 178.530268, "delta": 0.987077}}
{"target": -10.40766690884719, "params": {"C": 41.7516346875875, "epsilon": 39.593096273979185, "gamma": 0.03674870779104582, "lamda": 0.007493316767454816}, "datetime": {"datetime": "2021-10-06 14:11:08", "elapsed": 179.830824, "delta": 1.300556}}
{"target": -10.474702883112164, "params": {"C": 62.944714117404544, "epsilon": 35.45312610154896, "gamma": 0.036015984865302796, "lamda": 0.003985774505879489}, "datetime": {"datetime": "2021-10-06 14:11:09", "elapsed": 181.17705, "delta": 1.346226}}
{"target": -10.43600268591609, "params": {"C": 74.60080925208017, "epsilon": 35.566051793548084, "gamma": 0.03311455409180194, "lamda": 0.01097513640429752}, "datetime": {"datetime": "2021-10-06 14:11:10", "elapsed": 182.541555, "delta": 1.364505}}
{"target": -10.588153140959914, "params": {"C": 58.71137264191448, "epsilon": 33.68604120464893, "gamma": 0.02968816339888921, "lamda": 0.0009316962883716586}, "datetime": {"datetime": "2021-10-06 14:11:11", "elapsed": 183.635385, "delta": 1.09383}}
{"target": -10.282375977683307, "params": {"C": 55.12180586222229, "epsilon": 29.71231672712765, "gamma": 0.02598526852144329, "lamda": 0.011536754125444554}, "datetime": {"datetime": "2021-10-06 14:11:12", "elapsed": 184.679707, "delta": 1.044322}}
{"target": -10.259327732361346, "params": {"C": 68.3184882435564, "epsilon": 34.58028087461517, "gamma": 0.013966363221799108, "lamda": 0.004192583668036363}, "datetime": {"datetime": "2021-10-06 14:11:13", "elapsed": 185.736673, "delta": 1.056966}}
{"target": -10.758345613449338, "params": {"C": 36.15678206168247, "epsilon": 22.664830341237106, "gamma": 0.03219686384075708, "lamda": 0.0002460384588609435}, "datetime": {"datetime": "2021-10-06 14:11:15", "elapsed": 187.643121, "delta": 1.906448}}
{"target": -10.381689972608998, "params": {"C": 54.18222415172862, "epsilon": 27.62854142759922, "gamma": 0.018814225613097403, "lamda": 0.015157742278575097}, "datetime": {"datetime": "2021-10-06 14:11:16", "elapsed": 188.686067, "delta": 1.042946}}
{"target": -10.220829044357949, "params": {"C": 84.26920639930839, "epsilon": 27.77574691823127, "gamma": 0.02153927537747203, "lamda": 0.0007085004412715337}, "datetime": {"datetime": "2021-10-06 14:11:18", "elapsed": 189.841733, "delta": 1.155666}}
{"target": -10.675001765560484, "params": {"C": 104.81894427743984, "epsilon": 30.698032661587042, "gamma": 0.03716548510306056, "lamda": 0.001528285833877744}, "datetime": {"datetime": "2021-10-06 14:11:19", "elapsed": 190.938475, "delta": 1.096742}}
{"target": -10.272337399434639, "params": {"C": 52.30008344656966, "epsilon": 19.75679942137488, "gamma": 0.029405334725497778, "lamda": 0.005033587940387212}, "datetime": {"datetime": "2021-10-06 14:11:20", "elapsed": 192.026475, "delta": 1.088}}
{"target": -10.530764995356563, "params": {"C": 106.69256580623399, "epsilon": 34.10243023121178, "gamma": 0.01817029210591096, "lamda": 0.014692242398757549}, "datetime": {"datetime": "2021-10-06 14:11:21", "elapsed": 193.104655, "delta": 1.07818}}
{"target": -10.478947203921644, "params": {"C": 92.23725772306095, "epsilon": 29.400689067782142, "gamma": 0.015822865908260996, "lamda": 0.011776142492713351}, "datetime": {"datetime": "2021-10-06 14:11:22", "elapsed": 194.605246, "delta": 1.500591}}
{"target": -10.646886236176808, "params": {"C": 32.56238242306228, "epsilon": 39.56581829720271, "gamma": 0.03878644785047281, "lamda": 0.0027059903095228654}, "datetime": {"datetime": "2021-10-06 14:11:23", "elapsed": 195.656569, "delta": 1.051323}}
{"target": -10.537312311871398, "params": {"C": 70.43035011922808, "epsilon": 27.73021566678313, "gamma": 0.014655635448959231, "lamda": 0.012086230427759309}, "datetime": {"datetime": "2021-10-06 14:11:25", "elapsed": 196.958931, "delta": 1.302362}}
{"target": -10.3509277407552, "params": {"C": 37.53272378695412, "epsilon": 29.71658291907115, "gamma": 0.031615667473088784, "lamda": 0.016690196672579986}, "datetime": {"datetime": "2021-10-06 14:11:26", "elapsed": 198.02369, "delta": 1.064759}}
{"target": -10.50139551761509, "params": {"C": 100.75656446453594, "epsilon": 20.087116745214757, "gamma": 0.036297999385042745, "lamda": 0.016738882978126104}, "datetime": {"datetime": "2021-10-06 14:11:27", "elapsed": 199.430386, "delta": 1.406696}}
{"target": -10.114287679247468, "params": {"C": 90.78077345688006, "epsilon": 17.648395300518615, "gamma": 0.016753601611770263, "lamda": 0.0007835537996262785}, "datetime": {"datetime": "2021-10-06 14:11:29", "elapsed": 200.954222, "delta": 1.523836}}
{"target": -10.238235200716778, "params": {"C": 42.84186025291983, "epsilon": 31.21123668369202, "gamma": 0.024343674152336403, "lamda": 0.011565319460066031}, "datetime": {"datetime": "2021-10-06 14:11:30", "elapsed": 202.018023, "delta": 1.063801}}
{"target": -10.276174797371715, "params": {"C": 43.058102941310636, "epsilon": 34.92300100861741, "gamma": 0.01732978072559193, "lamda": 0.00942050906121197}, "datetime": {"datetime": "2021-10-06 14:11:31", "elapsed": 203.069264, "delta": 1.051241}}
{"target": -10.35891140004892, "params": {"C": 55.300023631168614, "epsilon": 38.55207485265953, "gamma": 0.024304236810637782, "lamda": 0.013235991333942572}, "datetime": {"datetime": "2021-10-06 14:11:32", "elapsed": 204.439848, "delta": 1.370584}}
{"target": -10.12890122660066, "params": {"C": 50.10333648604269, "epsilon": 22.054021764783872, "gamma": 0.020732187197897642, "lamda": 0.004777545250709567}, "datetime": {"datetime": "2021-10-06 14:11:33", "elapsed": 205.530708, "delta": 1.09086}}
{"target": -10.399996781736276, "params": {"C": 31.675225372635943, "epsilon": 37.03172986077141, "gamma": 0.02386334246382, "lamda": 0.002696886542584571}, "datetime": {"datetime": "2021-10-06 14:11:34", "elapsed": 206.703746, "delta": 1.173038}}
{"target": -10.712415147801552, "params": {"C": 54.693445748928596, "epsilon": 31.50569543508216, "gamma": 0.01589862060329971, "lamda": 0.019063518049066044}, "datetime": {"datetime": "2021-10-06 14:11:36", "elapsed": 207.840669, "delta": 1.136923}}
{"target": -10.239234101975853, "params": {"C": 87.91559249079614, "epsilon": 36.379916972920974, "gamma": 0.022304141194635568, "lamda": 0.007210875863820475}, "datetime": {"datetime": "2021-10-06 14:11:37", "elapsed": 208.964013, "delta": 1.123344}}
{"target": -10.296877041454374, "params": {"C": 70.85378365371875, "epsilon": 26.027693633513426, "gamma": 0.02337388301765781, "lamda": 0.015812415569543548}, "datetime": {"datetime": "2021-10-06 14:11:38", "elapsed": 210.033566, "delta": 1.069553}}
{"target": -10.173414166092172, "params": {"C": 36.4658775623416, "epsilon": 31.810529522152727, "gamma": 0.021866276452241047, "lamda": 0.009560766567009422}, "datetime": {"datetime": "2021-10-06 14:11:39", "elapsed": 211.540456, "delta": 1.50689}}
{"target": -10.673324766954497, "params": {"C": 99.70352703291834, "epsilon": 37.08909289369495, "gamma": 0.03713267322101494, "lamda": 0.002684618170702414}, "datetime": {"datetime": "2021-10-06 14:11:41", "elapsed": 213.191822, "delta": 1.651366}}
{"target": -10.223806517670097, "params": {"C": 49.60850518429157, "epsilon": 17.60571853896122, "gamma": 0.01945541510077737, "lamda": 0.0011501534949320935}, "datetime": {"datetime": "2021-10-06 14:11:43", "elapsed": 214.792317, "delta": 1.600495}}
{"target": -10.486724813704166, "params": {"C": 98.51726415466918, "epsilon": 23.1268133085809, "gamma": 0.03993117633180694, "lamda": 0.015881153701804512}, "datetime": {"datetime": "2021-10-06 14:11:44", "elapsed": 215.845642, "delta": 1.053325}}
{"target": -11.10418557482324, "params": {"C": 64.48363797993653, "epsilon": 23.064462792901974, "gamma": 0.03827295200106011, "lamda": 0.00028969404289347106}, "datetime": {"datetime": "2021-10-06 14:11:45", "elapsed": 217.105692, "delta": 1.26005}}
{"target": -10.420257160543333, "params": {"C": 75.15645729491155, "epsilon": 26.052390142307758, "gamma": 0.017150932161129947, "lamda": 0.013307293742610091}, "datetime": {"datetime": "2021-10-06 14:11:46", "elapsed": 218.302692, "delta": 1.197}}
{"target": -10.239358301933716, "params": {"C": 74.64778069105017, "epsilon": 27.485379603019908, "gamma": 0.016871837617181324, "lamda": 0.006816301259587577}, "datetime": {"datetime": "2021-10-06 14:11:48", "elapsed": 219.90114, "delta": 1.598448}}
{"target": -10.25678536209417, "params": {"C": 72.7142011164276, "epsilon": 19.73715696065157, "gamma": 0.024306949384069104, "lamda": 0.00649558178134963}, "datetime": {"datetime": "2021-10-06 14:11:49", "elapsed": 221.056695, "delta": 1.155555}}
{"target": -10.346855449989041, "params": {"C": 103.63141632998085, "epsilon": 19.914823779783816, "gamma": 0.020263166942859616, "lamda": 0.016402315801747388}, "datetime": {"datetime": "2021-10-06 14:11:50", "elapsed": 222.206597, "delta": 1.149902}}
{"target": -10.20384221933221, "params": {"C": 79.78535252016347, "epsilon": 35.94848390926596, "gamma": 0.020185790144560192, "lamda": 0.006487295381455353}, "datetime": {"datetime": "2021-10-06 14:11:51", "elapsed": 223.770687, "delta": 1.56409}}
{"target": -10.578840725941442, "params": {"C": 97.96445583770071, "epsilon": 39.40987846378785, "gamma": 0.012171844783950505, "lamda": 0.004245709272375401}, "datetime": {"datetime": "2021-10-06 14:11:53", "elapsed": 225.059745, "delta": 1.289058}}
{"target": -10.278971152330083, "params": {"C": 41.308725918271925, "epsilon": 20.695726297133515, "gamma": 0.02572229494858061, "lamda": 0.011408875359812215}, "datetime": {"datetime": "2021-10-06 14:11:54", "elapsed": 226.215385, "delta": 1.15564}}
{"target": -10.496923952002525, "params": {"C": 87.96553352832309, "epsilon": 19.896509696559182, "gamma": 0.0360353888775246, "lamda": 0.004932179745953344}, "datetime": {"datetime": "2021-10-06 14:11:56", "elapsed": 228.484585, "delta": 2.2692}}
{"target": -10.430342232777411, "params": {"C": 101.82260374684225, "epsilon": 29.2555799885453, "gamma": 0.012050888067913578, "lamda": 0.00444556548936295}, "datetime": {"datetime": "2021-10-06 14:11:57", "elapsed": 229.652464, "delta": 1.167879}}
{"target": -10.48645229152659, "params": {"C": 99.5223136177821, "epsilon": 35.07251479598062, "gamma": 0.015371686397826236, "lamda": 0.008069603525394844}, "datetime": {"datetime": "2021-10-06 14:11:59", "elapsed": 230.824503, "delta": 1.172039}}
{"target": -10.7728183380487, "params": {"C": 97.29194824141675, "epsilon": 17.64510629592027, "gamma": 0.034668920808007445, "lamda": 0.0011904584769511014}, "datetime": {"datetime": "2021-10-06 14:12:00", "elapsed": 232.08425, "delta": 1.259747}}
{"target": -10.541056985402227, "params": {"C": 95.66173768814647, "epsilon": 19.944751031683513, "gamma": 0.03581480870335336, "lamda": 0.0033226385244441783}, "datetime": {"datetime": "2021-10-06 14:12:01", "elapsed": 233.259552, "delta": 1.175302}}
{"target": -10.905945410561205, "params": {"C": 80.53369115015403, "epsilon": 29.612422737392656, "gamma": 0.011770396986635626, "lamda": 0.018542535344628786}, "datetime": {"datetime": "2021-10-06 14:12:02", "elapsed": 234.454553, "delta": 1.195001}}
{"target": -10.312873754107049, "params": {"C": 65.64711834792621, "epsilon": 25.54714764670817, "gamma": 0.025311343481082493, "lamda": 0.013503009995960075}, "datetime": {"datetime": "2021-10-06 14:12:03", "elapsed": 235.605463, "delta": 1.15091}}
{"target": -10.391957700787954, "params": {"C": 101.63548642692756, "epsilon": 17.08530484265625, "gamma": 0.029459845801691552, "lamda": 0.0028484023183930774}, "datetime": {"datetime": "2021-10-06 14:12:05", "elapsed": 236.8695, "delta": 1.264037}}
{"target": -10.64147891750915, "params": {"C": 85.24801219710642, "epsilon": 32.294247262499084, "gamma": 0.03915657101997169, "lamda": 0.0039695365231920115}, "datetime": {"datetime": "2021-10-06 14:12:06", "elapsed": 237.98148, "delta": 1.11198}}
{"target": -10.435621812983142, "params": {"C": 83.2362351817123, "epsilon": 20.06420828843014, "gamma": 0.028376821122000538, "lamda": 0.011787041047304705}, "datetime": {"datetime": "2021-10-06 14:12:07", "elapsed": 239.183868, "delta": 1.202388}}
{"target": -10.126383220612578, "params": {"C": 57.98486157089364, "epsilon": 38.40201395292796, "gamma": 0.018520488034856883, "lamda": 0.004612447318979691}, "datetime": {"datetime": "2021-10-06 14:12:09", "elapsed": 240.918191, "delta": 1.734323}}
{"target": -10.32026903073158, "params": {"C": 82.58576616866364, "epsilon": 37.50732457236202, "gamma": 0.027340592515646106, "lamda": 0.005777706626564864}, "datetime": {"datetime": "2021-10-06 14:12:10", "elapsed": 242.213193, "delta": 1.295002}}
{"target": -10.46133561777235, "params": {"C": 84.49102859111612, "epsilon": 35.53270850456732, "gamma": 0.027501562965869024, "lamda": 0.018245363976495798}, "datetime": {"datetime": "2021-10-06 14:12:12", "elapsed": 244.19257, "delta": 1.979377}}
