{"target": -12.30407173231927, "params": {"C": 44.31416340580703, "epsilon": 18.36513949310525, "gamma": 0.08668230740126934, "lamda": 0.07610485250344716}, "datetime": {"datetime": "2021-10-05 11:39:12", "elapsed": 48.876565, "delta": 0.685007}}
{"target": -61.49942632698044, "params": {"C": 74.77318219526013, "epsilon": 4.422006044760262, "gamma": 0.002652297846509736, "lamda": 0.47197874168814147}, "datetime": {"datetime": "2021-10-05 11:39:13", "elapsed": 49.481201, "delta": 0.604636}}
{"target": -20.02032441288346, "params": {"C": 45.49052872356511, "epsilon": 18.23531732741638, "gamma": 0.06896834377238578, "lamda": 0.2778685071013102}, "datetime": {"datetime": "2021-10-05 11:39:14", "elapsed": 50.263958, "delta": 0.782757}}
{"target": -12.697180945688952, "params": {"C": 28.137357623182673, "epsilon": 13.29879177342676, "gamma": 0.09816463730358958, "lamda": 0.000612431401611414}, "datetime": {"datetime": "2021-10-05 11:39:15", "elapsed": 51.389323, "delta": 1.125365}}
{"target": -64.59551741728825, "params": {"C": 27.856457181445716, "epsilon": 12.957179276051555, "gamma": 0.16820286947540128, "lamda": 0.7502380253727947}, "datetime": {"datetime": "2021-10-05 11:39:15", "elapsed": 52.134099, "delta": 0.744776}}
{"target": -14.861907166529381, "params": {"C": 54.681982846858176, "epsilon": 19.182415555190858, "gamma": 0.09985139340201207, "lamda": 0.14655479301312563}, "datetime": {"datetime": "2021-10-05 11:39:16", "elapsed": 52.718062, "delta": 0.583963}}
{"target": -13.977322051285569, "params": {"C": 28.828550808991583, "epsilon": 12.973541913876558, "gamma": 0.0005, "lamda": 0.0005}, "datetime": {"datetime": "2021-10-05 11:39:17", "elapsed": 53.888828, "delta": 1.170766}}
{"target": -11.124782899762145, "params": {"C": 29.051416406456113, "epsilon": 12.115430509777145, "gamma": 0.049054140479949465, "lamda": 0.049396403867626705}, "datetime": {"datetime": "2021-10-05 11:39:18", "elapsed": 54.633518, "delta": 0.74469}}
{"target": -15.621234612056108, "params": {"C": 70.79605884927365, "epsilon": 15.184657168472404, "gamma": 0.0988010103374308, "lamda": 0.1586877607230638}, "datetime": {"datetime": "2021-10-05 11:39:19", "elapsed": 55.309512, "delta": 0.675994}}
{"target": -25.251180241962405, "params": {"C": 42.818287674873254, "epsilon": 21.883368375802945, "gamma": 0.1680396936279888, "lamda": 0.3331260288811462}, "datetime": {"datetime": "2021-10-05 11:39:19", "elapsed": 55.954081, "delta": 0.644569}}
{"target": -14.109292290032926, "params": {"C": 28.470919299028996, "epsilon": 11.547365027952596, "gamma": 0.0005, "lamda": 0.0005}, "datetime": {"datetime": "2021-10-05 11:39:20", "elapsed": 56.97243, "delta": 1.018349}}
{"target": -39.47139989136003, "params": {"C": 29.24411356858342, "epsilon": 11.349617082249928, "gamma": 0.13627517371352138, "lamda": 0.41407182752466687}, "datetime": {"datetime": "2021-10-05 11:39:21", "elapsed": 57.662535, "delta": 0.690105}}
{"target": -14.456993167394788, "params": {"C": 20.277257057875392, "epsilon": 26.373539916670513, "gamma": 0.001550900554343878, "lamda": 0.09646038377086566}, "datetime": {"datetime": "2021-10-05 11:39:21", "elapsed": 58.206457, "delta": 0.543922}}
{"target": -68.78634016970861, "params": {"C": 50.27854411515161, "epsilon": 8.35060628637333, "gamma": 0.12469752386470832, "lamda": 0.6606661622252894}, "datetime": {"datetime": "2021-10-05 11:39:22", "elapsed": 58.730738, "delta": 0.524281}}
{"target": -18.818839921795746, "params": {"C": 19.435366155942436, "epsilon": 26.830226010173394, "gamma": 0.19694610537280247, "lamda": 0.19871964950480608}, "datetime": {"datetime": "2021-10-05 11:39:23", "elapsed": 59.453912, "delta": 0.723174}}
{"target": -10.77956320361589, "params": {"C": 28.717406053726098, "epsilon": 14.022201930518035, "gamma": 0.03980188792862756, "lamda": 0.04143885166620254}, "datetime": {"datetime": "2021-10-05 11:39:24", "elapsed": 60.255559, "delta": 0.801647}}
{"target": -19.050309010541824, "params": {"C": 19.439520604143514, "epsilon": 25.799880950866566, "gamma": 0.1389607479731715, "lamda": 0.25053662585855324}, "datetime": {"datetime": "2021-10-05 11:39:24", "elapsed": 60.922593, "delta": 0.667034}}
{"target": -14.434077700294631, "params": {"C": 27.771778379441432, "epsilon": 14.17894599847261, "gamma": 0.17596653632462453, "lamda": 0.014857713317930066}, "datetime": {"datetime": "2021-10-05 11:39:25", "elapsed": 61.568822, "delta": 0.646229}}
{"target": -13.771901397746387, "params": {"C": 28.282057735730433, "epsilon": 15.286537432607844, "gamma": 0.07325853195067032, "lamda": 0.13903892688599584}, "datetime": {"datetime": "2021-10-05 11:39:26", "elapsed": 62.265368, "delta": 0.696546}}
{"target": -13.88634775588437, "params": {"C": 29.086517095903076, "epsilon": 14.895670248432584, "gamma": 0.1584610557052261, "lamda": 0.015507804285765798}, "datetime": {"datetime": "2021-10-05 11:39:26", "elapsed": 62.972164, "delta": 0.706796}}
{"target": -37.5421072864823, "params": {"C": 28.86267492709026, "epsilon": 16.255259556907824, "gamma": 0.05580666194202412, "lamda": 0.4393924481705431}, "datetime": {"datetime": "2021-10-05 11:39:27", "elapsed": 63.594446, "delta": 0.622282}}
{"target": -39.52956506931186, "params": {"C": 28.558440205474326, "epsilon": 14.658234558933085, "gamma": 0.1294628359640506, "lamda": 0.45803996627631083}, "datetime": {"datetime": "2021-10-05 11:39:27", "elapsed": 64.226971, "delta": 0.632525}}
{"target": -18.079466038728963, "params": {"C": 19.040434048739268, "epsilon": 14.472812796066982, "gamma": 0.09689251172679579, "lamda": 0.20535186940836292}, "datetime": {"datetime": "2021-10-05 11:39:28", "elapsed": 64.895634, "delta": 0.668663}}
{"target": -35.40387514892774, "params": {"C": 18.624938165971702, "epsilon": 18.34240857639565, "gamma": 0.08723932274033323, "lamda": 0.4584787641362605}, "datetime": {"datetime": "2021-10-05 11:39:29", "elapsed": 65.452826, "delta": 0.557192}}
{"target": -90.68594516664416, "params": {"C": 10.450326536963527, "epsilon": 3.7824178456718367, "gamma": 0.06311996158956852, "lamda": 0.7368698254654424}, "datetime": {"datetime": "2021-10-05 11:39:29", "elapsed": 66.013461, "delta": 0.560635}}
{"target": -12.066989884990102, "params": {"C": 29.843593527225487, "epsilon": 13.789605916932866, "gamma": 0.09863986918840932, "lamda": 0.03419008995749583}, "datetime": {"datetime": "2021-10-05 11:39:30", "elapsed": 66.709832, "delta": 0.696371}}
{"target": -16.39438054525994, "params": {"C": 27.24631327276419, "epsilon": 15.288181897682053, "gamma": 0.1754216770116817, "lamda": 0.1185854725588824}, "datetime": {"datetime": "2021-10-05 11:39:31", "elapsed": 67.662164, "delta": 0.952332}}
{"target": -38.87982691419729, "params": {"C": 30.52866159162671, "epsilon": 14.436632958075647, "gamma": 0.0781921208919578, "lamda": 0.4876075621527688}, "datetime": {"datetime": "2021-10-05 11:39:32", "elapsed": 68.415408, "delta": 0.753244}}
{"target": -37.162511097616004, "params": {"C": 55.00170173867996, "epsilon": 20.196760218506764, "gamma": 0.015550540738377142, "lamda": 0.5104649656606457}, "datetime": {"datetime": "2021-10-05 11:39:32", "elapsed": 69.146311, "delta": 0.730903}}
{"target": -16.12299676075827, "params": {"C": 54.373966877599365, "epsilon": 18.205164277099303, "gamma": 0.18108115221926868, "lamda": 0.0005}, "datetime": {"datetime": "2021-10-05 11:39:33", "elapsed": 70.122414, "delta": 0.976103}}
{"target": -13.95777973330545, "params": {"C": 29.970506544955157, "epsilon": 12.804637391588495, "gamma": 0.0005, "lamda": 0.0005}, "datetime": {"datetime": "2021-10-05 11:39:34", "elapsed": 71.077029, "delta": 0.954615}}
{"target": -37.110007076752645, "params": {"C": 53.47411484715829, "epsilon": 18.716231430580564, "gamma": 0.10340945491334348, "lamda": 0.5003186987321088}, "datetime": {"datetime": "2021-10-05 11:39:35", "elapsed": 71.808831, "delta": 0.731802}}
{"target": -31.45928871776625, "params": {"C": 55.44155534180666, "epsilon": 18.531952500079527, "gamma": 0.18197284191134544, "lamda": 0.37995753597429777}, "datetime": {"datetime": "2021-10-05 11:39:36", "elapsed": 72.777149, "delta": 0.968318}}
{"target": -13.576978384625882, "params": {"C": 20.475111725683938, "epsilon": 25.25335059646828, "gamma": 0.0005, "lamda": 0.0005}, "datetime": {"datetime": "2021-10-05 11:39:37", "elapsed": 74.098233, "delta": 1.321084}}
{"target": -24.89190129674642, "params": {"C": 19.82576254673768, "epsilon": 24.216572378224708, "gamma": 0.1601737506185011, "lamda": 0.3519363538907136}, "datetime": {"datetime": "2021-10-05 11:39:38", "elapsed": 74.785537, "delta": 0.687304}}
{"target": -16.298209867541907, "params": {"C": 70.406309052961, "epsilon": 14.15615594611847, "gamma": 0.17404698180197367, "lamda": 0.0005}, "datetime": {"datetime": "2021-10-05 11:39:39", "elapsed": 75.672453, "delta": 0.886916}}
{"target": -15.920594962413514, "params": {"C": 71.42177677128714, "epsilon": 14.321249609863399, "gamma": 0.022338033898658793, "lamda": 0.20397649749839075}, "datetime": {"datetime": "2021-10-05 11:39:40", "elapsed": 76.607486, "delta": 0.935033}}
{"target": -84.65962975924825, "params": {"C": 70.86993177765301, "epsilon": 13.494395288909514, "gamma": 0.0005, "lamda": 0.8}, "datetime": {"datetime": "2021-10-05 11:39:41", "elapsed": 77.477488, "delta": 0.870002}}
{"target": -16.820367976291028, "params": {"C": 71.90662560802083, "epsilon": 15.071723030737996, "gamma": 0.2, "lamda": 0.0005}, "datetime": {"datetime": "2021-10-05 11:39:42", "elapsed": 78.544648, "delta": 1.06716}}
{"target": -15.212819355831787, "params": {"C": 69.39564394385708, "epsilon": 15.249396295340443, "gamma": 0.19261522941246884, "lamda": 0.07112830836855173}, "datetime": {"datetime": "2021-10-05 11:39:43", "elapsed": 79.473981, "delta": 0.929333}}
{"target": -12.77950901831996, "params": {"C": 89.62082831020624, "epsilon": 26.516389154041363, "gamma": 0.0005, "lamda": 0.0005}, "datetime": {"datetime": "2021-10-05 11:39:44", "elapsed": 80.396829, "delta": 0.922848}}
{"target": -13.310392553490061, "params": {"C": 45.36621935998794, "epsilon": 19.793292324800973, "gamma": 0.0005, "lamda": 0.0005}, "datetime": {"datetime": "2021-10-05 11:39:45", "elapsed": 81.594815, "delta": 1.197986}}
{"target": -14.28085038799022, "params": {"C": 68.92256542329304, "epsilon": 14.24989834423595, "gamma": 0.16436962914144176, "lamda": 0.011351791902992908}, "datetime": {"datetime": "2021-10-05 11:39:46", "elapsed": 82.375044, "delta": 0.780229}}
{"target": -12.775432254050106, "params": {"C": 90.03854516601864, "epsilon": 27.498298491793943, "gamma": 0.0005, "lamda": 0.0005}, "datetime": {"datetime": "2021-10-05 11:39:47", "elapsed": 83.554989, "delta": 1.179945}}
{"target": -33.12538789834239, "params": {"C": 90.5103935776779, "epsilon": 26.47778224332429, "gamma": 0.007607553019261425, "lamda": 0.5727692620960115}, "datetime": {"datetime": "2021-10-05 11:39:48", "elapsed": 84.369271, "delta": 0.814282}}
{"target": -13.554408963204146, "params": {"C": 88.39402967615484, "epsilon": 25.3124326654114, "gamma": 0.14760047485129624, "lamda": 0.008968467323178712}, "datetime": {"datetime": "2021-10-05 11:39:49", "elapsed": 85.260049, "delta": 0.890778}}
{"target": -39.90939202944513, "params": {"C": 68.26058112227078, "epsilon": 14.870967156682969, "gamma": 0.13613780629182917, "lamda": 0.4725623900405023}, "datetime": {"datetime": "2021-10-05 11:39:49", "elapsed": 86.202588, "delta": 0.942539}}
{"target": -16.300629395887228, "params": {"C": 89.50095504532027, "epsilon": 25.12700117521436, "gamma": 0.11564891172763386, "lamda": 0.18897876354129797}, "datetime": {"datetime": "2021-10-05 11:39:50", "elapsed": 86.944991, "delta": 0.742403}}
{"target": -37.23830482368104, "params": {"C": 88.21318941600813, "epsilon": 24.41417638741981, "gamma": 0.02155518212665631, "lamda": 0.5783013627046949}, "datetime": {"datetime": "2021-10-05 11:39:51", "elapsed": 87.727624, "delta": 0.782633}}
{"target": -12.566340954944726, "params": {"C": 79.6900779438794, "epsilon": 29.93694795082143, "gamma": 0.004548489995165921, "lamda": 0.044109544105761476}, "datetime": {"datetime": "2021-10-05 11:39:52", "elapsed": 88.514842, "delta": 0.787218}}
{"target": -26.14133894116641, "params": {"C": 88.97290850773715, "epsilon": 25.935589011686517, "gamma": 0.17962672424655732, "lamda": 0.38218140125204475}, "datetime": {"datetime": "2021-10-05 11:39:53", "elapsed": 89.348456, "delta": 0.833614}}
{"target": -29.116083594517118, "params": {"C": 46.16182267758577, "epsilon": 19.240337955547208, "gamma": 0.06493930855554124, "lamda": 0.39818427546763463}, "datetime": {"datetime": "2021-10-05 11:39:53", "elapsed": 90.14925, "delta": 0.800794}}
{"target": -31.518810286365024, "params": {"C": 89.75017842471198, "epsilon": 28.492794825049334, "gamma": 0.09060353685322334, "lamda": 0.6206494717386235}, "datetime": {"datetime": "2021-10-05 11:39:54", "elapsed": 91.047917, "delta": 0.898667}}
{"target": -13.56979771107316, "params": {"C": 21.554798569505053, "epsilon": 25.14743600541169, "gamma": 0.0005, "lamda": 0.0005}, "datetime": {"datetime": "2021-10-05 11:39:55", "elapsed": 92.216028, "delta": 1.168111}}
{"target": -40.57697578836423, "params": {"C": 20.540182558498014, "epsilon": 25.32333299804208, "gamma": 0.19152064844027492, "lamda": 0.7334175042848978}, "datetime": {"datetime": "2021-10-05 11:39:56", "elapsed": 92.830023, "delta": 0.613995}}
{"target": -13.228311218452754, "params": {"C": 22.261601527553157, "epsilon": 24.355203567199855, "gamma": 0.1295911500248908, "lamda": 0.05303044954298965}, "datetime": {"datetime": "2021-10-05 11:39:57", "elapsed": 93.76667, "delta": 0.936647}}
{"target": -16.038908830211202, "params": {"C": 69.97803165907973, "epsilon": 14.62176081122692, "gamma": 0.18751911184517395, "lamda": 0.10125287086157099}, "datetime": {"datetime": "2021-10-05 11:39:58", "elapsed": 94.662033, "delta": 0.895363}}
{"target": -20.990715834322433, "params": {"C": 22.891456089149877, "epsilon": 24.87923181252543, "gamma": 0.13490564985169892, "lamda": 0.2967174878666536}, "datetime": {"datetime": "2021-10-05 11:39:59", "elapsed": 95.650473, "delta": 0.98844}}
{"target": -24.0314327963506, "params": {"C": 22.425553742313564, "epsilon": 23.25123179587154, "gamma": 0.14087078440853415, "lamda": 0.3381374913398124}, "datetime": {"datetime": "2021-10-05 11:40:00", "elapsed": 96.578194, "delta": 0.927721}}
{"target": -56.31374591041509, "params": {"C": 70.09921243557504, "epsilon": 16.13437792027019, "gamma": 0.11903906600641374, "lamda": 0.6901568148147469}, "datetime": {"datetime": "2021-10-05 11:40:01", "elapsed": 97.495248, "delta": 0.917054}}
{"target": -13.336819174901093, "params": {"C": 72.53041781841303, "epsilon": 14.241553230533752, "gamma": 0.0005, "lamda": 0.0005}, "datetime": {"datetime": "2021-10-05 11:40:02", "elapsed": 98.571484, "delta": 1.076236}}
{"target": -15.622120320716961, "params": {"C": 73.1385460434381, "epsilon": 15.085954377724667, "gamma": 0.1879021377112479, "lamda": 0.0895155592406914}, "datetime": {"datetime": "2021-10-05 11:40:03", "elapsed": 99.506101, "delta": 0.934617}}
{"target": -62.85667613055708, "params": {"C": 73.25815892330759, "epsilon": 14.037711185054036, "gamma": 0.14953161580032423, "lamda": 0.707272156629451}, "datetime": {"datetime": "2021-10-05 11:40:04", "elapsed": 100.246644, "delta": 0.740543}}
{"target": -13.769420122905588, "params": {"C": 72.67797665680425, "epsilon": 15.85291304538064, "gamma": 0.03553503801599403, "lamda": 0.16079985853425338}, "datetime": {"datetime": "2021-10-05 11:40:05", "elapsed": 101.248825, "delta": 1.002181}}
{"target": -15.904705030820903, "params": {"C": 73.61557273894982, "epsilon": 16.319898433016768, "gamma": 0.16151766556713304, "lamda": 0.11656678898240251}, "datetime": {"datetime": "2021-10-05 11:40:05", "elapsed": 102.194185, "delta": 0.94536}}
{"target": -14.589295273855448, "params": {"C": 26.671463382540185, "epsilon": 14.332257480547948, "gamma": 0.18031490773941497, "lamda": 0.04553756680011147}, "datetime": {"datetime": "2021-10-05 11:40:07", "elapsed": 103.292266, "delta": 1.098081}}
{"target": -40.90655769233753, "params": {"C": 72.73278913485318, "epsilon": 16.973332078302498, "gamma": 0.19298816345726028, "lamda": 0.5242126683454431}, "datetime": {"datetime": "2021-10-05 11:40:08", "elapsed": 104.398778, "delta": 1.106512}}
{"target": -20.803004114700265, "params": {"C": 25.942634856317735, "epsilon": 14.884464577641817, "gamma": 0.05240698185837273, "lamda": 0.2846034877140743}, "datetime": {"datetime": "2021-10-05 11:40:09", "elapsed": 105.301364, "delta": 0.902586}}
{"target": -12.867821394037158, "params": {"C": 74.24260755829455, "epsilon": 15.500676220906776, "gamma": 0.12387154986092253, "lamda": 0.01921231132527901}, "datetime": {"datetime": "2021-10-05 11:40:09", "elapsed": 106.12772, "delta": 0.826356}}
{"target": -41.726814546678106, "params": {"C": 74.8916822670051, "epsilon": 16.24108341650384, "gamma": 0.008222000649635443, "lamda": 0.4912158465797932}, "datetime": {"datetime": "2021-10-05 11:40:10", "elapsed": 106.927965, "delta": 0.800245}}
{"target": -53.947861707424885, "params": {"C": 73.47664580313715, "epsilon": 15.661229020885402, "gamma": 0.03236398004141178, "lamda": 0.5838780870612476}, "datetime": {"datetime": "2021-10-05 11:40:11", "elapsed": 107.744418, "delta": 0.816453}}
{"target": -76.48621019257111, "params": {"C": 76.88107644616058, "epsilon": 16.00704355008206, "gamma": 0.013507700672703016, "lamda": 0.7708530086250673}, "datetime": {"datetime": "2021-10-05 11:40:12", "elapsed": 108.420466, "delta": 0.676048}}
{"target": -55.50143251797193, "params": {"C": 29.533676455269124, "epsilon": 13.084774146105623, "gamma": 0.15357771513550314, "lamda": 0.6441976616441046}, "datetime": {"datetime": "2021-10-05 11:40:12", "elapsed": 109.204213, "delta": 0.783747}}
{"target": -12.392170755757489, "params": {"C": 74.46953495822888, "epsilon": 14.799005065143927, "gamma": 0.09002769504374801, "lamda": 0.0020071812097521152}, "datetime": {"datetime": "2021-10-05 11:40:13", "elapsed": 110.037326, "delta": 0.833113}}
{"target": -82.87195150384694, "params": {"C": 42.782141469114144, "epsilon": 7.700877391790888, "gamma": 0.14716652778395406, "lamda": 0.7471892049013829}, "datetime": {"datetime": "2021-10-05 11:40:14", "elapsed": 110.684819, "delta": 0.647493}}
{"target": -17.201460480388448, "params": {"C": 78.43556542808983, "epsilon": 29.740738341861043, "gamma": 0.1555041378629116, "lamda": 0.18676875191459866}, "datetime": {"datetime": "2021-10-05 11:40:15", "elapsed": 111.62825, "delta": 0.943431}}
{"target": -13.499840862705295, "params": {"C": 43.312249038307804, "epsilon": 15.575032074831732, "gamma": 0.0005, "lamda": 0.0005}, "datetime": {"datetime": "2021-10-05 11:40:16", "elapsed": 112.745732, "delta": 1.117482}}
{"target": -13.990875673492905, "params": {"C": 42.55349992113563, "epsilon": 14.700945936803024, "gamma": 0.15748213235719807, "lamda": 0.04577424322213805}, "datetime": {"datetime": "2021-10-05 11:40:17", "elapsed": 113.973508, "delta": 1.227776}}
{"target": -59.33006552734319, "params": {"C": 42.04595571690705, "epsilon": 13.956614157123866, "gamma": 0.14424987142041015, "lamda": 0.6773496613218365}, "datetime": {"datetime": "2021-10-05 11:40:18", "elapsed": 114.909961, "delta": 0.936453}}
{"target": -16.573316327020947, "params": {"C": 30.99905401122485, "epsilon": 12.775665390612824, "gamma": 0.18730738233449787, "lamda": 0.11410359435898804}, "datetime": {"datetime": "2021-10-05 11:40:19", "elapsed": 115.882854, "delta": 0.972893}}
{"target": -14.966783332590875, "params": {"C": 16.728497441737726, "epsilon": 3.828418274853016, "gamma": 0.0005, "lamda": 0.0005}, "datetime": {"datetime": "2021-10-05 11:40:21", "elapsed": 117.310882, "delta": 1.428028}}
{"target": -38.28992486658945, "params": {"C": 17.37345940466458, "epsilon": 2.8131291197999926, "gamma": 0.04915863021143166, "lamda": 0.3806118674134778}, "datetime": {"datetime": "2021-10-05 11:40:22", "elapsed": 118.770197, "delta": 1.459315}}
{"target": -43.036767307888, "params": {"C": 17.11473046492719, "epsilon": 5.018827368496139, "gamma": 0.01615195123076118, "lamda": 0.3774775359068446}, "datetime": {"datetime": "2021-10-05 11:40:23", "elapsed": 119.699409, "delta": 0.929212}}
{"target": -11.439890768798666, "params": {"C": 43.79197897726923, "epsilon": 14.822891606297345, "gamma": 0.07797255354319446, "lamda": 0.00943078020666238}, "datetime": {"datetime": "2021-10-05 11:40:24", "elapsed": 120.817017, "delta": 1.117608}}
{"target": -14.626999896941564, "params": {"C": 44.79379451861554, "epsilon": 15.213992090912512, "gamma": 0.07881738001771732, "lamda": 0.15512967411452008}, "datetime": {"datetime": "2021-10-05 11:40:25", "elapsed": 121.901517, "delta": 1.0845}}
{"target": -57.694176728104765, "params": {"C": 43.832340339297154, "epsilon": 15.393303260432, "gamma": 0.06994176269503183, "lamda": 0.6430989060669557}, "datetime": {"datetime": "2021-10-05 11:40:26", "elapsed": 122.850011, "delta": 0.948494}}
{"target": -17.814460370136675, "params": {"C": 45.63747993509895, "epsilon": 15.57987135462131, "gamma": 0.1466092246947815, "lamda": 0.17190186646835187}, "datetime": {"datetime": "2021-10-05 11:40:27", "elapsed": 123.842998, "delta": 0.992987}}
{"target": -42.73135328937762, "params": {"C": 21.984012034001395, "epsilon": 24.87233544253699, "gamma": 0.032231082373087076, "lamda": 0.6500505090469441}, "datetime": {"datetime": "2021-10-05 11:40:28", "elapsed": 124.569229, "delta": 0.726231}}
{"target": -52.723743035225326, "params": {"C": 44.82371361934565, "epsilon": 18.515656743936432, "gamma": 0.0220485701868451, "lamda": 0.6992622207827701}, "datetime": {"datetime": "2021-10-05 11:40:29", "elapsed": 125.533695, "delta": 0.964466}}
{"target": -11.7997377175438, "params": {"C": 45.35649329457066, "epsilon": 19.778042225566875, "gamma": 0.09456476133959313, "lamda": 0.018726003789752175}, "datetime": {"datetime": "2021-10-05 11:40:30", "elapsed": 126.262467, "delta": 0.728772}}
