{"target": -10.52203756321699, "params": {"C": 45.70044640113455, "epsilon": 16.442816986800047, "gamma": 0.07111362092484776, "lamda": 0.01678665299023088}, "datetime": {"datetime": "2021-10-05 12:38:41", "elapsed": 273.79965, "delta": 1.347437}}
{"target": -10.18948619463248, "params": {"C": 53.59508650295111, "epsilon": 16.59579504455403, "gamma": 0.06704640038132197, "lamda": 0.012263589118349157}, "datetime": {"datetime": "2021-10-05 12:38:43", "elapsed": 275.321199, "delta": 1.521549}}
{"target": -10.670979876505475, "params": {"C": 63.611882415342926, "epsilon": 20.602449559913786, "gamma": 0.07185546662317219, "lamda": 0.018264896489182794}, "datetime": {"datetime": "2021-10-05 12:38:44", "elapsed": 276.937287, "delta": 1.616088}}
{"target": -10.474857399736482, "params": {"C": 53.61552130110497, "epsilon": 16.61656223324968, "gamma": 0.04339649871074516, "lamda": 0.017430258220725546}, "datetime": {"datetime": "2021-10-05 12:38:46", "elapsed": 278.539037, "delta": 1.60175}}
{"target": -10.774852757045544, "params": {"C": 19.502129463580665, "epsilon": 16.641702245615157, "gamma": 0.09609868179322087, "lamda": 0.015422345341053209}, "datetime": {"datetime": "2021-10-05 12:38:47", "elapsed": 279.92624, "delta": 1.387203}}
{"target": -10.24104604557362, "params": {"C": 46.32144004807956, "epsilon": 17.069140481048, "gamma": 0.060252583409686644, "lamda": 0.014271631533297066}, "datetime": {"datetime": "2021-10-05 12:38:48", "elapsed": 281.265833, "delta": 1.339593}}
{"target": -10.061647193021017, "params": {"C": 61.95189941380247, "epsilon": 29.21017524640288, "gamma": 0.05317161769684095, "lamda": 0.005152774175641525}, "datetime": {"datetime": "2021-10-05 12:38:50", "elapsed": 282.594975, "delta": 1.329142}}
{"target": -10.793817279977237, "params": {"C": 42.499194519614775, "epsilon": 24.657009301617933, "gamma": 0.07236932860924858, "lamda": 0.021523363487812145}, "datetime": {"datetime": "2021-10-05 12:38:51", "elapsed": 283.988718, "delta": 1.393743}}
{"target": -9.992851994626829, "params": {"C": 33.365470663007926, "epsilon": 28.839648327725207, "gamma": 0.05750294289861732, "lamda": 0.006750477807684814}, "datetime": {"datetime": "2021-10-05 12:38:53", "elapsed": 285.336804, "delta": 1.348086}}
{"target": -10.27974335600498, "params": {"C": 13.142643035952915, "epsilon": 28.213077999193988, "gamma": 0.04554260572858909, "lamda": 0.0007262771378902289}, "datetime": {"datetime": "2021-10-05 12:38:54", "elapsed": 286.770269, "delta": 1.433465}}
{"target": -11.169220021734608, "params": {"C": 30.379425210074736, "epsilon": 10.42894767023614, "gamma": 0.09443946066882329, "lamda": 0.007900925959261878}, "datetime": {"datetime": "2021-10-05 12:38:55", "elapsed": 288.265482, "delta": 1.495213}}
{"target": -10.708494433887202, "params": {"C": 79.05616692118372, "epsilon": 27.520460456835295, "gamma": 0.07528692245619527, "lamda": 0.017653436289040026}, "datetime": {"datetime": "2021-10-05 12:38:57", "elapsed": 289.751228, "delta": 1.485746}}
{"target": -10.723188515114874, "params": {"C": 51.6498619405853, "epsilon": 27.490989323939026, "gamma": 0.038522913245083085, "lamda": 0.018845861638482345}, "datetime": {"datetime": "2021-10-05 12:38:59", "elapsed": 291.500124, "delta": 1.748896}}
{"target": -10.384684857866572, "params": {"C": 80.41044060980794, "epsilon": 27.592511965073314, "gamma": 0.059159555856576215, "lamda": 0.0022814991045584793}, "datetime": {"datetime": "2021-10-05 12:39:01", "elapsed": 293.584224, "delta": 2.0841}}
{"target": -10.759064004578963, "params": {"C": 42.31574502327091, "epsilon": 27.838381485508904, "gamma": 0.07928420838337057, "lamda": 0.017963213861285656}, "datetime": {"datetime": "2021-10-05 12:39:02", "elapsed": 295.090315, "delta": 1.506091}}
{"target": -10.606964634427717, "params": {"C": 98.53601192575249, "epsilon": 17.784904150321506, "gamma": 0.0516667033557434, "lamda": 0.02172541544391454}, "datetime": {"datetime": "2021-10-05 12:39:04", "elapsed": 296.948286, "delta": 1.857971}}
{"target": -10.19146198267214, "params": {"C": 65.26673735839194, "epsilon": 20.86451751861513, "gamma": 0.061017088850664494, "lamda": 0.011090187790502307}, "datetime": {"datetime": "2021-10-05 12:39:06", "elapsed": 298.743951, "delta": 1.795665}}
{"target": -10.554167172191006, "params": {"C": 53.62338733335497, "epsilon": 16.624891649927534, "gamma": 0.06714409303421463, "lamda": 0.017928996832579442}, "datetime": {"datetime": "2021-10-05 12:39:08", "elapsed": 300.56416, "delta": 1.820209}}
{"target": -10.482284721112913, "params": {"C": 39.86323398832224, "epsilon": 26.912903318171487, "gamma": 0.04945340739060931, "lamda": 0.017189811952936437}, "datetime": {"datetime": "2021-10-05 12:39:09", "elapsed": 302.000053, "delta": 1.435893}}
{"target": -11.092742552086776, "params": {"C": 42.5089209449594, "epsilon": 10.28415838966524, "gamma": 0.07021812565631098, "lamda": 0.0015894176962871504}, "datetime": {"datetime": "2021-10-05 12:39:11", "elapsed": 304.008529, "delta": 2.008476}}
{"target": -10.067719999063442, "params": {"C": 25.778058767488712, "epsilon": 21.426278369928013, "gamma": 0.06663025976471512, "lamda": 0.006920010433638594}, "datetime": {"datetime": "2021-10-05 12:39:13", "elapsed": 306.178193, "delta": 2.169664}}
{"target": -10.658405517754014, "params": {"C": 10.280528609256972, "epsilon": 20.067340131099947, "gamma": 0.07406572129932683, "lamda": 0.019228519681568933}, "datetime": {"datetime": "2021-10-05 12:39:15", "elapsed": 307.993621, "delta": 1.815428}}
{"target": -10.535442999335668, "params": {"C": 99.2044934813009, "epsilon": 19.178706546955315, "gamma": 0.0736030654465485, "lamda": 0.012042137602140584}, "datetime": {"datetime": "2021-10-05 12:39:17", "elapsed": 309.50255, "delta": 1.508929}}
{"target": -10.316843531450147, "params": {"C": 90.85758270767747, "epsilon": 22.13419529564178, "gamma": 0.03721385029473018, "lamda": 0.005938967765001954}, "datetime": {"datetime": "2021-10-05 12:39:19", "elapsed": 311.945821, "delta": 2.443271}}
{"target": -10.900637073739087, "params": {"C": 17.37912948463098, "epsilon": 17.580487183796063, "gamma": 0.07325342792532027, "lamda": 0.02960464218639488}, "datetime": {"datetime": "2021-10-05 12:39:21", "elapsed": 313.404553, "delta": 1.458732}}
{"target": -10.821497044438678, "params": {"C": 56.72028467638036, "epsilon": 29.892038646830017, "gamma": 0.0644073953660439, "lamda": 0.023923283234708395}, "datetime": {"datetime": "2021-10-05 12:39:23", "elapsed": 315.480491, "delta": 2.075938}}
{"target": -10.602222484615528, "params": {"C": 33.06354835139863, "epsilon": 21.71533871143152, "gamma": 0.09255290322006182, "lamda": 0.008875038823936763}, "datetime": {"datetime": "2021-10-05 12:39:25", "elapsed": 317.818219, "delta": 2.337728}}
{"target": -10.738463671779265, "params": {"C": 43.19396680004283, "epsilon": 22.443013551306734, "gamma": 0.09273565353440796, "lamda": 0.00519392784882792}, "datetime": {"datetime": "2021-10-05 12:39:27", "elapsed": 319.325663, "delta": 1.507444}}
{"target": -10.105286347943828, "params": {"C": 33.03403294461046, "epsilon": 25.77293534528189, "gamma": 0.04543288374046449, "lamda": 0.007260760193697896}, "datetime": {"datetime": "2021-10-05 12:39:28", "elapsed": 321.270246, "delta": 1.944583}}
{"target": -10.59514176309588, "params": {"C": 92.80903062879054, "epsilon": 21.205670569450994, "gamma": 0.04048652778391085, "lamda": 0.01722632217482714}, "datetime": {"datetime": "2021-10-05 12:39:31", "elapsed": 323.502182, "delta": 2.231936}}
{"target": -10.83019349141071, "params": {"C": 50.2192741254337, "epsilon": 29.933047594750015, "gamma": 0.08079081897886706, "lamda": 0.0016051144824224435}, "datetime": {"datetime": "2021-10-05 12:39:32", "elapsed": 325.030652, "delta": 1.52847}}
{"target": -10.360648733687908, "params": {"C": 20.26365856826549, "epsilon": 23.874842404058256, "gamma": 0.02344543995406473, "lamda": 0.00035055206549435605}, "datetime": {"datetime": "2021-10-05 12:39:34", "elapsed": 326.67631, "delta": 1.645658}}
{"target": -10.997232362215774, "params": {"C": 18.39087007518434, "epsilon": 16.985635232818066, "gamma": 0.02904222517127599, "lamda": 0.02177382238867969}, "datetime": {"datetime": "2021-10-05 12:39:35", "elapsed": 328.159038, "delta": 1.482728}}
{"target": -10.56677212215843, "params": {"C": 35.82852235495274, "epsilon": 12.156076974812214, "gamma": 0.0781454587940505, "lamda": 0.006687879412641025}, "datetime": {"datetime": "2021-10-05 12:39:37", "elapsed": 329.655014, "delta": 1.495976}}
{"target": -10.592664824454001, "params": {"C": 50.27489629293626, "epsilon": 16.225599097824176, "gamma": 0.06732315253568098, "lamda": 0.019995183846883962}, "datetime": {"datetime": "2021-10-05 12:39:38", "elapsed": 331.177676, "delta": 1.522662}}
{"target": -10.58799721011965, "params": {"C": 31.102556047621622, "epsilon": 12.603001155304607, "gamma": 0.0718991039023393, "lamda": 0.019548990099171874}, "datetime": {"datetime": "2021-10-05 12:39:40", "elapsed": 332.757359, "delta": 1.579683}}
{"target": -10.826815836272532, "params": {"C": 47.04147364412377, "epsilon": 16.27549483260857, "gamma": 0.0811312754114012, "lamda": 0.02230395752680476}, "datetime": {"datetime": "2021-10-05 12:39:42", "elapsed": 334.732369, "delta": 1.97501}}
{"target": -10.215934058660988, "params": {"C": 52.27421047902215, "epsilon": 29.365109763365705, "gamma": 0.07408351826364876, "lamda": 0.008731754979474482}, "datetime": {"datetime": "2021-10-05 12:39:43", "elapsed": 336.308113, "delta": 1.575744}}
{"target": -10.48257017918675, "params": {"C": 99.76829855224892, "epsilon": 27.589839995310253, "gamma": 0.06449537978248834, "lamda": 0.014236190987085824}, "datetime": {"datetime": "2021-10-05 12:39:45", "elapsed": 337.746281, "delta": 1.438168}}
{"target": -10.444346549351447, "params": {"C": 53.57441265054593, "epsilon": 16.492274324989157, "gamma": 0.07747963094943304, "lamda": 0.005618651791032461}, "datetime": {"datetime": "2021-10-05 12:39:47", "elapsed": 339.984401, "delta": 2.23812}}
{"target": -10.935188104550079, "params": {"C": 47.79477563837527, "epsilon": 11.727200965591615, "gamma": 0.07588524364554226, "lamda": 0.02949618690272804}, "datetime": {"datetime": "2021-10-05 12:39:49", "elapsed": 342.009535, "delta": 2.025134}}
{"target": -10.089376968706393, "params": {"C": 35.107819665543786, "epsilon": 29.189721614174964, "gamma": 0.07047858409876959, "lamda": 0.0034458381855365975}, "datetime": {"datetime": "2021-10-05 12:39:51", "elapsed": 343.66041, "delta": 1.650875}}
{"target": -10.572483083003322, "params": {"C": 35.06020472874269, "epsilon": 29.28871803898177, "gamma": 0.03267363750505967, "lamda": 0.001210619532847262}, "datetime": {"datetime": "2021-10-05 12:39:53", "elapsed": 345.586745, "delta": 1.926335}}
{"target": -10.74062357003135, "params": {"C": 71.43199085587206, "epsilon": 25.53471239799793, "gamma": 0.07991884140025335, "lamda": 0.017011245215118452}, "datetime": {"datetime": "2021-10-05 12:39:54", "elapsed": 347.086582, "delta": 1.499837}}
{"target": -11.17529796966882, "params": {"C": 94.19445440841598, "epsilon": 12.98477699548627, "gamma": 0.02154318936263585, "lamda": 0.02248496862862867}, "datetime": {"datetime": "2021-10-05 12:39:56", "elapsed": 348.65945, "delta": 1.572868}}
{"target": -10.711170984292476, "params": {"C": 15.922776440819625, "epsilon": 22.794814055685883, "gamma": 0.04171646601694158, "lamda": 0.02126970563018137}, "datetime": {"datetime": "2021-10-05 12:39:58", "elapsed": 350.315922, "delta": 1.656472}}
{"target": -10.853377838559268, "params": {"C": 16.786268638141124, "epsilon": 20.423511300635436, "gamma": 0.03738274981993567, "lamda": 0.024082938931159325}, "datetime": {"datetime": "2021-10-05 12:39:59", "elapsed": 352.258426, "delta": 1.942504}}
{"target": -11.18565295484497, "params": {"C": 54.21438667426784, "epsilon": 24.931803554462594, "gamma": 0.02774640519093565, "lamda": 0.025485682101418387}, "datetime": {"datetime": "2021-10-05 12:40:01", "elapsed": 353.887669, "delta": 1.629243}}
{"target": -10.477001660807495, "params": {"C": 53.574161066869266, "epsilon": 26.784863696474982, "gamma": 0.07965245526802489, "lamda": 0.011474762798652095}, "datetime": {"datetime": "2021-10-05 12:40:03", "elapsed": 355.470756, "delta": 1.583087}}
{"target": -10.850919793045485, "params": {"C": 50.252552810202516, "epsilon": 16.215334515689463, "gamma": 0.08240154006328691, "lamda": 0.020510026291377166}, "datetime": {"datetime": "2021-10-05 12:40:05", "elapsed": 357.370614, "delta": 1.899858}}
{"target": -10.215090080110045, "params": {"C": 29.005252697906176, "epsilon": 22.997572682711862, "gamma": 0.05900966638658481, "lamda": 0.012202660233420105}, "datetime": {"datetime": "2021-10-05 12:40:06", "elapsed": 358.957236, "delta": 1.586622}}
{"target": -10.219005902594601, "params": {"C": 22.160548834033847, "epsilon": 15.184212769616503, "gamma": 0.04155051143283964, "lamda": 0.0009288086015754864}, "datetime": {"datetime": "2021-10-05 12:40:08", "elapsed": 360.764615, "delta": 1.807379}}
{"target": -11.154453740874825, "params": {"C": 66.14363601041813, "epsilon": 28.329783099615653, "gamma": 0.08189961112173451, "lamda": 0.0012352254869860482}, "datetime": {"datetime": "2021-10-05 12:40:10", "elapsed": 362.368606, "delta": 1.603991}}
{"target": -10.335630183213024, "params": {"C": 35.71166475540933, "epsilon": 21.419633341599152, "gamma": 0.07348779683157425, "lamda": 0.013475349944543018}, "datetime": {"datetime": "2021-10-05 12:40:11", "elapsed": 363.971001, "delta": 1.602395}}
{"target": -10.239170405152306, "params": {"C": 16.476626688309356, "epsilon": 26.965851522281223, "gamma": 0.0541061153572225, "lamda": 0.0095862206277744}, "datetime": {"datetime": "2021-10-05 12:40:13", "elapsed": 365.653237, "delta": 1.682236}}
{"target": -10.390372083390394, "params": {"C": 34.8764513521847, "epsilon": 26.43631323053023, "gamma": 0.0823132161533563, "lamda": 0.011294679751418646}, "datetime": {"datetime": "2021-10-05 12:40:15", "elapsed": 367.730359, "delta": 2.077122}}
{"target": -10.621618965662638, "params": {"C": 98.23463759983142, "epsilon": 19.14764379481498, "gamma": 0.050071939496192784, "lamda": 0.0214360008001075}, "datetime": {"datetime": "2021-10-05 12:40:17", "elapsed": 369.365275, "delta": 1.634916}}
{"target": -10.289242002160302, "params": {"C": 37.87886043178438, "epsilon": 21.536710142500084, "gamma": 0.037818995918019585, "lamda": 0.009149537272684987}, "datetime": {"datetime": "2021-10-05 12:40:18", "elapsed": 371.015362, "delta": 1.650087}}
{"target": -10.542762711245485, "params": {"C": 45.054721996212066, "epsilon": 26.167131305076463, "gamma": 0.032988637721029834, "lamda": 0.010359579677766283}, "datetime": {"datetime": "2021-10-05 12:40:20", "elapsed": 373.104293, "delta": 2.088931}}
{"target": -10.668881522147943, "params": {"C": 64.5155467059397, "epsilon": 23.674093509814504, "gamma": 0.036886168234993855, "lamda": 0.01664827010074281}, "datetime": {"datetime": "2021-10-05 12:40:22", "elapsed": 374.699257, "delta": 1.594964}}
{"target": -10.554665729216646, "params": {"C": 71.4408536601648, "epsilon": 19.782408418783838, "gamma": 0.02857542074176126, "lamda": 0.008969195463181387}, "datetime": {"datetime": "2021-10-05 12:40:24", "elapsed": 376.384979, "delta": 1.685722}}
{"target": -10.207774881383598, "params": {"C": 49.35233241163075, "epsilon": 28.741302716641933, "gamma": 0.06906725212370529, "lamda": 0.009500598203993732}, "datetime": {"datetime": "2021-10-05 12:40:25", "elapsed": 378.044391, "delta": 1.659412}}
{"target": -11.581595678031203, "params": {"C": 25.779107756648187, "epsilon": 21.394905443442727, "gamma": 0.08933835079866431, "lamda": 0.0003576791148614522}, "datetime": {"datetime": "2021-10-05 12:40:28", "elapsed": 380.605725, "delta": 2.561334}}
{"target": -10.276655984120332, "params": {"C": 25.74034499573346, "epsilon": 21.38052573461767, "gamma": 0.0578162414486325, "lamda": 0.013195456302567334}, "datetime": {"datetime": "2021-10-05 12:40:30", "elapsed": 382.983837, "delta": 2.378112}}
{"target": -10.441903315516415, "params": {"C": 47.72997534425428, "epsilon": 23.393982843551655, "gamma": 0.05510458101256026, "lamda": 0.016536127995071377}, "datetime": {"datetime": "2021-10-05 12:40:32", "elapsed": 384.706339, "delta": 1.722502}}
{"target": -11.208654269301306, "params": {"C": 14.191324376567874, "epsilon": 25.143807176231544, "gamma": 0.029601580951652127, "lamda": 0.028476210795914506}, "datetime": {"datetime": "2021-10-05 12:40:33", "elapsed": 386.222778, "delta": 1.516439}}
{"target": -10.82109242634948, "params": {"C": 40.1254914949713, "epsilon": 14.735201248601635, "gamma": 0.07807614229725723, "lamda": 0.025009467827284224}, "datetime": {"datetime": "2021-10-05 12:40:35", "elapsed": 388.00638, "delta": 1.783602}}
{"target": -10.530956222859897, "params": {"C": 37.13691443612822, "epsilon": 29.471195158246456, "gamma": 0.0933157618057398, "lamda": 0.007878193770175922}, "datetime": {"datetime": "2021-10-05 12:40:37", "elapsed": 389.714878, "delta": 1.708498}}
{"target": -10.129515439594867, "params": {"C": 71.09470608685189, "epsilon": 13.603455007635175, "gamma": 0.04436163072897116, "lamda": 0.004124334610695535}, "datetime": {"datetime": "2021-10-05 12:40:39", "elapsed": 391.811024, "delta": 2.096146}}
{"target": -10.323297948937931, "params": {"C": 25.760796181330193, "epsilon": 21.363418629916893, "gamma": 0.058353995521865154, "lamda": 0.015234923508631629}, "datetime": {"datetime": "2021-10-05 12:40:41", "elapsed": 394.068078, "delta": 2.257054}}
{"target": -10.831205243775422, "params": {"C": 34.85406685620394, "epsilon": 26.46970193204836, "gamma": 0.07240964863014254, "lamda": 0.023063191193134724}, "datetime": {"datetime": "2021-10-05 12:40:43", "elapsed": 396.155771, "delta": 2.087693}}
{"target": -10.59655889221625, "params": {"C": 34.8915677975178, "epsilon": 26.45478726765507, "gamma": 0.06137995967171006, "lamda": 0.0007816404291327014}, "datetime": {"datetime": "2021-10-05 12:40:45", "elapsed": 397.978442, "delta": 1.822671}}
{"target": -10.707464881260517, "params": {"C": 63.39238981000149, "epsilon": 15.561639778542002, "gamma": 0.054333396438063175, "lamda": 0.02662720598948817}, "datetime": {"datetime": "2021-10-05 12:40:47", "elapsed": 399.701569, "delta": 1.723127}}
{"target": -10.463500707751825, "params": {"C": 51.560596793814554, "epsilon": 27.455398701646082, "gamma": 0.029015548359723118, "lamda": 0.006247946477432527}, "datetime": {"datetime": "2021-10-05 12:40:49", "elapsed": 401.73562, "delta": 2.034051}}
{"target": -10.32216079644913, "params": {"C": 32.084734318644884, "epsilon": 24.03771959055949, "gamma": 0.04328193635897443, "lamda": 0.012806413982917162}, "datetime": {"datetime": "2021-10-05 12:40:51", "elapsed": 403.440201, "delta": 1.704581}}
{"target": -10.900412873678427, "params": {"C": 20.005952819644182, "epsilon": 26.246528746567627, "gamma": 0.08013019165162161, "lamda": 0.027210840852028358}, "datetime": {"datetime": "2021-10-05 12:40:52", "elapsed": 405.191828, "delta": 1.751627}}
{"target": -10.616932449049317, "params": {"C": 27.7827143960274, "epsilon": 28.071040801441566, "gamma": 0.0696473807075144, "lamda": 0.0008058388833839467}, "datetime": {"datetime": "2021-10-05 12:40:55", "elapsed": 407.528106, "delta": 2.336278}}
{"target": -10.28500802130245, "params": {"C": 84.38982031168842, "epsilon": 25.844896555313966, "gamma": 0.041795922649530005, "lamda": 0.007098684786170603}, "datetime": {"datetime": "2021-10-05 12:40:56", "elapsed": 409.179643, "delta": 1.651537}}
{"target": -10.929215275783802, "params": {"C": 37.87651424732602, "epsilon": 21.514327674875567, "gamma": 0.046653673236460455, "lamda": 0.029595672961064697}, "datetime": {"datetime": "2021-10-05 12:40:59", "elapsed": 411.379306, "delta": 2.199663}}
{"target": -10.749772583768435, "params": {"C": 34.980210888329395, "epsilon": 21.066239128520778, "gamma": 0.032516172513867944, "lamda": 0.01858327154005267}, "datetime": {"datetime": "2021-10-05 12:41:00", "elapsed": 413.210419, "delta": 1.831113}}
{"target": -10.477228352300793, "params": {"C": 35.70015134179603, "epsilon": 21.446099394506213, "gamma": 0.07248678174144148, "lamda": 0.016241536694048736}, "datetime": {"datetime": "2021-10-05 12:41:02", "elapsed": 415.300392, "delta": 2.089973}}
{"target": -10.65159208920543, "params": {"C": 73.16894721439922, "epsilon": 15.731681277078005, "gamma": 0.059364220522979155, "lamda": 0.02130491059181101}, "datetime": {"datetime": "2021-10-05 12:41:04", "elapsed": 417.02678, "delta": 1.726388}}
{"target": -10.494685995566213, "params": {"C": 19.26836282670054, "epsilon": 12.359616382691032, "gamma": 0.06705376405492393, "lamda": 0.016283881382675135}, "datetime": {"datetime": "2021-10-05 12:41:07", "elapsed": 419.421449, "delta": 2.394669}}
{"target": -10.72039545664399, "params": {"C": 21.368448521426615, "epsilon": 28.23825940456246, "gamma": 0.09150580656890434, "lamda": 0.017145715356742367}, "datetime": {"datetime": "2021-10-05 12:41:08", "elapsed": 421.09468, "delta": 1.673231}}
{"target": -10.608547312538825, "params": {"C": 25.799012899949133, "epsilon": 21.389203187958604, "gamma": 0.04258512572491538, "lamda": 0.02077862387019097}, "datetime": {"datetime": "2021-10-05 12:41:11", "elapsed": 423.72666, "delta": 2.63198}}
{"target": -10.871114113294823, "params": {"C": 82.88690891011605, "epsilon": 18.815869142959926, "gamma": 0.06468242767643285, "lamda": 0.029149418397034898}, "datetime": {"datetime": "2021-10-05 12:41:13", "elapsed": 425.563301, "delta": 1.836641}}
{"target": -10.84190698675786, "params": {"C": 83.70148383160927, "epsilon": 10.639975002440911, "gamma": 0.02173484457751437, "lamda": 0.013583916046594847}, "datetime": {"datetime": "2021-10-05 12:41:15", "elapsed": 427.438029, "delta": 1.874728}}
