{"target": -10.296148540133562, "params": {"C": 90.96479283405607, "epsilon": 23.84928827866747, "gamma": 0.023962016067119028, "lamda": 0.015621614128593716}, "datetime": {"datetime": "2021-10-06 14:21:33", "elapsed": 805.138522, "delta": 2.386929}}
{"target": -10.133700478281154, "params": {"C": 59.95265248821072, "epsilon": 21.933538535110486, "gamma": 0.020844908445735576, "lamda": 0.0028063602611679245}, "datetime": {"datetime": "2021-10-06 14:21:38", "elapsed": 810.399654, "delta": 5.261132}}
{"target": -10.36266535420021, "params": {"C": 91.39109085618483, "epsilon": 24.010969274258343, "gamma": 0.015969002097717195, "lamda": 0.008959755744169826}, "datetime": {"datetime": "2021-10-06 14:21:41", "elapsed": 812.972552, "delta": 2.572898}}
{"target": -10.375204172341968, "params": {"C": 37.40418725814786, "epsilon": 28.62066314363115, "gamma": 0.015243702716166659, "lamda": 0.011433329393076576}, "datetime": {"datetime": "2021-10-06 14:21:45", "elapsed": 816.842631, "delta": 3.870079}}
{"target": -10.24608756832998, "params": {"C": 82.14801107374893, "epsilon": 34.905135596975356, "gamma": 0.02418622286762164, "lamda": 0.004392383287400686}, "datetime": {"datetime": "2021-10-06 14:21:49", "elapsed": 821.640586, "delta": 4.797955}}
{"target": -10.207693719755081, "params": {"C": 45.698245246166664, "epsilon": 21.51207331269658, "gamma": 0.019912905245155342, "lamda": 0.011065024903993597}, "datetime": {"datetime": "2021-10-06 14:21:52", "elapsed": 824.138678, "delta": 2.498092}}
{"target": -10.379009807774846, "params": {"C": 85.13968906635145, "epsilon": 28.607507424402527, "gamma": 0.02551053984852423, "lamda": 0.018904165323666827}, "datetime": {"datetime": "2021-10-06 14:21:54", "elapsed": 826.601084, "delta": 2.462406}}
{"target": -10.50903042331835, "params": {"C": 52.270799765007894, "epsilon": 35.01414331068918, "gamma": 0.03801682174566986, "lamda": 0.018997377695473258}, "datetime": {"datetime": "2021-10-06 14:21:58", "elapsed": 830.382263, "delta": 3.781179}}
{"target": -10.408481962408906, "params": {"C": 71.63713031939517, "epsilon": 17.825241649849257, "gamma": 0.03258703976670352, "lamda": 0.007575988681073744}, "datetime": {"datetime": "2021-10-06 14:22:01", "elapsed": 833.33166, "delta": 2.949397}}
{"target": -10.320187519890197, "params": {"C": 48.24175823365422, "epsilon": 29.041327085111387, "gamma": 0.031169235335219862, "lamda": 0.011405576952812482}, "datetime": {"datetime": "2021-10-06 14:22:04", "elapsed": 836.250312, "delta": 2.918652}}
{"target": -10.252913697228916, "params": {"C": 78.4972461443913, "epsilon": 31.316866111846807, "gamma": 0.014173294547509617, "lamda": 0.004110046881351674}, "datetime": {"datetime": "2021-10-06 14:22:07", "elapsed": 839.582495, "delta": 3.332183}}
{"target": -10.306810289062245, "params": {"C": 90.77693326750527, "epsilon": 36.45906289471961, "gamma": 0.012622337076147488, "lamda": 0.0030144340267536174}, "datetime": {"datetime": "2021-10-06 14:22:13", "elapsed": 845.537699, "delta": 5.955204}}
{"target": -10.382162040729044, "params": {"C": 96.09177870209655, "epsilon": 34.908092286920876, "gamma": 0.016787214122512495, "lamda": 0.00848497958056172}, "datetime": {"datetime": "2021-10-06 14:22:16", "elapsed": 848.295373, "delta": 2.757674}}
{"target": -10.406430553800181, "params": {"C": 54.23762182794416, "epsilon": 19.71288174902223, "gamma": 0.02843036629833072, "lamda": 0.01695655733297277}, "datetime": {"datetime": "2021-10-06 14:22:19", "elapsed": 850.839071, "delta": 2.543698}}
{"target": -10.501607106253578, "params": {"C": 55.87343887041857, "epsilon": 18.470608206107283, "gamma": 0.03944194837658465, "lamda": 0.011580493992107898}, "datetime": {"datetime": "2021-10-06 14:22:21", "elapsed": 853.243239, "delta": 2.404168}}
{"target": -10.805278116930824, "params": {"C": 36.60275634233465, "epsilon": 21.72356042613235, "gamma": 0.010300259695732379, "lamda": 0.017602995927428814}, "datetime": {"datetime": "2021-10-06 14:22:24", "elapsed": 856.080136, "delta": 2.836897}}
{"target": -10.136690335362927, "params": {"C": 89.72946240121644, "epsilon": 19.823032179528248, "gamma": 0.019144865894220278, "lamda": 0.002099515755416743}, "datetime": {"datetime": "2021-10-06 14:22:27", "elapsed": 859.308377, "delta": 3.228241}}
{"target": -10.204564862024887, "params": {"C": 47.661096245460335, "epsilon": 20.510621655705354, "gamma": 0.019300656831212654, "lamda": 0.010027572751869985}, "datetime": {"datetime": "2021-10-06 14:22:32", "elapsed": 863.904722, "delta": 4.596345}}
{"target": -10.300592399874597, "params": {"C": 46.75357644706323, "epsilon": 25.518667721709903, "gamma": 0.024526220614557514, "lamda": 0.0017458804365078824}, "datetime": {"datetime": "2021-10-06 14:22:34", "elapsed": 866.530927, "delta": 2.626205}}
{"target": -10.470247583107058, "params": {"C": 94.75518259978283, "epsilon": 22.855800574617625, "gamma": 0.035351981358912356, "lamda": 0.0071590308506995414}, "datetime": {"datetime": "2021-10-06 14:22:38", "elapsed": 870.508706, "delta": 3.977779}}
{"target": -10.255512440677283, "params": {"C": 38.53972690174248, "epsilon": 28.21807538433083, "gamma": 0.030532202371546566, "lamda": 0.006738954849596269}, "datetime": {"datetime": "2021-10-06 14:22:42", "elapsed": 874.304236, "delta": 3.79553}}
{"target": -10.552083027356563, "params": {"C": 98.79414411632888, "epsilon": 36.966178096192294, "gamma": 0.03022830980623987, "lamda": 0.017825150183220728}, "datetime": {"datetime": "2021-10-06 14:22:46", "elapsed": 878.510911, "delta": 4.206675}}
{"target": -10.575224494438649, "params": {"C": 74.21441072339127, "epsilon": 36.67770138526653, "gamma": 0.018722288569497224, "lamda": 0.01478052743470469}, "datetime": {"datetime": "2021-10-06 14:22:49", "elapsed": 881.144876, "delta": 2.633965}}
{"target": -10.519211595401543, "params": {"C": 106.67718949977075, "epsilon": 27.097382946668617, "gamma": 0.017050325490390535, "lamda": 0.017339715537647772}, "datetime": {"datetime": "2021-10-06 14:22:52", "elapsed": 883.869665, "delta": 2.724789}}
{"target": -10.452017792602055, "params": {"C": 60.27011564357143, "epsilon": 20.57278624988473, "gamma": 0.015254707473114595, "lamda": 0.013433926801729576}, "datetime": {"datetime": "2021-10-06 14:22:56", "elapsed": 888.389373, "delta": 4.519708}}
{"target": -10.587011748567429, "params": {"C": 94.37854463846479, "epsilon": 33.444195139754726, "gamma": 0.015704317176688905, "lamda": 0.01297197165792212}, "datetime": {"datetime": "2021-10-06 14:23:00", "elapsed": 892.592565, "delta": 4.203192}}
{"target": -10.435533174413028, "params": {"C": 31.405184775564425, "epsilon": 29.514050410907878, "gamma": 0.014093665716593144, "lamda": 0.011348536530724297}, "datetime": {"datetime": "2021-10-06 14:23:03", "elapsed": 895.48351, "delta": 2.890945}}
{"target": -10.741445846581488, "params": {"C": 102.21980695707178, "epsilon": 23.511289368589726, "gamma": 0.012426237970464138, "lamda": 0.018001826611804998}, "datetime": {"datetime": "2021-10-06 14:23:08", "elapsed": 899.94373, "delta": 4.46022}}
{"target": -10.274398749383083, "params": {"C": 89.14977471642442, "epsilon": 31.148965695081017, "gamma": 0.02345894086623289, "lamda": 0.007742457490125505}, "datetime": {"datetime": "2021-10-06 14:23:12", "elapsed": 904.242625, "delta": 4.298895}}
{"target": -10.457147857067024, "params": {"C": 54.97509667843511, "epsilon": 17.260057234088166, "gamma": 0.03613656392675816, "lamda": 0.007485081420281919}, "datetime": {"datetime": "2021-10-06 14:23:16", "elapsed": 908.167644, "delta": 3.925019}}
{"target": -10.429983026685848, "params": {"C": 50.8188186850562, "epsilon": 26.63872465144501, "gamma": 0.036059213932627225, "lamda": 0.019696993277006115}, "datetime": {"datetime": "2021-10-06 14:23:20", "elapsed": 912.218204, "delta": 4.05056}}
{"target": -10.479966515903872, "params": {"C": 71.29584912927861, "epsilon": 30.986988449675884, "gamma": 0.019104351756375988, "lamda": 0.017673488515640354}, "datetime": {"datetime": "2021-10-06 14:23:24", "elapsed": 916.730315, "delta": 4.512111}}
{"target": -10.406379298953702, "params": {"C": 101.22426275351577, "epsilon": 33.98173315369911, "gamma": 0.03474399324974531, "lamda": 0.009475914475871244}, "datetime": {"datetime": "2021-10-06 14:23:29", "elapsed": 921.064438, "delta": 4.334123}}
{"target": -10.325799903912749, "params": {"C": 104.61748484074273, "epsilon": 17.198169234542206, "gamma": 0.02173368979814645, "lamda": 0.007545005188481695}, "datetime": {"datetime": "2021-10-06 14:23:32", "elapsed": 923.899071, "delta": 2.834633}}
{"target": -10.405381940523258, "params": {"C": 94.96922081848354, "epsilon": 18.840139631328462, "gamma": 0.03130041705715761, "lamda": 0.006734759480844693}, "datetime": {"datetime": "2021-10-06 14:23:34", "elapsed": 926.759668, "delta": 2.860597}}
{"target": -10.511277507586785, "params": {"C": 50.09363813637464, "epsilon": 28.80486740163237, "gamma": 0.010003431244520347, "lamda": 0.006186184938110428}, "datetime": {"datetime": "2021-10-06 14:23:40", "elapsed": 0.0, "delta": 0.0}}
{"target": -10.17804099168272, "params": {"C": 42.25592083369628, "epsilon": 19.385078921531967, "gamma": 0.015587806341330127, "lamda": 0.007042102395452346}, "datetime": {"datetime": "2021-10-06 14:23:41", "elapsed": 0.284967, "delta": 0.284967}}
{"target": -10.236613217656366, "params": {"C": 49.506256752689424, "epsilon": 26.082251010050356, "gamma": 0.022575835432098845, "lamda": 0.01376734610785584}, "datetime": {"datetime": "2021-10-06 14:23:41", "elapsed": 0.575098, "delta": 0.290131}}
{"target": -10.852252447443474, "params": {"C": 43.929115242214, "epsilon": 31.17176154586418, "gamma": 0.010821627795937785, "lamda": 0.013475256701532365}, "datetime": {"datetime": "2021-10-06 14:23:41", "elapsed": 0.848335, "delta": 0.273237}}
{"target": -10.18094131161407, "params": {"C": 50.101839268646685, "epsilon": 26.380347426686274, "gamma": 0.014211608157857013, "lamda": 0.0041224094838806}, "datetime": {"datetime": "2021-10-06 14:23:41", "elapsed": 1.159336, "delta": 0.311001}}
{"target": -10.382044323444784, "params": {"C": 61.22159249159056, "epsilon": 32.523923635790965, "gamma": 0.019402725344777286, "lamda": 0.013907987790252421}, "datetime": {"datetime": "2021-10-06 14:23:42", "elapsed": 1.437336, "delta": 0.278}}
{"target": -10.63656218863791, "params": {"C": 52.05258003654459, "epsilon": 24.688614980815764, "gamma": 0.01, "lamda": 0.0002}, "datetime": {"datetime": "2021-10-06 14:23:43", "elapsed": 2.324789, "delta": 0.887453}}
{"target": -10.224873739120389, "params": {"C": 43.708259864340555, "epsilon": 20.058213793065395, "gamma": 0.016540090684770106, "lamda": 0.01115357105865691}, "datetime": {"datetime": "2021-10-06 14:23:43", "elapsed": 2.845788, "delta": 0.520999}}
{"target": -10.180715546102121, "params": {"C": 41.87150091051717, "epsilon": 21.305661704656657, "gamma": 0.02321918683863348, "lamda": 0.007846345234107386}, "datetime": {"datetime": "2021-10-06 14:23:44", "elapsed": 3.383828, "delta": 0.53804}}
{"target": -10.520712527179258, "params": {"C": 39.864625089905644, "epsilon": 20.012190166353395, "gamma": 0.04, "lamda": 0.02}, "datetime": {"datetime": "2021-10-06 14:23:44", "elapsed": 3.965057, "delta": 0.581229}}
{"target": -10.724771171325253, "params": {"C": 43.441436131116, "epsilon": 22.34490356157898, "gamma": 0.01, "lamda": 0.013249652129341828}, "datetime": {"datetime": "2021-10-06 14:23:45", "elapsed": 4.622058, "delta": 0.657001}}
{"target": -10.347686431740389, "params": {"C": 42.64365258798108, "epsilon": 20.382436710074046, "gamma": 0.010985313359797282, "lamda": 0.006001929069546656}, "datetime": {"datetime": "2021-10-06 14:23:46", "elapsed": 5.258057, "delta": 0.635999}}
{"target": -10.382337899815704, "params": {"C": 43.27273584290808, "epsilon": 18.886287298718695, "gamma": 0.03049805645884593, "lamda": 0.01548889224195213}, "datetime": {"datetime": "2021-10-06 14:23:46", "elapsed": 5.769429, "delta": 0.511372}}
{"target": -10.545807161570133, "params": {"C": 41.48507017418209, "epsilon": 20.150205824043184, "gamma": 0.010604146477917973, "lamda": 0.010626521210050225}, "datetime": {"datetime": "2021-10-06 14:23:47", "elapsed": 6.342412, "delta": 0.572983}}
{"target": -10.307932587620426, "params": {"C": 49.591645917932745, "epsilon": 26.960325864213782, "gamma": 0.02742466694478371, "lamda": 0.014325654729664966}, "datetime": {"datetime": "2021-10-06 14:23:47", "elapsed": 6.854394, "delta": 0.511982}}
{"target": -10.264187586514602, "params": {"C": 49.57880893253261, "epsilon": 26.967879241204134, "gamma": 0.028594019555619257, "lamda": 0.007580815497385807}, "datetime": {"datetime": "2021-10-06 14:23:48", "elapsed": 7.255394, "delta": 0.401}}
{"target": -10.139703012398458, "params": {"C": 50.007081371741926, "epsilon": 26.32977408466205, "gamma": 0.022789663814651084, "lamda": 0.006391409254768503}, "datetime": {"datetime": "2021-10-06 14:23:48", "elapsed": 7.669564, "delta": 0.41417}}
{"target": -10.3399837123146, "params": {"C": 49.90584530363494, "epsilon": 26.46124778908065, "gamma": 0.033529441805907535, "lamda": 0.011677493174626498}, "datetime": {"datetime": "2021-10-06 14:23:48", "elapsed": 8.047563, "delta": 0.377999}}
{"target": -10.344579558975168, "params": {"C": 44.787655151831004, "epsilon": 24.70502783518091, "gamma": 0.026503291391362496, "lamda": 0.018993817211035012}, "datetime": {"datetime": "2021-10-06 14:23:49", "elapsed": 8.435562, "delta": 0.387999}}
{"target": -10.177933460300116, "params": {"C": 49.391153439758526, "epsilon": 27.004531360429098, "gamma": 0.018170059195543375, "lamda": 0.009206944172878663}, "datetime": {"datetime": "2021-10-06 14:23:49", "elapsed": 8.831563, "delta": 0.396001}}
{"target": -10.379198733865033, "params": {"C": 50.07029064947487, "epsilon": 26.145504270472287, "gamma": 0.029191470081433912, "lamda": 0.0010305774952886159}, "datetime": {"datetime": "2021-10-06 14:23:50", "elapsed": 9.266564, "delta": 0.435001}}
{"target": -10.221562540916782, "params": {"C": 42.03447203706436, "epsilon": 21.208108170896846, "gamma": 0.022694908558095313, "lamda": 0.010993209855769192}, "datetime": {"datetime": "2021-10-06 14:23:50", "elapsed": 9.615771, "delta": 0.349207}}
{"target": -10.368019981165135, "params": {"C": 49.44962439859914, "epsilon": 27.17603616571826, "gamma": 0.0356353720206933, "lamda": 0.011175926270865716}, "datetime": {"datetime": "2021-10-06 14:23:50", "elapsed": 10.059872, "delta": 0.444101}}
{"target": -10.162837527798946, "params": {"C": 49.37302319743357, "epsilon": 26.79750093797439, "gamma": 0.020289444344634415, "lamda": 0.00872765725180747}, "datetime": {"datetime": "2021-10-06 14:23:51", "elapsed": 10.39987, "delta": 0.339998}}
{"target": -10.285151453748659, "params": {"C": 42.02192512813331, "epsilon": 21.436218298765, "gamma": 0.014392150223864182, "lamda": 0.01002201857448191}, "datetime": {"datetime": "2021-10-06 14:23:51", "elapsed": 10.892866, "delta": 0.492996}}
{"target": -10.33338347349579, "params": {"C": 61.72321652133844, "epsilon": 20.452900681154283, "gamma": 0.010450996524968607, "lamda": 0.003387576430162087}, "datetime": {"datetime": "2021-10-06 14:23:52", "elapsed": 11.311865, "delta": 0.418999}}
{"target": -10.131664778352475, "params": {"C": 42.45946509969997, "epsilon": 19.530589827927216, "gamma": 0.015234936998851794, "lamda": 0.004241372358437472}, "datetime": {"datetime": "2021-10-06 14:23:52", "elapsed": 11.735825, "delta": 0.42396}}
{"target": -10.37963276903801, "params": {"C": 42.273004135390906, "epsilon": 19.623589141138698, "gamma": 0.034331789653250094, "lamda": 0.0026919762361562165}, "datetime": {"datetime": "2021-10-06 14:23:52", "elapsed": 12.150524, "delta": 0.414699}}
{"target": -10.301777441803512, "params": {"C": 42.456438862825856, "epsilon": 19.321419141179813, "gamma": 0.023897257027438584, "lamda": 0.017127643986339026}, "datetime": {"datetime": "2021-10-06 14:23:53", "elapsed": 12.554786, "delta": 0.404262}}
{"target": -10.151028949537357, "params": {"C": 42.59967802034227, "epsilon": 19.68425125181801, "gamma": 0.018911871870360104, "lamda": 0.003228610904686672}, "datetime": {"datetime": "2021-10-06 14:23:53", "elapsed": 13.117786, "delta": 0.563}}
{"target": -10.314939868655314, "params": {"C": 42.69804180106155, "epsilon": 19.54841135867848, "gamma": 0.028635853995588795, "lamda": 0.012500571444618748}, "datetime": {"datetime": "2021-10-06 14:23:54", "elapsed": 13.512722, "delta": 0.394936}}
{"target": -10.31208910244154, "params": {"C": 49.17229493465831, "epsilon": 26.716295919365926, "gamma": 0.030047702471127292, "lamda": 0.004157347738971165}, "datetime": {"datetime": "2021-10-06 14:23:54", "elapsed": 13.983914, "delta": 0.471192}}
{"target": -10.423565631295158, "params": {"C": 53.6386712704989, "epsilon": 23.88109108834978, "gamma": 0.03811743681221993, "lamda": 0.008548719475365722}, "datetime": {"datetime": "2021-10-06 14:23:55", "elapsed": 14.375879, "delta": 0.391965}}
{"target": -10.243649484366903, "params": {"C": 52.166471836698776, "epsilon": 18.96292261084812, "gamma": 0.01988910201641625, "lamda": 0.012875580316482374}, "datetime": {"datetime": "2021-10-06 14:23:55", "elapsed": 14.776035, "delta": 0.400156}}
{"target": -10.291799761895444, "params": {"C": 42.57757182436037, "epsilon": 19.853937052168774, "gamma": 0.03120481700491516, "lamda": 0.009439047982546066}, "datetime": {"datetime": "2021-10-06 14:23:56", "elapsed": 15.195035, "delta": 0.419}}
{"target": -10.436180142496436, "params": {"C": 56.99683623233466, "epsilon": 21.266260472172807, "gamma": 0.031079654590423826, "lamda": 0.018158554080711112}, "datetime": {"datetime": "2021-10-06 14:23:56", "elapsed": 15.5899, "delta": 0.394865}}
{"target": -10.90329117079402, "params": {"C": 41.83490553158409, "epsilon": 21.123009926434733, "gamma": 0.01, "lamda": 0.02}, "datetime": {"datetime": "2021-10-06 14:23:56", "elapsed": 16.117224, "delta": 0.527324}}
{"target": -10.146327036026635, "params": {"C": 42.16685983888009, "epsilon": 19.284736932902167, "gamma": 0.021033155386587767, "lamda": 0.004840559948513274}, "datetime": {"datetime": "2021-10-06 14:23:57", "elapsed": 16.508266, "delta": 0.391042}}
{"target": -10.313990621057984, "params": {"C": 48.43026950548326, "epsilon": 25.60414354072155, "gamma": 0.03174508791133901, "lamda": 0.010514427816294528}, "datetime": {"datetime": "2021-10-06 14:23:57", "elapsed": 16.905776, "delta": 0.39751}}
{"target": -10.33174720990564, "params": {"C": 42.12762538011851, "epsilon": 19.384647840535536, "gamma": 0.02920361516299063, "lamda": 0.014176371610833497}, "datetime": {"datetime": "2021-10-06 14:23:58", "elapsed": 17.304597, "delta": 0.398821}}
{"target": -10.367062811166864, "params": {"C": 64.99036324959324, "epsilon": 31.68735616412389, "gamma": 0.03264828204419306, "lamda": 0.013849106352258868}, "datetime": {"datetime": "2021-10-06 14:23:58", "elapsed": 17.70107, "delta": 0.396473}}
{"target": -10.43916080629598, "params": {"C": 42.468559814982605, "epsilon": 19.66801207754399, "gamma": 0.03880215729259323, "lamda": 0.011020565309831884}, "datetime": {"datetime": "2021-10-06 14:23:58", "elapsed": 18.15703, "delta": 0.45596}}
{"target": -10.123576478540096, "params": {"C": 48.15442035117995, "epsilon": 32.14377763740217, "gamma": 0.02138041791157364, "lamda": 0.005929907631643271}, "datetime": {"datetime": "2021-10-06 14:23:59", "elapsed": 18.587066, "delta": 0.430036}}
{"target": -10.60616001600655, "params": {"C": 42.4425915035398, "epsilon": 19.43855459437183, "gamma": 0.011335963034369855, "lamda": 0.014221339726331508}, "datetime": {"datetime": "2021-10-06 14:23:59", "elapsed": 19.053034, "delta": 0.465968}}
{"target": -10.31370130080769, "params": {"C": 56.70356880963112, "epsilon": 19.878311534188256, "gamma": 0.03038316276646142, "lamda": 0.005285501315160909}, "datetime": {"datetime": "2021-10-06 14:24:00", "elapsed": 19.467031, "delta": 0.413997}}
{"target": -10.375450680175554, "params": {"C": 50.2209458532161, "epsilon": 24.27082792470317, "gamma": 0.034747976964676006, "lamda": 0.007287521788699257}, "datetime": {"datetime": "2021-10-06 14:24:00", "elapsed": 19.904371, "delta": 0.43734}}
{"target": -10.316221230323645, "params": {"C": 43.711558169301114, "epsilon": 20.078878937376945, "gamma": 0.023648904979519065, "lamda": 0.01872770440108199}, "datetime": {"datetime": "2021-10-06 14:24:01", "elapsed": 20.336497, "delta": 0.432126}}
{"target": -10.167990972508207, "params": {"C": 66.71918690125466, "epsilon": 27.660596399912013, "gamma": 0.012634305576694845, "lamda": 0.0015982523318363257}, "datetime": {"datetime": "2021-10-06 14:24:01", "elapsed": 20.812842, "delta": 0.476345}}
{"target": -10.35978897415957, "params": {"C": 48.173496161423465, "epsilon": 32.0982361613882, "gamma": 0.032400652465694256, "lamda": 0.007308906116715375}, "datetime": {"datetime": "2021-10-06 14:24:02", "elapsed": 21.251119, "delta": 0.438277}}
{"target": -10.337466456433134, "params": {"C": 50.08300385532852, "epsilon": 26.340737080080586, "gamma": 0.018126724935434678, "lamda": 0.014119213228351931}, "datetime": {"datetime": "2021-10-06 14:24:02", "elapsed": 21.688544, "delta": 0.437425}}
{"target": -10.1721856352008, "params": {"C": 49.02472255111815, "epsilon": 30.725937485000067, "gamma": 0.022328139155150688, "lamda": 0.007582191871164269}, "datetime": {"datetime": "2021-10-06 14:24:02", "elapsed": 22.157945, "delta": 0.469401}}
{"target": -10.42257150065418, "params": {"C": 49.427776936488826, "epsilon": 26.994350334042956, "gamma": 0.03834868839149328, "lamda": 0.00958772132554955}, "datetime": {"datetime": "2021-10-06 14:24:03", "elapsed": 22.626785, "delta": 0.46884}}
{"target": -10.495900393025115, "params": {"C": 48.13337496512495, "epsilon": 32.171330506009426, "gamma": 0.01550840708902797, "lamda": 0.011845605415487227}, "datetime": {"datetime": "2021-10-06 14:24:03", "elapsed": 23.094895, "delta": 0.46811}}
