{"target": -20.129198834311442, "params": {"C": 42.28517846555483, "epsilon": 21.889410309822583, "gamma": 0.0005228177760603049, "lamda": 0.24221489181915593}, "datetime": {"datetime": "2021-10-05 11:38:23", "elapsed": 0.0, "delta": 0.0}}
{"target": -23.330256283233826, "params": {"C": 15.528833190894192, "epsilon": 3.677819248295136, "gamma": 0.03765891216984535, "lamda": 0.2767758012709167}, "datetime": {"datetime": "2021-10-05 11:38:24", "elapsed": 0.322317, "delta": 0.322317}}
{"target": -42.6110519783168, "params": {"C": 40.27997994883632, "epsilon": 16.62568528609735, "gamma": 0.08412930562345731, "lamda": 0.5483329905672092}, "datetime": {"datetime": "2021-10-05 11:38:24", "elapsed": 0.624948, "delta": 0.302631}}
{"target": -28.249468916256887, "params": {"C": 21.240772723420225, "epsilon": 26.465405655337417, "gamma": 0.005963824842986271, "lamda": 0.5365387743876326}, "datetime": {"datetime": "2021-10-05 11:38:24", "elapsed": 0.883165, "delta": 0.258217}}
{"target": -13.523670210840045, "params": {"C": 42.31317543434557, "epsilon": 17.202005024926798, "gamma": 0.028507194249749138, "lamda": 0.1588821405233606}, "datetime": {"datetime": "2021-10-05 11:38:24", "elapsed": 1.152737, "delta": 0.269572}}
{"target": -27.340825074582035, "params": {"C": 80.27371229887812, "epsilon": 29.079585695862527, "gamma": 0.06302812354276895, "lamda": 0.5540119312276166}, "datetime": {"datetime": "2021-10-05 11:38:25", "elapsed": 1.430474, "delta": 0.277737}}
{"target": -10.779177359892422, "params": {"C": 87.7625260773078, "epsilon": 26.943593241611573, "gamma": 0.017466320168270693, "lamda": 0.03172429919468945}, "datetime": {"datetime": "2021-10-05 11:38:25", "elapsed": 1.741876, "delta": 0.311402}}
{"target": -18.31186717915027, "params": {"C": 17.81321153689232, "epsilon": 26.46613259945298, "gamma": 0.020120193349693494, "lamda": 0.3371755461915392}, "datetime": {"datetime": "2021-10-05 11:38:25", "elapsed": 2.036827, "delta": 0.294951}}
{"target": -66.79901873834736, "params": {"C": 1.7642657424279848, "epsilon": 5.69396709216819, "gamma": 0.1420191223169147, "lamda": 0.611907118763785}, "datetime": {"datetime": "2021-10-05 11:38:26", "elapsed": 2.365974, "delta": 0.329147}}
{"target": -51.548410378619444, "params": {"C": 44.81317442809077, "epsilon": 12.99065053008794, "gamma": 0.10978708668424132, "lamda": 0.5954891644694014}, "datetime": {"datetime": "2021-10-05 11:38:26", "elapsed": 2.731099, "delta": 0.365125}}
{"target": -26.773909107950395, "params": {"C": 15.453540642037563, "epsilon": 3.737070926388881, "gamma": 0.09138700000311867, "lamda": 0.3054009554874771}, "datetime": {"datetime": "2021-10-05 11:38:26", "elapsed": 3.087196, "delta": 0.356097}}
{"target": -18.823235502204906, "params": {"C": 88.45036470096278, "epsilon": 26.6105937229927, "gamma": 0.003240686943488746, "lamda": 0.33348674118895}, "datetime": {"datetime": "2021-10-05 11:38:27", "elapsed": 3.474757, "delta": 0.387561}}
{"target": -26.636049716360453, "params": {"C": 88.12600792643572, "epsilon": 27.863874500702153, "gamma": 0.06607046024703991, "lamda": 0.49896899919917936}, "datetime": {"datetime": "2021-10-05 11:38:27", "elapsed": 3.922583, "delta": 0.447826}}
{"target": -24.225726510990885, "params": {"C": 87.08293886111362, "epsilon": 26.645353093574435, "gamma": 0.18574640834661432, "lamda": 0.34778747764447354}, "datetime": {"datetime": "2021-10-05 11:38:28", "elapsed": 4.370811, "delta": 0.448228}}
{"target": -55.99890632064216, "params": {"C": 43.00526527869709, "epsilon": 17.41941929587386, "gamma": 0.07177690417778451, "lamda": 0.6810072302377764}, "datetime": {"datetime": "2021-10-05 11:38:28", "elapsed": 4.734618, "delta": 0.363807}}
{"target": -43.60423413743531, "params": {"C": 33.16270037850219, "epsilon": 19.437661069388025, "gamma": 0.0804007693175031, "lamda": 0.6013680625317264}, "datetime": {"datetime": "2021-10-05 11:38:28", "elapsed": 5.075193, "delta": 0.340575}}
{"target": -21.435250899202646, "params": {"C": 87.56951841176993, "epsilon": 26.18692466616603, "gamma": 0.09138041106076335, "lamda": 0.3462879006941613}, "datetime": {"datetime": "2021-10-05 11:38:29", "elapsed": 5.447621, "delta": 0.372428}}
{"target": -26.388863403009427, "params": {"C": 42.21588272236093, "epsilon": 22.037350630350304, "gamma": 0.08028108798257967, "lamda": 0.38199719250079894}, "datetime": {"datetime": "2021-10-05 11:38:29", "elapsed": 5.846356, "delta": 0.398735}}
{"target": -29.8061800613794, "params": {"C": 1.9369015637032807, "epsilon": 16.955922770274398, "gamma": 0.032816661123191364, "lamda": 0.3825004597383702}, "datetime": {"datetime": "2021-10-05 11:38:30", "elapsed": 6.235872, "delta": 0.389516}}
{"target": -58.84080508215739, "params": {"C": 33.90291386103935, "epsilon": 15.058982688895213, "gamma": 0.08365684858332167, "lamda": 0.6567538081869557}, "datetime": {"datetime": "2021-10-05 11:38:30", "elapsed": 6.646566, "delta": 0.410694}}
{"target": -10.716053313311184, "params": {"C": 41.88933853213668, "epsilon": 16.584221769004806, "gamma": 0.04748917797791678, "lamda": 0.018216235931716087}, "datetime": {"datetime": "2021-10-05 11:38:30", "elapsed": 7.090351, "delta": 0.443785}}
{"target": -44.917451773145224, "params": {"C": 41.63230629171386, "epsilon": 17.242050157397284, "gamma": 0.17094490389885486, "lamda": 0.5977811574703238}, "datetime": {"datetime": "2021-10-05 11:38:31", "elapsed": 7.624359, "delta": 0.534008}}
{"target": -22.89680051149986, "params": {"C": 42.16029613233842, "epsilon": 15.895510847224637, "gamma": 0.07367221471205572, "lamda": 0.29847800389826157}, "datetime": {"datetime": "2021-10-05 11:38:31", "elapsed": 8.029, "delta": 0.404641}}
{"target": -44.180788215129716, "params": {"C": 87.68536869392248, "epsilon": 26.7407888151919, "gamma": 0.0723130911378245, "lamda": 0.7517719564477702}, "datetime": {"datetime": "2021-10-05 11:38:32", "elapsed": 8.435314, "delta": 0.406314}}
{"target": -45.80198072348566, "params": {"C": 18.898063448093822, "epsilon": 8.881367540342811, "gamma": 0.16080635322156406, "lamda": 0.5186068156029076}, "datetime": {"datetime": "2021-10-05 11:38:32", "elapsed": 8.839393, "delta": 0.404079}}
{"target": -14.021086024306687, "params": {"C": 87.0944466877583, "epsilon": 27.138643427542217, "gamma": 0.16541486131988545, "lamda": 0.04730564422636356}, "datetime": {"datetime": "2021-10-05 11:38:33", "elapsed": 9.245493, "delta": 0.4061}}
{"target": -13.191613696299243, "params": {"C": 41.42572756823698, "epsilon": 16.090200256114514, "gamma": 0.13470048449303304, "lamda": 0.025234730783664804}, "datetime": {"datetime": "2021-10-05 11:38:33", "elapsed": 9.747258, "delta": 0.501765}}
{"target": -15.697462671111973, "params": {"C": 81.98615295215538, "epsilon": 5.742274650231612, "gamma": 0.003499126891041241, "lamda": 0.12921047252093884}, "datetime": {"datetime": "2021-10-05 11:38:33", "elapsed": 10.181193, "delta": 0.433935}}
{"target": -13.862521996695577, "params": {"C": 42.6565632782348, "epsilon": 16.532339744274942, "gamma": 0.1573645412798972, "lamda": 0.018425078812843266}, "datetime": {"datetime": "2021-10-05 11:38:34", "elapsed": 10.712205, "delta": 0.531012}}
{"target": -20.20510533694883, "params": {"C": 90.00090429982198, "epsilon": 14.114364015417454, "gamma": 0.08014336550723186, "lamda": 0.24956680329064962}, "datetime": {"datetime": "2021-10-05 11:38:34", "elapsed": 11.075944, "delta": 0.363739}}
{"target": -67.56881654797381, "params": {"C": 81.8143970369602, "epsilon": 6.2903663863769745, "gamma": 0.07234555260025671, "lamda": 0.6278338609968477}, "datetime": {"datetime": "2021-10-05 11:38:35", "elapsed": 11.589615, "delta": 0.513671}}
{"target": -38.86103058482053, "params": {"C": 42.1837403238482, "epsilon": 16.439990008648202, "gamma": 0.11363610709168968, "lamda": 0.47939635100104255}, "datetime": {"datetime": "2021-10-05 11:38:35", "elapsed": 12.009301, "delta": 0.419686}}
{"target": -16.50536790057871, "params": {"C": 87.5792188915135, "epsilon": 27.331441368729994, "gamma": 0.2, "lamda": 0.0005}, "datetime": {"datetime": "2021-10-05 11:38:36", "elapsed": 12.598226, "delta": 0.588925}}
{"target": -15.699766494273165, "params": {"C": 42.33123730016185, "epsilon": 16.91808640778451, "gamma": 0.19509874785688025, "lamda": 0.08666719143456378}, "datetime": {"datetime": "2021-10-05 11:38:36", "elapsed": 13.174267, "delta": 0.576041}}
{"target": -32.37697408268656, "params": {"C": 54.387188130323814, "epsilon": 12.370109437476245, "gamma": 0.18748095480126253, "lamda": 0.33761117275529773}, "datetime": {"datetime": "2021-10-05 11:38:37", "elapsed": 13.60944, "delta": 0.435173}}
{"target": -61.87413488961593, "params": {"C": 49.3614038563165, "epsilon": 2.861650380973036, "gamma": 0.06626252840916808, "lamda": 0.5123245688397806}, "datetime": {"datetime": "2021-10-05 11:38:37", "elapsed": 14.081056, "delta": 0.471616}}
{"target": -16.566908469179097, "params": {"C": 88.77670599229143, "epsilon": 27.315007712837527, "gamma": 0.11913322655351545, "lamda": 0.1993480040405479}, "datetime": {"datetime": "2021-10-05 11:38:38", "elapsed": 14.543961, "delta": 0.462905}}
{"target": -72.10668210131726, "params": {"C": 65.85126851728039, "epsilon": 7.314770246200758, "gamma": 0.14067970302631844, "lamda": 0.7256446458347745}, "datetime": {"datetime": "2021-10-05 11:38:38", "elapsed": 14.964202, "delta": 0.420241}}
{"target": -67.60444850188175, "params": {"C": 82.02411306502492, "epsilon": 4.912712982524851, "gamma": 0.04040615411710354, "lamda": 0.6228182152455692}, "datetime": {"datetime": "2021-10-05 11:38:39", "elapsed": 15.423608, "delta": 0.459406}}
{"target": -18.789931217141, "params": {"C": 41.217264328432215, "epsilon": 15.452713457527313, "gamma": 0.1091178842317739, "lamda": 0.21002135727682694}, "datetime": {"datetime": "2021-10-05 11:38:39", "elapsed": 15.919054, "delta": 0.495446}}
{"target": -36.43769184243107, "params": {"C": 36.60678210492562, "epsilon": 15.70134417872833, "gamma": 0.1451048346104044, "lamda": 0.41698409288522603}, "datetime": {"datetime": "2021-10-05 11:38:40", "elapsed": 16.30052, "delta": 0.381466}}
{"target": -12.813182813334349, "params": {"C": 86.76423268162566, "epsilon": 27.80277296664864, "gamma": 0.0005, "lamda": 0.0005}, "datetime": {"datetime": "2021-10-05 11:38:40", "elapsed": 17.139174, "delta": 0.838654}}
{"target": -13.190338314086084, "params": {"C": 86.08159714876791, "epsilon": 27.358045828648283, "gamma": 0.11608642263608301, "lamda": 0.07389438103129427}, "datetime": {"datetime": "2021-10-05 11:38:41", "elapsed": 17.651367, "delta": 0.512193}}
{"target": -27.513143550430534, "params": {"C": 86.20979979749144, "epsilon": 28.413185830747167, "gamma": 0.09562652430168966, "lamda": 0.5058487822970117}, "datetime": {"datetime": "2021-10-05 11:38:41", "elapsed": 18.163768, "delta": 0.512401}}
{"target": -32.92679318477359, "params": {"C": 86.21162602356199, "epsilon": 27.520968135768367, "gamma": 0.003533478624845459, "lamda": 0.6085602042746279}, "datetime": {"datetime": "2021-10-05 11:38:42", "elapsed": 19.085104, "delta": 0.921336}}
{"target": -13.317598711706252, "params": {"C": 42.64082752768011, "epsilon": 21.132811180696944, "gamma": 0.0005, "lamda": 0.0005}, "datetime": {"datetime": "2021-10-05 11:38:43", "elapsed": 19.806513, "delta": 0.721409}}
{"target": -16.527893885485096, "params": {"C": 86.16978889803784, "epsilon": 26.61242816564822, "gamma": 0.2, "lamda": 0.0005}, "datetime": {"datetime": "2021-10-05 11:38:44", "elapsed": 20.449377, "delta": 0.642864}}
{"target": -13.29677778533932, "params": {"C": 43.204184229954585, "epsilon": 21.708162203089696, "gamma": 0.0005, "lamda": 0.0005}, "datetime": {"datetime": "2021-10-05 11:38:45", "elapsed": 21.269144, "delta": 0.819767}}
{"target": -15.938475743775324, "params": {"C": 43.58075992145988, "epsilon": 20.96468995848852, "gamma": 0.1676541991770435, "lamda": 0.11781560533448536}, "datetime": {"datetime": "2021-10-05 11:38:45", "elapsed": 21.741653, "delta": 0.472509}}
{"target": -49.26785065718551, "params": {"C": 42.929237334414985, "epsilon": 21.27172900833238, "gamma": 0.04631928084849629, "lamda": 0.6686239772613477}, "datetime": {"datetime": "2021-10-05 11:38:46", "elapsed": 22.242295, "delta": 0.500642}}
{"target": -19.89736696546147, "params": {"C": 80.33329696233675, "epsilon": 29.155972697683115, "gamma": 0.007821544400600377, "lamda": 0.4189333784783658}, "datetime": {"datetime": "2021-10-05 11:38:46", "elapsed": 22.639439, "delta": 0.397144}}
{"target": -12.896488170752294, "params": {"C": 80.73809927649545, "epsilon": 29.674925687534124, "gamma": 0.0005, "lamda": 0.0005}, "datetime": {"datetime": "2021-10-05 11:38:47", "elapsed": 23.424323, "delta": 0.784884}}
{"target": -10.445642012909435, "params": {"C": 44.323546982971806, "epsilon": 21.136217317585817, "gamma": 0.014271337760559265, "lamda": 0.014258545499275565}, "datetime": {"datetime": "2021-10-05 11:38:47", "elapsed": 24.149747, "delta": 0.725424}}
{"target": -12.6905703236659, "params": {"C": 44.05571458760259, "epsilon": 21.90820170420029, "gamma": 0.11199624873733457, "lamda": 0.0023109043020418897}, "datetime": {"datetime": "2021-10-05 11:38:48", "elapsed": 24.72387, "delta": 0.574123}}
{"target": -34.2706565135353, "params": {"C": 44.92240904415886, "epsilon": 21.37901129545916, "gamma": 0.02748206951322219, "lamda": 0.46989785350397917}, "datetime": {"datetime": "2021-10-05 11:38:48", "elapsed": 25.205407, "delta": 0.481537}}
{"target": -15.337997885634074, "params": {"C": 80.91214336827336, "epsilon": 29.004694989159145, "gamma": 0.09515894525111053, "lamda": 0.18487426558388434}, "datetime": {"datetime": "2021-10-05 11:38:49", "elapsed": 25.729504, "delta": 0.524097}}
{"target": -31.7949915862372, "params": {"C": 81.2469696723096, "epsilon": 29.83998328530674, "gamma": 0.18311634085653902, "lamda": 0.6243049302630319}, "datetime": {"datetime": "2021-10-05 11:38:50", "elapsed": 26.318465, "delta": 0.588961}}
{"target": -13.330557096740552, "params": {"C": 41.659695929456085, "epsilon": 20.922092252818366, "gamma": 0.14409682319376518, "lamda": 0.03109590727177379}, "datetime": {"datetime": "2021-10-05 11:38:50", "elapsed": 26.909385, "delta": 0.59092}}
{"target": -15.265446644083221, "params": {"C": 44.25754145556089, "epsilon": 20.046518020758956, "gamma": 0.1717894301361042, "lamda": 0.09216553224567928}, "datetime": {"datetime": "2021-10-05 11:38:51", "elapsed": 27.474859, "delta": 0.565474}}
{"target": -15.261487684873234, "params": {"C": 41.518211525066, "epsilon": 19.93397257826895, "gamma": 0.1892825341829126, "lamda": 0.07909843241457513}, "datetime": {"datetime": "2021-10-05 11:38:51", "elapsed": 28.201787, "delta": 0.726928}}
{"target": -14.726551199711047, "params": {"C": 40.76640911490593, "epsilon": 20.53806966546741, "gamma": 0.19253068166440196, "lamda": 0.04856769866660275}, "datetime": {"datetime": "2021-10-05 11:38:52", "elapsed": 28.800251, "delta": 0.598464}}
{"target": -13.729314294322231, "params": {"C": 40.89735421353768, "epsilon": 21.43976227114734, "gamma": 0.03547093525149292, "lamda": 0.17943399941967222}, "datetime": {"datetime": "2021-10-05 11:38:53", "elapsed": 29.365984, "delta": 0.565733}}
{"target": -13.348040334296302, "params": {"C": 42.47965897523072, "epsilon": 20.137115036266007, "gamma": 0.0005, "lamda": 0.0005}, "datetime": {"datetime": "2021-10-05 11:38:53", "elapsed": 30.086543, "delta": 0.720559}}
{"target": -35.42759120896051, "params": {"C": 39.89725887697703, "epsilon": 20.783969004240948, "gamma": 0.16826284675764316, "lamda": 0.4877893402930285}, "datetime": {"datetime": "2021-10-05 11:38:54", "elapsed": 30.943702, "delta": 0.857159}}
{"target": -12.129023737878631, "params": {"C": 43.160263883301795, "epsilon": 19.68129091747748, "gamma": 0.008193489544572437, "lamda": 0.06325653243623887}, "datetime": {"datetime": "2021-10-05 11:38:55", "elapsed": 31.588002, "delta": 0.6443}}
{"target": -20.407477060617303, "params": {"C": 16.071025543278164, "epsilon": 2.8035355069676733, "gamma": 0.015817398454278517, "lamda": 0.24050161922586322}, "datetime": {"datetime": "2021-10-05 11:38:56", "elapsed": 32.285844, "delta": 0.697842}}
{"target": -36.94762318221926, "params": {"C": 42.200775198188595, "epsilon": 19.34646399004323, "gamma": 0.17817768517071353, "lamda": 0.48468446733552667}, "datetime": {"datetime": "2021-10-05 11:38:57", "elapsed": 33.789386, "delta": 1.503542}}
{"target": -11.524601844756017, "params": {"C": 43.39940885051323, "epsilon": 22.518065872344426, "gamma": 0.06347208628871123, "lamda": 0.07301042827168108}, "datetime": {"datetime": "2021-10-05 11:38:58", "elapsed": 34.35944, "delta": 0.570054}}
{"target": -19.15184437409189, "params": {"C": 44.10544570172442, "epsilon": 22.84327285426769, "gamma": 0.16071276956808256, "lamda": 0.2209349270272053}, "datetime": {"datetime": "2021-10-05 11:38:58", "elapsed": 34.950802, "delta": 0.591362}}
{"target": -16.063879034076336, "params": {"C": 44.0882991941545, "epsilon": 19.186348475688895, "gamma": 0.0017945974487511415, "lamda": 0.16770405054650608}, "datetime": {"datetime": "2021-10-05 11:38:59", "elapsed": 35.58351, "delta": 0.632708}}
{"target": -49.98139157007109, "params": {"C": 41.13684102474838, "epsilon": 20.766461290547177, "gamma": 0.15695678857234152, "lamda": 0.7274058787499778}, "datetime": {"datetime": "2021-10-05 11:39:00", "elapsed": 36.232773, "delta": 0.649263}}
{"target": -13.338888754661287, "params": {"C": 41.32163273147879, "epsilon": 22.064165275357553, "gamma": 0.14432239016603046, "lamda": 0.01635872876651116}, "datetime": {"datetime": "2021-10-05 11:39:00", "elapsed": 36.895211, "delta": 0.662438}}
{"target": -17.364349792937738, "params": {"C": 40.32929357538151, "epsilon": 22.144799927867506, "gamma": 0.11102309235607025, "lamda": 0.20620716913439635}, "datetime": {"datetime": "2021-10-05 11:39:01", "elapsed": 37.593235, "delta": 0.698024}}
{"target": -12.698620555947276, "params": {"C": 85.20664461483338, "epsilon": 26.903316003419615, "gamma": 0.053328328676147015, "lamda": 0.1314702786327104}, "datetime": {"datetime": "2021-10-05 11:39:01", "elapsed": 38.109106, "delta": 0.515871}}
{"target": -14.910643347495878, "params": {"C": 84.24997276020717, "epsilon": 26.772041772701368, "gamma": 0.10991131689745728, "lamda": 0.15017568308226675}, "datetime": {"datetime": "2021-10-05 11:39:02", "elapsed": 38.736261, "delta": 0.627155}}
{"target": -30.389950602736764, "params": {"C": 84.6698635097155, "epsilon": 25.896741435209453, "gamma": 0.0913876205416612, "lamda": 0.5241554532777307}, "datetime": {"datetime": "2021-10-05 11:39:03", "elapsed": 39.346844, "delta": 0.610583}}
{"target": -20.852506947937403, "params": {"C": 84.76347981562986, "epsilon": 27.74233542415976, "gamma": 0.15132789576695332, "lamda": 0.3017374126002016}, "datetime": {"datetime": "2021-10-05 11:39:03", "elapsed": 40.065275, "delta": 0.718431}}
{"target": -13.749582661434212, "params": {"C": 83.36762777480244, "epsilon": 27.430965423991736, "gamma": 0.1581510526597047, "lamda": 0.0405266231002493}, "datetime": {"datetime": "2021-10-05 11:39:04", "elapsed": 40.792379, "delta": 0.727104}}
{"target": -17.018625168201112, "params": {"C": 82.54000256956944, "epsilon": 26.758946506950885, "gamma": 0.10032023937253844, "lamda": 0.23336354923328034}, "datetime": {"datetime": "2021-10-05 11:39:05", "elapsed": 41.381247, "delta": 0.588868}}
{"target": -25.25272317271236, "params": {"C": 82.58726363714129, "epsilon": 27.97812381820175, "gamma": 0.027345354209921523, "lamda": 0.47755979764294787}, "datetime": {"datetime": "2021-10-05 11:39:05", "elapsed": 42.081664, "delta": 0.700417}}
{"target": -36.75558857583869, "params": {"C": 83.8897086730325, "epsilon": 27.27234782534132, "gamma": 0.11548918125963019, "lamda": 0.7003866629219185}, "datetime": {"datetime": "2021-10-05 11:39:06", "elapsed": 42.94389, "delta": 0.862226}}
{"target": -26.29285683153288, "params": {"C": 91.43813506363905, "epsilon": 21.83537494764604, "gamma": 0.10666148489557727, "lamda": 0.3696812875452696}, "datetime": {"datetime": "2021-10-05 11:39:07", "elapsed": 43.490896, "delta": 0.547006}}
{"target": -16.531482392536425, "params": {"C": 83.37807947476037, "epsilon": 26.511792280916925, "gamma": 0.2, "lamda": 0.0005}, "datetime": {"datetime": "2021-10-05 11:39:08", "elapsed": 44.26118, "delta": 0.770284}}
{"target": -53.71754899231186, "params": {"C": 43.71689309401611, "epsilon": 19.527064535790593, "gamma": 0.05144272566163179, "lamda": 0.7301646425431529}, "datetime": {"datetime": "2021-10-05 11:39:08", "elapsed": 45.132683, "delta": 0.871503}}
{"target": -17.79446276844227, "params": {"C": 21.03054959487604, "epsilon": 24.246956776183627, "gamma": 0.0874383040863385, "lamda": 0.25287532688196696}, "datetime": {"datetime": "2021-10-05 11:39:09", "elapsed": 45.669583, "delta": 0.5369}}
{"target": -24.687354890286596, "params": {"C": 60.8078782552609, "epsilon": 21.011822402445798, "gamma": 0.1306188062170268, "lamda": 0.3323676681567027}, "datetime": {"datetime": "2021-10-05 11:39:09", "elapsed": 46.227466, "delta": 0.557883}}
{"target": -11.855619152399951, "params": {"C": 41.72880550139802, "epsilon": 21.45312557547224, "gamma": 0.0934151169736216, "lamda": 0.0058230022782914045}, "datetime": {"datetime": "2021-10-05 11:39:10", "elapsed": 46.966508, "delta": 0.739042}}
{"target": -13.898265916784569, "params": {"C": 28.290760605252228, "epsilon": 12.395132376553445, "gamma": 0.11385003472466171, "lamda": 0.09614899313126458}, "datetime": {"datetime": "2021-10-05 11:39:11", "elapsed": 47.559704, "delta": 0.593196}}
{"target": -10.408747957709211, "params": {"C": 44.67714713930299, "epsilon": 18.971041523673506, "gamma": 0.031523355055988515, "lamda": 0.01707162498712085}, "datetime": {"datetime": "2021-10-05 11:39:11", "elapsed": 48.191558, "delta": 0.631854}}
