{"target": -59.312759489423996, "params": {"C": 4.793815775467332, "epsilon": 14.030273403579985, "gamma": 0.07139688615170509, "lamda": 0.6296758231377576}, "datetime": {"datetime": "2021-10-05 12:12:53", "elapsed": 2070.110933, "delta": 6.350984}}
{"target": -11.606219196718685, "params": {"C": 50.95371246661684, "epsilon": 29.34656017537574, "gamma": 0.08266681222326053, "lamda": 0.0027935427343183275}, "datetime": {"datetime": "2021-10-05 12:13:00", "elapsed": 2076.711953, "delta": 6.60102}}
{"target": -15.858780871066507, "params": {"C": 3.8748067859574435, "epsilon": 20.234401984549457, "gamma": 0.18962999705790276, "lamda": 0.09119610814280434}, "datetime": {"datetime": "2021-10-05 12:13:12", "elapsed": 2088.952661, "delta": 12.240708}}
{"target": -12.520665532912933, "params": {"C": 50.37162029567221, "epsilon": 29.387348504557316, "gamma": 0.02801387953962918, "lamda": 0.13405574955521513}, "datetime": {"datetime": "2021-10-05 12:13:19", "elapsed": 2095.426701, "delta": 6.47404}}
{"target": -11.35790841879074, "params": {"C": 5.248321041704995, "epsilon": 21.000635220579678, "gamma": 0.06287286790000467, "lamda": 0.0596234884215431}, "datetime": {"datetime": "2021-10-05 12:13:29", "elapsed": 2105.432971, "delta": 10.00627}}
{"target": -10.877822321003709, "params": {"C": 5.205566409861942, "epsilon": 20.225639039719717, "gamma": 0.011432602055824496, "lamda": 0.015289386497079473}, "datetime": {"datetime": "2021-10-05 12:13:37", "elapsed": 2113.264386, "delta": 7.831415}}
{"target": -18.068472395310213, "params": {"C": 5.805241595007728, "epsilon": 20.568505887013796, "gamma": 0.007994914670948417, "lamda": 0.28370620091787097}, "datetime": {"datetime": "2021-10-05 12:13:42", "elapsed": 2119.204256, "delta": 5.93987}}
{"target": -14.95216642063829, "params": {"C": 4.184804916763529, "epsilon": 21.74790118621455, "gamma": 0.0005, "lamda": 0.0005}, "datetime": {"datetime": "2021-10-05 12:13:51", "elapsed": 2127.320606, "delta": 8.11635}}
{"target": -18.12260689664934, "params": {"C": 5.297979396273782, "epsilon": 22.39542257091717, "gamma": 0.043960895741226705, "lamda": 0.29428817520209183}, "datetime": {"datetime": "2021-10-05 12:14:00", "elapsed": 2136.362633, "delta": 9.042027}}
{"target": -34.9825861773093, "params": {"C": 4.637246920812243, "epsilon": 20.597285440895373, "gamma": 0.020836677475149213, "lamda": 0.4741154182317608}, "datetime": {"datetime": "2021-10-05 12:14:06", "elapsed": 2143.018428, "delta": 6.655795}}
{"target": -12.062005172676448, "params": {"C": 5.449747575426848, "epsilon": 21.668709408201437, "gamma": 0.019434413933205164, "lamda": 0.10899400665919413}, "datetime": {"datetime": "2021-10-05 12:14:13", "elapsed": 2149.809678, "delta": 6.79125}}
{"target": -39.751123814048796, "params": {"C": 5.8062281432582505, "epsilon": 21.34945845614906, "gamma": 0.15124238768215814, "lamda": 0.6048005094685868}, "datetime": {"datetime": "2021-10-05 12:14:23", "elapsed": 2160.05395, "delta": 10.244272}}
{"target": -11.911679881540712, "params": {"C": 5.636617873764289, "epsilon": 19.896780188662213, "gamma": 0.07605165873306952, "lamda": 0.07898150428056072}, "datetime": {"datetime": "2021-10-05 12:14:31", "elapsed": 2167.741805, "delta": 7.687855}}
{"target": -15.414165710182623, "params": {"C": 3.7154061072205886, "epsilon": 12.080434926542553, "gamma": 0.2, "lamda": 0.0005}, "datetime": {"datetime": "2021-10-05 12:14:40", "elapsed": 2176.824463, "delta": 9.082658}}
{"target": -15.542520989949903, "params": {"C": 1.875957051801838, "epsilon": 14.788174928305507, "gamma": 0.2, "lamda": 0.0005}, "datetime": {"datetime": "2021-10-05 12:14:50", "elapsed": 2187.085728, "delta": 10.261265}}
{"target": -11.713673342982375, "params": {"C": 50.624630771782975, "epsilon": 29.873632354995767, "gamma": 0.09769146519705137, "lamda": 0.021819829644623676}, "datetime": {"datetime": "2021-10-05 12:14:56", "elapsed": 2192.757371, "delta": 5.671643}}
{"target": -25.184664801830387, "params": {"C": 4.953144427219579, "epsilon": 21.641253937287903, "gamma": 0.06524112795268366, "lamda": 0.36757124848570766}, "datetime": {"datetime": "2021-10-05 12:15:03", "elapsed": 2200.133503, "delta": 7.376132}}
{"target": -27.07002934791406, "params": {"C": 50.04842879132048, "epsilon": 29.94160614004705, "gamma": 0.08195926718815744, "lamda": 0.545965552044055}, "datetime": {"datetime": "2021-10-05 12:15:09", "elapsed": 2205.381586, "delta": 5.248083}}
{"target": -10.810589444218369, "params": {"C": 45.26061509369289, "epsilon": 29.95739620723349, "gamma": 0.02167685392998483, "lamda": 0.03792374450763609}, "datetime": {"datetime": "2021-10-05 12:15:16", "elapsed": 2212.376832, "delta": 6.995246}}
{"target": -13.574141342124937, "params": {"C": 14.474451044569113, "epsilon": 21.294675408102904, "gamma": 0.15357132432832712, "lamda": 0.025001743714023823}, "datetime": {"datetime": "2021-10-05 12:15:23", "elapsed": 2219.550065, "delta": 7.173233}}
{"target": -16.282737201076618, "params": {"C": 46.22810733146231, "epsilon": 21.249129972167026, "gamma": 0.2, "lamda": 0.0005}, "datetime": {"datetime": "2021-10-05 12:15:28", "elapsed": 2225.029562, "delta": 5.479497}}
{"target": -11.295557873394047, "params": {"C": 2.4246182860799506, "epsilon": 15.746136553639491, "gamma": 0.06006256673165041, "lamda": 0.028471982106545043}, "datetime": {"datetime": "2021-10-05 12:15:35", "elapsed": 2231.517531, "delta": 6.487969}}
{"target": -15.098222543935554, "params": {"C": 2.750130127004317, "epsilon": 21.522810087410054, "gamma": 0.2, "lamda": 0.0005}, "datetime": {"datetime": "2021-10-05 12:15:49", "elapsed": 2245.232776, "delta": 13.715245}}
{"target": -13.94380995878375, "params": {"C": 5.6373690969302235, "epsilon": 18.477167706321644, "gamma": 0.1613916418195288, "lamda": 0.012695592087021026}, "datetime": {"datetime": "2021-10-05 12:15:58", "elapsed": 2254.460939, "delta": 9.228163}}
{"target": -16.85664787824249, "params": {"C": 1.7004142260585202, "epsilon": 15.566550935437544, "gamma": 0.0005, "lamda": 0.0005}, "datetime": {"datetime": "2021-10-05 12:16:07", "elapsed": 2264.031605, "delta": 9.570666}}
{"target": -11.349276460021498, "params": {"C": 3.6390759238962804, "epsilon": 23.500229064689055, "gamma": 0.022277559065359415, "lamda": 0.07910373947035988}, "datetime": {"datetime": "2021-10-05 12:16:13", "elapsed": 2270.008071, "delta": 5.976466}}
{"target": -50.42391286837224, "params": {"C": 2.7266515088074446, "epsilon": 23.206765611494777, "gamma": 0.05230378419405628, "lamda": 0.7972627921016656}, "datetime": {"datetime": "2021-10-05 12:16:21", "elapsed": 2277.360708, "delta": 7.352637}}
{"target": -12.501722611606159, "params": {"C": 4.103630111063749, "epsilon": 24.779294261256737, "gamma": 0.019244165209451203, "lamda": 0.13137663555833204}, "datetime": {"datetime": "2021-10-05 12:16:30", "elapsed": 2286.916743, "delta": 9.556035}}
{"target": -14.253747504539884, "params": {"C": 3.5454538330187644, "epsilon": 24.383405992007187, "gamma": 0.09613222071456226, "lamda": 0.14021204335961596}, "datetime": {"datetime": "2021-10-05 12:16:36", "elapsed": 2292.626452, "delta": 5.709709}}
{"target": -14.4191561234202, "params": {"C": 4.930766066836666, "epsilon": 23.907769361324412, "gamma": 0.04219779010254142, "lamda": 0.2054696021675714}, "datetime": {"datetime": "2021-10-05 12:16:44", "elapsed": 2300.769442, "delta": 8.14299}}
{"target": -14.536164198131374, "params": {"C": 5.4516492512369235, "epsilon": 25.457426361747792, "gamma": 0.0005049201155426662, "lamda": 0.0005}, "datetime": {"datetime": "2021-10-05 12:16:54", "elapsed": 2310.539188, "delta": 9.769746}}
{"target": -43.25844208894695, "params": {"C": 4.44574499330951, "epsilon": 25.9964313622247, "gamma": 0.15556586490261523, "lamda": 0.7723898711027442}, "datetime": {"datetime": "2021-10-05 12:17:02", "elapsed": 2318.874665, "delta": 8.335477}}
{"target": -15.361952533750808, "params": {"C": 6.6173366887066765, "epsilon": 24.581692167543565, "gamma": 0.05805330413458211, "lamda": 0.218264956823607}, "datetime": {"datetime": "2021-10-05 12:17:12", "elapsed": 2328.350483, "delta": 9.475818}}
{"target": -13.428792117528795, "params": {"C": 4.1036051541230965, "epsilon": 24.004993554762695, "gamma": 0.04772072763470408, "lamda": 0.16671934591093537}, "datetime": {"datetime": "2021-10-05 12:17:18", "elapsed": 2334.842667, "delta": 6.492184}}
{"target": -14.245543679119901, "params": {"C": 6.832008497501736, "epsilon": 25.9926507274532, "gamma": 0.0005, "lamda": 0.0005}, "datetime": {"datetime": "2021-10-05 12:17:27", "elapsed": 2343.47873, "delta": 8.636063}}
{"target": -15.333078625756032, "params": {"C": 8.2080734309292, "epsilon": 25.539086096683846, "gamma": 0.14612648760336172, "lamda": 0.12400072431816342}, "datetime": {"datetime": "2021-10-05 12:17:35", "elapsed": 2351.713096, "delta": 8.234366}}
{"target": -14.029655173653715, "params": {"C": 7.972140055508529, "epsilon": 27.02478511020508, "gamma": 0.0005, "lamda": 0.0005}, "datetime": {"datetime": "2021-10-05 12:17:41", "elapsed": 2357.438206, "delta": 5.72511}}
{"target": -29.144807363062252, "params": {"C": 9.069733934944548, "epsilon": 26.432744098362246, "gamma": 0.0010920424676345694, "lamda": 0.5206549465097124}, "datetime": {"datetime": "2021-10-05 12:17:48", "elapsed": 2364.302828, "delta": 6.864622}}
{"target": -17.40661755889329, "params": {"C": 6.799072043164905, "epsilon": 27.338976040776704, "gamma": 0.11887294215609091, "lamda": 0.22875438745459548}, "datetime": {"datetime": "2021-10-05 12:17:58", "elapsed": 2374.488584, "delta": 10.185756}}
{"target": -30.503724062789022, "params": {"C": 8.462465752925368, "epsilon": 24.10525236258532, "gamma": 0.08057153845500364, "lamda": 0.4901911912415923}, "datetime": {"datetime": "2021-10-05 12:18:05", "elapsed": 2381.474156, "delta": 6.985572}}
{"target": -10.911290165293568, "params": {"C": 8.142257330881062, "epsilon": 28.338419482753245, "gamma": 0.05403076602964874, "lamda": 0.04937703748470166}, "datetime": {"datetime": "2021-10-05 12:18:12", "elapsed": 2389.129124, "delta": 7.654968}}
{"target": -12.011042604828956, "params": {"C": 7.42536686462426, "epsilon": 27.784828004263463, "gamma": 0.0853631621793812, "lamda": 0.060200285389875804}, "datetime": {"datetime": "2021-10-05 12:18:17", "elapsed": 2394.110483, "delta": 4.981359}}
{"target": -15.269537425391436, "params": {"C": 7.737089452105957, "epsilon": 29.6510828895338, "gamma": 0.08364605723708879, "lamda": 0.19702682820051468}, "datetime": {"datetime": "2021-10-05 12:18:24", "elapsed": 2401.20903, "delta": 7.098547}}
{"target": -13.930099597085624, "params": {"C": 9.152467015903747, "epsilon": 29.265473329524088, "gamma": 0.0005, "lamda": 0.0005}, "datetime": {"datetime": "2021-10-05 12:18:31", "elapsed": 2408.000448, "delta": 6.791418}}
{"target": -25.690288928082378, "params": {"C": 8.068457221712654, "epsilon": 29.011571175364782, "gamma": 0.19439503218641405, "lamda": 0.4018320742462971}, "datetime": {"datetime": "2021-10-05 12:18:37", "elapsed": 2413.87455, "delta": 5.874102}}
{"target": -14.358276229321486, "params": {"C": 6.519165450272643, "epsilon": 30.0, "gamma": 0.0005, "lamda": 0.0005}, "datetime": {"datetime": "2021-10-05 12:18:45", "elapsed": 2421.88689, "delta": 8.01234}}
{"target": -13.89976383543661, "params": {"C": 9.283648018750851, "epsilon": 28.064702753469177, "gamma": 0.0005, "lamda": 0.0005}, "datetime": {"datetime": "2021-10-05 12:18:55", "elapsed": 2431.72079, "delta": 9.8339}}
{"target": -28.161670882233892, "params": {"C": 6.223723540220755, "epsilon": 25.228187628466927, "gamma": 0.0622337598990693, "lamda": 0.4725153095972547}, "datetime": {"datetime": "2021-10-05 12:19:01", "elapsed": 2437.367521, "delta": 5.646731}}
{"target": -22.095635178137176, "params": {"C": 8.539322876518057, "epsilon": 27.97850128963455, "gamma": 0.07450632915067057, "lamda": 0.39275652219441126}, "datetime": {"datetime": "2021-10-05 12:19:07", "elapsed": 2443.436497, "delta": 6.068976}}
{"target": -15.936131464311865, "params": {"C": 4.201101358110722, "epsilon": 23.332182321854038, "gamma": 0.05897396587604914, "lamda": 0.22953207038031792}, "datetime": {"datetime": "2021-10-05 12:19:13", "elapsed": 2449.990753, "delta": 6.554256}}
{"target": -14.173699573697101, "params": {"C": 7.443729523205116, "epsilon": 28.457190058786068, "gamma": 0.0005, "lamda": 0.0005}, "datetime": {"datetime": "2021-10-05 12:19:22", "elapsed": 2458.75249, "delta": 8.761737}}
{"target": -30.16314566264465, "params": {"C": 10.687225655794311, "epsilon": 28.962871966774685, "gamma": 0.11706225252390909, "lamda": 0.5847742312340292}, "datetime": {"datetime": "2021-10-05 12:19:28", "elapsed": 2464.546277, "delta": 5.793787}}
{"target": -14.620553271895023, "params": {"C": 6.3878619481327075, "epsilon": 23.152890999734154, "gamma": 0.18854454317579233, "lamda": 0.05727154331650973}, "datetime": {"datetime": "2021-10-05 12:19:36", "elapsed": 2472.480394, "delta": 7.934117}}
{"target": -15.728745026094412, "params": {"C": 5.2268225199365, "epsilon": 29.332735625155436, "gamma": 0.04939843836675377, "lamda": 0.26581753141410347}, "datetime": {"datetime": "2021-10-05 12:19:43", "elapsed": 2480.143303, "delta": 7.662909}}
{"target": -36.272872140466525, "params": {"C": 4.540557156426788, "epsilon": 24.445024055280264, "gamma": 0.2, "lamda": 0.6123029610667988}, "datetime": {"datetime": "2021-10-05 12:19:50", "elapsed": 2486.784953, "delta": 6.64165}}
{"target": -12.59814285098253, "params": {"C": 7.6826199528313035, "epsilon": 26.045870599249646, "gamma": 0.09784280298468827, "lamda": 0.07422450541715023}, "datetime": {"datetime": "2021-10-05 12:19:59", "elapsed": 2495.350725, "delta": 8.565772}}
{"target": -11.346346848771345, "params": {"C": 7.21580041386232, "epsilon": 26.602405793889456, "gamma": 0.055457852873271214, "lamda": 0.07290604724044371}, "datetime": {"datetime": "2021-10-05 12:20:07", "elapsed": 2503.927066, "delta": 8.576341}}
{"target": -18.582292198538447, "params": {"C": 3.548458532370306, "epsilon": 10.234038207205622, "gamma": 0.07246213994004003, "lamda": 0.20522146050864515}, "datetime": {"datetime": "2021-10-05 12:20:15", "elapsed": 2512.077317, "delta": 8.150251}}
{"target": -32.720433497777194, "params": {"C": 7.385596460012754, "epsilon": 26.883040333094712, "gamma": 0.17908611209505157, "lamda": 0.5729123588806161}, "datetime": {"datetime": "2021-10-05 12:20:20", "elapsed": 2516.908747, "delta": 4.83143}}
{"target": -20.905192119882248, "params": {"C": 5.997125591461938, "epsilon": 23.746822614166234, "gamma": 0.001086041256338008, "lamda": 0.31169214539762413}, "datetime": {"datetime": "2021-10-05 12:20:25", "elapsed": 2522.125994, "delta": 5.217247}}
{"target": -24.928222303611292, "params": {"C": 9.365189524317193, "epsilon": 28.71652936109116, "gamma": 0.053828098537669275, "lamda": 0.48449058170499293}, "datetime": {"datetime": "2021-10-05 12:20:34", "elapsed": 2530.778094, "delta": 8.6521}}
{"target": -43.119177353669144, "params": {"C": 14.560477102490761, "epsilon": 20.79437588275802, "gamma": 0.13323865962772108, "lamda": 0.6625433141465703}, "datetime": {"datetime": "2021-10-05 12:20:39", "elapsed": 2535.918279, "delta": 5.140185}}
{"target": -11.105513312939301, "params": {"C": 88.0110078089246, "epsilon": 25.796397622062592, "gamma": 0.06348088107813621, "lamda": 0.03702925485797821}, "datetime": {"datetime": "2021-10-05 12:20:45", "elapsed": 2541.49715, "delta": 5.578871}}
{"target": -18.854450374519597, "params": {"C": 7.001161609527145, "epsilon": 29.450122534000872, "gamma": 0.04485670743141878, "lamda": 0.36468213518252257}, "datetime": {"datetime": "2021-10-05 12:20:51", "elapsed": 2547.304151, "delta": 5.807001}}
{"target": -15.3120136710645, "params": {"C": 5.880961483578366, "epsilon": 19.19718868093439, "gamma": 0.2, "lamda": 0.0005}, "datetime": {"datetime": "2021-10-05 12:20:56", "elapsed": 2552.607776, "delta": 5.303625}}
{"target": -10.721176162557684, "params": {"C": 6.000890205421837, "epsilon": 29.43150050617857, "gamma": 0.026985811880679875, "lamda": 0.0005}, "datetime": {"datetime": "2021-10-05 12:21:03", "elapsed": 2559.746861, "delta": 7.139085}}
{"target": -18.813409519135217, "params": {"C": 5.753979695332834, "epsilon": 29.80722030612487, "gamma": 0.18160052428539258, "lamda": 0.2197311981888438}, "datetime": {"datetime": "2021-10-05 12:21:09", "elapsed": 2565.516958, "delta": 5.770097}}
{"target": -25.799672273417436, "params": {"C": 6.196525086368731, "epsilon": 28.792416004827373, "gamma": 0.07468781715073343, "lamda": 0.4849154791132786}, "datetime": {"datetime": "2021-10-05 12:21:15", "elapsed": 2571.534742, "delta": 6.017784}}
{"target": -23.57143845826147, "params": {"C": 2.1112421510845945, "epsilon": 9.668754079730686, "gamma": 0.1228708133729144, "lamda": 0.2074486504864702}, "datetime": {"datetime": "2021-10-05 12:21:25", "elapsed": 2581.923489, "delta": 10.388747}}
{"target": -13.336037543348688, "params": {"C": 2.4412024163157175, "epsilon": 14.934337027457246, "gamma": 0.03327019350084175, "lamda": 0.14194499654283882}, "datetime": {"datetime": "2021-10-05 12:21:31", "elapsed": 2587.9074, "delta": 5.983911}}
{"target": -16.05033662716647, "params": {"C": 36.076268875363134, "epsilon": 30.0, "gamma": 0.2, "lamda": 0.0005}, "datetime": {"datetime": "2021-10-05 12:21:39", "elapsed": 2595.256137, "delta": 7.348737}}
{"target": -10.763390638066653, "params": {"C": 35.069604743457674, "epsilon": 28.88827513974671, "gamma": 0.014957208368865903, "lamda": 0.023230846440129085}, "datetime": {"datetime": "2021-10-05 12:21:49", "elapsed": 2605.623394, "delta": 10.367257}}
{"target": -17.598873500042796, "params": {"C": 34.990708866937126, "epsilon": 29.59035993354146, "gamma": 0.15685066716592766, "lamda": 0.19985804873647084}, "datetime": {"datetime": "2021-10-05 12:21:55", "elapsed": 2611.249913, "delta": 5.626519}}
{"target": -45.27784056049349, "params": {"C": 35.234665788300816, "epsilon": 28.060704288023857, "gamma": 0.00580342276614316, "lamda": 0.7944279750399921}, "datetime": {"datetime": "2021-10-05 12:22:01", "elapsed": 2617.945622, "delta": 6.695709}}
{"target": -14.481498039280934, "params": {"C": 35.67275831154844, "epsilon": 29.30162944609647, "gamma": 0.1685564689272962, "lamda": 0.06683107355426623}, "datetime": {"datetime": "2021-10-05 12:22:13", "elapsed": 2629.243099, "delta": 11.297477}}
{"target": -13.345834841457489, "params": {"C": 34.39963265383913, "epsilon": 29.001072471464582, "gamma": 0.0005, "lamda": 0.0005}, "datetime": {"datetime": "2021-10-05 12:22:19", "elapsed": 2635.349886, "delta": 6.106787}}
{"target": -10.534778752873237, "params": {"C": 5.193185403517438, "epsilon": 23.29979980978495, "gamma": 0.048975273673644605, "lamda": 0.03118338604297651}, "datetime": {"datetime": "2021-10-05 12:22:25", "elapsed": 2642.179473, "delta": 6.829587}}
{"target": -15.137047035559354, "params": {"C": 3.660669660389035, "epsilon": 29.279923604763905, "gamma": 0.0005, "lamda": 0.0005}, "datetime": {"datetime": "2021-10-05 12:22:34", "elapsed": 2651.050186, "delta": 8.870713}}
{"target": -28.478011703009052, "params": {"C": 7.298299411386054, "epsilon": 25.583725377355304, "gamma": 0.150114692607988, "lamda": 0.4434316683878861}, "datetime": {"datetime": "2021-10-05 12:22:40", "elapsed": 2656.350619, "delta": 5.300433}}
{"target": -15.171971054456703, "params": {"C": 3.280546691210494, "epsilon": 21.105412542891013, "gamma": 0.08908222435624352, "lamda": 0.1692985317777167}, "datetime": {"datetime": "2021-10-05 12:22:46", "elapsed": 2662.578734, "delta": 6.228115}}
{"target": -13.940988946865673, "params": {"C": 3.849691785292068, "epsilon": 22.62636818150035, "gamma": 0.16329585687096182, "lamda": 0.03454932001358145}, "datetime": {"datetime": "2021-10-05 12:22:52", "elapsed": 2668.330882, "delta": 5.752148}}
{"target": -16.05366834999668, "params": {"C": 2.3239067238490168, "epsilon": 30.0, "gamma": 0.0005, "lamda": 0.0005}, "datetime": {"datetime": "2021-10-05 12:23:00", "elapsed": 2677.203775, "delta": 8.872893}}
{"target": -13.556770165853866, "params": {"C": 2.049676861343948, "epsilon": 28.45447159036258, "gamma": 0.13150697572051584, "lamda": 0.03973048175651786}, "datetime": {"datetime": "2021-10-05 12:23:08", "elapsed": 2684.99848, "delta": 7.794705}}
{"target": -13.36014813648087, "params": {"C": 4.737602818033251, "epsilon": 22.84457845288931, "gamma": 0.1389510651618674, "lamda": 0.04398458949906298}, "datetime": {"datetime": "2021-10-05 12:23:14", "elapsed": 2691.040798, "delta": 6.042318}}
{"target": -14.0195630415109, "params": {"C": 1.2443723160006475, "epsilon": 27.0024730582294, "gamma": 0.12556166578520472, "lamda": 0.055422791699148426}, "datetime": {"datetime": "2021-10-05 12:23:22", "elapsed": 2698.823282, "delta": 7.782484}}
{"target": -43.423448384174876, "params": {"C": 2.787288036482117, "epsilon": 27.810383372291884, "gamma": 0.1175321398708665, "lamda": 0.7921127750003191}, "datetime": {"datetime": "2021-10-05 12:23:31", "elapsed": 2708.064678, "delta": 9.241396}}
{"target": -11.646873926566714, "params": {"C": 6.451874808756483, "epsilon": 26.50570379682317, "gamma": 0.10066980669815516, "lamda": 0.010074209093362449}, "datetime": {"datetime": "2021-10-05 12:23:37", "elapsed": 2713.841341, "delta": 5.776663}}
{"target": -18.72824284487927, "params": {"C": 1.0081274448191684, "epsilon": 29.3938591871328, "gamma": 0.05466573798511849, "lamda": 0.35481061028667255}, "datetime": {"datetime": "2021-10-05 12:23:46", "elapsed": 2723.16362, "delta": 9.322279}}
{"target": -14.311447848508399, "params": {"C": 24.882389093396526, "epsilon": 9.515131324216565, "gamma": 0.0005, "lamda": 0.0005}, "datetime": {"datetime": "2021-10-05 12:23:54", "elapsed": 2730.441829, "delta": 7.278209}}
{"target": -11.011205140927286, "params": {"C": 44.61709044674453, "epsilon": 24.40648986884316, "gamma": 0.008004803742328485, "lamda": 0.015256162117065623}, "datetime": {"datetime": "2021-10-05 12:37:06", "elapsed": 0.0, "delta": 0.0}}
