{"target": -10.73224269455972, "params": {"C": 51.588836123619444, "epsilon": 25.624325042288216, "gamma": 0.030150096251659847, "lamda": 0.04428582773075569}, "datetime": {"datetime": "2021-10-05 12:45:35", "elapsed": 508.372915, "delta": 2.116387}}
{"target": -10.491357622814439, "params": {"C": 18.234657429625685, "epsilon": 13.158491413490903, "gamma": 0.044614610082617925, "lamda": 0.010556182292282928}, "datetime": {"datetime": "2021-10-05 12:45:37", "elapsed": 510.746059, "delta": 2.373144}}
{"target": -11.4187412701189, "params": {"C": 73.38895857698084, "epsilon": 15.76927662079044, "gamma": 0.010994326234789747, "lamda": 0.04427577958537899}, "datetime": {"datetime": "2021-10-05 12:45:40", "elapsed": 513.468093, "delta": 2.722034}}
{"target": -10.63561631916885, "params": {"C": 89.68414807079425, "epsilon": 14.87167595624136, "gamma": 0.03185523267313607, "lamda": 0.030050030536962927}, "datetime": {"datetime": "2021-10-05 12:45:42", "elapsed": 515.590882, "delta": 2.122789}}
{"target": -10.710169596484095, "params": {"C": 62.31791149168846, "epsilon": 20.075364501298417, "gamma": 0.03074205733703983, "lamda": 0.045346047317373496}, "datetime": {"datetime": "2021-10-05 12:45:44", "elapsed": 517.464765, "delta": 1.873883}}
{"target": -10.383694036740524, "params": {"C": 64.15276043019728, "epsilon": 26.456184319818306, "gamma": 0.02290545223634151, "lamda": 0.020516373725142062}, "datetime": {"datetime": "2021-10-05 12:45:46", "elapsed": 520.163735, "delta": 2.69897}}
{"target": -10.287202000143596, "params": {"C": 7.485716560338832, "epsilon": 18.620448186171433, "gamma": 0.03378328357440313, "lamda": 0.007270970217488499}, "datetime": {"datetime": "2021-10-05 12:45:49", "elapsed": 522.513286, "delta": 2.349551}}
{"target": -10.401598129795934, "params": {"C": 10.05199901156187, "epsilon": 11.353236949351702, "gamma": 0.024670030099368228, "lamda": 0.017726399175322063}, "datetime": {"datetime": "2021-10-05 12:45:51", "elapsed": 524.598416, "delta": 2.08513}}
{"target": -10.25991811787203, "params": {"C": 79.01878178001681, "epsilon": 28.085070202093068, "gamma": 0.022277774724295395, "lamda": 0.012206472467719762}, "datetime": {"datetime": "2021-10-05 12:45:56", "elapsed": 529.47605, "delta": 4.877634}}
{"target": -10.429769211881016, "params": {"C": 6.84128244479405, "epsilon": 26.43746954916008, "gamma": 0.03494058516317232, "lamda": 0.011901894914788852}, "datetime": {"datetime": "2021-10-05 12:45:59", "elapsed": 532.537503, "delta": 3.061453}}
{"target": -10.584043081449904, "params": {"C": 47.78872760340415, "epsilon": 24.0441579476445, "gamma": 0.040240638175083054, "lamda": 0.032320731331355254}, "datetime": {"datetime": "2021-10-05 12:46:02", "elapsed": 535.289609, "delta": 2.752106}}
{"target": -10.31485599497057, "params": {"C": 21.305921918193253, "epsilon": 10.515400822048068, "gamma": 0.02916353596854343, "lamda": 0.009852912027180097}, "datetime": {"datetime": "2021-10-05 12:46:05", "elapsed": 538.782809, "delta": 3.4932}}
{"target": -10.7749939432399, "params": {"C": 91.3148717379053, "epsilon": 25.58957297425811, "gamma": 0.01695728622573122, "lamda": 0.032180456350808725}, "datetime": {"datetime": "2021-10-05 12:46:10", "elapsed": 543.369381, "delta": 4.586572}}
{"target": -10.683037778759289, "params": {"C": 38.24856620230545, "epsilon": 28.64685306359271, "gamma": 0.008023555090251024, "lamda": 0.006473380198822279}, "datetime": {"datetime": "2021-10-05 12:46:14", "elapsed": 547.597195, "delta": 4.227814}}
{"target": -10.327807981636894, "params": {"C": 8.328404274983123, "epsilon": 21.09273193337361, "gamma": 0.02680013235218338, "lamda": 0.028933987707575718}, "datetime": {"datetime": "2021-10-05 12:46:17", "elapsed": 550.465022, "delta": 2.867827}}
{"target": -10.922091372567081, "params": {"C": 27.186445917296926, "epsilon": 11.122976213410826, "gamma": 0.009405971777322115, "lamda": 0.022744595984304592}, "datetime": {"datetime": "2021-10-05 12:46:20", "elapsed": 553.227049, "delta": 2.762027}}
{"target": -10.518808327646328, "params": {"C": 69.44582869769059, "epsilon": 19.415054949349184, "gamma": 0.03300710142350699, "lamda": 0.02601731353237105}, "datetime": {"datetime": "2021-10-05 12:46:23", "elapsed": 556.794764, "delta": 3.567715}}
{"target": -11.322832554822094, "params": {"C": 44.64376404401062, "epsilon": 21.17635884900932, "gamma": 0.012104899992188833, "lamda": 0.0444258283684275}, "datetime": {"datetime": "2021-10-05 12:46:27", "elapsed": 560.666066, "delta": 3.871302}}
{"target": -10.291157926201368, "params": {"C": 39.73086661305831, "epsilon": 27.078499205315072, "gamma": 0.02370037164932132, "lamda": 0.016859038055099706}, "datetime": {"datetime": "2021-10-05 12:46:30", "elapsed": 563.279135, "delta": 2.613069}}
{"target": -10.843741008926221, "params": {"C": 73.79293204491849, "epsilon": 26.844101527265515, "gamma": 0.017154025944286083, "lamda": 0.0344916286961754}, "datetime": {"datetime": "2021-10-05 12:46:35", "elapsed": 568.494091, "delta": 5.214956}}
{"target": -10.665487889015346, "params": {"C": 56.514840892558716, "epsilon": 22.545469852151466, "gamma": 0.01932811832225556, "lamda": 0.03544149138069569}, "datetime": {"datetime": "2021-10-05 12:46:38", "elapsed": 571.663846, "delta": 3.169755}}
{"target": -10.120917780584232, "params": {"C": 38.204049242104176, "epsilon": 28.62632336268129, "gamma": 0.0164172151343098, "lamda": 0.003054851291071295}, "datetime": {"datetime": "2021-10-05 12:46:42", "elapsed": 575.792891, "delta": 4.129045}}
{"target": -10.366640572827228, "params": {"C": 38.27573088564323, "epsilon": 28.837425683489503, "gamma": 0.03566446877438027, "lamda": 0.01585516878515318}, "datetime": {"datetime": "2021-10-05 12:46:45", "elapsed": 578.729309, "delta": 2.936418}}
{"target": -10.289138800911104, "params": {"C": 5.6110439023092535, "epsilon": 23.23108101432961, "gamma": 0.017515500379559103, "lamda": 0.011589671428774102}, "datetime": {"datetime": "2021-10-05 12:46:47", "elapsed": 581.161845, "delta": 2.432536}}
{"target": -10.299065351347162, "params": {"C": 28.833305348331365, "epsilon": 14.43580279204928, "gamma": 0.034313726066538194, "lamda": 0.005391881442347842}, "datetime": {"datetime": "2021-10-05 12:46:51", "elapsed": 584.374035, "delta": 3.21219}}
{"target": -10.887608422633184, "params": {"C": 9.671566184632745, "epsilon": 22.96404929138474, "gamma": 0.019250095633966006, "lamda": 0.047964955415027904}, "datetime": {"datetime": "2021-10-05 12:46:53", "elapsed": 586.873892, "delta": 2.499857}}
{"target": -10.749418303841454, "params": {"C": 69.4320937024533, "epsilon": 19.38367612732619, "gamma": 0.008933901815772631, "lamda": 0.0002}, "datetime": {"datetime": "2021-10-05 12:46:57", "elapsed": 590.601998, "delta": 3.728106}}
{"target": -10.369541787929526, "params": {"C": 88.51669919303123, "epsilon": 24.49741465915415, "gamma": 0.02909253320619551, "lamda": 0.01618983657597803}, "datetime": {"datetime": "2021-10-05 12:46:59", "elapsed": 592.940992, "delta": 2.338994}}
{"target": -10.459451761088069, "params": {"C": 81.66992794091698, "epsilon": 22.943911744509506, "gamma": 0.025896619677959174, "lamda": 0.026445335908883417}, "datetime": {"datetime": "2021-10-05 12:47:02", "elapsed": 595.273811, "delta": 2.332819}}
{"target": -10.729596217759934, "params": {"C": 12.354408688954528, "epsilon": 13.186445753717763, "gamma": 0.010733783654583393, "lamda": 0.022509507204591734}, "datetime": {"datetime": "2021-10-05 12:47:05", "elapsed": 598.404412, "delta": 3.130601}}
{"target": -10.391045934501761, "params": {"C": 81.01992916202612, "epsilon": 27.55565937634661, "gamma": 0.02011640157067325, "lamda": 0.018102373571369606}, "datetime": {"datetime": "2021-10-05 12:47:07", "elapsed": 601.098019, "delta": 2.693607}}
{"target": -10.50492479165419, "params": {"C": 50.514673692723704, "epsilon": 21.41019300368497, "gamma": 0.022781355089400754, "lamda": 0.028460118505526173}, "datetime": {"datetime": "2021-10-05 12:47:13", "elapsed": 606.495925, "delta": 5.397906}}
{"target": -10.8661847879758, "params": {"C": 78.50062313082668, "epsilon": 11.921747761634585, "gamma": 0.04100564308126038, "lamda": 0.03831682599651415}, "datetime": {"datetime": "2021-10-05 12:47:16", "elapsed": 609.97864, "delta": 3.482715}}
{"target": -10.311629590953297, "params": {"C": 77.13371112963067, "epsilon": 10.571918712011538, "gamma": 0.01772714872985723, "lamda": 0.010681241729350891}, "datetime": {"datetime": "2021-10-05 12:47:20", "elapsed": 613.26029, "delta": 3.28165}}
{"target": -10.723834353072172, "params": {"C": 21.247557441595145, "epsilon": 10.471597310367036, "gamma": 0.03766520898806887, "lamda": 0.0400495539268417}, "datetime": {"datetime": "2021-10-05 12:47:23", "elapsed": 616.274277, "delta": 3.013987}}
{"target": -10.409447947993378, "params": {"C": 51.80957380828777, "epsilon": 21.310768297357196, "gamma": 0.0218808243408421, "lamda": 0.023293579841241606}, "datetime": {"datetime": "2021-10-05 12:47:26", "elapsed": 619.455074, "delta": 3.180797}}
{"target": -10.24492147503186, "params": {"C": 63.30754985116733, "epsilon": 20.737499175672518, "gamma": 0.02418531735936916, "lamda": 0.008960938703147995}, "datetime": {"datetime": "2021-10-05 12:47:28", "elapsed": 621.959423, "delta": 2.504349}}
{"target": -10.459993795899853, "params": {"C": 81.48250203014972, "epsilon": 16.26567127219291, "gamma": 0.025035876348918663, "lamda": 0.017342050383660216}, "datetime": {"datetime": "2021-10-05 12:47:30", "elapsed": 624.143222, "delta": 2.183799}}
{"target": -10.670626890539822, "params": {"C": 45.128699126586135, "epsilon": 12.604679131964161, "gamma": 0.038134461782003345, "lamda": 0.025976189947405737}, "datetime": {"datetime": "2021-10-05 12:47:33", "elapsed": 626.78064, "delta": 2.637418}}
{"target": -10.633504101963712, "params": {"C": 81.01760947751697, "epsilon": 27.600528110733688, "gamma": 0.046344690202622676, "lamda": 0.02446906583961582}, "datetime": {"datetime": "2021-10-05 12:47:36", "elapsed": 630.069125, "delta": 3.288485}}
{"target": -10.568962668039083, "params": {"C": 81.0505348796768, "epsilon": 27.594392422175783, "gamma": 0.04343143714516987, "lamda": 0.02595730214136987}, "datetime": {"datetime": "2021-10-05 12:47:39", "elapsed": 632.556612, "delta": 2.487487}}
{"target": -11.605308973513855, "params": {"C": 22.74130355417154, "epsilon": 18.119979335611728, "gamma": 0.009963311334738111, "lamda": 0.049823377172269874}, "datetime": {"datetime": "2021-10-05 12:47:43", "elapsed": 636.721826, "delta": 4.165214}}
{"target": -10.668233844704515, "params": {"C": 38.186425571003284, "epsilon": 28.57539317527984, "gamma": 0.02032430846592445, "lamda": 0.031085144360483048}, "datetime": {"datetime": "2021-10-05 12:47:46", "elapsed": 639.87833, "delta": 3.156504}}
{"target": -10.5013245743735, "params": {"C": 8.801169656220054, "epsilon": 28.869743337995878, "gamma": 0.02571589569415842, "lamda": 0.03188133483271206}, "datetime": {"datetime": "2021-10-05 12:47:49", "elapsed": 642.746577, "delta": 2.868247}}
{"target": -10.779225159569418, "params": {"C": 13.456138842478904, "epsilon": 12.129491451916582, "gamma": 0.028949647641795195, "lamda": 0.04768606434115736}, "datetime": {"datetime": "2021-10-05 12:47:51", "elapsed": 645.010826, "delta": 2.264249}}
{"target": -10.272589125742904, "params": {"C": 50.86300426377495, "epsilon": 22.41511787496415, "gamma": 0.027859731040365484, "lamda": 0.008946092965429291}, "datetime": {"datetime": "2021-10-05 12:47:55", "elapsed": 648.931392, "delta": 3.920566}}
{"target": -11.34528773668692, "params": {"C": 20.12104815364357, "epsilon": 19.57713941970466, "gamma": 0.011876124348431796, "lamda": 0.047501441850502264}, "datetime": {"datetime": "2021-10-05 12:47:59", "elapsed": 652.521683, "delta": 3.590291}}
{"target": -10.394609101027138, "params": {"C": 28.846059170411767, "epsilon": 14.452310650918395, "gamma": 0.014534133332822032, "lamda": 0.018064851859828555}, "datetime": {"datetime": "2021-10-05 12:48:02", "elapsed": 655.508489, "delta": 2.986806}}
{"target": -10.45549031159271, "params": {"C": 58.468857850604806, "epsilon": 13.122036752506421, "gamma": 0.013280201441063294, "lamda": 0.013467374926649801}, "datetime": {"datetime": "2021-10-05 12:48:04", "elapsed": 657.681486, "delta": 2.172997}}
{"target": -10.432910436516647, "params": {"C": 79.79261128798025, "epsilon": 23.814771250412356, "gamma": 0.033879546536250846, "lamda": 0.017174109040963698}, "datetime": {"datetime": "2021-10-05 12:48:07", "elapsed": 660.902219, "delta": 3.220733}}
{"target": -10.564969537080977, "params": {"C": 10.031892704844708, "epsilon": 11.365676301236968, "gamma": 0.04847082956248574, "lamda": 0.013226564664367536}, "datetime": {"datetime": "2021-10-05 12:48:10", "elapsed": 664.154453, "delta": 3.252234}}
{"target": -10.434278038812787, "params": {"C": 8.761798516298791, "epsilon": 28.91334581388287, "gamma": 0.03183446959503687, "lamda": 0.02860579857746265}, "datetime": {"datetime": "2021-10-05 12:48:13", "elapsed": 666.96066, "delta": 2.806207}}
{"target": -11.44221543413672, "params": {"C": 68.78477577449578, "epsilon": 13.480768794792397, "gamma": 0.011050941054368562, "lamda": 0.045977194811141195}, "datetime": {"datetime": "2021-10-05 12:48:16", "elapsed": 669.316711, "delta": 2.356051}}
{"target": -10.473617617836455, "params": {"C": 94.35486849032358, "epsilon": 18.758981322090058, "gamma": 0.027240885447393677, "lamda": 0.023630667455495417}, "datetime": {"datetime": "2021-10-05 12:48:18", "elapsed": 671.843058, "delta": 2.526347}}
{"target": -10.682153939506478, "params": {"C": 37.40796985231649, "epsilon": 23.234219581916015, "gamma": 0.029478677503179573, "lamda": 0.04300238604898247}, "datetime": {"datetime": "2021-10-05 12:48:20", "elapsed": 674.101931, "delta": 2.258873}}
{"target": -10.659140328741312, "params": {"C": 63.02869294738609, "epsilon": 14.99454974199274, "gamma": 0.02584480771724364, "lamda": 0.03834783034117142}, "datetime": {"datetime": "2021-10-05 12:48:23", "elapsed": 676.485277, "delta": 2.383346}}
{"target": -10.290177374432199, "params": {"C": 66.08025846787365, "epsilon": 10.645778115693052, "gamma": 0.029189738003067265, "lamda": 0.005946467998797633}, "datetime": {"datetime": "2021-10-05 12:48:25", "elapsed": 678.866197, "delta": 2.38092}}
{"target": -10.677971327009733, "params": {"C": 79.00891906796754, "epsilon": 28.117144675462438, "gamma": 0.030354253468130015, "lamda": 0.03784597807106504}, "datetime": {"datetime": "2021-10-05 12:48:29", "elapsed": 683.112901, "delta": 4.246704}}
{"target": -10.683618508820828, "params": {"C": 5.896138073088148, "epsilon": 13.40588809123906, "gamma": 0.04094697327816001, "lamda": 0.039960072926913184}, "datetime": {"datetime": "2021-10-05 12:48:32", "elapsed": 685.501112, "delta": 2.388211}}
{"target": -10.51483614759329, "params": {"C": 81.86849788403441, "epsilon": 20.446387709340712, "gamma": 0.021117883105929592, "lamda": 0.02820229655216127}, "datetime": {"datetime": "2021-10-05 12:48:34", "elapsed": 687.779585, "delta": 2.278473}}
{"target": -10.616355701135538, "params": {"C": 91.8407739296994, "epsilon": 24.364313206723534, "gamma": 0.036091651854602225, "lamda": 0.035125679447781596}, "datetime": {"datetime": "2021-10-05 12:48:36", "elapsed": 690.18762, "delta": 2.408035}}
{"target": -10.444536723649676, "params": {"C": 90.72395909070637, "epsilon": 21.20635721312631, "gamma": 0.034335744635348484, "lamda": 0.012576471749258742}, "datetime": {"datetime": "2021-10-05 12:48:39", "elapsed": 692.966083, "delta": 2.778463}}
{"target": -10.44436826798008, "params": {"C": 27.700366113648766, "epsilon": 16.114656303901953, "gamma": 0.03476761358595737, "lamda": 0.016933222937004708}, "datetime": {"datetime": "2021-10-05 12:48:42", "elapsed": 695.820172, "delta": 2.854089}}
{"target": -10.989501083097313, "params": {"C": 39.73885808702864, "epsilon": 27.056524856225845, "gamma": 0.009993974571994326, "lamda": 0.01932888360966555}, "datetime": {"datetime": "2021-10-05 12:48:47", "elapsed": 700.253244, "delta": 4.433072}}
{"target": -10.460368870013559, "params": {"C": 46.08526702880414, "epsilon": 20.999852458027533, "gamma": 0.02088477677056582, "lamda": 0.0247342648668451}, "datetime": {"datetime": "2021-10-05 12:48:51", "elapsed": 704.615133, "delta": 4.361889}}
{"target": -10.183015656476462, "params": {"C": 61.72243812072073, "epsilon": 24.31529794735662, "gamma": 0.023015215001574815, "lamda": 0.002290338179141258}, "datetime": {"datetime": "2021-10-05 12:48:55", "elapsed": 708.453634, "delta": 3.838501}}
{"target": -10.156363182047249, "params": {"C": 33.969395474006156, "epsilon": 24.78554539376863, "gamma": 0.021156695392057043, "lamda": 0.009683589909089173}, "datetime": {"datetime": "2021-10-05 12:48:58", "elapsed": 711.689738, "delta": 3.236104}}
{"target": -10.473613607187831, "params": {"C": 57.98089490518123, "epsilon": 19.120245733747865, "gamma": 0.01236561318999292, "lamda": 0.010810351699599392}, "datetime": {"datetime": "2021-10-05 12:49:02", "elapsed": 716.138258, "delta": 4.44852}}
{"target": -10.516676052789853, "params": {"C": 5.027204832285323, "epsilon": 23.232095421750806, "gamma": 0.04402471157280184, "lamda": 0.03356993643682299}, "datetime": {"datetime": "2021-10-05 12:49:06", "elapsed": 719.354231, "delta": 3.215973}}
{"target": -10.429059336847224, "params": {"C": 63.29453251090466, "epsilon": 20.763748295387238, "gamma": 0.02898659107658716, "lamda": 0.017990861125428012}, "datetime": {"datetime": "2021-10-05 12:49:10", "elapsed": 723.828947, "delta": 4.474716}}
{"target": -10.68018099616953, "params": {"C": 40.499666092177634, "epsilon": 25.29634910811439, "gamma": 0.047958723671699253, "lamda": 0.03509341425677389}, "datetime": {"datetime": "2021-10-05 12:49:14", "elapsed": 727.330267, "delta": 3.50132}}
{"target": -10.296983888400716, "params": {"C": 9.871075111062947, "epsilon": 15.749017989538396, "gamma": 0.035445893600044964, "lamda": 0.007968952418271107}, "datetime": {"datetime": "2021-10-05 12:49:17", "elapsed": 730.667947, "delta": 3.33768}}
{"target": -11.283030967393893, "params": {"C": 44.27405026402285, "epsilon": 29.09082233709399, "gamma": 0.012249989867065363, "lamda": 0.03560594326541695}, "datetime": {"datetime": "2021-10-05 12:49:19", "elapsed": 733.023836, "delta": 2.355889}}
{"target": -10.450224283477528, "params": {"C": 34.236565418804794, "epsilon": 24.77200224412547, "gamma": 0.035494041504965546, "lamda": 0.023122332116310308}, "datetime": {"datetime": "2021-10-05 12:49:22", "elapsed": 735.526199, "delta": 2.502363}}
{"target": -10.39298640009702, "params": {"C": 57.41868434783982, "epsilon": 14.014893244758861, "gamma": 0.01991281996300006, "lamda": 0.021874658846525886}, "datetime": {"datetime": "2021-10-05 12:49:24", "elapsed": 738.141272, "delta": 2.615073}}
{"target": -10.432130503539723, "params": {"C": 24.227003232800943, "epsilon": 25.9936789454877, "gamma": 0.03814527594937184, "lamda": 0.022988269403795735}, "datetime": {"datetime": "2021-10-05 12:49:28", "elapsed": 742.142583, "delta": 4.001311}}
{"target": -10.481798878283897, "params": {"C": 30.233128162190948, "epsilon": 24.50266866071144, "gamma": 0.03232647687114037, "lamda": 0.026881293397244415}, "datetime": {"datetime": "2021-10-05 12:49:31", "elapsed": 744.882061, "delta": 2.739478}}
{"target": -10.720500716481055, "params": {"C": 66.27799886657847, "epsilon": 12.505446029277218, "gamma": 0.03513338243248324, "lamda": 0.025909953775211606}, "datetime": {"datetime": "2021-10-05 12:49:34", "elapsed": 747.379862, "delta": 2.497801}}
{"target": -10.721778003378994, "params": {"C": 51.7887923177043, "epsilon": 21.25418992791048, "gamma": 0.0455931774191991, "lamda": 0.02679660154087589}, "datetime": {"datetime": "2021-10-05 12:49:37", "elapsed": 750.58326, "delta": 3.203398}}
{"target": -10.355449726556184, "params": {"C": 12.202870122676217, "epsilon": 21.93229650812051, "gamma": 0.028330393772835392, "lamda": 0.029547947251534847}, "datetime": {"datetime": "2021-10-05 12:49:42", "elapsed": 755.532309, "delta": 4.949049}}
{"target": -10.70142838859289, "params": {"C": 60.25501853348038, "epsilon": 28.95731291692915, "gamma": 0.047054065681712505, "lamda": 0.005592447676287861}, "datetime": {"datetime": "2021-10-05 12:49:45", "elapsed": 758.757064, "delta": 3.224755}}
{"target": -10.306904150824447, "params": {"C": 13.02703983859337, "epsilon": 13.745442639916845, "gamma": 0.03650186262014865, "lamda": 0.00949464309157333}, "datetime": {"datetime": "2021-10-05 12:49:49", "elapsed": 762.519177, "delta": 3.762113}}
{"target": -10.799073179324541, "params": {"C": 64.64920717526321, "epsilon": 17.942873532759062, "gamma": 0.03796714716438463, "lamda": 0.04352937203774683}, "datetime": {"datetime": "2021-10-05 12:49:52", "elapsed": 765.365489, "delta": 2.846312}}
{"target": -10.45751231718505, "params": {"C": 96.95766167321209, "epsilon": 27.609458360773814, "gamma": 0.03892668718206212, "lamda": 0.019565204944226925}, "datetime": {"datetime": "2021-10-05 12:49:54", "elapsed": 767.982642, "delta": 2.617153}}
{"target": -10.191803707533374, "params": {"C": 71.84428468022828, "epsilon": 25.1750963605595, "gamma": 0.022934636816137194, "lamda": 0.005160555909662365}, "datetime": {"datetime": "2021-10-05 12:49:58", "elapsed": 771.994343, "delta": 4.011701}}
{"target": -10.732466097173008, "params": {"C": 63.76307783047812, "epsilon": 12.710569011779993, "gamma": 0.027475247554784015, "lamda": 0.04308996451294444}, "datetime": {"datetime": "2021-10-05 12:50:01", "elapsed": 774.604353, "delta": 2.61001}}
{"target": -10.679369402053162, "params": {"C": 21.184387680719915, "epsilon": 15.590589146892404, "gamma": 0.0437428493043353, "lamda": 0.027229488704003803}, "datetime": {"datetime": "2021-10-05 12:50:03", "elapsed": 777.056025, "delta": 2.451672}}
