{"target": -10.535975218259868, "params": {"C": 4.780251450210352, "epsilon": 16.429388784042246, "gamma": 0.061769436073962875, "lamda": 0.010494826223681008}, "datetime": {"datetime": "2021-10-05 12:00:13", "elapsed": 569.56947, "delta": 4.668201}}
{"target": -15.327254764571716, "params": {"C": 4.940486608693717, "epsilon": 16.521561096406998, "gamma": 0.03194593233168999, "lamda": 0.1645850655039053}, "datetime": {"datetime": "2021-10-05 12:00:17", "elapsed": 573.849853, "delta": 4.280383}}
{"target": -20.045641122125602, "params": {"C": 8.488098871738593, "epsilon": 13.969370440760338, "gamma": 0.06197562680840406, "lamda": 0.25025158683488374}, "datetime": {"datetime": "2021-10-05 12:00:19", "elapsed": 575.628555, "delta": 1.778702}}
{"target": -17.345503366497294, "params": {"C": 83.44849749996389, "epsilon": 11.172580364935968, "gamma": 0.0583979276859682, "lamda": 0.19448141670664507}, "datetime": {"datetime": "2021-10-05 12:00:23", "elapsed": 579.204792, "delta": 3.576237}}
{"target": -11.55137937262276, "params": {"C": 83.4859347983943, "epsilon": 11.59820519674118, "gamma": 0.06071525190572136, "lamda": 0.0010988306035271448}, "datetime": {"datetime": "2021-10-05 12:00:28", "elapsed": 584.577726, "delta": 5.372934}}
{"target": -11.741708994202723, "params": {"C": 83.19461066912528, "epsilon": 10.207639309217441, "gamma": 0.08406981510100923, "lamda": 0.05891687129109764}, "datetime": {"datetime": "2021-10-05 12:00:31", "elapsed": 587.913999, "delta": 3.336273}}
{"target": -11.183011567797053, "params": {"C": 4.538574305404766, "epsilon": 16.280615209448968, "gamma": 0.09278908503381181, "lamda": 0.03185863899876703}, "datetime": {"datetime": "2021-10-05 12:00:35", "elapsed": 591.66803, "delta": 3.754031}}
{"target": -12.85684165408206, "params": {"C": 77.28367597607614, "epsilon": 24.646693112768716, "gamma": 0.1, "lamda": 0.0001}, "datetime": {"datetime": "2021-10-05 12:00:39", "elapsed": 595.99069, "delta": 4.32266}}
{"target": -12.551307163256425, "params": {"C": 4.47662675901584, "epsilon": 16.62897371609703, "gamma": 0.06469485265559936, "lamda": 0.08416202468052024}, "datetime": {"datetime": "2021-10-05 12:00:43", "elapsed": 599.194451, "delta": 3.203761}}
{"target": -11.098690328472376, "params": {"C": 7.263722742766236, "epsilon": 10.96434161913224, "gamma": 0.1, "lamda": 0.0001}, "datetime": {"datetime": "2021-10-05 12:00:48", "elapsed": 604.729302, "delta": 5.534851}}
{"target": -10.419010811359165, "params": {"C": 23.562673547144918, "epsilon": 17.723757803692187, "gamma": 0.0769825907476451, "lamda": 0.004998696206815454}, "datetime": {"datetime": "2021-10-05 12:00:52", "elapsed": 608.929722, "delta": 4.20042}}
{"target": -11.039688891443884, "params": {"C": 83.68679040103062, "epsilon": 11.416741574844593, "gamma": 0.04963804902732766, "lamda": 0.03784776409461699}, "datetime": {"datetime": "2021-10-05 12:00:58", "elapsed": 614.589709, "delta": 5.659987}}
{"target": -12.960066405378667, "params": {"C": 23.288981210417553, "epsilon": 17.702912707840575, "gamma": 0.08220656532979322, "lamda": 0.09661931725998175}, "datetime": {"datetime": "2021-10-05 12:01:01", "elapsed": 617.882204, "delta": 3.292495}}
{"target": -15.819081065897189, "params": {"C": 27.692448061322764, "epsilon": 23.723986940067952, "gamma": 0.08680709154657355, "lamda": 0.21209373823776884}, "datetime": {"datetime": "2021-10-05 12:01:03", "elapsed": 619.704033, "delta": 1.821829}}
{"target": -10.532807922706585, "params": {"C": 23.79093762022439, "epsilon": 17.840811042646354, "gamma": 0.06938894229011003, "lamda": 0.0014518643180109207}, "datetime": {"datetime": "2021-10-05 12:01:07", "elapsed": 623.962051, "delta": 4.258018}}
{"target": -14.24692619022595, "params": {"C": 96.6564170040289, "epsilon": 25.373181664084456, "gamma": 0.054889149196027914, "lamda": 0.1624406806496128}, "datetime": {"datetime": "2021-10-05 12:01:09", "elapsed": 625.710857, "delta": 1.748806}}
{"target": -14.607147383580504, "params": {"C": 23.623964486746555, "epsilon": 17.81802704453883, "gamma": 0.07809742203156964, "lamda": 0.14640402022206922}, "datetime": {"datetime": "2021-10-05 12:01:16", "elapsed": 632.288412, "delta": 6.577555}}
{"target": -17.48748486373865, "params": {"C": 79.80602765274651, "epsilon": 11.256111713491197, "gamma": 0.044527194517525175, "lamda": 0.19683990452454872}, "datetime": {"datetime": "2021-10-05 12:01:18", "elapsed": 634.356677, "delta": 2.068265}}
{"target": -24.97184452033365, "params": {"C": 56.65351293750853, "epsilon": 13.589499378105184, "gamma": 0.03447312652069751, "lamda": 0.29102011348175383}, "datetime": {"datetime": "2021-10-05 12:01:22", "elapsed": 638.492288, "delta": 4.135611}}
{"target": -17.852078200955752, "params": {"C": 83.50457371527901, "epsilon": 10.120572058248602, "gamma": 0.042773001211223724, "lamda": 0.19598703704961037}, "datetime": {"datetime": "2021-10-05 12:01:26", "elapsed": 642.924207, "delta": 4.431919}}
{"target": -10.60818564865118, "params": {"C": 24.045028968310806, "epsilon": 17.701798143918726, "gamma": 0.08609350619649936, "lamda": 0.015598945102336895}, "datetime": {"datetime": "2021-10-05 12:01:31", "elapsed": 647.454669, "delta": 4.530462}}
{"target": -24.693508842350663, "params": {"C": 41.82776264896381, "epsilon": 12.514889555772672, "gamma": 0.058645847329682865, "lamda": 0.28372287191485096}, "datetime": {"datetime": "2021-10-05 12:01:33", "elapsed": 649.316014, "delta": 1.861345}}
{"target": -13.556502740193006, "params": {"C": 76.69679630633044, "epsilon": 24.05500490320022, "gamma": 0.05557868253979513, "lamda": 0.1350193920799598}, "datetime": {"datetime": "2021-10-05 12:01:35", "elapsed": 651.18162, "delta": 1.865606}}
{"target": -11.442617112733295, "params": {"C": 22.79370941902403, "epsilon": 16.279343025713846, "gamma": 0.055377709706956046, "lamda": 0.052623056768922434}, "datetime": {"datetime": "2021-10-05 12:01:39", "elapsed": 654.998581, "delta": 3.816961}}
{"target": -10.775770877951652, "params": {"C": 7.301022339222358, "epsilon": 11.44540790821373, "gamma": 0.06449112451581816, "lamda": 0.02047326064772356}, "datetime": {"datetime": "2021-10-05 12:01:43", "elapsed": 659.00591, "delta": 4.007329}}
{"target": -10.503241912396165, "params": {"C": 20.895214218402877, "epsilon": 20.603599420079235, "gamma": 0.02, "lamda": 0.0001}, "datetime": {"datetime": "2021-10-05 12:01:47", "elapsed": 663.191648, "delta": 4.185738}}
{"target": -10.293315166103074, "params": {"C": 77.75367547732712, "epsilon": 25.036396793746018, "gamma": 0.0516292046515152, "lamda": 0.011247313227429438}, "datetime": {"datetime": "2021-10-05 12:01:50", "elapsed": 666.56022, "delta": 3.368572}}
{"target": -13.397122529117125, "params": {"C": 61.281150599374676, "epsilon": 26.873697268010652, "gamma": 0.037711407610342, "lamda": 0.13332387265070994}, "datetime": {"datetime": "2021-10-05 12:01:52", "elapsed": 668.550509, "delta": 1.990289}}
{"target": -14.023591088669187, "params": {"C": 77.98636202359222, "epsilon": 25.09815580404439, "gamma": 0.06695986895283096, "lamda": 0.15291640029840195}, "datetime": {"datetime": "2021-10-05 12:01:56", "elapsed": 672.903569, "delta": 4.35306}}
{"target": -13.128940599124949, "params": {"C": 53.769990770258325, "epsilon": 18.340934771812208, "gamma": 0.08124284491216952, "lamda": 0.10414360676574963}, "datetime": {"datetime": "2021-10-05 12:01:58", "elapsed": 674.773811, "delta": 1.870242}}
{"target": -20.418742604489378, "params": {"C": 42.936376230639084, "epsilon": 19.200596597425587, "gamma": 0.027562922084293548, "lamda": 0.2718220301276156}, "datetime": {"datetime": "2021-10-05 12:02:00", "elapsed": 676.594394, "delta": 1.820583}}
{"target": -20.131215335314543, "params": {"C": 52.73554330134319, "epsilon": 10.84961377442728, "gamma": 0.07125195846023272, "lamda": 0.23132462660513955}, "datetime": {"datetime": "2021-10-05 12:02:02", "elapsed": 678.511237, "delta": 1.916843}}
{"target": -11.13748173411967, "params": {"C": 65.12490771644678, "epsilon": 19.95845776709007, "gamma": 0.0851793676453751, "lamda": 0.03202586655502041}, "datetime": {"datetime": "2021-10-05 12:02:04", "elapsed": 680.445139, "delta": 1.933902}}
{"target": -12.060348323531263, "params": {"C": 65.71948186446642, "epsilon": 17.733529408674933, "gamma": 0.07601367811748411, "lamda": 0.07404514012535218}, "datetime": {"datetime": "2021-10-05 12:02:08", "elapsed": 684.151876, "delta": 3.706737}}
{"target": -11.657269034584095, "params": {"C": 24.066831017600567, "epsilon": 18.05279047198588, "gamma": 0.05568225670702931, "lamda": 0.06444076864137117}, "datetime": {"datetime": "2021-10-05 12:02:12", "elapsed": 688.873278, "delta": 4.721402}}
{"target": -11.420339573980813, "params": {"C": 5.395553498895904, "epsilon": 16.568128684472285, "gamma": 0.046079781386092394, "lamda": 0.04681875886852755}, "datetime": {"datetime": "2021-10-05 12:02:16", "elapsed": 692.958036, "delta": 4.084758}}
{"target": -10.615186570492392, "params": {"C": 24.317472958658232, "epsilon": 17.86896623843873, "gamma": 0.042269815144265276, "lamda": 0.022625890481484254}, "datetime": {"datetime": "2021-10-05 12:02:21", "elapsed": 697.366494, "delta": 4.408458}}
{"target": -12.526381072353127, "params": {"C": 24.378503867435196, "epsilon": 17.608058489236626, "gamma": 0.06555458660393763, "lamda": 0.08792631708943846}, "datetime": {"datetime": "2021-10-05 12:02:26", "elapsed": 702.403311, "delta": 5.036817}}
{"target": -11.301353822474141, "params": {"C": 56.579978501107846, "epsilon": 13.13684719727583, "gamma": 0.05093525329481087, "lamda": 0.04741622722172982}, "datetime": {"datetime": "2021-10-05 12:02:32", "elapsed": 708.331158, "delta": 5.927847}}
{"target": -20.186202771715134, "params": {"C": 20.567006939062054, "epsilon": 18.206943577656, "gamma": 0.04885624280914218, "lamda": 0.2686136041886527}, "datetime": {"datetime": "2021-10-05 12:02:34", "elapsed": 710.403044, "delta": 2.071886}}
{"target": -12.757762843694742, "params": {"C": 8.330444578333253, "epsilon": 27.860686546599112, "gamma": 0.06992717041971115, "lamda": 0.11222804526011576}, "datetime": {"datetime": "2021-10-05 12:02:36", "elapsed": 712.395857, "delta": 1.992813}}
{"target": -11.343122340026591, "params": {"C": 20.97177420652052, "epsilon": 15.457729776606548, "gamma": 0.09480886466427473, "lamda": 0.042534324649236274}, "datetime": {"datetime": "2021-10-05 12:02:38", "elapsed": 714.452482, "delta": 2.056625}}
{"target": -17.7858535878036, "params": {"C": 24.401529772803666, "epsilon": 18.111051957389005, "gamma": 0.07686670022223793, "lamda": 0.22356265450782045}, "datetime": {"datetime": "2021-10-05 12:02:41", "elapsed": 717.988141, "delta": 3.535659}}
{"target": -25.117983843254304, "params": {"C": 46.752289838928, "epsilon": 16.20821937212999, "gamma": 0.022031537308600777, "lamda": 0.29766765760017777}, "datetime": {"datetime": "2021-10-05 12:02:44", "elapsed": 720.016097, "delta": 2.027956}}
{"target": -10.287577246163892, "params": {"C": 83.16969045860701, "epsilon": 11.411403053993867, "gamma": 0.044277680339262916, "lamda": 0.008975131214958493}, "datetime": {"datetime": "2021-10-05 12:02:48", "elapsed": 724.132419, "delta": 4.116322}}
{"target": -11.626722774944765, "params": {"C": 65.45592057305971, "epsilon": 20.014103144522565, "gamma": 0.06209928492999767, "lamda": 0.061317413653277184}, "datetime": {"datetime": "2021-10-05 12:02:52", "elapsed": 728.655255, "delta": 4.522836}}
{"target": -16.57672771946471, "params": {"C": 65.3596577888395, "epsilon": 19.616622237923224, "gamma": 0.0643010763131454, "lamda": 0.2128328248635839}, "datetime": {"datetime": "2021-10-05 12:02:56", "elapsed": 732.095053, "delta": 3.439798}}
{"target": -11.068269624299026, "params": {"C": 83.0926454265549, "epsilon": 10.460266155228, "gamma": 0.05828109236327135, "lamda": 0.038812325272045374}, "datetime": {"datetime": "2021-10-05 12:03:01", "elapsed": 737.502029, "delta": 5.406976}}
{"target": -14.037345992134698, "params": {"C": 48.48409476744513, "epsilon": 14.897700893717744, "gamma": 0.06065573721836916, "lamda": 0.13206995380233755}, "datetime": {"datetime": "2021-10-05 12:03:03", "elapsed": 739.526947, "delta": 2.024918}}
{"target": -11.343578107650869, "params": {"C": 73.25763189151385, "epsilon": 16.36297412852018, "gamma": 0.07860595750767814, "lamda": 0.04611494273611241}, "datetime": {"datetime": "2021-10-05 12:03:07", "elapsed": 743.248884, "delta": 3.721937}}
{"target": -12.529864179592456, "params": {"C": 21.022012289633924, "epsilon": 15.75982106850243, "gamma": 0.09871351196372344, "lamda": 0.07887059103662665}, "datetime": {"datetime": "2021-10-05 12:03:12", "elapsed": 748.064353, "delta": 4.815469}}
{"target": -11.775005112467813, "params": {"C": 65.27891051572584, "epsilon": 20.207868143209332, "gamma": 0.08546412860113035, "lamda": 0.06474993206771314}, "datetime": {"datetime": "2021-10-05 12:03:16", "elapsed": 752.550706, "delta": 4.486353}}
{"target": -12.935879038853603, "params": {"C": 83.02168420749818, "epsilon": 11.610821279932402, "gamma": 0.025642221494557776, "lamda": 0.09155637257483387}, "datetime": {"datetime": "2021-10-05 12:03:20", "elapsed": 756.793999, "delta": 4.243293}}
{"target": -11.784726326062724, "params": {"C": 49.339056704400484, "epsilon": 10.894308907450545, "gamma": 0.06094585322129181, "lamda": 0.06629584482399392}, "datetime": {"datetime": "2021-10-05 12:03:28", "elapsed": 764.043354, "delta": 7.249355}}
{"target": -12.134639695511117, "params": {"C": 77.63953801870424, "epsilon": 25.30977038430477, "gamma": 0.04392334026016112, "lamda": 0.08167558316672499}, "datetime": {"datetime": "2021-10-05 12:03:33", "elapsed": 769.627027, "delta": 5.583673}}
{"target": -16.33799439444029, "params": {"C": 74.17382635564957, "epsilon": 29.61974058599961, "gamma": 0.042455742394800246, "lamda": 0.26823917340464803}, "datetime": {"datetime": "2021-10-05 12:03:35", "elapsed": 771.581915, "delta": 1.954888}}
{"target": -14.974496475612318, "params": {"C": 61.03962288667675, "epsilon": 29.978834297002262, "gamma": 0.02150995639347203, "lamda": 0.17941530312581677}, "datetime": {"datetime": "2021-10-05 12:03:37", "elapsed": 773.73102, "delta": 2.149105}}
{"target": -10.71347283337429, "params": {"C": 13.381393499869644, "epsilon": 22.051723417390782, "gamma": 0.09340218709049639, "lamda": 0.014309411719538537}, "datetime": {"datetime": "2021-10-05 12:03:41", "elapsed": 777.843324, "delta": 4.112304}}
{"target": -12.483389366624472, "params": {"C": 4.792215218976343, "epsilon": 12.549912247949148, "gamma": 0.02020390095821483, "lamda": 0.059732175638211135}, "datetime": {"datetime": "2021-10-05 12:03:43", "elapsed": 779.959705, "delta": 2.116381}}
{"target": -10.380688849488111, "params": {"C": 60.80387127487739, "epsilon": 14.299119413278373, "gamma": 0.06664296702165534, "lamda": 0.004977763063564406}, "datetime": {"datetime": "2021-10-05 12:03:46", "elapsed": 782.012504, "delta": 2.052799}}
{"target": -16.743495089714855, "params": {"C": 22.581008021014952, "epsilon": 24.76522294294006, "gamma": 0.023266145340298357, "lamda": 0.22892576763347053}, "datetime": {"datetime": "2021-10-05 12:03:48", "elapsed": 784.008364, "delta": 1.99586}}
{"target": -16.952338493257262, "params": {"C": 60.7689978106641, "epsilon": 14.417432283765297, "gamma": 0.05562855044288531, "lamda": 0.20063765236833378}, "datetime": {"datetime": "2021-10-05 12:03:52", "elapsed": 788.835349, "delta": 4.826985}}
{"target": -11.320958803887194, "params": {"C": 64.91936260720824, "epsilon": 20.1711040157668, "gamma": 0.02, "lamda": 0.0001}, "datetime": {"datetime": "2021-10-05 12:03:57", "elapsed": 793.872702, "delta": 5.037353}}
{"target": -14.707377175819028, "params": {"C": 90.29994793493586, "epsilon": 24.524041956070775, "gamma": 0.08269872353891355, "lamda": 0.17543247222634734}, "datetime": {"datetime": "2021-10-05 12:03:59", "elapsed": 795.771984, "delta": 1.899282}}
{"target": -10.349578866397152, "params": {"C": 61.04852154786844, "epsilon": 14.029703587973803, "gamma": 0.034909302850728186, "lamda": 0.008487219261683011}, "datetime": {"datetime": "2021-10-05 12:04:04", "elapsed": 800.508996, "delta": 4.737012}}
{"target": -14.360340748583669, "params": {"C": 61.36934691182961, "epsilon": 14.17072202011447, "gamma": 0.0329835607153896, "lamda": 0.13593051533883319}, "datetime": {"datetime": "2021-10-05 12:04:08", "elapsed": 804.886614, "delta": 4.377618}}
{"target": -17.41319304867391, "params": {"C": 60.78411921168247, "epsilon": 13.772495619653398, "gamma": 0.07891144070829077, "lamda": 0.19697369863148678}, "datetime": {"datetime": "2021-10-05 12:04:12", "elapsed": 808.963121, "delta": 4.076507}}
{"target": -10.854761988458609, "params": {"C": 65.88514917359636, "epsilon": 16.973250168901714, "gamma": 0.04310570237655553, "lamda": 0.029130039342619877}, "datetime": {"datetime": "2021-10-05 12:04:15", "elapsed": 811.142425, "delta": 2.179304}}
{"target": -12.161260592374273, "params": {"C": 29.328207523850736, "epsilon": 19.87815345259116, "gamma": 0.030891087331406136, "lamda": 0.07433830420721571}, "datetime": {"datetime": "2021-10-05 12:04:17", "elapsed": 813.130227, "delta": 1.987802}}
{"target": -15.14636781660049, "params": {"C": 54.55619055642336, "epsilon": 28.12662696864685, "gamma": 0.08386266442332994, "lamda": 0.20645057328220162}, "datetime": {"datetime": "2021-10-05 12:04:19", "elapsed": 815.282796, "delta": 2.152569}}
{"target": -17.83267937693415, "params": {"C": 64.95136218893506, "epsilon": 20.303535418853848, "gamma": 0.06243897540530531, "lamda": 0.24582207142179813}, "datetime": {"datetime": "2021-10-05 12:04:26", "elapsed": 822.062674, "delta": 6.779878}}
{"target": -11.727528868092039, "params": {"C": 64.78851836312441, "epsilon": 19.882035667287123, "gamma": 0.052643055583000586, "lamda": 0.06784016169935495}, "datetime": {"datetime": "2021-10-05 12:04:30", "elapsed": 826.924431, "delta": 4.861757}}
{"target": -12.890730697616354, "params": {"C": 5.65947747422649, "epsilon": 16.287471251729727, "gamma": 0.05862019223895029, "lamda": 0.09618899148967318}, "datetime": {"datetime": "2021-10-05 12:04:36", "elapsed": 832.215678, "delta": 5.291247}}
{"target": -11.858077410323864, "params": {"C": 65.87718257344251, "epsilon": 16.556674203109143, "gamma": 0.09970251224234766, "lamda": 0.059322696073637514}, "datetime": {"datetime": "2021-10-05 12:04:40", "elapsed": 836.515486, "delta": 4.299808}}
{"target": -11.832205928325203, "params": {"C": 82.85330964395371, "epsilon": 10.210697293528108, "gamma": 0.02972000284868402, "lamda": 0.061472546057487726}, "datetime": {"datetime": "2021-10-05 12:04:45", "elapsed": 841.469554, "delta": 4.954068}}
{"target": -15.30889108725884, "params": {"C": 47.61850939233907, "epsilon": 17.104363202429575, "gamma": 0.06480805741871386, "lamda": 0.17148581569276095}, "datetime": {"datetime": "2021-10-05 12:04:47", "elapsed": 843.617034, "delta": 2.14748}}
{"target": -11.840802197821096, "params": {"C": 20.925787794428302, "epsilon": 28.022030456233455, "gamma": 0.05856561319457748, "lamda": 0.07400476150449256}, "datetime": {"datetime": "2021-10-05 12:04:49", "elapsed": 845.847409, "delta": 2.230375}}
{"target": -14.02882489852281, "params": {"C": 20.004046050782428, "epsilon": 12.755499622964274, "gamma": 0.020379866517939577, "lamda": 0.11108356856689776}, "datetime": {"datetime": "2021-10-05 12:04:51", "elapsed": 847.926758, "delta": 2.079349}}
{"target": -14.654108188598794, "params": {"C": 20.619774303592784, "epsilon": 20.503869998077224, "gamma": 0.03589289686023536, "lamda": 0.1543407435779509}, "datetime": {"datetime": "2021-10-05 12:04:56", "elapsed": 852.803162, "delta": 4.876404}}
{"target": -10.749948817040995, "params": {"C": 7.928819915560223, "epsilon": 23.01685391405468, "gamma": 0.06764631903700592, "lamda": 0.022358969313422475}, "datetime": {"datetime": "2021-10-05 12:04:59", "elapsed": 855.023365, "delta": 2.220203}}
{"target": -11.55798914374345, "params": {"C": 85.537489168803, "epsilon": 19.849376792163557, "gamma": 0.04744142900386851, "lamda": 0.060672425490868265}, "datetime": {"datetime": "2021-10-05 12:05:01", "elapsed": 857.338754, "delta": 2.315389}}
{"target": -11.294485751125908, "params": {"C": 14.639915915387625, "epsilon": 27.227805551469245, "gamma": 0.02450983129409736, "lamda": 0.025241857370120555}, "datetime": {"datetime": "2021-10-05 12:05:03", "elapsed": 859.491685, "delta": 2.152931}}
{"target": -16.41733234232178, "params": {"C": 76.54831634789844, "epsilon": 24.283934581172918, "gamma": 0.08977732702921723, "lamda": 0.2333090216228355}, "datetime": {"datetime": "2021-10-05 12:05:05", "elapsed": 861.648278, "delta": 2.156593}}
{"target": -16.767562958064282, "params": {"C": 7.712202848513421, "epsilon": 22.986083406496682, "gamma": 0.07773657520218054, "lamda": 0.23681830895159692}, "datetime": {"datetime": "2021-10-05 12:05:10", "elapsed": 866.059659, "delta": 4.411381}}
{"target": -10.494176936084168, "params": {"C": 21.154473854857127, "epsilon": 20.520413624852207, "gamma": 0.02, "lamda": 0.0001}, "datetime": {"datetime": "2021-10-05 12:05:16", "elapsed": 872.918227, "delta": 6.858568}}
{"target": -10.510162281294871, "params": {"C": 56.870422187447176, "epsilon": 13.984075313038968, "gamma": 0.05351086837065794, "lamda": 0.02089342831480344}, "datetime": {"datetime": "2021-10-05 12:05:21", "elapsed": 877.668879, "delta": 4.750652}}
{"target": -11.413170416164713, "params": {"C": 21.118420107628634, "epsilon": 20.128050122592285, "gamma": 0.038789569335352866, "lamda": 0.049327410414900075}, "datetime": {"datetime": "2021-10-05 12:05:27", "elapsed": 883.286451, "delta": 5.617572}}
{"target": -10.104886312427892, "params": {"C": 61.02207361575018, "epsilon": 14.29662393999571, "gamma": 0.05326736024195798, "lamda": 0.008397098555371144}, "datetime": {"datetime": "2021-10-05 12:05:31", "elapsed": 887.496344, "delta": 4.209893}}
