{"target": -14.862196879224864, "params": {"C": 80.0519376238064, "epsilon": 23.3411233430561, "gamma": 0.0005, "lamda": 0.0005}, "datetime": {"datetime": "2021-10-05 10:32:27", "elapsed": 2336.786677, "delta": 9.398634}}
{"target": -12.108737022433942, "params": {"C": 15.70944875360625, "epsilon": 25.952630857842728, "gamma": 0.19884022114004993, "lamda": 0.01694459045172734}, "datetime": {"datetime": "2021-10-05 10:32:39", "elapsed": 2348.855151, "delta": 12.068474}}
{"target": -36.54158549243898, "params": {"C": 15.325200009243275, "epsilon": 26.391559445519555, "gamma": 0.01945191417980538, "lamda": 0.5997623244215263}, "datetime": {"datetime": "2021-10-05 10:32:47", "elapsed": 2356.801582, "delta": 7.946431}}
{"target": -10.147620754464974, "params": {"C": 56.33567579031846, "epsilon": 19.391273023131852, "gamma": 0.05784461724207728, "lamda": 0.010443011457988297}, "datetime": {"datetime": "2021-10-05 10:32:51", "elapsed": 2361.006174, "delta": 4.204592}}
{"target": -31.171644778445046, "params": {"C": 69.17694043070401, "epsilon": 2.9853461671163553, "gamma": 0.1981896409542455, "lamda": 0.33544676478703983}, "datetime": {"datetime": "2021-10-05 10:32:56", "elapsed": 2365.291019, "delta": 4.284845}}
{"target": -48.58362170586017, "params": {"C": 56.61456779158534, "epsilon": 19.305875395609302, "gamma": 0.1263951877417788, "lamda": 0.6641832500338639}, "datetime": {"datetime": "2021-10-05 10:33:05", "elapsed": 2375.16309, "delta": 9.872071}}
{"target": -37.904313143484195, "params": {"C": 80.50230792118555, "epsilon": 4.247783101345719, "gamma": 0.11208186774834757, "lamda": 0.3969595535570375}, "datetime": {"datetime": "2021-10-05 10:33:10", "elapsed": 2379.427072, "delta": 4.263982}}
{"target": -65.40345862955614, "params": {"C": 32.161394781529424, "epsilon": 15.415486079365984, "gamma": 0.18034911394760855, "lamda": 0.774349096265303}, "datetime": {"datetime": "2021-10-05 10:33:14", "elapsed": 2383.736575, "delta": 4.309503}}
{"target": -58.07846236860147, "params": {"C": 77.2240059790789, "epsilon": 15.74739662875577, "gamma": 0.04979969258133995, "lamda": 0.698177889394298}, "datetime": {"datetime": "2021-10-05 10:33:25", "elapsed": 2394.347678, "delta": 10.611103}}
{"target": -12.146352135125808, "params": {"C": 88.4147728265268, "epsilon": 21.24184260773452, "gamma": 0.08970035583771996, "lamda": 0.0005}, "datetime": {"datetime": "2021-10-05 10:33:37", "elapsed": 2406.718387, "delta": 12.370709}}
{"target": -11.427997149502668, "params": {"C": 55.39623592635216, "epsilon": 19.093644607824512, "gamma": 0.12554917030797108, "lamda": 0.011730554951225604}, "datetime": {"datetime": "2021-10-05 10:33:48", "elapsed": 2417.41132, "delta": 10.692933}}
{"target": -12.429637016724282, "params": {"C": 55.9037653509331, "epsilon": 19.95692305688387, "gamma": 0.0672090105325035, "lamda": 0.08684198713728285}, "datetime": {"datetime": "2021-10-05 10:33:57", "elapsed": 2426.685929, "delta": 9.274609}}
{"target": -11.66131037086926, "params": {"C": 78.201295294986, "epsilon": 15.370350633780326, "gamma": 0.11444566438934474, "lamda": 0.04212410345432414}, "datetime": {"datetime": "2021-10-05 10:34:06", "elapsed": 2435.535837, "delta": 8.849908}}
{"target": -23.841537328816035, "params": {"C": 54.96406197824696, "epsilon": 19.531826763541975, "gamma": 0.01349268593708831, "lamda": 0.3099057147539977}, "datetime": {"datetime": "2021-10-05 10:34:15", "elapsed": 2444.259296, "delta": 8.723459}}
{"target": -17.752365170758903, "params": {"C": 88.83090123971611, "epsilon": 20.54619239764356, "gamma": 0.18107458055739867, "lamda": 0.20958864576653133}, "datetime": {"datetime": "2021-10-05 10:34:28", "elapsed": 2457.305583, "delta": 13.046287}}
{"target": -11.148313313712963, "params": {"C": 87.84246736541706, "epsilon": 22.16686086494161, "gamma": 0.04092745301317875, "lamda": 0.03631284062371136}, "datetime": {"datetime": "2021-10-05 10:34:41", "elapsed": 2470.674016, "delta": 13.368433}}
{"target": -15.560994113197541, "params": {"C": 88.70132398912891, "epsilon": 21.834916974982004, "gamma": 0.17000709849250648, "lamda": 0.16399501943664258}, "datetime": {"datetime": "2021-10-05 10:34:48", "elapsed": 2477.883477, "delta": 7.209461}}
{"target": -35.69576345522623, "params": {"C": 87.8573921020323, "epsilon": 23.01715028703129, "gamma": 0.034852526511096805, "lamda": 0.4910010565219999}, "datetime": {"datetime": "2021-10-05 10:35:06", "elapsed": 2496.030167, "delta": 18.14669}}
{"target": -37.212630744858366, "params": {"C": 15.190849247368561, "epsilon": 12.06410993026325, "gamma": 0.0725100880196173, "lamda": 0.40147068916492856}, "datetime": {"datetime": "2021-10-05 10:35:11", "elapsed": 2500.423318, "delta": 4.393151}}
{"target": -11.214215821344412, "params": {"C": 55.70053149119632, "epsilon": 18.49969354401847, "gamma": 0.091405454624092, "lamda": 0.03255940863350275}, "datetime": {"datetime": "2021-10-05 10:35:20", "elapsed": 2509.873965, "delta": 9.450647}}
{"target": -49.45832435255945, "params": {"C": 6.333952497657377, "epsilon": 20.768958709739355, "gamma": 0.0507740431136605, "lamda": 0.6627038643259976}, "datetime": {"datetime": "2021-10-05 10:35:24", "elapsed": 2514.089511, "delta": 4.215546}}
{"target": -23.47146809617582, "params": {"C": 55.06241592855127, "epsilon": 18.208007320833605, "gamma": 0.04235676022715011, "lamda": 0.31431268053819544}, "datetime": {"datetime": "2021-10-05 10:35:37", "elapsed": 2526.815423, "delta": 12.725912}}
{"target": -12.853094806322893, "params": {"C": 10.940011739092519, "epsilon": 21.69179220170744, "gamma": 0.03097074128599462, "lamda": 0.1018231110550112}, "datetime": {"datetime": "2021-10-05 10:35:42", "elapsed": 2531.458406, "delta": 4.642983}}
{"target": -12.249174887880805, "params": {"C": 77.48359817618109, "epsilon": 14.992917693528128, "gamma": 0.12458533051632373, "lamda": 0.00500221746502617}, "datetime": {"datetime": "2021-10-05 10:35:50", "elapsed": 2539.616292, "delta": 8.157886}}
{"target": -16.92623115638672, "params": {"C": 10.209144797500546, "epsilon": 21.868603207235683, "gamma": 0.016951024264917798, "lamda": 0.20752117353307603}, "datetime": {"datetime": "2021-10-05 10:36:02", "elapsed": 2551.574641, "delta": 11.958349}}
{"target": -26.974449482197688, "params": {"C": 10.622711831339355, "epsilon": 21.86859979291701, "gamma": 0.1317256978217985, "lamda": 0.3926054157337472}, "datetime": {"datetime": "2021-10-05 10:36:06", "elapsed": 2555.806444, "delta": 4.231803}}
{"target": -12.321522092339059, "params": {"C": 50.70356913067781, "epsilon": 24.226752580736726, "gamma": 0.1992644634478316, "lamda": 0.033830152566565325}, "datetime": {"datetime": "2021-10-05 10:36:11", "elapsed": 2560.207881, "delta": 4.401437}}
{"target": -93.46683169454056, "params": {"C": 79.38118026507348, "epsilon": 7.075578395744997, "gamma": 0.01970861220815157, "lamda": 0.7555658153653698}, "datetime": {"datetime": "2021-10-05 10:36:15", "elapsed": 2564.657942, "delta": 4.450061}}
{"target": -13.980267638989652, "params": {"C": 78.13946396665959, "epsilon": 16.175751741846398, "gamma": 0.2, "lamda": 0.0005}, "datetime": {"datetime": "2021-10-05 10:36:27", "elapsed": 2576.336408, "delta": 11.678466}}
{"target": -10.381934613105225, "params": {"C": 10.257607933364303, "epsilon": 20.7274313711655, "gamma": 0.060171605771200606, "lamda": 0.008914723478563976}, "datetime": {"datetime": "2021-10-05 10:36:39", "elapsed": 2589.014925, "delta": 12.678517}}
{"target": -20.403548590295706, "params": {"C": 9.396475985890008, "epsilon": 20.874514573030194, "gamma": 0.17328520536744874, "lamda": 0.269097474878631}, "datetime": {"datetime": "2021-10-05 10:36:46", "elapsed": 2595.215813, "delta": 6.200888}}
{"target": -49.305100312695416, "params": {"C": 51.04248062953907, "epsilon": 24.177270743098003, "gamma": 0.12341717364874939, "lamda": 0.7827808090504152}, "datetime": {"datetime": "2021-10-05 10:36:57", "elapsed": 2606.567937, "delta": 11.352124}}
{"target": -12.645134709605, "params": {"C": 10.124198162325989, "epsilon": 19.951157772456785, "gamma": 0.2, "lamda": 0.0005}, "datetime": {"datetime": "2021-10-05 10:37:06", "elapsed": 2615.625738, "delta": 9.057801}}
{"target": -11.721395037428177, "params": {"C": 50.00977543529433, "epsilon": 24.475592771396077, "gamma": 0.11392061154159054, "lamda": 0.048760959203144584}, "datetime": {"datetime": "2021-10-05 10:37:18", "elapsed": 2627.478662, "delta": 11.852924}}
{"target": -14.684378603546106, "params": {"C": 50.00055087752947, "epsilon": 23.85474950303618, "gamma": 0.12040999788996709, "lamda": 0.16057013703802664}, "datetime": {"datetime": "2021-10-05 10:37:27", "elapsed": 2636.913324, "delta": 9.434662}}
{"target": -51.843482532875726, "params": {"C": 5.5220368893047596, "epsilon": 22.209856617347164, "gamma": 0.11870366331383173, "lamda": 0.7728757681222275}, "datetime": {"datetime": "2021-10-05 10:37:31", "elapsed": 2641.152476, "delta": 4.239152}}
{"target": -12.022310654678071, "params": {"C": 65.94037233577829, "epsilon": 24.662881356455063, "gamma": 0.17806172152001842, "lamda": 0.020828024045622437}, "datetime": {"datetime": "2021-10-05 10:37:43", "elapsed": 2652.58446, "delta": 11.431984}}
{"target": -14.929250526671389, "params": {"C": 65.20920673121937, "epsilon": 24.985975862566793, "gamma": 0.0005, "lamda": 0.0005}, "datetime": {"datetime": "2021-10-05 10:37:54", "elapsed": 2663.698295, "delta": 11.113835}}
{"target": -11.608604747101799, "params": {"C": 71.4156358342695, "epsilon": 7.561930574609103, "gamma": 0.10277758213156872, "lamda": 0.011251394237034574}, "datetime": {"datetime": "2021-10-05 10:37:59", "elapsed": 2668.457216, "delta": 4.758921}}
{"target": -32.14530446137502, "params": {"C": 65.86816901317887, "epsilon": 25.435245609954613, "gamma": 0.10395261358572522, "lamda": 0.5362740545291875}, "datetime": {"datetime": "2021-10-05 10:38:09", "elapsed": 2678.297055, "delta": 9.839839}}
{"target": -18.032982256893302, "params": {"C": 59.94097608422238, "epsilon": 7.439453145515035, "gamma": 0.05089950484154242, "lamda": 0.195680317104879}, "datetime": {"datetime": "2021-10-05 10:38:13", "elapsed": 2682.607416, "delta": 4.310361}}
{"target": -12.527896126302899, "params": {"C": 15.949433640798711, "epsilon": 24.986257475808163, "gamma": 0.17379689974696605, "lamda": 0.05600775057297891}, "datetime": {"datetime": "2021-10-05 10:38:25", "elapsed": 2694.414865, "delta": 11.807449}}
{"target": -15.068806683745564, "params": {"C": 15.290520047073914, "epsilon": 25.067299592318825, "gamma": 0.004866759432288384, "lamda": 0.07589022452424435}, "datetime": {"datetime": "2021-10-05 10:38:34", "elapsed": 2704.018078, "delta": 9.603213}}
{"target": -14.129562907587614, "params": {"C": 44.16349531205837, "epsilon": 10.518524636557826, "gamma": 0.06397299823029673, "lamda": 0.1306531855462212}, "datetime": {"datetime": "2021-10-05 11:50:44", "elapsed": 0.0, "delta": 0.0}}
{"target": -16.006531977547127, "params": {"C": 42.61641240666141, "epsilon": 16.606696420077483, "gamma": 0.036371890723027406, "lamda": 0.18581936280856404}, "datetime": {"datetime": "2021-10-05 11:50:44", "elapsed": 0.263105, "delta": 0.263105}}
{"target": -15.12620394606437, "params": {"C": 30.66581269377779, "epsilon": 15.336545502057334, "gamma": 0.0696907066215436, "lamda": 0.158789714073684}, "datetime": {"datetime": "2021-10-05 11:50:44", "elapsed": 0.548388, "delta": 0.285283}}
{"target": -17.33752271540748, "params": {"C": 14.323414589148422, "epsilon": 20.27156242531493, "gamma": 0.03475518925175322, "lamda": 0.23562201083022036}, "datetime": {"datetime": "2021-10-05 11:50:44", "elapsed": 0.849245, "delta": 0.300857}}
{"target": -11.013754302325607, "params": {"C": 85.5435539713094, "epsilon": 19.884736747638556, "gamma": 0.08772491882859744, "lamda": 0.023985678555017393}, "datetime": {"datetime": "2021-10-05 11:50:45", "elapsed": 1.118381, "delta": 0.269136}}
{"target": -10.703341081108894, "params": {"C": 51.01936292204869, "epsilon": 11.305730087737562, "gamma": 0.054249786207791154, "lamda": 0.029049621606617705}, "datetime": {"datetime": "2021-10-05 11:50:45", "elapsed": 1.479104, "delta": 0.360723}}
{"target": -11.07544231052203, "params": {"C": 13.588837198426468, "epsilon": 21.934906179571918, "gamma": 0.03808096004833887, "lamda": 0.0321730107245639}, "datetime": {"datetime": "2021-10-05 11:50:45", "elapsed": 1.788211, "delta": 0.309107}}
{"target": -11.594928269238288, "params": {"C": 22.81031449998541, "epsilon": 16.996525700065988, "gamma": 0.05742299876658402, "lamda": 0.060602793556863106}, "datetime": {"datetime": "2021-10-05 11:50:46", "elapsed": 2.055997, "delta": 0.267786}}
{"target": -13.30119320634926, "params": {"C": 64.40026579627656, "epsilon": 19.66139671103503, "gamma": 0.06041893760148394, "lamda": 0.11612910607045594}, "datetime": {"datetime": "2021-10-05 11:50:46", "elapsed": 2.490301, "delta": 0.434304}}
{"target": -16.230659590263432, "params": {"C": 79.57010798971613, "epsilon": 21.600083577556134, "gamma": 0.03298388788018511, "lamda": 0.21025562874748616}, "datetime": {"datetime": "2021-10-05 11:50:46", "elapsed": 2.854973, "delta": 0.364672}}
{"target": -17.267631939361745, "params": {"C": 79.85759672278877, "epsilon": 20.24659255074684, "gamma": 0.0498410585897879, "lamda": 0.23611631448911088}, "datetime": {"datetime": "2021-10-05 11:50:47", "elapsed": 3.154521, "delta": 0.299548}}
{"target": -17.694169234753236, "params": {"C": 51.71524771466173, "epsilon": 11.70891170574777, "gamma": 0.09232780575036556, "lamda": 0.19670069874122972}, "datetime": {"datetime": "2021-10-05 11:50:47", "elapsed": 3.647808, "delta": 0.493287}}
{"target": -11.5718563267496, "params": {"C": 20.725119951692445, "epsilon": 20.854210920288775, "gamma": 0.05363955800916745, "lamda": 0.06020842706354152}, "datetime": {"datetime": "2021-10-05 11:50:48", "elapsed": 4.02862, "delta": 0.380812}}
{"target": -15.622377658736685, "params": {"C": 47.99009778339689, "epsilon": 17.196505541978627, "gamma": 0.0661634424244922, "lamda": 0.17909820335071813}, "datetime": {"datetime": "2021-10-05 11:50:48", "elapsed": 4.461685, "delta": 0.433065}}
{"target": -17.22485041060896, "params": {"C": 29.698932211464765, "epsilon": 16.655799193336215, "gamma": 0.04951752218011534, "lamda": 0.21637108429108903}, "datetime": {"datetime": "2021-10-05 11:50:48", "elapsed": 4.888729, "delta": 0.427044}}
{"target": -16.427082158042463, "params": {"C": 6.673628144881391, "epsilon": 15.054591818206422, "gamma": 0.07520911154490935, "lamda": 0.1852361630911209}, "datetime": {"datetime": "2021-10-05 11:50:49", "elapsed": 5.303721, "delta": 0.414992}}
{"target": -10.749498759779618, "params": {"C": 64.24482980707343, "epsilon": 19.046960458445696, "gamma": 0.044272415705281815, "lamda": 0.025588458280773597}, "datetime": {"datetime": "2021-10-05 11:50:49", "elapsed": 5.856878, "delta": 0.553157}}
{"target": -10.840795731880688, "params": {"C": 85.36378748147862, "epsilon": 20.033394798434653, "gamma": 0.0916186364785227, "lamda": 0.012280762244606374}, "datetime": {"datetime": "2021-10-05 11:50:50", "elapsed": 6.322072, "delta": 0.465194}}
{"target": -16.605616691514232, "params": {"C": 72.20098888932098, "epsilon": 19.28374549871367, "gamma": 0.041208765094783474, "lamda": 0.21716028438678564}, "datetime": {"datetime": "2021-10-05 11:50:50", "elapsed": 6.68417, "delta": 0.362098}}
{"target": -10.912409487190397, "params": {"C": 50.613713154125286, "epsilon": 11.07070472575374, "gamma": 0.03205294531368363, "lamda": 0.0001}, "datetime": {"datetime": "2021-10-05 11:50:51", "elapsed": 7.432839, "delta": 0.748669}}
{"target": -10.38580069661726, "params": {"C": 64.33306823238578, "epsilon": 18.337393768216973, "gamma": 0.048620157649815685, "lamda": 0.01572903657273341}, "datetime": {"datetime": "2021-10-05 11:50:51", "elapsed": 7.917993, "delta": 0.485154}}
{"target": -18.2940105244522, "params": {"C": 63.40279084233513, "epsilon": 18.456192280758685, "gamma": 0.05451732474594603, "lamda": 0.24617574001382575}, "datetime": {"datetime": "2021-10-05 11:50:52", "elapsed": 8.447413, "delta": 0.52942}}
{"target": -14.573127905811747, "params": {"C": 64.71202147961408, "epsilon": 18.86180007230726, "gamma": 0.05134579931497399, "lamda": 0.15439436068360507}, "datetime": {"datetime": "2021-10-05 11:50:52", "elapsed": 8.837851, "delta": 0.390438}}
{"target": -12.00906900863529, "params": {"C": 51.02844549839458, "epsilon": 10.844150006338268, "gamma": 0.07351121399409787, "lamda": 0.0001}, "datetime": {"datetime": "2021-10-05 11:50:53", "elapsed": 9.596714, "delta": 0.758863}}
{"target": -11.830573378982223, "params": {"C": 85.49883457328876, "epsilon": 20.463881827860206, "gamma": 0.023481088872046467, "lamda": 0.04946842136132039}, "datetime": {"datetime": "2021-10-05 11:50:53", "elapsed": 9.976786, "delta": 0.380072}}
{"target": -12.120010718084199, "params": {"C": 57.224252197363334, "epsilon": 13.226512189539338, "gamma": 0.03878050085423994, "lamda": 0.0740380902382382}, "datetime": {"datetime": "2021-10-05 11:50:54", "elapsed": 10.346726, "delta": 0.36994}}
{"target": -10.822134000441078, "params": {"C": 64.5998393431509, "epsilon": 17.814910955495762, "gamma": 0.04137712198642661, "lamda": 0.02721461717991332}, "datetime": {"datetime": "2021-10-05 11:50:54", "elapsed": 10.889426, "delta": 0.5427}}
{"target": -13.919917487347186, "params": {"C": 35.47190941336453, "epsilon": 21.89274979775197, "gamma": 0.06100364432002903, "lamda": 0.1432082646975752}, "datetime": {"datetime": "2021-10-05 11:50:55", "elapsed": 11.232289, "delta": 0.342863}}
{"target": -22.88779849450069, "params": {"C": 85.07771265936942, "epsilon": 19.598029475006886, "gamma": 0.02, "lamda": 0.3}, "datetime": {"datetime": "2021-10-05 11:50:55", "elapsed": 11.675537, "delta": 0.443248}}
{"target": -11.83260846899298, "params": {"C": 6.374087991366915, "epsilon": 16.68965041262799, "gamma": 0.0485001702549806, "lamda": 0.06797177047036443}, "datetime": {"datetime": "2021-10-05 11:50:56", "elapsed": 12.074199, "delta": 0.398662}}
{"target": -11.248731393497158, "params": {"C": 64.22990627295059, "epsilon": 17.964975157112015, "gamma": 0.02, "lamda": 0.0001}, "datetime": {"datetime": "2021-10-05 11:50:56", "elapsed": 12.821927, "delta": 0.747728}}
{"target": -17.604220318767144, "params": {"C": 50.75344282841459, "epsilon": 11.447136071887298, "gamma": 0.06360908344299174, "lamda": 0.1986898970239498}, "datetime": {"datetime": "2021-10-05 11:50:57", "elapsed": 13.248394, "delta": 0.426467}}
{"target": -10.913334478578571, "params": {"C": 51.22349354213753, "epsilon": 11.14158148335081, "gamma": 0.02, "lamda": 0.0001}, "datetime": {"datetime": "2021-10-05 11:50:58", "elapsed": 14.05049, "delta": 0.802096}}
{"target": -15.091318810238946, "params": {"C": 63.098494072078616, "epsilon": 26.38734795856908, "gamma": 0.09249182188223318, "lamda": 0.1961406957728862}, "datetime": {"datetime": "2021-10-05 11:50:58", "elapsed": 14.424514, "delta": 0.374024}}
{"target": -16.63589696950681, "params": {"C": 39.861640876999594, "epsilon": 27.800813769476807, "gamma": 0.08664666630503204, "lamda": 0.2634406894598249}, "datetime": {"datetime": "2021-10-05 11:50:58", "elapsed": 14.836677, "delta": 0.412163}}
{"target": -21.63603102921504, "params": {"C": 85.62728929137026, "epsilon": 20.071320897310308, "gamma": 0.028556090207745556, "lamda": 0.2989356415652193}, "datetime": {"datetime": "2021-10-05 11:50:59", "elapsed": 15.308007, "delta": 0.47133}}
{"target": -11.762956217477445, "params": {"C": 82.77348096135194, "epsilon": 25.020404711888244, "gamma": 0.03246218125314021, "lamda": 0.05729302793723966}, "datetime": {"datetime": "2021-10-05 11:50:59", "elapsed": 15.766543, "delta": 0.458536}}
{"target": -17.767120266496832, "params": {"C": 94.75107945518515, "epsilon": 15.281045589957667, "gamma": 0.08905036805325348, "lamda": 0.208379243112207}, "datetime": {"datetime": "2021-10-05 11:51:00", "elapsed": 16.198433, "delta": 0.43189}}
{"target": -14.34082135853599, "params": {"C": 51.13772703730905, "epsilon": 11.145583006111938, "gamma": 0.06857613386345691, "lamda": 0.13402817477584}, "datetime": {"datetime": "2021-10-05 11:51:00", "elapsed": 16.636998, "delta": 0.438565}}
{"target": -12.458322610278378, "params": {"C": 69.6065725312371, "epsilon": 20.237227032464894, "gamma": 0.05574240775262361, "lamda": 0.08971047423767113}, "datetime": {"datetime": "2021-10-05 11:51:01", "elapsed": 17.084851, "delta": 0.447853}}
{"target": -23.6382865597203, "params": {"C": 12.638537854769101, "epsilon": 12.292311829746374, "gamma": 0.07700157469899165, "lamda": 0.2692469500935117}, "datetime": {"datetime": "2021-10-05 11:51:01", "elapsed": 17.486581, "delta": 0.40173}}
{"target": -16.052754058282297, "params": {"C": 95.02693887376363, "epsilon": 27.45534498889702, "gamma": 0.03335581312727502, "lamda": 0.23326728642324873}, "datetime": {"datetime": "2021-10-05 11:51:01", "elapsed": 17.930828, "delta": 0.444247}}
{"target": -11.416088893325378, "params": {"C": 85.55305751510014, "epsilon": 19.87310094977405, "gamma": 0.03648755739728694, "lamda": 0.04652238988062504}, "datetime": {"datetime": "2021-10-05 11:51:02", "elapsed": 18.344992, "delta": 0.414164}}
{"target": -16.291928447211625, "params": {"C": 64.51772275757536, "epsilon": 17.91170250689208, "gamma": 0.0813540419508671, "lamda": 0.19311799316297884}, "datetime": {"datetime": "2021-10-05 11:51:02", "elapsed": 18.800134, "delta": 0.455142}}
{"target": -12.745716281606962, "params": {"C": 64.38065623860452, "epsilon": 18.16952981209124, "gamma": 0.024712523536243387, "lamda": 0.08605984721171936}, "datetime": {"datetime": "2021-10-05 11:51:03", "elapsed": 19.256693, "delta": 0.456559}}
{"target": -20.418880889771184, "params": {"C": 58.89494734296903, "epsilon": 12.647065984548071, "gamma": 0.030607085145177102, "lamda": 0.23967707630544743}, "datetime": {"datetime": "2021-10-05 11:51:03", "elapsed": 19.707354, "delta": 0.450661}}
