{"target": -10.52155108414952, "params": {"C": 44.50178182996114, "epsilon": 24.65361808206155, "gamma": 0.04162207373041111, "lamda": 0.020320500563625367}, "datetime": {"datetime": "2021-10-05 13:10:56", "elapsed": 2030.165842, "delta": 3.928155}}
{"target": -10.949452421691712, "params": {"C": 43.43404307206616, "epsilon": 10.439425155445505, "gamma": 0.04184128732999955, "lamda": 0.04264301241193926}, "datetime": {"datetime": "2021-10-05 13:11:01", "elapsed": 2034.86184, "delta": 4.695998}}
{"target": -10.615213869429924, "params": {"C": 90.69414912376978, "epsilon": 21.204696821463838, "gamma": 0.03782017157840577, "lamda": 0.031122438563703038}, "datetime": {"datetime": "2021-10-05 13:11:08", "elapsed": 2042.01513, "delta": 7.15329}}
{"target": -10.674992794635854, "params": {"C": 15.14425364616914, "epsilon": 15.645866596161595, "gamma": 0.041652524941502636, "lamda": 0.04038835174206361}, "datetime": {"datetime": "2021-10-05 13:11:13", "elapsed": 2046.596757, "delta": 4.581627}}
{"target": -10.46368809621348, "params": {"C": 88.46928748507143, "epsilon": 22.644183187856658, "gamma": 0.03588301248206632, "lamda": 0.021624698030542785}, "datetime": {"datetime": "2021-10-05 13:11:18", "elapsed": 2051.894346, "delta": 5.297589}}
{"target": -10.581902736103721, "params": {"C": 23.606285019310214, "epsilon": 22.760102196338174, "gamma": 0.025267359158002357, "lamda": 0.03502749050780043}, "datetime": {"datetime": "2021-10-05 13:11:26", "elapsed": 2059.448592, "delta": 7.554246}}
{"target": -10.723395482590355, "params": {"C": 51.31502723434939, "epsilon": 10.822051339653294, "gamma": 0.00930582119896406, "lamda": 0.01214177941552245}, "datetime": {"datetime": "2021-10-05 13:11:30", "elapsed": 2063.59935, "delta": 4.150758}}
{"target": -10.413555547834758, "params": {"C": 15.362848475917307, "epsilon": 14.531723504329952, "gamma": 0.0404331387108103, "lamda": 0.017516337952640983}, "datetime": {"datetime": "2021-10-05 13:11:35", "elapsed": 2068.748272, "delta": 5.148922}}
{"target": -10.299491098392345, "params": {"C": 61.19561940754444, "epsilon": 22.100937799588124, "gamma": 0.02495397419702021, "lamda": 0.012476405212709402}, "datetime": {"datetime": "2021-10-05 13:11:39", "elapsed": 2073.052472, "delta": 4.3042}}
{"target": -10.486528981081067, "params": {"C": 79.76871632817249, "epsilon": 23.820731826044415, "gamma": 0.023065098837066485, "lamda": 0.02678670693926766}, "datetime": {"datetime": "2021-10-05 13:11:47", "elapsed": 2080.810274, "delta": 7.757802}}
{"target": -10.283170371305635, "params": {"C": 99.12659081487396, "epsilon": 22.9095374264961, "gamma": 0.02065581917131259, "lamda": 0.013430137880304368}, "datetime": {"datetime": "2021-10-05 13:11:56", "elapsed": 2089.868095, "delta": 9.057821}}
{"target": -10.825810057816923, "params": {"C": 19.939066745256234, "epsilon": 13.622058948804362, "gamma": 0.04689121280514791, "lamda": 0.031175399324594014}, "datetime": {"datetime": "2021-10-05 13:12:02", "elapsed": 2095.82008, "delta": 5.951985}}
{"target": -10.834414054630344, "params": {"C": 96.71303264333741, "epsilon": 29.995413855795107, "gamma": 0.02590041491058594, "lamda": 0.03924874895696919}, "datetime": {"datetime": "2021-10-05 13:12:07", "elapsed": 2100.744427, "delta": 4.924347}}
{"target": -10.579469861721275, "params": {"C": 58.37623851596716, "epsilon": 25.99909492629955, "gamma": 0.0333572284089237, "lamda": 0.033507552429056016}, "datetime": {"datetime": "2021-10-05 13:12:12", "elapsed": 2106.195241, "delta": 5.450814}}
{"target": -10.482592052181845, "params": {"C": 16.56570987010356, "epsilon": 25.73927704319935, "gamma": 0.042765397033161894, "lamda": 0.0049556402960926945}, "datetime": {"datetime": "2021-10-05 13:12:20", "elapsed": 2113.802131, "delta": 7.60689}}
{"target": -10.229318949336664, "params": {"C": 36.93122181776383, "epsilon": 18.559983143341753, "gamma": 0.021077160015395897, "lamda": 0.010772815974794814}, "datetime": {"datetime": "2021-10-05 13:12:27", "elapsed": 2120.94677, "delta": 7.144639}}
{"target": -10.620557919868249, "params": {"C": 37.73463761368325, "epsilon": 19.6444271287681, "gamma": 0.037736480866204625, "lamda": 0.0312866377686357}, "datetime": {"datetime": "2021-10-05 13:12:34", "elapsed": 2127.708805, "delta": 6.762035}}
{"target": -10.575862052388011, "params": {"C": 25.65043591910852, "epsilon": 12.125168347668271, "gamma": 0.03042021589518672, "lamda": 0.032756063677139985}, "datetime": {"datetime": "2021-10-05 13:12:39", "elapsed": 2133.119422, "delta": 5.410617}}
{"target": -10.59655607269513, "params": {"C": 35.02690767677299, "epsilon": 11.882779691006725, "gamma": 0.028218818080324344, "lamda": 0.03308051121271419}, "datetime": {"datetime": "2021-10-05 13:12:45", "elapsed": 2138.659364, "delta": 5.539942}}
{"target": -10.67930712302042, "params": {"C": 98.363691890646, "epsilon": 27.577749390640502, "gamma": 0.03563363871828289, "lamda": 0.04005479729000183}, "datetime": {"datetime": "2021-10-05 13:12:49", "elapsed": 2143.147537, "delta": 4.488173}}
{"target": -10.485249793563604, "params": {"C": 44.61709044674453, "epsilon": 28.00811233605395, "gamma": 0.010003431244520347, "lamda": 0.006186184938110428}, "datetime": {"datetime": "2021-10-06 13:26:00", "elapsed": 0.0, "delta": 0.0}}
{"target": -10.365526408287618, "params": {"C": 18.941809627625737, "epsilon": 12.308464869219945, "gamma": 0.015587806341330127, "lamda": 0.007042102395452346}, "datetime": {"datetime": "2021-10-06 13:26:00", "elapsed": 0.355174, "delta": 0.355174}}
{"target": -10.225614281028909, "params": {"C": 42.69291005191364, "epsilon": 23.470418350083925, "gamma": 0.022575835432098845, "lamda": 0.01376734610785584}, "datetime": {"datetime": "2021-10-06 13:26:01", "elapsed": 0.686506, "delta": 0.331332}}
{"target": -10.780091972103243, "params": {"C": 24.422963724494156, "epsilon": 31.952935909773636, "gamma": 0.010821627795937785, "lamda": 0.013475256701532365}, "datetime": {"datetime": "2021-10-06 13:26:01", "elapsed": 1.03747, "delta": 0.350964}}
{"target": -10.169481915229117, "params": {"C": 44.643956224877066, "epsilon": 23.96724571114379, "gamma": 0.014211608157857013, "lamda": 0.0041224094838806}, "datetime": {"datetime": "2021-10-06 13:26:01", "elapsed": 1.370428, "delta": 0.332958}}
{"target": -10.409602726932784, "params": {"C": 81.07073402417599, "epsilon": 34.206539392984936, "gamma": 0.019402725344777286, "lamda": 0.013907987790252421}, "datetime": {"datetime": "2021-10-06 13:26:02", "elapsed": 1.677435, "delta": 0.307007}}
{"target": -10.337772061202694, "params": {"C": 45.79912894582537, "epsilon": 20.55889179596825, "gamma": 0.012691602638266401, "lamda": 0.0005164987204316104}, "datetime": {"datetime": "2021-10-06 13:26:03", "elapsed": 2.496248, "delta": 0.818813}}
{"target": -10.524323581788659, "params": {"C": 48.73328765454877, "epsilon": 24.08374757400033, "gamma": 0.04, "lamda": 0.02}, "datetime": {"datetime": "2021-10-06 13:26:03", "elapsed": 3.258151, "delta": 0.761903}}
{"target": -10.552521864605813, "params": {"C": 41.8364089838366, "epsilon": 20.101039421949995, "gamma": 0.01, "lamda": 0.0002}, "datetime": {"datetime": "2021-10-06 13:26:04", "elapsed": 4.094272, "delta": 0.836121}}
{"target": -10.314305096015884, "params": {"C": 42.60235561758228, "epsilon": 25.46930775189849, "gamma": 0.026078853368534848, "lamda": 0.017657244525603036}, "datetime": {"datetime": "2021-10-06 13:26:05", "elapsed": 4.558304, "delta": 0.464032}}
{"target": -10.54410094325154, "params": {"C": 14.737211921670566, "epsilon": 10.0, "gamma": 0.04, "lamda": 0.02}, "datetime": {"datetime": "2021-10-06 13:26:05", "elapsed": 5.035239, "delta": 0.476935}}
{"target": -10.170614444171267, "params": {"C": 44.82872278099231, "epsilon": 22.43754151256597, "gamma": 0.02491909528081955, "lamda": 0.005037002244992}, "datetime": {"datetime": "2021-10-06 13:26:06", "elapsed": 5.613744, "delta": 0.578505}}
{"target": -10.543027730367363, "params": {"C": 24.293377027485732, "epsilon": 14.693852707682572, "gamma": 0.01, "lamda": 0.0002}, "datetime": {"datetime": "2021-10-06 13:26:07", "elapsed": 6.51277, "delta": 0.899026}}
{"target": -10.35600820910585, "params": {"C": 88.53596124028964, "epsilon": 28.399023865041293, "gamma": 0.01658354753878773, "lamda": 0.008773231063787548}, "datetime": {"datetime": "2021-10-06 13:26:07", "elapsed": 7.018328, "delta": 0.505558}}
{"target": -10.234882227629626, "params": {"C": 84.64295476062269, "epsilon": 24.333752670757317, "gamma": 0.014449161820430418, "lamda": 0.004455262026262497}, "datetime": {"datetime": "2021-10-06 13:26:08", "elapsed": 7.784318, "delta": 0.76599}}
{"target": -10.474318048458093, "params": {"C": 87.64693702172875, "epsilon": 22.329251320723934, "gamma": 0.03603838970263807, "lamda": 0.016629165809001246}, "datetime": {"datetime": "2021-10-06 13:26:09", "elapsed": 8.68963, "delta": 0.905312}}
{"target": -10.515866793615627, "params": {"C": 82.97132603585833, "epsilon": 26.872234765105862, "gamma": 0.01, "lamda": 0.0002}, "datetime": {"datetime": "2021-10-06 13:26:10", "elapsed": 9.506339, "delta": 0.816709}}
{"target": -10.256823846557621, "params": {"C": 82.66271212796532, "epsilon": 22.566666517031642, "gamma": 0.024147705196013683, "lamda": 0.00574269434735566}, "datetime": {"datetime": "2021-10-06 13:26:10", "elapsed": 10.262064, "delta": 0.755725}}
{"target": -10.44136288715568, "params": {"C": 82.39647096476384, "epsilon": 19.420058066660737, "gamma": 0.027789537512104764, "lamda": 0.017017982271421202}, "datetime": {"datetime": "2021-10-06 13:26:11", "elapsed": 10.848069, "delta": 0.586005}}
{"target": -10.17930332182188, "params": {"C": 79.32173841867713, "epsilon": 22.927707908499883, "gamma": 0.022245015478198016, "lamda": 0.004518427202248318}, "datetime": {"datetime": "2021-10-06 13:26:12", "elapsed": 11.471059, "delta": 0.62299}}
{"target": -10.836200363741117, "params": {"C": 76.86932298943884, "epsilon": 22.47881812553517, "gamma": 0.010601479559524752, "lamda": 0.0167290569544682}, "datetime": {"datetime": "2021-10-06 13:26:12", "elapsed": 12.075382, "delta": 0.604323}}
{"target": -10.320011920331634, "params": {"C": 80.71358972660765, "epsilon": 23.466084695677146, "gamma": 0.023754630743007817, "lamda": 0.013475044704466409}, "datetime": {"datetime": "2021-10-06 13:26:13", "elapsed": 12.519137, "delta": 0.443755}}
{"target": -10.29182206505685, "params": {"C": 43.87015122670787, "epsilon": 23.16070628788355, "gamma": 0.011813688423982843, "lamda": 0.005385112856191215}, "datetime": {"datetime": "2021-10-06 13:26:13", "elapsed": 13.118902, "delta": 0.599765}}
{"target": -10.918128349621101, "params": {"C": 45.52656737962063, "epsilon": 23.148917780740973, "gamma": 0.010294156524422124, "lamda": 0.01977741231362595}, "datetime": {"datetime": "2021-10-06 13:26:14", "elapsed": 13.685779, "delta": 0.566877}}
{"target": -10.336267759599664, "params": {"C": 19.405496514860396, "epsilon": 15.106603022748047, "gamma": 0.030174269229875747, "lamda": 0.017521274844787875}, "datetime": {"datetime": "2021-10-06 13:26:14", "elapsed": 14.208733, "delta": 0.522954}}
{"target": -10.36295859583646, "params": {"C": 82.71398515610869, "epsilon": 14.088167801923802, "gamma": 0.010450996524968607, "lamda": 0.003387576430162087}, "datetime": {"datetime": "2021-10-06 13:26:15", "elapsed": 14.953883, "delta": 0.74515}}
{"target": -10.328438590336782, "params": {"C": 98.67092049658606, "epsilon": 27.70819099745703, "gamma": 0.027475392125331573, "lamda": 0.014973263570941914}, "datetime": {"datetime": "2021-10-06 13:26:16", "elapsed": 15.525751, "delta": 0.571868}}
{"target": -10.229849385051969, "params": {"C": 90.40490816649584, "epsilon": 21.30548622018746, "gamma": 0.02197644594093712, "lamda": 0.006368258543032973}, "datetime": {"datetime": "2021-10-06 13:26:16", "elapsed": 15.981748, "delta": 0.455997}}
{"target": -10.267217486792664, "params": {"C": 71.66160271159856, "epsilon": 19.605895770637375, "gamma": 0.018050960521051998, "lamda": 0.009885830898422873}, "datetime": {"datetime": "2021-10-06 13:26:16", "elapsed": 16.409916, "delta": 0.428168}}
{"target": -10.386757379844697, "params": {"C": 99.45263700303697, "epsilon": 16.396041095430796, "gamma": 0.028558864952388317, "lamda": 0.007522786674203804}, "datetime": {"datetime": "2021-10-06 13:26:17", "elapsed": 16.953312, "delta": 0.543396}}
{"target": -10.60245695083497, "params": {"C": 85.84689157206356, "epsilon": 29.573904151461843, "gamma": 0.03706571029405583, "lamda": 0.002049118778712882}, "datetime": {"datetime": "2021-10-06 13:26:17", "elapsed": 17.413388, "delta": 0.460076}}
{"target": -10.260186436725489, "params": {"C": 42.489235974430265, "epsilon": 26.21591195984535, "gamma": 0.014705320011871963, "lamda": 0.008463372981121448}, "datetime": {"datetime": "2021-10-06 13:26:18", "elapsed": 17.852941, "delta": 0.439553}}
{"target": -10.501469697627588, "params": {"C": 56.23013002404811, "epsilon": 19.80181848058297, "gamma": 0.03811743681221993, "lamda": 0.008548719475365722}, "datetime": {"datetime": "2021-10-06 13:26:18", "elapsed": 18.340982, "delta": 0.488041}}
{"target": -10.311512284117082, "params": {"C": 51.407407740909775, "epsilon": 11.604871018080203, "gamma": 0.01988910201641625, "lamda": 0.012875580316482374}, "datetime": {"datetime": "2021-10-06 13:26:19", "elapsed": 18.874479, "delta": 0.533497}}
{"target": -10.240041121455615, "params": {"C": 44.67197657460881, "epsilon": 24.049503810857725, "gamma": 0.013155100085647789, "lamda": 0.0010375268174518976}, "datetime": {"datetime": "2021-10-06 13:26:19", "elapsed": 19.403291, "delta": 0.528812}}
{"target": -10.53418260927809, "params": {"C": 67.23101524385493, "epsilon": 15.443767453621343, "gamma": 0.031079654590423826, "lamda": 0.018158554080711112}, "datetime": {"datetime": "2021-10-06 13:26:20", "elapsed": 19.90505, "delta": 0.501759}}
{"target": -10.20124840220235, "params": {"C": 44.65676864237929, "epsilon": 23.56034756338597, "gamma": 0.026539320640561727, "lamda": 0.005146921340777618}, "datetime": {"datetime": "2021-10-06 13:26:20", "elapsed": 20.43307, "delta": 0.52802}}
{"target": -10.27703587567969, "params": {"C": 44.46732668468273, "epsilon": 22.517526362390953, "gamma": 0.01253461202686254, "lamda": 0.005458039694815597}, "datetime": {"datetime": "2021-10-06 13:26:21", "elapsed": 20.982304, "delta": 0.549234}}
{"target": -10.279450914903432, "params": {"C": 39.16812424210034, "epsilon": 22.67357256786925, "gamma": 0.03174508791133901, "lamda": 0.010514427816294528}, "datetime": {"datetime": "2021-10-06 13:26:22", "elapsed": 21.566574, "delta": 0.58427}}
{"target": -10.290079159263573, "params": {"C": 43.9156965927227, "epsilon": 23.85610723486692, "gamma": 0.029724842109152633, "lamda": 0.011949866228447022}, "datetime": {"datetime": "2021-10-06 13:26:22", "elapsed": 22.011703, "delta": 0.445129}}
{"target": -10.360735695521209, "params": {"C": 93.4167071969434, "epsilon": 32.81226027353982, "gamma": 0.03264828204419306, "lamda": 0.013849106352258868}, "datetime": {"datetime": "2021-10-06 13:26:23", "elapsed": 22.492277, "delta": 0.480574}}
{"target": -10.44771994817322, "params": {"C": 71.61496211772686, "epsilon": 19.619530941506635, "gamma": 0.029709023157723426, "lamda": 0.01304311349178455}, "datetime": {"datetime": "2021-10-06 13:26:23", "elapsed": 22.892894, "delta": 0.400617}}
{"target": -10.139789551727354, "params": {"C": 38.2644804607619, "epsilon": 33.57296272900362, "gamma": 0.02138041791157364, "lamda": 0.005929907631643271}, "datetime": {"datetime": "2021-10-06 13:26:23", "elapsed": 23.410617, "delta": 0.517723}}
{"target": -10.270478614349228, "params": {"C": 82.618642490905, "epsilon": 22.4707375131878, "gamma": 0.019002408008052765, "lamda": 0.0004806545436271682}, "datetime": {"datetime": "2021-10-06 13:26:24", "elapsed": 24.027124, "delta": 0.616507}}
{"target": -10.319003104446631, "params": {"C": 66.27031161775713, "epsilon": 13.130519223647092, "gamma": 0.03038316276646142, "lamda": 0.005285501315160909}, "datetime": {"datetime": "2021-10-06 13:26:25", "elapsed": 24.605021, "delta": 0.577897}}
{"target": -10.349211795918757, "params": {"C": 45.03413296743206, "epsilon": 20.451379874505285, "gamma": 0.034747976964676006, "lamda": 0.007287521788699257}, "datetime": {"datetime": "2021-10-06 13:26:25", "elapsed": 25.126649, "delta": 0.521628}}
{"target": -10.403527006776066, "params": {"C": 44.79453810416882, "epsilon": 22.57437555284286, "gamma": 0.015647497769839223, "lamda": 0.014789214719819288}, "datetime": {"datetime": "2021-10-06 13:26:26", "elapsed": 25.564491, "delta": 0.437842}}
{"target": -10.167424719805789, "params": {"C": 99.08009502135148, "epsilon": 26.100993999853355, "gamma": 0.012634305576694845, "lamda": 0.0015982523318363257}, "datetime": {"datetime": "2021-10-06 13:26:26", "elapsed": 26.191649, "delta": 0.627158}}
{"target": -10.350811716617995, "params": {"C": 45.71834680968319, "epsilon": 14.385771074514121, "gamma": 0.022507931512067827, "lamda": 0.017056558349024725}, "datetime": {"datetime": "2021-10-06 13:26:27", "elapsed": 26.663103, "delta": 0.471454}}
{"target": -10.269284791697194, "params": {"C": 44.5822540088348, "epsilon": 23.901228466800973, "gamma": 0.018126724935434678, "lamda": 0.014119213228351931}, "datetime": {"datetime": "2021-10-06 13:26:27", "elapsed": 27.15831, "delta": 0.495207}}
{"target": -10.156002890053255, "params": {"C": 41.11547042607671, "epsilon": 31.209895808333446, "gamma": 0.022328139155150688, "lamda": 0.007582191871164269}, "datetime": {"datetime": "2021-10-06 13:26:28", "elapsed": 27.773726, "delta": 0.615416}}
{"target": -10.26980428699044, "params": {"C": 79.04835653008594, "epsilon": 32.57612200423503, "gamma": 0.025372333009074433, "lamda": 0.006045613822640034}, "datetime": {"datetime": "2021-10-06 13:26:29", "elapsed": 28.630856, "delta": 0.85713}}
{"target": -10.493362954109884, "params": {"C": 38.19553867885759, "epsilon": 33.61888417668238, "gamma": 0.01550840708902797, "lamda": 0.011845605415487227}, "datetime": {"datetime": "2021-10-06 13:26:30", "elapsed": 29.475306, "delta": 0.84445}}
{"target": -10.240285113035128, "params": {"C": 92.60093300624372, "epsilon": 17.63852462214477, "gamma": 0.026216518979001152, "lamda": 0.002496299807145267}, "datetime": {"datetime": "2021-10-06 13:26:30", "elapsed": 30.075625, "delta": 0.600319}}
{"target": -10.470196288798357, "params": {"C": 32.223707881670705, "epsilon": 12.596677776667317, "gamma": 0.03560699220503822, "lamda": 0.002994820429200244}, "datetime": {"datetime": "2021-10-06 13:26:31", "elapsed": 30.678599, "delta": 0.602974}}
{"target": -10.113170778588362, "params": {"C": 73.38129220737882, "epsilon": 17.175935671635546, "gamma": 0.01737986123019958, "lamda": 0.0036791525670838736}, "datetime": {"datetime": "2021-10-06 13:26:31", "elapsed": 31.199608, "delta": 0.521009}}
{"target": -10.133230589481071, "params": {"C": 94.2229763658371, "epsilon": 34.29728998781664, "gamma": 0.017445379745326083, "lamda": 0.0029414634507226446}, "datetime": {"datetime": "2021-10-06 13:26:32", "elapsed": 31.709458, "delta": 0.50985}}
{"target": -10.41685988357164, "params": {"C": 58.2591129418142, "epsilon": 30.39658940552189, "gamma": 0.031216652830743923, "lamda": 0.003363855375607184}, "datetime": {"datetime": "2021-10-06 13:26:32", "elapsed": 32.239511, "delta": 0.530053}}
{"target": -10.378905425182781, "params": {"C": 50.28128734434388, "epsilon": 30.386274154922965, "gamma": 0.028896443741986452, "lamda": 0.01824617017182509}, "datetime": {"datetime": "2021-10-06 13:26:33", "elapsed": 32.78821, "delta": 0.548699}}
{"target": -10.385609634967684, "params": {"C": 73.41444770280978, "epsilon": 24.318273734223993, "gamma": 0.02976593445069322, "lamda": 0.01982877554174159}, "datetime": {"datetime": "2021-10-06 13:26:33", "elapsed": 33.335407, "delta": 0.547197}}
{"target": -10.25580496694498, "params": {"C": 20.10680143526762, "epsilon": 21.96091126722766, "gamma": 0.025200742234460616, "lamda": 0.0025985402572232014}, "datetime": {"datetime": "2021-10-06 13:26:34", "elapsed": 33.900894, "delta": 0.565487}}
{"target": -10.472876418941121, "params": {"C": 97.78671385615873, "epsilon": 23.472104446729894, "gamma": 0.039532747731971005, "lamda": 0.015879422520817015}, "datetime": {"datetime": "2021-10-06 13:26:34", "elapsed": 34.364017, "delta": 0.463123}}
{"target": -10.474243830344946, "params": {"C": 58.09219409892883, "epsilon": 14.995066797839337, "gamma": 0.034097904000161515, "lamda": 0.0018104346745921828}, "datetime": {"datetime": "2021-10-06 13:26:35", "elapsed": 35.165626, "delta": 0.801609}}
{"target": -10.492770180134267, "params": {"C": 80.7648590192228, "epsilon": 14.579557867571818, "gamma": 0.01650705117211322, "lamda": 0.01893623889810378}, "datetime": {"datetime": "2021-10-06 13:26:36", "elapsed": 35.646399, "delta": 0.480773}}
{"target": -10.439547690293645, "params": {"C": 22.266396566157685, "epsilon": 32.35232958774155, "gamma": 0.025136286057283068, "lamda": 0.01972777932613908}, "datetime": {"datetime": "2021-10-06 13:26:36", "elapsed": 36.297641, "delta": 0.651242}}
{"target": -10.192081547889142, "params": {"C": 69.52023943237766, "epsilon": 30.723527323548105, "gamma": 0.019832102870557713, "lamda": 0.007717526684625216}, "datetime": {"datetime": "2021-10-06 13:26:37", "elapsed": 36.794528, "delta": 0.496887}}
{"target": -10.406861511798455, "params": {"C": 80.93495591235718, "epsilon": 16.80056162318563, "gamma": 0.030959178397890884, "lamda": 0.008989284618952969}, "datetime": {"datetime": "2021-10-06 13:26:38", "elapsed": 37.527831, "delta": 0.733303}}
{"target": -10.48151219870152, "params": {"C": 43.321946945763294, "epsilon": 34.67850795673241, "gamma": 0.030438768042802315, "lamda": 0.018187236404883664}, "datetime": {"datetime": "2021-10-06 13:26:38", "elapsed": 38.189709, "delta": 0.661878}}
