{"target": -22.18266126594793, "params": {"C": 49.85537670581968, "epsilon": 22.08779129788367, "gamma": 0.15439715362940146, "lamda": 0.2853523992131041}, "datetime": {"datetime": "2021-10-05 11:45:33", "elapsed": 429.340664, "delta": 2.394971}}
{"target": -24.532193034080173, "params": {"C": 47.47850127704018, "epsilon": 20.579932228505736, "gamma": 0.07550432222477986, "lamda": 0.34657943834445826}, "datetime": {"datetime": "2021-10-05 11:45:36", "elapsed": 432.367039, "delta": 3.026375}}
{"target": -13.179110032016048, "params": {"C": 51.36507163337421, "epsilon": 26.745324500857972, "gamma": 0.0005, "lamda": 0.0005}, "datetime": {"datetime": "2021-10-05 11:45:40", "elapsed": 436.29774, "delta": 3.930701}}
{"target": -27.71198372542135, "params": {"C": 50.86368045148206, "epsilon": 26.638659083191456, "gamma": 0.06411623305278308, "lamda": 0.5004043049538003}, "datetime": {"datetime": "2021-10-05 11:45:42", "elapsed": 438.275506, "delta": 1.977766}}
{"target": -13.876703008337666, "params": {"C": 46.72509549952779, "epsilon": 25.08656312698457, "gamma": 0.16354063737162988, "lamda": 0.01260865037838354}, "datetime": {"datetime": "2021-10-05 11:45:44", "elapsed": 440.490396, "delta": 2.21489}}
{"target": -13.163725313177077, "params": {"C": 52.60717057298261, "epsilon": 26.784287832650392, "gamma": 0.0005, "lamda": 0.0005}, "datetime": {"datetime": "2021-10-05 11:45:47", "elapsed": 443.238725, "delta": 2.748329}}
{"target": -10.621140025905488, "params": {"C": 51.83707584856501, "epsilon": 26.012953929244496, "gamma": 0.04792533069416517, "lamda": 0.010058404879962618}, "datetime": {"datetime": "2021-10-05 11:45:48", "elapsed": 444.913667, "delta": 1.674942}}
{"target": -13.791064544559815, "params": {"C": 52.944141843034856, "epsilon": 25.009142370698978, "gamma": 0.03557215683706024, "lamda": 0.19181289794322343}, "datetime": {"datetime": "2021-10-05 11:45:52", "elapsed": 448.499689, "delta": 3.586022}}
{"target": -13.192073338017481, "params": {"C": 51.58182420705409, "epsilon": 24.591725871269965, "gamma": 0.0005, "lamda": 0.0005}, "datetime": {"datetime": "2021-10-05 11:45:55", "elapsed": 451.536362, "delta": 3.036673}}
{"target": -32.19685388355355, "params": {"C": 52.39092161867696, "epsilon": 23.694576245610843, "gamma": 0.08215767025044426, "lamda": 0.5200599384798984}, "datetime": {"datetime": "2021-10-05 11:45:57", "elapsed": 453.812531, "delta": 2.276169}}
{"target": -11.019934313662837, "params": {"C": 53.96596274008281, "epsilon": 26.148184054444343, "gamma": 0.06586611332181906, "lamda": 0.011907595269761283}, "datetime": {"datetime": "2021-10-05 11:45:59", "elapsed": 456.097766, "delta": 2.285235}}
{"target": -10.71656146367486, "params": {"C": 52.99137596184687, "epsilon": 25.951831461658312, "gamma": 0.046474373503676183, "lamda": 0.03925975300091268}, "datetime": {"datetime": "2021-10-05 11:46:01", "elapsed": 458.133077, "delta": 2.035311}}
{"target": -42.592185000644605, "params": {"C": 53.85496752407326, "epsilon": 27.11877751883513, "gamma": 0.0005, "lamda": 0.8}, "datetime": {"datetime": "2021-10-05 11:46:04", "elapsed": 460.999244, "delta": 2.866167}}
{"target": -30.931355110349614, "params": {"C": 54.73752923812629, "epsilon": 25.03119501535278, "gamma": 0.1517852873202231, "lamda": 0.4810854989102138}, "datetime": {"datetime": "2021-10-05 11:46:07", "elapsed": 463.403358, "delta": 2.404114}}
{"target": -31.348722722703858, "params": {"C": 52.31346758763247, "epsilon": 25.843894423830292, "gamma": 0.13304168677503656, "lamda": 0.5326090960725005}, "datetime": {"datetime": "2021-10-05 11:46:09", "elapsed": 465.51681, "delta": 2.113452}}
{"target": -20.265955166650418, "params": {"C": 53.766893451754854, "epsilon": 25.669179161133854, "gamma": 0.16745218848138657, "lamda": 0.25812218259586134}, "datetime": {"datetime": "2021-10-05 11:46:11", "elapsed": 467.729816, "delta": 2.213006}}
{"target": -10.508449495059951, "params": {"C": 52.09064645229443, "epsilon": 26.97653792683797, "gamma": 0.028310433951020904, "lamda": 0.02836025444931954}, "datetime": {"datetime": "2021-10-05 11:46:13", "elapsed": 469.453616, "delta": 1.7238}}
{"target": -18.134428856776697, "params": {"C": 50.37070597034499, "epsilon": 24.049362786160156, "gamma": 0.1749446994277987, "lamda": 0.18586083577151913}, "datetime": {"datetime": "2021-10-05 11:46:15", "elapsed": 471.307286, "delta": 1.85367}}
{"target": -10.507591452703288, "params": {"C": 51.11808055389843, "epsilon": 25.086012169244718, "gamma": 0.029243289135297487, "lamda": 0.02823974042613265}, "datetime": {"datetime": "2021-10-05 11:46:16", "elapsed": 473.042381, "delta": 1.735095}}
{"target": -22.95349059314411, "params": {"C": 50.27209103283663, "epsilon": 19.95997911685533, "gamma": 0.14719028213999194, "lamda": 0.2868720152437831}, "datetime": {"datetime": "2021-10-05 11:46:19", "elapsed": 475.236455, "delta": 2.194074}}
{"target": -40.23181342139816, "params": {"C": 51.19576926543661, "epsilon": 24.931006753311614, "gamma": 0.08154161469916253, "lamda": 0.6923446645680627}, "datetime": {"datetime": "2021-10-05 11:46:20", "elapsed": 477.188252, "delta": 1.951797}}
{"target": -13.552326660464924, "params": {"C": 45.6183599356537, "epsilon": 14.016524738683934, "gamma": 0.0005, "lamda": 0.0005}, "datetime": {"datetime": "2021-10-05 11:46:23", "elapsed": 479.471396, "delta": 2.283144}}
{"target": -41.589958061142895, "params": {"C": 47.85416908079669, "epsilon": 23.892939891461516, "gamma": 0.09620766389665639, "lamda": 0.6861261790459339}, "datetime": {"datetime": "2021-10-05 11:46:25", "elapsed": 481.475453, "delta": 2.004057}}
{"target": -14.734663738091507, "params": {"C": 51.202393127455274, "epsilon": 26.043427832953697, "gamma": 0.1982987338083564, "lamda": 0.02224155384083683}, "datetime": {"datetime": "2021-10-05 11:46:27", "elapsed": 483.35067, "delta": 1.875217}}
{"target": -10.255039294030011, "params": {"C": 48.48999729460067, "epsilon": 24.473984425661133, "gamma": 0.028353909714413227, "lamda": 0.0050651257143830095}, "datetime": {"datetime": "2021-10-05 11:46:29", "elapsed": 485.802436, "delta": 2.451766}}
{"target": -13.932632052333307, "params": {"C": 49.04414750353342, "epsilon": 23.938931234544047, "gamma": 0.11278222818109705, "lamda": 0.10553594173574765}, "datetime": {"datetime": "2021-10-05 11:46:31", "elapsed": 487.527011, "delta": 1.724575}}
{"target": -16.596448968170172, "params": {"C": 90.6777098866846, "epsilon": 24.181257447537906, "gamma": 0.2, "lamda": 0.0005}, "datetime": {"datetime": "2021-10-05 11:46:33", "elapsed": 489.816185, "delta": 2.289174}}
{"target": -10.608687010815384, "params": {"C": 49.25524761129896, "epsilon": 24.722833763186735, "gamma": 0.03195514670240566, "lamda": 0.0005}, "datetime": {"datetime": "2021-10-05 11:46:35", "elapsed": 491.800501, "delta": 1.984316}}
{"target": -13.888670650564972, "params": {"C": 29.28492376138584, "epsilon": 13.97397727218149, "gamma": 0.0005, "lamda": 0.0005}, "datetime": {"datetime": "2021-10-05 11:46:37", "elapsed": 494.175836, "delta": 2.375335}}
{"target": -13.555943263661128, "params": {"C": 17.41153144069131, "epsilon": 24.871504400267707, "gamma": 0.0005, "lamda": 0.0005}, "datetime": {"datetime": "2021-10-05 11:46:40", "elapsed": 496.68116, "delta": 2.505324}}
{"target": -28.649079572110107, "params": {"C": 16.35981386021875, "epsilon": 25.45968864903395, "gamma": 0.15030191883163085, "lamda": 0.4434915462159932}, "datetime": {"datetime": "2021-10-05 11:46:43", "elapsed": 499.775694, "delta": 3.094534}}
{"target": -17.46293269972174, "params": {"C": 18.129974971952105, "epsilon": 23.718570489020426, "gamma": 0.14224092555013218, "lamda": 0.1906054168893975}, "datetime": {"datetime": "2021-10-05 11:46:45", "elapsed": 502.217107, "delta": 2.441413}}
{"target": -16.362776713901848, "params": {"C": 53.367982398180956, "epsilon": 26.451794994367727, "gamma": 0.2, "lamda": 0.0005}, "datetime": {"datetime": "2021-10-05 11:46:47", "elapsed": 504.205661, "delta": 1.988554}}
{"target": -12.649771207052996, "params": {"C": 16.3343833674559, "epsilon": 23.130916805875845, "gamma": 0.02522436978200138, "lamda": 0.14134215747704829}, "datetime": {"datetime": "2021-10-05 11:46:50", "elapsed": 507.130407, "delta": 2.924746}}
{"target": -17.19931325919018, "params": {"C": 17.104511335504373, "epsilon": 23.267055290470214, "gamma": 0.12420781012896186, "lamda": 0.1983228517709161}, "datetime": {"datetime": "2021-10-05 11:46:53", "elapsed": 509.32035, "delta": 2.189943}}
{"target": -13.614616459030696, "params": {"C": 16.039585699544887, "epsilon": 21.82856753047488, "gamma": 0.0005, "lamda": 0.0005}, "datetime": {"datetime": "2021-10-05 11:46:55", "elapsed": 511.937845, "delta": 2.617495}}
{"target": -51.65036012237169, "params": {"C": 15.295835792605331, "epsilon": 22.29324523440348, "gamma": 0.12225088183975381, "lamda": 0.7570339183050734}, "datetime": {"datetime": "2021-10-05 11:46:58", "elapsed": 514.400991, "delta": 2.463146}}
{"target": -14.579815955518702, "params": {"C": 16.45981143519392, "epsilon": 23.954185813956318, "gamma": 0.030813969822636768, "lamda": 0.22267983467937522}, "datetime": {"datetime": "2021-10-05 11:47:00", "elapsed": 516.366045, "delta": 1.965054}}
{"target": -13.99778351978031, "params": {"C": 17.23351019153075, "epsilon": 21.628033932444627, "gamma": 0.09625558381505556, "lamda": 0.1254243927884372}, "datetime": {"datetime": "2021-10-05 11:47:04", "elapsed": 520.315502, "delta": 3.949457}}
{"target": -17.042052429329775, "params": {"C": 16.860932480133222, "epsilon": 20.293828162881756, "gamma": 0.14463927555715386, "lamda": 0.16634377168741643}, "datetime": {"datetime": "2021-10-05 11:47:07", "elapsed": 523.308449, "delta": 2.992947}}
{"target": -26.739719234033693, "params": {"C": 16.959801283269506, "epsilon": 22.45164131543004, "gamma": 0.18966158553830492, "lamda": 0.35567695785836984}, "datetime": {"datetime": "2021-10-05 11:47:09", "elapsed": 525.648819, "delta": 2.34037}}
{"target": -30.73202386116187, "params": {"C": 17.40997644698245, "epsilon": 24.302716193742633, "gamma": 0.15965169995180267, "lamda": 0.4556781538153144}, "datetime": {"datetime": "2021-10-05 11:47:11", "elapsed": 527.643868, "delta": 1.995049}}
{"target": -17.47766289300801, "params": {"C": 49.73488755600605, "epsilon": 25.11740934997291, "gamma": 0.16293491938136195, "lamda": 0.17825252653376833}, "datetime": {"datetime": "2021-10-05 11:47:13", "elapsed": 530.162102, "delta": 2.518234}}
{"target": -41.942645046347366, "params": {"C": 16.548639323473203, "epsilon": 21.16128855573438, "gamma": 0.0732063876504647, "lamda": 0.6148174400443879}, "datetime": {"datetime": "2021-10-05 11:47:15", "elapsed": 532.117735, "delta": 1.955633}}
{"target": -10.962033684815186, "params": {"C": 42.83344572602633, "epsilon": 22.61691850577777, "gamma": 0.04578260209700774, "lamda": 0.05490854562822103}, "datetime": {"datetime": "2021-10-05 11:47:17", "elapsed": 533.818355, "delta": 1.70062}}
{"target": -11.31677073324564, "params": {"C": 44.56371930369204, "epsilon": 28.719193166019583, "gamma": 0.08335140486852587, "lamda": 0.012072732373370901}, "datetime": {"datetime": "2021-10-05 11:47:21", "elapsed": 537.459178, "delta": 3.640823}}
{"target": -41.54812240410848, "params": {"C": 49.19033644467885, "epsilon": 24.49138741904557, "gamma": 0.05896332133396766, "lamda": 0.6746209911863911}, "datetime": {"datetime": "2021-10-05 11:47:23", "elapsed": 539.877215, "delta": 2.418037}}
{"target": -18.281007338069667, "params": {"C": 44.02585728215793, "epsilon": 28.209316900138553, "gamma": 0.07069375514060663, "lamda": 0.3146641814920198}, "datetime": {"datetime": "2021-10-05 11:47:25", "elapsed": 542.166003, "delta": 2.288788}}
{"target": -23.34839722375667, "params": {"C": 18.460509710842704, "epsilon": 20.927452852250106, "gamma": 0.10719202419111663, "lamda": 0.3251385935899421}, "datetime": {"datetime": "2021-10-05 11:47:28", "elapsed": 544.710284, "delta": 2.544281}}
{"target": -10.593940568198533, "params": {"C": 51.68698981810997, "epsilon": 25.451924825966586, "gamma": 0.032300795436946736, "lamda": 0.03419222636679882}, "datetime": {"datetime": "2021-10-05 11:47:30", "elapsed": 546.833941, "delta": 2.123657}}
{"target": -19.266923501124438, "params": {"C": 17.494090979295926, "epsilon": 13.82438859530947, "gamma": 0.13185551490363304, "lamda": 0.19862766325317377}, "datetime": {"datetime": "2021-10-05 11:47:33", "elapsed": 549.283155, "delta": 2.449214}}
{"target": -36.8363684043709, "params": {"C": 45.021354242153706, "epsilon": 28.732294560787267, "gamma": 0.014530879558294225, "lamda": 0.6804680229754709}, "datetime": {"datetime": "2021-10-05 11:47:35", "elapsed": 551.241845, "delta": 1.95869}}
{"target": -45.67612655551726, "params": {"C": 19.04121324047716, "epsilon": 12.573463124636831, "gamma": 0.1971382956223974, "lamda": 0.5573589370897473}, "datetime": {"datetime": "2021-10-05 11:47:37", "elapsed": 553.724576, "delta": 2.482731}}
{"target": -47.80799252102948, "params": {"C": 18.074254279961536, "epsilon": 15.53316453861232, "gamma": 0.15215814980788234, "lamda": 0.6147692930780883}, "datetime": {"datetime": "2021-10-05 11:47:40", "elapsed": 556.406209, "delta": 2.681633}}
{"target": -14.424320294280225, "params": {"C": 52.464363327670476, "epsilon": 27.62821036384875, "gamma": 0.0832189726544096, "lamda": 0.163571923109566}, "datetime": {"datetime": "2021-10-05 11:47:42", "elapsed": 558.71863, "delta": 2.312421}}
{"target": -37.722681620688704, "params": {"C": 48.77816007840273, "epsilon": 21.508688028642204, "gamma": 0.1652543330742503, "lamda": 0.5841108084783903}, "datetime": {"datetime": "2021-10-05 11:47:44", "elapsed": 561.216466, "delta": 2.497836}}
{"target": -11.448063035200983, "params": {"C": 51.70292190801358, "epsilon": 27.68716721882796, "gamma": 0.050273331950584844, "lamda": 0.07752985195230565}, "datetime": {"datetime": "2021-10-05 11:47:47", "elapsed": 563.367106, "delta": 2.15064}}
{"target": -13.174118909572078, "params": {"C": 52.03008316899238, "epsilon": 28.425502525990865, "gamma": 0.0005, "lamda": 0.0005}, "datetime": {"datetime": "2021-10-05 11:47:49", "elapsed": 565.481412, "delta": 2.114306}}
{"target": -12.652732859046454, "params": {"C": 16.06210699797543, "epsilon": 19.083083658453162, "gamma": 0.0655784294743674, "lamda": 0.11526073587987193}, "datetime": {"datetime": "2021-10-05 11:47:51", "elapsed": 567.736733, "delta": 2.255321}}
{"target": -31.64964793114993, "params": {"C": 51.572023648644894, "epsilon": 28.282857547044216, "gamma": 0.17023155693303083, "lamda": 0.5808322616900204}, "datetime": {"datetime": "2021-10-05 11:47:53", "elapsed": 569.531187, "delta": 1.794454}}
{"target": -32.18849349088783, "params": {"C": 15.819419534322918, "epsilon": 17.701890174439338, "gamma": 0.13414735567012084, "lamda": 0.38771578932506856}, "datetime": {"datetime": "2021-10-05 11:47:56", "elapsed": 572.456275, "delta": 2.925088}}
{"target": -11.391635527404949, "params": {"C": 16.748591883992795, "epsilon": 19.31589569908627, "gamma": 0.011065346178586392, "lamda": 0.04721773887958953}, "datetime": {"datetime": "2021-10-05 11:47:58", "elapsed": 575.140401, "delta": 2.684126}}
{"target": -12.991312442904974, "params": {"C": 53.312463651796286, "epsilon": 29.52809871032126, "gamma": 0.002975452072304467, "lamda": 0.036547775031955686}, "datetime": {"datetime": "2021-10-05 11:48:01", "elapsed": 577.568001, "delta": 2.4276}}
{"target": -13.188654947645997, "params": {"C": 52.18930401063168, "epsilon": 30.0, "gamma": 0.0005, "lamda": 0.0005}, "datetime": {"datetime": "2021-10-05 11:48:04", "elapsed": 580.399443, "delta": 2.831442}}
{"target": -30.48104479099939, "params": {"C": 54.4540359218673, "epsilon": 29.810662018373314, "gamma": 0.07259260499021207, "lamda": 0.6434007243956625}, "datetime": {"datetime": "2021-10-05 11:48:06", "elapsed": 583.223789, "delta": 2.824346}}
{"target": -14.256739656419857, "params": {"C": 52.55639817795479, "epsilon": 28.908942684707103, "gamma": 0.17405268520381742, "lamda": 0.04878668869166276}, "datetime": {"datetime": "2021-10-05 11:48:09", "elapsed": 585.32975, "delta": 2.105961}}
{"target": -57.59818885765514, "params": {"C": 16.605916292098257, "epsilon": 19.137578474911038, "gamma": 0.19136889806349497, "lamda": 0.7864563469108318}, "datetime": {"datetime": "2021-10-05 11:48:11", "elapsed": 587.474118, "delta": 2.144368}}
{"target": -24.542421916252422, "params": {"C": 52.80166570342612, "epsilon": 29.670867532735308, "gamma": 0.03888400279842308, "lamda": 0.5101636617621922}, "datetime": {"datetime": "2021-10-05 11:48:13", "elapsed": 589.485518, "delta": 2.0114}}
{"target": -13.224139364836438, "params": {"C": 48.32260056212256, "epsilon": 28.02003450696524, "gamma": 0.0005, "lamda": 0.0005}, "datetime": {"datetime": "2021-10-05 11:48:16", "elapsed": 592.920317, "delta": 3.434799}}
{"target": -11.17762682052159, "params": {"C": 15.978149413437269, "epsilon": 19.85444117781233, "gamma": 0.029369258317721324, "lamda": 0.07242108784252793}, "datetime": {"datetime": "2021-10-05 11:48:18", "elapsed": 594.759269, "delta": 1.838952}}
{"target": -13.288030323689789, "params": {"C": 15.440918962180731, "epsilon": 19.049685490669997, "gamma": 0.12755183865128808, "lamda": 0.0009017597712382403}, "datetime": {"datetime": "2021-10-05 11:48:20", "elapsed": 596.957252, "delta": 2.197983}}
{"target": -14.428354354236303, "params": {"C": 15.303851223340532, "epsilon": 20.00682805124812, "gamma": 0.17107620289263809, "lamda": 0.004253877189344068}, "datetime": {"datetime": "2021-10-05 11:48:23", "elapsed": 599.797296, "delta": 2.840044}}
{"target": -16.084993522675685, "params": {"C": 44.575786795415304, "epsilon": 29.5025766377974, "gamma": 0.2, "lamda": 0.0005}, "datetime": {"datetime": "2021-10-05 11:48:26", "elapsed": 602.403399, "delta": 2.606103}}
{"target": -11.688437680905727, "params": {"C": 20.60810828588854, "epsilon": 14.399591020970613, "gamma": 0.09219700123012099, "lamda": 0.011893748019652326}, "datetime": {"datetime": "2021-10-05 11:48:29", "elapsed": 605.51274, "delta": 3.109341}}
{"target": -40.33043960524566, "params": {"C": 20.141629741049066, "epsilon": 14.023022557496182, "gamma": 0.09654050514369969, "lamda": 0.48698463019256705}, "datetime": {"datetime": "2021-10-05 11:48:31", "elapsed": 607.512909, "delta": 2.000169}}
{"target": -16.341377106886412, "params": {"C": 21.39346267804357, "epsilon": 14.512626453124563, "gamma": 0.12336739605701313, "lamda": 0.15237120704337598}, "datetime": {"datetime": "2021-10-05 11:48:33", "elapsed": 609.630875, "delta": 2.117966}}
{"target": -15.208145214570488, "params": {"C": 20.990133632706822, "epsilon": 15.223166837802038, "gamma": 0.025584360093891617, "lamda": 0.19214723745724815}, "datetime": {"datetime": "2021-10-05 11:48:35", "elapsed": 612.151282, "delta": 2.520407}}
{"target": -35.598755671151096, "params": {"C": 51.83142925019141, "epsilon": 27.07422786035876, "gamma": 0.08007837556356023, "lamda": 0.6546944491938812}, "datetime": {"datetime": "2021-10-05 11:48:38", "elapsed": 615.088014, "delta": 2.936732}}
{"target": -13.127874568514809, "params": {"C": 53.2753179853224, "epsilon": 28.486582206656372, "gamma": 0.1274900407082772, "lamda": 0.05366457664724694}, "datetime": {"datetime": "2021-10-05 11:48:41", "elapsed": 617.705075, "delta": 2.617061}}
{"target": -13.692657265796578, "params": {"C": 80.14209282141623, "epsilon": 29.695188854308004, "gamma": 0.1565226255674085, "lamda": 0.038707742827550275}, "datetime": {"datetime": "2021-10-05 11:48:44", "elapsed": 620.693959, "delta": 2.988884}}
{"target": -27.871759997305173, "params": {"C": 92.38276148442445, "epsilon": 24.235092989630004, "gamma": 0.11955475607221877, "lamda": 0.4277148074238871}, "datetime": {"datetime": "2021-10-05 11:48:47", "elapsed": 624.050885, "delta": 3.356926}}
{"target": -11.753689814620849, "params": {"C": 18.385513611828006, "epsilon": 25.248643183747856, "gamma": 0.03294308563847727, "lamda": 0.09792819193778492}, "datetime": {"datetime": "2021-10-05 11:48:50", "elapsed": 626.828342, "delta": 2.777457}}
{"target": -13.731552886819621, "params": {"C": 13.745671501062374, "epsilon": 19.439292799490417, "gamma": 0.0005, "lamda": 0.0005}, "datetime": {"datetime": "2021-10-05 11:48:54", "elapsed": 630.446681, "delta": 3.618339}}
{"target": -16.962380689656108, "params": {"C": 12.692378809791185, "epsilon": 18.35650312627827, "gamma": 0.0733621402482886, "lamda": 0.21685195505955354}, "datetime": {"datetime": "2021-10-05 11:48:57", "elapsed": 633.696051, "delta": 3.24937}}
{"target": -21.18465663388628, "params": {"C": 17.671272433822796, "epsilon": 25.466207170494297, "gamma": 0.18637640258227928, "lamda": 0.2695745750532917}, "datetime": {"datetime": "2021-10-05 11:48:59", "elapsed": 636.053532, "delta": 2.357481}}
{"target": -11.154827147323417, "params": {"C": 18.567906316098448, "epsilon": 24.562927560146644, "gamma": 0.08397429418924784, "lamda": 0.011714537388895122}, "datetime": {"datetime": "2021-10-05 11:49:02", "elapsed": 638.655314, "delta": 2.601782}}
{"target": -13.80895316526581, "params": {"C": 12.41319907266641, "epsilon": 19.89758711486313, "gamma": 0.0005, "lamda": 0.0005}, "datetime": {"datetime": "2021-10-05 11:49:05", "elapsed": 641.942159, "delta": 3.286845}}
{"target": -14.71626115161209, "params": {"C": 11.072732245551936, "epsilon": 19.14660692729551, "gamma": 0.19612565752076358, "lamda": 0.028841926384334218}, "datetime": {"datetime": "2021-10-05 11:49:08", "elapsed": 645.00218, "delta": 3.060021}}
{"target": -10.65172785527085, "params": {"C": 19.067308011306167, "epsilon": 24.950335149962754, "gamma": 0.05403143808099249, "lamda": 0.016901510690483724}, "datetime": {"datetime": "2021-10-05 11:49:11", "elapsed": 647.500196, "delta": 2.498016}}
{"target": -56.30533060731005, "params": {"C": 11.291895940920057, "epsilon": 20.36162089423835, "gamma": 0.2, "lamda": 0.8}, "datetime": {"datetime": "2021-10-05 11:49:13", "elapsed": 650.148324, "delta": 2.648128}}
