{"target": -10.45764123576383, "params": {"C": 66.12216295019604, "epsilon": 25.27316326247319, "gamma": 0.03592915502989819, "lamda": 0.004300980113954441}, "datetime": {"datetime": "2021-10-06 13:26:39", "elapsed": 38.778415, "delta": 0.588706}}
{"target": -10.536290695798877, "params": {"C": 56.29314531366419, "epsilon": 18.031542048286095, "gamma": 0.03511589165796442, "lamda": 0.019793916615339063}, "datetime": {"datetime": "2021-10-06 13:26:39", "elapsed": 39.383447, "delta": 0.605032}}
{"target": -10.493943587351119, "params": {"C": 80.96999676915439, "epsilon": 19.590583033905993, "gamma": 0.03350808271833573, "lamda": 0.014339796247454515}, "datetime": {"datetime": "2021-10-06 13:26:40", "elapsed": 39.918554, "delta": 0.535107}}
{"target": -10.317680790055324, "params": {"C": 99.90756233953711, "epsilon": 24.620017611279778, "gamma": 0.024255229796859845, "lamda": 0.017733082345177776}, "datetime": {"datetime": "2021-10-06 13:26:41", "elapsed": 40.510802, "delta": 0.592248}}
{"target": -10.677954962927688, "params": {"C": 99.33635315630221, "epsilon": 16.661592516389813, "gamma": 0.011322343014990592, "lamda": 0.01102449837857849}, "datetime": {"datetime": "2021-10-06 13:26:41", "elapsed": 41.158027, "delta": 0.647225}}
{"target": -10.524210234117533, "params": {"C": 59.141736247909705, "epsilon": 10.870767408517317, "gamma": 0.03515545937722632, "lamda": 0.010898738923034506}, "datetime": {"datetime": "2021-10-06 13:26:42", "elapsed": 41.714909, "delta": 0.556882}}
{"target": -10.245941891695558, "params": {"C": 17.164103834549167, "epsilon": 13.792802609151085, "gamma": 0.029300877099207263, "lamda": 0.003973265099657256}, "datetime": {"datetime": "2021-10-06 13:26:42", "elapsed": 42.390744, "delta": 0.675835}}
{"target": -10.578060704495673, "params": {"C": 95.56836821953576, "epsilon": 29.15463183735955, "gamma": 0.03999156172700439, "lamda": 0.00686014852665096}, "datetime": {"datetime": "2021-10-06 13:26:43", "elapsed": 42.943363, "delta": 0.552619}}
{"target": -10.263664375973079, "params": {"C": 9.370676183563036, "epsilon": 16.071604214941296, "gamma": 0.02035253229361858, "lamda": 0.00190930876524485}, "datetime": {"datetime": "2021-10-06 13:26:44", "elapsed": 43.667127, "delta": 0.723764}}
{"target": -10.360674730913095, "params": {"C": 24.149315239112475, "epsilon": 15.513670469140575, "gamma": 0.03443258575203958, "lamda": 0.014909215013006257}, "datetime": {"datetime": "2021-10-06 13:26:44", "elapsed": 44.319551, "delta": 0.652424}}
{"target": -10.378464623029519, "params": {"C": 55.093465450880515, "epsilon": 30.201782584556373, "gamma": 0.03369998893110139, "lamda": 0.012935750167005272}, "datetime": {"datetime": "2021-10-06 13:26:45", "elapsed": 44.883806, "delta": 0.564255}}
{"target": -10.310071113113018, "params": {"C": 91.78406900046171, "epsilon": 27.96153012728107, "gamma": 0.025964133067004097, "lamda": 0.009342951211252455}, "datetime": {"datetime": "2021-10-06 13:26:46", "elapsed": 45.574235, "delta": 0.690429}}
{"target": -10.617599199969396, "params": {"C": 11.569221044801541, "epsilon": 34.38674001141602, "gamma": 0.038120245170306245, "lamda": 0.005700735870933076}, "datetime": {"datetime": "2021-10-06 13:26:46", "elapsed": 46.354714, "delta": 0.780479}}
{"target": -10.492759680727294, "params": {"C": 86.75891345406374, "epsilon": 17.799802429241787, "gamma": 0.030337600561394375, "lamda": 0.017891459269403765}, "datetime": {"datetime": "2021-10-06 13:26:47", "elapsed": 47.037588, "delta": 0.682874}}
{"target": -10.19746455310733, "params": {"C": 24.221234459729533, "epsilon": 30.040479979468643, "gamma": 0.02307342918591556, "lamda": 0.006450195712649086}, "datetime": {"datetime": "2021-10-06 13:26:48", "elapsed": 47.686171, "delta": 0.648583}}
{"target": -10.312497625452409, "params": {"C": 62.39139832575541, "epsilon": 27.251571036591205, "gamma": 0.02956673777699651, "lamda": 0.008418861575362995}, "datetime": {"datetime": "2021-10-06 13:26:48", "elapsed": 48.393607, "delta": 0.707436}}
{"target": -10.396359090233258, "params": {"C": 22.850784810404427, "epsilon": 12.44237119387476, "gamma": 0.02732517430232812, "lamda": 0.018048592885924187}, "datetime": {"datetime": "2021-10-06 13:26:49", "elapsed": 48.977063, "delta": 0.583456}}
{"target": -10.237569709598878, "params": {"C": 31.188103611100622, "epsilon": 19.823389979787454, "gamma": 0.027045118003708526, "lamda": 0.002568793075671093}, "datetime": {"datetime": "2021-10-06 13:26:50", "elapsed": 49.845795, "delta": 0.868732}}
{"target": -10.234822321087481, "params": {"C": 36.867262886817585, "epsilon": 19.481350572836504, "gamma": 0.016114580917876802, "lamda": 0.012254554214233123}, "datetime": {"datetime": "2021-10-06 13:26:50", "elapsed": 50.445709, "delta": 0.599914}}
{"target": -10.340899553915055, "params": {"C": 77.46040566655005, "epsilon": 26.458071952973253, "gamma": 0.018969431989378685, "lamda": 0.013788672619362416}, "datetime": {"datetime": "2021-10-06 13:26:51", "elapsed": 51.099555, "delta": 0.653846}}
{"target": -10.66945592554561, "params": {"C": 75.79244756110822, "epsilon": 12.950005211000226, "gamma": 0.010323653811505223, "lamda": 0.011876396604659414}, "datetime": {"datetime": "2021-10-06 13:26:52", "elapsed": 51.727822, "delta": 0.628267}}
{"target": -10.306788645055065, "params": {"C": 95.74359427997372, "epsilon": 25.834318765352847, "gamma": 0.02374687027120657, "lamda": 0.016344137661337504}, "datetime": {"datetime": "2021-10-06 13:26:52", "elapsed": 52.371436, "delta": 0.643614}}
{"target": -10.33375176308967, "params": {"C": 40.87045057541227, "epsilon": 32.46981685205182, "gamma": 0.021784159802880815, "lamda": 0.015040731332285003}, "datetime": {"datetime": "2021-10-06 13:26:53", "elapsed": 52.937462, "delta": 0.566026}}
{"target": -10.346224097160352, "params": {"C": 27.64763972782679, "epsilon": 33.82971698850918, "gamma": 0.0391080276753192, "lamda": 0.010871338220620166}, "datetime": {"datetime": "2021-10-06 13:26:54", "elapsed": 53.653304, "delta": 0.715842}}
{"target": -10.205347678124978, "params": {"C": 56.513013842944716, "epsilon": 25.674496168267982, "gamma": 0.024940059158197303, "lamda": 0.0038171168250905408}, "datetime": {"datetime": "2021-10-06 13:26:54", "elapsed": 54.413094, "delta": 0.75979}}
{"target": -10.357622450694274, "params": {"C": 15.46387138224527, "epsilon": 22.17907729520845, "gamma": 0.03722390399836683, "lamda": 0.005922086223777105}, "datetime": {"datetime": "2021-10-06 13:26:55", "elapsed": 55.236472, "delta": 0.823378}}
{"target": -10.338408231514794, "params": {"C": 73.50247260562209, "epsilon": 32.92507321453198, "gamma": 0.029252456838748678, "lamda": 0.004691205363426057}, "datetime": {"datetime": "2021-10-06 13:26:56", "elapsed": 56.002997, "delta": 0.766525}}
{"target": -10.2371275485565, "params": {"C": 71.97601606748482, "epsilon": 22.228152731441725, "gamma": 0.024782106817658765, "lamda": 0.0041175955751302845}, "datetime": {"datetime": "2021-10-06 13:26:57", "elapsed": 56.625528, "delta": 0.622531}}
{"target": -10.362214919322495, "params": {"C": 45.128659890029894, "epsilon": 28.00290377224392, "gamma": 0.035193938891426885, "lamda": 0.00843764274152182}, "datetime": {"datetime": "2021-10-06 13:26:57", "elapsed": 57.367469, "delta": 0.741941}}
{"target": -10.559142005145922, "params": {"C": 92.93074775209777, "epsilon": 28.01242438328702, "gamma": 0.014952369840488436, "lamda": 0.013321287285912559}, "datetime": {"datetime": "2021-10-06 13:26:58", "elapsed": 58.028457, "delta": 0.660988}}
{"target": -10.418599632973027, "params": {"C": 51.91585194758073, "epsilon": 22.744672602120637, "gamma": 0.015722661209912222, "lamda": 0.013424613737298101}, "datetime": {"datetime": "2021-10-06 13:26:59", "elapsed": 58.785562, "delta": 0.757105}}
{"target": -10.503461636135752, "params": {"C": 23.498377984829922, "epsilon": 31.87374130747458, "gamma": 0.010158030158547951, "lamda": 0.0025765048138375736}, "datetime": {"datetime": "2021-10-06 13:27:00", "elapsed": 59.502173, "delta": 0.716611}}
{"target": -10.427593591850327, "params": {"C": 52.287491827670735, "epsilon": 16.336729557218387, "gamma": 0.028676319378151627, "lamda": 0.016549330846855198}, "datetime": {"datetime": "2021-10-06 13:27:00", "elapsed": 60.097983, "delta": 0.59581}}
{"target": -10.19482669547701, "params": {"C": 27.685505991212086, "epsilon": 17.653528684976404, "gamma": 0.024387254629280805, "lamda": 0.002748197020774767}, "datetime": {"datetime": "2021-10-06 13:27:01", "elapsed": 60.798213, "delta": 0.70023}}
{"target": -10.32505235555469, "params": {"C": 38.72490570632231, "epsilon": 12.651578222149595, "gamma": 0.020714827122526147, "lamda": 0.018396114603088435}, "datetime": {"datetime": "2021-10-06 13:27:02", "elapsed": 61.591596, "delta": 0.793383}}
{"target": -10.449080577711733, "params": {"C": 28.368889898994155, "epsilon": 15.067508969577736, "gamma": 0.03395513090872641, "lamda": 0.01716194870160601}, "datetime": {"datetime": "2021-10-06 13:27:02", "elapsed": 62.22954, "delta": 0.637944}}
{"target": -10.285961461154402, "params": {"C": 19.980159511522466, "epsilon": 21.501253937112036, "gamma": 0.023312214095958184, "lamda": 0.0013052648136280861}, "datetime": {"datetime": "2021-10-06 13:27:03", "elapsed": 63.07716, "delta": 0.84762}}
{"target": -10.230263137882822, "params": {"C": 66.1281536567732, "epsilon": 29.97631486535424, "gamma": 0.018669893073636454, "lamda": 0.008794381918696078}, "datetime": {"datetime": "2021-10-06 13:27:04", "elapsed": 63.738937, "delta": 0.661777}}
{"target": -10.328701272720743, "params": {"C": 44.84307963229636, "epsilon": 17.983253661693723, "gamma": 0.029884154624530167, "lamda": 0.011364087436857719}, "datetime": {"datetime": "2021-10-06 13:27:05", "elapsed": 64.501784, "delta": 0.762847}}
{"target": -10.366692994291924, "params": {"C": 44.60732759736686, "epsilon": 31.970846493758714, "gamma": 0.01841241694320908, "lamda": 0.013040951217164577}, "datetime": {"datetime": "2021-10-06 13:27:05", "elapsed": 65.245074, "delta": 0.74329}}
{"target": -10.362095223460296, "params": {"C": 66.47933642842371, "epsilon": 31.771115165065975, "gamma": 0.026549931614337406, "lamda": 0.01584920821800238}, "datetime": {"datetime": "2021-10-06 13:27:06", "elapsed": 66.01254, "delta": 0.767466}}
{"target": -10.212367810161071, "params": {"C": 22.311527622527578, "epsilon": 21.614493789712917, "gamma": 0.024495114545382824, "lamda": 0.005273254551951951}, "datetime": {"datetime": "2021-10-06 13:27:07", "elapsed": 66.707154, "delta": 0.694614}}
{"target": -10.161880023974424, "params": {"C": 21.91281945219507, "epsilon": 24.95035222103073, "gamma": 0.023043507178997478, "lamda": 0.011542063201873618}, "datetime": {"datetime": "2021-10-06 13:27:07", "elapsed": 67.38503, "delta": 0.677876}}
{"target": -10.353480822437275, "params": {"C": 14.068495161732676, "epsilon": 12.398636073855032, "gamma": 0.019416535577378727, "lamda": 0.018436551024660113}, "datetime": {"datetime": "2021-10-06 13:27:08", "elapsed": 68.216629, "delta": 0.831599}}
{"target": -10.42097493375767, "params": {"C": 88.98906544518347, "epsilon": 33.07510078676201, "gamma": 0.025876710457247903, "lamda": 0.01816483461171869}, "datetime": {"datetime": "2021-10-06 13:27:09", "elapsed": 69.003995, "delta": 0.787366}}
{"target": -10.237617633235999, "params": {"C": 59.428183766066965, "epsilon": 32.146685369000586, "gamma": 0.02355017467774129, "lamda": 0.009375406960325293}, "datetime": {"datetime": "2021-10-06 13:27:10", "elapsed": 69.706163, "delta": 0.702168}}
{"target": -10.508239040961536, "params": {"C": 17.386499603401006, "epsilon": 27.38104135101407, "gamma": 0.019365545152528453, "lamda": 0.0005425908528773556}, "datetime": {"datetime": "2021-10-06 13:27:11", "elapsed": 70.867844, "delta": 1.161681}}
{"target": -10.325048949574622, "params": {"C": 78.30042125749256, "epsilon": 22.857099682629777, "gamma": 0.027356152167245316, "lamda": 0.007443142310620195}, "datetime": {"datetime": "2021-10-06 13:27:12", "elapsed": 71.582439, "delta": 0.714595}}
{"target": -10.426600151203406, "params": {"C": 20.2259757515486, "epsilon": 12.042244842194988, "gamma": 0.03798172640182052, "lamda": 0.007328646182660653}, "datetime": {"datetime": "2021-10-06 13:27:12", "elapsed": 72.393513, "delta": 0.811074}}
{"target": -10.301679862305766, "params": {"C": 11.898553404446226, "epsilon": 15.646365169657745, "gamma": 0.03814534087204647, "lamda": 0.011957993861072}, "datetime": {"datetime": "2021-10-06 13:27:13", "elapsed": 73.113301, "delta": 0.719788}}
{"target": -10.35359572908678, "params": {"C": 60.36193538704988, "epsilon": 30.271239787409534, "gamma": 0.029157472454116803, "lamda": 0.01676027385723761}, "datetime": {"datetime": "2021-10-06 13:27:14", "elapsed": 74.01173, "delta": 0.898429}}
{"target": -10.34726696321198, "params": {"C": 59.264233645714796, "epsilon": 29.785734137238336, "gamma": 0.030461754620386174, "lamda": 0.012564694657719262}, "datetime": {"datetime": "2021-10-06 13:27:15", "elapsed": 74.812105, "delta": 0.800375}}
{"target": -10.291829673771428, "params": {"C": 28.81411560311677, "epsilon": 28.806841001326717, "gamma": 0.03479243028196561, "lamda": 0.01250583547844466}, "datetime": {"datetime": "2021-10-06 13:27:16", "elapsed": 75.593507, "delta": 0.781402}}
{"target": -10.259483342900557, "params": {"C": 9.89975067270511, "epsilon": 17.18579433287831, "gamma": 0.021310398116926317, "lamda": 0.011217213405444152}, "datetime": {"datetime": "2021-10-06 13:27:16", "elapsed": 76.397906, "delta": 0.804399}}
{"target": -10.48099115959273, "params": {"C": 36.86935256800325, "epsilon": 27.787121413364922, "gamma": 0.01708688541790334, "lamda": 0.017270610029378176}, "datetime": {"datetime": "2021-10-06 13:27:17", "elapsed": 77.188159, "delta": 0.790253}}
{"target": -10.382834802507904, "params": {"C": 59.40682378062698, "epsilon": 25.2452959872209, "gamma": 0.0307217575082361, "lamda": 0.014450361002064269}, "datetime": {"datetime": "2021-10-06 13:27:18", "elapsed": 77.870799, "delta": 0.68264}}
{"target": -10.518785678968229, "params": {"C": 97.27181744559901, "epsilon": 21.701321983096292, "gamma": 0.039078682421811735, "lamda": 0.015436006377446425}, "datetime": {"datetime": "2021-10-06 13:27:19", "elapsed": 78.743233, "delta": 0.872434}}
{"target": -10.405157698842734, "params": {"C": 74.30364251202666, "epsilon": 25.69274847580549, "gamma": 0.03516412284615233, "lamda": 0.015213058921544205}, "datetime": {"datetime": "2021-10-06 13:27:19", "elapsed": 79.414509, "delta": 0.671276}}
{"target": -10.587945922084998, "params": {"C": 74.39348387023713, "epsilon": 16.19684591367211, "gamma": 0.03228945088108177, "lamda": 0.0010601403091758668}, "datetime": {"datetime": "2021-10-06 13:27:20", "elapsed": 80.414705, "delta": 1.000196}}
{"target": -10.758569092688864, "params": {"C": 91.04113829009641, "epsilon": 17.202246303351203, "gamma": 0.011655214387414122, "lamda": 0.01870412409967129}, "datetime": {"datetime": "2021-10-06 13:27:21", "elapsed": 81.181176, "delta": 0.766471}}
{"target": -10.529884763013603, "params": {"C": 79.22000789569387, "epsilon": 18.252199222364766, "gamma": 0.01610607698515279, "lamda": 0.018896965249231325}, "datetime": {"datetime": "2021-10-06 13:27:22", "elapsed": 81.981504, "delta": 0.800328}}
{"target": -10.380384866497185, "params": {"C": 76.12434830241988, "epsilon": 25.693876087785554, "gamma": 0.031064767362275952, "lamda": 0.018518870202963528}, "datetime": {"datetime": "2021-10-06 13:27:23", "elapsed": 82.82914, "delta": 0.847636}}
{"target": -10.409124580730452, "params": {"C": 41.50196924507132, "epsilon": 10.916640837317297, "gamma": 0.011927425648095475, "lamda": 0.004469039978195756}, "datetime": {"datetime": "2021-10-06 13:27:24", "elapsed": 83.657421, "delta": 0.828281}}
{"target": -10.186749037548216, "params": {"C": 81.46325497160241, "epsilon": 17.82394267816607, "gamma": 0.021280407597467736, "lamda": 0.005351774187148984}, "datetime": {"datetime": "2021-10-06 13:27:25", "elapsed": 84.47102, "delta": 0.813599}}
{"target": -10.248441209337877, "params": {"C": 21.29627318748263, "epsilon": 28.887947330549363, "gamma": 0.03351487370006092, "lamda": 0.010577990981140505}, "datetime": {"datetime": "2021-10-06 13:27:25", "elapsed": 85.247463, "delta": 0.776443}}
{"target": -10.203887212253166, "params": {"C": 46.408031551926506, "epsilon": 20.3774096585083, "gamma": 0.026636352596923027, "lamda": 0.004001115148765488}, "datetime": {"datetime": "2021-10-06 13:27:26", "elapsed": 86.319486, "delta": 1.072023}}
{"target": -10.707452489297244, "params": {"C": 66.71685772324068, "epsilon": 12.383920792541634, "gamma": 0.012086164995058579, "lamda": 0.019029792182401126}, "datetime": {"datetime": "2021-10-06 13:27:27", "elapsed": 86.988653, "delta": 0.669167}}
{"target": -10.458532345922084, "params": {"C": 54.86834557092431, "epsilon": 12.147331222992612, "gamma": 0.012216181034153055, "lamda": 0.010725309778317108}, "datetime": {"datetime": "2021-10-06 13:27:28", "elapsed": 87.78944, "delta": 0.800787}}
{"target": -10.464493614950511, "params": {"C": 46.273335178924896, "epsilon": 22.390746520139608, "gamma": 0.030032234401931472, "lamda": 0.0007805116116758237}, "datetime": {"datetime": "2021-10-06 13:27:29", "elapsed": 88.615589, "delta": 0.826149}}
{"target": -10.13481592783805, "params": {"C": 48.94604877546072, "epsilon": 28.166497136914867, "gamma": 0.018960325126843786, "lamda": 0.0073671055472544055}, "datetime": {"datetime": "2021-10-06 13:27:29", "elapsed": 89.303396, "delta": 0.687807}}
{"target": -10.295531007343731, "params": {"C": 41.76269003084283, "epsilon": 25.02547072836046, "gamma": 0.03286444256711953, "lamda": 0.007608473036881047}, "datetime": {"datetime": "2021-10-06 13:27:30", "elapsed": 90.024285, "delta": 0.720889}}
{"target": -10.405639918209001, "params": {"C": 44.17977153809811, "epsilon": 14.413910118884676, "gamma": 0.025054539641085366, "lamda": 0.018587683545037093}, "datetime": {"datetime": "2021-10-06 13:27:31", "elapsed": 90.832846, "delta": 0.808561}}
{"target": -10.87019284561948, "params": {"C": 55.75246959167497, "epsilon": 18.96928679209463, "gamma": 0.039491617980777875, "lamda": 0.0007780524884012652}, "datetime": {"datetime": "2021-10-06 13:27:32", "elapsed": 91.603707, "delta": 0.770861}}
{"target": -10.31310707902169, "params": {"C": 58.043677639055645, "epsilon": 14.525951229559006, "gamma": 0.0285514298824801, "lamda": 0.0018141619191919085}, "datetime": {"datetime": "2021-10-06 13:27:32", "elapsed": 92.429576, "delta": 0.825869}}
{"target": -10.254272654167181, "params": {"C": 41.260936387250744, "epsilon": 14.959201917749962, "gamma": 0.01883541902410616, "lamda": 0.015574603969640475}, "datetime": {"datetime": "2021-10-06 13:27:33", "elapsed": 93.368387, "delta": 0.938811}}
{"target": -10.187931803722227, "params": {"C": 36.67888468682401, "epsilon": 19.352068611128267, "gamma": 0.019290314366863515, "lamda": 0.011081156692218054}, "datetime": {"datetime": "2021-10-06 13:27:34", "elapsed": 94.148572, "delta": 0.780185}}
{"target": -10.788882832848232, "params": {"C": 5.336204875111795, "epsilon": 31.524765076880506, "gamma": 0.035640427177270416, "lamda": 0.005130719208732561}, "datetime": {"datetime": "2021-10-06 13:27:35", "elapsed": 95.18197, "delta": 1.033398}}
{"target": -10.683542396419499, "params": {"C": 14.299651027070215, "epsilon": 25.904152324616657, "gamma": 0.011819314902905692, "lamda": 0.019411039036495454}, "datetime": {"datetime": "2021-10-06 13:27:36", "elapsed": 96.081075, "delta": 0.899105}}
{"target": -10.522351112727101, "params": {"C": 5.983214398406032, "epsilon": 17.854997641770872, "gamma": 0.014996087460373436, "lamda": 0.0007935430453950683}, "datetime": {"datetime": "2021-10-06 13:27:37", "elapsed": 97.056108, "delta": 0.975033}}
{"target": -10.413301907003019, "params": {"C": 98.13042261850998, "epsilon": 15.039972903410497, "gamma": 0.017054731285243447, "lamda": 0.013226944276205894}, "datetime": {"datetime": "2021-10-06 13:27:38", "elapsed": 97.832014, "delta": 0.775906}}
{"target": -10.262908757197286, "params": {"C": 24.92991365941123, "epsilon": 13.829277053727676, "gamma": 0.029533620182194652, "lamda": 0.007391891588406317}, "datetime": {"datetime": "2021-10-06 13:27:39", "elapsed": 98.57382, "delta": 0.741806}}
{"target": -10.384284978958897, "params": {"C": 87.34021225664765, "epsilon": 24.67706905387626, "gamma": 0.030693251814005874, "lamda": 0.0106679069588943}, "datetime": {"datetime": "2021-10-06 13:27:40", "elapsed": 99.764935, "delta": 1.191115}}
{"target": -10.257582566942059, "params": {"C": 62.72098698138677, "epsilon": 27.18046422426346, "gamma": 0.02534068636230348, "lamda": 0.00925497217647815}, "datetime": {"datetime": "2021-10-06 13:27:41", "elapsed": 100.616285, "delta": 0.85135}}
{"target": -10.744933945936094, "params": {"C": 68.4998100505475, "epsilon": 20.037798933891207, "gamma": 0.012170877931941203, "lamda": 0.018572961616354595}, "datetime": {"datetime": "2021-10-06 13:27:42", "elapsed": 101.470239, "delta": 0.853954}}
{"target": -10.507678826920609, "params": {"C": 83.21827038441324, "epsilon": 20.070704286523373, "gamma": 0.01626000663341766, "lamda": 0.016974729061803834}, "datetime": {"datetime": "2021-10-06 13:27:42", "elapsed": 102.393834, "delta": 0.923595}}
{"target": -10.368457844175255, "params": {"C": 99.56664744734044, "epsilon": 13.038581623357526, "gamma": 0.02182875230699861, "lamda": 0.010299274251715819}, "datetime": {"datetime": "2021-10-06 13:27:43", "elapsed": 103.444451, "delta": 1.050617}}
{"target": -10.455324840206739, "params": {"C": 48.487078676903025, "epsilon": 29.640471981615583, "gamma": 0.019618563879947294, "lamda": 0.01884210341264837}, "datetime": {"datetime": "2021-10-06 13:27:45", "elapsed": 104.493377, "delta": 1.048926}}
