{"target": -10.847400732313673, "params": {"C": 18.094984865786984, "epsilon": 29.66170967648733, "gamma": 0.07302802992596873, "lamda": 0.02609217167920716}, "datetime": {"datetime": "2021-10-05 12:34:32", "elapsed": 24.494645, "delta": 0.480773}}
{"target": -10.039282303192396, "params": {"C": 33.056589242657594, "epsilon": 25.807108370856216, "gamma": 0.0697124417085237, "lamda": 0.005588523033676445}, "datetime": {"datetime": "2021-10-05 12:34:32", "elapsed": 25.081398, "delta": 0.586753}}
{"target": -10.653618789938486, "params": {"C": 26.633437167253472, "epsilon": 21.92092978574904, "gamma": 0.034386603778925016, "lamda": 0.01727827337372955}, "datetime": {"datetime": "2021-10-05 12:34:33", "elapsed": 25.599179, "delta": 0.517781}}
{"target": -10.68149544632941, "params": {"C": 68.79683251584547, "epsilon": 27.666598619234495, "gamma": 0.03472412476700171, "lamda": 0.014093415890873108}, "datetime": {"datetime": "2021-10-05 12:34:33", "elapsed": 26.102689, "delta": 0.50351}}
{"target": -10.67311368896938, "params": {"C": 96.76849907538852, "epsilon": 24.077801246800266, "gamma": 0.042123429535591256, "lamda": 0.019857547218701747}, "datetime": {"datetime": "2021-10-05 12:34:34", "elapsed": 26.635623, "delta": 0.532934}}
{"target": -10.724417253220013, "params": {"C": 80.22372299679066, "epsilon": 29.73118004575178, "gamma": 0.0426967267173102, "lamda": 0.019542333401720433}, "datetime": {"datetime": "2021-10-05 12:34:34", "elapsed": 27.109325, "delta": 0.473702}}
{"target": -10.171923507151831, "params": {"C": 53.57652984087632, "epsilon": 16.549611425195287, "gamma": 0.053502582704668844, "lamda": 0.010598630740499678}, "datetime": {"datetime": "2021-10-05 12:34:35", "elapsed": 27.598339, "delta": 0.489014}}
{"target": -10.39068157806023, "params": {"C": 16.851385409736814, "epsilon": 20.446344136540542, "gamma": 0.05971804472153222, "lamda": 0.01447790265513226}, "datetime": {"datetime": "2021-10-05 12:34:35", "elapsed": 28.129691, "delta": 0.531352}}
{"target": -10.671069755329949, "params": {"C": 42.309107461592184, "epsilon": 10.118798893634382, "gamma": 0.08746207024536347, "lamda": 0.013711138135184096}, "datetime": {"datetime": "2021-10-05 12:34:36", "elapsed": 28.649742, "delta": 0.520051}}
{"target": -10.827472936448638, "params": {"C": 30.962695353875464, "epsilon": 24.636807466690485, "gamma": 0.034102003202005265, "lamda": 0.020587967220615632}, "datetime": {"datetime": "2021-10-05 12:34:36", "elapsed": 29.135093, "delta": 0.485351}}
{"target": -10.497041888452104, "params": {"C": 93.99328254404985, "epsilon": 11.321531479777358, "gamma": 0.07047973410697615, "lamda": 0.015929282039694202}, "datetime": {"datetime": "2021-10-05 12:34:37", "elapsed": 29.626017, "delta": 0.490924}}
{"target": -11.019574339766598, "params": {"C": 79.0162897853551, "epsilon": 24.80449565147172, "gamma": 0.0805505625840376, "lamda": 0.00190497733945881}, "datetime": {"datetime": "2021-10-05 12:34:37", "elapsed": 30.129886, "delta": 0.503869}}
{"target": -10.80368294549591, "params": {"C": 19.00579237184181, "epsilon": 14.214772305744258, "gamma": 0.09667646315285015, "lamda": 0.014786952457518904}, "datetime": {"datetime": "2021-10-05 12:34:38", "elapsed": 30.647796, "delta": 0.51791}}
{"target": -10.622285712147296, "params": {"C": 79.22924622060867, "epsilon": 13.755799615504687, "gamma": 0.043261645355595804, "lamda": 0.021433098288661495}, "datetime": {"datetime": "2021-10-05 12:34:38", "elapsed": 31.138401, "delta": 0.490605}}
{"target": -10.679910250144454, "params": {"C": 78.72198860139767, "epsilon": 17.95926449756865, "gamma": 0.08486989109597606, "lamda": 0.00703868095501277}, "datetime": {"datetime": "2021-10-05 12:34:39", "elapsed": 31.662903, "delta": 0.524502}}
{"target": -11.197397111488664, "params": {"C": 86.12907464007839, "epsilon": 14.659339880582982, "gamma": 0.09412250370780814, "lamda": 0.027085114234133366}, "datetime": {"datetime": "2021-10-05 12:34:39", "elapsed": 32.141937, "delta": 0.479034}}
{"target": -10.995393492654852, "params": {"C": 19.774727879765592, "epsilon": 27.289751460980483, "gamma": 0.03914575534256277, "lamda": 0.02770909680601121}, "datetime": {"datetime": "2021-10-05 12:34:40", "elapsed": 32.614696, "delta": 0.472759}}
{"target": -10.771968131772647, "params": {"C": 47.942130340839014, "epsilon": 25.249112636773205, "gamma": 0.08726754370799232, "lamda": 0.016108728749253204}, "datetime": {"datetime": "2021-10-05 12:34:40", "elapsed": 33.126604, "delta": 0.511908}}
{"target": -10.933871630798482, "params": {"C": 63.423431804956635, "epsilon": 28.418630170991854, "gamma": 0.028111846962235766, "lamda": 0.017291351902783893}, "datetime": {"datetime": "2021-10-05 12:34:41", "elapsed": 33.706845, "delta": 0.580241}}
{"target": -10.244049833886562, "params": {"C": 25.095325902268144, "epsilon": 29.04299883399158, "gamma": 0.0621839982928276, "lamda": 0.011144630406749866}, "datetime": {"datetime": "2021-10-05 12:34:41", "elapsed": 34.217357, "delta": 0.510512}}
{"target": -10.748962054228077, "params": {"C": 10.00390487585111, "epsilon": 27.8342569266798, "gamma": 0.09570043277953985, "lamda": 0.009172693085003823}, "datetime": {"datetime": "2021-10-05 12:34:42", "elapsed": 34.775469, "delta": 0.558112}}
{"target": -10.350027634344256, "params": {"C": 71.0623057312209, "epsilon": 13.579360710892548, "gamma": 0.05340572832050383, "lamda": 0.0150330123300333}, "datetime": {"datetime": "2021-10-05 12:34:43", "elapsed": 35.326482, "delta": 0.551013}}
{"target": -10.776135685349645, "params": {"C": 75.1744560472632, "epsilon": 15.26428914720465, "gamma": 0.07254106820032105, "lamda": 0.020379377184191222}, "datetime": {"datetime": "2021-10-05 12:34:43", "elapsed": 35.921797, "delta": 0.595315}}
{"target": -10.875152603043192, "params": {"C": 45.2755477371913, "epsilon": 10.16524228019792, "gamma": 0.023631885435967545, "lamda": 0.018564871959433942}, "datetime": {"datetime": "2021-10-05 12:34:44", "elapsed": 36.38966, "delta": 0.467863}}
{"target": -11.375190442683424, "params": {"C": 44.513557845902554, "epsilon": 22.688286919164803, "gamma": 0.02277807027766567, "lamda": 0.028689747208604836}, "datetime": {"datetime": "2021-10-05 12:34:44", "elapsed": 36.921169, "delta": 0.531509}}
{"target": -11.19168317276142, "params": {"C": 42.73996766921, "epsilon": 24.30740709482033, "gamma": 0.028730487140727217, "lamda": 0.027495994414017337}, "datetime": {"datetime": "2021-10-05 12:34:45", "elapsed": 37.405467, "delta": 0.484298}}
{"target": -10.172718392522933, "params": {"C": 33.05001008416835, "epsilon": 21.71207984713925, "gamma": 0.04078528170999778, "lamda": 0.0052626016367199515}, "datetime": {"datetime": "2021-10-05 12:34:45", "elapsed": 37.979528, "delta": 0.574061}}
{"target": -11.180245553621129, "params": {"C": 47.83553743218058, "epsilon": 12.747199366385136, "gamma": 0.09484773601078575, "lamda": 0.02852727809678466}, "datetime": {"datetime": "2021-10-05 12:34:46", "elapsed": 38.466162, "delta": 0.486634}}
{"target": -10.502402413807854, "params": {"C": 93.42804713534788, "epsilon": 29.04415564055212, "gamma": 0.026917771186973756, "lamda": 0.003134858607409924}, "datetime": {"datetime": "2021-10-05 12:34:46", "elapsed": 39.011058, "delta": 0.544896}}
{"target": -10.588653568137497, "params": {"C": 48.815787992155975, "epsilon": 18.58727698127139, "gamma": 0.045034143069684625, "lamda": 0.022029506917920893}, "datetime": {"datetime": "2021-10-05 12:34:47", "elapsed": 39.611925, "delta": 0.600867}}
{"target": -10.571671711716265, "params": {"C": 12.802348244926687, "epsilon": 21.612031823161374, "gamma": 0.02715436943796302, "lamda": 0.006560771272254588}, "datetime": {"datetime": "2021-10-05 12:34:47", "elapsed": 40.208536, "delta": 0.596611}}
{"target": -10.807668113233303, "params": {"C": 86.84873946859955, "epsilon": 28.97520803433323, "gamma": 0.08449512822080983, "lamda": 0.01713466124726893}, "datetime": {"datetime": "2021-10-05 12:34:48", "elapsed": 40.789965, "delta": 0.581429}}
{"target": -11.005245521643008, "params": {"C": 28.144656117224653, "epsilon": 18.65638570425878, "gamma": 0.030085852355507692, "lamda": 0.024619302774027952}, "datetime": {"datetime": "2021-10-05 12:34:49", "elapsed": 41.359479, "delta": 0.569514}}
{"target": -11.160946371000433, "params": {"C": 90.6923176925952, "epsilon": 21.17957916260714, "gamma": 0.09798666603304504, "lamda": 0.026100386839843}, "datetime": {"datetime": "2021-10-05 12:34:49", "elapsed": 41.880065, "delta": 0.520586}}
{"target": -10.794478757817645, "params": {"C": 33.749239647532306, "epsilon": 24.60323151776821, "gamma": 0.05636266327986028, "lamda": 0.026491303722397417}, "datetime": {"datetime": "2021-10-05 12:34:50", "elapsed": 42.397967, "delta": 0.517902}}
{"target": -10.705151675018827, "params": {"C": 85.95853460344952, "epsilon": 20.90559808823194, "gamma": 0.020320616601825235, "lamda": 0.0051006155591170575}, "datetime": {"datetime": "2021-10-05 12:34:50", "elapsed": 43.015765, "delta": 0.617798}}
{"target": -11.23383475534768, "params": {"C": 69.53196841277332, "epsilon": 12.311556486158374, "gamma": 0.0977832186330875, "lamda": 0.025963032022010418}, "datetime": {"datetime": "2021-10-05 12:34:51", "elapsed": 43.5146, "delta": 0.498835}}
{"target": -10.616808312524883, "params": {"C": 27.242765689840777, "epsilon": 15.264889536376272, "gamma": 0.08720171188656835, "lamda": 0.014980976569481401}, "datetime": {"datetime": "2021-10-05 12:34:51", "elapsed": 44.059075, "delta": 0.544475}}
{"target": -10.706867088893738, "params": {"C": 45.0535107871933, "epsilon": 22.15417952150987, "gamma": 0.04043733854478223, "lamda": 0.02162110258225991}, "datetime": {"datetime": "2021-10-05 12:34:52", "elapsed": 44.660294, "delta": 0.601219}}
{"target": -10.97285937760869, "params": {"C": 13.415250565457193, "epsilon": 28.957978049161458, "gamma": 0.0910334768829245, "lamda": 0.0009405242642310595}, "datetime": {"datetime": "2021-10-05 12:34:53", "elapsed": 45.35009, "delta": 0.689796}}
{"target": -10.659860425492141, "params": {"C": 18.871646372163635, "epsilon": 20.88246312332744, "gamma": 0.05978584730733902, "lamda": 0.022905740986429363}, "datetime": {"datetime": "2021-10-05 12:34:53", "elapsed": 45.994767, "delta": 0.644677}}
{"target": -10.730902418073917, "params": {"C": 90.63939453822348, "epsilon": 22.74185093097312, "gamma": 0.049331969644346156, "lamda": 0.024102661367202453}, "datetime": {"datetime": "2021-10-05 12:34:54", "elapsed": 46.58844, "delta": 0.593673}}
{"target": -10.38375158092208, "params": {"C": 98.55320213078403, "epsilon": 17.815209640720447, "gamma": 0.06120509662398474, "lamda": 0.013334743953818042}, "datetime": {"datetime": "2021-10-05 12:34:54", "elapsed": 47.152799, "delta": 0.564359}}
{"target": -10.484450754839267, "params": {"C": 78.28844323357596, "epsilon": 20.18326058045364, "gamma": 0.03345648047982594, "lamda": 0.010062423902466325}, "datetime": {"datetime": "2021-10-05 12:34:55", "elapsed": 47.689576, "delta": 0.536777}}
{"target": -10.774175080582552, "params": {"C": 53.972898004767394, "epsilon": 18.81541352737886, "gamma": 0.08462411874317095, "lamda": 0.017159048379340257}, "datetime": {"datetime": "2021-10-05 12:34:56", "elapsed": 48.329115, "delta": 0.639539}}
{"target": -11.098918837093025, "params": {"C": 63.710248598558245, "epsilon": 16.768425872934788, "gamma": 0.09986975908394156, "lamda": 0.0175401063740856}, "datetime": {"datetime": "2021-10-05 12:34:56", "elapsed": 48.915694, "delta": 0.586579}}
{"target": -10.325045912109204, "params": {"C": 25.80231356440278, "epsilon": 21.392482085458028, "gamma": 0.02926957291953123, "lamda": 0.0027831616469862546}, "datetime": {"datetime": "2021-10-05 12:34:57", "elapsed": 49.606247, "delta": 0.690553}}
{"target": -10.885546273146936, "params": {"C": 88.15795891794889, "epsilon": 25.79235502344533, "gamma": 0.08732766318616728, "lamda": 0.019400687556840122}, "datetime": {"datetime": "2021-10-05 12:34:57", "elapsed": 50.228496, "delta": 0.622249}}
{"target": -11.20072058292277, "params": {"C": 60.33170730236711, "epsilon": 14.945424344827567, "gamma": 0.09437681537823582, "lamda": 0.027055982376855508}, "datetime": {"datetime": "2021-10-05 12:34:58", "elapsed": 50.853919, "delta": 0.625423}}
{"target": -10.715285721360097, "params": {"C": 84.95330374758429, "epsilon": 28.745369055035038, "gamma": 0.0321334437757431, "lamda": 0.012015464979865234}, "datetime": {"datetime": "2021-10-05 12:34:59", "elapsed": 51.476809, "delta": 0.62289}}
{"target": -10.559297589102217, "params": {"C": 69.5567704399937, "epsilon": 10.35499954914096, "gamma": 0.058829392100381725, "lamda": 0.003938620179212343}, "datetime": {"datetime": "2021-10-05 12:34:59", "elapsed": 52.163786, "delta": 0.686977}}
{"target": -10.653892646936692, "params": {"C": 16.779632711632292, "epsilon": 20.541986215121153, "gamma": 0.0927833726587888, "lamda": 0.008472303644119859}, "datetime": {"datetime": "2021-10-05 12:35:00", "elapsed": 52.896858, "delta": 0.733072}}
{"target": -10.303065332633924, "params": {"C": 24.542656013062754, "epsilon": 14.537028352867283, "gamma": 0.052158286259336425, "lamda": 0.0005466894034283147}, "datetime": {"datetime": "2021-10-05 12:35:01", "elapsed": 53.843871, "delta": 0.947013}}
{"target": -10.490472384122919, "params": {"C": 91.77119930029517, "epsilon": 16.388495392332185, "gamma": 0.07679687221306535, "lamda": 0.006404136128478771}, "datetime": {"datetime": "2021-10-05 12:35:02", "elapsed": 54.465524, "delta": 0.621653}}
{"target": -10.5114652263667, "params": {"C": 18.544311910146497, "epsilon": 22.079064027322303, "gamma": 0.04523897720576567, "lamda": 0.017353408301379124}, "datetime": {"datetime": "2021-10-05 12:35:02", "elapsed": 55.04706, "delta": 0.581536}}
{"target": -10.325358202396352, "params": {"C": 44.95614510220009, "epsilon": 26.289654636514015, "gamma": 0.08045100723504875, "lamda": 0.009559142976021355}, "datetime": {"datetime": "2021-10-05 12:35:03", "elapsed": 55.754794, "delta": 0.707734}}
{"target": -10.77228931333913, "params": {"C": 25.07498392001076, "epsilon": 28.938787427655395, "gamma": 0.05163055931865086, "lamda": 0.024292708862309532}, "datetime": {"datetime": "2021-10-05 12:35:04", "elapsed": 56.366088, "delta": 0.611294}}
{"target": -10.339060853533535, "params": {"C": 12.806260543651412, "epsilon": 21.603843893035876, "gamma": 0.05619410458061888, "lamda": 0.010632332872877287}, "datetime": {"datetime": "2021-10-05 12:35:04", "elapsed": 56.961706, "delta": 0.595618}}
{"target": -10.624040241423282, "params": {"C": 33.07770250967512, "epsilon": 25.838587251300268, "gamma": 0.03638410126979325, "lamda": 0.016209806827478697}, "datetime": {"datetime": "2021-10-05 12:35:05", "elapsed": 57.584061, "delta": 0.622355}}
{"target": -11.152736928465751, "params": {"C": 30.976258689385922, "epsilon": 19.024952046531244, "gamma": 0.09737146303784124, "lamda": 0.003624071917696426}, "datetime": {"datetime": "2021-10-05 12:35:05", "elapsed": 58.16655, "delta": 0.582489}}
{"target": -10.96294331089685, "params": {"C": 70.98832565476408, "epsilon": 13.601376296681899, "gamma": 0.09599248484947265, "lamda": 0.015675679975656828}, "datetime": {"datetime": "2021-10-05 12:35:06", "elapsed": 58.800287, "delta": 0.633737}}
{"target": -10.967453143298538, "params": {"C": 52.24876133718701, "epsilon": 29.389360798330472, "gamma": 0.09944585418350962, "lamda": 0.013029517374522551}, "datetime": {"datetime": "2021-10-05 12:35:07", "elapsed": 59.390285, "delta": 0.589998}}
{"target": -10.717305724469998, "params": {"C": 54.8399628031633, "epsilon": 23.15228422420779, "gamma": 0.09079356555864182, "lamda": 0.005272949082589899}, "datetime": {"datetime": "2021-10-05 12:35:07", "elapsed": 59.992653, "delta": 0.602368}}
{"target": -10.328759325415136, "params": {"C": 87.20065130744399, "epsilon": 14.994404797060854, "gamma": 0.06914782434589863, "lamda": 0.012576596746144668}, "datetime": {"datetime": "2021-10-05 12:35:08", "elapsed": 60.613157, "delta": 0.620504}}
{"target": -10.768150763351121, "params": {"C": 29.26330176286963, "epsilon": 16.38853478078707, "gamma": 0.025887354456311983, "lamda": 0.013538198977708499}, "datetime": {"datetime": "2021-10-05 12:35:08", "elapsed": 61.275096, "delta": 0.661939}}
{"target": -10.112429372456221, "params": {"C": 49.53067048975761, "epsilon": 10.852123885953686, "gamma": 0.051232905519880384, "lamda": 0.0059234144047798434}, "datetime": {"datetime": "2021-10-05 12:35:09", "elapsed": 62.021867, "delta": 0.746771}}
{"target": -11.064744510927422, "params": {"C": 49.553003984074195, "epsilon": 10.800904442041528, "gamma": 0.023934644963658328, "lamda": 0.024590918350985834}, "datetime": {"datetime": "2021-10-05 12:35:10", "elapsed": 62.681026, "delta": 0.659159}}
{"target": -10.354811595237665, "params": {"C": 25.83943482265552, "epsilon": 21.414773449691154, "gamma": 0.062064713878004704, "lamda": 0.0011606974174234194}, "datetime": {"datetime": "2021-10-05 12:35:11", "elapsed": 63.543989, "delta": 0.862963}}
{"target": -10.324720484039704, "params": {"C": 33.048704545514056, "epsilon": 21.714944835372222, "gamma": 0.052385101934976155, "lamda": 0.015262165856707333}, "datetime": {"datetime": "2021-10-05 12:35:11", "elapsed": 64.24797, "delta": 0.703981}}
{"target": -10.369418024500598, "params": {"C": 40.61142351246916, "epsilon": 28.88292226975043, "gamma": 0.08591076739127557, "lamda": 0.006936804555096746}, "datetime": {"datetime": "2021-10-05 12:35:12", "elapsed": 64.86122, "delta": 0.61325}}
{"target": -10.569355787404666, "params": {"C": 12.838836058719103, "epsilon": 21.57147525913455, "gamma": 0.030989030706016978, "lamda": 0.008431080713410585}, "datetime": {"datetime": "2021-10-05 12:35:13", "elapsed": 65.575416, "delta": 0.714196}}
{"target": -11.080434444622874, "params": {"C": 12.732533711605562, "epsilon": 21.558754360649406, "gamma": 0.03498171846401601, "lamda": 0.028632314397489343}, "datetime": {"datetime": "2021-10-05 12:35:13", "elapsed": 66.227145, "delta": 0.651729}}
{"target": -10.988877543403548, "params": {"C": 44.97568364940233, "epsilon": 26.194192789382566, "gamma": 0.04358468408928969, "lamda": 0.029151759436279776}, "datetime": {"datetime": "2021-10-05 12:35:14", "elapsed": 66.97178, "delta": 0.744635}}
{"target": -10.937045291627449, "params": {"C": 18.598852450158546, "epsilon": 22.108831672253395, "gamma": 0.040852255630323527, "lamda": 0.028614928246214647}, "datetime": {"datetime": "2021-10-05 12:35:15", "elapsed": 67.647073, "delta": 0.675293}}
{"target": -10.222385633538797, "params": {"C": 34.881013410545876, "epsilon": 26.418317955858345, "gamma": 0.06236469358348187, "lamda": 0.0018110338135575712}, "datetime": {"datetime": "2021-10-05 12:35:16", "elapsed": 68.406777, "delta": 0.759704}}
{"target": -10.184430431366938, "params": {"C": 50.199272387992146, "epsilon": 29.934313855082102, "gamma": 0.0733927005758687, "lamda": 0.0031470657022331723}, "datetime": {"datetime": "2021-10-05 12:35:16", "elapsed": 69.135336, "delta": 0.728559}}
{"target": -10.865583604031697, "params": {"C": 24.5379038385543, "epsilon": 14.525353993146465, "gamma": 0.077185189665973, "lamda": 0.028071721533333042}, "datetime": {"datetime": "2021-10-05 12:35:17", "elapsed": 69.965583, "delta": 0.830247}}
{"target": -11.268718418379816, "params": {"C": 53.90288566194108, "epsilon": 28.614139337095082, "gamma": 0.025971838602771174, "lamda": 0.024689743091851957}, "datetime": {"datetime": "2021-10-05 12:35:18", "elapsed": 70.671119, "delta": 0.705536}}
{"target": -10.264977260208502, "params": {"C": 33.022582610785896, "epsilon": 25.739521019347773, "gamma": 0.07589452821309657, "lamda": 0.009346410578706048}, "datetime": {"datetime": "2021-10-05 12:35:19", "elapsed": 71.610643, "delta": 0.939524}}
{"target": -10.05017984141018, "params": {"C": 34.9230516174281, "epsilon": 26.448310183984887, "gamma": 0.05994680819117368, "lamda": 0.008393144195685582}, "datetime": {"datetime": "2021-10-05 12:35:20", "elapsed": 72.401419, "delta": 0.790776}}
{"target": -10.177863078240302, "params": {"C": 34.897207333979395, "epsilon": 26.455835484107297, "gamma": 0.04743000309223543, "lamda": 0.010131375627499002}, "datetime": {"datetime": "2021-10-05 12:35:20", "elapsed": 73.195369, "delta": 0.79395}}
{"target": -11.37282790222129, "params": {"C": 60.01335881026079, "epsilon": 23.218488955900288, "gamma": 0.06832541696403995, "lamda": 0.0004938812354454449}, "datetime": {"datetime": "2021-10-05 12:35:21", "elapsed": 74.041373, "delta": 0.846004}}
{"target": -10.529188869388916, "params": {"C": 34.82411282521888, "epsilon": 26.42997593786898, "gamma": 0.06927681974789239, "lamda": 0.01693311728314727}, "datetime": {"datetime": "2021-10-05 12:35:22", "elapsed": 74.928302, "delta": 0.886929}}
{"target": -10.565840162279704, "params": {"C": 54.71242019598223, "epsilon": 14.758673236873033, "gamma": 0.0649534369237437, "lamda": 0.01930400971649075}, "datetime": {"datetime": "2021-10-05 12:35:23", "elapsed": 75.661588, "delta": 0.733286}}
{"target": -10.203715533702598, "params": {"C": 71.08280763818988, "epsilon": 13.576738495570918, "gamma": 0.06062012182911586, "lamda": 0.012004656371918967}, "datetime": {"datetime": "2021-10-05 12:35:24", "elapsed": 76.345834, "delta": 0.684246}}
{"target": -11.101618628300152, "params": {"C": 82.10254324807775, "epsilon": 29.910810911128426, "gamma": 0.0953266777742167, "lamda": 0.025679378211017064}, "datetime": {"datetime": "2021-10-05 12:35:24", "elapsed": 77.044305, "delta": 0.698471}}
{"target": -10.423957205467534, "params": {"C": 25.102673326871084, "epsilon": 29.079222639959085, "gamma": 0.08659305200233025, "lamda": 0.008711859680697763}, "datetime": {"datetime": "2021-10-05 12:35:25", "elapsed": 77.856256, "delta": 0.811951}}
{"target": -10.820199660099647, "params": {"C": 82.83567945695019, "epsilon": 14.526396430163182, "gamma": 0.04898827962430319, "lamda": 0.029698416824334915}, "datetime": {"datetime": "2021-10-05 12:35:26", "elapsed": 78.550097, "delta": 0.693841}}
