{"target": -26.59412110736884, "params": {"C": 42.28517846555483, "epsilon": 21.889410309822583, "gamma": 0.0005228177760603049, "lamda": 0.3026814063455239}, "datetime": {"datetime": "2021-10-05 09:20:35", "elapsed": 0.0, "delta": 0.0}}
{"target": -38.13315376488723, "params": {"C": 15.528833190894192, "epsilon": 3.677819248295136, "gamma": 0.03765891216984535, "lamda": 0.3458879466795262}, "datetime": {"datetime": "2021-10-05 09:20:35", "elapsed": 0.34187, "delta": 0.34187}}
{"target": -56.93861145359037, "params": {"C": 40.27997994883632, "epsilon": 16.62568528609735, "gamma": 0.08412930562345731, "lamda": 0.685376890646561}, "datetime": {"datetime": "2021-10-05 09:20:35", "elapsed": 0.595455, "delta": 0.253585}}
{"target": -38.574495394238404, "params": {"C": 21.240772723420225, "epsilon": 26.465405655337417, "gamma": 0.005963824842986271, "lamda": 0.670632276423313}, "datetime": {"datetime": "2021-10-05 09:20:36", "elapsed": 0.841773, "delta": 0.246318}}
{"target": -16.63127429371805, "params": {"C": 42.31317543434557, "epsilon": 17.202005024926798, "gamma": 0.028507194249749138, "lamda": 0.19850243834033637}, "datetime": {"datetime": "2021-10-05 09:20:36", "elapsed": 1.120463, "delta": 0.27869}}
{"target": -34.78040165103667, "params": {"C": 80.27371229887812, "epsilon": 29.079585695862527, "gamma": 0.06302812354276895, "lamda": 0.6924764543614794}, "datetime": {"datetime": "2021-10-05 09:20:36", "elapsed": 1.390313, "delta": 0.26985}}
{"target": -11.934583726685707, "params": {"C": 87.7625260773078, "epsilon": 26.943593241611573, "gamma": 0.017466320168270693, "lamda": 0.03953525584126592}, "datetime": {"datetime": "2021-10-05 09:20:36", "elapsed": 1.668241, "delta": 0.277928}}
{"target": -25.326987640570103, "params": {"C": 17.81321153689232, "epsilon": 26.46613259945298, "gamma": 0.020120193349693494, "lamda": 0.42139707119254965}, "datetime": {"datetime": "2021-10-05 09:20:37", "elapsed": 1.931888, "delta": 0.263647}}
{"target": -25.894534755155156, "params": {"C": 95.83106348489969, "epsilon": 16.461793264217494, "gamma": 0.13852948423311945, "lamda": 0.3158578731905599}, "datetime": {"datetime": "2021-10-05 09:20:37", "elapsed": 2.195067, "delta": 0.263179}}
{"target": -46.37865446370341, "params": {"C": 68.96359184047678, "epsilon": 25.204144485023814, "gamma": 0.0041485113301662655, "lamda": 0.750269242787495}, "datetime": {"datetime": "2021-10-05 09:20:37", "elapsed": 2.545889, "delta": 0.350822}}
{"target": -98.74898032164529, "params": {"C": 1.7642657424279848, "epsilon": 5.69396709216819, "gamma": 0.1420191223169147, "lamda": 0.7648544905621051}, "datetime": {"datetime": "2021-10-05 09:20:38", "elapsed": 2.930356, "delta": 0.384467}}
{"target": -68.11480532002362, "params": {"C": 44.81317442809077, "epsilon": 12.99065053008794, "gamma": 0.10978708668424132, "lamda": 0.7443294807844486}, "datetime": {"datetime": "2021-10-05 09:20:38", "elapsed": 3.279071, "delta": 0.348715}}
{"target": -17.580906427001548, "params": {"C": 95.8661266812828, "epsilon": 16.447719082614796, "gamma": 0.1988505920209062, "lamda": 0.18469870525879137}, "datetime": {"datetime": "2021-10-05 09:20:38", "elapsed": 3.638597, "delta": 0.359526}}
{"target": -27.804635835643914, "params": {"C": 88.00681620307813, "epsilon": 26.55385085198401, "gamma": 0.0486571838016855, "lamda": 0.4608547583979598}, "datetime": {"datetime": "2021-10-05 09:20:39", "elapsed": 4.041149, "delta": 0.402552}}
{"target": -16.466849102772375, "params": {"C": 87.33536820847947, "epsilon": 27.22972606251993, "gamma": 0.08393568747882653, "lamda": 0.25342815254011636}, "datetime": {"datetime": "2021-10-05 09:20:39", "elapsed": 4.420031, "delta": 0.378882}}
{"target": -14.195281678481898, "params": {"C": 96.6376397734229, "epsilon": 16.13803600244176, "gamma": 0.2, "lamda": 0.0005}, "datetime": {"datetime": "2021-10-05 09:20:40", "elapsed": 4.933708, "delta": 0.513677}}
{"target": -14.166357557132622, "params": {"C": 96.58223021522296, "epsilon": 17.18619937355868, "gamma": 0.2, "lamda": 0.0005}, "datetime": {"datetime": "2021-10-05 09:20:40", "elapsed": 5.442892, "delta": 0.509184}}
{"target": -13.186380444401976, "params": {"C": 88.35565791047375, "epsilon": 27.99201520712976, "gamma": 0.07181683360641983, "lamda": 0.1258267122618381}, "datetime": {"datetime": "2021-10-05 09:20:41", "elapsed": 5.842648, "delta": 0.399756}}
{"target": -12.504907644560095, "params": {"C": 87.30651644999256, "epsilon": 29.008894795042835, "gamma": 0.10696229365473298, "lamda": 0.09112055697700036}, "datetime": {"datetime": "2021-10-05 09:20:41", "elapsed": 6.384192, "delta": 0.541544}}
{"target": -35.88565150132846, "params": {"C": 88.45196705575901, "epsilon": 29.142166306443528, "gamma": 0.19365892506297075, "lamda": 0.7224220577904114}, "datetime": {"datetime": "2021-10-05 09:20:42", "elapsed": 6.910561, "delta": 0.526369}}
{"target": -10.577360868530713, "params": {"C": 86.34858186536466, "epsilon": 28.233348515020392, "gamma": 0.0719829578620669, "lamda": 0.014179034001231841}, "datetime": {"datetime": "2021-10-05 09:20:42", "elapsed": 7.276079, "delta": 0.365518}}
{"target": -13.3711425373191, "params": {"C": 85.90646218644746, "epsilon": 29.41994335912722, "gamma": 0.11768304088322294, "lamda": 0.12634013778809192}, "datetime": {"datetime": "2021-10-05 09:20:42", "elapsed": 7.693354, "delta": 0.417275}}
{"target": -16.21900059440794, "params": {"C": 84.39386708023315, "epsilon": 28.368562114716582, "gamma": 0.1867439347725972, "lamda": 0.19621181501016982}, "datetime": {"datetime": "2021-10-05 09:20:43", "elapsed": 8.106301, "delta": 0.412947}}
{"target": -15.561651034024248, "params": {"C": 43.668424529228936, "epsilon": 18.00672697018367, "gamma": 0.0005, "lamda": 0.0005}, "datetime": {"datetime": "2021-10-05 09:20:44", "elapsed": 8.841798, "delta": 0.735497}}
{"target": -39.519117937743395, "params": {"C": 44.16349531205837, "epsilon": 1.7518607230088485, "gamma": 0.22009015991254433, "lamda": 0.39207249216014006}, "datetime": {"datetime": "2021-10-05 09:42:07", "elapsed": 0.0, "delta": 0.0}}
{"target": -60.41270869702448, "params": {"C": 42.61641240666141, "epsilon": 10.57970980911235, "gamma": 0.08225712929811808, "lamda": 0.557534234232422}, "datetime": {"datetime": "2021-10-05 09:42:07", "elapsed": 0.266728, "delta": 0.266728}}
{"target": -47.29616365581457, "params": {"C": 30.66581269377779, "epsilon": 8.737990977983133, "gamma": 0.24864296619133333, "lamda": 0.4764633138021967}, "datetime": {"datetime": "2021-10-05 09:42:07", "elapsed": 0.532363, "delta": 0.265635}}
{"target": -58.35247300845893, "params": {"C": 14.323414589148422, "epsilon": 15.893765516706646, "gamma": 0.07418372632594265, "lamda": 0.7069089654610978}, "datetime": {"datetime": "2021-10-05 09:42:08", "elapsed": 0.811415, "delta": 0.279052}}
{"target": -14.580551758187745, "params": {"C": 85.5435539713094, "epsilon": 15.332868284075907, "gamma": 0.3387013134003085, "lamda": 0.07214110656965037}, "datetime": {"datetime": "2021-10-05 09:42:08", "elapsed": 1.139422, "delta": 0.328007}}
{"target": -13.401605136271568, "params": {"C": 51.01936292204869, "epsilon": 2.893308627219465, "gamma": 0.1715348698751571, "lamda": 0.08732955863672101}, "datetime": {"datetime": "2021-10-05 09:42:08", "elapsed": 1.432241, "delta": 0.292819}}
{"target": -12.962296946835183, "params": {"C": 13.588837198426468, "epsilon": 18.30561396037928, "gamma": 0.09079179424139223, "lamda": 0.09669764303682969}, "datetime": {"datetime": "2021-10-05 09:42:09", "elapsed": 1.740074, "delta": 0.307833}}
{"target": -17.994997802635595, "params": {"C": 22.81031449998541, "epsilon": 11.144962265095678, "gamma": 0.18738110009062894, "lamda": 0.18196803202533632}, "datetime": {"datetime": "2021-10-05 09:42:09", "elapsed": 2.058074, "delta": 0.318}}
{"target": -30.07384728114032, "params": {"C": 64.40026579627656, "epsilon": 15.009025231000798, "gamma": 0.2023420696474104, "lamda": 0.34850993968114413}, "datetime": {"datetime": "2021-10-05 09:42:09", "elapsed": 2.351068, "delta": 0.292994}}
{"target": -52.48447912927314, "params": {"C": 79.57010798971613, "epsilon": 17.820121187456394, "gamma": 0.0653382901016744, "lamda": 0.6308267357731371}, "datetime": {"datetime": "2021-10-05 09:42:09", "elapsed": 2.610983, "delta": 0.259915}}
{"target": -59.42133862353269, "params": {"C": 79.85759672278877, "epsilon": 15.85755919858292, "gamma": 0.14951878633275334, "lamda": 0.7083915467921149}, "datetime": {"datetime": "2021-10-05 09:42:10", "elapsed": 2.93386, "delta": 0.322877}}
{"target": -11.310939623501843, "params": {"C": 13.258164385406795, "epsilon": 19.391261485821992, "gamma": 0.09826548413278302, "lamda": 0.0005}, "datetime": {"datetime": "2021-10-05 09:42:11", "elapsed": 3.722627, "delta": 0.788767}}
{"target": -12.365062496337705, "params": {"C": 15.312301572492325, "epsilon": 19.783730742428517, "gamma": 0.15151716258780745, "lamda": 0.0005}, "datetime": {"datetime": "2021-10-05 09:42:12", "elapsed": 4.861321, "delta": 1.138694}}
{"target": -13.616229947964726, "params": {"C": 53.74067795131009, "epsilon": 3.0279044021875863, "gamma": 0.15517986812751586, "lamda": 0.0005}, "datetime": {"datetime": "2021-10-05 09:42:13", "elapsed": 6.171589, "delta": 1.310268}}
{"target": -36.27258893518708, "params": {"C": 44.16349531205837, "epsilon": 1.7518607230088485, "gamma": 0.11015766433680248, "lamda": 0.3485402528983124}, "datetime": {"datetime": "2021-10-05 09:53:30", "elapsed": 0.0, "delta": 0.0}}
{"target": -55.2222083995981, "params": {"C": 42.61641240666141, "epsilon": 10.57970980911235, "gamma": 0.04132740249054958, "lamda": 0.4956071375973557}, "datetime": {"datetime": "2021-10-05 09:53:31", "elapsed": 0.25897, "delta": 0.25897}}
{"target": -42.569134013554624, "params": {"C": 30.66581269377779, "epsilon": 8.737990977983133, "gamma": 0.12441619963747434, "lamda": 0.4235491043744928}, "datetime": {"datetime": "2021-10-05 09:53:31", "elapsed": 0.506456, "delta": 0.247486}}
{"target": -55.09701858871159, "params": {"C": 14.323414589148422, "epsilon": 15.893765516706646, "gamma": 0.0372957531965596, "lamda": 0.6283754506794305}, "datetime": {"datetime": "2021-10-05 09:53:31", "elapsed": 0.782619, "delta": 0.276163}}
{"target": -12.73584947308352, "params": {"C": 85.5435539713094, "epsilon": 15.332868284075907, "gamma": 0.16938901632881487, "lamda": 0.06417655886874428}, "datetime": {"datetime": "2021-10-05 09:53:31", "elapsed": 1.063432, "delta": 0.280813}}
{"target": -11.861930373617122, "params": {"C": 51.01936292204869, "epsilon": 2.893308627219465, "gamma": 0.0859104043556792, "lamda": 0.07767646707065975}, "datetime": {"datetime": "2021-10-05 09:53:32", "elapsed": 1.345709, "delta": 0.282277}}
{"target": -12.380045859293128, "params": {"C": 13.588837198426468, "epsilon": 18.30561396037928, "gamma": 0.04558939412054506, "lamda": 0.0860030746058314}, "datetime": {"datetime": "2021-10-05 09:53:32", "elapsed": 1.628359, "delta": 0.28265}}
{"target": -15.86672933307565, "params": {"C": 22.81031449998541, "epsilon": 11.144962265095678, "gamma": 0.0938236031741689, "lamda": 0.1617937093988398}, "datetime": {"datetime": "2021-10-05 09:53:32", "elapsed": 1.892378, "delta": 0.264019}}
{"target": -26.002450940735457, "params": {"C": 64.40026579627656, "epsilon": 15.009025231000798, "gamma": 0.10129472564370055, "lamda": 0.3098206745692882}, "datetime": {"datetime": "2021-10-05 09:53:32", "elapsed": 2.140978, "delta": 0.2486}}
{"target": -47.525899344642326, "params": {"C": 79.57010798971613, "epsilon": 17.820121187456394, "gamma": 0.03287857040121162, "lamda": 0.5607515011124214}, "datetime": {"datetime": "2021-10-05 09:53:33", "elapsed": 2.39276, "delta": 0.251782}}
{"target": -56.226053044475655, "params": {"C": 79.85759672278877, "epsilon": 15.85755919858292, "gamma": 0.07491613985828358, "lamda": 0.6296932091832083}, "datetime": {"datetime": "2021-10-05 09:53:33", "elapsed": 2.729452, "delta": 0.336692}}
{"target": -10.095273960681117, "params": {"C": 13.25525895263468, "epsilon": 19.400843380454866, "gamma": 0.049353713307240935, "lamda": 0.0005}, "datetime": {"datetime": "2021-10-05 09:53:34", "elapsed": 3.551061, "delta": 0.821609}}
{"target": -10.657652602605353, "params": {"C": 15.290458295127287, "epsilon": 19.852638094503053, "gamma": 0.07618742429414348, "lamda": 0.0005}, "datetime": {"datetime": "2021-10-05 09:53:35", "elapsed": 4.817364, "delta": 1.266303}}
{"target": -12.490441506634339, "params": {"C": 53.718325516466635, "epsilon": 3.046556780024691, "gamma": 0.086136712588968, "lamda": 0.0005956512495981258}, "datetime": {"datetime": "2021-10-05 09:53:37", "elapsed": 6.482565, "delta": 1.665201}}
{"target": -13.787462385482577, "params": {"C": 52.156931620556364, "epsilon": 5.736399948635395, "gamma": 0.2, "lamda": 0.0005}, "datetime": {"datetime": "2021-10-05 09:53:38", "elapsed": 7.537909, "delta": 1.055344}}
{"target": -19.501468408943058, "params": {"C": 88.83979292208774, "epsilon": 15.400286794357477, "gamma": 0.1503979160379082, "lamda": 0.2213923702011224}, "datetime": {"datetime": "2021-10-05 09:53:39", "elapsed": 8.390989, "delta": 0.85308}}
{"target": -14.168209538823154, "params": {"C": 86.48662043811699, "epsilon": 12.053345125754317, "gamma": 0.2, "lamda": 0.0005}, "datetime": {"datetime": "2021-10-05 09:53:40", "elapsed": 9.334849, "delta": 0.94386}}
{"target": -100.09975994477385, "params": {"C": 56.09364898928975, "epsilon": 6.0971382538749115, "gamma": 0.0005, "lamda": 0.8}, "datetime": {"datetime": "2021-10-05 09:53:41", "elapsed": 10.305047, "delta": 0.970198}}
{"target": -25.50492911064698, "params": {"C": 49.1885809901788, "epsilon": 5.337269491859125, "gamma": 0.1304654785684352, "lamda": 0.2831331310041492}, "datetime": {"datetime": "2021-10-05 09:53:41", "elapsed": 11.092942, "delta": 0.787895}}
{"target": -113.05801125043632, "params": {"C": 52.7681703518409, "epsilon": 1.0, "gamma": 0.2, "lamda": 0.8}, "datetime": {"datetime": "2021-10-05 09:53:42", "elapsed": 11.844152, "delta": 0.75121}}
{"target": -12.356285054667934, "params": {"C": 52.27212746972786, "epsilon": 4.0339201017037825, "gamma": 0.08359541027249844, "lamda": 0.0005}, "datetime": {"datetime": "2021-10-05 09:53:43", "elapsed": 12.549026, "delta": 0.704874}}
{"target": -13.640196282130223, "params": {"C": 86.9607257344605, "epsilon": 14.016831835282435, "gamma": 0.17608839753230288, "lamda": 0.08647006539146676}, "datetime": {"datetime": "2021-10-05 09:53:44", "elapsed": 13.304392, "delta": 0.755366}}
{"target": -54.55601972412377, "params": {"C": 14.102998728168295, "epsilon": 21.251039275869047, "gamma": 0.0005, "lamda": 0.8}, "datetime": {"datetime": "2021-10-05 09:53:44", "elapsed": 14.127712, "delta": 0.82332}}
{"target": -14.133408347740662, "params": {"C": 85.12413509375573, "epsilon": 13.471458092292195, "gamma": 0.1986249504169961, "lamda": 0.0005}, "datetime": {"datetime": "2021-10-05 09:53:45", "elapsed": 15.110815, "delta": 0.983103}}
{"target": -18.08394854530782, "params": {"C": 16.721010486418265, "epsilon": 18.618211590515767, "gamma": 0.16716410728869274, "lamda": 0.2110908061875018}, "datetime": {"datetime": "2021-10-05 09:53:46", "elapsed": 15.908506, "delta": 0.797691}}
{"target": -48.955714483642495, "params": {"C": 86.82027307784568, "epsilon": 16.780743133853417, "gamma": 0.04995532530070255, "lamda": 0.5439734576597551}, "datetime": {"datetime": "2021-10-05 09:53:47", "elapsed": 16.642516, "delta": 0.73401}}
{"target": -14.187924361574977, "params": {"C": 88.63036997409195, "epsilon": 12.83648613934847, "gamma": 0.2, "lamda": 0.0005}, "datetime": {"datetime": "2021-10-05 09:53:48", "elapsed": 17.329325, "delta": 0.686809}}
{"target": -36.186170599414645, "params": {"C": 49.33909256530794, "epsilon": 3.086140893640229, "gamma": 0.11925461746004713, "lamda": 0.377288674735538}, "datetime": {"datetime": "2021-10-05 09:53:48", "elapsed": 17.885079, "delta": 0.555754}}
{"target": -57.55448086487086, "params": {"C": 11.750768250188806, "epsilon": 18.49853489284728, "gamma": 0.024756791800501547, "lamda": 0.7079293463741542}, "datetime": {"datetime": "2021-10-05 09:53:49", "elapsed": 18.367329, "delta": 0.48225}}
{"target": -41.99991215519203, "params": {"C": 50.93064346614077, "epsilon": 4.554040858305632, "gamma": 0.15361314229112646, "lamda": 0.40979565371715054}, "datetime": {"datetime": "2021-10-05 09:53:50", "elapsed": 19.325756, "delta": 0.958427}}
{"target": -13.247234241918026, "params": {"C": 53.48448823713091, "epsilon": 4.467959328800811, "gamma": 0.07745715593550397, "lamda": 0.11318379414437058}, "datetime": {"datetime": "2021-10-05 09:53:50", "elapsed": 20.03621, "delta": 0.710454}}
{"target": -10.74655135864714, "params": {"C": 14.854416122564496, "epsilon": 18.365198856096992, "gamma": 0.08483027646625928, "lamda": 0.003968184383474549}, "datetime": {"datetime": "2021-10-05 09:53:51", "elapsed": 20.564496, "delta": 0.528286}}
{"target": -90.31731593232351, "params": {"C": 88.07002723747202, "epsilon": 11.16169184978791, "gamma": 0.0005, "lamda": 0.8}, "datetime": {"datetime": "2021-10-05 09:53:52", "elapsed": 21.218256, "delta": 0.65376}}
{"target": -38.33557063669035, "params": {"C": 89.66017997697054, "epsilon": 13.829449223782616, "gamma": 0.01518849720390865, "lamda": 0.3947745204698214}, "datetime": {"datetime": "2021-10-05 09:53:52", "elapsed": 21.72194, "delta": 0.503684}}
{"target": -54.6738322314477, "params": {"C": 14.39413333839535, "epsilon": 19.358203169780897, "gamma": 0.09866841380518115, "lamda": 0.7341344520382865}, "datetime": {"datetime": "2021-10-05 09:53:53", "elapsed": 22.222785, "delta": 0.500845}}
{"target": -14.245089396582355, "params": {"C": 13.53113193662093, "epsilon": 18.21727355275975, "gamma": 0.15806863341733582, "lamda": 0.11636791152649825}, "datetime": {"datetime": "2021-10-05 09:53:53", "elapsed": 22.579017, "delta": 0.356232}}
{"target": -54.1250501369654, "params": {"C": 85.61441519163907, "epsilon": 14.230699465436311, "gamma": 0.0073409437252752365, "lamda": 0.5580336297188526}, "datetime": {"datetime": "2021-10-05 09:53:53", "elapsed": 23.096139, "delta": 0.517122}}
{"target": -12.114066075278858, "params": {"C": 52.66147793354386, "epsilon": 4.986888805680433, "gamma": 0.1217209978779524, "lamda": 0.058162549461759146}, "datetime": {"datetime": "2021-10-05 09:53:54", "elapsed": 23.52921, "delta": 0.433071}}
{"target": -15.91293492641151, "params": {"C": 15.744753049544647, "epsilon": 18.98649588129712, "gamma": 0.0005, "lamda": 0.0005}, "datetime": {"datetime": "2021-10-05 09:53:55", "elapsed": 24.350876, "delta": 0.821666}}
{"target": -11.850188002728167, "params": {"C": 87.34129034615195, "epsilon": 13.146027169809331, "gamma": 0.1357977693592776, "lamda": 0.02759628262597097}, "datetime": {"datetime": "2021-10-05 09:53:55", "elapsed": 24.916186, "delta": 0.56531}}
{"target": -14.161066031583589, "params": {"C": 85.16674893393774, "epsilon": 12.269962377614647, "gamma": 0.2, "lamda": 0.0005}, "datetime": {"datetime": "2021-10-05 09:53:56", "elapsed": 25.506169, "delta": 0.589983}}
{"target": -21.302773025724424, "params": {"C": 16.42416367178459, "epsilon": 20.11370930282174, "gamma": 0.12525520438256074, "lamda": 0.28942187342630565}, "datetime": {"datetime": "2021-10-05 09:53:56", "elapsed": 25.929857, "delta": 0.423688}}
{"target": -14.129665774320339, "params": {"C": 83.87946724693465, "epsilon": 13.021820229650286, "gamma": 0.2, "lamda": 0.0005}, "datetime": {"datetime": "2021-10-05 09:53:57", "elapsed": 26.670009, "delta": 0.740152}}
{"target": -12.326613850613596, "params": {"C": 83.89488456283306, "epsilon": 15.773650420914663, "gamma": 0.002363700492270932, "lamda": 0.004505135888799618}, "datetime": {"datetime": "2021-10-05 09:53:58", "elapsed": 27.215952, "delta": 0.545943}}
{"target": -13.011780603725182, "params": {"C": 85.02073900468021, "epsilon": 16.220158644898312, "gamma": 0.18793769065044733, "lamda": 0.008118505967280152}, "datetime": {"datetime": "2021-10-05 09:53:58", "elapsed": 27.788211, "delta": 0.572259}}
{"target": -27.720235319076853, "params": {"C": 82.72896391758414, "epsilon": 14.356507681632987, "gamma": 0.1771994214121208, "lamda": 0.32119925528566656}, "datetime": {"datetime": "2021-10-05 09:53:59", "elapsed": 28.289441, "delta": 0.50123}}
{"target": -12.019748423596695, "params": {"C": 83.8092326737116, "epsilon": 17.211179241719144, "gamma": 0.16308921211583122, "lamda": 0.026297884099881142}, "datetime": {"datetime": "2021-10-05 09:53:59", "elapsed": 28.917107, "delta": 0.627666}}
{"target": -34.47275741584011, "params": {"C": 83.32341610424754, "epsilon": 18.676939146714584, "gamma": 0.1461679087213642, "lamda": 0.43603812250152235}, "datetime": {"datetime": "2021-10-05 09:54:00", "elapsed": 29.615334, "delta": 0.698227}}
{"target": -24.520346249273274, "params": {"C": 21.64000524091937, "epsilon": 10.009329291149587, "gamma": 0.09735765452327876, "lamda": 0.2651333549767204}, "datetime": {"datetime": "2021-10-05 09:54:01", "elapsed": 30.190923, "delta": 0.575589}}
{"target": -50.59867264743384, "params": {"C": 88.09652504769984, "epsilon": 14.138342948818488, "gamma": 0.09489037731828721, "lamda": 0.5498827073511146}, "datetime": {"datetime": "2021-10-05 09:54:01", "elapsed": 30.676695, "delta": 0.485772}}
{"target": -66.64925130784731, "params": {"C": 82.90860237569444, "epsilon": 16.396125766266593, "gamma": 0.027136013784128638, "lamda": 0.7525797457891972}, "datetime": {"datetime": "2021-10-05 09:54:02", "elapsed": 31.240679, "delta": 0.563984}}
{"target": -74.04445326658676, "params": {"C": 53.062864808646815, "epsilon": 3.432265974444379, "gamma": 0.02922749938101221, "lamda": 0.5255064640443127}, "datetime": {"datetime": "2021-10-05 09:54:02", "elapsed": 31.811243, "delta": 0.570564}}
{"target": -26.873534812259436, "params": {"C": 84.64699084397913, "epsilon": 12.869085732061341, "gamma": 0.2, "lamda": 0.2983556473487179}, "datetime": {"datetime": "2021-10-05 09:54:03", "elapsed": 32.374936, "delta": 0.563693}}
