{"target": -11.801640026365497, "params": {"max_depth": 25.400853028864287, "n_estimators": 56.347725873075916}, "datetime": {"datetime": "2021-09-27 16:55:34", "elapsed": 166.043747, "delta": 1.07531}}
{"target": -12.498021833071789, "params": {"max_depth": 16.97774294094451, "n_estimators": 14.298830852864477}, "datetime": {"datetime": "2021-09-27 16:55:34", "elapsed": 166.824748, "delta": 0.781001}}
{"target": -11.799474884219178, "params": {"max_depth": 15.230342967848228, "n_estimators": 59.36740557874542}, "datetime": {"datetime": "2021-09-27 16:55:35", "elapsed": 167.728425, "delta": 0.903677}}
{"target": -11.881400997150319, "params": {"max_depth": 24.315743785341947, "n_estimators": 80.47472433886944}, "datetime": {"datetime": "2021-09-27 16:55:37", "elapsed": 169.111322, "delta": 1.382897}}
{"target": -11.784606940415348, "params": {"max_depth": 22.43062607842374, "n_estimators": 70.83402823731689}, "datetime": {"datetime": "2021-09-27 16:55:38", "elapsed": 170.433989, "delta": 1.322667}}
{"target": -11.900968409891783, "params": {"max_depth": 24.408950343393066, "n_estimators": 52.42116167980095}, "datetime": {"datetime": "2021-09-27 16:55:39", "elapsed": 171.427671, "delta": 0.993682}}
{"target": -11.796311374485201, "params": {"max_depth": 25.525566151223305, "n_estimators": 60.67172096348315}, "datetime": {"datetime": "2021-09-27 16:55:40", "elapsed": 172.476884, "delta": 1.049213}}
{"target": -11.887258290350475, "params": {"max_depth": 29.29192925980374, "n_estimators": 27.022215486651017}, "datetime": {"datetime": "2021-09-27 16:55:41", "elapsed": 173.382918, "delta": 0.906034}}
{"target": -12.026342469057635, "params": {"max_depth": 27.64410367178437, "n_estimators": 24.40953594499828}, "datetime": {"datetime": "2021-09-27 16:55:42", "elapsed": 174.443718, "delta": 1.0608}}
{"target": -11.902256782077277, "params": {"max_depth": 15.59605154809502, "n_estimators": 38.610885862310745}, "datetime": {"datetime": "2021-09-27 16:55:43", "elapsed": 175.565725, "delta": 1.122007}}
{"target": -11.844725128909895, "params": {"max_depth": 18.864454530314262, "n_estimators": 80.75621133939754}, "datetime": {"datetime": "2021-09-27 16:55:44", "elapsed": 176.742587, "delta": 1.176862}}
{"target": -11.910012373535244, "params": {"max_depth": 28.195500936292476, "n_estimators": 49.62013111761889}, "datetime": {"datetime": "2021-09-27 16:55:45", "elapsed": 177.705938, "delta": 0.963351}}
{"target": -11.882471894166665, "params": {"max_depth": 18.976017409855498, "n_estimators": 86.5971948918219}, "datetime": {"datetime": "2021-09-27 16:55:46", "elapsed": 178.837853, "delta": 1.131915}}
{"target": -11.923983681741179, "params": {"max_depth": 22.69213405368946, "n_estimators": 87.77412391752246}, "datetime": {"datetime": "2021-09-27 16:55:48", "elapsed": 180.232332, "delta": 1.394479}}
{"target": -11.790089498268328, "params": {"max_depth": 26.550605252535, "n_estimators": 63.6943041848853}, "datetime": {"datetime": "2021-09-27 16:55:49", "elapsed": 181.495256, "delta": 1.262924}}
{"target": -11.825611316690118, "params": {"max_depth": 16.912969796005473, "n_estimators": 67.29339679215158}, "datetime": {"datetime": "2021-09-27 16:55:50", "elapsed": 182.674962, "delta": 1.179706}}
{"target": -11.728794145747397, "params": {"max_depth": 14.746971849363502, "n_estimators": 64.90146803342556}, "datetime": {"datetime": "2021-09-27 16:55:52", "elapsed": 183.955719, "delta": 1.280757}}
{"target": -11.855400297153869, "params": {"max_depth": 16.142648842749335, "n_estimators": 64.68490567791883}, "datetime": {"datetime": "2021-09-27 16:55:53", "elapsed": 185.141409, "delta": 1.18569}}
{"target": -11.935264311066195, "params": {"max_depth": 30.0, "n_estimators": 36.23509616002661}, "datetime": {"datetime": "2021-09-27 16:55:54", "elapsed": 186.036923, "delta": 0.895514}}
{"target": -11.637421740069431, "params": {"max_depth": 14.776763529922249, "n_estimators": 66.55496675763408}, "datetime": {"datetime": "2021-09-27 16:55:55", "elapsed": 187.119772, "delta": 1.082849}}
{"target": -11.64577118291149, "params": {"max_depth": 14.19904249150855, "n_estimators": 67.63601994686678}, "datetime": {"datetime": "2021-09-27 16:55:56", "elapsed": 188.197082, "delta": 1.07731}}
{"target": -11.64577118291149, "params": {"max_depth": 14.800019317363423, "n_estimators": 67.21268139175476}, "datetime": {"datetime": "2021-09-27 16:55:57", "elapsed": 189.387045, "delta": 1.189963}}
{"target": -11.65507390721856, "params": {"max_depth": 14.221994729527399, "n_estimators": 68.89276491654199}, "datetime": {"datetime": "2021-09-27 16:55:58", "elapsed": 190.638992, "delta": 1.251947}}
{"target": -11.642299361807336, "params": {"max_depth": 14.331156915956855, "n_estimators": 70.0543599204035}, "datetime": {"datetime": "2021-09-27 16:55:59", "elapsed": 191.685983, "delta": 1.046991}}
{"target": -11.878356157931513, "params": {"max_depth": 13.893290655131905, "n_estimators": 69.99778687244526}, "datetime": {"datetime": "2021-09-27 16:56:01", "elapsed": 193.282295, "delta": 1.596312}}
{"target": -11.792194924414078, "params": {"max_depth": 15.229749924368928, "n_estimators": 70.01495259780299}, "datetime": {"datetime": "2021-09-27 16:56:02", "elapsed": 194.410337, "delta": 1.128042}}
{"target": -13.090774209645794, "params": {"max_depth": 13.686796792629112, "n_estimators": 8.86278892690157}, "datetime": {"datetime": "2021-09-27 16:56:03", "elapsed": 195.532415, "delta": 1.122078}}
{"target": -12.260249146122337, "params": {"max_depth": 8.0, "n_estimators": 89.59561348273208}, "datetime": {"datetime": "2021-09-27 16:56:04", "elapsed": 196.780636, "delta": 1.248221}}
{"target": -12.246293343061343, "params": {"max_depth": 8.0, "n_estimators": 80.17341394073947}, "datetime": {"datetime": "2021-09-27 16:56:06", "elapsed": 198.172039, "delta": 1.391403}}
{"target": -12.266243192283884, "params": {"max_depth": 9.586343176277929, "n_estimators": 55.623075768133624}, "datetime": {"datetime": "2021-09-27 16:56:07", "elapsed": 199.484038, "delta": 1.311999}}
{"target": -11.881225427603708, "params": {"max_depth": 21.87793461190235, "n_estimators": 34.39320779097369}, "datetime": {"datetime": "2021-09-27 16:56:08", "elapsed": 200.572273, "delta": 1.088235}}
{"target": -12.202705346769017, "params": {"max_depth": 8.180541369730609, "n_estimators": 70.59550899117922}, "datetime": {"datetime": "2021-09-27 16:56:10", "elapsed": 202.444128, "delta": 1.871855}}
{"target": -11.697302706460473, "params": {"max_depth": 14.650419298736018, "n_estimators": 73.61513807877797}, "datetime": {"datetime": "2021-09-27 16:56:11", "elapsed": 203.810478, "delta": 1.36635}}
{"target": -11.951013286128905, "params": {"max_depth": 11.282772844793465, "n_estimators": 67.60148909039472}, "datetime": {"datetime": "2021-09-27 16:56:13", "elapsed": 205.101131, "delta": 1.290653}}
{"target": -12.388582864013728, "params": {"max_depth": 8.029713852071149, "n_estimators": 31.142295143031827}, "datetime": {"datetime": "2021-09-27 16:56:14", "elapsed": 206.175417, "delta": 1.074286}}
{"target": -11.879461632457403, "params": {"max_depth": 15.813675263311154, "n_estimators": 20.360238079791845}, "datetime": {"datetime": "2021-09-27 16:56:15", "elapsed": 207.271421, "delta": 1.096004}}
{"target": -11.992726832817482, "params": {"max_depth": 12.328982068280743, "n_estimators": 74.23938889590416}, "datetime": {"datetime": "2021-09-27 16:56:16", "elapsed": 208.479996, "delta": 1.208575}}
{"target": -11.81273146333465, "params": {"max_depth": 28.084957631956456, "n_estimators": 57.91168023193436}, "datetime": {"datetime": "2021-09-27 16:56:17", "elapsed": 209.831809, "delta": 1.351813}}
{"target": -11.833658950326061, "params": {"max_depth": 24.6699457046631, "n_estimators": 30.83001358566298}, "datetime": {"datetime": "2021-09-27 16:56:19", "elapsed": 211.09512, "delta": 1.263311}}
{"target": -11.828869610566043, "params": {"max_depth": 24.850176287152394, "n_estimators": 99.34953261147267}, "datetime": {"datetime": "2021-09-27 16:56:20", "elapsed": 212.527306, "delta": 1.432186}}
{"target": -11.939583890055525, "params": {"max_depth": 30.0, "n_estimators": 42.01273064550016}, "datetime": {"datetime": "2021-09-27 16:56:21", "elapsed": 213.7713, "delta": 1.243994}}
{"target": -11.853136926777685, "params": {"max_depth": 27.665232238814255, "n_estimators": 75.54795452121607}, "datetime": {"datetime": "2021-09-27 16:56:23", "elapsed": 214.933637, "delta": 1.162337}}
{"target": -11.89808174472474, "params": {"max_depth": 17.94236153083215, "n_estimators": 35.947799456566344}, "datetime": {"datetime": "2021-09-27 16:56:24", "elapsed": 216.346005, "delta": 1.412368}}
{"target": -12.06664531749109, "params": {"max_depth": 11.011930474287482, "n_estimators": 97.79428294682823}, "datetime": {"datetime": "2021-09-27 16:56:25", "elapsed": 217.822001, "delta": 1.475996}}
{"target": -11.935264311066195, "params": {"max_depth": 24.28134341078923, "n_estimators": 36.18678718716296}, "datetime": {"datetime": "2021-09-27 16:56:27", "elapsed": 219.088909, "delta": 1.266908}}
{"target": -11.89162598759952, "params": {"max_depth": 28.191650294408046, "n_estimators": 82.23167866743019}, "datetime": {"datetime": "2021-09-27 16:56:28", "elapsed": 220.401115, "delta": 1.312206}}
{"target": -11.90308340439746, "params": {"max_depth": 23.619482458791143, "n_estimators": 49.61744871926381}, "datetime": {"datetime": "2021-09-27 16:56:30", "elapsed": 221.967084, "delta": 1.565969}}
{"target": -11.941225497113797, "params": {"max_depth": 17.628405531525665, "n_estimators": 25.188486717569376}, "datetime": {"datetime": "2021-09-27 16:56:31", "elapsed": 223.319082, "delta": 1.351998}}
{"target": -12.250995339391023, "params": {"max_depth": 8.012071048310077, "n_estimators": 63.805855084448076}, "datetime": {"datetime": "2021-09-27 16:56:32", "elapsed": 224.751802, "delta": 1.43272}}
{"target": -12.032597836714006, "params": {"max_depth": 12.987598339564935, "n_estimators": 58.45182646753462}, "datetime": {"datetime": "2021-09-27 16:56:34", "elapsed": 226.032908, "delta": 1.281106}}
{"target": -11.806272393274508, "params": {"max_depth": 29.05790078293241, "n_estimators": 46.52266628342136}, "datetime": {"datetime": "2021-09-27 16:56:35", "elapsed": 227.365442, "delta": 1.332534}}
{"target": -11.791012336525085, "params": {"max_depth": 28.638579913376034, "n_estimators": 62.00023842549901}, "datetime": {"datetime": "2021-09-27 16:56:36", "elapsed": 228.626939, "delta": 1.261497}}
{"target": -11.871139314468051, "params": {"max_depth": 23.666728308602508, "n_estimators": 76.64729239822495}, "datetime": {"datetime": "2021-09-27 16:56:38", "elapsed": 230.587113, "delta": 1.960174}}
{"target": -11.841336082859117, "params": {"max_depth": 18.292255249657373, "n_estimators": 98.05384618340535}, "datetime": {"datetime": "2021-09-27 16:56:40", "elapsed": 232.243588, "delta": 1.656475}}
{"target": -11.812054712816062, "params": {"max_depth": 19.601298636201676, "n_estimators": 69.10567147140037}, "datetime": {"datetime": "2021-09-27 16:56:41", "elapsed": 233.829256, "delta": 1.585668}}
{"target": -11.843845416374847, "params": {"max_depth": 19.154730345358328, "n_estimators": 71.89013981863187}, "datetime": {"datetime": "2021-09-27 16:56:43", "elapsed": 235.399841, "delta": 1.570585}}
{"target": -11.923181495459364, "params": {"max_depth": 19.68931318646367, "n_estimators": 90.41275282867446}, "datetime": {"datetime": "2021-09-27 16:56:44", "elapsed": 236.794954, "delta": 1.395113}}
{"target": -11.763203232763276, "params": {"max_depth": 28.14710579377741, "n_estimators": 68.64607521031604}, "datetime": {"datetime": "2021-09-27 16:56:46", "elapsed": 238.091948, "delta": 1.296994}}
{"target": -11.917641754709578, "params": {"max_depth": 27.94820076584362, "n_estimators": 44.89071315782711}, "datetime": {"datetime": "2021-09-27 16:56:48", "elapsed": 239.924961, "delta": 1.833013}}
{"target": -11.809435330859127, "params": {"max_depth": 28.23088278248705, "n_estimators": 72.16016881495335}, "datetime": {"datetime": "2021-09-27 16:56:49", "elapsed": 241.217353, "delta": 1.292392}}
{"target": -11.75856794944335, "params": {"max_depth": 30.0, "n_estimators": 64.37229536304733}, "datetime": {"datetime": "2021-09-27 16:56:50", "elapsed": 242.614234, "delta": 1.396881}}
{"target": -11.652099580101408, "params": {"max_depth": 14.625883002146388, "n_estimators": 71.10264543293259}, "datetime": {"datetime": "2021-09-27 16:56:52", "elapsed": 244.281641, "delta": 1.667407}}
{"target": -11.830956385902635, "params": {"max_depth": 23.340027783754962, "n_estimators": 45.263331383319795}, "datetime": {"datetime": "2021-09-27 16:56:53", "elapsed": 245.671676, "delta": 1.390035}}
{"target": -11.65507390721856, "params": {"max_depth": 14.836961591431285, "n_estimators": 68.44692284270084}, "datetime": {"datetime": "2021-09-27 16:56:55", "elapsed": 247.265382, "delta": 1.593706}}
{"target": -11.757465955704513, "params": {"max_depth": 22.571988220117017, "n_estimators": 64.05824405245198}, "datetime": {"datetime": "2021-09-27 16:56:56", "elapsed": 248.612717, "delta": 1.347335}}
{"target": -12.37946484529197, "params": {"max_depth": 8.07286691825049, "n_estimators": 40.08988130705076}, "datetime": {"datetime": "2021-09-27 16:56:58", "elapsed": 250.39985, "delta": 1.787133}}
{"target": -11.870399175163001, "params": {"max_depth": 22.604748402370475, "n_estimators": 32.10848848029407}, "datetime": {"datetime": "2021-09-27 16:56:59", "elapsed": 251.854277, "delta": 1.454427}}
{"target": -11.646395368388669, "params": {"max_depth": 14.795472004969355, "n_estimators": 72.48458463710922}, "datetime": {"datetime": "2021-09-27 16:57:01", "elapsed": 253.257641, "delta": 1.403364}}
{"target": -11.922462270682566, "params": {"max_depth": 17.698864988885532, "n_estimators": 43.45846002903898}, "datetime": {"datetime": "2021-09-27 16:57:02", "elapsed": 254.514343, "delta": 1.256702}}
{"target": -11.848684527321758, "params": {"max_depth": 22.35328021519006, "n_estimators": 73.05690010769501}, "datetime": {"datetime": "2021-09-27 16:57:04", "elapsed": 256.090204, "delta": 1.575861}}
{"target": -11.856842444349985, "params": {"max_depth": 28.641150632155686, "n_estimators": 98.87797872374057}, "datetime": {"datetime": "2021-09-27 16:57:05", "elapsed": 257.685873, "delta": 1.595669}}
{"target": -11.755378220222568, "params": {"max_depth": 28.225080823701628, "n_estimators": 65.69765701165272}, "datetime": {"datetime": "2021-09-27 16:57:07", "elapsed": 259.371609, "delta": 1.685736}}
{"target": -11.764169729281795, "params": {"max_depth": 18.222437914767525, "n_estimators": 58.92910335085398}, "datetime": {"datetime": "2021-09-27 16:57:08", "elapsed": 260.828914, "delta": 1.457305}}
{"target": -11.84312219499092, "params": {"max_depth": 15.623329949037771, "n_estimators": 73.38151185994195}, "datetime": {"datetime": "2021-09-27 16:57:10", "elapsed": 262.256929, "delta": 1.428015}}
{"target": -11.833658950326061, "params": {"max_depth": 29.525294623086936, "n_estimators": 30.976160621315426}, "datetime": {"datetime": "2021-09-27 16:57:11", "elapsed": 263.564923, "delta": 1.307994}}
{"target": -11.894882481832015, "params": {"max_depth": 19.805719993516412, "n_estimators": 29.399859552094508}, "datetime": {"datetime": "2021-09-27 16:57:13", "elapsed": 265.022138, "delta": 1.457215}}
{"target": -11.871223104252778, "params": {"max_depth": 24.786721934263348, "n_estimators": 95.57778922085313}, "datetime": {"datetime": "2021-09-27 16:57:14", "elapsed": 266.701015, "delta": 1.678877}}
{"target": -11.871726364551654, "params": {"max_depth": 28.463454080726436, "n_estimators": 78.32976670251952}, "datetime": {"datetime": "2021-09-27 16:57:16", "elapsed": 268.321322, "delta": 1.620307}}
{"target": -11.873405123927654, "params": {"max_depth": 15.438156782911161, "n_estimators": 30.18671846967355}, "datetime": {"datetime": "2021-09-27 16:57:17", "elapsed": 269.657227, "delta": 1.335905}}
{"target": -11.850236629698637, "params": {"max_depth": 17.344042613909252, "n_estimators": 49.722740561243405}, "datetime": {"datetime": "2021-09-27 16:57:19", "elapsed": 271.015969, "delta": 1.358742}}
{"target": -11.775269401505694, "params": {"max_depth": 26.389929714457658, "n_estimators": 26.90832418668905}, "datetime": {"datetime": "2021-09-27 16:57:20", "elapsed": 272.370251, "delta": 1.354282}}
{"target": -11.87905530552845, "params": {"max_depth": 24.552853670249583, "n_estimators": 92.710153561074}, "datetime": {"datetime": "2021-09-27 16:57:22", "elapsed": 273.930247, "delta": 1.559996}}
{"target": -11.857457323042734, "params": {"max_depth": 15.111068725788131, "n_estimators": 41.10451192400256}, "datetime": {"datetime": "2021-09-27 16:57:23", "elapsed": 275.277331, "delta": 1.347084}}
{"target": -11.952419435970606, "params": {"max_depth": 27.358109646449716, "n_estimators": 33.910323224533926}, "datetime": {"datetime": "2021-09-27 16:57:24", "elapsed": 276.620924, "delta": 1.343593}}
{"target": -11.887258290350475, "params": {"max_depth": 22.518939114954957, "n_estimators": 27.306190916075565}, "datetime": {"datetime": "2021-09-27 16:57:26", "elapsed": 278.163076, "delta": 1.542152}}
{"target": -12.924456332043391, "params": {"max_depth": 8.0, "n_estimators": 13.725851440264943}, "datetime": {"datetime": "2021-09-27 16:57:27", "elapsed": 279.689064, "delta": 1.525988}}
{"target": -12.115790703415481, "params": {"max_depth": 13.390736439581776, "n_estimators": 20.210699589931362}, "datetime": {"datetime": "2021-09-27 16:57:28", "elapsed": 280.866083, "delta": 1.177019}}
{"target": -11.798009995006312, "params": {"max_depth": 28.537967307335265, "n_estimators": 19.952334396450638}, "datetime": {"datetime": "2021-09-27 16:57:30", "elapsed": 282.135082, "delta": 1.268999}}
{"target": -11.871028638271524, "params": {"max_depth": 20.723804155009404, "n_estimators": 79.96840895726301}, "datetime": {"datetime": "2021-09-27 16:57:31", "elapsed": 283.764086, "delta": 1.629004}}
{"target": -11.936931095242569, "params": {"max_depth": 19.282369699369674, "n_estimators": 20.350383411705472}, "datetime": {"datetime": "2021-09-27 16:57:33", "elapsed": 285.475305, "delta": 1.711219}}
{"target": -11.90339478357311, "params": {"max_depth": 13.955753878193885, "n_estimators": 90.92588151354776}, "datetime": {"datetime": "2021-09-27 16:57:35", "elapsed": 287.506924, "delta": 2.031619}}
{"target": -12.079463335263544, "params": {"max_depth": 11.962901765699263, "n_estimators": 94.38302887810075}, "datetime": {"datetime": "2021-09-27 16:57:37", "elapsed": 289.515067, "delta": 2.008143}}
{"target": -11.872351692094373, "params": {"max_depth": 15.689765987505014, "n_estimators": 89.95026434830763}, "datetime": {"datetime": "2021-09-27 16:57:39", "elapsed": 291.144649, "delta": 1.629582}}
{"target": -11.863086675579634, "params": {"max_depth": 18.3890423687194, "n_estimators": 88.44978211616622}, "datetime": {"datetime": "2021-09-27 16:57:41", "elapsed": 292.923893, "delta": 1.779244}}
{"target": -11.674794444836579, "params": {"max_depth": 14.990514895929323, "n_estimators": 99.03646735961942}, "datetime": {"datetime": "2021-09-27 16:57:42", "elapsed": 294.590864, "delta": 1.666971}}
{"target": -11.69540629162384, "params": {"max_depth": 14.16763556499394, "n_estimators": 98.13400484127881}, "datetime": {"datetime": "2021-09-27 16:57:44", "elapsed": 296.702624, "delta": 2.11176}}
{"target": -11.853136926777685, "params": {"max_depth": 25.51802454693487, "n_estimators": 75.17684579181568}, "datetime": {"datetime": "2021-09-27 16:57:46", "elapsed": 298.466475, "delta": 1.763851}}
{"target": -12.115027787177784, "params": {"max_depth": 16.4644356722933, "n_estimators": 22.442860005479044}, "datetime": {"datetime": "2021-09-27 16:57:47", "elapsed": 299.828479, "delta": 1.362004}}
{"target": -11.78190012208075, "params": {"max_depth": 15.079434460456502, "n_estimators": 99.97526434088253}, "datetime": {"datetime": "2021-09-27 16:57:49", "elapsed": 301.414097, "delta": 1.585618}}
{"target": -12.419337286144287, "params": {"max_depth": 11.7713118079145, "n_estimators": 24.638157657092997}, "datetime": {"datetime": "2021-09-27 16:57:51", "elapsed": 303.398321, "delta": 1.984224}}
{"target": -11.916654221058636, "params": {"max_depth": 27.975781808204054, "n_estimators": 87.80534117030668}, "datetime": {"datetime": "2021-09-27 16:57:53", "elapsed": 305.592668, "delta": 2.194347}}
{"target": -11.875001783910747, "params": {"max_depth": 21.76297517155411, "n_estimators": 96.1452634746556}, "datetime": {"datetime": "2021-09-27 16:57:55", "elapsed": 307.806728, "delta": 2.21406}}
{"target": -11.723124963426905, "params": {"max_depth": 26.82737805751338, "n_estimators": 66.94266443248497}, "datetime": {"datetime": "2021-09-27 16:57:57", "elapsed": 309.719807, "delta": 1.913079}}
{"target": -11.754410069466555, "params": {"max_depth": 18.75257582480321, "n_estimators": 63.75815970489346}, "datetime": {"datetime": "2021-09-27 16:57:59", "elapsed": 311.471685, "delta": 1.751878}}
{"target": -11.868886230960275, "params": {"max_depth": 28.450099670021388, "n_estimators": 96.08574056293313}, "datetime": {"datetime": "2021-09-27 16:58:01", "elapsed": 313.509968, "delta": 2.038283}}
{"target": -11.692368022894179, "params": {"max_depth": 18.688363377859098, "n_estimators": 66.44014875027533}, "datetime": {"datetime": "2021-09-27 16:58:03", "elapsed": 315.854059, "delta": 2.344091}}
{"target": -11.922638924929704, "params": {"max_depth": 16.351651652797834, "n_estimators": 45.10536199548495}, "datetime": {"datetime": "2021-09-27 16:58:05", "elapsed": 317.556333, "delta": 1.702274}}
{"target": -11.935276515902943, "params": {"max_depth": 19.656144030504905, "n_estimators": 44.57212128894569}, "datetime": {"datetime": "2021-09-27 16:58:07", "elapsed": 319.70015, "delta": 2.143817}}
{"target": -11.802540567508546, "params": {"max_depth": 28.5988723261868, "n_estimators": 54.32974153096805}, "datetime": {"datetime": "2021-09-27 16:58:09", "elapsed": 321.323157, "delta": 1.623007}}
