{"target": -10.979759869435217, "params": {"max_depth": 15.682952834608507, "n_estimators": 66.68889591370808}, "datetime": {"datetime": "2021-09-27 17:24:35", "elapsed": 352.927631, "delta": 2.345872}}
{"target": -11.109279404547733, "params": {"max_depth": 22.607258473153426, "n_estimators": 88.01402620802146}, "datetime": {"datetime": "2021-09-27 17:24:38", "elapsed": 355.366175, "delta": 2.438544}}
{"target": -11.058129747425106, "params": {"max_depth": 25.907868773730684, "n_estimators": 97.11022030475}, "datetime": {"datetime": "2021-09-27 17:24:40", "elapsed": 357.575021, "delta": 2.208846}}
{"target": -11.178686601062156, "params": {"max_depth": 28.43784610096398, "n_estimators": 84.43145591769436}, "datetime": {"datetime": "2021-09-27 17:24:43", "elapsed": 360.362892, "delta": 2.787871}}
{"target": -11.358579218047126, "params": {"max_depth": 20.84696657316709, "n_estimators": 44.007884224194754}, "datetime": {"datetime": "2021-09-27 17:24:45", "elapsed": 362.668049, "delta": 2.305157}}
{"target": -11.039275757507712, "params": {"max_depth": 17.156434064585532, "n_estimators": 99.9423598870809}, "datetime": {"datetime": "2021-09-27 17:24:47", "elapsed": 365.019871, "delta": 2.351822}}
{"target": -11.0881276904403, "params": {"max_depth": 19.433738959372434, "n_estimators": 70.72006119686112}, "datetime": {"datetime": "2021-09-27 17:24:50", "elapsed": 367.626924, "delta": 2.607053}}
{"target": -11.84410309047969, "params": {"max_depth": 10.47882512169574, "n_estimators": 22.17362079779989}, "datetime": {"datetime": "2021-09-27 17:24:51", "elapsed": 369.278794, "delta": 1.65187}}
{"target": -10.978236811183601, "params": {"max_depth": 18.191824529336365, "n_estimators": 67.14157701394812}, "datetime": {"datetime": "2021-09-27 17:24:54", "elapsed": 371.700816, "delta": 2.422022}}
{"target": -11.200217029375178, "params": {"max_depth": 28.3375717839618, "n_estimators": 74.35645191455207}, "datetime": {"datetime": "2021-09-27 17:24:56", "elapsed": 374.146989, "delta": 2.446173}}
{"target": -11.04922103917172, "params": {"max_depth": 23.12663310249136, "n_estimators": 98.87416211497559}, "datetime": {"datetime": "2021-09-27 17:24:59", "elapsed": 376.641591, "delta": 2.494602}}
{"target": -11.04922103917172, "params": {"max_depth": 28.941184656198377, "n_estimators": 98.72719383990314}, "datetime": {"datetime": "2021-09-27 17:25:02", "elapsed": 379.486591, "delta": 2.845}}
{"target": -11.078405456463916, "params": {"max_depth": 20.809955262411076, "n_estimators": 92.42797253038235}, "datetime": {"datetime": "2021-09-27 17:25:04", "elapsed": 381.73569, "delta": 2.249099}}
{"target": -11.031907831663908, "params": {"max_depth": 27.836655188236108, "n_estimators": 67.49214429703437}, "datetime": {"datetime": "2021-09-27 17:25:07", "elapsed": 384.395708, "delta": 2.660018}}
{"target": -11.10824509660984, "params": {"max_depth": 22.508493323123155, "n_estimators": 71.47124440595591}, "datetime": {"datetime": "2021-09-27 17:25:09", "elapsed": 386.857693, "delta": 2.461985}}
{"target": -11.08885330294382, "params": {"max_depth": 21.838983541773022, "n_estimators": 68.15194614765007}, "datetime": {"datetime": "2021-09-27 17:25:11", "elapsed": 389.117952, "delta": 2.260259}}
{"target": -11.067968436523696, "params": {"max_depth": 29.01363400742671, "n_estimators": 96.40638141044899}, "datetime": {"datetime": "2021-09-27 17:25:14", "elapsed": 391.721583, "delta": 2.603631}}
{"target": -11.02216540553383, "params": {"max_depth": 23.703558097058675, "n_estimators": 65.87326961372479}, "datetime": {"datetime": "2021-09-27 17:25:16", "elapsed": 393.712582, "delta": 1.990999}}
{"target": -11.04245263873036, "params": {"max_depth": 15.587809546720981, "n_estimators": 68.30023445626102}, "datetime": {"datetime": "2021-09-27 17:25:18", "elapsed": 395.636758, "delta": 1.924176}}
{"target": -11.068487880446295, "params": {"max_depth": 14.8932992331149, "n_estimators": 66.83289954088524}, "datetime": {"datetime": "2021-09-27 17:25:20", "elapsed": 398.204786, "delta": 2.568028}}
{"target": -11.50181920541821, "params": {"max_depth": 16.730073232266694, "n_estimators": 24.90057118964096}, "datetime": {"datetime": "2021-09-27 17:25:22", "elapsed": 399.928001, "delta": 1.723215}}
{"target": -11.522445241819575, "params": {"max_depth": 24.13434177025541, "n_estimators": 31.21481759726876}, "datetime": {"datetime": "2021-09-27 17:25:24", "elapsed": 401.642752, "delta": 1.714751}}
{"target": -11.452713626135354, "params": {"max_depth": 19.41851839363192, "n_estimators": 10.932653955147552}, "datetime": {"datetime": "2021-09-27 17:25:26", "elapsed": 403.979919, "delta": 2.337167}}
{"target": -10.976995895932966, "params": {"max_depth": 16.027243710628973, "n_estimators": 65.46298657537126}, "datetime": {"datetime": "2021-09-27 17:25:29", "elapsed": 406.368026, "delta": 2.388107}}
{"target": -11.452670678861228, "params": {"max_depth": 27.94351573064157, "n_estimators": 20.355743130469037}, "datetime": {"datetime": "2021-09-27 17:25:31", "elapsed": 408.402079, "delta": 2.034053}}
{"target": -11.105248310596764, "params": {"max_depth": 30.0, "n_estimators": 90.39215933147305}, "datetime": {"datetime": "2021-09-27 17:25:33", "elapsed": 410.885435, "delta": 2.483356}}
{"target": -11.259564965048174, "params": {"max_depth": 27.79434955447139, "n_estimators": 54.78439528810463}, "datetime": {"datetime": "2021-09-27 17:25:37", "elapsed": 414.480528, "delta": 3.595093}}
{"target": -11.167782409883527, "params": {"max_depth": 21.493188589262537, "n_estimators": 83.77718677207896}, "datetime": {"datetime": "2021-09-27 17:25:40", "elapsed": 417.433617, "delta": 2.953089}}
{"target": -11.327607039897954, "params": {"max_depth": 16.09840577582448, "n_estimators": 49.72756192753107}, "datetime": {"datetime": "2021-09-27 17:25:42", "elapsed": 419.580777, "delta": 2.14716}}
{"target": -11.076935797106668, "params": {"max_depth": 17.61182876993598, "n_estimators": 96.42942297139905}, "datetime": {"datetime": "2021-09-27 17:25:44", "elapsed": 422.23645, "delta": 2.655673}}
{"target": -11.12530689533231, "params": {"max_depth": 11.402389589138167, "n_estimators": 66.17397277656481}, "datetime": {"datetime": "2021-09-27 17:25:47", "elapsed": 424.799536, "delta": 2.563086}}
{"target": -11.44907841071587, "params": {"max_depth": 29.9960614136956, "n_estimators": 43.29461625695811}, "datetime": {"datetime": "2021-09-27 17:25:50", "elapsed": 427.3012, "delta": 2.501664}}
{"target": -11.090586733808594, "params": {"max_depth": 11.41496387789697, "n_estimators": 98.03882614531999}, "datetime": {"datetime": "2021-09-27 17:25:52", "elapsed": 430.034245, "delta": 2.733045}}
{"target": -11.142669818318089, "params": {"max_depth": 25.070927015158794, "n_estimators": 86.37138000508443}, "datetime": {"datetime": "2021-09-27 17:25:55", "elapsed": 433.039086, "delta": 3.004841}}
{"target": -11.49239563704512, "params": {"max_depth": 18.562777263548647, "n_estimators": 20.329059545801158}, "datetime": {"datetime": "2021-09-27 17:25:57", "elapsed": 434.603081, "delta": 1.563995}}
{"target": -11.224821181987128, "params": {"max_depth": 16.163764210916945, "n_estimators": 55.486633021003676}, "datetime": {"datetime": "2021-09-27 17:25:59", "elapsed": 437.05081, "delta": 2.447729}}
{"target": -11.026648056847742, "params": {"max_depth": 29.34741775960244, "n_estimators": 66.47745053344948}, "datetime": {"datetime": "2021-09-27 17:26:03", "elapsed": 440.863084, "delta": 3.812274}}
{"target": -11.143229427503217, "params": {"max_depth": 14.174803312539344, "n_estimators": 87.75685087980945}, "datetime": {"datetime": "2021-09-27 17:26:06", "elapsed": 443.343514, "delta": 2.48043}}
{"target": -10.956971841071688, "params": {"max_depth": 16.61798961787937, "n_estimators": 66.80517097829902}, "datetime": {"datetime": "2021-09-27 17:26:09", "elapsed": 446.59841, "delta": 3.254896}}
{"target": -11.16385903128138, "params": {"max_depth": 20.31943262647351, "n_estimators": 60.41321114163269}, "datetime": {"datetime": "2021-09-27 17:26:11", "elapsed": 448.747775, "delta": 2.149365}}
{"target": -11.192287368312389, "params": {"max_depth": 17.587620381297683, "n_estimators": 75.18685209571535}, "datetime": {"datetime": "2021-09-27 17:26:13", "elapsed": 451.033668, "delta": 2.285893}}
{"target": -11.067968436523696, "params": {"max_depth": 23.5839915220847, "n_estimators": 96.33763577004883}, "datetime": {"datetime": "2021-09-27 17:26:17", "elapsed": 454.319338, "delta": 3.28567}}
{"target": -10.999674686325864, "params": {"max_depth": 16.36895804136629, "n_estimators": 98.85963131594642}, "datetime": {"datetime": "2021-09-27 17:26:20", "elapsed": 457.329755, "delta": 3.010417}}
{"target": -11.090763207241528, "params": {"max_depth": 23.161227423053774, "n_estimators": 92.9709994747515}, "datetime": {"datetime": "2021-09-27 17:26:22", "elapsed": 459.856893, "delta": 2.527138}}
{"target": -10.985143514393844, "params": {"max_depth": 15.10969336233008, "n_estimators": 65.08858570583565}, "datetime": {"datetime": "2021-09-27 17:26:25", "elapsed": 463.026745, "delta": 3.169852}}
{"target": -11.10824509660984, "params": {"max_depth": 28.85237721697405, "n_estimators": 71.5009286450251}, "datetime": {"datetime": "2021-09-27 17:26:28", "elapsed": 466.073386, "delta": 3.046641}}
{"target": -11.217988990524578, "params": {"max_depth": 29.972301534155527, "n_estimators": 59.37279045777903}, "datetime": {"datetime": "2021-09-27 17:26:32", "elapsed": 469.871729, "delta": 3.798343}}
{"target": -11.017846384838718, "params": {"max_depth": 17.16857846680057, "n_estimators": 67.37002817521203}, "datetime": {"datetime": "2021-09-27 17:26:35", "elapsed": 472.340198, "delta": 2.468469}}
{"target": -11.080065379786475, "params": {"max_depth": 17.77607998884126, "n_estimators": 70.23973549015435}, "datetime": {"datetime": "2021-09-27 17:26:37", "elapsed": 474.716986, "delta": 2.376788}}
{"target": -10.978236811183601, "params": {"max_depth": 18.835891218255814, "n_estimators": 67.86762290718916}, "datetime": {"datetime": "2021-09-27 17:26:40", "elapsed": 477.745818, "delta": 3.028832}}
{"target": -11.03515833470986, "params": {"max_depth": 20.65168296691579, "n_estimators": 100.0}, "datetime": {"datetime": "2021-09-27 17:26:43", "elapsed": 480.693546, "delta": 2.947728}}
{"target": -11.193043718922187, "params": {"max_depth": 21.27908486745184, "n_estimators": 80.4263621686928}, "datetime": {"datetime": "2021-09-27 17:26:46", "elapsed": 483.538624, "delta": 2.845078}}
{"target": -10.964487382894891, "params": {"max_depth": 16.08276807427857, "n_estimators": 67.01244573133523}, "datetime": {"datetime": "2021-09-27 17:26:49", "elapsed": 487.127641, "delta": 3.589017}}
{"target": -11.501270912820567, "params": {"max_depth": 27.291781940663977, "n_estimators": 25.90381558849542}, "datetime": {"datetime": "2021-09-27 17:26:52", "elapsed": 489.513996, "delta": 2.386355}}
{"target": -11.300558515771888, "params": {"max_depth": 28.733768572527186, "n_estimators": 48.307828393135615}, "datetime": {"datetime": "2021-09-27 17:26:54", "elapsed": 491.637306, "delta": 2.12331}}
{"target": -11.313434915344613, "params": {"max_depth": 19.005463594361103, "n_estimators": 46.884929970693996}, "datetime": {"datetime": "2021-09-27 17:26:56", "elapsed": 494.073515, "delta": 2.436209}}
{"target": -11.44548766789332, "params": {"max_depth": 16.717846993776107, "n_estimators": 41.60771984132693}, "datetime": {"datetime": "2021-09-27 17:26:59", "elapsed": 497.047462, "delta": 2.973947}}
{"target": -11.341346927165452, "params": {"max_depth": 21.231249162598832, "n_estimators": 49.05845420138561}, "datetime": {"datetime": "2021-09-27 17:27:02", "elapsed": 499.40344, "delta": 2.355978}}
{"target": -11.102789403844158, "params": {"max_depth": 18.681130007898826, "n_estimators": 85.32309641589919}, "datetime": {"datetime": "2021-09-27 17:27:04", "elapsed": 501.941, "delta": 2.53756}}
{"target": -11.200006820796075, "params": {"max_depth": 11.960134904794334, "n_estimators": 83.28596820146633}, "datetime": {"datetime": "2021-09-27 17:27:07", "elapsed": 505.062356, "delta": 3.121356}}
{"target": -11.092441347539502, "params": {"max_depth": 17.356753419224464, "n_estimators": 92.80712921109414}, "datetime": {"datetime": "2021-09-27 17:27:12", "elapsed": 509.343657, "delta": 4.281301}}
{"target": -11.109279404547733, "params": {"max_depth": 26.25494979358572, "n_estimators": 88.21313005289653}, "datetime": {"datetime": "2021-09-27 17:27:14", "elapsed": 512.229565, "delta": 2.885908}}
{"target": -11.193552508667493, "params": {"max_depth": 27.020485446630996, "n_estimators": 61.67510026967659}, "datetime": {"datetime": "2021-09-27 17:27:18", "elapsed": 515.632175, "delta": 3.40261}}
{"target": -11.149156413889738, "params": {"max_depth": 17.5096565545115, "n_estimators": 77.3575115398586}, "datetime": {"datetime": "2021-09-27 17:27:21", "elapsed": 519.087795, "delta": 3.45562}}
{"target": -11.122558062951468, "params": {"max_depth": 14.23111236459997, "n_estimators": 68.15588558723398}, "datetime": {"datetime": "2021-09-27 17:27:24", "elapsed": 521.818187, "delta": 2.730392}}
{"target": -11.0166490295838, "params": {"max_depth": 19.019942851732967, "n_estimators": 67.31990436782664}, "datetime": {"datetime": "2021-09-27 17:27:27", "elapsed": 524.797654, "delta": 2.979467}}
{"target": -10.979716936868593, "params": {"max_depth": 20.463186982868024, "n_estimators": 65.35745179988523}, "datetime": {"datetime": "2021-09-27 17:27:31", "elapsed": 528.438027, "delta": 3.640373}}
{"target": -11.01841282929331, "params": {"max_depth": 19.680235386083545, "n_estimators": 65.6758383201001}, "datetime": {"datetime": "2021-09-27 17:27:33", "elapsed": 531.038561, "delta": 2.600534}}
{"target": -11.02216540553383, "params": {"max_depth": 21.74486760312316, "n_estimators": 65.70794764470696}, "datetime": {"datetime": "2021-09-27 17:27:37", "elapsed": 535.165047, "delta": 4.126486}}
{"target": -11.207647319222769, "params": {"max_depth": 28.203668669707923, "n_estimators": 76.71631537974542}, "datetime": {"datetime": "2021-09-27 17:27:40", "elapsed": 537.830015, "delta": 2.664968}}
{"target": -11.07134708002821, "params": {"max_depth": 19.060187840772823, "n_estimators": 68.89505985296124}, "datetime": {"datetime": "2021-09-27 17:27:44", "elapsed": 541.297867, "delta": 3.467852}}
{"target": -11.347316320879608, "params": {"max_depth": 10.280335683200898, "n_estimators": 76.79478393683978}, "datetime": {"datetime": "2021-09-27 17:27:47", "elapsed": 544.370032, "delta": 3.072165}}
{"target": -11.602758827304543, "params": {"max_depth": 26.53406508335868, "n_estimators": 17.538194135477976}, "datetime": {"datetime": "2021-09-27 17:27:50", "elapsed": 547.354797, "delta": 2.984765}}
{"target": -11.203801201760351, "params": {"max_depth": 24.019812826509757, "n_estimators": 75.56491717266447}, "datetime": {"datetime": "2021-09-27 17:27:52", "elapsed": 549.850749, "delta": 2.495952}}
{"target": -11.307768829116634, "params": {"max_depth": 24.146627033267077, "n_estimators": 47.08267279365091}, "datetime": {"datetime": "2021-09-27 17:27:55", "elapsed": 553.081767, "delta": 3.231018}}
{"target": -11.711498631820847, "params": {"max_depth": 13.023293217418495, "n_estimators": 27.626592710606786}, "datetime": {"datetime": "2021-09-27 17:27:59", "elapsed": 556.358961, "delta": 3.277194}}
{"target": -11.120380482525375, "params": {"max_depth": 17.24463176047605, "n_estimators": 88.56646738794448}, "datetime": {"datetime": "2021-09-27 17:28:01", "elapsed": 559.108586, "delta": 2.749625}}
{"target": -10.979716936868593, "params": {"max_depth": 20.664227736925607, "n_estimators": 65.99832993776809}, "datetime": {"datetime": "2021-09-27 17:28:04", "elapsed": 561.703563, "delta": 2.594977}}
{"target": -11.207647319222769, "params": {"max_depth": 21.002521849022788, "n_estimators": 76.99970726902555}, "datetime": {"datetime": "2021-09-27 17:28:08", "elapsed": 565.979662, "delta": 4.276099}}
{"target": -11.124880371421867, "params": {"max_depth": 25.607932592254766, "n_estimators": 64.15527642132086}, "datetime": {"datetime": "2021-09-27 17:28:12", "elapsed": 569.482439, "delta": 3.502777}}
{"target": -11.24174741054413, "params": {"max_depth": 23.175679582747485, "n_estimators": 55.542543575338584}, "datetime": {"datetime": "2021-09-27 17:28:15", "elapsed": 572.418005, "delta": 2.935566}}
{"target": -10.956971841071688, "params": {"max_depth": 16.239984927216824, "n_estimators": 66.30447617639472}, "datetime": {"datetime": "2021-09-27 17:28:19", "elapsed": 576.462671, "delta": 4.044666}}
{"target": -11.090542067740254, "params": {"max_depth": 25.75575592008315, "n_estimators": 94.00317520070199}, "datetime": {"datetime": "2021-09-27 17:28:22", "elapsed": 579.766049, "delta": 3.303378}}
{"target": -11.04922103917172, "params": {"max_depth": 21.26010372808687, "n_estimators": 98.01689629830018}, "datetime": {"datetime": "2021-09-27 17:28:25", "elapsed": 582.682791, "delta": 2.916742}}
{"target": -11.097717030989642, "params": {"max_depth": 15.188316710611103, "n_estimators": 72.84131890839984}, "datetime": {"datetime": "2021-09-27 17:28:29", "elapsed": 586.454995, "delta": 3.772204}}
{"target": -11.026474607533201, "params": {"max_depth": 15.727685311787628, "n_estimators": 97.19658145038883}, "datetime": {"datetime": "2021-09-27 17:28:33", "elapsed": 590.335774, "delta": 3.880779}}
{"target": -11.07809423378208, "params": {"max_depth": 15.652967379101982, "n_estimators": 94.7483632999043}, "datetime": {"datetime": "2021-09-27 17:28:36", "elapsed": 593.572383, "delta": 3.236609}}
{"target": -11.026648056847742, "params": {"max_depth": 29.979378249859785, "n_estimators": 66.63966002247483}, "datetime": {"datetime": "2021-09-27 17:28:38", "elapsed": 596.26277, "delta": 2.690387}}
{"target": -11.113710324410771, "params": {"max_depth": 15.49496822020736, "n_estimators": 83.810835352}, "datetime": {"datetime": "2021-09-27 17:28:43", "elapsed": 600.962197, "delta": 4.699427}}
{"target": -11.117391052048971, "params": {"max_depth": 19.54781515864327, "n_estimators": 72.14984345325396}, "datetime": {"datetime": "2021-09-27 17:28:47", "elapsed": 604.997017, "delta": 4.03482}}
{"target": -11.17949459854503, "params": {"max_depth": 12.12063749877374, "n_estimators": 93.79494230069479}, "datetime": {"datetime": "2021-09-27 17:28:51", "elapsed": 608.769138, "delta": 3.772121}}
{"target": -11.090542067740254, "params": {"max_depth": 23.251519841982795, "n_estimators": 94.64771002449324}, "datetime": {"datetime": "2021-09-27 17:28:55", "elapsed": 612.732199, "delta": 3.963061}}
{"target": -11.102937495328566, "params": {"max_depth": 26.31795931831493, "n_estimators": 91.99952421040759}, "datetime": {"datetime": "2021-09-27 17:28:59", "elapsed": 616.770526, "delta": 4.038327}}
{"target": -11.08885330294382, "params": {"max_depth": 30.0, "n_estimators": 68.81496486530371}, "datetime": {"datetime": "2021-09-27 17:29:02", "elapsed": 619.89416, "delta": 3.123634}}
{"target": -11.009369044259913, "params": {"max_depth": 15.097580204336811, "n_estimators": 99.44518721340108}, "datetime": {"datetime": "2021-09-27 17:29:06", "elapsed": 623.548122, "delta": 3.653962}}
{"target": -10.9864734145706, "params": {"max_depth": 15.609282570676251, "n_estimators": 67.57227597191677}, "datetime": {"datetime": "2021-09-27 17:29:10", "elapsed": 627.80029, "delta": 4.252168}}
{"target": -10.964487382894891, "params": {"max_depth": 16.411195516430766, "n_estimators": 67.00392927219436}, "datetime": {"datetime": "2021-09-27 17:29:14", "elapsed": 631.354882, "delta": 3.554592}}
{"target": -11.125040955247478, "params": {"max_depth": 15.528697752923762, "n_estimators": 77.82494574612993}, "datetime": {"datetime": "2021-09-27 17:29:18", "elapsed": 636.207575, "delta": 4.852693}}
{"target": -10.956971841071688, "params": {"max_depth": 16.352514620354285, "n_estimators": 66.63685950784144}, "datetime": {"datetime": "2021-09-27 17:29:22", "elapsed": 639.685437, "delta": 3.477862}}
{"target": -10.978236811183601, "params": {"max_depth": 18.305935523597196, "n_estimators": 67.74358809298498}, "datetime": {"datetime": "2021-09-27 17:29:26", "elapsed": 643.297209, "delta": 3.611772}}
{"target": -11.112141557374288, "params": {"max_depth": 19.603120342838437, "n_estimators": 87.5540066295255}, "datetime": {"datetime": "2021-09-27 17:29:30", "elapsed": 647.643185, "delta": 4.345976}}
{"target": -11.081768645433735, "params": {"max_depth": 20.934351137728076, "n_estimators": 64.45003260099828}, "datetime": {"datetime": "2021-09-27 17:29:34", "elapsed": 651.57119, "delta": 3.928005}}
{"target": -11.268205546640402, "params": {"max_depth": 10.42632329982992, "n_estimators": 79.71077828208473}, "datetime": {"datetime": "2021-09-27 17:29:37", "elapsed": 655.272193, "delta": 3.701003}}
{"target": -10.985143514393844, "params": {"max_depth": 15.667005710399886, "n_estimators": 65.74756633504647}, "datetime": {"datetime": "2021-09-27 17:29:41", "elapsed": 658.317453, "delta": 3.04526}}
{"target": -11.227578408095459, "params": {"max_depth": 13.834135608471376, "n_estimators": 64.95422473139531}, "datetime": {"datetime": "2021-09-27 17:29:43", "elapsed": 660.718888, "delta": 2.401435}}
{"target": -11.338532720979215, "params": {"max_depth": 27.94645204320805, "n_estimators": 45.77463925569032}, "datetime": {"datetime": "2021-09-27 17:29:47", "elapsed": 664.94255, "delta": 4.223662}}
{"target": -11.379539376389921, "params": {"max_depth": 10.383741397955914, "n_estimators": 56.361978370937074}, "datetime": {"datetime": "2021-09-27 17:29:51", "elapsed": 668.36329, "delta": 3.42074}}
{"target": -11.084256118317622, "params": {"max_depth": 29.951311188283224, "n_estimators": 93.64952873848321}, "datetime": {"datetime": "2021-09-27 17:29:53", "elapsed": 670.656354, "delta": 2.293064}}
{"target": -11.15639497045224, "params": {"max_depth": 15.69124846672435, "n_estimators": 60.78930913475059}, "datetime": {"datetime": "2021-09-27 17:29:55", "elapsed": 672.787326, "delta": 2.130972}}
