{"target": 0.8401889232406063, "params": {"max_depth": 39.94101138840289, "n_estimators": 21.4232838279453}, "datetime": {"datetime": "2021-09-21 15:49:27", "elapsed": 8.174005, "delta": 0.852895}}
{"target": 0.8395922120831986, "params": {"max_depth": 35.05058295706665, "n_estimators": 24.26595696094838}, "datetime": {"datetime": "2021-09-21 15:49:28", "elapsed": 9.352775, "delta": 1.17877}}
{"target": 0.8415337047276287, "params": {"max_depth": 37.8301103354404, "n_estimators": 20.988491450624675}, "datetime": {"datetime": "2021-09-21 15:49:29", "elapsed": 10.199772, "delta": 0.846997}}
{"target": 0.8434172421662551, "params": {"max_depth": 43.29598038808617, "n_estimators": 19.506016081667727}, "datetime": {"datetime": "2021-09-21 15:49:30", "elapsed": 10.655034, "delta": 0.455262}}
{"target": 0.8434172421662551, "params": {"max_depth": 44.944803156224104, "n_estimators": 19.408104307903194}, "datetime": {"datetime": "2021-09-21 15:49:30", "elapsed": 11.433782, "delta": 0.778748}}
{"target": 0.8302015339111183, "params": {"max_depth": 44.047456530009484, "n_estimators": 17.724166659448585}, "datetime": {"datetime": "2021-09-21 15:49:31", "elapsed": 12.343782, "delta": 0.91}}
{"target": 0.8415337047276287, "params": {"max_depth": 44.165906244943, "n_estimators": 20.16833579572549}, "datetime": {"datetime": "2021-09-21 15:49:32", "elapsed": 13.081834, "delta": 0.738052}}
{"target": 0.8415337047276287, "params": {"max_depth": 42.45990968281647, "n_estimators": 20.1094260938933}, "datetime": {"datetime": "2021-09-21 15:49:33", "elapsed": 13.702928, "delta": 0.621094}}
{"target": 0.8434172421662551, "params": {"max_depth": 45.84076063599598, "n_estimators": 19.964737208025056}, "datetime": {"datetime": "2021-09-21 15:49:34", "elapsed": 14.763528, "delta": 1.0606}}
{"target": 0.8342054482533516, "params": {"max_depth": 46.36863020625968, "n_estimators": 18.899807687536818}, "datetime": {"datetime": "2021-09-21 15:49:35", "elapsed": 15.672638, "delta": 0.90911}}
{"target": 0.8415337047276287, "params": {"max_depth": 45.261192836426666, "n_estimators": 20.504978792777994}, "datetime": {"datetime": "2021-09-21 15:49:35", "elapsed": 16.59964, "delta": 0.927002}}
{"target": 0.8415337047276287, "params": {"max_depth": 46.55174977302005, "n_estimators": 20.81588688836797}, "datetime": {"datetime": "2021-09-21 15:49:36", "elapsed": 17.148856, "delta": 0.549216}}
{"target": 0.8415337047276287, "params": {"max_depth": 35.080374192211885, "n_estimators": 20.69522286966532}, "datetime": {"datetime": "2021-09-21 15:49:37", "elapsed": 17.789438, "delta": 0.640582}}
{"target": 0.8401889232406063, "params": {"max_depth": 36.434390695426565, "n_estimators": 21.792583922048642}, "datetime": {"datetime": "2021-09-21 15:49:38", "elapsed": 19.004438, "delta": 1.215}}
{"target": 0.8342054482533516, "params": {"max_depth": 42.164886349037644, "n_estimators": 18.977003825048826}, "datetime": {"datetime": "2021-09-21 15:49:38", "elapsed": 19.638167, "delta": 0.633729}}
{"target": 0.8415337047276287, "params": {"max_depth": 43.25326901524997, "n_estimators": 20.510842254139458}, "datetime": {"datetime": "2021-09-21 15:49:39", "elapsed": 20.279162, "delta": 0.640995}}
{"target": 0.8434172421662551, "params": {"max_depth": 35.503546511889716, "n_estimators": 19.440218404727936}, "datetime": {"datetime": "2021-09-21 15:49:40", "elapsed": 20.787696, "delta": 0.508534}}
{"target": 0.8434172421662551, "params": {"max_depth": 34.63352079730064, "n_estimators": 19.498943505191598}, "datetime": {"datetime": "2021-09-21 15:49:40", "elapsed": 21.405368, "delta": 0.617672}}
{"target": 0.8342054482533516, "params": {"max_depth": 35.238776681915496, "n_estimators": 18.460222314531467}, "datetime": {"datetime": "2021-09-21 15:49:41", "elapsed": 22.015366, "delta": 0.609998}}
{"target": 0.8415337047276287, "params": {"max_depth": 35.299171264220234, "n_estimators": 20.010198963099253}, "datetime": {"datetime": "2021-09-21 15:49:42", "elapsed": 22.839554, "delta": 0.824188}}
{"target": 0.8302015339111183, "params": {"max_depth": 30.463876413324645, "n_estimators": 17.27615454693689}, "datetime": {"datetime": "2021-09-21 15:49:42", "elapsed": 23.332029, "delta": 0.492475}}
{"target": 0.8401889232406063, "params": {"max_depth": 30.740024581858854, "n_estimators": 21.13287761055356}, "datetime": {"datetime": "2021-09-21 15:49:43", "elapsed": 24.270917, "delta": 0.938888}}
{"target": 0.8395922120831986, "params": {"max_depth": 33.26144713510699, "n_estimators": 24.775690056633547}, "datetime": {"datetime": "2021-09-21 15:49:44", "elapsed": 25.208917, "delta": 0.938}}
{"target": 0.8434172421662551, "params": {"max_depth": 36.449594012903106, "n_estimators": 19.429937213745447}, "datetime": {"datetime": "2021-09-21 15:49:45", "elapsed": 26.373184, "delta": 1.164267}}
{"target": 0.8434172421662551, "params": {"max_depth": 37.47721089981546, "n_estimators": 19.855112766023403}, "datetime": {"datetime": "2021-09-21 15:49:46", "elapsed": 27.344026, "delta": 0.970842}}
{"target": 0.8401889232406063, "params": {"max_depth": 41.94592764123813, "n_estimators": 21.60537501261334}, "datetime": {"datetime": "2021-09-21 15:49:47", "elapsed": 27.979381, "delta": 0.635355}}
{"target": 0.8410545907133922, "params": {"max_depth": 47.02406663734037, "n_estimators": 22.55047715258555}, "datetime": {"datetime": "2021-09-21 15:49:47", "elapsed": 28.513376, "delta": 0.533995}}
{"target": 0.8401889232406063, "params": {"max_depth": 48.18507632945799, "n_estimators": 21.452847569372395}, "datetime": {"datetime": "2021-09-21 15:49:48", "elapsed": 29.13983, "delta": 0.626454}}
{"target": 0.8410545907133922, "params": {"max_depth": 45.547554704886345, "n_estimators": 22.62160522519384}, "datetime": {"datetime": "2021-09-21 15:49:49", "elapsed": 30.069828, "delta": 0.929998}}
{"target": 0.8395922120831986, "params": {"max_depth": 46.31979893476805, "n_estimators": 24.034751772786652}, "datetime": {"datetime": "2021-09-21 15:49:50", "elapsed": 31.030186, "delta": 0.960358}}
{"target": 0.8410545907133922, "params": {"max_depth": 43.92052140208506, "n_estimators": 22.9882252948855}, "datetime": {"datetime": "2021-09-21 15:49:51", "elapsed": 31.925297, "delta": 0.895111}}
{"target": 0.8395922120831986, "params": {"max_depth": 43.960525718026304, "n_estimators": 24.54017499749131}, "datetime": {"datetime": "2021-09-21 15:49:52", "elapsed": 32.959192, "delta": 1.033895}}
{"target": 0.8394329211700038, "params": {"max_depth": 48.384200903680764, "n_estimators": 23.33692427188489}, "datetime": {"datetime": "2021-09-21 15:49:53", "elapsed": 33.732646, "delta": 0.773454}}
{"target": 0.8410986638865767, "params": {"max_depth": 34.264082929144024, "n_estimators": 26.963935402307577}, "datetime": {"datetime": "2021-09-21 15:49:54", "elapsed": 34.795774, "delta": 1.063128}}
{"target": 0.8394329211700038, "params": {"max_depth": 42.33229466935224, "n_estimators": 23.354767655205926}, "datetime": {"datetime": "2021-09-21 15:49:54", "elapsed": 35.569061, "delta": 0.773287}}
{"target": 0.8434172421662551, "params": {"max_depth": 44.06203543403362, "n_estimators": 19.3299556605005}, "datetime": {"datetime": "2021-09-21 15:49:55", "elapsed": 36.193209, "delta": 0.624148}}
{"target": 0.8410986638865767, "params": {"max_depth": 49.88455253982488, "n_estimators": 26.882944338719778}, "datetime": {"datetime": "2021-09-21 15:49:56", "elapsed": 36.894208, "delta": 0.700999}}
{"target": 0.8410986638865767, "params": {"max_depth": 48.29444315565735, "n_estimators": 26.93327359174279}, "datetime": {"datetime": "2021-09-21 15:49:57", "elapsed": 37.707655, "delta": 0.813447}}
{"target": 0.8416664671257728, "params": {"max_depth": 49.106555188868164, "n_estimators": 25.580859620602855}, "datetime": {"datetime": "2021-09-21 15:49:57", "elapsed": 38.317653, "delta": 0.609998}}
{"target": 0.8416664671257728, "params": {"max_depth": 47.717598415446965, "n_estimators": 25.584804224025714}, "datetime": {"datetime": "2021-09-21 15:49:58", "elapsed": 39.117656, "delta": 0.800003}}
{"target": 0.8410986638865767, "params": {"max_depth": 46.700953294404655, "n_estimators": 26.688179691501183}, "datetime": {"datetime": "2021-09-21 15:49:59", "elapsed": 39.953062, "delta": 0.835406}}
{"target": 0.8395922120831986, "params": {"max_depth": 50.0, "n_estimators": 24.56629571865993}, "datetime": {"datetime": "2021-09-21 15:50:00", "elapsed": 40.744062, "delta": 0.791}}
{"target": 0.8410986638865767, "params": {"max_depth": 45.014134611989476, "n_estimators": 26.84979502982973}, "datetime": {"datetime": "2021-09-21 15:50:01", "elapsed": 41.757378, "delta": 1.013316}}
{"target": 0.8410986638865767, "params": {"max_depth": 43.27390554079726, "n_estimators": 26.968604030555042}, "datetime": {"datetime": "2021-09-21 15:50:02", "elapsed": 43.033279, "delta": 1.275901}}
{"target": 0.8384383158078919, "params": {"max_depth": 41.67509013936703, "n_estimators": 27.0}, "datetime": {"datetime": "2021-09-21 15:50:03", "elapsed": 43.999257, "delta": 0.965978}}
{"target": 0.8416664671257728, "params": {"max_depth": 45.75163213470986, "n_estimators": 25.74913582309594}, "datetime": {"datetime": "2021-09-21 15:50:04", "elapsed": 45.074259, "delta": 1.075002}}
{"target": 0.8302015339111183, "params": {"max_depth": 50.0, "n_estimators": 17.0}, "datetime": {"datetime": "2021-09-21 15:50:05", "elapsed": 46.128924, "delta": 1.054665}}
{"target": 0.8410986638865767, "params": {"max_depth": 38.96584655228071, "n_estimators": 26.942281800602323}, "datetime": {"datetime": "2021-09-21 15:50:06", "elapsed": 46.857792, "delta": 0.728868}}
{"target": 0.8416664671257728, "params": {"max_depth": 39.87674311842636, "n_estimators": 25.555019129411797}, "datetime": {"datetime": "2021-09-21 15:50:07", "elapsed": 47.854431, "delta": 0.996639}}
{"target": 0.8395922120831986, "params": {"max_depth": 40.46444981750198, "n_estimators": 24.238090403427126}, "datetime": {"datetime": "2021-09-21 15:50:08", "elapsed": 48.681431, "delta": 0.827}}
{"target": 0.8415337047276287, "params": {"max_depth": 49.97419012284883, "n_estimators": 20.72240428030631}, "datetime": {"datetime": "2021-09-21 15:50:08", "elapsed": 49.649975, "delta": 0.968544}}
{"target": 0.8410545907133922, "params": {"max_depth": 49.98736132545438, "n_estimators": 22.169078442647418}, "datetime": {"datetime": "2021-09-21 15:50:09", "elapsed": 50.53586, "delta": 0.885885}}
{"target": 0.8416664671257728, "params": {"max_depth": 38.27648850542692, "n_estimators": 25.83489337716879}, "datetime": {"datetime": "2021-09-21 15:50:10", "elapsed": 51.263822, "delta": 0.727962}}
{"target": 0.8410986638865767, "params": {"max_depth": 30.0, "n_estimators": 26.044228971892306}, "datetime": {"datetime": "2021-09-21 15:50:11", "elapsed": 52.087345, "delta": 0.823523}}
{"target": 0.8434172421662551, "params": {"max_depth": 48.94648685686569, "n_estimators": 19.832970307215465}, "datetime": {"datetime": "2021-09-21 15:50:12", "elapsed": 52.842347, "delta": 0.755002}}
{"target": 0.8434172421662551, "params": {"max_depth": 49.80378858048562, "n_estimators": 19.46601459033899}, "datetime": {"datetime": "2021-09-21 15:50:12", "elapsed": 53.579347, "delta": 0.737}}
{"target": 0.8342054482533516, "params": {"max_depth": 48.91049548522628, "n_estimators": 18.947577846401366}, "datetime": {"datetime": "2021-09-21 15:50:13", "elapsed": 54.324293, "delta": 0.744946}}
{"target": 0.8415337047276287, "params": {"max_depth": 49.07606318372245, "n_estimators": 20.482180212761065}, "datetime": {"datetime": "2021-09-21 15:50:14", "elapsed": 55.107128, "delta": 0.782835}}
{"target": 0.8434172421662551, "params": {"max_depth": 49.81265395335487, "n_estimators": 19.94752621820451}, "datetime": {"datetime": "2021-09-21 15:50:15", "elapsed": 56.432867, "delta": 1.325739}}
{"target": 0.8415337047276287, "params": {"max_depth": 47.99874834646988, "n_estimators": 20.20018951717035}, "datetime": {"datetime": "2021-09-21 15:50:16", "elapsed": 57.351242, "delta": 0.918375}}
{"target": 0.8401889232406063, "params": {"max_depth": 33.94183595388212, "n_estimators": 21.50348289822756}, "datetime": {"datetime": "2021-09-21 15:50:17", "elapsed": 58.358397, "delta": 1.007155}}
{"target": 0.8410986638865767, "params": {"max_depth": 44.174323714924185, "n_estimators": 26.009973471502423}, "datetime": {"datetime": "2021-09-21 15:50:19", "elapsed": 59.731371, "delta": 1.372974}}
{"target": 0.8416664671257728, "params": {"max_depth": 37.072703489856806, "n_estimators": 25.222128724772908}, "datetime": {"datetime": "2021-09-21 15:50:20", "elapsed": 60.720289, "delta": 0.988918}}
{"target": 0.8394329211700038, "params": {"max_depth": 36.68097809558854, "n_estimators": 23.8104769895123}, "datetime": {"datetime": "2021-09-21 15:50:20", "elapsed": 61.614356, "delta": 0.894067}}
{"target": 0.8401889232406063, "params": {"max_depth": 44.3836361962948, "n_estimators": 21.794664704377134}, "datetime": {"datetime": "2021-09-21 15:50:22", "elapsed": 62.81543, "delta": 1.201074}}
{"target": 0.8410986638865767, "params": {"max_depth": 37.83302637944827, "n_estimators": 26.92551452078883}, "datetime": {"datetime": "2021-09-21 15:50:23", "elapsed": 63.728854, "delta": 0.913424}}
{"target": 0.8415337047276287, "params": {"max_depth": 32.21200652742896, "n_estimators": 20.36643738738852}, "datetime": {"datetime": "2021-09-21 15:50:23", "elapsed": 64.577972, "delta": 0.849118}}
{"target": 0.8434172421662551, "params": {"max_depth": 31.176877795040156, "n_estimators": 19.782495815536194}, "datetime": {"datetime": "2021-09-21 15:50:24", "elapsed": 65.426031, "delta": 0.848059}}
{"target": 0.8434172421662551, "params": {"max_depth": 30.618605810707926, "n_estimators": 19.234597867851523}, "datetime": {"datetime": "2021-09-21 15:50:26", "elapsed": 66.848033, "delta": 1.422002}}
{"target": 0.8434172421662551, "params": {"max_depth": 31.375563197143112, "n_estimators": 19.09227525142555}, "datetime": {"datetime": "2021-09-21 15:50:27", "elapsed": 67.868618, "delta": 1.020585}}
{"target": 0.8302015339111183, "params": {"max_depth": 40.26503320018482, "n_estimators": 17.040519725040603}, "datetime": {"datetime": "2021-09-21 15:50:28", "elapsed": 69.042356, "delta": 1.173738}}
{"target": 0.8416664671257728, "params": {"max_depth": 31.321941060300077, "n_estimators": 25.244953004330952}, "datetime": {"datetime": "2021-09-21 15:50:29", "elapsed": 69.839524, "delta": 0.797168}}
{"target": 0.8416664671257728, "params": {"max_depth": 42.344261759174756, "n_estimators": 25.290241178864562}, "datetime": {"datetime": "2021-09-21 15:50:29", "elapsed": 70.630522, "delta": 0.790998}}
{"target": 0.8394329211700038, "params": {"max_depth": 32.1706629515026, "n_estimators": 23.54861153255375}, "datetime": {"datetime": "2021-09-21 15:50:31", "elapsed": 71.704866, "delta": 1.074344}}
{"target": 0.8416664671257728, "params": {"max_depth": 35.50397213367556, "n_estimators": 25.65713071687398}, "datetime": {"datetime": "2021-09-21 15:50:32", "elapsed": 73.164817, "delta": 1.459951}}
{"target": 0.8416664671257728, "params": {"max_depth": 41.136005317895325, "n_estimators": 25.50129833686972}, "datetime": {"datetime": "2021-09-21 15:50:34", "elapsed": 74.74948, "delta": 1.584663}}
{"target": 0.8395922120831986, "params": {"max_depth": 30.013971237563904, "n_estimators": 24.94302777128769}, "datetime": {"datetime": "2021-09-21 15:50:34", "elapsed": 75.514782, "delta": 0.765302}}
{"target": 0.8410986638865767, "params": {"max_depth": 30.65672512512384, "n_estimators": 26.91761975530694}, "datetime": {"datetime": "2021-09-21 15:50:36", "elapsed": 76.980226, "delta": 1.465444}}
{"target": 0.8410986638865767, "params": {"max_depth": 40.13453506633, "n_estimators": 26.736666791434438}, "datetime": {"datetime": "2021-09-21 15:50:37", "elapsed": 78.05757, "delta": 1.077344}}
{"target": 0.8410545907133922, "params": {"max_depth": 30.0, "n_estimators": 22.312363436470175}, "datetime": {"datetime": "2021-09-21 15:50:38", "elapsed": 79.21357, "delta": 1.156}}
{"target": 0.8410545907133922, "params": {"max_depth": 39.44426993271929, "n_estimators": 22.67648738366541}, "datetime": {"datetime": "2021-09-21 15:50:39", "elapsed": 80.012699, "delta": 0.799129}}
{"target": 0.8394329211700038, "params": {"max_depth": 33.828232644718604, "n_estimators": 23.19554750808958}, "datetime": {"datetime": "2021-09-21 15:50:41", "elapsed": 81.912578, "delta": 1.899879}}
{"target": 0.8401889232406063, "params": {"max_depth": 38.78569895583512, "n_estimators": 21.54804298449777}, "datetime": {"datetime": "2021-09-21 15:50:42", "elapsed": 82.73168, "delta": 0.819102}}
{"target": 0.8410545907133922, "params": {"max_depth": 40.79245386579192, "n_estimators": 22.617870917551148}, "datetime": {"datetime": "2021-09-21 15:50:42", "elapsed": 83.598495, "delta": 0.866815}}
{"target": 0.8415337047276287, "params": {"max_depth": 40.29744836816191, "n_estimators": 20.0740884384214}, "datetime": {"datetime": "2021-09-21 15:50:43", "elapsed": 84.474127, "delta": 0.875632}}
{"target": 0.8395922120831986, "params": {"max_depth": 48.07624595577619, "n_estimators": 24.610058288341396}, "datetime": {"datetime": "2021-09-21 15:50:45", "elapsed": 86.182778, "delta": 1.708651}}
{"target": 0.8415337047276287, "params": {"max_depth": 41.17224941669486, "n_estimators": 20.70241697988623}, "datetime": {"datetime": "2021-09-21 15:50:46", "elapsed": 87.01678, "delta": 0.834002}}
{"target": 0.8416664671257728, "params": {"max_depth": 46.72922834508655, "n_estimators": 25.367750077591758}, "datetime": {"datetime": "2021-09-21 15:50:47", "elapsed": 88.199545, "delta": 1.182765}}
{"target": 0.8434172421662551, "params": {"max_depth": 33.85901730685503, "n_estimators": 19.60864516994869}, "datetime": {"datetime": "2021-09-21 15:50:49", "elapsed": 89.855797, "delta": 1.656252}}
{"target": 0.8434172421662551, "params": {"max_depth": 32.10382991775796, "n_estimators": 19.57474488756419}, "datetime": {"datetime": "2021-09-21 15:50:50", "elapsed": 91.488545, "delta": 1.632748}}
{"target": 0.8434172421662551, "params": {"max_depth": 33.005242288148196, "n_estimators": 19.73994047975692}, "datetime": {"datetime": "2021-09-21 15:50:52", "elapsed": 93.643043, "delta": 2.154498}}
{"target": 0.8416664671257728, "params": {"max_depth": 49.980421574752256, "n_estimators": 25.834317511605974}, "datetime": {"datetime": "2021-09-21 15:50:54", "elapsed": 95.055397, "delta": 1.412354}}
{"target": 0.8394329211700038, "params": {"max_depth": 44.9888257643221, "n_estimators": 23.64817120971196}, "datetime": {"datetime": "2021-09-21 15:50:55", "elapsed": 95.893706, "delta": 0.838309}}
{"target": 0.8401889232406063, "params": {"max_depth": 46.112734469333404, "n_estimators": 21.751770280248813}, "datetime": {"datetime": "2021-09-21 15:50:56", "elapsed": 96.728442, "delta": 0.834736}}
{"target": 0.8416664671257728, "params": {"max_depth": 42.98261964820327, "n_estimators": 25.93306792231209}, "datetime": {"datetime": "2021-09-21 15:50:57", "elapsed": 98.167621, "delta": 1.439179}}
{"target": 0.8416664671257728, "params": {"max_depth": 32.33103068205453, "n_estimators": 25.665084170321652}, "datetime": {"datetime": "2021-09-21 15:50:59", "elapsed": 99.706739, "delta": 1.539118}}
{"target": 0.8410545907133922, "params": {"max_depth": 31.204250832939863, "n_estimators": 22.359756092535115}, "datetime": {"datetime": "2021-09-21 15:51:00", "elapsed": 100.912096, "delta": 1.205357}}
{"target": 0.8434172421662551, "params": {"max_depth": 34.368814846319864, "n_estimators": 19.983347966612673}, "datetime": {"datetime": "2021-09-21 15:51:01", "elapsed": 101.769098, "delta": 0.857002}}
{"target": 0.8434172421662551, "params": {"max_depth": 45.26902336609241, "n_estimators": 19.755886581280603}, "datetime": {"datetime": "2021-09-21 15:51:02", "elapsed": 103.212731, "delta": 1.443633}}
{"target": 0.8410986638865767, "params": {"max_depth": 31.188307563720723, "n_estimators": 26.06785833436237}, "datetime": {"datetime": "2021-09-21 15:51:04", "elapsed": 104.682152, "delta": 1.469421}}
{"target": 0.8410986638865767, "params": {"max_depth": 33.29001927940504, "n_estimators": 26.186642522478756}, "datetime": {"datetime": "2021-09-21 15:51:05", "elapsed": 106.075976, "delta": 1.393824}}
{"target": 0.8434172421662551, "params": {"max_depth": 36.98222764272049, "n_estimators": 19.80708007630134}, "datetime": {"datetime": "2021-09-21 15:51:06", "elapsed": 107.073976, "delta": 0.998}}
{"target": 0.8434172421662551, "params": {"max_depth": 43.65084343431191, "n_estimators": 19.749839151378445}, "datetime": {"datetime": "2021-09-21 15:51:07", "elapsed": 107.875977, "delta": 0.802001}}
{"target": 0.8394329211700038, "params": {"max_depth": 50.0, "n_estimators": 23.21562983134147}, "datetime": {"datetime": "2021-09-21 15:51:08", "elapsed": 108.773094, "delta": 0.897117}}
{"target": 0.8410986638865767, "params": {"max_depth": 37.13785536545355, "n_estimators": 26.013213962535215}, "datetime": {"datetime": "2021-09-21 15:51:09", "elapsed": 110.029093, "delta": 1.255999}}
{"target": 0.8434172421662551, "params": {"max_depth": 36.01741007189911, "n_estimators": 19.601622706377597}, "datetime": {"datetime": "2021-09-21 15:51:10", "elapsed": 110.790009, "delta": 0.760916}}
{"target": 0.8384383158078919, "params": {"max_depth": 30.0, "n_estimators": 27.0}, "datetime": {"datetime": "2021-09-21 15:51:11", "elapsed": 111.686008, "delta": 0.895999}}
{"target": 0.8410545907133922, "params": {"max_depth": 43.19824037985817, "n_estimators": 22.117006488631908}, "datetime": {"datetime": "2021-09-21 15:51:11", "elapsed": 112.53429, "delta": 0.848282}}
{"target": 0.8395922120831986, "params": {"max_depth": 36.153138933335654, "n_estimators": 24.969521910249696}, "datetime": {"datetime": "2021-09-21 15:51:12", "elapsed": 113.511513, "delta": 0.977223}}
{"target": 0.8410986638865767, "params": {"max_depth": 34.91828538271085, "n_estimators": 26.26214579348136}, "datetime": {"datetime": "2021-09-21 15:51:13", "elapsed": 114.49948, "delta": 0.987967}}
