{"target": -2.474074648954035, "params": {"max_depth": 17.598252557033817, "n_estimators": 81.08105665592606}, "datetime": {"datetime": "2021-09-21 10:08:41", "elapsed": 39.094888, "delta": 0.722239}}
{"target": -2.454761685800523, "params": {"max_depth": 19.31342724755118, "n_estimators": 62.217267804429056}, "datetime": {"datetime": "2021-09-21 10:08:42", "elapsed": 39.850567, "delta": 0.755679}}
{"target": -2.4552743542093878, "params": {"max_depth": 18.44450476114723, "n_estimators": 56.168594401125645}, "datetime": {"datetime": "2021-09-21 10:08:42", "elapsed": 40.729758, "delta": 0.879191}}
{"target": -2.4475110320443973, "params": {"max_depth": 17.810439884356434, "n_estimators": 70.67753618401012}, "datetime": {"datetime": "2021-09-21 10:08:44", "elapsed": 42.004695, "delta": 1.274937}}
{"target": -2.449949122192737, "params": {"max_depth": 19.199545454008057, "n_estimators": 68.87036052563778}, "datetime": {"datetime": "2021-09-21 10:08:45", "elapsed": 43.16429, "delta": 1.159595}}
{"target": -2.459405068463457, "params": {"max_depth": 18.691386572822232, "n_estimators": 72.90336571082646}, "datetime": {"datetime": "2021-09-21 10:08:46", "elapsed": 44.015778, "delta": 0.851488}}
{"target": -2.4802843688122724, "params": {"max_depth": 16.54158312683115, "n_estimators": 100.0}, "datetime": {"datetime": "2021-09-21 10:08:47", "elapsed": 45.018497, "delta": 1.002719}}
{"target": -2.4474198190789473, "params": {"max_depth": 30.0, "n_estimators": 64.17443425832565}, "datetime": {"datetime": "2021-09-21 10:08:48", "elapsed": 45.941685, "delta": 0.923188}}
{"target": -2.46753785147801, "params": {"max_depth": 26.736230289457435, "n_estimators": 73.4698977556667}, "datetime": {"datetime": "2021-09-21 10:08:48", "elapsed": 46.748216, "delta": 0.806531}}
{"target": -2.4447773279352223, "params": {"max_depth": 23.22172917142093, "n_estimators": 65.31994669911833}, "datetime": {"datetime": "2021-09-21 10:08:49", "elapsed": 47.472932, "delta": 0.724716}}
{"target": -2.4580043859649128, "params": {"max_depth": 29.970555718529845, "n_estimators": 54.455520040042735}, "datetime": {"datetime": "2021-09-21 10:08:50", "elapsed": 48.178826, "delta": 0.705894}}
{"target": -2.4457914086687307, "params": {"max_depth": 24.642093607340318, "n_estimators": 68.21668362689}, "datetime": {"datetime": "2021-09-21 10:08:51", "elapsed": 48.962556, "delta": 0.78373}}
{"target": -2.4455565142364106, "params": {"max_depth": 25.22899938075781, "n_estimators": 61.81265123658842}, "datetime": {"datetime": "2021-09-21 10:08:52", "elapsed": 49.806652, "delta": 0.844096}}
{"target": -2.4423802042419482, "params": {"max_depth": 30.0, "n_estimators": 67.72914470662892}, "datetime": {"datetime": "2021-09-21 10:08:53", "elapsed": 51.064475, "delta": 1.257823}}
{"target": -2.5311808420581485, "params": {"max_depth": 10.230765860083597, "n_estimators": 50.00841639958442}, "datetime": {"datetime": "2021-09-21 10:08:54", "elapsed": 51.919331, "delta": 0.854856}}
{"target": -2.4680688463583196, "params": {"max_depth": 25.853343449873947, "n_estimators": 99.79733702869575}, "datetime": {"datetime": "2021-09-21 10:08:55", "elapsed": 53.023784, "delta": 1.104453}}
{"target": -2.4460728744939266, "params": {"max_depth": 26.400411236422038, "n_estimators": 65.83841897188927}, "datetime": {"datetime": "2021-09-21 10:08:56", "elapsed": 53.904935, "delta": 0.881151}}
{"target": -2.474834162728399, "params": {"max_depth": 13.471475670018958, "n_estimators": 61.574564325947996}, "datetime": {"datetime": "2021-09-21 10:08:56", "elapsed": 54.668895, "delta": 0.76396}}
{"target": -2.456602870813397, "params": {"max_depth": 23.224920483419165, "n_estimators": 55.204308881679125}, "datetime": {"datetime": "2021-09-21 10:08:58", "elapsed": 56.167051, "delta": 1.498156}}
{"target": -2.440998803827751, "params": {"max_depth": 28.546315045213124, "n_estimators": 66.5904238299004}, "datetime": {"datetime": "2021-09-21 10:08:59", "elapsed": 57.584707, "delta": 1.417656}}
{"target": -2.4411298131692867, "params": {"max_depth": 21.67707779220246, "n_estimators": 66.9312374743829}, "datetime": {"datetime": "2021-09-21 10:09:01", "elapsed": 58.906383, "delta": 1.321676}}
{"target": -2.4373795520999466, "params": {"max_depth": 20.52134466914943, "n_estimators": 66.75172538268725}, "datetime": {"datetime": "2021-09-21 10:09:02", "elapsed": 60.098443, "delta": 1.19206}}
{"target": -2.4465999731916854, "params": {"max_depth": 19.93539348390985, "n_estimators": 67.03817599355693}, "datetime": {"datetime": "2021-09-21 10:09:03", "elapsed": 61.60099, "delta": 1.502547}}
{"target": -2.4564302983702797, "params": {"max_depth": 16.800246496651198, "n_estimators": 68.41836827958042}, "datetime": {"datetime": "2021-09-21 10:09:04", "elapsed": 62.615758, "delta": 1.014768}}
{"target": -2.502430425514465, "params": {"max_depth": 10.0, "n_estimators": 94.03271697652731}, "datetime": {"datetime": "2021-09-21 10:09:06", "elapsed": 63.881332, "delta": 1.265574}}
{"target": -2.4827791585445094, "params": {"max_depth": 19.29030447744308, "n_estimators": 90.59585273426097}, "datetime": {"datetime": "2021-09-21 10:09:07", "elapsed": 65.429778, "delta": 1.548446}}
{"target": -2.478309793715057, "params": {"max_depth": 17.69463841543823, "n_estimators": 50.321241648470185}, "datetime": {"datetime": "2021-09-21 10:09:08", "elapsed": 66.627578, "delta": 1.1978}}
{"target": -2.4498914464556076, "params": {"max_depth": 14.452852200548545, "n_estimators": 83.96334990410698}, "datetime": {"datetime": "2021-09-21 10:09:10", "elapsed": 68.3383, "delta": 1.710722}}
{"target": -2.45484022556391, "params": {"max_depth": 27.29419036397257, "n_estimators": 56.76637062824145}, "datetime": {"datetime": "2021-09-21 10:09:11", "elapsed": 69.531918, "delta": 1.193618}}
{"target": -2.474945175438596, "params": {"max_depth": 24.275096610027678, "n_estimators": 96.50815568344511}, "datetime": {"datetime": "2021-09-21 10:09:13", "elapsed": 71.373884, "delta": 1.841966}}
{"target": -2.4500955008488963, "params": {"max_depth": 27.33027486655757, "n_estimators": 62.61233503513849}, "datetime": {"datetime": "2021-09-21 10:09:14", "elapsed": 72.60634, "delta": 1.232456}}
{"target": -2.4508434472343468, "params": {"max_depth": 14.743724433342328, "n_estimators": 86.81790920490076}, "datetime": {"datetime": "2021-09-21 10:09:16", "elapsed": 74.050175, "delta": 1.443835}}
{"target": -2.456547224418812, "params": {"max_depth": 14.948905829464858, "n_estimators": 89.93282625354448}, "datetime": {"datetime": "2021-09-21 10:09:17", "elapsed": 75.229097, "delta": 1.178922}}
{"target": -2.4574152542372882, "params": {"max_depth": 29.96188992125751, "n_estimators": 59.57238526039529}, "datetime": {"datetime": "2021-09-21 10:09:18", "elapsed": 76.410101, "delta": 1.181004}}
{"target": -2.457958698830409, "params": {"max_depth": 29.97755746309474, "n_estimators": 72.63311583528255}, "datetime": {"datetime": "2021-09-21 10:09:19", "elapsed": 77.61293, "delta": 1.202829}}
{"target": -2.503622720111251, "params": {"max_depth": 10.037967686142363, "n_estimators": 59.29761387453112}, "datetime": {"datetime": "2021-09-21 10:09:21", "elapsed": 78.846315, "delta": 1.233385}}
{"target": -2.45865858972143, "params": {"max_depth": 19.499087204218544, "n_estimators": 58.735442432559914}, "datetime": {"datetime": "2021-09-21 10:09:22", "elapsed": 79.927503, "delta": 1.081188}}
{"target": -2.4532378481414803, "params": {"max_depth": 22.1068014965351, "n_estimators": 71.30495473290868}, "datetime": {"datetime": "2021-09-21 10:09:23", "elapsed": 81.132437, "delta": 1.204934}}
{"target": -2.479368421052631, "params": {"max_depth": 25.999214477609808, "n_estimators": 50.0}, "datetime": {"datetime": "2021-09-21 10:09:24", "elapsed": 82.154096, "delta": 1.021659}}
{"target": -2.4757880277617113, "params": {"max_depth": 26.237427627818736, "n_estimators": 91.06969477869305}, "datetime": {"datetime": "2021-09-21 10:09:26", "elapsed": 83.940774, "delta": 1.786678}}
{"target": -2.4460204851823826, "params": {"max_depth": 14.881833848387716, "n_estimators": 78.20085738005442}, "datetime": {"datetime": "2021-09-21 10:09:27", "elapsed": 85.182331, "delta": 1.241557}}
{"target": -2.4799161208902887, "params": {"max_depth": 15.091982858704851, "n_estimators": 76.31886108670261}, "datetime": {"datetime": "2021-09-21 10:09:28", "elapsed": 86.356289, "delta": 1.173958}}
{"target": -2.4826074235149975, "params": {"max_depth": 15.928357432056579, "n_estimators": 79.1918692260018}, "datetime": {"datetime": "2021-09-21 10:09:29", "elapsed": 87.766916, "delta": 1.410627}}
{"target": -2.483070621792196, "params": {"max_depth": 13.177025209313527, "n_estimators": 78.66374989153502}, "datetime": {"datetime": "2021-09-21 10:09:31", "elapsed": 89.26322, "delta": 1.496304}}
{"target": -2.4854570623369483, "params": {"max_depth": 16.211031145398163, "n_estimators": 83.37737618929602}, "datetime": {"datetime": "2021-09-21 10:09:32", "elapsed": 90.590393, "delta": 1.327173}}
{"target": -2.502105117875896, "params": {"max_depth": 12.589060146703897, "n_estimators": 84.2452413943438}, "datetime": {"datetime": "2021-09-21 10:09:34", "elapsed": 92.076308, "delta": 1.485915}}
{"target": -2.4754132928475037, "params": {"max_depth": 26.857725143815973, "n_estimators": 78.6902047202633}, "datetime": {"datetime": "2021-09-21 10:09:35", "elapsed": 93.319515, "delta": 1.243207}}
{"target": -2.4776949904882684, "params": {"max_depth": 25.736029681040222, "n_estimators": 83.25565070484726}, "datetime": {"datetime": "2021-09-21 10:09:37", "elapsed": 94.813172, "delta": 1.493657}}
{"target": -2.4574152542372882, "params": {"max_depth": 24.76222436194272, "n_estimators": 59.82804221553057}, "datetime": {"datetime": "2021-09-21 10:09:38", "elapsed": 96.009657, "delta": 1.196485}}
{"target": -2.481268036622431, "params": {"max_depth": 18.702301699925755, "n_estimators": 53.85623454906181}, "datetime": {"datetime": "2021-09-21 10:09:39", "elapsed": 97.164788, "delta": 1.155131}}
{"target": -2.4616451024899972, "params": {"max_depth": 15.997744968830096, "n_estimators": 58.38464039006344}, "datetime": {"datetime": "2021-09-21 10:09:40", "elapsed": 98.359519, "delta": 1.194731}}
{"target": -2.483198582158409, "params": {"max_depth": 16.126335492915786, "n_estimators": 88.13201108707443}, "datetime": {"datetime": "2021-09-21 10:09:42", "elapsed": 99.921658, "delta": 1.562139}}
{"target": -2.4484713864281114, "params": {"max_depth": 14.33204003885124, "n_estimators": 92.19785785468176}, "datetime": {"datetime": "2021-09-21 10:09:43", "elapsed": 101.545225, "delta": 1.623567}}
{"target": -2.4833385896807663, "params": {"max_depth": 13.069795708967543, "n_estimators": 90.66510156152324}, "datetime": {"datetime": "2021-09-21 10:09:45", "elapsed": 103.021163, "delta": 1.475938}}
{"target": -2.481689066188715, "params": {"max_depth": 16.070682961954052, "n_estimators": 91.9458136448303}, "datetime": {"datetime": "2021-09-21 10:09:47", "elapsed": 104.807914, "delta": 1.786751}}
{"target": -2.4553884528250673, "params": {"max_depth": 14.045299893575585, "n_estimators": 94.52069661839587}, "datetime": {"datetime": "2021-09-21 10:09:48", "elapsed": 106.769337, "delta": 1.961423}}
{"target": -2.467353308148674, "params": {"max_depth": 15.775856975358435, "n_estimators": 71.12389983088781}, "datetime": {"datetime": "2021-09-21 10:09:50", "elapsed": 108.24073, "delta": 1.471393}}
{"target": -2.4727662625431948, "params": {"max_depth": 20.21720331118448, "n_estimators": 96.31323055093131}, "datetime": {"datetime": "2021-09-21 10:09:52", "elapsed": 110.003242, "delta": 1.762512}}
{"target": -2.477513286227617, "params": {"max_depth": 21.178878072989928, "n_estimators": 83.21840499009551}, "datetime": {"datetime": "2021-09-21 10:09:53", "elapsed": 111.583389, "delta": 1.580147}}
{"target": -2.451152994092374, "params": {"max_depth": 21.73409256612728, "n_estimators": 56.29101927519358}, "datetime": {"datetime": "2021-09-21 10:09:55", "elapsed": 112.937389, "delta": 1.354}}
{"target": -2.459206660012225, "params": {"max_depth": 16.617040202082926, "n_estimators": 62.044350400405776}, "datetime": {"datetime": "2021-09-21 10:09:56", "elapsed": 114.413827, "delta": 1.476438}}
{"target": -2.44873726655348, "params": {"max_depth": 23.793534467552007, "n_estimators": 62.83736117662449}, "datetime": {"datetime": "2021-09-21 10:09:58", "elapsed": 115.849369, "delta": 1.435542}}
{"target": -2.472881519397668, "params": {"max_depth": 20.759900976500738, "n_estimators": 77.71366007562676}, "datetime": {"datetime": "2021-09-21 10:09:59", "elapsed": 117.477543, "delta": 1.628174}}
{"target": -2.4853485805378632, "params": {"max_depth": 10.063928786835278, "n_estimators": 68.68543755718531}, "datetime": {"datetime": "2021-09-21 10:10:01", "elapsed": 118.866334, "delta": 1.388791}}
{"target": -2.4507240394692196, "params": {"max_depth": 16.981787982042544, "n_estimators": 66.5765230143993}, "datetime": {"datetime": "2021-09-21 10:10:02", "elapsed": 120.35362, "delta": 1.487286}}
{"target": -2.462738521773918, "params": {"max_depth": 19.38859166140965, "n_estimators": 71.20214521505883}, "datetime": {"datetime": "2021-09-21 10:10:03", "elapsed": 121.421804, "delta": 1.068184}}
{"target": -2.451005230467473, "params": {"max_depth": 22.559235753911285, "n_estimators": 69.76434154161169}, "datetime": {"datetime": "2021-09-21 10:10:04", "elapsed": 122.352918, "delta": 0.931114}}
{"target": -2.44877870093377, "params": {"max_depth": 14.2321111291089, "n_estimators": 97.18174374745709}, "datetime": {"datetime": "2021-09-21 10:10:05", "elapsed": 123.430618, "delta": 1.0777}}
{"target": -2.476283597424421, "params": {"max_depth": 15.938059337756602, "n_estimators": 96.72495331832576}, "datetime": {"datetime": "2021-09-21 10:10:06", "elapsed": 124.542276, "delta": 1.111658}}
{"target": -2.4960776187142226, "params": {"max_depth": 12.655352070571436, "n_estimators": 96.93506407299971}, "datetime": {"datetime": "2021-09-21 10:10:08", "elapsed": 125.864275, "delta": 1.321999}}
{"target": -2.4540956263899183, "params": {"max_depth": 28.293136716792183, "n_estimators": 71.13037047555929}, "datetime": {"datetime": "2021-09-21 10:10:09", "elapsed": 126.804928, "delta": 0.940653}}
{"target": -2.451327699348353, "params": {"max_depth": 14.944167371340287, "n_estimators": 85.34944431300883}, "datetime": {"datetime": "2021-09-21 10:10:10", "elapsed": 127.890728, "delta": 1.0858}}
{"target": -2.4781503036437247, "params": {"max_depth": 23.67657722469101, "n_estimators": 52.934375805639846}, "datetime": {"datetime": "2021-09-21 10:10:10", "elapsed": 128.657221, "delta": 0.766493}}
{"target": -2.45484022556391, "params": {"max_depth": 25.32256205825474, "n_estimators": 56.4382429485068}, "datetime": {"datetime": "2021-09-21 10:10:11", "elapsed": 129.585426, "delta": 0.928205}}
{"target": -2.4485442928044527, "params": {"max_depth": 14.32489662410246, "n_estimators": 98.83600957121084}, "datetime": {"datetime": "2021-09-21 10:10:12", "elapsed": 130.708032, "delta": 1.122606}}
{"target": -2.4806852035749754, "params": {"max_depth": 28.173932204888658, "n_estimators": 53.356729146808746}, "datetime": {"datetime": "2021-09-21 10:10:13", "elapsed": 131.600043, "delta": 0.892011}}
{"target": -2.4723203341507904, "params": {"max_depth": 13.93235129784558, "n_estimators": 64.69758419771294}, "datetime": {"datetime": "2021-09-21 10:10:14", "elapsed": 132.588431, "delta": 0.988388}}
{"target": -2.4474198190789473, "params": {"max_depth": 26.71716452468186, "n_estimators": 64.17768478518983}, "datetime": {"datetime": "2021-09-21 10:10:15", "elapsed": 133.628924, "delta": 1.040493}}
{"target": -2.4749458204334362, "params": {"max_depth": 29.9679519841107, "n_estimators": 85.62739378569626}, "datetime": {"datetime": "2021-09-21 10:10:16", "elapsed": 134.702717, "delta": 1.073793}}
{"target": -2.457958698830409, "params": {"max_depth": 24.239917160308494, "n_estimators": 72.5298484136674}, "datetime": {"datetime": "2021-09-21 10:10:17", "elapsed": 135.725501, "delta": 1.022784}}
{"target": -2.4489520676691736, "params": {"max_depth": 22.13261370944006, "n_estimators": 60.97770720136741}, "datetime": {"datetime": "2021-09-21 10:10:18", "elapsed": 136.650184, "delta": 0.924683}}
{"target": -2.4457914086687307, "params": {"max_depth": 27.76088235197724, "n_estimators": 68.1935411758877}, "datetime": {"datetime": "2021-09-21 10:10:19", "elapsed": 137.649395, "delta": 0.999211}}
{"target": -2.4523435007974483, "params": {"max_depth": 20.367697979978256, "n_estimators": 55.80146775352169}, "datetime": {"datetime": "2021-09-21 10:10:20", "elapsed": 138.643295, "delta": 0.9939}}
{"target": -2.4460728744939266, "params": {"max_depth": 24.689023845691352, "n_estimators": 65.63849728101148}, "datetime": {"datetime": "2021-09-21 10:10:21", "elapsed": 139.551592, "delta": 0.908297}}
{"target": -2.4843855601081355, "params": {"max_depth": 22.590947176795808, "n_estimators": 89.78379227884169}, "datetime": {"datetime": "2021-09-21 10:10:22", "elapsed": 140.650082, "delta": 1.09849}}
{"target": -2.446776609492481, "params": {"max_depth": 22.109555742145876, "n_estimators": 64.39952754119945}, "datetime": {"datetime": "2021-09-21 10:10:24", "elapsed": 141.824726, "delta": 1.174644}}
{"target": -2.4504803675856306, "params": {"max_depth": 28.72124997955049, "n_estimators": 63.37576771770513}, "datetime": {"datetime": "2021-09-21 10:10:24", "elapsed": 142.760549, "delta": 0.935823}}
{"target": -2.4732772653282686, "params": {"max_depth": 27.78402326261312, "n_estimators": 97.3677060603384}, "datetime": {"datetime": "2021-09-21 10:10:26", "elapsed": 144.179612, "delta": 1.419063}}
{"target": -2.4455565142364106, "params": {"max_depth": 28.552493498764303, "n_estimators": 61.01826947280831}, "datetime": {"datetime": "2021-09-21 10:10:27", "elapsed": 145.27886, "delta": 1.099248}}
{"target": -2.4558756805807627, "params": {"max_depth": 28.295645077586858, "n_estimators": 58.57898537039074}, "datetime": {"datetime": "2021-09-21 10:10:28", "elapsed": 146.270341, "delta": 0.991481}}
{"target": -2.4540956263899183, "params": {"max_depth": 25.9920828925828, "n_estimators": 71.18446199579239}, "datetime": {"datetime": "2021-09-21 10:10:29", "elapsed": 147.243008, "delta": 0.972667}}
{"target": -2.4411233307148463, "params": {"max_depth": 23.586004357668664, "n_estimators": 67.61656644194869}, "datetime": {"datetime": "2021-09-21 10:10:30", "elapsed": 148.30993, "delta": 1.066922}}
{"target": -2.442397941970311, "params": {"max_depth": 20.753835727903812, "n_estimators": 65.70342097463751}, "datetime": {"datetime": "2021-09-21 10:10:31", "elapsed": 149.330819, "delta": 1.020889}}
{"target": -2.452033944502592, "params": {"max_depth": 18.07787950564903, "n_estimators": 64.09122902293755}, "datetime": {"datetime": "2021-09-21 10:10:32", "elapsed": 150.277066, "delta": 0.946247}}
{"target": -2.479105519993678, "params": {"max_depth": 19.304431025962458, "n_estimators": 74.8647199677612}, "datetime": {"datetime": "2021-09-21 10:10:33", "elapsed": 151.241065, "delta": 0.963999}}
{"target": -2.472619459833795, "params": {"max_depth": 24.782102722854184, "n_estimators": 76.23777815840857}, "datetime": {"datetime": "2021-09-21 10:10:34", "elapsed": 152.410528, "delta": 1.169463}}
{"target": -2.4584688995215314, "params": {"max_depth": 28.994128596228204, "n_estimators": 55.90057112665283}, "datetime": {"datetime": "2021-09-21 10:10:35", "elapsed": 153.21896, "delta": 0.808432}}
{"target": -2.4468157541029996, "params": {"max_depth": 20.913788306499086, "n_estimators": 62.49225289400014}, "datetime": {"datetime": "2021-09-21 10:10:36", "elapsed": 154.469416, "delta": 1.250456}}
{"target": -2.440998803827751, "params": {"max_depth": 27.606461842948356, "n_estimators": 66.65162276628637}, "datetime": {"datetime": "2021-09-21 10:10:37", "elapsed": 155.421072, "delta": 0.951656}}
{"target": -2.4397228867623606, "params": {"max_depth": 23.875989090663293, "n_estimators": 66.45458603413235}, "datetime": {"datetime": "2021-09-21 10:10:38", "elapsed": 156.500437, "delta": 1.079365}}
{"target": -2.4453767691287034, "params": {"max_depth": 21.207895342174858, "n_estimators": 68.92143431209175}, "datetime": {"datetime": "2021-09-21 10:10:39", "elapsed": 157.627078, "delta": 1.126641}}
{"target": -2.451887871853547, "params": {"max_depth": 29.005971777768558, "n_estimators": 69.04166721392318}, "datetime": {"datetime": "2021-09-21 10:10:40", "elapsed": 158.690882, "delta": 1.063804}}
{"target": -2.440998803827751, "params": {"max_depth": 29.997043898579673, "n_estimators": 66.89791427392944}, "datetime": {"datetime": "2021-09-21 10:10:41", "elapsed": 159.699478, "delta": 1.008596}}
{"target": -2.4500955008488963, "params": {"max_depth": 25.790711165497253, "n_estimators": 62.99027504053375}, "datetime": {"datetime": "2021-09-21 10:10:42", "elapsed": 160.724778, "delta": 1.0253}}
{"target": -2.4769891660496133, "params": {"max_depth": 13.714389927666579, "n_estimators": 93.15457173095905}, "datetime": {"datetime": "2021-09-21 10:10:44", "elapsed": 162.05978, "delta": 1.335002}}
{"target": -2.4773484343770815, "params": {"max_depth": 29.961614849900464, "n_estimators": 79.71465628545393}, "datetime": {"datetime": "2021-09-21 10:10:45", "elapsed": 163.23222, "delta": 1.17244}}
{"target": -2.450352855477856, "params": {"max_depth": 18.00433556224918, "n_estimators": 65.8355580498804}, "datetime": {"datetime": "2021-09-21 10:10:46", "elapsed": 164.346042, "delta": 1.113822}}
{"target": -2.454396690511, "params": {"max_depth": 17.210466974183777, "n_estimators": 72.3689412878562}, "datetime": {"datetime": "2021-09-21 10:10:47", "elapsed": 165.634686, "delta": 1.288644}}
{"target": -2.4785962779513264, "params": {"max_depth": 15.083223898900652, "n_estimators": 95.09569043736897}, "datetime": {"datetime": "2021-09-21 10:10:49", "elapsed": 166.835041, "delta": 1.200355}}
