{"target": -11.148966365366354, "params": {"max_depth": 20.37406500137641, "n_estimators": 56.58800028600463}, "datetime": {"datetime": "2021-09-27 17:29:57", "elapsed": 675.210023, "delta": 2.422697}}
{"target": -11.487639911650076, "params": {"max_depth": 9.90916707221806, "n_estimators": 63.6583606045246}, "datetime": {"datetime": "2021-09-27 17:30:00", "elapsed": 677.30993, "delta": 2.099907}}
{"target": -11.10824509660984, "params": {"max_depth": 25.62238076176152, "n_estimators": 71.94629649410317}, "datetime": {"datetime": "2021-09-27 17:30:02", "elapsed": 679.671483, "delta": 2.361553}}
{"target": -11.167782409883527, "params": {"max_depth": 23.94421111255859, "n_estimators": 83.49612893794497}, "datetime": {"datetime": "2021-09-27 17:30:05", "elapsed": 682.30432, "delta": 2.632837}}
{"target": -10.956971841071688, "params": {"max_depth": 16.487570730854436, "n_estimators": 66.44015202073604}, "datetime": {"datetime": "2021-09-27 17:30:09", "elapsed": 686.547377, "delta": 4.243057}}
{"target": -11.063626412195434, "params": {"max_depth": 15.184398637121992, "n_estimators": 90.97164968720908}, "datetime": {"datetime": "2021-09-27 17:30:12", "elapsed": 689.418625, "delta": 2.871248}}
{"target": -11.118193162985737, "params": {"max_depth": 22.150864810967672, "n_estimators": 89.37085177913347}, "datetime": {"datetime": "2021-09-27 17:30:15", "elapsed": 692.771003, "delta": 3.352378}}
{"target": -11.031160964068672, "params": {"max_depth": 25.213843115384144, "n_estimators": 99.38638924663843}, "datetime": {"datetime": "2021-09-27 17:30:19", "elapsed": 697.106355, "delta": 4.335352}}
{"target": -11.02216540553383, "params": {"max_depth": 29.018018482296036, "n_estimators": 65.12779626921136}, "datetime": {"datetime": "2021-09-27 17:30:22", "elapsed": 699.798554, "delta": 2.692199}}
{"target": -11.142669818318089, "params": {"max_depth": 28.85991361759932, "n_estimators": 86.84744890091176}, "datetime": {"datetime": "2021-09-27 17:30:25", "elapsed": 702.784724, "delta": 2.98617}}
{"target": -11.080180415218328, "params": {"max_depth": 15.630550947726565, "n_estimators": 64.80951063776506}, "datetime": {"datetime": "2021-09-27 17:30:28", "elapsed": 706.229913, "delta": 3.445189}}
{"target": -11.177998557434393, "params": {"max_depth": 17.47702355517329, "n_estimators": 62.67921629129232}, "datetime": {"datetime": "2021-09-27 17:30:30", "elapsed": 708.211791, "delta": 1.981878}}
{"target": -12.07865493449533, "params": {"max_depth": 24.370264823915928, "n_estimators": 7.6143973245029715}, "datetime": {"datetime": "2021-09-27 17:30:32", "elapsed": 710.145026, "delta": 1.933235}}
{"target": -11.892128194682654, "params": {"max_depth": 7.097275946257537, "n_estimators": 59.418827048039994}, "datetime": {"datetime": "2021-09-27 17:30:36", "elapsed": 713.719948, "delta": 3.574922}}
{"target": -11.125728541792398, "params": {"max_depth": 17.398556875873975, "n_estimators": 64.43864618626549}, "datetime": {"datetime": "2021-09-27 17:30:38", "elapsed": 715.644578, "delta": 1.92463}}
{"target": -11.435531932155477, "params": {"max_depth": 24.113459200687483, "n_estimators": 41.70225952471646}, "datetime": {"datetime": "2021-09-27 17:30:41", "elapsed": 719.263452, "delta": 3.618874}}
{"target": -11.461626495822792, "params": {"max_depth": 12.012673417578842, "n_estimators": 46.22492689046626}, "datetime": {"datetime": "2021-09-27 17:30:44", "elapsed": 721.495006, "delta": 2.231554}}
{"target": -11.430730113389282, "params": {"max_depth": 15.267722767957927, "n_estimators": 18.169860161761918}, "datetime": {"datetime": "2021-09-27 17:30:46", "elapsed": 723.622541, "delta": 2.127535}}
{"target": -11.773189428203164, "params": {"max_depth": 22.055867655573017, "n_estimators": 12.740444083845567}, "datetime": {"datetime": "2021-09-27 17:30:48", "elapsed": 725.664684, "delta": 2.042143}}
{"target": -11.13157843097525, "params": {"max_depth": 15.782295643184803, "n_estimators": 62.447420758171916}, "datetime": {"datetime": "2021-09-27 17:30:52", "elapsed": 729.725472, "delta": 4.060788}}
{"target": -11.649342870367354, "params": {"max_depth": 8.366269364649309, "n_estimators": 90.93113301656415}, "datetime": {"datetime": "2021-09-27 17:30:56", "elapsed": 733.536022, "delta": 3.81055}}
{"target": -11.502986629139171, "params": {"max_depth": 11.263481508865409, "n_estimators": 43.48579728732626}, "datetime": {"datetime": "2021-09-27 17:30:59", "elapsed": 736.807123, "delta": 3.271101}}
{"target": -11.515389395768153, "params": {"max_depth": 30.0, "n_estimators": 37.825105908963735}, "datetime": {"datetime": "2021-09-27 17:31:02", "elapsed": 739.412719, "delta": 2.605596}}
{"target": -11.193043718922187, "params": {"max_depth": 23.486458904288536, "n_estimators": 80.12762628025311}, "datetime": {"datetime": "2021-09-27 17:31:05", "elapsed": 742.677647, "delta": 3.264928}}
{"target": -11.541989739148217, "params": {"max_depth": 18.20655334255208, "n_estimators": 28.425368257824367}, "datetime": {"datetime": "2021-09-27 17:31:08", "elapsed": 745.997919, "delta": 3.320272}}
{"target": -11.429285730618792, "params": {"max_depth": 19.74054559028308, "n_estimators": 32.74013210867376}, "datetime": {"datetime": "2021-09-27 17:31:11", "elapsed": 748.594209, "delta": 2.59629}}
{"target": -11.54697356404952, "params": {"max_depth": 22.119456652957236, "n_estimators": 24.29894151658763}, "datetime": {"datetime": "2021-09-27 17:31:15", "elapsed": 752.362912, "delta": 3.768703}}
{"target": -11.3718336561989, "params": {"max_depth": 18.85925562429962, "n_estimators": 41.69738965926934}, "datetime": {"datetime": "2021-09-27 17:31:17", "elapsed": 754.776438, "delta": 2.413526}}
{"target": -11.17187449178597, "params": {"max_depth": 11.35917657735324, "n_estimators": 71.43604903790644}, "datetime": {"datetime": "2021-09-27 17:31:20", "elapsed": 757.812171, "delta": 3.035733}}
{"target": -11.24174741054413, "params": {"max_depth": 29.751134756123776, "n_estimators": 55.871742787789536}, "datetime": {"datetime": "2021-09-27 17:31:23", "elapsed": 761.129992, "delta": 3.317821}}
{"target": -11.100211675715176, "params": {"max_depth": 23.146282892391383, "n_estimators": 69.46726816378778}, "datetime": {"datetime": "2021-09-27 17:31:27", "elapsed": 765.201296, "delta": 4.071304}}
{"target": -11.14279520875126, "params": {"max_depth": 19.955639622999136, "n_estimators": 82.0996927713743}, "datetime": {"datetime": "2021-09-27 17:31:33", "elapsed": 770.376985, "delta": 5.175689}}
{"target": -11.090763207241528, "params": {"max_depth": 28.288095176638887, "n_estimators": 92.24112049794353}, "datetime": {"datetime": "2021-09-27 17:31:37", "elapsed": 774.396756, "delta": 4.019771}}
{"target": -11.16791776625445, "params": {"max_depth": 17.797508762957964, "n_estimators": 80.80579779600647}, "datetime": {"datetime": "2021-09-27 17:31:40", "elapsed": 777.317826, "delta": 2.92107}}
{"target": -11.169972662513269, "params": {"max_depth": 28.483542090341285, "n_estimators": 79.55217227261424}, "datetime": {"datetime": "2021-09-27 17:31:42", "elapsed": 780.058928, "delta": 2.741102}}
{"target": -10.976995895932966, "params": {"max_depth": 16.438307826318777, "n_estimators": 65.6775172618783}, "datetime": {"datetime": "2021-09-27 17:31:45", "elapsed": 782.909766, "delta": 2.850838}}
{"target": -11.031160964068672, "params": {"max_depth": 29.96881215442692, "n_estimators": 99.15630397898161}, "datetime": {"datetime": "2021-09-27 17:31:48", "elapsed": 786.115043, "delta": 3.205277}}
{"target": -11.158612121193915, "params": {"max_depth": 15.11703397384835, "n_estimators": 74.4670902126872}, "datetime": {"datetime": "2021-09-27 17:31:51", "elapsed": 789.191936, "delta": 3.076893}}
{"target": -11.251325018005364, "params": {"max_depth": 10.278289986439294, "n_estimators": 89.22168462551892}, "datetime": {"datetime": "2021-09-27 17:31:54", "elapsed": 792.0627, "delta": 2.870764}}
{"target": -11.08885330294382, "params": {"max_depth": 27.098855727513246, "n_estimators": 68.7003655045124}, "datetime": {"datetime": "2021-09-27 17:31:58", "elapsed": 795.305675, "delta": 3.242975}}
{"target": -11.179666446006008, "params": {"max_depth": 24.80739314936334, "n_estimators": 82.03562248799142}, "datetime": {"datetime": "2021-09-27 17:32:03", "elapsed": 800.44856, "delta": 5.142885}}
{"target": -11.084133825485583, "params": {"max_depth": 14.947696230435353, "n_estimators": 65.4596766168247}, "datetime": {"datetime": "2021-09-27 17:32:07", "elapsed": 805.06315, "delta": 4.61459}}
{"target": -25.446187267155075, "params": {"max_depth": 1.0, "n_estimators": 61.01810807329749}, "datetime": {"datetime": "2021-09-27 17:32:11", "elapsed": 809.045577, "delta": 3.982427}}
{"target": -11.868736268995205, "params": {"max_depth": 8.589460449329104, "n_estimators": 60.32105348515807}, "datetime": {"datetime": "2021-09-27 17:32:16", "elapsed": 813.945779, "delta": 4.900202}}
{"target": -11.954725451517675, "params": {"max_depth": 29.96599894315231, "n_estimators": 9.251203807605346}, "datetime": {"datetime": "2021-09-27 17:32:20", "elapsed": 817.486996, "delta": 3.541217}}
{"target": -11.84127756741497, "params": {"max_depth": 7.877572079057404, "n_estimators": 57.137746185015914}, "datetime": {"datetime": "2021-09-27 17:32:23", "elapsed": 820.581207, "delta": 3.094211}}
{"target": -11.577833765022183, "params": {"max_depth": 29.776719467896278, "n_estimators": 27.3158478367859}, "datetime": {"datetime": "2021-09-27 17:32:26", "elapsed": 824.103031, "delta": 3.521824}}
{"target": -11.387003978360932, "params": {"max_depth": 11.500369550093293, "n_estimators": 48.95001072388433}, "datetime": {"datetime": "2021-09-27 17:32:29", "elapsed": 827.267527, "delta": 3.164496}}
{"target": -11.50905172278746, "params": {"max_depth": 27.28314582270304, "n_estimators": 40.238146046917294}, "datetime": {"datetime": "2021-09-27 17:32:33", "elapsed": 830.310407, "delta": 3.04288}}
{"target": -11.573976398001333, "params": {"max_depth": 16.647236888400506, "n_estimators": 14.743129942674917}, "datetime": {"datetime": "2021-09-27 17:32:36", "elapsed": 833.625478, "delta": 3.315071}}
{"target": -11.58201714187358, "params": {"max_depth": 28.006998837537225, "n_estimators": 22.88922526213367}, "datetime": {"datetime": "2021-09-27 17:32:40", "elapsed": 837.939197, "delta": 4.313719}}
{"target": -11.537950423229425, "params": {"max_depth": 12.059330309793278, "n_estimators": 36.972109159276414}, "datetime": {"datetime": "2021-09-27 17:32:43", "elapsed": 840.696603, "delta": 2.757406}}
{"target": -11.27304088663343, "params": {"max_depth": 11.846105257622684, "n_estimators": 60.72440661677141}, "datetime": {"datetime": "2021-09-27 17:32:48", "elapsed": 845.39762, "delta": 4.701017}}
{"target": -11.501733941526181, "params": {"max_depth": 16.20208426069734, "n_estimators": 22.775017854631063}, "datetime": {"datetime": "2021-09-27 17:32:52", "elapsed": 849.700595, "delta": 4.302975}}
{"target": -11.744986217995153, "params": {"max_depth": 8.310558915162304, "n_estimators": 74.48060108923681}, "datetime": {"datetime": "2021-09-27 17:32:55", "elapsed": 852.904775, "delta": 3.20418}}
{"target": -11.253599550690367, "params": {"max_depth": 10.164499903070059, "n_estimators": 82.01936730144509}, "datetime": {"datetime": "2021-09-27 17:32:59", "elapsed": 856.325774, "delta": 3.420999}}
{"target": -11.304534088559482, "params": {"max_depth": 28.96860528475447, "n_estimators": 51.75961722432442}, "datetime": {"datetime": "2021-09-27 17:33:02", "elapsed": 860.111759, "delta": 3.785985}}
{"target": -11.588891595566961, "params": {"max_depth": 22.762920037659423, "n_estimators": 28.801568554759008}, "datetime": {"datetime": "2021-09-27 17:33:07", "elapsed": 864.571286, "delta": 4.459527}}
{"target": -11.189579489384531, "params": {"max_depth": 12.230252059493044, "n_estimators": 67.39067525384878}, "datetime": {"datetime": "2021-09-27 17:33:10", "elapsed": 867.865836, "delta": 3.29455}}
{"target": -11.374761758850061, "params": {"max_depth": 9.22306545541624, "n_estimators": 68.44465406426616}, "datetime": {"datetime": "2021-09-27 17:33:14", "elapsed": 872.107709, "delta": 4.241873}}
{"target": -11.256217732917676, "params": {"max_depth": 18.76646229953934, "n_estimators": 51.625326147266115}, "datetime": {"datetime": "2021-09-27 17:33:19", "elapsed": 876.612376, "delta": 4.504667}}
{"target": -11.512501606252949, "params": {"max_depth": 30.0, "n_estimators": 15.502241059669778}, "datetime": {"datetime": "2021-09-27 17:33:22", "elapsed": 880.146815, "delta": 3.534439}}
{"target": -11.255371324579285, "params": {"max_depth": 15.585479750092983, "n_estimators": 45.413756476793395}, "datetime": {"datetime": "2021-09-27 17:33:29", "elapsed": 886.477376, "delta": 6.330561}}
{"target": -11.445917866160215, "params": {"max_depth": 29.959500114408737, "n_estimators": 32.93663903440499}, "datetime": {"datetime": "2021-09-27 17:33:33", "elapsed": 891.150762, "delta": 4.673386}}
{"target": -11.223341152796214, "params": {"max_depth": 10.931321241547183, "n_estimators": 92.24824921224166}, "datetime": {"datetime": "2021-09-27 17:33:38", "elapsed": 895.471905, "delta": 4.321143}}
{"target": -11.602983478055968, "params": {"max_depth": 13.52541412198498, "n_estimators": 34.14880215247454}, "datetime": {"datetime": "2021-09-27 17:33:41", "elapsed": 898.349712, "delta": 2.877807}}
{"target": -11.178421329015775, "params": {"max_depth": 22.486423770467205, "n_estimators": 73.0569187483584}, "datetime": {"datetime": "2021-09-27 17:33:45", "elapsed": 903.184278, "delta": 4.834566}}
{"target": -11.341346927165452, "params": {"max_depth": 26.24435806458736, "n_estimators": 49.52348662443388}, "datetime": {"datetime": "2021-09-27 17:33:49", "elapsed": 906.84951, "delta": 3.665232}}
{"target": -11.178421329015775, "params": {"max_depth": 26.260880007213643, "n_estimators": 73.33220410006477}, "datetime": {"datetime": "2021-09-27 17:33:53", "elapsed": 910.740313, "delta": 3.890803}}
{"target": -11.217988990524578, "params": {"max_depth": 21.63256500415671, "n_estimators": 59.55048603488966}, "datetime": {"datetime": "2021-09-27 17:33:58", "elapsed": 915.804835, "delta": 5.064522}}
{"target": -11.496396633080867, "params": {"max_depth": 10.637693755129733, "n_estimators": 51.85078908702978}, "datetime": {"datetime": "2021-09-27 17:34:02", "elapsed": 920.058394, "delta": 4.253559}}
{"target": -11.173443113727114, "params": {"max_depth": 28.708945510047926, "n_estimators": 62.418872836552595}, "datetime": {"datetime": "2021-09-27 17:34:10", "elapsed": 927.448784, "delta": 7.39039}}
{"target": -11.448902292679799, "params": {"max_depth": 22.718697110029662, "n_estimators": 39.08205106538329}, "datetime": {"datetime": "2021-09-27 17:34:14", "elapsed": 931.683129, "delta": 4.234345}}
{"target": -11.260867756242797, "params": {"max_depth": 12.731307551048666, "n_estimators": 79.41491823799505}, "datetime": {"datetime": "2021-09-27 17:34:18", "elapsed": 935.472065, "delta": 3.788936}}
{"target": -11.585942653937725, "params": {"max_depth": 24.13132808100057, "n_estimators": 18.23243110791994}, "datetime": {"datetime": "2021-09-27 17:34:22", "elapsed": 940.264225, "delta": 4.79216}}
{"target": -11.118626689986288, "params": {"max_depth": 12.092477509601714, "n_estimators": 99.06423237776035}, "datetime": {"datetime": "2021-09-27 17:34:31", "elapsed": 948.299188, "delta": 8.034963}}
{"target": -11.226188869410766, "params": {"max_depth": 14.210693980847818, "n_estimators": 56.403093845016684}, "datetime": {"datetime": "2021-09-27 17:34:35", "elapsed": 952.855007, "delta": 4.555819}}
{"target": -11.186474119252155, "params": {"max_depth": 10.773286851277163, "n_estimators": 96.58288155433628}, "datetime": {"datetime": "2021-09-27 17:34:39", "elapsed": 956.756204, "delta": 3.901197}}
{"target": -11.044573648007091, "params": {"max_depth": 18.601323166927727, "n_estimators": 97.53236162489179}, "datetime": {"datetime": "2021-09-27 17:34:44", "elapsed": 961.393436, "delta": 4.637232}}
{"target": -11.104451286110764, "params": {"max_depth": 27.809645366241472, "n_estimators": 70.46311282016804}, "datetime": {"datetime": "2021-09-27 17:34:49", "elapsed": 967.255355, "delta": 5.861919}}
{"target": -11.146091799921876, "params": {"max_depth": 15.014205505125721, "n_estimators": 59.03741106977763}, "datetime": {"datetime": "2021-09-27 17:34:54", "elapsed": 971.343483, "delta": 4.088128}}
{"target": -11.157011503660575, "params": {"max_depth": 11.919885171846296, "n_estimators": 90.28995149451454}, "datetime": {"datetime": "2021-09-27 17:34:58", "elapsed": 975.908811, "delta": 4.565328}}
{"target": -11.124880371421867, "params": {"max_depth": 24.216502432373694, "n_estimators": 64.46245361030842}, "datetime": {"datetime": "2021-09-27 17:35:03", "elapsed": 981.003893, "delta": 5.095082}}
{"target": -11.29330628365255, "params": {"max_depth": 13.907645751816679, "n_estimators": 77.55765747373611}, "datetime": {"datetime": "2021-09-27 17:35:08", "elapsed": 986.165725, "delta": 5.161832}}
{"target": -11.139956563870953, "params": {"max_depth": 11.096759427756384, "n_estimators": 69.68947617037435}, "datetime": {"datetime": "2021-09-27 17:35:13", "elapsed": 991.137482, "delta": 4.971757}}
{"target": -11.065493604602029, "params": {"max_depth": 18.54899355733901, "n_estimators": 93.62978019072891}, "datetime": {"datetime": "2021-09-27 17:35:21", "elapsed": 998.825009, "delta": 7.687527}}
{"target": -11.161162564694523, "params": {"max_depth": 17.930994582437837, "n_estimators": 83.92360175395137}, "datetime": {"datetime": "2021-09-27 17:35:26", "elapsed": 1003.97657, "delta": 5.151561}}
{"target": -11.089349999834495, "params": {"max_depth": 16.74239209005351, "n_estimators": 86.15042916857257}, "datetime": {"datetime": "2021-09-27 17:35:32", "elapsed": 1009.806917, "delta": 5.830347}}
{"target": -11.178276935018276, "params": {"max_depth": 25.737382303064212, "n_estimators": 58.19025185855283}, "datetime": {"datetime": "2021-09-27 17:35:39", "elapsed": 1016.57966, "delta": 6.772743}}
{"target": -11.167782409883527, "params": {"max_depth": 27.069123487567335, "n_estimators": 83.15670796147512}, "datetime": {"datetime": "2021-09-27 17:35:46", "elapsed": 1023.331892, "delta": 6.752232}}
{"target": -11.067968436523696, "params": {"max_depth": 29.99493337421664, "n_estimators": 96.1676692411972}, "datetime": {"datetime": "2021-09-27 17:35:50", "elapsed": 1027.296178, "delta": 3.964286}}
{"target": -11.031160964068672, "params": {"max_depth": 29.08013132023874, "n_estimators": 99.99120728259622}, "datetime": {"datetime": "2021-09-27 17:35:54", "elapsed": 1031.710979, "delta": 4.414801}}
{"target": -11.061214941766831, "params": {"max_depth": 20.232136619990293, "n_estimators": 96.95523249485278}, "datetime": {"datetime": "2021-09-27 17:35:58", "elapsed": 1035.912184, "delta": 4.201205}}
{"target": -11.15693447966349, "params": {"max_depth": 12.56660354377765, "n_estimators": 96.83755268720928}, "datetime": {"datetime": "2021-09-27 17:36:04", "elapsed": 1041.469328, "delta": 5.557144}}
{"target": -11.168170465530451, "params": {"max_depth": 23.05162055455107, "n_estimators": 77.01687917364056}, "datetime": {"datetime": "2021-09-27 17:36:08", "elapsed": 1045.805007, "delta": 4.335679}}
{"target": -11.10824509660984, "params": {"max_depth": 29.98985724397984, "n_estimators": 71.71767536400966}, "datetime": {"datetime": "2021-09-27 17:36:12", "elapsed": 1049.432595, "delta": 3.627588}}
{"target": -11.127417882765771, "params": {"max_depth": 20.05298100135977, "n_estimators": 62.10180647348371}, "datetime": {"datetime": "2021-09-27 17:36:15", "elapsed": 1053.031548, "delta": 3.598953}}
{"target": -11.189202532074672, "params": {"max_depth": 14.378487311002289, "n_estimators": 80.81831332455988}, "datetime": {"datetime": "2021-09-27 17:36:19", "elapsed": 1056.745499, "delta": 3.713951}}
{"target": -11.230339543894612, "params": {"max_depth": 13.928311505866732, "n_estimators": 84.01408415594416}, "datetime": {"datetime": "2021-09-27 17:36:24", "elapsed": 1061.462375, "delta": 4.716876}}
{"target": -11.073895374869105, "params": {"max_depth": 20.99380686411315, "n_estimators": 71.27858753867127}, "datetime": {"datetime": "2021-09-27 17:36:28", "elapsed": 1065.346345, "delta": 3.88397}}
{"target": -11.031160964068672, "params": {"max_depth": 22.04481199681921, "n_estimators": 99.25162258552447}, "datetime": {"datetime": "2021-09-27 17:36:31", "elapsed": 1069.24386, "delta": 3.897515}}
{"target": -11.307768829116634, "params": {"max_depth": 30.0, "n_estimators": 47.729017462674385}, "datetime": {"datetime": "2021-09-27 17:36:36", "elapsed": 1074.243449, "delta": 4.999589}}
{"target": -11.102511399623005, "params": {"max_depth": 20.021309063107704, "n_estimators": 89.38234516663871}, "datetime": {"datetime": "2021-09-27 17:36:40", "elapsed": 1077.733206, "delta": 3.489757}}
{"target": -11.708188793421105, "params": {"max_depth": 17.52717217407389, "n_estimators": 11.386000067219928}, "datetime": {"datetime": "2021-09-27 17:36:45", "elapsed": 1082.880116, "delta": 5.14691}}
{"target": -11.97937139428948, "params": {"max_depth": 13.089066434231382, "n_estimators": 13.339985874302814}, "datetime": {"datetime": "2021-09-27 17:36:52", "elapsed": 1089.421247, "delta": 6.541131}}
{"target": -11.106768338530063, "params": {"max_depth": 17.63875874001931, "n_estimators": 72.90001571737483}, "datetime": {"datetime": "2021-09-27 17:36:56", "elapsed": 1094.241887, "delta": 4.82064}}
{"target": -11.142669818318089, "params": {"max_depth": 22.020485634676064, "n_estimators": 86.71310639735384}, "datetime": {"datetime": "2021-09-27 17:37:01", "elapsed": 1099.130625, "delta": 4.888738}}
{"target": -11.110095778986503, "params": {"max_depth": 14.621994625960566, "n_estimators": 92.18711481651334}, "datetime": {"datetime": "2021-09-27 17:37:06", "elapsed": 1103.473271, "delta": 4.342646}}
