{"target": -2.455150252569471, "params": {"max_depth": 14.136792169253187, "n_estimators": 110.08888400865553}, "datetime": {"datetime": "2021-09-20 20:05:13", "elapsed": 2472.637046, "delta": 6.611781}}
{"target": -2.469948412785507, "params": {"max_depth": 20.7562601266277, "n_estimators": 109.92400366280727}, "datetime": {"datetime": "2021-09-20 20:05:26", "elapsed": 2485.346774, "delta": 12.709728}}
{"target": -2.4879537205081643, "params": {"max_depth": 24.135782304435477, "n_estimators": 174.89542742377787}, "datetime": {"datetime": "2021-09-20 20:05:37", "elapsed": 2496.60366, "delta": 11.256886}}
{"target": -2.484221573283064, "params": {"max_depth": 14.722896893022368, "n_estimators": 197.71303654694785}, "datetime": {"datetime": "2021-09-20 20:05:48", "elapsed": 2507.636248, "delta": 11.032588}}
{"target": -2.4806761859806428, "params": {"max_depth": 23.265809272322763, "n_estimators": 223.24048458900094}, "datetime": {"datetime": "2021-09-20 20:05:55", "elapsed": 2514.617197, "delta": 6.980949}}
{"target": -2.492826746233611, "params": {"max_depth": 23.004338566839035, "n_estimators": 269.92815081197574}, "datetime": {"datetime": "2021-09-20 20:06:03", "elapsed": 2522.445961, "delta": 7.828764}}
{"target": -2.4792649727767695, "params": {"max_depth": 24.908636827727587, "n_estimators": 87.10551519210904}, "datetime": {"datetime": "2021-09-20 20:06:09", "elapsed": 2527.778952, "delta": 5.332991}}
{"target": -2.4870481625170875, "params": {"max_depth": 15.379684665846359, "n_estimators": 164.58714366821147}, "datetime": {"datetime": "2021-09-20 20:06:18", "elapsed": 2536.875223, "delta": 9.096271}}
{"target": -2.4717729526020933, "params": {"max_depth": 22.51899729541561, "n_estimators": 102.70282522255968}, "datetime": {"datetime": "2021-09-20 20:06:24", "elapsed": 2542.902191, "delta": 6.026968}}
{"target": -2.4869199674537867, "params": {"max_depth": 17.777286699788732, "n_estimators": 257.9016704864878}, "datetime": {"datetime": "2021-09-20 20:06:34", "elapsed": 2553.630349, "delta": 10.728158}}
{"target": -2.483108305302727, "params": {"max_depth": 22.974258951975212, "n_estimators": 190.66235054121498}, "datetime": {"datetime": "2021-09-20 20:06:41", "elapsed": 2560.404031, "delta": 6.773682}}
{"target": -2.477694650926558, "params": {"max_depth": 20.88597192510742, "n_estimators": 84.64780826208424}, "datetime": {"datetime": "2021-09-20 20:06:47", "elapsed": 2566.377236, "delta": 5.973205}}
{"target": -2.4980845745515894, "params": {"max_depth": 19.640488463819334, "n_estimators": 298.7140909875292}, "datetime": {"datetime": "2021-09-20 20:06:54", "elapsed": 2572.874235, "delta": 6.496999}}
{"target": -2.4910364253742863, "params": {"max_depth": 18.61781480180492, "n_estimators": 31.45343695738675}, "datetime": {"datetime": "2021-09-20 20:07:02", "elapsed": 2581.421708, "delta": 8.547473}}
{"target": -2.475970228601804, "params": {"max_depth": 23.493460393425543, "n_estimators": 198.0009387899094}, "datetime": {"datetime": "2021-09-20 20:07:10", "elapsed": 2589.394337, "delta": 7.972629}}
{"target": -2.4826074235149975, "params": {"max_depth": 15.670330334637484, "n_estimators": 79.3381649278933}, "datetime": {"datetime": "2021-09-20 20:07:16", "elapsed": 2595.601901, "delta": 6.207564}}
{"target": -2.5559085329961646, "params": {"max_depth": 9.092441079327001, "n_estimators": 281.334657331936}, "datetime": {"datetime": "2021-09-20 20:07:23", "elapsed": 2602.61656, "delta": 7.014659}}
{"target": -2.4959814631766166, "params": {"max_depth": 19.730329977838863, "n_estimators": 232.83103147355538}, "datetime": {"datetime": "2021-09-20 20:07:33", "elapsed": 2612.735462, "delta": 10.118902}}
{"target": -2.4866910783452125, "params": {"max_depth": 21.172986223966287, "n_estimators": 154.66283371220544}, "datetime": {"datetime": "2021-09-20 20:07:41", "elapsed": 2620.159725, "delta": 7.424263}}
{"target": -2.4982494651116354, "params": {"max_depth": 16.66594640315716, "n_estimators": 53.84638923113128}, "datetime": {"datetime": "2021-09-20 20:07:57", "elapsed": 2636.733472, "delta": 16.573747}}
{"target": -2.5207792747997884, "params": {"max_depth": 10.91316851812649, "n_estimators": 266.2945109060423}, "datetime": {"datetime": "2021-09-20 20:08:05", "elapsed": 2644.672455, "delta": 7.938983}}
{"target": -2.520004675578957, "params": {"max_depth": 10.09129210061521, "n_estimators": 270.22067832439444}, "datetime": {"datetime": "2021-09-20 20:08:16", "elapsed": 2654.904633, "delta": 10.232178}}
{"target": -2.506805651826279, "params": {"max_depth": 10.385694105720468, "n_estimators": 130.9758444220633}, "datetime": {"datetime": "2021-09-20 20:08:23", "elapsed": 2662.025549, "delta": 7.120916}}
{"target": -2.464623673357226, "params": {"max_depth": 17.402835610708802, "n_estimators": 74.42152211863417}, "datetime": {"datetime": "2021-09-20 20:08:28", "elapsed": 2667.270873, "delta": 5.245324}}
{"target": -2.4898072322414397, "params": {"max_depth": 23.420246692727915, "n_estimators": 286.8749362604253}, "datetime": {"datetime": "2021-09-20 20:08:43", "elapsed": 2682.362622, "delta": 15.091749}}
{"target": -2.4748072182089214, "params": {"max_depth": 19.89126408424711, "n_estimators": 51.57712526590064}, "datetime": {"datetime": "2021-09-20 20:08:53", "elapsed": 2691.987303, "delta": 9.624681}}
{"target": -2.4757866132723105, "params": {"max_depth": 23.333258753796546, "n_estimators": 92.7190934010048}, "datetime": {"datetime": "2021-09-20 20:09:00", "elapsed": 2699.06268, "delta": 7.075377}}
{"target": -2.4760412420596216, "params": {"max_depth": 18.209632097059313, "n_estimators": 97.42343004338636}, "datetime": {"datetime": "2021-09-20 20:09:12", "elapsed": 2711.633924, "delta": 12.571244}}
{"target": -2.4913685196136384, "params": {"max_depth": 23.08067056979834, "n_estimators": 267.18103699469185}, "datetime": {"datetime": "2021-09-20 20:09:19", "elapsed": 2717.794928, "delta": 6.161004}}
{"target": -2.4774976711690724, "params": {"max_depth": 24.26758342810661, "n_estimators": 113.94225211731242}, "datetime": {"datetime": "2021-09-20 20:09:28", "elapsed": 2727.091503, "delta": 9.296575}}
{"target": -2.4853310387489853, "params": {"max_depth": 17.64568484452417, "n_estimators": 184.2768464066736}, "datetime": {"datetime": "2021-09-20 20:09:40", "elapsed": 2739.174998, "delta": 12.083495}}
{"target": -2.490971747550691, "params": {"max_depth": 24.01103051445949, "n_estimators": 231.14682043011527}, "datetime": {"datetime": "2021-09-20 20:09:50", "elapsed": 2749.183173, "delta": 10.008175}}
{"target": -2.4713157894736835, "params": {"max_depth": 23.238835242667783, "n_estimators": 25.7872844593742}, "datetime": {"datetime": "2021-09-20 20:09:58", "elapsed": 2757.717785, "delta": 8.534612}}
{"target": -2.4888778550148944, "params": {"max_depth": 23.18540789769546, "n_estimators": 159.33981801177393}, "datetime": {"datetime": "2021-09-20 20:10:09", "elapsed": 2768.25314, "delta": 10.535355}}
{"target": -2.4939717226907767, "params": {"max_depth": 20.310164324129566, "n_estimators": 295.31326232744385}, "datetime": {"datetime": "2021-09-20 20:10:20", "elapsed": 2779.313501, "delta": 11.060361}}
{"target": -2.478420227645671, "params": {"max_depth": 18.68832163391973, "n_estimators": 86.39372433839563}, "datetime": {"datetime": "2021-09-20 20:10:29", "elapsed": 2787.90199, "delta": 8.588489}}
{"target": -2.4791178858644156, "params": {"max_depth": 18.6239453586022, "n_estimators": 217.43048642635304}, "datetime": {"datetime": "2021-09-20 20:10:36", "elapsed": 2795.417727, "delta": 7.515737}}
{"target": -2.4724852909540935, "params": {"max_depth": 18.749918778335314, "n_estimators": 93.38411030292599}, "datetime": {"datetime": "2021-09-20 20:10:51", "elapsed": 2810.465681, "delta": 15.047954}}
{"target": -2.4827519930727138, "params": {"max_depth": 20.786827404788614, "n_estimators": 182.33686795594244}, "datetime": {"datetime": "2021-09-20 20:10:59", "elapsed": 2818.656688, "delta": 8.191007}}
{"target": -2.4489199969932294, "params": {"max_depth": 18.304502645291752, "n_estimators": 61.804206110283694}, "datetime": {"datetime": "2021-09-20 20:11:06", "elapsed": 2824.915356, "delta": 6.258668}}
{"target": -2.483149850752156, "params": {"max_depth": 18.872868867040324, "n_estimators": 141.1640129326646}, "datetime": {"datetime": "2021-09-20 20:11:16", "elapsed": 2835.565193, "delta": 10.649837}}
{"target": -2.489432452804915, "params": {"max_depth": 17.080713934450987, "n_estimators": 246.70114674658367}, "datetime": {"datetime": "2021-09-20 20:11:26", "elapsed": 2845.558358, "delta": 9.993165}}
{"target": -2.4799014185545416, "params": {"max_depth": 15.831127700158977, "n_estimators": 116.20748551232731}, "datetime": {"datetime": "2021-09-20 20:11:31", "elapsed": 2850.637303, "delta": 5.078945}}
{"target": -2.49588273890298, "params": {"max_depth": 14.274376602686214, "n_estimators": 239.14143940469026}, "datetime": {"datetime": "2021-09-20 20:11:41", "elapsed": 2859.976084, "delta": 9.338781}}
{"target": -2.5613377699341107, "params": {"max_depth": 9.755385095088624, "n_estimators": 164.75012768195967}, "datetime": {"datetime": "2021-09-20 20:11:52", "elapsed": 2870.873948, "delta": 10.897864}}
{"target": -2.488681589917011, "params": {"max_depth": 14.019222365363508, "n_estimators": 168.34408780630017}, "datetime": {"datetime": "2021-09-20 20:12:03", "elapsed": 2882.714306, "delta": 11.840358}}
{"target": -2.4775832593055154, "params": {"max_depth": 20.859501498089326, "n_estimators": 136.3266839708887}, "datetime": {"datetime": "2021-09-20 20:12:13", "elapsed": 2892.193933, "delta": 9.479627}}
{"target": -2.430957523424876, "params": {"max_depth": 14.87225051419264, "n_estimators": 65.63164717198039}, "datetime": {"datetime": "2021-09-20 20:12:20", "elapsed": 2899.252347, "delta": 7.058414}}
{"target": -2.4950321744753934, "params": {"max_depth": 10.800043317564786, "n_estimators": 64.54339138977794}, "datetime": {"datetime": "2021-09-20 20:12:29", "elapsed": 2908.005577, "delta": 8.75323}}
{"target": -2.501405598313879, "params": {"max_depth": 10.958281489435379, "n_estimators": 73.36056751705182}, "datetime": {"datetime": "2021-09-20 20:12:34", "elapsed": 2913.465101, "delta": 5.459524}}
{"target": -2.5134492103356543, "params": {"max_depth": 12.028299965278244, "n_estimators": 160.5355127998565}, "datetime": {"datetime": "2021-09-20 20:12:40", "elapsed": 2919.763294, "delta": 6.298193}}
{"target": -2.485732187611886, "params": {"max_depth": 24.86213225895244, "n_estimators": 147.82522880525215}, "datetime": {"datetime": "2021-09-20 20:12:47", "elapsed": 2926.508702, "delta": 6.745408}}
{"target": -2.4757702182284977, "params": {"max_depth": 24.944074223518257, "n_estimators": 82.55959116177716}, "datetime": {"datetime": "2021-09-20 20:12:53", "elapsed": 2932.361939, "delta": 5.853237}}
{"target": -2.5050233295543096, "params": {"max_depth": 16.200591801021897, "n_estimators": 160.8143569564961}, "datetime": {"datetime": "2021-09-20 20:13:01", "elapsed": 2939.845802, "delta": 7.483863}}
{"target": -2.447698582496802, "params": {"max_depth": 14.58866721137032, "n_estimators": 56.31279067730901}, "datetime": {"datetime": "2021-09-20 20:13:11", "elapsed": 2950.654541, "delta": 10.808739}}
{"target": -2.5614180111225617, "params": {"max_depth": 8.931657952524741, "n_estimators": 197.76231841996625}, "datetime": {"datetime": "2021-09-20 20:13:19", "elapsed": 2958.253958, "delta": 7.599417}}
{"target": -2.4580493854616265, "params": {"max_depth": 14.418963323118469, "n_estimators": 111.99196031565447}, "datetime": {"datetime": "2021-09-20 20:13:27", "elapsed": 2966.07063, "delta": 7.816672}}
{"target": -2.4738076969209923, "params": {"max_depth": 18.084980836955975, "n_estimators": 104.29047268894455}, "datetime": {"datetime": "2021-09-20 20:13:36", "elapsed": 2974.863178, "delta": 8.792548}}
{"target": -2.518197873669736, "params": {"max_depth": 11.227754668571134, "n_estimators": 188.94237051916014}, "datetime": {"datetime": "2021-09-20 20:13:45", "elapsed": 2984.702784, "delta": 9.839606}}
{"target": -2.4647570887259014, "params": {"max_depth": 14.126114341549606, "n_estimators": 46.06105881982108}, "datetime": {"datetime": "2021-09-20 20:13:54", "elapsed": 2993.492301, "delta": 8.789517}}
{"target": -2.495178179824561, "params": {"max_depth": 20.155469492107287, "n_estimators": 20.124047346309514}, "datetime": {"datetime": "2021-09-20 20:13:59", "elapsed": 2998.146685, "delta": 4.654384}}
{"target": -2.466145340202358, "params": {"max_depth": 19.891049125777812, "n_estimators": 45.320701577131565}, "datetime": {"datetime": "2021-09-20 20:14:11", "elapsed": 3010.733539, "delta": 12.586854}}
{"target": -2.481513970110461, "params": {"max_depth": 23.085186388426838, "n_estimators": 81.10916083296097}, "datetime": {"datetime": "2021-09-20 20:14:21", "elapsed": 3020.267891, "delta": 9.534352}}
{"target": -2.494779070743868, "params": {"max_depth": 22.769976225117134, "n_estimators": 291.8101890655583}, "datetime": {"datetime": "2021-09-20 20:14:31", "elapsed": 3030.063992, "delta": 9.796101}}
{"target": -2.5187057060730647, "params": {"max_depth": 10.884689856008311, "n_estimators": 246.57733984298216}, "datetime": {"datetime": "2021-09-20 20:14:43", "elapsed": 3042.664242, "delta": 12.60025}}
{"target": -2.502939921960107, "params": {"max_depth": 16.887501466390013, "n_estimators": 272.075080353953}, "datetime": {"datetime": "2021-09-20 20:14:57", "elapsed": 3055.849073, "delta": 13.184831}}
{"target": -2.5112719110342416, "params": {"max_depth": 10.048307396908744, "n_estimators": 135.9238403535718}, "datetime": {"datetime": "2021-09-20 20:15:10", "elapsed": 3068.899394, "delta": 13.050321}}
{"target": -2.4903394530949097, "params": {"max_depth": 19.04519249807095, "n_estimators": 282.3502299206446}, "datetime": {"datetime": "2021-09-20 20:15:20", "elapsed": 3078.955472, "delta": 10.056078}}
{"target": -2.4714625289238357, "params": {"max_depth": 20.10702161936308, "n_estimators": 122.66447828998952}, "datetime": {"datetime": "2021-09-20 20:15:34", "elapsed": 3093.057206, "delta": 14.101734}}
{"target": -2.482791483918129, "params": {"max_depth": 19.48357140908913, "n_estimators": 88.51025599312037}, "datetime": {"datetime": "2021-09-20 20:15:42", "elapsed": 3101.474734, "delta": 8.417528}}
{"target": -2.4919027955527078, "params": {"max_depth": 22.850682246634918, "n_estimators": 235.47602698628324}, "datetime": {"datetime": "2021-09-20 20:16:00", "elapsed": 3119.555238, "delta": 18.080504}}
{"target": -2.494944365948426, "params": {"max_depth": 23.788282094899074, "n_estimators": 298.7070395842781}, "datetime": {"datetime": "2021-09-20 20:16:08", "elapsed": 3127.246594, "delta": 7.691356}}
{"target": -2.5114637450501696, "params": {"max_depth": 12.311344435968465, "n_estimators": 270.820982889783}, "datetime": {"datetime": "2021-09-20 20:16:20", "elapsed": 3139.01416, "delta": 11.767566}}
{"target": -2.479936541718213, "params": {"max_depth": 15.219704609582887, "n_estimators": 119.26046636655384}, "datetime": {"datetime": "2021-09-20 20:16:28", "elapsed": 3147.558519, "delta": 8.544359}}
{"target": -2.476880616174579, "params": {"max_depth": 23.537432315768434, "n_estimators": 205.92386196153393}, "datetime": {"datetime": "2021-09-20 20:16:41", "elapsed": 3160.188224, "delta": 12.629705}}
{"target": -2.4813509270334912, "params": {"max_depth": 20.74047865501913, "n_estimators": 150.527660205837}, "datetime": {"datetime": "2021-09-20 20:16:47", "elapsed": 3166.098907, "delta": 5.910683}}
{"target": -2.5025742220478193, "params": {"max_depth": 16.46348925512455, "n_estimators": 229.66099880819496}, "datetime": {"datetime": "2021-09-20 20:17:07", "elapsed": 3186.377509, "delta": 20.278602}}
{"target": -2.4878065156518265, "params": {"max_depth": 15.126734532847966, "n_estimators": 233.87090157112206}, "datetime": {"datetime": "2021-09-20 20:17:20", "elapsed": 3198.9341, "delta": 12.556591}}
{"target": -2.482936029920228, "params": {"max_depth": 15.420901607570704, "n_estimators": 250.6799657194563}, "datetime": {"datetime": "2021-09-20 20:17:33", "elapsed": 3211.807663, "delta": 12.873563}}
{"target": -2.453717627401838, "params": {"max_depth": 21.228064697812, "n_estimators": 54.33634071457142}, "datetime": {"datetime": "2021-09-20 20:17:48", "elapsed": 3227.333045, "delta": 15.525382}}
{"target": -2.5527067824166174, "params": {"max_depth": 9.59888126096908, "n_estimators": 194.91126689120088}, "datetime": {"datetime": "2021-09-20 20:17:56", "elapsed": 3234.804621, "delta": 7.471576}}
{"target": -2.4757880277617113, "params": {"max_depth": 25.0, "n_estimators": 91.52925309217306}, "datetime": {"datetime": "2021-09-20 20:18:08", "elapsed": 3246.781649, "delta": 11.977028}}
{"target": -2.4293005875495766, "params": {"max_depth": 14.978607948122887, "n_estimators": 68.56123223132305}, "datetime": {"datetime": "2021-09-20 20:18:18", "elapsed": 3256.885176, "delta": 10.103527}}
{"target": -2.4902110177751324, "params": {"max_depth": 19.972077761464988, "n_estimators": 177.837719367977}, "datetime": {"datetime": "2021-09-20 20:18:29", "elapsed": 3268.084235, "delta": 11.199059}}
{"target": -2.4540956263899183, "params": {"max_depth": 24.998951350669497, "n_estimators": 71.23468813262127}, "datetime": {"datetime": "2021-09-20 20:18:40", "elapsed": 3279.242383, "delta": 11.158148}}
{"target": -2.4818177387914218, "params": {"max_depth": 23.122848348907052, "n_estimators": 135.71968993195236}, "datetime": {"datetime": "2021-09-20 20:18:50", "elapsed": 3288.820628, "delta": 9.578245}}
{"target": -2.507108465892952, "params": {"max_depth": 10.49141503158783, "n_estimators": 81.94768304828892}, "datetime": {"datetime": "2021-09-20 20:18:56", "elapsed": 3295.087048, "delta": 6.26642}}
{"target": -2.4840820312499967, "params": {"max_depth": 24.92446674152693, "n_estimators": 256.9704587378982}, "datetime": {"datetime": "2021-09-20 20:19:08", "elapsed": 3307.280295, "delta": 12.193247}}
{"target": -2.4842695681511455, "params": {"max_depth": 24.985614153205756, "n_estimators": 156.1522625929479}, "datetime": {"datetime": "2021-09-20 20:19:14", "elapsed": 3313.159304, "delta": 5.879009}}
{"target": -2.5118077137628627, "params": {"max_depth": 10.888244917738866, "n_estimators": 210.07203782811763}, "datetime": {"datetime": "2021-09-20 20:19:31", "elapsed": 3330.43911, "delta": 17.279806}}
{"target": -2.476551681286549, "params": {"max_depth": 19.280824607887592, "n_estimators": 100.20656378396568}, "datetime": {"datetime": "2021-09-20 20:19:39", "elapsed": 3338.283558, "delta": 7.844448}}
{"target": -2.487274179304922, "params": {"max_depth": 20.756256942148912, "n_estimators": 277.53655022587947}, "datetime": {"datetime": "2021-09-20 20:19:58", "elapsed": 3357.353558, "delta": 19.07}}
{"target": -2.4896241977852545, "params": {"max_depth": 22.390897836626092, "n_estimators": 239.89693289229285}, "datetime": {"datetime": "2021-09-20 20:20:05", "elapsed": 3364.129546, "delta": 6.775988}}
{"target": -2.4811480135225, "params": {"max_depth": 20.462710929400313, "n_estimators": 187.0747918443965}, "datetime": {"datetime": "2021-09-20 20:20:14", "elapsed": 3372.96656, "delta": 8.837014}}
{"target": -2.469868421052631, "params": {"max_depth": 24.90486597045409, "n_estimators": 35.74820808160039}, "datetime": {"datetime": "2021-09-20 20:20:22", "elapsed": 3381.177861, "delta": 8.211301}}
{"target": -2.494234667380296, "params": {"max_depth": 18.98314702377558, "n_estimators": 240.73816431767403}, "datetime": {"datetime": "2021-09-20 20:20:34", "elapsed": 3393.747645, "delta": 12.569784}}
{"target": -2.4558756805807627, "params": {"max_depth": 24.356990652636775, "n_estimators": 58.839979891139734}, "datetime": {"datetime": "2021-09-20 20:20:49", "elapsed": 3408.464769, "delta": 14.717124}}
{"target": -2.472520481628596, "params": {"max_depth": 25.0, "n_estimators": 212.08535233871737}, "datetime": {"datetime": "2021-09-20 20:20:56", "elapsed": 3414.833971, "delta": 6.369202}}
{"target": -2.487518815843758, "params": {"max_depth": 18.691775040008025, "n_estimators": 160.52798693898612}, "datetime": {"datetime": "2021-09-20 20:21:12", "elapsed": 3431.36259, "delta": 16.528619}}
{"target": -2.4801998987854255, "params": {"max_depth": 25.0, "n_estimators": 52.36905052325022}, "datetime": {"datetime": "2021-09-20 20:21:24", "elapsed": 3443.071364, "delta": 11.708774}}
{"target": -2.4798185818260454, "params": {"max_depth": 18.81922474513637, "n_estimators": 131.1091204871191}, "datetime": {"datetime": "2021-09-20 20:21:37", "elapsed": 3456.330274, "delta": 13.25891}}
{"target": -2.4818585834881626, "params": {"max_depth": 14.492770972061868, "n_estimators": 139.06994175304652}, "datetime": {"datetime": "2021-09-20 20:21:50", "elapsed": 3469.352398, "delta": 13.022124}}
{"target": -2.47844688545579, "params": {"max_depth": 15.510728255091918, "n_estimators": 220.34553760991784}, "datetime": {"datetime": "2021-09-20 20:22:02", "elapsed": 3481.152219, "delta": 11.799821}}
{"target": -2.5556870084444454, "params": {"max_depth": 9.669037531411924, "n_estimators": 278.7094189143069}, "datetime": {"datetime": "2021-09-20 20:22:10", "elapsed": 3488.979116, "delta": 7.826897}}
{"target": -2.4832818348221144, "params": {"max_depth": 20.931934506751467, "n_estimators": 248.27703706897407}, "datetime": {"datetime": "2021-09-20 20:22:23", "elapsed": 3502.622131, "delta": 13.643015}}
{"target": -2.4735964912280664, "params": {"max_depth": 23.146112011162533, "n_estimators": 210.4668626353483}, "datetime": {"datetime": "2021-09-20 20:22:40", "elapsed": 3519.249975, "delta": 16.627844}}
{"target": -2.5285021300876727, "params": {"max_depth": 9.94235560309074, "n_estimators": 98.5898303755988}, "datetime": {"datetime": "2021-09-20 20:22:50", "elapsed": 3529.727628, "delta": 10.477653}}
{"target": -2.4836937717273444, "params": {"max_depth": 20.1984754895982, "n_estimators": 256.618419037625}, "datetime": {"datetime": "2021-09-20 20:23:03", "elapsed": 3541.931139, "delta": 12.203511}}
