{"target": 0.8331314431225887, "params": {"max_depth": 27.1724367126284, "n_estimators": 119.8136463571554}, "datetime": {"datetime": "2021-09-21 16:11:14", "elapsed": 174.532655, "delta": 1.266997}}
{"target": 0.834331141975725, "params": {"max_depth": 24.690257101552703, "n_estimators": 123.97760317190512}, "datetime": {"datetime": "2021-09-21 16:11:16", "elapsed": 175.972657, "delta": 1.440002}}
{"target": 0.8345266250374493, "params": {"max_depth": 10.0, "n_estimators": 118.35445730113241}, "datetime": {"datetime": "2021-09-21 16:11:17", "elapsed": 177.252677, "delta": 1.28002}}
{"target": 0.8341613988665435, "params": {"max_depth": 21.500564795015645, "n_estimators": 118.917075296311}, "datetime": {"datetime": "2021-09-21 16:11:18", "elapsed": 178.469572, "delta": 1.216895}}
{"target": 0.8330339522937268, "params": {"max_depth": 10.029063136542636, "n_estimators": 136.12906291663506}, "datetime": {"datetime": "2021-09-21 16:11:20", "elapsed": 179.948623, "delta": 1.479051}}
{"target": 0.8357847684687401, "params": {"max_depth": 18.419666127572718, "n_estimators": 115.72839800016335}, "datetime": {"datetime": "2021-09-21 16:11:21", "elapsed": 181.149229, "delta": 1.200606}}
{"target": 0.8358656613657368, "params": {"max_depth": 18.233838790829438, "n_estimators": 114.11444248301603}, "datetime": {"datetime": "2021-09-21 16:11:22", "elapsed": 182.421336, "delta": 1.272107}}
{"target": 0.836170855534659, "params": {"max_depth": 17.261966367794383, "n_estimators": 112.49754896699788}, "datetime": {"datetime": "2021-09-21 16:11:24", "elapsed": 183.746481, "delta": 1.325145}}
{"target": 0.8365345856994749, "params": {"max_depth": 17.505432093529972, "n_estimators": 110.90157975606333}, "datetime": {"datetime": "2021-09-21 16:11:25", "elapsed": 185.153107, "delta": 1.406626}}
{"target": 0.8363815616810523, "params": {"max_depth": 17.34503180368744, "n_estimators": 109.33820886670694}, "datetime": {"datetime": "2021-09-21 16:11:27", "elapsed": 186.721217, "delta": 1.56811}}
{"target": 0.8355688143031459, "params": {"max_depth": 15.090985242402244, "n_estimators": 101.21212688602232}, "datetime": {"datetime": "2021-09-21 16:11:28", "elapsed": 187.907249, "delta": 1.186032}}
{"target": 0.8363782023880271, "params": {"max_depth": 18.216865590601664, "n_estimators": 110.21687987873224}, "datetime": {"datetime": "2021-09-21 16:11:29", "elapsed": 189.126246, "delta": 1.218997}}
{"target": 0.8326728060717017, "params": {"max_depth": 16.791957179617274, "n_estimators": 110.15417008614598}, "datetime": {"datetime": "2021-09-21 16:11:30", "elapsed": 190.15477, "delta": 1.028524}}
{"target": 0.8352278634184063, "params": {"max_depth": 17.70695238682622, "n_estimators": 108.35334374373952}, "datetime": {"datetime": "2021-09-21 16:11:31", "elapsed": 191.333916, "delta": 1.179146}}
{"target": 0.8362268718827277, "params": {"max_depth": 18.18635537696328, "n_estimators": 111.29368933031458}, "datetime": {"datetime": "2021-09-21 16:11:32", "elapsed": 192.463505, "delta": 1.129589}}
{"target": 0.8342797270355404, "params": {"max_depth": 15.926254750737384, "n_estimators": 112.70289681851187}, "datetime": {"datetime": "2021-09-21 16:11:34", "elapsed": 193.629784, "delta": 1.166279}}
{"target": 0.8379477275156093, "params": {"max_depth": 14.333669261865758, "n_estimators": 101.50535428614742}, "datetime": {"datetime": "2021-09-21 16:11:35", "elapsed": 194.84389, "delta": 1.214106}}
{"target": 0.8355816700592925, "params": {"max_depth": 15.027682908925762, "n_estimators": 102.26137613582048}, "datetime": {"datetime": "2021-09-21 16:11:36", "elapsed": 195.978813, "delta": 1.134923}}
{"target": 0.8378964286765856, "params": {"max_depth": 14.122207112762943, "n_estimators": 102.79674262405204}, "datetime": {"datetime": "2021-09-21 16:11:37", "elapsed": 197.396695, "delta": 1.417882}}
{"target": 0.8366076605665452, "params": {"max_depth": 18.187306096152206, "n_estimators": 109.31699759492452}, "datetime": {"datetime": "2021-09-21 16:11:39", "elapsed": 199.299315, "delta": 1.90262}}
{"target": 0.8363613670841785, "params": {"max_depth": 17.179898387007977, "n_estimators": 111.7474523680226}, "datetime": {"datetime": "2021-09-21 16:11:41", "elapsed": 200.740863, "delta": 1.441548}}
{"target": 0.8355922677225385, "params": {"max_depth": 18.235695893068346, "n_estimators": 117.07433727217145}, "datetime": {"datetime": "2021-09-21 16:11:42", "elapsed": 202.34387, "delta": 1.603007}}
{"target": 0.8378964286765856, "params": {"max_depth": 14.402620802043202, "n_estimators": 102.66956876757014}, "datetime": {"datetime": "2021-09-21 16:11:43", "elapsed": 203.365541, "delta": 1.021671}}
{"target": 0.8346531362182917, "params": {"max_depth": 15.161663573960084, "n_estimators": 103.61075834990694}, "datetime": {"datetime": "2021-09-21 16:11:44", "elapsed": 204.497664, "delta": 1.132123}}
{"target": 0.835932453760348, "params": {"max_depth": 17.410273139827147, "n_estimators": 115.15422132966884}, "datetime": {"datetime": "2021-09-21 16:11:46", "elapsed": 205.911548, "delta": 1.413884}}
{"target": 0.8363864977379103, "params": {"max_depth": 13.63489830592027, "n_estimators": 103.32922231454582}, "datetime": {"datetime": "2021-09-21 16:11:47", "elapsed": 207.01955, "delta": 1.108002}}
{"target": 0.8358683512111411, "params": {"max_depth": 17.247318461674368, "n_estimators": 116.2339099861326}, "datetime": {"datetime": "2021-09-21 16:11:48", "elapsed": 208.441209, "delta": 1.421659}}
{"target": 0.8367386081027526, "params": {"max_depth": 18.86098094671238, "n_estimators": 102.99361659211664}, "datetime": {"datetime": "2021-09-21 16:11:50", "elapsed": 209.88323, "delta": 1.442021}}
{"target": 0.8352205938830665, "params": {"max_depth": 19.197854874182877, "n_estimators": 102.09182978557568}, "datetime": {"datetime": "2021-09-21 16:11:51", "elapsed": 211.082229, "delta": 1.198999}}
{"target": 0.8361014781967955, "params": {"max_depth": 17.282905138196146, "n_estimators": 113.83665141623655}, "datetime": {"datetime": "2021-09-21 16:11:52", "elapsed": 212.543838, "delta": 1.461609}}
{"target": 0.8360845868487266, "params": {"max_depth": 18.168070666343887, "n_estimators": 112.98153782129431}, "datetime": {"datetime": "2021-09-21 16:11:54", "elapsed": 213.917658, "delta": 1.37382}}
{"target": 0.8356099705692739, "params": {"max_depth": 18.228844369366414, "n_estimators": 129.68212513342593}, "datetime": {"datetime": "2021-09-21 16:11:56", "elapsed": 216.192305, "delta": 2.274647}}
{"target": 0.8376267117016264, "params": {"max_depth": 14.858455946160527, "n_estimators": 100.12763435777923}, "datetime": {"datetime": "2021-09-21 16:11:58", "elapsed": 218.301479, "delta": 2.109174}}
{"target": 0.835092305687908, "params": {"max_depth": 22.089750645334398, "n_estimators": 102.40144893498011}, "datetime": {"datetime": "2021-09-21 16:12:00", "elapsed": 219.954741, "delta": 1.653262}}
{"target": 0.8364902342802711, "params": {"max_depth": 13.517974789986244, "n_estimators": 101.52470254577166}, "datetime": {"datetime": "2021-09-21 16:12:03", "elapsed": 222.9024, "delta": 2.947659}}
{"target": 0.8348736697961243, "params": {"max_depth": 23.96908688995599, "n_estimators": 100.88784077934473}, "datetime": {"datetime": "2021-09-21 16:12:04", "elapsed": 224.543034, "delta": 1.640634}}
{"target": 0.835285329167641, "params": {"max_depth": 10.100755917255594, "n_estimators": 122.83779491474675}, "datetime": {"datetime": "2021-09-21 16:12:06", "elapsed": 225.811159, "delta": 1.268125}}
{"target": 0.8328011393460443, "params": {"max_depth": 12.879991824592633, "n_estimators": 109.84412255168947}, "datetime": {"datetime": "2021-09-21 16:12:07", "elapsed": 226.998159, "delta": 1.187}}
{"target": 0.83705482760485, "params": {"max_depth": 14.411945761791323, "n_estimators": 110.48265936050389}, "datetime": {"datetime": "2021-09-21 16:12:08", "elapsed": 228.270154, "delta": 1.271995}}
{"target": 0.8349707721853687, "params": {"max_depth": 24.893835851308175, "n_estimators": 109.56894741376881}, "datetime": {"datetime": "2021-09-21 16:12:09", "elapsed": 229.460289, "delta": 1.190135}}
{"target": 0.8350776424819739, "params": {"max_depth": 21.720515052947274, "n_estimators": 126.31701065966352}, "datetime": {"datetime": "2021-09-21 16:12:11", "elapsed": 230.77264, "delta": 1.312351}}
{"target": 0.8327818801713949, "params": {"max_depth": 13.113943741445816, "n_estimators": 141.15720646780758}, "datetime": {"datetime": "2021-09-21 16:12:12", "elapsed": 232.271189, "delta": 1.498549}}
{"target": 0.8346746157503673, "params": {"max_depth": 20.480093599547786, "n_estimators": 127.69431488271535}, "datetime": {"datetime": "2021-09-21 16:12:14", "elapsed": 233.574799, "delta": 1.30361}}
{"target": 0.8337773412496512, "params": {"max_depth": 23.68473535122118, "n_estimators": 131.06729863668153}, "datetime": {"datetime": "2021-09-21 16:12:15", "elapsed": 234.944783, "delta": 1.369984}}
{"target": 0.8376267117016264, "params": {"max_depth": 14.652550097940626, "n_estimators": 100.58948304419054}, "datetime": {"datetime": "2021-09-21 16:12:16", "elapsed": 236.177443, "delta": 1.23266}}
{"target": 0.8318787261196476, "params": {"max_depth": 19.95852395826093, "n_estimators": 141.23938948255727}, "datetime": {"datetime": "2021-09-21 16:12:18", "elapsed": 237.615064, "delta": 1.437621}}
{"target": 0.8343455321782511, "params": {"max_depth": 27.005079235736936, "n_estimators": 105.22669536927589}, "datetime": {"datetime": "2021-09-21 16:12:19", "elapsed": 239.058908, "delta": 1.443844}}
{"target": 0.8350273112862384, "params": {"max_depth": 27.991089714206836, "n_estimators": 101.05220513564352}, "datetime": {"datetime": "2021-09-21 16:12:20", "elapsed": 240.299448, "delta": 1.24054}}
{"target": 0.834101681486696, "params": {"max_depth": 21.751983998200664, "n_estimators": 107.63262725276411}, "datetime": {"datetime": "2021-09-21 16:12:22", "elapsed": 242.14147, "delta": 1.842022}}
{"target": 0.8348969602347888, "params": {"max_depth": 28.838262314938927, "n_estimators": 110.83945373605698}, "datetime": {"datetime": "2021-09-21 16:12:24", "elapsed": 243.985757, "delta": 1.844287}}
{"target": 0.8351833420792301, "params": {"max_depth": 21.992324301913627, "n_estimators": 110.7508105850492}, "datetime": {"datetime": "2021-09-21 16:12:26", "elapsed": 245.77207, "delta": 1.786313}}
{"target": 0.8350174000619931, "params": {"max_depth": 25.578517976757006, "n_estimators": 102.29804446271528}, "datetime": {"datetime": "2021-09-21 16:12:27", "elapsed": 247.254914, "delta": 1.482844}}
{"target": 0.8324682523407324, "params": {"max_depth": 29.846335648512014, "n_estimators": 137.84310670785078}, "datetime": {"datetime": "2021-09-21 16:12:29", "elapsed": 248.776165, "delta": 1.521251}}
{"target": 0.8347662863362606, "params": {"max_depth": 10.015036432752218, "n_estimators": 113.07479617120536}, "datetime": {"datetime": "2021-09-21 16:12:30", "elapsed": 250.248615, "delta": 1.47245}}
{"target": 0.8303194280634072, "params": {"max_depth": 12.445500422091275, "n_estimators": 146.99804283293253}, "datetime": {"datetime": "2021-09-21 16:12:32", "elapsed": 251.980259, "delta": 1.731644}}
{"target": 0.8343271332071177, "params": {"max_depth": 23.34914904320545, "n_estimators": 121.34247005936055}, "datetime": {"datetime": "2021-09-21 16:12:33", "elapsed": 253.503101, "delta": 1.522842}}
{"target": 0.8361195041939828, "params": {"max_depth": 14.000119030895476, "n_estimators": 118.95079833763083}, "datetime": {"datetime": "2021-09-21 16:12:35", "elapsed": 255.144452, "delta": 1.641351}}
{"target": 0.8321721304001458, "params": {"max_depth": 12.647160869160135, "n_estimators": 118.98215702877363}, "datetime": {"datetime": "2021-09-21 16:12:37", "elapsed": 256.802362, "delta": 1.65791}}
{"target": 0.8355507866774248, "params": {"max_depth": 14.946426027893118, "n_estimators": 119.11474890706808}, "datetime": {"datetime": "2021-09-21 16:12:39", "elapsed": 258.55909, "delta": 1.756728}}
{"target": 0.8361195041939828, "params": {"max_depth": 14.547606786332516, "n_estimators": 118.00128525631753}, "datetime": {"datetime": "2021-09-21 16:12:40", "elapsed": 259.974909, "delta": 1.415819}}
{"target": 0.8343048850835935, "params": {"max_depth": 10.171525081693751, "n_estimators": 131.02963025312957}, "datetime": {"datetime": "2021-09-21 16:12:42", "elapsed": 261.550333, "delta": 1.575424}}
{"target": 0.833658821992955, "params": {"max_depth": 29.953720592977724, "n_estimators": 131.75839030972188}, "datetime": {"datetime": "2021-09-21 16:12:43", "elapsed": 262.809358, "delta": 1.259025}}
{"target": 0.834331968556089, "params": {"max_depth": 22.10264537236684, "n_estimators": 116.15805047556874}, "datetime": {"datetime": "2021-09-21 16:12:44", "elapsed": 264.320095, "delta": 1.510737}}
{"target": 0.834331141975725, "params": {"max_depth": 27.895193515164287, "n_estimators": 123.89543119871567}, "datetime": {"datetime": "2021-09-21 16:12:47", "elapsed": 266.815153, "delta": 2.495058}}
{"target": 0.8347017440405013, "params": {"max_depth": 25.73899829439597, "n_estimators": 126.79267221555651}, "datetime": {"datetime": "2021-09-21 16:12:50", "elapsed": 269.700151, "delta": 2.884998}}
{"target": 0.8312193637687916, "params": {"max_depth": 17.948454298705194, "n_estimators": 147.33586314185197}, "datetime": {"datetime": "2021-09-21 16:12:51", "elapsed": 271.357922, "delta": 1.657771}}
{"target": 0.8307447904029768, "params": {"max_depth": 30.0, "n_estimators": 144.24724765278177}, "datetime": {"datetime": "2021-09-21 16:12:53", "elapsed": 273.069618, "delta": 1.711696}}
{"target": 0.831086866138133, "params": {"max_depth": 21.99584069425428, "n_estimators": 144.2033456468239}, "datetime": {"datetime": "2021-09-21 16:12:54", "elapsed": 274.454798, "delta": 1.38518}}
{"target": 0.834273147761984, "params": {"max_depth": 25.627406798269213, "n_estimators": 116.61999519711881}, "datetime": {"datetime": "2021-09-21 16:12:56", "elapsed": 275.962714, "delta": 1.507916}}
{"target": 0.8367927600010365, "params": {"max_depth": 14.848411742172999, "n_estimators": 123.00985166613293}, "datetime": {"datetime": "2021-09-21 16:12:57", "elapsed": 277.33297, "delta": 1.370256}}
{"target": 0.8367927600010365, "params": {"max_depth": 14.277288884300102, "n_estimators": 123.84518736444016}, "datetime": {"datetime": "2021-09-21 16:12:59", "elapsed": 278.847489, "delta": 1.514519}}
{"target": 0.8364701539474462, "params": {"max_depth": 13.869302903269134, "n_estimators": 122.8093861574635}, "datetime": {"datetime": "2021-09-21 16:13:00", "elapsed": 280.359175, "delta": 1.511686}}
{"target": 0.8367559637719488, "params": {"max_depth": 14.610364375588695, "n_estimators": 121.86837206762974}, "datetime": {"datetime": "2021-09-21 16:13:02", "elapsed": 281.714855, "delta": 1.35568}}
{"target": 0.834818566433089, "params": {"max_depth": 15.701888372946302, "n_estimators": 122.47862896393421}, "datetime": {"datetime": "2021-09-21 16:13:03", "elapsed": 283.490362, "delta": 1.775507}}
{"target": 0.8368241721287998, "params": {"max_depth": 14.291014621741326, "n_estimators": 120.81413099797169}, "datetime": {"datetime": "2021-09-21 16:13:05", "elapsed": 284.940391, "delta": 1.450029}}
{"target": 0.8359349975346895, "params": {"max_depth": 13.992926606925506, "n_estimators": 121.48750030935798}, "datetime": {"datetime": "2021-09-21 16:13:07", "elapsed": 286.552403, "delta": 1.612012}}
{"target": 0.8368241721287998, "params": {"max_depth": 14.14374356843124, "n_estimators": 120.03519279832905}, "datetime": {"datetime": "2021-09-21 16:13:08", "elapsed": 288.22908, "delta": 1.676677}}
{"target": 0.8368241721287998, "params": {"max_depth": 14.997435611251305, "n_estimators": 120.42435555153367}, "datetime": {"datetime": "2021-09-21 16:13:10", "elapsed": 289.95969, "delta": 1.73061}}
{"target": 0.8348950884528494, "params": {"max_depth": 15.005613941574298, "n_estimators": 124.06683134192909}, "datetime": {"datetime": "2021-09-21 16:13:12", "elapsed": 291.675988, "delta": 1.716298}}
{"target": 0.828879043813173, "params": {"max_depth": 16.42514634280986, "n_estimators": 142.69049331978243}, "datetime": {"datetime": "2021-09-21 16:13:14", "elapsed": 293.657463, "delta": 1.981475}}
{"target": 0.832581117727413, "params": {"max_depth": 23.607067079271598, "n_estimators": 137.61189837227215}, "datetime": {"datetime": "2021-09-21 16:13:15", "elapsed": 295.44625, "delta": 1.788787}}
{"target": 0.8344535289563556, "params": {"max_depth": 27.90749194505576, "n_estimators": 112.72861089374763}, "datetime": {"datetime": "2021-09-21 16:13:17", "elapsed": 296.84559, "delta": 1.39934}}
{"target": 0.837449716546226, "params": {"max_depth": 14.049517768592658, "n_estimators": 126.68158421793146}, "datetime": {"datetime": "2021-09-21 16:13:18", "elapsed": 298.178705, "delta": 1.333115}}
{"target": 0.8357702681729126, "params": {"max_depth": 13.80687884149637, "n_estimators": 127.58002227541544}, "datetime": {"datetime": "2021-09-21 16:13:20", "elapsed": 299.748276, "delta": 1.569571}}
{"target": 0.8371434419747312, "params": {"max_depth": 13.841562778107303, "n_estimators": 125.71822220971522}, "datetime": {"datetime": "2021-09-21 16:13:21", "elapsed": 301.454025, "delta": 1.705749}}
{"target": 0.8366826368253566, "params": {"max_depth": 13.41708772095892, "n_estimators": 126.37322998155553}, "datetime": {"datetime": "2021-09-21 16:13:23", "elapsed": 302.916823, "delta": 1.462798}}
{"target": 0.837449716546226, "params": {"max_depth": 14.648491559578387, "n_estimators": 126.14731711140166}, "datetime": {"datetime": "2021-09-21 16:13:25", "elapsed": 304.581365, "delta": 1.664542}}
{"target": 0.8365748372365353, "params": {"max_depth": 14.785596521015947, "n_estimators": 127.15388756878971}, "datetime": {"datetime": "2021-09-21 16:13:26", "elapsed": 306.204358, "delta": 1.622993}}
{"target": 0.8350692081306734, "params": {"max_depth": 10.0, "n_estimators": 110.19624800271373}, "datetime": {"datetime": "2021-09-21 16:13:28", "elapsed": 307.838462, "delta": 1.634104}}
{"target": 0.8317381589448163, "params": {"max_depth": 12.410378917343124, "n_estimators": 107.0191545986591}, "datetime": {"datetime": "2021-09-21 16:13:29", "elapsed": 309.535727, "delta": 1.697265}}
{"target": 0.8317353799355591, "params": {"max_depth": 26.31134969385383, "n_estimators": 140.39477107023117}, "datetime": {"datetime": "2021-09-21 16:13:32", "elapsed": 311.818233, "delta": 2.282506}}
{"target": 0.8328172253457513, "params": {"max_depth": 26.58900462786683, "n_estimators": 134.53236216330342}, "datetime": {"datetime": "2021-09-21 16:13:35", "elapsed": 314.580548, "delta": 2.762315}}
{"target": 0.8313862961459677, "params": {"max_depth": 23.220880858353762, "n_estimators": 149.94680657475666}, "datetime": {"datetime": "2021-09-21 16:13:37", "elapsed": 316.980027, "delta": 2.399479}}
{"target": 0.8354911274697191, "params": {"max_depth": 18.43822045872473, "n_estimators": 131.1042392458979}, "datetime": {"datetime": "2021-09-21 16:13:39", "elapsed": 318.959549, "delta": 1.979522}}
{"target": 0.8333446954783286, "params": {"max_depth": 20.42126711164873, "n_estimators": 134.89042218103725}, "datetime": {"datetime": "2021-09-21 16:13:42", "elapsed": 321.611778, "delta": 2.652229}}
{"target": 0.8350342838829349, "params": {"max_depth": 22.68540050548599, "n_estimators": 125.00370535464664}, "datetime": {"datetime": "2021-09-21 16:13:44", "elapsed": 323.817217, "delta": 2.205439}}
{"target": 0.8346488434756807, "params": {"max_depth": 21.95832927036726, "n_estimators": 105.59960704465757}, "datetime": {"datetime": "2021-09-21 16:13:46", "elapsed": 325.763798, "delta": 1.946581}}
{"target": 0.8341574383986516, "params": {"max_depth": 27.75485493989362, "n_estimators": 117.29089779043625}, "datetime": {"datetime": "2021-09-21 16:13:48", "elapsed": 327.549225, "delta": 1.785427}}
{"target": 0.8347017440405013, "params": {"max_depth": 29.99745065904844, "n_estimators": 126.74785568177246}, "datetime": {"datetime": "2021-09-21 16:13:50", "elapsed": 329.854368, "delta": 2.305143}}
{"target": 0.837017609543593, "params": {"max_depth": 13.975540008732468, "n_estimators": 124.73981877082625}, "datetime": {"datetime": "2021-09-21 16:13:52", "elapsed": 331.989762, "delta": 2.135394}}
{"target": 0.8364561892483843, "params": {"max_depth": 13.500834065653148, "n_estimators": 123.89008992698868}, "datetime": {"datetime": "2021-09-21 16:13:54", "elapsed": 333.737073, "delta": 1.747311}}
{"target": 0.8338014580808415, "params": {"max_depth": 29.864285206837575, "n_estimators": 107.5301077065418}, "datetime": {"datetime": "2021-09-21 16:13:56", "elapsed": 336.21711, "delta": 2.480037}}
{"target": 0.8314573608989746, "params": {"max_depth": 12.683659797111112, "n_estimators": 135.84991016254594}, "datetime": {"datetime": "2021-09-21 16:13:58", "elapsed": 338.497277, "delta": 2.280167}}
{"target": 0.8302852084263206, "params": {"max_depth": 16.364920405234663, "n_estimators": 137.7056303965553}, "datetime": {"datetime": "2021-09-21 16:14:01", "elapsed": 340.619597, "delta": 2.12232}}
{"target": 0.8309313582194366, "params": {"max_depth": 30.0, "n_estimators": 150.0}, "datetime": {"datetime": "2021-09-21 16:14:03", "elapsed": 343.071053, "delta": 2.451456}}
{"target": 0.8325289546074894, "params": {"max_depth": 12.088979920657003, "n_estimators": 113.57331193613646}, "datetime": {"datetime": "2021-09-21 16:14:06", "elapsed": 345.747469, "delta": 2.676416}}
{"target": 0.8323058952278948, "params": {"max_depth": 12.258264491115586, "n_estimators": 129.14220483280062}, "datetime": {"datetime": "2021-09-21 16:14:08", "elapsed": 348.004275, "delta": 2.256806}}
{"target": 0.8361079527094066, "params": {"max_depth": 14.729433900283524, "n_estimators": 130.15031534495606}, "datetime": {"datetime": "2021-09-21 16:14:11", "elapsed": 350.59366, "delta": 2.589385}}
{"target": 0.8362966809875884, "params": {"max_depth": 14.610180264413417, "n_estimators": 129.20187287381287}, "datetime": {"datetime": "2021-09-21 16:14:13", "elapsed": 353.251055, "delta": 2.657395}}
