{"target": -2.4655040204678365, "params": {"max_depth": 17.064174164087557, "n_estimators": 30.90811274119674}, "datetime": {"datetime": "2021-09-21 10:19:11", "elapsed": 657.72856, "delta": 5.426023}}
{"target": -2.3635878408708346, "params": {"max_depth": 20.493935673572448, "n_estimators": 67.78771610033041}, "datetime": {"datetime": "2021-09-21 10:19:14", "elapsed": 661.028876, "delta": 3.300316}}
{"target": -2.3624728098230654, "params": {"max_depth": 18.33083702020187, "n_estimators": 67.54472034587361}, "datetime": {"datetime": "2021-09-21 10:19:21", "elapsed": 667.796812, "delta": 6.767936}}
{"target": -2.3681264728986653, "params": {"max_depth": 29.13471084367805, "n_estimators": 67.8319910332463}, "datetime": {"datetime": "2021-09-21 10:19:25", "elapsed": 671.776344, "delta": 3.979532}}
{"target": -2.369558057265246, "params": {"max_depth": 17.10404956551695, "n_estimators": 67.77760801956912}, "datetime": {"datetime": "2021-09-21 10:19:31", "elapsed": 677.473911, "delta": 5.697567}}
{"target": -2.43842105263158, "params": {"max_depth": 27.91198698398603, "n_estimators": 45.87925761634138}, "datetime": {"datetime": "2021-09-21 10:19:34", "elapsed": 680.475359, "delta": 3.001448}}
{"target": -2.4054081177520086, "params": {"max_depth": 21.655768656342154, "n_estimators": 59.6322528064473}, "datetime": {"datetime": "2021-09-21 10:19:38", "elapsed": 684.809605, "delta": 4.334246}}
{"target": -2.3983698830409366, "params": {"max_depth": 24.17985335107583, "n_estimators": 90.17440344147361}, "datetime": {"datetime": "2021-09-21 10:19:43", "elapsed": 689.709625, "delta": 4.90002}}
{"target": -2.4018533376123243, "params": {"max_depth": 22.566059295234925, "n_estimators": 82.9766358845792}, "datetime": {"datetime": "2021-09-21 10:19:48", "elapsed": 694.608357, "delta": 4.898732}}
{"target": -2.3624728098230654, "params": {"max_depth": 18.501370726314207, "n_estimators": 67.55745954564605}, "datetime": {"datetime": "2021-09-21 10:19:52", "elapsed": 698.861778, "delta": 4.253421}}
{"target": -2.3623336389837646, "params": {"max_depth": 16.321211439827202, "n_estimators": 67.53592314713248}, "datetime": {"datetime": "2021-09-21 10:19:57", "elapsed": 703.284418, "delta": 4.42264}}
{"target": -2.3624728098230654, "params": {"max_depth": 18.49572401724945, "n_estimators": 67.67690405434682}, "datetime": {"datetime": "2021-09-21 10:20:01", "elapsed": 707.692877, "delta": 4.408459}}
{"target": -2.391789507467795, "params": {"max_depth": 16.39479877210095, "n_estimators": 79.00543202103358}, "datetime": {"datetime": "2021-09-21 10:20:06", "elapsed": 712.321087, "delta": 4.62821}}
{"target": -2.3624728098230654, "params": {"max_depth": 18.732675021967484, "n_estimators": 67.13255155504564}, "datetime": {"datetime": "2021-09-21 10:20:09", "elapsed": 715.928707, "delta": 3.60762}}
{"target": -2.3658670824789256, "params": {"max_depth": 20.923570397966046, "n_estimators": 66.54887392737567}, "datetime": {"datetime": "2021-09-21 10:20:19", "elapsed": 725.370491, "delta": 9.441784}}
{"target": -2.3624728098230654, "params": {"max_depth": 18.545449192116752, "n_estimators": 67.69399335197834}, "datetime": {"datetime": "2021-09-21 10:20:24", "elapsed": 730.51425, "delta": 5.143759}}
{"target": -2.3624728098230654, "params": {"max_depth": 18.2982565961524, "n_estimators": 67.55850714533682}, "datetime": {"datetime": "2021-09-21 10:20:31", "elapsed": 737.145276, "delta": 6.631026}}
{"target": -2.414807997925362, "params": {"max_depth": 13.889867486501608, "n_estimators": 70.40975424041265}, "datetime": {"datetime": "2021-09-21 10:20:37", "elapsed": 743.28406, "delta": 6.138784}}
{"target": -2.3765418965611516, "params": {"max_depth": 16.03981166176669, "n_estimators": 70.06648460809132}, "datetime": {"datetime": "2021-09-21 10:20:42", "elapsed": 748.085072, "delta": 4.801012}}
{"target": -2.3623336389837646, "params": {"max_depth": 16.50615388237482, "n_estimators": 67.27062562661126}, "datetime": {"datetime": "2021-09-21 10:20:45", "elapsed": 751.660259, "delta": 3.575187}}
{"target": -2.3623336389837646, "params": {"max_depth": 16.35198782790611, "n_estimators": 67.37167257951627}, "datetime": {"datetime": "2021-09-21 10:20:49", "elapsed": 755.971788, "delta": 4.311529}}
{"target": -2.3635878408708346, "params": {"max_depth": 20.415451614608138, "n_estimators": 67.14201524159829}, "datetime": {"datetime": "2021-09-21 10:20:58", "elapsed": 764.576975, "delta": 8.605187}}
{"target": -2.3624728098230654, "params": {"max_depth": 18.316490256587077, "n_estimators": 67.54393575854635}, "datetime": {"datetime": "2021-09-21 10:21:02", "elapsed": 768.338814, "delta": 3.761839}}
{"target": -2.3624728098230654, "params": {"max_depth": 18.34574876017771, "n_estimators": 67.585432756729}, "datetime": {"datetime": "2021-09-21 10:21:06", "elapsed": 772.462196, "delta": 4.123382}}
{"target": -2.3623336389837646, "params": {"max_depth": 16.408959704150607, "n_estimators": 67.23068235073704}, "datetime": {"datetime": "2021-09-21 10:21:13", "elapsed": 779.133544, "delta": 6.671348}}
{"target": -2.3623336389837646, "params": {"max_depth": 16.361468091714336, "n_estimators": 67.42144961930786}, "datetime": {"datetime": "2021-09-21 10:21:19", "elapsed": 785.488205, "delta": 6.354661}}
{"target": -2.363698474405712, "params": {"max_depth": 18.763866684266798, "n_estimators": 66.5621113578814}, "datetime": {"datetime": "2021-09-21 10:21:25", "elapsed": 791.68033, "delta": 6.192125}}
{"target": -2.3624728098230654, "params": {"max_depth": 18.41990129578725, "n_estimators": 67.36789608704953}, "datetime": {"datetime": "2021-09-21 10:21:31", "elapsed": 797.873925, "delta": 6.193595}}
{"target": -2.3624728098230654, "params": {"max_depth": 18.71329649609456, "n_estimators": 67.31509856961867}, "datetime": {"datetime": "2021-09-21 10:21:37", "elapsed": 803.520537, "delta": 5.646612}}
{"target": -2.3624728098230654, "params": {"max_depth": 18.796467052095554, "n_estimators": 67.28838250086042}, "datetime": {"datetime": "2021-09-21 10:21:41", "elapsed": 807.942912, "delta": 4.422375}}
{"target": -2.3623336389837646, "params": {"max_depth": 16.29823973992408, "n_estimators": 67.3276121241636}, "datetime": {"datetime": "2021-09-21 10:21:48", "elapsed": 814.362921, "delta": 6.420009}}
{"target": -2.3635878408708346, "params": {"max_depth": 20.72859442106083, "n_estimators": 67.66664497554893}, "datetime": {"datetime": "2021-09-21 10:21:56", "elapsed": 822.697107, "delta": 8.334186}}
{"target": -2.3624728098230654, "params": {"max_depth": 18.716801580936597, "n_estimators": 67.43887322231502}, "datetime": {"datetime": "2021-09-21 10:22:05", "elapsed": 831.403067, "delta": 8.70596}}
{"target": -2.3624728098230654, "params": {"max_depth": 18.534494291903, "n_estimators": 67.21370233985562}, "datetime": {"datetime": "2021-09-21 10:22:12", "elapsed": 838.208909, "delta": 6.805842}}
{"target": -2.3623336389837646, "params": {"max_depth": 16.402492620653387, "n_estimators": 67.43489321651866}, "datetime": {"datetime": "2021-09-21 10:22:16", "elapsed": 842.878251, "delta": 4.669342}}
{"target": -2.3624728098230654, "params": {"max_depth": 18.305935523597196, "n_estimators": 67.74358809298498}, "datetime": {"datetime": "2021-09-21 10:22:21", "elapsed": 847.137879, "delta": 4.259628}}
{"target": -2.3623336389837646, "params": {"max_depth": 16.222339189106272, "n_estimators": 67.37335096128194}, "datetime": {"datetime": "2021-09-21 10:22:25", "elapsed": 851.193023, "delta": 4.055144}}
{"target": -2.3623336389837646, "params": {"max_depth": 16.32892092530219, "n_estimators": 67.59040892193309}, "datetime": {"datetime": "2021-09-21 10:22:30", "elapsed": 856.903949, "delta": 5.710926}}
{"target": -2.3623336389837646, "params": {"max_depth": 16.438431695960915, "n_estimators": 67.37290318666508}, "datetime": {"datetime": "2021-09-21 10:22:36", "elapsed": 862.11914, "delta": 5.215191}}
{"target": -2.3974888452191094, "params": {"max_depth": 19.74144848653766, "n_estimators": 63.116706112060974}, "datetime": {"datetime": "2021-09-21 10:22:41", "elapsed": 867.98213, "delta": 5.86299}}
{"target": -2.3963834862136064, "params": {"max_depth": 16.80919051538019, "n_estimators": 61.910328784294684}, "datetime": {"datetime": "2021-09-21 10:22:46", "elapsed": 872.665012, "delta": 4.682882}}
{"target": -2.3624728098230654, "params": {"max_depth": 18.486223922041688, "n_estimators": 67.14693241134304}, "datetime": {"datetime": "2021-09-21 10:22:54", "elapsed": 880.4592, "delta": 7.794188}}
{"target": -2.3624728098230654, "params": {"max_depth": 18.704793221705447, "n_estimators": 67.22461654091097}, "datetime": {"datetime": "2021-09-21 10:23:00", "elapsed": 886.906613, "delta": 6.447413}}
{"target": -2.3624728098230654, "params": {"max_depth": 18.469166984439756, "n_estimators": 67.40045933725543}, "datetime": {"datetime": "2021-09-21 10:23:07", "elapsed": 893.150322, "delta": 6.243709}}
{"target": -2.3624728098230654, "params": {"max_depth": 18.446076384842726, "n_estimators": 67.72152119396527}, "datetime": {"datetime": "2021-09-21 10:23:11", "elapsed": 897.98937, "delta": 4.839048}}
{"target": -2.3624728098230654, "params": {"max_depth": 18.550451775344175, "n_estimators": 67.45860465801674}, "datetime": {"datetime": "2021-09-21 10:23:16", "elapsed": 902.716876, "delta": 4.727506}}
{"target": -2.3623336389837646, "params": {"max_depth": 16.49266494793848, "n_estimators": 67.41534449933584}, "datetime": {"datetime": "2021-09-21 10:23:21", "elapsed": 908.006621, "delta": 5.289745}}
{"target": -2.3624728098230654, "params": {"max_depth": 18.48425039198147, "n_estimators": 67.39671321110185}, "datetime": {"datetime": "2021-09-21 10:23:27", "elapsed": 913.853177, "delta": 5.846556}}
{"target": -2.3635878408708346, "params": {"max_depth": 20.776468675995545, "n_estimators": 67.06023368146094}, "datetime": {"datetime": "2021-09-21 10:23:34", "elapsed": 920.947506, "delta": 7.094329}}
{"target": -2.3623336389837646, "params": {"max_depth": 16.276773018962892, "n_estimators": 67.23192334300421}, "datetime": {"datetime": "2021-09-21 10:23:42", "elapsed": 928.3578, "delta": 7.410294}}
{"target": -2.3624728098230654, "params": {"max_depth": 18.569691890111475, "n_estimators": 67.48185188324943}, "datetime": {"datetime": "2021-09-21 10:23:46", "elapsed": 932.997509, "delta": 4.639709}}
{"target": -2.3623336389837646, "params": {"max_depth": 16.370338049925255, "n_estimators": 67.42477251120246}, "datetime": {"datetime": "2021-09-21 10:23:53", "elapsed": 939.221245, "delta": 6.223736}}
{"target": -2.3624728098230654, "params": {"max_depth": 18.861311970939717, "n_estimators": 67.12336924818337}, "datetime": {"datetime": "2021-09-21 10:23:58", "elapsed": 944.948247, "delta": 5.727002}}
{"target": -2.3623336389837646, "params": {"max_depth": 16.296985237630487, "n_estimators": 67.29624652093737}, "datetime": {"datetime": "2021-09-21 10:24:03", "elapsed": 949.856905, "delta": 4.908658}}
{"target": -2.3623336389837646, "params": {"max_depth": 16.229802236840875, "n_estimators": 67.13246454634657}, "datetime": {"datetime": "2021-09-21 10:24:09", "elapsed": 956.030746, "delta": 6.173841}}
{"target": -2.3623336389837646, "params": {"max_depth": 16.372160920986545, "n_estimators": 67.40902725677721}, "datetime": {"datetime": "2021-09-21 10:24:17", "elapsed": 963.620734, "delta": 7.589988}}
{"target": -2.3624728098230654, "params": {"max_depth": 18.498838132072866, "n_estimators": 67.44812146986739}, "datetime": {"datetime": "2021-09-21 10:24:23", "elapsed": 969.249588, "delta": 5.628854}}
{"target": -2.363698474405712, "params": {"max_depth": 18.832379653777163, "n_estimators": 66.8897389245562}, "datetime": {"datetime": "2021-09-21 10:24:27", "elapsed": 973.735568, "delta": 4.48598}}
{"target": -2.421518094555978, "params": {"max_depth": 13.471087151241235, "n_estimators": 84.07078845383592}, "datetime": {"datetime": "2021-09-21 10:24:34", "elapsed": 980.390083, "delta": 6.654515}}
{"target": -2.3623336389837646, "params": {"max_depth": 16.5009137942337, "n_estimators": 67.48671940370446}, "datetime": {"datetime": "2021-09-21 10:24:41", "elapsed": 987.351336, "delta": 6.961253}}
{"target": -2.4356264302059505, "params": {"max_depth": 21.945230706194952, "n_estimators": 46.40153622580419}, "datetime": {"datetime": "2021-09-21 10:24:46", "elapsed": 992.858567, "delta": 5.507231}}
{"target": -2.474894736842105, "params": {"max_depth": 29.96736633591945, "n_estimators": 25.154105986124485}, "datetime": {"datetime": "2021-09-21 10:24:51", "elapsed": 997.104116, "delta": 4.245549}}
{"target": -2.3624728098230654, "params": {"max_depth": 18.684030291129943, "n_estimators": 67.33042951796291}, "datetime": {"datetime": "2021-09-21 10:24:55", "elapsed": 1002.05426, "delta": 4.950144}}
{"target": -2.3624728098230654, "params": {"max_depth": 18.59716854017817, "n_estimators": 67.42009860353083}, "datetime": {"datetime": "2021-09-21 10:25:00", "elapsed": 1006.263397, "delta": 4.209137}}
{"target": -2.3624728098230654, "params": {"max_depth": 18.602584858206974, "n_estimators": 67.49343679548512}, "datetime": {"datetime": "2021-09-21 10:25:05", "elapsed": 1011.114577, "delta": 4.85118}}
{"target": -2.3624728098230654, "params": {"max_depth": 18.430358728178753, "n_estimators": 67.72106637332986}, "datetime": {"datetime": "2021-09-21 10:25:10", "elapsed": 1016.832745, "delta": 5.718168}}
{"target": -2.3624728098230654, "params": {"max_depth": 18.56864246043271, "n_estimators": 67.3958456195003}, "datetime": {"datetime": "2021-09-21 10:25:21", "elapsed": 1027.078183, "delta": 10.245438}}
{"target": -2.3624728098230654, "params": {"max_depth": 18.42073905632928, "n_estimators": 67.3681792582955}, "datetime": {"datetime": "2021-09-21 10:25:26", "elapsed": 1032.325916, "delta": 5.247733}}
{"target": -2.3623336389837646, "params": {"max_depth": 16.448550735122527, "n_estimators": 67.24551088602635}, "datetime": {"datetime": "2021-09-21 10:25:31", "elapsed": 1037.402506, "delta": 5.07659}}
{"target": -2.3623336389837646, "params": {"max_depth": 16.19413001980579, "n_estimators": 67.0887854420517}, "datetime": {"datetime": "2021-09-21 10:25:38", "elapsed": 1044.593586, "delta": 7.19108}}
{"target": -2.3624728098230654, "params": {"max_depth": 18.593586746291592, "n_estimators": 67.22532097375387}, "datetime": {"datetime": "2021-09-21 10:25:45", "elapsed": 1051.638383, "delta": 7.044797}}
{"target": -2.3624728098230654, "params": {"max_depth": 18.595450159835238, "n_estimators": 67.49288020006045}, "datetime": {"datetime": "2021-09-21 10:25:51", "elapsed": 1057.794852, "delta": 6.156469}}
{"target": -2.364892920595161, "params": {"max_depth": 16.034650484103054, "n_estimators": 66.82178600289684}, "datetime": {"datetime": "2021-09-21 10:25:58", "elapsed": 1064.736421, "delta": 6.941569}}
{"target": -2.3624728098230654, "params": {"max_depth": 18.402562346121908, "n_estimators": 67.64441146944557}, "datetime": {"datetime": "2021-09-21 10:26:06", "elapsed": 1072.101748, "delta": 7.365327}}
{"target": -2.3623336389837646, "params": {"max_depth": 16.283090139540512, "n_estimators": 67.29972722374967}, "datetime": {"datetime": "2021-09-21 10:26:11", "elapsed": 1077.493734, "delta": 5.391986}}
{"target": -2.3623336389837646, "params": {"max_depth": 16.461992699141632, "n_estimators": 67.65014446462514}, "datetime": {"datetime": "2021-09-21 10:26:18", "elapsed": 1084.537748, "delta": 7.044014}}
{"target": -2.3670941197124433, "params": {"max_depth": 19.014660703749854, "n_estimators": 67.28490048339991}, "datetime": {"datetime": "2021-09-21 10:26:26", "elapsed": 1092.501876, "delta": 7.964128}}
{"target": -2.511973684210526, "params": {"max_depth": 21.40802422595205, "n_estimators": 10.749250803286595}, "datetime": {"datetime": "2021-09-21 10:26:31", "elapsed": 1097.146273, "delta": 4.644397}}
{"target": -2.3624728098230654, "params": {"max_depth": 18.48709622314041, "n_estimators": 67.69608765983791}, "datetime": {"datetime": "2021-09-21 10:26:40", "elapsed": 1106.183812, "delta": 9.037539}}
{"target": -2.4476586687306505, "params": {"max_depth": 23.940133054664766, "n_estimators": 34.56256985140395}, "datetime": {"datetime": "2021-09-21 10:26:46", "elapsed": 1112.402707, "delta": 6.218895}}
{"target": -2.3624728098230654, "params": {"max_depth": 18.397501597045125, "n_estimators": 67.5680438454505}, "datetime": {"datetime": "2021-09-21 10:26:53", "elapsed": 1119.304908, "delta": 6.902201}}
{"target": -2.400969973009447, "params": {"max_depth": 29.989919131232927, "n_estimators": 78.5803169558351}, "datetime": {"datetime": "2021-09-21 10:26:59", "elapsed": 1125.603508, "delta": 6.2986}}
{"target": -2.3624728098230654, "params": {"max_depth": 18.539520959637454, "n_estimators": 67.59496256601875}, "datetime": {"datetime": "2021-09-21 10:27:05", "elapsed": 1131.502043, "delta": 5.898535}}
{"target": -2.3624728098230654, "params": {"max_depth": 18.427043766805348, "n_estimators": 67.7584985690454}, "datetime": {"datetime": "2021-09-21 10:27:12", "elapsed": 1139.057528, "delta": 7.555485}}
{"target": -2.3624728098230654, "params": {"max_depth": 18.139537423194696, "n_estimators": 67.87570125429033}, "datetime": {"datetime": "2021-09-21 10:27:20", "elapsed": 1146.67343, "delta": 7.615902}}
{"target": -2.3623336389837646, "params": {"max_depth": 16.264904179326457, "n_estimators": 67.41445977214524}, "datetime": {"datetime": "2021-09-21 10:27:28", "elapsed": 1154.600856, "delta": 7.927426}}
{"target": -2.3700843814943706, "params": {"max_depth": 19.06145167052059, "n_estimators": 66.3297959638228}, "datetime": {"datetime": "2021-09-21 10:27:34", "elapsed": 1160.785231, "delta": 6.184375}}
{"target": -2.429914860681116, "params": {"max_depth": 28.10193947130203, "n_estimators": 51.11293300868133}, "datetime": {"datetime": "2021-09-21 10:27:40", "elapsed": 1166.160402, "delta": 5.375171}}
{"target": -2.364646062271063, "params": {"max_depth": 18.590967859900314, "n_estimators": 65.55294553600596}, "datetime": {"datetime": "2021-09-21 10:27:49", "elapsed": 1175.763722, "delta": 9.60332}}
{"target": -2.392290292617509, "params": {"max_depth": 18.879973573753862, "n_estimators": 57.46244925439003}, "datetime": {"datetime": "2021-09-21 10:27:56", "elapsed": 1182.719016, "delta": 6.955294}}
{"target": -2.398805202661828, "params": {"max_depth": 30.0, "n_estimators": 87.19892177351335}, "datetime": {"datetime": "2021-09-21 10:28:02", "elapsed": 1188.669254, "delta": 5.950238}}
{"target": -2.4011741601669896, "params": {"max_depth": 17.758903194869607, "n_estimators": 89.55879766876535}, "datetime": {"datetime": "2021-09-21 10:28:13", "elapsed": 1199.462008, "delta": 10.792754}}
{"target": -2.3954339022106015, "params": {"max_depth": 19.859902100006728, "n_estimators": 86.8419620416659}, "datetime": {"datetime": "2021-09-21 10:28:20", "elapsed": 1206.329954, "delta": 6.867946}}
{"target": -2.396717755928283, "params": {"max_depth": 26.467894504503445, "n_estimators": 91.84271248309321}, "datetime": {"datetime": "2021-09-21 10:28:29", "elapsed": 1215.731726, "delta": 9.401772}}
{"target": -2.3881172002170374, "params": {"max_depth": 30.0, "n_estimators": 97.8029473298049}, "datetime": {"datetime": "2021-09-21 10:28:38", "elapsed": 1224.175548, "delta": 8.443822}}
{"target": -2.4119994752237885, "params": {"max_depth": 12.668397170483605, "n_estimators": 93.86192120796908}, "datetime": {"datetime": "2021-09-21 10:28:47", "elapsed": 1233.406341, "delta": 9.230793}}
{"target": -2.3905039097124012, "params": {"max_depth": 17.14606413504933, "n_estimators": 97.22566747557596}, "datetime": {"datetime": "2021-09-21 10:28:56", "elapsed": 1242.540826, "delta": 9.134485}}
{"target": -2.3923738119649776, "params": {"max_depth": 18.570457460677684, "n_estimators": 77.95699375762601}, "datetime": {"datetime": "2021-09-21 10:29:05", "elapsed": 1251.996729, "delta": 9.455903}}
{"target": -2.3867502578059727, "params": {"max_depth": 18.975383368367307, "n_estimators": 96.98091726972625}, "datetime": {"datetime": "2021-09-21 10:29:13", "elapsed": 1259.826224, "delta": 7.829495}}
{"target": -2.385386074421008, "params": {"max_depth": 19.752737030195775, "n_estimators": 71.61207739493756}, "datetime": {"datetime": "2021-09-21 10:29:19", "elapsed": 1265.573816, "delta": 5.747592}}
{"target": -2.3947906286801346, "params": {"max_depth": 20.062580695140248, "n_estimators": 83.66464708599364}, "datetime": {"datetime": "2021-09-21 10:29:27", "elapsed": 1273.194434, "delta": 7.620618}}
{"target": -2.3623336389837646, "params": {"max_depth": 16.27582337573613, "n_estimators": 67.11224727251349}, "datetime": {"datetime": "2021-09-21 10:29:40", "elapsed": 1286.499459, "delta": 13.305025}}
{"target": -2.3623336389837646, "params": {"max_depth": 16.395576070052208, "n_estimators": 67.35855844157923}, "datetime": {"datetime": "2021-09-21 10:29:49", "elapsed": 1295.635976, "delta": 9.136517}}
{"target": -2.3624728098230654, "params": {"max_depth": 18.516468466535976, "n_estimators": 67.32156079786971}, "datetime": {"datetime": "2021-09-21 10:29:57", "elapsed": 1303.529319, "delta": 7.893343}}
{"target": -2.3624728098230654, "params": {"max_depth": 18.672420615702205, "n_estimators": 67.16185605929228}, "datetime": {"datetime": "2021-09-21 10:30:03", "elapsed": 1309.982626, "delta": 6.453307}}
{"target": -2.3623336389837646, "params": {"max_depth": 16.355016375512122, "n_estimators": 67.62686003770406}, "datetime": {"datetime": "2021-09-21 10:30:11", "elapsed": 1318.026387, "delta": 8.043761}}
{"target": -2.3624728098230654, "params": {"max_depth": 18.57943808569625, "n_estimators": 67.29220653608058}, "datetime": {"datetime": "2021-09-21 10:30:23", "elapsed": 1329.104646, "delta": 11.078259}}
{"target": -2.3624728098230654, "params": {"max_depth": 18.288371469861193, "n_estimators": 67.77801507807112}, "datetime": {"datetime": "2021-09-21 10:30:36", "elapsed": 1342.917694, "delta": 13.813048}}
