{"target": -2.369585020242916, "params": {"max_depth": 24.682125840969718, "n_estimators": 65.84863151837766}, "datetime": {"datetime": "2021-09-21 11:49:03", "elapsed": 6049.154631, "delta": 28.313086}}
{"target": -2.3635878408708346, "params": {"max_depth": 20.02993258357607, "n_estimators": 67.82296447995532}, "datetime": {"datetime": "2021-09-21 11:49:32", "elapsed": 6078.632806, "delta": 29.478175}}
{"target": -2.3623336389837646, "params": {"max_depth": 16.434953738575356, "n_estimators": 67.50078791850848}, "datetime": {"datetime": "2021-09-21 11:49:45", "elapsed": 6091.776976, "delta": 13.14417}}
{"target": -2.3624728098230654, "params": {"max_depth": 18.015425344008033, "n_estimators": 67.85025668222956}, "datetime": {"datetime": "2021-09-21 11:49:59", "elapsed": 6105.137838, "delta": 13.360862}}
{"target": -2.3623336389837646, "params": {"max_depth": 16.572071907696813, "n_estimators": 67.47936052170748}, "datetime": {"datetime": "2021-09-21 11:50:27", "elapsed": 6133.42722, "delta": 28.289382}}
{"target": -2.3623336389837646, "params": {"max_depth": 16.249669440564382, "n_estimators": 67.1990974903852}, "datetime": {"datetime": "2021-09-21 11:50:41", "elapsed": 6147.436623, "delta": 14.009403}}
{"target": -2.382819548872181, "params": {"max_depth": 29.05309192422853, "n_estimators": 70.27859827979984}, "datetime": {"datetime": "2021-09-21 11:50:59", "elapsed": 6165.517552, "delta": 18.080929}}
{"target": -2.3624728098230654, "params": {"max_depth": 18.448170977332584, "n_estimators": 67.31449360885551}, "datetime": {"datetime": "2021-09-21 11:51:08", "elapsed": 6174.869132, "delta": 9.35158}}
{"target": -2.3623336389837646, "params": {"max_depth": 16.38678972828588, "n_estimators": 67.7458362653605}, "datetime": {"datetime": "2021-09-21 11:51:39", "elapsed": 6205.176566, "delta": 30.307434}}
{"target": -2.3624728098230654, "params": {"max_depth": 18.39660104774514, "n_estimators": 67.9538200278032}, "datetime": {"datetime": "2021-09-21 11:52:02", "elapsed": 6228.270858, "delta": 23.094292}}
{"target": -2.3623336389837646, "params": {"max_depth": 16.702638324372266, "n_estimators": 67.26382615550726}, "datetime": {"datetime": "2021-09-21 11:52:42", "elapsed": 6268.122629, "delta": 39.851771}}
{"target": -2.3623336389837646, "params": {"max_depth": 16.506998392531735, "n_estimators": 67.59554986314238}, "datetime": {"datetime": "2021-09-21 11:53:17", "elapsed": 6303.132477, "delta": 35.009848}}
{"target": -2.43842105263158, "params": {"max_depth": 25.877533456269965, "n_estimators": 45.534116016741116}, "datetime": {"datetime": "2021-09-21 11:53:58", "elapsed": 6344.704467, "delta": 41.57199}}
{"target": -2.3623336389837646, "params": {"max_depth": 16.374373537289422, "n_estimators": 67.31150787757156}, "datetime": {"datetime": "2021-09-21 11:54:34", "elapsed": 6380.631248, "delta": 35.926781}}
{"target": -2.3623336389837646, "params": {"max_depth": 16.547332116207905, "n_estimators": 67.27176242914648}, "datetime": {"datetime": "2021-09-21 11:54:58", "elapsed": 6404.277793, "delta": 23.646545}}
{"target": -2.3861749444032623, "params": {"max_depth": 22.53420363187721, "n_estimators": 71.9109705739326}, "datetime": {"datetime": "2021-09-21 11:55:13", "elapsed": 6419.159539, "delta": 14.881746}}
{"target": -2.370528112560814, "params": {"max_depth": 20.083936083505026, "n_estimators": 68.1464432927398}, "datetime": {"datetime": "2021-09-21 11:55:35", "elapsed": 6441.252184, "delta": 22.092645}}
{"target": -2.4655921052631578, "params": {"max_depth": 25.657564304028405, "n_estimators": 30.273405153057208}, "datetime": {"datetime": "2021-09-21 11:55:50", "elapsed": 6456.433, "delta": 15.180816}}
{"target": -2.442998120300753, "params": {"max_depth": 21.393187440992193, "n_estimators": 42.79236929582962}, "datetime": {"datetime": "2021-09-21 11:56:11", "elapsed": 6477.466793, "delta": 21.033793}}
{"target": -2.381817315026698, "params": {"max_depth": 21.575574419248234, "n_estimators": 69.4372885219606}, "datetime": {"datetime": "2021-09-21 11:56:38", "elapsed": 6504.679822, "delta": 27.213029}}
{"target": -2.3963149632322573, "params": {"max_depth": 20.047875411071402, "n_estimators": 91.48592613692988}, "datetime": {"datetime": "2021-09-21 11:56:58", "elapsed": 6524.870768, "delta": 20.190946}}
{"target": -2.396717755928283, "params": {"max_depth": 24.977996561225066, "n_estimators": 91.57851654208928}, "datetime": {"datetime": "2021-09-21 11:57:20", "elapsed": 6546.363856, "delta": 21.493088}}
{"target": -2.3635878408708346, "params": {"max_depth": 20.115390848489955, "n_estimators": 67.59926273957508}, "datetime": {"datetime": "2021-09-21 11:57:38", "elapsed": 6564.869105, "delta": 18.505249}}
{"target": -2.4530982415324445, "params": {"max_depth": 10.983045641480196, "n_estimators": 55.65599416408463}, "datetime": {"datetime": "2021-09-21 11:57:55", "elapsed": 6582.039617, "delta": 17.170512}}
{"target": -2.3624728098230654, "params": {"max_depth": 18.6405960337064, "n_estimators": 67.74123776689251}, "datetime": {"datetime": "2021-09-21 11:58:20", "elapsed": 6606.40462, "delta": 24.365003}}
{"target": -2.3624728098230654, "params": {"max_depth": 18.05395841366663, "n_estimators": 67.87066654397113}, "datetime": {"datetime": "2021-09-21 11:58:49", "elapsed": 6635.636917, "delta": 29.232297}}
{"target": -2.4054081177520086, "params": {"max_depth": 24.87803010037835, "n_estimators": 59.41195236235557}, "datetime": {"datetime": "2021-09-21 11:59:02", "elapsed": 6648.557835, "delta": 12.920918}}
{"target": -2.3991097379228368, "params": {"max_depth": 15.113840012012535, "n_estimators": 73.69860492042072}, "datetime": {"datetime": "2021-09-21 11:59:36", "elapsed": 6682.713765, "delta": 34.15593}}
{"target": -2.3624728098230654, "params": {"max_depth": 18.56123001670517, "n_estimators": 67.8791982723962}, "datetime": {"datetime": "2021-09-21 12:00:00", "elapsed": 6706.974825, "delta": 24.26106}}
{"target": -2.3880653782894745, "params": {"max_depth": 23.327627053268312, "n_estimators": 64.44245500094135}, "datetime": {"datetime": "2021-09-21 12:00:28", "elapsed": 6734.161438, "delta": 27.186613}}
{"target": -2.4036777394305444, "params": {"max_depth": 24.642913111507767, "n_estimators": 61.57113015880183}, "datetime": {"datetime": "2021-09-21 12:01:17", "elapsed": 6783.991474, "delta": 49.830036}}
{"target": -2.3624728098230654, "params": {"max_depth": 18.76313706834695, "n_estimators": 67.77250785304024}, "datetime": {"datetime": "2021-09-21 12:01:49", "elapsed": 6815.732084, "delta": 31.74061}}
{"target": -2.3624728098230654, "params": {"max_depth": 18.16411279818501, "n_estimators": 67.86315755779233}, "datetime": {"datetime": "2021-09-21 12:02:05", "elapsed": 6831.33319, "delta": 15.601106}}
{"target": -2.3624728098230654, "params": {"max_depth": 18.764644047799894, "n_estimators": 67.8262769267018}, "datetime": {"datetime": "2021-09-21 12:02:46", "elapsed": 6872.613218, "delta": 41.280028}}
{"target": -2.3623336389837646, "params": {"max_depth": 16.438295273393138, "n_estimators": 67.59775884761565}, "datetime": {"datetime": "2021-09-21 12:03:13", "elapsed": 6899.792489, "delta": 27.179271}}
{"target": -2.3624728098230654, "params": {"max_depth": 18.123442898391854, "n_estimators": 67.96101166814493}, "datetime": {"datetime": "2021-09-21 12:03:40", "elapsed": 6926.731804, "delta": 26.939315}}
{"target": -2.43842105263158, "params": {"max_depth": 30.0, "n_estimators": 45.834531231997474}, "datetime": {"datetime": "2021-09-21 12:04:03", "elapsed": 6949.258401, "delta": 22.526597}}
{"target": -2.3623336389837646, "params": {"max_depth": 16.316439470654288, "n_estimators": 67.36886556637998}, "datetime": {"datetime": "2021-09-21 12:04:17", "elapsed": 6963.668444, "delta": 14.410043}}
{"target": -2.3623336389837646, "params": {"max_depth": 16.315520620294855, "n_estimators": 67.3829690751842}, "datetime": {"datetime": "2021-09-21 12:04:32", "elapsed": 6978.779069, "delta": 15.110625}}
{"target": -2.3934672285767613, "params": {"max_depth": 18.535891503689214, "n_estimators": 94.02863686170512}, "datetime": {"datetime": "2021-09-21 12:04:48", "elapsed": 6994.154665, "delta": 15.375596}}
{"target": -2.3744368474447812, "params": {"max_depth": 17.98062486989757, "n_estimators": 68.01888621515128}, "datetime": {"datetime": "2021-09-21 12:05:07", "elapsed": 7013.737434, "delta": 19.582769}}
{"target": -4.99845307121836, "params": {"max_depth": 1.228475127145563, "n_estimators": 56.581398537279014}, "datetime": {"datetime": "2021-09-21 12:05:34", "elapsed": 7040.251355, "delta": 26.513921}}
{"target": -5.0239710109415965, "params": {"max_depth": 1.0586482243426598, "n_estimators": 39.96008054634597}, "datetime": {"datetime": "2021-09-21 12:05:55", "elapsed": 7061.743934, "delta": 21.492579}}
{"target": -2.54554971882986, "params": {"max_depth": 13.584340792569547, "n_estimators": 11.690070552399057}, "datetime": {"datetime": "2021-09-21 12:06:12", "elapsed": 7078.756, "delta": 17.012066}}
{"target": -2.702372724296021, "params": {"max_depth": 6.1561131002015275, "n_estimators": 23.335614169607673}, "datetime": {"datetime": "2021-09-21 12:06:33", "elapsed": 7100.023847, "delta": 21.267847}}
{"target": -2.477116732669239, "params": {"max_depth": 10.16860617328893, "n_estimators": 50.472438557232714}, "datetime": {"datetime": "2021-09-21 12:06:51", "elapsed": 7117.81655, "delta": 17.792703}}
{"target": -2.4896130806497556, "params": {"max_depth": 10.03953116351212, "n_estimators": 46.804640499999884}, "datetime": {"datetime": "2021-09-21 12:07:06", "elapsed": 7132.555466, "delta": 14.738916}}
{"target": -2.468417113051246, "params": {"max_depth": 9.146171939661341, "n_estimators": 76.04006555646983}, "datetime": {"datetime": "2021-09-21 12:07:31", "elapsed": 7157.873014, "delta": 25.317548}}
{"target": -2.5156346749226004, "params": {"max_depth": 24.12756236901653, "n_estimators": 17.059054190344586}, "datetime": {"datetime": "2021-09-21 12:07:43", "elapsed": 7169.686322, "delta": 11.813308}}
{"target": -2.5358930232810106, "params": {"max_depth": 9.00899093783121, "n_estimators": 40.42406548606882}, "datetime": {"datetime": "2021-09-21 12:08:07", "elapsed": 7193.810486, "delta": 24.124164}}
{"target": -2.4498977369543335, "params": {"max_depth": 12.241967818886321, "n_estimators": 38.250486689014565}, "datetime": {"datetime": "2021-09-21 12:08:28", "elapsed": 7214.25484, "delta": 20.444354}}
{"target": -2.501845494417863, "params": {"max_depth": 19.423467835331444, "n_estimators": 15.031872488071102}, "datetime": {"datetime": "2021-09-21 12:08:45", "elapsed": 7231.705188, "delta": 17.450348}}
{"target": -2.5217524895273122, "params": {"max_depth": 8.63779153297536, "n_estimators": 73.30674210382612}, "datetime": {"datetime": "2021-09-21 12:09:00", "elapsed": 7246.747507, "delta": 15.042319}}
{"target": -2.4616118421052633, "params": {"max_depth": 28.363577522471786, "n_estimators": 20.06227448509048}, "datetime": {"datetime": "2021-09-21 12:09:11", "elapsed": 7257.999483, "delta": 11.251976}}
{"target": -2.449004723346829, "params": {"max_depth": 24.758412422606217, "n_estimators": 39.04799015057587}, "datetime": {"datetime": "2021-09-21 12:09:25", "elapsed": 7271.204649, "delta": 13.205166}}
{"target": -2.439932969215493, "params": {"max_depth": 27.406419740031453, "n_estimators": 53.414548394598135}, "datetime": {"datetime": "2021-09-21 12:09:40", "elapsed": 7286.288942, "delta": 15.084293}}
{"target": -2.447978177150193, "params": {"max_depth": 28.55054732557205, "n_estimators": 41.32262788988374}, "datetime": {"datetime": "2021-09-21 12:09:57", "elapsed": 7303.940533, "delta": 17.651591}}
{"target": -2.4393931256713217, "params": {"max_depth": 25.424423591547836, "n_estimators": 49.486821901527165}, "datetime": {"datetime": "2021-09-21 12:10:15", "elapsed": 7321.474362, "delta": 17.533829}}
{"target": -2.4058920523040697, "params": {"max_depth": 11.056923811860539, "n_estimators": 65.97964781249311}, "datetime": {"datetime": "2021-09-21 12:10:30", "elapsed": 7336.417067, "delta": 14.942705}}
{"target": -2.4519482577689438, "params": {"max_depth": 9.038389092160113, "n_estimators": 95.57229200686808}, "datetime": {"datetime": "2021-09-21 12:10:39", "elapsed": 7345.880856, "delta": 9.463789}}
{"target": -2.5199550769757764, "params": {"max_depth": 8.488847062291846, "n_estimators": 91.51876171022802}, "datetime": {"datetime": "2021-09-21 12:10:56", "elapsed": 7362.986736, "delta": 17.10588}}
{"target": -2.4537781954887223, "params": {"max_depth": 22.478432359212118, "n_estimators": 35.885351545366355}, "datetime": {"datetime": "2021-09-21 12:11:17", "elapsed": 7383.465777, "delta": 20.479041}}
{"target": -2.4505673041969507, "params": {"max_depth": 14.141406689579442, "n_estimators": 53.180377811003076}, "datetime": {"datetime": "2021-09-21 12:11:39", "elapsed": 7405.917557, "delta": 22.45178}}
{"target": -2.4505644754246734, "params": {"max_depth": 18.962183906975827, "n_estimators": 36.906817556397456}, "datetime": {"datetime": "2021-09-21 12:11:51", "elapsed": 7417.292762, "delta": 11.375205}}
{"target": -2.4939645308924487, "params": {"max_depth": 28.288751188454548, "n_estimators": 23.784666762882104}, "datetime": {"datetime": "2021-09-21 12:12:04", "elapsed": 7430.411995, "delta": 13.119233}}
{"target": -2.493922534845018, "params": {"max_depth": 19.87062361732335, "n_estimators": 23.230436731740106}, "datetime": {"datetime": "2021-09-21 12:12:20", "elapsed": 7446.486597, "delta": 16.074602}}
{"target": -2.4511021927873995, "params": {"max_depth": 16.66598888839646, "n_estimators": 52.75013415545896}, "datetime": {"datetime": "2021-09-21 12:12:39", "elapsed": 7465.236782, "delta": 18.750185}}
{"target": -2.436763157894738, "params": {"max_depth": 21.210468434901294, "n_estimators": 50.131352503638645}, "datetime": {"datetime": "2021-09-21 12:12:56", "elapsed": 7482.298197, "delta": 17.061415}}
{"target": -2.447158191450164, "params": {"max_depth": 9.771383999442389, "n_estimators": 70.26622472790416}, "datetime": {"datetime": "2021-09-21 12:13:10", "elapsed": 7496.644943, "delta": 14.346746}}
{"target": -2.4476586687306505, "params": {"max_depth": 25.890961165839396, "n_estimators": 34.03623903597074}, "datetime": {"datetime": "2021-09-21 12:13:25", "elapsed": 7511.437257, "delta": 14.792314}}
{"target": -2.456322780911524, "params": {"max_depth": 12.485206638044396, "n_estimators": 21.946497051128535}, "datetime": {"datetime": "2021-09-21 12:13:34", "elapsed": 7520.569587, "delta": 9.13233}}
{"target": -2.419091474452172, "params": {"max_depth": 14.395391026253131, "n_estimators": 55.381615516761485}, "datetime": {"datetime": "2021-09-21 12:13:49", "elapsed": 7535.282997, "delta": 14.71341}}
{"target": -2.4973684210526317, "params": {"max_depth": 21.41000620269485, "n_estimators": 27.673174768654647}, "datetime": {"datetime": "2021-09-21 12:14:06", "elapsed": 7552.78481, "delta": 17.501813}}
{"target": -2.4393931256713217, "params": {"max_depth": 28.466220848195988, "n_estimators": 49.14984960650052}, "datetime": {"datetime": "2021-09-21 12:14:21", "elapsed": 7567.195637, "delta": 14.410827}}
{"target": -2.40738526101953, "params": {"max_depth": 13.88835018311794, "n_estimators": 95.05904221653584}, "datetime": {"datetime": "2021-09-21 12:14:35", "elapsed": 7581.838787, "delta": 14.64315}}
{"target": -2.474894736842105, "params": {"max_depth": 23.581740719014253, "n_estimators": 25.39355087976838}, "datetime": {"datetime": "2021-09-21 12:14:50", "elapsed": 7596.682977, "delta": 14.84419}}
{"target": -2.400969973009447, "params": {"max_depth": 22.86045660767019, "n_estimators": 78.8902887137473}, "datetime": {"datetime": "2021-09-21 12:15:07", "elapsed": 7613.581861, "delta": 16.898884}}
{"target": -2.565871710526316, "params": {"max_depth": 23.272290816772763, "n_estimators": 8.872857471031262}, "datetime": {"datetime": "2021-09-21 12:15:21", "elapsed": 7627.158291, "delta": 13.57643}}
{"target": -2.4676478626110225, "params": {"max_depth": 11.418936778772013, "n_estimators": 52.121041229604074}, "datetime": {"datetime": "2021-09-21 12:15:36", "elapsed": 7642.637038, "delta": 15.478747}}
{"target": -2.423669395523669, "params": {"max_depth": 16.9656352488164, "n_estimators": 54.90146964325154}, "datetime": {"datetime": "2021-09-21 12:15:46", "elapsed": 7652.930402, "delta": 10.293364}}
{"target": -2.3765928470071183, "params": {"max_depth": 16.827751040154524, "n_estimators": 69.2827912969259}, "datetime": {"datetime": "2021-09-21 12:15:56", "elapsed": 7662.085947, "delta": 9.155545}}
{"target": -2.4124764571552855, "params": {"max_depth": 19.113985767270517, "n_estimators": 55.129964943098344}, "datetime": {"datetime": "2021-09-21 12:16:09", "elapsed": 7675.759578, "delta": 13.673631}}
{"target": -2.3997403759672546, "params": {"max_depth": 15.564560699459108, "n_estimators": 59.35301206905857}, "datetime": {"datetime": "2021-09-21 12:16:31", "elapsed": 7697.698036, "delta": 21.938458}}
{"target": -2.4342105263157903, "params": {"max_depth": 22.503765244152024, "n_estimators": 48.38832017766734}, "datetime": {"datetime": "2021-09-21 12:16:59", "elapsed": 7725.478187, "delta": 27.780151}}
{"target": -2.398805202661828, "params": {"max_depth": 22.844171703591705, "n_estimators": 87.05207040000879}, "datetime": {"datetime": "2021-09-21 12:17:14", "elapsed": 7740.406467, "delta": 14.92828}}
{"target": -2.425710933250059, "params": {"max_depth": 10.414145661887938, "n_estimators": 95.84220192491793}, "datetime": {"datetime": "2021-09-21 12:17:26", "elapsed": 7752.527855, "delta": 12.121388}}
{"target": -2.399260792430515, "params": {"max_depth": 28.84676232247503, "n_estimators": 89.85584459794086}, "datetime": {"datetime": "2021-09-21 12:17:43", "elapsed": 7769.727966, "delta": 17.200111}}
{"target": -2.4616118421052633, "params": {"max_depth": 30.0, "n_estimators": 20.226101840123473}, "datetime": {"datetime": "2021-09-21 12:17:56", "elapsed": 7782.382386, "delta": 12.65442}}
{"target": -2.393732314657613, "params": {"max_depth": 23.79127939260283, "n_estimators": 93.40651723815095}, "datetime": {"datetime": "2021-09-21 12:18:07", "elapsed": 7794.03611, "delta": 11.653724}}
{"target": -2.459815078236131, "params": {"max_depth": 29.990655672354396, "n_estimators": 37.72687463731217}, "datetime": {"datetime": "2021-09-21 12:18:17", "elapsed": 7803.857974, "delta": 9.821864}}
{"target": -2.3928878116343495, "params": {"max_depth": 29.996998730283455, "n_estimators": 95.12387723031244}, "datetime": {"datetime": "2021-09-21 12:18:36", "elapsed": 7822.310167, "delta": 18.452193}}
{"target": -2.3955767077267645, "params": {"max_depth": 27.046733447886137, "n_estimators": 94.95401141410066}, "datetime": {"datetime": "2021-09-21 12:18:49", "elapsed": 7835.299082, "delta": 12.988915}}
{"target": -2.403315443213297, "params": {"max_depth": 22.927453172497078, "n_estimators": 76.56901941465475}, "datetime": {"datetime": "2021-09-21 12:19:02", "elapsed": 7848.83856, "delta": 13.539478}}
{"target": -2.4477947333239514, "params": {"max_depth": 19.163171008724767, "n_estimators": 34.35432333179098}, "datetime": {"datetime": "2021-09-21 12:19:10", "elapsed": 7856.714577, "delta": 7.876017}}
{"target": -2.4036777394305444, "params": {"max_depth": 30.0, "n_estimators": 61.72857028849935}, "datetime": {"datetime": "2021-09-21 12:19:28", "elapsed": 7874.153838, "delta": 17.439261}}
{"target": -2.399425313356235, "params": {"max_depth": 19.897504006845402, "n_estimators": 78.12553519184306}, "datetime": {"datetime": "2021-09-21 12:19:42", "elapsed": 7888.376616, "delta": 14.222778}}
{"target": -2.4005438596491233, "params": {"max_depth": 30.0, "n_estimators": 75.7532213865591}, "datetime": {"datetime": "2021-09-21 12:19:55", "elapsed": 7901.593994, "delta": 13.217378}}
{"target": -2.3985979181082446, "params": {"max_depth": 17.60276571250744, "n_estimators": 79.09165556936165}, "datetime": {"datetime": "2021-09-21 12:20:14", "elapsed": 7920.293545, "delta": 18.699551}}
{"target": -2.4477925281954893, "params": {"max_depth": 20.90046220481293, "n_estimators": 40.320191781718925}, "datetime": {"datetime": "2021-09-21 12:20:23", "elapsed": 7929.949222, "delta": 9.655677}}
{"target": -2.5387356733069284, "params": {"max_depth": 16.003225440831837, "n_estimators": 14.562003969895269}, "datetime": {"datetime": "2021-09-21 12:20:44", "elapsed": 7950.490566, "delta": 20.541344}}
{"target": -2.5247674366180206, "params": {"max_depth": 11.687861154725477, "n_estimators": 17.845727419467753}, "datetime": {"datetime": "2021-09-21 12:21:02", "elapsed": 7968.306129, "delta": 17.815563}}
{"target": -2.395424641148326, "params": {"max_depth": 26.860568831912023, "n_estimators": 88.17073179086661}, "datetime": {"datetime": "2021-09-21 12:21:17", "elapsed": 7983.525785, "delta": 15.219656}}
{"target": -2.3809516056555524, "params": {"max_depth": 18.4904848735732, "n_estimators": 99.52132124327716}, "datetime": {"datetime": "2021-09-21 12:21:30", "elapsed": 7996.895338, "delta": 13.369553}}
{"target": -2.397128482972137, "params": {"max_depth": 29.183365531417934, "n_estimators": 85.87699005816437}, "datetime": {"datetime": "2021-09-21 12:21:48", "elapsed": 8014.20069, "delta": 17.305352}}
{"target": -2.39314550353034, "params": {"max_depth": 16.749561491887317, "n_estimators": 94.46620413157899}, "datetime": {"datetime": "2021-09-21 12:22:01", "elapsed": 8027.87178, "delta": 13.67109}}
{"target": -2.3928878116343495, "params": {"max_depth": 21.511526537323576, "n_estimators": 95.75802984665508}, "datetime": {"datetime": "2021-09-21 12:22:16", "elapsed": 8042.636369, "delta": 14.764589}}
{"target": -2.485800662370211, "params": {"max_depth": 17.120128173621566, "n_estimators": 21.428777862670692}, "datetime": {"datetime": "2021-09-21 12:22:27", "elapsed": 8053.657814, "delta": 11.021445}}
{"target": -2.382819548872181, "params": {"max_depth": 27.77152561983585, "n_estimators": 70.42937101209756}, "datetime": {"datetime": "2021-09-21 12:22:45", "elapsed": 8071.906456, "delta": 18.248642}}
