{"target": 0.8414777282290126, "params": {"max_depth": 20.64121361310748, "n_estimators": 258.35180117278503}, "datetime": {"datetime": "2021-09-21 16:39:06", "elapsed": 535.145678, "delta": 2.97909}}
{"target": 0.8411957074394534, "params": {"max_depth": 16.82838982622454, "n_estimators": 230.36033323332603}, "datetime": {"datetime": "2021-09-21 16:39:10", "elapsed": 538.947167, "delta": 3.801489}}
{"target": 0.8413624961257171, "params": {"max_depth": 16.545571984517473, "n_estimators": 297.6843485769935}, "datetime": {"datetime": "2021-09-21 16:39:14", "elapsed": 542.904299, "delta": 3.957132}}
{"target": 0.8410382112456115, "params": {"max_depth": 15.308349075606001, "n_estimators": 248.13385530680443}, "datetime": {"datetime": "2021-09-21 16:39:17", "elapsed": 546.114119, "delta": 3.20982}}
{"target": 0.8415627307502227, "params": {"max_depth": 27.458222978206905, "n_estimators": 213.98761270814126}, "datetime": {"datetime": "2021-09-21 16:39:21", "elapsed": 549.529804, "delta": 3.415685}}
{"target": 0.8416126926662739, "params": {"max_depth": 19.619574966358872, "n_estimators": 278.73930201650694}, "datetime": {"datetime": "2021-09-21 16:39:25", "elapsed": 553.474066, "delta": 3.944262}}
{"target": 0.8413254695066044, "params": {"max_depth": 13.510535913699773, "n_estimators": 285.2786973016215}, "datetime": {"datetime": "2021-09-21 16:39:29", "elapsed": 557.610776, "delta": 4.13671}}
{"target": 0.8404454397575053, "params": {"max_depth": 24.5591493156029, "n_estimators": 253.11633907134683}, "datetime": {"datetime": "2021-09-21 16:39:33", "elapsed": 561.335952, "delta": 3.725176}}
{"target": 0.8419367905301238, "params": {"max_depth": 29.768180326552972, "n_estimators": 282.7695839157769}, "datetime": {"datetime": "2021-09-21 16:39:36", "elapsed": 564.979721, "delta": 3.643769}}
{"target": 0.8404617667898882, "params": {"max_depth": 19.212482626532875, "n_estimators": 204.19464552794253}, "datetime": {"datetime": "2021-09-21 16:39:39", "elapsed": 567.997313, "delta": 3.017592}}
{"target": 0.8423387189892322, "params": {"max_depth": 22.633787484496704, "n_estimators": 217.7020931508478}, "datetime": {"datetime": "2021-09-21 16:39:43", "elapsed": 571.369641, "delta": 3.372328}}
{"target": 0.8418527094252981, "params": {"max_depth": 27.473245280286832, "n_estimators": 280.5639520852487}, "datetime": {"datetime": "2021-09-21 16:39:46", "elapsed": 574.952748, "delta": 3.583107}}
{"target": 0.8415834100675913, "params": {"max_depth": 17.72171860790676, "n_estimators": 286.7948163790465}, "datetime": {"datetime": "2021-09-21 16:39:50", "elapsed": 578.804669, "delta": 3.851921}}
{"target": 0.8414595142697834, "params": {"max_depth": 12.659291997155627, "n_estimators": 235.665695540206}, "datetime": {"datetime": "2021-09-21 16:39:54", "elapsed": 582.525449, "delta": 3.72078}}
{"target": 0.8413119137916187, "params": {"max_depth": 29.935413316353298, "n_estimators": 226.92951924783773}, "datetime": {"datetime": "2021-09-21 16:39:57", "elapsed": 585.685164, "delta": 3.159715}}
{"target": 0.840548157330654, "params": {"max_depth": 15.731976144774425, "n_estimators": 254.55640261895974}, "datetime": {"datetime": "2021-09-21 16:40:00", "elapsed": 588.677358, "delta": 2.992194}}
{"target": 0.8406095061722056, "params": {"max_depth": 19.94940131510047, "n_estimators": 291.78887055467817}, "datetime": {"datetime": "2021-09-21 16:40:03", "elapsed": 591.742782, "delta": 3.065424}}
{"target": 0.8401265756163888, "params": {"max_depth": 10.521179442812075, "n_estimators": 264.3891140728099}, "datetime": {"datetime": "2021-09-21 16:40:06", "elapsed": 594.469284, "delta": 2.726502}}
{"target": 0.8407537428242483, "params": {"max_depth": 15.810456162865247, "n_estimators": 265.17592849383993}, "datetime": {"datetime": "2021-09-21 16:40:09", "elapsed": 597.246608, "delta": 2.777324}}
{"target": 0.8409872040120672, "params": {"max_depth": 26.960219279995055, "n_estimators": 208.17788156400684}, "datetime": {"datetime": "2021-09-21 16:40:11", "elapsed": 599.536937, "delta": 2.290329}}
{"target": 0.8415405408676335, "params": {"max_depth": 19.219285902855038, "n_estimators": 283.5538388405775}, "datetime": {"datetime": "2021-09-21 16:40:13", "elapsed": 602.101278, "delta": 2.564341}}
{"target": 0.8409899416724246, "params": {"max_depth": 26.37690284468689, "n_estimators": 266.4441339904805}, "datetime": {"datetime": "2021-09-21 16:40:17", "elapsed": 606.15183, "delta": 4.050552}}
{"target": 0.841310603664077, "params": {"max_depth": 17.7155910676763, "n_estimators": 209.05194460442817}, "datetime": {"datetime": "2021-09-21 16:40:20", "elapsed": 608.727526, "delta": 2.575696}}
{"target": 0.8415492602769038, "params": {"max_depth": 27.625728912638547, "n_estimators": 285.7912756783755}, "datetime": {"datetime": "2021-09-21 16:40:23", "elapsed": 611.83287, "delta": 3.105344}}
{"target": 0.8419731573543602, "params": {"max_depth": 24.59832694740761, "n_estimators": 221.6900086704258}, "datetime": {"datetime": "2021-09-21 16:40:25", "elapsed": 614.128415, "delta": 2.295545}}
{"target": 0.8414824455097143, "params": {"max_depth": 21.740254236622604, "n_estimators": 214.48081327241684}, "datetime": {"datetime": "2021-09-21 16:40:28", "elapsed": 616.559949, "delta": 2.431534}}
{"target": 0.8403693387229058, "params": {"max_depth": 20.34366643557329, "n_estimators": 254.01376337771057}, "datetime": {"datetime": "2021-09-21 16:40:30", "elapsed": 618.985925, "delta": 2.425976}}
{"target": 0.8404830147638211, "params": {"max_depth": 28.285734377755578, "n_estimators": 252.2155010384202}, "datetime": {"datetime": "2021-09-21 16:40:33", "elapsed": 622.003401, "delta": 3.017476}}
{"target": 0.8394595700096213, "params": {"max_depth": 9.748341488334848, "n_estimators": 283.2964455289756}, "datetime": {"datetime": "2021-09-21 16:40:36", "elapsed": 624.909105, "delta": 2.905704}}
{"target": 0.8410163886764043, "params": {"max_depth": 16.090743550134963, "n_estimators": 233.6870693028598}, "datetime": {"datetime": "2021-09-21 16:40:39", "elapsed": 627.915666, "delta": 3.006561}}
{"target": 0.8406991460768066, "params": {"max_depth": 15.412960612330584, "n_estimators": 245.22041681347687}, "datetime": {"datetime": "2021-09-21 16:40:43", "elapsed": 631.417032, "delta": 3.501366}}
{"target": 0.8410164632555723, "params": {"max_depth": 25.39260958576033, "n_estimators": 297.15932122845646}, "datetime": {"datetime": "2021-09-21 16:40:46", "elapsed": 635.006111, "delta": 3.589079}}
{"target": 0.8415627307502227, "params": {"max_depth": 30.0, "n_estimators": 213.6306900552897}, "datetime": {"datetime": "2021-09-21 16:40:49", "elapsed": 637.412251, "delta": 2.40614}}
{"target": 0.8411135778904123, "params": {"max_depth": 24.303323722133264, "n_estimators": 236.77493298527506}, "datetime": {"datetime": "2021-09-21 16:40:52", "elapsed": 640.189965, "delta": 2.777714}}
{"target": 0.8412280406619166, "params": {"max_depth": 12.193412175077356, "n_estimators": 295.30308372094714}, "datetime": {"datetime": "2021-09-21 16:40:56", "elapsed": 644.268825, "delta": 4.07886}}
{"target": 0.8417875469335592, "params": {"max_depth": 15.252590083123387, "n_estimators": 282.19487845079345}, "datetime": {"datetime": "2021-09-21 16:41:00", "elapsed": 648.499648, "delta": 4.230823}}
{"target": 0.8410017906777941, "params": {"max_depth": 20.23437582763549, "n_estimators": 229.1182076192346}, "datetime": {"datetime": "2021-09-21 16:41:04", "elapsed": 652.788048, "delta": 4.2884}}
{"target": 0.8409040042144859, "params": {"max_depth": 11.501780513591154, "n_estimators": 219.0722701570175}, "datetime": {"datetime": "2021-09-21 16:41:07", "elapsed": 655.600975, "delta": 2.812927}}
{"target": 0.8418081075696611, "params": {"max_depth": 12.806659925023704, "n_estimators": 214.66567789205487}, "datetime": {"datetime": "2021-09-21 16:41:10", "elapsed": 658.340317, "delta": 2.739342}}
{"target": 0.8410840075250188, "params": {"max_depth": 22.745319524028652, "n_estimators": 270.2006921738954}, "datetime": {"datetime": "2021-09-21 16:41:13", "elapsed": 661.832032, "delta": 3.491715}}
{"target": 0.8416018079355161, "params": {"max_depth": 19.357118752697033, "n_estimators": 212.5924890201255}, "datetime": {"datetime": "2021-09-21 16:41:16", "elapsed": 665.035171, "delta": 3.203139}}
{"target": 0.8408415008845416, "params": {"max_depth": 23.102021049839735, "n_estimators": 240.51143141656013}, "datetime": {"datetime": "2021-09-21 16:41:20", "elapsed": 668.368702, "delta": 3.333531}}
{"target": 0.8410713614459259, "params": {"max_depth": 28.700295598850055, "n_estimators": 248.13057990840312}, "datetime": {"datetime": "2021-09-21 16:41:23", "elapsed": 671.728028, "delta": 3.359326}}
{"target": 0.8412163288118556, "params": {"max_depth": 25.580436929742756, "n_estimators": 230.4783232491621}, "datetime": {"datetime": "2021-09-21 16:41:26", "elapsed": 674.749834, "delta": 3.021806}}
{"target": 0.8408348057137942, "params": {"max_depth": 27.983474554339914, "n_estimators": 298.2326977555729}, "datetime": {"datetime": "2021-09-21 16:41:30", "elapsed": 678.571428, "delta": 3.821594}}
{"target": 0.8417892910681684, "params": {"max_depth": 22.46229582614675, "n_estimators": 283.9668404248814}, "datetime": {"datetime": "2021-09-21 16:41:34", "elapsed": 682.380938, "delta": 3.80951}}
{"target": 0.8417335498232498, "params": {"max_depth": 24.56647706331491, "n_estimators": 257.87660534558336}, "datetime": {"datetime": "2021-09-21 16:41:37", "elapsed": 685.743497, "delta": 3.362559}}
{"target": 0.8407157622805668, "params": {"max_depth": 24.32901160281021, "n_estimators": 244.71347504386978}, "datetime": {"datetime": "2021-09-21 16:41:41", "elapsed": 689.15849, "delta": 3.414993}}
{"target": 0.8407970552965264, "params": {"max_depth": 27.613594367025062, "n_estimators": 200.00695556159616}, "datetime": {"datetime": "2021-09-21 16:41:44", "elapsed": 692.314883, "delta": 3.156393}}
{"target": 0.8419838123225318, "params": {"max_depth": 19.66175271152846, "n_estimators": 218.54129316840906}, "datetime": {"datetime": "2021-09-21 16:41:47", "elapsed": 695.242914, "delta": 2.928031}}
{"target": 0.8409831898932099, "params": {"max_depth": 30.0, "n_estimators": 265.3125813537229}, "datetime": {"datetime": "2021-09-21 16:41:50", "elapsed": 698.826818, "delta": 3.583904}}
{"target": 0.8416001130676015, "params": {"max_depth": 17.53148338986622, "n_estimators": 258.95872102628454}, "datetime": {"datetime": "2021-09-21 16:41:54", "elapsed": 702.632442, "delta": 3.805624}}
{"target": 0.8414722532256299, "params": {"max_depth": 24.235997556661104, "n_estimators": 275.43951762223986}, "datetime": {"datetime": "2021-09-21 16:41:58", "elapsed": 706.561112, "delta": 3.92867}}
{"target": 0.8417344409118128, "params": {"max_depth": 17.990721004058134, "n_estimators": 224.5030198121267}, "datetime": {"datetime": "2021-09-21 16:42:01", "elapsed": 710.060793, "delta": 3.499681}}
{"target": 0.8407554978109051, "params": {"max_depth": 20.143655208063905, "n_estimators": 248.96132622120749}, "datetime": {"datetime": "2021-09-21 16:42:05", "elapsed": 713.579607, "delta": 3.518814}}
{"target": 0.840944512143553, "params": {"max_depth": 19.721092705120952, "n_estimators": 297.33787532999446}, "datetime": {"datetime": "2021-09-21 16:42:11", "elapsed": 719.189522, "delta": 5.609915}}
{"target": 0.8407972936088001, "params": {"max_depth": 30.0, "n_estimators": 232.67236672168409}, "datetime": {"datetime": "2021-09-21 16:42:15", "elapsed": 723.677524, "delta": 4.488002}}
{"target": 0.8413894148974496, "params": {"max_depth": 22.098807483050763, "n_estimators": 205.37373719332015}, "datetime": {"datetime": "2021-09-21 16:42:19", "elapsed": 727.578525, "delta": 3.901001}}
{"target": 0.8421747366040954, "params": {"max_depth": 29.97278438403638, "n_estimators": 218.30830042261402}, "datetime": {"datetime": "2021-09-21 16:42:23", "elapsed": 731.674526, "delta": 4.096001}}
{"target": 0.8403617461496261, "params": {"max_depth": 24.683578922473664, "n_estimators": 203.058688191695}, "datetime": {"datetime": "2021-09-21 16:42:26", "elapsed": 734.176523, "delta": 2.501997}}
{"target": 0.8411028294847545, "params": {"max_depth": 20.548479504537266, "n_estimators": 263.5585046290911}, "datetime": {"datetime": "2021-09-21 16:42:28", "elapsed": 736.769519, "delta": 2.592996}}
{"target": 0.8423387189892322, "params": {"max_depth": 26.802504952272326, "n_estimators": 217.3707219493423}, "datetime": {"datetime": "2021-09-21 16:42:31", "elapsed": 739.239591, "delta": 2.470072}}
{"target": 0.8417335498232498, "params": {"max_depth": 28.43470260234679, "n_estimators": 257.2828900492003}, "datetime": {"datetime": "2021-09-21 16:42:33", "elapsed": 742.140658, "delta": 2.901067}}
{"target": 0.8406764264163814, "params": {"max_depth": 13.083935035949553, "n_estimators": 269.123879300381}, "datetime": {"datetime": "2021-09-21 16:42:36", "elapsed": 745.054235, "delta": 2.913577}}
{"target": 0.8406157522420574, "params": {"max_depth": 20.998269826673425, "n_estimators": 294.77927285978484}, "datetime": {"datetime": "2021-09-21 16:42:40", "elapsed": 748.280372, "delta": 3.226137}}
{"target": 0.8411998705484508, "params": {"max_depth": 21.805843315593524, "n_estimators": 226.2868880372843}, "datetime": {"datetime": "2021-09-21 16:42:42", "elapsed": 750.856654, "delta": 2.576282}}
{"target": 0.8413648492755463, "params": {"max_depth": 14.449888035442854, "n_estimators": 209.64685679599123}, "datetime": {"datetime": "2021-09-21 16:42:45", "elapsed": 754.04927, "delta": 3.192616}}
{"target": 0.8415637670180272, "params": {"max_depth": 28.138350738366476, "n_estimators": 277.91187147668643}, "datetime": {"datetime": "2021-09-21 16:42:50", "elapsed": 758.446877, "delta": 4.397607}}
{"target": 0.8416795112453275, "params": {"max_depth": 24.573696250649878, "n_estimators": 212.3076224699759}, "datetime": {"datetime": "2021-09-21 16:42:53", "elapsed": 761.702491, "delta": 3.255614}}
{"target": 0.8416724298032373, "params": {"max_depth": 12.587717747014372, "n_estimators": 226.2738569726372}, "datetime": {"datetime": "2021-09-21 16:42:58", "elapsed": 766.373908, "delta": 4.671417}}
{"target": 0.8411134377163999, "params": {"max_depth": 10.093252870373611, "n_estimators": 223.49297512545064}, "datetime": {"datetime": "2021-09-21 16:43:02", "elapsed": 770.343243, "delta": 3.969335}}
{"target": 0.8413695301733259, "params": {"max_depth": 27.644083130698476, "n_estimators": 225.57519229396863}, "datetime": {"datetime": "2021-09-21 16:43:06", "elapsed": 774.285927, "delta": 3.942684}}
{"target": 0.8422293693750058, "params": {"max_depth": 16.81106847725986, "n_estimators": 217.3332940730947}, "datetime": {"datetime": "2021-09-21 16:43:09", "elapsed": 777.991282, "delta": 3.705355}}
{"target": 0.8409093840666575, "params": {"max_depth": 12.449569572308894, "n_estimators": 300.0}, "datetime": {"datetime": "2021-09-21 16:43:14", "elapsed": 782.666927, "delta": 4.675645}}
{"target": 0.8409292824987079, "params": {"max_depth": 17.00766655309453, "n_estimators": 249.91651427035566}, "datetime": {"datetime": "2021-09-21 16:43:18", "elapsed": 786.864199, "delta": 4.197272}}
{"target": 0.8414080239157237, "params": {"max_depth": 17.746441992597198, "n_estimators": 262.88212560052347}, "datetime": {"datetime": "2021-09-21 16:43:23", "elapsed": 791.869548, "delta": 5.005349}}
{"target": 0.8406527827184752, "params": {"max_depth": 28.59249851194967, "n_estimators": 299.9833394111411}, "datetime": {"datetime": "2021-09-21 16:43:31", "elapsed": 799.450371, "delta": 7.580823}}
{"target": 0.8421747366040954, "params": {"max_depth": 24.715580509082397, "n_estimators": 218.859788100759}, "datetime": {"datetime": "2021-09-21 16:43:36", "elapsed": 804.972895, "delta": 5.522524}}
{"target": 0.8403968085265294, "params": {"max_depth": 20.254281070761582, "n_estimators": 245.34721221773307}, "datetime": {"datetime": "2021-09-21 16:43:41", "elapsed": 809.974612, "delta": 5.001717}}
{"target": 0.8408682684461304, "params": {"max_depth": 24.477282296962773, "n_estimators": 294.49071231025783}, "datetime": {"datetime": "2021-09-21 16:43:49", "elapsed": 817.31984, "delta": 7.345228}}
{"target": 0.840886426926546, "params": {"max_depth": 10.831429032243717, "n_estimators": 280.6013889805483}, "datetime": {"datetime": "2021-09-21 16:43:52", "elapsed": 820.294805, "delta": 2.974965}}
{"target": 0.8412934712316174, "params": {"max_depth": 14.279739916941002, "n_estimators": 201.67286824579043}, "datetime": {"datetime": "2021-09-21 16:43:55", "elapsed": 824.07316, "delta": 3.778355}}
{"target": 0.8387954271441802, "params": {"max_depth": 9.039079364563337, "n_estimators": 288.44121628157416}, "datetime": {"datetime": "2021-09-21 16:44:00", "elapsed": 828.538057, "delta": 4.464897}}
{"target": 0.841106670624457, "params": {"max_depth": 28.142777837949843, "n_estimators": 239.76541856094406}, "datetime": {"datetime": "2021-09-21 16:44:04", "elapsed": 832.487103, "delta": 3.949046}}
{"target": 0.8385088438697447, "params": {"max_depth": 9.033174813228648, "n_estimators": 245.25848426265426}, "datetime": {"datetime": "2021-09-21 16:44:07", "elapsed": 835.38379, "delta": 2.896687}}
{"target": 0.8415872638830623, "params": {"max_depth": 18.23947040731328, "n_estimators": 281.56654552870174}, "datetime": {"datetime": "2021-09-21 16:44:10", "elapsed": 838.948139, "delta": 3.564349}}
{"target": 0.8410145607813084, "params": {"max_depth": 28.175773344241602, "n_estimators": 290.58883516719766}, "datetime": {"datetime": "2021-09-21 16:44:13", "elapsed": 842.080465, "delta": 3.132326}}
{"target": 0.8413917512481567, "params": {"max_depth": 13.36853115843855, "n_estimators": 229.25222235734068}, "datetime": {"datetime": "2021-09-21 16:44:16", "elapsed": 844.729464, "delta": 2.648999}}
{"target": 0.8416919429239478, "params": {"max_depth": 28.399802810516604, "n_estimators": 261.17666113857996}, "datetime": {"datetime": "2021-09-21 16:44:19", "elapsed": 847.810444, "delta": 3.08098}}
{"target": 0.8402088699577686, "params": {"max_depth": 10.876038736877602, "n_estimators": 297.84302311329606}, "datetime": {"datetime": "2021-09-21 16:44:22", "elapsed": 850.95856, "delta": 3.148116}}
{"target": 0.8408672383658642, "params": {"max_depth": 25.256307806893293, "n_estimators": 247.88316059603804}, "datetime": {"datetime": "2021-09-21 16:44:26", "elapsed": 854.677525, "delta": 3.718965}}
{"target": 0.8412592517267209, "params": {"max_depth": 15.00087190537506, "n_estimators": 290.2789476789144}, "datetime": {"datetime": "2021-09-21 16:44:29", "elapsed": 857.985949, "delta": 3.308424}}
{"target": 0.8381918699582853, "params": {"max_depth": 8.433336012894316, "n_estimators": 275.53499170722307}, "datetime": {"datetime": "2021-09-21 16:44:33", "elapsed": 861.562503, "delta": 3.576554}}
{"target": 0.8402550696317932, "params": {"max_depth": 10.527980885411141, "n_estimators": 271.2494857986187}, "datetime": {"datetime": "2021-09-21 16:44:36", "elapsed": 864.803056, "delta": 3.240553}}
{"target": 0.8409320382003075, "params": {"max_depth": 19.989699912009172, "n_estimators": 288.8353331424198}, "datetime": {"datetime": "2021-09-21 16:44:40", "elapsed": 868.944062, "delta": 4.141006}}
{"target": 0.8412334396823012, "params": {"max_depth": 16.233731528803787, "n_estimators": 226.13327941181848}, "datetime": {"datetime": "2021-09-21 16:44:43", "elapsed": 871.58231, "delta": 2.638248}}
{"target": 0.8424446237349049, "params": {"max_depth": 15.463067486416408, "n_estimators": 221.84527320379712}, "datetime": {"datetime": "2021-09-21 16:44:46", "elapsed": 875.109054, "delta": 3.526744}}
{"target": 0.8417516134468833, "params": {"max_depth": 17.539546974205102, "n_estimators": 206.4615664174363}, "datetime": {"datetime": "2021-09-21 16:44:50", "elapsed": 878.786562, "delta": 3.677508}}
{"target": 0.8410282216670822, "params": {"max_depth": 12.017223375300485, "n_estimators": 240.9293530655503}, "datetime": {"datetime": "2021-09-21 16:44:54", "elapsed": 882.669192, "delta": 3.88263}}
{"target": 0.8410775124401086, "params": {"max_depth": 27.744756449142788, "n_estimators": 272.41068914438085}, "datetime": {"datetime": "2021-09-21 16:44:58", "elapsed": 886.329917, "delta": 3.660725}}
{"target": 0.8406962928830971, "params": {"max_depth": 28.835387514033652, "n_estimators": 243.67233899862947}, "datetime": {"datetime": "2021-09-21 16:45:01", "elapsed": 889.933394, "delta": 3.603477}}
{"target": 0.8416157498841847, "params": {"max_depth": 17.546104002237257, "n_estimators": 277.2497363867345}, "datetime": {"datetime": "2021-09-21 16:45:06", "elapsed": 894.536969, "delta": 4.603575}}
{"target": 0.8408729136671398, "params": {"max_depth": 13.203064173087157, "n_estimators": 233.50578758864634}, "datetime": {"datetime": "2021-09-21 16:45:10", "elapsed": 898.974639, "delta": 4.43767}}
{"target": 0.8410840075250188, "params": {"max_depth": 29.941558606969842, "n_estimators": 270.2249824491786}, "datetime": {"datetime": "2021-09-21 16:45:14", "elapsed": 902.626606, "delta": 3.651967}}
{"target": 0.8414875318679309, "params": {"max_depth": 24.701241533974585, "n_estimators": 227.01443833960295}, "datetime": {"datetime": "2021-09-21 16:45:18", "elapsed": 906.775828, "delta": 4.149222}}
{"target": 0.8425913884446738, "params": {"max_depth": 12.897338333197538, "n_estimators": 217.20234359529644}, "datetime": {"datetime": "2021-09-21 16:45:22", "elapsed": 910.467718, "delta": 3.69189}}
{"target": 0.8378329105141077, "params": {"max_depth": 8.450749794926665, "n_estimators": 233.78593191711423}, "datetime": {"datetime": "2021-09-21 16:45:25", "elapsed": 913.786439, "delta": 3.318721}}
{"target": 0.8418664279747847, "params": {"max_depth": 30.0, "n_estimators": 278.06065467427715}, "datetime": {"datetime": "2021-09-21 16:45:29", "elapsed": 917.877636, "delta": 4.091197}}
{"target": 0.8412723719217732, "params": {"max_depth": 15.662738603027947, "n_estimators": 287.0278823489223}, "datetime": {"datetime": "2021-09-21 16:45:33", "elapsed": 921.394474, "delta": 3.516838}}
