{"target": -2.4413133941733864, "params": {"max_depth": 10.854378715689268, "n_estimators": 63.94123012487944}, "datetime": {"datetime": "2021-09-21 11:08:58", "elapsed": 3644.414459, "delta": 17.969327}}
{"target": -2.3623336389837646, "params": {"max_depth": 16.331112453984403, "n_estimators": 67.62491538650964}, "datetime": {"datetime": "2021-09-21 11:09:12", "elapsed": 3659.023272, "delta": 14.608813}}
{"target": -2.3623336389837646, "params": {"max_depth": 16.419241156346438, "n_estimators": 67.65801069811909}, "datetime": {"datetime": "2021-09-21 11:09:33", "elapsed": 3679.385423, "delta": 20.362151}}
{"target": -2.3623336389837646, "params": {"max_depth": 16.359058604031333, "n_estimators": 67.75624760006647}, "datetime": {"datetime": "2021-09-21 11:09:45", "elapsed": 3691.768543, "delta": 12.38312}}
{"target": -2.3624728098230654, "params": {"max_depth": 18.089858938082525, "n_estimators": 67.72693722621604}, "datetime": {"datetime": "2021-09-21 11:09:53", "elapsed": 3699.914785, "delta": 8.146242}}
{"target": -2.3624728098230654, "params": {"max_depth": 18.299102228868925, "n_estimators": 67.87329534606022}, "datetime": {"datetime": "2021-09-21 11:10:11", "elapsed": 3717.55355, "delta": 17.638765}}
{"target": -2.3623336389837646, "params": {"max_depth": 16.185193751619092, "n_estimators": 67.1930541238486}, "datetime": {"datetime": "2021-09-21 11:10:26", "elapsed": 3732.376339, "delta": 14.822789}}
{"target": -2.3624728098230654, "params": {"max_depth": 18.100424487666956, "n_estimators": 67.69980582251756}, "datetime": {"datetime": "2021-09-21 11:10:41", "elapsed": 3747.91935, "delta": 15.543011}}
{"target": -2.3623336389837646, "params": {"max_depth": 16.346508986858954, "n_estimators": 67.04199545004715}, "datetime": {"datetime": "2021-09-21 11:10:57", "elapsed": 3763.881711, "delta": 15.962361}}
{"target": -2.369585020242916, "params": {"max_depth": 23.810229624170553, "n_estimators": 65.81157717354836}, "datetime": {"datetime": "2021-09-21 11:11:14", "elapsed": 3780.788, "delta": 16.906289}}
{"target": -2.3623336389837646, "params": {"max_depth": 16.34824970749993, "n_estimators": 67.20139783824057}, "datetime": {"datetime": "2021-09-21 11:11:22", "elapsed": 3788.998558, "delta": 8.210558}}
{"target": -2.3623336389837646, "params": {"max_depth": 16.270734731673592, "n_estimators": 67.16376296377535}, "datetime": {"datetime": "2021-09-21 11:11:47", "elapsed": 3813.92928, "delta": 24.930722}}
{"target": -2.3624728098230654, "params": {"max_depth": 18.513657447279556, "n_estimators": 67.46386956011696}, "datetime": {"datetime": "2021-09-21 11:12:06", "elapsed": 3832.808712, "delta": 18.879432}}
{"target": -2.3623336389837646, "params": {"max_depth": 16.56244827649882, "n_estimators": 67.26928111195852}, "datetime": {"datetime": "2021-09-21 11:12:19", "elapsed": 3845.38513, "delta": 12.576418}}
{"target": -2.3623336389837646, "params": {"max_depth": 16.40085959638914, "n_estimators": 67.48825063952842}, "datetime": {"datetime": "2021-09-21 11:12:46", "elapsed": 3872.221465, "delta": 26.836335}}
{"target": -2.3623336389837646, "params": {"max_depth": 16.296956230089638, "n_estimators": 67.60627620409092}, "datetime": {"datetime": "2021-09-21 11:13:06", "elapsed": 3892.769296, "delta": 20.547831}}
{"target": -2.3624728098230654, "params": {"max_depth": 18.53685481013096, "n_estimators": 67.50049541141593}, "datetime": {"datetime": "2021-09-21 11:13:24", "elapsed": 3910.398659, "delta": 17.629363}}
{"target": -2.3986919021294026, "params": {"max_depth": 19.78190992690447, "n_estimators": 74.53457701913679}, "datetime": {"datetime": "2021-09-21 11:13:38", "elapsed": 3924.719601, "delta": 14.320942}}
{"target": -2.3624728098230654, "params": {"max_depth": 18.5167741624384, "n_estimators": 67.26603411847147}, "datetime": {"datetime": "2021-09-21 11:13:55", "elapsed": 3941.853944, "delta": 17.134343}}
{"target": -2.3624728098230654, "params": {"max_depth": 18.17219420893008, "n_estimators": 67.72282516846448}, "datetime": {"datetime": "2021-09-21 11:14:22", "elapsed": 3968.423971, "delta": 26.570027}}
{"target": -2.3623336389837646, "params": {"max_depth": 16.291847238323086, "n_estimators": 67.67608661679417}, "datetime": {"datetime": "2021-09-21 11:14:33", "elapsed": 3979.40276, "delta": 10.978789}}
{"target": -2.388580131901157, "params": {"max_depth": 17.167273949710616, "n_estimators": 98.85857599550349}, "datetime": {"datetime": "2021-09-21 11:14:49", "elapsed": 3995.643374, "delta": 16.240614}}
{"target": -2.3623336389837646, "params": {"max_depth": 16.389789651870842, "n_estimators": 67.13893647875311}, "datetime": {"datetime": "2021-09-21 11:15:22", "elapsed": 4028.200276, "delta": 32.556902}}
{"target": -2.369558057265246, "params": {"max_depth": 17.89394863495979, "n_estimators": 67.48438601169441}, "datetime": {"datetime": "2021-09-21 11:15:40", "elapsed": 4046.197602, "delta": 17.997326}}
{"target": -2.4552721432579525, "params": {"max_depth": 12.92602496513429, "n_estimators": 42.47302566791144}, "datetime": {"datetime": "2021-09-21 11:16:03", "elapsed": 4069.422715, "delta": 23.225113}}
{"target": -2.4616118421052633, "params": {"max_depth": 24.25296668292135, "n_estimators": 20.13745241372365}, "datetime": {"datetime": "2021-09-21 11:16:11", "elapsed": 4077.484045, "delta": 8.06133}}
{"target": -2.511115747347849, "params": {"max_depth": 10.226008486477825, "n_estimators": 43.268047874476885}, "datetime": {"datetime": "2021-09-21 11:16:31", "elapsed": 4097.639814, "delta": 20.155769}}
{"target": -2.4387076844752102, "params": {"max_depth": 10.92374554980951, "n_estimators": 74.25917722943535}, "datetime": {"datetime": "2021-09-21 11:17:05", "elapsed": 4131.343135, "delta": 33.703321}}
{"target": -2.4060676188041454, "params": {"max_depth": 11.363131176873397, "n_estimators": 70.47438726777575}, "datetime": {"datetime": "2021-09-21 11:17:27", "elapsed": 4153.291728, "delta": 21.948593}}
{"target": -2.42561266820254, "params": {"max_depth": 10.975247079788785, "n_estimators": 68.09732849498545}, "datetime": {"datetime": "2021-09-21 11:17:45", "elapsed": 4171.500068, "delta": 18.20834}}
{"target": -2.443345141700406, "params": {"max_depth": 23.311742995881662, "n_estimators": 52.056227772827874}, "datetime": {"datetime": "2021-09-21 11:18:03", "elapsed": 4189.099907, "delta": 17.599839}}
{"target": -2.4274439247786943, "params": {"max_depth": 10.825840845011113, "n_estimators": 72.11956735857316}, "datetime": {"datetime": "2021-09-21 11:18:18", "elapsed": 4204.520005, "delta": 15.420098}}
{"target": -2.4350834472545, "params": {"max_depth": 20.97952352590827, "n_estimators": 33.50747002137001}, "datetime": {"datetime": "2021-09-21 11:18:32", "elapsed": 4218.303749, "delta": 13.783744}}
{"target": -2.4054081177520086, "params": {"max_depth": 28.385589445441237, "n_estimators": 59.48702343270594}, "datetime": {"datetime": "2021-09-21 11:18:42", "elapsed": 4229.047328, "delta": 10.743579}}
{"target": -2.4088450292397674, "params": {"max_depth": 26.549924268853786, "n_estimators": 81.02070809532567}, "datetime": {"datetime": "2021-09-21 11:19:03", "elapsed": 4249.184362, "delta": 20.137034}}
{"target": -2.4119579949041086, "params": {"max_depth": 14.678388891024928, "n_estimators": 58.025013457193495}, "datetime": {"datetime": "2021-09-21 11:19:27", "elapsed": 4273.558435, "delta": 24.374073}}
{"target": -2.399246987951808, "params": {"max_depth": 28.65994290210061, "n_estimators": 83.40172893023227}, "datetime": {"datetime": "2021-09-21 11:20:06", "elapsed": 4312.684837, "delta": 39.126402}}
{"target": -2.3934711098398176, "params": {"max_depth": 28.975571654360074, "n_estimators": 92.9406714484735}, "datetime": {"datetime": "2021-09-21 11:20:35", "elapsed": 4341.229175, "delta": 28.544338}}
{"target": -2.47505896520605, "params": {"max_depth": 9.221706244369967, "n_estimators": 60.00418402418665}, "datetime": {"datetime": "2021-09-21 11:21:00", "elapsed": 4366.309594, "delta": 25.080419}}
{"target": -2.47468671679198, "params": {"max_depth": 21.25143478291253, "n_estimators": 21.515455982231003}, "datetime": {"datetime": "2021-09-21 11:21:19", "elapsed": 4386.05242, "delta": 19.742826}}
{"target": -2.3899730123110325, "params": {"max_depth": 15.606482745206181, "n_estimators": 96.83222177597445}, "datetime": {"datetime": "2021-09-21 11:21:47", "elapsed": 4413.893837, "delta": 27.841417}}
{"target": -2.386083512352309, "params": {"max_depth": 27.1323769859536, "n_estimators": 98.39741496502342}, "datetime": {"datetime": "2021-09-21 11:22:15", "elapsed": 4441.649207, "delta": 27.75537}}
{"target": -2.398580034610978, "params": {"max_depth": 17.944372966696683, "n_estimators": 91.99841426968293}, "datetime": {"datetime": "2021-09-21 11:22:41", "elapsed": 4467.679436, "delta": 26.030229}}
{"target": -2.447978177150193, "params": {"max_depth": 24.820267445633494, "n_estimators": 41.38617313797803}, "datetime": {"datetime": "2021-09-21 11:22:59", "elapsed": 4485.355762, "delta": 17.676326}}
{"target": -2.399246987951808, "params": {"max_depth": 24.756459416868744, "n_estimators": 83.12893735282415}, "datetime": {"datetime": "2021-09-21 11:23:18", "elapsed": 4504.13567, "delta": 18.779908}}
{"target": -2.3881172002170374, "params": {"max_depth": 28.640800205417182, "n_estimators": 97.07705635538696}, "datetime": {"datetime": "2021-09-21 11:23:41", "elapsed": 4527.645752, "delta": 23.510082}}
{"target": -2.447204611908559, "params": {"max_depth": 17.40322432887634, "n_estimators": 33.09596194122815}, "datetime": {"datetime": "2021-09-21 11:23:59", "elapsed": 4545.607537, "delta": 17.961785}}
{"target": -2.4558067042606515, "params": {"max_depth": 20.757878028216016, "n_estimators": 30.314161090513544}, "datetime": {"datetime": "2021-09-21 11:24:20", "elapsed": 4566.567486, "delta": 20.959949}}
{"target": -2.3808196608052867, "params": {"max_depth": 16.21034739569292, "n_estimators": 71.02968903926103}, "datetime": {"datetime": "2021-09-21 11:24:37", "elapsed": 4583.945124, "delta": 17.377638}}
{"target": -2.396940267335005, "params": {"max_depth": 27.806259516607785, "n_estimators": 63.11084593939205}, "datetime": {"datetime": "2021-09-21 11:24:55", "elapsed": 4601.893351, "delta": 17.948227}}
{"target": -2.364892920595161, "params": {"max_depth": 16.793032861070238, "n_estimators": 66.10499936687118}, "datetime": {"datetime": "2021-09-21 11:25:26", "elapsed": 4632.842462, "delta": 30.949111}}
{"target": -2.390561038011697, "params": {"max_depth": 30.0, "n_estimators": 72.72834376684673}, "datetime": {"datetime": "2021-09-21 11:25:52", "elapsed": 4659.042325, "delta": 26.199863}}
{"target": -2.382819548872181, "params": {"max_depth": 25.0598558224779, "n_estimators": 70.2520020539601}, "datetime": {"datetime": "2021-09-21 11:26:04", "elapsed": 4670.884069, "delta": 11.841744}}
{"target": -2.364892920595161, "params": {"max_depth": 16.86808975877149, "n_estimators": 66.97428817884801}, "datetime": {"datetime": "2021-09-21 11:26:22", "elapsed": 4688.501746, "delta": 17.617677}}
{"target": -2.3624728098230654, "params": {"max_depth": 18.4231936293629, "n_estimators": 67.64211702637185}, "datetime": {"datetime": "2021-09-21 11:26:34", "elapsed": 4700.368249, "delta": 11.866503}}
{"target": -2.3836988304093567, "params": {"max_depth": 23.48873971064767, "n_estimators": 99.00683481143618}, "datetime": {"datetime": "2021-09-21 11:26:49", "elapsed": 4715.10759, "delta": 14.739341}}
{"target": -2.3624728098230654, "params": {"max_depth": 18.150302926835828, "n_estimators": 67.8783234218034}, "datetime": {"datetime": "2021-09-21 11:27:10", "elapsed": 4736.996508, "delta": 21.888918}}
{"target": -2.3623336389837646, "params": {"max_depth": 16.428585062564714, "n_estimators": 67.31045240881062}, "datetime": {"datetime": "2021-09-21 11:27:23", "elapsed": 4749.445606, "delta": 12.449098}}
{"target": -2.3623336389837646, "params": {"max_depth": 16.36992287345604, "n_estimators": 67.6209160638969}, "datetime": {"datetime": "2021-09-21 11:27:42", "elapsed": 4768.916286, "delta": 19.47068}}
{"target": -2.3623336389837646, "params": {"max_depth": 16.342322527234614, "n_estimators": 67.72364316032476}, "datetime": {"datetime": "2021-09-21 11:28:06", "elapsed": 4792.965198, "delta": 24.048912}}
{"target": -2.375657894736843, "params": {"max_depth": 27.591244538659947, "n_estimators": 68.20451541867746}, "datetime": {"datetime": "2021-09-21 11:28:23", "elapsed": 4809.158538, "delta": 16.19334}}
{"target": -2.375657894736843, "params": {"max_depth": 29.2352449228786, "n_estimators": 68.63880875089717}, "datetime": {"datetime": "2021-09-21 11:28:47", "elapsed": 4833.327996, "delta": 24.169458}}
{"target": -2.3623336389837646, "params": {"max_depth": 16.25620263040329, "n_estimators": 67.53081605430022}, "datetime": {"datetime": "2021-09-21 11:29:12", "elapsed": 4858.69989, "delta": 25.371894}}
{"target": -2.364684065934067, "params": {"max_depth": 20.97508150780157, "n_estimators": 65.92608846032144}, "datetime": {"datetime": "2021-09-21 11:29:29", "elapsed": 4875.483056, "delta": 16.783166}}
{"target": -2.369585020242916, "params": {"max_depth": 21.502721818075536, "n_estimators": 65.80980132308389}, "datetime": {"datetime": "2021-09-21 11:29:53", "elapsed": 4899.436204, "delta": 23.953148}}
{"target": -2.364684065934067, "params": {"max_depth": 20.431687917849857, "n_estimators": 65.90741453671198}, "datetime": {"datetime": "2021-09-21 11:30:03", "elapsed": 4909.750711, "delta": 10.314507}}
{"target": -2.3623336389837646, "params": {"max_depth": 16.423367810436936, "n_estimators": 67.27795852785148}, "datetime": {"datetime": "2021-09-21 11:30:36", "elapsed": 4942.599186, "delta": 32.848475}}
{"target": -2.3623336389837646, "params": {"max_depth": 16.502252176594787, "n_estimators": 67.27464629229424}, "datetime": {"datetime": "2021-09-21 11:30:53", "elapsed": 4959.974413, "delta": 17.375227}}
{"target": -2.3623336389837646, "params": {"max_depth": 16.407066821780766, "n_estimators": 67.82597370582607}, "datetime": {"datetime": "2021-09-21 11:31:14", "elapsed": 4980.178759, "delta": 20.204346}}
{"target": -2.3681264728986653, "params": {"max_depth": 21.261757279483692, "n_estimators": 67.78708425650892}, "datetime": {"datetime": "2021-09-21 11:31:37", "elapsed": 5003.773613, "delta": 23.594854}}
{"target": -2.4655921052631578, "params": {"max_depth": 28.325570758108448, "n_estimators": 30.85453740156636}, "datetime": {"datetime": "2021-09-21 11:32:00", "elapsed": 5026.515002, "delta": 22.741389}}
{"target": -2.3623336389837646, "params": {"max_depth": 16.29208278983813, "n_estimators": 67.46943964828309}, "datetime": {"datetime": "2021-09-21 11:32:44", "elapsed": 5070.238684, "delta": 43.723682}}
{"target": -2.399042305129914, "params": {"max_depth": 28.730702766915137, "n_estimators": 79.2918089882107}, "datetime": {"datetime": "2021-09-21 11:33:15", "elapsed": 5101.577304, "delta": 31.33862}}
{"target": -2.3624728098230654, "params": {"max_depth": 18.234550303256153, "n_estimators": 67.69296549544966}, "datetime": {"datetime": "2021-09-21 11:33:32", "elapsed": 5118.208537, "delta": 16.631233}}
{"target": -2.364684065934067, "params": {"max_depth": 20.79247405041572, "n_estimators": 65.65876525469756}, "datetime": {"datetime": "2021-09-21 11:33:59", "elapsed": 5145.681201, "delta": 27.472664}}
{"target": -2.3623336389837646, "params": {"max_depth": 16.66771753198157, "n_estimators": 67.3456018541277}, "datetime": {"datetime": "2021-09-21 11:34:25", "elapsed": 5171.648764, "delta": 25.967563}}
{"target": -2.418507116730165, "params": {"max_depth": 12.19908759044034, "n_estimators": 89.551672354236}, "datetime": {"datetime": "2021-09-21 11:34:46", "elapsed": 5192.95068, "delta": 21.301916}}
{"target": -2.402202044304309, "params": {"max_depth": 15.35207887214577, "n_estimators": 60.82391485934002}, "datetime": {"datetime": "2021-09-21 11:35:08", "elapsed": 5214.441355, "delta": 21.490675}}
{"target": -2.3624728098230654, "params": {"max_depth": 18.45877911560394, "n_estimators": 67.43612381770767}, "datetime": {"datetime": "2021-09-21 11:35:24", "elapsed": 5230.157222, "delta": 15.715867}}
{"target": -2.370528112560814, "params": {"max_depth": 20.857876556064777, "n_estimators": 68.14464313843312}, "datetime": {"datetime": "2021-09-21 11:35:48", "elapsed": 5254.712865, "delta": 24.555643}}
{"target": -2.511973684210526, "params": {"max_depth": 30.0, "n_estimators": 10.324104061355536}, "datetime": {"datetime": "2021-09-21 11:35:58", "elapsed": 5264.297432, "delta": 9.584567}}
{"target": -2.4341789585279696, "params": {"max_depth": 10.742778848100745, "n_estimators": 78.658359722724}, "datetime": {"datetime": "2021-09-21 11:36:31", "elapsed": 5297.163195, "delta": 32.865763}}
{"target": -2.464940663123619, "params": {"max_depth": 16.78672172421218, "n_estimators": 40.97983405117279}, "datetime": {"datetime": "2021-09-21 11:36:56", "elapsed": 5322.399379, "delta": 25.236184}}
{"target": -2.4439075153223144, "params": {"max_depth": 16.497357769683163, "n_estimators": 48.70567514233003}, "datetime": {"datetime": "2021-09-21 11:37:27", "elapsed": 5353.530572, "delta": 31.131193}}
{"target": -2.551860372653596, "params": {"max_depth": 9.956292314230339, "n_estimators": 25.81856095000476}, "datetime": {"datetime": "2021-09-21 11:38:05", "elapsed": 5391.722354, "delta": 38.191782}}
{"target": -2.378192083469544, "params": {"max_depth": 20.29838020960977, "n_estimators": 69.43994563191093}, "datetime": {"datetime": "2021-09-21 11:38:27", "elapsed": 5413.35255, "delta": 21.630196}}
{"target": -2.4179177112292933, "params": {"max_depth": 10.918646000120294, "n_estimators": 98.6640857381128}, "datetime": {"datetime": "2021-09-21 11:38:59", "elapsed": 5445.758702, "delta": 32.406152}}
{"target": -2.3936570714864103, "params": {"max_depth": 16.341454726040066, "n_estimators": 82.18614107905555}, "datetime": {"datetime": "2021-09-21 11:39:23", "elapsed": 5469.240149, "delta": 23.481447}}
{"target": -2.505858042877554, "params": {"max_depth": 14.896786303640681, "n_estimators": 18.3063203832837}, "datetime": {"datetime": "2021-09-21 11:39:47", "elapsed": 5493.560191, "delta": 24.320042}}
{"target": -2.4516651499781204, "params": {"max_depth": 15.11625749718402, "n_estimators": 21.41348949091951}, "datetime": {"datetime": "2021-09-21 11:40:20", "elapsed": 5526.607697, "delta": 33.047506}}
{"target": -2.4010573308270686, "params": {"max_depth": 26.58295476196388, "n_estimators": 56.278330935141966}, "datetime": {"datetime": "2021-09-21 11:40:45", "elapsed": 5551.796704, "delta": 25.189007}}
{"target": -2.399928876244666, "params": {"max_depth": 22.93007141093826, "n_estimators": 74.29780055706593}, "datetime": {"datetime": "2021-09-21 11:41:00", "elapsed": 5566.564585, "delta": 14.767881}}
{"target": -2.4158410805817625, "params": {"max_depth": 13.473254430120837, "n_estimators": 86.4216036401711}, "datetime": {"datetime": "2021-09-21 11:41:23", "elapsed": 5589.173138, "delta": 22.608553}}
{"target": -2.4005438596491233, "params": {"max_depth": 25.36012692460603, "n_estimators": 75.53286243305806}, "datetime": {"datetime": "2021-09-21 11:41:40", "elapsed": 5606.308634, "delta": 17.135496}}
{"target": -2.4042841478696753, "params": {"max_depth": 21.554329943918532, "n_estimators": 84.12568857941595}, "datetime": {"datetime": "2021-09-21 11:42:10", "elapsed": 5636.269518, "delta": 29.960884}}
{"target": -2.3756224713569645, "params": {"max_depth": 18.69572215929161, "n_estimators": 70.90810953274685}, "datetime": {"datetime": "2021-09-21 11:42:25", "elapsed": 5651.924049, "delta": 15.654531}}
{"target": -2.3898711622807016, "params": {"max_depth": 24.10736887185344, "n_estimators": 96.52018329794038}, "datetime": {"datetime": "2021-09-21 11:43:14", "elapsed": 5700.607784, "delta": 48.683735}}
{"target": -2.3931540673068232, "params": {"max_depth": 16.195682293037006, "n_estimators": 87.37754582746925}, "datetime": {"datetime": "2021-09-21 11:43:33", "elapsed": 5719.730195, "delta": 19.122411}}
{"target": -2.434518194070082, "params": {"max_depth": 20.810664482328484, "n_estimators": 53.76320456589809}, "datetime": {"datetime": "2021-09-21 11:43:48", "elapsed": 5734.533111, "delta": 14.802916}}
{"target": -2.4307666643212316, "params": {"max_depth": 19.118957713430323, "n_estimators": 51.32836037423056}, "datetime": {"datetime": "2021-09-21 11:44:18", "elapsed": 5764.989027, "delta": 30.455916}}
{"target": -2.3623336389837646, "params": {"max_depth": 16.43073595494461, "n_estimators": 67.70326197283805}, "datetime": {"datetime": "2021-09-21 11:44:45", "elapsed": 5791.745755, "delta": 26.756728}}
{"target": -2.3956506780343725, "params": {"max_depth": 20.125378455709257, "n_estimators": 56.70961834275973}, "datetime": {"datetime": "2021-09-21 11:45:28", "elapsed": 5834.495692, "delta": 42.749937}}
{"target": -2.399693961466166, "params": {"max_depth": 20.657875207256197, "n_estimators": 80.78132560053379}, "datetime": {"datetime": "2021-09-21 11:46:04", "elapsed": 5870.621578, "delta": 36.125886}}
{"target": -2.3624728098230654, "params": {"max_depth": 18.61531821427617, "n_estimators": 67.77513122500588}, "datetime": {"datetime": "2021-09-21 11:46:25", "elapsed": 5891.951894, "delta": 21.330316}}
{"target": -2.3623336389837646, "params": {"max_depth": 16.53945256516173, "n_estimators": 67.35832063349787}, "datetime": {"datetime": "2021-09-21 11:46:54", "elapsed": 5921.031587, "delta": 29.079693}}
{"target": -2.3624728098230654, "params": {"max_depth": 18.112135210109138, "n_estimators": 67.97190700245167}, "datetime": {"datetime": "2021-09-21 11:47:33", "elapsed": 5959.324896, "delta": 38.293309}}
{"target": -2.3624728098230654, "params": {"max_depth": 18.15582743611079, "n_estimators": 67.78938861631948}, "datetime": {"datetime": "2021-09-21 11:48:08", "elapsed": 5994.615998, "delta": 35.291102}}
{"target": -2.3623336389837646, "params": {"max_depth": 16.397237649247778, "n_estimators": 67.8487980992174}, "datetime": {"datetime": "2021-09-21 11:48:34", "elapsed": 6020.841545, "delta": 26.225547}}
