{"target": -4.925092751835154, "params": {"max_depth": 1.2764451746900622, "n_estimators": 162.80472725533718}, "datetime": {"datetime": "2021-09-20 19:51:38", "elapsed": 1657.193438, "delta": 7.024352}}
{"target": -2.65056441164812, "params": {"max_depth": 14.596013672586974, "n_estimators": 8.390945006253382}, "datetime": {"datetime": "2021-09-20 19:51:46", "elapsed": 1664.926939, "delta": 7.733501}}
{"target": -3.3660266495041955, "params": {"max_depth": 15.863529803168461, "n_estimators": 1.3077515889684594}, "datetime": {"datetime": "2021-09-20 19:51:52", "elapsed": 1670.943894, "delta": 6.016955}}
{"target": -2.563244406843467, "params": {"max_depth": 9.067682929811198, "n_estimators": 167.33528855982883}, "datetime": {"datetime": "2021-09-20 19:51:58", "elapsed": 1677.618816, "delta": 6.674922}}
{"target": -2.7862137150512147, "params": {"max_depth": 5.245822757943098, "n_estimators": 79.0002581974084}, "datetime": {"datetime": "2021-09-20 19:52:05", "elapsed": 1684.229149, "delta": 6.610333}}
{"target": -2.6488993900265925, "params": {"max_depth": 12.673433619664793, "n_estimators": 11.67690934491824}, "datetime": {"datetime": "2021-09-20 19:52:15", "elapsed": 1694.578081, "delta": 10.348932}}
{"target": -2.4616659441989426, "params": {"max_depth": 13.027619981155254, "n_estimators": 67.53779601420024}, "datetime": {"datetime": "2021-09-20 19:52:24", "elapsed": 1702.887756, "delta": 8.309675}}
{"target": -2.564302907371676, "params": {"max_depth": 8.848560073271688, "n_estimators": 30.491982645573596}, "datetime": {"datetime": "2021-09-20 19:52:31", "elapsed": 1710.703369, "delta": 7.815613}}
{"target": -2.5142278442415558, "params": {"max_depth": 11.127093524618607, "n_estimators": 199.86883543073012}, "datetime": {"datetime": "2021-09-20 19:52:37", "elapsed": 1716.449784, "delta": 5.746415}}
{"target": -4.895506219069882, "params": {"max_depth": 1.0, "n_estimators": 193.7768056584176}, "datetime": {"datetime": "2021-09-20 19:52:46", "elapsed": 1725.606446, "delta": 9.156662}}
{"target": -2.4616659441989426, "params": {"max_depth": 13.96268584075857, "n_estimators": 67.13198177433928}, "datetime": {"datetime": "2021-09-20 19:52:53", "elapsed": 1732.331306, "delta": 6.72486}}
{"target": -2.522348040740574, "params": {"max_depth": 9.732101468271043, "n_estimators": 69.2174007747204}, "datetime": {"datetime": "2021-09-20 19:52:58", "elapsed": 1737.370518, "delta": 5.039212}}
{"target": -2.6801535087719297, "params": {"max_depth": 20.173762176315684, "n_estimators": 8.684693876877915}, "datetime": {"datetime": "2021-09-20 19:53:03", "elapsed": 1742.562062, "delta": 5.191544}}
{"target": -4.922573505851821, "params": {"max_depth": 1.5920477195953726, "n_estimators": 136.94622426066232}, "datetime": {"datetime": "2021-09-20 19:53:10", "elapsed": 1749.186556, "delta": 6.624494}}
{"target": -2.6896435053267687, "params": {"max_depth": 6.978743869254857, "n_estimators": 252.96409524549057}, "datetime": {"datetime": "2021-09-20 19:53:17", "elapsed": 1756.213941, "delta": 7.027385}}
{"target": -2.5560047735571105, "params": {"max_depth": 10.847943293560501, "n_estimators": 38.41558224595323}, "datetime": {"datetime": "2021-09-20 19:53:22", "elapsed": 1761.427002, "delta": 5.213061}}
{"target": -2.732771420273005, "params": {"max_depth": 6.739834797905168, "n_estimators": 33.77027744307753}, "datetime": {"datetime": "2021-09-20 19:53:27", "elapsed": 1765.793927, "delta": 4.366925}}
{"target": -2.553683434396026, "params": {"max_depth": 11.371945723239648, "n_estimators": 45.24732649241251}, "datetime": {"datetime": "2021-09-20 19:53:36", "elapsed": 1775.384893, "delta": 9.590966}}
{"target": -2.6707236842105258, "params": {"max_depth": 24.98086115162456, "n_estimators": 8.217000302900232}, "datetime": {"datetime": "2021-09-20 19:53:44", "elapsed": 1783.233119, "delta": 7.848226}}
{"target": -2.5007803913880067, "params": {"max_depth": 11.051138939937264, "n_estimators": 68.19391604920105}, "datetime": {"datetime": "2021-09-20 19:53:50", "elapsed": 1789.548304, "delta": 6.315185}}
{"target": -2.5238818151836746, "params": {"max_depth": 8.372472669239079, "n_estimators": 72.6759300013063}, "datetime": {"datetime": "2021-09-20 19:53:56", "elapsed": 1795.1091, "delta": 5.560796}}
{"target": -2.6263749769607605, "params": {"max_depth": 7.068268438143695, "n_estimators": 278.2738312448159}, "datetime": {"datetime": "2021-09-20 19:54:06", "elapsed": 1805.404869, "delta": 10.295769}}
{"target": -2.5192932139426394, "params": {"max_depth": 10.7989757994224, "n_estimators": 284.53980612451943}, "datetime": {"datetime": "2021-09-20 19:54:14", "elapsed": 1813.683493, "delta": 8.278624}}
{"target": -2.573259925907037, "params": {"max_depth": 9.987617902896652, "n_estimators": 49.43784643279077}, "datetime": {"datetime": "2021-09-20 19:54:21", "elapsed": 1820.313798, "delta": 6.630305}}
{"target": -2.583798410438906, "params": {"max_depth": 11.59853590771802, "n_estimators": 22.043611439732697}, "datetime": {"datetime": "2021-09-20 19:54:30", "elapsed": 1829.353995, "delta": 9.040197}}
{"target": -2.4912828947368415, "params": {"max_depth": 22.39290863356182, "n_estimators": 20.29646930120533}, "datetime": {"datetime": "2021-09-20 19:54:35", "elapsed": 1834.677822, "delta": 5.323827}}
{"target": -2.569359072882694, "params": {"max_depth": 11.942858681480864, "n_estimators": 41.850577238435605}, "datetime": {"datetime": "2021-09-20 19:54:46", "elapsed": 1844.811844, "delta": 10.134022}}
{"target": -2.5276830948627182, "params": {"max_depth": 11.316102211233702, "n_estimators": 177.85866190176253}, "datetime": {"datetime": "2021-09-20 19:54:52", "elapsed": 1851.420686, "delta": 6.608842}}
{"target": -2.6933751860889177, "params": {"max_depth": 6.769037176837045, "n_estimators": 170.94917237469392}, "datetime": {"datetime": "2021-09-20 19:54:57", "elapsed": 1856.202517, "delta": 4.781831}}
{"target": -2.5001447301779804, "params": {"max_depth": 10.909686228904953, "n_estimators": 123.85387044322083}, "datetime": {"datetime": "2021-09-20 19:55:03", "elapsed": 1862.724175, "delta": 6.521658}}
{"target": -2.5426818490700627, "params": {"max_depth": 9.422872947491047, "n_estimators": 119.7577428380144}, "datetime": {"datetime": "2021-09-20 19:55:09", "elapsed": 1868.576178, "delta": 5.852003}}
{"target": -2.550213166793036, "params": {"max_depth": 9.74209454323596, "n_estimators": 248.8861902295498}, "datetime": {"datetime": "2021-09-20 19:55:19", "elapsed": 1878.544142, "delta": 9.967964}}
{"target": -2.5169129958777483, "params": {"max_depth": 10.09334453390643, "n_estimators": 259.3243339960086}, "datetime": {"datetime": "2021-09-20 19:55:28", "elapsed": 1887.708808, "delta": 9.164666}}
{"target": -2.5260906690339513, "params": {"max_depth": 11.36767728504957, "n_estimators": 181.54459587564776}, "datetime": {"datetime": "2021-09-20 19:55:34", "elapsed": 1892.882577, "delta": 5.173769}}
{"target": -2.6667804432806315, "params": {"max_depth": 11.635577970297962, "n_estimators": 16.19691191322331}, "datetime": {"datetime": "2021-09-20 19:55:41", "elapsed": 1900.088704, "delta": 7.206127}}
{"target": -2.5160710213032442, "params": {"max_depth": 10.039325590443662, "n_estimators": 142.50805131132236}, "datetime": {"datetime": "2021-09-20 19:55:51", "elapsed": 1910.304055, "delta": 10.215351}}
{"target": -2.5557477655615544, "params": {"max_depth": 9.903008120463475, "n_estimators": 139.25393598899925}, "datetime": {"datetime": "2021-09-20 19:55:58", "elapsed": 1917.530776, "delta": 7.226721}}
{"target": -2.512932997118842, "params": {"max_depth": 10.449875246052223, "n_estimators": 219.98196762186487}, "datetime": {"datetime": "2021-09-20 19:56:06", "elapsed": 1924.967862, "delta": 7.437086}}
{"target": -2.5211944891389835, "params": {"max_depth": 11.022197955625487, "n_estimators": 145.42588194097846}, "datetime": {"datetime": "2021-09-20 19:56:14", "elapsed": 1933.271861, "delta": 8.303999}}
{"target": -2.5368212653022377, "params": {"max_depth": 8.831451408063085, "n_estimators": 82.68361920587928}, "datetime": {"datetime": "2021-09-20 19:56:20", "elapsed": 1939.438018, "delta": 6.166157}}
{"target": -2.5972582622770695, "params": {"max_depth": 15.92322651108145, "n_estimators": 10.520281126132877}, "datetime": {"datetime": "2021-09-20 19:56:26", "elapsed": 1945.041521, "delta": 5.603503}}
{"target": -2.508917089229444, "params": {"max_depth": 12.222640030083703, "n_estimators": 258.6404189146395}, "datetime": {"datetime": "2021-09-20 19:56:32", "elapsed": 1950.94664, "delta": 5.905119}}
{"target": -2.561773842222065, "params": {"max_depth": 9.858859138195058, "n_estimators": 187.16111469001828}, "datetime": {"datetime": "2021-09-20 19:56:40", "elapsed": 1958.80599, "delta": 7.85935}}
{"target": -2.9782113404955446, "params": {"max_depth": 4.010798002799029, "n_estimators": 54.70724340985481}, "datetime": {"datetime": "2021-09-20 19:56:49", "elapsed": 1968.463119, "delta": 9.657129}}
{"target": -2.5249651438344514, "params": {"max_depth": 11.607853492626969, "n_estimators": 287.30608854140814}, "datetime": {"datetime": "2021-09-20 19:57:00", "elapsed": 1978.985187, "delta": 10.522068}}
{"target": -2.5209955728535753, "params": {"max_depth": 10.691118823070038, "n_estimators": 244.3363350148478}, "datetime": {"datetime": "2021-09-20 19:57:09", "elapsed": 1987.900938, "delta": 8.915751}}
{"target": -2.6866771991667258, "params": {"max_depth": 6.542486380255849, "n_estimators": 257.1166392961138}, "datetime": {"datetime": "2021-09-20 19:57:15", "elapsed": 1994.40747, "delta": 6.506532}}
{"target": -2.4975845340164295, "params": {"max_depth": 17.027002065473503, "n_estimators": 291.2232081104788}, "datetime": {"datetime": "2021-09-20 19:57:21", "elapsed": 1999.937977, "delta": 5.530507}}
{"target": -2.4870181577041124, "params": {"max_depth": 15.884468049156585, "n_estimators": 275.1615043353839}, "datetime": {"datetime": "2021-09-20 19:57:29", "elapsed": 2007.839887, "delta": 7.90191}}
{"target": -2.6264737961775437, "params": {"max_depth": 7.827004704862724, "n_estimators": 274.58631511368765}, "datetime": {"datetime": "2021-09-20 19:57:36", "elapsed": 2015.241749, "delta": 7.401862}}
{"target": -2.517205927500635, "params": {"max_depth": 11.45456935281009, "n_estimators": 223.0571564597711}, "datetime": {"datetime": "2021-09-20 19:57:42", "elapsed": 2021.072468, "delta": 5.830719}}
{"target": -2.498570074923935, "params": {"max_depth": 12.291255423390941, "n_estimators": 122.76743936578066}, "datetime": {"datetime": "2021-09-20 19:57:48", "elapsed": 2026.815395, "delta": 5.742927}}
{"target": -2.5266107961189754, "params": {"max_depth": 9.992601661476208, "n_estimators": 71.11727659610186}, "datetime": {"datetime": "2021-09-20 19:57:54", "elapsed": 2033.463471, "delta": 6.648076}}
{"target": -2.532927218899959, "params": {"max_depth": 9.453010696490187, "n_estimators": 61.645451138768784}, "datetime": {"datetime": "2021-09-20 19:58:02", "elapsed": 2041.681294, "delta": 8.217823}}
{"target": -2.5075300898089057, "params": {"max_depth": 10.379347344965995, "n_estimators": 128.4756989301673}, "datetime": {"datetime": "2021-09-20 19:58:08", "elapsed": 2047.414149, "delta": 5.732855}}
{"target": -2.520209115625656, "params": {"max_depth": 10.919255282909567, "n_estimators": 153.3312499957948}, "datetime": {"datetime": "2021-09-20 19:58:18", "elapsed": 2057.736774, "delta": 10.322625}}
{"target": -2.511898795679304, "params": {"max_depth": 10.643591116815443, "n_estimators": 149.64130384962846}, "datetime": {"datetime": "2021-09-20 19:58:24", "elapsed": 2063.542213, "delta": 5.805439}}
{"target": -2.4481868273625236, "params": {"max_depth": 17.727996206916533, "n_estimators": 68.62299711275881}, "datetime": {"datetime": "2021-09-20 19:58:31", "elapsed": 2069.94967, "delta": 6.407457}}
{"target": -2.485220192671511, "params": {"max_depth": 19.60080516636738, "n_estimators": 223.2758832028291}, "datetime": {"datetime": "2021-09-20 19:58:41", "elapsed": 2079.873597, "delta": 9.923927}}
{"target": -2.488433635038681, "params": {"max_depth": 22.890057318640824, "n_estimators": 276.00089519235496}, "datetime": {"datetime": "2021-09-20 19:58:48", "elapsed": 2087.133491, "delta": 7.259894}}
{"target": -2.4912828947368415, "params": {"max_depth": 24.903723240993973, "n_estimators": 20.61612166791623}, "datetime": {"datetime": "2021-09-20 19:58:57", "elapsed": 2095.923189, "delta": 8.789698}}
{"target": -2.675523406094899, "params": {"max_depth": 6.130662101641822, "n_estimators": 74.76372420664568}, "datetime": {"datetime": "2021-09-20 19:59:02", "elapsed": 2100.903571, "delta": 4.980382}}
{"target": -2.496717590544987, "params": {"max_depth": 19.75905320183667, "n_estimators": 289.705312024296}, "datetime": {"datetime": "2021-09-20 19:59:07", "elapsed": 2106.563778, "delta": 5.660207}}
{"target": -2.564079309585999, "params": {"max_depth": 9.549722946955129, "n_estimators": 52.671447054993756}, "datetime": {"datetime": "2021-09-20 19:59:17", "elapsed": 2116.459507, "delta": 9.895729}}
{"target": -2.4872607628068604, "params": {"max_depth": 16.202165608459868, "n_estimators": 216.6634970787231}, "datetime": {"datetime": "2021-09-20 19:59:26", "elapsed": 2124.795746, "delta": 8.336239}}
{"target": -2.5173673534561005, "params": {"max_depth": 10.425216166272511, "n_estimators": 262.85900185730327}, "datetime": {"datetime": "2021-09-20 19:59:33", "elapsed": 2132.457407, "delta": 7.661661}}
{"target": -2.488606811145508, "params": {"max_depth": 24.80815508580321, "n_estimators": 170.35708807829604}, "datetime": {"datetime": "2021-09-20 19:59:43", "elapsed": 2142.233414, "delta": 9.776007}}
{"target": -2.486396226728718, "params": {"max_depth": 18.478933578252224, "n_estimators": 260.5104230387515}, "datetime": {"datetime": "2021-09-20 19:59:55", "elapsed": 2154.115312, "delta": 11.881898}}
{"target": -2.490278639191488, "params": {"max_depth": 18.233452488572638, "n_estimators": 263.6398090523331}, "datetime": {"datetime": "2021-09-20 20:00:04", "elapsed": 2163.469661, "delta": 9.354349}}
{"target": -2.487538529784437, "params": {"max_depth": 17.959992950094293, "n_estimators": 249.00799081006014}, "datetime": {"datetime": "2021-09-20 20:00:11", "elapsed": 2170.578983, "delta": 7.109322}}
{"target": -2.541037887663844, "params": {"max_depth": 9.681951397865586, "n_estimators": 110.95828907427489}, "datetime": {"datetime": "2021-09-20 20:00:22", "elapsed": 2181.43719, "delta": 10.858207}}
{"target": -2.487416310210152, "params": {"max_depth": 24.993814976720635, "n_estimators": 283.75868468705227}, "datetime": {"datetime": "2021-09-20 20:00:36", "elapsed": 2195.031583, "delta": 13.594393}}
{"target": -2.476851851851851, "params": {"max_depth": 19.93704386772096, "n_estimators": 114.67503898879761}, "datetime": {"datetime": "2021-09-20 20:00:41", "elapsed": 2200.308353, "delta": 5.27677}}
{"target": -2.547088119822452, "params": {"max_depth": 8.082201530792862, "n_estimators": 116.60162377420913}, "datetime": {"datetime": "2021-09-20 20:00:48", "elapsed": 2207.235553, "delta": 6.9272}}
{"target": -2.473583170695417, "params": {"max_depth": 17.63549168343406, "n_estimators": 129.36585808787345}, "datetime": {"datetime": "2021-09-20 20:00:57", "elapsed": 2215.861541, "delta": 8.625988}}
{"target": -2.4813959567793646, "params": {"max_depth": 24.15200399165349, "n_estimators": 151.7950829963077}, "datetime": {"datetime": "2021-09-20 20:01:01", "elapsed": 2220.725544, "delta": 4.864003}}
{"target": -2.4542545862252174, "params": {"max_depth": 14.391312276064863, "n_estimators": 54.659026827970116}, "datetime": {"datetime": "2021-09-20 20:01:10", "elapsed": 2229.410993, "delta": 8.685449}}
{"target": -2.4832928736324003, "params": {"max_depth": 20.58031983684457, "n_estimators": 157.88833018225142}, "datetime": {"datetime": "2021-09-20 20:01:20", "elapsed": 2239.733637, "delta": 10.322644}}
{"target": -2.4869545973474585, "params": {"max_depth": 21.690258644274063, "n_estimators": 281.84904948677604}, "datetime": {"datetime": "2021-09-20 20:01:32", "elapsed": 2251.43078, "delta": 11.697143}}
{"target": -2.4984671760778667, "params": {"max_depth": 14.809445804509544, "n_estimators": 299.96503505868594}, "datetime": {"datetime": "2021-09-20 20:01:45", "elapsed": 2264.465377, "delta": 13.034597}}
{"target": -2.511692911314944, "params": {"max_depth": 11.421787961574905, "n_estimators": 206.12461782768457}, "datetime": {"datetime": "2021-09-20 20:01:51", "elapsed": 2269.767533, "delta": 5.302156}}
{"target": -2.519104070956584, "params": {"max_depth": 10.588265468665833, "n_estimators": 202.8655923986109}, "datetime": {"datetime": "2021-09-20 20:02:04", "elapsed": 2283.041452, "delta": 13.273919}}
{"target": -2.4870922478246156, "params": {"max_depth": 22.835035046924148, "n_estimators": 178.40033285421939}, "datetime": {"datetime": "2021-09-20 20:02:09", "elapsed": 2288.432707, "delta": 5.391255}}
{"target": -2.482131706800479, "params": {"max_depth": 18.944698560680198, "n_estimators": 209.601527819699}, "datetime": {"datetime": "2021-09-20 20:02:18", "elapsed": 2297.48667, "delta": 9.053963}}
{"target": -2.4937921727395405, "params": {"max_depth": 24.995818714514062, "n_estimators": 39.770041352129205}, "datetime": {"datetime": "2021-09-20 20:02:24", "elapsed": 2302.970808, "delta": 5.484138}}
{"target": -2.4854476546301574, "params": {"max_depth": 15.008208253059824, "n_estimators": 256.59894045591926}, "datetime": {"datetime": "2021-09-20 20:02:30", "elapsed": 2309.062406, "delta": 6.091598}}
{"target": -2.5777978168054023, "params": {"max_depth": 13.104968453813138, "n_estimators": 24.647917405026107}, "datetime": {"datetime": "2021-09-20 20:02:34", "elapsed": 2312.959594, "delta": 3.897188}}
{"target": -2.5009653549634954, "params": {"max_depth": 15.434015303307977, "n_estimators": 28.116700330831197}, "datetime": {"datetime": "2021-09-20 20:02:41", "elapsed": 2320.150396, "delta": 7.190802}}
{"target": -2.4787544519192712, "params": {"max_depth": 23.95682273165466, "n_estimators": 133.28955936946164}, "datetime": {"datetime": "2021-09-20 20:02:50", "elapsed": 2328.807263, "delta": 8.656867}}
{"target": -2.506653641944027, "params": {"max_depth": 12.562948415196772, "n_estimators": 283.66371788839825}, "datetime": {"datetime": "2021-09-20 20:02:56", "elapsed": 2335.073344, "delta": 6.266081}}
{"target": -2.5281184927995533, "params": {"max_depth": 10.561850082175809, "n_estimators": 291.92877817868236}, "datetime": {"datetime": "2021-09-20 20:03:03", "elapsed": 2342.47301, "delta": 7.399666}}
{"target": -2.514885742245349, "params": {"max_depth": 11.030687861631414, "n_estimators": 126.14935724575078}, "datetime": {"datetime": "2021-09-20 20:03:12", "elapsed": 2351.536523, "delta": 9.063513}}
{"target": -2.5087649872829094, "params": {"max_depth": 16.249590216544583, "n_estimators": 297.7989705744032}, "datetime": {"datetime": "2021-09-20 20:03:19", "elapsed": 2358.096587, "delta": 6.560064}}
{"target": -2.484777771976235, "params": {"max_depth": 22.32273676592618, "n_estimators": 162.84890370109383}, "datetime": {"datetime": "2021-09-20 20:03:27", "elapsed": 2366.723801, "delta": 8.627214}}
{"target": -2.4854902895419158, "params": {"max_depth": 14.333511794216594, "n_estimators": 21.02651463734818}, "datetime": {"datetime": "2021-09-20 20:03:31", "elapsed": 2370.497672, "delta": 3.773871}}
{"target": -2.483599340972912, "params": {"max_depth": 22.576214024562645, "n_estimators": 249.87849790300896}, "datetime": {"datetime": "2021-09-20 20:03:40", "elapsed": 2378.979724, "delta": 8.482052}}
{"target": -2.524408269560079, "params": {"max_depth": 11.99120998691809, "n_estimators": 142.61013109089177}, "datetime": {"datetime": "2021-09-20 20:03:48", "elapsed": 2386.872119, "delta": 7.892395}}
{"target": -2.5653173239790257, "params": {"max_depth": 11.790536177483535, "n_estimators": 36.112047316159526}, "datetime": {"datetime": "2021-09-20 20:03:57", "elapsed": 2396.708685, "delta": 9.836566}}
{"target": -2.469998999072615, "params": {"max_depth": 16.30826111601006, "n_estimators": 35.93407171300623}, "datetime": {"datetime": "2021-09-20 20:04:02", "elapsed": 2401.599021, "delta": 4.890336}}
{"target": -2.4880443014009814, "params": {"max_depth": 25.0, "n_estimators": 278.7104782000772}, "datetime": {"datetime": "2021-09-20 20:04:09", "elapsed": 2408.479404, "delta": 6.880383}}
{"target": -2.4795299775931996, "params": {"max_depth": 17.83037766063076, "n_estimators": 206.42698623332763}, "datetime": {"datetime": "2021-09-20 20:04:17", "elapsed": 2415.959452, "delta": 7.480048}}
{"target": -2.51681672476114, "params": {"max_depth": 11.159033683608868, "n_estimators": 227.48302329795527}, "datetime": {"datetime": "2021-09-20 20:04:21", "elapsed": 2420.753024, "delta": 4.793572}}
{"target": -2.5741202538788492, "params": {"max_depth": 8.871359816484738, "n_estimators": 232.77226810608394}, "datetime": {"datetime": "2021-09-20 20:04:28", "elapsed": 2427.388789, "delta": 6.635765}}
{"target": -2.4816638205112027, "params": {"max_depth": 20.557922195811727, "n_estimators": 190.21489378238456}, "datetime": {"datetime": "2021-09-20 20:04:39", "elapsed": 2438.429696, "delta": 11.040907}}
{"target": -2.5486204264251797, "params": {"max_depth": 9.706991465914502, "n_estimators": 213.08678183553508}, "datetime": {"datetime": "2021-09-20 20:04:46", "elapsed": 2444.930402, "delta": 6.500706}}
{"target": -2.554896938074946, "params": {"max_depth": 8.092869019400103, "n_estimators": 216.4932536452724}, "datetime": {"datetime": "2021-09-20 20:04:55", "elapsed": 2454.397006, "delta": 9.466604}}
{"target": -2.485768470119361, "params": {"max_depth": 19.07604280372131, "n_estimators": 146.45226541202322}, "datetime": {"datetime": "2021-09-20 20:05:01", "elapsed": 2460.747488, "delta": 6.350482}}
{"target": -2.5502074205600422, "params": {"max_depth": 11.969750334238864, "n_estimators": 47.70634297014018}, "datetime": {"datetime": "2021-09-20 20:05:07", "elapsed": 2466.025265, "delta": 5.277777}}
