{"target": 0.8337504898427195, "params": {"max_depth": 24.764435025566023, "n_estimators": 45.11445208633477}, "datetime": {"datetime": "2021-09-21 15:09:56", "elapsed": 6703.813694, "delta": 33.258177}}
{"target": 0.8408802664588775, "params": {"max_depth": 14.916889406369616, "n_estimators": 56.641179954276815}, "datetime": {"datetime": "2021-09-21 15:10:17", "elapsed": 6724.92857, "delta": 21.114876}}
{"target": 0.8418670408984065, "params": {"max_depth": 18.740852259577725, "n_estimators": 25.819089837192585}, "datetime": {"datetime": "2021-09-21 15:10:30", "elapsed": 6737.472351, "delta": 12.543781}}
{"target": 0.8231111563689438, "params": {"max_depth": 26.028458777881156, "n_estimators": 14.528242009756214}, "datetime": {"datetime": "2021-09-21 15:10:49", "elapsed": 6756.881397, "delta": 19.409046}}
{"target": 0.8361343796922805, "params": {"max_depth": 15.743731036424084, "n_estimators": 27.68459612144237}, "datetime": {"datetime": "2021-09-21 15:11:02", "elapsed": 6769.28478, "delta": 12.403383}}
{"target": 0.8331678649097622, "params": {"max_depth": 24.410608458708406, "n_estimators": 97.99335885355572}, "datetime": {"datetime": "2021-09-21 15:11:14", "elapsed": 6781.157461, "delta": 11.872681}}
{"target": 0.8364881588761172, "params": {"max_depth": 21.167358479666017, "n_estimators": 69.32401222121348}, "datetime": {"datetime": "2021-09-21 15:11:28", "elapsed": 6795.331297, "delta": 14.173836}}
{"target": 0.8362748594637738, "params": {"max_depth": 22.375711908902932, "n_estimators": 58.567891892645484}, "datetime": {"datetime": "2021-09-21 15:11:38", "elapsed": 6805.653824, "delta": 10.322527}}
{"target": 0.8326760530828049, "params": {"max_depth": 27.207505798166288, "n_estimators": 50.49011046907937}, "datetime": {"datetime": "2021-09-21 15:11:51", "elapsed": 6818.500575, "delta": 12.846751}}
{"target": 0.8317265469920568, "params": {"max_depth": 7.288266370589224, "n_estimators": 56.8504660663106}, "datetime": {"datetime": "2021-09-21 15:12:02", "elapsed": 6829.124193, "delta": 10.623618}}
{"target": 0.8309604509354905, "params": {"max_depth": 19.138689454886407, "n_estimators": 88.2610456831293}, "datetime": {"datetime": "2021-09-21 15:12:15", "elapsed": 6842.381617, "delta": 13.257424}}
{"target": 0.8434172421662551, "params": {"max_depth": 25.528482082847013, "n_estimators": 19.40004677175997}, "datetime": {"datetime": "2021-09-21 15:12:25", "elapsed": 6852.376397, "delta": 9.99478}}
{"target": 0.8434172421662551, "params": {"max_depth": 24.814846529921972, "n_estimators": 19.087028417097574}, "datetime": {"datetime": "2021-09-21 15:12:46", "elapsed": 6873.858553, "delta": 21.482156}}
{"target": 0.8434172421662551, "params": {"max_depth": 26.11865331109375, "n_estimators": 19.623705358594556}, "datetime": {"datetime": "2021-09-21 15:12:59", "elapsed": 6886.725981, "delta": 12.867428}}
{"target": 0.8412194420885759, "params": {"max_depth": 20.81891400340736, "n_estimators": 25.717250874775587}, "datetime": {"datetime": "2021-09-21 15:13:13", "elapsed": 6900.622316, "delta": 13.896335}}
{"target": 0.8364672129695124, "params": {"max_depth": 28.769233204344854, "n_estimators": 63.71201881556317}, "datetime": {"datetime": "2021-09-21 15:13:34", "elapsed": 6921.858368, "delta": 21.236052}}
{"target": 0.8410986638865767, "params": {"max_depth": 29.969103205299714, "n_estimators": 26.033355853319048}, "datetime": {"datetime": "2021-09-21 15:13:44", "elapsed": 6931.77987, "delta": 9.921502}}
{"target": 0.8434172421662551, "params": {"max_depth": 29.65117686273234, "n_estimators": 19.438646404792035}, "datetime": {"datetime": "2021-09-21 15:14:20", "elapsed": 6967.562852, "delta": 35.782982}}
{"target": 0.8331739296101035, "params": {"max_depth": 24.817309577661675, "n_estimators": 74.46098559501407}, "datetime": {"datetime": "2021-09-21 15:14:34", "elapsed": 6981.895179, "delta": 14.332327}}
{"target": 0.8348736697961243, "params": {"max_depth": 23.80149781220633, "n_estimators": 100.0}, "datetime": {"datetime": "2021-09-21 15:14:57", "elapsed": 7004.625638, "delta": 22.730459}}
{"target": 0.8434172421662551, "params": {"max_depth": 22.15918027971011, "n_estimators": 19.383938197446614}, "datetime": {"datetime": "2021-09-21 15:15:24", "elapsed": 7031.881483, "delta": 27.255845}}
{"target": 0.821120536478852, "params": {"max_depth": 6.906930047735392, "n_estimators": 94.50144458827737}, "datetime": {"datetime": "2021-09-21 15:15:49", "elapsed": 7056.869382, "delta": 24.987899}}
{"target": 0.8415337047276287, "params": {"max_depth": 22.524090303112455, "n_estimators": 20.33142546735502}, "datetime": {"datetime": "2021-09-21 15:16:07", "elapsed": 7074.630421, "delta": 17.761039}}
{"target": 0.8336901937628589, "params": {"max_depth": 20.425562203182693, "n_estimators": 85.52371399540118}, "datetime": {"datetime": "2021-09-21 15:16:27", "elapsed": 7094.47995, "delta": 19.849529}}
{"target": 0.8318529384437299, "params": {"max_depth": 9.400318806685956, "n_estimators": 70.5067156298435}, "datetime": {"datetime": "2021-09-21 15:16:40", "elapsed": 7107.893794, "delta": 13.413844}}
{"target": 0.8321025059330199, "params": {"max_depth": 7.284929329831895, "n_estimators": 65.90107857269852}, "datetime": {"datetime": "2021-09-21 15:17:02", "elapsed": 7129.190783, "delta": 21.296989}}
{"target": 0.8368488498004659, "params": {"max_depth": 10.63732790763455, "n_estimators": 69.44519757655738}, "datetime": {"datetime": "2021-09-21 15:17:14", "elapsed": 7141.160488, "delta": 11.969705}}
{"target": 0.8236021925240681, "params": {"max_depth": 8.623076478282456, "n_estimators": 31.68171530888857}, "datetime": {"datetime": "2021-09-21 15:17:38", "elapsed": 7165.199363, "delta": 24.038875}}
{"target": 0.8354554524480414, "params": {"max_depth": 14.679905079622682, "n_estimators": 91.7831562260101}, "datetime": {"datetime": "2021-09-21 15:18:00", "elapsed": 7188.000913, "delta": 22.80155}}
{"target": 0.8343877811953161, "params": {"max_depth": 11.389445548942446, "n_estimators": 55.029530480872324}, "datetime": {"datetime": "2021-09-21 15:18:31", "elapsed": 7218.543606, "delta": 30.542693}}
{"target": 0.8330135870145379, "params": {"max_depth": 10.497313487166867, "n_estimators": 86.37959808078341}, "datetime": {"datetime": "2021-09-21 15:18:44", "elapsed": 7231.148858, "delta": 12.605252}}
{"target": 0.834275186369646, "params": {"max_depth": 7.832553511089036, "n_estimators": 26.578096003840045}, "datetime": {"datetime": "2021-09-21 15:19:00", "elapsed": 7247.373362, "delta": 16.224504}}
{"target": 0.8298915586652549, "params": {"max_depth": 16.848057998474978, "n_estimators": 96.41422668958086}, "datetime": {"datetime": "2021-09-21 15:19:14", "elapsed": 7261.478432, "delta": 14.10507}}
{"target": 0.8320000439725364, "params": {"max_depth": 11.100476240551162, "n_estimators": 97.4479957532858}, "datetime": {"datetime": "2021-09-21 15:19:32", "elapsed": 7279.958738, "delta": 18.480306}}
{"target": 0.8352813219681828, "params": {"max_depth": 16.554698960688583, "n_estimators": 69.15482946265612}, "datetime": {"datetime": "2021-09-21 15:19:45", "elapsed": 7293.01661, "delta": 13.057872}}
{"target": 0.8323439657858702, "params": {"max_depth": 27.35311720866632, "n_estimators": 31.533779932075802}, "datetime": {"datetime": "2021-09-21 15:20:03", "elapsed": 7310.519728, "delta": 17.503118}}
{"target": 0.8407806031793776, "params": {"max_depth": 18.122055934907877, "n_estimators": 66.69186183087605}, "datetime": {"datetime": "2021-09-21 15:20:30", "elapsed": 7337.503361, "delta": 26.983633}}
{"target": 0.8371725159389273, "params": {"max_depth": 13.21322813138341, "n_estimators": 61.823531963061846}, "datetime": {"datetime": "2021-09-21 15:20:44", "elapsed": 7351.131998, "delta": 13.628637}}
{"target": 0.8411492951607292, "params": {"max_depth": 14.985273494068041, "n_estimators": 67.94697970280151}, "datetime": {"datetime": "2021-09-21 15:21:21", "elapsed": 7388.851811, "delta": 37.719813}}
{"target": 0.8396735035595938, "params": {"max_depth": 18.62387963762984, "n_estimators": 24.62258352082799}, "datetime": {"datetime": "2021-09-21 15:21:33", "elapsed": 7401.048593, "delta": 12.196782}}
{"target": 0.8394432671312273, "params": {"max_depth": 15.0088719292815, "n_estimators": 22.839161058692408}, "datetime": {"datetime": "2021-09-21 15:21:54", "elapsed": 7422.097878, "delta": 21.049285}}
{"target": 0.8390591237756365, "params": {"max_depth": 14.735652380881461, "n_estimators": 99.2174994698953}, "datetime": {"datetime": "2021-09-21 15:22:08", "elapsed": 7435.829198, "delta": 13.73132}}
{"target": 0.8320099281276291, "params": {"max_depth": 19.210874532582206, "n_estimators": 74.98173847245447}, "datetime": {"datetime": "2021-09-21 15:22:21", "elapsed": 7448.685785, "delta": 12.856587}}
{"target": 0.835461919994749, "params": {"max_depth": 23.144956385503054, "n_estimators": 53.53061487831143}, "datetime": {"datetime": "2021-09-21 15:22:47", "elapsed": 7474.925473, "delta": 26.239688}}
{"target": 0.8393151474667044, "params": {"max_depth": 18.792519242742035, "n_estimators": 54.039247853396034}, "datetime": {"datetime": "2021-09-21 15:23:08", "elapsed": 7495.299678, "delta": 20.374205}}
{"target": 0.8363042526918206, "params": {"max_depth": 18.734798419813256, "n_estimators": 76.49960846517689}, "datetime": {"datetime": "2021-09-21 15:23:20", "elapsed": 7507.120852, "delta": 11.821174}}
{"target": 0.8349026410725928, "params": {"max_depth": 22.361830018957185, "n_estimators": 35.97694613374473}, "datetime": {"datetime": "2021-09-21 15:23:45", "elapsed": 7532.983676, "delta": 25.862824}}
{"target": 0.8345853031310012, "params": {"max_depth": 28.227988242727488, "n_estimators": 29.06952744718585}, "datetime": {"datetime": "2021-09-21 15:24:05", "elapsed": 7552.870076, "delta": 19.8864}}
{"target": 0.8416664671257728, "params": {"max_depth": 27.84926335488299, "n_estimators": 25.332530578050047}, "datetime": {"datetime": "2021-09-21 15:24:19", "elapsed": 7566.442781, "delta": 13.572705}}
{"target": 0.8356618232458374, "params": {"max_depth": 19.7772741729121, "n_estimators": 69.09583175568264}, "datetime": {"datetime": "2021-09-21 15:24:37", "elapsed": 7584.512681, "delta": 18.0699}}
{"target": 0.8410986638865767, "params": {"max_depth": 29.315773582962525, "n_estimators": 26.540968748923113}, "datetime": {"datetime": "2021-09-21 15:24:57", "elapsed": 7604.357568, "delta": 19.844887}}
{"target": 0.8389902701339087, "params": {"max_depth": 14.181846963838078, "n_estimators": 72.44829348760672}, "datetime": {"datetime": "2021-09-21 15:25:10", "elapsed": 7617.580241, "delta": 13.222673}}
{"target": 0.8341606670135223, "params": {"max_depth": 20.845612672807793, "n_estimators": 51.35894758911074}, "datetime": {"datetime": "2021-09-21 15:25:24", "elapsed": 7631.763562, "delta": 14.183321}}
{"target": 0.8340811239940499, "params": {"max_depth": 18.41142435548439, "n_estimators": 90.97795138032869}, "datetime": {"datetime": "2021-09-21 15:25:42", "elapsed": 7649.74454, "delta": 17.980978}}
{"target": 0.8369903394888025, "params": {"max_depth": 10.024791457450595, "n_estimators": 19.057386398075195}, "datetime": {"datetime": "2021-09-21 15:25:56", "elapsed": 7663.96512, "delta": 14.22058}}
{"target": 0.8336079448773652, "params": {"max_depth": 8.195130737932423, "n_estimators": 22.278216167033563}, "datetime": {"datetime": "2021-09-21 15:26:11", "elapsed": 7678.435824, "delta": 14.470704}}
{"target": 0.8382257853365055, "params": {"max_depth": 13.165686522619207, "n_estimators": 66.56862942757999}, "datetime": {"datetime": "2021-09-21 15:26:24", "elapsed": 7691.906341, "delta": 13.470517}}
{"target": 0.8394329211700038, "params": {"max_depth": 22.884546934203662, "n_estimators": 23.342453312518334}, "datetime": {"datetime": "2021-09-21 15:26:43", "elapsed": 7710.315702, "delta": 18.409361}}
{"target": 0.8363144481742673, "params": {"max_depth": 23.798121103041517, "n_estimators": 58.27131453053364}, "datetime": {"datetime": "2021-09-21 15:27:11", "elapsed": 7738.810255, "delta": 28.494553}}
{"target": 0.8415640403484941, "params": {"max_depth": 14.593083675255702, "n_estimators": 66.30337099154217}, "datetime": {"datetime": "2021-09-21 15:27:29", "elapsed": 7756.468208, "delta": 17.657953}}
{"target": 0.8364751398295883, "params": {"max_depth": 19.747485006406514, "n_estimators": 60.740804298136915}, "datetime": {"datetime": "2021-09-21 15:28:00", "elapsed": 7787.205409, "delta": 30.737201}}
{"target": 0.8374626406515597, "params": {"max_depth": 20.537363066773835, "n_estimators": 62.87915748384686}, "datetime": {"datetime": "2021-09-21 15:28:19", "elapsed": 7806.619226, "delta": 19.413817}}
{"target": 0.8364672129695124, "params": {"max_depth": 24.729070920817705, "n_estimators": 63.39585208785959}, "datetime": {"datetime": "2021-09-21 15:28:41", "elapsed": 7828.861558, "delta": 22.242332}}
{"target": 0.8343527492463613, "params": {"max_depth": 14.702311964805656, "n_estimators": 38.1507782765356}, "datetime": {"datetime": "2021-09-21 15:29:04", "elapsed": 7851.673837, "delta": 22.812279}}
{"target": 0.8401889232406063, "params": {"max_depth": 22.42446031404301, "n_estimators": 21.527131745850674}, "datetime": {"datetime": "2021-09-21 15:29:18", "elapsed": 7865.697844, "delta": 14.024007}}
{"target": 0.8429548360909482, "params": {"max_depth": 19.548726708813664, "n_estimators": 19.637103665640296}, "datetime": {"datetime": "2021-09-21 15:29:35", "elapsed": 7882.241886, "delta": 16.544042}}
{"target": 0.8343198140439897, "params": {"max_depth": 13.140642911718329, "n_estimators": 87.86187896397561}, "datetime": {"datetime": "2021-09-21 15:29:51", "elapsed": 7898.679728, "delta": 16.437842}}
{"target": 0.8314696218507139, "params": {"max_depth": 20.668990347310295, "n_estimators": 92.10880033905266}, "datetime": {"datetime": "2021-09-21 15:30:25", "elapsed": 7932.947284, "delta": 34.267556}}
{"target": 0.8434172421662551, "params": {"max_depth": 21.397383349914126, "n_estimators": 19.388247022332592}, "datetime": {"datetime": "2021-09-21 15:30:54", "elapsed": 7961.969975, "delta": 29.022691}}
{"target": 0.8366587202047291, "params": {"max_depth": 11.800374877591542, "n_estimators": 68.50462028518722}, "datetime": {"datetime": "2021-09-21 15:31:09", "elapsed": 7976.768208, "delta": 14.798233}}
{"target": 0.8327982165397783, "params": {"max_depth": 22.977368864305078, "n_estimators": 41.59838120557505}, "datetime": {"datetime": "2021-09-21 15:31:25", "elapsed": 7992.113514, "delta": 15.345306}}
{"target": 0.8338672930823747, "params": {"max_depth": 20.227115489850586, "n_estimators": 47.58191709345792}, "datetime": {"datetime": "2021-09-21 15:31:50", "elapsed": 8017.696286, "delta": 25.582772}}
{"target": 0.8438137016274821, "params": {"max_depth": 18.999919869774743, "n_estimators": 19.119626882480087}, "datetime": {"datetime": "2021-09-21 15:32:05", "elapsed": 8032.116209, "delta": 14.419923}}
{"target": 0.8369676842552923, "params": {"max_depth": 24.781875482922548, "n_estimators": 68.45455535074828}, "datetime": {"datetime": "2021-09-21 15:32:26", "elapsed": 8053.302566, "delta": 21.186357}}
{"target": 0.8428161489553376, "params": {"max_depth": 20.36081166053802, "n_estimators": 19.940675986559874}, "datetime": {"datetime": "2021-09-21 15:32:41", "elapsed": 8068.899682, "delta": 15.597116}}
{"target": 0.8415337047276287, "params": {"max_depth": 27.88452000147112, "n_estimators": 20.129584226681438}, "datetime": {"datetime": "2021-09-21 15:32:56", "elapsed": 8083.988463, "delta": 15.088781}}
{"target": 0.8376311457094379, "params": {"max_depth": 28.9900686172242, "n_estimators": 56.09292316721249}, "datetime": {"datetime": "2021-09-21 15:33:11", "elapsed": 8098.508934, "delta": 14.520471}}
{"target": 0.8434172421662551, "params": {"max_depth": 27.505181247346176, "n_estimators": 19.290368617277256}, "datetime": {"datetime": "2021-09-21 15:33:32", "elapsed": 8119.861641, "delta": 21.352707}}
{"target": 0.8416664671257728, "params": {"max_depth": 22.497839225506524, "n_estimators": 25.76677443605582}, "datetime": {"datetime": "2021-09-21 15:33:46", "elapsed": 8133.489349, "delta": 13.627708}}
{"target": 0.8410545907133922, "params": {"max_depth": 24.028542092710527, "n_estimators": 22.090814646499396}, "datetime": {"datetime": "2021-09-21 15:34:07", "elapsed": 8154.340231, "delta": 20.850882}}
{"target": 0.8323381820384412, "params": {"max_depth": 17.349132278604536, "n_estimators": 84.02495435796882}, "datetime": {"datetime": "2021-09-21 15:34:27", "elapsed": 8174.346503, "delta": 20.006272}}
{"target": 0.8374886702762809, "params": {"max_depth": 11.38962843412162, "n_estimators": 67.33935892918939}, "datetime": {"datetime": "2021-09-21 15:34:48", "elapsed": 8195.229154, "delta": 20.882651}}
{"target": 0.8310268299477115, "params": {"max_depth": 13.2461204194208, "n_estimators": 27.904036328267072}, "datetime": {"datetime": "2021-09-21 15:35:11", "elapsed": 8218.945254, "delta": 23.7161}}
{"target": 0.8383753340224582, "params": {"max_depth": 15.155011666112442, "n_estimators": 62.38036287812343}, "datetime": {"datetime": "2021-09-21 15:35:56", "elapsed": 8263.15757, "delta": 44.212316}}
{"target": 0.8368975566769183, "params": {"max_depth": 21.006602897627662, "n_estimators": 59.19014538240629}, "datetime": {"datetime": "2021-09-21 15:36:19", "elapsed": 8286.340525, "delta": 23.182955}}
{"target": 0.8329361522799085, "params": {"max_depth": 26.7380942869593, "n_estimators": 52.65214816298281}, "datetime": {"datetime": "2021-09-21 15:36:50", "elapsed": 8317.286998, "delta": 30.946473}}
{"target": 0.8410986638865767, "params": {"max_depth": 23.87117097074788, "n_estimators": 26.532439876127885}, "datetime": {"datetime": "2021-09-21 15:37:13", "elapsed": 8340.316848, "delta": 23.02985}}
{"target": 0.8349789087596147, "params": {"max_depth": 18.606653330347378, "n_estimators": 43.37208472503185}, "datetime": {"datetime": "2021-09-21 15:37:38", "elapsed": 8365.271596, "delta": 24.954748}}
{"target": 0.8342054482533516, "params": {"max_depth": 27.868104260543504, "n_estimators": 18.95572633611396}, "datetime": {"datetime": "2021-09-21 15:37:54", "elapsed": 8381.771667, "delta": 16.500071}}
{"target": 0.7947632055539597, "params": {"max_depth": 8.59722287926331, "n_estimators": 4.081879718349344}, "datetime": {"datetime": "2021-09-21 15:38:21", "elapsed": 8408.696484, "delta": 26.924817}}
{"target": 0.8302015339111183, "params": {"max_depth": 28.66029870144123, "n_estimators": 17.493976809712375}, "datetime": {"datetime": "2021-09-21 15:38:39", "elapsed": 8426.551614, "delta": 17.85513}}
{"target": 0.8302015339111183, "params": {"max_depth": 27.199394485111405, "n_estimators": 17.005923672017083}, "datetime": {"datetime": "2021-09-21 15:38:54", "elapsed": 8441.118013, "delta": 14.566399}}
{"target": 0.797164914722293, "params": {"max_depth": 16.758808428716108, "n_estimators": 5.226765818547026}, "datetime": {"datetime": "2021-09-21 15:39:26", "elapsed": 8473.931621, "delta": 32.813608}}
{"target": 0.8395922120831986, "params": {"max_depth": 38.34044009405148, "n_estimators": 24.20324493442158}, "datetime": {"datetime": "2021-09-21 15:49:19", "elapsed": 0.0, "delta": 0.0}}
{"target": 0.8415337047276287, "params": {"max_depth": 30.0022874963469, "n_estimators": 20.023325726318397}, "datetime": {"datetime": "2021-09-21 15:49:19", "elapsed": 0.293999, "delta": 0.293999}}
{"target": 0.8302015339111183, "params": {"max_depth": 32.93511781634226, "n_estimators": 17.92338594768798}, "datetime": {"datetime": "2021-09-21 15:49:19", "elapsed": 0.492577, "delta": 0.198578}}
{"target": 0.8415337047276287, "params": {"max_depth": 33.72520422755342, "n_estimators": 20.455607270430477}, "datetime": {"datetime": "2021-09-21 15:49:20", "elapsed": 0.70221, "delta": 0.209633}}
{"target": 0.8410545907133922, "params": {"max_depth": 37.9353494846134, "n_estimators": 22.38816734003357}, "datetime": {"datetime": "2021-09-21 15:49:20", "elapsed": 0.975046, "delta": 0.272836}}
{"target": 0.8394329211700038, "params": {"max_depth": 38.3838902880659, "n_estimators": 23.852195003967594}, "datetime": {"datetime": "2021-09-21 15:49:20", "elapsed": 1.494048, "delta": 0.519002}}
{"target": 0.8416664671257728, "params": {"max_depth": 34.08904499463035, "n_estimators": 25.781174363909454}, "datetime": {"datetime": "2021-09-21 15:49:21", "elapsed": 1.985048, "delta": 0.491}}
{"target": 0.8394329211700038, "params": {"max_depth": 30.547751863958524, "n_estimators": 23.704675101784023}, "datetime": {"datetime": "2021-09-21 15:49:21", "elapsed": 2.504077, "delta": 0.519029}}
{"target": 0.8410545907133922, "params": {"max_depth": 34.86560715597148, "n_estimators": 22.170191903963172}, "datetime": {"datetime": "2021-09-21 15:49:22", "elapsed": 3.086913, "delta": 0.582836}}
{"target": 0.8401889232406063, "params": {"max_depth": 32.536094283547236, "n_estimators": 21.951892467786774}, "datetime": {"datetime": "2021-09-21 15:49:22", "elapsed": 3.550916, "delta": 0.464003}}
{"target": 0.8415337047276287, "params": {"max_depth": 36.490657912300506, "n_estimators": 20.424397453848567}, "datetime": {"datetime": "2021-09-21 15:49:23", "elapsed": 4.192916, "delta": 0.642}}
{"target": 0.8384383158078919, "params": {"max_depth": 36.1444897262317, "n_estimators": 27.0}, "datetime": {"datetime": "2021-09-21 15:49:24", "elapsed": 4.847683, "delta": 0.654767}}
{"target": 0.8415337047276287, "params": {"max_depth": 38.86455342625842, "n_estimators": 20.10666598497097}, "datetime": {"datetime": "2021-09-21 15:49:25", "elapsed": 5.820506, "delta": 0.972823}}
{"target": 0.8384383158078919, "params": {"max_depth": 32.182370618238075, "n_estimators": 27.0}, "datetime": {"datetime": "2021-09-21 15:49:26", "elapsed": 6.706979, "delta": 0.886473}}
{"target": 0.8342054482533516, "params": {"max_depth": 38.025977165105495, "n_estimators": 18.106605328308795}, "datetime": {"datetime": "2021-09-21 15:49:26", "elapsed": 7.32111, "delta": 0.614131}}
