{"target": -2.501900401380921, "params": {"max_depth": 10.021928638366491, "n_estimators": 84.7578409821136}, "datetime": {"datetime": "2021-09-21 10:14:34", "elapsed": 392.033697, "delta": 2.944838}}
{"target": -2.4837018588137005, "params": {"max_depth": 19.790306709387817, "n_estimators": 50.0}, "datetime": {"datetime": "2021-09-21 10:14:36", "elapsed": 394.349018, "delta": 2.315321}}
{"target": -2.4574152542372882, "params": {"max_depth": 28.400892043578406, "n_estimators": 59.92288467610735}, "datetime": {"datetime": "2021-09-21 10:14:40", "elapsed": 398.411636, "delta": 4.062618}}
{"target": -2.453716528162512, "params": {"max_depth": 28.68202791895605, "n_estimators": 57.42752488194783}, "datetime": {"datetime": "2021-09-21 10:14:43", "elapsed": 400.800172, "delta": 2.388536}}
{"target": -2.4946575469075487, "params": {"max_depth": 10.014765331545053, "n_estimators": 71.29563597930596}, "datetime": {"datetime": "2021-09-21 10:14:45", "elapsed": 403.272408, "delta": 2.472236}}
{"target": -2.450696831364125, "params": {"max_depth": 21.138811562972016, "n_estimators": 70.97648948655674}, "datetime": {"datetime": "2021-09-21 10:14:47", "elapsed": 405.633261, "delta": 2.360853}}
{"target": -2.4956115467941884, "params": {"max_depth": 11.862308685061487, "n_estimators": 66.69715085585301}, "datetime": {"datetime": "2021-09-21 10:14:52", "elapsed": 409.832617, "delta": 4.199356}}
{"target": -2.4801998987854255, "params": {"max_depth": 25.9301889351386, "n_estimators": 52.57086639885997}, "datetime": {"datetime": "2021-09-21 10:14:54", "elapsed": 412.3786, "delta": 2.545983}}
{"target": -2.4474198190789473, "params": {"max_depth": 27.75244199840411, "n_estimators": 64.01283845855117}, "datetime": {"datetime": "2021-09-21 10:14:56", "elapsed": 414.729875, "delta": 2.351275}}
{"target": -2.453717627401838, "params": {"max_depth": 21.89669797853831, "n_estimators": 54.82071812388067}, "datetime": {"datetime": "2021-09-21 10:15:00", "elapsed": 418.743315, "delta": 4.01344}}
{"target": -2.4505575779236826, "params": {"max_depth": 17.959520834537557, "n_estimators": 71.65049135500117}, "datetime": {"datetime": "2021-09-21 10:15:03", "elapsed": 421.579769, "delta": 2.836454}}
{"target": -2.449638157894737, "params": {"max_depth": 25.459740110103468, "n_estimators": 60.73617747741151}, "datetime": {"datetime": "2021-09-21 10:15:07", "elapsed": 425.000456, "delta": 3.420687}}
{"target": -2.4838926670609105, "params": {"max_depth": 25.473562668858722, "n_estimators": 89.03469721361998}, "datetime": {"datetime": "2021-09-21 10:15:10", "elapsed": 428.379781, "delta": 3.379325}}
{"target": -2.4558756805807627, "params": {"max_depth": 27.118970827066992, "n_estimators": 58.084748671594}, "datetime": {"datetime": "2021-09-21 10:15:13", "elapsed": 431.654878, "delta": 3.275097}}
{"target": -2.451887871853547, "params": {"max_depth": 24.20104190125452, "n_estimators": 69.57094974754531}, "datetime": {"datetime": "2021-09-21 10:15:17", "elapsed": 435.42946, "delta": 3.774582}}
{"target": -2.452742772424018, "params": {"max_depth": 23.422155369312378, "n_estimators": 71.3052836852215}, "datetime": {"datetime": "2021-09-21 10:15:20", "elapsed": 438.24254, "delta": 2.81308}}
{"target": -2.4452825086706667, "params": {"max_depth": 19.01302605870197, "n_estimators": 66.2737615318482}, "datetime": {"datetime": "2021-09-21 10:15:24", "elapsed": 441.843552, "delta": 3.601012}}
{"target": -2.4475110320443973, "params": {"max_depth": 17.00260826782297, "n_estimators": 70.17329093649457}, "datetime": {"datetime": "2021-09-21 10:15:28", "elapsed": 446.633509, "delta": 4.789957}}
{"target": -2.482791483918129, "params": {"max_depth": 19.434861982216944, "n_estimators": 88.15564507294326}, "datetime": {"datetime": "2021-09-21 10:15:31", "elapsed": 449.763111, "delta": 3.129602}}
{"target": -2.44587082460249, "params": {"max_depth": 21.577142873402856, "n_estimators": 61.82048245142671}, "datetime": {"datetime": "2021-09-21 10:15:35", "elapsed": 452.809577, "delta": 3.046466}}
{"target": -2.4505575779236826, "params": {"max_depth": 17.084645206605686, "n_estimators": 71.16898884283968}, "datetime": {"datetime": "2021-09-21 10:15:38", "elapsed": 456.614565, "delta": 3.804988}}
{"target": -2.4540956263899183, "params": {"max_depth": 27.150266776060285, "n_estimators": 71.49735498149828}, "datetime": {"datetime": "2021-09-21 10:15:41", "elapsed": 459.472694, "delta": 2.858129}}
{"target": -2.4539716914966463, "params": {"max_depth": 17.26727374623655, "n_estimators": 58.80341461583173}, "datetime": {"datetime": "2021-09-21 10:15:44", "elapsed": 462.738663, "delta": 3.265969}}
{"target": -2.4732772653282686, "params": {"max_depth": 25.55995105639827, "n_estimators": 97.97352612610331}, "datetime": {"datetime": "2021-09-21 10:15:48", "elapsed": 466.528834, "delta": 3.790171}}
{"target": -2.4618863375320754, "params": {"max_depth": 15.001872307790663, "n_estimators": 63.123792527076816}, "datetime": {"datetime": "2021-09-21 10:15:51", "elapsed": 468.945251, "delta": 2.416417}}
{"target": -2.4764177813583172, "params": {"max_depth": 18.73726608042646, "n_estimators": 78.66540895359574}, "datetime": {"datetime": "2021-09-21 10:15:54", "elapsed": 472.080754, "delta": 3.135503}}
{"target": -2.4584688995215314, "params": {"max_depth": 29.95831710069204, "n_estimators": 55.86791365450246}, "datetime": {"datetime": "2021-09-21 10:15:57", "elapsed": 475.025731, "delta": 2.944977}}
{"target": -2.445552852085448, "params": {"max_depth": 18.149491448430517, "n_estimators": 66.77127071664604}, "datetime": {"datetime": "2021-09-21 10:16:00", "elapsed": 478.146231, "delta": 3.1205}}
{"target": -2.4756222975019964, "params": {"max_depth": 21.506210487173263, "n_estimators": 91.98935972593911}, "datetime": {"datetime": "2021-09-21 10:16:02", "elapsed": 480.530596, "delta": 2.384365}}
{"target": -2.478121715524059, "params": {"max_depth": 18.39982922076233, "n_estimators": 96.48100623024384}, "datetime": {"datetime": "2021-09-21 10:16:05", "elapsed": 483.589661, "delta": 3.059065}}
{"target": -2.446834034431732, "params": {"max_depth": 14.286335695689445, "n_estimators": 77.61106259095011}, "datetime": {"datetime": "2021-09-21 10:16:08", "elapsed": 486.350911, "delta": 2.76125}}
{"target": -2.4514029639315678, "params": {"max_depth": 21.35163179360926, "n_estimators": 69.97843745319234}, "datetime": {"datetime": "2021-09-21 10:16:12", "elapsed": 490.596717, "delta": 4.245806}}
{"target": -2.45241197603645, "params": {"max_depth": 16.004232825855343, "n_estimators": 67.35637821566914}, "datetime": {"datetime": "2021-09-21 10:16:15", "elapsed": 493.732342, "delta": 3.135625}}
{"target": -2.4457914086687307, "params": {"max_depth": 26.852829263640167, "n_estimators": 68.22736638659849}, "datetime": {"datetime": "2021-09-21 10:16:19", "elapsed": 497.412174, "delta": 3.679832}}
{"target": -2.4474198190789473, "params": {"max_depth": 24.21307086447463, "n_estimators": 64.65578061875587}, "datetime": {"datetime": "2021-09-21 10:16:22", "elapsed": 500.333118, "delta": 2.920944}}
{"target": -2.4500955008488963, "params": {"max_depth": 24.832212120751407, "n_estimators": 62.78646922945592}, "datetime": {"datetime": "2021-09-21 10:16:25", "elapsed": 503.749608, "delta": 3.41649}}
{"target": -2.4558756805807627, "params": {"max_depth": 30.0, "n_estimators": 58.31062795402963}, "datetime": {"datetime": "2021-09-21 10:16:30", "elapsed": 507.929122, "delta": 4.179514}}
{"target": -2.4724852909540935, "params": {"max_depth": 18.604387221045826, "n_estimators": 93.11365972660124}, "datetime": {"datetime": "2021-09-21 10:16:34", "elapsed": 512.743525, "delta": 4.814403}}
{"target": -2.478618421052631, "params": {"max_depth": 28.1818554370778, "n_estimators": 90.29678459070193}, "datetime": {"datetime": "2021-09-21 10:16:39", "elapsed": 516.962044, "delta": 4.218519}}
{"target": -2.440998803827751, "params": {"max_depth": 26.71312239956652, "n_estimators": 66.47158100586228}, "datetime": {"datetime": "2021-09-21 10:16:42", "elapsed": 520.74514, "delta": 3.783096}}
{"target": -2.4537018476359527, "params": {"max_depth": 18.237367625220315, "n_estimators": 62.16492545299884}, "datetime": {"datetime": "2021-09-21 10:16:48", "elapsed": 526.439281, "delta": 5.694141}}
{"target": -2.4616581624848797, "params": {"max_depth": 16.933380867184635, "n_estimators": 63.52815777895954}, "datetime": {"datetime": "2021-09-21 10:16:52", "elapsed": 530.412585, "delta": 3.973304}}
{"target": -2.4499406850459486, "params": {"max_depth": 17.1310555736404, "n_estimators": 60.91221769056499}, "datetime": {"datetime": "2021-09-21 10:16:55", "elapsed": 533.642512, "delta": 3.229927}}
{"target": -2.449826948323189, "params": {"max_depth": 22.80046483914793, "n_estimators": 63.459258358423455}, "datetime": {"datetime": "2021-09-21 10:16:59", "elapsed": 536.845387, "delta": 3.202875}}
{"target": -2.441640602530918, "params": {"max_depth": 20.452235656696207, "n_estimators": 61.817115123085294}, "datetime": {"datetime": "2021-09-21 10:17:01", "elapsed": 539.602156, "delta": 2.756769}}
{"target": -2.451838945881654, "params": {"max_depth": 20.72014719530962, "n_estimators": 59.48804098059793}, "datetime": {"datetime": "2021-09-21 10:17:04", "elapsed": 542.726895, "delta": 3.124739}}
{"target": -2.4496116691293746, "params": {"max_depth": 18.445160104999186, "n_estimators": 68.21002029092354}, "datetime": {"datetime": "2021-09-21 10:17:07", "elapsed": 545.106834, "delta": 2.379939}}
{"target": -2.4474198190789473, "params": {"max_depth": 29.027916380509403, "n_estimators": 64.27442876684754}, "datetime": {"datetime": "2021-09-21 10:17:10", "elapsed": 548.742372, "delta": 3.635538}}
{"target": -2.457958698830409, "params": {"max_depth": 25.66647636285206, "n_estimators": 72.36726536041976}, "datetime": {"datetime": "2021-09-21 10:17:14", "elapsed": 552.458085, "delta": 3.715713}}
{"target": -2.481513970110461, "params": {"max_depth": 23.850975117225502, "n_estimators": 81.9921358380152}, "datetime": {"datetime": "2021-09-21 10:17:17", "elapsed": 555.201645, "delta": 2.74356}}
{"target": -2.4460728744939266, "params": {"max_depth": 30.0, "n_estimators": 65.14356133392708}, "datetime": {"datetime": "2021-09-21 10:17:20", "elapsed": 558.497561, "delta": 3.295916}}
{"target": -2.4542217947666605, "params": {"max_depth": 14.070737125520365, "n_estimators": 84.43023804143937}, "datetime": {"datetime": "2021-09-21 10:17:25", "elapsed": 562.851903, "delta": 4.354342}}
{"target": -2.47683066361556, "params": {"max_depth": 24.77316970053935, "n_estimators": 92.45061269762093}, "datetime": {"datetime": "2021-09-21 10:17:29", "elapsed": 567.559229, "delta": 4.707326}}
{"target": -2.450093984962406, "params": {"max_depth": 21.3074235840526, "n_estimators": 57.23368868119732}, "datetime": {"datetime": "2021-09-21 10:17:33", "elapsed": 571.623617, "delta": 4.064388}}
{"target": -2.4846739885387854, "params": {"max_depth": 15.13595921659354, "n_estimators": 77.71089373645114}, "datetime": {"datetime": "2021-09-21 10:17:38", "elapsed": 576.677193, "delta": 5.053576}}
{"target": -2.4460204851823826, "params": {"max_depth": 14.473142725060823, "n_estimators": 78.7620085829225}, "datetime": {"datetime": "2021-09-21 10:17:43", "elapsed": 581.198782, "delta": 4.521589}}
{"target": -2.4807013316594855, "params": {"max_depth": 13.289693757727001, "n_estimators": 76.43110139192103}, "datetime": {"datetime": "2021-09-21 10:17:46", "elapsed": 584.241413, "delta": 3.042631}}
{"target": -2.4460204851823826, "params": {"max_depth": 14.428830795758705, "n_estimators": 78.39286189374454}, "datetime": {"datetime": "2021-09-21 10:17:49", "elapsed": 587.716608, "delta": 3.475195}}
{"target": -2.465056629989419, "params": {"max_depth": 13.611836095458433, "n_estimators": 70.90087929545847}, "datetime": {"datetime": "2021-09-21 10:17:53", "elapsed": 591.362217, "delta": 3.645609}}
{"target": -2.451887871853547, "params": {"max_depth": 28.191210940311496, "n_estimators": 69.98281174963532}, "datetime": {"datetime": "2021-09-21 10:17:57", "elapsed": 594.962066, "delta": 3.599849}}
{"target": -2.4754132928475037, "params": {"max_depth": 24.835177215922116, "n_estimators": 78.92770046709836}, "datetime": {"datetime": "2021-09-21 10:18:01", "elapsed": 599.398201, "delta": 4.436135}}
{"target": -2.4540956263899183, "params": {"max_depth": 24.753631990331183, "n_estimators": 71.46205175893594}, "datetime": {"datetime": "2021-09-21 10:18:05", "elapsed": 603.348227, "delta": 3.950026}}
{"target": -2.446853443396735, "params": {"max_depth": 14.77962667366224, "n_estimators": 79.7945276996347}, "datetime": {"datetime": "2021-09-21 10:18:09", "elapsed": 607.676486, "delta": 4.328259}}
{"target": -2.477631578947368, "params": {"max_depth": 23.82525924082217, "n_estimators": 50.03945057333594}, "datetime": {"datetime": "2021-09-21 10:18:13", "elapsed": 611.310614, "delta": 3.634128}}
{"target": -2.484747970784223, "params": {"max_depth": 13.368844781352676, "n_estimators": 95.21590727859703}, "datetime": {"datetime": "2021-09-21 10:18:16", "elapsed": 613.986638, "delta": 2.676024}}
{"target": -2.496861146563042, "params": {"max_depth": 10.052522328073772, "n_estimators": 97.05853209733144}, "datetime": {"datetime": "2021-09-21 10:18:20", "elapsed": 617.97241, "delta": 3.985772}}
{"target": -2.4557326481736044, "params": {"max_depth": 16.326622861785857, "n_estimators": 65.76306594662994}, "datetime": {"datetime": "2021-09-21 10:18:24", "elapsed": 622.124899, "delta": 4.152489}}
{"target": -2.449638157894737, "params": {"max_depth": 24.16716190054167, "n_estimators": 60.75673253552697}, "datetime": {"datetime": "2021-09-21 10:18:28", "elapsed": 626.63716, "delta": 4.512261}}
{"target": -2.5142232205697113, "params": {"max_depth": 13.168741089352443, "n_estimators": 51.63817897455959}, "datetime": {"datetime": "2021-09-21 10:18:33", "elapsed": 630.862773, "delta": 4.225613}}
{"target": -2.4737746130719316, "params": {"max_depth": 15.017347165284198, "n_estimators": 93.41751626771135}, "datetime": {"datetime": "2021-09-21 10:18:37", "elapsed": 634.90178, "delta": 4.039007}}
{"target": -2.4455565142364106, "params": {"max_depth": 29.24045780424083, "n_estimators": 61.16847667635738}, "datetime": {"datetime": "2021-09-21 10:18:40", "elapsed": 638.047508, "delta": 3.145728}}
{"target": -2.4447773279352223, "params": {"max_depth": 23.940309734595427, "n_estimators": 65.73376142292018}, "datetime": {"datetime": "2021-09-21 10:18:44", "elapsed": 641.896702, "delta": 3.849194}}
{"target": -2.4460204851823826, "params": {"max_depth": 14.959622804829264, "n_estimators": 78.76657522121477}, "datetime": {"datetime": "2021-09-21 10:18:48", "elapsed": 645.975444, "delta": 4.078742}}
{"target": -2.479368421052631, "params": {"max_depth": 28.049341739529613, "n_estimators": 50.09730220554196}, "datetime": {"datetime": "2021-09-21 10:18:51", "elapsed": 649.661033, "delta": 3.685589}}
{"target": -2.4500955008488963, "params": {"max_depth": 26.3853722136801, "n_estimators": 62.25156051168404}, "datetime": {"datetime": "2021-09-21 10:18:55", "elapsed": 652.895288, "delta": 3.234255}}
{"target": -2.482343876823894, "params": {"max_depth": 16.501270448366142, "n_estimators": 90.09101610577987}, "datetime": {"datetime": "2021-09-21 10:19:01", "elapsed": 658.879505, "delta": 5.984217}}
{"target": -2.4559853286598137, "params": {"max_depth": 19.26065139773442, "n_estimators": 69.85049982920151}, "datetime": {"datetime": "2021-09-21 10:19:06", "elapsed": 664.604858, "delta": 5.725353}}
{"target": -2.440998803827751, "params": {"max_depth": 26.234870035743533, "n_estimators": 66.62594180908471}, "datetime": {"datetime": "2021-09-21 10:19:12", "elapsed": 669.888638, "delta": 5.28378}}
{"target": -2.4605427261335153, "params": {"max_depth": 17.359472996430988, "n_estimators": 75.16535614060392}, "datetime": {"datetime": "2021-09-21 10:19:15", "elapsed": 673.363955, "delta": 3.475317}}
{"target": -2.4558756805807627, "params": {"max_depth": 24.846174159344084, "n_estimators": 58.54975322261117}, "datetime": {"datetime": "2021-09-21 10:19:20", "elapsed": 678.620887, "delta": 5.256932}}
{"target": -2.451174812030075, "params": {"max_depth": 27.015237433271015, "n_estimators": 70.4854881055084}, "datetime": {"datetime": "2021-09-21 10:19:24", "elapsed": 682.015428, "delta": 3.394541}}
{"target": -2.4460728744939266, "params": {"max_depth": 25.505939969443226, "n_estimators": 65.65261830640111}, "datetime": {"datetime": "2021-09-21 10:19:30", "elapsed": 688.102484, "delta": 6.087056}}
{"target": -2.4417657950847267, "params": {"max_depth": 22.057174600238255, "n_estimators": 67.50534494173438}, "datetime": {"datetime": "2021-09-21 10:19:35", "elapsed": 693.125078, "delta": 5.022594}}
{"target": -2.4474198190789473, "params": {"max_depth": 27.257160447844157, "n_estimators": 64.80479426395425}, "datetime": {"datetime": "2021-09-21 10:19:42", "elapsed": 700.107784, "delta": 6.982706}}
{"target": -2.440998803827751, "params": {"max_depth": 28.885933984397077, "n_estimators": 66.01744386728717}, "datetime": {"datetime": "2021-09-21 10:19:47", "elapsed": 705.100105, "delta": 4.992321}}
{"target": -2.4544237749546283, "params": {"max_depth": 23.11488860459938, "n_estimators": 58.26824300868955}, "datetime": {"datetime": "2021-09-21 10:19:51", "elapsed": 709.501171, "delta": 4.401066}}
{"target": -2.4423802042419482, "params": {"max_depth": 24.735183583738774, "n_estimators": 67.43719156129482}, "datetime": {"datetime": "2021-09-21 10:19:54", "elapsed": 712.698917, "delta": 3.197746}}
{"target": -2.4452825086706667, "params": {"max_depth": 19.6993086908139, "n_estimators": 66.18045347368566}, "datetime": {"datetime": "2021-09-21 10:19:58", "elapsed": 716.462419, "delta": 3.763502}}
{"target": -2.4436874657346492, "params": {"max_depth": 20.436914636442708, "n_estimators": 64.65820224512966}, "datetime": {"datetime": "2021-09-21 10:20:02", "elapsed": 720.484993, "delta": 4.022574}}
{"target": -2.449949122192737, "params": {"max_depth": 19.79434835199319, "n_estimators": 68.11193701444846}, "datetime": {"datetime": "2021-09-21 10:20:06", "elapsed": 724.450712, "delta": 3.965719}}
{"target": -2.447472685620301, "params": {"max_depth": 21.05807977860094, "n_estimators": 64.81521144107555}, "datetime": {"datetime": "2021-09-21 10:20:11", "elapsed": 729.322973, "delta": 4.872261}}
{"target": -2.446776609492481, "params": {"max_depth": 22.799571326428417, "n_estimators": 64.72574098536461}, "datetime": {"datetime": "2021-09-21 10:20:15", "elapsed": 732.97368, "delta": 3.650707}}
{"target": -2.4620509535825867, "params": {"max_depth": 17.71397033202383, "n_estimators": 73.79490782437476}, "datetime": {"datetime": "2021-09-21 10:20:19", "elapsed": 737.523575, "delta": 4.549895}}
{"target": -2.4498026315789474, "params": {"max_depth": 23.287754025041313, "n_estimators": 70.15680551131679}, "datetime": {"datetime": "2021-09-21 10:20:25", "elapsed": 743.615007, "delta": 6.091432}}
{"target": -2.4716034676166188, "params": {"max_depth": 15.201324086487904, "n_estimators": 98.9320062877554}, "datetime": {"datetime": "2021-09-21 10:20:31", "elapsed": 749.098353, "delta": 5.483346}}
{"target": -2.4457914086687307, "params": {"max_depth": 29.53316559381574, "n_estimators": 68.26789985462264}, "datetime": {"datetime": "2021-09-21 10:20:35", "elapsed": 753.46854, "delta": 4.370187}}
{"target": -2.47683066361556, "params": {"max_depth": 28.188555346675372, "n_estimators": 92.61974093467191}, "datetime": {"datetime": "2021-09-21 10:20:39", "elapsed": 757.477759, "delta": 4.009219}}
{"target": -2.453716528162512, "params": {"max_depth": 26.2515212250791, "n_estimators": 57.05189050096011}, "datetime": {"datetime": "2021-09-21 10:20:43", "elapsed": 760.918628, "delta": 3.440869}}
{"target": -2.444881671391594, "params": {"max_depth": 22.59478482285793, "n_estimators": 61.68953436196752}, "datetime": {"datetime": "2021-09-21 10:20:47", "elapsed": 765.172261, "delta": 4.253633}}
{"target": -2.4423802042419482, "params": {"max_depth": 25.36012908170487, "n_estimators": 67.93418490644767}, "datetime": {"datetime": "2021-09-21 10:20:52", "elapsed": 769.970383, "delta": 4.798122}}
{"target": -2.4535840144869754, "params": {"max_depth": 18.411268465922316, "n_estimators": 60.96779651881987}, "datetime": {"datetime": "2021-09-21 10:20:57", "elapsed": 775.401049, "delta": 5.430666}}
{"target": -2.4423802042419482, "params": {"max_depth": 29.528186578884597, "n_estimators": 67.37309563684929}, "datetime": {"datetime": "2021-09-21 10:21:01", "elapsed": 779.515894, "delta": 4.114845}}
{"target": -2.4749458204334362, "params": {"max_depth": 25.70053222095298, "n_estimators": 85.36654061863858}, "datetime": {"datetime": "2021-09-21 10:21:07", "elapsed": 785.389514, "delta": 5.87362}}
{"target": -2.4457914086687307, "params": {"max_depth": 28.48923142776875, "n_estimators": 68.02352344218343}, "datetime": {"datetime": "2021-09-21 10:21:12", "elapsed": 790.098562, "delta": 4.709048}}
{"target": -2.441640602530918, "params": {"max_depth": 20.35450951359524, "n_estimators": 61.33177501261088}, "datetime": {"datetime": "2021-09-21 10:21:15", "elapsed": 793.510619, "delta": 3.412057}}
{"target": -2.4450892857142854, "params": {"max_depth": 22.8952933354676, "n_estimators": 68.96019908053732}, "datetime": {"datetime": "2021-09-21 10:21:20", "elapsed": 798.358949, "delta": 4.84833}}
{"target": -2.440998803827751, "params": {"max_depth": 24.751326042440308, "n_estimators": 66.29336070888766}, "datetime": {"datetime": "2021-09-21 10:21:25", "elapsed": 803.410398, "delta": 5.051449}}
{"target": -2.4403750854408752, "params": {"max_depth": 22.870999804410253, "n_estimators": 66.34751535683236}, "datetime": {"datetime": "2021-09-21 10:21:30", "elapsed": 808.034991, "delta": 4.624593}}
{"target": -2.438873887143231, "params": {"max_depth": 20.669094714452196, "n_estimators": 67.74252131935555}, "datetime": {"datetime": "2021-09-21 10:21:34", "elapsed": 812.165367, "delta": 4.130376}}
