{"target": 0.8472688152784879, "params": {"max_depth": 17.251014802363034, "n_estimators": 67.18132294427335}, "datetime": {"datetime": "2021-09-21 15:33:33", "elapsed": 8140.399466, "delta": 29.527629}}
{"target": 0.8472688152784879, "params": {"max_depth": 17.51806335187587, "n_estimators": 67.21098306968504}, "datetime": {"datetime": "2021-09-21 15:34:01", "elapsed": 8167.690659, "delta": 27.291193}}
{"target": 0.8472688152784879, "params": {"max_depth": 17.223428228920188, "n_estimators": 67.2491388867517}, "datetime": {"datetime": "2021-09-21 15:34:19", "elapsed": 8186.14988, "delta": 18.459221}}
{"target": 0.8472688152784879, "params": {"max_depth": 17.138197658342364, "n_estimators": 67.7110098170167}, "datetime": {"datetime": "2021-09-21 15:34:53", "elapsed": 8220.182072, "delta": 34.032192}}
{"target": 0.8472688152784879, "params": {"max_depth": 17.124558012288862, "n_estimators": 67.35059622848539}, "datetime": {"datetime": "2021-09-21 15:35:06", "elapsed": 8233.480069, "delta": 13.297997}}
{"target": 0.8472688152784879, "params": {"max_depth": 17.098129025480176, "n_estimators": 67.60938698239625}, "datetime": {"datetime": "2021-09-21 15:35:24", "elapsed": 8250.949012, "delta": 17.468943}}
{"target": 0.8472688152784879, "params": {"max_depth": 17.501314425129554, "n_estimators": 67.87100575981138}, "datetime": {"datetime": "2021-09-21 15:35:48", "elapsed": 8275.141648, "delta": 24.192636}}
{"target": 0.8472688152784879, "params": {"max_depth": 17.36337932095518, "n_estimators": 67.27439008590436}, "datetime": {"datetime": "2021-09-21 15:36:03", "elapsed": 8289.690897, "delta": 14.549249}}
{"target": 0.8472688152784879, "params": {"max_depth": 17.06022546841185, "n_estimators": 67.28117861612901}, "datetime": {"datetime": "2021-09-21 15:36:34", "elapsed": 8321.222584, "delta": 31.531687}}
{"target": 0.8472688152784879, "params": {"max_depth": 17.366397569889607, "n_estimators": 67.23966650042628}, "datetime": {"datetime": "2021-09-21 15:36:49", "elapsed": 8336.226685, "delta": 15.004101}}
{"target": 0.8472688152784879, "params": {"max_depth": 17.179716261639815, "n_estimators": 67.79549651319876}, "datetime": {"datetime": "2021-09-21 15:37:36", "elapsed": 8383.08295, "delta": 46.856265}}
{"target": 0.8472688152784879, "params": {"max_depth": 17.826447373180844, "n_estimators": 67.56090504806201}, "datetime": {"datetime": "2021-09-21 15:38:20", "elapsed": 8427.419317, "delta": 44.336367}}
{"target": 0.8468931568352174, "params": {"max_depth": 26.24976928882988, "n_estimators": 67.6156787051402}, "datetime": {"datetime": "2021-09-21 15:38:54", "elapsed": 8461.424012, "delta": 34.004695}}
{"target": 0.8373667223846816, "params": {"max_depth": 19.453015430378702, "n_estimators": 51.16810786237943}, "datetime": {"datetime": "2021-09-21 15:39:10", "elapsed": 8477.023324, "delta": 15.599312}}
{"target": 0.8472688152784879, "params": {"max_depth": 17.426524889680103, "n_estimators": 67.26232973082192}, "datetime": {"datetime": "2021-09-21 15:39:24", "elapsed": 8491.111607, "delta": 14.088283}}
{"target": 0.8468931568352174, "params": {"max_depth": 34.17022004702574, "n_estimators": 67.72032449344216}, "datetime": {"datetime": "2021-09-21 16:01:48", "elapsed": 0.0, "delta": 0.0}}
{"target": 0.8468931568352174, "params": {"max_depth": 30.001143748173448, "n_estimators": 67.30233257263184}, "datetime": {"datetime": "2021-09-21 16:01:49", "elapsed": 0.777144, "delta": 0.777144}}
{"target": 0.8468931568352174, "params": {"max_depth": 31.46755890817113, "n_estimators": 67.0923385947688}, "datetime": {"datetime": "2021-09-21 16:01:50", "elapsed": 1.577937, "delta": 0.800793}}
{"target": 0.8468931568352174, "params": {"max_depth": 31.86260211377671, "n_estimators": 67.34556072704305}, "datetime": {"datetime": "2021-09-21 16:01:50", "elapsed": 2.342937, "delta": 0.765}}
{"target": 0.8468931568352174, "params": {"max_depth": 39.998342226079316, "n_estimators": 67.91957081968205}, "datetime": {"datetime": "2021-09-21 16:01:52", "elapsed": 3.393926, "delta": 1.050989}}
{"target": 0.8468931568352174, "params": {"max_depth": 39.9966001204498, "n_estimators": 67.0344931694743}, "datetime": {"datetime": "2021-09-21 16:01:52", "elapsed": 4.274925, "delta": 0.880999}}
{"target": 0.8468931568352174, "params": {"max_depth": 39.99676557620903, "n_estimators": 67.88867364812096}, "datetime": {"datetime": "2021-09-21 16:01:53", "elapsed": 5.223579, "delta": 0.948654}}
{"target": 0.8468931568352174, "params": {"max_depth": 30.00475845078007, "n_estimators": 67.94791850880678}, "datetime": {"datetime": "2021-09-21 16:01:54", "elapsed": 6.180389, "delta": 0.95681}}
{"target": 0.8468931568352174, "params": {"max_depth": 39.99050827173475, "n_estimators": 67.00921931307164}, "datetime": {"datetime": "2021-09-21 16:01:55", "elapsed": 7.087586, "delta": 0.907197}}
{"target": 0.8468931568352174, "params": {"max_depth": 30.001741538628732, "n_estimators": 67.9613384888528}, "datetime": {"datetime": "2021-09-21 16:01:56", "elapsed": 7.985857, "delta": 0.898271}}
{"target": 0.8468931568352174, "params": {"max_depth": 39.99886576227536, "n_estimators": 67.96539521164642}, "datetime": {"datetime": "2021-09-21 16:01:57", "elapsed": 8.835086, "delta": 0.849229}}
{"target": 0.8468931568352174, "params": {"max_depth": 36.098995116563266, "n_estimators": 67.39287569647192}, "datetime": {"datetime": "2021-09-21 16:01:58", "elapsed": 9.570843, "delta": 0.735757}}
{"target": 0.8468931568352174, "params": {"max_depth": 30.00241478093114, "n_estimators": 67.00719997425594}, "datetime": {"datetime": "2021-09-21 16:01:59", "elapsed": 10.468428, "delta": 0.897585}}
{"target": 0.8468931568352174, "params": {"max_depth": 31.484448447831603, "n_estimators": 67.40668368244422}, "datetime": {"datetime": "2021-09-21 16:01:59", "elapsed": 11.251804, "delta": 0.783376}}
{"target": 0.8468931568352174, "params": {"max_depth": 30.66807406341286, "n_estimators": 67.53428686921468}, "datetime": {"datetime": "2021-09-21 16:02:00", "elapsed": 12.004803, "delta": 0.752999}}
{"target": 0.8468931568352174, "params": {"max_depth": 33.39198885155833, "n_estimators": 67.27489393510761}, "datetime": {"datetime": "2021-09-21 16:02:01", "elapsed": 12.726143, "delta": 0.72134}}
{"target": 0.8468931568352174, "params": {"max_depth": 39.99255672110376, "n_estimators": 67.96610167131433}, "datetime": {"datetime": "2021-09-21 16:02:02", "elapsed": 13.566493, "delta": 0.84035}}
{"target": 0.8468931568352174, "params": {"max_depth": 39.99502618271734, "n_estimators": 67.01075667052099}, "datetime": {"datetime": "2021-09-21 16:02:03", "elapsed": 14.484142, "delta": 0.917649}}
{"target": 0.8468931568352174, "params": {"max_depth": 31.68076419966377, "n_estimators": 67.6841042614089}, "datetime": {"datetime": "2021-09-21 16:02:03", "elapsed": 15.216367, "delta": 0.732225}}
{"target": 0.8468931568352174, "params": {"max_depth": 37.17006178814817, "n_estimators": 67.3998976743912}, "datetime": {"datetime": "2021-09-21 16:02:04", "elapsed": 16.119752, "delta": 0.903385}}
{"target": 0.8468931568352174, "params": {"max_depth": 30.797364361151114, "n_estimators": 67.62715892768415}, "datetime": {"datetime": "2021-09-21 16:02:05", "elapsed": 16.888755, "delta": 0.769003}}
{"target": 0.8468931568352174, "params": {"max_depth": 30.109905942755713, "n_estimators": 67.37487915640045}, "datetime": {"datetime": "2021-09-21 16:02:06", "elapsed": 17.665277, "delta": 0.776522}}
{"target": 0.8468931568352174, "params": {"max_depth": 32.19483609321144, "n_estimators": 67.83282623970476}, "datetime": {"datetime": "2021-09-21 16:02:07", "elapsed": 18.451278, "delta": 0.786001}}
{"target": 0.8468931568352174, "params": {"max_depth": 35.10344930270747, "n_estimators": 67.77855027956171}, "datetime": {"datetime": "2021-09-21 16:02:07", "elapsed": 19.215277, "delta": 0.763999}}
{"target": 0.8468931568352174, "params": {"max_depth": 39.99780922305676, "n_estimators": 67.0664106494314}, "datetime": {"datetime": "2021-09-21 16:02:08", "elapsed": 20.120189, "delta": 0.904912}}
{"target": 0.8468931568352174, "params": {"max_depth": 39.99778233528463, "n_estimators": 67.9783017662875}, "datetime": {"datetime": "2021-09-21 16:02:09", "elapsed": 21.068015, "delta": 0.947826}}
{"target": 0.8468931568352174, "params": {"max_depth": 30.10342983540423, "n_estimators": 67.36498692654826}, "datetime": {"datetime": "2021-09-21 16:02:10", "elapsed": 21.821399, "delta": 0.753384}}
{"target": 0.8468931568352174, "params": {"max_depth": 34.614424982570675, "n_estimators": 67.48797989501064}, "datetime": {"datetime": "2021-09-21 16:02:11", "elapsed": 22.499491, "delta": 0.678092}}
{"target": 0.8468931568352174, "params": {"max_depth": 34.94428815808167, "n_estimators": 67.09126302561266}, "datetime": {"datetime": "2021-09-21 16:02:11", "elapsed": 22.993632, "delta": 0.494141}}
{"target": 0.8468931568352174, "params": {"max_depth": 33.14338230673396, "n_estimators": 67.21445103161093}, "datetime": {"datetime": "2021-09-21 16:02:12", "elapsed": 23.524473, "delta": 0.530841}}
{"target": 0.8468931568352174, "params": {"max_depth": 38.803384686945215, "n_estimators": 67.13211441372088}, "datetime": {"datetime": "2021-09-21 16:02:12", "elapsed": 24.02748, "delta": 0.503007}}
{"target": 0.8468931568352174, "params": {"max_depth": 30.23193820666232, "n_estimators": 67.02761545469369}, "datetime": {"datetime": "2021-09-21 16:02:13", "elapsed": 24.554661, "delta": 0.527181}}
{"target": 0.8468931568352174, "params": {"max_depth": 39.99416840154928, "n_estimators": 67.98858545465828}, "datetime": {"datetime": "2021-09-21 16:02:13", "elapsed": 25.165001, "delta": 0.61034}}
{"target": 0.8468931568352174, "params": {"max_depth": 39.99722514148684, "n_estimators": 67.0164411740914}, "datetime": {"datetime": "2021-09-21 16:02:14", "elapsed": 25.769636, "delta": 0.604635}}
{"target": 0.8468931568352174, "params": {"max_depth": 39.99443937122547, "n_estimators": 67.10188431789256}, "datetime": {"datetime": "2021-09-21 16:02:15", "elapsed": 26.369857, "delta": 0.600221}}
{"target": 0.8468931568352174, "params": {"max_depth": 32.22403158580161, "n_estimators": 67.88134891065216}, "datetime": {"datetime": "2021-09-21 16:02:15", "elapsed": 26.879817, "delta": 0.50996}}
{"target": 0.8468931568352174, "params": {"max_depth": 30.849538741944603, "n_estimators": 67.64774929911096}, "datetime": {"datetime": "2021-09-21 16:02:16", "elapsed": 27.413823, "delta": 0.534006}}
{"target": 0.8468931568352174, "params": {"max_depth": 38.952269912969115, "n_estimators": 67.4703881770821}, "datetime": {"datetime": "2021-09-21 16:02:16", "elapsed": 27.93578, "delta": 0.521957}}
{"target": 0.8468931568352174, "params": {"max_depth": 34.321706145874636, "n_estimators": 67.86548146345756}, "datetime": {"datetime": "2021-09-21 16:02:17", "elapsed": 28.451823, "delta": 0.516043}}
{"target": 0.8468931568352174, "params": {"max_depth": 30.27902030544437, "n_estimators": 67.138205077201}, "datetime": {"datetime": "2021-09-21 16:02:17", "elapsed": 28.982134, "delta": 0.530311}}
{"target": 0.8468931568352174, "params": {"max_depth": 39.991181101415684, "n_estimators": 67.98855532375545}, "datetime": {"datetime": "2021-09-21 16:02:18", "elapsed": 29.582386, "delta": 0.600252}}
{"target": 0.8468931568352174, "params": {"max_depth": 38.82327830332195, "n_estimators": 67.84027022706589}, "datetime": {"datetime": "2021-09-21 16:02:18", "elapsed": 30.184401, "delta": 0.602015}}
{"target": 0.8468931568352174, "params": {"max_depth": 36.11198393968505, "n_estimators": 67.80901638609534}, "datetime": {"datetime": "2021-09-21 16:02:19", "elapsed": 30.709351, "delta": 0.52495}}
{"target": 0.8468931568352174, "params": {"max_depth": 30.626327531960598, "n_estimators": 67.52740641106979}, "datetime": {"datetime": "2021-09-21 16:02:19", "elapsed": 31.263993, "delta": 0.554642}}
{"target": 0.8382331187456705, "params": {"max_depth": 13.093638136374645, "n_estimators": 172.03244934421582}, "datetime": {"datetime": "2021-09-21 16:04:59", "elapsed": 0.0, "delta": 0.0}}
{"target": 0.5463405792364404, "params": {"max_depth": 1.0033168697030017, "n_estimators": 130.233257263184}, "datetime": {"datetime": "2021-09-21 16:04:59", "elapsed": 0.386255, "delta": 0.386255}}
{"target": 0.8202108052296114, "params": {"max_depth": 5.255920833696278, "n_estimators": 109.23385947687979}, "datetime": {"datetime": "2021-09-21 16:05:00", "elapsed": 0.948101, "delta": 0.561846}}
{"target": 0.8278372444798687, "params": {"max_depth": 6.4015461299524565, "n_estimators": 134.55607270430477}, "datetime": {"datetime": "2021-09-21 16:05:01", "elapsed": 1.662323, "delta": 0.714222}}
{"target": 0.8389328624613794, "params": {"max_depth": 12.94644662089336, "n_estimators": 171.8754040551417}, "datetime": {"datetime": "2021-09-21 16:05:02", "elapsed": 2.862426, "delta": 1.200103}}
{"target": 0.8393658757455279, "params": {"max_depth": 11.283679964138422, "n_estimators": 138.46670804573606}, "datetime": {"datetime": "2021-09-21 16:05:03", "elapsed": 4.186697, "delta": 1.324271}}
{"target": 0.8425291886380339, "params": {"max_depth": 14.123278902817843, "n_estimators": 131.56653409080303}, "datetime": {"datetime": "2021-09-21 16:05:05", "elapsed": 5.886105, "delta": 1.699408}}
{"target": 0.8413532120095794, "params": {"max_depth": 21.047072593154702, "n_estimators": 136.76931248833634}, "datetime": {"datetime": "2021-09-21 16:05:07", "elapsed": 7.7025, "delta": 1.816395}}
{"target": 0.8424493386700851, "params": {"max_depth": 22.705619990048366, "n_estimators": 128.24313445303034}, "datetime": {"datetime": "2021-09-21 16:05:08", "elapsed": 9.345995, "delta": 1.643495}}
{"target": 0.8418548819718233, "params": {"max_depth": 29.68826354648259, "n_estimators": 133.76467018404912}, "datetime": {"datetime": "2021-09-21 16:05:10", "elapsed": 11.109241, "delta": 1.763246}}
{"target": 0.8405380285001347, "params": {"max_depth": 28.08367603645709, "n_estimators": 143.07721854003984}, "datetime": {"datetime": "2021-09-21 16:05:12", "elapsed": 13.188679, "delta": 2.079438}}
{"target": 0.8404406678410157, "params": {"max_depth": 19.477279618897498, "n_estimators": 146.3910076757195}, "datetime": {"datetime": "2021-09-21 16:05:14", "elapsed": 15.28185, "delta": 2.093171}}
{"target": 0.8393527725453572, "params": {"max_depth": 26.54247469904886, "n_estimators": 152.40990665737536}, "datetime": {"datetime": "2021-09-21 16:05:16", "elapsed": 17.318262, "delta": 2.036412}}
{"target": 0.8393109656461, "params": {"max_depth": 17.465799653196424, "n_estimators": 155.79293127224412}, "datetime": {"datetime": "2021-09-21 16:05:19", "elapsed": 19.580259, "delta": 2.261997}}
{"target": 0.838999142667866, "params": {"max_depth": 18.706110185349193, "n_estimators": 164.81958175643948}, "datetime": {"datetime": "2021-09-21 16:05:21", "elapsed": 21.587281, "delta": 2.007022}}
{"target": 0.8379838406448072, "params": {"max_depth": 9.93514725996803, "n_estimators": 161.99009588514684}, "datetime": {"datetime": "2021-09-21 16:05:23", "elapsed": 23.73226, "delta": 2.144979}}
{"target": 0.8382092639721022, "params": {"max_depth": 9.99028537413513, "n_estimators": 149.7958022634285}, "datetime": {"datetime": "2021-09-21 16:05:25", "elapsed": 25.527943, "delta": 1.795683}}
{"target": 0.8429237562930084, "params": {"max_depth": 30.0, "n_estimators": 123.93564781823308}, "datetime": {"datetime": "2021-09-21 16:05:27", "elapsed": 27.546172, "delta": 2.018229}}
{"target": 0.8421856266255437, "params": {"max_depth": 22.490237445008013, "n_estimators": 119.07218421854849}, "datetime": {"datetime": "2021-09-21 16:05:28", "elapsed": 29.325449, "delta": 1.779277}}
{"target": 0.8433193485623882, "params": {"max_depth": 30.0, "n_estimators": 114.70942127858179}, "datetime": {"datetime": "2021-09-21 16:05:30", "elapsed": 30.880043, "delta": 1.554594}}
{"target": 0.8438503613174637, "params": {"max_depth": 22.67024860660781, "n_estimators": 109.78107148073529}, "datetime": {"datetime": "2021-09-21 16:05:31", "elapsed": 32.443584, "delta": 1.563541}}
{"target": 0.8431288237363781, "params": {"max_depth": 29.793136436972148, "n_estimators": 105.84956840217156}, "datetime": {"datetime": "2021-09-21 16:05:33", "elapsed": 33.892355, "delta": 1.448771}}
{"target": 0.8440960650996931, "params": {"max_depth": 22.390973023936443, "n_estimators": 100.75867054198598}, "datetime": {"datetime": "2021-09-21 16:05:35", "elapsed": 35.585356, "delta": 1.693001}}
{"target": 0.7667048385833489, "params": {"max_depth": 3.37833314725022, "n_estimators": 169.1991799210181}, "datetime": {"datetime": "2021-09-21 16:05:36", "elapsed": 36.889183, "delta": 1.303827}}
{"target": 0.842038666596728, "params": {"max_depth": 15.637725508381665, "n_estimators": 105.06194400686442}, "datetime": {"datetime": "2021-09-21 16:05:38", "elapsed": 38.508005, "delta": 1.618822}}
{"target": 0.8425090002348381, "params": {"max_depth": 15.43765249198136, "n_estimators": 114.12886843441616}, "datetime": {"datetime": "2021-09-21 16:05:39", "elapsed": 40.084388, "delta": 1.576383}}
{"target": 0.8422128632392994, "params": {"max_depth": 15.74133962559597, "n_estimators": 122.84359077366736}, "datetime": {"datetime": "2021-09-21 16:05:41", "elapsed": 42.035374, "delta": 1.950986}}
{"target": 0.8395342490167124, "params": {"max_depth": 27.670380054806426, "n_estimators": 161.6761019101846}, "datetime": {"datetime": "2021-09-21 16:05:44", "elapsed": 44.791164, "delta": 2.75579}}
{"target": 0.8386630138577901, "params": {"max_depth": 26.855171428801665, "n_estimators": 171.2591048009575}, "datetime": {"datetime": "2021-09-21 16:05:46", "elapsed": 47.186603, "delta": 2.395439}}
{"target": 0.8394088330129068, "params": {"max_depth": 29.802952413370242, "n_estimators": 180.1532542715805}, "datetime": {"datetime": "2021-09-21 16:05:49", "elapsed": 49.60716, "delta": 2.420557}}
{"target": 0.8392440786020108, "params": {"max_depth": 21.539166456229548, "n_estimators": 183.2214538956676}, "datetime": {"datetime": "2021-09-21 16:05:51", "elapsed": 51.677935, "delta": 2.070775}}
{"target": 0.8398303058818927, "params": {"max_depth": 28.35904471404924, "n_estimators": 189.2784710798313}, "datetime": {"datetime": "2021-09-21 16:05:53", "elapsed": 53.819317, "delta": 2.141382}}
{"target": 0.8411795460590814, "params": {"max_depth": 19.836778473688277, "n_estimators": 192.2890927515274}, "datetime": {"datetime": "2021-09-21 16:05:55", "elapsed": 56.230501, "delta": 2.411184}}
{"target": 0.8411931217522444, "params": {"max_depth": 26.053746311530016, "n_estimators": 198.42179142231515}, "datetime": {"datetime": "2021-09-21 16:05:58", "elapsed": 58.602072, "delta": 2.371571}}
{"target": 0.8414315895043457, "params": {"max_depth": 17.23159582505015, "n_estimators": 200.0}, "datetime": {"datetime": "2021-09-21 16:06:00", "elapsed": 61.096251, "delta": 2.494179}}
{"target": 0.8406324401834594, "params": {"max_depth": 11.110093606751072, "n_estimators": 193.6758054657455}, "datetime": {"datetime": "2021-09-21 16:06:02", "elapsed": 63.412679, "delta": 2.316428}}
{"target": 0.8393301584973546, "params": {"max_depth": 12.973257969610243, "n_estimators": 185.63462331064198}, "datetime": {"datetime": "2021-09-21 16:06:05", "elapsed": 65.59592, "delta": 2.183241}}
{"target": 0.7683589881064032, "params": {"max_depth": 3.5367338046160786, "n_estimators": 189.09506699263545}, "datetime": {"datetime": "2021-09-21 16:06:06", "elapsed": 66.993881, "delta": 1.397961}}
{"target": 0.802560353397092, "params": {"max_depth": 4.6170648801030865, "n_estimators": 143.70370436824004}, "datetime": {"datetime": "2021-09-21 16:06:08", "elapsed": 68.635006, "delta": 1.641125}}
{"target": 0.8011417845386516, "params": {"max_depth": 4.403177511760513, "n_estimators": 155.70277923945764}, "datetime": {"datetime": "2021-09-21 16:06:09", "elapsed": 70.054984, "delta": 1.419978}}
{"target": 0.8401188878278563, "params": {"max_depth": 9.940987738177213, "n_estimators": 100.0}, "datetime": {"datetime": "2021-09-21 16:06:10", "elapsed": 71.420728, "delta": 1.365744}}
{"target": 0.8396112165542259, "params": {"max_depth": 9.037832446720351, "n_estimators": 199.88484654889768}, "datetime": {"datetime": "2021-09-21 16:06:13", "elapsed": 73.81855, "delta": 2.397822}}
{"target": 0.5482080832240168, "params": {"max_depth": 1.2283132623244786, "n_estimators": 100.19776083132109}, "datetime": {"datetime": "2021-09-21 16:06:14", "elapsed": 74.524179, "delta": 0.705629}}
{"target": 0.8375295960575093, "params": {"max_depth": 8.225621096707158, "n_estimators": 116.6780417357598}, "datetime": {"datetime": "2021-09-21 16:06:15", "elapsed": 75.92764, "delta": 1.403461}}
{"target": 0.5509064442044399, "params": {"max_depth": 1.1255585207901273, "n_estimators": 199.54654474066587}, "datetime": {"datetime": "2021-09-21 16:06:16", "elapsed": 77.410168, "delta": 1.482528}}
{"target": 0.8337994875947817, "params": {"max_depth": 7.619197141999605, "n_estimators": 179.17306706978738}, "datetime": {"datetime": "2021-09-21 16:06:19", "elapsed": 79.66029, "delta": 2.250122}}
{"target": 0.8388823288039058, "params": {"max_depth": 21.406004007090143, "n_estimators": 175.8724241583751}, "datetime": {"datetime": "2021-09-21 16:06:21", "elapsed": 81.936726, "delta": 2.276436}}
{"target": 0.8440960650996931, "params": {"max_depth": 29.55140643839315, "n_estimators": 100.05080197749629}, "datetime": {"datetime": "2021-09-21 16:06:22", "elapsed": 83.090682, "delta": 1.153956}}
{"target": 0.8430787660248199, "params": {"max_depth": 15.792018183417984, "n_estimators": 100.0228175473998}, "datetime": {"datetime": "2021-09-21 16:06:23", "elapsed": 84.332671, "delta": 1.241989}}
{"target": 0.5449244420889726, "params": {"max_depth": 1.0, "n_estimators": 179.9051500428453}, "datetime": {"datetime": "2021-09-21 16:06:24", "elapsed": 85.00555, "delta": 0.672879}}
{"target": 0.8385775262743292, "params": {"max_depth": 13.526172334402661, "n_estimators": 179.41568142789342}, "datetime": {"datetime": "2021-09-21 16:06:25", "elapsed": 86.440552, "delta": 1.435002}}
