{"target": 0.8404287069096361, "params": {"max_depth": 14.554075255062104, "n_estimators": 169.56307101901143}, "datetime": {"datetime": "2021-09-21 16:14:26", "elapsed": 567.016696, "delta": 3.327993}}
{"target": 0.8389729835141848, "params": {"max_depth": 23.631207790572816, "n_estimators": 185.38724250606947}, "datetime": {"datetime": "2021-09-21 16:14:28", "elapsed": 569.368122, "delta": 2.351426}}
{"target": 0.8425205633253792, "params": {"max_depth": 15.897384124906555, "n_estimators": 110.18177981842199}, "datetime": {"datetime": "2021-09-21 16:14:31", "elapsed": 571.958021, "delta": 2.589899}}
{"target": 0.8394006273824648, "params": {"max_depth": 24.615435972034014, "n_estimators": 181.94312432857885}, "datetime": {"datetime": "2021-09-21 16:14:34", "elapsed": 574.656044, "delta": 2.698023}}
{"target": 0.8402538379705664, "params": {"max_depth": 11.932088181125017, "n_estimators": 131.02349052016234}, "datetime": {"datetime": "2021-09-21 16:14:36", "elapsed": 577.444027, "delta": 2.787983}}
{"target": 0.8433212167973936, "params": {"max_depth": 19.891695693721346, "n_estimators": 109.57247416828056}, "datetime": {"datetime": "2021-09-21 16:14:39", "elapsed": 579.548763, "delta": 2.104736}}
{"target": 0.8391999475649308, "params": {"max_depth": 18.814768363869486, "n_estimators": 176.94241221720992}, "datetime": {"datetime": "2021-09-21 16:14:41", "elapsed": 581.876709, "delta": 2.327946}}
{"target": 0.8396892869009168, "params": {"max_depth": 9.379028553240204, "n_estimators": 115.52046396329314}, "datetime": {"datetime": "2021-09-21 16:14:43", "elapsed": 583.740905, "delta": 1.864196}}
{"target": 0.84313353840202, "params": {"max_depth": 30.0, "n_estimators": 112.58567189037726}, "datetime": {"datetime": "2021-09-21 16:14:46", "elapsed": 586.570722, "delta": 2.829817}}
{"target": 0.8409949317577617, "params": {"max_depth": 10.482081853784852, "n_estimators": 112.09006725291823}, "datetime": {"datetime": "2021-09-21 16:14:48", "elapsed": 589.141933, "delta": 2.571211}}
{"target": 0.8420014455773414, "params": {"max_depth": 12.982552169107555, "n_estimators": 115.46552561184932}, "datetime": {"datetime": "2021-09-21 16:14:51", "elapsed": 591.67963, "delta": 2.537697}}
{"target": 0.8390952893996035, "params": {"max_depth": 23.991277396397667, "n_estimators": 153.48200289320164}, "datetime": {"datetime": "2021-09-21 16:14:54", "elapsed": 594.890477, "delta": 3.210847}}
{"target": 0.8438503613174637, "params": {"max_depth": 25.136375753061834, "n_estimators": 109.56460831116688}, "datetime": {"datetime": "2021-09-21 16:14:57", "elapsed": 597.848124, "delta": 2.957647}}
{"target": 0.8425385539988305, "params": {"max_depth": 15.337607268573198, "n_estimators": 102.19144610904297}, "datetime": {"datetime": "2021-09-21 16:15:00", "elapsed": 601.000644, "delta": 3.15252}}
{"target": 0.8393695772423756, "params": {"max_depth": 15.9924370959607, "n_estimators": 185.6318500123429}, "datetime": {"datetime": "2021-09-21 16:15:05", "elapsed": 606.030124, "delta": 5.02948}}
{"target": 0.8416323106529999, "params": {"max_depth": 15.18431005745021, "n_estimators": 199.9695900817894}, "datetime": {"datetime": "2021-09-21 16:15:11", "elapsed": 612.142232, "delta": 6.112108}}
{"target": 0.8433010091735819, "params": {"max_depth": 20.605214018268082, "n_estimators": 120.47431246896224}, "datetime": {"datetime": "2021-09-21 16:15:16", "elapsed": 616.720653, "delta": 4.578421}}
{"target": 0.8417788830707047, "params": {"max_depth": 18.12740587907227, "n_estimators": 194.1667392002445}, "datetime": {"datetime": "2021-09-21 16:15:20", "elapsed": 620.73733, "delta": 4.016677}}
{"target": 0.8440960650996931, "params": {"max_depth": 24.053012927559976, "n_estimators": 100.03961182082722}, "datetime": {"datetime": "2021-09-21 16:15:23", "elapsed": 624.198556, "delta": 3.461226}}
{"target": 0.8409723210548442, "params": {"max_depth": 28.288713872633963, "n_estimators": 139.47295328582445}, "datetime": {"datetime": "2021-09-21 16:15:28", "elapsed": 628.722324, "delta": 4.523768}}
{"target": 0.8430254558238417, "params": {"max_depth": 29.959084743262153, "n_estimators": 117.15673946073343}, "datetime": {"datetime": "2021-09-21 16:15:31", "elapsed": 632.306772, "delta": 3.584448}}
{"target": 0.8416314984510955, "params": {"max_depth": 25.34059836705053, "n_estimators": 195.79509433497574}, "datetime": {"datetime": "2021-09-21 16:15:36", "elapsed": 636.652404, "delta": 4.345632}}
{"target": 0.8394019966934336, "params": {"max_depth": 28.197140356917124, "n_estimators": 173.54345818732665}, "datetime": {"datetime": "2021-09-21 16:15:40", "elapsed": 640.764845, "delta": 4.112441}}
{"target": 0.8437282688319413, "params": {"max_depth": 17.7707527000572, "n_estimators": 104.45807371497547}, "datetime": {"datetime": "2021-09-21 16:15:43", "elapsed": 643.678154, "delta": 2.913309}}
{"target": 0.8419898175935749, "params": {"max_depth": 12.512761909918094, "n_estimators": 125.51802758590024}, "datetime": {"datetime": "2021-09-21 16:15:47", "elapsed": 647.673738, "delta": 3.995584}}
{"target": 0.8359838859382713, "params": {"max_depth": 8.38186634972805, "n_estimators": 177.36972666370303}, "datetime": {"datetime": "2021-09-21 16:15:51", "elapsed": 652.313275, "delta": 4.639537}}
{"target": 0.842363026541304, "params": {"max_depth": 14.276159810599484, "n_estimators": 133.5807168352925}, "datetime": {"datetime": "2021-09-21 16:15:55", "elapsed": 655.896983, "delta": 3.583708}}
{"target": 0.8433160062010642, "params": {"max_depth": 25.610672706353213, "n_estimators": 125.63173242032612}, "datetime": {"datetime": "2021-09-21 16:16:00", "elapsed": 660.788027, "delta": 4.891044}}
{"target": 0.8420052910174568, "params": {"max_depth": 12.023801333419645, "n_estimators": 103.95754440655965}, "datetime": {"datetime": "2021-09-21 16:16:03", "elapsed": 663.59859, "delta": 2.810563}}
{"target": 0.8421817749071081, "params": {"max_depth": 15.72523348628909, "n_estimators": 107.66137384352083}, "datetime": {"datetime": "2021-09-21 16:16:06", "elapsed": 666.69724, "delta": 3.09865}}
{"target": 0.8389049211946632, "params": {"max_depth": 28.122794429400415, "n_estimators": 154.90787900624778}, "datetime": {"datetime": "2021-09-21 16:16:10", "elapsed": 671.092457, "delta": 4.395217}}
{"target": 0.8436620368664358, "params": {"max_depth": 26.149198739726014, "n_estimators": 115.98414719562437}, "datetime": {"datetime": "2021-09-21 16:16:14", "elapsed": 674.953283, "delta": 3.860826}}
{"target": 0.8440960650996931, "params": {"max_depth": 21.015514306093213, "n_estimators": 100.05212916262994}, "datetime": {"datetime": "2021-09-21 16:16:18", "elapsed": 678.957461, "delta": 4.004178}}
{"target": 0.8430376188391282, "params": {"max_depth": 28.133347367863873, "n_estimators": 107.69123034419312}, "datetime": {"datetime": "2021-09-21 16:16:21", "elapsed": 682.260053, "delta": 3.302592}}
{"target": 0.841610213011464, "params": {"max_depth": 13.723787575047023, "n_estimators": 193.4498184063737}, "datetime": {"datetime": "2021-09-21 16:16:26", "elapsed": 687.106282, "delta": 4.846229}}
{"target": 0.8437442711373366, "params": {"max_depth": 30.0, "n_estimators": 101.27679083704382}, "datetime": {"datetime": "2021-09-21 16:16:30", "elapsed": 691.325799, "delta": 4.219517}}
{"target": 0.843418337382208, "params": {"max_depth": 16.25223663268393, "n_estimators": 126.00440736168001}, "datetime": {"datetime": "2021-09-21 16:16:34", "elapsed": 695.007697, "delta": 3.681898}}
{"target": 0.8392116684594806, "params": {"max_depth": 18.97457622391561, "n_estimators": 184.04124191993978}, "datetime": {"datetime": "2021-09-21 16:16:38", "elapsed": 698.975307, "delta": 3.96761}}
{"target": 0.8422118431169103, "params": {"max_depth": 15.467518814720181, "n_estimators": 129.41795612810853}, "datetime": {"datetime": "2021-09-21 16:16:42", "elapsed": 702.561081, "delta": 3.585774}}
{"target": 0.8418548819718233, "params": {"max_depth": 27.380965377188442, "n_estimators": 133.11058025365898}, "datetime": {"datetime": "2021-09-21 16:16:46", "elapsed": 706.599575, "delta": 4.038494}}
{"target": 0.841633131555444, "params": {"max_depth": 19.046879061399473, "n_estimators": 134.47501901691766}, "datetime": {"datetime": "2021-09-21 16:16:49", "elapsed": 710.1844, "delta": 3.584825}}
{"target": 0.8396363691754929, "params": {"max_depth": 29.910090963553998, "n_estimators": 182.6253887022212}, "datetime": {"datetime": "2021-09-21 16:16:54", "elapsed": 715.222072, "delta": 5.037672}}
{"target": 0.8429237562930084, "params": {"max_depth": 22.471760995647422, "n_estimators": 123.93152357487959}, "datetime": {"datetime": "2021-09-21 16:16:58", "elapsed": 719.232375, "delta": 4.010303}}
{"target": 0.8421856266255437, "params": {"max_depth": 27.90140740207082, "n_estimators": 119.9355788242679}, "datetime": {"datetime": "2021-09-21 16:17:02", "elapsed": 722.544765, "delta": 3.31239}}
{"target": 0.839465944753938, "params": {"max_depth": 12.40541828291393, "n_estimators": 176.15349193255452}, "datetime": {"datetime": "2021-09-21 16:17:05", "elapsed": 726.189552, "delta": 3.644787}}
{"target": 0.8433843340710347, "params": {"max_depth": 26.469100309146732, "n_estimators": 103.58919710124806}, "datetime": {"datetime": "2021-09-21 16:17:10", "elapsed": 730.830977, "delta": 4.641425}}
{"target": 0.843842505415475, "params": {"max_depth": 17.843478532416565, "n_estimators": 114.4176194134852}, "datetime": {"datetime": "2021-09-21 16:17:14", "elapsed": 734.65201, "delta": 3.821033}}
{"target": 0.8427365869510568, "params": {"max_depth": 18.759809472647422, "n_estimators": 111.23106369702768}, "datetime": {"datetime": "2021-09-21 16:17:17", "elapsed": 737.915542, "delta": 3.263532}}
{"target": 0.8411234324601111, "params": {"max_depth": 10.49254674687574, "n_estimators": 123.6088513570367}, "datetime": {"datetime": "2021-09-21 16:17:21", "elapsed": 741.785641, "delta": 3.870099}}
{"target": 0.8432893426540691, "params": {"max_depth": 22.693735603422873, "n_estimators": 111.41460488051572}, "datetime": {"datetime": "2021-09-21 16:17:25", "elapsed": 745.825783, "delta": 4.040142}}
{"target": 0.840628946523215, "params": {"max_depth": 11.153869476237459, "n_estimators": 100.0}, "datetime": {"datetime": "2021-09-21 16:17:29", "elapsed": 749.543405, "delta": 3.717622}}
{"target": 0.844014554633944, "params": {"max_depth": 14.32647792307296, "n_estimators": 100.24185351148596}, "datetime": {"datetime": "2021-09-21 16:17:32", "elapsed": 753.479958, "delta": 3.936553}}
{"target": 0.8378862825785693, "params": {"max_depth": 11.67910190799179, "n_estimators": 150.1482526098456}, "datetime": {"datetime": "2021-09-21 16:17:37", "elapsed": 758.464873, "delta": 4.984915}}
{"target": 0.8394482178474798, "params": {"max_depth": 14.1820593566099, "n_estimators": 154.81703459083704}, "datetime": {"datetime": "2021-09-21 16:17:42", "elapsed": 762.98366, "delta": 4.518787}}
{"target": 0.8388275574056051, "params": {"max_depth": 19.92087601202817, "n_estimators": 156.99010781721609}, "datetime": {"datetime": "2021-09-21 16:17:47", "elapsed": 767.855947, "delta": 4.872287}}
{"target": 0.8425157809190448, "params": {"max_depth": 24.47438834070902, "n_estimators": 127.35967336243898}, "datetime": {"datetime": "2021-09-21 16:17:52", "elapsed": 773.059725, "delta": 5.203778}}
{"target": 0.8421661712143502, "params": {"max_depth": 18.462034283385833, "n_estimators": 108.31086449823427}, "datetime": {"datetime": "2021-09-21 16:17:56", "elapsed": 777.445473, "delta": 4.385748}}
{"target": 0.8431288237363781, "params": {"max_depth": 22.049620055955973, "n_estimators": 105.32492469417492}, "datetime": {"datetime": "2021-09-21 16:18:00", "elapsed": 781.459863, "delta": 4.01439}}
{"target": 0.8422967101244295, "params": {"max_depth": 12.362939972778365, "n_estimators": 109.19092781519024}, "datetime": {"datetime": "2021-09-21 16:18:04", "elapsed": 784.834537, "delta": 3.374674}}
{"target": 0.8412840000940682, "params": {"max_depth": 21.478196881317732, "n_estimators": 197.79008202731876}, "datetime": {"datetime": "2021-09-21 16:18:10", "elapsed": 790.56783, "delta": 5.733293}}
{"target": 0.8397442192046801, "params": {"max_depth": 15.421819700793, "n_estimators": 163.83836280817658}, "datetime": {"datetime": "2021-09-21 16:18:14", "elapsed": 795.31143, "delta": 4.7436}}
{"target": 0.8378984932136253, "params": {"max_depth": 8.550505721750424, "n_estimators": 133.9096479639474}, "datetime": {"datetime": "2021-09-21 16:18:19", "elapsed": 799.561633, "delta": 4.250203}}
{"target": 0.8424988130680926, "params": {"max_depth": 18.505798794636306, "n_estimators": 126.42451733712639}, "datetime": {"datetime": "2021-09-21 16:18:22", "elapsed": 803.144789, "delta": 3.583156}}
{"target": 0.8432893426540691, "params": {"max_depth": 26.91272708295898, "n_estimators": 111.44371145563207}, "datetime": {"datetime": "2021-09-21 16:18:27", "elapsed": 808.110209, "delta": 4.96542}}
{"target": 0.8404225155699178, "params": {"max_depth": 11.65248184278917, "n_estimators": 127.8612722506855}, "datetime": {"datetime": "2021-09-21 16:18:33", "elapsed": 814.312394, "delta": 6.202185}}
{"target": 0.8437442711373366, "params": {"max_depth": 26.770835587761823, "n_estimators": 101.36843586280735}, "datetime": {"datetime": "2021-09-21 16:18:38", "elapsed": 819.160224, "delta": 4.84783}}
{"target": 0.8424350712850669, "params": {"max_depth": 18.846943439098528, "n_estimators": 105.96162659932958}, "datetime": {"datetime": "2021-09-21 16:18:43", "elapsed": 823.804881, "delta": 4.644657}}
{"target": 0.8391826612639816, "params": {"max_depth": 23.727252762030595, "n_estimators": 176.86538534457588}, "datetime": {"datetime": "2021-09-21 16:18:49", "elapsed": 830.242355, "delta": 6.437474}}
{"target": 0.8421601188093878, "params": {"max_depth": 14.608701150094117, "n_estimators": 196.47199027604526}, "datetime": {"datetime": "2021-09-21 16:18:56", "elapsed": 837.132735, "delta": 6.89038}}
{"target": 0.8389302434010482, "params": {"max_depth": 16.862102068983877, "n_estimators": 171.93997293548705}, "datetime": {"datetime": "2021-09-21 16:19:02", "elapsed": 843.464348, "delta": 6.331613}}
{"target": 0.8433193485623882, "params": {"max_depth": 23.078371607481344, "n_estimators": 114.9859204873009}, "datetime": {"datetime": "2021-09-21 16:19:10", "elapsed": 850.681727, "delta": 7.217379}}
{"target": 0.8433193485623882, "params": {"max_depth": 26.885914660441472, "n_estimators": 114.41594384196218}, "datetime": {"datetime": "2021-09-21 16:19:14", "elapsed": 855.190189, "delta": 4.508462}}
{"target": 0.8431887914614826, "params": {"max_depth": 18.527667872647786, "n_estimators": 116.69302245723141}, "datetime": {"datetime": "2021-09-21 16:19:19", "elapsed": 859.744427, "delta": 4.554238}}
{"target": 0.8428306957256646, "params": {"max_depth": 28.542120058029045, "n_estimators": 126.89702681626493}, "datetime": {"datetime": "2021-09-21 16:19:23", "elapsed": 864.314206, "delta": 4.569779}}
{"target": 0.8419813844159377, "params": {"max_depth": 16.24272687135528, "n_estimators": 137.99768313570104}, "datetime": {"datetime": "2021-09-21 16:19:29", "elapsed": 869.84739, "delta": 5.533184}}
{"target": 0.8396716599748807, "params": {"max_depth": 19.102447553770027, "n_estimators": 168.15126740122838}, "datetime": {"datetime": "2021-09-21 16:19:34", "elapsed": 875.172055, "delta": 5.324665}}
{"target": 0.8384583297498021, "params": {"max_depth": 11.076991150456786, "n_estimators": 142.15380998896273}, "datetime": {"datetime": "2021-09-21 16:19:39", "elapsed": 879.73743, "delta": 4.565375}}
{"target": 0.8429237562930084, "params": {"max_depth": 26.95589677134677, "n_estimators": 123.693328153227}, "datetime": {"datetime": "2021-09-21 16:19:44", "elapsed": 885.362475, "delta": 5.625045}}
{"target": 0.8430293005603684, "params": {"max_depth": 18.940905276671167, "n_estimators": 102.99660129682938}, "datetime": {"datetime": "2021-09-21 16:19:51", "elapsed": 891.628534, "delta": 6.266059}}
{"target": 0.841972083434909, "params": {"max_depth": 12.679946360311613, "n_estimators": 113.58470352755924}, "datetime": {"datetime": "2021-09-21 16:19:56", "elapsed": 897.226656, "delta": 5.598122}}
{"target": 0.8383386355965334, "params": {"max_depth": 10.183579973483136, "n_estimators": 152.52922296640546}, "datetime": {"datetime": "2021-09-21 16:20:02", "elapsed": 903.204505, "delta": 5.977849}}
{"target": 0.8432893426540691, "params": {"max_depth": 28.936383097251543, "n_estimators": 111.49831911719956}, "datetime": {"datetime": "2021-09-21 16:20:08", "elapsed": 908.536591, "delta": 5.332086}}
{"target": 0.840417156837189, "params": {"max_depth": 9.235172919964212, "n_estimators": 194.02501909775913}, "datetime": {"datetime": "2021-09-21 16:20:14", "elapsed": 914.515141, "delta": 5.97855}}
{"target": 0.8419821208393926, "params": {"max_depth": 19.224971216209617, "n_estimators": 119.53214178874313}, "datetime": {"datetime": "2021-09-21 16:20:19", "elapsed": 920.050126, "delta": 5.534985}}
{"target": 0.8436591555492474, "params": {"max_depth": 17.707813898066632, "n_estimators": 123.38511513907392}, "datetime": {"datetime": "2021-09-21 16:20:25", "elapsed": 925.827586, "delta": 5.77746}}
{"target": 0.8427648249568076, "params": {"max_depth": 22.00609466365644, "n_estimators": 108.55147518592698}, "datetime": {"datetime": "2021-09-21 16:20:29", "elapsed": 930.301429, "delta": 4.473843}}
{"target": 0.8433193485623882, "params": {"max_depth": 21.663374158619884, "n_estimators": 114.29657612823827}, "datetime": {"datetime": "2021-09-21 16:20:34", "elapsed": 935.271928, "delta": 4.970499}}
{"target": 0.8411439700766056, "params": {"max_depth": 17.575852887200025, "n_estimators": 144.6593356379764}, "datetime": {"datetime": "2021-09-21 16:20:38", "elapsed": 938.854507, "delta": 3.582579}}
{"target": 0.8428885705987823, "params": {"max_depth": 17.648600199305186, "n_estimators": 129.30395677308812}, "datetime": {"datetime": "2021-09-21 16:20:42", "elapsed": 942.625033, "delta": 3.770526}}
{"target": 0.8437442711373366, "params": {"max_depth": 28.764975411379297, "n_estimators": 101.08200219214253}, "datetime": {"datetime": "2021-09-21 16:20:45", "elapsed": 945.984436, "delta": 3.359403}}
{"target": 0.8421856266255437, "params": {"max_depth": 24.741616287174462, "n_estimators": 119.06273131446285}, "datetime": {"datetime": "2021-09-21 16:20:49", "elapsed": 949.669521, "delta": 3.685085}}
{"target": 0.8428306957256646, "params": {"max_depth": 22.185431451258495, "n_estimators": 126.56966986845248}, "datetime": {"datetime": "2021-09-21 16:20:52", "elapsed": 953.1147, "delta": 3.445179}}
{"target": 0.839177032467634, "params": {"max_depth": 9.829787743456064, "n_estimators": 191.72515864055995}, "datetime": {"datetime": "2021-09-21 16:20:56", "elapsed": 957.353976, "delta": 4.239276}}
{"target": 0.8411030575700348, "params": {"max_depth": 18.794023303872006, "n_estimators": 138.59982491025397}, "datetime": {"datetime": "2021-09-21 16:21:00", "elapsed": 960.631426, "delta": 3.27745}}
{"target": 0.842833760085447, "params": {"max_depth": 21.11593303690303, "n_estimators": 121.98890942345409}, "datetime": {"datetime": "2021-09-21 16:21:04", "elapsed": 964.674321, "delta": 4.042895}}
{"target": 0.8438633477376698, "params": {"max_depth": 17.01766294948826, "n_estimators": 120.3698549609065}, "datetime": {"datetime": "2021-09-21 16:21:08", "elapsed": 969.421255, "delta": 4.746934}}
{"target": 0.8438503613174637, "params": {"max_depth": 26.752492746153695, "n_estimators": 109.21199805480087}, "datetime": {"datetime": "2021-09-21 16:21:12", "elapsed": 972.809409, "delta": 3.388154}}
{"target": 0.8436373792802279, "params": {"max_depth": 29.087383358200963, "n_estimators": 104.22750720536501}, "datetime": {"datetime": "2021-09-21 16:21:15", "elapsed": 975.544926, "delta": 2.735517}}
{"target": 0.8414509631101388, "params": {"max_depth": 28.16600260701584, "n_estimators": 137.38160538776293}, "datetime": {"datetime": "2021-09-21 16:21:19", "elapsed": 979.525173, "delta": 3.980247}}
{"target": 0.8435081936275698, "params": {"max_depth": 21.360488263957137, "n_estimators": 110.47061641251764}, "datetime": {"datetime": "2021-09-21 16:21:22", "elapsed": 982.605566, "delta": 3.080393}}
{"target": 0.8411931217522444, "params": {"max_depth": 23.613939861575812, "n_estimators": 198.42485533339038}, "datetime": {"datetime": "2021-09-21 16:21:26", "elapsed": 986.64611, "delta": 4.040544}}
{"target": 0.8412369158211146, "params": {"max_depth": 10.744208678253582, "n_estimators": 195.6215824780154}, "datetime": {"datetime": "2021-09-21 16:21:30", "elapsed": 990.677878, "delta": 4.031768}}
{"target": 0.8429324019379948, "params": {"max_depth": 19.13220380314306, "n_estimators": 124.42794647101177}, "datetime": {"datetime": "2021-09-21 16:21:34", "elapsed": 995.284699, "delta": 4.606821}}
{"target": 0.8418747698943722, "params": {"max_depth": 16.903169615847446, "n_estimators": 106.09141365713495}, "datetime": {"datetime": "2021-09-21 16:21:38", "elapsed": 998.976068, "delta": 3.691369}}
{"target": 0.8423888067779266, "params": {"max_depth": 16.755443680262395, "n_estimators": 103.53072255053576}, "datetime": {"datetime": "2021-09-21 16:21:42", "elapsed": 1003.017315, "delta": 4.041247}}
{"target": 0.8409574700427719, "params": {"max_depth": 13.753105096483987, "n_estimators": 104.45281274404725}, "datetime": {"datetime": "2021-09-21 16:21:46", "elapsed": 1007.362312, "delta": 4.344997}}
{"target": 0.8442627175989067, "params": {"max_depth": 17.513552530666484, "n_estimators": 100.58552559322158}, "datetime": {"datetime": "2021-09-21 16:21:52", "elapsed": 1013.198041, "delta": 5.835729}}
{"target": 0.8433843340710347, "params": {"max_depth": 24.06903487849945, "n_estimators": 103.2244155719158}, "datetime": {"datetime": "2021-09-21 16:21:57", "elapsed": 1017.976452, "delta": 4.778411}}
{"target": 0.8389316364744048, "params": {"max_depth": 30.0, "n_estimators": 177.6842372711087}, "datetime": {"datetime": "2021-09-21 16:22:04", "elapsed": 1024.686199, "delta": 6.709747}}
