{"target": -11.829886744490503, "params": {"max_depth": 17.174484103456628, "n_estimators": 74.26985339667854}, "datetime": {"datetime": "2021-09-27 16:52:48", "elapsed": 0.0, "delta": 0.0}}
{"target": -12.358247260804264, "params": {"max_depth": 8.002516245981587, "n_estimators": 35.81459668212926}, "datetime": {"datetime": "2021-09-27 16:52:48", "elapsed": 0.159999, "delta": 0.159999}}
{"target": -12.627235576050666, "params": {"max_depth": 11.228629597976486, "n_estimators": 16.4951507187294}, "datetime": {"datetime": "2021-09-27 16:52:48", "elapsed": 0.246003, "delta": 0.086004}}
{"target": -12.204357122324739, "params": {"max_depth": 12.09772465030876, "n_estimators": 39.79158688796039}, "datetime": {"datetime": "2021-09-27 16:52:48", "elapsed": 0.443004, "delta": 0.197001}}
{"target": -11.912574278732675, "params": {"max_depth": 16.72888443307474, "n_estimators": 57.57113952830884}, "datetime": {"datetime": "2021-09-27 16:52:48", "elapsed": 0.754003, "delta": 0.310999}}
{"target": -11.804144504923515, "params": {"max_depth": 17.938668158248106, "n_estimators": 73.34525959918017}, "datetime": {"datetime": "2021-09-27 16:52:49", "elapsed": 1.406527, "delta": 0.652524}}
{"target": -11.907699113495918, "params": {"max_depth": 30.0, "n_estimators": 83.67865941662033}, "datetime": {"datetime": "2021-09-27 16:52:50", "elapsed": 2.126524, "delta": 0.719997}}
{"target": -11.791012336525085, "params": {"max_depth": 30.0, "n_estimators": 62.75298945040172}, "datetime": {"datetime": "2021-09-27 16:52:50", "elapsed": 2.601573, "delta": 0.475049}}
{"target": -12.207191527603241, "params": {"max_depth": 8.0, "n_estimators": 100.0}, "datetime": {"datetime": "2021-09-27 16:52:51", "elapsed": 3.559188, "delta": 0.957615}}
{"target": -11.792880021055572, "params": {"max_depth": 30.0, "n_estimators": 71.96401988478242}, "datetime": {"datetime": "2021-09-27 16:52:52", "elapsed": 4.46703, "delta": 0.907842}}
{"target": -11.917641754709578, "params": {"max_depth": 30.0, "n_estimators": 44.48073698025263}, "datetime": {"datetime": "2021-09-27 16:52:53", "elapsed": 4.955201, "delta": 0.488171}}
{"target": -11.733780783644114, "params": {"max_depth": 23.713563117689183, "n_estimators": 67.29356864666622}, "datetime": {"datetime": "2021-09-27 16:52:53", "elapsed": 5.491231, "delta": 0.53603}}
{"target": -11.836720342050796, "params": {"max_depth": 30.0, "n_estimators": 100.0}, "datetime": {"datetime": "2021-09-27 16:52:54", "elapsed": 6.49307, "delta": 1.001839}}
{"target": -11.792880021055572, "params": {"max_depth": 24.035500687893837, "n_estimators": 71.64340104842616}, "datetime": {"datetime": "2021-09-27 16:52:55", "elapsed": 7.083334, "delta": 0.590264}}
{"target": -12.173426576977961, "params": {"max_depth": 8.0, "n_estimators": 67.28968027547715}, "datetime": {"datetime": "2021-09-27 16:52:55", "elapsed": 7.569335, "delta": 0.486001}}
{"target": -12.949620725982456, "params": {"max_depth": 30.0, "n_estimators": 8.0}, "datetime": {"datetime": "2021-09-27 16:52:55", "elapsed": 7.818333, "delta": 0.248998}}
{"target": -11.802540567508546, "params": {"max_depth": 25.744835441894548, "n_estimators": 54.47576319522074}, "datetime": {"datetime": "2021-09-27 16:52:56", "elapsed": 8.642336, "delta": 0.824003}}
{"target": -11.789874794601127, "params": {"max_depth": 22.837078519879206, "n_estimators": 62.3538084004511}, "datetime": {"datetime": "2021-09-27 16:52:57", "elapsed": 9.253494, "delta": 0.611158}}
{"target": -11.904772744653886, "params": {"max_depth": 22.948470527746146, "n_estimators": 94.17821772450942}, "datetime": {"datetime": "2021-09-27 16:52:58", "elapsed": 9.96967, "delta": 0.716176}}
{"target": -11.760015829727335, "params": {"max_depth": 19.602467343315354, "n_estimators": 67.39395330999672}, "datetime": {"datetime": "2021-09-27 16:52:58", "elapsed": 10.549308, "delta": 0.579638}}
{"target": -11.898372595157019, "params": {"max_depth": 29.936849866112166, "n_estimators": 94.05702510030206}, "datetime": {"datetime": "2021-09-27 16:52:59", "elapsed": 11.232064, "delta": 0.682756}}
{"target": -11.900968409891783, "params": {"max_depth": 29.926685501687423, "n_estimators": 52.68661879648605}, "datetime": {"datetime": "2021-09-27 16:52:59", "elapsed": 11.751095, "delta": 0.519031}}
{"target": -11.867408209690108, "params": {"max_depth": 21.977141088424077, "n_estimators": 48.26267734287091}, "datetime": {"datetime": "2021-09-27 16:53:00", "elapsed": 12.22209, "delta": 0.470995}}
{"target": -11.738025677476342, "params": {"max_depth": 28.099279960585626, "n_estimators": 67.07309125681464}, "datetime": {"datetime": "2021-09-27 16:53:00", "elapsed": 12.829259, "delta": 0.607169}}
{"target": -11.755378220222568, "params": {"max_depth": 26.12094085824198, "n_estimators": 65.56666044922873}, "datetime": {"datetime": "2021-09-27 16:53:01", "elapsed": 13.369564, "delta": 0.540305}}
{"target": -11.843096972844613, "params": {"max_depth": 22.91818956562359, "n_estimators": 100.0}, "datetime": {"datetime": "2021-09-27 16:53:02", "elapsed": 14.145564, "delta": 0.776}}
{"target": -11.738025677476342, "params": {"max_depth": 29.78825799006806, "n_estimators": 67.85747204603051}, "datetime": {"datetime": "2021-09-27 16:53:02", "elapsed": 14.700565, "delta": 0.555001}}
{"target": -11.767501678944518, "params": {"max_depth": 21.81994334825061, "n_estimators": 68.72339171745793}, "datetime": {"datetime": "2021-09-27 16:53:03", "elapsed": 15.278919, "delta": 0.578354}}
{"target": -11.952419435970606, "params": {"max_depth": 30.0, "n_estimators": 33.28848580234027}, "datetime": {"datetime": "2021-09-27 16:53:03", "elapsed": 15.692919, "delta": 0.414}}
{"target": -11.911731863616062, "params": {"max_depth": 21.822600875676773, "n_estimators": 81.94162496067105}, "datetime": {"datetime": "2021-09-27 16:53:04", "elapsed": 16.378131, "delta": 0.685212}}
{"target": -11.953433363082059, "params": {"max_depth": 24.041568517220128, "n_estimators": 38.78584718429688}, "datetime": {"datetime": "2021-09-27 16:53:04", "elapsed": 16.79313, "delta": 0.414999}}
{"target": -11.763203232763276, "params": {"max_depth": 26.449569952553297, "n_estimators": 68.60187483479115}, "datetime": {"datetime": "2021-09-27 16:53:05", "elapsed": 17.446129, "delta": 0.652999}}
{"target": -12.27790244658878, "params": {"max_depth": 8.15093240603378, "n_estimators": 84.7290738211193}, "datetime": {"datetime": "2021-09-27 16:53:06", "elapsed": 18.11713, "delta": 0.671001}}
{"target": -12.308047457010431, "params": {"max_depth": 8.0, "n_estimators": 51.25867218010714}, "datetime": {"datetime": "2021-09-27 16:53:06", "elapsed": 18.635126, "delta": 0.517996}}
{"target": -11.881982980723933, "params": {"max_depth": 26.147100684402222, "n_estimators": 77.21643262648102}, "datetime": {"datetime": "2021-09-27 16:53:07", "elapsed": 19.321335, "delta": 0.686209}}
{"target": -11.760995706011727, "params": {"max_depth": 21.606377821461063, "n_estimators": 65.37466797312064}, "datetime": {"datetime": "2021-09-27 16:53:07", "elapsed": 19.866338, "delta": 0.545003}}
{"target": -11.796467215548011, "params": {"max_depth": 21.681259320296768, "n_estimators": 55.067230282678864}, "datetime": {"datetime": "2021-09-27 16:53:08", "elapsed": 20.437477, "delta": 0.571139}}
{"target": -11.853003355908594, "params": {"max_depth": 16.011971263098463, "n_estimators": 68.83791710305522}, "datetime": {"datetime": "2021-09-27 16:53:09", "elapsed": 21.103625, "delta": 0.666148}}
{"target": -11.755378220222568, "params": {"max_depth": 30.0, "n_estimators": 65.9292604089853}, "datetime": {"datetime": "2021-09-27 16:53:09", "elapsed": 21.748625, "delta": 0.645}}
{"target": -11.818637787757131, "params": {"max_depth": 26.125231232010435, "n_estimators": 58.60499422211933}, "datetime": {"datetime": "2021-09-27 16:53:10", "elapsed": 22.422624, "delta": 0.673999}}
{"target": -11.839800677026982, "params": {"max_depth": 20.988480091834074, "n_estimators": 75.68603756782402}, "datetime": {"datetime": "2021-09-27 16:53:11", "elapsed": 22.981627, "delta": 0.559003}}
{"target": -11.718815753021461, "params": {"max_depth": 23.93269469520325, "n_estimators": 66.44946153194414}, "datetime": {"datetime": "2021-09-27 16:53:11", "elapsed": 23.570328, "delta": 0.588701}}
{"target": -11.88776399456234, "params": {"max_depth": 16.963697979393014, "n_estimators": 99.93842494578429}, "datetime": {"datetime": "2021-09-27 16:53:12", "elapsed": 24.311327, "delta": 0.740999}}
{"target": -11.861900003325369, "params": {"max_depth": 22.803490481554846, "n_estimators": 29.632645289626584}, "datetime": {"datetime": "2021-09-27 16:53:12", "elapsed": 24.771331, "delta": 0.460004}}
{"target": -11.852166433157615, "params": {"max_depth": 30.0, "n_estimators": 25.4158720180778}, "datetime": {"datetime": "2021-09-27 16:53:13", "elapsed": 25.166709, "delta": 0.395378}}
{"target": -12.026342469057635, "params": {"max_depth": 24.736141882387024, "n_estimators": 24.67740324811936}, "datetime": {"datetime": "2021-09-27 16:53:13", "elapsed": 25.603722, "delta": 0.437013}}
{"target": -11.953166710444222, "params": {"max_depth": 19.139614659436972, "n_estimators": 33.56815563705894}, "datetime": {"datetime": "2021-09-27 16:53:14", "elapsed": 26.067716, "delta": 0.463994}}
{"target": -11.916654221058636, "params": {"max_depth": 25.464227844464325, "n_estimators": 87.95221192783077}, "datetime": {"datetime": "2021-09-27 16:53:14", "elapsed": 26.810713, "delta": 0.742997}}
{"target": -11.812256116330136, "params": {"max_depth": 17.465917681762047, "n_estimators": 90.27763249727558}, "datetime": {"datetime": "2021-09-27 16:53:15", "elapsed": 27.647713, "delta": 0.837}}
{"target": -11.959843333440135, "params": {"max_depth": 16.151899167206768, "n_estimators": 94.27550505234728}, "datetime": {"datetime": "2021-09-27 16:53:16", "elapsed": 28.612716, "delta": 0.965003}}
{"target": -11.839728258042, "params": {"max_depth": 17.43442471093692, "n_estimators": 85.80377334848315}, "datetime": {"datetime": "2021-09-27 16:53:17", "elapsed": 29.330469, "delta": 0.717753}}
{"target": -11.891222300064156, "params": {"max_depth": 20.1724994886654, "n_estimators": 88.44398035989929}, "datetime": {"datetime": "2021-09-27 16:53:18", "elapsed": 30.031468, "delta": 0.700999}}
{"target": -11.892311677816334, "params": {"max_depth": 27.64190354120771, "n_estimators": 28.987270588730496}, "datetime": {"datetime": "2021-09-27 16:53:18", "elapsed": 30.440545, "delta": 0.409077}}
{"target": -11.915111706624524, "params": {"max_depth": 25.772807650228927, "n_estimators": 50.26947722790008}, "datetime": {"datetime": "2021-09-27 16:53:19", "elapsed": 31.075764, "delta": 0.635219}}
{"target": -11.82655597229718, "params": {"max_depth": 18.066981992829795, "n_estimators": 51.1159455748473}, "datetime": {"datetime": "2021-09-27 16:53:19", "elapsed": 31.650764, "delta": 0.575}}
{"target": -11.81273146333465, "params": {"max_depth": 30.0, "n_estimators": 57.85635899259704}, "datetime": {"datetime": "2021-09-27 16:53:20", "elapsed": 32.253765, "delta": 0.603001}}
{"target": -11.751002714272426, "params": {"max_depth": 23.943730984754563, "n_estimators": 65.53754951971705}, "datetime": {"datetime": "2021-09-27 16:53:21", "elapsed": 32.91177, "delta": 0.658005}}
{"target": -11.754584223074842, "params": {"max_depth": 18.300461436163857, "n_estimators": 62.52154501587646}, "datetime": {"datetime": "2021-09-27 16:53:21", "elapsed": 33.543021, "delta": 0.631251}}
{"target": -11.788938094279667, "params": {"max_depth": 20.71925678879542, "n_estimators": 59.575598498842275}, "datetime": {"datetime": "2021-09-27 16:53:22", "elapsed": 34.178015, "delta": 0.634994}}
{"target": -11.804741244981557, "params": {"max_depth": 17.853202605510816, "n_estimators": 45.11742766561602}, "datetime": {"datetime": "2021-09-27 16:53:22", "elapsed": 34.686017, "delta": 0.508002}}
{"target": -11.881982980723933, "params": {"max_depth": 30.0, "n_estimators": 77.25374475016368}, "datetime": {"datetime": "2021-09-27 16:53:23", "elapsed": 35.415179, "delta": 0.729162}}
{"target": -11.899048814121707, "params": {"max_depth": 20.208492145579704, "n_estimators": 42.4997997250415}, "datetime": {"datetime": "2021-09-27 16:53:24", "elapsed": 35.959114, "delta": 0.543935}}
{"target": -11.942086727163801, "params": {"max_depth": 16.012280284169048, "n_estimators": 80.43391785442202}, "datetime": {"datetime": "2021-09-27 16:53:24", "elapsed": 36.703232, "delta": 0.744118}}
{"target": -11.789182469270916, "params": {"max_depth": 15.365435989574655, "n_estimators": 63.58404278658696}, "datetime": {"datetime": "2021-09-27 16:53:25", "elapsed": 37.330435, "delta": 0.627203}}
{"target": -11.729747486647268, "params": {"max_depth": 17.82158930729679, "n_estimators": 64.94810624515473}, "datetime": {"datetime": "2021-09-27 16:53:26", "elapsed": 37.973438, "delta": 0.643003}}
{"target": -11.710644240075881, "params": {"max_depth": 14.527751048266678, "n_estimators": 88.83127793455715}, "datetime": {"datetime": "2021-09-27 16:53:26", "elapsed": 38.717438, "delta": 0.744}}
{"target": -12.021759763981736, "params": {"max_depth": 12.132282523724982, "n_estimators": 90.79329213287528}, "datetime": {"datetime": "2021-09-27 16:53:27", "elapsed": 39.532732, "delta": 0.815294}}
{"target": -11.739313947112667, "params": {"max_depth": 14.45351532098836, "n_estimators": 86.88374233206092}, "datetime": {"datetime": "2021-09-27 16:53:28", "elapsed": 40.256761, "delta": 0.724029}}
{"target": -11.852252808251114, "params": {"max_depth": 15.70910933149072, "n_estimators": 88.18350828498535}, "datetime": {"datetime": "2021-09-27 16:53:29", "elapsed": 41.017835, "delta": 0.761074}}
{"target": -11.967275765355094, "params": {"max_depth": 15.905470154742531, "n_estimators": 27.180639064773917}, "datetime": {"datetime": "2021-09-27 16:53:29", "elapsed": 41.411392, "delta": 0.393557}}
{"target": -13.169782809920871, "params": {"max_depth": 8.0, "n_estimators": 8.0}, "datetime": {"datetime": "2021-09-27 16:53:29", "elapsed": 41.792395, "delta": 0.381003}}
{"target": -12.220446741581425, "params": {"max_depth": 8.0, "n_estimators": 26.17996177331817}, "datetime": {"datetime": "2021-09-27 16:53:30", "elapsed": 42.269391, "delta": 0.476996}}
{"target": -11.798009995006312, "params": {"max_depth": 30.0, "n_estimators": 19.81161754252539}, "datetime": {"datetime": "2021-09-27 16:53:30", "elapsed": 42.700391, "delta": 0.431}}
{"target": -12.231206287913505, "params": {"max_depth": 8.0, "n_estimators": 75.33748773195394}, "datetime": {"datetime": "2021-09-27 16:53:31", "elapsed": 43.507934, "delta": 0.807543}}
{"target": -11.979997803663741, "params": {"max_depth": 30.0, "n_estimators": 39.266777499071466}, "datetime": {"datetime": "2021-09-27 16:53:32", "elapsed": 44.116933, "delta": 0.608999}}
{"target": -12.09284576152208, "params": {"max_depth": 23.329020688666006, "n_estimators": 17.631642643067806}, "datetime": {"datetime": "2021-09-27 16:53:32", "elapsed": 44.589938, "delta": 0.473005}}
{"target": -12.25032248371916, "params": {"max_depth": 8.191707762070171, "n_estimators": 59.70241066570815}, "datetime": {"datetime": "2021-09-27 16:53:33", "elapsed": 45.18679, "delta": 0.596852}}
{"target": -11.802861081372136, "params": {"max_depth": 14.535533431230483, "n_estimators": 47.57601367004623}, "datetime": {"datetime": "2021-09-27 16:53:33", "elapsed": 45.752787, "delta": 0.565997}}
{"target": -11.915679950452391, "params": {"max_depth": 29.904623370705515, "n_estimators": 89.06824810211084}, "datetime": {"datetime": "2021-09-27 16:53:34", "elapsed": 46.598421, "delta": 0.845634}}
{"target": -11.952419435970606, "params": {"max_depth": 24.66133918477189, "n_estimators": 33.43333940700405}, "datetime": {"datetime": "2021-09-27 16:53:35", "elapsed": 47.121422, "delta": 0.523001}}
{"target": -11.86425986539904, "params": {"max_depth": 26.86693165954706, "n_estimators": 97.86367948308582}, "datetime": {"datetime": "2021-09-27 16:53:36", "elapsed": 47.958357, "delta": 0.836935}}
{"target": -11.960950493293721, "params": {"max_depth": 25.61196242744245, "n_estimators": 43.84028389696495}, "datetime": {"datetime": "2021-09-27 16:53:36", "elapsed": 48.524358, "delta": 0.566001}}
{"target": -12.045723625721964, "params": {"max_depth": 12.914301502999413, "n_estimators": 87.68158932394931}, "datetime": {"datetime": "2021-09-27 16:53:37", "elapsed": 49.273232, "delta": 0.748874}}
{"target": -11.736850006851666, "params": {"max_depth": 14.880296575101507, "n_estimators": 83.80137936072349}, "datetime": {"datetime": "2021-09-27 16:53:38", "elapsed": 50.008469, "delta": 0.735237}}
{"target": -13.000786699592654, "params": {"max_depth": 19.46219795425165, "n_estimators": 8.0}, "datetime": {"datetime": "2021-09-27 16:53:38", "elapsed": 50.516206, "delta": 0.507737}}
{"target": -11.967880744277473, "params": {"max_depth": 18.683245033815133, "n_estimators": 22.701185575021942}, "datetime": {"datetime": "2021-09-27 16:53:39", "elapsed": 51.09617, "delta": 0.579964}}
{"target": -11.701897742229265, "params": {"max_depth": 14.934253523181017, "n_estimators": 90.98087542998856}, "datetime": {"datetime": "2021-09-27 16:53:40", "elapsed": 51.938919, "delta": 0.842749}}
{"target": -12.330770239496285, "params": {"max_depth": 8.204716163566982, "n_estimators": 44.51709691856928}, "datetime": {"datetime": "2021-09-27 16:53:40", "elapsed": 52.466926, "delta": 0.528007}}
{"target": -11.855025656013005, "params": {"max_depth": 14.327005789677175, "n_estimators": 52.31258611805229}, "datetime": {"datetime": "2021-09-27 16:53:41", "elapsed": 53.071924, "delta": 0.604998}}
{"target": -11.899670179082364, "params": {"max_depth": 18.064411750617182, "n_estimators": 38.376416611549466}, "datetime": {"datetime": "2021-09-27 16:53:41", "elapsed": 53.668853, "delta": 0.596929}}
{"target": -11.89162598759952, "params": {"max_depth": 25.773124113943865, "n_estimators": 82.3450106279904}, "datetime": {"datetime": "2021-09-27 16:53:42", "elapsed": 54.499853, "delta": 0.831}}
{"target": -11.805313237082938, "params": {"max_depth": 17.475531465726956, "n_estimators": 48.10693457660487}, "datetime": {"datetime": "2021-09-27 16:53:43", "elapsed": 55.148003, "delta": 0.64815}}
{"target": -11.850495557881542, "params": {"max_depth": 26.915302458986556, "n_estimators": 73.42861451064468}, "datetime": {"datetime": "2021-09-27 16:53:44", "elapsed": 55.898696, "delta": 0.750693}}
{"target": -11.920229376498208, "params": {"max_depth": 19.848939617384833, "n_estimators": 27.37477925722025}, "datetime": {"datetime": "2021-09-27 16:53:44", "elapsed": 56.531732, "delta": 0.633036}}
{"target": -12.146034763580108, "params": {"max_depth": 29.89249505948996, "n_estimators": 16.653739829409755}, "datetime": {"datetime": "2021-09-27 16:53:45", "elapsed": 57.067695, "delta": 0.535963}}
{"target": -11.933103220564927, "params": {"max_depth": 28.266997310698727, "n_estimators": 21.866597207420554}, "datetime": {"datetime": "2021-09-27 16:53:45", "elapsed": 57.548021, "delta": 0.480326}}
{"target": -11.85474906135136, "params": {"max_depth": 20.28328328966926, "n_estimators": 97.97104466831327}, "datetime": {"datetime": "2021-09-27 16:53:46", "elapsed": 58.412027, "delta": 0.864006}}
{"target": -11.906249113402275, "params": {"max_depth": 19.679070987252402, "n_estimators": 92.35993169831104}, "datetime": {"datetime": "2021-09-27 16:53:47", "elapsed": 59.40721, "delta": 0.995183}}
{"target": -11.913414494201739, "params": {"max_depth": 14.243849066863303, "n_estimators": 32.16970592930615}, "datetime": {"datetime": "2021-09-27 16:53:48", "elapsed": 59.975576, "delta": 0.568366}}
{"target": -11.896921143922237, "params": {"max_depth": 22.116742353187497, "n_estimators": 52.24442705765972}, "datetime": {"datetime": "2021-09-27 16:53:48", "elapsed": 60.628562, "delta": 0.652986}}
{"target": -11.807741851286242, "params": {"max_depth": 23.5486643185522, "n_estimators": 57.10911408920642}, "datetime": {"datetime": "2021-09-27 16:53:49", "elapsed": 61.338881, "delta": 0.710319}}
{"target": -11.874476623563165, "params": {"max_depth": 30.0, "n_estimators": 48.39898408224724}, "datetime": {"datetime": "2021-09-27 16:53:50", "elapsed": 61.918927, "delta": 0.580046}}
{"target": -11.773150804742109, "params": {"max_depth": 20.895905133068734, "n_estimators": 71.91617414714678}, "datetime": {"datetime": "2021-09-27 16:53:50", "elapsed": 62.562883, "delta": 0.643956}}
{"target": -11.87905530552845, "params": {"max_depth": 26.504532866412912, "n_estimators": 92.46522397398618}, "datetime": {"datetime": "2021-09-27 16:53:51", "elapsed": 63.354196, "delta": 0.791313}}
{"target": -11.856347021683792, "params": {"max_depth": 15.481748069533918, "n_estimators": 43.487319994348965}, "datetime": {"datetime": "2021-09-27 16:53:52", "elapsed": 63.904166, "delta": 0.54997}}
{"target": -11.763103920154085, "params": {"max_depth": 27.090685745228207, "n_estimators": 61.91105487219461}, "datetime": {"datetime": "2021-09-27 16:53:52", "elapsed": 64.588172, "delta": 0.684006}}
{"target": -11.868893326634074, "params": {"max_depth": 13.495407485482826, "n_estimators": 72.24273395622946}, "datetime": {"datetime": "2021-09-27 16:53:53", "elapsed": 65.271418, "delta": 0.683246}}
{"target": -11.744170940182785, "params": {"max_depth": 17.893072212998256, "n_estimators": 54.4655696192735}, "datetime": {"datetime": "2021-09-27 16:53:54", "elapsed": 65.898069, "delta": 0.626651}}
{"target": -11.848807936825374, "params": {"max_depth": 17.49092009164215, "n_estimators": 83.27596566193992}, "datetime": {"datetime": "2021-09-27 16:53:54", "elapsed": 66.642192, "delta": 0.744123}}
{"target": -11.8454596375218, "params": {"max_depth": 13.344880476379654, "n_estimators": 66.05501977554039}, "datetime": {"datetime": "2021-09-27 16:53:55", "elapsed": 67.318253, "delta": 0.676061}}
{"target": -11.879954356563713, "params": {"max_depth": 15.317471277897832, "n_estimators": 85.36205180860924}, "datetime": {"datetime": "2021-09-27 16:53:56", "elapsed": 68.177893, "delta": 0.85964}}
