{"target": -11.104451286110764, "params": {"max_depth": 30.757487110687176, "n_estimators": 70.12338468473143}, "datetime": {"datetime": "2021-09-27 16:56:11", "elapsed": 209.510894, "delta": 1.426219}}
{"target": -11.02216540553383, "params": {"max_depth": 22.712967806007782, "n_estimators": 65.06713681076673}, "datetime": {"datetime": "2021-09-27 16:56:12", "elapsed": 210.873894, "delta": 1.363}}
{"target": -11.04245263873036, "params": {"max_depth": 15.503269315725017, "n_estimators": 68.69808114070416}, "datetime": {"datetime": "2021-09-27 16:56:13", "elapsed": 212.170897, "delta": 1.297003}}
{"target": -10.956971841071688, "params": {"max_depth": 16.19512183051648, "n_estimators": 66.43047382657944}, "datetime": {"datetime": "2021-09-27 16:56:15", "elapsed": 213.454184, "delta": 1.283287}}
{"target": -10.964487382894891, "params": {"max_depth": 16.016405636092685, "n_estimators": 67.67324465605016}, "datetime": {"datetime": "2021-09-27 16:56:16", "elapsed": 214.76772, "delta": 1.313536}}
{"target": -10.9864734145706, "params": {"max_depth": 15.717093816236945, "n_estimators": 67.84039714725785}, "datetime": {"datetime": "2021-09-27 16:56:17", "elapsed": 216.001367, "delta": 1.233647}}
{"target": -11.08885330294382, "params": {"max_depth": 27.70936868085123, "n_estimators": 68.33095768962308}, "datetime": {"datetime": "2021-09-27 16:56:18", "elapsed": 217.288578, "delta": 1.287211}}
{"target": -11.02216540553383, "params": {"max_depth": 34.99460780633315, "n_estimators": 65.1740560085392}, "datetime": {"datetime": "2021-09-27 16:56:20", "elapsed": 218.611065, "delta": 1.322487}}
{"target": -11.100211675715176, "params": {"max_depth": 23.811591317265005, "n_estimators": 69.43002767115603}, "datetime": {"datetime": "2021-09-27 16:56:21", "elapsed": 220.040073, "delta": 1.429008}}
{"target": -11.10824509660984, "params": {"max_depth": 27.469437036711504, "n_estimators": 71.02065080434728}, "datetime": {"datetime": "2021-09-27 16:56:23", "elapsed": 221.441404, "delta": 1.401331}}
{"target": -11.026648056847742, "params": {"max_depth": 24.909372723296034, "n_estimators": 66.58809165533707}, "datetime": {"datetime": "2021-09-27 16:56:24", "elapsed": 222.797776, "delta": 1.356372}}
{"target": -11.031907831663908, "params": {"max_depth": 29.26675333915181, "n_estimators": 67.87686003574429}, "datetime": {"datetime": "2021-09-27 16:56:25", "elapsed": 224.13877, "delta": 1.340994}}
{"target": -11.012875315577467, "params": {"max_depth": 19.28775313619879, "n_estimators": 66.72948152359174}, "datetime": {"datetime": "2021-09-27 16:56:26", "elapsed": 225.411685, "delta": 1.272915}}
{"target": -10.968040630928297, "params": {"max_depth": 18.71064108765355, "n_estimators": 66.82913020112265}, "datetime": {"datetime": "2021-09-27 16:56:28", "elapsed": 226.650866, "delta": 1.239181}}
{"target": -11.104451286110764, "params": {"max_depth": 25.08082983541762, "n_estimators": 70.66475389235119}, "datetime": {"datetime": "2021-09-27 16:56:29", "elapsed": 228.217671, "delta": 1.566805}}
{"target": -10.978236811183601, "params": {"max_depth": 18.7466896796954, "n_estimators": 67.36870646833603}, "datetime": {"datetime": "2021-09-27 16:56:31", "elapsed": 229.563855, "delta": 1.346184}}
{"target": -11.0166490295838, "params": {"max_depth": 19.316606898695028, "n_estimators": 67.85732646190368}, "datetime": {"datetime": "2021-09-27 16:56:32", "elapsed": 230.87257, "delta": 1.308715}}
{"target": -10.978236811183601, "params": {"max_depth": 18.724890368677155, "n_estimators": 67.9471712283847}, "datetime": {"datetime": "2021-09-27 16:56:33", "elapsed": 232.32457, "delta": 1.452}}
{"target": -11.026648056847742, "params": {"max_depth": 28.357119080594707, "n_estimators": 66.12736126129725}, "datetime": {"datetime": "2021-09-27 16:56:35", "elapsed": 233.645214, "delta": 1.320644}}
{"target": -10.98344908311474, "params": {"max_depth": 20.2649098740064, "n_estimators": 66.38378901365547}, "datetime": {"datetime": "2021-09-27 16:56:36", "elapsed": 235.347707, "delta": 1.702493}}
{"target": -10.956971841071688, "params": {"max_depth": 16.251993180867668, "n_estimators": 66.92708230908902}, "datetime": {"datetime": "2021-09-27 16:56:38", "elapsed": 236.653833, "delta": 1.306126}}
{"target": -11.124880371421867, "params": {"max_depth": 21.0901603433107, "n_estimators": 64.79799174258771}, "datetime": {"datetime": "2021-09-27 16:56:39", "elapsed": 237.934937, "delta": 1.281104}}
{"target": -11.02216540553383, "params": {"max_depth": 21.09432535560631, "n_estimators": 65.50534757491785}, "datetime": {"datetime": "2021-09-27 16:56:40", "elapsed": 239.226389, "delta": 1.291452}}
{"target": -11.02216540553383, "params": {"max_depth": 21.99489640707541, "n_estimators": 65.25127805789768}, "datetime": {"datetime": "2021-09-27 16:56:42", "elapsed": 240.757077, "delta": 1.530688}}
{"target": -11.026648056847742, "params": {"max_depth": 21.03856266944173, "n_estimators": 66.79810436517761}, "datetime": {"datetime": "2021-09-27 16:56:43", "elapsed": 242.279614, "delta": 1.522537}}
{"target": -11.031907831663908, "params": {"max_depth": 21.10388117810692, "n_estimators": 67.69101735534154}, "datetime": {"datetime": "2021-09-27 16:56:45", "elapsed": 243.559725, "delta": 1.280111}}
{"target": -11.017846384838718, "params": {"max_depth": 17.189678475136294, "n_estimators": 67.29804042214386}, "datetime": {"datetime": "2021-09-27 16:56:46", "elapsed": 244.844757, "delta": 1.285032}}
{"target": -11.031907831663908, "params": {"max_depth": 22.73667291760935, "n_estimators": 67.5120516426706}, "datetime": {"datetime": "2021-09-27 16:56:47", "elapsed": 246.399767, "delta": 1.55501}}
{"target": -11.06852432270215, "params": {"max_depth": 20.847299082264303, "n_estimators": 70.29004409560473}, "datetime": {"datetime": "2021-09-27 16:56:49", "elapsed": 247.594125, "delta": 1.194358}}
{"target": -10.956971841071688, "params": {"max_depth": 16.9606547375098, "n_estimators": 66.8141383564466}, "datetime": {"datetime": "2021-09-27 16:56:50", "elapsed": 249.142997, "delta": 1.548872}}
{"target": -10.979759869435217, "params": {"max_depth": 15.184897619895118, "n_estimators": 66.73879991169417}, "datetime": {"datetime": "2021-09-27 16:56:52", "elapsed": 250.539077, "delta": 1.39608}}
{"target": -11.08885330294382, "params": {"max_depth": 23.728656899911098, "n_estimators": 68.40088047789237}, "datetime": {"datetime": "2021-09-27 16:56:53", "elapsed": 251.85541, "delta": 1.316333}}
{"target": -11.149845649756863, "params": {"max_depth": 14.00818322455144, "n_estimators": 70.53657652284473}, "datetime": {"datetime": "2021-09-27 16:56:54", "elapsed": 253.399181, "delta": 1.543771}}
{"target": -11.121069161177589, "params": {"max_depth": 19.828510652996027, "n_estimators": 64.00069765002834}, "datetime": {"datetime": "2021-09-27 16:56:56", "elapsed": 254.638483, "delta": 1.239302}}
{"target": -11.026648056847742, "params": {"max_depth": 25.547498571212266, "n_estimators": 66.83017061611103}, "datetime": {"datetime": "2021-09-27 16:56:57", "elapsed": 255.994525, "delta": 1.356042}}
{"target": -11.104451286110764, "params": {"max_depth": 27.698707376157444, "n_estimators": 70.08234466829664}, "datetime": {"datetime": "2021-09-27 16:56:58", "elapsed": 257.354618, "delta": 1.360093}}
{"target": -11.036802412258973, "params": {"max_depth": 16.13798743886365, "n_estimators": 69.75696966165938}, "datetime": {"datetime": "2021-09-27 16:57:00", "elapsed": 258.817518, "delta": 1.4629}}
{"target": -11.02216540553383, "params": {"max_depth": 21.804083307448405, "n_estimators": 65.7238363740985}, "datetime": {"datetime": "2021-09-27 16:57:01", "elapsed": 260.288753, "delta": 1.471235}}
{"target": -11.09444791130626, "params": {"max_depth": 19.62201521747494, "n_estimators": 71.42973269816902}, "datetime": {"datetime": "2021-09-27 16:57:03", "elapsed": 261.628092, "delta": 1.339339}}
{"target": -10.956971841071688, "params": {"max_depth": 16.836830523851795, "n_estimators": 66.8916777575444}, "datetime": {"datetime": "2021-09-27 16:57:04", "elapsed": 262.944984, "delta": 1.316892}}
{"target": -10.976995895932966, "params": {"max_depth": 16.099297038731077, "n_estimators": 65.39845237763633}, "datetime": {"datetime": "2021-09-27 16:57:06", "elapsed": 264.925345, "delta": 1.980361}}
{"target": -10.979716936868593, "params": {"max_depth": 20.64073445023871, "n_estimators": 65.30862848061672}, "datetime": {"datetime": "2021-09-27 16:57:08", "elapsed": 266.531337, "delta": 1.605992}}
{"target": -11.02216540553383, "params": {"max_depth": 30.782187290436326, "n_estimators": 65.44938865999704}, "datetime": {"datetime": "2021-09-27 16:57:10", "elapsed": 268.503349, "delta": 1.972012}}
{"target": -11.026648056847742, "params": {"max_depth": 32.24157982796583, "n_estimators": 66.89591662044207}, "datetime": {"datetime": "2021-09-27 16:57:11", "elapsed": 270.249691, "delta": 1.746342}}
{"target": -11.124880371421867, "params": {"max_depth": 26.759075785655227, "n_estimators": 64.96577039359525}, "datetime": {"datetime": "2021-09-27 16:57:13", "elapsed": 272.006908, "delta": 1.757217}}
{"target": -11.125728541792398, "params": {"max_depth": 17.922146808824444, "n_estimators": 64.0}, "datetime": {"datetime": "2021-09-27 16:57:15", "elapsed": 274.069038, "delta": 2.06213}}
{"target": -10.956971841071688, "params": {"max_depth": 16.546864336588172, "n_estimators": 66.33420235859823}, "datetime": {"datetime": "2021-09-27 16:57:17", "elapsed": 275.864992, "delta": 1.795954}}
{"target": -10.976995895932966, "params": {"max_depth": 16.846424255902757, "n_estimators": 65.62538571589803}, "datetime": {"datetime": "2021-09-27 16:57:18", "elapsed": 277.426724, "delta": 1.561732}}
{"target": -10.956971841071688, "params": {"max_depth": 16.74399782536181, "n_estimators": 66.04580369024993}, "datetime": {"datetime": "2021-09-27 16:57:21", "elapsed": 279.506025, "delta": 2.079301}}
{"target": -11.104451286110764, "params": {"max_depth": 32.42475779663047, "n_estimators": 70.79946640780615}, "datetime": {"datetime": "2021-09-27 16:57:23", "elapsed": 281.534093, "delta": 2.028068}}
{"target": -11.08222023379432, "params": {"max_depth": 17.69290523286036, "n_estimators": 71.17148524924896}, "datetime": {"datetime": "2021-09-27 16:57:24", "elapsed": 283.030734, "delta": 1.496641}}
{"target": -11.124880371421867, "params": {"max_depth": 25.4698319331195, "n_estimators": 64.92001637056912}, "datetime": {"datetime": "2021-09-27 16:57:26", "elapsed": 284.621736, "delta": 1.591002}}
{"target": -11.124880371421867, "params": {"max_depth": 24.327221981724563, "n_estimators": 64.96641760006464}, "datetime": {"datetime": "2021-09-27 16:57:28", "elapsed": 286.445847, "delta": 1.824111}}
{"target": -11.02216540553383, "params": {"max_depth": 23.799278421162708, "n_estimators": 65.84825600961346}, "datetime": {"datetime": "2021-09-27 16:57:29", "elapsed": 287.933854, "delta": 1.488007}}
{"target": -10.976995895932966, "params": {"max_depth": 16.943390506775263, "n_estimators": 65.86823096369827}, "datetime": {"datetime": "2021-09-27 16:57:31", "elapsed": 289.683861, "delta": 1.750007}}
{"target": -10.964487382894891, "params": {"max_depth": 16.29308852752432, "n_estimators": 67.73962004872305}, "datetime": {"datetime": "2021-09-27 16:57:33", "elapsed": 292.190076, "delta": 2.506215}}
{"target": -10.975094559811662, "params": {"max_depth": 18.74181585825244, "n_estimators": 65.51439049212432}, "datetime": {"datetime": "2021-09-27 16:57:36", "elapsed": 294.475691, "delta": 2.285615}}
{"target": -11.08885330294382, "params": {"max_depth": 24.67267472999066, "n_estimators": 68.31463736382238}, "datetime": {"datetime": "2021-09-27 16:57:38", "elapsed": 296.498848, "delta": 2.023157}}
{"target": -10.976995895932966, "params": {"max_depth": 16.626771728489352, "n_estimators": 65.95596322770035}, "datetime": {"datetime": "2021-09-27 16:57:40", "elapsed": 298.513414, "delta": 2.014566}}
{"target": -11.100211675715176, "params": {"max_depth": 26.819415248459528, "n_estimators": 69.24534633749902}, "datetime": {"datetime": "2021-09-27 16:57:41", "elapsed": 300.243345, "delta": 1.729931}}
{"target": -10.956971841071688, "params": {"max_depth": 16.101986320039074, "n_estimators": 66.24733028369451}, "datetime": {"datetime": "2021-09-27 16:57:43", "elapsed": 301.715635, "delta": 1.47229}}
{"target": -11.0881276904403, "params": {"max_depth": 19.841983081430886, "n_estimators": 70.45063600169192}, "datetime": {"datetime": "2021-09-27 16:57:44", "elapsed": 303.018359, "delta": 1.302724}}
{"target": -10.978236811183601, "params": {"max_depth": 18.161677067603083, "n_estimators": 67.33150255262741}, "datetime": {"datetime": "2021-09-27 16:57:46", "elapsed": 305.118249, "delta": 2.09989}}
{"target": -11.023473697726576, "params": {"max_depth": 17.244094318703006, "n_estimators": 65.48442553383495}, "datetime": {"datetime": "2021-09-27 16:57:48", "elapsed": 306.549252, "delta": 1.431003}}
{"target": -11.026648056847742, "params": {"max_depth": 22.818583013534354, "n_estimators": 66.32455585530383}, "datetime": {"datetime": "2021-09-27 16:57:49", "elapsed": 308.184865, "delta": 1.635613}}
{"target": -10.968040630928297, "params": {"max_depth": 18.90002499012935, "n_estimators": 66.0304794393417}, "datetime": {"datetime": "2021-09-27 16:57:51", "elapsed": 309.805096, "delta": 1.620231}}
{"target": -11.031907831663908, "params": {"max_depth": 32.64948539189024, "n_estimators": 67.56391500775972}, "datetime": {"datetime": "2021-09-27 16:57:53", "elapsed": 311.924434, "delta": 2.119338}}
{"target": -11.02216540553383, "params": {"max_depth": 30.08600939467402, "n_estimators": 65.36872087115695}, "datetime": {"datetime": "2021-09-27 16:57:55", "elapsed": 313.952498, "delta": 2.028064}}
{"target": -11.012875315577467, "params": {"max_depth": 19.92022680321413, "n_estimators": 66.1127308094614}, "datetime": {"datetime": "2021-09-27 16:57:57", "elapsed": 315.95991, "delta": 2.007412}}
{"target": -10.956971841071688, "params": {"max_depth": 16.847459757870237, "n_estimators": 66.08892853988445}, "datetime": {"datetime": "2021-09-27 16:57:59", "elapsed": 317.590033, "delta": 1.630123}}
{"target": -11.02216540553383, "params": {"max_depth": 34.538027780464574, "n_estimators": 65.47454263095835}, "datetime": {"datetime": "2021-09-27 16:58:00", "elapsed": 319.187681, "delta": 1.597648}}
{"target": -10.968040630928297, "params": {"max_depth": 18.57907651320758, "n_estimators": 66.48053086488319}, "datetime": {"datetime": "2021-09-27 16:58:02", "elapsed": 320.603733, "delta": 1.416052}}
{"target": -11.08885330294382, "params": {"max_depth": 34.98845483046843, "n_estimators": 68.62686867433239}, "datetime": {"datetime": "2021-09-27 16:58:04", "elapsed": 322.901096, "delta": 2.297363}}
{"target": -11.079321620610742, "params": {"max_depth": 15.594549736655612, "n_estimators": 71.07149130044704}, "datetime": {"datetime": "2021-09-27 16:58:06", "elapsed": 324.899146, "delta": 1.99805}}
{"target": -10.956971841071688, "params": {"max_depth": 16.764393363652456, "n_estimators": 66.15066680289351}, "datetime": {"datetime": "2021-09-27 16:58:08", "elapsed": 326.977126, "delta": 2.07798}}
{"target": -11.030254501626976, "params": {"max_depth": 18.46120692447104, "n_estimators": 68.76359306803548}, "datetime": {"datetime": "2021-09-27 16:58:10", "elapsed": 328.815698, "delta": 1.838572}}
{"target": -11.104451286110764, "params": {"max_depth": 22.55041070263914, "n_estimators": 70.83557478032779}, "datetime": {"datetime": "2021-09-27 16:58:12", "elapsed": 330.828358, "delta": 2.01266}}
{"target": -11.02216540553383, "params": {"max_depth": 33.462659616523624, "n_estimators": 65.42846802572348}, "datetime": {"datetime": "2021-09-27 16:58:13", "elapsed": 332.207179, "delta": 1.378821}}
{"target": -10.956971841071688, "params": {"max_depth": 16.548800876492855, "n_estimators": 66.61262366527286}, "datetime": {"datetime": "2021-09-27 16:58:15", "elapsed": 333.901563, "delta": 1.694384}}
{"target": -11.031907831663908, "params": {"max_depth": 24.988552943611243, "n_estimators": 67.44797867721259}, "datetime": {"datetime": "2021-09-27 16:58:17", "elapsed": 335.601395, "delta": 1.699832}}
{"target": -10.964487382894891, "params": {"max_depth": 16.71069661418853, "n_estimators": 67.13605856752554}, "datetime": {"datetime": "2021-09-27 16:58:19", "elapsed": 337.598496, "delta": 1.997101}}
{"target": -11.0881276904403, "params": {"max_depth": 19.42907108854515, "n_estimators": 70.37148249812229}, "datetime": {"datetime": "2021-09-27 16:58:20", "elapsed": 339.001457, "delta": 1.402961}}
{"target": -11.026648056847742, "params": {"max_depth": 22.155355399013693, "n_estimators": 66.75469986701731}, "datetime": {"datetime": "2021-09-27 16:58:22", "elapsed": 340.45546, "delta": 1.454003}}
{"target": -11.121069161177589, "params": {"max_depth": 19.456892212307118, "n_estimators": 64.5325731352879}, "datetime": {"datetime": "2021-09-27 16:58:23", "elapsed": 341.901463, "delta": 1.446003}}
{"target": -10.956971841071688, "params": {"max_depth": 16.07673171568719, "n_estimators": 66.39272434426478}, "datetime": {"datetime": "2021-09-27 16:58:25", "elapsed": 343.721237, "delta": 1.819774}}
{"target": -11.02216540553383, "params": {"max_depth": 25.987238884190862, "n_estimators": 65.64499703464013}, "datetime": {"datetime": "2021-09-27 16:58:26", "elapsed": 345.347982, "delta": 1.626745}}
{"target": -11.010547558057073, "params": {"max_depth": 17.077534370293314, "n_estimators": 66.92802328891452}, "datetime": {"datetime": "2021-09-27 16:58:28", "elapsed": 347.144028, "delta": 1.796046}}
{"target": -11.017846384838718, "params": {"max_depth": 17.838662006126423, "n_estimators": 67.57408581399285}, "datetime": {"datetime": "2021-09-27 16:58:30", "elapsed": 349.099412, "delta": 1.955384}}
{"target": -11.075696168811424, "params": {"max_depth": 14.013796519959783, "n_estimators": 67.50509284965018}, "datetime": {"datetime": "2021-09-27 16:58:32", "elapsed": 350.940018, "delta": 1.840606}}
{"target": -11.026648056847742, "params": {"max_depth": 33.02446668657133, "n_estimators": 66.47378395382066}, "datetime": {"datetime": "2021-09-27 16:58:34", "elapsed": 352.616232, "delta": 1.676214}}
{"target": -11.026648056847742, "params": {"max_depth": 25.393369512938644, "n_estimators": 66.18520254907453}, "datetime": {"datetime": "2021-09-27 16:58:36", "elapsed": 354.664297, "delta": 2.048065}}
{"target": -11.078268511214807, "params": {"max_depth": 17.762382697181057, "n_estimators": 69.70203651777709}, "datetime": {"datetime": "2021-09-27 16:58:37", "elapsed": 356.26649, "delta": 1.602193}}
{"target": -11.009945572838891, "params": {"max_depth": 16.848165845089994, "n_estimators": 68.50649341690882}, "datetime": {"datetime": "2021-09-27 16:58:39", "elapsed": 357.982765, "delta": 1.716275}}
{"target": -11.036802412258973, "params": {"max_depth": 16.792436502520182, "n_estimators": 69.28599307895216}, "datetime": {"datetime": "2021-09-27 16:58:41", "elapsed": 359.927972, "delta": 1.945207}}
{"target": -10.978236811183601, "params": {"max_depth": 18.252535773077582, "n_estimators": 67.0068498142217}, "datetime": {"datetime": "2021-09-27 16:58:43", "elapsed": 361.708852, "delta": 1.78088}}
{"target": -11.031907831663908, "params": {"max_depth": 27.04827245678593, "n_estimators": 67.2966214125368}, "datetime": {"datetime": "2021-09-27 16:58:45", "elapsed": 363.96675, "delta": 2.257898}}
{"target": -11.02216540553383, "params": {"max_depth": 27.656470591733004, "n_estimators": 65.34151215155694}, "datetime": {"datetime": "2021-09-27 16:58:47", "elapsed": 366.306924, "delta": 2.340174}}
{"target": -10.956971841071688, "params": {"max_depth": 16.888093293630135, "n_estimators": 66.67687685637074}, "datetime": {"datetime": "2021-09-27 16:58:49", "elapsed": 368.004274, "delta": 1.69735}}
{"target": -11.031907831663908, "params": {"max_depth": 35.0, "n_estimators": 67.34497045580255}, "datetime": {"datetime": "2021-09-27 16:58:51", "elapsed": 369.973926, "delta": 1.969652}}
{"target": -11.026648056847742, "params": {"max_depth": 26.10213070835843, "n_estimators": 66.21542788698135}, "datetime": {"datetime": "2021-09-27 16:58:52", "elapsed": 371.428774, "delta": 1.454848}}
{"target": -11.026648056847742, "params": {"max_depth": 23.848989292391387, "n_estimators": 66.81820469156912}, "datetime": {"datetime": "2021-09-27 16:58:55", "elapsed": 373.89241, "delta": 2.463636}}
{"target": -10.9864734145706, "params": {"max_depth": 15.707324442509226, "n_estimators": 67.56038368329828}, "datetime": {"datetime": "2021-09-27 16:58:57", "elapsed": 376.303571, "delta": 2.411161}}
{"target": -11.10824509660984, "params": {"max_depth": 29.51924374004824, "n_estimators": 71.99811623119685}, "datetime": {"datetime": "2021-09-27 16:59:00", "elapsed": 378.49372, "delta": 2.190149}}
{"target": -11.044599491088347, "params": {"max_depth": 20.149194182628868, "n_estimators": 68.45190729132503}, "datetime": {"datetime": "2021-09-27 16:59:02", "elapsed": 380.766974, "delta": 2.273254}}
{"target": -10.98344908311474, "params": {"max_depth": 20.01214367393119, "n_estimators": 66.92949654883394}, "datetime": {"datetime": "2021-09-27 16:59:04", "elapsed": 382.684339, "delta": 1.917365}}
{"target": -11.026648056847742, "params": {"max_depth": 30.118897494064818, "n_estimators": 66.86856458733249}, "datetime": {"datetime": "2021-09-27 16:59:06", "elapsed": 384.497925, "delta": 1.813586}}
{"target": -11.02216540553383, "params": {"max_depth": 28.801336757186398, "n_estimators": 65.78852331153934}, "datetime": {"datetime": "2021-09-27 16:59:07", "elapsed": 386.263904, "delta": 1.765979}}
{"target": -11.086329768900507, "params": {"max_depth": 19.13965454848213, "n_estimators": 69.51315602714634}, "datetime": {"datetime": "2021-09-27 16:59:09", "elapsed": 388.394974, "delta": 2.13107}}
{"target": -10.964487382894891, "params": {"max_depth": 16.671260435130755, "n_estimators": 67.98655763839209}, "datetime": {"datetime": "2021-09-27 16:59:11", "elapsed": 390.226262, "delta": 1.831288}}
