{"target": 0.8414039086135496, "params": {"max_depth": 13.093638136374645, "n_estimators": 72.31212485077366}, "datetime": {"datetime": "2021-09-21 13:17:53", "elapsed": 0.0, "delta": 0.0}}
{"target": 0.5276168258216661, "params": {"max_depth": 1.0033168697030017, "n_estimators": 30.930924690552136}, "datetime": {"datetime": "2021-09-21 13:17:53", "elapsed": 0.10896, "delta": 0.10896}}
{"target": 0.8153498181927024, "params": {"max_depth": 5.255920833696278, "n_estimators": 10.141520882110981}, "datetime": {"datetime": "2021-09-21 13:17:53", "elapsed": 0.15898, "delta": 0.05002}}
{"target": 0.8294330250588996, "params": {"max_depth": 6.4015461299524565, "n_estimators": 35.210511977261724}, "datetime": {"datetime": "2021-09-21 13:17:53", "elapsed": 0.322, "delta": 0.16302}}
{"target": 0.8415635283465692, "params": {"max_depth": 12.506256752689428, "n_estimators": 54.34285666633234}, "datetime": {"datetime": "2021-09-21 13:17:54", "elapsed": 0.774907, "delta": 0.452907}}
{"target": 0.8449557294181316, "params": {"max_depth": 13.15664091769555, "n_estimators": 68.83673053927919}, "datetime": {"datetime": "2021-09-21 13:17:54", "elapsed": 1.377605, "delta": 0.602698}}
{"target": 0.8279360043216029, "params": {"max_depth": 6.929115242214006, "n_estimators": 87.93362620270359}, "datetime": {"datetime": "2021-09-21 13:17:55", "elapsed": 1.925304, "delta": 0.547699}}
{"target": 0.5417820483907202, "params": {"max_depth": 1.7942402027398587, "n_estimators": 67.37628350766182}, "datetime": {"datetime": "2021-09-21 13:17:55", "elapsed": 2.157961, "delta": 0.232657}}
{"target": 0.8413115334375059, "params": {"max_depth": 13.101839268646682, "n_estimators": 56.310293016129414}, "datetime": {"datetime": "2021-09-21 13:17:56", "elapsed": 2.659719, "delta": 0.501758}}
{"target": 0.816954741715583, "params": {"max_depth": 5.071221219261779, "n_estimators": 20.612047419403}, "datetime": {"datetime": "2021-09-21 13:17:56", "elapsed": 2.750833, "delta": 0.091114}}
{"target": 0.8390448456213581, "params": {"max_depth": 10.860425925515159, "n_estimators": 39.52141680058484}, "datetime": {"datetime": "2021-09-21 13:17:56", "elapsed": 3.326866, "delta": 0.576033}}
{"target": 0.8459929261089042, "params": {"max_depth": 20.20802720278238, "n_estimators": 69.86351303576377}, "datetime": {"datetime": "2021-09-21 13:17:57", "elapsed": 4.062554, "delta": 0.735688}}
{"target": 0.8428136821683707, "params": {"max_depth": 20.33303477140819, "n_estimators": 61.77256605182999}, "datetime": {"datetime": "2021-09-21 13:17:58", "elapsed": 4.970019, "delta": 0.907465}}
{"target": 0.8463342608836032, "params": {"max_depth": 14.445580408002382, "n_estimators": 32.084346762374246}, "datetime": {"datetime": "2021-09-21 13:17:58", "elapsed": 5.543016, "delta": 0.572997}}
{"target": 0.8384618731990697, "params": {"max_depth": 21.32583488888159, "n_estimators": 51.72534595428931}, "datetime": {"datetime": "2021-09-21 13:17:59", "elapsed": 6.230962, "delta": 0.687946}}
{"target": 0.8414459369017752, "params": {"max_depth": 21.54828598656206, "n_estimators": 39.90649436395237}, "datetime": {"datetime": "2021-09-21 13:18:00", "elapsed": 6.807829, "delta": 0.576867}}
{"target": 0.8422042526126822, "params": {"max_depth": 24.11519430222373, "n_estimators": 30.5843261483469}, "datetime": {"datetime": "2021-09-21 13:18:00", "elapsed": 7.328822, "delta": 0.520993}}
{"target": 0.8449419566804114, "params": {"max_depth": 17.7332629107322, "n_estimators": 22.415404231930466}, "datetime": {"datetime": "2021-09-21 13:18:01", "elapsed": 7.771822, "delta": 0.443}}
{"target": 0.8405601390547576, "params": {"max_depth": 27.29513086484842, "n_estimators": 21.17120855162921}, "datetime": {"datetime": "2021-09-21 13:18:01", "elapsed": 8.193717, "delta": 0.421895}}
{"target": 0.8310139676060092, "params": {"max_depth": 20.680638104145668, "n_estimators": 13.12917573919618}, "datetime": {"datetime": "2021-09-21 13:18:01", "elapsed": 8.49968, "delta": 0.305963}}
{"target": 0.8408153495174326, "params": {"max_depth": 29.794100136697917, "n_estimators": 45.06971006323076}, "datetime": {"datetime": "2021-09-21 13:18:02", "elapsed": 8.948545, "delta": 0.448865}}
{"target": 0.8426783323159965, "params": {"max_depth": 29.831372314984794, "n_estimators": 57.399239783911895}, "datetime": {"datetime": "2021-09-21 13:18:03", "elapsed": 9.640547, "delta": 0.692002}}
{"target": 0.8468931568352174, "params": {"max_depth": 30.0, "n_estimators": 67.15069214383207}, "datetime": {"datetime": "2021-09-21 13:18:03", "elapsed": 10.298456, "delta": 0.657909}}
{"target": 0.842610712044809, "params": {"max_depth": 27.605194006048844, "n_estimators": 77.02948911200414}, "datetime": {"datetime": "2021-09-21 13:18:04", "elapsed": 11.038357, "delta": 0.739901}}
{"target": 0.8407113405941399, "params": {"max_depth": 18.715266619538937, "n_estimators": 81.44099247045396}, "datetime": {"datetime": "2021-09-21 13:18:05", "elapsed": 11.769371, "delta": 0.731014}}
{"target": 0.8427187596353257, "params": {"max_depth": 27.23768059135014, "n_estimators": 87.66654569873043}, "datetime": {"datetime": "2021-09-21 13:18:05", "elapsed": 12.550155, "delta": 0.780784}}
{"target": 0.8412878800039653, "params": {"max_depth": 18.247829769526547, "n_estimators": 92.04753123105124}, "datetime": {"datetime": "2021-09-21 13:18:06", "elapsed": 13.323027, "delta": 0.772872}}
{"target": 0.8428501009032626, "params": {"max_depth": 26.703610991815154, "n_estimators": 97.74676778559132}, "datetime": {"datetime": "2021-09-21 13:18:07", "elapsed": 14.186471, "delta": 0.863444}}
{"target": 0.8427297835027004, "params": {"max_depth": 12.35534065642619, "n_estimators": 100.0}, "datetime": {"datetime": "2021-09-21 13:18:08", "elapsed": 15.097466, "delta": 0.910995}}
{"target": 0.711609174615986, "params": {"max_depth": 2.511986866822368, "n_estimators": 99.92527079083544}, "datetime": {"datetime": "2021-09-21 13:18:09", "elapsed": 15.63047, "delta": 0.533004}}
{"target": 0.8433834471040578, "params": {"max_depth": 19.58768881084143, "n_estimators": 100.0}, "datetime": {"datetime": "2021-09-21 13:18:10", "elapsed": 16.575282, "delta": 0.944812}}
{"target": 0.8167482460828792, "params": {"max_depth": 30.0, "n_estimators": 8.607576755503256}, "datetime": {"datetime": "2021-09-21 13:18:10", "elapsed": 16.824726, "delta": 0.249444}}
{"target": 0.8416693109405853, "params": {"max_depth": 29.91014396829341, "n_estimators": 36.82843937493232}, "datetime": {"datetime": "2021-09-21 13:18:10", "elapsed": 17.453727, "delta": 0.629001}}
{"target": 0.729310656925364, "params": {"max_depth": 17.260680519928172, "n_estimators": 1.0}, "datetime": {"datetime": "2021-09-21 13:18:11", "elapsed": 17.677688, "delta": 0.223961}}
{"target": 0.7588344486511824, "params": {"max_depth": 3.8866398584046546, "n_estimators": 46.75792438354914}, "datetime": {"datetime": "2021-09-21 13:18:11", "elapsed": 18.082998, "delta": 0.40531}}
{"target": 0.8415388322457845, "params": {"max_depth": 12.421819883390052, "n_estimators": 16.3473054816464}, "datetime": {"datetime": "2021-09-21 13:18:11", "elapsed": 18.437023, "delta": 0.354025}}
{"target": 0.4608056060093476, "params": {"max_depth": 1.0217089751278068, "n_estimators": 1.0962643804488499}, "datetime": {"datetime": "2021-09-21 13:18:12", "elapsed": 18.639997, "delta": 0.202974}}
{"target": 0.7086823708316612, "params": {"max_depth": 30.0, "n_estimators": 1.0}, "datetime": {"datetime": "2021-09-21 13:18:12", "elapsed": 18.876837, "delta": 0.23684}}
{"target": 0.8390169268835116, "params": {"max_depth": 10.703722107236567, "n_estimators": 81.48388113695323}, "datetime": {"datetime": "2021-09-21 13:18:13", "elapsed": 19.632828, "delta": 0.755991}}
{"target": 0.5429251365118148, "params": {"max_depth": 1.2943652104725938, "n_estimators": 83.50701444669822}, "datetime": {"datetime": "2021-09-21 13:18:13", "elapsed": 20.139572, "delta": 0.506744}}
{"target": 0.8413330023439568, "params": {"max_depth": 12.649524244639236, "n_estimators": 88.51552628026741}, "datetime": {"datetime": "2021-09-21 13:18:14", "elapsed": 21.196487, "delta": 1.056915}}
{"target": 0.8374337014641423, "params": {"max_depth": 29.730126359602295, "n_estimators": 27.58739575587703}, "datetime": {"datetime": "2021-09-21 13:18:15", "elapsed": 21.785241, "delta": 0.588754}}
{"target": 0.8363764068197319, "params": {"max_depth": 30.0, "n_estimators": 15.347140700584019}, "datetime": {"datetime": "2021-09-21 13:18:15", "elapsed": 22.163821, "delta": 0.37858}}
{"target": 0.4942706284734155, "params": {"max_depth": 1.122119493376526, "n_estimators": 15.226115975633874}, "datetime": {"datetime": "2021-09-21 13:18:15", "elapsed": 22.49582, "delta": 0.331999}}
{"target": 0.836795066909796, "params": {"max_depth": 11.028076297262054, "n_estimators": 23.714978183365645}, "datetime": {"datetime": "2021-09-21 13:18:16", "elapsed": 23.088034, "delta": 0.592214}}
{"target": 0.8391547682916545, "params": {"max_depth": 16.367890647956557, "n_estimators": 46.1577209378719}, "datetime": {"datetime": "2021-09-21 13:18:17", "elapsed": 24.329713, "delta": 1.241679}}
{"target": 0.8115605769241749, "params": {"max_depth": 11.564411399357784, "n_estimators": 9.476736997012198}, "datetime": {"datetime": "2021-09-21 13:18:18", "elapsed": 25.039146, "delta": 0.709433}}
{"target": 0.8384618731990697, "params": {"max_depth": 28.668207159721224, "n_estimators": 51.262273076168206}, "datetime": {"datetime": "2021-09-21 13:18:19", "elapsed": 26.177208, "delta": 1.138062}}
{"target": 0.8369154234386018, "params": {"max_depth": 9.946341503037342, "n_estimators": 94.05110654376267}, "datetime": {"datetime": "2021-09-21 13:18:20", "elapsed": 27.515851, "delta": 1.338643}}
{"target": 0.8415113384581826, "params": {"max_depth": 29.95880108683743, "n_estimators": 82.3125209510876}, "datetime": {"datetime": "2021-09-21 13:18:22", "elapsed": 28.562179, "delta": 1.046328}}
{"target": 0.8445688807814286, "params": {"max_depth": 26.3373286371776, "n_estimators": 62.922992230094536}, "datetime": {"datetime": "2021-09-21 13:18:22", "elapsed": 29.344067, "delta": 0.781888}}
{"target": 0.8418410916563147, "params": {"max_depth": 29.941618332604474, "n_estimators": 92.80060054958612}, "datetime": {"datetime": "2021-09-21 13:18:23", "elapsed": 30.5257, "delta": 1.181633}}
{"target": 0.8435857242944609, "params": {"max_depth": 20.254048241513566, "n_estimators": 75.75927382821185}, "datetime": {"datetime": "2021-09-21 13:18:25", "elapsed": 31.556893, "delta": 1.031193}}
{"target": 0.8408153495174326, "params": {"max_depth": 23.600454247417012, "n_estimators": 45.751339561298124}, "datetime": {"datetime": "2021-09-21 13:18:26", "elapsed": 32.554975, "delta": 0.998082}}
{"target": 0.5389835122497719, "params": {"max_depth": 1.0424548117481418, "n_estimators": 54.84495407401972}, "datetime": {"datetime": "2021-09-21 13:18:26", "elapsed": 33.203325, "delta": 0.64835}}
{"target": 0.8418410916563147, "params": {"max_depth": 23.64465233178747, "n_estimators": 92.974237008783}, "datetime": {"datetime": "2021-09-21 13:18:27", "elapsed": 34.270246, "delta": 1.066921}}
{"target": 0.8364486578776358, "params": {"max_depth": 22.0480512683921, "n_estimators": 18.59367248046511}, "datetime": {"datetime": "2021-09-21 13:18:28", "elapsed": 34.703247, "delta": 0.433001}}
{"target": 0.8440960650996931, "params": {"max_depth": 30.0, "n_estimators": 100.0}, "datetime": {"datetime": "2021-09-21 13:18:29", "elapsed": 35.674365, "delta": 0.971118}}
{"target": 0.8451627073129638, "params": {"max_depth": 26.12351769606728, "n_estimators": 70.9994602601273}, "datetime": {"datetime": "2021-09-21 13:18:29", "elapsed": 36.493052, "delta": 0.818687}}
{"target": 0.8356997557541976, "params": {"max_depth": 19.15031947718005, "n_estimators": 27.80291056966595}, "datetime": {"datetime": "2021-09-21 13:18:30", "elapsed": 36.989595, "delta": 0.496543}}
{"target": 0.8433051887892459, "params": {"max_depth": 17.762470582432396, "n_estimators": 55.77925234593879}, "datetime": {"datetime": "2021-09-21 13:18:31", "elapsed": 37.667597, "delta": 0.678002}}
{"target": 0.8415113384581826, "params": {"max_depth": 24.26178061565813, "n_estimators": 82.39751727998201}, "datetime": {"datetime": "2021-09-21 13:18:32", "elapsed": 38.634405, "delta": 0.966808}}
{"target": 0.8433724790131981, "params": {"max_depth": 15.113400713954956, "n_estimators": 63.3867662888108}, "datetime": {"datetime": "2021-09-21 13:18:32", "elapsed": 39.416183, "delta": 0.781778}}
{"target": 0.8428408442406686, "params": {"max_depth": 19.149713490571983, "n_estimators": 34.850704091823786}, "datetime": {"datetime": "2021-09-21 13:18:33", "elapsed": 39.97798, "delta": 0.561797}}
{"target": 0.8198242459554504, "params": {"max_depth": 5.300518882020239, "n_estimators": 40.3957919734358}, "datetime": {"datetime": "2021-09-21 13:18:33", "elapsed": 40.485826, "delta": 0.507846}}
{"target": 0.8289945007827177, "params": {"max_depth": 8.869288479972054, "n_estimators": 19.11319513570404}, "datetime": {"datetime": "2021-09-21 13:18:34", "elapsed": 40.95179, "delta": 0.465964}}
{"target": 0.8435550321023848, "params": {"max_depth": 24.4903617713044, "n_estimators": 56.825335442600455}, "datetime": {"datetime": "2021-09-21 13:18:35", "elapsed": 41.632824, "delta": 0.681034}}
{"target": 0.8369539916059883, "params": {"max_depth": 10.81296395726178, "n_estimators": 46.933360522707005}, "datetime": {"datetime": "2021-09-21 13:18:35", "elapsed": 42.300858, "delta": 0.668034}}
{"target": 0.8426844946500095, "params": {"max_depth": 14.855529845509539, "n_estimators": 77.71198719887354}, "datetime": {"datetime": "2021-09-21 13:18:36", "elapsed": 43.159047, "delta": 0.858189}}
{"target": 0.8414425882634858, "params": {"max_depth": 15.523726914343603, "n_estimators": 96.23097699860367}, "datetime": {"datetime": "2021-09-21 13:18:37", "elapsed": 44.19183, "delta": 1.032783}}
{"target": 0.8428780227846578, "params": {"max_depth": 29.97153189640829, "n_estimators": 73.00516542057721}, "datetime": {"datetime": "2021-09-21 13:18:38", "elapsed": 45.103494, "delta": 0.911664}}
{"target": 0.8426182220955092, "params": {"max_depth": 20.324353079998367, "n_estimators": 87.06998908557516}, "datetime": {"datetime": "2021-09-21 13:18:39", "elapsed": 46.196979, "delta": 1.093485}}
{"target": 0.8416926564682665, "params": {"max_depth": 10.183156793284194, "n_estimators": 33.95919543770728}, "datetime": {"datetime": "2021-09-21 13:18:40", "elapsed": 46.79034, "delta": 0.593361}}
{"target": 0.8302894592788091, "params": {"max_depth": 25.73930184920664, "n_estimators": 11.999385147981876}, "datetime": {"datetime": "2021-09-21 13:18:40", "elapsed": 47.18664, "delta": 0.3963}}
{"target": 0.8416693109405853, "params": {"max_depth": 25.14022742135858, "n_estimators": 36.29603613317153}, "datetime": {"datetime": "2021-09-21 13:18:41", "elapsed": 47.763607, "delta": 0.576967}}
{"target": 0.8411451376345334, "params": {"max_depth": 24.216580603147136, "n_estimators": 25.291435086336328}, "datetime": {"datetime": "2021-09-21 13:18:41", "elapsed": 48.294487, "delta": 0.53088}}
{"target": 0.8423539052700237, "params": {"max_depth": 26.861369840064167, "n_estimators": 41.186045115814025}, "datetime": {"datetime": "2021-09-21 13:18:42", "elapsed": 48.911767, "delta": 0.61728}}
{"target": 0.8128711625921391, "params": {"max_depth": 8.738624205314748, "n_estimators": 12.546806103078879}, "datetime": {"datetime": "2021-09-21 13:18:42", "elapsed": 49.314764, "delta": 0.402997}}
{"target": 0.8356209079808897, "params": {"max_depth": 16.868701139103788, "n_estimators": 17.31982732916281}, "datetime": {"datetime": "2021-09-21 13:18:43", "elapsed": 49.862001, "delta": 0.547237}}
{"target": 0.8414523863698693, "params": {"max_depth": 14.174288685640926, "n_estimators": 83.74350149058505}, "datetime": {"datetime": "2021-09-21 13:18:44", "elapsed": 50.918898, "delta": 1.056897}}
{"target": 0.8373079774565161, "params": {"max_depth": 15.544581685641436, "n_estimators": 50.847394254008094}, "datetime": {"datetime": "2021-09-21 13:18:45", "elapsed": 51.610561, "delta": 0.691663}}
{"target": 0.841121081801808, "params": {"max_depth": 16.13565333924594, "n_estimators": 39.97741907264668}, "datetime": {"datetime": "2021-09-21 13:18:45", "elapsed": 52.180778, "delta": 0.570217}}
{"target": 0.8445772247388609, "params": {"max_depth": 29.811501494385013, "n_estimators": 32.13145740297291}, "datetime": {"datetime": "2021-09-21 13:18:46", "elapsed": 52.790771, "delta": 0.609993}}
{"target": 0.8470958005489442, "params": {"max_depth": 16.835925070174365, "n_estimators": 67.47785674307349}, "datetime": {"datetime": "2021-09-21 13:18:47", "elapsed": 53.675737, "delta": 0.884966}}
{"target": 0.8445688807814286, "params": {"max_depth": 29.980118358413502, "n_estimators": 62.635036737454286}, "datetime": {"datetime": "2021-09-21 13:18:47", "elapsed": 54.442963, "delta": 0.767226}}
{"target": 0.8463400251701998, "params": {"max_depth": 23.303832734847255, "n_estimators": 66.52076203967529}, "datetime": {"datetime": "2021-09-21 13:18:48", "elapsed": 55.460529, "delta": 1.017566}}
{"target": 0.8362143535480158, "params": {"max_depth": 7.139094612543239, "n_estimators": 23.587826203569225}, "datetime": {"datetime": "2021-09-21 13:18:49", "elapsed": 55.987524, "delta": 0.526995}}
{"target": 0.8173142488036258, "params": {"max_depth": 22.169770156086184, "n_estimators": 7.554621916494427}, "datetime": {"datetime": "2021-09-21 13:18:49", "elapsed": 56.442081, "delta": 0.454557}}
{"target": 0.843410044102145, "params": {"max_depth": 16.610622769424758, "n_estimators": 72.87434077529517}, "datetime": {"datetime": "2021-09-21 13:18:50", "elapsed": 57.289572, "delta": 0.847491}}
{"target": 0.8440960650996931, "params": {"max_depth": 24.120554367024127, "n_estimators": 100.0}, "datetime": {"datetime": "2021-09-21 13:18:52", "elapsed": 58.828055, "delta": 1.538483}}
{"target": 0.8361513238529099, "params": {"max_depth": 13.726166517712644, "n_estimators": 27.707720733464203}, "datetime": {"datetime": "2021-09-21 13:18:52", "elapsed": 59.408237, "delta": 0.580182}}
{"target": 0.8425037797211857, "params": {"max_depth": 29.95317177481246, "n_estimators": 88.0345386094928}, "datetime": {"datetime": "2021-09-21 13:18:53", "elapsed": 60.498847, "delta": 1.09061}}
{"target": 0.8420099347702994, "params": {"max_depth": 29.965364560979094, "n_estimators": 22.082470071981454}, "datetime": {"datetime": "2021-09-21 13:18:54", "elapsed": 61.005447, "delta": 0.5066}}
{"target": 0.8143401983734027, "params": {"max_depth": 7.5825389852945, "n_estimators": 7.7820562892785965}, "datetime": {"datetime": "2021-09-21 13:18:54", "elapsed": 61.440444, "delta": 0.434997}}
{"target": 0.8402258417346292, "params": {"max_depth": 10.238518336862136, "n_estimators": 85.88916302031683}, "datetime": {"datetime": "2021-09-21 13:18:55", "elapsed": 62.339977, "delta": 0.899533}}
{"target": 0.834286023166525, "params": {"max_depth": 8.980319432421958, "n_estimators": 90.48479757908467}, "datetime": {"datetime": "2021-09-21 13:18:56", "elapsed": 63.245118, "delta": 0.905141}}
{"target": 0.8425383331536698, "params": {"max_depth": 20.71612436097696, "n_estimators": 96.21233821259813}, "datetime": {"datetime": "2021-09-21 13:18:57", "elapsed": 64.289611, "delta": 1.044493}}
{"target": 0.8433329579741311, "params": {"max_depth": 14.414185059945892, "n_estimators": 36.05169809521263}, "datetime": {"datetime": "2021-09-21 13:18:58", "elapsed": 64.958639, "delta": 0.669028}}
{"target": 0.8275063767070705, "params": {"max_depth": 15.998112094457513, "n_estimators": 12.302275713205509}, "datetime": {"datetime": "2021-09-21 13:18:58", "elapsed": 65.427677, "delta": 0.469038}}
{"target": 0.829680883956927, "params": {"max_depth": 8.245400629255133, "n_estimators": 37.44357163923319}, "datetime": {"datetime": "2021-09-21 13:18:59", "elapsed": 66.076671, "delta": 0.648994}}
{"target": 0.8401133003822199, "params": {"max_depth": 12.68131370867162, "n_estimators": 43.504485290024036}, "datetime": {"datetime": "2021-09-21 13:19:00", "elapsed": 66.715282, "delta": 0.638611}}
{"target": 0.8421718177121944, "params": {"max_depth": 24.054442686145627, "n_estimators": 74.61414719477143}, "datetime": {"datetime": "2021-09-21 13:19:01", "elapsed": 67.584368, "delta": 0.869086}}
{"target": 0.8419605989481078, "params": {"max_depth": 16.344059296646673, "n_estimators": 59.97767926102239}, "datetime": {"datetime": "2021-09-21 13:19:01", "elapsed": 68.382362, "delta": 0.797994}}
{"target": 0.8384422196172481, "params": {"max_depth": 25.00760230427786, "n_estimators": 50.078305346111414}, "datetime": {"datetime": "2021-09-21 13:19:02", "elapsed": 69.204183, "delta": 0.821821}}
{"target": 0.8374391025136, "params": {"max_depth": 13.684891746293005, "n_estimators": 20.007503324676726}, "datetime": {"datetime": "2021-09-21 13:19:03", "elapsed": 69.72619, "delta": 0.522007}}
{"target": 0.8423539052700237, "params": {"max_depth": 30.0, "n_estimators": 41.0899551302432}, "datetime": {"datetime": "2021-09-21 13:19:03", "elapsed": 70.33263, "delta": 0.60644}}
{"target": 0.8402510714174899, "params": {"max_depth": 19.9845318200132, "n_estimators": 43.930156369554105}, "datetime": {"datetime": "2021-09-21 13:19:04", "elapsed": 71.069508, "delta": 0.736878}}
{"target": 0.8437824004453909, "params": {"max_depth": 15.75147422731409, "n_estimators": 99.99613972177097}, "datetime": {"datetime": "2021-09-21 13:19:05", "elapsed": 72.177853, "delta": 1.108345}}
{"target": 0.8423331825325571, "params": {"max_depth": 23.353221597106167, "n_estimators": 78.68128107724147}, "datetime": {"datetime": "2021-09-21 13:19:06", "elapsed": 73.08098, "delta": 0.903127}}
{"target": 0.8423331825325571, "params": {"max_depth": 29.95390677030593, "n_estimators": 78.4746474975261}, "datetime": {"datetime": "2021-09-21 13:19:07", "elapsed": 74.018012, "delta": 0.937032}}
