{"target": 0.835652549929423, "params": {"max_depth": 17.879779164749934, "n_estimators": 69.25381039101511}, "datetime": {"datetime": "2021-09-21 13:20:56", "elapsed": 163.451196, "delta": 1.67154}}
{"target": 0.8306740056965111, "params": {"max_depth": 17.93472388153888, "n_estimators": 49.21055384401917}, "datetime": {"datetime": "2021-09-21 13:20:57", "elapsed": 165.027393, "delta": 1.576197}}
{"target": 0.8373021018418377, "params": {"max_depth": 21.04160444818344, "n_estimators": 68.10207975798832}, "datetime": {"datetime": "2021-09-21 13:20:59", "elapsed": 166.555239, "delta": 1.527846}}
{"target": 0.8365406423534353, "params": {"max_depth": 14.514958989604613, "n_estimators": 93.66941502896465}, "datetime": {"datetime": "2021-09-21 13:21:01", "elapsed": 168.223483, "delta": 1.668244}}
{"target": 0.839022878538472, "params": {"max_depth": 15.130636140946981, "n_estimators": 65.19807536064064}, "datetime": {"datetime": "2021-09-21 13:21:02", "elapsed": 169.716414, "delta": 1.492931}}
{"target": 0.8370055004625485, "params": {"max_depth": 30.0, "n_estimators": 60.7855437157704}, "datetime": {"datetime": "2021-09-21 13:21:04", "elapsed": 171.309623, "delta": 1.593209}}
{"target": 0.83659472814148, "params": {"max_depth": 13.095283131083443, "n_estimators": 62.87046669809921}, "datetime": {"datetime": "2021-09-21 13:21:05", "elapsed": 172.804527, "delta": 1.494904}}
{"target": 0.8202305134115658, "params": {"max_depth": 6.0347807969170635, "n_estimators": 22.255742084403188}, "datetime": {"datetime": "2021-09-21 13:21:06", "elapsed": 174.050053, "delta": 1.245526}}
{"target": 0.8310252842673154, "params": {"max_depth": 8.76733759791357, "n_estimators": 25.687041786753873}, "datetime": {"datetime": "2021-09-21 13:21:08", "elapsed": 175.430779, "delta": 1.380726}}
{"target": 0.8352350806893929, "params": {"max_depth": 11.275742603146778, "n_estimators": 58.10565142689908}, "datetime": {"datetime": "2021-09-21 13:21:10", "elapsed": 177.269424, "delta": 1.838645}}
{"target": 0.8410986638865767, "params": {"max_depth": 25.857017271724015, "n_estimators": 26.052973779824608}, "datetime": {"datetime": "2021-09-21 13:21:11", "elapsed": 178.760259, "delta": 1.490835}}
{"target": 0.8324060398346875, "params": {"max_depth": 17.578086587074658, "n_estimators": 40.506387272216806}, "datetime": {"datetime": "2021-09-21 13:21:13", "elapsed": 180.188137, "delta": 1.427878}}
{"target": 0.8333799215404853, "params": {"max_depth": 17.444792882991198, "n_estimators": 82.66962488568954}, "datetime": {"datetime": "2021-09-21 13:21:15", "elapsed": 182.199139, "delta": 2.011002}}
{"target": 0.8323129647612948, "params": {"max_depth": 24.21539081150059, "n_estimators": 38.27454700164267}, "datetime": {"datetime": "2021-09-21 13:21:16", "elapsed": 183.565969, "delta": 1.36683}}
{"target": 0.8410986638865767, "params": {"max_depth": 22.25222615623279, "n_estimators": 26.44015520662688}, "datetime": {"datetime": "2021-09-21 13:21:18", "elapsed": 185.340201, "delta": 1.774232}}
{"target": 0.8385657485378749, "params": {"max_depth": 23.270681785410343, "n_estimators": 66.2399812416314}, "datetime": {"datetime": "2021-09-21 13:21:19", "elapsed": 187.047914, "delta": 1.707713}}
{"target": 0.8190535870077841, "params": {"max_depth": 20.390245190896554, "n_estimators": 13.779776096761857}, "datetime": {"datetime": "2021-09-21 13:21:21", "elapsed": 188.365534, "delta": 1.31762}}
{"target": 0.8331739296101035, "params": {"max_depth": 27.74191679347332, "n_estimators": 74.39467488089609}, "datetime": {"datetime": "2021-09-21 13:21:23", "elapsed": 190.259993, "delta": 1.894459}}
{"target": 0.8434172421662551, "params": {"max_depth": 24.812851115026707, "n_estimators": 19.95453370487838}, "datetime": {"datetime": "2021-09-21 13:21:24", "elapsed": 191.860501, "delta": 1.600508}}
{"target": 0.8331976058431529, "params": {"max_depth": 13.111773849499565, "n_estimators": 80.83285059084217}, "datetime": {"datetime": "2021-09-21 13:21:27", "elapsed": 194.453845, "delta": 2.593344}}
{"target": 0.8302604971865428, "params": {"max_depth": 17.144317336218876, "n_estimators": 43.61505010271619}, "datetime": {"datetime": "2021-09-21 13:21:29", "elapsed": 196.576469, "delta": 2.122624}}
{"target": 0.8128681462970191, "params": {"max_depth": 15.8785292128623, "n_estimators": 8.296297371492967}, "datetime": {"datetime": "2021-09-21 13:21:30", "elapsed": 197.902655, "delta": 1.326186}}
{"target": 0.8296701239482374, "params": {"max_depth": 13.13355022068387, "n_estimators": 34.56968487586309}, "datetime": {"datetime": "2021-09-21 13:21:32", "elapsed": 199.905876, "delta": 2.003221}}
{"target": 0.8379427592810298, "params": {"max_depth": 25.463322411856574, "n_estimators": 67.05713946528338}, "datetime": {"datetime": "2021-09-21 13:21:35", "elapsed": 202.256362, "delta": 2.350486}}
{"target": 0.8370055004625485, "params": {"max_depth": 27.846107263287777, "n_estimators": 60.969550928081595}, "datetime": {"datetime": "2021-09-21 13:21:36", "elapsed": 204.054236, "delta": 1.797874}}
{"target": 0.8309815724963303, "params": {"max_depth": 29.995199562256165, "n_estimators": 92.5840812731886}, "datetime": {"datetime": "2021-09-21 13:21:39", "elapsed": 206.617325, "delta": 2.563089}}
{"target": 0.8394219769313198, "params": {"max_depth": 14.23871044571464, "n_estimators": 21.321073503163984}, "datetime": {"datetime": "2021-09-21 13:21:41", "elapsed": 208.285726, "delta": 1.668401}}
{"target": 0.8362164182360006, "params": {"max_depth": 23.29800805938923, "n_estimators": 59.307134374488086}, "datetime": {"datetime": "2021-09-21 13:21:43", "elapsed": 210.6564, "delta": 2.370674}}
{"target": 0.8416664671257728, "params": {"max_depth": 24.01450701248841, "n_estimators": 25.636096369761688}, "datetime": {"datetime": "2021-09-21 13:21:45", "elapsed": 212.753268, "delta": 2.096868}}
{"target": 0.8434172421662551, "params": {"max_depth": 26.65729248501455, "n_estimators": 19.451141202644408}, "datetime": {"datetime": "2021-09-21 13:21:47", "elapsed": 214.189928, "delta": 1.43666}}
{"target": 0.8297117666955942, "params": {"max_depth": 8.976052130333446, "n_estimators": 23.594164271881013}, "datetime": {"datetime": "2021-09-21 13:21:49", "elapsed": 216.640041, "delta": 2.450113}}
{"target": 0.8263041799423414, "params": {"max_depth": 9.21689887096345, "n_estimators": 30.18037399118346}, "datetime": {"datetime": "2021-09-21 13:21:50", "elapsed": 218.049161, "delta": 1.40912}}
{"target": 0.8360665363967682, "params": {"max_depth": 14.317588439523414, "n_estimators": 52.21375315790892}, "datetime": {"datetime": "2021-09-21 13:21:52", "elapsed": 219.57005, "delta": 1.520889}}
{"target": 0.8333095117532934, "params": {"max_depth": 19.896884307427758, "n_estimators": 46.30513127770273}, "datetime": {"datetime": "2021-09-21 13:21:53", "elapsed": 221.051487, "delta": 1.481437}}
{"target": 0.8416664671257728, "params": {"max_depth": 28.42349909497035, "n_estimators": 25.961395446830352}, "datetime": {"datetime": "2021-09-21 13:21:56", "elapsed": 223.249743, "delta": 2.198256}}
{"target": 0.8343126770073466, "params": {"max_depth": 11.408041011284768, "n_estimators": 72.32696425903254}, "datetime": {"datetime": "2021-09-21 13:21:59", "elapsed": 226.324202, "delta": 3.074459}}
{"target": 0.8302167281022987, "params": {"max_depth": 9.075994046667791, "n_estimators": 76.61314624922682}, "datetime": {"datetime": "2021-09-21 13:22:01", "elapsed": 229.090355, "delta": 2.766153}}
{"target": 0.8375834157003961, "params": {"max_depth": 10.903059655236392, "n_estimators": 68.20105765152078}, "datetime": {"datetime": "2021-09-21 13:22:05", "elapsed": 232.151982, "delta": 3.061627}}
{"target": 0.8368902406657961, "params": {"max_depth": 17.71429782390878, "n_estimators": 61.34538017126594}, "datetime": {"datetime": "2021-09-21 13:22:07", "elapsed": 234.683789, "delta": 2.531807}}
{"target": 0.8434172421662551, "params": {"max_depth": 22.257353103058257, "n_estimators": 19.195503020484395}, "datetime": {"datetime": "2021-09-21 13:22:09", "elapsed": 236.338659, "delta": 1.65487}}
{"target": 0.8290274513626394, "params": {"max_depth": 9.141126275419984, "n_estimators": 86.78155972860702}, "datetime": {"datetime": "2021-09-21 13:22:12", "elapsed": 239.3091, "delta": 2.970441}}
{"target": 0.8342054482533516, "params": {"max_depth": 28.173863558671844, "n_estimators": 18.087700309949213}, "datetime": {"datetime": "2021-09-21 13:22:14", "elapsed": 241.669138, "delta": 2.360038}}
{"target": 0.8330485184042427, "params": {"max_depth": 20.56450650444769, "n_estimators": 93.39280216729142}, "datetime": {"datetime": "2021-09-21 13:22:17", "elapsed": 244.453776, "delta": 2.784638}}
{"target": 0.8252567767742243, "params": {"max_depth": 24.117761540060012, "n_estimators": 10.739395273108704}, "datetime": {"datetime": "2021-09-21 13:22:19", "elapsed": 246.736836, "delta": 2.28306}}
{"target": 0.8311138429405442, "params": {"max_depth": 22.827229878602665, "n_estimators": 43.01389666059512}, "datetime": {"datetime": "2021-09-21 13:22:21", "elapsed": 248.871616, "delta": 2.13478}}
{"target": 0.8337504898427195, "params": {"max_depth": 28.06544070653616, "n_estimators": 45.047090281996304}, "datetime": {"datetime": "2021-09-21 13:22:23", "elapsed": 251.082134, "delta": 2.210518}}
{"target": 0.8336340991641311, "params": {"max_depth": 13.357338670372886, "n_estimators": 89.17361637262341}, "datetime": {"datetime": "2021-09-21 13:22:26", "elapsed": 253.369477, "delta": 2.287343}}
{"target": 0.8415337047276287, "params": {"max_depth": 28.582586460309027, "n_estimators": 20.360621039838186}, "datetime": {"datetime": "2021-09-21 13:22:27", "elapsed": 254.942659, "delta": 1.573182}}
{"target": 0.8416664671257728, "params": {"max_depth": 29.985058532634866, "n_estimators": 25.363737741288748}, "datetime": {"datetime": "2021-09-21 13:22:30", "elapsed": 257.463125, "delta": 2.520466}}
{"target": 0.8351237328075682, "params": {"max_depth": 10.940017568946256, "n_estimators": 75.30146147790063}, "datetime": {"datetime": "2021-09-21 13:22:32", "elapsed": 259.90746, "delta": 2.444335}}
{"target": 0.8351646714021072, "params": {"max_depth": 27.835623681200413, "n_estimators": 53.31934330672582}, "datetime": {"datetime": "2021-09-21 13:22:34", "elapsed": 262.006134, "delta": 2.098674}}
{"target": 0.8394949869278584, "params": {"max_depth": 18.951964163749782, "n_estimators": 57.33658705848453}, "datetime": {"datetime": "2021-09-21 13:22:37", "elapsed": 264.462267, "delta": 2.456133}}
{"target": 0.8415337047276287, "params": {"max_depth": 25.90779567404301, "n_estimators": 20.074608126622575}, "datetime": {"datetime": "2021-09-21 13:22:39", "elapsed": 266.73187, "delta": 2.269603}}
{"target": 0.8434172421662551, "params": {"max_depth": 27.48487469460485, "n_estimators": 19.718615903502602}, "datetime": {"datetime": "2021-09-21 13:22:41", "elapsed": 268.786591, "delta": 2.054721}}
{"target": 0.840690126894024, "params": {"max_depth": 20.239050099361428, "n_estimators": 26.72295891667805}, "datetime": {"datetime": "2021-09-21 13:22:44", "elapsed": 271.686045, "delta": 2.899454}}
{"target": 0.8312883953978364, "params": {"max_depth": 20.505267678338296, "n_estimators": 39.86425145659633}, "datetime": {"datetime": "2021-09-21 13:22:47", "elapsed": 274.531057, "delta": 2.845012}}
{"target": 0.8325400534414867, "params": {"max_depth": 21.40034896127071, "n_estimators": 33.04596031708178}, "datetime": {"datetime": "2021-09-21 13:22:50", "elapsed": 277.967165, "delta": 3.436108}}
{"target": 0.8353998111055199, "params": {"max_depth": 10.872272897238053, "n_estimators": 98.70930465228648}, "datetime": {"datetime": "2021-09-21 13:22:54", "elapsed": 281.218319, "delta": 3.251154}}
{"target": 0.8331947621046769, "params": {"max_depth": 22.514037048196695, "n_estimators": 77.7645541662291}, "datetime": {"datetime": "2021-09-21 13:22:57", "elapsed": 284.404655, "delta": 3.186336}}
{"target": 0.8331412437875939, "params": {"max_depth": 24.560146215206316, "n_estimators": 32.92137121416519}, "datetime": {"datetime": "2021-09-21 13:23:00", "elapsed": 287.167453, "delta": 2.762798}}
{"target": 0.8401848575237367, "params": {"max_depth": 14.422516615331322, "n_estimators": 61.424856016577785}, "datetime": {"datetime": "2021-09-21 13:23:02", "elapsed": 290.079164, "delta": 2.911711}}
{"target": 0.8378748328280867, "params": {"max_depth": 15.266816838674707, "n_estimators": 23.840009966500908}, "datetime": {"datetime": "2021-09-21 13:23:05", "elapsed": 292.744548, "delta": 2.665384}}
{"target": 0.8347096254132632, "params": {"max_depth": 25.113596637814105, "n_estimators": 100.0}, "datetime": {"datetime": "2021-09-21 13:23:08", "elapsed": 295.284512, "delta": 2.539964}}
{"target": 0.837060882955572, "params": {"max_depth": 12.500635579158052, "n_estimators": 67.32702984476889}, "datetime": {"datetime": "2021-09-21 13:23:11", "elapsed": 298.326544, "delta": 3.042032}}
{"target": 0.8434172421662551, "params": {"max_depth": 23.86478101903274, "n_estimators": 19.925258469223564}, "datetime": {"datetime": "2021-09-21 13:23:14", "elapsed": 301.37699, "delta": 3.050446}}
{"target": 0.8438137016274821, "params": {"max_depth": 18.248121380891092, "n_estimators": 19.163491330635985}, "datetime": {"datetime": "2021-09-21 13:23:16", "elapsed": 303.451911, "delta": 2.074921}}
{"target": 0.8315951755023042, "params": {"max_depth": 11.718074504368916, "n_estimators": 86.88907491810883}, "datetime": {"datetime": "2021-09-21 13:23:18", "elapsed": 305.652581, "delta": 2.20067}}
{"target": 0.832059174268659, "params": {"max_depth": 15.293118228630338, "n_estimators": 84.4949560613013}, "datetime": {"datetime": "2021-09-21 13:23:21", "elapsed": 308.652971, "delta": 3.00039}}
{"target": 0.8200148964284724, "params": {"max_depth": 6.87240011012286, "n_estimators": 19.660942659096015}, "datetime": {"datetime": "2021-09-21 13:23:23", "elapsed": 310.485763, "delta": 1.832792}}
{"target": 0.8349588535216332, "params": {"max_depth": 10.561311126979279, "n_estimators": 20.182439986732906}, "datetime": {"datetime": "2021-09-21 13:23:25", "elapsed": 312.402936, "delta": 1.917173}}
{"target": 0.8169433988319317, "params": {"max_depth": 11.242714607425656, "n_estimators": 16.31703524374084}, "datetime": {"datetime": "2021-09-21 13:23:27", "elapsed": 314.174798, "delta": 1.771862}}
{"target": 0.8361397304917799, "params": {"max_depth": 24.842547231408876, "n_estimators": 69.94443073555041}, "datetime": {"datetime": "2021-09-21 13:23:29", "elapsed": 316.264112, "delta": 2.089314}}
{"target": 0.8347408863970005, "params": {"max_depth": 20.4963990088399, "n_estimators": 98.50014292377837}, "datetime": {"datetime": "2021-09-21 13:23:31", "elapsed": 319.002551, "delta": 2.738439}}
{"target": 0.8393151474667044, "params": {"max_depth": 18.693588726519412, "n_estimators": 54.928155955026966}, "datetime": {"datetime": "2021-09-21 13:23:34", "elapsed": 321.203665, "delta": 2.201114}}
{"target": 0.8377134880069188, "params": {"max_depth": 20.525539606084784, "n_estimators": 60.210862967429975}, "datetime": {"datetime": "2021-09-21 13:23:35", "elapsed": 323.083813, "delta": 1.880148}}
{"target": 0.8371630374554601, "params": {"max_depth": 16.084123507478083, "n_estimators": 67.80249736212073}, "datetime": {"datetime": "2021-09-21 13:23:38", "elapsed": 325.38483, "delta": 2.301017}}
{"target": 0.8378467846255921, "params": {"max_depth": 19.157407174931624, "n_estimators": 66.70688008556611}, "datetime": {"datetime": "2021-09-21 13:23:40", "elapsed": 327.833124, "delta": 2.448294}}
{"target": 0.8342370154835776, "params": {"max_depth": 24.720320004869528, "n_estimators": 73.11214293316569}, "datetime": {"datetime": "2021-09-21 13:23:43", "elapsed": 330.273764, "delta": 2.44064}}
{"target": 0.8335771437940135, "params": {"max_depth": 17.607316862837397, "n_estimators": 27.030719849892616}, "datetime": {"datetime": "2021-09-21 13:23:45", "elapsed": 332.307068, "delta": 2.033304}}
{"target": 0.8413201063268518, "params": {"max_depth": 19.212073752252106, "n_estimators": 25.188760104832895}, "datetime": {"datetime": "2021-09-21 13:23:46", "elapsed": 333.931088, "delta": 1.62402}}
{"target": 0.8301497105684961, "params": {"max_depth": 17.416749703965923, "n_estimators": 30.928382698223146}, "datetime": {"datetime": "2021-09-21 13:23:48", "elapsed": 335.864713, "delta": 1.933625}}
{"target": 0.8330358090292455, "params": {"max_depth": 14.509764162876635, "n_estimators": 28.437124317919753}, "datetime": {"datetime": "2021-09-21 13:23:51", "elapsed": 338.658113, "delta": 2.7934}}
{"target": 0.8365219605587477, "params": {"max_depth": 22.252692014532066, "n_estimators": 28.83480925293801}, "datetime": {"datetime": "2021-09-21 13:23:53", "elapsed": 340.627535, "delta": 1.969422}}
{"target": 0.8359607458194057, "params": {"max_depth": 25.724762218203825, "n_estimators": 55.287326960983755}, "datetime": {"datetime": "2021-09-21 13:23:56", "elapsed": 343.49589, "delta": 2.868355}}
{"target": 0.8415337047276287, "params": {"max_depth": 24.344880762501273, "n_estimators": 20.537814553992458}, "datetime": {"datetime": "2021-09-21 13:23:59", "elapsed": 346.206659, "delta": 2.710769}}
{"target": 0.8410545907133922, "params": {"max_depth": 22.314374209110348, "n_estimators": 22.654741113299952}, "datetime": {"datetime": "2021-09-21 13:24:01", "elapsed": 348.26084, "delta": 2.054181}}
{"target": 0.8332131376992788, "params": {"max_depth": 30.0, "n_estimators": 40.7051571545746}, "datetime": {"datetime": "2021-09-21 13:24:03", "elapsed": 350.981879, "delta": 2.721039}}
{"target": 0.8330664323103977, "params": {"max_depth": 16.348520177630647, "n_estimators": 53.13897336214364}, "datetime": {"datetime": "2021-09-21 13:24:07", "elapsed": 354.189649, "delta": 3.20777}}
{"target": 0.8318213116840485, "params": {"max_depth": 12.485534396440078, "n_estimators": 93.9935140018466}, "datetime": {"datetime": "2021-09-21 13:24:10", "elapsed": 357.394627, "delta": 3.204978}}
{"target": 0.8389718904845922, "params": {"max_depth": 20.62487221059972, "n_estimators": 23.343363754304782}, "datetime": {"datetime": "2021-09-21 13:24:12", "elapsed": 359.936825, "delta": 2.542198}}
{"target": 0.8410545907133922, "params": {"max_depth": 23.605276360271322, "n_estimators": 22.831891837675126}, "datetime": {"datetime": "2021-09-21 13:24:15", "elapsed": 362.522581, "delta": 2.585756}}
{"target": 0.8388579049244228, "params": {"max_depth": 14.876084863803428, "n_estimators": 55.72013305024031}, "datetime": {"datetime": "2021-09-21 13:24:18", "elapsed": 365.918828, "delta": 3.396247}}
{"target": 0.8322127742918584, "params": {"max_depth": 26.833576635423086, "n_estimators": 79.95939568524562}, "datetime": {"datetime": "2021-09-21 13:24:21", "elapsed": 368.33574, "delta": 2.416912}}
{"target": 0.8438137016274821, "params": {"max_depth": 18.434419376654425, "n_estimators": 19.669369951500958}, "datetime": {"datetime": "2021-09-21 13:24:22", "elapsed": 369.862872, "delta": 1.527132}}
{"target": 0.8345593512052257, "params": {"max_depth": 12.763956507764098, "n_estimators": 21.711663453033598}, "datetime": {"datetime": "2021-09-21 13:24:24", "elapsed": 371.750143, "delta": 1.887271}}
{"target": 0.8325475928087851, "params": {"max_depth": 16.13510281597365, "n_estimators": 73.84898364515863}, "datetime": {"datetime": "2021-09-21 13:24:27", "elapsed": 374.52937, "delta": 2.779227}}
{"target": 0.8415337047276287, "params": {"max_depth": 30.0, "n_estimators": 20.058545671815565}, "datetime": {"datetime": "2021-09-21 13:24:29", "elapsed": 376.392102, "delta": 1.862732}}
{"target": 0.8342054482533516, "params": {"max_depth": 29.96531620280802, "n_estimators": 18.462071611263134}, "datetime": {"datetime": "2021-09-21 13:24:31", "elapsed": 378.292231, "delta": 1.900129}}
{"target": 0.8410545907133922, "params": {"max_depth": 28.71092499070281, "n_estimators": 22.460797526078995}, "datetime": {"datetime": "2021-09-21 13:24:33", "elapsed": 380.249657, "delta": 1.957426}}
{"target": 0.8231111563689438, "params": {"max_depth": 27.965510499814332, "n_estimators": 14.30261643248572}, "datetime": {"datetime": "2021-09-21 13:24:34", "elapsed": 381.77435, "delta": 1.524693}}
{"target": 0.8273747561034803, "params": {"max_depth": 8.339479623057343, "n_estimators": 40.5033738223999}, "datetime": {"datetime": "2021-09-21 13:24:36", "elapsed": 383.464348, "delta": 1.689998}}
{"target": 0.8276835956143581, "params": {"max_depth": 8.511781703643912, "n_estimators": 94.51608055289176}, "datetime": {"datetime": "2021-09-21 13:24:39", "elapsed": 386.195345, "delta": 2.730997}}
{"target": 0.828815562314351, "params": {"max_depth": 12.022465815468422, "n_estimators": 31.25229911242383}, "datetime": {"datetime": "2021-09-21 13:24:41", "elapsed": 388.129345, "delta": 1.934}}
{"target": 0.8356026411469858, "params": {"max_depth": 10.697562592606246, "n_estimators": 64.7089309744815}, "datetime": {"datetime": "2021-09-21 13:24:43", "elapsed": 390.324525, "delta": 2.19518}}
{"target": 0.8316850416744755, "params": {"max_depth": 9.965914275818893, "n_estimators": 61.49136985463157}, "datetime": {"datetime": "2021-09-21 13:24:45", "elapsed": 392.307004, "delta": 1.982479}}
{"target": 0.8336826413401377, "params": {"max_depth": 19.9142616302536, "n_estimators": 75.97637271234359}, "datetime": {"datetime": "2021-09-21 13:24:47", "elapsed": 395.098633, "delta": 2.791629}}
{"target": 0.8370355557600471, "params": {"max_depth": 23.605554840717176, "n_estimators": 62.92001559995502}, "datetime": {"datetime": "2021-09-21 13:24:51", "elapsed": 398.805654, "delta": 3.707021}}
{"target": 0.8335708479249648, "params": {"max_depth": 10.159084895042811, "n_estimators": 78.83591578632543}, "datetime": {"datetime": "2021-09-21 13:24:55", "elapsed": 402.298346, "delta": 3.492692}}
{"target": 0.8363309832905725, "params": {"max_depth": 22.372332133673293, "n_estimators": 69.79211116387258}, "datetime": {"datetime": "2021-09-21 13:24:58", "elapsed": 405.350797, "delta": 3.052451}}
