{"target": -10.969416126074897, "params": {"max_depth": 16.41658886124658, "n_estimators": 109.13038689901632}, "datetime": {"datetime": "2021-09-27 18:21:43", "elapsed": 1136.034333, "delta": 4.588108}}
{"target": -10.969416126074897, "params": {"max_depth": 16.39165003380542, "n_estimators": 109.24841357802482}, "datetime": {"datetime": "2021-09-27 18:21:48", "elapsed": 1140.268213, "delta": 4.23388}}
{"target": -10.969416126074897, "params": {"max_depth": 16.337832908770693, "n_estimators": 109.02406174577803}, "datetime": {"datetime": "2021-09-27 18:21:53", "elapsed": 1145.676149, "delta": 5.407936}}
{"target": -10.969452426084928, "params": {"max_depth": 16.740978352916944, "n_estimators": 110.47105278727764}, "datetime": {"datetime": "2021-09-27 18:21:58", "elapsed": 1150.467492, "delta": 4.791343}}
{"target": -10.969416126074897, "params": {"max_depth": 16.537872449249186, "n_estimators": 109.95836104011205}, "datetime": {"datetime": "2021-09-27 18:22:04", "elapsed": 1156.550594, "delta": 6.083102}}
{"target": -10.969452426084928, "params": {"max_depth": 16.561384512617394, "n_estimators": 110.16161365134235}, "datetime": {"datetime": "2021-09-27 18:22:08", "elapsed": 1160.409865, "delta": 3.859271}}
{"target": -10.969452426084928, "params": {"max_depth": 16.720503283591192, "n_estimators": 110.10413184707744}, "datetime": {"datetime": "2021-09-27 18:22:15", "elapsed": 1167.370941, "delta": 6.961076}}
{"target": -10.969416126074897, "params": {"max_depth": 16.485384875237095, "n_estimators": 109.88332011503937}, "datetime": {"datetime": "2021-09-27 18:22:20", "elapsed": 1172.841585, "delta": 5.470644}}
{"target": -10.969452426084928, "params": {"max_depth": 16.673998052210187, "n_estimators": 110.26992194608995}, "datetime": {"datetime": "2021-09-27 18:22:24", "elapsed": 1176.983033, "delta": 4.141448}}
{"target": -10.969416126074897, "params": {"max_depth": 16.38888673162898, "n_estimators": 109.28406978638016}, "datetime": {"datetime": "2021-09-27 18:22:30", "elapsed": 1183.048939, "delta": 6.065906}}
{"target": -11.14516244189416, "params": {"max_depth": 14.1805460328289, "n_estimators": 157.69437594095626}, "datetime": {"datetime": "2021-09-27 18:22:37", "elapsed": 1189.627158, "delta": 6.578219}}
{"target": -10.969452426084928, "params": {"max_depth": 16.629527862289798, "n_estimators": 110.1616988738124}, "datetime": {"datetime": "2021-09-27 18:22:42", "elapsed": 1194.553354, "delta": 4.926196}}
{"target": -10.969416126074897, "params": {"max_depth": 16.344312028868018, "n_estimators": 109.73764570623706}, "datetime": {"datetime": "2021-09-27 18:22:48", "elapsed": 1200.926737, "delta": 6.373383}}
{"target": -10.969416126074897, "params": {"max_depth": 16.379065488109063, "n_estimators": 109.63748912898707}, "datetime": {"datetime": "2021-09-27 18:22:54", "elapsed": 1206.338981, "delta": 5.412244}}
{"target": -10.969416126074897, "params": {"max_depth": 16.437318450486472, "n_estimators": 109.86542277124964}, "datetime": {"datetime": "2021-09-27 18:22:59", "elapsed": 1212.159635, "delta": 5.820654}}
{"target": -10.969452426084928, "params": {"max_depth": 16.794278807717106, "n_estimators": 110.61302395809386}, "datetime": {"datetime": "2021-09-27 18:23:05", "elapsed": 1217.364241, "delta": 5.204606}}
{"target": -11.116537194157, "params": {"max_depth": 24.92881118509412, "n_estimators": 165.16102755785045}, "datetime": {"datetime": "2021-09-27 18:23:09", "elapsed": 1222.05857, "delta": 4.694329}}
{"target": -10.969452426084928, "params": {"max_depth": 16.856027479827027, "n_estimators": 110.51824117378088}, "datetime": {"datetime": "2021-09-27 18:23:14", "elapsed": 1226.338395, "delta": 4.279825}}
{"target": -10.969452426084928, "params": {"max_depth": 16.69599086211131, "n_estimators": 110.81934194794941}, "datetime": {"datetime": "2021-09-27 18:23:18", "elapsed": 1230.798176, "delta": 4.459781}}
{"target": -10.969416126074897, "params": {"max_depth": 16.366913190315707, "n_estimators": 109.45181216623239}, "datetime": {"datetime": "2021-09-27 18:23:24", "elapsed": 1237.183921, "delta": 6.385745}}
{"target": -10.969452426084928, "params": {"max_depth": 16.82209076880904, "n_estimators": 110.66776033216107}, "datetime": {"datetime": "2021-09-27 18:23:29", "elapsed": 1241.468784, "delta": 4.284863}}
{"target": -10.969416126074897, "params": {"max_depth": 16.45543890151076, "n_estimators": 109.83696070368319}, "datetime": {"datetime": "2021-09-27 18:23:35", "elapsed": 1247.523312, "delta": 6.054528}}
{"target": -10.969452426084928, "params": {"max_depth": 16.787443913330037, "n_estimators": 110.70317262966343}, "datetime": {"datetime": "2021-09-27 18:23:40", "elapsed": 1253.167469, "delta": 5.644157}}
{"target": -10.969452426084928, "params": {"max_depth": 16.73835370674136, "n_estimators": 110.48874962109038}, "datetime": {"datetime": "2021-09-27 18:23:46", "elapsed": 1258.285842, "delta": 5.118373}}
{"target": -10.969416126074897, "params": {"max_depth": 16.308433612330553, "n_estimators": 109.3366038495632}, "datetime": {"datetime": "2021-09-27 18:23:51", "elapsed": 1263.644219, "delta": 5.358377}}
{"target": -11.065967859477842, "params": {"max_depth": 15.24417493986597, "n_estimators": 136.8947654447396}, "datetime": {"datetime": "2021-09-27 18:23:56", "elapsed": 1269.066014, "delta": 5.421795}}
{"target": -11.029253995640902, "params": {"max_depth": 20.07552252755737, "n_estimators": 111.6801699418502}, "datetime": {"datetime": "2021-09-27 18:24:01", "elapsed": 1273.607456, "delta": 4.541442}}
{"target": -11.01565460258242, "params": {"max_depth": 21.826840704897982, "n_estimators": 109.38987083876805}, "datetime": {"datetime": "2021-09-27 18:24:07", "elapsed": 1279.810752, "delta": 6.203296}}
{"target": -10.996228055085925, "params": {"max_depth": 16.681203679506087, "n_estimators": 100.81030447900072}, "datetime": {"datetime": "2021-09-27 18:24:13", "elapsed": 1286.029452, "delta": 6.2187}}
{"target": -10.969416126074897, "params": {"max_depth": 16.307730701800956, "n_estimators": 109.92310072094429}, "datetime": {"datetime": "2021-09-27 18:24:17", "elapsed": 1290.133339, "delta": 4.103887}}
{"target": -10.969452426084928, "params": {"max_depth": 16.77815418678143, "n_estimators": 110.85537284319274}, "datetime": {"datetime": "2021-09-27 18:24:24", "elapsed": 1297.133576, "delta": 7.000237}}
{"target": -10.969416126074897, "params": {"max_depth": 16.41559375418525, "n_estimators": 109.66792694445861}, "datetime": {"datetime": "2021-09-27 18:24:29", "elapsed": 1302.17214, "delta": 5.038564}}
{"target": -10.973546801417134, "params": {"max_depth": 16.504482372209964, "n_estimators": 102.7352338193695}, "datetime": {"datetime": "2021-09-27 18:24:36", "elapsed": 1308.914192, "delta": 6.742052}}
{"target": -10.969416126074897, "params": {"max_depth": 16.451670428964604, "n_estimators": 109.38402642125399}, "datetime": {"datetime": "2021-09-27 18:24:42", "elapsed": 1314.720125, "delta": 5.805933}}
{"target": -10.969452426084928, "params": {"max_depth": 16.65650348205547, "n_estimators": 110.08381736639416}, "datetime": {"datetime": "2021-09-27 18:24:46", "elapsed": 1319.05022, "delta": 4.330095}}
{"target": -10.969452426084928, "params": {"max_depth": 16.794738144896957, "n_estimators": 110.41008113300094}, "datetime": {"datetime": "2021-09-27 18:24:53", "elapsed": 1325.452236, "delta": 6.402016}}
{"target": -10.969416126074897, "params": {"max_depth": 16.35461603731498, "n_estimators": 109.36041019196087}, "datetime": {"datetime": "2021-09-27 18:25:01", "elapsed": 1334.231471, "delta": 8.779235}}
{"target": -10.969452426084928, "params": {"max_depth": 16.854079641388743, "n_estimators": 110.65640247149645}, "datetime": {"datetime": "2021-09-27 18:25:08", "elapsed": 1340.285649, "delta": 6.054178}}
{"target": -10.969416126074897, "params": {"max_depth": 16.396297310537534, "n_estimators": 109.21881146115845}, "datetime": {"datetime": "2021-09-27 18:25:14", "elapsed": 1346.867968, "delta": 6.582319}}
{"target": -10.969452426084928, "params": {"max_depth": 16.712735698111203, "n_estimators": 110.19917343932144}, "datetime": {"datetime": "2021-09-27 18:25:18", "elapsed": 1351.068782, "delta": 4.200814}}
{"target": -10.969416126074897, "params": {"max_depth": 16.35312333108195, "n_estimators": 109.51740032255098}, "datetime": {"datetime": "2021-09-27 18:25:23", "elapsed": 1356.022872, "delta": 4.95409}}
{"target": -10.969416126074897, "params": {"max_depth": 16.528589596370825, "n_estimators": 109.3762009674394}, "datetime": {"datetime": "2021-09-27 18:25:30", "elapsed": 1362.576002, "delta": 6.55313}}
{"target": -10.969416126074897, "params": {"max_depth": 16.49110971474227, "n_estimators": 109.49526482319098}, "datetime": {"datetime": "2021-09-27 18:25:35", "elapsed": 1367.747895, "delta": 5.171893}}
{"target": -10.969452426084928, "params": {"max_depth": 16.69671434885327, "n_estimators": 110.46309624339949}, "datetime": {"datetime": "2021-09-27 18:25:40", "elapsed": 1372.335811, "delta": 4.587916}}
{"target": -10.969452426084928, "params": {"max_depth": 16.750649186486644, "n_estimators": 110.3530452166018}, "datetime": {"datetime": "2021-09-27 18:25:45", "elapsed": 1377.538102, "delta": 5.202291}}
{"target": -10.969452426084928, "params": {"max_depth": 16.782185203475976, "n_estimators": 110.75749028799662}, "datetime": {"datetime": "2021-09-27 18:25:50", "elapsed": 1382.477255, "delta": 4.939153}}
{"target": -10.969416126074897, "params": {"max_depth": 16.463367723990636, "n_estimators": 109.67044414208767}, "datetime": {"datetime": "2021-09-27 18:25:57", "elapsed": 1389.364819, "delta": 6.887564}}
{"target": -10.969452426084928, "params": {"max_depth": 16.9272375483861, "n_estimators": 110.39967701602949}, "datetime": {"datetime": "2021-09-27 18:26:02", "elapsed": 1394.74551, "delta": 5.380691}}
{"target": -10.969416126074897, "params": {"max_depth": 16.505632714814304, "n_estimators": 109.91913426465801}, "datetime": {"datetime": "2021-09-27 18:26:08", "elapsed": 1400.505969, "delta": 5.760459}}
{"target": -10.969416126074897, "params": {"max_depth": 16.44171744900281, "n_estimators": 109.98304081175297}, "datetime": {"datetime": "2021-09-27 18:26:13", "elapsed": 1406.141217, "delta": 5.635248}}
{"target": -10.969416126074897, "params": {"max_depth": 16.477883875345825, "n_estimators": 109.64274553684571}, "datetime": {"datetime": "2021-09-27 18:26:20", "elapsed": 1412.432695, "delta": 6.291478}}
{"target": -10.969452426084928, "params": {"max_depth": 16.7860545083714, "n_estimators": 110.6963265572544}, "datetime": {"datetime": "2021-09-27 18:26:25", "elapsed": 1418.184709, "delta": 5.752014}}
{"target": -11.111683525393463, "params": {"max_depth": 27.807653809217612, "n_estimators": 193.2600000807941}, "datetime": {"datetime": "2021-09-27 18:26:33", "elapsed": 1425.310035, "delta": 7.125326}}
{"target": -10.969452426084928, "params": {"max_depth": 16.573389364977977, "n_estimators": 110.06102599958453}, "datetime": {"datetime": "2021-09-27 18:26:40", "elapsed": 1432.24863, "delta": 6.938595}}
{"target": -10.969416126074897, "params": {"max_depth": 16.349494186188856, "n_estimators": 109.38336757561811}, "datetime": {"datetime": "2021-09-27 18:26:44", "elapsed": 1437.210744, "delta": 4.962114}}
{"target": -10.969452426084928, "params": {"max_depth": 16.51288808473135, "n_estimators": 110.05858737231945}, "datetime": {"datetime": "2021-09-27 18:26:50", "elapsed": 1443.055147, "delta": 5.844403}}
{"target": -10.969416126074897, "params": {"max_depth": 16.4679068347794, "n_estimators": 109.76055711234557}, "datetime": {"datetime": "2021-09-27 18:26:56", "elapsed": 1448.448118, "delta": 5.392971}}
{"target": -10.969416126074897, "params": {"max_depth": 16.50069507386028, "n_estimators": 109.6944739339488}, "datetime": {"datetime": "2021-09-27 18:27:05", "elapsed": 1457.266373, "delta": 8.818255}}
{"target": -11.123214365654906, "params": {"max_depth": 27.870870136463797, "n_estimators": 174.98234811226132}, "datetime": {"datetime": "2021-09-27 18:27:12", "elapsed": 1465.137189, "delta": 7.870816}}
{"target": -11.014473074238582, "params": {"max_depth": 20.819020431581034, "n_estimators": 104.54427354686231}, "datetime": {"datetime": "2021-09-27 18:27:19", "elapsed": 1471.731086, "delta": 6.593897}}
{"target": -10.969416126074897, "params": {"max_depth": 16.301456510259584, "n_estimators": 109.07230745064236}, "datetime": {"datetime": "2021-09-27 18:27:29", "elapsed": 1482.056329, "delta": 10.325243}}
{"target": -10.969416126074897, "params": {"max_depth": 16.315572040885563, "n_estimators": 109.38151757696305}, "datetime": {"datetime": "2021-09-27 18:27:36", "elapsed": 1489.11942, "delta": 7.063091}}
{"target": -10.969416126074897, "params": {"max_depth": 16.52049740526884, "n_estimators": 109.90575190770839}, "datetime": {"datetime": "2021-09-27 18:27:43", "elapsed": 1495.355429, "delta": 6.236009}}
{"target": -11.024012558108822, "params": {"max_depth": 17.01123403771358, "n_estimators": 110.75442346158759}, "datetime": {"datetime": "2021-09-27 18:27:48", "elapsed": 1500.662658, "delta": 5.307229}}
{"target": -14.221305396663778, "params": {"max_depth": 4.678071076567143, "n_estimators": 186.08658385755905}, "datetime": {"datetime": "2021-09-27 18:27:53", "elapsed": 1505.507921, "delta": 4.845263}}
{"target": -24.703119220386075, "params": {"max_depth": 1.1237837442720773, "n_estimators": 138.5124214074566}, "datetime": {"datetime": "2021-09-27 18:28:00", "elapsed": 1512.992752, "delta": 7.484831}}
{"target": -24.639730844676773, "params": {"max_depth": 1.0530259792766823, "n_estimators": 158.35755666525247}, "datetime": {"datetime": "2021-09-27 18:28:06", "elapsed": 1519.108876, "delta": 6.116124}}
{"target": -11.207735034081653, "params": {"max_depth": 11.7724072772299, "n_estimators": 182.3328163656081}, "datetime": {"datetime": "2021-09-27 18:28:13", "elapsed": 1526.159248, "delta": 7.050372}}
{"target": -11.190732256090936, "params": {"max_depth": 12.934070307875256, "n_estimators": 178.9162059231038}, "datetime": {"datetime": "2021-09-27 18:28:25", "elapsed": 1537.446648, "delta": 11.2874}}
{"target": -11.104863256210821, "params": {"max_depth": 15.557529678583819, "n_estimators": 199.81453268388924}, "datetime": {"datetime": "2021-09-27 18:28:32", "elapsed": 1544.944793, "delta": 7.498145}}
{"target": -11.123137282689662, "params": {"max_depth": 14.712276950568443, "n_estimators": 196.32554882135435}, "datetime": {"datetime": "2021-09-27 18:28:41", "elapsed": 1554.086445, "delta": 9.141652}}
{"target": -11.18129979413257, "params": {"max_depth": 13.815562684425357, "n_estimators": 192.69161285319953}, "datetime": {"datetime": "2021-09-27 18:28:49", "elapsed": 1561.500662, "delta": 7.414217}}
{"target": -11.110370464565234, "params": {"max_depth": 16.292500903770375, "n_estimators": 198.2991381939931}, "datetime": {"datetime": "2021-09-27 18:28:58", "elapsed": 1570.492295, "delta": 8.991633}}
{"target": -11.205802906364337, "params": {"max_depth": 12.525489836759428, "n_estimators": 153.72221128618713}, "datetime": {"datetime": "2021-09-27 18:29:07", "elapsed": 1580.045332, "delta": 9.553037}}
{"target": -11.129326174613889, "params": {"max_depth": 27.98396014099415, "n_estimators": 158.37710528565802}, "datetime": {"datetime": "2021-09-27 18:29:20", "elapsed": 1592.868347, "delta": 12.823015}}
{"target": -11.28384145077706, "params": {"max_depth": 9.450519392723299, "n_estimators": 109.77373305798788}, "datetime": {"datetime": "2021-09-27 18:29:26", "elapsed": 1598.741686, "delta": 5.873339}}
{"target": -11.118153870293149, "params": {"max_depth": 19.64068602459938, "n_estimators": 172.75763759264305}, "datetime": {"datetime": "2021-09-27 18:29:37", "elapsed": 1610.083856, "delta": 11.34217}}
{"target": -11.129278427865415, "params": {"max_depth": 19.37648019112491, "n_estimators": 160.54328785726756}, "datetime": {"datetime": "2021-09-27 18:29:45", "elapsed": 1618.214981, "delta": 8.131125}}
{"target": -11.092831105176423, "params": {"max_depth": 26.341430669954566, "n_estimators": 137.89540204260646}, "datetime": {"datetime": "2021-09-27 18:29:53", "elapsed": 1625.776964, "delta": 7.561983}}
{"target": -11.077360094677557, "params": {"max_depth": 15.42663597230022, "n_estimators": 194.93314091035126}, "datetime": {"datetime": "2021-09-27 18:30:03", "elapsed": 1635.776128, "delta": 9.999164}}
{"target": -11.151368973235131, "params": {"max_depth": 27.27775649521708, "n_estimators": 200.0}, "datetime": {"datetime": "2021-09-27 18:30:09", "elapsed": 1641.988956, "delta": 6.212828}}
{"target": -11.140726876033543, "params": {"max_depth": 24.693701246545917, "n_estimators": 177.82134438644462}, "datetime": {"datetime": "2021-09-27 18:30:19", "elapsed": 1651.945562, "delta": 9.956606}}
{"target": -11.101325945074507, "params": {"max_depth": 25.531149179696698, "n_estimators": 133.4966131296044}, "datetime": {"datetime": "2021-09-27 18:30:28", "elapsed": 1661.141131, "delta": 9.195569}}
{"target": -11.147733304416443, "params": {"max_depth": 28.788983601055897, "n_estimators": 185.83899403300603}, "datetime": {"datetime": "2021-09-27 18:30:34", "elapsed": 1667.214205, "delta": 6.073074}}
{"target": -11.111591744476705, "params": {"max_depth": 14.117695930022956, "n_estimators": 174.54446297596166}, "datetime": {"datetime": "2021-09-27 18:30:40", "elapsed": 1672.865961, "delta": 5.651756}}
{"target": -11.191782498169985, "params": {"max_depth": 13.474183181623303, "n_estimators": 182.98942193385744}, "datetime": {"datetime": "2021-09-27 18:30:46", "elapsed": 1678.989465, "delta": 6.123504}}
{"target": -11.098159257955635, "params": {"max_depth": 21.877100152404083, "n_estimators": 142.33493184767002}, "datetime": {"datetime": "2021-09-27 18:30:53", "elapsed": 1686.076221, "delta": 7.086756}}
{"target": -11.10831712395908, "params": {"max_depth": 21.958457119033387, "n_estimators": 194.15358198331577}, "datetime": {"datetime": "2021-09-27 18:31:02", "elapsed": 1694.277348, "delta": 8.201127}}
{"target": -11.108692274767813, "params": {"max_depth": 21.399320071637966, "n_estimators": 129.6841505866744}, "datetime": {"datetime": "2021-09-27 18:31:12", "elapsed": 1704.773981, "delta": 10.496633}}
{"target": -11.047718331457812, "params": {"max_depth": 15.538975407139795, "n_estimators": 133.06343505486666}, "datetime": {"datetime": "2021-09-27 18:31:19", "elapsed": 1711.915704, "delta": 7.141723}}
{"target": -11.091540457443116, "params": {"max_depth": 15.358673290863136, "n_estimators": 192.01057197730304}, "datetime": {"datetime": "2021-09-27 18:31:27", "elapsed": 1719.618114, "delta": 7.70241}}
{"target": -11.04564331856023, "params": {"max_depth": 23.145505889114087, "n_estimators": 113.13751332313403}, "datetime": {"datetime": "2021-09-27 18:31:32", "elapsed": 1724.986871, "delta": 5.368757}}
{"target": -11.083496062203627, "params": {"max_depth": 19.435276469352893, "n_estimators": 147.8221468262272}, "datetime": {"datetime": "2021-09-27 18:31:39", "elapsed": 1732.226988, "delta": 7.240117}}
{"target": -11.130649591031624, "params": {"max_depth": 14.757637649794479, "n_estimators": 140.71485434524322}, "datetime": {"datetime": "2021-09-27 18:31:45", "elapsed": 1738.147721, "delta": 5.920733}}
{"target": -11.094401021472592, "params": {"max_depth": 25.856416173825895, "n_estimators": 150.5558048404126}, "datetime": {"datetime": "2021-09-27 18:31:52", "elapsed": 1745.184781, "delta": 7.03706}}
{"target": -11.08277615499907, "params": {"max_depth": 24.61637308574697, "n_estimators": 126.62272885873091}, "datetime": {"datetime": "2021-09-27 18:32:01", "elapsed": 1754.028952, "delta": 8.844171}}
{"target": -11.154130099741163, "params": {"max_depth": 17.056745840219605, "n_estimators": 185.50456683061984}, "datetime": {"datetime": "2021-09-27 18:32:08", "elapsed": 1760.749131, "delta": 6.720179}}
{"target": -11.128681081171536, "params": {"max_depth": 16.969377175163405, "n_estimators": 200.0}, "datetime": {"datetime": "2021-09-27 18:32:16", "elapsed": 1768.64567, "delta": 7.896539}}
{"target": -11.101325945074507, "params": {"max_depth": 28.330531808980098, "n_estimators": 133.87152072436845}, "datetime": {"datetime": "2021-09-27 18:32:22", "elapsed": 1774.417186, "delta": 5.771516}}
{"target": -11.11949789649788, "params": {"max_depth": 14.334308629743202, "n_estimators": 162.72707791705562}, "datetime": {"datetime": "2021-09-27 18:32:28", "elapsed": 1780.523214, "delta": 6.106028}}
{"target": -11.132149571223088, "params": {"max_depth": 20.653602898355874, "n_estimators": 187.15662101995594}, "datetime": {"datetime": "2021-09-27 18:32:36", "elapsed": 1788.867403, "delta": 8.344189}}
{"target": -11.13999952522188, "params": {"max_depth": 29.99204084117244, "n_estimators": 171.78874981424968}, "datetime": {"datetime": "2021-09-27 18:32:42", "elapsed": 1794.645815, "delta": 5.778412}}
{"target": -11.108196596411277, "params": {"max_depth": 17.535765932780706, "n_estimators": 150.671113683551}, "datetime": {"datetime": "2021-09-27 18:32:49", "elapsed": 1802.063902, "delta": 7.418087}}
{"target": -11.082291982011826, "params": {"max_depth": 15.243865879258976, "n_estimators": 152.99426364785194}, "datetime": {"datetime": "2021-09-27 18:32:57", "elapsed": 1809.746959, "delta": 7.683057}}
{"target": -11.147896999950047, "params": {"max_depth": 28.325786360528202, "n_estimators": 181.69071522077743}, "datetime": {"datetime": "2021-09-27 18:33:07", "elapsed": 1819.479373, "delta": 9.732414}}
{"target": -11.090751050927242, "params": {"max_depth": 20.872664807588762, "n_estimators": 144.44441049178025}, "datetime": {"datetime": "2021-09-27 18:33:13", "elapsed": 1826.227818, "delta": 6.748445}}
{"target": -11.083788379304387, "params": {"max_depth": 25.94739263510813, "n_estimators": 124.59778396589763}, "datetime": {"datetime": "2021-09-27 18:33:21", "elapsed": 1833.284856, "delta": 7.057038}}
