{"target": 0.8383753340224582, "params": {"max_depth": 15.875748129910969, "n_estimators": 62.06521438263602}, "datetime": {"datetime": "2021-09-21 13:25:01", "elapsed": 408.587504, "delta": 3.236707}}
{"target": 0.8311226874509406, "params": {"max_depth": 27.73837795000348, "n_estimators": 94.36947711274266}, "datetime": {"datetime": "2021-09-21 13:25:03", "elapsed": 410.88598, "delta": 2.298476}}
{"target": 0.8380408173339485, "params": {"max_depth": 14.290657420903049, "n_estimators": 98.42896139461403}, "datetime": {"datetime": "2021-09-21 13:25:08", "elapsed": 415.39439, "delta": 4.50841}}
{"target": 0.8364392308172605, "params": {"max_depth": 28.615476689097356, "n_estimators": 64.95058382830888}, "datetime": {"datetime": "2021-09-21 13:25:10", "elapsed": 417.582711, "delta": 2.188321}}
{"target": 0.835028872091575, "params": {"max_depth": 28.51713367673498, "n_estimators": 71.83914226113329}, "datetime": {"datetime": "2021-09-21 13:25:14", "elapsed": 421.719808, "delta": 4.137097}}
{"target": 0.8341756372719809, "params": {"max_depth": 21.952778860349262, "n_estimators": 47.313246943718234}, "datetime": {"datetime": "2021-09-21 13:25:16", "elapsed": 423.76906, "delta": 2.049252}}
{"target": 0.8434172421662551, "params": {"max_depth": 29.2466874145811, "n_estimators": 19.565985437745233}, "datetime": {"datetime": "2021-09-21 13:25:18", "elapsed": 425.265503, "delta": 1.496443}}
{"target": 0.8410545907133922, "params": {"max_depth": 26.771028292376105, "n_estimators": 22.870776762721736}, "datetime": {"datetime": "2021-09-21 13:25:20", "elapsed": 427.519061, "delta": 2.253558}}
{"target": 0.8359331980582023, "params": {"max_depth": 19.112052423901325, "n_estimators": 64.87185268368077}, "datetime": {"datetime": "2021-09-21 13:25:23", "elapsed": 430.558189, "delta": 3.039128}}
{"target": 0.8333059195746112, "params": {"max_depth": 19.506397447273603, "n_estimators": 51.26833836032933}, "datetime": {"datetime": "2021-09-21 13:25:25", "elapsed": 433.058563, "delta": 2.500374}}
{"target": 0.8394432671312273, "params": {"max_depth": 15.213091333568013, "n_estimators": 22.16626727273866}, "datetime": {"datetime": "2021-09-21 13:25:28", "elapsed": 435.54157, "delta": 2.483007}}
{"target": 0.8331007722419533, "params": {"max_depth": 25.829211284872756, "n_estimators": 77.3571906157754}, "datetime": {"datetime": "2021-09-21 13:25:31", "elapsed": 438.362564, "delta": 2.820994}}
{"target": 0.8311881143885058, "params": {"max_depth": 28.73172693637951, "n_estimators": 88.45697524731924}, "datetime": {"datetime": "2021-09-21 13:25:33", "elapsed": 440.182133, "delta": 1.819569}}
{"target": 0.8338724245579101, "params": {"max_depth": 28.394778870779035, "n_estimators": 30.554622090787863}, "datetime": {"datetime": "2021-09-21 13:25:34", "elapsed": 442.11015, "delta": 1.928017}}
{"target": 0.8369882355000035, "params": {"max_depth": 13.13191735974205, "n_estimators": 70.4832999384406}, "datetime": {"datetime": "2021-09-21 13:25:39", "elapsed": 446.282129, "delta": 4.171979}}
{"target": 0.8434172421662551, "params": {"max_depth": 21.711816336956623, "n_estimators": 19.37064973991952}, "datetime": {"datetime": "2021-09-21 13:25:42", "elapsed": 450.019742, "delta": 3.737613}}
{"target": 0.8311226874509406, "params": {"max_depth": 25.342810811871853, "n_estimators": 94.34112811285638}, "datetime": {"datetime": "2021-09-21 13:25:46", "elapsed": 453.456697, "delta": 3.436955}}
{"target": 0.8416664671257728, "params": {"max_depth": 27.25116825426698, "n_estimators": 25.738847368390278}, "datetime": {"datetime": "2021-09-21 13:25:50", "elapsed": 457.266007, "delta": 3.80931}}
{"target": 0.8346873742637679, "params": {"max_depth": 13.963590206841369, "n_estimators": 54.775763934484}, "datetime": {"datetime": "2021-09-21 13:25:52", "elapsed": 459.598038, "delta": 2.332031}}
{"target": 0.8325599282634749, "params": {"max_depth": 10.276755640900966, "n_estimators": 52.246948289709216}, "datetime": {"datetime": "2021-09-21 13:25:54", "elapsed": 461.767992, "delta": 2.169954}}
{"target": 0.8346241961246463, "params": {"max_depth": 10.087585224534786, "n_estimators": 55.67684119578181}, "datetime": {"datetime": "2021-09-21 13:25:57", "elapsed": 464.51445, "delta": 2.746458}}
{"target": 0.8262514103334051, "params": {"max_depth": 9.220390227764153, "n_estimators": 48.6162378208825}, "datetime": {"datetime": "2021-09-21 13:26:00", "elapsed": 468.086129, "delta": 3.571679}}
{"target": 0.838428852283205, "params": {"max_depth": 15.26696185640557, "n_estimators": 57.54545573311944}, "datetime": {"datetime": "2021-09-21 13:26:03", "elapsed": 470.279751, "delta": 2.193622}}
{"target": 0.8351128851809091, "params": {"max_depth": 19.816182027060982, "n_estimators": 53.93123830825566}, "datetime": {"datetime": "2021-09-21 13:26:05", "elapsed": 472.70023, "delta": 2.420479}}
{"target": 0.8332369154765268, "params": {"max_depth": 23.749486529279977, "n_estimators": 52.397440346214466}, "datetime": {"datetime": "2021-09-21 13:26:08", "elapsed": 475.653395, "delta": 2.953165}}
{"target": 0.8366112782045311, "params": {"max_depth": 11.55573582176891, "n_estimators": 56.03720057902468}, "datetime": {"datetime": "2021-09-21 13:26:12", "elapsed": 479.363549, "delta": 3.710154}}
{"target": 0.8343359430398313, "params": {"max_depth": 26.014124763572923, "n_estimators": 98.50661666373223}, "datetime": {"datetime": "2021-09-21 13:26:15", "elapsed": 482.845042, "delta": 3.481493}}
{"target": 0.8362034234013597, "params": {"max_depth": 22.823322770846328, "n_estimators": 55.7732874855324}, "datetime": {"datetime": "2021-09-21 13:26:19", "elapsed": 486.162258, "delta": 3.317216}}
{"target": 0.8312761264350128, "params": {"max_depth": 22.235702146495385, "n_estimators": 88.37700348828115}, "datetime": {"datetime": "2021-09-21 13:26:21", "elapsed": 488.655469, "delta": 2.493211}}
{"target": 0.8352069873866181, "params": {"max_depth": 11.288535721032204, "n_estimators": 63.05069276061405}, "datetime": {"datetime": "2021-09-21 13:26:25", "elapsed": 492.213653, "delta": 3.558184}}
{"target": 0.8375673849615273, "params": {"max_depth": 18.716995286718852, "n_estimators": 71.34771213242236}, "datetime": {"datetime": "2021-09-21 13:26:27", "elapsed": 494.789179, "delta": 2.575526}}
{"target": 0.8356218910759707, "params": {"max_depth": 20.820704764415506, "n_estimators": 71.71417826721694}, "datetime": {"datetime": "2021-09-21 13:26:31", "elapsed": 498.660025, "delta": 3.870846}}
{"target": 0.831813066001623, "params": {"max_depth": 15.68845823423159, "n_estimators": 92.64055497425583}, "datetime": {"datetime": "2021-09-21 13:26:34", "elapsed": 501.818033, "delta": 3.158008}}
{"target": 0.8312167553156729, "params": {"max_depth": 11.372755202430566, "n_estimators": 90.7845382855078}, "datetime": {"datetime": "2021-09-21 13:26:39", "elapsed": 506.465578, "delta": 4.647545}}
{"target": 0.8329808905158687, "params": {"max_depth": 18.973108414450884, "n_estimators": 89.6685393942765}, "datetime": {"datetime": "2021-09-21 13:26:42", "elapsed": 509.120558, "delta": 2.65498}}
{"target": 0.8342054482533516, "params": {"max_depth": 21.77436957175353, "n_estimators": 18.596050374091636}, "datetime": {"datetime": "2021-09-21 13:26:44", "elapsed": 511.749103, "delta": 2.628545}}
{"target": 0.8155320572145232, "params": {"max_depth": 6.522914895062821, "n_estimators": 37.81433514082483}, "datetime": {"datetime": "2021-09-21 13:26:47", "elapsed": 514.917387, "delta": 3.168284}}
{"target": 0.8255110952381484, "params": {"max_depth": 11.62309337919811, "n_estimators": 37.071660988627954}, "datetime": {"datetime": "2021-09-21 13:26:50", "elapsed": 517.923697, "delta": 3.00631}}
{"target": 0.8434172421662551, "params": {"max_depth": 23.154982830169956, "n_estimators": 19.114916417137426}, "datetime": {"datetime": "2021-09-21 13:26:53", "elapsed": 520.128193, "delta": 2.204496}}
{"target": 0.8239124741074335, "params": {"max_depth": 8.349405524456646, "n_estimators": 33.50025531258789}, "datetime": {"datetime": "2021-09-21 13:26:55", "elapsed": 522.966391, "delta": 2.838198}}
{"target": 0.5331794583153375, "params": {"max_depth": 1.2007801706357712, "n_estimators": 41.711782151848034}, "datetime": {"datetime": "2021-09-21 13:26:57", "elapsed": 524.848116, "delta": 1.881725}}
{"target": 0.8275377068217706, "params": {"max_depth": 7.29259517546782, "n_estimators": 45.1423686627455}, "datetime": {"datetime": "2021-09-21 13:27:00", "elapsed": 527.57258, "delta": 2.724464}}
{"target": 0.8257354766731272, "params": {"max_depth": 7.055610777476525, "n_estimators": 42.46085703096171}, "datetime": {"datetime": "2021-09-21 13:27:04", "elapsed": 531.237837, "delta": 3.665257}}
{"target": 0.8299218747425621, "params": {"max_depth": 9.208327924900921, "n_estimators": 82.57301806279783}, "datetime": {"datetime": "2021-09-21 13:27:07", "elapsed": 534.137358, "delta": 2.899521}}
{"target": 0.8089292533103265, "params": {"max_depth": 19.60688607443101, "n_estimators": 9.81547823443139}, "datetime": {"datetime": "2021-09-21 13:27:09", "elapsed": 536.749407, "delta": 2.612049}}
{"target": 0.8214387123515663, "params": {"max_depth": 14.52660700898535, "n_estimators": 12.093308028278672}, "datetime": {"datetime": "2021-09-21 13:27:13", "elapsed": 540.941094, "delta": 4.191687}}
{"target": 0.8332131376992788, "params": {"max_depth": 25.126328088038516, "n_estimators": 40.847924091762486}, "datetime": {"datetime": "2021-09-21 13:27:17", "elapsed": 544.673513, "delta": 3.732419}}
{"target": 0.834551569127427, "params": {"max_depth": 25.1395285429815, "n_estimators": 35.312353623491205}, "datetime": {"datetime": "2021-09-21 13:27:21", "elapsed": 548.486217, "delta": 3.812704}}
{"target": 0.835125685950515, "params": {"max_depth": 20.486288162845387, "n_estimators": 30.560012638691955}, "datetime": {"datetime": "2021-09-21 13:27:25", "elapsed": 552.126693, "delta": 3.640476}}
{"target": 0.8320655211808469, "params": {"max_depth": 25.626165904975444, "n_estimators": 83.80181527842493}, "datetime": {"datetime": "2021-09-21 13:27:30", "elapsed": 557.88602, "delta": 5.759327}}
{"target": 0.8428161489553376, "params": {"max_depth": 20.958238408079495, "n_estimators": 19.495658278993638}, "datetime": {"datetime": "2021-09-21 13:27:34", "elapsed": 561.346477, "delta": 3.460457}}
{"target": 0.8397928744868796, "params": {"max_depth": 19.0792264782825, "n_estimators": 21.486898715316705}, "datetime": {"datetime": "2021-09-21 13:27:39", "elapsed": 566.520277, "delta": 5.1738}}
{"target": 0.8308972060045485, "params": {"max_depth": 8.745112181798556, "n_estimators": 71.65216175780202}, "datetime": {"datetime": "2021-09-21 13:27:43", "elapsed": 570.270267, "delta": 3.74999}}
{"target": 0.8278077740217036, "params": {"max_depth": 7.786472841806849, "n_estimators": 73.91083781225349}, "datetime": {"datetime": "2021-09-21 13:27:48", "elapsed": 575.372271, "delta": 5.102004}}
{"target": 0.8347852472933479, "params": {"max_depth": 10.654400546679028, "n_estimators": 54.155776811413475}, "datetime": {"datetime": "2021-09-21 13:27:51", "elapsed": 579.071199, "delta": 3.698928}}
{"target": 0.833048583625131, "params": {"max_depth": 18.93868212515768, "n_estimators": 92.05669914831044}, "datetime": {"datetime": "2021-09-21 13:27:57", "elapsed": 584.728387, "delta": 5.657188}}
{"target": 0.8345853031310012, "params": {"max_depth": 24.685697465436903, "n_estimators": 29.379710907877264}, "datetime": {"datetime": "2021-09-21 13:28:01", "elapsed": 588.629952, "delta": 3.901565}}
{"target": 0.8307991683159743, "params": {"max_depth": 26.121798120706746, "n_estimators": 49.484185780169}, "datetime": {"datetime": "2021-09-21 13:28:05", "elapsed": 592.882208, "delta": 4.252256}}
{"target": 0.8311632878056439, "params": {"max_depth": 9.625141754951063, "n_estimators": 58.782975394425975}, "datetime": {"datetime": "2021-09-21 13:28:10", "elapsed": 597.927757, "delta": 5.045549}}
{"target": 0.8228770875022339, "params": {"max_depth": 11.73205135847637, "n_estimators": 18.60263042484398}, "datetime": {"datetime": "2021-09-21 13:28:13", "elapsed": 601.042776, "delta": 3.115019}}
{"target": 0.8310175494992857, "params": {"max_depth": 24.964086439858196, "n_estimators": 81.2690146469644}, "datetime": {"datetime": "2021-09-21 13:28:18", "elapsed": 605.313408, "delta": 4.270632}}
{"target": 0.836783930634096, "params": {"max_depth": 25.70661373931047, "n_estimators": 62.7489653443499}, "datetime": {"datetime": "2021-09-21 13:28:22", "elapsed": 609.865132, "delta": 4.551724}}
{"target": 0.8434172421662551, "params": {"max_depth": 22.790930239772017, "n_estimators": 19.64963491978435}, "datetime": {"datetime": "2021-09-21 13:28:26", "elapsed": 613.309585, "delta": 3.444453}}
{"target": 0.8298797353310067, "params": {"max_depth": 18.044741157802154, "n_estimators": 16.83367863809518}, "datetime": {"datetime": "2021-09-21 13:28:29", "elapsed": 616.940669, "delta": 3.631084}}
{"target": 0.8338678566682995, "params": {"max_depth": 15.40217421747079, "n_estimators": 44.60553427710178}, "datetime": {"datetime": "2021-09-21 13:28:35", "elapsed": 622.974024, "delta": 6.033355}}
{"target": 0.8338748025532224, "params": {"max_depth": 9.963551447948236, "n_estimators": 66.91268548236775}, "datetime": {"datetime": "2021-09-21 13:28:41", "elapsed": 628.306914, "delta": 5.33289}}
{"target": 0.8337504898427195, "params": {"max_depth": 25.93141565854018, "n_estimators": 45.85742852433829}, "datetime": {"datetime": "2021-09-21 13:28:45", "elapsed": 632.322224, "delta": 4.01531}}
{"target": 0.834551569127427, "params": {"max_depth": 28.349769021544176, "n_estimators": 35.82903507558746}, "datetime": {"datetime": "2021-09-21 13:28:52", "elapsed": 639.430498, "delta": 7.108274}}
{"target": 0.8288052917471402, "params": {"max_depth": 8.894799837071389, "n_estimators": 46.49387539840223}, "datetime": {"datetime": "2021-09-21 13:28:56", "elapsed": 643.82661, "delta": 4.396112}}
{"target": 0.8365481245663229, "params": {"max_depth": 28.53821759340089, "n_estimators": 57.018930566245324}, "datetime": {"datetime": "2021-09-21 13:29:00", "elapsed": 647.535505, "delta": 3.708895}}
{"target": 0.8365481245663229, "params": {"max_depth": 29.998679554432755, "n_estimators": 57.97792387666646}, "datetime": {"datetime": "2021-09-21 13:29:04", "elapsed": 651.533773, "delta": 3.998268}}
{"target": 0.8355953707805412, "params": {"max_depth": 16.704995385873183, "n_estimators": 64.99270329187448}, "datetime": {"datetime": "2021-09-21 13:29:08", "elapsed": 656.103662, "delta": 4.569889}}
{"target": 0.8365219605587477, "params": {"max_depth": 29.03657852655686, "n_estimators": 28.06944542775228}, "datetime": {"datetime": "2021-09-21 13:29:13", "elapsed": 660.132029, "delta": 4.028367}}
{"target": 0.8376429799966476, "params": {"max_depth": 14.328354201326446, "n_estimators": 77.17108345132017}, "datetime": {"datetime": "2021-09-21 13:29:19", "elapsed": 666.768013, "delta": 6.635984}}
{"target": 0.8335562315836775, "params": {"max_depth": 21.80579050951009, "n_estimators": 85.17567183936747}, "datetime": {"datetime": "2021-09-21 13:29:25", "elapsed": 672.629763, "delta": 5.86175}}
{"target": 0.8355267766238328, "params": {"max_depth": 17.46244074348277, "n_estimators": 58.27629297355754}, "datetime": {"datetime": "2021-09-21 13:29:31", "elapsed": 678.355727, "delta": 5.725964}}
{"target": 0.8326760530828049, "params": {"max_depth": 29.994927156169496, "n_estimators": 50.88375895216236}, "datetime": {"datetime": "2021-09-21 13:29:35", "elapsed": 682.917751, "delta": 4.562024}}
{"target": 0.8377222960176537, "params": {"max_depth": 26.75705103453131, "n_estimators": 65.20828174612336}, "datetime": {"datetime": "2021-09-21 13:29:40", "elapsed": 687.687764, "delta": 4.770013}}
{"target": 0.8311287900157059, "params": {"max_depth": 11.98484175063147, "n_estimators": 52.3990989880418}, "datetime": {"datetime": "2021-09-21 13:29:44", "elapsed": 691.399943, "delta": 3.712179}}
{"target": 0.835082188088588, "params": {"max_depth": 15.84805027859273, "n_estimators": 98.45433676741699}, "datetime": {"datetime": "2021-09-21 13:29:49", "elapsed": 696.445627, "delta": 5.045684}}
{"target": 0.8434172421662551, "params": {"max_depth": 24.244514626265197, "n_estimators": 19.27895188489551}, "datetime": {"datetime": "2021-09-21 13:29:54", "elapsed": 701.138428, "delta": 4.692801}}
{"target": 0.8354737465135963, "params": {"max_depth": 22.559834357654825, "n_estimators": 99.97550966940099}, "datetime": {"datetime": "2021-09-21 13:29:59", "elapsed": 706.976536, "delta": 5.838108}}
{"target": 0.8326276001315716, "params": {"max_depth": 15.959544190479754, "n_estimators": 37.75213886221978}, "datetime": {"datetime": "2021-09-21 13:30:04", "elapsed": 711.416009, "delta": 4.439473}}
{"target": 0.8323613450212971, "params": {"max_depth": 9.499861415940797, "n_estimators": 69.084867238417}, "datetime": {"datetime": "2021-09-21 13:30:08", "elapsed": 715.540009, "delta": 4.124}}
{"target": 0.8284808035671409, "params": {"max_depth": 8.706040155834637, "n_estimators": 79.82906029610513}, "datetime": {"datetime": "2021-09-21 13:30:13", "elapsed": 720.253841, "delta": 4.713832}}
{"target": 0.8372923696289772, "params": {"max_depth": 17.751509370135192, "n_estimators": 25.367935964958914}, "datetime": {"datetime": "2021-09-21 13:30:21", "elapsed": 728.323301, "delta": 8.06946}}
{"target": 0.8339929500029415, "params": {"max_depth": 24.057506294352923, "n_estimators": 76.08749316858763}, "datetime": {"datetime": "2021-09-21 13:30:25", "elapsed": 733.04193, "delta": 4.718629}}
{"target": 0.8361397304917799, "params": {"max_depth": 28.937781471067442, "n_estimators": 69.75538795220571}, "datetime": {"datetime": "2021-09-21 13:30:30", "elapsed": 737.741725, "delta": 4.699795}}
{"target": 0.8407592664010346, "params": {"max_depth": 19.672884452305574, "n_estimators": 26.02366065724935}, "datetime": {"datetime": "2021-09-21 13:30:37", "elapsed": 744.218515, "delta": 6.47679}}
{"target": 0.8396951532705641, "params": {"max_depth": 15.244554006900293, "n_estimators": 26.704288893876768}, "datetime": {"datetime": "2021-09-21 13:30:43", "elapsed": 750.655569, "delta": 6.437054}}
{"target": 0.8432725830923348, "params": {"max_depth": 14.612918098505217, "n_estimators": 19.65835185396811}, "datetime": {"datetime": "2021-09-21 13:30:48", "elapsed": 756.026288, "delta": 5.370719}}
{"target": 0.8410545907133922, "params": {"max_depth": 29.96385948952342, "n_estimators": 22.44009488767851}, "datetime": {"datetime": "2021-09-21 13:30:53", "elapsed": 760.314716, "delta": 4.288428}}
{"target": 0.8337005553422137, "params": {"max_depth": 14.347606144036428, "n_estimators": 18.98948012353333}, "datetime": {"datetime": "2021-09-21 13:30:58", "elapsed": 765.376406, "delta": 5.06169}}
{"target": 0.8407572231161262, "params": {"max_depth": 14.985691495864186, "n_estimators": 20.42702870845537}, "datetime": {"datetime": "2021-09-21 13:31:02", "elapsed": 769.90081, "delta": 4.524404}}
{"target": 0.8163038718068182, "params": {"max_depth": 12.785257253524806, "n_estimators": 14.008723380408622}, "datetime": {"datetime": "2021-09-21 13:31:08", "elapsed": 775.285931, "delta": 5.385121}}
{"target": 0.8288401238608557, "params": {"max_depth": 9.331776155695124, "n_estimators": 27.780480886207993}, "datetime": {"datetime": "2021-09-21 13:31:12", "elapsed": 780.091379, "delta": 4.805448}}
{"target": 0.8345553383524162, "params": {"max_depth": 21.630665410631664, "n_estimators": 73.75544401886297}, "datetime": {"datetime": "2021-09-21 13:31:17", "elapsed": 784.329766, "delta": 4.238387}}
{"target": 0.8320195740034527, "params": {"max_depth": 28.02717310565777, "n_estimators": 90.42931030251803}, "datetime": {"datetime": "2021-09-21 13:31:23", "elapsed": 790.34732, "delta": 6.017554}}
{"target": 0.8407572231161262, "params": {"max_depth": 14.120182315004756, "n_estimators": 20.122727967448146}, "datetime": {"datetime": "2021-09-21 13:31:29", "elapsed": 797.001723, "delta": 6.654403}}
{"target": 0.8423762850336813, "params": {"max_depth": 15.726631328587352, "n_estimators": 19.6587854696839}, "datetime": {"datetime": "2021-09-21 13:31:33", "elapsed": 800.704592, "delta": 3.702869}}
{"target": 0.8366458837104672, "params": {"max_depth": 22.691324831414136, "n_estimators": 64.6767724894697}, "datetime": {"datetime": "2021-09-21 13:31:38", "elapsed": 805.154769, "delta": 4.450177}}
{"target": 0.8331678649097622, "params": {"max_depth": 27.91818254555441, "n_estimators": 97.99028049537452}, "datetime": {"datetime": "2021-09-21 13:31:46", "elapsed": 813.393472, "delta": 8.238703}}
{"target": 0.8360444527594143, "params": {"max_depth": 25.08266661877001, "n_estimators": 58.91034378161841}, "datetime": {"datetime": "2021-09-21 13:31:50", "elapsed": 817.77373, "delta": 4.380258}}
{"target": 0.8327905139817876, "params": {"max_depth": 19.13366330881654, "n_estimators": 85.42480381788322}, "datetime": {"datetime": "2021-09-21 13:31:56", "elapsed": 823.650676, "delta": 5.876946}}
{"target": 0.8315049937818868, "params": {"max_depth": 24.667135733090632, "n_estimators": 91.87008253919156}, "datetime": {"datetime": "2021-09-21 13:32:02", "elapsed": 829.149412, "delta": 5.498736}}
{"target": 0.8383291164198914, "params": {"max_depth": 29.057013375106447, "n_estimators": 66.78262536631895}, "datetime": {"datetime": "2021-09-21 13:32:09", "elapsed": 837.006438, "delta": 7.857026}}
{"target": 0.834095070064047, "params": {"max_depth": 23.544725930502192, "n_estimators": 45.021908518622695}, "datetime": {"datetime": "2021-09-21 13:32:14", "elapsed": 842.092066, "delta": 5.085628}}
{"target": 0.8310175494992857, "params": {"max_depth": 29.11920769155178, "n_estimators": 81.69152897527412}, "datetime": {"datetime": "2021-09-21 13:32:21", "elapsed": 848.735245, "delta": 6.643179}}
{"target": 0.8395922120831986, "params": {"max_depth": 26.39182900998395, "n_estimators": 24.980338136115318}, "datetime": {"datetime": "2021-09-21 13:32:26", "elapsed": 853.635756, "delta": 4.900511}}
