{"target": -2.482902826095087, "params": {"max_depth": 21.573683678271635, "n_estimators": 134.18787790410835}, "datetime": {"datetime": "2021-09-20 19:29:12", "elapsed": 311.219727, "delta": 1.662651}}
{"target": -2.4787992073107192, "params": {"max_depth": 18.81716460335244, "n_estimators": 108.86919302384909}, "datetime": {"datetime": "2021-09-20 19:29:14", "elapsed": 312.869756, "delta": 1.650029}}
{"target": -2.493802764914012, "params": {"max_depth": 22.682440943363368, "n_estimators": 289.5645091307447}, "datetime": {"datetime": "2021-09-20 19:29:16", "elapsed": 315.247999, "delta": 2.378243}}
{"target": -2.4724804553998596, "params": {"max_depth": 20.83976484604767, "n_estimators": 210.57616908376247}, "datetime": {"datetime": "2021-09-20 19:29:18", "elapsed": 317.505091, "delta": 2.257092}}
{"target": -2.496281344370346, "params": {"max_depth": 17.41107810770568, "n_estimators": 269.3532580967912}, "datetime": {"datetime": "2021-09-20 19:29:21", "elapsed": 320.092095, "delta": 2.587004}}
{"target": -2.4785281827930423, "params": {"max_depth": 16.999000449514362, "n_estimators": 45.63566189130787}, "datetime": {"datetime": "2021-09-20 19:29:22", "elapsed": 321.317093, "delta": 1.224998}}
{"target": -2.476450892857142, "params": {"max_depth": 25.0, "n_estimators": 112.04655307410275}, "datetime": {"datetime": "2021-09-20 19:29:24", "elapsed": 322.916098, "delta": 1.599005}}
{"target": -2.5010795161159214, "params": {"max_depth": 16.556006764704755, "n_estimators": 147.0153813404655}, "datetime": {"datetime": "2021-09-20 19:29:25", "elapsed": 324.587096, "delta": 1.670998}}
{"target": -2.4838915470494416, "params": {"max_depth": 25.0, "n_estimators": 33.8794527995187}, "datetime": {"datetime": "2021-09-20 19:29:27", "elapsed": 326.086095, "delta": 1.498999}}
{"target": -2.4574927857973132, "params": {"max_depth": 18.10251495189655, "n_estimators": 59.183044127488564}, "datetime": {"datetime": "2021-09-20 19:29:28", "elapsed": 327.342097, "delta": 1.256002}}
{"target": -2.4809281839467077, "params": {"max_depth": 21.74652556492525, "n_estimators": 152.50678541073518}, "datetime": {"datetime": "2021-09-20 19:29:30", "elapsed": 329.029095, "delta": 1.686998}}
{"target": -2.4866765873015844, "params": {"max_depth": 19.871166533827655, "n_estimators": 250.80721312882645}, "datetime": {"datetime": "2021-09-20 19:29:33", "elapsed": 331.941096, "delta": 2.912001}}
{"target": -2.4761145886561025, "params": {"max_depth": 24.985929691047957, "n_estimators": 206.61240561208237}, "datetime": {"datetime": "2021-09-20 19:29:35", "elapsed": 334.222096, "delta": 2.281}}
{"target": -2.476981907894737, "params": {"max_depth": 25.0, "n_estimators": 80.63247026151356}, "datetime": {"datetime": "2021-09-20 19:29:37", "elapsed": 335.806092, "delta": 1.583996}}
{"target": -2.4805874347797823, "params": {"max_depth": 15.65343597378006, "n_estimators": 227.74492109529498}, "datetime": {"datetime": "2021-09-20 19:29:40", "elapsed": 338.888601, "delta": 3.082509}}
{"target": -2.490076366336295, "params": {"max_depth": 16.77225635153574, "n_estimators": 208.55308371420523}, "datetime": {"datetime": "2021-09-20 19:29:42", "elapsed": 341.342646, "delta": 2.454045}}
{"target": -2.4945066833751026, "params": {"max_depth": 21.237738456005253, "n_estimators": 300.0}, "datetime": {"datetime": "2021-09-20 19:29:46", "elapsed": 344.95237, "delta": 3.609724}}
{"target": -2.49448424400334, "params": {"max_depth": 14.345926145888267, "n_estimators": 39.544627767217555}, "datetime": {"datetime": "2021-09-20 19:29:47", "elapsed": 346.60596, "delta": 1.65359}}
{"target": -2.5494502314814813, "params": {"max_depth": 16.768305347260313, "n_estimators": 18.887292790884935}, "datetime": {"datetime": "2021-09-20 19:29:49", "elapsed": 348.104848, "delta": 1.498888}}
{"target": -2.5590944272445815, "params": {"max_depth": 24.787295297984777, "n_estimators": 17.993401300792215}, "datetime": {"datetime": "2021-09-20 19:29:50", "elapsed": 349.243841, "delta": 1.138993}}
{"target": -2.488318118948453, "params": {"max_depth": 18.1098852630351, "n_estimators": 182.07429724905825}, "datetime": {"datetime": "2021-09-20 19:29:53", "elapsed": 351.823238, "delta": 2.579397}}
{"target": -2.4870259668875, "params": {"max_depth": 19.76661371762532, "n_estimators": 258.55219430254203}, "datetime": {"datetime": "2021-09-20 19:29:56", "elapsed": 355.005984, "delta": 3.182746}}
{"target": -2.457958698830409, "params": {"max_depth": 25.0, "n_estimators": 72.98460990251833}, "datetime": {"datetime": "2021-09-20 19:29:57", "elapsed": 356.764245, "delta": 1.758261}}
{"target": -2.4876607356459304, "params": {"max_depth": 25.0, "n_estimators": 176.98780833518123}, "datetime": {"datetime": "2021-09-20 19:30:00", "elapsed": 359.255298, "delta": 2.491053}}
{"target": -2.4824468473894017, "params": {"max_depth": 15.746914397504671, "n_estimators": 248.6094943755182}, "datetime": {"datetime": "2021-09-20 19:30:04", "elapsed": 362.860836, "delta": 3.605538}}
{"target": -2.4716822297679677, "params": {"max_depth": 25.0, "n_estimators": 93.29353191797574}, "datetime": {"datetime": "2021-09-20 19:30:05", "elapsed": 364.612237, "delta": 1.751401}}
{"target": -2.484893869948843, "params": {"max_depth": 21.383455320173923, "n_estimators": 146.1883973938841}, "datetime": {"datetime": "2021-09-20 19:30:08", "elapsed": 367.011502, "delta": 2.399265}}
{"target": -2.522329020114604, "params": {"max_depth": 11.849424968458163, "n_estimators": 137.10570812480802}, "datetime": {"datetime": "2021-09-20 19:30:10", "elapsed": 369.338659, "delta": 2.327157}}
{"target": -2.453716528162512, "params": {"max_depth": 25.0, "n_estimators": 57.187459817880494}, "datetime": {"datetime": "2021-09-20 19:30:12", "elapsed": 371.216274, "delta": 1.877615}}
{"target": -2.484724543348099, "params": {"max_depth": 16.579452212918873, "n_estimators": 95.03765690719027}, "datetime": {"datetime": "2021-09-20 19:30:14", "elapsed": 373.297629, "delta": 2.081355}}
{"target": -2.445621729506587, "params": {"max_depth": 14.114609033104752, "n_estimators": 99.10523252473567}, "datetime": {"datetime": "2021-09-20 19:30:16", "elapsed": 375.232294, "delta": 1.934665}}
{"target": -2.4390039060686233, "params": {"max_depth": 14.227928402248246, "n_estimators": 61.063052557371826}, "datetime": {"datetime": "2021-09-20 19:30:18", "elapsed": 377.515098, "delta": 2.282804}}
{"target": -2.4883094793110256, "params": {"max_depth": 16.240008820732694, "n_estimators": 41.90461971208694}, "datetime": {"datetime": "2021-09-20 19:30:20", "elapsed": 379.212111, "delta": 1.697013}}
{"target": -2.4838370597546495, "params": {"max_depth": 22.02693373581127, "n_estimators": 38.424674114569704}, "datetime": {"datetime": "2021-09-20 19:30:21", "elapsed": 380.486179, "delta": 1.274068}}
{"target": -2.4894207152496626, "params": {"max_depth": 17.233201207987733, "n_estimators": 25.968016931277383}, "datetime": {"datetime": "2021-09-20 19:30:23", "elapsed": 381.991182, "delta": 1.505003}}
{"target": -2.4875488393472724, "params": {"max_depth": 24.748573954020483, "n_estimators": 229.15568581678554}, "datetime": {"datetime": "2021-09-20 19:30:26", "elapsed": 385.05467, "delta": 3.063488}}
{"target": -2.4775393095486216, "params": {"max_depth": 14.256117051648415, "n_estimators": 48.04145463626137}, "datetime": {"datetime": "2021-09-20 19:30:27", "elapsed": 386.744692, "delta": 1.690022}}
{"target": -2.484330385680798, "params": {"max_depth": 23.06677158504402, "n_estimators": 247.70602415907072}, "datetime": {"datetime": "2021-09-20 19:30:31", "elapsed": 389.95953, "delta": 3.214838}}
{"target": -2.5194528535938465, "params": {"max_depth": 10.746322338121423, "n_estimators": 191.7553784214601}, "datetime": {"datetime": "2021-09-20 19:30:34", "elapsed": 393.08152, "delta": 3.12199}}
{"target": -2.4503047798066597, "params": {"max_depth": 22.58888801331475, "n_estimators": 70.6415786072891}, "datetime": {"datetime": "2021-09-20 19:30:36", "elapsed": 395.022278, "delta": 1.940758}}
{"target": -2.509878248434839, "params": {"max_depth": 13.123062324928338, "n_estimators": 261.3177399676664}, "datetime": {"datetime": "2021-09-20 19:30:39", "elapsed": 398.324233, "delta": 3.301955}}
{"target": -2.4782235143581848, "params": {"max_depth": 22.26516236908292, "n_estimators": 83.0672610527922}, "datetime": {"datetime": "2021-09-20 19:30:41", "elapsed": 400.074232, "delta": 1.749999}}
{"target": -2.516570138699264, "params": {"max_depth": 13.137459890545557, "n_estimators": 268.4248080910504}, "datetime": {"datetime": "2021-09-20 19:30:44", "elapsed": 403.750345, "delta": 3.676113}}
{"target": -2.4775943396226405, "params": {"max_depth": 24.979768992181498, "n_estimators": 106.05015294066251}, "datetime": {"datetime": "2021-09-20 19:30:47", "elapsed": 406.232074, "delta": 2.481729}}
{"target": -2.4987273994646615, "params": {"max_depth": 12.493886239311841, "n_estimators": 83.25778378479286}, "datetime": {"datetime": "2021-09-20 19:30:49", "elapsed": 407.94227, "delta": 1.710196}}
{"target": -2.475532413250073, "params": {"max_depth": 20.754386618303037, "n_estimators": 218.14579666124297}, "datetime": {"datetime": "2021-09-20 19:30:52", "elapsed": 411.057814, "delta": 3.115544}}
{"target": -2.4794711596144587, "params": {"max_depth": 22.204719323403868, "n_estimators": 188.18225357657775}, "datetime": {"datetime": "2021-09-20 19:30:55", "elapsed": 414.596262, "delta": 3.538448}}
{"target": -2.4811995341614894, "params": {"max_depth": 22.350709879073268, "n_estimators": 115.32415833243128}, "datetime": {"datetime": "2021-09-20 19:30:59", "elapsed": 417.844713, "delta": 3.248451}}
{"target": -2.456026188352237, "params": {"max_depth": 22.590895444966776, "n_estimators": 59.83934648334753}, "datetime": {"datetime": "2021-09-20 19:31:01", "elapsed": 420.39563, "delta": 2.550917}}
{"target": -2.4566477696901825, "params": {"max_depth": 20.992173613566784, "n_estimators": 47.13637924852629}, "datetime": {"datetime": "2021-09-20 19:31:03", "elapsed": 422.251074, "delta": 1.855444}}
{"target": -2.4784977519174785, "params": {"max_depth": 25.0, "n_estimators": 199.5255613320814}, "datetime": {"datetime": "2021-09-20 19:31:06", "elapsed": 425.387066, "delta": 3.135992}}
{"target": -2.4963425537356168, "params": {"max_depth": 12.361282918810806, "n_estimators": 97.05501130515879}, "datetime": {"datetime": "2021-09-20 19:31:08", "elapsed": 427.526297, "delta": 2.139231}}
{"target": -2.50338390013741, "params": {"max_depth": 13.424841301656269, "n_estimators": 144.1205038146926}, "datetime": {"datetime": "2021-09-20 19:31:11", "elapsed": 430.666631, "delta": 3.140334}}
{"target": -2.4679129478620503, "params": {"max_depth": 13.809836933803997, "n_estimators": 69.39589467198508}, "datetime": {"datetime": "2021-09-20 19:31:13", "elapsed": 432.760703, "delta": 2.094072}}
{"target": -2.4753396535657366, "params": {"max_depth": 17.92267393161758, "n_estimators": 115.78155711141456}, "datetime": {"datetime": "2021-09-20 19:31:16", "elapsed": 435.275768, "delta": 2.515065}}
{"target": -2.4940985547616767, "params": {"max_depth": 16.90753006794529, "n_estimators": 200.47766845259477}, "datetime": {"datetime": "2021-09-20 19:31:19", "elapsed": 438.458298, "delta": 3.18253}}
{"target": -2.4504224824882725, "params": {"max_depth": 19.528866051983325, "n_estimators": 65.72799151070241}, "datetime": {"datetime": "2021-09-20 19:31:21", "elapsed": 440.37388, "delta": 1.915582}}
{"target": -2.4995400598471313, "params": {"max_depth": 12.788665623894152, "n_estimators": 120.30848855277408}, "datetime": {"datetime": "2021-09-20 19:31:23", "elapsed": 442.452699, "delta": 2.078819}}
{"target": -2.484099079666376, "params": {"max_depth": 25.0, "n_estimators": 183.61290465641557}, "datetime": {"datetime": "2021-09-20 19:31:26", "elapsed": 445.687051, "delta": 3.234352}}
{"target": -2.4832245417375547, "params": {"max_depth": 22.43590728177848, "n_estimators": 137.85723818464544}, "datetime": {"datetime": "2021-09-20 19:31:29", "elapsed": 448.20591, "delta": 2.518859}}
{"target": -2.4828619901130766, "params": {"max_depth": 22.462993738127714, "n_estimators": 127.42357995564578}, "datetime": {"datetime": "2021-09-20 19:31:31", "elapsed": 450.522575, "delta": 2.316665}}
{"target": -2.4648598598965004, "params": {"max_depth": 15.25594967859103, "n_estimators": 59.006848391903794}, "datetime": {"datetime": "2021-09-20 19:31:33", "elapsed": 452.745349, "delta": 2.222774}}
{"target": -2.4775244105739422, "params": {"max_depth": 25.0, "n_estimators": 221.9323487151606}, "datetime": {"datetime": "2021-09-20 19:31:37", "elapsed": 456.156999, "delta": 3.41165}}
{"target": -2.4438346210774617, "params": {"max_depth": 14.286057418015929, "n_estimators": 63.12884720027894}, "datetime": {"datetime": "2021-09-20 19:31:39", "elapsed": 458.576934, "delta": 2.419935}}
{"target": -2.487464382023962, "params": {"max_depth": 22.558423067626723, "n_estimators": 283.827206650499}, "datetime": {"datetime": "2021-09-20 19:31:43", "elapsed": 462.1061, "delta": 3.529166}}
{"target": -2.4500955008488963, "params": {"max_depth": 24.96303796318022, "n_estimators": 62.726637405555635}, "datetime": {"datetime": "2021-09-20 19:31:46", "elapsed": 465.264622, "delta": 3.158522}}
{"target": -2.514799621207369, "params": {"max_depth": 12.226817818398601, "n_estimators": 167.36416429840705}, "datetime": {"datetime": "2021-09-20 19:31:49", "elapsed": 468.637145, "delta": 3.372523}}
{"target": -2.501824526765855, "params": {"max_depth": 13.417858964410891, "n_estimators": 188.18129800290177}, "datetime": {"datetime": "2021-09-20 19:31:52", "elapsed": 471.742509, "delta": 3.105364}}
{"target": -2.4732436821219705, "params": {"max_depth": 21.4904402283968, "n_estimators": 120.94085264807997}, "datetime": {"datetime": "2021-09-20 19:31:55", "elapsed": 474.669633, "delta": 2.927124}}
{"target": -2.4947701813655736, "params": {"max_depth": 25.0, "n_estimators": 296.54213620122414}, "datetime": {"datetime": "2021-09-20 19:31:59", "elapsed": 478.620908, "delta": 3.951275}}
{"target": -2.4848457350272204, "params": {"max_depth": 24.96628234979272, "n_estimators": 261.9117754523039}, "datetime": {"datetime": "2021-09-20 19:32:03", "elapsed": 482.378184, "delta": 3.757276}}
{"target": -2.4911244686082257, "params": {"max_depth": 22.34048438642918, "n_estimators": 237.7097936597951}, "datetime": {"datetime": "2021-09-20 19:32:07", "elapsed": 485.962114, "delta": 3.58393}}
{"target": -2.5033398856136735, "params": {"max_depth": 13.389575664737507, "n_estimators": 163.12992960581377}, "datetime": {"datetime": "2021-09-20 19:32:10", "elapsed": 488.838179, "delta": 2.876065}}
{"target": -2.5006276903298357, "params": {"max_depth": 12.450472989849745, "n_estimators": 212.63855003075835}, "datetime": {"datetime": "2021-09-20 19:32:13", "elapsed": 491.969042, "delta": 3.130863}}
{"target": -2.51305955895258, "params": {"max_depth": 12.921096995171045, "n_estimators": 289.8334893853067}, "datetime": {"datetime": "2021-09-20 19:32:17", "elapsed": 496.080495, "delta": 4.111453}}
{"target": -2.4830120156410795, "params": {"max_depth": 13.193204028206699, "n_estimators": 87.55088215839474}, "datetime": {"datetime": "2021-09-20 19:32:20", "elapsed": 499.294093, "delta": 3.213598}}
{"target": -2.4705310782776264, "params": {"max_depth": 17.295595513387035, "n_estimators": 124.4180566433496}, "datetime": {"datetime": "2021-09-20 19:32:22", "elapsed": 501.673089, "delta": 2.378996}}
{"target": -2.557405289381095, "params": {"max_depth": 13.565701646183136, "n_estimators": 30.41094276334369}, "datetime": {"datetime": "2021-09-20 19:32:25", "elapsed": 504.123086, "delta": 2.449997}}
{"target": -2.471960891812866, "params": {"max_depth": 20.856252066824734, "n_estimators": 30.604974268556536}, "datetime": {"datetime": "2021-09-20 19:32:26", "elapsed": 505.608087, "delta": 1.485001}}
{"target": -2.4770802080320955, "params": {"max_depth": 22.999525277243805, "n_estimators": 208.1041057746463}, "datetime": {"datetime": "2021-09-20 19:32:29", "elapsed": 508.748773, "delta": 3.140686}}
{"target": -2.4964233750130744, "params": {"max_depth": 16.547915140105722, "n_estimators": 261.72704782598794}, "datetime": {"datetime": "2021-09-20 19:32:33", "elapsed": 512.591848, "delta": 3.843075}}
{"target": -2.465975272701174, "params": {"max_depth": 15.65973725064972, "n_estimators": 70.4383408726651}, "datetime": {"datetime": "2021-09-20 19:32:36", "elapsed": 515.205537, "delta": 2.613689}}
{"target": -2.47712738581192, "params": {"max_depth": 15.211501613189903, "n_estimators": 73.13900753288394}, "datetime": {"datetime": "2021-09-20 19:32:38", "elapsed": 517.174097, "delta": 1.96856}}
{"target": -2.4740504527389184, "params": {"max_depth": 12.082399878399132, "n_estimators": 71.73622303197288}, "datetime": {"datetime": "2021-09-20 19:32:40", "elapsed": 519.182916, "delta": 2.008819}}
{"target": -2.455009133084395, "params": {"max_depth": 15.751710669706412, "n_estimators": 65.84443915700957}, "datetime": {"datetime": "2021-09-20 19:32:43", "elapsed": 521.841251, "delta": 2.658335}}
{"target": -2.474831481481482, "params": {"max_depth": 19.440258895166934, "n_estimators": 75.22811847833566}, "datetime": {"datetime": "2021-09-20 19:32:46", "elapsed": 524.791173, "delta": 2.949922}}
{"target": -2.48428183977937, "params": {"max_depth": 20.716764263594474, "n_estimators": 180.17757863093792}, "datetime": {"datetime": "2021-09-20 19:32:49", "elapsed": 528.180531, "delta": 3.389358}}
{"target": -2.4905250545942033, "params": {"max_depth": 22.33238998260757, "n_estimators": 272.8143789595135}, "datetime": {"datetime": "2021-09-20 19:32:52", "elapsed": 531.754955, "delta": 3.574424}}
{"target": -2.4867046035947835, "params": {"max_depth": 22.888380249383008, "n_estimators": 169.8154228105021}, "datetime": {"datetime": "2021-09-20 19:32:56", "elapsed": 535.505551, "delta": 3.750596}}
{"target": -2.5164262348611706, "params": {"max_depth": 12.201281648866214, "n_estimators": 294.594363164867}, "datetime": {"datetime": "2021-09-20 19:33:01", "elapsed": 539.898643, "delta": 4.393092}}
{"target": -2.466723601849687, "params": {"max_depth": 13.699728886795665, "n_estimators": 72.0012886330643}, "datetime": {"datetime": "2021-09-20 19:33:03", "elapsed": 542.388086, "delta": 2.489443}}
{"target": -2.537416743844294, "params": {"max_depth": 9.560048298174994, "n_estimators": 76.10625066024872}, "datetime": {"datetime": "2021-09-20 19:33:06", "elapsed": 545.334073, "delta": 2.945987}}
{"target": -2.5065381307343406, "params": {"max_depth": 12.574671715560758, "n_estimators": 130.50685246456285}, "datetime": {"datetime": "2021-09-20 19:33:09", "elapsed": 548.381982, "delta": 3.047909}}
{"target": -2.497440878187902, "params": {"max_depth": 18.55307701475137, "n_estimators": 296.6004960124462}, "datetime": {"datetime": "2021-09-20 19:33:13", "elapsed": 552.496156, "delta": 4.114174}}
{"target": -2.4810386252132757, "params": {"max_depth": 18.64864654544743, "n_estimators": 193.8517874926292}, "datetime": {"datetime": "2021-09-20 19:33:17", "elapsed": 555.850794, "delta": 3.354638}}
{"target": -2.4844732852322866, "params": {"max_depth": 17.615489003159325, "n_estimators": 158.6540306488469}, "datetime": {"datetime": "2021-09-20 19:33:20", "elapsed": 559.450631, "delta": 3.599837}}
{"target": -2.4901068709509597, "params": {"max_depth": 21.634643567204183, "n_estimators": 265.5912413639649}, "datetime": {"datetime": "2021-09-20 19:33:25", "elapsed": 563.839604, "delta": 4.388973}}
{"target": -2.478029632905793, "params": {"max_depth": 25.0, "n_estimators": 119.08517891561048}, "datetime": {"datetime": "2021-09-20 19:33:27", "elapsed": 566.566319, "delta": 2.726715}}
{"target": -2.51733409610984, "params": {"max_depth": 22.180935811164343, "n_estimators": 23.244084837791238}, "datetime": {"datetime": "2021-09-20 19:33:30", "elapsed": 568.842975, "delta": 2.276656}}
{"target": -2.479545807033119, "params": {"max_depth": 17.140679600565356, "n_estimators": 139.58626629957388}, "datetime": {"datetime": "2021-09-20 19:33:33", "elapsed": 572.538895, "delta": 3.69592}}
{"target": -2.470660425101214, "params": {"max_depth": 23.012465331198335, "n_estimators": 104.67235748680652}, "datetime": {"datetime": "2021-09-20 19:33:37", "elapsed": 575.953005, "delta": 3.41411}}
{"target": -2.4564764183185246, "params": {"max_depth": 22.90136057065019, "n_estimators": 55.182082526871646}, "datetime": {"datetime": "2021-09-20 19:33:40", "elapsed": 579.03461, "delta": 3.081605}}
{"target": -2.4863916850523964, "params": {"max_depth": 22.722294070005677, "n_estimators": 259.42502888189205}, "datetime": {"datetime": "2021-09-20 19:33:44", "elapsed": 582.990177, "delta": 3.955567}}
{"target": -2.482855785296571, "params": {"max_depth": 22.463962801203678, "n_estimators": 225.07598865589358}, "datetime": {"datetime": "2021-09-20 19:33:48", "elapsed": 586.935877, "delta": 3.9457}}
{"target": -2.4825930530262825, "params": {"max_depth": 16.103196434022543, "n_estimators": 110.42326703480583}, "datetime": {"datetime": "2021-09-20 19:33:51", "elapsed": 590.361772, "delta": 3.425895}}
{"target": -2.4830840893668067, "params": {"max_depth": 15.400228826064568, "n_estimators": 52.08755853338019}, "datetime": {"datetime": "2021-09-20 19:33:55", "elapsed": 593.815767, "delta": 3.453995}}
{"target": -2.476846804511278, "params": {"max_depth": 22.84363669260412, "n_estimators": 95.56974860788617}, "datetime": {"datetime": "2021-09-20 19:33:57", "elapsed": 596.114062, "delta": 2.298295}}
{"target": -2.486351402783819, "params": {"max_depth": 18.460513624315237, "n_estimators": 33.729426604637396}, "datetime": {"datetime": "2021-09-20 19:34:00", "elapsed": 599.013823, "delta": 2.899761}}
{"target": -2.5063443256486373, "params": {"max_depth": 16.43981630607138, "n_estimators": 170.5139534545148}, "datetime": {"datetime": "2021-09-20 19:34:03", "elapsed": 602.139974, "delta": 3.126151}}
