{"target": 0.8415337047276287, "params": {"max_depth": 37.366318288429056, "n_estimators": 20.33691857580597}, "datetime": {"datetime": "2021-09-21 15:51:14", "elapsed": 115.608479, "delta": 1.108999}}
{"target": 0.8434172421662551, "params": {"max_depth": 37.291549465741504, "n_estimators": 19.318962441494428}, "datetime": {"datetime": "2021-09-21 15:51:16", "elapsed": 117.060629, "delta": 1.45215}}
{"target": 0.8434172421662551, "params": {"max_depth": 38.07259131478945, "n_estimators": 19.545378917895466}, "datetime": {"datetime": "2021-09-21 15:51:17", "elapsed": 118.064747, "delta": 1.004118}}
{"target": 0.8434172421662551, "params": {"max_depth": 31.5610198614996, "n_estimators": 19.511440420927936}, "datetime": {"datetime": "2021-09-21 15:51:18", "elapsed": 118.973464, "delta": 0.908717}}
{"target": 0.8434172421662551, "params": {"max_depth": 44.60639370913087, "n_estimators": 19.69456405046282}, "datetime": {"datetime": "2021-09-21 15:51:19", "elapsed": 120.217122, "delta": 1.243658}}
{"target": 0.8434172421662551, "params": {"max_depth": 49.431488879008015, "n_estimators": 19.8022331237648}, "datetime": {"datetime": "2021-09-21 15:51:20", "elapsed": 121.552393, "delta": 1.335271}}
{"target": 0.8434172421662551, "params": {"max_depth": 30.89727399136506, "n_estimators": 19.44008502275669}, "datetime": {"datetime": "2021-09-21 15:51:22", "elapsed": 122.716122, "delta": 1.163729}}
{"target": 0.8434172421662551, "params": {"max_depth": 30.088849323012965, "n_estimators": 19.221686553707563}, "datetime": {"datetime": "2021-09-21 15:51:23", "elapsed": 123.828921, "delta": 1.112799}}
{"target": 0.8410986638865767, "params": {"max_depth": 49.0817942690648, "n_estimators": 26.355963328824853}, "datetime": {"datetime": "2021-09-21 15:51:24", "elapsed": 125.411472, "delta": 1.582551}}
{"target": 0.8415337047276287, "params": {"max_depth": 38.079526940837326, "n_estimators": 20.06861763216775}, "datetime": {"datetime": "2021-09-21 15:51:25", "elapsed": 126.45753, "delta": 1.046058}}
{"target": 0.8434172421662551, "params": {"max_depth": 39.42445712044577, "n_estimators": 19.368447851510076}, "datetime": {"datetime": "2021-09-21 15:51:26", "elapsed": 127.363899, "delta": 0.906369}}
{"target": 0.8434172421662551, "params": {"max_depth": 38.74442661262707, "n_estimators": 19.387992544800245}, "datetime": {"datetime": "2021-09-21 15:51:27", "elapsed": 128.459866, "delta": 1.095967}}
{"target": 0.8395922120831986, "params": {"max_depth": 41.57274090076316, "n_estimators": 24.552251018858}, "datetime": {"datetime": "2021-09-21 15:51:29", "elapsed": 130.053731, "delta": 1.593865}}
{"target": 0.8434172421662551, "params": {"max_depth": 50.0, "n_estimators": 19.64644028059781}, "datetime": {"datetime": "2021-09-21 15:51:30", "elapsed": 131.477316, "delta": 1.423585}}
{"target": 0.8410545907133922, "params": {"max_depth": 35.68598330176836, "n_estimators": 22.863299432941716}, "datetime": {"datetime": "2021-09-21 15:51:33", "elapsed": 133.868014, "delta": 2.390698}}
{"target": 0.8416664671257728, "params": {"max_depth": 39.15006551228731, "n_estimators": 25.9693973009254}, "datetime": {"datetime": "2021-09-21 15:51:34", "elapsed": 134.962414, "delta": 1.0944}}
{"target": 0.8395922120831986, "params": {"max_depth": 32.03226934469373, "n_estimators": 24.79554462403142}, "datetime": {"datetime": "2021-09-21 15:51:36", "elapsed": 136.709474, "delta": 1.74706}}
{"target": 0.8410986638865767, "params": {"max_depth": 45.912199042057985, "n_estimators": 26.999997399879227}, "datetime": {"datetime": "2021-09-21 15:51:38", "elapsed": 138.861536, "delta": 2.152062}}
{"target": 0.8434172421662551, "params": {"max_depth": 39.511887870520056, "n_estimators": 19.80968604449115}, "datetime": {"datetime": "2021-09-21 15:51:39", "elapsed": 140.394533, "delta": 1.532997}}
{"target": 0.8416664671257728, "params": {"max_depth": 39.21161514485, "n_estimators": 25.054670015258388}, "datetime": {"datetime": "2021-09-21 15:51:42", "elapsed": 143.463114, "delta": 3.068581}}
{"target": 0.8415337047276287, "params": {"max_depth": 45.97099627040322, "n_estimators": 20.42682898793184}, "datetime": {"datetime": "2021-09-21 15:51:44", "elapsed": 144.738645, "delta": 1.275531}}
{"target": 0.8401889232406063, "params": {"max_depth": 47.197712416961245, "n_estimators": 21.382271248908303}, "datetime": {"datetime": "2021-09-21 15:51:45", "elapsed": 146.210459, "delta": 1.471814}}
{"target": 0.8416664671257728, "params": {"max_depth": 45.08393004216198, "n_estimators": 25.124093371739065}, "datetime": {"datetime": "2021-09-21 15:51:48", "elapsed": 148.746754, "delta": 2.536295}}
{"target": 0.8434172421662551, "params": {"max_depth": 32.715784754532734, "n_estimators": 19.425002229703075}, "datetime": {"datetime": "2021-09-21 15:51:49", "elapsed": 150.505471, "delta": 1.758717}}
{"target": 0.8410986638865767, "params": {"max_depth": 47.59079934251655, "n_estimators": 26.363106106992426}, "datetime": {"datetime": "2021-09-21 15:51:51", "elapsed": 151.773467, "delta": 1.267996}}
{"target": 0.8416664671257728, "params": {"max_depth": 34.752569413210864, "n_estimators": 25.325635941908104}, "datetime": {"datetime": "2021-09-21 15:51:52", "elapsed": 153.635948, "delta": 1.862481}}
{"target": 0.8416664671257728, "params": {"max_depth": 42.04566929111128, "n_estimators": 25.91395391518339}, "datetime": {"datetime": "2021-09-21 15:51:54", "elapsed": 155.406534, "delta": 1.770586}}
{"target": 0.8434172421662551, "params": {"max_depth": 32.544474482382725, "n_estimators": 19.757506474020584}, "datetime": {"datetime": "2021-09-21 15:51:57", "elapsed": 157.726615, "delta": 2.320081}}
{"target": 0.8342054482533516, "params": {"max_depth": 30.061615840082403, "n_estimators": 18.800068099050442}, "datetime": {"datetime": "2021-09-21 15:51:58", "elapsed": 159.29744, "delta": 1.570825}}
{"target": 0.8434172421662551, "params": {"max_depth": 30.413605238543667, "n_estimators": 19.59882216022123}, "datetime": {"datetime": "2021-09-21 15:52:00", "elapsed": 161.559728, "delta": 2.262288}}
{"target": 0.8302015339111183, "params": {"max_depth": 47.450573289151635, "n_estimators": 17.028759751507046}, "datetime": {"datetime": "2021-09-21 15:52:02", "elapsed": 162.864785, "delta": 1.305057}}
{"target": 0.8434172421662551, "params": {"max_depth": 40.170091812192915, "n_estimators": 19.201418583545973}, "datetime": {"datetime": "2021-09-21 15:52:03", "elapsed": 164.323993, "delta": 1.459208}}
{"target": 0.8302015339111183, "params": {"max_depth": 36.35124541116031, "n_estimators": 17.00713087299072}, "datetime": {"datetime": "2021-09-21 15:52:05", "elapsed": 166.355234, "delta": 2.031241}}
{"target": 0.8434172421662551, "params": {"max_depth": 30.009969941652564, "n_estimators": 19.57380929953608}, "datetime": {"datetime": "2021-09-21 15:52:06", "elapsed": 167.473034, "delta": 1.1178}}
{"target": 0.8410545907133922, "params": {"max_depth": 48.98567314722164, "n_estimators": 22.23409885402091}, "datetime": {"datetime": "2021-09-21 15:52:07", "elapsed": 168.61828, "delta": 1.145246}}
{"target": 0.8415337047276287, "params": {"max_depth": 46.98254335173267, "n_estimators": 20.13953660675384}, "datetime": {"datetime": "2021-09-21 15:52:09", "elapsed": 170.410233, "delta": 1.791953}}
{"target": 0.8394329211700038, "params": {"max_depth": 39.54315229062707, "n_estimators": 23.685331322004718}, "datetime": {"datetime": "2021-09-21 15:52:11", "elapsed": 172.166406, "delta": 1.756173}}
{"target": 0.8401889232406063, "params": {"max_depth": 35.46856286326584, "n_estimators": 21.50373972195824}, "datetime": {"datetime": "2021-09-21 15:52:13", "elapsed": 174.029957, "delta": 1.863551}}
{"target": 0.8410545907133922, "params": {"max_depth": 36.98487468516374, "n_estimators": 22.735568747852657}, "datetime": {"datetime": "2021-09-21 15:52:15", "elapsed": 175.717257, "delta": 1.6873}}
{"target": 0.8401889232406063, "params": {"max_depth": 37.40323792842141, "n_estimators": 21.6822672744113}, "datetime": {"datetime": "2021-09-21 15:52:17", "elapsed": 178.122548, "delta": 2.405291}}
{"target": 0.8410986638865767, "params": {"max_depth": 44.14840837557756, "n_estimators": 26.948873232531646}, "datetime": {"datetime": "2021-09-21 15:52:19", "elapsed": 180.054688, "delta": 1.93214}}
{"target": 0.8342054482533516, "params": {"max_depth": 39.83837194806984, "n_estimators": 18.777876918482136}, "datetime": {"datetime": "2021-09-21 15:52:21", "elapsed": 182.449617, "delta": 2.394929}}
{"target": 0.8434172421662551, "params": {"max_depth": 40.712215684730054, "n_estimators": 19.452097501334332}, "datetime": {"datetime": "2021-09-21 15:52:23", "elapsed": 184.331485, "delta": 1.881868}}
{"target": 0.8434172421662551, "params": {"max_depth": 40.1007813254262, "n_estimators": 19.556891417163065}, "datetime": {"datetime": "2021-09-21 15:52:25", "elapsed": 185.766074, "delta": 1.434589}}
{"target": 0.8401889232406063, "params": {"max_depth": 40.91302128637759, "n_estimators": 21.61720467168733}, "datetime": {"datetime": "2021-09-21 15:52:28", "elapsed": 189.136474, "delta": 3.3704}}
{"target": 0.8401889232406063, "params": {"max_depth": 31.741732427684347, "n_estimators": 21.32597805611355}, "datetime": {"datetime": "2021-09-21 15:52:30", "elapsed": 190.72081, "delta": 1.584336}}
{"target": 0.8416664671257728, "params": {"max_depth": 37.86472594770783, "n_estimators": 25.140019124395522}, "datetime": {"datetime": "2021-09-21 15:52:31", "elapsed": 192.234223, "delta": 1.513413}}
{"target": 0.8415337047276287, "params": {"max_depth": 42.50242196466801, "n_estimators": 20.90619193037045}, "datetime": {"datetime": "2021-09-21 15:52:33", "elapsed": 194.0487, "delta": 1.814477}}
{"target": 0.8395922120831986, "params": {"max_depth": 42.906074369023344, "n_estimators": 24.474534040901812}, "datetime": {"datetime": "2021-09-21 15:52:34", "elapsed": 195.422741, "delta": 1.374041}}
{"target": 0.8395922120831986, "params": {"max_depth": 45.83327145562808, "n_estimators": 24.90124221762226}, "datetime": {"datetime": "2021-09-21 15:52:37", "elapsed": 197.764906, "delta": 2.342165}}
{"target": 0.8416664671257728, "params": {"max_depth": 45.005804990372, "n_estimators": 25.968593578578087}, "datetime": {"datetime": "2021-09-21 15:52:39", "elapsed": 200.089711, "delta": 2.324805}}
{"target": 0.8394329211700038, "params": {"max_depth": 47.14485737423682, "n_estimators": 23.49098029698723}, "datetime": {"datetime": "2021-09-21 15:52:41", "elapsed": 202.036969, "delta": 1.947258}}
{"target": 0.8434172421662551, "params": {"max_depth": 31.97611171496448, "n_estimators": 19.021045490145664}, "datetime": {"datetime": "2021-09-21 15:52:42", "elapsed": 203.44458, "delta": 1.407611}}
{"target": 0.8410986638865767, "params": {"max_depth": 40.74659497787077, "n_estimators": 26.14901143148147}, "datetime": {"datetime": "2021-09-21 15:52:44", "elapsed": 205.078651, "delta": 1.634071}}
{"target": 0.8434172421662551, "params": {"max_depth": 39.16361096885654, "n_estimators": 19.645834083572627}, "datetime": {"datetime": "2021-09-21 15:52:45", "elapsed": 206.479706, "delta": 1.401055}}
{"target": 0.8415337047276287, "params": {"max_depth": 31.412982861458584, "n_estimators": 20.366057276088668}, "datetime": {"datetime": "2021-09-21 15:52:48", "elapsed": 209.435553, "delta": 2.955847}}
{"target": 0.8401889232406063, "params": {"max_depth": 30.027230168022207, "n_estimators": 21.35916190734412}, "datetime": {"datetime": "2021-09-21 15:52:50", "elapsed": 211.572744, "delta": 2.137191}}
{"target": 0.8415337047276287, "params": {"max_depth": 32.9220474569838, "n_estimators": 20.975082264994636}, "datetime": {"datetime": "2021-09-21 15:52:53", "elapsed": 214.216644, "delta": 2.6439}}
{"target": 0.8416664671257728, "params": {"max_depth": 48.37838593385534, "n_estimators": 25.854427717336712}, "datetime": {"datetime": "2021-09-21 15:52:56", "elapsed": 216.706126, "delta": 2.489482}}
{"target": 0.8410545907133922, "params": {"max_depth": 47.98248295237016, "n_estimators": 22.35965116167587}, "datetime": {"datetime": "2021-09-21 15:52:57", "elapsed": 218.576313, "delta": 1.870187}}
{"target": 0.8394329211700038, "params": {"max_depth": 34.89686739939046, "n_estimators": 23.161448176541516}, "datetime": {"datetime": "2021-09-21 15:52:59", "elapsed": 220.076272, "delta": 1.499959}}
{"target": 0.8415337047276287, "params": {"max_depth": 41.40810955053075, "n_estimators": 20.098039838248866}, "datetime": {"datetime": "2021-09-21 15:53:00", "elapsed": 221.549249, "delta": 1.472977}}
{"target": 0.8384383158078919, "params": {"max_depth": 33.42596292821415, "n_estimators": 27.0}, "datetime": {"datetime": "2021-09-21 15:53:03", "elapsed": 224.206389, "delta": 2.65714}}
{"target": 0.8401889232406063, "params": {"max_depth": 49.47909637048174, "n_estimators": 21.496294296928788}, "datetime": {"datetime": "2021-09-21 15:53:04", "elapsed": 225.600306, "delta": 1.393917}}
{"target": 0.8410986638865767, "params": {"max_depth": 46.42397315921478, "n_estimators": 26.04164599062004}, "datetime": {"datetime": "2021-09-21 15:53:06", "elapsed": 227.613163, "delta": 2.012857}}
{"target": 0.8434172421662551, "params": {"max_depth": 40.55840835230519, "n_estimators": 19.19536919947611}, "datetime": {"datetime": "2021-09-21 15:53:08", "elapsed": 229.432315, "delta": 1.819152}}
{"target": 0.8434172421662551, "params": {"max_depth": 43.60795866832514, "n_estimators": 19.285277989008208}, "datetime": {"datetime": "2021-09-21 15:53:11", "elapsed": 231.745215, "delta": 2.3129}}
{"target": 0.8410545907133922, "params": {"max_depth": 46.268269629352346, "n_estimators": 22.988551725379622}, "datetime": {"datetime": "2021-09-21 15:53:12", "elapsed": 233.381047, "delta": 1.635832}}
{"target": 0.8434172421662551, "params": {"max_depth": 34.21013467196567, "n_estimators": 19.358004424976457}, "datetime": {"datetime": "2021-09-21 15:53:14", "elapsed": 235.573577, "delta": 2.19253}}
{"target": 0.8434172421662551, "params": {"max_depth": 33.39834814170716, "n_estimators": 19.29705636525956}, "datetime": {"datetime": "2021-09-21 15:53:18", "elapsed": 238.674468, "delta": 3.100891}}
{"target": 0.8302015339111183, "params": {"max_depth": 42.237620537817634, "n_estimators": 17.0}, "datetime": {"datetime": "2021-09-21 15:53:20", "elapsed": 241.533672, "delta": 2.859204}}
{"target": 0.8434172421662551, "params": {"max_depth": 37.692905925893676, "n_estimators": 19.35469655401034}, "datetime": {"datetime": "2021-09-21 15:53:22", "elapsed": 243.294772, "delta": 1.7611}}
{"target": 0.8434172421662551, "params": {"max_depth": 36.04829890807216, "n_estimators": 19.17635072586476}, "datetime": {"datetime": "2021-09-21 15:53:24", "elapsed": 245.06736, "delta": 1.772588}}
{"target": 0.8416664671257728, "params": {"max_depth": 30.5870426510064, "n_estimators": 25.55971914350503}, "datetime": {"datetime": "2021-09-21 15:53:25", "elapsed": 246.381068, "delta": 1.313708}}
{"target": 0.8434172421662551, "params": {"max_depth": 30.255197233054666, "n_estimators": 19.399923930460023}, "datetime": {"datetime": "2021-09-21 15:53:28", "elapsed": 248.800961, "delta": 2.419893}}
{"target": 0.8415337047276287, "params": {"max_depth": 30.713840548847745, "n_estimators": 20.20279613095171}, "datetime": {"datetime": "2021-09-21 15:53:29", "elapsed": 250.333523, "delta": 1.532562}}
{"target": 0.8394329211700038, "params": {"max_depth": 41.25067431053655, "n_estimators": 23.33800076533261}, "datetime": {"datetime": "2021-09-21 15:53:32", "elapsed": 253.553618, "delta": 3.220095}}
{"target": 0.8342054482533516, "params": {"max_depth": 36.68892441048658, "n_estimators": 18.95792128490777}, "datetime": {"datetime": "2021-09-21 15:53:34", "elapsed": 255.518983, "delta": 1.965365}}
{"target": 0.8401889232406063, "params": {"max_depth": 43.529962457334285, "n_estimators": 21.34817139901426}, "datetime": {"datetime": "2021-09-21 15:53:37", "elapsed": 257.784806, "delta": 2.265823}}
{"target": 0.8416664671257728, "params": {"max_depth": 43.59080040087092, "n_estimators": 25.367108380335935}, "datetime": {"datetime": "2021-09-21 15:53:39", "elapsed": 260.553189, "delta": 2.768383}}
{"target": 0.8410545907133922, "params": {"max_depth": 38.6425259506713, "n_estimators": 22.759820334516107}, "datetime": {"datetime": "2021-09-21 15:53:41", "elapsed": 262.460464, "delta": 1.907275}}
{"target": 0.8394329211700038, "params": {"max_depth": 37.63157520627725, "n_estimators": 23.25418474302458}, "datetime": {"datetime": "2021-09-21 15:53:44", "elapsed": 265.212352, "delta": 2.751888}}
{"target": 0.8395922120831986, "params": {"max_depth": 49.042007012425174, "n_estimators": 24.682161019834602}, "datetime": {"datetime": "2021-09-21 15:53:47", "elapsed": 267.989254, "delta": 2.776902}}
{"target": 0.8395922120831986, "params": {"max_depth": 47.15783661970963, "n_estimators": 24.760986165192747}, "datetime": {"datetime": "2021-09-21 15:53:49", "elapsed": 270.535815, "delta": 2.546561}}
{"target": 0.8415337047276287, "params": {"max_depth": 34.43248085525413, "n_estimators": 20.724157781828996}, "datetime": {"datetime": "2021-09-21 15:53:51", "elapsed": 272.163345, "delta": 1.62753}}
{"target": 0.8395922120831986, "params": {"max_depth": 34.18088659342878, "n_estimators": 24.737744195277557}, "datetime": {"datetime": "2021-09-21 15:53:53", "elapsed": 273.747352, "delta": 1.584007}}
{"target": 0.8302015339111183, "params": {"max_depth": 45.65923201425324, "n_estimators": 17.027531534984686}, "datetime": {"datetime": "2021-09-21 15:53:55", "elapsed": 275.696636, "delta": 1.949284}}
{"target": 0.8410545907133922, "params": {"max_depth": 44.64951473125781, "n_estimators": 22.610453833378482}, "datetime": {"datetime": "2021-09-21 15:53:56", "elapsed": 277.45126, "delta": 1.754624}}
{"target": 0.8410545907133922, "params": {"max_depth": 42.282833835513, "n_estimators": 22.4208831281765}, "datetime": {"datetime": "2021-09-21 15:53:58", "elapsed": 279.436134, "delta": 1.984874}}
{"target": 0.8394329211700038, "params": {"max_depth": 30.001577383926193, "n_estimators": 23.129907003769894}, "datetime": {"datetime": "2021-09-21 15:54:00", "elapsed": 281.053918, "delta": 1.617784}}
{"target": 0.8410545907133922, "params": {"max_depth": 33.39532079316945, "n_estimators": 22.348970292752416}, "datetime": {"datetime": "2021-09-21 15:54:04", "elapsed": 284.919933, "delta": 3.866015}}
{"target": 0.8410545907133922, "params": {"max_depth": 43.138362752806415, "n_estimators": 22.949701179327878}, "datetime": {"datetime": "2021-09-21 15:54:05", "elapsed": 286.47499, "delta": 1.555057}}
{"target": 0.8342054482533516, "params": {"max_depth": 50.0, "n_estimators": 18.962973550084225}, "datetime": {"datetime": "2021-09-21 15:54:08", "elapsed": 288.836583, "delta": 2.361593}}
{"target": 0.8410986638865767, "params": {"max_depth": 47.27205662427765, "n_estimators": 26.998688003294}, "datetime": {"datetime": "2021-09-21 15:54:11", "elapsed": 291.690638, "delta": 2.854055}}
{"target": 0.8416664671257728, "params": {"max_depth": 40.515773293549074, "n_estimators": 25.14197188494525}, "datetime": {"datetime": "2021-09-21 15:54:13", "elapsed": 293.956749, "delta": 2.266111}}
{"target": 0.8416664671257728, "params": {"max_depth": 44.41796288126933, "n_estimators": 25.27681953592005}, "datetime": {"datetime": "2021-09-21 15:54:15", "elapsed": 295.9713, "delta": 2.014551}}
{"target": 0.8415337047276287, "params": {"max_depth": 48.59107023522867, "n_estimators": 20.114355125872585}, "datetime": {"datetime": "2021-09-21 15:54:18", "elapsed": 299.481322, "delta": 3.510022}}
{"target": 0.8415337047276287, "params": {"max_depth": 47.52185815783426, "n_estimators": 20.638959831967426}, "datetime": {"datetime": "2021-09-21 15:54:20", "elapsed": 301.417524, "delta": 1.936202}}
{"target": 0.8395922120831986, "params": {"max_depth": 31.02412390980407, "n_estimators": 24.551639537077584}, "datetime": {"datetime": "2021-09-21 15:54:24", "elapsed": 305.426191, "delta": 4.008667}}
{"target": 0.8434172421662551, "params": {"max_depth": 36.46728283050535, "n_estimators": 19.747088465474455}, "datetime": {"datetime": "2021-09-21 15:54:26", "elapsed": 307.048324, "delta": 1.622133}}
{"target": 0.8416664671257728, "params": {"max_depth": 36.257578277192046, "n_estimators": 25.877352106301565}, "datetime": {"datetime": "2021-09-21 15:54:28", "elapsed": 308.851712, "delta": 1.803388}}
{"target": 0.8416664671257728, "params": {"max_depth": 33.11760882058928, "n_estimators": 25.574840491072088}, "datetime": {"datetime": "2021-09-21 15:54:30", "elapsed": 311.246279, "delta": 2.394567}}
{"target": 0.8401889232406063, "params": {"max_depth": 45.2339158482869, "n_estimators": 21.534328926117396}, "datetime": {"datetime": "2021-09-21 15:54:32", "elapsed": 313.36656, "delta": 2.120281}}
{"target": 0.8415337047276287, "params": {"max_depth": 41.874954698365485, "n_estimators": 20.639180275773747}, "datetime": {"datetime": "2021-09-21 15:54:35", "elapsed": 315.769003, "delta": 2.402443}}
{"target": 0.8434172421662551, "params": {"max_depth": 37.30795917270355, "n_estimators": 19.577046220881023}, "datetime": {"datetime": "2021-09-21 15:54:38", "elapsed": 319.167046, "delta": 3.398043}}
{"target": 0.8415337047276287, "params": {"max_depth": 39.518125695132404, "n_estimators": 20.622931914182743}, "datetime": {"datetime": "2021-09-21 15:54:40", "elapsed": 321.322362, "delta": 2.155316}}
{"target": 0.8410545907133922, "params": {"max_depth": 32.79074884406016, "n_estimators": 22.885329788000995}, "datetime": {"datetime": "2021-09-21 15:54:45", "elapsed": 325.658604, "delta": 4.336242}}
{"target": 0.8434172421662551, "params": {"max_depth": 44.550178261930775, "n_estimators": 19.094532064076105}, "datetime": {"datetime": "2021-09-21 15:54:47", "elapsed": 327.754092, "delta": 2.095488}}
{"target": 0.8415337047276287, "params": {"max_depth": 32.97344596169234, "n_estimators": 20.24472982264483}, "datetime": {"datetime": "2021-09-21 15:54:48", "elapsed": 329.318152, "delta": 1.56406}}
