{"target": -2.44873726655348, "params": {"max_depth": 23.598833711131924, "n_estimators": 62.0080587688964}, "datetime": {"datetime": "2021-09-20 19:41:19", "elapsed": 1037.972406, "delta": 3.876028}}
{"target": -2.4286731334549443, "params": {"max_depth": 14.611278250642055, "n_estimators": 71.02755229365607}, "datetime": {"datetime": "2021-09-20 19:41:23", "elapsed": 1042.282738, "delta": 4.310332}}
{"target": -2.4887166089091033, "params": {"max_depth": 19.629515601464327, "n_estimators": 81.53913136860486}, "datetime": {"datetime": "2021-09-20 19:41:28", "elapsed": 1047.089458, "delta": 4.80672}}
{"target": -2.4470352639411024, "params": {"max_depth": 17.90534387703765, "n_estimators": 64.56028683145706}, "datetime": {"datetime": "2021-09-20 19:41:32", "elapsed": 1050.947631, "delta": 3.858173}}
{"target": -2.493286972702783, "params": {"max_depth": 18.920496848766618, "n_estimators": 266.1314651718075}, "datetime": {"datetime": "2021-09-20 19:41:38", "elapsed": 1056.821115, "delta": 5.873484}}
{"target": -2.4888574830890966, "params": {"max_depth": 15.52033615254219, "n_estimators": 177.5664688507033}, "datetime": {"datetime": "2021-09-20 19:41:43", "elapsed": 1062.249532, "delta": 5.428417}}
{"target": -2.482713507252981, "params": {"max_depth": 19.460035413290797, "n_estimators": 77.96285026169306}, "datetime": {"datetime": "2021-09-20 19:41:48", "elapsed": 1067.477661, "delta": 5.228129}}
{"target": -2.456624634502924, "params": {"max_depth": 23.689668809502564, "n_estimators": 72.01457934156694}, "datetime": {"datetime": "2021-09-20 19:41:54", "elapsed": 1073.02218, "delta": 5.544519}}
{"target": -2.48495423340961, "params": {"max_depth": 25.0, "n_estimators": 138.0522080483701}, "datetime": {"datetime": "2021-09-20 19:41:57", "elapsed": 1076.367148, "delta": 3.344968}}
{"target": -2.478631315221791, "params": {"max_depth": 13.037823807095819, "n_estimators": 99.65884673062247}, "datetime": {"datetime": "2021-09-20 19:42:01", "elapsed": 1079.884428, "delta": 3.51728}}
{"target": -2.484292835106137, "params": {"max_depth": 19.031100834356383, "n_estimators": 127.03616704983989}, "datetime": {"datetime": "2021-09-20 19:42:05", "elapsed": 1084.274526, "delta": 4.390098}}
{"target": -2.4821765259172666, "params": {"max_depth": 13.789334827425161, "n_estimators": 97.05401393963385}, "datetime": {"datetime": "2021-09-20 19:42:08", "elapsed": 1087.542807, "delta": 3.268281}}
{"target": -2.477459997211463, "params": {"max_depth": 14.98382331262997, "n_estimators": 26.390926046222788}, "datetime": {"datetime": "2021-09-20 19:42:12", "elapsed": 1090.86819, "delta": 3.325383}}
{"target": -2.5251120870843957, "params": {"max_depth": 11.89646704335557, "n_estimators": 238.24676060033636}, "datetime": {"datetime": "2021-09-20 19:42:16", "elapsed": 1094.84967, "delta": 3.98148}}
{"target": -2.5108794574333424, "params": {"max_depth": 13.952169883045627, "n_estimators": 281.37112437088064}, "datetime": {"datetime": "2021-09-20 19:42:21", "elapsed": 1100.648787, "delta": 5.799117}}
{"target": -2.526468480935389, "params": {"max_depth": 11.786121363328489, "n_estimators": 297.3843098935848}, "datetime": {"datetime": "2021-09-20 19:42:27", "elapsed": 1106.183462, "delta": 5.534675}}
{"target": -2.475965868682325, "params": {"max_depth": 15.31855844119181, "n_estimators": 123.73035233363123}, "datetime": {"datetime": "2021-09-20 19:42:32", "elapsed": 1111.518103, "delta": 5.334641}}
{"target": -2.4926466048407914, "params": {"max_depth": 13.24537871379082, "n_estimators": 126.61191740102433}, "datetime": {"datetime": "2021-09-20 19:42:37", "elapsed": 1115.955466, "delta": 4.437363}}
{"target": -2.4903657448706475, "params": {"max_depth": 24.9149150147204, "n_estimators": 236.0778699209788}, "datetime": {"datetime": "2021-09-20 19:42:42", "elapsed": 1121.559561, "delta": 5.604095}}
{"target": -2.474020772417154, "params": {"max_depth": 20.460737371234522, "n_estimators": 36.24581008916473}, "datetime": {"datetime": "2021-09-20 19:42:47", "elapsed": 1126.467955, "delta": 4.908394}}
{"target": -2.4736293859649123, "params": {"max_depth": 20.370242898118708, "n_estimators": 49.08200451550042}, "datetime": {"datetime": "2021-09-20 19:42:52", "elapsed": 1131.153172, "delta": 4.685217}}
{"target": -2.4796887126991467, "params": {"max_depth": 15.793645923945617, "n_estimators": 188.55346468919842}, "datetime": {"datetime": "2021-09-20 19:42:56", "elapsed": 1134.985133, "delta": 3.831961}}
{"target": -2.5012299496483856, "params": {"max_depth": 16.273079772948574, "n_estimators": 180.32607206454256}, "datetime": {"datetime": "2021-09-20 19:43:00", "elapsed": 1139.21756, "delta": 4.232427}}
{"target": -2.476132578281146, "params": {"max_depth": 23.583031760354686, "n_estimators": 79.01898834296769}, "datetime": {"datetime": "2021-09-20 19:43:04", "elapsed": 1143.638163, "delta": 4.420603}}
{"target": -2.4832133486035266, "params": {"max_depth": 14.432911105389575, "n_estimators": 206.69279453213417}, "datetime": {"datetime": "2021-09-20 19:43:11", "elapsed": 1149.980501, "delta": 6.342338}}
{"target": -2.4286731334549443, "params": {"max_depth": 14.623709832609551, "n_estimators": 71.19038822991483}, "datetime": {"datetime": "2021-09-20 19:43:14", "elapsed": 1153.59839, "delta": 3.617889}}
{"target": -2.468696657183499, "params": {"max_depth": 23.990479782590768, "n_estimators": 74.44579872964552}, "datetime": {"datetime": "2021-09-20 19:43:18", "elapsed": 1156.87215, "delta": 3.27376}}
{"target": -2.4768025246041923, "params": {"max_depth": 24.952798925019984, "n_estimators": 123.99489912359857}, "datetime": {"datetime": "2021-09-20 19:43:21", "elapsed": 1160.340752, "delta": 3.468602}}
{"target": -2.440998803827751, "params": {"max_depth": 25.0, "n_estimators": 66.70408818009244}, "datetime": {"datetime": "2021-09-20 19:43:24", "elapsed": 1163.646828, "delta": 3.306076}}
{"target": -2.4830068356463815, "params": {"max_depth": 22.267609430687124, "n_estimators": 227.59342793432359}, "datetime": {"datetime": "2021-09-20 19:43:29", "elapsed": 1168.64158, "delta": 4.994752}}
{"target": -2.4286731334549443, "params": {"max_depth": 14.780183372867512, "n_estimators": 71.19760430236211}, "datetime": {"datetime": "2021-09-20 19:43:34", "elapsed": 1172.788855, "delta": 4.147275}}
{"target": -2.4920427527151183, "params": {"max_depth": 19.49669571214056, "n_estimators": 175.44935611524258}, "datetime": {"datetime": "2021-09-20 19:43:38", "elapsed": 1177.382818, "delta": 4.593963}}
{"target": -2.481973852531547, "params": {"max_depth": 19.2330927077234, "n_estimators": 152.3807622221384}, "datetime": {"datetime": "2021-09-20 19:43:43", "elapsed": 1181.930014, "delta": 4.547196}}
{"target": -2.4773474880382773, "params": {"max_depth": 24.994970082676083, "n_estimators": 44.63342154208419}, "datetime": {"datetime": "2021-09-20 19:43:46", "elapsed": 1185.412519, "delta": 3.482505}}
{"target": -2.483294876376591, "params": {"max_depth": 18.89696346945161, "n_estimators": 220.83079909122068}, "datetime": {"datetime": "2021-09-20 19:43:52", "elapsed": 1191.640897, "delta": 6.228378}}
{"target": -2.481959870295393, "params": {"max_depth": 19.789501611032332, "n_estimators": 195.89043940831198}, "datetime": {"datetime": "2021-09-20 19:43:58", "elapsed": 1197.483945, "delta": 5.843048}}
{"target": -2.4582775049555052, "params": {"max_depth": 15.224139661770092, "n_estimators": 64.03795868065829}, "datetime": {"datetime": "2021-09-20 19:44:03", "elapsed": 1202.387258, "delta": 4.903313}}
{"target": -2.4286731334549443, "params": {"max_depth": 14.583970497835555, "n_estimators": 71.15959277598186}, "datetime": {"datetime": "2021-09-20 19:44:08", "elapsed": 1207.480952, "delta": 5.093694}}
{"target": -2.4286731334549443, "params": {"max_depth": 14.920999569950542, "n_estimators": 71.3246731939416}, "datetime": {"datetime": "2021-09-20 19:44:12", "elapsed": 1211.673967, "delta": 4.193015}}
{"target": -2.5014216855778613, "params": {"max_depth": 16.524839333649233, "n_estimators": 285.8981862201674}, "datetime": {"datetime": "2021-09-20 19:44:19", "elapsed": 1217.954011, "delta": 6.280044}}
{"target": -2.4843650919467324, "params": {"max_depth": 23.10512580509343, "n_estimators": 166.4050207892448}, "datetime": {"datetime": "2021-09-20 19:44:23", "elapsed": 1222.277786, "delta": 4.323775}}
{"target": -2.490296364550785, "params": {"max_depth": 17.595747556113714, "n_estimators": 280.4959893360941}, "datetime": {"datetime": "2021-09-20 19:44:29", "elapsed": 1227.833749, "delta": 5.555963}}
{"target": -2.474834162728399, "params": {"max_depth": 13.977726292399156, "n_estimators": 61.68315485003976}, "datetime": {"datetime": "2021-09-20 19:44:34", "elapsed": 1233.041035, "delta": 5.207286}}
{"target": -2.536448057457644, "params": {"max_depth": 9.00566888348996, "n_estimators": 57.62745338523283}, "datetime": {"datetime": "2021-09-20 19:44:38", "elapsed": 1237.192555, "delta": 4.15152}}
{"target": -4.873294784398219, "params": {"max_depth": 1.0062025625891282, "n_estimators": 108.43469239597893}, "datetime": {"datetime": "2021-09-20 19:44:43", "elapsed": 1242.161854, "delta": 4.969299}}
{"target": -2.589860967864781, "params": {"max_depth": 7.941253537879453, "n_estimators": 101.69440049873103}, "datetime": {"datetime": "2021-09-20 19:44:47", "elapsed": 1246.036199, "delta": 3.874345}}
{"target": -2.5401752916757094, "params": {"max_depth": 9.081336304386767, "n_estimators": 108.51596200472609}, "datetime": {"datetime": "2021-09-20 19:44:52", "elapsed": 1251.399539, "delta": 5.36334}}
{"target": -2.5436089736706236, "params": {"max_depth": 9.353301293670736, "n_estimators": 113.85792691552454}, "datetime": {"datetime": "2021-09-20 19:44:58", "elapsed": 1257.383436, "delta": 5.983897}}
{"target": -2.5238888902652894, "params": {"max_depth": 10.195760060318543, "n_estimators": 170.81854088543417}, "datetime": {"datetime": "2021-09-20 19:45:02", "elapsed": 1261.368246, "delta": 3.98481}}
{"target": -2.5407487048137143, "params": {"max_depth": 14.512322881178086, "n_estimators": 15.134078767219837}, "datetime": {"datetime": "2021-09-20 19:45:06", "elapsed": 1265.24859, "delta": 3.880344}}
{"target": -2.5336862235396174, "params": {"max_depth": 9.051090919922249, "n_estimators": 103.96350051679114}, "datetime": {"datetime": "2021-09-20 19:45:13", "elapsed": 1272.244126, "delta": 6.995536}}
{"target": -2.523245249564384, "params": {"max_depth": 11.802736513275915, "n_estimators": 157.62515561904027}, "datetime": {"datetime": "2021-09-20 19:45:20", "elapsed": 1279.274256, "delta": 7.03013}}
{"target": -2.4723203341507904, "params": {"max_depth": 13.512173697984949, "n_estimators": 64.51428157526453}, "datetime": {"datetime": "2021-09-20 19:45:25", "elapsed": 1284.077227, "delta": 4.802971}}
{"target": -2.612343271585659, "params": {"max_depth": 7.968337271177842, "n_estimators": 193.98862054973156}, "datetime": {"datetime": "2021-09-20 19:45:28", "elapsed": 1287.714539, "delta": 3.637312}}
{"target": -2.4648598598965004, "params": {"max_depth": 15.925929288778825, "n_estimators": 59.982616461432315}, "datetime": {"datetime": "2021-09-20 19:45:33", "elapsed": 1292.162693, "delta": 4.448154}}
{"target": -2.5287542688175133, "params": {"max_depth": 11.888529913430972, "n_estimators": 173.88156055470418}, "datetime": {"datetime": "2021-09-20 19:45:40", "elapsed": 1299.368125, "delta": 7.205432}}
{"target": -2.4910061550339293, "params": {"max_depth": 15.430804668835783, "n_estimators": 137.2220765265175}, "datetime": {"datetime": "2021-09-20 19:45:49", "elapsed": 1307.907991, "delta": 8.539866}}
{"target": -2.4858031996325303, "params": {"max_depth": 17.069883317629653, "n_estimators": 191.48342875478448}, "datetime": {"datetime": "2021-09-20 19:45:54", "elapsed": 1313.451397, "delta": 5.543406}}
{"target": -2.500505816316827, "params": {"max_depth": 13.779557379442663, "n_estimators": 222.07255742735308}, "datetime": {"datetime": "2021-09-20 19:45:59", "elapsed": 1318.631955, "delta": 5.180558}}
{"target": -2.513984970043384, "params": {"max_depth": 13.320392581558092, "n_estimators": 264.471289881062}, "datetime": {"datetime": "2021-09-20 19:46:07", "elapsed": 1325.82238, "delta": 7.190425}}
{"target": -2.4871767523412247, "params": {"max_depth": 19.951864156241577, "n_estimators": 143.67004411310364}, "datetime": {"datetime": "2021-09-20 19:46:13", "elapsed": 1332.606505, "delta": 6.784125}}
{"target": -2.4792869269949063, "params": {"max_depth": 23.053117626676183, "n_estimators": 31.63171984902569}, "datetime": {"datetime": "2021-09-20 19:46:22", "elapsed": 1341.62043, "delta": 9.013925}}
{"target": -2.5091509087682624, "params": {"max_depth": 12.83329603326972, "n_estimators": 184.60569524123466}, "datetime": {"datetime": "2021-09-20 19:46:29", "elapsed": 1347.870923, "delta": 6.250493}}
{"target": -2.484966411535892, "params": {"max_depth": 18.28631852003132, "n_estimators": 165.1124357488599}, "datetime": {"datetime": "2021-09-20 19:46:39", "elapsed": 1358.703115, "delta": 10.832192}}
{"target": -2.497277722438568, "params": {"max_depth": 16.268010797155462, "n_estimators": 134.01681641571662}, "datetime": {"datetime": "2021-09-20 19:46:48", "elapsed": 1367.568113, "delta": 8.864998}}
{"target": -2.492656591509521, "params": {"max_depth": 19.948491992489842, "n_estimators": 271.49736957637293}, "datetime": {"datetime": "2021-09-20 19:46:54", "elapsed": 1373.488111, "delta": 5.919998}}
{"target": -2.4979686148433102, "params": {"max_depth": 12.287193350548604, "n_estimators": 80.4509017254691}, "datetime": {"datetime": "2021-09-20 19:47:02", "elapsed": 1380.945278, "delta": 7.457167}}
{"target": -2.5155336817259344, "params": {"max_depth": 13.967121177163516, "n_estimators": 243.48202677882117}, "datetime": {"datetime": "2021-09-20 19:47:09", "elapsed": 1388.442787, "delta": 7.497509}}
{"target": -2.492064467349827, "params": {"max_depth": 18.54989142143672, "n_estimators": 243.01810035660665}, "datetime": {"datetime": "2021-09-20 19:47:17", "elapsed": 1395.970044, "delta": 7.527257}}
{"target": -2.48529579940587, "params": {"max_depth": 14.769846498906354, "n_estimators": 157.19985218540293}, "datetime": {"datetime": "2021-09-20 19:47:24", "elapsed": 1403.492756, "delta": 7.522712}}
{"target": -2.507684089372978, "params": {"max_depth": 16.992786162878875, "n_estimators": 294.36832016229005}, "datetime": {"datetime": "2021-09-20 19:47:30", "elapsed": 1409.171003, "delta": 5.678247}}
{"target": -2.5273652597129272, "params": {"max_depth": 11.840112399378459, "n_estimators": 94.04119895398918}, "datetime": {"datetime": "2021-09-20 19:47:36", "elapsed": 1415.536898, "delta": 6.365895}}
{"target": -2.4727153502378396, "params": {"max_depth": 22.967821132206357, "n_estimators": 98.25749767628962}, "datetime": {"datetime": "2021-09-20 19:47:41", "elapsed": 1420.581401, "delta": 5.044503}}
{"target": -2.487870222133277, "params": {"max_depth": 23.06011664148255, "n_estimators": 263.10586229516997}, "datetime": {"datetime": "2021-09-20 19:47:46", "elapsed": 1425.325904, "delta": 4.744503}}
{"target": -2.48331881533101, "params": {"max_depth": 22.584144999635118, "n_estimators": 41.39544034306314}, "datetime": {"datetime": "2021-09-20 19:47:52", "elapsed": 1431.448039, "delta": 6.122135}}
{"target": -2.478897715988084, "params": {"max_depth": 23.15060003011153, "n_estimators": 53.194466192004754}, "datetime": {"datetime": "2021-09-20 19:47:58", "elapsed": 1436.800273, "delta": 5.352234}}
{"target": -2.484403290190342, "params": {"max_depth": 19.143694197462526, "n_estimators": 204.11989329746987}, "datetime": {"datetime": "2021-09-20 19:48:04", "elapsed": 1443.467554, "delta": 6.667281}}
{"target": -2.513281377622167, "params": {"max_depth": 11.752998284374346, "n_estimators": 193.93889545016805}, "datetime": {"datetime": "2021-09-20 19:48:09", "elapsed": 1448.313352, "delta": 4.845798}}
{"target": -2.486734193168388, "params": {"max_depth": 18.498890156712903, "n_estimators": 186.3524131815305}, "datetime": {"datetime": "2021-09-20 19:48:18", "elapsed": 1457.700491, "delta": 9.387139}}
{"target": -2.4420333571346795, "params": {"max_depth": 14.784068956247541, "n_estimators": 60.20607713506128}, "datetime": {"datetime": "2021-09-20 19:48:29", "elapsed": 1468.439658, "delta": 10.739167}}
{"target": -2.482341138891883, "params": {"max_depth": 14.819454526014322, "n_estimators": 49.963163473783965}, "datetime": {"datetime": "2021-09-20 19:48:36", "elapsed": 1475.196446, "delta": 6.756788}}
{"target": -2.480746527777778, "params": {"max_depth": 19.34464091264192, "n_estimators": 40.53142011059777}, "datetime": {"datetime": "2021-09-20 19:48:41", "elapsed": 1479.803448, "delta": 4.607002}}
{"target": -2.4894375361480594, "params": {"max_depth": 24.996892333821513, "n_estimators": 273.7767347670122}, "datetime": {"datetime": "2021-09-20 19:48:47", "elapsed": 1486.212592, "delta": 6.409144}}
{"target": -2.4805021106133025, "params": {"max_depth": 15.976393425982254, "n_estimators": 225.27392500027935}, "datetime": {"datetime": "2021-09-20 19:48:54", "elapsed": 1493.147907, "delta": 6.935315}}
{"target": -2.480638363486841, "params": {"max_depth": 24.83334812929912, "n_estimators": 128.94400261480874}, "datetime": {"datetime": "2021-09-20 19:49:00", "elapsed": 1499.608314, "delta": 6.460407}}
{"target": -2.4808280803212592, "params": {"max_depth": 14.601806705053168, "n_estimators": 210.59051016163332}, "datetime": {"datetime": "2021-09-20 19:49:06", "elapsed": 1504.854054, "delta": 5.24574}}
{"target": -2.4667912433307997, "params": {"max_depth": 15.960676567236323, "n_estimators": 47.215021401100685}, "datetime": {"datetime": "2021-09-20 19:49:11", "elapsed": 1509.821227, "delta": 4.967173}}
{"target": -2.4822443851307754, "params": {"max_depth": 14.658396404349773, "n_estimators": 148.75561075410502}, "datetime": {"datetime": "2021-09-20 19:49:18", "elapsed": 1517.218862, "delta": 7.397635}}
{"target": -2.5630783204192658, "params": {"max_depth": 9.789735446732736, "n_estimators": 300.0}, "datetime": {"datetime": "2021-09-20 19:49:25", "elapsed": 1524.231007, "delta": 7.012145}}
{"target": -2.4903734033365996, "params": {"max_depth": 18.505755079699107, "n_estimators": 228.1624911492873}, "datetime": {"datetime": "2021-09-20 19:49:33", "elapsed": 1532.104692, "delta": 7.873685}}
{"target": -2.4858713654766276, "params": {"max_depth": 25.0, "n_estimators": 143.30436665209263}, "datetime": {"datetime": "2021-09-20 19:49:38", "elapsed": 1537.158361, "delta": 5.053669}}
{"target": -2.4895799527290485, "params": {"max_depth": 15.070042919352222, "n_estimators": 267.8354147177013}, "datetime": {"datetime": "2021-09-20 19:49:51", "elapsed": 1550.192578, "delta": 13.034217}}
{"target": -2.4625714588539664, "params": {"max_depth": 16.95417833788618, "n_estimators": 57.85794078367599}, "datetime": {"datetime": "2021-09-20 19:49:55", "elapsed": 1554.708031, "delta": 4.515453}}
{"target": -2.4645290177813974, "params": {"max_depth": 18.897656864440563, "n_estimators": 47.1050358391197}, "datetime": {"datetime": "2021-09-20 19:50:01", "elapsed": 1560.167595, "delta": 5.459564}}
{"target": -2.482300853485061, "params": {"max_depth": 23.068754393786563, "n_estimators": 185.9915515498147}, "datetime": {"datetime": "2021-09-20 19:50:09", "elapsed": 1568.024405, "delta": 7.85681}}
{"target": -2.5011680074066813, "params": {"max_depth": 16.666390325612156, "n_estimators": 237.28322836290175}, "datetime": {"datetime": "2021-09-20 19:50:15", "elapsed": 1574.665792, "delta": 6.641387}}
{"target": -2.4727447980416115, "params": {"max_depth": 24.984735519277805, "n_estimators": 215.98533045752814}, "datetime": {"datetime": "2021-09-20 19:50:22", "elapsed": 1581.590667, "delta": 6.924875}}
{"target": -2.5071041648182906, "params": {"max_depth": 12.213425273606946, "n_estimators": 278.37082118237964}, "datetime": {"datetime": "2021-09-20 19:50:30", "elapsed": 1589.754514, "delta": 8.163847}}
{"target": -2.449012178884712, "params": {"max_depth": 20.176890196927857, "n_estimators": 56.14473511597348}, "datetime": {"datetime": "2021-09-20 19:50:37", "elapsed": 1596.082154, "delta": 6.32764}}
{"target": -2.4914492383407336, "params": {"max_depth": 16.112733100612935, "n_estimators": 193.8492302239403}, "datetime": {"datetime": "2021-09-20 19:50:42", "elapsed": 1601.586928, "delta": 5.504774}}
{"target": -2.4950171422889142, "params": {"max_depth": 12.818240648924135, "n_estimators": 85.8188279587543}, "datetime": {"datetime": "2021-09-20 19:50:47", "elapsed": 1606.31593, "delta": 4.729002}}
{"target": -2.4508434472343468, "params": {"max_depth": 14.673551035185987, "n_estimators": 86.89397380046425}, "datetime": {"datetime": "2021-09-20 19:50:52", "elapsed": 1611.162375, "delta": 4.846445}}
{"target": -2.425469531249584, "params": {"max_depth": 14.864499346485516, "n_estimators": 67.30121416689765}, "datetime": {"datetime": "2021-09-20 19:51:00", "elapsed": 1618.821362, "delta": 7.658987}}
{"target": -2.4718915982617085, "params": {"max_depth": 24.99008761081252, "n_estimators": 109.42314579189873}, "datetime": {"datetime": "2021-09-20 19:51:06", "elapsed": 1625.519135, "delta": 6.697773}}
{"target": -2.4813370743034016, "params": {"max_depth": 24.980481359130657, "n_estimators": 204.39529711104063}, "datetime": {"datetime": "2021-09-20 19:51:13", "elapsed": 1632.622216, "delta": 7.103081}}
{"target": -2.487828947368419, "params": {"max_depth": 24.96880484304795, "n_estimators": 160.16117635914833}, "datetime": {"datetime": "2021-09-20 19:51:18", "elapsed": 1637.494482, "delta": 4.872266}}
{"target": -2.4253121716752153, "params": {"max_depth": 14.94082927740265, "n_estimators": 66.92734324215516}, "datetime": {"datetime": "2021-09-20 19:51:23", "elapsed": 1641.862159, "delta": 4.367677}}
{"target": -2.4549766203397967, "params": {"max_depth": 15.129898902235265, "n_estimators": 67.18431187148416}, "datetime": {"datetime": "2021-09-20 19:51:31", "elapsed": 1650.169086, "delta": 8.306927}}
