{"target": -11.079600626196063, "params": {"max_depth": 28.088116725760784, "n_estimators": 95.37425067825995}, "datetime": {"datetime": "2021-09-27 17:37:11", "elapsed": 1108.555563, "delta": 5.082292}}
{"target": -11.193043718922187, "params": {"max_depth": 26.727352064309443, "n_estimators": 80.49339646891725}, "datetime": {"datetime": "2021-09-27 17:37:15", "elapsed": 1112.523521, "delta": 3.967958}}
{"target": -11.067968436523696, "params": {"max_depth": 24.81224956868473, "n_estimators": 96.6381848370253}, "datetime": {"datetime": "2021-09-27 17:37:19", "elapsed": 1117.178792, "delta": 4.655271}}
{"target": -11.118193162985737, "params": {"max_depth": 29.073754291106276, "n_estimators": 89.32485028901516}, "datetime": {"datetime": "2021-09-27 17:37:24", "elapsed": 1122.274223, "delta": 5.095431}}
{"target": -11.026648056847742, "params": {"max_depth": 25.84730811847273, "n_estimators": 66.94688205826222}, "datetime": {"datetime": "2021-09-27 17:37:28", "elapsed": 1125.748463, "delta": 3.47424}}
{"target": -11.096740533175039, "params": {"max_depth": 15.88495304744297, "n_estimators": 79.57930954668232}, "datetime": {"datetime": "2021-09-27 17:37:32", "elapsed": 1129.556953, "delta": 3.80849}}
{"target": -11.102937495328566, "params": {"max_depth": 23.560240818713876, "n_estimators": 91.7145352239427}, "datetime": {"datetime": "2021-09-27 17:37:35", "elapsed": 1133.246996, "delta": 3.690043}}
{"target": -11.036421088833567, "params": {"max_depth": 16.348129919959383, "n_estimators": 70.59152317325517}, "datetime": {"datetime": "2021-09-27 17:37:40", "elapsed": 1138.153824, "delta": 4.906828}}
{"target": -11.031907831663908, "params": {"max_depth": 27.11543625516546, "n_estimators": 67.03723291782839}, "datetime": {"datetime": "2021-09-27 17:37:44", "elapsed": 1141.922223, "delta": 3.768399}}
{"target": -11.100211675715176, "params": {"max_depth": 25.131484157789945, "n_estimators": 69.64858281102812}, "datetime": {"datetime": "2021-09-27 17:37:48", "elapsed": 1145.550005, "delta": 3.627782}}
{"target": -11.18957282141853, "params": {"max_depth": 11.217448258902087, "n_estimators": 86.47212957410574}, "datetime": {"datetime": "2021-09-27 17:37:52", "elapsed": 1149.529754, "delta": 3.979749}}
{"target": -11.026648056847742, "params": {"max_depth": 22.70602217792301, "n_estimators": 66.38341042184936}, "datetime": {"datetime": "2021-09-27 17:37:59", "elapsed": 1156.898467, "delta": 7.368713}}
{"target": -11.190717443442955, "params": {"max_depth": 10.581482807980901, "n_estimators": 98.97007881426008}, "datetime": {"datetime": "2021-09-27 17:38:04", "elapsed": 1161.59967, "delta": 4.701203}}
{"target": -11.089558494163859, "params": {"max_depth": 19.523217285359046, "n_estimators": 92.72064516238991}, "datetime": {"datetime": "2021-09-27 17:38:09", "elapsed": 1166.684276, "delta": 5.084606}}
{"target": -11.02216540553383, "params": {"max_depth": 27.33872328700816, "n_estimators": 65.34879378468523}, "datetime": {"datetime": "2021-09-27 17:38:13", "elapsed": 1170.407158, "delta": 3.722882}}
{"target": -11.16568520338322, "params": {"max_depth": 14.88136073582297, "n_estimators": 64.65621988366695}, "datetime": {"datetime": "2021-09-27 17:38:16", "elapsed": 1174.122667, "delta": 3.715509}}
{"target": -11.259964220764791, "params": {"max_depth": 13.290362192824455, "n_estimators": 62.33420251184185}, "datetime": {"datetime": "2021-09-27 17:38:22", "elapsed": 1179.663335, "delta": 5.540668}}
{"target": -12.051584211766304, "params": {"max_depth": 8.358189260195669, "n_estimators": 42.390874759308986}, "datetime": {"datetime": "2021-09-27 17:38:29", "elapsed": 1186.550447, "delta": 6.887112}}
{"target": -11.609545721694948, "params": {"max_depth": 12.392310443999955, "n_estimators": 17.59021949792197}, "datetime": {"datetime": "2021-09-27 17:38:32", "elapsed": 1190.045221, "delta": 3.494774}}
{"target": -11.764166241553797, "params": {"max_depth": 9.817902391520386, "n_estimators": 45.82183515499361}, "datetime": {"datetime": "2021-09-27 17:38:35", "elapsed": 1192.656176, "delta": 2.610955}}
{"target": -11.171976651711883, "params": {"max_depth": 12.368921825389409, "n_estimators": 65.12737915287202}, "datetime": {"datetime": "2021-09-27 17:38:41", "elapsed": 1198.705415, "delta": 6.049239}}
{"target": -11.420433933950514, "params": {"max_depth": 19.569545557493626, "n_estimators": 39.564182684714595}, "datetime": {"datetime": "2021-09-27 17:38:46", "elapsed": 1203.518547, "delta": 4.813132}}
{"target": -11.338532720979215, "params": {"max_depth": 26.150370448125305, "n_estimators": 45.48484423417511}, "datetime": {"datetime": "2021-09-27 17:38:50", "elapsed": 1208.259843, "delta": 4.741296}}
{"target": -11.361379703267916, "params": {"max_depth": 15.68671358240185, "n_estimators": 30.70602535674564}, "datetime": {"datetime": "2021-09-27 17:38:55", "elapsed": 1212.601743, "delta": 4.3419}}
{"target": -11.501270912820567, "params": {"max_depth": 25.091750705581013, "n_estimators": 25.650247390132094}, "datetime": {"datetime": "2021-09-27 17:39:01", "elapsed": 1218.663893, "delta": 6.06215}}
{"target": -11.50046461246312, "params": {"max_depth": 27.92563892577187, "n_estimators": 35.06259616154814}, "datetime": {"datetime": "2021-09-27 17:39:06", "elapsed": 1223.360604, "delta": 4.696711}}
{"target": -11.224217108783833, "params": {"max_depth": 10.307569197796738, "n_estimators": 67.39186479557544}, "datetime": {"datetime": "2021-09-27 17:39:09", "elapsed": 1226.952561, "delta": 3.591957}}
{"target": -11.19653666672357, "params": {"max_depth": 26.271164603579344, "n_estimators": 56.03484546455141}, "datetime": {"datetime": "2021-09-27 17:39:14", "elapsed": 1231.779512, "delta": 4.826951}}
{"target": -11.235908805878058, "params": {"max_depth": 19.068822939784365, "n_estimators": 55.616229505033516}, "datetime": {"datetime": "2021-09-27 17:39:18", "elapsed": 1235.713135, "delta": 3.933623}}
{"target": -11.186983930779308, "params": {"max_depth": 13.093638136374645, "n_estimators": 172.03244934421582}, "datetime": {"datetime": "2021-09-27 17:43:18", "elapsed": 0.0, "delta": 0.0}}
{"target": -24.701296026864135, "params": {"max_depth": 1.0033168697030017, "n_estimators": 130.233257263184}, "datetime": {"datetime": "2021-09-27 17:43:18", "elapsed": 0.414002, "delta": 0.414002}}
{"target": -12.884089860101462, "params": {"max_depth": 5.255920833696278, "n_estimators": 109.23385947687979}, "datetime": {"datetime": "2021-09-27 17:43:19", "elapsed": 1.120035, "delta": 0.706033}}
{"target": -12.298589967268114, "params": {"max_depth": 6.4015461299524565, "n_estimators": 134.55607270430477}, "datetime": {"datetime": "2021-09-27 17:43:20", "elapsed": 2.072762, "delta": 0.952727}}
{"target": -11.205802906364337, "params": {"max_depth": 12.506256752689428, "n_estimators": 153.8816734003357}, "datetime": {"datetime": "2021-09-27 17:43:21", "elapsed": 3.275994, "delta": 1.203232}}
{"target": -11.205802906364337, "params": {"max_depth": 12.277328678147006, "n_estimators": 153.7987720139681}, "datetime": {"datetime": "2021-09-27 17:43:22", "elapsed": 4.750034, "delta": 1.47404}}
{"target": -11.24697452875183, "params": {"max_depth": 10.794549173627418, "n_estimators": 139.81461274465062}, "datetime": {"datetime": "2021-09-27 17:43:24", "elapsed": 6.596275, "delta": 1.846241}}
{"target": -11.158137738465712, "params": {"max_depth": 11.562314012528063, "n_estimators": 163.1808053056823}, "datetime": {"datetime": "2021-09-27 17:43:26", "elapsed": 8.47447, "delta": 1.878195}}
{"target": -11.10964847720058, "params": {"max_depth": 19.67518027034835, "n_estimators": 165.99073627983051}, "datetime": {"datetime": "2021-09-27 17:43:28", "elapsed": 10.158135, "delta": 1.683665}}
{"target": -11.06449309652528, "params": {"max_depth": 15.230277553647458, "n_estimators": 132.75225721528656}, "datetime": {"datetime": "2021-09-27 17:43:30", "elapsed": 12.127543, "delta": 1.969408}}
{"target": -11.13386751741976, "params": {"max_depth": 22.173254297055117, "n_estimators": 175.21618527035008}, "datetime": {"datetime": "2021-09-27 17:43:32", "elapsed": 14.56805, "delta": 2.440507}}
{"target": -11.115103257381813, "params": {"max_depth": 29.305258733374288, "n_estimators": 168.98425866636674}, "datetime": {"datetime": "2021-09-27 17:43:34", "elapsed": 16.37889, "delta": 1.81084}}
{"target": -11.131362307340913, "params": {"max_depth": 26.728198153698724, "n_estimators": 159.241057021221}, "datetime": {"datetime": "2021-09-27 17:43:35", "elapsed": 17.966122, "delta": 1.587232}}
{"target": -11.073003525786133, "params": {"max_depth": 23.083518404335297, "n_estimators": 149.63649745344844}, "datetime": {"datetime": "2021-09-27 17:43:37", "elapsed": 19.463377, "delta": 1.497255}}
{"target": -11.109410813051657, "params": {"max_depth": 21.658337333893208, "n_estimators": 140.07530572521176}, "datetime": {"datetime": "2021-09-27 17:43:39", "elapsed": 21.031008, "delta": 1.567631}}
{"target": -11.097998355969176, "params": {"max_depth": 29.716225091924397, "n_estimators": 143.89499880142228}, "datetime": {"datetime": "2021-09-27 17:43:40", "elapsed": 22.392167, "delta": 1.361159}}
{"target": -11.101325945074507, "params": {"max_depth": 28.3112442213984, "n_estimators": 133.19372432938334}, "datetime": {"datetime": "2021-09-27 17:43:41", "elapsed": 23.753172, "delta": 1.361005}}
{"target": -11.106002876676317, "params": {"max_depth": 16.915591613892417, "n_estimators": 171.51893663724195}, "datetime": {"datetime": "2021-09-27 18:02:47", "elapsed": 0.0, "delta": 0.0}}
{"target": -11.099160938136757, "params": {"max_depth": 18.480137906077672, "n_estimators": 154.4883182996897}, "datetime": {"datetime": "2021-09-27 18:02:49", "elapsed": 1.688646, "delta": 1.688646}}
{"target": -11.192215359418471, "params": {"max_depth": 13.285989180828237, "n_estimators": 164.58941130666562}, "datetime": {"datetime": "2021-09-27 18:02:51", "elapsed": 3.717078, "delta": 2.028432}}
{"target": -11.186289758688753, "params": {"max_depth": 13.690029126618082, "n_estimators": 189.17730007820796}, "datetime": {"datetime": "2021-09-27 18:02:53", "elapsed": 5.968243, "delta": 2.251165}}
{"target": -11.117728417938315, "params": {"max_depth": 28.94622005452985, "n_estimators": 138.34415188257776}, "datetime": {"datetime": "2021-09-27 18:02:55", "elapsed": 7.687314, "delta": 1.719071}}
{"target": -24.644167474893024, "params": {"max_depth": 1.265134114320152, "n_estimators": 125.72154105700255}, "datetime": {"datetime": "2021-09-27 18:02:56", "elapsed": 8.568317, "delta": 0.881003}}
{"target": -11.086113580217305, "params": {"max_depth": 18.641764836907708, "n_estimators": 152.62421513838842}, "datetime": {"datetime": "2021-09-27 18:02:58", "elapsed": 10.502559, "delta": 1.934242}}
{"target": -11.151368973235131, "params": {"max_depth": 30.0, "n_estimators": 200.0}, "datetime": {"datetime": "2021-09-27 18:03:00", "elapsed": 12.655652, "delta": 2.153093}}
{"target": -24.462739976041885, "params": {"max_depth": 1.0511650991806043, "n_estimators": 199.87864017768538}, "datetime": {"datetime": "2021-09-27 18:03:01", "elapsed": 13.654875, "delta": 0.999223}}
{"target": -11.13794601293447, "params": {"max_depth": 30.0, "n_estimators": 183.15912743420495}, "datetime": {"datetime": "2021-09-27 18:03:03", "elapsed": 15.638766, "delta": 1.983891}}
{"target": -11.041641689676448, "params": {"max_depth": 30.0, "n_estimators": 100.0}, "datetime": {"datetime": "2021-09-27 18:03:04", "elapsed": 16.875362, "delta": 1.236596}}
{"target": -11.050722276647177, "params": {"max_depth": 30.0, "n_estimators": 118.05873977631566}, "datetime": {"datetime": "2021-09-27 18:03:06", "elapsed": 18.383599, "delta": 1.508237}}
{"target": -11.190419072086351, "params": {"max_depth": 10.2908326511166, "n_estimators": 100.02641366496128}, "datetime": {"datetime": "2021-09-27 18:03:07", "elapsed": 19.606027, "delta": 1.222428}}
{"target": -11.127816235873148, "params": {"max_depth": 30.0, "n_estimators": 157.02712158079729}, "datetime": {"datetime": "2021-09-27 18:03:09", "elapsed": 21.705945, "delta": 2.099918}}
{"target": -24.826439463564213, "params": {"max_depth": 1.0988785965144894, "n_estimators": 172.3064825534098}, "datetime": {"datetime": "2021-09-27 18:03:10", "elapsed": 22.63195, "delta": 0.926005}}
{"target": -11.124155387930983, "params": {"max_depth": 30.0, "n_estimators": 169.7471639952844}, "datetime": {"datetime": "2021-09-27 18:03:12", "elapsed": 24.670294, "delta": 2.038344}}
{"target": -11.01715847547267, "params": {"max_depth": 20.40012736769207, "n_estimators": 108.56153698031251}, "datetime": {"datetime": "2021-09-27 18:03:13", "elapsed": 26.073159, "delta": 1.402865}}
{"target": -11.127566354581472, "params": {"max_depth": 22.45347383096829, "n_estimators": 191.8698867697885}, "datetime": {"datetime": "2021-09-27 18:03:16", "elapsed": 28.729334, "delta": 2.656175}}
{"target": -24.626902848777, "params": {"max_depth": 1.0, "n_estimators": 100.0}, "datetime": {"datetime": "2021-09-27 18:03:17", "elapsed": 29.422561, "delta": 0.693227}}
{"target": -11.04677641258397, "params": {"max_depth": 19.15305787707145, "n_estimators": 100.0}, "datetime": {"datetime": "2021-09-27 18:03:18", "elapsed": 31.10856, "delta": 1.685999}}
{"target": -15.657698217157145, "params": {"max_depth": 3.9797314552759344, "n_estimators": 149.53118943673184}, "datetime": {"datetime": "2021-09-27 18:03:19", "elapsed": 32.181843, "delta": 1.073283}}
{"target": -11.101080926949955, "params": {"max_depth": 22.538248905391388, "n_estimators": 127.82542983942741}, "datetime": {"datetime": "2021-09-27 18:03:21", "elapsed": 33.904643, "delta": 1.7228}}
{"target": -11.142600141830554, "params": {"max_depth": 20.159583074207617, "n_estimators": 181.66729307613082}, "datetime": {"datetime": "2021-09-27 18:03:23", "elapsed": 36.233277, "delta": 2.328634}}
{"target": -11.123785527569137, "params": {"max_depth": 17.999652138316296, "n_estimators": 139.2811728990195}, "datetime": {"datetime": "2021-09-27 18:03:25", "elapsed": 38.017944, "delta": 1.784667}}
{"target": -11.119376430713697, "params": {"max_depth": 22.278247291981735, "n_estimators": 164.5264465071571}, "datetime": {"datetime": "2021-09-27 18:03:27", "elapsed": 40.210165, "delta": 2.192221}}
{"target": -11.090578607094244, "params": {"max_depth": 30.0, "n_estimators": 147.59925507561297}, "datetime": {"datetime": "2021-09-27 18:03:29", "elapsed": 41.940275, "delta": 1.73011}}
{"target": -11.020084166040462, "params": {"max_depth": 30.0, "n_estimators": 108.78366781987188}, "datetime": {"datetime": "2021-09-27 18:03:31", "elapsed": 43.327276, "delta": 1.387001}}
{"target": -11.108692274767813, "params": {"max_depth": 29.929031489456726, "n_estimators": 129.08732391809156}, "datetime": {"datetime": "2021-09-27 18:03:32", "elapsed": 44.854278, "delta": 1.527002}}
{"target": -11.141964436319336, "params": {"max_depth": 19.151324241780383, "n_estimators": 200.0}, "datetime": {"datetime": "2021-09-27 18:03:35", "elapsed": 47.542811, "delta": 2.688533}}
{"target": -11.040039654423861, "params": {"max_depth": 20.22084645834061, "n_estimators": 117.99478971098337}, "datetime": {"datetime": "2021-09-27 18:03:36", "elapsed": 48.895809, "delta": 1.352998}}
{"target": -11.102388894696395, "params": {"max_depth": 13.28417567010889, "n_estimators": 106.95494110723934}, "datetime": {"datetime": "2021-09-27 18:03:37", "elapsed": 50.157067, "delta": 1.261258}}
{"target": -11.102336196831363, "params": {"max_depth": 23.201252034785053, "n_estimators": 144.19322740157344}, "datetime": {"datetime": "2021-09-27 18:03:39", "elapsed": 51.760566, "delta": 1.603499}}
{"target": -11.13386751741976, "params": {"max_depth": 25.19809157544488, "n_estimators": 175.28988339826236}, "datetime": {"datetime": "2021-09-27 18:03:41", "elapsed": 53.77873, "delta": 2.018164}}
{"target": -11.127566354581472, "params": {"max_depth": 29.90992665117138, "n_estimators": 191.46965191130244}, "datetime": {"datetime": "2021-09-27 18:03:43", "elapsed": 56.092354, "delta": 2.313624}}
{"target": -11.106295073021757, "params": {"max_depth": 23.305467341546304, "n_estimators": 134.89945232602057}, "datetime": {"datetime": "2021-09-27 18:03:45", "elapsed": 57.6696, "delta": 1.577246}}
{"target": -11.064844748282484, "params": {"max_depth": 14.430699670823286, "n_estimators": 101.27599730568777}, "datetime": {"datetime": "2021-09-27 18:03:46", "elapsed": 59.006593, "delta": 1.336993}}
{"target": -11.213375614600729, "params": {"max_depth": 13.963194169801234, "n_estimators": 146.2371756193459}, "datetime": {"datetime": "2021-09-27 18:03:48", "elapsed": 60.989705, "delta": 1.983112}}
{"target": -11.187200479421874, "params": {"max_depth": 11.967509964690025, "n_estimators": 156.35567703469457}, "datetime": {"datetime": "2021-09-27 18:03:50", "elapsed": 62.659546, "delta": 1.669841}}
{"target": -11.051929395610864, "params": {"max_depth": 24.86139658191668, "n_estimators": 114.10045591080886}, "datetime": {"datetime": "2021-09-27 18:03:51", "elapsed": 64.183718, "delta": 1.524172}}
{"target": -11.085060054300081, "params": {"max_depth": 25.954179124716052, "n_estimators": 122.28032193333131}, "datetime": {"datetime": "2021-09-27 18:03:53", "elapsed": 65.63896, "delta": 1.455242}}
{"target": -11.151368973235131, "params": {"max_depth": 24.446682951195747, "n_estimators": 200.0}, "datetime": {"datetime": "2021-09-27 18:03:55", "elapsed": 67.677971, "delta": 2.039011}}
{"target": -11.029514749397066, "params": {"max_depth": 15.386658630793132, "n_estimators": 113.2449756917208}, "datetime": {"datetime": "2021-09-27 18:03:56", "elapsed": 69.212936, "delta": 1.534965}}
{"target": -11.087154728471623, "params": {"max_depth": 16.851255009597395, "n_estimators": 193.67548575737538}, "datetime": {"datetime": "2021-09-27 18:03:59", "elapsed": 71.745043, "delta": 2.532107}}
{"target": -11.130554511236708, "params": {"max_depth": 18.121340838180267, "n_estimators": 187.514620871119}, "datetime": {"datetime": "2021-09-27 18:04:01", "elapsed": 74.16586, "delta": 2.420817}}
{"target": -11.113770802816436, "params": {"max_depth": 16.921548348256103, "n_estimators": 161.38738781739997}, "datetime": {"datetime": "2021-09-27 18:04:03", "elapsed": 76.180982, "delta": 2.015122}}
{"target": -11.097051086339867, "params": {"max_depth": 29.932843138026254, "n_estimators": 163.91908908473977}, "datetime": {"datetime": "2021-09-27 18:04:06", "elapsed": 78.396938, "delta": 2.215956}}
{"target": -11.032915207387347, "params": {"max_depth": 25.597229743407734, "n_estimators": 103.3202328311153}, "datetime": {"datetime": "2021-09-27 18:04:07", "elapsed": 79.805437, "delta": 1.408499}}
{"target": -11.10987698759951, "params": {"max_depth": 25.380657632304363, "n_estimators": 153.23043115681233}, "datetime": {"datetime": "2021-09-27 18:04:09", "elapsed": 82.029521, "delta": 2.224084}}
{"target": -11.140726876033543, "params": {"max_depth": 29.988245577832306, "n_estimators": 177.4510785866803}, "datetime": {"datetime": "2021-09-27 18:04:12", "elapsed": 84.49476, "delta": 2.465239}}
{"target": -11.135588329969385, "params": {"max_depth": 14.942061018623477, "n_estimators": 181.0328713215157}, "datetime": {"datetime": "2021-09-27 18:04:14", "elapsed": 86.593746, "delta": 2.098986}}
{"target": -11.140286506355945, "params": {"max_depth": 22.00613534161033, "n_estimators": 170.02990589058712}, "datetime": {"datetime": "2021-09-27 18:04:16", "elapsed": 88.566944, "delta": 1.973198}}
{"target": -11.117484362184294, "params": {"max_depth": 17.334768310416337, "n_estimators": 131.86032793902126}, "datetime": {"datetime": "2021-09-27 18:04:17", "elapsed": 90.147198, "delta": 1.580254}}
{"target": -11.103605605150817, "params": {"max_depth": 17.381307312182912, "n_estimators": 124.24610531779501}, "datetime": {"datetime": "2021-09-27 18:04:19", "elapsed": 91.954229, "delta": 1.807031}}
{"target": -11.124202642713472, "params": {"max_depth": 18.84574319080855, "n_estimators": 176.51872314493144}, "datetime": {"datetime": "2021-09-27 18:04:21", "elapsed": 94.202645, "delta": 2.248416}}
{"target": -11.041641689676448, "params": {"max_depth": 24.87043198290781, "n_estimators": 100.0}, "datetime": {"datetime": "2021-09-27 18:04:23", "elapsed": 95.742208, "delta": 1.539563}}
{"target": -11.077845750757517, "params": {"max_depth": 29.895327797351495, "n_estimators": 123.11250255946268}, "datetime": {"datetime": "2021-09-27 18:04:26", "elapsed": 98.294225, "delta": 2.552017}}
{"target": -11.131362307340913, "params": {"max_depth": 25.581011253354106, "n_estimators": 159.37500599249273}, "datetime": {"datetime": "2021-09-27 18:04:27", "elapsed": 100.126461, "delta": 1.832236}}
{"target": -11.084299901061053, "params": {"max_depth": 18.344410082734132, "n_estimators": 145.64811980865719}, "datetime": {"datetime": "2021-09-27 18:04:29", "elapsed": 102.049257, "delta": 1.922796}}
{"target": -11.113650544875712, "params": {"max_depth": 21.40542994025079, "n_estimators": 196.43620704508427}, "datetime": {"datetime": "2021-09-27 18:04:31", "elapsed": 104.091432, "delta": 2.042175}}
{"target": -11.198370599608811, "params": {"max_depth": 13.764750350412427, "n_estimators": 151.29768927948464}, "datetime": {"datetime": "2021-09-27 18:04:34", "elapsed": 106.522275, "delta": 2.430843}}
{"target": -11.135458422351139, "params": {"max_depth": 25.91653964474442, "n_estimators": 186.42511349073018}, "datetime": {"datetime": "2021-09-27 18:04:36", "elapsed": 108.805595, "delta": 2.28332}}
{"target": -11.130917123391178, "params": {"max_depth": 17.325028476809624, "n_estimators": 166.67161753901016}, "datetime": {"datetime": "2021-09-27 18:04:38", "elapsed": 110.869466, "delta": 2.063871}}
{"target": -11.098159257955635, "params": {"max_depth": 29.902938583455153, "n_estimators": 142.77177385069444}, "datetime": {"datetime": "2021-09-27 18:04:40", "elapsed": 112.974078, "delta": 2.104612}}
