{"target": -2.3624728098230654, "params": {"max_depth": 18.238878599243627, "n_estimators": 67.57974662302342}, "datetime": {"datetime": "2021-09-21 10:30:59", "elapsed": 1365.638524, "delta": 22.72083}}
{"target": -2.3624728098230654, "params": {"max_depth": 18.552431056832024, "n_estimators": 67.26095840448139}, "datetime": {"datetime": "2021-09-21 10:31:08", "elapsed": 1374.978922, "delta": 9.340398}}
{"target": -2.3624728098230654, "params": {"max_depth": 18.291148783523347, "n_estimators": 67.75037965661055}, "datetime": {"datetime": "2021-09-21 10:31:16", "elapsed": 1382.85455, "delta": 7.875628}}
{"target": -2.3624728098230654, "params": {"max_depth": 18.320064891982884, "n_estimators": 67.71772148245977}, "datetime": {"datetime": "2021-09-21 10:31:26", "elapsed": 1392.926268, "delta": 10.071718}}
{"target": -2.3624728098230654, "params": {"max_depth": 18.66720477985425, "n_estimators": 67.07930216480909}, "datetime": {"datetime": "2021-09-21 10:31:32", "elapsed": 1398.732432, "delta": 5.806164}}
{"target": -2.3624728098230654, "params": {"max_depth": 18.510004302562773, "n_estimators": 67.47644504391639}, "datetime": {"datetime": "2021-09-21 10:31:40", "elapsed": 1406.897287, "delta": 8.164855}}
{"target": -2.380643821467732, "params": {"max_depth": 18.86722978602519, "n_estimators": 64.89421647600902}, "datetime": {"datetime": "2021-09-21 10:31:48", "elapsed": 1414.779928, "delta": 7.882641}}
{"target": -2.481935307017544, "params": {"max_depth": 26.238981954768075, "n_estimators": 24.683630205705843}, "datetime": {"datetime": "2021-09-21 10:31:55", "elapsed": 1422.0108, "delta": 7.230872}}
{"target": -2.3635878408708346, "params": {"max_depth": 20.590262431006785, "n_estimators": 67.3903120840793}, "datetime": {"datetime": "2021-09-21 10:32:06", "elapsed": 1432.764416, "delta": 10.753616}}
{"target": -2.393732314657613, "params": {"max_depth": 22.314260853248978, "n_estimators": 93.23931324715431}, "datetime": {"datetime": "2021-09-21 10:32:18", "elapsed": 1444.079034, "delta": 11.314618}}
{"target": -2.3623336389837646, "params": {"max_depth": 16.385785745524174, "n_estimators": 67.42249489878454}, "datetime": {"datetime": "2021-09-21 10:32:27", "elapsed": 1453.686567, "delta": 9.607533}}
{"target": -2.3624728098230654, "params": {"max_depth": 18.37821409010181, "n_estimators": 67.80886931052893}, "datetime": {"datetime": "2021-09-21 10:32:39", "elapsed": 1465.615442, "delta": 11.928875}}
{"target": -2.3623336389837646, "params": {"max_depth": 16.346813080461242, "n_estimators": 67.30553778862681}, "datetime": {"datetime": "2021-09-21 10:32:50", "elapsed": 1476.526256, "delta": 10.910814}}
{"target": -2.3624728098230654, "params": {"max_depth": 18.274966758620906, "n_estimators": 67.65961953588416}, "datetime": {"datetime": "2021-09-21 10:33:01", "elapsed": 1487.77925, "delta": 11.252994}}
{"target": -2.364646062271063, "params": {"max_depth": 18.223118381960827, "n_estimators": 65.73691293784594}, "datetime": {"datetime": "2021-09-21 10:33:10", "elapsed": 1496.106235, "delta": 8.326985}}
{"target": -2.3623336389837646, "params": {"max_depth": 16.36244111428161, "n_estimators": 67.12083573292682}, "datetime": {"datetime": "2021-09-21 10:33:19", "elapsed": 1505.386385, "delta": 9.28015}}
{"target": -2.401707778346168, "params": {"max_depth": 12.503873000897228, "n_estimators": 66.95670224006632}, "datetime": {"datetime": "2021-09-21 10:33:30", "elapsed": 1516.077097, "delta": 10.690712}}
{"target": -2.3624728098230654, "params": {"max_depth": 18.19169866512276, "n_estimators": 67.59658838077225}, "datetime": {"datetime": "2021-09-21 10:33:38", "elapsed": 1524.997909, "delta": 8.920812}}
{"target": -2.4367424459122122, "params": {"max_depth": 19.186952476520116, "n_estimators": 46.937546719499615}, "datetime": {"datetime": "2021-09-21 10:33:46", "elapsed": 1532.655871, "delta": 7.657962}}
{"target": -2.364646062271063, "params": {"max_depth": 18.567250303709894, "n_estimators": 65.89821495176031}, "datetime": {"datetime": "2021-09-21 10:33:53", "elapsed": 1539.598743, "delta": 6.942872}}
{"target": -2.3623336389837646, "params": {"max_depth": 16.338951295182774, "n_estimators": 67.24519598291427}, "datetime": {"datetime": "2021-09-21 10:34:01", "elapsed": 1547.484445, "delta": 7.885702}}
{"target": -2.3624728098230654, "params": {"max_depth": 18.332359108962745, "n_estimators": 67.757233076967}, "datetime": {"datetime": "2021-09-21 10:34:08", "elapsed": 1554.411285, "delta": 6.92684}}
{"target": -2.3623336389837646, "params": {"max_depth": 16.38537282115992, "n_estimators": 67.44119801799926}, "datetime": {"datetime": "2021-09-21 10:34:16", "elapsed": 1562.996616, "delta": 8.585331}}
{"target": -2.3623336389837646, "params": {"max_depth": 16.470316488867304, "n_estimators": 67.52356810343251}, "datetime": {"datetime": "2021-09-21 10:34:25", "elapsed": 1571.355724, "delta": 8.359108}}
{"target": -2.3624728098230654, "params": {"max_depth": 18.085844408175458, "n_estimators": 67.89320757464746}, "datetime": {"datetime": "2021-09-21 10:34:36", "elapsed": 1582.934182, "delta": 11.578458}}
{"target": -2.3623336389837646, "params": {"max_depth": 16.310193989240595, "n_estimators": 67.54194811749616}, "datetime": {"datetime": "2021-09-21 10:34:46", "elapsed": 1592.328451, "delta": 9.394269}}
{"target": -2.3623336389837646, "params": {"max_depth": 16.255628487938424, "n_estimators": 67.2925097362745}, "datetime": {"datetime": "2021-09-21 10:34:59", "elapsed": 1605.341564, "delta": 13.013113}}
{"target": -2.3623336389837646, "params": {"max_depth": 16.351699785715482, "n_estimators": 67.5189014655489}, "datetime": {"datetime": "2021-09-21 10:35:03", "elapsed": 1609.857881, "delta": 4.516317}}
{"target": -2.3623336389837646, "params": {"max_depth": 16.442973105667605, "n_estimators": 67.30839567597639}, "datetime": {"datetime": "2021-09-21 10:35:10", "elapsed": 1617.045377, "delta": 7.187496}}
{"target": -2.3624728098230654, "params": {"max_depth": 18.19950619035787, "n_estimators": 67.81312177783609}, "datetime": {"datetime": "2021-09-21 10:35:19", "elapsed": 1625.286709, "delta": 8.241332}}
{"target": -2.3635878408708346, "params": {"max_depth": 20.307498222255806, "n_estimators": 67.47681494189018}, "datetime": {"datetime": "2021-09-21 10:35:25", "elapsed": 1631.239342, "delta": 5.952633}}
{"target": -2.363698474405712, "params": {"max_depth": 18.734308159264252, "n_estimators": 66.94143237777638}, "datetime": {"datetime": "2021-09-21 10:35:34", "elapsed": 1641.015496, "delta": 9.776154}}
{"target": -2.3624728098230654, "params": {"max_depth": 18.356012672001714, "n_estimators": 67.86310119578071}, "datetime": {"datetime": "2021-09-21 10:35:41", "elapsed": 1648.056824, "delta": 7.041328}}
{"target": -2.3623336389837646, "params": {"max_depth": 16.475282700932482, "n_estimators": 67.42316948762749}, "datetime": {"datetime": "2021-09-21 10:35:49", "elapsed": 1655.230013, "delta": 7.173189}}
{"target": -2.3624728098230654, "params": {"max_depth": 18.45414670127208, "n_estimators": 67.62381403454356}, "datetime": {"datetime": "2021-09-21 10:35:55", "elapsed": 1661.789606, "delta": 6.559593}}
{"target": -2.3624728098230654, "params": {"max_depth": 18.496592898142456, "n_estimators": 67.50869198080642}, "datetime": {"datetime": "2021-09-21 10:36:05", "elapsed": 1671.895091, "delta": 10.105485}}
{"target": -2.3624728098230654, "params": {"max_depth": 18.593595367289097, "n_estimators": 67.18229689632142}, "datetime": {"datetime": "2021-09-21 10:36:10", "elapsed": 1676.300596, "delta": 4.405505}}
{"target": -2.3623336389837646, "params": {"max_depth": 16.35560217328625, "n_estimators": 67.31788148429088}, "datetime": {"datetime": "2021-09-21 10:36:17", "elapsed": 1683.634927, "delta": 7.334331}}
{"target": -2.3623336389837646, "params": {"max_depth": 16.37732609430426, "n_estimators": 67.62224790141151}, "datetime": {"datetime": "2021-09-21 10:36:23", "elapsed": 1689.472102, "delta": 5.837175}}
{"target": -2.3623336389837646, "params": {"max_depth": 16.32345834532672, "n_estimators": 67.44910658309077}, "datetime": {"datetime": "2021-09-21 10:36:30", "elapsed": 1696.588351, "delta": 7.116249}}
{"target": -2.3623336389837646, "params": {"max_depth": 16.408872971888236, "n_estimators": 67.54250488844454}, "datetime": {"datetime": "2021-09-21 10:36:37", "elapsed": 1703.656847, "delta": 7.068496}}
{"target": -2.3624728098230654, "params": {"max_depth": 18.56633290296272, "n_estimators": 67.44329859299256}, "datetime": {"datetime": "2021-09-21 10:36:51", "elapsed": 1717.473919, "delta": 13.817072}}
{"target": -2.3623336389837646, "params": {"max_depth": 16.40507343720747, "n_estimators": 67.65656556765529}, "datetime": {"datetime": "2021-09-21 10:36:55", "elapsed": 1721.997936, "delta": 4.524017}}
{"target": -2.3983147080028844, "params": {"max_depth": 24.79158585430799, "n_estimators": 73.83787491957384}, "datetime": {"datetime": "2021-09-21 10:37:06", "elapsed": 1732.121112, "delta": 10.123176}}
{"target": -2.3624728098230654, "params": {"max_depth": 18.250155023688777, "n_estimators": 67.90868163905017}, "datetime": {"datetime": "2021-09-21 10:37:10", "elapsed": 1737.043678, "delta": 4.922566}}
{"target": -2.3623336389837646, "params": {"max_depth": 16.267616862913314, "n_estimators": 67.16660964597656}, "datetime": {"datetime": "2021-09-21 10:37:16", "elapsed": 1742.082974, "delta": 5.039296}}
{"target": -2.3624728098230654, "params": {"max_depth": 18.065279711433256, "n_estimators": 67.63694036993802}, "datetime": {"datetime": "2021-09-21 10:37:20", "elapsed": 1746.102563, "delta": 4.019589}}
{"target": -2.3624728098230654, "params": {"max_depth": 18.51438903740169, "n_estimators": 67.76924865045456}, "datetime": {"datetime": "2021-09-21 10:37:28", "elapsed": 1754.201657, "delta": 8.099094}}
{"target": -2.3623336389837646, "params": {"max_depth": 16.33436515751626, "n_estimators": 67.56473602522738}, "datetime": {"datetime": "2021-09-21 10:37:36", "elapsed": 1762.269786, "delta": 8.068129}}
{"target": -2.3624728098230654, "params": {"max_depth": 18.357510980446822, "n_estimators": 67.66426236560048}, "datetime": {"datetime": "2021-09-21 10:37:39", "elapsed": 1765.979574, "delta": 3.709788}}
{"target": -2.3623336389837646, "params": {"max_depth": 16.434350277922846, "n_estimators": 67.20793502501631}, "datetime": {"datetime": "2021-09-21 10:37:44", "elapsed": 1771.074801, "delta": 5.095227}}
{"target": -2.3623336389837646, "params": {"max_depth": 16.52868779973313, "n_estimators": 67.52406853990566}, "datetime": {"datetime": "2021-09-21 10:37:53", "elapsed": 1779.718535, "delta": 8.643734}}
{"target": -2.3624728098230654, "params": {"max_depth": 18.543876449714936, "n_estimators": 67.58554443688946}, "datetime": {"datetime": "2021-09-21 10:38:01", "elapsed": 1787.906648, "delta": 8.188113}}
{"target": -2.397465545095749, "params": {"max_depth": 15.468768077630621, "n_estimators": 89.76449011983324}, "datetime": {"datetime": "2021-09-21 10:38:09", "elapsed": 1795.942105, "delta": 8.035457}}
{"target": -2.3624728098230654, "params": {"max_depth": 18.712005143173936, "n_estimators": 67.10386325660482}, "datetime": {"datetime": "2021-09-21 10:38:16", "elapsed": 1803.05482, "delta": 7.112715}}
{"target": -2.3624728098230654, "params": {"max_depth": 18.598519011819533, "n_estimators": 67.29127335298836}, "datetime": {"datetime": "2021-09-21 10:38:25", "elapsed": 1812.045212, "delta": 8.990392}}
{"target": -2.3624728098230654, "params": {"max_depth": 18.55374012818808, "n_estimators": 67.41466598657809}, "datetime": {"datetime": "2021-09-21 10:38:31", "elapsed": 1817.519343, "delta": 5.474131}}
{"target": -2.3624728098230654, "params": {"max_depth": 18.469935664664444, "n_estimators": 67.23732099062973}, "datetime": {"datetime": "2021-09-21 10:38:37", "elapsed": 1824.054253, "delta": 6.53491}}
{"target": -2.3623336389837646, "params": {"max_depth": 16.39302684879731, "n_estimators": 67.44219908201006}, "datetime": {"datetime": "2021-09-21 10:38:44", "elapsed": 1831.057714, "delta": 7.003461}}
{"target": -2.3624728098230654, "params": {"max_depth": 18.59601212422213, "n_estimators": 67.28784469068724}, "datetime": {"datetime": "2021-09-21 10:38:50", "elapsed": 1836.915327, "delta": 5.857613}}
{"target": -2.3623336389837646, "params": {"max_depth": 16.348678038566117, "n_estimators": 67.21275329204501}, "datetime": {"datetime": "2021-09-21 10:38:56", "elapsed": 1842.640166, "delta": 5.724839}}
{"target": -2.3624728098230654, "params": {"max_depth": 18.086014548632576, "n_estimators": 67.63827789716586}, "datetime": {"datetime": "2021-09-21 10:39:04", "elapsed": 1850.477277, "delta": 7.837111}}
{"target": -2.3711618615055, "params": {"max_depth": 15.720049385982913, "n_estimators": 65.92588672874663}, "datetime": {"datetime": "2021-09-21 10:39:10", "elapsed": 1856.167678, "delta": 5.690401}}
{"target": -2.3624728098230654, "params": {"max_depth": 18.092785538763465, "n_estimators": 67.67847640497342}, "datetime": {"datetime": "2021-09-21 10:39:16", "elapsed": 1862.897778, "delta": 6.7301}}
{"target": -2.3623336389837646, "params": {"max_depth": 16.295239830844046, "n_estimators": 67.36709345446637}, "datetime": {"datetime": "2021-09-21 10:39:24", "elapsed": 1870.681777, "delta": 7.783999}}
{"target": -2.3624728098230654, "params": {"max_depth": 18.58119492953767, "n_estimators": 67.37602427814272}, "datetime": {"datetime": "2021-09-21 10:39:30", "elapsed": 1876.795957, "delta": 6.11418}}
{"target": -2.3624728098230654, "params": {"max_depth": 18.212753411821417, "n_estimators": 67.60769708637747}, "datetime": {"datetime": "2021-09-21 10:39:36", "elapsed": 1882.459007, "delta": 5.66305}}
{"target": -2.381817315026698, "params": {"max_depth": 23.761748554055146, "n_estimators": 69.40212855940567}, "datetime": {"datetime": "2021-09-21 10:39:44", "elapsed": 1890.27078, "delta": 7.811773}}
{"target": -2.3623336389837646, "params": {"max_depth": 16.474507613900574, "n_estimators": 67.60783313352796}, "datetime": {"datetime": "2021-09-21 10:39:52", "elapsed": 1898.519631, "delta": 8.248851}}
{"target": -2.3624728098230654, "params": {"max_depth": 18.129544606954394, "n_estimators": 67.87859068089057}, "datetime": {"datetime": "2021-09-21 10:40:06", "elapsed": 1912.676726, "delta": 14.157095}}
{"target": -2.3623336389837646, "params": {"max_depth": 16.40614977197822, "n_estimators": 67.47672098688122}, "datetime": {"datetime": "2021-09-21 10:40:15", "elapsed": 1921.769945, "delta": 9.093219}}
{"target": -2.3623336389837646, "params": {"max_depth": 16.44100008920612, "n_estimators": 67.5273161332078}, "datetime": {"datetime": "2021-09-21 10:40:21", "elapsed": 1927.898011, "delta": 6.128066}}
{"target": -2.3623336389837646, "params": {"max_depth": 16.26940262344721, "n_estimators": 67.18808441330908}, "datetime": {"datetime": "2021-09-21 10:40:33", "elapsed": 1939.081262, "delta": 11.183251}}
{"target": -2.3624728098230654, "params": {"max_depth": 18.106893869461665, "n_estimators": 67.8407681314548}, "datetime": {"datetime": "2021-09-21 10:40:42", "elapsed": 1948.685767, "delta": 9.604505}}
{"target": -2.3624728098230654, "params": {"max_depth": 18.421591302178534, "n_estimators": 67.70867026936175}, "datetime": {"datetime": "2021-09-21 10:40:49", "elapsed": 1955.527933, "delta": 6.842166}}
{"target": -2.3623336389837646, "params": {"max_depth": 16.26989065598858, "n_estimators": 67.19844630536001}, "datetime": {"datetime": "2021-09-21 10:41:00", "elapsed": 1966.296234, "delta": 10.768301}}
{"target": -2.3623336389837646, "params": {"max_depth": 16.46699667699775, "n_estimators": 67.32867065206528}, "datetime": {"datetime": "2021-09-21 10:41:15", "elapsed": 1981.618818, "delta": 15.322584}}
{"target": -2.3624728098230654, "params": {"max_depth": 18.38937053542225, "n_estimators": 67.73395862817131}, "datetime": {"datetime": "2021-09-21 10:41:24", "elapsed": 1990.804951, "delta": 9.186133}}
{"target": -2.3624728098230654, "params": {"max_depth": 18.20726521782739, "n_estimators": 67.84634450183417}, "datetime": {"datetime": "2021-09-21 10:41:33", "elapsed": 1999.084743, "delta": 8.279792}}
{"target": -2.3623336389837646, "params": {"max_depth": 16.479901055685595, "n_estimators": 67.57564389569987}, "datetime": {"datetime": "2021-09-21 10:41:42", "elapsed": 2008.577784, "delta": 9.493041}}
{"target": -2.3624728098230654, "params": {"max_depth": 18.60177591961987, "n_estimators": 67.27812138307968}, "datetime": {"datetime": "2021-09-21 10:41:51", "elapsed": 2017.155512, "delta": 8.577728}}
{"target": -2.3624728098230654, "params": {"max_depth": 18.00965727856246, "n_estimators": 67.79126013805416}, "datetime": {"datetime": "2021-09-21 10:41:59", "elapsed": 2025.151329, "delta": 7.995817}}
{"target": -2.3898711622807016, "params": {"max_depth": 25.46361287136368, "n_estimators": 96.87411987801403}, "datetime": {"datetime": "2021-09-21 10:42:08", "elapsed": 2035.074936, "delta": 9.923607}}
{"target": -2.3623336389837646, "params": {"max_depth": 16.341415181751074, "n_estimators": 67.38197694901768}, "datetime": {"datetime": "2021-09-21 10:42:14", "elapsed": 2040.960824, "delta": 5.885888}}
{"target": -2.3624728098230654, "params": {"max_depth": 18.213296089375174, "n_estimators": 67.71703928496385}, "datetime": {"datetime": "2021-09-21 10:42:22", "elapsed": 2048.909745, "delta": 7.948921}}
{"target": -2.3624728098230654, "params": {"max_depth": 18.146777405031575, "n_estimators": 67.78758625018247}, "datetime": {"datetime": "2021-09-21 10:42:34", "elapsed": 2060.911097, "delta": 12.001352}}
{"target": -2.399042305129914, "params": {"max_depth": 25.238627306388583, "n_estimators": 79.4133075957275}, "datetime": {"datetime": "2021-09-21 10:42:42", "elapsed": 2068.355198, "delta": 7.444101}}
{"target": -2.3624728098230654, "params": {"max_depth": 18.25837007508187, "n_estimators": 67.72829986004069}, "datetime": {"datetime": "2021-09-21 10:42:49", "elapsed": 2075.875859, "delta": 7.520661}}
{"target": -2.3624728098230654, "params": {"max_depth": 18.410605144552097, "n_estimators": 67.47921023550325}, "datetime": {"datetime": "2021-09-21 10:42:56", "elapsed": 2082.646225, "delta": 6.770366}}
{"target": -2.3623336389837646, "params": {"max_depth": 16.369677596102, "n_estimators": 67.52046841890468}, "datetime": {"datetime": "2021-09-21 10:43:05", "elapsed": 2091.837852, "delta": 9.191627}}
{"target": -2.3623336389837646, "params": {"max_depth": 16.397392257791545, "n_estimators": 67.32938282651482}, "datetime": {"datetime": "2021-09-21 10:43:12", "elapsed": 2098.14393, "delta": 6.306078}}
{"target": -2.3623336389837646, "params": {"max_depth": 16.294109139869548, "n_estimators": 67.21561390949039}, "datetime": {"datetime": "2021-09-21 10:43:17", "elapsed": 2103.177048, "delta": 5.033118}}
{"target": -2.3623336389837646, "params": {"max_depth": 16.245016737346994, "n_estimators": 67.23475027355819}, "datetime": {"datetime": "2021-09-21 10:43:27", "elapsed": 2113.803909, "delta": 10.626861}}
{"target": -2.459815078236131, "params": {"max_depth": 28.437006733259366, "n_estimators": 37.86456722948344}, "datetime": {"datetime": "2021-09-21 10:43:36", "elapsed": 2122.51452, "delta": 8.710611}}
{"target": -2.3623336389837646, "params": {"max_depth": 16.412283324882182, "n_estimators": 67.13068405661843}, "datetime": {"datetime": "2021-09-21 10:43:46", "elapsed": 2132.606959, "delta": 10.092439}}
{"target": -2.3623336389837646, "params": {"max_depth": 16.498416571064574, "n_estimators": 67.50618709830874}, "datetime": {"datetime": "2021-09-21 10:43:53", "elapsed": 2140.050205, "delta": 7.443246}}
{"target": -2.3623336389837646, "params": {"max_depth": 16.234244316452994, "n_estimators": 67.306371169992}, "datetime": {"datetime": "2021-09-21 10:44:03", "elapsed": 2150.036946, "delta": 9.986741}}
{"target": -2.3624728098230654, "params": {"max_depth": 18.597479542557696, "n_estimators": 67.21571259479843}, "datetime": {"datetime": "2021-09-21 10:44:16", "elapsed": 2163.017412, "delta": 12.980466}}
{"target": -2.3623336389837646, "params": {"max_depth": 16.38354091829562, "n_estimators": 67.76814702960989}, "datetime": {"datetime": "2021-09-21 10:44:27", "elapsed": 2173.613502, "delta": 10.59609}}
{"target": -2.3624728098230654, "params": {"max_depth": 18.23268238695655, "n_estimators": 67.4376899053559}, "datetime": {"datetime": "2021-09-21 10:44:34", "elapsed": 2180.729302, "delta": 7.1158}}
{"target": -2.3623336389837646, "params": {"max_depth": 16.478121354969083, "n_estimators": 67.75728235739354}, "datetime": {"datetime": "2021-09-21 10:44:45", "elapsed": 2191.12469, "delta": 10.395388}}
{"target": -2.3623336389837646, "params": {"max_depth": 16.502711408510322, "n_estimators": 67.14443000448044}, "datetime": {"datetime": "2021-09-21 10:44:50", "elapsed": 2196.256809, "delta": 5.132119}}
{"target": -2.3790581364124606, "params": {"max_depth": 20.94376634874391, "n_estimators": 70.07519972918564}, "datetime": {"datetime": "2021-09-21 10:45:01", "elapsed": 2207.095128, "delta": 10.838319}}
{"target": -2.3624728098230654, "params": {"max_depth": 18.227927211155592, "n_estimators": 67.69659882733073}, "datetime": {"datetime": "2021-09-21 10:45:12", "elapsed": 2218.366037, "delta": 11.270909}}
{"target": -2.3623336389837646, "params": {"max_depth": 16.495027640739828, "n_estimators": 67.58753684516283}, "datetime": {"datetime": "2021-09-21 10:45:25", "elapsed": 2231.115484, "delta": 12.749447}}
{"target": -2.4596180063738786, "params": {"max_depth": 9.847391735880814, "n_estimators": 87.90689514146607}, "datetime": {"datetime": "2021-09-21 10:45:30", "elapsed": 2236.809356, "delta": 5.693872}}
{"target": -2.4105181621340974, "params": {"max_depth": 14.769554856399694, "n_estimators": 80.44806124198709}, "datetime": {"datetime": "2021-09-21 10:45:38", "elapsed": 2244.3437, "delta": 7.534344}}
{"target": -2.404500559341725, "params": {"max_depth": 15.368444414347902, "n_estimators": 76.81764616682558}, "datetime": {"datetime": "2021-09-21 10:45:47", "elapsed": 2253.211004, "delta": 8.867304}}
