{"target": -2.5154015006748116, "params": {"max_depth": 13.139867077866562, "n_estimators": 267.52598442501926}, "datetime": {"datetime": "2021-09-21 10:49:43", "elapsed": 151.82644, "delta": 3.743364}}
{"target": -2.4854479639813656, "params": {"max_depth": 18.0, "n_estimators": 189.2307113781085}, "datetime": {"datetime": "2021-09-21 10:49:45", "elapsed": 154.084499, "delta": 2.258059}}
{"target": -2.4844732852322866, "params": {"max_depth": 17.97981059474383, "n_estimators": 158.35403694828273}, "datetime": {"datetime": "2021-09-21 10:49:47", "elapsed": 156.32801, "delta": 2.243511}}
{"target": -2.4869199674537867, "params": {"max_depth": 17.86851620552925, "n_estimators": 257.3890350000826}, "datetime": {"datetime": "2021-09-21 10:49:51", "elapsed": 159.683754, "delta": 3.355744}}
{"target": -2.4253121716752153, "params": {"max_depth": 14.015548925401774, "n_estimators": 66.29210136843912}, "datetime": {"datetime": "2021-09-21 10:49:52", "elapsed": 161.294832, "delta": 1.611078}}
{"target": -2.4785260705966636, "params": {"max_depth": 18.0, "n_estimators": 213.8541443760404}, "datetime": {"datetime": "2021-09-21 10:49:55", "elapsed": 164.288169, "delta": 2.993337}}
{"target": -2.4897167130765063, "params": {"max_depth": 18.0, "n_estimators": 276.1509061936005}, "datetime": {"datetime": "2021-09-21 10:49:59", "elapsed": 167.733841, "delta": 3.445672}}
{"target": -2.524325484688708, "params": {"max_depth": 13.136885978408044, "n_estimators": 50.020413799725674}, "datetime": {"datetime": "2021-09-21 10:50:00", "elapsed": 168.977692, "delta": 1.243851}}
{"target": -2.483268772274385, "params": {"max_depth": 17.962940909144347, "n_estimators": 224.86910286105405}, "datetime": {"datetime": "2021-09-21 10:50:03", "elapsed": 171.774183, "delta": 2.796491}}
{"target": -2.4988670673267195, "params": {"max_depth": 13.0, "n_estimators": 130.8528650769644}, "datetime": {"datetime": "2021-09-21 10:50:05", "elapsed": 173.732152, "delta": 1.957969}}
{"target": -2.509300060542058, "params": {"max_depth": 13.023596333400562, "n_estimators": 247.75387037910875}, "datetime": {"datetime": "2021-09-21 10:50:08", "elapsed": 176.793016, "delta": 3.060864}}
{"target": -2.465899917407154, "params": {"max_depth": 17.998201679106693, "n_estimators": 100.89774550149245}, "datetime": {"datetime": "2021-09-21 10:50:09", "elapsed": 178.348656, "delta": 1.55564}}
{"target": -2.463673385109341, "params": {"max_depth": 17.985707438872403, "n_estimators": 98.88604139129576}, "datetime": {"datetime": "2021-09-21 10:50:11", "elapsed": 180.013136, "delta": 1.66448}}
{"target": -2.4892909901392195, "params": {"max_depth": 18.0, "n_estimators": 180.60591936813495}, "datetime": {"datetime": "2021-09-21 10:50:14", "elapsed": 182.476585, "delta": 2.463449}}
{"target": -2.4669556477712877, "params": {"max_depth": 17.991110346543906, "n_estimators": 88.684155642664}, "datetime": {"datetime": "2021-09-21 10:50:15", "elapsed": 184.156545, "delta": 1.67996}}
{"target": -2.4650220111968233, "params": {"max_depth": 17.694754595468083, "n_estimators": 91.13967000693836}, "datetime": {"datetime": "2021-09-21 10:50:16", "elapsed": 185.432429, "delta": 1.275884}}
{"target": -2.5146643287550625, "params": {"max_depth": 13.0, "n_estimators": 234.5448800841383}, "datetime": {"datetime": "2021-09-21 10:50:19", "elapsed": 188.269943, "delta": 2.837514}}
{"target": -2.498217548667162, "params": {"max_depth": 17.97142671521639, "n_estimators": 292.71392242403397}, "datetime": {"datetime": "2021-09-21 10:50:23", "elapsed": 191.97024, "delta": 3.700297}}
{"target": -2.492264226483227, "params": {"max_depth": 18.0, "n_estimators": 264.08904021427054}, "datetime": {"datetime": "2021-09-21 10:50:26", "elapsed": 195.365264, "delta": 3.395024}}
{"target": -2.50121269726679, "params": {"max_depth": 13.882225325407523, "n_estimators": 150.223838403601}, "datetime": {"datetime": "2021-09-21 10:50:29", "elapsed": 197.665426, "delta": 2.300162}}
{"target": -2.484388673369258, "params": {"max_depth": 17.998453372585505, "n_estimators": 167.5050795921136}, "datetime": {"datetime": "2021-09-21 10:50:31", "elapsed": 199.801119, "delta": 2.135693}}
{"target": -2.4684392140642135, "params": {"max_depth": 17.948094940022962, "n_estimators": 111.51148931228364}, "datetime": {"datetime": "2021-09-21 10:50:33", "elapsed": 201.734245, "delta": 1.933126}}
{"target": -2.4451854020296646, "params": {"max_depth": 17.994818201696134, "n_estimators": 61.969741815823085}, "datetime": {"datetime": "2021-09-21 10:50:34", "elapsed": 202.961112, "delta": 1.226867}}
{"target": -2.5103415996275142, "params": {"max_depth": 13.108882974865091, "n_estimators": 255.168423541018}, "datetime": {"datetime": "2021-09-21 10:50:37", "elapsed": 206.260998, "delta": 3.299886}}
{"target": -2.5136162013607324, "params": {"max_depth": 13.030905781541264, "n_estimators": 273.1790403639098}, "datetime": {"datetime": "2021-09-21 10:50:41", "elapsed": 209.565885, "delta": 3.304887}}
{"target": -2.479134401263742, "params": {"max_depth": 17.93944349174496, "n_estimators": 145.78009158988067}, "datetime": {"datetime": "2021-09-21 10:50:43", "elapsed": 211.616175, "delta": 2.05029}}
{"target": -2.4863486527342133, "params": {"max_depth": 18.0, "n_estimators": 153.4965897408918}, "datetime": {"datetime": "2021-09-21 10:50:45", "elapsed": 213.829802, "delta": 2.213627}}
{"target": -2.4837500914706654, "params": {"max_depth": 15.19700596282938, "n_estimators": 112.7676512469334}, "datetime": {"datetime": "2021-09-21 10:50:47", "elapsed": 215.493152, "delta": 1.66335}}
{"target": -2.4802843688122724, "params": {"max_depth": 16.07270701868884, "n_estimators": 100.14735850468554}, "datetime": {"datetime": "2021-09-21 10:50:48", "elapsed": 217.130088, "delta": 1.636936}}
{"target": -2.4831527447760626, "params": {"max_depth": 17.9727244954391, "n_estimators": 201.16073882002786}, "datetime": {"datetime": "2021-09-21 10:50:51", "elapsed": 219.613968, "delta": 2.48388}}
{"target": -2.451327699348353, "params": {"max_depth": 14.911936402822334, "n_estimators": 85.2165167666601}, "datetime": {"datetime": "2021-09-21 10:50:53", "elapsed": 221.59864, "delta": 1.984672}}
{"target": -2.485242700917738, "params": {"max_depth": 13.241425274388359, "n_estimators": 84.88408151333448}, "datetime": {"datetime": "2021-09-21 10:50:54", "elapsed": 223.20319, "delta": 1.60455}}
{"target": -2.4882510501081985, "params": {"max_depth": 16.001152211622486, "n_estimators": 86.63703773770513}, "datetime": {"datetime": "2021-09-21 10:50:56", "elapsed": 224.781784, "delta": 1.578594}}
{"target": -2.4839899570676827, "params": {"max_depth": 15.263797557614929, "n_estimators": 83.81125860634401}, "datetime": {"datetime": "2021-09-21 10:50:57", "elapsed": 226.382225, "delta": 1.600441}}
{"target": -2.4735824880922963, "params": {"max_depth": 17.797718754875778, "n_estimators": 116.27967694171171}, "datetime": {"datetime": "2021-09-21 10:50:59", "elapsed": 228.468678, "delta": 2.086453}}
{"target": -2.462647457475556, "params": {"max_depth": 17.98322025607593, "n_estimators": 93.21594627192371}, "datetime": {"datetime": "2021-09-21 10:51:01", "elapsed": 229.975271, "delta": 1.506593}}
{"target": -2.4849330502134386, "params": {"max_depth": 18.0, "n_estimators": 127.07648304695483}, "datetime": {"datetime": "2021-09-21 10:51:03", "elapsed": 231.778547, "delta": 1.803276}}
{"target": -2.4980209025254863, "params": {"max_depth": 13.387170065404986, "n_estimators": 197.49031526799683}, "datetime": {"datetime": "2021-09-21 10:51:06", "elapsed": 234.541304, "delta": 2.762757}}
{"target": -2.4734514152649263, "params": {"max_depth": 17.853851897537126, "n_estimators": 133.8972737468041}, "datetime": {"datetime": "2021-09-21 10:51:08", "elapsed": 236.696147, "delta": 2.154843}}
{"target": -2.425469531249584, "params": {"max_depth": 14.484203725845257, "n_estimators": 67.04535678637387}, "datetime": {"datetime": "2021-09-21 10:51:09", "elapsed": 238.304019, "delta": 1.607872}}
{"target": -2.4810386252132757, "params": {"max_depth": 18.0, "n_estimators": 193.53845209424605}, "datetime": {"datetime": "2021-09-21 10:51:12", "elapsed": 241.229148, "delta": 2.925129}}
{"target": -2.4818113714942136, "params": {"max_depth": 13.0, "n_estimators": 77.04201562009112}, "datetime": {"datetime": "2021-09-21 10:51:14", "elapsed": 242.782326, "delta": 1.553178}}
{"target": -2.494234667380296, "params": {"max_depth": 18.0, "n_estimators": 240.62594237531187}, "datetime": {"datetime": "2021-09-21 10:51:16", "elapsed": 245.464394, "delta": 2.682068}}
{"target": -2.478166721619081, "params": {"max_depth": 17.938807212769653, "n_estimators": 137.21704962800123}, "datetime": {"datetime": "2021-09-21 10:51:19", "elapsed": 248.046749, "delta": 2.582355}}
{"target": -2.5103465463243113, "params": {"max_depth": 13.141147646347578, "n_estimators": 283.89552517055347}, "datetime": {"datetime": "2021-09-21 10:51:23", "elapsed": 251.493795, "delta": 3.447046}}
{"target": -2.4253121716752153, "params": {"max_depth": 14.154428510371632, "n_estimators": 66.55105764042067}, "datetime": {"datetime": "2021-09-21 10:51:24", "elapsed": 253.218836, "delta": 1.725041}}
{"target": -2.478309793715057, "params": {"max_depth": 17.802713745391294, "n_estimators": 50.257540672667396}, "datetime": {"datetime": "2021-09-21 10:51:25", "elapsed": 254.373035, "delta": 1.154199}}
{"target": -2.50034414533969, "params": {"max_depth": 13.0, "n_estimators": 206.761740768639}, "datetime": {"datetime": "2021-09-21 10:51:27", "elapsed": 256.446474, "delta": 2.073439}}
{"target": -2.4789805783721053, "params": {"max_depth": 18.0, "n_estimators": 210.17268573981855}, "datetime": {"datetime": "2021-09-21 10:51:30", "elapsed": 258.841205, "delta": 2.394731}}
{"target": -2.5068495740353605, "params": {"max_depth": 13.0, "n_estimators": 160.3195445972177}, "datetime": {"datetime": "2021-09-21 10:51:32", "elapsed": 260.839477, "delta": 1.998272}}
{"target": -2.4763338670115624, "params": {"max_depth": 17.830015320306114, "n_estimators": 217.070684259677}, "datetime": {"datetime": "2021-09-21 10:51:34", "elapsed": 262.995827, "delta": 2.15635}}
{"target": -2.503508885651209, "params": {"max_depth": 13.005476933086648, "n_estimators": 187.97783837570384}, "datetime": {"datetime": "2021-09-21 10:51:36", "elapsed": 264.905976, "delta": 1.910149}}
{"target": -2.4253121716752153, "params": {"max_depth": 14.363449681584756, "n_estimators": 66.84347071738308}, "datetime": {"datetime": "2021-09-21 10:51:38", "elapsed": 267.080839, "delta": 2.174863}}
{"target": -2.441473190552138, "params": {"max_depth": 17.822976682369227, "n_estimators": 66.43259719648762}, "datetime": {"datetime": "2021-09-21 10:51:39", "elapsed": 268.37384, "delta": 1.293001}}
{"target": -2.464904459790296, "params": {"max_depth": 17.94382633851814, "n_estimators": 102.94451456316912}, "datetime": {"datetime": "2021-09-21 10:51:41", "elapsed": 269.730914, "delta": 1.357074}}
{"target": -2.5070751046893416, "params": {"max_depth": 13.0, "n_estimators": 174.1043668045252}, "datetime": {"datetime": "2021-09-21 10:51:43", "elapsed": 271.609482, "delta": 1.878568}}
{"target": -2.4780838179367115, "params": {"max_depth": 15.974351482054988, "n_estimators": 103.92230615308077}, "datetime": {"datetime": "2021-09-21 10:51:44", "elapsed": 273.195092, "delta": 1.58561}}
{"target": -2.475965868682325, "params": {"max_depth": 15.779108657843997, "n_estimators": 123.5843209659344}, "datetime": {"datetime": "2021-09-21 10:51:46", "elapsed": 274.707121, "delta": 1.512029}}
{"target": -2.4442799466328813, "params": {"max_depth": 14.364319103747158, "n_estimators": 62.484308548952626}, "datetime": {"datetime": "2021-09-21 10:51:47", "elapsed": 276.124928, "delta": 1.417807}}
{"target": -2.4740268488417216, "params": {"max_depth": 13.1988021141597, "n_estimators": 62.646447844394444}, "datetime": {"datetime": "2021-09-21 10:51:48", "elapsed": 277.357746, "delta": 1.232818}}
{"target": -2.4390039060686233, "params": {"max_depth": 14.822680716229476, "n_estimators": 61.56711337784008}, "datetime": {"datetime": "2021-09-21 10:51:50", "elapsed": 278.73304, "delta": 1.375294}}
{"target": -2.461008468410696, "params": {"max_depth": 15.442898242464755, "n_estimators": 62.543435310028634}, "datetime": {"datetime": "2021-09-21 10:51:51", "elapsed": 280.14105, "delta": 1.40801}}
{"target": -2.4420333571346795, "params": {"max_depth": 14.735453225584717, "n_estimators": 60.61944510993429}, "datetime": {"datetime": "2021-09-21 10:51:53", "elapsed": 281.581252, "delta": 1.440202}}
{"target": -2.5020682712266704, "params": {"max_depth": 13.0, "n_estimators": 140.49858519264012}, "datetime": {"datetime": "2021-09-21 10:51:55", "elapsed": 283.707201, "delta": 2.125949}}
{"target": -2.487336829362831, "params": {"max_depth": 17.92957663923338, "n_estimators": 228.21637713514244}, "datetime": {"datetime": "2021-09-21 10:51:58", "elapsed": 286.946844, "delta": 3.239643}}
{"target": -2.504739979880449, "params": {"max_depth": 13.0, "n_estimators": 227.49886590556827}, "datetime": {"datetime": "2021-09-21 10:52:01", "elapsed": 289.70461, "delta": 2.757766}}
{"target": -2.488721362643501, "params": {"max_depth": 18.0, "n_estimators": 279.94856052852606}, "datetime": {"datetime": "2021-09-21 10:52:04", "elapsed": 292.748484, "delta": 3.043874}}
{"target": -2.484716439299878, "params": {"max_depth": 18.0, "n_estimators": 162.04735384212427}, "datetime": {"datetime": "2021-09-21 10:52:06", "elapsed": 295.361019, "delta": 2.612535}}
{"target": -2.4390039060686233, "params": {"max_depth": 14.058167562503767, "n_estimators": 61.40512359924389}, "datetime": {"datetime": "2021-09-21 10:52:08", "elapsed": 296.923124, "delta": 1.562105}}
{"target": -2.4944590641310342, "params": {"max_depth": 18.0, "n_estimators": 287.80789060593054}, "datetime": {"datetime": "2021-09-21 10:52:11", "elapsed": 300.170907, "delta": 3.247783}}
{"target": -2.4930788059712543, "params": {"max_depth": 13.201898706587556, "n_estimators": 105.74278124879015}, "datetime": {"datetime": "2021-09-21 10:52:13", "elapsed": 302.27833, "delta": 2.107423}}
{"target": -2.4802201737917984, "params": {"max_depth": 14.966021144574508, "n_estimators": 219.40597061022336}, "datetime": {"datetime": "2021-09-21 10:52:16", "elapsed": 304.807851, "delta": 2.529521}}
{"target": -2.492241220375565, "params": {"max_depth": 17.957020439599493, "n_estimators": 231.77624287911115}, "datetime": {"datetime": "2021-09-21 10:52:19", "elapsed": 307.638181, "delta": 2.83033}}
{"target": -2.4963129822042593, "params": {"max_depth": 13.070025224231232, "n_estimators": 212.41106154017538}, "datetime": {"datetime": "2021-09-21 10:52:22", "elapsed": 310.473177, "delta": 2.834996}}
{"target": -2.486694114215208, "params": {"max_depth": 17.960377422545683, "n_estimators": 185.81246489656604}, "datetime": {"datetime": "2021-09-21 10:52:24", "elapsed": 312.92135, "delta": 2.448173}}
{"target": -2.479388583941712, "params": {"max_depth": 17.92848041225151, "n_estimators": 53.550009539091015}, "datetime": {"datetime": "2021-09-21 10:52:25", "elapsed": 314.347247, "delta": 1.425897}}
{"target": -2.481833946938379, "params": {"max_depth": 15.723578326626264, "n_estimators": 78.66887270362781}, "datetime": {"datetime": "2021-09-21 10:52:27", "elapsed": 316.265726, "delta": 1.918479}}
{"target": -2.47811677730756, "params": {"max_depth": 15.777716742372709, "n_estimators": 91.17817543259683}, "datetime": {"datetime": "2021-09-21 10:52:29", "elapsed": 317.986714, "delta": 1.720988}}
{"target": -2.491757309839166, "params": {"max_depth": 13.03556077861305, "n_estimators": 120.96240140903387}, "datetime": {"datetime": "2021-09-21 10:52:31", "elapsed": 320.124931, "delta": 2.138217}}
{"target": -2.4876522525548515, "params": {"max_depth": 17.80797018986274, "n_estimators": 170.73018414968902}, "datetime": {"datetime": "2021-09-21 10:52:34", "elapsed": 322.650354, "delta": 2.525423}}
{"target": -2.51587113041472, "params": {"max_depth": 13.182560926644568, "n_estimators": 299.9109347163261}, "datetime": {"datetime": "2021-09-21 10:52:37", "elapsed": 326.028994, "delta": 3.37864}}
{"target": -2.4888610444302217, "params": {"max_depth": 17.99985624457905, "n_estimators": 177.03159874480954}, "datetime": {"datetime": "2021-09-21 10:52:40", "elapsed": 328.952274, "delta": 2.92328}}
{"target": -2.5044652428898986, "params": {"max_depth": 13.06572807231038, "n_estimators": 165.56676700964988}, "datetime": {"datetime": "2021-09-21 10:52:43", "elapsed": 331.618022, "delta": 2.665748}}
{"target": -2.4776808917423807, "params": {"max_depth": 15.846979021944197, "n_estimators": 118.91565040865156}, "datetime": {"datetime": "2021-09-21 10:52:45", "elapsed": 333.645504, "delta": 2.027482}}
{"target": -2.4470352639411024, "params": {"max_depth": 17.979176135920845, "n_estimators": 64.53669216449127}, "datetime": {"datetime": "2021-09-21 10:52:46", "elapsed": 335.319109, "delta": 1.673605}}
{"target": -2.4675364809167437, "params": {"max_depth": 18.0, "n_estimators": 75.77465574201814}, "datetime": {"datetime": "2021-09-21 10:52:48", "elapsed": 336.905197, "delta": 1.586088}}
{"target": -2.4876444401640025, "params": {"max_depth": 17.953477700119226, "n_estimators": 260.4635839567285}, "datetime": {"datetime": "2021-09-21 10:52:52", "elapsed": 340.990289, "delta": 4.085092}}
{"target": -2.5006554568721584, "params": {"max_depth": 13.0, "n_estimators": 182.538217484214}, "datetime": {"datetime": "2021-09-21 10:52:55", "elapsed": 343.881122, "delta": 2.890833}}
{"target": -2.4253121716752153, "params": {"max_depth": 14.085114934484162, "n_estimators": 66.07417555468626}, "datetime": {"datetime": "2021-09-21 10:52:57", "elapsed": 345.506376, "delta": 1.625254}}
{"target": -2.4968780988057353, "params": {"max_depth": 16.275408087429312, "n_estimators": 132.01087256870886}, "datetime": {"datetime": "2021-09-21 10:52:59", "elapsed": 347.567626, "delta": 2.06125}}
{"target": -2.493491334062235, "params": {"max_depth": 16.665876870200066, "n_estimators": 222.18630722457758}, "datetime": {"datetime": "2021-09-21 10:53:02", "elapsed": 350.622888, "delta": 3.055262}}
{"target": -2.497440878187902, "params": {"max_depth": 18.0, "n_estimators": 296.2798107321548}, "datetime": {"datetime": "2021-09-21 10:53:06", "elapsed": 355.18869, "delta": 4.565802}}
{"target": -2.4872415713943488, "params": {"max_depth": 17.854556675393145, "n_estimators": 248.7247554162582}, "datetime": {"datetime": "2021-09-21 10:53:09", "elapsed": 358.348444, "delta": 3.159754}}
{"target": -2.4877429844583756, "params": {"max_depth": 16.153728945076242, "n_estimators": 107.38369850407804}, "datetime": {"datetime": "2021-09-21 10:53:12", "elapsed": 360.662997, "delta": 2.314553}}
{"target": -2.4797718871852994, "params": {"max_depth": 17.300124126070163, "n_estimators": 207.90717624265082}, "datetime": {"datetime": "2021-09-21 10:53:15", "elapsed": 363.778858, "delta": 3.115861}}
{"target": -2.4253121716752153, "params": {"max_depth": 14.588868979582891, "n_estimators": 66.5129439822046}, "datetime": {"datetime": "2021-09-21 10:53:17", "elapsed": 365.701543, "delta": 1.922685}}
{"target": -2.5010795161159214, "params": {"max_depth": 16.399636044084943, "n_estimators": 147.8522711420082}, "datetime": {"datetime": "2021-09-21 10:53:19", "elapsed": 368.114916, "delta": 2.413373}}
{"target": -2.5008046884474675, "params": {"max_depth": 16.40329273363498, "n_estimators": 143.47923319354604}, "datetime": {"datetime": "2021-09-21 10:53:22", "elapsed": 370.650425, "delta": 2.535509}}
{"target": -2.4253121716752153, "params": {"max_depth": 14.14567224432088, "n_estimators": 66.15366077445401}, "datetime": {"datetime": "2021-09-21 10:53:23", "elapsed": 372.389428, "delta": 1.739003}}
{"target": -2.494848994889974, "params": {"max_depth": 17.895895590917764, "n_estimators": 267.16696611816826}, "datetime": {"datetime": "2021-09-21 10:53:27", "elapsed": 376.328486, "delta": 3.939058}}
{"target": -2.483321382306586, "params": {"max_depth": 17.875832488161983, "n_estimators": 164.7634354990103}, "datetime": {"datetime": "2021-09-21 10:53:30", "elapsed": 379.333485, "delta": 3.004999}}
{"target": -2.4862319201691547, "params": {"max_depth": 15.202706346447364, "n_estimators": 127.87344565344623}, "datetime": {"datetime": "2021-09-21 10:53:33", "elapsed": 382.249549, "delta": 2.916064}}
{"target": -2.509989120501467, "params": {"max_depth": 13.004336012852832, "n_estimators": 251.56024017430605}, "datetime": {"datetime": "2021-09-21 10:53:37", "elapsed": 386.116397, "delta": 3.866848}}
{"target": -2.487960826994786, "params": {"max_depth": 17.99941828122646, "n_estimators": 254.58685148855287}, "datetime": {"datetime": "2021-09-21 10:53:41", "elapsed": 389.661429, "delta": 3.545032}}
{"target": -2.479501767093728, "params": {"max_depth": 15.842042275195192, "n_estimators": 195.16538176767608}, "datetime": {"datetime": "2021-09-21 10:53:44", "elapsed": 393.188087, "delta": 3.526658}}
{"target": -2.4253121716752153, "params": {"max_depth": 14.586458746396417, "n_estimators": 66.35865910302311}, "datetime": {"datetime": "2021-09-21 10:53:47", "elapsed": 395.569336, "delta": 2.381249}}
{"target": -2.4959672053034954, "params": {"max_depth": 14.97947058707075, "n_estimators": 244.28669381372913}, "datetime": {"datetime": "2021-09-21 10:53:51", "elapsed": 400.321888, "delta": 4.752552}}
{"target": -2.4991788341255927, "params": {"max_depth": 13.0, "n_estimators": 54.32493743035053}, "datetime": {"datetime": "2021-09-21 10:53:54", "elapsed": 402.556205, "delta": 2.234317}}
{"target": -2.4872780099288505, "params": {"max_depth": 16.008794651841363, "n_estimators": 215.52584354191458}, "datetime": {"datetime": "2021-09-21 10:53:57", "elapsed": 406.13832, "delta": 3.582115}}
{"target": -2.4832382834271525, "params": {"max_depth": 15.810457123229924, "n_estimators": 115.43194855252126}, "datetime": {"datetime": "2021-09-21 10:54:00", "elapsed": 408.573924, "delta": 2.435604}}
