{"target": 0.8347096254132632, "params": {"max_depth": 29.950390279114817, "n_estimators": 100.31768545986772}, "datetime": {"datetime": "2021-09-21 16:09:05", "elapsed": 44.654406, "delta": 0.801193}}
{"target": 0.8344535289563556, "params": {"max_depth": 29.968318996967522, "n_estimators": 112.6903579874908}, "datetime": {"datetime": "2021-09-21 16:09:05", "elapsed": 45.530332, "delta": 0.875926}}
{"target": 0.8328172253457513, "params": {"max_depth": 29.866933795119827, "n_estimators": 134.78739959753764}, "datetime": {"datetime": "2021-09-21 16:09:06", "elapsed": 46.441323, "delta": 0.910991}}
{"target": 0.8347882603670671, "params": {"max_depth": 22.054049729318308, "n_estimators": 100.24720142732767}, "datetime": {"datetime": "2021-09-21 16:09:07", "elapsed": 47.152139, "delta": 0.710816}}
{"target": 0.8345288081760074, "params": {"max_depth": 29.977861000054954, "n_estimators": 124.61260335380761}, "datetime": {"datetime": "2021-09-21 16:09:08", "elapsed": 47.978137, "delta": 0.825998}}
{"target": 0.8315921266841376, "params": {"max_depth": 20.12528831151672, "n_estimators": 149.80448406915133}, "datetime": {"datetime": "2021-09-21 16:09:09", "elapsed": 48.85192, "delta": 0.873783}}
{"target": 0.8337228178766781, "params": {"max_depth": 24.401832864764927, "n_estimators": 106.79073933901414}, "datetime": {"datetime": "2021-09-21 16:09:10", "elapsed": 49.84381, "delta": 0.99189}}
{"target": 0.8319244452229778, "params": {"max_depth": 23.252204456892997, "n_estimators": 141.15118295527094}, "datetime": {"datetime": "2021-09-21 16:09:11", "elapsed": 51.21718, "delta": 1.37337}}
{"target": 0.8312100042682875, "params": {"max_depth": 10.0, "n_estimators": 150.0}, "datetime": {"datetime": "2021-09-21 16:09:13", "elapsed": 52.693073, "delta": 1.475893}}
{"target": 0.8363840567863584, "params": {"max_depth": 17.865165781382025, "n_estimators": 100.0108391156286}, "datetime": {"datetime": "2021-09-21 16:09:13", "elapsed": 53.447446, "delta": 0.754373}}
{"target": 0.8367753084098308, "params": {"max_depth": 18.64084721323414, "n_estimators": 101.48316589395908}, "datetime": {"datetime": "2021-09-21 16:09:14", "elapsed": 54.21145, "delta": 0.764004}}
{"target": 0.836670971583242, "params": {"max_depth": 17.20893540371211, "n_estimators": 101.56929322615468}, "datetime": {"datetime": "2021-09-21 16:09:15", "elapsed": 55.232444, "delta": 1.020994}}
{"target": 0.8364137348373781, "params": {"max_depth": 18.023754840512098, "n_estimators": 103.17031614902649}, "datetime": {"datetime": "2021-09-21 16:09:16", "elapsed": 56.437442, "delta": 1.204998}}
{"target": 0.8352205938830665, "params": {"max_depth": 19.902024863830903, "n_estimators": 102.83798066602428}, "datetime": {"datetime": "2021-09-21 16:09:17", "elapsed": 57.471868, "delta": 1.034426}}
{"target": 0.8352947881544244, "params": {"max_depth": 15.583461828593999, "n_estimators": 100.28986158692557}, "datetime": {"datetime": "2021-09-21 16:09:18", "elapsed": 58.538508, "delta": 1.06664}}
{"target": 0.83307865686585, "params": {"max_depth": 16.391286093149162, "n_estimators": 102.88248587308182}, "datetime": {"datetime": "2021-09-21 16:09:20", "elapsed": 59.628347, "delta": 1.089839}}
{"target": 0.8349283104493317, "params": {"max_depth": 19.56809713752604, "n_estimators": 100.27485883680956}, "datetime": {"datetime": "2021-09-21 16:09:21", "elapsed": 60.811991, "delta": 1.183644}}
{"target": 0.8367379910648968, "params": {"max_depth": 18.694448569346385, "n_estimators": 104.73167037829323}, "datetime": {"datetime": "2021-09-21 16:09:22", "elapsed": 61.983037, "delta": 1.171046}}
{"target": 0.8342372579529318, "params": {"max_depth": 19.742180111885673, "n_estimators": 106.00922687230307}, "datetime": {"datetime": "2021-09-21 16:09:23", "elapsed": 63.080769, "delta": 1.097732}}
{"target": 0.835491358229244, "params": {"max_depth": 17.635467894649057, "n_estimators": 105.1007633099989}, "datetime": {"datetime": "2021-09-21 16:09:24", "elapsed": 64.308774, "delta": 1.228005}}
{"target": 0.834349711248933, "params": {"max_depth": 23.91370419710056, "n_estimators": 114.88640193720978}, "datetime": {"datetime": "2021-09-21 16:09:25", "elapsed": 65.415114, "delta": 1.10634}}
{"target": 0.836670971583242, "params": {"max_depth": 17.952875692869178, "n_estimators": 101.13747588192307}, "datetime": {"datetime": "2021-09-21 16:09:27", "elapsed": 66.648712, "delta": 1.233598}}
{"target": 0.8337550817485019, "params": {"max_depth": 29.97860458553363, "n_estimators": 118.77586189976233}, "datetime": {"datetime": "2021-09-21 16:09:28", "elapsed": 67.796571, "delta": 1.147859}}
{"target": 0.8342364420029996, "params": {"max_depth": 26.33615740281837, "n_estimators": 128.84994434717032}, "datetime": {"datetime": "2021-09-21 16:09:29", "elapsed": 69.230467, "delta": 1.433896}}
{"target": 0.8364137348373781, "params": {"max_depth": 18.955715329801, "n_estimators": 103.85323021276844}, "datetime": {"datetime": "2021-09-21 16:09:30", "elapsed": 70.535842, "delta": 1.305375}}
{"target": 0.8343455321782511, "params": {"max_depth": 29.938434849419032, "n_estimators": 105.75330335147439}, "datetime": {"datetime": "2021-09-21 16:09:32", "elapsed": 71.802241, "delta": 1.266399}}
{"target": 0.8320739438129071, "params": {"max_depth": 10.036182843408561, "n_estimators": 139.66810562084407}, "datetime": {"datetime": "2021-09-21 16:09:33", "elapsed": 73.302121, "delta": 1.49988}}
{"target": 0.8347096254132632, "params": {"max_depth": 25.94684027352286, "n_estimators": 100.29401983062026}, "datetime": {"datetime": "2021-09-21 16:09:34", "elapsed": 74.465997, "delta": 1.163876}}
{"target": 0.8317353799355591, "params": {"max_depth": 29.78476060991106, "n_estimators": 140.92576942828467}, "datetime": {"datetime": "2021-09-21 16:09:36", "elapsed": 76.399238, "delta": 1.933241}}
{"target": 0.8352751817438243, "params": {"max_depth": 10.0, "n_estimators": 100.0}, "datetime": {"datetime": "2021-09-21 16:09:38", "elapsed": 77.657538, "delta": 1.2583}}
{"target": 0.832933661230893, "params": {"max_depth": 23.570501324778782, "n_estimators": 134.28158898088955}, "datetime": {"datetime": "2021-09-21 16:09:39", "elapsed": 79.036512, "delta": 1.378974}}
{"target": 0.8348993231441907, "params": {"max_depth": 10.0, "n_estimators": 120.48682033371671}, "datetime": {"datetime": "2021-09-21 16:09:40", "elapsed": 80.436932, "delta": 1.40042}}
{"target": 0.833425213266543, "params": {"max_depth": 12.598919001801566, "n_estimators": 100.0433100232595}, "datetime": {"datetime": "2021-09-21 16:09:41", "elapsed": 81.456818, "delta": 1.019886}}
{"target": 0.8344717149266506, "params": {"max_depth": 26.11584481175055, "n_estimators": 122.42166413346665}, "datetime": {"datetime": "2021-09-21 16:09:43", "elapsed": 82.825702, "delta": 1.368884}}
{"target": 0.835267578080866, "params": {"max_depth": 20.894610122379202, "n_estimators": 111.63879288482991}, "datetime": {"datetime": "2021-09-21 16:09:44", "elapsed": 84.332774, "delta": 1.507072}}
{"target": 0.8349041821502092, "params": {"max_depth": 23.537629296470698, "n_estimators": 111.22021914358714}, "datetime": {"datetime": "2021-09-21 16:09:46", "elapsed": 85.6065, "delta": 1.273726}}
{"target": 0.8348555308406382, "params": {"max_depth": 20.328568298079976, "n_estimators": 114.33736958115635}, "datetime": {"datetime": "2021-09-21 16:09:47", "elapsed": 87.123377, "delta": 1.516877}}
{"target": 0.833069927863899, "params": {"max_depth": 17.204523973751975, "n_estimators": 139.92293517465384}, "datetime": {"datetime": "2021-09-21 16:09:49", "elapsed": 89.001592, "delta": 1.878215}}
{"target": 0.8367386081027526, "params": {"max_depth": 18.293784583891465, "n_estimators": 102.28099455858707}, "datetime": {"datetime": "2021-09-21 16:09:50", "elapsed": 90.39269, "delta": 1.391098}}
{"target": 0.8345608179102869, "params": {"max_depth": 10.332226335152548, "n_estimators": 129.06819116097364}, "datetime": {"datetime": "2021-09-21 16:09:52", "elapsed": 92.147355, "delta": 1.754665}}
{"target": 0.8348969602347888, "params": {"max_depth": 26.98947186339512, "n_estimators": 110.32662572895933}, "datetime": {"datetime": "2021-09-21 16:09:54", "elapsed": 93.715243, "delta": 1.567888}}
{"target": 0.8337550817485019, "params": {"max_depth": 24.316418421138696, "n_estimators": 118.80621428549878}, "datetime": {"datetime": "2021-09-21 16:09:55", "elapsed": 95.254927, "delta": 1.539684}}
{"target": 0.8337511765149984, "params": {"max_depth": 29.9504930049503, "n_estimators": 129.1842187670293}, "datetime": {"datetime": "2021-09-21 16:09:57", "elapsed": 97.043818, "delta": 1.788891}}
{"target": 0.8353809623537025, "params": {"max_depth": 14.808843496196705, "n_estimators": 134.09312181891613}, "datetime": {"datetime": "2021-09-21 16:09:59", "elapsed": 98.834968, "delta": 1.79115}}
{"target": 0.8349541181627661, "params": {"max_depth": 14.182252892191407, "n_estimators": 136.32464941216915}, "datetime": {"datetime": "2021-09-21 16:10:01", "elapsed": 101.174351, "delta": 2.339383}}
{"target": 0.8356531270224836, "params": {"max_depth": 14.021181821324378, "n_estimators": 132.00103603382738}, "datetime": {"datetime": "2021-09-21 16:10:03", "elapsed": 102.87498, "delta": 1.700629}}
{"target": 0.8318109674132906, "params": {"max_depth": 16.026998086793, "n_estimators": 132.1318641764011}, "datetime": {"datetime": "2021-09-21 16:10:04", "elapsed": 104.474897, "delta": 1.599917}}
{"target": 0.8320373660740135, "params": {"max_depth": 12.93177628906373, "n_estimators": 133.30456283565144}, "datetime": {"datetime": "2021-09-21 16:10:06", "elapsed": 105.782744, "delta": 1.307847}}
{"target": 0.8349733828422834, "params": {"max_depth": 13.38523564889293, "n_estimators": 130.3231820297279}, "datetime": {"datetime": "2021-09-21 16:10:07", "elapsed": 106.857745, "delta": 1.075001}}
{"target": 0.8326796659712499, "params": {"max_depth": 16.913226296642907, "n_estimators": 100.48411894369623}, "datetime": {"datetime": "2021-09-21 16:10:08", "elapsed": 107.642799, "delta": 0.785054}}
{"target": 0.8367379910648968, "params": {"max_depth": 18.07893378017004, "n_estimators": 104.11882723651999}, "datetime": {"datetime": "2021-09-21 16:10:09", "elapsed": 108.626841, "delta": 0.984042}}
{"target": 0.836670971583242, "params": {"max_depth": 17.668295310060618, "n_estimators": 101.89118643870626}, "datetime": {"datetime": "2021-09-21 16:10:09", "elapsed": 109.398867, "delta": 0.772026}}
{"target": 0.8364955776278667, "params": {"max_depth": 18.435785457747855, "n_estimators": 100.5822040065344}, "datetime": {"datetime": "2021-09-21 16:10:10", "elapsed": 110.251865, "delta": 0.852998}}
{"target": 0.8324371159562173, "params": {"max_depth": 15.622747895843776, "n_estimators": 135.2547411541519}, "datetime": {"datetime": "2021-09-21 16:10:11", "elapsed": 111.367872, "delta": 1.116007}}
{"target": 0.8321562968629692, "params": {"max_depth": 12.262022146414575, "n_estimators": 116.15700948928134}, "datetime": {"datetime": "2021-09-21 16:10:12", "elapsed": 112.211874, "delta": 0.844002}}
{"target": 0.8366197777953144, "params": {"max_depth": 14.92861025501541, "n_estimators": 115.8826573822829}, "datetime": {"datetime": "2021-09-21 16:10:13", "elapsed": 113.231865, "delta": 1.019991}}
{"target": 0.8354486124233405, "params": {"max_depth": 20.97172387164779, "n_estimators": 109.79272534096748}, "datetime": {"datetime": "2021-09-21 16:10:14", "elapsed": 114.081865, "delta": 0.85}}
{"target": 0.8354362057292981, "params": {"max_depth": 19.379681432523103, "n_estimators": 110.4688244569706}, "datetime": {"datetime": "2021-09-21 16:10:15", "elapsed": 114.994869, "delta": 0.913004}}
{"target": 0.8349437573305915, "params": {"max_depth": 19.043707915103237, "n_estimators": 112.1725041843485}, "datetime": {"datetime": "2021-09-21 16:10:16", "elapsed": 115.863866, "delta": 0.868997}}
{"target": 0.8343020650795232, "params": {"max_depth": 19.472731983434677, "n_estimators": 108.77249397008143}, "datetime": {"datetime": "2021-09-21 16:10:17", "elapsed": 116.738866, "delta": 0.875}}
{"target": 0.8350376356492353, "params": {"max_depth": 22.564416709078476, "n_estimators": 109.30331030612456}, "datetime": {"datetime": "2021-09-21 16:10:18", "elapsed": 117.674866, "delta": 0.936}}
{"target": 0.8348821169678957, "params": {"max_depth": 18.808294746609548, "n_estimators": 119.53931234073967}, "datetime": {"datetime": "2021-09-21 16:10:19", "elapsed": 118.674863, "delta": 0.999997}}
{"target": 0.8354534568940128, "params": {"max_depth": 20.0404579910537, "n_estimators": 104.40564601168248}, "datetime": {"datetime": "2021-09-21 16:10:20", "elapsed": 119.578869, "delta": 0.904006}}
{"target": 0.8351036208921053, "params": {"max_depth": 20.333499481902685, "n_estimators": 124.51019717568946}, "datetime": {"datetime": "2021-09-21 16:10:21", "elapsed": 120.615871, "delta": 1.037002}}
{"target": 0.8350641061390531, "params": {"max_depth": 10.082390236615083, "n_estimators": 102.00315984918691}, "datetime": {"datetime": "2021-09-21 16:10:21", "elapsed": 121.365895, "delta": 0.750024}}
{"target": 0.8330330503011034, "params": {"max_depth": 13.596416823922537, "n_estimators": 138.10990051238412}, "datetime": {"datetime": "2021-09-21 16:10:22", "elapsed": 122.378426, "delta": 1.012531}}
{"target": 0.8379477275156093, "params": {"max_depth": 14.552712206516043, "n_estimators": 101.05882219389129}, "datetime": {"datetime": "2021-09-21 16:10:23", "elapsed": 123.201418, "delta": 0.822992}}
{"target": 0.8379477275156093, "params": {"max_depth": 14.101219219012311, "n_estimators": 101.70750696750423}, "datetime": {"datetime": "2021-09-21 16:10:24", "elapsed": 124.086427, "delta": 0.885009}}
{"target": 0.8379477275156093, "params": {"max_depth": 14.782609196931801, "n_estimators": 101.75014721778354}, "datetime": {"datetime": "2021-09-21 16:10:25", "elapsed": 124.885416, "delta": 0.798989}}
{"target": 0.8378964286765856, "params": {"max_depth": 14.26265753514091, "n_estimators": 102.37632203729021}, "datetime": {"datetime": "2021-09-21 16:10:26", "elapsed": 125.680421, "delta": 0.795005}}
{"target": 0.8364824887976251, "params": {"max_depth": 13.402302006279744, "n_estimators": 102.35742753600806}, "datetime": {"datetime": "2021-09-21 16:10:27", "elapsed": 126.548422, "delta": 0.868001}}
{"target": 0.8376267117016264, "params": {"max_depth": 14.418174644292996, "n_estimators": 100.2891592616269}, "datetime": {"datetime": "2021-09-21 16:10:28", "elapsed": 127.652828, "delta": 1.104406}}
{"target": 0.8367446678628696, "params": {"max_depth": 13.902547534496723, "n_estimators": 100.77203275393236}, "datetime": {"datetime": "2021-09-21 16:10:29", "elapsed": 129.093664, "delta": 1.440836}}
{"target": 0.8307152348322078, "params": {"max_depth": 24.1158204548517, "n_estimators": 146.59507557922797}, "datetime": {"datetime": "2021-09-21 16:10:31", "elapsed": 131.475695, "delta": 2.382031}}
{"target": 0.8300947143963735, "params": {"max_depth": 15.116888863241162, "n_estimators": 148.98781029863454}, "datetime": {"datetime": "2021-09-21 16:10:33", "elapsed": 132.855693, "delta": 1.379998}}
{"target": 0.832249544320087, "params": {"max_depth": 18.890590344767425, "n_estimators": 144.483973511}, "datetime": {"datetime": "2021-09-21 16:10:34", "elapsed": 134.100734, "delta": 1.245041}}
{"target": 0.8347255571960511, "params": {"max_depth": 27.228312043409485, "n_estimators": 103.15620556980652}, "datetime": {"datetime": "2021-09-21 16:10:35", "elapsed": 135.100836, "delta": 1.000102}}
{"target": 0.8349707721853687, "params": {"max_depth": 30.0, "n_estimators": 109.25409720175057}, "datetime": {"datetime": "2021-09-21 16:10:36", "elapsed": 136.112698, "delta": 1.011862}}
{"target": 0.8312081456485967, "params": {"max_depth": 10.028167530368739, "n_estimators": 144.83690814125157}, "datetime": {"datetime": "2021-09-21 16:10:37", "elapsed": 137.25351, "delta": 1.140812}}
{"target": 0.8351764824979533, "params": {"max_depth": 23.97019210634395, "n_estimators": 102.67022199007485}, "datetime": {"datetime": "2021-09-21 16:10:38", "elapsed": 138.39624, "delta": 1.14273}}
{"target": 0.8348253543818371, "params": {"max_depth": 23.97463202126114, "n_estimators": 126.03880150977233}, "datetime": {"datetime": "2021-09-21 16:10:40", "elapsed": 139.594448, "delta": 1.198208}}
{"target": 0.8341524143732405, "params": {"max_depth": 27.53101271130633, "n_estimators": 115.22585446684317}, "datetime": {"datetime": "2021-09-21 16:10:41", "elapsed": 140.627443, "delta": 1.032995}}
{"target": 0.8347748147714223, "params": {"max_depth": 20.225433425886038, "n_estimators": 117.06529074059799}, "datetime": {"datetime": "2021-09-21 16:10:42", "elapsed": 141.58448, "delta": 0.957037}}
{"target": 0.8341018709201857, "params": {"max_depth": 10.051311861941421, "n_estimators": 107.49867594689759}, "datetime": {"datetime": "2021-09-21 16:10:43", "elapsed": 142.605482, "delta": 1.021002}}
{"target": 0.8324682523407324, "params": {"max_depth": 26.474606936005248, "n_estimators": 137.50421210325467}, "datetime": {"datetime": "2021-09-21 16:10:44", "elapsed": 144.028304, "delta": 1.422822}}
{"target": 0.8349824484459133, "params": {"max_depth": 26.83086830727075, "n_estimators": 125.40360580210752}, "datetime": {"datetime": "2021-09-21 16:10:45", "elapsed": 145.330725, "delta": 1.302421}}
{"target": 0.8328061790406684, "params": {"max_depth": 12.341516173725715, "n_estimators": 121.27906736899553}, "datetime": {"datetime": "2021-09-21 16:10:46", "elapsed": 146.481726, "delta": 1.151001}}
{"target": 0.8338014580808415, "params": {"max_depth": 27.624613515780794, "n_estimators": 107.91010436007964}, "datetime": {"datetime": "2021-09-21 16:10:48", "elapsed": 147.554727, "delta": 1.073001}}
{"target": 0.8351532173056299, "params": {"max_depth": 22.53347964113202, "n_estimators": 104.1001545851423}, "datetime": {"datetime": "2021-09-21 16:10:49", "elapsed": 148.598723, "delta": 1.043996}}
{"target": 0.8344535289563556, "params": {"max_depth": 25.91640938836744, "n_estimators": 112.37067202384108}, "datetime": {"datetime": "2021-09-21 16:10:50", "elapsed": 149.924726, "delta": 1.326003}}
{"target": 0.8343584294759032, "params": {"max_depth": 23.210582238826106, "n_estimators": 128.64529074737715}, "datetime": {"datetime": "2021-09-21 16:10:51", "elapsed": 151.440727, "delta": 1.516001}}
{"target": 0.832984297925363, "params": {"max_depth": 20.907852544243948, "n_estimators": 137.36517028046006}, "datetime": {"datetime": "2021-09-21 16:10:53", "elapsed": 152.729732, "delta": 1.289005}}
{"target": 0.8347255571960511, "params": {"max_depth": 29.926194408998352, "n_estimators": 103.01738716083945}, "datetime": {"datetime": "2021-09-21 16:10:54", "elapsed": 153.749724, "delta": 1.019992}}
{"target": 0.8344717149266506, "params": {"max_depth": 29.22451884856364, "n_estimators": 122.01525994926098}, "datetime": {"datetime": "2021-09-21 16:10:55", "elapsed": 154.837727, "delta": 1.088003}}
{"target": 0.8379477275156093, "params": {"max_depth": 14.411118251817111, "n_estimators": 101.92895072214004}, "datetime": {"datetime": "2021-09-21 16:10:56", "elapsed": 156.009727, "delta": 1.172}}
{"target": 0.8372878880097182, "params": {"max_depth": 14.435736191329529, "n_estimators": 103.20939318157983}, "datetime": {"datetime": "2021-09-21 16:10:57", "elapsed": 157.360723, "delta": 1.350996}}
{"target": 0.8378964286765856, "params": {"max_depth": 14.772301295095806, "n_estimators": 102.66323980670506}, "datetime": {"datetime": "2021-09-21 16:10:58", "elapsed": 158.497723, "delta": 1.137}}
{"target": 0.8333434797962073, "params": {"max_depth": 26.9136609438701, "n_estimators": 132.01354680358116}, "datetime": {"datetime": "2021-09-21 16:11:00", "elapsed": 159.832765, "delta": 1.335042}}
{"target": 0.8358622384191661, "params": {"max_depth": 10.010298115808762, "n_estimators": 125.92770462782178}, "datetime": {"datetime": "2021-09-21 16:11:01", "elapsed": 161.004733, "delta": 1.171968}}
{"target": 0.8354830317818416, "params": {"max_depth": 10.032514269316543, "n_estimators": 124.3308744940276}, "datetime": {"datetime": "2021-09-21 16:11:02", "elapsed": 162.013937, "delta": 1.009204}}
{"target": 0.8332098862959549, "params": {"max_depth": 11.318319627634729, "n_estimators": 126.98970682497324}, "datetime": {"datetime": "2021-09-21 16:11:03", "elapsed": 163.140935, "delta": 1.126998}}
{"target": 0.8309313582194366, "params": {"max_depth": 26.0656036041507, "n_estimators": 150.0}, "datetime": {"datetime": "2021-09-21 16:11:05", "elapsed": 164.908486, "delta": 1.767551}}
{"target": 0.833877969608148, "params": {"max_depth": 20.54734105479614, "n_estimators": 132.50726584642393}, "datetime": {"datetime": "2021-09-21 16:11:06", "elapsed": 166.38062, "delta": 1.472134}}
{"target": 0.831291731066036, "params": {"max_depth": 26.976159169567563, "n_estimators": 143.51381063950893}, "datetime": {"datetime": "2021-09-21 16:11:08", "elapsed": 167.640656, "delta": 1.260036}}
{"target": 0.8350808268770629, "params": {"max_depth": 25.211998029441364, "n_estimators": 104.23821321830025}, "datetime": {"datetime": "2021-09-21 16:11:09", "elapsed": 168.705652, "delta": 1.064996}}
{"target": 0.8341524143732405, "params": {"max_depth": 30.0, "n_estimators": 115.54376665951843}, "datetime": {"datetime": "2021-09-21 16:11:10", "elapsed": 169.754694, "delta": 1.049042}}
{"target": 0.8344668733907417, "params": {"max_depth": 22.277483306331675, "n_estimators": 113.14215774610417}, "datetime": {"datetime": "2021-09-21 16:11:11", "elapsed": 170.912657, "delta": 1.157963}}
{"target": 0.8347017440405013, "params": {"max_depth": 28.48567188969723, "n_estimators": 126.58199047322637}, "datetime": {"datetime": "2021-09-21 16:11:12", "elapsed": 172.113657, "delta": 1.201}}
{"target": 0.8348491258406615, "params": {"max_depth": 10.0, "n_estimators": 104.30638211034506}, "datetime": {"datetime": "2021-09-21 16:11:13", "elapsed": 173.265658, "delta": 1.152001}}
