{"target": 0.8323129647612948, "params": {"max_depth": 28.268981393509858, "n_estimators": 38.66680544426058}, "datetime": {"datetime": "2021-09-21 13:32:31", "elapsed": 858.425404, "delta": 4.789648}}
{"target": 0.8384383158078919, "params": {"max_depth": 25.856596342401414, "n_estimators": 27.784488826867747}, "datetime": {"datetime": "2021-09-21 13:32:35", "elapsed": 862.138061, "delta": 3.712657}}
{"target": 0.8416664671257728, "params": {"max_depth": 21.842051138157057, "n_estimators": 25.44988414585862}, "datetime": {"datetime": "2021-09-21 13:32:41", "elapsed": 868.716951, "delta": 6.57889}}
{"target": 0.8342250819822425, "params": {"max_depth": 16.154630862348775, "n_estimators": 54.93431756257979}, "datetime": {"datetime": "2021-09-21 13:32:46", "elapsed": 873.580524, "delta": 4.863573}}
{"target": 0.8375715273291355, "params": {"max_depth": 19.059807084916265, "n_estimators": 56.219129953699664}, "datetime": {"datetime": "2021-09-21 13:32:51", "elapsed": 878.565753, "delta": 4.985229}}
{"target": 0.8338090334726331, "params": {"max_depth": 21.75585049336254, "n_estimators": 50.59385406835011}, "datetime": {"datetime": "2021-09-21 13:32:56", "elapsed": 883.904179, "delta": 5.338426}}
{"target": 0.8401889232406063, "params": {"max_depth": 21.625297519735106, "n_estimators": 21.653990797605914}, "datetime": {"datetime": "2021-09-21 13:33:02", "elapsed": 890.098648, "delta": 6.194469}}
{"target": 0.8415640403484941, "params": {"max_depth": 14.018868980061143, "n_estimators": 66.30305503678527}, "datetime": {"datetime": "2021-09-21 13:33:10", "elapsed": 897.678922, "delta": 7.580274}}
{"target": 0.833007632212015, "params": {"max_depth": 15.552345204572802, "n_estimators": 80.8900690380584}, "datetime": {"datetime": "2021-09-21 13:33:16", "elapsed": 903.71978, "delta": 6.040858}}
{"target": 0.8381397843331484, "params": {"max_depth": 22.21129139705329, "n_estimators": 67.14048456325519}, "datetime": {"datetime": "2021-09-21 13:33:21", "elapsed": 908.417706, "delta": 4.697926}}
{"target": 0.8362987407952998, "params": {"max_depth": 29.11946434634379, "n_estimators": 54.889514969600114}, "datetime": {"datetime": "2021-09-21 13:33:26", "elapsed": 913.509656, "delta": 5.09195}}
{"target": 0.8391988013339102, "params": {"max_depth": 18.50448929382752, "n_estimators": 34.68144030227432}, "datetime": {"datetime": "2021-09-21 13:33:31", "elapsed": 918.451462, "delta": 4.941806}}
{"target": 0.8434172421662551, "params": {"max_depth": 27.370769397492445, "n_estimators": 19.06639120292986}, "datetime": {"datetime": "2021-09-21 13:33:37", "elapsed": 924.470472, "delta": 6.01901}}
{"target": 0.8231111563689438, "params": {"max_depth": 30.0, "n_estimators": 14.871440484804321}, "datetime": {"datetime": "2021-09-21 13:33:41", "elapsed": 928.466279, "delta": 3.995807}}
{"target": 0.8199111449199081, "params": {"max_depth": 26.603674901027674, "n_estimators": 12.00814078721043}, "datetime": {"datetime": "2021-09-21 13:33:44", "elapsed": 931.874747, "delta": 3.408468}}
{"target": 0.8351646714021072, "params": {"max_depth": 25.73231476589344, "n_estimators": 53.54598814957787}, "datetime": {"datetime": "2021-09-21 13:33:51", "elapsed": 938.954777, "delta": 7.08003}}
{"target": 0.838891790360426, "params": {"max_depth": 18.94974850257271, "n_estimators": 35.76098725152816}, "datetime": {"datetime": "2021-09-21 13:33:55", "elapsed": 942.860094, "delta": 3.905317}}
{"target": 0.8336937095141028, "params": {"max_depth": 12.90935393005977, "n_estimators": 98.39641348892737}, "datetime": {"datetime": "2021-09-21 13:34:00", "elapsed": 947.212657, "delta": 4.352563}}
{"target": 0.8362134591093029, "params": {"max_depth": 13.974730823386913, "n_estimators": 57.30741750982482}, "datetime": {"datetime": "2021-09-21 13:34:09", "elapsed": 956.510779, "delta": 9.298122}}
{"target": 0.8356231303417618, "params": {"max_depth": 19.471435536696546, "n_estimators": 99.96295400379424}, "datetime": {"datetime": "2021-09-21 13:34:17", "elapsed": 964.233036, "delta": 7.722257}}
{"target": 0.8329707069766085, "params": {"max_depth": 15.147117895925826, "n_estimators": 90.26623144284348}, "datetime": {"datetime": "2021-09-21 13:34:23", "elapsed": 970.618153, "delta": 6.385117}}
{"target": 0.831564022005062, "params": {"max_depth": 20.59326890040583, "n_estimators": 81.91905448760544}, "datetime": {"datetime": "2021-09-21 13:34:34", "elapsed": 981.195691, "delta": 10.577538}}
{"target": 0.8351200718898999, "params": {"max_depth": 11.0473673556274, "n_estimators": 59.774014889089415}, "datetime": {"datetime": "2021-09-21 13:34:38", "elapsed": 985.922353, "delta": 4.726662}}
{"target": 0.8401889232406063, "params": {"max_depth": 23.16157809541411, "n_estimators": 21.874818460101547}, "datetime": {"datetime": "2021-09-21 13:34:44", "elapsed": 991.803788, "delta": 5.881435}}
{"target": 0.8410545907133922, "params": {"max_depth": 25.613762427849412, "n_estimators": 22.65376717069939}, "datetime": {"datetime": "2021-09-21 13:34:50", "elapsed": 997.126467, "delta": 5.322679}}
{"target": 0.8364902584686122, "params": {"max_depth": 19.167054145149713, "n_estimators": 68.22906842048285}, "datetime": {"datetime": "2021-09-21 13:34:59", "elapsed": 1006.472778, "delta": 9.346311}}
{"target": 0.8411168040755481, "params": {"max_depth": 19.00348001253147, "n_estimators": 20.21438619561591}, "datetime": {"datetime": "2021-09-21 13:35:03", "elapsed": 1010.723324, "delta": 4.250546}}
{"target": 0.8410986638865767, "params": {"max_depth": 21.324899271042813, "n_estimators": 26.338909441915675}, "datetime": {"datetime": "2021-09-21 13:35:07", "elapsed": 1014.739595, "delta": 4.016271}}
{"target": 0.8432725830923348, "params": {"max_depth": 14.977937243444844, "n_estimators": 19.6801313332704}, "datetime": {"datetime": "2021-09-21 13:35:13", "elapsed": 1020.720746, "delta": 5.981151}}
{"target": 0.838290669805782, "params": {"max_depth": 17.53897177959752, "n_estimators": 19.52169167569905}, "datetime": {"datetime": "2021-09-21 13:35:19", "elapsed": 1026.547347, "delta": 5.826601}}
{"target": 0.8323571997850274, "params": {"max_depth": 10.269810206265772, "n_estimators": 94.9953886161758}, "datetime": {"datetime": "2021-09-21 13:35:24", "elapsed": 1031.657104, "delta": 5.109757}}
{"target": 0.8346275545810249, "params": {"max_depth": 7.106893105607595, "n_estimators": 25.571520860228215}, "datetime": {"datetime": "2021-09-21 13:35:28", "elapsed": 1035.845428, "delta": 4.188324}}
{"target": 0.8311486488824685, "params": {"max_depth": 9.487798587415229, "n_estimators": 21.5947285129375}, "datetime": {"datetime": "2021-09-21 13:35:33", "elapsed": 1040.27639, "delta": 4.430962}}
{"target": 0.8331704216598567, "params": {"max_depth": 28.82200598558613, "n_estimators": 85.2356587321411}, "datetime": {"datetime": "2021-09-21 13:35:37", "elapsed": 1045.105565, "delta": 4.829175}}
{"target": 0.544633774370437, "params": {"max_depth": 1.0, "n_estimators": 93.0805349756771}, "datetime": {"datetime": "2021-09-21 13:35:44", "elapsed": 1051.201814, "delta": 6.096249}}
{"target": 0.8253650309560688, "params": {"max_depth": 7.971298696359331, "n_estimators": 92.39172876500722}, "datetime": {"datetime": "2021-09-21 13:35:50", "elapsed": 1057.12707, "delta": 5.925256}}
{"target": 0.839309278137614, "params": {"max_depth": 14.407264348133824, "n_estimators": 71.37245059374155}, "datetime": {"datetime": "2021-09-21 13:35:55", "elapsed": 1063.042373, "delta": 5.915303}}
{"target": 0.8365501577824017, "params": {"max_depth": 22.1603000214793, "n_estimators": 54.133685824118274}, "datetime": {"datetime": "2021-09-21 13:36:00", "elapsed": 1067.568041, "delta": 4.525668}}
{"target": 0.8322464419861348, "params": {"max_depth": 23.398867339950133, "n_estimators": 36.6467209904838}, "datetime": {"datetime": "2021-09-21 13:36:05", "elapsed": 1072.42715, "delta": 4.859109}}
{"target": 0.8370055004625485, "params": {"max_depth": 24.105742619343925, "n_estimators": 60.8324864726857}, "datetime": {"datetime": "2021-09-21 13:36:15", "elapsed": 1082.537795, "delta": 10.110645}}
{"target": 0.8295327432513848, "params": {"max_depth": 13.155697666655586, "n_estimators": 48.11719671672664}, "datetime": {"datetime": "2021-09-21 13:36:24", "elapsed": 1091.754077, "delta": 9.216282}}
{"target": 0.8336749935225716, "params": {"max_depth": 14.948483976277613, "n_estimators": 49.874627644024855}, "datetime": {"datetime": "2021-09-21 13:36:30", "elapsed": 1097.837881, "delta": 6.083804}}
{"target": 0.8359001473156908, "params": {"max_depth": 15.425044942592258, "n_estimators": 46.35535979106217}, "datetime": {"datetime": "2021-09-21 13:36:38", "elapsed": 1105.268682, "delta": 7.430801}}
{"target": 0.8331028838577061, "params": {"max_depth": 10.792994573220906, "n_estimators": 50.31585433328345}, "datetime": {"datetime": "2021-09-21 13:36:43", "elapsed": 1111.103481, "delta": 5.834799}}
{"target": 0.8411492951607292, "params": {"max_depth": 14.061245216377007, "n_estimators": 67.69881714650283}, "datetime": {"datetime": "2021-09-21 13:36:51", "elapsed": 1118.520581, "delta": 7.4171}}
{"target": 0.8348096850094197, "params": {"max_depth": 28.717271897454978, "n_estimators": 75.87343711389136}, "datetime": {"datetime": "2021-09-21 13:36:57", "elapsed": 1124.309695, "delta": 5.789114}}
{"target": 0.8373453580604299, "params": {"max_depth": 28.98588948888262, "n_estimators": 61.9541803671604}, "datetime": {"datetime": "2021-09-21 13:37:02", "elapsed": 1130.096119, "delta": 5.786424}}
{"target": 0.8390591237756365, "params": {"max_depth": 14.07778708337739, "n_estimators": 99.85048179305116}, "datetime": {"datetime": "2021-09-21 13:37:10", "elapsed": 1137.599052, "delta": 7.502933}}
{"target": 0.8416664671257728, "params": {"max_depth": 29.329131824684097, "n_estimators": 25.752390815515856}, "datetime": {"datetime": "2021-09-21 13:37:16", "elapsed": 1143.23154, "delta": 5.632488}}
{"target": 0.8438137016274821, "params": {"max_depth": 18.542861950270215, "n_estimators": 19.015501358986146}, "datetime": {"datetime": "2021-09-21 13:37:24", "elapsed": 1151.475123, "delta": 8.243583}}
{"target": 0.8401889232406063, "params": {"max_depth": 27.819776612708154, "n_estimators": 21.91355791254509}, "datetime": {"datetime": "2021-09-21 13:37:29", "elapsed": 1156.346334, "delta": 4.871211}}
{"target": 0.8416664671257728, "params": {"max_depth": 23.259663747182124, "n_estimators": 25.995185052427857}, "datetime": {"datetime": "2021-09-21 13:37:35", "elapsed": 1162.717046, "delta": 6.370712}}
{"target": 0.8339273130080154, "params": {"max_depth": 15.659821929692667, "n_estimators": 77.86419439187844}, "datetime": {"datetime": "2021-09-21 13:37:45", "elapsed": 1172.813469, "delta": 10.096423}}
{"target": 0.8359782489918857, "params": {"max_depth": 19.70367771041246, "n_estimators": 58.38988212709216}, "datetime": {"datetime": "2021-09-21 13:37:50", "elapsed": 1177.591057, "delta": 4.777588}}
{"target": 0.8367829217580064, "params": {"max_depth": 22.518946703176955, "n_estimators": 57.46410668467235}, "datetime": {"datetime": "2021-09-21 13:37:56", "elapsed": 1183.36887, "delta": 5.777813}}
{"target": 0.8396197520447752, "params": {"max_depth": 18.884475499061395, "n_estimators": 60.66760675787019}, "datetime": {"datetime": "2021-09-21 13:38:05", "elapsed": 1192.568746, "delta": 9.199876}}
{"target": 0.8438137016274821, "params": {"max_depth": 18.453523207588933, "n_estimators": 19.333981702639235}, "datetime": {"datetime": "2021-09-21 13:38:11", "elapsed": 1198.544325, "delta": 5.975579}}
{"target": 0.8328022489116564, "params": {"max_depth": 15.313036021335902, "n_estimators": 86.95770860562645}, "datetime": {"datetime": "2021-09-21 13:38:19", "elapsed": 1206.629543, "delta": 8.085218}}
{"target": 0.8314604380331698, "params": {"max_depth": 27.653446229941657, "n_estimators": 42.18781658934595}, "datetime": {"datetime": "2021-09-21 13:38:24", "elapsed": 1211.852151, "delta": 5.222608}}
{"target": 0.8333664638014069, "params": {"max_depth": 28.757390243796394, "n_estimators": 46.65253622403482}, "datetime": {"datetime": "2021-09-21 13:38:31", "elapsed": 1218.902762, "delta": 7.050611}}
{"target": 0.8376311457094379, "params": {"max_depth": 26.327293261507485, "n_estimators": 56.89893756540491}, "datetime": {"datetime": "2021-09-21 13:38:39", "elapsed": 1226.706726, "delta": 7.803964}}
{"target": 0.8309979526425031, "params": {"max_depth": 19.846765603281767, "n_estimators": 44.4080378682086}, "datetime": {"datetime": "2021-09-21 13:38:53", "elapsed": 1241.096724, "delta": 14.389998}}
{"target": 0.831591601166622, "params": {"max_depth": 22.4331356034289, "n_estimators": 91.83599912149165}, "datetime": {"datetime": "2021-09-21 13:39:00", "elapsed": 1247.543993, "delta": 6.447269}}
{"target": 0.8361944405648042, "params": {"max_depth": 18.736588329908248, "n_estimators": 98.55682521618989}, "datetime": {"datetime": "2021-09-21 13:39:06", "elapsed": 1253.890163, "delta": 6.34617}}
{"target": 0.8352619215846722, "params": {"max_depth": 18.20664914417066, "n_estimators": 77.42351903777946}, "datetime": {"datetime": "2021-09-21 13:39:20", "elapsed": 1268.091093, "delta": 14.20093}}
{"target": 0.8337696219964316, "params": {"max_depth": 13.079843134851604, "n_estimators": 78.70488997409514}, "datetime": {"datetime": "2021-09-21 13:39:28", "elapsed": 1275.810395, "delta": 7.719302}}
{"target": 0.8434172421662551, "params": {"max_depth": 27.898940688460165, "n_estimators": 19.37948851773627}, "datetime": {"datetime": "2021-09-21 13:39:35", "elapsed": 1282.699153, "delta": 6.888758}}
{"target": 0.8329501139818292, "params": {"max_depth": 13.55980261938111, "n_estimators": 23.64193259674332}, "datetime": {"datetime": "2021-09-21 13:39:41", "elapsed": 1288.784225, "delta": 6.085072}}
{"target": 0.8346856981956917, "params": {"max_depth": 18.183805255423547, "n_estimators": 18.535952724629627}, "datetime": {"datetime": "2021-09-21 13:39:52", "elapsed": 1299.455504, "delta": 10.671279}}
{"target": 0.8209907417150775, "params": {"max_depth": 6.0076975186250055, "n_estimators": 76.7327120130435}, "datetime": {"datetime": "2021-09-21 13:40:01", "elapsed": 1308.97088, "delta": 9.515376}}
{"target": 0.8313118259754286, "params": {"max_depth": 9.371394199679376, "n_estimators": 63.507677321370714}, "datetime": {"datetime": "2021-09-21 13:40:09", "elapsed": 1316.82129, "delta": 7.85041}}
{"target": 0.8312125293533252, "params": {"max_depth": 8.139121060515334, "n_estimators": 98.79108792043974}, "datetime": {"datetime": "2021-09-21 13:40:16", "elapsed": 1323.181777, "delta": 6.360487}}
{"target": 0.8072440281202071, "params": {"max_depth": 23.012708541905127, "n_estimators": 8.838319975639255}, "datetime": {"datetime": "2021-09-21 13:40:23", "elapsed": 1330.19981, "delta": 7.018033}}
{"target": 0.832638266676246, "params": {"max_depth": 12.33468730141323, "n_estimators": 74.33539316303525}, "datetime": {"datetime": "2021-09-21 13:40:31", "elapsed": 1338.146395, "delta": 7.946585}}
{"target": 0.8320195740034527, "params": {"max_depth": 25.937993618847493, "n_estimators": 90.1462981815794}, "datetime": {"datetime": "2021-09-21 13:40:44", "elapsed": 1351.77765, "delta": 13.631255}}
{"target": 0.8345853031310012, "params": {"max_depth": 26.86072962224667, "n_estimators": 29.15991621947006}, "datetime": {"datetime": "2021-09-21 13:40:52", "elapsed": 1359.566058, "delta": 7.788408}}
{"target": 0.8328909254015844, "params": {"max_depth": 10.71067630044874, "n_estimators": 83.2619269106232}, "datetime": {"datetime": "2021-09-21 13:41:01", "elapsed": 1368.730467, "delta": 9.164409}}
{"target": 0.833391168770491, "params": {"max_depth": 23.447418846956676, "n_estimators": 74.09665076559337}, "datetime": {"datetime": "2021-09-21 13:41:07", "elapsed": 1374.488357, "delta": 5.75789}}
{"target": 0.8318420395604786, "params": {"max_depth": 21.720029274085064, "n_estimators": 95.01327915166507}, "datetime": {"datetime": "2021-09-21 13:41:15", "elapsed": 1382.677892, "delta": 8.189535}}
{"target": 0.8279504290629311, "params": {"max_depth": 8.40062863417792, "n_estimators": 50.93643320712292}, "datetime": {"datetime": "2021-09-21 13:41:26", "elapsed": 1394.025532, "delta": 11.34764}}
{"target": 0.8184013710498672, "params": {"max_depth": 6.911179911713368, "n_estimators": 47.50876156367077}, "datetime": {"datetime": "2021-09-21 13:41:37", "elapsed": 1404.802234, "delta": 10.776702}}
{"target": 0.8389902701339087, "params": {"max_depth": 14.709422698084797, "n_estimators": 72.96676810607948}, "datetime": {"datetime": "2021-09-21 13:41:44", "elapsed": 1411.194684, "delta": 6.39245}}
{"target": 0.8281249102278838, "params": {"max_depth": 12.980399648936247, "n_estimators": 39.16412514256832}, "datetime": {"datetime": "2021-09-21 13:41:50", "elapsed": 1417.185169, "delta": 5.990485}}
{"target": 0.8327637688737823, "params": {"max_depth": 20.229940890206894, "n_estimators": 79.81559124543777}, "datetime": {"datetime": "2021-09-21 13:42:00", "elapsed": 1427.881113, "delta": 10.695944}}
{"target": 0.8371772839577593, "params": {"max_depth": 18.63620032783923, "n_estimators": 28.968896563055115}, "datetime": {"datetime": "2021-09-21 13:42:12", "elapsed": 1439.749702, "delta": 11.868589}}
{"target": 0.8353932273502555, "params": {"max_depth": 28.780762477140087, "n_estimators": 99.99922858724473}, "datetime": {"datetime": "2021-09-21 13:42:22", "elapsed": 1449.773156, "delta": 10.023454}}
{"target": 0.8327383678334106, "params": {"max_depth": 15.80472795733597, "n_estimators": 36.08462435241257}, "datetime": {"datetime": "2021-09-21 13:42:32", "elapsed": 1459.338468, "delta": 9.565312}}
{"target": 0.8400092226175813, "params": {"max_depth": 15.15018320358946, "n_estimators": 25.504412858746047}, "datetime": {"datetime": "2021-09-21 13:42:37", "elapsed": 1464.196842, "delta": 4.858374}}
{"target": 0.8317266651681563, "params": {"max_depth": 7.502463401167773, "n_estimators": 27.656248242571927}, "datetime": {"datetime": "2021-09-21 13:42:42", "elapsed": 1469.593682, "delta": 5.39684}}
{"target": 0.8330625903481579, "params": {"max_depth": 18.755389922954613, "n_estimators": 15.422033967774595}, "datetime": {"datetime": "2021-09-21 13:42:52", "elapsed": 1479.15306, "delta": 9.559378}}
{"target": 0.8360173682915235, "params": {"max_depth": 13.96806327023312, "n_estimators": 64.54865883183798}, "datetime": {"datetime": "2021-09-21 13:42:58", "elapsed": 1485.907581, "delta": 6.754521}}
{"target": 0.8291296246784854, "params": {"max_depth": 15.829458272671008, "n_estimators": 16.280440960172847}, "datetime": {"datetime": "2021-09-21 13:43:08", "elapsed": 1495.490288, "delta": 9.582707}}
{"target": 0.8380992166249391, "params": {"max_depth": 19.270760740744254, "n_estimators": 27.433472228100268}, "datetime": {"datetime": "2021-09-21 13:43:19", "elapsed": 1506.362838, "delta": 10.87255}}
{"target": 0.82916980151932, "params": {"max_depth": 7.63957844822619, "n_estimators": 100.0}, "datetime": {"datetime": "2021-09-21 13:43:28", "elapsed": 1515.974942, "delta": 9.612104}}
{"target": 0.8359599254159121, "params": {"max_depth": 19.46612749776758, "n_estimators": 63.13083162170809}, "datetime": {"datetime": "2021-09-21 13:43:37", "elapsed": 1524.431524, "delta": 8.456582}}
{"target": 0.8300043003998965, "params": {"max_depth": 16.46676751908455, "n_estimators": 48.081770606258104}, "datetime": {"datetime": "2021-09-21 13:43:44", "elapsed": 1531.491401, "delta": 7.059877}}
{"target": 0.8332476469068372, "params": {"max_depth": 17.418480598360183, "n_estimators": 51.48900450325701}, "datetime": {"datetime": "2021-09-21 13:43:51", "elapsed": 1538.951978, "delta": 7.460577}}
{"target": 0.8379427592810298, "params": {"max_depth": 28.130125581130027, "n_estimators": 67.98824325755054}, "datetime": {"datetime": "2021-09-21 13:43:57", "elapsed": 1544.934282, "delta": 5.982304}}
{"target": 0.8288959837862949, "params": {"max_depth": 16.359227612020852, "n_estimators": 94.95661757348688}, "datetime": {"datetime": "2021-09-21 13:44:06", "elapsed": 1553.600995, "delta": 8.666713}}
{"target": 0.8347530244489683, "params": {"max_depth": 29.069606061814277, "n_estimators": 34.176154611288545}, "datetime": {"datetime": "2021-09-21 13:44:18", "elapsed": 1565.588449, "delta": 11.987454}}
{"target": 0.8369676842552923, "params": {"max_depth": 25.812981957377335, "n_estimators": 68.3582179211548}, "datetime": {"datetime": "2021-09-21 13:44:25", "elapsed": 1572.519716, "delta": 6.931267}}
{"target": 0.8338917884330698, "params": {"max_depth": 18.19296793970688, "n_estimators": 87.28570147792038}, "datetime": {"datetime": "2021-09-21 13:44:33", "elapsed": 1580.445376, "delta": 7.92566}}
{"target": 0.8390738169093944, "params": {"max_depth": 19.456143331837612, "n_estimators": 23.742648653542222}, "datetime": {"datetime": "2021-09-21 13:44:45", "elapsed": 1592.761042, "delta": 12.315666}}
{"target": 0.8274588028243074, "params": {"max_depth": 8.502575936783423, "n_estimators": 35.246826106394735}, "datetime": {"datetime": "2021-09-21 13:44:51", "elapsed": 1598.978367, "delta": 6.217325}}
{"target": 0.8318931210510634, "params": {"max_depth": 24.35438339671292, "n_estimators": 87.96680346055719}, "datetime": {"datetime": "2021-09-21 13:45:00", "elapsed": 1607.206087, "delta": 8.22772}}
{"target": 0.8321517579333741, "params": {"max_depth": 22.229030629713627, "n_estimators": 83.39838256580877}, "datetime": {"datetime": "2021-09-21 13:45:07", "elapsed": 1614.266923, "delta": 7.060836}}
{"target": 0.8277954733315578, "params": {"max_depth": 8.321275779463093, "n_estimators": 88.69025488197765}, "datetime": {"datetime": "2021-09-21 13:45:12", "elapsed": 1620.003044, "delta": 5.736121}}
{"target": 0.8277165476987497, "params": {"max_depth": 8.365611971929074, "n_estimators": 84.7169804718645}, "datetime": {"datetime": "2021-09-21 13:45:24", "elapsed": 1631.446968, "delta": 11.443924}}
