{"target": 0.8389472408975991, "params": {"max_depth": 11.476899381037754, "n_estimators": 58.22050186704237}, "datetime": {"datetime": "2021-09-21 13:25:26", "elapsed": 452.93939, "delta": 2.263004}}
{"target": 0.8414647719357702, "params": {"max_depth": 23.965806455582168, "n_estimators": 91.06378407118224}, "datetime": {"datetime": "2021-09-21 13:25:29", "elapsed": 455.873391, "delta": 2.934001}}
{"target": 0.8350678000875096, "params": {"max_depth": 10.556358890162466, "n_estimators": 52.82560769488241}, "datetime": {"datetime": "2021-09-21 13:25:32", "elapsed": 458.739397, "delta": 2.866006}}
{"target": 0.8392596525219423, "params": {"max_depth": 10.574950118247399, "n_estimators": 31.69843124082593}, "datetime": {"datetime": "2021-09-21 13:25:33", "elapsed": 460.286429, "delta": 1.547032}}
{"target": 0.8421986429090854, "params": {"max_depth": 15.666796009705283, "n_estimators": 85.13569891984038}, "datetime": {"datetime": "2021-09-21 13:25:37", "elapsed": 463.940702, "delta": 3.654273}}
{"target": 0.8420475448215629, "params": {"max_depth": 25.31534810533802, "n_estimators": 94.20240370035337}, "datetime": {"datetime": "2021-09-21 13:25:40", "elapsed": 467.033041, "delta": 3.092339}}
{"target": 0.8417602605434135, "params": {"max_depth": 15.743576910557088, "n_estimators": 76.13854486042213}, "datetime": {"datetime": "2021-09-21 13:25:43", "elapsed": 470.393567, "delta": 3.360526}}
{"target": 0.8420966774689455, "params": {"max_depth": 24.76613973338048, "n_estimators": 19.227928207085625}, "datetime": {"datetime": "2021-09-21 13:25:46", "elapsed": 472.760923, "delta": 2.367356}}
{"target": 0.8397061534059523, "params": {"max_depth": 19.333741044059078, "n_estimators": 22.587715904618197}, "datetime": {"datetime": "2021-09-21 13:25:49", "elapsed": 476.071771, "delta": 3.310848}}
{"target": 0.8413281895791083, "params": {"max_depth": 23.476900570867453, "n_estimators": 23.67381685932557}, "datetime": {"datetime": "2021-09-21 13:25:51", "elapsed": 478.318199, "delta": 2.246428}}
{"target": 0.8422062180339178, "params": {"max_depth": 28.166297375429, "n_estimators": 89.4516162924548}, "datetime": {"datetime": "2021-09-21 13:25:54", "elapsed": 480.793124, "delta": 2.474925}}
{"target": 0.8408153495174326, "params": {"max_depth": 21.642023796430262, "n_estimators": 45.184800655393055}, "datetime": {"datetime": "2021-09-21 13:25:58", "elapsed": 485.037752, "delta": 4.244628}}
{"target": 0.8435583121639942, "params": {"max_depth": 17.162244496751548, "n_estimators": 20.573793015834227}, "datetime": {"datetime": "2021-09-21 13:26:00", "elapsed": 487.009959, "delta": 1.972207}}
{"target": 0.8414009481706273, "params": {"max_depth": 25.24833855989631, "n_estimators": 84.2347425675752}, "datetime": {"datetime": "2021-09-21 13:26:03", "elapsed": 489.619565, "delta": 2.609606}}
{"target": 0.8417832345037417, "params": {"max_depth": 16.785778750599704, "n_estimators": 54.45732019672351}, "datetime": {"datetime": "2021-09-21 13:26:06", "elapsed": 492.670056, "delta": 3.050491}}
{"target": 0.8425956106621711, "params": {"max_depth": 23.149343556014905, "n_estimators": 35.106253042002095}, "datetime": {"datetime": "2021-09-21 13:26:08", "elapsed": 495.501218, "delta": 2.831162}}
{"target": 0.8391188185256899, "params": {"max_depth": 11.862277138066933, "n_estimators": 74.43229976193672}, "datetime": {"datetime": "2021-09-21 13:26:12", "elapsed": 498.624374, "delta": 3.123156}}
{"target": 0.8442524459016056, "params": {"max_depth": 26.668377149344668, "n_estimators": 64.6015887709865}, "datetime": {"datetime": "2021-09-21 13:26:15", "elapsed": 502.345874, "delta": 3.7215}}
{"target": 0.8435663403067031, "params": {"max_depth": 15.350621682762025, "n_estimators": 35.01005537322448}, "datetime": {"datetime": "2021-09-21 13:26:18", "elapsed": 504.567337, "delta": 2.221463}}
{"target": 0.8417806286097737, "params": {"max_depth": 28.982029339521283, "n_estimators": 80.08154145871966}, "datetime": {"datetime": "2021-09-21 13:26:21", "elapsed": 507.686112, "delta": 3.118775}}
{"target": 0.8420475448215629, "params": {"max_depth": 22.34833036917858, "n_estimators": 94.82255971378372}, "datetime": {"datetime": "2021-09-21 13:26:24", "elapsed": 511.111286, "delta": 3.425174}}
{"target": 0.8422042526126822, "params": {"max_depth": 30.0, "n_estimators": 30.24793297385678}, "datetime": {"datetime": "2021-09-21 13:26:27", "elapsed": 514.174008, "delta": 3.062722}}
{"target": 0.8326981589324162, "params": {"max_depth": 8.541357618479665, "n_estimators": 34.87958347169553}, "datetime": {"datetime": "2021-09-21 13:26:29", "elapsed": 516.296008, "delta": 2.122}}
{"target": 0.8397801143912951, "params": {"max_depth": 13.491341593015655, "n_estimators": 95.21608106397768}, "datetime": {"datetime": "2021-09-21 13:26:32", "elapsed": 519.216855, "delta": 2.920847}}
{"target": 0.8442302199813303, "params": {"max_depth": 29.986846672325065, "n_estimators": 63.966164328609075}, "datetime": {"datetime": "2021-09-21 13:26:36", "elapsed": 523.372607, "delta": 4.155752}}
{"target": 0.8414250465522377, "params": {"max_depth": 30.0, "n_estimators": 43.13241416552729}, "datetime": {"datetime": "2021-09-21 13:26:40", "elapsed": 526.775333, "delta": 3.402726}}
{"target": 0.8428245866776198, "params": {"max_depth": 28.841683586026825, "n_estimators": 86.52139041834731}, "datetime": {"datetime": "2021-09-21 13:26:43", "elapsed": 529.61388, "delta": 2.838547}}
{"target": 0.8463400251701998, "params": {"max_depth": 24.80249670303902, "n_estimators": 66.14079772616527}, "datetime": {"datetime": "2021-09-21 13:26:46", "elapsed": 533.286511, "delta": 3.672631}}
{"target": 0.8337106998141361, "params": {"max_depth": 10.754711882185017, "n_estimators": 15.629692890240818}, "datetime": {"datetime": "2021-09-21 13:26:49", "elapsed": 535.865841, "delta": 2.57933}}
{"target": 0.842404757518981, "params": {"max_depth": 20.998004613190187, "n_estimators": 88.79502256570161}, "datetime": {"datetime": "2021-09-21 13:26:53", "elapsed": 540.023018, "delta": 4.157177}}
{"target": 0.8415113384581826, "params": {"max_depth": 22.035046912991906, "n_estimators": 82.02785986363769}, "datetime": {"datetime": "2021-09-21 13:26:56", "elapsed": 543.072453, "delta": 3.049435}}
{"target": 0.8444142852005818, "params": {"max_depth": 20.0529847628383, "n_estimators": 33.161403019012376}, "datetime": {"datetime": "2021-09-21 13:27:00", "elapsed": 547.06441, "delta": 3.991957}}
{"target": 0.842459802484109, "params": {"max_depth": 16.27048848398986, "n_estimators": 79.11663689950771}, "datetime": {"datetime": "2021-09-21 13:27:03", "elapsed": 550.247602, "delta": 3.183192}}
{"target": 0.8421029504533365, "params": {"max_depth": 21.404927907035276, "n_estimators": 60.17359623107825}, "datetime": {"datetime": "2021-09-21 13:27:08", "elapsed": 554.646498, "delta": 4.398896}}
{"target": 0.8440960650996931, "params": {"max_depth": 25.74686226847977, "n_estimators": 100.0}, "datetime": {"datetime": "2021-09-21 13:27:11", "elapsed": 558.494458, "delta": 3.84796}}
{"target": 0.8421718177121944, "params": {"max_depth": 28.663132261259392, "n_estimators": 74.95810149050607}, "datetime": {"datetime": "2021-09-21 13:27:17", "elapsed": 564.356344, "delta": 5.861886}}
{"target": 0.8451889053028315, "params": {"max_depth": 16.705552624554358, "n_estimators": 70.80456270291347}, "datetime": {"datetime": "2021-09-21 13:27:21", "elapsed": 568.245044, "delta": 3.8887}}
{"target": 0.8443249368208032, "params": {"max_depth": 16.336405170935457, "n_estimators": 64.52680304363085}, "datetime": {"datetime": "2021-09-21 13:27:25", "elapsed": 572.459778, "delta": 4.214734}}
{"target": 0.8468931568352174, "params": {"max_depth": 29.176075323721168, "n_estimators": 67.77132002642377}, "datetime": {"datetime": "2021-09-21 13:27:30", "elapsed": 576.631849, "delta": 4.172071}}
{"target": 0.8470961068961301, "params": {"max_depth": 14.87416662487104, "n_estimators": 67.24762404280942}, "datetime": {"datetime": "2021-09-21 13:27:35", "elapsed": 582.010442, "delta": 5.378593}}
{"target": 0.843059378026286, "params": {"max_depth": 15.082909671039339, "n_estimators": 71.72819180008796}, "datetime": {"datetime": "2021-09-21 13:27:39", "elapsed": 586.088109, "delta": 4.077667}}
{"target": 0.8471734312972383, "params": {"max_depth": 20.8941526120195, "n_estimators": 67.9312227963732}, "datetime": {"datetime": "2021-09-21 13:27:43", "elapsed": 590.252095, "delta": 4.163986}}
{"target": 0.8464098756033576, "params": {"max_depth": 24.737488938835842, "n_estimators": 68.04198249775396}, "datetime": {"datetime": "2021-09-21 13:27:48", "elapsed": 595.312098, "delta": 5.060003}}
{"target": 0.8463400251701998, "params": {"max_depth": 25.799875335979443, "n_estimators": 66.57968276750864}, "datetime": {"datetime": "2021-09-21 13:27:54", "elapsed": 600.77049, "delta": 5.458392}}
{"target": 0.8439240041083783, "params": {"max_depth": 29.94465035901905, "n_estimators": 71.4833587953195}, "datetime": {"datetime": "2021-09-21 13:27:58", "elapsed": 604.640213, "delta": 3.869723}}
{"target": 0.8431929489997585, "params": {"max_depth": 16.925686977410884, "n_estimators": 23.279340442574615}, "datetime": {"datetime": "2021-09-21 13:28:03", "elapsed": 609.916359, "delta": 5.276146}}
{"target": 0.8416604786937947, "params": {"max_depth": 28.687389592515107, "n_estimators": 40.21579858211964}, "datetime": {"datetime": "2021-09-21 13:28:07", "elapsed": 613.659035, "delta": 3.742676}}
{"target": 0.8420979070294995, "params": {"max_depth": 11.324321077507896, "n_estimators": 65.85591345146966}, "datetime": {"datetime": "2021-09-21 13:28:11", "elapsed": 618.195721, "delta": 4.536686}}
{"target": 0.8416693109405853, "params": {"max_depth": 27.911436312096512, "n_estimators": 36.3386384959228}, "datetime": {"datetime": "2021-09-21 13:28:17", "elapsed": 623.634172, "delta": 5.438451}}
{"target": 0.8414009481706273, "params": {"max_depth": 23.154305277163132, "n_estimators": 84.10343329649419}, "datetime": {"datetime": "2021-09-21 13:28:22", "elapsed": 629.309958, "delta": 5.675786}}
{"target": 0.8397017801537625, "params": {"max_depth": 13.247589615588527, "n_estimators": 90.44954646284913}, "datetime": {"datetime": "2021-09-21 13:28:27", "elapsed": 633.891757, "delta": 4.581799}}
{"target": 0.8388128587270398, "params": {"max_depth": 19.03388555500018, "n_estimators": 46.14609817601512}, "datetime": {"datetime": "2021-09-21 13:28:31", "elapsed": 638.497099, "delta": 4.605342}}
{"target": 0.8425837103141651, "params": {"max_depth": 28.134864612753685, "n_estimators": 96.47961204097415}, "datetime": {"datetime": "2021-09-21 13:28:36", "elapsed": 643.052064, "delta": 4.554965}}
{"target": 0.8417806286097737, "params": {"max_depth": 24.57518726097003, "n_estimators": 80.57097235372545}, "datetime": {"datetime": "2021-09-21 13:28:41", "elapsed": 648.435549, "delta": 5.383485}}
{"target": 0.8461471806896501, "params": {"max_depth": 15.796760973369395, "n_estimators": 67.8012651167529}, "datetime": {"datetime": "2021-09-21 13:28:47", "elapsed": 654.325165, "delta": 5.889616}}
{"target": 0.8467944486339207, "params": {"max_depth": 17.151513892893348, "n_estimators": 68.30290909468202}, "datetime": {"datetime": "2021-09-21 13:28:53", "elapsed": 659.868514, "delta": 5.543349}}
{"target": 0.8457174645907214, "params": {"max_depth": 22.671088777857513, "n_estimators": 69.41194552404139}, "datetime": {"datetime": "2021-09-21 13:28:57", "elapsed": 663.822437, "delta": 3.953923}}
{"target": 0.8463579076386314, "params": {"max_depth": 22.454363529078087, "n_estimators": 65.351995561607}, "datetime": {"datetime": "2021-09-21 13:29:01", "elapsed": 668.356084, "delta": 4.533647}}
{"target": 0.8472688152784879, "params": {"max_depth": 17.493837656526587, "n_estimators": 67.07245923649876}, "datetime": {"datetime": "2021-09-21 13:29:06", "elapsed": 672.848579, "delta": 4.492495}}
{"target": 0.8426783323159965, "params": {"max_depth": 25.697055456991812, "n_estimators": 57.91787475985881}, "datetime": {"datetime": "2021-09-21 13:29:09", "elapsed": 676.496218, "delta": 3.647639}}
{"target": 0.8446725362721486, "params": {"max_depth": 16.30561266158251, "n_estimators": 62.2273619827961}, "datetime": {"datetime": "2021-09-21 13:29:14", "elapsed": 681.476894, "delta": 4.980676}}
{"target": 0.8468931568352174, "params": {"max_depth": 21.051150162877107, "n_estimators": 67.06065824110233}, "datetime": {"datetime": "2021-09-21 13:29:18", "elapsed": 685.390482, "delta": 3.913588}}
{"target": 0.8463400251701998, "params": {"max_depth": 28.094113134167078, "n_estimators": 66.36158602164714}, "datetime": {"datetime": "2021-09-21 13:29:23", "elapsed": 689.74589, "delta": 4.355408}}
{"target": 0.8468931568352174, "params": {"max_depth": 25.757793901955406, "n_estimators": 67.5148262294067}, "datetime": {"datetime": "2021-09-21 13:29:27", "elapsed": 693.931982, "delta": 4.186092}}
{"target": 0.8468931568352174, "params": {"max_depth": 22.98893512844509, "n_estimators": 67.401303637755}, "datetime": {"datetime": "2021-09-21 13:29:32", "elapsed": 699.405511, "delta": 5.473529}}
{"target": 0.8470961068961301, "params": {"max_depth": 14.490370650106572, "n_estimators": 67.09845271659633}, "datetime": {"datetime": "2021-09-21 13:29:38", "elapsed": 704.817172, "delta": 5.411661}}
{"target": 0.8472688152784879, "params": {"max_depth": 17.352628089009354, "n_estimators": 67.54981037787282}, "datetime": {"datetime": "2021-09-21 13:29:42", "elapsed": 709.399501, "delta": 4.582329}}
{"target": 0.843956274736063, "params": {"max_depth": 27.57586236309681, "n_estimators": 33.58536898504751}, "datetime": {"datetime": "2021-09-21 13:29:47", "elapsed": 714.085912, "delta": 4.686411}}
{"target": 0.8442524459016056, "params": {"max_depth": 25.035752084958574, "n_estimators": 64.34422275847342}, "datetime": {"datetime": "2021-09-21 13:29:51", "elapsed": 718.346305, "delta": 4.260393}}
{"target": 0.8463400251701998, "params": {"max_depth": 22.12737841564597, "n_estimators": 66.44698830722515}, "datetime": {"datetime": "2021-09-21 13:29:57", "elapsed": 724.444091, "delta": 6.097786}}
{"target": 0.8445475061313543, "params": {"max_depth": 20.768538839591827, "n_estimators": 64.99337762978898}, "datetime": {"datetime": "2021-09-21 13:30:03", "elapsed": 729.952996, "delta": 5.508905}}
{"target": 0.8452434478119845, "params": {"max_depth": 12.057513128421729, "n_estimators": 68.64624252089227}, "datetime": {"datetime": "2021-09-21 13:30:08", "elapsed": 734.816833, "delta": 4.863837}}
{"target": 0.8390313553354574, "params": {"max_depth": 13.127172063603636, "n_estimators": 25.212422126408168}, "datetime": {"datetime": "2021-09-21 13:30:11", "elapsed": 738.208938, "delta": 3.392105}}
{"target": 0.8377275607332986, "params": {"max_depth": 9.271832036073084, "n_estimators": 96.18990034750124}, "datetime": {"datetime": "2021-09-21 13:30:16", "elapsed": 743.158937, "delta": 4.949999}}
{"target": 0.8428501009032626, "params": {"max_depth": 22.638106086618773, "n_estimators": 97.64301370064601}, "datetime": {"datetime": "2021-09-21 13:30:22", "elapsed": 748.602014, "delta": 5.443077}}
{"target": 0.8434152895567159, "params": {"max_depth": 19.155508073226514, "n_estimators": 63.169340532332875}, "datetime": {"datetime": "2021-09-21 13:30:26", "elapsed": 753.446169, "delta": 4.844155}}
{"target": 0.846562761195343, "params": {"max_depth": 16.938204710573594, "n_estimators": 66.54361050768293}, "datetime": {"datetime": "2021-09-21 13:30:33", "elapsed": 760.26279, "delta": 6.816621}}
{"target": 0.8472688152784879, "params": {"max_depth": 17.918560750626437, "n_estimators": 67.46855336351693}, "datetime": {"datetime": "2021-09-21 13:30:39", "elapsed": 765.985965, "delta": 5.723175}}
{"target": 0.8430099099426076, "params": {"max_depth": 18.800529190209957, "n_estimators": 75.90300858853935}, "datetime": {"datetime": "2021-09-21 13:30:44", "elapsed": 770.675805, "delta": 4.68984}}
{"target": 0.8466850640334767, "params": {"max_depth": 20.43335061059278, "n_estimators": 68.46400249868022}, "datetime": {"datetime": "2021-09-21 13:30:48", "elapsed": 775.506115, "delta": 4.83031}}
{"target": 0.8418410916563147, "params": {"max_depth": 28.649548255946215, "n_estimators": 92.33164774439318}, "datetime": {"datetime": "2021-09-21 13:30:54", "elapsed": 780.559799, "delta": 5.053684}}
{"target": 0.8468931568352174, "params": {"max_depth": 21.448030241528656, "n_estimators": 67.74523602333616}, "datetime": {"datetime": "2021-09-21 13:30:58", "elapsed": 785.032231, "delta": 4.472432}}
{"target": 0.8414250465522377, "params": {"max_depth": 23.63876931152252, "n_estimators": 43.85271198399685}, "datetime": {"datetime": "2021-09-21 13:31:02", "elapsed": 788.987638, "delta": 3.955407}}
{"target": 0.8468931568352174, "params": {"max_depth": 23.33243966169176, "n_estimators": 67.94716256844582}, "datetime": {"datetime": "2021-09-21 13:31:06", "elapsed": 792.979095, "delta": 3.991457}}
{"target": 0.8416507413264748, "params": {"max_depth": 16.185761442293213, "n_estimators": 83.41684347754475}, "datetime": {"datetime": "2021-09-21 13:31:11", "elapsed": 798.251431, "delta": 5.272336}}
{"target": 0.8457559473939658, "params": {"max_depth": 16.811869456003933, "n_estimators": 69.51607363480892}, "datetime": {"datetime": "2021-09-21 13:31:17", "elapsed": 803.780593, "delta": 5.529162}}
{"target": 0.8472688152784879, "params": {"max_depth": 17.652184187718802, "n_estimators": 67.29692448128745}, "datetime": {"datetime": "2021-09-21 13:31:21", "elapsed": 807.986119, "delta": 4.205526}}
{"target": 0.8472688152784879, "params": {"max_depth": 17.921444465935107, "n_estimators": 67.87183133660564}, "datetime": {"datetime": "2021-09-21 13:31:26", "elapsed": 812.561871, "delta": 4.575752}}
{"target": 0.8468931568352174, "params": {"max_depth": 24.16602109138138, "n_estimators": 67.07974169925278}, "datetime": {"datetime": "2021-09-21 13:31:31", "elapsed": 818.369586, "delta": 5.807715}}
{"target": 0.8419831554681039, "params": {"max_depth": 18.18362982162641, "n_estimators": 57.213815631908645}, "datetime": {"datetime": "2021-09-21 13:31:37", "elapsed": 824.283596, "delta": 5.91401}}
{"target": 0.8425837103141651, "params": {"max_depth": 25.65865416490666, "n_estimators": 96.25043417339971}, "datetime": {"datetime": "2021-09-21 13:31:44", "elapsed": 831.324951, "delta": 7.041355}}
{"target": 0.8468931568352174, "params": {"max_depth": 28.001639553383608, "n_estimators": 67.15739735571104}, "datetime": {"datetime": "2021-09-21 13:31:50", "elapsed": 836.745751, "delta": 5.4208}}
{"target": 0.8427187596353257, "params": {"max_depth": 23.83235789238793, "n_estimators": 87.41168540667117}, "datetime": {"datetime": "2021-09-21 13:31:55", "elapsed": 842.184494, "delta": 5.438743}}
{"target": 0.8465494305826655, "params": {"max_depth": 14.73814460566606, "n_estimators": 66.77916305842373}, "datetime": {"datetime": "2021-09-21 13:32:00", "elapsed": 847.253499, "delta": 5.069005}}
{"target": 0.8470961068961301, "params": {"max_depth": 14.611632521119338, "n_estimators": 67.45219048338254}, "datetime": {"datetime": "2021-09-21 13:32:07", "elapsed": 853.582925, "delta": 6.329426}}
{"target": 0.8443112452619664, "params": {"max_depth": 12.719224721187889, "n_estimators": 70.32323098791633}, "datetime": {"datetime": "2021-09-21 13:32:13", "elapsed": 860.18677, "delta": 6.603845}}
{"target": 0.8468931568352174, "params": {"max_depth": 29.43534266068743, "n_estimators": 67.30071187743945}, "datetime": {"datetime": "2021-09-21 13:32:18", "elapsed": 864.712228, "delta": 4.525458}}
{"target": 0.8464496216877524, "params": {"max_depth": 19.849363501982026, "n_estimators": 67.36064562864404}, "datetime": {"datetime": "2021-09-21 13:32:25", "elapsed": 871.825966, "delta": 7.113738}}
{"target": 0.8465065669568337, "params": {"max_depth": 18.175493959670636, "n_estimators": 67.80434040463253}, "datetime": {"datetime": "2021-09-21 13:32:31", "elapsed": 878.022233, "delta": 6.196267}}
{"target": 0.8459647611228833, "params": {"max_depth": 18.627160317529246, "n_estimators": 66.12384556010929}, "datetime": {"datetime": "2021-09-21 13:32:36", "elapsed": 882.768804, "delta": 4.746571}}
{"target": 0.8167482460828792, "params": {"max_depth": 26.023980098578885, "n_estimators": 8.727627224826234}, "datetime": {"datetime": "2021-09-21 13:32:40", "elapsed": 887.03078, "delta": 4.261976}}
{"target": 0.8421893314758144, "params": {"max_depth": 18.53596253662775, "n_estimators": 86.69444490699664}, "datetime": {"datetime": "2021-09-21 13:32:47", "elapsed": 894.489573, "delta": 7.458793}}
{"target": 0.8357315921019395, "params": {"max_depth": 10.18091120098991, "n_estimators": 49.43111810023004}, "datetime": {"datetime": "2021-09-21 13:32:53", "elapsed": 899.921099, "delta": 5.431526}}
{"target": 0.843629190471557, "params": {"max_depth": 17.1956165877014, "n_estimators": 21.718508799561413}, "datetime": {"datetime": "2021-09-21 13:32:59", "elapsed": 905.963981, "delta": 6.042882}}
{"target": 0.8167834190458155, "params": {"max_depth": 18.60999876340078, "n_estimators": 9.15804841869238}, "datetime": {"datetime": "2021-09-21 13:33:04", "elapsed": 910.564131, "delta": 4.60015}}
{"target": 0.8447978476359304, "params": {"max_depth": 28.872494783413966, "n_estimators": 99.97954779086166}, "datetime": {"datetime": "2021-09-21 13:33:12", "elapsed": 918.886709, "delta": 8.322578}}
{"target": 0.8415113384581826, "params": {"max_depth": 28.361150948857297, "n_estimators": 82.51852210977712}, "datetime": {"datetime": "2021-09-21 13:33:17", "elapsed": 924.034647, "delta": 5.147938}}
{"target": 0.8435550321023848, "params": {"max_depth": 25.835699930877286, "n_estimators": 56.05379172730055}, "datetime": {"datetime": "2021-09-21 13:33:25", "elapsed": 932.175751, "delta": 8.141104}}
{"target": 0.8471734312972383, "params": {"max_depth": 20.438999604386716, "n_estimators": 67.81463468492574}, "datetime": {"datetime": "2021-09-21 13:33:32", "elapsed": 938.902229, "delta": 6.726478}}
