{"target": 0.8420099347702994, "params": {"max_depth": 21.403221703993324, "n_estimators": 22.89346071903617}, "datetime": {"datetime": "2021-09-21 13:19:08", "elapsed": 74.59403, "delta": 0.576018}}
{"target": 0.839361160947711, "params": {"max_depth": 13.474032816994042, "n_estimators": 92.93880499437337}, "datetime": {"datetime": "2021-09-21 13:19:09", "elapsed": 75.664862, "delta": 1.070832}}
{"target": 0.8399392666137538, "params": {"max_depth": 10.171065693883698, "n_estimators": 29.735635964125745}, "datetime": {"datetime": "2021-09-21 13:19:09", "elapsed": 76.241861, "delta": 0.576999}}
{"target": 0.8313333259513878, "params": {"max_depth": 8.574027889381918, "n_estimators": 43.38461976525042}, "datetime": {"datetime": "2021-09-21 13:19:10", "elapsed": 76.98686, "delta": 0.744999}}
{"target": 0.8425837103141651, "params": {"max_depth": 29.997554562404876, "n_estimators": 96.21974163287705}, "datetime": {"datetime": "2021-09-21 13:19:11", "elapsed": 78.050859, "delta": 1.063999}}
{"target": 0.8424843882769759, "params": {"max_depth": 16.585008267726494, "n_estimators": 87.50116630243004}, "datetime": {"datetime": "2021-09-21 13:19:12", "elapsed": 79.199903, "delta": 1.149044}}
{"target": 0.8463400251701998, "params": {"max_depth": 27.076912394122846, "n_estimators": 66.71466784158984}, "datetime": {"datetime": "2021-09-21 13:19:13", "elapsed": 80.057902, "delta": 0.857999}}
{"target": 0.8424660607472003, "params": {"max_depth": 27.02244457090551, "n_estimators": 54.6073119336685}, "datetime": {"datetime": "2021-09-21 13:19:14", "elapsed": 80.820863, "delta": 0.762961}}
{"target": 0.8392486421964902, "params": {"max_depth": 11.140334044168403, "n_estimators": 76.89897802592672}, "datetime": {"datetime": "2021-09-21 13:19:15", "elapsed": 81.797051, "delta": 0.976188}}
{"target": 0.8326809710150338, "params": {"max_depth": 26.549110907486877, "n_estimators": 16.749386545311197}, "datetime": {"datetime": "2021-09-21 13:19:15", "elapsed": 82.377093, "delta": 0.580042}}
{"target": 0.8414343319458713, "params": {"max_depth": 27.149058056949187, "n_estimators": 59.325679701729186}, "datetime": {"datetime": "2021-09-21 13:19:16", "elapsed": 83.216674, "delta": 0.839581}}
{"target": 0.8445772247388609, "params": {"max_depth": 27.17281162421864, "n_estimators": 32.49263742379365}, "datetime": {"datetime": "2021-09-21 13:19:17", "elapsed": 83.880674, "delta": 0.664}}
{"target": 0.8422062180339178, "params": {"max_depth": 23.217500034697746, "n_estimators": 89.01839046866712}, "datetime": {"datetime": "2021-09-21 13:19:18", "elapsed": 84.849728, "delta": 0.969054}}
{"target": 0.8429988920021376, "params": {"max_depth": 20.857288037430717, "n_estimators": 57.96714494873986}, "datetime": {"datetime": "2021-09-21 13:19:19", "elapsed": 85.664771, "delta": 0.815043}}
{"target": 0.8410129460489094, "params": {"max_depth": 12.081666505522666, "n_estimators": 97.02382756193087}, "datetime": {"datetime": "2021-09-21 13:19:20", "elapsed": 86.785795, "delta": 1.121024}}
{"target": 0.8455486319973382, "params": {"max_depth": 19.341656636540204, "n_estimators": 65.17916281114536}, "datetime": {"datetime": "2021-09-21 13:19:21", "elapsed": 87.649794, "delta": 0.863999}}
{"target": 0.8404330924458696, "params": {"max_depth": 20.428924290420515, "n_estimators": 47.84086192665835}, "datetime": {"datetime": "2021-09-21 13:19:21", "elapsed": 88.425371, "delta": 0.775577}}
{"target": 0.8364486578776358, "params": {"max_depth": 29.869017894574483, "n_estimators": 18.764358764308987}, "datetime": {"datetime": "2021-09-21 13:19:22", "elapsed": 88.981331, "delta": 0.55596}}
{"target": 0.8395325535383438, "params": {"max_depth": 18.533681787472947, "n_estimators": 31.61920791524842}, "datetime": {"datetime": "2021-09-21 13:19:23", "elapsed": 89.57337, "delta": 0.592039}}
{"target": 0.8414647719357702, "params": {"max_depth": 26.900303340776652, "n_estimators": 91.46526696120362}, "datetime": {"datetime": "2021-09-21 13:19:24", "elapsed": 90.685396, "delta": 1.112026}}
{"target": 0.8398347437834917, "params": {"max_depth": 13.102133969087781, "n_estimators": 80.25135672398474}, "datetime": {"datetime": "2021-09-21 13:19:25", "elapsed": 91.652396, "delta": 0.967}}
{"target": 0.8402020754436759, "params": {"max_depth": 30.0, "n_estimators": 53.960461516199686}, "datetime": {"datetime": "2021-09-21 13:19:25", "elapsed": 92.477363, "delta": 0.824967}}
{"target": 0.843956274736063, "params": {"max_depth": 22.57649817339684, "n_estimators": 33.79097587730636}, "datetime": {"datetime": "2021-09-21 13:19:26", "elapsed": 93.140409, "delta": 0.663046}}
{"target": 0.8417806286097737, "params": {"max_depth": 27.189825529222084, "n_estimators": 80.6756582530479}, "datetime": {"datetime": "2021-09-21 13:19:27", "elapsed": 94.169452, "delta": 1.029043}}
{"target": 0.8451627073129638, "params": {"max_depth": 23.099046534498253, "n_estimators": 70.57479262007179}, "datetime": {"datetime": "2021-09-21 13:19:28", "elapsed": 95.126995, "delta": 0.957543}}
{"target": 0.8420463842635142, "params": {"max_depth": 14.89863928086169, "n_estimators": 54.554142170944225}, "datetime": {"datetime": "2021-09-21 13:19:29", "elapsed": 95.903997, "delta": 0.777002}}
{"target": 0.8457174645907214, "params": {"max_depth": 30.0, "n_estimators": 69.95177062694744}, "datetime": {"datetime": "2021-09-21 13:19:30", "elapsed": 96.893034, "delta": 0.989037}}
{"target": 0.8372795902064468, "params": {"max_depth": 12.186363779485607, "n_estimators": 50.6113232857288}, "datetime": {"datetime": "2021-09-21 13:19:31", "elapsed": 97.648994, "delta": 0.75596}}
{"target": 0.8425007805685545, "params": {"max_depth": 23.55902258219309, "n_estimators": 61.06864364463946}, "datetime": {"datetime": "2021-09-21 13:19:31", "elapsed": 98.512492, "delta": 0.863498}}
{"target": 0.8399849176013735, "params": {"max_depth": 27.07289285539123, "n_estimators": 46.203720310050784}, "datetime": {"datetime": "2021-09-21 13:19:32", "elapsed": 99.30286, "delta": 0.790368}}
{"target": 0.8447306820533451, "params": {"max_depth": 15.345919304054764, "n_estimators": 69.76005134345041}, "datetime": {"datetime": "2021-09-21 13:19:33", "elapsed": 100.31946, "delta": 1.0166}}
{"target": 0.8455820605275935, "params": {"max_depth": 12.58460473852885, "n_estimators": 65.16434162182532}, "datetime": {"datetime": "2021-09-21 13:19:34", "elapsed": 101.241244, "delta": 0.921784}}
{"target": 0.8426025167691706, "params": {"max_depth": 12.429048495281627, "n_estimators": 61.00659523612639}, "datetime": {"datetime": "2021-09-21 13:19:35", "elapsed": 102.171475, "delta": 0.930231}}
{"target": 0.8410900474748361, "params": {"max_depth": 27.576875944155276, "n_estimators": 24.854423461272933}, "datetime": {"datetime": "2021-09-21 13:19:36", "elapsed": 102.85801, "delta": 0.686535}}
{"target": 0.8417444580277096, "params": {"max_depth": 21.02911256879202, "n_estimators": 83.93297022543152}, "datetime": {"datetime": "2021-09-21 13:19:37", "elapsed": 103.908793, "delta": 1.050783}}
{"target": 0.8397989520210187, "params": {"max_depth": 29.918740519459117, "n_estimators": 48.46919888049763}, "datetime": {"datetime": "2021-09-21 13:19:38", "elapsed": 104.708261, "delta": 0.799468}}
{"target": 0.8363272464725571, "params": {"max_depth": 7.975288637108255, "n_estimators": 21.784920253146762}, "datetime": {"datetime": "2021-09-21 13:19:38", "elapsed": 105.367988, "delta": 0.659727}}
{"target": 0.8440960650996931, "params": {"max_depth": 27.328748411337653, "n_estimators": 100.0}, "datetime": {"datetime": "2021-09-21 13:19:40", "elapsed": 106.563047, "delta": 1.195059}}
{"target": 0.8414009481706273, "params": {"max_depth": 27.557672894821305, "n_estimators": 84.44768928675758}, "datetime": {"datetime": "2021-09-21 13:19:41", "elapsed": 107.754047, "delta": 1.191}}
{"target": 0.8413896546921887, "params": {"max_depth": 13.760209230546012, "n_estimators": 75.22723791515651}, "datetime": {"datetime": "2021-09-21 13:19:42", "elapsed": 108.885072, "delta": 1.131025}}
{"target": 0.8417991806736063, "params": {"max_depth": 15.661332952915886, "n_estimators": 24.190735667901418}, "datetime": {"datetime": "2021-09-21 13:19:43", "elapsed": 109.695294, "delta": 0.810222}}
{"target": 0.8412298669546341, "params": {"max_depth": 26.885181473433427, "n_estimators": 28.95180245332431}, "datetime": {"datetime": "2021-09-21 13:19:43", "elapsed": 110.382627, "delta": 0.687333}}
{"target": 0.8286881090422498, "params": {"max_depth": 30.0, "n_estimators": 12.044277951676756}, "datetime": {"datetime": "2021-09-21 13:19:44", "elapsed": 111.152709, "delta": 0.770082}}
{"target": 0.8436469400920422, "params": {"max_depth": 20.25982957697395, "n_estimators": 72.89991179280479}, "datetime": {"datetime": "2021-09-21 13:19:45", "elapsed": 112.423831, "delta": 1.271122}}
{"target": 0.8424660607472003, "params": {"max_depth": 21.847116520619355, "n_estimators": 54.964408689301656}, "datetime": {"datetime": "2021-09-21 13:19:46", "elapsed": 113.3932, "delta": 0.969369}}
{"target": 0.8425278138152791, "params": {"max_depth": 23.900325312503522, "n_estimators": 42.247461582039264}, "datetime": {"datetime": "2021-09-21 13:19:47", "elapsed": 114.33338, "delta": 0.94018}}
{"target": 0.8431241880925697, "params": {"max_depth": 23.96726745679669, "n_estimators": 85.83575905941662}, "datetime": {"datetime": "2021-09-21 13:19:49", "elapsed": 115.615759, "delta": 1.282379}}
{"target": 0.8465494305826655, "params": {"max_depth": 14.250751843598854, "n_estimators": 66.36996948053941}, "datetime": {"datetime": "2021-09-21 13:19:50", "elapsed": 116.7263, "delta": 1.110541}}
{"target": 0.8420577380874716, "params": {"max_depth": 18.31933815323198, "n_estimators": 78.04110017762005}, "datetime": {"datetime": "2021-09-21 13:19:51", "elapsed": 117.946561, "delta": 1.220261}}
{"target": 0.8407032645643577, "params": {"max_depth": 18.273689994538497, "n_estimators": 37.88572746324144}, "datetime": {"datetime": "2021-09-21 13:19:52", "elapsed": 118.813219, "delta": 0.866658}}
{"target": 0.8425837103141651, "params": {"max_depth": 23.75384925446106, "n_estimators": 96.45963170760994}, "datetime": {"datetime": "2021-09-21 13:19:53", "elapsed": 120.07558, "delta": 1.262361}}
{"target": 0.8442302199813303, "params": {"max_depth": 22.665666251848613, "n_estimators": 63.99700386251576}, "datetime": {"datetime": "2021-09-21 13:19:54", "elapsed": 121.04696, "delta": 0.97138}}
{"target": 0.8414844965491614, "params": {"max_depth": 12.199307502602142, "n_estimators": 31.728492440133223}, "datetime": {"datetime": "2021-09-21 13:19:55", "elapsed": 121.911229, "delta": 0.864269}}
{"target": 0.8433784865787051, "params": {"max_depth": 16.27305403107084, "n_estimators": 34.03146855135331}, "datetime": {"datetime": "2021-09-21 13:19:56", "elapsed": 122.793265, "delta": 0.882036}}
{"target": 0.8416693109405853, "params": {"max_depth": 21.683485967442547, "n_estimators": 36.66895293811417}, "datetime": {"datetime": "2021-09-21 13:19:57", "elapsed": 123.662065, "delta": 0.8688}}
{"target": 0.8420475448215629, "params": {"max_depth": 27.152113837117337, "n_estimators": 94.52583702672817}, "datetime": {"datetime": "2021-09-21 13:19:58", "elapsed": 124.871968, "delta": 1.209903}}
{"target": 0.8414365250237177, "params": {"max_depth": 17.55685020034214, "n_estimators": 84.78167385873729}, "datetime": {"datetime": "2021-09-21 13:19:59", "elapsed": 126.15848, "delta": 1.286512}}
{"target": 0.8405601390547576, "params": {"max_depth": 24.231971869574476, "n_estimators": 21.711816029456493}, "datetime": {"datetime": "2021-09-21 13:20:00", "elapsed": 126.805387, "delta": 0.646907}}
{"target": 0.8471734312972383, "params": {"max_depth": 20.546218383829917, "n_estimators": 67.47624263078556}, "datetime": {"datetime": "2021-09-21 13:20:01", "elapsed": 127.898695, "delta": 1.093308}}
{"target": 0.8391830402760838, "params": {"max_depth": 13.363658217880818, "n_estimators": 39.64048026334918}, "datetime": {"datetime": "2021-09-21 13:20:02", "elapsed": 128.750554, "delta": 0.851859}}
{"target": 0.8442524459016056, "params": {"max_depth": 28.77742733203931, "n_estimators": 64.76516456468858}, "datetime": {"datetime": "2021-09-21 13:20:03", "elapsed": 129.875348, "delta": 1.124794}}
{"target": 0.8416387181527882, "params": {"max_depth": 20.74716366930897, "n_estimators": 90.84712204772491}, "datetime": {"datetime": "2021-09-21 13:20:04", "elapsed": 131.225776, "delta": 1.350428}}
{"target": 0.8323649640659698, "params": {"max_depth": 9.813684393136269, "n_estimators": 26.38901140373423}, "datetime": {"datetime": "2021-09-21 13:20:05", "elapsed": 131.89743, "delta": 0.671654}}
{"target": 0.8372329394415599, "params": {"max_depth": 13.544283521991932, "n_estimators": 47.37264906720152}, "datetime": {"datetime": "2021-09-21 13:20:06", "elapsed": 132.883623, "delta": 0.986193}}
{"target": 0.8464098756033576, "params": {"max_depth": 25.432511277333575, "n_estimators": 68.72729710854473}, "datetime": {"datetime": "2021-09-21 13:20:07", "elapsed": 134.02944, "delta": 1.145817}}
{"target": 0.8422590972703967, "params": {"max_depth": 18.035404983594326, "n_estimators": 97.91474300623854}, "datetime": {"datetime": "2021-09-21 13:20:08", "elapsed": 135.408649, "delta": 1.379209}}
{"target": 0.8441759360278944, "params": {"max_depth": 28.762962885963727, "n_estimators": 34.584122664349835}, "datetime": {"datetime": "2021-09-21 13:20:09", "elapsed": 136.210652, "delta": 0.802003}}
{"target": 0.8421544818065901, "params": {"max_depth": 16.93041142511745, "n_estimators": 42.941241796434326}, "datetime": {"datetime": "2021-09-21 13:20:10", "elapsed": 137.233859, "delta": 1.023207}}
{"target": 0.8457174645907214, "params": {"max_depth": 28.307738833764414, "n_estimators": 69.12221389054872}, "datetime": {"datetime": "2021-09-21 13:20:11", "elapsed": 138.374498, "delta": 1.140639}}
{"target": 0.8397507938849685, "params": {"max_depth": 18.856609479663064, "n_estimators": 24.60189193449542}, "datetime": {"datetime": "2021-09-21 13:20:12", "elapsed": 139.276006, "delta": 0.901508}}
{"target": 0.8420977652149777, "params": {"max_depth": 27.668086766571705, "n_estimators": 38.34392551513285}, "datetime": {"datetime": "2021-09-21 13:20:13", "elapsed": 140.252353, "delta": 0.976347}}
{"target": 0.8428780227846578, "params": {"max_depth": 27.31990632102628, "n_estimators": 73.81268317212566}, "datetime": {"datetime": "2021-09-21 13:20:14", "elapsed": 141.438224, "delta": 1.185871}}
{"target": 0.8377829206073848, "params": {"max_depth": 19.332081298400485, "n_estimators": 20.307056818102662}, "datetime": {"datetime": "2021-09-21 13:20:15", "elapsed": 142.494263, "delta": 1.056039}}
{"target": 0.8421029504533365, "params": {"max_depth": 30.0, "n_estimators": 60.05549982531513}, "datetime": {"datetime": "2021-09-21 13:20:17", "elapsed": 143.589221, "delta": 1.094958}}
{"target": 0.8431241880925697, "params": {"max_depth": 29.969582597128987, "n_estimators": 85.38757266952126}, "datetime": {"datetime": "2021-09-21 13:20:18", "elapsed": 144.866223, "delta": 1.277002}}
{"target": 0.840876162725007, "params": {"max_depth": 15.556852154278, "n_estimators": 90.51452650147458}, "datetime": {"datetime": "2021-09-21 13:20:19", "elapsed": 146.135219, "delta": 1.268996}}
{"target": 0.8433196408005995, "params": {"max_depth": 30.0, "n_estimators": 75.76508115032928}, "datetime": {"datetime": "2021-09-21 13:20:20", "elapsed": 147.236222, "delta": 1.101003}}
{"target": 0.8402020754436759, "params": {"max_depth": 24.571132167435493, "n_estimators": 53.238835463309094}, "datetime": {"datetime": "2021-09-21 13:20:21", "elapsed": 148.357258, "delta": 1.121036}}
{"target": 0.8417806286097737, "params": {"max_depth": 21.239568959735188, "n_estimators": 80.12230509276085}, "datetime": {"datetime": "2021-09-21 13:20:23", "elapsed": 149.60223, "delta": 1.244972}}
{"target": 0.8414459369017752, "params": {"max_depth": 24.593692904903907, "n_estimators": 39.146092600039424}, "datetime": {"datetime": "2021-09-21 13:20:23", "elapsed": 150.50929, "delta": 0.90706}}
{"target": 0.8441309831156237, "params": {"max_depth": 21.703825195469626, "n_estimators": 98.80442479503255}, "datetime": {"datetime": "2021-09-21 13:20:25", "elapsed": 151.900797, "delta": 1.391507}}
{"target": 0.8435393139160552, "params": {"max_depth": 17.394623341999424, "n_estimators": 75.44236395845034}, "datetime": {"datetime": "2021-09-21 13:20:26", "elapsed": 153.001797, "delta": 1.101}}
{"target": 0.8419726678278064, "params": {"max_depth": 14.010828377680927, "n_estimators": 59.54815056781856}, "datetime": {"datetime": "2021-09-21 13:20:27", "elapsed": 154.015796, "delta": 1.013999}}
{"target": 0.8332853247637114, "params": {"max_depth": 8.614108424806286, "n_estimators": 32.906436770953974}, "datetime": {"datetime": "2021-09-21 13:20:28", "elapsed": 154.859793, "delta": 0.843997}}
{"target": 0.8398061698528304, "params": {"max_depth": 18.585396973415993, "n_estimators": 53.14874794752677}, "datetime": {"datetime": "2021-09-21 13:20:29", "elapsed": 155.902838, "delta": 1.043045}}
{"target": 0.8453590842591578, "params": {"max_depth": 18.187804329508324, "n_estimators": 69.15309871093639}, "datetime": {"datetime": "2021-09-21 13:20:30", "elapsed": 157.092797, "delta": 1.189959}}
{"target": 0.8421875705367278, "params": {"max_depth": 13.267577391883167, "n_estimators": 34.25915847894931}, "datetime": {"datetime": "2021-09-21 13:20:31", "elapsed": 158.025802, "delta": 0.933005}}
{"target": 0.8424877997425635, "params": {"max_depth": 15.948383686962245, "n_estimators": 30.15504116475389}, "datetime": {"datetime": "2021-09-21 13:20:32", "elapsed": 158.918797, "delta": 0.892995}}
{"target": 0.8413231131518963, "params": {"max_depth": 14.478246945907909, "n_estimators": 15.345447020347168}, "datetime": {"datetime": "2021-09-21 13:20:33", "elapsed": 159.749804, "delta": 0.831007}}
{"target": 0.8408715147258283, "params": {"max_depth": 13.680517169736492, "n_estimators": 86.31691104548169}, "datetime": {"datetime": "2021-09-21 13:20:34", "elapsed": 161.1468, "delta": 1.396996}}
{"target": 0.8463579076386314, "params": {"max_depth": 25.39710750929833, "n_estimators": 65.24844267020711}, "datetime": {"datetime": "2021-09-21 13:20:35", "elapsed": 162.270796, "delta": 1.123996}}
{"target": 0.8430846114560201, "params": {"max_depth": 13.118046916652718, "n_estimators": 63.1408886261051}, "datetime": {"datetime": "2021-09-21 13:20:36", "elapsed": 163.350831, "delta": 1.080035}}
{"target": 0.8442321633479961, "params": {"max_depth": 14.216848323373183, "n_estimators": 98.52438162491228}, "datetime": {"datetime": "2021-09-21 13:20:38", "elapsed": 164.700852, "delta": 1.350021}}
{"target": 0.8412298669546341, "params": {"max_depth": 22.474949453318445, "n_estimators": 28.236435549208846}, "datetime": {"datetime": "2021-09-21 13:20:39", "elapsed": 165.633859, "delta": 0.933007}}
{"target": 0.8444640147015213, "params": {"max_depth": 17.811499082879596, "n_estimators": 63.00848945552129}, "datetime": {"datetime": "2021-09-21 13:20:40", "elapsed": 166.930853, "delta": 1.296994}}
{"target": 0.8465587721844331, "params": {"max_depth": 17.054021319394757, "n_estimators": 65.62018101117515}, "datetime": {"datetime": "2021-09-21 13:20:42", "elapsed": 168.611857, "delta": 1.681004}}
{"target": 0.8464098756033576, "params": {"max_depth": 22.458203594912785, "n_estimators": 68.22837594035235}, "datetime": {"datetime": "2021-09-21 13:20:43", "elapsed": 170.323858, "delta": 1.712001}}
{"target": 0.8414389554205064, "params": {"max_depth": 18.874853555649313, "n_estimators": 40.907469957592085}, "datetime": {"datetime": "2021-09-21 13:20:45", "elapsed": 171.677854, "delta": 1.353996}}
{"target": 0.8417104666088061, "params": {"max_depth": 18.322615523368682, "n_estimators": 89.06533198652744}, "datetime": {"datetime": "2021-09-21 13:20:47", "elapsed": 173.70938, "delta": 2.031526}}
{"target": 0.8408445954070127, "params": {"max_depth": 18.668696298784997, "n_estimators": 59.152778203014975}, "datetime": {"datetime": "2021-09-21 13:20:48", "elapsed": 175.456443, "delta": 1.747063}}
{"target": 0.8417042768692538, "params": {"max_depth": 15.69177288098302, "n_estimators": 21.676369761286328}, "datetime": {"datetime": "2021-09-21 13:20:50", "elapsed": 176.664936, "delta": 1.208493}}
{"target": 0.843956274736063, "params": {"max_depth": 25.05743852510684, "n_estimators": 33.518664408390016}, "datetime": {"datetime": "2021-09-21 13:20:51", "elapsed": 178.063321, "delta": 1.398385}}
{"target": 0.8378530758320248, "params": {"max_depth": 11.848502563575451, "n_estimators": 83.52299038995854}, "datetime": {"datetime": "2021-09-21 13:20:53", "elapsed": 179.928432, "delta": 1.865111}}
{"target": 0.8375356276512367, "params": {"max_depth": 9.177392518025817, "n_estimators": 87.80074475682085}, "datetime": {"datetime": "2021-09-21 13:20:55", "elapsed": 181.837189, "delta": 1.908757}}
{"target": 0.8414250465522377, "params": {"max_depth": 26.888000627770165, "n_estimators": 43.59544180729309}, "datetime": {"datetime": "2021-09-21 13:20:56", "elapsed": 183.481222, "delta": 1.644033}}
{"target": 0.8441309831156237, "params": {"max_depth": 29.098350205737095, "n_estimators": 98.40626316010403}, "datetime": {"datetime": "2021-09-21 13:20:59", "elapsed": 185.572067, "delta": 2.090845}}
{"target": 0.8411184568190874, "params": {"max_depth": 16.21959273443848, "n_estimators": 81.30270722506057}, "datetime": {"datetime": "2021-09-21 13:21:00", "elapsed": 187.464312, "delta": 1.892245}}
{"target": 0.8410900474748361, "params": {"max_depth": 29.924992399574634, "n_estimators": 24.36599687164275}, "datetime": {"datetime": "2021-09-21 13:21:02", "elapsed": 188.913237, "delta": 1.448925}}
{"target": 0.8465065669568337, "params": {"max_depth": 18.54187385031359, "n_estimators": 67.0226250834967}, "datetime": {"datetime": "2021-09-21 13:21:04", "elapsed": 190.639451, "delta": 1.726214}}
