{"target": -2.416671826136631, "params": {"max_depth": 12.914086619620933, "n_estimators": 62.888398357822474}, "datetime": {"datetime": "2021-09-21 10:13:09", "elapsed": 295.421369, "delta": 1.861262}}
{"target": -2.3934711098398176, "params": {"max_depth": 25.11917456968434, "n_estimators": 92.99303094850164}, "datetime": {"datetime": "2021-09-21 10:13:11", "elapsed": 297.780301, "delta": 2.358932}}
{"target": -2.3853883449421986, "params": {"max_depth": 15.488663003407853, "n_estimators": 99.94537718538308}, "datetime": {"datetime": "2021-09-21 10:13:14", "elapsed": 300.415867, "delta": 2.635566}}
{"target": -2.3983147080028844, "params": {"max_depth": 26.371152135651222, "n_estimators": 73.23062180223872}, "datetime": {"datetime": "2021-09-21 10:13:16", "elapsed": 302.699911, "delta": 2.284044}}
{"target": -2.3708732057416277, "params": {"max_depth": 22.238384395634036, "n_estimators": 66.22996640814438}, "datetime": {"datetime": "2021-09-21 10:13:19", "elapsed": 305.617089, "delta": 2.917178}}
{"target": -2.4036777394305444, "params": {"max_depth": 28.274930056192247, "n_estimators": 61.60144143220781}, "datetime": {"datetime": "2021-09-21 10:13:22", "elapsed": 308.645322, "delta": 3.028233}}
{"target": -2.3681264728986653, "params": {"max_depth": 25.450348569341518, "n_estimators": 67.33517212870072}, "datetime": {"datetime": "2021-09-21 10:13:25", "elapsed": 311.230201, "delta": 2.584879}}
{"target": -2.3670941197124433, "params": {"max_depth": 19.642186853409736, "n_estimators": 67.25545447650232}, "datetime": {"datetime": "2021-09-21 10:13:27", "elapsed": 313.472288, "delta": 2.242087}}
{"target": -2.375657894736843, "params": {"max_depth": 22.26288000711012, "n_estimators": 68.23315543502136}, "datetime": {"datetime": "2021-09-21 10:13:29", "elapsed": 315.692655, "delta": 2.220367}}
{"target": -2.4042841478696753, "params": {"max_depth": 27.97251992356955, "n_estimators": 84.95465677412832}, "datetime": {"datetime": "2021-09-21 10:13:32", "elapsed": 318.370255, "delta": 2.6776}}
{"target": -2.373608368801689, "params": {"max_depth": 17.857240365451354, "n_estimators": 65.01044064515989}, "datetime": {"datetime": "2021-09-21 10:13:35", "elapsed": 321.197723, "delta": 2.827468}}
{"target": -2.4116866028708146, "params": {"max_depth": 29.987695771749152, "n_estimators": 55.869722990806196}, "datetime": {"datetime": "2021-09-21 10:13:37", "elapsed": 324.070056, "delta": 2.872333}}
{"target": -2.397663339382941, "params": {"max_depth": 23.64600282730287, "n_estimators": 58.388686464072}, "datetime": {"datetime": "2021-09-21 10:13:40", "elapsed": 326.708443, "delta": 2.638387}}
{"target": -2.3928878116343495, "params": {"max_depth": 25.818582893807584, "n_estimators": 95.3320847119547}, "datetime": {"datetime": "2021-09-21 10:13:44", "elapsed": 330.934217, "delta": 4.225774}}
{"target": -2.369585020242916, "params": {"max_depth": 24.063100892305652, "n_estimators": 65.33390116225945}, "datetime": {"datetime": "2021-09-21 10:13:47", "elapsed": 334.010812, "delta": 3.076595}}
{"target": -2.39988038277512, "params": {"max_depth": 21.79768967239341, "n_estimators": 77.53310352144064}, "datetime": {"datetime": "2021-09-21 10:13:50", "elapsed": 336.151381, "delta": 2.140569}}
{"target": -2.3969415243373033, "params": {"max_depth": 15.94531448995403, "n_estimators": 83.58015586986133}, "datetime": {"datetime": "2021-09-21 10:13:52", "elapsed": 338.841414, "delta": 2.690033}}
{"target": -2.3975137698898417, "params": {"max_depth": 24.214332125939244, "n_estimators": 86.9144369300357}, "datetime": {"datetime": "2021-09-21 10:13:54", "elapsed": 341.036179, "delta": 2.194765}}
{"target": -2.3880653782894745, "params": {"max_depth": 29.180414094112162, "n_estimators": 64.76362612836388}, "datetime": {"datetime": "2021-09-21 10:13:57", "elapsed": 343.814399, "delta": 2.77822}}
{"target": -2.396717755928283, "params": {"max_depth": 30.0, "n_estimators": 91.8511232150303}, "datetime": {"datetime": "2021-09-21 10:14:00", "elapsed": 346.906003, "delta": 3.091604}}
{"target": -2.3708732057416277, "params": {"max_depth": 27.095343901655152, "n_estimators": 66.30876809047221}, "datetime": {"datetime": "2021-09-21 10:14:04", "elapsed": 350.289801, "delta": 3.383798}}
{"target": -2.4018533376123243, "params": {"max_depth": 29.95937572509623, "n_estimators": 82.5182676347338}, "datetime": {"datetime": "2021-09-21 10:14:06", "elapsed": 352.718284, "delta": 2.428483}}
{"target": -2.3865511760331546, "params": {"max_depth": 14.883326414337288, "n_estimators": 68.51054486877987}, "datetime": {"datetime": "2021-09-21 10:14:09", "elapsed": 355.307551, "delta": 2.589267}}
{"target": -2.3708732057416277, "params": {"max_depth": 30.0, "n_estimators": 66.91846096710307}, "datetime": {"datetime": "2021-09-21 10:14:11", "elapsed": 357.754031, "delta": 2.44648}}
{"target": -2.386412848293829, "params": {"max_depth": 19.533136623716697, "n_estimators": 99.82684209346607}, "datetime": {"datetime": "2021-09-21 10:14:14", "elapsed": 360.446403, "delta": 2.692372}}
{"target": -2.4320416155183886, "params": {"max_depth": 18.195940557801503, "n_estimators": 49.6437422961331}, "datetime": {"datetime": "2021-09-21 10:14:16", "elapsed": 362.815795, "delta": 2.369392}}
{"target": -2.3983789204300625, "params": {"max_depth": 15.287974465679598, "n_estimators": 91.484785509388}, "datetime": {"datetime": "2021-09-21 10:14:19", "elapsed": 365.208862, "delta": 2.393067}}
{"target": -2.3861749444032623, "params": {"max_depth": 21.378179395673147, "n_estimators": 71.39080767513826}, "datetime": {"datetime": "2021-09-21 10:14:22", "elapsed": 368.344351, "delta": 3.135489}}
{"target": -2.396940267335005, "params": {"max_depth": 24.026005059788517, "n_estimators": 63.224286238972574}, "datetime": {"datetime": "2021-09-21 10:14:24", "elapsed": 370.821702, "delta": 2.477351}}
{"target": -2.386083512352309, "params": {"max_depth": 25.821717266586404, "n_estimators": 98.69276420316099}, "datetime": {"datetime": "2021-09-21 10:14:27", "elapsed": 373.81374, "delta": 2.992038}}
{"target": -2.403315443213297, "params": {"max_depth": 26.40911829066326, "n_estimators": 76.98668995510499}, "datetime": {"datetime": "2021-09-21 10:14:30", "elapsed": 376.826676, "delta": 3.012936}}
{"target": -2.4510915071770345, "params": {"max_depth": 23.83067439765344, "n_estimators": 44.04099322322506}, "datetime": {"datetime": "2021-09-21 10:14:33", "elapsed": 379.475194, "delta": 2.648518}}
{"target": -2.3708732057416277, "params": {"max_depth": 24.39115864416052, "n_estimators": 66.55031044622241}, "datetime": {"datetime": "2021-09-21 10:14:35", "elapsed": 381.894935, "delta": 2.419741}}
{"target": -2.3711618615055, "params": {"max_depth": 15.565862809069014, "n_estimators": 65.05169638599378}, "datetime": {"datetime": "2021-09-21 10:14:38", "elapsed": 384.526698, "delta": 2.631763}}
{"target": -2.4061816473000692, "params": {"max_depth": 20.568882310299298, "n_estimators": 55.42722079564746}, "datetime": {"datetime": "2021-09-21 10:14:40", "elapsed": 386.888462, "delta": 2.361764}}
{"target": -2.3954390956458136, "params": {"max_depth": 19.311469407117738, "n_estimators": 95.3583434846806}, "datetime": {"datetime": "2021-09-21 10:14:44", "elapsed": 390.144818, "delta": 3.256356}}
{"target": -2.3658670824789256, "params": {"max_depth": 20.42591727551018, "n_estimators": 66.57829004963352}, "datetime": {"datetime": "2021-09-21 10:14:47", "elapsed": 393.181806, "delta": 3.036988}}
{"target": -2.390306750541126, "params": {"max_depth": 18.70947602501983, "n_estimators": 88.38872626044777}, "datetime": {"datetime": "2021-09-21 10:14:50", "elapsed": 396.523405, "delta": 3.341599}}
{"target": -2.3928878116343495, "params": {"max_depth": 28.39943589108511, "n_estimators": 95.29132742688356}, "datetime": {"datetime": "2021-09-21 10:14:53", "elapsed": 399.914467, "delta": 3.391062}}
{"target": -2.3744368474447812, "params": {"max_depth": 17.300025823571666, "n_estimators": 68.65926985580855}, "datetime": {"datetime": "2021-09-21 10:14:56", "elapsed": 402.39254, "delta": 2.478073}}
{"target": -2.3942104073474835, "params": {"max_depth": 20.480324917015892, "n_estimators": 79.35132792791586}, "datetime": {"datetime": "2021-09-21 10:14:59", "elapsed": 405.673421, "delta": 3.280881}}
{"target": -2.3623336389837646, "params": {"max_depth": 16.187814749205632, "n_estimators": 67.1514645030599}, "datetime": {"datetime": "2021-09-21 10:15:02", "elapsed": 408.730756, "delta": 3.057335}}
{"target": -2.38267937639237, "params": {"max_depth": 18.673443580776475, "n_estimators": 72.32235498575395}, "datetime": {"datetime": "2021-09-21 10:15:05", "elapsed": 411.666043, "delta": 2.935287}}
{"target": -2.364892920595161, "params": {"max_depth": 16.135778527543465, "n_estimators": 66.2519423711648}, "datetime": {"datetime": "2021-09-21 10:15:08", "elapsed": 414.837976, "delta": 3.171933}}
{"target": -2.3861749444032623, "params": {"max_depth": 23.604619480621206, "n_estimators": 71.03885436163037}, "datetime": {"datetime": "2021-09-21 10:15:11", "elapsed": 417.482452, "delta": 2.644476}}
{"target": -2.4042841478696753, "params": {"max_depth": 25.632722661953434, "n_estimators": 84.75126505331272}, "datetime": {"datetime": "2021-09-21 10:15:15", "elapsed": 421.092212, "delta": 3.60976}}
{"target": -2.3708732057416277, "params": {"max_depth": 28.696742230942736, "n_estimators": 66.35634458476353}, "datetime": {"datetime": "2021-09-21 10:15:17", "elapsed": 423.96888, "delta": 2.876668}}
{"target": -2.436763157894738, "params": {"max_depth": 29.98260581457839, "n_estimators": 50.26275591164304}, "datetime": {"datetime": "2021-09-21 10:15:20", "elapsed": 426.375539, "delta": 2.406659}}
{"target": -2.395424641148326, "params": {"max_depth": 27.839989509216213, "n_estimators": 88.8595519807746}, "datetime": {"datetime": "2021-09-21 10:15:25", "elapsed": 431.966604, "delta": 5.591065}}
{"target": -2.393263125275341, "params": {"max_depth": 15.454453635062373, "n_estimators": 95.2843853619098}, "datetime": {"datetime": "2021-09-21 10:15:30", "elapsed": 436.603318, "delta": 4.636714}}
{"target": -2.375657894736843, "params": {"max_depth": 24.4834829194451, "n_estimators": 68.10605945028108}, "datetime": {"datetime": "2021-09-21 10:15:33", "elapsed": 439.726761, "delta": 3.123443}}
{"target": -2.382819548872181, "params": {"max_depth": 26.579467472568812, "n_estimators": 70.5518360020917}, "datetime": {"datetime": "2021-09-21 10:15:38", "elapsed": 444.896355, "delta": 5.169594}}
{"target": -2.3681264728986653, "params": {"max_depth": 21.506943294218157, "n_estimators": 67.08045202202818}, "datetime": {"datetime": "2021-09-21 10:15:42", "elapsed": 448.465451, "delta": 3.569096}}
{"target": -2.394316554706439, "params": {"max_depth": 18.57268186450591, "n_estimators": 61.34401795312993}, "datetime": {"datetime": "2021-09-21 10:15:45", "elapsed": 452.006066, "delta": 3.540615}}
{"target": -2.384690425042198, "params": {"max_depth": 20.00222779614335, "n_estimators": 98.53432030562574}, "datetime": {"datetime": "2021-09-21 10:15:50", "elapsed": 456.120174, "delta": 4.114108}}
{"target": -2.374331125691904, "params": {"max_depth": 19.384441422129974, "n_estimators": 68.45041699276477}, "datetime": {"datetime": "2021-09-21 10:15:53", "elapsed": 459.696892, "delta": 3.576718}}
{"target": -2.3835184708236596, "params": {"max_depth": 16.58016211271139, "n_estimators": 64.42029630084569}, "datetime": {"datetime": "2021-09-21 10:15:57", "elapsed": 463.648976, "delta": 3.952084}}
{"target": -2.439932969215493, "params": {"max_depth": 25.599472093366384, "n_estimators": 53.97566046380397}, "datetime": {"datetime": "2021-09-21 10:16:00", "elapsed": 466.61815, "delta": 2.969174}}
{"target": -2.375657894736843, "params": {"max_depth": 26.160170224769896, "n_estimators": 68.1219865007769}, "datetime": {"datetime": "2021-09-21 10:16:03", "elapsed": 469.270221, "delta": 2.652071}}
{"target": -2.3681264728986653, "params": {"max_depth": 28.106082514193467, "n_estimators": 67.61182443747349}, "datetime": {"datetime": "2021-09-21 10:16:06", "elapsed": 472.3225, "delta": 3.052279}}
{"target": -2.4019548435836824, "params": {"max_depth": 14.749597861201835, "n_estimators": 87.31402727271923}, "datetime": {"datetime": "2021-09-21 10:16:10", "elapsed": 476.708193, "delta": 4.385693}}
{"target": -2.3705823058520434, "params": {"max_depth": 19.242014838110112, "n_estimators": 65.66092467533785}, "datetime": {"datetime": "2021-09-21 10:16:14", "elapsed": 480.350461, "delta": 3.642268}}
{"target": -2.3877565789473683, "params": {"max_depth": 25.556604566259356, "n_estimators": 100.0}, "datetime": {"datetime": "2021-09-21 10:16:17", "elapsed": 483.755997, "delta": 3.405536}}
{"target": -2.363698474405712, "params": {"max_depth": 18.525001542134078, "n_estimators": 66.90968812994498}, "datetime": {"datetime": "2021-09-21 10:16:20", "elapsed": 486.410708, "delta": 2.654711}}
{"target": -2.400994403446889, "params": {"max_depth": 18.79804872806065, "n_estimators": 81.41058166243033}, "datetime": {"datetime": "2021-09-21 10:16:24", "elapsed": 490.193531, "delta": 3.782823}}
{"target": -2.3721470549431083, "params": {"max_depth": 17.911907289700483, "n_estimators": 66.35351161199887}, "datetime": {"datetime": "2021-09-21 10:16:26", "elapsed": 493.029478, "delta": 2.835947}}
{"target": -2.363698474405712, "params": {"max_depth": 18.996666642871485, "n_estimators": 66.65437544548611}, "datetime": {"datetime": "2021-09-21 10:16:31", "elapsed": 497.943237, "delta": 4.913759}}
{"target": -2.39988038277512, "params": {"max_depth": 28.333304669100656, "n_estimators": 77.3968726155941}, "datetime": {"datetime": "2021-09-21 10:16:36", "elapsed": 502.097448, "delta": 4.154211}}
{"target": -2.3623336389837646, "params": {"max_depth": 16.536990804634986, "n_estimators": 67.60210957707059}, "datetime": {"datetime": "2021-09-21 10:16:39", "elapsed": 505.649967, "delta": 3.552519}}
{"target": -2.396717755928283, "params": {"max_depth": 21.52736718418503, "n_estimators": 91.41533027317554}, "datetime": {"datetime": "2021-09-21 10:16:43", "elapsed": 509.735063, "delta": 4.085096}}
{"target": -2.3836988304093567, "params": {"max_depth": 22.30989404103808, "n_estimators": 99.97626796930179}, "datetime": {"datetime": "2021-09-21 10:16:47", "elapsed": 513.793663, "delta": 4.0586}}
{"target": -2.3983147080028844, "params": {"max_depth": 28.55525452177065, "n_estimators": 73.00617273722187}, "datetime": {"datetime": "2021-09-21 10:16:51", "elapsed": 517.853507, "delta": 4.059844}}
{"target": -2.395899365228548, "params": {"max_depth": 18.62350680237894, "n_estimators": 84.72774511818626}, "datetime": {"datetime": "2021-09-21 10:16:56", "elapsed": 522.42643, "delta": 4.572923}}
{"target": -2.3708732057416277, "params": {"max_depth": 23.306409289596434, "n_estimators": 66.46219954324488}, "datetime": {"datetime": "2021-09-21 10:16:59", "elapsed": 525.083308, "delta": 2.656878}}
{"target": -2.398158691950791, "params": {"max_depth": 14.87526105463689, "n_estimators": 72.3163004710712}, "datetime": {"datetime": "2021-09-21 10:17:01", "elapsed": 527.549079, "delta": 2.465771}}
{"target": -2.3624728098230654, "params": {"max_depth": 18.676749847210466, "n_estimators": 67.49192823808033}, "datetime": {"datetime": "2021-09-21 10:17:03", "elapsed": 529.762178, "delta": 2.213099}}
{"target": -2.398867748301674, "params": {"max_depth": 14.313262353087016, "n_estimators": 64.76817404071866}, "datetime": {"datetime": "2021-09-21 10:17:06", "elapsed": 532.480149, "delta": 2.717971}}
{"target": -2.3624728098230654, "params": {"max_depth": 18.205922004265815, "n_estimators": 67.7418993497803}, "datetime": {"datetime": "2021-09-21 10:17:09", "elapsed": 535.579625, "delta": 3.099476}}
{"target": -2.3684374790762406, "params": {"max_depth": 15.845871963113378, "n_estimators": 67.56538029228392}, "datetime": {"datetime": "2021-09-21 10:17:12", "elapsed": 538.778791, "delta": 3.199166}}
{"target": -2.381817315026698, "params": {"max_depth": 29.983733460155094, "n_estimators": 69.84493533215853}, "datetime": {"datetime": "2021-09-21 10:17:14", "elapsed": 541.073651, "delta": 2.29486}}
{"target": -2.3880653782894745, "params": {"max_depth": 24.896485251557277, "n_estimators": 64.90887666715477}, "datetime": {"datetime": "2021-09-21 10:17:17", "elapsed": 543.474567, "delta": 2.400916}}
{"target": -2.4847017046283795, "params": {"max_depth": 10.091750742394138, "n_estimators": 53.838000787481874}, "datetime": {"datetime": "2021-09-21 10:17:20", "elapsed": 546.915486, "delta": 3.440919}}
{"target": -2.3681264728986653, "params": {"max_depth": 26.217782541102405, "n_estimators": 67.01778203470835}, "datetime": {"datetime": "2021-09-21 10:17:24", "elapsed": 550.272765, "delta": 3.357279}}
{"target": -2.527784838346866, "params": {"max_depth": 9.614779321389827, "n_estimators": 33.170590083378954}, "datetime": {"datetime": "2021-09-21 10:17:27", "elapsed": 553.651436, "delta": 3.378671}}
{"target": -2.4870486024462495, "params": {"max_depth": 13.931280084191727, "n_estimators": 34.37217347059382}, "datetime": {"datetime": "2021-09-21 10:17:30", "elapsed": 556.291151, "delta": 2.639715}}
{"target": -2.4476586687306505, "params": {"max_depth": 28.017717354192303, "n_estimators": 34.26523417448626}, "datetime": {"datetime": "2021-09-21 10:17:33", "elapsed": 559.236893, "delta": 2.945742}}
{"target": -2.4039850223850228, "params": {"max_depth": 17.442198399706797, "n_estimators": 75.68953440903269}, "datetime": {"datetime": "2021-09-21 10:17:37", "elapsed": 563.466658, "delta": 4.229765}}
{"target": -2.4010573308270686, "params": {"max_depth": 23.01450245339442, "n_estimators": 56.54426717138447}, "datetime": {"datetime": "2021-09-21 10:17:41", "elapsed": 567.217414, "delta": 3.750756}}
{"target": -2.393672740879978, "params": {"max_depth": 18.817705451125992, "n_estimators": 90.96047730056866}, "datetime": {"datetime": "2021-09-21 10:17:44", "elapsed": 571.023214, "delta": 3.8058}}
{"target": -2.4021346203263536, "params": {"max_depth": 12.16697776052106, "n_estimators": 98.2328921488946}, "datetime": {"datetime": "2021-09-21 10:17:48", "elapsed": 575.022041, "delta": 3.998827}}
{"target": -2.395424641148326, "params": {"max_depth": 25.34985777444309, "n_estimators": 88.14924019283194}, "datetime": {"datetime": "2021-09-21 10:17:53", "elapsed": 579.131064, "delta": 4.109023}}
{"target": -2.4678070371590883, "params": {"max_depth": 17.550971793777588, "n_estimators": 43.9168004214553}, "datetime": {"datetime": "2021-09-21 10:17:57", "elapsed": 583.145992, "delta": 4.014928}}
{"target": -2.364892920595161, "params": {"max_depth": 16.366937391378002, "n_estimators": 66.79580648105383}, "datetime": {"datetime": "2021-09-21 10:18:00", "elapsed": 586.455815, "delta": 3.309823}}
{"target": -2.4392795310645035, "params": {"max_depth": 20.066860561041587, "n_estimators": 38.68712538234366}, "datetime": {"datetime": "2021-09-21 10:18:03", "elapsed": 589.224783, "delta": 2.768968}}
{"target": -2.3667274983980326, "params": {"max_depth": 16.271541382398294, "n_estimators": 65.72793828544835}, "datetime": {"datetime": "2021-09-21 10:18:06", "elapsed": 593.014743, "delta": 3.78996}}
{"target": -2.4005438596491233, "params": {"max_depth": 21.678676033953554, "n_estimators": 75.27555062084308}, "datetime": {"datetime": "2021-09-21 10:18:11", "elapsed": 597.303413, "delta": 4.28867}}
{"target": -2.399642197599262, "params": {"max_depth": 25.983477571104242, "n_estimators": 57.76571419084592}, "datetime": {"datetime": "2021-09-21 10:18:13", "elapsed": 599.945321, "delta": 2.641908}}
{"target": -2.3919234223650117, "params": {"max_depth": 16.743065482951465, "n_estimators": 73.66474053848168}, "datetime": {"datetime": "2021-09-21 10:18:16", "elapsed": 602.970566, "delta": 3.025245}}
{"target": -2.3880653782894745, "params": {"max_depth": 27.348530282519327, "n_estimators": 64.95449995723118}, "datetime": {"datetime": "2021-09-21 10:18:21", "elapsed": 607.527329, "delta": 4.556763}}
{"target": -2.3967741935483877, "params": {"max_depth": 25.939925773580278, "n_estimators": 62.38437373460488}, "datetime": {"datetime": "2021-09-21 10:18:24", "elapsed": 610.914821, "delta": 3.387492}}
{"target": -2.3708732057416277, "params": {"max_depth": 27.97790705133081, "n_estimators": 66.67871433330451}, "datetime": {"datetime": "2021-09-21 10:18:29", "elapsed": 615.192083, "delta": 4.277262}}
{"target": -2.3836988304093567, "params": {"max_depth": 29.977473583191802, "n_estimators": 99.9677000929655}, "datetime": {"datetime": "2021-09-21 10:18:34", "elapsed": 620.103698, "delta": 4.911615}}
{"target": -2.369585020242916, "params": {"max_depth": 23.25425394003027, "n_estimators": 65.23271615818928}, "datetime": {"datetime": "2021-09-21 10:18:37", "elapsed": 623.361697, "delta": 3.257999}}
{"target": -2.3898711622807016, "params": {"max_depth": 22.719653447731424, "n_estimators": 96.3878371690581}, "datetime": {"datetime": "2021-09-21 10:18:41", "elapsed": 627.111437, "delta": 3.74974}}
{"target": -2.3635878408708346, "params": {"max_depth": 20.923290721538695, "n_estimators": 67.894909405387}, "datetime": {"datetime": "2021-09-21 10:18:44", "elapsed": 631.04821, "delta": 3.936773}}
{"target": -2.3623336389837646, "params": {"max_depth": 16.41618185832587, "n_estimators": 67.3815007754258}, "datetime": {"datetime": "2021-09-21 10:18:51", "elapsed": 637.214173, "delta": 6.165963}}
{"target": -2.3708732057416277, "params": {"max_depth": 25.613318803871344, "n_estimators": 66.54470809421278}, "datetime": {"datetime": "2021-09-21 10:18:56", "elapsed": 642.662285, "delta": 5.448112}}
{"target": -2.5147059744950613, "params": {"max_depth": 18.4402468338423, "n_estimators": 17.815116928063073}, "datetime": {"datetime": "2021-09-21 10:19:01", "elapsed": 647.327429, "delta": 4.665144}}
{"target": -2.387255477488519, "params": {"max_depth": 14.475992467240506, "n_estimators": 98.86784830178848}, "datetime": {"datetime": "2021-09-21 10:19:06", "elapsed": 652.302537, "delta": 4.975108}}
