{"target": -2.399642197599262, "params": {"max_depth": 21.48439851932041, "n_estimators": 57.54851239849186}, "datetime": {"datetime": "2021-09-21 10:10:09", "elapsed": 115.966752, "delta": 0.923946}}
{"target": -2.4021295177556383, "params": {"max_depth": 13.972399852620143, "n_estimators": 96.92650806338705}, "datetime": {"datetime": "2021-09-21 10:10:11", "elapsed": 117.230745, "delta": 1.263993}}
{"target": -2.3681264728986653, "params": {"max_depth": 27.04856067487124, "n_estimators": 67.69639824965289}, "datetime": {"datetime": "2021-09-21 10:10:12", "elapsed": 118.27135, "delta": 1.040605}}
{"target": -2.4537781954887223, "params": {"max_depth": 29.987961919898044, "n_estimators": 35.791404435803635}, "datetime": {"datetime": "2021-09-21 10:10:13", "elapsed": 119.089784, "delta": 0.818434}}
{"target": -2.683703523569605, "params": {"max_depth": 8.878074901360892, "n_estimators": 11.192134726093693}, "datetime": {"datetime": "2021-09-21 10:10:13", "elapsed": 119.622603, "delta": 0.532819}}
{"target": -2.478906559294645, "params": {"max_depth": 13.794197453823683, "n_estimators": 19.76220601430881}, "datetime": {"datetime": "2021-09-21 10:10:14", "elapsed": 120.293164, "delta": 0.670561}}
{"target": -2.396248608490099, "params": {"max_depth": 19.744242098197486, "n_estimators": 92.88158723613168}, "datetime": {"datetime": "2021-09-21 10:10:15", "elapsed": 121.682567, "delta": 1.389403}}
{"target": -2.495248538011696, "params": {"max_depth": 29.84176068897304, "n_estimators": 18.240589125575838}, "datetime": {"datetime": "2021-09-21 10:10:16", "elapsed": 122.306455, "delta": 0.623888}}
{"target": -2.3861749444032623, "params": {"max_depth": 28.59451762955676, "n_estimators": 71.34888335979844}, "datetime": {"datetime": "2021-09-21 10:10:17", "elapsed": 123.527925, "delta": 1.22147}}
{"target": -2.3975137698898417, "params": {"max_depth": 26.675499152277016, "n_estimators": 86.77070394274399}, "datetime": {"datetime": "2021-09-21 10:10:18", "elapsed": 124.852065, "delta": 1.32414}}
{"target": -2.3983147080028844, "params": {"max_depth": 21.057945389398853, "n_estimators": 73.28640379196816}, "datetime": {"datetime": "2021-09-21 10:10:19", "elapsed": 125.87257, "delta": 1.020505}}
{"target": -2.38881911810777, "params": {"max_depth": 20.8416192220182, "n_estimators": 96.9356806730442}, "datetime": {"datetime": "2021-09-21 10:10:21", "elapsed": 127.371657, "delta": 1.499087}}
{"target": -2.456272949816403, "params": {"max_depth": 29.926090481388975, "n_estimators": 43.759762344304036}, "datetime": {"datetime": "2021-09-21 10:10:22", "elapsed": 128.194114, "delta": 0.822457}}
{"target": -2.4435855263157897, "params": {"max_depth": 26.824090158937555, "n_estimators": 32.18682314245154}, "datetime": {"datetime": "2021-09-21 10:10:22", "elapsed": 128.952117, "delta": 0.758003}}
{"target": -2.468801882262687, "params": {"max_depth": 12.397882053818773, "n_estimators": 44.749086493290186}, "datetime": {"datetime": "2021-09-21 10:10:23", "elapsed": 129.953859, "delta": 1.001742}}
{"target": -2.3836988304093567, "params": {"max_depth": 24.048621156620644, "n_estimators": 99.90047430405039}, "datetime": {"datetime": "2021-09-21 10:10:25", "elapsed": 131.5471, "delta": 1.593241}}
{"target": -2.395424641148326, "params": {"max_depth": 23.31346971554883, "n_estimators": 88.55148342340256}, "datetime": {"datetime": "2021-09-21 10:10:26", "elapsed": 132.994832, "delta": 1.447732}}
{"target": -2.3995258341346193, "params": {"max_depth": 15.529744094500732, "n_estimators": 75.13751144285526}, "datetime": {"datetime": "2021-09-21 10:10:28", "elapsed": 134.245737, "delta": 1.250905}}
{"target": -2.3880653782894745, "params": {"max_depth": 22.177687178214466, "n_estimators": 64.6557863044181}, "datetime": {"datetime": "2021-09-21 10:10:29", "elapsed": 135.351953, "delta": 1.106216}}
{"target": -2.4294672391246492, "params": {"max_depth": 11.78653609907891, "n_estimators": 76.89854836042349}, "datetime": {"datetime": "2021-09-21 10:10:30", "elapsed": 136.583741, "delta": 1.231788}}
{"target": -2.414151350445175, "params": {"max_depth": 12.472387265828297, "n_estimators": 64.92972908609761}, "datetime": {"datetime": "2021-09-21 10:10:31", "elapsed": 137.666645, "delta": 1.082904}}
{"target": -2.437218094063284, "params": {"max_depth": 18.91960921679427, "n_estimators": 32.19103433724122}, "datetime": {"datetime": "2021-09-21 10:10:32", "elapsed": 138.536557, "delta": 0.869912}}
{"target": -2.4116866028708146, "params": {"max_depth": 27.915596195884337, "n_estimators": 55.57267008455841}, "datetime": {"datetime": "2021-09-21 10:10:33", "elapsed": 139.504717, "delta": 0.96816}}
{"target": -2.495248538011696, "params": {"max_depth": 21.965846595454035, "n_estimators": 18.53101751238962}, "datetime": {"datetime": "2021-09-21 10:10:34", "elapsed": 140.187186, "delta": 0.682469}}
{"target": -2.399928876244666, "params": {"max_depth": 27.22580045635266, "n_estimators": 74.93999598418587}, "datetime": {"datetime": "2021-09-21 10:10:35", "elapsed": 141.406202, "delta": 1.219016}}
{"target": -2.3918693342197397, "params": {"max_depth": 16.927201135231144, "n_estimators": 90.8396561824163}, "datetime": {"datetime": "2021-09-21 10:10:36", "elapsed": 142.814758, "delta": 1.408556}}
{"target": -2.4283961857769434, "params": {"max_depth": 20.57695974124717, "n_estimators": 48.4569714659088}, "datetime": {"datetime": "2021-09-21 10:10:37", "elapsed": 143.90759, "delta": 1.092832}}
{"target": -2.394185647943389, "params": {"max_depth": 20.43888111923985, "n_estimators": 85.17663600799747}, "datetime": {"datetime": "2021-09-21 10:10:39", "elapsed": 145.263244, "delta": 1.355654}}
{"target": -2.4973684210526317, "params": {"max_depth": 23.687665948016058, "n_estimators": 27.770434013574125}, "datetime": {"datetime": "2021-09-21 10:10:40", "elapsed": 146.158247, "delta": 0.895003}}
{"target": -2.393732314657613, "params": {"max_depth": 27.41453195097376, "n_estimators": 93.3361996720313}, "datetime": {"datetime": "2021-09-21 10:10:41", "elapsed": 147.619761, "delta": 1.461514}}
{"target": -2.39988038277512, "params": {"max_depth": 29.82864930300876, "n_estimators": 77.12193066496806}, "datetime": {"datetime": "2021-09-21 10:10:42", "elapsed": 148.99846, "delta": 1.378699}}
{"target": -2.369585020242916, "params": {"max_depth": 29.976453838117084, "n_estimators": 65.73068113281907}, "datetime": {"datetime": "2021-09-21 10:10:44", "elapsed": 150.248852, "delta": 1.250392}}
{"target": -2.543167040775587, "params": {"max_depth": 9.004615253606078, "n_estimators": 37.012321181978834}, "datetime": {"datetime": "2021-09-21 10:10:45", "elapsed": 151.169789, "delta": 0.920937}}
{"target": -2.3912427627613337, "params": {"max_depth": 18.550892017092593, "n_estimators": 79.62695711147087}, "datetime": {"datetime": "2021-09-21 10:10:46", "elapsed": 152.445321, "delta": 1.275532}}
{"target": -2.381817315026698, "params": {"max_depth": 22.431152893296556, "n_estimators": 69.88696373784677}, "datetime": {"datetime": "2021-09-21 10:10:47", "elapsed": 153.657179, "delta": 1.211858}}
{"target": -2.679456607359009, "params": {"max_depth": 8.740891572244323, "n_estimators": 18.994749532008477}, "datetime": {"datetime": "2021-09-21 10:10:48", "elapsed": 154.506936, "delta": 0.849757}}
{"target": -2.396717755928283, "params": {"max_depth": 23.355855644624572, "n_estimators": 91.879041912501}, "datetime": {"datetime": "2021-09-21 10:10:49", "elapsed": 155.988659, "delta": 1.481723}}
{"target": -2.383201433314204, "params": {"max_depth": 14.836729968267965, "n_estimators": 66.44022612507612}, "datetime": {"datetime": "2021-09-21 10:10:51", "elapsed": 157.117753, "delta": 1.129094}}
{"target": -2.434589831392262, "params": {"max_depth": 13.466745369300853, "n_estimators": 60.17709616686787}, "datetime": {"datetime": "2021-09-21 10:10:52", "elapsed": 158.339775, "delta": 1.222022}}
{"target": -2.47468671679198, "params": {"max_depth": 26.819793382939025, "n_estimators": 21.84490366879903}, "datetime": {"datetime": "2021-09-21 10:10:53", "elapsed": 159.169863, "delta": 0.830088}}
{"target": -2.4611251182321436, "params": {"max_depth": 14.237901590466437, "n_estimators": 37.11218239436404}, "datetime": {"datetime": "2021-09-21 10:10:54", "elapsed": 160.104112, "delta": 0.934249}}
{"target": -2.3635878408708346, "params": {"max_depth": 20.84312246439896, "n_estimators": 67.37110971312802}, "datetime": {"datetime": "2021-09-21 10:10:55", "elapsed": 161.427736, "delta": 1.323624}}
{"target": -2.4064144736842117, "params": {"max_depth": 23.554365678462165, "n_estimators": 60.60079913786669}, "datetime": {"datetime": "2021-09-21 10:10:56", "elapsed": 162.589722, "delta": 1.161986}}
{"target": -2.4580361563139377, "params": {"max_depth": 9.187098205798778, "n_estimators": 86.2288669083636}, "datetime": {"datetime": "2021-09-21 10:10:57", "elapsed": 163.990543, "delta": 1.400821}}
{"target": -2.3898711622807016, "params": {"max_depth": 29.890482781317896, "n_estimators": 96.41474073974331}, "datetime": {"datetime": "2021-09-21 10:10:59", "elapsed": 165.496107, "delta": 1.505564}}
{"target": -2.4342105263157903, "params": {"max_depth": 26.98678585382518, "n_estimators": 48.297975049863865}, "datetime": {"datetime": "2021-09-21 10:11:00", "elapsed": 166.757349, "delta": 1.261242}}
{"target": -2.3865604736046473, "params": {"max_depth": 18.330974870386978, "n_estimators": 63.229799662328574}, "datetime": {"datetime": "2021-09-21 10:11:01", "elapsed": 168.069485, "delta": 1.312136}}
{"target": -2.4224099590879176, "params": {"max_depth": 12.422783618077293, "n_estimators": 80.16147895528395}, "datetime": {"datetime": "2021-09-21 10:11:03", "elapsed": 169.457987, "delta": 1.388502}}
{"target": -2.401164023597829, "params": {"max_depth": 14.75299180574777, "n_estimators": 85.25078259972804}, "datetime": {"datetime": "2021-09-21 10:11:04", "elapsed": 170.892049, "delta": 1.434062}}
{"target": -2.442718292135243, "params": {"max_depth": 10.676402186913784, "n_estimators": 57.73009665330123}, "datetime": {"datetime": "2021-09-21 10:11:06", "elapsed": 172.163575, "delta": 1.271526}}
{"target": -2.442093109599211, "params": {"max_depth": 12.042566071811141, "n_estimators": 32.059111877343796}, "datetime": {"datetime": "2021-09-21 10:11:06", "elapsed": 173.004438, "delta": 0.840863}}
{"target": -2.4154848927875254, "params": {"max_depth": 22.868319390520693, "n_estimators": 54.403357596039484}, "datetime": {"datetime": "2021-09-21 10:11:08", "elapsed": 174.123861, "delta": 1.119423}}
{"target": -2.3881172002170374, "params": {"max_depth": 24.379290840511256, "n_estimators": 97.79832840525395}, "datetime": {"datetime": "2021-09-21 10:11:09", "elapsed": 175.814332, "delta": 1.690471}}
{"target": -2.419548971154663, "params": {"max_depth": 10.096947925177009, "n_estimators": 97.27615743600533}, "datetime": {"datetime": "2021-09-21 10:11:11", "elapsed": 177.331903, "delta": 1.517571}}
{"target": -2.4922462406015042, "params": {"max_depth": 30.0, "n_estimators": 28.91347933366192}, "datetime": {"datetime": "2021-09-21 10:11:12", "elapsed": 178.406791, "delta": 1.074888}}
{"target": -2.5471752219990345, "params": {"max_depth": 13.211546781004028, "n_estimators": 15.08793255453835}, "datetime": {"datetime": "2021-09-21 10:11:13", "elapsed": 179.203681, "delta": 0.79689}}
{"target": -2.447096145991365, "params": {"max_depth": 19.033418140520443, "n_estimators": 41.34836241981795}, "datetime": {"datetime": "2021-09-21 10:11:14", "elapsed": 180.0764, "delta": 0.872719}}
{"target": -2.3974549559875307, "params": {"max_depth": 20.66901709527116, "n_estimators": 82.27232773578065}, "datetime": {"datetime": "2021-09-21 10:11:15", "elapsed": 181.466509, "delta": 1.390109}}
{"target": -2.381817315026698, "params": {"max_depth": 25.260954395885463, "n_estimators": 69.24699407509992}, "datetime": {"datetime": "2021-09-21 10:11:16", "elapsed": 182.739403, "delta": 1.272894}}
{"target": -2.3821428035497725, "params": {"max_depth": 15.25937021288395, "n_estimators": 70.43576651396386}, "datetime": {"datetime": "2021-09-21 10:11:17", "elapsed": 183.922126, "delta": 1.182723}}
{"target": -2.406306108588112, "params": {"max_depth": 19.287186759305555, "n_estimators": 59.25136259756455}, "datetime": {"datetime": "2021-09-21 10:11:18", "elapsed": 185.072056, "delta": 1.14993}}
{"target": -2.431448107296544, "params": {"max_depth": 18.3117654388105, "n_estimators": 53.37024781463351}, "datetime": {"datetime": "2021-09-21 10:11:20", "elapsed": 186.234868, "delta": 1.162812}}
{"target": -2.369585020242916, "params": {"max_depth": 27.963340378100572, "n_estimators": 65.73873635193918}, "datetime": {"datetime": "2021-09-21 10:11:21", "elapsed": 187.389998, "delta": 1.15513}}
{"target": -2.4393931256713217, "params": {"max_depth": 23.526922632565103, "n_estimators": 49.78405592739646}, "datetime": {"datetime": "2021-09-21 10:11:22", "elapsed": 188.494979, "delta": 1.104981}}
{"target": -2.3830128733824356, "params": {"max_depth": 18.461549730298252, "n_estimators": 98.17926736148677}, "datetime": {"datetime": "2021-09-21 10:11:23", "elapsed": 189.914398, "delta": 1.419419}}
{"target": -2.4088450292397674, "params": {"max_depth": 24.753095021822727, "n_estimators": 81.26086487801884}, "datetime": {"datetime": "2021-09-21 10:11:25", "elapsed": 191.307164, "delta": 1.392766}}
{"target": -2.39174458528077, "params": {"max_depth": 18.343340651953433, "n_estimators": 74.05230760889356}, "datetime": {"datetime": "2021-09-21 10:11:26", "elapsed": 192.629678, "delta": 1.322514}}
{"target": -2.369585020242916, "params": {"max_depth": 25.365703056116434, "n_estimators": 65.88457339661593}, "datetime": {"datetime": "2021-09-21 10:11:28", "elapsed": 194.351557, "delta": 1.721879}}
{"target": -2.4064144736842117, "params": {"max_depth": 30.0, "n_estimators": 60.342824143636946}, "datetime": {"datetime": "2021-09-21 10:11:29", "elapsed": 196.058148, "delta": 1.706591}}
{"target": -2.3861749444032623, "params": {"max_depth": 29.965776420887586, "n_estimators": 71.33980081318266}, "datetime": {"datetime": "2021-09-21 10:11:32", "elapsed": 198.211972, "delta": 2.153824}}
{"target": -2.369042482124429, "params": {"max_depth": 18.469598796026638, "n_estimators": 68.39158256141809}, "datetime": {"datetime": "2021-09-21 10:11:34", "elapsed": 200.328403, "delta": 2.116431}}
{"target": -2.4131195495983087, "params": {"max_depth": 15.447742866823031, "n_estimators": 54.280610080728195}, "datetime": {"datetime": "2021-09-21 10:11:36", "elapsed": 202.27486, "delta": 1.946457}}
{"target": -2.503520894627874, "params": {"max_depth": 17.48211826734201, "n_estimators": 23.710344988119996}, "datetime": {"datetime": "2021-09-21 10:11:37", "elapsed": 203.812099, "delta": 1.537239}}
{"target": -2.46588543797857, "params": {"max_depth": 13.139938954621362, "n_estimators": 51.14985081213545}, "datetime": {"datetime": "2021-09-21 10:11:39", "elapsed": 205.528478, "delta": 1.716379}}
{"target": -2.3866256844550606, "params": {"max_depth": 15.959380401265417, "n_estimators": 98.3035336877346}, "datetime": {"datetime": "2021-09-21 10:11:42", "elapsed": 208.253323, "delta": 2.724845}}
{"target": -2.4173818115011647, "params": {"max_depth": 12.709803269245795, "n_estimators": 91.38986489187229}, "datetime": {"datetime": "2021-09-21 10:11:44", "elapsed": 210.542039, "delta": 2.288716}}
{"target": -2.396717755928283, "params": {"max_depth": 28.586453183421728, "n_estimators": 91.29032960788466}, "datetime": {"datetime": "2021-09-21 10:11:46", "elapsed": 212.86796, "delta": 2.325921}}
{"target": -2.4571460140736456, "params": {"max_depth": 17.35394538265133, "n_estimators": 35.05945703355195}, "datetime": {"datetime": "2021-09-21 10:11:48", "elapsed": 214.719258, "delta": 1.851298}}
{"target": -2.400969973009447, "params": {"max_depth": 24.004257716593727, "n_estimators": 78.02340925828075}, "datetime": {"datetime": "2021-09-21 10:11:51", "elapsed": 217.118055, "delta": 2.398797}}
{"target": -2.398805202661828, "params": {"max_depth": 28.961739606301197, "n_estimators": 87.28651470073774}, "datetime": {"datetime": "2021-09-21 10:11:54", "elapsed": 220.271971, "delta": 3.153916}}
{"target": -2.39343814698735, "params": {"max_depth": 16.976041333122627, "n_estimators": 77.47204822132271}, "datetime": {"datetime": "2021-09-21 10:11:56", "elapsed": 222.251721, "delta": 1.97975}}
{"target": -2.3830878465695498, "params": {"max_depth": 20.155894602055803, "n_estimators": 64.91600671586784}, "datetime": {"datetime": "2021-09-21 10:11:58", "elapsed": 224.370585, "delta": 2.118864}}
{"target": -2.39647547195778, "params": {"max_depth": 16.419583193708906, "n_estimators": 80.73430333601297}, "datetime": {"datetime": "2021-09-21 10:12:00", "elapsed": 226.364313, "delta": 1.993728}}
{"target": -2.4492901662049866, "params": {"max_depth": 22.619919623316985, "n_estimators": 38.12150240253686}, "datetime": {"datetime": "2021-09-21 10:12:02", "elapsed": 228.077489, "delta": 1.713176}}
{"target": -2.3667274983980326, "params": {"max_depth": 16.876078639936548, "n_estimators": 65.64802503563058}, "datetime": {"datetime": "2021-09-21 10:12:03", "elapsed": 230.040061, "delta": 1.962572}}
{"target": -2.449004723346829, "params": {"max_depth": 26.549661474845845, "n_estimators": 39.8891262481047}, "datetime": {"datetime": "2021-09-21 10:12:05", "elapsed": 231.756509, "delta": 1.716448}}
{"target": -2.397663339382941, "params": {"max_depth": 27.756658638570936, "n_estimators": 58.055843619266206}, "datetime": {"datetime": "2021-09-21 10:12:07", "elapsed": 233.941711, "delta": 2.185202}}
{"target": -2.4182204526373074, "params": {"max_depth": 11.613894430297975, "n_estimators": 82.85463497268077}, "datetime": {"datetime": "2021-09-21 10:12:10", "elapsed": 236.256696, "delta": 2.314985}}
{"target": -2.3958092132667685, "params": {"max_depth": 17.222977545883264, "n_estimators": 93.26956004074073}, "datetime": {"datetime": "2021-09-21 10:12:12", "elapsed": 238.380166, "delta": 2.12347}}
{"target": -2.398805202661828, "params": {"max_depth": 21.189146169223495, "n_estimators": 87.29217324332384}, "datetime": {"datetime": "2021-09-21 10:12:14", "elapsed": 240.853402, "delta": 2.473236}}
{"target": -2.381817315026698, "params": {"max_depth": 28.269198502665592, "n_estimators": 69.13923766520841}, "datetime": {"datetime": "2021-09-21 10:12:17", "elapsed": 243.390995, "delta": 2.537593}}
{"target": -2.4566251093441624, "params": {"max_depth": 14.11412869888578, "n_estimators": 47.694118417660846}, "datetime": {"datetime": "2021-09-21 10:12:19", "elapsed": 245.448801, "delta": 2.057806}}
{"target": -2.3820845164651563, "params": {"max_depth": 17.397982262047456, "n_estimators": 70.30167117525352}, "datetime": {"datetime": "2021-09-21 10:12:22", "elapsed": 248.247447, "delta": 2.798646}}
{"target": -2.434875774779642, "params": {"max_depth": 16.342983126216158, "n_estimators": 19.980446147573225}, "datetime": {"datetime": "2021-09-21 10:12:24", "elapsed": 250.696347, "delta": 2.4489}}
{"target": -2.3877565789473683, "params": {"max_depth": 29.095609696337732, "n_estimators": 100.0}, "datetime": {"datetime": "2021-09-21 10:12:27", "elapsed": 254.064719, "delta": 3.368372}}
{"target": -2.3681264728986653, "params": {"max_depth": 28.945582007119558, "n_estimators": 67.16786008977533}, "datetime": {"datetime": "2021-09-21 10:12:30", "elapsed": 256.178522, "delta": 2.113803}}
{"target": -2.386083512352309, "params": {"max_depth": 28.502337327342374, "n_estimators": 98.49125601965173}, "datetime": {"datetime": "2021-09-21 10:12:32", "elapsed": 258.708818, "delta": 2.530296}}
{"target": -2.415567481999643, "params": {"max_depth": 12.112354260663247, "n_estimators": 87.65253674207982}, "datetime": {"datetime": "2021-09-21 10:12:34", "elapsed": 260.897012, "delta": 2.188194}}
{"target": -2.369558057265246, "params": {"max_depth": 17.436177414802582, "n_estimators": 67.13140018315447}, "datetime": {"datetime": "2021-09-21 10:12:37", "elapsed": 263.395144, "delta": 2.498132}}
{"target": -2.390561038011697, "params": {"max_depth": 23.38139614493827, "n_estimators": 72.9577044892304}, "datetime": {"datetime": "2021-09-21 10:12:39", "elapsed": 266.002972, "delta": 2.607828}}
{"target": -2.386083512352309, "params": {"max_depth": 22.324843793629075, "n_estimators": 98.52082336944684}, "datetime": {"datetime": "2021-09-21 10:12:42", "elapsed": 268.778493, "delta": 2.775521}}
{"target": -2.4088450292397674, "params": {"max_depth": 28.088257093906744, "n_estimators": 81.34777219066872}, "datetime": {"datetime": "2021-09-21 10:12:46", "elapsed": 272.121256, "delta": 3.342763}}
{"target": -2.3988112901091747, "params": {"max_depth": 16.446466293786628, "n_estimators": 57.53877661319987}, "datetime": {"datetime": "2021-09-21 10:12:48", "elapsed": 274.477209, "delta": 2.355953}}
{"target": -2.431992567582497, "params": {"max_depth": 13.454190835434417, "n_estimators": 75.26176679269936}, "datetime": {"datetime": "2021-09-21 10:12:51", "elapsed": 277.560675, "delta": 3.083466}}
{"target": -2.3955767077267645, "params": {"max_depth": 21.166730915339098, "n_estimators": 94.54160163040892}, "datetime": {"datetime": "2021-09-21 10:12:54", "elapsed": 280.46185, "delta": 2.901175}}
{"target": -2.4114124387859883, "params": {"max_depth": 12.055915336930333, "n_estimators": 95.96046763191836}, "datetime": {"datetime": "2021-09-21 10:12:58", "elapsed": 285.073095, "delta": 4.611245}}
{"target": -2.370528112560814, "params": {"max_depth": 20.63066863896885, "n_estimators": 68.71787296396168}, "datetime": {"datetime": "2021-09-21 10:13:02", "elapsed": 288.319767, "delta": 3.246672}}
{"target": -2.3880651907988963, "params": {"max_depth": 16.50048403382637, "n_estimators": 88.76397016553769}, "datetime": {"datetime": "2021-09-21 10:13:05", "elapsed": 291.686634, "delta": 3.366867}}
{"target": -2.464050602785786, "params": {"max_depth": 14.336136992637687, "n_estimators": 40.41635762999283}, "datetime": {"datetime": "2021-09-21 10:13:07", "elapsed": 293.560107, "delta": 1.873473}}
