{"target": -2.45484022556391, "params": {"max_depth": 27.29419036397257, "n_estimators": 56.76637062824145}, "datetime": {"datetime": "2021-09-21 08:08:26", "elapsed": 72.924677, "delta": 1.009803}}
{"target": -2.474945175438596, "params": {"max_depth": 24.275096610027678, "n_estimators": 96.50815568344511}, "datetime": {"datetime": "2021-09-21 08:08:28", "elapsed": 74.56255, "delta": 1.637873}}
{"target": -2.4500955008488963, "params": {"max_depth": 27.33027486655757, "n_estimators": 62.61233503513849}, "datetime": {"datetime": "2021-09-21 08:08:29", "elapsed": 75.704062, "delta": 1.141512}}
{"target": -2.4508434472343468, "params": {"max_depth": 14.743724433342328, "n_estimators": 86.81790920490076}, "datetime": {"datetime": "2021-09-21 08:08:30", "elapsed": 77.301988, "delta": 1.597926}}
{"target": -2.456547224418812, "params": {"max_depth": 14.948905829464858, "n_estimators": 89.93282625354448}, "datetime": {"datetime": "2021-09-21 08:08:32", "elapsed": 78.923115, "delta": 1.621127}}
{"target": -2.4574152542372882, "params": {"max_depth": 29.96188992125751, "n_estimators": 59.57238526039529}, "datetime": {"datetime": "2021-09-21 08:08:33", "elapsed": 80.134834, "delta": 1.211719}}
{"target": -2.457958698830409, "params": {"max_depth": 29.97755746309474, "n_estimators": 72.63311583528255}, "datetime": {"datetime": "2021-09-21 08:08:35", "elapsed": 81.598759, "delta": 1.463925}}
{"target": -2.503622720111251, "params": {"max_depth": 10.037967686142363, "n_estimators": 59.29761387453112}, "datetime": {"datetime": "2021-09-21 08:08:36", "elapsed": 82.670016, "delta": 1.071257}}
{"target": -2.45865858972143, "params": {"max_depth": 19.499087204218544, "n_estimators": 58.735442432559914}, "datetime": {"datetime": "2021-09-21 08:08:37", "elapsed": 84.152241, "delta": 1.482225}}
{"target": -2.4532378481414803, "params": {"max_depth": 22.1068014965351, "n_estimators": 71.30495473290868}, "datetime": {"datetime": "2021-09-21 08:08:39", "elapsed": 85.432736, "delta": 1.280495}}
{"target": -2.479368421052631, "params": {"max_depth": 25.999214477609808, "n_estimators": 50.0}, "datetime": {"datetime": "2021-09-21 08:08:40", "elapsed": 86.384163, "delta": 0.951427}}
{"target": -2.4757880277617113, "params": {"max_depth": 26.237427627818736, "n_estimators": 91.06969477869305}, "datetime": {"datetime": "2021-09-21 08:08:41", "elapsed": 87.971265, "delta": 1.587102}}
{"target": -2.4460204851823826, "params": {"max_depth": 14.881833848387716, "n_estimators": 78.20085738005442}, "datetime": {"datetime": "2021-09-21 08:08:43", "elapsed": 89.610265, "delta": 1.639}}
{"target": -2.4799161208902887, "params": {"max_depth": 15.091982858704851, "n_estimators": 76.31886108670261}, "datetime": {"datetime": "2021-09-21 08:08:44", "elapsed": 90.904689, "delta": 1.294424}}
{"target": -2.4826074235149975, "params": {"max_depth": 15.928357432056579, "n_estimators": 79.1918692260018}, "datetime": {"datetime": "2021-09-21 08:08:45", "elapsed": 92.318644, "delta": 1.413955}}
{"target": -2.483070621792196, "params": {"max_depth": 13.177025209313527, "n_estimators": 78.66374989153502}, "datetime": {"datetime": "2021-09-21 08:08:47", "elapsed": 93.735709, "delta": 1.417065}}
{"target": -2.4854570623369483, "params": {"max_depth": 16.211031145398163, "n_estimators": 83.37737618929602}, "datetime": {"datetime": "2021-09-21 08:08:48", "elapsed": 95.328646, "delta": 1.592937}}
{"target": -2.502105117875896, "params": {"max_depth": 12.589060146703897, "n_estimators": 84.2452413943438}, "datetime": {"datetime": "2021-09-21 08:08:50", "elapsed": 96.853556, "delta": 1.52491}}
{"target": -2.4754132928475037, "params": {"max_depth": 26.857725143815973, "n_estimators": 78.6902047202633}, "datetime": {"datetime": "2021-09-21 08:08:51", "elapsed": 98.205318, "delta": 1.351762}}
{"target": -2.4776949904882684, "params": {"max_depth": 25.736029681040222, "n_estimators": 83.25565070484726}, "datetime": {"datetime": "2021-09-21 08:08:53", "elapsed": 99.75287, "delta": 1.547552}}
{"target": -2.4574152542372882, "params": {"max_depth": 24.76222436194272, "n_estimators": 59.82804221553057}, "datetime": {"datetime": "2021-09-21 08:08:54", "elapsed": 100.985988, "delta": 1.233118}}
{"target": -2.481268036622431, "params": {"max_depth": 18.702301699925755, "n_estimators": 53.85623454906181}, "datetime": {"datetime": "2021-09-21 08:08:55", "elapsed": 102.312758, "delta": 1.32677}}
{"target": -2.4616451024899972, "params": {"max_depth": 15.997744968830096, "n_estimators": 58.38464039006344}, "datetime": {"datetime": "2021-09-21 08:08:57", "elapsed": 103.444153, "delta": 1.131395}}
{"target": -2.483198582158409, "params": {"max_depth": 16.126335492915786, "n_estimators": 88.13201108707443}, "datetime": {"datetime": "2021-09-21 08:08:58", "elapsed": 105.057043, "delta": 1.61289}}
{"target": -2.4484713864281114, "params": {"max_depth": 14.33204003885124, "n_estimators": 92.19785785468176}, "datetime": {"datetime": "2021-09-21 08:09:00", "elapsed": 106.750875, "delta": 1.693832}}
{"target": -2.4833385896807663, "params": {"max_depth": 13.069795708967543, "n_estimators": 90.66510156152324}, "datetime": {"datetime": "2021-09-21 08:09:01", "elapsed": 108.166871, "delta": 1.415996}}
{"target": -2.481689066188715, "params": {"max_depth": 16.070682961954052, "n_estimators": 91.9458136448303}, "datetime": {"datetime": "2021-09-21 08:09:03", "elapsed": 109.70987, "delta": 1.542999}}
{"target": -2.4553884528250673, "params": {"max_depth": 14.045299893575585, "n_estimators": 94.52069661839587}, "datetime": {"datetime": "2021-09-21 08:09:04", "elapsed": 111.210855, "delta": 1.500985}}
{"target": -2.467353308148674, "params": {"max_depth": 15.775856975358435, "n_estimators": 71.12389983088781}, "datetime": {"datetime": "2021-09-21 08:09:06", "elapsed": 112.585461, "delta": 1.374606}}
{"target": -2.4727662625431948, "params": {"max_depth": 20.21720331118448, "n_estimators": 96.31323055093131}, "datetime": {"datetime": "2021-09-21 08:09:07", "elapsed": 114.118869, "delta": 1.533408}}
{"target": -2.477513286227617, "params": {"max_depth": 21.178878072989928, "n_estimators": 83.21840499009551}, "datetime": {"datetime": "2021-09-21 08:09:09", "elapsed": 115.576395, "delta": 1.457526}}
{"target": -2.451152994092374, "params": {"max_depth": 21.73409256612728, "n_estimators": 56.29101927519358}, "datetime": {"datetime": "2021-09-21 08:09:10", "elapsed": 116.768882, "delta": 1.192487}}
{"target": -2.459206660012225, "params": {"max_depth": 16.617040202082926, "n_estimators": 62.044350400405776}, "datetime": {"datetime": "2021-09-21 08:09:11", "elapsed": 118.034213, "delta": 1.265331}}
{"target": -2.44873726655348, "params": {"max_depth": 23.793534467552007, "n_estimators": 62.83736117662449}, "datetime": {"datetime": "2021-09-21 08:09:13", "elapsed": 119.398218, "delta": 1.364005}}
{"target": -2.472881519397668, "params": {"max_depth": 20.759900976500738, "n_estimators": 77.71366007562676}, "datetime": {"datetime": "2021-09-21 08:09:14", "elapsed": 120.806749, "delta": 1.408531}}
{"target": -2.4853485805378632, "params": {"max_depth": 10.063928786835278, "n_estimators": 68.68543755718531}, "datetime": {"datetime": "2021-09-21 08:09:15", "elapsed": 121.917273, "delta": 1.110524}}
{"target": -2.4507240394692196, "params": {"max_depth": 16.981787982042544, "n_estimators": 66.5765230143993}, "datetime": {"datetime": "2021-09-21 08:09:17", "elapsed": 123.432813, "delta": 1.51554}}
{"target": -2.462738521773918, "params": {"max_depth": 19.38859166140965, "n_estimators": 71.20214521505883}, "datetime": {"datetime": "2021-09-21 08:09:18", "elapsed": 124.549973, "delta": 1.11716}}
{"target": -2.451005230467473, "params": {"max_depth": 22.559235753911285, "n_estimators": 69.76434154161169}, "datetime": {"datetime": "2021-09-21 08:09:19", "elapsed": 125.73715, "delta": 1.187177}}
{"target": -2.44877870093377, "params": {"max_depth": 14.2321111291089, "n_estimators": 97.18174374745709}, "datetime": {"datetime": "2021-09-21 08:09:20", "elapsed": 127.197265, "delta": 1.460115}}
{"target": -2.476283597424421, "params": {"max_depth": 15.938059337756602, "n_estimators": 96.72495331832576}, "datetime": {"datetime": "2021-09-21 08:09:22", "elapsed": 128.668261, "delta": 1.470996}}
{"target": -2.4960776187142226, "params": {"max_depth": 12.655352070571436, "n_estimators": 96.93506407299971}, "datetime": {"datetime": "2021-09-21 08:09:24", "elapsed": 130.419809, "delta": 1.751548}}
{"target": -2.4540956263899183, "params": {"max_depth": 28.293136716792183, "n_estimators": 71.13037047555929}, "datetime": {"datetime": "2021-09-21 08:09:25", "elapsed": 131.764813, "delta": 1.345004}}
{"target": -2.451327699348353, "params": {"max_depth": 14.944167371340287, "n_estimators": 85.34944431300883}, "datetime": {"datetime": "2021-09-21 08:09:26", "elapsed": 133.310519, "delta": 1.545706}}
{"target": -2.4781503036437247, "params": {"max_depth": 23.67657722469101, "n_estimators": 52.934375805639846}, "datetime": {"datetime": "2021-09-21 08:09:28", "elapsed": 134.453041, "delta": 1.142522}}
{"target": -2.45484022556391, "params": {"max_depth": 25.32256205825474, "n_estimators": 56.4382429485068}, "datetime": {"datetime": "2021-09-21 08:09:29", "elapsed": 136.040716, "delta": 1.587675}}
{"target": -2.4485442928044527, "params": {"max_depth": 14.32489662410246, "n_estimators": 98.83600957121084}, "datetime": {"datetime": "2021-09-21 08:09:31", "elapsed": 137.647876, "delta": 1.60716}}
{"target": -2.4806852035749754, "params": {"max_depth": 28.173932204888658, "n_estimators": 53.356729146808746}, "datetime": {"datetime": "2021-09-21 08:09:32", "elapsed": 138.835901, "delta": 1.188025}}
{"target": -2.4723203341507904, "params": {"max_depth": 13.93235129784558, "n_estimators": 64.69758419771294}, "datetime": {"datetime": "2021-09-21 08:09:33", "elapsed": 140.342013, "delta": 1.506112}}
{"target": -2.4474198190789473, "params": {"max_depth": 26.71716452468186, "n_estimators": 64.17768478518983}, "datetime": {"datetime": "2021-09-21 08:09:35", "elapsed": 141.893631, "delta": 1.551618}}
{"target": -2.4749458204334362, "params": {"max_depth": 29.9679519841107, "n_estimators": 85.62739378569626}, "datetime": {"datetime": "2021-09-21 08:09:37", "elapsed": 144.000831, "delta": 2.1072}}
{"target": -2.457958698830409, "params": {"max_depth": 24.239917160308494, "n_estimators": 72.5298484136674}, "datetime": {"datetime": "2021-09-21 08:09:39", "elapsed": 145.436246, "delta": 1.435415}}
{"target": -2.4489520676691736, "params": {"max_depth": 22.13261370944006, "n_estimators": 60.97770720136741}, "datetime": {"datetime": "2021-09-21 08:09:40", "elapsed": 147.166279, "delta": 1.730033}}
{"target": -2.4457914086687307, "params": {"max_depth": 27.76088235197724, "n_estimators": 68.1935411758877}, "datetime": {"datetime": "2021-09-21 08:09:42", "elapsed": 148.416648, "delta": 1.250369}}
{"target": -2.4523435007974483, "params": {"max_depth": 20.367697979978256, "n_estimators": 55.80146775352169}, "datetime": {"datetime": "2021-09-21 08:09:43", "elapsed": 149.724582, "delta": 1.307934}}
{"target": -2.4460728744939266, "params": {"max_depth": 24.689023845691352, "n_estimators": 65.63849728101148}, "datetime": {"datetime": "2021-09-21 08:09:45", "elapsed": 151.44366, "delta": 1.719078}}
{"target": -2.4843855601081355, "params": {"max_depth": 22.590947176795808, "n_estimators": 89.78379227884169}, "datetime": {"datetime": "2021-09-21 08:09:46", "elapsed": 153.103882, "delta": 1.660222}}
{"target": -2.446776609492481, "params": {"max_depth": 22.109555742145876, "n_estimators": 64.39952754119945}, "datetime": {"datetime": "2021-09-21 08:09:47", "elapsed": 154.303582, "delta": 1.1997}}
{"target": -2.4504803675856306, "params": {"max_depth": 28.72124997955049, "n_estimators": 63.37576771770513}, "datetime": {"datetime": "2021-09-21 08:09:49", "elapsed": 155.671834, "delta": 1.368252}}
{"target": -2.4732772653282686, "params": {"max_depth": 27.78402326261312, "n_estimators": 97.3677060603384}, "datetime": {"datetime": "2021-09-21 08:09:51", "elapsed": 157.466683, "delta": 1.794849}}
{"target": -2.4455565142364106, "params": {"max_depth": 28.552493498764303, "n_estimators": 61.01826947280831}, "datetime": {"datetime": "2021-09-21 08:09:52", "elapsed": 158.897572, "delta": 1.430889}}
{"target": -2.4558756805807627, "params": {"max_depth": 28.295645077586858, "n_estimators": 58.57898537039074}, "datetime": {"datetime": "2021-09-21 08:09:53", "elapsed": 160.360904, "delta": 1.463332}}
{"target": -2.4540956263899183, "params": {"max_depth": 25.9920828925828, "n_estimators": 71.18446199579239}, "datetime": {"datetime": "2021-09-21 08:09:55", "elapsed": 162.068752, "delta": 1.707848}}
{"target": -2.4411233307148463, "params": {"max_depth": 23.586004357668664, "n_estimators": 67.61656644194869}, "datetime": {"datetime": "2021-09-21 08:09:58", "elapsed": 164.420787, "delta": 2.352035}}
{"target": -2.442397941970311, "params": {"max_depth": 20.753835727903812, "n_estimators": 65.70342097463751}, "datetime": {"datetime": "2021-09-21 08:09:59", "elapsed": 166.296174, "delta": 1.875387}}
{"target": -2.452033944502592, "params": {"max_depth": 18.07787950564903, "n_estimators": 64.09122902293755}, "datetime": {"datetime": "2021-09-21 08:10:01", "elapsed": 167.824906, "delta": 1.528732}}
{"target": -2.479105519993678, "params": {"max_depth": 19.304431025962458, "n_estimators": 74.8647199677612}, "datetime": {"datetime": "2021-09-21 08:10:02", "elapsed": 169.22802, "delta": 1.403114}}
{"target": -2.472619459833795, "params": {"max_depth": 24.782102722854184, "n_estimators": 76.23777815840857}, "datetime": {"datetime": "2021-09-21 08:10:04", "elapsed": 170.938193, "delta": 1.710173}}
{"target": -2.4584688995215314, "params": {"max_depth": 28.994128596228204, "n_estimators": 55.90057112665283}, "datetime": {"datetime": "2021-09-21 08:10:05", "elapsed": 172.285917, "delta": 1.347724}}
{"target": -2.4468157541029996, "params": {"max_depth": 20.913788306499086, "n_estimators": 62.49225289400014}, "datetime": {"datetime": "2021-09-21 08:10:07", "elapsed": 174.057135, "delta": 1.771218}}
{"target": -2.440998803827751, "params": {"max_depth": 27.606461842948356, "n_estimators": 66.65162276628637}, "datetime": {"datetime": "2021-09-21 08:10:09", "elapsed": 175.57228, "delta": 1.515145}}
{"target": -2.4397228867623606, "params": {"max_depth": 23.875989090663293, "n_estimators": 66.45458603413235}, "datetime": {"datetime": "2021-09-21 08:10:10", "elapsed": 177.091023, "delta": 1.518743}}
{"target": -2.4453767691287034, "params": {"max_depth": 21.207895342174858, "n_estimators": 68.92143431209175}, "datetime": {"datetime": "2021-09-21 08:10:12", "elapsed": 178.867921, "delta": 1.776898}}
{"target": -2.451887871853547, "params": {"max_depth": 29.005971777768558, "n_estimators": 69.04166721392318}, "datetime": {"datetime": "2021-09-21 08:10:13", "elapsed": 180.28681, "delta": 1.418889}}
{"target": -2.440998803827751, "params": {"max_depth": 29.997043898579673, "n_estimators": 66.89791427392944}, "datetime": {"datetime": "2021-09-21 08:10:15", "elapsed": 181.559729, "delta": 1.272919}}
{"target": -2.4500955008488963, "params": {"max_depth": 25.790711165497253, "n_estimators": 62.99027504053375}, "datetime": {"datetime": "2021-09-21 08:10:16", "elapsed": 182.837194, "delta": 1.277465}}
{"target": -2.4769891660496133, "params": {"max_depth": 13.714389927666579, "n_estimators": 93.15457173095905}, "datetime": {"datetime": "2021-09-21 08:10:18", "elapsed": 184.63036, "delta": 1.793166}}
{"target": -2.4773484343770815, "params": {"max_depth": 29.961614849900464, "n_estimators": 79.71465628545393}, "datetime": {"datetime": "2021-09-21 08:10:19", "elapsed": 186.105264, "delta": 1.474904}}
{"target": -2.450352855477856, "params": {"max_depth": 18.00433556224918, "n_estimators": 65.8355580498804}, "datetime": {"datetime": "2021-09-21 08:10:21", "elapsed": 187.455761, "delta": 1.350497}}
{"target": -2.454396690511, "params": {"max_depth": 17.210466974183777, "n_estimators": 72.3689412878562}, "datetime": {"datetime": "2021-09-21 08:10:22", "elapsed": 188.988902, "delta": 1.533141}}
{"target": -2.4785962779513264, "params": {"max_depth": 15.083223898900652, "n_estimators": 95.09569043736897}, "datetime": {"datetime": "2021-09-21 08:10:24", "elapsed": 190.457169, "delta": 1.468267}}
{"target": -2.4690651742381364, "params": {"max_depth": 20.379328304282087, "n_estimators": 93.77542481367124}, "datetime": {"datetime": "2021-09-21 08:10:25", "elapsed": 192.062887, "delta": 1.605718}}
{"target": -2.4817679171332583, "params": {"max_depth": 26.637518188463538, "n_estimators": 94.08658906152104}, "datetime": {"datetime": "2021-09-21 08:10:27", "elapsed": 193.4999, "delta": 1.437013}}
{"target": -2.4531526352994497, "params": {"max_depth": 17.762215701575105, "n_estimators": 57.65012207299923}, "datetime": {"datetime": "2021-09-21 08:10:28", "elapsed": 194.784258, "delta": 1.284358}}
{"target": -2.4485442928044527, "params": {"max_depth": 14.853289414601358, "n_estimators": 98.0116156713585}, "datetime": {"datetime": "2021-09-21 08:10:30", "elapsed": 196.608769, "delta": 1.824511}}
{"target": -2.4457914086687307, "params": {"max_depth": 26.006189793529547, "n_estimators": 68.34703728151166}, "datetime": {"datetime": "2021-09-21 08:10:31", "elapsed": 197.847034, "delta": 1.238265}}
{"target": -2.454968058373447, "params": {"max_depth": 19.79079723739102, "n_estimators": 63.61061352304736}, "datetime": {"datetime": "2021-09-21 08:10:32", "elapsed": 199.171753, "delta": 1.324719}}
{"target": -2.454766899888611, "params": {"max_depth": 19.672916096521398, "n_estimators": 60.82234548193141}, "datetime": {"datetime": "2021-09-21 08:10:34", "elapsed": 200.890214, "delta": 1.718461}}
{"target": -2.448456126055088, "params": {"max_depth": 14.183862495849079, "n_estimators": 82.39896476314}, "datetime": {"datetime": "2021-09-21 08:10:35", "elapsed": 202.265421, "delta": 1.375207}}
{"target": -2.474054712420255, "params": {"max_depth": 20.04002821340002, "n_estimators": 80.34958872372971}, "datetime": {"datetime": "2021-09-21 08:10:37", "elapsed": 204.213609, "delta": 1.948188}}
{"target": -2.4455565142364106, "params": {"max_depth": 24.22149376569629, "n_estimators": 61.610246915858035}, "datetime": {"datetime": "2021-09-21 08:10:39", "elapsed": 205.688662, "delta": 1.475053}}
{"target": -2.4455565142364106, "params": {"max_depth": 27.243805445211223, "n_estimators": 61.20447001360367}, "datetime": {"datetime": "2021-09-21 08:10:40", "elapsed": 207.020843, "delta": 1.332181}}
{"target": -2.4483465057700053, "params": {"max_depth": 14.589806983620395, "n_estimators": 91.34154493594801}, "datetime": {"datetime": "2021-09-21 08:10:42", "elapsed": 208.699269, "delta": 1.678426}}
{"target": -2.480238175763168, "params": {"max_depth": 14.826802081515105, "n_estimators": 50.014416126576805}, "datetime": {"datetime": "2021-09-21 08:10:43", "elapsed": 209.955265, "delta": 1.255996}}
{"target": -2.4792649727767695, "params": {"max_depth": 27.202927586545357, "n_estimators": 87.1641595889666}, "datetime": {"datetime": "2021-09-21 08:10:45", "elapsed": 211.617172, "delta": 1.661907}}
{"target": -2.4411298131692867, "params": {"max_depth": 21.048620802191202, "n_estimators": 66.68378503326167}, "datetime": {"datetime": "2021-09-21 08:10:47", "elapsed": 213.576441, "delta": 1.959269}}
{"target": -2.464522922874855, "params": {"max_depth": 16.50065089114083, "n_estimators": 56.3345388482136}, "datetime": {"datetime": "2021-09-21 08:10:49", "elapsed": 215.544888, "delta": 1.968447}}
{"target": -2.4403750854408752, "params": {"max_depth": 22.53614859695246, "n_estimators": 66.05803876665584}, "datetime": {"datetime": "2021-09-21 08:10:52", "elapsed": 219.21815, "delta": 3.673262}}
{"target": -2.4757880277617113, "params": {"max_depth": 30.0, "n_estimators": 91.64985876217987}, "datetime": {"datetime": "2021-09-21 08:10:55", "elapsed": 221.418843, "delta": 2.200693}}
{"target": -2.478631315221791, "params": {"max_depth": 13.691886953443696, "n_estimators": 99.99567587631114}, "datetime": {"datetime": "2021-09-21 08:10:56", "elapsed": 223.195677, "delta": 1.776834}}
{"target": -2.455385794443289, "params": {"max_depth": 18.1152259025016, "n_estimators": 69.28314813998344}, "datetime": {"datetime": "2021-09-21 08:10:59", "elapsed": 225.5723, "delta": 2.376623}}
{"target": -2.4460728744939266, "params": {"max_depth": 29.364968606005423, "n_estimators": 65.38438751477935}, "datetime": {"datetime": "2021-09-21 08:11:02", "elapsed": 228.685402, "delta": 3.113102}}
{"target": -2.451887871853547, "params": {"max_depth": 25.45746791553718, "n_estimators": 69.60937377352337}, "datetime": {"datetime": "2021-09-21 08:11:06", "elapsed": 232.45633, "delta": 3.770928}}
{"target": -2.4775862621670455, "params": {"max_depth": 21.20294736769367, "n_estimators": 86.57256710186002}, "datetime": {"datetime": "2021-09-21 08:11:08", "elapsed": 234.671845, "delta": 2.215515}}
{"target": -2.4830120156410795, "params": {"max_depth": 13.690429902801618, "n_estimators": 87.64390497912883}, "datetime": {"datetime": "2021-09-21 08:11:10", "elapsed": 236.916744, "delta": 2.244899}}
{"target": -2.4699946657183496, "params": {"max_depth": 29.108044440135423, "n_estimators": 74.25303106790172}, "datetime": {"datetime": "2021-09-21 08:11:12", "elapsed": 238.515747, "delta": 1.599003}}
{"target": -2.4460728744939266, "params": {"max_depth": 27.50120908777178, "n_estimators": 65.68987756583876}, "datetime": {"datetime": "2021-09-21 08:11:13", "elapsed": 239.934745, "delta": 1.418998}}
{"target": -2.4423802042419482, "params": {"max_depth": 25.585833299405554, "n_estimators": 67.24295528064349}, "datetime": {"datetime": "2021-09-21 08:11:15", "elapsed": 241.430748, "delta": 1.496003}}
{"target": -2.4623973206091243, "params": {"max_depth": 16.040890300287053, "n_estimators": 60.31865379113644}, "datetime": {"datetime": "2021-09-21 08:11:16", "elapsed": 242.833741, "delta": 1.402993}}
