{"target": -11.83305291887365, "params": {"max_depth": 21.811023190047116, "n_estimators": 152.33758507397647}, "datetime": {"datetime": "2021-09-27 17:35:55", "elapsed": 1214.482491, "delta": 3.750985}}
{"target": -11.849995752024011, "params": {"max_depth": 28.567265595819233, "n_estimators": 183.09714893826254}, "datetime": {"datetime": "2021-09-27 17:36:00", "elapsed": 1219.728504, "delta": 5.246013}}
{"target": -11.865791574518862, "params": {"max_depth": 22.093364669513317, "n_estimators": 127.66498178986208}, "datetime": {"datetime": "2021-09-27 17:36:05", "elapsed": 1224.24043, "delta": 4.511926}}
{"target": -11.833220910587379, "params": {"max_depth": 23.292904349888865, "n_estimators": 130.92148877872575}, "datetime": {"datetime": "2021-09-27 17:36:09", "elapsed": 1228.327729, "delta": 4.087299}}
{"target": -11.846416213230599, "params": {"max_depth": 26.732153687226607, "n_estimators": 192.62280822508762}, "datetime": {"datetime": "2021-09-27 17:36:13", "elapsed": 1232.399211, "delta": 4.071482}}
{"target": -11.908607957284733, "params": {"max_depth": 13.36527247467894, "n_estimators": 137.41483215331112}, "datetime": {"datetime": "2021-09-27 17:36:16", "elapsed": 1235.71649, "delta": 3.317279}}
{"target": -11.842720822522713, "params": {"max_depth": 22.84819623793422, "n_estimators": 196.63659109387402}, "datetime": {"datetime": "2021-09-27 17:36:21", "elapsed": 1240.673558, "delta": 4.957068}}
{"target": -11.847349755251646, "params": {"max_depth": 28.46241800461002, "n_estimators": 134.84253461942342}, "datetime": {"datetime": "2021-09-27 17:36:25", "elapsed": 1244.434, "delta": 3.760442}}
{"target": -11.838049963543451, "params": {"max_depth": 19.015482768573595, "n_estimators": 104.26761502856166}, "datetime": {"datetime": "2021-09-27 17:36:28", "elapsed": 1247.944296, "delta": 3.510296}}
{"target": -11.85556956753644, "params": {"max_depth": 24.40354528057266, "n_estimators": 143.9396869385912}, "datetime": {"datetime": "2021-09-27 17:36:32", "elapsed": 1251.386819, "delta": 3.442523}}
{"target": -11.84803557491136, "params": {"max_depth": 26.162293381248347, "n_estimators": 140.1542490430169}, "datetime": {"datetime": "2021-09-27 17:36:36", "elapsed": 1256.000402, "delta": 4.613583}}
{"target": -11.84475396195895, "params": {"max_depth": 26.663616533435423, "n_estimators": 174.9999858821251}, "datetime": {"datetime": "2021-09-27 17:36:40", "elapsed": 1259.722155, "delta": 3.721753}}
{"target": -11.82108865373424, "params": {"max_depth": 20.75119420779268, "n_estimators": 163.40445460168445}, "datetime": {"datetime": "2021-09-27 17:36:44", "elapsed": 1263.668199, "delta": 3.946044}}
{"target": -12.221837338344189, "params": {"max_depth": 8.06683839950497, "n_estimators": 133.85158579867584}, "datetime": {"datetime": "2021-09-27 17:36:48", "elapsed": 1267.272073, "delta": 3.603874}}
{"target": -11.856231430410217, "params": {"max_depth": 19.70115677683363, "n_estimators": 178.7766854071425}, "datetime": {"datetime": "2021-09-27 17:36:54", "elapsed": 1273.200131, "delta": 5.928058}}
{"target": -11.828980653661251, "params": {"max_depth": 17.94577031195313, "n_estimators": 170.9844238887534}, "datetime": {"datetime": "2021-09-27 17:36:59", "elapsed": 1278.086793, "delta": 4.886662}}
{"target": -11.8462134659275, "params": {"max_depth": 29.983859236162576, "n_estimators": 119.37055246710784}, "datetime": {"datetime": "2021-09-27 17:37:03", "elapsed": 1282.088579, "delta": 4.001786}}
{"target": -11.837496784804383, "params": {"max_depth": 18.513851297454245, "n_estimators": 139.4170891326459}, "datetime": {"datetime": "2021-09-27 17:37:06", "elapsed": 1285.656222, "delta": 3.567643}}
{"target": -11.85231809786709, "params": {"max_depth": 21.525682977239413, "n_estimators": 190.97507565230862}, "datetime": {"datetime": "2021-09-27 17:37:10", "elapsed": 1289.890516, "delta": 4.234294}}
{"target": -11.745551691993265, "params": {"max_depth": 14.254777202172066, "n_estimators": 122.7229929241316}, "datetime": {"datetime": "2021-09-27 17:37:15", "elapsed": 1294.671325, "delta": 4.780809}}
{"target": -11.834791678006388, "params": {"max_depth": 23.934398134233547, "n_estimators": 150.01809065502346}, "datetime": {"datetime": "2021-09-27 17:37:20", "elapsed": 1299.926743, "delta": 5.255418}}
{"target": -11.844797894327785, "params": {"max_depth": 21.555786717434163, "n_estimators": 141.66781743478253}, "datetime": {"datetime": "2021-09-27 17:37:25", "elapsed": 1304.354174, "delta": 4.427431}}
{"target": -11.871516680478473, "params": {"max_depth": 14.524794585441944, "n_estimators": 192.9209149873351}, "datetime": {"datetime": "2021-09-27 17:37:29", "elapsed": 1308.10013, "delta": 3.745956}}
{"target": -12.02059227773943, "params": {"max_depth": 11.11331452873031, "n_estimators": 185.43532015429258}, "datetime": {"datetime": "2021-09-27 17:37:34", "elapsed": 1313.674566, "delta": 5.574436}}
{"target": -11.709398199399802, "params": {"max_depth": 14.307738678754182, "n_estimators": 110.08460326244943}, "datetime": {"datetime": "2021-09-27 17:37:38", "elapsed": 1317.904596, "delta": 4.23003}}
{"target": -11.729675301473655, "params": {"max_depth": 14.456927737192423, "n_estimators": 125.49494498822885}, "datetime": {"datetime": "2021-09-27 17:37:44", "elapsed": 1323.410178, "delta": 5.505582}}
{"target": -11.789033608507564, "params": {"max_depth": 15.190290549278526, "n_estimators": 126.25977750684864}, "datetime": {"datetime": "2021-09-27 17:37:48", "elapsed": 1327.935959, "delta": 4.525781}}
{"target": -11.881571991698952, "params": {"max_depth": 13.645691015105717, "n_estimators": 126.19325593296217}, "datetime": {"datetime": "2021-09-27 17:37:53", "elapsed": 1332.534703, "delta": 4.598744}}
{"target": -11.737885472392948, "params": {"max_depth": 14.92635027770914, "n_estimators": 124.67600948421264}, "datetime": {"datetime": "2021-09-27 17:37:58", "elapsed": 1337.556708, "delta": 5.022005}}
{"target": -11.737885472392948, "params": {"max_depth": 14.32317217728155, "n_estimators": 124.76887508345229}, "datetime": {"datetime": "2021-09-27 17:38:02", "elapsed": 1341.933757, "delta": 4.377049}}
{"target": -11.856090924685333, "params": {"max_depth": 24.726667105432483, "n_estimators": 175.83460507990097}, "datetime": {"datetime": "2021-09-27 17:38:07", "elapsed": 1346.619455, "delta": 4.685698}}
{"target": -11.784853489116038, "params": {"max_depth": 15.318732432579917, "n_estimators": 125.3995247164979}, "datetime": {"datetime": "2021-09-27 17:38:13", "elapsed": 1352.858868, "delta": 6.239413}}
