{"target": -10.964487382894891, "params": {"max_depth": 16.82634037235691, "n_estimators": 67.03186460382533}, "datetime": {"datetime": "2021-09-27 17:04:19", "elapsed": 698.0286, "delta": 4.349651}}
{"target": -11.060018995033401, "params": {"max_depth": 15.297745749248069, "n_estimators": 69.23841574121957}, "datetime": {"datetime": "2021-09-27 17:04:22", "elapsed": 700.670779, "delta": 2.642179}}
{"target": -11.134017246770822, "params": {"max_depth": 34.179248595256375, "n_estimators": 72.0}, "datetime": {"datetime": "2021-09-27 17:04:27", "elapsed": 706.400274, "delta": 5.729495}}
{"target": -11.031907831663908, "params": {"max_depth": 23.875532722089133, "n_estimators": 67.36361173474134}, "datetime": {"datetime": "2021-09-27 17:04:31", "elapsed": 709.538634, "delta": 3.13836}}
{"target": -11.031907831663908, "params": {"max_depth": 28.999198289622477, "n_estimators": 67.53248909395109}, "datetime": {"datetime": "2021-09-27 17:04:34", "elapsed": 712.599652, "delta": 3.061018}}
{"target": -10.964487382894891, "params": {"max_depth": 16.732694879758228, "n_estimators": 67.32055848790512}, "datetime": {"datetime": "2021-09-27 17:04:36", "elapsed": 714.692875, "delta": 2.093223}}
{"target": -11.031907831663908, "params": {"max_depth": 29.562952611557836, "n_estimators": 67.00942858719905}, "datetime": {"datetime": "2021-09-27 17:04:39", "elapsed": 718.076283, "delta": 3.383408}}
{"target": -11.156878947954585, "params": {"max_depth": 14.921132274719879, "n_estimators": 71.99011002404836}, "datetime": {"datetime": "2021-09-27 17:04:42", "elapsed": 721.155168, "delta": 3.078885}}
{"target": -10.956971841071688, "params": {"max_depth": 16.56924758088371, "n_estimators": 66.94188513899196}, "datetime": {"datetime": "2021-09-27 17:04:47", "elapsed": 726.232335, "delta": 5.077167}}
{"target": -10.956971841071688, "params": {"max_depth": 16.18694535083716, "n_estimators": 66.61081660758181}, "datetime": {"datetime": "2021-09-27 17:04:52", "elapsed": 730.978943, "delta": 4.746608}}
{"target": -11.031907831663908, "params": {"max_depth": 23.20139775186768, "n_estimators": 67.7428483305616}, "datetime": {"datetime": "2021-09-27 17:04:56", "elapsed": 735.323027, "delta": 4.344084}}
{"target": -10.976995895932966, "params": {"max_depth": 16.42974767172459, "n_estimators": 65.1054002952919}, "datetime": {"datetime": "2021-09-27 17:05:01", "elapsed": 739.707238, "delta": 4.384211}}
{"target": -10.978236811183601, "params": {"max_depth": 18.212297263686704, "n_estimators": 67.61744830434947}, "datetime": {"datetime": "2021-09-27 17:05:05", "elapsed": 744.417048, "delta": 4.70981}}
{"target": -10.979759869435217, "params": {"max_depth": 15.200217588799632, "n_estimators": 66.3500185577943}, "datetime": {"datetime": "2021-09-27 17:05:10", "elapsed": 748.994567, "delta": 4.577519}}
{"target": -10.978236811183601, "params": {"max_depth": 18.766511318614864, "n_estimators": 67.05938596390178}, "datetime": {"datetime": "2021-09-27 17:05:15", "elapsed": 754.299083, "delta": 5.304516}}
{"target": -11.0166490295838, "params": {"max_depth": 19.165110973362026, "n_estimators": 67.40201818379875}, "datetime": {"datetime": "2021-09-27 17:05:19", "elapsed": 757.981865, "delta": 3.682782}}
{"target": -10.991287343065748, "params": {"max_depth": 20.655014272232908, "n_estimators": 67.15639293183753}, "datetime": {"datetime": "2021-09-27 17:05:24", "elapsed": 762.641415, "delta": 4.65955}}
{"target": -10.964487382894891, "params": {"max_depth": 16.194679124149296, "n_estimators": 67.57943545654038}, "datetime": {"datetime": "2021-09-27 17:05:30", "elapsed": 768.845008, "delta": 6.203593}}
{"target": -11.02216540553383, "params": {"max_depth": 23.601314388417237, "n_estimators": 65.57026273517394}, "datetime": {"datetime": "2021-09-27 17:05:35", "elapsed": 774.009701, "delta": 5.164693}}
{"target": -11.031907831663908, "params": {"max_depth": 26.49649698370375, "n_estimators": 67.30832941091853}, "datetime": {"datetime": "2021-09-27 17:05:39", "elapsed": 778.411692, "delta": 4.401991}}
{"target": -11.031907831663908, "params": {"max_depth": 34.53274510215947, "n_estimators": 67.84889822643153}, "datetime": {"datetime": "2021-09-27 17:05:46", "elapsed": 784.670863, "delta": 6.259171}}
{"target": -11.0166490295838, "params": {"max_depth": 19.52943593198828, "n_estimators": 67.5725920575582}, "datetime": {"datetime": "2021-09-27 17:05:48", "elapsed": 786.951977, "delta": 2.281114}}
{"target": -10.956971841071688, "params": {"max_depth": 16.51529845164503, "n_estimators": 66.20328064599994}, "datetime": {"datetime": "2021-09-27 17:05:51", "elapsed": 790.378491, "delta": 3.426514}}
{"target": -11.124880371421867, "params": {"max_depth": 33.569971477503536, "n_estimators": 64.0}, "datetime": {"datetime": "2021-09-27 17:05:57", "elapsed": 795.792755, "delta": 5.414264}}
{"target": -11.08885330294382, "params": {"max_depth": 21.579900983982476, "n_estimators": 68.74589084474526}, "datetime": {"datetime": "2021-09-27 17:06:00", "elapsed": 799.130993, "delta": 3.338238}}
{"target": -10.956971841071688, "params": {"max_depth": 16.679751243048287, "n_estimators": 66.6340804407344}, "datetime": {"datetime": "2021-09-27 17:06:06", "elapsed": 805.370261, "delta": 6.239268}}
{"target": -10.956971841071688, "params": {"max_depth": 16.724344997328572, "n_estimators": 66.35095443501876}, "datetime": {"datetime": "2021-09-27 17:06:12", "elapsed": 810.742442, "delta": 5.372181}}
{"target": -10.975094559811662, "params": {"max_depth": 18.33119593334547, "n_estimators": 65.92269471998002}, "datetime": {"datetime": "2021-09-27 17:06:17", "elapsed": 815.550123, "delta": 4.807681}}
{"target": -10.976995895932966, "params": {"max_depth": 16.27886198468849, "n_estimators": 65.96745169013366}, "datetime": {"datetime": "2021-09-27 17:06:20", "elapsed": 818.939592, "delta": 3.389469}}
{"target": -11.045776618881904, "params": {"max_depth": 16.920549469537082, "n_estimators": 71.03641879330569}, "datetime": {"datetime": "2021-09-27 17:06:25", "elapsed": 823.556904, "delta": 4.617312}}
{"target": -11.08885330294382, "params": {"max_depth": 33.61614118081006, "n_estimators": 68.80726377947406}, "datetime": {"datetime": "2021-09-27 17:06:27", "elapsed": 825.992698, "delta": 2.435794}}
{"target": -11.036421088833567, "params": {"max_depth": 16.539162315551373, "n_estimators": 70.50641688473713}, "datetime": {"datetime": "2021-09-27 17:06:30", "elapsed": 828.991657, "delta": 2.998959}}
{"target": -10.985143514393844, "params": {"max_depth": 15.85507151973755, "n_estimators": 65.75390790286293}, "datetime": {"datetime": "2021-09-27 17:06:33", "elapsed": 832.102651, "delta": 3.110994}}
{"target": -11.02216540553383, "params": {"max_depth": 27.260592466244127, "n_estimators": 65.90386925842581}, "datetime": {"datetime": "2021-09-27 17:06:36", "elapsed": 834.950427, "delta": 2.847776}}
{"target": -11.100211675715176, "params": {"max_depth": 28.138813228421697, "n_estimators": 69.19105352858567}, "datetime": {"datetime": "2021-09-27 17:06:39", "elapsed": 838.409634, "delta": 3.459207}}
{"target": -10.979716936868593, "params": {"max_depth": 20.24286110958171, "n_estimators": 65.43272683749282}, "datetime": {"datetime": "2021-09-27 17:06:45", "elapsed": 843.487084, "delta": 5.07745}}
{"target": -11.08885330294382, "params": {"max_depth": 21.353940089386242, "n_estimators": 68.31399649154021}, "datetime": {"datetime": "2021-09-27 17:06:47", "elapsed": 845.862593, "delta": 2.375509}}
{"target": -10.956971841071688, "params": {"max_depth": 16.432448300122132, "n_estimators": 66.7024140983441}, "datetime": {"datetime": "2021-09-27 17:06:53", "elapsed": 851.972335, "delta": 6.109742}}
{"target": -11.08885330294382, "params": {"max_depth": 32.413029369818844, "n_estimators": 68.7206080312946}, "datetime": {"datetime": "2021-09-27 17:06:55", "elapsed": 854.270385, "delta": 2.29805}}
{"target": -10.985143514393844, "params": {"max_depth": 15.334662059427435, "n_estimators": 65.95119791391255}, "datetime": {"datetime": "2021-09-27 17:06:58", "elapsed": 856.853822, "delta": 2.583437}}
{"target": -11.124880371421867, "params": {"max_depth": 27.13526189313935, "n_estimators": 64.79668773900711}, "datetime": {"datetime": "2021-09-27 17:07:00", "elapsed": 859.173238, "delta": 2.319416}}
{"target": -10.964487382894891, "params": {"max_depth": 16.156365277329485, "n_estimators": 67.34761265535913}, "datetime": {"datetime": "2021-09-27 17:07:04", "elapsed": 863.073013, "delta": 3.899775}}
{"target": -11.04245263873036, "params": {"max_depth": 15.778358291813074, "n_estimators": 68.16683808151105}, "datetime": {"datetime": "2021-09-27 17:07:10", "elapsed": 869.428594, "delta": 6.355581}}
{"target": -11.026648056847742, "params": {"max_depth": 30.368198057747712, "n_estimators": 66.9789736380542}, "datetime": {"datetime": "2021-09-27 17:07:13", "elapsed": 871.771539, "delta": 2.342945}}
{"target": -10.978236811183601, "params": {"max_depth": 18.37682439682571, "n_estimators": 67.33555900812306}, "datetime": {"datetime": "2021-09-27 17:07:16", "elapsed": 875.052539, "delta": 3.281}}
{"target": -10.956971841071688, "params": {"max_depth": 16.82263324510349, "n_estimators": 66.00333321772555}, "datetime": {"datetime": "2021-09-27 17:07:20", "elapsed": 879.342914, "delta": 4.290375}}
{"target": -10.956971841071688, "params": {"max_depth": 16.206923822899377, "n_estimators": 66.82558871740837}, "datetime": {"datetime": "2021-09-27 17:07:25", "elapsed": 884.151358, "delta": 4.808444}}
{"target": -11.012875315577467, "params": {"max_depth": 19.081821886512017, "n_estimators": 66.43886138730343}, "datetime": {"datetime": "2021-09-27 17:07:30", "elapsed": 888.661065, "delta": 4.509707}}
{"target": -11.045776618881904, "params": {"max_depth": 16.428101912600024, "n_estimators": 71.74087681934552}, "datetime": {"datetime": "2021-09-27 17:07:34", "elapsed": 892.470616, "delta": 3.809551}}
{"target": -11.084133825485583, "params": {"max_depth": 14.0, "n_estimators": 65.02616570794622}, "datetime": {"datetime": "2021-09-27 17:07:37", "elapsed": 896.004361, "delta": 3.533745}}
{"target": -11.026648056847742, "params": {"max_depth": 23.123799643539236, "n_estimators": 66.68364413700775}, "datetime": {"datetime": "2021-09-27 17:07:40", "elapsed": 898.801187, "delta": 2.796826}}
{"target": -11.02216540553383, "params": {"max_depth": 31.19028301601982, "n_estimators": 65.54827181622483}, "datetime": {"datetime": "2021-09-27 17:07:44", "elapsed": 903.374024, "delta": 4.572837}}
{"target": -10.98344908311474, "params": {"max_depth": 20.8410748680673, "n_estimators": 66.33753772584674}, "datetime": {"datetime": "2021-09-27 17:07:49", "elapsed": 908.105476, "delta": 4.731452}}
{"target": -11.072726920944595, "params": {"max_depth": 16.75524289818267, "n_estimators": 64.00934445518743}, "datetime": {"datetime": "2021-09-27 17:07:59", "elapsed": 917.73046, "delta": 9.624984}}
{"target": -11.100211675715176, "params": {"max_depth": 25.847830142024534, "n_estimators": 69.50803797176707}, "datetime": {"datetime": "2021-09-27 17:08:02", "elapsed": 921.112671, "delta": 3.382211}}
{"target": -10.956971841071688, "params": {"max_depth": 16.63185911674594, "n_estimators": 66.33103589671624}, "datetime": {"datetime": "2021-09-27 17:08:07", "elapsed": 925.978383, "delta": 4.865712}}
{"target": -10.956971841071688, "params": {"max_depth": 16.254284248144177, "n_estimators": 66.13660589558738}, "datetime": {"datetime": "2021-09-27 17:08:10", "elapsed": 929.050348, "delta": 3.071965}}
{"target": -10.956971841071688, "params": {"max_depth": 16.384297494912897, "n_estimators": 66.08880379613672}, "datetime": {"datetime": "2021-09-27 17:08:15", "elapsed": 933.968531, "delta": 4.918183}}
{"target": -11.02216540553383, "params": {"max_depth": 22.162729126453065, "n_estimators": 65.5579874209448}, "datetime": {"datetime": "2021-09-27 17:08:21", "elapsed": 939.807814, "delta": 5.839283}}
{"target": -11.01841282929331, "params": {"max_depth": 19.690608755284114, "n_estimators": 65.80329922031238}, "datetime": {"datetime": "2021-09-27 17:08:24", "elapsed": 942.818392, "delta": 3.010578}}
{"target": -10.956971841071688, "params": {"max_depth": 16.161485287550956, "n_estimators": 66.72843448756012}, "datetime": {"datetime": "2021-09-27 17:08:28", "elapsed": 946.563668, "delta": 3.745276}}
{"target": -10.985143514393844, "params": {"max_depth": 15.99080616868155, "n_estimators": 65.98576023951267}, "datetime": {"datetime": "2021-09-27 17:08:32", "elapsed": 951.047017, "delta": 4.483349}}
{"target": -10.976995895932966, "params": {"max_depth": 16.179399353317773, "n_estimators": 65.62382971582917}, "datetime": {"datetime": "2021-09-27 17:08:36", "elapsed": 955.173062, "delta": 4.126045}}
{"target": -11.104451286110764, "params": {"max_depth": 26.721039735899815, "n_estimators": 70.78921536211432}, "datetime": {"datetime": "2021-09-27 17:08:40", "elapsed": 959.418346, "delta": 4.245284}}
{"target": -11.02216540553383, "params": {"max_depth": 30.48894008266605, "n_estimators": 65.08991584321481}, "datetime": {"datetime": "2021-09-27 17:08:45", "elapsed": 964.075113, "delta": 4.656767}}
{"target": -11.026648056847742, "params": {"max_depth": 21.661596468160702, "n_estimators": 66.747589128431}, "datetime": {"datetime": "2021-09-27 17:08:50", "elapsed": 968.824866, "delta": 4.749753}}
{"target": -11.009945572838891, "params": {"max_depth": 16.81443361314191, "n_estimators": 68.8547685269612}, "datetime": {"datetime": "2021-09-27 17:08:56", "elapsed": 974.461955, "delta": 5.637089}}
{"target": -11.031907831663908, "params": {"max_depth": 31.847760485886937, "n_estimators": 67.15020770595756}, "datetime": {"datetime": "2021-09-27 17:09:03", "elapsed": 981.87853, "delta": 7.416575}}
{"target": -11.275062032656221, "params": {"max_depth": 13.093638136374645, "n_estimators": 72.31212485077366}, "datetime": {"datetime": "2021-09-27 17:18:42", "elapsed": 0.0, "delta": 0.0}}
{"target": -25.337755629277197, "params": {"max_depth": 1.0033168697030017, "n_estimators": 30.930924690552136}, "datetime": {"datetime": "2021-09-27 17:18:42", "elapsed": 0.15, "delta": 0.15}}
{"target": -13.257796623247717, "params": {"max_depth": 5.255920833696278, "n_estimators": 10.141520882110981}, "datetime": {"datetime": "2021-09-27 17:18:42", "elapsed": 0.248001, "delta": 0.098001}}
{"target": -12.533349325288942, "params": {"max_depth": 6.4015461299524565, "n_estimators": 35.210511977261724}, "datetime": {"datetime": "2021-09-27 17:18:43", "elapsed": 0.613, "delta": 0.364999}}
{"target": -11.373872682859979, "params": {"max_depth": 12.506256752689428, "n_estimators": 54.34285666633234}, "datetime": {"datetime": "2021-09-27 17:18:44", "elapsed": 1.47999, "delta": 0.86699}}
{"target": -11.373872682859979, "params": {"max_depth": 12.277328678147006, "n_estimators": 54.26078429382841}, "datetime": {"datetime": "2021-09-27 17:18:45", "elapsed": 2.349131, "delta": 0.869141}}
{"target": -11.73288002378187, "params": {"max_depth": 10.759799698033786, "n_estimators": 40.5150115742464}, "datetime": {"datetime": "2021-09-27 17:18:46", "elapsed": 4.237285, "delta": 1.888154}}
{"target": -11.249328177003356, "params": {"max_depth": 11.822080228882257, "n_estimators": 63.70305396210867}, "datetime": {"datetime": "2021-09-27 17:18:48", "elapsed": 6.138184, "delta": 1.900899}}
{"target": -11.012875315577467, "params": {"max_depth": 19.609967639712217, "n_estimators": 66.69679028779385}, "datetime": {"datetime": "2021-09-27 17:18:50", "elapsed": 7.312641, "delta": 1.174457}}
{"target": -11.203801201760351, "params": {"max_depth": 21.752999662545545, "n_estimators": 75.20903597978702}, "datetime": {"datetime": "2021-09-27 17:18:51", "elapsed": 8.564269, "delta": 1.251628}}
{"target": -11.08885330294382, "params": {"max_depth": 28.609687218515536, "n_estimators": 68.9609954956522}, "datetime": {"datetime": "2021-09-27 17:18:52", "elapsed": 9.983421, "delta": 1.419152}}
{"target": -11.217988990524578, "params": {"max_depth": 25.71812035773662, "n_estimators": 59.83621551889066}, "datetime": {"datetime": "2021-09-27 17:18:53", "elapsed": 11.169658, "delta": 1.186237}}
{"target": -11.17776519027008, "params": {"max_depth": 29.751403476940173, "n_estimators": 78.35099252095335}, "datetime": {"datetime": "2021-09-27 17:18:55", "elapsed": 12.67864, "delta": 1.508982}}
{"target": -11.151627546323631, "params": {"max_depth": 23.142438485861334, "n_estimators": 85.52880097517698}, "datetime": {"datetime": "2021-09-27 17:18:56", "elapsed": 13.891648, "delta": 1.213008}}
{"target": -11.154862355978183, "params": {"max_depth": 14.152137188578712, "n_estimators": 82.47357174384088}, "datetime": {"datetime": "2021-09-27 17:18:57", "elapsed": 15.18264, "delta": 1.290992}}
{"target": -11.073510184096817, "params": {"max_depth": 15.81202490361286, "n_estimators": 92.14555617363469}, "datetime": {"datetime": "2021-09-27 17:18:59", "elapsed": 16.526948, "delta": 1.344308}}
{"target": -12.289548520779734, "params": {"max_depth": 6.750021712653727, "n_estimators": 89.12285412620344}, "datetime": {"datetime": "2021-09-27 17:19:00", "elapsed": 17.593941, "delta": 1.066993}}
{"target": -11.079600626196063, "params": {"max_depth": 24.63950917504976, "n_estimators": 95.31442895037247}, "datetime": {"datetime": "2021-09-27 17:19:01", "elapsed": 18.879707, "delta": 1.285766}}
{"target": -11.009369044259913, "params": {"max_depth": 15.91255683701486, "n_estimators": 99.8504709366595}, "datetime": {"datetime": "2021-09-27 17:19:03", "elapsed": 20.357306, "delta": 1.477599}}
{"target": -18.352010174749292, "params": {"max_depth": 2.990054318729492, "n_estimators": 69.26861327475656}, "datetime": {"datetime": "2021-09-27 17:19:03", "elapsed": 20.992837, "delta": 0.635531}}
{"target": -11.497044916827814, "params": {"max_depth": 16.036603801421016, "n_estimators": 32.89961902512935}, "datetime": {"datetime": "2021-09-27 17:19:04", "elapsed": 21.799834, "delta": 0.806997}}
{"target": -11.109279404547733, "params": {"max_depth": 29.968242455125754, "n_estimators": 88.65992043080263}, "datetime": {"datetime": "2021-09-27 17:19:05", "elapsed": 23.072836, "delta": 1.273002}}
{"target": -11.341346927165452, "params": {"max_depth": 23.80783398038056, "n_estimators": 49.539082796678066}, "datetime": {"datetime": "2021-09-27 17:19:06", "elapsed": 23.964838, "delta": 0.892002}}
{"target": -11.448902292679799, "params": {"max_depth": 24.9736523839718, "n_estimators": 39.27662507878402}, "datetime": {"datetime": "2021-09-27 17:19:07", "elapsed": 24.659878, "delta": 0.69504}}
{"target": -12.215891059829035, "params": {"max_depth": 6.9005504221576235, "n_estimators": 100.0}, "datetime": {"datetime": "2021-09-27 17:19:08", "elapsed": 25.76288, "delta": 1.103002}}
{"target": -11.588891595566961, "params": {"max_depth": 26.22733724347154, "n_estimators": 28.97328709707327}, "datetime": {"datetime": "2021-09-27 17:19:09", "elapsed": 26.413534, "delta": 0.650654}}
{"target": -11.329993308936318, "params": {"max_depth": 21.244022803254715, "n_estimators": 19.91329698863734}, "datetime": {"datetime": "2021-09-27 17:19:09", "elapsed": 27.01052, "delta": 0.596986}}
{"target": -11.585942653937725, "params": {"max_depth": 30.0, "n_estimators": 18.47688451134505}, "datetime": {"datetime": "2021-09-27 17:19:10", "elapsed": 27.54652, "delta": 0.536}}
{"target": -11.600416803200968, "params": {"max_depth": 23.570713955427046, "n_estimators": 10.45629080422771}, "datetime": {"datetime": "2021-09-27 17:19:10", "elapsed": 27.962518, "delta": 0.415998}}
{"target": -17.647992577578908, "params": {"max_depth": 29.82540453932869, "n_estimators": 1.9325398693779898}, "datetime": {"datetime": "2021-09-27 17:19:10", "elapsed": 28.253763, "delta": 0.291245}}
{"target": -11.031160964068672, "params": {"max_depth": 29.914511656317146, "n_estimators": 99.9485109097087}, "datetime": {"datetime": "2021-09-27 17:19:12", "elapsed": 29.792765, "delta": 1.539002}}
{"target": -25.442988634859642, "params": {"max_depth": 1.5690276097300762, "n_estimators": 49.58362011584245}, "datetime": {"datetime": "2021-09-27 17:19:13", "elapsed": 30.374871, "delta": 0.582106}}
{"target": -16.827344709253097, "params": {"max_depth": 13.046242573356025, "n_estimators": 1.0}, "datetime": {"datetime": "2021-09-27 17:19:13", "elapsed": 30.687866, "delta": 0.312995}}
{"target": -11.338532720979215, "params": {"max_depth": 30.0, "n_estimators": 45.82523716613695}, "datetime": {"datetime": "2021-09-27 17:19:14", "elapsed": 31.523624, "delta": 0.835758}}
{"target": -11.548137624876235, "params": {"max_depth": 14.163825585324355, "n_estimators": 15.591814908676524}, "datetime": {"datetime": "2021-09-27 17:19:14", "elapsed": 32.088623, "delta": 0.564999}}
{"target": -11.364575671531997, "params": {"max_depth": 29.928547017321154, "n_estimators": 53.87441048238601}, "datetime": {"datetime": "2021-09-27 17:19:15", "elapsed": 33.041409, "delta": 0.952786}}
{"target": -11.354704828986979, "params": {"max_depth": 18.00214148760243, "n_estimators": 44.10594823788673}, "datetime": {"datetime": "2021-09-27 17:19:16", "elapsed": 33.942411, "delta": 0.901002}}
{"target": -28.650812832836355, "params": {"max_depth": 1.1003167212309424, "n_estimators": 1.1860720029992735}, "datetime": {"datetime": "2021-09-27 17:19:16", "elapsed": 34.280768, "delta": 0.338357}}
{"target": -24.95690625633382, "params": {"max_depth": 1.3110799687170125, "n_estimators": 83.68186284892951}, "datetime": {"datetime": "2021-09-27 17:19:17", "elapsed": 34.932764, "delta": 0.651996}}
{"target": -11.686659757871135, "params": {"max_depth": 13.441946256376347, "n_estimators": 24.493063243456547}, "datetime": {"datetime": "2021-09-27 17:19:18", "elapsed": 35.573806, "delta": 0.641042}}
{"target": -11.50046461246312, "params": {"max_depth": 30.0, "n_estimators": 35.057892728563885}, "datetime": {"datetime": "2021-09-27 17:19:19", "elapsed": 36.323356, "delta": 0.74955}}
