{"target": -11.031907831663908, "params": {"max_depth": 34.041046631447344, "n_estimators": 67.63799107940544}, "datetime": {"datetime": "2021-09-27 16:54:11", "elapsed": 89.852769, "delta": 0.869058}}
{"target": -10.956971841071688, "params": {"max_depth": 16.13303884848796, "n_estimators": 66.83894424346666}, "datetime": {"datetime": "2021-09-27 16:54:12", "elapsed": 90.725085, "delta": 0.872316}}
{"target": -10.956971841071688, "params": {"max_depth": 16.472840531579347, "n_estimators": 66.12436357752959}, "datetime": {"datetime": "2021-09-27 16:54:13", "elapsed": 91.588079, "delta": 0.862994}}
{"target": -11.08885330294382, "params": {"max_depth": 28.63133550287951, "n_estimators": 68.56389343898256}, "datetime": {"datetime": "2021-09-27 16:54:14", "elapsed": 92.466893, "delta": 0.878814}}
{"target": -10.979716936868593, "params": {"max_depth": 20.825642765420277, "n_estimators": 65.7288851452842}, "datetime": {"datetime": "2021-09-27 16:54:14", "elapsed": 93.342774, "delta": 0.875881}}
{"target": -11.02216540553383, "params": {"max_depth": 21.444652685088375, "n_estimators": 65.2866356386362}, "datetime": {"datetime": "2021-09-27 16:54:15", "elapsed": 94.178032, "delta": 0.835258}}
{"target": -10.968040630928297, "params": {"max_depth": 18.57884338855145, "n_estimators": 66.48894835811937}, "datetime": {"datetime": "2021-09-27 16:54:16", "elapsed": 95.13904, "delta": 0.961008}}
{"target": -10.975094559811662, "params": {"max_depth": 18.519146806602254, "n_estimators": 65.81372087699864}, "datetime": {"datetime": "2021-09-27 16:54:17", "elapsed": 96.062282, "delta": 0.923242}}
{"target": -10.975094559811662, "params": {"max_depth": 18.82102613512127, "n_estimators": 65.31750038137668}, "datetime": {"datetime": "2021-09-27 16:54:18", "elapsed": 96.948798, "delta": 0.886516}}
{"target": -10.975094559811662, "params": {"max_depth": 18.375028456337915, "n_estimators": 65.17812245859312}, "datetime": {"datetime": "2021-09-27 16:54:19", "elapsed": 97.810955, "delta": 0.862157}}
{"target": -11.030254501626976, "params": {"max_depth": 18.235158002435348, "n_estimators": 68.1037633597359}, "datetime": {"datetime": "2021-09-27 16:54:20", "elapsed": 98.718843, "delta": 0.907888}}
{"target": -10.978236811183601, "params": {"max_depth": 18.89178948865255, "n_estimators": 67.632224816334}, "datetime": {"datetime": "2021-09-27 16:54:21", "elapsed": 99.601887, "delta": 0.883044}}
{"target": -10.964487382894891, "params": {"max_depth": 16.935548291953904, "n_estimators": 67.07571870464146}, "datetime": {"datetime": "2021-09-27 16:54:22", "elapsed": 100.489457, "delta": 0.88757}}
{"target": -11.075067306468709, "params": {"max_depth": 18.56531675942524, "n_estimators": 72.0}, "datetime": {"datetime": "2021-09-27 16:54:23", "elapsed": 101.507458, "delta": 1.018001}}
{"target": -11.07180743616143, "params": {"max_depth": 18.638545737346394, "n_estimators": 64.9223842172081}, "datetime": {"datetime": "2021-09-27 16:54:23", "elapsed": 102.420435, "delta": 0.912977}}
{"target": -10.975094559811662, "params": {"max_depth": 18.049925757536144, "n_estimators": 65.51995979378059}, "datetime": {"datetime": "2021-09-27 16:54:24", "elapsed": 103.299399, "delta": 0.878964}}
{"target": -10.975094559811662, "params": {"max_depth": 18.43836453403372, "n_estimators": 65.40141526842176}, "datetime": {"datetime": "2021-09-27 16:54:25", "elapsed": 104.108648, "delta": 0.809249}}
{"target": -11.01841282929331, "params": {"max_depth": 19.370348951229396, "n_estimators": 65.585942630512}, "datetime": {"datetime": "2021-09-27 16:54:26", "elapsed": 104.986648, "delta": 0.878}}
{"target": -11.097717030989642, "params": {"max_depth": 15.744527137974691, "n_estimators": 72.0}, "datetime": {"datetime": "2021-09-27 16:54:27", "elapsed": 105.893656, "delta": 0.907008}}
{"target": -11.023473697726576, "params": {"max_depth": 17.947002468017022, "n_estimators": 65.12230787790745}, "datetime": {"datetime": "2021-09-27 16:54:28", "elapsed": 106.787581, "delta": 0.893925}}
{"target": -11.026648056847742, "params": {"max_depth": 29.70794601798455, "n_estimators": 66.52207491472667}, "datetime": {"datetime": "2021-09-27 16:54:29", "elapsed": 107.780678, "delta": 0.993097}}
{"target": -11.104451286110764, "params": {"max_depth": 26.168766557378138, "n_estimators": 70.2559834886227}, "datetime": {"datetime": "2021-09-27 16:54:30", "elapsed": 108.751161, "delta": 0.970483}}
{"target": -10.968040630928297, "params": {"max_depth": 18.162223650198296, "n_estimators": 66.179097587155}, "datetime": {"datetime": "2021-09-27 16:54:31", "elapsed": 109.728164, "delta": 0.977003}}
{"target": -11.031907831663908, "params": {"max_depth": 21.604951931292437, "n_estimators": 67.30951027515128}, "datetime": {"datetime": "2021-09-27 16:54:32", "elapsed": 110.731288, "delta": 1.003124}}
{"target": -11.124880371421867, "params": {"max_depth": 26.238498934670965, "n_estimators": 64.06511869390955}, "datetime": {"datetime": "2021-09-27 16:54:33", "elapsed": 111.625246, "delta": 0.893958}}
{"target": -11.031907831663908, "params": {"max_depth": 25.236325621233533, "n_estimators": 67.92355665837003}, "datetime": {"datetime": "2021-09-27 16:54:34", "elapsed": 112.605376, "delta": 0.98013}}
{"target": -11.02216540553383, "params": {"max_depth": 29.12300733432075, "n_estimators": 65.42470139294878}, "datetime": {"datetime": "2021-09-27 16:54:35", "elapsed": 113.725762, "delta": 1.120386}}
{"target": -11.104451286110764, "params": {"max_depth": 23.742598489531503, "n_estimators": 70.7683499408266}, "datetime": {"datetime": "2021-09-27 16:54:36", "elapsed": 114.736696, "delta": 1.010934}}
{"target": -11.026648056847742, "params": {"max_depth": 26.73015098896073, "n_estimators": 66.82857968104733}, "datetime": {"datetime": "2021-09-27 16:54:37", "elapsed": 115.760855, "delta": 1.024159}}
{"target": -11.031907831663908, "params": {"max_depth": 31.941669576287744, "n_estimators": 67.55372036146164}, "datetime": {"datetime": "2021-09-27 16:54:38", "elapsed": 116.87084, "delta": 1.109985}}
{"target": -11.104451286110764, "params": {"max_depth": 21.427468679039706, "n_estimators": 70.7438787767606}, "datetime": {"datetime": "2021-09-27 16:54:39", "elapsed": 117.95261, "delta": 1.08177}}
{"target": -11.026648056847742, "params": {"max_depth": 24.242328065657368, "n_estimators": 66.37055705909285}, "datetime": {"datetime": "2021-09-27 16:54:40", "elapsed": 119.004815, "delta": 1.052205}}
{"target": -11.026648056847742, "params": {"max_depth": 31.147933583368076, "n_estimators": 66.05128663938602}, "datetime": {"datetime": "2021-09-27 16:54:41", "elapsed": 120.035388, "delta": 1.030573}}
{"target": -11.031907831663908, "params": {"max_depth": 27.594174628026753, "n_estimators": 67.44256691640472}, "datetime": {"datetime": "2021-09-27 16:54:42", "elapsed": 121.080386, "delta": 1.044998}}
{"target": -10.975094559811662, "params": {"max_depth": 18.872805072034822, "n_estimators": 65.72747652861634}, "datetime": {"datetime": "2021-09-27 16:54:43", "elapsed": 122.086666, "delta": 1.00628}}
{"target": -10.985143514393844, "params": {"max_depth": 15.33828249098433, "n_estimators": 65.44173489705331}, "datetime": {"datetime": "2021-09-27 16:54:44", "elapsed": 123.263667, "delta": 1.177001}}
{"target": -11.02216540553383, "params": {"max_depth": 25.495330462712236, "n_estimators": 65.64887490308139}, "datetime": {"datetime": "2021-09-27 16:54:45", "elapsed": 124.254206, "delta": 0.990539}}
{"target": -11.08885330294382, "params": {"max_depth": 34.247738886480235, "n_estimators": 68.58684202965269}, "datetime": {"datetime": "2021-09-27 16:54:46", "elapsed": 125.315201, "delta": 1.060995}}
{"target": -11.124880371421867, "params": {"max_depth": 23.449017883643165, "n_estimators": 64.07134008749787}, "datetime": {"datetime": "2021-09-27 16:54:47", "elapsed": 126.290227, "delta": 0.975026}}
{"target": -11.02216540553383, "params": {"max_depth": 24.14258582263644, "n_estimators": 65.51861033801481}, "datetime": {"datetime": "2021-09-27 16:54:48", "elapsed": 127.427182, "delta": 1.136955}}
{"target": -11.026648056847742, "params": {"max_depth": 32.13568645690883, "n_estimators": 66.03790655582371}, "datetime": {"datetime": "2021-09-27 16:54:50", "elapsed": 128.547481, "delta": 1.120299}}
{"target": -10.98344908311474, "params": {"max_depth": 20.580624902031992, "n_estimators": 66.09632775229048}, "datetime": {"datetime": "2021-09-27 16:54:51", "elapsed": 129.620478, "delta": 1.072997}}
{"target": -11.08885330294382, "params": {"max_depth": 31.461669629735127, "n_estimators": 68.61669072675816}, "datetime": {"datetime": "2021-09-27 16:54:52", "elapsed": 130.708689, "delta": 1.088211}}
{"target": -11.02216540553383, "params": {"max_depth": 33.1741964661427, "n_estimators": 65.14487250615802}, "datetime": {"datetime": "2021-09-27 16:54:53", "elapsed": 131.729682, "delta": 1.020993}}
{"target": -10.968040630928297, "params": {"max_depth": 18.59586905521833, "n_estimators": 66.13781005253493}, "datetime": {"datetime": "2021-09-27 16:54:54", "elapsed": 132.815146, "delta": 1.085464}}
{"target": -11.081768645433735, "params": {"max_depth": 20.704720334551105, "n_estimators": 64.0}, "datetime": {"datetime": "2021-09-27 16:54:55", "elapsed": 133.913185, "delta": 1.098039}}
{"target": -11.124880371421867, "params": {"max_depth": 31.34707417485192, "n_estimators": 64.57777436461834}, "datetime": {"datetime": "2021-09-27 16:54:56", "elapsed": 135.058757, "delta": 1.145572}}
{"target": -11.124880371421867, "params": {"max_depth": 28.533774528451787, "n_estimators": 64.828247214564}, "datetime": {"datetime": "2021-09-27 16:54:57", "elapsed": 136.184466, "delta": 1.125709}}
{"target": -11.02216540553383, "params": {"max_depth": 29.732517571191607, "n_estimators": 65.7733241517734}, "datetime": {"datetime": "2021-09-27 16:54:58", "elapsed": 137.214498, "delta": 1.030032}}
{"target": -11.100211675715176, "params": {"max_depth": 21.307127102292945, "n_estimators": 69.09881744839572}, "datetime": {"datetime": "2021-09-27 16:54:59", "elapsed": 138.289223, "delta": 1.074725}}
{"target": -10.979716936868593, "params": {"max_depth": 20.504724157477416, "n_estimators": 65.57184268252507}, "datetime": {"datetime": "2021-09-27 16:55:01", "elapsed": 139.571226, "delta": 1.282003}}
{"target": -10.968040630928297, "params": {"max_depth": 18.929075083295288, "n_estimators": 66.70754906222142}, "datetime": {"datetime": "2021-09-27 16:55:02", "elapsed": 140.783803, "delta": 1.212577}}
{"target": -11.023473697726576, "params": {"max_depth": 17.988386267170917, "n_estimators": 65.9510286588625}, "datetime": {"datetime": "2021-09-27 16:55:03", "elapsed": 141.769824, "delta": 0.986021}}
{"target": -11.124880371421867, "params": {"max_depth": 33.88040453289882, "n_estimators": 64.70954433470756}, "datetime": {"datetime": "2021-09-27 16:55:04", "elapsed": 142.877794, "delta": 1.10797}}
{"target": -11.026648056847742, "params": {"max_depth": 33.44228911591702, "n_estimators": 66.04828693874713}, "datetime": {"datetime": "2021-09-27 16:55:05", "elapsed": 143.940788, "delta": 1.062994}}
{"target": -11.02216540553383, "params": {"max_depth": 32.419260623022026, "n_estimators": 65.29532913256551}, "datetime": {"datetime": "2021-09-27 16:55:06", "elapsed": 145.229725, "delta": 1.288937}}
{"target": -11.104451286110764, "params": {"max_depth": 28.969270898354335, "n_estimators": 70.27686834106763}, "datetime": {"datetime": "2021-09-27 16:55:07", "elapsed": 146.399121, "delta": 1.169396}}
{"target": -10.968040630928297, "params": {"max_depth": 18.318601691446315, "n_estimators": 66.3980885395651}, "datetime": {"datetime": "2021-09-27 16:55:09", "elapsed": 147.44681, "delta": 1.047689}}
{"target": -11.026648056847742, "params": {"max_depth": 28.30307811078405, "n_estimators": 66.78342417706543}, "datetime": {"datetime": "2021-09-27 16:55:10", "elapsed": 148.665102, "delta": 1.218292}}
{"target": -11.048483235065838, "params": {"max_depth": 18.44043805616942, "n_estimators": 69.54458703258274}, "datetime": {"datetime": "2021-09-27 16:55:11", "elapsed": 150.027099, "delta": 1.361997}}
{"target": -11.026648056847742, "params": {"max_depth": 34.38459192384235, "n_estimators": 66.05753775069608}, "datetime": {"datetime": "2021-09-27 16:55:12", "elapsed": 151.161832, "delta": 1.134733}}
{"target": -11.031907831663908, "params": {"max_depth": 23.389825845952117, "n_estimators": 67.08486464716766}, "datetime": {"datetime": "2021-09-27 16:55:13", "elapsed": 152.376833, "delta": 1.215001}}
{"target": -10.98344908311474, "params": {"max_depth": 20.46514495509051, "n_estimators": 66.94127455272329}, "datetime": {"datetime": "2021-09-27 16:55:15", "elapsed": 153.457487, "delta": 1.080654}}
{"target": -11.026648056847742, "params": {"max_depth": 26.885277893390924, "n_estimators": 66.14829360681715}, "datetime": {"datetime": "2021-09-27 16:55:16", "elapsed": 154.493516, "delta": 1.036029}}
{"target": -10.976995895932966, "params": {"max_depth": 16.075067778349766, "n_estimators": 65.83579151114184}, "datetime": {"datetime": "2021-09-27 16:55:17", "elapsed": 155.57852, "delta": 1.085004}}
{"target": -10.964487382894891, "params": {"max_depth": 16.293255575533607, "n_estimators": 67.473171371872}, "datetime": {"datetime": "2021-09-27 16:55:18", "elapsed": 156.544984, "delta": 0.966464}}
{"target": -11.10824509660984, "params": {"max_depth": 33.386580038696984, "n_estimators": 71.99011556609098}, "datetime": {"datetime": "2021-09-27 16:55:19", "elapsed": 157.570129, "delta": 1.025145}}
{"target": -10.964487382894891, "params": {"max_depth": 16.238863555866327, "n_estimators": 67.15234340384819}, "datetime": {"datetime": "2021-09-27 16:55:20", "elapsed": 158.685668, "delta": 1.115539}}
{"target": -10.964487382894891, "params": {"max_depth": 16.622141551403143, "n_estimators": 67.6808434356637}, "datetime": {"datetime": "2021-09-27 16:55:21", "elapsed": 159.739666, "delta": 1.053998}}
{"target": -10.979716936868593, "params": {"max_depth": 20.840661268811957, "n_estimators": 65.23992022971109}, "datetime": {"datetime": "2021-09-27 16:55:22", "elapsed": 160.844724, "delta": 1.105058}}
{"target": -10.956971841071688, "params": {"max_depth": 16.0876374943858, "n_estimators": 66.56034825484406}, "datetime": {"datetime": "2021-09-27 16:55:23", "elapsed": 161.84971, "delta": 1.004986}}
{"target": -11.031907831663908, "params": {"max_depth": 29.077365897428933, "n_estimators": 67.0681462426134}, "datetime": {"datetime": "2021-09-27 16:55:24", "elapsed": 162.916611, "delta": 1.066901}}
{"target": -11.026648056847742, "params": {"max_depth": 22.133137495475243, "n_estimators": 66.24927048149493}, "datetime": {"datetime": "2021-09-27 16:55:25", "elapsed": 163.984702, "delta": 1.068091}}
{"target": -10.968040630928297, "params": {"max_depth": 18.327604492457166, "n_estimators": 66.16161302209224}, "datetime": {"datetime": "2021-09-27 16:55:26", "elapsed": 165.047983, "delta": 1.063281}}
{"target": -11.08885330294382, "params": {"max_depth": 30.41575765721856, "n_estimators": 68.0153633637328}, "datetime": {"datetime": "2021-09-27 16:55:27", "elapsed": 166.289848, "delta": 1.241865}}
{"target": -11.068487880446295, "params": {"max_depth": 14.71134377775794, "n_estimators": 66.64379318823181}, "datetime": {"datetime": "2021-09-27 16:55:28", "elapsed": 167.308752, "delta": 1.018904}}
{"target": -10.979759869435217, "params": {"max_depth": 15.314387576618504, "n_estimators": 66.48674060285643}, "datetime": {"datetime": "2021-09-27 16:55:29", "elapsed": 168.418923, "delta": 1.110171}}
{"target": -11.0166490295838, "params": {"max_depth": 19.896092846202496, "n_estimators": 67.86834032939392}, "datetime": {"datetime": "2021-09-27 16:55:31", "elapsed": 169.573923, "delta": 1.155}}
{"target": -11.031907831663908, "params": {"max_depth": 33.414727255716215, "n_estimators": 67.2791578961242}, "datetime": {"datetime": "2021-09-27 16:55:32", "elapsed": 170.645206, "delta": 1.071283}}
{"target": -11.031907831663908, "params": {"max_depth": 25.984950860797465, "n_estimators": 67.40118464107543}, "datetime": {"datetime": "2021-09-27 16:55:33", "elapsed": 171.722235, "delta": 1.077029}}
{"target": -11.080180415218328, "params": {"max_depth": 15.18460388457108, "n_estimators": 64.69342387408926}, "datetime": {"datetime": "2021-09-27 16:55:34", "elapsed": 172.847518, "delta": 1.125283}}
{"target": -10.976995895932966, "params": {"max_depth": 16.126046891167572, "n_estimators": 65.08893304641342}, "datetime": {"datetime": "2021-09-27 16:55:35", "elapsed": 173.99051, "delta": 1.142992}}
{"target": -11.100211675715176, "params": {"max_depth": 33.28942192510051, "n_estimators": 69.58106782472963}, "datetime": {"datetime": "2021-09-27 16:55:36", "elapsed": 175.233091, "delta": 1.242581}}
{"target": -11.031907831663908, "params": {"max_depth": 34.51888266903996, "n_estimators": 67.20808187306253}, "datetime": {"datetime": "2021-09-27 16:55:37", "elapsed": 176.317757, "delta": 1.084666}}
{"target": -10.956971841071688, "params": {"max_depth": 16.116870033179012, "n_estimators": 66.25095465025728}, "datetime": {"datetime": "2021-09-27 16:55:39", "elapsed": 177.543438, "delta": 1.225681}}
{"target": -11.104451286110764, "params": {"max_depth": 34.9916510428403, "n_estimators": 70.79037808666557}, "datetime": {"datetime": "2021-09-27 16:55:40", "elapsed": 178.737649, "delta": 1.194211}}
{"target": -10.968040630928297, "params": {"max_depth": 18.877954997424045, "n_estimators": 66.3662018472899}, "datetime": {"datetime": "2021-09-27 16:55:41", "elapsed": 179.980682, "delta": 1.243033}}
{"target": -11.134017246770822, "params": {"max_depth": 30.555961198475377, "n_estimators": 72.0}, "datetime": {"datetime": "2021-09-27 16:55:42", "elapsed": 181.186488, "delta": 1.205806}}
{"target": -11.031907831663908, "params": {"max_depth": 31.317565242361518, "n_estimators": 67.21283227469351}, "datetime": {"datetime": "2021-09-27 16:55:44", "elapsed": 182.508364, "delta": 1.321876}}
{"target": -10.9864734145706, "params": {"max_depth": 15.278195663156042, "n_estimators": 67.00708561502928}, "datetime": {"datetime": "2021-09-27 16:55:45", "elapsed": 183.811361, "delta": 1.302997}}
{"target": -10.985143514393844, "params": {"max_depth": 15.855056664827124, "n_estimators": 65.18353746353577}, "datetime": {"datetime": "2021-09-27 16:55:46", "elapsed": 184.960589, "delta": 1.149228}}
{"target": -11.072726920944595, "params": {"max_depth": 16.18226451116268, "n_estimators": 64.67087019324313}, "datetime": {"datetime": "2021-09-27 16:55:47", "elapsed": 186.209636, "delta": 1.249047}}
{"target": -10.976995895932966, "params": {"max_depth": 16.366463670505468, "n_estimators": 65.36730362420951}, "datetime": {"datetime": "2021-09-27 16:55:48", "elapsed": 187.354303, "delta": 1.144667}}
{"target": -11.10824509660984, "params": {"max_depth": 23.408368511904804, "n_estimators": 71.96223631879433}, "datetime": {"datetime": "2021-09-27 16:55:50", "elapsed": 188.524727, "delta": 1.170424}}
{"target": -11.02216540553383, "params": {"max_depth": 27.669682753429655, "n_estimators": 65.95794020340266}, "datetime": {"datetime": "2021-09-27 16:55:51", "elapsed": 189.75173, "delta": 1.227003}}
{"target": -10.964487382894891, "params": {"max_depth": 16.808453108837796, "n_estimators": 67.45857208520452}, "datetime": {"datetime": "2021-09-27 16:55:52", "elapsed": 191.184597, "delta": 1.432867}}
{"target": -11.02216540553383, "params": {"max_depth": 26.445715191580057, "n_estimators": 65.59089958345194}, "datetime": {"datetime": "2021-09-27 16:55:53", "elapsed": 192.282182, "delta": 1.097585}}
{"target": -11.073895374869105, "params": {"max_depth": 20.99729487787123, "n_estimators": 71.9993606120006}, "datetime": {"datetime": "2021-09-27 16:55:55", "elapsed": 193.500284, "delta": 1.218102}}
{"target": -11.045776618881904, "params": {"max_depth": 16.37683398129143, "n_estimators": 71.05292600701117}, "datetime": {"datetime": "2021-09-27 16:55:56", "elapsed": 194.742809, "delta": 1.242525}}
{"target": -10.991287343065748, "params": {"max_depth": 20.59534365638295, "n_estimators": 67.45801733220063}, "datetime": {"datetime": "2021-09-27 16:55:57", "elapsed": 195.978814, "delta": 1.236005}}
{"target": -10.956971841071688, "params": {"max_depth": 16.237388795232775, "n_estimators": 66.73238422418449}, "datetime": {"datetime": "2021-09-27 16:55:58", "elapsed": 197.320729, "delta": 1.341915}}
{"target": -11.02216540553383, "params": {"max_depth": 24.964773687218695, "n_estimators": 65.20515602946496}, "datetime": {"datetime": "2021-09-27 16:56:00", "elapsed": 198.459066, "delta": 1.138337}}
{"target": -10.975094559811662, "params": {"max_depth": 18.19861615249129, "n_estimators": 65.34203243595387}, "datetime": {"datetime": "2021-09-27 16:56:01", "elapsed": 199.802065, "delta": 1.342999}}
{"target": -11.064866309866014, "params": {"max_depth": 20.042108695266613, "n_estimators": 69.23030815056725}, "datetime": {"datetime": "2021-09-27 16:56:02", "elapsed": 200.998069, "delta": 1.196004}}
{"target": -11.08885330294382, "params": {"max_depth": 25.82167401231035, "n_estimators": 68.69398792297899}, "datetime": {"datetime": "2021-09-27 16:56:04", "elapsed": 202.62741, "delta": 1.629341}}
{"target": -10.979759869435217, "params": {"max_depth": 15.238466847332086, "n_estimators": 66.08398628311333}, "datetime": {"datetime": "2021-09-27 16:56:05", "elapsed": 204.084409, "delta": 1.456999}}
{"target": -10.964487382894891, "params": {"max_depth": 16.475923901665166, "n_estimators": 67.52692836233219}, "datetime": {"datetime": "2021-09-27 16:56:07", "elapsed": 205.453807, "delta": 1.369398}}
{"target": -11.02216540553383, "params": {"max_depth": 23.163221951064767, "n_estimators": 65.69754945428545}, "datetime": {"datetime": "2021-09-27 16:56:08", "elapsed": 206.724033, "delta": 1.270226}}
{"target": -10.979759869435217, "params": {"max_depth": 15.970097747232517, "n_estimators": 66.74547295364056}, "datetime": {"datetime": "2021-09-27 16:56:09", "elapsed": 208.084675, "delta": 1.360642}}
