{"target": 0.8403065155642739, "params": {"max_depth": 14.897166438745728, "n_estimators": 60.464129482580184}, "datetime": {"datetime": "2021-09-21 14:06:03", "elapsed": 2870.221511, "delta": 8.466765}}
{"target": 0.8379427592810298, "params": {"max_depth": 24.125165600349522, "n_estimators": 67.20096506940516}, "datetime": {"datetime": "2021-09-21 14:06:14", "elapsed": 2881.467431, "delta": 11.24592}}
{"target": 0.8345919596946811, "params": {"max_depth": 13.255394947398008, "n_estimators": 76.216549766678}, "datetime": {"datetime": "2021-09-21 14:06:32", "elapsed": 2899.57503, "delta": 18.107599}}
{"target": 0.8410986638865767, "params": {"max_depth": 28.545989858940988, "n_estimators": 26.719352428823306}, "datetime": {"datetime": "2021-09-21 14:06:43", "elapsed": 2910.249008, "delta": 10.673978}}
{"target": 0.8359502201711443, "params": {"max_depth": 29.9863308854795, "n_estimators": 59.44273196716305}, "datetime": {"datetime": "2021-09-21 14:06:52", "elapsed": 2919.161674, "delta": 8.912666}}
{"target": 0.8309815724963303, "params": {"max_depth": 28.550252590473868, "n_estimators": 92.20114068600027}, "datetime": {"datetime": "2021-09-21 14:07:01", "elapsed": 2928.956384, "delta": 9.79471}}
{"target": 0.8364797594335969, "params": {"max_depth": 18.864883276141303, "n_estimators": 47.50038696833686}, "datetime": {"datetime": "2021-09-21 14:07:18", "elapsed": 2945.887813, "delta": 16.931429}}
{"target": 0.8361397304917799, "params": {"max_depth": 30.0, "n_estimators": 69.47491098171021}, "datetime": {"datetime": "2021-09-21 14:07:30", "elapsed": 2957.795247, "delta": 11.907434}}
{"target": 0.8363531397183617, "params": {"max_depth": 13.677497496755556, "n_estimators": 60.52390966534645}, "datetime": {"datetime": "2021-09-21 14:07:43", "elapsed": 2970.644528, "delta": 12.849281}}
{"target": 0.8434172421662551, "params": {"max_depth": 26.782950532591794, "n_estimators": 19.863247023813855}, "datetime": {"datetime": "2021-09-21 14:07:55", "elapsed": 2982.478202, "delta": 11.833674}}
{"target": 0.8416664671257728, "params": {"max_depth": 24.873453897408414, "n_estimators": 25.269523220266397}, "datetime": {"datetime": "2021-09-21 14:08:03", "elapsed": 2990.317221, "delta": 7.839019}}
{"target": 0.8395922120831986, "params": {"max_depth": 21.447767148436565, "n_estimators": 24.257520384934452}, "datetime": {"datetime": "2021-09-21 14:08:11", "elapsed": 2998.256512, "delta": 7.939291}}
{"target": 0.8314498131524373, "params": {"max_depth": 9.998226203167755, "n_estimators": 57.16705782220685}, "datetime": {"datetime": "2021-09-21 14:08:22", "elapsed": 3009.280908, "delta": 11.024396}}
{"target": 0.8311881143885058, "params": {"max_depth": 29.965779863471017, "n_estimators": 88.28851407442365}, "datetime": {"datetime": "2021-09-21 14:08:35", "elapsed": 3022.855937, "delta": 13.575029}}
{"target": 0.8374543169513096, "params": {"max_depth": 17.783441301896612, "n_estimators": 67.91287088105092}, "datetime": {"datetime": "2021-09-21 14:09:01", "elapsed": 3048.605027, "delta": 25.74909}}
{"target": 0.833573601875923, "params": {"max_depth": 15.692590077226342, "n_estimators": 82.86124413998363}, "datetime": {"datetime": "2021-09-21 14:09:17", "elapsed": 3065.042912, "delta": 16.437885}}
{"target": 0.8396763970976896, "params": {"max_depth": 14.959563850953723, "n_estimators": 59.2090889911954}, "datetime": {"datetime": "2021-09-21 14:09:33", "elapsed": 3081.086432, "delta": 16.04352}}
{"target": 0.8406727834211614, "params": {"max_depth": 14.466736526062796, "n_estimators": 68.54599399937969}, "datetime": {"datetime": "2021-09-21 14:09:50", "elapsed": 3097.635192, "delta": 16.54876}}
{"target": 0.839278128854668, "params": {"max_depth": 18.701792931963702, "n_estimators": 62.21977541373637}, "datetime": {"datetime": "2021-09-21 14:10:06", "elapsed": 3113.69576, "delta": 16.060568}}
{"target": 0.835927753909262, "params": {"max_depth": 13.92135932844856, "n_estimators": 97.06743910729386}, "datetime": {"datetime": "2021-09-21 14:10:35", "elapsed": 3142.866171, "delta": 29.170411}}
{"target": 0.8313908165513093, "params": {"max_depth": 23.089960683230117, "n_estimators": 33.45660352454641}, "datetime": {"datetime": "2021-09-21 14:10:44", "elapsed": 3151.943863, "delta": 9.077692}}
{"target": 0.8366879652235699, "params": {"max_depth": 15.525139716766388, "n_estimators": 51.75086461536653}, "datetime": {"datetime": "2021-09-21 14:10:59", "elapsed": 3167.036881, "delta": 15.093018}}
{"target": 0.8324181491748028, "params": {"max_depth": 23.063261164403468, "n_estimators": 79.49951736595624}, "datetime": {"datetime": "2021-09-21 14:11:16", "elapsed": 3183.126137, "delta": 16.089256}}
{"target": 0.8318343878574881, "params": {"max_depth": 28.96183174590462, "n_estimators": 36.99587823120087}, "datetime": {"datetime": "2021-09-21 14:11:33", "elapsed": 3200.421603, "delta": 17.295466}}
{"target": 0.8406382961900055, "params": {"max_depth": 19.353076479416856, "n_estimators": 22.61849305476308}, "datetime": {"datetime": "2021-09-21 14:11:50", "elapsed": 3217.837319, "delta": 17.415716}}
{"target": 0.8401889232406063, "params": {"max_depth": 29.123524512808938, "n_estimators": 21.58162431621889}, "datetime": {"datetime": "2021-09-21 14:12:06", "elapsed": 3233.435946, "delta": 15.598627}}
{"target": 0.8410545907133922, "params": {"max_depth": 26.532833391584166, "n_estimators": 22.112861761119266}, "datetime": {"datetime": "2021-09-21 14:12:28", "elapsed": 3256.075631, "delta": 22.639685}}
{"target": 0.8342949686246446, "params": {"max_depth": 22.289925651904312, "n_estimators": 30.1183740281422}, "datetime": {"datetime": "2021-09-21 14:12:41", "elapsed": 3268.760441, "delta": 12.68481}}
{"target": 0.8434172421662551, "params": {"max_depth": 24.280760888131386, "n_estimators": 19.481052339507485}, "datetime": {"datetime": "2021-09-21 14:12:51", "elapsed": 3278.514838, "delta": 9.754397}}
{"target": 0.835579039518895, "params": {"max_depth": 12.641021264600173, "n_estimators": 57.449568376392314}, "datetime": {"datetime": "2021-09-21 14:13:03", "elapsed": 3290.932915, "delta": 12.418077}}
{"target": 0.8328132652770306, "params": {"max_depth": 29.980687055699835, "n_estimators": 78.33532767962116}, "datetime": {"datetime": "2021-09-21 14:13:16", "elapsed": 3303.421602, "delta": 12.488687}}
{"target": 0.8325045203581827, "params": {"max_depth": 15.605165476209386, "n_estimators": 30.1029876579376}, "datetime": {"datetime": "2021-09-21 14:13:25", "elapsed": 3312.779286, "delta": 9.357684}}
{"target": 0.8316537398955094, "params": {"max_depth": 23.721959533333884, "n_estimators": 95.16353440604556}, "datetime": {"datetime": "2021-09-21 14:13:42", "elapsed": 3329.576391, "delta": 16.797105}}
{"target": 0.8321542270669355, "params": {"max_depth": 21.423651248786744, "n_estimators": 43.57528442563586}, "datetime": {"datetime": "2021-09-21 14:13:52", "elapsed": 3339.342758, "delta": 9.766367}}
{"target": 0.834551569127427, "params": {"max_depth": 26.847778308323303, "n_estimators": 35.30944263349036}, "datetime": {"datetime": "2021-09-21 14:14:04", "elapsed": 3351.478139, "delta": 12.135381}}
{"target": 0.836783930634096, "params": {"max_depth": 29.99654288913942, "n_estimators": 62.205091090855994}, "datetime": {"datetime": "2021-09-21 14:14:21", "elapsed": 3368.796179, "delta": 17.31804}}
{"target": 0.8360761206823842, "params": {"max_depth": 27.547533865094643, "n_estimators": 70.62687460858619}, "datetime": {"datetime": "2021-09-21 14:14:38", "elapsed": 3385.190788, "delta": 16.394609}}
{"target": 0.8264396827711903, "params": {"max_depth": 8.607872412485817, "n_estimators": 42.32835833445304}, "datetime": {"datetime": "2021-09-21 14:14:52", "elapsed": 3399.61824, "delta": 14.427452}}
{"target": 0.8394329211700038, "params": {"max_depth": 29.216245882136107, "n_estimators": 23.33800485735124}, "datetime": {"datetime": "2021-09-21 14:15:06", "elapsed": 3413.576392, "delta": 13.958152}}
{"target": 0.8379427592810298, "params": {"max_depth": 26.906045017845866, "n_estimators": 67.53041128130322}, "datetime": {"datetime": "2021-09-21 14:15:29", "elapsed": 3437.045449, "delta": 23.469057}}
{"target": 0.8393151474667044, "params": {"max_depth": 18.003860756373104, "n_estimators": 54.12833829289701}, "datetime": {"datetime": "2021-09-21 14:15:47", "elapsed": 3454.115698, "delta": 17.070249}}
{"target": 0.8410545907133922, "params": {"max_depth": 24.47838351088575, "n_estimators": 22.887373559384045}, "datetime": {"datetime": "2021-09-21 14:15:59", "elapsed": 3466.327032, "delta": 12.211334}}
{"target": 0.8416664671257728, "params": {"max_depth": 22.941531824281743, "n_estimators": 25.25713393621487}, "datetime": {"datetime": "2021-09-21 14:16:19", "elapsed": 3486.263779, "delta": 19.936747}}
{"target": 0.8363013637553415, "params": {"max_depth": 23.487669267206854, "n_estimators": 70.31414636369634}, "datetime": {"datetime": "2021-09-21 14:16:35", "elapsed": 3502.31045, "delta": 16.046671}}
{"target": 0.8359607458194057, "params": {"max_depth": 24.472106200214082, "n_estimators": 55.931912117479165}, "datetime": {"datetime": "2021-09-21 14:16:47", "elapsed": 3514.650464, "delta": 12.340014}}
{"target": 0.8317239130812039, "params": {"max_depth": 19.400666376329124, "n_estimators": 33.66507585158162}, "datetime": {"datetime": "2021-09-21 14:17:01", "elapsed": 3529.002158, "delta": 14.351694}}
{"target": 0.832543378021606, "params": {"max_depth": 19.96310936855612, "n_estimators": 36.19553688148038}, "datetime": {"datetime": "2021-09-21 14:17:16", "elapsed": 3543.885224, "delta": 14.883066}}
{"target": 0.8344124393969776, "params": {"max_depth": 18.819377978648866, "n_estimators": 39.43970272533224}, "datetime": {"datetime": "2021-09-21 14:17:26", "elapsed": 3553.302445, "delta": 9.417221}}
{"target": 0.8434172421662551, "params": {"max_depth": 23.160986415078185, "n_estimators": 19.385216136474025}, "datetime": {"datetime": "2021-09-21 14:17:42", "elapsed": 3570.060882, "delta": 16.758437}}
{"target": 0.8163740615843426, "params": {"max_depth": 9.228737518920594, "n_estimators": 14.855537175347276}, "datetime": {"datetime": "2021-09-21 14:18:05", "elapsed": 3592.777303, "delta": 22.716421}}
{"target": 0.8301948242770827, "params": {"max_depth": 12.225881444335807, "n_estimators": 92.33637002388997}, "datetime": {"datetime": "2021-09-21 14:18:19", "elapsed": 3606.716693, "delta": 13.93939}}
{"target": 0.8294669800318435, "params": {"max_depth": 10.123204052823928, "n_estimators": 31.713439114760995}, "datetime": {"datetime": "2021-09-21 14:18:42", "elapsed": 3629.212704, "delta": 22.496011}}
{"target": 0.8291083853884312, "params": {"max_depth": 11.50504544496301, "n_estimators": 45.18426748194089}, "datetime": {"datetime": "2021-09-21 14:18:58", "elapsed": 3645.906868, "delta": 16.694164}}
{"target": 0.8299553891307075, "params": {"max_depth": 9.694118093969042, "n_estimators": 90.69781892768985}, "datetime": {"datetime": "2021-09-21 14:19:12", "elapsed": 3659.205835, "delta": 13.298967}}
{"target": 0.836783930634096, "params": {"max_depth": 24.637660921655645, "n_estimators": 62.012953171579}, "datetime": {"datetime": "2021-09-21 14:19:22", "elapsed": 3669.726331, "delta": 10.520496}}
{"target": 0.8342054482533516, "params": {"max_depth": 22.7963741681312, "n_estimators": 18.878089898125094}, "datetime": {"datetime": "2021-09-21 14:19:34", "elapsed": 3682.03193, "delta": 12.305599}}
{"target": 0.8292869266991151, "params": {"max_depth": 22.160798465281747, "n_estimators": 16.627238247679486}, "datetime": {"datetime": "2021-09-21 14:19:45", "elapsed": 3692.275634, "delta": 10.243704}}
{"target": 0.7969024279101199, "params": {"max_depth": 25.703406065146158, "n_estimators": 5.428676098791339}, "datetime": {"datetime": "2021-09-21 14:19:57", "elapsed": 3704.214656, "delta": 11.939022}}
{"target": 0.7969024279101199, "params": {"max_depth": 29.843008556726858, "n_estimators": 5.752093149153017}, "datetime": {"datetime": "2021-09-21 14:20:06", "elapsed": 3713.574997, "delta": 9.360341}}
{"target": 0.8135532569809586, "params": {"max_depth": 5.395171231137608, "n_estimators": 60.75840310926176}, "datetime": {"datetime": "2021-09-21 14:20:28", "elapsed": 3735.685458, "delta": 22.110461}}
{"target": 0.83032798538399, "params": {"max_depth": 7.125682661003725, "n_estimators": 63.699449130955465}, "datetime": {"datetime": "2021-09-21 14:20:42", "elapsed": 3750.021649, "delta": 14.336191}}
{"target": 0.8332943829588108, "params": {"max_depth": 8.459040748270414, "n_estimators": 65.62279433196997}, "datetime": {"datetime": "2021-09-21 14:21:01", "elapsed": 3768.895626, "delta": 18.873977}}
{"target": 0.817815680767295, "params": {"max_depth": 10.569673932959546, "n_estimators": 12.597936383274924}, "datetime": {"datetime": "2021-09-21 14:21:11", "elapsed": 3778.893236, "delta": 9.99761}}
{"target": 0.7725184711051744, "params": {"max_depth": 4.47575476007106, "n_estimators": 7.890678899990763}, "datetime": {"datetime": "2021-09-21 14:21:32", "elapsed": 3799.689292, "delta": 20.796056}}
{"target": 0.8255946441584008, "params": {"max_depth": 9.399405454543082, "n_estimators": 38.880383339310455}, "datetime": {"datetime": "2021-09-21 14:21:48", "elapsed": 3815.401784, "delta": 15.712492}}
{"target": 0.8307119013463808, "params": {"max_depth": 10.70137385934779, "n_estimators": 35.6217103846107}, "datetime": {"datetime": "2021-09-21 14:21:57", "elapsed": 3824.843635, "delta": 9.441851}}
{"target": 0.8269522755005658, "params": {"max_depth": 14.19437108358432, "n_estimators": 10.01677793516745}, "datetime": {"datetime": "2021-09-21 14:22:13", "elapsed": 3840.254927, "delta": 15.411292}}
{"target": 0.8283439923979907, "params": {"max_depth": 7.4652987248384655, "n_estimators": 30.926414014391955}, "datetime": {"datetime": "2021-09-21 14:22:36", "elapsed": 3863.764001, "delta": 23.509074}}
{"target": 0.815353947704629, "params": {"max_depth": 6.297891003700141, "n_estimators": 49.91502051127399}, "datetime": {"datetime": "2021-09-21 14:22:46", "elapsed": 3873.203377, "delta": 9.439376}}
{"target": 0.8265795164667399, "params": {"max_depth": 13.740715290940642, "n_estimators": 43.85089374808647}, "datetime": {"datetime": "2021-09-21 14:22:57", "elapsed": 3884.807831, "delta": 11.604454}}
{"target": 0.8291535310665212, "params": {"max_depth": 7.65980151621871, "n_estimators": 29.283552295549292}, "datetime": {"datetime": "2021-09-21 14:23:20", "elapsed": 3907.357691, "delta": 22.54986}}
{"target": 0.8319803634428534, "params": {"max_depth": 11.435667804437958, "n_estimators": 79.60200274267079}, "datetime": {"datetime": "2021-09-21 14:23:32", "elapsed": 3919.721687, "delta": 12.363996}}
{"target": 0.8298550466856925, "params": {"max_depth": 7.635047413939228, "n_estimators": 70.17878085867993}, "datetime": {"datetime": "2021-09-21 14:23:52", "elapsed": 3939.851, "delta": 20.129313}}
{"target": 0.8221009015309829, "params": {"max_depth": 6.525660458114358, "n_estimators": 72.04988224194726}, "datetime": {"datetime": "2021-09-21 14:24:02", "elapsed": 3949.991684, "delta": 10.140684}}
{"target": 0.8325172392368033, "params": {"max_depth": 7.982850631621039, "n_estimators": 67.48415301737631}, "datetime": {"datetime": "2021-09-21 14:24:15", "elapsed": 3962.900624, "delta": 12.90894}}
{"target": 0.8264420949439151, "params": {"max_depth": 11.760823883632536, "n_estimators": 41.015067157193755}, "datetime": {"datetime": "2021-09-21 14:24:45", "elapsed": 3992.920812, "delta": 30.020188}}
{"target": 0.8321594466158849, "params": {"max_depth": 22.160871259715194, "n_estimators": 86.61001355211624}, "datetime": {"datetime": "2021-09-21 14:24:59", "elapsed": 4006.196101, "delta": 13.275289}}
{"target": 0.8314604380331698, "params": {"max_depth": 24.321463790949633, "n_estimators": 42.401461650977765}, "datetime": {"datetime": "2021-09-21 14:25:14", "elapsed": 4022.092264, "delta": 15.896163}}
{"target": 0.8318972809306271, "params": {"max_depth": 8.054314054303958, "n_estimators": 62.35996565659709}, "datetime": {"datetime": "2021-09-21 14:25:34", "elapsed": 4042.028099, "delta": 19.935835}}
{"target": 0.8339100278051548, "params": {"max_depth": 19.143769713505815, "n_estimators": 40.852289829718536}, "datetime": {"datetime": "2021-09-21 14:25:55", "elapsed": 4062.112634, "delta": 20.084535}}
{"target": 0.8312173384000425, "params": {"max_depth": 23.055273040286174, "n_estimators": 81.29160646267685}, "datetime": {"datetime": "2021-09-21 14:26:06", "elapsed": 4073.396011, "delta": 11.283377}}
{"target": 0.8249021377092763, "params": {"max_depth": 7.180199023636146, "n_estimators": 81.02314245763587}, "datetime": {"datetime": "2021-09-21 14:26:24", "elapsed": 4091.804147, "delta": 18.408136}}
{"target": 0.8202351313709, "params": {"max_depth": 6.166791801504316, "n_estimators": 79.11969332772122}, "datetime": {"datetime": "2021-09-21 14:26:48", "elapsed": 4115.739967, "delta": 23.93582}}
{"target": 0.833965378716024, "params": {"max_depth": 10.701364147120495, "n_estimators": 77.31788741946775}, "datetime": {"datetime": "2021-09-21 14:27:00", "elapsed": 4127.564943, "delta": 11.824976}}
{"target": 0.8307991683159743, "params": {"max_depth": 29.886610716560195, "n_estimators": 49.36826967005238}, "datetime": {"datetime": "2021-09-21 14:27:14", "elapsed": 4141.440447, "delta": 13.875504}}
{"target": 0.8311226874509406, "params": {"max_depth": 29.23589151130066, "n_estimators": 94.02109170262251}, "datetime": {"datetime": "2021-09-21 14:27:28", "elapsed": 4156.06454, "delta": 14.624093}}
{"target": 0.8350775046573388, "params": {"max_depth": 18.299825099670652, "n_estimators": 44.981734043425654}, "datetime": {"datetime": "2021-09-21 14:27:52", "elapsed": 4180.014351, "delta": 23.949811}}
{"target": 0.8292869266991151, "params": {"max_depth": 28.060704852873183, "n_estimators": 16.099567169808438}, "datetime": {"datetime": "2021-09-21 14:28:09", "elapsed": 4196.433133, "delta": 16.418782}}
{"target": 0.8364062834423416, "params": {"max_depth": 21.839702843292226, "n_estimators": 70.9304541416429}, "datetime": {"datetime": "2021-09-21 14:28:33", "elapsed": 4220.482265, "delta": 24.049132}}
{"target": 0.8343891606209659, "params": {"max_depth": 21.404019036304412, "n_estimators": 76.60996887993129}, "datetime": {"datetime": "2021-09-21 14:28:58", "elapsed": 4246.088594, "delta": 25.606329}}
{"target": 0.8363099615008442, "params": {"max_depth": 21.706229677573457, "n_estimators": 34.609766592655944}, "datetime": {"datetime": "2021-09-21 14:29:09", "elapsed": 4256.445632, "delta": 10.357038}}
{"target": 0.8227106447833424, "params": {"max_depth": 6.424407290628311, "n_estimators": 62.33483433854657}, "datetime": {"datetime": "2021-09-21 14:29:19", "elapsed": 4267.001215, "delta": 10.555583}}
{"target": 0.8342122950200493, "params": {"max_depth": 13.530421867106513, "n_estimators": 82.28368116630577}, "datetime": {"datetime": "2021-09-21 14:29:47", "elapsed": 4294.660247, "delta": 27.659032}}
{"target": 0.8265158780463545, "params": {"max_depth": 28.715824082490155, "n_estimators": 11.036512400793693}, "datetime": {"datetime": "2021-09-21 14:30:01", "elapsed": 4308.230582, "delta": 13.570335}}
{"target": 0.8310659082803438, "params": {"max_depth": 29.949182235287076, "n_estimators": 44.0091286314801}, "datetime": {"datetime": "2021-09-21 14:30:21", "elapsed": 4328.42809, "delta": 20.197508}}
{"target": 0.8370985855434424, "params": {"max_depth": 17.174393855213413, "n_estimators": 99.15086059273764}, "datetime": {"datetime": "2021-09-21 14:30:36", "elapsed": 4343.181685, "delta": 14.753595}}
{"target": 0.8346630001832571, "params": {"max_depth": 12.078006541639049, "n_estimators": 64.20107184155005}, "datetime": {"datetime": "2021-09-21 14:30:46", "elapsed": 4353.512327, "delta": 10.330642}}
{"target": 0.8359470573680531, "params": {"max_depth": 17.43759425072198, "n_estimators": 70.53141101159831}, "datetime": {"datetime": "2021-09-21 14:31:02", "elapsed": 4369.552296, "delta": 16.039969}}
{"target": 0.8331949573053804, "params": {"max_depth": 22.376867836477732, "n_estimators": 52.30487953517146}, "datetime": {"datetime": "2021-09-21 14:31:13", "elapsed": 4380.519657, "delta": 10.967361}}
{"target": 0.8389060536883681, "params": {"max_depth": 14.879224436453072, "n_estimators": 75.90709991993815}, "datetime": {"datetime": "2021-09-21 14:31:30", "elapsed": 4397.586869, "delta": 17.067212}}
{"target": 0.8308173693325687, "params": {"max_depth": 27.45466083961501, "n_estimators": 43.82277370918563}, "datetime": {"datetime": "2021-09-21 14:31:48", "elapsed": 4415.889647, "delta": 18.302778}}
{"target": 0.8341209961624196, "params": {"max_depth": 11.278064377518229, "n_estimators": 99.94314046544791}, "datetime": {"datetime": "2021-09-21 14:32:05", "elapsed": 4432.282811, "delta": 16.393164}}
{"target": 0.8283466451024522, "params": {"max_depth": 11.270077858180041, "n_estimators": 49.11606935279127}, "datetime": {"datetime": "2021-09-21 14:32:15", "elapsed": 4442.640367, "delta": 10.357556}}
{"target": 0.8331412437875939, "params": {"max_depth": 26.07769680747214, "n_estimators": 32.15600148866892}, "datetime": {"datetime": "2021-09-21 14:32:33", "elapsed": 4460.868689, "delta": 18.228322}}
{"target": 0.8329361522799085, "params": {"max_depth": 29.08497883913328, "n_estimators": 52.35309191179612}, "datetime": {"datetime": "2021-09-21 14:32:50", "elapsed": 4477.828141, "delta": 16.959452}}
{"target": 0.8307396969503331, "params": {"max_depth": 19.588838330026604, "n_estimators": 49.848314768666235}, "datetime": {"datetime": "2021-09-21 14:33:10", "elapsed": 4497.510165, "delta": 19.682024}}
{"target": 0.8402467788530904, "params": {"max_depth": 18.098084222050648, "n_estimators": 65.68000404722338}, "datetime": {"datetime": "2021-09-21 14:33:27", "elapsed": 4514.984295, "delta": 17.47413}}
{"target": 0.8333127366287283, "params": {"max_depth": 23.9993175285991, "n_estimators": 77.62834317622807}, "datetime": {"datetime": "2021-09-21 14:33:39", "elapsed": 4526.11485, "delta": 11.130555}}
