{"target": -11.820837175586936, "params": {"max_depth": 18.279519050138866, "n_estimators": 166.00914153711702}, "datetime": {"datetime": "2021-09-27 17:16:36", "elapsed": 55.483235, "delta": 2.220187}}
{"target": -11.834555786552169, "params": {"max_depth": 29.988086367920722, "n_estimators": 120.81327813674815}, "datetime": {"datetime": "2021-09-27 17:16:37", "elapsed": 56.907765, "delta": 1.42453}}
{"target": -11.822959423108651, "params": {"max_depth": 17.23614856316147, "n_estimators": 189.67909895106678}, "datetime": {"datetime": "2021-09-27 17:16:39", "elapsed": 58.791963, "delta": 1.884198}}
{"target": -11.85365723078849, "params": {"max_depth": 19.77744829014188, "n_estimators": 105.79294251525653}, "datetime": {"datetime": "2021-09-27 17:16:41", "elapsed": 60.174357, "delta": 1.382394}}
{"target": -11.83766793731934, "params": {"max_depth": 25.453507270102577, "n_estimators": 117.18425442384297}, "datetime": {"datetime": "2021-09-27 17:16:42", "elapsed": 61.678469, "delta": 1.504112}}
{"target": -11.841502657578118, "params": {"max_depth": 20.277724742556696, "n_estimators": 142.73397172613727}, "datetime": {"datetime": "2021-09-27 17:16:44", "elapsed": 63.30203, "delta": 1.623561}}
{"target": -11.836013744853986, "params": {"max_depth": 30.0, "n_estimators": 166.03640404702827}, "datetime": {"datetime": "2021-09-27 17:16:45", "elapsed": 64.82003, "delta": 1.518}}
{"target": -11.853332773883372, "params": {"max_depth": 29.964695538395237, "n_estimators": 182.2302960393305}, "datetime": {"datetime": "2021-09-27 17:16:47", "elapsed": 66.629308, "delta": 1.809278}}
{"target": -11.8422344658267, "params": {"max_depth": 26.016282859715254, "n_estimators": 124.37046571584916}, "datetime": {"datetime": "2021-09-27 17:16:49", "elapsed": 68.430314, "delta": 1.801006}}
{"target": -11.822312594978165, "params": {"max_depth": 25.607091391394906, "n_estimators": 163.22147006996914}, "datetime": {"datetime": "2021-09-27 17:16:51", "elapsed": 70.251648, "delta": 1.821334}}
{"target": -11.838837997299382, "params": {"max_depth": 18.396380348174667, "n_estimators": 146.55218658818524}, "datetime": {"datetime": "2021-09-27 17:16:53", "elapsed": 72.182651, "delta": 1.931003}}
{"target": -11.8606645134032, "params": {"max_depth": 19.396786415260564, "n_estimators": 169.6714278187285}, "datetime": {"datetime": "2021-09-27 17:16:55", "elapsed": 74.107864, "delta": 1.925213}}
{"target": -11.82998034931019, "params": {"max_depth": 14.559403045098277, "n_estimators": 162.78912198127213}, "datetime": {"datetime": "2021-09-27 17:16:57", "elapsed": 76.199882, "delta": 2.092018}}
{"target": -11.854178261027485, "params": {"max_depth": 19.6164567280532, "n_estimators": 177.26854085738336}, "datetime": {"datetime": "2021-09-27 17:16:59", "elapsed": 78.190487, "delta": 1.990605}}
{"target": -11.917038778795792, "params": {"max_depth": 16.269091772597132, "n_estimators": 118.75760183706167}, "datetime": {"datetime": "2021-09-27 17:17:00", "elapsed": 79.524635, "delta": 1.334148}}
{"target": -11.847023356835635, "params": {"max_depth": 29.997522699115926, "n_estimators": 155.61513307172478}, "datetime": {"datetime": "2021-09-27 17:17:02", "elapsed": 81.323137, "delta": 1.798502}}
{"target": -11.853402883254317, "params": {"max_depth": 19.12842452311945, "n_estimators": 193.62705916709598}, "datetime": {"datetime": "2021-09-27 17:17:04", "elapsed": 83.434104, "delta": 2.110967}}
{"target": -11.843239423811868, "params": {"max_depth": 25.602064214608543, "n_estimators": 185.30026563547102}, "datetime": {"datetime": "2021-09-27 17:17:06", "elapsed": 85.475102, "delta": 2.040998}}
{"target": -11.839119358851265, "params": {"max_depth": 18.93004196040688, "n_estimators": 186.88340099463332}, "datetime": {"datetime": "2021-09-27 17:17:08", "elapsed": 87.136178, "delta": 1.661076}}
{"target": -11.82154559749981, "params": {"max_depth": 15.703749010423168, "n_estimators": 140.46841682568447}, "datetime": {"datetime": "2021-09-27 17:17:09", "elapsed": 88.707691, "delta": 1.571513}}
{"target": -11.836918046165053, "params": {"max_depth": 25.852923145129616, "n_estimators": 132.65831996150942}, "datetime": {"datetime": "2021-09-27 17:17:11", "elapsed": 90.042778, "delta": 1.335087}}
{"target": -11.852906935447413, "params": {"max_depth": 27.57290162115829, "n_estimators": 191.01341795561143}, "datetime": {"datetime": "2021-09-27 17:17:12", "elapsed": 91.955766, "delta": 1.912988}}
{"target": -11.835349985431927, "params": {"max_depth": 25.166763528056453, "n_estimators": 111.41200955445228}, "datetime": {"datetime": "2021-09-27 17:17:14", "elapsed": 93.33879, "delta": 1.383024}}
{"target": -11.837238669891141, "params": {"max_depth": 25.10769555354839, "n_estimators": 150.9226374470431}, "datetime": {"datetime": "2021-09-27 17:17:16", "elapsed": 95.17371, "delta": 1.83492}}
{"target": -11.800204654854374, "params": {"max_depth": 17.42771128616597, "n_estimators": 162.5313721604939}, "datetime": {"datetime": "2021-09-27 17:17:18", "elapsed": 97.302474, "delta": 2.128764}}
{"target": -11.843521686298283, "params": {"max_depth": 26.749188513897636, "n_estimators": 167.03164765066242}, "datetime": {"datetime": "2021-09-27 17:17:20", "elapsed": 99.186789, "delta": 1.884315}}
{"target": -11.959958966805951, "params": {"max_depth": 16.295880970489367, "n_estimators": 164.5129490496853}, "datetime": {"datetime": "2021-09-27 17:17:22", "elapsed": 101.077952, "delta": 1.891163}}
{"target": -12.009889102590547, "params": {"max_depth": 12.021633272592226, "n_estimators": 159.35485153612206}, "datetime": {"datetime": "2021-09-27 17:17:23", "elapsed": 102.877028, "delta": 1.799076}}
{"target": -11.834607813657716, "params": {"max_depth": 21.148943125498548, "n_estimators": 165.6263811474441}, "datetime": {"datetime": "2021-09-27 17:17:25", "elapsed": 104.700731, "delta": 1.823703}}
{"target": -11.823516000350624, "params": {"max_depth": 17.608658165931367, "n_estimators": 159.41746659106852}, "datetime": {"datetime": "2021-09-27 17:17:27", "elapsed": 106.626512, "delta": 1.925781}}
{"target": -12.265251050322822, "params": {"max_depth": 8.19659407840404, "n_estimators": 188.39636810307258}, "datetime": {"datetime": "2021-09-27 17:17:29", "elapsed": 108.597334, "delta": 1.970822}}
{"target": -12.202283729734253, "params": {"max_depth": 8.152830891007795, "n_estimators": 118.55638060283438}, "datetime": {"datetime": "2021-09-27 17:17:30", "elapsed": 109.898334, "delta": 1.301}}
{"target": -11.828846750238572, "params": {"max_depth": 18.66637479467845, "n_estimators": 125.27290271917289}, "datetime": {"datetime": "2021-09-27 17:17:32", "elapsed": 111.420865, "delta": 1.522531}}
{"target": -11.84475396195895, "params": {"max_depth": 25.22874545005788, "n_estimators": 174.0375775442133}, "datetime": {"datetime": "2021-09-27 17:17:34", "elapsed": 113.642865, "delta": 2.222}}
{"target": -11.843031519721926, "params": {"max_depth": 29.987662045691327, "n_estimators": 177.544006330562}, "datetime": {"datetime": "2021-09-27 17:17:36", "elapsed": 115.911686, "delta": 2.268821}}
{"target": -11.854233228711305, "params": {"max_depth": 27.636393268327804, "n_estimators": 146.91150605231783}, "datetime": {"datetime": "2021-09-27 17:17:38", "elapsed": 117.728694, "delta": 1.817008}}
{"target": -11.850374001406735, "params": {"max_depth": 29.99266978666877, "n_estimators": 199.77052687256037}, "datetime": {"datetime": "2021-09-27 17:17:41", "elapsed": 120.148986, "delta": 2.420292}}
{"target": -11.778790188792746, "params": {"max_depth": 17.926088546768874, "n_estimators": 132.26765639962554}, "datetime": {"datetime": "2021-09-27 17:17:42", "elapsed": 121.815127, "delta": 1.666141}}
{"target": -11.847577736663508, "params": {"max_depth": 21.137710724471606, "n_estimators": 134.17809786752164}, "datetime": {"datetime": "2021-09-27 17:17:44", "elapsed": 123.404229, "delta": 1.589102}}
{"target": -11.944115835686386, "params": {"max_depth": 16.571343498452347, "n_estimators": 128.75230249607392}, "datetime": {"datetime": "2021-09-27 17:17:46", "elapsed": 125.214426, "delta": 1.810197}}
{"target": -11.8228250352065, "params": {"max_depth": 15.525079328258888, "n_estimators": 178.83537804326312}, "datetime": {"datetime": "2021-09-27 17:17:48", "elapsed": 127.142917, "delta": 1.928491}}
{"target": -11.934209521693303, "params": {"max_depth": 16.830810929798233, "n_estimators": 134.77890378573372}, "datetime": {"datetime": "2021-09-27 17:17:49", "elapsed": 128.564344, "delta": 1.421427}}
{"target": -11.894646250769373, "params": {"max_depth": 16.410811804786675, "n_estimators": 100.0}, "datetime": {"datetime": "2021-09-27 17:17:50", "elapsed": 129.951351, "delta": 1.387007}}
{"target": -11.830331563896527, "params": {"max_depth": 27.55339848277342, "n_estimators": 103.5962065889815}, "datetime": {"datetime": "2021-09-27 17:17:52", "elapsed": 131.006346, "delta": 1.054995}}
{"target": -11.815331961299998, "params": {"max_depth": 20.89659190599174, "n_estimators": 109.73568599936274}, "datetime": {"datetime": "2021-09-27 17:17:53", "elapsed": 132.380058, "delta": 1.373712}}
{"target": -11.859148079776135, "params": {"max_depth": 30.0, "n_estimators": 138.64556896718392}, "datetime": {"datetime": "2021-09-27 17:17:55", "elapsed": 134.066254, "delta": 1.686196}}
{"target": -11.83415753089303, "params": {"max_depth": 21.95772077816908, "n_estimators": 125.06438961337469}, "datetime": {"datetime": "2021-09-27 17:17:56", "elapsed": 135.565258, "delta": 1.499004}}
{"target": -11.839010824049067, "params": {"max_depth": 21.102307668322172, "n_estimators": 150.923859426187}, "datetime": {"datetime": "2021-09-27 17:17:58", "elapsed": 137.006255, "delta": 1.440997}}
{"target": -11.787838083674322, "params": {"max_depth": 17.489909670802646, "n_estimators": 111.17524823785038}, "datetime": {"datetime": "2021-09-27 17:17:59", "elapsed": 138.327252, "delta": 1.320997}}
{"target": -11.856521614872726, "params": {"max_depth": 26.211661400257363, "n_estimators": 159.69691664633208}, "datetime": {"datetime": "2021-09-27 17:18:00", "elapsed": 139.918885, "delta": 1.591633}}
{"target": -11.838109751176766, "params": {"max_depth": 17.15328646491789, "n_estimators": 181.92947317839352}, "datetime": {"datetime": "2021-09-27 17:18:03", "elapsed": 142.313947, "delta": 2.395062}}
{"target": -11.940153871250695, "params": {"max_depth": 16.423489969381272, "n_estimators": 113.96457468963796}, "datetime": {"datetime": "2021-09-27 17:18:04", "elapsed": 143.928876, "delta": 1.614929}}
{"target": -11.912303497030514, "params": {"max_depth": 16.958321194481183, "n_estimators": 108.26963571639573}, "datetime": {"datetime": "2021-09-27 17:18:06", "elapsed": 145.638839, "delta": 1.709963}}
{"target": -11.834984158328856, "params": {"max_depth": 22.648834826073045, "n_estimators": 103.53228105095712}, "datetime": {"datetime": "2021-09-27 17:18:08", "elapsed": 147.32584, "delta": 1.687001}}
{"target": -11.834196600775522, "params": {"max_depth": 18.969931158601064, "n_estimators": 121.95153935702146}, "datetime": {"datetime": "2021-09-27 17:18:09", "elapsed": 148.589073, "delta": 1.263233}}
{"target": -11.848344816581898, "params": {"max_depth": 21.514845846738773, "n_estimators": 155.96631326665602}, "datetime": {"datetime": "2021-09-27 17:18:11", "elapsed": 150.28007, "delta": 1.690997}}
{"target": -11.855018708273912, "params": {"max_depth": 25.690064440615576, "n_estimators": 142.63154783041205}, "datetime": {"datetime": "2021-09-27 17:18:13", "elapsed": 152.32207, "delta": 2.042}}
{"target": -11.829826342591458, "params": {"max_depth": 29.43983319186106, "n_estimators": 110.87425667234359}, "datetime": {"datetime": "2021-09-27 17:18:14", "elapsed": 153.894019, "delta": 1.571949}}
{"target": -12.247000889166209, "params": {"max_depth": 8.0, "n_estimators": 163.85177037604416}, "datetime": {"datetime": "2021-09-27 17:18:16", "elapsed": 155.766547, "delta": 1.872528}}
{"target": -11.823004164281263, "params": {"max_depth": 15.395832755781985, "n_estimators": 160.8223255124921}, "datetime": {"datetime": "2021-09-27 17:18:18", "elapsed": 157.478546, "delta": 1.711999}}
{"target": -11.834555786552169, "params": {"max_depth": 26.68744889475223, "n_estimators": 120.56017118824047}, "datetime": {"datetime": "2021-09-27 17:18:20", "elapsed": 159.360791, "delta": 1.882245}}
{"target": -11.841272272343199, "params": {"max_depth": 19.43725022290574, "n_estimators": 131.29337794621742}, "datetime": {"datetime": "2021-09-27 17:18:22", "elapsed": 161.271789, "delta": 1.910998}}
{"target": -11.850167980818126, "params": {"max_depth": 26.086463889585993, "n_estimators": 128.6832696820319}, "datetime": {"datetime": "2021-09-27 17:18:24", "elapsed": 163.19851, "delta": 1.926721}}
{"target": -11.822556687593275, "params": {"max_depth": 15.572216802363021, "n_estimators": 175.3611943202297}, "datetime": {"datetime": "2021-09-27 17:18:26", "elapsed": 165.305686, "delta": 2.107176}}
{"target": -11.8422344658267, "params": {"max_depth": 29.819115317159437, "n_estimators": 124.40518697243994}, "datetime": {"datetime": "2021-09-27 17:18:27", "elapsed": 166.934477, "delta": 1.628791}}
{"target": -11.810457881719207, "params": {"max_depth": 14.821898702569568, "n_estimators": 143.9865252835927}, "datetime": {"datetime": "2021-09-27 17:18:29", "elapsed": 168.520741, "delta": 1.586264}}
{"target": -11.810079417377443, "params": {"max_depth": 15.190062865901954, "n_estimators": 194.00202723015965}, "datetime": {"datetime": "2021-09-27 17:18:31", "elapsed": 170.961733, "delta": 2.440992}}
{"target": -11.943806320956057, "params": {"max_depth": 16.207222939786423, "n_estimators": 197.35471553002054}, "datetime": {"datetime": "2021-09-27 17:18:34", "elapsed": 173.337927, "delta": 2.376194}}
{"target": -11.848529535161948, "params": {"max_depth": 23.268485481179006, "n_estimators": 199.81690005677035}, "datetime": {"datetime": "2021-09-27 17:18:36", "elapsed": 175.321933, "delta": 1.984006}}
{"target": -11.87564809175682, "params": {"max_depth": 14.57563559637299, "n_estimators": 191.26126348056084}, "datetime": {"datetime": "2021-09-27 17:18:38", "elapsed": 177.939708, "delta": 2.617775}}
{"target": -11.822693976893875, "params": {"max_depth": 20.977445502189948, "n_estimators": 117.95545336888091}, "datetime": {"datetime": "2021-09-27 17:18:40", "elapsed": 179.544702, "delta": 1.604994}}
{"target": -11.839700267612633, "params": {"max_depth": 27.14474478089582, "n_estimators": 196.43651326329922}, "datetime": {"datetime": "2021-09-27 17:18:42", "elapsed": 181.729953, "delta": 2.185251}}
{"target": -11.851828026260062, "params": {"max_depth": 21.521202793404438, "n_estimators": 139.21354739697108}, "datetime": {"datetime": "2021-09-27 17:18:45", "elapsed": 184.233679, "delta": 2.503726}}
{"target": -11.830247571177228, "params": {"max_depth": 30.0, "n_estimators": 131.31656826115056}, "datetime": {"datetime": "2021-09-27 17:18:47", "elapsed": 186.802853, "delta": 2.569174}}
{"target": -11.840014541539365, "params": {"max_depth": 22.304368891125037, "n_estimators": 186.03200875274143}, "datetime": {"datetime": "2021-09-27 17:18:50", "elapsed": 189.500594, "delta": 2.697741}}
{"target": -11.822312594978165, "params": {"max_depth": 28.625221798468388, "n_estimators": 163.45249712843685}, "datetime": {"datetime": "2021-09-27 17:18:52", "elapsed": 191.247373, "delta": 1.746779}}
{"target": -11.844359987896453, "params": {"max_depth": 19.167832356559053, "n_estimators": 111.37292413783275}, "datetime": {"datetime": "2021-09-27 17:18:53", "elapsed": 192.922615, "delta": 1.675242}}
{"target": -11.846432529279243, "params": {"max_depth": 21.82727819458541, "n_estimators": 173.34206968698328}, "datetime": {"datetime": "2021-09-27 17:18:55", "elapsed": 194.858595, "delta": 1.93598}}
{"target": -11.858457692830871, "params": {"max_depth": 23.79301891201068, "n_estimators": 114.65708302205597}, "datetime": {"datetime": "2021-09-27 17:18:57", "elapsed": 196.206592, "delta": 1.347997}}
{"target": -11.84994652541241, "params": {"max_depth": 22.503212001113774, "n_estimators": 107.7485850175875}, "datetime": {"datetime": "2021-09-27 17:18:58", "elapsed": 197.579594, "delta": 1.373002}}
{"target": -11.856351292747199, "params": {"max_depth": 27.95806894701272, "n_estimators": 153.29668052861092}, "datetime": {"datetime": "2021-09-27 17:19:00", "elapsed": 199.256892, "delta": 1.677298}}
{"target": -11.816285415962643, "params": {"max_depth": 15.312758053573832, "n_estimators": 148.00146444052896}, "datetime": {"datetime": "2021-09-27 17:19:01", "elapsed": 200.802634, "delta": 1.545742}}
{"target": -11.853639008572788, "params": {"max_depth": 26.308182838102113, "n_estimators": 170.7455823441796}, "datetime": {"datetime": "2021-09-27 17:19:03", "elapsed": 202.85479, "delta": 2.052156}}
{"target": -11.833548789864851, "params": {"max_depth": 27.291722530479063, "n_estimators": 108.85174427982965}, "datetime": {"datetime": "2021-09-27 17:19:05", "elapsed": 204.123788, "delta": 1.268998}}
{"target": -11.867129015464233, "params": {"max_depth": 19.866631941964144, "n_estimators": 190.46236083555533}, "datetime": {"datetime": "2021-09-27 17:19:07", "elapsed": 206.170834, "delta": 2.047046}}
{"target": -11.825593909251527, "params": {"max_depth": 26.026987229830247, "n_estimators": 188.08282787703706}, "datetime": {"datetime": "2021-09-27 17:19:09", "elapsed": 208.22247, "delta": 2.051636}}
{"target": -11.819448332565866, "params": {"max_depth": 18.856531077368377, "n_estimators": 161.07768106757047}, "datetime": {"datetime": "2021-09-27 17:19:11", "elapsed": 210.075718, "delta": 1.853248}}
{"target": -11.783463510012542, "params": {"max_depth": 15.615669363439006, "n_estimators": 123.26648763660022}, "datetime": {"datetime": "2021-09-27 17:19:12", "elapsed": 211.598718, "delta": 1.523}}
{"target": -11.88574125850542, "params": {"max_depth": 13.241064921278877, "n_estimators": 123.78672429483785}, "datetime": {"datetime": "2021-09-27 17:19:14", "elapsed": 213.090578, "delta": 1.49186}}
{"target": -11.869081303707393, "params": {"max_depth": 22.595812887642317, "n_estimators": 179.7699745660523}, "datetime": {"datetime": "2021-09-27 17:19:16", "elapsed": 215.252366, "delta": 2.161788}}
{"target": -11.843273986614617, "params": {"max_depth": 19.21373970767295, "n_estimators": 102.54480737600848}, "datetime": {"datetime": "2021-09-27 17:19:17", "elapsed": 216.760722, "delta": 1.508356}}
{"target": -11.852397491592445, "params": {"max_depth": 30.0, "n_estimators": 190.18281208725597}, "datetime": {"datetime": "2021-09-27 17:19:19", "elapsed": 218.967307, "delta": 2.206585}}
{"target": -11.955174805167537, "params": {"max_depth": 16.82197862034446, "n_estimators": 192.47269242206534}, "datetime": {"datetime": "2021-09-27 17:19:21", "elapsed": 220.894561, "delta": 1.927254}}
{"target": -11.924540166115326, "params": {"max_depth": 13.032615017276527, "n_estimators": 194.1281605407957}, "datetime": {"datetime": "2021-09-27 17:19:24", "elapsed": 223.493257, "delta": 2.598696}}
{"target": -11.807404886130826, "params": {"max_depth": 15.681187941012759, "n_estimators": 187.32107523867504}, "datetime": {"datetime": "2021-09-27 17:19:26", "elapsed": 225.98455, "delta": 2.491293}}
{"target": -11.831537172083333, "params": {"max_depth": 20.666661294034967, "n_estimators": 196.51051315545476}, "datetime": {"datetime": "2021-09-27 17:19:29", "elapsed": 228.101335, "delta": 2.116785}}
{"target": -12.263229632071196, "params": {"max_depth": 8.166666652937485, "n_estimators": 153.51574335399116}, "datetime": {"datetime": "2021-09-27 17:19:30", "elapsed": 229.685333, "delta": 1.583998}}
{"target": -12.02501850520871, "params": {"max_depth": 11.653766885566146, "n_estimators": 139.9816057831338}, "datetime": {"datetime": "2021-09-27 17:19:32", "elapsed": 231.172572, "delta": 1.487239}}
{"target": -11.853952281095479, "params": {"max_depth": 23.220376774764812, "n_estimators": 153.29859908859268}, "datetime": {"datetime": "2021-09-27 17:19:34", "elapsed": 233.006064, "delta": 1.833492}}
{"target": -11.827861661344679, "params": {"max_depth": 18.218356748909454, "n_estimators": 140.69260901915703}, "datetime": {"datetime": "2021-09-27 17:19:35", "elapsed": 234.508513, "delta": 1.502449}}
{"target": -11.856090924685333, "params": {"max_depth": 28.33747025106645, "n_estimators": 175.0729012882142}, "datetime": {"datetime": "2021-09-27 17:19:37", "elapsed": 236.252822, "delta": 1.744309}}
{"target": -11.830331563896527, "params": {"max_depth": 29.95991533941386, "n_estimators": 103.62211787790247}, "datetime": {"datetime": "2021-09-27 17:19:38", "elapsed": 237.565822, "delta": 1.313}}
{"target": -11.943665073031214, "params": {"max_depth": 16.062538445290503, "n_estimators": 145.66956089834872}, "datetime": {"datetime": "2021-09-27 17:19:40", "elapsed": 239.065933, "delta": 1.500111}}
{"target": -11.782330267943749, "params": {"max_depth": 17.084352278917997, "n_estimators": 149.81691539888985}, "datetime": {"datetime": "2021-09-27 17:19:41", "elapsed": 240.55813, "delta": 1.492197}}
{"target": -11.845539363537814, "params": {"max_depth": 19.978760418797183, "n_estimators": 148.3010347417808}, "datetime": {"datetime": "2021-09-27 17:19:43", "elapsed": 242.444096, "delta": 1.885966}}
{"target": -11.812055028781073, "params": {"max_depth": 14.608409092265665, "n_estimators": 150.1411725884936}, "datetime": {"datetime": "2021-09-27 17:19:44", "elapsed": 243.90469, "delta": 1.460594}}
{"target": -12.052891198218454, "params": {"max_depth": 11.989506105979423, "n_estimators": 179.3827678202701}, "datetime": {"datetime": "2021-09-27 17:19:46", "elapsed": 245.584547, "delta": 1.679857}}
{"target": -11.83766793731934, "params": {"max_depth": 29.67617641372156, "n_estimators": 117.93709110129195}, "datetime": {"datetime": "2021-09-27 17:19:47", "elapsed": 246.886062, "delta": 1.301515}}
