{"target": -2.5648386502716307, "params": {"max_depth": 11.13304580707982, "n_estimators": 33.27166916989583}, "datetime": {"datetime": "2021-09-20 19:26:06", "elapsed": 125.039018, "delta": 0.572944}}
{"target": -2.475165982617089, "params": {"max_depth": 25.0, "n_estimators": 218.58508668209527}, "datetime": {"datetime": "2021-09-20 19:26:07", "elapsed": 126.599523, "delta": 1.560505}}
{"target": -2.5146364981587457, "params": {"max_depth": 12.089123554304486, "n_estimators": 51.78501721174296}, "datetime": {"datetime": "2021-09-20 19:26:08", "elapsed": 127.274293, "delta": 0.67477}}
{"target": -2.4877727911234926, "params": {"max_depth": 15.500205172664389, "n_estimators": 259.1194620419786}, "datetime": {"datetime": "2021-09-20 19:26:10", "elapsed": 128.965951, "delta": 1.691658}}
{"target": -2.4739524782830857, "params": {"max_depth": 25.0, "n_estimators": 103.0270995607851}, "datetime": {"datetime": "2021-09-20 19:26:11", "elapsed": 129.91434, "delta": 0.948389}}
{"target": -2.4872714939144993, "params": {"max_depth": 17.7925183503447, "n_estimators": 178.3195279451104}, "datetime": {"datetime": "2021-09-20 19:26:12", "elapsed": 131.231966, "delta": 1.317626}}
{"target": -2.498939427045766, "params": {"max_depth": 14.72817146457734, "n_estimators": 292.6864617107729}, "datetime": {"datetime": "2021-09-20 19:26:14", "elapsed": 132.917491, "delta": 1.685525}}
{"target": -2.4813283410449873, "params": {"max_depth": 18.854007509399857, "n_estimators": 149.49473423252604}, "datetime": {"datetime": "2021-09-20 19:26:15", "elapsed": 134.015654, "delta": 1.098163}}
{"target": -2.4954803532804593, "params": {"max_depth": 24.946902565767157, "n_estimators": 292.7578512588851}, "datetime": {"datetime": "2021-09-20 19:26:16", "elapsed": 135.700506, "delta": 1.684852}}
{"target": -2.5103719168009233, "params": {"max_depth": 12.126570465926623, "n_estimators": 140.3368621697141}, "datetime": {"datetime": "2021-09-20 19:26:17", "elapsed": 136.724153, "delta": 1.023647}}
{"target": -2.516637360650658, "params": {"max_depth": 12.427113703457186, "n_estimators": 299.7541129245422}, "datetime": {"datetime": "2021-09-20 19:26:19", "elapsed": 138.4024, "delta": 1.678247}}
{"target": -2.4772321428571393, "params": {"max_depth": 25.0, "n_estimators": 196.1260755387265}, "datetime": {"datetime": "2021-09-20 19:26:20", "elapsed": 139.702555, "delta": 1.300155}}
{"target": -2.4774939380030396, "params": {"max_depth": 20.20567815106543, "n_estimators": 129.78986857196574}, "datetime": {"datetime": "2021-09-20 19:26:22", "elapsed": 140.842548, "delta": 1.139993}}
{"target": -2.4897387226535144, "params": {"max_depth": 19.3309378225239, "n_estimators": 246.92256186685398}, "datetime": {"datetime": "2021-09-20 19:26:23", "elapsed": 142.400978, "delta": 1.55843}}
{"target": -2.480293590402015, "params": {"max_depth": 20.375568701293044, "n_estimators": 184.60231137758407}, "datetime": {"datetime": "2021-09-20 19:26:24", "elapsed": 143.662778, "delta": 1.2618}}
{"target": -2.5071721703840346, "params": {"max_depth": 13.795306249410666, "n_estimators": 154.73960044679495}, "datetime": {"datetime": "2021-09-20 19:26:26", "elapsed": 144.768396, "delta": 1.105618}}
{"target": -2.4746189738255238, "params": {"max_depth": 15.623700292490192, "n_estimators": 121.1001669366275}, "datetime": {"datetime": "2021-09-20 19:26:27", "elapsed": 145.828677, "delta": 1.060281}}
{"target": -2.492244784824513, "params": {"max_depth": 21.134364068778154, "n_estimators": 269.1538990341741}, "datetime": {"datetime": "2021-09-20 19:26:28", "elapsed": 147.435341, "delta": 1.606664}}
{"target": -2.493999689854844, "params": {"max_depth": 12.058294981438888, "n_estimators": 101.71766586228927}, "datetime": {"datetime": "2021-09-20 19:26:29", "elapsed": 148.443341, "delta": 1.008}}
{"target": -2.4897125258863095, "params": {"max_depth": 19.58873186178227, "n_estimators": 284.4090527374488}, "datetime": {"datetime": "2021-09-20 19:26:32", "elapsed": 150.899889, "delta": 2.456548}}
{"target": -2.449638157894737, "params": {"max_depth": 25.0, "n_estimators": 60.13637967939001}, "datetime": {"datetime": "2021-09-20 19:26:33", "elapsed": 151.851978, "delta": 0.952089}}
{"target": -2.490718195683006, "params": {"max_depth": 19.899248127422346, "n_estimators": 43.150717609588526}, "datetime": {"datetime": "2021-09-20 19:26:33", "elapsed": 152.698978, "delta": 0.847}}
{"target": -2.4868252529471793, "params": {"max_depth": 19.390800689685733, "n_estimators": 225.9260708423919}, "datetime": {"datetime": "2021-09-20 19:26:35", "elapsed": 154.73298, "delta": 2.034002}}
{"target": -2.459206660012225, "params": {"max_depth": 16.739214366165125, "n_estimators": 62.49026365535478}, "datetime": {"datetime": "2021-09-20 19:26:36", "elapsed": 155.712118, "delta": 0.979138}}
{"target": -2.4861714555407404, "params": {"max_depth": 20.58544344041238, "n_estimators": 262.32893903233696}, "datetime": {"datetime": "2021-09-20 19:26:39", "elapsed": 157.953703, "delta": 2.241585}}
{"target": -2.560049019607843, "params": {"max_depth": 20.378404162680955, "n_estimators": 17.671947720204017}, "datetime": {"datetime": "2021-09-20 19:26:40", "elapsed": 158.926706, "delta": 0.973003}}
{"target": -2.477523952285778, "params": {"max_depth": 21.22634499063768, "n_estimators": 79.5134235003439}, "datetime": {"datetime": "2021-09-20 19:26:41", "elapsed": 159.915705, "delta": 0.988999}}
{"target": -2.474537842540234, "params": {"max_depth": 24.609328860689228, "n_estimators": 121.81654852866325}, "datetime": {"datetime": "2021-09-20 19:26:42", "elapsed": 161.324705, "delta": 1.409}}
{"target": -2.491140535161429, "params": {"max_depth": 25.0, "n_estimators": 238.81365037664855}, "datetime": {"datetime": "2021-09-20 19:26:44", "elapsed": 163.563965, "delta": 2.23926}}
{"target": -2.4747277764551456, "params": {"max_depth": 20.272003319264677, "n_estimators": 206.55140701397153}, "datetime": {"datetime": "2021-09-20 19:26:47", "elapsed": 165.801429, "delta": 2.237464}}
{"target": -2.483782894736841, "params": {"max_depth": 25.0, "n_estimators": 140.59607468845286}, "datetime": {"datetime": "2021-09-20 19:26:48", "elapsed": 167.555144, "delta": 1.753715}}
{"target": -2.5103162586265215, "params": {"max_depth": 13.796389908508921, "n_estimators": 171.018034903529}, "datetime": {"datetime": "2021-09-20 19:26:50", "elapsed": 169.552439, "delta": 1.997295}}
{"target": -2.4863614875512114, "params": {"max_depth": 25.0, "n_estimators": 167.5518222046944}, "datetime": {"datetime": "2021-09-20 19:26:53", "elapsed": 171.816999, "delta": 2.26456}}
{"target": -2.513818275493237, "params": {"max_depth": 13.747819935449357, "n_estimators": 236.4373493704277}, "datetime": {"datetime": "2021-09-20 19:26:55", "elapsed": 174.500035, "delta": 2.683036}}
{"target": -2.4754717221740243, "params": {"max_depth": 19.97958760560717, "n_estimators": 104.92449473302268}, "datetime": {"datetime": "2021-09-20 19:26:57", "elapsed": 175.98057, "delta": 1.480535}}
{"target": -2.4750318939072375, "params": {"max_depth": 20.211822897739385, "n_estimators": 124.46299253406892}, "datetime": {"datetime": "2021-09-20 19:26:58", "elapsed": 177.474615, "delta": 1.494045}}
{"target": -2.4286731334549443, "params": {"max_depth": 14.839895221984845, "n_estimators": 71.39537066012662}, "datetime": {"datetime": "2021-09-20 19:26:59", "elapsed": 178.499619, "delta": 1.025004}}
{"target": -2.4741831927306297, "params": {"max_depth": 20.317962159769618, "n_estimators": 95.34701868942945}, "datetime": {"datetime": "2021-09-20 19:27:00", "elapsed": 179.686123, "delta": 1.186504}}
{"target": -2.450093984962406, "params": {"max_depth": 21.203943041833206, "n_estimators": 57.369726653406666}, "datetime": {"datetime": "2021-09-20 19:27:01", "elapsed": 180.726118, "delta": 1.039995}}
{"target": -2.5069491193713977, "params": {"max_depth": 10.535287827536333, "n_estimators": 105.93066397025501}, "datetime": {"datetime": "2021-09-20 19:27:03", "elapsed": 181.976376, "delta": 1.250258}}
{"target": -2.4903379296950834, "params": {"max_depth": 25.0, "n_estimators": 271.42806094411344}, "datetime": {"datetime": "2021-09-20 19:27:05", "elapsed": 184.343161, "delta": 2.366785}}
{"target": -2.498523690192512, "params": {"max_depth": 13.294256896156579, "n_estimators": 219.07114510685275}, "datetime": {"datetime": "2021-09-20 19:27:07", "elapsed": 186.426407, "delta": 2.083246}}
{"target": -2.5011936182134114, "params": {"max_depth": 16.136235930923164, "n_estimators": 166.7802772937678}, "datetime": {"datetime": "2021-09-20 19:27:09", "elapsed": 188.070259, "delta": 1.643852}}
{"target": -2.4891774275129426, "params": {"max_depth": 14.062916138668058, "n_estimators": 159.70995625620353}, "datetime": {"datetime": "2021-09-20 19:27:10", "elapsed": 189.644556, "delta": 1.574297}}
{"target": -2.47807302346776, "params": {"max_depth": 21.262096038327538, "n_estimators": 33.539176588034834}, "datetime": {"datetime": "2021-09-20 19:27:11", "elapsed": 190.427557, "delta": 0.783001}}
{"target": -2.4956952830308072, "params": {"max_depth": 22.159370446084356, "n_estimators": 297.3095605075707}, "datetime": {"datetime": "2021-09-20 19:27:13", "elapsed": 192.754751, "delta": 2.327194}}
{"target": -2.4460728744939266, "params": {"max_depth": 24.889068214915742, "n_estimators": 65.24008830273685}, "datetime": {"datetime": "2021-09-20 19:27:15", "elapsed": 194.327388, "delta": 1.572637}}
{"target": -2.477038365290767, "params": {"max_depth": 20.12825750301267, "n_estimators": 201.52442447693952}, "datetime": {"datetime": "2021-09-20 19:27:17", "elapsed": 196.131829, "delta": 1.804441}}
{"target": -2.5003749889952367, "params": {"max_depth": 13.720358552927651, "n_estimators": 199.80193101134086}, "datetime": {"datetime": "2021-09-20 19:27:19", "elapsed": 197.898048, "delta": 1.766219}}
{"target": -2.4785977443609024, "params": {"max_depth": 22.406194174041843, "n_estimators": 50.59465796529002}, "datetime": {"datetime": "2021-09-20 19:27:20", "elapsed": 198.77805, "delta": 0.880002}}
{"target": -2.4735317964655947, "params": {"max_depth": 20.628615834260554, "n_estimators": 112.11680717687209}, "datetime": {"datetime": "2021-09-20 19:27:21", "elapsed": 200.128657, "delta": 1.350607}}
{"target": -2.4505340711737604, "params": {"max_depth": 14.77879579397751, "n_estimators": 96.2470737403989}, "datetime": {"datetime": "2021-09-20 19:27:22", "elapsed": 201.170651, "delta": 1.041994}}
{"target": -2.524538400406098, "params": {"max_depth": 11.633149766952906, "n_estimators": 231.61501587508488}, "datetime": {"datetime": "2021-09-20 19:27:24", "elapsed": 203.153155, "delta": 1.982504}}
{"target": -2.467746420846637, "params": {"max_depth": 21.621502130774136, "n_estimators": 73.59909833215814}, "datetime": {"datetime": "2021-09-20 19:27:25", "elapsed": 204.214349, "delta": 1.061194}}
{"target": -2.4897822876693776, "params": {"max_depth": 21.179145765371985, "n_estimators": 241.78811366280053}, "datetime": {"datetime": "2021-09-20 19:27:27", "elapsed": 206.219899, "delta": 2.00555}}
{"target": -2.4880267840419528, "params": {"max_depth": 25.0, "n_estimators": 281.1493001023278}, "datetime": {"datetime": "2021-09-20 19:27:30", "elapsed": 209.72618, "delta": 3.506281}}
{"target": -2.486720272904483, "params": {"max_depth": 21.372253301257977, "n_estimators": 27.416327541648595}, "datetime": {"datetime": "2021-09-20 19:27:31", "elapsed": 210.581181, "delta": 0.855001}}
{"target": -2.5291458156958533, "params": {"max_depth": 11.835467745566397, "n_estimators": 55.725567241488136}, "datetime": {"datetime": "2021-09-20 19:27:32", "elapsed": 211.677775, "delta": 1.096594}}
{"target": -2.5204111884732905, "params": {"max_depth": 11.629616920242498, "n_estimators": 280.2846460861303}, "datetime": {"datetime": "2021-09-20 19:27:35", "elapsed": 213.990139, "delta": 2.312364}}
{"target": -2.498712748847899, "params": {"max_depth": 14.387807005278672, "n_estimators": 296.63513419546507}, "datetime": {"datetime": "2021-09-20 19:27:37", "elapsed": 216.303612, "delta": 2.313473}}
{"target": -2.4854479639813656, "params": {"max_depth": 18.380804013436343, "n_estimators": 189.0417533770082}, "datetime": {"datetime": "2021-09-20 19:27:39", "elapsed": 218.085105, "delta": 1.781493}}
{"target": -2.487329280479679, "params": {"max_depth": 24.792530235304007, "n_estimators": 158.19135273127975}, "datetime": {"datetime": "2021-09-20 19:27:40", "elapsed": 219.721867, "delta": 1.636762}}
{"target": -2.495939845876099, "params": {"max_depth": 13.87742086761253, "n_estimators": 215.3479685428336}, "datetime": {"datetime": "2021-09-20 19:27:42", "elapsed": 221.515277, "delta": 1.79341}}
{"target": -2.4762504394470306, "params": {"max_depth": 21.35754056447305, "n_estimators": 221.39294859440253}, "datetime": {"datetime": "2021-09-20 19:27:44", "elapsed": 223.578584, "delta": 2.063307}}
{"target": -2.5321358548331387, "params": {"max_depth": 11.761570062003875, "n_estimators": 112.12965005550396}, "datetime": {"datetime": "2021-09-20 19:27:46", "elapsed": 224.85043, "delta": 1.271846}}
{"target": -2.482127192982455, "params": {"max_depth": 25.0, "n_estimators": 42.33371198989883}, "datetime": {"datetime": "2021-09-20 19:27:47", "elapsed": 225.943008, "delta": 1.092578}}
{"target": -2.4775862621670455, "params": {"max_depth": 21.101888489176883, "n_estimators": 86.56605650983599}, "datetime": {"datetime": "2021-09-20 19:27:48", "elapsed": 227.282649, "delta": 1.339641}}
{"target": -2.4867024806333986, "params": {"max_depth": 21.686712731141714, "n_estimators": 176.53542303148848}, "datetime": {"datetime": "2021-09-20 19:27:50", "elapsed": 228.946046, "delta": 1.663397}}
{"target": -2.5128314665301468, "params": {"max_depth": 13.033713452988902, "n_estimators": 276.0587133928511}, "datetime": {"datetime": "2021-09-20 19:27:52", "elapsed": 231.25332, "delta": 2.307274}}
{"target": -2.482877423822712, "params": {"max_depth": 24.92034876833396, "n_estimators": 190.9231896722741}, "datetime": {"datetime": "2021-09-20 19:27:54", "elapsed": 233.171527, "delta": 1.918207}}
{"target": -2.4867535687043665, "params": {"max_depth": 21.815560806511208, "n_estimators": 230.1881037968126}, "datetime": {"datetime": "2021-09-20 19:27:56", "elapsed": 235.126858, "delta": 1.955331}}
{"target": -2.4880901635712753, "params": {"max_depth": 15.97793999105457, "n_estimators": 150.75504055194625}, "datetime": {"datetime": "2021-09-20 19:27:58", "elapsed": 236.864561, "delta": 1.737703}}
{"target": -2.483010562119584, "params": {"max_depth": 21.37745708599781, "n_estimators": 140.87063545114415}, "datetime": {"datetime": "2021-09-20 19:27:59", "elapsed": 238.293456, "delta": 1.428895}}
{"target": -2.4564302983702797, "params": {"max_depth": 16.08947188752785, "n_estimators": 68.09283956124533}, "datetime": {"datetime": "2021-09-20 19:28:00", "elapsed": 239.575003, "delta": 1.281547}}
{"target": -2.454396690511, "params": {"max_depth": 17.051200430354683, "n_estimators": 72.55994358557844}, "datetime": {"datetime": "2021-09-20 19:28:01", "elapsed": 240.709233, "delta": 1.13423}}
{"target": -2.483070621792196, "params": {"max_depth": 13.342112310387495, "n_estimators": 78.27829122135847}, "datetime": {"datetime": "2021-09-20 19:28:03", "elapsed": 241.959958, "delta": 1.250725}}
{"target": -2.451327699348353, "params": {"max_depth": 14.340475716642548, "n_estimators": 85.5745762723847}, "datetime": {"datetime": "2021-09-20 19:28:04", "elapsed": 243.147114, "delta": 1.187156}}
{"target": -2.4875745044156825, "params": {"max_depth": 15.374716064460577, "n_estimators": 81.48798902270555}, "datetime": {"datetime": "2021-09-20 19:28:05", "elapsed": 244.451344, "delta": 1.30423}}
{"target": -2.498765733471909, "params": {"max_depth": 14.98390720261514, "n_estimators": 23.106575175551757}, "datetime": {"datetime": "2021-09-20 19:28:06", "elapsed": 245.198341, "delta": 0.746997}}
{"target": -2.4838024227234734, "params": {"max_depth": 21.040772442284428, "n_estimators": 165.3072065021539}, "datetime": {"datetime": "2021-09-20 19:28:08", "elapsed": 246.953655, "delta": 1.755314}}
{"target": -2.4859723744249336, "params": {"max_depth": 16.71186064856753, "n_estimators": 87.55826706461585}, "datetime": {"datetime": "2021-09-20 19:28:09", "elapsed": 248.222585, "delta": 1.26893}}
{"target": -2.4780838179367115, "params": {"max_depth": 15.541313643069163, "n_estimators": 103.77618810941522}, "datetime": {"datetime": "2021-09-20 19:28:10", "elapsed": 249.546838, "delta": 1.324253}}
{"target": -2.479108075532341, "params": {"max_depth": 25.0, "n_estimators": 131.18420424758364}, "datetime": {"datetime": "2021-09-20 19:28:12", "elapsed": 250.964474, "delta": 1.417636}}
{"target": -2.479368421052631, "params": {"max_depth": 24.915772411520088, "n_estimators": 50.421295322030815}, "datetime": {"datetime": "2021-09-20 19:28:13", "elapsed": 252.229703, "delta": 1.265229}}
{"target": -2.496433185046938, "params": {"max_depth": 17.42907142712985, "n_estimators": 288.2543316754283}, "datetime": {"datetime": "2021-09-20 19:28:15", "elapsed": 254.540699, "delta": 2.310996}}
{"target": -2.4838926670609105, "params": {"max_depth": 24.965227104342553, "n_estimators": 89.54456979220373}, "datetime": {"datetime": "2021-09-20 19:28:16", "elapsed": 255.75063, "delta": 1.209931}}
{"target": -2.4991618411949434, "params": {"max_depth": 13.813152654153944, "n_estimators": 195.2491491117183}, "datetime": {"datetime": "2021-09-20 19:28:18", "elapsed": 257.479807, "delta": 1.729177}}
{"target": -2.4999898234131823, "params": {"max_depth": 16.13841444215516, "n_estimators": 244.62363714778104}, "datetime": {"datetime": "2021-09-20 19:28:20", "elapsed": 259.506152, "delta": 2.026345}}
{"target": -2.5204981961384263, "params": {"max_depth": 11.751524807562816, "n_estimators": 252.06416351492334}, "datetime": {"datetime": "2021-09-20 19:28:22", "elapsed": 261.678839, "delta": 2.172687}}
{"target": -2.4994240615137584, "params": {"max_depth": 13.278180937872314, "n_estimators": 209.18363727476785}, "datetime": {"datetime": "2021-09-20 19:28:24", "elapsed": 263.595597, "delta": 1.916758}}
{"target": -2.473792315295276, "params": {"max_depth": 24.81670713770962, "n_estimators": 213.974953304406}, "datetime": {"datetime": "2021-09-20 19:28:26", "elapsed": 265.668917, "delta": 2.07332}}
{"target": -2.461774686975155, "params": {"max_depth": 14.58747558689858, "n_estimators": 117.56367131429099}, "datetime": {"datetime": "2021-09-20 19:28:28", "elapsed": 267.468769, "delta": 1.799852}}
{"target": -2.481148918807044, "params": {"max_depth": 13.693092713569419, "n_estimators": 74.45075944989787}, "datetime": {"datetime": "2021-09-20 19:28:30", "elapsed": 269.212969, "delta": 1.7442}}
{"target": -2.4868242089598986, "params": {"max_depth": 21.282143009092685, "n_estimators": 160.07764315932044}, "datetime": {"datetime": "2021-09-20 19:28:32", "elapsed": 271.369467, "delta": 2.156498}}
{"target": -2.5029703566926957, "params": {"max_depth": 16.55396584157034, "n_estimators": 174.19636432037927}, "datetime": {"datetime": "2021-09-20 19:28:34", "elapsed": 273.755251, "delta": 2.385784}}
{"target": -2.4869288544514667, "params": {"max_depth": 20.322343306389495, "n_estimators": 280.03709683729267}, "datetime": {"datetime": "2021-09-20 19:28:38", "elapsed": 276.978847, "delta": 3.223596}}
{"target": -2.4810239112323753, "params": {"max_depth": 13.736309257786065, "n_estimators": 91.39191796248763}, "datetime": {"datetime": "2021-09-20 19:28:39", "elapsed": 278.687849, "delta": 1.709002}}
{"target": -2.4731031484962402, "params": {"max_depth": 22.334435908289066, "n_estimators": 100.4719831536797}, "datetime": {"datetime": "2021-09-20 19:28:41", "elapsed": 280.70185, "delta": 2.014001}}
{"target": -2.4750422375736263, "params": {"max_depth": 21.565093810997247, "n_estimators": 197.81764445097795}, "datetime": {"datetime": "2021-09-20 19:28:44", "elapsed": 283.367849, "delta": 2.665999}}
{"target": -2.479967326033202, "params": {"max_depth": 24.841215240308134, "n_estimators": 149.76933955849063}, "datetime": {"datetime": "2021-09-20 19:28:47", "elapsed": 286.158851, "delta": 2.791002}}
{"target": -2.5129305637957877, "params": {"max_depth": 12.70038145474536, "n_estimators": 241.31971272456215}, "datetime": {"datetime": "2021-09-20 19:28:50", "elapsed": 289.459403, "delta": 3.300552}}
{"target": -2.508115406272331, "params": {"max_depth": 12.706780694801154, "n_estimators": 256.1371348019587}, "datetime": {"datetime": "2021-09-20 19:28:53", "elapsed": 292.758581, "delta": 3.299178}}
{"target": -2.4863232992385633, "params": {"max_depth": 15.621605093149551, "n_estimators": 34.01827405037779}, "datetime": {"datetime": "2021-09-20 19:28:55", "elapsed": 294.080468, "delta": 1.321887}}
{"target": -2.4417657950847267, "params": {"max_depth": 22.17691336635321, "n_estimators": 67.23956066954555}, "datetime": {"datetime": "2021-09-20 19:28:57", "elapsed": 296.596872, "delta": 2.516404}}
{"target": -2.483950540659826, "params": {"max_depth": 19.43177507957919, "n_estimators": 53.83319118872938}, "datetime": {"datetime": "2021-09-20 19:28:59", "elapsed": 298.357588, "delta": 1.760716}}
{"target": -2.5002870037327107, "params": {"max_depth": 16.126371701617597, "n_estimators": 283.0335458099651}, "datetime": {"datetime": "2021-09-20 19:29:03", "elapsed": 302.048035, "delta": 3.690447}}
{"target": -2.4919878552851684, "params": {"max_depth": 16.583807645664628, "n_estimators": 131.40733477333737}, "datetime": {"datetime": "2021-09-20 19:29:05", "elapsed": 304.262303, "delta": 2.214268}}
{"target": -2.48393338168255, "params": {"max_depth": 25.0, "n_estimators": 254.9681570689096}, "datetime": {"datetime": "2021-09-20 19:29:08", "elapsed": 307.543757, "delta": 3.281454}}
{"target": -2.493491334062235, "params": {"max_depth": 16.48714716061543, "n_estimators": 222.85290125587056}, "datetime": {"datetime": "2021-09-20 19:29:10", "elapsed": 309.557076, "delta": 2.013319}}
