{"target": -2.4690651742381364, "params": {"max_depth": 20.379328304282087, "n_estimators": 93.77542481367124}, "datetime": {"datetime": "2021-09-21 10:10:50", "elapsed": 168.197339, "delta": 1.362298}}
{"target": -2.4817679171332583, "params": {"max_depth": 26.637518188463538, "n_estimators": 94.08658906152104}, "datetime": {"datetime": "2021-09-21 10:10:51", "elapsed": 169.55524, "delta": 1.357901}}
{"target": -2.4531526352994497, "params": {"max_depth": 17.762215701575105, "n_estimators": 57.65012207299923}, "datetime": {"datetime": "2021-09-21 10:10:52", "elapsed": 170.602991, "delta": 1.047751}}
{"target": -2.4485442928044527, "params": {"max_depth": 14.853289414601358, "n_estimators": 98.0116156713585}, "datetime": {"datetime": "2021-09-21 10:10:54", "elapsed": 172.018046, "delta": 1.415055}}
{"target": -2.4457914086687307, "params": {"max_depth": 26.006189793529547, "n_estimators": 68.34703728151166}, "datetime": {"datetime": "2021-09-21 10:10:55", "elapsed": 173.1818, "delta": 1.163754}}
{"target": -2.454968058373447, "params": {"max_depth": 19.79079723739102, "n_estimators": 63.61061352304736}, "datetime": {"datetime": "2021-09-21 10:10:56", "elapsed": 174.329049, "delta": 1.147249}}
{"target": -2.454766899888611, "params": {"max_depth": 19.672916096521398, "n_estimators": 60.82234548193141}, "datetime": {"datetime": "2021-09-21 10:10:57", "elapsed": 175.667368, "delta": 1.338319}}
{"target": -2.448456126055088, "params": {"max_depth": 14.183862495849079, "n_estimators": 82.39896476314}, "datetime": {"datetime": "2021-09-21 10:10:59", "elapsed": 176.843617, "delta": 1.176249}}
{"target": -2.474054712420255, "params": {"max_depth": 20.04002821340002, "n_estimators": 80.34958872372971}, "datetime": {"datetime": "2021-09-21 10:11:00", "elapsed": 178.33642, "delta": 1.492803}}
{"target": -2.4455565142364106, "params": {"max_depth": 24.22149376569629, "n_estimators": 61.610246915858035}, "datetime": {"datetime": "2021-09-21 10:11:01", "elapsed": 179.544713, "delta": 1.208293}}
{"target": -2.4455565142364106, "params": {"max_depth": 27.243805445211223, "n_estimators": 61.20447001360367}, "datetime": {"datetime": "2021-09-21 10:11:02", "elapsed": 180.604787, "delta": 1.060074}}
{"target": -2.4483465057700053, "params": {"max_depth": 14.589806983620395, "n_estimators": 91.34154493594801}, "datetime": {"datetime": "2021-09-21 10:11:04", "elapsed": 182.05536, "delta": 1.450573}}
{"target": -2.480238175763168, "params": {"max_depth": 14.826802081515105, "n_estimators": 50.014416126576805}, "datetime": {"datetime": "2021-09-21 10:11:05", "elapsed": 183.133329, "delta": 1.077969}}
{"target": -2.4792649727767695, "params": {"max_depth": 27.202927586545357, "n_estimators": 87.1641595889666}, "datetime": {"datetime": "2021-09-21 10:11:06", "elapsed": 184.442886, "delta": 1.309557}}
{"target": -2.4411298131692867, "params": {"max_depth": 21.048620802191202, "n_estimators": 66.68378503326167}, "datetime": {"datetime": "2021-09-21 10:11:07", "elapsed": 185.540767, "delta": 1.097881}}
{"target": -2.464522922874855, "params": {"max_depth": 16.50065089114083, "n_estimators": 56.3345388482136}, "datetime": {"datetime": "2021-09-21 10:11:08", "elapsed": 186.554355, "delta": 1.013588}}
{"target": -2.4403750854408752, "params": {"max_depth": 22.53614859695246, "n_estimators": 66.05803876665584}, "datetime": {"datetime": "2021-09-21 10:11:10", "elapsed": 187.786512, "delta": 1.232157}}
{"target": -2.4757880277617113, "params": {"max_depth": 30.0, "n_estimators": 91.64985876217987}, "datetime": {"datetime": "2021-09-21 10:11:11", "elapsed": 189.024362, "delta": 1.23785}}
{"target": -2.478631315221791, "params": {"max_depth": 13.691886953443696, "n_estimators": 99.99567587631114}, "datetime": {"datetime": "2021-09-21 10:11:12", "elapsed": 190.398163, "delta": 1.373801}}
{"target": -2.455385794443289, "params": {"max_depth": 18.1152259025016, "n_estimators": 69.28314813998344}, "datetime": {"datetime": "2021-09-21 10:11:13", "elapsed": 191.564166, "delta": 1.166003}}
{"target": -2.4460728744939266, "params": {"max_depth": 29.364968606005423, "n_estimators": 65.38438751477935}, "datetime": {"datetime": "2021-09-21 10:11:14", "elapsed": 192.665117, "delta": 1.100951}}
{"target": -2.451887871853547, "params": {"max_depth": 25.45746791553718, "n_estimators": 69.60937377352337}, "datetime": {"datetime": "2021-09-21 10:11:16", "elapsed": 193.917675, "delta": 1.252558}}
{"target": -2.4775862621670455, "params": {"max_depth": 21.20294736769367, "n_estimators": 86.57256710186002}, "datetime": {"datetime": "2021-09-21 10:11:17", "elapsed": 195.075167, "delta": 1.157492}}
{"target": -2.4830120156410795, "params": {"max_depth": 13.690429902801618, "n_estimators": 87.64390497912883}, "datetime": {"datetime": "2021-09-21 10:11:18", "elapsed": 196.280537, "delta": 1.20537}}
{"target": -2.4699946657183496, "params": {"max_depth": 29.108044440135423, "n_estimators": 74.25303106790172}, "datetime": {"datetime": "2021-09-21 10:11:19", "elapsed": 197.426427, "delta": 1.14589}}
{"target": -2.4460728744939266, "params": {"max_depth": 27.50120908777178, "n_estimators": 65.68987756583876}, "datetime": {"datetime": "2021-09-21 10:11:20", "elapsed": 198.450345, "delta": 1.023918}}
{"target": -2.4423802042419482, "params": {"max_depth": 25.585833299405554, "n_estimators": 67.24295528064349}, "datetime": {"datetime": "2021-09-21 10:11:21", "elapsed": 199.561054, "delta": 1.110709}}
{"target": -2.4623973206091243, "params": {"max_depth": 16.040890300287053, "n_estimators": 60.31865379113644}, "datetime": {"datetime": "2021-09-21 10:11:22", "elapsed": 200.704592, "delta": 1.143538}}
{"target": -2.4423802042419482, "params": {"max_depth": 28.254390610742636, "n_estimators": 67.25883388621078}, "datetime": {"datetime": "2021-09-21 10:11:24", "elapsed": 201.838765, "delta": 1.134173}}
{"target": -2.445861769809138, "params": {"max_depth": 21.85119948949243, "n_estimators": 65.23195922993341}, "datetime": {"datetime": "2021-09-21 10:11:25", "elapsed": 203.062114, "delta": 1.223349}}
{"target": -2.4423802042419482, "params": {"max_depth": 24.052822972092372, "n_estimators": 67.10798941880566}, "datetime": {"datetime": "2021-09-21 10:11:26", "elapsed": 204.209239, "delta": 1.147125}}
{"target": -2.444456269349845, "params": {"max_depth": 23.581997266032044, "n_estimators": 68.92030874142071}, "datetime": {"datetime": "2021-09-21 10:11:28", "elapsed": 205.92769, "delta": 1.718451}}
{"target": -2.467098617756512, "params": {"max_depth": 23.674729009554888, "n_estimators": 99.99353945801451}, "datetime": {"datetime": "2021-09-21 10:11:30", "elapsed": 208.324174, "delta": 2.396484}}
{"target": -2.442181856295149, "params": {"max_depth": 20.561898341527822, "n_estimators": 68.30641325660025}, "datetime": {"datetime": "2021-09-21 10:11:31", "elapsed": 209.717392, "delta": 1.393218}}
{"target": -2.45654826027056, "params": {"max_depth": 19.32375683067783, "n_estimators": 57.092459087784306}, "datetime": {"datetime": "2021-09-21 10:11:33", "elapsed": 211.413694, "delta": 1.696302}}
{"target": -2.4520247988392034, "params": {"max_depth": 22.239267961577372, "n_estimators": 57.45822019642692}, "datetime": {"datetime": "2021-09-21 10:11:35", "elapsed": 213.238303, "delta": 1.824609}}
{"target": -2.4455565142364106, "params": {"max_depth": 28.344496957579008, "n_estimators": 61.77637402877317}, "datetime": {"datetime": "2021-09-21 10:11:37", "elapsed": 215.203631, "delta": 1.965328}}
{"target": -2.440998803827751, "params": {"max_depth": 29.42320608672472, "n_estimators": 66.49346821420237}, "datetime": {"datetime": "2021-09-21 10:11:39", "elapsed": 216.97242, "delta": 1.768789}}
{"target": -2.4436526951707624, "params": {"max_depth": 17.77153366693243, "n_estimators": 67.44012313269923}, "datetime": {"datetime": "2021-09-21 10:11:41", "elapsed": 218.899645, "delta": 1.927225}}
{"target": -2.4403750854408752, "params": {"max_depth": 22.40194127439204, "n_estimators": 66.90477421611446}, "datetime": {"datetime": "2021-09-21 10:11:42", "elapsed": 220.590027, "delta": 1.690382}}
{"target": -2.4501372478816084, "params": {"max_depth": 21.36972110111565, "n_estimators": 63.56030651501644}, "datetime": {"datetime": "2021-09-21 10:11:44", "elapsed": 222.39753, "delta": 1.807503}}
{"target": -2.441640602530918, "params": {"max_depth": 20.929352306638464, "n_estimators": 61.28314684542342}, "datetime": {"datetime": "2021-09-21 10:11:46", "elapsed": 224.263658, "delta": 1.866128}}
{"target": -2.4455565142364106, "params": {"max_depth": 26.22598173996081, "n_estimators": 61.465025899989556}, "datetime": {"datetime": "2021-09-21 10:11:48", "elapsed": 226.396924, "delta": 2.133266}}
{"target": -2.442175401189541, "params": {"max_depth": 21.3960603710549, "n_estimators": 67.7601462119257}, "datetime": {"datetime": "2021-09-21 10:11:50", "elapsed": 228.345967, "delta": 1.949043}}
{"target": -2.453716528162512, "params": {"max_depth": 25.874036567507726, "n_estimators": 57.975116160211236}, "datetime": {"datetime": "2021-09-21 10:11:52", "elapsed": 230.282949, "delta": 1.936982}}
{"target": -2.440998803827751, "params": {"max_depth": 25.57472576338832, "n_estimators": 66.47649275204465}, "datetime": {"datetime": "2021-09-21 10:11:54", "elapsed": 232.19302, "delta": 1.910071}}
{"target": -2.4397228867623606, "params": {"max_depth": 23.338145438006922, "n_estimators": 66.17401828417579}, "datetime": {"datetime": "2021-09-21 10:11:56", "elapsed": 233.928547, "delta": 1.735527}}
{"target": -2.4461040296052627, "params": {"max_depth": 23.528406343452293, "n_estimators": 64.01253115570317}, "datetime": {"datetime": "2021-09-21 10:11:58", "elapsed": 236.33118, "delta": 2.402633}}
{"target": -2.4679129478620503, "params": {"max_depth": 13.192560634005199, "n_estimators": 69.32512053617072}, "datetime": {"datetime": "2021-09-21 10:12:00", "elapsed": 238.054181, "delta": 1.723001}}
{"target": -2.4373795520999466, "params": {"max_depth": 20.375836552199395, "n_estimators": 66.41488922387704}, "datetime": {"datetime": "2021-09-21 10:12:02", "elapsed": 239.937508, "delta": 1.883327}}
{"target": -2.4457914086687307, "params": {"max_depth": 29.96710768646817, "n_estimators": 68.78036086999015}, "datetime": {"datetime": "2021-09-21 10:12:04", "elapsed": 241.829452, "delta": 1.891944}}
{"target": -2.4411233307148463, "params": {"max_depth": 23.015116876776965, "n_estimators": 67.64883491771646}, "datetime": {"datetime": "2021-09-21 10:12:06", "elapsed": 244.355308, "delta": 2.525856}}
{"target": -2.4373795520999466, "params": {"max_depth": 20.531111317874164, "n_estimators": 66.3607283724464}, "datetime": {"datetime": "2021-09-21 10:12:08", "elapsed": 246.099454, "delta": 1.744146}}
{"target": -2.4441760138050044, "params": {"max_depth": 23.244723615492212, "n_estimators": 61.78657062216922}, "datetime": {"datetime": "2021-09-21 10:12:10", "elapsed": 248.338491, "delta": 2.239037}}
{"target": -2.4485442928044527, "params": {"max_depth": 14.037681695804707, "n_estimators": 98.09010599093978}, "datetime": {"datetime": "2021-09-21 10:12:12", "elapsed": 250.088243, "delta": 1.749752}}
{"target": -2.4500897988505757, "params": {"max_depth": 20.96145671791754, "n_estimators": 58.22650868798432}, "datetime": {"datetime": "2021-09-21 10:12:14", "elapsed": 252.060093, "delta": 1.97185}}
{"target": -2.4373795520999466, "params": {"max_depth": 20.56776060120462, "n_estimators": 66.59881751421386}, "datetime": {"datetime": "2021-09-21 10:12:16", "elapsed": 254.502821, "delta": 2.442728}}
{"target": -2.4423802042419482, "params": {"max_depth": 29.02110468559626, "n_estimators": 67.05585709472895}, "datetime": {"datetime": "2021-09-21 10:12:18", "elapsed": 256.515543, "delta": 2.012722}}
{"target": -2.448311562420544, "params": {"max_depth": 20.291097205229494, "n_estimators": 69.07584273419796}, "datetime": {"datetime": "2021-09-21 10:12:21", "elapsed": 259.395261, "delta": 2.879718}}
{"target": -2.4504803675856306, "params": {"max_depth": 30.0, "n_estimators": 63.10595984191359}, "datetime": {"datetime": "2021-09-21 10:12:23", "elapsed": 261.140955, "delta": 1.745694}}
{"target": -2.4423802042419482, "params": {"max_depth": 27.239152745444493, "n_estimators": 67.39336003790297}, "datetime": {"datetime": "2021-09-21 10:12:26", "elapsed": 264.191359, "delta": 3.050404}}
{"target": -2.4373795520999466, "params": {"max_depth": 20.376133165499713, "n_estimators": 66.24399507245606}, "datetime": {"datetime": "2021-09-21 10:12:28", "elapsed": 266.054661, "delta": 1.863302}}
{"target": -2.444456269349845, "params": {"max_depth": 23.241554392690556, "n_estimators": 68.21133931177607}, "datetime": {"datetime": "2021-09-21 10:12:30", "elapsed": 268.211194, "delta": 2.156533}}
{"target": -2.4403750854408752, "params": {"max_depth": 22.14645690869484, "n_estimators": 66.32868963990498}, "datetime": {"datetime": "2021-09-21 10:12:32", "elapsed": 270.711257, "delta": 2.500063}}
{"target": -2.4373795520999466, "params": {"max_depth": 20.60663636813041, "n_estimators": 66.83157302511982}, "datetime": {"datetime": "2021-09-21 10:12:35", "elapsed": 273.218879, "delta": 2.507622}}
{"target": -2.440998803827751, "params": {"max_depth": 28.262644312628197, "n_estimators": 66.08893760432773}, "datetime": {"datetime": "2021-09-21 10:12:38", "elapsed": 276.148569, "delta": 2.92969}}
{"target": -2.4373795520999466, "params": {"max_depth": 20.476684977115042, "n_estimators": 66.26332759648895}, "datetime": {"datetime": "2021-09-21 10:12:40", "elapsed": 278.23666, "delta": 2.088091}}
{"target": -2.4373795520999466, "params": {"max_depth": 20.42744589242693, "n_estimators": 66.3848898844117}, "datetime": {"datetime": "2021-09-21 10:12:42", "elapsed": 280.496724, "delta": 2.260064}}
{"target": -2.4838240420804794, "params": {"max_depth": 15.682164219436066, "n_estimators": 86.2230475403722}, "datetime": {"datetime": "2021-09-21 10:12:45", "elapsed": 283.205329, "delta": 2.708605}}
{"target": -2.451327699348353, "params": {"max_depth": 14.331570047413297, "n_estimators": 85.62187588290118}, "datetime": {"datetime": "2021-09-21 10:12:47", "elapsed": 285.168051, "delta": 1.962722}}
{"target": -2.5029462758701038, "params": {"max_depth": 10.084084447883505, "n_estimators": 76.642724613954}, "datetime": {"datetime": "2021-09-21 10:12:49", "elapsed": 287.647352, "delta": 2.479301}}
{"target": -2.488597920700178, "params": {"max_depth": 13.515309963543283, "n_estimators": 81.44183485097673}, "datetime": {"datetime": "2021-09-21 10:12:52", "elapsed": 290.03512, "delta": 2.387768}}
{"target": -2.482511015594182, "params": {"max_depth": 15.092196552876375, "n_estimators": 82.25297653791539}, "datetime": {"datetime": "2021-09-21 10:12:54", "elapsed": 292.717001, "delta": 2.681881}}
{"target": -2.487205586097714, "params": {"max_depth": 13.868699696954836, "n_estimators": 58.74115765331064}, "datetime": {"datetime": "2021-09-21 10:12:58", "elapsed": 296.541837, "delta": 3.824836}}
{"target": -2.4732772653282686, "params": {"max_depth": 30.0, "n_estimators": 97.52091085665809}, "datetime": {"datetime": "2021-09-21 10:13:02", "elapsed": 299.804803, "delta": 3.262966}}
{"target": -2.4762342612483588, "params": {"max_depth": 19.02353645672676, "n_estimators": 98.95665919729441}, "datetime": {"datetime": "2021-09-21 10:13:05", "elapsed": 303.291118, "delta": 3.486315}}
{"target": -2.4754952284557548, "params": {"max_depth": 21.104074958796634, "n_estimators": 52.40671387185407}, "datetime": {"datetime": "2021-09-21 10:13:07", "elapsed": 305.592739, "delta": 2.301621}}
{"target": -2.454531402290448, "params": {"max_depth": 20.976754408986853, "n_estimators": 72.59874947857433}, "datetime": {"datetime": "2021-09-21 10:13:09", "elapsed": 307.577252, "delta": 1.984513}}
{"target": -2.5069237808171057, "params": {"max_depth": 10.073801956745982, "n_estimators": 55.69815243785552}, "datetime": {"datetime": "2021-09-21 10:13:11", "elapsed": 309.557477, "delta": 1.980225}}
{"target": -2.4826998050682256, "params": {"max_depth": 27.298357747068675, "n_estimators": 81.2166904822873}, "datetime": {"datetime": "2021-09-21 10:13:14", "elapsed": 311.911467, "delta": 2.35399}}
{"target": -2.472619459833795, "params": {"max_depth": 27.430091024589633, "n_estimators": 76.22259330232652}, "datetime": {"datetime": "2021-09-21 10:13:16", "elapsed": 313.960315, "delta": 2.048848}}
{"target": -2.4959023267552127, "params": {"max_depth": 10.015295911226271, "n_estimators": 62.63252981569027}, "datetime": {"datetime": "2021-09-21 10:13:19", "elapsed": 317.134533, "delta": 3.174218}}
{"target": -2.4680688463583196, "params": {"max_depth": 28.018043590008343, "n_estimators": 99.98887879923738}, "datetime": {"datetime": "2021-09-21 10:13:22", "elapsed": 320.685881, "delta": 3.551348}}
{"target": -2.457112834168755, "params": {"max_depth": 22.390710398615425, "n_estimators": 72.60723533158162}, "datetime": {"datetime": "2021-09-21 10:13:26", "elapsed": 323.85295, "delta": 3.167069}}
{"target": -2.477537192119865, "params": {"max_depth": 18.83746418455935, "n_estimators": 83.29138602289015}, "datetime": {"datetime": "2021-09-21 10:13:28", "elapsed": 326.080391, "delta": 2.227441}}
{"target": -2.4540956263899183, "params": {"max_depth": 29.96470517025983, "n_estimators": 71.28767561581765}, "datetime": {"datetime": "2021-09-21 10:13:31", "elapsed": 328.825126, "delta": 2.744735}}
{"target": -2.4727153502378396, "params": {"max_depth": 22.361622429060336, "n_estimators": 98.02168963684747}, "datetime": {"datetime": "2021-09-21 10:13:33", "elapsed": 331.343865, "delta": 2.518739}}
{"target": -2.4474198190789473, "params": {"max_depth": 25.808006408875137, "n_estimators": 64.67626889469467}, "datetime": {"datetime": "2021-09-21 10:13:35", "elapsed": 333.721514, "delta": 2.377649}}
{"target": -2.4533364661654136, "params": {"max_depth": 23.58354357248394, "n_estimators": 56.5483694913776}, "datetime": {"datetime": "2021-09-21 10:13:39", "elapsed": 336.78402, "delta": 3.062506}}
{"target": -2.4503882690597467, "params": {"max_depth": 17.685159335550868, "n_estimators": 62.969763923380924}, "datetime": {"datetime": "2021-09-21 10:13:41", "elapsed": 339.402603, "delta": 2.618583}}
{"target": -2.4827176182612827, "params": {"max_depth": 13.955535224154833, "n_estimators": 83.07653229355628}, "datetime": {"datetime": "2021-09-21 10:13:45", "elapsed": 342.893297, "delta": 3.490694}}
{"target": -2.4884881969271526, "params": {"max_depth": 15.05456670386206, "n_estimators": 84.49506943395116}, "datetime": {"datetime": "2021-09-21 10:13:47", "elapsed": 345.614119, "delta": 2.720822}}
{"target": -2.47712738581192, "params": {"max_depth": 15.990956430657308, "n_estimators": 73.78653672519816}, "datetime": {"datetime": "2021-09-21 10:13:49", "elapsed": 347.558876, "delta": 1.944757}}
{"target": -2.4830840893668067, "params": {"max_depth": 15.900238532079385, "n_estimators": 52.90362306828303}, "datetime": {"datetime": "2021-09-21 10:13:52", "elapsed": 349.848655, "delta": 2.289779}}
{"target": -2.4525500300578638, "params": {"max_depth": 15.407761284384057, "n_estimators": 66.44265252318763}, "datetime": {"datetime": "2021-09-21 10:13:54", "elapsed": 351.851521, "delta": 2.002866}}
{"target": -2.4793389724310773, "params": {"max_depth": 23.439589212753354, "n_estimators": 84.27462702565066}, "datetime": {"datetime": "2021-09-21 10:13:56", "elapsed": 354.206458, "delta": 2.354937}}
{"target": -2.474709501025291, "params": {"max_depth": 23.065906131170223, "n_estimators": 77.60069640291448}, "datetime": {"datetime": "2021-09-21 10:13:59", "elapsed": 357.197429, "delta": 2.990971}}
{"target": -2.5023427721590656, "params": {"max_depth": 10.032915425188067, "n_estimators": 90.99235633954342}, "datetime": {"datetime": "2021-09-21 10:14:01", "elapsed": 359.70579, "delta": 2.508361}}
{"target": -2.4804824561403502, "params": {"max_depth": 27.859679122915008, "n_estimators": 84.42806938382633}, "datetime": {"datetime": "2021-09-21 10:14:04", "elapsed": 362.540961, "delta": 2.835171}}
{"target": -2.4584688995215314, "params": {"max_depth": 24.719084999972956, "n_estimators": 55.014567464639896}, "datetime": {"datetime": "2021-09-21 10:14:07", "elapsed": 365.382088, "delta": 2.841127}}
{"target": -2.476846804511278, "params": {"max_depth": 22.353825777419186, "n_estimators": 95.1214203145228}, "datetime": {"datetime": "2021-09-21 10:14:10", "elapsed": 368.135403, "delta": 2.753315}}
{"target": -2.449638157894737, "params": {"max_depth": 30.0, "n_estimators": 60.875597648338605}, "datetime": {"datetime": "2021-09-21 10:14:13", "elapsed": 370.914913, "delta": 2.77951}}
{"target": -2.4451854020296646, "params": {"max_depth": 17.847434550627632, "n_estimators": 61.44221265397775}, "datetime": {"datetime": "2021-09-21 10:14:15", "elapsed": 373.39433, "delta": 2.479417}}
{"target": -2.466800333861603, "params": {"max_depth": 15.331064391029843, "n_estimators": 69.09983754031529}, "datetime": {"datetime": "2021-09-21 10:14:17", "elapsed": 375.763097, "delta": 2.368767}}
{"target": -2.4559879571810885, "params": {"max_depth": 23.367221642599564, "n_estimators": 59.524381597694074}, "datetime": {"datetime": "2021-09-21 10:14:20", "elapsed": 378.478205, "delta": 2.715108}}
{"target": -2.4699946657183496, "params": {"max_depth": 24.846193882473088, "n_estimators": 74.16778567099018}, "datetime": {"datetime": "2021-09-21 10:14:23", "elapsed": 381.662268, "delta": 3.184063}}
{"target": -2.457958698830409, "params": {"max_depth": 28.293187889361853, "n_estimators": 72.43695089364911}, "datetime": {"datetime": "2021-09-21 10:14:26", "elapsed": 384.565567, "delta": 2.903299}}
{"target": -2.4801998987854255, "params": {"max_depth": 29.978140105603334, "n_estimators": 52.65902445608865}, "datetime": {"datetime": "2021-09-21 10:14:29", "elapsed": 386.998461, "delta": 2.432894}}
{"target": -2.4584688995215314, "params": {"max_depth": 26.877881720056536, "n_estimators": 55.64893730407603}, "datetime": {"datetime": "2021-09-21 10:14:31", "elapsed": 389.088859, "delta": 2.090398}}
