{"target": 0.8352364832485709, "params": {"max_depth": 23.77835737480317, "n_estimators": 104.96370203525669}, "datetime": {"datetime": "2021-09-21 16:14:16", "elapsed": 355.566431, "delta": 2.315376}}
{"target": 0.8350572354539303, "params": {"max_depth": 20.29053143216943, "n_estimators": 122.920829947725}, "datetime": {"datetime": "2021-09-21 16:14:18", "elapsed": 358.31872, "delta": 2.752289}}
{"target": 0.8344535289563556, "params": {"max_depth": 24.21375378088587, "n_estimators": 112.95446811727571}, "datetime": {"datetime": "2021-09-21 16:14:21", "elapsed": 360.650266, "delta": 2.331546}}
{"target": 0.8325811331271415, "params": {"max_depth": 11.304647664285493, "n_estimators": 103.1359630778248}, "datetime": {"datetime": "2021-09-21 16:14:23", "elapsed": 363.243117, "delta": 2.592851}}
{"target": 0.8350808268770629, "params": {"max_depth": 28.725514165351544, "n_estimators": 104.28321338252942}, "datetime": {"datetime": "2021-09-21 16:14:25", "elapsed": 365.329987, "delta": 2.08687}}
{"target": 0.8353264173055273, "params": {"max_depth": 17.63504462565166, "n_estimators": 118.54705801008667}, "datetime": {"datetime": "2021-09-21 16:14:27", "elapsed": 366.864476, "delta": 1.534489}}
{"target": 0.834210839963288, "params": {"max_depth": 25.809710997237385, "n_estimators": 114.3222972632549}, "datetime": {"datetime": "2021-09-21 16:14:28", "elapsed": 368.329503, "delta": 1.465027}}
{"target": 0.8333072460636227, "params": {"max_depth": 15.790415511419027, "n_estimators": 129.8831340680457}, "datetime": {"datetime": "2021-09-21 16:14:30", "elapsed": 370.147196, "delta": 1.817693}}
{"target": 0.8344129130446585, "params": {"max_depth": 15.643329779866352, "n_estimators": 126.4790161415031}, "datetime": {"datetime": "2021-09-21 16:14:32", "elapsed": 372.033433, "delta": 1.886237}}
{"target": 0.8378477832404436, "params": {"max_depth": 14.4552032070019, "n_estimators": 125.66211043624419}, "datetime": {"datetime": "2021-09-21 16:14:34", "elapsed": 373.845448, "delta": 1.812015}}
{"target": 0.8365481248771756, "params": {"max_depth": 14.187198949099615, "n_estimators": 112.10516722945586}, "datetime": {"datetime": "2021-09-21 16:14:35", "elapsed": 375.405828, "delta": 1.56038}}
{"target": 0.8316418103013532, "params": {"max_depth": 10.435181984949587, "n_estimators": 142.1855882130728}, "datetime": {"datetime": "2021-09-21 16:14:37", "elapsed": 377.208742, "delta": 1.802914}}
{"target": 0.8342364420029996, "params": {"max_depth": 28.022963453840728, "n_estimators": 128.19903738073424}, "datetime": {"datetime": "2021-09-21 16:14:39", "elapsed": 378.705172, "delta": 1.49643}}
{"target": 0.837449716546226, "params": {"max_depth": 14.181974400821204, "n_estimators": 126.06227221477832}, "datetime": {"datetime": "2021-09-21 16:14:41", "elapsed": 380.64412, "delta": 1.938948}}
{"target": 0.8342727562096829, "params": {"max_depth": 19.30210049537676, "n_estimators": 118.18940098614326}, "datetime": {"datetime": "2021-09-21 16:14:42", "elapsed": 382.247124, "delta": 1.603004}}
{"target": 0.835162427664467, "params": {"max_depth": 18.692784310624525, "n_estimators": 132.63215426534725}, "datetime": {"datetime": "2021-09-21 16:14:44", "elapsed": 384.296784, "delta": 2.04966}}
{"target": 0.8348390274262315, "params": {"max_depth": 19.874957404437893, "n_estimators": 115.68912691483833}, "datetime": {"datetime": "2021-09-21 16:14:47", "elapsed": 386.568577, "delta": 2.271793}}
{"target": 0.8350354216960421, "params": {"max_depth": 21.202934488038984, "n_estimators": 103.63302169555264}, "datetime": {"datetime": "2021-09-21 16:14:48", "elapsed": 388.478481, "delta": 1.909904}}
{"target": 0.8348969602347888, "params": {"max_depth": 25.0750634730433, "n_estimators": 110.94293889329487}, "datetime": {"datetime": "2021-09-21 16:14:50", "elapsed": 390.367082, "delta": 1.888601}}
{"target": 0.8339798915024036, "params": {"max_depth": 21.691139998617736, "n_estimators": 130.55577504340306}, "datetime": {"datetime": "2021-09-21 16:14:53", "elapsed": 392.755886, "delta": 2.388804}}
{"target": 0.8350174000619931, "params": {"max_depth": 28.60471900161453, "n_estimators": 102.40625212584321}, "datetime": {"datetime": "2021-09-21 16:14:55", "elapsed": 394.80563, "delta": 2.049744}}
{"target": 0.834959972669508, "params": {"max_depth": 10.015640948180556, "n_estimators": 111.50527889759489}, "datetime": {"datetime": "2021-09-21 16:14:57", "elapsed": 396.763535, "delta": 1.957905}}
{"target": 0.8308597202997737, "params": {"max_depth": 20.96490830580918, "n_estimators": 147.07169189431931}, "datetime": {"datetime": "2021-09-21 16:15:00", "elapsed": 399.840426, "delta": 3.076891}}
{"target": 0.8343956401555668, "params": {"max_depth": 29.956091190868616, "n_estimators": 120.70142329918195}, "datetime": {"datetime": "2021-09-21 16:15:03", "elapsed": 403.077176, "delta": 3.23675}}
{"target": 0.8343424997960459, "params": {"max_depth": 10.0, "n_estimators": 105.74021220914271}, "datetime": {"datetime": "2021-09-21 16:15:07", "elapsed": 407.059995, "delta": 3.982819}}
{"target": 0.8328143407898412, "params": {"max_depth": 11.335808042072511, "n_estimators": 123.46500548652014}, "datetime": {"datetime": "2021-09-21 16:15:09", "elapsed": 409.388274, "delta": 2.328279}}
{"target": 0.8337954612208489, "params": {"max_depth": 25.856079801004483, "n_estimators": 108.37664848358217}, "datetime": {"datetime": "2021-09-21 16:15:12", "elapsed": 412.466582, "delta": 3.078308}}
{"target": 0.8378477832404436, "params": {"max_depth": 14.391360716296601, "n_estimators": 125.19073568581058}, "datetime": {"datetime": "2021-09-21 16:15:16", "elapsed": 415.661063, "delta": 3.194481}}
{"target": 0.834167613644586, "params": {"max_depth": 22.884736690763017, "n_estimators": 127.10778493170588}, "datetime": {"datetime": "2021-09-21 16:15:18", "elapsed": 417.996759, "delta": 2.335696}}
{"target": 0.8343956401555668, "params": {"max_depth": 25.115324533538036, "n_estimators": 120.94284842771515}, "datetime": {"datetime": "2021-09-21 16:15:20", "elapsed": 420.127047, "delta": 2.130288}}
{"target": 0.8347968626990016, "params": {"max_depth": 21.66702131640156, "n_estimators": 120.97811956013192}, "datetime": {"datetime": "2021-09-21 16:15:23", "elapsed": 423.041964, "delta": 2.914917}}
{"target": 0.8347096254132632, "params": {"max_depth": 27.4963183542425, "n_estimators": 100.0066219623943}, "datetime": {"datetime": "2021-09-21 16:15:26", "elapsed": 425.958472, "delta": 2.916508}}
{"target": 0.8346846385528577, "params": {"max_depth": 10.00757779822704, "n_estimators": 116.65076325129208}, "datetime": {"datetime": "2021-09-21 16:15:29", "elapsed": 428.98117, "delta": 3.022698}}
{"target": 0.8344090908197033, "params": {"max_depth": 23.757167951128473, "n_estimators": 116.98846468306014}, "datetime": {"datetime": "2021-09-21 16:15:31", "elapsed": 431.477179, "delta": 2.496009}}
{"target": 0.8354177014285171, "params": {"max_depth": 18.139541535049855, "n_estimators": 106.51008434426167}, "datetime": {"datetime": "2021-09-21 16:15:34", "elapsed": 433.73732, "delta": 2.260141}}
{"target": 0.8348969602347888, "params": {"max_depth": 30.0, "n_estimators": 110.83603394156009}, "datetime": {"datetime": "2021-09-21 16:15:36", "elapsed": 436.303817, "delta": 2.566497}}
{"target": 0.8364824887976251, "params": {"max_depth": 13.95676618501335, "n_estimators": 102.08160087312078}, "datetime": {"datetime": "2021-09-21 16:15:39", "elapsed": 439.224174, "delta": 2.920357}}
{"target": 0.8359450644780477, "params": {"max_depth": 14.217588668350587, "n_estimators": 131.04297549276563}, "datetime": {"datetime": "2021-09-21 16:15:42", "elapsed": 441.711427, "delta": 2.487253}}
{"target": 0.8358597779892967, "params": {"max_depth": 18.23184527261648, "n_estimators": 123.6906933401643}, "datetime": {"datetime": "2021-09-21 16:15:45", "elapsed": 445.135972, "delta": 3.424545}}
{"target": 0.8367559637719488, "params": {"max_depth": 14.976028587369775, "n_estimators": 121.09641944186973}, "datetime": {"datetime": "2021-09-21 16:15:48", "elapsed": 447.683163, "delta": 2.547191}}
{"target": 0.8307152348322078, "params": {"max_depth": 26.913515496484248, "n_estimators": 146.5976601509466}, "datetime": {"datetime": "2021-09-21 16:15:50", "elapsed": 450.240874, "delta": 2.557711}}
{"target": 0.8304084687200233, "params": {"max_depth": 15.23726964931905, "n_estimators": 145.902412252105}, "datetime": {"datetime": "2021-09-21 16:15:53", "elapsed": 453.417584, "delta": 3.17671}}
{"target": 0.835413390856303, "params": {"max_depth": 20.95292399500402, "n_estimators": 101.58264112800605}, "datetime": {"datetime": "2021-09-21 16:15:56", "elapsed": 455.639404, "delta": 2.22182}}
{"target": 0.8349532612620493, "params": {"max_depth": 20.433908272618453, "n_estimators": 112.89180523489192}, "datetime": {"datetime": "2021-09-21 16:15:59", "elapsed": 458.89372, "delta": 3.254316}}
{"target": 0.8336128096272275, "params": {"max_depth": 27.67850928334251, "n_estimators": 130.14172868049667}, "datetime": {"datetime": "2021-09-21 16:16:02", "elapsed": 462.205748, "delta": 3.312028}}
{"target": 0.8307172277013065, "params": {"max_depth": 12.515261793042402, "n_estimators": 149.91453091274596}, "datetime": {"datetime": "2021-09-21 16:16:05", "elapsed": 465.154646, "delta": 2.948898}}
{"target": 0.8337511765149984, "params": {"max_depth": 24.868945217648783, "n_estimators": 129.5499345826805}, "datetime": {"datetime": "2021-09-21 16:16:09", "elapsed": 468.99915, "delta": 3.844504}}
{"target": 0.8349707721853687, "params": {"max_depth": 28.38087133502533, "n_estimators": 109.48382225471909}, "datetime": {"datetime": "2021-09-21 16:16:11", "elapsed": 471.213317, "delta": 2.214167}}
{"target": 0.832821802076444, "params": {"max_depth": 11.124614699989195, "n_estimators": 100.9591020897673}, "datetime": {"datetime": "2021-09-21 16:16:14", "elapsed": 473.758693, "delta": 2.545376}}
{"target": 0.8350273112862384, "params": {"max_depth": 26.807556887135895, "n_estimators": 101.64225883948592}, "datetime": {"datetime": "2021-09-21 16:16:17", "elapsed": 476.616016, "delta": 2.857323}}
{"target": 0.8345954729409374, "params": {"max_depth": 15.882479161035146, "n_estimators": 116.23550686212387}, "datetime": {"datetime": "2021-09-21 16:16:20", "elapsed": 479.664943, "delta": 3.048927}}
{"target": 0.8322100942129445, "params": {"max_depth": 19.16030234288389, "n_estimators": 138.58293628415953}, "datetime": {"datetime": "2021-09-21 16:16:23", "elapsed": 482.852769, "delta": 3.187826}}
{"target": 0.8368008067114181, "params": {"max_depth": 14.356968959246796, "n_estimators": 111.326639849473}, "datetime": {"datetime": "2021-09-21 16:16:26", "elapsed": 485.907692, "delta": 3.054923}}
{"target": 0.8337319058277164, "params": {"max_depth": 19.59187127449205, "n_estimators": 131.14591444151284}, "datetime": {"datetime": "2021-09-21 16:16:29", "elapsed": 489.123131, "delta": 3.215439}}
{"target": 0.8339445229009028, "params": {"max_depth": 23.743350320359223, "n_estimators": 108.67846424466227}, "datetime": {"datetime": "2021-09-21 16:16:32", "elapsed": 492.110902, "delta": 2.987771}}
{"target": 0.8366164521974817, "params": {"max_depth": 14.633857984479048, "n_estimators": 128.22404169979066}, "datetime": {"datetime": "2021-09-21 16:16:35", "elapsed": 494.787702, "delta": 2.6768}}
{"target": 0.8349824484459133, "params": {"max_depth": 25.404210304651915, "n_estimators": 125.28138402888446}, "datetime": {"datetime": "2021-09-21 16:16:38", "elapsed": 498.47972, "delta": 3.692018}}
{"target": 0.8372433117598828, "params": {"max_depth": 14.51661896412475, "n_estimators": 109.7080083137499}, "datetime": {"datetime": "2021-09-21 16:16:41", "elapsed": 501.018682, "delta": 2.538962}}
{"target": 0.8357168619778692, "params": {"max_depth": 13.896994204164933, "n_estimators": 128.85804111808733}, "datetime": {"datetime": "2021-09-21 16:16:44", "elapsed": 503.596228, "delta": 2.577546}}
{"target": 0.8319495207860561, "params": {"max_depth": 17.520692202043886, "n_estimators": 149.96657644807198}, "datetime": {"datetime": "2021-09-21 16:16:46", "elapsed": 506.189985, "delta": 2.593757}}
{"target": 0.8348830561652475, "params": {"max_depth": 23.843061049648302, "n_estimators": 103.7815898452879}, "datetime": {"datetime": "2021-09-21 16:16:49", "elapsed": 509.525389, "delta": 3.335404}}
{"target": 0.8311129023374965, "params": {"max_depth": 16.937117042308895, "n_estimators": 106.31206289124151}, "datetime": {"datetime": "2021-09-21 16:16:53", "elapsed": 513.225142, "delta": 3.699753}}
{"target": 0.8354739752540473, "params": {"max_depth": 18.84700103400576, "n_estimators": 107.26543622743453}, "datetime": {"datetime": "2021-09-21 16:16:56", "elapsed": 516.240848, "delta": 3.015706}}
{"target": 0.8360041741737982, "params": {"max_depth": 18.58593361263488, "n_estimators": 105.58467975094038}, "datetime": {"datetime": "2021-09-21 16:16:59", "elapsed": 519.151018, "delta": 2.91017}}
{"target": 0.8350273112862384, "params": {"max_depth": 29.96838022703718, "n_estimators": 101.67394774091225}, "datetime": {"datetime": "2021-09-21 16:17:02", "elapsed": 522.038177, "delta": 2.887159}}
{"target": 0.834210839963288, "params": {"max_depth": 28.879431953469183, "n_estimators": 114.08912455718777}, "datetime": {"datetime": "2021-09-21 16:17:05", "elapsed": 524.925403, "delta": 2.887226}}
{"target": 0.8347059064471063, "params": {"max_depth": 19.028067743907286, "n_estimators": 121.9742344927648}, "datetime": {"datetime": "2021-09-21 16:17:09", "elapsed": 528.789971, "delta": 3.864568}}
{"target": 0.8348940548018946, "params": {"max_depth": 19.209799264120633, "n_estimators": 113.65466422174867}, "datetime": {"datetime": "2021-09-21 16:17:13", "elapsed": 532.596308, "delta": 3.806337}}
{"target": 0.8346366566066759, "params": {"max_depth": 21.79706783792665, "n_estimators": 114.70901194757923}, "datetime": {"datetime": "2021-09-21 16:17:16", "elapsed": 536.30977, "delta": 3.713462}}
{"target": 0.8341975040231258, "params": {"max_depth": 27.639647903447003, "n_estimators": 121.90319069462322}, "datetime": {"datetime": "2021-09-21 16:17:19", "elapsed": 539.497234, "delta": 3.187464}}
{"target": 0.8348619274077688, "params": {"max_depth": 10.0, "n_estimators": 121.71946735481266}, "datetime": {"datetime": "2021-09-21 16:17:22", "elapsed": 542.227801, "delta": 2.730567}}
{"target": 0.8372433117598828, "params": {"max_depth": 14.209255868288972, "n_estimators": 109.19176707774436}, "datetime": {"datetime": "2021-09-21 16:17:25", "elapsed": 545.109019, "delta": 2.881218}}
{"target": 0.8323122815415025, "params": {"max_depth": 12.16600281573566, "n_estimators": 131.4164925134782}, "datetime": {"datetime": "2021-09-21 16:17:29", "elapsed": 548.641818, "delta": 3.532799}}
{"target": 0.835102330101142, "params": {"max_depth": 22.83930867931761, "n_estimators": 101.47442015554059}, "datetime": {"datetime": "2021-09-21 16:17:31", "elapsed": 551.235367, "delta": 2.593549}}
{"target": 0.8340010556319708, "params": {"max_depth": 10.618210901971539, "n_estimators": 108.96899867183234}, "datetime": {"datetime": "2021-09-21 16:17:34", "elapsed": 554.398933, "delta": 3.163566}}
{"target": 0.8345816679917127, "params": {"max_depth": 10.004375843482414, "n_estimators": 127.3056709881435}, "datetime": {"datetime": "2021-09-21 16:17:38", "elapsed": 558.087627, "delta": 3.688694}}
{"target": 0.834331141975725, "params": {"max_depth": 29.99216178324541, "n_estimators": 123.08202306897688}, "datetime": {"datetime": "2021-09-21 16:17:41", "elapsed": 561.331838, "delta": 3.244211}}
{"target": 0.8337228178766781, "params": {"max_depth": 28.4054170821561, "n_estimators": 106.02434558297693}, "datetime": {"datetime": "2021-09-21 16:17:44", "elapsed": 564.393112, "delta": 3.061274}}
{"target": 0.8345288081760074, "params": {"max_depth": 26.18164336184762, "n_estimators": 124.0226409485686}, "datetime": {"datetime": "2021-09-21 16:17:47", "elapsed": 567.288176, "delta": 2.895064}}
{"target": 0.8379477275156093, "params": {"max_depth": 14.285245483998718, "n_estimators": 101.02416480650378}, "datetime": {"datetime": "2021-09-21 16:17:51", "elapsed": 570.98709, "delta": 3.698914}}
{"target": 0.8341574383986516, "params": {"max_depth": 29.990769601091138, "n_estimators": 117.08538787993928}, "datetime": {"datetime": "2021-09-21 16:17:54", "elapsed": 574.429857, "delta": 3.442767}}
{"target": 0.8343455321782511, "params": {"max_depth": 25.368338076654044, "n_estimators": 105.58451471773472}, "datetime": {"datetime": "2021-09-21 16:17:59", "elapsed": 578.629045, "delta": 4.199188}}
{"target": 0.8378477832404436, "params": {"max_depth": 14.061694265070972, "n_estimators": 125.28455891192708}, "datetime": {"datetime": "2021-09-21 16:18:01", "elapsed": 581.461596, "delta": 2.832551}}
{"target": 0.8333434797962073, "params": {"max_depth": 25.0523800686427, "n_estimators": 132.53336277341026}, "datetime": {"datetime": "2021-09-21 16:18:04", "elapsed": 584.529795, "delta": 3.068199}}
{"target": 0.8346046892338947, "params": {"max_depth": 21.654270776729167, "n_estimators": 128.67074296693346}, "datetime": {"datetime": "2021-09-21 16:18:08", "elapsed": 587.924458, "delta": 3.394663}}
{"target": 0.835359496708001, "params": {"max_depth": 21.425223075226643, "n_estimators": 125.09857453314677}, "datetime": {"datetime": "2021-09-21 16:18:11", "elapsed": 591.261197, "delta": 3.336739}}
{"target": 0.8357406852421062, "params": {"max_depth": 17.213547733281874, "n_estimators": 117.43601097258144}, "datetime": {"datetime": "2021-09-21 16:18:14", "elapsed": 594.248839, "delta": 2.987642}}
{"target": 0.8369207177242515, "params": {"max_depth": 14.553658015866596, "n_estimators": 122.57008409561777}, "datetime": {"datetime": "2021-09-21 16:18:17", "elapsed": 597.318199, "delta": 3.06936}}
{"target": 0.8364955776278667, "params": {"max_depth": 18.55364898088355, "n_estimators": 100.00340625884864}, "datetime": {"datetime": "2021-09-21 16:18:21", "elapsed": 600.913309, "delta": 3.59511}}
{"target": 0.8378964286765856, "params": {"max_depth": 14.7648263923732, "n_estimators": 102.91857399374622}, "datetime": {"datetime": "2021-09-21 16:18:25", "elapsed": 604.72164, "delta": 3.808331}}
{"target": 0.831291731066036, "params": {"max_depth": 24.526610772387446, "n_estimators": 143.4222482441492}, "datetime": {"datetime": "2021-09-21 16:18:30", "elapsed": 609.88915, "delta": 5.16751}}
{"target": 0.8349824484459133, "params": {"max_depth": 28.55872228387182, "n_estimators": 125.24240156737133}, "datetime": {"datetime": "2021-09-21 16:18:35", "elapsed": 614.952702, "delta": 5.063552}}
{"target": 0.8333917395278838, "params": {"max_depth": 22.376142681657633, "n_estimators": 132.58485005649965}, "datetime": {"datetime": "2021-09-21 16:18:40", "elapsed": 619.92858, "delta": 4.975878}}
{"target": 0.8379477275156093, "params": {"max_depth": 14.563647195927507, "n_estimators": 101.72329254421085}, "datetime": {"datetime": "2021-09-21 16:18:44", "elapsed": 624.342127, "delta": 4.413547}}
{"target": 0.8341165690934933, "params": {"max_depth": 24.60109506031806, "n_estimators": 127.73697606271233}, "datetime": {"datetime": "2021-09-21 16:18:49", "elapsed": 629.089766, "delta": 4.747639}}
{"target": 0.8344717149266506, "params": {"max_depth": 24.427560801273344, "n_estimators": 122.45024355540131}, "datetime": {"datetime": "2021-09-21 16:18:54", "elapsed": 634.430068, "delta": 5.340302}}
{"target": 0.8364902342802711, "params": {"max_depth": 13.934940480613278, "n_estimators": 101.37073064974905}, "datetime": {"datetime": "2021-09-21 16:19:00", "elapsed": 639.860454, "delta": 5.430386}}
{"target": 0.8336261366341573, "params": {"max_depth": 12.408697406693904, "n_estimators": 101.82461565095636}, "datetime": {"datetime": "2021-09-21 16:19:05", "elapsed": 645.097634, "delta": 5.23718}}
{"target": 0.8358317850503336, "params": {"max_depth": 17.908957652708416, "n_estimators": 128.56632601191632}, "datetime": {"datetime": "2021-09-21 16:19:10", "elapsed": 649.98014, "delta": 4.882506}}
{"target": 0.8308931254987365, "params": {"max_depth": 10.0, "n_estimators": 147.46022868902625}, "datetime": {"datetime": "2021-09-21 16:19:14", "elapsed": 654.021594, "delta": 4.041454}}
{"target": 0.8347017440405013, "params": {"max_depth": 27.09675310516554, "n_estimators": 126.84900154403924}, "datetime": {"datetime": "2021-09-21 16:19:18", "elapsed": 657.882858, "delta": 3.861264}}
{"target": 0.8358968405184439, "params": {"max_depth": 17.368815647980473, "n_estimators": 122.09405008040027}, "datetime": {"datetime": "2021-09-21 16:19:22", "elapsed": 662.175625, "delta": 4.292767}}
{"target": 0.8358622384191661, "params": {"max_depth": 10.62440829378815, "n_estimators": 125.18144539244476}, "datetime": {"datetime": "2021-09-21 16:19:27", "elapsed": 666.596195, "delta": 4.42057}}
{"target": 0.8338066067723948, "params": {"max_depth": 14.946830252465398, "n_estimators": 140.0866103600545}, "datetime": {"datetime": "2021-09-21 16:19:31", "elapsed": 671.347057, "delta": 4.750862}}
{"target": 0.836170855534659, "params": {"max_depth": 17.89267933125373, "n_estimators": 112.1696125133876}, "datetime": {"datetime": "2021-09-21 16:19:35", "elapsed": 674.881286, "delta": 3.534229}}
{"target": 0.8321564130377781, "params": {"max_depth": 21.858949169257098, "n_estimators": 139.36861570707592}, "datetime": {"datetime": "2021-09-21 16:19:39", "elapsed": 679.147841, "delta": 4.266555}}
{"target": 0.8321105387772028, "params": {"max_depth": 16.324741288387294, "n_estimators": 118.86425711712539}, "datetime": {"datetime": "2021-09-21 16:19:45", "elapsed": 684.767992, "delta": 5.620151}}
{"target": 0.8331884249333802, "params": {"max_depth": 22.758789196528944, "n_estimators": 119.88094142789323}, "datetime": {"datetime": "2021-09-21 16:19:49", "elapsed": 688.789415, "delta": 4.021423}}
{"target": 0.8350808268770629, "params": {"max_depth": 29.998006509649525, "n_estimators": 104.50811515970288}, "datetime": {"datetime": "2021-09-21 16:19:54", "elapsed": 694.083448, "delta": 5.294033}}
