{"target": -2.4415101080836523, "params": {"max_depth": 14.982115464942865, "n_estimators": 64.88656668886844}, "datetime": {"datetime": "2021-09-21 11:54:21", "elapsed": 29.728216, "delta": 1.166388}}
{"target": -2.4420333571346795, "params": {"max_depth": 14.0, "n_estimators": 60.0}, "datetime": {"datetime": "2021-09-21 11:54:23", "elapsed": 30.771395, "delta": 1.043179}}
{"target": -2.425469531249584, "params": {"max_depth": 14.985910907207717, "n_estimators": 67.81656834601428}, "datetime": {"datetime": "2021-09-21 11:54:24", "elapsed": 32.041921, "delta": 1.270526}}
{"target": -2.4293005875495766, "params": {"max_depth": 14.991280534089016, "n_estimators": 68.46854098989732}, "datetime": {"datetime": "2021-09-21 11:54:25", "elapsed": 33.389939, "delta": 1.348018}}
{"target": -2.425959316063198, "params": {"max_depth": 14.99449660711207, "n_estimators": 70.29484622474014}, "datetime": {"datetime": "2021-09-21 11:54:26", "elapsed": 34.701936, "delta": 1.311997}}
{"target": -2.456238546840207, "params": {"max_depth": 15.0, "n_estimators": 61.1475397754995}, "datetime": {"datetime": "2021-09-21 11:54:28", "elapsed": 36.085312, "delta": 1.383376}}
{"target": -2.4284658677125144, "params": {"max_depth": 14.0, "n_estimators": 72.33982897497143}, "datetime": {"datetime": "2021-09-21 11:54:29", "elapsed": 37.494215, "delta": 1.408903}}
{"target": -2.4442799466328813, "params": {"max_depth": 14.0, "n_estimators": 62.29632509426481}, "datetime": {"datetime": "2021-09-21 11:54:30", "elapsed": 38.562224, "delta": 1.068009}}
{"target": -2.425469531249584, "params": {"max_depth": 14.52985827224178, "n_estimators": 67.57406514666847}, "datetime": {"datetime": "2021-09-21 11:54:32", "elapsed": 40.134148, "delta": 1.571924}}
{"target": -2.425959316063198, "params": {"max_depth": 14.667642298863342, "n_estimators": 70.03407108309054}, "datetime": {"datetime": "2021-09-21 11:54:33", "elapsed": 41.493337, "delta": 1.359189}}
{"target": -2.434095057985366, "params": {"max_depth": 14.0, "n_estimators": 69.96260189408667}, "datetime": {"datetime": "2021-09-21 11:54:34", "elapsed": 42.652136, "delta": 1.158799}}
{"target": -2.4293005875495766, "params": {"max_depth": 14.007906308188995, "n_estimators": 68.46180071178655}, "datetime": {"datetime": "2021-09-21 11:54:36", "elapsed": 43.838806, "delta": 1.18667}}
{"target": -2.425959316063198, "params": {"max_depth": 14.6741554337803, "n_estimators": 70.45523198544194}, "datetime": {"datetime": "2021-09-21 11:54:37", "elapsed": 45.211589, "delta": 1.372783}}
{"target": -2.425469531249584, "params": {"max_depth": 14.065903132356421, "n_estimators": 67.13748876209438}, "datetime": {"datetime": "2021-09-21 11:54:38", "elapsed": 46.574704, "delta": 1.363115}}
{"target": -2.4253121716752153, "params": {"max_depth": 14.0, "n_estimators": 66.38449692720249}, "datetime": {"datetime": "2021-09-21 11:54:40", "elapsed": 47.915769, "delta": 1.341065}}
{"target": -2.425469531249584, "params": {"max_depth": 14.953346095084376, "n_estimators": 67.46353831450976}, "datetime": {"datetime": "2021-09-21 11:54:41", "elapsed": 49.241108, "delta": 1.325339}}
{"target": -2.4293005875495766, "params": {"max_depth": 14.478750757521249, "n_estimators": 68.83881781918244}, "datetime": {"datetime": "2021-09-21 11:54:42", "elapsed": 50.467708, "delta": 1.2266}}
{"target": -2.4253121716752153, "params": {"max_depth": 14.238981426426156, "n_estimators": 66.64547695565058}, "datetime": {"datetime": "2021-09-21 11:54:44", "elapsed": 51.81256, "delta": 1.344852}}
{"target": -2.425469531249584, "params": {"max_depth": 14.00152572323204, "n_estimators": 67.83245316508881}, "datetime": {"datetime": "2021-09-21 11:54:45", "elapsed": 53.325018, "delta": 1.512458}}
{"target": -2.425469531249584, "params": {"max_depth": 14.292439373114059, "n_estimators": 67.36331613856913}, "datetime": {"datetime": "2021-09-21 11:54:47", "elapsed": 54.771412, "delta": 1.446394}}
{"target": -2.425469531249584, "params": {"max_depth": 14.797824975463243, "n_estimators": 67.61441474231552}, "datetime": {"datetime": "2021-09-21 11:54:48", "elapsed": 56.049522, "delta": 1.27811}}
{"target": -2.425959316063198, "params": {"max_depth": 14.990403423568813, "n_estimators": 70.05042286264145}, "datetime": {"datetime": "2021-09-21 11:54:49", "elapsed": 57.246122, "delta": 1.1966}}
{"target": -2.4286731334549443, "params": {"max_depth": 14.145559863695837, "n_estimators": 71.12449767073291}, "datetime": {"datetime": "2021-09-21 11:54:51", "elapsed": 58.982752, "delta": 1.73663}}
{"target": -2.425959316063198, "params": {"max_depth": 14.0, "n_estimators": 70.65308911882177}, "datetime": {"datetime": "2021-09-21 11:54:52", "elapsed": 60.638545, "delta": 1.655793}}
{"target": -2.425469531249584, "params": {"max_depth": 14.64841431046179, "n_estimators": 67.34350779515253}, "datetime": {"datetime": "2021-09-21 11:54:54", "elapsed": 61.99189, "delta": 1.353345}}
{"target": -2.4253121716752153, "params": {"max_depth": 14.208149230896247, "n_estimators": 66.90357323677458}, "datetime": {"datetime": "2021-09-21 11:54:55", "elapsed": 63.447231, "delta": 1.455341}}
{"target": -2.425959316063198, "params": {"max_depth": 14.210898601041894, "n_estimators": 70.75047156731384}, "datetime": {"datetime": "2021-09-21 11:54:57", "elapsed": 64.942597, "delta": 1.495366}}
{"target": -2.4253121716752153, "params": {"max_depth": 14.174131287466038, "n_estimators": 66.3543847279225}, "datetime": {"datetime": "2021-09-21 11:54:58", "elapsed": 66.159696, "delta": 1.217099}}
{"target": -2.425959316063198, "params": {"max_depth": 14.795815933855618, "n_estimators": 70.19569085235409}, "datetime": {"datetime": "2021-09-21 11:54:59", "elapsed": 67.463706, "delta": 1.30401}}
{"target": -2.425469531249584, "params": {"max_depth": 14.195742377809886, "n_estimators": 67.67094007590153}, "datetime": {"datetime": "2021-09-21 11:55:01", "elapsed": 68.765604, "delta": 1.301898}}
{"target": -2.425469531249584, "params": {"max_depth": 14.992723172699124, "n_estimators": 67.6161174256906}, "datetime": {"datetime": "2021-09-21 11:55:02", "elapsed": 70.038606, "delta": 1.273002}}
{"target": -2.4616424896802784, "params": {"max_depth": 15.0, "n_estimators": 68.09511349226888}, "datetime": {"datetime": "2021-09-21 11:55:03", "elapsed": 71.303194, "delta": 1.264588}}
{"target": -2.4442799466328813, "params": {"max_depth": 14.776521004628531, "n_estimators": 62.94369809809774}, "datetime": {"datetime": "2021-09-21 11:55:04", "elapsed": 72.217292, "delta": 0.914098}}
{"target": -2.4616424896802784, "params": {"max_depth": 15.0, "n_estimators": 68.84113453761395}, "datetime": {"datetime": "2021-09-21 11:55:05", "elapsed": 73.471128, "delta": 1.253836}}
{"target": -2.4438346210774617, "params": {"max_depth": 14.126321318488307, "n_estimators": 63.372659920714106}, "datetime": {"datetime": "2021-09-21 11:55:07", "elapsed": 74.849653, "delta": 1.378525}}
{"target": -2.4284658677125144, "params": {"max_depth": 14.541484386522761, "n_estimators": 72.51912360688276}, "datetime": {"datetime": "2021-09-21 11:55:08", "elapsed": 76.338543, "delta": 1.48889}}
{"target": -2.4436151491428255, "params": {"max_depth": 14.28883299275817, "n_estimators": 74.25128033413912}, "datetime": {"datetime": "2021-09-21 11:55:10", "elapsed": 77.780885, "delta": 1.442342}}
{"target": -2.4698078309156144, "params": {"max_depth": 15.0, "n_estimators": 72.78553160064376}, "datetime": {"datetime": "2021-09-21 11:55:11", "elapsed": 79.187846, "delta": 1.406961}}
{"target": -2.4284658677125144, "params": {"max_depth": 14.360160438338838, "n_estimators": 72.11491935225979}, "datetime": {"datetime": "2021-09-21 11:55:12", "elapsed": 80.520771, "delta": 1.332925}}
{"target": -2.425469531249584, "params": {"max_depth": 14.994594377485463, "n_estimators": 67.6186634593145}, "datetime": {"datetime": "2021-09-21 11:55:14", "elapsed": 82.213976, "delta": 1.693205}}
{"target": -2.430957523424876, "params": {"max_depth": 14.673622935694745, "n_estimators": 65.67714143238538}, "datetime": {"datetime": "2021-09-21 11:55:16", "elapsed": 83.952051, "delta": 1.738075}}
{"target": -2.4618863375320754, "params": {"max_depth": 15.0, "n_estimators": 63.996613011012066}, "datetime": {"datetime": "2021-09-21 11:55:17", "elapsed": 85.442076, "delta": 1.490025}}
{"target": -2.434095057985366, "params": {"max_depth": 14.473624810007466, "n_estimators": 69.58626475414879}, "datetime": {"datetime": "2021-09-21 11:55:19", "elapsed": 86.785082, "delta": 1.343006}}
{"target": -2.4436151491428255, "params": {"max_depth": 14.961558189367492, "n_estimators": 74.99314049524364}, "datetime": {"datetime": "2021-09-21 11:55:20", "elapsed": 88.124033, "delta": 1.338951}}
{"target": -2.465975272701174, "params": {"max_depth": 15.0, "n_estimators": 70.74962346634709}, "datetime": {"datetime": "2021-09-21 11:55:22", "elapsed": 89.780677, "delta": 1.656644}}
{"target": -2.4293005875495766, "params": {"max_depth": 14.486294600404094, "n_estimators": 68.48026773246232}, "datetime": {"datetime": "2021-09-21 11:55:23", "elapsed": 91.041038, "delta": 1.260361}}
{"target": -2.4420333571346795, "params": {"max_depth": 14.0, "n_estimators": 60.72988703322804}, "datetime": {"datetime": "2021-09-21 11:55:24", "elapsed": 92.321463, "delta": 1.280425}}
{"target": -2.4293005875495766, "params": {"max_depth": 14.057778748324937, "n_estimators": 68.8316909959162}, "datetime": {"datetime": "2021-09-21 11:55:25", "elapsed": 93.709244, "delta": 1.387781}}
{"target": -2.4442799466328813, "params": {"max_depth": 14.845502104822344, "n_estimators": 62.014345446938535}, "datetime": {"datetime": "2021-09-21 11:55:27", "elapsed": 95.140828, "delta": 1.431584}}
{"target": -2.4284658677125144, "params": {"max_depth": 14.217331446720321, "n_estimators": 72.6390129117032}, "datetime": {"datetime": "2021-09-21 11:55:28", "elapsed": 96.586316, "delta": 1.445488}}
{"target": -2.430957523424876, "params": {"max_depth": 14.989222715388037, "n_estimators": 65.45245007089164}, "datetime": {"datetime": "2021-09-21 11:55:31", "elapsed": 98.819232, "delta": 2.232916}}
{"target": -2.430957523424876, "params": {"max_depth": 14.580050496632966, "n_estimators": 65.26660332214226}, "datetime": {"datetime": "2021-09-21 11:55:34", "elapsed": 101.850872, "delta": 3.03164}}
{"target": -2.439804990134415, "params": {"max_depth": 14.0, "n_estimators": 73.729651261598}, "datetime": {"datetime": "2021-09-21 11:55:35", "elapsed": 103.525414, "delta": 1.674542}}
{"target": -2.4286731334549443, "params": {"max_depth": 14.004922203503648, "n_estimators": 71.99597472194743}, "datetime": {"datetime": "2021-09-21 11:55:37", "elapsed": 105.153833, "delta": 1.628419}}
{"target": -2.425469531249584, "params": {"max_depth": 14.969037818824985, "n_estimators": 67.07822678799278}, "datetime": {"datetime": "2021-09-21 11:55:38", "elapsed": 106.657008, "delta": 1.503175}}
{"target": -2.4442799466328813, "params": {"max_depth": 14.286977245509126, "n_estimators": 62.77465468938434}, "datetime": {"datetime": "2021-09-21 11:55:40", "elapsed": 107.888121, "delta": 1.231113}}
{"target": -2.4438346210774617, "params": {"max_depth": 14.015820993161409, "n_estimators": 63.94188542351799}, "datetime": {"datetime": "2021-09-21 11:55:43", "elapsed": 110.811621, "delta": 2.9235}}
{"target": -2.4420333571346795, "params": {"max_depth": 14.566799489989986, "n_estimators": 60.4526363929283}, "datetime": {"datetime": "2021-09-21 11:55:44", "elapsed": 112.515455, "delta": 1.703834}}
{"target": -2.430957523424876, "params": {"max_depth": 14.186030074336108, "n_estimators": 65.18270358243564}, "datetime": {"datetime": "2021-09-21 11:55:46", "elapsed": 113.780164, "delta": 1.264709}}
{"target": -2.4293005875495766, "params": {"max_depth": 14.010435689141483, "n_estimators": 68.1631176570555}, "datetime": {"datetime": "2021-09-21 11:55:47", "elapsed": 115.624785, "delta": 1.844621}}
{"target": -2.4436151491428255, "params": {"max_depth": 14.828936583035135, "n_estimators": 74.77533061675288}, "datetime": {"datetime": "2021-09-21 11:55:49", "elapsed": 117.026528, "delta": 1.401743}}
{"target": -2.4253121716752153, "params": {"max_depth": 14.620081829319414, "n_estimators": 66.8503204100504}, "datetime": {"datetime": "2021-09-21 11:55:50", "elapsed": 118.675554, "delta": 1.649026}}
{"target": -2.4253121716752153, "params": {"max_depth": 14.562979239599638, "n_estimators": 66.09663235621153}, "datetime": {"datetime": "2021-09-21 11:55:53", "elapsed": 121.212858, "delta": 2.537304}}
{"target": -2.430957523424876, "params": {"max_depth": 14.340906334616706, "n_estimators": 65.83434854182032}, "datetime": {"datetime": "2021-09-21 11:55:55", "elapsed": 123.413023, "delta": 2.200165}}
{"target": -2.430957523424876, "params": {"max_depth": 14.992925770499276, "n_estimators": 65.8794208651478}, "datetime": {"datetime": "2021-09-21 11:55:57", "elapsed": 124.951577, "delta": 1.538554}}
{"target": -2.4253121716752153, "params": {"max_depth": 14.49777144267455, "n_estimators": 66.43158901792971}, "datetime": {"datetime": "2021-09-21 11:55:59", "elapsed": 127.077292, "delta": 2.125715}}
{"target": -2.4415101080836523, "params": {"max_depth": 14.4631452940294, "n_estimators": 64.794432784644}, "datetime": {"datetime": "2021-09-21 11:56:00", "elapsed": 128.660456, "delta": 1.583164}}
{"target": -2.4286731334549443, "params": {"max_depth": 14.328155716823117, "n_estimators": 71.67486383094581}, "datetime": {"datetime": "2021-09-21 11:56:03", "elapsed": 130.822845, "delta": 2.162389}}
{"target": -2.425959316063198, "params": {"max_depth": 14.004869628131896, "n_estimators": 70.3141539070501}, "datetime": {"datetime": "2021-09-21 11:56:04", "elapsed": 132.465888, "delta": 1.643043}}
{"target": -2.434095057985366, "params": {"max_depth": 14.340112148889844, "n_estimators": 69.13962310680141}, "datetime": {"datetime": "2021-09-21 11:56:06", "elapsed": 134.111621, "delta": 1.645733}}
{"target": -2.4284658677125144, "params": {"max_depth": 14.31647535257955, "n_estimators": 72.40160897759816}, "datetime": {"datetime": "2021-09-21 11:56:08", "elapsed": 135.822616, "delta": 1.710995}}
{"target": -2.4284658677125144, "params": {"max_depth": 14.704119954648345, "n_estimators": 72.18125502804783}, "datetime": {"datetime": "2021-09-21 11:56:09", "elapsed": 137.444852, "delta": 1.622236}}
{"target": -2.434095057985366, "params": {"max_depth": 14.827970904176814, "n_estimators": 69.76728163895517}, "datetime": {"datetime": "2021-09-21 11:56:11", "elapsed": 139.059022, "delta": 1.61417}}
{"target": -2.434095057985366, "params": {"max_depth": 14.360593328939748, "n_estimators": 69.96626679086586}, "datetime": {"datetime": "2021-09-21 11:56:13", "elapsed": 140.793023, "delta": 1.734001}}
{"target": -2.425469531249584, "params": {"max_depth": 14.745485237164631, "n_estimators": 67.10051216097085}, "datetime": {"datetime": "2021-09-21 11:56:14", "elapsed": 142.411794, "delta": 1.618771}}
{"target": -2.4390039060686233, "params": {"max_depth": 14.020716876388885, "n_estimators": 61.7933334846177}, "datetime": {"datetime": "2021-09-21 11:56:16", "elapsed": 144.380375, "delta": 1.968581}}
{"target": -2.4293005875495766, "params": {"max_depth": 14.253350405844976, "n_estimators": 68.66723643807069}, "datetime": {"datetime": "2021-09-21 11:56:18", "elapsed": 146.419047, "delta": 2.038672}}
{"target": -2.425959316063198, "params": {"max_depth": 14.533508009618576, "n_estimators": 70.27133927550663}, "datetime": {"datetime": "2021-09-21 11:56:20", "elapsed": 148.06346, "delta": 1.644413}}
{"target": -2.430957523424876, "params": {"max_depth": 14.012353399260041, "n_estimators": 65.83081685043285}, "datetime": {"datetime": "2021-09-21 11:56:21", "elapsed": 149.640339, "delta": 1.576879}}
{"target": -2.425469531249584, "params": {"max_depth": 14.595678344952306, "n_estimators": 67.84478790362162}, "datetime": {"datetime": "2021-09-21 11:56:23", "elapsed": 151.271966, "delta": 1.631627}}
{"target": -2.4286731334549443, "params": {"max_depth": 14.002058598022067, "n_estimators": 71.32767806603151}, "datetime": {"datetime": "2021-09-21 11:56:25", "elapsed": 153.240418, "delta": 1.968452}}
