{"target": -2.4088450292397674, "params": {"max_depth": 23.1744354017257, "n_estimators": 81.69551430047531}, "datetime": {"datetime": "2021-09-21 12:23:00", "elapsed": 8086.198781, "delta": 14.292325}}
{"target": -2.3924431228934413, "params": {"max_depth": 20.242886637207107, "n_estimators": 58.300763580440005}, "datetime": {"datetime": "2021-09-21 12:23:18", "elapsed": 8104.247514, "delta": 18.048733}}
{"target": -2.397060789036727, "params": {"max_depth": 19.705326706287448, "n_estimators": 73.00772155259747}, "datetime": {"datetime": "2021-09-21 12:23:33", "elapsed": 8119.959152, "delta": 15.711638}}
{"target": -2.395455440318255, "params": {"max_depth": 19.930123906071227, "n_estimators": 88.15598772364902}, "datetime": {"datetime": "2021-09-21 12:23:50", "elapsed": 8136.106643, "delta": 16.147491}}
{"target": -2.4036777394305444, "params": {"max_depth": 26.587412251542375, "n_estimators": 61.274022389406795}, "datetime": {"datetime": "2021-09-21 12:23:57", "elapsed": 8143.483195, "delta": 7.376552}}
{"target": -2.4211251320618756, "params": {"max_depth": 12.557985062948967, "n_estimators": 78.37317532526741}, "datetime": {"datetime": "2021-09-21 12:24:15", "elapsed": 8161.46303, "delta": 17.979835}}
{"target": -2.39988038277512, "params": {"max_depth": 25.504497762062822, "n_estimators": 77.8988354562448}, "datetime": {"datetime": "2021-09-21 12:24:32", "elapsed": 8178.894782, "delta": 17.431752}}
{"target": -2.3881172002170374, "params": {"max_depth": 22.976307409044107, "n_estimators": 97.5549768704311}, "datetime": {"datetime": "2021-09-21 12:24:49", "elapsed": 8195.825823, "delta": 16.931041}}
{"target": -2.393732314657613, "params": {"max_depth": 26.236455062953844, "n_estimators": 93.85808376943089}, "datetime": {"datetime": "2021-09-21 12:25:01", "elapsed": 8207.603636, "delta": 11.777813}}
{"target": -2.3983698830409366, "params": {"max_depth": 27.35774378074697, "n_estimators": 90.57964152149371}, "datetime": {"datetime": "2021-09-21 12:25:09", "elapsed": 8215.320367, "delta": 7.716731}}
{"target": -2.386083512352309, "params": {"max_depth": 21.1697248516157, "n_estimators": 98.32133820292096}, "datetime": {"datetime": "2021-09-21 12:25:24", "elapsed": 8230.112223, "delta": 14.791856}}
{"target": -2.400184053884713, "params": {"max_depth": 20.12399629586905, "n_estimators": 60.50043966066346}, "datetime": {"datetime": "2021-09-21 12:25:39", "elapsed": 8245.205936, "delta": 15.093713}}
{"target": -2.39743773151721, "params": {"max_depth": 19.279238162658093, "n_estimators": 62.24909009199713}, "datetime": {"datetime": "2021-09-21 12:25:57", "elapsed": 8263.403664, "delta": 18.197728}}
{"target": -2.3754312638480264, "params": {"max_depth": 18.467089628236593, "n_estimators": 69.7953661679834}, "datetime": {"datetime": "2021-09-21 12:26:08", "elapsed": 8274.753856, "delta": 11.350192}}
{"target": -2.3891245664463874, "params": {"max_depth": 17.630877904127086, "n_estimators": 72.80268222805415}, "datetime": {"datetime": "2021-09-21 12:26:16", "elapsed": 8282.445006, "delta": 7.69115}}
{"target": -2.4132383144228418, "params": {"max_depth": 14.218480260612212, "n_estimators": 61.93395575933514}, "datetime": {"datetime": "2021-09-21 12:26:36", "elapsed": 8302.85563, "delta": 20.410624}}
{"target": -2.4036777394305444, "params": {"max_depth": 22.065512063587356, "n_estimators": 61.208592224752394}, "datetime": {"datetime": "2021-09-21 12:26:58", "elapsed": 8324.387465, "delta": 21.531835}}
{"target": -2.3932033561076667, "params": {"max_depth": 15.876953644534675, "n_estimators": 86.01810177778387}, "datetime": {"datetime": "2021-09-21 12:27:18", "elapsed": 8344.598919, "delta": 20.211454}}
{"target": -2.4510913448765037, "params": {"max_depth": 10.696197706161788, "n_estimators": 59.37263008067417}, "datetime": {"datetime": "2021-09-21 12:27:28", "elapsed": 8355.049095, "delta": 10.450176}}
{"target": -2.3934711098398176, "params": {"max_depth": 21.264800903060305, "n_estimators": 92.96310733784551}, "datetime": {"datetime": "2021-09-21 12:27:42", "elapsed": 8368.3771, "delta": 13.328005}}
{"target": -2.3836988304093567, "params": {"max_depth": 24.752182937414698, "n_estimators": 99.17555519427948}, "datetime": {"datetime": "2021-09-21 12:27:59", "elapsed": 8385.435715, "delta": 17.058615}}
{"target": -2.407518177440205, "params": {"max_depth": 17.460449922647943, "n_estimators": 81.68496530490457}, "datetime": {"datetime": "2021-09-21 12:28:11", "elapsed": 8397.28379, "delta": 11.848075}}
{"target": -2.369585020242916, "params": {"max_depth": 26.324251125735806, "n_estimators": 65.72634486816779}, "datetime": {"datetime": "2021-09-21 12:28:28", "elapsed": 8414.984172, "delta": 17.700382}}
{"target": -2.3955767077267645, "params": {"max_depth": 24.85044410036211, "n_estimators": 94.34144286031558}, "datetime": {"datetime": "2021-09-21 12:28:50", "elapsed": 8436.561661, "delta": 21.577489}}
{"target": -2.3966234171244722, "params": {"max_depth": 15.068797385911397, "n_estimators": 82.90754749862673}, "datetime": {"datetime": "2021-09-21 12:29:10", "elapsed": 8456.895674, "delta": 20.334013}}
{"target": -2.375657894736843, "params": {"max_depth": 23.08833782887853, "n_estimators": 68.79246768956554}, "datetime": {"datetime": "2021-09-21 12:29:36", "elapsed": 8482.261724, "delta": 25.36605}}
{"target": -2.381817315026698, "params": {"max_depth": 26.68220596847931, "n_estimators": 69.38466668838919}, "datetime": {"datetime": "2021-09-21 12:29:54", "elapsed": 8500.363855, "delta": 18.102131}}
{"target": -2.3975137698898417, "params": {"max_depth": 25.334128661074196, "n_estimators": 86.1253905320433}, "datetime": {"datetime": "2021-09-21 12:30:12", "elapsed": 8518.55894, "delta": 18.195085}}
{"target": -2.401827268651225, "params": {"max_depth": 17.55078408002811, "n_estimators": 87.99835479384652}, "datetime": {"datetime": "2021-09-21 12:30:43", "elapsed": 8549.744539, "delta": 31.185599}}
{"target": -2.3836988304093567, "params": {"max_depth": 27.990586226116967, "n_estimators": 99.97402607012894}, "datetime": {"datetime": "2021-09-21 12:31:11", "elapsed": 8577.509728, "delta": 27.765189}}
{"target": -2.392605122329359, "params": {"max_depth": 15.441239243978945, "n_estimators": 88.53314334417166}, "datetime": {"datetime": "2021-09-21 12:31:33", "elapsed": 8599.113775, "delta": 21.604047}}
{"target": -2.4116866028708146, "params": {"max_depth": 24.083552612154293, "n_estimators": 55.25490625059282}, "datetime": {"datetime": "2021-09-21 12:31:50", "elapsed": 8616.606037, "delta": 17.492262}}
{"target": -2.399002786524717, "params": {"max_depth": 17.151036918340925, "n_estimators": 63.1734104021869}, "datetime": {"datetime": "2021-09-21 12:32:18", "elapsed": 8644.194183, "delta": 27.588146}}
{"target": -2.3983698830409366, "params": {"max_depth": 29.971152965481796, "n_estimators": 90.50128306711399}, "datetime": {"datetime": "2021-09-21 12:32:33", "elapsed": 8659.450005, "delta": 15.255822}}
{"target": -2.3933985171261494, "params": {"max_depth": 18.747297759444912, "n_estimators": 75.87690313466496}, "datetime": {"datetime": "2021-09-21 12:32:50", "elapsed": 8676.257695, "delta": 16.80769}}
{"target": -2.399042305129914, "params": {"max_depth": 23.861195783204668, "n_estimators": 79.71165066086402}, "datetime": {"datetime": "2021-09-21 12:33:09", "elapsed": 8695.161454, "delta": 18.903759}}
{"target": -2.3681264728986653, "params": {"max_depth": 24.81042292756521, "n_estimators": 67.45012604937119}, "datetime": {"datetime": "2021-09-21 12:33:31", "elapsed": 8717.24661, "delta": 22.085156}}
{"target": -2.3985290849768552, "params": {"max_depth": 19.275281637920912, "n_estimators": 82.53031120401936}, "datetime": {"datetime": "2021-09-21 12:33:48", "elapsed": 8734.504166, "delta": 17.257556}}
{"target": -2.3680926644166655, "params": {"max_depth": 16.624312606641688, "n_estimators": 68.3204667265645}, "datetime": {"datetime": "2021-09-21 12:34:17", "elapsed": 8763.747811, "delta": 29.243645}}
{"target": -2.3825736806924973, "params": {"max_depth": 15.383821729446257, "n_estimators": 69.2433651684892}, "datetime": {"datetime": "2021-09-21 12:34:29", "elapsed": 8775.201225, "delta": 11.453414}}
{"target": -2.3955767077267645, "params": {"max_depth": 28.70633603074674, "n_estimators": 94.0771973049143}, "datetime": {"datetime": "2021-09-21 12:34:53", "elapsed": 8799.293836, "delta": 24.092611}}
{"target": -2.369585020242916, "params": {"max_depth": 22.7273836685104, "n_estimators": 65.49454314820301}, "datetime": {"datetime": "2021-09-21 12:35:01", "elapsed": 8807.694926, "delta": 8.40109}}
{"target": -2.369585020242916, "params": {"max_depth": 28.576023440395105, "n_estimators": 65.54446394558168}, "datetime": {"datetime": "2021-09-21 12:35:24", "elapsed": 8830.296298, "delta": 22.601372}}
{"target": -2.390561038011697, "params": {"max_depth": 24.477703652403076, "n_estimators": 72.4944357356563}, "datetime": {"datetime": "2021-09-21 12:35:40", "elapsed": 8846.235241, "delta": 15.938943}}
{"target": -2.4116866028708146, "params": {"max_depth": 21.797750235941848, "n_estimators": 55.837389677027275}, "datetime": {"datetime": "2021-09-21 12:35:56", "elapsed": 8862.537862, "delta": 16.302621}}
{"target": -2.369585020242916, "params": {"max_depth": 29.324702082268416, "n_estimators": 65.69437908252526}, "datetime": {"datetime": "2021-09-21 12:36:17", "elapsed": 8884.068014, "delta": 21.530152}}
{"target": -2.3681264728986653, "params": {"max_depth": 29.66633608294604, "n_estimators": 67.58534028966517}, "datetime": {"datetime": "2021-09-21 12:36:32", "elapsed": 8899.002639, "delta": 14.934625}}
{"target": -2.396940267335005, "params": {"max_depth": 21.29406058939276, "n_estimators": 63.186953032291996}, "datetime": {"datetime": "2021-09-21 12:36:54", "elapsed": 8920.347781, "delta": 21.345142}}
{"target": -2.3708732057416277, "params": {"max_depth": 26.397548858887838, "n_estimators": 66.45611114816217}, "datetime": {"datetime": "2021-09-21 12:37:14", "elapsed": 8940.582061, "delta": 20.23428}}
{"target": -2.4014098066505656, "params": {"max_depth": 13.466891684022718, "n_estimators": 98.39795422860094}, "datetime": {"datetime": "2021-09-21 12:37:35", "elapsed": 8961.70481, "delta": 21.122749}}
{"target": -2.369042482124429, "params": {"max_depth": 18.801997712568042, "n_estimators": 68.0161898795099}, "datetime": {"datetime": "2021-09-21 12:37:54", "elapsed": 8980.822884, "delta": 19.118074}}
{"target": -2.477579010025063, "params": {"max_depth": 18.42457679963957, "n_estimators": 25.65852525821633}, "datetime": {"datetime": "2021-09-21 12:38:07", "elapsed": 8993.714413, "delta": 12.891529}}
{"target": -2.5243421052631576, "params": {"max_depth": 27.992965043826842, "n_estimators": 11.539229067220145}, "datetime": {"datetime": "2021-09-21 12:38:24", "elapsed": 9010.22568, "delta": 16.511267}}
{"target": -2.4593773395318017, "params": {"max_depth": 14.64470999623184, "n_estimators": 49.49996150645713}, "datetime": {"datetime": "2021-09-21 12:38:44", "elapsed": 9030.171621, "delta": 19.945941}}
{"target": -2.4018511986952547, "params": {"max_depth": 14.023049343176144, "n_estimators": 90.90206318249469}, "datetime": {"datetime": "2021-09-21 12:39:04", "elapsed": 9050.618011, "delta": 20.44639}}
{"target": -2.505911683650524, "params": {"max_depth": 8.433140189781103, "n_estimators": 97.69920899678002}, "datetime": {"datetime": "2021-09-21 12:39:18", "elapsed": 9064.717848, "delta": 14.099837}}
{"target": -2.434182148851054, "params": {"max_depth": 13.928662060401003, "n_estimators": 76.93927305867355}, "datetime": {"datetime": "2021-09-21 12:39:37", "elapsed": 9083.395116, "delta": 18.677268}}
{"target": -2.467719600601383, "params": {"max_depth": 9.325777904504706, "n_estimators": 57.95708849482276}, "datetime": {"datetime": "2021-09-21 12:39:48", "elapsed": 9094.321521, "delta": 10.926405}}
{"target": -2.460765470465163, "params": {"max_depth": 9.96696235189065, "n_estimators": 62.039891814563}, "datetime": {"datetime": "2021-09-21 12:40:05", "elapsed": 9111.993024, "delta": 17.671503}}
{"target": -2.3947567137320047, "params": {"max_depth": 18.8878713445039, "n_estimators": 86.0073250751349}, "datetime": {"datetime": "2021-09-21 12:40:21", "elapsed": 9127.84466, "delta": 15.851636}}
{"target": -2.389725487791602, "params": {"max_depth": 14.485161628309807, "n_estimators": 99.9977062378079}, "datetime": {"datetime": "2021-09-21 12:40:41", "elapsed": 9148.060597, "delta": 20.215937}}
{"target": -2.3981035308295895, "params": {"max_depth": 15.834990347318534, "n_estimators": 78.12973570192473}, "datetime": {"datetime": "2021-09-21 12:40:54", "elapsed": 9160.925177, "delta": 12.86458}}
{"target": -2.382819548872181, "params": {"max_depth": 22.310526800412056, "n_estimators": 70.82624816033108}, "datetime": {"datetime": "2021-09-21 12:41:17", "elapsed": 9183.109114, "delta": 22.183937}}
{"target": -2.4018533376123243, "params": {"max_depth": 25.877985528912, "n_estimators": 82.42123716207252}, "datetime": {"datetime": "2021-09-21 12:41:48", "elapsed": 9214.359665, "delta": 31.250551}}
{"target": -2.4006140226275923, "params": {"max_depth": 19.600550973943697, "n_estimators": 80.03854649709517}, "datetime": {"datetime": "2021-09-21 12:42:09", "elapsed": 9235.752379, "delta": 21.392714}}
{"target": -2.3983698830409366, "params": {"max_depth": 22.942045576333726, "n_estimators": 90.49686758422624}, "datetime": {"datetime": "2021-09-21 12:42:38", "elapsed": 9264.750581, "delta": 28.998202}}
{"target": -2.3852473527568923, "params": {"max_depth": 18.431829820856766, "n_estimators": 100.0}, "datetime": {"datetime": "2021-09-21 12:43:00", "elapsed": 9286.893384, "delta": 22.142803}}
{"target": -2.4705630677072636, "params": {"max_depth": 11.832492877583045, "n_estimators": 33.55228978395462}, "datetime": {"datetime": "2021-09-21 12:43:30", "elapsed": 9316.967683, "delta": 30.074299}}
{"target": -2.3817009205939415, "params": {"max_depth": 17.76916117613629, "n_estimators": 69.31289053490242}, "datetime": {"datetime": "2021-09-21 12:43:47", "elapsed": 9334.032185, "delta": 17.064502}}
{"target": -2.4476586687306505, "params": {"max_depth": 29.985185426298898, "n_estimators": 34.04322013634348}, "datetime": {"datetime": "2021-09-21 12:44:07", "elapsed": 9353.571766, "delta": 19.539581}}
{"target": -2.399218962844733, "params": {"max_depth": 19.84354714244876, "n_estimators": 94.26906341867851}, "datetime": {"datetime": "2021-09-21 12:44:19", "elapsed": 9365.650562, "delta": 12.078796}}
{"target": -2.403315443213297, "params": {"max_depth": 24.76021732814556, "n_estimators": 76.7001663606083}, "datetime": {"datetime": "2021-09-21 12:44:47", "elapsed": 9393.737342, "delta": 28.08678}}
{"target": -2.389709602000119, "params": {"max_depth": 14.998747090466141, "n_estimators": 97.82673550165484}, "datetime": {"datetime": "2021-09-21 12:45:11", "elapsed": 9417.588995, "delta": 23.851653}}
{"target": -2.3810437180731814, "params": {"max_depth": 19.029684745408293, "n_estimators": 69.21924065376415}, "datetime": {"datetime": "2021-09-21 12:45:38", "elapsed": 9444.258326, "delta": 26.669331}}
{"target": -2.497004709972842, "params": {"max_depth": 16.821955119705464, "n_estimators": 28.296916274190682}, "datetime": {"datetime": "2021-09-21 12:45:57", "elapsed": 9463.757798, "delta": 19.499472}}
{"target": -2.3881172002170374, "params": {"max_depth": 21.863257570083626, "n_estimators": 97.29366436520124}, "datetime": {"datetime": "2021-09-21 12:46:29", "elapsed": 9495.60099, "delta": 31.843192}}
{"target": -2.4141582733294285, "params": {"max_depth": 13.764595574585831, "n_estimators": 92.2272429781494}, "datetime": {"datetime": "2021-09-21 12:46:57", "elapsed": 9523.690755, "delta": 28.089765}}
{"target": -2.44213326768366, "params": {"max_depth": 10.50091061009149, "n_estimators": 76.07021366460356}, "datetime": {"datetime": "2021-09-21 12:47:41", "elapsed": 9567.439998, "delta": 43.749243}}
{"target": -2.3955767077267645, "params": {"max_depth": 22.36798793846382, "n_estimators": 94.76838165669618}, "datetime": {"datetime": "2021-09-21 12:48:16", "elapsed": 9602.473607, "delta": 35.033609}}
{"target": -2.3836988304093567, "params": {"max_depth": 27.77640165807245, "n_estimators": 99.30535542866302}, "datetime": {"datetime": "2021-09-21 12:49:00", "elapsed": 9646.783622, "delta": 44.310015}}
{"target": -2.3908037522606707, "params": {"max_depth": 16.501304354993398, "n_estimators": 92.02338914445778}, "datetime": {"datetime": "2021-09-21 12:49:28", "elapsed": 9674.822536, "delta": 28.038914}}
{"target": -2.386587764774841, "params": {"max_depth": 18.049558421860294, "n_estimators": 62.2633770325347}, "datetime": {"datetime": "2021-09-21 12:49:58", "elapsed": 9704.476135, "delta": 29.653599}}
{"target": -2.3880015616441552, "params": {"max_depth": 15.519574862011886, "n_estimators": 64.43205145789977}, "datetime": {"datetime": "2021-09-21 12:50:44", "elapsed": 9750.667605, "delta": 46.19147}}
{"target": -2.390561038011697, "params": {"max_depth": 26.01619571381681, "n_estimators": 72.1577048917818}, "datetime": {"datetime": "2021-09-21 12:51:27", "elapsed": 9793.684648, "delta": 43.017043}}
{"target": -2.4973684210526317, "params": {"max_depth": 25.741120242011636, "n_estimators": 27.106691946561874}, "datetime": {"datetime": "2021-09-21 12:51:55", "elapsed": 9821.111021, "delta": 27.426373}}
{"target": -2.401550713430866, "params": {"max_depth": 17.32140639552689, "n_estimators": 83.65273826664854}, "datetime": {"datetime": "2021-09-21 12:52:50", "elapsed": 9876.790333, "delta": 55.679312}}
{"target": -2.373608368801689, "params": {"max_depth": 17.445082916704454, "n_estimators": 65.57315786671285}, "datetime": {"datetime": "2021-09-21 12:53:21", "elapsed": 9907.759841, "delta": 30.969508}}
{"target": -2.3903852781555575, "params": {"max_depth": 19.756749525688047, "n_estimators": 97.49914456267207}, "datetime": {"datetime": "2021-09-21 12:53:44", "elapsed": 9931.018151, "delta": 23.25831}}
{"target": -2.3681264728986653, "params": {"max_depth": 27.485590218779215, "n_estimators": 67.37321725408482}, "datetime": {"datetime": "2021-09-21 12:54:14", "elapsed": 9960.828734, "delta": 29.810583}}
{"target": -2.397128482972137, "params": {"max_depth": 24.020437243629488, "n_estimators": 85.74668217435205}, "datetime": {"datetime": "2021-09-21 12:54:36", "elapsed": 9982.513954, "delta": 21.68522}}
{"target": -2.3975137698898417, "params": {"max_depth": 27.999175465623573, "n_estimators": 86.5722596711015}, "datetime": {"datetime": "2021-09-21 12:54:49", "elapsed": 9995.676842, "delta": 13.162888}}
{"target": -2.363698474405712, "params": {"max_depth": 18.484329716351734, "n_estimators": 66.29624851839458}, "datetime": {"datetime": "2021-09-21 12:55:12", "elapsed": 10018.716529, "delta": 23.039687}}
{"target": -2.396125614199974, "params": {"max_depth": 18.140718726882607, "n_estimators": 76.79447086406378}, "datetime": {"datetime": "2021-09-21 12:55:35", "elapsed": 10041.621612, "delta": 22.905083}}
{"target": -2.399642197599262, "params": {"max_depth": 24.577228325410832, "n_estimators": 57.684865817497545}, "datetime": {"datetime": "2021-09-21 12:56:12", "elapsed": 10078.473623, "delta": 36.852011}}
{"target": -2.3708732057416277, "params": {"max_depth": 24.89525668268758, "n_estimators": 66.90413273264419}, "datetime": {"datetime": "2021-09-21 12:57:06", "elapsed": 10132.23741, "delta": 53.763787}}
{"target": -2.3681264728986653, "params": {"max_depth": 24.15154847162828, "n_estimators": 67.5264874274177}, "datetime": {"datetime": "2021-09-21 12:57:33", "elapsed": 10159.718871, "delta": 27.481461}}
