{"target": -2.479882034832898, "params": {"max_depth": 14.881435483300098, "n_estimators": 152.77402654915852}, "datetime": {"datetime": "2021-09-20 21:15:34", "elapsed": 6692.885174, "delta": 11.317335}}
{"target": -2.482862731152202, "params": {"max_depth": 25.0, "n_estimators": 185.39443219200547}, "datetime": {"datetime": "2021-09-20 21:15:48", "elapsed": 6707.709356, "delta": 14.824182}}
{"target": -2.470090003198556, "params": {"max_depth": 17.24471066732135, "n_estimators": 78.31685561170391}, "datetime": {"datetime": "2021-09-20 21:16:11", "elapsed": 6730.215146, "delta": 22.50579}}
{"target": -2.5007667862517655, "params": {"max_depth": 16.17064383401412, "n_estimators": 242.28392324600878}, "datetime": {"datetime": "2021-09-20 21:16:22", "elapsed": 6741.368358, "delta": 11.153212}}
{"target": -2.5380319597564447, "params": {"max_depth": 13.179481177440953, "n_estimators": 44.589443549358904}, "datetime": {"datetime": "2021-09-20 21:16:34", "elapsed": 6753.641247, "delta": 12.272889}}
{"target": -2.4686923291292575, "params": {"max_depth": 15.779446414711753, "n_estimators": 45.212705064716594}, "datetime": {"datetime": "2021-09-20 21:16:43", "elapsed": 6762.005202, "delta": 8.363955}}
{"target": -2.4253121716752153, "params": {"max_depth": 14.823709596168893, "n_estimators": 66.97227257817383}, "datetime": {"datetime": "2021-09-20 21:17:00", "elapsed": 6779.544189, "delta": 17.538987}}
{"target": -2.4253121716752153, "params": {"max_depth": 14.788200091002192, "n_estimators": 66.81774592405374}, "datetime": {"datetime": "2021-09-20 21:17:13", "elapsed": 6791.824042, "delta": 12.279853}}
{"target": -2.480926139767277, "params": {"max_depth": 18.890541699164736, "n_estimators": 207.75486227717644}, "datetime": {"datetime": "2021-09-20 21:17:21", "elapsed": 6800.508823, "delta": 8.684781}}
{"target": -2.4892909901392195, "params": {"max_depth": 18.84177645963248, "n_estimators": 180.13338987547138}, "datetime": {"datetime": "2021-09-20 21:17:39", "elapsed": 6818.505538, "delta": 17.996715}}
{"target": -2.425469531249584, "params": {"max_depth": 14.644307369558307, "n_estimators": 67.03395655664961}, "datetime": {"datetime": "2021-09-20 21:17:59", "elapsed": 6838.689452, "delta": 20.183914}}
{"target": -2.425469531249584, "params": {"max_depth": 14.745139936462957, "n_estimators": 67.42175479978059}, "datetime": {"datetime": "2021-09-20 21:18:09", "elapsed": 6847.903561, "delta": 9.214109}}
{"target": -2.425469531249584, "params": {"max_depth": 14.713798238647254, "n_estimators": 67.84485080679364}, "datetime": {"datetime": "2021-09-20 21:18:31", "elapsed": 6870.41256, "delta": 22.508999}}
{"target": -2.539274049808042, "params": {"max_depth": 13.74853459387557, "n_estimators": 34.00200445958438}, "datetime": {"datetime": "2021-09-20 21:18:44", "elapsed": 6883.630911, "delta": 13.218351}}
{"target": -2.457112834168755, "params": {"max_depth": 22.177627487835455, "n_estimators": 72.0701862342744}, "datetime": {"datetime": "2021-09-20 21:18:54", "elapsed": 6893.512127, "delta": 9.881216}}
{"target": -2.4253121716752153, "params": {"max_depth": 14.96933282952655, "n_estimators": 66.18025561128944}, "datetime": {"datetime": "2021-09-20 21:19:09", "elapsed": 6908.741902, "delta": 15.229775}}
{"target": -2.4253121716752153, "params": {"max_depth": 14.899775553011192, "n_estimators": 66.19932159276736}, "datetime": {"datetime": "2021-09-20 21:19:28", "elapsed": 6926.938665, "delta": 18.196763}}
{"target": -2.4903618958058433, "params": {"max_depth": 14.51773414308379, "n_estimators": 173.1295868428673}, "datetime": {"datetime": "2021-09-20 21:19:38", "elapsed": 6937.635299, "delta": 10.696634}}
{"target": -2.4253121716752153, "params": {"max_depth": 14.787561556280437, "n_estimators": 66.12995360584014}, "datetime": {"datetime": "2021-09-20 21:19:49", "elapsed": 6948.628, "delta": 10.992701}}
{"target": -2.4293005875495766, "params": {"max_depth": 14.689526436027258, "n_estimators": 68.11612530255209}, "datetime": {"datetime": "2021-09-20 21:20:02", "elapsed": 6961.017807, "delta": 12.389807}}
{"target": -2.4253121716752153, "params": {"max_depth": 14.85714219229775, "n_estimators": 66.77255647522134}, "datetime": {"datetime": "2021-09-20 21:20:13", "elapsed": 6972.635362, "delta": 11.617555}}
{"target": -2.4253121716752153, "params": {"max_depth": 14.72195083792839, "n_estimators": 66.55059319626751}, "datetime": {"datetime": "2021-09-20 21:20:22", "elapsed": 6980.995262, "delta": 8.3599}}
{"target": -2.476305036212882, "params": {"max_depth": 20.41251593348059, "n_estimators": 219.81367403525985}, "datetime": {"datetime": "2021-09-20 21:20:31", "elapsed": 6990.517021, "delta": 9.521759}}
{"target": -2.488305483289971, "params": {"max_depth": 25.0, "n_estimators": 263.6785872475423}, "datetime": {"datetime": "2021-09-20 21:21:06", "elapsed": 7024.815137, "delta": 34.298116}}
{"target": -2.4253121716752153, "params": {"max_depth": 14.841762480404785, "n_estimators": 66.35847866277284}, "datetime": {"datetime": "2021-09-20 21:21:16", "elapsed": 7034.944238, "delta": 10.129101}}
{"target": -2.4411233307148463, "params": {"max_depth": 23.2070616868266, "n_estimators": 67.19512600094146}, "datetime": {"datetime": "2021-09-20 21:21:42", "elapsed": 7060.976213, "delta": 26.031975}}
{"target": -2.4253121716752153, "params": {"max_depth": 14.87671936169666, "n_estimators": 66.64939619643182}, "datetime": {"datetime": "2021-09-20 21:22:02", "elapsed": 7081.76317, "delta": 20.786957}}
{"target": -2.498799095868346, "params": {"max_depth": 14.838859978419734, "n_estimators": 294.80473960944164}, "datetime": {"datetime": "2021-09-20 21:22:15", "elapsed": 7094.096684, "delta": 12.333514}}
{"target": -2.478420227645671, "params": {"max_depth": 18.34044009405148, "n_estimators": 86.01622467210791}, "datetime": {"datetime": "2021-09-21 08:07:13", "elapsed": 0.0, "delta": 0.0}}
{"target": -2.4847349056287302, "params": {"max_depth": 10.002287496346899, "n_estimators": 65.116628631592}, "datetime": {"datetime": "2021-09-21 08:07:14", "elapsed": 0.461043, "delta": 0.461043}}
{"target": -2.509316663457614, "params": {"max_depth": 12.935117816342261, "n_estimators": 54.61692973843989}, "datetime": {"datetime": "2021-09-21 08:07:14", "elapsed": 0.913997, "delta": 0.452954}}
{"target": -2.4616659441989426, "params": {"max_depth": 13.725204227553418, "n_estimators": 67.27803635215238}, "datetime": {"datetime": "2021-09-21 08:07:15", "elapsed": 1.448556, "delta": 0.534559}}
{"target": -2.467372496357521, "params": {"max_depth": 17.935349484613397, "n_estimators": 76.94083670016785}, "datetime": {"datetime": "2021-09-21 08:07:15", "elapsed": 2.24259, "delta": 0.794034}}
{"target": -2.4616659441989426, "params": {"max_depth": 13.868952601232596, "n_estimators": 67.37427239374924}, "datetime": {"datetime": "2021-09-21 08:07:16", "elapsed": 2.88655, "delta": 0.64396}}
{"target": -2.5126203493414003, "params": {"max_depth": 11.702164508334237, "n_estimators": 73.38436890896023}, "datetime": {"datetime": "2021-09-21 08:07:17", "elapsed": 3.63256, "delta": 0.74601}}
{"target": -2.457888421459211, "params": {"max_depth": 16.21594087165585, "n_estimators": 64.61484910910625}, "datetime": {"datetime": "2021-09-21 08:07:17", "elapsed": 4.366553, "delta": 0.733993}}
{"target": -2.438873887143231, "params": {"max_depth": 20.768379544319302, "n_estimators": 67.26178291759689}, "datetime": {"datetime": "2021-09-21 08:07:18", "elapsed": 5.16355, "delta": 0.796997}}
{"target": -2.451174812030075, "params": {"max_depth": 24.255784649114275, "n_estimators": 70.60682164547885}, "datetime": {"datetime": "2021-09-21 08:07:19", "elapsed": 6.063285, "delta": 0.899735}}
{"target": -2.4474198190789473, "params": {"max_depth": 24.916097873444123, "n_estimators": 64.05765656488086}, "datetime": {"datetime": "2021-09-21 08:07:20", "elapsed": 6.889352, "delta": 0.826067}}
{"target": -2.453716528162512, "params": {"max_depth": 30.0, "n_estimators": 57.241381900602946}, "datetime": {"datetime": "2021-09-21 08:07:21", "elapsed": 7.538544, "delta": 0.649192}}
{"target": -2.479368421052631, "params": {"max_depth": 30.0, "n_estimators": 50.0}, "datetime": {"datetime": "2021-09-21 08:07:21", "elapsed": 8.117539, "delta": 0.578995}}
{"target": -2.440998803827751, "params": {"max_depth": 30.0, "n_estimators": 66.06212907552094}, "datetime": {"datetime": "2021-09-21 08:07:22", "elapsed": 8.836536, "delta": 0.718997}}
{"target": -2.472619459833795, "params": {"max_depth": 30.0, "n_estimators": 76.63659473248292}, "datetime": {"datetime": "2021-09-21 08:07:23", "elapsed": 9.685258, "delta": 0.848722}}
{"target": -2.4726644736842105, "params": {"max_depth": 30.0, "n_estimators": 100.0}, "datetime": {"datetime": "2021-09-21 08:07:24", "elapsed": 10.619437, "delta": 0.934179}}
{"target": -2.4500955008488963, "params": {"max_depth": 29.74613483151794, "n_estimators": 62.00065287961935}, "datetime": {"datetime": "2021-09-21 08:07:24", "elapsed": 11.31343, "delta": 0.693993}}
{"target": -2.49653922016848, "params": {"max_depth": 10.0, "n_estimators": 100.0}, "datetime": {"datetime": "2021-09-21 08:07:25", "elapsed": 12.350486, "delta": 1.037056}}
{"target": -2.4785361842105256, "params": {"max_depth": 30.0, "n_estimators": 88.82879071982282}, "datetime": {"datetime": "2021-09-21 08:07:26", "elapsed": 13.362491, "delta": 1.012005}}
{"target": -2.451174812030075, "params": {"max_depth": 29.848341363858218, "n_estimators": 70.13577318868187}, "datetime": {"datetime": "2021-09-21 08:07:27", "elapsed": 14.09349, "delta": 0.730999}}
{"target": -2.453716528162512, "params": {"max_depth": 24.034124571824652, "n_estimators": 57.68502838989441}, "datetime": {"datetime": "2021-09-21 08:07:28", "elapsed": 14.774528, "delta": 0.681038}}
{"target": -2.4725136591478694, "params": {"max_depth": 21.439091960723292, "n_estimators": 100.0}, "datetime": {"datetime": "2021-09-21 08:07:29", "elapsed": 15.728491, "delta": 0.953963}}
{"target": -2.4423802042419482, "params": {"max_depth": 26.62723951679398, "n_estimators": 67.26855659875638}, "datetime": {"datetime": "2021-09-21 08:07:30", "elapsed": 16.517529, "delta": 0.789038}}
{"target": -2.4436874657346492, "params": {"max_depth": 20.939357327161233, "n_estimators": 64.21993457826937}, "datetime": {"datetime": "2021-09-21 08:07:30", "elapsed": 17.228487, "delta": 0.710958}}
{"target": -2.5035505903665602, "params": {"max_depth": 10.0, "n_estimators": 87.87976141278807}, "datetime": {"datetime": "2021-09-21 08:07:31", "elapsed": 18.061125, "delta": 0.832638}}
{"target": -2.4757812500000003, "params": {"max_depth": 23.278148122342493, "n_estimators": 80.0923518506042}, "datetime": {"datetime": "2021-09-21 08:07:32", "elapsed": 18.938161, "delta": 0.877036}}
{"target": -2.4397228867623606, "params": {"max_depth": 23.083612913193644, "n_estimators": 66.87401389962848}, "datetime": {"datetime": "2021-09-21 08:07:33", "elapsed": 19.808706, "delta": 0.870545}}
{"target": -2.4785977443609024, "params": {"max_depth": 22.02222486004572, "n_estimators": 50.0}, "datetime": {"datetime": "2021-09-21 08:07:34", "elapsed": 20.481711, "delta": 0.673005}}
{"target": -2.448311562420544, "params": {"max_depth": 20.482358377063157, "n_estimators": 69.97049893401429}, "datetime": {"datetime": "2021-09-21 08:07:34", "elapsed": 21.342749, "delta": 0.861038}}
{"target": -2.4411298131692867, "params": {"max_depth": 21.592123627008178, "n_estimators": 66.11361802763489}, "datetime": {"datetime": "2021-09-21 08:07:35", "elapsed": 22.197103, "delta": 0.854354}}
{"target": -2.4456569809941526, "params": {"max_depth": 20.894674321681425, "n_estimators": 60.49175618575691}, "datetime": {"datetime": "2021-09-21 08:07:36", "elapsed": 22.980463, "delta": 0.78336}}
{"target": -2.4706494057724955, "params": {"max_depth": 23.149965065514564, "n_estimators": 93.1142017522115}, "datetime": {"datetime": "2021-09-21 08:07:37", "elapsed": 24.03379, "delta": 1.053327}}
{"target": -2.4450892857142854, "params": {"max_depth": 22.192727353382754, "n_estimators": 68.20295668425062}, "datetime": {"datetime": "2021-09-21 08:07:38", "elapsed": 24.83279, "delta": 0.799}}
{"target": -2.4465324245994906, "params": {"max_depth": 18.69246225642876, "n_estimators": 67.33085193053151}, "datetime": {"datetime": "2021-09-21 08:07:39", "elapsed": 25.713607, "delta": 0.880817}}
{"target": -2.4705874695183905, "params": {"max_depth": 22.369507845572578, "n_estimators": 74.49800347273062}, "datetime": {"datetime": "2021-09-21 08:07:40", "elapsed": 26.609606, "delta": 0.895999}}
{"target": -2.4441760138050044, "params": {"max_depth": 23.423164786284012, "n_estimators": 61.058177302642115}, "datetime": {"datetime": "2021-09-21 08:07:40", "elapsed": 27.370136, "delta": 0.76053}}
{"target": -2.4574152542372882, "params": {"max_depth": 26.85822441228543, "n_estimators": 59.85373097005383}, "datetime": {"datetime": "2021-09-21 08:07:41", "elapsed": 28.19556, "delta": 0.825424}}
{"target": -2.4460728744939266, "params": {"max_depth": 28.342403573380963, "n_estimators": 65.07082943030743}, "datetime": {"datetime": "2021-09-21 08:07:42", "elapsed": 28.895559, "delta": 0.699999}}
{"target": -2.440998803827751, "params": {"max_depth": 24.738235430987377, "n_estimators": 66.7638627673251}, "datetime": {"datetime": "2021-09-21 08:07:43", "elapsed": 29.737259, "delta": 0.8417}}
{"target": -2.4423802042419482, "params": {"max_depth": 29.090813871401963, "n_estimators": 67.69891021622085}, "datetime": {"datetime": "2021-09-21 08:07:44", "elapsed": 30.516027, "delta": 0.778768}}
{"target": -2.451887871853547, "params": {"max_depth": 26.9713898528024, "n_estimators": 69.46902816727386}, "datetime": {"datetime": "2021-09-21 08:07:44", "elapsed": 31.331028, "delta": 0.815001}}
{"target": -2.449431542566093, "params": {"max_depth": 22.170566180245867, "n_estimators": 62.59218641498851}, "datetime": {"datetime": "2021-09-21 08:07:45", "elapsed": 32.102975, "delta": 0.771947}}
{"target": -2.4476906355801793, "params": {"max_depth": 20.50009978750966, "n_estimators": 57.20947006823872}, "datetime": {"datetime": "2021-09-21 08:07:46", "elapsed": 32.837929, "delta": 0.734954}}
{"target": -2.473432162975136, "params": {"max_depth": 17.203692913034622, "n_estimators": 94.43681092196952}, "datetime": {"datetime": "2021-09-21 08:07:47", "elapsed": 33.84953, "delta": 1.011601}}
{"target": -2.456368692265214, "params": {"max_depth": 17.949823740820474, "n_estimators": 59.99884475045452}, "datetime": {"datetime": "2021-09-21 08:07:48", "elapsed": 34.573528, "delta": 0.723998}}
{"target": -2.4757702182284977, "params": {"max_depth": 29.94596603632932, "n_estimators": 82.42170442468546}, "datetime": {"datetime": "2021-09-21 08:07:49", "elapsed": 35.519617, "delta": 0.946089}}
{"target": -2.4504224824882725, "params": {"max_depth": 19.618476040448442, "n_estimators": 65.3533597901076}, "datetime": {"datetime": "2021-09-21 08:07:49", "elapsed": 36.350058, "delta": 0.830441}}
{"target": -2.4817679171332583, "params": {"max_depth": 30.0, "n_estimators": 94.66313433110983}, "datetime": {"datetime": "2021-09-21 08:07:50", "elapsed": 37.335384, "delta": 0.985326}}
{"target": -2.456026188352237, "params": {"max_depth": 22.070248158315692, "n_estimators": 59.11644100345972}, "datetime": {"datetime": "2021-09-21 08:07:51", "elapsed": 38.087071, "delta": 0.751687}}
{"target": -2.4580043859649128, "params": {"max_depth": 26.102577734087816, "n_estimators": 54.4918424156897}, "datetime": {"datetime": "2021-09-21 08:07:52", "elapsed": 38.952071, "delta": 0.865}}
{"target": -2.452569647498376, "params": {"max_depth": 20.990514643365383, "n_estimators": 54.52080604931618}, "datetime": {"datetime": "2021-09-21 08:07:53", "elapsed": 39.687203, "delta": 0.735132}}
{"target": -2.4777616279069767, "params": {"max_depth": 24.30561137908644, "n_estimators": 86.8928335284019}, "datetime": {"datetime": "2021-09-21 08:07:54", "elapsed": 40.622341, "delta": 0.935138}}
{"target": -2.455114160351477, "params": {"max_depth": 14.593645911802568, "n_estimators": 81.06008161932598}, "datetime": {"datetime": "2021-09-21 08:07:55", "elapsed": 41.567474, "delta": 0.945133}}
{"target": -2.5029210371231003, "params": {"max_depth": 10.0, "n_estimators": 80.72454029735285}, "datetime": {"datetime": "2021-09-21 08:07:55", "elapsed": 42.375769, "delta": 0.808295}}
{"target": -2.474074648954035, "params": {"max_depth": 17.598252557033817, "n_estimators": 81.08105665592606}, "datetime": {"datetime": "2021-09-21 08:07:56", "elapsed": 43.300279, "delta": 0.92451}}
{"target": -2.454761685800523, "params": {"max_depth": 19.31342724755118, "n_estimators": 62.217267804429056}, "datetime": {"datetime": "2021-09-21 08:07:57", "elapsed": 44.083485, "delta": 0.783206}}
{"target": -2.4552743542093878, "params": {"max_depth": 18.44450476114723, "n_estimators": 56.168594401125645}, "datetime": {"datetime": "2021-09-21 08:07:58", "elapsed": 44.935485, "delta": 0.852}}
{"target": -2.4475110320443973, "params": {"max_depth": 17.810439884356434, "n_estimators": 70.67753618401012}, "datetime": {"datetime": "2021-09-21 08:07:59", "elapsed": 45.989277, "delta": 1.053792}}
{"target": -2.449949122192737, "params": {"max_depth": 19.199545454008057, "n_estimators": 68.87036052563778}, "datetime": {"datetime": "2021-09-21 08:08:00", "elapsed": 46.955277, "delta": 0.966}}
{"target": -2.459405068463457, "params": {"max_depth": 18.691386572822232, "n_estimators": 72.90336571082646}, "datetime": {"datetime": "2021-09-21 08:08:01", "elapsed": 47.748202, "delta": 0.792925}}
{"target": -2.4802843688122724, "params": {"max_depth": 16.54158312683115, "n_estimators": 100.0}, "datetime": {"datetime": "2021-09-21 08:08:02", "elapsed": 48.7992, "delta": 1.050998}}
{"target": -2.4474198190789473, "params": {"max_depth": 30.0, "n_estimators": 64.17443425832565}, "datetime": {"datetime": "2021-09-21 08:08:03", "elapsed": 49.557771, "delta": 0.758571}}
{"target": -2.46753785147801, "params": {"max_depth": 26.736230289457435, "n_estimators": 73.4698977556667}, "datetime": {"datetime": "2021-09-21 08:08:04", "elapsed": 50.414135, "delta": 0.856364}}
{"target": -2.4447773279352223, "params": {"max_depth": 23.22172917142093, "n_estimators": 65.31994669911833}, "datetime": {"datetime": "2021-09-21 08:08:04", "elapsed": 51.25821, "delta": 0.844075}}
{"target": -2.4580043859649128, "params": {"max_depth": 29.970555718529845, "n_estimators": 54.455520040042735}, "datetime": {"datetime": "2021-09-21 08:08:05", "elapsed": 52.13362, "delta": 0.87541}}
{"target": -2.4457914086687307, "params": {"max_depth": 24.642093607340318, "n_estimators": 68.21668362689}, "datetime": {"datetime": "2021-09-21 08:08:06", "elapsed": 53.142614, "delta": 1.008994}}
{"target": -2.4455565142364106, "params": {"max_depth": 25.22899938075781, "n_estimators": 61.81265123658842}, "datetime": {"datetime": "2021-09-21 08:08:07", "elapsed": 54.176798, "delta": 1.034184}}
{"target": -2.4423802042419482, "params": {"max_depth": 30.0, "n_estimators": 67.72914470662892}, "datetime": {"datetime": "2021-09-21 08:08:08", "elapsed": 55.033083, "delta": 0.856285}}
{"target": -2.5311808420581485, "params": {"max_depth": 10.230765860083597, "n_estimators": 50.00841639958442}, "datetime": {"datetime": "2021-09-21 08:08:09", "elapsed": 55.87833, "delta": 0.845247}}
{"target": -2.4680688463583196, "params": {"max_depth": 25.853343449873947, "n_estimators": 99.79733702869575}, "datetime": {"datetime": "2021-09-21 08:08:10", "elapsed": 57.036289, "delta": 1.157959}}
{"target": -2.4460728744939266, "params": {"max_depth": 26.400411236422038, "n_estimators": 65.83841897188927}, "datetime": {"datetime": "2021-09-21 08:08:11", "elapsed": 58.035288, "delta": 0.998999}}
{"target": -2.474834162728399, "params": {"max_depth": 13.471475670018958, "n_estimators": 61.574564325947996}, "datetime": {"datetime": "2021-09-21 08:08:12", "elapsed": 58.959336, "delta": 0.924048}}
{"target": -2.456602870813397, "params": {"max_depth": 23.224920483419165, "n_estimators": 55.204308881679125}, "datetime": {"datetime": "2021-09-21 08:08:13", "elapsed": 60.003021, "delta": 1.043685}}
{"target": -2.440998803827751, "params": {"max_depth": 28.546315045213124, "n_estimators": 66.5904238299004}, "datetime": {"datetime": "2021-09-21 08:08:14", "elapsed": 61.076287, "delta": 1.073266}}
{"target": -2.4411298131692867, "params": {"max_depth": 21.67707779220246, "n_estimators": 66.9312374743829}, "datetime": {"datetime": "2021-09-21 08:08:15", "elapsed": 62.183609, "delta": 1.107322}}
{"target": -2.4373795520999466, "params": {"max_depth": 20.52134466914943, "n_estimators": 66.75172538268725}, "datetime": {"datetime": "2021-09-21 08:08:17", "elapsed": 63.548439, "delta": 1.36483}}
{"target": -2.4465999731916854, "params": {"max_depth": 19.93539348390985, "n_estimators": 67.03817599355693}, "datetime": {"datetime": "2021-09-21 08:08:18", "elapsed": 64.938387, "delta": 1.389948}}
{"target": -2.4564302983702797, "params": {"max_depth": 16.800246496651198, "n_estimators": 68.41836827958042}, "datetime": {"datetime": "2021-09-21 08:08:19", "elapsed": 66.217131, "delta": 1.278744}}
{"target": -2.502430425514465, "params": {"max_depth": 10.0, "n_estimators": 94.03271697652731}, "datetime": {"datetime": "2021-09-21 08:08:21", "elapsed": 67.854983, "delta": 1.637852}}
{"target": -2.4827791585445094, "params": {"max_depth": 19.29030447744308, "n_estimators": 90.59585273426097}, "datetime": {"datetime": "2021-09-21 08:08:22", "elapsed": 69.256367, "delta": 1.401384}}
{"target": -2.478309793715057, "params": {"max_depth": 17.69463841543823, "n_estimators": 50.321241648470185}, "datetime": {"datetime": "2021-09-21 08:08:23", "elapsed": 70.336468, "delta": 1.080101}}
{"target": -2.4498914464556076, "params": {"max_depth": 14.452852200548545, "n_estimators": 83.96334990410698}, "datetime": {"datetime": "2021-09-21 08:08:25", "elapsed": 71.914874, "delta": 1.578406}}
