{"target": -11.914407779650904, "params": {"max_depth": 13.51194020276272, "n_estimators": 106.23406321080172}, "datetime": {"datetime": "2021-09-27 17:23:31", "elapsed": 470.53109, "delta": 2.144626}}
{"target": -11.822322308084395, "params": {"max_depth": 15.800456851273779, "n_estimators": 106.39027122702952}, "datetime": {"datetime": "2021-09-27 17:23:33", "elapsed": 472.86256, "delta": 2.33147}}
{"target": -11.731506721979434, "params": {"max_depth": 14.479757795228265, "n_estimators": 108.2242175032698}, "datetime": {"datetime": "2021-09-27 17:23:36", "elapsed": 475.242363, "delta": 2.379803}}
{"target": -11.835693329554353, "params": {"max_depth": 24.7669252092193, "n_estimators": 130.28446527069002}, "datetime": {"datetime": "2021-09-27 17:23:38", "elapsed": 477.592926, "delta": 2.350563}}
{"target": -11.825627201454648, "params": {"max_depth": 22.598467674832968, "n_estimators": 149.53939983551766}, "datetime": {"datetime": "2021-09-27 17:23:40", "elapsed": 479.725373, "delta": 2.132447}}
{"target": -11.892729657282235, "params": {"max_depth": 13.110522464884944, "n_estimators": 100.02089224163154}, "datetime": {"datetime": "2021-09-27 17:23:43", "elapsed": 482.440622, "delta": 2.715249}}
{"target": -11.824061648703388, "params": {"max_depth": 26.412415985365698, "n_estimators": 101.67295006191506}, "datetime": {"datetime": "2021-09-27 17:23:45", "elapsed": 484.722183, "delta": 2.281561}}
{"target": -11.856351292747199, "params": {"max_depth": 30.0, "n_estimators": 153.0083684794364}, "datetime": {"datetime": "2021-09-27 17:23:48", "elapsed": 487.649906, "delta": 2.927723}}
{"target": -11.853230881873056, "params": {"max_depth": 22.415816235260912, "n_estimators": 183.64056310396782}, "datetime": {"datetime": "2021-09-27 17:23:51", "elapsed": 490.645481, "delta": 2.995575}}
{"target": -11.826224638409952, "params": {"max_depth": 22.227447666084995, "n_estimators": 163.7718442132578}, "datetime": {"datetime": "2021-09-27 17:23:54", "elapsed": 493.530976, "delta": 2.885495}}
{"target": -11.842270624737933, "params": {"max_depth": 22.08645782705668, "n_estimators": 197.94026135683453}, "datetime": {"datetime": "2021-09-27 17:23:57", "elapsed": 496.907287, "delta": 3.376311}}
{"target": -11.810106526052092, "params": {"max_depth": 18.10010578963871, "n_estimators": 156.63581776893778}, "datetime": {"datetime": "2021-09-27 17:24:00", "elapsed": 499.950958, "delta": 3.043671}}
{"target": -11.832645764713739, "params": {"max_depth": 24.92804895076732, "n_estimators": 189.95348416046525}, "datetime": {"datetime": "2021-09-27 17:24:03", "elapsed": 502.808355, "delta": 2.857397}}
{"target": -11.8462134659275, "params": {"max_depth": 24.73456818305406, "n_estimators": 119.56663515713754}, "datetime": {"datetime": "2021-09-27 17:24:06", "elapsed": 505.226286, "delta": 2.417931}}
{"target": -11.746940852401595, "params": {"max_depth": 14.891673402089026, "n_estimators": 107.70683946169767}, "datetime": {"datetime": "2021-09-27 17:24:08", "elapsed": 507.42813, "delta": 2.201844}}
{"target": -11.70814583805766, "params": {"max_depth": 14.221058303204238, "n_estimators": 109.67965091649545}, "datetime": {"datetime": "2021-09-27 17:24:10", "elapsed": 509.948807, "delta": 2.520677}}
{"target": -11.893285834695764, "params": {"max_depth": 13.512768669692989, "n_estimators": 110.67838398651114}, "datetime": {"datetime": "2021-09-27 17:24:13", "elapsed": 512.274515, "delta": 2.325708}}
{"target": -11.800838522062659, "params": {"max_depth": 15.22174911974931, "n_estimators": 109.23929984886612}, "datetime": {"datetime": "2021-09-27 17:24:16", "elapsed": 515.265922, "delta": 2.991407}}
{"target": -11.908093702921281, "params": {"max_depth": 13.98898513272073, "n_estimators": 108.80010872212189}, "datetime": {"datetime": "2021-09-27 17:24:18", "elapsed": 517.493129, "delta": 2.227207}}
{"target": -11.811792428083889, "params": {"max_depth": 15.36620228220657, "n_estimators": 105.02421831636035}, "datetime": {"datetime": "2021-09-27 17:24:20", "elapsed": 519.5257, "delta": 2.032571}}
{"target": -11.709398199399802, "params": {"max_depth": 14.575611250005334, "n_estimators": 110.29513035949208}, "datetime": {"datetime": "2021-09-27 17:24:22", "elapsed": 521.694204, "delta": 2.168504}}
{"target": -11.799318309965741, "params": {"max_depth": 17.159293814682485, "n_estimators": 161.01484266322754}, "datetime": {"datetime": "2021-09-27 17:24:25", "elapsed": 524.302327, "delta": 2.608123}}
{"target": -11.824061648703388, "params": {"max_depth": 28.516498686935073, "n_estimators": 101.792620443634}, "datetime": {"datetime": "2021-09-27 17:24:27", "elapsed": 526.414081, "delta": 2.111754}}
{"target": -11.839851359241752, "params": {"max_depth": 18.512117145192743, "n_estimators": 143.9957313348712}, "datetime": {"datetime": "2021-09-27 17:24:29", "elapsed": 528.695181, "delta": 2.2811}}
{"target": -11.929492524958755, "params": {"max_depth": 16.066737757918286, "n_estimators": 151.14973422325642}, "datetime": {"datetime": "2021-09-27 17:24:32", "elapsed": 531.50331, "delta": 2.808129}}
{"target": -11.84706858317082, "params": {"max_depth": 18.56253362237343, "n_estimators": 119.58432517349951}, "datetime": {"datetime": "2021-09-27 17:24:34", "elapsed": 533.932902, "delta": 2.429592}}
{"target": -11.828598882260373, "params": {"max_depth": 23.432297919514777, "n_estimators": 105.49527610079524}, "datetime": {"datetime": "2021-09-27 17:24:37", "elapsed": 536.386127, "delta": 2.453225}}
{"target": -11.836586245413654, "params": {"max_depth": 27.229162800851526, "n_estimators": 186.45777087520065}, "datetime": {"datetime": "2021-09-27 17:24:40", "elapsed": 539.173972, "delta": 2.787845}}
{"target": -11.86154847408937, "params": {"max_depth": 27.882614899676437, "n_estimators": 116.26505452901408}, "datetime": {"datetime": "2021-09-27 17:24:42", "elapsed": 541.972691, "delta": 2.798719}}
{"target": -11.817307768275398, "params": {"max_depth": 23.995498898672807, "n_estimators": 102.02356980872813}, "datetime": {"datetime": "2021-09-27 17:24:45", "elapsed": 544.482002, "delta": 2.509311}}
{"target": -11.93933260697477, "params": {"max_depth": 16.792557397912617, "n_estimators": 141.63934701365704}, "datetime": {"datetime": "2021-09-27 17:24:47", "elapsed": 546.827821, "delta": 2.345819}}
{"target": -11.857971259313034, "params": {"max_depth": 19.944772032971827, "n_estimators": 140.60828333317997}, "datetime": {"datetime": "2021-09-27 17:24:50", "elapsed": 549.146874, "delta": 2.319053}}
{"target": -11.8462134659275, "params": {"max_depth": 28.367491550568346, "n_estimators": 119.92574619397088}, "datetime": {"datetime": "2021-09-27 17:24:52", "elapsed": 551.293746, "delta": 2.146872}}
{"target": -11.826673505430426, "params": {"max_depth": 27.123823564682628, "n_estimators": 151.22226505161862}, "datetime": {"datetime": "2021-09-27 17:24:54", "elapsed": 553.565767, "delta": 2.272021}}
{"target": -11.839855088705686, "params": {"max_depth": 22.717688465837906, "n_estimators": 166.95858739395334}, "datetime": {"datetime": "2021-09-27 17:24:57", "elapsed": 556.235375, "delta": 2.669608}}
{"target": -11.856351292747199, "params": {"max_depth": 25.6302401991349, "n_estimators": 153.46366321082405}, "datetime": {"datetime": "2021-09-27 17:24:59", "elapsed": 558.889543, "delta": 2.654168}}
{"target": -11.850904985053656, "params": {"max_depth": 22.622560911859104, "n_estimators": 123.37740397358807}, "datetime": {"datetime": "2021-09-27 17:25:02", "elapsed": 561.04955, "delta": 2.160007}}
{"target": -11.836185740318514, "params": {"max_depth": 19.09254168804489, "n_estimators": 109.29207036922931}, "datetime": {"datetime": "2021-09-27 17:25:04", "elapsed": 563.580643, "delta": 2.531093}}
{"target": -11.819084745448801, "params": {"max_depth": 29.49367942163373, "n_estimators": 109.22019663643854}, "datetime": {"datetime": "2021-09-27 17:25:07", "elapsed": 566.6118, "delta": 3.031157}}
{"target": -11.835498612715108, "params": {"max_depth": 20.327389140172805, "n_estimators": 185.07283218851862}, "datetime": {"datetime": "2021-09-27 17:25:10", "elapsed": 569.404643, "delta": 2.792843}}
{"target": -11.847023356835635, "params": {"max_depth": 27.632712805250222, "n_estimators": 155.73132220787352}, "datetime": {"datetime": "2021-09-27 17:25:13", "elapsed": 572.205899, "delta": 2.801256}}
{"target": -11.856545522041067, "params": {"max_depth": 19.501536300672058, "n_estimators": 155.6389774177594}, "datetime": {"datetime": "2021-09-27 17:25:15", "elapsed": 574.537536, "delta": 2.331637}}
{"target": -11.84178623358324, "params": {"max_depth": 22.97116598364828, "n_estimators": 137.6519321010403}, "datetime": {"datetime": "2021-09-27 17:25:17", "elapsed": 576.95571, "delta": 2.418174}}
{"target": -11.846365004868908, "params": {"max_depth": 21.719684668979248, "n_estimators": 195.10215970514093}, "datetime": {"datetime": "2021-09-27 17:25:20", "elapsed": 579.778737, "delta": 2.823027}}
{"target": -11.837245913221262, "params": {"max_depth": 28.010213624315945, "n_estimators": 198.37065703446135}, "datetime": {"datetime": "2021-09-27 17:25:23", "elapsed": 582.558248, "delta": 2.779511}}
{"target": -11.853081643064337, "params": {"max_depth": 27.421427926161698, "n_estimators": 172.87566900218968}, "datetime": {"datetime": "2021-09-27 17:25:26", "elapsed": 585.406877, "delta": 2.848629}}
{"target": -11.840868592315902, "params": {"max_depth": 20.433741450437346, "n_estimators": 107.87061729580535}, "datetime": {"datetime": "2021-09-27 17:25:29", "elapsed": 588.381028, "delta": 2.974151}}
{"target": -11.849015723869897, "params": {"max_depth": 21.97237178917995, "n_estimators": 119.48610808086153}, "datetime": {"datetime": "2021-09-27 17:25:31", "elapsed": 590.729289, "delta": 2.348261}}
{"target": -11.837464855755682, "params": {"max_depth": 27.559469851514386, "n_estimators": 137.84557628907996}, "datetime": {"datetime": "2021-09-27 17:25:34", "elapsed": 593.613078, "delta": 2.883789}}
{"target": -11.986441575164424, "params": {"max_depth": 12.596765826178974, "n_estimators": 163.86885511118118}, "datetime": {"datetime": "2021-09-27 17:25:37", "elapsed": 596.441727, "delta": 2.828649}}
{"target": -11.843521686298283, "params": {"max_depth": 24.729964691676884, "n_estimators": 167.27455035659747}, "datetime": {"datetime": "2021-09-27 17:25:40", "elapsed": 599.339572, "delta": 2.897845}}
{"target": -11.831938890086521, "params": {"max_depth": 30.0, "n_estimators": 162.66086339226382}, "datetime": {"datetime": "2021-09-27 17:25:43", "elapsed": 602.10373, "delta": 2.764158}}
{"target": -11.850167980818126, "params": {"max_depth": 28.292693311733025, "n_estimators": 128.95653252589048}, "datetime": {"datetime": "2021-09-27 17:25:45", "elapsed": 604.801975, "delta": 2.698245}}
{"target": -11.86781844309681, "params": {"max_depth": 22.58697368175264, "n_estimators": 144.17810626711838}, "datetime": {"datetime": "2021-09-27 17:25:48", "elapsed": 607.670482, "delta": 2.868507}}
{"target": -11.839465128957446, "params": {"max_depth": 25.809496774484906, "n_estimators": 194.68766254576624}, "datetime": {"datetime": "2021-09-27 17:25:52", "elapsed": 611.1322, "delta": 3.461718}}
{"target": -11.841887293224639, "params": {"max_depth": 29.99884743968604, "n_estimators": 184.3935886342924}, "datetime": {"datetime": "2021-09-27 17:25:55", "elapsed": 614.445734, "delta": 3.313534}}
{"target": -11.992724141117398, "params": {"max_depth": 12.822040862998866, "n_estimators": 116.22603676085464}, "datetime": {"datetime": "2021-09-27 17:25:57", "elapsed": 616.702039, "delta": 2.256305}}
{"target": -11.998296401998283, "params": {"max_depth": 12.544515443067835, "n_estimators": 127.80892252892716}, "datetime": {"datetime": "2021-09-27 17:25:59", "elapsed": 618.753766, "delta": 2.051727}}
{"target": -11.851721249340786, "params": {"max_depth": 27.913423513055715, "n_estimators": 168.98647695264071}, "datetime": {"datetime": "2021-09-27 17:26:03", "elapsed": 622.916327, "delta": 4.162561}}
{"target": -11.832955496773428, "params": {"max_depth": 29.170961280183175, "n_estimators": 136.50367760976258}, "datetime": {"datetime": "2021-09-27 17:26:06", "elapsed": 625.265469, "delta": 2.349142}}
{"target": -11.84803557491136, "params": {"max_depth": 24.5495962532386, "n_estimators": 140.61163304377533}, "datetime": {"datetime": "2021-09-27 17:26:08", "elapsed": 627.885698, "delta": 2.620229}}
{"target": -11.923850938580964, "params": {"max_depth": 13.781185807136225, "n_estimators": 186.53791849017912}, "datetime": {"datetime": "2021-09-27 17:26:11", "elapsed": 630.518727, "delta": 2.633029}}
{"target": -11.843031519721926, "params": {"max_depth": 27.974426426183012, "n_estimators": 177.4745144005342}, "datetime": {"datetime": "2021-09-27 17:26:15", "elapsed": 634.177291, "delta": 3.658564}}
{"target": -12.28275354776575, "params": {"max_depth": 8.0, "n_estimators": 158.58515381868875}, "datetime": {"datetime": "2021-09-27 17:26:18", "elapsed": 637.963718, "delta": 3.786427}}
{"target": -11.921870034757971, "params": {"max_depth": 13.97584604628448, "n_estimators": 156.0664332479509}, "datetime": {"datetime": "2021-09-27 17:26:22", "elapsed": 641.130841, "delta": 3.167123}}
{"target": -11.847368982732787, "params": {"max_depth": 18.89613677225685, "n_estimators": 195.79127532153478}, "datetime": {"datetime": "2021-09-27 17:26:25", "elapsed": 644.566559, "delta": 3.435718}}
{"target": -11.853550274409164, "params": {"max_depth": 21.615209418760163, "n_estimators": 170.3676155666771}, "datetime": {"datetime": "2021-09-27 17:26:28", "elapsed": 647.761336, "delta": 3.194777}}
{"target": -11.80773980609006, "params": {"max_depth": 20.594274601377997, "n_estimators": 104.00890504725277}, "datetime": {"datetime": "2021-09-27 17:26:31", "elapsed": 650.652154, "delta": 2.890818}}
{"target": -11.84243398299936, "params": {"max_depth": 24.562295432240663, "n_estimators": 157.92809207041975}, "datetime": {"datetime": "2021-09-27 17:26:35", "elapsed": 654.473153, "delta": 3.820999}}
{"target": -11.837953916775808, "params": {"max_depth": 21.700056397288662, "n_estimators": 105.51627167510222}, "datetime": {"datetime": "2021-09-27 17:26:38", "elapsed": 657.883978, "delta": 3.410825}}
{"target": -11.856004725783524, "params": {"max_depth": 21.0805505676367, "n_estimators": 175.68898582628523}, "datetime": {"datetime": "2021-09-27 17:26:42", "elapsed": 661.806496, "delta": 3.922518}}
{"target": -11.834996634366764, "params": {"max_depth": 29.371945311589716, "n_estimators": 148.89402512920333}, "datetime": {"datetime": "2021-09-27 17:26:45", "elapsed": 664.78233, "delta": 2.975834}}
{"target": -11.84475396195895, "params": {"max_depth": 29.999399571671113, "n_estimators": 174.06062683739202}, "datetime": {"datetime": "2021-09-27 17:26:49", "elapsed": 668.151592, "delta": 3.369262}}
{"target": -11.841887902694529, "params": {"max_depth": 24.12645813690467, "n_estimators": 160.21413415687394}, "datetime": {"datetime": "2021-09-27 17:26:52", "elapsed": 671.51995, "delta": 3.368358}}
{"target": -12.282010035653606, "params": {"max_depth": 8.0, "n_estimators": 168.3888799348802}, "datetime": {"datetime": "2021-09-27 17:26:55", "elapsed": 674.827254, "delta": 3.307304}}
{"target": -11.830589677908014, "params": {"max_depth": 26.028803159783223, "n_estimators": 126.47126090481912}, "datetime": {"datetime": "2021-09-27 17:26:58", "elapsed": 677.602424, "delta": 2.77517}}
{"target": -11.846884226376801, "params": {"max_depth": 24.108923440087057, "n_estimators": 178.0362757240578}, "datetime": {"datetime": "2021-09-27 17:27:02", "elapsed": 681.613391, "delta": 4.010967}}
{"target": -11.84579384516301, "params": {"max_depth": 29.98853923445526, "n_estimators": 112.66543983568505}, "datetime": {"datetime": "2021-09-27 17:27:06", "elapsed": 685.175395, "delta": 3.562004}}
{"target": -11.77985688978394, "params": {"max_depth": 15.021619074216844, "n_estimators": 101.88211566235069}, "datetime": {"datetime": "2021-09-27 17:27:08", "elapsed": 687.861137, "delta": 2.685742}}
{"target": -11.847349755251646, "params": {"max_depth": 25.379891116887617, "n_estimators": 134.3625334348149}, "datetime": {"datetime": "2021-09-27 17:27:11", "elapsed": 690.785932, "delta": 2.924795}}
{"target": -11.845800290731194, "params": {"max_depth": 29.970333563850204, "n_estimators": 158.47746471851573}, "datetime": {"datetime": "2021-09-27 17:27:14", "elapsed": 693.564518, "delta": 2.778586}}
{"target": -11.91983470133791, "params": {"max_depth": 13.227117579589299, "n_estimators": 142.51210316550103}, "datetime": {"datetime": "2021-09-27 17:27:18", "elapsed": 697.209134, "delta": 3.644616}}
{"target": -11.8422344658267, "params": {"max_depth": 24.123876106212162, "n_estimators": 124.93418137049358}, "datetime": {"datetime": "2021-09-27 17:27:21", "elapsed": 700.242758, "delta": 3.033624}}
{"target": -11.853049848557454, "params": {"max_depth": 19.26362896023078, "n_estimators": 135.67036615340757}, "datetime": {"datetime": "2021-09-27 17:27:24", "elapsed": 703.789135, "delta": 3.546377}}
{"target": -11.84803557491136, "params": {"max_depth": 29.829191370142425, "n_estimators": 140.95613751891887}, "datetime": {"datetime": "2021-09-27 17:27:27", "elapsed": 706.830609, "delta": 3.041474}}
{"target": -11.824242718789941, "params": {"max_depth": 23.108663557767507, "n_estimators": 151.29395722027897}, "datetime": {"datetime": "2021-09-27 17:27:30", "elapsed": 709.865984, "delta": 3.035375}}
{"target": -11.824040723228334, "params": {"max_depth": 18.727514999100066, "n_estimators": 100.00746690818143}, "datetime": {"datetime": "2021-09-27 17:27:33", "elapsed": 712.541512, "delta": 2.675528}}
{"target": -12.285882232609662, "params": {"max_depth": 8.0, "n_estimators": 177.69346200657455}, "datetime": {"datetime": "2021-09-27 17:27:36", "elapsed": 715.550998, "delta": 3.009486}}
{"target": -11.953886447680613, "params": {"max_depth": 16.508638745057176, "n_estimators": 180.3579812479486}, "datetime": {"datetime": "2021-09-27 17:27:39", "elapsed": 718.620149, "delta": 3.069151}}
{"target": -11.797897844127315, "params": {"max_depth": 15.97366028174092, "n_estimators": 188.87486147886918}, "datetime": {"datetime": "2021-09-27 17:27:42", "elapsed": 721.83854, "delta": 3.218391}}
{"target": -11.853649600309257, "params": {"max_depth": 18.543126628477417, "n_estimators": 183.00282726677372}, "datetime": {"datetime": "2021-09-27 17:27:46", "elapsed": 725.776989, "delta": 3.938449}}
{"target": -11.844655300172969, "params": {"max_depth": 23.451772299347795, "n_estimators": 155.9798138179923}, "datetime": {"datetime": "2021-09-27 17:27:50", "elapsed": 729.922348, "delta": 4.145359}}
{"target": -11.850985214071953, "params": {"max_depth": 23.18333846300061, "n_estimators": 191.6953532215211}, "datetime": {"datetime": "2021-09-27 17:27:54", "elapsed": 733.926226, "delta": 4.003878}}
{"target": -11.832184844800361, "params": {"max_depth": 29.518815952574087, "n_estimators": 105.2867343293677}, "datetime": {"datetime": "2021-09-27 17:27:58", "elapsed": 737.196141, "delta": 3.269915}}
{"target": -11.867643760912971, "params": {"max_depth": 19.51078665406368, "n_estimators": 129.08393109142128}, "datetime": {"datetime": "2021-09-27 17:28:02", "elapsed": 741.056535, "delta": 3.860394}}
{"target": -11.82644321518704, "params": {"max_depth": 15.329279607233046, "n_estimators": 182.66851448233086}, "datetime": {"datetime": "2021-09-27 17:28:05", "elapsed": 744.420515, "delta": 3.36398}}
{"target": -11.849995752024011, "params": {"max_depth": 26.468832934037323, "n_estimators": 183.46871262665655}, "datetime": {"datetime": "2021-09-27 17:28:10", "elapsed": 749.411307, "delta": 4.990792}}
{"target": -11.843204115819042, "params": {"max_depth": 21.748409235091167, "n_estimators": 177.82091673099347}, "datetime": {"datetime": "2021-09-27 17:28:14", "elapsed": 753.862954, "delta": 4.451647}}
{"target": -11.810141003250008, "params": {"max_depth": 20.94740546590175, "n_estimators": 102.25431118474742}, "datetime": {"datetime": "2021-09-27 17:28:19", "elapsed": 758.113626, "delta": 4.250672}}
{"target": -11.853559513948134, "params": {"max_depth": 18.780610248138153, "n_estimators": 113.36952587799675}, "datetime": {"datetime": "2021-09-27 17:28:23", "elapsed": 762.172002, "delta": 4.058376}}
{"target": -11.832793133735594, "params": {"max_depth": 21.413646572389837, "n_estimators": 131.94936938552823}, "datetime": {"datetime": "2021-09-27 17:28:26", "elapsed": 765.261747, "delta": 3.089745}}
{"target": -11.84881937875217, "params": {"max_depth": 19.29728952378866, "n_estimators": 197.871790321437}, "datetime": {"datetime": "2021-09-27 17:28:30", "elapsed": 769.701567, "delta": 4.43982}}
{"target": -11.947876388647671, "params": {"max_depth": 16.490190244259182, "n_estimators": 195.0902414545585}, "datetime": {"datetime": "2021-09-27 17:28:34", "elapsed": 773.298314, "delta": 3.596747}}
{"target": -11.841468978042235, "params": {"max_depth": 30.0, "n_estimators": 122.5863023408766}, "datetime": {"datetime": "2021-09-27 17:28:37", "elapsed": 776.753054, "delta": 3.45474}}
{"target": -11.832184844800361, "params": {"max_depth": 25.98349115642162, "n_estimators": 105.07299588222031}, "datetime": {"datetime": "2021-09-27 17:28:41", "elapsed": 780.082893, "delta": 3.329839}}
{"target": -11.85491265172494, "params": {"max_depth": 30.0, "n_estimators": 145.0706139169908}, "datetime": {"datetime": "2021-09-27 17:28:44", "elapsed": 783.705189, "delta": 3.622296}}
{"target": -11.844134866543191, "params": {"max_depth": 17.255971127843956, "n_estimators": 199.90837907546492}, "datetime": {"datetime": "2021-09-27 17:28:48", "elapsed": 787.205972, "delta": 3.500783}}
{"target": -11.880585559444844, "params": {"max_depth": 16.276839616134755, "n_estimators": 101.96683299464534}, "datetime": {"datetime": "2021-09-27 17:28:51", "elapsed": 790.70109, "delta": 3.495118}}
