{"target": 0.8430376188391282, "params": {"max_depth": 26.129094326196196, "n_estimators": 107.32550393324306}, "datetime": {"datetime": "2021-09-21 16:10:00", "elapsed": 300.927902, "delta": 3.025496}}
{"target": 0.8410809076512524, "params": {"max_depth": 27.456541988359415, "n_estimators": 192.78335221234926}, "datetime": {"datetime": "2021-09-21 16:10:03", "elapsed": 304.358485, "delta": 3.430583}}
{"target": 0.8387474894341653, "params": {"max_depth": 19.33678673240695, "n_estimators": 172.42244703701311}, "datetime": {"datetime": "2021-09-21 16:10:06", "elapsed": 307.096332, "delta": 2.737847}}
{"target": 0.8403678980311435, "params": {"max_depth": 27.576042389412407, "n_estimators": 146.7751794334271}, "datetime": {"datetime": "2021-09-21 16:10:08", "elapsed": 308.66839, "delta": 1.572058}}
{"target": 0.8432379347503883, "params": {"max_depth": 20.60576700157984, "n_estimators": 111.9555712087353}, "datetime": {"datetime": "2021-09-21 16:10:09", "elapsed": 310.107462, "delta": 1.439072}}
{"target": 0.8415988700405249, "params": {"max_depth": 27.398182430476634, "n_estimators": 135.3727427491582}, "datetime": {"datetime": "2021-09-21 16:10:11", "elapsed": 312.019459, "delta": 1.911997}}
{"target": 0.8435350686517784, "params": {"max_depth": 27.78065801189459, "n_estimators": 113.18841294765775}, "datetime": {"datetime": "2021-09-21 16:10:13", "elapsed": 313.492457, "delta": 1.472998}}
{"target": 0.838922532347769, "params": {"max_depth": 26.92639219479824, "n_estimators": 167.4303660854351}, "datetime": {"datetime": "2021-09-21 16:10:15", "elapsed": 315.507454, "delta": 2.014997}}
{"target": 0.8396803405823543, "params": {"max_depth": 12.064003651680776, "n_estimators": 168.4422717923292}, "datetime": {"datetime": "2021-09-21 16:10:17", "elapsed": 317.630454, "delta": 2.123}}
{"target": 0.8421731279333312, "params": {"max_depth": 19.71932345195317, "n_estimators": 129.2399537301909}, "datetime": {"datetime": "2021-09-21 16:10:18", "elapsed": 319.304454, "delta": 1.674}}
{"target": 0.8437366094802312, "params": {"max_depth": 17.635858106652336, "n_estimators": 102.13930849858896}, "datetime": {"datetime": "2021-09-21 16:10:20", "elapsed": 320.916455, "delta": 1.612001}}
{"target": 0.8389727331077776, "params": {"max_depth": 22.43540690411232, "n_estimators": 179.89083888072696}, "datetime": {"datetime": "2021-09-21 16:10:22", "elapsed": 322.782016, "delta": 1.865561}}
{"target": 0.8411969786579422, "params": {"max_depth": 12.385996599382914, "n_estimators": 106.21503172600718}, "datetime": {"datetime": "2021-09-21 16:10:23", "elapsed": 324.155012, "delta": 1.372996}}
{"target": 0.8395918818615393, "params": {"max_depth": 12.032915989394072, "n_estimators": 163.09691646422397}, "datetime": {"datetime": "2021-09-21 16:10:25", "elapsed": 326.117041, "delta": 1.962029}}
{"target": 0.8410901313107635, "params": {"max_depth": 20.286493350789293, "n_estimators": 139.9336928698936}, "datetime": {"datetime": "2021-09-21 16:10:27", "elapsed": 327.770007, "delta": 1.652966}}
{"target": 0.8406034196070871, "params": {"max_depth": 16.33522371460771, "n_estimators": 146.59615849265037}, "datetime": {"datetime": "2021-09-21 16:10:29", "elapsed": 330.381069, "delta": 2.611062}}
{"target": 0.8429608037494676, "params": {"max_depth": 20.305396819356066, "n_estimators": 126.29500885932056}, "datetime": {"datetime": "2021-09-21 16:10:32", "elapsed": 333.183281, "delta": 2.802212}}
{"target": 0.8435865473933192, "params": {"max_depth": 29.9892764988623, "n_estimators": 102.90176585227371}, "datetime": {"datetime": "2021-09-21 16:10:34", "elapsed": 334.517323, "delta": 1.334042}}
{"target": 0.8392587435634679, "params": {"max_depth": 20.47452427513029, "n_estimators": 186.53832175248053}, "datetime": {"datetime": "2021-09-21 16:10:36", "elapsed": 336.685291, "delta": 2.167968}}
{"target": 0.8386159681508837, "params": {"max_depth": 23.39872179468184, "n_estimators": 172.48527401723103}, "datetime": {"datetime": "2021-09-21 16:10:38", "elapsed": 338.878829, "delta": 2.193538}}
{"target": 0.8414865789957042, "params": {"max_depth": 27.802946908878308, "n_estimators": 196.46841137702546}, "datetime": {"datetime": "2021-09-21 16:10:40", "elapsed": 341.126031, "delta": 2.247202}}
{"target": 0.8420912655295403, "params": {"max_depth": 22.373898549946137, "n_estimators": 131.691102101802}, "datetime": {"datetime": "2021-09-21 16:10:42", "elapsed": 342.919069, "delta": 1.793038}}
{"target": 0.8409742065191381, "params": {"max_depth": 13.769150347810237, "n_estimators": 111.6886228076182}, "datetime": {"datetime": "2021-09-21 16:10:44", "elapsed": 344.822893, "delta": 1.903824}}
{"target": 0.8413024328008468, "params": {"max_depth": 18.23197391503773, "n_estimators": 136.6199074958889}, "datetime": {"datetime": "2021-09-21 16:10:46", "elapsed": 346.827357, "delta": 2.004464}}
{"target": 0.8401019165668039, "params": {"max_depth": 24.288971314595642, "n_estimators": 150.13276095527797}, "datetime": {"datetime": "2021-09-21 16:10:48", "elapsed": 348.890321, "delta": 2.062964}}
{"target": 0.8391765596932781, "params": {"max_depth": 13.678419994862004, "n_estimators": 182.28794096727668}, "datetime": {"datetime": "2021-09-21 16:10:50", "elapsed": 351.412315, "delta": 2.521994}}
{"target": 0.8432893426540691, "params": {"max_depth": 25.082643063486927, "n_estimators": 111.52510647964704}, "datetime": {"datetime": "2021-09-21 16:10:52", "elapsed": 353.270321, "delta": 1.858006}}
{"target": 0.8407970552965264, "params": {"max_depth": 27.37796039588088, "n_estimators": 200.0}, "datetime": {"datetime": "2021-09-21 16:10:55", "elapsed": 355.502314, "delta": 2.231993}}
{"target": 0.8421896175578938, "params": {"max_depth": 15.593718995290674, "n_estimators": 117.26577521841858}, "datetime": {"datetime": "2021-09-21 16:10:56", "elapsed": 357.301317, "delta": 1.799003}}
{"target": 0.8395115556278306, "params": {"max_depth": 14.835415513903456, "n_estimators": 157.44402819992894}, "datetime": {"datetime": "2021-09-21 16:10:59", "elapsed": 359.656316, "delta": 2.354999}}
{"target": 0.8435827595257551, "params": {"max_depth": 22.180748157910667, "n_estimators": 116.0493700515919}, "datetime": {"datetime": "2021-09-21 16:11:00", "elapsed": 361.340314, "delta": 1.683998}}
{"target": 0.8429255218830295, "params": {"max_depth": 16.704303433327006, "n_estimators": 130.83261243186655}, "datetime": {"datetime": "2021-09-21 16:11:02", "elapsed": 363.096524, "delta": 1.75621}}
{"target": 0.8409382858464193, "params": {"max_depth": 30.0, "n_estimators": 141.57650859292067}, "datetime": {"datetime": "2021-09-21 16:11:04", "elapsed": 365.050074, "delta": 1.95355}}
{"target": 0.8433160062010642, "params": {"max_depth": 27.933591040044522, "n_estimators": 125.1614879963328}, "datetime": {"datetime": "2021-09-21 16:11:07", "elapsed": 367.539215, "delta": 2.489141}}
{"target": 0.8389261242725952, "params": {"max_depth": 21.253246548996376, "n_estimators": 166.77254112175814}, "datetime": {"datetime": "2021-09-21 16:11:09", "elapsed": 369.624245, "delta": 2.08503}}
{"target": 0.8406609100467279, "params": {"max_depth": 16.96826419889382, "n_estimators": 191.41757255778057}, "datetime": {"datetime": "2021-09-21 16:11:11", "elapsed": 371.757251, "delta": 2.133006}}
{"target": 0.8405524283375733, "params": {"max_depth": 23.01043527984582, "n_estimators": 191.27038341683456}, "datetime": {"datetime": "2021-09-21 16:11:13", "elapsed": 374.225245, "delta": 2.467994}}
{"target": 0.8436243018121192, "params": {"max_depth": 17.712378756259994, "n_estimators": 107.14223830120773}, "datetime": {"datetime": "2021-09-21 16:11:15", "elapsed": 376.066246, "delta": 1.841001}}
{"target": 0.8424358373996041, "params": {"max_depth": 18.47614007268711, "n_estimators": 121.5550618481053}, "datetime": {"datetime": "2021-09-21 16:11:17", "elapsed": 378.277244, "delta": 2.210998}}
{"target": 0.8409661647579146, "params": {"max_depth": 12.426493509807388, "n_estimators": 134.96107411731384}, "datetime": {"datetime": "2021-09-21 16:11:19", "elapsed": 380.328955, "delta": 2.051711}}
{"target": 0.8392704097011592, "params": {"max_depth": 15.59263039026278, "n_estimators": 153.19295107090068}, "datetime": {"datetime": "2021-09-21 16:11:22", "elapsed": 382.581687, "delta": 2.252732}}
{"target": 0.84228460025701, "params": {"max_depth": 15.161470195524974, "n_estimators": 120.25058291974521}, "datetime": {"datetime": "2021-09-21 16:11:23", "elapsed": 384.338865, "delta": 1.757178}}
{"target": 0.8435827595257551, "params": {"max_depth": 28.150991794864797, "n_estimators": 116.14203811606386}, "datetime": {"datetime": "2021-09-21 16:11:26", "elapsed": 386.572618, "delta": 2.233753}}
{"target": 0.8394006273824648, "params": {"max_depth": 27.8486619348459, "n_estimators": 181.9403840671994}, "datetime": {"datetime": "2021-09-21 16:11:28", "elapsed": 389.065839, "delta": 2.493221}}
{"target": 0.8395342490167124, "params": {"max_depth": 24.68352781374812, "n_estimators": 161.15508916802625}, "datetime": {"datetime": "2021-09-21 16:11:30", "elapsed": 391.316359, "delta": 2.25052}}
{"target": 0.8413238601647075, "params": {"max_depth": 10.626472887398567, "n_estimators": 101.72509157793368}, "datetime": {"datetime": "2021-09-21 16:11:32", "elapsed": 392.717087, "delta": 1.400728}}
{"target": 0.8433843340710347, "params": {"max_depth": 22.470718766029453, "n_estimators": 103.18461662947286}, "datetime": {"datetime": "2021-09-21 16:11:33", "elapsed": 394.269756, "delta": 1.552669}}
{"target": 0.8389316364744048, "params": {"max_depth": 28.290007387735074, "n_estimators": 177.56690937946792}, "datetime": {"datetime": "2021-09-21 16:11:36", "elapsed": 396.593699, "delta": 2.323943}}
{"target": 0.8433160062010642, "params": {"max_depth": 23.501425319970426, "n_estimators": 125.63278209186149}, "datetime": {"datetime": "2021-09-21 16:11:38", "elapsed": 398.739257, "delta": 2.145558}}
{"target": 0.8413495980661511, "params": {"max_depth": 16.339416915620923, "n_estimators": 197.4578575081404}, "datetime": {"datetime": "2021-09-21 16:11:41", "elapsed": 402.157453, "delta": 3.418196}}
{"target": 0.8437175108409622, "params": {"max_depth": 17.486596168018924, "n_estimators": 112.55251736899272}, "datetime": {"datetime": "2021-09-21 16:11:43", "elapsed": 404.157464, "delta": 2.000011}}
{"target": 0.8401759788004698, "params": {"max_depth": 18.72525968902837, "n_estimators": 149.40204278937895}, "datetime": {"datetime": "2021-09-21 16:11:46", "elapsed": 406.492933, "delta": 2.335469}}
{"target": 0.8417144011703058, "params": {"max_depth": 14.234227636753642, "n_estimators": 138.19938864985582}, "datetime": {"datetime": "2021-09-21 16:11:47", "elapsed": 408.489445, "delta": 1.996512}}
{"target": 0.8438624763164552, "params": {"max_depth": 17.72643387294911, "n_estimators": 124.876951523244}, "datetime": {"datetime": "2021-09-21 16:11:50", "elapsed": 410.90282, "delta": 2.413375}}
{"target": 0.8375866146263946, "params": {"max_depth": 9.78582587095612, "n_estimators": 179.73902087604472}, "datetime": {"datetime": "2021-09-21 16:11:52", "elapsed": 413.292426, "delta": 2.389606}}
{"target": 0.8392446305385497, "params": {"max_depth": 15.481352886756815, "n_estimators": 177.47026303840062}, "datetime": {"datetime": "2021-09-21 16:11:56", "elapsed": 416.496036, "delta": 3.20361}}
{"target": 0.8403599101155987, "params": {"max_depth": 22.544321181211746, "n_estimators": 144.55292031669154}, "datetime": {"datetime": "2021-09-21 16:11:59", "elapsed": 419.984066, "delta": 3.48803}}
{"target": 0.8424932780631837, "params": {"max_depth": 23.46345992323221, "n_estimators": 106.80701027854344}, "datetime": {"datetime": "2021-09-21 16:12:03", "elapsed": 423.82499, "delta": 3.840924}}
{"target": 0.8420912655295403, "params": {"max_depth": 29.974622515349854, "n_estimators": 131.02009185239382}, "datetime": {"datetime": "2021-09-21 16:12:05", "elapsed": 426.174748, "delta": 2.349758}}
{"target": 0.834346468246377, "params": {"max_depth": 7.824306863789388, "n_estimators": 142.05339933998658}, "datetime": {"datetime": "2021-09-21 16:12:07", "elapsed": 428.143749, "delta": 1.969001}}
{"target": 0.8411102232979171, "params": {"max_depth": 19.515283200047097, "n_estimators": 199.18770469534365}, "datetime": {"datetime": "2021-09-21 16:12:10", "elapsed": 430.701447, "delta": 2.557698}}
{"target": 0.8437442711373366, "params": {"max_depth": 25.15362747831108, "n_estimators": 101.95432338497477}, "datetime": {"datetime": "2021-09-21 16:12:11", "elapsed": 432.274225, "delta": 1.572778}}
{"target": 0.8414138472029508, "params": {"max_depth": 29.98737013552294, "n_estimators": 197.28954548713975}, "datetime": {"datetime": "2021-09-21 16:12:14", "elapsed": 434.937171, "delta": 2.662946}}
{"target": 0.8395459261417308, "params": {"max_depth": 24.194916735733987, "n_estimators": 168.67473873393996}, "datetime": {"datetime": "2021-09-21 16:12:16", "elapsed": 437.155032, "delta": 2.217861}}
{"target": 0.8413532120095794, "params": {"max_depth": 23.913749008749498, "n_estimators": 136.38513789376714}, "datetime": {"datetime": "2021-09-21 16:12:18", "elapsed": 439.231504, "delta": 2.076472}}
{"target": 0.842833760085447, "params": {"max_depth": 22.99483069117683, "n_estimators": 121.87122094111768}, "datetime": {"datetime": "2021-09-21 16:12:20", "elapsed": 441.338039, "delta": 2.106535}}
{"target": 0.8419988125279143, "params": {"max_depth": 12.776550995440893, "n_estimators": 195.72733582790949}, "datetime": {"datetime": "2021-09-21 16:12:23", "elapsed": 444.479611, "delta": 3.141572}}
{"target": 0.8428306957256646, "params": {"max_depth": 29.975568195970055, "n_estimators": 126.51409565298836}, "datetime": {"datetime": "2021-09-21 16:12:26", "elapsed": 447.235499, "delta": 2.755888}}
{"target": 0.842812473827134, "params": {"max_depth": 19.967748262354988, "n_estimators": 117.6307515738586}, "datetime": {"datetime": "2021-09-21 16:12:28", "elapsed": 449.268749, "delta": 2.03325}}
{"target": 0.8403110158403857, "params": {"max_depth": 27.383181876222444, "n_estimators": 149.82011640494056}, "datetime": {"datetime": "2021-09-21 16:12:31", "elapsed": 451.666205, "delta": 2.397456}}
{"target": 0.837190141479656, "params": {"max_depth": 9.120421686601457, "n_estimators": 158.69743640092727}, "datetime": {"datetime": "2021-09-21 16:12:33", "elapsed": 453.804098, "delta": 2.137893}}
{"target": 0.8409382858464193, "params": {"max_depth": 26.03852914436071, "n_estimators": 141.23740757768627}, "datetime": {"datetime": "2021-09-21 16:12:35", "elapsed": 456.158045, "delta": 2.353947}}
{"target": 0.8392313676859726, "params": {"max_depth": 10.29029742537522, "n_estimators": 146.70982400190275}, "datetime": {"datetime": "2021-09-21 16:12:38", "elapsed": 458.510611, "delta": 2.352566}}
{"target": 0.8386140312671809, "params": {"max_depth": 10.102341654972173, "n_estimators": 185.2878690220459}, "datetime": {"datetime": "2021-09-21 16:12:40", "elapsed": 461.015737, "delta": 2.505126}}
{"target": 0.8417084356591567, "params": {"max_depth": 21.479183932958627, "n_estimators": 194.26975255447184}, "datetime": {"datetime": "2021-09-21 16:12:42", "elapsed": 463.34695, "delta": 2.331213}}
{"target": 0.8398715708833142, "params": {"max_depth": 29.990927273953154, "n_estimators": 188.12871245263742}, "datetime": {"datetime": "2021-09-21 16:12:45", "elapsed": 466.282772, "delta": 2.935822}}
{"target": 0.8420901539688161, "params": {"max_depth": 24.774777767149132, "n_estimators": 130.203676866693}, "datetime": {"datetime": "2021-09-21 16:12:49", "elapsed": 470.204582, "delta": 3.92181}}
{"target": 0.8427648249568076, "params": {"max_depth": 29.95295047985748, "n_estimators": 108.37413457368741}, "datetime": {"datetime": "2021-09-21 16:12:51", "elapsed": 472.41354, "delta": 2.208958}}
{"target": 0.8392030486025294, "params": {"max_depth": 18.395389288710547, "n_estimators": 152.52395749183253}, "datetime": {"datetime": "2021-09-21 16:12:54", "elapsed": 474.552831, "delta": 2.139291}}
{"target": 0.8393644099682487, "params": {"max_depth": 26.525798086177524, "n_estimators": 186.9761665815676}, "datetime": {"datetime": "2021-09-21 16:12:56", "elapsed": 477.229553, "delta": 2.676722}}
{"target": 0.8435350686517784, "params": {"max_depth": 22.672904965915386, "n_estimators": 113.0760321388465}, "datetime": {"datetime": "2021-09-21 16:12:58", "elapsed": 479.203111, "delta": 1.973558}}
{"target": 0.8427968596791673, "params": {"max_depth": 16.650326103425936, "n_estimators": 133.302159051797}, "datetime": {"datetime": "2021-09-21 16:13:00", "elapsed": 481.108768, "delta": 1.905657}}
{"target": 0.8408690916940915, "params": {"max_depth": 10.533399144806836, "n_estimators": 198.612372332711}, "datetime": {"datetime": "2021-09-21 16:13:03", "elapsed": 483.572953, "delta": 2.464185}}
{"target": 0.840817736511233, "params": {"max_depth": 14.699605935873079, "n_estimators": 188.2120601270496}, "datetime": {"datetime": "2021-09-21 16:13:06", "elapsed": 486.719211, "delta": 3.146258}}
{"target": 0.8405380285001347, "params": {"max_depth": 25.43666449626494, "n_estimators": 143.9177624715152}, "datetime": {"datetime": "2021-09-21 16:13:08", "elapsed": 489.206664, "delta": 2.487453}}
{"target": 0.8441789107823524, "params": {"max_depth": 17.44139298154895, "n_estimators": 115.83446884123364}, "datetime": {"datetime": "2021-09-21 16:13:10", "elapsed": 491.325271, "delta": 2.118607}}
{"target": 0.8413532120095794, "params": {"max_depth": 29.99934720839651, "n_estimators": 136.32921322659584}, "datetime": {"datetime": "2021-09-21 16:13:13", "elapsed": 493.58847, "delta": 2.263199}}
{"target": 0.8411574138326363, "params": {"max_depth": 23.322984565869717, "n_estimators": 138.81420478270795}, "datetime": {"datetime": "2021-09-21 16:13:16", "elapsed": 496.641705, "delta": 3.053235}}
{"target": 0.839030477499566, "params": {"max_depth": 16.369971041230272, "n_estimators": 166.61358242979387}, "datetime": {"datetime": "2021-09-21 16:13:18", "elapsed": 499.035291, "delta": 2.393586}}
{"target": 0.8431698681708615, "params": {"max_depth": 25.344099528049735, "n_estimators": 120.80575580441496}, "datetime": {"datetime": "2021-09-21 16:13:20", "elapsed": 501.122928, "delta": 2.087637}}
{"target": 0.8436932004997905, "params": {"max_depth": 20.195326130044815, "n_estimators": 101.752396770263}, "datetime": {"datetime": "2021-09-21 16:13:22", "elapsed": 503.347414, "delta": 2.224486}}
{"target": 0.8431288237363781, "params": {"max_depth": 27.585007211005745, "n_estimators": 105.28450019056665}, "datetime": {"datetime": "2021-09-21 16:13:24", "elapsed": 505.281243, "delta": 1.933829}}
{"target": 0.8397278993620861, "params": {"max_depth": 20.595715769352967, "n_estimators": 189.44935341712235}, "datetime": {"datetime": "2021-09-21 16:13:27", "elapsed": 507.755097, "delta": 2.473854}}
{"target": 0.8400450786592639, "params": {"max_depth": 21.594272356946608, "n_estimators": 148.18530653086492}, "datetime": {"datetime": "2021-09-21 16:13:29", "elapsed": 510.469317, "delta": 2.71422}}
{"target": 0.8381789287975865, "params": {"max_depth": 10.565937573329235, "n_estimators": 172.1261588798043}, "datetime": {"datetime": "2021-09-21 16:13:33", "elapsed": 513.976743, "delta": 3.507426}}
{"target": 0.8388374065127516, "params": {"max_depth": 27.838386702284865, "n_estimators": 158.34862867997586}, "datetime": {"datetime": "2021-09-21 16:13:37", "elapsed": 517.726615, "delta": 3.749872}}
{"target": 0.8411835515049698, "params": {"max_depth": 24.497438708382138, "n_estimators": 199.98549714816448}, "datetime": {"datetime": "2021-09-21 16:13:41", "elapsed": 521.492367, "delta": 3.765752}}
{"target": 0.8415408995893429, "params": {"max_depth": 21.78772550679449, "n_estimators": 134.21705762177083}, "datetime": {"datetime": "2021-09-21 16:13:44", "elapsed": 524.527619, "delta": 3.035252}}
{"target": 0.840801331286627, "params": {"max_depth": 15.94653867278955, "n_estimators": 143.09996282592252}, "datetime": {"datetime": "2021-09-21 16:13:47", "elapsed": 527.713815, "delta": 3.186196}}
{"target": 0.8385930771891386, "params": {"max_depth": 10.562264725363532, "n_estimators": 165.34765245322222}, "datetime": {"datetime": "2021-09-21 16:13:50", "elapsed": 530.768265, "delta": 3.05445}}
{"target": 0.8395637620157906, "params": {"max_depth": 15.849082039682678, "n_estimators": 180.40521339397154}, "datetime": {"datetime": "2021-09-21 16:13:53", "elapsed": 533.996665, "delta": 3.2284}}
{"target": 0.8435827595257551, "params": {"max_depth": 24.526067462959386, "n_estimators": 116.9657484430118}, "datetime": {"datetime": "2021-09-21 16:13:57", "elapsed": 537.72561, "delta": 3.728945}}
{"target": 0.8392955110977364, "params": {"max_depth": 27.06725373626375, "n_estimators": 164.37423078842176}, "datetime": {"datetime": "2021-09-21 16:14:00", "elapsed": 541.458189, "delta": 3.732579}}
{"target": 0.842833760085447, "params": {"max_depth": 30.0, "n_estimators": 121.46290255090462}, "datetime": {"datetime": "2021-09-21 16:14:04", "elapsed": 544.614642, "delta": 3.156453}}
{"target": 0.8440960650996931, "params": {"max_depth": 27.790067399308143, "n_estimators": 100.05642134669583}, "datetime": {"datetime": "2021-09-21 16:14:07", "elapsed": 547.693863, "delta": 3.079221}}
{"target": 0.8398400132838532, "params": {"max_depth": 25.715773413828682, "n_estimators": 190.48464882017896}, "datetime": {"datetime": "2021-09-21 16:14:11", "elapsed": 552.052247, "delta": 4.358384}}
{"target": 0.8404700427068215, "params": {"max_depth": 11.391280895063469, "n_estimators": 120.68255405289419}, "datetime": {"datetime": "2021-09-21 16:14:15", "elapsed": 555.75339, "delta": 3.701143}}
{"target": 0.8430590327771699, "params": {"max_depth": 14.571976258211217, "n_estimators": 125.11296101815289}, "datetime": {"datetime": "2021-09-21 16:14:19", "elapsed": 559.716895, "delta": 3.963505}}
{"target": 0.8403685919442001, "params": {"max_depth": 17.301513501497617, "n_estimators": 162.55315920932998}, "datetime": {"datetime": "2021-09-21 16:14:23", "elapsed": 563.688703, "delta": 3.971808}}
