{"target": -11.165915188155946, "params": {"max_depth": 19.400203195025185, "n_estimators": 63.89157988295146}, "datetime": {"datetime": "2021-09-27 17:21:23", "elapsed": 160.766271, "delta": 1.600997}}
{"target": -11.304534088559482, "params": {"max_depth": 27.085489729804507, "n_estimators": 51.37282029979437}, "datetime": {"datetime": "2021-09-27 17:21:24", "elapsed": 162.082504, "delta": 1.316233}}
{"target": -11.074160241614324, "params": {"max_depth": 15.891708433092813, "n_estimators": 89.37164665531947}, "datetime": {"datetime": "2021-09-27 17:21:26", "elapsed": 163.677508, "delta": 1.595004}}
{"target": -11.061080672576121, "params": {"max_depth": 15.227695809343754, "n_estimators": 70.85276481119429}, "datetime": {"datetime": "2021-09-27 17:21:27", "elapsed": 164.974507, "delta": 1.296999}}
{"target": -11.199444035598557, "params": {"max_depth": 12.812144236194214, "n_estimators": 92.09020368026795}, "datetime": {"datetime": "2021-09-27 17:21:29", "elapsed": 166.542557, "delta": 1.56805}}
{"target": -11.059630990383258, "params": {"max_depth": 17.757082343123486, "n_estimators": 68.77042341086451}, "datetime": {"datetime": "2021-09-27 17:21:30", "elapsed": 167.982732, "delta": 1.440175}}
{"target": -11.19653666672357, "params": {"max_depth": 27.397400502240547, "n_estimators": 56.999680211823495}, "datetime": {"datetime": "2021-09-27 17:21:31", "elapsed": 169.25011, "delta": 1.267378}}
{"target": -11.27477337560531, "params": {"max_depth": 9.260044696034605, "n_estimators": 100.0}, "datetime": {"datetime": "2021-09-27 17:21:33", "elapsed": 171.037108, "delta": 1.786998}}
{"target": -11.122496955338994, "params": {"max_depth": 13.182385573216875, "n_estimators": 98.15141730549765}, "datetime": {"datetime": "2021-09-27 17:21:35", "elapsed": 172.828987, "delta": 1.791879}}
{"target": -11.498620098140256, "params": {"max_depth": 30.0, "n_estimators": 21.713489379636965}, "datetime": {"datetime": "2021-09-27 17:21:36", "elapsed": 173.852333, "delta": 1.023346}}
{"target": -11.227045724762066, "params": {"max_depth": 12.085342095791948, "n_estimators": 85.15727144382076}, "datetime": {"datetime": "2021-09-27 17:21:38", "elapsed": 175.371495, "delta": 1.519162}}
{"target": -11.29872706910872, "params": {"max_depth": 16.948783887135342, "n_estimators": 47.12227661995926}, "datetime": {"datetime": "2021-09-27 17:21:39", "elapsed": 176.599631, "delta": 1.228136}}
{"target": -11.461605407311811, "params": {"max_depth": 23.232056574123476, "n_estimators": 26.644566224008766}, "datetime": {"datetime": "2021-09-27 17:21:40", "elapsed": 177.47655, "delta": 0.876919}}
{"target": -11.618801146560232, "params": {"max_depth": 13.180918935816246, "n_estimators": 31.199405523127023}, "datetime": {"datetime": "2021-09-27 17:21:41", "elapsed": 178.807553, "delta": 1.331003}}
{"target": -11.090542067740254, "params": {"max_depth": 21.77589368372023, "n_estimators": 94.07429585358203}, "datetime": {"datetime": "2021-09-27 17:21:43", "elapsed": 180.336861, "delta": 1.529308}}
{"target": -11.109279404547733, "params": {"max_depth": 24.515798629130423, "n_estimators": 88.30265499572413}, "datetime": {"datetime": "2021-09-27 17:21:44", "elapsed": 182.070048, "delta": 1.733187}}
{"target": -11.250188411658879, "params": {"max_depth": 12.98813900350748, "n_estimators": 69.63357864972504}, "datetime": {"datetime": "2021-09-27 17:21:46", "elapsed": 183.605908, "delta": 1.53586}}
{"target": -11.353036695485203, "params": {"max_depth": 9.731348986214343, "n_estimators": 65.61732591876383}, "datetime": {"datetime": "2021-09-27 17:21:47", "elapsed": 184.770912, "delta": 1.165004}}
{"target": -11.104451286110764, "params": {"max_depth": 30.0, "n_estimators": 70.41688795664237}, "datetime": {"datetime": "2021-09-27 17:21:49", "elapsed": 186.50609, "delta": 1.735178}}
{"target": -11.146859319716093, "params": {"max_depth": 17.02087162249575, "n_estimators": 82.6163953679974}, "datetime": {"datetime": "2021-09-27 17:21:51", "elapsed": 188.336283, "delta": 1.830193}}
{"target": -11.515389395768153, "params": {"max_depth": 27.78041690683178, "n_estimators": 37.57204769539017}, "datetime": {"datetime": "2021-09-27 17:21:52", "elapsed": 189.57628, "delta": 1.239997}}
{"target": -11.058129747425106, "params": {"max_depth": 30.0, "n_estimators": 97.82416057061803}, "datetime": {"datetime": "2021-09-27 17:21:54", "elapsed": 191.422883, "delta": 1.846603}}
{"target": -11.105129191804775, "params": {"max_depth": 16.490996010086064, "n_estimators": 73.64858004307581}, "datetime": {"datetime": "2021-09-27 17:21:55", "elapsed": 192.940888, "delta": 1.518005}}
{"target": -12.08535044421358, "params": {"max_depth": 7.891071421901854, "n_estimators": 10.53888436642285}, "datetime": {"datetime": "2021-09-27 17:21:56", "elapsed": 193.641865, "delta": 0.700977}}
{"target": -11.925392708114114, "params": {"max_depth": 7.2990458137838345, "n_estimators": 19.620601344340145}, "datetime": {"datetime": "2021-09-27 17:21:57", "elapsed": 195.034868, "delta": 1.393003}}
{"target": -11.433273713085983, "params": {"max_depth": 20.92898609747356, "n_estimators": 37.577624680327425}, "datetime": {"datetime": "2021-09-27 17:21:58", "elapsed": 196.139261, "delta": 1.104393}}
{"target": -11.10056145776162, "params": {"max_depth": 17.04654786515429, "n_estimators": 94.55884777939686}, "datetime": {"datetime": "2021-09-27 17:22:00", "elapsed": 197.917574, "delta": 1.778313}}
{"target": -11.600416803200968, "params": {"max_depth": 27.11238278239566, "n_estimators": 10.28572806306488}, "datetime": {"datetime": "2021-09-27 17:22:01", "elapsed": 199.17457, "delta": 1.256996}}
{"target": -11.010547558057073, "params": {"max_depth": 17.243815229595175, "n_estimators": 66.2359237124752}, "datetime": {"datetime": "2021-09-27 17:22:03", "elapsed": 200.745743, "delta": 1.571173}}
{"target": -11.124880371421867, "params": {"max_depth": 22.518994704429534, "n_estimators": 64.50909570850041}, "datetime": {"datetime": "2021-09-27 17:22:04", "elapsed": 202.22752, "delta": 1.481777}}
{"target": -11.04922103917172, "params": {"max_depth": 24.69987636076404, "n_estimators": 98.16547698551308}, "datetime": {"datetime": "2021-09-27 17:22:06", "elapsed": 204.20825, "delta": 1.98073}}
{"target": -11.678258231490409, "params": {"max_depth": 13.352500322702056, "n_estimators": 20.122806028406586}, "datetime": {"datetime": "2021-09-27 17:22:07", "elapsed": 205.257248, "delta": 1.048998}}
{"target": -11.17776519027008, "params": {"max_depth": 27.299183039239562, "n_estimators": 78.47553315472956}, "datetime": {"datetime": "2021-09-27 17:22:09", "elapsed": 206.959331, "delta": 1.702083}}
{"target": -11.090763207241528, "params": {"max_depth": 24.725871823776266, "n_estimators": 92.48259548137825}, "datetime": {"datetime": "2021-09-27 17:22:11", "elapsed": 208.839469, "delta": 1.880138}}
{"target": -11.142669818318089, "params": {"max_depth": 30.0, "n_estimators": 86.16033847136856}, "datetime": {"datetime": "2021-09-27 17:22:13", "elapsed": 210.749058, "delta": 1.909589}}
{"target": -11.100144604498704, "params": {"max_depth": 20.955520413814764, "n_estimators": 72.40425608616287}, "datetime": {"datetime": "2021-09-27 17:22:15", "elapsed": 212.432768, "delta": 1.68371}}
{"target": -11.419553838032208, "params": {"max_depth": 12.63512320131429, "n_estimators": 51.29714636012627}, "datetime": {"datetime": "2021-09-27 17:22:16", "elapsed": 213.901935, "delta": 1.469167}}
{"target": -11.440146138723959, "params": {"max_depth": 18.792826277458605, "n_estimators": 35.04342267920675}, "datetime": {"datetime": "2021-09-27 17:22:17", "elapsed": 215.125934, "delta": 1.223999}}
{"target": -11.602758827304543, "params": {"max_depth": 22.17724429107063, "n_estimators": 17.395349574355542}, "datetime": {"datetime": "2021-09-27 17:22:18", "elapsed": 216.188152, "delta": 1.062218}}
{"target": -11.173237033124513, "params": {"max_depth": 19.89027942413999, "n_estimators": 58.271296923323376}, "datetime": {"datetime": "2021-09-27 17:22:20", "elapsed": 217.87375, "delta": 1.685598}}
{"target": -11.368433675714396, "params": {"max_depth": 10.265507489246882, "n_estimators": 61.42668605688264}, "datetime": {"datetime": "2021-09-27 17:22:22", "elapsed": 219.365749, "delta": 1.491999}}
{"target": -11.031907831663908, "params": {"max_depth": 29.85762823516491, "n_estimators": 67.55199116250019}, "datetime": {"datetime": "2021-09-27 17:22:23", "elapsed": 221.008011, "delta": 1.642262}}
{"target": -11.193043718922187, "params": {"max_depth": 29.935998039655406, "n_estimators": 80.84632426535966}, "datetime": {"datetime": "2021-09-27 17:22:25", "elapsed": 222.787204, "delta": 1.779193}}
{"target": -11.716798465567733, "params": {"max_depth": 10.709608334562569, "n_estimators": 25.556321756038706}, "datetime": {"datetime": "2021-09-27 17:22:26", "elapsed": 223.997856, "delta": 1.210652}}
{"target": -11.107641384722948, "params": {"max_depth": 13.711488940416688, "n_estimators": 99.9954305762886}, "datetime": {"datetime": "2021-09-27 17:22:28", "elapsed": 226.100854, "delta": 2.102998}}
{"target": -11.178421329015775, "params": {"max_depth": 24.15649564656446, "n_estimators": 73.172070479892}, "datetime": {"datetime": "2021-09-27 17:22:30", "elapsed": 227.709974, "delta": 1.60912}}
{"target": -11.173443113727114, "params": {"max_depth": 24.529076407598183, "n_estimators": 62.67457075879168}, "datetime": {"datetime": "2021-09-27 17:22:31", "elapsed": 229.063974, "delta": 1.354}}
{"target": -11.304534088559482, "params": {"max_depth": 21.286969786392405, "n_estimators": 51.50055699188557}, "datetime": {"datetime": "2021-09-27 17:22:33", "elapsed": 230.847765, "delta": 1.783791}}
{"target": -11.148996875523412, "params": {"max_depth": 11.922643046721639, "n_estimators": 95.50516142565407}, "datetime": {"datetime": "2021-09-27 17:22:35", "elapsed": 232.710653, "delta": 1.862888}}
{"target": -11.105033662509605, "params": {"max_depth": 16.97194455581353, "n_estimators": 78.91748566217355}, "datetime": {"datetime": "2021-09-27 17:22:37", "elapsed": 234.94168, "delta": 2.231027}}
{"target": -11.167782409883527, "params": {"max_depth": 25.480162950809316, "n_estimators": 83.69654154484437}, "datetime": {"datetime": "2021-09-27 17:22:39", "elapsed": 236.742005, "delta": 1.800325}}
{"target": -11.026648056847742, "params": {"max_depth": 27.99755414218999, "n_estimators": 66.25137247140854}, "datetime": {"datetime": "2021-09-27 17:22:41", "elapsed": 238.444363, "delta": 1.702358}}
{"target": -11.088635021577147, "params": {"max_depth": 18.747258210333573, "n_estimators": 89.3695041533022}, "datetime": {"datetime": "2021-09-27 17:22:42", "elapsed": 240.105595, "delta": 1.661232}}
{"target": -11.05125464295652, "params": {"max_depth": 19.92869486232993, "n_estimators": 98.25980844995433}, "datetime": {"datetime": "2021-09-27 17:22:44", "elapsed": 242.190092, "delta": 2.084497}}
{"target": -11.137949626631476, "params": {"max_depth": 15.366465094542706, "n_estimators": 57.38998334025624}, "datetime": {"datetime": "2021-09-27 17:22:46", "elapsed": 243.593092, "delta": 1.403}}
{"target": -11.297469527842411, "params": {"max_depth": 12.294478004020759, "n_estimators": 57.62961299564838}, "datetime": {"datetime": "2021-09-27 17:22:48", "elapsed": 245.433866, "delta": 1.840774}}
{"target": -11.41239739350282, "params": {"max_depth": 18.10950777315003, "n_estimators": 30.663068439074348}, "datetime": {"datetime": "2021-09-27 17:22:49", "elapsed": 246.762068, "delta": 1.328202}}
{"target": -11.031160964068672, "params": {"max_depth": 28.255005752197974, "n_estimators": 99.77812919512053}, "datetime": {"datetime": "2021-09-27 17:22:51", "elapsed": 249.008963, "delta": 2.246895}}
{"target": -11.217988990524578, "params": {"max_depth": 28.594294654220512, "n_estimators": 59.487156867465494}, "datetime": {"datetime": "2021-09-27 17:22:53", "elapsed": 250.704782, "delta": 1.695819}}
{"target": -11.168170465530451, "params": {"max_depth": 24.73893326693893, "n_estimators": 77.36606307726441}, "datetime": {"datetime": "2021-09-27 17:22:55", "elapsed": 252.429818, "delta": 1.725036}}
{"target": -11.109279404547733, "params": {"max_depth": 27.961719512522038, "n_estimators": 88.26218016439738}, "datetime": {"datetime": "2021-09-27 17:22:57", "elapsed": 254.444252, "delta": 2.014434}}
{"target": -11.203801201760351, "params": {"max_depth": 29.901032810297888, "n_estimators": 75.92857335638455}, "datetime": {"datetime": "2021-09-27 17:22:59", "elapsed": 256.330855, "delta": 1.886603}}
{"target": -11.19653666672357, "params": {"max_depth": 24.617938063077414, "n_estimators": 56.852332332736864}, "datetime": {"datetime": "2021-09-27 17:23:00", "elapsed": 258.196739, "delta": 1.865884}}
{"target": -11.160980149944958, "params": {"max_depth": 19.307017309332714, "n_estimators": 73.90195298939499}, "datetime": {"datetime": "2021-09-27 17:23:02", "elapsed": 259.928438, "delta": 1.731699}}
{"target": -11.05892320033936, "params": {"max_depth": 17.774699383732553, "n_estimators": 98.94688719278446}, "datetime": {"datetime": "2021-09-27 17:23:04", "elapsed": 262.235893, "delta": 2.307455}}
{"target": -11.200101562336592, "params": {"max_depth": 13.81811356540743, "n_estimators": 89.73055607969988}, "datetime": {"datetime": "2021-09-27 17:23:06", "elapsed": 264.106436, "delta": 1.870543}}
{"target": -11.452670678861228, "params": {"max_depth": 23.364621970356236, "n_estimators": 20.60474018849176}, "datetime": {"datetime": "2021-09-27 17:23:08", "elapsed": 265.442434, "delta": 1.335998}}
{"target": -10.985143514393844, "params": {"max_depth": 15.339612599745562, "n_estimators": 65.93741735505326}, "datetime": {"datetime": "2021-09-27 17:23:09", "elapsed": 266.838654, "delta": 1.39622}}
{"target": -11.105840462635708, "params": {"max_depth": 16.69063553923752, "n_estimators": 84.88239519836608}, "datetime": {"datetime": "2021-09-27 17:23:11", "elapsed": 268.907127, "delta": 2.068473}}
{"target": -11.311733923234325, "params": {"max_depth": 18.775364301865434, "n_estimators": 53.69478052425743}, "datetime": {"datetime": "2021-09-27 17:23:13", "elapsed": 270.473806, "delta": 1.566679}}
{"target": -11.12293542581078, "params": {"max_depth": 20.736955616011223, "n_estimators": 85.91652462532446}, "datetime": {"datetime": "2021-09-27 17:23:15", "elapsed": 272.338758, "delta": 1.864952}}
{"target": -11.825521678093438, "params": {"max_depth": 13.015668983738484, "n_estimators": 10.355208918066237}, "datetime": {"datetime": "2021-09-27 17:23:16", "elapsed": 273.962833, "delta": 1.624075}}
{"target": -11.105248310596764, "params": {"max_depth": 28.447496519456696, "n_estimators": 90.6820179820172}, "datetime": {"datetime": "2021-09-27 17:23:18", "elapsed": 275.822831, "delta": 1.859998}}
{"target": -11.031160964068672, "params": {"max_depth": 24.335178801967356, "n_estimators": 99.92845555245232}, "datetime": {"datetime": "2021-09-27 17:23:20", "elapsed": 278.023918, "delta": 2.201087}}
{"target": -11.311963223936864, "params": {"max_depth": 10.410441638101972, "n_estimators": 73.81532920522865}, "datetime": {"datetime": "2021-09-27 17:23:22", "elapsed": 279.979303, "delta": 1.955385}}
{"target": -11.255514104003916, "params": {"max_depth": 10.241316419013673, "n_estimators": 70.7596427241375}, "datetime": {"datetime": "2021-09-27 17:23:24", "elapsed": 281.612329, "delta": 1.633026}}
{"target": -11.08885330294382, "params": {"max_depth": 24.432237303162594, "n_estimators": 68.45017184664897}, "datetime": {"datetime": "2021-09-27 17:23:26", "elapsed": 284.143498, "delta": 2.531169}}
{"target": -11.079600626196063, "params": {"max_depth": 26.89581222437029, "n_estimators": 95.30663081001309}, "datetime": {"datetime": "2021-09-27 17:23:29", "elapsed": 286.391513, "delta": 2.248015}}
{"target": -11.104451286110764, "params": {"max_depth": 26.395797152509303, "n_estimators": 70.19447564198897}, "datetime": {"datetime": "2021-09-27 17:23:31", "elapsed": 288.68814, "delta": 2.296627}}
{"target": -11.0229771650042, "params": {"max_depth": 15.344679557366351, "n_estimators": 98.14692091708694}, "datetime": {"datetime": "2021-09-27 17:23:33", "elapsed": 291.104607, "delta": 2.416467}}
{"target": -11.432301544206828, "params": {"max_depth": 14.95335491517217, "n_estimators": 35.94530724354612}, "datetime": {"datetime": "2021-09-27 17:23:35", "elapsed": 292.653415, "delta": 1.548808}}
{"target": -11.026648056847742, "params": {"max_depth": 21.275772076048693, "n_estimators": 66.683649132874}, "datetime": {"datetime": "2021-09-27 17:23:37", "elapsed": 294.319977, "delta": 1.666562}}
{"target": -11.036802412258973, "params": {"max_depth": 16.355474007813882, "n_estimators": 69.68426413563829}, "datetime": {"datetime": "2021-09-27 17:23:38", "elapsed": 296.157676, "delta": 1.837699}}
{"target": -11.204652416501126, "params": {"max_depth": 14.357631811943005, "n_estimators": 63.66281508798948}, "datetime": {"datetime": "2021-09-27 17:23:40", "elapsed": 297.979421, "delta": 1.821745}}
{"target": -11.773189428203164, "params": {"max_depth": 25.825732903125775, "n_estimators": 12.3934977214673}, "datetime": {"datetime": "2021-09-27 17:23:42", "elapsed": 299.419359, "delta": 1.439938}}
{"target": -11.108184247408587, "params": {"max_depth": 17.17140031579043, "n_estimators": 90.72142467691539}, "datetime": {"datetime": "2021-09-27 17:23:44", "elapsed": 301.491235, "delta": 2.071876}}
{"target": -11.383418340446374, "params": {"max_depth": 23.674826376210973, "n_estimators": 52.71892527858817}, "datetime": {"datetime": "2021-09-27 17:23:46", "elapsed": 303.469234, "delta": 1.977999}}
{"target": -11.083946731773457, "params": {"max_depth": 15.989772092227504, "n_estimators": 87.43090091357878}, "datetime": {"datetime": "2021-09-27 17:23:48", "elapsed": 305.878941, "delta": 2.409707}}
{"target": -11.083064359144013, "params": {"max_depth": 19.823075349899767, "n_estimators": 93.94053720260092}, "datetime": {"datetime": "2021-09-27 17:23:51", "elapsed": 308.509528, "delta": 2.630587}}
{"target": -11.545666794092858, "params": {"max_depth": 24.278870821346853, "n_estimators": 36.51318982475539}, "datetime": {"datetime": "2021-09-27 17:23:52", "elapsed": 310.251406, "delta": 1.741878}}
{"target": -11.143324570264781, "params": {"max_depth": 16.626903689552588, "n_estimators": 58.6544235136637}, "datetime": {"datetime": "2021-09-27 17:23:54", "elapsed": 311.960028, "delta": 1.708622}}
{"target": -11.105248310596764, "params": {"max_depth": 24.279480112218025, "n_estimators": 90.49340861051394}, "datetime": {"datetime": "2021-09-27 17:23:57", "elapsed": 314.291333, "delta": 2.331305}}
{"target": -10.964487382894891, "params": {"max_depth": 16.3864153958744, "n_estimators": 67.46808762585813}, "datetime": {"datetime": "2021-09-27 17:23:58", "elapsed": 316.098332, "delta": 1.806999}}
{"target": -11.079600626196063, "params": {"max_depth": 21.306285640207086, "n_estimators": 95.95400268344596}, "datetime": {"datetime": "2021-09-27 17:24:00", "elapsed": 318.126008, "delta": 2.027676}}
{"target": -11.044599491088347, "params": {"max_depth": 20.006875615594538, "n_estimators": 68.24589662455102}, "datetime": {"datetime": "2021-09-27 17:24:03", "elapsed": 320.348402, "delta": 2.222394}}
{"target": -11.103449436045066, "params": {"max_depth": 14.525689567272332, "n_estimators": 93.70364303928838}, "datetime": {"datetime": "2021-09-27 17:24:05", "elapsed": 322.294334, "delta": 1.945932}}
{"target": -11.026648056847742, "params": {"max_depth": 24.723009938121933, "n_estimators": 66.6358125092769}, "datetime": {"datetime": "2021-09-27 17:24:07", "elapsed": 324.315178, "delta": 2.020844}}
{"target": -11.026648056847742, "params": {"max_depth": 26.492765097062975, "n_estimators": 66.21320018484647}, "datetime": {"datetime": "2021-09-27 17:24:08", "elapsed": 326.069175, "delta": 1.753997}}
{"target": -11.217988990524578, "params": {"max_depth": 23.267549055171347, "n_estimators": 59.737328678691426}, "datetime": {"datetime": "2021-09-27 17:24:10", "elapsed": 328.256851, "delta": 2.187676}}
{"target": -11.445917866160215, "params": {"max_depth": 28.535702010858124, "n_estimators": 32.405347227273296}, "datetime": {"datetime": "2021-09-27 17:24:12", "elapsed": 329.949849, "delta": 1.692998}}
{"target": -11.045776618881904, "params": {"max_depth": 16.599449107333456, "n_estimators": 71.5362983816668}, "datetime": {"datetime": "2021-09-27 17:24:14", "elapsed": 332.108591, "delta": 2.158742}}
{"target": -11.159296832562477, "params": {"max_depth": 19.563600494607403, "n_estimators": 78.45359649254114}, "datetime": {"datetime": "2021-09-27 17:24:17", "elapsed": 334.659968, "delta": 2.551377}}
{"target": -11.023767040723511, "params": {"max_depth": 20.822576765651398, "n_estimators": 99.39764524213643}, "datetime": {"datetime": "2021-09-27 17:24:19", "elapsed": 337.081745, "delta": 2.421777}}
{"target": -11.124880371421867, "params": {"max_depth": 29.972589471064417, "n_estimators": 64.208677533957}, "datetime": {"datetime": "2021-09-27 17:24:21", "elapsed": 338.978254, "delta": 1.896509}}
{"target": -11.04922103917172, "params": {"max_depth": 26.495796738981955, "n_estimators": 98.70941503855934}, "datetime": {"datetime": "2021-09-27 17:24:23", "elapsed": 341.237239, "delta": 2.258985}}
{"target": -11.12594368447729, "params": {"max_depth": 15.903454871608936, "n_estimators": 80.94033190809914}, "datetime": {"datetime": "2021-09-27 17:24:26", "elapsed": 343.314375, "delta": 2.077136}}
{"target": -11.090542067740254, "params": {"max_depth": 28.885156999604998, "n_estimators": 94.00251226054097}, "datetime": {"datetime": "2021-09-27 17:24:28", "elapsed": 345.64413, "delta": 2.329755}}
{"target": -11.017196542589929, "params": {"max_depth": 16.065449739212255, "n_estimators": 96.38652839697862}, "datetime": {"datetime": "2021-09-27 17:24:30", "elapsed": 347.969225, "delta": 2.325095}}
{"target": -11.091279724106114, "params": {"max_depth": 20.212939574177927, "n_estimators": 90.63893429382145}, "datetime": {"datetime": "2021-09-27 17:24:33", "elapsed": 350.581759, "delta": 2.612534}}
