{"target": 0.8412993126600581, "params": {"max_depth": 26.738001066058562, "n_estimators": 211.15975951386164}, "datetime": {"datetime": "2021-09-21 16:33:59", "elapsed": 227.996862, "delta": 2.68622}}
{"target": 0.841932422878922, "params": {"max_depth": 10.129016907981564, "n_estimators": 216.64732012654116}, "datetime": {"datetime": "2021-09-21 16:34:01", "elapsed": 229.921794, "delta": 1.924932}}
{"target": 0.8408637657812519, "params": {"max_depth": 10.965141403860853, "n_estimators": 226.9632088228979}, "datetime": {"datetime": "2021-09-21 16:34:04", "elapsed": 232.221202, "delta": 2.299408}}
{"target": 0.8421081751988128, "params": {"max_depth": 19.74055749232229, "n_estimators": 216.15346648636609}, "datetime": {"datetime": "2021-09-21 16:34:06", "elapsed": 234.352079, "delta": 2.130877}}
{"target": 0.8405319395550859, "params": {"max_depth": 10.303541245431294, "n_estimators": 233.53757277187248}, "datetime": {"datetime": "2021-09-21 16:34:08", "elapsed": 236.465303, "delta": 2.113224}}
{"target": 0.8412489098488622, "params": {"max_depth": 21.517960348463706, "n_estimators": 286.5330380351157}, "datetime": {"datetime": "2021-09-21 16:34:11", "elapsed": 239.374156, "delta": 2.908853}}
{"target": 0.8382802525402216, "params": {"max_depth": 8.199292054794645, "n_estimators": 281.2049050418177}, "datetime": {"datetime": "2021-09-21 16:34:13", "elapsed": 242.062105, "delta": 2.687949}}
{"target": 0.8420707838752921, "params": {"max_depth": 26.898225676869004, "n_estimators": 219.73263489170006}, "datetime": {"datetime": "2021-09-21 16:34:16", "elapsed": 244.225616, "delta": 2.163511}}
{"target": 0.8416533231609002, "params": {"max_depth": 16.798074291488668, "n_estimators": 284.5068820413974}, "datetime": {"datetime": "2021-09-21 16:34:18", "elapsed": 246.670527, "delta": 2.444911}}
{"target": 0.8407681814643924, "params": {"max_depth": 19.006723104030232, "n_estimators": 270.47186433845206}, "datetime": {"datetime": "2021-09-21 16:34:21", "elapsed": 249.354526, "delta": 2.683999}}
{"target": 0.841176512700336, "params": {"max_depth": 24.616591778784, "n_estimators": 206.51516862012542}, "datetime": {"datetime": "2021-09-21 16:34:23", "elapsed": 251.598569, "delta": 2.244043}}
{"target": 0.8406029940905116, "params": {"max_depth": 22.579569654962416, "n_estimators": 292.3793282630892}, "datetime": {"datetime": "2021-09-21 16:34:26", "elapsed": 254.272677, "delta": 2.674108}}
{"target": 0.8410719020948297, "params": {"max_depth": 29.993222297177674, "n_estimators": 267.8143436385991}, "datetime": {"datetime": "2021-09-21 16:34:28", "elapsed": 256.856715, "delta": 2.584038}}
{"target": 0.8378647317044559, "params": {"max_depth": 8.35075492720462, "n_estimators": 271.04471618792076}, "datetime": {"datetime": "2021-09-21 16:34:31", "elapsed": 259.180241, "delta": 2.323526}}
{"target": 0.841106670624457, "params": {"max_depth": 25.72647332056947, "n_estimators": 239.4978159602046}, "datetime": {"datetime": "2021-09-21 16:34:33", "elapsed": 261.338433, "delta": 2.158192}}
{"target": 0.8403661578968631, "params": {"max_depth": 16.12113051775332, "n_estimators": 203.52551212573775}, "datetime": {"datetime": "2021-09-21 16:34:35", "elapsed": 263.282219, "delta": 1.943786}}
{"target": 0.8412879352798133, "params": {"max_depth": 18.404015666646934, "n_estimators": 227.6532841431094}, "datetime": {"datetime": "2021-09-21 16:34:38", "elapsed": 266.216122, "delta": 2.933903}}
{"target": 0.8414272655163421, "params": {"max_depth": 25.05380075103329, "n_estimators": 224.4822193101948}, "datetime": {"datetime": "2021-09-21 16:34:41", "elapsed": 269.44012, "delta": 3.223998}}
{"target": 0.8417892910681684, "params": {"max_depth": 25.9637010036294, "n_estimators": 283.32187456453397}, "datetime": {"datetime": "2021-09-21 16:34:43", "elapsed": 272.103941, "delta": 2.663821}}
{"target": 0.8411886409675715, "params": {"max_depth": 17.991999360706135, "n_estimators": 295.0510763362273}, "datetime": {"datetime": "2021-09-21 16:34:46", "elapsed": 274.902356, "delta": 2.798415}}
{"target": 0.8409580514300241, "params": {"max_depth": 27.584809249406753, "n_estimators": 295.4701876214054}, "datetime": {"datetime": "2021-09-21 16:34:49", "elapsed": 277.638264, "delta": 2.735908}}
{"target": 0.8419844409390177, "params": {"max_depth": 17.08900551346914, "n_estimators": 211.79438399206865}, "datetime": {"datetime": "2021-09-21 16:34:51", "elapsed": 279.9857, "delta": 2.347436}}
{"target": 0.8388277398337748, "params": {"max_depth": 9.871720782909211, "n_estimators": 295.53513764714813}, "datetime": {"datetime": "2021-09-21 16:34:54", "elapsed": 282.411966, "delta": 2.426266}}
{"target": 0.8416503604779109, "params": {"max_depth": 24.715019145993235, "n_estimators": 215.50173258964537}, "datetime": {"datetime": "2021-09-21 16:34:56", "elapsed": 284.48858, "delta": 2.076614}}
{"target": 0.8409464801244451, "params": {"max_depth": 22.542843598744565, "n_estimators": 255.8748885021675}, "datetime": {"datetime": "2021-09-21 16:34:58", "elapsed": 286.95918, "delta": 2.4706}}
{"target": 0.837999378165794, "params": {"max_depth": 8.663837330900842, "n_estimators": 208.93363662918597}, "datetime": {"datetime": "2021-09-21 16:35:00", "elapsed": 288.614418, "delta": 1.655238}}
{"target": 0.8413969664746894, "params": {"max_depth": 15.704169572847904, "n_estimators": 236.12519944917906}, "datetime": {"datetime": "2021-09-21 16:35:02", "elapsed": 290.822167, "delta": 2.207749}}
{"target": 0.840992855384486, "params": {"max_depth": 19.725595352190982, "n_estimators": 207.2882048069905}, "datetime": {"datetime": "2021-09-21 16:35:04", "elapsed": 292.879401, "delta": 2.057234}}
{"target": 0.8376705391433483, "params": {"max_depth": 8.29382471180039, "n_estimators": 265.8210914754002}, "datetime": {"datetime": "2021-09-21 16:35:06", "elapsed": 295.073257, "delta": 2.193856}}
{"target": 0.8417972631387156, "params": {"max_depth": 16.57174542631437, "n_estimators": 279.53686725797934}, "datetime": {"datetime": "2021-09-21 16:35:09", "elapsed": 297.575027, "delta": 2.50177}}
{"target": 0.8412993126600581, "params": {"max_depth": 29.971028382962526, "n_estimators": 211.08107074646492}, "datetime": {"datetime": "2021-09-21 16:35:11", "elapsed": 299.489399, "delta": 1.914372}}
{"target": 0.8419431470354903, "params": {"max_depth": 16.99485694971325, "n_estimators": 219.86733926529755}, "datetime": {"datetime": "2021-09-21 16:35:13", "elapsed": 301.442393, "delta": 1.952994}}
{"target": 0.8413799058413713, "params": {"max_depth": 29.473392656650333, "n_estimators": 276.024244174257}, "datetime": {"datetime": "2021-09-21 16:35:15", "elapsed": 303.71722, "delta": 2.274827}}
{"target": 0.8385144554017142, "params": {"max_depth": 9.61006741108122, "n_estimators": 242.97903673307016}, "datetime": {"datetime": "2021-09-21 16:35:17", "elapsed": 305.475104, "delta": 1.757884}}
{"target": 0.8388718728928591, "params": {"max_depth": 9.71428077487699, "n_estimators": 274.0628867176623}, "datetime": {"datetime": "2021-09-21 16:35:19", "elapsed": 307.706325, "delta": 2.231221}}
{"target": 0.8406782841335013, "params": {"max_depth": 30.0, "n_estimators": 254.69558579477112}, "datetime": {"datetime": "2021-09-21 16:35:21", "elapsed": 309.870625, "delta": 2.1643}}
{"target": 0.8407166162887195, "params": {"max_depth": 30.0, "n_estimators": 245.78875732487867}, "datetime": {"datetime": "2021-09-21 16:35:23", "elapsed": 311.939087, "delta": 2.068462}}
{"target": 0.8419589331391775, "params": {"max_depth": 29.979576305373037, "n_estimators": 220.37706228617432}, "datetime": {"datetime": "2021-09-21 16:35:25", "elapsed": 313.99737, "delta": 2.058283}}
{"target": 0.8403617461496261, "params": {"max_depth": 27.45940114977054, "n_estimators": 203.44584139201595}, "datetime": {"datetime": "2021-09-21 16:35:27", "elapsed": 315.906124, "delta": 1.908754}}
{"target": 0.8375090159219424, "params": {"max_depth": 8.560920712150786, "n_estimators": 247.49733754587865}, "datetime": {"datetime": "2021-09-21 16:35:29", "elapsed": 317.825304, "delta": 1.91918}}
{"target": 0.8423555339388267, "params": {"max_depth": 14.170612362097222, "n_estimators": 227.5127868313878}, "datetime": {"datetime": "2021-09-21 16:35:31", "elapsed": 319.953062, "delta": 2.127758}}
{"target": 0.8411835341816671, "params": {"max_depth": 20.556779617211674, "n_estimators": 224.11631404578318}, "datetime": {"datetime": "2021-09-21 16:35:33", "elapsed": 321.819074, "delta": 1.866012}}
{"target": 0.8408672383658642, "params": {"max_depth": 22.611039235379486, "n_estimators": 247.09698794511712}, "datetime": {"datetime": "2021-09-21 16:35:35", "elapsed": 323.977655, "delta": 2.158581}}
{"target": 0.8416283873019548, "params": {"max_depth": 26.48987879031997, "n_estimators": 259.53231307390934}, "datetime": {"datetime": "2021-09-21 16:35:38", "elapsed": 326.41553, "delta": 2.437875}}
{"target": 0.8364619911699772, "params": {"max_depth": 7.652555670534857, "n_estimators": 212.76856600466155}, "datetime": {"datetime": "2021-09-21 16:35:39", "elapsed": 328.078526, "delta": 1.662996}}
{"target": 0.8409242544015125, "params": {"max_depth": 26.276272478055077, "n_estimators": 250.13045845112876}, "datetime": {"datetime": "2021-09-21 16:35:42", "elapsed": 330.267942, "delta": 2.189416}}
{"target": 0.8393695724582895, "params": {"max_depth": 11.991284810981849, "n_estimators": 250.16510902651808}, "datetime": {"datetime": "2021-09-21 16:35:44", "elapsed": 332.424124, "delta": 2.156182}}
{"target": 0.841770901525851, "params": {"max_depth": 12.338309960848797, "n_estimators": 223.4973712777217}, "datetime": {"datetime": "2021-09-21 16:35:46", "elapsed": 334.45554, "delta": 2.031416}}
{"target": 0.8413601499507236, "params": {"max_depth": 27.057553516178785, "n_estimators": 228.23083133028612}, "datetime": {"datetime": "2021-09-21 16:35:48", "elapsed": 336.748417, "delta": 2.292877}}
{"target": 0.8405159703652728, "params": {"max_depth": 15.552542549892259, "n_estimators": 268.77699348187616}, "datetime": {"datetime": "2021-09-21 16:35:51", "elapsed": 339.26506, "delta": 2.516643}}
{"target": 0.8411906908435308, "params": {"max_depth": 23.13041165892847, "n_estimators": 264.2724652878529}, "datetime": {"datetime": "2021-09-21 16:35:53", "elapsed": 341.579049, "delta": 2.313989}}
{"target": 0.840482100107754, "params": {"max_depth": 18.71604582237051, "n_estimators": 251.66771551596497}, "datetime": {"datetime": "2021-09-21 16:35:55", "elapsed": 344.003337, "delta": 2.424288}}
{"target": 0.8409248036617661, "params": {"max_depth": 12.768033612132644, "n_estimators": 203.82754979865445}, "datetime": {"datetime": "2021-09-21 16:35:58", "elapsed": 346.316081, "delta": 2.312744}}
{"target": 0.8379827215290376, "params": {"max_depth": 8.575983219313775, "n_estimators": 236.37081696909647}, "datetime": {"datetime": "2021-09-21 16:36:00", "elapsed": 348.705882, "delta": 2.389801}}
{"target": 0.8405372583057881, "params": {"max_depth": 13.862876639011377, "n_estimators": 242.8721049018499}, "datetime": {"datetime": "2021-09-21 16:36:04", "elapsed": 352.443165, "delta": 3.737283}}
{"target": 0.8415170378603473, "params": {"max_depth": 19.316230122441777, "n_estimators": 260.9164698249543}, "datetime": {"datetime": "2021-09-21 16:36:07", "elapsed": 355.648055, "delta": 3.20489}}
{"target": 0.8410063512172834, "params": {"max_depth": 27.25883218722239, "n_estimators": 269.6905419302792}, "datetime": {"datetime": "2021-09-21 16:36:10", "elapsed": 358.831545, "delta": 3.18349}}
{"target": 0.841993962896785, "params": {"max_depth": 14.017971489133684, "n_estimators": 287.95099706147096}, "datetime": {"datetime": "2021-09-21 16:36:13", "elapsed": 362.085549, "delta": 3.254004}}
{"target": 0.8409748999547101, "params": {"max_depth": 15.390097676161178, "n_estimators": 300.0}, "datetime": {"datetime": "2021-09-21 16:36:17", "elapsed": 365.518546, "delta": 3.432997}}
{"target": 0.8415637670180272, "params": {"max_depth": 22.31464544149731, "n_estimators": 277.1794792777309}, "datetime": {"datetime": "2021-09-21 16:36:20", "elapsed": 368.766548, "delta": 3.248002}}
{"target": 0.8402069289463621, "params": {"max_depth": 10.727199020927012, "n_estimators": 289.92184482859676}, "datetime": {"datetime": "2021-09-21 16:36:23", "elapsed": 371.849548, "delta": 3.083}}
{"target": 0.8382018258408916, "params": {"max_depth": 8.560219843977178, "n_estimators": 277.98572309037}, "datetime": {"datetime": "2021-09-21 16:36:26", "elapsed": 374.883547, "delta": 3.033999}}
{"target": 0.8409580514300241, "params": {"max_depth": 30.0, "n_estimators": 295.8140046488029}, "datetime": {"datetime": "2021-09-21 16:36:30", "elapsed": 378.527552, "delta": 3.644005}}
{"target": 0.8356707770912055, "params": {"max_depth": 7.728068512629692, "n_estimators": 284.97971132891445}, "datetime": {"datetime": "2021-09-21 16:36:32", "elapsed": 380.727547, "delta": 2.199995}}
{"target": 0.8412028779263991, "params": {"max_depth": 15.298733662142219, "n_estimators": 276.2950484275784}, "datetime": {"datetime": "2021-09-21 16:36:36", "elapsed": 384.382414, "delta": 3.654867}}
{"target": 0.8416243720324953, "params": {"max_depth": 13.75295978464175, "n_estimators": 212.08579612907613}, "datetime": {"datetime": "2021-09-21 16:36:39", "elapsed": 387.821146, "delta": 3.438732}}
{"target": 0.8416541979551491, "params": {"max_depth": 30.0, "n_estimators": 262.6427710179389}, "datetime": {"datetime": "2021-09-21 16:36:43", "elapsed": 391.466493, "delta": 3.645347}}
{"target": 0.8403617461496261, "params": {"max_depth": 30.0, "n_estimators": 203.63064519833853}, "datetime": {"datetime": "2021-09-21 16:36:46", "elapsed": 394.300811, "delta": 2.834318}}
{"target": 0.8419074917902931, "params": {"max_depth": 13.533842953355162, "n_estimators": 219.81361009303149}, "datetime": {"datetime": "2021-09-21 16:36:49", "elapsed": 397.215829, "delta": 2.915018}}
{"target": 0.8405705059592473, "params": {"max_depth": 18.292012563442555, "n_estimators": 243.47579716109166}, "datetime": {"datetime": "2021-09-21 16:36:52", "elapsed": 400.244659, "delta": 3.02883}}
{"target": 0.839834470163796, "params": {"max_depth": 10.241000436277282, "n_estimators": 268.49624290704986}, "datetime": {"datetime": "2021-09-21 16:36:55", "elapsed": 403.42765, "delta": 3.182991}}
{"target": 0.8399294939857049, "params": {"max_depth": 11.216492564802756, "n_estimators": 230.02070528786024}, "datetime": {"datetime": "2021-09-21 16:36:58", "elapsed": 406.291154, "delta": 2.863504}}
{"target": 0.8404575645827591, "params": {"max_depth": 12.262979441088095, "n_estimators": 253.55756392816016}, "datetime": {"datetime": "2021-09-21 16:37:01", "elapsed": 409.473608, "delta": 3.182454}}
{"target": 0.8407972936088001, "params": {"max_depth": 27.985091981133756, "n_estimators": 232.2104101206903}, "datetime": {"datetime": "2021-09-21 16:37:04", "elapsed": 412.814052, "delta": 3.340444}}
{"target": 0.8406029940905116, "params": {"max_depth": 25.915965439192348, "n_estimators": 292.3462086219394}, "datetime": {"datetime": "2021-09-21 16:37:08", "elapsed": 416.443842, "delta": 3.62979}}
{"target": 0.8411135778904123, "params": {"max_depth": 27.307247991249163, "n_estimators": 236.79398044015468}, "datetime": {"datetime": "2021-09-21 16:37:11", "elapsed": 419.853201, "delta": 3.409359}}
{"target": 0.84218669761525, "params": {"max_depth": 14.857862893193216, "n_estimators": 257.59194553439335}, "datetime": {"datetime": "2021-09-21 16:37:14", "elapsed": 423.123883, "delta": 3.270682}}
{"target": 0.8410788571353723, "params": {"max_depth": 29.93582821628674, "n_estimators": 288.5786135196884}, "datetime": {"datetime": "2021-09-21 16:37:19", "elapsed": 427.351381, "delta": 4.227498}}
{"target": 0.8406527827184752, "params": {"max_depth": 22.72325678976747, "n_estimators": 299.9955693914014}, "datetime": {"datetime": "2021-09-21 16:37:24", "elapsed": 432.349402, "delta": 4.998021}}
{"target": 0.8413393009509795, "params": {"max_depth": 26.95127375262897, "n_estimators": 274.7056887052835}, "datetime": {"datetime": "2021-09-21 16:37:28", "elapsed": 436.496924, "delta": 4.147522}}
{"target": 0.8410911488590714, "params": {"max_depth": 13.383140082007454, "n_estimators": 263.1859111259236}, "datetime": {"datetime": "2021-09-21 16:37:31", "elapsed": 439.77648, "delta": 3.279556}}
{"target": 0.841790804234342, "params": {"max_depth": 14.906668973622576, "n_estimators": 294.8872789657453}, "datetime": {"datetime": "2021-09-21 16:37:35", "elapsed": 444.019266, "delta": 4.242786}}
{"target": 0.8407077313572766, "params": {"max_depth": 26.491910730704397, "n_estimators": 242.5479921560482}, "datetime": {"datetime": "2021-09-21 16:37:39", "elapsed": 447.694427, "delta": 3.675161}}
{"target": 0.8406682282459388, "params": {"max_depth": 21.93586752649785, "n_estimators": 200.03393346358277}, "datetime": {"datetime": "2021-09-21 16:37:42", "elapsed": 450.63398, "delta": 2.939553}}
{"target": 0.840878811382914, "params": {"max_depth": 21.9630155284536, "n_estimators": 234.46477800954136}, "datetime": {"datetime": "2021-09-21 16:37:46", "elapsed": 454.219788, "delta": 3.585808}}
{"target": 0.8412611904823917, "params": {"max_depth": 30.0, "n_estimators": 238.34101312072747}, "datetime": {"datetime": "2021-09-21 16:37:50", "elapsed": 458.206581, "delta": 3.986793}}
{"target": 0.8409379043397668, "params": {"max_depth": 21.41706793542516, "n_estimators": 272.747616303967}, "datetime": {"datetime": "2021-09-21 16:37:53", "elapsed": 461.64651, "delta": 3.439929}}
{"target": 0.8408481093821564, "params": {"max_depth": 18.69507287563338, "n_estimators": 236.64423798688208}, "datetime": {"datetime": "2021-09-21 16:37:57", "elapsed": 465.560045, "delta": 3.913535}}
{"target": 0.8410138394858194, "params": {"max_depth": 22.63642071762465, "n_estimators": 289.30925020461643}, "datetime": {"datetime": "2021-09-21 16:38:01", "elapsed": 469.390625, "delta": 3.83058}}
{"target": 0.8399582243544581, "params": {"max_depth": 11.92721022971912, "n_estimators": 207.61226031371442}, "datetime": {"datetime": "2021-09-21 16:38:04", "elapsed": 472.395913, "delta": 3.005288}}
{"target": 0.8420064369806671, "params": {"max_depth": 17.041153987789176, "n_estimators": 214.91882745772767}, "datetime": {"datetime": "2021-09-21 16:38:08", "elapsed": 476.296756, "delta": 3.900843}}
{"target": 0.8415989441791184, "params": {"max_depth": 13.687738187935205, "n_estimators": 279.72920353468106}, "datetime": {"datetime": "2021-09-21 16:38:11", "elapsed": 480.02003, "delta": 3.723274}}
{"target": 0.841417452995501, "params": {"max_depth": 12.736383649522738, "n_estimators": 259.5458091288371}, "datetime": {"datetime": "2021-09-21 16:38:15", "elapsed": 483.832493, "delta": 3.812463}}
{"target": 0.8407898746193312, "params": {"max_depth": 20.586374474806895, "n_estimators": 267.5866331326094}, "datetime": {"datetime": "2021-09-21 16:38:19", "elapsed": 488.114693, "delta": 4.2822}}
{"target": 0.8390314472084591, "params": {"max_depth": 8.645992399294359, "n_estimators": 218.1689578073543}, "datetime": {"datetime": "2021-09-21 16:38:22", "elapsed": 491.018321, "delta": 2.903628}}
{"target": 0.8415492602769038, "params": {"max_depth": 24.394325196840033, "n_estimators": 285.8298673413679}, "datetime": {"datetime": "2021-09-21 16:38:26", "elapsed": 494.440975, "delta": 3.422654}}
{"target": 0.841730095432117, "params": {"max_depth": 27.31789967305476, "n_estimators": 222.73038048675247}, "datetime": {"datetime": "2021-09-21 16:38:28", "elapsed": 496.734313, "delta": 2.293338}}
{"target": 0.8386072812400895, "params": {"max_depth": 8.899358004703661, "n_estimators": 214.82975835042348}, "datetime": {"datetime": "2021-09-21 16:38:30", "elapsed": 498.677103, "delta": 1.94279}}
{"target": 0.8399566224603925, "params": {"max_depth": 10.288916229895884, "n_estimators": 293.0932380272812}, "datetime": {"datetime": "2021-09-21 16:38:33", "elapsed": 501.18721, "delta": 2.510107}}
{"target": 0.8409015322648951, "params": {"max_depth": 16.421894560968504, "n_estimators": 292.22336915682456}, "datetime": {"datetime": "2021-09-21 16:38:36", "elapsed": 504.209508, "delta": 3.022298}}
{"target": 0.8407588162636207, "params": {"max_depth": 23.383412892204134, "n_estimators": 209.04814253746562}, "datetime": {"datetime": "2021-09-21 16:38:39", "elapsed": 507.181273, "delta": 2.971765}}
{"target": 0.8409827259706818, "params": {"max_depth": 22.359785571603197, "n_estimators": 231.31083395122718}, "datetime": {"datetime": "2021-09-21 16:38:42", "elapsed": 510.267833, "delta": 3.08656}}
{"target": 0.8417768777212952, "params": {"max_depth": 24.227929648284587, "n_estimators": 281.12207291945026}, "datetime": {"datetime": "2021-09-21 16:38:45", "elapsed": 513.279507, "delta": 3.011674}}
{"target": 0.840981378857575, "params": {"max_depth": 16.9947353691808, "n_estimators": 272.9302722611727}, "datetime": {"datetime": "2021-09-21 16:38:47", "elapsed": 515.911635, "delta": 2.632128}}
{"target": 0.8412518204117453, "params": {"max_depth": 15.830120830935407, "n_estimators": 200.00112976376067}, "datetime": {"datetime": "2021-09-21 16:38:50", "elapsed": 518.513102, "delta": 2.601467}}
{"target": 0.8409170893099396, "params": {"max_depth": 13.999865372177064, "n_estimators": 239.1938928298716}, "datetime": {"datetime": "2021-09-21 16:38:53", "elapsed": 521.771257, "delta": 3.258155}}
{"target": 0.8417821343630227, "params": {"max_depth": 19.211336196331626, "n_estimators": 221.50814868757988}, "datetime": {"datetime": "2021-09-21 16:38:57", "elapsed": 525.182948, "delta": 3.411691}}
{"target": 0.8406126881808269, "params": {"max_depth": 20.009473009759926, "n_estimators": 240.5332024863901}, "datetime": {"datetime": "2021-09-21 16:39:00", "elapsed": 528.532011, "delta": 3.349063}}
{"target": 0.8416541979551491, "params": {"max_depth": 25.984187289554587, "n_estimators": 262.3105446343797}, "datetime": {"datetime": "2021-09-21 16:39:04", "elapsed": 532.166588, "delta": 3.634577}}
