{"target": -2.4750100959457595, "params": {"max_depth": 15.879913310239179, "n_estimators": 214.52951720370916}, "datetime": {"datetime": "2021-09-20 20:23:14", "elapsed": 3552.76917, "delta": 10.838031}}
{"target": -2.475688516886477, "params": {"max_depth": 22.315681674619437, "n_estimators": 122.62158090583786}, "datetime": {"datetime": "2021-09-20 20:23:26", "elapsed": 3565.421844, "delta": 12.652674}}
{"target": -2.496990724444242, "params": {"max_depth": 15.526150044810839, "n_estimators": 37.90418087718855}, "datetime": {"datetime": "2021-09-20 20:23:34", "elapsed": 3572.926591, "delta": 7.504747}}
{"target": -2.4851917348195047, "params": {"max_depth": 19.989930803812022, "n_estimators": 38.50604187157753}, "datetime": {"datetime": "2021-09-20 20:23:49", "elapsed": 3587.794474, "delta": 14.867883}}
{"target": -2.470381709223554, "params": {"max_depth": 24.134711963652997, "n_estimators": 101.32928340809909}, "datetime": {"datetime": "2021-09-20 20:23:59", "elapsed": 3597.901575, "delta": 10.107101}}
{"target": -2.474074648954035, "params": {"max_depth": 17.438806336703035, "n_estimators": 81.6506234538031}, "datetime": {"datetime": "2021-09-20 20:24:09", "elapsed": 3608.416548, "delta": 10.514973}}
{"target": -2.487817170582192, "params": {"max_depth": 18.115316054845675, "n_estimators": 168.91072008031867}, "datetime": {"datetime": "2021-09-20 20:24:30", "elapsed": 3629.748484, "delta": 21.331936}}
{"target": -2.4783648040555932, "params": {"max_depth": 21.973961844993703, "n_estimators": 88.58381582049198}, "datetime": {"datetime": "2021-09-20 20:24:47", "elapsed": 3646.126115, "delta": 16.377631}}
{"target": -2.475685606539838, "params": {"max_depth": 20.66409094641225, "n_estimators": 208.32667592637395}, "datetime": {"datetime": "2021-09-20 20:25:01", "elapsed": 3660.191891, "delta": 14.065776}}
{"target": -2.449143692564745, "params": {"max_depth": 23.595834749795838, "n_estimators": 63.670820402630405}, "datetime": {"datetime": "2021-09-20 20:25:09", "elapsed": 3668.759212, "delta": 8.567321}}
{"target": -2.473127563226247, "params": {"max_depth": 18.297106960896272, "n_estimators": 35.79054360527926}, "datetime": {"datetime": "2021-09-20 20:25:19", "elapsed": 3678.460144, "delta": 9.700932}}
{"target": -2.48739890299699, "params": {"max_depth": 18.95670235723933, "n_estimators": 253.42904493757243}, "datetime": {"datetime": "2021-09-20 20:25:35", "elapsed": 3693.992264, "delta": 15.53212}}
{"target": -2.4999277440925343, "params": {"max_depth": 12.968744376218815, "n_estimators": 118.14429983981636}, "datetime": {"datetime": "2021-09-20 20:25:45", "elapsed": 3704.006534, "delta": 10.01427}}
{"target": -2.4584688995215314, "params": {"max_depth": 25.0, "n_estimators": 55.68432547371632}, "datetime": {"datetime": "2021-09-20 20:25:57", "elapsed": 3716.520793, "delta": 12.514259}}
{"target": -2.4688562607483844, "params": {"max_depth": 18.922529502584815, "n_estimators": 73.31903831632022}, "datetime": {"datetime": "2021-09-20 20:26:15", "elapsed": 3734.458828, "delta": 17.938035}}
{"target": -2.502995547807951, "params": {"max_depth": 13.020611407904633, "n_estimators": 181.0330790260654}, "datetime": {"datetime": "2021-09-20 20:26:32", "elapsed": 3751.623015, "delta": 17.164187}}
{"target": -2.4253121716752153, "params": {"max_depth": 14.748556625317537, "n_estimators": 66.43252598986108}, "datetime": {"datetime": "2021-09-20 20:26:49", "elapsed": 3768.168837, "delta": 16.545822}}
{"target": -2.5242154365650444, "params": {"max_depth": 11.685531193748249, "n_estimators": 90.07866858608618}, "datetime": {"datetime": "2021-09-20 20:27:03", "elapsed": 3781.990217, "delta": 13.82138}}
{"target": -2.5067443041076647, "params": {"max_depth": 13.239484083476418, "n_estimators": 177.65450660833332}, "datetime": {"datetime": "2021-09-20 20:27:15", "elapsed": 3793.953736, "delta": 11.963519}}
{"target": -2.4886252191301153, "params": {"max_depth": 17.882020739662106, "n_estimators": 43.32362348147525}, "datetime": {"datetime": "2021-09-20 20:27:25", "elapsed": 3804.554285, "delta": 10.600549}}
{"target": -2.473967850292855, "params": {"max_depth": 20.09336554686673, "n_estimators": 116.55466736717344}, "datetime": {"datetime": "2021-09-20 20:27:41", "elapsed": 3820.194973, "delta": 15.640688}}
{"target": -2.4853500570097307, "params": {"max_depth": 17.476329576260135, "n_estimators": 226.19102144062174}, "datetime": {"datetime": "2021-09-20 20:27:50", "elapsed": 3829.012432, "delta": 8.817459}}
{"target": -2.484366717152593, "params": {"max_depth": 23.25364350986427, "n_estimators": 139.74599147725496}, "datetime": {"datetime": "2021-09-20 20:28:01", "elapsed": 3840.135817, "delta": 11.123385}}
{"target": -2.4901242281681832, "params": {"max_depth": 24.983357601900586, "n_estimators": 179.2173953171378}, "datetime": {"datetime": "2021-09-20 20:28:13", "elapsed": 3852.5706, "delta": 12.434783}}
{"target": -2.5071940640291204, "params": {"max_depth": 16.503662452998235, "n_estimators": 21.71661523534574}, "datetime": {"datetime": "2021-09-20 20:28:26", "elapsed": 3865.003408, "delta": 12.432808}}
{"target": -2.5637916512261647, "params": {"max_depth": 9.145881507142176, "n_estimators": 174.0863169965265}, "datetime": {"datetime": "2021-09-20 20:28:42", "elapsed": 3881.606324, "delta": 16.602916}}
{"target": -2.515735923863667, "params": {"max_depth": 12.486801447601596, "n_estimators": 19.88524076026704}, "datetime": {"datetime": "2021-09-20 20:28:49", "elapsed": 3888.691815, "delta": 7.085491}}
{"target": -2.445552852085448, "params": {"max_depth": 18.222384027125837, "n_estimators": 66.0705536496808}, "datetime": {"datetime": "2021-09-20 20:29:01", "elapsed": 3899.837167, "delta": 11.145352}}
{"target": -2.473410087719297, "params": {"max_depth": 23.680822926078402, "n_estimators": 120.45458234473182}, "datetime": {"datetime": "2021-09-20 20:29:13", "elapsed": 3912.481594, "delta": 12.644427}}
{"target": -2.445861769809138, "params": {"max_depth": 21.189608838490543, "n_estimators": 65.78446762212008}, "datetime": {"datetime": "2021-09-20 20:29:25", "elapsed": 3924.532583, "delta": 12.050989}}
{"target": -2.44587082460249, "params": {"max_depth": 21.69622687023158, "n_estimators": 61.021608380232266}, "datetime": {"datetime": "2021-09-20 20:29:39", "elapsed": 3937.828651, "delta": 13.296068}}
{"target": -2.4877996986898436, "params": {"max_depth": 17.326855068055778, "n_estimators": 176.19425850282374}, "datetime": {"datetime": "2021-09-20 20:29:51", "elapsed": 3950.584064, "delta": 12.755413}}
{"target": -2.4816367859336594, "params": {"max_depth": 20.48033498941487, "n_estimators": 148.03190031152437}, "datetime": {"datetime": "2021-09-20 20:30:08", "elapsed": 3966.99805, "delta": 16.413986}}
{"target": -2.45654826027056, "params": {"max_depth": 19.40210387215358, "n_estimators": 57.934261846472836}, "datetime": {"datetime": "2021-09-20 20:30:23", "elapsed": 3981.77143, "delta": 14.77338}}
{"target": -2.486778024606971, "params": {"max_depth": 23.29051962844816, "n_estimators": 154.31290926420724}, "datetime": {"datetime": "2021-09-20 20:30:31", "elapsed": 3990.635736, "delta": 8.864306}}
{"target": -2.481213450292395, "params": {"max_depth": 24.860123734118154, "n_estimators": 189.1937577896316}, "datetime": {"datetime": "2021-09-20 20:30:45", "elapsed": 4003.857603, "delta": 13.221867}}
{"target": -2.4848330769112974, "params": {"max_depth": 19.06525954790752, "n_estimators": 191.7336293434328}, "datetime": {"datetime": "2021-09-20 20:31:05", "elapsed": 4023.860608, "delta": 20.003005}}
{"target": -2.4919302825027017, "params": {"max_depth": 19.77795116257633, "n_estimators": 244.7049080680223}, "datetime": {"datetime": "2021-09-20 20:31:25", "elapsed": 4044.192574, "delta": 20.331966}}
{"target": -2.494848994889974, "params": {"max_depth": 17.229272602415342, "n_estimators": 267.2009139921731}, "datetime": {"datetime": "2021-09-20 20:31:39", "elapsed": 4058.277015, "delta": 14.084441}}
{"target": -2.5044652428898986, "params": {"max_depth": 13.63762852509031, "n_estimators": 165.61726334038295}, "datetime": {"datetime": "2021-09-20 20:31:53", "elapsed": 4072.538851, "delta": 14.261836}}
{"target": -2.4787673474731573, "params": {"max_depth": 25.0, "n_estimators": 201.46541474222838}, "datetime": {"datetime": "2021-09-20 20:32:02", "elapsed": 4081.472652, "delta": 8.933801}}
{"target": -2.5163244595956513, "params": {"max_depth": 11.698078725764791, "n_estimators": 151.51247725366326}, "datetime": {"datetime": "2021-09-20 20:32:15", "elapsed": 4093.930036, "delta": 12.457384}}
{"target": -2.4763480605780055, "params": {"max_depth": 20.970510547370022, "n_estimators": 199.55607077113575}, "datetime": {"datetime": "2021-09-20 20:32:26", "elapsed": 4105.09383, "delta": 11.163794}}
{"target": -2.48248575620109, "params": {"max_depth": 17.738349474166696, "n_estimators": 202.53163905878804}, "datetime": {"datetime": "2021-09-20 20:32:37", "elapsed": 4116.720319, "delta": 11.626489}}
{"target": -2.4793389724310773, "params": {"max_depth": 23.14668468436954, "n_estimators": 84.65810578795357}, "datetime": {"datetime": "2021-09-20 20:33:04", "elapsed": 4143.493763, "delta": 26.773444}}
{"target": -2.4829469047066968, "params": {"max_depth": 24.981982965401976, "n_estimators": 227.10044140053378}, "datetime": {"datetime": "2021-09-20 20:33:16", "elapsed": 4155.47669, "delta": 11.982927}}
{"target": -2.482732911438141, "params": {"max_depth": 15.673451179433005, "n_estimators": 108.58733885578282}, "datetime": {"datetime": "2021-09-20 20:33:33", "elapsed": 4172.576706, "delta": 17.100016}}
{"target": -2.4536985068304564, "params": {"max_depth": 21.219455321947176, "n_estimators": 71.00447814127934}, "datetime": {"datetime": "2021-09-20 20:33:44", "elapsed": 4183.186518, "delta": 10.609812}}
{"target": -2.4770205365806426, "params": {"max_depth": 18.978229495920704, "n_estimators": 110.75149470406237}, "datetime": {"datetime": "2021-09-20 20:33:54", "elapsed": 4193.145554, "delta": 9.959036}}
{"target": -2.4539730006835274, "params": {"max_depth": 21.785175352624407, "n_estimators": 55.88824547301222}, "datetime": {"datetime": "2021-09-20 20:34:05", "elapsed": 4204.475465, "delta": 11.329911}}
{"target": -2.4763532860649002, "params": {"max_depth": 23.46599784262775, "n_estimators": 193.03994986102404}, "datetime": {"datetime": "2021-09-20 20:34:24", "elapsed": 4223.285238, "delta": 18.809773}}
{"target": -2.467969514461533, "params": {"max_depth": 15.77102644108623, "n_estimators": 99.59192051294781}, "datetime": {"datetime": "2021-09-20 20:34:44", "elapsed": 4243.563534, "delta": 20.278296}}
{"target": -2.490879055017505, "params": {"max_depth": 15.180918619925606, "n_estimators": 269.9120112336308}, "datetime": {"datetime": "2021-09-20 20:34:59", "elapsed": 4258.14428, "delta": 14.580746}}
{"target": -2.45625612945407, "params": {"max_depth": 22.1405005083509, "n_estimators": 46.249325448673794}, "datetime": {"datetime": "2021-09-20 20:35:13", "elapsed": 4272.040144, "delta": 13.895864}}
{"target": -2.481490608789414, "params": {"max_depth": 22.90420336423553, "n_estimators": 129.52014638727084}, "datetime": {"datetime": "2021-09-20 20:35:25", "elapsed": 4284.357754, "delta": 12.31761}}
{"target": -2.5393477095191046, "params": {"max_depth": 12.838395070646973, "n_estimators": 38.49417836985331}, "datetime": {"datetime": "2021-09-20 20:35:34", "elapsed": 4293.103564, "delta": 8.74581}}
{"target": -2.4785991508280647, "params": {"max_depth": 15.590041933367289, "n_estimators": 125.44343363181827}, "datetime": {"datetime": "2021-09-20 20:36:01", "elapsed": 4320.519455, "delta": 27.415891}}
{"target": -2.481103642519761, "params": {"max_depth": 17.124110534507153, "n_estimators": 40.14386267384996}, "datetime": {"datetime": "2021-09-20 20:36:14", "elapsed": 4332.857415, "delta": 12.33796}}
{"target": -2.4734215441143856, "params": {"max_depth": 20.669237196015057, "n_estimators": 216.22607823232323}, "datetime": {"datetime": "2021-09-20 20:36:29", "elapsed": 4348.104429, "delta": 15.247014}}
{"target": -2.502581605076388, "params": {"max_depth": 12.632104794318593, "n_estimators": 197.75907869237292}, "datetime": {"datetime": "2021-09-20 20:36:44", "elapsed": 4362.866921, "delta": 14.762492}}
{"target": -2.5164023333165217, "params": {"max_depth": 12.263029541997355, "n_estimators": 292.44413941762554}, "datetime": {"datetime": "2021-09-20 20:37:00", "elapsed": 4379.303708, "delta": 16.436787}}
{"target": -2.4253121716752153, "params": {"max_depth": 14.583533543634665, "n_estimators": 66.92275938346809}, "datetime": {"datetime": "2021-09-20 20:37:13", "elapsed": 4392.038813, "delta": 12.735105}}
{"target": -2.478506538483926, "params": {"max_depth": 15.35484541343088, "n_estimators": 202.06529838999717}, "datetime": {"datetime": "2021-09-20 20:37:28", "elapsed": 4407.019347, "delta": 14.980534}}
{"target": -2.4725901744754895, "params": {"max_depth": 14.89143966261642, "n_estimators": 129.38066883942065}, "datetime": {"datetime": "2021-09-20 20:37:39", "elapsed": 4418.413419, "delta": 11.394072}}
{"target": -2.4293005875495766, "params": {"max_depth": 14.45880408575093, "n_estimators": 68.1312768524721}, "datetime": {"datetime": "2021-09-20 20:37:48", "elapsed": 4427.534337, "delta": 9.120918}}
{"target": -2.4632879065556073, "params": {"max_depth": 16.309516348923605, "n_estimators": 69.06073260010228}, "datetime": {"datetime": "2021-09-20 20:38:04", "elapsed": 4443.251356, "delta": 15.717019}}
{"target": -2.562926738383869, "params": {"max_depth": 8.99376309274237, "n_estimators": 190.54844679594962}, "datetime": {"datetime": "2021-09-20 20:38:24", "elapsed": 4463.55117, "delta": 20.299814}}
{"target": -2.5195349376044276, "params": {"max_depth": 16.937529481073504, "n_estimators": 24.054424169552632}, "datetime": {"datetime": "2021-09-20 20:38:40", "elapsed": 4479.423706, "delta": 15.872536}}
{"target": -2.5069518939800033, "params": {"max_depth": 12.494249722606869, "n_estimators": 201.93381250437213}, "datetime": {"datetime": "2021-09-20 20:38:55", "elapsed": 4493.848709, "delta": 14.425003}}
{"target": -2.581858193979072, "params": {"max_depth": 11.00595951258234, "n_estimators": 29.529475366035363}, "datetime": {"datetime": "2021-09-20 20:39:07", "elapsed": 4505.877909, "delta": 12.0292}}
{"target": -2.502262486761133, "params": {"max_depth": 12.175522457207808, "n_estimators": 149.05505943454878}, "datetime": {"datetime": "2021-09-20 20:39:25", "elapsed": 4524.046942, "delta": 18.169033}}
{"target": -2.4465324245994906, "params": {"max_depth": 18.20560179599702, "n_estimators": 67.5125441672014}, "datetime": {"datetime": "2021-09-20 20:39:45", "elapsed": 4544.075243, "delta": 20.028301}}
{"target": -2.473856369896701, "params": {"max_depth": 23.29451943199358, "n_estimators": 214.81720139895842}, "datetime": {"datetime": "2021-09-20 20:40:05", "elapsed": 4564.676455, "delta": 20.601212}}
{"target": -2.548438299466601, "params": {"max_depth": 9.680639513782381, "n_estimators": 217.91922920719261}, "datetime": {"datetime": "2021-09-20 20:40:34", "elapsed": 4593.226055, "delta": 28.5496}}
{"target": -2.504478891759301, "params": {"max_depth": 12.461956126065182, "n_estimators": 220.66360421178973}, "datetime": {"datetime": "2021-09-20 20:40:50", "elapsed": 4609.032688, "delta": 15.806633}}
{"target": -2.4688273993808045, "params": {"max_depth": 23.248894938249215, "n_estimators": 34.02003418124129}, "datetime": {"datetime": "2021-09-20 20:41:03", "elapsed": 4622.107325, "delta": 13.074637}}
{"target": -2.468726799146716, "params": {"max_depth": 17.641618740511138, "n_estimators": 122.8507672080046}, "datetime": {"datetime": "2021-09-20 20:41:15", "elapsed": 4634.734384, "delta": 12.627059}}
{"target": -2.4770959381489313, "params": {"max_depth": 14.170432704545906, "n_estimators": 132.148268564632}, "datetime": {"datetime": "2021-09-20 20:41:39", "elapsed": 4657.945912, "delta": 23.211528}}
{"target": -2.4776482036459067, "params": {"max_depth": 22.908092436772623, "n_estimators": 106.46391170938139}, "datetime": {"datetime": "2021-09-20 20:42:05", "elapsed": 4684.432449, "delta": 26.486537}}
{"target": -2.4858305596005796, "params": {"max_depth": 24.984643292405025, "n_estimators": 253.26190344933232}, "datetime": {"datetime": "2021-09-20 20:42:33", "elapsed": 4712.160064, "delta": 27.727615}}
{"target": -2.4897579597140966, "params": {"max_depth": 23.323314949012353, "n_estimators": 243.1087452049864}, "datetime": {"datetime": "2021-09-20 20:42:46", "elapsed": 4725.283833, "delta": 13.123769}}
{"target": -2.4863614394463993, "params": {"max_depth": 20.30957355256581, "n_estimators": 228.6571084034895}, "datetime": {"datetime": "2021-09-20 20:43:07", "elapsed": 4746.669537, "delta": 21.385704}}
{"target": -2.438873887143231, "params": {"max_depth": 20.584692478196757, "n_estimators": 67.14570197319506}, "datetime": {"datetime": "2021-09-20 20:43:21", "elapsed": 4760.606702, "delta": 13.937165}}
{"target": -2.487102973919503, "params": {"max_depth": 13.569455802555584, "n_estimators": 102.6873847937161}, "datetime": {"datetime": "2021-09-20 20:43:39", "elapsed": 4777.816648, "delta": 17.209946}}
{"target": -2.503297235215397, "params": {"max_depth": 16.918105153060132, "n_estimators": 156.7312431000889}, "datetime": {"datetime": "2021-09-20 20:44:02", "elapsed": 4800.847217, "delta": 23.030569}}
{"target": -2.4716789283999927, "params": {"max_depth": 20.939415356435614, "n_estimators": 103.46211065146156}, "datetime": {"datetime": "2021-09-20 20:44:20", "elapsed": 4819.209665, "delta": 18.362448}}
{"target": -2.450495804729214, "params": {"max_depth": 23.795465278172024, "n_estimators": 69.91678225384545}, "datetime": {"datetime": "2021-09-20 20:44:34", "elapsed": 4832.8597, "delta": 13.650035}}
{"target": -2.485193519789924, "params": {"max_depth": 20.585436366007567, "n_estimators": 169.770370582266}, "datetime": {"datetime": "2021-09-20 20:44:51", "elapsed": 4850.324455, "delta": 17.464755}}
{"target": -2.477909167276598, "params": {"max_depth": 22.462132076531613, "n_estimators": 113.29802719309008}, "datetime": {"datetime": "2021-09-20 20:45:05", "elapsed": 4863.913351, "delta": 13.588896}}
{"target": -2.4834826978864455, "params": {"max_depth": 23.056544353530562, "n_estimators": 254.29304657467657}, "datetime": {"datetime": "2021-09-20 20:45:22", "elapsed": 4881.499587, "delta": 17.586236}}
{"target": -2.4785387328729875, "params": {"max_depth": 20.575775657645394, "n_estimators": 132.03525017905042}, "datetime": {"datetime": "2021-09-20 20:45:43", "elapsed": 4901.853788, "delta": 20.354201}}
{"target": -2.4547291366041373, "params": {"max_depth": 18.261131659905708, "n_estimators": 63.243482340343775}, "datetime": {"datetime": "2021-09-20 20:45:54", "elapsed": 4913.235658, "delta": 11.38187}}
{"target": -2.4900204367692735, "params": {"max_depth": 15.479222278033033, "n_estimators": 145.04434140590848}, "datetime": {"datetime": "2021-09-20 20:46:05", "elapsed": 4923.992014, "delta": 10.756356}}
{"target": -2.4849224945926447, "params": {"max_depth": 23.05124698618667, "n_estimators": 146.84829693282524}, "datetime": {"datetime": "2021-09-20 20:46:20", "elapsed": 4939.643106, "delta": 15.651092}}
{"target": -2.4731371041239463, "params": {"max_depth": 17.61742591495166, "n_estimators": 89.95474820356388}, "datetime": {"datetime": "2021-09-20 20:46:36", "elapsed": 4955.515351, "delta": 15.872245}}
{"target": -2.491912272668849, "params": {"max_depth": 19.041529807957644, "n_estimators": 286.4225367292583}, "datetime": {"datetime": "2021-09-20 20:46:56", "elapsed": 4975.153271, "delta": 19.63792}}
{"target": -2.4747880769632413, "params": {"max_depth": 21.462493107796213, "n_estimators": 96.92567029006752}, "datetime": {"datetime": "2021-09-20 20:47:17", "elapsed": 4996.196593, "delta": 21.043322}}
{"target": -2.4754952284557548, "params": {"max_depth": 21.424493692850767, "n_estimators": 52.46256618298882}, "datetime": {"datetime": "2021-09-20 20:47:30", "elapsed": 5009.256592, "delta": 13.059999}}
{"target": -2.507587979361212, "params": {"max_depth": 12.963597817735344, "n_estimators": 227.0243585431324}, "datetime": {"datetime": "2021-09-20 20:47:54", "elapsed": 5032.800199, "delta": 23.543607}}
{"target": -2.4699946657183496, "params": {"max_depth": 25.0, "n_estimators": 74.99268412237203}, "datetime": {"datetime": "2021-09-20 20:48:11", "elapsed": 5050.021597, "delta": 17.221398}}
{"target": -2.489351568109703, "params": {"max_depth": 18.185345409659277, "n_estimators": 275.73906407651333}, "datetime": {"datetime": "2021-09-20 20:48:28", "elapsed": 5067.365776, "delta": 17.344179}}
{"target": -2.478070113402314, "params": {"max_depth": 21.82169506336451, "n_estimators": 202.5502161826345}, "datetime": {"datetime": "2021-09-20 20:48:46", "elapsed": 5085.613334, "delta": 18.247558}}
{"target": -2.4838813776683812, "params": {"max_depth": 20.962976001075962, "n_estimators": 260.3823400805221}, "datetime": {"datetime": "2021-09-20 20:49:11", "elapsed": 5110.372649, "delta": 24.759315}}
{"target": -2.4871240601503755, "params": {"max_depth": 24.97753554384359, "n_estimators": 28.11090980726963}, "datetime": {"datetime": "2021-09-20 20:49:32", "elapsed": 5131.398295, "delta": 21.025646}}
{"target": -2.479431275911299, "params": {"max_depth": 14.346658212355774, "n_estimators": 212.8477746618285}, "datetime": {"datetime": "2021-09-20 20:49:44", "elapsed": 5143.044991, "delta": 11.646696}}
{"target": -2.486144227973245, "params": {"max_depth": 25.0, "n_estimators": 181.8105134687886}, "datetime": {"datetime": "2021-09-20 20:49:59", "elapsed": 5158.208253, "delta": 15.163262}}
{"target": -2.4852719613029306, "params": {"max_depth": 15.527740888868799, "n_estimators": 277.01044334813525}, "datetime": {"datetime": "2021-09-20 20:50:17", "elapsed": 5176.650866, "delta": 18.442613}}
