{"target": 0.8416664671257728, "params": {"max_depth": 38.597368804352065, "n_estimators": 25.25462687951178}, "datetime": {"datetime": "2021-09-21 15:54:50", "elapsed": 330.938424, "delta": 1.620272}}
{"target": 0.8410986638865767, "params": {"max_depth": 35.18661158309104, "n_estimators": 26.974442788782238}, "datetime": {"datetime": "2021-09-21 15:54:52", "elapsed": 332.859557, "delta": 1.921133}}
{"target": 0.8342054482533516, "params": {"max_depth": 31.610866741316524, "n_estimators": 18.608424663374418}, "datetime": {"datetime": "2021-09-21 15:54:54", "elapsed": 335.454286, "delta": 2.594729}}
{"target": 0.8302015339111183, "params": {"max_depth": 34.25466272858726, "n_estimators": 17.001771987176404}, "datetime": {"datetime": "2021-09-21 15:54:58", "elapsed": 339.441086, "delta": 3.9868}}
{"target": 0.8434172421662551, "params": {"max_depth": 32.2780646027069, "n_estimators": 19.275192689569863}, "datetime": {"datetime": "2021-09-21 15:55:00", "elapsed": 341.615664, "delta": 2.174578}}
{"target": 0.8410545907133922, "params": {"max_depth": 40.14122401993047, "n_estimators": 22.3021373658838}, "datetime": {"datetime": "2021-09-21 15:55:04", "elapsed": 344.851394, "delta": 3.23573}}
{"target": 0.8410545907133922, "params": {"max_depth": 31.909689745552193, "n_estimators": 22.707601391553503}, "datetime": {"datetime": "2021-09-21 15:55:07", "elapsed": 347.869904, "delta": 3.01851}}
{"target": 0.8434172421662551, "params": {"max_depth": 31.76459086167524, "n_estimators": 19.25532022903778}, "datetime": {"datetime": "2021-09-21 15:55:09", "elapsed": 350.233113, "delta": 2.363209}}
{"target": 0.8395922120831986, "params": {"max_depth": 37.32742854417212, "n_estimators": 24.53093873279539}, "datetime": {"datetime": "2021-09-21 15:55:11", "elapsed": 352.347514, "delta": 2.114401}}
{"target": 0.8434172421662551, "params": {"max_depth": 47.6718889294195, "n_estimators": 19.56967811387833}, "datetime": {"datetime": "2021-09-21 15:55:14", "elapsed": 355.089876, "delta": 2.742362}}
{"target": 0.8434172421662551, "params": {"max_depth": 48.166970861533756, "n_estimators": 19.64770295176155}, "datetime": {"datetime": "2021-09-21 15:55:16", "elapsed": 357.038564, "delta": 1.948688}}
{"target": 0.8434172421662551, "params": {"max_depth": 47.80519651803775, "n_estimators": 19.148831993998886}, "datetime": {"datetime": "2021-09-21 15:55:18", "elapsed": 359.406696, "delta": 2.368132}}
{"target": 0.8410986638865767, "params": {"max_depth": 42.55492125175116, "n_estimators": 26.63116892175485}, "datetime": {"datetime": "2021-09-21 15:55:21", "elapsed": 361.766677, "delta": 2.359981}}
{"target": 0.8394329211700038, "params": {"max_depth": 31.168478294787977, "n_estimators": 23.109398096914283}, "datetime": {"datetime": "2021-09-21 15:55:24", "elapsed": 365.622237, "delta": 3.85556}}
{"target": 0.8434172421662551, "params": {"max_depth": 38.315366807044846, "n_estimators": 19.1013923426775}, "datetime": {"datetime": "2021-09-21 15:55:27", "elapsed": 367.845358, "delta": 2.223121}}
{"target": 0.8410986638865767, "params": {"max_depth": 49.017806743851494, "n_estimators": 26.99859873892128}, "datetime": {"datetime": "2021-09-21 15:55:29", "elapsed": 370.549788, "delta": 2.70443}}
{"target": 0.8434172421662551, "params": {"max_depth": 43.104347444680144, "n_estimators": 19.908819869662796}, "datetime": {"datetime": "2021-09-21 15:55:32", "elapsed": 373.313, "delta": 2.763212}}
{"target": 0.8410986638865767, "params": {"max_depth": 38.366703172872235, "n_estimators": 26.509567549813994}, "datetime": {"datetime": "2021-09-21 15:55:35", "elapsed": 375.925734, "delta": 2.612734}}
{"target": 0.8394329211700038, "params": {"max_depth": 40.143438329926546, "n_estimators": 23.13109935482328}, "datetime": {"datetime": "2021-09-21 15:55:38", "elapsed": 379.546982, "delta": 3.621248}}
{"target": 0.8395922120831986, "params": {"max_depth": 39.80553211172687, "n_estimators": 24.68177760551128}, "datetime": {"datetime": "2021-09-21 15:55:40", "elapsed": 381.384365, "delta": 1.837383}}
{"target": 0.8410545907133922, "params": {"max_depth": 36.274682576827814, "n_estimators": 22.602546463538197}, "datetime": {"datetime": "2021-09-21 15:55:44", "elapsed": 384.657439, "delta": 3.273074}}
{"target": 0.8410986638865767, "params": {"max_depth": 39.76235480648042, "n_estimators": 26.267081156926835}, "datetime": {"datetime": "2021-09-21 15:55:45", "elapsed": 386.614723, "delta": 1.957284}}
{"target": 0.8434172421662551, "params": {"max_depth": 45.64447065253543, "n_estimators": 19.526801037080894}, "datetime": {"datetime": "2021-09-21 15:55:47", "elapsed": 387.990315, "delta": 1.375592}}
{"target": 0.8342054482533516, "params": {"max_depth": 45.11685904820227, "n_estimators": 18.980775467318185}, "datetime": {"datetime": "2021-09-21 15:55:49", "elapsed": 389.801313, "delta": 1.810998}}
{"target": 0.8434172421662551, "params": {"max_depth": 44.43364982481886, "n_estimators": 19.361100889271178}, "datetime": {"datetime": "2021-09-21 15:55:51", "elapsed": 392.002412, "delta": 2.201099}}
{"target": 0.8434172421662551, "params": {"max_depth": 36.044957168022684, "n_estimators": 19.208375659374983}, "datetime": {"datetime": "2021-09-21 15:55:54", "elapsed": 394.830658, "delta": 2.828246}}
{"target": 0.8434172421662551, "params": {"max_depth": 44.440568627782646, "n_estimators": 19.36531539493611}, "datetime": {"datetime": "2021-09-21 15:55:55", "elapsed": 396.648408, "delta": 1.81775}}
{"target": 0.8342054482533516, "params": {"max_depth": 44.08783827750126, "n_estimators": 18.902824015981807}, "datetime": {"datetime": "2021-09-21 15:55:59", "elapsed": 400.11298, "delta": 3.464572}}
{"target": 0.8342054482533516, "params": {"max_depth": 33.86554542127998, "n_estimators": 18.90588775803947}, "datetime": {"datetime": "2021-09-21 15:56:02", "elapsed": 402.997075, "delta": 2.884095}}
{"target": 0.8342054482533516, "params": {"max_depth": 47.708919604626146, "n_estimators": 18.510157268673243}, "datetime": {"datetime": "2021-09-21 15:56:05", "elapsed": 405.669814, "delta": 2.672739}}
{"target": 0.8415337047276287, "params": {"max_depth": 44.5630833398812, "n_estimators": 20.918456597197082}, "datetime": {"datetime": "2021-09-21 15:56:08", "elapsed": 408.658504, "delta": 2.98869}}
{"target": 0.8434172421662551, "params": {"max_depth": 33.46690334190318, "n_estimators": 19.770167455165122}, "datetime": {"datetime": "2021-09-21 15:56:11", "elapsed": 411.956615, "delta": 3.298111}}
{"target": 0.8415337047276287, "params": {"max_depth": 35.89968473648272, "n_estimators": 20.619063227170653}, "datetime": {"datetime": "2021-09-21 15:56:14", "elapsed": 415.119905, "delta": 3.16329}}
{"target": 0.8410545907133922, "params": {"max_depth": 41.50874028669923, "n_estimators": 22.39612707786192}, "datetime": {"datetime": "2021-09-21 15:56:18", "elapsed": 419.442836, "delta": 4.322931}}
{"target": 0.8384383158078919, "params": {"max_depth": 37.10447475245615, "n_estimators": 27.0}, "datetime": {"datetime": "2021-09-21 15:56:20", "elapsed": 421.178606, "delta": 1.73577}}
{"target": 0.8410986638865767, "params": {"max_depth": 45.61317941598837, "n_estimators": 26.31366545843405}, "datetime": {"datetime": "2021-09-21 15:56:23", "elapsed": 423.826469, "delta": 2.647863}}
{"target": 0.8394329211700038, "params": {"max_depth": 43.579267218178686, "n_estimators": 23.728056819352332}, "datetime": {"datetime": "2021-09-21 15:56:25", "elapsed": 426.448551, "delta": 2.622082}}
{"target": 0.8302015339111183, "params": {"max_depth": 38.61468036402935, "n_estimators": 17.0}, "datetime": {"datetime": "2021-09-21 15:56:30", "elapsed": 431.223425, "delta": 4.774874}}
{"target": 0.8434172421662551, "params": {"max_depth": 46.31270786147739, "n_estimators": 19.835885298079035}, "datetime": {"datetime": "2021-09-21 15:56:33", "elapsed": 434.375021, "delta": 3.151596}}
{"target": 0.8394329211700038, "params": {"max_depth": 35.81473445064817, "n_estimators": 23.661414525914275}, "datetime": {"datetime": "2021-09-21 15:56:37", "elapsed": 438.303105, "delta": 3.928084}}
{"target": 0.8434172421662551, "params": {"max_depth": 34.278405174519094, "n_estimators": 19.649020940869654}, "datetime": {"datetime": "2021-09-21 15:56:40", "elapsed": 441.275003, "delta": 2.971898}}
{"target": 0.8410986638865767, "params": {"max_depth": 43.50962963833233, "n_estimators": 26.296457106281043}, "datetime": {"datetime": "2021-09-21 15:56:42", "elapsed": 443.203497, "delta": 1.928494}}
{"target": 0.8394329211700038, "params": {"max_depth": 33.099304444653406, "n_estimators": 23.796068937912295}, "datetime": {"datetime": "2021-09-21 15:56:45", "elapsed": 446.496861, "delta": 3.293364}}
{"target": 0.8384383158078919, "params": {"max_depth": 31.300863096644076, "n_estimators": 27.0}, "datetime": {"datetime": "2021-09-21 15:56:50", "elapsed": 450.930837, "delta": 4.433976}}
{"target": 0.8416664671257728, "params": {"max_depth": 47.15129046653131, "n_estimators": 25.8407977234974}, "datetime": {"datetime": "2021-09-21 15:56:53", "elapsed": 453.791422, "delta": 2.860585}}
{"target": 0.8401889232406063, "params": {"max_depth": 30.64318081739215, "n_estimators": 21.985626842146768}, "datetime": {"datetime": "2021-09-21 15:56:58", "elapsed": 458.666769, "delta": 4.875347}}
{"target": 0.8434172421662551, "params": {"max_depth": 37.47914417131139, "n_estimators": 19.85713020148143}, "datetime": {"datetime": "2021-09-21 15:57:00", "elapsed": 461.442265, "delta": 2.775496}}
{"target": 0.8410545907133922, "params": {"max_depth": 49.19962774553919, "n_estimators": 22.987129501807033}, "datetime": {"datetime": "2021-09-21 15:57:06", "elapsed": 467.180786, "delta": 5.738521}}
{"target": 0.8415337047276287, "params": {"max_depth": 44.88391560437476, "n_estimators": 20.12934650556086}, "datetime": {"datetime": "2021-09-21 15:57:09", "elapsed": 469.721514, "delta": 2.540728}}
{"target": 0.8415337047276287, "params": {"max_depth": 35.89797088131935, "n_estimators": 20.621041514501083}, "datetime": {"datetime": "2021-09-21 15:57:10", "elapsed": 471.37794, "delta": 1.656426}}
{"target": 0.8415337047276287, "params": {"max_depth": 38.57010459214915, "n_estimators": 20.78355559073039}, "datetime": {"datetime": "2021-09-21 15:57:14", "elapsed": 474.966117, "delta": 3.588177}}
{"target": 0.8416664671257728, "params": {"max_depth": 37.64416831230573, "n_estimators": 25.69541788925401}, "datetime": {"datetime": "2021-09-21 15:57:16", "elapsed": 476.994816, "delta": 2.028699}}
{"target": 0.8410545907133922, "params": {"max_depth": 34.166098568006404, "n_estimators": 22.354145759264494}, "datetime": {"datetime": "2021-09-21 15:57:18", "elapsed": 479.022833, "delta": 2.028017}}
{"target": 0.8434172421662551, "params": {"max_depth": 44.02711531306748, "n_estimators": 19.678002221725443}, "datetime": {"datetime": "2021-09-21 15:57:20", "elapsed": 480.888865, "delta": 1.866032}}
{"target": 0.8415337047276287, "params": {"max_depth": 40.485260787002005, "n_estimators": 20.805327090538405}, "datetime": {"datetime": "2021-09-21 15:57:23", "elapsed": 484.409355, "delta": 3.52049}}
{"target": 0.8410986638865767, "params": {"max_depth": 35.667185916507215, "n_estimators": 26.279286542551716}, "datetime": {"datetime": "2021-09-21 15:57:26", "elapsed": 487.056167, "delta": 2.646812}}
{"target": 0.8384383158078919, "params": {"max_depth": 39.603868742817916, "n_estimators": 27.0}, "datetime": {"datetime": "2021-09-21 15:57:30", "elapsed": 490.722387, "delta": 3.66622}}
{"target": 0.8410986638865767, "params": {"max_depth": 30.584822195451608, "n_estimators": 26.256210157702004}, "datetime": {"datetime": "2021-09-21 15:57:34", "elapsed": 495.099411, "delta": 4.377024}}
{"target": 0.8410986638865767, "params": {"max_depth": 40.76389642464575, "n_estimators": 26.99832202711045}, "datetime": {"datetime": "2021-09-21 15:57:36", "elapsed": 497.448936, "delta": 2.349525}}
{"target": 0.8401889232406063, "params": {"max_depth": 36.81571707879072, "n_estimators": 21.024544466716314}, "datetime": {"datetime": "2021-09-21 15:57:39", "elapsed": 500.311854, "delta": 2.862918}}
{"target": 0.8434172421662551, "params": {"max_depth": 48.00459115736402, "n_estimators": 19.35957528054803}, "datetime": {"datetime": "2021-09-21 15:57:43", "elapsed": 503.661479, "delta": 3.349625}}
{"target": 0.8434172421662551, "params": {"max_depth": 47.323809990733096, "n_estimators": 19.353454380220906}, "datetime": {"datetime": "2021-09-21 15:57:47", "elapsed": 507.701146, "delta": 4.039667}}
{"target": 0.8416664671257728, "params": {"max_depth": 31.75887329544773, "n_estimators": 25.748851540424152}, "datetime": {"datetime": "2021-09-21 15:57:49", "elapsed": 509.856642, "delta": 2.155496}}
{"target": 0.8401889232406063, "params": {"max_depth": 42.67109398785065, "n_estimators": 21.633382368390862}, "datetime": {"datetime": "2021-09-21 15:57:53", "elapsed": 514.024142, "delta": 4.1675}}
{"target": 0.8434172421662551, "params": {"max_depth": 33.13841415280998, "n_estimators": 19.427422435950817}, "datetime": {"datetime": "2021-09-21 15:57:56", "elapsed": 516.893483, "delta": 2.869341}}
{"target": 0.8342054482533516, "params": {"max_depth": 48.53586630145107, "n_estimators": 18.785585032154337}, "datetime": {"datetime": "2021-09-21 15:57:58", "elapsed": 519.197499, "delta": 2.304016}}
{"target": 0.8416664671257728, "params": {"max_depth": 42.969922116049624, "n_estimators": 25.278631243379202}, "datetime": {"datetime": "2021-09-21 15:58:00", "elapsed": 521.586048, "delta": 2.388549}}
{"target": 0.8410545907133922, "params": {"max_depth": 43.83954200638048, "n_estimators": 22.352114306964786}, "datetime": {"datetime": "2021-09-21 15:58:03", "elapsed": 524.644128, "delta": 3.05808}}
{"target": 0.8395922120831986, "params": {"max_depth": 44.82171211902316, "n_estimators": 24.554967257706252}, "datetime": {"datetime": "2021-09-21 15:58:06", "elapsed": 527.325945, "delta": 2.681817}}
{"target": 0.8395922120831986, "params": {"max_depth": 35.170543893852525, "n_estimators": 24.964353122652856}, "datetime": {"datetime": "2021-09-21 15:58:08", "elapsed": 529.48683, "delta": 2.160885}}
{"target": 0.8415337047276287, "params": {"max_depth": 37.7670051419178, "n_estimators": 20.443374833771628}, "datetime": {"datetime": "2021-09-21 15:58:11", "elapsed": 531.854098, "delta": 2.367268}}
{"target": 0.8434172421662551, "params": {"max_depth": 44.549822121811275, "n_estimators": 19.091695693389912}, "datetime": {"datetime": "2021-09-21 15:58:12", "elapsed": 533.484277, "delta": 1.630179}}
{"target": 0.8415337047276287, "params": {"max_depth": 34.739705505896595, "n_estimators": 20.12890510120207}, "datetime": {"datetime": "2021-09-21 15:58:16", "elapsed": 536.758606, "delta": 3.274329}}
{"target": 0.8394329211700038, "params": {"max_depth": 49.28686150375685, "n_estimators": 23.775322494464653}, "datetime": {"datetime": "2021-09-21 15:58:19", "elapsed": 539.923524, "delta": 3.164918}}
{"target": 0.8410986638865767, "params": {"max_depth": 32.55081621440854, "n_estimators": 26.21827598074718}, "datetime": {"datetime": "2021-09-21 15:58:24", "elapsed": 544.674355, "delta": 4.750831}}
{"target": 0.8416664671257728, "params": {"max_depth": 49.77296742537171, "n_estimators": 25.272998588521588}, "datetime": {"datetime": "2021-09-21 15:58:27", "elapsed": 548.161765, "delta": 3.48741}}
{"target": 0.8401889232406063, "params": {"max_depth": 34.71229055183294, "n_estimators": 21.447645902776415}, "datetime": {"datetime": "2021-09-21 15:58:29", "elapsed": 550.435531, "delta": 2.273766}}
{"target": 0.8434172421662551, "params": {"max_depth": 38.86120372452051, "n_estimators": 19.00209089570278}, "datetime": {"datetime": "2021-09-21 15:58:32", "elapsed": 552.85521, "delta": 2.419679}}
{"target": 0.8434172421662551, "params": {"max_depth": 40.90795831472399, "n_estimators": 19.982646088633064}, "datetime": {"datetime": "2021-09-21 15:58:34", "elapsed": 554.702142, "delta": 1.846932}}
{"target": 0.8401889232406063, "params": {"max_depth": 33.240574297161594, "n_estimators": 21.617591726733913}, "datetime": {"datetime": "2021-09-21 15:58:36", "elapsed": 557.286085, "delta": 2.583943}}
{"target": 0.8416664671257728, "params": {"max_depth": 41.72422184305306, "n_estimators": 25.340284702666263}, "datetime": {"datetime": "2021-09-21 15:58:38", "elapsed": 559.223758, "delta": 1.937673}}
{"target": 0.8434172421662551, "params": {"max_depth": 41.18727677507556, "n_estimators": 19.435442586706486}, "datetime": {"datetime": "2021-09-21 15:58:40", "elapsed": 561.494629, "delta": 2.270871}}
{"target": 0.8342054482533516, "params": {"max_depth": 41.05927077018257, "n_estimators": 18.920469336773255}, "datetime": {"datetime": "2021-09-21 15:58:42", "elapsed": 563.335709, "delta": 1.84108}}
{"target": 0.8434172421662551, "params": {"max_depth": 41.214983623743706, "n_estimators": 19.717805565624566}, "datetime": {"datetime": "2021-09-21 15:58:44", "elapsed": 565.438638, "delta": 2.102929}}
{"target": 0.8410545907133922, "params": {"max_depth": 35.637368056104194, "n_estimators": 22.23422145004077}, "datetime": {"datetime": "2021-09-21 15:58:47", "elapsed": 567.769905, "delta": 2.331267}}
{"target": 0.8434172421662551, "params": {"max_depth": 40.35198203089192, "n_estimators": 19.37586084314412}, "datetime": {"datetime": "2021-09-21 15:58:48", "elapsed": 569.348277, "delta": 1.578372}}
{"target": 0.8410545907133922, "params": {"max_depth": 39.41797038571582, "n_estimators": 22.02416984214593}, "datetime": {"datetime": "2021-09-21 15:58:50", "elapsed": 570.943106, "delta": 1.594829}}
{"target": 0.8394329211700038, "params": {"max_depth": 45.690638288549486, "n_estimators": 23.411647695393597}, "datetime": {"datetime": "2021-09-21 15:58:52", "elapsed": 573.112495, "delta": 2.169389}}
{"target": 0.8416664671257728, "params": {"max_depth": 48.34767857645447, "n_estimators": 25.24403465497155}, "datetime": {"datetime": "2021-09-21 15:58:54", "elapsed": 575.23675, "delta": 2.124255}}
{"target": 0.8401889232406063, "params": {"max_depth": 38.106946629408284, "n_estimators": 21.73884535455954}, "datetime": {"datetime": "2021-09-21 15:58:57", "elapsed": 577.85614, "delta": 2.61939}}
{"target": 0.8434172421662551, "params": {"max_depth": 45.96868280615581, "n_estimators": 19.667243797857978}, "datetime": {"datetime": "2021-09-21 15:58:59", "elapsed": 579.801845, "delta": 1.945705}}
{"target": 0.8434172421662551, "params": {"max_depth": 31.85723222288484, "n_estimators": 19.973973604044573}, "datetime": {"datetime": "2021-09-21 15:59:03", "elapsed": 584.513616, "delta": 4.711771}}
{"target": 0.8410986638865767, "params": {"max_depth": 34.19676146199768, "n_estimators": 26.36151071471727}, "datetime": {"datetime": "2021-09-21 15:59:05", "elapsed": 586.384331, "delta": 1.870715}}
{"target": 0.8410986638865767, "params": {"max_depth": 41.47218423365285, "n_estimators": 26.063053527535672}, "datetime": {"datetime": "2021-09-21 15:59:07", "elapsed": 587.891749, "delta": 1.507418}}
{"target": 0.8434172421662551, "params": {"max_depth": 46.91703596309084, "n_estimators": 19.59923492963392}, "datetime": {"datetime": "2021-09-21 15:59:09", "elapsed": 590.423827, "delta": 2.532078}}
{"target": 0.8410545907133922, "params": {"max_depth": 46.39909856661585, "n_estimators": 22.376706524132878}, "datetime": {"datetime": "2021-09-21 15:59:11", "elapsed": 592.52165, "delta": 2.097823}}
{"target": 0.8434172421662551, "params": {"max_depth": 35.075858021306075, "n_estimators": 19.40719386385305}, "datetime": {"datetime": "2021-09-21 15:59:13", "elapsed": 594.428084, "delta": 1.906434}}
{"target": 0.8434172421662551, "params": {"max_depth": 43.76967491978424, "n_estimators": 19.51076765115629}, "datetime": {"datetime": "2021-09-21 15:59:16", "elapsed": 597.166069, "delta": 2.737985}}
{"target": 0.8394329211700038, "params": {"max_depth": 31.907142666520258, "n_estimators": 23.890112246939967}, "datetime": {"datetime": "2021-09-21 15:59:18", "elapsed": 599.191514, "delta": 2.025445}}
{"target": 0.8342054482533516, "params": {"max_depth": 43.35079220424555, "n_estimators": 18.485706455664854}, "datetime": {"datetime": "2021-09-21 15:59:20", "elapsed": 601.110541, "delta": 1.919027}}
{"target": 0.8415337047276287, "params": {"max_depth": 33.985350605914135, "n_estimators": 20.05581598457262}, "datetime": {"datetime": "2021-09-21 15:59:21", "elapsed": 602.339255, "delta": 1.228714}}
{"target": 0.8410545907133922, "params": {"max_depth": 31.775878243367835, "n_estimators": 22.12648898384617}, "datetime": {"datetime": "2021-09-21 15:59:23", "elapsed": 604.180434, "delta": 1.841179}}
{"target": 0.8434172421662551, "params": {"max_depth": 39.75165478349357, "n_estimators": 19.602987677342366}, "datetime": {"datetime": "2021-09-21 15:59:25", "elapsed": 606.56321, "delta": 2.382776}}
{"target": 0.8434172421662551, "params": {"max_depth": 31.259138002646395, "n_estimators": 19.324251070261326}, "datetime": {"datetime": "2021-09-21 15:59:27", "elapsed": 608.334771, "delta": 1.771561}}
{"target": 0.8416664671257728, "params": {"max_depth": 40.421351098517725, "n_estimators": 25.724936138560167}, "datetime": {"datetime": "2021-09-21 15:59:29", "elapsed": 610.2705, "delta": 1.935729}}
{"target": 0.8434172421662551, "params": {"max_depth": 35.72369372820545, "n_estimators": 19.117897846310598}, "datetime": {"datetime": "2021-09-21 15:59:31", "elapsed": 611.970765, "delta": 1.700265}}
{"target": 0.8302015339111183, "params": {"max_depth": 31.897129197381595, "n_estimators": 17.014126933584073}, "datetime": {"datetime": "2021-09-21 15:59:33", "elapsed": 613.66614, "delta": 1.695375}}
{"target": 0.8415337047276287, "params": {"max_depth": 43.51446655384834, "n_estimators": 20.151043037014087}, "datetime": {"datetime": "2021-09-21 15:59:34", "elapsed": 615.346911, "delta": 1.680771}}
{"target": 0.8415337047276287, "params": {"max_depth": 42.801453925784315, "n_estimators": 20.362777622891578}, "datetime": {"datetime": "2021-09-21 15:59:36", "elapsed": 616.824328, "delta": 1.477417}}
