{"target": 0.8422837557035906, "params": {"max_depth": 17.936858394968812, "n_estimators": 94.79322582844712}, "datetime": {"datetime": "2021-09-21 13:21:05", "elapsed": 192.492356, "delta": 1.852905}}
{"target": 0.8424857373932433, "params": {"max_depth": 20.485887400911583, "n_estimators": 93.66169863169434}, "datetime": {"datetime": "2021-09-21 13:21:08", "elapsed": 194.670606, "delta": 2.17825}}
{"target": 0.8402776679814264, "params": {"max_depth": 21.61491470728344, "n_estimators": 31.278013341901442}, "datetime": {"datetime": "2021-09-21 13:21:09", "elapsed": 195.975976, "delta": 1.30537}}
{"target": 0.8375515929785216, "params": {"max_depth": 11.875016997496227, "n_estimators": 36.618790100324986}, "datetime": {"datetime": "2021-09-21 13:21:10", "elapsed": 197.402823, "delta": 1.426847}}
{"target": 0.845560957791416, "params": {"max_depth": 12.314879460979709, "n_estimators": 66.87996376890806}, "datetime": {"datetime": "2021-09-21 13:21:12", "elapsed": 198.81681, "delta": 1.413987}}
{"target": 0.8435550321023848, "params": {"max_depth": 27.411827622558285, "n_estimators": 56.78665166681311}, "datetime": {"datetime": "2021-09-21 13:21:13", "elapsed": 200.393575, "delta": 1.576765}}
{"target": 0.843956274736063, "params": {"max_depth": 29.981512383509777, "n_estimators": 33.64818593475123}, "datetime": {"datetime": "2021-09-21 13:21:15", "elapsed": 201.811966, "delta": 1.418391}}
{"target": 0.8439240041083783, "params": {"max_depth": 28.04034668239185, "n_estimators": 71.3896233116792}, "datetime": {"datetime": "2021-09-21 13:21:17", "elapsed": 203.612033, "delta": 1.800067}}
{"target": 0.8369184227405317, "params": {"max_depth": 14.044941251192633, "n_estimators": 17.328240772357073}, "datetime": {"datetime": "2021-09-21 13:21:18", "elapsed": 204.882032, "delta": 1.269999}}
{"target": 0.8417423532704476, "params": {"max_depth": 29.92318738731921, "n_estimators": 90.4955005329054}, "datetime": {"datetime": "2021-09-21 13:21:20", "elapsed": 207.139338, "delta": 2.257306}}
{"target": 0.8463579076386314, "params": {"max_depth": 30.0, "n_estimators": 65.13839566138077}, "datetime": {"datetime": "2021-09-21 13:21:22", "elapsed": 209.4381, "delta": 2.298762}}
{"target": 0.8411335002810139, "params": {"max_depth": 12.05131452020775, "n_estimators": 78.34402095355948}, "datetime": {"datetime": "2021-09-21 13:21:25", "elapsed": 211.853545, "delta": 2.415445}}
{"target": 0.8435623729505878, "params": {"max_depth": 18.552698044569553, "n_estimators": 71.41047521518388}, "datetime": {"datetime": "2021-09-21 13:21:27", "elapsed": 214.537672, "delta": 2.684127}}
{"target": 0.8416187990669104, "params": {"max_depth": 19.838968391025652, "n_estimators": 55.762073380670316}, "datetime": {"datetime": "2021-09-21 13:21:29", "elapsed": 216.54499, "delta": 2.007318}}
{"target": 0.8384908846855649, "params": {"max_depth": 18.341339232320422, "n_estimators": 49.31810797084731}, "datetime": {"datetime": "2021-09-21 13:21:32", "elapsed": 218.766701, "delta": 2.221711}}
{"target": 0.8417010662052667, "params": {"max_depth": 15.882289686502782, "n_estimators": 57.26383304125472}, "datetime": {"datetime": "2021-09-21 13:21:34", "elapsed": 220.928263, "delta": 2.161562}}
{"target": 0.8468931568352174, "params": {"max_depth": 25.085289148318136, "n_estimators": 67.03688248182468}, "datetime": {"datetime": "2021-09-21 13:21:36", "elapsed": 223.004354, "delta": 2.076091}}
{"target": 0.8423755873757479, "params": {"max_depth": 23.029007615090844, "n_estimators": 58.79094746138619}, "datetime": {"datetime": "2021-09-21 13:21:38", "elapsed": 225.403267, "delta": 2.398913}}
{"target": 0.8447978476359304, "params": {"max_depth": 21.84021565298571, "n_estimators": 99.96847536973216}, "datetime": {"datetime": "2021-09-21 13:21:41", "elapsed": 228.056191, "delta": 2.652924}}
{"target": 0.8463579076386314, "params": {"max_depth": 21.365040935366153, "n_estimators": 65.94117963618388}, "datetime": {"datetime": "2021-09-21 13:21:43", "elapsed": 230.299236, "delta": 2.243045}}
{"target": 0.846613147372512, "params": {"max_depth": 14.805133440221727, "n_estimators": 68.05465345141131}, "datetime": {"datetime": "2021-09-21 13:21:46", "elapsed": 233.100014, "delta": 2.800778}}
{"target": 0.8433787553339702, "params": {"max_depth": 22.72448095098038, "n_estimators": 72.8726948972171}, "datetime": {"datetime": "2021-09-21 13:21:48", "elapsed": 235.182291, "delta": 2.082277}}
{"target": 0.8423331825325571, "params": {"max_depth": 25.805814942741748, "n_estimators": 78.67968120129385}, "datetime": {"datetime": "2021-09-21 13:21:51", "elapsed": 237.646728, "delta": 2.464437}}
{"target": 0.842670085320532, "params": {"max_depth": 22.149034717802955, "n_estimators": 76.97267228126383}, "datetime": {"datetime": "2021-09-21 13:21:52", "elapsed": 239.496471, "delta": 1.849743}}
{"target": 0.8374337014641423, "params": {"max_depth": 25.01869092848386, "n_estimators": 27.35013910424895}, "datetime": {"datetime": "2021-09-21 13:21:54", "elapsed": 240.94746, "delta": 1.450989}}
{"target": 0.8422042526126822, "params": {"max_depth": 28.541804220271455, "n_estimators": 30.582240295220895}, "datetime": {"datetime": "2021-09-21 13:21:56", "elapsed": 243.057224, "delta": 2.109764}}
{"target": 0.8423733792517072, "params": {"max_depth": 13.988746591347804, "n_estimators": 99.95931939917148}, "datetime": {"datetime": "2021-09-21 13:21:59", "elapsed": 245.803184, "delta": 2.74596}}
{"target": 0.8399326890207044, "params": {"max_depth": 9.654862317948076, "n_estimators": 98.7045152622833}, "datetime": {"datetime": "2021-09-21 13:22:02", "elapsed": 249.027379, "delta": 3.224195}}
{"target": 0.8278595577495143, "params": {"max_depth": 6.564276398939498, "n_estimators": 93.00059292367436}, "datetime": {"datetime": "2021-09-21 13:22:05", "elapsed": 251.786815, "delta": 2.759436}}
{"target": 0.8411451376345334, "params": {"max_depth": 21.76817120075121, "n_estimators": 25.342688979114197}, "datetime": {"datetime": "2021-09-21 13:22:07", "elapsed": 253.658631, "delta": 1.871816}}
{"target": 0.8363764068197319, "params": {"max_depth": 22.98192510893017, "n_estimators": 15.228911071925717}, "datetime": {"datetime": "2021-09-21 13:22:09", "elapsed": 255.702476, "delta": 2.043845}}
{"target": 0.8299150377697171, "params": {"max_depth": 19.594270471140423, "n_estimators": 16.123536816894013}, "datetime": {"datetime": "2021-09-21 13:22:10", "elapsed": 257.1715, "delta": 1.469024}}
{"target": 0.838735883843197, "params": {"max_depth": 12.938769977697557, "n_estimators": 14.106922017065115}, "datetime": {"datetime": "2021-09-21 13:22:12", "elapsed": 258.828041, "delta": 1.656541}}
{"target": 0.8411730423864757, "params": {"max_depth": 15.859874178083816, "n_estimators": 31.99198157418066}, "datetime": {"datetime": "2021-09-21 13:22:14", "elapsed": 260.715129, "delta": 1.887088}}
{"target": 0.840169496546529, "params": {"max_depth": 13.983978482577003, "n_estimators": 30.435688389084586}, "datetime": {"datetime": "2021-09-21 13:22:16", "elapsed": 262.900506, "delta": 2.185377}}
{"target": 0.8416064807644053, "params": {"max_depth": 16.439364817400133, "n_estimators": 36.276681558135486}, "datetime": {"datetime": "2021-09-21 13:22:18", "elapsed": 264.820402, "delta": 1.919896}}
{"target": 0.8422062180339178, "params": {"max_depth": 25.471878681762895, "n_estimators": 89.13302207664292}, "datetime": {"datetime": "2021-09-21 13:22:21", "elapsed": 268.203442, "delta": 3.38304}}
{"target": 0.8420099347702994, "params": {"max_depth": 26.670806799557887, "n_estimators": 22.975472314961372}, "datetime": {"datetime": "2021-09-21 13:22:23", "elapsed": 270.475959, "delta": 2.272517}}
{"target": 0.8457778496502335, "params": {"max_depth": 13.499167615274853, "n_estimators": 67.43041185518551}, "datetime": {"datetime": "2021-09-21 13:22:26", "elapsed": 272.810305, "delta": 2.334346}}
{"target": 0.837555525924733, "params": {"max_depth": 11.071687794691154, "n_estimators": 41.864424920478484}, "datetime": {"datetime": "2021-09-21 13:22:28", "elapsed": 274.70249, "delta": 1.892185}}
{"target": 0.8456145164086131, "params": {"max_depth": 15.893100791195515, "n_estimators": 66.34243624040079}, "datetime": {"datetime": "2021-09-21 13:22:30", "elapsed": 276.933954, "delta": 2.231464}}
{"target": 0.8420621085149088, "params": {"max_depth": 11.246600650701623, "n_estimators": 70.71867546202648}, "datetime": {"datetime": "2021-09-21 13:22:32", "elapsed": 279.35529, "delta": 2.421336}}
{"target": 0.8408002705091856, "params": {"max_depth": 10.860017766492907, "n_estimators": 73.28487796779962}, "datetime": {"datetime": "2021-09-21 13:22:35", "elapsed": 281.832979, "delta": 2.477689}}
{"target": 0.838744999614385, "params": {"max_depth": 13.57987415017555, "n_estimators": 23.11706543146721}, "datetime": {"datetime": "2021-09-21 13:22:37", "elapsed": 283.790092, "delta": 1.957113}}
{"target": 0.8442302199813303, "params": {"max_depth": 24.6804865288805, "n_estimators": 63.278998540327756}, "datetime": {"datetime": "2021-09-21 13:22:40", "elapsed": 286.563701, "delta": 2.773609}}
{"target": 0.8414459369017752, "params": {"max_depth": 29.947753700771703, "n_estimators": 39.03762062488234}, "datetime": {"datetime": "2021-09-21 13:22:42", "elapsed": 288.772418, "delta": 2.208717}}
{"target": 0.8425007805685545, "params": {"max_depth": 28.26896444185208, "n_estimators": 61.80107917033608}, "datetime": {"datetime": "2021-09-21 13:22:44", "elapsed": 291.414872, "delta": 2.642454}}
{"target": 0.8464098756033576, "params": {"max_depth": 26.573257394143273, "n_estimators": 68.20254478173614}, "datetime": {"datetime": "2021-09-21 13:22:47", "elapsed": 294.203665, "delta": 2.788793}}
{"target": 0.8433787553339702, "params": {"max_depth": 24.686251573462844, "n_estimators": 72.29577573261788}, "datetime": {"datetime": "2021-09-21 13:22:51", "elapsed": 298.283329, "delta": 4.079664}}
{"target": 0.8464098756033576, "params": {"max_depth": 29.93896360872485, "n_estimators": 68.33278341177744}, "datetime": {"datetime": "2021-09-21 13:22:55", "elapsed": 301.651929, "delta": 3.3686}}
{"target": 0.8397989520210187, "params": {"max_depth": 23.148966326650736, "n_estimators": 48.44200048336225}, "datetime": {"datetime": "2021-09-21 13:22:57", "elapsed": 304.303973, "delta": 2.652044}}
{"target": 0.8464098756033576, "params": {"max_depth": 21.14063933365343, "n_estimators": 68.96827529612636}, "datetime": {"datetime": "2021-09-21 13:23:00", "elapsed": 307.271315, "delta": 2.967342}}
{"target": 0.8441759360278944, "params": {"max_depth": 26.867304184918282, "n_estimators": 34.6435824229371}, "datetime": {"datetime": "2021-09-21 13:23:03", "elapsed": 310.220565, "delta": 2.94925}}
{"target": 0.8422376079444288, "params": {"max_depth": 14.779253419496488, "n_estimators": 42.358419080038175}, "datetime": {"datetime": "2021-09-21 13:23:06", "elapsed": 312.729375, "delta": 2.50881}}
{"target": 0.8451144900823515, "params": {"max_depth": 14.731746259182405, "n_estimators": 33.72970530183033}, "datetime": {"datetime": "2021-09-21 13:23:09", "elapsed": 315.597119, "delta": 2.867744}}
{"target": 0.8468931568352174, "params": {"max_depth": 28.8557185582332, "n_estimators": 67.0855543017549}, "datetime": {"datetime": "2021-09-21 13:23:12", "elapsed": 318.776981, "delta": 3.179862}}
{"target": 0.8388047411381063, "params": {"max_depth": 16.309707822258638, "n_estimators": 27.478666733606442}, "datetime": {"datetime": "2021-09-21 13:23:15", "elapsed": 321.919704, "delta": 3.142723}}
{"target": 0.8439240041083783, "params": {"max_depth": 21.33930638395019, "n_estimators": 71.02390495263766}, "datetime": {"datetime": "2021-09-21 13:23:17", "elapsed": 324.34141, "delta": 2.421706}}
{"target": 0.8425912553413539, "params": {"max_depth": 18.24802319406876, "n_estimators": 73.82460703586463}, "datetime": {"datetime": "2021-09-21 13:23:20", "elapsed": 326.891034, "delta": 2.549624}}
{"target": 0.8428245866776198, "params": {"max_depth": 22.11514965767106, "n_estimators": 86.17113289437472}, "datetime": {"datetime": "2021-09-21 13:23:23", "elapsed": 329.684593, "delta": 2.793559}}
{"target": 0.8464048014437308, "params": {"max_depth": 16.269008461752403, "n_estimators": 68.53864743180694}, "datetime": {"datetime": "2021-09-21 13:23:25", "elapsed": 332.175751, "delta": 2.491158}}
{"target": 0.8464098756033576, "params": {"max_depth": 23.911079808719403, "n_estimators": 68.84621997559375}, "datetime": {"datetime": "2021-09-21 13:23:28", "elapsed": 335.034793, "delta": 2.859042}}
{"target": 0.8459761522692701, "params": {"max_depth": 19.553778326411297, "n_estimators": 68.33407394772922}, "datetime": {"datetime": "2021-09-21 13:23:30", "elapsed": 337.0372, "delta": 2.002407}}
{"target": 0.8408391527837091, "params": {"max_depth": 11.325450497438638, "n_estimators": 98.60853548341139}, "datetime": {"datetime": "2021-09-21 13:23:32", "elapsed": 339.405318, "delta": 2.368118}}
{"target": 0.8423775711463346, "params": {"max_depth": 10.125012371719333, "n_estimators": 99.96071352525404}, "datetime": {"datetime": "2021-09-21 13:23:35", "elapsed": 342.070961, "delta": 2.665643}}
{"target": 0.8446606968745745, "params": {"max_depth": 13.95972620094227, "n_estimators": 65.11622031804583}, "datetime": {"datetime": "2021-09-21 13:23:37", "elapsed": 344.100832, "delta": 2.029871}}
{"target": 0.8427730796470323, "params": {"max_depth": 14.391431057165999, "n_estimators": 61.557833816211755}, "datetime": {"datetime": "2021-09-21 13:23:39", "elapsed": 345.974228, "delta": 1.873396}}
{"target": 0.8354355372358203, "params": {"max_depth": 13.681788183515291, "n_estimators": 52.70952651459087}, "datetime": {"datetime": "2021-09-21 13:23:41", "elapsed": 348.29288, "delta": 2.318652}}
{"target": 0.8425278138152791, "params": {"max_depth": 21.96717653740997, "n_estimators": 42.426155743134586}, "datetime": {"datetime": "2021-09-21 13:23:43", "elapsed": 350.345994, "delta": 2.053114}}
{"target": 0.8425278138152791, "params": {"max_depth": 28.8072704515871, "n_estimators": 42.780080125003096}, "datetime": {"datetime": "2021-09-21 13:23:45", "elapsed": 352.360319, "delta": 2.014325}}
{"target": 0.842670085320532, "params": {"max_depth": 25.556051921687, "n_estimators": 76.38312847257889}, "datetime": {"datetime": "2021-09-21 13:23:48", "elapsed": 354.738205, "delta": 2.377886}}
{"target": 0.8435550321023848, "params": {"max_depth": 22.57409247831697, "n_estimators": 56.64775998880011}, "datetime": {"datetime": "2021-09-21 13:23:50", "elapsed": 357.283674, "delta": 2.545469}}
{"target": 0.8451627073129638, "params": {"max_depth": 24.882020980291898, "n_estimators": 70.22471055295756}, "datetime": {"datetime": "2021-09-21 13:23:54", "elapsed": 360.650904, "delta": 3.36723}}
{"target": 0.8468931568352174, "params": {"max_depth": 21.68646437848363, "n_estimators": 67.14123766165154}, "datetime": {"datetime": "2021-09-21 13:23:57", "elapsed": 363.714712, "delta": 3.063808}}
{"target": 0.8441309831156237, "params": {"max_depth": 24.284234247216677, "n_estimators": 98.45351148950925}, "datetime": {"datetime": "2021-09-21 13:24:00", "elapsed": 367.409343, "delta": 3.694631}}
{"target": 0.8446524292769454, "params": {"max_depth": 20.959731413761766, "n_estimators": 34.254205646113576}, "datetime": {"datetime": "2021-09-21 13:24:03", "elapsed": 370.371706, "delta": 2.962363}}
{"target": 0.8402776679814264, "params": {"max_depth": 26.056740364777834, "n_estimators": 31.217794178944573}, "datetime": {"datetime": "2021-09-21 13:24:06", "elapsed": 373.348229, "delta": 2.976523}}
{"target": 0.8445772247388609, "params": {"max_depth": 28.868881137869028, "n_estimators": 32.73680739653216}, "datetime": {"datetime": "2021-09-21 13:24:09", "elapsed": 376.384457, "delta": 3.036228}}
{"target": 0.8421718177121944, "params": {"max_depth": 21.634944760797627, "n_estimators": 74.655164496267}, "datetime": {"datetime": "2021-09-21 13:24:13", "elapsed": 379.630913, "delta": 3.246456}}
{"target": 0.8428245866776198, "params": {"max_depth": 25.624041924102308, "n_estimators": 86.654143011897}, "datetime": {"datetime": "2021-09-21 13:24:16", "elapsed": 382.853026, "delta": 3.222113}}
{"target": 0.8433747525856998, "params": {"max_depth": 16.176285076394358, "n_estimators": 98.39525472906699}, "datetime": {"datetime": "2021-09-21 13:24:19", "elapsed": 385.779084, "delta": 2.926058}}
{"target": 0.8449785388212548, "params": {"max_depth": 17.62929720303188, "n_estimators": 99.95049406557486}, "datetime": {"datetime": "2021-09-21 13:24:22", "elapsed": 389.008699, "delta": 3.229615}}
{"target": 0.8463579076386314, "params": {"max_depth": 24.073678077153286, "n_estimators": 65.3506754040087}, "datetime": {"datetime": "2021-09-21 13:24:24", "elapsed": 391.096971, "delta": 2.088272}}
{"target": 0.844462876910242, "params": {"max_depth": 17.823141095263107, "n_estimators": 64.76987175510621}, "datetime": {"datetime": "2021-09-21 13:24:26", "elapsed": 392.946812, "delta": 1.849841}}
{"target": 0.8445302082759745, "params": {"max_depth": 20.423559338596814, "n_estimators": 63.78868770231475}, "datetime": {"datetime": "2021-09-21 13:24:28", "elapsed": 394.982566, "delta": 2.035754}}
{"target": 0.841335462662695, "params": {"max_depth": 15.939327867616614, "n_estimators": 93.37788850216837}, "datetime": {"datetime": "2021-09-21 13:24:30", "elapsed": 397.004012, "delta": 2.021446}}
{"target": 0.8459085320649813, "params": {"max_depth": 19.919750535467802, "n_estimators": 66.25670173310877}, "datetime": {"datetime": "2021-09-21 13:24:32", "elapsed": 399.148934, "delta": 2.144922}}
{"target": 0.846732333896473, "params": {"max_depth": 17.498307451323655, "n_estimators": 66.391344985732}, "datetime": {"datetime": "2021-09-21 13:24:34", "elapsed": 401.194178, "delta": 2.045244}}
{"target": 0.8441309831156237, "params": {"max_depth": 29.99296572807061, "n_estimators": 98.33502978597504}, "datetime": {"datetime": "2021-09-21 13:24:37", "elapsed": 403.714179, "delta": 2.520001}}
{"target": 0.8421029504533365, "params": {"max_depth": 25.41519837206965, "n_estimators": 60.80525386329327}, "datetime": {"datetime": "2021-09-21 13:24:39", "elapsed": 405.916209, "delta": 2.20203}}
{"target": 0.8426514800808425, "params": {"max_depth": 28.86022075531518, "n_estimators": 55.64079866803491}, "datetime": {"datetime": "2021-09-21 13:24:41", "elapsed": 407.993877, "delta": 2.077668}}
{"target": 0.8410643588846393, "params": {"max_depth": 14.77240113914068, "n_estimators": 44.627745248882576}, "datetime": {"datetime": "2021-09-21 13:24:44", "elapsed": 410.579586, "delta": 2.585709}}
{"target": 0.8283951756945074, "params": {"max_depth": 22.884937882453453, "n_estimators": 10.878325143112061}, "datetime": {"datetime": "2021-09-21 13:24:45", "elapsed": 412.321835, "delta": 1.742249}}
{"target": 0.8425857723034582, "params": {"max_depth": 20.44044021242767, "n_estimators": 78.13481579434875}, "datetime": {"datetime": "2021-09-21 13:24:47", "elapsed": 414.180893, "delta": 1.859058}}
{"target": 0.8457174645907214, "params": {"max_depth": 26.59943568889639, "n_estimators": 69.67350677589019}, "datetime": {"datetime": "2021-09-21 13:24:50", "elapsed": 416.854121, "delta": 2.673228}}
{"target": 0.8468931568352174, "params": {"max_depth": 28.07164228567605, "n_estimators": 67.61457848672715}, "datetime": {"datetime": "2021-09-21 13:24:53", "elapsed": 420.543878, "delta": 3.689757}}
{"target": 0.8452383308334241, "params": {"max_depth": 13.113351251365128, "n_estimators": 66.14657788840157}, "datetime": {"datetime": "2021-09-21 13:24:55", "elapsed": 422.420396, "delta": 1.876518}}
{"target": 0.8400911080467461, "params": {"max_depth": 11.03654904385636, "n_estimators": 64.19155198106867}, "datetime": {"datetime": "2021-09-21 13:24:58", "elapsed": 424.886626, "delta": 2.46623}}
{"target": 0.8432735599824039, "params": {"max_depth": 11.293757990408775, "n_estimators": 67.72606714008288}, "datetime": {"datetime": "2021-09-21 13:25:01", "elapsed": 427.96133, "delta": 3.074704}}
{"target": 0.8427693936530259, "params": {"max_depth": 17.742652730979906, "n_estimators": 61.50780884089972}, "datetime": {"datetime": "2021-09-21 13:25:03", "elapsed": 429.793575, "delta": 1.832245}}
{"target": 0.8413281895791083, "params": {"max_depth": 28.613701936836737, "n_estimators": 23.127294492371373}, "datetime": {"datetime": "2021-09-21 13:25:04", "elapsed": 431.206973, "delta": 1.413398}}
{"target": 0.8468931568352174, "params": {"max_depth": 23.897723563239317, "n_estimators": 67.73992138125506}, "datetime": {"datetime": "2021-09-21 13:25:06", "elapsed": 433.460409, "delta": 2.253436}}
{"target": 0.8426514800808425, "params": {"max_depth": 24.465606308431365, "n_estimators": 55.20697374802214}, "datetime": {"datetime": "2021-09-21 13:25:09", "elapsed": 435.57145, "delta": 2.111041}}
{"target": 0.8425253815504717, "params": {"max_depth": 14.851419934208549, "n_estimators": 88.65536022475364}, "datetime": {"datetime": "2021-09-21 13:25:11", "elapsed": 437.721536, "delta": 2.150086}}
{"target": 0.8463400251701998, "params": {"max_depth": 29.971968558816677, "n_estimators": 66.4141676332948}, "datetime": {"datetime": "2021-09-21 13:25:13", "elapsed": 440.427187, "delta": 2.705651}}
{"target": 0.8472688152784879, "params": {"max_depth": 17.637535091401837, "n_estimators": 67.84075896796327}, "datetime": {"datetime": "2021-09-21 13:25:16", "elapsed": 443.480887, "delta": 3.0537}}
{"target": 0.8422103294391725, "params": {"max_depth": 13.815279339334563, "n_estimators": 32.626387121219764}, "datetime": {"datetime": "2021-09-21 13:25:19", "elapsed": 445.667046, "delta": 2.186159}}
{"target": 0.8128010473741637, "params": {"max_depth": 7.355994659337215, "n_estimators": 9.847947583007219}, "datetime": {"datetime": "2021-09-21 13:25:21", "elapsed": 448.153356, "delta": 2.48631}}
{"target": 0.8397989520210187, "params": {"max_depth": 27.583627700663634, "n_estimators": 48.71604950882474}, "datetime": {"datetime": "2021-09-21 13:25:24", "elapsed": 450.676386, "delta": 2.52303}}
