{"target": -2.453852832785684, "params": {"max_depth": 14.175868290257602, "n_estimators": 100.85170891092875}, "datetime": {"datetime": "2021-09-21 10:59:40", "elapsed": 749.149103, "delta": 3.823911}}
{"target": -2.473685871948497, "params": {"max_depth": 15.103211730807368, "n_estimators": 100.72174957714628}, "datetime": {"datetime": "2021-09-21 10:59:44", "elapsed": 752.798356, "delta": 3.649253}}
{"target": -2.474696843028836, "params": {"max_depth": 15.061644955880922, "n_estimators": 97.89875437817636}, "datetime": {"datetime": "2021-09-21 10:59:49", "elapsed": 758.336231, "delta": 5.537875}}
{"target": -2.4508434472343468, "params": {"max_depth": 14.776901328792757, "n_estimators": 86.5363773732731}, "datetime": {"datetime": "2021-09-21 10:59:53", "elapsed": 762.355099, "delta": 4.018868}}
{"target": -2.480308939505777, "params": {"max_depth": 15.162787958876082, "n_estimators": 88.34798911879209}, "datetime": {"datetime": "2021-09-21 10:59:57", "elapsed": 766.469457, "delta": 4.114358}}
{"target": -2.425959316063198, "params": {"max_depth": 14.615052104333104, "n_estimators": 70.95120160872673}, "datetime": {"datetime": "2021-09-21 11:00:01", "elapsed": 770.045719, "delta": 3.576262}}
{"target": -2.4620509535825867, "params": {"max_depth": 17.07583388315055, "n_estimators": 73.36001304283741}, "datetime": {"datetime": "2021-09-21 11:00:05", "elapsed": 773.829724, "delta": 3.784005}}
{"target": -2.4564302983702797, "params": {"max_depth": 16.460765262412075, "n_estimators": 68.90794922643948}, "datetime": {"datetime": "2021-09-21 11:00:08", "elapsed": 777.365755, "delta": 3.536031}}
{"target": -2.4834939018118702, "params": {"max_depth": 15.79437360330764, "n_estimators": 85.09419624930416}, "datetime": {"datetime": "2021-09-21 11:00:12", "elapsed": 780.785752, "delta": 3.419997}}
{"target": -2.4505575779236826, "params": {"max_depth": 17.964215995369553, "n_estimators": 71.02321805831554}, "datetime": {"datetime": "2021-09-21 11:00:15", "elapsed": 783.797233, "delta": 3.011481}}
{"target": -2.4620234296159285, "params": {"max_depth": 15.94430753462684, "n_estimators": 60.61092426457344}, "datetime": {"datetime": "2021-09-21 11:00:18", "elapsed": 787.248981, "delta": 3.451748}}
{"target": -2.456368692265214, "params": {"max_depth": 17.441665322141965, "n_estimators": 59.27474118746788}, "datetime": {"datetime": "2021-09-21 11:00:21", "elapsed": 790.364386, "delta": 3.115405}}
{"target": -2.4830120156410795, "params": {"max_depth": 13.683210519931128, "n_estimators": 87.84096339235002}, "datetime": {"datetime": "2021-09-21 11:00:24", "elapsed": 792.942424, "delta": 2.578038}}
{"target": -2.4668109595877046, "params": {"max_depth": 17.134382848661772, "n_estimators": 92.44096328777007}, "datetime": {"datetime": "2021-09-21 11:00:27", "elapsed": 795.81822, "delta": 2.875796}}
{"target": -2.445746037343734, "params": {"max_depth": 14.868363920020013, "n_estimators": 57.411433423147095}, "datetime": {"datetime": "2021-09-21 11:00:30", "elapsed": 798.819901, "delta": 3.001681}}
{"target": -2.461309510912259, "params": {"max_depth": 15.086775852078645, "n_estimators": 56.69428436586125}, "datetime": {"datetime": "2021-09-21 11:00:32", "elapsed": 801.18178, "delta": 2.361879}}
{"target": -2.458486444700502, "params": {"max_depth": 15.373745782710552, "n_estimators": 57.53919987786425}, "datetime": {"datetime": "2021-09-21 11:00:35", "elapsed": 804.049557, "delta": 2.867777}}
{"target": -2.500505816316827, "params": {"max_depth": 13.476785666630064, "n_estimators": 222.2528061734992}, "datetime": {"datetime": "2021-09-21 11:00:38", "elapsed": 806.493778, "delta": 2.444221}}
{"target": -2.4859723744249336, "params": {"max_depth": 16.337698051061388, "n_estimators": 87.14266139162135}, "datetime": {"datetime": "2021-09-21 11:00:39", "elapsed": 808.296835, "delta": 1.803057}}
{"target": -2.445746037343734, "params": {"max_depth": 14.309136178696356, "n_estimators": 57.88792970083435}, "datetime": {"datetime": "2021-09-21 11:00:42", "elapsed": 810.574882, "delta": 2.278047}}
{"target": -2.4491162453563136, "params": {"max_depth": 14.060125117907251, "n_estimators": 58.57612283794346}, "datetime": {"datetime": "2021-09-21 11:00:46", "elapsed": 815.046024, "delta": 4.471142}}
{"target": -2.487205586097714, "params": {"max_depth": 13.225013080428228, "n_estimators": 58.71490637008693}, "datetime": {"datetime": "2021-09-21 11:00:50", "elapsed": 818.705274, "delta": 3.65925}}
{"target": -2.445746037343734, "params": {"max_depth": 14.182984019177347, "n_estimators": 57.26323763964423}, "datetime": {"datetime": "2021-09-21 11:00:52", "elapsed": 821.371788, "delta": 2.666514}}
{"target": -2.452727531426249, "params": {"max_depth": 14.817597769397619, "n_estimators": 87.31779723193398}, "datetime": {"datetime": "2021-09-21 11:00:56", "elapsed": 825.08069, "delta": 3.708902}}
{"target": -2.451327699348353, "params": {"max_depth": 14.91307509920712, "n_estimators": 85.21209104033557}, "datetime": {"datetime": "2021-09-21 11:00:58", "elapsed": 827.288881, "delta": 2.208191}}
{"target": -2.46558455945393, "params": {"max_depth": 17.83481800740487, "n_estimators": 97.3334224895749}, "datetime": {"datetime": "2021-09-21 11:01:02", "elapsed": 831.135639, "delta": 3.846758}}
{"target": -2.447180163582071, "params": {"max_depth": 14.216554984279572, "n_estimators": 55.99167569183359}, "datetime": {"datetime": "2021-09-21 11:01:06", "elapsed": 834.606581, "delta": 3.470942}}
{"target": -2.447180163582071, "params": {"max_depth": 14.8917531151592, "n_estimators": 55.55875472558267}, "datetime": {"datetime": "2021-09-21 11:01:09", "elapsed": 837.471184, "delta": 2.864603}}
{"target": -2.4659854998932262, "params": {"max_depth": 15.640967789448116, "n_estimators": 55.73071133782663}, "datetime": {"datetime": "2021-09-21 11:01:12", "elapsed": 840.960792, "delta": 3.489608}}
{"target": -2.4542545862252174, "params": {"max_depth": 14.522841797930585, "n_estimators": 54.870004773746075}, "datetime": {"datetime": "2021-09-21 11:01:15", "elapsed": 843.575199, "delta": 2.614407}}
{"target": -2.501408363242258, "params": {"max_depth": 16.300285364670977, "n_estimators": 264.83910892166284}, "datetime": {"datetime": "2021-09-21 11:01:17", "elapsed": 846.4564, "delta": 2.881201}}
{"target": -2.4900901455211666, "params": {"max_depth": 15.438409465029224, "n_estimators": 232.54579704223605}, "datetime": {"datetime": "2021-09-21 11:01:20", "elapsed": 848.862852, "delta": 2.406452}}
{"target": -2.49411169224662, "params": {"max_depth": 13.82025495373929, "n_estimators": 55.491985807864864}, "datetime": {"datetime": "2021-09-21 11:01:23", "elapsed": 851.970851, "delta": 3.107999}}
{"target": -2.4895773636778395, "params": {"max_depth": 15.188854451362317, "n_estimators": 266.3192545308042}, "datetime": {"datetime": "2021-09-21 11:01:26", "elapsed": 854.790402, "delta": 2.819551}}
{"target": -2.479431275911299, "params": {"max_depth": 14.03619072999655, "n_estimators": 212.83183859921348}, "datetime": {"datetime": "2021-09-21 11:01:28", "elapsed": 857.072745, "delta": 2.282343}}
{"target": -2.447698582496802, "params": {"max_depth": 14.312504850592578, "n_estimators": 56.59116184001226}, "datetime": {"datetime": "2021-09-21 11:01:34", "elapsed": 863.014984, "delta": 5.942239}}
{"target": -2.425469531249584, "params": {"max_depth": 14.512492005255375, "n_estimators": 67.95663403801518}, "datetime": {"datetime": "2021-09-21 11:01:39", "elapsed": 867.861514, "delta": 4.84653}}
{"target": -2.4924306467598605, "params": {"max_depth": 14.82585485449675, "n_estimators": 276.15451602749715}, "datetime": {"datetime": "2021-09-21 11:01:44", "elapsed": 873.18086, "delta": 5.319346}}
{"target": -2.513916532825155, "params": {"max_depth": 13.734770414479009, "n_estimators": 237.6582665714873}, "datetime": {"datetime": "2021-09-21 11:01:49", "elapsed": 877.575275, "delta": 4.394415}}
{"target": -2.4897225369307385, "params": {"max_depth": 14.948593115736582, "n_estimators": 258.32821942201804}, "datetime": {"datetime": "2021-09-21 11:01:58", "elapsed": 886.578548, "delta": 9.003273}}
{"target": -2.4897225369307385, "params": {"max_depth": 14.990447715824704, "n_estimators": 258.98481787170863}, "datetime": {"datetime": "2021-09-21 11:02:02", "elapsed": 891.466731, "delta": 4.888183}}
{"target": -2.4473939361129866, "params": {"max_depth": 14.188669932507946, "n_estimators": 59.43844917434866}, "datetime": {"datetime": "2021-09-21 11:02:07", "elapsed": 895.959763, "delta": 4.493032}}
{"target": -2.4420333571346795, "params": {"max_depth": 14.12214031224626, "n_estimators": 60.0612946943136}, "datetime": {"datetime": "2021-09-21 11:02:11", "elapsed": 899.983921, "delta": 4.024158}}
{"target": -2.478384222749659, "params": {"max_depth": 15.257652444145949, "n_estimators": 199.94890146012804}, "datetime": {"datetime": "2021-09-21 11:02:16", "elapsed": 905.29217, "delta": 5.308249}}
{"target": -2.4854539372999156, "params": {"max_depth": 15.34050595510317, "n_estimators": 281.50654513998836}, "datetime": {"datetime": "2021-09-21 11:02:22", "elapsed": 911.143495, "delta": 5.851325}}
{"target": -2.4796003641300244, "params": {"max_depth": 15.490233591881015, "n_estimators": 204.27789641041153}, "datetime": {"datetime": "2021-09-21 11:02:27", "elapsed": 915.854452, "delta": 4.710957}}
{"target": -2.4491162453563136, "params": {"max_depth": 14.063282391200262, "n_estimators": 58.57945656177186}, "datetime": {"datetime": "2021-09-21 11:02:29", "elapsed": 917.956082, "delta": 2.10163}}
{"target": -2.5229570872325335, "params": {"max_depth": 13.462849975106632, "n_estimators": 53.35617168730845}, "datetime": {"datetime": "2021-09-21 11:02:31", "elapsed": 919.961417, "delta": 2.005335}}
{"target": -2.49648508046169, "params": {"max_depth": 16.04520612838751, "n_estimators": 191.44331371782764}, "datetime": {"datetime": "2021-09-21 11:02:36", "elapsed": 924.562639, "delta": 4.601222}}
{"target": -2.4867017777204894, "params": {"max_depth": 15.568290984682035, "n_estimators": 286.0673940396463}, "datetime": {"datetime": "2021-09-21 11:02:41", "elapsed": 929.826305, "delta": 5.263666}}
{"target": -2.491575511668014, "params": {"max_depth": 15.683093069555174, "n_estimators": 139.1077533622866}, "datetime": {"datetime": "2021-09-21 11:02:45", "elapsed": 934.165863, "delta": 4.339558}}
{"target": -2.503297235215397, "params": {"max_depth": 16.23777657862226, "n_estimators": 156.02972413498316}, "datetime": {"datetime": "2021-09-21 11:02:50", "elapsed": 939.121545, "delta": 4.955682}}
{"target": -2.4812160666253864, "params": {"max_depth": 13.856385682797322, "n_estimators": 60.80224545108227}, "datetime": {"datetime": "2021-09-21 11:02:55", "elapsed": 944.134838, "delta": 5.013293}}
{"target": -2.487796117113825, "params": {"max_depth": 15.04261157437611, "n_estimators": 176.48218447964786}, "datetime": {"datetime": "2021-09-21 11:03:01", "elapsed": 949.58394, "delta": 5.449102}}
{"target": -2.4634105487616424, "params": {"max_depth": 17.063733383936288, "n_estimators": 101.98814493222048}, "datetime": {"datetime": "2021-09-21 11:03:05", "elapsed": 953.753889, "delta": 4.169949}}
{"target": -2.4847391123452622, "params": {"max_depth": 13.16074756515282, "n_estimators": 100.72633617155384}, "datetime": {"datetime": "2021-09-21 11:03:09", "elapsed": 958.088295, "delta": 4.334406}}
{"target": -2.456238546840207, "params": {"max_depth": 15.274923833557038, "n_estimators": 61.20278792581697}, "datetime": {"datetime": "2021-09-21 11:03:12", "elapsed": 961.402123, "delta": 3.313828}}
{"target": -2.4920621069855056, "params": {"max_depth": 15.344649268102252, "n_estimators": 172.0839664603173}, "datetime": {"datetime": "2021-09-21 11:03:16", "elapsed": 965.375703, "delta": 3.97358}}
{"target": -2.4851014246693577, "params": {"max_depth": 18.0, "n_estimators": 89.96600623970058}, "datetime": {"datetime": "2021-09-21 11:03:21", "elapsed": 969.478343, "delta": 4.10264}}
{"target": -2.4978440271537443, "params": {"max_depth": 13.0, "n_estimators": 133.6962816159639}, "datetime": {"datetime": "2021-09-21 11:03:25", "elapsed": 973.525894, "delta": 4.047551}}
{"target": -2.425959316063198, "params": {"max_depth": 14.888023582920745, "n_estimators": 70.31960622135767}, "datetime": {"datetime": "2021-09-21 11:03:28", "elapsed": 976.86576, "delta": 3.339866}}
{"target": -2.513984970043384, "params": {"max_depth": 13.082088205123053, "n_estimators": 264.25564521023364}, "datetime": {"datetime": "2021-09-21 11:03:32", "elapsed": 981.298756, "delta": 4.432996}}
{"target": -2.48123883375839, "params": {"max_depth": 13.07258930829196, "n_estimators": 92.00237058152254}, "datetime": {"datetime": "2021-09-21 11:03:37", "elapsed": 986.030902, "delta": 4.732146}}
{"target": -2.4825930530262825, "params": {"max_depth": 16.586807319746654, "n_estimators": 110.62868151583756}, "datetime": {"datetime": "2021-09-21 11:03:41", "elapsed": 990.249994, "delta": 4.219092}}
{"target": -2.4984013994427032, "params": {"max_depth": 13.074269012344491, "n_estimators": 114.14447504563984}, "datetime": {"datetime": "2021-09-21 11:03:46", "elapsed": 994.640779, "delta": 4.390785}}
{"target": -2.487716489532181, "params": {"max_depth": 15.333781026073988, "n_estimators": 180.67736345096765}, "datetime": {"datetime": "2021-09-21 11:03:51", "elapsed": 1000.140058, "delta": 5.499279}}
{"target": -2.4489199969932294, "params": {"max_depth": 18.0, "n_estimators": 61.38577612308195}, "datetime": {"datetime": "2021-09-21 11:03:56", "elapsed": 1005.072662, "delta": 4.932604}}
{"target": -2.493773536273716, "params": {"max_depth": 15.92323372068196, "n_estimators": 159.94905398071938}, "datetime": {"datetime": "2021-09-21 11:04:02", "elapsed": 1010.798439, "delta": 5.725777}}
{"target": -2.4868871972611117, "params": {"max_depth": 15.44939703210794, "n_estimators": 167.23978961915685}, "datetime": {"datetime": "2021-09-21 11:04:06", "elapsed": 1014.984554, "delta": 4.186115}}
{"target": -2.4925817996319126, "params": {"max_depth": 15.61760957625719, "n_estimators": 294.3945225684089}, "datetime": {"datetime": "2021-09-21 11:04:12", "elapsed": 1020.636005, "delta": 5.651451}}
{"target": -2.4874798134789917, "params": {"max_depth": 17.44617880183184, "n_estimators": 183.16294832393825}, "datetime": {"datetime": "2021-09-21 11:04:17", "elapsed": 1026.228328, "delta": 5.592323}}
{"target": -2.5147484678955694, "params": {"max_depth": 13.954738322761557, "n_estimators": 270.32286379020826}, "datetime": {"datetime": "2021-09-21 11:04:26", "elapsed": 1034.599928, "delta": 8.3716}}
{"target": -2.506967046715811, "params": {"max_depth": 16.43671721293947, "n_estimators": 290.40727937418535}, "datetime": {"datetime": "2021-09-21 11:04:34", "elapsed": 1042.954536, "delta": 8.354608}}
{"target": -2.493878377236198, "params": {"max_depth": 15.67502787289379, "n_estimators": 297.9063104789093}, "datetime": {"datetime": "2021-09-21 11:04:43", "elapsed": 1051.485822, "delta": 8.531286}}
{"target": -2.430957523424876, "params": {"max_depth": 14.29284024557872, "n_estimators": 65.92705579696016}, "datetime": {"datetime": "2021-09-21 11:04:47", "elapsed": 1056.386107, "delta": 4.900285}}
{"target": -2.430957523424876, "params": {"max_depth": 14.305005385204547, "n_estimators": 65.22609074263906}, "datetime": {"datetime": "2021-09-21 11:04:54", "elapsed": 1062.767509, "delta": 6.381402}}
{"target": -2.425469531249584, "params": {"max_depth": 14.736916089160603, "n_estimators": 67.69173908674581}, "datetime": {"datetime": "2021-09-21 11:04:59", "elapsed": 1067.953604, "delta": 5.186095}}
{"target": -2.4284658677125144, "params": {"max_depth": 14.369868117894477, "n_estimators": 72.94248540436345}, "datetime": {"datetime": "2021-09-21 11:05:07", "elapsed": 1076.400395, "delta": 8.446791}}
{"target": -2.501479048516616, "params": {"max_depth": 16.90036270923385, "n_estimators": 178.53780087009227}, "datetime": {"datetime": "2021-09-21 11:05:12", "elapsed": 1080.821809, "delta": 4.421414}}
{"target": -2.5020927094975307, "params": {"max_depth": 13.237964619648675, "n_estimators": 147.48621422703118}, "datetime": {"datetime": "2021-09-21 11:05:19", "elapsed": 1087.846571, "delta": 7.024762}}
{"target": -2.4398844910139026, "params": {"max_depth": 14.702270254801984, "n_estimators": 75.96662619666324}, "datetime": {"datetime": "2021-09-21 11:05:26", "elapsed": 1094.731839, "delta": 6.885268}}
{"target": -2.4426343084220767, "params": {"max_depth": 14.542060667773558, "n_estimators": 76.63291979752779}, "datetime": {"datetime": "2021-09-21 11:05:32", "elapsed": 1100.695034, "delta": 5.963195}}
{"target": -2.4799161208902887, "params": {"max_depth": 15.260829843366402, "n_estimators": 76.38689603797245}, "datetime": {"datetime": "2021-09-21 11:05:37", "elapsed": 1106.011232, "delta": 5.316198}}
{"target": -2.4426343084220767, "params": {"max_depth": 14.120801795988902, "n_estimators": 76.15804164821279}, "datetime": {"datetime": "2021-09-21 11:05:42", "elapsed": 1111.222888, "delta": 5.211656}}
{"target": -2.446834034431732, "params": {"max_depth": 14.176366696628333, "n_estimators": 77.37039526880056}, "datetime": {"datetime": "2021-09-21 11:05:48", "elapsed": 1116.708787, "delta": 5.485899}}
{"target": -2.4460204851823826, "params": {"max_depth": 14.051610866795297, "n_estimators": 78.1530586992479}, "datetime": {"datetime": "2021-09-21 11:05:52", "elapsed": 1121.210231, "delta": 4.501444}}
{"target": -2.446834034431732, "params": {"max_depth": 14.590217011133358, "n_estimators": 77.96135332232122}, "datetime": {"datetime": "2021-09-21 11:05:58", "elapsed": 1126.728574, "delta": 5.518343}}
{"target": -2.446853443396735, "params": {"max_depth": 14.044299851655849, "n_estimators": 79.00086245600983}, "datetime": {"datetime": "2021-09-21 11:06:04", "elapsed": 1132.493861, "delta": 5.765287}}
{"target": -2.484126771013262, "params": {"max_depth": 13.018747709954306, "n_estimators": 79.02250109430472}, "datetime": {"datetime": "2021-09-21 11:06:09", "elapsed": 1137.864851, "delta": 5.37099}}
{"target": -2.446853443396735, "params": {"max_depth": 14.6781041817591, "n_estimators": 79.1865141385548}, "datetime": {"datetime": "2021-09-21 11:06:14", "elapsed": 1143.078932, "delta": 5.214081}}
{"target": -2.5155336817259344, "params": {"max_depth": 13.034402287946293, "n_estimators": 243.43709799872056}, "datetime": {"datetime": "2021-09-21 11:06:19", "elapsed": 1148.340526, "delta": 5.261594}}
{"target": -2.4460204851823826, "params": {"max_depth": 14.492591274138297, "n_estimators": 78.5263501151316}, "datetime": {"datetime": "2021-09-21 11:06:26", "elapsed": 1155.283364, "delta": 6.942838}}
{"target": -2.446853443396735, "params": {"max_depth": 14.526984907141491, "n_estimators": 79.86049484794468}, "datetime": {"datetime": "2021-09-21 11:06:32", "elapsed": 1160.521403, "delta": 5.238039}}
{"target": -2.4818517515103524, "params": {"max_depth": 15.210247530060915, "n_estimators": 80.17368577844789}, "datetime": {"datetime": "2021-09-21 11:06:38", "elapsed": 1166.550153, "delta": 6.02875}}
{"target": -2.484126771013262, "params": {"max_depth": 13.979415951882105, "n_estimators": 79.78248736037814}, "datetime": {"datetime": "2021-09-21 11:06:43", "elapsed": 1172.286066, "delta": 5.735913}}
{"target": -2.4864223572785944, "params": {"max_depth": 16.14392003676837, "n_estimators": 212.10249083814503}, "datetime": {"datetime": "2021-09-21 11:06:51", "elapsed": 1179.555766, "delta": 7.2697}}
{"target": -2.4398844910139026, "params": {"max_depth": 14.308514561538296, "n_estimators": 75.59767275544408}, "datetime": {"datetime": "2021-09-21 11:06:58", "elapsed": 1187.152277, "delta": 7.596511}}
{"target": -2.467650263000762, "params": {"max_depth": 17.665937324619243, "n_estimators": 87.54493131956147}, "datetime": {"datetime": "2021-09-21 11:07:02", "elapsed": 1191.049773, "delta": 3.897496}}
{"target": -2.4481868273625236, "params": {"max_depth": 17.19543036637609, "n_estimators": 68.76698160243512}, "datetime": {"datetime": "2021-09-21 11:07:06", "elapsed": 1194.534588, "delta": 3.484815}}
{"target": -2.446834034431732, "params": {"max_depth": 14.793480428257832, "n_estimators": 77.39118559084767}, "datetime": {"datetime": "2021-09-21 11:07:13", "elapsed": 1201.769527, "delta": 7.234939}}
{"target": -2.513717186972249, "params": {"max_depth": 13.012325748670303, "n_estimators": 231.26990431974778}, "datetime": {"datetime": "2021-09-21 11:07:20", "elapsed": 1208.566839, "delta": 6.797312}}
{"target": -2.498566245479596, "params": {"max_depth": 13.344059124612093, "n_estimators": 194.93986841727522}, "datetime": {"datetime": "2021-09-21 11:07:26", "elapsed": 1215.089684, "delta": 6.522845}}
{"target": -2.484144042472041, "params": {"max_depth": 15.894543611356452, "n_estimators": 278.5338350032273}, "datetime": {"datetime": "2021-09-21 11:07:34", "elapsed": 1222.897461, "delta": 7.807777}}
{"target": -2.477537192119865, "params": {"max_depth": 18.0, "n_estimators": 83.02192039660241}, "datetime": {"datetime": "2021-09-21 11:07:42", "elapsed": 1230.815669, "delta": 7.918208}}
{"target": -2.4867788496287746, "params": {"max_depth": 15.942489955230393, "n_estimators": 262.0598512981335}, "datetime": {"datetime": "2021-09-21 11:07:49", "elapsed": 1238.125567, "delta": 7.309898}}
{"target": -2.4851294575677336, "params": {"max_depth": 15.690072723565374, "n_estimators": 246.972438929218}, "datetime": {"datetime": "2021-09-21 11:07:56", "elapsed": 1245.36459, "delta": 7.239023}}
{"target": -2.497332513597203, "params": {"max_depth": 13.0, "n_estimators": 218.74248278170856}, "datetime": {"datetime": "2021-09-21 11:08:04", "elapsed": 1252.753858, "delta": 7.389268}}
{"target": -2.4737818166092924, "params": {"max_depth": 15.769704883273441, "n_estimators": 51.24544867878673}, "datetime": {"datetime": "2021-09-21 11:08:09", "elapsed": 1258.360536, "delta": 5.606678}}
