{"target": -2.3624728098230654, "params": {"max_depth": 18.27841023699808, "n_estimators": 67.4519371568875}, "datetime": {"datetime": "2021-09-21 10:46:01", "elapsed": 2267.360051, "delta": 14.149047}}
{"target": -2.3624728098230654, "params": {"max_depth": 18.51896252127675, "n_estimators": 67.23786020830381}, "datetime": {"datetime": "2021-09-21 10:46:12", "elapsed": 2278.819801, "delta": 11.45975}}
{"target": -2.3624728098230654, "params": {"max_depth": 18.663434100964594, "n_estimators": 67.15500242424348}, "datetime": {"datetime": "2021-09-21 10:46:24", "elapsed": 2290.236782, "delta": 11.416981}}
{"target": -2.3624728098230654, "params": {"max_depth": 18.52506810871563, "n_estimators": 67.29765417991091}, "datetime": {"datetime": "2021-09-21 10:46:30", "elapsed": 2296.309247, "delta": 6.072465}}
{"target": -2.3624728098230654, "params": {"max_depth": 18.241097480983715, "n_estimators": 67.49435803338496}, "datetime": {"datetime": "2021-09-21 10:46:37", "elapsed": 2303.466072, "delta": 7.156825}}
{"target": -2.385024022904861, "params": {"max_depth": 17.560302404693626, "n_estimators": 71.54181655197368}, "datetime": {"datetime": "2021-09-21 10:46:51", "elapsed": 2317.890727, "delta": 14.424655}}
{"target": -2.3624728098230654, "params": {"max_depth": 18.466116475615802, "n_estimators": 67.2883957750898}, "datetime": {"datetime": "2021-09-21 10:47:01", "elapsed": 2327.704616, "delta": 9.813889}}
{"target": -2.3623336389837646, "params": {"max_depth": 16.304556398162553, "n_estimators": 67.54116453427658}, "datetime": {"datetime": "2021-09-21 10:47:10", "elapsed": 2336.870316, "delta": 9.1657}}
{"target": -2.3624728098230654, "params": {"max_depth": 18.184072434608346, "n_estimators": 67.71370092652553}, "datetime": {"datetime": "2021-09-21 10:47:19", "elapsed": 2345.523508, "delta": 8.653192}}
{"target": -2.534261869952659, "params": {"max_depth": 18.23203060866698, "n_estimators": 9.425085651048136}, "datetime": {"datetime": "2021-09-21 10:47:30", "elapsed": 2356.131813, "delta": 10.608305}}
{"target": -2.3623336389837646, "params": {"max_depth": 16.45485666253021, "n_estimators": 67.36981725749548}, "datetime": {"datetime": "2021-09-21 10:47:51", "elapsed": 2377.647721, "delta": 11.534807}}
{"target": -2.3624728098230654, "params": {"max_depth": 18.66919368504992, "n_estimators": 67.1489215386168}, "datetime": {"datetime": "2021-09-21 10:48:04", "elapsed": 2390.9578, "delta": 13.310079}}
{"target": -2.3624728098230654, "params": {"max_depth": 18.068384494620155, "n_estimators": 67.70319316745424}, "datetime": {"datetime": "2021-09-21 10:48:17", "elapsed": 2403.182929, "delta": 12.225129}}
{"target": -2.3624728098230654, "params": {"max_depth": 18.32748092108534, "n_estimators": 67.6991684683694}, "datetime": {"datetime": "2021-09-21 10:48:24", "elapsed": 2410.706243, "delta": 7.523314}}
{"target": -2.3624728098230654, "params": {"max_depth": 18.64429507158728, "n_estimators": 67.26782721547116}, "datetime": {"datetime": "2021-09-21 10:48:36", "elapsed": 2422.677787, "delta": 11.971544}}
{"target": -2.399260792430515, "params": {"max_depth": 22.073685939609096, "n_estimators": 89.64574259177303}, "datetime": {"datetime": "2021-09-21 10:48:44", "elapsed": 2430.773072, "delta": 8.095285}}
{"target": -2.3623336389837646, "params": {"max_depth": 16.31031612587295, "n_estimators": 67.39581796835128}, "datetime": {"datetime": "2021-09-21 10:48:55", "elapsed": 2441.460986, "delta": 10.687914}}
{"target": -2.3623336389837646, "params": {"max_depth": 16.42646695058267, "n_estimators": 67.25534685204221}, "datetime": {"datetime": "2021-09-21 10:49:07", "elapsed": 2453.887272, "delta": 12.426286}}
{"target": -2.3623336389837646, "params": {"max_depth": 16.44771997360312, "n_estimators": 67.66208557706487}, "datetime": {"datetime": "2021-09-21 10:49:20", "elapsed": 2466.189105, "delta": 12.301833}}
{"target": -2.40019479927715, "params": {"max_depth": 17.652330315723233, "n_estimators": 58.180729808131176}, "datetime": {"datetime": "2021-09-21 10:49:27", "elapsed": 2473.638216, "delta": 7.449111}}
{"target": -2.3624728098230654, "params": {"max_depth": 18.103487788388335, "n_estimators": 67.82303016530706}, "datetime": {"datetime": "2021-09-21 10:49:45", "elapsed": 2492.046817, "delta": 18.408601}}
{"target": -2.3623336389837646, "params": {"max_depth": 16.55220008738663, "n_estimators": 67.48575295365809}, "datetime": {"datetime": "2021-09-21 10:49:58", "elapsed": 2504.441112, "delta": 12.394295}}
{"target": -2.3623336389837646, "params": {"max_depth": 16.540731783509983, "n_estimators": 67.26100373766675}, "datetime": {"datetime": "2021-09-21 10:50:08", "elapsed": 2514.691338, "delta": 10.250226}}
{"target": -2.3624728098230654, "params": {"max_depth": 18.589567939330014, "n_estimators": 67.30363722682678}, "datetime": {"datetime": "2021-09-21 10:50:19", "elapsed": 2525.736477, "delta": 11.045139}}
{"target": -2.3624728098230654, "params": {"max_depth": 18.14621275413978, "n_estimators": 67.73320493118189}, "datetime": {"datetime": "2021-09-21 10:50:30", "elapsed": 2536.818856, "delta": 11.082379}}
{"target": -2.4650206766917293, "params": {"max_depth": 20.96962468479696, "n_estimators": 25.17182611120827}, "datetime": {"datetime": "2021-09-21 10:50:43", "elapsed": 2549.940899, "delta": 13.122043}}
{"target": -2.3623336389837646, "params": {"max_depth": 16.407961889932682, "n_estimators": 67.65499069533274}, "datetime": {"datetime": "2021-09-21 10:51:02", "elapsed": 2568.38888, "delta": 18.447981}}
{"target": -2.3624728098230654, "params": {"max_depth": 18.22605141125126, "n_estimators": 67.75992319533927}, "datetime": {"datetime": "2021-09-21 10:51:16", "elapsed": 2582.292709, "delta": 13.903829}}
{"target": -2.3623336389837646, "params": {"max_depth": 16.294196450333587, "n_estimators": 67.62517304593587}, "datetime": {"datetime": "2021-09-21 10:51:26", "elapsed": 2592.085355, "delta": 9.792646}}
{"target": -2.3624728098230654, "params": {"max_depth": 18.470879745751628, "n_estimators": 67.23000791223707}, "datetime": {"datetime": "2021-09-21 10:51:33", "elapsed": 2599.535953, "delta": 7.450598}}
{"target": -2.3624728098230654, "params": {"max_depth": 18.685511455317073, "n_estimators": 67.18509817962908}, "datetime": {"datetime": "2021-09-21 10:51:43", "elapsed": 2609.154798, "delta": 9.618845}}
{"target": -2.3624728098230654, "params": {"max_depth": 18.585996967902425, "n_estimators": 67.20241097495048}, "datetime": {"datetime": "2021-09-21 10:51:51", "elapsed": 2617.83437, "delta": 8.679572}}
{"target": -2.3624728098230654, "params": {"max_depth": 18.53158816695778, "n_estimators": 67.2678455119299}, "datetime": {"datetime": "2021-09-21 10:52:00", "elapsed": 2626.754927, "delta": 8.920557}}
{"target": -2.3623336389837646, "params": {"max_depth": 16.387073746068715, "n_estimators": 67.75368706429626}, "datetime": {"datetime": "2021-09-21 10:52:07", "elapsed": 2633.795726, "delta": 7.040799}}
{"target": -2.3623336389837646, "params": {"max_depth": 16.42363796838574, "n_estimators": 67.45406717078617}, "datetime": {"datetime": "2021-09-21 10:52:14", "elapsed": 2640.712648, "delta": 6.916922}}
{"target": -2.3623336389837646, "params": {"max_depth": 16.55931320628155, "n_estimators": 67.65480576300521}, "datetime": {"datetime": "2021-09-21 10:52:21", "elapsed": 2647.617276, "delta": 6.904628}}
{"target": -2.3623336389837646, "params": {"max_depth": 16.49371406926272, "n_estimators": 67.52422387629227}, "datetime": {"datetime": "2021-09-21 10:52:31", "elapsed": 2658.005974, "delta": 10.388698}}
{"target": -2.3623336389837646, "params": {"max_depth": 16.344083529849605, "n_estimators": 67.621122581866}, "datetime": {"datetime": "2021-09-21 10:52:41", "elapsed": 2667.562966, "delta": 9.556992}}
{"target": -2.3623336389837646, "params": {"max_depth": 16.383814482910186, "n_estimators": 67.67813957324613}, "datetime": {"datetime": "2021-09-21 10:52:48", "elapsed": 2674.722516, "delta": 7.15955}}
{"target": -2.3623336389837646, "params": {"max_depth": 16.46576791622956, "n_estimators": 67.43658601515264}, "datetime": {"datetime": "2021-09-21 10:52:59", "elapsed": 2685.64794, "delta": 10.925424}}
{"target": -2.3624728098230654, "params": {"max_depth": 18.54689771974164, "n_estimators": 67.14166531873425}, "datetime": {"datetime": "2021-09-21 10:53:11", "elapsed": 2698.057614, "delta": 12.409674}}
{"target": -2.3623336389837646, "params": {"max_depth": 16.393881459504847, "n_estimators": 67.42962569507144}, "datetime": {"datetime": "2021-09-21 10:53:24", "elapsed": 2710.724744, "delta": 12.66713}}
{"target": -2.3623336389837646, "params": {"max_depth": 16.32778056371611, "n_estimators": 67.12839944516983}, "datetime": {"datetime": "2021-09-21 10:53:37", "elapsed": 2723.354715, "delta": 12.629971}}
{"target": -2.3623336389837646, "params": {"max_depth": 16.318761086650806, "n_estimators": 67.5058567536419}, "datetime": {"datetime": "2021-09-21 10:53:53", "elapsed": 2739.517525, "delta": 16.16281}}
{"target": -2.399522749536571, "params": {"max_depth": 15.793172032307481, "n_estimators": 56.00194511847754}, "datetime": {"datetime": "2021-09-21 10:54:09", "elapsed": 2755.709226, "delta": 16.191701}}
{"target": -2.3623336389837646, "params": {"max_depth": 16.30669623014235, "n_estimators": 67.61548890722585}, "datetime": {"datetime": "2021-09-21 10:54:24", "elapsed": 2770.40711, "delta": 14.697884}}
{"target": -2.3623336389837646, "params": {"max_depth": 16.50847948079969, "n_estimators": 67.52345413286493}, "datetime": {"datetime": "2021-09-21 10:54:38", "elapsed": 2784.283949, "delta": 13.876839}}
{"target": -2.397128482972137, "params": {"max_depth": 22.187951963428905, "n_estimators": 85.7015845899459}, "datetime": {"datetime": "2021-09-21 10:54:55", "elapsed": 2801.740822, "delta": 17.456873}}
{"target": -2.3623336389837646, "params": {"max_depth": 16.48390418353064, "n_estimators": 67.29263216366755}, "datetime": {"datetime": "2021-09-21 10:55:08", "elapsed": 2814.82819, "delta": 13.087368}}
{"target": -2.3623336389837646, "params": {"max_depth": 16.356674837376772, "n_estimators": 67.54262844060642}, "datetime": {"datetime": "2021-09-21 10:55:24", "elapsed": 2830.333901, "delta": 15.505711}}
{"target": -2.3624728098230654, "params": {"max_depth": 18.40577445746631, "n_estimators": 67.71300746927514}, "datetime": {"datetime": "2021-09-21 10:55:36", "elapsed": 2842.580922, "delta": 12.247021}}
{"target": -2.3623336389837646, "params": {"max_depth": 16.330777178271955, "n_estimators": 67.09593715599678}, "datetime": {"datetime": "2021-09-21 10:55:49", "elapsed": 2855.459562, "delta": 12.87864}}
{"target": -2.3681264728986653, "params": {"max_depth": 22.82368005500841, "n_estimators": 67.21927173416245}, "datetime": {"datetime": "2021-09-21 10:55:59", "elapsed": 2865.826298, "delta": 10.366736}}
{"target": -2.3880653782894745, "params": {"max_depth": 30.0, "n_estimators": 64.80799696444888}, "datetime": {"datetime": "2021-09-21 10:56:15", "elapsed": 2881.297001, "delta": 15.470703}}
{"target": -2.3623336389837646, "params": {"max_depth": 16.385931228490836, "n_estimators": 67.30606143611254}, "datetime": {"datetime": "2021-09-21 10:56:27", "elapsed": 2893.4699, "delta": 12.172899}}
{"target": -2.3623336389837646, "params": {"max_depth": 16.35552786966241, "n_estimators": 67.26479873494858}, "datetime": {"datetime": "2021-09-21 10:56:40", "elapsed": 2906.183194, "delta": 12.713294}}
{"target": -2.3623336389837646, "params": {"max_depth": 16.401048966143954, "n_estimators": 67.69895530273888}, "datetime": {"datetime": "2021-09-21 10:56:54", "elapsed": 2920.545506, "delta": 14.362312}}
{"target": -2.3708732057416277, "params": {"max_depth": 29.492745900921175, "n_estimators": 66.40709511589931}, "datetime": {"datetime": "2021-09-21 10:57:06", "elapsed": 2932.194829, "delta": 11.649323}}
{"target": -2.3624728098230654, "params": {"max_depth": 18.282129449828574, "n_estimators": 67.54513698862095}, "datetime": {"datetime": "2021-09-21 10:57:17", "elapsed": 2943.732688, "delta": 11.537859}}
{"target": -2.4005438596491233, "params": {"max_depth": 28.82788395133149, "n_estimators": 75.5370345539944}, "datetime": {"datetime": "2021-09-21 10:57:27", "elapsed": 2953.648944, "delta": 9.916256}}
{"target": -2.4689511924051266, "params": {"max_depth": 14.616735574466095, "n_estimators": 44.60651882235773}, "datetime": {"datetime": "2021-09-21 10:57:38", "elapsed": 2964.833489, "delta": 11.184545}}
{"target": -2.3623336389837646, "params": {"max_depth": 16.358928279946788, "n_estimators": 67.21108045957975}, "datetime": {"datetime": "2021-09-21 10:57:53", "elapsed": 2979.330592, "delta": 14.497103}}
{"target": -2.3623336389837646, "params": {"max_depth": 16.352490123781447, "n_estimators": 67.74155018203429}, "datetime": {"datetime": "2021-09-21 10:58:08", "elapsed": 2994.868004, "delta": 15.537412}}
{"target": -2.3623336389837646, "params": {"max_depth": 16.26135531358511, "n_estimators": 67.11441119517148}, "datetime": {"datetime": "2021-09-21 10:58:22", "elapsed": 3008.248245, "delta": 13.380241}}
{"target": -2.3623336389837646, "params": {"max_depth": 16.419326876794976, "n_estimators": 67.44249257487955}, "datetime": {"datetime": "2021-09-21 10:58:31", "elapsed": 3017.448953, "delta": 9.200708}}
{"target": -2.3623336389837646, "params": {"max_depth": 16.431059972061313, "n_estimators": 67.54674577041247}, "datetime": {"datetime": "2021-09-21 10:58:43", "elapsed": 3030.065098, "delta": 12.616145}}
{"target": -2.3681264728986653, "params": {"max_depth": 26.987895741954976, "n_estimators": 67.14635940231862}, "datetime": {"datetime": "2021-09-21 10:58:55", "elapsed": 3041.114721, "delta": 11.049623}}
{"target": -2.3624728098230654, "params": {"max_depth": 18.466654342902114, "n_estimators": 67.86283521223639}, "datetime": {"datetime": "2021-09-21 10:59:02", "elapsed": 3048.736571, "delta": 7.62185}}
{"target": -2.3624728098230654, "params": {"max_depth": 18.50605397303725, "n_estimators": 67.8212669836706}, "datetime": {"datetime": "2021-09-21 10:59:14", "elapsed": 3060.075906, "delta": 11.339335}}
{"target": -2.3624728098230654, "params": {"max_depth": 18.198514454751667, "n_estimators": 67.75438869561249}, "datetime": {"datetime": "2021-09-21 10:59:22", "elapsed": 3068.826448, "delta": 8.750542}}
{"target": -2.3623336389837646, "params": {"max_depth": 16.34641369604513, "n_estimators": 67.32612671893953}, "datetime": {"datetime": "2021-09-21 10:59:35", "elapsed": 3081.400753, "delta": 12.574305}}
{"target": -2.3623336389837646, "params": {"max_depth": 16.34516294410102, "n_estimators": 67.6033716037484}, "datetime": {"datetime": "2021-09-21 10:59:44", "elapsed": 3090.472677, "delta": 9.071924}}
{"target": -2.3624728098230654, "params": {"max_depth": 18.62278129564773, "n_estimators": 67.69726291075456}, "datetime": {"datetime": "2021-09-21 11:00:03", "elapsed": 3109.141182, "delta": 18.668505}}
{"target": -2.3623336389837646, "params": {"max_depth": 16.390163138327868, "n_estimators": 67.72698835400139}, "datetime": {"datetime": "2021-09-21 11:00:15", "elapsed": 3121.245556, "delta": 12.104374}}
{"target": -2.3623336389837646, "params": {"max_depth": 16.47384660320694, "n_estimators": 67.47183310692567}, "datetime": {"datetime": "2021-09-21 11:00:23", "elapsed": 3129.122302, "delta": 7.876746}}
{"target": -2.3623336389837646, "params": {"max_depth": 16.470225324530098, "n_estimators": 67.65218175338337}, "datetime": {"datetime": "2021-09-21 11:00:34", "elapsed": 3140.939864, "delta": 11.817562}}
{"target": -2.5092443232572745, "params": {"max_depth": 13.658333576973279, "n_estimators": 30.987863078225292}, "datetime": {"datetime": "2021-09-21 11:00:50", "elapsed": 3156.22259, "delta": 15.282726}}
{"target": -2.4595683189250837, "params": {"max_depth": 12.624668499001228, "n_estimators": 27.15555295474765}, "datetime": {"datetime": "2021-09-21 11:00:57", "elapsed": 3163.238005, "delta": 7.015415}}
{"target": -2.3967741935483877, "params": {"max_depth": 22.59238564786532, "n_estimators": 62.48230244875538}, "datetime": {"datetime": "2021-09-21 11:01:06", "elapsed": 3172.3649, "delta": 9.126895}}
{"target": -2.432478597383976, "params": {"max_depth": 10.647313815051298, "n_estimators": 91.97236189345946}, "datetime": {"datetime": "2021-09-21 11:01:19", "elapsed": 3185.427801, "delta": 13.062901}}
{"target": -2.3623336389837646, "params": {"max_depth": 16.472132879752344, "n_estimators": 67.6096398380582}, "datetime": {"datetime": "2021-09-21 11:01:27", "elapsed": 3193.534367, "delta": 8.106566}}
{"target": -2.3624728098230654, "params": {"max_depth": 18.59137692336867, "n_estimators": 67.72878174532082}, "datetime": {"datetime": "2021-09-21 11:01:40", "elapsed": 3206.725194, "delta": 13.190827}}
{"target": -2.3624728098230654, "params": {"max_depth": 18.349777684217006, "n_estimators": 67.80323645838975}, "datetime": {"datetime": "2021-09-21 11:02:03", "elapsed": 3229.164049, "delta": 22.438855}}
{"target": -2.3624728098230654, "params": {"max_depth": 18.243413767345164, "n_estimators": 67.85321134719256}, "datetime": {"datetime": "2021-09-21 11:02:14", "elapsed": 3240.602927, "delta": 11.438878}}
{"target": -2.3623336389837646, "params": {"max_depth": 16.54603346841993, "n_estimators": 67.49280990664303}, "datetime": {"datetime": "2021-09-21 11:02:23", "elapsed": 3249.846811, "delta": 9.243884}}
{"target": -2.3623336389837646, "params": {"max_depth": 16.474595988774173, "n_estimators": 67.23269868284142}, "datetime": {"datetime": "2021-09-21 11:02:31", "elapsed": 3257.282736, "delta": 7.435925}}
{"target": -2.550455465587045, "params": {"max_depth": 26.357160731939015, "n_estimators": 13.962677875231746}, "datetime": {"datetime": "2021-09-21 11:02:45", "elapsed": 3271.493176, "delta": 14.21044}}
{"target": -2.3623336389837646, "params": {"max_depth": 16.466606196429794, "n_estimators": 67.72353896349549}, "datetime": {"datetime": "2021-09-21 11:02:56", "elapsed": 3283.065412, "delta": 11.572236}}
{"target": -2.3624728098230654, "params": {"max_depth": 18.572214150808808, "n_estimators": 67.68974588593105}, "datetime": {"datetime": "2021-09-21 11:03:12", "elapsed": 3298.957442, "delta": 15.89203}}
{"target": -2.3623336389837646, "params": {"max_depth": 16.484165997162876, "n_estimators": 67.53480072331348}, "datetime": {"datetime": "2021-09-21 11:03:28", "elapsed": 3314.803664, "delta": 15.846222}}
{"target": -2.3861749444032623, "params": {"max_depth": 27.16202233098797, "n_estimators": 71.60279655125566}, "datetime": {"datetime": "2021-09-21 11:03:39", "elapsed": 3325.521191, "delta": 10.717527}}
{"target": -2.3623336389837646, "params": {"max_depth": 16.30340565384986, "n_estimators": 67.72858764481417}, "datetime": {"datetime": "2021-09-21 11:03:48", "elapsed": 3334.913873, "delta": 9.392682}}
{"target": -2.3623336389837646, "params": {"max_depth": 16.380094094305434, "n_estimators": 67.4042098561031}, "datetime": {"datetime": "2021-09-21 11:04:07", "elapsed": 3353.705872, "delta": 18.791999}}
{"target": -2.502747010022469, "params": {"max_depth": 8.978514694692198, "n_estimators": 100.0}, "datetime": {"datetime": "2021-09-21 11:04:22", "elapsed": 3368.997835, "delta": 15.291963}}
{"target": -2.3992477783089177, "params": {"max_depth": 11.858459255877607, "n_estimators": 99.79103249424791}, "datetime": {"datetime": "2021-09-21 11:04:35", "elapsed": 3381.71993, "delta": 12.722095}}
{"target": -2.4558643403380245, "params": {"max_depth": 15.927392670544592, "n_estimators": 26.82672217402825}, "datetime": {"datetime": "2021-09-21 11:04:52", "elapsed": 3398.894759, "delta": 17.174829}}
{"target": -2.399642197599262, "params": {"max_depth": 28.814897189243336, "n_estimators": 57.04835884344145}, "datetime": {"datetime": "2021-09-21 11:05:20", "elapsed": 3426.115601, "delta": 27.220842}}
{"target": -2.3970803367016456, "params": {"max_depth": 16.69533752812005, "n_estimators": 84.89004212346735}, "datetime": {"datetime": "2021-09-21 11:05:28", "elapsed": 3434.687183, "delta": 8.571582}}
{"target": -2.429789718081249, "params": {"max_depth": 10.027467310827529, "n_estimators": 83.79590032031001}, "datetime": {"datetime": "2021-09-21 11:05:49", "elapsed": 3455.579107, "delta": 20.891924}}
{"target": -2.3623336389837646, "params": {"max_depth": 16.591787549620033, "n_estimators": 67.34121994838056}, "datetime": {"datetime": "2021-09-21 11:06:08", "elapsed": 3474.342113, "delta": 18.763006}}
{"target": -2.395666827603825, "params": {"max_depth": 15.7653773356416, "n_estimators": 93.30546463768663}, "datetime": {"datetime": "2021-09-21 11:06:32", "elapsed": 3499.024723, "delta": 24.68261}}
{"target": -2.3623336389837646, "params": {"max_depth": 16.378865598861942, "n_estimators": 67.5413256876427}, "datetime": {"datetime": "2021-09-21 11:06:46", "elapsed": 3512.835709, "delta": 13.810986}}
{"target": -2.3623336389837646, "params": {"max_depth": 16.37658074369076, "n_estimators": 67.39949372996332}, "datetime": {"datetime": "2021-09-21 11:07:04", "elapsed": 3530.636251, "delta": 17.800542}}
{"target": -2.3681264728986653, "params": {"max_depth": 23.267972963032356, "n_estimators": 67.8360841590799}, "datetime": {"datetime": "2021-09-21 11:07:21", "elapsed": 3547.896403, "delta": 17.260152}}
{"target": -2.3624728098230654, "params": {"max_depth": 18.10116706771453, "n_estimators": 67.80389427896355}, "datetime": {"datetime": "2021-09-21 11:07:40", "elapsed": 3566.778647, "delta": 18.882244}}
{"target": -2.3623336389837646, "params": {"max_depth": 16.49951552891502, "n_estimators": 67.762297328599}, "datetime": {"datetime": "2021-09-21 11:08:02", "elapsed": 3588.898576, "delta": 22.119929}}
{"target": -2.3624728098230654, "params": {"max_depth": 18.26427575260933, "n_estimators": 67.78303491487797}, "datetime": {"datetime": "2021-09-21 11:08:18", "elapsed": 3604.888933, "delta": 15.990357}}
{"target": -2.404138118718957, "params": {"max_depth": 13.647466996721512, "n_estimators": 67.18666040841183}, "datetime": {"datetime": "2021-09-21 11:08:40", "elapsed": 3626.445132, "delta": 21.556199}}
