{"target": -11.857766020141328, "params": {"max_depth": 25.367140596443477, "n_estimators": 113.45495918956368}, "datetime": {"datetime": "2021-09-27 17:28:56", "elapsed": 795.450148, "delta": 4.749058}}
{"target": -12.003588533401674, "params": {"max_depth": 12.123024420838915, "n_estimators": 190.45300798101078}, "datetime": {"datetime": "2021-09-27 17:28:59", "elapsed": 798.988478, "delta": 3.53833}}
{"target": -11.834812780897074, "params": {"max_depth": 25.97787252520865, "n_estimators": 161.60589772177437}, "datetime": {"datetime": "2021-09-27 17:29:04", "elapsed": 803.228915, "delta": 4.240437}}
{"target": -11.735102347145395, "params": {"max_depth": 14.313931570818061, "n_estimators": 121.84317939597182}, "datetime": {"datetime": "2021-09-27 17:29:07", "elapsed": 806.779892, "delta": 3.550977}}
{"target": -11.851822783257404, "params": {"max_depth": 20.681841370343196, "n_estimators": 159.949705950645}, "datetime": {"datetime": "2021-09-27 17:29:10", "elapsed": 809.777203, "delta": 2.997311}}
{"target": -11.70814583805766, "params": {"max_depth": 14.508944040829263, "n_estimators": 109.88952953338699}, "datetime": {"datetime": "2021-09-27 17:29:14", "elapsed": 813.373834, "delta": 3.596631}}
{"target": -11.848152574523127, "params": {"max_depth": 21.76914023451034, "n_estimators": 147.6462326205171}, "datetime": {"datetime": "2021-09-27 17:29:18", "elapsed": 817.369282, "delta": 3.995448}}
{"target": -11.984528417437309, "params": {"max_depth": 11.328630674578733, "n_estimators": 150.52990626079992}, "datetime": {"datetime": "2021-09-27 17:29:23", "elapsed": 822.435301, "delta": 5.066019}}
{"target": -11.840482151462377, "params": {"max_depth": 19.412647223772815, "n_estimators": 188.5748980173999}, "datetime": {"datetime": "2021-09-27 17:29:28", "elapsed": 827.188757, "delta": 4.753456}}
{"target": -11.843521686298283, "params": {"max_depth": 28.615281071616927, "n_estimators": 167.14270203657276}, "datetime": {"datetime": "2021-09-27 17:29:32", "elapsed": 831.357054, "delta": 4.168297}}
{"target": -11.84243398299936, "params": {"max_depth": 26.590040419099868, "n_estimators": 157.50254337028926}, "datetime": {"datetime": "2021-09-27 17:29:37", "elapsed": 836.358143, "delta": 5.001089}}
{"target": -11.824399537220964, "params": {"max_depth": 22.953797656982516, "n_estimators": 109.46024203870508}, "datetime": {"datetime": "2021-09-27 17:29:40", "elapsed": 839.146157, "delta": 2.788014}}
{"target": -11.834996634366764, "params": {"max_depth": 26.399367357935002, "n_estimators": 148.51770909400574}, "datetime": {"datetime": "2021-09-27 17:29:43", "elapsed": 842.543836, "delta": 3.397679}}
{"target": -11.94969856690484, "params": {"max_depth": 16.02727138601532, "n_estimators": 161.99574486348985}, "datetime": {"datetime": "2021-09-27 17:29:47", "elapsed": 846.786521, "delta": 4.242685}}
{"target": -11.839295506752986, "params": {"max_depth": 15.388608135209438, "n_estimators": 159.38664728114065}, "datetime": {"datetime": "2021-09-27 17:29:50", "elapsed": 849.278246, "delta": 2.491725}}
{"target": -11.92109739209705, "params": {"max_depth": 13.504318535958626, "n_estimators": 161.24580393664633}, "datetime": {"datetime": "2021-09-27 17:29:53", "elapsed": 852.217736, "delta": 2.93949}}
{"target": -11.986502187282113, "params": {"max_depth": 12.500453560502557, "n_estimators": 197.0502537508852}, "datetime": {"datetime": "2021-09-27 17:29:55", "elapsed": 854.704237, "delta": 2.486501}}
{"target": -11.838300589212167, "params": {"max_depth": 29.909066450921635, "n_estimators": 164.43685739356692}, "datetime": {"datetime": "2021-09-27 17:29:58", "elapsed": 857.107986, "delta": 2.403749}}
{"target": -11.851721249340786, "params": {"max_depth": 25.712227603130707, "n_estimators": 168.9733554720179}, "datetime": {"datetime": "2021-09-27 17:30:01", "elapsed": 860.558399, "delta": 3.450413}}
{"target": -11.855018708273912, "params": {"max_depth": 27.978037561445095, "n_estimators": 142.10857837385305}, "datetime": {"datetime": "2021-09-27 17:30:03", "elapsed": 862.806638, "delta": 2.248239}}
{"target": -11.822865265539772, "params": {"max_depth": 20.990282578008376, "n_estimators": 121.74279727905625}, "datetime": {"datetime": "2021-09-27 17:30:06", "elapsed": 865.073545, "delta": 2.266907}}
{"target": -11.74489434471643, "params": {"max_depth": 14.501720886247451, "n_estimators": 123.29437502563212}, "datetime": {"datetime": "2021-09-27 17:30:08", "elapsed": 867.463402, "delta": 2.389857}}
{"target": -11.856521614872726, "params": {"max_depth": 28.341328365385813, "n_estimators": 159.68893885250722}, "datetime": {"datetime": "2021-09-27 17:30:11", "elapsed": 870.306578, "delta": 2.843176}}
{"target": -11.834699236735394, "params": {"max_depth": 25.70072933953221, "n_estimators": 165.05426331046394}, "datetime": {"datetime": "2021-09-27 17:30:14", "elapsed": 873.516724, "delta": 3.210146}}
{"target": -11.842906752385925, "params": {"max_depth": 23.43578670633218, "n_estimators": 174.11487579475101}, "datetime": {"datetime": "2021-09-27 17:30:17", "elapsed": 876.543126, "delta": 3.026402}}
{"target": -11.851642869757029, "params": {"max_depth": 22.8910715354259, "n_estimators": 112.89542598925469}, "datetime": {"datetime": "2021-09-27 17:30:19", "elapsed": 878.937304, "delta": 2.394178}}
{"target": -11.856448134147527, "params": {"max_depth": 29.959650764674464, "n_estimators": 129.73168623687766}, "datetime": {"datetime": "2021-09-27 17:30:22", "elapsed": 881.694503, "delta": 2.757199}}
{"target": -11.816082568159088, "params": {"max_depth": 18.67757013919087, "n_estimators": 162.32250788309037}, "datetime": {"datetime": "2021-09-27 17:30:25", "elapsed": 884.726681, "delta": 3.032178}}
{"target": -11.84568704580475, "params": {"max_depth": 24.813682659649047, "n_estimators": 180.6000578976487}, "datetime": {"datetime": "2021-09-27 17:30:28", "elapsed": 887.873869, "delta": 3.147188}}
{"target": -11.856090924685333, "params": {"max_depth": 29.998063966347544, "n_estimators": 175.85709833991868}, "datetime": {"datetime": "2021-09-27 17:30:32", "elapsed": 891.474978, "delta": 3.601109}}
{"target": -11.818630223737792, "params": {"max_depth": 20.17581237597716, "n_estimators": 125.43126676374288}, "datetime": {"datetime": "2021-09-27 17:30:35", "elapsed": 894.186158, "delta": 2.71118}}
{"target": -11.837245913221262, "params": {"max_depth": 26.08475647053044, "n_estimators": 198.21986438865753}, "datetime": {"datetime": "2021-09-27 17:30:38", "elapsed": 897.246532, "delta": 3.060374}}
{"target": -11.744846027955854, "params": {"max_depth": 14.73108492725646, "n_estimators": 106.46825993443657}, "datetime": {"datetime": "2021-09-27 17:30:41", "elapsed": 900.040725, "delta": 2.794193}}
{"target": -11.851631458818067, "params": {"max_depth": 21.38802107999006, "n_estimators": 168.5442634622894}, "datetime": {"datetime": "2021-09-27 17:30:43", "elapsed": 902.954163, "delta": 2.913438}}
{"target": -11.947730570041552, "params": {"max_depth": 16.15691022693987, "n_estimators": 143.63323193715786}, "datetime": {"datetime": "2021-09-27 17:30:47", "elapsed": 906.005488, "delta": 3.051325}}
{"target": -11.839189808371515, "params": {"max_depth": 18.54926298573477, "n_estimators": 142.55022329287374}, "datetime": {"datetime": "2021-09-27 17:30:50", "elapsed": 909.469196, "delta": 3.463708}}
{"target": -11.85385521551067, "params": {"max_depth": 22.35704700100177, "n_estimators": 181.62765927050663}, "datetime": {"datetime": "2021-09-27 17:30:54", "elapsed": 913.353753, "delta": 3.884557}}
{"target": -11.833506197393731, "params": {"max_depth": 23.150810349725088, "n_estimators": 100.0021525853954}, "datetime": {"datetime": "2021-09-27 17:30:57", "elapsed": 916.326976, "delta": 2.973223}}
{"target": -12.228578614257456, "params": {"max_depth": 8.0, "n_estimators": 141.88063653787987}, "datetime": {"datetime": "2021-09-27 17:31:00", "elapsed": 919.684077, "delta": 3.357101}}
{"target": -11.808289298154158, "params": {"max_depth": 14.275091177125141, "n_estimators": 140.35801421833943}, "datetime": {"datetime": "2021-09-27 17:31:03", "elapsed": 922.370674, "delta": 2.686597}}
{"target": -11.857534527191008, "params": {"max_depth": 18.55702641273359, "n_estimators": 127.00989537745109}, "datetime": {"datetime": "2021-09-27 17:31:07", "elapsed": 926.288966, "delta": 3.918292}}
{"target": -11.836918046165053, "params": {"max_depth": 29.96094269294507, "n_estimators": 132.9049153707354}, "datetime": {"datetime": "2021-09-27 17:31:10", "elapsed": 929.057167, "delta": 2.768201}}
{"target": -11.890603734608787, "params": {"max_depth": 13.886475309526029, "n_estimators": 101.85754496143328}, "datetime": {"datetime": "2021-09-27 17:31:13", "elapsed": 932.675058, "delta": 3.617891}}
{"target": -11.839892462883805, "params": {"max_depth": 23.953835508552512, "n_estimators": 184.84287063596938}, "datetime": {"datetime": "2021-09-27 17:31:18", "elapsed": 937.096106, "delta": 4.421048}}
{"target": -11.825593909251527, "params": {"max_depth": 29.884562145813188, "n_estimators": 188.36143911705688}, "datetime": {"datetime": "2021-09-27 17:31:21", "elapsed": 940.564164, "delta": 3.468058}}
{"target": -11.832645764713739, "params": {"max_depth": 26.94222267353268, "n_estimators": 189.41022947133945}, "datetime": {"datetime": "2021-09-27 17:31:24", "elapsed": 943.805616, "delta": 3.241452}}
{"target": -11.822312594978165, "params": {"max_depth": 27.195727357259084, "n_estimators": 163.11414212519512}, "datetime": {"datetime": "2021-09-27 17:31:30", "elapsed": 949.906325, "delta": 6.100709}}
{"target": -11.987272848880707, "params": {"max_depth": 12.754615051167237, "n_estimators": 131.30343121032618}, "datetime": {"datetime": "2021-09-27 17:31:34", "elapsed": 953.75568, "delta": 3.849355}}
{"target": -11.809128875145184, "params": {"max_depth": 17.399700007926363, "n_estimators": 157.79548047177514}, "datetime": {"datetime": "2021-09-27 17:31:38", "elapsed": 957.409523, "delta": 3.653843}}
{"target": -11.70814583805766, "params": {"max_depth": 14.077769555648398, "n_estimators": 109.98369832803412}, "datetime": {"datetime": "2021-09-27 17:31:41", "elapsed": 960.486789, "delta": 3.077266}}
{"target": -11.735102347145395, "params": {"max_depth": 14.414397645618301, "n_estimators": 121.08510290852686}, "datetime": {"datetime": "2021-09-27 17:31:44", "elapsed": 963.717734, "delta": 3.230945}}
{"target": -11.954164665413636, "params": {"max_depth": 16.605891778874913, "n_estimators": 156.2891971738829}, "datetime": {"datetime": "2021-09-27 17:31:48", "elapsed": 967.217996, "delta": 3.500262}}
{"target": -11.847331922595561, "params": {"max_depth": 19.569550035459343, "n_estimators": 165.21783331520294}, "datetime": {"datetime": "2021-09-27 17:31:51", "elapsed": 970.776891, "delta": 3.558895}}
{"target": -11.85838426044529, "params": {"max_depth": 23.782254865674364, "n_estimators": 116.79572508450126}, "datetime": {"datetime": "2021-09-27 17:31:56", "elapsed": 975.435413, "delta": 4.658522}}
{"target": -11.8422344658267, "params": {"max_depth": 27.924562573472084, "n_estimators": 124.6081721135318}, "datetime": {"datetime": "2021-09-27 17:31:59", "elapsed": 978.82742, "delta": 3.392007}}
{"target": -11.773461341959168, "params": {"max_depth": 17.83822942676538, "n_estimators": 130.8977620954186}, "datetime": {"datetime": "2021-09-27 17:32:04", "elapsed": 983.426357, "delta": 4.598937}}
{"target": -11.832955496773428, "params": {"max_depth": 25.343030874411884, "n_estimators": 136.58992662609336}, "datetime": {"datetime": "2021-09-27 17:32:08", "elapsed": 987.529729, "delta": 4.103372}}
{"target": -11.945719750762702, "params": {"max_depth": 16.654195467472597, "n_estimators": 148.0750802159248}, "datetime": {"datetime": "2021-09-27 17:32:12", "elapsed": 991.883203, "delta": 4.353474}}
{"target": -11.807302806371956, "params": {"max_depth": 18.79776261655423, "n_estimators": 149.56860906499583}, "datetime": {"datetime": "2021-09-27 17:32:16", "elapsed": 995.332736, "delta": 3.449533}}
{"target": -11.862681148859773, "params": {"max_depth": 24.89276912301771, "n_estimators": 200.0}, "datetime": {"datetime": "2021-09-27 17:32:20", "elapsed": 999.815948, "delta": 4.483212}}
{"target": -11.841294793426757, "params": {"max_depth": 20.529258982416586, "n_estimators": 192.30931822549675}, "datetime": {"datetime": "2021-09-27 17:32:25", "elapsed": 1004.651826, "delta": 4.835878}}
{"target": -11.868362591822253, "params": {"max_depth": 25.661598029841738, "n_estimators": 115.42303916259492}, "datetime": {"datetime": "2021-09-27 17:32:29", "elapsed": 1008.382892, "delta": 3.731066}}
{"target": -11.877652109800003, "params": {"max_depth": 14.334833568489877, "n_estimators": 179.28113228686476}, "datetime": {"datetime": "2021-09-27 17:32:33", "elapsed": 1012.577359, "delta": 4.194467}}
{"target": -11.853639008572788, "params": {"max_depth": 28.290255720265648, "n_estimators": 170.89007963467856}, "datetime": {"datetime": "2021-09-27 17:32:39", "elapsed": 1018.533347, "delta": 5.955988}}
{"target": -11.852388835179385, "params": {"max_depth": 22.74910125261527, "n_estimators": 140.33957616418857}, "datetime": {"datetime": "2021-09-27 17:32:43", "elapsed": 1022.770555, "delta": 4.237208}}
{"target": -11.865773880453897, "params": {"max_depth": 28.150870029810413, "n_estimators": 179.69097714120466}, "datetime": {"datetime": "2021-09-27 17:32:49", "elapsed": 1028.282191, "delta": 5.511636}}
{"target": -11.845467859743906, "params": {"max_depth": 28.404650271624526, "n_estimators": 107.6786339362004}, "datetime": {"datetime": "2021-09-27 17:32:53", "elapsed": 1032.692549, "delta": 4.410358}}
{"target": -11.841468978042235, "params": {"max_depth": 26.244463330523587, "n_estimators": 122.46161897349734}, "datetime": {"datetime": "2021-09-27 17:32:57", "elapsed": 1036.128882, "delta": 3.436333}}
{"target": -11.84446720606291, "params": {"max_depth": 21.08420234442672, "n_estimators": 111.7181064065325}, "datetime": {"datetime": "2021-09-27 17:33:00", "elapsed": 1039.338062, "delta": 3.20918}}
{"target": -11.820999200301856, "params": {"max_depth": 29.979834217588394, "n_estimators": 102.02252150410295}, "datetime": {"datetime": "2021-09-27 17:33:04", "elapsed": 1043.200912, "delta": 3.86285}}
{"target": -11.832403674575975, "params": {"max_depth": 20.5841910819602, "n_estimators": 186.80018711163342}, "datetime": {"datetime": "2021-09-27 17:33:07", "elapsed": 1046.955239, "delta": 3.754327}}
{"target": -11.829826342591458, "params": {"max_depth": 26.034453748357667, "n_estimators": 110.02194357588291}, "datetime": {"datetime": "2021-09-27 17:33:10", "elapsed": 1049.80479, "delta": 2.849551}}
{"target": -11.911554117740128, "params": {"max_depth": 16.910555806009828, "n_estimators": 121.78597692448075}, "datetime": {"datetime": "2021-09-27 17:33:14", "elapsed": 1053.331655, "delta": 3.526865}}
{"target": -11.847833843431815, "params": {"max_depth": 18.179008941142033, "n_estimators": 123.3789631644733}, "datetime": {"datetime": "2021-09-27 17:33:18", "elapsed": 1057.225767, "delta": 3.894112}}
{"target": -11.777308156214367, "params": {"max_depth": 17.16304003079297, "n_estimators": 120.1514494618799}, "datetime": {"datetime": "2021-09-27 17:33:22", "elapsed": 1061.010174, "delta": 3.784407}}
{"target": -11.851767880343997, "params": {"max_depth": 22.882706604077708, "n_estimators": 134.18742508738012}, "datetime": {"datetime": "2021-09-27 17:33:25", "elapsed": 1064.591643, "delta": 3.581469}}
{"target": -11.835461185736165, "params": {"max_depth": 18.539332588392288, "n_estimators": 120.6620223106266}, "datetime": {"datetime": "2021-09-27 17:33:28", "elapsed": 1067.902628, "delta": 3.310985}}
{"target": -11.84765693030479, "params": {"max_depth": 23.691733252892593, "n_estimators": 128.92542903657923}, "datetime": {"datetime": "2021-09-27 17:33:32", "elapsed": 1071.964714, "delta": 4.062086}}
{"target": -11.845467859743906, "params": {"max_depth": 26.489315487572128, "n_estimators": 107.6110364485229}, "datetime": {"datetime": "2021-09-27 17:33:37", "elapsed": 1076.195858, "delta": 4.231144}}
{"target": -11.839700267612633, "params": {"max_depth": 28.711888627447173, "n_estimators": 196.3513734214837}, "datetime": {"datetime": "2021-09-27 17:33:41", "elapsed": 1080.698669, "delta": 4.502811}}
{"target": -11.820340727090391, "params": {"max_depth": 23.960909569263173, "n_estimators": 163.66821268012586}, "datetime": {"datetime": "2021-09-27 17:33:45", "elapsed": 1084.726233, "delta": 4.027564}}
{"target": -11.861456085218098, "params": {"max_depth": 21.568231613160222, "n_estimators": 200.0}, "datetime": {"datetime": "2021-09-27 17:33:50", "elapsed": 1089.067462, "delta": 4.341229}}
{"target": -11.831307244063838, "params": {"max_depth": 30.0, "n_estimators": 125.99689634289811}, "datetime": {"datetime": "2021-09-27 17:33:53", "elapsed": 1092.663271, "delta": 3.595809}}
{"target": -11.845573642467668, "params": {"max_depth": 25.05803066218721, "n_estimators": 147.02989230123202}, "datetime": {"datetime": "2021-09-27 17:33:57", "elapsed": 1096.235594, "delta": 3.572323}}
{"target": -11.826673505430426, "params": {"max_depth": 28.723169655065647, "n_estimators": 151.5684081933967}, "datetime": {"datetime": "2021-09-27 17:34:00", "elapsed": 1099.666685, "delta": 3.431091}}
{"target": -11.839700267612633, "params": {"max_depth": 25.402540901217314, "n_estimators": 196.44429197915895}, "datetime": {"datetime": "2021-09-27 17:34:07", "elapsed": 1106.126619, "delta": 6.459934}}
{"target": -11.835693329554353, "params": {"max_depth": 26.232572558671563, "n_estimators": 130.95647795667787}, "datetime": {"datetime": "2021-09-27 17:34:12", "elapsed": 1111.871457, "delta": 5.744838}}
{"target": -11.839628849637107, "params": {"max_depth": 20.155074814862296, "n_estimators": 146.65164324393942}, "datetime": {"datetime": "2021-09-27 17:34:18", "elapsed": 1117.940883, "delta": 6.069426}}
{"target": -11.833141955625633, "params": {"max_depth": 20.28271241105859, "n_estimators": 194.59655393565762}, "datetime": {"datetime": "2021-09-27 17:34:24", "elapsed": 1123.011768, "delta": 5.070885}}
{"target": -11.853081643064337, "params": {"max_depth": 25.298570193654427, "n_estimators": 172.3633888353104}, "datetime": {"datetime": "2021-09-27 17:34:29", "elapsed": 1128.754217, "delta": 5.742449}}
{"target": -11.828985734141858, "params": {"max_depth": 22.70468464600126, "n_estimators": 188.0397036262827}, "datetime": {"datetime": "2021-09-27 17:34:35", "elapsed": 1134.862979, "delta": 6.108762}}
{"target": -11.834465552028757, "params": {"max_depth": 19.168156378100804, "n_estimators": 152.2846699985737}, "datetime": {"datetime": "2021-09-27 17:34:40", "elapsed": 1139.079158, "delta": 4.216179}}
{"target": -11.838693078177602, "params": {"max_depth": 23.837714100230112, "n_estimators": 193.54097022517894}, "datetime": {"datetime": "2021-09-27 17:34:47", "elapsed": 1146.813544, "delta": 7.734386}}
{"target": -11.862681148859773, "params": {"max_depth": 28.33347926707298, "n_estimators": 200.0}, "datetime": {"datetime": "2021-09-27 17:34:52", "elapsed": 1151.605247, "delta": 4.791703}}
{"target": -11.845588082459376, "params": {"max_depth": 22.651939713080612, "n_estimators": 160.67894870276066}, "datetime": {"datetime": "2021-09-27 17:34:57", "elapsed": 1156.707765, "delta": 5.102518}}
{"target": -11.812459457512526, "params": {"max_depth": 14.126085994097465, "n_estimators": 147.0326673128927}, "datetime": {"datetime": "2021-09-27 17:35:02", "elapsed": 1161.421344, "delta": 4.713579}}
{"target": -11.805722303406691, "params": {"max_depth": 17.450629161514644, "n_estimators": 116.53543286951117}, "datetime": {"datetime": "2021-09-27 17:35:06", "elapsed": 1165.48291, "delta": 4.061566}}
{"target": -11.837949416717663, "params": {"max_depth": 18.575787976486136, "n_estimators": 117.85565265339002}, "datetime": {"datetime": "2021-09-27 17:35:10", "elapsed": 1169.82159, "delta": 4.33868}}
{"target": -11.86154847408937, "params": {"max_depth": 29.95980257878644, "n_estimators": 116.50943342303304}, "datetime": {"datetime": "2021-09-27 17:35:14", "elapsed": 1173.834436, "delta": 4.012846}}
{"target": -11.809714521311728, "params": {"max_depth": 15.771322641693192, "n_estimators": 116.39884264418414}, "datetime": {"datetime": "2021-09-27 17:35:19", "elapsed": 1178.255243, "delta": 4.420807}}
{"target": -11.842628565860439, "params": {"max_depth": 21.483201940341417, "n_estimators": 157.60028075693663}, "datetime": {"datetime": "2021-09-27 17:35:23", "elapsed": 1182.549028, "delta": 4.293785}}
{"target": -11.930996120213418, "params": {"max_depth": 13.77943879311161, "n_estimators": 181.5315974511376}, "datetime": {"datetime": "2021-09-27 17:35:28", "elapsed": 1187.188726, "delta": 4.639698}}
{"target": -11.84579384516301, "params": {"max_depth": 28.372848659346957, "n_estimators": 112.63331773418048}, "datetime": {"datetime": "2021-09-27 17:35:31", "elapsed": 1190.790868, "delta": 3.602142}}
{"target": -11.994378806516625, "params": {"max_depth": 11.759465015625352, "n_estimators": 155.12287356712093}, "datetime": {"datetime": "2021-09-27 17:35:35", "elapsed": 1194.826974, "delta": 4.036106}}
{"target": -11.830835467778208, "params": {"max_depth": 26.002267476119922, "n_estimators": 118.77318023783828}, "datetime": {"datetime": "2021-09-27 17:35:39", "elapsed": 1198.480607, "delta": 3.653633}}
{"target": -11.847678560508978, "params": {"max_depth": 19.607188004197674, "n_estimators": 101.05311353347133}, "datetime": {"datetime": "2021-09-27 17:35:42", "elapsed": 1201.766844, "delta": 3.286237}}
{"target": -12.026183040136413, "params": {"max_depth": 12.449341162664483, "n_estimators": 172.50167067077817}, "datetime": {"datetime": "2021-09-27 17:35:47", "elapsed": 1206.854246, "delta": 5.087402}}
{"target": -11.786530226406711, "params": {"max_depth": 17.84981048367142, "n_estimators": 110.13011658793363}, "datetime": {"datetime": "2021-09-27 17:35:51", "elapsed": 1210.731506, "delta": 3.87726}}
