{"target": -2.4423802042419482, "params": {"max_depth": 28.254390610742636, "n_estimators": 67.25883388621078}, "datetime": {"datetime": "2021-09-21 08:11:17", "elapsed": 243.999744, "delta": 1.166003}}
{"target": -2.445861769809138, "params": {"max_depth": 21.85119948949243, "n_estimators": 65.23195922993341}, "datetime": {"datetime": "2021-09-21 08:11:18", "elapsed": 245.364746, "delta": 1.365002}}
{"target": -2.4423802042419482, "params": {"max_depth": 24.052822972092372, "n_estimators": 67.10798941880566}, "datetime": {"datetime": "2021-09-21 08:11:20", "elapsed": 246.635747, "delta": 1.271001}}
{"target": -2.444456269349845, "params": {"max_depth": 23.581997266032044, "n_estimators": 68.92030874142071}, "datetime": {"datetime": "2021-09-21 08:11:21", "elapsed": 248.169795, "delta": 1.534048}}
{"target": -2.467098617756512, "params": {"max_depth": 23.674729009554888, "n_estimators": 99.99353945801451}, "datetime": {"datetime": "2021-09-21 08:11:23", "elapsed": 249.922613, "delta": 1.752818}}
{"target": -2.442181856295149, "params": {"max_depth": 20.561898341527822, "n_estimators": 68.30641325660025}, "datetime": {"datetime": "2021-09-21 08:11:24", "elapsed": 251.220578, "delta": 1.297965}}
{"target": -2.45654826027056, "params": {"max_depth": 19.32375683067783, "n_estimators": 57.092459087784306}, "datetime": {"datetime": "2021-09-21 08:11:26", "elapsed": 252.735723, "delta": 1.515145}}
{"target": -2.4520247988392034, "params": {"max_depth": 22.239267961577372, "n_estimators": 57.45822019642692}, "datetime": {"datetime": "2021-09-21 08:11:27", "elapsed": 254.031053, "delta": 1.29533}}
{"target": -2.4455565142364106, "params": {"max_depth": 28.344496957579008, "n_estimators": 61.77637402877317}, "datetime": {"datetime": "2021-09-21 08:11:29", "elapsed": 255.532241, "delta": 1.501188}}
{"target": -2.440998803827751, "params": {"max_depth": 29.42320608672472, "n_estimators": 66.49346821420237}, "datetime": {"datetime": "2021-09-21 08:11:30", "elapsed": 257.086542, "delta": 1.554301}}
{"target": -2.4436526951707624, "params": {"max_depth": 17.77153366693243, "n_estimators": 67.44012313269923}, "datetime": {"datetime": "2021-09-21 08:11:32", "elapsed": 258.728097, "delta": 1.641555}}
{"target": -2.4403750854408752, "params": {"max_depth": 22.40194127439204, "n_estimators": 66.90477421611446}, "datetime": {"datetime": "2021-09-21 08:11:34", "elapsed": 260.427138, "delta": 1.699041}}
{"target": -2.4501372478816084, "params": {"max_depth": 21.36972110111565, "n_estimators": 63.56030651501644}, "datetime": {"datetime": "2021-09-21 08:11:35", "elapsed": 261.901443, "delta": 1.474305}}
{"target": -2.441640602530918, "params": {"max_depth": 20.929352306638464, "n_estimators": 61.28314684542342}, "datetime": {"datetime": "2021-09-21 08:11:36", "elapsed": 263.079147, "delta": 1.177704}}
{"target": -2.4455565142364106, "params": {"max_depth": 26.22598173996081, "n_estimators": 61.465025899989556}, "datetime": {"datetime": "2021-09-21 08:11:38", "elapsed": 264.565148, "delta": 1.486001}}
{"target": -2.442175401189541, "params": {"max_depth": 21.3960603710549, "n_estimators": 67.7601462119257}, "datetime": {"datetime": "2021-09-21 08:11:39", "elapsed": 265.990244, "delta": 1.425096}}
{"target": -2.453716528162512, "params": {"max_depth": 25.874036567507726, "n_estimators": 57.975116160211236}, "datetime": {"datetime": "2021-09-21 08:11:41", "elapsed": 267.518161, "delta": 1.527917}}
{"target": -2.440998803827751, "params": {"max_depth": 25.57472576338832, "n_estimators": 66.47649275204465}, "datetime": {"datetime": "2021-09-21 08:11:42", "elapsed": 268.960634, "delta": 1.442473}}
{"target": -2.4397228867623606, "params": {"max_depth": 23.338145438006922, "n_estimators": 66.17401828417579}, "datetime": {"datetime": "2021-09-21 08:11:44", "elapsed": 270.929102, "delta": 1.968468}}
{"target": -2.4461040296052627, "params": {"max_depth": 23.528406343452293, "n_estimators": 64.01253115570317}, "datetime": {"datetime": "2021-09-21 08:11:46", "elapsed": 272.621091, "delta": 1.691989}}
{"target": -2.4679129478620503, "params": {"max_depth": 13.192560634005199, "n_estimators": 69.32512053617072}, "datetime": {"datetime": "2021-09-21 08:11:48", "elapsed": 274.512408, "delta": 1.891317}}
{"target": -2.4373795520999466, "params": {"max_depth": 20.375836552199395, "n_estimators": 66.41488922387704}, "datetime": {"datetime": "2021-09-21 08:11:49", "elapsed": 276.1618, "delta": 1.649392}}
{"target": -2.4457914086687307, "params": {"max_depth": 29.96710768646817, "n_estimators": 68.78036086999015}, "datetime": {"datetime": "2021-09-21 08:11:51", "elapsed": 277.943596, "delta": 1.781796}}
{"target": -2.4411233307148463, "params": {"max_depth": 23.015116876776965, "n_estimators": 67.64883491771646}, "datetime": {"datetime": "2021-09-21 08:11:53", "elapsed": 279.842715, "delta": 1.899119}}
{"target": -2.4373795520999466, "params": {"max_depth": 20.531111317874164, "n_estimators": 66.3607283724464}, "datetime": {"datetime": "2021-09-21 08:11:54", "elapsed": 281.118122, "delta": 1.275407}}
{"target": -2.4441760138050044, "params": {"max_depth": 23.244723615492212, "n_estimators": 61.78657062216922}, "datetime": {"datetime": "2021-09-21 08:11:56", "elapsed": 283.054058, "delta": 1.935936}}
{"target": -2.4485442928044527, "params": {"max_depth": 14.037681695804707, "n_estimators": 98.09010599093978}, "datetime": {"datetime": "2021-09-21 08:11:58", "elapsed": 285.094163, "delta": 2.040105}}
{"target": -2.4500897988505757, "params": {"max_depth": 20.96145671791754, "n_estimators": 58.22650868798432}, "datetime": {"datetime": "2021-09-21 08:12:00", "elapsed": 287.136721, "delta": 2.042558}}
{"target": -2.4373795520999466, "params": {"max_depth": 20.56776060120462, "n_estimators": 66.59881751421386}, "datetime": {"datetime": "2021-09-21 08:12:03", "elapsed": 289.431267, "delta": 2.294546}}
{"target": -2.4423802042419482, "params": {"max_depth": 29.02110468559626, "n_estimators": 67.05585709472895}, "datetime": {"datetime": "2021-09-21 08:12:04", "elapsed": 291.051617, "delta": 1.62035}}
{"target": -2.448311562420544, "params": {"max_depth": 20.291097205229494, "n_estimators": 69.07584273419796}, "datetime": {"datetime": "2021-09-21 08:12:06", "elapsed": 293.15632, "delta": 2.104703}}
{"target": -2.4504803675856306, "params": {"max_depth": 30.0, "n_estimators": 63.10595984191359}, "datetime": {"datetime": "2021-09-21 08:12:08", "elapsed": 294.707, "delta": 1.55068}}
{"target": -2.4423802042419482, "params": {"max_depth": 27.239152745444493, "n_estimators": 67.39336003790297}, "datetime": {"datetime": "2021-09-21 08:12:11", "elapsed": 297.771866, "delta": 3.064866}}
{"target": -2.4373795520999466, "params": {"max_depth": 20.376133165499713, "n_estimators": 66.24399507245606}, "datetime": {"datetime": "2021-09-21 08:12:13", "elapsed": 299.693572, "delta": 1.921706}}
{"target": -2.444456269349845, "params": {"max_depth": 23.241554392690556, "n_estimators": 68.21133931177607}, "datetime": {"datetime": "2021-09-21 08:12:17", "elapsed": 303.705261, "delta": 4.011689}}
{"target": -2.4403750854408752, "params": {"max_depth": 22.14645690869484, "n_estimators": 66.32868963990498}, "datetime": {"datetime": "2021-09-21 08:12:19", "elapsed": 306.022956, "delta": 2.317695}}
{"target": -2.4373795520999466, "params": {"max_depth": 20.60663636813041, "n_estimators": 66.83157302511982}, "datetime": {"datetime": "2021-09-21 08:12:22", "elapsed": 308.532845, "delta": 2.509889}}
{"target": -2.440998803827751, "params": {"max_depth": 28.262644312628197, "n_estimators": 66.08893760432773}, "datetime": {"datetime": "2021-09-21 08:12:25", "elapsed": 311.814189, "delta": 3.281344}}
{"target": -2.4373795520999466, "params": {"max_depth": 20.476684977115042, "n_estimators": 66.26332759648895}, "datetime": {"datetime": "2021-09-21 08:12:27", "elapsed": 314.297034, "delta": 2.482845}}
{"target": -2.4373795520999466, "params": {"max_depth": 20.42744589242693, "n_estimators": 66.3848898844117}, "datetime": {"datetime": "2021-09-21 08:12:30", "elapsed": 316.582488, "delta": 2.285454}}
{"target": -2.4838240420804794, "params": {"max_depth": 15.682164219436066, "n_estimators": 86.2230475403722}, "datetime": {"datetime": "2021-09-21 08:12:33", "elapsed": 320.002354, "delta": 3.419866}}
{"target": -2.451327699348353, "params": {"max_depth": 14.331570047413297, "n_estimators": 85.62187588290118}, "datetime": {"datetime": "2021-09-21 08:12:36", "elapsed": 322.87065, "delta": 2.868296}}
{"target": -2.5029462758701038, "params": {"max_depth": 10.084084447883505, "n_estimators": 76.642724613954}, "datetime": {"datetime": "2021-09-21 08:12:38", "elapsed": 324.938206, "delta": 2.067556}}
{"target": -2.488597920700178, "params": {"max_depth": 13.515309963543283, "n_estimators": 81.44183485097673}, "datetime": {"datetime": "2021-09-21 08:12:42", "elapsed": 328.769702, "delta": 3.831496}}
{"target": -2.482511015594182, "params": {"max_depth": 15.092196552876375, "n_estimators": 82.25297653791539}, "datetime": {"datetime": "2021-09-21 08:12:45", "elapsed": 331.585492, "delta": 2.81579}}
{"target": -2.487205586097714, "params": {"max_depth": 13.868699696954836, "n_estimators": 58.74115765331064}, "datetime": {"datetime": "2021-09-21 08:12:47", "elapsed": 334.158103, "delta": 2.572611}}
{"target": -2.4732772653282686, "params": {"max_depth": 30.0, "n_estimators": 97.52091085665809}, "datetime": {"datetime": "2021-09-21 08:12:50", "elapsed": 336.986287, "delta": 2.828184}}
{"target": -2.4762342612483588, "params": {"max_depth": 19.02353645672676, "n_estimators": 98.95665919729441}, "datetime": {"datetime": "2021-09-21 08:12:54", "elapsed": 340.472238, "delta": 3.485951}}
{"target": -2.4754952284557548, "params": {"max_depth": 21.104074958796634, "n_estimators": 52.40671387185407}, "datetime": {"datetime": "2021-09-21 08:12:56", "elapsed": 342.557618, "delta": 2.08538}}
{"target": -2.454531402290448, "params": {"max_depth": 20.976754408986853, "n_estimators": 72.59874947857433}, "datetime": {"datetime": "2021-09-21 08:12:58", "elapsed": 344.830616, "delta": 2.272998}}
{"target": -2.5069237808171057, "params": {"max_depth": 10.073801956745982, "n_estimators": 55.69815243785552}, "datetime": {"datetime": "2021-09-21 08:13:00", "elapsed": 346.988403, "delta": 2.157787}}
{"target": -2.4826998050682256, "params": {"max_depth": 27.298357747068675, "n_estimators": 81.2166904822873}, "datetime": {"datetime": "2021-09-21 08:13:04", "elapsed": 350.898077, "delta": 3.909674}}
{"target": -2.472619459833795, "params": {"max_depth": 27.430091024589633, "n_estimators": 76.22259330232652}, "datetime": {"datetime": "2021-09-21 08:13:07", "elapsed": 354.248417, "delta": 3.35034}}
{"target": -2.4959023267552127, "params": {"max_depth": 10.015295911226271, "n_estimators": 62.63252981569027}, "datetime": {"datetime": "2021-09-21 08:13:11", "elapsed": 358.103053, "delta": 3.854636}}
{"target": -2.4680688463583196, "params": {"max_depth": 28.018043590008343, "n_estimators": 99.98887879923738}, "datetime": {"datetime": "2021-09-21 08:13:14", "elapsed": 361.160515, "delta": 3.057462}}
{"target": -2.457112834168755, "params": {"max_depth": 22.390710398615425, "n_estimators": 72.60723533158162}, "datetime": {"datetime": "2021-09-21 08:13:18", "elapsed": 364.668664, "delta": 3.508149}}
{"target": -2.478420227645671, "params": {"max_depth": 18.34044009405148, "n_estimators": 86.01622467210791}, "datetime": {"datetime": "2021-09-21 10:08:02", "elapsed": 0.0, "delta": 0.0}}
{"target": -2.4847349056287302, "params": {"max_depth": 10.002287496346899, "n_estimators": 65.116628631592}, "datetime": {"datetime": "2021-09-21 10:08:02", "elapsed": 0.590801, "delta": 0.590801}}
{"target": -2.509316663457614, "params": {"max_depth": 12.935117816342261, "n_estimators": 54.61692973843989}, "datetime": {"datetime": "2021-09-21 10:08:03", "elapsed": 1.331354, "delta": 0.740553}}
{"target": -2.4616659441989426, "params": {"max_depth": 13.725204227553418, "n_estimators": 67.27803635215238}, "datetime": {"datetime": "2021-09-21 10:08:04", "elapsed": 1.988864, "delta": 0.65751}}
{"target": -2.467372496357521, "params": {"max_depth": 17.935349484613397, "n_estimators": 76.94083670016785}, "datetime": {"datetime": "2021-09-21 10:08:04", "elapsed": 2.470914, "delta": 0.48205}}
{"target": -2.4616659441989426, "params": {"max_depth": 13.868952601232596, "n_estimators": 67.37427239374924}, "datetime": {"datetime": "2021-09-21 10:08:05", "elapsed": 2.957976, "delta": 0.487062}}
{"target": -2.5126203493414003, "params": {"max_depth": 11.702164508334237, "n_estimators": 73.38436890896023}, "datetime": {"datetime": "2021-09-21 10:08:05", "elapsed": 3.597918, "delta": 0.639942}}
{"target": -2.457888421459211, "params": {"max_depth": 16.21594087165585, "n_estimators": 64.61484910910625}, "datetime": {"datetime": "2021-09-21 10:08:06", "elapsed": 4.238366, "delta": 0.640448}}
{"target": -2.438873887143231, "params": {"max_depth": 20.768379544319302, "n_estimators": 67.26178291759689}, "datetime": {"datetime": "2021-09-21 10:08:06", "elapsed": 4.761448, "delta": 0.523082}}
{"target": -2.451174812030075, "params": {"max_depth": 24.255784649114275, "n_estimators": 70.60682164547885}, "datetime": {"datetime": "2021-09-21 10:08:07", "elapsed": 5.388719, "delta": 0.627271}}
{"target": -2.4474198190789473, "params": {"max_depth": 24.916097873444123, "n_estimators": 64.05765656488086}, "datetime": {"datetime": "2021-09-21 10:08:08", "elapsed": 6.046596, "delta": 0.657877}}
{"target": -2.453716528162512, "params": {"max_depth": 30.0, "n_estimators": 57.241381900602946}, "datetime": {"datetime": "2021-09-21 10:08:08", "elapsed": 6.567711, "delta": 0.521115}}
{"target": -2.479368421052631, "params": {"max_depth": 30.0, "n_estimators": 50.0}, "datetime": {"datetime": "2021-09-21 10:08:09", "elapsed": 7.034582, "delta": 0.466871}}
{"target": -2.440998803827751, "params": {"max_depth": 30.0, "n_estimators": 66.06212907552094}, "datetime": {"datetime": "2021-09-21 10:08:09", "elapsed": 7.544743, "delta": 0.510161}}
{"target": -2.472619459833795, "params": {"max_depth": 30.0, "n_estimators": 76.63659473248292}, "datetime": {"datetime": "2021-09-21 10:08:10", "elapsed": 8.214865, "delta": 0.670122}}
{"target": -2.4726644736842105, "params": {"max_depth": 30.0, "n_estimators": 100.0}, "datetime": {"datetime": "2021-09-21 10:08:11", "elapsed": 8.924563, "delta": 0.709698}}
{"target": -2.4500955008488963, "params": {"max_depth": 29.74613483151794, "n_estimators": 62.00065287961935}, "datetime": {"datetime": "2021-09-21 10:08:11", "elapsed": 9.543721, "delta": 0.619158}}
{"target": -2.49653922016848, "params": {"max_depth": 10.0, "n_estimators": 100.0}, "datetime": {"datetime": "2021-09-21 10:08:12", "elapsed": 10.308273, "delta": 0.764552}}
{"target": -2.4785361842105256, "params": {"max_depth": 30.0, "n_estimators": 88.82879071982282}, "datetime": {"datetime": "2021-09-21 10:08:13", "elapsed": 11.085839, "delta": 0.777566}}
{"target": -2.451174812030075, "params": {"max_depth": 29.848341363858218, "n_estimators": 70.13577318868187}, "datetime": {"datetime": "2021-09-21 10:08:14", "elapsed": 11.819939, "delta": 0.7341}}
{"target": -2.453716528162512, "params": {"max_depth": 24.034124571824652, "n_estimators": 57.68502838989441}, "datetime": {"datetime": "2021-09-21 10:08:14", "elapsed": 12.364811, "delta": 0.544872}}
{"target": -2.4725136591478694, "params": {"max_depth": 21.439091960723292, "n_estimators": 100.0}, "datetime": {"datetime": "2021-09-21 10:08:15", "elapsed": 13.27643, "delta": 0.911619}}
{"target": -2.4423802042419482, "params": {"max_depth": 26.62723951679398, "n_estimators": 67.26855659875638}, "datetime": {"datetime": "2021-09-21 10:08:16", "elapsed": 14.391083, "delta": 1.114653}}
{"target": -2.4436874657346492, "params": {"max_depth": 20.939357327161233, "n_estimators": 64.21993457826937}, "datetime": {"datetime": "2021-09-21 10:08:17", "elapsed": 14.999988, "delta": 0.608905}}
{"target": -2.5035505903665602, "params": {"max_depth": 10.0, "n_estimators": 87.87976141278807}, "datetime": {"datetime": "2021-09-21 10:08:18", "elapsed": 15.820641, "delta": 0.820653}}
{"target": -2.4757812500000003, "params": {"max_depth": 23.278148122342493, "n_estimators": 80.0923518506042}, "datetime": {"datetime": "2021-09-21 10:08:18", "elapsed": 16.763542, "delta": 0.942901}}
{"target": -2.4397228867623606, "params": {"max_depth": 23.083612913193644, "n_estimators": 66.87401389962848}, "datetime": {"datetime": "2021-09-21 10:08:19", "elapsed": 17.540309, "delta": 0.776767}}
{"target": -2.4785977443609024, "params": {"max_depth": 22.02222486004572, "n_estimators": 50.0}, "datetime": {"datetime": "2021-09-21 10:08:20", "elapsed": 18.149194, "delta": 0.608885}}
{"target": -2.448311562420544, "params": {"max_depth": 20.482358377063157, "n_estimators": 69.97049893401429}, "datetime": {"datetime": "2021-09-21 10:08:21", "elapsed": 18.840249, "delta": 0.691055}}
{"target": -2.4411298131692867, "params": {"max_depth": 21.592123627008178, "n_estimators": 66.11361802763489}, "datetime": {"datetime": "2021-09-21 10:08:21", "elapsed": 19.543708, "delta": 0.703459}}
{"target": -2.4456569809941526, "params": {"max_depth": 20.894674321681425, "n_estimators": 60.49175618575691}, "datetime": {"datetime": "2021-09-21 10:08:22", "elapsed": 20.300725, "delta": 0.757017}}
{"target": -2.4706494057724955, "params": {"max_depth": 23.149965065514564, "n_estimators": 93.1142017522115}, "datetime": {"datetime": "2021-09-21 10:08:23", "elapsed": 21.191082, "delta": 0.890357}}
{"target": -2.4450892857142854, "params": {"max_depth": 22.192727353382754, "n_estimators": 68.20295668425062}, "datetime": {"datetime": "2021-09-21 10:08:24", "elapsed": 21.958595, "delta": 0.767513}}
{"target": -2.4465324245994906, "params": {"max_depth": 18.69246225642876, "n_estimators": 67.33085193053151}, "datetime": {"datetime": "2021-09-21 10:08:24", "elapsed": 22.657884, "delta": 0.699289}}
{"target": -2.4705874695183905, "params": {"max_depth": 22.369507845572578, "n_estimators": 74.49800347273062}, "datetime": {"datetime": "2021-09-21 10:08:25", "elapsed": 23.421158, "delta": 0.763274}}
{"target": -2.4441760138050044, "params": {"max_depth": 23.423164786284012, "n_estimators": 61.058177302642115}, "datetime": {"datetime": "2021-09-21 10:08:26", "elapsed": 24.077272, "delta": 0.656114}}
{"target": -2.4574152542372882, "params": {"max_depth": 26.85822441228543, "n_estimators": 59.85373097005383}, "datetime": {"datetime": "2021-09-21 10:08:26", "elapsed": 24.755617, "delta": 0.678345}}
{"target": -2.4460728744939266, "params": {"max_depth": 28.342403573380963, "n_estimators": 65.07082943030743}, "datetime": {"datetime": "2021-09-21 10:08:27", "elapsed": 25.408837, "delta": 0.65322}}
{"target": -2.440998803827751, "params": {"max_depth": 24.738235430987377, "n_estimators": 66.7638627673251}, "datetime": {"datetime": "2021-09-21 10:08:28", "elapsed": 26.164516, "delta": 0.755679}}
{"target": -2.4423802042419482, "params": {"max_depth": 29.090813871401963, "n_estimators": 67.69891021622085}, "datetime": {"datetime": "2021-09-21 10:08:29", "elapsed": 27.020032, "delta": 0.855516}}
{"target": -2.451887871853547, "params": {"max_depth": 26.9713898528024, "n_estimators": 69.46902816727386}, "datetime": {"datetime": "2021-09-21 10:08:30", "elapsed": 27.823096, "delta": 0.803064}}
{"target": -2.449431542566093, "params": {"max_depth": 22.170566180245867, "n_estimators": 62.59218641498851}, "datetime": {"datetime": "2021-09-21 10:08:30", "elapsed": 28.548458, "delta": 0.725362}}
{"target": -2.4476906355801793, "params": {"max_depth": 20.50009978750966, "n_estimators": 57.20947006823872}, "datetime": {"datetime": "2021-09-21 10:08:31", "elapsed": 29.203998, "delta": 0.65554}}
{"target": -2.473432162975136, "params": {"max_depth": 17.203692913034622, "n_estimators": 94.43681092196952}, "datetime": {"datetime": "2021-09-21 10:08:32", "elapsed": 30.077925, "delta": 0.873927}}
{"target": -2.456368692265214, "params": {"max_depth": 17.949823740820474, "n_estimators": 59.99884475045452}, "datetime": {"datetime": "2021-09-21 10:08:33", "elapsed": 30.87897, "delta": 0.801045}}
{"target": -2.4757702182284977, "params": {"max_depth": 29.94596603632932, "n_estimators": 82.42170442468546}, "datetime": {"datetime": "2021-09-21 10:08:34", "elapsed": 31.82815, "delta": 0.94918}}
{"target": -2.4504224824882725, "params": {"max_depth": 19.618476040448442, "n_estimators": 65.3533597901076}, "datetime": {"datetime": "2021-09-21 10:08:34", "elapsed": 32.58194, "delta": 0.75379}}
{"target": -2.4817679171332583, "params": {"max_depth": 30.0, "n_estimators": 94.66313433110983}, "datetime": {"datetime": "2021-09-21 10:08:35", "elapsed": 33.47479, "delta": 0.89285}}
{"target": -2.456026188352237, "params": {"max_depth": 22.070248158315692, "n_estimators": 59.11644100345972}, "datetime": {"datetime": "2021-09-21 10:08:36", "elapsed": 34.237311, "delta": 0.762521}}
{"target": -2.4580043859649128, "params": {"max_depth": 26.102577734087816, "n_estimators": 54.4918424156897}, "datetime": {"datetime": "2021-09-21 10:08:37", "elapsed": 35.056013, "delta": 0.818702}}
{"target": -2.452569647498376, "params": {"max_depth": 20.990514643365383, "n_estimators": 54.52080604931618}, "datetime": {"datetime": "2021-09-21 10:08:37", "elapsed": 35.7183, "delta": 0.662287}}
{"target": -2.4777616279069767, "params": {"max_depth": 24.30561137908644, "n_estimators": 86.8928335284019}, "datetime": {"datetime": "2021-09-21 10:08:38", "elapsed": 36.599564, "delta": 0.881264}}
{"target": -2.455114160351477, "params": {"max_depth": 14.593645911802568, "n_estimators": 81.06008161932598}, "datetime": {"datetime": "2021-09-21 10:08:39", "elapsed": 37.479152, "delta": 0.879588}}
{"target": -2.5029210371231003, "params": {"max_depth": 10.0, "n_estimators": 80.72454029735285}, "datetime": {"datetime": "2021-09-21 10:08:40", "elapsed": 38.372649, "delta": 0.893497}}
