{"target": 0.8471734312972383, "params": {"max_depth": 20.83895162002021, "n_estimators": 67.62389324961816}, "datetime": {"datetime": "2021-09-21 13:33:37", "elapsed": 944.495298, "delta": 5.593069}}
{"target": 0.8445772247388609, "params": {"max_depth": 23.606964779901027, "n_estimators": 32.27022758926272}, "datetime": {"datetime": "2021-09-21 13:33:41", "elapsed": 948.462779, "delta": 3.967481}}
{"target": 0.8472688152784879, "params": {"max_depth": 17.677998471157995, "n_estimators": 67.60880502796087}, "datetime": {"datetime": "2021-09-21 13:33:49", "elapsed": 955.652371, "delta": 7.189592}}
{"target": 0.8420475448215629, "params": {"max_depth": 29.142256864887898, "n_estimators": 94.47767335735747}, "datetime": {"datetime": "2021-09-21 13:33:57", "elapsed": 963.675904, "delta": 8.023533}}
{"target": 0.8465065669568337, "params": {"max_depth": 18.013126713403928, "n_estimators": 67.06851542626515}, "datetime": {"datetime": "2021-09-21 13:34:02", "elapsed": 969.077598, "delta": 5.401694}}
{"target": 0.8265148899605749, "params": {"max_depth": 6.283717488445574, "n_estimators": 22.12207113002709}, "datetime": {"datetime": "2021-09-21 13:34:12", "elapsed": 978.956501, "delta": 9.878903}}
{"target": 0.8296063359177063, "params": {"max_depth": 8.489407129706322, "n_estimators": 23.429748249563854}, "datetime": {"datetime": "2021-09-21 13:34:18", "elapsed": 984.747788, "delta": 5.791287}}
{"target": 0.8363569807545148, "params": {"max_depth": 11.401738017466482, "n_estimators": 21.37912695328267}, "datetime": {"datetime": "2021-09-21 13:34:24", "elapsed": 991.328316, "delta": 6.580528}}
{"target": 0.8400711294071597, "params": {"max_depth": 10.276642790727802, "n_estimators": 78.87639362983425}, "datetime": {"datetime": "2021-09-21 13:34:31", "elapsed": 997.761156, "delta": 6.43284}}
{"target": 0.8389388798185939, "params": {"max_depth": 11.138801413840683, "n_estimators": 55.581215086618506}, "datetime": {"datetime": "2021-09-21 13:34:36", "elapsed": 1003.323853, "delta": 5.562697}}
{"target": 0.8400759960913289, "params": {"max_depth": 25.331246865827687, "n_estimators": 47.57666513907904}, "datetime": {"datetime": "2021-09-21 13:34:42", "elapsed": 1009.271638, "delta": 5.947785}}
{"target": 0.8421530237721456, "params": {"max_depth": 15.449488119376113, "n_estimators": 73.92663471516575}, "datetime": {"datetime": "2021-09-21 13:34:50", "elapsed": 1017.232958, "delta": 7.96132}}
{"target": 0.8417500848859785, "params": {"max_depth": 15.202873631462529, "n_estimators": 37.97212236203773}, "datetime": {"datetime": "2021-09-21 13:34:57", "elapsed": 1023.765765, "delta": 6.532807}}
{"target": 0.8376559523725062, "params": {"max_depth": 26.743419902463458, "n_estimators": 52.22867375290985}, "datetime": {"datetime": "2021-09-21 13:35:02", "elapsed": 1029.26641, "delta": 5.500645}}
{"target": 0.8405601390547576, "params": {"max_depth": 22.634933046346507, "n_estimators": 21.06542076067704}, "datetime": {"datetime": "2021-09-21 13:35:09", "elapsed": 1036.108365, "delta": 6.841955}}
{"target": 0.8421718177121944, "params": {"max_depth": 25.928981488949653, "n_estimators": 74.73634113215796}, "datetime": {"datetime": "2021-09-21 13:35:17", "elapsed": 1043.918433, "delta": 7.810068}}
{"target": 0.8445688807814286, "params": {"max_depth": 22.273715501961338, "n_estimators": 62.320924398765264}, "datetime": {"datetime": "2021-09-21 13:35:22", "elapsed": 1048.699413, "delta": 4.78098}}
{"target": 0.8440873902528985, "params": {"max_depth": 20.11335667596231, "n_estimators": 98.04942891817262}, "datetime": {"datetime": "2021-09-21 13:35:28", "elapsed": 1054.976255, "delta": 6.276842}}
{"target": 0.8423331825325571, "params": {"max_depth": 27.887343165667264, "n_estimators": 78.7455480788461}, "datetime": {"datetime": "2021-09-21 13:35:37", "elapsed": 1063.836186, "delta": 8.859931}}
{"target": 0.8384422196172481, "params": {"max_depth": 30.0, "n_estimators": 50.7771634611843}, "datetime": {"datetime": "2021-09-21 13:35:44", "elapsed": 1070.954643, "delta": 7.118457}}
{"target": 0.8433787553339702, "params": {"max_depth": 26.503825387545472, "n_estimators": 72.48206141801104}, "datetime": {"datetime": "2021-09-21 13:35:50", "elapsed": 1077.297472, "delta": 6.342829}}
{"target": 0.8388872460069141, "params": {"max_depth": 11.608685794170077, "n_estimators": 86.77384578446515}, "datetime": {"datetime": "2021-09-21 13:36:00", "elapsed": 1087.392869, "delta": 10.095397}}
{"target": 0.8416604786937947, "params": {"max_depth": 23.093210576046488, "n_estimators": 40.64366739561843}, "datetime": {"datetime": "2021-09-21 13:36:07", "elapsed": 1093.737442, "delta": 6.344573}}
{"target": 0.8414459369017752, "params": {"max_depth": 26.15074825157265, "n_estimators": 39.53728553911967}, "datetime": {"datetime": "2021-09-21 13:36:17", "elapsed": 1103.701699, "delta": 9.964257}}
{"target": 0.8418410916563147, "params": {"max_depth": 21.975717803090387, "n_estimators": 92.38899840624573}, "datetime": {"datetime": "2021-09-21 13:36:23", "elapsed": 1109.905406, "delta": 6.203707}}
{"target": 0.8319856308282768, "params": {"max_depth": 24.067831512219172, "n_estimators": 17.48379065405081}, "datetime": {"datetime": "2021-09-21 13:36:32", "elapsed": 1118.805189, "delta": 8.899783}}
{"target": 0.8420966774689455, "params": {"max_depth": 26.39106733093666, "n_estimators": 19.322307649321722}, "datetime": {"datetime": "2021-09-21 13:36:37", "elapsed": 1123.71441, "delta": 4.909221}}
{"target": 0.8403260856530865, "params": {"max_depth": 25.342667344732558, "n_estimators": 20.45209772204777}, "datetime": {"datetime": "2021-09-21 13:36:42", "elapsed": 1128.945539, "delta": 5.231129}}
{"target": 0.8426514800808425, "params": {"max_depth": 30.0, "n_estimators": 55.946885948394986}, "datetime": {"datetime": "2021-09-21 13:36:48", "elapsed": 1135.241879, "delta": 6.29634}}
{"target": 0.842939861708683, "params": {"max_depth": 14.065195094680464, "n_estimators": 97.25696954602397}, "datetime": {"datetime": "2021-09-21 13:36:58", "elapsed": 1145.451399, "delta": 10.20952}}
{"target": 0.8451627073129638, "params": {"max_depth": 29.15660272564576, "n_estimators": 70.03485889831738}, "datetime": {"datetime": "2021-09-21 13:37:04", "elapsed": 1151.551114, "delta": 6.099715}}
{"target": 0.8410899882825583, "params": {"max_depth": 23.220923963417164, "n_estimators": 37.75173926067669}, "datetime": {"datetime": "2021-09-21 13:37:10", "elapsed": 1157.181632, "delta": 5.630518}}
{"target": 0.8315544071639421, "params": {"max_depth": 8.753482545271547, "n_estimators": 40.627576371655394}, "datetime": {"datetime": "2021-09-21 13:37:16", "elapsed": 1163.480925, "delta": 6.299293}}
{"target": 0.8427989128617973, "params": {"max_depth": 19.540996602837964, "n_estimators": 85.10436454182242}, "datetime": {"datetime": "2021-09-21 13:37:23", "elapsed": 1170.128158, "delta": 6.647233}}
{"target": 0.8433824189119798, "params": {"max_depth": 15.9683081157736, "n_estimators": 19.691563269853145}, "datetime": {"datetime": "2021-09-21 13:37:29", "elapsed": 1175.82916, "delta": 5.701002}}
{"target": 0.8389030797269068, "params": {"max_depth": 16.000149445092383, "n_estimators": 48.57705726481305}, "datetime": {"datetime": "2021-09-21 13:37:35", "elapsed": 1182.15587, "delta": 6.32671}}
{"target": 0.8468931568352174, "params": {"max_depth": 27.007091965632117, "n_estimators": 67.53051641584133}, "datetime": {"datetime": "2021-09-21 13:37:42", "elapsed": 1189.375, "delta": 7.21913}}
{"target": 0.8463579076386314, "params": {"max_depth": 29.176033564529703, "n_estimators": 65.8227341363407}, "datetime": {"datetime": "2021-09-21 13:37:51", "elapsed": 1198.15453, "delta": 8.77953}}
{"target": 0.8463579076386314, "params": {"max_depth": 23.384691939095617, "n_estimators": 65.37777658141611}, "datetime": {"datetime": "2021-09-21 13:37:57", "elapsed": 1203.624697, "delta": 5.470167}}
{"target": 0.8468931568352174, "params": {"max_depth": 29.931409627786675, "n_estimators": 67.60754335301922}, "datetime": {"datetime": "2021-09-21 13:38:10", "elapsed": 1217.121225, "delta": 13.496528}}
{"target": 0.8472688152784879, "params": {"max_depth": 17.149433189112457, "n_estimators": 67.01319633336351}, "datetime": {"datetime": "2021-09-21 13:38:19", "elapsed": 1225.603219, "delta": 8.481994}}
{"target": 0.8422577187657185, "params": {"max_depth": 14.729533593976054, "n_estimators": 31.560972408076317}, "datetime": {"datetime": "2021-09-21 13:38:28", "elapsed": 1235.256148, "delta": 9.652929}}
{"target": 0.8438657377569335, "params": {"max_depth": 17.366452715098486, "n_estimators": 29.45812325755933}, "datetime": {"datetime": "2021-09-21 13:38:36", "elapsed": 1242.71031, "delta": 7.454162}}
{"target": 0.8376857260888757, "params": {"max_depth": 11.82854768278759, "n_estimators": 29.496762213255924}, "datetime": {"datetime": "2021-09-21 13:38:44", "elapsed": 1250.556035, "delta": 7.845725}}
{"target": 0.8363261115226913, "params": {"max_depth": 7.412385257401181, "n_estimators": 26.641369560121603}, "datetime": {"datetime": "2021-09-21 13:38:54", "elapsed": 1261.254515, "delta": 10.69848}}
{"target": 0.8463342608836032, "params": {"max_depth": 14.64308736013542, "n_estimators": 32.587957519788645}, "datetime": {"datetime": "2021-09-21 13:38:59", "elapsed": 1266.144493, "delta": 4.889978}}
{"target": 0.8419837230534496, "params": {"max_depth": 18.990611412291727, "n_estimators": 96.31931416484643}, "datetime": {"datetime": "2021-09-21 13:39:09", "elapsed": 1276.497445, "delta": 10.352952}}
{"target": 0.8410900474748361, "params": {"max_depth": 25.733732235893417, "n_estimators": 24.393133737224012}, "datetime": {"datetime": "2021-09-21 13:39:16", "elapsed": 1283.215208, "delta": 6.717763}}
{"target": 0.8414036853009241, "params": {"max_depth": 19.121430072654878, "n_estimators": 83.29704658754103}, "datetime": {"datetime": "2021-09-21 13:39:22", "elapsed": 1289.152343, "delta": 5.937135}}
{"target": 0.8428248904121546, "params": {"max_depth": 16.260963926848582, "n_estimators": 29.148755020735354}, "datetime": {"datetime": "2021-09-21 13:39:28", "elapsed": 1294.783224, "delta": 5.630881}}
{"target": 0.8425663620052236, "params": {"max_depth": 20.202655331707206, "n_estimators": 38.472174539671734}, "datetime": {"datetime": "2021-09-21 13:39:33", "elapsed": 1299.72223, "delta": 4.939006}}
{"target": 0.8374337014641423, "params": {"max_depth": 27.724895656536685, "n_estimators": 27.35944717568314}, "datetime": {"datetime": "2021-09-21 13:39:40", "elapsed": 1307.416937, "delta": 7.694707}}
{"target": 0.842610712044809, "params": {"max_depth": 29.19673772052276, "n_estimators": 77.21581567850069}, "datetime": {"datetime": "2021-09-21 13:39:48", "elapsed": 1314.68085, "delta": 7.263913}}
{"target": 0.8416677809883117, "params": {"max_depth": 15.913699155857723, "n_estimators": 55.74850899897956}, "datetime": {"datetime": "2021-09-21 13:39:54", "elapsed": 1320.929799, "delta": 6.248949}}
{"target": 0.8425956106621711, "params": {"max_depth": 29.921859582330345, "n_estimators": 35.34704914835711}, "datetime": {"datetime": "2021-09-21 13:40:03", "elapsed": 1329.745691, "delta": 8.815892}}
{"target": 0.842610712044809, "params": {"max_depth": 23.987582647632077, "n_estimators": 77.18023943096078}, "datetime": {"datetime": "2021-09-21 13:40:13", "elapsed": 1339.810199, "delta": 10.064508}}
{"target": 0.8445772247388609, "params": {"max_depth": 21.50369290801051, "n_estimators": 32.97191011697967}, "datetime": {"datetime": "2021-09-21 13:40:22", "elapsed": 1349.180732, "delta": 9.370533}}
{"target": 0.8404793872762732, "params": {"max_depth": 19.948545971176106, "n_estimators": 36.63315475873805}, "datetime": {"datetime": "2021-09-21 13:40:28", "elapsed": 1355.242699, "delta": 6.061967}}
{"target": 0.8445688807814286, "params": {"max_depth": 25.357174817646982, "n_estimators": 62.12929539287712}, "datetime": {"datetime": "2021-09-21 13:40:38", "elapsed": 1364.838228, "delta": 9.595529}}
{"target": 0.8396813649962167, "params": {"max_depth": 11.628292565534547, "n_estimators": 34.660356319674385}, "datetime": {"datetime": "2021-09-21 13:40:47", "elapsed": 1373.867142, "delta": 9.028914}}
{"target": 0.8415113384581826, "params": {"max_depth": 26.274504553079765, "n_estimators": 82.38139289983397}, "datetime": {"datetime": "2021-09-21 13:40:56", "elapsed": 1382.617824, "delta": 8.750682}}
{"target": 0.8414009481706273, "params": {"max_depth": 29.92737197388613, "n_estimators": 84.0256876113266}, "datetime": {"datetime": "2021-09-21 13:41:09", "elapsed": 1396.446126, "delta": 13.828302}}
{"target": 0.8435327611176575, "params": {"max_depth": 12.225037283826731, "n_estimators": 64.02469894964727}, "datetime": {"datetime": "2021-09-21 13:41:24", "elapsed": 1410.608472, "delta": 14.162346}}
{"target": 0.8392982233800151, "params": {"max_depth": 11.067586332468963, "n_estimators": 61.446360769166425}, "datetime": {"datetime": "2021-09-21 13:41:36", "elapsed": 1423.314337, "delta": 12.705865}}
{"target": 0.8447978476359304, "params": {"max_depth": 22.93266547918847, "n_estimators": 99.41170400877826}, "datetime": {"datetime": "2021-09-21 13:41:50", "elapsed": 1437.236597, "delta": 13.92226}}
{"target": 0.8464098756033576, "params": {"max_depth": 27.33583439457162, "n_estimators": 68.18737841697082}, "datetime": {"datetime": "2021-09-21 13:41:59", "elapsed": 1446.276314, "delta": 9.039717}}
{"target": 0.8402020754436759, "params": {"max_depth": 22.662167512659344, "n_estimators": 53.39327002094801}, "datetime": {"datetime": "2021-09-21 13:42:09", "elapsed": 1456.146064, "delta": 9.86975}}
{"target": 0.8472688152784879, "params": {"max_depth": 17.059590874851864, "n_estimators": 67.31711831913383}, "datetime": {"datetime": "2021-09-21 13:42:19", "elapsed": 1465.682384, "delta": 9.53632}}
{"target": 0.8425007805685545, "params": {"max_depth": 29.98177788811431, "n_estimators": 61.48796832680368}, "datetime": {"datetime": "2021-09-21 13:42:32", "elapsed": 1478.572298, "delta": 12.889914}}
{"target": 0.8423755873757479, "params": {"max_depth": 28.908794256074177, "n_estimators": 58.520280796586725}, "datetime": {"datetime": "2021-09-21 13:42:47", "elapsed": 1493.641456, "delta": 15.069158}}
{"target": 0.8472688152784879, "params": {"max_depth": 17.34903392338837, "n_estimators": 67.20111895685311}, "datetime": {"datetime": "2021-09-21 13:42:55", "elapsed": 1501.889569, "delta": 8.248113}}
{"target": 0.8468931568352174, "params": {"max_depth": 23.602928178231675, "n_estimators": 67.27245316401668}, "datetime": {"datetime": "2021-09-21 13:43:03", "elapsed": 1509.659984, "delta": 7.770415}}
{"target": 0.8464098756033576, "params": {"max_depth": 29.289765608313036, "n_estimators": 68.63518692577567}, "datetime": {"datetime": "2021-09-21 13:43:14", "elapsed": 1520.649975, "delta": 10.989991}}
{"target": 0.8472688152784879, "params": {"max_depth": 17.181881958884475, "n_estimators": 67.24689244836256}, "datetime": {"datetime": "2021-09-21 13:43:23", "elapsed": 1529.811073, "delta": 9.161098}}
{"target": 0.8442275216538115, "params": {"max_depth": 18.603451142593048, "n_estimators": 99.22905651477612}, "datetime": {"datetime": "2021-09-21 13:43:35", "elapsed": 1542.474369, "delta": 12.663296}}
{"target": 0.8423539052700237, "params": {"max_depth": 25.162560458013182, "n_estimators": 41.23634039385896}, "datetime": {"datetime": "2021-09-21 13:43:43", "elapsed": 1550.000246, "delta": 7.525877}}
{"target": 0.8468931568352174, "params": {"max_depth": 26.54138310679271, "n_estimators": 67.30893119925739}, "datetime": {"datetime": "2021-09-21 13:43:58", "elapsed": 1564.57111, "delta": 14.570864}}
{"target": 0.8472688152784879, "params": {"max_depth": 17.66721404714029, "n_estimators": 67.71382033963992}, "datetime": {"datetime": "2021-09-21 13:44:07", "elapsed": 1574.399026, "delta": 9.827916}}
{"target": 0.8467944486339207, "params": {"max_depth": 17.54978656078982, "n_estimators": 68.22431911439556}, "datetime": {"datetime": "2021-09-21 13:44:16", "elapsed": 1583.027368, "delta": 8.628342}}
{"target": 0.8453046037754807, "params": {"max_depth": 19.109573592254073, "n_estimators": 69.646332730224}, "datetime": {"datetime": "2021-09-21 13:44:27", "elapsed": 1594.478058, "delta": 11.45069}}
{"target": 0.8441309831156237, "params": {"max_depth": 25.917357684726134, "n_estimators": 98.96052437228948}, "datetime": {"datetime": "2021-09-21 13:44:34", "elapsed": 1600.769815, "delta": 6.291757}}
{"target": 0.8472688152784879, "params": {"max_depth": 17.463429135342302, "n_estimators": 67.2767546688397}, "datetime": {"datetime": "2021-09-21 13:44:41", "elapsed": 1607.908941, "delta": 7.139126}}
{"target": 0.8472688152784879, "params": {"max_depth": 17.73404378393511, "n_estimators": 67.71271704128426}, "datetime": {"datetime": "2021-09-21 13:44:47", "elapsed": 1614.338635, "delta": 6.429694}}
{"target": 0.8472688152784879, "params": {"max_depth": 17.244288403658235, "n_estimators": 67.27013615676681}, "datetime": {"datetime": "2021-09-21 13:45:09", "elapsed": 1635.578577, "delta": 21.239942}}
{"target": 0.8464098756033576, "params": {"max_depth": 28.634776728911376, "n_estimators": 68.22788287387918}, "datetime": {"datetime": "2021-09-21 13:45:24", "elapsed": 1651.272798, "delta": 15.694221}}
{"target": 0.8468931568352174, "params": {"max_depth": 22.26371594221871, "n_estimators": 67.47566575999151}, "datetime": {"datetime": "2021-09-21 13:45:36", "elapsed": 1663.273959, "delta": 12.001161}}
{"target": 0.8472688152784879, "params": {"max_depth": 17.151115822416692, "n_estimators": 67.20056578864687}, "datetime": {"datetime": "2021-09-21 13:45:45", "elapsed": 1672.550305, "delta": 9.276346}}
{"target": 0.8427604819024074, "params": {"max_depth": 16.859282301214726, "n_estimators": 77.47457475755427}, "datetime": {"datetime": "2021-09-21 13:45:52", "elapsed": 1679.107101, "delta": 6.556796}}
{"target": 0.8472688152784879, "params": {"max_depth": 17.845881554433323, "n_estimators": 67.60370519242562}, "datetime": {"datetime": "2021-09-21 13:46:03", "elapsed": 1689.79135, "delta": 10.684249}}
{"target": 0.8472688152784879, "params": {"max_depth": 17.61638813009993, "n_estimators": 67.73744245915039}, "datetime": {"datetime": "2021-09-21 13:46:13", "elapsed": 1700.411391, "delta": 10.620041}}
{"target": 0.8472688152784879, "params": {"max_depth": 17.317810133656796, "n_estimators": 67.33372520066725}, "datetime": {"datetime": "2021-09-21 13:46:20", "elapsed": 1707.190694, "delta": 6.779303}}
{"target": 0.8472688152784879, "params": {"max_depth": 17.739019708272888, "n_estimators": 67.55186900726903}, "datetime": {"datetime": "2021-09-21 13:46:36", "elapsed": 1722.620098, "delta": 15.429404}}
{"target": 0.8472688152784879, "params": {"max_depth": 17.78465708131091, "n_estimators": 67.54117216760959}, "datetime": {"datetime": "2021-09-21 13:46:48", "elapsed": 1734.647961, "delta": 12.027863}}
{"target": 0.8472688152784879, "params": {"max_depth": 17.74773158023119, "n_estimators": 67.76213766424357}, "datetime": {"datetime": "2021-09-21 13:46:59", "elapsed": 1746.121662, "delta": 11.473701}}
{"target": 0.846732333896473, "params": {"max_depth": 17.297434774170004, "n_estimators": 66.8646223759443}, "datetime": {"datetime": "2021-09-21 13:47:11", "elapsed": 1758.122826, "delta": 12.001164}}
{"target": 0.8382854470889236, "params": {"max_depth": 10.966165804016457, "n_estimators": 44.518288691262065}, "datetime": {"datetime": "2021-09-21 13:47:19", "elapsed": 1766.493545, "delta": 8.370719}}
{"target": 0.8468931568352174, "params": {"max_depth": 24.734291176356884, "n_estimators": 67.3411575254948}, "datetime": {"datetime": "2021-09-21 13:47:41", "elapsed": 1788.024926, "delta": 21.531381}}
{"target": 0.8380606335264784, "params": {"max_depth": 9.357711535661261, "n_estimators": 75.17306447897197}, "datetime": {"datetime": "2021-09-21 13:47:49", "elapsed": 1795.943607, "delta": 7.918681}}
{"target": 0.8465587721844331, "params": {"max_depth": 17.687422056397306, "n_estimators": 65.81492807062405}, "datetime": {"datetime": "2021-09-21 13:47:57", "elapsed": 1803.634657, "delta": 7.69105}}
{"target": 0.8472688152784879, "params": {"max_depth": 17.552361085958673, "n_estimators": 67.4128173747297}, "datetime": {"datetime": "2021-09-21 13:48:08", "elapsed": 1814.762766, "delta": 11.128109}}
{"target": 0.8399849176013735, "params": {"max_depth": 28.912988421683817, "n_estimators": 46.832911022291526}, "datetime": {"datetime": "2021-09-21 13:48:15", "elapsed": 1821.655535, "delta": 6.892769}}
{"target": 0.8472688152784879, "params": {"max_depth": 17.35861906823933, "n_estimators": 67.29609527350317}, "datetime": {"datetime": "2021-09-21 13:48:23", "elapsed": 1829.98993, "delta": 8.334395}}
{"target": 0.8472688152784879, "params": {"max_depth": 17.792188667162137, "n_estimators": 67.65486945472728}, "datetime": {"datetime": "2021-09-21 13:48:33", "elapsed": 1840.170585, "delta": 10.180655}}
{"target": 0.8471734312972383, "params": {"max_depth": 20.62682941472116, "n_estimators": 67.74775916667906}, "datetime": {"datetime": "2021-09-21 13:48:42", "elapsed": 1849.462633, "delta": 9.292048}}
{"target": 0.8472688152784879, "params": {"max_depth": 17.59633936049599, "n_estimators": 67.45684964452457}, "datetime": {"datetime": "2021-09-21 13:48:50", "elapsed": 1856.682723, "delta": 7.22009}}
{"target": 0.8472688152784879, "params": {"max_depth": 17.170204884313325, "n_estimators": 67.42715632852502}, "datetime": {"datetime": "2021-09-21 13:48:57", "elapsed": 1863.958417, "delta": 7.275694}}
{"target": 0.8470958005489442, "params": {"max_depth": 16.79939325232892, "n_estimators": 67.14111226750705}, "datetime": {"datetime": "2021-09-21 13:49:04", "elapsed": 1871.171256, "delta": 7.212839}}
{"target": 0.8472688152784879, "params": {"max_depth": 17.629703914291184, "n_estimators": 67.47340541115769}, "datetime": {"datetime": "2021-09-21 13:49:17", "elapsed": 1883.657363, "delta": 12.486107}}
