{"target": -11.05235712695198, "params": {"max_depth": 23.328859687679806, "n_estimators": 117.2778296433809}, "datetime": {"datetime": "2021-09-27 18:08:55", "elapsed": 368.233951, "delta": 1.977992}}
{"target": -11.104768472982188, "params": {"max_depth": 23.676081284752303, "n_estimators": 131.45777883530192}, "datetime": {"datetime": "2021-09-27 18:08:58", "elapsed": 370.72024, "delta": 2.486289}}
{"target": -11.032915207387347, "params": {"max_depth": 27.923336618579228, "n_estimators": 103.45333795404494}, "datetime": {"datetime": "2021-09-27 18:09:00", "elapsed": 372.743323, "delta": 2.023083}}
{"target": -11.014122080324537, "params": {"max_depth": 15.939346043150723, "n_estimators": 110.81147116528211}, "datetime": {"datetime": "2021-09-27 18:09:02", "elapsed": 374.794324, "delta": 2.051001}}
{"target": -11.04486070272076, "params": {"max_depth": 17.23994487246893, "n_estimators": 113.17883119927636}, "datetime": {"datetime": "2021-09-27 18:09:04", "elapsed": 376.941155, "delta": 2.146831}}
{"target": -11.092542084417405, "params": {"max_depth": 30.0, "n_estimators": 136.60073691131336}, "datetime": {"datetime": "2021-09-27 18:09:06", "elapsed": 379.136282, "delta": 2.195127}}
{"target": -11.092831105176423, "params": {"max_depth": 24.041149374164004, "n_estimators": 137.53004522939932}, "datetime": {"datetime": "2021-09-27 18:09:09", "elapsed": 381.709259, "delta": 2.572977}}
{"target": -11.018500308468585, "params": {"max_depth": 17.23716293635417, "n_estimators": 109.33625997380136}, "datetime": {"datetime": "2021-09-27 18:09:11", "elapsed": 383.921499, "delta": 2.21224}}
{"target": -10.975231941265848, "params": {"max_depth": 16.98866677115948, "n_estimators": 104.19724076634476}, "datetime": {"datetime": "2021-09-27 18:09:14", "elapsed": 386.284476, "delta": 2.362977}}
{"target": -11.101790132185663, "params": {"max_depth": 29.99312378030271, "n_estimators": 145.09481844259167}, "datetime": {"datetime": "2021-09-27 18:09:16", "elapsed": 388.780786, "delta": 2.49631}}
{"target": -11.137437344960386, "params": {"max_depth": 27.573318877510005, "n_estimators": 184.00632808706433}, "datetime": {"datetime": "2021-09-27 18:09:20", "elapsed": 392.312867, "delta": 3.532081}}
{"target": -11.118130137464137, "params": {"max_depth": 14.611346486037908, "n_estimators": 135.08925270280474}, "datetime": {"datetime": "2021-09-27 18:09:23", "elapsed": 395.980697, "delta": 3.66783}}
{"target": -10.973546801417134, "params": {"max_depth": 16.21962548405766, "n_estimators": 102.7257455444471}, "datetime": {"datetime": "2021-09-27 18:09:26", "elapsed": 398.633499, "delta": 2.652802}}
{"target": -11.068156580059417, "params": {"max_depth": 16.21920762075812, "n_estimators": 144.914863981708}, "datetime": {"datetime": "2021-09-27 18:09:29", "elapsed": 401.405754, "delta": 2.772255}}
{"target": -11.01568159636687, "params": {"max_depth": 24.062297203412978, "n_estimators": 102.04114104623542}, "datetime": {"datetime": "2021-09-27 18:09:31", "elapsed": 403.44618, "delta": 2.040426}}
{"target": -11.125648318736044, "params": {"max_depth": 24.691741184626036, "n_estimators": 197.34717964514692}, "datetime": {"datetime": "2021-09-27 18:09:34", "elapsed": 406.78184, "delta": 3.33566}}
{"target": -11.00877042495972, "params": {"max_depth": 15.126986542805332, "n_estimators": 108.76288932207268}, "datetime": {"datetime": "2021-09-27 18:09:36", "elapsed": 408.995506, "delta": 2.213666}}
{"target": -11.018553650287059, "params": {"max_depth": 20.80118658027405, "n_estimators": 110.4585993529308}, "datetime": {"datetime": "2021-09-27 18:09:38", "elapsed": 411.13172, "delta": 2.136214}}
{"target": -11.114308995779039, "params": {"max_depth": 23.818513957858322, "n_estimators": 167.31581960618786}, "datetime": {"datetime": "2021-09-27 18:09:42", "elapsed": 414.485044, "delta": 3.353324}}
{"target": -11.09952409358406, "params": {"max_depth": 25.547439681440327, "n_estimators": 128.84757113353382}, "datetime": {"datetime": "2021-09-27 18:09:44", "elapsed": 417.16784, "delta": 2.682796}}
{"target": -11.050625842229312, "params": {"max_depth": 16.30942770644768, "n_estimators": 151.70915413851782}, "datetime": {"datetime": "2021-09-27 18:09:47", "elapsed": 420.03109, "delta": 2.86325}}
{"target": -11.09116176674927, "params": {"max_depth": 16.77639755811136, "n_estimators": 169.1178921450258}, "datetime": {"datetime": "2021-09-27 18:09:50", "elapsed": 422.994171, "delta": 2.963081}}
{"target": -11.088934324076186, "params": {"max_depth": 15.046885521904704, "n_estimators": 166.4097028716897}, "datetime": {"datetime": "2021-09-27 18:09:53", "elapsed": 426.114171, "delta": 3.12}}
{"target": -11.140726876033543, "params": {"max_depth": 27.574589013493068, "n_estimators": 177.59134875451718}, "datetime": {"datetime": "2021-09-27 18:09:56", "elapsed": 428.962727, "delta": 2.848556}}
{"target": -11.034108633738226, "params": {"max_depth": 17.95202568968066, "n_estimators": 111.47542796717137}, "datetime": {"datetime": "2021-09-27 18:09:59", "elapsed": 431.865888, "delta": 2.903161}}
{"target": -11.04564331856023, "params": {"max_depth": 21.004071339472016, "n_estimators": 113.15640583470274}, "datetime": {"datetime": "2021-09-27 18:10:02", "elapsed": 434.449543, "delta": 2.583655}}
{"target": -11.117409620407585, "params": {"max_depth": 13.196268735586646, "n_estimators": 113.2809055705844}, "datetime": {"datetime": "2021-09-27 18:10:04", "elapsed": 436.697736, "delta": 2.248193}}
{"target": -11.145153323032755, "params": {"max_depth": 29.86470364815011, "n_estimators": 180.29895864717315}, "datetime": {"datetime": "2021-09-27 18:10:07", "elapsed": 439.966647, "delta": 3.268911}}
{"target": -11.123054507665056, "params": {"max_depth": 24.16133041413279, "n_estimators": 156.369918718017}, "datetime": {"datetime": "2021-09-27 18:10:10", "elapsed": 442.741722, "delta": 2.775075}}
{"target": -11.052696510369877, "params": {"max_depth": 19.770055278475787, "n_estimators": 115.82724614298078}, "datetime": {"datetime": "2021-09-27 18:10:12", "elapsed": 445.201059, "delta": 2.459337}}
{"target": -11.13008809580412, "params": {"max_depth": 20.397199902959343, "n_estimators": 189.3813839449283}, "datetime": {"datetime": "2021-09-27 18:10:16", "elapsed": 448.673781, "delta": 3.472722}}
{"target": -11.090578607094244, "params": {"max_depth": 27.76713309937554, "n_estimators": 147.30016259086833}, "datetime": {"datetime": "2021-09-27 18:10:19", "elapsed": 451.552764, "delta": 2.878983}}
{"target": -11.126608983883308, "params": {"max_depth": 28.061477089728434, "n_estimators": 161.8529219654602}, "datetime": {"datetime": "2021-09-27 18:10:22", "elapsed": 454.52865, "delta": 2.975886}}
{"target": -11.03457163126356, "params": {"max_depth": 25.709708550652643, "n_estimators": 106.83274098077264}, "datetime": {"datetime": "2021-09-27 18:10:24", "elapsed": 457.093714, "delta": 2.565064}}
{"target": -11.112499156979053, "params": {"max_depth": 17.165794675990647, "n_estimators": 134.13148514239577}, "datetime": {"datetime": "2021-09-27 18:10:27", "elapsed": 459.826514, "delta": 2.7328}}
{"target": -11.037203145499056, "params": {"max_depth": 16.048851275384337, "n_estimators": 128.9242633150502}, "datetime": {"datetime": "2021-09-27 18:10:30", "elapsed": 462.591922, "delta": 2.765408}}
{"target": -11.04238108456561, "params": {"max_depth": 15.809672101061013, "n_estimators": 126.71472417689668}, "datetime": {"datetime": "2021-09-27 18:10:33", "elapsed": 465.440516, "delta": 2.848594}}
{"target": -11.077845750757517, "params": {"max_depth": 27.871365460412, "n_estimators": 123.82975234640966}, "datetime": {"datetime": "2021-09-27 18:10:35", "elapsed": 467.820783, "delta": 2.380267}}
{"target": -11.092831105176423, "params": {"max_depth": 21.11965481053146, "n_estimators": 137.3187246968351}, "datetime": {"datetime": "2021-09-27 18:10:38", "elapsed": 470.392984, "delta": 2.572201}}
{"target": -11.100127231126264, "params": {"max_depth": 15.009575541509658, "n_estimators": 172.19352117613}, "datetime": {"datetime": "2021-09-27 18:10:40", "elapsed": 473.189065, "delta": 2.796081}}
{"target": -11.038269262738302, "params": {"max_depth": 16.99574915785206, "n_estimators": 127.42837367514592}, "datetime": {"datetime": "2021-09-27 18:10:43", "elapsed": 476.089396, "delta": 2.900331}}
{"target": -11.051142437663696, "params": {"max_depth": 20.73075480898756, "n_estimators": 120.36847215018607}, "datetime": {"datetime": "2021-09-27 18:10:46", "elapsed": 478.681465, "delta": 2.592069}}
{"target": -11.126608983883308, "params": {"max_depth": 23.863986219009245, "n_estimators": 161.75081464008733}, "datetime": {"datetime": "2021-09-27 18:10:49", "elapsed": 481.765941, "delta": 3.084476}}
{"target": -10.996228055085925, "params": {"max_depth": 16.945677793904284, "n_estimators": 100.03753529569364}, "datetime": {"datetime": "2021-09-27 18:10:52", "elapsed": 484.353261, "delta": 2.58732}}
{"target": -11.051929395610864, "params": {"max_depth": 27.097480223367164, "n_estimators": 114.1069386434879}, "datetime": {"datetime": "2021-09-27 18:10:54", "elapsed": 486.792064, "delta": 2.438803}}
{"target": -11.109410813051657, "params": {"max_depth": 30.0, "n_estimators": 140.0314310132878}, "datetime": {"datetime": "2021-09-27 18:10:57", "elapsed": 489.340419, "delta": 2.548355}}
{"target": -10.975551571084882, "params": {"max_depth": 16.174441619059344, "n_estimators": 108.25882903527322}, "datetime": {"datetime": "2021-09-27 18:10:59", "elapsed": 491.839073, "delta": 2.498654}}
{"target": -11.085060054300081, "params": {"max_depth": 22.95142640366632, "n_estimators": 122.18199434476826}, "datetime": {"datetime": "2021-09-27 18:11:02", "elapsed": 494.84303, "delta": 3.003957}}
{"target": -10.99364489221432, "params": {"max_depth": 16.076452523039336, "n_estimators": 101.637660017676}, "datetime": {"datetime": "2021-09-27 18:11:05", "elapsed": 497.559594, "delta": 2.716564}}
{"target": -10.985364011258246, "params": {"max_depth": 16.156316456185163, "n_estimators": 103.66271829969324}, "datetime": {"datetime": "2021-09-27 18:11:07", "elapsed": 500.053191, "delta": 2.493597}}
{"target": -11.041641689676448, "params": {"max_depth": 27.30916374317235, "n_estimators": 100.01327033838736}, "datetime": {"datetime": "2021-09-27 18:11:09", "elapsed": 502.115242, "delta": 2.062051}}
{"target": -10.981190271053487, "params": {"max_depth": 16.714739243619526, "n_estimators": 105.46144330072191}, "datetime": {"datetime": "2021-09-27 18:11:11", "elapsed": 504.175046, "delta": 2.059804}}
{"target": -11.111683525393463, "params": {"max_depth": 29.965143681189137, "n_estimators": 193.72455959046954}, "datetime": {"datetime": "2021-09-27 18:11:15", "elapsed": 508.012803, "delta": 3.837757}}
{"target": -11.027784230680611, "params": {"max_depth": 17.98597521455281, "n_estimators": 105.26571455323956}, "datetime": {"datetime": "2021-09-27 18:11:18", "elapsed": 510.239973, "delta": 2.22717}}
{"target": -11.035955539515244, "params": {"max_depth": 26.098379466827506, "n_estimators": 101.67376665856693}, "datetime": {"datetime": "2021-09-27 18:11:20", "elapsed": 512.464566, "delta": 2.224593}}
{"target": -11.025033419882705, "params": {"max_depth": 21.924622173316937, "n_estimators": 107.6776415904837}, "datetime": {"datetime": "2021-09-27 18:11:22", "elapsed": 514.937584, "delta": 2.473018}}
{"target": -11.096672622492044, "params": {"max_depth": 18.920347088155633, "n_estimators": 163.65053142659335}, "datetime": {"datetime": "2021-09-27 18:11:25", "elapsed": 518.025341, "delta": 3.087757}}
{"target": -11.063151973378611, "params": {"max_depth": 29.998257327224298, "n_estimators": 120.63587966197697}, "datetime": {"datetime": "2021-09-27 18:11:28", "elapsed": 521.227616, "delta": 3.202275}}
{"target": -10.985364011258246, "params": {"max_depth": 16.950392291269974, "n_estimators": 103.51167972044644}, "datetime": {"datetime": "2021-09-27 18:11:31", "elapsed": 523.471278, "delta": 2.243662}}
{"target": -11.094401021472592, "params": {"max_depth": 30.0, "n_estimators": 150.01584410738218}, "datetime": {"datetime": "2021-09-27 18:11:34", "elapsed": 526.954172, "delta": 3.482894}}
{"target": -11.13288509554041, "params": {"max_depth": 28.029749271048644, "n_estimators": 188.79331949985084}, "datetime": {"datetime": "2021-09-27 18:11:38", "elapsed": 530.521704, "delta": 3.567532}}
{"target": -11.061047168523448, "params": {"max_depth": 17.681669542881064, "n_estimators": 118.76970690124446}, "datetime": {"datetime": "2021-09-27 18:11:41", "elapsed": 533.428763, "delta": 2.907059}}
{"target": -11.09952409358406, "params": {"max_depth": 28.083448188555117, "n_estimators": 128.6995760275674}, "datetime": {"datetime": "2021-09-27 18:11:43", "elapsed": 535.829066, "delta": 2.400303}}
{"target": -11.117189086116333, "params": {"max_depth": 17.390797083595626, "n_estimators": 142.8527786788297}, "datetime": {"datetime": "2021-09-27 18:11:46", "elapsed": 538.55302, "delta": 2.723954}}
{"target": -11.110817485101892, "params": {"max_depth": 20.575305724617955, "n_estimators": 166.8481223731962}, "datetime": {"datetime": "2021-09-27 18:11:49", "elapsed": 541.901316, "delta": 3.348296}}
{"target": -10.975231941265848, "params": {"max_depth": 16.7366973516489, "n_estimators": 104.57611682873288}, "datetime": {"datetime": "2021-09-27 18:11:52", "elapsed": 544.664506, "delta": 2.76319}}
{"target": -11.05836144832384, "params": {"max_depth": 29.897882715147983, "n_estimators": 115.59190500490577}, "datetime": {"datetime": "2021-09-27 18:11:54", "elapsed": 546.996967, "delta": 2.332461}}
{"target": -11.137715113371442, "params": {"max_depth": 21.793974636525174, "n_estimators": 176.0084283372986}, "datetime": {"datetime": "2021-09-27 18:11:58", "elapsed": 550.45638, "delta": 3.459413}}
{"target": -10.986751875563797, "params": {"max_depth": 16.27934260865107, "n_estimators": 106.95292211087947}, "datetime": {"datetime": "2021-09-27 18:12:00", "elapsed": 552.938429, "delta": 2.482049}}
{"target": -10.97762998903492, "params": {"max_depth": 16.644207417222205, "n_estimators": 111.71445222739743}, "datetime": {"datetime": "2021-09-27 18:12:03", "elapsed": 555.425554, "delta": 2.487125}}
{"target": -11.089224240782602, "params": {"max_depth": 14.908393968470843, "n_estimators": 118.95245828110008}, "datetime": {"datetime": "2021-09-27 18:12:05", "elapsed": 558.152407, "delta": 2.726853}}
{"target": -10.975551571084882, "params": {"max_depth": 16.029914553855384, "n_estimators": 108.63101685029712}, "datetime": {"datetime": "2021-09-27 18:12:08", "elapsed": 560.930995, "delta": 2.778588}}
{"target": -11.010387642437891, "params": {"max_depth": 15.751037131237638, "n_estimators": 102.56949303970603}, "datetime": {"datetime": "2021-09-27 18:12:11", "elapsed": 563.837243, "delta": 2.906248}}
{"target": -11.082051794556676, "params": {"max_depth": 21.05412941710786, "n_estimators": 151.34644085870286}, "datetime": {"datetime": "2021-09-27 18:12:14", "elapsed": 566.581324, "delta": 2.744081}}
{"target": -11.085153907595693, "params": {"max_depth": 27.749046559808505, "n_estimators": 141.4204984783744}, "datetime": {"datetime": "2021-09-27 18:12:18", "elapsed": 571.013131, "delta": 4.431807}}
{"target": -11.116537194157, "params": {"max_depth": 28.153455666777905, "n_estimators": 165.07893509083797}, "datetime": {"datetime": "2021-09-27 18:12:22", "elapsed": 574.784102, "delta": 3.770971}}
{"target": -11.060323334463291, "params": {"max_depth": 15.113700168315615, "n_estimators": 131.26665164015645}, "datetime": {"datetime": "2021-09-27 18:12:25", "elapsed": 577.755692, "delta": 2.97159}}
{"target": -11.05836144832384, "params": {"max_depth": 25.767448666738524, "n_estimators": 115.92624417583582}, "datetime": {"datetime": "2021-09-27 18:12:27", "elapsed": 580.171316, "delta": 2.415624}}
{"target": -10.973546801417134, "params": {"max_depth": 16.696139644103617, "n_estimators": 102.63589215372245}, "datetime": {"datetime": "2021-09-27 18:12:30", "elapsed": 582.897654, "delta": 2.726338}}
{"target": -11.050722276647177, "params": {"max_depth": 21.742576082166995, "n_estimators": 118.25137670842575}, "datetime": {"datetime": "2021-09-27 18:12:33", "elapsed": 585.966893, "delta": 3.069239}}
{"target": -11.122127595941427, "params": {"max_depth": 19.15957783946232, "n_estimators": 184.8623586532051}, "datetime": {"datetime": "2021-09-27 18:12:37", "elapsed": 589.597361, "delta": 3.630468}}
{"target": -11.079602007539224, "params": {"max_depth": 18.004134475289526, "n_estimators": 136.76787909280048}, "datetime": {"datetime": "2021-09-27 18:12:40", "elapsed": 592.459302, "delta": 2.861941}}
{"target": -11.060229389600376, "params": {"max_depth": 25.932733611139078, "n_estimators": 119.92069082982059}, "datetime": {"datetime": "2021-09-27 18:12:42", "elapsed": 595.154451, "delta": 2.695149}}
{"target": -10.969416126074897, "params": {"max_depth": 16.083621979873143, "n_estimators": 109.1904525558486}, "datetime": {"datetime": "2021-09-27 18:12:45", "elapsed": 597.746346, "delta": 2.591895}}
{"target": -10.969416126074897, "params": {"max_depth": 16.115314736903024, "n_estimators": 109.12259001015285}, "datetime": {"datetime": "2021-09-27 18:12:48", "elapsed": 600.36682, "delta": 2.620474}}
{"target": -11.065964398910348, "params": {"max_depth": 16.438747638947103, "n_estimators": 146.9836379826167}, "datetime": {"datetime": "2021-09-27 18:12:51", "elapsed": 603.964075, "delta": 3.597255}}
{"target": -10.973546801417134, "params": {"max_depth": 16.54611321362776, "n_estimators": 102.4227272958468}, "datetime": {"datetime": "2021-09-27 18:12:54", "elapsed": 607.068638, "delta": 3.104563}}
{"target": -11.110582161612415, "params": {"max_depth": 30.0, "n_estimators": 154.62336722928384}, "datetime": {"datetime": "2021-09-27 18:12:58", "elapsed": 610.860398, "delta": 3.79176}}
{"target": -10.969416126074897, "params": {"max_depth": 16.201429994883785, "n_estimators": 109.01473409140678}, "datetime": {"datetime": "2021-09-27 18:13:01", "elapsed": 614.135135, "delta": 3.274737}}
{"target": -10.973546801417134, "params": {"max_depth": 16.46055918713465, "n_estimators": 102.92652625330902}, "datetime": {"datetime": "2021-09-27 18:13:05", "elapsed": 617.328513, "delta": 3.193378}}
{"target": -10.975551571084882, "params": {"max_depth": 16.386467493229937, "n_estimators": 108.60116609510597}, "datetime": {"datetime": "2021-09-27 18:13:08", "elapsed": 620.920869, "delta": 3.592356}}
{"target": -10.969416126074897, "params": {"max_depth": 16.244424359436394, "n_estimators": 109.27991931271418}, "datetime": {"datetime": "2021-09-27 18:13:11", "elapsed": 623.974084, "delta": 3.053215}}
{"target": -10.969416126074897, "params": {"max_depth": 16.046024206698373, "n_estimators": 109.17886282153432}, "datetime": {"datetime": "2021-09-27 18:13:14", "elapsed": 626.709927, "delta": 2.735843}}
{"target": -11.0015805668785, "params": {"max_depth": 15.979785528771139, "n_estimators": 109.09097336130208}, "datetime": {"datetime": "2021-09-27 18:13:17", "elapsed": 629.949962, "delta": 3.240035}}
{"target": -11.08262244452258, "params": {"max_depth": 11.814992580668857, "n_estimators": 109.46625382727822}, "datetime": {"datetime": "2021-09-27 18:13:21", "elapsed": 633.406822, "delta": 3.45686}}
{"target": -11.193219225345223, "params": {"max_depth": 12.981027022920934, "n_estimators": 185.97035036901593}, "datetime": {"datetime": "2021-09-27 18:13:24", "elapsed": 636.826904, "delta": 3.420082}}
{"target": -11.098329194141266, "params": {"max_depth": 13.187476114715347, "n_estimators": 109.23053590183397}, "datetime": {"datetime": "2021-09-27 18:13:28", "elapsed": 640.890813, "delta": 4.063909}}
{"target": -11.189137257829495, "params": {"max_depth": 10.855056590487083, "n_estimators": 106.47771302128497}, "datetime": {"datetime": "2021-09-27 18:13:32", "elapsed": 644.397281, "delta": 3.506468}}
{"target": -11.104768472982188, "params": {"max_depth": 29.080282240957647, "n_estimators": 131.90046127301446}, "datetime": {"datetime": "2021-09-27 18:13:35", "elapsed": 647.5601, "delta": 3.162819}}
{"target": -11.124155387930983, "params": {"max_depth": 27.71325746953846, "n_estimators": 169.4843566607733}, "datetime": {"datetime": "2021-09-27 18:13:39", "elapsed": 651.30975, "delta": 3.74965}}
{"target": -11.101672225113786, "params": {"max_depth": 11.17272611597972, "n_estimators": 111.14357485151947}, "datetime": {"datetime": "2021-09-27 18:13:42", "elapsed": 654.767478, "delta": 3.457728}}
{"target": -11.09817913086583, "params": {"max_depth": 23.97243237572602, "n_estimators": 146.47151271467436}, "datetime": {"datetime": "2021-09-27 18:13:46", "elapsed": 658.557938, "delta": 3.79046}}
{"target": -11.11615524924965, "params": {"max_depth": 19.884415435706636, "n_estimators": 156.38260392187638}, "datetime": {"datetime": "2021-09-27 18:13:50", "elapsed": 662.401759, "delta": 3.843821}}
{"target": -11.204748720771947, "params": {"max_depth": 13.786635184666626, "n_estimators": 143.0200032685915}, "datetime": {"datetime": "2021-09-27 18:13:53", "elapsed": 665.975498, "delta": 3.573739}}
{"target": -10.969416126074897, "params": {"max_depth": 16.49470175879876, "n_estimators": 109.97046078634088}, "datetime": {"datetime": "2021-09-27 18:13:56", "elapsed": 668.884456, "delta": 2.908958}}
{"target": -10.969416126074897, "params": {"max_depth": 16.55301178918074, "n_estimators": 109.62217783878972}, "datetime": {"datetime": "2021-09-27 18:13:59", "elapsed": 671.402997, "delta": 2.518541}}
{"target": -11.101325945074507, "params": {"max_depth": 21.38825163212894, "n_estimators": 133.6374731703046}, "datetime": {"datetime": "2021-09-27 18:14:01", "elapsed": 674.135423, "delta": 2.732426}}
{"target": -11.019735167877757, "params": {"max_depth": 28.767158096455915, "n_estimators": 110.16883195930068}, "datetime": {"datetime": "2021-09-27 18:14:04", "elapsed": 676.741326, "delta": 2.605903}}
