{"target": 0.8395922120831986, "params": {"max_depth": 23.93936850788055, "n_estimators": 24.191549351154983}, "datetime": {"datetime": "2021-09-21 13:45:37", "elapsed": 1644.557119, "delta": 13.110151}}
{"target": 0.8344165635034093, "params": {"max_depth": 22.49233970532068, "n_estimators": 98.47610736169153}, "datetime": {"datetime": "2021-09-21 13:45:45", "elapsed": 1653.013477, "delta": 8.456358}}
{"target": 0.8320708457299982, "params": {"max_depth": 19.77083254244763, "n_estimators": 37.65875359912912}, "datetime": {"datetime": "2021-09-21 13:45:56", "elapsed": 1664.106045, "delta": 11.092568}}
{"target": 0.8320042426990681, "params": {"max_depth": 24.83499406958605, "n_estimators": 96.79615868807335}, "datetime": {"datetime": "2021-09-21 13:46:04", "elapsed": 1671.298526, "delta": 7.192481}}
{"target": 0.8410986638865767, "params": {"max_depth": 26.776089315422645, "n_estimators": 26.730833994913546}, "datetime": {"datetime": "2021-09-21 13:46:16", "elapsed": 1683.614799, "delta": 12.316273}}
{"target": 0.8410986638865767, "params": {"max_depth": 24.72431006607107, "n_estimators": 26.33967166343793}, "datetime": {"datetime": "2021-09-21 13:46:26", "elapsed": 1693.876408, "delta": 10.261609}}
{"target": 0.833875548663947, "params": {"max_depth": 21.42458503204824, "n_estimators": 41.80755263114695}, "datetime": {"datetime": "2021-09-21 13:46:41", "elapsed": 1709.033584, "delta": 15.157176}}
{"target": 0.8383291164198914, "params": {"max_depth": 29.98786883393944, "n_estimators": 66.75381794914976}, "datetime": {"datetime": "2021-09-21 13:46:52", "elapsed": 1719.842306, "delta": 10.808722}}
{"target": 0.839451437600118, "params": {"max_depth": 15.442242475249161, "n_estimators": 66.3401345281161}, "datetime": {"datetime": "2021-09-21 13:47:00", "elapsed": 1727.232106, "delta": 7.3898}}
{"target": 0.8348033296023207, "params": {"max_depth": 9.06195794592732, "n_estimators": 19.963123957233883}, "datetime": {"datetime": "2021-09-21 13:47:09", "elapsed": 1737.01703, "delta": 9.784924}}
{"target": 0.8343689295104117, "params": {"max_depth": 13.738956709825745, "n_estimators": 95.20026477815067}, "datetime": {"datetime": "2021-09-21 13:47:24", "elapsed": 1751.510932, "delta": 14.493902}}
{"target": 0.8384383158078919, "params": {"max_depth": 29.99058406624571, "n_estimators": 27.77352326966894}, "datetime": {"datetime": "2021-09-21 13:47:39", "elapsed": 1766.187538, "delta": 14.676606}}
{"target": 0.829607235176039, "params": {"max_depth": 8.887456918570743, "n_estimators": 53.631561594171146}, "datetime": {"datetime": "2021-09-21 13:47:52", "elapsed": 1780.079317, "delta": 13.891779}}
{"target": 0.8339022190291968, "params": {"max_depth": 18.457249433192885, "n_estimators": 96.0947801252454}, "datetime": {"datetime": "2021-09-21 13:48:00", "elapsed": 1787.917668, "delta": 7.838351}}
{"target": 0.8434172421662551, "params": {"max_depth": 23.723712262433665, "n_estimators": 19.40921962227967}, "datetime": {"datetime": "2021-09-21 13:48:13", "elapsed": 1800.898289, "delta": 12.980621}}
{"target": 0.8385930528409813, "params": {"max_depth": 21.080563641451167, "n_estimators": 56.699527618989265}, "datetime": {"datetime": "2021-09-21 13:48:20", "elapsed": 1807.193785, "delta": 6.295496}}
{"target": 0.8434172421662551, "params": {"max_depth": 24.831480716435298, "n_estimators": 19.54417354722351}, "datetime": {"datetime": "2021-09-21 13:48:30", "elapsed": 1818.077818, "delta": 10.884033}}
{"target": 0.8434172421662551, "params": {"max_depth": 27.111281569643722, "n_estimators": 19.44113639350372}, "datetime": {"datetime": "2021-09-21 13:48:38", "elapsed": 1825.715049, "delta": 7.637231}}
{"target": 0.8434172421662551, "params": {"max_depth": 24.359989029429638, "n_estimators": 19.8349057542083}, "datetime": {"datetime": "2021-09-21 13:48:47", "elapsed": 1834.99066, "delta": 9.275611}}
{"target": 0.839627072711981, "params": {"max_depth": 20.474486967379868, "n_estimators": 21.186047967332463}, "datetime": {"datetime": "2021-09-21 13:48:55", "elapsed": 1842.156109, "delta": 7.165449}}
{"target": 0.8356027824978429, "params": {"max_depth": 16.174523621322354, "n_estimators": 63.48333437089987}, "datetime": {"datetime": "2021-09-21 13:49:05", "elapsed": 1852.253489, "delta": 10.09738}}
{"target": 0.8394329211700038, "params": {"max_depth": 27.888162204325713, "n_estimators": 23.05615290345028}, "datetime": {"datetime": "2021-09-21 13:49:11", "elapsed": 1858.802204, "delta": 6.548715}}
{"target": 0.8389539473520626, "params": {"max_depth": 15.95698307841742, "n_estimators": 56.64704882417422}, "datetime": {"datetime": "2021-09-21 13:49:24", "elapsed": 1871.465477, "delta": 12.663273}}
{"target": 0.8377444350331605, "params": {"max_depth": 21.501240272993975, "n_estimators": 61.96502223639961}, "datetime": {"datetime": "2021-09-21 13:49:36", "elapsed": 1883.331882, "delta": 11.866405}}
{"target": 0.835028872091575, "params": {"max_depth": 24.39368950150582, "n_estimators": 71.36268280885048}, "datetime": {"datetime": "2021-09-21 13:49:47", "elapsed": 1894.784855, "delta": 11.452973}}
{"target": 0.8384383158078919, "params": {"max_depth": 22.983581863817477, "n_estimators": 27.338157765185723}, "datetime": {"datetime": "2021-09-21 13:50:03", "elapsed": 1910.402732, "delta": 15.617877}}
{"target": 0.8395922120831986, "params": {"max_depth": 29.095998402225337, "n_estimators": 24.934578875345743}, "datetime": {"datetime": "2021-09-21 13:50:11", "elapsed": 1918.733318, "delta": 8.330586}}
{"target": 0.8348096850094197, "params": {"max_depth": 30.0, "n_estimators": 75.39214806430792}, "datetime": {"datetime": "2021-09-21 13:50:22", "elapsed": 1929.961272, "delta": 11.227954}}
{"target": 0.8371622856103773, "params": {"max_depth": 18.192283883259904, "n_estimators": 75.36064400529793}, "datetime": {"datetime": "2021-09-21 13:50:32", "elapsed": 1939.30586, "delta": 9.344588}}
{"target": 0.8345412515249429, "params": {"max_depth": 17.98292463714844, "n_estimators": 72.85158498280944}, "datetime": {"datetime": "2021-09-21 13:50:38", "elapsed": 1946.074104, "delta": 6.768244}}
{"target": 0.8358821087001167, "params": {"max_depth": 15.989867877952106, "n_estimators": 40.62580543319792}, "datetime": {"datetime": "2021-09-21 13:50:45", "elapsed": 1952.686413, "delta": 6.612309}}
{"target": 0.8434172421662551, "params": {"max_depth": 22.677843924427176, "n_estimators": 19.43978602872839}, "datetime": {"datetime": "2021-09-21 13:50:51", "elapsed": 1958.738429, "delta": 6.052016}}
{"target": 0.836091578314454, "params": {"max_depth": 21.286699717242364, "n_estimators": 35.8196712887223}, "datetime": {"datetime": "2021-09-21 13:51:08", "elapsed": 1975.482332, "delta": 16.743903}}
{"target": 0.8348214421378037, "params": {"max_depth": 19.17172915026939, "n_estimators": 30.297134605620542}, "datetime": {"datetime": "2021-09-21 13:51:14", "elapsed": 1981.997506, "delta": 6.515174}}
{"target": 0.8323129647612948, "params": {"max_depth": 25.940433477102772, "n_estimators": 38.985551980786646}, "datetime": {"datetime": "2021-09-21 13:51:25", "elapsed": 1992.155141, "delta": 10.157635}}
{"target": 0.8378802784521688, "params": {"max_depth": 14.113181795462417, "n_estimators": 26.956930832543268}, "datetime": {"datetime": "2021-09-21 13:51:33", "elapsed": 2000.255058, "delta": 8.099917}}
{"target": 0.834950554126817, "params": {"max_depth": 17.646875870038663, "n_estimators": 21.821118309435654}, "datetime": {"datetime": "2021-09-21 13:51:42", "elapsed": 2009.999573, "delta": 9.744515}}
{"target": 0.8434172421662551, "params": {"max_depth": 28.15390557702389, "n_estimators": 19.685845488899762}, "datetime": {"datetime": "2021-09-21 13:51:52", "elapsed": 2019.841749, "delta": 9.842176}}
{"target": 0.837673085083876, "params": {"max_depth": 11.198524343195285, "n_estimators": 66.23245499483217}, "datetime": {"datetime": "2021-09-21 13:52:01", "elapsed": 2028.26726, "delta": 8.425511}}
{"target": 0.8309306140601149, "params": {"max_depth": 9.952618841480648, "n_estimators": 71.97404805144838}, "datetime": {"datetime": "2021-09-21 13:52:12", "elapsed": 2039.173708, "delta": 10.906448}}
{"target": 0.835690632067849, "params": {"max_depth": 11.815043686362989, "n_estimators": 69.72247969399714}, "datetime": {"datetime": "2021-09-21 13:52:25", "elapsed": 2052.160435, "delta": 12.986727}}
{"target": 0.8342054482533516, "params": {"max_depth": 23.661037977631796, "n_estimators": 18.876628605041525}, "datetime": {"datetime": "2021-09-21 13:52:32", "elapsed": 2059.94734, "delta": 7.786905}}
{"target": 0.7581541710961308, "params": {"max_depth": 3.5559693170191955, "n_estimators": 75.00671313904478}, "datetime": {"datetime": "2021-09-21 13:52:39", "elapsed": 2067.098142, "delta": 7.150802}}
{"target": 0.8273247846048739, "params": {"max_depth": 7.6431560224967905, "n_estimators": 77.79229626024436}, "datetime": {"datetime": "2021-09-21 13:52:51", "elapsed": 2079.013679, "delta": 11.915537}}
{"target": 0.8306775899630944, "params": {"max_depth": 11.358069771234955, "n_estimators": 26.213339459191925}, "datetime": {"datetime": "2021-09-21 13:53:02", "elapsed": 2089.530888, "delta": 10.517209}}
{"target": 0.8290410349357792, "params": {"max_depth": 15.855014160887052, "n_estimators": 10.415857072881439}, "datetime": {"datetime": "2021-09-21 13:53:15", "elapsed": 2102.755702, "delta": 13.224814}}
{"target": 0.8316799329557114, "params": {"max_depth": 22.643684588329528, "n_estimators": 15.18056225303075}, "datetime": {"datetime": "2021-09-21 13:53:23", "elapsed": 2110.77054, "delta": 8.014838}}
{"target": 0.8306954220502505, "params": {"max_depth": 7.60709128728553, "n_estimators": 60.95467535066046}, "datetime": {"datetime": "2021-09-21 13:53:30", "elapsed": 2117.663924, "delta": 6.893384}}
{"target": 0.8264620844441568, "params": {"max_depth": 13.240716458046027, "n_estimators": 32.94715657509175}, "datetime": {"datetime": "2021-09-21 13:53:48", "elapsed": 2135.59533, "delta": 17.931406}}
{"target": 0.8320698408552786, "params": {"max_depth": 25.713831504617335, "n_estimators": 86.12614914822547}, "datetime": {"datetime": "2021-09-21 13:53:57", "elapsed": 2144.466097, "delta": 8.870767}}
{"target": 0.8331412437875939, "params": {"max_depth": 28.483785791177304, "n_estimators": 32.318266010797174}, "datetime": {"datetime": "2021-09-21 13:54:10", "elapsed": 2157.829202, "delta": 13.363105}}
{"target": 0.8304817471230594, "params": {"max_depth": 7.74249910649975, "n_estimators": 58.553623731625095}, "datetime": {"datetime": "2021-09-21 13:54:25", "elapsed": 2172.283504, "delta": 14.454302}}
{"target": 0.8318342108941684, "params": {"max_depth": 8.543279508218664, "n_estimators": 59.79149670046719}, "datetime": {"datetime": "2021-09-21 13:54:32", "elapsed": 2179.773366, "delta": 7.489862}}
{"target": 0.8327068038211793, "params": {"max_depth": 8.571747613850516, "n_estimators": 56.383224789232635}, "datetime": {"datetime": "2021-09-21 13:54:46", "elapsed": 2194.08711, "delta": 14.313744}}
{"target": 0.8320042426990681, "params": {"max_depth": 28.552840031202464, "n_estimators": 96.36384161625172}, "datetime": {"datetime": "2021-09-21 13:54:56", "elapsed": 2203.950248, "delta": 9.863138}}
{"target": 0.8292340081945858, "params": {"max_depth": 9.138743308772103, "n_estimators": 74.93759834840075}, "datetime": {"datetime": "2021-09-21 13:55:04", "elapsed": 2211.215458, "delta": 7.26521}}
{"target": 0.8180675115780844, "params": {"max_depth": 6.873708787279076, "n_estimators": 40.490648595136385}, "datetime": {"datetime": "2021-09-21 13:55:14", "elapsed": 2221.955355, "delta": 10.739897}}
{"target": 0.8308556747238359, "params": {"max_depth": 10.179146851207769, "n_estimators": 41.81001895178091}, "datetime": {"datetime": "2021-09-21 13:55:29", "elapsed": 2236.903363, "delta": 14.948008}}
{"target": 0.8284164455005772, "params": {"max_depth": 13.62985393889048, "n_estimators": 30.36296283683868}, "datetime": {"datetime": "2021-09-21 13:55:44", "elapsed": 2251.57424, "delta": 14.670877}}
{"target": 0.8333593375239818, "params": {"max_depth": 27.92317543665077, "n_estimators": 51.6000723458308}, "datetime": {"datetime": "2021-09-21 13:55:56", "elapsed": 2263.696495, "delta": 12.122255}}
{"target": 0.8320698408552786, "params": {"max_depth": 27.75604542999257, "n_estimators": 86.91515649923704}, "datetime": {"datetime": "2021-09-21 13:56:13", "elapsed": 2280.969596, "delta": 17.273101}}
{"target": 0.8342168418190117, "params": {"max_depth": 18.765707529135653, "n_estimators": 83.48367767783614}, "datetime": {"datetime": "2021-09-21 13:56:26", "elapsed": 2293.545753, "delta": 12.576157}}
{"target": 0.8199111449199081, "params": {"max_depth": 22.623630459511098, "n_estimators": 12.611434602195265}, "datetime": {"datetime": "2021-09-21 13:56:39", "elapsed": 2306.263498, "delta": 12.717745}}
{"target": 0.8316799329557114, "params": {"max_depth": 26.140381760108014, "n_estimators": 15.74855934177133}, "datetime": {"datetime": "2021-09-21 13:56:49", "elapsed": 2316.364273, "delta": 10.100775}}
{"target": 0.8215432886072229, "params": {"max_depth": 6.6174478796701655, "n_estimators": 90.17311413673792}, "datetime": {"datetime": "2021-09-21 13:57:07", "elapsed": 2334.515172, "delta": 18.150899}}
{"target": 0.8339929500029415, "params": {"max_depth": 27.06292641265195, "n_estimators": 76.1490024725442}, "datetime": {"datetime": "2021-09-21 13:57:25", "elapsed": 2352.405503, "delta": 17.890331}}
{"target": 0.8342370154835776, "params": {"max_depth": 26.5461067813654, "n_estimators": 73.14456307245077}, "datetime": {"datetime": "2021-09-21 13:57:36", "elapsed": 2363.539742, "delta": 11.134239}}
{"target": 0.8304542758274513, "params": {"max_depth": 17.575676898573295, "n_estimators": 33.121933082853204}, "datetime": {"datetime": "2021-09-21 13:57:45", "elapsed": 2372.318427, "delta": 8.778685}}
{"target": 0.8323439657858702, "params": {"max_depth": 29.96407407853514, "n_estimators": 31.36717311448008}, "datetime": {"datetime": "2021-09-21 13:57:58", "elapsed": 2385.904866, "delta": 13.586439}}
{"target": 0.8324276016395553, "params": {"max_depth": 25.095235965623843, "n_estimators": 48.085759811517214}, "datetime": {"datetime": "2021-09-21 13:58:06", "elapsed": 2393.31667, "delta": 7.411804}}
{"target": 0.8303370787925244, "params": {"max_depth": 11.829631407155247, "n_estimators": 88.87893024199701}, "datetime": {"datetime": "2021-09-21 13:58:14", "elapsed": 2401.248931, "delta": 7.932261}}
{"target": 0.8340662322011156, "params": {"max_depth": 17.7693412281332, "n_estimators": 35.59336098204525}, "datetime": {"datetime": "2021-09-21 13:58:23", "elapsed": 2411.029154, "delta": 9.780223}}
{"target": 0.8342616900811721, "params": {"max_depth": 15.067849331950196, "n_estimators": 34.55413512102418}, "datetime": {"datetime": "2021-09-21 13:58:36", "elapsed": 2423.554175, "delta": 12.525021}}
{"target": 0.8313625143302287, "params": {"max_depth": 19.524745317428298, "n_estimators": 94.68928810743765}, "datetime": {"datetime": "2021-09-21 13:58:56", "elapsed": 2443.194986, "delta": 19.640811}}
{"target": 0.8322127742918584, "params": {"max_depth": 28.60144899398433, "n_estimators": 79.6565547697907}, "datetime": {"datetime": "2021-09-21 13:59:08", "elapsed": 2455.146536, "delta": 11.95155}}
{"target": 0.8373453580604299, "params": {"max_depth": 26.942544303065453, "n_estimators": 61.95202393810794}, "datetime": {"datetime": "2021-09-21 13:59:23", "elapsed": 2470.172228, "delta": 15.025692}}
{"target": 0.8354528498910473, "params": {"max_depth": 14.323618905752962, "n_estimators": 88.16073413267094}, "datetime": {"datetime": "2021-09-21 13:59:40", "elapsed": 2487.776924, "delta": 17.604696}}
{"target": 0.8368975566769183, "params": {"max_depth": 21.940342010166628, "n_estimators": 59.79116529988919}, "datetime": {"datetime": "2021-09-21 13:59:48", "elapsed": 2495.409596, "delta": 7.632672}}
{"target": 0.8377222960176537, "params": {"max_depth": 24.68056714789798, "n_estimators": 65.95813842642504}, "datetime": {"datetime": "2021-09-21 13:59:59", "elapsed": 2506.408837, "delta": 10.999241}}
{"target": 0.8401889232406063, "params": {"max_depth": 25.70466401365846, "n_estimators": 21.169921785629572}, "datetime": {"datetime": "2021-09-21 14:00:14", "elapsed": 2521.440231, "delta": 15.031394}}
{"target": 0.8342054482533516, "params": {"max_depth": 26.60120086451943, "n_estimators": 18.77005238777818}, "datetime": {"datetime": "2021-09-21 14:00:23", "elapsed": 2530.435373, "delta": 8.995142}}
{"target": 0.8292869266991151, "params": {"max_depth": 24.43763232917641, "n_estimators": 16.136493784242674}, "datetime": {"datetime": "2021-09-21 14:00:38", "elapsed": 2545.5134, "delta": 15.078027}}
{"target": 0.7850761279356984, "params": {"max_depth": 12.633269941604922, "n_estimators": 6.999849153028726}, "datetime": {"datetime": "2021-09-21 14:00:47", "elapsed": 2554.887072, "delta": 9.373672}}
{"target": 0.7571554924957179, "params": {"max_depth": 3.2925395771195585, "n_estimators": 23.216264952545785}, "datetime": {"datetime": "2021-09-21 14:00:59", "elapsed": 2566.221459, "delta": 11.334387}}
{"target": 0.8324276016395553, "params": {"max_depth": 28.233679177528646, "n_estimators": 48.918036924093904}, "datetime": {"datetime": "2021-09-21 14:01:20", "elapsed": 2587.448989, "delta": 21.22753}}
{"target": 0.8320655211808469, "params": {"max_depth": 28.254178260302375, "n_estimators": 83.64746600378875}, "datetime": {"datetime": "2021-09-21 14:01:29", "elapsed": 2596.485191, "delta": 9.036202}}
{"target": 0.8316901042370031, "params": {"max_depth": 20.43477325339603, "n_estimators": 88.95921334542608}, "datetime": {"datetime": "2021-09-21 14:01:54", "elapsed": 2621.829899, "delta": 25.344708}}
{"target": 0.8323439657858702, "params": {"max_depth": 24.403183901346754, "n_estimators": 31.05630884727373}, "datetime": {"datetime": "2021-09-21 14:02:02", "elapsed": 2629.167568, "delta": 7.337669}}
{"target": 0.8354386498343913, "params": {"max_depth": 17.70822445430926, "n_estimators": 59.89754138824399}, "datetime": {"datetime": "2021-09-21 14:02:15", "elapsed": 2642.480369, "delta": 13.312801}}
{"target": 0.8282161517107158, "params": {"max_depth": 16.76589140151043, "n_estimators": 39.20730382190577}, "datetime": {"datetime": "2021-09-21 14:02:25", "elapsed": 2652.972175, "delta": 10.491806}}
{"target": 0.8291623943904386, "params": {"max_depth": 16.908074920288122, "n_estimators": 42.020008444790065}, "datetime": {"datetime": "2021-09-21 14:02:36", "elapsed": 2663.895179, "delta": 10.923004}}
{"target": 0.8359502201711443, "params": {"max_depth": 26.763935375702143, "n_estimators": 59.920885749813465}, "datetime": {"datetime": "2021-09-21 14:02:44", "elapsed": 2672.040332, "delta": 8.145153}}
{"target": 0.8342686518234524, "params": {"max_depth": 14.19614783086757, "n_estimators": 41.18794980824859}, "datetime": {"datetime": "2021-09-21 14:02:55", "elapsed": 2682.28035, "delta": 10.240018}}
{"target": 0.8332131376992788, "params": {"max_depth": 28.69738030122061, "n_estimators": 40.588867262480846}, "datetime": {"datetime": "2021-09-21 14:03:08", "elapsed": 2696.019973, "delta": 13.739623}}
{"target": 0.8389564937999382, "params": {"max_depth": 20.818791307815285, "n_estimators": 66.89182861982292}, "datetime": {"datetime": "2021-09-21 14:03:19", "elapsed": 2706.908965, "delta": 10.888992}}
{"target": 0.8349568293324992, "params": {"max_depth": 18.786411638761496, "n_estimators": 78.98014566826063}, "datetime": {"datetime": "2021-09-21 14:03:32", "elapsed": 2719.551135, "delta": 12.64217}}
{"target": 0.8319193827855573, "params": {"max_depth": 23.649102641677047, "n_estimators": 84.38366349251558}, "datetime": {"datetime": "2021-09-21 14:03:41", "elapsed": 2728.478643, "delta": 8.927508}}
{"target": 0.8263442513223046, "params": {"max_depth": 7.365287033606611, "n_estimators": 96.72166341104655}, "datetime": {"datetime": "2021-09-21 14:03:51", "elapsed": 2738.112727, "delta": 9.634084}}
{"target": 0.8346588441833445, "params": {"max_depth": 29.992628069206308, "n_estimators": 72.44179700970598}, "datetime": {"datetime": "2021-09-21 14:04:07", "elapsed": 2754.546793, "delta": 16.434066}}
{"target": 0.8384383158078919, "params": {"max_depth": 21.473131162666167, "n_estimators": 27.511876922982847}, "datetime": {"datetime": "2021-09-21 14:04:17", "elapsed": 2764.141436, "delta": 9.594643}}
{"target": 0.8434172421662551, "params": {"max_depth": 23.380344299828526, "n_estimators": 19.68093014701535}, "datetime": {"datetime": "2021-09-21 14:04:30", "elapsed": 2777.190942, "delta": 13.049506}}
{"target": 0.832714759298254, "params": {"max_depth": 22.211816922230945, "n_estimators": 48.8103330405731}, "datetime": {"datetime": "2021-09-21 14:04:46", "elapsed": 2793.537223, "delta": 16.346281}}
{"target": 0.8362987407952998, "params": {"max_depth": 29.994069011288257, "n_estimators": 54.90096794149693}, "datetime": {"datetime": "2021-09-21 14:05:00", "elapsed": 2807.731443, "delta": 14.19422}}
{"target": 0.8305762860402431, "params": {"max_depth": 22.449195281100664, "n_estimators": 39.02107956642399}, "datetime": {"datetime": "2021-09-21 14:05:14", "elapsed": 2821.654411, "delta": 13.922968}}
{"target": 0.8321524267485654, "params": {"max_depth": 12.59377394011597, "n_estimators": 85.3288167002458}, "datetime": {"datetime": "2021-09-21 14:05:22", "elapsed": 2830.090741, "delta": 8.43633}}
{"target": 0.834710900298539, "params": {"max_depth": 12.409584523805796, "n_estimators": 59.62659832393939}, "datetime": {"datetime": "2021-09-21 14:05:33", "elapsed": 2840.800505, "delta": 10.709764}}
{"target": 0.8283694930122744, "params": {"max_depth": 7.240732930526371, "n_estimators": 75.90100422400545}, "datetime": {"datetime": "2021-09-21 14:05:42", "elapsed": 2849.861753, "delta": 9.061248}}
{"target": 0.8398802577157196, "params": {"max_depth": 14.337635575021784, "n_estimators": 69.8789188019685}, "datetime": {"datetime": "2021-09-21 14:05:54", "elapsed": 2861.754746, "delta": 11.892993}}
