{"target": -2.4253121716752153, "params": {"max_depth": 14.037040750560616, "n_estimators": 66.6179043730958}, "datetime": {"datetime": "2021-09-21 10:54:02", "elapsed": 410.909042, "delta": 2.335118}}
{"target": -2.490972516555465, "params": {"max_depth": 18.0, "n_estimators": 273.31574026166453}, "datetime": {"datetime": "2021-09-21 10:54:06", "elapsed": 415.372312, "delta": 4.46327}}
{"target": -2.516960068911776, "params": {"max_depth": 13.0, "n_estimators": 292.6202663871524}, "datetime": {"datetime": "2021-09-21 10:54:12", "elapsed": 420.870785, "delta": 5.498473}}
{"target": -2.461407768833202, "params": {"max_depth": 13.904777851074046, "n_estimators": 66.04475970901444}, "datetime": {"datetime": "2021-09-21 10:54:14", "elapsed": 423.372268, "delta": 2.501483}}
{"target": -2.430957523424876, "params": {"max_depth": 14.633040296323212, "n_estimators": 65.89789995400034}, "datetime": {"datetime": "2021-09-21 10:54:18", "elapsed": 426.821763, "delta": 3.449495}}
{"target": -2.4420333571346795, "params": {"max_depth": 14.451390418329527, "n_estimators": 60.95264111954744}, "datetime": {"datetime": "2021-09-21 10:54:21", "elapsed": 429.761668, "delta": 2.939905}}
{"target": -2.4390039060686233, "params": {"max_depth": 14.618153948877984, "n_estimators": 61.9833479587573}, "datetime": {"datetime": "2021-09-21 10:54:24", "elapsed": 432.827791, "delta": 3.066123}}
{"target": -2.441473190552138, "params": {"max_depth": 17.407556586275682, "n_estimators": 66.75450352411376}, "datetime": {"datetime": "2021-09-21 10:54:27", "elapsed": 436.284896, "delta": 3.457105}}
{"target": -2.488676254092227, "params": {"max_depth": 17.453992075445523, "n_estimators": 255.87449978959805}, "datetime": {"datetime": "2021-09-21 10:54:30", "elapsed": 439.467721, "delta": 3.182825}}
{"target": -2.4390039060686233, "params": {"max_depth": 14.381883978209265, "n_estimators": 61.624418864818466}, "datetime": {"datetime": "2021-09-21 10:54:33", "elapsed": 442.177204, "delta": 2.709483}}
{"target": -2.4805021106133025, "params": {"max_depth": 15.00004579226909, "n_estimators": 225.49379447773262}, "datetime": {"datetime": "2021-09-21 10:54:37", "elapsed": 445.517437, "delta": 3.340233}}
{"target": -2.4525500300578638, "params": {"max_depth": 15.18910677742873, "n_estimators": 66.8359435441295}, "datetime": {"datetime": "2021-09-21 10:54:40", "elapsed": 448.783703, "delta": 3.266266}}
{"target": -2.4460181222286486, "params": {"max_depth": 17.358424955653756, "n_estimators": 65.75090727725942}, "datetime": {"datetime": "2021-09-21 10:54:43", "elapsed": 451.711654, "delta": 2.927951}}
{"target": -2.430957523424876, "params": {"max_depth": 14.742094264601349, "n_estimators": 65.39949934940077}, "datetime": {"datetime": "2021-09-21 10:54:45", "elapsed": 454.13712, "delta": 2.425466}}
{"target": -2.481197257266654, "params": {"max_depth": 14.694225144275258, "n_estimators": 150.42822360730133}, "datetime": {"datetime": "2021-09-21 10:54:47", "elapsed": 456.179583, "delta": 2.042463}}
{"target": -2.455009133084395, "params": {"max_depth": 15.254539759828443, "n_estimators": 65.19225307628454}, "datetime": {"datetime": "2021-09-21 10:54:50", "elapsed": 458.930309, "delta": 2.750726}}
{"target": -2.441473190552138, "params": {"max_depth": 17.377538293012954, "n_estimators": 66.23056179647759}, "datetime": {"datetime": "2021-09-21 10:54:53", "elapsed": 461.525324, "delta": 2.595015}}
{"target": -2.4616659441989426, "params": {"max_depth": 13.766297171986103, "n_estimators": 67.10169547984056}, "datetime": {"datetime": "2021-09-21 10:54:55", "elapsed": 464.0105, "delta": 2.485176}}
{"target": -2.4470352639411024, "params": {"max_depth": 17.63063176674821, "n_estimators": 64.89956415758512}, "datetime": {"datetime": "2021-09-21 10:54:58", "elapsed": 466.762463, "delta": 2.751963}}
{"target": -2.4420333571346795, "params": {"max_depth": 14.773932624971593, "n_estimators": 60.62990630037869}, "datetime": {"datetime": "2021-09-21 10:54:59", "elapsed": 468.401407, "delta": 1.638944}}
{"target": -2.4503882690597467, "params": {"max_depth": 17.325887975555737, "n_estimators": 62.051782703831506}, "datetime": {"datetime": "2021-09-21 10:55:02", "elapsed": 471.295894, "delta": 2.894487}}
{"target": -2.5022443225266717, "params": {"max_depth": 16.56667915819409, "n_estimators": 271.75828343357773}, "datetime": {"datetime": "2021-09-21 10:55:06", "elapsed": 474.79111, "delta": 3.495216}}
{"target": -2.4740268488417216, "params": {"max_depth": 13.860029135259138, "n_estimators": 62.06177826373941}, "datetime": {"datetime": "2021-09-21 10:55:08", "elapsed": 477.20287, "delta": 2.41176}}
{"target": -2.425469531249584, "params": {"max_depth": 14.495583576027036, "n_estimators": 67.52535438886638}, "datetime": {"datetime": "2021-09-21 10:55:11", "elapsed": 479.953021, "delta": 2.750151}}
{"target": -2.425469531249584, "params": {"max_depth": 14.686995115510024, "n_estimators": 67.2686944473086}, "datetime": {"datetime": "2021-09-21 10:55:14", "elapsed": 482.9944, "delta": 3.041379}}
{"target": -2.4470352639411024, "params": {"max_depth": 17.5124848503174, "n_estimators": 64.15709697900786}, "datetime": {"datetime": "2021-09-21 10:55:17", "elapsed": 485.995468, "delta": 3.001068}}
{"target": -2.4293005875495766, "params": {"max_depth": 14.769312190339683, "n_estimators": 68.07158531910824}, "datetime": {"datetime": "2021-09-21 10:55:20", "elapsed": 489.130206, "delta": 3.134738}}
{"target": -2.4817334086612868, "params": {"max_depth": 14.865885887150299, "n_estimators": 153.4993383664202}, "datetime": {"datetime": "2021-09-21 10:55:23", "elapsed": 492.15971, "delta": 3.029504}}
{"target": -2.441473190552138, "params": {"max_depth": 17.380610958182572, "n_estimators": 66.22782517998203}, "datetime": {"datetime": "2021-09-21 10:55:25", "elapsed": 494.195174, "delta": 2.035464}}
{"target": -2.4293005875495766, "params": {"max_depth": 14.324895195992955, "n_estimators": 68.41564424408682}, "datetime": {"datetime": "2021-09-21 10:55:29", "elapsed": 497.480154, "delta": 3.28498}}
{"target": -2.4293005875495766, "params": {"max_depth": 14.801993769717097, "n_estimators": 68.68264857788174}, "datetime": {"datetime": "2021-09-21 10:55:31", "elapsed": 500.275379, "delta": 2.795225}}
{"target": -2.445621729506587, "params": {"max_depth": 14.389744101509123, "n_estimators": 99.10570367459735}, "datetime": {"datetime": "2021-09-21 10:55:33", "elapsed": 502.467309, "delta": 2.19193}}
{"target": -2.4293005875495766, "params": {"max_depth": 14.516341072602136, "n_estimators": 68.99648095531012}, "datetime": {"datetime": "2021-09-21 10:55:36", "elapsed": 504.935607, "delta": 2.468298}}
{"target": -2.4293005875495766, "params": {"max_depth": 14.04339950699514, "n_estimators": 68.92243440928316}, "datetime": {"datetime": "2021-09-21 10:55:40", "elapsed": 508.573918, "delta": 3.638311}}
{"target": -2.434095057985366, "params": {"max_depth": 14.396388375578928, "n_estimators": 69.48628343564904}, "datetime": {"datetime": "2021-09-21 10:55:43", "elapsed": 511.958663, "delta": 3.384745}}
{"target": -2.4679129478620503, "params": {"max_depth": 13.803938630278584, "n_estimators": 69.67585590225835}, "datetime": {"datetime": "2021-09-21 10:55:46", "elapsed": 515.299251, "delta": 3.340588}}
{"target": -2.4616424896802784, "params": {"max_depth": 15.36229506006773, "n_estimators": 68.457018252276}, "datetime": {"datetime": "2021-09-21 10:55:49", "elapsed": 518.273244, "delta": 2.973993}}
{"target": -2.4833518384524833, "params": {"max_depth": 17.34570470729657, "n_estimators": 195.2880402651888}, "datetime": {"datetime": "2021-09-21 10:55:53", "elapsed": 521.564045, "delta": 3.290801}}
{"target": -2.434095057985366, "params": {"max_depth": 14.974867310606227, "n_estimators": 69.30334084326152}, "datetime": {"datetime": "2021-09-21 10:55:56", "elapsed": 525.142697, "delta": 3.578652}}
{"target": -2.434095057985366, "params": {"max_depth": 14.848672812029383, "n_estimators": 69.88137155787612}, "datetime": {"datetime": "2021-09-21 10:55:59", "elapsed": 527.844107, "delta": 2.70141}}
{"target": -2.4481868273625236, "params": {"max_depth": 17.61692882540268, "n_estimators": 68.07786060072542}, "datetime": {"datetime": "2021-09-21 10:56:03", "elapsed": 531.915854, "delta": 4.071747}}
{"target": -2.4643684839012874, "params": {"max_depth": 13.417051536758477, "n_estimators": 68.72941900008887}, "datetime": {"datetime": "2021-09-21 10:56:06", "elapsed": 535.173006, "delta": 3.257152}}
{"target": -2.4503882690597467, "params": {"max_depth": 17.91186737181677, "n_estimators": 62.67208760450356}, "datetime": {"datetime": "2021-09-21 10:56:09", "elapsed": 538.354867, "delta": 3.181861}}
{"target": -2.425959316063198, "params": {"max_depth": 14.525644703029595, "n_estimators": 70.4058643410984}, "datetime": {"datetime": "2021-09-21 10:56:13", "elapsed": 542.281892, "delta": 3.927025}}
{"target": -2.425959316063198, "params": {"max_depth": 14.749865159970899, "n_estimators": 70.64046751779725}, "datetime": {"datetime": "2021-09-21 10:56:16", "elapsed": 545.28766, "delta": 3.005768}}
{"target": -2.4286731334549443, "params": {"max_depth": 14.308826695142013, "n_estimators": 71.00266508920193}, "datetime": {"datetime": "2021-09-21 10:56:20", "elapsed": 548.93381, "delta": 3.64615}}
{"target": -2.4286731334549443, "params": {"max_depth": 14.93312344057618, "n_estimators": 71.38574859411563}, "datetime": {"datetime": "2021-09-21 10:56:23", "elapsed": 551.953997, "delta": 3.020187}}
{"target": -2.483827013908133, "params": {"max_depth": 15.316346880931214, "n_estimators": 187.52751493413675}, "datetime": {"datetime": "2021-09-21 10:56:26", "elapsed": 555.082753, "delta": 3.128756}}
{"target": -2.465975272701174, "params": {"max_depth": 15.276678432163548, "n_estimators": 70.97848136419051}, "datetime": {"datetime": "2021-09-21 10:56:29", "elapsed": 558.263027, "delta": 3.180274}}
{"target": -2.4286731334549443, "params": {"max_depth": 14.39021972413721, "n_estimators": 71.7398181062718}, "datetime": {"datetime": "2021-09-21 10:56:32", "elapsed": 561.369878, "delta": 3.106851}}
{"target": -2.4284658677125144, "params": {"max_depth": 14.984635372854825, "n_estimators": 72.09271404454633}, "datetime": {"datetime": "2021-09-21 10:56:36", "elapsed": 565.418974, "delta": 4.049096}}
{"target": -2.50237953578632, "params": {"max_depth": 16.2615969943232, "n_estimators": 240.07327088427004}, "datetime": {"datetime": "2021-09-21 10:56:41", "elapsed": 570.187305, "delta": 4.768331}}
{"target": -2.4284658677125144, "params": {"max_depth": 14.50895912266926, "n_estimators": 72.15664671100053}, "datetime": {"datetime": "2021-09-21 10:56:45", "elapsed": 574.080767, "delta": 3.893462}}
{"target": -2.4286731334549443, "params": {"max_depth": 14.81870484579801, "n_estimators": 71.71630937607958}, "datetime": {"datetime": "2021-09-21 10:56:49", "elapsed": 577.539, "delta": 3.458233}}
{"target": -2.4286731334549443, "params": {"max_depth": 14.539127495241576, "n_estimators": 71.24601356709272}, "datetime": {"datetime": "2021-09-21 10:56:52", "elapsed": 581.320996, "delta": 3.781996}}
{"target": -2.467915255001511, "params": {"max_depth": 13.877919695567998, "n_estimators": 71.41898889863417}, "datetime": {"datetime": "2021-09-21 10:56:56", "elapsed": 584.823618, "delta": 3.502622}}
{"target": -2.4284658677125144, "params": {"max_depth": 14.665112596350756, "n_estimators": 72.7471921275511}, "datetime": {"datetime": "2021-09-21 10:56:59", "elapsed": 588.36073, "delta": 3.537112}}
{"target": -2.4698078309156144, "params": {"max_depth": 15.246330254860847, "n_estimators": 72.7382327685185}, "datetime": {"datetime": "2021-09-21 10:57:02", "elapsed": 590.93281, "delta": 2.57208}}
{"target": -2.465056629989419, "params": {"max_depth": 13.99522986416797, "n_estimators": 70.5052023231977}, "datetime": {"datetime": "2021-09-21 10:57:05", "elapsed": 593.596574, "delta": 2.663764}}
{"target": -2.4438346210774617, "params": {"max_depth": 14.571768143242789, "n_estimators": 63.341535081736325}, "datetime": {"datetime": "2021-09-21 10:57:06", "elapsed": 595.463284, "delta": 1.86671}}
{"target": -2.4415101080836523, "params": {"max_depth": 14.456919079421386, "n_estimators": 64.12105705767358}, "datetime": {"datetime": "2021-09-21 10:57:10", "elapsed": 598.753035, "delta": 3.289751}}
{"target": -2.474784065436392, "params": {"max_depth": 13.841742436524981, "n_estimators": 63.736445477171955}, "datetime": {"datetime": "2021-09-21 10:57:13", "elapsed": 601.588431, "delta": 2.835396}}
{"target": -2.4284658677125144, "params": {"max_depth": 14.266596596088688, "n_estimators": 72.61310291239852}, "datetime": {"datetime": "2021-09-21 10:57:16", "elapsed": 604.528587, "delta": 2.940156}}
{"target": -2.4557326481736044, "params": {"max_depth": 16.45063367092768, "n_estimators": 65.25733378250227}, "datetime": {"datetime": "2021-09-21 10:57:20", "elapsed": 608.603822, "delta": 4.075235}}
{"target": -2.4499406850459486, "params": {"max_depth": 17.880288627356922, "n_estimators": 60.77679664466052}, "datetime": {"datetime": "2021-09-21 10:57:23", "elapsed": 611.749815, "delta": 3.145993}}
{"target": -2.467353308148674, "params": {"max_depth": 15.271315406775892, "n_estimators": 71.78749417787739}, "datetime": {"datetime": "2021-09-21 10:57:27", "elapsed": 616.168608, "delta": 4.418793}}
{"target": -2.4499406850459486, "params": {"max_depth": 17.089946546668934, "n_estimators": 60.50775878744156}, "datetime": {"datetime": "2021-09-21 10:57:30", "elapsed": 619.12317, "delta": 2.954562}}
{"target": -2.455701419753582, "params": {"max_depth": 16.685458284258818, "n_estimators": 61.216592239460894}, "datetime": {"datetime": "2021-09-21 10:57:34", "elapsed": 622.48235, "delta": 3.35918}}
{"target": -2.4284658677125144, "params": {"max_depth": 14.798118369485831, "n_estimators": 72.44774586051746}, "datetime": {"datetime": "2021-09-21 10:57:37", "elapsed": 625.937997, "delta": 3.455647}}
{"target": -2.4648598598965004, "params": {"max_depth": 15.053300177766516, "n_estimators": 59.930692421228905}, "datetime": {"datetime": "2021-09-21 10:57:40", "elapsed": 629.150619, "delta": 3.212622}}
{"target": -2.478631315221791, "params": {"max_depth": 13.730578707450992, "n_estimators": 99.44997132131351}, "datetime": {"datetime": "2021-09-21 10:57:44", "elapsed": 633.374727, "delta": 4.224108}}
{"target": -2.4485442928044527, "params": {"max_depth": 14.897902351748824, "n_estimators": 98.65660867853153}, "datetime": {"datetime": "2021-09-21 10:57:49", "elapsed": 637.843818, "delta": 4.469091}}
{"target": -2.445621729506587, "params": {"max_depth": 14.993205201485562, "n_estimators": 99.43201326411933}, "datetime": {"datetime": "2021-09-21 10:57:53", "elapsed": 641.694276, "delta": 3.850458}}
{"target": -2.4505700759836095, "params": {"max_depth": 17.282924283367635, "n_estimators": 63.36525494711013}, "datetime": {"datetime": "2021-09-21 10:57:57", "elapsed": 645.538071, "delta": 3.843795}}
{"target": -2.4481868273625236, "params": {"max_depth": 17.193828990683013, "n_estimators": 68.7665937477534}, "datetime": {"datetime": "2021-09-21 10:58:00", "elapsed": 649.041683, "delta": 3.503612}}
{"target": -2.4534285895899166, "params": {"max_depth": 17.255232715313454, "n_estimators": 69.56564125841892}, "datetime": {"datetime": "2021-09-21 10:58:05", "elapsed": 653.900494, "delta": 4.858811}}
{"target": -2.4616581624848797, "params": {"max_depth": 16.42901721247958, "n_estimators": 63.97182006954573}, "datetime": {"datetime": "2021-09-21 10:58:08", "elapsed": 656.972686, "delta": 3.072192}}
{"target": -2.488476721776794, "params": {"max_depth": 14.39094835272164, "n_estimators": 251.58237505287238}, "datetime": {"datetime": "2021-09-21 10:58:10", "elapsed": 659.367278, "delta": 2.394592}}
{"target": -2.4475110320443973, "params": {"max_depth": 17.304185119647528, "n_estimators": 70.93593561683312}, "datetime": {"datetime": "2021-09-21 10:58:14", "elapsed": 662.938784, "delta": 3.571506}}
{"target": -2.4442799466328813, "params": {"max_depth": 14.813197289048725, "n_estimators": 62.82513762227486}, "datetime": {"datetime": "2021-09-21 10:58:16", "elapsed": 665.179503, "delta": 2.240719}}
{"target": -2.4716034676166188, "params": {"max_depth": 15.755930319827593, "n_estimators": 98.93107701925057}, "datetime": {"datetime": "2021-09-21 10:58:19", "elapsed": 667.729457, "delta": 2.549954}}
{"target": -2.4507240394692196, "params": {"max_depth": 16.694866000882403, "n_estimators": 66.99674251412225}, "datetime": {"datetime": "2021-09-21 10:58:21", "elapsed": 670.105342, "delta": 2.375885}}
{"target": -2.4542192707042334, "params": {"max_depth": 17.60670687109372, "n_estimators": 56.73081466781946}, "datetime": {"datetime": "2021-09-21 10:58:25", "elapsed": 673.736168, "delta": 3.630826}}
{"target": -2.4485442928044527, "params": {"max_depth": 14.305317116245444, "n_estimators": 98.27798506701997}, "datetime": {"datetime": "2021-09-21 10:58:29", "elapsed": 677.901939, "delta": 4.165771}}
{"target": -2.467232563256214, "params": {"max_depth": 16.9017356354559, "n_estimators": 70.23276143743081}, "datetime": {"datetime": "2021-09-21 10:58:32", "elapsed": 681.066262, "delta": 3.164323}}
{"target": -2.4505340711737604, "params": {"max_depth": 14.244493885510924, "n_estimators": 96.37485727330292}, "datetime": {"datetime": "2021-09-21 10:58:35", "elapsed": 684.390232, "delta": 3.32397}}
{"target": -2.4511387234465034, "params": {"max_depth": 14.825196282884546, "n_estimators": 95.85149252456014}, "datetime": {"datetime": "2021-09-21 10:58:39", "elapsed": 687.579004, "delta": 3.188772}}
{"target": -2.4505575779236826, "params": {"max_depth": 17.21055770403792, "n_estimators": 71.67469441658491}, "datetime": {"datetime": "2021-09-21 10:58:42", "elapsed": 690.538004, "delta": 2.959}}
{"target": -2.439804990134415, "params": {"max_depth": 14.537682317051162, "n_estimators": 73.45762576300773}, "datetime": {"datetime": "2021-09-21 10:58:45", "elapsed": 694.094832, "delta": 3.556828}}
{"target": -2.4436151491428255, "params": {"max_depth": 14.74190574126508, "n_estimators": 74.16450154566863}, "datetime": {"datetime": "2021-09-21 10:58:48", "elapsed": 697.062052, "delta": 2.96722}}
{"target": -2.4436151491428255, "params": {"max_depth": 14.15258367254191, "n_estimators": 74.35952402508426}, "datetime": {"datetime": "2021-09-21 10:58:51", "elapsed": 699.843597, "delta": 2.781545}}
{"target": -2.4436151491428255, "params": {"max_depth": 14.493099523079689, "n_estimators": 74.91267010701145}, "datetime": {"datetime": "2021-09-21 10:58:56", "elapsed": 704.905997, "delta": 5.0624}}
{"target": -2.476926269062549, "params": {"max_depth": 13.750425098741575, "n_estimators": 75.07404458856537}, "datetime": {"datetime": "2021-09-21 10:58:59", "elapsed": 707.673873, "delta": 2.767876}}
{"target": -2.473432162975136, "params": {"max_depth": 17.63396657536277, "n_estimators": 94.6396258038584}, "datetime": {"datetime": "2021-09-21 10:59:01", "elapsed": 709.51012, "delta": 1.836247}}
{"target": -2.480899510596665, "params": {"max_depth": 15.267610082566751, "n_estimators": 74.79859358766808}, "datetime": {"datetime": "2021-09-21 10:59:03", "elapsed": 711.761849, "delta": 2.251729}}
{"target": -2.4661716333383352, "params": {"max_depth": 16.801237221600612, "n_estimators": 58.05444406850028}, "datetime": {"datetime": "2021-09-21 10:59:05", "elapsed": 713.929605, "delta": 2.167756}}
{"target": -2.468662574104159, "params": {"max_depth": 16.976382488129335, "n_estimators": 55.95719617033194}, "datetime": {"datetime": "2021-09-21 10:59:08", "elapsed": 716.828094, "delta": 2.898489}}
{"target": -2.488350962337813, "params": {"max_depth": 14.292635973463131, "n_estimators": 249.1088280663214}, "datetime": {"datetime": "2021-09-21 10:59:10", "elapsed": 719.451863, "delta": 2.623769}}
{"target": -2.477767312791851, "params": {"max_depth": 14.94175128547945, "n_estimators": 136.08437084429073}, "datetime": {"datetime": "2021-09-21 10:59:12", "elapsed": 721.430676, "delta": 1.978813}}
{"target": -2.4253121716752153, "params": {"max_depth": 14.299260050549314, "n_estimators": 66.64291047774708}, "datetime": {"datetime": "2021-09-21 10:59:14", "elapsed": 723.027177, "delta": 1.596501}}
{"target": -2.454396690511, "params": {"max_depth": 17.72486589623413, "n_estimators": 72.59503916708073}, "datetime": {"datetime": "2021-09-21 10:59:16", "elapsed": 725.359404, "delta": 2.332227}}
{"target": -2.4539716914966463, "params": {"max_depth": 17.799692943958068, "n_estimators": 58.56409851564377}, "datetime": {"datetime": "2021-09-21 10:59:19", "elapsed": 727.592129, "delta": 2.232725}}
{"target": -2.44877870093377, "params": {"max_depth": 14.434392806219048, "n_estimators": 97.38193230590488}, "datetime": {"datetime": "2021-09-21 10:59:21", "elapsed": 730.382131, "delta": 2.790002}}
{"target": -2.451327699348353, "params": {"max_depth": 14.384845722941163, "n_estimators": 85.94671008653924}, "datetime": {"datetime": "2021-09-21 10:59:24", "elapsed": 732.795133, "delta": 2.413002}}
{"target": -2.4436526951707624, "params": {"max_depth": 17.368900617555752, "n_estimators": 67.3293872870926}, "datetime": {"datetime": "2021-09-21 10:59:26", "elapsed": 735.326129, "delta": 2.530996}}
{"target": -2.4508434472343468, "params": {"max_depth": 14.219224939742912, "n_estimators": 86.95917979914765}, "datetime": {"datetime": "2021-09-21 10:59:29", "elapsed": 737.889016, "delta": 2.562887}}
{"target": -2.4839472183059037, "params": {"max_depth": 13.378982168619919, "n_estimators": 86.49274634711026}, "datetime": {"datetime": "2021-09-21 10:59:32", "elapsed": 740.534084, "delta": 2.645068}}
{"target": -2.452727531426249, "params": {"max_depth": 14.421714781861098, "n_estimators": 87.7306231055253}, "datetime": {"datetime": "2021-09-21 10:59:34", "elapsed": 743.019302, "delta": 2.485218}}
{"target": -2.445621729506587, "params": {"max_depth": 14.532198538928652, "n_estimators": 99.99829634554243}, "datetime": {"datetime": "2021-09-21 10:59:36", "elapsed": 745.325192, "delta": 2.30589}}
