{"target": 0.5491713186047869, "params": {"max_depth": 1.1085111506410086, "n_estimators": 115.11914986551182}, "datetime": {"datetime": "2021-09-21 16:06:26", "elapsed": 86.965529, "delta": 0.524977}}
{"target": 0.8415154937911202, "params": {"max_depth": 10.582036590779373, "n_estimators": 109.89662000616232}, "datetime": {"datetime": "2021-09-21 16:06:27", "elapsed": 88.217486, "delta": 1.251957}}
{"target": 0.8388374065127516, "params": {"max_depth": 22.651984356914216, "n_estimators": 158.478318206469}, "datetime": {"datetime": "2021-09-21 16:06:29", "elapsed": 89.548597, "delta": 1.331111}}
{"target": 0.8418385649664771, "params": {"max_depth": 29.931069313766955, "n_estimators": 194.840639654916}, "datetime": {"datetime": "2021-09-21 16:06:30", "elapsed": 91.327937, "delta": 1.77934}}
{"target": 0.8387315937292157, "params": {"max_depth": 29.99673446701645, "n_estimators": 155.61513307172478}, "datetime": {"datetime": "2021-09-21 16:06:32", "elapsed": 92.809424, "delta": 1.481487}}
{"target": 0.8400450786592639, "params": {"max_depth": 29.97461063629492, "n_estimators": 148.5187768373235}, "datetime": {"datetime": "2021-09-21 16:06:33", "elapsed": 94.205235, "delta": 1.395811}}
{"target": 0.8386194368591104, "params": {"max_depth": 13.681734324584353, "n_estimators": 144.7347801762649}, "datetime": {"datetime": "2021-09-21 16:06:35", "elapsed": 95.494565, "delta": 1.28933}}
{"target": 0.8389261242725952, "params": {"max_depth": 30.0, "n_estimators": 166.91689076575176}, "datetime": {"datetime": "2021-09-21 16:06:36", "elapsed": 96.930576, "delta": 1.436011}}
{"target": 0.8409901038131294, "params": {"max_depth": 12.496304170523423, "n_estimators": 118.69485152554465}, "datetime": {"datetime": "2021-09-21 16:06:37", "elapsed": 98.105809, "delta": 1.175233}}
{"target": 0.8366449026270516, "params": {"max_depth": 11.597118216738728, "n_estimators": 156.00225906598718}, "datetime": {"datetime": "2021-09-21 16:06:38", "elapsed": 99.440087, "delta": 1.334278}}
{"target": 0.8411835515049698, "params": {"max_depth": 29.960200926745458, "n_estimators": 199.80338615540964}, "datetime": {"datetime": "2021-09-21 16:06:41", "elapsed": 101.945083, "delta": 2.504996}}
{"target": 0.5457957654966024, "params": {"max_depth": 1.1377409971520744, "n_estimators": 161.77557717500412}, "datetime": {"datetime": "2021-09-21 16:06:42", "elapsed": 103.20477, "delta": 1.259687}}
{"target": 0.5466367747540822, "params": {"max_depth": 1.1792852663930617, "n_estimators": 149.13814771774904}, "datetime": {"datetime": "2021-09-21 16:06:43", "elapsed": 103.944575, "delta": 0.739805}}
{"target": 0.8388253965869505, "params": {"max_depth": 21.270533376150865, "n_estimators": 170.0404511221564}, "datetime": {"datetime": "2021-09-21 16:06:45", "elapsed": 105.513351, "delta": 1.568776}}
{"target": 0.8419455816127432, "params": {"max_depth": 10.94730616298855, "n_estimators": 125.79797253883864}, "datetime": {"datetime": "2021-09-21 16:06:46", "elapsed": 106.706972, "delta": 1.193621}}
{"target": 0.8403096192362345, "params": {"max_depth": 16.042407686443724, "n_estimators": 150.35042925040327}, "datetime": {"datetime": "2021-09-21 16:06:47", "elapsed": 108.174824, "delta": 1.467852}}
{"target": 0.8359420200602856, "params": {"max_depth": 8.724774771978348, "n_estimators": 174.3533403568636}, "datetime": {"datetime": "2021-09-21 16:06:49", "elapsed": 109.757231, "delta": 1.582407}}
{"target": 0.826883347416282, "params": {"max_depth": 6.390160343767568, "n_estimators": 139.3558571946781}, "datetime": {"datetime": "2021-09-21 16:06:50", "elapsed": 110.970114, "delta": 1.212883}}
{"target": 0.8384292525651191, "params": {"max_depth": 13.467567548432395, "n_estimators": 165.6081202161577}, "datetime": {"datetime": "2021-09-21 16:06:52", "elapsed": 112.761577, "delta": 1.791463}}
{"target": 0.8424493386700851, "params": {"max_depth": 29.451467533284465, "n_estimators": 128.7879258955436}, "datetime": {"datetime": "2021-09-21 16:06:53", "elapsed": 114.274277, "delta": 1.5127}}
{"target": 0.8407697054624448, "params": {"max_depth": 13.097386111216062, "n_estimators": 198.26504712198943}, "datetime": {"datetime": "2021-09-21 16:06:55", "elapsed": 116.283932, "delta": 2.009655}}
{"target": 0.8390097553623215, "params": {"max_depth": 29.91583166789229, "n_estimators": 175.11520464024716}, "datetime": {"datetime": "2021-09-21 16:06:57", "elapsed": 118.088992, "delta": 1.80506}}
{"target": 0.8409382858464193, "params": {"max_depth": 22.962940020045988, "n_estimators": 141.88129735893241}, "datetime": {"datetime": "2021-09-21 16:06:59", "elapsed": 119.548995, "delta": 1.460003}}
{"target": 0.8390313884317239, "params": {"max_depth": 9.965565292009861, "n_estimators": 104.86758550745543}, "datetime": {"datetime": "2021-09-21 16:07:00", "elapsed": 120.804994, "delta": 1.255999}}
{"target": 0.8433193485623882, "params": {"max_depth": 24.810231430361053, "n_estimators": 114.35508152514416}, "datetime": {"datetime": "2021-09-21 16:07:01", "elapsed": 122.19401, "delta": 1.389016}}
{"target": 0.8418548819718233, "params": {"max_depth": 24.761081859607813, "n_estimators": 133.44260562837647}, "datetime": {"datetime": "2021-09-21 16:07:03", "elapsed": 123.557994, "delta": 1.363984}}
{"target": 0.8436373792802279, "params": {"max_depth": 24.858661507721184, "n_estimators": 104.57427283130349}, "datetime": {"datetime": "2021-09-21 16:07:04", "elapsed": 125.027993, "delta": 1.469999}}
{"target": 0.8411574138326363, "params": {"max_depth": 30.0, "n_estimators": 138.8167968741934}, "datetime": {"datetime": "2021-09-21 16:07:05", "elapsed": 126.443001, "delta": 1.415008}}
{"target": 0.8398715708833142, "params": {"max_depth": 23.243310531887875, "n_estimators": 188.36908359140784}, "datetime": {"datetime": "2021-09-21 16:07:08", "elapsed": 128.610786, "delta": 2.167785}}
{"target": 0.8429237562930084, "params": {"max_depth": 25.123333004405634, "n_estimators": 123.48619376942442}, "datetime": {"datetime": "2021-09-21 16:07:09", "elapsed": 130.063362, "delta": 1.452576}}
{"target": 0.8391330886109212, "params": {"max_depth": 24.33697573662507, "n_estimators": 165.51601590369177}, "datetime": {"datetime": "2021-09-21 16:07:11", "elapsed": 131.65497, "delta": 1.591608}}
{"target": 0.8389727331077776, "params": {"max_depth": 25.431880433629225, "n_estimators": 179.064773827502}, "datetime": {"datetime": "2021-09-21 16:07:12", "elapsed": 133.337032, "delta": 1.682062}}
{"target": 0.8399404991532929, "params": {"max_depth": 21.152014577602106, "n_estimators": 151.48742733458428}, "datetime": {"datetime": "2021-09-21 16:07:14", "elapsed": 134.897137, "delta": 1.560105}}
{"target": 0.843311608374224, "params": {"max_depth": 17.235400801861104, "n_estimators": 127.54423678025093}, "datetime": {"datetime": "2021-09-21 16:07:15", "elapsed": 136.317251, "delta": 1.420114}}
{"target": 0.8398526858108729, "params": {"max_depth": 17.575764427593, "n_estimators": 187.9519632589994}, "datetime": {"datetime": "2021-09-21 16:07:17", "elapsed": 138.26325, "delta": 1.945999}}
{"target": 0.8421856266255437, "params": {"max_depth": 29.944740385823387, "n_estimators": 119.14477052079059}, "datetime": {"datetime": "2021-09-21 16:07:19", "elapsed": 140.141219, "delta": 1.877969}}
{"target": 0.8413904546085962, "params": {"max_depth": 17.031534112184023, "n_estimators": 140.0941637123082}, "datetime": {"datetime": "2021-09-21 16:07:21", "elapsed": 141.722971, "delta": 1.581752}}
{"target": 0.8389729835141848, "params": {"max_depth": 29.96365997212981, "n_estimators": 185.0615621045057}, "datetime": {"datetime": "2021-09-21 16:07:23", "elapsed": 144.163622, "delta": 2.440651}}
{"target": 0.8386002383476798, "params": {"max_depth": 15.204714441016048, "n_estimators": 160.65120581417392}, "datetime": {"datetime": "2021-09-21 16:07:25", "elapsed": 146.289757, "delta": 2.126135}}
{"target": 0.8409891069216595, "params": {"max_depth": 10.0881352624126, "n_estimators": 132.7894214133857}, "datetime": {"datetime": "2021-09-21 16:07:27", "elapsed": 148.052182, "delta": 1.762425}}
{"target": 0.8384313333381452, "params": {"max_depth": 9.079206181450386, "n_estimators": 188.2497510313043}, "datetime": {"datetime": "2021-09-21 16:07:29", "elapsed": 150.181432, "delta": 2.12925}}
{"target": 0.8406682282459388, "params": {"max_depth": 21.92306703248566, "n_estimators": 200.0}, "datetime": {"datetime": "2021-09-21 16:07:32", "elapsed": 152.929779, "delta": 2.748347}}
{"target": 0.8435081936275698, "params": {"max_depth": 27.93314068999597, "n_estimators": 110.07725063173638}, "datetime": {"datetime": "2021-09-21 16:07:34", "elapsed": 154.84227, "delta": 1.912491}}
{"target": 0.8403782860879718, "params": {"max_depth": 24.40310249003416, "n_estimators": 147.08030905469832}, "datetime": {"datetime": "2021-09-21 16:07:36", "elapsed": 156.641709, "delta": 1.799439}}
{"target": 0.8381724586767129, "params": {"max_depth": 9.81777670010652, "n_estimators": 182.21297591574557}, "datetime": {"datetime": "2021-09-21 16:07:38", "elapsed": 158.579497, "delta": 1.937788}}
{"target": 0.8383579142712227, "params": {"max_depth": 9.27359926783618, "n_estimators": 144.05368902317622}, "datetime": {"datetime": "2021-09-21 16:07:40", "elapsed": 160.498941, "delta": 1.919444}}
{"target": 0.8418860914334588, "params": {"max_depth": 24.630830199426875, "n_estimators": 193.6911244850434}, "datetime": {"datetime": "2021-09-21 16:07:42", "elapsed": 163.019289, "delta": 2.520348}}
{"target": 0.8412804649012144, "params": {"max_depth": 10.68087767915806, "n_estimators": 114.30352244342413}, "datetime": {"datetime": "2021-09-21 16:07:44", "elapsed": 164.574565, "delta": 1.555276}}
{"target": 0.8444133547783704, "params": {"max_depth": 17.786420339418104, "n_estimators": 109.86193741604853}, "datetime": {"datetime": "2021-09-21 16:07:45", "elapsed": 166.169635, "delta": 1.59507}}
{"target": 0.8431207422230443, "params": {"max_depth": 19.71437815478359, "n_estimators": 114.66849233239144}, "datetime": {"datetime": "2021-09-21 16:07:47", "elapsed": 167.974254, "delta": 1.804619}}
{"target": 0.8328603885737579, "params": {"max_depth": 7.910640918197353, "n_estimators": 155.52878784727707}, "datetime": {"datetime": "2021-09-21 16:07:49", "elapsed": 169.700456, "delta": 1.726202}}
{"target": 0.8419040453316929, "params": {"max_depth": 19.3685996216338, "n_estimators": 132.42213953363216}, "datetime": {"datetime": "2021-09-21 16:07:51", "elapsed": 171.636802, "delta": 1.936346}}
{"target": 0.836452286921622, "params": {"max_depth": 8.928829440666881, "n_estimators": 168.0824407325139}, "datetime": {"datetime": "2021-09-21 16:07:52", "elapsed": 173.453375, "delta": 1.816573}}
{"target": 0.841457384085514, "params": {"max_depth": 14.357987821417423, "n_estimators": 191.08139740727864}, "datetime": {"datetime": "2021-09-21 16:07:55", "elapsed": 175.742635, "delta": 2.28926}}
{"target": 0.8429674215863198, "params": {"max_depth": 19.93218618489503, "n_estimators": 104.5326139906971}, "datetime": {"datetime": "2021-09-21 16:07:56", "elapsed": 177.312188, "delta": 1.569553}}
{"target": 0.8430547734998122, "params": {"max_depth": 20.423247035806504, "n_estimators": 123.51988776740892}, "datetime": {"datetime": "2021-09-21 16:07:58", "elapsed": 178.967941, "delta": 1.655753}}
{"target": 0.8411574138326363, "params": {"max_depth": 25.99284513627942, "n_estimators": 138.13555977850507}, "datetime": {"datetime": "2021-09-21 16:08:00", "elapsed": 180.84339, "delta": 1.875449}}
{"target": 0.8392573336331414, "params": {"max_depth": 26.014270280567807, "n_estimators": 184.1235008847831}, "datetime": {"datetime": "2021-09-21 16:08:02", "elapsed": 183.182177, "delta": 2.338787}}
{"target": 0.8415256928117717, "params": {"max_depth": 15.465356378206069, "n_estimators": 135.87522369199237}, "datetime": {"datetime": "2021-09-21 16:08:04", "elapsed": 185.216754, "delta": 2.034577}}
{"target": 0.8386839885809829, "params": {"max_depth": 10.235935881951583, "n_estimators": 177.72986417738292}, "datetime": {"datetime": "2021-09-21 16:08:06", "elapsed": 187.242164, "delta": 2.02541}}
{"target": 0.8389969065467152, "params": {"max_depth": 18.365439278711577, "n_estimators": 179.6002867439801}, "datetime": {"datetime": "2021-09-21 16:08:09", "elapsed": 189.724808, "delta": 2.482644}}
{"target": 0.8393166636494503, "params": {"max_depth": 9.530566176835523, "n_estimators": 121.19272012557192}, "datetime": {"datetime": "2021-09-21 16:08:10", "elapsed": 191.455742, "delta": 1.730934}}
{"target": 0.8414197101081068, "params": {"max_depth": 18.983609670464315, "n_estimators": 196.50695863002667}, "datetime": {"datetime": "2021-09-21 16:08:13", "elapsed": 194.061174, "delta": 2.605432}}
{"target": 0.8440960650996931, "params": {"max_depth": 25.826944319692664, "n_estimators": 100.09606944145966}, "datetime": {"datetime": "2021-09-21 16:08:15", "elapsed": 195.554379, "delta": 1.493205}}
{"target": 0.8422188336852645, "params": {"max_depth": 12.937186878091236, "n_estimators": 102.21504760917163}, "datetime": {"datetime": "2021-09-21 16:08:16", "elapsed": 197.148984, "delta": 1.594605}}
{"target": 0.8400435252547507, "params": {"max_depth": 17.01486635370692, "n_estimators": 169.2718092879399}, "datetime": {"datetime": "2021-09-21 16:08:18", "elapsed": 199.397116, "delta": 2.248132}}
{"target": 0.8432445094153158, "params": {"max_depth": 17.68390155003987, "n_estimators": 118.79013138284162}, "datetime": {"datetime": "2021-09-21 16:08:21", "elapsed": 201.790204, "delta": 2.393088}}
{"target": 0.8387774952022704, "params": {"max_depth": 30.0, "n_estimators": 160.07148486332585}, "datetime": {"datetime": "2021-09-21 16:08:23", "elapsed": 204.162412, "delta": 2.372208}}
{"target": 0.838809816970763, "params": {"max_depth": 26.018371434996816, "n_estimators": 156.74088899292008}, "datetime": {"datetime": "2021-09-21 16:08:26", "elapsed": 207.134258, "delta": 2.971846}}
{"target": 0.839496453592424, "params": {"max_depth": 16.651004493061045, "n_estimators": 183.21397319622267}, "datetime": {"datetime": "2021-09-21 16:08:30", "elapsed": 210.602145, "delta": 3.467887}}
{"target": 0.8427179064038786, "params": {"max_depth": 26.46596925900683, "n_estimators": 118.22892225307655}, "datetime": {"datetime": "2021-09-21 16:08:32", "elapsed": 212.835108, "delta": 2.232963}}
{"target": 0.8375979861855666, "params": {"max_depth": 8.942321330356862, "n_estimators": 136.00578716669918}, "datetime": {"datetime": "2021-09-21 16:08:34", "elapsed": 215.025386, "delta": 2.190278}}
{"target": 0.8398789506135973, "params": {"max_depth": 11.780177206610766, "n_estimators": 199.93846000762122}, "datetime": {"datetime": "2021-09-21 16:08:37", "elapsed": 217.984455, "delta": 2.959069}}
{"target": 0.8388253965869505, "params": {"max_depth": 29.93088875592282, "n_estimators": 170.686734256414}, "datetime": {"datetime": "2021-09-21 16:08:39", "elapsed": 220.46876, "delta": 2.484305}}
{"target": 0.8410667022917631, "params": {"max_depth": 13.767832994957537, "n_estimators": 127.45921365302338}, "datetime": {"datetime": "2021-09-21 16:08:42", "elapsed": 222.868189, "delta": 2.399429}}
{"target": 0.8397038395972045, "params": {"max_depth": 17.39461156894764, "n_estimators": 174.94918804883093}, "datetime": {"datetime": "2021-09-21 16:08:45", "elapsed": 226.463191, "delta": 3.595002}}
{"target": 0.8366138085673908, "params": {"max_depth": 7.986102963529685, "n_estimators": 108.2792884103755}, "datetime": {"datetime": "2021-09-21 16:08:47", "elapsed": 227.845623, "delta": 1.382432}}
{"target": 0.8391533762901726, "params": {"max_depth": 12.609566646465968, "n_estimators": 152.20277058762125}, "datetime": {"datetime": "2021-09-21 16:08:49", "elapsed": 229.610466, "delta": 1.764843}}
{"target": 0.8425157809190448, "params": {"max_depth": 26.500505426532698, "n_estimators": 127.53649625949996}, "datetime": {"datetime": "2021-09-21 16:08:50", "elapsed": 231.058584, "delta": 1.448118}}
{"target": 0.8398221663711672, "params": {"max_depth": 21.70832589468273, "n_estimators": 162.23156682490253}, "datetime": {"datetime": "2021-09-21 16:08:52", "elapsed": 233.256676, "delta": 2.198092}}
{"target": 0.842536086070492, "params": {"max_depth": 14.172565203175557, "n_estimators": 108.80492770572722}, "datetime": {"datetime": "2021-09-21 16:08:54", "elapsed": 234.821492, "delta": 1.564816}}
{"target": 0.8422149347986383, "params": {"max_depth": 15.633281256693571, "n_estimators": 194.60371525024644}, "datetime": {"datetime": "2021-09-21 16:08:56", "elapsed": 237.010409, "delta": 2.188917}}
{"target": 0.8435081936275698, "params": {"max_depth": 30.0, "n_estimators": 110.40685313951955}, "datetime": {"datetime": "2021-09-21 16:08:57", "elapsed": 238.453337, "delta": 1.442928}}
{"target": 0.8398790446922708, "params": {"max_depth": 12.693716184705096, "n_estimators": 148.21689246978815}, "datetime": {"datetime": "2021-09-21 16:08:59", "elapsed": 240.2214, "delta": 1.768063}}
{"target": 0.840089007352976, "params": {"max_depth": 9.701408945963726, "n_estimators": 196.95090354176372}, "datetime": {"datetime": "2021-09-21 16:09:01", "elapsed": 242.087787, "delta": 1.866387}}
{"target": 0.8414230758733519, "params": {"max_depth": 12.177909796879982, "n_estimators": 122.90767967106575}, "datetime": {"datetime": "2021-09-21 16:09:03", "elapsed": 243.751063, "delta": 1.663276}}
{"target": 0.8433834471040578, "params": {"max_depth": 19.256356732855938, "n_estimators": 100.0}, "datetime": {"datetime": "2021-09-21 16:09:04", "elapsed": 245.367441, "delta": 1.616378}}
{"target": 0.8390097553623215, "params": {"max_depth": 25.70082543902805, "n_estimators": 175.02669812022452}, "datetime": {"datetime": "2021-09-21 16:09:07", "elapsed": 247.547568, "delta": 2.180127}}
{"target": 0.8435865473933192, "params": {"max_depth": 28.20160049889864, "n_estimators": 102.7688359766293}, "datetime": {"datetime": "2021-09-21 16:09:08", "elapsed": 248.807687, "delta": 1.260119}}
{"target": 0.8403599101155987, "params": {"max_depth": 30.0, "n_estimators": 144.7774742634174}, "datetime": {"datetime": "2021-09-21 16:09:10", "elapsed": 250.573394, "delta": 1.765707}}
{"target": 0.8388415412267487, "params": {"max_depth": 12.155738059946174, "n_estimators": 159.73835686756854}, "datetime": {"datetime": "2021-09-21 16:09:12", "elapsed": 253.190771, "delta": 2.617377}}
{"target": 0.8427297835027004, "params": {"max_depth": 12.492312309939106, "n_estimators": 100.02145364236812}, "datetime": {"datetime": "2021-09-21 16:09:14", "elapsed": 254.596037, "delta": 1.405266}}
{"target": 0.8405524283375733, "params": {"max_depth": 29.942916330619507, "n_estimators": 191.08555019402846}, "datetime": {"datetime": "2021-09-21 16:09:16", "elapsed": 257.366032, "delta": 2.769995}}
{"target": 0.8389049211946632, "params": {"max_depth": 21.77744744308896, "n_estimators": 154.87466818838521}, "datetime": {"datetime": "2021-09-21 16:09:19", "elapsed": 259.996013, "delta": 2.629981}}
{"target": 0.8388046116152813, "params": {"max_depth": 18.923138300021368, "n_estimators": 159.5951477143964}, "datetime": {"datetime": "2021-09-21 16:09:22", "elapsed": 262.541627, "delta": 2.545614}}
{"target": 0.8365710824485748, "params": {"max_depth": 7.98059124382365, "n_estimators": 111.8879161868612}, "datetime": {"datetime": "2021-09-21 16:09:23", "elapsed": 264.145365, "delta": 1.603738}}
{"target": 0.8403105263240088, "params": {"max_depth": 18.685940950215898, "n_estimators": 142.93541501562143}, "datetime": {"datetime": "2021-09-21 16:09:26", "elapsed": 266.5877, "delta": 2.442335}}
{"target": 0.8420912655295403, "params": {"max_depth": 27.342531287806562, "n_estimators": 131.02172877942263}, "datetime": {"datetime": "2021-09-21 16:09:28", "elapsed": 268.968162, "delta": 2.380462}}
{"target": 0.8414865789957042, "params": {"max_depth": 22.896022657286803, "n_estimators": 196.56685521716778}, "datetime": {"datetime": "2021-09-21 16:09:31", "elapsed": 271.904418, "delta": 2.936256}}
{"target": 0.8356267479419386, "params": {"max_depth": 8.174384761014638, "n_estimators": 171.03893060285844}, "datetime": {"datetime": "2021-09-21 16:09:34", "elapsed": 274.51171, "delta": 2.607292}}
{"target": 0.8393303139319606, "params": {"max_depth": 13.559127257915108, "n_estimators": 141.04508874161698}, "datetime": {"datetime": "2021-09-21 16:09:36", "elapsed": 277.154831, "delta": 2.643121}}
{"target": 0.8376734606358791, "params": {"max_depth": 8.135621095678449, "n_estimators": 191.5569402742102}, "datetime": {"datetime": "2021-09-21 16:09:39", "elapsed": 279.841106, "delta": 2.686275}}
{"target": 0.8396328796506168, "params": {"max_depth": 29.952331605121277, "n_estimators": 163.7140013510067}, "datetime": {"datetime": "2021-09-21 16:09:42", "elapsed": 282.546407, "delta": 2.705301}}
{"target": 0.8393527725453572, "params": {"max_depth": 30.0, "n_estimators": 152.0404327977593}, "datetime": {"datetime": "2021-09-21 16:09:44", "elapsed": 285.080365, "delta": 2.533958}}
{"target": 0.842833760085447, "params": {"max_depth": 27.863031474445453, "n_estimators": 121.92777581041531}, "datetime": {"datetime": "2021-09-21 16:09:46", "elapsed": 287.253089, "delta": 2.172724}}
{"target": 0.8411960394361334, "params": {"max_depth": 10.851245442458044, "n_estimators": 129.3812011270193}, "datetime": {"datetime": "2021-09-21 16:09:49", "elapsed": 289.954181, "delta": 2.701092}}
{"target": 0.842986976959242, "params": {"max_depth": 20.755548932282267, "n_estimators": 107.62135905897131}, "datetime": {"datetime": "2021-09-21 16:09:51", "elapsed": 292.231959, "delta": 2.277778}}
{"target": 0.8406892494288891, "params": {"max_depth": 10.086411787448181, "n_estimators": 117.92562997335646}, "datetime": {"datetime": "2021-09-21 16:09:54", "elapsed": 294.541832, "delta": 2.309873}}
{"target": 0.8384265628581966, "params": {"max_depth": 11.38380368880722, "n_estimators": 189.84950871858612}, "datetime": {"datetime": "2021-09-21 16:09:57", "elapsed": 297.902406, "delta": 3.360574}}
