{"target": -11.850495557881542, "params": {"max_depth": 25.031166954379128, "n_estimators": 73.02612470783123}, "datetime": {"datetime": "2021-09-27 16:58:11", "elapsed": 323.074559, "delta": 1.751402}}
{"target": -11.679162915147238, "params": {"max_depth": 14.53659739591085, "n_estimators": 69.55788879135854}, "datetime": {"datetime": "2021-09-27 16:58:13", "elapsed": 324.906044, "delta": 1.831485}}
{"target": -12.949620725982456, "params": {"max_depth": 24.56962145090607, "n_estimators": 8.203214750825923}, "datetime": {"datetime": "2021-09-27 16:58:14", "elapsed": 326.605727, "delta": 1.699683}}
{"target": -11.700067286279925, "params": {"max_depth": 14.1701934325224, "n_estimators": 78.84117013227421}, "datetime": {"datetime": "2021-09-27 16:58:16", "elapsed": 328.258816, "delta": 1.653089}}
{"target": -11.71696902188248, "params": {"max_depth": 14.08203167438121, "n_estimators": 80.42578115359042}, "datetime": {"datetime": "2021-09-27 16:58:18", "elapsed": 330.664055, "delta": 2.405239}}
{"target": -11.92903027959284, "params": {"max_depth": 13.236815953600527, "n_estimators": 79.4000903337311}, "datetime": {"datetime": "2021-09-27 16:58:21", "elapsed": 333.132691, "delta": 2.468636}}
{"target": -11.845752166633384, "params": {"max_depth": 15.073035014880562, "n_estimators": 78.20910606796782}, "datetime": {"datetime": "2021-09-27 16:58:22", "elapsed": 334.860689, "delta": 1.727998}}
{"target": -11.818637787757131, "params": {"max_depth": 24.310781373712576, "n_estimators": 58.56058462429102}, "datetime": {"datetime": "2021-09-27 16:58:24", "elapsed": 336.581471, "delta": 1.720782}}
{"target": -11.736461517377887, "params": {"max_depth": 14.711552714622336, "n_estimators": 81.45214723044381}, "datetime": {"datetime": "2021-09-27 16:58:26", "elapsed": 338.649212, "delta": 2.067741}}
{"target": -11.797795640686104, "params": {"max_depth": 15.381438393677637, "n_estimators": 60.943388910843446}, "datetime": {"datetime": "2021-09-27 16:58:29", "elapsed": 341.13594, "delta": 2.486728}}
{"target": -11.896126787495994, "params": {"max_depth": 25.261465866196037, "n_estimators": 90.61984452253876}, "datetime": {"datetime": "2021-09-27 16:58:31", "elapsed": 343.335248, "delta": 2.199308}}
{"target": -11.999194421489419, "params": {"max_depth": 17.777240116274506, "n_estimators": 28.153727404186263}, "datetime": {"datetime": "2021-09-27 16:58:33", "elapsed": 345.569143, "delta": 2.233895}}
{"target": -11.702937117643158, "params": {"max_depth": 14.716428020256995, "n_estimators": 79.43938799068093}, "datetime": {"datetime": "2021-09-27 16:58:35", "elapsed": 347.54952, "delta": 1.980377}}
{"target": -11.642299361807336, "params": {"max_depth": 14.656966485274674, "n_estimators": 70.42640784426442}, "datetime": {"datetime": "2021-09-27 16:58:37", "elapsed": 349.174304, "delta": 1.624784}}
{"target": -11.887706298993344, "params": {"max_depth": 23.662781346438024, "n_estimators": 82.93018382114876}, "datetime": {"datetime": "2021-09-27 16:58:39", "elapsed": 351.044988, "delta": 1.870684}}
{"target": -12.664234100823696, "params": {"max_depth": 29.92360072145458, "n_estimators": 13.18477339960561}, "datetime": {"datetime": "2021-09-27 16:58:40", "elapsed": 352.811196, "delta": 1.766208}}
{"target": -11.790089498268328, "params": {"max_depth": 24.329495326582148, "n_estimators": 63.890245339296236}, "datetime": {"datetime": "2021-09-27 16:58:42", "elapsed": 354.52909, "delta": 1.717894}}
{"target": -12.09284576152208, "params": {"max_depth": 26.417405169700356, "n_estimators": 17.765568222173187}, "datetime": {"datetime": "2021-09-27 16:58:44", "elapsed": 355.991765, "delta": 1.462675}}
{"target": -11.889680190862636, "params": {"max_depth": 26.70832934074039, "n_estimators": 20.680735768928436}, "datetime": {"datetime": "2021-09-27 16:58:46", "elapsed": 358.165985, "delta": 2.17422}}
{"target": -11.953433363082059, "params": {"max_depth": 26.55160035609478, "n_estimators": 38.475970644169394}, "datetime": {"datetime": "2021-09-27 16:58:48", "elapsed": 360.776907, "delta": 2.610922}}
{"target": -11.740588510201277, "params": {"max_depth": 18.11420772724558, "n_estimators": 46.66159443255169}, "datetime": {"datetime": "2021-09-27 16:58:51", "elapsed": 363.053155, "delta": 2.276248}}
{"target": -11.925507568723026, "params": {"max_depth": 16.756571893723326, "n_estimators": 59.4202732369021}, "datetime": {"datetime": "2021-09-27 16:58:53", "elapsed": 365.071033, "delta": 2.017878}}
{"target": -11.829298761870962, "params": {"max_depth": 19.441406001643895, "n_estimators": 58.50774351371412}, "datetime": {"datetime": "2021-09-27 16:58:55", "elapsed": 367.526642, "delta": 2.455609}}
{"target": -11.815916724816715, "params": {"max_depth": 22.28511502772812, "n_estimators": 59.386829629167295}, "datetime": {"datetime": "2021-09-27 16:58:57", "elapsed": 369.600802, "delta": 2.07416}}
{"target": -11.862035712102061, "params": {"max_depth": 13.283780139774244, "n_estimators": 68.02803864396621}, "datetime": {"datetime": "2021-09-27 16:58:59", "elapsed": 371.495949, "delta": 1.895147}}
{"target": -11.963596686005076, "params": {"max_depth": 10.378360556552144, "n_estimators": 69.24939255061531}, "datetime": {"datetime": "2021-09-27 16:59:02", "elapsed": 374.202207, "delta": 2.706258}}
{"target": -11.956853832716945, "params": {"max_depth": 24.6931077727844, "n_estimators": 41.07749820140605}, "datetime": {"datetime": "2021-09-27 16:59:04", "elapsed": 376.38757, "delta": 2.185363}}
{"target": -11.797257244432066, "params": {"max_depth": 22.223468388022955, "n_estimators": 56.246438613316855}, "datetime": {"datetime": "2021-09-27 16:59:07", "elapsed": 379.234127, "delta": 2.846557}}
{"target": -12.052985353983674, "params": {"max_depth": 12.03992080643059, "n_estimators": 47.75446766064598}, "datetime": {"datetime": "2021-09-27 16:59:09", "elapsed": 380.942203, "delta": 1.708076}}
{"target": -11.802501713894742, "params": {"max_depth": 22.363598585716456, "n_estimators": 46.672696245916846}, "datetime": {"datetime": "2021-09-27 16:59:10", "elapsed": 382.786522, "delta": 1.844319}}
{"target": -11.863349210466124, "params": {"max_depth": 22.09708742127786, "n_estimators": 98.72900627354565}, "datetime": {"datetime": "2021-09-27 16:59:12", "elapsed": 384.796492, "delta": 2.00997}}
{"target": -11.885436752085466, "params": {"max_depth": 21.713038344206318, "n_estimators": 92.49048670150663}, "datetime": {"datetime": "2021-09-27 16:59:15", "elapsed": 387.114166, "delta": 2.317674}}
{"target": -11.915111706624524, "params": {"max_depth": 30.0, "n_estimators": 50.563243371184555}, "datetime": {"datetime": "2021-09-27 16:59:17", "elapsed": 389.317245, "delta": 2.203079}}
{"target": -11.845899264594458, "params": {"max_depth": 28.20609529796438, "n_estimators": 93.33351973019947}, "datetime": {"datetime": "2021-09-27 16:59:19", "elapsed": 391.472693, "delta": 2.155448}}
{"target": -12.076408313076662, "params": {"max_depth": 21.034339584242502, "n_estimators": 18.77576964422319}, "datetime": {"datetime": "2021-09-27 16:59:21", "elapsed": 393.112925, "delta": 1.640232}}
{"target": -12.134028608099161, "params": {"max_depth": 12.71499742508696, "n_estimators": 53.530852682673654}, "datetime": {"datetime": "2021-09-27 16:59:23", "elapsed": 395.509181, "delta": 2.396256}}
{"target": -11.982386658265238, "params": {"max_depth": 16.019647221482227, "n_estimators": 51.37136456301758}, "datetime": {"datetime": "2021-09-27 16:59:26", "elapsed": 398.27131, "delta": 2.762129}}
{"target": -11.893762406833693, "params": {"max_depth": 16.51872358903737, "n_estimators": 55.54946079911315}, "datetime": {"datetime": "2021-09-27 16:59:28", "elapsed": 400.021223, "delta": 1.749913}}
{"target": -11.899010044652558, "params": {"max_depth": 19.963976819926017, "n_estimators": 51.346773025856166}, "datetime": {"datetime": "2021-09-27 16:59:29", "elapsed": 401.863827, "delta": 1.842604}}
{"target": -11.91420426116545, "params": {"max_depth": 26.05984254853164, "n_estimators": 84.31784925432596}, "datetime": {"datetime": "2021-09-27 16:59:32", "elapsed": 404.096828, "delta": 2.233001}}
{"target": -11.754293180233564, "params": {"max_depth": 22.74884253306493, "n_estimators": 65.872930135198}, "datetime": {"datetime": "2021-09-27 16:59:34", "elapsed": 406.015126, "delta": 1.918298}}
{"target": -11.743475477122537, "params": {"max_depth": 21.039356725951297, "n_estimators": 67.05520084692532}, "datetime": {"datetime": "2021-09-27 16:59:36", "elapsed": 408.143136, "delta": 2.12801}}
{"target": -11.806441268173947, "params": {"max_depth": 15.103319832363685, "n_estimators": 98.09460737897977}, "datetime": {"datetime": "2021-09-27 16:59:38", "elapsed": 410.291871, "delta": 2.148735}}
{"target": -11.882557105263842, "params": {"max_depth": 13.886928551145282, "n_estimators": 98.793428739715}, "datetime": {"datetime": "2021-09-27 16:59:41", "elapsed": 413.413494, "delta": 3.121623}}
{"target": -11.874476623563165, "params": {"max_depth": 25.672420342597775, "n_estimators": 48.380569037322616}, "datetime": {"datetime": "2021-09-27 16:59:43", "elapsed": 415.055982, "delta": 1.642488}}
{"target": -11.815389252627053, "params": {"max_depth": 19.579431719240702, "n_estimators": 62.12793232780734}, "datetime": {"datetime": "2021-09-27 16:59:45", "elapsed": 417.501781, "delta": 2.445799}}
{"target": -12.169195943240185, "params": {"max_depth": 13.66256434810899, "n_estimators": 42.43149420926331}, "datetime": {"datetime": "2021-09-27 16:59:48", "elapsed": 419.937132, "delta": 2.435351}}
{"target": -12.093494099623822, "params": {"max_depth": 15.820391269197602, "n_estimators": 18.269337943411152}, "datetime": {"datetime": "2021-09-27 16:59:49", "elapsed": 421.520971, "delta": 1.583839}}
{"target": -11.79505542764691, "params": {"max_depth": 21.574652667466232, "n_estimators": 63.125291854068855}, "datetime": {"datetime": "2021-09-27 16:59:51", "elapsed": 423.329258, "delta": 1.808287}}
{"target": -12.076408313076662, "params": {"max_depth": 28.91279118945925, "n_estimators": 18.682639120822415}, "datetime": {"datetime": "2021-09-27 16:59:53", "elapsed": 425.407309, "delta": 2.078051}}
{"target": -11.871726364551654, "params": {"max_depth": 24.743862827827098, "n_estimators": 78.76814441975758}, "datetime": {"datetime": "2021-09-27 16:59:55", "elapsed": 427.260941, "delta": 1.853632}}
{"target": -11.79070195628249, "params": {"max_depth": 25.347928129206984, "n_estimators": 69.83235721846654}, "datetime": {"datetime": "2021-09-27 16:59:57", "elapsed": 429.530841, "delta": 2.2699}}
{"target": -11.817346468947088, "params": {"max_depth": 17.831359782165134, "n_estimators": 96.09150642365789}, "datetime": {"datetime": "2021-09-27 16:59:59", "elapsed": 431.74378, "delta": 2.212939}}
{"target": -11.767911043026672, "params": {"max_depth": 17.66326636826461, "n_estimators": 69.79353883588215}, "datetime": {"datetime": "2021-09-27 17:00:02", "elapsed": 433.88316, "delta": 2.13938}}
{"target": -11.65507390721856, "params": {"max_depth": 14.299722858307033, "n_estimators": 68.11387358610463}, "datetime": {"datetime": "2021-09-27 17:00:04", "elapsed": 436.094985, "delta": 2.211825}}
{"target": -12.038794451585925, "params": {"max_depth": 23.707790249250838, "n_estimators": 22.349147806742728}, "datetime": {"datetime": "2021-09-27 17:00:05", "elapsed": 437.630456, "delta": 1.535471}}
{"target": -11.637421740069431, "params": {"max_depth": 14.31895641188018, "n_estimators": 66.79777813794782}, "datetime": {"datetime": "2021-09-27 17:00:07", "elapsed": 439.418072, "delta": 1.787616}}
{"target": -11.837642058239975, "params": {"max_depth": 25.57987612972808, "n_estimators": 45.89095291501424}, "datetime": {"datetime": "2021-09-27 17:00:09", "elapsed": 441.242039, "delta": 1.823967}}
{"target": -11.766951852833593, "params": {"max_depth": 14.475876715615797, "n_estimators": 62.84732130191904}, "datetime": {"datetime": "2021-09-27 17:00:11", "elapsed": 443.397805, "delta": 2.155766}}
{"target": -11.699974032184173, "params": {"max_depth": 14.231065879375805, "n_estimators": 97.29173400716564}, "datetime": {"datetime": "2021-09-27 17:00:14", "elapsed": 446.344301, "delta": 2.946496}}
{"target": -11.94079584201417, "params": {"max_depth": 22.159251198522778, "n_estimators": 40.618283075293455}, "datetime": {"datetime": "2021-09-27 17:00:16", "elapsed": 448.163213, "delta": 1.818912}}
{"target": -11.728873326269767, "params": {"max_depth": 17.85541839739195, "n_estimators": 65.89663829068957}, "datetime": {"datetime": "2021-09-27 17:00:18", "elapsed": 449.998334, "delta": 1.835121}}
{"target": -11.705516822044714, "params": {"max_depth": 18.45619929036821, "n_estimators": 67.47798958889514}, "datetime": {"datetime": "2021-09-27 17:00:20", "elapsed": 452.375146, "delta": 2.376812}}
{"target": -11.862827863177223, "params": {"max_depth": 14.09369811913808, "n_estimators": 49.186116264437786}, "datetime": {"datetime": "2021-09-27 17:00:23", "elapsed": 455.026111, "delta": 2.650965}}
{"target": -11.796311374485201, "params": {"max_depth": 29.998998282673124, "n_estimators": 60.94918178437691}, "datetime": {"datetime": "2021-09-27 17:00:25", "elapsed": 457.254021, "delta": 2.22791}}
{"target": -11.763203232763276, "params": {"max_depth": 24.80631653337246, "n_estimators": 68.32973252996908}, "datetime": {"datetime": "2021-09-27 17:00:27", "elapsed": 459.72071, "delta": 2.466689}}
{"target": -11.652099580101408, "params": {"max_depth": 14.789266305482965, "n_estimators": 71.8024720919045}, "datetime": {"datetime": "2021-09-27 17:00:29", "elapsed": 461.756182, "delta": 2.035472}}
{"target": -11.86425986539904, "params": {"max_depth": 25.32056026543084, "n_estimators": 97.52527522462445}, "datetime": {"datetime": "2021-09-27 17:00:32", "elapsed": 464.211288, "delta": 2.455106}}
{"target": -11.915845550576183, "params": {"max_depth": 10.924123145829164, "n_estimators": 99.97981718846643}, "datetime": {"datetime": "2021-09-27 17:00:35", "elapsed": 467.336046, "delta": 3.124758}}
{"target": -11.646395368388669, "params": {"max_depth": 14.286269926549922, "n_estimators": 72.95935477915121}, "datetime": {"datetime": "2021-09-27 17:00:37", "elapsed": 469.715576, "delta": 2.37953}}
{"target": -11.815729041366447, "params": {"max_depth": 19.764378693564964, "n_estimators": 55.42820753699852}, "datetime": {"datetime": "2021-09-27 17:00:40", "elapsed": 472.034, "delta": 2.318424}}
{"target": -11.758441495780984, "params": {"max_depth": 23.966650312514428, "n_estimators": 61.31488759648275}, "datetime": {"datetime": "2021-09-27 17:00:42", "elapsed": 474.391898, "delta": 2.357898}}
{"target": -11.681186839219874, "params": {"max_depth": 14.548203500089652, "n_estimators": 65.87127860715887}, "datetime": {"datetime": "2021-09-27 17:00:44", "elapsed": 476.247849, "delta": 1.855951}}
{"target": -11.761863720854281, "params": {"max_depth": 22.97105612808841, "n_estimators": 68.36146627734306}, "datetime": {"datetime": "2021-09-27 17:00:46", "elapsed": 478.295658, "delta": 2.047809}}
{"target": -12.245626320681971, "params": {"max_depth": 8.0, "n_estimators": 47.88604367018897}, "datetime": {"datetime": "2021-09-27 17:00:48", "elapsed": 480.092114, "delta": 1.796456}}
{"target": -11.78190012208075, "params": {"max_depth": 15.762443402150017, "n_estimators": 99.14470236155286}, "datetime": {"datetime": "2021-09-27 17:00:50", "elapsed": 482.202101, "delta": 2.109987}}
{"target": -11.886076947202746, "params": {"max_depth": 19.112236911320164, "n_estimators": 31.479058147518693}, "datetime": {"datetime": "2021-09-27 17:00:52", "elapsed": 484.111221, "delta": 1.90912}}
{"target": -11.701939617583834, "params": {"max_depth": 14.22355146713895, "n_estimators": 95.10631729368761}, "datetime": {"datetime": "2021-09-27 17:00:54", "elapsed": 486.173339, "delta": 2.062118}}
{"target": -11.705224631204155, "params": {"max_depth": 14.755832895704344, "n_estimators": 96.05220289849025}, "datetime": {"datetime": "2021-09-27 17:00:56", "elapsed": 488.549218, "delta": 2.375879}}
{"target": -11.817438347024382, "params": {"max_depth": 18.794284967287727, "n_estimators": 99.97300595044659}, "datetime": {"datetime": "2021-09-27 17:00:59", "elapsed": 491.606975, "delta": 3.057757}}
{"target": -11.786495586570553, "params": {"max_depth": 27.00457409886405, "n_estimators": 70.05108083723411}, "datetime": {"datetime": "2021-09-27 17:01:01", "elapsed": 493.83421, "delta": 2.227235}}
{"target": -11.801640026365497, "params": {"max_depth": 26.723432904386385, "n_estimators": 56.99526324322015}, "datetime": {"datetime": "2021-09-27 17:01:03", "elapsed": 495.857675, "delta": 2.023465}}
{"target": -11.802540567508546, "params": {"max_depth": 26.965798434931926, "n_estimators": 54.57458503078791}, "datetime": {"datetime": "2021-09-27 17:01:09", "elapsed": 501.215541, "delta": 5.357866}}
{"target": -11.646395368388669, "params": {"max_depth": 14.406361067766127, "n_estimators": 72.29185948015925}, "datetime": {"datetime": "2021-09-27 17:01:12", "elapsed": 504.497582, "delta": 3.282041}}
{"target": -11.838491213230807, "params": {"max_depth": 28.33757643768873, "n_estimators": 47.804327065145266}, "datetime": {"datetime": "2021-09-27 17:01:15", "elapsed": 507.007277, "delta": 2.509695}}
{"target": -11.833929848305177, "params": {"max_depth": 15.072436265389282, "n_estimators": 95.22453877610876}, "datetime": {"datetime": "2021-09-27 17:01:17", "elapsed": 509.110714, "delta": 2.103437}}
{"target": -11.882107692147466, "params": {"max_depth": 18.41069729088723, "n_estimators": 94.16878190400706}, "datetime": {"datetime": "2021-09-27 17:01:20", "elapsed": 512.141149, "delta": 3.030435}}
{"target": -12.204791403527246, "params": {"max_depth": 13.952344685990111, "n_estimators": 37.27023242280421}, "datetime": {"datetime": "2021-09-27 17:01:22", "elapsed": 514.086298, "delta": 1.945149}}
{"target": -12.041994542961165, "params": {"max_depth": 16.51624586486872, "n_estimators": 39.912401892803096}, "datetime": {"datetime": "2021-09-27 17:01:24", "elapsed": 516.377586, "delta": 2.291288}}
{"target": -12.022297563784097, "params": {"max_depth": 16.63599769550298, "n_estimators": 36.91705227006145}, "datetime": {"datetime": "2021-09-27 17:01:27", "elapsed": 519.471474, "delta": 3.093888}}
{"target": -11.952508991738116, "params": {"max_depth": 19.499693985065203, "n_estimators": 36.980507081857624}, "datetime": {"datetime": "2021-09-27 17:01:29", "elapsed": 521.452708, "delta": 1.981234}}
{"target": -11.950178383224959, "params": {"max_depth": 19.41529857477258, "n_estimators": 40.98140883448066}, "datetime": {"datetime": "2021-09-27 17:01:31", "elapsed": 523.832307, "delta": 2.379599}}
{"target": -11.705224631204155, "params": {"max_depth": 14.099687800638463, "n_estimators": 96.08871051833886}, "datetime": {"datetime": "2021-09-27 17:01:34", "elapsed": 526.454975, "delta": 2.622668}}
{"target": -11.723124963426905, "params": {"max_depth": 29.23738683386393, "n_estimators": 66.73985678131123}, "datetime": {"datetime": "2021-09-27 17:01:36", "elapsed": 528.764203, "delta": 2.309228}}
{"target": -11.96855351650696, "params": {"max_depth": 16.06509479130341, "n_estimators": 42.27134184905241}, "datetime": {"datetime": "2021-09-27 17:01:39", "elapsed": 530.890998, "delta": 2.126795}}
{"target": -11.757307824886059, "params": {"max_depth": 18.322605181718856, "n_estimators": 57.58562924924596}, "datetime": {"datetime": "2021-09-27 17:01:41", "elapsed": 533.658497, "delta": 2.767499}}
{"target": -11.79513591449711, "params": {"max_depth": 22.563786263579914, "n_estimators": 60.96665988661983}, "datetime": {"datetime": "2021-09-27 17:01:45", "elapsed": 536.960225, "delta": 3.301728}}
{"target": -11.833658950326061, "params": {"max_depth": 25.97693621058539, "n_estimators": 30.061057174716893}, "datetime": {"datetime": "2021-09-27 17:01:47", "elapsed": 539.307981, "delta": 2.347756}}
{"target": -11.871726364551654, "params": {"max_depth": 29.984823681435234, "n_estimators": 78.90422518559859}, "datetime": {"datetime": "2021-09-27 17:01:50", "elapsed": 542.030521, "delta": 2.72254}}
{"target": -11.892311677816334, "params": {"max_depth": 21.30643784174733, "n_estimators": 28.628734583305526}, "datetime": {"datetime": "2021-09-27 17:01:53", "elapsed": 545.40484, "delta": 3.374319}}
{"target": -11.850495557881542, "params": {"max_depth": 28.72470070933185, "n_estimators": 73.49002264152833}, "datetime": {"datetime": "2021-09-27 17:01:55", "elapsed": 547.649098, "delta": 2.244258}}
{"target": -11.70239020532688, "params": {"max_depth": 20.441235262622392, "n_estimators": 66.00262348174647}, "datetime": {"datetime": "2021-09-27 17:01:58", "elapsed": 550.26436, "delta": 2.615262}}
{"target": -11.737185230152699, "params": {"max_depth": 20.55335415296313, "n_estimators": 64.39920321313289}, "datetime": {"datetime": "2021-09-27 17:02:01", "elapsed": 553.003654, "delta": 2.739294}}
{"target": -11.790089498268328, "params": {"max_depth": 27.8638415998425, "n_estimators": 63.09401127046933}, "datetime": {"datetime": "2021-09-27 17:02:03", "elapsed": 555.535111, "delta": 2.531457}}
{"target": -11.887258290350475, "params": {"max_depth": 27.278912861182693, "n_estimators": 27.511859177595113}, "datetime": {"datetime": "2021-09-27 17:02:05", "elapsed": 557.406143, "delta": 1.871032}}
{"target": -11.775269401505694, "params": {"max_depth": 24.599085926046413, "n_estimators": 26.584818268753555}, "datetime": {"datetime": "2021-09-27 17:02:08", "elapsed": 560.512695, "delta": 3.106552}}
{"target": -11.852166433157615, "params": {"max_depth": 26.5992138217174, "n_estimators": 25.914207451375436}, "datetime": {"datetime": "2021-09-27 17:02:10", "elapsed": 562.421016, "delta": 1.908321}}
{"target": -11.734901782821968, "params": {"max_depth": 14.562565291993685, "n_estimators": 87.91082644084766}, "datetime": {"datetime": "2021-09-27 17:02:12", "elapsed": 564.610254, "delta": 2.189238}}
