{"target": 0.8328132652770306, "params": {"max_depth": 24.464275033804253, "n_estimators": 78.98659125903923}, "datetime": {"datetime": "2021-09-21 13:19:15", "elapsed": 62.849264, "delta": 0.793043}}
{"target": 0.8380650901727128, "params": {"max_depth": 21.057574635955554, "n_estimators": 65.76733582442141}, "datetime": {"datetime": "2021-09-21 13:19:16", "elapsed": 63.553892, "delta": 0.704628}}
{"target": 0.8384383158078919, "params": {"max_depth": 24.31767715780673, "n_estimators": 27.407612912562463}, "datetime": {"datetime": "2021-09-21 13:19:16", "elapsed": 64.075846, "delta": 0.521954}}
{"target": 0.8308173693325687, "params": {"max_depth": 25.63629516669959, "n_estimators": 43.55391404884132}, "datetime": {"datetime": "2021-09-21 13:19:17", "elapsed": 64.643851, "delta": 0.568005}}
{"target": 0.8337762178309941, "params": {"max_depth": 17.189088289780965, "n_estimators": 85.28343153679312}, "datetime": {"datetime": "2021-09-21 13:19:18", "elapsed": 65.395909, "delta": 0.752058}}
{"target": 0.8322127742918584, "params": {"max_depth": 29.982030530268656, "n_estimators": 79.99870715098082}, "datetime": {"datetime": "2021-09-21 13:19:19", "elapsed": 66.241907, "delta": 0.845998}}
{"target": 0.8332912552243962, "params": {"max_depth": 20.57151274084568, "n_estimators": 48.711729619296975}, "datetime": {"datetime": "2021-09-21 13:19:19", "elapsed": 66.843994, "delta": 0.602087}}
{"target": 0.8395922120831986, "params": {"max_depth": 27.951570503548226, "n_estimators": 24.487411716644676}, "datetime": {"datetime": "2021-09-21 13:19:20", "elapsed": 67.420964, "delta": 0.57697}}
{"target": 0.8367700743162362, "params": {"max_depth": 20.922123503902068, "n_estimators": 58.03561662757727}, "datetime": {"datetime": "2021-09-21 13:19:21", "elapsed": 68.136005, "delta": 0.715041}}
{"target": 0.8412194420885759, "params": {"max_depth": 20.593619987483823, "n_estimators": 25.098275251009593}, "datetime": {"datetime": "2021-09-21 13:19:21", "elapsed": 68.713967, "delta": 0.577962}}
{"target": 0.8302612980500553, "params": {"max_depth": 13.528691153239025, "n_estimators": 45.52074884215133}, "datetime": {"datetime": "2021-09-21 13:19:22", "elapsed": 69.412509, "delta": 0.698542}}
{"target": 0.8353932273502555, "params": {"max_depth": 27.24600873461828, "n_estimators": 99.8680507353821}, "datetime": {"datetime": "2021-09-21 13:19:23", "elapsed": 70.323545, "delta": 0.911036}}
{"target": 0.8072440281202071, "params": {"max_depth": 26.79516574845109, "n_estimators": 8.819461668039809}, "datetime": {"datetime": "2021-09-21 13:19:23", "elapsed": 70.710542, "delta": 0.386997}}
{"target": 0.834065909885764, "params": {"max_depth": 10.497716210333145, "n_estimators": 85.01598586606177}, "datetime": {"datetime": "2021-09-21 13:19:24", "elapsed": 71.546568, "delta": 0.836026}}
{"target": 0.8309815724963303, "params": {"max_depth": 26.87838539574483, "n_estimators": 92.2376801186837}, "datetime": {"datetime": "2021-09-21 13:19:25", "elapsed": 72.392566, "delta": 0.845998}}
{"target": 0.8384649849840575, "params": {"max_depth": 15.013931749861815, "n_estimators": 54.008133794179166}, "datetime": {"datetime": "2021-09-21 13:19:25", "elapsed": 73.05853, "delta": 0.665964}}
{"target": 0.8327257289000861, "params": {"max_depth": 14.092963696858924, "n_estimators": 36.89844680033822}, "datetime": {"datetime": "2021-09-21 13:19:26", "elapsed": 73.668622, "delta": 0.610092}}
{"target": 0.8359607458194057, "params": {"max_depth": 27.536951009992553, "n_estimators": 55.476200811001775}, "datetime": {"datetime": "2021-09-21 13:19:27", "elapsed": 74.353631, "delta": 0.685009}}
{"target": 0.8345853031310012, "params": {"max_depth": 29.901945631967077, "n_estimators": 29.759765217423684}, "datetime": {"datetime": "2021-09-21 13:19:27", "elapsed": 74.877589, "delta": 0.523958}}
{"target": 0.8325153996563801, "params": {"max_depth": 20.777772515840066, "n_estimators": 90.80967435485965}, "datetime": {"datetime": "2021-09-21 13:19:28", "elapsed": 75.846167, "delta": 0.968578}}
{"target": 0.8357582348404788, "params": {"max_depth": 12.192139909393967, "n_estimators": 61.22300477953378}, "datetime": {"datetime": "2021-09-21 13:19:29", "elapsed": 76.539174, "delta": 0.693007}}
{"target": 0.836492033287684, "params": {"max_depth": 12.764853825614964, "n_estimators": 65.47134579288117}, "datetime": {"datetime": "2021-09-21 13:19:30", "elapsed": 77.309207, "delta": 0.770033}}
{"target": 0.8314933551015335, "params": {"max_depth": 12.878556865480062, "n_estimators": 50.402336614769496}, "datetime": {"datetime": "2021-09-21 13:19:30", "elapsed": 78.007208, "delta": 0.698001}}
{"target": 0.8415337047276287, "params": {"max_depth": 23.067097360588228, "n_estimators": 20.6606116295579}, "datetime": {"datetime": "2021-09-21 13:19:31", "elapsed": 78.562203, "delta": 0.554995}}
{"target": 0.8357320656367926, "params": {"max_depth": 21.03765235518542, "n_estimators": 99.97965660179325}, "datetime": {"datetime": "2021-09-21 13:19:32", "elapsed": 79.458661, "delta": 0.896458}}
{"target": 0.8348466837075667, "params": {"max_depth": 22.929264926342217, "n_estimators": 72.15427427374999}, "datetime": {"datetime": "2021-09-21 13:19:33", "elapsed": 80.266076, "delta": 0.807415}}
{"target": 0.8327403227107188, "params": {"max_depth": 22.793069404731828, "n_estimators": 31.544492999977937}, "datetime": {"datetime": "2021-09-21 13:19:33", "elapsed": 80.919633, "delta": 0.653557}}
{"target": 0.8383291164198914, "params": {"max_depth": 27.485789347335214, "n_estimators": 66.60957009708012}, "datetime": {"datetime": "2021-09-21 13:19:34", "elapsed": 81.697418, "delta": 0.777785}}
{"target": 0.8327624934443552, "params": {"max_depth": 27.27778481654127, "n_estimators": 82.41873495480534}, "datetime": {"datetime": "2021-09-21 13:19:35", "elapsed": 82.539636, "delta": 0.842218}}
{"target": 0.8401889232406063, "params": {"max_depth": 26.953160686782784, "n_estimators": 21.027574781823184}, "datetime": {"datetime": "2021-09-21 13:19:35", "elapsed": 83.102188, "delta": 0.562552}}
{"target": 0.8365422385553465, "params": {"max_depth": 14.484952106998227, "n_estimators": 79.14454220253322}, "datetime": {"datetime": "2021-09-21 13:19:36", "elapsed": 84.046969, "delta": 0.944781}}
{"target": 0.8348096850094197, "params": {"max_depth": 25.694190628286652, "n_estimators": 75.23717054495674}, "datetime": {"datetime": "2021-09-21 13:19:37", "elapsed": 84.863139, "delta": 0.81617}}
{"target": 0.8313692009626554, "params": {"max_depth": 12.145949595895106, "n_estimators": 96.49266127264941}, "datetime": {"datetime": "2021-09-21 13:19:38", "elapsed": 85.791638, "delta": 0.928499}}
{"target": 0.8346697767555895, "params": {"max_depth": 17.833642530116837, "n_estimators": 23.60529849303905}, "datetime": {"datetime": "2021-09-21 13:19:39", "elapsed": 86.401161, "delta": 0.609523}}
{"target": 0.8327927768541363, "params": {"max_depth": 16.771226991861397, "n_estimators": 28.8214580556672}, "datetime": {"datetime": "2021-09-21 13:19:39", "elapsed": 86.989254, "delta": 0.588093}}
{"target": 0.8394329211700038, "params": {"max_depth": 30.0, "n_estimators": 23.91535016957103}, "datetime": {"datetime": "2021-09-21 13:19:40", "elapsed": 87.611214, "delta": 0.62196}}
{"target": 0.8438137016274821, "params": {"max_depth": 18.836653004399565, "n_estimators": 19.395360138546923}, "datetime": {"datetime": "2021-09-21 13:19:41", "elapsed": 88.245254, "delta": 0.63404}}
{"target": 0.8329861753366096, "params": {"max_depth": 27.075420559267567, "n_estimators": 47.6109128942054}, "datetime": {"datetime": "2021-09-21 13:19:41", "elapsed": 89.001244, "delta": 0.75599}}
{"target": 0.8376311457094379, "params": {"max_depth": 29.992787305314934, "n_estimators": 56.082730159200736}, "datetime": {"datetime": "2021-09-21 13:19:42", "elapsed": 90.022463, "delta": 1.021219}}
{"target": 0.8375650139094473, "params": {"max_depth": 22.68531047639479, "n_estimators": 61.32342492522622}, "datetime": {"datetime": "2021-09-21 13:19:43", "elapsed": 90.939798, "delta": 0.917335}}
{"target": 0.8361339327075169, "params": {"max_depth": 15.660861284172423, "n_estimators": 99.88765704999706}, "datetime": {"datetime": "2021-09-21 13:19:45", "elapsed": 92.250301, "delta": 1.310503}}
{"target": 0.8434172421662551, "params": {"max_depth": 21.20083164458937, "n_estimators": 19.112945219571746}, "datetime": {"datetime": "2021-09-21 13:19:45", "elapsed": 92.8193, "delta": 0.568999}}
{"target": 0.8320698408552786, "params": {"max_depth": 29.985660389651258, "n_estimators": 86.6092828787136}, "datetime": {"datetime": "2021-09-21 13:19:46", "elapsed": 93.854363, "delta": 1.035063}}
{"target": 0.8411492951607292, "params": {"max_depth": 14.73959975370829, "n_estimators": 67.1084652136782}, "datetime": {"datetime": "2021-09-21 13:19:47", "elapsed": 94.846555, "delta": 0.992192}}
{"target": 0.8336633954116123, "params": {"max_depth": 20.030409675156783, "n_estimators": 77.95115962468005}, "datetime": {"datetime": "2021-09-21 13:19:48", "elapsed": 95.786925, "delta": 0.94037}}
{"target": 0.8384383158078919, "params": {"max_depth": 27.45204880162248, "n_estimators": 27.547458722002403}, "datetime": {"datetime": "2021-09-21 13:19:49", "elapsed": 96.562931, "delta": 0.776006}}
{"target": 0.8361254159682289, "params": {"max_depth": 18.026368172298874, "n_estimators": 52.92212114494391}, "datetime": {"datetime": "2021-09-21 13:19:50", "elapsed": 97.404467, "delta": 0.841536}}
{"target": 0.8313144939623642, "params": {"max_depth": 12.832901272774453, "n_estimators": 83.63114189784703}, "datetime": {"datetime": "2021-09-21 13:19:51", "elapsed": 98.367729, "delta": 0.963262}}
{"target": 0.8294603291187107, "params": {"max_depth": 16.729723543960738, "n_estimators": 88.48311929533722}, "datetime": {"datetime": "2021-09-21 13:19:52", "elapsed": 99.466353, "delta": 1.098624}}
{"target": 0.8330671762363436, "params": {"max_depth": 19.553181182664297, "n_estimators": 73.67798783609423}, "datetime": {"datetime": "2021-09-21 13:19:53", "elapsed": 100.450752, "delta": 0.984399}}
{"target": 0.8360761206823842, "params": {"max_depth": 30.0, "n_estimators": 70.93255455643481}, "datetime": {"datetime": "2021-09-21 13:19:54", "elapsed": 101.299528, "delta": 0.848776}}
{"target": 0.8328964376748227, "params": {"max_depth": 21.41149925052533, "n_estimators": 37.4635153132773}, "datetime": {"datetime": "2021-09-21 13:19:54", "elapsed": 102.050365, "delta": 0.750837}}
{"target": 0.8395922120831986, "params": {"max_depth": 22.670788899436726, "n_estimators": 24.242778000990988}, "datetime": {"datetime": "2021-09-21 13:19:55", "elapsed": 102.794361, "delta": 0.743996}}
{"target": 0.8322606169137885, "params": {"max_depth": 23.764470985033473, "n_estimators": 86.04970404772016}, "datetime": {"datetime": "2021-09-21 13:19:56", "elapsed": 103.861236, "delta": 1.066875}}
{"target": 0.8343242433259125, "params": {"max_depth": 13.58484960390847, "n_estimators": 91.66370501512222}, "datetime": {"datetime": "2021-09-21 13:19:57", "elapsed": 104.954173, "delta": 1.092937}}
{"target": 0.8342623367366393, "params": {"max_depth": 13.83451842363489, "n_estimators": 25.53928683780168}, "datetime": {"datetime": "2021-09-21 13:19:58", "elapsed": 105.675883, "delta": 0.72171}}
{"target": 0.8353621129985395, "params": {"max_depth": 12.922425633401744, "n_estimators": 20.039227774568122}, "datetime": {"datetime": "2021-09-21 13:19:59", "elapsed": 106.250697, "delta": 0.574814}}
{"target": 0.8325991817723937, "params": {"max_depth": 20.4268999326254, "n_estimators": 83.91584003364044}, "datetime": {"datetime": "2021-09-21 13:20:00", "elapsed": 107.263555, "delta": 1.012858}}
{"target": 0.8350137195198315, "params": {"max_depth": 21.694321492635975, "n_estimators": 45.06964090067507}, "datetime": {"datetime": "2021-09-21 13:20:01", "elapsed": 108.129901, "delta": 0.866346}}
{"target": 0.8362987407952998, "params": {"max_depth": 24.0668945678716, "n_estimators": 54.43755352613493}, "datetime": {"datetime": "2021-09-21 13:20:01", "elapsed": 108.977731, "delta": 0.84783}}
{"target": 0.8356305695409345, "params": {"max_depth": 13.621538767979608, "n_estimators": 59.29881043704266}, "datetime": {"datetime": "2021-09-21 13:20:02", "elapsed": 109.86652, "delta": 0.888789}}
{"target": 0.8360354817214345, "params": {"max_depth": 17.834887371713936, "n_estimators": 63.528085692421904}, "datetime": {"datetime": "2021-09-21 13:20:03", "elapsed": 110.860129, "delta": 0.993609}}
{"target": 0.8322256082589731, "params": {"max_depth": 14.626392569191552, "n_estimators": 39.71584868962315}, "datetime": {"datetime": "2021-09-21 13:20:04", "elapsed": 111.563422, "delta": 0.703293}}
{"target": 0.8319939510716561, "params": {"max_depth": 16.677498017989763, "n_estimators": 18.41425926706465}, "datetime": {"datetime": "2021-09-21 13:20:05", "elapsed": 112.337565, "delta": 0.774143}}
{"target": 0.8332131376992788, "params": {"max_depth": 27.096511267840967, "n_estimators": 40.3429305494316}, "datetime": {"datetime": "2021-09-21 13:20:06", "elapsed": 113.211789, "delta": 0.874224}}
{"target": 0.8310889167900444, "params": {"max_depth": 23.72705780122415, "n_estimators": 89.97591642676944}, "datetime": {"datetime": "2021-09-21 13:20:07", "elapsed": 114.38261, "delta": 1.170821}}
{"target": 0.8364672129695124, "params": {"max_depth": 27.530117519138024, "n_estimators": 63.24144139712103}, "datetime": {"datetime": "2021-09-21 13:20:08", "elapsed": 115.258476, "delta": 0.875866}}
{"target": 0.8325025673769417, "params": {"max_depth": 16.717209149481697, "n_estimators": 34.538010672996556}, "datetime": {"datetime": "2021-09-21 13:20:09", "elapsed": 116.121823, "delta": 0.863347}}
{"target": 0.8411168040755481, "params": {"max_depth": 19.937530778674187, "n_estimators": 20.462014730564427}, "datetime": {"datetime": "2021-09-21 13:20:09", "elapsed": 116.942469, "delta": 0.820646}}
{"target": 0.8361397304917799, "params": {"max_depth": 27.266353661133003, "n_estimators": 69.12069836121825}, "datetime": {"datetime": "2021-09-21 13:20:11", "elapsed": 118.166027, "delta": 1.223558}}
{"target": 0.8367059098726919, "params": {"max_depth": 20.527501857979775, "n_estimators": 55.455089240175155}, "datetime": {"datetime": "2021-09-21 13:20:12", "elapsed": 119.179429, "delta": 1.013402}}
{"target": 0.8342121039721587, "params": {"max_depth": 13.90245940472736, "n_estimators": 74.87268091969904}, "datetime": {"datetime": "2021-09-21 13:20:13", "elapsed": 120.353179, "delta": 1.17375}}
{"target": 0.8381720661602803, "params": {"max_depth": 15.103929251023077, "n_estimators": 69.21965638247605}, "datetime": {"datetime": "2021-09-21 13:20:14", "elapsed": 121.613394, "delta": 1.260215}}
{"target": 0.8434172421662551, "params": {"max_depth": 28.582116064159887, "n_estimators": 19.394921938393505}, "datetime": {"datetime": "2021-09-21 13:20:15", "elapsed": 122.435391, "delta": 0.821997}}
{"target": 0.8328350756145217, "params": {"max_depth": 17.886336357212006, "n_estimators": 94.23810647029339}, "datetime": {"datetime": "2021-09-21 13:20:16", "elapsed": 123.773391, "delta": 1.338}}
{"target": 0.832587766406471, "params": {"max_depth": 9.76255194199271, "n_estimators": 100.0}, "datetime": {"datetime": "2021-09-21 13:20:17", "elapsed": 124.821435, "delta": 1.048044}}
{"target": 0.8434172421662551, "params": {"max_depth": 29.950988474850014, "n_estimators": 19.365605819970924}, "datetime": {"datetime": "2021-09-21 13:20:18", "elapsed": 125.575395, "delta": 0.75396}}
{"target": 0.8309490656197709, "params": {"max_depth": 27.04724941184721, "n_estimators": 33.61101985785488}, "datetime": {"datetime": "2021-09-21 13:20:19", "elapsed": 126.499402, "delta": 0.924007}}
{"target": 0.8377222960176537, "params": {"max_depth": 29.927627957277515, "n_estimators": 65.43673668937208}, "datetime": {"datetime": "2021-09-21 13:20:20", "elapsed": 127.558394, "delta": 1.058992}}
{"target": 0.8410932666832233, "params": {"max_depth": 14.434473449332852, "n_estimators": 22.789026041701977}, "datetime": {"datetime": "2021-09-21 13:20:21", "elapsed": 128.527435, "delta": 0.969041}}
{"target": 0.8358699153681307, "params": {"max_depth": 20.066656063359712, "n_estimators": 34.7496570198262}, "datetime": {"datetime": "2021-09-21 13:20:22", "elapsed": 129.428442, "delta": 0.901007}}
{"target": 0.8415318988850427, "params": {"max_depth": 18.76523257122973, "n_estimators": 26.37379607961674}, "datetime": {"datetime": "2021-09-21 13:20:23", "elapsed": 130.146397, "delta": 0.717955}}
{"target": 0.8326760530828049, "params": {"max_depth": 28.954050396848412, "n_estimators": 50.5168549841718}, "datetime": {"datetime": "2021-09-21 13:20:23", "elapsed": 131.010495, "delta": 0.864098}}
{"target": 0.8337349412156556, "params": {"max_depth": 19.938298509187796, "n_estimators": 18.8156705083976}, "datetime": {"datetime": "2021-09-21 13:20:24", "elapsed": 131.778969, "delta": 0.768474}}
{"target": 0.8302015339111183, "params": {"max_depth": 22.885475027439153, "n_estimators": 17.878788881706694}, "datetime": {"datetime": "2021-09-21 13:20:25", "elapsed": 132.378008, "delta": 0.599039}}
{"target": 0.8265158780463545, "params": {"max_depth": 21.426690977707818, "n_estimators": 11.507203258090124}, "datetime": {"datetime": "2021-09-21 13:20:25", "elapsed": 133.044965, "delta": 0.666957}}
{"target": 0.8417284998734715, "params": {"max_depth": 18.020757735234195, "n_estimators": 20.20228517404615}, "datetime": {"datetime": "2021-09-21 13:20:26", "elapsed": 133.836009, "delta": 0.791044}}
{"target": 0.8311216522739171, "params": {"max_depth": 23.49228782094199, "n_estimators": 49.93116254065908}, "datetime": {"datetime": "2021-09-21 13:20:27", "elapsed": 134.88301, "delta": 1.047001}}
{"target": 0.8415337047276287, "params": {"max_depth": 21.840768887509743, "n_estimators": 20.164076625561464}, "datetime": {"datetime": "2021-09-21 13:20:28", "elapsed": 135.665969, "delta": 0.782959}}
{"target": 0.8347639158536314, "params": {"max_depth": 10.412201315562744, "n_estimators": 73.67605263095557}, "datetime": {"datetime": "2021-09-21 13:20:29", "elapsed": 136.69501, "delta": 1.029041}}
{"target": 0.8304025575917349, "params": {"max_depth": 16.99629727093518, "n_estimators": 79.55918435662348}, "datetime": {"datetime": "2021-09-21 13:20:30", "elapsed": 137.797969, "delta": 1.102959}}
{"target": 0.8326303716542724, "params": {"max_depth": 21.988188381369795, "n_estimators": 80.64088981495364}, "datetime": {"datetime": "2021-09-21 13:20:31", "elapsed": 138.807969, "delta": 1.01}}
{"target": 0.8072440281202071, "params": {"max_depth": 30.0, "n_estimators": 8.749425111706584}, "datetime": {"datetime": "2021-09-21 13:20:32", "elapsed": 139.514969, "delta": 0.707}}
{"target": 0.8365732747388838, "params": {"max_depth": 10.884730409080479, "n_estimators": 70.6466723869604}, "datetime": {"datetime": "2021-09-21 13:20:33", "elapsed": 140.712967, "delta": 1.197998}}
{"target": 0.8331704216598567, "params": {"max_depth": 27.08036814058241, "n_estimators": 85.20869807612792}, "datetime": {"datetime": "2021-09-21 13:20:34", "elapsed": 142.059005, "delta": 1.346038}}
{"target": 0.8196191186815935, "params": {"max_depth": 17.064267692648265, "n_estimators": 14.38205427091906}, "datetime": {"datetime": "2021-09-21 13:20:35", "elapsed": 142.767009, "delta": 0.708004}}
{"target": 0.8331678649097622, "params": {"max_depth": 29.67835016778804, "n_estimators": 97.94673917987149}, "datetime": {"datetime": "2021-09-21 13:20:36", "elapsed": 144.024965, "delta": 1.257956}}
{"target": 0.8287701693088358, "params": {"max_depth": 8.166865797129685, "n_estimators": 90.53022696801511}, "datetime": {"datetime": "2021-09-21 13:20:37", "elapsed": 145.009068, "delta": 0.984103}}
{"target": 0.832087074963338, "params": {"max_depth": 22.999154781167913, "n_estimators": 96.76928292939397}, "datetime": {"datetime": "2021-09-21 13:20:39", "elapsed": 146.368026, "delta": 1.358958}}
{"target": 0.834551569127427, "params": {"max_depth": 30.0, "n_estimators": 35.65667179480238}, "datetime": {"datetime": "2021-09-21 13:20:40", "elapsed": 147.504028, "delta": 1.136002}}
{"target": 0.8339929500029415, "params": {"max_depth": 29.987115395092104, "n_estimators": 76.98330363470004}, "datetime": {"datetime": "2021-09-21 13:20:41", "elapsed": 149.085028, "delta": 1.581}}
{"target": 0.8282721722820433, "params": {"max_depth": 12.93073724839044, "n_estimators": 42.351314781357175}, "datetime": {"datetime": "2021-09-21 13:20:43", "elapsed": 150.455026, "delta": 1.369998}}
{"target": 0.8341706915309992, "params": {"max_depth": 14.911962370446597, "n_estimators": 48.21885316755146}, "datetime": {"datetime": "2021-09-21 13:20:45", "elapsed": 152.227027, "delta": 1.772001}}
{"target": 0.8349081204306097, "params": {"max_depth": 17.517234433976142, "n_estimators": 97.65947236863461}, "datetime": {"datetime": "2021-09-21 13:20:46", "elapsed": 154.063557, "delta": 1.83653}}
{"target": 0.8368405558677433, "params": {"max_depth": 21.545558049646935, "n_estimators": 63.603847346415186}, "datetime": {"datetime": "2021-09-21 13:20:48", "elapsed": 155.701397, "delta": 1.63784}}
{"target": 0.8388675645891286, "params": {"max_depth": 18.937183857285213, "n_estimators": 59.37847862400048}, "datetime": {"datetime": "2021-09-21 13:20:50", "elapsed": 157.270106, "delta": 1.568709}}
{"target": 0.8360444527594143, "params": {"max_depth": 26.795274801718673, "n_estimators": 58.33280493279646}, "datetime": {"datetime": "2021-09-21 13:20:51", "elapsed": 158.93249, "delta": 1.662384}}
{"target": 0.8401889232406063, "params": {"max_depth": 24.77421018877093, "n_estimators": 21.736345887417524}, "datetime": {"datetime": "2021-09-21 13:20:53", "elapsed": 160.364608, "delta": 1.432118}}
{"target": 0.8337504898427195, "params": {"max_depth": 30.0, "n_estimators": 45.35075347903713}, "datetime": {"datetime": "2021-09-21 13:20:54", "elapsed": 161.779656, "delta": 1.415048}}
