{"target": -2.4248459321593185, "params": {"max_depth": 13.093638136374645, "n_estimators": 72.31212485077366}, "datetime": {"datetime": "2021-09-21 10:08:13", "elapsed": 0.0, "delta": 0.0}}
{"target": -5.067885028325524, "params": {"max_depth": 1.0033168697030017, "n_estimators": 30.930924690552136}, "datetime": {"datetime": "2021-09-21 10:08:14", "elapsed": 0.113931, "delta": 0.113931}}
{"target": -2.7962420544842708, "params": {"max_depth": 5.255920833696278, "n_estimators": 10.141520882110981}, "datetime": {"datetime": "2021-09-21 10:08:14", "elapsed": 0.178931, "delta": 0.065}}
{"target": -2.66179451175238, "params": {"max_depth": 6.4015461299524565, "n_estimators": 35.210511977261724}, "datetime": {"datetime": "2021-09-21 10:08:14", "elapsed": 0.3867, "delta": 0.207769}}
{"target": -2.432020248118398, "params": {"max_depth": 12.506256752689428, "n_estimators": 54.34285666633234}, "datetime": {"datetime": "2021-09-21 10:08:14", "elapsed": 0.902558, "delta": 0.515858}}
{"target": -2.410115395630706, "params": {"max_depth": 13.15664091769555, "n_estimators": 68.83673053927919}, "datetime": {"datetime": "2021-09-21 10:08:15", "elapsed": 1.578809, "delta": 0.676251}}
{"target": -2.626827407579253, "params": {"max_depth": 6.929115242214006, "n_estimators": 87.93362620270359}, "datetime": {"datetime": "2021-09-21 10:08:16", "elapsed": 2.487903, "delta": 0.909094}}
{"target": -4.961329435262453, "params": {"max_depth": 1.7942402027398587, "n_estimators": 67.37628350766182}, "datetime": {"datetime": "2021-09-21 10:08:16", "elapsed": 2.766303, "delta": 0.2784}}
{"target": -2.434859989765703, "params": {"max_depth": 13.101839268646682, "n_estimators": 56.310293016129414}, "datetime": {"datetime": "2021-09-21 10:08:17", "elapsed": 3.284786, "delta": 0.518483}}
{"target": -2.7813215174489487, "params": {"max_depth": 5.071221219261779, "n_estimators": 20.612047419403}, "datetime": {"datetime": "2021-09-21 10:08:17", "elapsed": 3.432911, "delta": 0.148125}}
{"target": -2.3816810634540904, "params": {"max_depth": 19.52742921367033, "n_estimators": 70.21987430288114}, "datetime": {"datetime": "2021-09-21 10:08:18", "elapsed": 4.584079, "delta": 1.151168}}
{"target": -2.474879766179158, "params": {"max_depth": 11.157555929784065, "n_estimators": 40.76334928197651}, "datetime": {"datetime": "2021-09-21 10:08:19", "elapsed": 5.436917, "delta": 0.852838}}
{"target": -2.398671114261063, "params": {"max_depth": 20.785564675175937, "n_estimators": 61.72429209374174}, "datetime": {"datetime": "2021-09-21 10:08:20", "elapsed": 6.3702, "delta": 0.933283}}
{"target": -2.429914860681116, "params": {"max_depth": 21.176001008397368, "n_estimators": 51.936373486500564}, "datetime": {"datetime": "2021-09-21 10:08:21", "elapsed": 7.223504, "delta": 0.853304}}
{"target": -2.4374573314797416, "params": {"max_depth": 15.497681117316159, "n_estimators": 32.82623268918531}, "datetime": {"datetime": "2021-09-21 10:08:21", "elapsed": 7.891072, "delta": 0.667568}}
{"target": -2.447978177150193, "params": {"max_depth": 22.513230570790416, "n_estimators": 41.06181748762362}, "datetime": {"datetime": "2021-09-21 10:08:22", "elapsed": 8.769574, "delta": 0.878502}}
{"target": -2.397663339382941, "params": {"max_depth": 29.942314570867318, "n_estimators": 58.03755589325663}, "datetime": {"datetime": "2021-09-21 10:08:23", "elapsed": 9.627175, "delta": 0.857601}}
{"target": -2.4353583426651744, "params": {"max_depth": 30.0, "n_estimators": 47.82581137419993}, "datetime": {"datetime": "2021-09-21 10:08:24", "elapsed": 10.43145, "delta": 0.804275}}
{"target": -2.375657894736843, "params": {"max_depth": 30.0, "n_estimators": 68.37281434794511}, "datetime": {"datetime": "2021-09-21 10:08:25", "elapsed": 11.370856, "delta": 0.939406}}
{"target": -2.400969973009447, "params": {"max_depth": 27.01216174852729, "n_estimators": 78.87400216401933}, "datetime": {"datetime": "2021-09-21 10:08:26", "elapsed": 12.297967, "delta": 0.927111}}
{"target": -2.393937989027447, "params": {"max_depth": 18.034600887911328, "n_estimators": 82.93833292719063}, "datetime": {"datetime": "2021-09-21 10:08:27", "elapsed": 13.415497, "delta": 1.11753}}
{"target": -2.3983698830409366, "params": {"max_depth": 26.215086425923424, "n_estimators": 90.02936674624677}, "datetime": {"datetime": "2021-09-21 10:08:28", "elapsed": 14.578103, "delta": 1.162606}}
{"target": -2.3954494213850164, "params": {"max_depth": 17.465995523879158, "n_estimators": 95.66198382211931}, "datetime": {"datetime": "2021-09-21 10:08:29", "elapsed": 15.850669, "delta": 1.272566}}
{"target": -2.3836988304093567, "params": {"max_depth": 27.035788635284746, "n_estimators": 99.79659941988689}, "datetime": {"datetime": "2021-09-21 10:08:31", "elapsed": 17.200074, "delta": 1.349405}}
{"target": -2.4435855263157897, "params": {"max_depth": 30.0, "n_estimators": 32.47676724531023}, "datetime": {"datetime": "2021-09-21 10:08:31", "elapsed": 17.692405, "delta": 0.492331}}
{"target": -2.4939645308924487, "params": {"max_depth": 23.295668015509477, "n_estimators": 23.187446918057148}, "datetime": {"datetime": "2021-09-21 10:08:32", "elapsed": 18.2187, "delta": 0.526295}}
{"target": -2.500432420591762, "params": {"max_depth": 7.392284029565729, "n_estimators": 99.8717608611776}, "datetime": {"datetime": "2021-09-21 10:08:33", "elapsed": 19.29089, "delta": 1.07219}}
{"target": -2.550455465587045, "params": {"max_depth": 29.97837026842942, "n_estimators": 13.149249518474159}, "datetime": {"datetime": "2021-09-21 10:08:33", "elapsed": 19.744893, "delta": 0.454003}}
{"target": -3.5940789473684207, "params": {"max_depth": 25.115340597040582, "n_estimators": 1.0}, "datetime": {"datetime": "2021-09-21 10:08:34", "elapsed": 20.08153, "delta": 0.336637}}
{"target": -2.4788642504699245, "params": {"max_depth": 15.959402468595096, "n_estimators": 16.787420126418574}, "datetime": {"datetime": "2021-09-21 10:08:34", "elapsed": 20.58203, "delta": 0.5005}}
{"target": -3.804159914271498, "params": {"max_depth": 2.9508721348241176, "n_estimators": 47.47330319198853}, "datetime": {"datetime": "2021-09-21 10:08:34", "elapsed": 20.96681, "delta": 0.38478}}
{"target": -5.566167972678511, "params": {"max_depth": 1.3902256268818831, "n_estimators": 1.027009372620002}, "datetime": {"datetime": "2021-09-21 10:08:35", "elapsed": 21.231748, "delta": 0.264938}}
{"target": -4.936406618153731, "params": {"max_depth": 1.0, "n_estimators": 94.908661200786}, "datetime": {"datetime": "2021-09-21 10:08:35", "elapsed": 21.880282, "delta": 0.648534}}
{"target": -2.436186084197364, "params": {"max_depth": 10.504966370928459, "n_estimators": 81.09589074603618}, "datetime": {"datetime": "2021-09-21 10:08:36", "elapsed": 22.87608, "delta": 0.995798}}
{"target": -2.4010876026483787, "params": {"max_depth": 14.098117796110119, "n_estimators": 89.19758554296722}, "datetime": {"datetime": "2021-09-21 10:08:37", "elapsed": 24.030221, "delta": 1.154141}}
{"target": -2.477721291866029, "params": {"max_depth": 29.988243877932, "n_estimators": 22.329789409490672}, "datetime": {"datetime": "2021-09-21 10:08:38", "elapsed": 24.610948, "delta": 0.580727}}
{"target": -2.399629933376035, "params": {"max_depth": 13.412885741680805, "n_estimators": 99.91029601354205}, "datetime": {"datetime": "2021-09-21 10:08:39", "elapsed": 25.786703, "delta": 1.175755}}
{"target": -2.519706557804632, "params": {"max_depth": 13.929262318072162, "n_estimators": 24.527511466340357}, "datetime": {"datetime": "2021-09-21 10:08:40", "elapsed": 26.476797, "delta": 0.690094}}
{"target": -2.457401315789474, "params": {"max_depth": 30.0, "n_estimators": 40.06528968414909}, "datetime": {"datetime": "2021-09-21 10:08:41", "elapsed": 27.081661, "delta": 0.604864}}
{"target": -2.579435502819549, "params": {"max_depth": 15.009510122708216, "n_estimators": 8.789397899928446}, "datetime": {"datetime": "2021-09-21 10:08:41", "elapsed": 27.418061, "delta": 0.3364}}
{"target": -2.4716468590831924, "params": {"max_depth": 22.96983843335047, "n_estimators": 31.969205234920892}, "datetime": {"datetime": "2021-09-21 10:08:41", "elapsed": 27.976503, "delta": 0.558442}}
{"target": -2.4042841478696753, "params": {"max_depth": 30.0, "n_estimators": 84.81309523562898}, "datetime": {"datetime": "2021-09-21 10:08:43", "elapsed": 29.41142, "delta": 1.434917}}
{"target": -2.624759510788008, "params": {"max_depth": 9.523914194476053, "n_estimators": 15.094319208352362}, "datetime": {"datetime": "2021-09-21 10:08:43", "elapsed": 29.948736, "delta": 0.537316}}
{"target": -2.550455465587045, "params": {"max_depth": 22.657836724108506, "n_estimators": 13.816486724552602}, "datetime": {"datetime": "2021-09-21 10:08:44", "elapsed": 30.586499, "delta": 0.637763}}
{"target": -2.393732314657613, "params": {"max_depth": 29.855421966064423, "n_estimators": 93.85813480145886}, "datetime": {"datetime": "2021-09-21 10:08:46", "elapsed": 32.216317, "delta": 1.629818}}
{"target": -2.44520154916928, "params": {"max_depth": 16.56523296520668, "n_estimators": 46.61036289820678}, "datetime": {"datetime": "2021-09-21 10:08:46", "elapsed": 32.873387, "delta": 0.65707}}
{"target": -2.4017301346218423, "params": {"max_depth": 19.749916616065484, "n_estimators": 76.76340077602745}, "datetime": {"datetime": "2021-09-21 10:08:47", "elapsed": 34.028605, "delta": 1.155218}}
{"target": -2.399928876244666, "params": {"max_depth": 29.88128780855715, "n_estimators": 74.33650173265114}, "datetime": {"datetime": "2021-09-21 10:08:48", "elapsed": 35.013149, "delta": 0.984544}}
{"target": -2.3836988304093567, "params": {"max_depth": 21.00670145391302, "n_estimators": 99.78002648880116}, "datetime": {"datetime": "2021-09-21 10:08:50", "elapsed": 36.299751, "delta": 1.286602}}
{"target": -5.344596240295846, "params": {"max_depth": 1.1436555293609296, "n_estimators": 15.01951906153911}, "datetime": {"datetime": "2021-09-21 10:08:50", "elapsed": 36.682904, "delta": 0.383153}}
{"target": -4.966767849317414, "params": {"max_depth": 1.1265810839873276, "n_estimators": 81.05495259153297}, "datetime": {"datetime": "2021-09-21 10:08:51", "elapsed": 37.206478, "delta": 0.523574}}
{"target": -2.396940267335005, "params": {"max_depth": 26.35709249122663, "n_estimators": 63.72349652166314}, "datetime": {"datetime": "2021-09-21 10:08:52", "elapsed": 38.12985, "delta": 0.923372}}
{"target": -2.4276924935473367, "params": {"max_depth": 10.833263151881704, "n_estimators": 94.24517139863347}, "datetime": {"datetime": "2021-09-21 10:08:53", "elapsed": 39.72318, "delta": 1.59333}}
{"target": -2.7278758597812587, "params": {"max_depth": 9.69410174757597, "n_estimators": 8.068742492912254}, "datetime": {"datetime": "2021-09-21 10:08:54", "elapsed": 40.107251, "delta": 0.384071}}
{"target": -2.456270220718801, "params": {"max_depth": 17.275112940147668, "n_estimators": 38.42680281828242}, "datetime": {"datetime": "2021-09-21 10:08:54", "elapsed": 41.004682, "delta": 0.897431}}
{"target": -2.4010573308270686, "params": {"max_depth": 24.69441909544328, "n_estimators": 56.500948692580614}, "datetime": {"datetime": "2021-09-21 10:08:55", "elapsed": 41.882886, "delta": 0.878204}}
{"target": -2.596828297404398, "params": {"max_depth": 9.432766374718797, "n_estimators": 22.18744133832669}, "datetime": {"datetime": "2021-09-21 10:08:56", "elapsed": 42.397474, "delta": 0.514588}}
{"target": -2.3861749444032623, "params": {"max_depth": 25.1347153008146, "n_estimators": 71.57614647563409}, "datetime": {"datetime": "2021-09-21 10:08:57", "elapsed": 43.894336, "delta": 1.496862}}
{"target": -2.3955767077267645, "params": {"max_depth": 23.618650046921374, "n_estimators": 94.93410018528651}, "datetime": {"datetime": "2021-09-21 10:09:00", "elapsed": 46.130667, "delta": 2.236331}}
{"target": -2.4703111298092426, "params": {"max_depth": 11.039883159515906, "n_estimators": 35.1141387796227}, "datetime": {"datetime": "2021-09-21 10:09:01", "elapsed": 47.140881, "delta": 1.010214}}
{"target": -2.4356264302059505, "params": {"max_depth": 24.35265599498233, "n_estimators": 46.83830760469528}, "datetime": {"datetime": "2021-09-21 10:09:02", "elapsed": 48.1856, "delta": 1.044719}}
{"target": -2.4042841478696753, "params": {"max_depth": 23.447020537100585, "n_estimators": 84.56441827689827}, "datetime": {"datetime": "2021-09-21 10:09:03", "elapsed": 50.065602, "delta": 1.880002}}
{"target": -2.397585546331907, "params": {"max_depth": 15.265298295056807, "n_estimators": 63.35131809683267}, "datetime": {"datetime": "2021-09-21 10:09:05", "elapsed": 51.160655, "delta": 1.095053}}
{"target": -2.443345141700406, "params": {"max_depth": 29.886313136657275, "n_estimators": 52.92589370934023}, "datetime": {"datetime": "2021-09-21 10:09:06", "elapsed": 52.281255, "delta": 1.1206}}
{"target": -2.4148263846579776, "params": {"max_depth": 11.502325757824222, "n_estimators": 85.21077959728909}, "datetime": {"datetime": "2021-09-21 10:09:07", "elapsed": 54.025565, "delta": 1.74431}}
{"target": -2.408088645428947, "params": {"max_depth": 14.4097771617461, "n_estimators": 78.45434962901305}, "datetime": {"datetime": "2021-09-21 10:09:09", "elapsed": 55.978252, "delta": 1.952687}}
{"target": -2.4975884945950737, "params": {"max_depth": 19.010284411862294, "n_estimators": 27.689356388778165}, "datetime": {"datetime": "2021-09-21 10:09:10", "elapsed": 56.794449, "delta": 0.816197}}
{"target": -2.3986493621694693, "params": {"max_depth": 20.06576311512335, "n_estimators": 89.58261458404935}, "datetime": {"datetime": "2021-09-21 10:09:12", "elapsed": 58.579766, "delta": 1.785317}}
{"target": -2.401838661156096, "params": {"max_depth": 17.910236971309363, "n_estimators": 56.132949051886506}, "datetime": {"datetime": "2021-09-21 10:09:14", "elapsed": 60.216307, "delta": 1.636541}}
{"target": -2.4973684210526317, "params": {"max_depth": 27.92039980754488, "n_estimators": 27.43469503396792}, "datetime": {"datetime": "2021-09-21 10:09:15", "elapsed": 61.293872, "delta": 1.077565}}
{"target": -2.5156346749226004, "params": {"max_depth": 26.67427251821998, "n_estimators": 17.904816083691095}, "datetime": {"datetime": "2021-09-21 10:09:15", "elapsed": 61.950679, "delta": 0.656807}}
{"target": -2.4628837719298247, "params": {"max_depth": 25.911841836088854, "n_estimators": 36.61723647159276}, "datetime": {"datetime": "2021-09-21 10:09:16", "elapsed": 62.977327, "delta": 1.026648}}
{"target": -2.612312030075188, "params": {"max_depth": 29.988998906937265, "n_estimators": 7.541513650429574}, "datetime": {"datetime": "2021-09-21 10:09:17", "elapsed": 63.490642, "delta": 0.513315}}
{"target": -2.465690867794487, "params": {"max_depth": 18.94293259788042, "n_estimators": 20.69740632809852}, "datetime": {"datetime": "2021-09-21 10:09:18", "elapsed": 64.287167, "delta": 0.796525}}
{"target": -2.3836988304093567, "params": {"max_depth": 29.896334476423274, "n_estimators": 99.18456399758958}, "datetime": {"datetime": "2021-09-21 10:09:19", "elapsed": 66.014847, "delta": 1.72768}}
{"target": -2.3967741935483877, "params": {"max_depth": 29.942785654997007, "n_estimators": 62.97179954507008}, "datetime": {"datetime": "2021-09-21 10:09:21", "elapsed": 67.693188, "delta": 1.678341}}
{"target": -2.5003050441641466, "params": {"max_depth": 11.083735072684977, "n_estimators": 29.39919645257575}, "datetime": {"datetime": "2021-09-21 10:09:22", "elapsed": 68.503783, "delta": 0.810595}}
{"target": -2.363698474405712, "params": {"max_depth": 18.665794414635737, "n_estimators": 66.08443527780871}, "datetime": {"datetime": "2021-09-21 10:09:23", "elapsed": 69.767035, "delta": 1.263252}}
{"target": -2.4655003853693565, "params": {"max_depth": 11.962642785932953, "n_estimators": 48.44662935910353}, "datetime": {"datetime": "2021-09-21 10:09:25", "elapsed": 71.121482, "delta": 1.354447}}
{"target": -2.4371117969792513, "params": {"max_depth": 15.964877977825829, "n_estimators": 50.956177629412416}, "datetime": {"datetime": "2021-09-21 10:09:26", "elapsed": 72.493148, "delta": 1.371666}}
{"target": -2.534404370300752, "params": {"max_depth": 20.602965878684078, "n_estimators": 8.422170207118118}, "datetime": {"datetime": "2021-09-21 10:09:27", "elapsed": 73.148391, "delta": 0.655243}}
{"target": -2.561470603592314, "params": {"max_depth": 17.498615770016453, "n_estimators": 12.439917942580637}, "datetime": {"datetime": "2021-09-21 10:09:27", "elapsed": 73.80625, "delta": 0.657859}}
{"target": -2.404021381578948, "params": {"max_depth": 29.967008482576457, "n_estimators": 80.55646265845175}, "datetime": {"datetime": "2021-09-21 10:09:29", "elapsed": 75.563475, "delta": 1.757225}}
{"target": -3.470200336367233, "params": {"max_depth": 16.13428613443765, "n_estimators": 1.2872689674179885}, "datetime": {"datetime": "2021-09-21 10:09:30", "elapsed": 76.550471, "delta": 0.986996}}
{"target": -2.3845028290596524, "params": {"max_depth": 16.337155460728436, "n_estimators": 72.11255333062698}, "datetime": {"datetime": "2021-09-21 10:09:31", "elapsed": 78.003146, "delta": 1.452675}}
{"target": -2.3681264728986653, "params": {"max_depth": 23.607081732066426, "n_estimators": 67.28010853975486}, "datetime": {"datetime": "2021-09-21 10:09:33", "elapsed": 79.549231, "delta": 1.546085}}
{"target": -2.399260792430515, "params": {"max_depth": 30.0, "n_estimators": 89.40267295404374}, "datetime": {"datetime": "2021-09-21 10:09:35", "elapsed": 81.133734, "delta": 1.584503}}
{"target": -2.429914860681116, "params": {"max_depth": 26.021092682282223, "n_estimators": 51.482164694049324}, "datetime": {"datetime": "2021-09-21 10:09:36", "elapsed": 82.505095, "delta": 1.371361}}
{"target": -2.4349654364126723, "params": {"max_depth": 10.279963105979778, "n_estimators": 89.75219270142198}, "datetime": {"datetime": "2021-09-21 10:09:38", "elapsed": 84.232531, "delta": 1.727436}}
{"target": -2.456272949816403, "params": {"max_depth": 27.11500152038319, "n_estimators": 43.121188608326555}, "datetime": {"datetime": "2021-09-21 10:09:39", "elapsed": 85.456711, "delta": 1.22418}}
{"target": -2.5603070175438596, "params": {"max_depth": 25.862835017549692, "n_estimators": 9.966038355059032}, "datetime": {"datetime": "2021-09-21 10:09:40", "elapsed": 86.325625, "delta": 0.868914}}
{"target": -2.404021381578948, "params": {"max_depth": 22.354325119962912, "n_estimators": 80.31185736357568}, "datetime": {"datetime": "2021-09-21 10:09:42", "elapsed": 88.07549, "delta": 1.749865}}
{"target": -2.4435861976369497, "params": {"max_depth": 20.57247038897595, "n_estimators": 35.66884080650423}, "datetime": {"datetime": "2021-09-21 10:09:43", "elapsed": 89.079694, "delta": 1.004204}}
{"target": -2.418571070932303, "params": {"max_depth": 10.45806196662407, "n_estimators": 99.93952215956378}, "datetime": {"datetime": "2021-09-21 10:09:44", "elapsed": 90.851437, "delta": 1.771743}}
{"target": -2.565175955318908, "params": {"max_depth": 7.251714302699319, "n_estimators": 39.2936155691433}, "datetime": {"datetime": "2021-09-21 10:09:45", "elapsed": 92.013362, "delta": 1.161925}}
{"target": -2.4005438596491233, "params": {"max_depth": 23.98344636052056, "n_estimators": 75.57622123106556}, "datetime": {"datetime": "2021-09-21 10:09:47", "elapsed": 94.064078, "delta": 2.050716}}
{"target": -2.3988225010145414, "params": {"max_depth": 14.379691694340371, "n_estimators": 93.35943379631635}, "datetime": {"datetime": "2021-09-21 10:09:49", "elapsed": 96.023037, "delta": 1.958959}}
{"target": -2.3861436499733943, "params": {"max_depth": 17.311626065789092, "n_estimators": 99.92335862308117}, "datetime": {"datetime": "2021-09-21 10:09:52", "elapsed": 98.286162, "delta": 2.263125}}
{"target": -2.4336352273421746, "params": {"max_depth": 15.43024911146374, "n_estimators": 42.73135243585229}, "datetime": {"datetime": "2021-09-21 10:09:53", "elapsed": 99.717311, "delta": 1.431149}}
{"target": -2.4038692114530344, "params": {"max_depth": 14.029017107885888, "n_estimators": 82.15346250783196}, "datetime": {"datetime": "2021-09-21 10:09:55", "elapsed": 101.600117, "delta": 1.882806}}
{"target": -2.402838246928889, "params": {"max_depth": 16.877755170198114, "n_estimators": 59.89160472203169}, "datetime": {"datetime": "2021-09-21 10:09:57", "elapsed": 103.190302, "delta": 1.590185}}
{"target": -2.4010605722646723, "params": {"max_depth": 17.452522854305812, "n_estimators": 86.66932441737022}, "datetime": {"datetime": "2021-09-21 10:09:59", "elapsed": 105.212291, "delta": 2.021989}}
{"target": -2.3898711622807016, "params": {"max_depth": 27.284437076135504, "n_estimators": 96.97003555486205}, "datetime": {"datetime": "2021-09-21 10:10:01", "elapsed": 107.500051, "delta": 2.28776}}
{"target": -2.3680926644166655, "params": {"max_depth": 16.257070649357715, "n_estimators": 68.30939867096481}, "datetime": {"datetime": "2021-09-21 10:10:03", "elapsed": 109.350629, "delta": 1.850578}}
{"target": -2.4054081177520086, "params": {"max_depth": 26.406029133684807, "n_estimators": 59.802626332052036}, "datetime": {"datetime": "2021-09-21 10:10:04", "elapsed": 110.3661, "delta": 1.015471}}
{"target": -2.4444794514695842, "params": {"max_depth": 20.190165998847718, "n_estimators": 44.57264943880252}, "datetime": {"datetime": "2021-09-21 10:10:05", "elapsed": 111.326127, "delta": 0.960027}}
{"target": -2.399246987951808, "params": {"max_depth": 26.923592189599148, "n_estimators": 83.14459498920816}, "datetime": {"datetime": "2021-09-21 10:10:06", "elapsed": 112.559245, "delta": 1.233118}}
{"target": -2.4771136054222223, "params": {"max_depth": 14.830326863557946, "n_estimators": 29.196228611869195}, "datetime": {"datetime": "2021-09-21 10:10:07", "elapsed": 113.297914, "delta": 0.738669}}
{"target": -2.42988022969057, "params": {"max_depth": 11.22773980173147, "n_estimators": 60.97605312870643}, "datetime": {"datetime": "2021-09-21 10:10:08", "elapsed": 114.278705, "delta": 0.980791}}
{"target": -2.5416022230314255, "params": {"max_depth": 8.238186984011815, "n_estimators": 56.51842142017386}, "datetime": {"datetime": "2021-09-21 10:10:08", "elapsed": 115.042806, "delta": 0.764101}}
