{"target": 0.8395040793965547, "params": {"max_depth": 19.631339514541573, "n_estimators": 181.46055556317327}, "datetime": {"datetime": "2021-09-21 16:22:08", "elapsed": 1029.434309, "delta": 4.74811}}
{"target": 0.8396328796506168, "params": {"max_depth": 23.831423726825456, "n_estimators": 163.30637805974757}, "datetime": {"datetime": "2021-09-21 16:22:13", "elapsed": 1034.472613, "delta": 5.038304}}
{"target": 0.8433413835780146, "params": {"max_depth": 16.306913220057165, "n_estimators": 124.42604252867551}, "datetime": {"datetime": "2021-09-21 16:22:20", "elapsed": 1040.567469, "delta": 6.094856}}
{"target": 0.8420901539688161, "params": {"max_depth": 21.722282707150974, "n_estimators": 130.03104012127946}, "datetime": {"datetime": "2021-09-21 16:22:24", "elapsed": 1044.887764, "delta": 4.320295}}
{"target": 0.8433193485623882, "params": {"max_depth": 28.695725272427296, "n_estimators": 114.65845862083}, "datetime": {"datetime": "2021-09-21 16:22:30", "elapsed": 1050.674423, "delta": 5.786659}}
{"target": 0.8387412077912867, "params": {"max_depth": 10.66888540166012, "n_estimators": 169.8874741422318}, "datetime": {"datetime": "2021-09-21 16:22:34", "elapsed": 1055.379847, "delta": 4.705424}}
{"target": 0.842160137004111, "params": {"max_depth": 16.945920842279904, "n_estimators": 108.85752313805543}, "datetime": {"datetime": "2021-09-21 16:22:39", "elapsed": 1059.53208, "delta": 4.152233}}
{"target": 0.8426685695972649, "params": {"max_depth": 16.272352330043073, "n_estimators": 111.8375832590493}, "datetime": {"datetime": "2021-09-21 16:22:43", "elapsed": 1063.832514, "delta": 4.300434}}
{"target": 0.8410809076512524, "params": {"max_depth": 29.939581836847697, "n_estimators": 192.97651640465676}, "datetime": {"datetime": "2021-09-21 16:22:49", "elapsed": 1069.80384, "delta": 5.971326}}
{"target": 0.8419675429773462, "params": {"max_depth": 15.383484422704155, "n_estimators": 132.143280298967}, "datetime": {"datetime": "2021-09-21 16:22:56", "elapsed": 1076.664707, "delta": 6.860867}}
{"target": 0.8430254558238417, "params": {"max_depth": 28.592237787088536, "n_estimators": 117.75075466303072}, "datetime": {"datetime": "2021-09-21 16:23:00", "elapsed": 1080.876549, "delta": 4.211842}}
{"target": 0.8418385649664771, "params": {"max_depth": 27.215623214596295, "n_estimators": 194.6165522700454}, "datetime": {"datetime": "2021-09-21 16:23:06", "elapsed": 1086.531451, "delta": 5.654902}}
{"target": 0.8375344171973701, "params": {"max_depth": 11.271593511582248, "n_estimators": 187.50160796939065}, "datetime": {"datetime": "2021-09-21 16:23:11", "elapsed": 1092.159416, "delta": 5.627965}}
{"target": 0.8394589501394227, "params": {"max_depth": 17.02494759053345, "n_estimators": 158.1834286893254}, "datetime": {"datetime": "2021-09-21 16:23:17", "elapsed": 1098.252317, "delta": 6.092901}}
{"target": 0.8437442711373366, "params": {"max_depth": 23.70863894449357, "n_estimators": 101.39570276622226}, "datetime": {"datetime": "2021-09-21 16:23:22", "elapsed": 1103.118013, "delta": 4.865696}}
{"target": 0.8440481261361341, "params": {"max_depth": 17.41095631955677, "n_estimators": 110.75239562816418}, "datetime": {"datetime": "2021-09-21 16:23:27", "elapsed": 1107.973026, "delta": 4.855013}}
{"target": 0.8431781007288712, "params": {"max_depth": 18.60775701063757, "n_estimators": 101.21361827541566}, "datetime": {"datetime": "2021-09-21 16:23:31", "elapsed": 1112.163436, "delta": 4.19041}}
{"target": 0.8404660425693123, "params": {"max_depth": 10.127845278236416, "n_estimators": 200.0}, "datetime": {"datetime": "2021-09-21 16:23:37", "elapsed": 1118.170334, "delta": 6.006898}}
{"target": 0.8405077219832162, "params": {"max_depth": 20.940411211967575, "n_estimators": 142.7329756898565}, "datetime": {"datetime": "2021-09-21 16:23:42", "elapsed": 1123.373514, "delta": 5.20318}}
{"target": 0.8429237562930084, "params": {"max_depth": 28.759706937067406, "n_estimators": 123.2542000644475}, "datetime": {"datetime": "2021-09-21 16:23:47", "elapsed": 1128.44121, "delta": 5.067696}}
{"target": 0.8418270333896459, "params": {"max_depth": 16.45927501049546, "n_estimators": 119.06853840779104}, "datetime": {"datetime": "2021-09-21 16:23:53", "elapsed": 1134.031204, "delta": 5.589994}}
{"target": 0.8433011722171023, "params": {"max_depth": 16.28352549241984, "n_estimators": 115.55297499029795}, "datetime": {"datetime": "2021-09-21 16:23:59", "elapsed": 1140.320357, "delta": 6.289153}}
{"target": 0.8420769952356271, "params": {"max_depth": 27.640536451017734, "n_estimators": 129.07544133949963}, "datetime": {"datetime": "2021-09-21 16:24:04", "elapsed": 1144.953396, "delta": 4.633039}}
{"target": 0.8435865473933192, "params": {"max_depth": 21.443988499849432, "n_estimators": 102.13706850738313}, "datetime": {"datetime": "2021-09-21 16:24:08", "elapsed": 1149.400161, "delta": 4.446765}}
{"target": 0.8401729595884752, "params": {"max_depth": 15.002868469329822, "n_estimators": 148.37998848878973}, "datetime": {"datetime": "2021-09-21 16:24:14", "elapsed": 1155.139496, "delta": 5.739335}}
{"target": 0.8411931217522444, "params": {"max_depth": 28.468485299973874, "n_estimators": 198.5953278537556}, "datetime": {"datetime": "2021-09-21 16:24:20", "elapsed": 1160.636413, "delta": 5.496917}}
{"target": 0.8408054493959211, "params": {"max_depth": 13.093638136374645, "n_estimators": 272.0324493442158}, "datetime": {"datetime": "2021-09-21 16:30:11", "elapsed": 0.0, "delta": 0.0}}
{"target": 0.549088795675288, "params": {"max_depth": 1.0033168697030017, "n_estimators": 230.233257263184}, "datetime": {"datetime": "2021-09-21 16:30:13", "elapsed": 1.60852, "delta": 1.60852}}
{"target": 0.8200219600625904, "params": {"max_depth": 5.255920833696278, "n_estimators": 209.2338594768798}, "datetime": {"datetime": "2021-09-21 16:30:15", "elapsed": 3.592821, "delta": 1.984301}}
{"target": 0.828855609857947, "params": {"max_depth": 6.4015461299524565, "n_estimators": 234.55607270430477}, "datetime": {"datetime": "2021-09-21 16:30:17", "elapsed": 6.133597, "delta": 2.540776}}
{"target": 0.8411438084370129, "params": {"max_depth": 12.94644662089336, "n_estimators": 271.8754040551417}, "datetime": {"datetime": "2021-09-21 16:30:21", "elapsed": 9.695189, "delta": 3.561592}}
{"target": 0.8397726708781976, "params": {"max_depth": 11.309564027538308, "n_estimators": 238.48907911716324}, "datetime": {"datetime": "2021-09-21 16:30:25", "elapsed": 13.625534, "delta": 3.930345}}
{"target": 0.8418656222217036, "params": {"max_depth": 14.148593945723771, "n_estimators": 231.54363379983025}, "datetime": {"datetime": "2021-09-21 16:30:30", "elapsed": 18.818059, "delta": 5.192525}}
{"target": 0.8407714733368179, "params": {"max_depth": 18.576264799758043, "n_estimators": 265.47563192523774}, "datetime": {"datetime": "2021-09-21 16:30:36", "elapsed": 24.494862, "delta": 5.676803}}
{"target": 0.8406464821984625, "params": {"max_depth": 10.699147216565986, "n_estimators": 261.703723201165}, "datetime": {"datetime": "2021-09-21 16:30:40", "elapsed": 28.770591, "delta": 4.275729}}
{"target": 0.8412878238855899, "params": {"max_depth": 17.902055513959354, "n_estimators": 256.2493996887989}, "datetime": {"datetime": "2021-09-21 16:30:46", "elapsed": 34.359899, "delta": 5.589308}}
{"target": 0.8385569814775851, "params": {"max_depth": 9.834752072556899, "n_estimators": 251.89576344178835}, "datetime": {"datetime": "2021-09-21 16:30:50", "elapsed": 38.647185, "delta": 4.287286}}
{"target": 0.8407672950848727, "params": {"max_depth": 17.91238678510473, "n_estimators": 247.03076922793414}, "datetime": {"datetime": "2021-09-21 16:30:54", "elapsed": 42.60436, "delta": 3.957175}}
{"target": 0.8412587280570254, "params": {"max_depth": 21.468989912980717, "n_estimators": 237.78497871181727}, "datetime": {"datetime": "2021-09-21 16:30:59", "elapsed": 47.733639, "delta": 5.129279}}
{"target": 0.8407166162887195, "params": {"max_depth": 26.961363126456604, "n_estimators": 245.6893016948938}, "datetime": {"datetime": "2021-09-21 16:31:04", "elapsed": 52.379893, "delta": 4.646254}}
{"target": 0.8406782841335013, "params": {"max_depth": 27.044700507903915, "n_estimators": 254.93930349944355}, "datetime": {"datetime": "2021-09-21 16:31:08", "elapsed": 56.845514, "delta": 4.465621}}
{"target": 0.8411906908435308, "params": {"max_depth": 28.223740110307318, "n_estimators": 264.24978081189084}, "datetime": {"datetime": "2021-09-21 16:31:13", "elapsed": 61.266903, "delta": 4.421389}}
{"target": 0.8410775124401086, "params": {"max_depth": 24.679547343910112, "n_estimators": 272.7729016515909}, "datetime": {"datetime": "2021-09-21 16:31:16", "elapsed": 65.10507, "delta": 3.838167}}
{"target": 0.8413601499507236, "params": {"max_depth": 23.18775774637192, "n_estimators": 228.69173066134113}, "datetime": {"datetime": "2021-09-21 16:31:20", "elapsed": 68.264112, "delta": 3.159042}}
{"target": 0.8412273386729598, "params": {"max_depth": 29.885494016019496, "n_estimators": 235.37441162496702}, "datetime": {"datetime": "2021-09-21 16:31:23", "elapsed": 71.166841, "delta": 2.902729}}
{"target": 0.8200122078356105, "params": {"max_depth": 5.050310077567342, "n_estimators": 244.0127858555383}, "datetime": {"datetime": "2021-09-21 16:31:25", "elapsed": 73.170682, "delta": 2.003841}}
{"target": 0.767428208625311, "params": {"max_depth": 3.5498650862234817, "n_estimators": 267.81801500908796}, "datetime": {"datetime": "2021-09-21 16:31:27", "elapsed": 75.450374, "delta": 2.279692}}
{"target": 0.8414272655163421, "params": {"max_depth": 29.75036144764931, "n_estimators": 224.4332509234705}, "datetime": {"datetime": "2021-09-21 16:31:30", "elapsed": 78.183652, "delta": 2.733278}}
{"target": 0.8419589331391775, "params": {"max_depth": 22.210751108874287, "n_estimators": 220.25604869639392}, "datetime": {"datetime": "2021-09-21 16:31:32", "elapsed": 80.616638, "delta": 2.432986}}
{"target": 0.8416503604779109, "params": {"max_depth": 29.398406204265143, "n_estimators": 215.7790687740179}, "datetime": {"datetime": "2021-09-21 16:31:34", "elapsed": 83.084338, "delta": 2.4677}}
{"target": 0.8411764015938811, "params": {"max_depth": 21.97310570693487, "n_estimators": 211.56191001711605}, "datetime": {"datetime": "2021-09-21 16:31:37", "elapsed": 85.532168, "delta": 2.44783}}
{"target": 0.8410680461945346, "params": {"max_depth": 29.35474499593619, "n_estimators": 207.01906920596562}, "datetime": {"datetime": "2021-09-21 16:31:39", "elapsed": 87.925939, "delta": 2.393771}}
{"target": 0.8403415354082444, "params": {"max_depth": 21.919731000511252, "n_estimators": 202.64258895424263}, "datetime": {"datetime": "2021-09-21 16:31:42", "elapsed": 90.291798, "delta": 2.365859}}
{"target": 0.8430255764224068, "params": {"max_depth": 14.592438214430183, "n_estimators": 216.22170313531876}, "datetime": {"datetime": "2021-09-21 16:31:44", "elapsed": 92.476212, "delta": 2.184414}}
{"target": 0.8416846411079661, "params": {"max_depth": 15.090921178500452, "n_estimators": 207.37352070596134}, "datetime": {"datetime": "2021-09-21 16:31:46", "elapsed": 94.769991, "delta": 2.293779}}
{"target": 0.8419673110819185, "params": {"max_depth": 15.705515839932453, "n_estimators": 223.9637127793971}, "datetime": {"datetime": "2021-09-21 16:31:49", "elapsed": 97.202491, "delta": 2.4325}}
{"target": 0.8418527094252981, "params": {"max_depth": 29.799316527502036, "n_estimators": 280.4083339191211}, "datetime": {"datetime": "2021-09-21 16:31:52", "elapsed": 100.464573, "delta": 3.262082}}
{"target": 0.8416435310574472, "params": {"max_depth": 21.203559941130365, "n_estimators": 281.41069501234057}, "datetime": {"datetime": "2021-09-21 16:31:56", "elapsed": 104.5124, "delta": 4.047827}}
{"target": 0.8410788571353723, "params": {"max_depth": 26.449792613702996, "n_estimators": 288.62875716471194}, "datetime": {"datetime": "2021-09-21 16:32:00", "elapsed": 108.560082, "delta": 4.047682}}
{"target": 0.8412948085543346, "params": {"max_depth": 17.4623508189368, "n_estimators": 289.68494954494184}, "datetime": {"datetime": "2021-09-21 16:32:04", "elapsed": 112.986674, "delta": 4.426592}}
{"target": 0.8411156358515246, "params": {"max_depth": 22.64604143676196, "n_estimators": 296.95170019425444}, "datetime": {"datetime": "2021-09-21 16:32:09", "elapsed": 117.737948, "delta": 4.751274}}
{"target": 0.8409149159533814, "params": {"max_depth": 13.716921838511, "n_estimators": 298.03651472246065}, "datetime": {"datetime": "2021-09-21 16:32:13", "elapsed": 121.696086, "delta": 3.958138}}
{"target": 0.8376865639137272, "params": {"max_depth": 8.469708713903612, "n_estimators": 290.70149477691706}, "datetime": {"datetime": "2021-09-21 16:32:16", "elapsed": 125.051637, "delta": 3.355551}}
{"target": 0.8417437465301038, "params": {"max_depth": 12.308746547566825, "n_estimators": 282.62176397808975}, "datetime": {"datetime": "2021-09-21 16:32:20", "elapsed": 129.086095, "delta": 4.034458}}
{"target": 0.8038472910293002, "params": {"max_depth": 4.944254459571091, "n_estimators": 299.297086417841}, "datetime": {"datetime": "2021-09-21 16:32:23", "elapsed": 131.249633, "delta": 2.163538}}
{"target": 0.767525711315505, "params": {"max_depth": 3.4794384468424204, "n_estimators": 283.39217478478986}, "datetime": {"datetime": "2021-09-21 16:32:24", "elapsed": 132.450919, "delta": 1.201286}}
{"target": 0.8403791793755853, "params": {"max_depth": 13.58431445458777, "n_estimators": 200.0}, "datetime": {"datetime": "2021-09-21 16:32:25", "elapsed": 134.010452, "delta": 1.559533}}
{"target": 0.8406527827184752, "params": {"max_depth": 29.905507920035244, "n_estimators": 299.1888322066618}, "datetime": {"datetime": "2021-09-21 16:32:28", "elapsed": 136.393733, "delta": 2.383281}}
{"target": 0.8407970552965264, "params": {"max_depth": 29.735257429626962, "n_estimators": 200.25455135613015}, "datetime": {"datetime": "2021-09-21 16:32:29", "elapsed": 138.025021, "delta": 1.631288}}
{"target": 0.5513092224277858, "params": {"max_depth": 1.0, "n_estimators": 200.0}, "datetime": {"datetime": "2021-09-21 16:32:30", "elapsed": 138.762972, "delta": 0.737951}}
{"target": 0.5461131881092238, "params": {"max_depth": 1.1345276784552705, "n_estimators": 255.34526660898132}, "datetime": {"datetime": "2021-09-21 16:32:31", "elapsed": 139.748002, "delta": 0.98503}}
{"target": 0.8306956915953551, "params": {"max_depth": 6.74553922380905, "n_estimators": 216.02569671268148}, "datetime": {"datetime": "2021-09-21 16:32:32", "elapsed": 141.130005, "delta": 1.382003}}
{"target": 0.8410775124401086, "params": {"max_depth": 29.98705672443034, "n_estimators": 272.35341742199535}, "datetime": {"datetime": "2021-09-21 16:32:35", "elapsed": 143.280046, "delta": 2.150041}}
{"target": 0.8393351182932914, "params": {"max_depth": 11.924382883893543, "n_estimators": 246.45392705408136}, "datetime": {"datetime": "2021-09-21 16:32:37", "elapsed": 145.34508, "delta": 2.065034}}
{"target": 0.8407550228754043, "params": {"max_depth": 29.93766974588773, "n_estimators": 291.99817484116613}, "datetime": {"datetime": "2021-09-21 16:32:39", "elapsed": 148.123082, "delta": 2.778002}}
{"target": 0.8409242544015125, "params": {"max_depth": 30.0, "n_estimators": 250.3476860604581}, "datetime": {"datetime": "2021-09-21 16:32:42", "elapsed": 150.585071, "delta": 2.461989}}
{"target": 0.5447896627610371, "params": {"max_depth": 1.0, "n_estimators": 292.7526029432647}, "datetime": {"datetime": "2021-09-21 16:32:44", "elapsed": 152.815071, "delta": 2.23}}
{"target": 0.8293066180074895, "params": {"max_depth": 6.715710864217972, "n_estimators": 276.25701606485745}, "datetime": {"datetime": "2021-09-21 16:32:47", "elapsed": 155.37307, "delta": 2.557999}}
{"target": 0.8408911449247742, "params": {"max_depth": 12.707821198024376, "n_estimators": 292.1373466773274}, "datetime": {"datetime": "2021-09-21 16:32:49", "elapsed": 158.156107, "delta": 2.783037}}
{"target": 0.8408039258266129, "params": {"max_depth": 30.0, "n_estimators": 241.2944083630976}, "datetime": {"datetime": "2021-09-21 16:32:52", "elapsed": 160.554105, "delta": 2.397998}}
{"target": 0.5508826445829025, "params": {"max_depth": 1.0, "n_estimators": 214.09680597761414}, "datetime": {"datetime": "2021-09-21 16:32:53", "elapsed": 161.58707, "delta": 1.032965}}
{"target": 0.8412343181112304, "params": {"max_depth": 10.360137472060526, "n_estimators": 211.81292350656295}, "datetime": {"datetime": "2021-09-21 16:32:55", "elapsed": 163.499642, "delta": 1.912572}}
{"target": 0.8416225298832594, "params": {"max_depth": 10.169643450514059, "n_estimators": 220.83611652793047}, "datetime": {"datetime": "2021-09-21 16:32:57", "elapsed": 165.543636, "delta": 2.043994}}
{"target": 0.8417105873848465, "params": {"max_depth": 23.0196138520575, "n_estimators": 260.58490995393515}, "datetime": {"datetime": "2021-09-21 16:32:59", "elapsed": 167.828662, "delta": 2.285026}}
{"target": 0.8409242544015125, "params": {"max_depth": 22.521391125968076, "n_estimators": 250.96970210355252}, "datetime": {"datetime": "2021-09-21 16:33:01", "elapsed": 169.887699, "delta": 2.059037}}
{"target": 0.8398479846165416, "params": {"max_depth": 9.762816167783958, "n_estimators": 205.5748486437311}, "datetime": {"datetime": "2021-09-21 16:33:03", "elapsed": 171.535664, "delta": 1.647965}}
{"target": 0.8416283873019548, "params": {"max_depth": 30.0, "n_estimators": 259.1548018957116}, "datetime": {"datetime": "2021-09-21 16:33:05", "elapsed": 173.689671, "delta": 2.154007}}
{"target": 0.8415724069876349, "params": {"max_depth": 14.991346806043477, "n_estimators": 251.94734159638045}, "datetime": {"datetime": "2021-09-21 16:33:07", "elapsed": 175.81073, "delta": 2.121059}}
{"target": 0.8412396638033734, "params": {"max_depth": 29.913446236274908, "n_estimators": 229.8937780729945}, "datetime": {"datetime": "2021-09-21 16:33:09", "elapsed": 177.799759, "delta": 1.989029}}
{"target": 0.8387398102987528, "params": {"max_depth": 9.705560863905811, "n_estimators": 300.0}, "datetime": {"datetime": "2021-09-21 16:33:11", "elapsed": 179.941806, "delta": 2.142047}}
{"target": 0.8405807110730503, "params": {"max_depth": 19.04275110768612, "n_estimators": 299.75270846412207}, "datetime": {"datetime": "2021-09-21 16:33:14", "elapsed": 182.487551, "delta": 2.545745}}
{"target": 0.5458974500533361, "params": {"max_depth": 1.0114134234701293, "n_estimators": 275.4500988454269}, "datetime": {"datetime": "2021-09-21 16:33:15", "elapsed": 183.594554, "delta": 1.107003}}
{"target": 0.840189193302898, "params": {"max_depth": 11.061792714373441, "n_estimators": 277.3970635654436}, "datetime": {"datetime": "2021-09-21 16:33:17", "elapsed": 185.94108, "delta": 2.346526}}
{"target": 0.8412168508717216, "params": {"max_depth": 19.333305679005925, "n_estimators": 275.4571377683389}, "datetime": {"datetime": "2021-09-21 16:33:20", "elapsed": 188.61308, "delta": 2.672}}
{"target": 0.8405476483398198, "params": {"max_depth": 10.368985903024136, "n_estimators": 286.8409336580191}, "datetime": {"datetime": "2021-09-21 16:33:23", "elapsed": 191.896613, "delta": 3.283533}}
{"target": 0.8415492602769038, "params": {"max_depth": 29.972028655172096, "n_estimators": 285.7827903356753}, "datetime": {"datetime": "2021-09-21 16:33:26", "elapsed": 195.070334, "delta": 3.173721}}
{"target": 0.8414541591487578, "params": {"max_depth": 15.512449185727267, "n_estimators": 260.9343419179492}, "datetime": {"datetime": "2021-09-21 16:33:29", "elapsed": 197.315997, "delta": 2.245663}}
{"target": 0.8407138378995169, "params": {"max_depth": 18.382573000897565, "n_estimators": 200.0}, "datetime": {"datetime": "2021-09-21 16:33:31", "elapsed": 199.306792, "delta": 1.990795}}
{"target": 0.8407077313572766, "params": {"max_depth": 22.00372007207917, "n_estimators": 242.99961407962482}, "datetime": {"datetime": "2021-09-21 16:33:33", "elapsed": 201.6111, "delta": 2.304308}}
{"target": 0.8203887122137562, "params": {"max_depth": 5.875133347877208, "n_estimators": 239.18042555444265}, "datetime": {"datetime": "2021-09-21 16:33:35", "elapsed": 203.286019, "delta": 1.674919}}
{"target": 0.8407984517481906, "params": {"max_depth": 16.580648305346735, "n_estimators": 240.52635299290068}, "datetime": {"datetime": "2021-09-21 16:33:37", "elapsed": 205.586434, "delta": 2.300415}}
{"target": 0.8409330224668855, "params": {"max_depth": 12.31830639808131, "n_estimators": 265.98485720312107}, "datetime": {"datetime": "2021-09-21 16:33:39", "elapsed": 207.853056, "delta": 2.266622}}
{"target": 0.8410719020948297, "params": {"max_depth": 23.91274628208825, "n_estimators": 267.8062430340191}, "datetime": {"datetime": "2021-09-21 16:33:42", "elapsed": 210.23962, "delta": 2.386564}}
{"target": 0.8406132843465127, "params": {"max_depth": 19.28913636862869, "n_estimators": 232.66070410656036}, "datetime": {"datetime": "2021-09-21 16:33:44", "elapsed": 212.431556, "delta": 2.191936}}
{"target": 0.8418664279747847, "params": {"max_depth": 25.52378226562812, "n_estimators": 278.2975714426589}, "datetime": {"datetime": "2021-09-21 16:33:46", "elapsed": 214.646955, "delta": 2.215399}}
{"target": 0.8410788940091409, "params": {"max_depth": 25.2559310610232, "n_estimators": 233.72511520777283}, "datetime": {"datetime": "2021-09-21 16:33:48", "elapsed": 216.949955, "delta": 2.303}}
{"target": 0.8406527827184752, "params": {"max_depth": 25.41621440418607, "n_estimators": 299.81118656822133}, "datetime": {"datetime": "2021-09-21 16:33:51", "elapsed": 219.857736, "delta": 2.907781}}
{"target": 0.8407970552965264, "params": {"max_depth": 25.116601861230734, "n_estimators": 200.0}, "datetime": {"datetime": "2021-09-21 16:33:54", "elapsed": 222.561116, "delta": 2.70338}}
{"target": 0.8415073085004318, "params": {"max_depth": 12.391622359705792, "n_estimators": 256.5132252200062}, "datetime": {"datetime": "2021-09-21 16:33:57", "elapsed": 225.310642, "delta": 2.749526}}
