{"target": -11.755378220222568, "params": {"max_depth": 25.027259620740406, "n_estimators": 65.97304220124354}, "datetime": {"datetime": "2021-09-27 17:02:15", "elapsed": 567.200291, "delta": 2.590037}}
{"target": -11.828869610566043, "params": {"max_depth": 28.319141080711102, "n_estimators": 99.96972059097774}, "datetime": {"datetime": "2021-09-27 17:02:18", "elapsed": 570.232224, "delta": 3.031933}}
{"target": -11.833658950326061, "params": {"max_depth": 28.369471947755716, "n_estimators": 30.45087191856245}, "datetime": {"datetime": "2021-09-27 17:02:21", "elapsed": 573.667847, "delta": 3.435623}}
{"target": -11.921795488300942, "params": {"max_depth": 22.230972984223797, "n_estimators": 84.06126953728588}, "datetime": {"datetime": "2021-09-27 17:02:24", "elapsed": 576.436824, "delta": 2.768977}}
{"target": -11.806272393274508, "params": {"max_depth": 30.0, "n_estimators": 46.63831208326019}, "datetime": {"datetime": "2021-09-27 17:02:27", "elapsed": 579.849792, "delta": 3.412968}}
{"target": -11.798009995006312, "params": {"max_depth": 25.447425372714598, "n_estimators": 19.382395060460777}, "datetime": {"datetime": "2021-09-27 17:02:31", "elapsed": 583.143167, "delta": 3.293375}}
{"target": -11.798009995006312, "params": {"max_depth": 23.577804366900434, "n_estimators": 19.821523183620958}, "datetime": {"datetime": "2021-09-27 17:02:33", "elapsed": 585.728368, "delta": 2.585201}}
{"target": -11.912220300932736, "params": {"max_depth": 22.513280986079195, "n_estimators": 53.88778152725929}, "datetime": {"datetime": "2021-09-27 17:02:37", "elapsed": 589.168283, "delta": 3.439915}}
{"target": -11.806728546143317, "params": {"max_depth": 24.10681459639227, "n_estimators": 55.8370757938513}, "datetime": {"datetime": "2021-09-27 17:02:39", "elapsed": 591.716035, "delta": 2.547752}}
{"target": -11.801640026365497, "params": {"max_depth": 29.293818646982956, "n_estimators": 56.6630899165947}, "datetime": {"datetime": "2021-09-27 17:02:42", "elapsed": 594.206167, "delta": 2.490132}}
{"target": -11.65507390721856, "params": {"max_depth": 14.500663890244704, "n_estimators": 68.67683917724452}, "datetime": {"datetime": "2021-09-27 17:02:45", "elapsed": 597.540725, "delta": 3.334558}}
{"target": -11.910806051351031, "params": {"max_depth": 21.545135737862196, "n_estimators": 50.26704469374847}, "datetime": {"datetime": "2021-09-27 17:02:48", "elapsed": 600.23585, "delta": 2.695125}}
{"target": -11.755378220222568, "params": {"max_depth": 29.066074038401744, "n_estimators": 65.04811158840253}, "datetime": {"datetime": "2021-09-27 17:02:51", "elapsed": 602.992166, "delta": 2.756316}}
{"target": -11.73900725533437, "params": {"max_depth": 17.902724123547422, "n_estimators": 61.31371226989647}, "datetime": {"datetime": "2021-09-27 17:02:55", "elapsed": 607.401937, "delta": 4.409771}}
{"target": -11.64577118291149, "params": {"max_depth": 14.664463403686916, "n_estimators": 67.84156119915488}, "datetime": {"datetime": "2021-09-27 17:02:59", "elapsed": 611.352288, "delta": 3.950351}}
{"target": -11.936239899847738, "params": {"max_depth": 19.76499016899508, "n_estimators": 76.80774671557039}, "datetime": {"datetime": "2021-09-27 17:03:02", "elapsed": 614.650846, "delta": 3.298558}}
{"target": -11.837314437712406, "params": {"max_depth": 18.691691615817177, "n_estimators": 74.71057670192538}, "datetime": {"datetime": "2021-09-27 17:03:06", "elapsed": 618.332148, "delta": 3.681302}}
{"target": -11.883988067365898, "params": {"max_depth": 22.19714682233756, "n_estimators": 76.52279552179014}, "datetime": {"datetime": "2021-09-27 17:03:09", "elapsed": 621.079015, "delta": 2.746867}}
{"target": -11.776580979405493, "params": {"max_depth": 18.49738723942123, "n_estimators": 47.749605126265294}, "datetime": {"datetime": "2021-09-27 17:03:14", "elapsed": 626.193878, "delta": 5.114863}}
{"target": -11.882486790949224, "params": {"max_depth": 28.1382595630872, "n_estimators": 91.52799428845246}, "datetime": {"datetime": "2021-09-27 17:03:16", "elapsed": 628.628112, "delta": 2.434234}}
{"target": -11.642299361807336, "params": {"max_depth": 14.56413593046774, "n_estimators": 70.02880556710437}, "datetime": {"datetime": "2021-09-27 17:03:21", "elapsed": 633.864783, "delta": 5.236671}}
{"target": -11.939583890055525, "params": {"max_depth": 28.084822090394034, "n_estimators": 42.432144669542396}, "datetime": {"datetime": "2021-09-27 17:03:24", "elapsed": 636.770645, "delta": 2.905862}}
{"target": -11.875767626683551, "params": {"max_depth": 18.317124854389668, "n_estimators": 84.8215220801115}, "datetime": {"datetime": "2021-09-27 17:03:28", "elapsed": 640.842363, "delta": 4.071718}}
{"target": -11.925962672817555, "params": {"max_depth": 13.725485819158845, "n_estimators": 85.43861916878467}, "datetime": {"datetime": "2021-09-27 17:03:33", "elapsed": 645.354918, "delta": 4.512555}}
{"target": -11.771481327960727, "params": {"max_depth": 14.815061705790882, "n_estimators": 57.501975697273224}, "datetime": {"datetime": "2021-09-27 17:03:37", "elapsed": 649.031448, "delta": 3.67653}}
{"target": -11.887375932841563, "params": {"max_depth": 15.554960640766023, "n_estimators": 86.76407558662189}, "datetime": {"datetime": "2021-09-27 17:03:40", "elapsed": 652.375582, "delta": 3.344134}}
{"target": -11.918958419553501, "params": {"max_depth": 13.608498903846556, "n_estimators": 77.78581604121716}, "datetime": {"datetime": "2021-09-27 17:03:43", "elapsed": 655.311476, "delta": 2.935894}}
{"target": -11.910261802873064, "params": {"max_depth": 13.842671748162713, "n_estimators": 73.92119991222253}, "datetime": {"datetime": "2021-09-27 17:03:46", "elapsed": 658.261775, "delta": 2.950299}}
{"target": -12.015239769335347, "params": {"max_depth": 10.857773474821201, "n_estimators": 75.78461092959613}, "datetime": {"datetime": "2021-09-27 17:03:49", "elapsed": 661.231976, "delta": 2.970201}}
{"target": -11.697302706460473, "params": {"max_depth": 14.596010088950589, "n_estimators": 73.02667967109987}, "datetime": {"datetime": "2021-09-27 17:03:52", "elapsed": 664.413047, "delta": 3.181071}}
{"target": -11.873999186989792, "params": {"max_depth": 15.395918926940451, "n_estimators": 74.93348006409944}, "datetime": {"datetime": "2021-09-27 17:03:55", "elapsed": 667.747623, "delta": 3.334576}}
{"target": -12.411391994587877, "params": {"max_depth": 20.784599706773356, "n_estimators": 14.748452520342926}, "datetime": {"datetime": "2021-09-27 17:03:58", "elapsed": 670.481353, "delta": 2.73373}}
{"target": -11.920316062297898, "params": {"max_depth": 25.544080374120735, "n_estimators": 86.17709589978848}, "datetime": {"datetime": "2021-09-27 17:04:01", "elapsed": 673.333245, "delta": 2.851892}}
{"target": -11.92472420913326, "params": {"max_depth": 21.822560839560154, "n_estimators": 89.63937115972827}, "datetime": {"datetime": "2021-09-27 17:04:04", "elapsed": 676.426404, "delta": 3.093159}}
{"target": -11.88855825480994, "params": {"max_depth": 20.991974825492946, "n_estimators": 94.11860311880572}, "datetime": {"datetime": "2021-09-27 17:04:08", "elapsed": 680.655731, "delta": 4.229327}}
{"target": -11.91420426116545, "params": {"max_depth": 28.18114839968595, "n_estimators": 84.04556454529184}, "datetime": {"datetime": "2021-09-27 17:04:12", "elapsed": 684.027914, "delta": 3.372183}}
{"target": -11.94400604116831, "params": {"max_depth": 21.013806402845958, "n_estimators": 33.01297552602783}, "datetime": {"datetime": "2021-09-27 17:04:15", "elapsed": 686.969171, "delta": 2.941257}}
{"target": -11.844563764896547, "params": {"max_depth": 17.8629444554049, "n_estimators": 81.88696296848248}, "datetime": {"datetime": "2021-09-27 17:04:19", "elapsed": 690.953543, "delta": 3.984372}}
{"target": -11.836946002465325, "params": {"max_depth": 17.9783445555167, "n_estimators": 52.973747251551636}, "datetime": {"datetime": "2021-09-27 17:04:22", "elapsed": 694.317015, "delta": 3.363472}}
{"target": -11.755378220222568, "params": {"max_depth": 27.09638332064249, "n_estimators": 65.06612614874511}, "datetime": {"datetime": "2021-09-27 17:04:25", "elapsed": 697.776179, "delta": 3.459164}}
{"target": -11.756246856301034, "params": {"max_depth": 14.163458682561753, "n_estimators": 63.9747818336403}, "datetime": {"datetime": "2021-09-27 17:04:28", "elapsed": 700.715687, "delta": 2.939508}}
{"target": -11.883564900879836, "params": {"max_depth": 21.780234839018007, "n_estimators": 74.59888390635388}, "datetime": {"datetime": "2021-09-27 17:04:31", "elapsed": 703.447857, "delta": 2.73217}}
{"target": -12.011234384509772, "params": {"max_depth": 17.572215078092018, "n_estimators": 20.312268290756588}, "datetime": {"datetime": "2021-09-27 17:04:34", "elapsed": 706.823105, "delta": 3.375248}}
{"target": -11.786495586570553, "params": {"max_depth": 29.35737351139928, "n_estimators": 70.95234271668386}, "datetime": {"datetime": "2021-09-27 17:04:37", "elapsed": 709.418006, "delta": 2.594901}}
{"target": -11.766484524309758, "params": {"max_depth": 20.073959932814105, "n_estimators": 70.82661365131588}, "datetime": {"datetime": "2021-09-27 17:04:40", "elapsed": 712.248519, "delta": 2.830513}}
{"target": -11.768833330116246, "params": {"max_depth": 20.910464164423303, "n_estimators": 56.31496809306356}, "datetime": {"datetime": "2021-09-27 17:04:42", "elapsed": 714.774396, "delta": 2.525877}}
{"target": -11.763203232763276, "params": {"max_depth": 29.20547662947715, "n_estimators": 68.69659044279086}, "datetime": {"datetime": "2021-09-27 17:04:46", "elapsed": 718.806573, "delta": 4.032177}}
{"target": -11.790089498268328, "params": {"max_depth": 29.10730077853697, "n_estimators": 63.61472134413317}, "datetime": {"datetime": "2021-09-27 17:04:50", "elapsed": 721.977168, "delta": 3.170595}}
{"target": -11.948635338197663, "params": {"max_depth": 22.626083693831823, "n_estimators": 37.59130578904181}, "datetime": {"datetime": "2021-09-27 17:04:53", "elapsed": 725.314175, "delta": 3.337007}}
{"target": -11.788785938443876, "params": {"max_depth": 22.44956223913968, "n_estimators": 69.64611146807056}, "datetime": {"datetime": "2021-09-27 17:04:56", "elapsed": 728.267055, "delta": 2.95288}}
{"target": -11.722059053401546, "params": {"max_depth": 15.424907367141222, "n_estimators": 66.70173904506608}, "datetime": {"datetime": "2021-09-27 17:05:01", "elapsed": 732.948474, "delta": 4.681419}}
{"target": -11.91004258071665, "params": {"max_depth": 21.899158942230343, "n_estimators": 44.1498079824809}, "datetime": {"datetime": "2021-09-27 17:05:04", "elapsed": 736.629275, "delta": 3.680801}}
{"target": -11.820292127020899, "params": {"max_depth": 29.994803181385564, "n_estimators": 59.12652570982998}, "datetime": {"datetime": "2021-09-27 17:05:07", "elapsed": 739.857271, "delta": 3.227996}}
{"target": -11.64577118291149, "params": {"max_depth": 14.387642498579687, "n_estimators": 67.38111401530202}, "datetime": {"datetime": "2021-09-27 17:05:11", "elapsed": 743.297756, "delta": 3.440485}}
{"target": -11.821492481262744, "params": {"max_depth": 17.646387995042954, "n_estimators": 79.01171691294773}, "datetime": {"datetime": "2021-09-27 17:05:15", "elapsed": 747.336352, "delta": 4.038596}}
{"target": -11.918021509137695, "params": {"max_depth": 13.958465413321333, "n_estimators": 94.34985564573122}, "datetime": {"datetime": "2021-09-27 17:05:19", "elapsed": 751.451098, "delta": 4.114746}}
{"target": -11.957045666241758, "params": {"max_depth": 16.70845193540544, "n_estimators": 34.69133960297235}, "datetime": {"datetime": "2021-09-27 17:05:25", "elapsed": 757.311633, "delta": 5.860535}}
{"target": -11.857397342532193, "params": {"max_depth": 20.301370998391008, "n_estimators": 35.15360860951836}, "datetime": {"datetime": "2021-09-27 17:05:29", "elapsed": 761.378201, "delta": 4.066568}}
{"target": -11.835041836361547, "params": {"max_depth": 15.138155055496442, "n_estimators": 92.02816831004999}, "datetime": {"datetime": "2021-09-27 17:05:32", "elapsed": 764.747147, "delta": 3.368946}}
{"target": -11.848338033196944, "params": {"max_depth": 18.213668599546985, "n_estimators": 91.27525283629919}, "datetime": {"datetime": "2021-09-27 17:05:38", "elapsed": 770.521926, "delta": 5.774779}}
{"target": -11.889371785642588, "params": {"max_depth": 22.563796446110395, "n_estimators": 80.407570138093}, "datetime": {"datetime": "2021-09-27 17:05:43", "elapsed": 775.462747, "delta": 4.940821}}
{"target": -11.796311374485201, "params": {"max_depth": 28.109037343394764, "n_estimators": 60.9526482409871}, "datetime": {"datetime": "2021-09-27 17:05:48", "elapsed": 780.252207, "delta": 4.78946}}
{"target": -11.78074088634852, "params": {"max_depth": 14.665810668050549, "n_estimators": 46.40518579760129}, "datetime": {"datetime": "2021-09-27 17:05:52", "elapsed": 783.88772, "delta": 3.635513}}
{"target": -11.802007519088228, "params": {"max_depth": 20.990952461264936, "n_estimators": 47.033134429933334}, "datetime": {"datetime": "2021-09-27 17:05:56", "elapsed": 788.237761, "delta": 4.350041}}
{"target": -11.845899264594458, "params": {"max_depth": 25.618281703860884, "n_estimators": 93.94166562400117}, "datetime": {"datetime": "2021-09-27 17:06:02", "elapsed": 793.870211, "delta": 5.63245}}
{"target": -11.912068551961308, "params": {"max_depth": 23.936447005095147, "n_estimators": 89.237063622298}, "datetime": {"datetime": "2021-09-27 17:06:06", "elapsed": 798.77949, "delta": 4.909279}}
{"target": -11.642299361807336, "params": {"max_depth": 14.436666689512787, "n_estimators": 70.5028108006165}, "datetime": {"datetime": "2021-09-27 17:06:11", "elapsed": 803.23068, "delta": 4.45119}}
{"target": -11.871223104252778, "params": {"max_depth": 29.943500371555174, "n_estimators": 95.74477417238666}, "datetime": {"datetime": "2021-09-27 17:06:17", "elapsed": 809.732348, "delta": 6.501668}}
{"target": -11.832327449858218, "params": {"max_depth": 17.174484103456628, "n_estimators": 172.03244934421582}, "datetime": {"datetime": "2021-09-27 17:15:40", "elapsed": 0.0, "delta": 0.0}}
{"target": -12.214745834704603, "params": {"max_depth": 8.002516245981587, "n_estimators": 130.233257263184}, "datetime": {"datetime": "2021-09-27 17:15:41", "elapsed": 0.750499, "delta": 0.750499}}
{"target": -12.044582664502181, "params": {"max_depth": 11.228629597976486, "n_estimators": 109.23385947687979}, "datetime": {"datetime": "2021-09-27 17:15:42", "elapsed": 1.602457, "delta": 0.851958}}
{"target": -11.992569442585218, "params": {"max_depth": 12.09772465030876, "n_estimators": 134.55607270430477}, "datetime": {"datetime": "2021-09-27 17:15:43", "elapsed": 2.61146, "delta": 1.009003}}
{"target": -11.962155093399263, "params": {"max_depth": 16.72888443307474, "n_estimators": 153.8816734003357}, "datetime": {"datetime": "2021-09-27 17:15:44", "elapsed": 3.753474, "delta": 1.142014}}
{"target": -11.833543614560948, "params": {"max_depth": 17.062821574470824, "n_estimators": 171.8754040551417}, "datetime": {"datetime": "2021-09-27 17:15:46", "elapsed": 5.087506, "delta": 1.334032}}
{"target": -11.846487438629753, "params": {"max_depth": 23.465099429975492, "n_estimators": 169.0739644791104}, "datetime": {"datetime": "2021-09-27 17:15:47", "elapsed": 6.545512, "delta": 1.458006}}
{"target": -11.865773880453897, "params": {"max_depth": 26.214026238429295, "n_estimators": 179.23896679532896}, "datetime": {"datetime": "2021-09-27 17:15:48", "elapsed": 7.924512, "delta": 1.379}}
{"target": -11.921089065135945, "params": {"max_depth": 13.175797007932651, "n_estimators": 183.58856336808742}, "datetime": {"datetime": "2021-09-27 17:15:50", "elapsed": 9.221451, "delta": 1.296939}}
{"target": -11.859148079776135, "params": {"max_depth": 25.168668252632138, "n_estimators": 138.4171107050166}, "datetime": {"datetime": "2021-09-27 17:15:51", "elapsed": 10.478978, "delta": 1.257527}}
{"target": -11.860633379601303, "params": {"max_depth": 30.0, "n_estimators": 127.69989442458748}, "datetime": {"datetime": "2021-09-27 17:15:52", "elapsed": 11.793505, "delta": 1.314527}}
{"target": -11.846208340719217, "params": {"max_depth": 30.0, "n_estimators": 195.16605617255544}, "datetime": {"datetime": "2021-09-27 17:15:54", "elapsed": 13.576018, "delta": 1.782513}}
{"target": -11.875134103176096, "params": {"max_depth": 19.697303098318944, "n_estimators": 200.0}, "datetime": {"datetime": "2021-09-27 17:15:56", "elapsed": 15.120655, "delta": 1.544637}}
{"target": -11.861277117968646, "params": {"max_depth": 30.0, "n_estimators": 114.67764271673329}, "datetime": {"datetime": "2021-09-27 17:15:57", "elapsed": 16.1987, "delta": 1.078045}}
{"target": -11.836720342050796, "params": {"max_depth": 30.0, "n_estimators": 100.30030173887062}, "datetime": {"datetime": "2021-09-27 17:15:58", "elapsed": 17.17637, "delta": 0.97767}}
{"target": -12.281598657267475, "params": {"max_depth": 8.128418537246484, "n_estimators": 199.93214888081977}, "datetime": {"datetime": "2021-09-27 17:15:59", "elapsed": 18.410751, "delta": 1.234381}}
{"target": -11.837238669891141, "params": {"max_depth": 29.898347370319186, "n_estimators": 150.63023322245186}, "datetime": {"datetime": "2021-09-27 17:16:00", "elapsed": 19.668731, "delta": 1.25798}}
{"target": -11.841887902694529, "params": {"max_depth": 30.0, "n_estimators": 160.70886626233755}, "datetime": {"datetime": "2021-09-27 17:16:01", "elapsed": 20.877667, "delta": 1.208936}}
{"target": -11.835778192027895, "params": {"max_depth": 22.83154573583623, "n_estimators": 189.83468532760477}, "datetime": {"datetime": "2021-09-27 17:16:03", "elapsed": 22.982281, "delta": 2.104614}}
{"target": -11.827918334598833, "params": {"max_depth": 20.53897656667031, "n_estimators": 100.02185804693335}, "datetime": {"datetime": "2021-09-27 17:16:04", "elapsed": 23.91028, "delta": 0.927999}}
{"target": -12.287506899972907, "params": {"max_depth": 8.0, "n_estimators": 173.10525247828144}, "datetime": {"datetime": "2021-09-27 17:16:06", "elapsed": 25.39834, "delta": 1.48806}}
{"target": -11.836948637567705, "params": {"max_depth": 25.082294183577226, "n_estimators": 106.77175587089562}, "datetime": {"datetime": "2021-09-27 17:16:07", "elapsed": 26.613027, "delta": 1.214687}}
{"target": -11.836586245413654, "params": {"max_depth": 30.0, "n_estimators": 186.7948363718658}, "datetime": {"datetime": "2021-09-27 17:16:09", "elapsed": 28.086625, "delta": 1.473598}}
{"target": -11.840079060737727, "params": {"max_depth": 22.72776084495925, "n_estimators": 121.23780971418012}, "datetime": {"datetime": "2021-09-27 17:16:10", "elapsed": 29.369325, "delta": 1.2827}}
{"target": -11.861526357050863, "params": {"max_depth": 22.05505527078122, "n_estimators": 129.80563291814514}, "datetime": {"datetime": "2021-09-27 17:16:11", "elapsed": 30.719322, "delta": 1.349997}}
{"target": -11.798749822340541, "params": {"max_depth": 17.38277720550417, "n_estimators": 142.99189788377413}, "datetime": {"datetime": "2021-09-27 17:16:13", "elapsed": 32.253323, "delta": 1.534001}}
{"target": -12.245069992428762, "params": {"max_depth": 8.0, "n_estimators": 146.01068290055073}, "datetime": {"datetime": "2021-09-27 17:16:14", "elapsed": 33.410888, "delta": 1.157565}}
{"target": -11.851719195952992, "params": {"max_depth": 23.047915242394847, "n_estimators": 146.34000388880267}, "datetime": {"datetime": "2021-09-27 17:16:15", "elapsed": 34.939061, "delta": 1.528173}}
{"target": -11.835002529401358, "params": {"max_depth": 21.312390336722665, "n_estimators": 161.70378404818825}, "datetime": {"datetime": "2021-09-27 17:16:17", "elapsed": 36.381064, "delta": 1.442003}}
{"target": -12.207191527603241, "params": {"max_depth": 8.0, "n_estimators": 100.0}, "datetime": {"datetime": "2021-09-27 17:16:18", "elapsed": 37.248761, "delta": 0.867697}}
{"target": -11.850374001406735, "params": {"max_depth": 26.56480425520427, "n_estimators": 199.90015281205893}, "datetime": {"datetime": "2021-09-27 17:16:20", "elapsed": 39.053667, "delta": 1.804906}}
{"target": -11.846678297491389, "params": {"max_depth": 18.896528032648686, "n_estimators": 138.070978701095}, "datetime": {"datetime": "2021-09-27 17:16:21", "elapsed": 40.215252, "delta": 1.161585}}
{"target": -11.845957879262144, "params": {"max_depth": 20.968614863377667, "n_estimators": 113.73548960599928}, "datetime": {"datetime": "2021-09-27 17:16:22", "elapsed": 41.5424, "delta": 1.327148}}
{"target": -11.855018708273912, "params": {"max_depth": 29.96456559572237, "n_estimators": 142.79905797094557}, "datetime": {"datetime": "2021-09-27 17:16:23", "elapsed": 42.947413, "delta": 1.405013}}
{"target": -11.845171839326186, "params": {"max_depth": 20.326129967748276, "n_estimators": 182.68762312271974}, "datetime": {"datetime": "2021-09-27 17:16:25", "elapsed": 44.705302, "delta": 1.757889}}
{"target": -11.856519765362865, "params": {"max_depth": 29.88422117513653, "n_estimators": 171.7937805595355}, "datetime": {"datetime": "2021-09-27 17:16:27", "elapsed": 46.061078, "delta": 1.355776}}
{"target": -11.847023356835635, "params": {"max_depth": 25.27400767743434, "n_estimators": 155.9891387164788}, "datetime": {"datetime": "2021-09-27 17:16:28", "elapsed": 47.540672, "delta": 1.479594}}
{"target": -11.836720342050796, "params": {"max_depth": 24.696672708177516, "n_estimators": 100.33004845658141}, "datetime": {"datetime": "2021-09-27 17:16:29", "elapsed": 48.644771, "delta": 1.104099}}
{"target": -11.847349755251646, "params": {"max_depth": 30.0, "n_estimators": 134.5879020070682}, "datetime": {"datetime": "2021-09-27 17:16:31", "elapsed": 50.051778, "delta": 1.407007}}
{"target": -11.845467859743906, "params": {"max_depth": 30.0, "n_estimators": 107.14227452829307}, "datetime": {"datetime": "2021-09-27 17:16:32", "elapsed": 51.082016, "delta": 1.030238}}
{"target": -11.844326039269406, "params": {"max_depth": 23.85540771296683, "n_estimators": 195.15634108097413}, "datetime": {"datetime": "2021-09-27 17:16:34", "elapsed": 53.263048, "delta": 2.181032}}
