{"target": -11.09591720420863, "params": {"max_depth": 28.055465165863335, "n_estimators": 152.88007098271845}, "datetime": {"datetime": "2021-09-27 18:14:07", "elapsed": 679.584489, "delta": 2.843163}}
{"target": -11.01565460258242, "params": {"max_depth": 26.871580861240762, "n_estimators": 109.9678141918739}, "datetime": {"datetime": "2021-09-27 18:14:11", "elapsed": 683.321074, "delta": 3.736585}}
{"target": -11.019735167877757, "params": {"max_depth": 24.40906079844057, "n_estimators": 110.11450101181866}, "datetime": {"datetime": "2021-09-27 18:14:14", "elapsed": 686.391271, "delta": 3.070197}}
{"target": -10.969416126074897, "params": {"max_depth": 16.48629720057477, "n_estimators": 109.34703684544803}, "datetime": {"datetime": "2021-09-27 18:14:17", "elapsed": 689.713445, "delta": 3.322174}}
{"target": -10.969416126074897, "params": {"max_depth": 16.302397100757645, "n_estimators": 109.66067400970839}, "datetime": {"datetime": "2021-09-27 18:14:20", "elapsed": 692.393273, "delta": 2.679828}}
{"target": -11.018474514307005, "params": {"max_depth": 26.470480954476493, "n_estimators": 105.06085469568293}, "datetime": {"datetime": "2021-09-27 18:14:23", "elapsed": 695.873713, "delta": 3.48044}}
{"target": -10.969416126074897, "params": {"max_depth": 16.223555048703936, "n_estimators": 109.57709677549738}, "datetime": {"datetime": "2021-09-27 18:14:26", "elapsed": 698.538227, "delta": 2.664514}}
{"target": -11.129921334160072, "params": {"max_depth": 20.072716541937194, "n_estimators": 198.38627001989497}, "datetime": {"datetime": "2021-09-27 18:14:31", "elapsed": 703.242899, "delta": 4.704672}}
{"target": -11.020707069398764, "params": {"max_depth": 24.413414334091424, "n_estimators": 104.42157477429075}, "datetime": {"datetime": "2021-09-27 18:14:33", "elapsed": 705.881195, "delta": 2.638296}}
{"target": -10.969416126074897, "params": {"max_depth": 16.24065862229057, "n_estimators": 109.47262860482921}, "datetime": {"datetime": "2021-09-27 18:14:36", "elapsed": 709.069313, "delta": 3.188118}}
{"target": -11.035836692921974, "params": {"max_depth": 16.33981273054988, "n_estimators": 119.98162239251145}, "datetime": {"datetime": "2021-09-27 18:14:39", "elapsed": 712.013616, "delta": 2.944303}}
{"target": -10.969416126074897, "params": {"max_depth": 16.472808194561402, "n_estimators": 109.60787469932541}, "datetime": {"datetime": "2021-09-27 18:14:43", "elapsed": 715.328307, "delta": 3.314691}}
{"target": -10.969416126074897, "params": {"max_depth": 16.326780484463946, "n_estimators": 109.72540240128748}, "datetime": {"datetime": "2021-09-27 18:14:46", "elapsed": 718.968071, "delta": 3.639764}}
{"target": -11.07354275130504, "params": {"max_depth": 21.742001887555098, "n_estimators": 125.53907893238076}, "datetime": {"datetime": "2021-09-27 18:14:49", "elapsed": 721.853785, "delta": 2.885714}}
{"target": -10.969416126074897, "params": {"max_depth": 16.365800991479585, "n_estimators": 109.72126364282207}, "datetime": {"datetime": "2021-09-27 18:14:52", "elapsed": 725.163239, "delta": 3.309454}}
{"target": -10.969416126074897, "params": {"max_depth": 16.388476009293324, "n_estimators": 109.3581183986024}, "datetime": {"datetime": "2021-09-27 18:14:55", "elapsed": 727.988127, "delta": 2.824888}}
{"target": -10.969416126074897, "params": {"max_depth": 16.493179482509753, "n_estimators": 109.27134642557189}, "datetime": {"datetime": "2021-09-27 18:14:58", "elapsed": 730.914511, "delta": 2.926384}}
{"target": -10.969452426084928, "params": {"max_depth": 16.816261746772227, "n_estimators": 110.63898368422873}, "datetime": {"datetime": "2021-09-27 18:15:01", "elapsed": 734.065389, "delta": 3.150878}}
{"target": -10.969452426084928, "params": {"max_depth": 16.732256502130326, "n_estimators": 110.27849438487188}, "datetime": {"datetime": "2021-09-27 18:15:06", "elapsed": 738.556157, "delta": 4.490768}}
{"target": -10.969452426084928, "params": {"max_depth": 16.652054395635332, "n_estimators": 110.09414534828244}, "datetime": {"datetime": "2021-09-27 18:15:09", "elapsed": 741.443461, "delta": 2.887304}}
{"target": -10.969416126074897, "params": {"max_depth": 16.44087871113414, "n_estimators": 109.86840028288782}, "datetime": {"datetime": "2021-09-27 18:15:13", "elapsed": 745.465514, "delta": 4.022053}}
{"target": -10.969452426084928, "params": {"max_depth": 16.73089114283168, "n_estimators": 110.4694883697381}, "datetime": {"datetime": "2021-09-27 18:15:16", "elapsed": 748.235872, "delta": 2.770358}}
{"target": -11.098159257955635, "params": {"max_depth": 25.14424920499872, "n_estimators": 142.50779106361378}, "datetime": {"datetime": "2021-09-27 18:15:19", "elapsed": 752.206084, "delta": 3.970212}}
{"target": -10.969416126074897, "params": {"max_depth": 16.545912434292454, "n_estimators": 109.75214848498304}, "datetime": {"datetime": "2021-09-27 18:15:24", "elapsed": 756.578617, "delta": 4.372533}}
{"target": -11.107819320694752, "params": {"max_depth": 18.457650372831534, "n_estimators": 195.19358251008245}, "datetime": {"datetime": "2021-09-27 18:15:28", "elapsed": 760.774359, "delta": 4.195742}}
{"target": -10.969452426084928, "params": {"max_depth": 16.56981718454784, "n_estimators": 110.18335700927065}, "datetime": {"datetime": "2021-09-27 18:15:31", "elapsed": 763.400221, "delta": 2.625862}}
{"target": -10.969416126074897, "params": {"max_depth": 16.46637006246788, "n_estimators": 109.44452195894317}, "datetime": {"datetime": "2021-09-27 18:15:34", "elapsed": 767.183259, "delta": 3.783038}}
{"target": -11.064165490049028, "params": {"max_depth": 15.448590540874848, "n_estimators": 123.5863228641672}, "datetime": {"datetime": "2021-09-27 18:15:38", "elapsed": 770.877839, "delta": 3.69458}}
{"target": -10.969416126074897, "params": {"max_depth": 16.4300322350792, "n_estimators": 109.3825966643476}, "datetime": {"datetime": "2021-09-27 18:15:41", "elapsed": 774.214518, "delta": 3.336679}}
{"target": -10.969416126074897, "params": {"max_depth": 16.385880494862292, "n_estimators": 109.42400514299547}, "datetime": {"datetime": "2021-09-27 18:15:44", "elapsed": 776.87967, "delta": 2.665152}}
{"target": -10.969416126074897, "params": {"max_depth": 16.378297009890492, "n_estimators": 109.43702264831096}, "datetime": {"datetime": "2021-09-27 18:15:47", "elapsed": 780.158959, "delta": 3.279289}}
{"target": -10.969452426084928, "params": {"max_depth": 16.81018299270443, "n_estimators": 110.67525479935979}, "datetime": {"datetime": "2021-09-27 18:15:51", "elapsed": 783.548678, "delta": 3.389719}}
{"target": -10.969416126074897, "params": {"max_depth": 16.360304439143604, "n_estimators": 109.68328434625903}, "datetime": {"datetime": "2021-09-27 18:15:54", "elapsed": 787.021277, "delta": 3.472599}}
{"target": -10.969452426084928, "params": {"max_depth": 16.566438397511607, "n_estimators": 110.19228403425481}, "datetime": {"datetime": "2021-09-27 18:15:58", "elapsed": 790.250136, "delta": 3.228859}}
{"target": -10.969452426084928, "params": {"max_depth": 16.907116451301366, "n_estimators": 110.60486673396439}, "datetime": {"datetime": "2021-09-27 18:16:01", "elapsed": 793.62515, "delta": 3.375014}}
{"target": -10.969416126074897, "params": {"max_depth": 16.340026857328795, "n_estimators": 109.07486797170681}, "datetime": {"datetime": "2021-09-27 18:16:05", "elapsed": 797.791183, "delta": 4.166033}}
{"target": -11.060434982156494, "params": {"max_depth": 15.372206520055133, "n_estimators": 149.66426973599178}, "datetime": {"datetime": "2021-09-27 18:16:09", "elapsed": 801.245456, "delta": 3.454273}}
{"target": -10.969416126074897, "params": {"max_depth": 16.598895177855127, "n_estimators": 109.97256591015217}, "datetime": {"datetime": "2021-09-27 18:16:12", "elapsed": 804.8638, "delta": 3.618344}}
{"target": -10.969452426084928, "params": {"max_depth": 16.612037877122557, "n_estimators": 110.48545756591224}, "datetime": {"datetime": "2021-09-27 18:16:16", "elapsed": 808.918155, "delta": 4.054355}}
{"target": -10.969452426084928, "params": {"max_depth": 16.74390719181259, "n_estimators": 110.23726327639221}, "datetime": {"datetime": "2021-09-27 18:16:19", "elapsed": 811.997679, "delta": 3.079524}}
{"target": -10.969452426084928, "params": {"max_depth": 16.656382290807024, "n_estimators": 110.7604651140066}, "datetime": {"datetime": "2021-09-27 18:16:24", "elapsed": 816.751119, "delta": 4.75344}}
{"target": -10.969452426084928, "params": {"max_depth": 16.7701372059434, "n_estimators": 110.3688836100645}, "datetime": {"datetime": "2021-09-27 18:16:29", "elapsed": 821.323246, "delta": 4.572127}}
{"target": -10.969416126074897, "params": {"max_depth": 16.292936830390744, "n_estimators": 109.3485336609925}, "datetime": {"datetime": "2021-09-27 18:16:32", "elapsed": 824.78253, "delta": 3.459284}}
{"target": -10.969452426084928, "params": {"max_depth": 16.86027984189434, "n_estimators": 110.69560750540059}, "datetime": {"datetime": "2021-09-27 18:16:36", "elapsed": 828.344107, "delta": 3.561577}}
{"target": -10.969416126074897, "params": {"max_depth": 16.22308083022467, "n_estimators": 109.21394789784543}, "datetime": {"datetime": "2021-09-27 18:16:40", "elapsed": 833.011657, "delta": 4.66755}}
{"target": -10.969452426084928, "params": {"max_depth": 16.62791254207858, "n_estimators": 110.46367047109254}, "datetime": {"datetime": "2021-09-27 18:16:45", "elapsed": 837.274293, "delta": 4.262636}}
{"target": -10.969452426084928, "params": {"max_depth": 16.63647728076336, "n_estimators": 110.00425092371825}, "datetime": {"datetime": "2021-09-27 18:16:49", "elapsed": 841.593633, "delta": 4.31934}}
{"target": -11.103453848269181, "params": {"max_depth": 15.516135114251817, "n_estimators": 170.3912202494641}, "datetime": {"datetime": "2021-09-27 18:16:54", "elapsed": 847.075642, "delta": 5.482009}}
{"target": -11.128425020464686, "params": {"max_depth": 19.377999226921474, "n_estimators": 170.10287965961004}, "datetime": {"datetime": "2021-09-27 18:17:01", "elapsed": 853.853234, "delta": 6.777592}}
{"target": -11.129495773680949, "params": {"max_depth": 19.720919447823768, "n_estimators": 178.91594439829262}, "datetime": {"datetime": "2021-09-27 18:17:06", "elapsed": 859.012371, "delta": 5.159137}}
{"target": -10.975551571084882, "params": {"max_depth": 16.348650755881152, "n_estimators": 108.95952240256702}, "datetime": {"datetime": "2021-09-27 18:17:12", "elapsed": 864.242611, "delta": 5.23024}}
{"target": -10.969416126074897, "params": {"max_depth": 16.311467226116086, "n_estimators": 109.52248869861633}, "datetime": {"datetime": "2021-09-27 18:17:15", "elapsed": 867.85032, "delta": 3.607709}}
{"target": -10.969452426084928, "params": {"max_depth": 16.769470835982197, "n_estimators": 110.29446072280774}, "datetime": {"datetime": "2021-09-27 18:17:20", "elapsed": 872.391727, "delta": 4.541407}}
{"target": -10.969416126074897, "params": {"max_depth": 16.559691961573733, "n_estimators": 109.86596821079164}, "datetime": {"datetime": "2021-09-27 18:17:23", "elapsed": 875.819932, "delta": 3.428205}}
{"target": -10.969452426084928, "params": {"max_depth": 16.5189560491321, "n_estimators": 110.19934043021618}, "datetime": {"datetime": "2021-09-27 18:17:26", "elapsed": 878.696548, "delta": 2.876616}}
{"target": -10.969452426084928, "params": {"max_depth": 16.743590921722294, "n_estimators": 110.68022025574112}, "datetime": {"datetime": "2021-09-27 18:17:29", "elapsed": 882.2221, "delta": 3.525552}}
{"target": -10.969416126074897, "params": {"max_depth": 16.421107465690348, "n_estimators": 109.52912862453732}, "datetime": {"datetime": "2021-09-27 18:17:33", "elapsed": 885.932843, "delta": 3.710743}}
{"target": -10.969416126074897, "params": {"max_depth": 16.47226621387645, "n_estimators": 109.31492093780261}, "datetime": {"datetime": "2021-09-27 18:17:38", "elapsed": 890.508608, "delta": 4.575765}}
{"target": -10.969452426084928, "params": {"max_depth": 16.72158864386353, "n_estimators": 110.4755489100904}, "datetime": {"datetime": "2021-09-27 18:17:46", "elapsed": 898.50727, "delta": 7.998662}}
{"target": -10.969452426084928, "params": {"max_depth": 16.76006424904827, "n_estimators": 110.37458624208689}, "datetime": {"datetime": "2021-09-27 18:17:50", "elapsed": 902.356383, "delta": 3.849113}}
{"target": -11.044755097835148, "params": {"max_depth": 16.396840313714083, "n_estimators": 122.21299896866768}, "datetime": {"datetime": "2021-09-27 18:17:59", "elapsed": 911.53283, "delta": 9.176447}}
{"target": -10.969416126074897, "params": {"max_depth": 16.420796360132602, "n_estimators": 109.8716982455649}, "datetime": {"datetime": "2021-09-27 18:18:02", "elapsed": 915.02989, "delta": 3.49706}}
{"target": -10.969416126074897, "params": {"max_depth": 16.376799339691345, "n_estimators": 109.47974033646274}, "datetime": {"datetime": "2021-09-27 18:18:06", "elapsed": 918.790976, "delta": 3.761086}}
{"target": -11.120985163287846, "params": {"max_depth": 18.360675675409144, "n_estimators": 191.75765925397366}, "datetime": {"datetime": "2021-09-27 18:18:11", "elapsed": 923.970196, "delta": 5.17922}}
{"target": -10.969416126074897, "params": {"max_depth": 16.401677919667655, "n_estimators": 109.51205117600318}, "datetime": {"datetime": "2021-09-27 18:18:16", "elapsed": 928.609806, "delta": 4.63961}}
{"target": -10.969452426084928, "params": {"max_depth": 16.535555702412072, "n_estimators": 110.28524257509764}, "datetime": {"datetime": "2021-09-27 18:18:19", "elapsed": 931.238213, "delta": 2.628407}}
{"target": -10.969416126074897, "params": {"max_depth": 16.428432282638177, "n_estimators": 109.33843225729964}, "datetime": {"datetime": "2021-09-27 18:18:23", "elapsed": 935.382668, "delta": 4.144455}}
{"target": -10.969452426084928, "params": {"max_depth": 16.56543657405674, "n_estimators": 110.41397168566189}, "datetime": {"datetime": "2021-09-27 18:18:28", "elapsed": 940.608161, "delta": 5.225493}}
{"target": -11.041641689676448, "params": {"max_depth": 23.501112407210854, "n_estimators": 100.7861778899668}, "datetime": {"datetime": "2021-09-27 18:18:32", "elapsed": 945.13479, "delta": 4.526629}}
{"target": -10.969452426084928, "params": {"max_depth": 16.58484269697158, "n_estimators": 110.06291730775779}, "datetime": {"datetime": "2021-09-27 18:18:36", "elapsed": 948.675773, "delta": 3.540983}}
{"target": -10.969416126074897, "params": {"max_depth": 16.388962903114827, "n_estimators": 109.5974207914754}, "datetime": {"datetime": "2021-09-27 18:18:40", "elapsed": 952.683744, "delta": 4.007971}}
{"target": -10.969416126074897, "params": {"max_depth": 16.61936897899357, "n_estimators": 109.70613346525701}, "datetime": {"datetime": "2021-09-27 18:18:44", "elapsed": 956.574047, "delta": 3.890303}}
{"target": -10.969416126074897, "params": {"max_depth": 16.283202065625492, "n_estimators": 109.26527431279874}, "datetime": {"datetime": "2021-09-27 18:18:49", "elapsed": 962.110074, "delta": 5.536027}}
{"target": -10.969452426084928, "params": {"max_depth": 16.596837840320937, "n_estimators": 110.11218266447727}, "datetime": {"datetime": "2021-09-27 18:18:55", "elapsed": 967.747877, "delta": 5.637803}}
{"target": -10.969452426084928, "params": {"max_depth": 16.641741697758604, "n_estimators": 110.44828849400113}, "datetime": {"datetime": "2021-09-27 18:19:03", "elapsed": 975.669673, "delta": 7.921796}}
{"target": -10.969416126074897, "params": {"max_depth": 16.442192415812837, "n_estimators": 109.66456838128114}, "datetime": {"datetime": "2021-09-27 18:19:08", "elapsed": 980.692987, "delta": 5.023314}}
{"target": -10.969416126074897, "params": {"max_depth": 16.317488256358132, "n_estimators": 109.53244311604948}, "datetime": {"datetime": "2021-09-27 18:19:14", "elapsed": 986.620252, "delta": 5.927265}}
{"target": -10.973546801417134, "params": {"max_depth": 16.521864037363738, "n_estimators": 102.75524640148286}, "datetime": {"datetime": "2021-09-27 18:19:19", "elapsed": 991.272162, "delta": 4.65191}}
{"target": -10.969452426084928, "params": {"max_depth": 16.6832844873178, "n_estimators": 110.73305610472083}, "datetime": {"datetime": "2021-09-27 18:19:24", "elapsed": 996.41869, "delta": 5.146528}}
{"target": -10.969416126074897, "params": {"max_depth": 16.297949676634808, "n_estimators": 109.16668229183067}, "datetime": {"datetime": "2021-09-27 18:19:28", "elapsed": 1000.71169, "delta": 4.293}}
{"target": -10.969452426084928, "params": {"max_depth": 16.844596468939322, "n_estimators": 110.71386167570523}, "datetime": {"datetime": "2021-09-27 18:19:32", "elapsed": 1004.743726, "delta": 4.032036}}
{"target": -10.969416126074897, "params": {"max_depth": 16.467950380823503, "n_estimators": 109.50812752846046}, "datetime": {"datetime": "2021-09-27 18:19:38", "elapsed": 1011.111378, "delta": 6.367652}}
{"target": -10.969452426084928, "params": {"max_depth": 16.499000964690854, "n_estimators": 110.24305272708169}, "datetime": {"datetime": "2021-09-27 18:19:44", "elapsed": 1017.150978, "delta": 6.0396}}
{"target": -10.969416126074897, "params": {"max_depth": 16.365012062765462, "n_estimators": 109.41334609280548}, "datetime": {"datetime": "2021-09-27 18:19:48", "elapsed": 1021.200655, "delta": 4.049677}}
{"target": -10.969416126074897, "params": {"max_depth": 16.45302881181062, "n_estimators": 109.80987375070444}, "datetime": {"datetime": "2021-09-27 18:19:52", "elapsed": 1025.178596, "delta": 3.977941}}
{"target": -10.969416126074897, "params": {"max_depth": 16.605358373599305, "n_estimators": 109.9574581449565}, "datetime": {"datetime": "2021-09-27 18:19:57", "elapsed": 1029.40023, "delta": 4.221634}}
{"target": -10.969452426084928, "params": {"max_depth": 16.77089939049256, "n_estimators": 110.96302228425489}, "datetime": {"datetime": "2021-09-27 18:20:02", "elapsed": 1034.520287, "delta": 5.120057}}
{"target": -10.969452426084928, "params": {"max_depth": 16.542083426898607, "n_estimators": 110.09915823506448}, "datetime": {"datetime": "2021-09-27 18:20:07", "elapsed": 1040.078502, "delta": 5.558215}}
{"target": -11.050722276647177, "params": {"max_depth": 27.999030608055424, "n_estimators": 118.26855539884029}, "datetime": {"datetime": "2021-09-27 18:20:13", "elapsed": 1045.981257, "delta": 5.902755}}
{"target": -10.969416126074897, "params": {"max_depth": 16.40388767724421, "n_estimators": 109.40800602109351}, "datetime": {"datetime": "2021-09-27 18:20:18", "elapsed": 1050.545468, "delta": 4.564211}}
{"target": -10.969416126074897, "params": {"max_depth": 16.359909501503143, "n_estimators": 109.40222578382485}, "datetime": {"datetime": "2021-09-27 18:20:22", "elapsed": 1054.710932, "delta": 4.165464}}
{"target": -10.969452426084928, "params": {"max_depth": 16.897076182515246, "n_estimators": 110.46076857036653}, "datetime": {"datetime": "2021-09-27 18:20:27", "elapsed": 1059.937794, "delta": 5.226862}}
{"target": -10.969452426084928, "params": {"max_depth": 16.740134166664532, "n_estimators": 110.5352832450578}, "datetime": {"datetime": "2021-09-27 18:20:31", "elapsed": 1063.835342, "delta": 3.897548}}
{"target": -10.969452426084928, "params": {"max_depth": 16.672651135857578, "n_estimators": 110.6958015737871}, "datetime": {"datetime": "2021-09-27 18:20:35", "elapsed": 1067.827197, "delta": 3.991855}}
{"target": -10.969452426084928, "params": {"max_depth": 16.717279395843686, "n_estimators": 110.55658469329553}, "datetime": {"datetime": "2021-09-27 18:20:39", "elapsed": 1071.952045, "delta": 4.124848}}
{"target": -10.969416126074897, "params": {"max_depth": 16.512799748370938, "n_estimators": 109.6531374903393}, "datetime": {"datetime": "2021-09-27 18:20:45", "elapsed": 1077.294319, "delta": 5.342274}}
{"target": -10.969452426084928, "params": {"max_depth": 16.727653616273336, "n_estimators": 110.6461887538496}, "datetime": {"datetime": "2021-09-27 18:20:49", "elapsed": 1081.891622, "delta": 4.597303}}
{"target": -10.969416126074897, "params": {"max_depth": 16.35062693764008, "n_estimators": 109.17048665487289}, "datetime": {"datetime": "2021-09-27 18:20:53", "elapsed": 1085.2984, "delta": 3.406778}}
{"target": -10.969452426084928, "params": {"max_depth": 16.769621425290083, "n_estimators": 110.4315557003475}, "datetime": {"datetime": "2021-09-27 18:20:58", "elapsed": 1090.674458, "delta": 5.376058}}
{"target": -10.975231941265848, "params": {"max_depth": 16.61911626213319, "n_estimators": 104.26823269244126}, "datetime": {"datetime": "2021-09-27 18:21:03", "elapsed": 1095.681673, "delta": 5.007215}}
{"target": -10.969416126074897, "params": {"max_depth": 16.428220361562612, "n_estimators": 109.97071557566382}, "datetime": {"datetime": "2021-09-27 18:21:07", "elapsed": 1100.17211, "delta": 4.490437}}
{"target": -11.020707069398764, "params": {"max_depth": 28.806385293213882, "n_estimators": 104.99286365458913}, "datetime": {"datetime": "2021-09-27 18:21:11", "elapsed": 1103.490998, "delta": 3.318888}}
{"target": -10.969416126074897, "params": {"max_depth": 16.319936163388086, "n_estimators": 109.49590985065026}, "datetime": {"datetime": "2021-09-27 18:21:15", "elapsed": 1108.135443, "delta": 4.644445}}
{"target": -10.969452426084928, "params": {"max_depth": 16.68046199596128, "n_estimators": 110.71628972162597}, "datetime": {"datetime": "2021-09-27 18:21:20", "elapsed": 1113.130294, "delta": 4.994851}}
{"target": -10.969452426084928, "params": {"max_depth": 16.76324990178248, "n_estimators": 110.7613100545705}, "datetime": {"datetime": "2021-09-27 18:21:25", "elapsed": 1117.273734, "delta": 4.14344}}
{"target": -10.969416126074897, "params": {"max_depth": 16.56529061825041, "n_estimators": 109.81143337529528}, "datetime": {"datetime": "2021-09-27 18:21:29", "elapsed": 1121.950806, "delta": 4.677072}}
{"target": -10.969452426084928, "params": {"max_depth": 16.90272136400501, "n_estimators": 110.6910222128662}, "datetime": {"datetime": "2021-09-27 18:21:35", "elapsed": 1127.292033, "delta": 5.341227}}
{"target": -10.969416126074897, "params": {"max_depth": 16.388930254207633, "n_estimators": 109.51883981001615}, "datetime": {"datetime": "2021-09-27 18:21:39", "elapsed": 1131.446225, "delta": 4.154192}}
