{"target": 0.841730095432117, "params": {"max_depth": 22.555918679522442, "n_estimators": 222.93730192981388}, "datetime": {"datetime": "2021-09-21 16:45:37", "elapsed": 925.306477, "delta": 3.912003}}
{"target": 0.8413894148974496, "params": {"max_depth": 27.546947088384524, "n_estimators": 205.61490741762196}, "datetime": {"datetime": "2021-09-21 16:45:40", "elapsed": 928.977779, "delta": 3.671302}}
{"target": 0.8417783244635273, "params": {"max_depth": 22.781165931238537, "n_estimators": 279.39466229327377}, "datetime": {"datetime": "2021-09-21 16:45:45", "elapsed": 933.705095, "delta": 4.727316}}
{"target": 0.8403820152609274, "params": {"max_depth": 10.121170576215645, "n_estimators": 249.2944354076999}, "datetime": {"datetime": "2021-09-21 16:45:50", "elapsed": 938.418259, "delta": 4.713164}}
{"target": 0.8413538367886118, "params": {"max_depth": 17.3215918222441, "n_estimators": 238.43675641287953}, "datetime": {"datetime": "2021-09-21 16:45:52", "elapsed": 941.127747, "delta": 2.709488}}
{"target": 0.8410142940818817, "params": {"max_depth": 11.437317603013192, "n_estimators": 221.8015551925177}, "datetime": {"datetime": "2021-09-21 16:45:56", "elapsed": 944.542219, "delta": 3.414472}}
{"target": 0.8414685591354937, "params": {"max_depth": 13.357572296439468, "n_estimators": 277.0814571339489}, "datetime": {"datetime": "2021-09-21 16:46:01", "elapsed": 949.230199, "delta": 4.68798}}
{"target": 0.8411636485650201, "params": {"max_depth": 19.872815015661782, "n_estimators": 210.08972173834195}, "datetime": {"datetime": "2021-09-21 16:46:04", "elapsed": 952.482169, "delta": 3.25197}}
{"target": 0.8428763078512874, "params": {"max_depth": 14.931026043737234, "n_estimators": 218.32113389161006}, "datetime": {"datetime": "2021-09-21 16:46:08", "elapsed": 956.178544, "delta": 3.696375}}
{"target": 0.8392906224228341, "params": {"max_depth": 11.443902745965584, "n_estimators": 202.50719054979953}, "datetime": {"datetime": "2021-09-21 16:46:11", "elapsed": 959.993252, "delta": 3.814708}}
{"target": 0.8407046099353069, "params": {"max_depth": 18.03006062380887, "n_estimators": 268.19591960298226}, "datetime": {"datetime": "2021-09-21 16:46:16", "elapsed": 964.349249, "delta": 4.355997}}
{"target": 0.842312663708707, "params": {"max_depth": 15.169713312334373, "n_estimators": 213.78682337229947}, "datetime": {"datetime": "2021-09-21 16:46:20", "elapsed": 968.196774, "delta": 3.847525}}
{"target": 0.8391566477182244, "params": {"max_depth": 11.818100576640651, "n_estimators": 243.78983169115824}, "datetime": {"datetime": "2021-09-21 16:46:23", "elapsed": 972.025456, "delta": 3.828682}}
{"target": 0.8410840075250188, "params": {"max_depth": 25.080902000577137, "n_estimators": 270.0743528329672}, "datetime": {"datetime": "2021-09-21 16:46:28", "elapsed": 976.559962, "delta": 4.534506}}
{"target": 0.8409094121201534, "params": {"max_depth": 16.005615181400195, "n_estimators": 270.95225495475523}, "datetime": {"datetime": "2021-09-21 16:46:33", "elapsed": 981.223535, "delta": 4.663573}}
{"target": 0.8414293062321632, "params": {"max_depth": 30.0, "n_estimators": 256.91520085463725}, "datetime": {"datetime": "2021-09-21 16:46:37", "elapsed": 985.570318, "delta": 4.346783}}
{"target": 0.8417892910681684, "params": {"max_depth": 28.0093332626178, "n_estimators": 283.21947367036347}, "datetime": {"datetime": "2021-09-21 16:46:42", "elapsed": 990.685935, "delta": 5.115617}}
{"target": 0.8406221328949677, "params": {"max_depth": 18.382350057523535, "n_estimators": 201.585675893284}, "datetime": {"datetime": "2021-09-21 16:46:47", "elapsed": 995.564029, "delta": 4.878094}}
{"target": 0.8417739421727015, "params": {"max_depth": 12.054045089874613, "n_estimators": 210.4843255151843}, "datetime": {"datetime": "2021-09-21 16:46:52", "elapsed": 1000.174005, "delta": 4.609976}}
{"target": 0.8409141571587573, "params": {"max_depth": 28.729855688964694, "n_estimators": 293.64526658910495}, "datetime": {"datetime": "2021-09-21 16:46:59", "elapsed": 1007.29339, "delta": 7.119385}}
{"target": 0.8421747366040954, "params": {"max_depth": 28.54550634268503, "n_estimators": 218.55409563182917}, "datetime": {"datetime": "2021-09-21 16:47:05", "elapsed": 1013.329086, "delta": 6.035696}}
{"target": 0.8416633918043701, "params": {"max_depth": 15.771240714819411, "n_estimators": 228.60244022345668}, "datetime": {"datetime": "2021-09-21 16:47:10", "elapsed": 1018.550288, "delta": 5.221202}}
{"target": 0.8420716870371459, "params": {"max_depth": 17.5779075800983, "n_estimators": 222.40237504781703}, "datetime": {"datetime": "2021-09-21 16:47:15", "elapsed": 1024.110476, "delta": 5.560188}}
{"target": 0.8409872040120672, "params": {"max_depth": 29.966759803399498, "n_estimators": 208.58439274682613}, "datetime": {"datetime": "2021-09-21 16:47:21", "elapsed": 1030.13138, "delta": 6.020904}}
{"target": 0.8375781121532956, "params": {"max_depth": 8.144968751092106, "n_estimators": 268.2036083740679}, "datetime": {"datetime": "2021-09-21 16:47:26", "elapsed": 1034.652885, "delta": 4.521505}}
{"target": 0.8414620863784966, "params": {"max_depth": 12.291598525113377, "n_estimators": 261.47002527510807}, "datetime": {"datetime": "2021-09-21 16:47:32", "elapsed": 1040.621763, "delta": 5.968878}}
{"target": 0.8409870108931321, "params": {"max_depth": 27.860932999339777, "n_estimators": 234.3034652785782}, "datetime": {"datetime": "2021-09-21 16:47:37", "elapsed": 1045.486141, "delta": 4.864378}}
{"target": 0.8411906908435308, "params": {"max_depth": 25.031700498277413, "n_estimators": 264.6901768480318}, "datetime": {"datetime": "2021-09-21 16:47:44", "elapsed": 1052.242352, "delta": 6.756211}}
{"target": 0.841730095432117, "params": {"max_depth": 30.0, "n_estimators": 222.4212157980163}, "datetime": {"datetime": "2021-09-21 16:47:49", "elapsed": 1057.295077, "delta": 5.052725}}
{"target": 0.8403032296884139, "params": {"max_depth": 17.678015594486723, "n_estimators": 253.6610773574252}, "datetime": {"datetime": "2021-09-21 16:47:54", "elapsed": 1062.821436, "delta": 5.526359}}
{"target": 0.8413393009509795, "params": {"max_depth": 22.057851841827034, "n_estimators": 274.8085957777428}, "datetime": {"datetime": "2021-09-21 16:48:01", "elapsed": 1069.243918, "delta": 6.422482}}
{"target": 0.8409464801244451, "params": {"max_depth": 25.101697055009694, "n_estimators": 255.91952873694683}, "datetime": {"datetime": "2021-09-21 16:48:07", "elapsed": 1075.81677, "delta": 6.572852}}
{"target": 0.8410145607813084, "params": {"max_depth": 24.683775403008813, "n_estimators": 290.12665025336247}, "datetime": {"datetime": "2021-09-21 16:48:14", "elapsed": 1082.330946, "delta": 6.514176}}
{"target": 0.8410586854140931, "params": {"max_depth": 24.08378136529973, "n_estimators": 249.70274840629835}, "datetime": {"datetime": "2021-09-21 16:48:19", "elapsed": 1087.19089, "delta": 4.859944}}
{"target": 0.8402875261863949, "params": {"max_depth": 11.3691127417917, "n_estimators": 205.10867295697872}, "datetime": {"datetime": "2021-09-21 16:48:23", "elapsed": 1091.793145, "delta": 4.602255}}
{"target": 0.8408657971321727, "params": {"max_depth": 19.289772061324598, "n_estimators": 273.18857721267284}, "datetime": {"datetime": "2021-09-21 16:48:29", "elapsed": 1097.658302, "delta": 5.865157}}
{"target": 0.8403907553763295, "params": {"max_depth": 11.140273250190315, "n_estimators": 224.97566199309736}, "datetime": {"datetime": "2021-09-21 16:48:34", "elapsed": 1102.598483, "delta": 4.940181}}
{"target": 0.8408467523027696, "params": {"max_depth": 21.862305626899495, "n_estimators": 266.00363305101405}, "datetime": {"datetime": "2021-09-21 16:48:39", "elapsed": 1107.232718, "delta": 4.634235}}
{"target": 0.8407588162636207, "params": {"max_depth": 28.51102937298905, "n_estimators": 209.80693800168498}, "datetime": {"datetime": "2021-09-21 16:48:43", "elapsed": 1111.567119, "delta": 4.334401}}
{"target": 0.8360291004480607, "params": {"max_depth": 7.3061852949674915, "n_estimators": 207.4475427591143}, "datetime": {"datetime": "2021-09-21 16:48:46", "elapsed": 1114.638449, "delta": 3.07133}}
{"target": 0.8412692113580853, "params": {"max_depth": 19.582711673353778, "n_estimators": 285.6571581524213}, "datetime": {"datetime": "2021-09-21 16:48:51", "elapsed": 1119.62199, "delta": 4.983541}}
{"target": 0.840934195577034, "params": {"max_depth": 13.756735282800483, "n_estimators": 255.81059713862695}, "datetime": {"datetime": "2021-09-21 16:48:56", "elapsed": 1124.643666, "delta": 5.021676}}
{"target": 0.8417791281743501, "params": {"max_depth": 22.694037237973042, "n_estimators": 258.63758063673765}, "datetime": {"datetime": "2021-09-21 16:49:00", "elapsed": 1128.52005, "delta": 3.876384}}
{"target": 0.840698519722578, "params": {"max_depth": 28.795116598055483, "n_estimators": 201.75947822252738}, "datetime": {"datetime": "2021-09-21 16:49:03", "elapsed": 1131.762727, "delta": 3.242677}}
{"target": 0.8410719020948297, "params": {"max_depth": 28.48257922393325, "n_estimators": 267.0463465670608}, "datetime": {"datetime": "2021-09-21 16:49:07", "elapsed": 1135.987893, "delta": 4.225166}}
{"target": 0.840945464787293, "params": {"max_depth": 21.99284285821084, "n_estimators": 207.71059795599197}, "datetime": {"datetime": "2021-09-21 16:49:12", "elapsed": 1140.712369, "delta": 4.724476}}
{"target": 0.8410713614459259, "params": {"max_depth": 29.992252816260844, "n_estimators": 248.09320384933275}, "datetime": {"datetime": "2021-09-21 16:49:18", "elapsed": 1146.47953, "delta": 5.767161}}
{"target": 0.841537574252056, "params": {"max_depth": 21.33622187948781, "n_estimators": 261.3622797667433}, "datetime": {"datetime": "2021-09-21 16:49:22", "elapsed": 1150.387807, "delta": 3.908277}}
{"target": 0.8401393873224743, "params": {"max_depth": 11.114155026657688, "n_estimators": 258.74957416025035}, "datetime": {"datetime": "2021-09-21 16:49:26", "elapsed": 1154.855114, "delta": 4.467307}}
{"target": 0.841103471909995, "params": {"max_depth": 24.529255246744803, "n_estimators": 287.84962851059663}, "datetime": {"datetime": "2021-09-21 16:49:32", "elapsed": 1160.224163, "delta": 5.369049}}
{"target": 0.841103471909995, "params": {"max_depth": 28.55098283082992, "n_estimators": 287.56159472777455}, "datetime": {"datetime": "2021-09-21 16:49:36", "elapsed": 1164.281421, "delta": 4.057258}}
{"target": 0.8413231586755563, "params": {"max_depth": 13.921761647578782, "n_estimators": 237.1389779732222}, "datetime": {"datetime": "2021-09-21 16:49:40", "elapsed": 1168.940524, "delta": 4.659103}}
{"target": 0.8416507706198464, "params": {"max_depth": 15.034898536911351, "n_estimators": 278.2446590731616}, "datetime": {"datetime": "2021-09-21 16:49:45", "elapsed": 1173.963172, "delta": 5.022648}}
{"target": 0.8419731573543602, "params": {"max_depth": 28.429608059192876, "n_estimators": 221.2800596440473}, "datetime": {"datetime": "2021-09-21 16:49:49", "elapsed": 1177.448289, "delta": 3.485117}}
{"target": 0.8418581308536177, "params": {"max_depth": 14.234456882831877, "n_estimators": 293.21323209326187}, "datetime": {"datetime": "2021-09-21 16:49:55", "elapsed": 1183.654961, "delta": 6.206672}}
{"target": 0.84112294192802, "params": {"max_depth": 20.161135660211162, "n_estimators": 256.33516128754195}, "datetime": {"datetime": "2021-09-21 16:49:59", "elapsed": 1187.178363, "delta": 3.523402}}
{"target": 0.8407077313572766, "params": {"max_depth": 24.254537198544178, "n_estimators": 242.49450706298302}, "datetime": {"datetime": "2021-09-21 16:50:03", "elapsed": 1191.957723, "delta": 4.77936}}
{"target": 0.8411223347740078, "params": {"max_depth": 19.759136566343084, "n_estimators": 226.33182021704664}, "datetime": {"datetime": "2021-09-21 16:50:07", "elapsed": 1195.343058, "delta": 3.385335}}
{"target": 0.840708417171376, "params": {"max_depth": 21.27311857197546, "n_estimators": 298.631063450863}, "datetime": {"datetime": "2021-09-21 16:50:11", "elapsed": 1199.458042, "delta": 4.114984}}
{"target": 0.842096200771156, "params": {"max_depth": 14.598246678299892, "n_estimators": 205.42017106755912}, "datetime": {"datetime": "2021-09-21 16:50:14", "elapsed": 1202.64262, "delta": 3.184578}}
{"target": 0.8421803827583793, "params": {"max_depth": 21.528663986519224, "n_estimators": 216.50025360741427}, "datetime": {"datetime": "2021-09-21 16:50:17", "elapsed": 1205.829618, "delta": 3.186998}}
{"target": 0.8416795112453275, "params": {"max_depth": 28.561411553359715, "n_estimators": 212.32148306883062}, "datetime": {"datetime": "2021-09-21 16:50:20", "elapsed": 1208.851665, "delta": 3.022047}}
{"target": 0.8413393009509795, "params": {"max_depth": 29.98780913588552, "n_estimators": 274.1519169535869}, "datetime": {"datetime": "2021-09-21 16:50:24", "elapsed": 1213.14371, "delta": 4.292045}}
{"target": 0.8406608925983343, "params": {"max_depth": 16.1193994648085, "n_estimators": 242.84072233037725}, "datetime": {"datetime": "2021-09-21 16:50:30", "elapsed": 1218.410534, "delta": 5.266824}}
{"target": 0.8416971393928308, "params": {"max_depth": 12.12853697972258, "n_estimators": 227.98095664430014}, "datetime": {"datetime": "2021-09-21 16:50:33", "elapsed": 1222.011634, "delta": 3.6011}}
{"target": 0.8425163433635324, "params": {"max_depth": 14.042203293458709, "n_estimators": 222.85873230612404}, "datetime": {"datetime": "2021-09-21 16:50:37", "elapsed": 1225.255549, "delta": 3.243915}}
{"target": 0.842151384263246, "params": {"max_depth": 14.191753598650253, "n_estimators": 224.93847863750878}, "datetime": {"datetime": "2021-09-21 16:50:42", "elapsed": 1230.922333, "delta": 5.666784}}
{"target": 0.8411083369390744, "params": {"max_depth": 15.717367183867887, "n_estimators": 263.01950114771387}, "datetime": {"datetime": "2021-09-21 16:50:48", "elapsed": 1236.741855, "delta": 5.819522}}
{"target": 0.8417892910681684, "params": {"max_depth": 24.035969775167178, "n_estimators": 283.307339321718}, "datetime": {"datetime": "2021-09-21 16:50:54", "elapsed": 1242.383008, "delta": 5.641153}}
{"target": 0.8413799058413713, "params": {"max_depth": 25.96516303660331, "n_estimators": 276.43486418162763}, "datetime": {"datetime": "2021-09-21 16:50:58", "elapsed": 1246.980915, "delta": 4.597907}}
{"target": 0.8407187103684188, "params": {"max_depth": 18.162398143969885, "n_estimators": 234.54401128013032}, "datetime": {"datetime": "2021-09-21 16:51:05", "elapsed": 1253.339747, "delta": 6.358832}}
{"target": 0.8412396638033734, "params": {"max_depth": 28.110627772013512, "n_estimators": 229.83166607401483}, "datetime": {"datetime": "2021-09-21 16:51:09", "elapsed": 1257.704396, "delta": 4.364649}}
{"target": 0.8417927108843816, "params": {"max_depth": 12.181653422090571, "n_estimators": 278.8348888166058}, "datetime": {"datetime": "2021-09-21 16:51:14", "elapsed": 1262.92013, "delta": 5.215734}}
{"target": 0.8416541979551491, "params": {"max_depth": 24.01868362109723, "n_estimators": 262.10711196826765}, "datetime": {"datetime": "2021-09-21 16:51:20", "elapsed": 1268.99984, "delta": 6.07971}}
{"target": 0.8412746081510241, "params": {"max_depth": 17.167892483648888, "n_estimators": 274.9757205958848}, "datetime": {"datetime": "2021-09-21 16:51:25", "elapsed": 1273.996647, "delta": 4.996807}}
{"target": 0.8424855535329236, "params": {"max_depth": 14.371907606801773, "n_estimators": 283.74449051989905}, "datetime": {"datetime": "2021-09-21 16:51:30", "elapsed": 1278.510931, "delta": 4.514284}}
{"target": 0.8407972936088001, "params": {"max_depth": 24.032557213084665, "n_estimators": 232.29990161688738}, "datetime": {"datetime": "2021-09-21 16:51:34", "elapsed": 1283.081672, "delta": 4.570741}}
{"target": 0.8406990362191824, "params": {"max_depth": 11.952223332836077, "n_estimators": 212.61126032507224}, "datetime": {"datetime": "2021-09-21 16:51:38", "elapsed": 1286.612394, "delta": 3.530722}}
{"target": 0.8424263148934716, "params": {"max_depth": 15.066558999070079, "n_estimators": 220.0136783450004}, "datetime": {"datetime": "2021-09-21 16:51:43", "elapsed": 1292.143243, "delta": 5.530849}}
{"target": 0.8423387189892322, "params": {"max_depth": 24.591425617262352, "n_estimators": 217.1268006042539}, "datetime": {"datetime": "2021-09-21 16:51:48", "elapsed": 1296.526328, "delta": 4.383085}}
{"target": 0.8408348057137942, "params": {"max_depth": 23.939242531121963, "n_estimators": 298.5452610556238}, "datetime": {"datetime": "2021-09-21 16:51:53", "elapsed": 1301.188142, "delta": 4.661814}}
{"target": 0.8417335498232498, "params": {"max_depth": 26.60384867073391, "n_estimators": 257.2140194412078}, "datetime": {"datetime": "2021-09-21 16:51:58", "elapsed": 1306.435776, "delta": 5.247634}}
{"target": 0.841409423803656, "params": {"max_depth": 19.361630350292625, "n_estimators": 214.29518366984232}, "datetime": {"datetime": "2021-09-21 16:52:02", "elapsed": 1310.346046, "delta": 3.91027}}
{"target": 0.8392700816873534, "params": {"max_depth": 11.236417002810184, "n_estimators": 251.79867639698372}, "datetime": {"datetime": "2021-09-21 16:52:06", "elapsed": 1314.562091, "delta": 4.216045}}
{"target": 0.8393232208499574, "params": {"max_depth": 11.17892636350116, "n_estimators": 255.06428939136165}, "datetime": {"datetime": "2021-09-21 16:52:09", "elapsed": 1318.156742, "delta": 3.594651}}
{"target": 0.8416970032280591, "params": {"max_depth": 14.741697610162953, "n_estimators": 250.15187209252224}, "datetime": {"datetime": "2021-09-21 16:52:13", "elapsed": 1322.000847, "delta": 3.844105}}
{"target": 0.840698519722578, "params": {"max_depth": 26.220539131791398, "n_estimators": 201.4019760039145}, "datetime": {"datetime": "2021-09-21 16:52:18", "elapsed": 1326.575445, "delta": 4.574598}}
{"target": 0.8416259172303113, "params": {"max_depth": 15.570636669527152, "n_estimators": 258.97912888735783}, "datetime": {"datetime": "2021-09-21 16:52:23", "elapsed": 1331.451588, "delta": 4.876143}}
{"target": 0.8412682798143041, "params": {"max_depth": 12.118371888214561, "n_estimators": 231.9183582283061}, "datetime": {"datetime": "2021-09-21 16:52:27", "elapsed": 1335.261694, "delta": 3.810106}}
{"target": 0.8414272655163421, "params": {"max_depth": 23.156231168035372, "n_estimators": 224.65346816741283}, "datetime": {"datetime": "2021-09-21 16:52:30", "elapsed": 1338.913505, "delta": 3.651811}}
{"target": 0.8410821920499072, "params": {"max_depth": 19.183864315910654, "n_estimators": 238.83616305367775}, "datetime": {"datetime": "2021-09-21 16:52:34", "elapsed": 1342.88042, "delta": 3.966915}}
{"target": 0.8404830147638211, "params": {"max_depth": 29.990843900018486, "n_estimators": 252.19085587182258}, "datetime": {"datetime": "2021-09-21 16:52:38", "elapsed": 1346.554588, "delta": 3.674168}}
{"target": 0.8414780551474763, "params": {"max_depth": 17.330704893467757, "n_estimators": 260.9943633406051}, "datetime": {"datetime": "2021-09-21 16:52:44", "elapsed": 1352.750074, "delta": 6.195486}}
{"target": 0.8385021049630028, "params": {"max_depth": 9.815386423090095, "n_estimators": 291.1305096676114}, "datetime": {"datetime": "2021-09-21 16:52:50", "elapsed": 1358.821073, "delta": 6.070999}}
{"target": 0.841287319485783, "params": {"max_depth": 12.402270586971678, "n_estimators": 288.53986234326874}, "datetime": {"datetime": "2021-09-21 16:52:56", "elapsed": 1364.481055, "delta": 5.659982}}
{"target": 0.8412611904823917, "params": {"max_depth": 23.51555056598164, "n_estimators": 238.55970634766254}, "datetime": {"datetime": "2021-09-21 16:53:01", "elapsed": 1369.971013, "delta": 5.489958}}
{"target": 0.8415505633901255, "params": {"max_depth": 14.103913719021287, "n_estimators": 266.75770567094787}, "datetime": {"datetime": "2021-09-21 16:53:06", "elapsed": 1374.300774, "delta": 4.329761}}
{"target": 0.8418527094252981, "params": {"max_depth": 25.80411415789614, "n_estimators": 280.42861868937416}, "datetime": {"datetime": "2021-09-21 16:53:11", "elapsed": 1379.60747, "delta": 5.306696}}
{"target": 0.8417105873848465, "params": {"max_depth": 24.85557866685252, "n_estimators": 260.1975290045476}, "datetime": {"datetime": "2021-09-21 16:53:16", "elapsed": 1384.326596, "delta": 4.719126}}
{"target": 0.8392064335186523, "params": {"max_depth": 8.513277159962081, "n_estimators": 216.5045209255277}, "datetime": {"datetime": "2021-09-21 16:53:19", "elapsed": 1387.514787, "delta": 3.188191}}
{"target": 0.8411199207793977, "params": {"max_depth": 11.885372840786102, "n_estimators": 216.18772058877923}, "datetime": {"datetime": "2021-09-21 16:53:23", "elapsed": 1391.473134, "delta": 3.958347}}
{"target": 0.8416961343721852, "params": {"max_depth": 16.259367764915968, "n_estimators": 257.08378550425255}, "datetime": {"datetime": "2021-09-21 16:53:28", "elapsed": 1396.30593, "delta": 4.832796}}
{"target": 0.8414689330728864, "params": {"max_depth": 16.070442300150447, "n_estimators": 205.70411985057143}, "datetime": {"datetime": "2021-09-21 16:53:31", "elapsed": 1399.664525, "delta": 3.358595}}
