{"target": -11.100211675715176, "params": {"max_depth": 22.757462098754054, "n_estimators": 69.76259594753726}, "datetime": {"datetime": "2021-09-27 16:52:41", "elapsed": 0.0, "delta": 0.0}}
{"target": -11.068487880446295, "params": {"max_depth": 14.002401871164242, "n_estimators": 66.41866058105472}, "datetime": {"datetime": "2021-09-27 16:52:42", "elapsed": 0.570006, "delta": 0.570006}}
{"target": -11.125728541792398, "params": {"max_depth": 17.081873707159374, "n_estimators": 64.73870875815038}, "datetime": {"datetime": "2021-09-27 16:52:42", "elapsed": 1.095999, "delta": 0.525993}}
{"target": -11.010547558057073, "params": {"max_depth": 17.911464438931088, "n_estimators": 66.76448581634438}, "datetime": {"datetime": "2021-09-27 16:52:43", "elapsed": 1.720489, "delta": 0.62449}}
{"target": -11.08885330294382, "params": {"max_depth": 22.332116958844068, "n_estimators": 68.31053387202685}, "datetime": {"datetime": "2021-09-27 16:52:43", "elapsed": 2.302017, "delta": 0.581528}}
{"target": -11.017846384838718, "params": {"max_depth": 17.711165522495435, "n_estimators": 67.08629262666162}, "datetime": {"datetime": "2021-09-27 16:52:44", "elapsed": 3.033895, "delta": 0.731878}}
{"target": -10.978236811183601, "params": {"max_depth": 18.957957118614722, "n_estimators": 67.20644605610852}, "datetime": {"datetime": "2021-09-27 16:52:45", "elapsed": 3.697121, "delta": 0.663226}}
{"target": -10.979716936868593, "params": {"max_depth": 20.23707662883479, "n_estimators": 65.98381281066172}, "datetime": {"datetime": "2021-09-27 16:52:46", "elapsed": 4.58612, "delta": 0.888999}}
{"target": -11.124880371421867, "params": {"max_depth": 22.096694042266847, "n_estimators": 64.0}, "datetime": {"datetime": "2021-09-27 16:52:47", "elapsed": 5.487776, "delta": 0.901656}}
{"target": -11.050207858925857, "params": {"max_depth": 18.18138686941005, "n_estimators": 70.51499764930058}, "datetime": {"datetime": "2021-09-27 16:52:47", "elapsed": 6.351769, "delta": 0.863993}}
{"target": -10.991287343065748, "params": {"max_depth": 20.252872979878937, "n_estimators": 67.21973466243689}, "datetime": {"datetime": "2021-09-27 16:52:48", "elapsed": 7.090774, "delta": 0.739005}}
{"target": -11.10824509660984, "params": {"max_depth": 34.97875942795943, "n_estimators": 71.98111374232715}, "datetime": {"datetime": "2021-09-27 16:52:49", "elapsed": 8.011314, "delta": 0.92054}}
{"target": -11.124880371421867, "params": {"max_depth": 32.57540930490925, "n_estimators": 64.0}, "datetime": {"datetime": "2021-09-27 16:52:50", "elapsed": 8.796343, "delta": 0.785029}}
{"target": -11.16835998900088, "params": {"max_depth": 14.0, "n_estimators": 72.0}, "datetime": {"datetime": "2021-09-27 16:52:51", "elapsed": 9.719956, "delta": 0.923613}}
{"target": -11.134017246770822, "params": {"max_depth": 28.493101179375625, "n_estimators": 72.0}, "datetime": {"datetime": "2021-09-27 16:52:52", "elapsed": 10.777796, "delta": 1.05784}}
{"target": -11.124880371421867, "params": {"max_depth": 27.63035011495516, "n_estimators": 64.0}, "datetime": {"datetime": "2021-09-27 16:52:53", "elapsed": 11.671971, "delta": 0.894175}}
{"target": -11.012875315577467, "params": {"max_depth": 19.355854142389223, "n_estimators": 66.22531315826546}, "datetime": {"datetime": "2021-09-27 16:52:53", "elapsed": 12.375578, "delta": 0.703607}}
{"target": -11.07134708002821, "params": {"max_depth": 19.264787840512398, "n_estimators": 68.6480998736918}, "datetime": {"datetime": "2021-09-27 16:52:54", "elapsed": 13.410844, "delta": 1.035266}}
{"target": -11.026648056847742, "params": {"max_depth": 21.322855979035776, "n_estimators": 66.34144732946191}, "datetime": {"datetime": "2021-09-27 16:52:55", "elapsed": 14.115103, "delta": 0.704259}}
{"target": -11.09444791130626, "params": {"max_depth": 19.930840842182487, "n_estimators": 71.9968815967868}, "datetime": {"datetime": "2021-09-27 16:52:56", "elapsed": 15.0781, "delta": 0.962997}}
{"target": -11.031907831663908, "params": {"max_depth": 34.99230322959514, "n_estimators": 67.86954017918212}, "datetime": {"datetime": "2021-09-27 16:52:57", "elapsed": 15.828291, "delta": 0.750191}}
{"target": -11.08885330294382, "params": {"max_depth": 32.92834070367075, "n_estimators": 68.36427326872618}, "datetime": {"datetime": "2021-09-27 16:52:58", "elapsed": 16.563439, "delta": 0.735148}}
{"target": -11.02216540553383, "params": {"max_depth": 34.949041817472796, "n_estimators": 65.81293595085928}, "datetime": {"datetime": "2021-09-27 16:52:58", "elapsed": 17.27612, "delta": 0.712681}}
{"target": -11.08885330294382, "params": {"max_depth": 26.65263409451774, "n_estimators": 68.0691207441975}, "datetime": {"datetime": "2021-09-27 16:52:59", "elapsed": 17.988864, "delta": 0.712744}}
{"target": -11.081768645433735, "params": {"max_depth": 20.120431213802775, "n_estimators": 64.89294935387923}, "datetime": {"datetime": "2021-09-27 16:53:00", "elapsed": 18.674863, "delta": 0.685999}}
{"target": -10.98344908311474, "params": {"max_depth": 20.089042944384893, "n_estimators": 66.58869893656829}, "datetime": {"datetime": "2021-09-27 16:53:00", "elapsed": 19.361067, "delta": 0.686204}}
{"target": -11.036802412258973, "params": {"max_depth": 16.27525132619092, "n_estimators": 69.09017891777728}, "datetime": {"datetime": "2021-09-27 16:53:01", "elapsed": 20.120332, "delta": 0.759265}}
{"target": -11.124880371421867, "params": {"max_depth": 34.98753925580051, "n_estimators": 64.00677116926484}, "datetime": {"datetime": "2021-09-27 16:53:02", "elapsed": 20.806332, "delta": 0.686}}
{"target": -11.026648056847742, "params": {"max_depth": 33.96536256604363, "n_estimators": 66.61935103588779}, "datetime": {"datetime": "2021-09-27 16:53:03", "elapsed": 21.523339, "delta": 0.717007}}
{"target": -11.122558062951468, "params": {"max_depth": 14.262427783426427, "n_estimators": 68.61939163218949}, "datetime": {"datetime": "2021-09-27 16:53:03", "elapsed": 22.224687, "delta": 0.701348}}
{"target": -11.16568520338322, "params": {"max_depth": 14.055770199780046, "n_estimators": 64.04733584841215}, "datetime": {"datetime": "2021-09-27 16:53:04", "elapsed": 22.899899, "delta": 0.675212}}
{"target": -11.134017246770822, "params": {"max_depth": 24.718171652316247, "n_estimators": 72.0}, "datetime": {"datetime": "2021-09-27 16:53:05", "elapsed": 23.693901, "delta": 0.794002}}
{"target": -11.031907831663908, "params": {"max_depth": 29.843056343214986, "n_estimators": 67.39719399190214}, "datetime": {"datetime": "2021-09-27 16:53:06", "elapsed": 24.5119, "delta": 0.817999}}
{"target": -11.100211675715176, "params": {"max_depth": 30.027702984010986, "n_estimators": 69.12401185821614}, "datetime": {"datetime": "2021-09-27 16:53:06", "elapsed": 25.2989, "delta": 0.787}}
{"target": -11.02216540553383, "params": {"max_depth": 30.414527305838348, "n_estimators": 65.93728087092616}, "datetime": {"datetime": "2021-09-27 16:53:07", "elapsed": 26.151108, "delta": 0.852208}}
{"target": -11.026648056847742, "params": {"max_depth": 28.899353935331476, "n_estimators": 66.2688631847488}, "datetime": {"datetime": "2021-09-27 16:53:08", "elapsed": 26.921246, "delta": 0.770138}}
{"target": -11.106768338530063, "params": {"max_depth": 17.146205698537663, "n_estimators": 72.0}, "datetime": {"datetime": "2021-09-27 16:53:09", "elapsed": 27.740395, "delta": 0.819149}}
{"target": -11.026648056847742, "params": {"max_depth": 31.690509586299186, "n_estimators": 66.63726403925452}, "datetime": {"datetime": "2021-09-27 16:53:10", "elapsed": 28.532392, "delta": 0.791997}}
{"target": -11.134017246770822, "params": {"max_depth": 31.965246161947785, "n_estimators": 72.0}, "datetime": {"datetime": "2021-09-27 16:53:10", "elapsed": 29.385395, "delta": 0.853003}}
{"target": -11.02216540553383, "params": {"max_depth": 24.79733781716905, "n_estimators": 65.90707237334298}, "datetime": {"datetime": "2021-09-27 16:53:11", "elapsed": 30.164102, "delta": 0.778707}}
{"target": -11.124880371421867, "params": {"max_depth": 24.745974167436348, "n_estimators": 64.16745262458292}, "datetime": {"datetime": "2021-09-27 16:53:12", "elapsed": 30.837101, "delta": 0.672999}}
{"target": -11.031907831663908, "params": {"max_depth": 24.42705395754456, "n_estimators": 67.19771279349385}, "datetime": {"datetime": "2021-09-27 16:53:13", "elapsed": 31.612479, "delta": 0.775378}}
{"target": -11.026648056847742, "params": {"max_depth": 26.098612364211455, "n_estimators": 66.21326204915691}, "datetime": {"datetime": "2021-09-27 16:53:13", "elapsed": 32.413485, "delta": 0.801006}}
{"target": -11.059630990383258, "params": {"max_depth": 17.45893757386632, "n_estimators": 68.95954385376956}, "datetime": {"datetime": "2021-09-27 16:53:14", "elapsed": 33.171483, "delta": 0.757998}}
{"target": -11.0166490295838, "params": {"max_depth": 19.54258091397639, "n_estimators": 67.28247328838845}, "datetime": {"datetime": "2021-09-27 16:53:15", "elapsed": 34.04149, "delta": 0.870007}}
{"target": -10.978236811183601, "params": {"max_depth": 18.48913667907495, "n_estimators": 67.55691187115517}, "datetime": {"datetime": "2021-09-27 16:53:16", "elapsed": 34.847483, "delta": 0.805993}}
{"target": -11.026648056847742, "params": {"max_depth": 35.0, "n_estimators": 66.78180310028606}, "datetime": {"datetime": "2021-09-27 16:53:17", "elapsed": 35.647235, "delta": 0.799752}}
{"target": -11.100211675715176, "params": {"max_depth": 34.93525351410881, "n_estimators": 69.64066066274745}, "datetime": {"datetime": "2021-09-27 16:53:18", "elapsed": 36.488238, "delta": 0.841003}}
{"target": -11.124880371421867, "params": {"max_depth": 29.972940120008012, "n_estimators": 64.39578199082725}, "datetime": {"datetime": "2021-09-27 16:53:18", "elapsed": 37.257318, "delta": 0.76908}}
{"target": -10.991287343065748, "params": {"max_depth": 20.913797130580875, "n_estimators": 67.19374516486299}, "datetime": {"datetime": "2021-09-27 16:53:19", "elapsed": 38.126532, "delta": 0.869214}}
{"target": -10.978236811183601, "params": {"max_depth": 18.525286531683314, "n_estimators": 67.0608663874369}, "datetime": {"datetime": "2021-09-27 16:53:20", "elapsed": 38.929533, "delta": 0.803001}}
{"target": -10.98344908311474, "params": {"max_depth": 20.595139955902464, "n_estimators": 66.51119286884979}, "datetime": {"datetime": "2021-09-27 16:53:21", "elapsed": 39.746786, "delta": 0.817253}}
{"target": -11.026648056847742, "params": {"max_depth": 23.43008943632986, "n_estimators": 66.26116732877821}, "datetime": {"datetime": "2021-09-27 16:53:22", "elapsed": 40.511788, "delta": 0.765002}}
{"target": -11.026648056847742, "params": {"max_depth": 27.588592737927563, "n_estimators": 66.53249367429915}, "datetime": {"datetime": "2021-09-27 16:53:22", "elapsed": 41.416786, "delta": 0.904998}}
{"target": -11.031907831663908, "params": {"max_depth": 28.462297979987035, "n_estimators": 67.53374892441275}, "datetime": {"datetime": "2021-09-27 16:53:23", "elapsed": 42.24595, "delta": 0.829164}}
{"target": -10.9864734145706, "params": {"max_depth": 15.895260587122152, "n_estimators": 67.21718749363173}, "datetime": {"datetime": "2021-09-27 16:53:24", "elapsed": 43.110314, "delta": 0.864364}}
{"target": -10.979759869435217, "params": {"max_depth": 15.789348713556564, "n_estimators": 66.37316196345054}, "datetime": {"datetime": "2021-09-27 16:53:25", "elapsed": 43.922207, "delta": 0.811893}}
{"target": -10.956971841071688, "params": {"max_depth": 16.3668455699324, "n_estimators": 66.5729540231761}, "datetime": {"datetime": "2021-09-27 16:53:26", "elapsed": 44.738207, "delta": 0.816}}
{"target": -10.956971841071688, "params": {"max_depth": 16.63978393142178, "n_estimators": 66.21138943147304}, "datetime": {"datetime": "2021-09-27 16:53:27", "elapsed": 45.534207, "delta": 0.796}}
{"target": -10.956971841071688, "params": {"max_depth": 16.286742687607216, "n_estimators": 66.07265685688343}, "datetime": {"datetime": "2021-09-27 16:53:27", "elapsed": 46.3865, "delta": 0.852293}}
{"target": -10.956971841071688, "params": {"max_depth": 16.392206180388595, "n_estimators": 66.28951677886437}, "datetime": {"datetime": "2021-09-27 16:53:28", "elapsed": 47.166611, "delta": 0.780111}}
{"target": -10.964487382894891, "params": {"max_depth": 16.579384432634683, "n_estimators": 67.24756264395626}, "datetime": {"datetime": "2021-09-27 16:53:29", "elapsed": 47.994167, "delta": 0.827556}}
{"target": -10.985143514393844, "params": {"max_depth": 15.735938367070874, "n_estimators": 65.54920691882296}, "datetime": {"datetime": "2021-09-27 16:53:30", "elapsed": 48.79316, "delta": 0.798993}}
{"target": -10.956971841071688, "params": {"max_depth": 16.775154596214428, "n_estimators": 66.70424551812818}, "datetime": {"datetime": "2021-09-27 16:53:31", "elapsed": 49.658156, "delta": 0.864996}}
{"target": -11.10824509660984, "params": {"max_depth": 22.172329067365087, "n_estimators": 71.95343181991299}, "datetime": {"datetime": "2021-09-27 16:53:32", "elapsed": 50.557703, "delta": 0.899547}}
{"target": -10.956971841071688, "params": {"max_depth": 16.44220667265597, "n_estimators": 66.95965177470345}, "datetime": {"datetime": "2021-09-27 16:53:32", "elapsed": 51.436702, "delta": 0.878999}}
{"target": -10.956971841071688, "params": {"max_depth": 16.628848132944594, "n_estimators": 66.50810563500067}, "datetime": {"datetime": "2021-09-27 16:53:33", "elapsed": 52.34556, "delta": 0.908858}}
{"target": -11.02216540553383, "params": {"max_depth": 32.822038006998724, "n_estimators": 65.88541650121209}, "datetime": {"datetime": "2021-09-27 16:53:34", "elapsed": 53.211191, "delta": 0.865631}}
{"target": -10.976995895932966, "params": {"max_depth": 16.462926875457043, "n_estimators": 65.80938507568176}, "datetime": {"datetime": "2021-09-27 16:53:35", "elapsed": 54.054124, "delta": 0.842933}}
{"target": -11.100211675715176, "params": {"max_depth": 24.96953163785149, "n_estimators": 69.36619793764531}, "datetime": {"datetime": "2021-09-27 16:53:36", "elapsed": 54.950126, "delta": 0.896002}}
{"target": -11.010547558057073, "params": {"max_depth": 17.04603171129106, "n_estimators": 66.37413430596006}, "datetime": {"datetime": "2021-09-27 16:53:37", "elapsed": 55.794421, "delta": 0.844295}}
{"target": -11.100211675715176, "params": {"max_depth": 27.675117487997984, "n_estimators": 69.80824293907465}, "datetime": {"datetime": "2021-09-27 16:53:38", "elapsed": 56.668241, "delta": 0.87382}}
{"target": -11.064866309866014, "params": {"max_depth": 20.63333551204731, "n_estimators": 69.94008809690853}, "datetime": {"datetime": "2021-09-27 16:53:39", "elapsed": 57.526869, "delta": 0.858628}}
{"target": -11.044599491088347, "params": {"max_depth": 20.72754038970195, "n_estimators": 68.12637247486288}, "datetime": {"datetime": "2021-09-27 16:53:39", "elapsed": 58.412688, "delta": 0.885819}}
{"target": -11.036421088833567, "params": {"max_depth": 16.005041621766672, "n_estimators": 70.42734892795148}, "datetime": {"datetime": "2021-09-27 16:53:40", "elapsed": 59.333695, "delta": 0.921007}}
{"target": -11.02216540553383, "params": {"max_depth": 31.608502697698782, "n_estimators": 65.47912957462476}, "datetime": {"datetime": "2021-09-27 16:53:41", "elapsed": 60.164683, "delta": 0.830988}}
{"target": -11.031907831663908, "params": {"max_depth": 31.157647740995376, "n_estimators": 67.78444755110061}, "datetime": {"datetime": "2021-09-27 16:53:42", "elapsed": 60.970624, "delta": 0.805941}}
{"target": -11.100211675715176, "params": {"max_depth": 31.89028098146161, "n_estimators": 69.85550236982228}, "datetime": {"datetime": "2021-09-27 16:53:43", "elapsed": 61.798817, "delta": 0.828193}}
{"target": -11.009945572838891, "params": {"max_depth": 16.249821757793832, "n_estimators": 68.07216799532591}, "datetime": {"datetime": "2021-09-27 16:53:44", "elapsed": 62.810467, "delta": 1.01165}}
{"target": -11.02216540553383, "params": {"max_depth": 33.875391109270105, "n_estimators": 65.50529366350749}, "datetime": {"datetime": "2021-09-27 16:53:45", "elapsed": 63.73047, "delta": 0.920003}}
{"target": -11.026648056847742, "params": {"max_depth": 25.441413547466077, "n_estimators": 66.95413419339867}, "datetime": {"datetime": "2021-09-27 16:53:46", "elapsed": 64.611791, "delta": 0.881321}}
{"target": -11.026648056847742, "params": {"max_depth": 30.645173200469948, "n_estimators": 66.83234781192732}, "datetime": {"datetime": "2021-09-27 16:53:47", "elapsed": 65.564791, "delta": 0.953}}
{"target": -10.985143514393844, "params": {"max_depth": 15.059154055048035, "n_estimators": 65.80481277405416}, "datetime": {"datetime": "2021-09-27 16:53:48", "elapsed": 66.497343, "delta": 0.932552}}
{"target": -11.026648056847742, "params": {"max_depth": 22.561384103743514, "n_estimators": 66.86760463366143}, "datetime": {"datetime": "2021-09-27 16:53:48", "elapsed": 67.303338, "delta": 0.805995}}
{"target": -11.02216540553383, "params": {"max_depth": 27.06531252381395, "n_estimators": 65.54274572704527}, "datetime": {"datetime": "2021-09-27 16:53:49", "elapsed": 68.23465, "delta": 0.931312}}
{"target": -10.956971841071688, "params": {"max_depth": 16.672814478274997, "n_estimators": 66.95765139791439}, "datetime": {"datetime": "2021-09-27 16:53:50", "elapsed": 69.059655, "delta": 0.825005}}
{"target": -11.134017246770822, "params": {"max_depth": 26.58849997911018, "n_estimators": 72.0}, "datetime": {"datetime": "2021-09-27 16:53:51", "elapsed": 69.901648, "delta": 0.841993}}
{"target": -11.02216540553383, "params": {"max_depth": 26.028563575950145, "n_estimators": 65.19475717974844}, "datetime": {"datetime": "2021-09-27 16:53:52", "elapsed": 70.762934, "delta": 0.861286}}
{"target": -11.026648056847742, "params": {"max_depth": 32.814639038147405, "n_estimators": 66.98083500332592}, "datetime": {"datetime": "2021-09-27 16:53:53", "elapsed": 71.546936, "delta": 0.784002}}
{"target": -11.080065379786475, "params": {"max_depth": 17.038494419337937, "n_estimators": 70.21843235613008}, "datetime": {"datetime": "2021-09-27 16:53:53", "elapsed": 72.426838, "delta": 0.879902}}
{"target": -11.149845649756863, "params": {"max_depth": 14.983819855767797, "n_estimators": 70.11286484183422}, "datetime": {"datetime": "2021-09-27 16:53:54", "elapsed": 73.26897, "delta": 0.842132}}
{"target": -11.0881276904403, "params": {"max_depth": 19.349632852506797, "n_estimators": 70.50911032156122}, "datetime": {"datetime": "2021-09-27 16:53:55", "elapsed": 74.13802, "delta": 0.86905}}
{"target": -11.017846384838718, "params": {"max_depth": 17.08026723390438, "n_estimators": 67.85374625780841}, "datetime": {"datetime": "2021-09-27 16:53:56", "elapsed": 74.901656, "delta": 0.763636}}
{"target": -11.02216540553383, "params": {"max_depth": 22.550115245043656, "n_estimators": 65.69232589286068}, "datetime": {"datetime": "2021-09-27 16:53:57", "elapsed": 75.768656, "delta": 0.867}}
{"target": -10.985143514393844, "params": {"max_depth": 15.639898063476911, "n_estimators": 65.9428301626046}, "datetime": {"datetime": "2021-09-27 16:53:58", "elapsed": 76.609656, "delta": 0.841}}
{"target": -10.985143514393844, "params": {"max_depth": 15.127451493220752, "n_estimators": 65.13980110899021}, "datetime": {"datetime": "2021-09-27 16:53:58", "elapsed": 77.37273, "delta": 0.763074}}
{"target": -11.080180415218328, "params": {"max_depth": 15.700095998438513, "n_estimators": 64.02845510674398}, "datetime": {"datetime": "2021-09-27 16:53:59", "elapsed": 78.186072, "delta": 0.813342}}
{"target": -11.084133825485583, "params": {"max_depth": 14.55567917732694, "n_estimators": 65.43905422741747}, "datetime": {"datetime": "2021-09-27 16:54:00", "elapsed": 79.036072, "delta": 0.85}}
{"target": -10.979759869435217, "params": {"max_depth": 15.039689403334886, "n_estimators": 66.86373910146418}, "datetime": {"datetime": "2021-09-27 16:54:01", "elapsed": 79.871739, "delta": 0.835667}}
{"target": -11.075696168811424, "params": {"max_depth": 14.921784549824292, "n_estimators": 67.46821385757131}, "datetime": {"datetime": "2021-09-27 16:54:02", "elapsed": 80.712731, "delta": 0.840992}}
{"target": -10.979759869435217, "params": {"max_depth": 15.054721600366863, "n_estimators": 66.34735123572712}, "datetime": {"datetime": "2021-09-27 16:54:03", "elapsed": 81.510731, "delta": 0.798}}
{"target": -11.07180743616143, "params": {"max_depth": 18.865823871966928, "n_estimators": 64.02646402811347}, "datetime": {"datetime": "2021-09-27 16:54:03", "elapsed": 82.277046, "delta": 0.766315}}
{"target": -11.02216540553383, "params": {"max_depth": 28.140336677241237, "n_estimators": 65.60206943634222}, "datetime": {"datetime": "2021-09-27 16:54:04", "elapsed": 83.072757, "delta": 0.795711}}
{"target": -11.02216540553383, "params": {"max_depth": 23.51438629418068, "n_estimators": 65.24601201494328}, "datetime": {"datetime": "2021-09-27 16:54:05", "elapsed": 83.928385, "delta": 0.855628}}
{"target": -11.10824509660984, "params": {"max_depth": 30.17548992082973, "n_estimators": 71.11011949312993}, "datetime": {"datetime": "2021-09-27 16:54:06", "elapsed": 84.788426, "delta": 0.860041}}
{"target": -11.08885330294382, "params": {"max_depth": 23.788936457664, "n_estimators": 68.081496393452}, "datetime": {"datetime": "2021-09-27 16:54:07", "elapsed": 85.616386, "delta": 0.82796}}
{"target": -10.979759869435217, "params": {"max_depth": 15.517625354907166, "n_estimators": 66.81094619892508}, "datetime": {"datetime": "2021-09-27 16:54:08", "elapsed": 86.513161, "delta": 0.896775}}
{"target": -10.956971841071688, "params": {"max_depth": 16.51508867425165, "n_estimators": 66.75470105836825}, "datetime": {"datetime": "2021-09-27 16:54:08", "elapsed": 87.330131, "delta": 0.81697}}
{"target": -11.104451286110764, "params": {"max_depth": 33.60109700096956, "n_estimators": 70.81770428865428}, "datetime": {"datetime": "2021-09-27 16:54:09", "elapsed": 88.217209, "delta": 0.887078}}
{"target": -10.985143514393844, "params": {"max_depth": 15.527034675110642, "n_estimators": 65.03655775985956}, "datetime": {"datetime": "2021-09-27 16:54:10", "elapsed": 88.983711, "delta": 0.766502}}
