{"target": -2.5094253431140188, "params": {"max_depth": 11.008528112861775, "n_estimators": 216.37702353920528}, "datetime": {"datetime": "2021-09-20 19:24:01", "elapsed": 0.0, "delta": 0.0}}
{"target": -4.9463899149036665, "params": {"max_depth": 1.0027449956162773, "n_estimators": 91.39743921692009}, "datetime": {"datetime": "2021-09-20 19:24:01", "elapsed": 0.225968, "delta": 0.225968}}
{"target": -3.0246008037752694, "params": {"max_depth": 4.522141379610713, "n_estimators": 28.609239835870543}, "datetime": {"datetime": "2021-09-20 19:24:01", "elapsed": 0.305959, "delta": 0.079991}}
{"target": -2.782803226956797, "params": {"max_depth": 5.470245073064102, "n_estimators": 104.32265738587128}, "datetime": {"datetime": "2021-09-20 19:24:01", "elapsed": 0.625002, "delta": 0.319043}}
{"target": -2.519697542223837, "params": {"max_depth": 10.522419381536078, "n_estimators": 162.10620346700372}, "datetime": {"datetime": "2021-09-20 19:24:02", "elapsed": 1.276004, "delta": 0.651002}}
{"target": -2.5215608259567373, "params": {"max_depth": 10.462725153759258, "n_estimators": 161.86044057497097}, "datetime": {"datetime": "2021-09-20 19:24:03", "elapsed": 1.939961, "delta": 0.663957}}
{"target": -2.504625749715683, "params": {"max_depth": 10.863077856160121, "n_estimators": 116.97265741048602}, "datetime": {"datetime": "2021-09-20 19:24:03", "elapsed": 2.615001, "delta": 0.67504}}
{"target": -2.4749390838206615, "params": {"max_depth": 23.863655793135063, "n_estimators": 108.82912678210862}, "datetime": {"datetime": "2021-09-20 19:24:04", "elapsed": 3.281968, "delta": 0.666967}}
{"target": -2.4773287385129485, "params": {"max_depth": 25.0, "n_estimators": 126.78814673380492}, "datetime": {"datetime": "2021-09-20 19:24:05", "elapsed": 3.989002, "delta": 0.707034}}
{"target": -2.4851814882032657, "params": {"max_depth": 24.747808446341537, "n_estimators": 145.70488194284331}, "datetime": {"datetime": "2021-09-20 19:24:05", "elapsed": 4.753967, "delta": 0.764965}}
{"target": -2.559868053465372, "params": {"max_depth": 8.645499229830493, "n_estimators": 137.2890333090607}, "datetime": {"datetime": "2021-09-20 19:24:06", "elapsed": 5.407964, "delta": 0.653997}}
{"target": -2.5135119893435367, "params": {"max_depth": 11.045060868458428, "n_estimators": 196.26845502469058}, "datetime": {"datetime": "2021-09-20 19:24:07", "elapsed": 6.370967, "delta": 0.963003}}
{"target": -2.4858296783625704, "params": {"max_depth": 24.26840084190366, "n_estimators": 180.4647107877998}, "datetime": {"datetime": "2021-09-20 19:24:08", "elapsed": 7.352959, "delta": 0.981992}}
{"target": -4.924311533659046, "params": {"max_depth": 1.0, "n_estimators": 180.37393572062282}, "datetime": {"datetime": "2021-09-20 19:24:09", "elapsed": 7.94697, "delta": 0.594011}}
{"target": -2.484506985055229, "params": {"max_depth": 24.45763232854705, "n_estimators": 162.61694801407}, "datetime": {"datetime": "2021-09-20 19:24:10", "elapsed": 8.930966, "delta": 0.983996}}
{"target": -2.4792079207920756, "params": {"max_depth": 24.24570893917323, "n_estimators": 202.6494677642369}, "datetime": {"datetime": "2021-09-20 19:24:11", "elapsed": 10.054999, "delta": 1.124033}}
{"target": -2.4827953216374237, "params": {"max_depth": 25.0, "n_estimators": 225.5109823576656}, "datetime": {"datetime": "2021-09-20 19:24:12", "elapsed": 11.326963, "delta": 1.271964}}
{"target": -2.522448880366542, "params": {"max_depth": 10.316002751956905, "n_estimators": 235.70124115847238}, "datetime": {"datetime": "2021-09-20 19:24:14", "elapsed": 12.854964, "delta": 1.528001}}
{"target": -2.4893658326143195, "params": {"max_depth": 24.902186901319176, "n_estimators": 244.46384045970987}, "datetime": {"datetime": "2021-09-20 19:24:16", "elapsed": 15.347547, "delta": 2.492583}}
{"target": -2.554187248531206, "params": {"max_depth": 9.99469356214468, "n_estimators": 255.57328117158474}, "datetime": {"datetime": "2021-09-20 19:24:17", "elapsed": 16.674414, "delta": 1.326867}}
{"target": -2.4911494538232346, "params": {"max_depth": 25.0, "n_estimators": 265.44657030678786}, "datetime": {"datetime": "2021-09-20 19:24:19", "elapsed": 18.252842, "delta": 1.578428}}
{"target": -2.5201438208309845, "params": {"max_depth": 10.044202042733604, "n_estimators": 276.39033646950827}, "datetime": {"datetime": "2021-09-20 19:24:21", "elapsed": 19.889832, "delta": 1.63699}}
{"target": -2.4886080332409946, "params": {"max_depth": 25.0, "n_estimators": 285.70234732733263}, "datetime": {"datetime": "2021-09-20 19:24:22", "elapsed": 21.53338, "delta": 1.643548}}
{"target": -2.563489874505358, "params": {"max_depth": 9.634620345723397, "n_estimators": 296.27344948674175}, "datetime": {"datetime": "2021-09-20 19:24:24", "elapsed": 23.047749, "delta": 1.514369}}
{"target": -3.530263157894736, "params": {"max_depth": 25.0, "n_estimators": 1.0}, "datetime": {"datetime": "2021-09-20 19:24:24", "elapsed": 23.27076, "delta": 0.223011}}
{"target": -2.495510964912279, "params": {"max_depth": 25.0, "n_estimators": 300.0}, "datetime": {"datetime": "2021-09-20 19:24:26", "elapsed": 24.909153, "delta": 1.638393}}
{"target": -2.4580043859649128, "params": {"max_depth": 25.0, "n_estimators": 54.143538747910284}, "datetime": {"datetime": "2021-09-20 19:24:26", "elapsed": 25.444174, "delta": 0.535021}}
{"target": -2.545458270387312, "params": {"max_depth": 8.133475985893284, "n_estimators": 54.78733020544945}, "datetime": {"datetime": "2021-09-20 19:24:27", "elapsed": 25.858151, "delta": 0.413977}}
{"target": -2.451887871853547, "params": {"max_depth": 25.0, "n_estimators": 69.59312378003023}, "datetime": {"datetime": "2021-09-20 19:24:27", "elapsed": 26.465185, "delta": 0.607034}}
{"target": -2.484281650071123, "params": {"max_depth": 25.0, "n_estimators": 37.85681931394613}, "datetime": {"datetime": "2021-09-20 19:24:28", "elapsed": 26.795853, "delta": 0.330668}}
{"target": -4.881578156357321, "params": {"max_depth": 1.3322951208143312, "n_estimators": 206.9849800312219}, "datetime": {"datetime": "2021-09-20 19:24:28", "elapsed": 27.428236, "delta": 0.632383}}
{"target": -2.4732558030590464, "params": {"max_depth": 21.381018809800494, "n_estimators": 214.7585797194783}, "datetime": {"datetime": "2021-09-20 19:24:30", "elapsed": 28.795408, "delta": 1.367172}}
{"target": -2.479007838606931, "params": {"max_depth": 21.642411587315078, "n_estimators": 192.30645635982333}, "datetime": {"datetime": "2021-09-20 19:24:31", "elapsed": 29.955064, "delta": 1.159656}}
{"target": -4.916695994595057, "params": {"max_depth": 1.3151626229972804, "n_estimators": 266.16911096532533}, "datetime": {"datetime": "2021-09-20 19:24:32", "elapsed": 30.817011, "delta": 0.861947}}
{"target": -2.4924365652821145, "params": {"max_depth": 14.097939827113773, "n_estimators": 285.6147232315912}, "datetime": {"datetime": "2021-09-20 19:24:33", "elapsed": 32.473618, "delta": 1.656607}}
{"target": -2.4837078337508918, "params": {"max_depth": 20.655754538153452, "n_estimators": 254.59553586312305}, "datetime": {"datetime": "2021-09-20 19:24:35", "elapsed": 33.959189, "delta": 1.485571}}
{"target": -2.4645099731156725, "params": {"max_depth": 13.937312494280937, "n_estimators": 65.70313574459712}, "datetime": {"datetime": "2021-09-20 19:24:35", "elapsed": 34.566561, "delta": 0.607372}}
{"target": -2.504311673046081, "params": {"max_depth": 13.643579264814903, "n_estimators": 225.22443106751928}, "datetime": {"datetime": "2021-09-20 19:24:37", "elapsed": 35.81942, "delta": 1.252859}}
{"target": -4.9140932110358335, "params": {"max_depth": 1.0, "n_estimators": 125.52960812524297}, "datetime": {"datetime": "2021-09-20 19:24:37", "elapsed": 36.334419, "delta": 0.514999}}
{"target": -2.5020927094975307, "params": {"max_depth": 13.121878708547605, "n_estimators": 147.39240114722955}, "datetime": {"datetime": "2021-09-20 19:24:38", "elapsed": 37.355979, "delta": 1.02156}}
{"target": -2.4871409580252255, "params": {"max_depth": 20.600520913849838, "n_estimators": 275.5807808850316}, "datetime": {"datetime": "2021-09-20 19:24:40", "elapsed": 38.800021, "delta": 1.444042}}
{"target": -2.482986889134215, "params": {"max_depth": 14.566531181289832, "n_estimators": 44.070862063440565}, "datetime": {"datetime": "2021-09-20 19:24:40", "elapsed": 39.34498, "delta": 0.544959}}
{"target": -2.512132776569437, "params": {"max_depth": 12.934060834841976, "n_estimators": 246.10580802717763}, "datetime": {"datetime": "2021-09-20 19:24:42", "elapsed": 41.13598, "delta": 1.791}}
{"target": -2.4804824561403502, "params": {"max_depth": 25.0, "n_estimators": 84.5651996961596}, "datetime": {"datetime": "2021-09-20 19:24:43", "elapsed": 41.946982, "delta": 0.811002}}
{"target": -5.566167972678511, "params": {"max_depth": 1.0, "n_estimators": 1.0}, "datetime": {"datetime": "2021-09-20 19:24:43", "elapsed": 42.33398, "delta": 0.386998}}
{"target": -2.51733409610984, "params": {"max_depth": 25.0, "n_estimators": 23.35951348343556}, "datetime": {"datetime": "2021-09-20 19:24:44", "elapsed": 42.772981, "delta": 0.439001}}
{"target": -5.057171034998858, "params": {"max_depth": 1.0070543283625932, "n_estimators": 43.376255485139815}, "datetime": {"datetime": "2021-09-20 19:24:44", "elapsed": 43.298978, "delta": 0.525997}}
{"target": -4.924654245390092, "params": {"max_depth": 1.0, "n_estimators": 148.911538229837}, "datetime": {"datetime": "2021-09-20 19:24:45", "elapsed": 43.984981, "delta": 0.686003}}
{"target": -2.482031133964793, "params": {"max_depth": 18.38753244604446, "n_estimators": 136.5040335407763}, "datetime": {"datetime": "2021-09-20 19:24:46", "elapsed": 45.215984, "delta": 1.231003}}
{"target": -2.474945175438596, "params": {"max_depth": 25.0, "n_estimators": 96.76037565919562}, "datetime": {"datetime": "2021-09-20 19:24:47", "elapsed": 46.315983, "delta": 1.099999}}
{"target": -4.93821526534287, "params": {"max_depth": 1.0, "n_estimators": 287.97049404268506}, "datetime": {"datetime": "2021-09-20 19:24:48", "elapsed": 47.447981, "delta": 1.131998}}
{"target": -4.9033991931043746, "params": {"max_depth": 1.0, "n_estimators": 243.04865944735602}, "datetime": {"datetime": "2021-09-20 19:24:49", "elapsed": 48.284017, "delta": 0.836036}}
{"target": -2.492184827700292, "params": {"max_depth": 20.422245016806613, "n_estimators": 235.36046002290516}, "datetime": {"datetime": "2021-09-20 19:24:50", "elapsed": 49.596866, "delta": 1.312849}}
{"target": -4.981354341964687, "params": {"max_depth": 1.0, "n_estimators": 66.11097416481101}, "datetime": {"datetime": "2021-09-20 19:24:51", "elapsed": 50.083865, "delta": 0.486999}}
{"target": -2.464522922874855, "params": {"max_depth": 16.454647233998053, "n_estimators": 56.047446292511026}, "datetime": {"datetime": "2021-09-20 19:24:51", "elapsed": 50.654657, "delta": 0.570792}}
{"target": -2.463365852370976, "params": {"max_depth": 14.78838510846439, "n_estimators": 107.35735982537678}, "datetime": {"datetime": "2021-09-20 19:24:52", "elapsed": 51.518846, "delta": 0.864189}}
{"target": -2.485217279009305, "params": {"max_depth": 16.914173057733898, "n_estimators": 30.171198169302144}, "datetime": {"datetime": "2021-09-20 19:24:53", "elapsed": 52.002842, "delta": 0.483996}}
{"target": -2.470818529012244, "params": {"max_depth": 20.223072178487488, "n_estimators": 118.24919073109545}, "datetime": {"datetime": "2021-09-20 19:24:54", "elapsed": 53.331843, "delta": 1.329001}}
{"target": -2.487433102244858, "params": {"max_depth": 19.065327259663, "n_estimators": 155.80622278394034}, "datetime": {"datetime": "2021-09-20 19:24:56", "elapsed": 55.095411, "delta": 1.763568}}
{"target": -2.497073907603648, "params": {"max_depth": 17.107133957302395, "n_estimators": 299.8288749367664}, "datetime": {"datetime": "2021-09-20 19:24:58", "elapsed": 57.607944, "delta": 2.512533}}
{"target": -2.5157125260298585, "params": {"max_depth": 14.368577903985727, "n_estimators": 18.720150633302445}, "datetime": {"datetime": "2021-09-20 19:24:59", "elapsed": 58.025939, "delta": 0.417995}}
{"target": -2.467372496357521, "params": {"max_depth": 17.463102313670014, "n_estimators": 76.74058654497956}, "datetime": {"datetime": "2021-09-20 19:25:00", "elapsed": 58.973959, "delta": 0.94802}}
{"target": -2.4909811132311237, "params": {"max_depth": 15.964289396026832, "n_estimators": 265.3662771468939}, "datetime": {"datetime": "2021-09-20 19:25:02", "elapsed": 61.245296, "delta": 2.271337}}
{"target": -2.492033595807255, "params": {"max_depth": 19.7096928214465, "n_estimators": 171.4300931656389}, "datetime": {"datetime": "2021-09-20 19:25:04", "elapsed": 62.8031, "delta": 1.557804}}
{"target": -2.49449376713821, "params": {"max_depth": 16.09492446362234, "n_estimators": 204.6395833044913}, "datetime": {"datetime": "2021-09-20 19:25:05", "elapsed": 64.435183, "delta": 1.632083}}
{"target": -4.892098733325525, "params": {"max_depth": 1.5508358116096506, "n_estimators": 225.16181087117064}, "datetime": {"datetime": "2021-09-20 19:25:06", "elapsed": 65.52237, "delta": 1.087187}}
{"target": -2.4576086956521737, "params": {"max_depth": 24.04413959621968, "n_estimators": 46.038104577508285}, "datetime": {"datetime": "2021-09-20 19:25:07", "elapsed": 66.251366, "delta": 0.728996}}
{"target": -2.6560728744939266, "params": {"max_depth": 24.34669415885614, "n_estimators": 13.271263042049254}, "datetime": {"datetime": "2021-09-20 19:25:07", "elapsed": 66.751006, "delta": 0.49964}}
{"target": -2.4862319201691547, "params": {"max_depth": 15.68739472799098, "n_estimators": 127.19066033929846}, "datetime": {"datetime": "2021-09-20 19:25:09", "elapsed": 68.002456, "delta": 1.25145}}
{"target": -2.4985521559320647, "params": {"max_depth": 19.836325764238783, "n_estimators": 292.393162579912}, "datetime": {"datetime": "2021-09-20 19:25:11", "elapsed": 70.233759, "delta": 2.231303}}
{"target": -2.4650220111968233, "params": {"max_depth": 17.50654411363135, "n_estimators": 91.7369641880083}, "datetime": {"datetime": "2021-09-20 19:25:12", "elapsed": 71.461915, "delta": 1.228156}}
{"target": -2.4821771620536257, "params": {"max_depth": 15.865890520800322, "n_estimators": 185.568488313328}, "datetime": {"datetime": "2021-09-20 19:25:14", "elapsed": 73.197878, "delta": 1.735963}}
{"target": -2.450256184816881, "params": {"max_depth": 21.944733966565266, "n_estimators": 62.87177926906598}, "datetime": {"datetime": "2021-09-20 19:25:15", "elapsed": 74.035854, "delta": 0.837976}}
{"target": -5.266322440794574, "params": {"max_depth": 1.0, "n_estimators": 19.47308935214684}, "datetime": {"datetime": "2021-09-20 19:25:16", "elapsed": 75.022774, "delta": 0.98692}}
{"target": -2.460318895839231, "params": {"max_depth": 17.611320583824185, "n_estimators": 99.80897805277573}, "datetime": {"datetime": "2021-09-20 19:25:18", "elapsed": 76.830626, "delta": 1.807852}}
{"target": -2.4783804855456233, "params": {"max_depth": 17.152168976523207, "n_estimators": 219.0347970265767}, "datetime": {"datetime": "2021-09-20 19:25:20", "elapsed": 79.683957, "delta": 2.853331}}
{"target": -2.472619459833795, "params": {"max_depth": 24.98020848137918, "n_estimators": 76.77693028998348}, "datetime": {"datetime": "2021-09-20 19:25:22", "elapsed": 81.049774, "delta": 1.365817}}
{"target": -2.490586750305995, "params": {"max_depth": 24.964444903471115, "n_estimators": 172.84931372905498}, "datetime": {"datetime": "2021-09-20 19:25:24", "elapsed": 82.890462, "delta": 1.840688}}
{"target": -2.482587719298244, "params": {"max_depth": 24.900946720607564, "n_estimators": 135.54005637648464}, "datetime": {"datetime": "2021-09-20 19:25:25", "elapsed": 84.602288, "delta": 1.711826}}
{"target": -2.503085127591706, "params": {"max_depth": 18.704392614534807, "n_estimators": 22.097841557498814}, "datetime": {"datetime": "2021-09-20 19:25:26", "elapsed": 85.180134, "delta": 0.577846}}
{"target": -2.50237953578632, "params": {"max_depth": 16.39274132386107, "n_estimators": 240.27561588412826}, "datetime": {"datetime": "2021-09-20 19:25:28", "elapsed": 87.524008, "delta": 2.343874}}
{"target": -2.482062415807318, "params": {"max_depth": 17.02259715138007, "n_estimators": 196.84703190650185}, "datetime": {"datetime": "2021-09-20 19:25:30", "elapsed": 89.449627, "delta": 1.925619}}
{"target": -2.482999732705433, "params": {"max_depth": 17.20146350237146, "n_estimators": 162.56648955292735}, "datetime": {"datetime": "2021-09-20 19:25:32", "elapsed": 91.175899, "delta": 1.726272}}
{"target": -3.340924342355074, "params": {"max_depth": 3.489638621002925, "n_estimators": 300.0}, "datetime": {"datetime": "2021-09-20 19:25:34", "elapsed": 92.921699, "delta": 1.7458}}
{"target": -2.490293411543411, "params": {"max_depth": 17.564993642834455, "n_estimators": 37.9163996561103}, "datetime": {"datetime": "2021-09-20 19:25:34", "elapsed": 93.485809, "delta": 0.56411}}
{"target": -2.484144042472041, "params": {"max_depth": 15.443519147616982, "n_estimators": 278.79249104062217}, "datetime": {"datetime": "2021-09-20 19:25:36", "elapsed": 95.123548, "delta": 1.637739}}
{"target": -2.4873584213846667, "params": {"max_depth": 15.56259323782178, "n_estimators": 231.59431290131707}, "datetime": {"datetime": "2021-09-20 19:25:37", "elapsed": 96.598548, "delta": 1.475}}
{"target": -2.4559853286598137, "params": {"max_depth": 19.043265997677953, "n_estimators": 69.71342186566324}, "datetime": {"datetime": "2021-09-20 19:25:38", "elapsed": 97.297139, "delta": 0.698591}}
{"target": -2.4853242174062595, "params": {"max_depth": 24.96674496711068, "n_estimators": 153.9757737686159}, "datetime": {"datetime": "2021-09-20 19:25:39", "elapsed": 98.310144, "delta": 1.013005}}
{"target": -2.4901788431854306, "params": {"max_depth": 14.874611244748404, "n_estimators": 252.77280101408317}, "datetime": {"datetime": "2021-09-20 19:25:41", "elapsed": 99.832435, "delta": 1.522291}}
{"target": -2.500513839329788, "params": {"max_depth": 16.928845445906628, "n_estimators": 142.9860892938673}, "datetime": {"datetime": "2021-09-20 19:25:42", "elapsed": 100.886022, "delta": 1.053587}}
{"target": -2.4740914786967383, "params": {"max_depth": 24.966310598378207, "n_estimators": 210.24707776239774}, "datetime": {"datetime": "2021-09-20 19:25:43", "elapsed": 102.267777, "delta": 1.381755}}
{"target": -2.565810825302112, "params": {"max_depth": 11.596587746934826, "n_estimators": 26.815865719568382}, "datetime": {"datetime": "2021-09-20 19:25:43", "elapsed": 102.764774, "delta": 0.496997}}
{"target": -2.477537192119865, "params": {"max_depth": 18.655314414931713, "n_estimators": 83.90886155617055}, "datetime": {"datetime": "2021-09-20 19:25:44", "elapsed": 103.714792, "delta": 0.950018}}
{"target": -2.4864223572785944, "params": {"max_depth": 16.111523978229133, "n_estimators": 212.3530465557825}, "datetime": {"datetime": "2021-09-20 19:25:46", "elapsed": 105.557311, "delta": 1.842519}}
{"target": -2.5992520961029286, "params": {"max_depth": 7.685367435258112, "n_estimators": 110.91387766277937}, "datetime": {"datetime": "2021-09-20 19:25:47", "elapsed": 106.330486, "delta": 0.773175}}
{"target": -2.491605489044496, "params": {"max_depth": 25.0, "n_estimators": 233.31789432119638}, "datetime": {"datetime": "2021-09-20 19:25:49", "elapsed": 107.957763, "delta": 1.627277}}
{"target": -2.484911770705832, "params": {"max_depth": 24.995437623315226, "n_estimators": 258.84313865282456}, "datetime": {"datetime": "2021-09-20 19:25:51", "elapsed": 109.806765, "delta": 1.849002}}
{"target": -2.479746835692056, "params": {"max_depth": 17.625357552018208, "n_estimators": 49.37920791803848}, "datetime": {"datetime": "2021-09-20 19:25:51", "elapsed": 110.493763, "delta": 0.686998}}
{"target": -2.481381578947368, "params": {"max_depth": 24.96066012080712, "n_estimators": 30.03124621294898}, "datetime": {"datetime": "2021-09-20 19:25:52", "elapsed": 111.070771, "delta": 0.577008}}
{"target": -2.4945106854340167, "params": {"max_depth": 14.809690735883981, "n_estimators": 272.0772106730542}, "datetime": {"datetime": "2021-09-20 19:25:53", "elapsed": 112.605765, "delta": 1.534994}}
{"target": -2.4825007036307314, "params": {"max_depth": 25.0, "n_estimators": 187.17445183830756}, "datetime": {"datetime": "2021-09-20 19:25:55", "elapsed": 113.946763, "delta": 1.340998}}
{"target": -2.47886229582577, "params": {"max_depth": 24.999214072963404, "n_estimators": 116.04718168170416}, "datetime": {"datetime": "2021-09-20 19:25:56", "elapsed": 114.978763, "delta": 1.032}}
{"target": -2.4883843440122013, "params": {"max_depth": 24.95706859522481, "n_estimators": 276.30943759117457}, "datetime": {"datetime": "2021-09-20 19:25:59", "elapsed": 117.856766, "delta": 2.878003}}
{"target": -2.4840006340550733, "params": {"max_depth": 15.515353811715254, "n_estimators": 113.92469864139446}, "datetime": {"datetime": "2021-09-20 19:25:59", "elapsed": 118.76177, "delta": 0.905004}}
{"target": -2.484294401341997, "params": {"max_depth": 25.0, "n_estimators": 251.0808753080178}, "datetime": {"datetime": "2021-09-20 19:26:01", "elapsed": 120.282763, "delta": 1.520993}}
{"target": -2.521826573227799, "params": {"max_depth": 11.649930698052733, "n_estimators": 59.31315580280342}, "datetime": {"datetime": "2021-09-20 19:26:02", "elapsed": 120.92677, "delta": 0.644007}}
{"target": -2.5008121651093584, "params": {"max_depth": 13.014515309180918, "n_estimators": 134.35358748068626}, "datetime": {"datetime": "2021-09-20 19:26:03", "elapsed": 121.901765, "delta": 0.974995}}
{"target": -2.6558114035087717, "params": {"max_depth": 18.220434722838103, "n_estimators": 13.022334285696113}, "datetime": {"datetime": "2021-09-20 19:26:03", "elapsed": 122.344728, "delta": 0.442963}}
{"target": -2.479105837510443, "params": {"max_depth": 22.62497216562692, "n_estimators": 90.55202101721648}, "datetime": {"datetime": "2021-09-20 19:26:04", "elapsed": 123.157223, "delta": 0.812495}}
{"target": -2.488331100177211, "params": {"max_depth": 14.245593469158566, "n_estimators": 191.2443955643193}, "datetime": {"datetime": "2021-09-20 19:26:05", "elapsed": 124.466074, "delta": 1.308851}}
