{"target": 0.8472688152784879, "params": {"max_depth": 17.392050501992895, "n_estimators": 67.84958525303885}, "datetime": {"datetime": "2021-09-21 14:14:34", "elapsed": 3401.114792, "delta": 13.872119}}
{"target": 0.8463400251701998, "params": {"max_depth": 23.95147300094523, "n_estimators": 66.02718399658833}, "datetime": {"datetime": "2021-09-21 14:14:47", "elapsed": 3414.466721, "delta": 13.351929}}
{"target": 0.8472688152784879, "params": {"max_depth": 17.73658505984687, "n_estimators": 67.70819095383843}, "datetime": {"datetime": "2021-09-21 14:15:11", "elapsed": 3437.812316, "delta": 23.345595}}
{"target": 0.8472688152784879, "params": {"max_depth": 17.80505124655062, "n_estimators": 67.88009457292888}, "datetime": {"datetime": "2021-09-21 14:15:24", "elapsed": 3451.223245, "delta": 13.410929}}
{"target": 0.8471734312972383, "params": {"max_depth": 20.636239952441777, "n_estimators": 67.93523827292096}, "datetime": {"datetime": "2021-09-21 14:15:35", "elapsed": 3462.41397, "delta": 11.190725}}
{"target": 0.8472688152784879, "params": {"max_depth": 17.288458158898308, "n_estimators": 67.82754861739627}, "datetime": {"datetime": "2021-09-21 14:15:51", "elapsed": 3477.674996, "delta": 15.261026}}
{"target": 0.8410171355918707, "params": {"max_depth": 13.797233425246674, "n_estimators": 35.205963460897756}, "datetime": {"datetime": "2021-09-21 14:16:08", "elapsed": 3494.663638, "delta": 16.988642}}
{"target": 0.8390549404959466, "params": {"max_depth": 13.53942127464435, "n_estimators": 37.55135594660862}, "datetime": {"datetime": "2021-09-21 14:16:26", "elapsed": 3513.22433, "delta": 18.560692}}
{"target": 0.8364486578776358, "params": {"max_depth": 28.017662391986374, "n_estimators": 18.747029877518045}, "datetime": {"datetime": "2021-09-21 14:16:47", "elapsed": 3533.632198, "delta": 20.407868}}
{"target": 0.8373951903620045, "params": {"max_depth": 11.469090803614518, "n_estimators": 91.85835890384254}, "datetime": {"datetime": "2021-09-21 14:17:02", "elapsed": 3549.504985, "delta": 15.872787}}
{"target": 0.8472688152784879, "params": {"max_depth": 17.59773768462456, "n_estimators": 67.59123958206838}, "datetime": {"datetime": "2021-09-21 14:17:21", "elapsed": 3568.327538, "delta": 18.822553}}
{"target": 0.8419487136155448, "params": {"max_depth": 18.942487720820175, "n_estimators": 93.78579262196808}, "datetime": {"datetime": "2021-09-21 14:17:40", "elapsed": 3586.763442, "delta": 18.435904}}
{"target": 0.8464098756033576, "params": {"max_depth": 25.757546911439455, "n_estimators": 68.02062626409148}, "datetime": {"datetime": "2021-09-21 14:17:56", "elapsed": 3603.255795, "delta": 16.492353}}
{"target": 0.8457174645907214, "params": {"max_depth": 24.86606003926003, "n_estimators": 69.27144243791278}, "datetime": {"datetime": "2021-09-21 14:18:14", "elapsed": 3621.153621, "delta": 17.897826}}
{"target": 0.8418266002849992, "params": {"max_depth": 16.46099333253872, "n_estimators": 41.66013366091306}, "datetime": {"datetime": "2021-09-21 14:18:46", "elapsed": 3653.532626, "delta": 32.379005}}
{"target": 0.8472688152784879, "params": {"max_depth": 17.50394235334013, "n_estimators": 67.34654587496136}, "datetime": {"datetime": "2021-09-21 14:19:01", "elapsed": 3668.53294, "delta": 15.000314}}
{"target": 0.8447978476359304, "params": {"max_depth": 27.941185803528647, "n_estimators": 99.07342066764929}, "datetime": {"datetime": "2021-09-21 14:19:17", "elapsed": 3684.49409, "delta": 15.96115}}
{"target": 0.8419717473929614, "params": {"max_depth": 15.091020506238607, "n_estimators": 87.10711143793073}, "datetime": {"datetime": "2021-09-21 14:19:31", "elapsed": 3698.165278, "delta": 13.671188}}
{"target": 0.8472688152784879, "params": {"max_depth": 17.697133057555714, "n_estimators": 67.80152534166336}, "datetime": {"datetime": "2021-09-21 14:19:48", "elapsed": 3715.06284, "delta": 16.897562}}
{"target": 0.8464098756033576, "params": {"max_depth": 23.28511964066287, "n_estimators": 68.66016067197236}, "datetime": {"datetime": "2021-09-21 14:20:13", "elapsed": 3740.003026, "delta": 24.940186}}
{"target": 0.8472688152784879, "params": {"max_depth": 17.564997716154917, "n_estimators": 67.28064715454366}, "datetime": {"datetime": "2021-09-21 14:20:32", "elapsed": 3759.082307, "delta": 19.079281}}
{"target": 0.8472688152784879, "params": {"max_depth": 17.738146641923215, "n_estimators": 67.78709983515543}, "datetime": {"datetime": "2021-09-21 14:20:44", "elapsed": 3771.167996, "delta": 12.085689}}
{"target": 0.8419616023802519, "params": {"max_depth": 16.81254411243879, "n_estimators": 89.40260729848322}, "datetime": {"datetime": "2021-09-21 14:21:06", "elapsed": 3793.37608, "delta": 22.208084}}
{"target": 0.8472688152784879, "params": {"max_depth": 17.479428139378747, "n_estimators": 67.3981634047107}, "datetime": {"datetime": "2021-09-21 14:21:25", "elapsed": 3811.937844, "delta": 18.561764}}
{"target": 0.8472688152784879, "params": {"max_depth": 17.230769979060966, "n_estimators": 67.27762485411255}, "datetime": {"datetime": "2021-09-21 14:21:47", "elapsed": 3833.563733, "delta": 21.625889}}
{"target": 0.8472688152784879, "params": {"max_depth": 17.53929220857171, "n_estimators": 67.36478452978449}, "datetime": {"datetime": "2021-09-21 14:21:58", "elapsed": 3845.149462, "delta": 11.585729}}
{"target": 0.8472688152784879, "params": {"max_depth": 17.24671911222786, "n_estimators": 67.31396168230982}, "datetime": {"datetime": "2021-09-21 14:22:20", "elapsed": 3866.703873, "delta": 21.554411}}
{"target": 0.8472688152784879, "params": {"max_depth": 17.143902549501266, "n_estimators": 67.47240083414901}, "datetime": {"datetime": "2021-09-21 14:22:45", "elapsed": 3892.3482, "delta": 25.644327}}
{"target": 0.8472688152784879, "params": {"max_depth": 17.83829046728997, "n_estimators": 67.60644267319307}, "datetime": {"datetime": "2021-09-21 14:22:56", "elapsed": 3902.671802, "delta": 10.323602}}
{"target": 0.8472688152784879, "params": {"max_depth": 17.236559121087023, "n_estimators": 67.26087100247652}, "datetime": {"datetime": "2021-09-21 14:23:10", "elapsed": 3917.285702, "delta": 14.6139}}
{"target": 0.8472688152784879, "params": {"max_depth": 17.73871132851688, "n_estimators": 67.7699677862222}, "datetime": {"datetime": "2021-09-21 14:23:34", "elapsed": 3940.854754, "delta": 23.569052}}
{"target": 0.8472688152784879, "params": {"max_depth": 17.460416294943528, "n_estimators": 67.32972677104217}, "datetime": {"datetime": "2021-09-21 14:23:50", "elapsed": 3957.327786, "delta": 16.473032}}
{"target": 0.8472688152784879, "params": {"max_depth": 17.144831427769546, "n_estimators": 67.17896147683827}, "datetime": {"datetime": "2021-09-21 14:24:10", "elapsed": 3976.870122, "delta": 19.542336}}
{"target": 0.8472688152784879, "params": {"max_depth": 17.649392757875372, "n_estimators": 67.84532344257953}, "datetime": {"datetime": "2021-09-21 14:24:27", "elapsed": 3994.337108, "delta": 17.466986}}
{"target": 0.8472688152784879, "params": {"max_depth": 17.109744861424026, "n_estimators": 67.4806926145979}, "datetime": {"datetime": "2021-09-21 14:24:47", "elapsed": 4014.049868, "delta": 19.71276}}
{"target": 0.8472688152784879, "params": {"max_depth": 17.53011315310663, "n_estimators": 67.60060393122592}, "datetime": {"datetime": "2021-09-21 14:25:06", "elapsed": 4032.571022, "delta": 18.521154}}
{"target": 0.8461471806896501, "params": {"max_depth": 15.005562949685956, "n_estimators": 67.47952450390683}, "datetime": {"datetime": "2021-09-21 14:25:24", "elapsed": 4050.964319, "delta": 18.393297}}
{"target": 0.846613147372512, "params": {"max_depth": 14.502006978169367, "n_estimators": 68.71223864081146}, "datetime": {"datetime": "2021-09-21 14:25:57", "elapsed": 4084.226436, "delta": 33.262117}}
{"target": 0.8470961068961301, "params": {"max_depth": 14.156274844132819, "n_estimators": 67.97322081055148}, "datetime": {"datetime": "2021-09-21 14:26:10", "elapsed": 4096.593223, "delta": 12.366787}}
{"target": 0.8303901809143478, "params": {"max_depth": 8.8036093751846, "n_estimators": 28.466001468384636}, "datetime": {"datetime": "2021-09-21 14:26:29", "elapsed": 4116.414525, "delta": 19.821302}}
{"target": 0.8260808687403204, "params": {"max_depth": 6.772768746317674, "n_estimators": 25.202269872839405}, "datetime": {"datetime": "2021-09-21 14:26:46", "elapsed": 4132.981281, "delta": 16.566756}}
{"target": 0.8388144255914979, "params": {"max_depth": 17.402822440282453, "n_estimators": 51.456084339012875}, "datetime": {"datetime": "2021-09-21 14:27:12", "elapsed": 4158.599226, "delta": 25.617945}}
{"target": 0.8412866713041671, "params": {"max_depth": 25.39721231274065, "n_estimators": 44.98023348310293}, "datetime": {"datetime": "2021-09-21 14:27:48", "elapsed": 4194.610252, "delta": 36.011026}}
{"target": 0.8431492533137156, "params": {"max_depth": 16.50515455354386, "n_estimators": 25.24514019960946}, "datetime": {"datetime": "2021-09-21 14:28:02", "elapsed": 4208.658784, "delta": 14.048532}}
{"target": 0.8428632279231698, "params": {"max_depth": 14.827454211291217, "n_estimators": 25.793534166629513}, "datetime": {"datetime": "2021-09-21 14:28:21", "elapsed": 4227.845706, "delta": 19.186922}}
{"target": 0.8418410916563147, "params": {"max_depth": 25.360069177087208, "n_estimators": 92.42945724996726}, "datetime": {"datetime": "2021-09-21 14:28:44", "elapsed": 4251.221831, "delta": 23.376125}}
{"target": 0.8417806286097737, "params": {"max_depth": 22.779409123635876, "n_estimators": 80.28182583649549}, "datetime": {"datetime": "2021-09-21 14:29:09", "elapsed": 4275.731462, "delta": 24.509631}}
{"target": 0.8401042235103068, "params": {"max_depth": 22.893923823960208, "n_estimators": 26.782568144049627}, "datetime": {"datetime": "2021-09-21 14:29:22", "elapsed": 4288.742346, "delta": 13.010884}}
{"target": 0.8400064649128335, "params": {"max_depth": 13.350004872226839, "n_estimators": 77.09494610798941}, "datetime": {"datetime": "2021-09-21 14:29:57", "elapsed": 4323.691639, "delta": 34.949293}}
{"target": 0.8420407201542444, "params": {"max_depth": 19.26416583921453, "n_estimators": 79.65895053686747}, "datetime": {"datetime": "2021-09-21 14:30:18", "elapsed": 4345.171709, "delta": 21.48007}}
{"target": 0.8427187596353257, "params": {"max_depth": 22.001404237221934, "n_estimators": 87.48986510516647}, "datetime": {"datetime": "2021-09-21 14:30:37", "elapsed": 4363.766111, "delta": 18.594402}}
{"target": 0.8440489966305389, "params": {"max_depth": 16.81654606458699, "n_estimators": 99.30382939349663}, "datetime": {"datetime": "2021-09-21 14:31:00", "elapsed": 4387.074904, "delta": 23.308793}}
{"target": 0.8414250465522377, "params": {"max_depth": 25.224571704201434, "n_estimators": 43.01739907271305}, "datetime": {"datetime": "2021-09-21 14:31:14", "elapsed": 4400.734614, "delta": 13.65971}}
{"target": 0.840519336180282, "params": {"max_depth": 20.323286532333437, "n_estimators": 53.86927055210781}, "datetime": {"datetime": "2021-09-21 14:31:25", "elapsed": 4412.486673, "delta": 11.752059}}
{"target": 0.8425148691284021, "params": {"max_depth": 18.554799225159737, "n_estimators": 42.59840193032422}, "datetime": {"datetime": "2021-09-21 14:31:40", "elapsed": 4426.572601, "delta": 14.085928}}
{"target": 0.8445688807814286, "params": {"max_depth": 23.61314200648453, "n_estimators": 62.40198559678577}, "datetime": {"datetime": "2021-09-21 14:31:54", "elapsed": 4441.066852, "delta": 14.494251}}
{"target": 0.8442302199813303, "params": {"max_depth": 27.98556072132348, "n_estimators": 63.12451909467463}, "datetime": {"datetime": "2021-09-21 14:32:13", "elapsed": 4459.685308, "delta": 18.618456}}
{"target": 0.8455415866875882, "params": {"max_depth": 17.40313181483648, "n_estimators": 19.20313692128395}, "datetime": {"datetime": "2021-09-21 14:32:25", "elapsed": 4472.332176, "delta": 12.646868}}
{"target": 0.8407085111418636, "params": {"max_depth": 13.156159364931165, "n_estimators": 58.16898095202873}, "datetime": {"datetime": "2021-09-21 14:32:44", "elapsed": 4490.853315, "delta": 18.521139}}
{"target": 0.8349262333117653, "params": {"max_depth": 18.53756221199477, "n_estimators": 18.832407830971295}, "datetime": {"datetime": "2021-09-21 14:33:12", "elapsed": 4518.88918, "delta": 28.035865}}
{"target": 0.8455415866875882, "params": {"max_depth": 17.0066746453888, "n_estimators": 19.573490347393076}, "datetime": {"datetime": "2021-09-21 14:33:31", "elapsed": 4537.662031, "delta": 18.772851}}
{"target": 0.8390927226447649, "params": {"max_depth": 16.658752006234636, "n_estimators": 18.791070354071312}, "datetime": {"datetime": "2021-09-21 14:33:52", "elapsed": 4558.637064, "delta": 20.975033}}
{"target": 0.8353974640299427, "params": {"max_depth": 17.110453289301674, "n_estimators": 14.68428898161132}, "datetime": {"datetime": "2021-09-21 14:34:06", "elapsed": 4572.991207, "delta": 14.354143}}
{"target": 0.5331794583153375, "params": {"max_depth": 1.0, "n_estimators": 41.34363277809478}, "datetime": {"datetime": "2021-09-21 14:34:25", "elapsed": 4592.535275, "delta": 19.544068}}
{"target": 0.8277585234993144, "params": {"max_depth": 6.250338993396423, "n_estimators": 38.6013995138019}, "datetime": {"datetime": "2021-09-21 14:34:48", "elapsed": 4614.657695, "delta": 22.12242}}
{"target": 0.8299847583993694, "params": {"max_depth": 8.063945686010495, "n_estimators": 46.78408177428909}, "datetime": {"datetime": "2021-09-21 14:34:57", "elapsed": 4624.334644, "delta": 9.676949}}
{"target": 0.8269016261952686, "params": {"max_depth": 6.7638356193277716, "n_estimators": 41.36750851548435}, "datetime": {"datetime": "2021-09-21 14:35:20", "elapsed": 4646.642295, "delta": 22.307651}}
{"target": 0.8394024377651028, "params": {"max_depth": 13.379861136230568, "n_estimators": 41.417729148679605}, "datetime": {"datetime": "2021-09-21 14:35:40", "elapsed": 4667.216807, "delta": 20.574512}}
{"target": 0.8377512192599169, "params": {"max_depth": 11.468247265704742, "n_estimators": 94.97632670439867}, "datetime": {"datetime": "2021-09-21 14:36:07", "elapsed": 4693.989556, "delta": 26.772749}}
{"target": 0.8403260856530865, "params": {"max_depth": 30.0, "n_estimators": 20.619227006887126}, "datetime": {"datetime": "2021-09-21 14:36:23", "elapsed": 4709.621656, "delta": 15.6321}}
{"target": 0.8384618731990697, "params": {"max_depth": 23.318893684657045, "n_estimators": 51.0634672675625}, "datetime": {"datetime": "2021-09-21 14:36:40", "elapsed": 4726.914142, "delta": 17.292486}}
{"target": 0.8414941243762204, "params": {"max_depth": 17.644444270581985, "n_estimators": 44.46238375428132}, "datetime": {"datetime": "2021-09-21 14:37:13", "elapsed": 4759.911838, "delta": 32.997696}}
{"target": 0.8399849176013735, "params": {"max_depth": 21.963583096947726, "n_estimators": 46.81442461364018}, "datetime": {"datetime": "2021-09-21 14:37:36", "elapsed": 4782.941686, "delta": 23.029848}}
{"target": 0.8412866713041671, "params": {"max_depth": 28.393729571431802, "n_estimators": 44.60034496139435}, "datetime": {"datetime": "2021-09-21 14:37:54", "elapsed": 4800.851566, "delta": 17.90988}}
{"target": 0.8431241880925697, "params": {"max_depth": 27.043015989877308, "n_estimators": 85.94958328533436}, "datetime": {"datetime": "2021-09-21 14:38:12", "elapsed": 4819.148985, "delta": 18.297419}}
{"target": 0.8412683077323133, "params": {"max_depth": 20.244549728495628, "n_estimators": 81.82094302117449}, "datetime": {"datetime": "2021-09-21 14:38:47", "elapsed": 4853.848282, "delta": 34.699297}}
{"target": 0.8396172777933429, "params": {"max_depth": 12.869739396401249, "n_estimators": 45.380657830023466}, "datetime": {"datetime": "2021-09-21 14:39:09", "elapsed": 4876.024244, "delta": 22.175962}}
{"target": 0.8417806286097737, "params": {"max_depth": 29.979829922380645, "n_estimators": 80.44308663895129}, "datetime": {"datetime": "2021-09-21 14:39:28", "elapsed": 4895.093604, "delta": 19.06936}}
{"target": 0.843956274736063, "params": {"max_depth": 26.339664611250303, "n_estimators": 33.50682412302838}, "datetime": {"datetime": "2021-09-21 14:39:49", "elapsed": 4916.151521, "delta": 21.057917}}
{"target": 0.8417423532704476, "params": {"max_depth": 22.128598656805973, "n_estimators": 90.30946937942177}, "datetime": {"datetime": "2021-09-21 14:40:15", "elapsed": 4941.726236, "delta": 25.574715}}
{"target": 0.841348932650098, "params": {"max_depth": 23.623585317885716, "n_estimators": 29.175523627069342}, "datetime": {"datetime": "2021-09-21 14:40:25", "elapsed": 4951.568559, "delta": 9.842323}}
{"target": 0.8455415866875882, "params": {"max_depth": 17.679137890576254, "n_estimators": 19.656342559884493}, "datetime": {"datetime": "2021-09-21 14:40:51", "elapsed": 4978.295323, "delta": 26.726764}}
{"target": 0.8443830620340096, "params": {"max_depth": 15.371439341554117, "n_estimators": 33.20532783745748}, "datetime": {"datetime": "2021-09-21 14:41:14", "elapsed": 5000.56393, "delta": 22.268607}}
{"target": 0.8416482989800411, "params": {"max_depth": 16.982651620147777, "n_estimators": 30.413519323272237}, "datetime": {"datetime": "2021-09-21 14:41:30", "elapsed": 5016.878599, "delta": 16.314669}}
{"target": 0.8397694191792343, "params": {"max_depth": 19.721065840342206, "n_estimators": 29.612837231777746}, "datetime": {"datetime": "2021-09-21 14:41:57", "elapsed": 5044.157362, "delta": 27.278763}}
{"target": 0.831642608329587, "params": {"max_depth": 11.804852781633995, "n_estimators": 18.017704759823385}, "datetime": {"datetime": "2021-09-21 14:42:10", "elapsed": 5057.184096, "delta": 13.026734}}
{"target": 0.8443138588499248, "params": {"max_depth": 16.656005228151763, "n_estimators": 63.21973931327048}, "datetime": {"datetime": "2021-09-21 14:42:24", "elapsed": 5071.027339, "delta": 13.843243}}
{"target": 0.8368617960145495, "params": {"max_depth": 9.01774185610877, "n_estimators": 77.15341213292542}, "datetime": {"datetime": "2021-09-21 14:42:42", "elapsed": 5089.351787, "delta": 18.324448}}
{"target": 0.8439240041083783, "params": {"max_depth": 23.9504230362399, "n_estimators": 71.4416691619009}, "datetime": {"datetime": "2021-09-21 14:43:04", "elapsed": 5111.302549, "delta": 21.950762}}
{"target": 0.8433787553339702, "params": {"max_depth": 28.460675417405966, "n_estimators": 72.89354408641}, "datetime": {"datetime": "2021-09-21 14:43:31", "elapsed": 5138.497868, "delta": 27.195319}}
{"target": 0.8351498685927173, "params": {"max_depth": 13.138854456849279, "n_estimators": 15.47103781590665}, "datetime": {"datetime": "2021-09-21 14:43:53", "elapsed": 5160.10444, "delta": 21.606572}}
{"target": 0.8311937756538331, "params": {"max_depth": 13.368413703744016, "n_estimators": 12.487906276956728}, "datetime": {"datetime": "2021-09-21 14:44:06", "elapsed": 5172.891567, "delta": 12.787127}}
{"target": 0.8336373870171843, "params": {"max_depth": 15.301550871562187, "n_estimators": 14.18202102973613}, "datetime": {"datetime": "2021-09-21 14:44:36", "elapsed": 5202.766006, "delta": 29.874439}}
{"target": 0.8290101058915205, "params": {"max_depth": 11.51762715644428, "n_estimators": 13.031034715997405}, "datetime": {"datetime": "2021-09-21 14:45:07", "elapsed": 5234.035894, "delta": 31.269888}}
{"target": 0.8399195384657663, "params": {"max_depth": 15.571691013610712, "n_estimators": 15.924921810505117}, "datetime": {"datetime": "2021-09-21 14:45:35", "elapsed": 5261.975393, "delta": 27.939499}}
{"target": 0.8383582631928801, "params": {"max_depth": 11.183736128651523, "n_estimators": 89.48270506303591}, "datetime": {"datetime": "2021-09-21 14:45:50", "elapsed": 5276.614746, "delta": 14.639353}}
{"target": 0.8421016774688894, "params": {"max_depth": 12.085309894522418, "n_estimators": 59.722329234912756}, "datetime": {"datetime": "2021-09-21 14:46:19", "elapsed": 5305.707341, "delta": 29.092595}}
{"target": 0.8433787553339702, "params": {"max_depth": 21.424063453596926, "n_estimators": 72.69996854274912}, "datetime": {"datetime": "2021-09-21 14:46:36", "elapsed": 5323.294783, "delta": 17.587442}}
{"target": 0.8453744568619802, "params": {"max_depth": 15.315492106805914, "n_estimators": 68.82491307004345}, "datetime": {"datetime": "2021-09-21 14:46:50", "elapsed": 5337.178631, "delta": 13.883848}}
{"target": 0.8455493270124269, "params": {"max_depth": 14.120033688670363, "n_estimators": 70.77938298976507}, "datetime": {"datetime": "2021-09-21 14:47:15", "elapsed": 5362.365786, "delta": 25.187155}}
{"target": 0.837841135169966, "params": {"max_depth": 9.350047274026846, "n_estimators": 72.33929273319954}, "datetime": {"datetime": "2021-09-21 14:47:43", "elapsed": 5390.236479, "delta": 27.870693}}
{"target": 0.8428245866776198, "params": {"max_depth": 30.0, "n_estimators": 86.7098475563781}, "datetime": {"datetime": "2021-09-21 14:48:05", "elapsed": 5411.679984, "delta": 21.443505}}
{"target": 0.8440687874440316, "params": {"max_depth": 13.85973776357248, "n_estimators": 69.86677198821445}, "datetime": {"datetime": "2021-09-21 14:48:16", "elapsed": 5422.625886, "delta": 10.945902}}
{"target": 0.8417363631169414, "params": {"max_depth": 13.09655592209958, "n_estimators": 98.72228819031463}, "datetime": {"datetime": "2021-09-21 14:48:39", "elapsed": 5445.990283, "delta": 23.364397}}
{"target": 0.843956274736063, "params": {"max_depth": 23.7277347297709, "n_estimators": 33.54868106813603}, "datetime": {"datetime": "2021-09-21 14:49:04", "elapsed": 5471.355205, "delta": 25.364922}}
{"target": 0.8411452627628944, "params": {"max_depth": 19.01845887255264, "n_estimators": 90.4641901318465}, "datetime": {"datetime": "2021-09-21 14:49:26", "elapsed": 5492.620913, "delta": 21.265708}}
{"target": 0.8415058642833022, "params": {"max_depth": 15.23324086350815, "n_estimators": 20.55424966919162}, "datetime": {"datetime": "2021-09-21 14:49:50", "elapsed": 5517.480085, "delta": 24.859172}}
{"target": 0.8410899882825583, "params": {"max_depth": 26.23766842964542, "n_estimators": 37.426387257722496}, "datetime": {"datetime": "2021-09-21 14:50:14", "elapsed": 5541.069656, "delta": 23.589571}}
