{"target": 0.8429404525474042, "params": {"max_depth": 20.035953843211768, "n_estimators": 76.90381894905906}, "datetime": {"datetime": "2021-09-21 14:50:41", "elapsed": 5568.220179, "delta": 27.150523}}
{"target": 0.8435550321023848, "params": {"max_depth": 21.337117347548908, "n_estimators": 56.509406340550825}, "datetime": {"datetime": "2021-09-21 14:51:11", "elapsed": 5598.20989, "delta": 29.989711}}
{"target": 0.8421718177121944, "params": {"max_depth": 29.99180266781788, "n_estimators": 74.29240374353675}, "datetime": {"datetime": "2021-09-21 14:51:27", "elapsed": 5614.185382, "delta": 15.975492}}
{"target": 0.8416902708746361, "params": {"max_depth": 17.770828898899634, "n_estimators": 39.486347464320566}, "datetime": {"datetime": "2021-09-21 14:51:39", "elapsed": 5625.684428, "delta": 11.499046}}
{"target": 0.8457174645907214, "params": {"max_depth": 25.871552885640682, "n_estimators": 69.59245142844651}, "datetime": {"datetime": "2021-09-21 14:52:03", "elapsed": 5649.558998, "delta": 23.87457}}
{"target": 0.8423755873757479, "params": {"max_depth": 24.517263115477917, "n_estimators": 58.768778000313894}, "datetime": {"datetime": "2021-09-21 14:52:18", "elapsed": 5665.41572, "delta": 15.856722}}
{"target": 0.8402776679814264, "params": {"max_depth": 28.288151915126953, "n_estimators": 31.728210000564772}, "datetime": {"datetime": "2021-09-21 14:52:48", "elapsed": 5695.409789, "delta": 29.994069}}
{"target": 0.841348932650098, "params": {"max_depth": 28.637593855761075, "n_estimators": 29.2318851486785}, "datetime": {"datetime": "2021-09-21 14:53:00", "elapsed": 5706.624074, "delta": 11.214285}}
{"target": 0.8447535352395018, "params": {"max_depth": 20.678000777858976, "n_estimators": 99.35951893634451}, "datetime": {"datetime": "2021-09-21 14:53:24", "elapsed": 5731.076662, "delta": 24.452588}}
{"target": 0.8402020754436759, "params": {"max_depth": 28.470195018390083, "n_estimators": 53.444418892820345}, "datetime": {"datetime": "2021-09-21 14:53:43", "elapsed": 5750.272211, "delta": 19.195549}}
{"target": 0.8424176668288547, "params": {"max_depth": 17.00127738914436, "n_estimators": 74.3185935575263}, "datetime": {"datetime": "2021-09-21 14:54:02", "elapsed": 5768.882476, "delta": 18.610265}}
{"target": 0.846613147372512, "params": {"max_depth": 14.229280690172573, "n_estimators": 68.28337902604419}, "datetime": {"datetime": "2021-09-21 14:54:28", "elapsed": 5795.260016, "delta": 26.37754}}
{"target": 0.8447978476359304, "params": {"max_depth": 29.564630066630826, "n_estimators": 99.26929532012879}, "datetime": {"datetime": "2021-09-21 14:55:02", "elapsed": 5829.500888, "delta": 34.240872}}
{"target": 0.8418359031371856, "params": {"max_depth": 20.088273808333238, "n_estimators": 92.32842389981514}, "datetime": {"datetime": "2021-09-21 14:55:22", "elapsed": 5849.129911, "delta": 19.629023}}
{"target": 0.8443161336553352, "params": {"max_depth": 17.252257218257792, "n_estimators": 71.7866053193792}, "datetime": {"datetime": "2021-09-21 14:55:45", "elapsed": 5872.016004, "delta": 22.886093}}
{"target": 0.8470961068961301, "params": {"max_depth": 14.198415387908195, "n_estimators": 67.55403546063319}, "datetime": {"datetime": "2021-09-21 14:55:59", "elapsed": 5886.44821, "delta": 14.432206}}
{"target": 0.8420977652149777, "params": {"max_depth": 21.668856045424942, "n_estimators": 38.43912080547819}, "datetime": {"datetime": "2021-09-21 14:56:23", "elapsed": 5909.835274, "delta": 23.387064}}
{"target": 0.842493656060634, "params": {"max_depth": 27.10107827611548, "n_estimators": 93.06405023969035}, "datetime": {"datetime": "2021-09-21 14:56:38", "elapsed": 5924.834629, "delta": 14.999355}}
{"target": 0.8459085320649813, "params": {"max_depth": 19.179220542093436, "n_estimators": 66.72436600086695}, "datetime": {"datetime": "2021-09-21 14:56:59", "elapsed": 5946.041427, "delta": 21.206798}}
{"target": 0.8466220083418267, "params": {"max_depth": 20.71835362611863, "n_estimators": 66.56913502876448}, "datetime": {"datetime": "2021-09-21 14:57:22", "elapsed": 5968.89584, "delta": 22.854413}}
{"target": 0.8423200155838095, "params": {"max_depth": 16.971620321480057, "n_estimators": 58.43278327055596}, "datetime": {"datetime": "2021-09-21 14:57:48", "elapsed": 5995.153111, "delta": 26.257271}}
{"target": 0.8457174645907214, "params": {"max_depth": 29.959721468215758, "n_estimators": 69.06143522342211}, "datetime": {"datetime": "2021-09-21 14:58:16", "elapsed": 6022.561644, "delta": 27.408533}}
{"target": 0.8442302199813303, "params": {"max_depth": 29.08159391970972, "n_estimators": 63.19429865596072}, "datetime": {"datetime": "2021-09-21 14:58:39", "elapsed": 6045.835886, "delta": 23.274242}}
{"target": 0.8452996671616397, "params": {"max_depth": 17.61442877759357, "n_estimators": 34.866956353692146}, "datetime": {"datetime": "2021-09-21 14:59:07", "elapsed": 6074.394166, "delta": 28.55828}}
{"target": 0.8445772247388609, "params": {"max_depth": 24.746584657293173, "n_estimators": 32.30651358448574}, "datetime": {"datetime": "2021-09-21 14:59:39", "elapsed": 6106.177361, "delta": 31.783195}}
{"target": 0.8433196408005995, "params": {"max_depth": 23.14570434165122, "n_estimators": 75.83009725077075}, "datetime": {"datetime": "2021-09-21 15:00:09", "elapsed": 6136.010773, "delta": 29.833412}}
{"target": 0.8425956106621711, "params": {"max_depth": 26.283312970796196, "n_estimators": 35.5780688135082}, "datetime": {"datetime": "2021-09-21 15:00:26", "elapsed": 6153.286232, "delta": 17.275459}}
{"target": 0.8463400251701998, "params": {"max_depth": 28.993027660169442, "n_estimators": 66.46594042388134}, "datetime": {"datetime": "2021-09-21 15:00:53", "elapsed": 6180.224282, "delta": 26.93805}}
{"target": 0.8463579076386314, "params": {"max_depth": 27.44346820981465, "n_estimators": 65.6434583933248}, "datetime": {"datetime": "2021-09-21 15:01:18", "elapsed": 6205.02472, "delta": 24.800438}}
{"target": 0.8420475448215629, "params": {"max_depth": 30.0, "n_estimators": 94.56412349833944}, "datetime": {"datetime": "2021-09-21 15:01:46", "elapsed": 6232.892146, "delta": 27.867426}}
{"target": 0.8470961068961301, "params": {"max_depth": 14.35401828284967, "n_estimators": 67.88118970285086}, "datetime": {"datetime": "2021-09-21 15:02:15", "elapsed": 6261.860258, "delta": 28.968112}}
{"target": 0.8463579076386314, "params": {"max_depth": 26.825659765990522, "n_estimators": 65.86859030455922}, "datetime": {"datetime": "2021-09-21 15:02:27", "elapsed": 6274.530943, "delta": 12.670685}}
{"target": 0.8463579076386314, "params": {"max_depth": 22.770273955892634, "n_estimators": 65.8286696825827}, "datetime": {"datetime": "2021-09-21 15:02:42", "elapsed": 6289.334889, "delta": 14.803946}}
{"target": 0.8433196408005995, "params": {"max_depth": 27.218114684601442, "n_estimators": 75.61276073276949}, "datetime": {"datetime": "2021-09-21 15:03:01", "elapsed": 6307.741293, "delta": 18.406404}}
{"target": 0.8428501009032626, "params": {"max_depth": 25.023728688412753, "n_estimators": 97.32969573178272}, "datetime": {"datetime": "2021-09-21 15:03:19", "elapsed": 6325.708914, "delta": 17.967621}}
{"target": 0.8471734312972383, "params": {"max_depth": 20.422306664978375, "n_estimators": 67.16292354605108}, "datetime": {"datetime": "2021-09-21 15:03:51", "elapsed": 6358.497141, "delta": 32.788227}}
{"target": 0.8463579076386314, "params": {"max_depth": 29.971211619322528, "n_estimators": 65.77422103754044}, "datetime": {"datetime": "2021-09-21 15:04:23", "elapsed": 6390.148934, "delta": 31.651793}}
{"target": 0.8420475448215629, "params": {"max_depth": 24.014078514255456, "n_estimators": 94.92338585512339}, "datetime": {"datetime": "2021-09-21 15:04:43", "elapsed": 6409.623709, "delta": 19.474775}}
{"target": 0.8472688152784879, "params": {"max_depth": 17.59746456790371, "n_estimators": 67.35390703876311}, "datetime": {"datetime": "2021-09-21 15:05:07", "elapsed": 6433.984848, "delta": 24.361139}}
{"target": 0.8437824004453909, "params": {"max_depth": 15.188262868658105, "n_estimators": 99.01718704606652}, "datetime": {"datetime": "2021-09-21 15:05:27", "elapsed": 6453.804513, "delta": 19.819665}}
{"target": 0.8472688152784879, "params": {"max_depth": 17.75089372808553, "n_estimators": 67.47194874978268}, "datetime": {"datetime": "2021-09-21 15:05:49", "elapsed": 6475.986965, "delta": 22.182452}}
{"target": 0.8472688152784879, "params": {"max_depth": 17.10364675418083, "n_estimators": 67.12750953765449}, "datetime": {"datetime": "2021-09-21 15:06:31", "elapsed": 6517.701801, "delta": 41.714836}}
{"target": 0.8468931568352174, "params": {"max_depth": 22.793095786888564, "n_estimators": 67.7796073428937}, "datetime": {"datetime": "2021-09-21 15:07:00", "elapsed": 6547.522494, "delta": 29.820693}}
{"target": 0.8472688152784879, "params": {"max_depth": 17.74371141197652, "n_estimators": 67.87492285691228}, "datetime": {"datetime": "2021-09-21 15:07:17", "elapsed": 6564.280313, "delta": 16.757819}}
{"target": 0.8468931568352174, "params": {"max_depth": 25.23170389783156, "n_estimators": 67.52581367025391}, "datetime": {"datetime": "2021-09-21 15:07:46", "elapsed": 6592.926743, "delta": 28.64643}}
{"target": 0.8472688152784879, "params": {"max_depth": 17.684815111264857, "n_estimators": 67.39107480792225}, "datetime": {"datetime": "2021-09-21 15:08:02", "elapsed": 6609.361102, "delta": 16.434359}}
{"target": 0.8472688152784879, "params": {"max_depth": 17.333221547803568, "n_estimators": 67.73372344106066}, "datetime": {"datetime": "2021-09-21 15:08:21", "elapsed": 6627.851041, "delta": 18.489939}}
{"target": 0.8471734312972383, "params": {"max_depth": 20.706204385344357, "n_estimators": 67.23133135246424}, "datetime": {"datetime": "2021-09-21 15:08:59", "elapsed": 6666.064766, "delta": 38.213725}}
{"target": 0.8472688152784879, "params": {"max_depth": 17.53471246292374, "n_estimators": 67.65406743951036}, "datetime": {"datetime": "2021-09-21 15:09:24", "elapsed": 6691.39614, "delta": 25.331374}}
{"target": 0.8470961068961301, "params": {"max_depth": 14.74834494953955, "n_estimators": 67.14170712087342}, "datetime": {"datetime": "2021-09-21 15:10:15", "elapsed": 6742.450913, "delta": 51.054773}}
{"target": 0.8472688152784879, "params": {"max_depth": 17.001180299346018, "n_estimators": 67.20016614433978}, "datetime": {"datetime": "2021-09-21 15:10:33", "elapsed": 6760.394683, "delta": 17.94377}}
{"target": 0.8472688152784879, "params": {"max_depth": 17.753042117645897, "n_estimators": 67.82509370971052}, "datetime": {"datetime": "2021-09-21 15:10:58", "elapsed": 6784.85094, "delta": 24.456257}}
{"target": 0.8472688152784879, "params": {"max_depth": 17.10803490760869, "n_estimators": 67.3434690991623}, "datetime": {"datetime": "2021-09-21 15:11:17", "elapsed": 6803.913551, "delta": 19.062611}}
{"target": 0.8472688152784879, "params": {"max_depth": 17.477498233105408, "n_estimators": 67.77170554273852}, "datetime": {"datetime": "2021-09-21 15:11:31", "elapsed": 6818.021496, "delta": 14.107945}}
{"target": 0.8472688152784879, "params": {"max_depth": 17.593363580279892, "n_estimators": 67.71448223839165}, "datetime": {"datetime": "2021-09-21 15:11:43", "elapsed": 6829.717875, "delta": 11.696379}}
{"target": 0.8472688152784879, "params": {"max_depth": 17.288997187637282, "n_estimators": 67.51029965286338}, "datetime": {"datetime": "2021-09-21 15:11:59", "elapsed": 6845.805908, "delta": 16.088033}}
{"target": 0.8472688152784879, "params": {"max_depth": 17.175847107790016, "n_estimators": 67.37029518266284}, "datetime": {"datetime": "2021-09-21 15:12:20", "elapsed": 6867.130306, "delta": 21.324398}}
{"target": 0.8472688152784879, "params": {"max_depth": 17.76626198579609, "n_estimators": 67.52540947838101}, "datetime": {"datetime": "2021-09-21 15:12:47", "elapsed": 6893.820161, "delta": 26.689855}}
{"target": 0.8472688152784879, "params": {"max_depth": 17.41404942792547, "n_estimators": 67.82241107217403}, "datetime": {"datetime": "2021-09-21 15:13:04", "elapsed": 6911.008615, "delta": 17.188454}}
{"target": 0.8472688152784879, "params": {"max_depth": 17.519562227507173, "n_estimators": 67.80129921329691}, "datetime": {"datetime": "2021-09-21 15:13:19", "elapsed": 6926.345892, "delta": 15.337277}}
{"target": 0.8472688152784879, "params": {"max_depth": 17.49129862278138, "n_estimators": 67.23981377640138}, "datetime": {"datetime": "2021-09-21 15:13:42", "elapsed": 6948.623937, "delta": 22.278045}}
{"target": 0.8472688152784879, "params": {"max_depth": 17.047424897928625, "n_estimators": 67.3370609549066}, "datetime": {"datetime": "2021-09-21 15:14:06", "elapsed": 6972.686218, "delta": 24.062281}}
{"target": 0.8471734312972383, "params": {"max_depth": 20.56487439534902, "n_estimators": 67.18881295409439}, "datetime": {"datetime": "2021-09-21 15:14:43", "elapsed": 7010.031893, "delta": 37.345675}}
{"target": 0.8472688152784879, "params": {"max_depth": 17.16312384513462, "n_estimators": 67.55798106891399}, "datetime": {"datetime": "2021-09-21 15:15:00", "elapsed": 7027.165983, "delta": 17.13409}}
{"target": 0.8472688152784879, "params": {"max_depth": 17.79668772146931, "n_estimators": 67.57492926283557}, "datetime": {"datetime": "2021-09-21 15:15:27", "elapsed": 7053.592509, "delta": 26.426526}}
{"target": 0.8472688152784879, "params": {"max_depth": 17.13496544256224, "n_estimators": 67.77902740929125}, "datetime": {"datetime": "2021-09-21 15:15:57", "elapsed": 7084.171953, "delta": 30.579444}}
{"target": 0.8409663080264738, "params": {"max_depth": 16.580521282987206, "n_estimators": 91.69054730906605}, "datetime": {"datetime": "2021-09-21 15:16:26", "elapsed": 7113.041935, "delta": 28.869982}}
{"target": 0.8472688152784879, "params": {"max_depth": 17.733807797748003, "n_estimators": 67.72940292477341}, "datetime": {"datetime": "2021-09-21 15:16:48", "elapsed": 7135.125364, "delta": 22.083429}}
{"target": 0.8472688152784879, "params": {"max_depth": 17.486288863415247, "n_estimators": 67.2014828068212}, "datetime": {"datetime": "2021-09-21 15:16:58", "elapsed": 7145.004351, "delta": 9.878987}}
{"target": 0.8472688152784879, "params": {"max_depth": 17.233949820874724, "n_estimators": 67.60666746376128}, "datetime": {"datetime": "2021-09-21 15:17:20", "elapsed": 7166.89202, "delta": 21.887669}}
{"target": 0.8472688152784879, "params": {"max_depth": 17.734237258291675, "n_estimators": 67.83251378709998}, "datetime": {"datetime": "2021-09-21 15:17:36", "elapsed": 7182.672247, "delta": 15.780227}}
{"target": 0.8472688152784879, "params": {"max_depth": 17.16798634276563, "n_estimators": 67.83358251248302}, "datetime": {"datetime": "2021-09-21 15:17:59", "elapsed": 7205.87774, "delta": 23.205493}}
{"target": 0.8472688152784879, "params": {"max_depth": 17.027942751812876, "n_estimators": 67.19495807811558}, "datetime": {"datetime": "2021-09-21 15:18:24", "elapsed": 7230.786281, "delta": 24.908541}}
{"target": 0.8472688152784879, "params": {"max_depth": 17.53353779234031, "n_estimators": 67.74774574065229}, "datetime": {"datetime": "2021-09-21 15:18:37", "elapsed": 7244.342552, "delta": 13.556271}}
{"target": 0.8472688152784879, "params": {"max_depth": 17.57664994037692, "n_estimators": 67.3489636959382}, "datetime": {"datetime": "2021-09-21 15:18:59", "elapsed": 7266.477045, "delta": 22.134493}}
{"target": 0.8472688152784879, "params": {"max_depth": 17.213283415779337, "n_estimators": 67.1449288668113}, "datetime": {"datetime": "2021-09-21 15:19:23", "elapsed": 7289.651003, "delta": 23.173958}}
{"target": 0.8472688152784879, "params": {"max_depth": 17.199333432700612, "n_estimators": 67.72363907882878}, "datetime": {"datetime": "2021-09-21 15:19:51", "elapsed": 7317.829183, "delta": 28.17818}}
{"target": 0.8472688152784879, "params": {"max_depth": 17.304508394304413, "n_estimators": 67.94087105644388}, "datetime": {"datetime": "2021-09-21 15:20:19", "elapsed": 7346.09532, "delta": 28.266137}}
{"target": 0.8472688152784879, "params": {"max_depth": 17.791876054585053, "n_estimators": 67.82721373014122}, "datetime": {"datetime": "2021-09-21 15:20:52", "elapsed": 7378.555116, "delta": 32.459796}}
{"target": 0.8472688152784879, "params": {"max_depth": 17.69132890931031, "n_estimators": 67.8169312644023}, "datetime": {"datetime": "2021-09-21 15:21:14", "elapsed": 7400.566903, "delta": 22.011787}}
{"target": 0.8472688152784879, "params": {"max_depth": 17.16043061022853, "n_estimators": 67.70367233181123}, "datetime": {"datetime": "2021-09-21 15:21:26", "elapsed": 7412.742417, "delta": 12.175514}}
{"target": 0.8472688152784879, "params": {"max_depth": 17.151247694175765, "n_estimators": 67.62339978534285}, "datetime": {"datetime": "2021-09-21 15:21:41", "elapsed": 7428.192223, "delta": 15.449806}}
{"target": 0.8472688152784879, "params": {"max_depth": 17.277917214111802, "n_estimators": 67.25148276789061}, "datetime": {"datetime": "2021-09-21 15:22:18", "elapsed": 7465.444211, "delta": 37.251988}}
{"target": 0.8472688152784879, "params": {"max_depth": 17.116899804822342, "n_estimators": 67.66467654088122}, "datetime": {"datetime": "2021-09-21 15:23:00", "elapsed": 7506.784256, "delta": 41.340045}}
{"target": 0.8472688152784879, "params": {"max_depth": 17.58216028409218, "n_estimators": 67.36559012126968}, "datetime": {"datetime": "2021-09-21 15:23:29", "elapsed": 7535.880323, "delta": 29.096067}}
{"target": 0.8472688152784879, "params": {"max_depth": 17.130442416373327, "n_estimators": 67.21393176032078}, "datetime": {"datetime": "2021-09-21 15:23:56", "elapsed": 7563.320041, "delta": 27.439718}}
{"target": 0.8472688152784879, "params": {"max_depth": 17.27590054472492, "n_estimators": 67.61529635250454}, "datetime": {"datetime": "2021-09-21 15:24:22", "elapsed": 7589.241263, "delta": 25.921222}}
{"target": 0.8472688152784879, "params": {"max_depth": 17.242753994882317, "n_estimators": 67.87249728512889}, "datetime": {"datetime": "2021-09-21 15:24:41", "elapsed": 7607.774559, "delta": 18.533296}}
{"target": 0.8470961068961301, "params": {"max_depth": 14.494690722558307, "n_estimators": 67.3164123397311}, "datetime": {"datetime": "2021-09-21 15:25:04", "elapsed": 7630.730753, "delta": 22.956194}}
{"target": 0.8472688152784879, "params": {"max_depth": 17.640737295070295, "n_estimators": 67.36823970364246}, "datetime": {"datetime": "2021-09-21 15:25:28", "elapsed": 7654.801265, "delta": 24.070512}}
{"target": 0.8472688152784879, "params": {"max_depth": 17.47879615288153, "n_estimators": 67.678285732302}, "datetime": {"datetime": "2021-09-21 15:26:19", "elapsed": 7705.584908, "delta": 50.783643}}
{"target": 0.8472688152784879, "params": {"max_depth": 17.483965671626837, "n_estimators": 67.93900017844807}, "datetime": {"datetime": "2021-09-21 15:26:33", "elapsed": 7720.325643, "delta": 14.740735}}
{"target": 0.8472688152784879, "params": {"max_depth": 17.471879970421643, "n_estimators": 67.20536205013596}, "datetime": {"datetime": "2021-09-21 15:27:00", "elapsed": 7747.389077, "delta": 27.063434}}
{"target": 0.8472688152784879, "params": {"max_depth": 17.74809867071507, "n_estimators": 67.5463152258322}, "datetime": {"datetime": "2021-09-21 15:27:16", "elapsed": 7762.851527, "delta": 15.46245}}
{"target": 0.8472688152784879, "params": {"max_depth": 17.27786061514617, "n_estimators": 67.82941285323672}, "datetime": {"datetime": "2021-09-21 15:27:46", "elapsed": 7792.668001, "delta": 29.816474}}
{"target": 0.8468931568352174, "params": {"max_depth": 21.271171019205216, "n_estimators": 67.47044425826323}, "datetime": {"datetime": "2021-09-21 15:28:18", "elapsed": 7825.523252, "delta": 32.855251}}
{"target": 0.8472688152784879, "params": {"max_depth": 17.516948785131156, "n_estimators": 67.85683748007433}, "datetime": {"datetime": "2021-09-21 15:28:36", "elapsed": 7842.740098, "delta": 17.216846}}
{"target": 0.8472688152784879, "params": {"max_depth": 17.077967508136222, "n_estimators": 67.50566443179312}, "datetime": {"datetime": "2021-09-21 15:28:53", "elapsed": 7860.110956, "delta": 17.370858}}
{"target": 0.8472688152784879, "params": {"max_depth": 17.351201996594504, "n_estimators": 67.23339709032109}, "datetime": {"datetime": "2021-09-21 15:29:11", "elapsed": 7878.360835, "delta": 18.249879}}
{"target": 0.8423755873757479, "params": {"max_depth": 30.0, "n_estimators": 58.644776671461194}, "datetime": {"datetime": "2021-09-21 15:29:40", "elapsed": 7907.446878, "delta": 29.086043}}
{"target": 0.8472688152784879, "params": {"max_depth": 17.330192850453738, "n_estimators": 67.83536396793073}, "datetime": {"datetime": "2021-09-21 15:30:10", "elapsed": 7937.379355, "delta": 29.932477}}
{"target": 0.8472688152784879, "params": {"max_depth": 17.39978214699748, "n_estimators": 67.92503564733914}, "datetime": {"datetime": "2021-09-21 15:30:41", "elapsed": 7967.846691, "delta": 30.467336}}
{"target": 0.8427653199527843, "params": {"max_depth": 17.142907903896436, "n_estimators": 96.28536409594506}, "datetime": {"datetime": "2021-09-21 15:31:06", "elapsed": 7993.146847, "delta": 25.300156}}
{"target": 0.8472688152784879, "params": {"max_depth": 17.292411395796126, "n_estimators": 67.86355655287078}, "datetime": {"datetime": "2021-09-21 15:31:29", "elapsed": 8015.993822, "delta": 22.846975}}
{"target": 0.8472688152784879, "params": {"max_depth": 17.281511954487634, "n_estimators": 67.58748351766519}, "datetime": {"datetime": "2021-09-21 15:31:56", "elapsed": 8043.264864, "delta": 27.271042}}
{"target": 0.8470958005489442, "params": {"max_depth": 16.97643980729158, "n_estimators": 67.20072022265302}, "datetime": {"datetime": "2021-09-21 15:32:11", "elapsed": 8058.061047, "delta": 14.796183}}
{"target": 0.8472688152784879, "params": {"max_depth": 17.307488874495437, "n_estimators": 67.74914513706322}, "datetime": {"datetime": "2021-09-21 15:32:34", "elapsed": 8080.865271, "delta": 22.804224}}
{"target": 0.8472688152784879, "params": {"max_depth": 17.20587968253221, "n_estimators": 67.84418197484419}, "datetime": {"datetime": "2021-09-21 15:33:04", "elapsed": 8110.871837, "delta": 30.006566}}
