{"target": -11.02543463102815, "params": {"max_depth": 19.024900108922523, "n_estimators": 112.57288796812003}, "datetime": {"datetime": "2021-09-27 18:04:42", "elapsed": 114.72023, "delta": 1.746152}}
{"target": -11.020084166040462, "params": {"max_depth": 25.633043610506203, "n_estimators": 108.85654428642108}, "datetime": {"datetime": "2021-09-27 18:04:44", "elapsed": 116.611915, "delta": 1.891685}}
{"target": -11.101325945074507, "params": {"max_depth": 30.0, "n_estimators": 133.9594823991415}, "datetime": {"datetime": "2021-09-27 18:04:46", "elapsed": 118.569632, "delta": 1.957717}}
{"target": -11.04564331856023, "params": {"max_depth": 30.0, "n_estimators": 113.21079044349764}, "datetime": {"datetime": "2021-09-27 18:04:47", "elapsed": 120.213806, "delta": 1.644174}}
{"target": -11.115265589681892, "params": {"max_depth": 27.860337431869425, "n_estimators": 195.7728266457242}, "datetime": {"datetime": "2021-09-27 18:04:50", "elapsed": 122.915668, "delta": 2.701862}}
{"target": -11.066129130547841, "params": {"max_depth": 20.841078530305914, "n_estimators": 123.39646807733845}, "datetime": {"datetime": "2021-09-27 18:04:52", "elapsed": 125.158806, "delta": 2.243138}}
{"target": -11.114308995779039, "params": {"max_depth": 26.56882592836823, "n_estimators": 167.05124305500703}, "datetime": {"datetime": "2021-09-27 18:04:55", "elapsed": 127.714615, "delta": 2.555809}}
{"target": -10.969416126074897, "params": {"max_depth": 16.16256624684067, "n_estimators": 109.15633401749851}, "datetime": {"datetime": "2021-09-27 18:04:57", "elapsed": 129.480038, "delta": 1.765423}}
{"target": -11.145153323032755, "params": {"max_depth": 26.009766082694586, "n_estimators": 180.64966819066012}, "datetime": {"datetime": "2021-09-27 18:04:59", "elapsed": 131.846113, "delta": 2.366075}}
{"target": -11.020707069398764, "params": {"max_depth": 30.0, "n_estimators": 104.06915772062963}, "datetime": {"datetime": "2021-09-27 18:05:01", "elapsed": 133.776539, "delta": 1.930426}}
{"target": -11.087022858407696, "params": {"max_depth": 25.5058523264182, "n_estimators": 148.01158349919365}, "datetime": {"datetime": "2021-09-27 18:05:03", "elapsed": 135.952197, "delta": 2.175658}}
{"target": -11.126239697344861, "params": {"max_depth": 12.574826443650563, "n_estimators": 100.01748613139775}, "datetime": {"datetime": "2021-09-27 18:05:05", "elapsed": 137.80929, "delta": 1.857093}}
{"target": -11.03523216169678, "params": {"max_depth": 19.380586383267225, "n_estimators": 103.86437109698656}, "datetime": {"datetime": "2021-09-27 18:05:07", "elapsed": 139.601628, "delta": 1.792338}}
{"target": -11.011714860673642, "params": {"max_depth": 16.162422002265814, "n_estimators": 118.74326565228395}, "datetime": {"datetime": "2021-09-27 18:05:09", "elapsed": 141.403431, "delta": 1.801803}}
{"target": -11.133301500624873, "params": {"max_depth": 14.959351123282252, "n_estimators": 185.00735230583473}, "datetime": {"datetime": "2021-09-27 18:05:11", "elapsed": 143.796853, "delta": 2.393422}}
{"target": -11.080473289180448, "params": {"max_depth": 11.562550883512447, "n_estimators": 102.97616016677307}, "datetime": {"datetime": "2021-09-27 18:05:13", "elapsed": 145.515189, "delta": 1.718336}}
{"target": -11.09591720420863, "params": {"max_depth": 30.0, "n_estimators": 152.2696922317106}, "datetime": {"datetime": "2021-09-27 18:05:16", "elapsed": 148.32558, "delta": 2.810391}}
{"target": -11.216809704403511, "params": {"max_depth": 13.648108011961119, "n_estimators": 160.23362628959154}, "datetime": {"datetime": "2021-09-27 18:05:18", "elapsed": 150.82434, "delta": 2.49876}}
{"target": -11.212370554320486, "params": {"max_depth": 13.440271789562155, "n_estimators": 139.46305758366296}, "datetime": {"datetime": "2021-09-27 18:05:20", "elapsed": 153.166962, "delta": 2.342622}}
{"target": -11.104768472982188, "params": {"max_depth": 26.402084345979347, "n_estimators": 131.38026724116932}, "datetime": {"datetime": "2021-09-27 18:05:23", "elapsed": 155.27658, "delta": 2.109618}}
{"target": -11.109410813051657, "params": {"max_depth": 25.12290026895648, "n_estimators": 140.08408015774467}, "datetime": {"datetime": "2021-09-27 18:05:25", "elapsed": 157.378787, "delta": 2.102207}}
{"target": -11.07962482002376, "params": {"max_depth": 15.477060429112171, "n_estimators": 142.39435113135198}, "datetime": {"datetime": "2021-09-27 18:05:28", "elapsed": 160.308144, "delta": 2.929357}}
{"target": -11.093767371563947, "params": {"max_depth": 20.624130759915047, "n_estimators": 131.62809459924412}, "datetime": {"datetime": "2021-09-27 18:05:30", "elapsed": 162.43288, "delta": 2.124736}}
{"target": -11.010763254591211, "params": {"max_depth": 15.585159588408596, "n_estimators": 105.07760562780628}, "datetime": {"datetime": "2021-09-27 18:05:31", "elapsed": 164.216873, "delta": 1.783993}}
{"target": -11.03949142645582, "params": {"max_depth": 16.420693433516103, "n_estimators": 135.78321031994702}, "datetime": {"datetime": "2021-09-27 18:05:33", "elapsed": 166.228294, "delta": 2.011421}}
{"target": -11.148258905897531, "params": {"max_depth": 14.74425711963197, "n_estimators": 155.45960082206554}, "datetime": {"datetime": "2021-09-27 18:05:36", "elapsed": 169.019513, "delta": 2.791219}}
{"target": -11.129326174613889, "params": {"max_depth": 21.410583834874426, "n_estimators": 158.62820560824034}, "datetime": {"datetime": "2021-09-27 18:05:39", "elapsed": 171.716487, "delta": 2.696974}}
{"target": -11.05235712695198, "params": {"max_depth": 26.093453735823715, "n_estimators": 117.82358554737489}, "datetime": {"datetime": "2021-09-27 18:05:41", "elapsed": 173.825273, "delta": 2.108786}}
{"target": -11.127566354581472, "params": {"max_depth": 26.574569266447757, "n_estimators": 191.1977059972021}, "datetime": {"datetime": "2021-09-27 18:05:44", "elapsed": 176.810557, "delta": 2.985284}}
{"target": -11.137276476675648, "params": {"max_depth": 30.0, "n_estimators": 187.3647186366215}, "datetime": {"datetime": "2021-09-27 18:05:47", "elapsed": 180.144615, "delta": 3.334058}}
{"target": -11.113083149184536, "params": {"max_depth": 16.612163851197355, "n_estimators": 190.4244358817321}, "datetime": {"datetime": "2021-09-27 18:05:50", "elapsed": 182.706349, "delta": 2.561734}}
{"target": -11.073003525786133, "params": {"max_depth": 21.65725519699915, "n_estimators": 149.2641133175613}, "datetime": {"datetime": "2021-09-27 18:05:52", "elapsed": 185.036203, "delta": 2.329854}}
{"target": -11.131109955609782, "params": {"max_depth": 27.799165703522306, "n_estimators": 172.59915140196975}, "datetime": {"datetime": "2021-09-27 18:05:55", "elapsed": 187.611324, "delta": 2.575121}}
{"target": -11.077571888764918, "params": {"max_depth": 17.322681335640162, "n_estimators": 116.45993260148363}, "datetime": {"datetime": "2021-09-27 18:05:57", "elapsed": 189.415321, "delta": 1.803997}}
{"target": -11.069567022723655, "params": {"max_depth": 18.16506535252417, "n_estimators": 120.73268499166706}, "datetime": {"datetime": "2021-09-27 18:05:59", "elapsed": 191.401845, "delta": 1.986524}}
{"target": -11.08277615499907, "params": {"max_depth": 26.930214045628684, "n_estimators": 126.39067317160453}, "datetime": {"datetime": "2021-09-27 18:06:01", "elapsed": 193.421416, "delta": 2.019571}}
{"target": -11.100751452212595, "params": {"max_depth": 18.78770704893217, "n_estimators": 127.83404412127115}, "datetime": {"datetime": "2021-09-27 18:06:03", "elapsed": 195.445122, "delta": 2.023706}}
{"target": -11.035955539515244, "params": {"max_depth": 21.95066259394256, "n_estimators": 101.43059578458656}, "datetime": {"datetime": "2021-09-27 18:06:04", "elapsed": 197.113159, "delta": 1.668037}}
{"target": -11.102336196831363, "params": {"max_depth": 27.082677866493867, "n_estimators": 144.15509581027212}, "datetime": {"datetime": "2021-09-27 18:06:07", "elapsed": 199.29317, "delta": 2.180011}}
{"target": -11.150470249297587, "params": {"max_depth": 17.061947699214524, "n_estimators": 182.12543408214833}, "datetime": {"datetime": "2021-09-27 18:06:09", "elapsed": 201.832155, "delta": 2.538985}}
{"target": -11.110199812508247, "params": {"max_depth": 15.335624531661125, "n_estimators": 176.25594480486126}, "datetime": {"datetime": "2021-09-27 18:06:12", "elapsed": 204.265276, "delta": 2.433121}}
{"target": -11.147733304416443, "params": {"max_depth": 22.166066995290702, "n_estimators": 185.52214742060204}, "datetime": {"datetime": "2021-09-27 18:06:14", "elapsed": 206.840817, "delta": 2.575541}}
{"target": -11.03457163126356, "params": {"max_depth": 23.237495794905946, "n_estimators": 106.07148541968476}, "datetime": {"datetime": "2021-09-27 18:06:16", "elapsed": 208.48982, "delta": 1.649003}}
{"target": -11.097051086339867, "params": {"max_depth": 26.162464549206945, "n_estimators": 163.2057581525081}, "datetime": {"datetime": "2021-09-27 18:06:18", "elapsed": 210.774348, "delta": 2.284528}}
{"target": -11.112040286144218, "params": {"max_depth": 30.0, "n_estimators": 196.26790812339362}, "datetime": {"datetime": "2021-09-27 18:06:21", "elapsed": 213.343271, "delta": 2.568923}}
{"target": -11.090648111334637, "params": {"max_depth": 19.370650233373055, "n_estimators": 135.30467789287874}, "datetime": {"datetime": "2021-09-27 18:06:23", "elapsed": 215.559898, "delta": 2.216627}}
{"target": -11.03457163126356, "params": {"max_depth": 28.075930128376683, "n_estimators": 106.27620377668099}, "datetime": {"datetime": "2021-09-27 18:06:24", "elapsed": 217.206189, "delta": 1.646291}}
{"target": -11.05228495291881, "params": {"max_depth": 16.855491627400788, "n_estimators": 148.97842773177092}, "datetime": {"datetime": "2021-09-27 18:06:27", "elapsed": 219.322877, "delta": 2.116688}}
{"target": -11.03081673534955, "params": {"max_depth": 22.762793764901446, "n_estimators": 111.22510176781246}, "datetime": {"datetime": "2021-09-27 18:06:29", "elapsed": 221.336869, "delta": 2.013992}}
{"target": -11.110582161612415, "params": {"max_depth": 21.975568006627284, "n_estimators": 154.52233255236763}, "datetime": {"datetime": "2021-09-27 18:06:31", "elapsed": 223.948029, "delta": 2.61116}}
{"target": -11.060229389600376, "params": {"max_depth": 23.260264244159384, "n_estimators": 119.60360245761748}, "datetime": {"datetime": "2021-09-27 18:06:33", "elapsed": 225.968827, "delta": 2.020798}}
{"target": -11.136128076477943, "params": {"max_depth": 29.963751546858337, "n_estimators": 160.42008401182977}, "datetime": {"datetime": "2021-09-27 18:06:36", "elapsed": 228.339454, "delta": 2.370627}}
{"target": -11.119435236310341, "params": {"max_depth": 18.381194721436927, "n_estimators": 197.1663680309399}, "datetime": {"datetime": "2021-09-27 18:06:39", "elapsed": 231.325305, "delta": 2.985851}}
{"target": -11.097563892033554, "params": {"max_depth": 27.07196062695585, "n_estimators": 135.45220299678488}, "datetime": {"datetime": "2021-09-27 18:06:41", "elapsed": 233.421513, "delta": 2.096208}}
{"target": -11.03081673534955, "params": {"max_depth": 27.646659021731594, "n_estimators": 111.50792229762553}, "datetime": {"datetime": "2021-09-27 18:06:43", "elapsed": 235.280512, "delta": 1.858999}}
{"target": -11.035955539515244, "params": {"max_depth": 27.96182425735898, "n_estimators": 101.20580119194297}, "datetime": {"datetime": "2021-09-27 18:06:45", "elapsed": 237.298396, "delta": 2.017884}}
{"target": -11.091811864808045, "params": {"max_depth": 15.335981926070602, "n_estimators": 164.025794146564}, "datetime": {"datetime": "2021-09-27 18:06:47", "elapsed": 239.738401, "delta": 2.440005}}
{"target": -11.101024806815973, "params": {"max_depth": 14.73508384054433, "n_estimators": 168.48324313529642}, "datetime": {"datetime": "2021-09-27 18:06:50", "elapsed": 242.369523, "delta": 2.631122}}
{"target": -11.123214365654906, "params": {"max_depth": 29.937024168213, "n_estimators": 174.0041953174187}, "datetime": {"datetime": "2021-09-27 18:06:52", "elapsed": 245.12408, "delta": 2.754557}}
{"target": -11.05836144832384, "params": {"max_depth": 22.151621494617107, "n_estimators": 115.3804356697962}, "datetime": {"datetime": "2021-09-27 18:06:55", "elapsed": 247.547293, "delta": 2.423213}}
{"target": -11.113483154046365, "params": {"max_depth": 16.738024875591066, "n_estimators": 178.6423800896645}, "datetime": {"datetime": "2021-09-27 18:06:58", "elapsed": 250.441126, "delta": 2.893833}}
{"target": -11.096792509086645, "params": {"max_depth": 19.283168682414374, "n_estimators": 193.64772651625012}, "datetime": {"datetime": "2021-09-27 18:07:01", "elapsed": 253.708163, "delta": 3.267037}}
{"target": -11.142015137020621, "params": {"max_depth": 22.513515444391242, "n_estimators": 178.63850201027182}, "datetime": {"datetime": "2021-09-27 18:07:04", "elapsed": 256.862883, "delta": 3.15472}}
{"target": -11.068870654660616, "params": {"max_depth": 14.35653598640885, "n_estimators": 110.48245789707836}, "datetime": {"datetime": "2021-09-27 18:07:06", "elapsed": 259.065062, "delta": 2.202179}}
{"target": -11.11508372660045, "params": {"max_depth": 21.81144036788959, "n_estimators": 173.57967964923753}, "datetime": {"datetime": "2021-09-27 18:07:09", "elapsed": 261.778113, "delta": 2.713051}}
{"target": -10.97762998903492, "params": {"max_depth": 16.85803400185092, "n_estimators": 111.27607316230728}, "datetime": {"datetime": "2021-09-27 18:07:11", "elapsed": 263.819369, "delta": 2.041256}}
{"target": -11.05836144832384, "params": {"max_depth": 28.4878366497257, "n_estimators": 115.84399478809044}, "datetime": {"datetime": "2021-09-27 18:07:14", "elapsed": 266.246259, "delta": 2.42689}}
{"target": -11.094401021472592, "params": {"max_depth": 27.830848801119647, "n_estimators": 150.36854195994556}, "datetime": {"datetime": "2021-09-27 18:07:16", "elapsed": 268.72306, "delta": 2.476801}}
{"target": -11.043938528330493, "params": {"max_depth": 17.861807697511146, "n_estimators": 101.8806742203949}, "datetime": {"datetime": "2021-09-27 18:07:18", "elapsed": 270.600195, "delta": 1.877135}}
{"target": -11.092436368430473, "params": {"max_depth": 13.678531159548477, "n_estimators": 103.5306441134703}, "datetime": {"datetime": "2021-09-27 18:07:20", "elapsed": 272.418938, "delta": 1.818743}}
{"target": -11.035516215698197, "params": {"max_depth": 17.849579003970277, "n_estimators": 106.85595609344023}, "datetime": {"datetime": "2021-09-27 18:07:22", "elapsed": 274.290098, "delta": 1.87116}}
{"target": -11.137833266141941, "params": {"max_depth": 21.566100067539768, "n_estimators": 199.8634143543446}, "datetime": {"datetime": "2021-09-27 18:07:25", "elapsed": 277.644632, "delta": 3.354534}}
{"target": -11.11944048197365, "params": {"max_depth": 27.39994621917534, "n_estimators": 155.71569657365936}, "datetime": {"datetime": "2021-09-27 18:07:28", "elapsed": 280.341725, "delta": 2.697093}}
{"target": -11.095713704329677, "params": {"max_depth": 15.630845754059562, "n_estimators": 138.75925270855075}, "datetime": {"datetime": "2021-09-27 18:07:30", "elapsed": 282.501962, "delta": 2.160237}}
{"target": -11.109410813051657, "params": {"max_depth": 21.704172792139044, "n_estimators": 140.13049429908176}, "datetime": {"datetime": "2021-09-27 18:07:32", "elapsed": 285.015269, "delta": 2.513307}}
{"target": -11.063151973378611, "params": {"max_depth": 28.78395123331939, "n_estimators": 120.20167927811542}, "datetime": {"datetime": "2021-09-27 18:07:35", "elapsed": 287.498085, "delta": 2.482816}}
{"target": -11.106690264622106, "params": {"max_depth": 24.586333919893306, "n_estimators": 194.5390056211515}, "datetime": {"datetime": "2021-09-27 18:07:38", "elapsed": 290.527129, "delta": 3.029044}}
{"target": -11.126608983883308, "params": {"max_depth": 21.057093024886125, "n_estimators": 161.801159930951}, "datetime": {"datetime": "2021-09-27 18:07:40", "elapsed": 293.204495, "delta": 2.677366}}
{"target": -11.107821888056996, "params": {"max_depth": 14.56982407669144, "n_estimators": 116.32568228446758}, "datetime": {"datetime": "2021-09-27 18:07:43", "elapsed": 295.429715, "delta": 2.22522}}
{"target": -11.13999952522188, "params": {"max_depth": 24.894941294689726, "n_estimators": 171.16478732866574}, "datetime": {"datetime": "2021-09-27 18:07:45", "elapsed": 297.990446, "delta": 2.560731}}
{"target": -11.083788379304387, "params": {"max_depth": 23.813568542430325, "n_estimators": 124.77648459666986}, "datetime": {"datetime": "2021-09-27 18:07:48", "elapsed": 300.338626, "delta": 2.34818}}
{"target": -11.142243718115505, "params": {"max_depth": 23.789913741351306, "n_estimators": 182.8576434167122}, "datetime": {"datetime": "2021-09-27 18:07:51", "elapsed": 303.341911, "delta": 3.003285}}
{"target": -11.08277615499907, "params": {"max_depth": 29.94459986280718, "n_estimators": 126.19977796308402}, "datetime": {"datetime": "2021-09-27 18:07:53", "elapsed": 305.904825, "delta": 2.562914}}
{"target": -11.021549410698801, "params": {"max_depth": 18.86728986091855, "n_estimators": 110.18357347309376}, "datetime": {"datetime": "2021-09-27 18:07:55", "elapsed": 308.1258, "delta": 2.220975}}
{"target": -11.03457163126356, "params": {"max_depth": 30.0, "n_estimators": 106.43009266360298}, "datetime": {"datetime": "2021-09-27 18:07:57", "elapsed": 310.154899, "delta": 2.029099}}
{"target": -11.01052976474588, "params": {"max_depth": 15.317142950679441, "n_estimators": 107.3871474008117}, "datetime": {"datetime": "2021-09-27 18:07:59", "elapsed": 312.222805, "delta": 2.067906}}
{"target": -11.09300414282407, "params": {"max_depth": 19.689012057030244, "n_estimators": 142.86486293838175}, "datetime": {"datetime": "2021-09-27 18:08:02", "elapsed": 314.953754, "delta": 2.730949}}
{"target": -11.041641689676448, "params": {"max_depth": 21.937643159316096, "n_estimators": 100.0}, "datetime": {"datetime": "2021-09-27 18:08:04", "elapsed": 317.077153, "delta": 2.123399}}
{"target": -11.020084166040462, "params": {"max_depth": 23.271298919235257, "n_estimators": 108.95948577413277}, "datetime": {"datetime": "2021-09-27 18:08:06", "elapsed": 319.075382, "delta": 1.998229}}
{"target": -11.119419259870691, "params": {"max_depth": 18.112054231031543, "n_estimators": 158.363580908482}, "datetime": {"datetime": "2021-09-27 18:08:09", "elapsed": 321.703312, "delta": 2.62793}}
{"target": -11.073953759682075, "params": {"max_depth": 19.919123982397522, "n_estimators": 125.51080995426267}, "datetime": {"datetime": "2021-09-27 18:08:11", "elapsed": 324.001482, "delta": 2.29817}}
{"target": -11.12970130435292, "params": {"max_depth": 17.09156852595637, "n_estimators": 174.3884266715273}, "datetime": {"datetime": "2021-09-27 18:08:14", "elapsed": 326.934963, "delta": 2.933481}}
{"target": -11.132217004015917, "params": {"max_depth": 27.836456770247086, "n_estimators": 198.54035924366949}, "datetime": {"datetime": "2021-09-27 18:08:18", "elapsed": 330.606726, "delta": 3.671763}}
{"target": -11.056427212483078, "params": {"max_depth": 15.57631434509007, "n_estimators": 120.75357597153034}, "datetime": {"datetime": "2021-09-27 18:08:20", "elapsed": 333.06745, "delta": 2.460724}}
{"target": -11.11629109050463, "params": {"max_depth": 29.97988749846777, "n_estimators": 166.64772062952903}, "datetime": {"datetime": "2021-09-27 18:08:23", "elapsed": 335.967408, "delta": 2.899958}}
{"target": -11.035955539515244, "params": {"max_depth": 29.995901524106827, "n_estimators": 101.74135255914936}, "datetime": {"datetime": "2021-09-27 18:08:26", "elapsed": 338.603448, "delta": 2.63604}}
{"target": -11.10029063391244, "params": {"max_depth": 15.181538429243538, "n_estimators": 187.8433327971312}, "datetime": {"datetime": "2021-09-27 18:08:29", "elapsed": 341.584462, "delta": 2.981014}}
{"target": -11.094401021472592, "params": {"max_depth": 23.75009795595143, "n_estimators": 150.91139695093898}, "datetime": {"datetime": "2021-09-27 18:08:31", "elapsed": 343.980007, "delta": 2.395545}}
{"target": -11.03081673534955, "params": {"max_depth": 25.42548423098314, "n_estimators": 111.23823507497794}, "datetime": {"datetime": "2021-09-27 18:08:33", "elapsed": 346.158708, "delta": 2.178701}}
{"target": -11.13288509554041, "params": {"max_depth": 23.76971027870077, "n_estimators": 188.72076197678578}, "datetime": {"datetime": "2021-09-27 18:08:36", "elapsed": 348.677976, "delta": 2.519268}}
{"target": -11.01565460258242, "params": {"max_depth": 28.053467923697536, "n_estimators": 109.07169700271363}, "datetime": {"datetime": "2021-09-27 18:08:38", "elapsed": 350.755643, "delta": 2.077667}}
{"target": -11.012299890529302, "params": {"max_depth": 20.815447362448737, "n_estimators": 105.90090629588937}, "datetime": {"datetime": "2021-09-27 18:08:40", "elapsed": 353.010792, "delta": 2.255149}}
{"target": -11.032915207387347, "params": {"max_depth": 22.26909006669231, "n_estimators": 103.84222869154391}, "datetime": {"datetime": "2021-09-27 18:08:42", "elapsed": 354.944491, "delta": 1.933699}}
{"target": -11.019735167877757, "params": {"max_depth": 29.907625081040273, "n_estimators": 110.9954690000579}, "datetime": {"datetime": "2021-09-27 18:08:44", "elapsed": 357.128048, "delta": 2.183557}}
{"target": -11.09817913086583, "params": {"max_depth": 21.251156405592784, "n_estimators": 146.4744472353968}, "datetime": {"datetime": "2021-09-27 18:08:47", "elapsed": 359.873778, "delta": 2.74573}}
{"target": -11.090731764460685, "params": {"max_depth": 11.734472565588028, "n_estimators": 101.28571400368745}, "datetime": {"datetime": "2021-09-27 18:08:49", "elapsed": 361.764372, "delta": 1.890594}}
{"target": -11.01963897891927, "params": {"max_depth": 15.594630561984072, "n_estimators": 100.07312978959868}, "datetime": {"datetime": "2021-09-27 18:08:51", "elapsed": 363.782563, "delta": 2.018191}}
{"target": -11.058673149335997, "params": {"max_depth": 18.8552940261026, "n_estimators": 149.4823651567629}, "datetime": {"datetime": "2021-09-27 18:08:54", "elapsed": 366.255959, "delta": 2.473396}}
