{"target": -2.4453767691287034, "params": {"max_depth": 21.03201457786369, "n_estimators": 68.12924646075305}, "datetime": {"datetime": "2021-09-21 10:21:37", "elapsed": 815.573616, "delta": 3.408249}}
{"target": -2.4585447885447884, "params": {"max_depth": 17.18942303356906, "n_estimators": 55.06187031792095}, "datetime": {"datetime": "2021-09-21 10:21:40", "elapsed": 818.429379, "delta": 2.855763}}
{"target": -2.4455565142364106, "params": {"max_depth": 27.669060303537588, "n_estimators": 61.72173171135512}, "datetime": {"datetime": "2021-09-21 10:21:45", "elapsed": 823.650284, "delta": 5.220905}}
{"target": -2.4397228867623606, "params": {"max_depth": 23.456479599826054, "n_estimators": 66.7299025234412}, "datetime": {"datetime": "2021-09-21 10:21:49", "elapsed": 826.895901, "delta": 3.245617}}
{"target": -2.4539730006835274, "params": {"max_depth": 21.18504438863095, "n_estimators": 55.491242580879245}, "datetime": {"datetime": "2021-09-21 10:21:53", "elapsed": 831.283847, "delta": 4.387946}}
{"target": -2.4754132928475037, "params": {"max_depth": 28.68125466247994, "n_estimators": 78.0501451067399}, "datetime": {"datetime": "2021-09-21 10:21:56", "elapsed": 834.778184, "delta": 3.494337}}
{"target": -2.4534237379162196, "params": {"max_depth": 22.719402453539217, "n_estimators": 56.211412758153465}, "datetime": {"datetime": "2021-09-21 10:22:03", "elapsed": 841.226622, "delta": 6.448438}}
{"target": -2.4436526951707624, "params": {"max_depth": 17.019814430466727, "n_estimators": 67.49477381335171}, "datetime": {"datetime": "2021-09-21 10:22:08", "elapsed": 846.465168, "delta": 5.238546}}
{"target": -2.4253121716752153, "params": {"max_depth": 14.443220700150793, "n_estimators": 66.06752803828881}, "datetime": {"datetime": "2021-09-21 10:22:13", "elapsed": 851.388206, "delta": 4.923038}}
{"target": -2.4253121716752153, "params": {"max_depth": 14.02692584271859, "n_estimators": 66.27232586550335}, "datetime": {"datetime": "2021-09-21 10:22:16", "elapsed": 854.563329, "delta": 3.175123}}
{"target": -2.430957523424876, "params": {"max_depth": 14.198777282398856, "n_estimators": 65.91145082944833}, "datetime": {"datetime": "2021-09-21 10:22:21", "elapsed": 859.489015, "delta": 4.925686}}
{"target": -2.4253121716752153, "params": {"max_depth": 14.421008353768432, "n_estimators": 66.66334868043101}, "datetime": {"datetime": "2021-09-21 10:22:26", "elapsed": 864.69272, "delta": 5.203705}}
{"target": -2.4253121716752153, "params": {"max_depth": 14.334283794169542, "n_estimators": 66.38281266861893}, "datetime": {"datetime": "2021-09-21 10:22:31", "elapsed": 868.945028, "delta": 4.252308}}
{"target": -2.430957523424876, "params": {"max_depth": 14.80294519136767, "n_estimators": 65.69629028413836}, "datetime": {"datetime": "2021-09-21 10:22:36", "elapsed": 874.038221, "delta": 5.093193}}
{"target": -2.4253121716752153, "params": {"max_depth": 14.646239563406915, "n_estimators": 66.5530903804319}, "datetime": {"datetime": "2021-09-21 10:22:41", "elapsed": 879.278427, "delta": 5.240206}}
{"target": -2.461407768833202, "params": {"max_depth": 13.598311702731431, "n_estimators": 66.10139237723918}, "datetime": {"datetime": "2021-09-21 10:22:47", "elapsed": 884.946091, "delta": 5.667664}}
{"target": -2.4253121716752153, "params": {"max_depth": 14.723163006322046, "n_estimators": 66.97649212106245}, "datetime": {"datetime": "2021-09-21 10:22:51", "elapsed": 889.753096, "delta": 4.807005}}
{"target": -2.4253121716752153, "params": {"max_depth": 14.104156025488896, "n_estimators": 66.22159997046094}, "datetime": {"datetime": "2021-09-21 10:22:58", "elapsed": 895.826875, "delta": 6.073779}}
{"target": -2.4253121716752153, "params": {"max_depth": 14.15205037882664, "n_estimators": 66.53791668230788}, "datetime": {"datetime": "2021-09-21 10:23:01", "elapsed": 899.281688, "delta": 3.454813}}
{"target": -2.4253121716752153, "params": {"max_depth": 14.637945736561234, "n_estimators": 66.76271555934593}, "datetime": {"datetime": "2021-09-21 10:23:08", "elapsed": 905.795243, "delta": 6.513555}}
{"target": -2.425469531249584, "params": {"max_depth": 14.983816886679831, "n_estimators": 67.27080132905557}, "datetime": {"datetime": "2021-09-21 10:23:11", "elapsed": 909.57902, "delta": 3.783777}}
{"target": -2.425469531249584, "params": {"max_depth": 14.941330448207859, "n_estimators": 67.50987057494616}, "datetime": {"datetime": "2021-09-21 10:23:15", "elapsed": 913.118955, "delta": 3.539935}}
{"target": -2.4549766203397967, "params": {"max_depth": 15.16227765678549, "n_estimators": 67.70238322660282}, "datetime": {"datetime": "2021-09-21 10:23:19", "elapsed": 917.324954, "delta": 4.205999}}
{"target": -2.425469531249584, "params": {"max_depth": 14.614355395434778, "n_estimators": 67.676168096434}, "datetime": {"datetime": "2021-09-21 10:23:23", "elapsed": 921.347699, "delta": 4.022745}}
{"target": -2.425469531249584, "params": {"max_depth": 14.734006390428462, "n_estimators": 67.53269024863178}, "datetime": {"datetime": "2021-09-21 10:23:28", "elapsed": 926.539478, "delta": 5.191779}}
{"target": -2.4293005875495766, "params": {"max_depth": 14.406127297025751, "n_estimators": 68.32633276386377}, "datetime": {"datetime": "2021-09-21 10:23:32", "elapsed": 930.399061, "delta": 3.859583}}
{"target": -2.4293005875495766, "params": {"max_depth": 14.540684877759432, "n_estimators": 68.07254319294206}, "datetime": {"datetime": "2021-09-21 10:23:36", "elapsed": 934.52437, "delta": 4.125309}}
{"target": -2.434095057985366, "params": {"max_depth": 14.255293244486957, "n_estimators": 69.18785701999728}, "datetime": {"datetime": "2021-09-21 10:23:41", "elapsed": 939.434831, "delta": 4.910461}}
{"target": -2.53465398296616, "params": {"max_depth": 10.189033390017293, "n_estimators": 53.01665440399685}, "datetime": {"datetime": "2021-09-21 10:23:45", "elapsed": 943.427179, "delta": 3.992348}}
{"target": -2.4293005875495766, "params": {"max_depth": 14.031910690602864, "n_estimators": 68.72426656897036}, "datetime": {"datetime": "2021-09-21 10:23:49", "elapsed": 946.784388, "delta": 3.357209}}
{"target": -2.447698582496802, "params": {"max_depth": 14.630278886932173, "n_estimators": 56.6054393092716}, "datetime": {"datetime": "2021-09-21 10:23:54", "elapsed": 952.44725, "delta": 5.662862}}
{"target": -2.4659854998932262, "params": {"max_depth": 15.254491659921229, "n_estimators": 55.5933521614612}, "datetime": {"datetime": "2021-09-21 10:23:59", "elapsed": 956.812318, "delta": 4.365068}}
{"target": -2.489718289534196, "params": {"max_depth": 13.376258874264044, "n_estimators": 56.86392665025316}, "datetime": {"datetime": "2021-09-21 10:24:04", "elapsed": 962.538709, "delta": 5.726391}}
{"target": -2.458486444700502, "params": {"max_depth": 15.217284040816576, "n_estimators": 57.13974069112389}, "datetime": {"datetime": "2021-09-21 10:24:09", "elapsed": 967.069822, "delta": 4.531113}}
{"target": -2.4284658677125144, "params": {"max_depth": 14.282352838090642, "n_estimators": 72.59434869279809}, "datetime": {"datetime": "2021-09-21 10:24:14", "elapsed": 971.786759, "delta": 4.716937}}
{"target": -2.4760219004807027, "params": {"max_depth": 13.980160583035634, "n_estimators": 73.3768673740686}, "datetime": {"datetime": "2021-09-21 10:24:19", "elapsed": 977.126382, "delta": 5.339623}}
{"target": -2.4284658677125144, "params": {"max_depth": 14.638480314259652, "n_estimators": 72.17457421031169}, "datetime": {"datetime": "2021-09-21 10:24:24", "elapsed": 982.527316, "delta": 5.400934}}
{"target": -2.4284658677125144, "params": {"max_depth": 14.03303054813988, "n_estimators": 72.06858929458105}, "datetime": {"datetime": "2021-09-21 10:24:30", "elapsed": 988.057145, "delta": 5.529829}}
{"target": -2.4698078309156144, "params": {"max_depth": 15.0793073060781, "n_estimators": 72.71035935901553}, "datetime": {"datetime": "2021-09-21 10:24:37", "elapsed": 995.313037, "delta": 7.255892}}
{"target": -2.4284658677125144, "params": {"max_depth": 14.272025371170232, "n_estimators": 72.29961142318169}, "datetime": {"datetime": "2021-09-21 10:24:42", "elapsed": 1000.230805, "delta": 4.917768}}
{"target": -2.4286731334549443, "params": {"max_depth": 14.620621336502495, "n_estimators": 71.37458058364234}, "datetime": {"datetime": "2021-09-21 10:24:46", "elapsed": 1004.640647, "delta": 4.409842}}
{"target": -2.466723601849687, "params": {"max_depth": 13.543413343929986, "n_estimators": 72.40901524302434}, "datetime": {"datetime": "2021-09-21 10:24:50", "elapsed": 1008.258195, "delta": 3.617548}}
{"target": -2.4286731334549443, "params": {"max_depth": 14.786383797688586, "n_estimators": 71.77922419308118}, "datetime": {"datetime": "2021-09-21 10:24:54", "elapsed": 1012.163022, "delta": 3.904827}}
{"target": -2.4286731334549443, "params": {"max_depth": 14.327313302549452, "n_estimators": 71.6673823170878}, "datetime": {"datetime": "2021-09-21 10:25:00", "elapsed": 1018.453662, "delta": 6.29064}}
{"target": -2.425959316063198, "params": {"max_depth": 14.704946302364181, "n_estimators": 70.3707308175599}, "datetime": {"datetime": "2021-09-21 10:25:04", "elapsed": 1022.441656, "delta": 3.987994}}
{"target": -2.465975272701174, "params": {"max_depth": 15.086855493001535, "n_estimators": 70.11734382229149}, "datetime": {"datetime": "2021-09-21 10:25:10", "elapsed": 1028.504818, "delta": 6.063162}}
{"target": -2.425959316063198, "params": {"max_depth": 14.258693684702983, "n_estimators": 70.11765783480364}, "datetime": {"datetime": "2021-09-21 10:25:16", "elapsed": 1033.846457, "delta": 5.341639}}
{"target": -2.425959316063198, "params": {"max_depth": 14.276218174028738, "n_estimators": 70.4887189168835}, "datetime": {"datetime": "2021-09-21 10:25:23", "elapsed": 1040.861956, "delta": 7.015499}}
{"target": -2.425959316063198, "params": {"max_depth": 14.6341945306897, "n_estimators": 70.72407964681828}, "datetime": {"datetime": "2021-09-21 10:25:28", "elapsed": 1046.013587, "delta": 5.151631}}
{"target": -2.425959316063198, "params": {"max_depth": 14.488241484825979, "n_estimators": 70.3651330915034}, "datetime": {"datetime": "2021-09-21 10:25:33", "elapsed": 1051.582455, "delta": 5.568868}}
{"target": -2.473407861759662, "params": {"max_depth": 21.234626082424292, "n_estimators": 76.04483437021105}, "datetime": {"datetime": "2021-09-21 10:25:38", "elapsed": 1056.639322, "delta": 5.056867}}
{"target": -2.491348180043533, "params": {"max_depth": 12.237144525827361, "n_estimators": 63.097161615557326}, "datetime": {"datetime": "2021-09-21 10:25:43", "elapsed": 1061.092136, "delta": 4.452814}}
{"target": -2.474945175438596, "params": {"max_depth": 26.438194219530217, "n_estimators": 96.03252171058324}, "datetime": {"datetime": "2021-09-21 10:25:47", "elapsed": 1065.467576, "delta": 4.37544}}
{"target": -2.48251361428262, "params": {"max_depth": 21.768376877961565, "n_estimators": 81.05755606603903}, "datetime": {"datetime": "2021-09-21 10:25:54", "elapsed": 1072.34065, "delta": 6.873074}}
{"target": -2.4679129478620503, "params": {"max_depth": 13.850386902396124, "n_estimators": 69.95971770248464}, "datetime": {"datetime": "2021-09-21 10:25:59", "elapsed": 1076.797492, "delta": 4.456842}}
{"target": -2.4582775049555052, "params": {"max_depth": 15.149198148646834, "n_estimators": 64.88330336927272}, "datetime": {"datetime": "2021-09-21 10:26:05", "elapsed": 1083.160812, "delta": 6.36332}}
{"target": -2.490959231250407, "params": {"max_depth": 12.126825368675672, "n_estimators": 60.24566905472583}, "datetime": {"datetime": "2021-09-21 10:26:10", "elapsed": 1088.467591, "delta": 5.306779}}
{"target": -2.46415750420572, "params": {"max_depth": 20.752525521855866, "n_estimators": 73.79877883509748}, "datetime": {"datetime": "2021-09-21 10:26:16", "elapsed": 1093.939441, "delta": 5.47185}}
{"target": -2.477694650926558, "params": {"max_depth": 20.21437242970905, "n_estimators": 84.93819206037898}, "datetime": {"datetime": "2021-09-21 10:26:22", "elapsed": 1100.264522, "delta": 6.325081}}
{"target": -2.4817679171332583, "params": {"max_depth": 24.429021599735858, "n_estimators": 94.55903243549605}, "datetime": {"datetime": "2021-09-21 10:26:27", "elapsed": 1105.566789, "delta": 5.302267}}
{"target": -2.434095057985366, "params": {"max_depth": 14.475248173713736, "n_estimators": 69.90741231508888}, "datetime": {"datetime": "2021-09-21 10:26:32", "elapsed": 1110.077351, "delta": 4.510562}}
{"target": -2.456238546840207, "params": {"max_depth": 15.102513279116154, "n_estimators": 61.621486714540374}, "datetime": {"datetime": "2021-09-21 10:26:37", "elapsed": 1115.431183, "delta": 5.353832}}
{"target": -2.452033944502592, "params": {"max_depth": 18.951581209883546, "n_estimators": 64.57359730619307}, "datetime": {"datetime": "2021-09-21 10:26:42", "elapsed": 1120.484028, "delta": 5.052845}}
{"target": -2.471911761575405, "params": {"max_depth": 12.271822743690569, "n_estimators": 68.56266450880906}, "datetime": {"datetime": "2021-09-21 10:26:48", "elapsed": 1125.940386, "delta": 5.456358}}
{"target": -2.481046976597964, "params": {"max_depth": 18.832697185607245, "n_estimators": 52.014669992018}, "datetime": {"datetime": "2021-09-21 10:26:54", "elapsed": 1132.251703, "delta": 6.311317}}
{"target": -2.4293005875495766, "params": {"max_depth": 14.48592190295667, "n_estimators": 68.81930140450646}, "datetime": {"datetime": "2021-09-21 10:27:00", "elapsed": 1138.756016, "delta": 6.504313}}
{"target": -2.4897420060816073, "params": {"max_depth": 12.126981367709753, "n_estimators": 99.11799296200513}, "datetime": {"datetime": "2021-09-21 10:27:06", "elapsed": 1143.928126, "delta": 5.17211}}
{"target": -2.4797691966986437, "params": {"max_depth": 22.581772411930835, "n_estimators": 87.67501763293211}, "datetime": {"datetime": "2021-09-21 10:27:10", "elapsed": 1148.445342, "delta": 4.517216}}
{"target": -2.461256645401383, "params": {"max_depth": 19.45360476975722, "n_estimators": 55.17964754317124}, "datetime": {"datetime": "2021-09-21 10:27:14", "elapsed": 1152.651645, "delta": 4.206303}}
{"target": -2.4460181222286486, "params": {"max_depth": 17.246997182262742, "n_estimators": 65.02591785516496}, "datetime": {"datetime": "2021-09-21 10:27:20", "elapsed": 1157.825499, "delta": 5.173854}}
{"target": -2.476385041551246, "params": {"max_depth": 28.30383235648479, "n_estimators": 95.57347646965772}, "datetime": {"datetime": "2021-09-21 10:27:26", "elapsed": 1164.634655, "delta": 6.809156}}
{"target": -2.5026705368192457, "params": {"max_depth": 10.997521543386068, "n_estimators": 78.59317725085575}, "datetime": {"datetime": "2021-09-21 10:27:32", "elapsed": 1169.825308, "delta": 5.190653}}
{"target": -2.4574152542372882, "params": {"max_depth": 25.828688840226413, "n_estimators": 59.153679099573246}, "datetime": {"datetime": "2021-09-21 10:27:38", "elapsed": 1176.627747, "delta": 6.802439}}
{"target": -2.455954548891823, "params": {"max_depth": 18.425385592793848, "n_estimators": 58.593441071641536}, "datetime": {"datetime": "2021-09-21 10:27:44", "elapsed": 1182.721907, "delta": 6.09416}}
{"target": -2.5231686187352635, "params": {"max_depth": 11.950685599733097, "n_estimators": 86.57202875787681}, "datetime": {"datetime": "2021-09-21 10:27:52", "elapsed": 1190.224796, "delta": 7.502889}}
{"target": -2.4792649727767695, "params": {"max_depth": 29.04653505126925, "n_estimators": 87.31314828397005}, "datetime": {"datetime": "2021-09-21 10:27:58", "elapsed": 1196.270121, "delta": 6.045325}}
{"target": -2.4794119733295505, "params": {"max_depth": 22.05281706578012, "n_estimators": 53.72973575181068}, "datetime": {"datetime": "2021-09-21 10:28:06", "elapsed": 1204.721128, "delta": 8.451007}}
{"target": -2.4703212475181457, "params": {"max_depth": 20.615704588366214, "n_estimators": 98.08959581296472}, "datetime": {"datetime": "2021-09-21 10:28:11", "elapsed": 1209.249065, "delta": 4.527937}}
{"target": -2.476981907894737, "params": {"max_depth": 25.415187291656174, "n_estimators": 80.72789684265291}, "datetime": {"datetime": "2021-09-21 10:28:17", "elapsed": 1215.657268, "delta": 6.408203}}
{"target": -2.4584688995215314, "params": {"max_depth": 27.959198108340054, "n_estimators": 55.047149133124464}, "datetime": {"datetime": "2021-09-21 10:28:23", "elapsed": 1221.16782, "delta": 5.510552}}
{"target": -2.520345562502919, "params": {"max_depth": 11.79480117251066, "n_estimators": 92.48480581992051}, "datetime": {"datetime": "2021-09-21 10:28:28", "elapsed": 1226.524847, "delta": 5.357027}}
{"target": -2.466682577392555, "params": {"max_depth": 19.795481388762475, "n_estimators": 72.3718451094047}, "datetime": {"datetime": "2021-09-21 10:28:33", "elapsed": 1231.369876, "delta": 4.845029}}
{"target": -2.501992136743045, "params": {"max_depth": 10.029306218648202, "n_estimators": 74.43560051777851}, "datetime": {"datetime": "2021-09-21 10:28:38", "elapsed": 1236.140623, "delta": 4.770747}}
{"target": -2.463673385109341, "params": {"max_depth": 17.28619483264041, "n_estimators": 98.1155001372367}, "datetime": {"datetime": "2021-09-21 10:28:43", "elapsed": 1241.298102, "delta": 5.157479}}
{"target": -2.465842105263158, "params": {"max_depth": 26.17931601400126, "n_estimators": 75.15028110424807}, "datetime": {"datetime": "2021-09-21 10:28:50", "elapsed": 1248.168177, "delta": 6.870075}}
{"target": -2.477523952285778, "params": {"max_depth": 21.71769760800097, "n_estimators": 79.05751626205279}, "datetime": {"datetime": "2021-09-21 10:28:55", "elapsed": 1253.202591, "delta": 5.034414}}
{"target": -2.4804824561403502, "params": {"max_depth": 29.99295701406364, "n_estimators": 84.15928241393988}, "datetime": {"datetime": "2021-09-21 10:28:59", "elapsed": 1257.563904, "delta": 4.361313}}
{"target": -2.474732504337767, "params": {"max_depth": 23.843097500283186, "n_estimators": 91.07482908147625}, "datetime": {"datetime": "2021-09-21 10:29:05", "elapsed": 1262.799398, "delta": 5.235494}}
{"target": -2.485847253328356, "params": {"max_depth": 19.2062378733414, "n_estimators": 94.85805791759023}, "datetime": {"datetime": "2021-09-21 10:29:09", "elapsed": 1267.73666, "delta": 4.937262}}
{"target": -2.4503963032581457, "params": {"max_depth": 21.76004537769571, "n_estimators": 60.04574179622675}, "datetime": {"datetime": "2021-09-21 10:29:15", "elapsed": 1273.59467, "delta": 5.85801}}
{"target": -2.467353308148674, "params": {"max_depth": 15.005964070502273, "n_estimators": 71.09682878951924}, "datetime": {"datetime": "2021-09-21 10:29:22", "elapsed": 1279.885686, "delta": 6.291016}}
{"target": -2.4286731334549443, "params": {"max_depth": 14.14503483841613, "n_estimators": 71.29773535683702}, "datetime": {"datetime": "2021-09-21 10:29:33", "elapsed": 1290.893162, "delta": 11.007476}}
{"target": -2.4286731334549443, "params": {"max_depth": 14.462301167538286, "n_estimators": 71.10166151406158}, "datetime": {"datetime": "2021-09-21 10:29:40", "elapsed": 1298.435536, "delta": 7.542374}}
{"target": -2.498085881730841, "params": {"max_depth": 10.137239589474786, "n_estimators": 82.71271852936184}, "datetime": {"datetime": "2021-09-21 10:29:47", "elapsed": 1304.947039, "delta": 6.511503}}
{"target": -2.4489520676691736, "params": {"max_depth": 22.833808901965952, "n_estimators": 60.39036830617219}, "datetime": {"datetime": "2021-09-21 10:29:53", "elapsed": 1310.796277, "delta": 5.849238}}
{"target": -2.4547291366041373, "params": {"max_depth": 18.645343632276813, "n_estimators": 63.13229779376126}, "datetime": {"datetime": "2021-09-21 10:29:58", "elapsed": 1316.113209, "delta": 5.316932}}
{"target": -2.472267722878625, "params": {"max_depth": 24.13885595739299, "n_estimators": 98.62345351780357}, "datetime": {"datetime": "2021-09-21 10:30:03", "elapsed": 1321.386705, "delta": 5.273496}}
{"target": -2.453716528162512, "params": {"max_depth": 24.990173316498957, "n_estimators": 57.36238291829387}, "datetime": {"datetime": "2021-09-21 10:30:08", "elapsed": 1326.275482, "delta": 4.888777}}
{"target": -2.4818517515103524, "params": {"max_depth": 15.517247783194353, "n_estimators": 80.61376304257224}, "datetime": {"datetime": "2021-09-21 10:30:15", "elapsed": 1332.900561, "delta": 6.625079}}
{"target": -2.484126771013262, "params": {"max_depth": 13.89791305368518, "n_estimators": 79.99045596578978}, "datetime": {"datetime": "2021-09-21 10:30:21", "elapsed": 1339.204794, "delta": 6.304233}}
{"target": -2.4500955008488963, "params": {"max_depth": 28.9262797804987, "n_estimators": 62.570089501182494}, "datetime": {"datetime": "2021-09-21 10:30:32", "elapsed": 1350.114819, "delta": 10.910025}}
{"target": -2.464561403508772, "params": {"max_depth": 23.211083051878905, "n_estimators": 75.80223527395815}, "datetime": {"datetime": "2021-09-21 10:30:40", "elapsed": 1357.874628, "delta": 7.759809}}
{"target": -2.4420333571346795, "params": {"max_depth": 14.663205764877457, "n_estimators": 60.4234559233841}, "datetime": {"datetime": "2021-09-21 10:30:48", "elapsed": 1366.236342, "delta": 8.361714}}
{"target": -2.4648598598965004, "params": {"max_depth": 15.096290690659657, "n_estimators": 59.48073321126445}, "datetime": {"datetime": "2021-09-21 10:30:56", "elapsed": 1374.583102, "delta": 8.34676}}
{"target": -2.475956937799043, "params": {"max_depth": 25.993005729379174, "n_estimators": 77.25431422892355}, "datetime": {"datetime": "2021-09-21 10:31:02", "elapsed": 1380.038729, "delta": 5.455627}}
{"target": -2.4504803675856306, "params": {"max_depth": 26.792438368116983, "n_estimators": 63.30844403921982}, "datetime": {"datetime": "2021-09-21 10:31:08", "elapsed": 1386.381405, "delta": 6.342676}}
{"target": -2.466222062004326, "params": {"max_depth": 23.344267585371313, "n_estimators": 73.38003532374269}, "datetime": {"datetime": "2021-09-21 10:31:15", "elapsed": 1392.911634, "delta": 6.530229}}
{"target": -2.451887871853547, "params": {"max_depth": 27.83460354073923, "n_estimators": 69.066681227402}, "datetime": {"datetime": "2021-09-21 10:31:22", "elapsed": 1400.256537, "delta": 7.344903}}
