{"target": 0.8359454404497996, "params": {"max_depth": 13.093638136374645, "n_estimators": 72.31212485077366}, "datetime": {"datetime": "2021-09-21 13:18:12", "elapsed": 0.0, "delta": 0.0}}
{"target": 0.5276168258216661, "params": {"max_depth": 1.0033168697030017, "n_estimators": 30.930924690552136}, "datetime": {"datetime": "2021-09-21 13:18:12", "elapsed": 0.076002, "delta": 0.076002}}
{"target": 0.8062799830151309, "params": {"max_depth": 5.255920833696278, "n_estimators": 10.141520882110981}, "datetime": {"datetime": "2021-09-21 13:18:12", "elapsed": 0.112002, "delta": 0.036}}
{"target": 0.818144384375343, "params": {"max_depth": 6.4015461299524565, "n_estimators": 35.210511977261724}, "datetime": {"datetime": "2021-09-21 13:18:13", "elapsed": 0.262998, "delta": 0.150996}}
{"target": 0.8339514011101881, "params": {"max_depth": 12.506256752689428, "n_estimators": 54.34285666633234}, "datetime": {"datetime": "2021-09-21 13:18:13", "elapsed": 0.579459, "delta": 0.316461}}
{"target": 0.8378315971909497, "params": {"max_depth": 13.15664091769555, "n_estimators": 68.83673053927919}, "datetime": {"datetime": "2021-09-21 13:18:13", "elapsed": 1.05072, "delta": 0.471261}}
{"target": 0.8213159641538872, "params": {"max_depth": 6.929115242214006, "n_estimators": 87.93362620270359}, "datetime": {"datetime": "2021-09-21 13:18:14", "elapsed": 1.427693, "delta": 0.376973}}
{"target": 0.5417820483907203, "params": {"max_depth": 1.7942402027398587, "n_estimators": 67.37628350766182}, "datetime": {"datetime": "2021-09-21 13:18:14", "elapsed": 1.654656, "delta": 0.226963}}
{"target": 0.8367564924982417, "params": {"max_depth": 13.101839268646682, "n_estimators": 56.310293016129414}, "datetime": {"datetime": "2021-09-21 13:18:14", "elapsed": 2.001665, "delta": 0.347009}}
{"target": 0.8163035361317055, "params": {"max_depth": 5.071221219261779, "n_estimators": 20.612047419403}, "datetime": {"datetime": "2021-09-21 13:18:14", "elapsed": 2.078369, "delta": 0.076704}}
{"target": 0.8285143161879719, "params": {"max_depth": 10.986362065171432, "n_estimators": 39.67532517618147}, "datetime": {"datetime": "2021-09-21 13:18:15", "elapsed": 2.579975, "delta": 0.501606}}
{"target": 0.8366720626813808, "params": {"max_depth": 20.17614678999329, "n_estimators": 70.01070190544253}, "datetime": {"datetime": "2021-09-21 13:18:16", "elapsed": 3.188012, "delta": 0.608037}}
{"target": 0.8380455610517857, "params": {"max_depth": 20.063643676149187, "n_estimators": 61.80122173165776}, "datetime": {"datetime": "2021-09-21 13:18:16", "elapsed": 4.0842, "delta": 0.896188}}
{"target": 0.8340146546933349, "params": {"max_depth": 21.111217409547336, "n_estimators": 52.64940691276464}, "datetime": {"datetime": "2021-09-21 13:18:18", "elapsed": 5.426316, "delta": 1.342116}}
{"target": 0.8300567886180164, "params": {"max_depth": 14.895228555181145, "n_estimators": 31.83760510519041}, "datetime": {"datetime": "2021-09-21 13:18:19", "elapsed": 6.199313, "delta": 0.772997}}
{"target": 0.8360444527594143, "params": {"max_depth": 29.205025264349015, "n_estimators": 58.81331118447715}, "datetime": {"datetime": "2021-09-21 13:18:20", "elapsed": 7.478039, "delta": 1.278726}}
{"target": 0.8369676842552923, "params": {"max_depth": 29.809953142174585, "n_estimators": 68.13238546681951}, "datetime": {"datetime": "2021-09-21 13:18:21", "elapsed": 8.168022, "delta": 0.689983}}
{"target": 0.8343932094734965, "params": {"max_depth": 18.972145655998222, "n_estimators": 80.87943051678248}, "datetime": {"datetime": "2021-09-21 13:18:21", "elapsed": 8.898347, "delta": 0.730325}}
{"target": 0.8331007722419533, "params": {"max_depth": 28.313157549560174, "n_estimators": 77.82891635655929}, "datetime": {"datetime": "2021-09-21 13:18:22", "elapsed": 9.543198, "delta": 0.644851}}
{"target": 0.8311881143885058, "params": {"max_depth": 26.418054564530124, "n_estimators": 88.19165468286182}, "datetime": {"datetime": "2021-09-21 13:18:23", "elapsed": 10.208201, "delta": 0.665003}}
{"target": 0.8330381139497317, "params": {"max_depth": 17.040395120839793, "n_estimators": 91.47414167505626}, "datetime": {"datetime": "2021-09-21 13:18:24", "elapsed": 11.114878, "delta": 0.906677}}
{"target": 0.8353932273502555, "params": {"max_depth": 24.017718132246113, "n_estimators": 99.14866689091592}, "datetime": {"datetime": "2021-09-21 13:18:24", "elapsed": 11.979378, "delta": 0.8645}}
{"target": 0.8347855796794155, "params": {"max_depth": 12.64305401441699, "n_estimators": 99.98352385685239}, "datetime": {"datetime": "2021-09-21 13:18:26", "elapsed": 13.203077, "delta": 1.223699}}
{"target": 0.8329861753366096, "params": {"max_depth": 29.84959160387353, "n_estimators": 47.96432133291314}, "datetime": {"datetime": "2021-09-21 13:18:26", "elapsed": 13.912499, "delta": 0.709422}}
{"target": 0.8335965027211055, "params": {"max_depth": 23.070370388263154, "n_estimators": 40.4654193668627}, "datetime": {"datetime": "2021-09-21 13:18:27", "elapsed": 14.411498, "delta": 0.498999}}
{"target": 0.8338724245579101, "params": {"max_depth": 26.32003351051826, "n_estimators": 30.797695287226475}, "datetime": {"datetime": "2021-09-21 13:18:27", "elapsed": 14.783415, "delta": 0.371917}}
{"target": 0.8405505916818342, "params": {"max_depth": 20.298314947836204, "n_estimators": 22.1528320753804}, "datetime": {"datetime": "2021-09-21 13:18:27", "elapsed": 15.071424, "delta": 0.288009}}
{"target": 0.8401889232406063, "params": {"max_depth": 29.91729311839469, "n_estimators": 21.23872273951678}, "datetime": {"datetime": "2021-09-21 13:18:28", "elapsed": 15.390117, "delta": 0.318693}}
{"target": 0.8200157127640335, "params": {"max_depth": 24.33464153007532, "n_estimators": 13.545038601807004}, "datetime": {"datetime": "2021-09-21 13:18:28", "elapsed": 15.724546, "delta": 0.334429}}
{"target": 0.7107112958730114, "params": {"max_depth": 2.511986866822368, "n_estimators": 99.92527079083544}, "datetime": {"datetime": "2021-09-21 13:18:29", "elapsed": 16.203535, "delta": 0.478989}}
{"target": 0.8250686477494229, "params": {"max_depth": 13.787060592999216, "n_estimators": 16.6769955503334}, "datetime": {"datetime": "2021-09-21 13:18:29", "elapsed": 16.480542, "delta": 0.277007}}
{"target": 0.7227695746609663, "params": {"max_depth": 30.0, "n_estimators": 1.0000000000000018}, "datetime": {"datetime": "2021-09-21 13:18:29", "elapsed": 16.677556, "delta": 0.197014}}
{"target": 0.8323129647612948, "params": {"max_depth": 29.951587485556082, "n_estimators": 38.27828853366915}, "datetime": {"datetime": "2021-09-21 13:18:30", "elapsed": 17.146216, "delta": 0.46866}}
{"target": 0.7517143424689656, "params": {"max_depth": 3.721500353283361, "n_estimators": 46.7099815402714}, "datetime": {"datetime": "2021-09-21 13:18:30", "elapsed": 17.48777, "delta": 0.341554}}
{"target": 0.7274351048219527, "params": {"max_depth": 12.43824218168803, "n_estimators": 1.0}, "datetime": {"datetime": "2021-09-21 13:18:30", "elapsed": 17.743771, "delta": 0.256001}}
{"target": 0.8314819660439701, "params": {"max_depth": 29.96140855240863, "n_estimators": 95.4401179752156}, "datetime": {"datetime": "2021-09-21 13:18:31", "elapsed": 18.498805, "delta": 0.755034}}
{"target": 0.8306645038046985, "params": {"max_depth": 11.22824846261197, "n_estimators": 81.3258249683474}, "datetime": {"datetime": "2021-09-21 13:18:31", "elapsed": 19.101584, "delta": 0.602779}}
{"target": 0.8328065809392182, "params": {"max_depth": 17.30981342074006, "n_estimators": 46.22809608310657}, "datetime": {"datetime": "2021-09-21 13:18:32", "elapsed": 19.600349, "delta": 0.498765}}
{"target": 0.4608056060093476, "params": {"max_depth": 1.108129938425463, "n_estimators": 1.3768501490611813}, "datetime": {"datetime": "2021-09-21 13:18:32", "elapsed": 19.824355, "delta": 0.224006}}
{"target": 0.5429251365118148, "params": {"max_depth": 1.2943652104725938, "n_estimators": 83.50701444669822}, "datetime": {"datetime": "2021-09-21 13:18:33", "elapsed": 20.274388, "delta": 0.450033}}
{"target": 0.8322301016650124, "params": {"max_depth": 10.572643357714943, "n_estimators": 92.75817126350476}, "datetime": {"datetime": "2021-09-21 13:18:33", "elapsed": 20.945, "delta": 0.670612}}
{"target": 0.4942706284734155, "params": {"max_depth": 1.1105897267561249, "n_estimators": 15.734553187809723}, "datetime": {"datetime": "2021-09-21 13:18:34", "elapsed": 21.27404, "delta": 0.32904}}
{"target": 0.8295916223791597, "params": {"max_depth": 11.4021744260427, "n_estimators": 23.46553364154822}, "datetime": {"datetime": "2021-09-21 13:18:34", "elapsed": 21.659963, "delta": 0.385923}}
{"target": 0.8343861613489066, "params": {"max_depth": 13.62915524923725, "n_estimators": 86.61043456782015}, "datetime": {"datetime": "2021-09-21 13:18:35", "elapsed": 22.340025, "delta": 0.680062}}
{"target": 0.8361710048419322, "params": {"max_depth": 20.345915387814074, "n_estimators": 28.406722814454874}, "datetime": {"datetime": "2021-09-21 13:18:35", "elapsed": 22.736986, "delta": 0.396961}}
{"target": 0.8071178629146616, "params": {"max_depth": 11.800599028352208, "n_estimators": 10.124447004713174}, "datetime": {"datetime": "2021-09-21 13:18:35", "elapsed": 23.02499, "delta": 0.288004}}
{"target": 0.8364392308172605, "params": {"max_depth": 24.91253864654269, "n_estimators": 64.56793103762064}, "datetime": {"datetime": "2021-09-21 13:18:36", "elapsed": 23.573211, "delta": 0.548221}}
{"target": 0.837233584643066, "params": {"max_depth": 18.124370787888488, "n_estimators": 99.82519371860914}, "datetime": {"datetime": "2021-09-21 13:18:37", "elapsed": 24.320219, "delta": 0.747008}}
{"target": 0.8199111449199081, "params": {"max_depth": 29.977960266382542, "n_estimators": 12.777359517947287}, "datetime": {"datetime": "2021-09-21 13:18:37", "elapsed": 24.646804, "delta": 0.326585}}
{"target": 0.8309437446877733, "params": {"max_depth": 17.842600423674153, "n_estimators": 37.34640407527942}, "datetime": {"datetime": "2021-09-21 13:18:38", "elapsed": 25.190998, "delta": 0.544194}}
{"target": 0.8320655211808469, "params": {"max_depth": 29.88059757096025, "n_estimators": 83.65703767746403}, "datetime": {"datetime": "2021-09-21 13:18:38", "elapsed": 25.895629, "delta": 0.704631}}
{"target": 0.8337130994009215, "params": {"max_depth": 23.944138151549478, "n_estimators": 46.828461035304315}, "datetime": {"datetime": "2021-09-21 13:18:39", "elapsed": 26.386626, "delta": 0.490997}}
{"target": 0.7897187118016797, "params": {"max_depth": 20.46239431150268, "n_estimators": 6.8832991013942895}, "datetime": {"datetime": "2021-09-21 13:18:39", "elapsed": 26.809153, "delta": 0.422527}}
{"target": 0.8410986638865767, "params": {"max_depth": 29.90913858504282, "n_estimators": 26.679226004503562}, "datetime": {"datetime": "2021-09-21 13:18:40", "elapsed": 27.257761, "delta": 0.448608}}
{"target": 0.8349060979791011, "params": {"max_depth": 22.435807651270274, "n_estimators": 75.5798333726007}, "datetime": {"datetime": "2021-09-21 13:18:40", "elapsed": 28.025772, "delta": 0.768011}}
{"target": 0.8327434881652633, "params": {"max_depth": 23.24178994538428, "n_estimators": 93.5079175461904}, "datetime": {"datetime": "2021-09-21 13:18:41", "elapsed": 28.80566, "delta": 0.779888}}
{"target": 0.8347096254132632, "params": {"max_depth": 30.0, "n_estimators": 100.0}, "datetime": {"datetime": "2021-09-21 13:18:42", "elapsed": 29.601941, "delta": 0.796281}}
{"target": 0.8395922120831986, "params": {"max_depth": 25.187124327142882, "n_estimators": 24.026074218775015}, "datetime": {"datetime": "2021-09-21 13:18:42", "elapsed": 29.992946, "delta": 0.391005}}
{"target": 0.8351646714021072, "params": {"max_depth": 29.961001303434955, "n_estimators": 53.17499287430184}, "datetime": {"datetime": "2021-09-21 13:18:43", "elapsed": 30.560168, "delta": 0.567222}}
{"target": 0.8252215366933857, "params": {"max_depth": 9.056080528190712, "n_estimators": 18.2182297941334}, "datetime": {"datetime": "2021-09-21 13:18:43", "elapsed": 30.965114, "delta": 0.404946}}
{"target": 0.5384876011680001, "params": {"max_depth": 1.3683043885152022, "n_estimators": 55.04737724974489}, "datetime": {"datetime": "2021-09-21 13:18:44", "elapsed": 31.393753, "delta": 0.428639}}
{"target": 0.8329598041738175, "params": {"max_depth": 23.849677164214775, "n_estimators": 82.83323944516037}, "datetime": {"datetime": "2021-09-21 13:18:45", "elapsed": 32.162729, "delta": 0.768976}}
{"target": 0.8391341909972504, "params": {"max_depth": 14.821585120248107, "n_estimators": 63.177822722748964}, "datetime": {"datetime": "2021-09-21 13:18:45", "elapsed": 32.776951, "delta": 0.614222}}
{"target": 0.8288067065727429, "params": {"max_depth": 11.07849059466269, "n_estimators": 47.176755797643786}, "datetime": {"datetime": "2021-09-21 13:18:46", "elapsed": 33.338982, "delta": 0.562031}}
{"target": 0.8321572364135115, "params": {"max_depth": 16.40469467460905, "n_estimators": 76.16034389516368}, "datetime": {"datetime": "2021-09-21 13:18:46", "elapsed": 34.07987, "delta": 0.740888}}
{"target": 0.8105025111968827, "params": {"max_depth": 5.435930379574126, "n_estimators": 40.47349191797186}, "datetime": {"datetime": "2021-09-21 13:18:47", "elapsed": 34.557868, "delta": 0.477998}}
{"target": 0.8365481245663229, "params": {"max_depth": 24.305432694703438, "n_estimators": 57.227803532710666}, "datetime": {"datetime": "2021-09-21 13:18:48", "elapsed": 35.152133, "delta": 0.594265}}
{"target": 0.8368484222767569, "params": {"max_depth": 17.372327765315656, "n_estimators": 56.1156163619791}, "datetime": {"datetime": "2021-09-21 13:18:48", "elapsed": 35.8427, "delta": 0.690567}}
{"target": 0.835028872091575, "params": {"max_depth": 26.42658048158616, "n_estimators": 71.64261167235625}, "datetime": {"datetime": "2021-09-21 13:18:49", "elapsed": 36.5637, "delta": 0.721}}
{"target": 0.8351849276852015, "params": {"max_depth": 23.098036194453314, "n_estimators": 34.983618330360486}, "datetime": {"datetime": "2021-09-21 13:18:49", "elapsed": 37.045893, "delta": 0.482193}}
{"target": 0.829178808615289, "params": {"max_depth": 19.674308339645712, "n_estimators": 16.35803757428541}, "datetime": {"datetime": "2021-09-21 13:18:50", "elapsed": 37.457488, "delta": 0.411595}}
{"target": 0.8331412437875939, "params": {"max_depth": 30.0, "n_estimators": 32.990827573972815}, "datetime": {"datetime": "2021-09-21 13:18:50", "elapsed": 37.996738, "delta": 0.53925}}
{"target": 0.8266383012246801, "params": {"max_depth": 10.474550157437303, "n_estimators": 33.47013605920828}, "datetime": {"datetime": "2021-09-21 13:18:51", "elapsed": 38.511745, "delta": 0.515007}}
{"target": 0.8342054482533516, "params": {"max_depth": 25.457911890696256, "n_estimators": 18.43129454151187}, "datetime": {"datetime": "2021-09-21 13:18:51", "elapsed": 38.972043, "delta": 0.460298}}
{"target": 0.8323991642444747, "params": {"max_depth": 20.364202709240022, "n_estimators": 87.19059452103413}, "datetime": {"datetime": "2021-09-21 13:18:52", "elapsed": 39.914411, "delta": 0.942368}}
{"target": 0.8331419569150915, "params": {"max_depth": 7.361100425632264, "n_estimators": 23.36291052444085}, "datetime": {"datetime": "2021-09-21 13:18:53", "elapsed": 40.380045, "delta": 0.465634}}
{"target": 0.8365795718117474, "params": {"max_depth": 15.94712657447132, "n_estimators": 50.65606337009951}, "datetime": {"datetime": "2021-09-21 13:18:53", "elapsed": 40.901016, "delta": 0.520971}}
{"target": 0.8342370154835776, "params": {"max_depth": 29.977960157465258, "n_estimators": 73.86659075800007}, "datetime": {"datetime": "2021-09-21 13:18:54", "elapsed": 41.67262, "delta": 0.771604}}
{"target": 0.8327436258824428, "params": {"max_depth": 15.172294949611043, "n_estimators": 96.24826222346309}, "datetime": {"datetime": "2021-09-21 13:18:55", "elapsed": 42.520281, "delta": 0.847661}}
{"target": 0.8378243235505212, "params": {"max_depth": 17.27456534747198, "n_estimators": 66.6893828698513}, "datetime": {"datetime": "2021-09-21 13:18:56", "elapsed": 43.178148, "delta": 0.657867}}
{"target": 0.8314604380331698, "params": {"max_depth": 29.321868078720385, "n_estimators": 42.924690964694896}, "datetime": {"datetime": "2021-09-21 13:18:56", "elapsed": 43.739325, "delta": 0.561177}}
{"target": 0.8320195740034527, "params": {"max_depth": 29.934566485514868, "n_estimators": 90.33879072343404}, "datetime": {"datetime": "2021-09-21 13:18:57", "elapsed": 44.434285, "delta": 0.69496}}
{"target": 0.8364672129695124, "params": {"max_depth": 29.79139204220554, "n_estimators": 63.27150851129316}, "datetime": {"datetime": "2021-09-21 13:18:58", "elapsed": 45.141742, "delta": 0.707457}}
{"target": 0.8387596578029015, "params": {"max_depth": 16.261280135041062, "n_estimators": 25.721222080212748}, "datetime": {"datetime": "2021-09-21 13:18:58", "elapsed": 45.762808, "delta": 0.621066}}
{"target": 0.8333593375239818, "params": {"max_depth": 25.95610162728605, "n_estimators": 51.72885357018716}, "datetime": {"datetime": "2021-09-21 13:18:59", "elapsed": 46.417806, "delta": 0.654998}}
{"target": 0.8320132537351115, "params": {"max_depth": 10.065649377396795, "n_estimators": 88.69434922870882}, "datetime": {"datetime": "2021-09-21 13:19:00", "elapsed": 47.145417, "delta": 0.727611}}
{"target": 0.8128078687055434, "params": {"max_depth": 5.9965250131457255, "n_estimators": 92.27866166062697}, "datetime": {"datetime": "2021-09-21 13:19:00", "elapsed": 47.816541, "delta": 0.671124}}
{"target": 0.8384407447893284, "params": {"max_depth": 16.118338049543333, "n_estimators": 20.81806167747452}, "datetime": {"datetime": "2021-09-21 13:19:01", "elapsed": 48.242542, "delta": 0.426001}}
{"target": 0.8368045182236051, "params": {"max_depth": 14.87296791219905, "n_estimators": 82.02163903078497}, "datetime": {"datetime": "2021-09-21 13:19:01", "elapsed": 48.965534, "delta": 0.722992}}
{"target": 0.810480406243171, "params": {"max_depth": 8.28120264136526, "n_estimators": 11.819811724900553}, "datetime": {"datetime": "2021-09-21 13:19:02", "elapsed": 49.436215, "delta": 0.470681}}
{"target": 0.8292869266991151, "params": {"max_depth": 29.99449037870204, "n_estimators": 16.648133134463336}, "datetime": {"datetime": "2021-09-21 13:19:02", "elapsed": 49.901397, "delta": 0.465182}}
{"target": 0.8337513809283646, "params": {"max_depth": 16.21956406903424, "n_estimators": 71.48860943856727}, "datetime": {"datetime": "2021-09-21 13:19:03", "elapsed": 50.640217, "delta": 0.73882}}
{"target": 0.7978906681003854, "params": {"max_depth": 7.980283354771146, "n_estimators": 7.806266138096156}, "datetime": {"datetime": "2021-09-21 13:19:04", "elapsed": 51.118806, "delta": 0.478589}}
{"target": 0.6980240186383337, "params": {"max_depth": 20.55834559533814, "n_estimators": 1.0629266361909284}, "datetime": {"datetime": "2021-09-21 13:19:04", "elapsed": 51.497431, "delta": 0.378625}}
{"target": 0.8218911368499444, "params": {"max_depth": 17.78713680402849, "n_estimators": 11.629064126045018}, "datetime": {"datetime": "2021-09-21 13:19:04", "elapsed": 51.911718, "delta": 0.414287}}
{"target": 0.8350715686647446, "params": {"max_depth": 15.335724344282411, "n_estimators": 42.09517793660758}, "datetime": {"datetime": "2021-09-21 13:19:05", "elapsed": 52.550273, "delta": 0.638555}}
{"target": 0.8324166462763547, "params": {"max_depth": 20.15161428426147, "n_estimators": 96.23828397811594}, "datetime": {"datetime": "2021-09-21 13:19:06", "elapsed": 53.403218, "delta": 0.852945}}
{"target": 0.8313860225722416, "params": {"max_depth": 26.50285852917703, "n_estimators": 37.119629470953576}, "datetime": {"datetime": "2021-09-21 13:19:06", "elapsed": 53.946148, "delta": 0.54293}}
{"target": 0.8322299302885494, "params": {"max_depth": 12.11946604220703, "n_estimators": 77.30490981704993}, "datetime": {"datetime": "2021-09-21 13:19:07", "elapsed": 54.70278, "delta": 0.756632}}
{"target": 0.8313751873721595, "params": {"max_depth": 19.668555729398996, "n_estimators": 42.467164741117045}, "datetime": {"datetime": "2021-09-21 13:19:08", "elapsed": 55.368414, "delta": 0.665634}}
{"target": 0.8339708153811365, "params": {"max_depth": 19.004938206546143, "n_estimators": 32.37400385561237}, "datetime": {"datetime": "2021-09-21 13:19:08", "elapsed": 55.923033, "delta": 0.554619}}
{"target": 0.8351957311608827, "params": {"max_depth": 16.02840426875529, "n_estimators": 59.963319567905636}, "datetime": {"datetime": "2021-09-21 13:19:09", "elapsed": 56.619074, "delta": 0.696041}}
{"target": 0.8370055004625485, "params": {"max_depth": 25.49108012722478, "n_estimators": 60.85479861395603}, "datetime": {"datetime": "2021-09-21 13:19:10", "elapsed": 57.417074, "delta": 0.798}}
{"target": 0.8262083366688338, "params": {"max_depth": 8.689441356266062, "n_estimators": 36.985020372624724}, "datetime": {"datetime": "2021-09-21 13:19:10", "elapsed": 58.030076, "delta": 0.613002}}
{"target": 0.826118693567166, "params": {"max_depth": 11.777451190702022, "n_estimators": 28.42844869464394}, "datetime": {"datetime": "2021-09-21 13:19:11", "elapsed": 58.662032, "delta": 0.631956}}
{"target": 0.8231476376972652, "params": {"max_depth": 9.776536383822595, "n_estimators": 43.70214630407636}, "datetime": {"datetime": "2021-09-21 13:19:12", "elapsed": 59.290059, "delta": 0.628027}}
{"target": 0.8336970671950982, "params": {"max_depth": 7.878030268280406, "n_estimators": 21.128122192393207}, "datetime": {"datetime": "2021-09-21 13:19:12", "elapsed": 59.774034, "delta": 0.483975}}
{"target": 0.8320042426990681, "params": {"max_depth": 26.566326147994822, "n_estimators": 96.42360991760292}, "datetime": {"datetime": "2021-09-21 13:19:13", "elapsed": 60.629035, "delta": 0.855001}}
{"target": 0.830973488140707, "params": {"max_depth": 9.632140235403297, "n_estimators": 97.00342705975959}, "datetime": {"datetime": "2021-09-21 13:19:14", "elapsed": 61.359036, "delta": 0.730001}}
{"target": 0.8371970273535854, "params": {"max_depth": 23.72477425811088, "n_estimators": 68.38801215118394}, "datetime": {"datetime": "2021-09-21 13:19:14", "elapsed": 62.056221, "delta": 0.697185}}
