{"target": -2.4819233802708527, "params": {"max_depth": 19.43372027479354, "n_estimators": 76.67119825357611}, "datetime": {"datetime": "2021-09-21 10:31:27", "elapsed": 1405.174029, "delta": 4.917492}}
{"target": -2.451174812030075, "params": {"max_depth": 29.08732305686503, "n_estimators": 70.48587008255988}, "datetime": {"datetime": "2021-09-21 10:31:32", "elapsed": 1409.903511, "delta": 4.729482}}
{"target": -2.5173533786117646, "params": {"max_depth": 11.449115866593278, "n_estimators": 57.644271751730614}, "datetime": {"datetime": "2021-09-21 10:31:36", "elapsed": 1414.42082, "delta": 4.517309}}
{"target": -2.4887166089091033, "params": {"max_depth": 19.562070840726157, "n_estimators": 81.7945053187045}, "datetime": {"datetime": "2021-09-21 10:31:42", "elapsed": 1420.285232, "delta": 5.864412}}
{"target": -2.472267722878625, "params": {"max_depth": 27.076525005924147, "n_estimators": 98.7386594815323}, "datetime": {"datetime": "2021-09-21 10:31:49", "elapsed": 1427.261887, "delta": 6.976655}}
{"target": -2.4812160666253864, "params": {"max_depth": 13.919288841619917, "n_estimators": 60.432238240556906}, "datetime": {"datetime": "2021-09-21 10:31:56", "elapsed": 1434.062876, "delta": 6.800989}}
{"target": -2.5336546541197227, "params": {"max_depth": 11.917159105698406, "n_estimators": 89.20630067739972}, "datetime": {"datetime": "2021-09-21 10:32:01", "elapsed": 1439.513522, "delta": 5.450646}}
{"target": -2.4620234296159285, "params": {"max_depth": 15.056227294691666, "n_estimators": 60.77908729399292}, "datetime": {"datetime": "2021-09-21 10:32:09", "elapsed": 1446.902035, "delta": 7.388513}}
{"target": -2.4253121716752153, "params": {"max_depth": 14.786277962126677, "n_estimators": 66.09985780867643}, "datetime": {"datetime": "2021-09-21 10:32:17", "elapsed": 1455.252509, "delta": 8.350474}}
{"target": -2.4811579910578283, "params": {"max_depth": 20.925934674782205, "n_estimators": 89.11379328531268}, "datetime": {"datetime": "2021-09-21 10:32:29", "elapsed": 1467.747299, "delta": 12.49479}}
{"target": -2.4699946657183496, "params": {"max_depth": 27.634113248763054, "n_estimators": 74.75036583742573}, "datetime": {"datetime": "2021-09-21 10:32:39", "elapsed": 1477.348522, "delta": 9.601223}}
{"target": -2.4699946657183496, "params": {"max_depth": 29.98955416066329, "n_estimators": 74.9351452184821}, "datetime": {"datetime": "2021-09-21 10:32:46", "elapsed": 1484.631636, "delta": 7.283114}}
{"target": -2.4625714588539664, "params": {"max_depth": 16.76716124989791, "n_estimators": 57.57147481750988}, "datetime": {"datetime": "2021-09-21 10:32:53", "elapsed": 1491.107749, "delta": 6.476113}}
{"target": -2.4601509954264196, "params": {"max_depth": 19.237096656987287, "n_estimators": 59.78306510196773}, "datetime": {"datetime": "2021-09-21 10:32:59", "elapsed": 1496.9807, "delta": 5.872951}}
{"target": -2.4540956263899183, "params": {"max_depth": 29.104572190560585, "n_estimators": 71.86161026159985}, "datetime": {"datetime": "2021-09-21 10:33:05", "elapsed": 1503.455812, "delta": 6.475112}}
{"target": -2.449638157894737, "params": {"max_depth": 26.45742130534286, "n_estimators": 60.65081954141762}, "datetime": {"datetime": "2021-09-21 10:33:13", "elapsed": 1511.695967, "delta": 8.240155}}
{"target": -2.48479009578951, "params": {"max_depth": 15.08511002351287, "n_estimators": 230.08112336053952}, "datetime": {"datetime": "2021-09-21 10:47:11", "elapsed": 0.0, "delta": 0.0}}
{"target": -2.490291975674505, "params": {"max_depth": 13.000571874086724, "n_estimators": 125.58314315795994}, "datetime": {"datetime": "2021-09-21 10:47:13", "elapsed": 1.650828, "delta": 1.650828}}
{"target": -2.4760219004807027, "params": {"max_depth": 13.733779454085566, "n_estimators": 73.08464869219945}, "datetime": {"datetime": "2021-09-21 10:47:14", "elapsed": 2.573829, "delta": 0.923001}}
{"target": -2.5006767593358505, "params": {"max_depth": 13.931301056888355, "n_estimators": 136.39018176076195}, "datetime": {"datetime": "2021-09-21 10:47:15", "elapsed": 4.047842, "delta": 1.474013}}
{"target": -2.4868831998597725, "params": {"max_depth": 14.98383737115335, "n_estimators": 184.70418350083924}, "datetime": {"datetime": "2021-09-21 10:47:17", "elapsed": 5.846195, "delta": 1.798353}}
{"target": -2.466723601849687, "params": {"max_depth": 13.25275914536943, "n_estimators": 72.17033618911333}, "datetime": {"datetime": "2021-09-21 10:47:18", "elapsed": 6.653196, "delta": 0.807001}}
{"target": -2.465056629989419, "params": {"max_depth": 13.156547267097412, "n_estimators": 70.83226745443662}, "datetime": {"datetime": "2021-09-21 10:47:19", "elapsed": 7.513193, "delta": 0.859997}}
{"target": -2.466800333861603, "params": {"max_depth": 15.941030970840709, "n_estimators": 69.83604609747312}, "datetime": {"datetime": "2021-09-21 10:47:19", "elapsed": 8.219194, "delta": 0.706001}}
{"target": -2.4253121716752153, "params": {"max_depth": 14.591441131987011, "n_estimators": 66.87011566316025}, "datetime": {"datetime": "2021-09-21 10:47:20", "elapsed": 9.050195, "delta": 0.831001}}
{"target": -2.4415101080836523, "params": {"max_depth": 14.508456784540162, "n_estimators": 64.89626493157569}, "datetime": {"datetime": "2021-09-21 10:47:21", "elapsed": 9.968814, "delta": 0.918619}}
{"target": -2.4507240394692196, "params": {"max_depth": 16.66010999136453, "n_estimators": 66.27334665465771}, "datetime": {"datetime": "2021-09-21 10:47:22", "elapsed": 10.727207, "delta": 0.758393}}
{"target": -2.461407768833202, "params": {"max_depth": 13.18989810457003, "n_estimators": 66.54304589974231}, "datetime": {"datetime": "2021-09-21 10:47:23", "elapsed": 11.590923, "delta": 0.863716}}
{"target": -2.4549766203397967, "params": {"max_depth": 15.219025196606685, "n_estimators": 67.60620715919481}, "datetime": {"datetime": "2021-09-21 10:47:23", "elapsed": 12.405919, "delta": 0.814996}}
{"target": -2.4525500300578638, "params": {"max_depth": 15.296913328847335, "n_estimators": 66.10878083776468}, "datetime": {"datetime": "2021-09-21 10:47:24", "elapsed": 13.37079, "delta": 0.964871}}
{"target": -2.4253121716752153, "params": {"max_depth": 14.287007113240602, "n_estimators": 66.2015100054038}, "datetime": {"datetime": "2021-09-21 10:47:25", "elapsed": 14.246784, "delta": 0.875994}}
{"target": -2.4616659441989426, "params": {"max_depth": 13.964155694528575, "n_estimators": 67.6554560653869}, "datetime": {"datetime": "2021-09-21 10:47:26", "elapsed": 14.88942, "delta": 0.642636}}
{"target": -2.4723203341507904, "params": {"max_depth": 13.346602394292013, "n_estimators": 64.95554481275838}, "datetime": {"datetime": "2021-09-21 10:47:27", "elapsed": 15.62551, "delta": 0.73609}}
{"target": -2.4582775049555052, "params": {"max_depth": 15.331376361544265, "n_estimators": 64.05046605139675}, "datetime": {"datetime": "2021-09-21 10:47:27", "elapsed": 16.332513, "delta": 0.707003}}
{"target": -2.4253121716752153, "params": {"max_depth": 14.138190231070954, "n_estimators": 66.83497992756422}, "datetime": {"datetime": "2021-09-21 10:47:28", "elapsed": 16.979727, "delta": 0.647214}}
{"target": -2.4436526951707624, "params": {"max_depth": 17.921032182885654, "n_estimators": 67.28647254406576}, "datetime": {"datetime": "2021-09-21 10:47:29", "elapsed": 17.784346, "delta": 0.804619}}
{"target": -2.4460181222286486, "params": {"max_depth": 17.987176650889943, "n_estimators": 65.5416080228847}, "datetime": {"datetime": "2021-09-21 10:47:29", "elapsed": 18.324348, "delta": 0.540002}}
{"target": -2.4505700759836095, "params": {"max_depth": 17.989828750330876, "n_estimators": 63.38856654051182}, "datetime": {"datetime": "2021-09-21 10:47:30", "elapsed": 19.138994, "delta": 0.814646}}
{"target": -2.4534285895899166, "params": {"max_depth": 17.988239281270992, "n_estimators": 69.01325909471466}, "datetime": {"datetime": "2021-09-21 10:47:31", "elapsed": 19.923619, "delta": 0.784625}}
{"target": -2.4451854020296646, "params": {"max_depth": 17.43078521547642, "n_estimators": 61.38709240821953}, "datetime": {"datetime": "2021-09-21 10:47:32", "elapsed": 20.825954, "delta": 0.902335}}
{"target": -2.4574927857973132, "params": {"max_depth": 18.0, "n_estimators": 59.92502092271995}, "datetime": {"datetime": "2021-09-21 10:47:33", "elapsed": 21.665571, "delta": 0.839617}}
{"target": -2.456238546840207, "params": {"max_depth": 15.92643033956788, "n_estimators": 61.365032876439834}, "datetime": {"datetime": "2021-09-21 10:47:33", "elapsed": 22.356562, "delta": 0.690991}}
{"target": -2.4616451024899972, "params": {"max_depth": 15.10872522089636, "n_estimators": 58.550777314383225}, "datetime": {"datetime": "2021-09-21 10:47:34", "elapsed": 22.976558, "delta": 0.619996}}
{"target": -2.515051450744791, "params": {"max_depth": 13.82035353278954, "n_estimators": 289.1246995629189}, "datetime": {"datetime": "2021-09-21 10:47:37", "elapsed": 26.318906, "delta": 3.342348}}
{"target": -2.4958193676470715, "params": {"max_depth": 16.75998540780885, "n_estimators": 251.75123622719798}, "datetime": {"datetime": "2021-09-21 10:47:40", "elapsed": 28.541596, "delta": 2.22269}}
{"target": -2.4836858575879686, "params": {"max_depth": 14.841754224155423, "n_estimators": 209.7352940825927}, "datetime": {"datetime": "2021-09-21 10:47:42", "elapsed": 31.117112, "delta": 2.575516}}
{"target": -2.4585447885447884, "params": {"max_depth": 17.89973876081402, "n_estimators": 55.665694890838594}, "datetime": {"datetime": "2021-09-21 10:47:43", "elapsed": 32.045101, "delta": 0.927989}}
{"target": -2.4860937297417673, "params": {"max_depth": 15.697931563988718, "n_estimators": 53.918418293986925}, "datetime": {"datetime": "2021-09-21 10:47:44", "elapsed": 32.864512, "delta": 0.819411}}
{"target": -2.487102973919503, "params": {"max_depth": 13.440036626422843, "n_estimators": 102.27994311806495}, "datetime": {"datetime": "2021-09-21 10:47:45", "elapsed": 34.316908, "delta": 1.452396}}
{"target": -2.4859919516962363, "params": {"max_depth": 15.175509819977492, "n_estimators": 163.27205534400338}, "datetime": {"datetime": "2021-09-21 10:47:47", "elapsed": 36.273582, "delta": 1.956674}}
{"target": -2.4548766743202437, "params": {"max_depth": 18.0, "n_estimators": 71.72335097683478}, "datetime": {"datetime": "2021-09-21 10:47:48", "elapsed": 37.301663, "delta": 1.028081}}
{"target": -2.4620509535825867, "params": {"max_depth": 17.876290963007975, "n_estimators": 73.99017197223293}, "datetime": {"datetime": "2021-09-21 10:47:49", "elapsed": 38.377959, "delta": 1.076296}}
{"target": -2.47008604561877, "params": {"max_depth": 17.890093019250077, "n_estimators": 77.80925426340039}, "datetime": {"datetime": "2021-09-21 10:47:50", "elapsed": 39.458401, "delta": 1.080442}}
{"target": -2.459206660012225, "params": {"max_depth": 16.828671702095196, "n_estimators": 62.69339841508213}, "datetime": {"datetime": "2021-09-21 10:47:51", "elapsed": 40.327541, "delta": 0.86914}}
{"target": -2.4812160666253864, "params": {"max_depth": 13.062149191925847, "n_estimators": 60.464201247611534}, "datetime": {"datetime": "2021-09-21 10:47:52", "elapsed": 41.306536, "delta": 0.978995}}
{"target": -2.4531526352994497, "params": {"max_depth": 17.693942826574553, "n_estimators": 57.638013059715895}, "datetime": {"datetime": "2021-09-21 10:47:53", "elapsed": 42.268537, "delta": 0.962001}}
{"target": -2.4940387818863234, "params": {"max_depth": 17.767096245284165, "n_estimators": 270.3634085095233}, "datetime": {"datetime": "2021-09-21 10:47:56", "elapsed": 45.281658, "delta": 3.013121}}
{"target": -2.4757686293773666, "params": {"max_depth": 17.844375677455915, "n_estimators": 149.86592633845956}, "datetime": {"datetime": "2021-09-21 10:47:58", "elapsed": 47.196975, "delta": 1.915317}}
{"target": -2.488999444307397, "params": {"max_depth": 13.36423477501223, "n_estimators": 89.23998549289442}, "datetime": {"datetime": "2021-09-21 10:47:59", "elapsed": 48.397595, "delta": 1.20062}}
{"target": -2.481021356256065, "params": {"max_depth": 17.81746664859204, "n_estimators": 197.3370865039032}, "datetime": {"datetime": "2021-09-21 10:48:02", "elapsed": 50.896177, "delta": 2.498582}}
{"target": -2.464522922874855, "params": {"max_depth": 16.177330135867162, "n_estimators": 56.855810854755724}, "datetime": {"datetime": "2021-09-21 10:48:03", "elapsed": 51.810538, "delta": 0.914361}}
{"target": -2.4714205724863034, "params": {"max_depth": 17.856546833176136, "n_estimators": 113.85998815287594}, "datetime": {"datetime": "2021-09-21 10:48:04", "elapsed": 53.401769, "delta": 1.591231}}
{"target": -2.45241197603645, "params": {"max_depth": 16.920769907675528, "n_estimators": 67.78305401660937}, "datetime": {"datetime": "2021-09-21 10:48:05", "elapsed": 54.41677, "delta": 1.015001}}
{"target": -2.497073907603648, "params": {"max_depth": 17.970263756453747, "n_estimators": 299.83992798966}, "datetime": {"datetime": "2021-09-21 10:48:09", "elapsed": 57.792976, "delta": 3.376206}}
{"target": -2.5139427583243568, "params": {"max_depth": 13.005028391853534, "n_estimators": 241.0568980650192}, "datetime": {"datetime": "2021-09-21 10:48:12", "elapsed": 60.814216, "delta": 3.02124}}
{"target": -2.4878296105320135, "params": {"max_depth": 17.91015436278186, "n_estimators": 174.02890284370994}, "datetime": {"datetime": "2021-09-21 10:48:14", "elapsed": 63.23417, "delta": 2.419954}}
{"target": -2.4783804855456233, "params": {"max_depth": 17.965598565743385, "n_estimators": 219.9685113601586}, "datetime": {"datetime": "2021-09-21 10:48:17", "elapsed": 65.550612, "delta": 2.316442}}
{"target": -2.509878248434839, "params": {"max_depth": 13.316810269574717, "n_estimators": 261.16115756028375}, "datetime": {"datetime": "2021-09-21 10:48:20", "elapsed": 68.575353, "delta": 3.024741}}
{"target": -2.511190856316412, "params": {"max_depth": 13.038086779947871, "n_estimators": 279.1625899097776}, "datetime": {"datetime": "2021-09-21 10:48:23", "elapsed": 71.658257, "delta": 3.082904}}
{"target": -2.5063944830854132, "params": {"max_depth": 13.030627038720146, "n_estimators": 155.6088242754983}, "datetime": {"datetime": "2021-09-21 10:48:25", "elapsed": 73.635911, "delta": 1.977654}}
{"target": -2.488597920700178, "params": {"max_depth": 13.400627748081623, "n_estimators": 81.12735556948002}, "datetime": {"datetime": "2021-09-21 10:48:26", "elapsed": 74.988722, "delta": 1.352811}}
{"target": -2.4965983584636064, "params": {"max_depth": 13.102425987970046, "n_estimators": 116.99913410577422}, "datetime": {"datetime": "2021-09-21 10:48:28", "elapsed": 76.781384, "delta": 1.792662}}
{"target": -2.50338390013741, "params": {"max_depth": 13.04162398089285, "n_estimators": 144.81703902068162}, "datetime": {"datetime": "2021-09-21 10:48:30", "elapsed": 78.773715, "delta": 1.992331}}
{"target": -2.4662023252502343, "params": {"max_depth": 16.454637117954462, "n_estimators": 59.71915554143814}, "datetime": {"datetime": "2021-09-21 10:48:31", "elapsed": 79.901369, "delta": 1.127654}}
{"target": -2.4710106230473547, "params": {"max_depth": 17.845199411259454, "n_estimators": 108.97433819761446}, "datetime": {"datetime": "2021-09-21 10:48:33", "elapsed": 81.537753, "delta": 1.636384}}
{"target": -2.4692506055809376, "params": {"max_depth": 17.990564165495126, "n_estimators": 95.7640437928728}, "datetime": {"datetime": "2021-09-21 10:48:34", "elapsed": 83.040516, "delta": 1.502763}}
{"target": -2.4511387234465034, "params": {"max_depth": 14.08386563722195, "n_estimators": 95.61944129534157}, "datetime": {"datetime": "2021-09-21 10:48:35", "elapsed": 84.325471, "delta": 1.284955}}
{"target": -2.4821765259172666, "params": {"max_depth": 13.051737362731139, "n_estimators": 97.29934160683827}, "datetime": {"datetime": "2021-09-21 10:48:37", "elapsed": 85.61061, "delta": 1.285139}}
{"target": -2.4832757976659785, "params": {"max_depth": 15.0654334376229, "n_estimators": 94.4237540348037}, "datetime": {"datetime": "2021-09-21 10:48:38", "elapsed": 87.076489, "delta": 1.465879}}
{"target": -2.47360695111898, "params": {"max_depth": 16.269163732005556, "n_estimators": 72.18495359978533}, "datetime": {"datetime": "2021-09-21 10:48:39", "elapsed": 88.343708, "delta": 1.267219}}
{"target": -2.476283597424421, "params": {"max_depth": 15.528841162455207, "n_estimators": 96.92882207352517}, "datetime": {"datetime": "2021-09-21 10:48:41", "elapsed": 89.785621, "delta": 1.441913}}
{"target": -2.4470352639411024, "params": {"max_depth": 17.018831019931394, "n_estimators": 64.61802498423842}, "datetime": {"datetime": "2021-09-21 10:48:42", "elapsed": 91.033847, "delta": 1.248226}}
{"target": -2.4253121716752153, "params": {"max_depth": 14.392388427037, "n_estimators": 66.56039484326304}, "datetime": {"datetime": "2021-09-21 10:48:43", "elapsed": 92.126082, "delta": 1.092235}}
{"target": -2.4879245309437414, "params": {"max_depth": 13.068585616751312, "n_estimators": 94.73891809015917}, "datetime": {"datetime": "2021-09-21 10:48:44", "elapsed": 93.349539, "delta": 1.223457}}
{"target": -2.485228707866981, "params": {"max_depth": 13.103954967546928, "n_estimators": 57.26203150303464}, "datetime": {"datetime": "2021-09-21 10:48:45", "elapsed": 94.463109, "delta": 1.11357}}
{"target": -2.5028416814454633, "params": {"max_depth": 13.015604930762352, "n_estimators": 202.2516729814173}, "datetime": {"datetime": "2021-09-21 10:48:48", "elapsed": 97.06882, "delta": 2.605711}}
{"target": -2.4908464788416183, "params": {"max_depth": 13.518137014771245, "n_estimators": 109.55111301835697}, "datetime": {"datetime": "2021-09-21 10:48:50", "elapsed": 98.680126, "delta": 1.611306}}
{"target": -2.451177544103766, "params": {"max_depth": 18.0, "n_estimators": 70.39772276051417}, "datetime": {"datetime": "2021-09-21 10:48:51", "elapsed": 99.856437, "delta": 1.176311}}
{"target": -2.5015530409368947, "params": {"max_depth": 13.062926664419237, "n_estimators": 192.3271666871715}, "datetime": {"datetime": "2021-09-21 10:48:53", "elapsed": 102.210085, "delta": 2.353648}}
{"target": -2.4767871509355404, "params": {"max_depth": 16.197326236550225, "n_estimators": 75.75222494257038}, "datetime": {"datetime": "2021-09-21 10:48:54", "elapsed": 103.4241, "delta": 1.214015}}
{"target": -2.502298014629757, "params": {"max_depth": 13.0101772417562, "n_estimators": 223.2488508066465}, "datetime": {"datetime": "2021-09-21 10:48:57", "elapsed": 106.425064, "delta": 3.000964}}
{"target": -2.4801947166660026, "params": {"max_depth": 18.0, "n_estimators": 130.18140240167216}, "datetime": {"datetime": "2021-09-21 10:49:00", "elapsed": 108.497538, "delta": 2.072474}}
{"target": -2.5068082302647228, "params": {"max_depth": 13.266907874491041, "n_estimators": 169.44516813268763}, "datetime": {"datetime": "2021-09-21 10:49:02", "elapsed": 110.785277, "delta": 2.287739}}
{"target": -2.477446871737284, "params": {"max_depth": 18.0, "n_estimators": 105.49075869269578}, "datetime": {"datetime": "2021-09-21 10:49:04", "elapsed": 112.764307, "delta": 1.97903}}
{"target": -2.493239652757377, "params": {"max_depth": 17.965802094851128, "n_estimators": 235.78485650083252}, "datetime": {"datetime": "2021-09-21 10:49:07", "elapsed": 115.58735, "delta": 2.823043}}
{"target": -2.4956199489288164, "params": {"max_depth": 13.03833637896142, "n_estimators": 216.0425376416927}, "datetime": {"datetime": "2021-09-21 10:49:09", "elapsed": 118.229803, "delta": 2.642453}}
{"target": -2.430957523424876, "params": {"max_depth": 14.21912322740699, "n_estimators": 65.70355813194183}, "datetime": {"datetime": "2021-09-21 10:49:11", "elapsed": 119.594376, "delta": 1.364573}}
{"target": -2.5052483894285658, "params": {"max_depth": 13.020114339715263, "n_estimators": 178.72208084224528}, "datetime": {"datetime": "2021-09-21 10:49:13", "elapsed": 121.786449, "delta": 2.192073}}
{"target": -2.4679447457251356, "params": {"max_depth": 17.94273033193488, "n_estimators": 121.72183676081102}, "datetime": {"datetime": "2021-09-21 10:49:15", "elapsed": 123.647711, "delta": 1.861262}}
{"target": -2.4702835877588845, "params": {"max_depth": 17.877892199250986, "n_estimators": 118.76202283574138}, "datetime": {"datetime": "2021-09-21 10:49:16", "elapsed": 125.339788, "delta": 1.692077}}
{"target": -2.4705310782776264, "params": {"max_depth": 17.74501956041584, "n_estimators": 124.58561683531597}, "datetime": {"datetime": "2021-09-21 10:49:19", "elapsed": 127.584726, "delta": 2.244938}}
{"target": -2.47544188976658, "params": {"max_depth": 18.0, "n_estimators": 85.15237323736646}, "datetime": {"datetime": "2021-09-21 10:49:20", "elapsed": 128.832784, "delta": 1.248058}}
{"target": -2.4746189738255238, "params": {"max_depth": 15.275435775220803, "n_estimators": 121.32437368876299}, "datetime": {"datetime": "2021-09-21 10:49:22", "elapsed": 130.771964, "delta": 1.93918}}
{"target": -2.4901969796187786, "params": {"max_depth": 17.999952432012808, "n_estimators": 283.7460690949789}, "datetime": {"datetime": "2021-09-21 10:49:25", "elapsed": 134.350013, "delta": 3.578049}}
{"target": -2.4911276360374113, "params": {"max_depth": 18.0, "n_estimators": 245.4819564992774}, "datetime": {"datetime": "2021-09-21 10:49:28", "elapsed": 137.401811, "delta": 3.051798}}
{"target": -2.5157413818931325, "params": {"max_depth": 13.15825133362919, "n_estimators": 296.22589044428656}, "datetime": {"datetime": "2021-09-21 10:49:32", "elapsed": 141.345924, "delta": 3.944113}}
{"target": -2.4776076657717283, "params": {"max_depth": 18.0, "n_estimators": 80.84992263923571}, "datetime": {"datetime": "2021-09-21 10:49:34", "elapsed": 142.875401, "delta": 1.529477}}
{"target": -2.483149850752156, "params": {"max_depth": 18.0, "n_estimators": 141.21188663849256}, "datetime": {"datetime": "2021-09-21 10:49:36", "elapsed": 145.016135, "delta": 2.140734}}
{"target": -2.4814653421578177, "params": {"max_depth": 18.0, "n_estimators": 205.25219263899987}, "datetime": {"datetime": "2021-09-21 10:49:39", "elapsed": 148.083076, "delta": 3.066941}}
