{"target": -2.478541839716076, "params": {"max_depth": 18.621901804239194, "n_estimators": 117.75745739388981}, "datetime": {"datetime": "2021-09-20 20:50:28", "elapsed": 5186.970676, "delta": 10.31981}}
{"target": -2.47845686346369, "params": {"max_depth": 19.131395878690416, "n_estimators": 106.75583135896235}, "datetime": {"datetime": "2021-09-20 20:50:41", "elapsed": 5200.585229, "delta": 13.614553}}
{"target": -2.494846691521859, "params": {"max_depth": 17.145320376492602, "n_estimators": 232.36930971780473}, "datetime": {"datetime": "2021-09-20 20:51:01", "elapsed": 5220.17928, "delta": 19.594051}}
{"target": -2.476385041551246, "params": {"max_depth": 24.923914731500965, "n_estimators": 95.07946558399661}, "datetime": {"datetime": "2021-09-20 20:51:10", "elapsed": 5229.514314, "delta": 9.335034}}
{"target": -2.4893878317803235, "params": {"max_depth": 14.640686252328452, "n_estimators": 254.65392738654953}, "datetime": {"datetime": "2021-09-20 20:51:22", "elapsed": 5241.158482, "delta": 11.644168}}
{"target": -2.425469531249584, "params": {"max_depth": 14.590978023676417, "n_estimators": 67.4836544293984}, "datetime": {"datetime": "2021-09-20 20:51:31", "elapsed": 5250.07566, "delta": 8.917178}}
{"target": -2.4457914086687307, "params": {"max_depth": 25.0, "n_estimators": 68.12397417484587}, "datetime": {"datetime": "2021-09-20 20:51:53", "elapsed": 5272.207788, "delta": 22.132128}}
{"target": -2.4885284640171825, "params": {"max_depth": 23.714363551757998, "n_estimators": 245.8652467941602}, "datetime": {"datetime": "2021-09-20 20:52:05", "elapsed": 5284.760443, "delta": 12.552655}}
{"target": -2.5205206843547083, "params": {"max_depth": 11.189198644225097, "n_estimators": 261.0537069295577}, "datetime": {"datetime": "2021-09-20 20:52:29", "elapsed": 5307.937964, "delta": 23.177521}}
{"target": -2.4712349843707644, "params": {"max_depth": 20.779044325687767, "n_estimators": 212.85641421067692}, "datetime": {"datetime": "2021-09-20 20:52:37", "elapsed": 5315.999806, "delta": 8.061842}}
{"target": -2.5229570872325335, "params": {"max_depth": 13.773827570512037, "n_estimators": 53.33557327146748}, "datetime": {"datetime": "2021-09-20 20:52:44", "elapsed": 5323.331188, "delta": 7.331382}}
{"target": -2.4841017206477702, "params": {"max_depth": 23.325661212071385, "n_estimators": 260.99109403898314}, "datetime": {"datetime": "2021-09-20 20:52:57", "elapsed": 5336.741318, "delta": 13.41013}}
{"target": -2.4659854998932262, "params": {"max_depth": 15.011157508850655, "n_estimators": 55.215164160925376}, "datetime": {"datetime": "2021-09-20 20:53:07", "elapsed": 5346.669808, "delta": 9.92849}}
{"target": -2.4695245655617173, "params": {"max_depth": 17.50750390724968, "n_estimators": 51.645055669399305}, "datetime": {"datetime": "2021-09-20 20:53:28", "elapsed": 5367.119265, "delta": 20.449457}}
{"target": -2.47831309041835, "params": {"max_depth": 23.441467402234032, "n_estimators": 195.95302352320294}, "datetime": {"datetime": "2021-09-20 20:53:41", "elapsed": 5380.582912, "delta": 13.463647}}
{"target": -2.49411169224662, "params": {"max_depth": 13.6918633676969, "n_estimators": 55.325435858790904}, "datetime": {"datetime": "2021-09-20 20:53:53", "elapsed": 5392.413618, "delta": 11.830706}}
{"target": -2.461309510912259, "params": {"max_depth": 15.287264949464568, "n_estimators": 56.99102278065984}, "datetime": {"datetime": "2021-09-20 20:54:08", "elapsed": 5407.673773, "delta": 15.260155}}
{"target": -2.5404635389580634, "params": {"max_depth": 8.353145120248872, "n_estimators": 80.36161747288048}, "datetime": {"datetime": "2021-09-20 20:54:19", "elapsed": 5418.571566, "delta": 10.897793}}
{"target": -2.4985232273796103, "params": {"max_depth": 12.495881386987401, "n_estimators": 124.76230036359516}, "datetime": {"datetime": "2021-09-20 20:54:29", "elapsed": 5428.385248, "delta": 9.813682}}
{"target": -2.6140789473684207, "params": {"max_depth": 22.594337249542548, "n_estimators": 10.695227051534298}, "datetime": {"datetime": "2021-09-20 20:54:46", "elapsed": 5445.171635, "delta": 16.786387}}
{"target": -2.488031914893614, "params": {"max_depth": 23.456308995264116, "n_estimators": 282.0433952887423}, "datetime": {"datetime": "2021-09-20 20:55:02", "elapsed": 5461.115898, "delta": 15.944263}}
{"target": -2.4535840144869754, "params": {"max_depth": 18.810767831308482, "n_estimators": 60.491414948292174}, "datetime": {"datetime": "2021-09-20 20:55:18", "elapsed": 5477.453733, "delta": 16.337835}}
{"target": -2.533091069447066, "params": {"max_depth": 12.098626534088172, "n_estimators": 49.98123802875983}, "datetime": {"datetime": "2021-09-20 20:55:26", "elapsed": 5485.351567, "delta": 7.897834}}
{"target": -2.479229192492276, "params": {"max_depth": 16.41094211637988, "n_estimators": 32.149348569226035}, "datetime": {"datetime": "2021-09-20 20:55:40", "elapsed": 5499.382606, "delta": 14.031039}}
{"target": -2.4796151563118314, "params": {"max_depth": 24.994711159455782, "n_estimators": 133.2571314929864}, "datetime": {"datetime": "2021-09-20 20:55:59", "elapsed": 5518.604863, "delta": 19.222257}}
{"target": -2.486342972417228, "params": {"max_depth": 22.476872878393365, "n_estimators": 181.33201055492222}, "datetime": {"datetime": "2021-09-20 20:56:14", "elapsed": 5532.785182, "delta": 14.180319}}
{"target": -2.486695738377075, "params": {"max_depth": 20.59643304011971, "n_estimators": 173.63501317696037}, "datetime": {"datetime": "2021-09-20 20:56:22", "elapsed": 5540.854603, "delta": 8.069421}}
{"target": -2.518790271340105, "params": {"max_depth": 10.288862276243393, "n_estimators": 229.77848842712524}, "datetime": {"datetime": "2021-09-20 20:56:38", "elapsed": 5557.71408, "delta": 16.859477}}
{"target": -2.495115019692085, "params": {"max_depth": 25.0, "n_estimators": 294.65480336995483}, "datetime": {"datetime": "2021-09-20 20:56:47", "elapsed": 5566.450181, "delta": 8.736101}}
{"target": -2.485228707866981, "params": {"max_depth": 13.685837583553532, "n_estimators": 57.34955001138122}, "datetime": {"datetime": "2021-09-20 20:56:58", "elapsed": 5576.939698, "delta": 10.489517}}
{"target": -2.4820033955857386, "params": {"max_depth": 24.954527447411785, "n_estimators": 31.79784437126784}, "datetime": {"datetime": "2021-09-20 20:57:05", "elapsed": 5584.370917, "delta": 7.431219}}
{"target": -2.544869569180098, "params": {"max_depth": 9.769325734177512, "n_estimators": 55.73949310824109}, "datetime": {"datetime": "2021-09-20 20:57:15", "elapsed": 5594.105148, "delta": 9.734231}}
{"target": -2.48382012129088, "params": {"max_depth": 19.219552394589236, "n_estimators": 135.01202251951634}, "datetime": {"datetime": "2021-09-20 20:57:27", "elapsed": 5606.018082, "delta": 11.912934}}
{"target": -2.4455565142364106, "params": {"max_depth": 24.834912325282545, "n_estimators": 61.38562504870681}, "datetime": {"datetime": "2021-09-20 20:57:51", "elapsed": 5630.018476, "delta": 24.000394}}
{"target": -2.5161541370012976, "params": {"max_depth": 12.19744518359873, "n_estimators": 169.61362346505743}, "datetime": {"datetime": "2021-09-20 20:58:07", "elapsed": 5646.231696, "delta": 16.21322}}
{"target": -2.4798915731031586, "params": {"max_depth": 21.33066898825561, "n_estimators": 223.59381357173686}, "datetime": {"datetime": "2021-09-20 20:58:20", "elapsed": 5658.851915, "delta": 12.620219}}
{"target": -2.4768693066801584, "params": {"max_depth": 24.884129044812276, "n_estimators": 208.34065181179983}, "datetime": {"datetime": "2021-09-20 20:58:32", "elapsed": 5671.65004, "delta": 12.798125}}
{"target": -2.4832757976659785, "params": {"max_depth": 15.153011871039974, "n_estimators": 94.98982548819666}, "datetime": {"datetime": "2021-09-20 20:58:40", "elapsed": 5679.634972, "delta": 7.984932}}
{"target": -2.484747970784223, "params": {"max_depth": 13.365337500744252, "n_estimators": 95.26254228371943}, "datetime": {"datetime": "2021-09-20 20:58:51", "elapsed": 5689.906778, "delta": 10.271806}}
{"target": -2.466132247284879, "params": {"max_depth": 21.66903490798073, "n_estimators": 75.31737824113056}, "datetime": {"datetime": "2021-09-20 20:59:18", "elapsed": 5717.735495, "delta": 27.828717}}
{"target": -2.478930198956168, "params": {"max_depth": 18.380779013093875, "n_estimators": 95.34725926677378}, "datetime": {"datetime": "2021-09-20 20:59:29", "elapsed": 5728.323056, "delta": 10.587561}}
{"target": -2.4769891660496133, "params": {"max_depth": 13.81990257456269, "n_estimators": 93.21133411346972}, "datetime": {"datetime": "2021-09-20 20:59:49", "elapsed": 5747.972577, "delta": 19.649521}}
{"target": -2.481415847135578, "params": {"max_depth": 15.245190276068898, "n_estimators": 105.63620593009482}, "datetime": {"datetime": "2021-09-20 21:00:02", "elapsed": 5761.193959, "delta": 13.221382}}
{"target": -2.5232750924958034, "params": {"max_depth": 11.71916156587728, "n_estimators": 103.64562820683257}, "datetime": {"datetime": "2021-09-20 21:00:19", "elapsed": 5778.610766, "delta": 17.416807}}
{"target": -2.477760698475159, "params": {"max_depth": 24.894123453701052, "n_estimators": 107.76830083717758}, "datetime": {"datetime": "2021-09-20 21:00:27", "elapsed": 5786.619176, "delta": 8.00841}}
{"target": -2.495337181757654, "params": {"max_depth": 13.990460436892526, "n_estimators": 108.35968442330795}, "datetime": {"datetime": "2021-09-20 21:00:39", "elapsed": 5798.064505, "delta": 11.445329}}
{"target": -2.4956115467941884, "params": {"max_depth": 11.461401802454636, "n_estimators": 66.4353640809803}, "datetime": {"datetime": "2021-09-20 21:00:51", "elapsed": 5810.288144, "delta": 12.223639}}
{"target": -2.4846718549422318, "params": {"max_depth": 23.15998963374978, "n_estimators": 164.41491849246597}, "datetime": {"datetime": "2021-09-20 21:01:13", "elapsed": 5832.467565, "delta": 22.179421}}
{"target": -2.485560047134879, "params": {"max_depth": 20.84608748778794, "n_estimators": 252.6090211508724}, "datetime": {"datetime": "2021-09-20 21:01:22", "elapsed": 5841.277372, "delta": 8.809807}}
{"target": -2.5142281173258287, "params": {"max_depth": 13.574339141394361, "n_estimators": 287.3083232948073}, "datetime": {"datetime": "2021-09-20 21:01:38", "elapsed": 5856.949875, "delta": 15.672503}}
{"target": -2.478153296029775, "params": {"max_depth": 17.235850131255845, "n_estimators": 152.38239733995297}, "datetime": {"datetime": "2021-09-20 21:01:46", "elapsed": 5864.868405, "delta": 7.91853}}
{"target": -2.488999444307397, "params": {"max_depth": 13.400705010139346, "n_estimators": 89.50747449648861}, "datetime": {"datetime": "2021-09-20 21:01:53", "elapsed": 5872.601232, "delta": 7.732827}}
{"target": -2.492418129671926, "params": {"max_depth": 13.25828876938863, "n_estimators": 110.83974241770933}, "datetime": {"datetime": "2021-09-20 21:02:01", "elapsed": 5880.16448, "delta": 7.563248}}
{"target": -2.5231884201310995, "params": {"max_depth": 10.33128816525856, "n_estimators": 240.7679382132527}, "datetime": {"datetime": "2021-09-20 21:02:23", "elapsed": 5902.684817, "delta": 22.520337}}
{"target": -2.4837500914706654, "params": {"max_depth": 15.827693325642269, "n_estimators": 112.02146616718903}, "datetime": {"datetime": "2021-09-20 21:02:39", "elapsed": 5918.06807, "delta": 15.383253}}
{"target": -2.4890204368000393, "params": {"max_depth": 20.332288408767315, "n_estimators": 273.566073696438}, "datetime": {"datetime": "2021-09-20 21:02:50", "elapsed": 5929.454492, "delta": 11.386422}}
{"target": -2.482677599170339, "params": {"max_depth": 22.094023711687157, "n_estimators": 29.410692933276707}, "datetime": {"datetime": "2021-09-20 21:03:08", "elapsed": 5947.398881, "delta": 17.944389}}
{"target": -2.4755718295739335, "params": {"max_depth": 21.69774647665294, "n_estimators": 125.31794965507193}, "datetime": {"datetime": "2021-09-20 21:03:18", "elapsed": 5957.159896, "delta": 9.761015}}
{"target": -2.507656676278172, "params": {"max_depth": 12.053993151984642, "n_estimators": 155.31793666755908}, "datetime": {"datetime": "2021-09-20 21:03:28", "elapsed": 5967.159811, "delta": 9.999915}}
{"target": -2.4811541184800525, "params": {"max_depth": 25.0, "n_estimators": 223.6068036626866}, "datetime": {"datetime": "2021-09-20 21:03:40", "elapsed": 5979.250483, "delta": 12.090672}}
{"target": -2.4754132928475037, "params": {"max_depth": 24.904592824524844, "n_estimators": 78.75499873779569}, "datetime": {"datetime": "2021-09-20 21:03:56", "elapsed": 5995.247724, "delta": 15.997241}}
{"target": -2.4453767691287034, "params": {"max_depth": 21.14230446019741, "n_estimators": 68.01686245888781}, "datetime": {"datetime": "2021-09-20 21:04:11", "elapsed": 6010.071127, "delta": 14.823403}}
{"target": -2.4253121716752153, "params": {"max_depth": 14.777724581620861, "n_estimators": 66.76658277473365}, "datetime": {"datetime": "2021-09-20 21:04:25", "elapsed": 6024.11101, "delta": 14.039883}}
{"target": -2.4985400684040884, "params": {"max_depth": 13.940816656124746, "n_estimators": 193.05595038024404}, "datetime": {"datetime": "2021-09-20 21:04:38", "elapsed": 6037.365191, "delta": 13.254181}}
{"target": -2.485398863926281, "params": {"max_depth": 21.978523614690506, "n_estimators": 167.88833558358382}, "datetime": {"datetime": "2021-09-20 21:04:54", "elapsed": 6053.695118, "delta": 16.329927}}
{"target": -2.497600301751077, "params": {"max_depth": 13.796995495644412, "n_estimators": 113.43156130797378}, "datetime": {"datetime": "2021-09-20 21:05:06", "elapsed": 6065.171241, "delta": 11.476123}}
{"target": -2.425469531249584, "params": {"max_depth": 14.612861990275817, "n_estimators": 67.23859492672455}, "datetime": {"datetime": "2021-09-20 21:05:16", "elapsed": 6075.430397, "delta": 10.259156}}
{"target": -2.4835764109067817, "params": {"max_depth": 25.0, "n_estimators": 249.31157915416756}, "datetime": {"datetime": "2021-09-20 21:05:31", "elapsed": 6090.415859, "delta": 14.985462}}
{"target": -2.4523155950220388, "params": {"max_depth": 21.955793477085518, "n_estimators": 58.643521446223474}, "datetime": {"datetime": "2021-09-20 21:05:41", "elapsed": 6100.533426, "delta": 10.117567}}
{"target": -2.4911129839060426, "params": {"max_depth": 25.0, "n_estimators": 242.436713482479}, "datetime": {"datetime": "2021-09-20 21:05:58", "elapsed": 6117.110518, "delta": 16.577092}}
{"target": -2.4763150025021594, "params": {"max_depth": 15.681868650451664, "n_estimators": 75.43916199361828}, "datetime": {"datetime": "2021-09-20 21:06:10", "elapsed": 6129.328199, "delta": 12.217681}}
{"target": -2.476551475222566, "params": {"max_depth": 15.023995584021403, "n_estimators": 218.3189906280348}, "datetime": {"datetime": "2021-09-20 21:06:22", "elapsed": 6140.913213, "delta": 11.585014}}
{"target": -2.496223380386754, "params": {"max_depth": 16.30788630789388, "n_estimators": 50.33660763731217}, "datetime": {"datetime": "2021-09-20 21:06:30", "elapsed": 6149.055014, "delta": 8.141801}}
{"target": -2.491964410478921, "params": {"max_depth": 18.637926921619886, "n_estimators": 236.17509331518863}, "datetime": {"datetime": "2021-09-20 21:06:49", "elapsed": 6167.809088, "delta": 18.754074}}
{"target": -2.4959023267552127, "params": {"max_depth": 10.934981057500766, "n_estimators": 62.59548516236503}, "datetime": {"datetime": "2021-09-20 21:06:58", "elapsed": 6177.087634, "delta": 9.278546}}
{"target": -2.475403979287003, "params": {"max_depth": 20.48249712753627, "n_estimators": 193.76338932263235}, "datetime": {"datetime": "2021-09-20 21:07:17", "elapsed": 6195.933538, "delta": 18.845904}}
{"target": -2.4822520837408546, "params": {"max_depth": 16.042171941604767, "n_estimators": 96.57721932232413}, "datetime": {"datetime": "2021-09-20 21:07:34", "elapsed": 6212.929373, "delta": 16.995835}}
{"target": -2.4755519210608212, "params": {"max_depth": 19.28943945257518, "n_estimators": 102.88970397682851}, "datetime": {"datetime": "2021-09-20 21:07:47", "elapsed": 6226.407372, "delta": 13.477999}}
{"target": -2.472080592105263, "params": {"max_depth": 24.195875141241274, "n_estimators": 48.9848118007926}, "datetime": {"datetime": "2021-09-20 21:08:07", "elapsed": 6245.823498, "delta": 19.416126}}
{"target": -2.447472685620301, "params": {"max_depth": 21.40349155177667, "n_estimators": 64.47952715749312}, "datetime": {"datetime": "2021-09-20 21:08:29", "elapsed": 6268.663695, "delta": 22.840197}}
{"target": -2.477514865595359, "params": {"max_depth": 19.8875026276283, "n_estimators": 119.99189775469125}, "datetime": {"datetime": "2021-09-20 21:08:45", "elapsed": 6284.000602, "delta": 15.336907}}
{"target": -2.502036449058205, "params": {"max_depth": 10.726845956832177, "n_estimators": 121.55280654095436}, "datetime": {"datetime": "2021-09-20 21:09:02", "elapsed": 6301.375927, "delta": 17.375325}}
{"target": -2.455150252569471, "params": {"max_depth": 14.754448212992498, "n_estimators": 110.76466192039146}, "datetime": {"datetime": "2021-09-20 21:09:15", "elapsed": 6313.909839, "delta": 12.533912}}
{"target": -2.5105548460708, "params": {"max_depth": 12.139050287429843, "n_estimators": 132.53739931353363}, "datetime": {"datetime": "2021-09-20 21:09:32", "elapsed": 6331.431009, "delta": 17.52117}}
{"target": -2.4973191337667244, "params": {"max_depth": 18.74854843702961, "n_estimators": 299.99210411879557}, "datetime": {"datetime": "2021-09-20 21:09:43", "elapsed": 6342.127806, "delta": 10.696797}}
{"target": -2.448234649122807, "params": {"max_depth": 23.91604221877017, "n_estimators": 60.712825132125445}, "datetime": {"datetime": "2021-09-20 21:09:56", "elapsed": 6355.025308, "delta": 12.897502}}
{"target": -2.481721194879089, "params": {"max_depth": 23.629354997833435, "n_estimators": 37.090996843915775}, "datetime": {"datetime": "2021-09-20 21:10:04", "elapsed": 6362.975231, "delta": 7.949923}}
{"target": -2.425469531249584, "params": {"max_depth": 14.734847695074205, "n_estimators": 67.94506773939543}, "datetime": {"datetime": "2021-09-20 21:10:11", "elapsed": 6370.670019, "delta": 7.694788}}
{"target": -2.425469531249584, "params": {"max_depth": 14.751557620985299, "n_estimators": 67.10469137135244}, "datetime": {"datetime": "2021-09-20 21:10:26", "elapsed": 6385.729406, "delta": 15.059387}}
{"target": -2.508028309860398, "params": {"max_depth": 12.06938777816684, "n_estimators": 128.4080428212526}, "datetime": {"datetime": "2021-09-20 21:10:39", "elapsed": 6397.970476, "delta": 12.24107}}
{"target": -2.4403750854408752, "params": {"max_depth": 22.54081673310168, "n_estimators": 66.44705608691763}, "datetime": {"datetime": "2021-09-20 21:10:48", "elapsed": 6407.547978, "delta": 9.577502}}
{"target": -2.4253121716752153, "params": {"max_depth": 14.915243297474543, "n_estimators": 66.71640370494964}, "datetime": {"datetime": "2021-09-20 21:11:07", "elapsed": 6426.019971, "delta": 18.471993}}
{"target": -2.4253121716752153, "params": {"max_depth": 14.828608214519775, "n_estimators": 66.14636417684339}, "datetime": {"datetime": "2021-09-20 21:11:20", "elapsed": 6439.409948, "delta": 13.389977}}
{"target": -2.467353308148674, "params": {"max_depth": 15.623523433508844, "n_estimators": 71.99424207598415}, "datetime": {"datetime": "2021-09-20 21:11:29", "elapsed": 6448.725546, "delta": 9.315598}}
{"target": -2.4548766743202437, "params": {"max_depth": 18.720306079983345, "n_estimators": 71.1138447728896}, "datetime": {"datetime": "2021-09-20 21:11:37", "elapsed": 6456.740891, "delta": 8.015345}}
{"target": -2.4875508947808087, "params": {"max_depth": 21.4700908115944, "n_estimators": 285.3512913594135}, "datetime": {"datetime": "2021-09-20 21:12:04", "elapsed": 6483.421605, "delta": 26.680714}}
{"target": -2.4498914464556076, "params": {"max_depth": 14.392818779087449, "n_estimators": 83.5135459383065}, "datetime": {"datetime": "2021-09-20 21:12:30", "elapsed": 6509.201383, "delta": 25.779778}}
{"target": -2.4468157541029996, "params": {"max_depth": 20.69320201895121, "n_estimators": 62.35952728176654}, "datetime": {"datetime": "2021-09-20 21:12:42", "elapsed": 6520.962191, "delta": 11.760808}}
{"target": -2.483625783208019, "params": {"max_depth": 22.937722113948283, "n_estimators": 150.5458726264268}, "datetime": {"datetime": "2021-09-20 21:12:52", "elapsed": 6530.840664, "delta": 9.878473}}
{"target": -2.451005230467473, "params": {"max_depth": 22.16068713149878, "n_estimators": 69.48520267518371}, "datetime": {"datetime": "2021-09-20 21:13:09", "elapsed": 6547.906072, "delta": 17.065408}}
{"target": -2.459405068463457, "params": {"max_depth": 18.17389862299209, "n_estimators": 72.2909573879738}, "datetime": {"datetime": "2021-09-20 21:13:31", "elapsed": 6569.769517, "delta": 21.863445}}
{"target": -2.4979553389450557, "params": {"max_depth": 16.6112937745198, "n_estimators": 253.6690133464858}, "datetime": {"datetime": "2021-09-20 21:13:45", "elapsed": 6584.26311, "delta": 14.493593}}
{"target": -2.4788023796292795, "params": {"max_depth": 20.72107255421903, "n_estimators": 127.72411826006554}, "datetime": {"datetime": "2021-09-20 21:13:59", "elapsed": 6598.646687, "delta": 14.383577}}
{"target": -2.4599411773481323, "params": {"max_depth": 19.86118108131848, "n_estimators": 70.56157287558877}, "datetime": {"datetime": "2021-09-20 21:14:22", "elapsed": 6621.300876, "delta": 22.654189}}
{"target": -2.4253121716752153, "params": {"max_depth": 14.728645539430344, "n_estimators": 66.72065723320863}, "datetime": {"datetime": "2021-09-20 21:14:35", "elapsed": 6634.562935, "delta": 13.262059}}
{"target": -2.475462875939849, "params": {"max_depth": 21.20002567246791, "n_estimators": 40.006906774756914}, "datetime": {"datetime": "2021-09-20 21:14:48", "elapsed": 6647.660581, "delta": 13.097646}}
{"target": -2.4743083670715236, "params": {"max_depth": 23.954767056872857, "n_estimators": 117.0447640999892}, "datetime": {"datetime": "2021-09-20 21:15:05", "elapsed": 6664.547678, "delta": 16.887097}}
{"target": -2.495155701754384, "params": {"max_depth": 23.216751164599955, "n_estimators": 300.0}, "datetime": {"datetime": "2021-09-20 21:15:22", "elapsed": 6681.567839, "delta": 17.020161}}
