{"target": -11.839699684631103, "params": {"max_depth": 15.127128272039712, "n_estimators": 142.37642915309087}, "datetime": {"datetime": "2021-09-27 17:19:49", "elapsed": 248.375922, "delta": 1.48986}}
{"target": -11.840753172954296, "params": {"max_depth": 21.957578439779766, "n_estimators": 193.15991326101832}, "datetime": {"datetime": "2021-09-27 17:19:51", "elapsed": 250.348114, "delta": 1.972192}}
{"target": -11.84954730821458, "params": {"max_depth": 22.752512746862344, "n_estimators": 158.8807676033711}, "datetime": {"datetime": "2021-09-27 17:19:53", "elapsed": 252.42911, "delta": 2.080996}}
{"target": -11.845573642467668, "params": {"max_depth": 29.967704739845388, "n_estimators": 147.07651971860992}, "datetime": {"datetime": "2021-09-27 17:19:55", "elapsed": 254.089678, "delta": 1.660568}}
{"target": -11.845245970824104, "params": {"max_depth": 27.070266898836127, "n_estimators": 135.77302466518665}, "datetime": {"datetime": "2021-09-27 17:19:56", "elapsed": 255.644862, "delta": 1.555184}}
{"target": -11.853868553514795, "params": {"max_depth": 17.87558687075477, "n_estimators": 179.3117815069914}, "datetime": {"datetime": "2021-09-27 17:19:58", "elapsed": 257.513947, "delta": 1.869085}}
{"target": -11.836720342050796, "params": {"max_depth": 27.611895810715115, "n_estimators": 100.03629410574533}, "datetime": {"datetime": "2021-09-27 17:20:00", "elapsed": 259.165738, "delta": 1.651791}}
{"target": -11.844294618538532, "params": {"max_depth": 23.17550937794953, "n_estimators": 176.10452429329374}, "datetime": {"datetime": "2021-09-27 17:20:01", "elapsed": 260.895287, "delta": 1.729549}}
{"target": -11.937455422068298, "params": {"max_depth": 16.86962744651082, "n_estimators": 184.9098620995514}, "datetime": {"datetime": "2021-09-27 17:20:04", "elapsed": 263.135189, "delta": 2.239902}}
{"target": -11.842527090952156, "params": {"max_depth": 23.80973373741923, "n_estimators": 135.5528677600577}, "datetime": {"datetime": "2021-09-27 17:20:05", "elapsed": 264.832368, "delta": 1.697179}}
{"target": -11.833379307822534, "params": {"max_depth": 17.81099960788702, "n_estimators": 175.559414693861}, "datetime": {"datetime": "2021-09-27 17:20:07", "elapsed": 266.605528, "delta": 1.77316}}
{"target": -11.857766020141328, "params": {"max_depth": 27.28371207142968, "n_estimators": 113.91748972580687}, "datetime": {"datetime": "2021-09-27 17:20:09", "elapsed": 268.078267, "delta": 1.472739}}
{"target": -11.851721249340786, "params": {"max_depth": 29.896383901964597, "n_estimators": 168.90216917301035}, "datetime": {"datetime": "2021-09-27 17:20:11", "elapsed": 270.295828, "delta": 2.217561}}
{"target": -11.835100283118823, "params": {"max_depth": 19.313113293788042, "n_estimators": 163.60863826177138}, "datetime": {"datetime": "2021-09-27 17:20:12", "elapsed": 271.971832, "delta": 1.676004}}
{"target": -11.853332773883372, "params": {"max_depth": 24.489749265816048, "n_estimators": 182.51697264892283}, "datetime": {"datetime": "2021-09-27 17:20:14", "elapsed": 273.886748, "delta": 1.914916}}
{"target": -11.916608745258154, "params": {"max_depth": 16.504543902223855, "n_estimators": 124.46336451862659}, "datetime": {"datetime": "2021-09-27 17:20:16", "elapsed": 275.416175, "delta": 1.529427}}
{"target": -11.735102347145395, "params": {"max_depth": 14.914661334569994, "n_estimators": 121.5467829536439}, "datetime": {"datetime": "2021-09-27 17:20:18", "elapsed": 277.049348, "delta": 1.633173}}
{"target": -11.777185237619832, "params": {"max_depth": 15.991714257439131, "n_estimators": 121.78676950116835}, "datetime": {"datetime": "2021-09-27 17:20:19", "elapsed": 278.815379, "delta": 1.766031}}
{"target": -11.893077737164733, "params": {"max_depth": 13.307786069283326, "n_estimators": 121.39327761086781}, "datetime": {"datetime": "2021-09-27 17:20:21", "elapsed": 280.277384, "delta": 1.462005}}
{"target": -11.848155997390627, "params": {"max_depth": 20.481467762883653, "n_estimators": 127.14461475079003}, "datetime": {"datetime": "2021-09-27 17:20:23", "elapsed": 282.020592, "delta": 1.743208}}
{"target": -11.745551691993265, "params": {"max_depth": 14.821002362421165, "n_estimators": 122.37843403078193}, "datetime": {"datetime": "2021-09-27 17:20:24", "elapsed": 283.810308, "delta": 1.789716}}
{"target": -11.834699236735394, "params": {"max_depth": 24.046546177678294, "n_estimators": 165.26771810574007}, "datetime": {"datetime": "2021-09-27 17:20:26", "elapsed": 285.61496, "delta": 1.804652}}
{"target": -11.827724884873858, "params": {"max_depth": 23.31560117800561, "n_estimators": 118.50961119599263}, "datetime": {"datetime": "2021-09-27 17:20:28", "elapsed": 287.562145, "delta": 1.947185}}
{"target": -11.846416213230599, "params": {"max_depth": 25.05803339720091, "n_estimators": 192.3560807721322}, "datetime": {"datetime": "2021-09-27 17:20:30", "elapsed": 289.746093, "delta": 2.183948}}
{"target": -11.832695893222066, "params": {"max_depth": 20.290691510900295, "n_estimators": 123.74357553588554}, "datetime": {"datetime": "2021-09-27 17:20:32", "elapsed": 291.361029, "delta": 1.614936}}
{"target": -11.841251703941202, "params": {"max_depth": 22.66801308726292, "n_estimators": 111.14017240124076}, "datetime": {"datetime": "2021-09-27 17:20:34", "elapsed": 293.245736, "delta": 1.884707}}
{"target": -11.841887293224639, "params": {"max_depth": 28.11883973287369, "n_estimators": 184.71332535886722}, "datetime": {"datetime": "2021-09-27 17:20:36", "elapsed": 295.393608, "delta": 2.147872}}
{"target": -11.84243398299936, "params": {"max_depth": 28.603037188427248, "n_estimators": 157.5925837876112}, "datetime": {"datetime": "2021-09-27 17:20:38", "elapsed": 297.615999, "delta": 2.222391}}
{"target": -11.840207552795059, "params": {"max_depth": 20.411219103610932, "n_estimators": 145.17719925708886}, "datetime": {"datetime": "2021-09-27 17:20:40", "elapsed": 299.506833, "delta": 1.890834}}
{"target": -11.859662087437227, "params": {"max_depth": 14.332344237252569, "n_estimators": 188.6101353553984}, "datetime": {"datetime": "2021-09-27 17:20:42", "elapsed": 301.645443, "delta": 2.13861}}
{"target": -11.821536889793412, "params": {"max_depth": 27.597243142358305, "n_estimators": 149.61094522329125}, "datetime": {"datetime": "2021-09-27 17:20:44", "elapsed": 303.595701, "delta": 1.950258}}
{"target": -11.84803557491136, "params": {"max_depth": 27.727139367556276, "n_estimators": 140.35592535829664}, "datetime": {"datetime": "2021-09-27 17:20:46", "elapsed": 305.3655, "delta": 1.769799}}
{"target": -11.834996634366764, "params": {"max_depth": 24.588971535995558, "n_estimators": 148.49055094567206}, "datetime": {"datetime": "2021-09-27 17:20:48", "elapsed": 307.11045, "delta": 1.74495}}
{"target": -11.858102557036684, "params": {"max_depth": 23.744622927221876, "n_estimators": 127.03188526783791}, "datetime": {"datetime": "2021-09-27 17:20:49", "elapsed": 308.909485, "delta": 1.799035}}
{"target": -11.911196522715537, "params": {"max_depth": 16.063494369656645, "n_estimators": 131.78426023507527}, "datetime": {"datetime": "2021-09-27 17:20:51", "elapsed": 310.746932, "delta": 1.837447}}
{"target": -11.865057240949438, "params": {"max_depth": 14.591526079185153, "n_estimators": 172.5391017320398}, "datetime": {"datetime": "2021-09-27 17:20:54", "elapsed": 313.03834, "delta": 2.291408}}
{"target": -11.835693329554353, "params": {"max_depth": 27.800175631366873, "n_estimators": 130.96377353342274}, "datetime": {"datetime": "2021-09-27 17:20:55", "elapsed": 314.964466, "delta": 1.926126}}
{"target": -11.830331563896527, "params": {"max_depth": 24.945293137285923, "n_estimators": 103.57061395777146}, "datetime": {"datetime": "2021-09-27 17:20:57", "elapsed": 316.747555, "delta": 1.783089}}
{"target": -11.818214123447337, "params": {"max_depth": 18.866394911563923, "n_estimators": 133.119596983692}, "datetime": {"datetime": "2021-09-27 17:20:59", "elapsed": 318.669105, "delta": 1.92155}}
{"target": -11.809022989185628, "params": {"max_depth": 15.195107622235895, "n_estimators": 103.7014365740768}, "datetime": {"datetime": "2021-09-27 17:21:01", "elapsed": 320.158101, "delta": 1.488996}}
{"target": -11.965799359469734, "params": {"max_depth": 12.87050146021019, "n_estimators": 103.62742998200967}, "datetime": {"datetime": "2021-09-27 17:21:02", "elapsed": 321.871843, "delta": 1.713742}}
{"target": -11.896120070012177, "params": {"max_depth": 16.88368856748959, "n_estimators": 103.7689579327782}, "datetime": {"datetime": "2021-09-27 17:21:04", "elapsed": 323.413501, "delta": 1.541658}}
{"target": -11.852590369676037, "params": {"max_depth": 19.706370557512678, "n_estimators": 158.24074179398667}, "datetime": {"datetime": "2021-09-27 17:21:06", "elapsed": 325.821119, "delta": 2.407618}}
{"target": -11.820694686341866, "params": {"max_depth": 15.46583560891295, "n_estimators": 111.00598980890594}, "datetime": {"datetime": "2021-09-27 17:21:08", "elapsed": 327.44382, "delta": 1.622701}}
{"target": -11.861079095899573, "params": {"max_depth": 19.73120966068365, "n_estimators": 167.25992896855482}, "datetime": {"datetime": "2021-09-27 17:21:10", "elapsed": 329.479997, "delta": 2.036177}}
{"target": -11.829954850174751, "params": {"max_depth": 23.659586642956604, "n_estimators": 162.17601156509494}, "datetime": {"datetime": "2021-09-27 17:21:13", "elapsed": 332.103996, "delta": 2.623999}}
{"target": -11.969778385847137, "params": {"max_depth": 16.205410135684822, "n_estimators": 168.70777669977377}, "datetime": {"datetime": "2021-09-27 17:21:15", "elapsed": 334.200008, "delta": 2.096012}}
{"target": -11.836948637567705, "params": {"max_depth": 27.65838053521282, "n_estimators": 106.03276644800789}, "datetime": {"datetime": "2021-09-27 17:21:17", "elapsed": 336.199871, "delta": 1.999863}}
{"target": -11.911442785676588, "params": {"max_depth": 13.077395252321324, "n_estimators": 145.05335176356363}, "datetime": {"datetime": "2021-09-27 17:21:19", "elapsed": 338.143654, "delta": 1.943783}}
{"target": -11.840594885341913, "params": {"max_depth": 27.678931740193544, "n_estimators": 193.92501121236717}, "datetime": {"datetime": "2021-09-27 17:21:21", "elapsed": 340.799225, "delta": 2.655571}}
{"target": -11.815249205230902, "params": {"max_depth": 17.45584084379346, "n_estimators": 188.17636741495522}, "datetime": {"datetime": "2021-09-27 17:21:24", "elapsed": 343.514458, "delta": 2.715233}}
{"target": -11.829079203426414, "params": {"max_depth": 22.176066948529918, "n_estimators": 101.27100125623477}, "datetime": {"datetime": "2021-09-27 17:21:26", "elapsed": 345.234457, "delta": 1.719999}}
{"target": -11.822730247995098, "params": {"max_depth": 20.421706446166418, "n_estimators": 120.0493483990818}, "datetime": {"datetime": "2021-09-27 17:21:27", "elapsed": 346.843038, "delta": 1.608581}}
{"target": -11.834483088091515, "params": {"max_depth": 23.368422010747647, "n_estimators": 132.49282846625937}, "datetime": {"datetime": "2021-09-27 17:21:29", "elapsed": 348.551507, "delta": 1.708469}}
{"target": -11.802370254565666, "params": {"max_depth": 15.941492731076847, "n_estimators": 149.30496070528122}, "datetime": {"datetime": "2021-09-27 17:21:31", "elapsed": 350.451682, "delta": 1.900175}}
{"target": -11.826339483531562, "params": {"max_depth": 18.600650047345628, "n_estimators": 150.73018395472388}, "datetime": {"datetime": "2021-09-27 17:21:33", "elapsed": 352.434064, "delta": 1.982382}}
{"target": -11.841468978042235, "params": {"max_depth": 28.079633289762796, "n_estimators": 122.83900965024682}, "datetime": {"datetime": "2021-09-27 17:21:35", "elapsed": 354.435939, "delta": 2.001875}}
{"target": -11.852433857691427, "params": {"max_depth": 23.15807742296544, "n_estimators": 142.27153470721288}, "datetime": {"datetime": "2021-09-27 17:21:37", "elapsed": 356.377285, "delta": 1.941346}}
{"target": -11.839265402593895, "params": {"max_depth": 24.44000564736369, "n_estimators": 197.6734091646379}, "datetime": {"datetime": "2021-09-27 17:21:39", "elapsed": 358.899586, "delta": 2.522301}}
{"target": -11.777185237619832, "params": {"max_depth": 15.173762854193194, "n_estimators": 121.03942168396016}, "datetime": {"datetime": "2021-09-27 17:21:41", "elapsed": 360.817507, "delta": 1.917921}}
{"target": -11.899518424139828, "params": {"max_depth": 13.390854024949592, "n_estimators": 148.78158448945032}, "datetime": {"datetime": "2021-09-27 17:21:43", "elapsed": 362.646808, "delta": 1.829301}}
{"target": -11.850584338370473, "params": {"max_depth": 27.45810022591062, "n_estimators": 181.71556398368787}, "datetime": {"datetime": "2021-09-27 17:21:46", "elapsed": 365.207864, "delta": 2.561056}}
{"target": -11.793523275359204, "params": {"max_depth": 17.83886988613394, "n_estimators": 148.68148766779672}, "datetime": {"datetime": "2021-09-27 17:21:48", "elapsed": 367.211381, "delta": 2.003517}}
{"target": -11.854640148604348, "params": {"max_depth": 23.694770899840908, "n_estimators": 171.66646632845493}, "datetime": {"datetime": "2021-09-27 17:21:50", "elapsed": 369.764229, "delta": 2.552848}}
{"target": -11.830589677908014, "params": {"max_depth": 27.84251636128204, "n_estimators": 126.24048713955827}, "datetime": {"datetime": "2021-09-27 17:21:52", "elapsed": 371.632234, "delta": 1.868005}}
{"target": -11.825513670912077, "params": {"max_depth": 21.185953422789204, "n_estimators": 188.13935996049383}, "datetime": {"datetime": "2021-09-27 17:21:55", "elapsed": 374.184833, "delta": 2.552599}}
{"target": -11.777185237619832, "params": {"max_depth": 15.104685978288867, "n_estimators": 121.85383520052886}, "datetime": {"datetime": "2021-09-27 17:21:56", "elapsed": 375.884825, "delta": 1.699992}}
{"target": -11.777308156214367, "params": {"max_depth": 17.388894044658834, "n_estimators": 120.94490934427412}, "datetime": {"datetime": "2021-09-27 17:21:59", "elapsed": 378.102884, "delta": 2.218059}}
{"target": -11.7796365749271, "params": {"max_depth": 17.464975580234118, "n_estimators": 122.45206637730227}, "datetime": {"datetime": "2021-09-27 17:22:00", "elapsed": 379.960528, "delta": 1.857644}}
{"target": -11.830385033015139, "params": {"max_depth": 24.040290073717195, "n_estimators": 187.5723056226359}, "datetime": {"datetime": "2021-09-27 17:22:03", "elapsed": 382.323697, "delta": 2.363169}}
{"target": -11.825593909251527, "params": {"max_depth": 28.178864571554538, "n_estimators": 188.06679047431194}, "datetime": {"datetime": "2021-09-27 17:22:05", "elapsed": 384.529475, "delta": 2.205778}}
{"target": -11.830835467778208, "params": {"max_depth": 27.497217199776582, "n_estimators": 118.23842460537142}, "datetime": {"datetime": "2021-09-27 17:22:07", "elapsed": 386.5632, "delta": 2.033725}}
{"target": -11.819084745448801, "params": {"max_depth": 24.806315533351945, "n_estimators": 109.16550581644472}, "datetime": {"datetime": "2021-09-27 17:22:09", "elapsed": 388.383289, "delta": 1.820089}}
{"target": -12.197599138083087, "params": {"max_depth": 8.002498550057418, "n_estimators": 124.10121197238168}, "datetime": {"datetime": "2021-09-27 17:22:10", "elapsed": 389.965425, "delta": 1.582136}}
{"target": -12.28788716375209, "params": {"max_depth": 8.052223431150075, "n_estimators": 182.50729890141508}, "datetime": {"datetime": "2021-09-27 17:22:13", "elapsed": 392.131011, "delta": 2.165586}}
{"target": -12.226152443739153, "params": {"max_depth": 8.203471477413464, "n_estimators": 112.8853734717923}, "datetime": {"datetime": "2021-09-27 17:22:14", "elapsed": 393.925723, "delta": 1.794712}}
{"target": -12.23968847815042, "params": {"max_depth": 8.012350139120118, "n_estimators": 137.61006056296392}, "datetime": {"datetime": "2021-09-27 17:22:16", "elapsed": 395.822885, "delta": 1.897162}}
{"target": -11.846120837093684, "params": {"max_depth": 25.959865515205284, "n_estimators": 176.61569491720263}, "datetime": {"datetime": "2021-09-27 17:22:19", "elapsed": 398.441192, "delta": 2.618307}}
{"target": -11.862491197771444, "params": {"max_depth": 19.490855854771567, "n_estimators": 116.32104936022593}, "datetime": {"datetime": "2021-09-27 17:22:21", "elapsed": 400.491708, "delta": 2.050516}}
{"target": -11.865773880453897, "params": {"max_depth": 29.980610969066554, "n_estimators": 179.8561544902883}, "datetime": {"datetime": "2021-09-27 17:22:23", "elapsed": 402.934966, "delta": 2.443258}}
{"target": -11.85491265172494, "params": {"max_depth": 25.56379579287383, "n_estimators": 145.35933039772846}, "datetime": {"datetime": "2021-09-27 17:22:26", "elapsed": 405.239161, "delta": 2.304195}}
{"target": -12.230187102859547, "params": {"max_depth": 8.0, "n_estimators": 105.894957191439}, "datetime": {"datetime": "2021-09-27 17:22:27", "elapsed": 406.953807, "delta": 1.714646}}
{"target": -11.955701904887235, "params": {"max_depth": 16.054837070116037, "n_estimators": 138.22785848665293}, "datetime": {"datetime": "2021-09-27 17:22:30", "elapsed": 409.007451, "delta": 2.053644}}
{"target": -11.833180125517469, "params": {"max_depth": 21.07492226585085, "n_estimators": 136.70569485786066}, "datetime": {"datetime": "2021-09-27 17:22:31", "elapsed": 410.788929, "delta": 1.781478}}
{"target": -11.846416213230599, "params": {"max_depth": 30.0, "n_estimators": 192.71725097427804}, "datetime": {"datetime": "2021-09-27 17:22:34", "elapsed": 413.541606, "delta": 2.752677}}
{"target": -12.265361490701975, "params": {"max_depth": 8.085100061578538, "n_estimators": 194.11180694082518}, "datetime": {"datetime": "2021-09-27 17:22:36", "elapsed": 415.935633, "delta": 2.394027}}
{"target": -11.839265402593895, "params": {"max_depth": 29.878428419406827, "n_estimators": 197.54392643601267}, "datetime": {"datetime": "2021-09-27 17:22:39", "elapsed": 418.302957, "delta": 2.367324}}
{"target": -11.85686788320563, "params": {"max_depth": 19.640110463308098, "n_estimators": 174.22233086846003}, "datetime": {"datetime": "2021-09-27 17:22:41", "elapsed": 420.861322, "delta": 2.558365}}
{"target": -11.827214448999568, "params": {"max_depth": 28.197073130143774, "n_estimators": 133.26022382475725}, "datetime": {"datetime": "2021-09-27 17:22:43", "elapsed": 422.853552, "delta": 1.99223}}
{"target": -11.850215223116708, "params": {"max_depth": 20.45730195163068, "n_estimators": 153.54599406960145}, "datetime": {"datetime": "2021-09-27 17:22:46", "elapsed": 425.26904, "delta": 2.415488}}
{"target": -11.96044913322963, "params": {"max_depth": 13.997055454869386, "n_estimators": 200.0}, "datetime": {"datetime": "2021-09-27 17:22:48", "elapsed": 427.767371, "delta": 2.498331}}
{"target": -11.841468978042235, "params": {"max_depth": 24.683516808728324, "n_estimators": 122.3913452796082}, "datetime": {"datetime": "2021-09-27 17:22:50", "elapsed": 429.748913, "delta": 1.981542}}
{"target": -11.86358610672512, "params": {"max_depth": 28.260112343546297, "n_estimators": 144.32391673470823}, "datetime": {"datetime": "2021-09-27 17:22:53", "elapsed": 432.167735, "delta": 2.418822}}
{"target": -11.90658207418246, "params": {"max_depth": 13.544619584254303, "n_estimators": 152.5003061432014}, "datetime": {"datetime": "2021-09-27 17:22:55", "elapsed": 434.231773, "delta": 2.064038}}
{"target": -11.834699236735394, "params": {"max_depth": 27.491120543910636, "n_estimators": 165.08636450077418}, "datetime": {"datetime": "2021-09-27 17:22:57", "elapsed": 436.329208, "delta": 2.097435}}
{"target": -11.834812780897074, "params": {"max_depth": 27.908835578681646, "n_estimators": 161.38524145698722}, "datetime": {"datetime": "2021-09-27 17:22:59", "elapsed": 438.840809, "delta": 2.511601}}
{"target": -11.947016113852644, "params": {"max_depth": 16.224910275599782, "n_estimators": 177.1947133393591}, "datetime": {"datetime": "2021-09-27 17:23:02", "elapsed": 441.41769, "delta": 2.576881}}
{"target": -11.828301369072474, "params": {"max_depth": 15.076198159522223, "n_estimators": 180.84141357368506}, "datetime": {"datetime": "2021-09-27 17:23:04", "elapsed": 443.73484, "delta": 2.31715}}
{"target": -11.949367375120449, "params": {"max_depth": 13.165680839858187, "n_estimators": 175.19016335265343}, "datetime": {"datetime": "2021-09-27 17:23:07", "elapsed": 446.290388, "delta": 2.555548}}
{"target": -11.957603777516008, "params": {"max_depth": 16.455228787817354, "n_estimators": 173.72357665317054}, "datetime": {"datetime": "2021-09-27 17:23:10", "elapsed": 449.48661, "delta": 3.196222}}
{"target": -11.868651409637758, "params": {"max_depth": 19.640937870956872, "n_estimators": 171.8084001563934}, "datetime": {"datetime": "2021-09-27 17:23:12", "elapsed": 451.96676, "delta": 2.48015}}
{"target": -12.024080194579206, "params": {"max_depth": 12.272578954492015, "n_estimators": 169.4473944373229}, "datetime": {"datetime": "2021-09-27 17:23:14", "elapsed": 453.978709, "delta": 2.011949}}
{"target": -11.826006607332774, "params": {"max_depth": 15.851026000861001, "n_estimators": 157.65615291659893}, "datetime": {"datetime": "2021-09-27 17:23:17", "elapsed": 456.805785, "delta": 2.827076}}
{"target": -11.835349985431927, "params": {"max_depth": 27.42809201145193, "n_estimators": 111.11807850089845}, "datetime": {"datetime": "2021-09-27 17:23:19", "elapsed": 458.828597, "delta": 2.022812}}
{"target": -11.864816603504472, "params": {"max_depth": 21.962387854567456, "n_estimators": 116.14517202053972}, "datetime": {"datetime": "2021-09-27 17:23:21", "elapsed": 460.645871, "delta": 1.817274}}
{"target": -11.859066773177847, "params": {"max_depth": 19.874196663251308, "n_estimators": 180.3669836828987}, "datetime": {"datetime": "2021-09-27 17:23:24", "elapsed": 463.369281, "delta": 2.72341}}
{"target": -11.727881059666027, "params": {"max_depth": 14.813528828937432, "n_estimators": 105.71878462072632}, "datetime": {"datetime": "2021-09-27 17:23:27", "elapsed": 466.10045, "delta": 2.731169}}
{"target": -11.746940852401595, "params": {"max_depth": 14.165253993582096, "n_estimators": 107.23459701951732}, "datetime": {"datetime": "2021-09-27 17:23:29", "elapsed": 468.386464, "delta": 2.286014}}
