{"target": -2.4684725747465293, "params": {"max_depth": 17.84784731440436, "n_estimators": 120.30112968322608}, "datetime": {"datetime": "2021-09-21 11:08:17", "elapsed": 1265.954666, "delta": 7.59413}}
{"target": -2.506023685867112, "params": {"max_depth": 13.58265032325669, "n_estimators": 161.3327482747727}, "datetime": {"datetime": "2021-09-21 11:08:21", "elapsed": 1270.331393, "delta": 4.376727}}
{"target": -2.489973678359067, "params": {"max_depth": 14.459909612269662, "n_estimators": 187.4971522884769}, "datetime": {"datetime": "2021-09-21 11:08:25", "elapsed": 1274.398081, "delta": 4.066688}}
{"target": -2.4799943126751742, "params": {"max_depth": 17.671033369727, "n_estimators": 209.2840207290799}, "datetime": {"datetime": "2021-09-21 11:08:30", "elapsed": 1279.456608, "delta": 5.058527}}
{"target": -2.48353702750862, "params": {"max_depth": 13.326110386553367, "n_estimators": 96.07918902212347}, "datetime": {"datetime": "2021-09-21 11:08:37", "elapsed": 1286.162171, "delta": 6.705563}}
{"target": -2.5120175787604144, "params": {"max_depth": 13.003440450205101, "n_estimators": 286.6258841302516}, "datetime": {"datetime": "2021-09-21 11:08:45", "elapsed": 1293.839877, "delta": 7.677706}}
{"target": -2.4923577253072353, "params": {"max_depth": 17.490651185316754, "n_estimators": 243.0800980622606}, "datetime": {"datetime": "2021-09-21 11:08:53", "elapsed": 1301.691695, "delta": 7.851818}}
{"target": -2.4978195382288026, "params": {"max_depth": 16.63931751204501, "n_estimators": 151.420851049879}, "datetime": {"datetime": "2021-09-21 11:09:00", "elapsed": 1308.557983, "delta": 6.866288}}
{"target": -2.487822104096447, "params": {"max_depth": 15.579593947807227, "n_estimators": 235.1928772402397}, "datetime": {"datetime": "2021-09-21 11:09:08", "elapsed": 1317.389498, "delta": 8.831515}}
{"target": -2.4618863375320754, "params": {"max_depth": 15.148384477219274, "n_estimators": 63.353284530343984}, "datetime": {"datetime": "2021-09-21 11:09:15", "elapsed": 1323.967423, "delta": 6.577925}}
{"target": -2.4796893138020986, "params": {"max_depth": 18.0, "n_estimators": 123.10115219884231}, "datetime": {"datetime": "2021-09-21 11:09:23", "elapsed": 1331.99305, "delta": 8.025627}}
{"target": -2.497550008871207, "params": {"max_depth": 13.0, "n_estimators": 128.22151306177838}, "datetime": {"datetime": "2021-09-21 11:09:35", "elapsed": 1343.936201, "delta": 11.943151}}
{"target": -2.4880269690807113, "params": {"max_depth": 16.026658426178777, "n_estimators": 125.45201288825027}, "datetime": {"datetime": "2021-09-21 11:09:40", "elapsed": 1349.265235, "delta": 5.329034}}
{"target": -2.4980313182567615, "params": {"max_depth": 16.621739159126584, "n_estimators": 135.22131842609838}, "datetime": {"datetime": "2021-09-21 11:09:48", "elapsed": 1356.550858, "delta": 7.285623}}
{"target": -2.48529579940587, "params": {"max_depth": 14.06689509863162, "n_estimators": 157.91321630345877}, "datetime": {"datetime": "2021-09-21 11:09:55", "elapsed": 1363.778246, "delta": 7.227388}}
{"target": -2.4839012482116622, "params": {"max_depth": 17.422050261194634, "n_estimators": 154.2627279008995}, "datetime": {"datetime": "2021-09-21 11:09:59", "elapsed": 1368.436909, "delta": 4.658663}}
{"target": -2.4858811421717952, "params": {"max_depth": 15.49687223497811, "n_estimators": 254.08508784718188}, "datetime": {"datetime": "2021-09-21 11:10:09", "elapsed": 1378.219164, "delta": 9.782255}}
{"target": -2.4752239517328207, "params": {"max_depth": 15.567739070682437, "n_estimators": 206.61130096082144}, "datetime": {"datetime": "2021-09-21 11:10:20", "elapsed": 1388.590703, "delta": 10.371539}}
{"target": -2.4629058341617545, "params": {"max_depth": 15.206946519123955, "n_estimators": 54.95944845643198}, "datetime": {"datetime": "2021-09-21 11:10:25", "elapsed": 1393.743023, "delta": 5.15232}}
{"target": -2.478506538483926, "params": {"max_depth": 15.850706627430903, "n_estimators": 202.12921255623013}, "datetime": {"datetime": "2021-09-21 11:10:35", "elapsed": 1403.883626, "delta": 10.140603}}
{"target": -2.4542217947666605, "params": {"max_depth": 14.277301506155265, "n_estimators": 84.95528882719418}, "datetime": {"datetime": "2021-09-21 11:10:41", "elapsed": 1410.108409, "delta": 6.224783}}
{"target": -2.490132011840562, "params": {"max_depth": 13.321064495983599, "n_estimators": 123.24970583701653}, "datetime": {"datetime": "2021-09-21 11:10:48", "elapsed": 1416.91124, "delta": 6.802831}}
{"target": -2.504007843242377, "params": {"max_depth": 13.650641638037673, "n_estimators": 153.76745274703495}, "datetime": {"datetime": "2021-09-21 11:10:53", "elapsed": 1421.833835, "delta": 4.922595}}
{"target": -2.4785962779513264, "params": {"max_depth": 15.957737766338473, "n_estimators": 95.6416218632401}, "datetime": {"datetime": "2021-09-21 11:11:02", "elapsed": 1431.368587, "delta": 9.534752}}
{"target": -2.4922390738533617, "params": {"max_depth": 17.917254692680604, "n_estimators": 237.99696121857258}, "datetime": {"datetime": "2021-09-21 11:11:12", "elapsed": 1440.611452, "delta": 9.242865}}
{"target": -2.4805874347797823, "params": {"max_depth": 15.578521890582845, "n_estimators": 227.5524155409571}, "datetime": {"datetime": "2021-09-21 11:11:19", "elapsed": 1447.956306, "delta": 7.344854}}
{"target": -2.4947009371412947, "params": {"max_depth": 13.0, "n_estimators": 111.73454164445877}, "datetime": {"datetime": "2021-09-21 11:11:27", "elapsed": 1456.402341, "delta": 8.446035}}
{"target": -2.477091579463197, "params": {"max_depth": 15.721959381850326, "n_estimators": 197.79344440986736}, "datetime": {"datetime": "2021-09-21 11:11:37", "elapsed": 1466.458423, "delta": 10.056082}}
{"target": -2.5003749889952367, "params": {"max_depth": 13.0, "n_estimators": 199.82579921550754}, "datetime": {"datetime": "2021-09-21 11:11:47", "elapsed": 1475.951283, "delta": 9.49286}}
{"target": -2.464623673357226, "params": {"max_depth": 17.141992290212386, "n_estimators": 74.68719346942393}, "datetime": {"datetime": "2021-09-21 11:11:59", "elapsed": 1487.627159, "delta": 11.675876}}
{"target": -2.439804990134415, "params": {"max_depth": 14.204140692733283, "n_estimators": 73.84334200354877}, "datetime": {"datetime": "2021-09-21 11:12:06", "elapsed": 1494.496472, "delta": 6.869313}}
{"target": -2.472320385295224, "params": {"max_depth": 15.878379590205569, "n_estimators": 102.24722455469072}, "datetime": {"datetime": "2021-09-21 11:12:13", "elapsed": 1502.153765, "delta": 7.657293}}
{"target": -2.504474360587076, "params": {"max_depth": 16.00562918069558, "n_estimators": 169.39834056832618}, "datetime": {"datetime": "2021-09-21 11:12:19", "elapsed": 1507.528812, "delta": 5.375047}}
{"target": -2.4994240615137584, "params": {"max_depth": 13.007326597644681, "n_estimators": 209.62044294807188}, "datetime": {"datetime": "2021-09-21 11:12:27", "elapsed": 1515.475307, "delta": 7.946495}}
{"target": -2.4912758445000915, "params": {"max_depth": 15.943566752200338, "n_estimators": 268.65331044714503}, "datetime": {"datetime": "2021-09-21 11:12:36", "elapsed": 1524.97934, "delta": 9.504033}}
{"target": -2.4531526352994497, "params": {"max_depth": 17.03214727070233, "n_estimators": 57.17612264849607}, "datetime": {"datetime": "2021-09-21 11:12:42", "elapsed": 1530.816415, "delta": 5.837075}}
{"target": -2.447698582496802, "params": {"max_depth": 14.731212055432145, "n_estimators": 56.01670681675928}, "datetime": {"datetime": "2021-09-21 11:12:50", "elapsed": 1539.157561, "delta": 8.341146}}
{"target": -2.463673385109341, "params": {"max_depth": 17.089534558778634, "n_estimators": 98.20938311610172}, "datetime": {"datetime": "2021-09-21 11:13:02", "elapsed": 1551.127847, "delta": 11.970286}}
{"target": -2.4875689286278013, "params": {"max_depth": 14.316532364759114, "n_estimators": 161.64350179869382}, "datetime": {"datetime": "2021-09-21 11:13:06", "elapsed": 1555.358979, "delta": 4.231132}}
{"target": -2.483632173404331, "params": {"max_depth": 14.018610648967158, "n_estimators": 142.6061342751462}, "datetime": {"datetime": "2021-09-21 11:13:14", "elapsed": 1562.473027, "delta": 7.114048}}
{"target": -2.47703191592546, "params": {"max_depth": 16.726285037001187, "n_estimators": 93.59218520703314}, "datetime": {"datetime": "2021-09-21 11:13:23", "elapsed": 1571.677336, "delta": 9.204309}}
{"target": -2.484145095374404, "params": {"max_depth": 14.804738329519637, "n_estimators": 198.3090888982896}, "datetime": {"datetime": "2021-09-21 11:13:28", "elapsed": 1577.147538, "delta": 5.470202}}
{"target": -2.50090888042822, "params": {"max_depth": 13.040427645268316, "n_estimators": 185.2586158340304}, "datetime": {"datetime": "2021-09-21 11:13:40", "elapsed": 1588.597404, "delta": 11.449866}}
{"target": -2.4883994187483656, "params": {"max_depth": 15.639803626833684, "n_estimators": 274.04985955462956}, "datetime": {"datetime": "2021-09-21 11:13:49", "elapsed": 1597.978009, "delta": 9.380605}}
{"target": -2.5000155281327845, "params": {"max_depth": 16.874497792402497, "n_estimators": 150.11473755439079}, "datetime": {"datetime": "2021-09-21 11:13:53", "elapsed": 1601.569515, "delta": 3.591506}}
{"target": -2.483379007596522, "params": {"max_depth": 17.98365707914962, "n_estimators": 203.21924728593075}, "datetime": {"datetime": "2021-09-21 11:13:59", "elapsed": 1608.066896, "delta": 6.497381}}
{"target": -2.4845475275565043, "params": {"max_depth": 16.777786789820063, "n_estimators": 121.10012646654742}, "datetime": {"datetime": "2021-09-21 11:14:10", "elapsed": 1619.171995, "delta": 11.105099}}
{"target": -2.4852194131052063, "params": {"max_depth": 17.670509804954776, "n_estimators": 200.22699310856407}, "datetime": {"datetime": "2021-09-21 11:14:17", "elapsed": 1625.813267, "delta": 6.641272}}
{"target": -2.4852558792841575, "params": {"max_depth": 15.716449819078113, "n_estimators": 283.7467840167004}, "datetime": {"datetime": "2021-09-21 11:14:27", "elapsed": 1636.086847, "delta": 10.27358}}
{"target": -2.4899123922966413, "params": {"max_depth": 16.25345239628791, "n_estimators": 218.03035577171468}, "datetime": {"datetime": "2021-09-21 11:14:37", "elapsed": 1645.807937, "delta": 9.72109}}
{"target": -2.4821765259172666, "params": {"max_depth": 13.923780123887877, "n_estimators": 97.69568211804601}, "datetime": {"datetime": "2021-09-21 11:14:45", "elapsed": 1654.414538, "delta": 8.606601}}
{"target": -2.5093884497635277, "params": {"max_depth": 13.0, "n_estimators": 257.77066729700624}, "datetime": {"datetime": "2021-09-21 11:14:54", "elapsed": 1662.881352, "delta": 8.466814}}
{"target": -2.4505340711737604, "params": {"max_depth": 14.636975756002514, "n_estimators": 96.66455254736732}, "datetime": {"datetime": "2021-09-21 11:15:11", "elapsed": 1679.669675, "delta": 16.788323}}
{"target": -2.4868831998597725, "params": {"max_depth": 14.750938116520533, "n_estimators": 184.81239036063164}, "datetime": {"datetime": "2021-09-21 11:15:17", "elapsed": 1685.920147, "delta": 6.250472}}
{"target": -2.4534285895899166, "params": {"max_depth": 17.99912436831278, "n_estimators": 69.69100761465938}, "datetime": {"datetime": "2021-09-21 11:15:31", "elapsed": 1699.632431, "delta": 13.712284}}
{"target": -2.4900204367692735, "params": {"max_depth": 15.382646052045867, "n_estimators": 145.7142129527557}, "datetime": {"datetime": "2021-09-21 11:15:39", "elapsed": 1708.114556, "delta": 8.482125}}
{"target": -2.505680747102332, "params": {"max_depth": 13.0, "n_estimators": 204.52175472205704}, "datetime": {"datetime": "2021-09-21 11:15:47", "elapsed": 1715.543557, "delta": 7.429001}}
{"target": -2.4814965790065044, "params": {"max_depth": 16.12744330789032, "n_estimators": 74.89649184397224}, "datetime": {"datetime": "2021-09-21 11:15:52", "elapsed": 1720.950848, "delta": 5.407291}}
{"target": -2.4807013316594855, "params": {"max_depth": 13.921109393517622, "n_estimators": 76.76116049517718}, "datetime": {"datetime": "2021-09-21 11:16:02", "elapsed": 1730.549239, "delta": 9.598391}}
{"target": -2.459206660012225, "params": {"max_depth": 16.317457146864964, "n_estimators": 62.02560343938888}, "datetime": {"datetime": "2021-09-21 11:16:15", "elapsed": 1744.110844, "delta": 13.561605}}
{"target": -2.5008046884474675, "params": {"max_depth": 16.897190013749455, "n_estimators": 143.09292618919363}, "datetime": {"datetime": "2021-09-21 11:16:19", "elapsed": 1748.277707, "delta": 4.166863}}
{"target": -2.460318895839231, "params": {"max_depth": 17.704996028245898, "n_estimators": 99.84128006914523}, "datetime": {"datetime": "2021-09-21 11:16:27", "elapsed": 1756.403644, "delta": 8.125937}}
{"target": -2.4891590724616446, "params": {"max_depth": 14.170976451066576, "n_estimators": 189.93366266583863}, "datetime": {"datetime": "2021-09-21 11:16:47", "elapsed": 1775.981422, "delta": 19.577778}}
{"target": -2.456238546840207, "params": {"max_depth": 15.186637346715607, "n_estimators": 61.975593607203876}, "datetime": {"datetime": "2021-09-21 11:17:03", "elapsed": 1792.320397, "delta": 16.338975}}
{"target": -2.4884574154956542, "params": {"max_depth": 15.702289030449133, "n_estimators": 174.4006472861847}, "datetime": {"datetime": "2021-09-21 11:17:14", "elapsed": 1802.777523, "delta": 10.457126}}
{"target": -2.4293005875495766, "params": {"max_depth": 14.338058140626238, "n_estimators": 68.74256111829017}, "datetime": {"datetime": "2021-09-21 11:17:24", "elapsed": 1813.164629, "delta": 10.387106}}
{"target": -2.479545807033119, "params": {"max_depth": 17.977831777391742, "n_estimators": 139.3712836247235}, "datetime": {"datetime": "2021-09-21 11:17:32", "elapsed": 1820.469849, "delta": 7.30522}}
{"target": -2.5108794574333424, "params": {"max_depth": 13.041677714968557, "n_estimators": 281.4553782850853}, "datetime": {"datetime": "2021-09-21 11:17:42", "elapsed": 1831.104854, "delta": 10.635005}}
{"target": -2.487009538873287, "params": {"max_depth": 15.176035285549782, "n_estimators": 129.97047884755878}, "datetime": {"datetime": "2021-09-21 11:17:53", "elapsed": 1841.621403, "delta": 10.516549}}
{"target": -2.467971941865596, "params": {"max_depth": 17.935198594706307, "n_estimators": 79.16738059021506}, "datetime": {"datetime": "2021-09-21 11:18:00", "elapsed": 1849.367583, "delta": 7.74618}}
{"target": -2.4702138012819983, "params": {"max_depth": 17.272434112151206, "n_estimators": 112.68974168059313}, "datetime": {"datetime": "2021-09-21 11:18:10", "elapsed": 1858.943835, "delta": 9.576252}}
{"target": -2.5103162586265215, "params": {"max_depth": 13.0, "n_estimators": 171.7531927075423}, "datetime": {"datetime": "2021-09-21 11:18:17", "elapsed": 1865.926687, "delta": 6.982852}}
{"target": -2.485909279510753, "params": {"max_depth": 16.778741597539167, "n_estimators": 117.36458639410056}, "datetime": {"datetime": "2021-09-21 11:18:25", "elapsed": 1874.257502, "delta": 8.330815}}
{"target": -2.495647094260847, "params": {"max_depth": 13.920679313703744, "n_estimators": 119.02546927960424}, "datetime": {"datetime": "2021-09-21 11:18:34", "elapsed": 1882.676179, "delta": 8.418677}}
{"target": -2.4573896725431816, "params": {"max_depth": 17.435521490993136, "n_estimators": 54.82602846860077}, "datetime": {"datetime": "2021-09-21 11:18:43", "elapsed": 1892.303192, "delta": 9.627013}}
{"target": -2.4934185236323954, "params": {"max_depth": 15.669295106087574, "n_estimators": 300.0}, "datetime": {"datetime": "2021-09-21 11:19:03", "elapsed": 1912.379933, "delta": 20.076741}}
{"target": -2.467678764983951, "params": {"max_depth": 17.69470344901808, "n_estimators": 103.99093652713394}, "datetime": {"datetime": "2021-09-21 11:19:14", "elapsed": 1923.153432, "delta": 10.773499}}
{"target": -2.4865963554715282, "params": {"max_depth": 15.876766341572596, "n_estimators": 165.26205305455562}, "datetime": {"datetime": "2021-09-21 11:19:25", "elapsed": 1934.366451, "delta": 11.213019}}
{"target": -2.4906535330119346, "params": {"max_depth": 16.394669362091097, "n_estimators": 81.90330960354294}, "datetime": {"datetime": "2021-09-21 11:19:36", "elapsed": 1944.871533, "delta": 10.505082}}
{"target": -2.5036477305411196, "params": {"max_depth": 13.062862773190457, "n_estimators": 138.38744288618454}, "datetime": {"datetime": "2021-09-21 11:19:51", "elapsed": 1959.981372, "delta": 15.109839}}
{"target": -2.5128314665301468, "params": {"max_depth": 13.017504088944381, "n_estimators": 276.54736686270587}, "datetime": {"datetime": "2021-09-21 11:20:06", "elapsed": 1975.01651, "delta": 15.035138}}
{"target": -2.425959316063198, "params": {"max_depth": 14.543579916813318, "n_estimators": 70.02660809026116}, "datetime": {"datetime": "2021-09-21 11:20:20", "elapsed": 1988.847106, "delta": 13.830596}}
{"target": -2.4735126898638327, "params": {"max_depth": 17.989421409053065, "n_estimators": 107.65304064941901}, "datetime": {"datetime": "2021-09-21 11:20:30", "elapsed": 1999.309291, "delta": 10.462185}}
{"target": -2.4854476546301574, "params": {"max_depth": 15.368743794466374, "n_estimators": 256.29647803388747}, "datetime": {"datetime": "2021-09-21 11:20:45", "elapsed": 2014.457571, "delta": 15.14828}}
{"target": -2.4904164869264136, "params": {"max_depth": 18.0, "n_estimators": 285.73992730352813}, "datetime": {"datetime": "2021-09-21 11:21:04", "elapsed": 2032.662019, "delta": 18.204448}}
{"target": -2.425959316063198, "params": {"max_depth": 14.417022004702574, "n_estimators": 70.80486740163238}, "datetime": {"datetime": "2021-09-21 11:53:52", "elapsed": 0.0, "delta": 0.0}}
{"target": -2.4415101080836523, "params": {"max_depth": 14.000114374817345, "n_estimators": 64.53498858947759}, "datetime": {"datetime": "2021-09-21 11:53:53", "elapsed": 0.756002, "delta": 0.756002}}
{"target": -2.4390039060686233, "params": {"max_depth": 14.146755890817113, "n_estimators": 61.385078921531964}, "datetime": {"datetime": "2021-09-21 11:53:53", "elapsed": 1.523777, "delta": 0.767775}}
{"target": -2.430957523424876, "params": {"max_depth": 14.186260211377672, "n_estimators": 65.18341090564572}, "datetime": {"datetime": "2021-09-21 11:53:54", "elapsed": 2.441243, "delta": 0.917466}}
{"target": -2.4293005875495766, "params": {"max_depth": 14.39676747423067, "n_estimators": 68.08225101005036}, "datetime": {"datetime": "2021-09-21 11:53:55", "elapsed": 3.492324, "delta": 1.051081}}
{"target": -2.430957523424876, "params": {"max_depth": 14.108776314762759, "n_estimators": 65.53318754960152}, "datetime": {"datetime": "2021-09-21 11:53:57", "elapsed": 4.905339, "delta": 1.413015}}
{"target": -2.425959316063198, "params": {"max_depth": 14.304905891993597, "n_estimators": 70.36424134629635}, "datetime": {"datetime": "2021-09-21 11:53:59", "elapsed": 6.982699, "delta": 2.07736}}
{"target": -2.425959316063198, "params": {"max_depth": 14.304558243626285, "n_estimators": 70.38173945083904}, "datetime": {"datetime": "2021-09-21 11:54:00", "elapsed": 8.628721, "delta": 1.646022}}
{"target": -2.434095057985366, "params": {"max_depth": 14.993059152970728, "n_estimators": 69.48274258224059}, "datetime": {"datetime": "2021-09-21 11:54:02", "elapsed": 9.921722, "delta": 1.293001}}
{"target": -2.4286731334549443, "params": {"max_depth": 14.0, "n_estimators": 71.64230843679569}, "datetime": {"datetime": "2021-09-21 11:54:03", "elapsed": 11.105515, "delta": 1.183793}}
{"target": -2.467353308148674, "params": {"max_depth": 15.0, "n_estimators": 71.55393656110321}, "datetime": {"datetime": "2021-09-21 11:54:04", "elapsed": 12.698451, "delta": 1.592936}}
{"target": -2.434095057985366, "params": {"max_depth": 14.0, "n_estimators": 69.29018290896732}, "datetime": {"datetime": "2021-09-21 11:54:06", "elapsed": 14.220662, "delta": 1.522211}}
{"target": -2.425469531249584, "params": {"max_depth": 14.440382986195416, "n_estimators": 67.10736720051815}, "datetime": {"datetime": "2021-09-21 11:54:08", "elapsed": 15.753843, "delta": 1.533181}}
{"target": -2.4525500300578638, "params": {"max_depth": 15.0, "n_estimators": 66.50730719416885}, "datetime": {"datetime": "2021-09-21 11:54:09", "elapsed": 17.048496, "delta": 1.294653}}
{"target": -2.4253121716752153, "params": {"max_depth": 14.14844484478316, "n_estimators": 66.10025523666344}, "datetime": {"datetime": "2021-09-21 11:54:10", "elapsed": 17.916057, "delta": 0.867561}}
{"target": -2.4253121716752153, "params": {"max_depth": 14.0, "n_estimators": 66.75087264998444}, "datetime": {"datetime": "2021-09-21 11:54:11", "elapsed": 19.063196, "delta": 1.147139}}
{"target": -2.425469531249584, "params": {"max_depth": 14.004629288575376, "n_estimators": 67.47817926747375}, "datetime": {"datetime": "2021-09-21 11:54:12", "elapsed": 20.273981, "delta": 1.210785}}
{"target": -2.4436151491428255, "params": {"max_depth": 14.020411231973952, "n_estimators": 74.99727189179237}, "datetime": {"datetime": "2021-09-21 11:54:13", "elapsed": 21.582257, "delta": 1.308276}}
{"target": -2.4253121716752153, "params": {"max_depth": 14.154505823714034, "n_estimators": 66.10238483601037}, "datetime": {"datetime": "2021-09-21 11:54:14", "elapsed": 22.527018, "delta": 0.944761}}
{"target": -2.4420333571346795, "params": {"max_depth": 14.976910528644254, "n_estimators": 60.004135765190476}, "datetime": {"datetime": "2021-09-21 11:54:15", "elapsed": 23.57264, "delta": 1.045622}}
{"target": -2.461008468410696, "params": {"max_depth": 15.0, "n_estimators": 62.905693884318374}, "datetime": {"datetime": "2021-09-21 11:54:17", "elapsed": 24.831019, "delta": 1.258379}}
{"target": -2.439804990134415, "params": {"max_depth": 14.0, "n_estimators": 73.11777694846782}, "datetime": {"datetime": "2021-09-21 11:54:18", "elapsed": 26.124241, "delta": 1.293222}}
{"target": -2.425959316063198, "params": {"max_depth": 14.0, "n_estimators": 70.9672647499157}, "datetime": {"datetime": "2021-09-21 11:54:19", "elapsed": 27.250922, "delta": 1.126681}}
{"target": -2.480899510596665, "params": {"max_depth": 15.0, "n_estimators": 74.01759687742496}, "datetime": {"datetime": "2021-09-21 11:54:20", "elapsed": 28.561828, "delta": 1.310906}}
