{"target": -2.493778544247672, "params": {"max_depth": 14.236626684514349, "n_estimators": 179.35232538757478}, "datetime": {"datetime": "2021-09-20 19:34:06", "elapsed": 605.420406, "delta": 3.280432}}
{"target": -2.4891026260831346, "params": {"max_depth": 14.75635580171734, "n_estimators": 182.57959255455597}, "datetime": {"datetime": "2021-09-20 19:34:10", "elapsed": 609.073169, "delta": 3.652763}}
{"target": -2.4759633458646615, "params": {"max_depth": 22.47231698995211, "n_estimators": 44.448593765390534}, "datetime": {"datetime": "2021-09-20 19:34:14", "elapsed": 613.24782, "delta": 4.174651}}
{"target": -2.5118077842376554, "params": {"max_depth": 11.79100154143297, "n_estimators": 75.67091561739528}, "datetime": {"datetime": "2021-09-20 19:34:16", "elapsed": 615.380542, "delta": 2.132722}}
{"target": -2.490972516555465, "params": {"max_depth": 18.14505653979358, "n_estimators": 273.77282160842367}, "datetime": {"datetime": "2021-09-20 19:34:20", "elapsed": 619.629534, "delta": 4.248992}}
{"target": -2.504628504845672, "params": {"max_depth": 16.527835833907396, "n_estimators": 154.50077703674114}, "datetime": {"datetime": "2021-09-20 19:34:24", "elapsed": 623.378536, "delta": 3.749002}}
{"target": -2.48450016266628, "params": {"max_depth": 22.76784258134068, "n_estimators": 156.46296123798584}, "datetime": {"datetime": "2021-09-20 19:34:27", "elapsed": 626.382537, "delta": 3.004001}}
{"target": -2.4908594774799733, "params": {"max_depth": 18.603730751813, "n_estimators": 230.68202895776946}, "datetime": {"datetime": "2021-09-20 19:34:31", "elapsed": 629.993533, "delta": 3.610996}}
{"target": -2.488676254092227, "params": {"max_depth": 17.264041956545963, "n_estimators": 255.616306171824}, "datetime": {"datetime": "2021-09-20 19:34:36", "elapsed": 635.086378, "delta": 5.092845}}
{"target": -2.480226415451379, "params": {"max_depth": 22.270322346072952, "n_estimators": 149.06488983670178}, "datetime": {"datetime": "2021-09-20 19:34:40", "elapsed": 639.086491, "delta": 4.000113}}
{"target": -2.476706615784618, "params": {"max_depth": 18.2867601435251, "n_estimators": 121.25916966808691}, "datetime": {"datetime": "2021-09-20 19:34:44", "elapsed": 643.184677, "delta": 4.098186}}
{"target": -2.478076020420804, "params": {"max_depth": 18.438293056605076, "n_estimators": 215.36580722440408}, "datetime": {"datetime": "2021-09-20 19:34:48", "elapsed": 647.714327, "delta": 4.52965}}
{"target": -2.4644989878542507, "params": {"max_depth": 24.93766187077823, "n_estimators": 26.53207127046924}, "datetime": {"datetime": "2021-09-20 19:34:51", "elapsed": 650.225901, "delta": 2.511574}}
{"target": -2.446776609492481, "params": {"max_depth": 22.76881370602017, "n_estimators": 64.79910874183909}, "datetime": {"datetime": "2021-09-20 19:34:53", "elapsed": 652.37317, "delta": 2.147269}}
{"target": -2.468245525210415, "params": {"max_depth": 20.068785448872585, "n_estimators": 101.81074295533081}, "datetime": {"datetime": "2021-09-20 19:34:56", "elapsed": 655.079948, "delta": 2.706778}}
{"target": -2.4703212475181457, "params": {"max_depth": 20.174526532440517, "n_estimators": 98.20900275308401}, "datetime": {"datetime": "2021-09-20 19:34:59", "elapsed": 658.256725, "delta": 3.176777}}
{"target": -2.4465999731916854, "params": {"max_depth": 19.53880462883176, "n_estimators": 67.5947066715095}, "datetime": {"datetime": "2021-09-20 19:35:01", "elapsed": 660.430892, "delta": 2.174167}}
{"target": -2.4937556911309384, "params": {"max_depth": 25.0, "n_estimators": 289.148709554881}, "datetime": {"datetime": "2021-09-20 19:35:05", "elapsed": 664.440706, "delta": 4.009814}}
{"target": -2.462738521773918, "params": {"max_depth": 19.980465566319854, "n_estimators": 71.93512056562707}, "datetime": {"datetime": "2021-09-20 19:35:09", "elapsed": 667.914731, "delta": 3.474025}}
{"target": -2.4801975219912493, "params": {"max_depth": 21.827264674777513, "n_estimators": 204.5867962729187}, "datetime": {"datetime": "2021-09-20 19:35:14", "elapsed": 673.188597, "delta": 5.273866}}
{"target": -2.5136852501760885, "params": {"max_depth": 12.537864015580045, "n_estimators": 234.08659352327467}, "datetime": {"datetime": "2021-09-20 19:35:18", "elapsed": 677.606374, "delta": 4.417777}}
{"target": -2.463417406157756, "params": {"max_depth": 14.084902168806988, "n_estimators": 124.42169844514225}, "datetime": {"datetime": "2021-09-20 19:35:22", "elapsed": 681.431203, "delta": 3.824829}}
{"target": -2.50239300203063, "params": {"max_depth": 12.74099731422055, "n_estimators": 115.72682621409878}, "datetime": {"datetime": "2021-09-20 19:35:26", "elapsed": 685.30252, "delta": 3.871317}}
{"target": -2.487390033621325, "params": {"max_depth": 15.173239555675075, "n_estimators": 89.917644663554}, "datetime": {"datetime": "2021-09-20 19:35:30", "elapsed": 689.272974, "delta": 3.970454}}
{"target": -2.4827791585445094, "params": {"max_depth": 19.7850187252369, "n_estimators": 90.68683612495084}, "datetime": {"datetime": "2021-09-20 19:35:33", "elapsed": 692.178387, "delta": 2.905413}}
{"target": -2.4867976491193238, "params": {"max_depth": 14.084059633805799, "n_estimators": 36.44271802422359}, "datetime": {"datetime": "2021-09-20 19:35:36", "elapsed": 695.577257, "delta": 3.39887}}
{"target": -2.4857421641902344, "params": {"max_depth": 22.839776457057386, "n_estimators": 252.1859477706697}, "datetime": {"datetime": "2021-09-20 19:35:40", "elapsed": 699.650026, "delta": 4.072769}}
{"target": -2.467971941865596, "params": {"max_depth": 17.993300603236953, "n_estimators": 79.52732946011886}, "datetime": {"datetime": "2021-09-20 19:35:45", "elapsed": 704.526662, "delta": 4.876636}}
{"target": -2.4553884528250673, "params": {"max_depth": 14.097845683144328, "n_estimators": 94.34224548472876}, "datetime": {"datetime": "2021-09-20 19:35:48", "elapsed": 707.156091, "delta": 2.629429}}
{"target": -2.4423802042419482, "params": {"max_depth": 24.312374235722423, "n_estimators": 67.48182156919201}, "datetime": {"datetime": "2021-09-20 19:35:51", "elapsed": 710.007447, "delta": 2.851356}}
{"target": -2.4876831696175894, "params": {"max_depth": 22.844253563655656, "n_estimators": 279.03101152932715}, "datetime": {"datetime": "2021-09-20 19:35:55", "elapsed": 714.289517, "delta": 4.28207}}
{"target": -2.4552743542093878, "params": {"max_depth": 18.462995550852163, "n_estimators": 56.917327091869566}, "datetime": {"datetime": "2021-09-20 19:35:58", "elapsed": 717.325924, "delta": 3.036407}}
{"target": -2.4680688463583196, "params": {"max_depth": 25.0, "n_estimators": 99.81112846216489}, "datetime": {"datetime": "2021-09-20 19:36:01", "elapsed": 720.181819, "delta": 2.855895}}
{"target": -2.4776576185954546, "params": {"max_depth": 22.233016171842017, "n_estimators": 194.78091826711935}, "datetime": {"datetime": "2021-09-20 19:36:05", "elapsed": 724.102197, "delta": 3.920378}}
{"target": -2.5097509584300477, "params": {"max_depth": 13.596613094401574, "n_estimators": 229.14749401115034}, "datetime": {"datetime": "2021-09-20 19:36:09", "elapsed": 728.041158, "delta": 3.938961}}
{"target": -2.450191342427106, "params": {"max_depth": 19.90119452591101, "n_estimators": 61.362414489103635}, "datetime": {"datetime": "2021-09-20 19:36:13", "elapsed": 731.902028, "delta": 3.86087}}
{"target": -2.484295652039933, "params": {"max_depth": 22.848055939805487, "n_estimators": 183.67162863416993}, "datetime": {"datetime": "2021-09-20 19:36:18", "elapsed": 736.883794, "delta": 4.981766}}
{"target": -2.5007428605554796, "params": {"max_depth": 12.098227523103205, "n_estimators": 108.38977916900349}, "datetime": {"datetime": "2021-09-20 19:36:21", "elapsed": 740.148032, "delta": 3.264238}}
{"target": -2.488211948929698, "params": {"max_depth": 21.947755346057775, "n_estimators": 244.5658330822362}, "datetime": {"datetime": "2021-09-20 19:36:25", "elapsed": 743.93818, "delta": 3.790148}}
{"target": -2.4930788059712543, "params": {"max_depth": 13.250712095252211, "n_estimators": 105.31783617422084}, "datetime": {"datetime": "2021-09-20 19:36:28", "elapsed": 747.438082, "delta": 3.499902}}
{"target": -2.460876259798432, "params": {"max_depth": 23.171872914603533, "n_estimators": 47.7221218735188}, "datetime": {"datetime": "2021-09-20 19:36:30", "elapsed": 749.435211, "delta": 1.997129}}
{"target": -2.4860256554027087, "params": {"max_depth": 20.002043177318384, "n_estimators": 168.01909936279787}, "datetime": {"datetime": "2021-09-20 19:36:34", "elapsed": 753.053894, "delta": 3.618683}}
{"target": -2.473685871948497, "params": {"max_depth": 15.06754594855176, "n_estimators": 100.96583909449895}, "datetime": {"datetime": "2021-09-20 19:36:37", "elapsed": 756.290488, "delta": 3.236594}}
{"target": -2.4867149887804763, "params": {"max_depth": 16.996810828695466, "n_estimators": 106.52389946393693}, "datetime": {"datetime": "2021-09-20 19:36:42", "elapsed": 760.897342, "delta": 4.606854}}
{"target": -2.4909505350513172, "params": {"max_depth": 24.202017801708326, "n_estimators": 241.22958533193574}, "datetime": {"datetime": "2021-09-20 19:36:47", "elapsed": 765.867964, "delta": 4.970622}}
{"target": -2.4915913020757596, "params": {"max_depth": 12.81956178282156, "n_estimators": 62.423452393887}, "datetime": {"datetime": "2021-09-20 19:36:52", "elapsed": 770.775241, "delta": 4.907277}}
{"target": -2.478040110356535, "params": {"max_depth": 23.367700176806423, "n_estimators": 124.31354681849429}, "datetime": {"datetime": "2021-09-20 19:36:55", "elapsed": 774.243647, "delta": 3.468406}}
{"target": -2.488799058212655, "params": {"max_depth": 18.096548717404517, "n_estimators": 277.67035087236695}, "datetime": {"datetime": "2021-09-20 19:37:00", "elapsed": 779.324964, "delta": 5.081317}}
{"target": -2.478013257442671, "params": {"max_depth": 21.386817076239176, "n_estimators": 107.70514700599482}, "datetime": {"datetime": "2021-09-20 19:37:03", "elapsed": 782.490191, "delta": 3.165227}}
{"target": -2.479463030189977, "params": {"max_depth": 22.339972505448678, "n_estimators": 131.12727059179937}, "datetime": {"datetime": "2021-09-20 19:37:08", "elapsed": 787.184417, "delta": 4.694226}}
{"target": -2.4727274037097424, "params": {"max_depth": 22.856372675429373, "n_estimators": 212.3033378151101}, "datetime": {"datetime": "2021-09-20 19:37:12", "elapsed": 790.848009, "delta": 3.663592}}
{"target": -2.495933796764028, "params": {"max_depth": 14.972865765405635, "n_estimators": 288.975922569427}, "datetime": {"datetime": "2021-09-20 19:37:17", "elapsed": 795.898831, "delta": 5.050822}}
{"target": -2.4846739885387854, "params": {"max_depth": 15.356578597521677, "n_estimators": 77.24115201026075}, "datetime": {"datetime": "2021-09-20 19:37:20", "elapsed": 799.465539, "delta": 3.566708}}
{"target": -2.4851444608023545, "params": {"max_depth": 23.304963609483274, "n_estimators": 143.227864136536}, "datetime": {"datetime": "2021-09-20 19:37:24", "elapsed": 802.804665, "delta": 3.339126}}
{"target": -2.4702835877588845, "params": {"max_depth": 17.029097712897933, "n_estimators": 118.35642578654469}, "datetime": {"datetime": "2021-09-20 19:37:28", "elapsed": 807.384003, "delta": 4.579338}}
{"target": -2.493239395129612, "params": {"max_depth": 24.940646320943006, "n_estimators": 268.45507690923876}, "datetime": {"datetime": "2021-09-20 19:37:32", "elapsed": 811.475719, "delta": 4.091716}}
{"target": -2.524381913706657, "params": {"max_depth": 11.524756679806773, "n_estimators": 272.9230711956675}, "datetime": {"datetime": "2021-09-20 19:37:36", "elapsed": 815.606511, "delta": 4.130792}}
{"target": -2.448311562420544, "params": {"max_depth": 20.911152053290508, "n_estimators": 69.19807663599015}, "datetime": {"datetime": "2021-09-20 19:37:39", "elapsed": 818.479399, "delta": 2.872888}}
{"target": -2.49166387669818, "params": {"max_depth": 22.08244617484334, "n_estimators": 233.22406229437374}, "datetime": {"datetime": "2021-09-20 19:37:44", "elapsed": 822.927436, "delta": 4.448037}}
{"target": -2.492278060605656, "params": {"max_depth": 14.15143878803891, "n_estimators": 175.75260918662647}, "datetime": {"datetime": "2021-09-20 19:37:48", "elapsed": 827.694441, "delta": 4.767005}}
{"target": -2.4716034676166188, "params": {"max_depth": 15.229390815429099, "n_estimators": 98.0458597868732}, "datetime": {"datetime": "2021-09-20 19:37:52", "elapsed": 831.532472, "delta": 3.838031}}
{"target": -2.6902118182465156, "params": {"max_depth": 6.805109838643891, "n_estimators": 165.66097292733676}, "datetime": {"datetime": "2021-09-20 19:37:57", "elapsed": 835.939737, "delta": 4.407265}}
{"target": -2.491305353977275, "params": {"max_depth": 21.046280417481785, "n_estimators": 287.3109872584199}, "datetime": {"datetime": "2021-09-20 19:38:02", "elapsed": 840.817963, "delta": 4.878226}}
{"target": -2.488171883828065, "params": {"max_depth": 22.358398193498854, "n_estimators": 173.15295575534515}, "datetime": {"datetime": "2021-09-20 19:38:06", "elapsed": 845.544533, "delta": 4.72657}}
{"target": -2.456238546840207, "params": {"max_depth": 15.116139810601645, "n_estimators": 61.544411621887605}, "datetime": {"datetime": "2021-09-20 19:38:10", "elapsed": 849.008625, "delta": 3.464092}}
{"target": -2.5021752041322474, "params": {"max_depth": 10.280273590252374, "n_estimators": 79.77513103472018}, "datetime": {"datetime": "2021-09-20 19:38:13", "elapsed": 852.744175, "delta": 3.73555}}
{"target": -2.4732312895726154, "params": {"max_depth": 22.586803439254133, "n_estimators": 76.80808289550461}, "datetime": {"datetime": "2021-09-20 19:38:17", "elapsed": 855.837754, "delta": 3.093579}}
{"target": -2.4630599104143336, "params": {"max_depth": 24.94237009493883, "n_estimators": 47.380357522221345}, "datetime": {"datetime": "2021-09-20 19:38:20", "elapsed": 859.67505, "delta": 3.837296}}
{"target": -2.454968058373447, "params": {"max_depth": 19.683593879626343, "n_estimators": 63.58329556454705}, "datetime": {"datetime": "2021-09-20 19:38:25", "elapsed": 864.443417, "delta": 4.768367}}
{"target": -2.4766667347717117, "params": {"max_depth": 21.031343226863402, "n_estimators": 92.87303914315896}, "datetime": {"datetime": "2021-09-20 19:38:29", "elapsed": 867.926409, "delta": 3.482992}}
{"target": -2.4436526951707624, "params": {"max_depth": 17.635189700533832, "n_estimators": 67.0550173729947}, "datetime": {"datetime": "2021-09-20 19:38:33", "elapsed": 871.942933, "delta": 4.016524}}
{"target": -2.466737379162191, "params": {"max_depth": 22.870739482984376, "n_estimators": 35.81727230067351}, "datetime": {"datetime": "2021-09-20 19:38:36", "elapsed": 875.546037, "delta": 3.603104}}
{"target": -2.451838945881654, "params": {"max_depth": 20.27334439873584, "n_estimators": 59.36857213676029}, "datetime": {"datetime": "2021-09-20 19:38:39", "elapsed": 878.070807, "delta": 2.52477}}
{"target": -2.464904459790296, "params": {"max_depth": 17.6510991626687, "n_estimators": 102.24268124697757}, "datetime": {"datetime": "2021-09-20 19:38:43", "elapsed": 881.816912, "delta": 3.746105}}
{"target": -2.480854205827064, "params": {"max_depth": 22.70579992515854, "n_estimators": 200.64017927493728}, "datetime": {"datetime": "2021-09-20 19:38:47", "elapsed": 885.86791, "delta": 4.050998}}
{"target": -2.4855305534367305, "params": {"max_depth": 19.58806073018256, "n_estimators": 138.704868933711}, "datetime": {"datetime": "2021-09-20 19:38:50", "elapsed": 889.523196, "delta": 3.655286}}
{"target": -2.480854784203616, "params": {"max_depth": 19.009639535651235, "n_estimators": 133.0790219741861}, "datetime": {"datetime": "2021-09-20 19:38:54", "elapsed": 893.337681, "delta": 3.814485}}
{"target": -2.4936013769542904, "params": {"max_depth": 19.18863884893633, "n_estimators": 28.729404396222645}, "datetime": {"datetime": "2021-09-20 19:38:58", "elapsed": 897.278457, "delta": 3.940776}}
{"target": -2.4450892857142854, "params": {"max_depth": 22.907952424584625, "n_estimators": 68.4303205781918}, "datetime": {"datetime": "2021-09-20 19:39:02", "elapsed": 900.855584, "delta": 3.577127}}
{"target": -2.4766447368421054, "params": {"max_depth": 23.425071261249485, "n_estimators": 86.89113389501411}, "datetime": {"datetime": "2021-09-20 19:39:07", "elapsed": 906.563598, "delta": 5.708014}}
{"target": -2.472441520467832, "params": {"max_depth": 23.15341033655816, "n_estimators": 216.8223859907276}, "datetime": {"datetime": "2021-09-20 19:39:11", "elapsed": 910.62678, "delta": 4.063182}}
{"target": -2.4936502188594702, "params": {"max_depth": 19.28010049688504, "n_estimators": 238.4445626413349}, "datetime": {"datetime": "2021-09-20 19:39:15", "elapsed": 914.731081, "delta": 4.104301}}
{"target": -2.505680747102332, "params": {"max_depth": 13.246977489639642, "n_estimators": 204.0487775077704}, "datetime": {"datetime": "2021-09-20 19:39:21", "elapsed": 920.391583, "delta": 5.660502}}
{"target": -2.4788236716580974, "params": {"max_depth": 19.120267366208004, "n_estimators": 198.35732269725648}, "datetime": {"datetime": "2021-09-20 19:39:26", "elapsed": 925.545901, "delta": 5.154318}}
{"target": -2.4785310304909056, "params": {"max_depth": 15.4441381560557, "n_estimators": 92.6824237728103}, "datetime": {"datetime": "2021-09-20 19:39:30", "elapsed": 929.161962, "delta": 3.616061}}
{"target": -2.4884881969271526, "params": {"max_depth": 15.882991068263914, "n_estimators": 84.56821820681188}, "datetime": {"datetime": "2021-09-20 19:39:34", "elapsed": 933.324315, "delta": 4.162353}}
{"target": -2.4871240601503755, "params": {"max_depth": 23.574491682794168, "n_estimators": 28.27861303971102}, "datetime": {"datetime": "2021-09-20 19:39:39", "elapsed": 937.944881, "delta": 4.620566}}
{"target": -2.4791396482394474, "params": {"max_depth": 18.154355341505493, "n_estimators": 112.62020082396128}, "datetime": {"datetime": "2021-09-20 19:39:42", "elapsed": 941.148441, "delta": 3.20356}}
{"target": -2.452239150507849, "params": {"max_depth": 23.254515016507632, "n_estimators": 57.443187009230066}, "datetime": {"datetime": "2021-09-20 19:39:46", "elapsed": 945.433745, "delta": 4.285304}}
{"target": -2.4768918734660454, "params": {"max_depth": 25.0, "n_estimators": 193.52317975227524}, "datetime": {"datetime": "2021-09-20 19:39:52", "elapsed": 950.929976, "delta": 5.496231}}
{"target": -2.475444238243913, "params": {"max_depth": 22.872579973824198, "n_estimators": 118.34331819832471}, "datetime": {"datetime": "2021-09-20 19:39:55", "elapsed": 954.315862, "delta": 3.385886}}
{"target": -2.485257541720152, "params": {"max_depth": 24.992260465306778, "n_estimators": 164.83509574916724}, "datetime": {"datetime": "2021-09-20 19:40:00", "elapsed": 959.455577, "delta": 5.139715}}
{"target": -2.484783187726398, "params": {"max_depth": 24.983975502034994, "n_estimators": 247.6195167560477}, "datetime": {"datetime": "2021-09-20 19:40:06", "elapsed": 965.275781, "delta": 5.820204}}
{"target": -2.4754709912556514, "params": {"max_depth": 19.312988987406037, "n_estimators": 212.5679135900838}, "datetime": {"datetime": "2021-09-20 19:40:10", "elapsed": 969.521132, "delta": 4.245351}}
{"target": -2.487783553587857, "params": {"max_depth": 13.586800273883632, "n_estimators": 59.69879368917761}, "datetime": {"datetime": "2021-09-20 19:40:13", "elapsed": 972.709467, "delta": 3.188335}}
{"target": -2.4951612929006166, "params": {"max_depth": 22.42220634900913, "n_estimators": 294.1488213974148}, "datetime": {"datetime": "2021-09-20 19:40:19", "elapsed": 978.585726, "delta": 5.876259}}
{"target": -2.4863557459750183, "params": {"max_depth": 19.9334504112583, "n_estimators": 162.62568392906405}, "datetime": {"datetime": "2021-09-20 19:40:24", "elapsed": 983.636071, "delta": 5.050345}}
{"target": -2.4775538277511924, "params": {"max_depth": 23.212243335422876, "n_estimators": 220.0663823105688}, "datetime": {"datetime": "2021-09-20 19:40:29", "elapsed": 988.59227, "delta": 4.956199}}
{"target": -2.5095398125825983, "params": {"max_depth": 10.586523898324272, "n_estimators": 133.66811235032907}, "datetime": {"datetime": "2021-09-20 19:40:34", "elapsed": 992.789897, "delta": 4.197627}}
{"target": -2.5075020991645927, "params": {"max_depth": 13.490147834933921, "n_estimators": 249.21648444731096}, "datetime": {"datetime": "2021-09-20 19:40:39", "elapsed": 998.558735, "delta": 5.768838}}
{"target": -2.4878789650681847, "params": {"max_depth": 17.35934741936009, "n_estimators": 251.83026995911436}, "datetime": {"datetime": "2021-09-20 19:40:44", "elapsed": 1003.630665, "delta": 5.07193}}
{"target": -2.4803493668028325, "params": {"max_depth": 14.832512588459402, "n_estimators": 140.79385866249228}, "datetime": {"datetime": "2021-09-20 19:40:49", "elapsed": 1007.999666, "delta": 4.369001}}
{"target": -2.4922267317952516, "params": {"max_depth": 17.527539694251853, "n_estimators": 234.19225136355826}, "datetime": {"datetime": "2021-09-20 19:40:55", "elapsed": 1013.982923, "delta": 5.983257}}
{"target": -2.4754781802479164, "params": {"max_depth": 22.869085756718132, "n_estimators": 111.29692883523633}, "datetime": {"datetime": "2021-09-20 19:40:59", "elapsed": 1018.141897, "delta": 4.158974}}
{"target": -2.4397228867623606, "params": {"max_depth": 23.599889991186195, "n_estimators": 66.08266882300357}, "datetime": {"datetime": "2021-09-20 19:41:02", "elapsed": 1021.357208, "delta": 3.215311}}
{"target": -2.50121269726679, "params": {"max_depth": 13.407045058975454, "n_estimators": 150.8214755142834}, "datetime": {"datetime": "2021-09-20 19:41:07", "elapsed": 1026.09319, "delta": 4.735982}}
{"target": -2.4841043343221303, "params": {"max_depth": 22.639193518097528, "n_estimators": 256.32335412811847}, "datetime": {"datetime": "2021-09-20 19:41:12", "elapsed": 1030.931478, "delta": 4.838288}}
{"target": -2.5204954660957943, "params": {"max_depth": 19.46696767728414, "n_estimators": 24.781278519513652}, "datetime": {"datetime": "2021-09-20 19:41:15", "elapsed": 1034.096378, "delta": 3.1649}}
