{"target": -11.04564331856023, "params": {"max_depth": 28.63679233461708, "n_estimators": 113.27464308659845}, "datetime": {"datetime": "2021-09-27 18:33:28", "elapsed": 1840.720139, "delta": 7.435283}}
{"target": -11.12160530953894, "params": {"max_depth": 17.295605803797756, "n_estimators": 129.5400928488262}, "datetime": {"datetime": "2021-09-27 18:33:37", "elapsed": 1849.925292, "delta": 9.205153}}
{"target": -11.11614961643644, "params": {"max_depth": 14.736486884353628, "n_estimators": 128.3334239935744}, "datetime": {"datetime": "2021-09-27 18:33:48", "elapsed": 1860.382453, "delta": 10.457161}}
{"target": -11.087022858407696, "params": {"max_depth": 23.58586773347478, "n_estimators": 148.65476794899735}, "datetime": {"datetime": "2021-09-27 18:33:55", "elapsed": 1867.812926, "delta": 7.430473}}
{"target": -11.012429100576087, "params": {"max_depth": 20.657100352817807, "n_estimators": 102.65109036293552}, "datetime": {"datetime": "2021-09-27 18:34:01", "elapsed": 1873.909393, "delta": 6.096467}}
{"target": -11.092902162252862, "params": {"max_depth": 12.29043755962629, "n_estimators": 105.04589948940587}, "datetime": {"datetime": "2021-09-27 18:34:07", "elapsed": 1880.217269, "delta": 6.307876}}
{"target": -11.033900261317783, "params": {"max_depth": 15.59401794636202, "n_estimators": 114.95794459636825}, "datetime": {"datetime": "2021-09-27 18:34:13", "elapsed": 1885.251941, "delta": 5.034672}}
{"target": -11.040603124278473, "params": {"max_depth": 15.924209402610115, "n_estimators": 117.44958635674787}, "datetime": {"datetime": "2021-09-27 18:34:18", "elapsed": 1890.657304, "delta": 5.405363}}
{"target": -11.132500020212452, "params": {"max_depth": 14.722699319934279, "n_estimators": 178.65484516953126}, "datetime": {"datetime": "2021-09-27 18:34:26", "elapsed": 1898.750785, "delta": 8.093481}}
{"target": -11.08548116944049, "params": {"max_depth": 19.587848855006875, "n_estimators": 122.24845216055022}, "datetime": {"datetime": "2021-09-27 18:34:31", "elapsed": 1903.689258, "delta": 4.938473}}
{"target": -11.080570811113304, "params": {"max_depth": 16.87357055528013, "n_estimators": 153.2659844206154}, "datetime": {"datetime": "2021-09-27 18:34:42", "elapsed": 1914.782887, "delta": 11.093629}}
