{"target": -12.508220120336288, "params": {"max_depth": 6.051205317468, "n_estimators": 17.32967408088951}, "datetime": {"datetime": "2021-09-27 17:19:19", "elapsed": 36.801356, "delta": 0.478}}
{"target": -11.37188132770098, "params": {"max_depth": 9.859325745699472, "n_estimators": 93.9828044080626}, "datetime": {"datetime": "2021-09-27 17:19:20", "elapsed": 38.011355, "delta": 1.209999}}
{"target": -24.675891280605033, "params": {"max_depth": 1.073778863921963, "n_estimators": 98.2793495718933}, "datetime": {"datetime": "2021-09-27 17:19:21", "elapsed": 38.777398, "delta": 0.766043}}
{"target": -11.732492238918288, "params": {"max_depth": 16.517637972827757, "n_estimators": 9.091880880572619}, "datetime": {"datetime": "2021-09-27 17:19:21", "elapsed": 39.21361, "delta": 0.436212}}
{"target": -11.193552508667493, "params": {"max_depth": 29.934693065362872, "n_estimators": 61.6019814533556}, "datetime": {"datetime": "2021-09-27 17:19:23", "elapsed": 40.587857, "delta": 1.374247}}
{"target": -11.54697356404952, "params": {"max_depth": 30.0, "n_estimators": 24.973841325877302}, "datetime": {"datetime": "2021-09-27 17:19:24", "elapsed": 41.293301, "delta": 0.705444}}
{"target": -11.173081912660813, "params": {"max_depth": 11.925017279336721, "n_estimators": 88.13390755725695}, "datetime": {"datetime": "2021-09-27 17:19:25", "elapsed": 42.993598, "delta": 1.700297}}
{"target": -11.031160964068672, "params": {"max_depth": 22.45147492409759, "n_estimators": 99.99878601480269}, "datetime": {"datetime": "2021-09-27 17:19:27", "elapsed": 44.61471, "delta": 1.621112}}
{"target": -11.23017744856541, "params": {"max_depth": 17.885926540878657, "n_estimators": 60.40175300706043}, "datetime": {"datetime": "2021-09-27 17:19:28", "elapsed": 45.765701, "delta": 1.150991}}
{"target": -11.49606144398775, "params": {"max_depth": 11.354828210713784, "n_estimators": 34.76570867509426}, "datetime": {"datetime": "2021-09-27 17:19:29", "elapsed": 46.479376, "delta": 0.713675}}
{"target": -11.441489455721635, "params": {"max_depth": 19.741559403902777, "n_estimators": 26.80011665368664}, "datetime": {"datetime": "2021-09-27 17:19:29", "elapsed": 47.103379, "delta": 0.624003}}
{"target": -11.377369225216945, "params": {"max_depth": 14.277283062444216, "n_estimators": 48.38971390826793}, "datetime": {"datetime": "2021-09-27 17:19:30", "elapsed": 47.826375, "delta": 0.722996}}
{"target": -11.15525070073607, "params": {"max_depth": 19.261695711097715, "n_estimators": 80.3860422628296}, "datetime": {"datetime": "2021-09-27 17:19:31", "elapsed": 49.045618, "delta": 1.219243}}
{"target": -11.084614862686326, "params": {"max_depth": 11.186854141662918, "n_estimators": 99.8197745796811}, "datetime": {"datetime": "2021-09-27 17:19:33", "elapsed": 50.352618, "delta": 1.307}}
{"target": -11.669747376581642, "params": {"max_depth": 30.0, "n_estimators": 11.991186230111447}, "datetime": {"datetime": "2021-09-27 17:19:33", "elapsed": 50.763617, "delta": 0.410999}}
{"target": -11.079600626196063, "params": {"max_depth": 29.833397129986494, "n_estimators": 95.09752810638982}, "datetime": {"datetime": "2021-09-27 17:19:34", "elapsed": 52.162114, "delta": 1.398497}}
{"target": -11.847242516923599, "params": {"max_depth": 10.22569525062524, "n_estimators": 11.96621411277756}, "datetime": {"datetime": "2021-09-27 17:19:35", "elapsed": 52.616554, "delta": 0.45444}}
{"target": -11.472759524132918, "params": {"max_depth": 21.936601900030627, "n_estimators": 34.32553027066755}, "datetime": {"datetime": "2021-09-27 17:19:35", "elapsed": 53.261555, "delta": 0.645001}}
{"target": -11.512501606252949, "params": {"max_depth": 24.673011512899894, "n_estimators": 15.279513408465402}, "datetime": {"datetime": "2021-09-27 17:19:36", "elapsed": 53.838561, "delta": 0.577006}}
{"target": -11.167782409883527, "params": {"max_depth": 29.916522642161105, "n_estimators": 83.58492288762294}, "datetime": {"datetime": "2021-09-27 17:19:37", "elapsed": 55.025864, "delta": 1.187303}}
{"target": -11.143320160926876, "params": {"max_depth": 16.04773098281357, "n_estimators": 76.1756789615711}, "datetime": {"datetime": "2021-09-27 17:19:38", "elapsed": 56.094868, "delta": 1.069004}}
{"target": -11.259564965048174, "params": {"max_depth": 21.136099178173097, "n_estimators": 54.77466283690886}, "datetime": {"datetime": "2021-09-27 17:19:39", "elapsed": 56.981975, "delta": 0.887107}}
{"target": -11.11349544531293, "params": {"max_depth": 18.119488312639763, "n_estimators": 87.03019836936025}, "datetime": {"datetime": "2021-09-27 17:19:40", "elapsed": 58.156977, "delta": 1.175002}}
{"target": -10.9864734145706, "params": {"max_depth": 15.153249352896715, "n_estimators": 67.8506832034011}, "datetime": {"datetime": "2021-09-27 17:19:41", "elapsed": 59.102176, "delta": 0.945199}}
{"target": -11.02216540553383, "params": {"max_depth": 25.079906155390038, "n_estimators": 65.43021995580253}, "datetime": {"datetime": "2021-09-27 17:19:43", "elapsed": 60.336281, "delta": 1.234105}}
{"target": -11.50905172278746, "params": {"max_depth": 29.887698595339977, "n_estimators": 40.61061619780631}, "datetime": {"datetime": "2021-09-27 17:19:43", "elapsed": 61.213137, "delta": 0.876856}}
{"target": -11.105248310596764, "params": {"max_depth": 22.13421532676173, "n_estimators": 90.97532350341167}, "datetime": {"datetime": "2021-09-27 17:19:45", "elapsed": 62.445598, "delta": 1.232461}}
{"target": -11.48972253412626, "params": {"max_depth": 17.41335481781259, "n_estimators": 38.49885346349382}, "datetime": {"datetime": "2021-09-27 17:19:45", "elapsed": 63.268596, "delta": 0.822998}}
{"target": -11.696641132991092, "params": {"max_depth": 19.400730800776763, "n_estimators": 13.864267309340548}, "datetime": {"datetime": "2021-09-27 17:19:46", "elapsed": 63.748599, "delta": 0.480003}}
{"target": -11.069607173492475, "params": {"max_depth": 19.29504486507218, "n_estimators": 96.1200283394447}, "datetime": {"datetime": "2021-09-27 17:19:47", "elapsed": 65.11811, "delta": 1.369511}}
{"target": -11.193043718922187, "params": {"max_depth": 25.188765769799453, "n_estimators": 80.34376345373964}, "datetime": {"datetime": "2021-09-27 17:19:48", "elapsed": 66.223112, "delta": 1.105002}}
{"target": -11.104451286110764, "params": {"max_depth": 24.209207924379122, "n_estimators": 70.79688137348798}, "datetime": {"datetime": "2021-09-27 17:19:49", "elapsed": 67.210972, "delta": 0.98786}}
{"target": -11.178421329015775, "params": {"max_depth": 30.0, "n_estimators": 73.37842670071086}, "datetime": {"datetime": "2021-09-27 17:19:51", "elapsed": 68.382162, "delta": 1.17119}}
{"target": -11.58201714187358, "params": {"max_depth": 25.39808900731035, "n_estimators": 22.861954050577175}, "datetime": {"datetime": "2021-09-27 17:19:51", "elapsed": 69.195162, "delta": 0.813}}
{"target": -11.381091379823097, "params": {"max_depth": 10.061998837959962, "n_estimators": 58.86207698371915}, "datetime": {"datetime": "2021-09-27 17:19:52", "elapsed": 70.189158, "delta": 0.993996}}
{"target": -11.055713402201564, "params": {"max_depth": 18.02316797018689, "n_estimators": 71.5817373417224}, "datetime": {"datetime": "2021-09-27 17:19:53", "elapsed": 71.270727, "delta": 1.081569}}
{"target": -11.35318152911382, "params": {"max_depth": 16.10786558902376, "n_estimators": 20.62053652350432}, "datetime": {"datetime": "2021-09-27 17:19:54", "elapsed": 71.971723, "delta": 0.700996}}
{"target": -11.294944018556116, "params": {"max_depth": 18.781342839166197, "n_estimators": 49.70042220486052}, "datetime": {"datetime": "2021-09-27 17:19:55", "elapsed": 72.887922, "delta": 0.916199}}
{"target": -11.417049904691359, "params": {"max_depth": 24.24432329168516, "n_estimators": 44.38189767798013}, "datetime": {"datetime": "2021-09-27 17:19:56", "elapsed": 73.733909, "delta": 0.845987}}
{"target": -27.263702740441325, "params": {"max_depth": 1.0, "n_estimators": 14.446530084922609}, "datetime": {"datetime": "2021-09-27 17:19:56", "elapsed": 74.177918, "delta": 0.444009}}
{"target": -11.609167991872244, "params": {"max_depth": 10.036726952646111, "n_estimators": 19.452625198065906}, "datetime": {"datetime": "2021-09-27 17:19:57", "elapsed": 75.053997, "delta": 0.876079}}
{"target": -12.923705480865793, "params": {"max_depth": 20.64523599281885, "n_estimators": 3.6777280463203725}, "datetime": {"datetime": "2021-09-27 17:19:58", "elapsed": 75.442993, "delta": 0.388996}}
{"target": -11.105248310596764, "params": {"max_depth": 26.458666173612965, "n_estimators": 90.31169015619294}, "datetime": {"datetime": "2021-09-27 17:19:59", "elapsed": 76.708826, "delta": 1.265833}}
{"target": -12.565779655936439, "params": {"max_depth": 8.700914472846705, "n_estimators": 15.353567506131082}, "datetime": {"datetime": "2021-09-27 17:20:00", "elapsed": 77.418784, "delta": 0.709958}}
{"target": -13.052038201139423, "params": {"max_depth": 9.551349574755683, "n_estimators": 7.575437714034996}, "datetime": {"datetime": "2021-09-27 17:20:00", "elapsed": 78.067787, "delta": 0.649003}}
{"target": -11.259564965048174, "params": {"max_depth": 25.59410132589834, "n_estimators": 54.400965970698515}, "datetime": {"datetime": "2021-09-27 17:20:01", "elapsed": 79.062336, "delta": 0.994549}}
{"target": -11.5896373864206, "params": {"max_depth": 11.168738942515382, "n_estimators": 29.434398076792778}, "datetime": {"datetime": "2021-09-27 17:20:02", "elapsed": 79.844339, "delta": 0.782003}}
{"target": -11.214687529167758, "params": {"max_depth": 11.74107342589696, "n_estimators": 78.03493724838556}, "datetime": {"datetime": "2021-09-27 17:20:03", "elapsed": 81.278237, "delta": 1.433898}}
{"target": -11.538732805486843, "params": {"max_depth": 29.93205804037861, "n_estimators": 29.930518702395428}, "datetime": {"datetime": "2021-09-27 17:20:04", "elapsed": 82.17123, "delta": 0.892993}}
{"target": -11.203801201760351, "params": {"max_depth": 26.385816582928527, "n_estimators": 75.35316393146512}, "datetime": {"datetime": "2021-09-27 17:20:06", "elapsed": 83.395417, "delta": 1.224187}}
{"target": -11.3230339611373, "params": {"max_depth": 13.764104394725248, "n_estimators": 60.13918188291831}, "datetime": {"datetime": "2021-09-27 17:20:07", "elapsed": 84.577567, "delta": 1.18215}}
{"target": -11.041641689676448, "params": {"max_depth": 26.425389938652998, "n_estimators": 100.0}, "datetime": {"datetime": "2021-09-27 17:20:08", "elapsed": 86.079569, "delta": 1.502002}}
{"target": -12.128518304499748, "params": {"max_depth": 7.943941446760891, "n_estimators": 22.808763525895834}, "datetime": {"datetime": "2021-09-27 17:20:09", "elapsed": 86.837974, "delta": 0.758405}}
{"target": -11.02216540553383, "params": {"max_depth": 30.0, "n_estimators": 65.58028733506022}, "datetime": {"datetime": "2021-09-27 17:20:10", "elapsed": 88.103968, "delta": 1.265994}}
{"target": -11.193552508667493, "params": {"max_depth": 21.792838549926365, "n_estimators": 61.81084506044887}, "datetime": {"datetime": "2021-09-27 17:20:11", "elapsed": 89.218879, "delta": 1.114911}}
{"target": -11.341346927165452, "params": {"max_depth": 30.0, "n_estimators": 49.91509232379864}, "datetime": {"datetime": "2021-09-27 17:20:12", "elapsed": 90.116874, "delta": 0.897995}}
{"target": -11.103851242629444, "params": {"max_depth": 14.346492531061655, "n_estimators": 95.61191620313438}, "datetime": {"datetime": "2021-09-27 17:20:14", "elapsed": 91.732791, "delta": 1.615917}}
{"target": -11.072726920944595, "params": {"max_depth": 16.260965074467343, "n_estimators": 64.05752213911832}, "datetime": {"datetime": "2021-09-27 17:20:15", "elapsed": 92.907226, "delta": 1.174435}}
{"target": -11.47966545449521, "params": {"max_depth": 15.755051217981713, "n_estimators": 28.3485861681141}, "datetime": {"datetime": "2021-09-27 17:20:16", "elapsed": 93.576222, "delta": 0.668996}}
{"target": -11.558342902300504, "params": {"max_depth": 13.82731104942298, "n_estimators": 43.530723658189395}, "datetime": {"datetime": "2021-09-27 17:20:17", "elapsed": 94.616226, "delta": 1.040004}}
{"target": -11.472759524132918, "params": {"max_depth": 26.061139407338896, "n_estimators": 34.0317699064362}, "datetime": {"datetime": "2021-09-27 17:20:18", "elapsed": 95.519397, "delta": 0.903171}}
{"target": -11.151627546323631, "params": {"max_depth": 27.034969084083656, "n_estimators": 85.84600107132101}, "datetime": {"datetime": "2021-09-27 17:20:19", "elapsed": 96.871432, "delta": 1.352035}}
{"target": -11.238114687005863, "params": {"max_depth": 10.001925536208256, "n_estimators": 90.60063864345848}, "datetime": {"datetime": "2021-09-27 17:20:21", "elapsed": 98.328437, "delta": 1.457005}}
{"target": -11.269020823199464, "params": {"max_depth": 10.22613321224815, "n_estimators": 84.13431197902472}, "datetime": {"datetime": "2021-09-27 17:20:22", "elapsed": 99.51863, "delta": 1.190193}}
{"target": -11.435531932155477, "params": {"max_depth": 21.12725371150605, "n_estimators": 41.033788883672386}, "datetime": {"datetime": "2021-09-27 17:20:23", "elapsed": 100.497631, "delta": 0.979001}}
{"target": -11.18796103319987, "params": {"max_depth": 29.9744322666279, "n_estimators": 57.62663551506907}, "datetime": {"datetime": "2021-09-27 17:20:24", "elapsed": 101.631357, "delta": 1.133726}}
{"target": -11.454515997732626, "params": {"max_depth": 21.040704965792425, "n_estimators": 30.45791309538921}, "datetime": {"datetime": "2021-09-27 17:20:25", "elapsed": 102.395359, "delta": 0.764002}}
{"target": -11.137861543923732, "params": {"max_depth": 11.143714529111438, "n_estimators": 68.14503791620604}, "datetime": {"datetime": "2021-09-27 17:20:26", "elapsed": 103.515011, "delta": 1.119652}}
{"target": -11.035002818680315, "params": {"max_depth": 19.209242317562676, "n_estimators": 99.9992725740977}, "datetime": {"datetime": "2021-09-27 17:20:27", "elapsed": 105.055196, "delta": 1.540185}}
{"target": -12.20357366362282, "params": {"max_depth": 8.4859250966377, "n_estimators": 37.624905567892085}, "datetime": {"datetime": "2021-09-27 17:20:28", "elapsed": 105.997193, "delta": 0.941997}}
{"target": -11.733980923729007, "params": {"max_depth": 28.31925335754629, "n_estimators": 14.759638446297656}, "datetime": {"datetime": "2021-09-27 17:20:29", "elapsed": 106.656879, "delta": 0.659686}}
{"target": -11.178276935018276, "params": {"max_depth": 22.22479784209705, "n_estimators": 58.020150078873606}, "datetime": {"datetime": "2021-09-27 17:20:30", "elapsed": 107.853137, "delta": 1.196258}}
{"target": -11.307768829116634, "params": {"max_depth": 26.78572536798005, "n_estimators": 47.625462821341905}, "datetime": {"datetime": "2021-09-27 17:20:31", "elapsed": 108.956075, "delta": 1.102938}}
{"target": -11.808107429757394, "params": {"max_depth": 20.298715602331324, "n_estimators": 8.151875215755329}, "datetime": {"datetime": "2021-09-27 17:20:32", "elapsed": 109.659076, "delta": 0.703001}}
{"target": -11.130521042022668, "params": {"max_depth": 19.60068843053866, "n_estimators": 83.76196547718479}, "datetime": {"datetime": "2021-09-27 17:20:33", "elapsed": 111.156295, "delta": 1.497219}}
{"target": -11.090763207241528, "params": {"max_depth": 29.902361692943586, "n_estimators": 92.08024994595037}, "datetime": {"datetime": "2021-09-27 17:20:35", "elapsed": 112.531786, "delta": 1.375491}}
{"target": -11.631643869108698, "params": {"max_depth": 17.836198298995225, "n_estimators": 17.517472958543102}, "datetime": {"datetime": "2021-09-27 17:20:36", "elapsed": 113.351661, "delta": 0.819875}}
{"target": -11.574555184296146, "params": {"max_depth": 19.496287313000355, "n_estimators": 22.943278209746552}, "datetime": {"datetime": "2021-09-27 17:20:36", "elapsed": 114.130654, "delta": 0.778993}}
{"target": -11.083762618674172, "params": {"max_depth": 18.804837474466428, "n_estimators": 91.79513779318498}, "datetime": {"datetime": "2021-09-27 17:20:38", "elapsed": 115.645047, "delta": 1.514393}}
{"target": -11.100211675715176, "params": {"max_depth": 21.101042299896307, "n_estimators": 69.78095284886464}, "datetime": {"datetime": "2021-09-27 17:20:39", "elapsed": 117.075877, "delta": 1.43083}}
{"target": -11.5428324080087, "params": {"max_depth": 13.713312176717364, "n_estimators": 39.10802676236887}, "datetime": {"datetime": "2021-09-27 17:20:40", "elapsed": 117.982881, "delta": 0.907004}}
{"target": -11.148979089002632, "params": {"max_depth": 14.538819668819526, "n_estimators": 79.1181257516707}, "datetime": {"datetime": "2021-09-27 17:20:42", "elapsed": 119.337492, "delta": 1.354611}}
{"target": -11.329993308936318, "params": {"max_depth": 25.771429239231797, "n_estimators": 19.103101814935503}, "datetime": {"datetime": "2021-09-27 17:20:43", "elapsed": 120.616495, "delta": 1.279003}}
{"target": -11.314885649049153, "params": {"max_depth": 9.701882557449878, "n_estimators": 97.5493779370387}, "datetime": {"datetime": "2021-09-27 17:20:44", "elapsed": 122.223744, "delta": 1.607249}}
{"target": -11.383661535981036, "params": {"max_depth": 16.220382522770077, "n_estimators": 52.047971623580786}, "datetime": {"datetime": "2021-09-27 17:20:46", "elapsed": 123.364549, "delta": 1.140805}}
{"target": -11.058129747425106, "params": {"max_depth": 27.68582796796565, "n_estimators": 97.34320528448549}, "datetime": {"datetime": "2021-09-27 17:20:47", "elapsed": 125.096494, "delta": 1.731945}}
{"target": -11.80325392891579, "params": {"max_depth": 7.758115308404419, "n_estimators": 62.669934626179206}, "datetime": {"datetime": "2021-09-27 17:20:49", "elapsed": 126.348274, "delta": 1.25178}}
{"target": -11.173398680159051, "params": {"max_depth": 27.515083805830372, "n_estimators": 63.94994941495217}, "datetime": {"datetime": "2021-09-27 17:20:50", "elapsed": 127.528535, "delta": 1.180261}}
{"target": -11.17776519027008, "params": {"max_depth": 22.387585141467735, "n_estimators": 78.55587903390696}, "datetime": {"datetime": "2021-09-27 17:20:51", "elapsed": 128.963972, "delta": 1.435437}}
{"target": -11.320839266247233, "params": {"max_depth": 21.242696318729678, "n_estimators": 46.52898367759684}, "datetime": {"datetime": "2021-09-27 17:20:52", "elapsed": 130.165978, "delta": 1.202006}}
{"target": -11.154156921793842, "params": {"max_depth": 18.03926692356943, "n_estimators": 56.757708623674304}, "datetime": {"datetime": "2021-09-27 17:20:54", "elapsed": 131.423385, "delta": 1.257407}}
{"target": -11.153869479718603, "params": {"max_depth": 14.620081402770538, "n_estimators": 85.88109080460275}, "datetime": {"datetime": "2021-09-27 17:20:55", "elapsed": 133.105514, "delta": 1.682129}}
{"target": -11.593672171066274, "params": {"max_depth": 15.438825952190085, "n_estimators": 12.377638060757674}, "datetime": {"datetime": "2021-09-27 17:20:56", "elapsed": 133.835519, "delta": 0.730005}}
{"target": -11.179666446006008, "params": {"max_depth": 22.492148677865778, "n_estimators": 82.08965290047111}, "datetime": {"datetime": "2021-09-27 17:20:58", "elapsed": 135.452601, "delta": 1.617082}}
{"target": -11.084256118317622, "params": {"max_depth": 27.228546809820013, "n_estimators": 93.27117412460304}, "datetime": {"datetime": "2021-09-27 17:20:59", "elapsed": 137.131147, "delta": 1.678546}}
{"target": -11.031907831663908, "params": {"max_depth": 22.931333937741286, "n_estimators": 67.18466900048585}, "datetime": {"datetime": "2021-09-27 17:21:01", "elapsed": 138.599149, "delta": 1.468002}}
{"target": -11.420106788142085, "params": {"max_depth": 9.505888038604454, "n_estimators": 87.28599298630013}, "datetime": {"datetime": "2021-09-27 17:21:03", "elapsed": 140.345888, "delta": 1.746739}}
{"target": -11.232054989571532, "params": {"max_depth": 11.87469123465783, "n_estimators": 81.44670652449773}, "datetime": {"datetime": "2021-09-27 17:21:04", "elapsed": 141.91355, "delta": 1.567662}}
{"target": -11.093333010697915, "params": {"max_depth": 20.97528893977633, "n_estimators": 88.29711728573497}, "datetime": {"datetime": "2021-09-27 17:21:06", "elapsed": 143.80116, "delta": 1.88761}}
{"target": -11.058129747425106, "params": {"max_depth": 22.3935159331672, "n_estimators": 97.53384985956893}, "datetime": {"datetime": "2021-09-27 17:21:08", "elapsed": 145.509867, "delta": 1.708707}}
{"target": -11.859981722554647, "params": {"max_depth": 9.198461088722505, "n_estimators": 32.851486389333935}, "datetime": {"datetime": "2021-09-27 17:21:09", "elapsed": 146.379145, "delta": 0.869278}}
{"target": -11.006360249087063, "params": {"max_depth": 16.85022948558687, "n_estimators": 97.54900573803117}, "datetime": {"datetime": "2021-09-27 17:21:10", "elapsed": 148.221046, "delta": 1.841901}}
{"target": -11.031907831663908, "params": {"max_depth": 26.222308850724925, "n_estimators": 67.85875751693038}, "datetime": {"datetime": "2021-09-27 17:21:12", "elapsed": 149.649039, "delta": 1.427993}}
{"target": -11.44907841071587, "params": {"max_depth": 27.560200339117067, "n_estimators": 43.02561057404079}, "datetime": {"datetime": "2021-09-27 17:21:13", "elapsed": 151.044376, "delta": 1.395337}}
{"target": -11.20898399239794, "params": {"max_depth": 28.017040087521547, "n_estimators": 81.59183223005279}, "datetime": {"datetime": "2021-09-27 17:21:15", "elapsed": 152.709018, "delta": 1.664642}}
{"target": -11.315290652401243, "params": {"max_depth": 13.280289248390313, "n_estimators": 75.81274101638813}, "datetime": {"datetime": "2021-09-27 17:21:17", "elapsed": 154.393922, "delta": 1.684904}}
{"target": -11.151476476808652, "params": {"max_depth": 18.94003688665577, "n_estimators": 76.40084267047366}, "datetime": {"datetime": "2021-09-27 17:21:18", "elapsed": 155.892092, "delta": 1.49817}}
{"target": -11.134017246770822, "params": {"max_depth": 27.429685159613236, "n_estimators": 72.21913998921652}, "datetime": {"datetime": "2021-09-27 17:21:20", "elapsed": 157.693131, "delta": 1.801039}}
{"target": -11.14419704467398, "params": {"max_depth": 13.108512013166653, "n_estimators": 66.42897680249247}, "datetime": {"datetime": "2021-09-27 17:21:21", "elapsed": 159.165274, "delta": 1.472143}}
