{"target": 0.8463579076386314, "params": {"max_depth": 26.06569909762637, "n_estimators": 65.6426037701938}, "datetime": {"datetime": "2021-09-21 13:49:28", "elapsed": 1894.840048, "delta": 11.182685}}
{"target": 0.8451627073129638, "params": {"max_depth": 27.37922454509407, "n_estimators": 70.50970777556712}, "datetime": {"datetime": "2021-09-21 13:49:39", "elapsed": 1905.615662, "delta": 10.775614}}
{"target": 0.8472688152784879, "params": {"max_depth": 17.045608671660805, "n_estimators": 67.17094863787366}, "datetime": {"datetime": "2021-09-21 13:49:46", "elapsed": 1912.603799, "delta": 6.988137}}
{"target": 0.8472688152784879, "params": {"max_depth": 17.762048030310112, "n_estimators": 67.6639537437135}, "datetime": {"datetime": "2021-09-21 13:49:53", "elapsed": 1919.740327, "delta": 7.136528}}
{"target": 0.8457174645907214, "params": {"max_depth": 23.729899374644475, "n_estimators": 69.68892219242456}, "datetime": {"datetime": "2021-09-21 13:50:13", "elapsed": 1939.878609, "delta": 20.138282}}
{"target": 0.8472688152784879, "params": {"max_depth": 17.41591418429422, "n_estimators": 67.20732034141008}, "datetime": {"datetime": "2021-09-21 13:50:25", "elapsed": 1951.615673, "delta": 11.737064}}
{"target": 0.8472688152784879, "params": {"max_depth": 17.44881190874551, "n_estimators": 67.379041352415}, "datetime": {"datetime": "2021-09-21 13:50:34", "elapsed": 1961.39804, "delta": 9.782367}}
{"target": 0.8472688152784879, "params": {"max_depth": 17.567234452117034, "n_estimators": 67.59333121197842}, "datetime": {"datetime": "2021-09-21 13:50:42", "elapsed": 1969.525892, "delta": 8.127852}}
{"target": 0.8472688152784879, "params": {"max_depth": 17.762974927970344, "n_estimators": 67.7327516183221}, "datetime": {"datetime": "2021-09-21 13:50:54", "elapsed": 1981.345645, "delta": 11.819753}}
{"target": 0.8472688152784879, "params": {"max_depth": 17.833357513820644, "n_estimators": 67.76255359140043}, "datetime": {"datetime": "2021-09-21 13:51:12", "elapsed": 1998.894776, "delta": 17.549131}}
{"target": 0.8472688152784879, "params": {"max_depth": 17.49215285920607, "n_estimators": 67.62650080926832}, "datetime": {"datetime": "2021-09-21 13:51:27", "elapsed": 2013.553461, "delta": 14.658685}}
{"target": 0.8472688152784879, "params": {"max_depth": 17.841513961767504, "n_estimators": 67.78558962066259}, "datetime": {"datetime": "2021-09-21 13:51:44", "elapsed": 2030.69088, "delta": 17.137419}}
{"target": 0.8472688152784879, "params": {"max_depth": 17.029955687742238, "n_estimators": 67.26464674934866}, "datetime": {"datetime": "2021-09-21 13:51:59", "elapsed": 2046.02398, "delta": 15.3331}}
{"target": 0.8465494305826655, "params": {"max_depth": 14.116792385952749, "n_estimators": 66.89127263240712}, "datetime": {"datetime": "2021-09-21 13:52:07", "elapsed": 2053.605506, "delta": 7.581526}}
{"target": 0.8472688152784879, "params": {"max_depth": 17.658315276204846, "n_estimators": 67.82651939502391}, "datetime": {"datetime": "2021-09-21 13:52:20", "elapsed": 2066.89311, "delta": 13.287604}}
{"target": 0.8425007805685545, "params": {"max_depth": 26.729767983547173, "n_estimators": 61.74882165160095}, "datetime": {"datetime": "2021-09-21 13:52:30", "elapsed": 2077.363078, "delta": 10.469968}}
{"target": 0.8472688152784879, "params": {"max_depth": 17.129010127738187, "n_estimators": 67.57029692608192}, "datetime": {"datetime": "2021-09-21 13:52:42", "elapsed": 2088.643434, "delta": 11.280356}}
{"target": 0.8472688152784879, "params": {"max_depth": 17.5530064024511, "n_estimators": 67.3009383805483}, "datetime": {"datetime": "2021-09-21 13:52:50", "elapsed": 2096.691043, "delta": 8.047609}}
{"target": 0.8460703472604297, "params": {"max_depth": 12.390994903910762, "n_estimators": 67.66295208576621}, "datetime": {"datetime": "2021-09-21 13:52:58", "elapsed": 2105.15422, "delta": 8.463177}}
{"target": 0.8441759360278944, "params": {"max_depth": 25.152445111651332, "n_estimators": 34.70340218463044}, "datetime": {"datetime": "2021-09-21 13:53:07", "elapsed": 2113.852189, "delta": 8.697969}}
{"target": 0.8472688152784879, "params": {"max_depth": 17.71887075434298, "n_estimators": 67.57441315241432}, "datetime": {"datetime": "2021-09-21 13:53:19", "elapsed": 2125.930253, "delta": 12.078064}}
{"target": 0.8472688152784879, "params": {"max_depth": 17.14514581771656, "n_estimators": 67.79768155879009}, "datetime": {"datetime": "2021-09-21 13:53:27", "elapsed": 2133.606641, "delta": 7.676388}}
{"target": 0.8472688152784879, "params": {"max_depth": 17.63407064310164, "n_estimators": 67.29995625071376}, "datetime": {"datetime": "2021-09-21 13:53:37", "elapsed": 2143.819796, "delta": 10.213155}}
{"target": 0.8472688152784879, "params": {"max_depth": 17.032882961295872, "n_estimators": 67.75706710278806}, "datetime": {"datetime": "2021-09-21 13:53:52", "elapsed": 2158.699059, "delta": 14.879263}}
{"target": 0.8417691113508721, "params": {"max_depth": 19.78933337817173, "n_estimators": 74.47780087740236}, "datetime": {"datetime": "2021-09-21 13:54:09", "elapsed": 2175.642531, "delta": 16.943472}}
{"target": 0.8472688152784879, "params": {"max_depth": 17.645746683909724, "n_estimators": 67.71269347499207}, "datetime": {"datetime": "2021-09-21 13:54:18", "elapsed": 2184.716527, "delta": 9.073996}}
{"target": 0.8272808744270633, "params": {"max_depth": 6.902431854803149, "n_estimators": 90.30790404134476}, "datetime": {"datetime": "2021-09-21 13:54:30", "elapsed": 2196.722835, "delta": 12.006308}}
{"target": 0.8434999348779115, "params": {"max_depth": 19.75994001919339, "n_estimators": 71.06796403649999}, "datetime": {"datetime": "2021-09-21 13:54:43", "elapsed": 2210.149621, "delta": 13.426786}}
{"target": 0.8363970285574625, "params": {"max_depth": 9.396754270230176, "n_estimators": 84.09125692519395}, "datetime": {"datetime": "2021-09-21 13:54:55", "elapsed": 2222.178919, "delta": 12.029298}}
{"target": 0.8472688152784879, "params": {"max_depth": 17.236017717948158, "n_estimators": 67.73065177507166}, "datetime": {"datetime": "2021-09-21 13:55:04", "elapsed": 2231.255287, "delta": 9.076368}}
{"target": 0.8472688152784879, "params": {"max_depth": 17.101626437386713, "n_estimators": 67.37734031721057}, "datetime": {"datetime": "2021-09-21 13:55:15", "elapsed": 2241.667682, "delta": 10.412395}}
{"target": 0.8472688152784879, "params": {"max_depth": 17.372255187229854, "n_estimators": 67.39697650532446}, "datetime": {"datetime": "2021-09-21 13:55:34", "elapsed": 2261.173383, "delta": 19.505701}}
{"target": 0.8472688152784879, "params": {"max_depth": 17.168377273359795, "n_estimators": 67.72173189844553}, "datetime": {"datetime": "2021-09-21 13:55:47", "elapsed": 2273.63074, "delta": 12.457357}}
{"target": 0.8428061532257086, "params": {"max_depth": 20.38015018543192, "n_estimators": 41.76620075923931}, "datetime": {"datetime": "2021-09-21 13:55:57", "elapsed": 2284.383732, "delta": 10.752992}}
{"target": 0.8472688152784879, "params": {"max_depth": 17.64191958366161, "n_estimators": 67.31003297915412}, "datetime": {"datetime": "2021-09-21 13:56:06", "elapsed": 2293.308134, "delta": 8.924402}}
{"target": 0.8468931568352174, "params": {"max_depth": 28.768197628319474, "n_estimators": 67.40586922431386}, "datetime": {"datetime": "2021-09-21 13:56:20", "elapsed": 2307.210552, "delta": 13.902418}}
{"target": 0.8472688152784879, "params": {"max_depth": 17.201640077196757, "n_estimators": 67.42857965213561}, "datetime": {"datetime": "2021-09-21 13:56:32", "elapsed": 2319.543512, "delta": 12.33296}}
{"target": 0.8472688152784879, "params": {"max_depth": 17.459269850536252, "n_estimators": 67.91567254911868}, "datetime": {"datetime": "2021-09-21 13:56:44", "elapsed": 2331.187373, "delta": 11.643861}}
{"target": 0.8472688152784879, "params": {"max_depth": 17.62112540479346, "n_estimators": 67.28331498150429}, "datetime": {"datetime": "2021-09-21 13:56:57", "elapsed": 2343.97345, "delta": 12.786077}}
{"target": 0.8472688152784879, "params": {"max_depth": 17.355444260218935, "n_estimators": 67.80089055993852}, "datetime": {"datetime": "2021-09-21 13:57:18", "elapsed": 2364.884459, "delta": 20.911009}}
{"target": 0.8472688152784879, "params": {"max_depth": 17.107374634266435, "n_estimators": 67.22155013232315}, "datetime": {"datetime": "2021-09-21 13:57:32", "elapsed": 2379.551547, "delta": 14.667088}}
{"target": 0.8472688152784879, "params": {"max_depth": 17.734943395055303, "n_estimators": 67.6025475609715}, "datetime": {"datetime": "2021-09-21 13:57:44", "elapsed": 2391.456728, "delta": 11.905181}}
{"target": 0.8472688152784879, "params": {"max_depth": 17.76342984986832, "n_estimators": 67.83568617452671}, "datetime": {"datetime": "2021-09-21 13:57:54", "elapsed": 2401.467467, "delta": 10.010739}}
{"target": 0.8472688152784879, "params": {"max_depth": 17.738969247114106, "n_estimators": 67.58516851717212}, "datetime": {"datetime": "2021-09-21 13:58:05", "elapsed": 2412.531498, "delta": 11.064031}}
{"target": 0.8472688152784879, "params": {"max_depth": 17.16196625900965, "n_estimators": 67.8935902406497}, "datetime": {"datetime": "2021-09-21 13:58:20", "elapsed": 2427.260199, "delta": 14.728701}}
{"target": 0.8470958005489442, "params": {"max_depth": 16.933918608474883, "n_estimators": 67.88745620909556}, "datetime": {"datetime": "2021-09-21 13:58:32", "elapsed": 2438.793695, "delta": 11.533496}}
{"target": 0.8472688152784879, "params": {"max_depth": 17.452265173625317, "n_estimators": 67.30885253519745}, "datetime": {"datetime": "2021-09-21 13:58:45", "elapsed": 2451.738375, "delta": 12.94468}}
{"target": 0.8472688152784879, "params": {"max_depth": 17.384115116552106, "n_estimators": 67.73461624776692}, "datetime": {"datetime": "2021-09-21 13:58:56", "elapsed": 2463.371802, "delta": 11.633427}}
{"target": 0.8472688152784879, "params": {"max_depth": 17.41298045200368, "n_estimators": 67.78578601743345}, "datetime": {"datetime": "2021-09-21 13:59:11", "elapsed": 2478.238837, "delta": 14.867035}}
{"target": 0.8472688152784879, "params": {"max_depth": 17.41896066815277, "n_estimators": 67.33329391683651}, "datetime": {"datetime": "2021-09-21 13:59:28", "elapsed": 2494.562075, "delta": 16.323238}}
{"target": 0.8472688152784879, "params": {"max_depth": 17.451897630139637, "n_estimators": 67.59383957227418}, "datetime": {"datetime": "2021-09-21 13:59:45", "elapsed": 2512.355169, "delta": 17.793094}}
{"target": 0.8472688152784879, "params": {"max_depth": 17.541754320930217, "n_estimators": 67.35280572506251}, "datetime": {"datetime": "2021-09-21 13:59:59", "elapsed": 2525.887675, "delta": 13.532506}}
{"target": 0.8472688152784879, "params": {"max_depth": 17.219147587480215, "n_estimators": 67.61690061117925}, "datetime": {"datetime": "2021-09-21 14:00:14", "elapsed": 2540.965062, "delta": 15.077387}}
{"target": 0.8472688152784879, "params": {"max_depth": 17.664017884698357, "n_estimators": 67.72929845454942}, "datetime": {"datetime": "2021-09-21 14:00:26", "elapsed": 2553.305874, "delta": 12.340812}}
{"target": 0.8425874583695854, "params": {"max_depth": 14.700260484535747, "n_estimators": 79.39824153946194}, "datetime": {"datetime": "2021-09-21 14:00:43", "elapsed": 2569.700471, "delta": 16.394597}}
{"target": 0.8472688152784879, "params": {"max_depth": 17.256661043899843, "n_estimators": 67.906695155912}, "datetime": {"datetime": "2021-09-21 14:00:56", "elapsed": 2583.233495, "delta": 13.533024}}
{"target": 0.8472688152784879, "params": {"max_depth": 17.195158264437648, "n_estimators": 67.32368500333811}, "datetime": {"datetime": "2021-09-21 14:01:06", "elapsed": 2592.753255, "delta": 9.51976}}
{"target": 0.8297126201978341, "params": {"max_depth": 23.57123752676128, "n_estimators": 13.444534449506532}, "datetime": {"datetime": "2021-09-21 14:01:18", "elapsed": 2604.885076, "delta": 12.131821}}
{"target": 0.8302187979833309, "params": {"max_depth": 28.09429948039277, "n_estimators": 14.006623541027677}, "datetime": {"datetime": "2021-09-21 14:01:34", "elapsed": 2621.216631, "delta": 16.331555}}
{"target": 0.8472688152784879, "params": {"max_depth": 17.396969584579338, "n_estimators": 67.32555478469317}, "datetime": {"datetime": "2021-09-21 14:01:44", "elapsed": 2630.69841, "delta": 9.481779}}
{"target": 0.8464098756033576, "params": {"max_depth": 21.225613750627346, "n_estimators": 68.18366658928049}, "datetime": {"datetime": "2021-09-21 14:01:58", "elapsed": 2645.346997, "delta": 14.648587}}
{"target": 0.8457174645907214, "params": {"max_depth": 21.450784421561618, "n_estimators": 69.74766336578475}, "datetime": {"datetime": "2021-09-21 14:02:08", "elapsed": 2655.283162, "delta": 9.936165}}
{"target": 0.8472688152784879, "params": {"max_depth": 17.789399648783395, "n_estimators": 67.63128693644013}, "datetime": {"datetime": "2021-09-21 14:02:27", "elapsed": 2674.078604, "delta": 18.795442}}
{"target": 0.8432416294256243, "params": {"max_depth": 18.257863984197876, "n_estimators": 33.58613012754822}, "datetime": {"datetime": "2021-09-21 14:02:47", "elapsed": 2693.788564, "delta": 19.70996}}
{"target": 0.8472688152784879, "params": {"max_depth": 17.1872889469911, "n_estimators": 67.75752257248033}, "datetime": {"datetime": "2021-09-21 14:02:57", "elapsed": 2704.006244, "delta": 10.21768}}
{"target": 0.8472688152784879, "params": {"max_depth": 17.165738189608728, "n_estimators": 67.19174207025227}, "datetime": {"datetime": "2021-09-21 14:03:13", "elapsed": 2719.668149, "delta": 15.661905}}
{"target": 0.8472688152784879, "params": {"max_depth": 17.247051897175922, "n_estimators": 67.25055811744163}, "datetime": {"datetime": "2021-09-21 14:03:32", "elapsed": 2739.208965, "delta": 19.540816}}
{"target": 0.8471734312972383, "params": {"max_depth": 20.974505006108608, "n_estimators": 67.6492342161978}, "datetime": {"datetime": "2021-09-21 14:03:49", "elapsed": 2756.517798, "delta": 17.308833}}
{"target": 0.8472688152784879, "params": {"max_depth": 17.43094879579366, "n_estimators": 67.38195428695153}, "datetime": {"datetime": "2021-09-21 14:04:04", "elapsed": 2770.984239, "delta": 14.466441}}
{"target": 0.8472688152784879, "params": {"max_depth": 17.762967907162867, "n_estimators": 67.5774090543357}, "datetime": {"datetime": "2021-09-21 14:04:17", "elapsed": 2783.691484, "delta": 12.707245}}
{"target": 0.8415302452013633, "params": {"max_depth": 14.524084308311743, "n_estimators": 82.07070098904555}, "datetime": {"datetime": "2021-09-21 14:04:34", "elapsed": 2800.612812, "delta": 16.921328}}
{"target": 0.8472688152784879, "params": {"max_depth": 17.22102775882921, "n_estimators": 67.87523258579631}, "datetime": {"datetime": "2021-09-21 14:04:47", "elapsed": 2813.736048, "delta": 13.123236}}
{"target": 0.8472688152784879, "params": {"max_depth": 17.765368037085608, "n_estimators": 67.3986751027466}, "datetime": {"datetime": "2021-09-21 14:05:03", "elapsed": 2830.513851, "delta": 16.777803}}
{"target": 0.8459929261089042, "params": {"max_depth": 20.37889598910491, "n_estimators": 69.22476879716044}, "datetime": {"datetime": "2021-09-21 14:05:16", "elapsed": 2843.370873, "delta": 12.857022}}
{"target": 0.8455633452978035, "params": {"max_depth": 17.73659244011321, "n_estimators": 70.32407984606485}, "datetime": {"datetime": "2021-09-21 14:05:28", "elapsed": 2855.120452, "delta": 11.749579}}
{"target": 0.8388360958545852, "params": {"max_depth": 21.22339910689496, "n_estimators": 49.61243694926908}, "datetime": {"datetime": "2021-09-21 14:05:46", "elapsed": 2872.922643, "delta": 17.802191}}
{"target": 0.8472688152784879, "params": {"max_depth": 17.68107822583329, "n_estimators": 67.88252290173595}, "datetime": {"datetime": "2021-09-21 14:06:01", "elapsed": 2888.339098, "delta": 15.416455}}
{"target": 0.8445688807814286, "params": {"max_depth": 21.22575750661859, "n_estimators": 62.82366609671862}, "datetime": {"datetime": "2021-09-21 14:06:09", "elapsed": 2896.230552, "delta": 7.891454}}
{"target": 0.8472688152784879, "params": {"max_depth": 17.162325963647042, "n_estimators": 67.21027283992521}, "datetime": {"datetime": "2021-09-21 14:06:24", "elapsed": 2911.435357, "delta": 15.204805}}
{"target": 0.8472688152784879, "params": {"max_depth": 17.282079193188835, "n_estimators": 67.63979047834913}, "datetime": {"datetime": "2021-09-21 14:06:40", "elapsed": 2927.283307, "delta": 15.84795}}
{"target": 0.8472688152784879, "params": {"max_depth": 17.485178026093266, "n_estimators": 67.33992234759903}, "datetime": {"datetime": "2021-09-21 14:06:49", "elapsed": 2935.722273, "delta": 8.438966}}
{"target": 0.8472688152784879, "params": {"max_depth": 17.12485978134763, "n_estimators": 67.63392422567813}, "datetime": {"datetime": "2021-09-21 14:07:07", "elapsed": 2953.677051, "delta": 17.954778}}
{"target": 0.8472688152784879, "params": {"max_depth": 17.724998282286304, "n_estimators": 67.77883369638607}, "datetime": {"datetime": "2021-09-21 14:07:28", "elapsed": 2974.897303, "delta": 21.220252}}
{"target": 0.8472688152784879, "params": {"max_depth": 17.425344551135115, "n_estimators": 67.21990582430134}, "datetime": {"datetime": "2021-09-21 14:07:47", "elapsed": 2994.274067, "delta": 19.376764}}
{"target": 0.8472688152784879, "params": {"max_depth": 17.408823317161744, "n_estimators": 67.7073937726646}, "datetime": {"datetime": "2021-09-21 14:08:05", "elapsed": 3012.13855, "delta": 17.864483}}
{"target": 0.8472688152784879, "params": {"max_depth": 17.75321989047723, "n_estimators": 67.5721772193556}, "datetime": {"datetime": "2021-09-21 14:08:13", "elapsed": 3020.372847, "delta": 8.234297}}
{"target": 0.8472688152784879, "params": {"max_depth": 17.63451171098381, "n_estimators": 67.7391808887529}, "datetime": {"datetime": "2021-09-21 14:08:35", "elapsed": 3042.530768, "delta": 22.157921}}
{"target": 0.8472688152784879, "params": {"max_depth": 17.14392544500899, "n_estimators": 67.59340960925569}, "datetime": {"datetime": "2021-09-21 14:08:52", "elapsed": 3059.539793, "delta": 17.009025}}
{"target": 0.8468931568352174, "params": {"max_depth": 27.466255871575832, "n_estimators": 67.38344915226264}, "datetime": {"datetime": "2021-09-21 14:09:11", "elapsed": 3078.460308, "delta": 18.920515}}
{"target": 0.8472688152784879, "params": {"max_depth": 17.24933801773788, "n_estimators": 67.77756687941586}, "datetime": {"datetime": "2021-09-21 14:09:33", "elapsed": 3099.710232, "delta": 21.249924}}
{"target": 0.8472688152784879, "params": {"max_depth": 17.698680808095382, "n_estimators": 67.36616131858268}, "datetime": {"datetime": "2021-09-21 14:09:46", "elapsed": 3112.842324, "delta": 13.132092}}
{"target": 0.8472688152784879, "params": {"max_depth": 17.15430093695996, "n_estimators": 67.26931729036613}, "datetime": {"datetime": "2021-09-21 14:09:55", "elapsed": 3122.001092, "delta": 9.158768}}
{"target": 0.8472688152784879, "params": {"max_depth": 17.596184757426435, "n_estimators": 67.91397570837181}, "datetime": {"datetime": "2021-09-21 14:10:11", "elapsed": 3137.945013, "delta": 15.943921}}
{"target": 0.8472688152784879, "params": {"max_depth": 17.21905594887809, "n_estimators": 67.37823621052883}, "datetime": {"datetime": "2021-09-21 14:10:48", "elapsed": 3174.559996, "delta": 36.614983}}
{"target": 0.8472688152784879, "params": {"max_depth": 17.422037588472197, "n_estimators": 67.8275317624304}, "datetime": {"datetime": "2021-09-21 14:11:04", "elapsed": 3191.078154, "delta": 16.518158}}
{"target": 0.8472688152784879, "params": {"max_depth": 17.296685927351426, "n_estimators": 67.79747152452929}, "datetime": {"datetime": "2021-09-21 14:11:17", "elapsed": 3204.39279, "delta": 13.314636}}
{"target": 0.8472688152784879, "params": {"max_depth": 17.31888995758988, "n_estimators": 67.23147403137192}, "datetime": {"datetime": "2021-09-21 14:11:29", "elapsed": 3216.366657, "delta": 11.973867}}
{"target": 0.8472688152784879, "params": {"max_depth": 17.793239112601942, "n_estimators": 67.50690988606873}, "datetime": {"datetime": "2021-09-21 14:11:38", "elapsed": 3225.408529, "delta": 9.041872}}
{"target": 0.8472688152784879, "params": {"max_depth": 17.22157106262819, "n_estimators": 67.21110095486087}, "datetime": {"datetime": "2021-09-21 14:11:55", "elapsed": 3241.886563, "delta": 16.478034}}
{"target": 0.8472688152784879, "params": {"max_depth": 17.44854272056378, "n_estimators": 67.37441497279404}, "datetime": {"datetime": "2021-09-21 14:12:05", "elapsed": 3252.420776, "delta": 10.534213}}
{"target": 0.8472688152784879, "params": {"max_depth": 17.100158347927366, "n_estimators": 67.2621855554713}, "datetime": {"datetime": "2021-09-21 14:12:17", "elapsed": 3264.401903, "delta": 11.981127}}
{"target": 0.8472688152784879, "params": {"max_depth": 17.211107264860374, "n_estimators": 67.3344279319442}, "datetime": {"datetime": "2021-09-21 14:12:32", "elapsed": 3278.681384, "delta": 14.279481}}
{"target": 0.8472688152784879, "params": {"max_depth": 17.797725135474344, "n_estimators": 67.83685975732708}, "datetime": {"datetime": "2021-09-21 14:12:53", "elapsed": 3300.241507, "delta": 21.560123}}
{"target": 0.8472688152784879, "params": {"max_depth": 17.647707445548793, "n_estimators": 67.46816948071026}, "datetime": {"datetime": "2021-09-21 14:13:13", "elapsed": 3320.05791, "delta": 19.816403}}
{"target": 0.8472688152784879, "params": {"max_depth": 17.212861580506484, "n_estimators": 67.37313762153396}, "datetime": {"datetime": "2021-09-21 14:13:31", "elapsed": 3338.067672, "delta": 18.009762}}
{"target": 0.8472688152784879, "params": {"max_depth": 17.03686542699888, "n_estimators": 67.2622169650542}, "datetime": {"datetime": "2021-09-21 14:13:52", "elapsed": 3359.377585, "delta": 21.309913}}
{"target": 0.8472688152784879, "params": {"max_depth": 17.195438558933652, "n_estimators": 67.8418843148338}, "datetime": {"datetime": "2021-09-21 14:14:10", "elapsed": 3376.701954, "delta": 17.324369}}
{"target": 0.8472688152784879, "params": {"max_depth": 17.3439954963461, "n_estimators": 67.75584593649548}, "datetime": {"datetime": "2021-09-21 14:14:20", "elapsed": 3387.242673, "delta": 10.540719}}
