{"target": 0.8410986638865767, "params": {"max_depth": 38.48201732212328, "n_estimators": 26.998208749232127}, "datetime": {"datetime": "2021-09-21 15:59:37", "elapsed": 618.427901, "delta": 1.603573}}
{"target": 0.8401889232406063, "params": {"max_depth": 45.840071446959755, "n_estimators": 21.071741985813397}, "datetime": {"datetime": "2021-09-21 15:59:39", "elapsed": 619.98197, "delta": 1.554069}}
{"target": 0.8395922120831986, "params": {"max_depth": 39.0635029501567, "n_estimators": 24.458211436950812}, "datetime": {"datetime": "2021-09-21 15:59:41", "elapsed": 621.843543, "delta": 1.861573}}
{"target": 0.8395922120831986, "params": {"max_depth": 39.753637860116896, "n_estimators": 24.30183188168944}, "datetime": {"datetime": "2021-09-21 15:59:42", "elapsed": 622.977748, "delta": 1.134205}}
{"target": 0.8416664671257728, "params": {"max_depth": 33.73763992414282, "n_estimators": 25.347915457558543}, "datetime": {"datetime": "2021-09-21 15:59:44", "elapsed": 625.269979, "delta": 2.292231}}
{"target": 0.8416664671257728, "params": {"max_depth": 38.75541780544927, "n_estimators": 25.652770181232167}, "datetime": {"datetime": "2021-09-21 15:59:46", "elapsed": 626.78633, "delta": 1.516351}}
{"target": 0.8394329211700038, "params": {"max_depth": 34.1447629199862, "n_estimators": 23.513273543968538}, "datetime": {"datetime": "2021-09-21 15:59:47", "elapsed": 628.515402, "delta": 1.729072}}
{"target": 0.8434172421662551, "params": {"max_depth": 33.44052404846718, "n_estimators": 19.513224616826875}, "datetime": {"datetime": "2021-09-21 15:59:50", "elapsed": 631.183102, "delta": 2.6677}}
{"target": 0.8434172421662551, "params": {"max_depth": 32.59275211982353, "n_estimators": 19.004631164950805}, "datetime": {"datetime": "2021-09-21 15:59:52", "elapsed": 633.452357, "delta": 2.269255}}
{"target": 0.8434172421662551, "params": {"max_depth": 39.07156059299629, "n_estimators": 19.30647793117363}, "datetime": {"datetime": "2021-09-21 15:59:55", "elapsed": 635.841825, "delta": 2.389468}}
{"target": 0.8410986638865767, "params": {"max_depth": 49.704611371622676, "n_estimators": 26.30281456307175}, "datetime": {"datetime": "2021-09-21 15:59:57", "elapsed": 637.833467, "delta": 1.991642}}
{"target": 0.8434172421662551, "params": {"max_depth": 47.318006817259686, "n_estimators": 19.7459948971023}, "datetime": {"datetime": "2021-09-21 16:00:00", "elapsed": 640.859421, "delta": 3.025954}}
{"target": 0.8416664671257728, "params": {"max_depth": 37.961790863298816, "n_estimators": 25.359392714868342}, "datetime": {"datetime": "2021-09-21 16:00:02", "elapsed": 642.988153, "delta": 2.128732}}
{"target": 0.8401889232406063, "params": {"max_depth": 49.99748076415264, "n_estimators": 21.564722219801006}, "datetime": {"datetime": "2021-09-21 16:00:04", "elapsed": 645.523805, "delta": 2.535652}}
{"target": 0.8434172421662551, "params": {"max_depth": 49.6945710587167, "n_estimators": 19.691385953494454}, "datetime": {"datetime": "2021-09-21 16:00:07", "elapsed": 648.323725, "delta": 2.79992}}
{"target": 0.8415337047276287, "params": {"max_depth": 49.564398467571934, "n_estimators": 20.490274166723466}, "datetime": {"datetime": "2021-09-21 16:00:10", "elapsed": 650.90962, "delta": 2.585895}}
{"target": 0.8415337047276287, "params": {"max_depth": 50.0, "n_estimators": 20.22664605335171}, "datetime": {"datetime": "2021-09-21 16:00:12", "elapsed": 652.843798, "delta": 1.934178}}
{"target": 0.8395922120831986, "params": {"max_depth": 30.0033845658527, "n_estimators": 24.05185585968529}, "datetime": {"datetime": "2021-09-21 16:00:14", "elapsed": 654.854671, "delta": 2.010873}}
{"target": 0.8415337047276287, "params": {"max_depth": 30.71002505400789, "n_estimators": 20.205696623894077}, "datetime": {"datetime": "2021-09-21 16:00:15", "elapsed": 656.074372, "delta": 1.219701}}
{"target": 0.8302015339111183, "params": {"max_depth": 31.85139990042653, "n_estimators": 17.134246867492337}, "datetime": {"datetime": "2021-09-21 16:00:16", "elapsed": 657.336508, "delta": 1.262136}}
{"target": 0.8415337047276287, "params": {"max_depth": 49.226393608604376, "n_estimators": 20.120816021750944}, "datetime": {"datetime": "2021-09-21 16:00:18", "elapsed": 659.494214, "delta": 2.157706}}
{"target": 0.8401889232406063, "params": {"max_depth": 48.82106128729946, "n_estimators": 21.063958638714197}, "datetime": {"datetime": "2021-09-21 16:00:20", "elapsed": 661.368502, "delta": 1.874288}}
{"target": 0.8434172421662551, "params": {"max_depth": 48.61671646591617, "n_estimators": 19.665008101530848}, "datetime": {"datetime": "2021-09-21 16:00:22", "elapsed": 663.320234, "delta": 1.951732}}
{"target": 0.8415337047276287, "params": {"max_depth": 30.07416295280678, "n_estimators": 20.67774685869132}, "datetime": {"datetime": "2021-09-21 16:00:25", "elapsed": 666.021276, "delta": 2.701042}}
{"target": 0.8410545907133922, "params": {"max_depth": 48.56433872523768, "n_estimators": 22.646068226912163}, "datetime": {"datetime": "2021-09-21 16:00:27", "elapsed": 667.93706, "delta": 1.915784}}
{"target": 0.8434172421662551, "params": {"max_depth": 44.91964940705662, "n_estimators": 19.65011939101308}, "datetime": {"datetime": "2021-09-21 16:00:29", "elapsed": 670.204357, "delta": 2.267297}}
{"target": 0.8434172421662551, "params": {"max_depth": 45.66653949361319, "n_estimators": 19.787309406303265}, "datetime": {"datetime": "2021-09-21 16:00:31", "elapsed": 672.204172, "delta": 1.999815}}
{"target": 0.8410986638865767, "params": {"max_depth": 37.70504539460524, "n_estimators": 26.315735912598605}, "datetime": {"datetime": "2021-09-21 16:00:33", "elapsed": 674.051854, "delta": 1.847682}}
{"target": 0.8416664671257728, "params": {"max_depth": 36.62584359526095, "n_estimators": 25.541376057719685}, "datetime": {"datetime": "2021-09-21 16:00:35", "elapsed": 676.012887, "delta": 1.961033}}
{"target": 0.8434172421662551, "params": {"max_depth": 32.970354862805245, "n_estimators": 19.051669712886213}, "datetime": {"datetime": "2021-09-21 16:00:37", "elapsed": 677.681485, "delta": 1.668598}}
{"target": 0.8410545907133922, "params": {"max_depth": 47.574902382184725, "n_estimators": 22.868367413014056}, "datetime": {"datetime": "2021-09-21 16:00:38", "elapsed": 679.589417, "delta": 1.907932}}
{"target": 0.8415337047276287, "params": {"max_depth": 35.902111404659045, "n_estimators": 20.019778701552468}, "datetime": {"datetime": "2021-09-21 16:00:42", "elapsed": 682.811733, "delta": 3.222316}}
{"target": 0.8415337047276287, "params": {"max_depth": 33.498062683408705, "n_estimators": 20.956507070990217}, "datetime": {"datetime": "2021-09-21 16:00:43", "elapsed": 684.549395, "delta": 1.737662}}
{"target": 0.8434172421662551, "params": {"max_depth": 40.98105355452352, "n_estimators": 19.610445552830768}, "datetime": {"datetime": "2021-09-21 16:00:45", "elapsed": 686.03527, "delta": 1.485875}}
{"target": 0.8415337047276287, "params": {"max_depth": 40.80616691742358, "n_estimators": 20.425060315367837}, "datetime": {"datetime": "2021-09-21 16:00:47", "elapsed": 688.135389, "delta": 2.100119}}
{"target": 0.8434172421662551, "params": {"max_depth": 49.23683630637281, "n_estimators": 19.54939070982852}, "datetime": {"datetime": "2021-09-21 16:00:49", "elapsed": 690.104547, "delta": 1.969158}}
{"target": 0.8434172421662551, "params": {"max_depth": 42.8168645551243, "n_estimators": 19.680315214620187}, "datetime": {"datetime": "2021-09-21 16:00:51", "elapsed": 691.778699, "delta": 1.674152}}
{"target": 0.8434172421662551, "params": {"max_depth": 31.443173824598748, "n_estimators": 19.899063515819222}, "datetime": {"datetime": "2021-09-21 16:00:53", "elapsed": 693.837603, "delta": 2.058904}}
{"target": 0.8410545907133922, "params": {"max_depth": 49.566570823901046, "n_estimators": 22.549514497170875}, "datetime": {"datetime": "2021-09-21 16:00:54", "elapsed": 695.510176, "delta": 1.672573}}
{"target": 0.8410545907133922, "params": {"max_depth": 38.78385123806003, "n_estimators": 22.233892695465144}, "datetime": {"datetime": "2021-09-21 16:00:56", "elapsed": 697.331999, "delta": 1.821823}}
{"target": 0.8434172421662551, "params": {"max_depth": 38.385457623470415, "n_estimators": 19.39751331602403}, "datetime": {"datetime": "2021-09-21 16:00:58", "elapsed": 698.93156, "delta": 1.599561}}
{"target": 0.8410545907133922, "params": {"max_depth": 47.452869518854, "n_estimators": 22.01257582274816}, "datetime": {"datetime": "2021-09-21 16:00:59", "elapsed": 700.636412, "delta": 1.704852}}
{"target": 0.8415337047276287, "params": {"max_depth": 46.37930751232095, "n_estimators": 20.180977615544148}, "datetime": {"datetime": "2021-09-21 16:01:02", "elapsed": 702.686975, "delta": 2.050563}}
{"target": 0.8434172421662551, "params": {"max_depth": 41.61878830125457, "n_estimators": 19.62266228035316}, "datetime": {"datetime": "2021-09-21 16:01:04", "elapsed": 704.944603, "delta": 2.257628}}
{"target": 0.8434172421662551, "params": {"max_depth": 38.61212833058883, "n_estimators": 19.11577041550263}, "datetime": {"datetime": "2021-09-21 16:01:06", "elapsed": 707.215646, "delta": 2.271043}}
{"target": 0.8342054482533516, "params": {"max_depth": 37.855761144393554, "n_estimators": 18.978141966805612}, "datetime": {"datetime": "2021-09-21 16:01:09", "elapsed": 710.093424, "delta": 2.877778}}
{"target": 0.8434172421662551, "params": {"max_depth": 37.58795673107565, "n_estimators": 19.650357365016887}, "datetime": {"datetime": "2021-09-21 16:01:12", "elapsed": 712.759933, "delta": 2.666509}}
{"target": 0.8415337047276287, "params": {"max_depth": 44.01068536114255, "n_estimators": 20.88483285688997}, "datetime": {"datetime": "2021-09-21 16:01:13", "elapsed": 714.645908, "delta": 1.885975}}
{"target": 0.8401889232406063, "params": {"max_depth": 41.509839888280254, "n_estimators": 21.13815025901661}, "datetime": {"datetime": "2021-09-21 16:01:15", "elapsed": 716.354684, "delta": 1.708776}}
{"target": 0.8410986638865767, "params": {"max_depth": 44.58914795120264, "n_estimators": 26.42837129970963}, "datetime": {"datetime": "2021-09-21 16:01:18", "elapsed": 719.519685, "delta": 3.165001}}
{"target": 0.8410545907133922, "params": {"max_depth": 45.6014508369354, "n_estimators": 22.14151203480369}, "datetime": {"datetime": "2021-09-21 16:01:20", "elapsed": 721.198481, "delta": 1.678796}}
{"target": 0.8401889232406063, "params": {"max_depth": 32.37086323799127, "n_estimators": 21.11702292956698}, "datetime": {"datetime": "2021-09-21 16:01:22", "elapsed": 723.265209, "delta": 2.066728}}
{"target": 0.8395922120831986, "params": {"max_depth": 41.00075875161963, "n_estimators": 24.959301513711946}, "datetime": {"datetime": "2021-09-21 16:01:25", "elapsed": 726.650528, "delta": 3.385319}}
{"target": 0.8416664671257728, "params": {"max_depth": 34.7281269905389, "n_estimators": 25.77905742728694}, "datetime": {"datetime": "2021-09-21 16:01:28", "elapsed": 729.195299, "delta": 2.544771}}
{"target": 0.8434172421662551, "params": {"max_depth": 31.00480980516262, "n_estimators": 19.04421867935417}, "datetime": {"datetime": "2021-09-21 16:01:30", "elapsed": 731.520657, "delta": 2.325358}}
{"target": 0.8434172421662551, "params": {"max_depth": 41.966314025105866, "n_estimators": 19.86404736176907}, "datetime": {"datetime": "2021-09-21 16:01:33", "elapsed": 733.672387, "delta": 2.15173}}
{"target": 0.8416664671257728, "params": {"max_depth": 44.821962727317256, "n_estimators": 25.52950871755978}, "datetime": {"datetime": "2021-09-21 16:01:35", "elapsed": 736.099665, "delta": 2.427278}}
{"target": 0.8342054482533516, "params": {"max_depth": 38.774329484729634, "n_estimators": 18.582285714218898}, "datetime": {"datetime": "2021-09-21 16:01:37", "elapsed": 738.227798, "delta": 2.128133}}
{"target": 0.8410986638865767, "params": {"max_depth": 48.318209883837135, "n_estimators": 26.404120785410257}, "datetime": {"datetime": "2021-09-21 16:01:40", "elapsed": 740.872153, "delta": 2.644355}}
{"target": 0.8395922120831986, "params": {"max_depth": 42.25106309883486, "n_estimators": 24.701257992431174}, "datetime": {"datetime": "2021-09-21 16:01:43", "elapsed": 743.670084, "delta": 2.797931}}
{"target": 0.8394329211700038, "params": {"max_depth": 44.425159859879706, "n_estimators": 23.311042453535393}, "datetime": {"datetime": "2021-09-21 16:01:45", "elapsed": 745.743616, "delta": 2.073532}}
{"target": 0.8394329211700038, "params": {"max_depth": 36.43616924035768, "n_estimators": 23.14191374165873}, "datetime": {"datetime": "2021-09-21 16:01:47", "elapsed": 748.041447, "delta": 2.297831}}
{"target": 0.8416664671257728, "params": {"max_depth": 49.773906948191474, "n_estimators": 25.268367289442004}, "datetime": {"datetime": "2021-09-21 16:01:49", "elapsed": 750.211871, "delta": 2.170424}}
{"target": 0.8410545907133922, "params": {"max_depth": 37.106289137147314, "n_estimators": 22.255740834928687}, "datetime": {"datetime": "2021-09-21 16:01:52", "elapsed": 753.32165, "delta": 3.109779}}
{"target": 0.8416664671257728, "params": {"max_depth": 42.53202088026656, "n_estimators": 25.749074602482587}, "datetime": {"datetime": "2021-09-21 16:01:55", "elapsed": 755.816724, "delta": 2.495074}}
{"target": 0.8344658040331501, "params": {"max_depth": 18.34044009405148, "n_estimators": 136.0162246721079}, "datetime": {"datetime": "2021-09-21 16:08:20", "elapsed": 0.0, "delta": 0.0}}
{"target": 0.834824839962169, "params": {"max_depth": 10.002287496346899, "n_estimators": 115.116628631592}, "datetime": {"datetime": "2021-09-21 16:08:21", "elapsed": 1.097547, "delta": 1.097547}}
{"target": 0.8331283991681732, "params": {"max_depth": 12.935117816342261, "n_estimators": 104.6169297384399}, "datetime": {"datetime": "2021-09-21 16:08:22", "elapsed": 1.786543, "delta": 0.688996}}
{"target": 0.8352933640316176, "params": {"max_depth": 13.725204227553418, "n_estimators": 117.27803635215238}, "datetime": {"datetime": "2021-09-21 16:08:23", "elapsed": 2.7222, "delta": 0.935657}}
{"target": 0.8365284795740943, "params": {"max_depth": 17.935349484613397, "n_estimators": 126.94083670016785}, "datetime": {"datetime": "2021-09-21 16:08:24", "elapsed": 3.992822, "delta": 1.270622}}
{"target": 0.8345898547555849, "params": {"max_depth": 18.383890288065896, "n_estimators": 134.26097501983799}, "datetime": {"datetime": "2021-09-21 16:08:25", "elapsed": 5.388853, "delta": 1.396031}}
{"target": 0.8335735580700994, "params": {"max_depth": 14.089044994630349, "n_estimators": 143.90587181954726}, "datetime": {"datetime": "2021-09-21 16:08:27", "elapsed": 6.876708, "delta": 1.487855}}
{"target": 0.8339266954832912, "params": {"max_depth": 10.547751863958524, "n_estimators": 133.5233755089201}, "datetime": {"datetime": "2021-09-21 16:08:28", "elapsed": 8.319275, "delta": 1.442567}}
{"target": 0.834385040484366, "params": {"max_depth": 22.016463235804444, "n_estimators": 123.22315302877126}, "datetime": {"datetime": "2021-09-21 16:08:29", "elapsed": 9.321545, "delta": 1.00227}}
{"target": 0.8348402256662342, "params": {"max_depth": 15.329628442905365, "n_estimators": 125.28879927825501}, "datetime": {"datetime": "2021-09-21 16:08:31", "elapsed": 10.62772, "delta": 1.306175}}
{"target": 0.8359016146244469, "params": {"max_depth": 18.773613334791378, "n_estimators": 128.56801160439846}, "datetime": {"datetime": "2021-09-21 16:08:32", "elapsed": 12.184522, "delta": 1.556802}}
{"target": 0.8351756834486388, "params": {"max_depth": 19.550863596696146, "n_estimators": 126.1356845424007}, "datetime": {"datetime": "2021-09-21 16:08:33", "elapsed": 13.4448, "delta": 1.260278}}
{"target": 0.8327592689091079, "params": {"max_depth": 16.35172242719564, "n_estimators": 128.0459008779729}, "datetime": {"datetime": "2021-09-21 16:08:35", "elapsed": 14.744195, "delta": 1.299395}}
{"target": 0.836382852222283, "params": {"max_depth": 18.536300250821952, "n_estimators": 126.63250838451877}, "datetime": {"datetime": "2021-09-21 16:08:36", "elapsed": 15.933938, "delta": 1.189743}}
{"target": 0.8357997128727612, "params": {"max_depth": 18.529943660425044, "n_estimators": 127.48420103790708}, "datetime": {"datetime": "2021-09-21 16:08:37", "elapsed": 17.164867, "delta": 1.230929}}
{"target": 0.8365284795740943, "params": {"max_depth": 17.856342402342342, "n_estimators": 126.16126214901337}, "datetime": {"datetime": "2021-09-21 16:08:38", "elapsed": 18.350454, "delta": 1.185587}}
{"target": 0.8343020369301067, "params": {"max_depth": 20.077902988263673, "n_estimators": 129.59519492935374}, "datetime": {"datetime": "2021-09-21 16:08:39", "elapsed": 19.50817, "delta": 1.157716}}
{"target": 0.8360301509902409, "params": {"max_depth": 18.0330347142197, "n_estimators": 124.70548973396447}, "datetime": {"datetime": "2021-09-21 16:08:41", "elapsed": 20.766472, "delta": 1.258302}}
{"target": 0.8357471193795851, "params": {"max_depth": 17.309270246688456, "n_estimators": 123.14909975515303}, "datetime": {"datetime": "2021-09-21 16:08:42", "elapsed": 22.195599, "delta": 1.429127}}
{"target": 0.8358597779892967, "params": {"max_depth": 18.923404514195056, "n_estimators": 123.01139812891319}, "datetime": {"datetime": "2021-09-21 16:08:44", "elapsed": 23.569775, "delta": 1.374176}}
{"target": 0.8359203740518517, "params": {"max_depth": 18.41755541289868, "n_estimators": 121.2531141271617}, "datetime": {"datetime": "2021-09-21 16:08:45", "elapsed": 25.006131, "delta": 1.436356}}
{"target": 0.8330911402676675, "params": {"max_depth": 16.48915653645561, "n_estimators": 120.80655754930868}, "datetime": {"datetime": "2021-09-21 16:08:46", "elapsed": 26.241605, "delta": 1.235474}}
{"target": 0.8347059064471063, "params": {"max_depth": 19.952173570806067, "n_estimators": 121.15018689098868}, "datetime": {"datetime": "2021-09-21 16:08:47", "elapsed": 27.051215, "delta": 0.80961}}
{"target": 0.8334052846894877, "params": {"max_depth": 16.843728424867194, "n_estimators": 124.54317217448633}, "datetime": {"datetime": "2021-09-21 16:08:48", "elapsed": 27.875218, "delta": 0.824003}}
{"target": 0.8366752029071332, "params": {"max_depth": 18.596942626362747, "n_estimators": 125.41730361859415}, "datetime": {"datetime": "2021-09-21 16:08:49", "elapsed": 28.706881, "delta": 0.831663}}
{"target": 0.8360301509902409, "params": {"max_depth": 18.97885563257546, "n_estimators": 124.26135697672396}, "datetime": {"datetime": "2021-09-21 16:08:49", "elapsed": 29.454403, "delta": 0.747522}}
{"target": 0.8360123913580874, "params": {"max_depth": 18.1909992413025, "n_estimators": 122.43837098917963}, "datetime": {"datetime": "2021-09-21 16:08:50", "elapsed": 30.252006, "delta": 0.797603}}
{"target": 0.8363653749299413, "params": {"max_depth": 14.267354330012889, "n_estimators": 114.8583142076934}, "datetime": {"datetime": "2021-09-21 16:08:51", "elapsed": 31.065088, "delta": 0.813082}}
{"target": 0.8342903736437142, "params": {"max_depth": 15.622740170907193, "n_estimators": 114.90973944550578}, "datetime": {"datetime": "2021-09-21 16:08:52", "elapsed": 31.891088, "delta": 0.826}}
{"target": 0.8354879733597782, "params": {"max_depth": 13.170910118207482, "n_estimators": 114.82268271760599}, "datetime": {"datetime": "2021-09-21 16:08:53", "elapsed": 32.711891, "delta": 0.820803}}
{"target": 0.8355784930563972, "params": {"max_depth": 13.982382205370303, "n_estimators": 113.47669990506832}, "datetime": {"datetime": "2021-09-21 16:08:53", "elapsed": 33.501902, "delta": 0.790011}}
{"target": 0.8366197777953144, "params": {"max_depth": 14.132070558616391, "n_estimators": 115.83505990965257}, "datetime": {"datetime": "2021-09-21 16:08:54", "elapsed": 34.300904, "delta": 0.799002}}
{"target": 0.8360330495596757, "params": {"max_depth": 13.724627725474104, "n_estimators": 111.04413906464123}, "datetime": {"datetime": "2021-09-21 16:08:55", "elapsed": 35.008627, "delta": 0.707723}}
{"target": 0.8348445355185443, "params": {"max_depth": 15.227607148979137, "n_estimators": 111.10481653517775}, "datetime": {"datetime": "2021-09-21 16:08:56", "elapsed": 35.727826, "delta": 0.719199}}
{"target": 0.8328775919405818, "params": {"max_depth": 12.291118023225426, "n_estimators": 111.59697786129726}, "datetime": {"datetime": "2021-09-21 16:08:56", "elapsed": 36.465447, "delta": 0.737621}}
{"target": 0.8362798699342697, "params": {"max_depth": 13.88053348711918, "n_estimators": 109.73772839096074}, "datetime": {"datetime": "2021-09-21 16:08:57", "elapsed": 37.238749, "delta": 0.773302}}
{"target": 0.835976512534972, "params": {"max_depth": 14.42946781608059, "n_estimators": 108.4547703477075}, "datetime": {"datetime": "2021-09-21 16:08:58", "elapsed": 37.977752, "delta": 0.739003}}
{"target": 0.8350677752254926, "params": {"max_depth": 13.028245032520587, "n_estimators": 108.49210664564092}, "datetime": {"datetime": "2021-09-21 16:08:59", "elapsed": 38.684016, "delta": 0.706264}}
{"target": 0.8349742657292559, "params": {"max_depth": 15.298180930610513, "n_estimators": 109.40879542553952}, "datetime": {"datetime": "2021-09-21 16:08:59", "elapsed": 39.472071, "delta": 0.788055}}
{"target": 0.8336198106708483, "params": {"max_depth": 15.333631761601907, "n_estimators": 107.14503253100666}, "datetime": {"datetime": "2021-09-21 16:09:00", "elapsed": 40.175072, "delta": 0.703001}}
{"target": 0.8366179178240861, "params": {"max_depth": 14.818472989545715, "n_estimators": 116.64849410031454}, "datetime": {"datetime": "2021-09-21 16:09:01", "elapsed": 40.842345, "delta": 0.667273}}
{"target": 0.8344610857271806, "params": {"max_depth": 15.78744601478984, "n_estimators": 117.47768007399222}, "datetime": {"datetime": "2021-09-21 16:09:02", "elapsed": 41.691194, "delta": 0.848849}}
{"target": 0.8305459555058305, "params": {"max_depth": 29.56453025379669, "n_estimators": 147.55064944185378}, "datetime": {"datetime": "2021-09-21 16:09:03", "elapsed": 42.969472, "delta": 1.278278}}
{"target": 0.8338486505505, "params": {"max_depth": 12.595397544546712, "n_estimators": 124.79993366072799}, "datetime": {"datetime": "2021-09-21 16:09:04", "elapsed": 43.853213, "delta": 0.883741}}
