{"target": 0.8347638797308707, "params": {"max_depth": 14.207279916498262, "n_estimators": 46.8787177125606}, "datetime": {"datetime": "2021-09-21 14:33:49", "elapsed": 4537.078703, "delta": 10.963853}}
{"target": 0.8292869266991151, "params": {"max_depth": 23.203011402671002, "n_estimators": 16.527243367227122}, "datetime": {"datetime": "2021-09-21 14:34:16", "elapsed": 4563.744715, "delta": 26.666012}}
{"target": 0.8331704216598567, "params": {"max_depth": 29.99047625745701, "n_estimators": 85.16994949138208}, "datetime": {"datetime": "2021-09-21 14:34:30", "elapsed": 4577.430179, "delta": 13.685464}}
{"target": 0.8334354316004693, "params": {"max_depth": 17.48576045151174, "n_estimators": 90.15386236403369}, "datetime": {"datetime": "2021-09-21 14:34:41", "elapsed": 4588.958872, "delta": 11.528693}}
{"target": 0.8335130928318287, "params": {"max_depth": 21.527138523179318, "n_estimators": 97.30855031687153}, "datetime": {"datetime": "2021-09-21 14:35:03", "elapsed": 4610.278489, "delta": 21.319617}}
{"target": 0.8370055004625485, "params": {"max_depth": 28.83136259435168, "n_estimators": 60.337970183145686}, "datetime": {"datetime": "2021-09-21 14:35:17", "elapsed": 4624.762475, "delta": 14.483986}}
{"target": 0.833571230334591, "params": {"max_depth": 20.453803085174066, "n_estimators": 31.804800040522057}, "datetime": {"datetime": "2021-09-21 14:35:35", "elapsed": 4642.825343, "delta": 18.062868}}
{"target": 0.8386312214341616, "params": {"max_depth": 18.815922564783822, "n_estimators": 70.21811698048187}, "datetime": {"datetime": "2021-09-21 14:35:46", "elapsed": 4654.051585, "delta": 11.226242}}
{"target": 0.8361339934722322, "params": {"max_depth": 12.801144998294125, "n_estimators": 26.936762418061}, "datetime": {"datetime": "2021-09-21 14:36:14", "elapsed": 4681.701756, "delta": 27.650171}}
{"target": 0.8366049070835647, "params": {"max_depth": 16.323005893637784, "n_estimators": 24.579455245373214}, "datetime": {"datetime": "2021-09-21 14:36:26", "elapsed": 4693.434403, "delta": 11.732647}}
{"target": 0.8364392308172605, "params": {"max_depth": 26.298972697263544, "n_estimators": 64.01368518372763}, "datetime": {"datetime": "2021-09-21 14:36:41", "elapsed": 4709.031562, "delta": 15.597159}}
{"target": 0.8434172421662551, "params": {"max_depth": 22.211034108608718, "n_estimators": 19.681835831844687}, "datetime": {"datetime": "2021-09-21 14:37:11", "elapsed": 4738.634905, "delta": 29.603343}}
{"target": 0.8328132652770306, "params": {"max_depth": 27.030475549802297, "n_estimators": 78.35722086808455}, "datetime": {"datetime": "2021-09-21 14:37:43", "elapsed": 4770.458083, "delta": 31.823178}}
{"target": 0.8296029448590727, "params": {"max_depth": 11.20970155081695, "n_estimators": 21.374423602758768}, "datetime": {"datetime": "2021-09-21 14:38:05", "elapsed": 4792.845424, "delta": 22.387341}}
{"target": 0.8336628698694246, "params": {"max_depth": 22.6560061539125, "n_estimators": 46.093940709233046}, "datetime": {"datetime": "2021-09-21 14:38:17", "elapsed": 4804.888065, "delta": 12.042641}}
{"target": 0.8316419389393043, "params": {"max_depth": 17.524485992536405, "n_estimators": 81.09836294664329}, "datetime": {"datetime": "2021-09-21 14:38:38", "elapsed": 4825.334278, "delta": 20.446213}}
{"target": 0.8360761206823842, "params": {"max_depth": 26.178240783659675, "n_estimators": 70.13087520200348}, "datetime": {"datetime": "2021-09-21 14:38:55", "elapsed": 4842.76516, "delta": 17.430882}}
{"target": 0.8337494733017127, "params": {"max_depth": 20.893273127392185, "n_estimators": 74.9508347628671}, "datetime": {"datetime": "2021-09-21 14:39:13", "elapsed": 4860.246953, "delta": 17.481793}}
{"target": 0.829660172810117, "params": {"max_depth": 7.688271487462345, "n_estimators": 55.02965777543926}, "datetime": {"datetime": "2021-09-21 14:39:27", "elapsed": 4875.10377, "delta": 14.856817}}
{"target": 0.826576216661967, "params": {"max_depth": 7.256165067676191, "n_estimators": 52.70845302749779}, "datetime": {"datetime": "2021-09-21 14:39:51", "elapsed": 4898.54615, "delta": 23.44238}}
{"target": 0.8309490656197709, "params": {"max_depth": 25.527980579288673, "n_estimators": 33.93156742541849}, "datetime": {"datetime": "2021-09-21 14:40:11", "elapsed": 4918.549388, "delta": 20.003238}}
{"target": 0.8333965291438497, "params": {"max_depth": 19.184397636688818, "n_estimators": 97.45536864213024}, "datetime": {"datetime": "2021-09-21 14:40:39", "elapsed": 4946.682493, "delta": 28.133105}}
{"target": 0.8355837071604852, "params": {"max_depth": 18.11270528265651, "n_estimators": 74.1586987952921}, "datetime": {"datetime": "2021-09-21 14:40:52", "elapsed": 4959.246106, "delta": 12.563613}}
{"target": 0.8258966041348986, "params": {"max_depth": 14.756827572071023, "n_estimators": 14.958943332311273}, "datetime": {"datetime": "2021-09-21 14:41:09", "elapsed": 4976.319498, "delta": 17.073392}}
{"target": 0.8285564466640882, "params": {"max_depth": 16.59032311352962, "n_estimators": 44.991970393538494}, "datetime": {"datetime": "2021-09-21 14:41:29", "elapsed": 4996.185356, "delta": 19.865858}}
{"target": 0.8332789459076888, "params": {"max_depth": 7.762040340657226, "n_estimators": 24.626355164501017}, "datetime": {"datetime": "2021-09-21 14:41:44", "elapsed": 5011.887212, "delta": 15.701856}}
{"target": 0.8365219605587477, "params": {"max_depth": 23.49821086267024, "n_estimators": 28.785966328386404}, "datetime": {"datetime": "2021-09-21 14:42:00", "elapsed": 5027.783788, "delta": 15.896576}}
{"target": 0.83792716520911, "params": {"max_depth": 22.18950939584455, "n_estimators": 65.86931681864115}, "datetime": {"datetime": "2021-09-21 14:42:16", "elapsed": 5043.752699, "delta": 15.968911}}
{"target": 0.8302521183111395, "params": {"max_depth": 24.302785356537367, "n_estimators": 39.68824480397235}, "datetime": {"datetime": "2021-09-21 14:42:40", "elapsed": 5067.977619, "delta": 24.22492}}
{"target": 0.8318343878574881, "params": {"max_depth": 25.11010000418845, "n_estimators": 36.990767387170386}, "datetime": {"datetime": "2021-09-21 14:43:04", "elapsed": 5091.251724, "delta": 23.274105}}
{"target": 0.8342370154835776, "params": {"max_depth": 28.610424954947657, "n_estimators": 73.19987687755267}, "datetime": {"datetime": "2021-09-21 14:43:20", "elapsed": 5107.812577, "delta": 16.560853}}
{"target": 0.8369966145701431, "params": {"max_depth": 22.370763481593254, "n_estimators": 62.73075698936553}, "datetime": {"datetime": "2021-09-21 14:43:35", "elapsed": 5122.358892, "delta": 14.546315}}
{"target": 0.8365481245663229, "params": {"max_depth": 25.575054921775923, "n_estimators": 57.632091685723154}, "datetime": {"datetime": "2021-09-21 14:43:51", "elapsed": 5138.207615, "delta": 15.848723}}
{"target": 0.8324961429902755, "params": {"max_depth": 25.983338200853584, "n_estimators": 41.98763234090479}, "datetime": {"datetime": "2021-09-21 14:44:12", "elapsed": 5159.719144, "delta": 21.511529}}
{"target": 0.8377222960176537, "params": {"max_depth": 25.811115675966246, "n_estimators": 65.94245808406951}, "datetime": {"datetime": "2021-09-21 14:44:25", "elapsed": 5173.042628, "delta": 13.323484}}
{"target": 0.8369485928565594, "params": {"max_depth": 21.71405464479299, "n_estimators": 55.381893493705384}, "datetime": {"datetime": "2021-09-21 14:44:52", "elapsed": 5199.912275, "delta": 26.869647}}
{"target": 0.8336272775919982, "params": {"max_depth": 13.9689012108112, "n_estimators": 53.468644285432}, "datetime": {"datetime": "2021-09-21 14:45:04", "elapsed": 5211.689196, "delta": 11.776921}}
{"target": 0.8394949869278584, "params": {"max_depth": 18.034213425624998, "n_estimators": 57.08091070977476}, "datetime": {"datetime": "2021-09-21 14:45:36", "elapsed": 5243.71801, "delta": 32.028814}}
{"target": 0.8309912202035074, "params": {"max_depth": 22.104122964673465, "n_estimators": 89.92274294146527}, "datetime": {"datetime": "2021-09-21 14:45:52", "elapsed": 5259.618113, "delta": 15.900103}}
{"target": 0.8348922795222771, "params": {"max_depth": 18.948159408060732, "n_estimators": 82.26333025860714}, "datetime": {"datetime": "2021-09-21 14:46:12", "elapsed": 5279.317877, "delta": 19.699764}}
{"target": 0.8359502201711443, "params": {"max_depth": 27.925517366195066, "n_estimators": 59.107042611703434}, "datetime": {"datetime": "2021-09-21 14:46:28", "elapsed": 5295.636473, "delta": 16.318596}}
{"target": 0.8361478810395244, "params": {"max_depth": 16.232141316676874, "n_estimators": 23.057553328439433}, "datetime": {"datetime": "2021-09-21 14:46:52", "elapsed": 5319.166856, "delta": 23.530383}}
{"target": 0.8333664638014069, "params": {"max_depth": 29.993951134430294, "n_estimators": 46.67274577309606}, "datetime": {"datetime": "2021-09-21 14:47:11", "elapsed": 5338.295186, "delta": 19.12833}}
{"target": 0.833005947416783, "params": {"max_depth": 17.11721386264546, "n_estimators": 86.56571043640812}, "datetime": {"datetime": "2021-09-21 14:47:26", "elapsed": 5353.284046, "delta": 14.98886}}
{"target": 0.8354037149008244, "params": {"max_depth": 13.645079483878664, "n_estimators": 93.03135382104522}, "datetime": {"datetime": "2021-09-21 14:47:50", "elapsed": 5378.004623, "delta": 24.720577}}
{"target": 0.8303923591187423, "params": {"max_depth": 15.638668990747332, "n_estimators": 33.21718643033597}, "datetime": {"datetime": "2021-09-21 14:48:07", "elapsed": 5394.567643, "delta": 16.56302}}
{"target": 0.8363157710767106, "params": {"max_depth": 14.30678727346194, "n_estimators": 80.42535231309955}, "datetime": {"datetime": "2021-09-21 14:48:24", "elapsed": 5411.275461, "delta": 16.707818}}
{"target": 0.8326760530828049, "params": {"max_depth": 24.711621757339913, "n_estimators": 50.92149870479915}, "datetime": {"datetime": "2021-09-21 14:48:41", "elapsed": 5428.248356, "delta": 16.972895}}
{"target": 0.8332134592158793, "params": {"max_depth": 21.406023011226278, "n_estimators": 78.83327753944467}, "datetime": {"datetime": "2021-09-21 14:49:09", "elapsed": 5456.685134, "delta": 28.436778}}
{"target": 0.8394905159838129, "params": {"max_depth": 14.360561250706313, "n_estimators": 62.33120156087016}, "datetime": {"datetime": "2021-09-21 14:49:23", "elapsed": 5470.346588, "delta": 13.661454}}
{"target": 0.8369358944631384, "params": {"max_depth": 18.67381305146365, "n_estimators": 46.283031773358324}, "datetime": {"datetime": "2021-09-21 14:49:41", "elapsed": 5488.163046, "delta": 17.816458}}
{"target": 0.8370985855434424, "params": {"max_depth": 17.14313559412006, "n_estimators": 99.99591364402744}, "datetime": {"datetime": "2021-09-21 14:50:11", "elapsed": 5518.954894, "delta": 30.791848}}
{"target": 0.8328767725043296, "params": {"max_depth": 19.35882663934618, "n_estimators": 52.65876098612047}, "datetime": {"datetime": "2021-09-21 14:50:32", "elapsed": 5539.331044, "delta": 20.37615}}
{"target": 0.8394329211700038, "params": {"max_depth": 26.581152719201814, "n_estimators": 23.84784846500398}, "datetime": {"datetime": "2021-09-21 14:50:49", "elapsed": 5556.779259, "delta": 17.448215}}
{"target": 0.8362987407952998, "params": {"max_depth": 26.72840219789138, "n_estimators": 54.14761891319515}, "datetime": {"datetime": "2021-09-21 14:51:07", "elapsed": 5574.758426, "delta": 17.979167}}
{"target": 0.8333664638014069, "params": {"max_depth": 27.284935303708874, "n_estimators": 46.08417320613809}, "datetime": {"datetime": "2021-09-21 14:51:22", "elapsed": 5590.0128, "delta": 15.254374}}
{"target": 0.8360524703250468, "params": {"max_depth": 14.346289104097918, "n_estimators": 83.58706528873621}, "datetime": {"datetime": "2021-09-21 14:51:35", "elapsed": 5602.586735, "delta": 12.573935}}
{"target": 0.8348670800890488, "params": {"max_depth": 13.983417077722414, "n_estimators": 85.05416284668757}, "datetime": {"datetime": "2021-09-21 14:51:56", "elapsed": 5624.088317, "delta": 21.501582}}
{"target": 0.8374065326973843, "params": {"max_depth": 15.231164194096317, "n_estimators": 70.46230493285142}, "datetime": {"datetime": "2021-09-21 14:52:10", "elapsed": 5637.941435, "delta": 13.853118}}
{"target": 0.8325117072664932, "params": {"max_depth": 17.571901971184765, "n_estimators": 92.87422501855816}, "datetime": {"datetime": "2021-09-21 14:52:29", "elapsed": 5656.245403, "delta": 18.303968}}
{"target": 0.8282972735049831, "params": {"max_depth": 9.746344045189767, "n_estimators": 84.16259316600609}, "datetime": {"datetime": "2021-09-21 14:52:44", "elapsed": 5671.497317, "delta": 15.251914}}
{"target": 0.8324961429902755, "params": {"max_depth": 29.991463398145846, "n_estimators": 41.96846888432209}, "datetime": {"datetime": "2021-09-21 14:53:07", "elapsed": 5694.12026, "delta": 22.622943}}
{"target": 0.8354275385054102, "params": {"max_depth": 16.507013939505825, "n_estimators": 57.64888087946652}, "datetime": {"datetime": "2021-09-21 14:53:23", "elapsed": 5710.907941, "delta": 16.787681}}
{"target": 0.8289823263647844, "params": {"max_depth": 9.920651981956249, "n_estimators": 80.91149449704596}, "datetime": {"datetime": "2021-09-21 14:53:43", "elapsed": 5731.085377, "delta": 20.177436}}
{"target": 0.8263305511413002, "params": {"max_depth": 7.539448187136993, "n_estimators": 83.04432708524989}, "datetime": {"datetime": "2021-09-21 14:54:07", "elapsed": 5754.917925, "delta": 23.832548}}
{"target": 0.8410986638865767, "params": {"max_depth": 27.626862831796416, "n_estimators": 26.42587929474539}, "datetime": {"datetime": "2021-09-21 14:54:37", "elapsed": 5784.805199, "delta": 29.887274}}
{"target": 0.8353932273502555, "params": {"max_depth": 29.188934970440563, "n_estimators": 99.08422012541024}, "datetime": {"datetime": "2021-09-21 14:54:53", "elapsed": 5800.996705, "delta": 16.191506}}
{"target": 0.8371635649565526, "params": {"max_depth": 22.533004377120996, "n_estimators": 68.46041011239969}, "datetime": {"datetime": "2021-09-21 14:55:11", "elapsed": 5818.831418, "delta": 17.834713}}
{"target": 0.8415337047276287, "params": {"max_depth": 22.06523226512747, "n_estimators": 20.926312658841702}, "datetime": {"datetime": "2021-09-21 14:55:34", "elapsed": 5841.389177, "delta": 22.557759}}
{"target": 0.8340092111830476, "params": {"max_depth": 15.032212139921954, "n_estimators": 74.78328997725268}, "datetime": {"datetime": "2021-09-21 14:55:46", "elapsed": 5853.987887, "delta": 12.59871}}
{"target": 0.8351121444436403, "params": {"max_depth": 13.81352076604959, "n_estimators": 22.260342731420693}, "datetime": {"datetime": "2021-09-21 14:55:59", "elapsed": 5866.935382, "delta": 12.947495}}
{"target": 0.8370877072830591, "params": {"max_depth": 20.58665811248483, "n_estimators": 64.45635772734485}, "datetime": {"datetime": "2021-09-21 14:56:23", "elapsed": 5890.140533, "delta": 23.205151}}
{"target": 0.8323120225968723, "params": {"max_depth": 9.559307328440164, "n_estimators": 98.56552713210438}, "datetime": {"datetime": "2021-09-21 14:56:49", "elapsed": 5916.915696, "delta": 26.775163}}
{"target": 0.8364853967840863, "params": {"max_depth": 14.580829363912677, "n_estimators": 51.07828207074966}, "datetime": {"datetime": "2021-09-21 14:57:08", "elapsed": 5935.512905, "delta": 18.597209}}
{"target": 0.8348322954540133, "params": {"max_depth": 12.082139503904672, "n_estimators": 24.938757206401718}, "datetime": {"datetime": "2021-09-21 14:57:24", "elapsed": 5952.097912, "delta": 16.585007}}
{"target": 0.8327624934443552, "params": {"max_depth": 30.0, "n_estimators": 82.00349786855658}, "datetime": {"datetime": "2021-09-21 14:57:45", "elapsed": 5972.852582, "delta": 20.75467}}
{"target": 0.834468456839991, "params": {"max_depth": 14.252146930735247, "n_estimators": 35.57436927337653}, "datetime": {"datetime": "2021-09-21 14:58:20", "elapsed": 6007.192531, "delta": 34.339949}}
{"target": 0.8338909438281085, "params": {"max_depth": 10.714890364985633, "n_estimators": 24.659412501283136}, "datetime": {"datetime": "2021-09-21 14:58:39", "elapsed": 6026.260059, "delta": 19.067528}}
{"target": 0.83275763156286, "params": {"max_depth": 23.53853132366703, "n_estimators": 48.12181461696362}, "datetime": {"datetime": "2021-09-21 14:59:19", "elapsed": 6066.371317, "delta": 40.111258}}
{"target": 0.8374198916619142, "params": {"max_depth": 21.39257003177407, "n_estimators": 60.91151186403788}, "datetime": {"datetime": "2021-09-21 14:59:34", "elapsed": 6081.748736, "delta": 15.377419}}
{"target": 0.8347530244489683, "params": {"max_depth": 29.981708746441747, "n_estimators": 34.63864471276363}, "datetime": {"datetime": "2021-09-21 14:59:49", "elapsed": 6096.283619, "delta": 14.534883}}
{"target": 0.8360246548033261, "params": {"max_depth": 15.158469320728173, "n_estimators": 72.18231844564241}, "datetime": {"datetime": "2021-09-21 15:00:07", "elapsed": 6115.014278, "delta": 18.730659}}
{"target": 0.8245789974712343, "params": {"max_depth": 9.864733900511961, "n_estimators": 40.49162584132762}, "datetime": {"datetime": "2021-09-21 15:00:29", "elapsed": 6137.073925, "delta": 22.059647}}
{"target": 0.826222599587019, "params": {"max_depth": 11.503481949629425, "n_estimators": 42.9977127978837}, "datetime": {"datetime": "2021-09-21 15:00:52", "elapsed": 6159.24216, "delta": 22.168235}}
{"target": 0.8409613454149053, "params": {"max_depth": 14.4468481463216, "n_estimators": 65.65661711242313}, "datetime": {"datetime": "2021-09-21 15:01:14", "elapsed": 6181.270635, "delta": 22.028475}}
{"target": 0.8410986638865767, "params": {"max_depth": 25.557638431896738, "n_estimators": 26.880306142192335}, "datetime": {"datetime": "2021-09-21 15:01:35", "elapsed": 6202.667139, "delta": 21.396504}}
{"target": 0.8363444843686025, "params": {"max_depth": 17.29610682595871, "n_estimators": 62.36569090125439}, "datetime": {"datetime": "2021-09-21 15:01:52", "elapsed": 6219.120968, "delta": 16.453829}}
{"target": 0.8354172557645456, "params": {"max_depth": 13.722532373722743, "n_estimators": 73.51704812941713}, "datetime": {"datetime": "2021-09-21 15:02:11", "elapsed": 6238.401979, "delta": 19.281011}}
{"target": 0.838980407055492, "params": {"max_depth": 15.332080444290707, "n_estimators": 61.33224230933119}, "datetime": {"datetime": "2021-09-21 15:02:30", "elapsed": 6257.434912, "delta": 19.032933}}
{"target": 0.8372816563238723, "params": {"max_depth": 20.0186823185453, "n_estimators": 57.05810429184586}, "datetime": {"datetime": "2021-09-21 15:02:47", "elapsed": 6274.91888, "delta": 17.483968}}
{"target": 0.834534829894801, "params": {"max_depth": 12.027952693332216, "n_estimators": 71.18004050747348}, "datetime": {"datetime": "2021-09-21 15:03:08", "elapsed": 6295.887179, "delta": 20.968299}}
{"target": 0.8415337047276287, "params": {"max_depth": 27.771381467313923, "n_estimators": 20.79222001925406}, "datetime": {"datetime": "2021-09-21 15:03:22", "elapsed": 6309.167086, "delta": 13.279907}}
{"target": 0.8365481245663229, "params": {"max_depth": 27.48179181239065, "n_estimators": 57.06581381379723}, "datetime": {"datetime": "2021-09-21 15:03:42", "elapsed": 6329.311946, "delta": 20.14486}}
{"target": 0.832931306354977, "params": {"max_depth": 21.86353534146561, "n_estimators": 93.2145137673266}, "datetime": {"datetime": "2021-09-21 15:04:03", "elapsed": 6350.751111, "delta": 21.439165}}
{"target": 0.8338009857076096, "params": {"max_depth": 19.897949757985927, "n_estimators": 71.10755487168123}, "datetime": {"datetime": "2021-09-21 15:04:27", "elapsed": 6374.305139, "delta": 23.554028}}
{"target": 0.8423762850336813, "params": {"max_depth": 15.66976658100247, "n_estimators": 19.03741335844807}, "datetime": {"datetime": "2021-09-21 15:05:02", "elapsed": 6409.555142, "delta": 35.250003}}
{"target": 0.831874131551018, "params": {"max_depth": 8.136425772761143, "n_estimators": 64.23227029658105}, "datetime": {"datetime": "2021-09-21 15:05:16", "elapsed": 6423.817249, "delta": 14.262107}}
{"target": 0.8174939180935304, "params": {"max_depth": 6.168381529051429, "n_estimators": 26.753948078465783}, "datetime": {"datetime": "2021-09-21 15:05:29", "elapsed": 6436.622757, "delta": 12.805508}}
{"target": 0.8372214023693039, "params": {"max_depth": 19.903829737297563, "n_estimators": 65.89280307250921}, "datetime": {"datetime": "2021-09-21 15:05:57", "elapsed": 6464.402971, "delta": 27.780214}}
{"target": 0.8327624934443552, "params": {"max_depth": 25.80667158991219, "n_estimators": 82.38678011256737}, "datetime": {"datetime": "2021-09-21 15:06:13", "elapsed": 6480.127848, "delta": 15.724877}}
{"target": 0.8390210713376202, "params": {"max_depth": 18.532365356541735, "n_estimators": 58.24608472995639}, "datetime": {"datetime": "2021-09-21 15:06:42", "elapsed": 6509.679974, "delta": 29.552126}}
{"target": 0.8364392308172605, "params": {"max_depth": 29.944832128580643, "n_estimators": 64.28852153143663}, "datetime": {"datetime": "2021-09-21 15:07:20", "elapsed": 6547.840796, "delta": 38.160822}}
{"target": 0.8252567767742243, "params": {"max_depth": 30.0, "n_estimators": 10.915339287243762}, "datetime": {"datetime": "2021-09-21 15:07:43", "elapsed": 6570.545351, "delta": 22.704555}}
{"target": 0.8366820428847578, "params": {"max_depth": 23.863797275274507, "n_estimators": 64.80140895698764}, "datetime": {"datetime": "2021-09-21 15:07:56", "elapsed": 6583.254547, "delta": 12.709196}}
{"target": 0.8392399423547443, "params": {"max_depth": 19.966992834845847, "n_estimators": 24.462907007950125}, "datetime": {"datetime": "2021-09-21 15:08:12", "elapsed": 6599.946903, "delta": 16.692356}}
{"target": 0.8410545907133922, "params": {"max_depth": 21.426933725244194, "n_estimators": 22.932476226899972}, "datetime": {"datetime": "2021-09-21 15:08:26", "elapsed": 6613.832596, "delta": 13.885693}}
{"target": 0.8349828849001665, "params": {"max_depth": 21.71317541140998, "n_estimators": 72.42598806329393}, "datetime": {"datetime": "2021-09-21 15:08:57", "elapsed": 6644.421113, "delta": 30.588517}}
{"target": 0.8434172421662551, "params": {"max_depth": 29.28497379897364, "n_estimators": 19.13362682604255}, "datetime": {"datetime": "2021-09-21 15:09:23", "elapsed": 6670.555517, "delta": 26.134404}}
