{"target": -12.033963171845024, "params": {"max_depth": 12.445746029939336, "n_estimators": 81.5538282654206}, "datetime": {"datetime": "2021-09-27 16:53:57", "elapsed": 68.937886, "delta": 0.759993}}
{"target": -11.9010168861939, "params": {"max_depth": 21.17878820402195, "n_estimators": 85.52747201280748}, "datetime": {"datetime": "2021-09-27 16:53:57", "elapsed": 69.774883, "delta": 0.836997}}
{"target": -12.250540443419904, "params": {"max_depth": 8.0, "n_estimators": 94.33689751210137}, "datetime": {"datetime": "2021-09-27 16:53:58", "elapsed": 70.548892, "delta": 0.774009}}
{"target": -11.881400997150319, "params": {"max_depth": 29.831715864678067, "n_estimators": 80.54214406924213}, "datetime": {"datetime": "2021-09-27 16:53:59", "elapsed": 71.34778, "delta": 0.798888}}
{"target": -11.892729657282235, "params": {"max_depth": 13.264397574308779, "n_estimators": 100.0}, "datetime": {"datetime": "2021-09-27 16:54:00", "elapsed": 72.223336, "delta": 0.875556}}
{"target": -11.812681749554816, "params": {"max_depth": 19.64235962095738, "n_estimators": 56.78059382116563}, "datetime": {"datetime": "2021-09-27 16:54:01", "elapsed": 72.935299, "delta": 0.711963}}
{"target": -11.871170017278128, "params": {"max_depth": 23.586044979919546, "n_estimators": 74.50851769743939}, "datetime": {"datetime": "2021-09-27 16:54:01", "elapsed": 73.668965, "delta": 0.733666}}
{"target": -11.806728546143317, "params": {"max_depth": 27.88196975082381, "n_estimators": 55.87861544337998}, "datetime": {"datetime": "2021-09-27 16:54:02", "elapsed": 74.260999, "delta": 0.592034}}
{"target": -11.733695886427368, "params": {"max_depth": 18.97690793213343, "n_estimators": 70.24214037601578}, "datetime": {"datetime": "2021-09-27 16:54:03", "elapsed": 74.976011, "delta": 0.715012}}
{"target": -11.880124963968704, "params": {"max_depth": 22.855539295150376, "n_estimators": 78.64020965915222}, "datetime": {"datetime": "2021-09-27 16:54:03", "elapsed": 75.732272, "delta": 0.756261}}
{"target": -11.828869610566043, "params": {"max_depth": 26.644535420037588, "n_estimators": 99.98114894459025}, "datetime": {"datetime": "2021-09-27 16:54:04", "elapsed": 76.650986, "delta": 0.918714}}
{"target": -11.786495586570553, "params": {"max_depth": 28.34941236326524, "n_estimators": 70.25183809850532}, "datetime": {"datetime": "2021-09-27 16:54:05", "elapsed": 77.360625, "delta": 0.709639}}
{"target": -11.881344605765365, "params": {"max_depth": 30.0, "n_estimators": 29.084180290735155}, "datetime": {"datetime": "2021-09-27 16:54:06", "elapsed": 77.89667, "delta": 0.536045}}
{"target": -11.768367370734968, "params": {"max_depth": 20.292365320399213, "n_estimators": 63.265224949401535}, "datetime": {"datetime": "2021-09-27 16:54:06", "elapsed": 78.596622, "delta": 0.699952}}
{"target": -11.796311374485201, "params": {"max_depth": 29.382603579269684, "n_estimators": 60.07410021426232}, "datetime": {"datetime": "2021-09-27 16:54:07", "elapsed": 79.231622, "delta": 0.635}}
{"target": -11.891646780322091, "params": {"max_depth": 17.699885518202244, "n_estimators": 30.247180941065157}, "datetime": {"datetime": "2021-09-27 16:54:07", "elapsed": 79.772359, "delta": 0.540737}}
{"target": -11.984882793772652, "params": {"max_depth": 13.439860948488842, "n_estimators": 55.66587659676227}, "datetime": {"datetime": "2021-09-27 16:54:08", "elapsed": 80.441367, "delta": 0.669008}}
{"target": -11.832798675310025, "params": {"max_depth": 21.274346770270466, "n_estimators": 45.50574852940906}, "datetime": {"datetime": "2021-09-27 16:54:09", "elapsed": 81.116362, "delta": 0.674995}}
{"target": -11.909783487995345, "params": {"max_depth": 15.556099445636331, "n_estimators": 35.603479408148964}, "datetime": {"datetime": "2021-09-27 16:54:09", "elapsed": 81.706443, "delta": 0.590081}}
{"target": -11.79157124303921, "params": {"max_depth": 23.543836552116304, "n_estimators": 60.109282798711924}, "datetime": {"datetime": "2021-09-27 16:54:10", "elapsed": 82.489003, "delta": 0.78256}}
{"target": -11.746159126082919, "params": {"max_depth": 15.999371647899261, "n_estimators": 65.86896097607557}, "datetime": {"datetime": "2021-09-27 16:54:11", "elapsed": 83.213999, "delta": 0.724996}}
{"target": -11.75856794944335, "params": {"max_depth": 28.16185224316774, "n_estimators": 64.22222375163263}, "datetime": {"datetime": "2021-09-27 16:54:12", "elapsed": 83.963313, "delta": 0.749314}}
{"target": -11.84049784261033, "params": {"max_depth": 15.484330621623263, "n_estimators": 49.86293707924443}, "datetime": {"datetime": "2021-09-27 16:54:12", "elapsed": 84.700309, "delta": 0.736996}}
{"target": -12.027154502578611, "params": {"max_depth": 16.27026520900115, "n_estimators": 53.48723240073467}, "datetime": {"datetime": "2021-09-27 16:54:13", "elapsed": 85.416913, "delta": 0.716604}}
{"target": -11.928629930767043, "params": {"max_depth": 19.619692792514343, "n_estimators": 53.774470307065506}, "datetime": {"datetime": "2021-09-27 16:54:14", "elapsed": 86.127131, "delta": 0.710218}}
{"target": -12.103049354034956, "params": {"max_depth": 12.354642801505733, "n_estimators": 50.4908361997527}, "datetime": {"datetime": "2021-09-27 16:54:14", "elapsed": 86.820983, "delta": 0.693852}}
{"target": -12.036002036889693, "params": {"max_depth": 18.22493448855144, "n_estimators": 18.255640287956012}, "datetime": {"datetime": "2021-09-27 16:54:15", "elapsed": 87.403267, "delta": 0.582284}}
{"target": -12.033998064327154, "params": {"max_depth": 14.041173550758145, "n_estimators": 23.05942313669777}, "datetime": {"datetime": "2021-09-27 16:54:16", "elapsed": 87.995263, "delta": 0.591996}}
{"target": -11.86425986539904, "params": {"max_depth": 29.995577572283604, "n_estimators": 97.22076571970015}, "datetime": {"datetime": "2021-09-27 16:54:17", "elapsed": 88.898271, "delta": 0.903008}}
{"target": -11.926610481553679, "params": {"max_depth": 13.84902044253657, "n_estimators": 75.87895803689523}, "datetime": {"datetime": "2021-09-27 16:54:17", "elapsed": 89.677519, "delta": 0.779248}}
{"target": -11.839911880193888, "params": {"max_depth": 18.992128361065234, "n_estimators": 78.45967417327346}, "datetime": {"datetime": "2021-09-27 16:54:18", "elapsed": 90.543028, "delta": 0.865509}}
{"target": -11.860946314206187, "params": {"max_depth": 23.52278859102936, "n_estimators": 97.22585658701827}, "datetime": {"datetime": "2021-09-27 16:54:19", "elapsed": 91.544081, "delta": 1.001053}}
{"target": -11.89255551565481, "params": {"max_depth": 23.21145917939653, "n_estimators": 90.78563680192048}, "datetime": {"datetime": "2021-09-27 16:54:20", "elapsed": 92.470075, "delta": 0.925994}}
{"target": -11.838491213230807, "params": {"max_depth": 26.92580123456973, "n_estimators": 47.01789821986569}, "datetime": {"datetime": "2021-09-27 16:54:21", "elapsed": 93.148111, "delta": 0.678036}}
{"target": -11.935264311066195, "params": {"max_depth": 27.31082176010024, "n_estimators": 36.421358834022044}, "datetime": {"datetime": "2021-09-27 16:54:22", "elapsed": 93.90665, "delta": 0.758539}}
{"target": -11.933211015580836, "params": {"max_depth": 13.48623630569597, "n_estimators": 61.00815208640562}, "datetime": {"datetime": "2021-09-27 16:54:22", "elapsed": 94.658682, "delta": 0.752032}}
{"target": -11.765368152923028, "params": {"max_depth": 15.586067763550997, "n_estimators": 46.06710263506009}, "datetime": {"datetime": "2021-09-27 16:54:23", "elapsed": 95.404937, "delta": 0.746255}}
{"target": -11.919305822332438, "params": {"max_depth": 21.116016034994626, "n_estimators": 36.82398153641182}, "datetime": {"datetime": "2021-09-27 16:54:24", "elapsed": 96.145627, "delta": 0.74069}}
{"target": -11.875513456003894, "params": {"max_depth": 29.90020034361228, "n_estimators": 74.46839812988851}, "datetime": {"datetime": "2021-09-27 16:54:25", "elapsed": 96.978666, "delta": 0.833039}}
{"target": -11.904876825314622, "params": {"max_depth": 16.084348374443564, "n_estimators": 71.75482491879279}, "datetime": {"datetime": "2021-09-27 16:54:25", "elapsed": 97.84992, "delta": 0.871254}}
{"target": -11.942980655597104, "params": {"max_depth": 12.249574362793483, "n_estimators": 69.24085746153312}, "datetime": {"datetime": "2021-09-27 16:54:26", "elapsed": 98.735879, "delta": 0.885959}}
{"target": -11.933103220564927, "params": {"max_depth": 29.932574344703415, "n_estimators": 21.958120271218874}, "datetime": {"datetime": "2021-09-27 16:54:27", "elapsed": 99.315885, "delta": 0.580006}}
{"target": -11.894109908743951, "params": {"max_depth": 27.510734407929657, "n_estimators": 85.60723008189409}, "datetime": {"datetime": "2021-09-27 16:54:28", "elapsed": 100.253163, "delta": 0.937278}}
{"target": -12.356584194863872, "params": {"max_depth": 11.9945559117034, "n_estimators": 29.20839209753259}, "datetime": {"datetime": "2021-09-27 16:54:29", "elapsed": 100.963953, "delta": 0.71079}}
{"target": -11.897441150478317, "params": {"max_depth": 13.156573281723514, "n_estimators": 96.6626530698081}, "datetime": {"datetime": "2021-09-27 16:54:30", "elapsed": 101.959386, "delta": 0.995433}}
{"target": -11.796100879138882, "params": {"max_depth": 23.669503510004553, "n_estimators": 54.62890226172393}, "datetime": {"datetime": "2021-09-27 16:54:30", "elapsed": 102.672383, "delta": 0.712997}}
{"target": -11.791012336525085, "params": {"max_depth": 25.135505402410516, "n_estimators": 62.513794359652515}, "datetime": {"datetime": "2021-09-27 16:54:31", "elapsed": 103.638479, "delta": 0.966096}}
{"target": -11.92679961678469, "params": {"max_depth": 19.607231033457246, "n_estimators": 49.21687379302891}, "datetime": {"datetime": "2021-09-27 16:54:32", "elapsed": 104.429483, "delta": 0.791004}}
{"target": -11.838491213230807, "params": {"max_depth": 24.180553785245962, "n_estimators": 47.04090094030747}, "datetime": {"datetime": "2021-09-27 16:54:33", "elapsed": 105.291482, "delta": 0.861999}}
{"target": -11.753228636792262, "params": {"max_depth": 18.109884433603092, "n_estimators": 55.55278036444582}, "datetime": {"datetime": "2021-09-27 16:54:34", "elapsed": 106.103609, "delta": 0.812127}}
{"target": -11.774556599827894, "params": {"max_depth": 17.018761629889383, "n_estimators": 60.7071182290766}, "datetime": {"datetime": "2021-09-27 16:54:35", "elapsed": 106.957992, "delta": 0.854383}}
{"target": -11.79070195628249, "params": {"max_depth": 30.0, "n_estimators": 69.74961948866876}, "datetime": {"datetime": "2021-09-27 16:54:35", "elapsed": 107.847923, "delta": 0.889931}}
{"target": -11.695730492921316, "params": {"max_depth": 17.835325387862618, "n_estimators": 66.70522447176977}, "datetime": {"datetime": "2021-09-27 16:54:36", "elapsed": 108.818091, "delta": 0.970168}}
{"target": -11.82362642639726, "params": {"max_depth": 19.15896051258263, "n_estimators": 60.55621181748089}, "datetime": {"datetime": "2021-09-27 16:54:37", "elapsed": 109.738034, "delta": 0.919943}}
{"target": -11.72944609975611, "params": {"max_depth": 18.216154410030448, "n_estimators": 68.59324843466428}, "datetime": {"datetime": "2021-09-27 16:54:38", "elapsed": 110.721072, "delta": 0.983038}}
{"target": -11.819978693947894, "params": {"max_depth": 20.116996770360764, "n_estimators": 99.95792752609334}, "datetime": {"datetime": "2021-09-27 16:54:39", "elapsed": 111.765043, "delta": 1.043971}}
{"target": -11.79070195628249, "params": {"max_depth": 24.012444273854115, "n_estimators": 69.58594889195018}, "datetime": {"datetime": "2021-09-27 16:54:40", "elapsed": 112.696044, "delta": 0.931001}}
{"target": -11.818463218121234, "params": {"max_depth": 18.672402649623578, "n_estimators": 75.87935840779349}, "datetime": {"datetime": "2021-09-27 16:54:41", "elapsed": 113.620618, "delta": 0.924574}}
{"target": -11.883689634870292, "params": {"max_depth": 27.065443757321194, "n_estimators": 79.90430581404848}, "datetime": {"datetime": "2021-09-27 16:54:42", "elapsed": 114.699618, "delta": 1.079}}
{"target": -11.701897742229265, "params": {"max_depth": 14.665503106065943, "n_estimators": 90.03150847660798}, "datetime": {"datetime": "2021-09-27 16:54:43", "elapsed": 115.700896, "delta": 1.001278}}
{"target": -11.900386539074026, "params": {"max_depth": 17.326400870012836, "n_estimators": 41.41952267575771}, "datetime": {"datetime": "2021-09-27 16:54:44", "elapsed": 116.550894, "delta": 0.849998}}
{"target": -11.888378384359905, "params": {"max_depth": 13.823115784886395, "n_estimators": 92.8295632004017}, "datetime": {"datetime": "2021-09-27 16:54:45", "elapsed": 117.628437, "delta": 1.077543}}
{"target": -11.931668034507751, "params": {"max_depth": 16.29245886617412, "n_estimators": 91.54791407803589}, "datetime": {"datetime": "2021-09-27 16:54:46", "elapsed": 118.637433, "delta": 1.008996}}
{"target": -11.921011115748078, "params": {"max_depth": 16.056979186751025, "n_estimators": 97.03517652033005}, "datetime": {"datetime": "2021-09-27 16:54:47", "elapsed": 119.757418, "delta": 1.119985}}
{"target": -11.806728546143317, "params": {"max_depth": 29.973904082468625, "n_estimators": 55.557005232928454}, "datetime": {"datetime": "2021-09-27 16:54:48", "elapsed": 120.673951, "delta": 0.916533}}
{"target": -11.798009995006312, "params": {"max_depth": 27.287890262360005, "n_estimators": 19.248593959570208}, "datetime": {"datetime": "2021-09-27 16:54:49", "elapsed": 121.391421, "delta": 0.71747}}
{"target": -11.889680190862636, "params": {"max_depth": 25.050129358276877, "n_estimators": 20.77100324315794}, "datetime": {"datetime": "2021-09-27 16:54:50", "elapsed": 122.356717, "delta": 0.965296}}
{"target": -11.738025677476342, "params": {"max_depth": 25.381033582617086, "n_estimators": 67.13041678383264}, "datetime": {"datetime": "2021-09-27 16:54:51", "elapsed": 123.358246, "delta": 1.001529}}
{"target": -11.766484524309758, "params": {"max_depth": 20.724594225401475, "n_estimators": 70.12777454914297}, "datetime": {"datetime": "2021-09-27 16:54:52", "elapsed": 124.363912, "delta": 1.005666}}
{"target": -11.871223104252778, "params": {"max_depth": 26.643351502415836, "n_estimators": 95.09623804906012}, "datetime": {"datetime": "2021-09-27 16:54:53", "elapsed": 125.463914, "delta": 1.100002}}
{"target": -11.792880021055572, "params": {"max_depth": 26.127440248713466, "n_estimators": 71.06898033765977}, "datetime": {"datetime": "2021-09-27 16:54:54", "elapsed": 126.475376, "delta": 1.011462}}
{"target": -11.778044992542824, "params": {"max_depth": 19.320792505105292, "n_estimators": 65.21437719165566}, "datetime": {"datetime": "2021-09-27 16:54:55", "elapsed": 127.530308, "delta": 1.054932}}
{"target": -12.068329284572643, "params": {"max_depth": 13.594364608328313, "n_estimators": 45.25023876195793}, "datetime": {"datetime": "2021-09-27 16:54:56", "elapsed": 128.468997, "delta": 0.938689}}
{"target": -11.722636997868898, "params": {"max_depth": 14.966777371300108, "n_estimators": 82.6631036230642}, "datetime": {"datetime": "2021-09-27 16:54:57", "elapsed": 129.627699, "delta": 1.158702}}
{"target": -11.80753424043058, "params": {"max_depth": 21.829805810964544, "n_estimators": 57.859149560965044}, "datetime": {"datetime": "2021-09-27 16:54:58", "elapsed": 130.591728, "delta": 0.964029}}
{"target": -11.887528979086644, "params": {"max_depth": 16.619462890712267, "n_estimators": 62.41806610745237}, "datetime": {"datetime": "2021-09-27 16:54:59", "elapsed": 131.494443, "delta": 0.902715}}
{"target": -12.025741999371615, "params": {"max_depth": 12.525658739103214, "n_estimators": 63.757802673582766}, "datetime": {"datetime": "2021-09-27 16:55:00", "elapsed": 132.471455, "delta": 0.977012}}
{"target": -11.863232401826044, "params": {"max_depth": 21.007086665889084, "n_estimators": 31.163066950227943}, "datetime": {"datetime": "2021-09-27 16:55:01", "elapsed": 133.28046, "delta": 0.809005}}
{"target": -12.237255563771123, "params": {"max_depth": 8.0, "n_estimators": 21.502505052588386}, "datetime": {"datetime": "2021-09-27 16:55:02", "elapsed": 134.011036, "delta": 0.730576}}
{"target": -11.894109908743951, "params": {"max_depth": 24.074871975353382, "n_estimators": 85.00669808517918}, "datetime": {"datetime": "2021-09-27 16:55:03", "elapsed": 135.296056, "delta": 1.28502}}
{"target": -11.900661479190296, "params": {"max_depth": 19.97576592201845, "n_estimators": 73.6638102978233}, "datetime": {"datetime": "2021-09-27 16:55:04", "elapsed": 136.336024, "delta": 1.039968}}
{"target": -11.722056363437733, "params": {"max_depth": 22.1781349389468, "n_estimators": 66.82693289601221}, "datetime": {"datetime": "2021-09-27 16:55:05", "elapsed": 137.362025, "delta": 1.026001}}
{"target": -11.940015581973121, "params": {"max_depth": 13.827549791830752, "n_estimators": 83.41888101108273}, "datetime": {"datetime": "2021-09-27 16:55:06", "elapsed": 138.426957, "delta": 1.064932}}
{"target": -11.878109334809455, "params": {"max_depth": 15.681827688859997, "n_estimators": 83.50337001180922}, "datetime": {"datetime": "2021-09-27 16:55:07", "elapsed": 139.611352, "delta": 1.184395}}
{"target": -11.944521889339258, "params": {"max_depth": 19.36895239500309, "n_estimators": 83.37764192482987}, "datetime": {"datetime": "2021-09-27 16:55:08", "elapsed": 140.763358, "delta": 1.152006}}
{"target": -12.664234100823696, "params": {"max_depth": 24.796234530016488, "n_estimators": 13.314376899981005}, "datetime": {"datetime": "2021-09-27 16:55:09", "elapsed": 141.506039, "delta": 0.742681}}
{"target": -11.933103220564927, "params": {"max_depth": 21.789063662098812, "n_estimators": 21.283116534315848}, "datetime": {"datetime": "2021-09-27 16:55:10", "elapsed": 142.37533, "delta": 0.869291}}
{"target": -12.048531280207404, "params": {"max_depth": 11.313336349041762, "n_estimators": 78.54674646127238}, "datetime": {"datetime": "2021-09-27 16:55:11", "elapsed": 143.763069, "delta": 1.387739}}
{"target": -11.946623031191328, "params": {"max_depth": 27.063036306877397, "n_estimators": 40.6461519603964}, "datetime": {"datetime": "2021-09-27 16:55:12", "elapsed": 144.827063, "delta": 1.063994}}
{"target": -11.875561694708772, "params": {"max_depth": 26.949001448995663, "n_estimators": 31.57692796992643}, "datetime": {"datetime": "2021-09-27 16:55:13", "elapsed": 145.635061, "delta": 0.807998}}
{"target": -11.938702224237305, "params": {"max_depth": 20.68521432966572, "n_estimators": 39.54088619017871}, "datetime": {"datetime": "2021-09-27 16:55:14", "elapsed": 146.616718, "delta": 0.981657}}
{"target": -11.900968409891783, "params": {"max_depth": 27.423427585129144, "n_estimators": 52.6741192361364}, "datetime": {"datetime": "2021-09-27 16:55:15", "elapsed": 147.56076, "delta": 0.944042}}
{"target": -11.962396476520942, "params": {"max_depth": 10.731210526861709, "n_estimators": 72.13027241379544}, "datetime": {"datetime": "2021-09-27 16:55:16", "elapsed": 148.61078, "delta": 1.05002}}
{"target": -11.894492590451113, "params": {"max_depth": 19.554159129989884, "n_estimators": 95.4263779772871}, "datetime": {"datetime": "2021-09-27 16:55:17", "elapsed": 149.792215, "delta": 1.181435}}
{"target": -11.931901891991279, "params": {"max_depth": 22.872449261453465, "n_estimators": 42.82395151056683}, "datetime": {"datetime": "2021-09-27 16:55:19", "elapsed": 150.934362, "delta": 1.142147}}
{"target": -11.965751315880272, "params": {"max_depth": 16.390218452312215, "n_estimators": 32.921080865863296}, "datetime": {"datetime": "2021-09-27 16:55:19", "elapsed": 151.806904, "delta": 0.872542}}
{"target": -12.181755431019292, "params": {"max_depth": 12.910078678218058, "n_estimators": 34.39487055416311}, "datetime": {"datetime": "2021-09-27 16:55:20", "elapsed": 152.712899, "delta": 0.905995}}
{"target": -11.892311677816334, "params": {"max_depth": 24.946000274158866, "n_estimators": 28.318929862224508}, "datetime": {"datetime": "2021-09-27 16:55:21", "elapsed": 153.454898, "delta": 0.741999}}
{"target": -11.772661010574522, "params": {"max_depth": 21.33572505608292, "n_estimators": 61.20630258627731}, "datetime": {"datetime": "2021-09-27 16:55:22", "elapsed": 154.611915, "delta": 1.157017}}
{"target": -11.920316062297898, "params": {"max_depth": 29.931192650042835, "n_estimators": 86.20452088597882}, "datetime": {"datetime": "2021-09-27 16:55:23", "elapsed": 155.743938, "delta": 1.132023}}
{"target": -11.796311374485201, "params": {"max_depth": 27.49187692549232, "n_estimators": 60.015377438755394}, "datetime": {"datetime": "2021-09-27 16:55:24", "elapsed": 156.679901, "delta": 0.935963}}
{"target": -12.026342469057635, "params": {"max_depth": 21.29573205638883, "n_estimators": 24.671608074424753}, "datetime": {"datetime": "2021-09-27 16:55:25", "elapsed": 157.574934, "delta": 0.895033}}
{"target": -11.775269401505694, "params": {"max_depth": 27.80212745600364, "n_estimators": 26.418453793874143}, "datetime": {"datetime": "2021-09-27 16:55:26", "elapsed": 158.359205, "delta": 0.784271}}
{"target": -11.882486790949224, "params": {"max_depth": 29.760851996268688, "n_estimators": 91.59494896207758}, "datetime": {"datetime": "2021-09-27 16:55:27", "elapsed": 159.680073, "delta": 1.320868}}
{"target": -11.896126787495994, "params": {"max_depth": 27.149122887700493, "n_estimators": 90.04940353852459}, "datetime": {"datetime": "2021-09-27 16:55:28", "elapsed": 160.814993, "delta": 1.13492}}
{"target": -11.954279913678064, "params": {"max_depth": 16.523983058613112, "n_estimators": 76.80002334483473}, "datetime": {"datetime": "2021-09-27 16:55:30", "elapsed": 161.983154, "delta": 1.168161}}
{"target": -11.86876679362717, "params": {"max_depth": 20.662743457989414, "n_estimators": 77.99082544780941}, "datetime": {"datetime": "2021-09-27 16:55:31", "elapsed": 163.111149, "delta": 1.127995}}
{"target": -11.93155121442292, "params": {"max_depth": 16.105355435811262, "n_estimators": 47.35427152496056}, "datetime": {"datetime": "2021-09-27 16:55:32", "elapsed": 164.09543, "delta": 0.984281}}
{"target": -11.82163729426448, "params": {"max_depth": 19.466543033547282, "n_estimators": 46.72968277141478}, "datetime": {"datetime": "2021-09-27 16:55:33", "elapsed": 164.968437, "delta": 0.873007}}
