{"target": -11.055713402201564, "params": {"max_depth": 18.610715716220973, "n_estimators": 71.11485240939979}, "datetime": {"datetime": "2021-09-27 16:59:13", "elapsed": 392.387091, "delta": 2.160829}}
{"target": -11.036802412258973, "params": {"max_depth": 16.00249979984627, "n_estimators": 69.51208979755198}, "datetime": {"datetime": "2021-09-27 16:59:15", "elapsed": 393.950111, "delta": 1.56302}}
{"target": -11.02216540553383, "params": {"max_depth": 28.018331814457824, "n_estimators": 65.18856516453188}, "datetime": {"datetime": "2021-09-27 16:59:17", "elapsed": 395.572013, "delta": 1.621902}}
{"target": -10.979716936868593, "params": {"max_depth": 20.522678660553076, "n_estimators": 65.82887319998596}, "datetime": {"datetime": "2021-09-27 16:59:18", "elapsed": 397.189218, "delta": 1.617205}}
{"target": -10.979716936868593, "params": {"max_depth": 20.09761672506316, "n_estimators": 65.68706504923708}, "datetime": {"datetime": "2021-09-27 16:59:21", "elapsed": 399.784698, "delta": 2.59548}}
{"target": -10.956971841071688, "params": {"max_depth": 16.903339645287577, "n_estimators": 66.77528198024193}, "datetime": {"datetime": "2021-09-27 16:59:23", "elapsed": 402.254955, "delta": 2.470257}}
{"target": -11.031907831663908, "params": {"max_depth": 22.152805307424806, "n_estimators": 67.51467345935818}, "datetime": {"datetime": "2021-09-27 16:59:25", "elapsed": 404.061074, "delta": 1.806119}}
{"target": -11.104451286110764, "params": {"max_depth": 31.39833362534195, "n_estimators": 70.95240277929317}, "datetime": {"datetime": "2021-09-27 16:59:27", "elapsed": 406.101989, "delta": 2.040915}}
{"target": -10.956971841071688, "params": {"max_depth": 16.55134018880475, "n_estimators": 66.6146143539001}, "datetime": {"datetime": "2021-09-27 16:59:29", "elapsed": 407.773589, "delta": 1.6716}}
{"target": -11.026648056847742, "params": {"max_depth": 26.133608910402174, "n_estimators": 66.82896637066987}, "datetime": {"datetime": "2021-09-27 16:59:31", "elapsed": 410.040598, "delta": 2.267009}}
{"target": -10.98344908311474, "params": {"max_depth": 20.90356821047309, "n_estimators": 66.07977279006185}, "datetime": {"datetime": "2021-09-27 16:59:34", "elapsed": 412.444894, "delta": 2.404296}}
{"target": -11.100211675715176, "params": {"max_depth": 29.081603031487994, "n_estimators": 69.35979054944332}, "datetime": {"datetime": "2021-09-27 16:59:36", "elapsed": 414.452114, "delta": 2.00722}}
{"target": -10.976995895932966, "params": {"max_depth": 16.66000545188228, "n_estimators": 65.3728883325607}, "datetime": {"datetime": "2021-09-27 16:59:37", "elapsed": 416.403639, "delta": 1.951525}}
{"target": -11.124880371421867, "params": {"max_depth": 29.07470965850777, "n_estimators": 64.00121898452927}, "datetime": {"datetime": "2021-09-27 16:59:39", "elapsed": 418.395528, "delta": 1.991889}}
{"target": -10.975094559811662, "params": {"max_depth": 18.04710230837602, "n_estimators": 65.51690461445477}, "datetime": {"datetime": "2021-09-27 16:59:41", "elapsed": 419.988266, "delta": 1.592738}}
{"target": -11.100211675715176, "params": {"max_depth": 24.241319753122742, "n_estimators": 69.84146550535155}, "datetime": {"datetime": "2021-09-27 16:59:43", "elapsed": 421.664748, "delta": 1.676482}}
{"target": -10.964487382894891, "params": {"max_depth": 16.513952694643987, "n_estimators": 67.88624972627248}, "datetime": {"datetime": "2021-09-27 16:59:45", "elapsed": 423.633494, "delta": 1.968746}}
{"target": -10.978236811183601, "params": {"max_depth": 18.728957988956957, "n_estimators": 67.94679029095423}, "datetime": {"datetime": "2021-09-27 16:59:46", "elapsed": 425.350895, "delta": 1.717401}}
{"target": -11.048483235065838, "params": {"max_depth": 18.35200106598551, "n_estimators": 69.21061883517483}, "datetime": {"datetime": "2021-09-27 16:59:48", "elapsed": 426.992898, "delta": 1.642003}}
{"target": -10.98344908311474, "params": {"max_depth": 20.29913585432689, "n_estimators": 66.71956482057142}, "datetime": {"datetime": "2021-09-27 16:59:51", "elapsed": 429.95103, "delta": 2.958132}}
{"target": -10.968040630928297, "params": {"max_depth": 18.08816049933301, "n_estimators": 66.38244889644143}, "datetime": {"datetime": "2021-09-27 16:59:53", "elapsed": 432.421878, "delta": 2.470848}}
{"target": -11.08885330294382, "params": {"max_depth": 32.126203727661874, "n_estimators": 68.15611150540971}, "datetime": {"datetime": "2021-09-27 16:59:56", "elapsed": 434.954676, "delta": 2.532798}}
{"target": -11.10824509660984, "params": {"max_depth": 25.801434111336448, "n_estimators": 71.33646810120797}, "datetime": {"datetime": "2021-09-27 16:59:58", "elapsed": 437.006601, "delta": 2.051925}}
{"target": -10.964487382894891, "params": {"max_depth": 16.874207817409474, "n_estimators": 67.26905150186359}, "datetime": {"datetime": "2021-09-27 17:00:01", "elapsed": 439.807924, "delta": 2.801323}}
{"target": -11.104451286110764, "params": {"max_depth": 22.359880406463752, "n_estimators": 70.68751417189468}, "datetime": {"datetime": "2021-09-27 17:00:03", "elapsed": 441.580918, "delta": 1.772994}}
{"target": -11.073895374869105, "params": {"max_depth": 20.571588327810755, "n_estimators": 71.17205798116129}, "datetime": {"datetime": "2021-09-27 17:00:05", "elapsed": 444.348228, "delta": 2.76731}}
{"target": -11.030254501626976, "params": {"max_depth": 18.693237130291575, "n_estimators": 68.29524340693085}, "datetime": {"datetime": "2021-09-27 17:00:08", "elapsed": 446.869974, "delta": 2.521746}}
{"target": -11.031907831663908, "params": {"max_depth": 30.656502033978843, "n_estimators": 67.35463218045797}, "datetime": {"datetime": "2021-09-27 17:00:11", "elapsed": 450.161581, "delta": 3.291607}}
{"target": -10.968040630928297, "params": {"max_depth": 18.74726412929028, "n_estimators": 66.62965741262623}, "datetime": {"datetime": "2021-09-27 17:00:14", "elapsed": 452.609032, "delta": 2.447451}}
{"target": -10.968040630928297, "params": {"max_depth": 18.94724778606881, "n_estimators": 66.95011955007502}, "datetime": {"datetime": "2021-09-27 17:00:16", "elapsed": 455.18802, "delta": 2.578988}}
{"target": -11.026648056847742, "params": {"max_depth": 34.656918900854215, "n_estimators": 66.49465816878106}, "datetime": {"datetime": "2021-09-27 17:00:18", "elapsed": 456.93113, "delta": 1.74311}}
{"target": -11.080180415218328, "params": {"max_depth": 15.943969895447855, "n_estimators": 64.10739749399387}, "datetime": {"datetime": "2021-09-27 17:00:20", "elapsed": 458.683912, "delta": 1.752782}}
{"target": -11.02216540553383, "params": {"max_depth": 29.29445340074525, "n_estimators": 65.94050922501702}, "datetime": {"datetime": "2021-09-27 17:00:22", "elapsed": 461.195877, "delta": 2.511965}}
{"target": -10.968040630928297, "params": {"max_depth": 18.265824851842943, "n_estimators": 66.68013660263259}, "datetime": {"datetime": "2021-09-27 17:00:25", "elapsed": 463.602789, "delta": 2.406912}}
{"target": -10.964487382894891, "params": {"max_depth": 16.043453909788333, "n_estimators": 67.48226614099183}, "datetime": {"datetime": "2021-09-27 17:00:27", "elapsed": 466.100473, "delta": 2.497684}}
{"target": -10.956971841071688, "params": {"max_depth": 16.7992688830606, "n_estimators": 66.55248075460976}, "datetime": {"datetime": "2021-09-27 17:00:29", "elapsed": 468.38595, "delta": 2.285477}}
{"target": -10.956971841071688, "params": {"max_depth": 16.03067598989877, "n_estimators": 66.11612346875926}, "datetime": {"datetime": "2021-09-27 17:00:32", "elapsed": 470.633017, "delta": 2.247067}}
{"target": -11.031907831663908, "params": {"max_depth": 33.5107825400129, "n_estimators": 67.91100020630809}, "datetime": {"datetime": "2021-09-27 17:00:34", "elapsed": 473.376371, "delta": 2.743354}}
{"target": -10.956971841071688, "params": {"max_depth": 16.137980068027602, "n_estimators": 66.11377403807782}, "datetime": {"datetime": "2021-09-27 17:00:37", "elapsed": 476.031342, "delta": 2.654971}}
{"target": -11.031907831663908, "params": {"max_depth": 27.849308667827152, "n_estimators": 67.03476060561086}, "datetime": {"datetime": "2021-09-27 17:00:39", "elapsed": 478.386773, "delta": 2.355431}}
{"target": -10.956971841071688, "params": {"max_depth": 16.629952821961442, "n_estimators": 66.84417046284459}, "datetime": {"datetime": "2021-09-27 17:00:41", "elapsed": 480.439698, "delta": 2.052925}}
{"target": -10.978236811183601, "params": {"max_depth": 18.678699142879168, "n_estimators": 67.70358559947945}, "datetime": {"datetime": "2021-09-27 17:00:43", "elapsed": 482.400912, "delta": 1.961214}}
{"target": -10.956971841071688, "params": {"max_depth": 16.330276825728646, "n_estimators": 66.17639438294522}, "datetime": {"datetime": "2021-09-27 17:00:46", "elapsed": 484.704419, "delta": 2.303507}}
{"target": -11.068487880446295, "params": {"max_depth": 14.979767822792617, "n_estimators": 66.09926652898675}, "datetime": {"datetime": "2021-09-27 17:00:48", "elapsed": 486.874357, "delta": 2.169938}}
{"target": -10.985143514393844, "params": {"max_depth": 15.244827993544053, "n_estimators": 65.68299743553459}, "datetime": {"datetime": "2021-09-27 17:00:50", "elapsed": 488.922879, "delta": 2.048522}}
{"target": -10.985143514393844, "params": {"max_depth": 15.043612634586518, "n_estimators": 65.46037792283187}, "datetime": {"datetime": "2021-09-27 17:00:52", "elapsed": 490.862991, "delta": 1.940112}}
{"target": -11.04245263873036, "params": {"max_depth": 15.278550349996014, "n_estimators": 68.16624665773188}, "datetime": {"datetime": "2021-09-27 17:00:55", "elapsed": 493.451104, "delta": 2.588113}}
{"target": -11.026648056847742, "params": {"max_depth": 31.648346106234428, "n_estimators": 66.04165030450122}, "datetime": {"datetime": "2021-09-27 17:00:57", "elapsed": 495.972669, "delta": 2.521565}}
{"target": -10.991287343065748, "params": {"max_depth": 20.300064060645937, "n_estimators": 67.72609036232609}, "datetime": {"datetime": "2021-09-27 17:00:59", "elapsed": 498.178707, "delta": 2.206038}}
{"target": -11.02216540553383, "params": {"max_depth": 24.923921638003158, "n_estimators": 65.53041061497781}, "datetime": {"datetime": "2021-09-27 17:01:02", "elapsed": 501.075979, "delta": 2.897272}}
{"target": -10.979759869435217, "params": {"max_depth": 15.40611673478594, "n_estimators": 66.20218210924858}, "datetime": {"datetime": "2021-09-27 17:01:07", "elapsed": 506.405436, "delta": 5.329457}}
{"target": -11.02216540553383, "params": {"max_depth": 29.587466936452728, "n_estimators": 65.23457374627067}, "datetime": {"datetime": "2021-09-27 17:01:11", "elapsed": 509.716391, "delta": 3.310955}}
{"target": -11.145607932436164, "params": {"max_depth": 14.006710062431445, "n_estimators": 69.48568743201888}, "datetime": {"datetime": "2021-09-27 17:01:13", "elapsed": 511.782357, "delta": 2.065966}}
{"target": -11.02216540553383, "params": {"max_depth": 32.87241018620246, "n_estimators": 65.40654134979233}, "datetime": {"datetime": "2021-09-27 17:01:15", "elapsed": 514.12548, "delta": 2.343123}}
{"target": -11.01841282929331, "params": {"max_depth": 19.036087817403697, "n_estimators": 65.39113389337749}, "datetime": {"datetime": "2021-09-27 17:01:18", "elapsed": 516.619942, "delta": 2.494462}}
{"target": -11.026648056847742, "params": {"max_depth": 32.51105382094323, "n_estimators": 66.41114376679616}, "datetime": {"datetime": "2021-09-27 17:01:20", "elapsed": 519.35988, "delta": 2.739938}}
{"target": -11.100211675715176, "params": {"max_depth": 21.790718571479104, "n_estimators": 69.81385574562623}, "datetime": {"datetime": "2021-09-27 17:01:24", "elapsed": 522.862358, "delta": 3.502478}}
{"target": -11.026648056847742, "params": {"max_depth": 31.15124916956359, "n_estimators": 66.58726418038422}, "datetime": {"datetime": "2021-09-27 17:01:27", "elapsed": 526.21225, "delta": 3.349892}}
{"target": -10.975094559811662, "params": {"max_depth": 18.729154103875143, "n_estimators": 65.92341355387698}, "datetime": {"datetime": "2021-09-27 17:01:30", "elapsed": 528.537438, "delta": 2.325188}}
{"target": -11.01841282929331, "params": {"max_depth": 19.089994670898612, "n_estimators": 65.98735145746993}, "datetime": {"datetime": "2021-09-27 17:01:32", "elapsed": 530.879079, "delta": 2.341641}}
{"target": -11.01841282929331, "params": {"max_depth": 19.807119196541297, "n_estimators": 65.44273405964532}, "datetime": {"datetime": "2021-09-27 17:01:34", "elapsed": 533.167754, "delta": 2.288675}}
{"target": -11.100211675715176, "params": {"max_depth": 34.111397714663504, "n_estimators": 69.99142083378592}, "datetime": {"datetime": "2021-09-27 17:01:38", "elapsed": 537.302128, "delta": 4.134374}}
{"target": -11.08885330294382, "params": {"max_depth": 30.381523378782166, "n_estimators": 68.11320962784295}, "datetime": {"datetime": "2021-09-27 17:01:40", "elapsed": 539.124991, "delta": 1.822863}}
{"target": -10.968040630928297, "params": {"max_depth": 18.78331486186908, "n_estimators": 66.22339482534079}, "datetime": {"datetime": "2021-09-27 17:01:43", "elapsed": 541.808264, "delta": 2.683273}}
{"target": -11.124880371421867, "params": {"max_depth": 32.7319185319522, "n_estimators": 64.85447705253358}, "datetime": {"datetime": "2021-09-27 17:01:46", "elapsed": 545.001756, "delta": 3.193492}}
{"target": -11.02216540553383, "params": {"max_depth": 32.09113815285333, "n_estimators": 65.55828829829426}, "datetime": {"datetime": "2021-09-27 17:01:49", "elapsed": 547.618607, "delta": 2.616851}}
{"target": -11.08885330294382, "params": {"max_depth": 22.956396844231403, "n_estimators": 68.9001434734625}, "datetime": {"datetime": "2021-09-27 17:01:51", "elapsed": 550.251138, "delta": 2.632531}}
{"target": -11.009945572838891, "params": {"max_depth": 16.609066494896002, "n_estimators": 68.23622567864939}, "datetime": {"datetime": "2021-09-27 17:01:53", "elapsed": 552.366611, "delta": 2.115473}}
{"target": -11.026648056847742, "params": {"max_depth": 30.323077981682403, "n_estimators": 66.38355477336819}, "datetime": {"datetime": "2021-09-27 17:01:56", "elapsed": 554.869873, "delta": 2.503262}}
{"target": -11.031907831663908, "params": {"max_depth": 25.767751687335355, "n_estimators": 67.96385126854372}, "datetime": {"datetime": "2021-09-27 17:01:58", "elapsed": 557.099119, "delta": 2.229246}}
{"target": -11.08885330294382, "params": {"max_depth": 29.539615367719918, "n_estimators": 68.39222882913289}, "datetime": {"datetime": "2021-09-27 17:02:02", "elapsed": 560.791668, "delta": 3.692549}}
{"target": -11.059630990383258, "params": {"max_depth": 17.32127135256493, "n_estimators": 68.37972617963206}, "datetime": {"datetime": "2021-09-27 17:02:05", "elapsed": 563.803907, "delta": 3.012239}}
{"target": -10.964487382894891, "params": {"max_depth": 16.759599482321846, "n_estimators": 67.84383575569346}, "datetime": {"datetime": "2021-09-27 17:02:07", "elapsed": 565.975776, "delta": 2.171869}}
{"target": -11.0166490295838, "params": {"max_depth": 19.984649926279584, "n_estimators": 67.41120217969114}, "datetime": {"datetime": "2021-09-27 17:02:09", "elapsed": 568.308938, "delta": 2.333162}}
{"target": -10.979716936868593, "params": {"max_depth": 20.09538644377767, "n_estimators": 65.68552657359999}, "datetime": {"datetime": "2021-09-27 17:02:11", "elapsed": 570.15602, "delta": 1.847082}}
{"target": -10.979759869435217, "params": {"max_depth": 15.1055989815347, "n_estimators": 66.50638219362706}, "datetime": {"datetime": "2021-09-27 17:02:14", "elapsed": 573.051063, "delta": 2.895043}}
{"target": -11.026648056847742, "params": {"max_depth": 33.45520548132949, "n_estimators": 66.69570895545706}, "datetime": {"datetime": "2021-09-27 17:02:16", "elapsed": 575.288392, "delta": 2.237329}}
{"target": -11.02216540553383, "params": {"max_depth": 24.326003042960867, "n_estimators": 65.88624044338293}, "datetime": {"datetime": "2021-09-27 17:02:19", "elapsed": 578.088659, "delta": 2.800267}}
{"target": -11.124880371421867, "params": {"max_depth": 30.759261031298426, "n_estimators": 64.0}, "datetime": {"datetime": "2021-09-27 17:02:22", "elapsed": 580.51158, "delta": 2.422921}}
{"target": -11.031907831663908, "params": {"max_depth": 25.482217287075336, "n_estimators": 67.5353246396912}, "datetime": {"datetime": "2021-09-27 17:02:25", "elapsed": 584.241683, "delta": 3.730103}}
{"target": -10.979716936868593, "params": {"max_depth": 20.770982540756204, "n_estimators": 65.47763126138173}, "datetime": {"datetime": "2021-09-27 17:02:30", "elapsed": 588.719919, "delta": 4.478236}}
{"target": -10.956971841071688, "params": {"max_depth": 16.133416261296343, "n_estimators": 66.83838749522894}, "datetime": {"datetime": "2021-09-27 17:02:32", "elapsed": 590.800548, "delta": 2.080629}}
{"target": -11.100211675715176, "params": {"max_depth": 30.94476596727852, "n_estimators": 69.23041654552163}, "datetime": {"datetime": "2021-09-27 17:02:34", "elapsed": 593.394103, "delta": 2.593555}}
{"target": -11.100211675715176, "params": {"max_depth": 32.42396491471547, "n_estimators": 69.17297025649151}, "datetime": {"datetime": "2021-09-27 17:02:39", "elapsed": 598.229543, "delta": 4.83544}}
{"target": -10.985143514393844, "params": {"max_depth": 15.384810349689582, "n_estimators": 65.22491727659997}, "datetime": {"datetime": "2021-09-27 17:02:42", "elapsed": 600.840997, "delta": 2.611454}}
{"target": -11.10824509660984, "params": {"max_depth": 28.540256943555036, "n_estimators": 71.0169394512082}, "datetime": {"datetime": "2021-09-27 17:02:45", "elapsed": 604.2055, "delta": 3.364503}}
{"target": -11.104451286110764, "params": {"max_depth": 29.788804679410074, "n_estimators": 70.14915696850676}, "datetime": {"datetime": "2021-09-27 17:02:49", "elapsed": 607.979788, "delta": 3.774288}}
{"target": -11.08885330294382, "params": {"max_depth": 21.6291915876931, "n_estimators": 68.0777029705939}, "datetime": {"datetime": "2021-09-27 17:02:54", "elapsed": 612.960706, "delta": 4.980918}}
{"target": -10.964487382894891, "params": {"max_depth": 16.410488468647703, "n_estimators": 67.1514012152011}, "datetime": {"datetime": "2021-09-27 17:02:58", "elapsed": 616.96319, "delta": 4.002484}}
{"target": -11.026648056847742, "params": {"max_depth": 27.271908562734907, "n_estimators": 66.87678178630944}, "datetime": {"datetime": "2021-09-27 17:03:01", "elapsed": 620.405604, "delta": 3.442414}}
{"target": -10.975094559811662, "params": {"max_depth": 18.624444645005134, "n_estimators": 65.30870444243325}, "datetime": {"datetime": "2021-09-27 17:03:06", "elapsed": 624.612914, "delta": 4.20731}}
{"target": -11.134017246770822, "params": {"max_depth": 27.545021050167833, "n_estimators": 72.0}, "datetime": {"datetime": "2021-09-27 17:03:09", "elapsed": 628.226784, "delta": 3.61387}}
{"target": -10.964487382894891, "params": {"max_depth": 16.1447355060839, "n_estimators": 67.00804595014472}, "datetime": {"datetime": "2021-09-27 17:03:13", "elapsed": 632.056747, "delta": 3.829963}}
{"target": -10.964487382894891, "params": {"max_depth": 16.447131357678096, "n_estimators": 67.56264794479273}, "datetime": {"datetime": "2021-09-27 17:03:15", "elapsed": 634.237646, "delta": 2.180899}}
{"target": -10.968040630928297, "params": {"max_depth": 18.468091689050425, "n_estimators": 66.74753646912399}, "datetime": {"datetime": "2021-09-27 17:03:18", "elapsed": 637.308268, "delta": 3.070622}}
{"target": -11.100211675715176, "params": {"max_depth": 33.6183401528534, "n_estimators": 69.09708866333055}, "datetime": {"datetime": "2021-09-27 17:03:21", "elapsed": 639.745547, "delta": 2.437279}}
{"target": -11.124880371421867, "params": {"max_depth": 23.165359537636355, "n_estimators": 64.91121357225447}, "datetime": {"datetime": "2021-09-27 17:03:24", "elapsed": 643.348415, "delta": 3.602868}}
{"target": -11.124880371421867, "params": {"max_depth": 22.35491686250598, "n_estimators": 64.9786403507552}, "datetime": {"datetime": "2021-09-27 17:03:29", "elapsed": 648.047111, "delta": 4.698696}}
{"target": -11.02216540553383, "params": {"max_depth": 22.843354508483074, "n_estimators": 65.42098479133416}, "datetime": {"datetime": "2021-09-27 17:03:33", "elapsed": 652.125692, "delta": 4.078581}}
{"target": -11.02216540553383, "params": {"max_depth": 33.91241080077271, "n_estimators": 65.99562109486956}, "datetime": {"datetime": "2021-09-27 17:03:38", "elapsed": 656.798448, "delta": 4.672756}}
{"target": -11.031907831663908, "params": {"max_depth": 33.91931549259776, "n_estimators": 67.06927659709386}, "datetime": {"datetime": "2021-09-27 17:03:42", "elapsed": 661.364721, "delta": 4.566273}}
{"target": -10.976995895932966, "params": {"max_depth": 16.572849819704043, "n_estimators": 65.5559524384348}, "datetime": {"datetime": "2021-09-27 17:03:48", "elapsed": 666.829709, "delta": 5.464988}}
{"target": -11.050207858925857, "params": {"max_depth": 18.6241866305881, "n_estimators": 70.16179798651889}, "datetime": {"datetime": "2021-09-27 17:03:52", "elapsed": 670.473467, "delta": 3.643758}}
{"target": -10.956971841071688, "params": {"max_depth": 16.381374764018037, "n_estimators": 66.84933049019114}, "datetime": {"datetime": "2021-09-27 17:03:57", "elapsed": 676.261972, "delta": 5.788505}}
{"target": -11.026648056847742, "params": {"max_depth": 34.99595644660941, "n_estimators": 66.2732302289853}, "datetime": {"datetime": "2021-09-27 17:04:00", "elapsed": 679.124015, "delta": 2.862043}}
{"target": -10.979759869435217, "params": {"max_depth": 15.839880904787194, "n_estimators": 66.1288209497261}, "datetime": {"datetime": "2021-09-27 17:04:05", "elapsed": 684.095172, "delta": 4.971157}}
{"target": -10.956971841071688, "params": {"max_depth": 16.42843982185931, "n_estimators": 66.44153908819278}, "datetime": {"datetime": "2021-09-27 17:04:09", "elapsed": 687.577496, "delta": 3.482324}}
{"target": -11.031907831663908, "params": {"max_depth": 32.57261109701747, "n_estimators": 67.33640729282878}, "datetime": {"datetime": "2021-09-27 17:04:11", "elapsed": 689.904693, "delta": 2.327197}}
{"target": -11.012875315577467, "params": {"max_depth": 19.759539423538115, "n_estimators": 66.60864655972081}, "datetime": {"datetime": "2021-09-27 17:04:15", "elapsed": 693.678949, "delta": 3.774256}}
