{"target": 0.8337365021331251, "params": {"max_depth": 20.221219141807317, "n_estimators": 119.65566191166589}, "datetime": {"datetime": "2021-09-21 16:19:58", "elapsed": 698.444151, "delta": 4.360703}}
{"target": 0.8376267117016264, "params": {"max_depth": 14.3373962975131, "n_estimators": 100.75453637906249}, "datetime": {"datetime": "2021-09-21 16:20:02", "elapsed": 702.083329, "delta": 3.639178}}
{"target": 0.8367927600010365, "params": {"max_depth": 14.13384363943533, "n_estimators": 123.33905198838869}, "datetime": {"datetime": "2021-09-21 16:20:07", "elapsed": 706.925999, "delta": 4.84267}}
{"target": 0.8367446678628696, "params": {"max_depth": 13.726755804900158, "n_estimators": 100.02610141177136}, "datetime": {"datetime": "2021-09-21 16:20:11", "elapsed": 711.008859, "delta": 4.08286}}
{"target": 0.8306871533251704, "params": {"max_depth": 12.451335677363044, "n_estimators": 143.78745747051232}, "datetime": {"datetime": "2021-09-21 16:20:16", "elapsed": 716.461673, "delta": 5.452814}}
{"target": 0.833304205413892, "params": {"max_depth": 28.39599763537346, "n_estimators": 133.1944719891503}, "datetime": {"datetime": "2021-09-21 16:20:21", "elapsed": 721.129615, "delta": 4.667942}}
{"target": 0.8337550817485019, "params": {"max_depth": 26.199536991823646, "n_estimators": 118.15560987916102}, "datetime": {"datetime": "2021-09-21 16:20:26", "elapsed": 725.84439, "delta": 4.714775}}
{"target": 0.8365481248771756, "params": {"max_depth": 14.704468654513958, "n_estimators": 112.77521219925083}, "datetime": {"datetime": "2021-09-21 16:20:31", "elapsed": 730.76117, "delta": 4.91678}}
{"target": 0.8364735772230351, "params": {"max_depth": 14.811606503051166, "n_estimators": 113.57750771142173}, "datetime": {"datetime": "2021-09-21 16:20:34", "elapsed": 733.650736, "delta": 2.889566}}
{"target": 0.835182878954096, "params": {"max_depth": 17.466006822322235, "n_estimators": 130.72325852390418}, "datetime": {"datetime": "2021-09-21 16:20:36", "elapsed": 736.400747, "delta": 2.750011}}
{"target": 0.834215704994789, "params": {"max_depth": 22.011486397407054, "n_estimators": 117.61875075188078}, "datetime": {"datetime": "2021-09-21 16:20:40", "elapsed": 740.109309, "delta": 3.708562}}
{"target": 0.8327168550454084, "params": {"max_depth": 28.334873997535517, "n_estimators": 136.29184402095126}, "datetime": {"datetime": "2021-09-21 16:20:43", "elapsed": 742.913795, "delta": 2.804486}}
{"target": 0.8351053852325581, "params": {"max_depth": 20.808677503967168, "n_estimators": 100.00587360263022}, "datetime": {"datetime": "2021-09-21 16:20:46", "elapsed": 746.072071, "delta": 3.158276}}
{"target": 0.8354622739621995, "params": {"max_depth": 19.341464153223132, "n_estimators": 125.10459964459773}, "datetime": {"datetime": "2021-09-21 16:20:49", "elapsed": 748.672929, "delta": 2.600858}}
{"target": 0.8347612445456466, "params": {"max_depth": 27.366898700151413, "n_estimators": 111.46717734566703}, "datetime": {"datetime": "2021-09-21 16:20:52", "elapsed": 751.556111, "delta": 2.883182}}
{"target": 0.8302547900674417, "params": {"max_depth": 11.425710139048093, "n_estimators": 138.05514144482873}, "datetime": {"datetime": "2021-09-21 16:20:55", "elapsed": 755.495756, "delta": 3.939645}}
{"target": 0.8354103622751463, "params": {"max_depth": 20.400861471853222, "n_estimators": 110.67896631953673}, "datetime": {"datetime": "2021-09-21 16:20:58", "elapsed": 758.26537, "delta": 2.769614}}
{"target": 0.8327985794427678, "params": {"max_depth": 22.335495428743513, "n_estimators": 135.80264651774303}, "datetime": {"datetime": "2021-09-21 16:21:01", "elapsed": 761.241013, "delta": 2.975643}}
{"target": 0.8347096254132632, "params": {"max_depth": 28.69450302489214, "n_estimators": 100.01706948347723}, "datetime": {"datetime": "2021-09-21 16:21:04", "elapsed": 763.694735, "delta": 2.453722}}
{"target": 0.8350416950813583, "params": {"max_depth": 23.59330918622903, "n_estimators": 110.0343732369792}, "datetime": {"datetime": "2021-09-21 16:21:07", "elapsed": 766.789673, "delta": 3.094938}}
{"target": 0.8347096254132632, "params": {"max_depth": 24.65999696379765, "n_estimators": 100.0}, "datetime": {"datetime": "2021-09-21 16:21:10", "elapsed": 770.116525, "delta": 3.326852}}
{"target": 0.8362461801740912, "params": {"max_depth": 17.23631366785112, "n_estimators": 104.19317694231692}, "datetime": {"datetime": "2021-09-21 16:21:13", "elapsed": 773.444677, "delta": 3.328152}}
{"target": 0.8355507866774248, "params": {"max_depth": 14.63807164812506, "n_estimators": 119.87228328162921}, "datetime": {"datetime": "2021-09-21 16:21:16", "elapsed": 775.928282, "delta": 2.483605}}
{"target": 0.8360247785365238, "params": {"max_depth": 13.742205080188793, "n_estimators": 120.45153830527809}, "datetime": {"datetime": "2021-09-21 16:21:19", "elapsed": 778.915164, "delta": 2.986882}}
{"target": 0.8361244182690594, "params": {"max_depth": 18.074232779778587, "n_estimators": 120.35868526124611}, "datetime": {"datetime": "2021-09-21 16:21:22", "elapsed": 781.847979, "delta": 2.932815}}
{"target": 0.8348974549964726, "params": {"max_depth": 17.599657325461813, "n_estimators": 133.09007573472746}, "datetime": {"datetime": "2021-09-21 16:21:25", "elapsed": 784.63651, "delta": 2.788531}}
{"target": 0.8366179178240861, "params": {"max_depth": 14.261280414658579, "n_estimators": 116.49907668561332}, "datetime": {"datetime": "2021-09-21 16:21:28", "elapsed": 788.174668, "delta": 3.538158}}
{"target": 0.8348247729615765, "params": {"max_depth": 22.283305577450275, "n_estimators": 111.880554898345}, "datetime": {"datetime": "2021-09-21 16:21:31", "elapsed": 790.686794, "delta": 2.512126}}
{"target": 0.837449716546226, "params": {"max_depth": 14.516201130907735, "n_estimators": 126.71787778991634}, "datetime": {"datetime": "2021-09-21 16:21:34", "elapsed": 793.784113, "delta": 3.097319}}
{"target": 0.8358011181055995, "params": {"max_depth": 14.494983601085849, "n_estimators": 133.02445955373605}, "datetime": {"datetime": "2021-09-21 16:21:37", "elapsed": 796.896106, "delta": 3.111993}}
{"target": 0.8344583410190934, "params": {"max_depth": 23.28063912467716, "n_estimators": 123.69264073065615}, "datetime": {"datetime": "2021-09-21 16:21:40", "elapsed": 799.784597, "delta": 2.888491}}
{"target": 0.8378964286765856, "params": {"max_depth": 14.54323006956163, "n_estimators": 102.38207344605875}, "datetime": {"datetime": "2021-09-21 16:21:42", "elapsed": 802.471727, "delta": 2.68713}}
{"target": 0.8376267117016264, "params": {"max_depth": 14.385591378058642, "n_estimators": 100.00640269572585}, "datetime": {"datetime": "2021-09-21 16:21:46", "elapsed": 805.800722, "delta": 3.328995}}
{"target": 0.8327503728018566, "params": {"max_depth": 24.95207273154483, "n_estimators": 135.84595382945724}, "datetime": {"datetime": "2021-09-21 16:21:50", "elapsed": 809.986167, "delta": 4.185445}}
{"target": 0.8348638395713088, "params": {"max_depth": 21.197386306327324, "n_estimators": 122.13493763546266}, "datetime": {"datetime": "2021-09-21 16:21:54", "elapsed": 813.935862, "delta": 3.949695}}
{"target": 0.8362966809875884, "params": {"max_depth": 14.141620620679058, "n_estimators": 129.78010406040113}, "datetime": {"datetime": "2021-09-21 16:21:58", "elapsed": 818.401862, "delta": 4.466}}
{"target": 0.8347255571960511, "params": {"max_depth": 26.03849233698576, "n_estimators": 103.50678001806365}, "datetime": {"datetime": "2021-09-21 16:22:03", "elapsed": 822.669016, "delta": 4.267154}}
