{"target": -2.310438698216488, "params": {"eta": 0.19769180099191636, "max_depth": 11.240433569441777, "n_estimators": 20.92625662897807}, "datetime": {"datetime": "2021-09-17 13:32:49", "elapsed": 36.762525, "delta": 0.357001}}
{"target": -2.3478525826805514, "params": {"eta": 0.17434329630786938, "max_depth": 14.438932683534158, "n_estimators": 24.016921822959805}, "datetime": {"datetime": "2021-09-17 13:32:50", "elapsed": 37.276238, "delta": 0.513713}}
{"target": -2.525791118646923, "params": {"eta": 0.1404171634582158, "max_depth": 16.78497111816243, "n_estimators": 21.983308459547196}, "datetime": {"datetime": "2021-09-17 13:32:50", "elapsed": 37.643239, "delta": 0.367001}}
{"target": -2.3592905270425897, "params": {"eta": 0.2, "max_depth": 11.525474762242892, "n_estimators": 24.169298027200856}, "datetime": {"datetime": "2021-09-17 13:32:51", "elapsed": 38.612239, "delta": 0.969}}
{"target": -3.9652219427259348, "params": {"eta": 0.10479143768334781, "max_depth": 16.57046314798789, "n_estimators": 18.066298625354566}, "datetime": {"datetime": "2021-09-17 13:32:51", "elapsed": 38.92224, "delta": 0.310001}}
{"target": -2.4848221810240494, "params": {"eta": 0.14513741911730374, "max_depth": 15.312295818345401, "n_estimators": 24.365689826178482}, "datetime": {"datetime": "2021-09-17 13:32:52", "elapsed": 39.745235, "delta": 0.822995}}
{"target": -3.189770398641887, "params": {"eta": 0.1094451127836048, "max_depth": 11.464493563621323, "n_estimators": 21.714202994208556}, "datetime": {"datetime": "2021-09-17 13:32:53", "elapsed": 40.111242, "delta": 0.366007}}
{"target": -2.4255874138129383, "params": {"eta": 0.18079542615349561, "max_depth": 10.83924320198434, "n_estimators": 21.90816199435944}, "datetime": {"datetime": "2021-09-17 13:32:53", "elapsed": 40.468239, "delta": 0.356997}}
{"target": -2.3490775152256615, "params": {"eta": 0.17184716260489127, "max_depth": 14.717360627770205, "n_estimators": 23.6598111085248}, "datetime": {"datetime": "2021-09-17 13:32:54", "elapsed": 41.209952, "delta": 0.741713}}
{"target": -2.382933891446967, "params": {"eta": 0.14625268033014732, "max_depth": 14.975294714254304, "n_estimators": 24.531266652364426}, "datetime": {"datetime": "2021-09-17 13:32:54", "elapsed": 41.618952, "delta": 0.409}}
{"target": -2.380228826874181, "params": {"eta": 0.2, "max_depth": 14.7361153401124, "n_estimators": 23.83711941382748}, "datetime": {"datetime": "2021-09-17 13:32:55", "elapsed": 42.469954, "delta": 0.851002}}
{"target": -2.4791766699991733, "params": {"eta": 0.18142049435608643, "max_depth": 15.882310415377251, "n_estimators": 21.762422772922193}, "datetime": {"datetime": "2021-09-17 13:32:55", "elapsed": 42.874953, "delta": 0.404999}}
{"target": -2.3420051455497743, "params": {"eta": 0.18444731032391418, "max_depth": 14.250573534980369, "n_estimators": 24.007852416495165}, "datetime": {"datetime": "2021-09-17 13:32:56", "elapsed": 43.514949, "delta": 0.639996}}
{"target": -2.427651697710941, "params": {"eta": 0.17718842536250312, "max_depth": 10.986321889091919, "n_estimators": 23.545831205175734}, "datetime": {"datetime": "2021-09-17 13:32:56", "elapsed": 43.90495, "delta": 0.390001}}
{"target": -2.40866753866798, "params": {"eta": 0.16192247724841813, "max_depth": 12.97852549887571, "n_estimators": 22.609079567368898}, "datetime": {"datetime": "2021-09-17 13:32:57", "elapsed": 44.449951, "delta": 0.545001}}
{"target": -2.85102387729444, "params": {"eta": 0.1329011805457634, "max_depth": 10.247032327288661, "n_estimators": 19.083952284435682}, "datetime": {"datetime": "2021-09-17 13:32:57", "elapsed": 44.806954, "delta": 0.357003}}
{"target": -4.808054268987555, "params": {"eta": 0.09279610707747979, "max_depth": 10.25279143317603, "n_estimators": 18.208774523130657}, "datetime": {"datetime": "2021-09-17 13:32:58", "elapsed": 45.163711, "delta": 0.356757}}
{"target": -2.3592905270425897, "params": {"eta": 0.2, "max_depth": 11.7144594253773, "n_estimators": 24.480550215201802}, "datetime": {"datetime": "2021-09-17 13:32:58", "elapsed": 45.901712, "delta": 0.738001}}
{"target": -2.2983414649963376, "params": {"eta": 0.1991900136868837, "max_depth": 11.640957187054116, "n_estimators": 23.980513835140194}, "datetime": {"datetime": "2021-09-17 13:32:59", "elapsed": 46.715609, "delta": 0.813897}}
{"target": -2.406647041596864, "params": {"eta": 0.1764982959367047, "max_depth": 14.223103482824254, "n_estimators": 23.778942012775097}, "datetime": {"datetime": "2021-09-17 13:33:00", "elapsed": 47.387708, "delta": 0.672099}}
{"target": -2.4809770402155427, "params": {"eta": 0.1462633758644329, "max_depth": 11.856192083473312, "n_estimators": 23.944078601744852}, "datetime": {"datetime": "2021-09-17 13:33:00", "elapsed": 47.978707, "delta": 0.590999}}
{"target": -2.352021889310134, "params": {"eta": 0.18734277526207815, "max_depth": 11.963024037651913, "n_estimators": 24.45156800311807}, "datetime": {"datetime": "2021-09-17 13:33:01", "elapsed": 48.608707, "delta": 0.63}}
{"target": -2.365487373502631, "params": {"eta": 0.2, "max_depth": 12.056114973818257, "n_estimators": 24.251609159511098}, "datetime": {"datetime": "2021-09-17 13:33:02", "elapsed": 49.461099, "delta": 0.852392}}
{"target": -2.409931125138935, "params": {"eta": 0.2, "max_depth": 12.799175345703937, "n_estimators": 19.907861978704087}, "datetime": {"datetime": "2021-09-17 13:33:03", "elapsed": 50.293097, "delta": 0.831998}}
{"target": -2.4425471952087, "params": {"eta": 0.16030155678184754, "max_depth": 10.693980270514594, "n_estimators": 19.00449757279788}, "datetime": {"datetime": "2021-09-17 13:33:03", "elapsed": 50.7041, "delta": 0.411003}}
{"target": -2.2504200125995437, "params": {"eta": 0.1754471493151029, "max_depth": 12.069336585343452, "n_estimators": 24.031984105286618}, "datetime": {"datetime": "2021-09-17 13:33:04", "elapsed": 51.641483, "delta": 0.937383}}
{"target": -2.365487373502631, "params": {"eta": 0.2, "max_depth": 12.256412607617921, "n_estimators": 24.11123905007691}, "datetime": {"datetime": "2021-09-17 13:33:05", "elapsed": 52.456358, "delta": 0.814875}}
{"target": -2.3194432239783436, "params": {"eta": 0.15973182580838852, "max_depth": 12.1371186976543, "n_estimators": 23.848474351643}, "datetime": {"datetime": "2021-09-17 13:33:06", "elapsed": 53.191728, "delta": 0.73537}}
{"target": -2.434545761033108, "params": {"eta": 0.16770155323307898, "max_depth": 12.375666613345853, "n_estimators": 23.92671746698042}, "datetime": {"datetime": "2021-09-17 13:33:06", "elapsed": 53.853727, "delta": 0.661999}}
{"target": -2.3753814659620587, "params": {"eta": 0.163362494377011, "max_depth": 11.034765763259443, "n_estimators": 20.96024670195511}, "datetime": {"datetime": "2021-09-17 13:33:07", "elapsed": 54.693794, "delta": 0.840067}}
{"target": -2.5062663818660535, "params": {"eta": 0.15201564894120195, "max_depth": 11.158173643271738, "n_estimators": 20.738617539654946}, "datetime": {"datetime": "2021-09-17 13:33:08", "elapsed": 55.507007, "delta": 0.813213}}
{"target": -3.1065069612703824, "params": {"eta": 0.12244486113576797, "max_depth": 10.0595396654163, "n_estimators": 19.09028601036814}, "datetime": {"datetime": "2021-09-17 13:33:08", "elapsed": 55.906004, "delta": 0.398997}}
{"target": -2.4251229524612428, "params": {"eta": 0.2, "max_depth": 13.294985651547776, "n_estimators": 22.44546587321403}, "datetime": {"datetime": "2021-09-17 13:33:09", "elapsed": 56.647259, "delta": 0.741255}}
{"target": -2.4156592839642577, "params": {"eta": 0.17151208651185623, "max_depth": 13.834072761952083, "n_estimators": 20.685123982817895}, "datetime": {"datetime": "2021-09-17 13:33:10", "elapsed": 57.101893, "delta": 0.454634}}
{"target": -3.2874749139735573, "params": {"eta": 0.1012257410646908, "max_depth": 13.064623329020918, "n_estimators": 22.35081882081135}, "datetime": {"datetime": "2021-09-17 13:33:10", "elapsed": 57.772892, "delta": 0.670999}}
{"target": -2.3852108001708987, "params": {"eta": 0.2, "max_depth": 14.312740553664554, "n_estimators": 22.431687887161583}, "datetime": {"datetime": "2021-09-17 13:33:11", "elapsed": 58.533894, "delta": 0.761002}}
{"target": -2.4150885901953045, "params": {"eta": 0.2, "max_depth": 13.897716460162941, "n_estimators": 23.246247749285}, "datetime": {"datetime": "2021-09-17 13:33:12", "elapsed": 59.278127, "delta": 0.744233}}
{"target": -2.386516677705865, "params": {"eta": 0.2, "max_depth": 11.15863985329442, "n_estimators": 21.14535244536955}, "datetime": {"datetime": "2021-09-17 13:33:13", "elapsed": 60.046091, "delta": 0.767964}}
{"target": -2.5466622854533947, "params": {"eta": 0.13081911368765173, "max_depth": 14.365467160280494, "n_estimators": 22.184315251098383}, "datetime": {"datetime": "2021-09-17 13:33:13", "elapsed": 60.798287, "delta": 0.752196}}
{"target": -2.3824091265076084, "params": {"eta": 0.2, "max_depth": 15.458139152236246, "n_estimators": 24.624227967877854}, "datetime": {"datetime": "2021-09-17 13:33:14", "elapsed": 61.782129, "delta": 0.983842}}
{"target": -2.400958599542317, "params": {"eta": 0.2, "max_depth": 12.703747820614181, "n_estimators": 20.145685944030255}, "datetime": {"datetime": "2021-09-17 13:33:15", "elapsed": 62.463127, "delta": 0.680998}}
{"target": -3.6839836321379007, "params": {"eta": 0.10123518575386485, "max_depth": 12.906573667354174, "n_estimators": 20.294731801477294}, "datetime": {"datetime": "2021-09-17 13:33:16", "elapsed": 63.210298, "delta": 0.747171}}
{"target": -3.811787504271457, "params": {"eta": 0.10937448445189753, "max_depth": 11.369568990539118, "n_estimators": 18.968137840445046}, "datetime": {"datetime": "2021-09-17 13:33:16", "elapsed": 63.624297, "delta": 0.413999}}
{"target": -2.464133762058459, "params": {"eta": 0.1894624583268933, "max_depth": 10.375933552526075, "n_estimators": 18.93716447765104}, "datetime": {"datetime": "2021-09-17 13:33:17", "elapsed": 64.062301, "delta": 0.438004}}
{"target": -4.0164353533795, "params": {"eta": 0.10024210424862026, "max_depth": 12.541469913541277, "n_estimators": 19.98855020064339}, "datetime": {"datetime": "2021-09-17 13:33:17", "elapsed": 64.860221, "delta": 0.79792}}
{"target": -2.3440996690800318, "params": {"eta": 0.17614946996002068, "max_depth": 14.160342546719217, "n_estimators": 23.45624064407166}, "datetime": {"datetime": "2021-09-17 13:33:18", "elapsed": 65.558976, "delta": 0.698755}}
{"target": -2.5094196382321807, "params": {"eta": 0.13723805659340282, "max_depth": 14.36805598214984, "n_estimators": 23.310365933112415}, "datetime": {"datetime": "2021-09-17 13:33:19", "elapsed": 66.445687, "delta": 0.886711}}
{"target": -2.3113898879603334, "params": {"eta": 0.1851700420927494, "max_depth": 14.163083319322858, "n_estimators": 23.21550482882804}, "datetime": {"datetime": "2021-09-17 13:33:20", "elapsed": 67.284072, "delta": 0.838385}}
{"target": -2.4467791162039103, "params": {"eta": 0.15236784030421818, "max_depth": 12.105138309064596, "n_estimators": 21.093242903424777}, "datetime": {"datetime": "2021-09-17 13:33:20", "elapsed": 67.748072, "delta": 0.464}}
{"target": -2.6208652207725924, "params": {"eta": 0.12564472911904045, "max_depth": 13.927322278733852, "n_estimators": 23.48261266449577}, "datetime": {"datetime": "2021-09-17 13:33:21", "elapsed": 68.844363, "delta": 1.096291}}
{"target": -2.2546719030330054, "params": {"eta": 0.19512834501722864, "max_depth": 12.39322748257101, "n_estimators": 22.132881021600657}, "datetime": {"datetime": "2021-09-17 13:33:22", "elapsed": 69.537158, "delta": 0.692795}}
{"target": -2.534445598250941, "params": {"eta": 0.13092647069760024, "max_depth": 12.461034022093212, "n_estimators": 22.29977551432032}, "datetime": {"datetime": "2021-09-17 13:33:23", "elapsed": 70.202163, "delta": 0.665005}}
{"target": -2.4110054003564936, "params": {"eta": 0.18077610680865014, "max_depth": 12.13968676953804, "n_estimators": 22.113656091429526}, "datetime": {"datetime": "2021-09-17 13:33:24", "elapsed": 71.095465, "delta": 0.893302}}
{"target": -3.539899309057938, "params": {"eta": 0.1000675132239492, "max_depth": 12.30122369301363, "n_estimators": 21.960169073292803}, "datetime": {"datetime": "2021-09-17 13:33:24", "elapsed": 71.783608, "delta": 0.688143}}
{"target": -2.4497323594595257, "params": {"eta": 0.2, "max_depth": 13.731715888683608, "n_estimators": 20.895889412060615}, "datetime": {"datetime": "2021-09-17 13:33:25", "elapsed": 72.438556, "delta": 0.654948}}
{"target": -3.863964457260935, "params": {"eta": 0.09445242733355826, "max_depth": 13.729194759083853, "n_estimators": 21.07311825411348}, "datetime": {"datetime": "2021-09-17 13:33:25", "elapsed": 72.896553, "delta": 0.457997}}
{"target": -2.2729762284379254, "params": {"eta": 0.19939907730782158, "max_depth": 13.559492828966608, "n_estimators": 20.703963413259395}, "datetime": {"datetime": "2021-09-17 13:33:26", "elapsed": 73.754666, "delta": 0.858113}}
{"target": -2.9566790549378643, "params": {"eta": 0.12412203005852848, "max_depth": 13.530925526919123, "n_estimators": 20.51055818601587}, "datetime": {"datetime": "2021-09-17 13:33:27", "elapsed": 74.668959, "delta": 0.914293}}
{"target": -2.4497323594595257, "params": {"eta": 0.2, "max_depth": 13.414679747041626, "n_estimators": 20.841462610129447}, "datetime": {"datetime": "2021-09-17 13:33:28", "elapsed": 75.409808, "delta": 0.740849}}
{"target": -2.373285874567534, "params": {"eta": 0.1822527712892451, "max_depth": 12.289131801639906, "n_estimators": 24.367032895739104}, "datetime": {"datetime": "2021-09-17 13:33:29", "elapsed": 76.174927, "delta": 0.765119}}
{"target": -2.41190929601067, "params": {"eta": 0.15494225334664974, "max_depth": 12.496214223193276, "n_estimators": 24.234333311779967}, "datetime": {"datetime": "2021-09-17 13:33:29", "elapsed": 76.897927, "delta": 0.723}}
{"target": -2.3511665871268823, "params": {"eta": 0.14245757922837063, "max_depth": 12.220333774354753, "n_estimators": 24.585281449143608}, "datetime": {"datetime": "2021-09-17 13:33:30", "elapsed": 77.770778, "delta": 0.872851}}
{"target": -2.9484398327375714, "params": {"eta": 0.13475131712405858, "max_depth": 15.13856965491669, "n_estimators": 18.73124647378584}, "datetime": {"datetime": "2021-09-17 13:33:31", "elapsed": 78.235775, "delta": 0.464997}}
{"target": -2.8514041881812244, "params": {"eta": 0.10844582241169046, "max_depth": 12.42615133563011, "n_estimators": 24.538783174995963}, "datetime": {"datetime": "2021-09-17 13:33:32", "elapsed": 79.210735, "delta": 0.97496}}
{"target": -2.347596658530988, "params": {"eta": 0.18371565354912922, "max_depth": 11.997199965841052, "n_estimators": 24.665948793554172}, "datetime": {"datetime": "2021-09-17 13:33:33", "elapsed": 80.209401, "delta": 0.998666}}
{"target": -2.31633163690567, "params": {"eta": 0.19013963434837144, "max_depth": 12.167001826842498, "n_estimators": 24.809065765485173}, "datetime": {"datetime": "2021-09-17 13:33:34", "elapsed": 81.086403, "delta": 0.877002}}
{"target": -2.5841699167301777, "params": {"eta": 0.13504411619160464, "max_depth": 15.931951325668873, "n_estimators": 21.740225188907043}, "datetime": {"datetime": "2021-09-17 13:33:34", "elapsed": 81.602371, "delta": 0.515968}}
{"target": -2.4123896598815917, "params": {"eta": 0.13804653200527273, "max_depth": 11.967086053223484, "n_estimators": 24.897900471023117}, "datetime": {"datetime": "2021-09-17 13:33:35", "elapsed": 82.469371, "delta": 0.867}}
{"target": -2.6421079290540597, "params": {"eta": 0.14641492328704625, "max_depth": 11.166421108578092, "n_estimators": 20.731447765826168}, "datetime": {"datetime": "2021-09-17 13:33:35", "elapsed": 82.976367, "delta": 0.506996}}
{"target": -2.384382098599484, "params": {"eta": 0.17571188283465417, "max_depth": 10.999421743731398, "n_estimators": 20.75289548129654}, "datetime": {"datetime": "2021-09-17 13:33:36", "elapsed": 83.797278, "delta": 0.820911}}
{"target": -2.3274469199933505, "params": {"eta": 0.19557297935155027, "max_depth": 11.698620274511851, "n_estimators": 22.55344069980484}, "datetime": {"datetime": "2021-09-17 13:33:37", "elapsed": 84.348281, "delta": 0.551003}}
{"target": -2.6229265539269697, "params": {"eta": 0.132294658362394, "max_depth": 11.612012395046664, "n_estimators": 22.35979520980098}, "datetime": {"datetime": "2021-09-17 13:33:38", "elapsed": 85.317293, "delta": 0.969012}}
{"target": -2.2183884463812173, "params": {"eta": 0.15771378118669677, "max_depth": 11.762626247066917, "n_estimators": 24.769072425490695}, "datetime": {"datetime": "2021-09-17 13:33:39", "elapsed": 86.253507, "delta": 0.936214}}
{"target": -2.3643104766544543, "params": {"eta": 0.18210053323620407, "max_depth": 11.554176755680412, "n_estimators": 24.747311674403164}, "datetime": {"datetime": "2021-09-17 13:33:40", "elapsed": 87.295961, "delta": 1.042454}}
{"target": -2.4125080378432022, "params": {"eta": 0.1380199739024363, "max_depth": 11.636387664025527, "n_estimators": 24.958818636216748}, "datetime": {"datetime": "2021-09-17 13:33:41", "elapsed": 88.287962, "delta": 0.992001}}
{"target": -2.6597229869742143, "params": {"eta": 0.11653036169333018, "max_depth": 11.850603752341435, "n_estimators": 24.60552069355325}, "datetime": {"datetime": "2021-09-17 13:33:42", "elapsed": 89.037769, "delta": 0.749807}}
{"target": -2.3874743587092353, "params": {"eta": 0.18097344920314556, "max_depth": 11.439984442512202, "n_estimators": 24.547806018779077}, "datetime": {"datetime": "2021-09-17 13:33:43", "elapsed": 90.065125, "delta": 1.027356}}
{"target": -2.3823616090573765, "params": {"eta": 0.2, "max_depth": 12.6043186861905, "n_estimators": 22.11268388663991}, "datetime": {"datetime": "2021-09-17 13:33:44", "elapsed": 91.151722, "delta": 1.086597}}
{"target": -2.310385155050378, "params": {"eta": 0.193309892989871, "max_depth": 11.235856842838318, "n_estimators": 19.661544742293565}, "datetime": {"datetime": "2021-09-17 13:33:44", "elapsed": 91.700007, "delta": 0.548285}}
{"target": -2.6024590178539873, "params": {"eta": 0.14041674083064984, "max_depth": 15.747231691000307, "n_estimators": 20.09101456223647}, "datetime": {"datetime": "2021-09-17 13:33:45", "elapsed": 92.259007, "delta": 0.559}}
{"target": -2.356166133127714, "params": {"eta": 0.15754989588154694, "max_depth": 11.408874768114178, "n_estimators": 19.7702852072007}, "datetime": {"datetime": "2021-09-17 13:33:45", "elapsed": 92.943006, "delta": 0.683999}}
{"target": -2.479250615521481, "params": {"eta": 0.1594279227080398, "max_depth": 11.44951852190908, "n_estimators": 19.594313966576934}, "datetime": {"datetime": "2021-09-17 13:33:47", "elapsed": 94.15746, "delta": 1.214454}}
{"target": -4.707641279070001, "params": {"eta": 0.09, "max_depth": 11.210577689992823, "n_estimators": 19.829641486122746}, "datetime": {"datetime": "2021-09-17 13:33:48", "elapsed": 95.410875, "delta": 1.253415}}
{"target": -2.4357023163845666, "params": {"eta": 0.1559040805734062, "max_depth": 11.201498539531283, "n_estimators": 19.453247774476843}, "datetime": {"datetime": "2021-09-17 13:33:49", "elapsed": 96.555993, "delta": 1.145118}}
{"target": -2.39936195549212, "params": {"eta": 0.19040586529723252, "max_depth": 11.570008590790474, "n_estimators": 19.83433456243079}, "datetime": {"datetime": "2021-09-17 13:33:50", "elapsed": 97.426266, "delta": 0.870273}}
{"target": -2.377360369029798, "params": {"eta": 0.15431761594159316, "max_depth": 12.294562682042974, "n_estimators": 23.685304480219425}, "datetime": {"datetime": "2021-09-17 13:33:51", "elapsed": 98.574265, "delta": 1.147999}}
{"target": -2.3173804816446806, "params": {"eta": 0.18821328750706734, "max_depth": 12.041954311607004, "n_estimators": 23.641837036934554}, "datetime": {"datetime": "2021-09-17 13:33:52", "elapsed": 99.372399, "delta": 0.798134}}
{"target": -3.125591815145392, "params": {"eta": 0.10253328593787157, "max_depth": 12.112192643063437, "n_estimators": 23.46012240892214}, "datetime": {"datetime": "2021-09-17 13:33:53", "elapsed": 100.169391, "delta": 0.796992}}
{"target": -3.4633288565434905, "params": {"eta": 0.09, "max_depth": 12.12531514970521, "n_estimators": 24.422128807332086}, "datetime": {"datetime": "2021-09-17 13:33:54", "elapsed": 101.331779, "delta": 1.162388}}
{"target": -2.7808747724482887, "params": {"eta": 0.11985722719292193, "max_depth": 11.92902851139587, "n_estimators": 23.75467942216854}, "datetime": {"datetime": "2021-09-17 13:33:55", "elapsed": 102.612778, "delta": 1.280999}}
{"target": -2.7070843658949197, "params": {"eta": 0.12462619356969182, "max_depth": 13.177694870151349, "n_estimators": 22.797207958109837}, "datetime": {"datetime": "2021-09-17 13:33:56", "elapsed": 103.72661, "delta": 1.113832}}
{"target": -2.617859609503495, "params": {"eta": 0.1668655550339343, "max_depth": 12.148905507987742, "n_estimators": 18.914813734117327}, "datetime": {"datetime": "2021-09-17 13:33:57", "elapsed": 104.301669, "delta": 0.575059}}
{"target": -2.7628881259968407, "params": {"eta": 0.14491115547824004, "max_depth": 11.524273937192287, "n_estimators": 19.775466325403997}, "datetime": {"datetime": "2021-09-17 13:33:57", "elapsed": 104.863669, "delta": 0.562}}
{"target": -4.325516964259901, "params": {"eta": 0.09019444323988443, "max_depth": 11.10138428531279, "n_estimators": 20.849612875966375}, "datetime": {"datetime": "2021-09-17 13:33:59", "elapsed": 106.218261, "delta": 1.354592}}
{"target": -2.6767320344322605, "params": {"eta": 0.11822984369586784, "max_depth": 14.843570246032055, "n_estimators": 23.148969866382817}, "datetime": {"datetime": "2021-09-17 13:33:59", "elapsed": 106.811257, "delta": 0.592996}}
{"target": -2.868880126350804, "params": {"eta": 0.11577414979374885, "max_depth": 11.640330571794419, "n_estimators": 22.502642634552064}, "datetime": {"datetime": "2021-09-17 13:34:00", "elapsed": 107.428111, "delta": 0.616854}}
{"target": -2.468025925912355, "params": {"eta": 0.13374910659710781, "max_depth": 12.183428094324675, "n_estimators": 23.98423564346722}, "datetime": {"datetime": "2021-09-17 13:34:01", "elapsed": 108.324113, "delta": 0.896002}}
