{"target": -2.4472401029185247, "params": {"eta": 0.39539690054281834, "max_depth": 10.693891770041335, "n_estimators": 10.578714071018746}, "datetime": {"datetime": "2021-09-17 11:25:35", "elapsed": 773.502455, "delta": 4.690352}}
{"target": -3.3570723671662184, "params": {"eta": 0.8851482534689071, "max_depth": 4.839511802240123, "n_estimators": 9.236087399363102}, "datetime": {"datetime": "2021-09-17 11:25:38", "elapsed": 776.470602, "delta": 2.968147}}
{"target": -3.5121908620784157, "params": {"eta": 1.0, "max_depth": 9.715454355447926, "n_estimators": 9.051240622217826}, "datetime": {"datetime": "2021-09-17 11:25:43", "elapsed": 781.683453, "delta": 5.212851}}
{"target": -2.643299240815012, "params": {"eta": 0.411439240876044, "max_depth": 10.498162190250738, "n_estimators": 9.979242641153828}, "datetime": {"datetime": "2021-09-17 11:25:47", "elapsed": 785.646553, "delta": 3.9631}}
{"target": -3.1114312209581074, "params": {"eta": 0.4704292998616616, "max_depth": 1.0803828613086632, "n_estimators": 16.47523380043227}, "datetime": {"datetime": "2021-09-17 11:25:50", "elapsed": 788.632142, "delta": 2.985589}}
{"target": -3.549486684171777, "params": {"eta": 1.0, "max_depth": 5.9517138140806, "n_estimators": 11.32427927956189}, "datetime": {"datetime": "2021-09-17 11:25:53", "elapsed": 791.865855, "delta": 3.233713}}
{"target": -2.5816227235292133, "params": {"eta": 0.4393743097094329, "max_depth": 6.709450351941638, "n_estimators": 13.874416717696349}, "datetime": {"datetime": "2021-09-17 11:25:56", "elapsed": 794.744903, "delta": 2.879048}}
{"target": -3.0042071938514705, "params": {"eta": 0.6554842710092119, "max_depth": 11.970151268758022, "n_estimators": 17.69596468687241}, "datetime": {"datetime": "2021-09-17 11:25:59", "elapsed": 797.783136, "delta": 3.038233}}
{"target": -4.237171265326047, "params": {"eta": 0.17567550772641444, "max_depth": 6.580576667972372, "n_estimators": 10.140363226938156}, "datetime": {"datetime": "2021-09-17 11:26:01", "elapsed": 799.803489, "delta": 2.020353}}
{"target": -3.5679576346748747, "params": {"eta": 0.9937745149587329, "max_depth": 10.632635595388416, "n_estimators": 6.537333437758923}, "datetime": {"datetime": "2021-09-17 11:26:06", "elapsed": 804.617646, "delta": 4.814157}}
{"target": -4.947588276863098, "params": {"eta": 0.35386859346750227, "max_depth": 11.315969700881027, "n_estimators": 4.054275129480724}, "datetime": {"datetime": "2021-09-17 11:26:09", "elapsed": 807.783886, "delta": 3.16624}}
{"target": -2.7186675674036933, "params": {"eta": 0.5758410010444277, "max_depth": 5.8974680317814405, "n_estimators": 15.579300739474238}, "datetime": {"datetime": "2021-09-17 11:26:13", "elapsed": 811.832686, "delta": 4.0488}}
{"target": -2.4605306819865578, "params": {"eta": 0.21278087567759132, "max_depth": 9.686766585707787, "n_estimators": 16.780488710673424}, "datetime": {"datetime": "2021-09-17 11:26:17", "elapsed": 815.748754, "delta": 3.916068}}
{"target": -3.0878153600190816, "params": {"eta": 0.6489652323241878, "max_depth": 9.833466570471467, "n_estimators": 17.23178987443092}, "datetime": {"datetime": "2021-09-17 11:26:21", "elapsed": 820.357865, "delta": 4.609111}}
{"target": -18.818696968963273, "params": {"eta": 0.012345052145522435, "max_depth": 9.910647559798491, "n_estimators": 17.38999872480524}, "datetime": {"datetime": "2021-09-17 11:26:27", "elapsed": 825.519598, "delta": 5.161733}}
{"target": -12.67988424897194, "params": {"eta": 0.038202033736058634, "max_depth": 9.44826578533026, "n_estimators": 16.410750095149172}, "datetime": {"datetime": "2021-09-17 11:26:32", "elapsed": 830.695485, "delta": 5.175887}}
{"target": -2.395531786115546, "params": {"eta": 0.4694025100354153, "max_depth": 10.083601303412241, "n_estimators": 16.403041965178566}, "datetime": {"datetime": "2021-09-17 11:26:36", "elapsed": 835.399691, "delta": 4.704206}}
{"target": -3.269577138047469, "params": {"eta": 0.8926423872447182, "max_depth": 8.485763237866948, "n_estimators": 8.327012073962905}, "datetime": {"datetime": "2021-09-17 11:26:39", "elapsed": 837.505675, "delta": 2.105984}}
{"target": -3.293794684033645, "params": {"eta": 0.781176522182388, "max_depth": 9.47147379467352, "n_estimators": 16.961978638021463}, "datetime": {"datetime": "2021-09-17 11:26:43", "elapsed": 841.498305, "delta": 3.99263}}
{"target": -2.750687043290389, "params": {"eta": 0.8175790132809819, "max_depth": 3.5364201499323045, "n_estimators": 16.929175685884225}, "datetime": {"datetime": "2021-09-17 11:26:47", "elapsed": 845.469758, "delta": 3.971453}}
{"target": -3.099415029977497, "params": {"eta": 0.9681993730478142, "max_depth": 3.7129244428125077, "n_estimators": 16.056779467119036}, "datetime": {"datetime": "2021-09-17 11:26:51", "elapsed": 850.370873, "delta": 4.901115}}
{"target": -3.4869793352327845, "params": {"eta": 1.0, "max_depth": 8.946995646047863, "n_estimators": 8.885428388635395}, "datetime": {"datetime": "2021-09-17 11:26:55", "elapsed": 853.656939, "delta": 3.286066}}
{"target": -2.5881323368925795, "params": {"eta": 0.48008436279775063, "max_depth": 9.535934174168576, "n_estimators": 13.167441738446247}, "datetime": {"datetime": "2021-09-17 11:26:58", "elapsed": 857.383345, "delta": 3.726406}}
{"target": -2.939846105952012, "params": {"eta": 0.3992116015577738, "max_depth": 10.070389159902717, "n_estimators": 6.481498373096211}, "datetime": {"datetime": "2021-09-17 11:27:03", "elapsed": 861.68968, "delta": 4.306335}}
{"target": -20.500825450922314, "params": {"eta": 0.01, "max_depth": 4.5768664128611265, "n_estimators": 12.334647626301884}, "datetime": {"datetime": "2021-09-17 11:27:06", "elapsed": 864.683868, "delta": 2.994188}}
{"target": -2.883580495809254, "params": {"eta": 0.5739925288034171, "max_depth": 12.108246347361078, "n_estimators": 10.920622216171457}, "datetime": {"datetime": "2021-09-17 11:27:08", "elapsed": 866.839541, "delta": 2.155673}}
{"target": -2.7184531305965622, "params": {"eta": 0.6389728285687274, "max_depth": 5.05000313935728, "n_estimators": 12.617936892216024}, "datetime": {"datetime": "2021-09-17 11:27:12", "elapsed": 870.854536, "delta": 4.014995}}
{"target": -6.62114154131789, "params": {"eta": 0.7748254919263642, "max_depth": 14.906399622136991, "n_estimators": 1.5634627486350623}, "datetime": {"datetime": "2021-09-17 11:27:14", "elapsed": 873.053575, "delta": 2.199039}}
{"target": -2.613921942208943, "params": {"eta": 0.484381125041973, "max_depth": 5.19331846969288, "n_estimators": 13.260061303140542}, "datetime": {"datetime": "2021-09-17 11:27:18", "elapsed": 876.873807, "delta": 3.820232}}
{"target": -2.832130185553902, "params": {"eta": 0.5647795480032488, "max_depth": 7.193261880281362, "n_estimators": 8.756530347912246}, "datetime": {"datetime": "2021-09-17 11:27:20", "elapsed": 879.116407, "delta": 2.2426}}
{"target": -3.311575339656127, "params": {"eta": 0.9456430720624508, "max_depth": 6.829448808649293, "n_estimators": 8.618415384434964}, "datetime": {"datetime": "2021-09-17 11:27:25", "elapsed": 884.136889, "delta": 5.020482}}
{"target": -2.4735387921333314, "params": {"eta": 0.44366491893309884, "max_depth": 14.390145844272249, "n_estimators": 8.943408233684991}, "datetime": {"datetime": "2021-09-17 11:27:28", "elapsed": 886.474749, "delta": 2.33786}}
{"target": -3.6254537751800133, "params": {"eta": 1.0, "max_depth": 11.858137191231341, "n_estimators": 10.589651770848723}, "datetime": {"datetime": "2021-09-17 11:27:31", "elapsed": 889.860569, "delta": 3.38582}}
{"target": -2.979117584855933, "params": {"eta": 0.6415757928929503, "max_depth": 13.807439861737624, "n_estimators": 8.751562750152619}, "datetime": {"datetime": "2021-09-17 11:27:35", "elapsed": 894.264071, "delta": 4.403502}}
{"target": -2.7913895054867393, "params": {"eta": 0.5717203952441023, "max_depth": 5.369885368261906, "n_estimators": 12.19167829644761}, "datetime": {"datetime": "2021-09-17 11:27:41", "elapsed": 899.465293, "delta": 5.201222}}
{"target": -7.428432827874235, "params": {"eta": 0.1594340121262941, "max_depth": 6.4975015681033685, "n_estimators": 7.0817778115751455}, "datetime": {"datetime": "2021-09-17 11:27:45", "elapsed": 903.667011, "delta": 4.201718}}
{"target": -2.470457152316445, "params": {"eta": 0.39065112198548263, "max_depth": 12.678696123259094, "n_estimators": 9.613871370202528}, "datetime": {"datetime": "2021-09-17 11:27:49", "elapsed": 907.810938, "delta": 4.143927}}
{"target": -2.79119553565979, "params": {"eta": 0.5525865878451538, "max_depth": 11.948478589655847, "n_estimators": 12.848128223688716}, "datetime": {"datetime": "2021-09-17 11:27:53", "elapsed": 912.032721, "delta": 4.221783}}
{"target": -3.7195203028227146, "params": {"eta": 1.0, "max_depth": 12.04418841140202, "n_estimators": 5.080848415180708}, "datetime": {"datetime": "2021-09-17 11:27:57", "elapsed": 915.828665, "delta": 3.795944}}
{"target": -3.7362384987504855, "params": {"eta": 0.9456843543950255, "max_depth": 14.633815446892344, "n_estimators": 9.085110058219703}, "datetime": {"datetime": "2021-09-17 11:28:00", "elapsed": 919.246802, "delta": 3.418137}}
{"target": -2.9092008013474318, "params": {"eta": 0.6109024002629676, "max_depth": 10.104275620055228, "n_estimators": 16.84754277062147}, "datetime": {"datetime": "2021-09-17 11:28:04", "elapsed": 923.299679, "delta": 4.052877}}
{"target": -2.7472491094940583, "params": {"eta": 0.5426978484424054, "max_depth": 9.824499881642705, "n_estimators": 14.795840602508662}, "datetime": {"datetime": "2021-09-17 11:28:08", "elapsed": 926.80666, "delta": 3.506981}}
{"target": -3.8154263361504204, "params": {"eta": 1.0, "max_depth": 7.581636492145069, "n_estimators": 8.820337800757489}, "datetime": {"datetime": "2021-09-17 11:28:12", "elapsed": 930.652761, "delta": 3.846101}}
{"target": -3.721164370524256, "params": {"eta": 0.9977532145032689, "max_depth": 14.522706379094881, "n_estimators": 13.240040350693365}, "datetime": {"datetime": "2021-09-17 11:28:14", "elapsed": 933.163555, "delta": 2.510794}}
{"target": -2.731202156920182, "params": {"eta": 0.39877867427924585, "max_depth": 3.1016263003517333, "n_estimators": 13.041224612671993}, "datetime": {"datetime": "2021-09-17 11:28:17", "elapsed": 936.143096, "delta": 2.979541}}
{"target": -12.000141692161561, "params": {"eta": 0.082573087971228, "max_depth": 2.1056757258480836, "n_estimators": 8.527157450731444}, "datetime": {"datetime": "2021-09-17 11:28:20", "elapsed": 938.833476, "delta": 2.69038}}
{"target": -3.1706438177510314, "params": {"eta": 0.9641466742755139, "max_depth": 3.0202447039067986, "n_estimators": 12.854705151736308}, "datetime": {"datetime": "2021-09-17 11:28:24", "elapsed": 942.768376, "delta": 3.9349}}
{"target": -2.6503164830960726, "params": {"eta": 0.4538503187434829, "max_depth": 5.687588196610884, "n_estimators": 10.142289940683536}, "datetime": {"datetime": "2021-09-17 11:28:30", "elapsed": 949.414047, "delta": 6.645671}}
{"target": -2.960110361952531, "params": {"eta": 0.9869850837174754, "max_depth": 4.1825212326770025, "n_estimators": 15.411054303960556}, "datetime": {"datetime": "2021-09-17 11:28:34", "elapsed": 952.887764, "delta": 3.473717}}
{"target": -2.535987368382906, "params": {"eta": 0.5000797046565255, "max_depth": 5.543657710421682, "n_estimators": 14.20009612726958}, "datetime": {"datetime": "2021-09-17 11:28:40", "elapsed": 958.679913, "delta": 5.792149}}
{"target": -2.89112965464592, "params": {"eta": 0.9829622745547905, "max_depth": 2.7639298959514957, "n_estimators": 16.56511321097159}, "datetime": {"datetime": "2021-09-17 11:28:44", "elapsed": 963.370491, "delta": 4.690578}}
{"target": -3.2234297256720694, "params": {"eta": 1.0, "max_depth": 4.175639111771034, "n_estimators": 8.214268524408132}, "datetime": {"datetime": "2021-09-17 11:28:50", "elapsed": 968.708677, "delta": 5.338186}}
{"target": -21.09109406518309, "params": {"eta": 0.011323345701446025, "max_depth": 13.58795401413891, "n_estimators": 8.815548329638782}, "datetime": {"datetime": "2021-09-17 11:28:54", "elapsed": 972.701686, "delta": 3.993009}}
{"target": -3.656414803862571, "params": {"eta": 0.952252711583665, "max_depth": 14.109363583388143, "n_estimators": 8.705239947223692}, "datetime": {"datetime": "2021-09-17 11:28:59", "elapsed": 977.613844, "delta": 4.912158}}
{"target": -3.2445946097373963, "params": {"eta": 0.9782025120795927, "max_depth": 13.635774913933231, "n_estimators": 9.16956208555771}, "datetime": {"datetime": "2021-09-17 11:29:03", "elapsed": 981.755245, "delta": 4.141401}}
{"target": -3.2549445327959567, "params": {"eta": 1.0, "max_depth": 4.802460734037939, "n_estimators": 12.174058542772718}, "datetime": {"datetime": "2021-09-17 11:29:07", "elapsed": 985.790313, "delta": 4.035068}}
{"target": -2.9503834931473985, "params": {"eta": 0.6428143325736988, "max_depth": 13.6944579178873, "n_estimators": 7.95440899662773}, "datetime": {"datetime": "2021-09-17 11:29:13", "elapsed": 992.247914, "delta": 6.457601}}
{"target": -3.010613413860923, "params": {"eta": 0.38773719271648366, "max_depth": 2.405871327026304, "n_estimators": 16.493512173807254}, "datetime": {"datetime": "2021-09-17 11:29:19", "elapsed": 997.479735, "delta": 5.231821}}
{"target": -3.07053267265621, "params": {"eta": 1.0, "max_depth": 2.842619961938602, "n_estimators": 15.126997550538368}, "datetime": {"datetime": "2021-09-17 11:29:23", "elapsed": 1001.86114, "delta": 4.381405}}
{"target": -2.8749955723160188, "params": {"eta": 0.9948677564225846, "max_depth": 2.223362315257712, "n_estimators": 15.675436153640963}, "datetime": {"datetime": "2021-09-17 11:29:27", "elapsed": 1005.515067, "delta": 3.653927}}
{"target": -3.1270028327640738, "params": {"eta": 0.9244976642188524, "max_depth": 2.769021773721253, "n_estimators": 15.912729533896448}, "datetime": {"datetime": "2021-09-17 11:29:31", "elapsed": 1010.030671, "delta": 4.515604}}
{"target": -3.537471929663106, "params": {"eta": 1.0, "max_depth": 10.990957631811929, "n_estimators": 8.705542129690498}, "datetime": {"datetime": "2021-09-17 11:29:35", "elapsed": 1014.114975, "delta": 4.084304}}
{"target": -3.2534064813664085, "params": {"eta": 0.9826989171299331, "max_depth": 6.068750941068453, "n_estimators": 6.476336542385617}, "datetime": {"datetime": "2021-09-17 11:29:40", "elapsed": 1018.984085, "delta": 4.86911}}
{"target": -3.6627948572761135, "params": {"eta": 0.9722140900120408, "max_depth": 12.348669181180286, "n_estimators": 17.361638913722864}, "datetime": {"datetime": "2021-09-17 11:29:45", "elapsed": 1023.444644, "delta": 4.460559}}
{"target": -3.50248373966468, "params": {"eta": 1.0, "max_depth": 6.720136219162765, "n_estimators": 7.604650812060974}, "datetime": {"datetime": "2021-09-17 11:29:48", "elapsed": 1027.339084, "delta": 3.89444}}
{"target": -2.642627347143073, "params": {"eta": 0.5013892228149767, "max_depth": 3.923774889912874, "n_estimators": 12.761708034167853}, "datetime": {"datetime": "2021-09-17 11:29:52", "elapsed": 1031.070112, "delta": 3.731028}}
{"target": -3.1845606389798617, "params": {"eta": 0.42756011692104334, "max_depth": 1.0, "n_estimators": 12.67580752598834}, "datetime": {"datetime": "2021-09-17 11:29:56", "elapsed": 1034.458528, "delta": 3.388416}}
{"target": -3.5426890429697537, "params": {"eta": 0.9739811382297664, "max_depth": 11.379155455988412, "n_estimators": 6.463595700088881}, "datetime": {"datetime": "2021-09-17 11:29:58", "elapsed": 1036.942795, "delta": 2.484267}}
{"target": -3.0632410087083515, "params": {"eta": 0.4315999594822315, "max_depth": 2.1214829103888984, "n_estimators": 15.903619536904063}, "datetime": {"datetime": "2021-09-17 11:30:02", "elapsed": 1040.931428, "delta": 3.988633}}
{"target": -2.6020137454334056, "params": {"eta": 0.4151184531005891, "max_depth": 12.120085050198378, "n_estimators": 11.573007100143986}, "datetime": {"datetime": "2021-09-17 11:30:06", "elapsed": 1044.833541, "delta": 3.902113}}
{"target": -3.296942502573917, "params": {"eta": 1.0, "max_depth": 4.666944687584901, "n_estimators": 16.394591556079977}, "datetime": {"datetime": "2021-09-17 11:30:12", "elapsed": 1051.182753, "delta": 6.349212}}
{"target": -2.737932035170103, "params": {"eta": 0.3051655938355234, "max_depth": 14.991022153104606, "n_estimators": 9.208293063598454}, "datetime": {"datetime": "2021-09-17 11:30:19", "elapsed": 1057.847796, "delta": 6.665043}}
{"target": -3.768720254772588, "params": {"eta": 1.0, "max_depth": 7.110153133012287, "n_estimators": 5.38285193641683}, "datetime": {"datetime": "2021-09-17 11:30:25", "elapsed": 1063.478534, "delta": 5.630738}}
{"target": -3.5070600290047493, "params": {"eta": 0.9765219938849019, "max_depth": 10.412859304169782, "n_estimators": 11.58023830061138}, "datetime": {"datetime": "2021-09-17 11:30:30", "elapsed": 1068.540693, "delta": 5.062159}}
{"target": -2.5220150495830334, "params": {"eta": 0.3752483330895241, "max_depth": 11.03449154122747, "n_estimators": 11.21747746886546}, "datetime": {"datetime": "2021-09-17 11:30:33", "elapsed": 1072.429198, "delta": 3.888505}}
{"target": -3.63550922870636, "params": {"eta": 1.0, "max_depth": 11.092719559913228, "n_estimators": 7.187873681371828}, "datetime": {"datetime": "2021-09-17 11:30:40", "elapsed": 1079.317651, "delta": 6.888453}}
{"target": -22.419319613513196, "params": {"eta": 0.02626483935809496, "max_depth": 6.391652375556648, "n_estimators": 1.6389082863578275}, "datetime": {"datetime": "2021-09-17 11:30:43", "elapsed": 1081.788951, "delta": 2.4713}}
{"target": -3.8413805977294317, "params": {"eta": 1.0, "max_depth": 7.864500221560265, "n_estimators": 18.0}, "datetime": {"datetime": "2021-09-17 11:30:47", "elapsed": 1086.170445, "delta": 4.381494}}
{"target": -3.6476240597273173, "params": {"eta": 0.9402247171570657, "max_depth": 7.914468074114949, "n_estimators": 17.171976507393556}, "datetime": {"datetime": "2021-09-17 11:30:50", "elapsed": 1088.906167, "delta": 2.735722}}
{"target": -3.823857292689775, "params": {"eta": 1.0, "max_depth": 7.062919442958623, "n_estimators": 4.416206980430159}, "datetime": {"datetime": "2021-09-17 11:30:56", "elapsed": 1094.60913, "delta": 5.702963}}
{"target": -3.415463082413924, "params": {"eta": 0.7565340227855047, "max_depth": 1.0, "n_estimators": 11.911843893574767}, "datetime": {"datetime": "2021-09-17 11:31:01", "elapsed": 1100.150294, "delta": 5.541164}}
{"target": -3.5315362453460692, "params": {"eta": 0.9736653024208914, "max_depth": 2.015641263825401, "n_estimators": 4.355576195975801}, "datetime": {"datetime": "2021-09-17 11:31:05", "elapsed": 1103.948165, "delta": 3.797871}}
{"target": -16.653092630913385, "params": {"eta": 0.08153549426272752, "max_depth": 2.170519000425193, "n_estimators": 4.883711089939873}, "datetime": {"datetime": "2021-09-17 11:31:12", "elapsed": 1110.646319, "delta": 6.698154}}
{"target": -7.669787325984553, "params": {"eta": 0.07572171235300061, "max_depth": 5.492379157799755, "n_estimators": 15.03144889752177}, "datetime": {"datetime": "2021-09-17 11:31:14", "elapsed": 1113.369148, "delta": 2.722829}}
{"target": -3.1617664964575516, "params": {"eta": 0.776685866151104, "max_depth": 15.0, "n_estimators": 9.792730977339813}, "datetime": {"datetime": "2021-09-17 11:31:19", "elapsed": 1117.618228, "delta": 4.24908}}
{"target": -3.3449605195145855, "params": {"eta": 1.0, "max_depth": 4.639495858103865, "n_estimators": 6.736704458538522}, "datetime": {"datetime": "2021-09-17 11:31:23", "elapsed": 1121.589934, "delta": 3.971706}}
{"target": -15.819765552407818, "params": {"eta": 0.09323017243602195, "max_depth": 14.83241287481847, "n_estimators": 4.196173681284437}, "datetime": {"datetime": "2021-09-17 11:31:28", "elapsed": 1127.342781, "delta": 5.752847}}
{"target": -3.208918172434757, "params": {"eta": 0.9913358831142146, "max_depth": 3.887761444089983, "n_estimators": 7.410984814413413}, "datetime": {"datetime": "2021-09-17 11:31:34", "elapsed": 1132.528469, "delta": 5.185688}}
{"target": -3.0887931001813786, "params": {"eta": 0.18881245445469816, "max_depth": 6.6459142717961734, "n_estimators": 12.879670037861587}, "datetime": {"datetime": "2021-09-17 11:31:36", "elapsed": 1135.143875, "delta": 2.615406}}
{"target": -3.302342183966386, "params": {"eta": 1.0, "max_depth": 3.0570911162719723, "n_estimators": 7.541126915811653}, "datetime": {"datetime": "2021-09-17 11:31:42", "elapsed": 1140.732962, "delta": 5.589087}}
{"target": -3.555187503915084, "params": {"eta": 0.24161148285953266, "max_depth": 1.5415144143400121, "n_estimators": 12.187325126663037}, "datetime": {"datetime": "2021-09-17 11:31:49", "elapsed": 1147.91073, "delta": 7.177768}}
{"target": -3.570621364995053, "params": {"eta": 0.2859947468360207, "max_depth": 3.2999091786218453, "n_estimators": 7.742293286707787}, "datetime": {"datetime": "2021-09-17 11:31:53", "elapsed": 1151.475903, "delta": 3.565173}}
{"target": -3.7634085579922325, "params": {"eta": 1.0, "max_depth": 2.5350922417269253, "n_estimators": 3.8179920659380624}, "datetime": {"datetime": "2021-09-17 11:31:57", "elapsed": 1156.264883, "delta": 4.78898}}
{"target": -3.6219662142427347, "params": {"eta": 1.0, "max_depth": 11.34322971429714, "n_estimators": 18.0}, "datetime": {"datetime": "2021-09-17 11:32:01", "elapsed": 1160.037995, "delta": 3.773112}}
{"target": -3.8105086878726357, "params": {"eta": 1.0, "max_depth": 13.98008584293676, "n_estimators": 6.2356326092631384}, "datetime": {"datetime": "2021-09-17 11:32:06", "elapsed": 1164.907612, "delta": 4.869617}}
{"target": -2.7975827731584246, "params": {"eta": 0.4017758574634724, "max_depth": 13.69722013710924, "n_estimators": 6.71311885777528}, "datetime": {"datetime": "2021-09-17 11:32:10", "elapsed": 1168.468, "delta": 3.560388}}
{"target": -3.2354477706708407, "params": {"eta": 0.3839017011784107, "max_depth": 1.1582106811780057, "n_estimators": 10.066103986854701}, "datetime": {"datetime": "2021-09-17 11:32:18", "elapsed": 1176.545891, "delta": 8.077891}}
