{"target": -2.453346341534665, "params": {"eta": 0.17682424966413357, "max_depth": 15.287336540399057, "n_estimators": 28.782397029426605}, "datetime": {"datetime": "2021-09-17 14:06:37", "elapsed": 3.71716, "delta": 0.328}}
{"target": -2.7513806625416404, "params": {"eta": 0.11266443613536567, "max_depth": 11.267439936510005, "n_estimators": 24.002984776041615}, "datetime": {"datetime": "2021-09-17 14:06:37", "elapsed": 3.949158, "delta": 0.231998}}
{"target": -2.4214195602818536, "params": {"eta": 0.1804255997522144, "max_depth": 10.845143975260239, "n_estimators": 27.201891279758918}, "datetime": {"datetime": "2021-09-17 14:06:38", "elapsed": 4.213159, "delta": 0.264001}}
{"target": -2.4135041067474763, "params": {"eta": 0.17979702309707443, "max_depth": 16.06335148125467, "n_estimators": 31.8689576777046}, "datetime": {"datetime": "2021-09-17 14:06:38", "elapsed": 4.542158, "delta": 0.328999}}
{"target": -2.436009695655421, "params": {"eta": 0.12240850150076196, "max_depth": 11.192881747607421, "n_estimators": 28.238396984853242}, "datetime": {"datetime": "2021-09-17 14:06:38", "elapsed": 4.808161, "delta": 0.266003}}
{"target": -2.3899364584370666, "params": {"eta": 0.1475486422621972, "max_depth": 14.067983070593677, "n_estimators": 25.090550384641308}, "datetime": {"datetime": "2021-09-17 14:06:38", "elapsed": 5.070164, "delta": 0.262003}}
{"target": -2.406162217416261, "params": {"eta": 0.17723171885031863, "max_depth": 10.64183599100245, "n_estimators": 26.508221499991652}, "datetime": {"datetime": "2021-09-17 14:06:39", "elapsed": 5.34188, "delta": 0.271716}}
{"target": -2.355913802197105, "params": {"eta": 0.1182794984420732, "max_depth": 15.055608812907597, "n_estimators": 31.800669365292446}, "datetime": {"datetime": "2021-09-17 14:06:39", "elapsed": 5.664071, "delta": 0.322191}}
{"target": -2.4518008313680952, "params": {"eta": 0.10825222464744257, "max_depth": 12.626823219166978, "n_estimators": 30.894066890015047}, "datetime": {"datetime": "2021-09-17 14:06:39", "elapsed": 5.94207, "delta": 0.277999}}
{"target": -2.3144690745755248, "params": {"eta": 0.18616268109482034, "max_depth": 11.271201304121467, "n_estimators": 24.345526412875778}, "datetime": {"datetime": "2021-09-17 14:06:40", "elapsed": 6.203068, "delta": 0.260998}}
{"target": -2.3500883987075403, "params": {"eta": 0.14676708267197291, "max_depth": 16.353832585430805, "n_estimators": 27.362175274903876}, "datetime": {"datetime": "2021-09-17 14:06:40", "elapsed": 6.505069, "delta": 0.302001}}
{"target": -2.328630077838898, "params": {"eta": 0.1968200116599482, "max_depth": 16.171517286456176, "n_estimators": 24.79749825224982}, "datetime": {"datetime": "2021-09-17 14:06:40", "elapsed": 6.812068, "delta": 0.306999}}
{"target": -2.4000792653937086, "params": {"eta": 0.1407993828338407, "max_depth": 16.045422129449012, "n_estimators": 24.843253374783526}, "datetime": {"datetime": "2021-09-17 14:06:40", "elapsed": 7.097069, "delta": 0.285001}}
{"target": -2.2736394355171607, "params": {"eta": 0.17299524410882072, "max_depth": 15.683377039624894, "n_estimators": 31.73514554299886}, "datetime": {"datetime": "2021-09-17 14:06:41", "elapsed": 7.452696, "delta": 0.355627}}
{"target": -2.2802479844344288, "params": {"eta": 0.1930054039808014, "max_depth": 16.7583402067174, "n_estimators": 26.975009773016705}, "datetime": {"datetime": "2021-09-17 14:06:41", "elapsed": 7.778694, "delta": 0.325998}}
{"target": -2.646888113649268, "params": {"eta": 0.11072287389927281, "max_depth": 10.636798140502409, "n_estimators": 26.702370866856754}, "datetime": {"datetime": "2021-09-17 14:06:41", "elapsed": 8.049214, "delta": 0.27052}}
{"target": -2.2889005008496737, "params": {"eta": 0.13674261592836268, "max_depth": 16.834921656058828, "n_estimators": 28.84078082308133}, "datetime": {"datetime": "2021-09-17 14:06:42", "elapsed": 8.349219, "delta": 0.300005}}
{"target": -2.386559475723066, "params": {"eta": 0.12587090527109437, "max_depth": 11.415091698874093, "n_estimators": 27.974112550654027}, "datetime": {"datetime": "2021-09-17 14:06:42", "elapsed": 8.641223, "delta": 0.292004}}
{"target": -2.2698117130681092, "params": {"eta": 0.15228265950793163, "max_depth": 10.130983600144384, "n_estimators": 29.528951052566914}, "datetime": {"datetime": "2021-09-17 14:06:42", "elapsed": 8.955218, "delta": 0.313995}}
{"target": -2.5084024347757037, "params": {"eta": 0.12261762397279861, "max_depth": 16.963591952903087, "n_estimators": 27.961982118435174}, "datetime": {"datetime": "2021-09-17 14:06:43", "elapsed": 9.249217, "delta": 0.293999}}
{"target": -3.233647756827505, "params": {"eta": 0.09160705271586739, "max_depth": 12.175223536509995, "n_estimators": 25.60451963407028}, "datetime": {"datetime": "2021-09-17 14:06:43", "elapsed": 9.514689, "delta": 0.265472}}
{"target": -2.348122137471249, "params": {"eta": 0.1534986724842382, "max_depth": 16.49516841859296, "n_estimators": 25.35701573775186}, "datetime": {"datetime": "2021-09-17 14:06:43", "elapsed": 9.832687, "delta": 0.317998}}
{"target": -2.3507344114153006, "params": {"eta": 0.12132042762063155, "max_depth": 10.117186083518181, "n_estimators": 31.385369956774724}, "datetime": {"datetime": "2021-09-17 14:06:43", "elapsed": 10.13469, "delta": 0.302003}}
{"target": -2.3933528799759713, "params": {"eta": 0.14759355147696787, "max_depth": 16.26612335584351, "n_estimators": 29.732605062004495}, "datetime": {"datetime": "2021-09-17 14:06:44", "elapsed": 10.47169, "delta": 0.337}}
{"target": -2.6922361436643096, "params": {"eta": 0.09613963521493378, "max_depth": 13.125303848657737, "n_estimators": 30.576254051617894}, "datetime": {"datetime": "2021-09-17 14:06:44", "elapsed": 10.79169, "delta": 0.32}}
{"target": -2.1963805600216513, "params": {"eta": 0.17576408864804727, "max_depth": 11.374628251116784, "n_estimators": 26.881044208599974}, "datetime": {"datetime": "2021-09-17 14:06:44", "elapsed": 11.118684, "delta": 0.326994}}
{"target": -2.36805074277677, "params": {"eta": 0.17276073686482774, "max_depth": 11.980307580127448, "n_estimators": 27.837373619074025}, "datetime": {"datetime": "2021-09-17 14:06:45", "elapsed": 11.42569, "delta": 0.307006}}
{"target": -2.2772174640705707, "params": {"eta": 0.1951560651875065, "max_depth": 16.893554808941335, "n_estimators": 31.299422061497754}, "datetime": {"datetime": "2021-09-17 14:06:45", "elapsed": 11.870687, "delta": 0.444997}}
{"target": -2.595943906432704, "params": {"eta": 0.09795436746784694, "max_depth": 14.575923457220803, "n_estimators": 30.859983994573675}, "datetime": {"datetime": "2021-09-17 14:06:46", "elapsed": 12.217694, "delta": 0.347007}}
{"target": -2.5208032400984512, "params": {"eta": 0.10127530033159814, "max_depth": 15.280371120967544, "n_estimators": 31.894268606787406}, "datetime": {"datetime": "2021-09-17 14:06:46", "elapsed": 12.562688, "delta": 0.344994}}
{"target": -2.3995975155579417, "params": {"eta": 0.1820280127060202, "max_depth": 14.275144751819594, "n_estimators": 24.15084870460233}, "datetime": {"datetime": "2021-09-17 14:06:46", "elapsed": 12.892689, "delta": 0.330001}}
{"target": -2.4239101579314783, "params": {"eta": 0.17823969164432124, "max_depth": 11.001340732580104, "n_estimators": 25.82410388584089}, "datetime": {"datetime": "2021-09-17 14:06:47", "elapsed": 13.230688, "delta": 0.337999}}
{"target": -2.4219750009085, "params": {"eta": 0.11747615889381463, "max_depth": 15.491332335659703, "n_estimators": 27.82204739670461}, "datetime": {"datetime": "2021-09-17 14:06:47", "elapsed": 13.536686, "delta": 0.305998}}
{"target": -2.7176490181370787, "params": {"eta": 0.10256306207794912, "max_depth": 13.691681576669367, "n_estimators": 28.66779822740365}, "datetime": {"datetime": "2021-09-17 14:06:47", "elapsed": 13.869689, "delta": 0.333003}}
{"target": -2.2975914848478216, "params": {"eta": 0.1893208487706691, "max_depth": 11.306242948200882, "n_estimators": 26.578647071743568}, "datetime": {"datetime": "2021-09-17 14:06:48", "elapsed": 14.201685, "delta": 0.331996}}
{"target": -2.1853369305008337, "params": {"eta": 0.1749276512206297, "max_depth": 16.6443445168538, "n_estimators": 30.058808865763453}, "datetime": {"datetime": "2021-09-17 14:06:48", "elapsed": 14.612688, "delta": 0.411003}}
{"target": -2.367055907374934, "params": {"eta": 0.17417052263111332, "max_depth": 10.300145176883497, "n_estimators": 25.995414850857827}, "datetime": {"datetime": "2021-09-17 14:06:48", "elapsed": 14.932686, "delta": 0.319998}}
{"target": -2.36882631088558, "params": {"eta": 0.16656604673610143, "max_depth": 16.338707218105107, "n_estimators": 24.989874407090355}, "datetime": {"datetime": "2021-09-17 14:06:49", "elapsed": 15.281828, "delta": 0.349142}}
{"target": -2.6666660013951753, "params": {"eta": 0.11998265871546704, "max_depth": 11.876312673905595, "n_estimators": 25.091115506503183}, "datetime": {"datetime": "2021-09-17 14:06:49", "elapsed": 15.598356, "delta": 0.316528}}
{"target": -2.361035291772139, "params": {"eta": 0.1658457595845314, "max_depth": 15.957492729744388, "n_estimators": 24.111595889071943}, "datetime": {"datetime": "2021-09-17 14:06:49", "elapsed": 15.96636, "delta": 0.368004}}
{"target": -2.291870050681265, "params": {"eta": 0.18671238357477982, "max_depth": 16.425662823769173, "n_estimators": 27.134744188836642}, "datetime": {"datetime": "2021-09-17 14:06:50", "elapsed": 16.362357, "delta": 0.395997}}
{"target": -2.4158336570388395, "params": {"eta": 0.16793232071058217, "max_depth": 13.058184089454294, "n_estimators": 29.19680256563923}, "datetime": {"datetime": "2021-09-17 14:06:50", "elapsed": 16.766358, "delta": 0.404001}}
{"target": -2.5419737200987966, "params": {"eta": 0.11654721360578993, "max_depth": 16.39074700072762, "n_estimators": 26.81053053554252}, "datetime": {"datetime": "2021-09-17 14:06:50", "elapsed": 17.12236, "delta": 0.356002}}
{"target": -2.7131976259382147, "params": {"eta": 0.1128799529303518, "max_depth": 10.708644596636777, "n_estimators": 24.121386023082458}, "datetime": {"datetime": "2021-09-17 14:06:51", "elapsed": 17.409353, "delta": 0.286993}}
{"target": -2.3833959868079737, "params": {"eta": 0.17141166949058798, "max_depth": 12.518883375038522, "n_estimators": 24.078515049344272}, "datetime": {"datetime": "2021-09-17 14:06:51", "elapsed": 17.773726, "delta": 0.364373}}
{"target": -2.6176094331239397, "params": {"eta": 0.12156899500823981, "max_depth": 10.863768642419421, "n_estimators": 24.70573376660296}, "datetime": {"datetime": "2021-09-17 14:06:51", "elapsed": 18.103724, "delta": 0.329998}}
{"target": -2.371118882455324, "params": {"eta": 0.19968747849559262, "max_depth": 12.84766732101826, "n_estimators": 27.537157048900177}, "datetime": {"datetime": "2021-09-17 14:06:52", "elapsed": 18.465726, "delta": 0.362002}}
{"target": -2.3435131248674894, "params": {"eta": 0.16609119188136773, "max_depth": 10.798920975826778, "n_estimators": 29.908697315805806}, "datetime": {"datetime": "2021-09-17 14:06:52", "elapsed": 18.806722, "delta": 0.340996}}
{"target": -2.3845179275462502, "params": {"eta": 0.17418591528305635, "max_depth": 15.65795499804792, "n_estimators": 31.739778955403537}, "datetime": {"datetime": "2021-09-17 14:06:53", "elapsed": 19.266728, "delta": 0.460006}}
{"target": -2.3497780015594083, "params": {"eta": 0.17184630611513685, "max_depth": 16.620048165639012, "n_estimators": 30.037453833878146}, "datetime": {"datetime": "2021-09-17 14:06:53", "elapsed": 19.69034, "delta": 0.423612}}
{"target": -2.2432280138919225, "params": {"eta": 0.19318492528819348, "max_depth": 11.324491819035078, "n_estimators": 26.861003089097842}, "datetime": {"datetime": "2021-09-17 14:06:53", "elapsed": 20.060339, "delta": 0.369999}}
{"target": -2.3138128701009246, "params": {"eta": 0.1487206711698572, "max_depth": 11.367863312502438, "n_estimators": 26.820442665763693}, "datetime": {"datetime": "2021-09-17 14:06:54", "elapsed": 20.494953, "delta": 0.434614}}
{"target": -2.4004627855200518, "params": {"eta": 0.1224114851684201, "max_depth": 16.661195782948738, "n_estimators": 30.106995771994146}, "datetime": {"datetime": "2021-09-17 14:06:54", "elapsed": 20.999948, "delta": 0.504995}}
{"target": -2.393773051312095, "params": {"eta": 0.14646383837368693, "max_depth": 10.808475448840678, "n_estimators": 30.863289637444378}, "datetime": {"datetime": "2021-09-17 14:06:55", "elapsed": 21.37595, "delta": 0.376002}}
{"target": -2.3893188645965173, "params": {"eta": 0.1320085941498185, "max_depth": 10.804486696016781, "n_estimators": 30.857190308123755}, "datetime": {"datetime": "2021-09-17 14:06:55", "elapsed": 21.742951, "delta": 0.367001}}
{"target": -2.3712317617315994, "params": {"eta": 0.19134771002503637, "max_depth": 16.644288701485312, "n_estimators": 30.04992176773893}, "datetime": {"datetime": "2021-09-17 14:06:56", "elapsed": 22.206953, "delta": 0.464002}}
{"target": -2.3669401225290803, "params": {"eta": 0.1457869723951088, "max_depth": 11.377845689374668, "n_estimators": 26.825820860948077}, "datetime": {"datetime": "2021-09-17 14:06:56", "elapsed": 22.583947, "delta": 0.376994}}
{"target": -2.3503704541607906, "params": {"eta": 0.1534994435359805, "max_depth": 15.617796445656438, "n_estimators": 25.58741953706243}, "datetime": {"datetime": "2021-09-17 14:06:56", "elapsed": 22.959481, "delta": 0.375534}}
{"target": -2.2812738236628083, "params": {"eta": 0.1348031514554126, "max_depth": 14.592900537800567, "n_estimators": 28.269591953622452}, "datetime": {"datetime": "2021-09-17 14:06:57", "elapsed": 23.376553, "delta": 0.417072}}
{"target": -2.3786267449981287, "params": {"eta": 0.1704965374506945, "max_depth": 16.165273056336858, "n_estimators": 27.178318474089497}, "datetime": {"datetime": "2021-09-17 14:06:57", "elapsed": 23.794553, "delta": 0.418}}
{"target": -2.393524888942116, "params": {"eta": 0.14031749986977335, "max_depth": 11.987752218113116, "n_estimators": 27.588804682821934}, "datetime": {"datetime": "2021-09-17 14:06:58", "elapsed": 24.167549, "delta": 0.372996}}
{"target": -2.4393443578167964, "params": {"eta": 0.10832802044297522, "max_depth": 10.451034130568239, "n_estimators": 30.935239872168967}, "datetime": {"datetime": "2021-09-17 14:06:58", "elapsed": 24.554554, "delta": 0.387005}}
{"target": -2.324142129170267, "params": {"eta": 0.17783454410992783, "max_depth": 16.334160988283028, "n_estimators": 24.978156132639224}, "datetime": {"datetime": "2021-09-17 14:06:58", "elapsed": 24.953553, "delta": 0.398999}}
{"target": -2.376700689290699, "params": {"eta": 0.1266937439236593, "max_depth": 16.828529334704278, "n_estimators": 28.838105110291693}, "datetime": {"datetime": "2021-09-17 14:06:59", "elapsed": 25.389206, "delta": 0.435653}}
{"target": -2.3301168993899695, "params": {"eta": 0.156489982020904, "max_depth": 16.34226810314207, "n_estimators": 24.98593969436527}, "datetime": {"datetime": "2021-09-17 14:06:59", "elapsed": 25.775044, "delta": 0.385838}}
{"target": -2.662086119777278, "params": {"eta": 0.10134394407502914, "max_depth": 14.717833328198273, "n_estimators": 29.165700908632438}, "datetime": {"datetime": "2021-09-17 14:07:00", "elapsed": 26.171046, "delta": 0.396002}}
{"target": -2.2428786459722017, "params": {"eta": 0.19501210367492866, "max_depth": 16.75636734794447, "n_estimators": 26.971512816883806}, "datetime": {"datetime": "2021-09-17 14:07:00", "elapsed": 26.583047, "delta": 0.412001}}
{"target": -2.45620191222743, "params": {"eta": 0.11666195397023207, "max_depth": 16.30205914626169, "n_estimators": 27.86300258998523}, "datetime": {"datetime": "2021-09-17 14:07:00", "elapsed": 26.997048, "delta": 0.414001}}
{"target": -2.2676412588671635, "params": {"eta": 0.16076250167200207, "max_depth": 14.98948839496056, "n_estimators": 28.881841033439503}, "datetime": {"datetime": "2021-09-17 14:07:01", "elapsed": 27.425046, "delta": 0.427998}}
{"target": -3.058551706765827, "params": {"eta": 0.0966772187830027, "max_depth": 10.042259687317285, "n_estimators": 25.21650338436379}, "datetime": {"datetime": "2021-09-17 14:07:01", "elapsed": 27.828351, "delta": 0.403305}}
{"target": -2.357277404634576, "params": {"eta": 0.1454936925167235, "max_depth": 13.395275839932738, "n_estimators": 31.566153774155822}, "datetime": {"datetime": "2021-09-17 14:07:02", "elapsed": 28.288415, "delta": 0.460064}}
{"target": -2.4160020865892107, "params": {"eta": 0.1989386356073836, "max_depth": 16.88259280844808, "n_estimators": 31.309564822282294}, "datetime": {"datetime": "2021-09-17 14:07:02", "elapsed": 28.826415, "delta": 0.538}}
{"target": -2.432154838034981, "params": {"eta": 0.1888358854815982, "max_depth": 16.441244336487255, "n_estimators": 27.141921247943888}, "datetime": {"datetime": "2021-09-17 14:07:03", "elapsed": 29.333413, "delta": 0.506998}}
{"target": -2.2341038597257517, "params": {"eta": 0.17577675457100783, "max_depth": 15.55027010788109, "n_estimators": 28.689189770902356}, "datetime": {"datetime": "2021-09-17 14:07:03", "elapsed": 29.800236, "delta": 0.466823}}
{"target": -2.263254459908134, "params": {"eta": 0.15803886018240448, "max_depth": 11.380490163914542, "n_estimators": 24.57317933109234}, "datetime": {"datetime": "2021-09-17 14:07:04", "elapsed": 30.193235, "delta": 0.392999}}
{"target": -2.4044814586639403, "params": {"eta": 0.17878954314533363, "max_depth": 10.135039635982237, "n_estimators": 26.313710381212296}, "datetime": {"datetime": "2021-09-17 14:07:04", "elapsed": 30.604234, "delta": 0.410999}}
{"target": -2.326760061791069, "params": {"eta": 0.15317249037435632, "max_depth": 16.80035222877092, "n_estimators": 31.498691474947123}, "datetime": {"datetime": "2021-09-17 14:07:04", "elapsed": 31.071233, "delta": 0.466999}}
{"target": -2.2633799377240633, "params": {"eta": 0.15997772579031083, "max_depth": 12.958325135028268, "n_estimators": 29.170191637071476}, "datetime": {"datetime": "2021-09-17 14:07:05", "elapsed": 31.55452, "delta": 0.483287}}
{"target": -2.5269439967055067, "params": {"eta": 0.10755311904580121, "max_depth": 14.7343981187569, "n_estimators": 28.899213834051334}, "datetime": {"datetime": "2021-09-17 14:07:05", "elapsed": 31.981523, "delta": 0.427003}}
{"target": -2.2939765566273738, "params": {"eta": 0.18957876455036693, "max_depth": 13.951221452765068, "n_estimators": 26.52152073521155}, "datetime": {"datetime": "2021-09-17 14:07:06", "elapsed": 32.432521, "delta": 0.450998}}
{"target": -2.3401671961734167, "params": {"eta": 0.13476776065471138, "max_depth": 16.880438893204744, "n_estimators": 28.14807133868951}, "datetime": {"datetime": "2021-09-17 14:07:06", "elapsed": 32.881522, "delta": 0.449001}}
{"target": -2.3141841248462076, "params": {"eta": 0.12995899990247933, "max_depth": 14.587775798929892, "n_estimators": 28.282301116632702}, "datetime": {"datetime": "2021-09-17 14:07:07", "elapsed": 33.347523, "delta": 0.466001}}
{"target": -2.206686107735885, "params": {"eta": 0.17477047597724504, "max_depth": 15.531820734159822, "n_estimators": 28.70848836358678}, "datetime": {"datetime": "2021-09-17 14:07:07", "elapsed": 33.886123, "delta": 0.5386}}
{"target": -2.395732605457306, "params": {"eta": 0.13716433514159265, "max_depth": 12.651228325857161, "n_estimators": 28.724295975319745}, "datetime": {"datetime": "2021-09-17 14:07:08", "elapsed": 34.325125, "delta": 0.439002}}
{"target": -2.485063454351927, "params": {"eta": 0.10853994869101705, "max_depth": 13.054888049772616, "n_estimators": 30.871137860867353}, "datetime": {"datetime": "2021-09-17 14:07:08", "elapsed": 34.801123, "delta": 0.475998}}
{"target": -2.401647858870657, "params": {"eta": 0.16837256557724295, "max_depth": 11.37801810436012, "n_estimators": 24.561216908298313}, "datetime": {"datetime": "2021-09-17 14:07:09", "elapsed": 35.290367, "delta": 0.489244}}
{"target": -2.324459397165399, "params": {"eta": 0.15969196645926909, "max_depth": 15.024830750750295, "n_estimators": 28.806919630007673}, "datetime": {"datetime": "2021-09-17 14:07:09", "elapsed": 35.82227, "delta": 0.531903}}
{"target": -2.3729372150019596, "params": {"eta": 0.16965681719458015, "max_depth": 11.743033733423122, "n_estimators": 31.320830589014484}, "datetime": {"datetime": "2021-09-17 14:07:10", "elapsed": 36.284272, "delta": 0.462002}}
{"target": -2.4299340354768852, "params": {"eta": 0.16615483210505272, "max_depth": 11.011993303686182, "n_estimators": 29.22778330853601}, "datetime": {"datetime": "2021-09-17 14:07:10", "elapsed": 36.749272, "delta": 0.465}}
{"target": -2.360776004038359, "params": {"eta": 0.18419509701441472, "max_depth": 11.344070688595398, "n_estimators": 26.86240600084823}, "datetime": {"datetime": "2021-09-17 14:07:11", "elapsed": 37.288273, "delta": 0.539001}}
{"target": -2.431582255739915, "params": {"eta": 0.12234311672553436, "max_depth": 13.280387682628913, "n_estimators": 30.665012362415418}, "datetime": {"datetime": "2021-09-17 14:07:11", "elapsed": 37.751484, "delta": 0.463211}}
{"target": -2.310088065423463, "params": {"eta": 0.1290329503165659, "max_depth": 10.452178832478046, "n_estimators": 29.897976835836683}, "datetime": {"datetime": "2021-09-17 14:07:12", "elapsed": 38.209485, "delta": 0.458001}}
{"target": -3.135557472705841, "params": {"eta": 0.09675138375354755, "max_depth": 15.653580759555648, "n_estimators": 24.0373701645062}, "datetime": {"datetime": "2021-09-17 14:07:12", "elapsed": 38.623486, "delta": 0.414001}}
{"target": -2.318849471995705, "params": {"eta": 0.1922971763446069, "max_depth": 16.89336591741218, "n_estimators": 31.278836675887614}, "datetime": {"datetime": "2021-09-17 14:07:13", "elapsed": 39.279486, "delta": 0.656}}
{"target": -2.3293512099667604, "params": {"eta": 0.1839972802826285, "max_depth": 16.661008675164677, "n_estimators": 30.06459407778616}, "datetime": {"datetime": "2021-09-17 14:07:13", "elapsed": 40.015487, "delta": 0.736001}}
{"target": -2.3832911924311992, "params": {"eta": 0.18063723229937487, "max_depth": 15.533182760888192, "n_estimators": 28.665563103725052}, "datetime": {"datetime": "2021-09-17 14:07:14", "elapsed": 40.646088, "delta": 0.630601}}
