{"target": -2.301611793041229, "params": {"eta": 0.11823139977676064, "max_depth": 16.780042218421876, "n_estimators": 44.02841857141683}, "datetime": {"datetime": "2021-09-21 13:31:56", "elapsed": 378.151603, "delta": 3.277653}}
{"target": -3.5843378424644468, "params": {"eta": 0.854386858369509, "max_depth": 19.688508912542144, "n_estimators": 44.861109874560945}, "datetime": {"datetime": "2021-09-21 13:32:00", "elapsed": 382.02394, "delta": 3.872337}}
{"target": -2.3045426136568974, "params": {"eta": 0.13194114957886324, "max_depth": 17.469754679790714, "n_estimators": 36.77149446848575}, "datetime": {"datetime": "2021-09-21 13:32:04", "elapsed": 386.547774, "delta": 4.523834}}
{"target": -16.765186197193046, "params": {"eta": 0.01, "max_depth": 25.088155897037076, "n_estimators": 33.26838044432715}, "datetime": {"datetime": "2021-09-21 13:32:06", "elapsed": 388.836036, "delta": 2.288262}}
{"target": -3.39930688958419, "params": {"eta": 0.9700746991153992, "max_depth": 24.23512360801953, "n_estimators": 34.067670489053725}, "datetime": {"datetime": "2021-09-21 13:32:10", "elapsed": 392.01803, "delta": 3.181994}}
{"target": -3.595336288527438, "params": {"eta": 0.8347806313533978, "max_depth": 17.11086235440169, "n_estimators": 36.99279082775874}, "datetime": {"datetime": "2021-09-21 13:32:13", "elapsed": 395.155878, "delta": 3.137848}}
{"target": -3.7148048206379536, "params": {"eta": 0.9956926506026398, "max_depth": 26.000522780805138, "n_estimators": 34.37252888770439}, "datetime": {"datetime": "2021-09-21 13:32:16", "elapsed": 398.192522, "delta": 3.036644}}
{"target": -3.3474333060415167, "params": {"eta": 0.8818529609396408, "max_depth": 22.49935641407161, "n_estimators": 30.9268950195037}, "datetime": {"datetime": "2021-09-21 13:32:18", "elapsed": 400.684996, "delta": 2.492474}}
{"target": -2.6861000901774355, "params": {"eta": 0.5560366051452622, "max_depth": 18.434965613703216, "n_estimators": 37.48562760933112}, "datetime": {"datetime": "2021-09-21 13:32:23", "elapsed": 405.331405, "delta": 4.646409}}
{"target": -2.489254948967382, "params": {"eta": 0.21705759525834292, "max_depth": 13.755343003822663, "n_estimators": 33.253884395192486}, "datetime": {"datetime": "2021-09-21 13:32:25", "elapsed": 406.972075, "delta": 1.64067}}
{"target": -3.4383350836603266, "params": {"eta": 0.9022950751287233, "max_depth": 27.42503302854339, "n_estimators": 58.19201902310763}, "datetime": {"datetime": "2021-09-21 13:32:29", "elapsed": 411.187047, "delta": 4.214972}}
{"target": -3.0005713167943453, "params": {"eta": 0.0693109221918504, "max_depth": 16.918535187133802, "n_estimators": 36.08121197619992}, "datetime": {"datetime": "2021-09-21 13:32:33", "elapsed": 415.578018, "delta": 4.390971}}
{"target": -2.563979551666661, "params": {"eta": 0.36328413529359654, "max_depth": 7.506469456136123, "n_estimators": 9.276930283373337}, "datetime": {"datetime": "2021-09-21 13:32:35", "elapsed": 417.710999, "delta": 2.132981}}
{"target": -3.7997213950282647, "params": {"eta": 0.923805278795949, "max_depth": 23.241563677620068, "n_estimators": 36.74801342154289}, "datetime": {"datetime": "2021-09-21 13:32:39", "elapsed": 421.373329, "delta": 3.66233}}
{"target": -3.1702923586494043, "params": {"eta": 0.7877487082247052, "max_depth": 13.91296863622048, "n_estimators": 34.018709111141185}, "datetime": {"datetime": "2021-09-21 13:32:43", "elapsed": 425.889735, "delta": 4.516406}}
{"target": -3.0114310716327863, "params": {"eta": 0.7304899275721236, "max_depth": 24.97821740229852, "n_estimators": 28.76917148371772}, "datetime": {"datetime": "2021-09-21 13:32:46", "elapsed": 427.951462, "delta": 2.061727}}
{"target": -2.6677687808086996, "params": {"eta": 0.4083428123450169, "max_depth": 25.44132737199244, "n_estimators": 34.590109338212024}, "datetime": {"datetime": "2021-09-21 13:32:49", "elapsed": 431.434336, "delta": 3.482874}}
{"target": -16.60456646382809, "params": {"eta": 0.01, "max_depth": 13.540588456238606, "n_estimators": 34.092488978496384}, "datetime": {"datetime": "2021-09-21 13:32:52", "elapsed": 434.499297, "delta": 3.064961}}
{"target": -18.51826741616977, "params": {"eta": 0.010311383337958445, "max_depth": 15.364259511119911, "n_estimators": 22.006932880724776}, "datetime": {"datetime": "2021-09-21 13:32:54", "elapsed": 436.74983, "delta": 2.250533}}
{"target": -2.768424332141876, "params": {"eta": 0.4880101267093694, "max_depth": 14.54946548187474, "n_estimators": 33.16554470929522}, "datetime": {"datetime": "2021-09-21 13:33:00", "elapsed": 442.093176, "delta": 5.343346}}
{"target": -3.0566462730106556, "params": {"eta": 0.7120740847773595, "max_depth": 14.373110673594109, "n_estimators": 26.85292808869835}, "datetime": {"datetime": "2021-09-21 13:33:02", "elapsed": 444.536237, "delta": 2.443061}}
{"target": -3.2899820995958224, "params": {"eta": 0.8737024196152445, "max_depth": 8.080653299113116, "n_estimators": 38.809782198413956}, "datetime": {"datetime": "2021-09-21 13:33:04", "elapsed": 446.656992, "delta": 2.120755}}
{"target": -3.0683501105559503, "params": {"eta": 0.6542366242751467, "max_depth": 14.791310589468766, "n_estimators": 33.89374385503959}, "datetime": {"datetime": "2021-09-21 13:33:08", "elapsed": 450.437199, "delta": 3.780207}}
{"target": -3.0529281616210935, "params": {"eta": 0.21193620100499924, "max_depth": 1.1403069401878825, "n_estimators": 45.994126431348086}, "datetime": {"datetime": "2021-09-21 13:33:10", "elapsed": 452.137859, "delta": 1.70066}}
{"target": -2.65373417452762, "params": {"eta": 0.48173121214040454, "max_depth": 13.719832497747477, "n_estimators": 32.517023454077645}, "datetime": {"datetime": "2021-09-21 13:33:13", "elapsed": 455.291969, "delta": 3.15411}}
{"target": -2.2470609558256047, "params": {"eta": 0.2095208685585415, "max_depth": 26.72669157538316, "n_estimators": 55.862127104424665}, "datetime": {"datetime": "2021-09-21 13:33:18", "elapsed": 460.358449, "delta": 5.06648}}
{"target": -3.848328982215178, "params": {"eta": 0.9455716684513504, "max_depth": 24.053447955002575, "n_estimators": 32.74615317542431}, "datetime": {"datetime": "2021-09-21 13:33:22", "elapsed": 464.088648, "delta": 3.730199}}
{"target": -3.303327907386579, "params": {"eta": 0.8221004789980497, "max_depth": 14.041380062944123, "n_estimators": 33.10887243260327}, "datetime": {"datetime": "2021-09-21 13:33:25", "elapsed": 467.534855, "delta": 3.446207}}
{"target": -3.4156596892758424, "params": {"eta": 0.9881304160173674, "max_depth": 13.874257981387688, "n_estimators": 39.53542936707812}, "datetime": {"datetime": "2021-09-21 13:33:29", "elapsed": 471.264301, "delta": 3.729446}}
{"target": -2.4138568533094307, "params": {"eta": 0.33644268082458584, "max_depth": 27.076251125984136, "n_estimators": 56.802225470900396}, "datetime": {"datetime": "2021-09-21 13:33:33", "elapsed": 475.892325, "delta": 4.628024}}
{"target": -13.314511914315977, "params": {"eta": 0.01, "max_depth": 26.279211031483392, "n_estimators": 57.406479768027886}, "datetime": {"datetime": "2021-09-21 13:33:36", "elapsed": 478.315332, "delta": 2.423007}}
{"target": -3.268510787737997, "params": {"eta": 0.7925380397991046, "max_depth": 24.782713081901488, "n_estimators": 57.24810960400512}, "datetime": {"datetime": "2021-09-21 13:33:39", "elapsed": 481.055814, "delta": 2.740482}}
{"target": -2.8540574186726615, "params": {"eta": 0.5977253436786255, "max_depth": 11.752397508509173, "n_estimators": 56.323812306620965}, "datetime": {"datetime": "2021-09-21 13:33:41", "elapsed": 483.482887, "delta": 2.427073}}
{"target": -2.3630124117198745, "params": {"eta": 0.3329687569026438, "max_depth": 22.903887783048955, "n_estimators": 25.6711385687169}, "datetime": {"datetime": "2021-09-21 13:33:45", "elapsed": 487.271191, "delta": 3.788304}}
{"target": -3.4476829193140333, "params": {"eta": 0.9656554220104899, "max_depth": 22.68484444548073, "n_estimators": 26.17424932656343}, "datetime": {"datetime": "2021-09-21 13:33:48", "elapsed": 490.559479, "delta": 3.288288}}
{"target": -2.570877135427375, "params": {"eta": 0.5247481366642865, "max_depth": 14.853513820180574, "n_estimators": 34.96913867359448}, "datetime": {"datetime": "2021-09-21 13:33:53", "elapsed": 495.479892, "delta": 4.920413}}
{"target": -3.097592420954453, "params": {"eta": 0.7356392220741075, "max_depth": 24.244928870701766, "n_estimators": 54.47822203205624}, "datetime": {"datetime": "2021-09-21 13:33:56", "elapsed": 498.599015, "delta": 3.119123}}
{"target": -3.805260214993828, "params": {"eta": 0.9191445299733533, "max_depth": 26.520368044621243, "n_estimators": 55.45325277854264}, "datetime": {"datetime": "2021-09-21 13:34:00", "elapsed": 501.992559, "delta": 3.393544}}
{"target": -2.4229843076906707, "params": {"eta": 0.22667380298380935, "max_depth": 24.09366904872311, "n_estimators": 34.38170092408008}, "datetime": {"datetime": "2021-09-21 13:34:09", "elapsed": 511.037447, "delta": 9.044888}}
{"target": -2.2652502919498243, "params": {"eta": 0.14928627695807384, "max_depth": 15.579830758592342, "n_estimators": 34.745099096112675}, "datetime": {"datetime": "2021-09-21 13:34:16", "elapsed": 518.039502, "delta": 7.002055}}
{"target": -3.351091499705064, "params": {"eta": 0.8817848571601468, "max_depth": 27.82841232671451, "n_estimators": 56.996000652713846}, "datetime": {"datetime": "2021-09-21 13:34:21", "elapsed": 523.069225, "delta": 5.029723}}
{"target": -3.6230512251979428, "params": {"eta": 0.9147307264145471, "max_depth": 15.567212781197359, "n_estimators": 34.673431968492324}, "datetime": {"datetime": "2021-09-21 13:34:24", "elapsed": 526.738425, "delta": 3.6692}}
{"target": -3.5619280808850338, "params": {"eta": 0.8338353439109283, "max_depth": 18.497310119100632, "n_estimators": 38.37475322287636}, "datetime": {"datetime": "2021-09-21 13:34:29", "elapsed": 530.991653, "delta": 4.253228}}
{"target": -10.406488049030303, "params": {"eta": 0.023651561614313775, "max_depth": 16.4085619484365, "n_estimators": 35.183992001523805}, "datetime": {"datetime": "2021-09-21 13:34:32", "elapsed": 534.657892, "delta": 3.666239}}
{"target": -11.65009721266596, "params": {"eta": 0.022774821284464696, "max_depth": 21.91364685260587, "n_estimators": 31.332978197110364}, "datetime": {"datetime": "2021-09-21 13:34:35", "elapsed": 537.796755, "delta": 3.138863}}
{"target": -15.377928841584609, "params": {"eta": 0.01, "max_depth": 10.197412982926009, "n_estimators": 42.765916471305914}, "datetime": {"datetime": "2021-09-21 13:34:39", "elapsed": 541.037292, "delta": 3.240537}}
{"target": -2.764318769856503, "params": {"eta": 0.602056088534782, "max_depth": 13.052249070717114, "n_estimators": 35.89825825768457}, "datetime": {"datetime": "2021-09-21 13:34:43", "elapsed": 545.095926, "delta": 4.058634}}
{"target": -3.333537392239822, "params": {"eta": 0.8826981824233849, "max_depth": 27.100674842831854, "n_estimators": 56.289419089964724}, "datetime": {"datetime": "2021-09-21 13:34:48", "elapsed": 549.958855, "delta": 4.862929}}
{"target": -2.998302706919218, "params": {"eta": 0.07511526142901623, "max_depth": 15.365448656223698, "n_estimators": 33.79658409400166}, "datetime": {"datetime": "2021-09-21 13:34:52", "elapsed": 554.194186, "delta": 4.235331}}
{"target": -2.807280511605112, "params": {"eta": 0.6106625169239697, "max_depth": 22.88168749444513, "n_estimators": 35.1004363170406}, "datetime": {"datetime": "2021-09-21 13:34:58", "elapsed": 560.284572, "delta": 6.090386}}
{"target": -3.2246787585710224, "params": {"eta": 0.7909233432590582, "max_depth": 12.509706612307648, "n_estimators": 47.77500533350917}, "datetime": {"datetime": "2021-09-21 13:35:01", "elapsed": 563.80352, "delta": 3.518948}}
{"target": -3.576707865062513, "params": {"eta": 0.03717628762577138, "max_depth": 27.240851212149007, "n_estimators": 58.41939763534272}, "datetime": {"datetime": "2021-09-21 13:35:06", "elapsed": 568.217844, "delta": 4.414324}}
{"target": -3.664385756693388, "params": {"eta": 1.0, "max_depth": 27.07447227814612, "n_estimators": 57.35787199911434}, "datetime": {"datetime": "2021-09-21 13:35:12", "elapsed": 574.44575, "delta": 6.227906}}
{"target": -3.410443349574742, "params": {"eta": 0.8960512814036449, "max_depth": 22.89967016955914, "n_estimators": 31.95118393957091}, "datetime": {"datetime": "2021-09-21 13:35:16", "elapsed": 578.221353, "delta": 3.775603}}
{"target": -3.5145500339959796, "params": {"eta": 1.0, "max_depth": 9.954013937024055, "n_estimators": 44.1567115355995}, "datetime": {"datetime": "2021-09-21 13:35:20", "elapsed": 582.770507, "delta": 4.549154}}
{"target": -2.9142968974615395, "params": {"eta": 0.5419651094573208, "max_depth": 12.902979498978313, "n_estimators": 48.75479415945382}, "datetime": {"datetime": "2021-09-21 13:35:26", "elapsed": 587.989282, "delta": 5.218775}}
{"target": -16.927899077064115, "params": {"eta": 0.01, "max_depth": 14.231515407290154, "n_estimators": 32.68785475479247}, "datetime": {"datetime": "2021-09-21 13:35:28", "elapsed": 590.903363, "delta": 2.914081}}
{"target": -2.6218229243629856, "params": {"eta": 0.5326039076560762, "max_depth": 13.220592605399379, "n_estimators": 33.04618500937749}, "datetime": {"datetime": "2021-09-21 13:35:32", "elapsed": 594.661404, "delta": 3.758041}}
{"target": -2.376694735727812, "params": {"eta": 0.1705107632771985, "max_depth": 19.84121039837998, "n_estimators": 38.112240267403436}, "datetime": {"datetime": "2021-09-21 13:35:37", "elapsed": 599.464298, "delta": 4.802894}}
{"target": -3.3365586067500868, "params": {"eta": 0.8160745671178277, "max_depth": 10.429346382334188, "n_estimators": 41.54924950736131}, "datetime": {"datetime": "2021-09-21 13:35:41", "elapsed": 603.011716, "delta": 3.547418}}
{"target": -3.6747848830725016, "params": {"eta": 0.9339518582454123, "max_depth": 13.316147161341298, "n_estimators": 32.12489990211243}, "datetime": {"datetime": "2021-09-21 13:35:44", "elapsed": 606.053753, "delta": 3.042037}}
{"target": -3.5158049461088687, "params": {"eta": 0.919107237005343, "max_depth": 20.566580674182255, "n_estimators": 36.958768435712855}, "datetime": {"datetime": "2021-09-21 13:35:47", "elapsed": 609.460517, "delta": 3.406764}}
{"target": -2.366750282362888, "params": {"eta": 0.16128048764961528, "max_depth": 22.624191389203975, "n_estimators": 37.0687698343745}, "datetime": {"datetime": "2021-09-21 13:35:51", "elapsed": 613.103582, "delta": 3.643065}}
{"target": -7.356208939928757, "params": {"eta": 0.03270984424780827, "max_depth": 22.415742978089142, "n_estimators": 37.87849993642143}, "datetime": {"datetime": "2021-09-21 13:35:55", "elapsed": 617.028261, "delta": 3.924679}}
{"target": -3.4669638280805786, "params": {"eta": 0.9882642544750303, "max_depth": 27.59402824081395, "n_estimators": 58.119532721058825}, "datetime": {"datetime": "2021-09-21 13:35:58", "elapsed": 620.375865, "delta": 3.347604}}
{"target": -2.427781879901886, "params": {"eta": 0.26954146474301527, "max_depth": 14.992057356785217, "n_estimators": 34.44330979827764}, "datetime": {"datetime": "2021-09-21 13:36:03", "elapsed": 625.323966, "delta": 4.948101}}
{"target": -3.8004750962320126, "params": {"eta": 0.9513947930439671, "max_depth": 10.779138195563702, "n_estimators": 43.84513428270614}, "datetime": {"datetime": "2021-09-21 13:36:07", "elapsed": 628.999554, "delta": 3.675588}}
{"target": -3.249788789372695, "params": {"eta": 0.7529658439981621, "max_depth": 28.952257934204955, "n_estimators": 17.82853218370031}, "datetime": {"datetime": "2021-09-21 13:36:10", "elapsed": 632.045777, "delta": 3.046223}}
{"target": -3.023206210136413, "params": {"eta": 0.07158761664153554, "max_depth": 22.40251778002219, "n_estimators": 34.44145439049739}, "datetime": {"datetime": "2021-09-21 13:36:14", "elapsed": 636.551166, "delta": 4.505389}}
{"target": -3.0148065247033773, "params": {"eta": 0.691700250308095, "max_depth": 17.950668039672305, "n_estimators": 36.67238769407561}, "datetime": {"datetime": "2021-09-21 13:36:19", "elapsed": 641.103549, "delta": 4.552383}}
{"target": -2.620233772302929, "params": {"eta": 0.06080745670712182, "max_depth": 12.28520180326097, "n_estimators": 48.56663347845008}, "datetime": {"datetime": "2021-09-21 13:36:22", "elapsed": 644.1432, "delta": 3.039651}}
{"target": -4.333745888032412, "params": {"eta": 0.1582859036979615, "max_depth": 29.6639184920254, "n_estimators": 11.05506820076104}, "datetime": {"datetime": "2021-09-21 13:36:23", "elapsed": 645.736347, "delta": 1.593147}}
{"target": -3.267520861249221, "params": {"eta": 0.792359095792234, "max_depth": 12.091880559033832, "n_estimators": 48.86370722928355}, "datetime": {"datetime": "2021-09-21 13:36:28", "elapsed": 650.703386, "delta": 4.967039}}
{"target": -2.253990524066122, "params": {"eta": 0.14288138468169348, "max_depth": 21.072347302955656, "n_estimators": 38.45198990660009}, "datetime": {"datetime": "2021-09-21 13:36:34", "elapsed": 656.190328, "delta": 5.486942}}
{"target": -3.0966406276351526, "params": {"eta": 0.735234134135525, "max_depth": 23.812769946408178, "n_estimators": 57.23162284650717}, "datetime": {"datetime": "2021-09-21 13:36:36", "elapsed": 658.744519, "delta": 2.554191}}
{"target": -4.2717547341396935, "params": {"eta": 0.3930448137970878, "max_depth": 6.403944274098065, "n_estimators": 4.164026299494432}, "datetime": {"datetime": "2021-09-21 13:36:39", "elapsed": 660.950571, "delta": 2.206052}}
{"target": -2.982629001140594, "params": {"eta": 0.743232561922486, "max_depth": 21.472795151085144, "n_estimators": 38.95311695086276}, "datetime": {"datetime": "2021-09-21 13:36:43", "elapsed": 665.487678, "delta": 4.537107}}
{"target": -2.3226101787466753, "params": {"eta": 0.18322532668416214, "max_depth": 15.404064436400262, "n_estimators": 39.26141010773932}, "datetime": {"datetime": "2021-09-21 13:36:48", "elapsed": 670.483406, "delta": 4.995728}}
{"target": -15.677379472789013, "params": {"eta": 0.01, "max_depth": 15.365507190078288, "n_estimators": 40.04151954305423}, "datetime": {"datetime": "2021-09-21 13:36:52", "elapsed": 674.7401, "delta": 4.256694}}
{"target": -3.172355020046234, "params": {"eta": 0.7456305708686453, "max_depth": 15.123789449992216, "n_estimators": 39.115431965359974}, "datetime": {"datetime": "2021-09-21 13:36:56", "elapsed": 678.741752, "delta": 4.001652}}
{"target": -3.1274463898257205, "params": {"eta": 0.7151354785600182, "max_depth": 16.15463676327792, "n_estimators": 39.06839028424978}, "datetime": {"datetime": "2021-09-21 13:37:00", "elapsed": 682.33986, "delta": 3.598108}}
{"target": -2.4460968914784886, "params": {"eta": 0.29892217269143406, "max_depth": 14.634055563077036, "n_estimators": 38.33635371062179}, "datetime": {"datetime": "2021-09-21 13:37:07", "elapsed": 689.027524, "delta": 6.687664}}
{"target": -3.808292680351358, "params": {"eta": 0.9208771781355833, "max_depth": 28.35101197686179, "n_estimators": 59.639482041827286}, "datetime": {"datetime": "2021-09-21 13:37:10", "elapsed": 692.437991, "delta": 3.410467}}
{"target": -3.445226468224275, "params": {"eta": 0.9607371135871206, "max_depth": 21.32390013097892, "n_estimators": 54.732135127250174}, "datetime": {"datetime": "2021-09-21 13:37:15", "elapsed": 697.05164, "delta": 4.613649}}
{"target": -2.307874421696914, "params": {"eta": 0.16479649762904883, "max_depth": 15.378126945531264, "n_estimators": 38.499815076930474}, "datetime": {"datetime": "2021-09-21 13:37:21", "elapsed": 703.586999, "delta": 6.535359}}
{"target": -10.564696764318565, "params": {"eta": 0.022002384773761343, "max_depth": 17.808327923618254, "n_estimators": 37.48730435334897}, "datetime": {"datetime": "2021-09-21 13:37:24", "elapsed": 706.860058, "delta": 3.273059}}
{"target": -3.458758540529954, "params": {"eta": 0.9733061711981864, "max_depth": 15.172268840903754, "n_estimators": 33.24352753214058}, "datetime": {"datetime": "2021-09-21 13:37:29", "elapsed": 711.878981, "delta": 5.018923}}
{"target": -2.323207065933629, "params": {"eta": 0.14007949727524543, "max_depth": 23.53798829689071, "n_estimators": 37.19899468060136}, "datetime": {"datetime": "2021-09-21 13:37:35", "elapsed": 717.018693, "delta": 5.139712}}
{"target": -3.5986112513040243, "params": {"eta": 0.9493828773688998, "max_depth": 12.727239066196837, "n_estimators": 49.905566149666605}, "datetime": {"datetime": "2021-09-21 13:37:38", "elapsed": 720.655075, "delta": 3.636382}}
{"target": -2.3030704956305654, "params": {"eta": 0.14712162657735148, "max_depth": 24.75685818967213, "n_estimators": 34.900994961436595}, "datetime": {"datetime": "2021-09-21 13:37:44", "elapsed": 725.99926, "delta": 5.344185}}
{"target": -3.68860578599729, "params": {"eta": 0.9926691753692573, "max_depth": 19.04475830875589, "n_estimators": 37.20542796989765}, "datetime": {"datetime": "2021-09-21 13:37:47", "elapsed": 729.551002, "delta": 3.551742}}
{"target": -2.262126898765564, "params": {"eta": 0.14203787396860945, "max_depth": 29.32793256023137, "n_estimators": 58.3644514798849}, "datetime": {"datetime": "2021-09-21 13:37:54", "elapsed": 736.87352, "delta": 7.322518}}
{"target": -3.739038272280442, "params": {"eta": 0.9493221809824927, "max_depth": 29.3813889116501, "n_estimators": 58.43254418683534}, "datetime": {"datetime": "2021-09-21 13:37:59", "elapsed": 741.232766, "delta": 4.359246}}
{"target": -2.8418492016039396, "params": {"eta": 0.6160096420226201, "max_depth": 28.843121436825776, "n_estimators": 57.57010430580302}, "datetime": {"datetime": "2021-09-21 13:38:03", "elapsed": 745.059235, "delta": 3.826469}}
{"target": -2.7268982328866658, "params": {"eta": 0.23223696102033, "max_depth": 2.0209051369640676, "n_estimators": 51.196321226473785}, "datetime": {"datetime": "2021-09-21 13:38:05", "elapsed": 747.144324, "delta": 2.085089}}
{"target": -3.8332620488969895, "params": {"eta": 0.9317494790164897, "max_depth": 28.07174932625219, "n_estimators": 19.630540924142707}, "datetime": {"datetime": "2021-09-21 13:38:08", "elapsed": 750.447159, "delta": 3.302835}}
