{"target": -12.081563513688943, "params": {"eta": 0.4498349611422818, "max_depth": 22.55097191944198, "n_estimators": 44.29380431728045}, "datetime": {"datetime": "2021-09-27 18:51:12", "elapsed": 598.048648, "delta": 2.521583}}
{"target": -93.84552310309424, "params": {"eta": 0.001, "max_depth": 8.087550328979157, "n_estimators": 38.05889414772108}, "datetime": {"datetime": "2021-09-27 18:51:15", "elapsed": 600.945942, "delta": 2.897294}}
{"target": -14.154363165890715, "params": {"eta": 0.799827995172229, "max_depth": 8.42836330605261, "n_estimators": 38.82363133731063}, "datetime": {"datetime": "2021-09-27 18:51:18", "elapsed": 604.305544, "delta": 3.359602}}
{"target": -93.65875255865058, "params": {"eta": 0.001, "max_depth": 26.472912118677822, "n_estimators": 40.00479625058268}, "datetime": {"datetime": "2021-09-27 18:51:22", "elapsed": 608.170732, "delta": 3.865188}}
{"target": -17.094786920346035, "params": {"eta": 0.9933696638606346, "max_depth": 20.503304188322748, "n_estimators": 10.508640673349161}, "datetime": {"datetime": "2021-09-27 18:51:24", "elapsed": 610.182205, "delta": 2.011473}}
{"target": -18.421362199048698, "params": {"eta": 0.9321678441759443, "max_depth": 26.227810025662276, "n_estimators": 41.262446330572814}, "datetime": {"datetime": "2021-09-27 18:51:28", "elapsed": 614.585232, "delta": 4.403027}}
{"target": -10.995393189347604, "params": {"eta": 0.3419872675638526, "max_depth": 28.26683579027573, "n_estimators": 18.980456020740924}, "datetime": {"datetime": "2021-09-27 18:51:32", "elapsed": 617.992187, "delta": 3.406955}}
{"target": -10.550222478376007, "params": {"eta": 0.09163219442339904, "max_depth": 25.914949939190052, "n_estimators": 36.601498946895724}, "datetime": {"datetime": "2021-09-27 18:51:35", "elapsed": 621.305669, "delta": 3.313482}}
{"target": -10.535382249773106, "params": {"eta": 0.12415707489173247, "max_depth": 26.717428309066733, "n_estimators": 41.71161087243488}, "datetime": {"datetime": "2021-09-27 18:51:40", "elapsed": 626.674435, "delta": 5.368766}}
{"target": -16.252017928766936, "params": {"eta": 0.8203155159442628, "max_depth": 25.836069546869794, "n_estimators": 44.4648709330468}, "datetime": {"datetime": "2021-09-27 18:51:44", "elapsed": 630.422589, "delta": 3.748154}}
{"target": -14.779787385110266, "params": {"eta": 1.0, "max_depth": 3.3646389460578177, "n_estimators": 24.1518055143019}, "datetime": {"datetime": "2021-09-27 18:51:47", "elapsed": 633.543842, "delta": 3.121253}}
{"target": -72.01955403001307, "params": {"eta": 0.03993455771356748, "max_depth": 1.8136485261883006, "n_estimators": 7.877529741213246}, "datetime": {"datetime": "2021-09-27 18:51:49", "elapsed": 635.294072, "delta": 1.75023}}
{"target": -16.763222798827268, "params": {"eta": 1.0, "max_depth": 9.27468523661429, "n_estimators": 38.31661953335915}, "datetime": {"datetime": "2021-09-27 18:51:53", "elapsed": 639.104114, "delta": 3.810042}}
{"target": -16.46678257771541, "params": {"eta": 0.9055961678555308, "max_depth": 28.103280792053113, "n_estimators": 20.012858114333792}, "datetime": {"datetime": "2021-09-27 18:51:56", "elapsed": 642.834341, "delta": 3.730227}}
{"target": -36.339633835749474, "params": {"eta": 0.15171912334456206, "max_depth": 24.007248810030305, "n_estimators": 6.409105669622802}, "datetime": {"datetime": "2021-09-27 18:51:59", "elapsed": 645.349619, "delta": 2.515278}}
{"target": -13.68005364871089, "params": {"eta": 0.8714694252176958, "max_depth": 2.553366330453556, "n_estimators": 43.56403080273004}, "datetime": {"datetime": "2021-09-27 18:52:03", "elapsed": 649.810726, "delta": 4.461107}}
{"target": -17.709054822673544, "params": {"eta": 0.9409182820446493, "max_depth": 10.399879777617567, "n_estimators": 40.23071805406063}, "datetime": {"datetime": "2021-09-27 18:52:08", "elapsed": 654.665669, "delta": 4.854943}}
{"target": -20.333973373319733, "params": {"eta": 0.05372325021670902, "max_depth": 6.789857385196784, "n_estimators": 30.784243438399713}, "datetime": {"datetime": "2021-09-27 18:52:11", "elapsed": 657.706202, "delta": 3.040533}}
{"target": -15.13439447608373, "params": {"eta": 0.806001742479944, "max_depth": 26.63623177372919, "n_estimators": 14.265124423244865}, "datetime": {"datetime": "2021-09-27 18:52:16", "elapsed": 662.35023, "delta": 4.644028}}
{"target": -92.91529144722934, "params": {"eta": 0.001, "max_depth": 10.126586922757413, "n_estimators": 48.815234487186565}, "datetime": {"datetime": "2021-09-27 18:52:19", "elapsed": 665.702405, "delta": 3.352175}}
{"target": -16.945034306369056, "params": {"eta": 1.0, "max_depth": 10.392925090481423, "n_estimators": 50.0}, "datetime": {"datetime": "2021-09-27 18:52:24", "elapsed": 670.037514, "delta": 4.335109}}
{"target": -15.70955375639104, "params": {"eta": 0.980770777991006, "max_depth": 9.54271481200687, "n_estimators": 49.708003778419624}, "datetime": {"datetime": "2021-09-27 18:52:29", "elapsed": 675.65485, "delta": 5.617336}}
{"target": -94.50208701695578, "params": {"eta": 0.001, "max_depth": 5.925784225562284, "n_estimators": 31.83112765959789}, "datetime": {"datetime": "2021-09-27 18:52:32", "elapsed": 678.709737, "delta": 3.054887}}
{"target": -14.611850250679304, "params": {"eta": 0.7260220769010367, "max_depth": 25.319282954102366, "n_estimators": 42.87904180630143}, "datetime": {"datetime": "2021-09-27 18:52:36", "elapsed": 682.297393, "delta": 3.587656}}
{"target": -16.984671619728527, "params": {"eta": 0.9146816205648103, "max_depth": 10.752982852547674, "n_estimators": 8.927496547771383}, "datetime": {"datetime": "2021-09-27 18:52:38", "elapsed": 684.572988, "delta": 2.275595}}
{"target": -12.424362611618955, "params": {"eta": 0.5836651301259866, "max_depth": 3.673897278008127, "n_estimators": 15.250696676955453}, "datetime": {"datetime": "2021-09-27 18:52:41", "elapsed": 687.094867, "delta": 2.521879}}
{"target": -12.048518102632814, "params": {"eta": 0.09079398072014158, "max_depth": 4.485073574168474, "n_estimators": 31.75388894273798}, "datetime": {"datetime": "2021-09-27 18:52:45", "elapsed": 691.784322, "delta": 4.689455}}
{"target": -13.032175236794394, "params": {"eta": 0.6168292240302716, "max_depth": 4.574054875453612, "n_estimators": 32.409747244435884}, "datetime": {"datetime": "2021-09-27 18:52:50", "elapsed": 696.567101, "delta": 4.782779}}
{"target": -11.734551885976488, "params": {"eta": 0.673511115510858, "max_depth": 3.8476438916637172, "n_estimators": 31.307984564084588}, "datetime": {"datetime": "2021-09-27 18:52:53", "elapsed": 699.773412, "delta": 3.206311}}
{"target": -16.891930967738165, "params": {"eta": 0.9695321688653383, "max_depth": 16.770957582019598, "n_estimators": 46.70852831621973}, "datetime": {"datetime": "2021-09-27 18:52:57", "elapsed": 703.556699, "delta": 3.783287}}
{"target": -18.39409866391405, "params": {"eta": 0.9216369016422312, "max_depth": 26.484020290619934, "n_estimators": 47.64067556554321}, "datetime": {"datetime": "2021-09-27 18:53:02", "elapsed": 708.879345, "delta": 5.322646}}
{"target": -12.463055883670227, "params": {"eta": 0.5169041104146157, "max_depth": 4.126797958622103, "n_estimators": 16.319205350297317}, "datetime": {"datetime": "2021-09-27 18:53:07", "elapsed": 713.55829, "delta": 4.678945}}
{"target": -36.490829783082575, "params": {"eta": 0.021944617894235668, "max_depth": 11.289093191451624, "n_estimators": 45.46627544211008}, "datetime": {"datetime": "2021-09-27 18:53:12", "elapsed": 717.94687, "delta": 4.38858}}
{"target": -11.48551106720019, "params": {"eta": 0.2698700835315018, "max_depth": 3.5618450985715304, "n_estimators": 27.657795257155403}, "datetime": {"datetime": "2021-09-27 18:53:16", "elapsed": 722.490692, "delta": 4.543822}}
{"target": -18.808264382849703, "params": {"eta": 1.0, "max_depth": 7.950593082121152, "n_estimators": 40.659859139278204}, "datetime": {"datetime": "2021-09-27 18:53:22", "elapsed": 727.914009, "delta": 5.423317}}
{"target": -39.483707700745704, "params": {"eta": 0.022607542038984654, "max_depth": 10.783723031784323, "n_estimators": 40.722684318262594}, "datetime": {"datetime": "2021-09-27 18:53:26", "elapsed": 732.135391, "delta": 4.221382}}
{"target": -10.425858557993692, "params": {"eta": 0.11823325621345415, "max_depth": 17.662988059322565, "n_estimators": 46.752361115894495}, "datetime": {"datetime": "2021-09-27 18:53:31", "elapsed": 737.204063, "delta": 5.068672}}
{"target": -53.632571261686564, "params": {"eta": 0.06378455979800887, "max_depth": 10.330395429577594, "n_estimators": 9.32661111543394}, "datetime": {"datetime": "2021-09-27 18:53:36", "elapsed": 742.019646, "delta": 4.815583}}
{"target": -15.859325421108153, "params": {"eta": 0.900185894051078, "max_depth": 10.951200379604371, "n_estimators": 9.965327678493981}, "datetime": {"datetime": "2021-09-27 18:53:39", "elapsed": 745.746454, "delta": 3.726808}}
{"target": -17.863655892516057, "params": {"eta": 0.9374198110647203, "max_depth": 19.497764379348922, "n_estimators": 28.413049448471547}, "datetime": {"datetime": "2021-09-27 18:53:45", "elapsed": 750.92783, "delta": 5.181376}}
{"target": -34.71025845180058, "params": {"eta": 0.03628478289613544, "max_depth": 4.144771614321298, "n_estimators": 28.426262907218362}, "datetime": {"datetime": "2021-09-27 18:53:49", "elapsed": 755.001938, "delta": 4.074108}}
{"target": -72.08809353564676, "params": {"eta": 0.00666763548556188, "max_depth": 17.23103310046592, "n_estimators": 45.480631529675605}, "datetime": {"datetime": "2021-09-27 18:53:51", "elapsed": 757.35421, "delta": 2.352272}}
{"target": -11.480561388697899, "params": {"eta": 0.255873394468505, "max_depth": 5.9956405575834815, "n_estimators": 24.697762485656302}, "datetime": {"datetime": "2021-09-27 18:53:54", "elapsed": 760.541621, "delta": 3.187411}}
{"target": -16.149560592110802, "params": {"eta": 0.9681207591443636, "max_depth": 28.547340566719452, "n_estimators": 18.395868823584404}, "datetime": {"datetime": "2021-09-27 18:53:57", "elapsed": 763.752609, "delta": 3.210988}}
{"target": -13.318718053560191, "params": {"eta": 0.7088943996221883, "max_depth": 10.580805507501005, "n_estimators": 20.627592707966695}, "datetime": {"datetime": "2021-09-27 18:54:02", "elapsed": 768.52039, "delta": 4.767781}}
{"target": -14.04087352288989, "params": {"eta": 0.29414055451400184, "max_depth": 1.7296567126591977, "n_estimators": 43.5610507772147}, "datetime": {"datetime": "2021-09-27 18:54:07", "elapsed": 773.699804, "delta": 5.179414}}
{"target": -32.63719541630161, "params": {"eta": 0.023023824876719865, "max_depth": 22.982582304560022, "n_estimators": 48.59874958893414}, "datetime": {"datetime": "2021-09-27 18:54:10", "elapsed": 776.690103, "delta": 2.990299}}
{"target": -10.16746628098323, "params": {"eta": 0.0831826179570086, "max_depth": 17.589419274958093, "n_estimators": 49.93694498425963}, "datetime": {"datetime": "2021-09-27 18:54:13", "elapsed": 779.349925, "delta": 2.659822}}
{"target": -11.079271963649443, "params": {"eta": 0.24361028480380337, "max_depth": 18.397143085800984, "n_estimators": 49.73714257711421}, "datetime": {"datetime": "2021-09-27 18:54:18", "elapsed": 784.779108, "delta": 5.429183}}
{"target": -11.195646741797729, "params": {"eta": 0.2936559493041579, "max_depth": 21.582195500661943, "n_estimators": 49.659699381250945}, "datetime": {"datetime": "2021-09-27 18:54:26", "elapsed": 792.440875, "delta": 7.661767}}
{"target": -17.193861598510544, "params": {"eta": 1.0, "max_depth": 11.496217931855593, "n_estimators": 20.845984654612867}, "datetime": {"datetime": "2021-09-27 18:54:34", "elapsed": 800.110714, "delta": 7.669839}}
{"target": -11.335111970870322, "params": {"eta": 0.07510953093959785, "max_depth": 16.817330343800393, "n_estimators": 36.11571555195475}, "datetime": {"datetime": "2021-09-27 18:54:42", "elapsed": 808.271276, "delta": 8.160562}}
{"target": -10.729988852556364, "params": {"eta": 0.13831276619630523, "max_depth": 16.277695534288718, "n_estimators": 46.81751864430211}, "datetime": {"datetime": "2021-09-27 18:54:48", "elapsed": 814.00481, "delta": 5.733534}}
{"target": -11.341678171398687, "params": {"eta": 0.29736160973845943, "max_depth": 14.063269789022236, "n_estimators": 9.026864548770751}, "datetime": {"datetime": "2021-09-27 18:54:51", "elapsed": 817.408224, "delta": 3.403414}}
{"target": -94.69406604347161, "params": {"eta": 0.002064355307779396, "max_depth": 10.094877045128174, "n_estimators": 14.41582975852854}, "datetime": {"datetime": "2021-09-27 18:54:54", "elapsed": 820.422045, "delta": 3.013821}}
{"target": -13.526292483590542, "params": {"eta": 0.9424807549489175, "max_depth": 3.653917388943007, "n_estimators": 29.979469609669373}, "datetime": {"datetime": "2021-09-27 18:54:58", "elapsed": 824.633724, "delta": 4.211679}}
{"target": -11.638203318490133, "params": {"eta": 0.3061061142620144, "max_depth": 27.739073581705014, "n_estimators": 47.90181022713339}, "datetime": {"datetime": "2021-09-27 18:55:05", "elapsed": 831.853693, "delta": 7.219969}}
{"target": -16.35903642965552, "params": {"eta": 0.8637928927091142, "max_depth": 5.353843813790968, "n_estimators": 24.39969898607367}, "datetime": {"datetime": "2021-09-27 18:55:10", "elapsed": 836.193968, "delta": 4.340275}}
{"target": -11.123004481774123, "params": {"eta": 0.3445694698490723, "max_depth": 27.13245151300247, "n_estimators": 10.100272054900882}, "datetime": {"datetime": "2021-09-27 18:55:15", "elapsed": 841.335164, "delta": 5.141196}}
{"target": -14.39020018094131, "params": {"eta": 0.4572412742785177, "max_depth": 1.6651429459343596, "n_estimators": 44.70313257787073}, "datetime": {"datetime": "2021-09-27 18:55:18", "elapsed": 844.01782, "delta": 2.682656}}
{"target": -10.30760027347572, "params": {"eta": 0.20720697428567958, "max_depth": 17.393182727380168, "n_estimators": 32.92373944602102}, "datetime": {"datetime": "2021-09-27 18:55:22", "elapsed": 848.081582, "delta": 4.063762}}
{"target": -10.806372644539811, "params": {"eta": 0.18377406822578937, "max_depth": 16.767978858873636, "n_estimators": 20.560699686829672}, "datetime": {"datetime": "2021-09-27 18:55:25", "elapsed": 851.341532, "delta": 3.25995}}
{"target": -11.749192857020958, "params": {"eta": 0.34353654001843115, "max_depth": 24.7357666403254, "n_estimators": 8.85701578156123}, "datetime": {"datetime": "2021-09-27 18:55:28", "elapsed": 853.900216, "delta": 2.558684}}
{"target": -12.98927883383402, "params": {"eta": 0.6025163859039936, "max_depth": 17.369747155600635, "n_estimators": 33.0527487572689}, "datetime": {"datetime": "2021-09-27 18:55:32", "elapsed": 858.690092, "delta": 4.789876}}
{"target": -12.13545247576295, "params": {"eta": 0.42558529673855644, "max_depth": 16.70406488892337, "n_estimators": 33.02029644547223}, "datetime": {"datetime": "2021-09-27 18:55:38", "elapsed": 864.4004, "delta": 5.710308}}
{"target": -11.187911329476172, "params": {"eta": 0.41544304347044286, "max_depth": 25.301074160494913, "n_estimators": 36.567066528151024}, "datetime": {"datetime": "2021-09-27 18:55:45", "elapsed": 870.906202, "delta": 6.505802}}
{"target": -10.18255305758987, "params": {"eta": 0.1735383985644149, "max_depth": 17.373681199291845, "n_estimators": 33.5434689435047}, "datetime": {"datetime": "2021-09-27 18:55:51", "elapsed": 877.146612, "delta": 6.24041}}
{"target": -12.686803030734383, "params": {"eta": 0.4994687917507994, "max_depth": 16.385664662837026, "n_estimators": 36.69560031043399}, "datetime": {"datetime": "2021-09-27 18:55:55", "elapsed": 881.39349, "delta": 4.246878}}
{"target": -13.045372670498912, "params": {"eta": 0.38311886079538315, "max_depth": 2.2692191229980248, "n_estimators": 44.09644326698263}, "datetime": {"datetime": "2021-09-27 18:56:00", "elapsed": 886.26719, "delta": 4.8737}}
{"target": -10.013750240448418, "params": {"eta": 0.09066796404128737, "max_depth": 25.493731645744706, "n_estimators": 43.64394916775474}, "datetime": {"datetime": "2021-09-27 18:56:06", "elapsed": 892.726032, "delta": 6.458842}}
{"target": -81.94821098973726, "params": {"eta": 0.15937335657468787, "max_depth": 24.274888300080487, "n_estimators": 1.753388403747058}, "datetime": {"datetime": "2021-09-27 18:56:09", "elapsed": 895.038583, "delta": 2.312551}}
{"target": -10.275000741890638, "params": {"eta": 0.08015891296741341, "max_depth": 11.99332684892364, "n_estimators": 47.00185120491755}, "datetime": {"datetime": "2021-09-27 18:56:12", "elapsed": 897.993446, "delta": 2.954863}}
{"target": -13.426774722081591, "params": {"eta": 0.599155382921793, "max_depth": 9.022361809625098, "n_estimators": 39.11710787040147}, "datetime": {"datetime": "2021-09-27 18:56:18", "elapsed": 904.488314, "delta": 6.494868}}
{"target": -11.483631477218166, "params": {"eta": 0.3692237290072494, "max_depth": 20.454179661521028, "n_estimators": 15.00577469551269}, "datetime": {"datetime": "2021-09-27 18:56:21", "elapsed": 907.78026, "delta": 3.291946}}
{"target": -11.130585795390834, "params": {"eta": 0.3740527513535176, "max_depth": 28.884356846315107, "n_estimators": 10.384168375784437}, "datetime": {"datetime": "2021-09-27 18:56:24", "elapsed": 910.594467, "delta": 2.814207}}
{"target": -10.529505191686146, "params": {"eta": 0.2906677260441535, "max_depth": 11.585923227462954, "n_estimators": 46.502239437416}, "datetime": {"datetime": "2021-09-27 18:56:30", "elapsed": 916.308282, "delta": 5.713815}}
{"target": -62.60736937525863, "params": {"eta": 0.008961824075859007, "max_depth": 22.63536492010703, "n_estimators": 49.86324200916291}, "datetime": {"datetime": "2021-09-27 18:56:36", "elapsed": 922.02843, "delta": 5.720148}}
{"target": -93.00790833854211, "params": {"eta": 0.001, "max_depth": 27.08568795015093, "n_estimators": 47.73770990211776}, "datetime": {"datetime": "2021-09-27 18:56:41", "elapsed": 927.506254, "delta": 5.477824}}
{"target": -14.683720393003524, "params": {"eta": 0.8131873366554317, "max_depth": 27.72457193568393, "n_estimators": 48.10430558343563}, "datetime": {"datetime": "2021-09-27 18:56:48", "elapsed": 933.903956, "delta": 6.397702}}
{"target": -14.137997725816456, "params": {"eta": 0.5788938196732066, "max_depth": 27.0194268094052, "n_estimators": 46.73517707807372}, "datetime": {"datetime": "2021-09-27 18:56:54", "elapsed": 940.471713, "delta": 6.567757}}
{"target": -12.481952126757493, "params": {"eta": 0.5061256040656923, "max_depth": 8.866789685153686, "n_estimators": 40.384817765614805}, "datetime": {"datetime": "2021-09-27 18:56:57", "elapsed": 943.615936, "delta": 3.144223}}
{"target": -14.692434226417944, "params": {"eta": 0.8858526466773385, "max_depth": 3.7574795901763673, "n_estimators": 27.263444827565426}, "datetime": {"datetime": "2021-09-27 18:57:03", "elapsed": 949.85407, "delta": 6.238134}}
{"target": -10.33271029120844, "params": {"eta": 0.08945597495555992, "max_depth": 13.114389140082862, "n_estimators": 35.14446655198691}, "datetime": {"datetime": "2021-09-27 18:57:07", "elapsed": 953.024288, "delta": 3.170218}}
{"target": -10.972328682967522, "params": {"eta": 0.17011885266701823, "max_depth": 4.8219739426503825, "n_estimators": 42.32049125929052}, "datetime": {"datetime": "2021-09-27 18:57:13", "elapsed": 959.869387, "delta": 6.845099}}
{"target": -13.883920752402872, "params": {"eta": 0.715788630341939, "max_depth": 5.071511044221713, "n_estimators": 41.84642932430217}, "datetime": {"datetime": "2021-09-27 18:57:20", "elapsed": 966.33398, "delta": 6.464593}}
{"target": -12.410375454182265, "params": {"eta": 0.4832226590673518, "max_depth": 8.323539399386041, "n_estimators": 40.13354308169553}, "datetime": {"datetime": "2021-09-27 18:57:27", "elapsed": 973.295327, "delta": 6.961347}}
{"target": -10.932079629235417, "params": {"eta": 0.1784413940813881, "max_depth": 17.050261834955002, "n_estimators": 33.18819514777203}, "datetime": {"datetime": "2021-09-27 18:57:33", "elapsed": 979.055273, "delta": 5.759946}}
{"target": -11.11452170945498, "params": {"eta": 0.3195015790553114, "max_depth": 11.079182456014088, "n_estimators": 14.289249957066955}, "datetime": {"datetime": "2021-09-27 18:57:35", "elapsed": 981.634303, "delta": 2.57903}}
{"target": -14.689663297907686, "params": {"eta": 0.6807198413863585, "max_depth": 26.79266456427148, "n_estimators": 18.526195931505818}, "datetime": {"datetime": "2021-09-27 18:57:38", "elapsed": 984.761833, "delta": 3.12753}}
{"target": -13.180533982901869, "params": {"eta": 0.5538652235011851, "max_depth": 25.818751035402588, "n_estimators": 37.385852183663225}, "datetime": {"datetime": "2021-09-27 18:57:45", "elapsed": 991.241072, "delta": 6.479239}}
{"target": -16.911800039409485, "params": {"eta": 0.9710622388794654, "max_depth": 22.800972826385035, "n_estimators": 27.036779022066735}, "datetime": {"datetime": "2021-09-27 18:57:48", "elapsed": 994.704147, "delta": 3.463075}}
{"target": -10.958311710370838, "params": {"eta": 0.4403166285797468, "max_depth": 26.881780414535143, "n_estimators": 48.79222105539249}, "datetime": {"datetime": "2021-09-27 18:57:54", "elapsed": 1000.235255, "delta": 5.531108}}
{"target": -13.097073147951047, "params": {"eta": 0.44714325879635886, "max_depth": 2.6748159719760087, "n_estimators": 27.751835333521704}, "datetime": {"datetime": "2021-09-27 18:57:59", "elapsed": 1005.668514, "delta": 5.433259}}
{"target": -64.47867421687162, "params": {"eta": 0.056884014990553254, "max_depth": 17.799983424456155, "n_estimators": 7.786352586515397}, "datetime": {"datetime": "2021-09-27 18:58:02", "elapsed": 1008.15063, "delta": 2.482116}}
{"target": -16.509852057546258, "params": {"eta": 0.8500002815197534, "max_depth": 26.660681957078374, "n_estimators": 48.49277985800423}, "datetime": {"datetime": "2021-09-27 18:58:08", "elapsed": 1014.338008, "delta": 6.187378}}
{"target": -15.88872934573106, "params": {"eta": 0.8672855053251546, "max_depth": 7.4817524974633, "n_estimators": 47.42915934256561}, "datetime": {"datetime": "2021-09-27 18:58:12", "elapsed": 1018.29037, "delta": 3.952362}}
