{"target": 0.8494889244552417, "params": {"eta": 0.1618091420342548, "max_depth": 7.488602519927997, "n_estimators": 25.910253681794938}, "datetime": {"datetime": "2021-09-17 19:06:11", "elapsed": 57.878897, "delta": 0.588001}}
{"target": 0.767763318122364, "params": {"eta": 0.10560205704373093, "max_depth": 21.71097763373339, "n_estimators": 21.54811389768947}, "datetime": {"datetime": "2021-09-17 19:06:12", "elapsed": 58.38212, "delta": 0.503223}}
{"target": 0.8374305110880822, "params": {"eta": 0.3081945014660595, "max_depth": 16.492998729846526, "n_estimators": 28.093275815680187}, "datetime": {"datetime": "2021-09-17 19:06:13", "elapsed": 59.108118, "delta": 0.725998}}
{"target": 0.8511891839058953, "params": {"eta": 0.1673173040548831, "max_depth": 5.094642856830393, "n_estimators": 27.015766474255184}, "datetime": {"datetime": "2021-09-17 19:06:13", "elapsed": 59.655117, "delta": 0.546999}}
{"target": 0.8087399810104088, "params": {"eta": 0.47871214217729463, "max_depth": 21.651218221363553, "n_estimators": 21.3547913261401}, "datetime": {"datetime": "2021-09-17 19:06:14", "elapsed": 60.425035, "delta": 0.769918}}
{"target": 0.8564349540977751, "params": {"eta": 0.24158035654142362, "max_depth": 6.128030333583467, "n_estimators": 26.488177357421705}, "datetime": {"datetime": "2021-09-17 19:06:14", "elapsed": 61.073037, "delta": 0.648002}}
{"target": 0.8341821946660857, "params": {"eta": 0.529818684103034, "max_depth": 16.6995032218707, "n_estimators": 27.884465211947774}, "datetime": {"datetime": "2021-09-17 19:06:15", "elapsed": 61.875037, "delta": 0.802}}
{"target": 0.7575120586170159, "params": {"eta": 0.7411610658475631, "max_depth": 10.395007070057222, "n_estimators": 29.545162535552436}, "datetime": {"datetime": "2021-09-17 19:06:16", "elapsed": 62.677298, "delta": 0.802261}}
{"target": 0.8551507480947681, "params": {"eta": 0.23508773448015408, "max_depth": 6.223799252098555, "n_estimators": 26.790753852746406}, "datetime": {"datetime": "2021-09-17 19:06:17", "elapsed": 63.186909, "delta": 0.509611}}
{"target": 0.8613454876208662, "params": {"eta": 0.2575407005138174, "max_depth": 6.001785405435226, "n_estimators": 26.258282645160943}, "datetime": {"datetime": "2021-09-17 19:06:17", "elapsed": 63.72791, "delta": 0.541001}}
{"target": 0.8003623393052086, "params": {"eta": 0.16834215549537196, "max_depth": 23.924737165124828, "n_estimators": 16.920129563215944}, "datetime": {"datetime": "2021-09-17 19:06:18", "elapsed": 64.331213, "delta": 0.603303}}
{"target": 0.8525231065368206, "params": {"eta": 0.37543558722957704, "max_depth": 6.272136919256598, "n_estimators": 26.083922421517457}, "datetime": {"datetime": "2021-09-17 19:06:18", "elapsed": 64.940574, "delta": 0.609361}}
{"target": 0.5659708666829859, "params": {"eta": 0.18915323661679262, "max_depth": 22.112878089969875, "n_estimators": 8.278507357755625}, "datetime": {"datetime": "2021-09-17 19:06:19", "elapsed": 65.552222, "delta": 0.611648}}
{"target": 0.8005660812541673, "params": {"eta": 0.7158720223459278, "max_depth": 23.343220441705064, "n_estimators": 16.874343736515904}, "datetime": {"datetime": "2021-09-17 19:06:20", "elapsed": 66.231446, "delta": 0.679224}}
{"target": 0.8642723079505601, "params": {"eta": 0.28418420556648993, "max_depth": 6.45942771894389, "n_estimators": 26.39606105972668}, "datetime": {"datetime": "2021-09-17 19:06:20", "elapsed": 66.939442, "delta": 0.707996}}
{"target": 0.8371272871721454, "params": {"eta": 0.13697537391938144, "max_depth": 6.6010875812948155, "n_estimators": 26.70723766847553}, "datetime": {"datetime": "2021-09-17 19:06:21", "elapsed": 67.561441, "delta": 0.621999}}
{"target": 0.8191178284251948, "params": {"eta": 0.508252667109222, "max_depth": 6.612514512324439, "n_estimators": 26.18935780649939}, "datetime": {"datetime": "2021-09-17 19:06:22", "elapsed": 68.216679, "delta": 0.655238}}
{"target": 0.8550384167770689, "params": {"eta": 0.23797324974240994, "max_depth": 6.035327782349869, "n_estimators": 25.88058363846095}, "datetime": {"datetime": "2021-09-17 19:06:22", "elapsed": 68.879683, "delta": 0.663004}}
{"target": 0.8304324273039548, "params": {"eta": 0.5192350507222947, "max_depth": 5.6802488712427746, "n_estimators": 23.704378581388525}, "datetime": {"datetime": "2021-09-17 19:06:23", "elapsed": 69.556676, "delta": 0.676993}}
{"target": 0.8393162487973822, "params": {"eta": 0.28590209822753476, "max_depth": 7.052680506334722, "n_estimators": 26.71554580661364}, "datetime": {"datetime": "2021-09-17 19:06:24", "elapsed": 70.144928, "delta": 0.588252}}
{"target": 0.8529876097513434, "params": {"eta": 0.4034747133604015, "max_depth": 6.35819746903884, "n_estimators": 26.48372029897188}, "datetime": {"datetime": "2021-09-17 19:06:24", "elapsed": 70.68373, "delta": 0.538802}}
{"target": 0.8459215326808849, "params": {"eta": 0.497453733489838, "max_depth": 5.972480769954588, "n_estimators": 26.13206547103142}, "datetime": {"datetime": "2021-09-17 19:06:25", "elapsed": 71.374729, "delta": 0.690999}}
{"target": 0.8510016965908234, "params": {"eta": 0.3351054173312431, "max_depth": 5.825540594767073, "n_estimators": 26.081500479554506}, "datetime": {"datetime": "2021-09-17 19:06:25", "elapsed": 71.957733, "delta": 0.583004}}
{"target": 0.8354094097171442, "params": {"eta": 0.40418503122625504, "max_depth": 13.066986469388592, "n_estimators": 7.438275978636719}, "datetime": {"datetime": "2021-09-17 19:06:26", "elapsed": 72.632262, "delta": 0.674529}}
{"target": 0.859006223700056, "params": {"eta": 0.2019232845728669, "max_depth": 6.859507571095977, "n_estimators": 27.057197433248895}, "datetime": {"datetime": "2021-09-17 19:06:27", "elapsed": 73.297258, "delta": 0.664996}}
{"target": 0.7625401842119013, "params": {"eta": 0.7777979087590572, "max_depth": 13.58316969652503, "n_estimators": 29.407944190989458}, "datetime": {"datetime": "2021-09-17 19:06:27", "elapsed": 74.017259, "delta": 0.720001}}
{"target": 0.8154597049613523, "params": {"eta": 0.5518861495474697, "max_depth": 12.242451957734374, "n_estimators": 23.57151200356016}, "datetime": {"datetime": "2021-09-17 19:06:28", "elapsed": 74.83083, "delta": 0.813571}}
{"target": 0.7649199831740523, "params": {"eta": 0.7821865640559438, "max_depth": 9.16667062033347, "n_estimators": 17.515130523101103}, "datetime": {"datetime": "2021-09-17 19:06:29", "elapsed": 75.42148, "delta": 0.59065}}
{"target": 0.820952337376715, "params": {"eta": 0.10281095518217949, "max_depth": 6.9508739135569115, "n_estimators": 26.92219227596079}, "datetime": {"datetime": "2021-09-17 19:06:29", "elapsed": 75.973476, "delta": 0.551996}}
{"target": 0.8243300944920101, "params": {"eta": 0.10489456866340913, "max_depth": 6.276424143097739, "n_estimators": 25.804722715089248}, "datetime": {"datetime": "2021-09-17 19:06:30", "elapsed": 76.688156, "delta": 0.71468}}
{"target": 0.8449328269789633, "params": {"eta": 0.4653728550647316, "max_depth": 24.671196028036466, "n_estimators": 18.73877048082599}, "datetime": {"datetime": "2021-09-17 19:06:31", "elapsed": 77.514151, "delta": 0.825995}}
{"target": 0.870668617274789, "params": {"eta": 0.4445991505687863, "max_depth": 6.039066609145563, "n_estimators": 25.88910123111759}, "datetime": {"datetime": "2021-09-17 19:06:32", "elapsed": 78.230183, "delta": 0.716032}}
{"target": 0.8678481301075442, "params": {"eta": 0.37311921078611554, "max_depth": 6.070933191059963, "n_estimators": 25.707556097985666}, "datetime": {"datetime": "2021-09-17 19:06:32", "elapsed": 78.974177, "delta": 0.743994}}
{"target": 0.8474231309596393, "params": {"eta": 0.3353150148531495, "max_depth": 19.48367406575273, "n_estimators": 9.700276583458496}, "datetime": {"datetime": "2021-09-17 19:06:33", "elapsed": 79.704185, "delta": 0.730008}}
{"target": 0.8571787711311094, "params": {"eta": 0.45734812410077075, "max_depth": 5.777339034813546, "n_estimators": 25.7649073896623}, "datetime": {"datetime": "2021-09-17 19:06:34", "elapsed": 80.4545, "delta": 0.750315}}
{"target": 0.7863806704036406, "params": {"eta": 0.6086216874939611, "max_depth": 6.01888770725399, "n_estimators": 25.606803648869388}, "datetime": {"datetime": "2021-09-17 19:06:35", "elapsed": 81.309502, "delta": 0.855002}}
{"target": 0.8697990125939509, "params": {"eta": 0.15741405093230007, "max_depth": 6.64082636027599, "n_estimators": 26.42049076820551}, "datetime": {"datetime": "2021-09-17 19:06:35", "elapsed": 82.062501, "delta": 0.752999}}
{"target": 0.8626608170638567, "params": {"eta": 0.17656271730098794, "max_depth": 6.278072036362883, "n_estimators": 26.313999438636007}, "datetime": {"datetime": "2021-09-17 19:06:36", "elapsed": 82.88572, "delta": 0.823219}}
{"target": 0.8046915558827971, "params": {"eta": 0.6959013527598696, "max_depth": 20.08720055363592, "n_estimators": 20.813933429398634}, "datetime": {"datetime": "2021-09-17 19:06:37", "elapsed": 83.739718, "delta": 0.853998}}
{"target": 0.854064271336872, "params": {"eta": 0.16016440522739156, "max_depth": 6.511051840365731, "n_estimators": 26.146459935567112}, "datetime": {"datetime": "2021-09-17 19:06:38", "elapsed": 84.570362, "delta": 0.830644}}
{"target": 0.830132260323275, "params": {"eta": 0.2849558958632575, "max_depth": 5.888941611415408, "n_estimators": 14.355157664364166}, "datetime": {"datetime": "2021-09-17 19:06:39", "elapsed": 85.265047, "delta": 0.694685}}
{"target": 0.8491831885815517, "params": {"eta": 0.18578737873312934, "max_depth": 6.1865541311662895, "n_estimators": 26.091049603773897}, "datetime": {"datetime": "2021-09-17 19:06:39", "elapsed": 85.990049, "delta": 0.725002}}
{"target": 0.8336686356248794, "params": {"eta": 0.4193370478678943, "max_depth": 6.775874128526135, "n_estimators": 27.22398644249413}, "datetime": {"datetime": "2021-09-17 19:06:40", "elapsed": 86.838774, "delta": 0.848725}}
{"target": 0.7717004243570758, "params": {"eta": 0.7704546106190645, "max_depth": 8.090782641224367, "n_estimators": 19.173085321305024}, "datetime": {"datetime": "2021-09-17 19:06:41", "elapsed": 87.622773, "delta": 0.783999}}
{"target": 0.8349270734064109, "params": {"eta": 0.11265627056911112, "max_depth": 6.44574537603773, "n_estimators": 26.429967917030698}, "datetime": {"datetime": "2021-09-17 19:06:42", "elapsed": 88.505445, "delta": 0.882672}}
{"target": 0.8665227898463119, "params": {"eta": 0.3647793100588501, "max_depth": 6.617739845773123, "n_estimators": 26.59810158504286}, "datetime": {"datetime": "2021-09-17 19:06:43", "elapsed": 89.159444, "delta": 0.653999}}
{"target": 0.8490472415505909, "params": {"eta": 0.14446752852814515, "max_depth": 5.988909427294528, "n_estimators": 25.59613189900005}, "datetime": {"datetime": "2021-09-17 19:06:43", "elapsed": 90.040444, "delta": 0.881}}
{"target": 0.8461625442756795, "params": {"eta": 0.26997465835369566, "max_depth": 20.875137981896877, "n_estimators": 17.895343875235348}, "datetime": {"datetime": "2021-09-17 19:06:44", "elapsed": 90.81978, "delta": 0.779336}}
{"target": 0.8450513953945072, "params": {"eta": 0.14670797894543824, "max_depth": 6.798484645960459, "n_estimators": 26.5188815202554}, "datetime": {"datetime": "2021-09-17 19:06:45", "elapsed": 91.572779, "delta": 0.752999}}
{"target": 0.8601530530017305, "params": {"eta": 0.32093610941975365, "max_depth": 5.601663954262773, "n_estimators": 25.777002114952833}, "datetime": {"datetime": "2021-09-17 19:06:46", "elapsed": 92.220588, "delta": 0.647809}}
{"target": 0.8495967890430214, "params": {"eta": 0.28275522423393623, "max_depth": 6.705825109386763, "n_estimators": 26.28512423134967}, "datetime": {"datetime": "2021-09-17 19:06:46", "elapsed": 92.944588, "delta": 0.724}}
{"target": 0.776985025181891, "params": {"eta": 0.6233330382567458, "max_depth": 5.479978619574295, "n_estimators": 25.719060552352758}, "datetime": {"datetime": "2021-09-17 19:06:47", "elapsed": 93.573594, "delta": 0.629006}}
{"target": 0.8386395377692801, "params": {"eta": 0.29602827969820855, "max_depth": 6.404328453492127, "n_estimators": 26.653722827324817}, "datetime": {"datetime": "2021-09-17 19:06:48", "elapsed": 94.552733, "delta": 0.979139}}
{"target": 0.8241760523802062, "params": {"eta": 0.11235999879521308, "max_depth": 5.704140117269312, "n_estimators": 25.947783971532164}, "datetime": {"datetime": "2021-09-17 19:06:49", "elapsed": 95.289761, "delta": 0.737028}}
{"target": 0.8705644595871442, "params": {"eta": 0.1476985235574142, "max_depth": 6.03415555217198, "n_estimators": 26.744577008787882}, "datetime": {"datetime": "2021-09-17 19:06:49", "elapsed": 95.96276, "delta": 0.672999}}
{"target": 0.8547624764399806, "params": {"eta": 0.2619740133706605, "max_depth": 5.873413158001393, "n_estimators": 25.788442651239098}, "datetime": {"datetime": "2021-09-17 19:06:50", "elapsed": 96.7209, "delta": 0.75814}}
{"target": 0.8660978396327658, "params": {"eta": 0.2687769362973824, "max_depth": 6.7054844984402, "n_estimators": 26.86931531863855}, "datetime": {"datetime": "2021-09-17 19:06:51", "elapsed": 97.472899, "delta": 0.751999}}
{"target": 0.8505413189600378, "params": {"eta": 0.268043509110643, "max_depth": 5.760491808086143, "n_estimators": 25.42707109206288}, "datetime": {"datetime": "2021-09-17 19:06:52", "elapsed": 98.208642, "delta": 0.735743}}
{"target": 0.8346085175872681, "params": {"eta": 0.24640436028367685, "max_depth": 15.435824762047906, "n_estimators": 19.573548154058088}, "datetime": {"datetime": "2021-09-17 19:06:52", "elapsed": 99.040638, "delta": 0.831996}}
{"target": 0.8518353373639123, "params": {"eta": 0.3164489959165949, "max_depth": 6.871909018025816, "n_estimators": 26.85645356701333}, "datetime": {"datetime": "2021-09-17 19:06:53", "elapsed": 100.027636, "delta": 0.986998}}
{"target": 0.8555148626815638, "params": {"eta": 0.24364335102181653, "max_depth": 6.527438759155935, "n_estimators": 26.922427932271333}, "datetime": {"datetime": "2021-09-17 19:06:54", "elapsed": 100.98622, "delta": 0.958584}}
{"target": 0.8378901935331045, "params": {"eta": 0.3497968633389067, "max_depth": 9.833386408949627, "n_estimators": 10.226599940976048}, "datetime": {"datetime": "2021-09-17 19:06:55", "elapsed": 101.766223, "delta": 0.780003}}
{"target": 0.788890522251172, "params": {"eta": 0.6717702539501749, "max_depth": 26.48984264423812, "n_estimators": 22.60669179449871}, "datetime": {"datetime": "2021-09-17 19:06:56", "elapsed": 102.658484, "delta": 0.892261}}
{"target": 0.8531384611917342, "params": {"eta": 0.19466874050406335, "max_depth": 8.325844856036559, "n_estimators": 18.991905504818998}, "datetime": {"datetime": "2021-09-17 19:06:57", "elapsed": 103.521486, "delta": 0.863002}}
{"target": 0.8450521697382332, "params": {"eta": 0.2734480678219492, "max_depth": 5.05635232025426, "n_estimators": 27.277513197880115}, "datetime": {"datetime": "2021-09-17 19:06:58", "elapsed": 104.200485, "delta": 0.678999}}
{"target": 0.8570375473101952, "params": {"eta": 0.43546791298546694, "max_depth": 6.2759492613656604, "n_estimators": 25.80096402099444}, "datetime": {"datetime": "2021-09-17 19:06:59", "elapsed": 105.333178, "delta": 1.132693}}
{"target": 0.8529810960491677, "params": {"eta": 0.29529782036254343, "max_depth": 6.238967638693429, "n_estimators": 25.53958214530563}, "datetime": {"datetime": "2021-09-17 19:07:00", "elapsed": 106.250087, "delta": 0.916909}}
{"target": 0.5129457763917273, "params": {"eta": 0.10022017003694032, "max_depth": 16.87830163065923, "n_estimators": 15.189143326384235}, "datetime": {"datetime": "2021-09-17 19:07:00", "elapsed": 106.959088, "delta": 0.709001}}
{"target": 0.8398869652955978, "params": {"eta": 0.24771368022540888, "max_depth": 8.632859372503368, "n_estimators": 18.874637468230027}, "datetime": {"datetime": "2021-09-17 19:07:01", "elapsed": 107.912524, "delta": 0.953436}}
{"target": 0.7980924829013443, "params": {"eta": 0.5964160195395471, "max_depth": 15.989685431498167, "n_estimators": 17.07826010237393}, "datetime": {"datetime": "2021-09-17 19:07:02", "elapsed": 108.83048, "delta": 0.917956}}
{"target": 0.8014743555714225, "params": {"eta": 0.7106986805360315, "max_depth": 10.348171923342795, "n_estimators": 21.739406619720697}, "datetime": {"datetime": "2021-09-17 19:07:03", "elapsed": 109.710482, "delta": 0.880002}}
{"target": 0.8236821213498935, "params": {"eta": 0.5189514863203673, "max_depth": 21.5370351441921, "n_estimators": 21.917430394421643}, "datetime": {"datetime": "2021-09-17 19:07:04", "elapsed": 110.830344, "delta": 1.119862}}
{"target": 0.8521060903026982, "params": {"eta": 0.24278317242777725, "max_depth": 4.125792429133964, "n_estimators": 24.540083185101796}, "datetime": {"datetime": "2021-09-17 19:07:05", "elapsed": 111.613337, "delta": 0.782993}}
{"target": 0.8552397015601624, "params": {"eta": 0.3897281585300484, "max_depth": 4.295355679244861, "n_estimators": 24.767030302649424}, "datetime": {"datetime": "2021-09-17 19:07:06", "elapsed": 112.459527, "delta": 0.84619}}
{"target": 0.8112641173734022, "params": {"eta": 0.6584253304223929, "max_depth": 4.238160631631688, "n_estimators": 24.450883655736}, "datetime": {"datetime": "2021-09-17 19:07:07", "elapsed": 113.466528, "delta": 1.007001}}
{"target": 0.8052253369936963, "params": {"eta": 0.10971285395645435, "max_depth": 5.380221291484884, "n_estimators": 25.58132738870116}, "datetime": {"datetime": "2021-09-17 19:07:08", "elapsed": 114.434781, "delta": 0.968253}}
{"target": 0.8541240374786851, "params": {"eta": 0.2435142895354956, "max_depth": 4.206764844072545, "n_estimators": 25.11905539689169}, "datetime": {"datetime": "2021-09-17 19:07:09", "elapsed": 115.333911, "delta": 0.89913}}
{"target": 0.8602185376750121, "params": {"eta": 0.2929636532855268, "max_depth": 4.707277862310544, "n_estimators": 26.47578393549511}, "datetime": {"datetime": "2021-09-17 19:07:10", "elapsed": 116.386572, "delta": 1.052661}}
{"target": 0.8531119060044865, "params": {"eta": 0.17038400324120406, "max_depth": 4.726108238768661, "n_estimators": 26.703132281029635}, "datetime": {"datetime": "2021-09-17 19:07:11", "elapsed": 117.23157, "delta": 0.844998}}
{"target": 0.8695572520962406, "params": {"eta": 0.4469154861534169, "max_depth": 4.434555698591897, "n_estimators": 25.084701528605734}, "datetime": {"datetime": "2021-09-17 19:07:11", "elapsed": 117.941573, "delta": 0.710003}}
{"target": 0.8241941861002737, "params": {"eta": 0.15757685612301986, "max_depth": 4.293307338083812, "n_estimators": 24.80822743039479}, "datetime": {"datetime": "2021-09-17 19:07:12", "elapsed": 118.826793, "delta": 0.88522}}
{"target": 0.824409072284475, "params": {"eta": 0.5155633743182201, "max_depth": 13.640080524870292, "n_estimators": 28.566909882242072}, "datetime": {"datetime": "2021-09-17 19:07:13", "elapsed": 119.921795, "delta": 1.095002}}
{"target": 0.8119941840548598, "params": {"eta": 0.5517315857382091, "max_depth": 4.609546742154674, "n_estimators": 25.304348581234585}, "datetime": {"datetime": "2021-09-17 19:07:15", "elapsed": 121.159802, "delta": 1.238007}}
{"target": 0.8487900420992461, "params": {"eta": 0.4251517648578458, "max_depth": 4.101349196060808, "n_estimators": 24.935797463473452}, "datetime": {"datetime": "2021-09-17 19:07:15", "elapsed": 122.092807, "delta": 0.933005}}
{"target": 0.8506907709966551, "params": {"eta": 0.26902043729768554, "max_depth": 4.376203552354745, "n_estimators": 26.552945513768098}, "datetime": {"datetime": "2021-09-17 19:07:17", "elapsed": 123.364803, "delta": 1.271996}}
{"target": 0.853477793765916, "params": {"eta": 0.2182324006824268, "max_depth": 13.776209616976832, "n_estimators": 26.81701681193918}, "datetime": {"datetime": "2021-09-17 19:07:18", "elapsed": 124.274919, "delta": 0.910116}}
{"target": 0.8112633720961184, "params": {"eta": 0.11054576290819919, "max_depth": 13.939204964356865, "n_estimators": 26.81658956548439}, "datetime": {"datetime": "2021-09-17 19:07:19", "elapsed": 125.366532, "delta": 1.091613}}
{"target": 0.823799800128677, "params": {"eta": 0.5085831168890613, "max_depth": 13.885923874927013, "n_estimators": 26.666033804672235}, "datetime": {"datetime": "2021-09-17 19:07:20", "elapsed": 126.455903, "delta": 1.089371}}
{"target": 0.8363113620599669, "params": {"eta": 0.4066601671550436, "max_depth": 13.873203853624945, "n_estimators": 26.91551386296331}, "datetime": {"datetime": "2021-09-17 19:07:21", "elapsed": 127.591902, "delta": 1.135999}}
{"target": 0.8668192282063492, "params": {"eta": 0.3715205086187654, "max_depth": 4.551519569257283, "n_estimators": 24.94235851011398}, "datetime": {"datetime": "2021-09-17 19:07:22", "elapsed": 128.7065, "delta": 1.114598}}
{"target": 0.8522786282261223, "params": {"eta": 0.39003631766766866, "max_depth": 4.904355655846388, "n_estimators": 26.600075162857358}, "datetime": {"datetime": "2021-09-17 19:07:23", "elapsed": 129.7715, "delta": 1.065}}
{"target": 0.8073550971554703, "params": {"eta": 0.6744703777038028, "max_depth": 4.259159416828759, "n_estimators": 25.05810670038162}, "datetime": {"datetime": "2021-09-17 19:07:24", "elapsed": 130.631401, "delta": 0.859901}}
{"target": 0.8449741976560645, "params": {"eta": 0.16698764701063754, "max_depth": 5.004565161051905, "n_estimators": 26.55095889551528}, "datetime": {"datetime": "2021-09-17 19:07:25", "elapsed": 131.747403, "delta": 1.116002}}
{"target": 0.8645671452628461, "params": {"eta": 0.22259934563176204, "max_depth": 4.554620106886496, "n_estimators": 25.138024042773214}, "datetime": {"datetime": "2021-09-17 19:07:26", "elapsed": 132.660153, "delta": 0.91275}}
{"target": 0.8550673995310629, "params": {"eta": 0.38454760342700434, "max_depth": 4.457717202005836, "n_estimators": 26.269361262614524}, "datetime": {"datetime": "2021-09-17 19:07:27", "elapsed": 133.40715, "delta": 0.746997}}
{"target": 0.8225517593936974, "params": {"eta": 0.5186255171458054, "max_depth": 14.805464684091206, "n_estimators": 20.604405761470254}, "datetime": {"datetime": "2021-09-17 19:07:28", "elapsed": 134.430153, "delta": 1.023003}}
