{"target": -2.487184318743254, "params": {"eta": 0.4459879807044886, "max_depth": 8.32947683664472, "n_estimators": 20.0}, "datetime": {"datetime": "2021-09-17 12:54:01", "elapsed": 74.44656, "delta": 0.850866}}
{"target": -2.5806990667393332, "params": {"eta": 0.4248258293577236, "max_depth": 12.8289991310297, "n_estimators": 18.34921988580342}, "datetime": {"datetime": "2021-09-17 12:54:02", "elapsed": 75.177442, "delta": 0.730882}}
{"target": -2.4118439115976034, "params": {"eta": 0.2, "max_depth": 16.103695835440433, "n_estimators": 19.210461077296717}, "datetime": {"datetime": "2021-09-17 12:54:03", "elapsed": 75.848444, "delta": 0.671002}}
{"target": -2.429336028350027, "params": {"eta": 0.40600897519203444, "max_depth": 12.919885680505311, "n_estimators": 17.97002712856728}, "datetime": {"datetime": "2021-09-17 12:54:03", "elapsed": 76.58944, "delta": 0.740996}}
{"target": -2.4893939614295957, "params": {"eta": 0.29245464346992855, "max_depth": 16.152008231703952, "n_estimators": 19.90563056527602}, "datetime": {"datetime": "2021-09-17 12:54:04", "elapsed": 77.29913, "delta": 0.70969}}
{"target": -2.5358808548826923, "params": {"eta": 0.5, "max_depth": 5.9900599804751815, "n_estimators": 14.505910397534514}, "datetime": {"datetime": "2021-09-17 12:54:05", "elapsed": 78.381935, "delta": 1.082805}}
{"target": -2.5209037943890222, "params": {"eta": 0.25485179441139105, "max_depth": 12.81911123274542, "n_estimators": 18.12833783004319}, "datetime": {"datetime": "2021-09-17 12:54:06", "elapsed": 79.093931, "delta": 0.711996}}
{"target": -2.449711308981243, "params": {"eta": 0.28749247351946033, "max_depth": 7.960914515266097, "n_estimators": 18.745393355965593}, "datetime": {"datetime": "2021-09-17 12:54:07", "elapsed": 79.817931, "delta": 0.724}}
{"target": -2.439486895109478, "params": {"eta": 0.21561171354506864, "max_depth": 7.926209043014197, "n_estimators": 18.94878871643025}, "datetime": {"datetime": "2021-09-17 12:54:07", "elapsed": 80.571812, "delta": 0.753881}}
{"target": -2.508365470484683, "params": {"eta": 0.4096333319107299, "max_depth": 8.911784018257695, "n_estimators": 9.568252115629708}, "datetime": {"datetime": "2021-09-17 12:54:08", "elapsed": 81.092808, "delta": 0.520996}}
{"target": -2.5170589635246676, "params": {"eta": 0.3497576967588365, "max_depth": 7.484054713582372, "n_estimators": 11.043656557835423}, "datetime": {"datetime": "2021-09-17 12:54:08", "elapsed": 81.641814, "delta": 0.549006}}
{"target": -2.4782807450545463, "params": {"eta": 0.37805391768666485, "max_depth": 14.68452639996296, "n_estimators": 19.76811470154657}, "datetime": {"datetime": "2021-09-17 12:54:09", "elapsed": 82.456025, "delta": 0.814211}}
{"target": -2.3966218038609153, "params": {"eta": 0.2769904828069123, "max_depth": 15.071017705216125, "n_estimators": 16.826805485227688}, "datetime": {"datetime": "2021-09-17 12:54:10", "elapsed": 83.124024, "delta": 0.667999}}
{"target": -2.441730770939275, "params": {"eta": 0.27029313580113323, "max_depth": 7.749327021244387, "n_estimators": 15.718815944946394}, "datetime": {"datetime": "2021-09-17 12:54:10", "elapsed": 83.702023, "delta": 0.577999}}
{"target": -2.488500043592955, "params": {"eta": 0.369395584644594, "max_depth": 8.061149253857524, "n_estimators": 18.91681269373128}, "datetime": {"datetime": "2021-09-17 12:54:11", "elapsed": 84.373699, "delta": 0.671676}}
{"target": -2.471422313389025, "params": {"eta": 0.3778077582256822, "max_depth": 17.23066075156416, "n_estimators": 12.00019136549491}, "datetime": {"datetime": "2021-09-17 12:54:12", "elapsed": 84.967695, "delta": 0.593996}}
{"target": -2.629935623470106, "params": {"eta": 0.45037483588791105, "max_depth": 15.139271933006386, "n_estimators": 16.806401882685808}, "datetime": {"datetime": "2021-09-17 12:54:13", "elapsed": 85.898693, "delta": 0.930998}}
{"target": -2.5369916984909455, "params": {"eta": 0.2, "max_depth": 14.923316010406397, "n_estimators": 16.87082910170884}, "datetime": {"datetime": "2021-09-17 12:54:14", "elapsed": 87.39764, "delta": 1.498947}}
{"target": -2.6473945799626803, "params": {"eta": 0.5, "max_depth": 12.773598134453145, "n_estimators": 18.054340070654142}, "datetime": {"datetime": "2021-09-17 12:54:15", "elapsed": 88.420993, "delta": 1.023353}}
{"target": -2.41957958999433, "params": {"eta": 0.3460112383858035, "max_depth": 17.33514844663997, "n_estimators": 19.732396727298234}, "datetime": {"datetime": "2021-09-17 12:54:16", "elapsed": 89.131991, "delta": 0.710998}}
{"target": -2.4619354342159467, "params": {"eta": 0.4545625471626995, "max_depth": 6.362123886670608, "n_estimators": 13.70103910967062}, "datetime": {"datetime": "2021-09-17 12:54:17", "elapsed": 89.802379, "delta": 0.670388}}
{"target": -2.548481427368365, "params": {"eta": 0.2588563547189235, "max_depth": 16.200881602981912, "n_estimators": 18.13087520992301}, "datetime": {"datetime": "2021-09-17 12:54:17", "elapsed": 90.409151, "delta": 0.606772}}
{"target": -2.519216684918655, "params": {"eta": 0.4475384879272271, "max_depth": 13.029494165661582, "n_estimators": 18.22031870240405}, "datetime": {"datetime": "2021-09-17 12:54:18", "elapsed": 91.233162, "delta": 0.824011}}
{"target": -2.3769746472961026, "params": {"eta": 0.2084173370754255, "max_depth": 17.26395768111687, "n_estimators": 19.662714572456714}, "datetime": {"datetime": "2021-09-17 12:54:19", "elapsed": 92.136451, "delta": 0.903289}}
{"target": -2.404434005210274, "params": {"eta": 0.29645616753882653, "max_depth": 14.9814627944037, "n_estimators": 19.29144899007038}, "datetime": {"datetime": "2021-09-17 12:54:20", "elapsed": 93.096241, "delta": 0.95979}}
{"target": -2.383297943441492, "params": {"eta": 0.34285471242254606, "max_depth": 17.220702901470425, "n_estimators": 19.591635783163902}, "datetime": {"datetime": "2021-09-17 12:54:21", "elapsed": 94.064, "delta": 0.967759}}
{"target": -2.4292779131939537, "params": {"eta": 0.22632233665605195, "max_depth": 17.312616062113058, "n_estimators": 19.49392727416296}, "datetime": {"datetime": "2021-09-17 12:54:22", "elapsed": 95.067999, "delta": 1.003999}}
{"target": -2.349848614240947, "params": {"eta": 0.4567580283578352, "max_depth": 14.932756374157046, "n_estimators": 19.21564359638568}, "datetime": {"datetime": "2021-09-17 12:54:23", "elapsed": 96.007003, "delta": 0.939004}}
{"target": -2.6035111860225073, "params": {"eta": 0.32417026405496974, "max_depth": 15.049374556847471, "n_estimators": 19.109525000604897}, "datetime": {"datetime": "2021-09-17 12:54:24", "elapsed": 97.023173, "delta": 1.01617}}
{"target": -2.5129979190073515, "params": {"eta": 0.3056672288125182, "max_depth": 17.44663488140511, "n_estimators": 19.571531764789412}, "datetime": {"datetime": "2021-09-17 12:54:25", "elapsed": 97.800166, "delta": 0.776993}}
{"target": -2.430910670129876, "params": {"eta": 0.3700095674553346, "max_depth": 14.92949735880109, "n_estimators": 19.37244501011567}, "datetime": {"datetime": "2021-09-17 12:54:25", "elapsed": 98.742717, "delta": 0.942551}}
{"target": -3.926397717626471, "params": {"eta": 0.20416545494289082, "max_depth": 15.935322241450411, "n_estimators": 9.042337556700803}, "datetime": {"datetime": "2021-09-17 12:54:26", "elapsed": 99.380719, "delta": 0.638002}}
{"target": -2.4265008229958385, "params": {"eta": 0.4316140867537174, "max_depth": 9.349876033012457, "n_estimators": 19.78040335400881}, "datetime": {"datetime": "2021-09-17 12:54:28", "elapsed": 100.884831, "delta": 1.504112}}
{"target": -2.443353193684628, "params": {"eta": 0.25332995369860384, "max_depth": 9.3540904369111, "n_estimators": 19.91181290116407}, "datetime": {"datetime": "2021-09-17 12:54:28", "elapsed": 101.727703, "delta": 0.842872}}
{"target": -2.5240480008878206, "params": {"eta": 0.3016930414339147, "max_depth": 9.052059646804835, "n_estimators": 12.357655959772346}, "datetime": {"datetime": "2021-09-17 12:54:29", "elapsed": 102.433221, "delta": 0.705518}}
{"target": -2.632712958360973, "params": {"eta": 0.4852562805466047, "max_depth": 15.094318674522718, "n_estimators": 19.302042881206464}, "datetime": {"datetime": "2021-09-17 12:54:30", "elapsed": 103.532219, "delta": 1.098998}}
{"target": -2.6728194707318353, "params": {"eta": 0.4817752314625819, "max_depth": 9.149720144118255, "n_estimators": 19.922959014592333}, "datetime": {"datetime": "2021-09-17 12:54:31", "elapsed": 104.586456, "delta": 1.054237}}
{"target": -2.508510466625816, "params": {"eta": 0.46863845957750133, "max_depth": 14.777129391842635, "n_estimators": 19.106545815836874}, "datetime": {"datetime": "2021-09-17 12:54:33", "elapsed": 105.781792, "delta": 1.195336}}
{"target": -2.681719111768823, "params": {"eta": 0.2, "max_depth": 17.710759443886285, "n_estimators": 14.360837262345953}, "datetime": {"datetime": "2021-09-17 12:54:34", "elapsed": 106.784337, "delta": 1.002545}}
{"target": -2.825034043036009, "params": {"eta": 0.2984885986657861, "max_depth": 10.688824200699779, "n_estimators": 8.853715762528926}, "datetime": {"datetime": "2021-09-17 12:54:34", "elapsed": 107.426364, "delta": 0.642027}}
{"target": -2.8775434217954934, "params": {"eta": 0.23845544460260035, "max_depth": 4.57577429716004, "n_estimators": 11.977320688686737}, "datetime": {"datetime": "2021-09-17 12:54:35", "elapsed": 108.136657, "delta": 0.710293}}
{"target": -2.3112455217461836, "params": {"eta": 0.3396930798119516, "max_depth": 9.490145487644883, "n_estimators": 19.830823547115397}, "datetime": {"datetime": "2021-09-17 12:54:36", "elapsed": 109.261193, "delta": 1.124536}}
{"target": -2.679549561676226, "params": {"eta": 0.47549819586448233, "max_depth": 9.546272854365482, "n_estimators": 19.74683644481511}, "datetime": {"datetime": "2021-09-17 12:54:37", "elapsed": 110.315584, "delta": 1.054391}}
{"target": -2.5716481829944406, "params": {"eta": 0.22649238443605768, "max_depth": 9.334647716945621, "n_estimators": 19.695245383201872}, "datetime": {"datetime": "2021-09-17 12:54:38", "elapsed": 110.970582, "delta": 0.654998}}
{"target": -2.677013644419218, "params": {"eta": 0.48988724616885937, "max_depth": 12.968745546767805, "n_estimators": 10.765354733739827}, "datetime": {"datetime": "2021-09-17 12:54:38", "elapsed": 111.611584, "delta": 0.641002}}
{"target": -2.406777757719943, "params": {"eta": 0.36192215852608334, "max_depth": 9.641900160499244, "n_estimators": 19.985267723255642}, "datetime": {"datetime": "2021-09-17 12:54:40", "elapsed": 112.912783, "delta": 1.301199}}
{"target": -2.45390837757211, "params": {"eta": 0.21815180413497862, "max_depth": 9.687935066766874, "n_estimators": 19.878080479371867}, "datetime": {"datetime": "2021-09-17 12:54:41", "elapsed": 113.832251, "delta": 0.919468}}
{"target": -2.4577139616012573, "params": {"eta": 0.34439142925511684, "max_depth": 8.81558016845835, "n_estimators": 18.757374625075727}, "datetime": {"datetime": "2021-09-17 12:54:42", "elapsed": 114.94362, "delta": 1.111369}}
{"target": -2.5846717169410303, "params": {"eta": 0.2995633220815968, "max_depth": 6.104127963342092, "n_estimators": 13.31833208992021}, "datetime": {"datetime": "2021-09-17 12:54:42", "elapsed": 115.669617, "delta": 0.725997}}
{"target": -2.647894831707603, "params": {"eta": 0.31941661755487233, "max_depth": 6.207305780806003, "n_estimators": 13.408080474882844}, "datetime": {"datetime": "2021-09-17 12:54:44", "elapsed": 117.649111, "delta": 1.979494}}
{"target": -2.4760840026955857, "params": {"eta": 0.4300048845350175, "max_depth": 6.108228218987104, "n_estimators": 13.310063623082058}, "datetime": {"datetime": "2021-09-17 12:54:45", "elapsed": 118.390533, "delta": 0.741422}}
{"target": -2.697240676377949, "params": {"eta": 0.2936471556451343, "max_depth": 16.853824028649168, "n_estimators": 9.825855534408687}, "datetime": {"datetime": "2021-09-17 12:54:46", "elapsed": 119.157532, "delta": 0.766999}}
{"target": -2.513932516700343, "params": {"eta": 0.2582496432215843, "max_depth": 17.185694143106552, "n_estimators": 19.78607053901317}, "datetime": {"datetime": "2021-09-17 12:54:47", "elapsed": 119.990225, "delta": 0.832693}}
{"target": -2.468266734951421, "params": {"eta": 0.21370910007152794, "max_depth": 14.779303921064177, "n_estimators": 18.40650784152427}, "datetime": {"datetime": "2021-09-17 12:54:47", "elapsed": 120.749183, "delta": 0.758958}}
{"target": -2.613474566685526, "params": {"eta": 0.3891854476791212, "max_depth": 9.473489081487124, "n_estimators": 19.99464109952247}, "datetime": {"datetime": "2021-09-17 12:54:48", "elapsed": 121.665594, "delta": 0.916411}}
{"target": -2.405829634791927, "params": {"eta": 0.2417517273404701, "max_depth": 9.51401216772962, "n_estimators": 19.85706756189338}, "datetime": {"datetime": "2021-09-17 12:54:49", "elapsed": 122.646514, "delta": 0.98092}}
{"target": -2.511693146354274, "params": {"eta": 0.36107188623670383, "max_depth": 16.061775544033328, "n_estimators": 19.176695543174773}, "datetime": {"datetime": "2021-09-17 12:54:50", "elapsed": 123.669516, "delta": 1.023002}}
{"target": -2.3853572186670804, "params": {"eta": 0.2773465044274751, "max_depth": 14.926170384552186, "n_estimators": 18.330198017870497}, "datetime": {"datetime": "2021-09-17 12:54:51", "elapsed": 124.619472, "delta": 0.949956}}
{"target": -2.398475360870361, "params": {"eta": 0.220824690031069, "max_depth": 17.107501158363014, "n_estimators": 19.534161306752654}, "datetime": {"datetime": "2021-09-17 12:54:52", "elapsed": 125.710091, "delta": 1.090619}}
{"target": -2.394983290998559, "params": {"eta": 0.470136415143931, "max_depth": 14.757044030733224, "n_estimators": 19.317614400182105}, "datetime": {"datetime": "2021-09-17 12:54:54", "elapsed": 126.896898, "delta": 1.186807}}
{"target": -2.4403035352104587, "params": {"eta": 0.2750277025690524, "max_depth": 7.7510918844576135, "n_estimators": 17.78459555703772}, "datetime": {"datetime": "2021-09-17 12:54:54", "elapsed": 127.638894, "delta": 0.741996}}
{"target": -2.483426141738892, "params": {"eta": 0.2512041262818721, "max_depth": 14.758829513421157, "n_estimators": 18.220873705502918}, "datetime": {"datetime": "2021-09-17 12:54:55", "elapsed": 128.644089, "delta": 1.005195}}
{"target": -2.3884939902707147, "params": {"eta": 0.3448515717268672, "max_depth": 13.88874764108648, "n_estimators": 19.37257091786532}, "datetime": {"datetime": "2021-09-17 12:54:57", "elapsed": 130.033978, "delta": 1.389889}}
{"target": -2.4342584465679367, "params": {"eta": 0.29749245125886337, "max_depth": 13.957524827396918, "n_estimators": 19.207659706463453}, "datetime": {"datetime": "2021-09-17 12:54:58", "elapsed": 131.117748, "delta": 1.08377}}
{"target": -2.47950723673168, "params": {"eta": 0.38747479942405627, "max_depth": 6.05778104497988, "n_estimators": 16.035270273687214}, "datetime": {"datetime": "2021-09-17 12:54:59", "elapsed": 131.845088, "delta": 0.72734}}
{"target": -2.497528754409991, "params": {"eta": 0.27170972657925785, "max_depth": 13.78146499294621, "n_estimators": 19.502183054813763}, "datetime": {"datetime": "2021-09-17 12:55:00", "elapsed": 132.775617, "delta": 0.930529}}
{"target": -2.458023646003322, "params": {"eta": 0.2, "max_depth": 13.968010714563535, "n_estimators": 19.339599866958483}, "datetime": {"datetime": "2021-09-17 12:55:01", "elapsed": 133.922465, "delta": 1.146848}}
{"target": -2.5789513926757013, "params": {"eta": 0.38567958430023697, "max_depth": 17.24257178708455, "n_estimators": 19.404445674022348}, "datetime": {"datetime": "2021-09-17 12:55:02", "elapsed": 135.046192, "delta": 1.123727}}
{"target": -2.6344719560522782, "params": {"eta": 0.23814778811410203, "max_depth": 5.04025360136675, "n_estimators": 13.247983052241612}, "datetime": {"datetime": "2021-09-17 12:55:02", "elapsed": 135.757123, "delta": 0.710931}}
{"target": -2.5143104339900773, "params": {"eta": 0.3165970981218625, "max_depth": 8.921314015402226, "n_estimators": 18.597697216577142}, "datetime": {"datetime": "2021-09-17 12:55:03", "elapsed": 136.462743, "delta": 0.70562}}
{"target": -2.567672558207261, "params": {"eta": 0.42847374133545935, "max_depth": 9.3471945794809, "n_estimators": 19.77507999789309}, "datetime": {"datetime": "2021-09-17 12:55:04", "elapsed": 137.232729, "delta": 0.769986}}
{"target": -2.723590276115819, "params": {"eta": 0.22102831293147765, "max_depth": 19.59753615596179, "n_estimators": 12.855042500076262}, "datetime": {"datetime": "2021-09-17 12:55:05", "elapsed": 137.968191, "delta": 0.735462}}
{"target": -2.511080973399313, "params": {"eta": 0.27798883506570926, "max_depth": 7.453847214692825, "n_estimators": 15.377207884583608}, "datetime": {"datetime": "2021-09-17 12:55:05", "elapsed": 138.708007, "delta": 0.739816}}
{"target": -2.3456814420850653, "params": {"eta": 0.21326947153077852, "max_depth": 14.472903732741418, "n_estimators": 19.918253696018198}, "datetime": {"datetime": "2021-09-17 12:55:07", "elapsed": 139.857782, "delta": 1.149775}}
{"target": -2.4654309253943594, "params": {"eta": 0.344820822086196, "max_depth": 9.550474139697993, "n_estimators": 19.86439157644776}, "datetime": {"datetime": "2021-09-17 12:55:08", "elapsed": 141.39015, "delta": 1.532368}}
{"target": -3.6637588168445383, "params": {"eta": 0.21527575585284953, "max_depth": 8.832241597514246, "n_estimators": 9.210139933149286}, "datetime": {"datetime": "2021-09-17 12:55:09", "elapsed": 142.211055, "delta": 0.820905}}
{"target": -2.4156505791764515, "params": {"eta": 0.3461920710188613, "max_depth": 14.65062540839703, "n_estimators": 19.89255063774999}, "datetime": {"datetime": "2021-09-17 12:55:10", "elapsed": 143.61054, "delta": 1.399485}}
{"target": -2.534784618176912, "params": {"eta": 0.2544441292043508, "max_depth": 9.523027158786624, "n_estimators": 19.784426658885813}, "datetime": {"datetime": "2021-09-17 12:55:12", "elapsed": 144.861578, "delta": 1.251038}}
{"target": -2.8338750287106165, "params": {"eta": 0.20659310423912727, "max_depth": 12.91319795924386, "n_estimators": 12.377163094630271}, "datetime": {"datetime": "2021-09-17 12:55:12", "elapsed": 145.704577, "delta": 0.842999}}
{"target": -2.441108450136687, "params": {"eta": 0.24788454384235425, "max_depth": 18.506923371197203, "n_estimators": 14.21853780166613}, "datetime": {"datetime": "2021-09-17 12:55:13", "elapsed": 146.501125, "delta": 0.796548}}
{"target": -2.4820662021636966, "params": {"eta": 0.42516922861131534, "max_depth": 13.325085728877184, "n_estimators": 17.95800195749028}, "datetime": {"datetime": "2021-09-17 12:55:14", "elapsed": 147.336545, "delta": 0.83542}}
{"target": -2.518495498832903, "params": {"eta": 0.32702244664088304, "max_depth": 16.303489873583203, "n_estimators": 9.938806337334828}, "datetime": {"datetime": "2021-09-17 12:55:15", "elapsed": 148.372652, "delta": 1.036107}}
{"target": -2.5472174330761557, "params": {"eta": 0.4526365827840617, "max_depth": 9.395678082429297, "n_estimators": 19.78427878352981}, "datetime": {"datetime": "2021-09-17 12:55:16", "elapsed": 149.589075, "delta": 1.216423}}
{"target": -2.459873138603411, "params": {"eta": 0.24807677045428472, "max_depth": 14.498347647857907, "n_estimators": 19.955690117800415}, "datetime": {"datetime": "2021-09-17 12:55:18", "elapsed": 150.941011, "delta": 1.351936}}
{"target": -2.545521162685595, "params": {"eta": 0.2245068717054903, "max_depth": 16.121940245880346, "n_estimators": 19.14241782230655}, "datetime": {"datetime": "2021-09-17 12:55:19", "elapsed": 152.42541, "delta": 1.484399}}
{"target": -2.63400088611402, "params": {"eta": 0.3482459814729143, "max_depth": 14.469809636218871, "n_estimators": 9.057957012674159}, "datetime": {"datetime": "2021-09-17 12:55:20", "elapsed": 153.418218, "delta": 0.992808}}
{"target": -2.551621220613781, "params": {"eta": 0.3980800379862256, "max_depth": 4.421752404194859, "n_estimators": 13.966978963307803}, "datetime": {"datetime": "2021-09-17 12:55:21", "elapsed": 154.248257, "delta": 0.830039}}
{"target": -2.4372099518775943, "params": {"eta": 0.26176342543996806, "max_depth": 13.95553767756053, "n_estimators": 17.644946968830393}, "datetime": {"datetime": "2021-09-17 12:55:22", "elapsed": 155.07926, "delta": 0.831003}}
{"target": -2.460994303226471, "params": {"eta": 0.358018192602006, "max_depth": 9.459693996426775, "n_estimators": 19.854348023352777}, "datetime": {"datetime": "2021-09-17 12:55:23", "elapsed": 156.501638, "delta": 1.422378}}
{"target": -2.502121485534467, "params": {"eta": 0.24458912179829245, "max_depth": 14.488511132837461, "n_estimators": 19.888078884954574}, "datetime": {"datetime": "2021-09-17 12:55:25", "elapsed": 158.020657, "delta": 1.519019}}
{"target": -2.3334655153123953, "params": {"eta": 0.2241694567898359, "max_depth": 8.642363838926244, "n_estimators": 19.995443470148363}, "datetime": {"datetime": "2021-09-17 12:55:26", "elapsed": 159.39455, "delta": 1.373893}}
{"target": -2.491539756875289, "params": {"eta": 0.25051410617087033, "max_depth": 9.969758323462518, "n_estimators": 13.485231059876098}, "datetime": {"datetime": "2021-09-17 12:55:27", "elapsed": 160.18655, "delta": 0.792}}
{"target": -2.409931020360244, "params": {"eta": 0.27003966603184826, "max_depth": 14.582979458516926, "n_estimators": 19.898079217633438}, "datetime": {"datetime": "2021-09-17 12:55:29", "elapsed": 161.839852, "delta": 1.653302}}
{"target": -2.3612896185172234, "params": {"eta": 0.23512202388554754, "max_depth": 16.417700377572302, "n_estimators": 17.217698404018424}, "datetime": {"datetime": "2021-09-17 12:55:29", "elapsed": 162.750864, "delta": 0.911012}}
{"target": -2.444073859014009, "params": {"eta": 0.27024125631048557, "max_depth": 9.44702182323055, "n_estimators": 19.866789994533775}, "datetime": {"datetime": "2021-09-17 12:55:31", "elapsed": 163.993155, "delta": 1.242291}}
{"target": -2.6736644600567065, "params": {"eta": 0.47551952465206987, "max_depth": 9.319368978658296, "n_estimators": 19.867075267972304}, "datetime": {"datetime": "2021-09-17 12:55:32", "elapsed": 165.705679, "delta": 1.712524}}
