{"target": -2.975471612967943, "params": {"eta": 0.6418788076977223, "max_depth": 2.081806486755074, "n_estimators": 24.799697697895905}, "datetime": {"datetime": "2021-09-21 14:31:17", "elapsed": 3942.052309, "delta": 16.570388}}
{"target": -18.089149370318967, "params": {"eta": 0.01, "max_depth": 21.845086570531343, "n_estimators": 25.286559830487988}, "datetime": {"datetime": "2021-09-21 14:31:31", "elapsed": 3956.143712, "delta": 14.091403}}
{"target": -3.461658090039303, "params": {"eta": 0.04637534696368201, "max_depth": 13.633193900790628, "n_estimators": 49.48325580898647}, "datetime": {"datetime": "2021-09-21 14:31:45", "elapsed": 3970.616825, "delta": 14.473113}}
{"target": -2.438688565555372, "params": {"eta": 0.13830718982320464, "max_depth": 18.437875234618804, "n_estimators": 58.73815777632447}, "datetime": {"datetime": "2021-09-21 14:32:05", "elapsed": 3990.051656, "delta": 19.434831}}
{"target": -3.345086553849672, "params": {"eta": 0.9952173629770961, "max_depth": 19.88801517700276, "n_estimators": 49.681865764078125}, "datetime": {"datetime": "2021-09-21 14:32:11", "elapsed": 3996.758062, "delta": 6.706406}}
{"target": -2.8290452461493643, "params": {"eta": 0.561172300830002, "max_depth": 22.756111838595416, "n_estimators": 23.753117654547445}, "datetime": {"datetime": "2021-09-21 14:32:32", "elapsed": 4017.47785, "delta": 20.719788}}
{"target": -3.2100890096865204, "params": {"eta": 0.17775758216543272, "max_depth": 1.7416035152452567, "n_estimators": 37.447895810090515}, "datetime": {"datetime": "2021-09-21 14:32:46", "elapsed": 4031.905529, "delta": 14.427679}}
{"target": -2.5401784614512795, "params": {"eta": 0.35147441957553993, "max_depth": 20.777027535939343, "n_estimators": 45.12083216517278}, "datetime": {"datetime": "2021-09-21 14:33:03", "elapsed": 4048.24366, "delta": 16.338131}}
{"target": -3.463307981114639, "params": {"eta": 0.8484591597309558, "max_depth": 28.399799997310677, "n_estimators": 59.22821102243041}, "datetime": {"datetime": "2021-09-21 14:33:21", "elapsed": 4066.687317, "delta": 18.443657}}
{"target": -2.5417900524641337, "params": {"eta": 0.13929159613861372, "max_depth": 20.56252906378927, "n_estimators": 46.07754253417069}, "datetime": {"datetime": "2021-09-21 14:33:42", "elapsed": 4087.484285, "delta": 20.796968}}
{"target": -2.667171349650935, "params": {"eta": 0.452912099956583, "max_depth": 19.856551240955227, "n_estimators": 45.471768307769295}, "datetime": {"datetime": "2021-09-21 14:33:58", "elapsed": 4103.171853, "delta": 15.687568}}
{"target": -2.9477142396726106, "params": {"eta": 0.7163187426910225, "max_depth": 21.281350801097453, "n_estimators": 45.88333864233053}, "datetime": {"datetime": "2021-09-21 14:34:13", "elapsed": 4118.566455, "delta": 15.394602}}
{"target": -3.4331083162834766, "params": {"eta": 0.9474902758437121, "max_depth": 20.33981865514187, "n_estimators": 45.93433257036525}, "datetime": {"datetime": "2021-09-21 14:34:35", "elapsed": 4140.306196, "delta": 21.739741}}
{"target": -3.340778883821086, "params": {"eta": 0.9981608384244632, "max_depth": 4.950845558119858, "n_estimators": 43.89103818626385}, "datetime": {"datetime": "2021-09-21 14:34:42", "elapsed": 4147.666725, "delta": 7.360529}}
{"target": -3.0626135595534976, "params": {"eta": 0.8152701362114516, "max_depth": 2.9977793329051474, "n_estimators": 54.37224061117402}, "datetime": {"datetime": "2021-09-21 14:34:54", "elapsed": 4159.280237, "delta": 11.613512}}
{"target": -3.197207403182983, "params": {"eta": 1.0, "max_depth": 21.967515373422057, "n_estimators": 26.58282989863317}, "datetime": {"datetime": "2021-09-21 14:35:10", "elapsed": 4175.681552, "delta": 16.401315}}
{"target": -3.0077183485031127, "params": {"eta": 0.8411074787633026, "max_depth": 4.025341180583352, "n_estimators": 26.990765711473543}, "datetime": {"datetime": "2021-09-21 14:35:17", "elapsed": 4182.108722, "delta": 6.42717}}
{"target": -2.9144701556155557, "params": {"eta": 0.45539084383327894, "max_depth": 1.5229158628251258, "n_estimators": 41.10674627679649}, "datetime": {"datetime": "2021-09-21 14:35:34", "elapsed": 4199.396607, "delta": 17.287885}}
{"target": -2.888176488876343, "params": {"eta": 0.48219769564160114, "max_depth": 1.412881009735238, "n_estimators": 25.40424988696024}, "datetime": {"datetime": "2021-09-21 14:35:49", "elapsed": 4214.767452, "delta": 15.370845}}
{"target": -3.3606206768437437, "params": {"eta": 0.731655508658361, "max_depth": 12.24314132871696, "n_estimators": 29.410831037933757}, "datetime": {"datetime": "2021-09-21 14:35:58", "elapsed": 4223.368089, "delta": 8.600637}}
{"target": -4.167714177307329, "params": {"eta": 0.03490894099039574, "max_depth": 17.031818825791802, "n_estimators": 56.7443769438844}, "datetime": {"datetime": "2021-09-21 14:36:14", "elapsed": 4239.134958, "delta": 15.766869}}
{"target": -3.3802548603007665, "params": {"eta": 0.9846546606065087, "max_depth": 23.649347343650675, "n_estimators": 36.03437183349737}, "datetime": {"datetime": "2021-09-21 14:36:30", "elapsed": 4255.564306, "delta": 16.429348}}
{"target": -3.214496866025423, "params": {"eta": 1.0, "max_depth": 12.63475553235486, "n_estimators": 29.99297854122305}, "datetime": {"datetime": "2021-09-21 14:36:49", "elapsed": 4274.729342, "delta": 19.165036}}
{"target": -2.6253576987668086, "params": {"eta": 0.06341879173079588, "max_depth": 17.976498628733836, "n_estimators": 57.65870432481378}, "datetime": {"datetime": "2021-09-21 14:37:14", "elapsed": 4298.995047, "delta": 24.265705}}
{"target": -2.9732505835984884, "params": {"eta": 0.08599541792653609, "max_depth": 2.8777737186516683, "n_estimators": 58.231748278291725}, "datetime": {"datetime": "2021-09-21 14:37:29", "elapsed": 4314.107274, "delta": 15.112227}}
{"target": -18.3032151040278, "params": {"eta": 0.01, "max_depth": 2.136806742578499, "n_estimators": 24.08616634250571}, "datetime": {"datetime": "2021-09-21 14:37:42", "elapsed": 4327.485923, "delta": 13.378649}}
{"target": -3.5226791206159085, "params": {"eta": 0.7594466598335687, "max_depth": 16.475835987794948, "n_estimators": 53.52201921789629}, "datetime": {"datetime": "2021-09-21 14:37:59", "elapsed": 4344.912972, "delta": 17.427049}}
{"target": -3.00811644039656, "params": {"eta": 0.9146138321392909, "max_depth": 2.343740988054794, "n_estimators": 25.351263647930555}, "datetime": {"datetime": "2021-09-21 14:38:13", "elapsed": 4358.626996, "delta": 13.714024}}
{"target": -14.150468153702587, "params": {"eta": 0.027907326486459924, "max_depth": 5.132143539070895, "n_estimators": 18.667351695145722}, "datetime": {"datetime": "2021-09-21 14:38:28", "elapsed": 4373.794536, "delta": 15.16754}}
{"target": -2.8190368796649734, "params": {"eta": 0.8666601685994091, "max_depth": 5.489463960680793, "n_estimators": 17.82372327456387}, "datetime": {"datetime": "2021-09-21 14:38:44", "elapsed": 4389.253251, "delta": 15.458715}}
{"target": -3.152003606997038, "params": {"eta": 0.8936516555217877, "max_depth": 9.89564766022067, "n_estimators": 54.74556606407471}, "datetime": {"datetime": "2021-09-21 14:38:51", "elapsed": 4396.944494, "delta": 7.691243}}
{"target": -2.969974813022111, "params": {"eta": 0.8835185666495531, "max_depth": 6.104404260800125, "n_estimators": 18.225930547683195}, "datetime": {"datetime": "2021-09-21 14:39:06", "elapsed": 4411.875549, "delta": 14.931055}}
{"target": -2.296084522573571, "params": {"eta": 0.40755949854250406, "max_depth": 4.056492823209455, "n_estimators": 40.77076011165016}, "datetime": {"datetime": "2021-09-21 14:39:24", "elapsed": 4429.490246, "delta": 17.614697}}
{"target": -5.233327219360753, "params": {"eta": 0.0723878496003175, "max_depth": 3.4151513413197767, "n_estimators": 22.9755470696822}, "datetime": {"datetime": "2021-09-21 14:39:36", "elapsed": 4441.497251, "delta": 12.007005}}
{"target": -15.227488033395066, "params": {"eta": 0.01, "max_depth": 25.820359286586154, "n_estimators": 43.26579227087053}, "datetime": {"datetime": "2021-09-21 14:39:54", "elapsed": 4459.484012, "delta": 17.986761}}
{"target": -3.3009161058225125, "params": {"eta": 0.7505605569433415, "max_depth": 10.732236513862551, "n_estimators": 23.259975245773532}, "datetime": {"datetime": "2021-09-21 14:40:01", "elapsed": 4466.757965, "delta": 7.273953}}
{"target": -2.8150724091027914, "params": {"eta": 0.5329078396093916, "max_depth": 26.038612458588577, "n_estimators": 44.54524408439745}, "datetime": {"datetime": "2021-09-21 14:40:24", "elapsed": 4489.962577, "delta": 23.204612}}
{"target": -2.726461658979717, "params": {"eta": 0.906522862771959, "max_depth": 2.918209123655741, "n_estimators": 36.13575486815499}, "datetime": {"datetime": "2021-09-21 14:40:45", "elapsed": 4509.975902, "delta": 20.013325}}
{"target": -2.5618889030657317, "params": {"eta": 0.19022810663321774, "max_depth": 5.261700512769077, "n_estimators": 20.120907034521366}, "datetime": {"datetime": "2021-09-21 14:40:59", "elapsed": 4524.391663, "delta": 14.415761}}
{"target": -3.174197114141364, "params": {"eta": 0.9671424488037871, "max_depth": 4.17752430491932, "n_estimators": 40.26332593424113}, "datetime": {"datetime": "2021-09-21 14:41:21", "elapsed": 4546.500002, "delta": 22.108339}}
{"target": -3.4260924863187894, "params": {"eta": 0.946977427617934, "max_depth": 26.992025436090696, "n_estimators": 42.82639392683552}, "datetime": {"datetime": "2021-09-21 14:41:35", "elapsed": 4560.524851, "delta": 14.024849}}
{"target": -3.1809570450531806, "params": {"eta": 0.9625403150139261, "max_depth": 5.559825850733731, "n_estimators": 19.52025754618842}, "datetime": {"datetime": "2021-09-21 14:41:59", "elapsed": 4584.183573, "delta": 23.658722}}
{"target": -3.382666230201721, "params": {"eta": 0.8928694658090175, "max_depth": 25.30857500508161, "n_estimators": 44.41441003712136}, "datetime": {"datetime": "2021-09-21 14:42:17", "elapsed": 4602.27246, "delta": 18.088887}}
{"target": -3.3710082173347473, "params": {"eta": 0.9673617182283462, "max_depth": 20.237647602612338, "n_estimators": 44.91876551658988}, "datetime": {"datetime": "2021-09-21 14:42:35", "elapsed": 4620.646102, "delta": 18.373642}}
{"target": -2.669179880619049, "params": {"eta": 0.22449848896860053, "max_depth": 5.861366444974211, "n_estimators": 17.30019797146847}, "datetime": {"datetime": "2021-09-21 14:43:03", "elapsed": 4648.079882, "delta": 27.43378}}
{"target": -6.207057130336761, "params": {"eta": 0.06321460429320377, "max_depth": 8.884333936571041, "n_estimators": 22.633128974238367}, "datetime": {"datetime": "2021-09-21 14:43:25", "elapsed": 4670.544002, "delta": 22.46412}}
{"target": -2.7713480121211003, "params": {"eta": 0.4887605677015432, "max_depth": 6.478498123042856, "n_estimators": 11.91480404750385}, "datetime": {"datetime": "2021-09-21 14:43:33", "elapsed": 4678.721438, "delta": 8.177436}}
{"target": -3.1317361586972283, "params": {"eta": 0.7250015517830448, "max_depth": 6.766756350459776, "n_estimators": 30.931758212485537}, "datetime": {"datetime": "2021-09-21 14:43:41", "elapsed": 4686.374846, "delta": 7.653408}}
{"target": -3.2357938214352253, "params": {"eta": 1.0, "max_depth": 16.847117128257047, "n_estimators": 22.672836465126267}, "datetime": {"datetime": "2021-09-21 14:44:00", "elapsed": 4705.819919, "delta": 19.445073}}
{"target": -3.2038731236206854, "params": {"eta": 1.0, "max_depth": 25.513176498546084, "n_estimators": 59.85443526948852}, "datetime": {"datetime": "2021-09-21 14:44:19", "elapsed": 4724.714953, "delta": 18.895034}}
{"target": -3.0549059121232283, "params": {"eta": 0.8904181945477595, "max_depth": 3.882423022379014, "n_estimators": 41.485682924197995}, "datetime": {"datetime": "2021-09-21 14:44:36", "elapsed": 4741.21402, "delta": 16.499067}}
{"target": -3.4315382618653145, "params": {"eta": 0.09706479919601539, "max_depth": 3.7850385123444727, "n_estimators": 24.828353226347886}, "datetime": {"datetime": "2021-09-21 14:44:55", "elapsed": 4760.06287, "delta": 18.84885}}
{"target": -2.6312435840305533, "params": {"eta": 0.41484336570992036, "max_depth": 20.677365141661713, "n_estimators": 28.288701435017455}, "datetime": {"datetime": "2021-09-21 14:45:03", "elapsed": 4767.971874, "delta": 7.909004}}
{"target": -2.822588368466026, "params": {"eta": 0.4836461596902015, "max_depth": 21.128772916099496, "n_estimators": 27.784909375288464}, "datetime": {"datetime": "2021-09-21 14:45:17", "elapsed": 4782.796045, "delta": 14.824171}}
{"target": -2.7102582297827067, "params": {"eta": 0.4952251089785561, "max_depth": 8.96102122927661, "n_estimators": 23.442105936259622}, "datetime": {"datetime": "2021-09-21 14:45:26", "elapsed": 4791.094075, "delta": 8.29803}}
{"target": -3.521790069969077, "params": {"eta": 0.9776961009800541, "max_depth": 20.758513850777305, "n_estimators": 28.330067904496204}, "datetime": {"datetime": "2021-09-21 14:45:42", "elapsed": 4806.982165, "delta": 15.88809}}
{"target": -2.8373570975504423, "params": {"eta": 0.5577005812139312, "max_depth": 20.268856926147627, "n_estimators": 27.340384679225988}, "datetime": {"datetime": "2021-09-21 14:46:05", "elapsed": 4830.602593, "delta": 23.620428}}
{"target": -2.6475336903019957, "params": {"eta": 0.430663798796534, "max_depth": 3.319875266411473, "n_estimators": 10.335390911291015}, "datetime": {"datetime": "2021-09-21 14:46:13", "elapsed": 4838.268198, "delta": 7.665605}}
{"target": -2.6591521300767598, "params": {"eta": 0.08961879338076299, "max_depth": 23.681759031114098, "n_estimators": 37.42078148118521}, "datetime": {"datetime": "2021-09-21 14:46:27", "elapsed": 4852.935319, "delta": 14.667121}}
{"target": -14.661544734239579, "params": {"eta": 0.01, "max_depth": 12.344432770690997, "n_estimators": 47.778218890533324}, "datetime": {"datetime": "2021-09-21 14:46:45", "elapsed": 4870.759758, "delta": 17.824439}}
{"target": -2.7466614823592335, "params": {"eta": 0.5247816281307027, "max_depth": 28.960906663560834, "n_estimators": 56.27364409414516}, "datetime": {"datetime": "2021-09-21 14:47:20", "elapsed": 4905.115624, "delta": 34.355866}}
{"target": -3.3490829405031706, "params": {"eta": 0.9370226434338408, "max_depth": 15.924456876966302, "n_estimators": 24.191504498388117}, "datetime": {"datetime": "2021-09-21 14:47:37", "elapsed": 4922.355034, "delta": 17.23941}}
{"target": -2.731881646106118, "params": {"eta": 0.47286476505786607, "max_depth": 12.707673747191333, "n_estimators": 46.34743099130743}, "datetime": {"datetime": "2021-09-21 14:47:56", "elapsed": 4941.072645, "delta": 18.717611}}
{"target": -6.545464430984698, "params": {"eta": 0.03288098418093423, "max_depth": 7.68729821344625, "n_estimators": 41.98159669455042}, "datetime": {"datetime": "2021-09-21 14:48:15", "elapsed": 4960.9509, "delta": 19.878255}}
{"target": -3.2043387262444747, "params": {"eta": 1.0, "max_depth": 26.31533957488524, "n_estimators": 42.11947271569475}, "datetime": {"datetime": "2021-09-21 14:48:35", "elapsed": 4979.990506, "delta": 19.039606}}
{"target": -2.5071780298885544, "params": {"eta": 0.09785883143299906, "max_depth": 7.4176383995963135, "n_estimators": 40.6956891778361}, "datetime": {"datetime": "2021-09-21 14:49:00", "elapsed": 5005.227168, "delta": 25.236662}}
{"target": -3.1503773086949396, "params": {"eta": 0.8066538007219025, "max_depth": 4.044872488182267, "n_estimators": 30.394591596580998}, "datetime": {"datetime": "2021-09-21 14:49:21", "elapsed": 5026.472078, "delta": 21.24491}}
{"target": -3.391041967743321, "params": {"eta": 0.9180310008865622, "max_depth": 8.11880180788215, "n_estimators": 32.18070608963444}, "datetime": {"datetime": "2021-09-21 14:49:37", "elapsed": 5042.29861, "delta": 15.826532}}
{"target": -3.048645379041371, "params": {"eta": 0.8557113385395079, "max_depth": 1.925471001244658, "n_estimators": 32.61319521898028}, "datetime": {"datetime": "2021-09-21 14:49:59", "elapsed": 5064.190933, "delta": 21.892323}}
{"target": -3.3154574099339937, "params": {"eta": 0.9900573748358652, "max_depth": 22.406221129871692, "n_estimators": 24.41428066778733}, "datetime": {"datetime": "2021-09-21 14:50:14", "elapsed": 5079.354672, "delta": 15.163739}}
{"target": -3.5064259563621722, "params": {"eta": 0.9487239027425504, "max_depth": 7.5189708771203545, "n_estimators": 21.93973559457204}, "datetime": {"datetime": "2021-09-21 14:50:33", "elapsed": 5098.630947, "delta": 19.276275}}
{"target": -3.169383522711302, "params": {"eta": 0.9546790536577804, "max_depth": 12.750473042972565, "n_estimators": 49.06320591734809}, "datetime": {"datetime": "2021-09-21 14:50:49", "elapsed": 5114.011368, "delta": 15.380421}}
{"target": -2.949825448111484, "params": {"eta": 0.5790479154533407, "max_depth": 18.917314217256266, "n_estimators": 43.03885150061201}, "datetime": {"datetime": "2021-09-21 14:50:59", "elapsed": 5124.148998, "delta": 10.13763}}
{"target": -3.291466812711013, "params": {"eta": 0.9978321735878024, "max_depth": 13.161626435947582, "n_estimators": 20.962544210608506}, "datetime": {"datetime": "2021-09-21 14:51:14", "elapsed": 5139.86496, "delta": 15.715962}}
{"target": -3.3591142735983195, "params": {"eta": 0.7522968185470916, "max_depth": 8.172028422639444, "n_estimators": 23.756701150546796}, "datetime": {"datetime": "2021-09-21 14:51:29", "elapsed": 5154.899952, "delta": 15.034992}}
{"target": -3.5433781222293246, "params": {"eta": 0.7612775016630833, "max_depth": 29.17026140949732, "n_estimators": 20.1546598060213}, "datetime": {"datetime": "2021-09-21 14:51:47", "elapsed": 5172.009509, "delta": 17.109557}}
{"target": -16.12540028471696, "params": {"eta": 0.01, "max_depth": 24.582264040966606, "n_estimators": 37.04448059635527}, "datetime": {"datetime": "2021-09-21 14:52:01", "elapsed": 5186.778583, "delta": 14.769074}}
{"target": -3.4802721977233886, "params": {"eta": 0.9354005534455241, "max_depth": 24.42829754180239, "n_estimators": 38.05916890260317}, "datetime": {"datetime": "2021-09-21 14:52:32", "elapsed": 5216.98878, "delta": 30.210197}}
{"target": -14.94185275184481, "params": {"eta": 0.01, "max_depth": 21.327141567641235, "n_estimators": 45.74135067198744}, "datetime": {"datetime": "2021-09-21 14:53:00", "elapsed": 5245.951327, "delta": 28.962547}}
{"target": -2.4846839296190364, "params": {"eta": 0.23059129510523468, "max_depth": 20.23958967124996, "n_estimators": 46.80647250469886}, "datetime": {"datetime": "2021-09-21 14:53:19", "elapsed": 5264.935846, "delta": 18.984519}}
{"target": -2.549469450273012, "params": {"eta": 0.30036067606271216, "max_depth": 18.399432951585332, "n_estimators": 27.387972927575735}, "datetime": {"datetime": "2021-09-21 14:53:29", "elapsed": 5274.92, "delta": 9.984154}}
{"target": -5.077858367091731, "params": {"eta": 0.029283407318888108, "max_depth": 26.829556151175687, "n_estimators": 57.71854920575238}, "datetime": {"datetime": "2021-09-21 14:53:48", "elapsed": 5293.729643, "delta": 18.809643}}
{"target": -3.282769687552201, "params": {"eta": 0.2437543689799929, "max_depth": 27.279914788247517, "n_estimators": 9.750290652755968}, "datetime": {"datetime": "2021-09-21 14:53:57", "elapsed": 5302.098359, "delta": 8.368716}}
{"target": -3.330020287162379, "params": {"eta": 0.8987425747084291, "max_depth": 20.837180269366755, "n_estimators": 46.69559561245488}, "datetime": {"datetime": "2021-09-21 14:54:17", "elapsed": 5322.51505, "delta": 20.416691}}
{"target": -2.494544983537574, "params": {"eta": 0.11542664432592721, "max_depth": 24.52898508901115, "n_estimators": 38.49332359294993}, "datetime": {"datetime": "2021-09-21 14:54:46", "elapsed": 5351.353422, "delta": 28.838372}}
{"target": -18.600564182902637, "params": {"eta": 0.011622896921202903, "max_depth": 19.545698154712667, "n_estimators": 19.52698103106566}, "datetime": {"datetime": "2021-09-21 14:54:54", "elapsed": 5359.752219, "delta": 8.398797}}
{"target": -3.2718115881869667, "params": {"eta": 0.8346569685024933, "max_depth": 23.521680327444713, "n_estimators": 36.960251960697335}, "datetime": {"datetime": "2021-09-21 14:55:11", "elapsed": 5376.121925, "delta": 16.369706}}
{"target": -2.502574070503837, "params": {"eta": 0.19158538010605206, "max_depth": 23.796417850092876, "n_estimators": 38.0370392176756}, "datetime": {"datetime": "2021-09-21 14:55:27", "elapsed": 5392.470067, "delta": 16.348142}}
{"target": -16.408572815280213, "params": {"eta": 0.01, "max_depth": 3.9108240903088243, "n_estimators": 35.800447539184034}, "datetime": {"datetime": "2021-09-21 14:56:02", "elapsed": 5427.564965, "delta": 35.094898}}
{"target": -2.512905208060616, "params": {"eta": 0.32667648192520393, "max_depth": 28.68539511817353, "n_estimators": 42.60108328578515}, "datetime": {"datetime": "2021-09-21 14:56:13", "elapsed": 5438.296745, "delta": 10.73178}}
{"target": -3.28153130239562, "params": {"eta": 0.9653042967976504, "max_depth": 5.053315635074185, "n_estimators": 35.12549009459143}, "datetime": {"datetime": "2021-09-21 14:56:27", "elapsed": 5452.782657, "delta": 14.485912}}
{"target": -3.3334013556179247, "params": {"eta": 0.9910536711529445, "max_depth": 13.668501161396078, "n_estimators": 52.490589997036544}, "datetime": {"datetime": "2021-09-21 14:56:56", "elapsed": 5481.952366, "delta": 29.169709}}
{"target": -3.004136808294999, "params": {"eta": 0.08269278323621641, "max_depth": 22.93698749204713, "n_estimators": 33.00759929069574}, "datetime": {"datetime": "2021-09-21 14:57:06", "elapsed": 5491.397737, "delta": 9.445371}}
{"target": -2.4824463085124364, "params": {"eta": 0.0928899480206187, "max_depth": 10.78167578887862, "n_estimators": 47.66688070577407}, "datetime": {"datetime": "2021-09-21 14:57:27", "elapsed": 5512.208448, "delta": 20.810711}}
{"target": -3.216069816288195, "params": {"eta": 0.964763331438374, "max_depth": 25.84793083602935, "n_estimators": 37.02820599657248}, "datetime": {"datetime": "2021-09-21 14:57:48", "elapsed": 5533.421126, "delta": 21.212678}}
