{"target": 0.833001380516504, "params": {"eta": 0.17994675867785803, "max_depth": 17.711960141914798, "n_estimators": 20.41991990378549}, "datetime": {"datetime": "2021-09-17 19:05:26", "elapsed": 12.422572, "delta": 0.3}}
{"target": 0.8527705574277424, "params": {"eta": 0.2884836390767135, "max_depth": 7.655414090753023, "n_estimators": 26.340033557959323}, "datetime": {"datetime": "2021-09-17 19:05:26", "elapsed": 12.676573, "delta": 0.254001}}
{"target": 0.8169131762394379, "params": {"eta": 0.4852854505265505, "max_depth": 7.410236243303592, "n_estimators": 26.402555962612592}, "datetime": {"datetime": "2021-09-17 19:05:26", "elapsed": 12.946576, "delta": 0.270003}}
{"target": 0.800977822018873, "params": {"eta": 0.6356305985616302, "max_depth": 5.114824942710132, "n_estimators": 12.73681769621625}, "datetime": {"datetime": "2021-09-17 19:05:27", "elapsed": 13.180572, "delta": 0.233996}}
{"target": 0.7888018383916651, "params": {"eta": 0.5872384792297363, "max_depth": 27.543769667247542, "n_estimators": 9.84588892038477}, "datetime": {"datetime": "2021-09-17 19:05:27", "elapsed": 13.464574, "delta": 0.284002}}
{"target": 0.8311784338468463, "params": {"eta": 0.29079873728024486, "max_depth": 10.969161360220777, "n_estimators": 10.136957081196654}, "datetime": {"datetime": "2021-09-17 19:05:27", "elapsed": 13.699571, "delta": 0.234997}}
{"target": 0.8553368966762248, "params": {"eta": 0.22822774049743388, "max_depth": 7.42603040039914, "n_estimators": 26.36988193726134}, "datetime": {"datetime": "2021-09-17 19:05:27", "elapsed": 13.975739, "delta": 0.276168}}
{"target": 0.8479400649529834, "params": {"eta": 0.1779371045264235, "max_depth": 22.715577969684986, "n_estimators": 20.962721304151124}, "datetime": {"datetime": "2021-09-17 19:05:28", "elapsed": 14.306732, "delta": 0.330993}}
{"target": 0.8804091792131327, "params": {"eta": 0.34322857578201194, "max_depth": 7.2287945539265355, "n_estimators": 26.49602557530683}, "datetime": {"datetime": "2021-09-17 19:05:28", "elapsed": 14.604735, "delta": 0.298003}}
{"target": 0.8666919316395307, "params": {"eta": 0.4350721321821014, "max_depth": 7.228200390260006, "n_estimators": 26.766760312841324}, "datetime": {"datetime": "2021-09-17 19:05:28", "elapsed": 14.880736, "delta": 0.276001}}
{"target": 0.8534057773519059, "params": {"eta": 0.29505881273569384, "max_depth": 7.059947556497233, "n_estimators": 26.73313713914633}, "datetime": {"datetime": "2021-09-17 19:05:29", "elapsed": 15.19438, "delta": 0.313644}}
{"target": 0.8635216940478966, "params": {"eta": 0.25543748337257927, "max_depth": 7.148690997185106, "n_estimators": 26.442654966219266}, "datetime": {"datetime": "2021-09-17 19:05:29", "elapsed": 15.501377, "delta": 0.306997}}
{"target": 0.860830812115355, "params": {"eta": 0.35051809037893156, "max_depth": 24.780603612520878, "n_estimators": 19.057202840188893}, "datetime": {"datetime": "2021-09-17 19:05:29", "elapsed": 15.867621, "delta": 0.366244}}
{"target": 0.7510801066771418, "params": {"eta": 0.7980112267901349, "max_depth": 14.577050049496394, "n_estimators": 17.169326515588004}, "datetime": {"datetime": "2021-09-17 19:05:30", "elapsed": 16.234622, "delta": 0.367001}}
{"target": 0.7926069883001821, "params": {"eta": 0.5842166756087037, "max_depth": 6.967420767356605, "n_estimators": 23.987504782941695}, "datetime": {"datetime": "2021-09-17 19:05:30", "elapsed": 16.519625, "delta": 0.285003}}
{"target": 0.8576462916672029, "params": {"eta": 0.4263306890875683, "max_depth": 7.401670607686112, "n_estimators": 26.85326476465795}, "datetime": {"datetime": "2021-09-17 19:05:30", "elapsed": 16.844624, "delta": 0.324999}}
{"target": 0.869949487009529, "params": {"eta": 0.43756373826411554, "max_depth": 7.21447080367019, "n_estimators": 26.554328162571462}, "datetime": {"datetime": "2021-09-17 19:05:31", "elapsed": 17.166624, "delta": 0.322}}
{"target": 0.8585156048493519, "params": {"eta": 0.38802305333871956, "max_depth": 7.520558607033907, "n_estimators": 26.07845918975336}, "datetime": {"datetime": "2021-09-17 19:05:31", "elapsed": 17.533624, "delta": 0.367}}
{"target": 0.8289190215636885, "params": {"eta": 0.5074017074113646, "max_depth": 7.656774593341, "n_estimators": 26.04536544885881}, "datetime": {"datetime": "2021-09-17 19:05:31", "elapsed": 17.874556, "delta": 0.340932}}
{"target": 0.8502560812726055, "params": {"eta": 0.30051736130063567, "max_depth": 22.332617663143285, "n_estimators": 20.677087307297906}, "datetime": {"datetime": "2021-09-17 19:05:32", "elapsed": 18.454624, "delta": 0.580068}}
{"target": 0.8600901475405501, "params": {"eta": 0.35119164618155807, "max_depth": 24.76923789955678, "n_estimators": 19.061856718016642}, "datetime": {"datetime": "2021-09-17 19:05:32", "elapsed": 18.967625, "delta": 0.513001}}
{"target": 0.8612956079261775, "params": {"eta": 0.3673274173170268, "max_depth": 6.98809344234804, "n_estimators": 26.714422135855795}, "datetime": {"datetime": "2021-09-17 19:05:33", "elapsed": 19.287625, "delta": 0.32}}
{"target": 0.849597841589667, "params": {"eta": 0.3961471770354521, "max_depth": 22.301460018921833, "n_estimators": 20.915349055235886}, "datetime": {"datetime": "2021-09-17 19:05:34", "elapsed": 20.102925, "delta": 0.8153}}
{"target": 0.8651931370918599, "params": {"eta": 0.2396233249425089, "max_depth": 7.480247883146843, "n_estimators": 26.154613894731447}, "datetime": {"datetime": "2021-09-17 19:05:34", "elapsed": 20.538903, "delta": 0.435978}}
{"target": 0.8056992912918409, "params": {"eta": 0.5040873679562395, "max_depth": 24.866101083866774, "n_estimators": 11.563831169054492}, "datetime": {"datetime": "2021-09-17 19:05:34", "elapsed": 20.912899, "delta": 0.373996}}
{"target": 0.8230165268173744, "params": {"eta": 0.5188077575603319, "max_depth": 24.816824141584227, "n_estimators": 18.953910376483265}, "datetime": {"datetime": "2021-09-17 19:05:35", "elapsed": 21.434898, "delta": 0.521999}}
{"target": 0.8054223015031441, "params": {"eta": 0.612250692868056, "max_depth": 26.899585637822607, "n_estimators": 16.1376656130073}, "datetime": {"datetime": "2021-09-17 19:05:35", "elapsed": 21.93008, "delta": 0.495182}}
{"target": 0.843308790503212, "params": {"eta": 0.2997232030107517, "max_depth": 6.977186590440766, "n_estimators": 26.41954899266155}, "datetime": {"datetime": "2021-09-17 19:05:36", "elapsed": 22.271077, "delta": 0.340997}}
{"target": 0.8597058145966683, "params": {"eta": 0.21663285736438778, "max_depth": 5.675269627824886, "n_estimators": 26.93881463248578}, "datetime": {"datetime": "2021-09-17 19:05:36", "elapsed": 22.611077, "delta": 0.34}}
{"target": 0.8594465013384549, "params": {"eta": 0.2607011861480752, "max_depth": 7.217761156934731, "n_estimators": 26.301713474876763}, "datetime": {"datetime": "2021-09-17 19:05:36", "elapsed": 23.018614, "delta": 0.407537}}
{"target": 0.8562069383036656, "params": {"eta": 0.404967782564133, "max_depth": 5.511897025068734, "n_estimators": 26.815946814342798}, "datetime": {"datetime": "2021-09-17 19:05:37", "elapsed": 23.383609, "delta": 0.364995}}
{"target": 0.8210985725869887, "params": {"eta": 0.4632264003502329, "max_depth": 8.539968824353181, "n_estimators": 26.728841126532}, "datetime": {"datetime": "2021-09-17 19:05:37", "elapsed": 23.802609, "delta": 0.419}}
{"target": 0.8501322437620004, "params": {"eta": 0.17218873502291276, "max_depth": 21.52338093330787, "n_estimators": 21.85139011231826}, "datetime": {"datetime": "2021-09-17 19:05:38", "elapsed": 24.180936, "delta": 0.378327}}
{"target": 0.8693335268550183, "params": {"eta": 0.3797134357825448, "max_depth": 5.508206572404286, "n_estimators": 27.02388193855606}, "datetime": {"datetime": "2021-09-17 19:05:38", "elapsed": 24.542937, "delta": 0.362001}}
{"target": 0.8282616188798436, "params": {"eta": 0.49941409816230875, "max_depth": 7.104695123277701, "n_estimators": 26.42535059938583}, "datetime": {"datetime": "2021-09-17 19:05:38", "elapsed": 25.021936, "delta": 0.478999}}
{"target": 0.8489013790632673, "params": {"eta": 0.272868264222564, "max_depth": 5.510045672286935, "n_estimators": 27.22130763518872}, "datetime": {"datetime": "2021-09-17 19:05:39", "elapsed": 25.363937, "delta": 0.342001}}
{"target": 0.8472384025960348, "params": {"eta": 0.21920999371152272, "max_depth": 5.369299440899102, "n_estimators": 26.757309261092637}, "datetime": {"datetime": "2021-09-17 19:05:39", "elapsed": 25.708942, "delta": 0.345005}}
{"target": 0.8372535114937645, "params": {"eta": 0.4531416796518768, "max_depth": 16.611024548321602, "n_estimators": 28.752692100697992}, "datetime": {"datetime": "2021-09-17 19:05:40", "elapsed": 26.264143, "delta": 0.555201}}
{"target": 0.8636247702753134, "params": {"eta": 0.47825245684691375, "max_depth": 5.528290124559387, "n_estimators": 27.174514308157548}, "datetime": {"datetime": "2021-09-17 19:05:40", "elapsed": 26.638155, "delta": 0.374012}}
{"target": 0.8302291606122159, "params": {"eta": 0.55968424321007, "max_depth": 5.566362612074515, "n_estimators": 27.001296490368897}, "datetime": {"datetime": "2021-09-17 19:05:40", "elapsed": 26.987147, "delta": 0.348992}}
{"target": 0.8626735871442137, "params": {"eta": 0.2305940653612182, "max_depth": 5.3920900888405106, "n_estimators": 26.99236029096276}, "datetime": {"datetime": "2021-09-17 19:05:41", "elapsed": 27.323147, "delta": 0.336}}
{"target": 0.8443103112184286, "params": {"eta": 0.5109074283565646, "max_depth": 5.6320583442405, "n_estimators": 27.426632147627323}, "datetime": {"datetime": "2021-09-17 19:05:41", "elapsed": 27.658145, "delta": 0.334998}}
{"target": 0.8261300086809714, "params": {"eta": 0.6650243654703049, "max_depth": 4.501575790791167, "n_estimators": 13.65191734598535}, "datetime": {"datetime": "2021-09-17 19:05:41", "elapsed": 28.041711, "delta": 0.383566}}
{"target": 0.8081144835749443, "params": {"eta": 0.5020067569277219, "max_depth": 29.258451135434846, "n_estimators": 28.55873799047298}, "datetime": {"datetime": "2021-09-17 19:05:42", "elapsed": 28.688714, "delta": 0.647003}}
{"target": 0.8505159169783393, "params": {"eta": 0.2747904898310726, "max_depth": 5.781319758800506, "n_estimators": 27.236104618565708}, "datetime": {"datetime": "2021-09-17 19:05:42", "elapsed": 29.081717, "delta": 0.393003}}
{"target": 0.8653633692849482, "params": {"eta": 0.21170166665509862, "max_depth": 21.584907298239912, "n_estimators": 21.085239772897587}, "datetime": {"datetime": "2021-09-17 19:05:43", "elapsed": 29.651712, "delta": 0.569995}}
{"target": 0.8342112457778555, "params": {"eta": 0.540069204683389, "max_depth": 5.337139243410512, "n_estimators": 27.1917805796038}, "datetime": {"datetime": "2021-09-17 19:05:43", "elapsed": 30.026028, "delta": 0.374316}}
{"target": 0.8640522004373536, "params": {"eta": 0.3284584292130537, "max_depth": 21.57323961163852, "n_estimators": 21.21360629559129}, "datetime": {"datetime": "2021-09-17 19:05:44", "elapsed": 30.50066, "delta": 0.474632}}
{"target": 0.8510503504997858, "params": {"eta": 0.22429847016931923, "max_depth": 21.7458425619451, "n_estimators": 21.180617421607003}, "datetime": {"datetime": "2021-09-17 19:05:44", "elapsed": 30.965663, "delta": 0.465003}}
{"target": 0.8572839182751475, "params": {"eta": 0.363732867169604, "max_depth": 5.67797829466509, "n_estimators": 27.08141269824841}, "datetime": {"datetime": "2021-09-17 19:05:45", "elapsed": 31.445657, "delta": 0.479994}}
{"target": 0.848441762277172, "params": {"eta": 0.26936823824316314, "max_depth": 21.478677372616705, "n_estimators": 20.891391784560717}, "datetime": {"datetime": "2021-09-17 19:05:45", "elapsed": 31.956941, "delta": 0.511284}}
{"target": 0.8576699893958037, "params": {"eta": 0.1611898125080031, "max_depth": 5.615529388373611, "n_estimators": 26.75029594467734}, "datetime": {"datetime": "2021-09-17 19:05:46", "elapsed": 32.363936, "delta": 0.406995}}
{"target": 0.8542237516774077, "params": {"eta": 0.3414252593618259, "max_depth": 21.353165154770444, "n_estimators": 21.193365706611225}, "datetime": {"datetime": "2021-09-17 19:05:46", "elapsed": 32.823941, "delta": 0.460005}}
{"target": 0.7964061337928448, "params": {"eta": 0.11646142932177332, "max_depth": 21.405083562073997, "n_estimators": 21.05804242058641}, "datetime": {"datetime": "2021-09-17 19:05:47", "elapsed": 33.327941, "delta": 0.504}}
{"target": 0.7928261654287092, "params": {"eta": 0.6069070185109646, "max_depth": 10.474125295571596, "n_estimators": 28.047387943416638}, "datetime": {"datetime": "2021-09-17 19:05:47", "elapsed": 33.896846, "delta": 0.568905}}
{"target": 0.7859130363620122, "params": {"eta": 0.5846216588503356, "max_depth": 7.758832270834395, "n_estimators": 22.02987701204103}, "datetime": {"datetime": "2021-09-17 19:05:48", "elapsed": 34.423628, "delta": 0.526782}}
{"target": 0.8232885420193526, "params": {"eta": 0.5578323051387849, "max_depth": 21.456328362610755, "n_estimators": 21.06861779757935}, "datetime": {"datetime": "2021-09-17 19:05:48", "elapsed": 35.063631, "delta": 0.640003}}
{"target": 0.8319195629404587, "params": {"eta": 0.30581983370794596, "max_depth": 16.184297106907387, "n_estimators": 26.161910541944323}, "datetime": {"datetime": "2021-09-17 19:05:49", "elapsed": 35.748275, "delta": 0.684644}}
{"target": 0.8591675227490528, "params": {"eta": 0.3483915020145102, "max_depth": 5.679521377775597, "n_estimators": 23.95668340303046}, "datetime": {"datetime": "2021-09-17 19:05:50", "elapsed": 36.27651, "delta": 0.528235}}
{"target": 0.8350234599099724, "params": {"eta": 0.2878335341777889, "max_depth": 21.772116846623575, "n_estimators": 20.89730705274407}, "datetime": {"datetime": "2021-09-17 19:05:50", "elapsed": 36.920514, "delta": 0.644004}}
{"target": 0.8235818397022873, "params": {"eta": 0.14721025798687457, "max_depth": 8.188408968736987, "n_estimators": 21.231283709722113}, "datetime": {"datetime": "2021-09-17 19:05:51", "elapsed": 37.414512, "delta": 0.493998}}
{"target": 0.8541456410424727, "params": {"eta": 0.18372617634599883, "max_depth": 7.646919691979067, "n_estimators": 26.058555844833755}, "datetime": {"datetime": "2021-09-17 19:05:52", "elapsed": 38.098038, "delta": 0.683526}}
{"target": 0.8511616658625666, "params": {"eta": 0.3200290141051823, "max_depth": 21.55656107934844, "n_estimators": 21.474181333534553}, "datetime": {"datetime": "2021-09-17 19:05:52", "elapsed": 38.657036, "delta": 0.558998}}
{"target": 0.8386435122972572, "params": {"eta": 0.13422983506131142, "max_depth": 5.481207054248783, "n_estimators": 26.9119032610505}, "datetime": {"datetime": "2021-09-17 19:05:53", "elapsed": 39.17304, "delta": 0.516004}}
{"target": 0.8709806284494086, "params": {"eta": 0.23966151558703427, "max_depth": 5.7047387651690125, "n_estimators": 24.149905888430276}, "datetime": {"datetime": "2021-09-17 19:05:53", "elapsed": 39.639036, "delta": 0.465996}}
{"target": 0.8436863177061241, "params": {"eta": 0.282352009222134, "max_depth": 5.917009857255152, "n_estimators": 24.2053292078375}, "datetime": {"datetime": "2021-09-17 19:05:53", "elapsed": 39.967463, "delta": 0.328427}}
{"target": 0.8498036383385698, "params": {"eta": 0.258056670735683, "max_depth": 5.645043669663986, "n_estimators": 24.325446555782854}, "datetime": {"datetime": "2021-09-17 19:05:54", "elapsed": 40.409139, "delta": 0.441676}}
{"target": 0.758461710846961, "params": {"eta": 0.5998185334335389, "max_depth": 17.722271082164795, "n_estimators": 26.106217797546165}, "datetime": {"datetime": "2021-09-17 19:05:54", "elapsed": 41.035137, "delta": 0.625998}}
{"target": 0.8648363843057771, "params": {"eta": 0.236236510021013, "max_depth": 5.841863536326804, "n_estimators": 26.727838844931007}, "datetime": {"datetime": "2021-09-17 19:05:55", "elapsed": 41.453136, "delta": 0.417999}}
{"target": 0.8198604365583689, "params": {"eta": 0.4822492693421133, "max_depth": 5.6725383110388865, "n_estimators": 24.220578098323166}, "datetime": {"datetime": "2021-09-17 19:05:55", "elapsed": 41.9823, "delta": 0.529164}}
{"target": 0.836711011947431, "params": {"eta": 0.14078323927312655, "max_depth": 5.759425936198664, "n_estimators": 23.927431500494706}, "datetime": {"datetime": "2021-09-17 19:05:56", "elapsed": 42.431302, "delta": 0.449002}}
{"target": 0.8620626470836885, "params": {"eta": 0.35287634503205945, "max_depth": 5.993980130878416, "n_estimators": 26.699175218783136}, "datetime": {"datetime": "2021-09-17 19:05:56", "elapsed": 42.891304, "delta": 0.460002}}
{"target": 0.8579571359508599, "params": {"eta": 0.1855042726532966, "max_depth": 5.930137514158656, "n_estimators": 26.559734547272875}, "datetime": {"datetime": "2021-09-17 19:05:57", "elapsed": 43.50336, "delta": 0.612056}}
{"target": 0.8600078476899022, "params": {"eta": 0.3635201189473163, "max_depth": 5.775811626885962, "n_estimators": 26.642868917784153}, "datetime": {"datetime": "2021-09-17 19:05:57", "elapsed": 43.928359, "delta": 0.424999}}
{"target": 0.8412066649321347, "params": {"eta": 0.2876520099629077, "max_depth": 5.535763581777312, "n_estimators": 24.159525643875682}, "datetime": {"datetime": "2021-09-17 19:05:58", "elapsed": 44.352553, "delta": 0.424194}}
{"target": 0.8403225033811388, "params": {"eta": 0.3250088393159851, "max_depth": 5.536561555256396, "n_estimators": 26.525541369454643}, "datetime": {"datetime": "2021-09-17 19:05:58", "elapsed": 44.841554, "delta": 0.489001}}
{"target": 0.8362076715696694, "params": {"eta": 0.48432750008407743, "max_depth": 6.091096295502095, "n_estimators": 26.501271703574492}, "datetime": {"datetime": "2021-09-17 19:05:59", "elapsed": 45.352736, "delta": 0.511182}}
{"target": 0.8489746861850649, "params": {"eta": 0.33003845251165176, "max_depth": 5.778303196858463, "n_estimators": 26.40974595410738}, "datetime": {"datetime": "2021-09-17 19:05:59", "elapsed": 45.778733, "delta": 0.425997}}
{"target": 0.866881370423745, "params": {"eta": 0.3887427109606255, "max_depth": 16.826304164382186, "n_estimators": 27.957213130898847}, "datetime": {"datetime": "2021-09-17 19:06:00", "elapsed": 46.431064, "delta": 0.652331}}
{"target": 0.8453305868216371, "params": {"eta": 0.3703284217056172, "max_depth": 9.852165112879952, "n_estimators": 9.648970555833328}, "datetime": {"datetime": "2021-09-17 19:06:00", "elapsed": 46.869062, "delta": 0.437998}}
{"target": 0.7597258960593456, "params": {"eta": 0.7632002416359007, "max_depth": 22.458213166425146, "n_estimators": 29.64447753782279}, "datetime": {"datetime": "2021-09-17 19:06:01", "elapsed": 47.574582, "delta": 0.70552}}
{"target": 0.8421673067939706, "params": {"eta": 0.28497796260368435, "max_depth": 16.678145893760643, "n_estimators": 27.84610227145683}, "datetime": {"datetime": "2021-09-17 19:06:02", "elapsed": 48.260677, "delta": 0.686095}}
{"target": 0.7677788901875906, "params": {"eta": 0.6641909367650224, "max_depth": 12.623277666366615, "n_estimators": 28.386707782764617}, "datetime": {"datetime": "2021-09-17 19:06:02", "elapsed": 48.998677, "delta": 0.738}}
{"target": 0.8527840648281133, "params": {"eta": 0.33061672478832205, "max_depth": 5.832354864747992, "n_estimators": 26.88345963573231}, "datetime": {"datetime": "2021-09-17 19:06:03", "elapsed": 49.610676, "delta": 0.611999}}
{"target": 0.8210584924917189, "params": {"eta": 0.5200010039525135, "max_depth": 16.992997757138042, "n_estimators": 27.835404660958076}, "datetime": {"datetime": "2021-09-17 19:06:04", "elapsed": 50.281634, "delta": 0.670958}}
{"target": 0.8502506132643085, "params": {"eta": 0.12607771996862183, "max_depth": 7.292261555164721, "n_estimators": 26.082149223523032}, "datetime": {"datetime": "2021-09-17 19:06:04", "elapsed": 50.80263, "delta": 0.520996}}
{"target": 0.8675940926806468, "params": {"eta": 0.44107747293481747, "max_depth": 16.72997346025402, "n_estimators": 28.0320440669446}, "datetime": {"datetime": "2021-09-17 19:06:05", "elapsed": 51.518635, "delta": 0.716005}}
{"target": 0.8486580762545121, "params": {"eta": 0.3941875203702987, "max_depth": 5.175395909895892, "n_estimators": 26.94049737109837}, "datetime": {"datetime": "2021-09-17 19:06:05", "elapsed": 52.064894, "delta": 0.546259}}
{"target": 0.7767952358271116, "params": {"eta": 0.6748696736967758, "max_depth": 22.70549877483144, "n_estimators": 27.578013097722064}, "datetime": {"datetime": "2021-09-17 19:06:06", "elapsed": 52.814897, "delta": 0.750003}}
{"target": 0.8377576215071254, "params": {"eta": 0.38601577547611965, "max_depth": 16.958687606252273, "n_estimators": 28.237091097625196}, "datetime": {"datetime": "2021-09-17 19:06:07", "elapsed": 53.455897, "delta": 0.641}}
{"target": 0.8340335241441514, "params": {"eta": 0.2616257103216843, "max_depth": 21.323590879096763, "n_estimators": 21.591088566039026}, "datetime": {"datetime": "2021-09-17 19:06:07", "elapsed": 53.966899, "delta": 0.511002}}
{"target": 0.8332365447402651, "params": {"eta": 0.2272886920879432, "max_depth": 24.99966554503075, "n_estimators": 18.993766512868316}, "datetime": {"datetime": "2021-09-17 19:06:08", "elapsed": 54.658901, "delta": 0.692002}}
{"target": 0.8604553321606757, "params": {"eta": 0.34089572348182057, "max_depth": 16.71420535239018, "n_estimators": 28.153339897962038}, "datetime": {"datetime": "2021-09-17 19:06:09", "elapsed": 55.315896, "delta": 0.656995}}
{"target": 0.8222201655535436, "params": {"eta": 0.1087084195163352, "max_depth": 5.838481691340942, "n_estimators": 27.038201456259916}, "datetime": {"datetime": "2021-09-17 19:06:09", "elapsed": 55.903898, "delta": 0.588002}}
{"target": 0.8156107983544181, "params": {"eta": 0.5669059813018933, "max_depth": 16.65455809418975, "n_estimators": 28.21018767055866}, "datetime": {"datetime": "2021-09-17 19:06:10", "elapsed": 56.743897, "delta": 0.839999}}
{"target": 0.7769931590397624, "params": {"eta": 0.6231040409002223, "max_depth": 5.996748588801057, "n_estimators": 26.792692776735933}, "datetime": {"datetime": "2021-09-17 19:06:11", "elapsed": 57.290896, "delta": 0.546999}}
