{"target": -16.369530153477726, "params": {"eta": 0.9179580388646901, "max_depth": 27.55579731742826, "n_estimators": 25.15425445712298}, "datetime": {"datetime": "2021-09-27 18:08:16", "elapsed": 184.263947, "delta": 1.33317}}
{"target": -95.62165198167342, "params": {"eta": 0.001, "max_depth": 26.486927453306773, "n_estimators": 19.59101688186317}, "datetime": {"datetime": "2021-09-27 18:08:17", "elapsed": 185.341539, "delta": 1.077592}}
{"target": -15.975151143064647, "params": {"eta": 0.9425935674273287, "max_depth": 8.657992499614366, "n_estimators": 24.864182656371835}, "datetime": {"datetime": "2021-09-27 18:08:19", "elapsed": 187.144618, "delta": 1.803079}}
{"target": -11.521568044012168, "params": {"eta": 0.12441900597148654, "max_depth": 13.163123569365023, "n_estimators": 30.57110414293141}, "datetime": {"datetime": "2021-09-27 18:08:20", "elapsed": 188.420266, "delta": 1.275648}}
{"target": -17.130631151601722, "params": {"eta": 0.993376165512005, "max_depth": 13.94707425700973, "n_estimators": 29.76054495838201}, "datetime": {"datetime": "2021-09-27 18:08:22", "elapsed": 189.829445, "delta": 1.409179}}
{"target": -92.63942004161878, "params": {"eta": 0.0014532899082139242, "max_depth": 26.575928301724073, "n_estimators": 35.486736628344055}, "datetime": {"datetime": "2021-09-27 18:08:23", "elapsed": 191.278222, "delta": 1.448777}}
{"target": -12.053113967191539, "params": {"eta": 0.29948431224115035, "max_depth": 22.150966280000816, "n_estimators": 22.77125359926828}, "datetime": {"datetime": "2021-09-27 18:08:24", "elapsed": 192.576016, "delta": 1.297794}}
{"target": -16.530137018221364, "params": {"eta": 0.8265248216965477, "max_depth": 24.353772229364278, "n_estimators": 35.183188782656174}, "datetime": {"datetime": "2021-09-27 18:08:26", "elapsed": 193.914261, "delta": 1.338245}}
{"target": -12.064745532342828, "params": {"eta": 0.43001128207479067, "max_depth": 22.955519762802222, "n_estimators": 24.723422417210234}, "datetime": {"datetime": "2021-09-27 18:08:28", "elapsed": 195.852681, "delta": 1.93842}}
{"target": -13.093704822800786, "params": {"eta": 0.5197608094607634, "max_depth": 28.163609627405265, "n_estimators": 37.52656319584904}, "datetime": {"datetime": "2021-09-27 18:08:29", "elapsed": 197.662508, "delta": 1.809827}}
{"target": -16.23209852450939, "params": {"eta": 0.8270272666572094, "max_depth": 22.32425650439175, "n_estimators": 21.686900776207118}, "datetime": {"datetime": "2021-09-27 18:08:31", "elapsed": 199.600822, "delta": 1.938314}}
{"target": -15.959617466950837, "params": {"eta": 1.0, "max_depth": 21.223784169644357, "n_estimators": 33.552794384482404}, "datetime": {"datetime": "2021-09-27 18:08:33", "elapsed": 201.060815, "delta": 1.459993}}
{"target": -16.805123474012866, "params": {"eta": 0.9903757747582596, "max_depth": 1.583426684299928, "n_estimators": 13.02805284439252}, "datetime": {"datetime": "2021-09-27 18:08:34", "elapsed": 202.558256, "delta": 1.497441}}
{"target": -17.06485172860443, "params": {"eta": 0.96838922755694, "max_depth": 17.859045910386595, "n_estimators": 27.39846663906537}, "datetime": {"datetime": "2021-09-27 18:08:36", "elapsed": 204.148788, "delta": 1.590532}}
{"target": -94.86898681435324, "params": {"eta": 0.001, "max_depth": 20.48976449614598, "n_estimators": 27.407315619910367}, "datetime": {"datetime": "2021-09-27 18:08:37", "elapsed": 205.520451, "delta": 1.371663}}
{"target": -13.941089717333591, "params": {"eta": 0.6564939566262167, "max_depth": 26.498680108337354, "n_estimators": 22.592619386539546}, "datetime": {"datetime": "2021-09-27 18:08:38", "elapsed": 206.716453, "delta": 1.196002}}
{"target": -36.07208860006455, "params": {"eta": 0.039614665085447816, "max_depth": 22.10771098536067, "n_estimators": 25.637545218021696}, "datetime": {"datetime": "2021-09-27 18:08:40", "elapsed": 208.578603, "delta": 1.86215}}
{"target": -15.892412161235352, "params": {"eta": 1.0, "max_depth": 19.063315294126102, "n_estimators": 29.32171842588919}, "datetime": {"datetime": "2021-09-27 18:08:42", "elapsed": 210.2703, "delta": 1.691697}}
{"target": -16.487185636973955, "params": {"eta": 0.9377024394491691, "max_depth": 22.97178130334332, "n_estimators": 23.494789587651166}, "datetime": {"datetime": "2021-09-27 18:08:44", "elapsed": 212.09486, "delta": 1.82456}}
{"target": -17.431512511878335, "params": {"eta": 0.9342128299932434, "max_depth": 9.499780848982752, "n_estimators": 43.462117713153425}, "datetime": {"datetime": "2021-09-27 18:08:45", "elapsed": 213.807062, "delta": 1.712202}}
{"target": -11.221417457698191, "params": {"eta": 0.12003764813542389, "max_depth": 7.94319420838419, "n_estimators": 43.37272547155667}, "datetime": {"datetime": "2021-09-27 18:08:47", "elapsed": 215.179056, "delta": 1.371994}}
{"target": -13.003952594043488, "params": {"eta": 0.5335337947636971, "max_depth": 18.35097479815229, "n_estimators": 25.992288710456442}, "datetime": {"datetime": "2021-09-27 18:08:49", "elapsed": 217.096186, "delta": 1.91713}}
{"target": -16.19525499458579, "params": {"eta": 0.9603690712461721, "max_depth": 24.198577100782575, "n_estimators": 49.352953011960814}, "datetime": {"datetime": "2021-09-27 18:08:50", "elapsed": 218.735379, "delta": 1.639193}}
{"target": -16.05437033561065, "params": {"eta": 1.0, "max_depth": 25.87220496509788, "n_estimators": 49.31446360967592}, "datetime": {"datetime": "2021-09-27 18:08:52", "elapsed": 220.682842, "delta": 1.947463}}
{"target": -93.7448601164215, "params": {"eta": 0.001, "max_depth": 14.686430978571646, "n_estimators": 39.89752404171419}, "datetime": {"datetime": "2021-09-27 18:08:54", "elapsed": 222.214767, "delta": 1.531925}}
{"target": -15.349832878274523, "params": {"eta": 0.6473537749141272, "max_depth": 17.036177497183576, "n_estimators": 39.91928198595518}, "datetime": {"datetime": "2021-09-27 18:08:56", "elapsed": 224.302758, "delta": 2.087991}}
{"target": -62.84133323062434, "params": {"eta": 0.009875884175128014, "max_depth": 7.592710520763848, "n_estimators": 44.75548805992477}, "datetime": {"datetime": "2021-09-27 18:08:58", "elapsed": 226.221052, "delta": 1.918294}}
{"target": -12.40129076370543, "params": {"eta": 0.4550518724976914, "max_depth": 22.50518533997126, "n_estimators": 34.71140445237858}, "datetime": {"datetime": "2021-09-27 18:09:00", "elapsed": 228.197131, "delta": 1.976079}}
{"target": -16.75033226227065, "params": {"eta": 0.9312073359657318, "max_depth": 14.527152511336377, "n_estimators": 43.231794527437955}, "datetime": {"datetime": "2021-09-27 18:09:02", "elapsed": 230.334132, "delta": 2.137001}}
{"target": -12.433046424327438, "params": {"eta": 0.25213238596256793, "max_depth": 9.898227495789007, "n_estimators": 44.56992127233544}, "datetime": {"datetime": "2021-09-27 18:09:04", "elapsed": 231.873966, "delta": 1.539834}}
{"target": -16.196281078583457, "params": {"eta": 1.0, "max_depth": 16.15577820423815, "n_estimators": 42.98706949445367}, "datetime": {"datetime": "2021-09-27 18:09:06", "elapsed": 233.832095, "delta": 1.958129}}
{"target": -25.085093140603053, "params": {"eta": 0.0955870952533722, "max_depth": 19.63479900558037, "n_estimators": 14.805685176371403}, "datetime": {"datetime": "2021-09-27 18:09:07", "elapsed": 235.802745, "delta": 1.97065}}
{"target": -13.601061741437123, "params": {"eta": 0.5555057140580871, "max_depth": 15.740772034910401, "n_estimators": 17.922627493692914}, "datetime": {"datetime": "2021-09-27 18:09:09", "elapsed": 237.565284, "delta": 1.762539}}
{"target": -12.329052410827677, "params": {"eta": 0.3215243055265571, "max_depth": 13.512517325725932, "n_estimators": 37.957719550208225}, "datetime": {"datetime": "2021-09-27 18:09:11", "elapsed": 239.218285, "delta": 1.653001}}
{"target": -12.545134153874873, "params": {"eta": 0.1491210621975967, "max_depth": 8.82485377984916, "n_estimators": 17.000009594824963}, "datetime": {"datetime": "2021-09-27 18:09:13", "elapsed": 241.237308, "delta": 2.019023}}
{"target": -90.0482513936964, "params": {"eta": 0.005260790765359904, "max_depth": 9.534723545086742, "n_estimators": 15.559175812012132}, "datetime": {"datetime": "2021-09-27 18:09:15", "elapsed": 243.160289, "delta": 1.922981}}
{"target": -39.74783885418909, "params": {"eta": 0.04898470728842403, "max_depth": 10.213629330718788, "n_estimators": 18.1112894505808}, "datetime": {"datetime": "2021-09-27 18:09:16", "elapsed": 244.591604, "delta": 1.431315}}
{"target": -16.460167239962434, "params": {"eta": 0.8790341327161644, "max_depth": 7.744569237900383, "n_estimators": 16.80552852252581}, "datetime": {"datetime": "2021-09-27 18:09:18", "elapsed": 246.348743, "delta": 1.757139}}
{"target": -15.895927836996378, "params": {"eta": 0.04269591220538296, "max_depth": 10.817240148380298, "n_estimators": 47.1560824971547}, "datetime": {"datetime": "2021-09-27 18:09:21", "elapsed": 249.410677, "delta": 3.061934}}
{"target": -13.08766808049027, "params": {"eta": 0.08355620282299919, "max_depth": 15.138905447660425, "n_estimators": 30.224433377548568}, "datetime": {"datetime": "2021-09-27 18:09:23", "elapsed": 251.634505, "delta": 2.223828}}
{"target": -17.846975615827, "params": {"eta": 1.0, "max_depth": 8.944142817467704, "n_estimators": 47.01047655331446}, "datetime": {"datetime": "2021-09-27 18:09:26", "elapsed": 254.321308, "delta": 2.686803}}
{"target": -15.829500903884869, "params": {"eta": 0.9542238976235067, "max_depth": 24.448817865178594, "n_estimators": 25.470322211528845}, "datetime": {"datetime": "2021-09-27 18:09:28", "elapsed": 256.114964, "delta": 1.793656}}
{"target": -17.04440158005695, "params": {"eta": 0.9318855245881944, "max_depth": 7.129503423332531, "n_estimators": 42.66255240626478}, "datetime": {"datetime": "2021-09-27 18:09:30", "elapsed": 258.182992, "delta": 2.068028}}
{"target": -35.91286751503594, "params": {"eta": 0.027024365962240095, "max_depth": 24.581258470349614, "n_estimators": 37.00518404088424}, "datetime": {"datetime": "2021-09-27 18:09:32", "elapsed": 260.46096, "delta": 2.277968}}
{"target": -11.52291964269599, "params": {"eta": 0.07503265483826731, "max_depth": 25.40957356229254, "n_estimators": 48.419815533725945}, "datetime": {"datetime": "2021-09-27 18:09:34", "elapsed": 262.067651, "delta": 1.606691}}
{"target": -11.82824284591134, "params": {"eta": 0.20192340083092694, "max_depth": 25.74889909992117, "n_estimators": 46.8621506858723}, "datetime": {"datetime": "2021-09-27 18:09:36", "elapsed": 264.327321, "delta": 2.25967}}
{"target": -13.982162821204568, "params": {"eta": 0.09897240724991435, "max_depth": 8.451096996430842, "n_estimators": 22.69335319779352}, "datetime": {"datetime": "2021-09-27 18:09:37", "elapsed": 265.804004, "delta": 1.476683}}
{"target": -17.209194833886247, "params": {"eta": 0.870157726286252, "max_depth": 9.701742801595742, "n_estimators": 22.495160030282033}, "datetime": {"datetime": "2021-09-27 18:09:40", "elapsed": 267.927676, "delta": 2.123672}}
{"target": -12.566639841948323, "params": {"eta": 0.4481526935407491, "max_depth": 7.280363732166986, "n_estimators": 21.646163195017397}, "datetime": {"datetime": "2021-09-27 18:09:41", "elapsed": 269.66103, "delta": 1.733354}}
{"target": -16.58277795844865, "params": {"eta": 0.8096872350985835, "max_depth": 7.93302295458667, "n_estimators": 19.848683546839517}, "datetime": {"datetime": "2021-09-27 18:09:43", "elapsed": 271.192855, "delta": 1.531825}}
{"target": -42.42949354614112, "params": {"eta": 0.033564442681560634, "max_depth": 3.234717338076596, "n_estimators": 24.423558876227453}, "datetime": {"datetime": "2021-09-27 18:09:45", "elapsed": 273.33065, "delta": 2.137795}}
{"target": -12.333500723471168, "params": {"eta": 0.3247915001682115, "max_depth": 27.196751822682106, "n_estimators": 46.49936839613624}, "datetime": {"datetime": "2021-09-27 18:09:47", "elapsed": 275.279904, "delta": 1.949254}}
{"target": -75.88260425154134, "params": {"eta": 0.008862695045105146, "max_depth": 11.87539091257223, "n_estimators": 28.26208341986195}, "datetime": {"datetime": "2021-09-27 18:09:49", "elapsed": 277.336843, "delta": 2.056939}}
{"target": -14.095738186090436, "params": {"eta": 0.5571651134926267, "max_depth": 2.125943700129839, "n_estimators": 26.551044458832983}, "datetime": {"datetime": "2021-09-27 18:09:51", "elapsed": 279.091982, "delta": 1.755139}}
{"target": -16.79275531825898, "params": {"eta": 0.8795804963509704, "max_depth": 12.040897265701679, "n_estimators": 46.76446735031806}, "datetime": {"datetime": "2021-09-27 18:09:53", "elapsed": 281.295985, "delta": 2.204003}}
{"target": -16.754959517301394, "params": {"eta": 0.9750713789743709, "max_depth": 12.921422486006259, "n_estimators": 41.46855354909172}, "datetime": {"datetime": "2021-09-27 18:09:55", "elapsed": 283.394329, "delta": 2.098344}}
{"target": -25.61538112561605, "params": {"eta": 0.07428283131299616, "max_depth": 13.054507283634898, "n_estimators": 18.339934677298476}, "datetime": {"datetime": "2021-09-27 18:09:57", "elapsed": 285.555536, "delta": 2.161207}}
{"target": -13.420988471211789, "params": {"eta": 0.5360123221531709, "max_depth": 16.944409603573174, "n_estimators": 44.35350691132203}, "datetime": {"datetime": "2021-09-27 18:09:59", "elapsed": 287.553697, "delta": 1.998161}}
{"target": -17.280940204426066, "params": {"eta": 0.04315118359370082, "max_depth": 18.661581243695142, "n_estimators": 43.12079140736903}, "datetime": {"datetime": "2021-09-27 18:10:02", "elapsed": 289.942354, "delta": 2.388657}}
{"target": -14.32631973226545, "params": {"eta": 1.0, "max_depth": 2.5177236088363815, "n_estimators": 14.306007414342226}, "datetime": {"datetime": "2021-09-27 18:10:04", "elapsed": 291.945546, "delta": 2.003192}}
{"target": -16.661280560784782, "params": {"eta": 0.818101994792408, "max_depth": 16.010085455947824, "n_estimators": 31.948151117047377}, "datetime": {"datetime": "2021-09-27 18:10:06", "elapsed": 294.164454, "delta": 2.218908}}
{"target": -15.937953080862716, "params": {"eta": 1.0, "max_depth": 11.97711035940253, "n_estimators": 16.778455535676844}, "datetime": {"datetime": "2021-09-27 18:10:08", "elapsed": 295.988716, "delta": 1.824262}}
{"target": -12.043099430161668, "params": {"eta": 0.4682094636692894, "max_depth": 5.764193615813341, "n_estimators": 22.471615896884764}, "datetime": {"datetime": "2021-09-27 18:10:10", "elapsed": 298.026531, "delta": 2.037815}}
{"target": -11.862108268199405, "params": {"eta": 0.27646247912962413, "max_depth": 25.4280311200419, "n_estimators": 26.649204136552417}, "datetime": {"datetime": "2021-09-27 18:10:11", "elapsed": 299.523534, "delta": 1.497003}}
{"target": -16.15169202032453, "params": {"eta": 0.9647684455649264, "max_depth": 29.41406464726345, "n_estimators": 34.52207436447684}, "datetime": {"datetime": "2021-09-27 18:10:13", "elapsed": 301.589872, "delta": 2.066338}}
{"target": -17.43713107886838, "params": {"eta": 0.9827569342251398, "max_depth": 26.333953450194237, "n_estimators": 27.718584106718925}, "datetime": {"datetime": "2021-09-27 18:10:15", "elapsed": 303.375837, "delta": 1.785965}}
{"target": -12.036815516578107, "params": {"eta": 0.3692522736030095, "max_depth": 5.860849385018017, "n_estimators": 24.065734371149148}, "datetime": {"datetime": "2021-09-27 18:10:17", "elapsed": 305.306594, "delta": 1.930757}}
{"target": -94.02542495398785, "params": {"eta": 0.001, "max_depth": 20.731779875892247, "n_estimators": 36.42683517900171}, "datetime": {"datetime": "2021-09-27 18:10:19", "elapsed": 306.947576, "delta": 1.640982}}
{"target": -15.66101025292208, "params": {"eta": 0.9897060526417861, "max_depth": 18.88525099514136, "n_estimators": 34.89556637411579}, "datetime": {"datetime": "2021-09-27 18:10:21", "elapsed": 309.090987, "delta": 2.143411}}
{"target": -93.46511222968387, "params": {"eta": 0.001, "max_depth": 9.04230669999375, "n_estimators": 42.899481193936595}, "datetime": {"datetime": "2021-09-27 18:10:23", "elapsed": 311.625462, "delta": 2.534475}}
{"target": -15.76159602669417, "params": {"eta": 0.7249723046809395, "max_depth": 9.150022097454622, "n_estimators": 45.193963249231224}, "datetime": {"datetime": "2021-09-27 18:10:25", "elapsed": 313.786524, "delta": 2.161062}}
{"target": -17.505759665530725, "params": {"eta": 0.9354780919242398, "max_depth": 24.39149340993872, "n_estimators": 26.69682227543956}, "datetime": {"datetime": "2021-09-27 18:10:28", "elapsed": 316.292114, "delta": 2.50559}}
{"target": -22.37685485307817, "params": {"eta": 0.057637335497463665, "max_depth": 28.77678652521761, "n_estimators": 26.707708927656977}, "datetime": {"datetime": "2021-09-27 18:10:30", "elapsed": 318.616736, "delta": 2.324622}}
{"target": -17.3545067764271, "params": {"eta": 0.94265442331728, "max_depth": 26.51985223184997, "n_estimators": 26.40359296404289}, "datetime": {"datetime": "2021-09-27 18:10:32", "elapsed": 320.529329, "delta": 1.912593}}
{"target": -89.6980840953255, "params": {"eta": 0.005514522358670685, "max_depth": 14.816234073021302, "n_estimators": 15.995100619696517}, "datetime": {"datetime": "2021-09-27 18:10:35", "elapsed": 323.030591, "delta": 2.501262}}
{"target": -16.414426417091914, "params": {"eta": 0.9998768326831639, "max_depth": 13.95687202269121, "n_estimators": 17.47085350186657}, "datetime": {"datetime": "2021-09-27 18:10:37", "elapsed": 325.125797, "delta": 2.095206}}
{"target": -95.15054666194999, "params": {"eta": 0.001, "max_depth": 7.965126355743235, "n_estimators": 24.206614761094354}, "datetime": {"datetime": "2021-09-27 18:10:39", "elapsed": 327.713696, "delta": 2.587899}}
{"target": -11.286002853776896, "params": {"eta": 0.11880582410382869, "max_depth": 15.985438024085251, "n_estimators": 43.89830196931777}, "datetime": {"datetime": "2021-09-27 18:10:42", "elapsed": 330.016875, "delta": 2.303179}}
{"target": -13.198009785765963, "params": {"eta": 0.5621375461348521, "max_depth": 19.352836578719824, "n_estimators": 28.67695536046144}, "datetime": {"datetime": "2021-09-27 18:10:43", "elapsed": 331.709209, "delta": 1.692334}}
{"target": -14.1802165856627, "params": {"eta": 0.6515882490640695, "max_depth": 26.547700487644647, "n_estimators": 22.57284809620041}, "datetime": {"datetime": "2021-09-27 18:10:45", "elapsed": 333.106045, "delta": 1.396836}}
{"target": -15.275947708064667, "params": {"eta": 0.8681548387387045, "max_depth": 6.772659233218159, "n_estimators": 26.475889465805192}, "datetime": {"datetime": "2021-09-27 18:10:47", "elapsed": 335.399278, "delta": 2.293233}}
{"target": -15.784047994546905, "params": {"eta": 0.9691304229949083, "max_depth": 8.393549727652381, "n_estimators": 26.076255534542426}, "datetime": {"datetime": "2021-09-27 18:10:49", "elapsed": 337.793748, "delta": 2.39447}}
{"target": -17.132482226373213, "params": {"eta": 0.9303573189672646, "max_depth": 7.972372929817087, "n_estimators": 22.249383192239538}, "datetime": {"datetime": "2021-09-27 18:10:51", "elapsed": 339.649069, "delta": 1.855321}}
{"target": -16.605010662272914, "params": {"eta": 1.0, "max_depth": 10.025400057350543, "n_estimators": 23.80310672504372}, "datetime": {"datetime": "2021-09-27 18:10:53", "elapsed": 341.697466, "delta": 2.048397}}
{"target": -15.852805699038797, "params": {"eta": 0.9603182961925225, "max_depth": 20.016037771622997, "n_estimators": 34.55564721906435}, "datetime": {"datetime": "2021-09-27 18:10:56", "elapsed": 344.372232, "delta": 2.674766}}
{"target": -16.047069308448396, "params": {"eta": 1.0, "max_depth": 22.571355782322374, "n_estimators": 33.32499242097221}, "datetime": {"datetime": "2021-09-27 18:10:58", "elapsed": 346.491927, "delta": 2.119695}}
{"target": -12.58427826136162, "params": {"eta": 0.2267162798656835, "max_depth": 27.141822139567118, "n_estimators": 45.03065056393865}, "datetime": {"datetime": "2021-09-27 18:11:01", "elapsed": 349.637628, "delta": 3.145701}}
{"target": -17.464842259322914, "params": {"eta": 0.9461391729827308, "max_depth": 23.213630819620597, "n_estimators": 35.79761218744141}, "datetime": {"datetime": "2021-09-27 18:11:03", "elapsed": 351.756839, "delta": 2.119211}}
{"target": -16.724630232321193, "params": {"eta": 0.9731089167396467, "max_depth": 5.905265754437158, "n_estimators": 23.2905987207591}, "datetime": {"datetime": "2021-09-27 18:11:05", "elapsed": 353.738399, "delta": 1.98156}}
{"target": -92.81553128313867, "params": {"eta": 0.001, "max_depth": 26.532695693942323, "n_estimators": 49.21914151867478}, "datetime": {"datetime": "2021-09-27 18:11:08", "elapsed": 355.867009, "delta": 2.12861}}
{"target": -17.42641714793514, "params": {"eta": 0.9417637136868914, "max_depth": 25.307116570424924, "n_estimators": 48.51098981993373}, "datetime": {"datetime": "2021-09-27 18:11:10", "elapsed": 358.420853, "delta": 2.553844}}
{"target": -12.532466808468563, "params": {"eta": 0.056302884228581644, "max_depth": 24.214195154706623, "n_estimators": 48.90010559873235}, "datetime": {"datetime": "2021-09-27 18:11:13", "elapsed": 361.325656, "delta": 2.904803}}
{"target": -11.786710467506891, "params": {"eta": 0.08444256780188969, "max_depth": 16.088934073788575, "n_estimators": 42.34285797518934}, "datetime": {"datetime": "2021-09-27 18:11:15", "elapsed": 363.661615, "delta": 2.335959}}
{"target": -92.90805803221667, "params": {"eta": 0.001, "max_depth": 10.698109409946188, "n_estimators": 48.65223015866658}, "datetime": {"datetime": "2021-09-27 18:11:18", "elapsed": 366.199787, "delta": 2.538172}}
{"target": -18.554737394750397, "params": {"eta": 0.9444614012724112, "max_depth": 10.250660617703993, "n_estimators": 47.13819522802702}, "datetime": {"datetime": "2021-09-27 18:11:20", "elapsed": 368.488795, "delta": 2.289008}}
{"target": -38.9044630969014, "params": {"eta": 0.025472439722378813, "max_depth": 28.582630531875203, "n_estimators": 36.58760256772028}, "datetime": {"datetime": "2021-09-27 18:11:23", "elapsed": 371.023393, "delta": 2.534598}}
