{"target": -2.235080273527848, "params": {"eta": 0.11242321399244035, "max_depth": 10.295506828803074, "n_estimators": 61.33192254570061}, "datetime": {"datetime": "2021-09-21 15:41:25", "elapsed": 677.315688, "delta": 2.959003}}
{"target": -2.40482333271127, "params": {"eta": 0.16841915699039664, "max_depth": 22.33800725814078, "n_estimators": 61.74397585469178}, "datetime": {"datetime": "2021-09-21 15:41:29", "elapsed": 680.77925, "delta": 3.463562}}
{"target": -2.5881461927765295, "params": {"eta": 0.40496515602684463, "max_depth": 19.922160872679008, "n_estimators": 57.747884519878326}, "datetime": {"datetime": "2021-09-21 15:41:31", "elapsed": 683.108415, "delta": 2.329165}}
{"target": -2.3567874707673724, "params": {"eta": 0.17155278749029235, "max_depth": 11.567213311444519, "n_estimators": 55.536963953228884}, "datetime": {"datetime": "2021-09-21 15:41:34", "elapsed": 685.715653, "delta": 2.607238}}
{"target": -2.3378072381019592, "params": {"eta": 0.2641438194500895, "max_depth": 20.874498620665413, "n_estimators": 49.31994715080231}, "datetime": {"datetime": "2021-09-21 15:41:36", "elapsed": 688.519846, "delta": 2.804193}}
{"target": -2.296057807771783, "params": {"eta": 0.1884888471850522, "max_depth": 30.127088354353937, "n_estimators": 47.275713450764485}, "datetime": {"datetime": "2021-09-21 15:41:39", "elapsed": 691.249842, "delta": 2.729996}}
{"target": -2.335317957401276, "params": {"eta": 0.10834361688137316, "max_depth": 21.052696320616942, "n_estimators": 49.24294123947166}, "datetime": {"datetime": "2021-09-21 15:41:42", "elapsed": 694.277792, "delta": 3.02795}}
{"target": -2.2723223993652746, "params": {"eta": 0.19584160855237953, "max_depth": 10.221973424058625, "n_estimators": 61.43751222049714}, "datetime": {"datetime": "2021-09-21 15:41:46", "elapsed": 697.886201, "delta": 3.608409}}
{"target": -2.347390185531817, "params": {"eta": 0.14534092758942746, "max_depth": 10.473437557320558, "n_estimators": 59.206747393126975}, "datetime": {"datetime": "2021-09-21 15:41:48", "elapsed": 700.100265, "delta": 2.214064}}
{"target": -2.2720439346213093, "params": {"eta": 0.21180070577513765, "max_depth": 10.36643435253023, "n_estimators": 61.494480417632786}, "datetime": {"datetime": "2021-09-21 15:41:51", "elapsed": 703.309216, "delta": 3.208951}}
{"target": -2.3389050766041404, "params": {"eta": 0.10875009509233186, "max_depth": 21.56921619677741, "n_estimators": 59.26034619164068}, "datetime": {"datetime": "2021-09-21 15:41:56", "elapsed": 708.128112, "delta": 4.818896}}
{"target": -2.9535623406109055, "params": {"eta": 0.05484921181837449, "max_depth": 30.17977105506586, "n_estimators": 47.28246819771921}, "datetime": {"datetime": "2021-09-21 15:41:58", "elapsed": 710.478889, "delta": 2.350777}}
{"target": -2.3831763750628423, "params": {"eta": 0.274121119938312, "max_depth": 30.085266759434607, "n_estimators": 47.46112316198786}, "datetime": {"datetime": "2021-09-21 15:42:03", "elapsed": 714.887243, "delta": 4.408354}}
{"target": -2.53451617140519, "params": {"eta": 0.3068819547672191, "max_depth": 30.017771305657217, "n_estimators": 47.24779921586749}, "datetime": {"datetime": "2021-09-21 15:42:06", "elapsed": 718.176486, "delta": 3.289243}}
{"target": -2.3786618935434443, "params": {"eta": 0.16718338484886658, "max_depth": 10.169782526101148, "n_estimators": 61.32090550843546}, "datetime": {"datetime": "2021-09-21 15:42:10", "elapsed": 722.611361, "delta": 4.434875}}
{"target": -2.546773097389623, "params": {"eta": 0.25872811129422574, "max_depth": 33.87248503692696, "n_estimators": 42.38789879315314}, "datetime": {"datetime": "2021-09-21 15:42:14", "elapsed": 726.129709, "delta": 3.518348}}
{"target": -2.658606199214333, "params": {"eta": 0.49466557021592283, "max_depth": 32.925886414494784, "n_estimators": 63.88446856333998}, "datetime": {"datetime": "2021-09-21 15:42:16", "elapsed": 728.13867, "delta": 2.008961}}
{"target": -2.4704837579476204, "params": {"eta": 0.24877256617152343, "max_depth": 10.378648573473006, "n_estimators": 59.17476270713903}, "datetime": {"datetime": "2021-09-21 15:42:19", "elapsed": 731.293997, "delta": 3.155327}}
{"target": -2.2825094084990654, "params": {"eta": 0.17329514746207492, "max_depth": 30.20224856272343, "n_estimators": 47.56848091933316}, "datetime": {"datetime": "2021-09-21 15:42:23", "elapsed": 734.763599, "delta": 3.469602}}
{"target": -2.4782681044779324, "params": {"eta": 0.3877117472718919, "max_depth": 34.096774081211166, "n_estimators": 39.983027566601876}, "datetime": {"datetime": "2021-09-21 15:42:27", "elapsed": 738.744918, "delta": 3.981319}}
{"target": -2.2458386283171805, "params": {"eta": 0.09582072268723373, "max_depth": 10.326848132923526, "n_estimators": 61.49930668089943}, "datetime": {"datetime": "2021-09-21 15:42:30", "elapsed": 742.357957, "delta": 3.613039}}
{"target": -2.4585685824093066, "params": {"eta": 0.28476765262435283, "max_depth": 10.3273236141044, "n_estimators": 61.29948537038885}, "datetime": {"datetime": "2021-09-21 15:42:34", "elapsed": 746.291859, "delta": 3.933902}}
{"target": -2.4076026590246906, "params": {"eta": 0.2892346469202685, "max_depth": 21.781933413651267, "n_estimators": 59.02932608589035}, "datetime": {"datetime": "2021-09-21 15:42:38", "elapsed": 749.904276, "delta": 3.612417}}
{"target": -2.298231055234608, "params": {"eta": 0.11740268349907342, "max_depth": 34.71027456209086, "n_estimators": 35.96487096655316}, "datetime": {"datetime": "2021-09-21 15:42:40", "elapsed": 752.200351, "delta": 2.296075}}
{"target": -2.417765119828676, "params": {"eta": 0.29935406533939346, "max_depth": 15.776391531437653, "n_estimators": 34.994746401060894}, "datetime": {"datetime": "2021-09-21 15:42:43", "elapsed": 755.302832, "delta": 3.102481}}
{"target": -2.241400247498562, "params": {"eta": 0.1367226751329431, "max_depth": 21.1633261614826, "n_estimators": 49.24797246287306}, "datetime": {"datetime": "2021-09-21 15:42:46", "elapsed": 758.31666, "delta": 3.013828}}
{"target": -2.518292102688237, "params": {"eta": 0.3796518791525113, "max_depth": 29.66618098828291, "n_estimators": 63.357742366572054}, "datetime": {"datetime": "2021-09-21 15:42:49", "elapsed": 761.001006, "delta": 2.684346}}
{"target": -2.3218091180450036, "params": {"eta": 0.22411127899867628, "max_depth": 14.658572650084539, "n_estimators": 31.876964753937376}, "datetime": {"datetime": "2021-09-21 15:42:51", "elapsed": 763.184457, "delta": 2.183451}}
{"target": -2.568360566465478, "params": {"eta": 0.45219450713270426, "max_depth": 24.220539163843995, "n_estimators": 58.666771431019484}, "datetime": {"datetime": "2021-09-21 15:42:54", "elapsed": 766.560055, "delta": 3.375598}}
{"target": -2.206368987811239, "params": {"eta": 0.20533398689251586, "max_depth": 15.735023353763088, "n_estimators": 34.813146963251114}, "datetime": {"datetime": "2021-09-21 15:42:57", "elapsed": 769.533225, "delta": 2.97317}}
{"target": -2.4127470267446416, "params": {"eta": 0.1384066962852179, "max_depth": 34.70821438123491, "n_estimators": 61.520082254684}, "datetime": {"datetime": "2021-09-21 15:43:02", "elapsed": 773.733748, "delta": 4.200523}}
{"target": -2.451173777329294, "params": {"eta": 0.29839390578749414, "max_depth": 10.557128540673318, "n_estimators": 58.869646710684364}, "datetime": {"datetime": "2021-09-21 15:43:06", "elapsed": 777.952254, "delta": 4.218506}}
{"target": -3.009577372199611, "params": {"eta": 0.07259632961218955, "max_depth": 15.71518572493534, "n_estimators": 34.852419115350884}, "datetime": {"datetime": "2021-09-21 15:43:08", "elapsed": 780.627117, "delta": 2.674863}}
{"target": -2.3983239669548837, "params": {"eta": 0.3265712253947897, "max_depth": 12.309690566307939, "n_estimators": 52.58134228254309}, "datetime": {"datetime": "2021-09-21 15:43:11", "elapsed": 783.04894, "delta": 2.421823}}
{"target": -2.6582691556528992, "params": {"eta": 0.05, "max_depth": 10.262497233307501, "n_estimators": 60.814324111159095}, "datetime": {"datetime": "2021-09-21 15:43:15", "elapsed": 786.876536, "delta": 3.827596}}
{"target": -2.6308121060070238, "params": {"eta": 0.48215323344869115, "max_depth": 27.520603561188725, "n_estimators": 61.87499541447045}, "datetime": {"datetime": "2021-09-21 15:43:17", "elapsed": 788.958887, "delta": 2.082351}}
{"target": -2.527855149695748, "params": {"eta": 0.2725350633335695, "max_depth": 15.745615616688257, "n_estimators": 34.71887054039372}, "datetime": {"datetime": "2021-09-21 15:43:21", "elapsed": 793.43464, "delta": 4.475753}}
{"target": -2.319445814584431, "params": {"eta": 0.12188024429972283, "max_depth": 10.442390686265629, "n_estimators": 61.59570826128686}, "datetime": {"datetime": "2021-09-21 15:43:26", "elapsed": 798.615134, "delta": 5.180494}}
{"target": -4.0045827451505165, "params": {"eta": 0.05548574595617584, "max_depth": 34.75386348663185, "n_estimators": 35.8426181952183}, "datetime": {"datetime": "2021-09-21 15:43:30", "elapsed": 802.410705, "delta": 3.795571}}
{"target": -2.16082664414456, "params": {"eta": 0.1579233852508985, "max_depth": 10.446554131329505, "n_estimators": 60.97501526701739}, "datetime": {"datetime": "2021-09-21 15:43:34", "elapsed": 805.822979, "delta": 3.412274}}
{"target": -2.6009676563112363, "params": {"eta": 0.4769922169858635, "max_depth": 20.10968885016969, "n_estimators": 59.01177652946324}, "datetime": {"datetime": "2021-09-21 15:43:36", "elapsed": 807.861995, "delta": 2.039016}}
{"target": -2.3441580672013136, "params": {"eta": 0.12430414632654475, "max_depth": 19.234275313615612, "n_estimators": 59.89283670117124}, "datetime": {"datetime": "2021-09-21 15:43:39", "elapsed": 810.759014, "delta": 2.897019}}
{"target": -3.261402462030712, "params": {"eta": 0.06318969350677138, "max_depth": 34.66568949338093, "n_estimators": 36.140913080654634}, "datetime": {"datetime": "2021-09-21 15:43:42", "elapsed": 813.940086, "delta": 3.181072}}
{"target": -2.2825895303174066, "params": {"eta": 0.13308064311000944, "max_depth": 10.448378570958791, "n_estimators": 61.48695413913485}, "datetime": {"datetime": "2021-09-21 15:43:46", "elapsed": 818.335263, "delta": 4.395177}}
{"target": -2.2529915596309458, "params": {"eta": 0.15333671832124796, "max_depth": 10.590137444166656, "n_estimators": 60.990949469686726}, "datetime": {"datetime": "2021-09-21 15:43:51", "elapsed": 823.468177, "delta": 5.132914}}
{"target": -2.4732726028091028, "params": {"eta": 0.3514775339680192, "max_depth": 13.065803467668038, "n_estimators": 60.818903742631505}, "datetime": {"datetime": "2021-09-21 15:43:54", "elapsed": 826.297001, "delta": 2.828824}}
{"target": -2.232036876678467, "params": {"eta": 0.15101680046378635, "max_depth": 10.880090635313852, "n_estimators": 59.777478693670886}, "datetime": {"datetime": "2021-09-21 15:43:57", "elapsed": 829.585012, "delta": 3.288011}}
{"target": -2.4455839326507167, "params": {"eta": 0.46897703591658624, "max_depth": 33.337714936424305, "n_estimators": 41.05201580245754}, "datetime": {"datetime": "2021-09-21 15:44:01", "elapsed": 832.991237, "delta": 3.406225}}
{"target": -2.2579292265992414, "params": {"eta": 0.19342180016532845, "max_depth": 10.556680960166581, "n_estimators": 60.84977061704971}, "datetime": {"datetime": "2021-09-21 15:44:05", "elapsed": 837.035156, "delta": 4.043919}}
{"target": -2.3379511764175014, "params": {"eta": 0.198349586960819, "max_depth": 12.691754892284717, "n_estimators": 54.109511006920656}, "datetime": {"datetime": "2021-09-21 15:44:08", "elapsed": 839.969176, "delta": 2.93402}}
{"target": -2.2699358689157587, "params": {"eta": 0.14383029962776325, "max_depth": 33.162192572652856, "n_estimators": 55.683765187799494}, "datetime": {"datetime": "2021-09-21 15:44:12", "elapsed": 843.786447, "delta": 3.817271}}
{"target": -2.489422585462269, "params": {"eta": 0.21715213053629367, "max_depth": 23.29359195450162, "n_estimators": 33.96146477721622}, "datetime": {"datetime": "2021-09-21 15:44:15", "elapsed": 847.088173, "delta": 3.301726}}
{"target": -2.5166619018504495, "params": {"eta": 0.3794449098320312, "max_depth": 18.493800982724572, "n_estimators": 30.24586197295991}, "datetime": {"datetime": "2021-09-21 15:44:18", "elapsed": 850.245211, "delta": 3.157038}}
{"target": -2.366502226026435, "params": {"eta": 0.06479392818404137, "max_depth": 10.01447466549519, "n_estimators": 57.47763388075376}, "datetime": {"datetime": "2021-09-21 15:44:22", "elapsed": 853.647308, "delta": 3.402097}}
{"target": -2.4644779719804464, "params": {"eta": 0.2645636295714196, "max_depth": 24.57369638386776, "n_estimators": 36.74433004073861}, "datetime": {"datetime": "2021-09-21 15:44:25", "elapsed": 856.909994, "delta": 3.262686}}
{"target": -2.499274880635111, "params": {"eta": 0.2620161800095053, "max_depth": 10.833967432431143, "n_estimators": 59.744382633104856}, "datetime": {"datetime": "2021-09-21 15:44:30", "elapsed": 861.976829, "delta": 5.066835}}
{"target": -2.462890701544912, "params": {"eta": 0.3623195988295992, "max_depth": 32.853925917127015, "n_estimators": 60.47048349919787}, "datetime": {"datetime": "2021-09-21 15:44:33", "elapsed": 865.503916, "delta": 3.527087}}
{"target": -2.3913198514988547, "params": {"eta": 0.2876686101478568, "max_depth": 10.63326429686586, "n_estimators": 61.034901611284326}, "datetime": {"datetime": "2021-09-21 15:44:39", "elapsed": 870.803138, "delta": 5.299222}}
{"target": -2.325285305474934, "params": {"eta": 0.1260870703649969, "max_depth": 14.180507832733843, "n_estimators": 48.664970679679875}, "datetime": {"datetime": "2021-09-21 15:44:45", "elapsed": 877.460826, "delta": 6.657688}}
{"target": -2.612565874425988, "params": {"eta": 0.3861010941081678, "max_depth": 29.484835312853114, "n_estimators": 40.19894526486244}, "datetime": {"datetime": "2021-09-21 15:44:49", "elapsed": 881.382994, "delta": 3.922168}}
{"target": -2.476602970298968, "params": {"eta": 0.3616074794899451, "max_depth": 13.167785749627932, "n_estimators": 36.66497555872671}, "datetime": {"datetime": "2021-09-21 15:44:53", "elapsed": 884.952041, "delta": 3.569047}}
{"target": -2.321233134520681, "params": {"eta": 0.08634174961610946, "max_depth": 10.572275047100165, "n_estimators": 60.81528378894902}, "datetime": {"datetime": "2021-09-21 15:44:57", "elapsed": 889.437751, "delta": 4.48571}}
{"target": -2.4433047972227397, "params": {"eta": 0.4478782338416618, "max_depth": 27.770756866574295, "n_estimators": 33.36668615545763}, "datetime": {"datetime": "2021-09-21 15:45:00", "elapsed": 892.229446, "delta": 2.791695}}
{"target": -2.3894112141508805, "params": {"eta": 0.32951911658366945, "max_depth": 15.663951843247494, "n_estimators": 34.89211595078487}, "datetime": {"datetime": "2021-09-21 15:45:04", "elapsed": 896.437787, "delta": 4.208341}}
{"target": -2.6546857720927184, "params": {"eta": 0.4746984540373803, "max_depth": 30.721560670371705, "n_estimators": 34.70575980412087}, "datetime": {"datetime": "2021-09-21 15:45:08", "elapsed": 900.272362, "delta": 3.834575}}
{"target": -2.260945264916671, "params": {"eta": 0.10391206943023164, "max_depth": 19.761783073939768, "n_estimators": 48.560079350769314}, "datetime": {"datetime": "2021-09-21 15:45:11", "elapsed": 903.506292, "delta": 3.23393}}
{"target": -2.4351079112605043, "params": {"eta": 0.389852634792344, "max_depth": 22.225487641546827, "n_estimators": 39.03057407389823}, "datetime": {"datetime": "2021-09-21 15:45:15", "elapsed": 906.914664, "delta": 3.408372}}
{"target": -2.506090097678335, "params": {"eta": 0.46514140948061505, "max_depth": 11.18253433680441, "n_estimators": 58.60422537934333}, "datetime": {"datetime": "2021-09-21 15:45:19", "elapsed": 910.916812, "delta": 4.002148}}
{"target": -2.5394152779328194, "params": {"eta": 0.47112692812959056, "max_depth": 32.17520627241588, "n_estimators": 36.92296413149158}, "datetime": {"datetime": "2021-09-21 15:45:23", "elapsed": 914.943971, "delta": 4.027159}}
{"target": -2.300212662470968, "params": {"eta": 0.19997452822030543, "max_depth": 10.446935083961378, "n_estimators": 61.08269467638789}, "datetime": {"datetime": "2021-09-21 15:45:29", "elapsed": 920.812766, "delta": 5.868795}}
{"target": -2.4317472006145273, "params": {"eta": 0.08233501476751426, "max_depth": 33.82105434300041, "n_estimators": 42.584961985405016}, "datetime": {"datetime": "2021-09-21 15:45:33", "elapsed": 925.041361, "delta": 4.228595}}
{"target": -2.4278613874786776, "params": {"eta": 0.10192131545341886, "max_depth": 12.480575749356408, "n_estimators": 56.40652486577769}, "datetime": {"datetime": "2021-09-21 15:45:36", "elapsed": 928.090016, "delta": 3.048655}}
{"target": -2.37846866281409, "params": {"eta": 0.1789680470989174, "max_depth": 10.486047812140065, "n_estimators": 60.88561722396312}, "datetime": {"datetime": "2021-09-21 15:45:41", "elapsed": 933.017327, "delta": 4.927311}}
{"target": -2.529990487349661, "params": {"eta": 0.05391832011236784, "max_depth": 10.920363402366375, "n_estimators": 59.80627664233978}, "datetime": {"datetime": "2021-09-21 15:45:46", "elapsed": 938.126799, "delta": 5.109472}}
{"target": -2.367892282887509, "params": {"eta": 0.19821463248051324, "max_depth": 10.489992975728986, "n_estimators": 59.11979373073436}, "datetime": {"datetime": "2021-09-21 15:45:50", "elapsed": 942.123301, "delta": 3.996502}}
{"target": -2.509426080553155, "params": {"eta": 0.3636863059977306, "max_depth": 12.650951821888398, "n_estimators": 60.76602629979105}, "datetime": {"datetime": "2021-09-21 15:45:52", "elapsed": 944.608045, "delta": 2.484744}}
{"target": -2.4175798158896598, "params": {"eta": 0.23811261467113926, "max_depth": 10.497393502056328, "n_estimators": 58.45877938618381}, "datetime": {"datetime": "2021-09-21 15:45:57", "elapsed": 949.240928, "delta": 4.632883}}
{"target": -2.342182695865631, "params": {"eta": 0.17525487064739564, "max_depth": 10.26460946414473, "n_estimators": 61.56466601690591}, "datetime": {"datetime": "2021-09-21 15:46:02", "elapsed": 953.695525, "delta": 4.454597}}
{"target": -2.380309409844248, "params": {"eta": 0.1918699204225367, "max_depth": 11.38139766616015, "n_estimators": 64.28428855397843}, "datetime": {"datetime": "2021-09-21 15:46:05", "elapsed": 956.815955, "delta": 3.12043}}
{"target": -2.3722329353031357, "params": {"eta": 0.17108514256638593, "max_depth": 10.66340330627337, "n_estimators": 60.88680150966914}, "datetime": {"datetime": "2021-09-21 15:46:10", "elapsed": 962.220019, "delta": 5.404064}}
{"target": -2.4016477377791157, "params": {"eta": 0.23879981872916778, "max_depth": 23.206847012452066, "n_estimators": 52.6889134296201}, "datetime": {"datetime": "2021-09-21 15:46:13", "elapsed": 965.433288, "delta": 3.213269}}
{"target": -2.357756519945044, "params": {"eta": 0.10477266185984549, "max_depth": 30.293229410291517, "n_estimators": 47.508160327042944}, "datetime": {"datetime": "2021-09-21 15:46:19", "elapsed": 971.172378, "delta": 5.73909}}
{"target": -2.285715885538804, "params": {"eta": 0.08865004891574771, "max_depth": 33.25511121200108, "n_estimators": 55.80563252660269}, "datetime": {"datetime": "2021-09-21 15:46:27", "elapsed": 979.317448, "delta": 8.14507}}
{"target": -2.6984358724794886, "params": {"eta": 0.4531605945765686, "max_depth": 32.97360717447867, "n_estimators": 57.74044295016081}, "datetime": {"datetime": "2021-09-21 15:46:31", "elapsed": 982.834529, "delta": 3.517081}}
{"target": -2.2969259130327324, "params": {"eta": 0.0774268129079216, "max_depth": 10.382771906049745, "n_estimators": 61.372434241142344}, "datetime": {"datetime": "2021-09-21 15:46:37", "elapsed": 988.894927, "delta": 6.060398}}
{"target": -2.428009305502239, "params": {"eta": 0.3100750095383227, "max_depth": 21.634216663829136, "n_estimators": 59.12656920130699}, "datetime": {"datetime": "2021-09-21 15:46:43", "elapsed": 994.722317, "delta": 5.82739}}
{"target": -2.3818102755044634, "params": {"eta": 0.27592378687694796, "max_depth": 34.70869453500724, "n_estimators": 61.38044535606261}, "datetime": {"datetime": "2021-09-21 15:46:50", "elapsed": 1001.725926, "delta": 7.003609}}
{"target": -2.2399732476786562, "params": {"eta": 0.20222558060279433, "max_depth": 19.291851492669572, "n_estimators": 60.03978009581585}, "datetime": {"datetime": "2021-09-21 15:46:58", "elapsed": 1009.981571, "delta": 8.255645}}
{"target": -2.3317204425209446, "params": {"eta": 0.10284066790604676, "max_depth": 32.719315473904004, "n_estimators": 42.343730918239366}, "datetime": {"datetime": "2021-09-21 15:47:05", "elapsed": 1016.804933, "delta": 6.823362}}
{"target": -2.3305788843255293, "params": {"eta": 0.07512974834352541, "max_depth": 19.322543896611254, "n_estimators": 59.974240923806576}, "datetime": {"datetime": "2021-09-21 15:47:10", "elapsed": 1022.469266, "delta": 5.664333}}
{"target": -2.4364781869085212, "params": {"eta": 0.2549327708964404, "max_depth": 11.592733295859654, "n_estimators": 55.69268381683183}, "datetime": {"datetime": "2021-09-21 15:47:18", "elapsed": 1030.080223, "delta": 7.610957}}
{"target": -2.2595930199874075, "params": {"eta": 0.15724611568746952, "max_depth": 10.316354165722998, "n_estimators": 60.99524678272442}, "datetime": {"datetime": "2021-09-21 15:47:28", "elapsed": 1039.712337, "delta": 9.632114}}
{"target": -2.28336096876546, "params": {"eta": 0.1339248673984074, "max_depth": 33.11772990066923, "n_estimators": 55.76671771648223}, "datetime": {"datetime": "2021-09-21 15:47:35", "elapsed": 1047.259721, "delta": 7.547384}}
{"target": -2.346233756291239, "params": {"eta": 0.1779782761313457, "max_depth": 19.19515422032417, "n_estimators": 60.109281489751055}, "datetime": {"datetime": "2021-09-21 15:47:42", "elapsed": 1053.979662, "delta": 6.719941}}
{"target": -2.3573833634978847, "params": {"eta": 0.45694699805102873, "max_depth": 25.658135063539547, "n_estimators": 48.12534887728015}, "datetime": {"datetime": "2021-09-21 15:47:46", "elapsed": 1058.042722, "delta": 4.06306}}
