{"target": -12.60830317736899, "params": {"eta": 0.33167409121994657, "max_depth": 2.80221726532143, "n_estimators": 305.5672613047732}, "datetime": {"datetime": "2021-09-27 19:40:53", "elapsed": 541.310842, "delta": 1.677341}}
{"target": -10.67049071621113, "params": {"eta": 0.06428707583162516, "max_depth": 9.592894321797848, "n_estimators": 368.1154673099648}, "datetime": {"datetime": "2021-09-27 19:40:58", "elapsed": 545.473437, "delta": 4.162595}}
{"target": -11.11536721697764, "params": {"eta": 0.13835224157360776, "max_depth": 6.37296353387819, "n_estimators": 305.44523305394006}, "datetime": {"datetime": "2021-09-27 19:41:01", "elapsed": 548.66903, "delta": 3.195593}}
{"target": -11.678435018770239, "params": {"eta": 0.07855303598396822, "max_depth": 11.38793820122476, "n_estimators": 320.942158606631}, "datetime": {"datetime": "2021-09-27 19:41:05", "elapsed": 552.538201, "delta": 3.869171}}
{"target": -11.199582420099812, "params": {"eta": 0.07601679905319664, "max_depth": 5.704948147617646, "n_estimators": 344.8142766309419}, "datetime": {"datetime": "2021-09-27 19:41:09", "elapsed": 556.631105, "delta": 4.092904}}
{"target": -12.4379077576035, "params": {"eta": 0.24708903718032194, "max_depth": 9.603702877395746, "n_estimators": 368.14586901958893}, "datetime": {"datetime": "2021-09-27 19:41:12", "elapsed": 559.555629, "delta": 2.924524}}
{"target": -11.03478935317564, "params": {"eta": 0.12344119119064868, "max_depth": 6.459162644856544, "n_estimators": 305.6409497717191}, "datetime": {"datetime": "2021-09-27 19:41:15", "elapsed": 562.599834, "delta": 3.044205}}
{"target": -11.859685518758807, "params": {"eta": 0.2833242548967045, "max_depth": 5.69330449502732, "n_estimators": 389.4490645712511}, "datetime": {"datetime": "2021-09-27 19:41:19", "elapsed": 566.50493, "delta": 3.905096}}
{"target": -11.094960493760226, "params": {"eta": 0.11156357330073033, "max_depth": 9.496525599489097, "n_estimators": 367.98583086909866}, "datetime": {"datetime": "2021-09-27 19:41:25", "elapsed": 572.580079, "delta": 6.075149}}
{"target": -11.260582264699618, "params": {"eta": 0.15774146608019798, "max_depth": 6.949138124505623, "n_estimators": 300.6116164746869}, "datetime": {"datetime": "2021-09-27 19:41:29", "elapsed": 576.686904, "delta": 4.106825}}
{"target": -11.363549960085631, "params": {"eta": 0.08316987859314112, "max_depth": 6.333837343048995, "n_estimators": 305.69068243534673}, "datetime": {"datetime": "2021-09-27 19:41:34", "elapsed": 581.512483, "delta": 4.825579}}
{"target": -11.431095591597531, "params": {"eta": 0.1700711150596374, "max_depth": 6.499938837626166, "n_estimators": 305.4849444213423}, "datetime": {"datetime": "2021-09-27 19:41:37", "elapsed": 585.211326, "delta": 3.698843}}
{"target": -11.187662689089269, "params": {"eta": 0.07499718669404237, "max_depth": 5.522853861456149, "n_estimators": 300.120120861586}, "datetime": {"datetime": "2021-09-27 19:41:42", "elapsed": 589.391222, "delta": 4.179896}}
{"target": -11.543811270167597, "params": {"eta": 0.05879070867967178, "max_depth": 9.722940703958278, "n_estimators": 368.13288508928304}, "datetime": {"datetime": "2021-09-27 19:41:47", "elapsed": 595.203712, "delta": 5.81249}}
{"target": -11.311398361741503, "params": {"eta": 0.14923274701962064, "max_depth": 5.601165395983599, "n_estimators": 344.6757884338142}, "datetime": {"datetime": "2021-09-27 19:41:51", "elapsed": 598.759059, "delta": 3.555347}}
{"target": -11.774352164059572, "params": {"eta": 0.2581376000158933, "max_depth": 4.753475240812282, "n_estimators": 305.4744183497416}, "datetime": {"datetime": "2021-09-27 19:41:53", "elapsed": 600.693062, "delta": 1.934003}}
{"target": -11.196936790752284, "params": {"eta": 0.12271109053961729, "max_depth": 6.278402076899822, "n_estimators": 322.75197678585636}, "datetime": {"datetime": "2021-09-27 19:41:56", "elapsed": 604.171455, "delta": 3.478393}}
{"target": -12.45349166548768, "params": {"eta": 0.17319451122859436, "max_depth": 2.016378422823365, "n_estimators": 321.91555566893004}, "datetime": {"datetime": "2021-09-27 19:41:58", "elapsed": 605.852766, "delta": 1.681311}}
{"target": -11.542729015266543, "params": {"eta": 0.06152509870477407, "max_depth": 9.431483049328435, "n_estimators": 368.17675659109176}, "datetime": {"datetime": "2021-09-27 19:42:03", "elapsed": 610.797367, "delta": 4.944601}}
{"target": -11.103778936055116, "params": {"eta": 0.056942509027624016, "max_depth": 6.951224798231175, "n_estimators": 321.6472162339281}, "datetime": {"datetime": "2021-09-27 19:42:06", "elapsed": 613.988998, "delta": 3.191631}}
{"target": -11.464687882433019, "params": {"eta": 0.11785054320538578, "max_depth": 8.495049232461394, "n_estimators": 342.23251688651794}, "datetime": {"datetime": "2021-09-27 19:42:10", "elapsed": 617.939445, "delta": 3.950447}}
{"target": -11.24812804356777, "params": {"eta": 0.1589875851208002, "max_depth": 6.686142452354911, "n_estimators": 309.63652172774044}, "datetime": {"datetime": "2021-09-27 19:42:14", "elapsed": 621.626921, "delta": 3.687476}}
{"target": -12.66025785388897, "params": {"eta": 0.3210187765192964, "max_depth": 2.2728200561829883, "n_estimators": 333.8265851856445}, "datetime": {"datetime": "2021-09-27 19:42:15", "elapsed": 623.114181, "delta": 1.48726}}
{"target": -11.366935993571, "params": {"eta": 0.18917483737749596, "max_depth": 6.8036581669231095, "n_estimators": 300.5808354813843}, "datetime": {"datetime": "2021-09-27 19:42:19", "elapsed": 626.89984, "delta": 3.785659}}
{"target": -11.62681418034693, "params": {"eta": 0.22066095253129325, "max_depth": 5.7510485054871125, "n_estimators": 343.81568541720225}, "datetime": {"datetime": "2021-09-27 19:42:22", "elapsed": 630.036744, "delta": 3.136904}}
{"target": -11.908529485658281, "params": {"eta": 0.2598717821371824, "max_depth": 6.826988143232799, "n_estimators": 309.6091153466657}, "datetime": {"datetime": "2021-09-27 19:42:25", "elapsed": 632.488471, "delta": 2.451727}}
{"target": -11.29695332324672, "params": {"eta": 0.0950053892306344, "max_depth": 7.1367117419422605, "n_estimators": 302.2516255544904}, "datetime": {"datetime": "2021-09-27 19:42:27", "elapsed": 635.091531, "delta": 2.60306}}
{"target": -11.04659369256931, "params": {"eta": 0.07096088471521127, "max_depth": 6.59554617501909, "n_estimators": 305.6948750007205}, "datetime": {"datetime": "2021-09-27 19:42:30", "elapsed": 638.223134, "delta": 3.131603}}
{"target": -13.097193653413687, "params": {"eta": 0.49020353800647776, "max_depth": 6.121369251797642, "n_estimators": 383.88831001241863}, "datetime": {"datetime": "2021-09-27 19:42:32", "elapsed": 640.130395, "delta": 1.907261}}
{"target": -11.286198950153778, "params": {"eta": 0.05853838114846737, "max_depth": 5.3931203498980365, "n_estimators": 300.1601428505042}, "datetime": {"datetime": "2021-09-27 19:42:35", "elapsed": 643.169661, "delta": 3.039266}}
{"target": -11.749995747638613, "params": {"eta": 0.27467434735177304, "max_depth": 7.617361591889429, "n_estimators": 322.37896931400525}, "datetime": {"datetime": "2021-09-27 19:42:38", "elapsed": 645.76148, "delta": 2.591819}}
{"target": -11.804284457442558, "params": {"eta": 0.37337506043744506, "max_depth": 8.411794184084375, "n_estimators": 300.3399278468805}, "datetime": {"datetime": "2021-09-27 19:42:40", "elapsed": 647.93293, "delta": 2.17145}}
{"target": -12.295785432912906, "params": {"eta": 0.2666228040726511, "max_depth": 2.0178514037924513, "n_estimators": 349.81115430972216}, "datetime": {"datetime": "2021-09-27 19:42:42", "elapsed": 650.314582, "delta": 2.381652}}
{"target": -11.458046908945487, "params": {"eta": 0.19081988799285904, "max_depth": 7.137576874545076, "n_estimators": 318.57689503610266}, "datetime": {"datetime": "2021-09-27 19:42:46", "elapsed": 654.019179, "delta": 3.704597}}
{"target": -11.207151544901912, "params": {"eta": 0.09188256662251851, "max_depth": 6.134930667463006, "n_estimators": 305.74341983389843}, "datetime": {"datetime": "2021-09-27 19:42:50", "elapsed": 657.692384, "delta": 3.673205}}
{"target": -11.166067374289241, "params": {"eta": 0.0510522786508438, "max_depth": 5.7948822509723845, "n_estimators": 344.1320558686932}, "datetime": {"datetime": "2021-09-27 19:42:53", "elapsed": 661.287933, "delta": 3.595549}}
{"target": -10.948601590142248, "params": {"eta": 0.1424903786950166, "max_depth": 6.677727384999173, "n_estimators": 305.581466262457}, "datetime": {"datetime": "2021-09-27 19:42:57", "elapsed": 665.019142, "delta": 3.731209}}
{"target": -11.351769916698025, "params": {"eta": 0.15537969401818488, "max_depth": 6.8333084737579295, "n_estimators": 305.69430787171166}, "datetime": {"datetime": "2021-09-27 19:43:01", "elapsed": 669.074107, "delta": 4.054965}}
{"target": -11.456931048544613, "params": {"eta": 0.05, "max_depth": 5.9666982523613115, "n_estimators": 307.79851561023486}, "datetime": {"datetime": "2021-09-27 19:43:05", "elapsed": 673.042068, "delta": 3.967961}}
{"target": -11.16709296530249, "params": {"eta": 0.15704707088040185, "max_depth": 6.8638056788979975, "n_estimators": 321.5568468264955}, "datetime": {"datetime": "2021-09-27 19:43:09", "elapsed": 676.92905, "delta": 3.886982}}
{"target": -11.545531634173441, "params": {"eta": 0.1995212609008878, "max_depth": 10.09141223690318, "n_estimators": 336.3468993611932}, "datetime": {"datetime": "2021-09-27 19:43:11", "elapsed": 679.295418, "delta": 2.366368}}
{"target": -11.08404878215917, "params": {"eta": 0.12147578034424175, "max_depth": 5.907364481947991, "n_estimators": 344.69796543279926}, "datetime": {"datetime": "2021-09-27 19:43:15", "elapsed": 682.79264, "delta": 3.497222}}
{"target": -11.016621089399278, "params": {"eta": 0.0810849986146949, "max_depth": 6.569476214995584, "n_estimators": 305.59730096481877}, "datetime": {"datetime": "2021-09-27 19:43:19", "elapsed": 686.957134, "delta": 4.164494}}
{"target": -11.628258123091676, "params": {"eta": 0.1323999693964703, "max_depth": 11.054222240178754, "n_estimators": 313.35093728454297}, "datetime": {"datetime": "2021-09-27 19:43:22", "elapsed": 689.999007, "delta": 3.041873}}
{"target": -12.018043652891727, "params": {"eta": 0.3047298210762296, "max_depth": 3.153999998683304, "n_estimators": 311.4243341871572}, "datetime": {"datetime": "2021-09-27 19:43:25", "elapsed": 692.377216, "delta": 2.378209}}
{"target": -10.987561910312104, "params": {"eta": 0.16392714571418793, "max_depth": 6.5411646792974905, "n_estimators": 300.0705630850059}, "datetime": {"datetime": "2021-09-27 19:43:28", "elapsed": 696.216614, "delta": 3.839398}}
{"target": -12.402662543523917, "params": {"eta": 0.11334206086267015, "max_depth": 2.9524366220504854, "n_estimators": 381.5509750976217}, "datetime": {"datetime": "2021-09-27 19:43:30", "elapsed": 698.302661, "delta": 2.086047}}
{"target": -11.040130882455147, "params": {"eta": 0.07990691199780162, "max_depth": 6.136552964036603, "n_estimators": 322.5395977649399}, "datetime": {"datetime": "2021-09-27 19:43:34", "elapsed": 702.119188, "delta": 3.816527}}
{"target": -11.858450293104424, "params": {"eta": 0.27131743445272655, "max_depth": 3.460862498916998, "n_estimators": 318.9082223127259}, "datetime": {"datetime": "2021-09-27 19:43:37", "elapsed": 704.617429, "delta": 2.498241}}
{"target": -11.702345013181288, "params": {"eta": 0.22362729317815977, "max_depth": 5.842074520686064, "n_estimators": 344.52197748687934}, "datetime": {"datetime": "2021-09-27 19:43:40", "elapsed": 707.911804, "delta": 3.294375}}
{"target": -11.722313018202367, "params": {"eta": 0.23308343365394096, "max_depth": 6.281088494150202, "n_estimators": 306.2516326918079}, "datetime": {"datetime": "2021-09-27 19:43:44", "elapsed": 711.437628, "delta": 3.525824}}
{"target": -11.733115278548393, "params": {"eta": 0.23950900802282526, "max_depth": 5.7417456612992614, "n_estimators": 344.73991572714516}, "datetime": {"datetime": "2021-09-27 19:43:47", "elapsed": 714.790635, "delta": 3.353007}}
{"target": -11.777904610743244, "params": {"eta": 0.1346388696526437, "max_depth": 9.610810106253684, "n_estimators": 383.9564249280736}, "datetime": {"datetime": "2021-09-27 19:43:50", "elapsed": 717.781267, "delta": 2.990632}}
{"target": -11.625178266116446, "params": {"eta": 0.10044719835870347, "max_depth": 6.807353796402043, "n_estimators": 338.0034503585664}, "datetime": {"datetime": "2021-09-27 19:43:55", "elapsed": 722.332959, "delta": 4.551692}}
{"target": -10.951088361914495, "params": {"eta": 0.12240266883879736, "max_depth": 5.863977763466988, "n_estimators": 322.60369610421503}, "datetime": {"datetime": "2021-09-27 19:43:58", "elapsed": 726.053266, "delta": 3.720307}}
{"target": -11.691206591446301, "params": {"eta": 0.38345041685214787, "max_depth": 8.777265898846931, "n_estimators": 335.4375114221629}, "datetime": {"datetime": "2021-09-27 19:44:00", "elapsed": 728.165082, "delta": 2.111816}}
{"target": -11.215040703491903, "params": {"eta": 0.07589512755366357, "max_depth": 6.52623157533805, "n_estimators": 300.0225579366378}, "datetime": {"datetime": "2021-09-27 19:44:04", "elapsed": 731.373819, "delta": 3.208737}}
{"target": -11.181423917384825, "params": {"eta": 0.1414344042591124, "max_depth": 5.446383405089016, "n_estimators": 343.7839324361888}, "datetime": {"datetime": "2021-09-27 19:44:07", "elapsed": 734.681271, "delta": 3.307452}}
{"target": -11.456931048544613, "params": {"eta": 0.05, "max_depth": 5.938710942120442, "n_estimators": 307.57906149085073}, "datetime": {"datetime": "2021-09-27 19:44:10", "elapsed": 738.174745, "delta": 3.493474}}
{"target": -12.529493416934192, "params": {"eta": 0.34768347347657763, "max_depth": 8.924029247358586, "n_estimators": 341.7995318939033}, "datetime": {"datetime": "2021-09-27 19:44:12", "elapsed": 740.073118, "delta": 1.898373}}
{"target": -10.97694249327944, "params": {"eta": 0.0542369814390497, "max_depth": 4.794091578324899, "n_estimators": 323.5555521559188}, "datetime": {"datetime": "2021-09-27 19:44:15", "elapsed": 743.203068, "delta": 3.12995}}
{"target": -10.715835136808353, "params": {"eta": 0.07303354660207986, "max_depth": 4.7530671543877165, "n_estimators": 323.3130848591621}, "datetime": {"datetime": "2021-09-27 19:44:18", "elapsed": 746.080066, "delta": 2.876998}}
{"target": -11.73513109930544, "params": {"eta": 0.11714533450757288, "max_depth": 9.570523874211124, "n_estimators": 332.88702320435596}, "datetime": {"datetime": "2021-09-27 19:44:21", "elapsed": 748.723043, "delta": 2.642977}}
{"target": -11.239008769819177, "params": {"eta": 0.05741945250848912, "max_depth": 6.15999196881404, "n_estimators": 394.5289820113635}, "datetime": {"datetime": "2021-09-27 19:44:25", "elapsed": 752.719974, "delta": 3.996931}}
{"target": -11.055365787599577, "params": {"eta": 0.1017613442527876, "max_depth": 6.864291836165049, "n_estimators": 309.47519067795787}, "datetime": {"datetime": "2021-09-27 19:44:28", "elapsed": 755.967153, "delta": 3.247179}}
{"target": -11.251007149201941, "params": {"eta": 0.11987765751177203, "max_depth": 5.565515604491594, "n_estimators": 300.2982324184127}, "datetime": {"datetime": "2021-09-27 19:44:31", "elapsed": 759.150637, "delta": 3.183484}}
{"target": -11.787717247851925, "params": {"eta": 0.48041803406943445, "max_depth": 7.310952664674009, "n_estimators": 311.66724771301585}, "datetime": {"datetime": "2021-09-27 19:44:33", "elapsed": 761.057936, "delta": 1.907299}}
{"target": -11.969298583572508, "params": {"eta": 0.2976686581097251, "max_depth": 5.488663357574897, "n_estimators": 365.1125831280643}, "datetime": {"datetime": "2021-09-27 19:44:35", "elapsed": 763.0617, "delta": 2.003764}}
{"target": -11.245080587655448, "params": {"eta": 0.14583021147750802, "max_depth": 6.3949839914560584, "n_estimators": 300.1358193128991}, "datetime": {"datetime": "2021-09-27 19:44:39", "elapsed": 766.741803, "delta": 3.680103}}
{"target": -11.261825228486563, "params": {"eta": 0.05, "max_depth": 4.78737810309833, "n_estimators": 323.4246455986859}, "datetime": {"datetime": "2021-09-27 19:44:42", "elapsed": 769.949531, "delta": 3.207728}}
{"target": -11.81645857832783, "params": {"eta": 0.29592604981525733, "max_depth": 6.106879691000202, "n_estimators": 307.6320290960002}, "datetime": {"datetime": "2021-09-27 19:44:46", "elapsed": 773.502635, "delta": 3.553104}}
{"target": -11.074122018364918, "params": {"eta": 0.05, "max_depth": 6.897759209351422, "n_estimators": 321.80399170686013}, "datetime": {"datetime": "2021-09-27 19:44:49", "elapsed": 777.137689, "delta": 3.635054}}
{"target": -11.854456232783429, "params": {"eta": 0.21258774049405793, "max_depth": 6.657079878746174, "n_estimators": 305.76949952578576}, "datetime": {"datetime": "2021-09-27 19:44:53", "elapsed": 780.353886, "delta": 3.216197}}
{"target": -10.906632751639437, "params": {"eta": 0.0737857273422832, "max_depth": 4.805747923376551, "n_estimators": 323.7339335000475}, "datetime": {"datetime": "2021-09-27 19:44:56", "elapsed": 783.821717, "delta": 3.467831}}
{"target": -11.07096070215629, "params": {"eta": 0.05, "max_depth": 6.17461671268055, "n_estimators": 309.7405457596736}, "datetime": {"datetime": "2021-09-27 19:45:00", "elapsed": 787.892158, "delta": 4.070441}}
{"target": -11.067552143447674, "params": {"eta": 0.05, "max_depth": 6.403149744195945, "n_estimators": 305.5309313701214}, "datetime": {"datetime": "2021-09-27 19:45:04", "elapsed": 791.428708, "delta": 3.53655}}
{"target": -11.283410758594936, "params": {"eta": 0.11632409015730039, "max_depth": 4.821229571533829, "n_estimators": 323.6542165685094}, "datetime": {"datetime": "2021-09-27 19:45:07", "elapsed": 794.754116, "delta": 3.325408}}
{"target": -11.793220636425055, "params": {"eta": 0.16845305476256023, "max_depth": 10.538968738821461, "n_estimators": 349.01567361869706}, "datetime": {"datetime": "2021-09-27 19:45:09", "elapsed": 797.123755, "delta": 2.369639}}
{"target": -11.498573895722068, "params": {"eta": 0.1465638664434098, "max_depth": 4.767923256338548, "n_estimators": 323.90445662579094}, "datetime": {"datetime": "2021-09-27 19:45:12", "elapsed": 800.138104, "delta": 3.014349}}
{"target": -11.612400649958351, "params": {"eta": 0.17547644094762915, "max_depth": 4.155967839564149, "n_estimators": 352.47609757928706}, "datetime": {"datetime": "2021-09-27 19:45:15", "elapsed": 802.36967, "delta": 2.231566}}
{"target": -13.146998280387256, "params": {"eta": 0.31908572213230346, "max_depth": 2.4401686981284945, "n_estimators": 386.89089534841406}, "datetime": {"datetime": "2021-09-27 19:45:17", "elapsed": 804.52767, "delta": 2.158}}
{"target": -10.917881372717158, "params": {"eta": 0.08962362027906584, "max_depth": 8.258366530382066, "n_estimators": 342.2381541056901}, "datetime": {"datetime": "2021-09-27 19:45:21", "elapsed": 808.801298, "delta": 4.273628}}
{"target": -11.392949845574252, "params": {"eta": 0.050801444580864025, "max_depth": 9.154472739990462, "n_estimators": 314.512612986513}, "datetime": {"datetime": "2021-09-27 19:45:26", "elapsed": 813.475995, "delta": 4.674697}}
{"target": -10.881313138088426, "params": {"eta": 0.06544628987129085, "max_depth": 4.631094150596812, "n_estimators": 323.75400743138454}, "datetime": {"datetime": "2021-09-27 19:45:29", "elapsed": 817.279735, "delta": 3.80374}}
{"target": -12.478584558506386, "params": {"eta": 0.1814028655307473, "max_depth": 2.926376325133078, "n_estimators": 332.0861913967266}, "datetime": {"datetime": "2021-09-27 19:45:31", "elapsed": 819.076315, "delta": 1.79658}}
{"target": -10.806954294413943, "params": {"eta": 0.18712774689583114, "max_depth": 5.887887089503624, "n_estimators": 322.71903394801933}, "datetime": {"datetime": "2021-09-27 19:45:35", "elapsed": 822.968877, "delta": 3.892562}}
{"target": -12.200141450079084, "params": {"eta": 0.33496345256410115, "max_depth": 5.868243175939346, "n_estimators": 322.7628294535111}, "datetime": {"datetime": "2021-09-27 19:45:39", "elapsed": 827.08668, "delta": 4.117803}}
{"target": -12.022126740574771, "params": {"eta": 0.3108080744438715, "max_depth": 6.606986240276947, "n_estimators": 300.0584896985658}, "datetime": {"datetime": "2021-09-27 19:45:43", "elapsed": 831.116144, "delta": 4.029464}}
{"target": -11.803430433270035, "params": {"eta": 0.2183124509304709, "max_depth": 5.637769655088238, "n_estimators": 393.8420710957537}, "datetime": {"datetime": "2021-09-27 19:45:46", "elapsed": 833.81643, "delta": 2.700286}}
{"target": -11.812036692506767, "params": {"eta": 0.21854076521374438, "max_depth": 4.631240901368904, "n_estimators": 323.4029427077287}, "datetime": {"datetime": "2021-09-27 19:45:50", "elapsed": 837.508434, "delta": 3.692004}}
{"target": -11.695891802346136, "params": {"eta": 0.2888371235606942, "max_depth": 6.758907806370363, "n_estimators": 305.53197757862597}, "datetime": {"datetime": "2021-09-27 19:45:54", "elapsed": 841.496339, "delta": 3.987905}}
{"target": -11.070111034821014, "params": {"eta": 0.05, "max_depth": 6.567693645976321, "n_estimators": 312.80017395633047}, "datetime": {"datetime": "2021-09-27 19:45:58", "elapsed": 845.795551, "delta": 4.299212}}
{"target": -12.444759144052156, "params": {"eta": 0.33942810403136203, "max_depth": 4.870025230434123, "n_estimators": 369.1089341409305}, "datetime": {"datetime": "2021-09-27 19:46:01", "elapsed": 848.394649, "delta": 2.599098}}
{"target": -13.292158021987657, "params": {"eta": 0.4678831158828147, "max_depth": 4.687008237947978, "n_estimators": 303.4831787004945}, "datetime": {"datetime": "2021-09-27 19:46:03", "elapsed": 850.585985, "delta": 2.191336}}
{"target": -12.082700859589805, "params": {"eta": 0.23938919447203333, "max_depth": 9.846604488991296, "n_estimators": 333.7811625256875}, "datetime": {"datetime": "2021-09-27 19:46:05", "elapsed": 852.824795, "delta": 2.23881}}
{"target": -10.817314089586553, "params": {"eta": 0.051956264959042986, "max_depth": 6.766618701675264, "n_estimators": 321.92474345138663}, "datetime": {"datetime": "2021-09-27 19:46:10", "elapsed": 857.57045, "delta": 4.745655}}
