{"target": 0.85699142331308, "params": {"eta": 0.4576811051511292, "max_depth": 10.429207432675568, "n_estimators": 8.81742045166721}, "datetime": {"datetime": "2021-09-17 17:40:30", "elapsed": 79.302687, "delta": 0.700999}}
{"target": 0.8344718150732985, "params": {"eta": 0.3717592840971045, "max_depth": 9.265146622723774, "n_estimators": 9.682134576744662}, "datetime": {"datetime": "2021-09-17 17:40:31", "elapsed": 80.328685, "delta": 1.025998}}
{"target": 0.8286004367359042, "params": {"eta": 0.49155846017687554, "max_depth": 5.258702351145959, "n_estimators": 9.646322895935874}, "datetime": {"datetime": "2021-09-17 17:40:32", "elapsed": 80.940687, "delta": 0.612002}}
{"target": 0.8630813934494032, "params": {"eta": 0.3786379102185577, "max_depth": 11.142503524064093, "n_estimators": 11.83272075574892}, "datetime": {"datetime": "2021-09-17 17:40:33", "elapsed": 81.96088, "delta": 1.020193}}
{"target": 0.847366167468822, "params": {"eta": 0.4665452076960305, "max_depth": 6.825028042431078, "n_estimators": 9.994420672618041}, "datetime": {"datetime": "2021-09-17 17:40:33", "elapsed": 82.565882, "delta": 0.605002}}
{"target": 0.8566795034228393, "params": {"eta": 0.4682849085358026, "max_depth": 9.886937080188845, "n_estimators": 10.988792759109602}, "datetime": {"datetime": "2021-09-17 17:40:34", "elapsed": 83.250497, "delta": 0.684615}}
{"target": 0.8304564718759717, "params": {"eta": 0.3485641881010559, "max_depth": 9.192350148275963, "n_estimators": 9.36855301635551}, "datetime": {"datetime": "2021-09-17 17:40:35", "elapsed": 84.024309, "delta": 0.773812}}
{"target": 0.8531309883192588, "params": {"eta": 0.3375974304634053, "max_depth": 10.726239734249438, "n_estimators": 10.914099055786753}, "datetime": {"datetime": "2021-09-17 17:40:36", "elapsed": 84.738305, "delta": 0.713996}}
{"target": 0.8397973191777608, "params": {"eta": 0.45074637384507016, "max_depth": 7.2743128394716425, "n_estimators": 11.940148368672967}, "datetime": {"datetime": "2021-09-17 17:40:37", "elapsed": 85.670306, "delta": 0.932001}}
{"target": 0.8563335550631763, "params": {"eta": 0.3380062238562487, "max_depth": 7.752229192175513, "n_estimators": 11.188231882595183}, "datetime": {"datetime": "2021-09-17 17:40:37", "elapsed": 86.528308, "delta": 0.858002}}
{"target": 0.7667630708386195, "params": {"eta": 0.3107957198749322, "max_depth": 4.4916572430002395, "n_estimators": 7.286706430586533}, "datetime": {"datetime": "2021-09-17 17:40:38", "elapsed": 87.252308, "delta": 0.724}}
{"target": 0.8539758623871729, "params": {"eta": 0.4383890609807325, "max_depth": 6.671404077271033, "n_estimators": 11.65417316682574}, "datetime": {"datetime": "2021-09-17 17:40:39", "elapsed": 88.181432, "delta": 0.929124}}
{"target": 0.8452225406113423, "params": {"eta": 0.4241266993324644, "max_depth": 10.98219285687573, "n_estimators": 11.886504188272983}, "datetime": {"datetime": "2021-09-17 17:40:40", "elapsed": 89.18643, "delta": 1.004998}}
{"target": 0.861768879359877, "params": {"eta": 0.4425881046833345, "max_depth": 6.385336512447199, "n_estimators": 8.145699587903872}, "datetime": {"datetime": "2021-09-17 17:40:41", "elapsed": 89.882992, "delta": 0.696562}}
{"target": 0.8512371497546709, "params": {"eta": 0.45259795541347136, "max_depth": 7.271128905646342, "n_estimators": 11.887861675102526}, "datetime": {"datetime": "2021-09-17 17:40:42", "elapsed": 91.045992, "delta": 1.163}}
{"target": 0.84513940300668, "params": {"eta": 0.41064817806327714, "max_depth": 7.424490937587309, "n_estimators": 10.848444034123776}, "datetime": {"datetime": "2021-09-17 17:40:43", "elapsed": 91.947823, "delta": 0.901831}}
{"target": 0.8584692101648579, "params": {"eta": 0.426922427916671, "max_depth": 7.242910901168067, "n_estimators": 11.911228613865255}, "datetime": {"datetime": "2021-09-17 17:40:44", "elapsed": 92.877411, "delta": 0.929588}}
{"target": 0.8574459909912953, "params": {"eta": 0.34182981722390765, "max_depth": 7.5187153113993554, "n_estimators": 9.733380033490889}, "datetime": {"datetime": "2021-09-17 17:40:44", "elapsed": 93.530412, "delta": 0.653001}}
{"target": 0.8309972850213403, "params": {"eta": 0.49086677552030883, "max_depth": 6.675446751361411, "n_estimators": 11.620349984416873}, "datetime": {"datetime": "2021-09-17 17:40:46", "elapsed": 94.698411, "delta": 1.167999}}
{"target": 0.8404599516681781, "params": {"eta": 0.4308291266967475, "max_depth": 4.373991053332294, "n_estimators": 8.216336593836598}, "datetime": {"datetime": "2021-09-17 17:40:47", "elapsed": 95.822974, "delta": 1.124563}}
{"target": 0.8312377152622045, "params": {"eta": 0.37137053238254475, "max_depth": 5.794888125830655, "n_estimators": 7.701434769777402}, "datetime": {"datetime": "2021-09-17 17:40:47", "elapsed": 96.526974, "delta": 0.704}}
{"target": 0.8516611539325417, "params": {"eta": 0.46336292970004994, "max_depth": 10.919951582842497, "n_estimators": 10.392759085760588}, "datetime": {"datetime": "2021-09-17 17:40:48", "elapsed": 97.290974, "delta": 0.764}}
{"target": 0.8445704237011507, "params": {"eta": 0.4229984527760173, "max_depth": 7.267831410579182, "n_estimators": 11.913474992093185}, "datetime": {"datetime": "2021-09-17 17:40:49", "elapsed": 98.37432, "delta": 1.083346}}
{"target": 0.8600765389755548, "params": {"eta": 0.4491138053225131, "max_depth": 6.421009175601745, "n_estimators": 11.49327205400315}, "datetime": {"datetime": "2021-09-17 17:40:50", "elapsed": 99.067314, "delta": 0.692994}}
{"target": 0.8545473914864655, "params": {"eta": 0.4525680879917137, "max_depth": 6.634096997167617, "n_estimators": 11.656430079886489}, "datetime": {"datetime": "2021-09-17 17:40:51", "elapsed": 100.124073, "delta": 1.056759}}
{"target": 0.8259259177181949, "params": {"eta": 0.41330712190139907, "max_depth": 10.98310379362626, "n_estimators": 11.858363081999766}, "datetime": {"datetime": "2021-09-17 17:40:52", "elapsed": 101.245076, "delta": 1.121003}}
{"target": 0.7967865453934626, "params": {"eta": 0.30006290572484007, "max_depth": 7.962554347895148, "n_estimators": 8.780248549213963}, "datetime": {"datetime": "2021-09-17 17:40:53", "elapsed": 101.931263, "delta": 0.686187}}
{"target": 0.8460441629447063, "params": {"eta": 0.45070702936019963, "max_depth": 11.036543105435182, "n_estimators": 11.868560607068675}, "datetime": {"datetime": "2021-09-17 17:40:54", "elapsed": 103.198963, "delta": 1.2677}}
{"target": 0.8653837579911489, "params": {"eta": 0.4418331484398706, "max_depth": 7.689133978922513, "n_estimators": 9.190926109211723}, "datetime": {"datetime": "2021-09-17 17:40:55", "elapsed": 104.005103, "delta": 0.80614}}
{"target": 0.8581023942894124, "params": {"eta": 0.474485337296009, "max_depth": 5.95328366872086, "n_estimators": 10.204218830374064}, "datetime": {"datetime": "2021-09-17 17:40:56", "elapsed": 104.889106, "delta": 0.884003}}
{"target": 0.8451504828736066, "params": {"eta": 0.4277713531345777, "max_depth": 8.630535348810238, "n_estimators": 7.414564926907314}, "datetime": {"datetime": "2021-09-17 17:40:56", "elapsed": 105.622108, "delta": 0.733002}}
{"target": 0.8301171353998411, "params": {"eta": 0.3407951921222221, "max_depth": 4.03870536281045, "n_estimators": 10.813061561978651}, "datetime": {"datetime": "2021-09-17 17:40:57", "elapsed": 106.336652, "delta": 0.714544}}
{"target": 0.8424558831044119, "params": {"eta": 0.44995434769434905, "max_depth": 7.258638604968036, "n_estimators": 8.11484346146221}, "datetime": {"datetime": "2021-09-17 17:40:58", "elapsed": 107.570653, "delta": 1.234001}}
{"target": 0.8603654694551535, "params": {"eta": 0.447632451544696, "max_depth": 4.3857741357027376, "n_estimators": 8.238576591046813}, "datetime": {"datetime": "2021-09-17 17:40:59", "elapsed": 108.575581, "delta": 1.004928}}
{"target": 0.8432143133446066, "params": {"eta": 0.4270666692425624, "max_depth": 5.8352149995549265, "n_estimators": 9.464446057709795}, "datetime": {"datetime": "2021-09-17 17:41:00", "elapsed": 109.282579, "delta": 0.706998}}
{"target": 0.8472723186111699, "params": {"eta": 0.33638724185371627, "max_depth": 7.7479932187718585, "n_estimators": 11.222614160392503}, "datetime": {"datetime": "2021-09-17 17:41:01", "elapsed": 110.342613, "delta": 1.060034}}
{"target": 0.8509762074018012, "params": {"eta": 0.400655969729029, "max_depth": 7.0850842175529065, "n_estimators": 9.431001541084775}, "datetime": {"datetime": "2021-09-17 17:41:02", "elapsed": 111.062611, "delta": 0.719998}}
{"target": 0.8653700145760876, "params": {"eta": 0.43989825319352527, "max_depth": 7.6747564597179485, "n_estimators": 9.210579904316589}, "datetime": {"datetime": "2021-09-17 17:41:03", "elapsed": 112.164566, "delta": 1.101955}}
{"target": 0.836142959507146, "params": {"eta": 0.35222089714110866, "max_depth": 10.035918296340904, "n_estimators": 8.753624540591993}, "datetime": {"datetime": "2021-09-17 17:41:04", "elapsed": 112.928319, "delta": 0.763753}}
{"target": 0.7902661429325224, "params": {"eta": 0.31673750718853816, "max_depth": 5.3951507717311635, "n_estimators": 7.47114401555035}, "datetime": {"datetime": "2021-09-17 17:41:05", "elapsed": 113.707026, "delta": 0.778707}}
{"target": 0.8301345025165476, "params": {"eta": 0.4187323926623486, "max_depth": 6.966178623037013, "n_estimators": 11.688458670052624}, "datetime": {"datetime": "2021-09-17 17:41:05", "elapsed": 114.509029, "delta": 0.802003}}
{"target": 0.8634944197395247, "params": {"eta": 0.43674332212874967, "max_depth": 7.279463305198078, "n_estimators": 11.88917104309522}, "datetime": {"datetime": "2021-09-17 17:41:06", "elapsed": 115.576028, "delta": 1.066999}}
{"target": 0.828426125492405, "params": {"eta": 0.3849427867973903, "max_depth": 11.062262579262713, "n_estimators": 11.866378109958733}, "datetime": {"datetime": "2021-09-17 17:41:08", "elapsed": 116.649653, "delta": 1.073625}}
{"target": 0.8433217927564314, "params": {"eta": 0.4499580826636278, "max_depth": 7.307438250458171, "n_estimators": 11.906281612073194}, "datetime": {"datetime": "2021-09-17 17:41:09", "elapsed": 117.702402, "delta": 1.052749}}
{"target": 0.8452742524689228, "params": {"eta": 0.45019112337912653, "max_depth": 7.457899177148526, "n_estimators": 10.810817031451377}, "datetime": {"datetime": "2021-09-17 17:41:10", "elapsed": 118.810378, "delta": 1.107976}}
{"target": 0.840383318069932, "params": {"eta": 0.45479841467519877, "max_depth": 7.674149281331592, "n_estimators": 9.196412933434296}, "datetime": {"datetime": "2021-09-17 17:41:11", "elapsed": 120.228485, "delta": 1.418107}}
{"target": 0.8418884598176055, "params": {"eta": 0.37492296724966595, "max_depth": 11.24276083372563, "n_estimators": 9.047922418516336}, "datetime": {"datetime": "2021-09-17 17:41:12", "elapsed": 121.294488, "delta": 1.066003}}
{"target": 0.844405424749101, "params": {"eta": 0.4456743981440538, "max_depth": 10.989572320106959, "n_estimators": 11.87569845673255}, "datetime": {"datetime": "2021-09-17 17:41:13", "elapsed": 122.476285, "delta": 1.181797}}
{"target": 0.8569398746735107, "params": {"eta": 0.4308478592044924, "max_depth": 7.253827023830531, "n_estimators": 11.890500976526802}, "datetime": {"datetime": "2021-09-17 17:41:15", "elapsed": 123.646897, "delta": 1.170612}}
{"target": 0.8251511157845035, "params": {"eta": 0.36397925130842923, "max_depth": 6.803289843004328, "n_estimators": 7.1502499476781285}, "datetime": {"datetime": "2021-09-17 17:41:15", "elapsed": 124.450145, "delta": 0.803248}}
{"target": 0.8287541857755653, "params": {"eta": 0.45000498916609677, "max_depth": 8.87535904025492, "n_estimators": 7.5683886625747405}, "datetime": {"datetime": "2021-09-17 17:41:16", "elapsed": 125.310145, "delta": 0.86}}
{"target": 0.8456841952250328, "params": {"eta": 0.47420346003772157, "max_depth": 6.436914805670223, "n_estimators": 11.498503192124566}, "datetime": {"datetime": "2021-09-17 17:41:18", "elapsed": 126.631469, "delta": 1.321324}}
{"target": 0.8520365729566532, "params": {"eta": 0.3386070016122005, "max_depth": 7.77421518302902, "n_estimators": 11.153042991790066}, "datetime": {"datetime": "2021-09-17 17:41:19", "elapsed": 127.788327, "delta": 1.156858}}
{"target": 0.8413455656591923, "params": {"eta": 0.3592127431815348, "max_depth": 9.837209993285036, "n_estimators": 10.988691903475937}, "datetime": {"datetime": "2021-09-17 17:41:19", "elapsed": 128.539324, "delta": 0.750997}}
{"target": 0.8428160037340318, "params": {"eta": 0.41960729061308727, "max_depth": 7.3247583643357554, "n_estimators": 9.957479513363099}, "datetime": {"datetime": "2021-09-17 17:41:20", "elapsed": 129.346323, "delta": 0.806999}}
{"target": 0.8474161936058116, "params": {"eta": 0.36747402949360974, "max_depth": 10.460377563080264, "n_estimators": 8.457274591056596}, "datetime": {"datetime": "2021-09-17 17:41:21", "elapsed": 130.182898, "delta": 0.836575}}
{"target": 0.8546509987560916, "params": {"eta": 0.3775746247477898, "max_depth": 11.720854081645237, "n_estimators": 9.968167100797272}, "datetime": {"datetime": "2021-09-17 17:41:22", "elapsed": 131.083953, "delta": 0.901055}}
{"target": 0.8431878309430085, "params": {"eta": 0.45140704138763404, "max_depth": 10.407430986259193, "n_estimators": 8.821172829055051}, "datetime": {"datetime": "2021-09-17 17:41:23", "elapsed": 132.397612, "delta": 1.313659}}
{"target": 0.8245404910100012, "params": {"eta": 0.4577622915674865, "max_depth": 7.175091479257282, "n_estimators": 10.96398350283976}, "datetime": {"datetime": "2021-09-17 17:41:24", "elapsed": 133.266212, "delta": 0.8686}}
{"target": 0.8455888729977618, "params": {"eta": 0.4515433500299705, "max_depth": 11.014733968089999, "n_estimators": 11.885067702701258}, "datetime": {"datetime": "2021-09-17 17:41:25", "elapsed": 134.54188, "delta": 1.275668}}
{"target": 0.8603343758689248, "params": {"eta": 0.4569358742290712, "max_depth": 11.052889809794063, "n_estimators": 11.823137626043538}, "datetime": {"datetime": "2021-09-17 17:41:26", "elapsed": 135.40288, "delta": 0.861}}
{"target": 0.867094644815249, "params": {"eta": 0.4424331600081801, "max_depth": 6.647677021159519, "n_estimators": 11.617160951502573}, "datetime": {"datetime": "2021-09-17 17:41:28", "elapsed": 136.644552, "delta": 1.241672}}
{"target": 0.8662397388099765, "params": {"eta": 0.4439338795650226, "max_depth": 7.698765333251511, "n_estimators": 9.173366556931713}, "datetime": {"datetime": "2021-09-17 17:41:29", "elapsed": 138.421267, "delta": 1.776715}}
{"target": 0.8618101908993983, "params": {"eta": 0.4390253742183846, "max_depth": 10.327917189629332, "n_estimators": 9.927073049076826}, "datetime": {"datetime": "2021-09-17 17:41:31", "elapsed": 139.794266, "delta": 1.372999}}
{"target": 0.852750700916608, "params": {"eta": 0.43467429024107046, "max_depth": 6.433564893366516, "n_estimators": 11.487090466959021}, "datetime": {"datetime": "2021-09-17 17:41:32", "elapsed": 141.066406, "delta": 1.27214}}
{"target": 0.8395520791041653, "params": {"eta": 0.4473315456090911, "max_depth": 11.244276783627127, "n_estimators": 9.04947219316443}, "datetime": {"datetime": "2021-09-17 17:41:34", "elapsed": 142.767265, "delta": 1.700859}}
{"target": 0.8359890479568155, "params": {"eta": 0.4504086845786821, "max_depth": 7.7151050717415, "n_estimators": 9.203818002140823}, "datetime": {"datetime": "2021-09-17 17:41:35", "elapsed": 144.260266, "delta": 1.493001}}
{"target": 0.8419773057591381, "params": {"eta": 0.38790845323979933, "max_depth": 5.459512406927967, "n_estimators": 10.102200552913917}, "datetime": {"datetime": "2021-09-17 17:41:36", "elapsed": 145.096262, "delta": 0.835996}}
{"target": 0.8498682218529506, "params": {"eta": 0.458631116238565, "max_depth": 10.823817569234148, "n_estimators": 7.085063406071229}, "datetime": {"datetime": "2021-09-17 17:41:37", "elapsed": 146.424394, "delta": 1.328132}}
{"target": 0.8523865623559815, "params": {"eta": 0.440598352395896, "max_depth": 4.209980113798644, "n_estimators": 10.336305404169654}, "datetime": {"datetime": "2021-09-17 17:41:38", "elapsed": 147.281389, "delta": 0.856995}}
{"target": 0.8527112380016673, "params": {"eta": 0.42054191371038524, "max_depth": 4.913247881242322, "n_estimators": 10.674384822133632}, "datetime": {"datetime": "2021-09-17 17:41:39", "elapsed": 148.623769, "delta": 1.34238}}
{"target": 0.8285422116282112, "params": {"eta": 0.39316586651785645, "max_depth": 10.03008968364536, "n_estimators": 11.903944773897663}, "datetime": {"datetime": "2021-09-17 17:41:40", "elapsed": 149.501771, "delta": 0.878002}}
{"target": 0.808155654269178, "params": {"eta": 0.49762914231818794, "max_depth": 11.336283652638333, "n_estimators": 11.840638366191426}, "datetime": {"datetime": "2021-09-17 17:41:41", "elapsed": 150.394583, "delta": 0.892812}}
{"target": 0.8305412145810529, "params": {"eta": 0.42575927010437764, "max_depth": 6.964102340073361, "n_estimators": 10.321363569585074}, "datetime": {"datetime": "2021-09-17 17:41:42", "elapsed": 151.254584, "delta": 0.860001}}
{"target": 0.8351471810778323, "params": {"eta": 0.31910175840286126, "max_depth": 9.429219178954643, "n_estimators": 10.074335987172333}, "datetime": {"datetime": "2021-09-17 17:41:43", "elapsed": 152.573918, "delta": 1.319334}}
{"target": 0.8437083707191275, "params": {"eta": 0.45009410989861864, "max_depth": 11.710967705987574, "n_estimators": 8.42614679522884}, "datetime": {"datetime": "2021-09-17 17:41:44", "elapsed": 153.494031, "delta": 0.920113}}
{"target": 0.8271380792351215, "params": {"eta": 0.4885818495713322, "max_depth": 7.512748242157356, "n_estimators": 8.33947393567951}, "datetime": {"datetime": "2021-09-17 17:41:45", "elapsed": 154.418251, "delta": 0.92422}}
{"target": 0.8434315678253738, "params": {"eta": 0.41844473510992736, "max_depth": 7.711673271545084, "n_estimators": 9.18932451238237}, "datetime": {"datetime": "2021-09-17 17:41:47", "elapsed": 155.838206, "delta": 1.419955}}
{"target": 0.8348053102520234, "params": {"eta": 0.36057674383368066, "max_depth": 9.811062465318884, "n_estimators": 9.626631384976497}, "datetime": {"datetime": "2021-09-17 17:41:48", "elapsed": 156.738636, "delta": 0.90043}}
{"target": 0.8077396130261592, "params": {"eta": 0.32995674822181037, "max_depth": 11.907287859869076, "n_estimators": 7.852124423793309}, "datetime": {"datetime": "2021-09-17 17:41:49", "elapsed": 157.662631, "delta": 0.923995}}
{"target": 0.8383558121729642, "params": {"eta": 0.3958778428690409, "max_depth": 9.226317284172314, "n_estimators": 9.66844494714284}, "datetime": {"datetime": "2021-09-17 17:41:50", "elapsed": 159.049447, "delta": 1.386816}}
{"target": 0.8338739256673315, "params": {"eta": 0.4778371307080272, "max_depth": 6.679038412545269, "n_estimators": 11.654863734004326}, "datetime": {"datetime": "2021-09-17 17:41:51", "elapsed": 160.562307, "delta": 1.51286}}
{"target": 0.8414728054147553, "params": {"eta": 0.446511946290005, "max_depth": 10.293177916250531, "n_estimators": 11.76539176665315}, "datetime": {"datetime": "2021-09-17 17:41:52", "elapsed": 161.51047, "delta": 0.948163}}
{"target": 0.8338362887038157, "params": {"eta": 0.3773827906660783, "max_depth": 5.490743248027052, "n_estimators": 7.268137821991053}, "datetime": {"datetime": "2021-09-17 17:41:53", "elapsed": 162.463468, "delta": 0.952998}}
{"target": 0.8402794072561184, "params": {"eta": 0.4516470192153712, "max_depth": 7.437051188842834, "n_estimators": 10.836400664172594}, "datetime": {"datetime": "2021-09-17 17:41:55", "elapsed": 164.561671, "delta": 2.098203}}
{"target": 0.8458891995900741, "params": {"eta": 0.4208488290260401, "max_depth": 7.440019599734435, "n_estimators": 10.838297690252654}, "datetime": {"datetime": "2021-09-17 17:41:57", "elapsed": 165.972355, "delta": 1.410684}}
{"target": 0.8296194730978411, "params": {"eta": 0.3944678020293188, "max_depth": 4.9825093116463055, "n_estimators": 7.449876343264687}, "datetime": {"datetime": "2021-09-17 17:41:58", "elapsed": 166.890838, "delta": 0.918483}}
{"target": 0.8477707800249505, "params": {"eta": 0.34850129208460046, "max_depth": 7.5065279997858285, "n_estimators": 9.743268819850014}, "datetime": {"datetime": "2021-09-17 17:41:59", "elapsed": 168.538601, "delta": 1.647763}}
{"target": 0.8516919185247713, "params": {"eta": 0.3688005237994816, "max_depth": 7.760931620590459, "n_estimators": 11.185100171998483}, "datetime": {"datetime": "2021-09-17 17:42:01", "elapsed": 170.09033, "delta": 1.551729}}
{"target": 0.8364612017957438, "params": {"eta": 0.4229205446199065, "max_depth": 4.739100981218541, "n_estimators": 10.225906040363299}, "datetime": {"datetime": "2021-09-17 17:42:02", "elapsed": 171.093009, "delta": 1.002679}}
{"target": 0.8409538493261643, "params": {"eta": 0.4036523153505756, "max_depth": 6.275729192898588, "n_estimators": 11.362185395480635}, "datetime": {"datetime": "2021-09-17 17:42:03", "elapsed": 172.112869, "delta": 1.01986}}
{"target": 0.81887312391555, "params": {"eta": 0.49206810375497384, "max_depth": 9.606593139580392, "n_estimators": 11.553570773495778}, "datetime": {"datetime": "2021-09-17 17:42:04", "elapsed": 173.141016, "delta": 1.028147}}
{"target": 0.8658319419983529, "params": {"eta": 0.3608138028914493, "max_depth": 7.732608541440916, "n_estimators": 11.1784980758443}, "datetime": {"datetime": "2021-09-17 17:42:06", "elapsed": 175.387396, "delta": 2.24638}}
{"target": 0.8355738436357808, "params": {"eta": 0.42811021488268286, "max_depth": 6.374472893946742, "n_estimators": 8.163838518318993}, "datetime": {"datetime": "2021-09-17 17:42:08", "elapsed": 176.879147, "delta": 1.491751}}
{"target": 0.8526911730616061, "params": {"eta": 0.4270137651063476, "max_depth": 7.680900987030243, "n_estimators": 9.19991848441916}, "datetime": {"datetime": "2021-09-17 17:42:09", "elapsed": 178.584848, "delta": 1.705701}}
{"target": 0.8283347362418874, "params": {"eta": 0.36078653667766947, "max_depth": 10.336891461386122, "n_estimators": 10.391739311520002}, "datetime": {"datetime": "2021-09-17 17:42:10", "elapsed": 179.5653, "delta": 0.980452}}
