{"target": 0.7904193989971499, "params": {"eta": 0.6727882460306862, "max_depth": 22.544789346542558, "n_estimators": 15.820911674265174}, "datetime": {"datetime": "2021-09-17 19:13:01", "elapsed": 468.041445, "delta": 2.006965}}
{"target": 0.8170697635133917, "params": {"eta": 0.10397131615604938, "max_depth": 18.55196071076255, "n_estimators": 27.878663779235488}, "datetime": {"datetime": "2021-09-17 19:13:03", "elapsed": 469.996703, "delta": 1.955258}}
{"target": 0.845419458094111, "params": {"eta": 0.2785899660940475, "max_depth": 8.478850155074845, "n_estimators": 18.12343953408357}, "datetime": {"datetime": "2021-09-17 19:13:05", "elapsed": 471.736246, "delta": 1.739543}}
{"target": 0.8678030220656826, "params": {"eta": 0.17629504298142745, "max_depth": 7.590682739205687, "n_estimators": 28.454169577081302}, "datetime": {"datetime": "2021-09-17 19:13:07", "elapsed": 473.885435, "delta": 2.149189}}
{"target": 0.8558622748217718, "params": {"eta": 0.12888772016589323, "max_depth": 7.090374858357048, "n_estimators": 28.43474825135628}, "datetime": {"datetime": "2021-09-17 19:13:10", "elapsed": 476.559141, "delta": 2.673706}}
{"target": 0.8660458294592487, "params": {"eta": 0.17852706936739582, "max_depth": 7.676251254096233, "n_estimators": 28.148714644014525}, "datetime": {"datetime": "2021-09-17 19:13:12", "elapsed": 478.676069, "delta": 2.116928}}
{"target": 0.8589592913427728, "params": {"eta": 0.38404950508140856, "max_depth": 7.648792787511804, "n_estimators": 28.3415562898171}, "datetime": {"datetime": "2021-09-17 19:13:14", "elapsed": 480.491244, "delta": 1.815175}}
{"target": 0.8487137942575333, "params": {"eta": 0.2827988752713154, "max_depth": 7.778793600007515, "n_estimators": 27.89358090517342}, "datetime": {"datetime": "2021-09-17 19:13:16", "elapsed": 482.745567, "delta": 2.254323}}
{"target": 0.8423068546086765, "params": {"eta": 0.27574349475315973, "max_depth": 7.467619293265278, "n_estimators": 28.091891211157474}, "datetime": {"datetime": "2021-09-17 19:13:19", "elapsed": 485.561195, "delta": 2.815628}}
{"target": 0.8740438628529286, "params": {"eta": 0.2049281352163087, "max_depth": 7.85975446423358, "n_estimators": 28.57842408830894}, "datetime": {"datetime": "2021-09-17 19:13:21", "elapsed": 487.603366, "delta": 2.042171}}
{"target": 0.8523093464712546, "params": {"eta": 0.4094384757918482, "max_depth": 7.651870049487116, "n_estimators": 28.536588503492645}, "datetime": {"datetime": "2021-09-17 19:13:24", "elapsed": 490.723661, "delta": 3.120295}}
{"target": 0.8469411425725757, "params": {"eta": 0.12435357363436453, "max_depth": 7.389158104637919, "n_estimators": 28.58224732071}, "datetime": {"datetime": "2021-09-17 19:13:28", "elapsed": 494.341618, "delta": 3.617957}}
{"target": 0.8457153591468825, "params": {"eta": 0.27694191788944544, "max_depth": 8.099901254292902, "n_estimators": 28.289443614843613}, "datetime": {"datetime": "2021-09-17 19:13:31", "elapsed": 497.32574, "delta": 2.984122}}
{"target": 0.6379845531179733, "params": {"eta": 0.17045137088518758, "max_depth": 8.399824013942292, "n_estimators": 10.355216084810403}, "datetime": {"datetime": "2021-09-17 19:13:33", "elapsed": 499.114841, "delta": 1.789101}}
{"target": 0.8478059693752876, "params": {"eta": 0.29408735988149726, "max_depth": 7.9453080612925175, "n_estimators": 28.753119284176254}, "datetime": {"datetime": "2021-09-17 19:13:36", "elapsed": 502.095777, "delta": 2.980936}}
{"target": 0.7737172032091445, "params": {"eta": 0.6649086465575792, "max_depth": 9.173721702355085, "n_estimators": 28.896981994599855}, "datetime": {"datetime": "2021-09-17 19:13:37", "elapsed": 504.087989, "delta": 1.992212}}
{"target": 0.8611226492708479, "params": {"eta": 0.14256348781826073, "max_depth": 7.801800001545015, "n_estimators": 28.738301365838545}, "datetime": {"datetime": "2021-09-17 19:13:42", "elapsed": 508.611973, "delta": 4.523984}}
{"target": 0.7908541771714739, "params": {"eta": 0.6915562034885727, "max_depth": 6.346261002106225, "n_estimators": 11.911752412397998}, "datetime": {"datetime": "2021-09-17 19:13:44", "elapsed": 510.410309, "delta": 1.798336}}
{"target": 0.851774896621296, "params": {"eta": 0.11502628487275529, "max_depth": 7.751029226968602, "n_estimators": 28.510618080443532}, "datetime": {"datetime": "2021-09-17 19:13:46", "elapsed": 512.740587, "delta": 2.330278}}
{"target": 0.8491693364894489, "params": {"eta": 0.41968858057553793, "max_depth": 4.596335054975633, "n_estimators": 27.51371529165361}, "datetime": {"datetime": "2021-09-17 19:13:48", "elapsed": 514.689763, "delta": 1.949176}}
{"target": 0.8460416861503117, "params": {"eta": 0.24448937137134708, "max_depth": 18.697336238340842, "n_estimators": 21.984612393030275}, "datetime": {"datetime": "2021-09-17 19:13:50", "elapsed": 516.566374, "delta": 1.876611}}
{"target": 0.8248600814674949, "params": {"eta": 0.2280699176757283, "max_depth": 18.136808632093604, "n_estimators": 16.181552914226174}, "datetime": {"datetime": "2021-09-17 19:13:52", "elapsed": 518.609034, "delta": 2.04266}}
{"target": 0.8563907015808727, "params": {"eta": 0.34001559360650835, "max_depth": 25.280342505119325, "n_estimators": 10.687986999508333}, "datetime": {"datetime": "2021-09-17 19:13:54", "elapsed": 520.419052, "delta": 1.810018}}
{"target": 0.8365578008959925, "params": {"eta": 0.11778115100337858, "max_depth": 7.441918609072274, "n_estimators": 28.318034183531978}, "datetime": {"datetime": "2021-09-17 19:13:57", "elapsed": 523.097022, "delta": 2.67797}}
{"target": 0.6543678512380748, "params": {"eta": 0.17328695628253193, "max_depth": 25.13753947142316, "n_estimators": 10.477695333218085}, "datetime": {"datetime": "2021-09-17 19:13:59", "elapsed": 525.154712, "delta": 2.05769}}
{"target": 0.8249210036844582, "params": {"eta": 0.5184290404715215, "max_depth": 25.31734504638892, "n_estimators": 10.797157088368674}, "datetime": {"datetime": "2021-09-17 19:14:01", "elapsed": 527.528663, "delta": 2.373951}}
{"target": 0.8107289113298928, "params": {"eta": 0.1, "max_depth": 8.072306620818795, "n_estimators": 28.577398809856494}, "datetime": {"datetime": "2021-09-17 19:14:04", "elapsed": 530.340008, "delta": 2.811345}}
{"target": 0.8430250538979038, "params": {"eta": 0.4763219032106938, "max_depth": 7.878140575897201, "n_estimators": 28.337373112981258}, "datetime": {"datetime": "2021-09-17 19:14:06", "elapsed": 532.803267, "delta": 2.463259}}
{"target": 0.8236302762449649, "params": {"eta": 0.1, "max_depth": 7.004588210867023, "n_estimators": 28.877193868605353}, "datetime": {"datetime": "2021-09-17 19:14:09", "elapsed": 535.351408, "delta": 2.548141}}
{"target": 0.8566890347482418, "params": {"eta": 0.12441469584578263, "max_depth": 6.554992117216245, "n_estimators": 28.682850634465932}, "datetime": {"datetime": "2021-09-17 19:14:13", "elapsed": 539.167966, "delta": 3.816558}}
{"target": 0.549581249032904, "params": {"eta": 0.21097232192420573, "max_depth": 24.867141234554918, "n_estimators": 7.353631291554741}, "datetime": {"datetime": "2021-09-17 19:14:14", "elapsed": 541.067868, "delta": 1.899902}}
{"target": 0.8515755578984061, "params": {"eta": 0.15546670578297236, "max_depth": 13.856086140414298, "n_estimators": 28.59270566761436}, "datetime": {"datetime": "2021-09-17 19:14:16", "elapsed": 543.063565, "delta": 1.995697}}
{"target": 0.8371623723413988, "params": {"eta": 0.26657629156373464, "max_depth": 25.532425543950446, "n_estimators": 10.745724271981155}, "datetime": {"datetime": "2021-09-17 19:14:19", "elapsed": 545.861817, "delta": 2.798252}}
{"target": 0.8575948456790251, "params": {"eta": 0.3580146249300046, "max_depth": 21.44167831722575, "n_estimators": 13.57413914279167}, "datetime": {"datetime": "2021-09-17 19:14:21", "elapsed": 547.983414, "delta": 2.121597}}
{"target": 0.8426573297353416, "params": {"eta": 0.36139832427173413, "max_depth": 28.999768207041132, "n_estimators": 11.40481372740902}, "datetime": {"datetime": "2021-09-17 19:14:23", "elapsed": 549.98565, "delta": 2.002236}}
{"target": 0.8026613727870902, "params": {"eta": 0.2173355240530196, "max_depth": 21.474333858981765, "n_estimators": 13.859429846701564}, "datetime": {"datetime": "2021-09-17 19:14:26", "elapsed": 552.793898, "delta": 2.808248}}
{"target": 0.8033045995907461, "params": {"eta": 0.7102101291563153, "max_depth": 21.385161272066917, "n_estimators": 13.467772683680007}, "datetime": {"datetime": "2021-09-17 19:14:28", "elapsed": 554.904625, "delta": 2.110727}}
{"target": 0.8549825118000589, "params": {"eta": 0.21410979647272574, "max_depth": 4.66418824908541, "n_estimators": 27.893409532658428}, "datetime": {"datetime": "2021-09-17 19:14:32", "elapsed": 558.949631, "delta": 4.045006}}
{"target": 0.8074922489343235, "params": {"eta": 0.5229157836978441, "max_depth": 4.761262049196552, "n_estimators": 27.87629410519039}, "datetime": {"datetime": "2021-09-17 19:14:35", "elapsed": 561.329641, "delta": 2.38001}}
{"target": 0.8547426746899661, "params": {"eta": 0.17335714080632245, "max_depth": 4.3876131423795375, "n_estimators": 27.650425242926644}, "datetime": {"datetime": "2021-09-17 19:14:37", "elapsed": 563.962927, "delta": 2.633286}}
{"target": 0.8499157128711671, "params": {"eta": 0.4539418647106953, "max_depth": 11.052983855655029, "n_estimators": 25.48675119610491}, "datetime": {"datetime": "2021-09-17 19:14:40", "elapsed": 566.154958, "delta": 2.192031}}
{"target": 0.8462721704660936, "params": {"eta": 0.1779034700628362, "max_depth": 4.816510753158729, "n_estimators": 27.655387615605868}, "datetime": {"datetime": "2021-09-17 19:14:42", "elapsed": 568.985213, "delta": 2.830255}}
{"target": 0.8292202872536069, "params": {"eta": 0.16198116363252446, "max_depth": 14.861176470419117, "n_estimators": 23.02699450399386}, "datetime": {"datetime": "2021-09-17 19:14:44", "elapsed": 571.075442, "delta": 2.090229}}
{"target": 0.8468106403163299, "params": {"eta": 0.34087955069853126, "max_depth": 4.319257878503857, "n_estimators": 27.35925033431353}, "datetime": {"datetime": "2021-09-17 19:14:49", "elapsed": 575.331805, "delta": 4.256363}}
{"target": 0.8379982920369334, "params": {"eta": 0.3004310427160071, "max_depth": 7.574895055151478, "n_estimators": 28.838345507342186}, "datetime": {"datetime": "2021-09-17 19:14:53", "elapsed": 579.474665, "delta": 4.14286}}
{"target": 0.8142639600102872, "params": {"eta": 0.2291891720004056, "max_depth": 21.3406180248581, "n_estimators": 13.366120915563673}, "datetime": {"datetime": "2021-09-17 19:14:56", "elapsed": 582.395747, "delta": 2.921082}}
{"target": 0.8634962152769505, "params": {"eta": 0.43598741388126205, "max_depth": 4.270466754187734, "n_estimators": 27.853923299079867}, "datetime": {"datetime": "2021-09-17 19:15:00", "elapsed": 586.327791, "delta": 3.932044}}
{"target": 0.8565715121519859, "params": {"eta": 0.32317427961833634, "max_depth": 13.036508408840218, "n_estimators": 13.23781120433755}, "datetime": {"datetime": "2021-09-17 19:15:02", "elapsed": 588.356565, "delta": 2.028774}}
{"target": 0.7959372166909311, "params": {"eta": 0.5762801691395906, "max_depth": 27.124457885208912, "n_estimators": 15.226581763768037}, "datetime": {"datetime": "2021-09-17 19:15:04", "elapsed": 590.599802, "delta": 2.243237}}
{"target": 0.8236302762449649, "params": {"eta": 0.1, "max_depth": 7.928292568431555, "n_estimators": 28.082819062749675}, "datetime": {"datetime": "2021-09-17 19:15:07", "elapsed": 593.403746, "delta": 2.803944}}
{"target": 0.8531259047580646, "params": {"eta": 0.37574496256415924, "max_depth": 4.025553102240908, "n_estimators": 28.011206033239116}, "datetime": {"datetime": "2021-09-17 19:15:10", "elapsed": 597.093284, "delta": 3.689538}}
{"target": 0.8080366809846331, "params": {"eta": 0.6754686487929693, "max_depth": 4.235000426100068, "n_estimators": 27.62971315759773}, "datetime": {"datetime": "2021-09-17 19:15:14", "elapsed": 600.528804, "delta": 3.43552}}
{"target": 0.8535081946630801, "params": {"eta": 0.18047483783969331, "max_depth": 4.302735596186068, "n_estimators": 27.953205537952005}, "datetime": {"datetime": "2021-09-17 19:15:17", "elapsed": 603.788531, "delta": 3.259727}}
{"target": 0.819153918140285, "params": {"eta": 0.2138783532759415, "max_depth": 12.730450841949583, "n_estimators": 13.311358463280104}, "datetime": {"datetime": "2021-09-17 19:15:21", "elapsed": 607.182537, "delta": 3.394006}}
{"target": 0.8033307629755573, "params": {"eta": 0.476125526119738, "max_depth": 28.676700194323573, "n_estimators": 21.7568305923863}, "datetime": {"datetime": "2021-09-17 19:15:23", "elapsed": 609.401233, "delta": 2.218696}}
{"target": 0.8042000360441268, "params": {"eta": 0.7070068605881964, "max_depth": 9.811226377036062, "n_estimators": 28.793278875081818}, "datetime": {"datetime": "2021-09-17 19:15:25", "elapsed": 611.66684, "delta": 2.265607}}
{"target": 0.8108057357060416, "params": {"eta": 0.5597815426251501, "max_depth": 4.276835266956368, "n_estimators": 28.11979367615896}, "datetime": {"datetime": "2021-09-17 19:15:29", "elapsed": 615.196085, "delta": 3.529245}}
{"target": 0.798197600714454, "params": {"eta": 0.6357508490572812, "max_depth": 13.025893063873259, "n_estimators": 13.363418105574976}, "datetime": {"datetime": "2021-09-17 19:15:32", "elapsed": 618.682204, "delta": 3.486119}}
{"target": 0.8214384749673014, "params": {"eta": 0.10829651021538424, "max_depth": 4.07407743149435, "n_estimators": 27.605565438999214}, "datetime": {"datetime": "2021-09-17 19:15:37", "elapsed": 623.168235, "delta": 4.486031}}
{"target": 0.7409950332144455, "params": {"eta": 0.16097897923903445, "max_depth": 13.242917032857378, "n_estimators": 13.119329457833707}, "datetime": {"datetime": "2021-09-17 19:15:40", "elapsed": 627.030075, "delta": 3.86184}}
{"target": 0.7774036151777401, "params": {"eta": 0.2621679553574246, "max_depth": 19.77629968317169, "n_estimators": 9.906451766867246}, "datetime": {"datetime": "2021-09-17 19:15:42", "elapsed": 629.062595, "delta": 2.03252}}
{"target": 0.75838968629581, "params": {"eta": 0.1258697366085983, "max_depth": 20.425267832546908, "n_estimators": 17.05346138343038}, "datetime": {"datetime": "2021-09-17 19:15:45", "elapsed": 631.201905, "delta": 2.13931}}
{"target": 0.8111459325440469, "params": {"eta": 0.5093227341856061, "max_depth": 4.919182474208164, "n_estimators": 11.335264621716766}, "datetime": {"datetime": "2021-09-17 19:15:47", "elapsed": 633.330089, "delta": 2.128184}}
{"target": 0.8236958928091144, "params": {"eta": 0.10253805053307169, "max_depth": 6.677635203126523, "n_estimators": 28.24474871044815}, "datetime": {"datetime": "2021-09-17 19:15:53", "elapsed": 639.181316, "delta": 5.851227}}
{"target": 0.8229653933149478, "params": {"eta": 0.10483206134866183, "max_depth": 4.210304107966362, "n_estimators": 28.316096762292307}, "datetime": {"datetime": "2021-09-17 19:15:57", "elapsed": 643.495512, "delta": 4.314196}}
{"target": 0.8189328222583705, "params": {"eta": 0.11486148497175348, "max_depth": 6.696476257369021, "n_estimators": 24.10318026789011}, "datetime": {"datetime": "2021-09-17 19:16:01", "elapsed": 647.69067, "delta": 4.195158}}
{"target": 0.8730929510224444, "params": {"eta": 0.1581763540674321, "max_depth": 6.793121993356678, "n_estimators": 29.257685839964086}, "datetime": {"datetime": "2021-09-17 19:16:05", "elapsed": 651.282943, "delta": 3.592273}}
{"target": 0.8389686370381211, "params": {"eta": 0.18592517081351562, "max_depth": 7.057718041113896, "n_estimators": 29.57075147774589}, "datetime": {"datetime": "2021-09-17 19:16:08", "elapsed": 654.169177, "delta": 2.886234}}
{"target": 0.8330537455545116, "params": {"eta": 0.2980916213006971, "max_depth": 24.374931839100697, "n_estimators": 18.74476831944789}, "datetime": {"datetime": "2021-09-17 19:16:12", "elapsed": 658.697695, "delta": 4.528518}}
{"target": 0.7800246870535401, "params": {"eta": 0.6858020239486599, "max_depth": 22.932788730095922, "n_estimators": 26.052847000508613}, "datetime": {"datetime": "2021-09-17 19:16:14", "elapsed": 661.032783, "delta": 2.335088}}
{"target": 0.8432893109698628, "params": {"eta": 0.3096871209459639, "max_depth": 7.012469953025443, "n_estimators": 29.305271406331503}, "datetime": {"datetime": "2021-09-17 19:16:18", "elapsed": 664.28702, "delta": 3.254237}}
{"target": 0.8438709506976795, "params": {"eta": 0.17948451338102678, "max_depth": 14.151309787671805, "n_estimators": 28.40888191041536}, "datetime": {"datetime": "2021-09-17 19:16:22", "elapsed": 668.855575, "delta": 4.568555}}
{"target": 0.8406079968541427, "params": {"eta": 0.39763225237565814, "max_depth": 6.719316922401008, "n_estimators": 29.180901939915973}, "datetime": {"datetime": "2021-09-17 19:16:27", "elapsed": 673.649547, "delta": 4.793972}}
{"target": 0.85190320334749, "params": {"eta": 0.12223047439522597, "max_depth": 4.81945919340763, "n_estimators": 28.16848919971229}, "datetime": {"datetime": "2021-09-17 19:16:30", "elapsed": 677.088728, "delta": 3.439181}}
{"target": 0.8013407185241849, "params": {"eta": 0.5667186530591414, "max_depth": 7.69076217593124, "n_estimators": 28.025578196236463}, "datetime": {"datetime": "2021-09-17 19:16:34", "elapsed": 680.776099, "delta": 3.687371}}
{"target": 0.8415553091800033, "params": {"eta": 0.12477077477316025, "max_depth": 5.116242646759484, "n_estimators": 27.90703801322444}, "datetime": {"datetime": "2021-09-17 19:16:38", "elapsed": 684.801693, "delta": 4.025594}}
{"target": 0.8600756897217268, "params": {"eta": 0.27151070794976917, "max_depth": 4.698340966152651, "n_estimators": 28.436676824764355}, "datetime": {"datetime": "2021-09-17 19:16:42", "elapsed": 688.611465, "delta": 3.809772}}
{"target": 0.8515173532891736, "params": {"eta": 0.35525245103428005, "max_depth": 4.96021315598085, "n_estimators": 28.28221517381895}, "datetime": {"datetime": "2021-09-17 19:16:45", "elapsed": 692.007363, "delta": 3.395898}}
{"target": 0.8304386983966832, "params": {"eta": 0.5068024843935857, "max_depth": 4.805579217577025, "n_estimators": 28.583384298143873}, "datetime": {"datetime": "2021-09-17 19:16:50", "elapsed": 696.318005, "delta": 4.310642}}
{"target": 0.858033187778738, "params": {"eta": 0.15425790320337393, "max_depth": 4.96810547174548, "n_estimators": 28.581669815172475}, "datetime": {"datetime": "2021-09-17 19:16:52", "elapsed": 699.042527, "delta": 2.724522}}
{"target": 0.8178000098699625, "params": {"eta": 0.16975954011155622, "max_depth": 4.035799802154829, "n_estimators": 16.887310253619347}, "datetime": {"datetime": "2021-09-17 19:16:55", "elapsed": 701.476743, "delta": 2.434216}}
{"target": 0.8539083094396588, "params": {"eta": 0.19511449721115018, "max_depth": 24.785755858286223, "n_estimators": 18.54108679059195}, "datetime": {"datetime": "2021-09-17 19:16:59", "elapsed": 705.501162, "delta": 4.024419}}
{"target": 0.8415630708849534, "params": {"eta": 0.17050846655183416, "max_depth": 13.795522036347206, "n_estimators": 29.456097197865862}, "datetime": {"datetime": "2021-09-17 19:17:01", "elapsed": 708.003439, "delta": 2.502277}}
{"target": 0.8773584115569506, "params": {"eta": 0.17275506931181903, "max_depth": 6.7614508250886125, "n_estimators": 29.537524155694374}, "datetime": {"datetime": "2021-09-17 19:17:04", "elapsed": 710.983463, "delta": 2.980024}}
{"target": 0.8484347311351849, "params": {"eta": 0.10974640077740203, "max_depth": 6.577815898680083, "n_estimators": 29.799790506089852}, "datetime": {"datetime": "2021-09-17 19:17:08", "elapsed": 715.080418, "delta": 4.096955}}
{"target": 0.7882005503901712, "params": {"eta": 0.690145428698978, "max_depth": 26.982292708026634, "n_estimators": 20.053337818788314}, "datetime": {"datetime": "2021-09-17 19:17:11", "elapsed": 717.5276, "delta": 2.447182}}
{"target": 0.8505606244741862, "params": {"eta": 0.2477036007735894, "max_depth": 5.318649509213117, "n_estimators": 28.385468663596605}, "datetime": {"datetime": "2021-09-17 19:17:15", "elapsed": 721.40311, "delta": 3.87551}}
{"target": 0.8338118934415368, "params": {"eta": 0.42411491778056243, "max_depth": 17.639296320724018, "n_estimators": 25.73187891043482}, "datetime": {"datetime": "2021-09-17 19:17:17", "elapsed": 723.866359, "delta": 2.463249}}
{"target": 0.829068950839476, "params": {"eta": 0.48779305939083895, "max_depth": 6.902330806396115, "n_estimators": 29.77374942132491}, "datetime": {"datetime": "2021-09-17 19:17:21", "elapsed": 727.651434, "delta": 3.785075}}
{"target": 0.8432398203214854, "params": {"eta": 0.3284777194226802, "max_depth": 5.212969903394388, "n_estimators": 28.68654854705019}, "datetime": {"datetime": "2021-09-17 19:17:29", "elapsed": 735.411592, "delta": 7.760158}}
{"target": 0.853074433040429, "params": {"eta": 0.4691719165829149, "max_depth": 24.764170619356314, "n_estimators": 18.375975198457116}, "datetime": {"datetime": "2021-09-17 19:17:32", "elapsed": 739.075964, "delta": 3.664372}}
{"target": 0.851620063143954, "params": {"eta": 0.17828493474136875, "max_depth": 4.66746156044621, "n_estimators": 28.82014581629079}, "datetime": {"datetime": "2021-09-17 19:17:36", "elapsed": 742.652518, "delta": 3.576554}}
{"target": 0.839147608717087, "params": {"eta": 0.23226430569331846, "max_depth": 25.109845614327128, "n_estimators": 18.58063611052122}, "datetime": {"datetime": "2021-09-17 19:17:42", "elapsed": 748.386285, "delta": 5.733767}}
{"target": 0.8239102062585661, "params": {"eta": 0.4211213946167496, "max_depth": 16.756634956158138, "n_estimators": 9.08831463671424}, "datetime": {"datetime": "2021-09-17 19:17:44", "elapsed": 750.77026, "delta": 2.383975}}
{"target": 0.8677569613576727, "params": {"eta": 0.37452922931173305, "max_depth": 6.7590333545995, "n_estimators": 29.47281001474484}, "datetime": {"datetime": "2021-09-17 19:17:49", "elapsed": 755.585735, "delta": 4.815475}}
{"target": 0.8378926128277385, "params": {"eta": 0.10246010729053295, "max_depth": 6.639385091506917, "n_estimators": 29.273510729830548}, "datetime": {"datetime": "2021-09-17 19:17:55", "elapsed": 761.20731, "delta": 5.621575}}
