{"target": -12.866014076863866, "params": {"eta": 0.4519803460182802, "max_depth": 14.827330010850115, "n_estimators": 42.68000521839019}, "datetime": {"datetime": "2021-09-27 18:31:43", "elapsed": 120.994054, "delta": 1.339997}}
{"target": -12.723476790101685, "params": {"eta": 0.09114667842686226, "max_depth": 21.737719904437366, "n_estimators": 28.876144191055058}, "datetime": {"datetime": "2021-09-27 18:31:44", "elapsed": 121.873706, "delta": 0.879652}}
{"target": -12.870800185896107, "params": {"eta": 0.5, "max_depth": 24.77549269643131, "n_estimators": 39.03950402129553}, "datetime": {"datetime": "2021-09-27 18:31:45", "elapsed": 122.925707, "delta": 1.052001}}
{"target": -12.887537667636762, "params": {"eta": 0.15283663227187425, "max_depth": 25.30679366057306, "n_estimators": 16.01461888843614}, "datetime": {"datetime": "2021-09-27 18:31:46", "elapsed": 123.92756, "delta": 1.001853}}
{"target": -11.686295645573637, "params": {"eta": 0.08317065850978689, "max_depth": 27.941500261873966, "n_estimators": 46.01245945063284}, "datetime": {"datetime": "2021-09-27 18:31:47", "elapsed": 125.205375, "delta": 1.277815}}
{"target": -13.00890190612819, "params": {"eta": 0.4948197003265211, "max_depth": 12.523119734658769, "n_estimators": 15.769145874075463}, "datetime": {"datetime": "2021-09-27 18:31:49", "elapsed": 126.557375, "delta": 1.352}}
{"target": -11.99323666885082, "params": {"eta": 0.2147473052344745, "max_depth": 9.634213012503869, "n_estimators": 13.502868069019366}, "datetime": {"datetime": "2021-09-27 18:31:50", "elapsed": 127.485627, "delta": 0.928252}}
{"target": -13.45639966834613, "params": {"eta": 0.4912246205567663, "max_depth": 14.604680302798506, "n_estimators": 47.62804927688114}, "datetime": {"datetime": "2021-09-27 18:31:51", "elapsed": 128.729625, "delta": 1.243998}}
{"target": -12.800024083129477, "params": {"eta": 0.5, "max_depth": 18.62775413793086, "n_estimators": 24.521749416053762}, "datetime": {"datetime": "2021-09-27 18:31:52", "elapsed": 129.742626, "delta": 1.013001}}
{"target": -28.149443910809495, "params": {"eta": 0.05, "max_depth": 24.03043085945342, "n_estimators": 25.619306847631893}, "datetime": {"datetime": "2021-09-27 18:31:53", "elapsed": 130.649627, "delta": 0.907001}}
{"target": -13.50900317022823, "params": {"eta": 0.48962150383055575, "max_depth": 26.602954363456657, "n_estimators": 23.883651523105176}, "datetime": {"datetime": "2021-09-27 18:31:54", "elapsed": 131.739451, "delta": 1.089824}}
{"target": -11.917842156192041, "params": {"eta": 0.4270959464978073, "max_depth": 25.925056020777355, "n_estimators": 32.322699703035624}, "datetime": {"datetime": "2021-09-27 18:31:55", "elapsed": 132.954455, "delta": 1.215004}}
{"target": -12.14302110065172, "params": {"eta": 0.4466723044180076, "max_depth": 20.703940025307922, "n_estimators": 26.968147106707093}, "datetime": {"datetime": "2021-09-27 18:31:57", "elapsed": 134.531451, "delta": 1.576996}}
{"target": -12.817574898111964, "params": {"eta": 0.48628293455055516, "max_depth": 18.136908877278227, "n_estimators": 39.3738763761339}, "datetime": {"datetime": "2021-09-27 18:31:58", "elapsed": 135.76668, "delta": 1.235229}}
{"target": -13.102062856308589, "params": {"eta": 0.05, "max_depth": 21.89304289851939, "n_estimators": 50.0}, "datetime": {"datetime": "2021-09-27 18:31:59", "elapsed": 136.869289, "delta": 1.102609}}
{"target": -11.63481859564721, "params": {"eta": 0.15202354890313421, "max_depth": 21.812479194353383, "n_estimators": 45.826509566603335}, "datetime": {"datetime": "2021-09-27 18:32:00", "elapsed": 138.174794, "delta": 1.305505}}
{"target": -12.861364283201024, "params": {"eta": 0.5, "max_depth": 16.756077260881046, "n_estimators": 26.172948499098556}, "datetime": {"datetime": "2021-09-27 18:32:02", "elapsed": 139.642796, "delta": 1.468002}}
{"target": -12.884509046857637, "params": {"eta": 0.42393983944325664, "max_depth": 2.792484343652729, "n_estimators": 44.70681964700754}, "datetime": {"datetime": "2021-09-27 18:32:03", "elapsed": 140.940794, "delta": 1.297998}}
{"target": -13.5466099718383, "params": {"eta": 0.06473785357242032, "max_depth": 11.381076232170582, "n_estimators": 36.40473777358509}, "datetime": {"datetime": "2021-09-27 18:32:04", "elapsed": 142.027699, "delta": 1.086905}}
{"target": -13.010911756272957, "params": {"eta": 0.48598641378212937, "max_depth": 22.01031801853765, "n_estimators": 21.9861900463522}, "datetime": {"datetime": "2021-09-27 18:32:06", "elapsed": 143.346944, "delta": 1.319245}}
{"target": -12.10935931650221, "params": {"eta": 0.479036636797541, "max_depth": 29.949524457443598, "n_estimators": 27.646459518461544}, "datetime": {"datetime": "2021-09-27 18:32:07", "elapsed": 144.598944, "delta": 1.252}}
{"target": -12.497865150471045, "params": {"eta": 0.4709565593580131, "max_depth": 27.366073764266627, "n_estimators": 25.82392170539207}, "datetime": {"datetime": "2021-09-27 18:32:08", "elapsed": 145.710977, "delta": 1.112033}}
{"target": -12.797029667184983, "params": {"eta": 0.4877191397081604, "max_depth": 28.046164136651257, "n_estimators": 30.870998713365}, "datetime": {"datetime": "2021-09-27 18:32:09", "elapsed": 147.217551, "delta": 1.506574}}
{"target": -12.870800185896107, "params": {"eta": 0.5, "max_depth": 30.0, "n_estimators": 39.32365128232285}, "datetime": {"datetime": "2021-09-27 18:32:11", "elapsed": 148.569553, "delta": 1.352002}}
{"target": -12.870799472921886, "params": {"eta": 0.5, "max_depth": 25.298370822304513, "n_estimators": 48.519412896944814}, "datetime": {"datetime": "2021-09-27 18:32:12", "elapsed": 149.880057, "delta": 1.310504}}
{"target": -18.08220780119583, "params": {"eta": 0.05, "max_depth": 25.287202738469432, "n_estimators": 36.60399427891846}, "datetime": {"datetime": "2021-09-27 18:32:13", "elapsed": 151.151312, "delta": 1.271255}}
{"target": -13.408973042914122, "params": {"eta": 0.49040476311085845, "max_depth": 28.067208591969464, "n_estimators": 34.38284295970552}, "datetime": {"datetime": "2021-09-27 18:32:15", "elapsed": 152.665012, "delta": 1.5137}}
{"target": -12.036074637376988, "params": {"eta": 0.4574448335565602, "max_depth": 22.010198709483408, "n_estimators": 35.554538359167076}, "datetime": {"datetime": "2021-09-27 18:32:16", "elapsed": 153.829515, "delta": 1.164503}}
{"target": -15.787026583327643, "params": {"eta": 0.05581699733149108, "max_depth": 28.557743774493424, "n_estimators": 36.50754786725153}, "datetime": {"datetime": "2021-09-27 18:32:17", "elapsed": 155.143518, "delta": 1.314003}}
{"target": -15.154686745646611, "params": {"eta": 0.05, "max_depth": 11.869833931484974, "n_estimators": 42.07495517195243}, "datetime": {"datetime": "2021-09-27 18:32:19", "elapsed": 156.484232, "delta": 1.340714}}
{"target": -12.95779411297493, "params": {"eta": 0.49213365170786766, "max_depth": 4.3062709340418515, "n_estimators": 23.982986962929534}, "datetime": {"datetime": "2021-09-27 18:32:20", "elapsed": 157.819539, "delta": 1.335307}}
{"target": -13.387952539738865, "params": {"eta": 0.5, "max_depth": 7.500517962007735, "n_estimators": 46.46407715389508}, "datetime": {"datetime": "2021-09-27 18:32:21", "elapsed": 159.016539, "delta": 1.197}}
{"target": -12.96145485150055, "params": {"eta": 0.4871580903147645, "max_depth": 24.699020491656842, "n_estimators": 44.93280545855265}, "datetime": {"datetime": "2021-09-27 18:32:22", "elapsed": 160.243026, "delta": 1.226487}}
{"target": -13.498423043685126, "params": {"eta": 0.5, "max_depth": 9.939344502632531, "n_estimators": 48.11875847789933}, "datetime": {"datetime": "2021-09-27 18:32:24", "elapsed": 161.483062, "delta": 1.240036}}
{"target": -12.704231281566218, "params": {"eta": 0.12194934473267319, "max_depth": 15.263648184060765, "n_estimators": 21.78402390984483}, "datetime": {"datetime": "2021-09-27 18:32:25", "elapsed": 162.550061, "delta": 1.066999}}
{"target": -11.19526416063061, "params": {"eta": 0.10718227773986183, "max_depth": 7.773679338080489, "n_estimators": 41.96477789197831}, "datetime": {"datetime": "2021-09-27 18:32:26", "elapsed": 163.691297, "delta": 1.141236}}
{"target": -12.722328125853485, "params": {"eta": 0.4500431128265659, "max_depth": 29.945084428461566, "n_estimators": 20.495152469500468}, "datetime": {"datetime": "2021-09-27 18:32:27", "elapsed": 165.065295, "delta": 1.373998}}
{"target": -12.459773744663945, "params": {"eta": 0.3965862116715832, "max_depth": 17.65427113947225, "n_estimators": 22.004336869449247}, "datetime": {"datetime": "2021-09-27 18:32:29", "elapsed": 166.305059, "delta": 1.239764}}
{"target": -42.843930293444174, "params": {"eta": 0.05, "max_depth": 14.967543229593586, "n_estimators": 16.441800659730823}, "datetime": {"datetime": "2021-09-27 18:32:29", "elapsed": 167.216526, "delta": 0.911467}}
{"target": -13.106678782683284, "params": {"eta": 0.5, "max_depth": 14.870720138280602, "n_estimators": 19.24933583301656}, "datetime": {"datetime": "2021-09-27 18:32:31", "elapsed": 168.682523, "delta": 1.465997}}
{"target": -12.53213625962395, "params": {"eta": 0.3985974351518769, "max_depth": 12.380580865151819, "n_estimators": 18.29571412684512}, "datetime": {"datetime": "2021-09-27 18:32:32", "elapsed": 169.831719, "delta": 1.149196}}
{"target": -11.87595035864942, "params": {"eta": 0.3345433936905652, "max_depth": 16.527447576541658, "n_estimators": 13.965184547329695}, "datetime": {"datetime": "2021-09-27 18:32:33", "elapsed": 170.921718, "delta": 1.089999}}
{"target": -13.166502274658964, "params": {"eta": 0.49450088332550113, "max_depth": 17.62758787688637, "n_estimators": 18.10223584944011}, "datetime": {"datetime": "2021-09-27 18:32:34", "elapsed": 172.270885, "delta": 1.349167}}
{"target": -12.653018319576532, "params": {"eta": 0.49405747813195566, "max_depth": 13.205860757239392, "n_estimators": 22.58366507706882}, "datetime": {"datetime": "2021-09-27 18:32:36", "elapsed": 173.402248, "delta": 1.131363}}
{"target": -13.069257394413505, "params": {"eta": 0.3655298012887876, "max_depth": 3.5173373625362805, "n_estimators": 14.369959267517856}, "datetime": {"datetime": "2021-09-27 18:32:37", "elapsed": 174.486247, "delta": 1.083999}}
{"target": -16.38173840063549, "params": {"eta": 0.11998545502872776, "max_depth": 3.0357224594405254, "n_estimators": 16.964939376498435}, "datetime": {"datetime": "2021-09-27 18:32:38", "elapsed": 175.678664, "delta": 1.192417}}
{"target": -13.359427804251839, "params": {"eta": 0.49490832184867817, "max_depth": 14.295046878936454, "n_estimators": 26.420011885336997}, "datetime": {"datetime": "2021-09-27 18:32:39", "elapsed": 177.132999, "delta": 1.454335}}
{"target": -12.017630742442691, "params": {"eta": 0.47024030210927736, "max_depth": 7.132166031153986, "n_estimators": 13.303843779300273}, "datetime": {"datetime": "2021-09-27 18:32:40", "elapsed": 178.282002, "delta": 1.149003}}
{"target": -13.193049376991034, "params": {"eta": 0.5, "max_depth": 9.018118917682761, "n_estimators": 11.24715501957351}, "datetime": {"datetime": "2021-09-27 18:32:42", "elapsed": 179.44966, "delta": 1.167658}}
{"target": -15.710850129012382, "params": {"eta": 0.15971319475089885, "max_depth": 25.92488017472926, "n_estimators": 12.681708610427078}, "datetime": {"datetime": "2021-09-27 18:32:43", "elapsed": 180.415659, "delta": 0.965999}}
{"target": -11.770542781161138, "params": {"eta": 0.28558467830604706, "max_depth": 6.87624875137845, "n_estimators": 37.86169609861524}, "datetime": {"datetime": "2021-09-27 18:32:44", "elapsed": 181.658268, "delta": 1.242609}}
{"target": -12.396166119073778, "params": {"eta": 0.46724152997266793, "max_depth": 18.726645508526154, "n_estimators": 31.29845302956214}, "datetime": {"datetime": "2021-09-27 18:32:46", "elapsed": 183.449876, "delta": 1.791608}}
{"target": -11.930691332634579, "params": {"eta": 0.0975979882913281, "max_depth": 12.49030245462054, "n_estimators": 45.56385385623009}, "datetime": {"datetime": "2021-09-27 18:32:47", "elapsed": 185.071879, "delta": 1.622003}}
{"target": -12.406538557751997, "params": {"eta": 0.09963169879319142, "max_depth": 4.20803619595141, "n_estimators": 32.9492888146311}, "datetime": {"datetime": "2021-09-27 18:32:49", "elapsed": 186.349741, "delta": 1.277862}}
{"target": -14.21923942776343, "params": {"eta": 0.15261339182701136, "max_depth": 2.593448763426763, "n_estimators": 30.304303681403734}, "datetime": {"datetime": "2021-09-27 18:32:50", "elapsed": 187.525955, "delta": 1.176214}}
{"target": -12.853881109960092, "params": {"eta": 0.487459262353006, "max_depth": 15.626743048526574, "n_estimators": 39.28041389601149}, "datetime": {"datetime": "2021-09-27 18:32:51", "elapsed": 189.010955, "delta": 1.485}}
{"target": -11.678536266572067, "params": {"eta": 0.43441146402684216, "max_depth": 17.098062750041972, "n_estimators": 46.14143055877177}, "datetime": {"datetime": "2021-09-27 18:32:53", "elapsed": 190.706005, "delta": 1.69505}}
{"target": -47.24817311752728, "params": {"eta": 0.05, "max_depth": 28.648068825945543, "n_estimators": 14.236083807144512}, "datetime": {"datetime": "2021-09-27 18:32:54", "elapsed": 191.987295, "delta": 1.28129}}
{"target": -12.039992081459246, "params": {"eta": 0.3108681341936273, "max_depth": 24.9028223808189, "n_estimators": 13.859886264689534}, "datetime": {"datetime": "2021-09-27 18:32:55", "elapsed": 193.153297, "delta": 1.166002}}
{"target": -75.2258569228613, "params": {"eta": 0.05, "max_depth": 23.993414027959044, "n_estimators": 5.159748543844748}, "datetime": {"datetime": "2021-09-27 18:32:56", "elapsed": 194.143805, "delta": 0.990508}}
{"target": -24.31461638846374, "params": {"eta": 0.2528412254356862, "max_depth": 19.615149564557196, "n_estimators": 5.551420033070528}, "datetime": {"datetime": "2021-09-27 18:32:57", "elapsed": 195.227806, "delta": 1.084001}}
{"target": -24.664713861970185, "params": {"eta": 0.05, "max_depth": 9.383816312850243, "n_estimators": 28.391901623379443}, "datetime": {"datetime": "2021-09-27 18:32:59", "elapsed": 196.391808, "delta": 1.164002}}
{"target": -39.01466234374212, "params": {"eta": 0.05261078536885277, "max_depth": 29.92949533458826, "n_estimators": 17.139158410853074}, "datetime": {"datetime": "2021-09-27 18:33:00", "elapsed": 197.677293, "delta": 1.285485}}
{"target": -11.731477815173275, "params": {"eta": 0.31679598566360895, "max_depth": 27.245277651849598, "n_estimators": 17.164300418191058}, "datetime": {"datetime": "2021-09-27 18:33:01", "elapsed": 198.895295, "delta": 1.218002}}
{"target": -74.25520689954256, "params": {"eta": 0.05, "max_depth": 1.0, "n_estimators": 5.924662106794082}, "datetime": {"datetime": "2021-09-27 18:33:02", "elapsed": 200.212339, "delta": 1.317044}}
{"target": -12.333456852634672, "params": {"eta": 0.5, "max_depth": 3.69054184545356, "n_estimators": 41.32692471100735}, "datetime": {"datetime": "2021-09-27 18:33:04", "elapsed": 201.577763, "delta": 1.365424}}
{"target": -13.213974677909917, "params": {"eta": 0.5, "max_depth": 12.808211023236863, "n_estimators": 32.619094223700976}, "datetime": {"datetime": "2021-09-27 18:33:05", "elapsed": 203.193763, "delta": 1.616}}
{"target": -13.963420883997637, "params": {"eta": 0.4780623537852076, "max_depth": 1.1310601880738944, "n_estimators": 43.500733206097955}, "datetime": {"datetime": "2021-09-27 18:33:07", "elapsed": 204.674224, "delta": 1.480461}}
{"target": -23.425095842157358, "params": {"eta": 0.17159031826878662, "max_depth": 9.715577053490817, "n_estimators": 8.901189453310892}, "datetime": {"datetime": "2021-09-27 18:33:08", "elapsed": 205.96761, "delta": 1.293386}}
{"target": -12.122249016432445, "params": {"eta": 0.11914310511369108, "max_depth": 14.386533947272172, "n_estimators": 24.37334056758346}, "datetime": {"datetime": "2021-09-27 18:33:10", "elapsed": 207.501367, "delta": 1.533757}}
{"target": -12.1948582895321, "params": {"eta": 0.10025391758479753, "max_depth": 23.98854244584673, "n_estimators": 31.39364066389606}, "datetime": {"datetime": "2021-09-27 18:33:11", "elapsed": 208.726367, "delta": 1.225}}
{"target": -12.241071507565882, "params": {"eta": 0.42843097072478487, "max_depth": 6.212318996254658, "n_estimators": 20.067828009574878}, "datetime": {"datetime": "2021-09-27 18:33:12", "elapsed": 210.005636, "delta": 1.279269}}
{"target": -19.54417515962631, "params": {"eta": 0.054292172923520794, "max_depth": 10.635339861492023, "n_estimators": 31.95721570826919}, "datetime": {"datetime": "2021-09-27 18:33:13", "elapsed": 211.157634, "delta": 1.151998}}
{"target": -13.268118883114207, "params": {"eta": 0.4978861445376655, "max_depth": 12.69734476431864, "n_estimators": 34.54444789173912}, "datetime": {"datetime": "2021-09-27 18:33:15", "elapsed": 212.68813, "delta": 1.530496}}
{"target": -12.14162529909613, "params": {"eta": 0.14094261315444098, "max_depth": 8.314158766358606, "n_estimators": 19.538287176529483}, "datetime": {"datetime": "2021-09-27 18:33:16", "elapsed": 213.99615, "delta": 1.30802}}
{"target": -12.87105034593388, "params": {"eta": 0.5, "max_depth": 21.05075294863089, "n_estimators": 41.88759511387933}, "datetime": {"datetime": "2021-09-27 18:33:18", "elapsed": 215.80648, "delta": 1.81033}}
{"target": -12.532472445517406, "params": {"eta": 0.4100921589919064, "max_depth": 12.23507902379563, "n_estimators": 49.98858098372622}, "datetime": {"datetime": "2021-09-27 18:33:20", "elapsed": 217.6067, "delta": 1.80022}}
{"target": -12.126019524162386, "params": {"eta": 0.4440262019583192, "max_depth": 20.797244295356503, "n_estimators": 16.392501356692183}, "datetime": {"datetime": "2021-09-27 18:33:21", "elapsed": 218.975699, "delta": 1.368999}}
{"target": -12.892418262925895, "params": {"eta": 0.5, "max_depth": 10.626961451504672, "n_estimators": 43.899608538170526}, "datetime": {"datetime": "2021-09-27 18:33:23", "elapsed": 220.612099, "delta": 1.6364}}
{"target": -11.788078240410227, "params": {"eta": 0.12467223450707769, "max_depth": 5.809229513266887, "n_estimators": 35.96713590178168}, "datetime": {"datetime": "2021-09-27 18:33:24", "elapsed": 222.19289, "delta": 1.580791}}
{"target": -11.536999763842822, "params": {"eta": 0.1513019409737607, "max_depth": 19.006487408207683, "n_estimators": 48.09786012846051}, "datetime": {"datetime": "2021-09-27 18:33:26", "elapsed": 223.864711, "delta": 1.671821}}
{"target": -12.768488487672123, "params": {"eta": 0.5, "max_depth": 25.567425988583796, "n_estimators": 9.200244344664323}, "datetime": {"datetime": "2021-09-27 18:33:27", "elapsed": 225.270711, "delta": 1.406}}
{"target": -17.353853493479917, "params": {"eta": 0.13609667138062315, "max_depth": 5.080167763809892, "n_estimators": 13.149226900024608}, "datetime": {"datetime": "2021-09-27 18:33:29", "elapsed": 226.587101, "delta": 1.31639}}
{"target": -12.742753801200147, "params": {"eta": 0.07991143503094743, "max_depth": 26.345501661139593, "n_estimators": 33.868130477451324}, "datetime": {"datetime": "2021-09-27 18:33:30", "elapsed": 227.983249, "delta": 1.396148}}
{"target": -20.164531993418485, "params": {"eta": 0.05, "max_depth": 22.277045434614504, "n_estimators": 33.13804436595506}, "datetime": {"datetime": "2021-09-27 18:33:32", "elapsed": 229.665252, "delta": 1.682003}}
{"target": -12.11112033862991, "params": {"eta": 0.4611187237875176, "max_depth": 24.33837305129189, "n_estimators": 22.10891281078282}, "datetime": {"datetime": "2021-09-27 18:33:34", "elapsed": 231.597336, "delta": 1.932084}}
{"target": -11.380352385457023, "params": {"eta": 0.11105346732255675, "max_depth": 21.763891235730163, "n_estimators": 37.63973932621134}, "datetime": {"datetime": "2021-09-27 18:33:35", "elapsed": 233.259332, "delta": 1.661996}}
{"target": -16.26561136616597, "params": {"eta": 0.05, "max_depth": 5.1785660161662355, "n_estimators": 39.18212845080072}, "datetime": {"datetime": "2021-09-27 18:33:37", "elapsed": 234.588136, "delta": 1.328804}}
{"target": -12.863865953562668, "params": {"eta": 0.44863086644184963, "max_depth": 15.232888975696678, "n_estimators": 35.482326856088505}, "datetime": {"datetime": "2021-09-27 18:33:39", "elapsed": 236.459036, "delta": 1.8709}}
{"target": -24.669672372313077, "params": {"eta": 0.05580153312402801, "max_depth": 20.71221838667695, "n_estimators": 25.142088199385466}, "datetime": {"datetime": "2021-09-27 18:33:40", "elapsed": 238.251287, "delta": 1.792251}}
{"target": -12.003698370544614, "params": {"eta": 0.13933403058396027, "max_depth": 17.76569825808609, "n_estimators": 29.816641712467604}, "datetime": {"datetime": "2021-09-27 18:33:42", "elapsed": 240.198446, "delta": 1.947159}}
{"target": -11.821424982616486, "params": {"eta": 0.4577616170823919, "max_depth": 19.480274928802487, "n_estimators": 35.869744391176674}, "datetime": {"datetime": "2021-09-27 18:33:44", "elapsed": 241.965658, "delta": 1.767212}}
{"target": -17.60119281433959, "params": {"eta": 0.06421527688651552, "max_depth": 14.716826780337495, "n_estimators": 28.700280455383947}, "datetime": {"datetime": "2021-09-27 18:33:46", "elapsed": 243.376655, "delta": 1.410997}}
{"target": -13.80358318846436, "params": {"eta": 0.5, "max_depth": 6.469227086884079, "n_estimators": 48.004779552987465}, "datetime": {"datetime": "2021-09-27 18:33:47", "elapsed": 244.887299, "delta": 1.510644}}
{"target": -12.623907668860234, "params": {"eta": 0.45341981552272037, "max_depth": 29.998742967141737, "n_estimators": 35.47292278765184}, "datetime": {"datetime": "2021-09-27 18:33:49", "elapsed": 246.846141, "delta": 1.958842}}
{"target": -17.150168775243003, "params": {"eta": 0.05, "max_depth": 2.7804752948714824, "n_estimators": 42.79905794870443}, "datetime": {"datetime": "2021-09-27 18:33:50", "elapsed": 248.03831, "delta": 1.192169}}
{"target": -13.296746788818355, "params": {"eta": 0.5, "max_depth": 5.243058877546086, "n_estimators": 50.0}, "datetime": {"datetime": "2021-09-27 18:33:52", "elapsed": 249.454311, "delta": 1.416001}}
