{"target": -2.6698528860744677, "params": {"eta": 0.4012484070477494, "max_depth": 7.39333744894303, "n_estimators": 16.467437701759547}, "datetime": {"datetime": "2021-09-17 13:04:58", "elapsed": 310.722877, "delta": 2.385977}}
{"target": -2.518093212027299, "params": {"eta": 0.35242016123499353, "max_depth": 7.81544834480649, "n_estimators": 16.96928671643332}, "datetime": {"datetime": "2021-09-17 13:05:00", "elapsed": 313.139055, "delta": 2.416178}}
{"target": -2.507738388212103, "params": {"eta": 0.3211579585696488, "max_depth": 7.493480169345065, "n_estimators": 16.99477375727921}, "datetime": {"datetime": "2021-09-17 13:05:02", "elapsed": 314.576249, "delta": 1.437194}}
{"target": -2.4454697050546343, "params": {"eta": 0.46401320648586847, "max_depth": 7.929160125472835, "n_estimators": 16.890352288079086}, "datetime": {"datetime": "2021-09-17 13:05:03", "elapsed": 316.112984, "delta": 1.536735}}
{"target": -2.4905465025650826, "params": {"eta": 0.351439246591187, "max_depth": 7.8242385072387455, "n_estimators": 16.39008871496493}, "datetime": {"datetime": "2021-09-17 13:05:05", "elapsed": 318.092072, "delta": 1.979088}}
{"target": -2.4890086845347756, "params": {"eta": 0.4652954465643657, "max_depth": 7.801416171934644, "n_estimators": 16.409920322178504}, "datetime": {"datetime": "2021-09-17 13:05:07", "elapsed": 319.620583, "delta": 1.528511}}
{"target": -2.5499885207728337, "params": {"eta": 0.30332962149372134, "max_depth": 7.908861982873504, "n_estimators": 16.601168438886006}, "datetime": {"datetime": "2021-09-17 13:05:09", "elapsed": 321.875801, "delta": 2.255218}}
{"target": -2.7479687452316286, "params": {"eta": 0.3984352891328685, "max_depth": 7.895865162533203, "n_estimators": 16.24681357715877}, "datetime": {"datetime": "2021-09-17 13:05:10", "elapsed": 323.329175, "delta": 1.453374}}
{"target": -2.6402963424983774, "params": {"eta": 0.4045211758130105, "max_depth": 7.774136144356599, "n_estimators": 16.952703061616166}, "datetime": {"datetime": "2021-09-17 13:05:12", "elapsed": 325.218113, "delta": 1.888938}}
{"target": -2.4840335205981603, "params": {"eta": 0.3367554173383731, "max_depth": 7.330596338069498, "n_estimators": 16.833216938661174}, "datetime": {"datetime": "2021-09-17 13:05:14", "elapsed": 326.699055, "delta": 1.480942}}
{"target": -2.5842418388316504, "params": {"eta": 0.3233137530394915, "max_depth": 7.552072325199065, "n_estimators": 16.66186484945785}, "datetime": {"datetime": "2021-09-17 13:05:15", "elapsed": 328.137058, "delta": 1.438003}}
{"target": -2.4204766700142306, "params": {"eta": 0.4627016716793836, "max_depth": 7.702124451553518, "n_estimators": 16.223129059144973}, "datetime": {"datetime": "2021-09-17 13:05:16", "elapsed": 329.515315, "delta": 1.378257}}
{"target": -2.63904603782453, "params": {"eta": 0.3382799316451139, "max_depth": 7.618126787313327, "n_estimators": 16.905500153573342}, "datetime": {"datetime": "2021-09-17 13:05:18", "elapsed": 331.1116, "delta": 1.596285}}
{"target": -2.640647520517048, "params": {"eta": 0.404933975385358, "max_depth": 7.19471559278785, "n_estimators": 16.968416938749964}, "datetime": {"datetime": "2021-09-17 13:05:20", "elapsed": 332.811139, "delta": 1.699539}}
{"target": -2.4539193241219777, "params": {"eta": 0.2876577988935156, "max_depth": 7.101731919748951, "n_estimators": 16.598564041216797}, "datetime": {"datetime": "2021-09-17 13:05:21", "elapsed": 334.311144, "delta": 1.500005}}
{"target": -2.615614003884165, "params": {"eta": 0.2835823033044572, "max_depth": 7.364743428690334, "n_estimators": 16.5169338462853}, "datetime": {"datetime": "2021-09-17 13:05:25", "elapsed": 337.834365, "delta": 3.523221}}
{"target": -2.5074685297514265, "params": {"eta": 0.464652011228623, "max_depth": 7.787323766633525, "n_estimators": 16.888801624130807}, "datetime": {"datetime": "2021-09-17 13:05:27", "elapsed": 340.469014, "delta": 2.634649}}
{"target": -2.496853610716368, "params": {"eta": 0.271491702414787, "max_depth": 7.536430369147907, "n_estimators": 16.372696571079192}, "datetime": {"datetime": "2021-09-17 13:05:29", "elapsed": 342.25529, "delta": 1.786276}}
{"target": -2.7300641386132494, "params": {"eta": 0.34560741307899656, "max_depth": 7.419706887349681, "n_estimators": 16.557191460792787}, "datetime": {"datetime": "2021-09-17 13:05:31", "elapsed": 344.255112, "delta": 1.999822}}
{"target": -2.578494941560846, "params": {"eta": 0.44666075118621323, "max_depth": 7.022693382161763, "n_estimators": 16.868984665872915}, "datetime": {"datetime": "2021-09-17 13:05:33", "elapsed": 346.51794, "delta": 2.262828}}
{"target": -2.510891032218933, "params": {"eta": 0.3013387149651302, "max_depth": 7.647239799585619, "n_estimators": 16.730152550661096}, "datetime": {"datetime": "2021-09-17 13:05:36", "elapsed": 348.588214, "delta": 2.070274}}
{"target": -2.5159813128019635, "params": {"eta": 0.42539251450616866, "max_depth": 7.2550838914850395, "n_estimators": 16.941000684004678}, "datetime": {"datetime": "2021-09-17 13:05:38", "elapsed": 350.604507, "delta": 2.016293}}
{"target": -2.6100390628764503, "params": {"eta": 0.40525472685889263, "max_depth": 7.4190005412126805, "n_estimators": 16.38098961397292}, "datetime": {"datetime": "2021-09-17 13:05:40", "elapsed": 353.02519, "delta": 2.420683}}
{"target": -2.6015609069874412, "params": {"eta": 0.4458278531103682, "max_depth": 7.227096569127337, "n_estimators": 16.594715624425554}, "datetime": {"datetime": "2021-09-17 13:05:43", "elapsed": 355.764004, "delta": 2.738814}}
{"target": -2.4628378046186343, "params": {"eta": 0.3117584679754428, "max_depth": 7.556063252618361, "n_estimators": 16.815527390042398}, "datetime": {"datetime": "2021-09-17 13:05:44", "elapsed": 357.410437, "delta": 1.646433}}
{"target": -2.6040437190156234, "params": {"eta": 0.44130111305970776, "max_depth": 7.672940642588012, "n_estimators": 16.585027880039892}, "datetime": {"datetime": "2021-09-17 13:05:46", "elapsed": 359.344671, "delta": 1.934234}}
{"target": -2.5808832733254685, "params": {"eta": 0.2912897199682741, "max_depth": 7.834155608252892, "n_estimators": 16.39054732346261}, "datetime": {"datetime": "2021-09-17 13:05:48", "elapsed": 361.020188, "delta": 1.675517}}
{"target": -2.5071818188617105, "params": {"eta": 0.46430506963089363, "max_depth": 7.520640350961017, "n_estimators": 16.228547009825466}, "datetime": {"datetime": "2021-09-17 13:05:50", "elapsed": 362.559898, "delta": 1.53971}}
{"target": -2.5164633336820104, "params": {"eta": 0.4232135646847392, "max_depth": 7.625632617111149, "n_estimators": 16.622007870953297}, "datetime": {"datetime": "2021-09-17 13:05:51", "elapsed": 364.245178, "delta": 1.68528}}
{"target": -2.6715198071379413, "params": {"eta": 0.26094624580975606, "max_depth": 7.090732293961095, "n_estimators": 16.712435967261904}, "datetime": {"datetime": "2021-09-17 13:05:53", "elapsed": 365.825464, "delta": 1.580286}}
{"target": -2.5101178269637257, "params": {"eta": 0.27310160656832233, "max_depth": 7.051690339316558, "n_estimators": 16.0658128895698}, "datetime": {"datetime": "2021-09-17 13:05:54", "elapsed": 367.283055, "delta": 1.457591}}
{"target": -2.682563308665627, "params": {"eta": 0.32697915010535583, "max_depth": 7.756673006011186, "n_estimators": 16.120676601110038}, "datetime": {"datetime": "2021-09-17 13:05:56", "elapsed": 369.00386, "delta": 1.720805}}
{"target": -2.526162136228461, "params": {"eta": 0.25417701356897876, "max_depth": 7.440346752851229, "n_estimators": 16.58200266525785}, "datetime": {"datetime": "2021-09-17 13:05:57", "elapsed": 370.540879, "delta": 1.537019}}
{"target": -2.3880759132535836, "params": {"eta": 0.2969203111881513, "max_depth": 7.497559317230292, "n_estimators": 16.126688406258765}, "datetime": {"datetime": "2021-09-17 13:05:59", "elapsed": 372.190887, "delta": 1.650008}}
{"target": -2.467948615550995, "params": {"eta": 0.38691978666063764, "max_depth": 7.4171780396560845, "n_estimators": 16.35970287376437}, "datetime": {"datetime": "2021-09-17 13:06:01", "elapsed": 373.797669, "delta": 1.606782}}
{"target": -2.617848085102282, "params": {"eta": 0.3440278077345743, "max_depth": 7.012683673801384, "n_estimators": 16.986303788708767}, "datetime": {"datetime": "2021-09-17 13:06:02", "elapsed": 375.383297, "delta": 1.585628}}
