{"target": -3.0874361126046437, "params": {"eta": 0.7193278502421284, "max_depth": 13.219813607095109, "n_estimators": 7.782576603659249}, "datetime": {"datetime": "2021-09-17 11:55:20", "elapsed": 2558.802323, "delta": 13.182649}}
{"target": -22.046251834536854, "params": {"eta": 0.0447592211895538, "max_depth": 1.975214254554078, "n_estimators": 1.0695802738105162}, "datetime": {"datetime": "2021-09-17 11:55:27", "elapsed": 2566.388791, "delta": 7.586468}}
{"target": -5.991388490952944, "params": {"eta": 0.30912564336887277, "max_depth": 12.441036076752573, "n_estimators": 4.48517451918375}, "datetime": {"datetime": "2021-09-17 11:55:37", "elapsed": 2575.97484, "delta": 9.586049}}
{"target": -3.528847893915678, "params": {"eta": 1.0, "max_depth": 1.0, "n_estimators": 13.829001228184879}, "datetime": {"datetime": "2021-09-17 11:55:54", "elapsed": 2592.539406, "delta": 16.564566}}
{"target": -2.8836734207052936, "params": {"eta": 0.6139775255308486, "max_depth": 5.675910547364621, "n_estimators": 6.418991301299345}, "datetime": {"datetime": "2021-09-17 11:56:08", "elapsed": 2607.094131, "delta": 14.554725}}
{"target": -3.7506670835771065, "params": {"eta": 1.0, "max_depth": 14.391104225016477, "n_estimators": 9.795271580680152}, "datetime": {"datetime": "2021-09-17 11:56:19", "elapsed": 2617.574177, "delta": 10.480046}}
{"target": -4.00317396364714, "params": {"eta": 1.0, "max_depth": 1.0, "n_estimators": 6.018589780811036}, "datetime": {"datetime": "2021-09-17 11:56:28", "elapsed": 2626.769822, "delta": 9.195645}}
{"target": -3.2853032488571974, "params": {"eta": 0.9917750626469979, "max_depth": 1.479590943037993, "n_estimators": 15.310790352853243}, "datetime": {"datetime": "2021-09-17 11:56:36", "elapsed": 2634.963668, "delta": 8.193846}}
{"target": -19.820775977404494, "params": {"eta": 0.025810959492469344, "max_depth": 5.7246425393986335, "n_estimators": 6.773427889475311}, "datetime": {"datetime": "2021-09-17 11:56:50", "elapsed": 2648.724518, "delta": 13.76085}}
{"target": -3.1960483701605544, "params": {"eta": 0.7730298334625791, "max_depth": 5.200324595570245, "n_estimators": 7.168575873906202}, "datetime": {"datetime": "2021-09-17 11:57:03", "elapsed": 2661.795608, "delta": 13.07109}}
{"target": -3.1343248957081844, "params": {"eta": 0.8153173714698202, "max_depth": 6.037375124414508, "n_estimators": 6.959673629207515}, "datetime": {"datetime": "2021-09-17 11:57:12", "elapsed": 2670.505037, "delta": 8.709429}}
{"target": -3.207416498661041, "params": {"eta": 0.7334137719936215, "max_depth": 4.986513485591999, "n_estimators": 6.4323789383974885}, "datetime": {"datetime": "2021-09-17 11:57:28", "elapsed": 2687.42401, "delta": 16.918973}}
{"target": -3.735866535337348, "params": {"eta": 1.0, "max_depth": 15.0, "n_estimators": 16.709709886217627}, "datetime": {"datetime": "2021-09-17 11:57:39", "elapsed": 2698.02902, "delta": 10.60501}}
{"target": -3.3301012974036364, "params": {"eta": 0.9959607854822576, "max_depth": 3.374887402643423, "n_estimators": 6.915551937048382}, "datetime": {"datetime": "2021-09-17 11:57:54", "elapsed": 2713.391105, "delta": 15.362085}}
{"target": -3.2391946209104434, "params": {"eta": 0.8007161247430132, "max_depth": 12.856215112076985, "n_estimators": 14.246962177694616}, "datetime": {"datetime": "2021-09-17 11:58:03", "elapsed": 2722.391472, "delta": 9.000367}}
{"target": -2.8971079995757654, "params": {"eta": 0.5076360832815252, "max_depth": 12.107520680668433, "n_estimators": 5.47854280871177}, "datetime": {"datetime": "2021-09-17 11:58:08", "elapsed": 2727.14618, "delta": 4.754708}}
{"target": -3.767206503215589, "params": {"eta": 1.0, "max_depth": 1.6879635288214636, "n_estimators": 9.545144558129461}, "datetime": {"datetime": "2021-09-17 11:58:16", "elapsed": 2734.468489, "delta": 7.322309}}
{"target": -2.5734401878557707, "params": {"eta": 0.5565699058429998, "max_depth": 5.075739139409776, "n_estimators": 18.0}, "datetime": {"datetime": "2021-09-17 11:58:24", "elapsed": 2742.728163, "delta": 8.259674}}
{"target": -3.6061745113448094, "params": {"eta": 0.9964875529698518, "max_depth": 10.714796538179872, "n_estimators": 5.535881668734137}, "datetime": {"datetime": "2021-09-17 11:58:37", "elapsed": 2755.689093, "delta": 12.96093}}
{"target": -3.735351620222393, "params": {"eta": 1.0, "max_depth": 15.0, "n_estimators": 11.332171496366165}, "datetime": {"datetime": "2021-09-17 11:58:43", "elapsed": 2762.046084, "delta": 6.356991}}
{"target": -4.298512276850249, "params": {"eta": 1.0, "max_depth": 1.2084927162812178, "n_estimators": 4.485129847673231}, "datetime": {"datetime": "2021-09-17 11:58:56", "elapsed": 2775.168026, "delta": 13.121942}}
{"target": -3.6759490803668378, "params": {"eta": 1.0, "max_depth": 2.596190045430707, "n_estimators": 6.975582618235282}, "datetime": {"datetime": "2021-09-17 11:59:09", "elapsed": 2788.296092, "delta": 13.128066}}
{"target": -3.5567129084938447, "params": {"eta": 0.9231966020556193, "max_depth": 10.676099948728586, "n_estimators": 8.144109647817075}, "datetime": {"datetime": "2021-09-17 11:59:23", "elapsed": 2802.220885, "delta": 13.924793}}
{"target": -4.424971316362682, "params": {"eta": 0.21029490332552347, "max_depth": 8.345083656469852, "n_estimators": 8.636834018773586}, "datetime": {"datetime": "2021-09-17 11:59:28", "elapsed": 2806.959519, "delta": 4.738634}}
{"target": -3.405271211423372, "params": {"eta": 0.8509942862383264, "max_depth": 14.46040905450293, "n_estimators": 5.965035768937357}, "datetime": {"datetime": "2021-09-17 11:59:39", "elapsed": 2817.790443, "delta": 10.830924}}
{"target": -3.6917303775486188, "params": {"eta": 1.0, "max_depth": 12.83589888827262, "n_estimators": 15.274567745264234}, "datetime": {"datetime": "2021-09-17 11:59:53", "elapsed": 2832.006358, "delta": 14.215915}}
{"target": -3.3484324392519498, "params": {"eta": 1.0, "max_depth": 2.5867541496851976, "n_estimators": 8.793627423555233}, "datetime": {"datetime": "2021-09-17 12:00:01", "elapsed": 2840.437109, "delta": 8.430751}}
{"target": -3.694227801184905, "params": {"eta": 1.0, "max_depth": 12.167772012475268, "n_estimators": 9.090285310138714}, "datetime": {"datetime": "2021-09-17 12:00:09", "elapsed": 2848.063944, "delta": 7.626835}}
{"target": -3.6022481228175915, "params": {"eta": 0.2835836919276214, "max_depth": 3.9108142716105783, "n_estimators": 7.368464066262495}, "datetime": {"datetime": "2021-09-17 12:00:20", "elapsed": 2858.923896, "delta": 10.859952}}
{"target": -22.771987461651626, "params": {"eta": 0.01, "max_depth": 15.0, "n_estimators": 1.0}, "datetime": {"datetime": "2021-09-17 12:00:32", "elapsed": 2870.780194, "delta": 11.856298}}
{"target": -3.2363871110113043, "params": {"eta": 0.9706111361865513, "max_depth": 1.8749813174115422, "n_estimators": 17.182166754876643}, "datetime": {"datetime": "2021-09-17 12:00:42", "elapsed": 2880.62823, "delta": 9.848036}}
{"target": -10.054999978918778, "params": {"eta": 0.17140980694658528, "max_depth": 1.0286144027636355, "n_estimators": 5.472404746232723}, "datetime": {"datetime": "2021-09-17 12:00:59", "elapsed": 2898.180531, "delta": 17.552301}}
{"target": -3.473640781954715, "params": {"eta": 0.9760197484100799, "max_depth": 2.2870956790354713, "n_estimators": 6.300234574953153}, "datetime": {"datetime": "2021-09-17 12:01:09", "elapsed": 2908.148371, "delta": 9.96784}}
{"target": -3.5373898600277145, "params": {"eta": 1.0, "max_depth": 10.66077254212008, "n_estimators": 18.0}, "datetime": {"datetime": "2021-09-17 12:01:20", "elapsed": 2918.543353, "delta": 10.394982}}
{"target": -3.265681460029201, "params": {"eta": 0.40047362734224085, "max_depth": 10.386946224192906, "n_estimators": 5.022438847549291}, "datetime": {"datetime": "2021-09-17 12:01:26", "elapsed": 2925.407882, "delta": 6.864529}}
{"target": -2.8675318774424103, "params": {"eta": 0.9697356093994399, "max_depth": 4.024777764333113, "n_estimators": 6.791511473470262}, "datetime": {"datetime": "2021-09-17 12:01:38", "elapsed": 2937.049491, "delta": 11.641609}}
{"target": -3.1467644766757363, "params": {"eta": 0.4714075490354718, "max_depth": 2.320842966724368, "n_estimators": 11.583582242855375}, "datetime": {"datetime": "2021-09-17 12:01:46", "elapsed": 2945.177264, "delta": 8.127773}}
{"target": -3.806442628408733, "params": {"eta": 1.0, "max_depth": 13.619192841415275, "n_estimators": 5.641213067957061}, "datetime": {"datetime": "2021-09-17 12:01:56", "elapsed": 2954.777326, "delta": 9.600062}}
{"target": -3.4803876782718457, "params": {"eta": 0.8293369572801466, "max_depth": 11.843642363174641, "n_estimators": 7.794448617992822}, "datetime": {"datetime": "2021-09-17 12:02:01", "elapsed": 2959.806216, "delta": 5.02889}}
{"target": -22.347549155668208, "params": {"eta": 0.01, "max_depth": 7.311873330048293, "n_estimators": 3.851299278012171}, "datetime": {"datetime": "2021-09-17 12:02:22", "elapsed": 2980.695525, "delta": 20.889309}}
{"target": -3.5206057241088464, "params": {"eta": 0.9876626236856465, "max_depth": 2.014518381116372, "n_estimators": 7.690012125279354}, "datetime": {"datetime": "2021-09-17 12:02:29", "elapsed": 2988.092292, "delta": 7.396767}}
{"target": -2.82943606125681, "params": {"eta": 0.42904907565535094, "max_depth": 4.534431124353579, "n_estimators": 6.984831291697886}, "datetime": {"datetime": "2021-09-17 12:02:40", "elapsed": 2999.179718, "delta": 11.087426}}
{"target": -3.2301561343042478, "params": {"eta": 1.0, "max_depth": 1.0, "n_estimators": 17.974158720159835}, "datetime": {"datetime": "2021-09-17 12:02:55", "elapsed": 3014.00417, "delta": 14.824452}}
{"target": -3.4751131010682967, "params": {"eta": 1.0, "max_depth": 6.5528832173977385, "n_estimators": 10.887731610373791}, "datetime": {"datetime": "2021-09-17 12:03:06", "elapsed": 3025.241635, "delta": 11.237465}}
{"target": -3.1382575913479456, "params": {"eta": 0.37287520746678604, "max_depth": 1.247746968828261, "n_estimators": 11.306355131075122}, "datetime": {"datetime": "2021-09-17 12:03:11", "elapsed": 3030.233848, "delta": 4.992213}}
{"target": -3.282884791022853, "params": {"eta": 0.4788751243485932, "max_depth": 1.2563524533286536, "n_estimators": 10.864627162282629}, "datetime": {"datetime": "2021-09-17 12:03:19", "elapsed": 3038.163535, "delta": 7.929687}}
{"target": -2.915097193968924, "params": {"eta": 0.3899339600343276, "max_depth": 12.948375665325386, "n_estimators": 6.511948824529213}, "datetime": {"datetime": "2021-09-17 12:03:31", "elapsed": 3050.297685, "delta": 12.13415}}
{"target": -3.628676145641427, "params": {"eta": 1.0, "max_depth": 11.698307801507225, "n_estimators": 8.530831628826487}, "datetime": {"datetime": "2021-09-17 12:03:41", "elapsed": 3060.322953, "delta": 10.025268}}
{"target": -5.326071187069541, "params": {"eta": 1.0, "max_depth": 1.0, "n_estimators": 1.0}, "datetime": {"datetime": "2021-09-17 12:03:55", "elapsed": 3074.241398, "delta": 13.918445}}
{"target": -3.7860326522275023, "params": {"eta": 1.0, "max_depth": 13.079432118937719, "n_estimators": 4.089832594561107}, "datetime": {"datetime": "2021-09-17 12:04:02", "elapsed": 3081.363671, "delta": 7.122273}}
{"target": -3.4638949532257883, "params": {"eta": 0.9834197027323066, "max_depth": 8.816687195936483, "n_estimators": 17.33622697340768}, "datetime": {"datetime": "2021-09-17 12:04:14", "elapsed": 3092.605681, "delta": 11.24201}}
{"target": -3.3449605195145855, "params": {"eta": 1.0, "max_depth": 4.291900474005734, "n_estimators": 6.125771825448311}, "datetime": {"datetime": "2021-09-17 12:04:27", "elapsed": 3105.891667, "delta": 13.285986}}
{"target": -4.00317396364714, "params": {"eta": 1.0, "max_depth": 1.0, "n_estimators": 6.971122905458597}, "datetime": {"datetime": "2021-09-17 12:04:45", "elapsed": 3123.891958, "delta": 18.000291}}
{"target": -3.504338923880928, "params": {"eta": 0.9777420374601999, "max_depth": 7.574645834603589, "n_estimators": 2.668751125037597}, "datetime": {"datetime": "2021-09-17 12:04:58", "elapsed": 3136.580691, "delta": 12.688733}}
{"target": -3.080106582139667, "params": {"eta": 0.863313265582382, "max_depth": 3.737624689389004, "n_estimators": 9.647150811722302}, "datetime": {"datetime": "2021-09-17 12:05:17", "elapsed": 3155.687344, "delta": 19.106653}}
{"target": -2.58263952543861, "params": {"eta": 0.41610332277290946, "max_depth": 6.173468277306441, "n_estimators": 9.888173646950467}, "datetime": {"datetime": "2021-09-17 12:05:25", "elapsed": 3164.290345, "delta": 8.603001}}
{"target": -15.316987917297764, "params": {"eta": 0.08378394248013601, "max_depth": 1.727543171961942, "n_estimators": 5.9510067419283805}, "datetime": {"datetime": "2021-09-17 12:05:31", "elapsed": 3169.652956, "delta": 5.362611}}
{"target": -3.6804269975737522, "params": {"eta": 1.0, "max_depth": 10.921131877274567, "n_estimators": 2.923171377595979}, "datetime": {"datetime": "2021-09-17 12:05:40", "elapsed": 3179.097993, "delta": 9.445037}}
{"target": -2.6227263996475623, "params": {"eta": 0.22256866867971867, "max_depth": 8.690654018331296, "n_estimators": 13.604802891598826}, "datetime": {"datetime": "2021-09-17 12:05:49", "elapsed": 3188.088738, "delta": 8.990745}}
{"target": -3.4418661299504727, "params": {"eta": 0.9719969930462388, "max_depth": 12.688186656800209, "n_estimators": 2.4548628365066842}, "datetime": {"datetime": "2021-09-17 12:05:59", "elapsed": 3198.407196, "delta": 10.318458}}
{"target": -3.7317143633177405, "params": {"eta": 0.9319146445126707, "max_depth": 13.879792164072473, "n_estimators": 6.645978263993066}, "datetime": {"datetime": "2021-09-17 12:06:04", "elapsed": 3203.17716, "delta": 4.769964}}
{"target": -3.7067859248111126, "params": {"eta": 0.9674320272549418, "max_depth": 6.76917813172736, "n_estimators": 3.8145932743731055}, "datetime": {"datetime": "2021-09-17 12:06:16", "elapsed": 3214.920616, "delta": 11.743456}}
{"target": -3.8324366516188575, "params": {"eta": 1.0, "max_depth": 7.9162728490321586, "n_estimators": 12.025245434258792}, "datetime": {"datetime": "2021-09-17 12:06:23", "elapsed": 3222.233058, "delta": 7.312442}}
{"target": -2.953243752843455, "params": {"eta": 0.9817093535320669, "max_depth": 2.225644273081211, "n_estimators": 15.062535998459111}, "datetime": {"datetime": "2021-09-17 12:06:33", "elapsed": 3231.837699, "delta": 9.604641}}
{"target": -20.31636945934672, "params": {"eta": 0.01, "max_depth": 9.368464334858816, "n_estimators": 13.25199618844551}, "datetime": {"datetime": "2021-09-17 12:06:42", "elapsed": 3241.086592, "delta": 9.248893}}
{"target": -2.85152433294999, "params": {"eta": 0.6292211935297772, "max_depth": 8.718250814211789, "n_estimators": 13.1185693402716}, "datetime": {"datetime": "2021-09-17 12:06:51", "elapsed": 3249.757028, "delta": 8.670436}}
{"target": -2.958645380798139, "params": {"eta": 0.7591750048210002, "max_depth": 8.923960574346843, "n_estimators": 13.671181701651271}, "datetime": {"datetime": "2021-09-17 12:07:03", "elapsed": 3261.724978, "delta": 11.96795}}
{"target": -2.5563166994797557, "params": {"eta": 0.3561056516935088, "max_depth": 10.293100443555298, "n_estimators": 12.951154499415304}, "datetime": {"datetime": "2021-09-17 12:07:12", "elapsed": 3271.129524, "delta": 9.404546}}
{"target": -2.982776436680241, "params": {"eta": 0.6981975214915589, "max_depth": 9.041934807556004, "n_estimators": 12.641803278454134}, "datetime": {"datetime": "2021-09-17 12:07:21", "elapsed": 3279.835872, "delta": 8.706348}}
{"target": -3.251932968591389, "params": {"eta": 1.0, "max_depth": 4.678732622045578, "n_estimators": 13.979014749094775}, "datetime": {"datetime": "2021-09-17 12:07:35", "elapsed": 3293.56389, "delta": 13.728018}}
{"target": -4.076858213073329, "params": {"eta": 0.2752836698952061, "max_depth": 1.8614128210002943, "n_estimators": 8.18440139290806}, "datetime": {"datetime": "2021-09-17 12:07:40", "elapsed": 3299.024452, "delta": 5.460562}}
{"target": -3.085447392965618, "params": {"eta": 1.0, "max_depth": 3.659650755376497, "n_estimators": 17.501386869395102}, "datetime": {"datetime": "2021-09-17 12:07:48", "elapsed": 3307.276162, "delta": 8.25171}}
{"target": -3.61181420401523, "params": {"eta": 0.904718509650468, "max_depth": 1.9404424669123108, "n_estimators": 8.279581798867046}, "datetime": {"datetime": "2021-09-17 12:07:59", "elapsed": 3318.084848, "delta": 10.808686}}
{"target": -3.0433437529363125, "params": {"eta": 1.0, "max_depth": 2.439160279890415, "n_estimators": 17.638263278109804}, "datetime": {"datetime": "2021-09-17 12:08:15", "elapsed": 3334.02414, "delta": 15.939292}}
{"target": -19.608709457987235, "params": {"eta": 0.021046705543411516, "max_depth": 1.063380468921793, "n_estimators": 8.028756467763337}, "datetime": {"datetime": "2021-09-17 12:08:25", "elapsed": 3343.993673, "delta": 9.969533}}
{"target": -3.2995060657200064, "params": {"eta": 0.5810487751370662, "max_depth": 2.708639224088979, "n_estimators": 7.696196020916619}, "datetime": {"datetime": "2021-09-17 12:08:44", "elapsed": 3363.369081, "delta": 19.375408}}
{"target": -19.370605169471943, "params": {"eta": 0.01, "max_depth": 12.864510004180017, "n_estimators": 18.0}, "datetime": {"datetime": "2021-09-17 12:08:53", "elapsed": 3371.918904, "delta": 8.549823}}
{"target": -2.4030557180705823, "params": {"eta": 0.31737905115618187, "max_depth": 11.875983415888236, "n_estimators": 17.064150644518048}, "datetime": {"datetime": "2021-09-17 12:09:02", "elapsed": 3380.943103, "delta": 9.024199}}
{"target": -21.5090726479888, "params": {"eta": 0.01, "max_depth": 13.762896535751413, "n_estimators": 7.116890209756651}, "datetime": {"datetime": "2021-09-17 12:09:11", "elapsed": 3390.093017, "delta": 9.149914}}
{"target": -3.69264478840326, "params": {"eta": 0.9989139870923508, "max_depth": 12.197575671779738, "n_estimators": 2.9367277400322096}, "datetime": {"datetime": "2021-09-17 12:09:27", "elapsed": 3405.512613, "delta": 15.419596}}
{"target": -2.9004432000611957, "params": {"eta": 0.569881938930342, "max_depth": 13.389571577752358, "n_estimators": 6.262753878494927}, "datetime": {"datetime": "2021-09-17 12:09:41", "elapsed": 3419.563047, "delta": 14.050434}}
{"target": -2.521408940616407, "params": {"eta": 0.5313703150138389, "max_depth": 13.537467184162546, "n_estimators": 15.416680750552974}, "datetime": {"datetime": "2021-09-17 12:09:52", "elapsed": 3430.776616, "delta": 11.213569}}
{"target": -3.7435543270487535, "params": {"eta": 0.9977342631760823, "max_depth": 14.37423333835618, "n_estimators": 3.5830827731480666}, "datetime": {"datetime": "2021-09-17 12:10:01", "elapsed": 3439.854963, "delta": 9.078347}}
{"target": -20.31636945934672, "params": {"eta": 0.01, "max_depth": 14.708762602004608, "n_estimators": 13.267550393642711}, "datetime": {"datetime": "2021-09-17 12:10:19", "elapsed": 3457.992332, "delta": 18.137369}}
{"target": -3.1275165890392507, "params": {"eta": 0.6820692960791912, "max_depth": 14.754571666771062, "n_estimators": 12.896981083339671}, "datetime": {"datetime": "2021-09-17 12:10:28", "elapsed": 3466.565798, "delta": 8.573466}}
{"target": -3.8079252788895057, "params": {"eta": 1.0, "max_depth": 7.115456218745998, "n_estimators": 7.173986392573727}, "datetime": {"datetime": "2021-09-17 12:10:37", "elapsed": 3475.675702, "delta": 9.109904}}
{"target": -2.962778332358912, "params": {"eta": 0.5762153656158739, "max_depth": 14.005074129623713, "n_estimators": 12.991589418727422}, "datetime": {"datetime": "2021-09-17 12:10:45", "elapsed": 3484.327339, "delta": 8.651637}}
{"target": -2.367895093089656, "params": {"eta": 0.2797564303971525, "max_depth": 8.435581559576667, "n_estimators": 14.378263683099952}, "datetime": {"datetime": "2021-09-17 12:10:54", "elapsed": 3493.207091, "delta": 8.879752}}
{"target": -3.3004751795216607, "params": {"eta": 0.6321279398087973, "max_depth": 2.6714324565319125, "n_estimators": 12.49533032002261}, "datetime": {"datetime": "2021-09-17 12:11:06", "elapsed": 3504.999936, "delta": 11.792845}}
{"target": -20.842915773313297, "params": {"eta": 0.0103119272562038, "max_depth": 10.87519902447147, "n_estimators": 10.161983825867402}, "datetime": {"datetime": "2021-09-17 12:11:17", "elapsed": 3515.85706, "delta": 10.857124}}
{"target": -2.923445988956251, "params": {"eta": 0.6393514389814272, "max_depth": 10.238311242721888, "n_estimators": 9.769160184561358}, "datetime": {"datetime": "2021-09-17 12:11:25", "elapsed": 3524.075397, "delta": 8.218337}}
{"target": -2.7856481439188907, "params": {"eta": 0.55167286022363, "max_depth": 9.758447740973034, "n_estimators": 12.843990773867846}, "datetime": {"datetime": "2021-09-17 12:11:46", "elapsed": 3545.334996, "delta": 21.259599}}
{"target": -3.717346628716118, "params": {"eta": 0.9989381961418866, "max_depth": 12.071843879746314, "n_estimators": 16.501957671179927}, "datetime": {"datetime": "2021-09-17 12:12:01", "elapsed": 3559.569448, "delta": 14.234452}}
{"target": -3.1151484301215726, "params": {"eta": 0.7292650454140642, "max_depth": 14.547503404366704, "n_estimators": 14.4063395107522}, "datetime": {"datetime": "2021-09-17 12:12:12", "elapsed": 3570.455399, "delta": 10.885951}}
{"target": -2.974478592998103, "params": {"eta": 0.6982839578926496, "max_depth": 9.716523144858051, "n_estimators": 13.475947934535338}, "datetime": {"datetime": "2021-09-17 12:12:20", "elapsed": 3578.731121, "delta": 8.275722}}
{"target": -3.5685938083811815, "params": {"eta": 0.9242758813565919, "max_depth": 11.006052944366242, "n_estimators": 14.102419009392394}, "datetime": {"datetime": "2021-09-17 12:12:25", "elapsed": 3583.670305, "delta": 4.939184}}
{"target": -3.3525728373151074, "params": {"eta": 0.7970022022479102, "max_depth": 13.565567640257663, "n_estimators": 11.658711805981909}, "datetime": {"datetime": "2021-09-17 12:12:30", "elapsed": 3588.640675, "delta": 4.97037}}
{"target": -3.5827685840820007, "params": {"eta": 0.9178668383045646, "max_depth": 13.694130702179784, "n_estimators": 12.126906719409817}, "datetime": {"datetime": "2021-09-17 12:12:41", "elapsed": 3600.286979, "delta": 11.646304}}
