{"target": -3.4511224338882847, "params": {"eta": 0.09732531329344636, "max_depth": 13.560316634180518, "n_estimators": 22.757532034823424}, "datetime": {"datetime": "2021-09-17 13:43:48", "elapsed": 16.616066, "delta": 0.291001}}
{"target": -2.4251478992010416, "params": {"eta": 0.1294749621268556, "max_depth": 10.925875807630744, "n_estimators": 25.108225798977962}, "datetime": {"datetime": "2021-09-17 13:43:48", "elapsed": 16.937065, "delta": 0.320999}}
{"target": -2.3543558127001716, "params": {"eta": 0.16208422263094657, "max_depth": 11.745126987923701, "n_estimators": 26.499953419385164}, "datetime": {"datetime": "2021-09-17 13:43:49", "elapsed": 17.277827, "delta": 0.340762}}
{"target": -2.3611214713046427, "params": {"eta": 0.1991159979471388, "max_depth": 16.00451814598738, "n_estimators": 28.332774957540373}, "datetime": {"datetime": "2021-09-17 13:43:49", "elapsed": 17.679825, "delta": 0.401998}}
{"target": -2.3222456373666462, "params": {"eta": 0.17742719684408825, "max_depth": 13.97688392715873, "n_estimators": 26.48991885022808}, "datetime": {"datetime": "2021-09-17 13:43:50", "elapsed": 18.298828, "delta": 0.619003}}
{"target": -2.8613587831196035, "params": {"eta": 0.09464243077315039, "max_depth": 14.603483007043252, "n_estimators": 28.938190312600113}, "datetime": {"datetime": "2021-09-17 13:43:50", "elapsed": 18.648826, "delta": 0.349998}}
{"target": -2.40710503866798, "params": {"eta": 0.1269812843232814, "max_depth": 13.8002818272419, "n_estimators": 26.48463726271318}, "datetime": {"datetime": "2021-09-17 13:43:51", "elapsed": 19.442652, "delta": 0.793826}}
{"target": -2.741996012235943, "params": {"eta": 0.1019503494235764, "max_depth": 15.707888571119842, "n_estimators": 28.822407155751335}, "datetime": {"datetime": "2021-09-17 13:43:51", "elapsed": 19.796653, "delta": 0.354001}}
{"target": -2.3069062094939383, "params": {"eta": 0.1858921702010766, "max_depth": 11.250166203670934, "n_estimators": 24.93150341326691}, "datetime": {"datetime": "2021-09-17 13:43:52", "elapsed": 20.143705, "delta": 0.347052}}
{"target": -2.868918786550823, "params": {"eta": 0.09791033699434662, "max_depth": 11.092750708827207, "n_estimators": 26.742379753289086}, "datetime": {"datetime": "2021-09-17 13:43:52", "elapsed": 20.489704, "delta": 0.345999}}
{"target": -2.458013565916764, "params": {"eta": 0.12854289682472095, "max_depth": 10.994246640428232, "n_estimators": 24.80320488567454}, "datetime": {"datetime": "2021-09-17 13:43:53", "elapsed": 21.287428, "delta": 0.797724}}
{"target": -2.3123915502899575, "params": {"eta": 0.15243073767129348, "max_depth": 11.927277619368496, "n_estimators": 25.587087840082155}, "datetime": {"datetime": "2021-09-17 13:43:53", "elapsed": 21.654427, "delta": 0.366999}}
{"target": -2.3624026706344203, "params": {"eta": 0.15931090336966192, "max_depth": 13.334763542220688, "n_estimators": 28.775008400014404}, "datetime": {"datetime": "2021-09-17 13:43:54", "elapsed": 22.738633, "delta": 1.084206}}
{"target": -2.410720219737605, "params": {"eta": 0.1678224796103716, "max_depth": 12.74788682317032, "n_estimators": 26.7242709733342}, "datetime": {"datetime": "2021-09-17 13:43:55", "elapsed": 23.661816, "delta": 0.923183}}
{"target": -3.404998720319647, "params": {"eta": 0.09187116007585036, "max_depth": 12.0532561353705, "n_estimators": 24.18119821594501}, "datetime": {"datetime": "2021-09-17 13:43:55", "elapsed": 24.01982, "delta": 0.358004}}
{"target": -3.2250894922959175, "params": {"eta": 0.09948729540600855, "max_depth": 13.830441187890742, "n_estimators": 23.01522049905673}, "datetime": {"datetime": "2021-09-17 13:43:56", "elapsed": 24.340818, "delta": 0.320998}}
{"target": -2.2626579604650803, "params": {"eta": 0.18592267465845036, "max_depth": 12.209020086607538, "n_estimators": 26.239897915025402}, "datetime": {"datetime": "2021-09-17 13:43:56", "elapsed": 24.74282, "delta": 0.402002}}
{"target": -2.433507118099614, "params": {"eta": 0.1386003870792775, "max_depth": 12.108232001924762, "n_estimators": 26.219679206044226}, "datetime": {"datetime": "2021-09-17 13:43:57", "elapsed": 25.808563, "delta": 1.065743}}
{"target": -2.836222579604701, "params": {"eta": 0.09430272871060082, "max_depth": 13.3541670456255, "n_estimators": 28.924553447108316}, "datetime": {"datetime": "2021-09-17 13:43:58", "elapsed": 26.887561, "delta": 1.078998}}
{"target": -2.4198095108333386, "params": {"eta": 0.18136786682880235, "max_depth": 13.97569904530805, "n_estimators": 26.603748513009144}, "datetime": {"datetime": "2021-09-17 13:43:59", "elapsed": 27.374212, "delta": 0.486651}}
{"target": -2.446318825922514, "params": {"eta": 0.12992441680499411, "max_depth": 10.852448322279932, "n_estimators": 24.938017276677517}, "datetime": {"datetime": "2021-09-17 13:43:59", "elapsed": 28.036209, "delta": 0.661997}}
{"target": -2.3412754912125435, "params": {"eta": 0.15342424460117904, "max_depth": 13.195903899259001, "n_estimators": 28.879770550776797}, "datetime": {"datetime": "2021-09-17 13:44:00", "elapsed": 28.578213, "delta": 0.542004}}
{"target": -2.2880612486287166, "params": {"eta": 0.19769180099191636, "max_depth": 11.240433569441777, "n_estimators": 24.92625662897807}, "datetime": {"datetime": "2021-09-17 13:44:00", "elapsed": 28.965209, "delta": 0.386996}}
{"target": -2.319471665432579, "params": {"eta": 0.16084245934931035, "max_depth": 10.804391216930274, "n_estimators": 24.75579944062887}, "datetime": {"datetime": "2021-09-17 13:44:01", "elapsed": 29.611253, "delta": 0.646044}}
{"target": -2.384654503747037, "params": {"eta": 0.1404171634582158, "max_depth": 16.78497111816243, "n_estimators": 25.983308459547196}, "datetime": {"datetime": "2021-09-17 13:44:01", "elapsed": 30.016255, "delta": 0.405002}}
{"target": -2.6496220858473527, "params": {"eta": 0.12064236703414011, "max_depth": 10.699656619502033, "n_estimators": 24.807905028305637}, "datetime": {"datetime": "2021-09-17 13:44:02", "elapsed": 30.532253, "delta": 0.515998}}
{"target": -3.1433186418131775, "params": {"eta": 0.10479143768334781, "max_depth": 16.57046314798789, "n_estimators": 22.066298625354566}, "datetime": {"datetime": "2021-09-17 13:44:02", "elapsed": 30.884254, "delta": 0.352001}}
{"target": -2.3644347272421187, "params": {"eta": 0.1608809768690772, "max_depth": 10.703989708986695, "n_estimators": 22.879277692411776}, "datetime": {"datetime": "2021-09-17 13:44:03", "elapsed": 31.957574, "delta": 1.07332}}
{"target": -2.727303033753445, "params": {"eta": 0.1094451127836048, "max_depth": 11.464493563621323, "n_estimators": 25.714202994208556}, "datetime": {"datetime": "2021-09-17 13:44:04", "elapsed": 32.333273, "delta": 0.375699}}
{"target": -2.3844670841568396, "params": {"eta": 0.18079542615349561, "max_depth": 10.83924320198434, "n_estimators": 25.90816199435944}, "datetime": {"datetime": "2021-09-17 13:44:04", "elapsed": 32.737267, "delta": 0.403994}}
{"target": -2.35607774006693, "params": {"eta": 0.1543150793166661, "max_depth": 13.028705955959001, "n_estimators": 24.000310862036415}, "datetime": {"datetime": "2021-09-17 13:44:05", "elapsed": 33.439313, "delta": 0.702046}}
{"target": -2.314510836099324, "params": {"eta": 0.14625268033014732, "max_depth": 14.975294714254304, "n_estimators": 28.531266652364426}, "datetime": {"datetime": "2021-09-17 13:44:05", "elapsed": 33.884316, "delta": 0.445003}}
{"target": -3.1256527819131548, "params": {"eta": 0.09717544531059201, "max_depth": 13.002938069112027, "n_estimators": 24.134036887236384}, "datetime": {"datetime": "2021-09-17 13:44:06", "elapsed": 34.492315, "delta": 0.607999}}
{"target": -2.4528916998913415, "params": {"eta": 0.18142049435608643, "max_depth": 15.882310415377251, "n_estimators": 25.762422772922193}, "datetime": {"datetime": "2021-09-17 13:44:06", "elapsed": 34.951322, "delta": 0.459007}}
{"target": -2.3499197903432347, "params": {"eta": 0.199084948680737, "max_depth": 12.824465900313557, "n_estimators": 24.013585464290927}, "datetime": {"datetime": "2021-09-17 13:44:07", "elapsed": 35.819587, "delta": 0.868265}}
{"target": -2.4019593634103473, "params": {"eta": 0.17718842536250312, "max_depth": 10.986321889091919, "n_estimators": 27.545831205175734}, "datetime": {"datetime": "2021-09-17 13:44:08", "elapsed": 36.224592, "delta": 0.405005}}
{"target": -2.4534466159971133, "params": {"eta": 0.16766031209016863, "max_depth": 10.708006952886555, "n_estimators": 22.750719835617037}, "datetime": {"datetime": "2021-09-17 13:44:08", "elapsed": 36.754591, "delta": 0.529999}}
{"target": -2.504901847713872, "params": {"eta": 0.1329011805457634, "max_depth": 10.247032327288661, "n_estimators": 23.083952284435682}, "datetime": {"datetime": "2021-09-17 13:44:09", "elapsed": 37.156589, "delta": 0.401998}}
{"target": -3.6998263308876447, "params": {"eta": 0.09279610707747979, "max_depth": 10.25279143317603, "n_estimators": 22.208774523130657}, "datetime": {"datetime": "2021-09-17 13:44:09", "elapsed": 37.537501, "delta": 0.380912}}
{"target": -2.268778532429746, "params": {"eta": 0.19338544331309346, "max_depth": 12.92973430120534, "n_estimators": 23.9733670841472}, "datetime": {"datetime": "2021-09-17 13:44:10", "elapsed": 38.211505, "delta": 0.674004}}
{"target": -2.476989655745657, "params": {"eta": 0.1796540694607548, "max_depth": 13.169900605337073, "n_estimators": 23.44254377057347}, "datetime": {"datetime": "2021-09-17 13:44:11", "elapsed": 39.31678, "delta": 1.105275}}
{"target": -2.424204703381187, "params": {"eta": 0.16415322854800843, "max_depth": 11.122780410956526, "n_estimators": 25.017753417571566}, "datetime": {"datetime": "2021-09-17 13:44:12", "elapsed": 40.340458, "delta": 1.023678}}
{"target": -2.340163188859036, "params": {"eta": 0.2, "max_depth": 10.858832689576753, "n_estimators": 22.923133194663436}, "datetime": {"datetime": "2021-09-17 13:44:13", "elapsed": 41.234613, "delta": 0.894155}}
{"target": -2.3910715366664688, "params": {"eta": 0.17403787056983422, "max_depth": 13.395542002008623, "n_estimators": 23.44671266315647}, "datetime": {"datetime": "2021-09-17 13:44:14", "elapsed": 42.360293, "delta": 1.12568}}
{"target": -2.400266664906552, "params": {"eta": 0.189860673322133, "max_depth": 13.393404736128758, "n_estimators": 23.2469001619339}, "datetime": {"datetime": "2021-09-17 13:44:15", "elapsed": 43.456202, "delta": 1.095909}}
{"target": -2.3419360336504487, "params": {"eta": 0.19226636370365724, "max_depth": 12.149628626822874, "n_estimators": 26.058195273789316}, "datetime": {"datetime": "2021-09-17 13:44:16", "elapsed": 44.288199, "delta": 0.831997}}
{"target": -2.290846864800704, "params": {"eta": 0.16030155678184754, "max_depth": 10.693980270514594, "n_estimators": 23.00449757279788}, "datetime": {"datetime": "2021-09-17 13:44:16", "elapsed": 44.718204, "delta": 0.430005}}
{"target": -2.3380613571719118, "params": {"eta": 0.1742125385596059, "max_depth": 14.852396000634478, "n_estimators": 28.420935690502258}, "datetime": {"datetime": "2021-09-17 13:44:17", "elapsed": 45.575913, "delta": 0.857709}}
{"target": -2.2815375302967276, "params": {"eta": 0.15240694011348466, "max_depth": 11.75203679857343, "n_estimators": 28.237442446319587}, "datetime": {"datetime": "2021-09-17 13:44:18", "elapsed": 46.318913, "delta": 0.743}}
{"target": -2.3709993155379046, "params": {"eta": 0.1517011004685738, "max_depth": 11.78478506688455, "n_estimators": 28.06884169097435}, "datetime": {"datetime": "2021-09-17 13:44:19", "elapsed": 47.202099, "delta": 0.883186}}
{"target": -2.310831425064489, "params": {"eta": 0.15124827608159222, "max_depth": 11.586402148154368, "n_estimators": 28.264952883645492}, "datetime": {"datetime": "2021-09-17 13:44:19", "elapsed": 47.928394, "delta": 0.726295}}
{"target": -2.2796095716325864, "params": {"eta": 0.19657400248569012, "max_depth": 12.954724227878856, "n_estimators": 26.65629365753325}, "datetime": {"datetime": "2021-09-17 13:44:20", "elapsed": 48.691391, "delta": 0.762997}}
{"target": -3.6608716544352085, "params": {"eta": 0.09, "max_depth": 13.223952859817391, "n_estimators": 23.247084771603596}, "datetime": {"datetime": "2021-09-17 13:44:21", "elapsed": 49.585181, "delta": 0.89379}}
{"target": -2.6714886138313694, "params": {"eta": 0.12244486113576797, "max_depth": 10.0595396654163, "n_estimators": 23.09028601036814}, "datetime": {"datetime": "2021-09-17 13:44:21", "elapsed": 50.002706, "delta": 0.417525}}
{"target": -3.1672118230869892, "params": {"eta": 0.09, "max_depth": 12.881603868469933, "n_estimators": 26.676600714087016}, "datetime": {"datetime": "2021-09-17 13:44:22", "elapsed": 50.628706, "delta": 0.626}}
{"target": -2.3638528390934592, "params": {"eta": 0.17151208651185623, "max_depth": 13.834072761952083, "n_estimators": 24.685123982817895}, "datetime": {"datetime": "2021-09-17 13:44:22", "elapsed": 51.091711, "delta": 0.463005}}
{"target": -2.611415551838122, "params": {"eta": 0.11725980722578502, "max_depth": 13.946992933915155, "n_estimators": 24.66942461905383}, "datetime": {"datetime": "2021-09-17 13:44:23", "elapsed": 51.690949, "delta": 0.599238}}
{"target": -2.808147826947664, "params": {"eta": 0.11084744863990705, "max_depth": 13.78052907443993, "n_estimators": 24.594469315612994}, "datetime": {"datetime": "2021-09-17 13:44:24", "elapsed": 52.367703, "delta": 0.676754}}
{"target": -2.357405589128795, "params": {"eta": 0.16573168395378962, "max_depth": 14.067685638684543, "n_estimators": 24.846994999134374}, "datetime": {"datetime": "2021-09-17 13:44:24", "elapsed": 52.835701, "delta": 0.467998}}
{"target": -2.832387989445736, "params": {"eta": 0.09382513909469503, "max_depth": 11.669482641167342, "n_estimators": 28.197082247470533}, "datetime": {"datetime": "2021-09-17 13:44:25", "elapsed": 53.514908, "delta": 0.679207}}
{"target": -2.3050094999765096, "params": {"eta": 0.1856700586046729, "max_depth": 12.204262396444093, "n_estimators": 26.140347074741623}, "datetime": {"datetime": "2021-09-17 13:44:26", "elapsed": 54.29491, "delta": 0.780002}}
{"target": -2.276533614961725, "params": {"eta": 0.19430139377995015, "max_depth": 13.904713812103527, "n_estimators": 26.49968216063283}, "datetime": {"datetime": "2021-09-17 13:44:26", "elapsed": 55.100971, "delta": 0.806061}}
{"target": -2.3225584783052144, "params": {"eta": 0.16098704854340234, "max_depth": 11.432055777890628, "n_estimators": 26.609691553398065}, "datetime": {"datetime": "2021-09-17 13:44:27", "elapsed": 55.59, "delta": 0.489029}}
{"target": -2.9658976121952656, "params": {"eta": 0.11230107710602928, "max_depth": 10.783440582019145, "n_estimators": 22.983670838804972}, "datetime": {"datetime": "2021-09-17 13:44:28", "elapsed": 56.243001, "delta": 0.653001}}
{"target": -3.038066422311883, "params": {"eta": 0.10937448445189753, "max_depth": 11.369568990539118, "n_estimators": 22.968137840445046}, "datetime": {"datetime": "2021-09-17 13:44:28", "elapsed": 56.681001, "delta": 0.438}}
{"target": -2.3569849208781593, "params": {"eta": 0.1894624583268933, "max_depth": 10.375933552526075, "n_estimators": 22.93716447765104}, "datetime": {"datetime": "2021-09-17 13:44:29", "elapsed": 57.140001, "delta": 0.459}}
{"target": -2.645505757080881, "params": {"eta": 0.10755094839697836, "max_depth": 13.925623366868296, "n_estimators": 26.548438840464897}, "datetime": {"datetime": "2021-09-17 13:44:29", "elapsed": 57.898919, "delta": 0.758918}}
{"target": -2.2869744740034403, "params": {"eta": 0.15340021288747258, "max_depth": 10.890495558877479, "n_estimators": 24.81465583051134}, "datetime": {"datetime": "2021-09-17 13:44:30", "elapsed": 58.786921, "delta": 0.888002}}
{"target": -2.318915471277739, "params": {"eta": 0.1649539866923005, "max_depth": 13.831594624124051, "n_estimators": 26.630413166823825}, "datetime": {"datetime": "2021-09-17 13:44:31", "elapsed": 59.876566, "delta": 1.089645}}
{"target": -2.837539443844243, "params": {"eta": 0.09428480087868486, "max_depth": 14.971914795985619, "n_estimators": 28.436272427846802}, "datetime": {"datetime": "2021-09-17 13:44:32", "elapsed": 60.595564, "delta": 0.718998}}
{"target": -2.3495901810495474, "params": {"eta": 0.15236784030421818, "max_depth": 12.105138309064596, "n_estimators": 25.093242903424777}, "datetime": {"datetime": "2021-09-17 13:44:32", "elapsed": 61.108567, "delta": 0.513003}}
{"target": -2.45713790215944, "params": {"eta": 0.16175636320208675, "max_depth": 10.597248216967117, "n_estimators": 22.971163342699548}, "datetime": {"datetime": "2021-09-17 13:44:33", "elapsed": 61.760437, "delta": 0.65187}}
{"target": -2.279519954480623, "params": {"eta": 0.18536817706941267, "max_depth": 13.342235930263625, "n_estimators": 23.34613667710997}, "datetime": {"datetime": "2021-09-17 13:44:34", "elapsed": 62.513137, "delta": 0.7527}}
{"target": -2.211389579271015, "params": {"eta": 0.19766024292220546, "max_depth": 10.864698253757753, "n_estimators": 22.809953596044412}, "datetime": {"datetime": "2021-09-17 13:44:35", "elapsed": 63.197138, "delta": 0.684001}}
{"target": -2.320303216106013, "params": {"eta": 0.19120171821776094, "max_depth": 13.204213783957503, "n_estimators": 28.96879272542236}, "datetime": {"datetime": "2021-09-17 13:44:35", "elapsed": 63.858138, "delta": 0.661}}
{"target": -2.780509806306738, "params": {"eta": 0.11769913163438143, "max_depth": 10.87812261280533, "n_estimators": 22.82906746290981}, "datetime": {"datetime": "2021-09-17 13:44:36", "elapsed": 64.58014, "delta": 0.722002}}
{"target": -2.49143040933107, "params": {"eta": 0.12761347037686355, "max_depth": 12.892448708761375, "n_estimators": 24.013673676154454}, "datetime": {"datetime": "2021-09-17 13:44:37", "elapsed": 65.192139, "delta": 0.611999}}
{"target": -3.1333723457236036, "params": {"eta": 0.09445242733355826, "max_depth": 13.729194759083853, "n_estimators": 25.07311825411348}, "datetime": {"datetime": "2021-09-17 13:44:37", "elapsed": 65.680453, "delta": 0.488314}}
{"target": -2.346848192340449, "params": {"eta": 0.2, "max_depth": 11.681562778633262, "n_estimators": 28.28534937294893}, "datetime": {"datetime": "2021-09-17 13:44:38", "elapsed": 66.529454, "delta": 0.849001}}
{"target": -2.2113770390811722, "params": {"eta": 0.19750624886386584, "max_depth": 11.785575573675247, "n_estimators": 28.194034081561696}, "datetime": {"datetime": "2021-09-17 13:44:39", "elapsed": 67.344624, "delta": 0.81517}}
{"target": -2.488827300071716, "params": {"eta": 0.18121776274616647, "max_depth": 15.87428688107882, "n_estimators": 25.75625684196578}, "datetime": {"datetime": "2021-09-17 13:44:39", "elapsed": 67.883625, "delta": 0.539001}}
{"target": -2.2997733643180447, "params": {"eta": 0.19654877385082828, "max_depth": 13.009563164115866, "n_estimators": 26.743855265822802}, "datetime": {"datetime": "2021-09-17 13:44:40", "elapsed": 68.681343, "delta": 0.797718}}
{"target": -2.2821230091546707, "params": {"eta": 0.18812105922354244, "max_depth": 11.832925440925909, "n_estimators": 28.270410078187382}, "datetime": {"datetime": "2021-09-17 13:44:41", "elapsed": 69.441571, "delta": 0.760228}}
{"target": -2.279438075893804, "params": {"eta": 0.19201876809964757, "max_depth": 11.540048028621454, "n_estimators": 28.16614996359733}, "datetime": {"datetime": "2021-09-17 13:44:42", "elapsed": 70.618568, "delta": 1.176997}}
{"target": -2.566796873745165, "params": {"eta": 0.13475131712405858, "max_depth": 15.13856965491669, "n_estimators": 22.73124647378584}, "datetime": {"datetime": "2021-09-17 13:44:43", "elapsed": 71.362827, "delta": 0.744259}}
{"target": -2.471134750466598, "params": {"eta": 0.11241945450946296, "max_depth": 11.842921442571525, "n_estimators": 28.187730710127237}, "datetime": {"datetime": "2021-09-17 13:44:44", "elapsed": 72.199828, "delta": 0.837001}}
{"target": -2.393322245698226, "params": {"eta": 0.2, "max_depth": 13.838871996001846, "n_estimators": 26.556942331496113}, "datetime": {"datetime": "2021-09-17 13:44:45", "elapsed": 74.019122, "delta": 1.819294}}
{"target": -2.346848192340449, "params": {"eta": 0.2, "max_depth": 11.586469877439434, "n_estimators": 28.056626891677016}, "datetime": {"datetime": "2021-09-17 13:44:46", "elapsed": 74.810121, "delta": 0.790999}}
{"target": -2.4052660653465674, "params": {"eta": 0.13504411619160464, "max_depth": 15.931951325668873, "n_estimators": 25.740225188907043}, "datetime": {"datetime": "2021-09-17 13:44:47", "elapsed": 75.409533, "delta": 0.599412}}
{"target": -2.356222325249722, "params": {"eta": 0.19547127001339826, "max_depth": 14.950220431311953, "n_estimators": 28.6438903550913}, "datetime": {"datetime": "2021-09-17 13:44:48", "elapsed": 76.564233, "delta": 1.1547}}
{"target": -2.3329501057925977, "params": {"eta": 0.12671005526952567, "max_depth": 15.333380760012586, "n_estimators": 27.992385583692514}, "datetime": {"datetime": "2021-09-17 13:44:48", "elapsed": 77.122236, "delta": 0.558003}}
{"target": -2.8189096074355278, "params": {"eta": 0.10940473312095456, "max_depth": 13.815571181321458, "n_estimators": 24.755896426855593}, "datetime": {"datetime": "2021-09-17 13:44:49", "elapsed": 77.913891, "delta": 0.791655}}
{"target": -2.3339149268049946, "params": {"eta": 0.1838369044340729, "max_depth": 12.218784002975339, "n_estimators": 26.230631277902614}, "datetime": {"datetime": "2021-09-17 13:44:50", "elapsed": 78.555892, "delta": 0.642001}}
{"target": -2.193945540879902, "params": {"eta": 0.1583856637557281, "max_depth": 11.485841291578872, "n_estimators": 28.268178490599503}, "datetime": {"datetime": "2021-09-17 13:44:51", "elapsed": 79.656786, "delta": 1.100894}}
{"target": -2.4644991768033884, "params": {"eta": 0.11864360039013483, "max_depth": 11.480952995257091, "n_estimators": 28.370391937559386}, "datetime": {"datetime": "2021-09-17 13:44:52", "elapsed": 80.472783, "delta": 0.815997}}
{"target": -2.5503358219799246, "params": {"eta": 0.10902575168712952, "max_depth": 11.442734285633689, "n_estimators": 28.165139431678117}, "datetime": {"datetime": "2021-09-17 13:44:53", "elapsed": 81.593656, "delta": 1.120873}}
