{"target": -2.648755589284395, "params": {"eta": 0.22685590551243046, "max_depth": 7.7188923660029065, "n_estimators": 13.869372129768717}, "datetime": {"datetime": "2021-09-17 12:57:38", "elapsed": 291.735901, "delta": 1.213454}}
{"target": -2.4826967069977206, "params": {"eta": 0.30470903298890056, "max_depth": 17.246054096590083, "n_estimators": 19.653523937518933}, "datetime": {"datetime": "2021-09-17 12:57:40", "elapsed": 293.649989, "delta": 1.914088}}
{"target": -2.5227370839369923, "params": {"eta": 0.24661335234686768, "max_depth": 11.256514065835223, "n_estimators": 15.980156218885242}, "datetime": {"datetime": "2021-09-17 12:57:42", "elapsed": 294.973709, "delta": 1.32372}}
{"target": -2.7426939832536794, "params": {"eta": 0.49637313553518775, "max_depth": 18.098049238822203, "n_estimators": 13.13563732557884}, "datetime": {"datetime": "2021-09-17 12:57:43", "elapsed": 296.342803, "delta": 1.369094}}
{"target": -2.3464879293190806, "params": {"eta": 0.22311344643783781, "max_depth": 16.29587391018618, "n_estimators": 18.645566769263446}, "datetime": {"datetime": "2021-09-17 12:57:45", "elapsed": 298.356881, "delta": 2.014078}}
{"target": -2.6844957075620957, "params": {"eta": 0.34460101194975096, "max_depth": 4.581673970917967, "n_estimators": 10.801914000718789}, "datetime": {"datetime": "2021-09-17 12:57:47", "elapsed": 300.184733, "delta": 1.827852}}
{"target": -2.4115266316815425, "params": {"eta": 0.2893119791066604, "max_depth": 17.1551742059141, "n_estimators": 19.533745924157216}, "datetime": {"datetime": "2021-09-17 12:57:49", "elapsed": 302.26599, "delta": 2.081257}}
{"target": -2.4515852733662253, "params": {"eta": 0.22942079194820994, "max_depth": 15.61566388193703, "n_estimators": 18.458612343681388}, "datetime": {"datetime": "2021-09-17 12:57:51", "elapsed": 304.273529, "delta": 2.007539}}
{"target": -2.499380714642374, "params": {"eta": 0.4035466583577923, "max_depth": 12.15368882888409, "n_estimators": 17.68800542731118}, "datetime": {"datetime": "2021-09-17 12:57:52", "elapsed": 305.646617, "delta": 1.373088}}
{"target": -2.3912667054879035, "params": {"eta": 0.458916699488662, "max_depth": 13.362877999952461, "n_estimators": 10.525173496134592}, "datetime": {"datetime": "2021-09-17 12:57:54", "elapsed": 306.920819, "delta": 1.274202}}
{"target": -2.3732324844912482, "params": {"eta": 0.23599868828461246, "max_depth": 16.34951457720657, "n_estimators": 18.610784376866864}, "datetime": {"datetime": "2021-09-17 12:57:55", "elapsed": 308.726245, "delta": 1.805426}}
{"target": -2.423367780133298, "params": {"eta": 0.23182913708307049, "max_depth": 16.035273468786787, "n_estimators": 18.376031818039106}, "datetime": {"datetime": "2021-09-17 12:57:57", "elapsed": 310.538514, "delta": 1.812269}}
{"target": -2.501247113629391, "params": {"eta": 0.4624321112888709, "max_depth": 14.107835152784995, "n_estimators": 13.299292933823862}, "datetime": {"datetime": "2021-09-17 12:57:59", "elapsed": 311.949166, "delta": 1.410652}}
{"target": -2.44625587212412, "params": {"eta": 0.23874630865327662, "max_depth": 15.59842284312245, "n_estimators": 18.352637751612072}, "datetime": {"datetime": "2021-09-17 12:58:01", "elapsed": 313.848682, "delta": 1.899516}}
{"target": -3.9719408637598943, "params": {"eta": 0.22362939267545792, "max_depth": 10.142471240344197, "n_estimators": 8.946331043124568}, "datetime": {"datetime": "2021-09-17 12:58:02", "elapsed": 315.116415, "delta": 1.267733}}
{"target": -2.42548683568051, "params": {"eta": 0.21315442359276968, "max_depth": 16.13820422720871, "n_estimators": 18.430209024721858}, "datetime": {"datetime": "2021-09-17 12:58:04", "elapsed": 317.122356, "delta": 2.005941}}
{"target": -2.6497384711315757, "params": {"eta": 0.49318122511106044, "max_depth": 9.966477078101278, "n_estimators": 19.310362706337486}, "datetime": {"datetime": "2021-09-17 12:58:05", "elapsed": 318.708962, "delta": 1.586606}}
{"target": -2.3664304764647235, "params": {"eta": 0.30150695904893027, "max_depth": 16.23904176998738, "n_estimators": 15.75887285489999}, "datetime": {"datetime": "2021-09-17 12:58:07", "elapsed": 320.149833, "delta": 1.440871}}
{"target": -2.509456579308761, "params": {"eta": 0.25783316425698144, "max_depth": 15.455133388218195, "n_estimators": 16.012623308430793}, "datetime": {"datetime": "2021-09-17 12:58:08", "elapsed": 321.47399, "delta": 1.324157}}
{"target": -2.355328850369704, "params": {"eta": 0.22402605463114797, "max_depth": 16.137920914473852, "n_estimators": 18.230363468117158}, "datetime": {"datetime": "2021-09-17 12:58:10", "elapsed": 323.271159, "delta": 1.797169}}
{"target": -2.31456756089863, "params": {"eta": 0.2126595373437317, "max_depth": 14.16839992499256, "n_estimators": 19.610516121061835}, "datetime": {"datetime": "2021-09-17 12:58:12", "elapsed": 325.107139, "delta": 1.83598}}
{"target": -2.3597027546481084, "params": {"eta": 0.2414127241409347, "max_depth": 15.90294156423608, "n_estimators": 18.998787622266434}, "datetime": {"datetime": "2021-09-17 12:58:14", "elapsed": 326.871229, "delta": 1.76409}}
{"target": -2.706443730780953, "params": {"eta": 0.26327662732807094, "max_depth": 6.633670321340549, "n_estimators": 10.211530144115358}, "datetime": {"datetime": "2021-09-17 12:58:15", "elapsed": 328.400577, "delta": 1.529348}}
{"target": -2.454885280132294, "params": {"eta": 0.397280530931847, "max_depth": 10.293399183088484, "n_estimators": 13.609252421114581}, "datetime": {"datetime": "2021-09-17 12:58:16", "elapsed": 329.690592, "delta": 1.290015}}
{"target": -2.3475863030082302, "params": {"eta": 0.22349176654128705, "max_depth": 14.177013133691457, "n_estimators": 19.42363598833124}, "datetime": {"datetime": "2021-09-17 12:58:19", "elapsed": 332.492398, "delta": 2.801806}}
{"target": -2.425946659163425, "params": {"eta": 0.2928147285691072, "max_depth": 11.895682709521038, "n_estimators": 19.937285087350496}, "datetime": {"datetime": "2021-09-17 12:58:21", "elapsed": 333.876681, "delta": 1.384283}}
{"target": -2.5948139774171928, "params": {"eta": 0.4791476606337415, "max_depth": 18.866562007565364, "n_estimators": 18.684227456949053}, "datetime": {"datetime": "2021-09-17 12:58:22", "elapsed": 335.395158, "delta": 1.518477}}
{"target": -2.464199479630119, "params": {"eta": 0.3323120607711135, "max_depth": 17.187816115819928, "n_estimators": 12.68106457957914}, "datetime": {"datetime": "2021-09-17 12:58:24", "elapsed": 337.151518, "delta": 1.75636}}
{"target": -2.6601721449902183, "params": {"eta": 0.4808201476926509, "max_depth": 16.822658750954297, "n_estimators": 12.91904386614204}, "datetime": {"datetime": "2021-09-17 12:58:25", "elapsed": 338.590503, "delta": 1.438985}}
{"target": -2.2800295120791385, "params": {"eta": 0.20428717349155082, "max_depth": 16.23784609861113, "n_estimators": 19.106385390190663}, "datetime": {"datetime": "2021-09-17 12:58:27", "elapsed": 340.493419, "delta": 1.902916}}
{"target": -2.602042156144192, "params": {"eta": 0.393611246695046, "max_depth": 18.333842600531245, "n_estimators": 10.961762925905212}, "datetime": {"datetime": "2021-09-17 12:58:29", "elapsed": 342.183249, "delta": 1.68983}}
{"target": -2.4698288403059308, "params": {"eta": 0.2568722069933538, "max_depth": 16.43123813404121, "n_estimators": 18.63749610251137}, "datetime": {"datetime": "2021-09-17 12:58:31", "elapsed": 344.494046, "delta": 2.310797}}
{"target": -2.4738663108725296, "params": {"eta": 0.3131592400065737, "max_depth": 9.289541409111965, "n_estimators": 17.9986032639341}, "datetime": {"datetime": "2021-09-17 12:58:33", "elapsed": 345.970783, "delta": 1.476737}}
{"target": -2.4677326196118408, "params": {"eta": 0.392737867639522, "max_depth": 8.508419163680454, "n_estimators": 19.949811332614587}, "datetime": {"datetime": "2021-09-17 12:58:35", "elapsed": 347.94761, "delta": 1.976827}}
{"target": -2.442696497942272, "params": {"eta": 0.25647257566371684, "max_depth": 15.911532968784277, "n_estimators": 19.061176290826705}, "datetime": {"datetime": "2021-09-17 12:58:36", "elapsed": 349.53645, "delta": 1.58884}}
{"target": -2.414305272227839, "params": {"eta": 0.2794185164751338, "max_depth": 14.254019333224763, "n_estimators": 19.636937499326283}, "datetime": {"datetime": "2021-09-17 12:58:38", "elapsed": 351.552225, "delta": 2.015775}}
{"target": -2.4588868436060456, "params": {"eta": 0.4020877939809018, "max_depth": 7.115449484605609, "n_estimators": 19.621003264999576}, "datetime": {"datetime": "2021-09-17 12:58:40", "elapsed": 353.478089, "delta": 1.925864}}
{"target": -2.567899129265233, "params": {"eta": 0.24911886812197692, "max_depth": 5.6277107159832145, "n_estimators": 15.18276849460154}, "datetime": {"datetime": "2021-09-17 12:58:42", "elapsed": 354.869549, "delta": 1.39146}}
{"target": -2.5026617068993415, "params": {"eta": 0.37035819093937117, "max_depth": 14.606761298137647, "n_estimators": 19.94769784789159}, "datetime": {"datetime": "2021-09-17 12:58:44", "elapsed": 357.386168, "delta": 2.516619}}
{"target": -2.45299782690249, "params": {"eta": 0.2, "max_depth": 15.952462858946701, "n_estimators": 18.940697743259715}, "datetime": {"datetime": "2021-09-17 12:58:46", "elapsed": 359.584674, "delta": 2.198506}}
{"target": -2.544816723622774, "params": {"eta": 0.4181055291726553, "max_depth": 14.981505294686546, "n_estimators": 19.250736547442976}, "datetime": {"datetime": "2021-09-17 12:58:48", "elapsed": 361.216468, "delta": 1.631794}}
{"target": -2.4665935221471282, "params": {"eta": 0.21602926000721293, "max_depth": 17.014468000251547, "n_estimators": 19.055814209316555}, "datetime": {"datetime": "2021-09-17 12:58:50", "elapsed": 363.469932, "delta": 2.253464}}
{"target": -2.4348270472727322, "params": {"eta": 0.2992588981513817, "max_depth": 16.015530948672797, "n_estimators": 18.33505812008314}, "datetime": {"datetime": "2021-09-17 12:58:53", "elapsed": 366.314905, "delta": 2.844973}}
{"target": -2.378504358467303, "params": {"eta": 0.2213923294931176, "max_depth": 14.64043438913853, "n_estimators": 19.89579192384035}, "datetime": {"datetime": "2021-09-17 12:58:55", "elapsed": 368.384636, "delta": 2.069731}}
{"target": -2.4309725943364593, "params": {"eta": 0.21787651718203757, "max_depth": 16.34168586389925, "n_estimators": 19.077966002688193}, "datetime": {"datetime": "2021-09-17 12:58:58", "elapsed": 370.864619, "delta": 2.479983}}
{"target": -2.5362711241370755, "params": {"eta": 0.2610976360138889, "max_depth": 17.090953080215552, "n_estimators": 18.99687480824045}, "datetime": {"datetime": "2021-09-17 12:59:00", "elapsed": 372.857475, "delta": 1.992856}}
{"target": -2.5509881647009593, "params": {"eta": 0.4554276344917846, "max_depth": 7.633545106037385, "n_estimators": 15.136587493106635}, "datetime": {"datetime": "2021-09-17 12:59:01", "elapsed": 374.479167, "delta": 1.621692}}
{"target": -2.350934364293751, "params": {"eta": 0.2805545234462298, "max_depth": 12.897012041893772, "n_estimators": 17.78632868050878}, "datetime": {"datetime": "2021-09-17 12:59:03", "elapsed": 376.047869, "delta": 1.568702}}
{"target": -2.5977192997932432, "params": {"eta": 0.449523190947445, "max_depth": 14.767050281408187, "n_estimators": 15.020334560478707}, "datetime": {"datetime": "2021-09-17 12:59:05", "elapsed": 378.091517, "delta": 2.043648}}
{"target": -2.5678874216581646, "params": {"eta": 0.25385615648035753, "max_depth": 17.34648973204627, "n_estimators": 12.686567881551312}, "datetime": {"datetime": "2021-09-17 12:59:06", "elapsed": 379.614253, "delta": 1.522736}}
{"target": -2.4118439115976034, "params": {"eta": 0.2, "max_depth": 16.275633827980126, "n_estimators": 19.060499414020374}, "datetime": {"datetime": "2021-09-17 12:59:08", "elapsed": 381.715883, "delta": 2.10163}}
{"target": -2.427319857948705, "params": {"eta": 0.27514142377366935, "max_depth": 15.98856902190697, "n_estimators": 18.929900376163182}, "datetime": {"datetime": "2021-09-17 12:59:11", "elapsed": 384.191359, "delta": 2.475476}}
{"target": -2.4911487510329797, "params": {"eta": 0.25266048392582613, "max_depth": 16.03150535238875, "n_estimators": 18.785837404070776}, "datetime": {"datetime": "2021-09-17 12:59:13", "elapsed": 386.128896, "delta": 1.937537}}
{"target": -2.3366286503641227, "params": {"eta": 0.20736629449059504, "max_depth": 14.250750235071113, "n_estimators": 19.53897267512194}, "datetime": {"datetime": "2021-09-17 12:59:15", "elapsed": 388.08226, "delta": 1.953364}}
{"target": -2.508524740369696, "params": {"eta": 0.22732732884463427, "max_depth": 15.474368565506047, "n_estimators": 18.465139110320667}, "datetime": {"datetime": "2021-09-17 12:59:17", "elapsed": 389.946067, "delta": 1.863807}}
{"target": -2.5300125843600223, "params": {"eta": 0.20544827856823317, "max_depth": 11.045548045619668, "n_estimators": 14.984031983094207}, "datetime": {"datetime": "2021-09-17 12:59:18", "elapsed": 391.496341, "delta": 1.550274}}
{"target": -2.9915043605001346, "params": {"eta": 0.2612004058975887, "max_depth": 11.960949075684661, "n_estimators": 9.520260875105187}, "datetime": {"datetime": "2021-09-17 12:59:20", "elapsed": 392.966815, "delta": 1.470474}}
{"target": -2.4045726085964, "params": {"eta": 0.22079716033956787, "max_depth": 16.21749273046185, "n_estimators": 19.1589796171278}, "datetime": {"datetime": "2021-09-17 12:59:21", "elapsed": 394.71572, "delta": 1.748905}}
{"target": -2.517756913210216, "params": {"eta": 0.3226449666103144, "max_depth": 4.202938780822132, "n_estimators": 19.83564546450522}, "datetime": {"datetime": "2021-09-17 12:59:23", "elapsed": 396.164647, "delta": 1.448927}}
{"target": -2.3910978204325626, "params": {"eta": 0.2212503808330258, "max_depth": 14.21436352838869, "n_estimators": 19.660306396510535}, "datetime": {"datetime": "2021-09-17 12:59:25", "elapsed": 397.9964, "delta": 1.831753}}
{"target": -2.783000376350001, "params": {"eta": 0.47432566542054744, "max_depth": 9.411771607100572, "n_estimators": 9.732197550193968}, "datetime": {"datetime": "2021-09-17 12:59:26", "elapsed": 399.599186, "delta": 1.602786}}
{"target": -2.426863247469852, "params": {"eta": 0.26921731287249284, "max_depth": 12.893224496801247, "n_estimators": 17.862492865125187}, "datetime": {"datetime": "2021-09-17 12:59:28", "elapsed": 401.63423, "delta": 2.035044}}
{"target": -2.4237437919566505, "params": {"eta": 0.2, "max_depth": 14.09523278575526, "n_estimators": 19.592784546696535}, "datetime": {"datetime": "2021-09-17 12:59:31", "elapsed": 403.817487, "delta": 2.183257}}
{"target": -2.3811657064839413, "params": {"eta": 0.26736436011239906, "max_depth": 12.961429362828213, "n_estimators": 17.805239238432968}, "datetime": {"datetime": "2021-09-17 12:59:33", "elapsed": 406.022774, "delta": 2.205287}}
{"target": -2.5855535325251124, "params": {"eta": 0.41588033429644766, "max_depth": 16.260079401681246, "n_estimators": 9.706301537074694}, "datetime": {"datetime": "2021-09-17 12:59:34", "elapsed": 407.692636, "delta": 1.669862}}
{"target": -2.581784313603451, "params": {"eta": 0.4718514148012443, "max_depth": 11.453467045247857, "n_estimators": 17.312469808336786}, "datetime": {"datetime": "2021-09-17 12:59:36", "elapsed": 409.402632, "delta": 1.709996}}
{"target": -2.4352771225728485, "params": {"eta": 0.3587838354696984, "max_depth": 12.947476202626351, "n_estimators": 17.81134126179667}, "datetime": {"datetime": "2021-09-17 12:59:38", "elapsed": 411.498825, "delta": 2.096193}}
{"target": -2.3831112648311414, "params": {"eta": 0.26393485092235713, "max_depth": 9.874673315927785, "n_estimators": 18.367778634348188}, "datetime": {"datetime": "2021-09-17 12:59:40", "elapsed": 413.277964, "delta": 1.779139}}
{"target": -2.4205166490454424, "params": {"eta": 0.2761343852731746, "max_depth": 5.0847922020172325, "n_estimators": 19.757482425573542}, "datetime": {"datetime": "2021-09-17 12:59:42", "elapsed": 415.728445, "delta": 2.450481}}
{"target": -2.4541821348039727, "params": {"eta": 0.36983113430052605, "max_depth": 16.186993487918034, "n_estimators": 18.309859233006605}, "datetime": {"datetime": "2021-09-17 12:59:45", "elapsed": 418.083736, "delta": 2.355291}}
{"target": -2.4478685190803127, "params": {"eta": 0.21778989473132748, "max_depth": 19.255173290092813, "n_estimators": 19.529621022478974}, "datetime": {"datetime": "2021-09-17 12:59:47", "elapsed": 419.792926, "delta": 1.70919}}
{"target": -2.580444822185918, "params": {"eta": 0.3236732096130863, "max_depth": 17.277111479065923, "n_estimators": 19.530001314985107}, "datetime": {"datetime": "2021-09-17 12:59:50", "elapsed": 423.144417, "delta": 3.351491}}
{"target": -2.2410179709133344, "params": {"eta": 0.2240366294354541, "max_depth": 16.22247391417723, "n_estimators": 18.636283308460396}, "datetime": {"datetime": "2021-09-17 12:59:53", "elapsed": 425.936601, "delta": 2.792184}}
{"target": -2.327586820878481, "params": {"eta": 0.28211792735223756, "max_depth": 16.21777479523641, "n_estimators": 18.615228726366478}, "datetime": {"datetime": "2021-09-17 12:59:56", "elapsed": 429.122607, "delta": 3.186006}}
{"target": -2.534042193387684, "params": {"eta": 0.2602862395619441, "max_depth": 10.765553984389111, "n_estimators": 19.16253800167727}, "datetime": {"datetime": "2021-09-17 12:59:58", "elapsed": 431.447894, "delta": 2.325287}}
{"target": -2.3445608095118873, "params": {"eta": 0.23459443753254208, "max_depth": 14.85017848726971, "n_estimators": 18.326433907487825}, "datetime": {"datetime": "2021-09-17 13:00:02", "elapsed": 435.06473, "delta": 3.616836}}
{"target": -3.1328346384199044, "params": {"eta": 0.24974385592153456, "max_depth": 17.641284271602615, "n_estimators": 9.635089952228412}, "datetime": {"datetime": "2021-09-17 13:00:04", "elapsed": 437.191728, "delta": 2.126998}}
{"target": -2.4483460420056393, "params": {"eta": 0.2444957333433388, "max_depth": 7.987746937238498, "n_estimators": 18.85726325473088}, "datetime": {"datetime": "2021-09-17 13:00:06", "elapsed": 439.71785, "delta": 2.526122}}
{"target": -2.684241080911536, "params": {"eta": 0.49976676012359594, "max_depth": 14.953572863756118, "n_estimators": 19.175173131701513}, "datetime": {"datetime": "2021-09-17 13:00:10", "elapsed": 442.783757, "delta": 3.065907}}
{"target": -2.459895154676939, "params": {"eta": 0.29411732116363415, "max_depth": 16.384801433223853, "n_estimators": 17.251219229794835}, "datetime": {"datetime": "2021-09-17 13:00:13", "elapsed": 446.556123, "delta": 3.772366}}
{"target": -2.4904393409427845, "params": {"eta": 0.26245969594419366, "max_depth": 16.18619745108884, "n_estimators": 18.71481274389167}, "datetime": {"datetime": "2021-09-17 13:00:17", "elapsed": 449.841106, "delta": 3.284983}}
{"target": -2.38956208668257, "params": {"eta": 0.3009315363195838, "max_depth": 19.180052333485936, "n_estimators": 11.064114410828955}, "datetime": {"datetime": "2021-09-17 13:00:19", "elapsed": 452.390308, "delta": 2.549202}}
{"target": -2.4918486406928615, "params": {"eta": 0.21589718047428216, "max_depth": 14.150212619839907, "n_estimators": 19.365398159796584}, "datetime": {"datetime": "2021-09-17 13:00:22", "elapsed": 455.539785, "delta": 3.149477}}
{"target": -2.3390150421544122, "params": {"eta": 0.23336953054659235, "max_depth": 12.442499471550438, "n_estimators": 17.870184644913763}, "datetime": {"datetime": "2021-09-17 13:00:24", "elapsed": 457.692449, "delta": 2.152664}}
{"target": -2.423271919551649, "params": {"eta": 0.2652546717911003, "max_depth": 12.471720993141744, "n_estimators": 17.82496486343848}, "datetime": {"datetime": "2021-09-17 13:00:27", "elapsed": 459.961682, "delta": 2.269233}}
{"target": -2.461576818165027, "params": {"eta": 0.2714464810861693, "max_depth": 16.260570129301193, "n_estimators": 18.67046085143329}, "datetime": {"datetime": "2021-09-17 13:00:30", "elapsed": 463.065505, "delta": 3.103823}}
{"target": -2.5380890676849766, "params": {"eta": 0.4126293976338107, "max_depth": 4.298569537096345, "n_estimators": 14.333302174907791}, "datetime": {"datetime": "2021-09-17 13:00:32", "elapsed": 465.088539, "delta": 2.023034}}
{"target": -2.325711720868161, "params": {"eta": 0.21049349991456132, "max_depth": 16.236908120189792, "n_estimators": 18.252954228316632}, "datetime": {"datetime": "2021-09-17 13:00:34", "elapsed": 467.475282, "delta": 2.386743}}
{"target": -2.4763294201148187, "params": {"eta": 0.25637223068638765, "max_depth": 14.216471844305927, "n_estimators": 19.578518546793433}, "datetime": {"datetime": "2021-09-17 13:00:37", "elapsed": 469.793953, "delta": 2.318671}}
{"target": -2.4479713483860617, "params": {"eta": 0.29974737504188387, "max_depth": 12.946267157131265, "n_estimators": 17.724644615267067}, "datetime": {"datetime": "2021-09-17 13:00:39", "elapsed": 472.718989, "delta": 2.925036}}
{"target": -2.4837072893192893, "params": {"eta": 0.22929238882566205, "max_depth": 17.880414899567818, "n_estimators": 16.661058248032255}, "datetime": {"datetime": "2021-09-17 13:00:41", "elapsed": 474.760239, "delta": 2.04125}}
{"target": -2.4180749811624227, "params": {"eta": 0.26664516479693084, "max_depth": 16.354875642611795, "n_estimators": 18.507503643816573}, "datetime": {"datetime": "2021-09-17 13:00:44", "elapsed": 477.312479, "delta": 2.55224}}
{"target": -2.4019013147605093, "params": {"eta": 0.24101968393268516, "max_depth": 16.18237004339173, "n_estimators": 18.623951962893663}, "datetime": {"datetime": "2021-09-17 13:00:47", "elapsed": 480.356444, "delta": 3.043965}}
{"target": -2.48594319130245, "params": {"eta": 0.2614997016372051, "max_depth": 12.375632301303401, "n_estimators": 17.848640182538414}, "datetime": {"datetime": "2021-09-17 13:00:50", "elapsed": 483.440895, "delta": 3.084451}}
{"target": -2.4316703915596007, "params": {"eta": 0.37926015605286356, "max_depth": 6.489574229648415, "n_estimators": 11.450670773655363}, "datetime": {"datetime": "2021-09-17 13:00:52", "elapsed": 485.334722, "delta": 1.893827}}
