{"target": 0.7783386613842231, "params": {"eta": 0.6616862636163617, "max_depth": 8.279610405661401, "n_estimators": 16.717170640984964}, "datetime": {"datetime": "2021-09-17 19:17:57", "elapsed": 763.495702, "delta": 2.288392}}
{"target": 0.8192334844987241, "params": {"eta": 0.1, "max_depth": 4.557220697335553, "n_estimators": 28.55935893107509}, "datetime": {"datetime": "2021-09-17 19:18:03", "elapsed": 769.448097, "delta": 5.952395}}
{"target": 0.7911525170323829, "params": {"eta": 0.1394096790600674, "max_depth": 24.770192310647744, "n_estimators": 18.16354827935806}, "datetime": {"datetime": "2021-09-17 19:18:07", "elapsed": 773.901366, "delta": 4.453269}}
{"target": 0.8623420662745234, "params": {"eta": 0.27074399073682814, "max_depth": 4.8754164873241415, "n_estimators": 28.895664624087267}, "datetime": {"datetime": "2021-09-17 19:18:12", "elapsed": 778.593836, "delta": 4.69247}}
{"target": 0.8509062186103044, "params": {"eta": 0.207321683035916, "max_depth": 5.198619889737395, "n_estimators": 29.1827448888458}, "datetime": {"datetime": "2021-09-17 19:18:19", "elapsed": 785.09835, "delta": 6.504514}}
{"target": 0.8636248238401235, "params": {"eta": 0.45800132224473045, "max_depth": 27.082179496880496, "n_estimators": 14.648466075673367}, "datetime": {"datetime": "2021-09-17 19:18:21", "elapsed": 787.704387, "delta": 2.606037}}
{"target": 0.8667760987458457, "params": {"eta": 0.4389901260692074, "max_depth": 27.15791007277263, "n_estimators": 14.389701004766248}, "datetime": {"datetime": "2021-09-17 19:18:24", "elapsed": 790.905414, "delta": 3.201027}}
{"target": 0.8356978127940569, "params": {"eta": 0.2943306921792078, "max_depth": 27.318213240414504, "n_estimators": 14.598778529600704}, "datetime": {"datetime": "2021-09-17 19:18:28", "elapsed": 794.379069, "delta": 3.473655}}
{"target": 0.8276494894027628, "params": {"eta": 0.27850785727827215, "max_depth": 14.63889935164509, "n_estimators": 13.316787053506388}, "datetime": {"datetime": "2021-09-17 19:18:30", "elapsed": 796.971518, "delta": 2.592449}}
{"target": 0.8406551366597296, "params": {"eta": 0.4621928335308756, "max_depth": 26.854480912023273, "n_estimators": 14.459255097832095}, "datetime": {"datetime": "2021-09-17 19:18:35", "elapsed": 801.783528, "delta": 4.81201}}
{"target": 0.7948534768281659, "params": {"eta": 0.641806024320112, "max_depth": 27.32450268136152, "n_estimators": 14.519209579560723}, "datetime": {"datetime": "2021-09-17 19:18:38", "elapsed": 804.941678, "delta": 3.15815}}
{"target": 0.8283660494995695, "params": {"eta": 0.39191540329180186, "max_depth": 37.13492669833927, "n_estimators": 7.00491811714583}, "datetime": {"datetime": "2021-09-17 19:44:13", "elapsed": 0.0, "delta": 0.0}}
{"target": 0.8326774799247262, "params": {"eta": 0.31163280084228784, "max_depth": 10.7507709775872, "n_estimators": 10.970559575058306}, "datetime": {"datetime": "2021-09-17 19:44:13", "elapsed": 0.069002, "delta": 0.069002}}
{"target": 0.8375899950521251, "params": {"eta": 0.23038214796436965, "max_depth": 19.895793443980196, "n_estimators": 24.061001391918808}, "datetime": {"datetime": "2021-09-17 19:44:13", "elapsed": 0.259, "delta": 0.189998}}
{"target": 0.8047142225618829, "params": {"eta": 0.4771717138023499, "max_depth": 23.28294766255156, "n_estimators": 36.46443851706066}, "datetime": {"datetime": "2021-09-17 19:44:13", "elapsed": 0.522, "delta": 0.263}}
{"target": 0.7303245603138427, "params": {"eta": 0.24311657481206222, "max_depth": 44.39340207398349, "n_estimators": 8.177666507510825}, "datetime": {"datetime": "2021-09-17 19:44:13", "elapsed": 0.571001, "delta": 0.049001}}
{"target": 0.8091620682027926, "params": {"eta": 0.5693272571248816, "max_depth": 23.196020908887842, "n_estimators": 31.023662623167322}, "datetime": {"datetime": "2021-09-17 19:44:13", "elapsed": 0.806191, "delta": 0.23519}}
{"target": 0.860981859435788, "params": {"eta": 0.19827085701666364, "max_depth": 13.112668497904425, "n_estimators": 41.43201645304808}, "datetime": {"datetime": "2021-09-17 19:44:14", "elapsed": 1.097918, "delta": 0.291727}}
{"target": 0.7621956093201244, "params": {"eta": 0.7777831030035783, "max_depth": 18.41751219532517, "n_estimators": 36.76987247378051}, "datetime": {"datetime": "2021-09-17 19:44:14", "elapsed": 1.297921, "delta": 0.200003}}
{"target": 0.8369733235539912, "params": {"eta": 0.2752317569222161, "max_depth": 11.881907743299518, "n_estimators": 40.93991795847703}, "datetime": {"datetime": "2021-09-17 19:44:14", "elapsed": 1.703921, "delta": 0.406}}
{"target": 0.8023215323947889, "params": {"eta": 0.6986295112930947, "max_depth": 14.711549726596532, "n_estimators": 43.2418128873826}, "datetime": {"datetime": "2021-09-17 19:44:15", "elapsed": 2.159917, "delta": 0.455996}}
{"target": 0.8402772862523498, "params": {"eta": 0.1, "max_depth": 13.858194459594662, "n_estimators": 40.02060565440111}, "datetime": {"datetime": "2021-09-17 19:44:15", "elapsed": 2.556918, "delta": 0.397001}}
{"target": 0.8462139321154325, "params": {"eta": 0.1, "max_depth": 11.720001986289198, "n_estimators": 43.316068924925325}, "datetime": {"datetime": "2021-09-17 19:44:16", "elapsed": 3.079916, "delta": 0.522998}}
{"target": 0.8216678512794893, "params": {"eta": 0.5620088469653857, "max_depth": 9.133883431347865, "n_estimators": 45.1313160078177}, "datetime": {"datetime": "2021-09-17 19:44:16", "elapsed": 3.48292, "delta": 0.403004}}
{"target": 0.8442039747887091, "params": {"eta": 0.2905650973074208, "max_depth": 18.381175075500124, "n_estimators": 21.355164219607076}, "datetime": {"datetime": "2021-09-17 19:44:17", "elapsed": 3.917991, "delta": 0.435071}}
{"target": 0.7818743311571001, "params": {"eta": 0.12073562478656305, "max_depth": 21.283432175294298, "n_estimators": 21.02758534136083}, "datetime": {"datetime": "2021-09-17 19:44:17", "elapsed": 4.253986, "delta": 0.335995}}
{"target": 0.8546954484458482, "params": {"eta": 0.322262492782849, "max_depth": 16.827011092536942, "n_estimators": 23.30428518714294}, "datetime": {"datetime": "2021-09-17 19:44:17", "elapsed": 4.621987, "delta": 0.368001}}
{"target": 0.8336681881358285, "params": {"eta": 0.41515511523390547, "max_depth": 15.274960760012767, "n_estimators": 21.169104769848197}, "datetime": {"datetime": "2021-09-17 19:44:18", "elapsed": 5.05517, "delta": 0.433183}}
{"target": 0.8038222278668026, "params": {"eta": 0.7122144505497167, "max_depth": 17.617539011452102, "n_estimators": 25.96616059030463}, "datetime": {"datetime": "2021-09-17 19:44:18", "elapsed": 5.565643, "delta": 0.510473}}
{"target": 0.8496835128440339, "params": {"eta": 0.24095358889695126, "max_depth": 14.028885533433824, "n_estimators": 23.62276268439808}, "datetime": {"datetime": "2021-09-17 19:44:19", "elapsed": 6.185301, "delta": 0.619658}}
{"target": 0.7642109326683453, "params": {"eta": 0.1, "max_depth": 11.417292451351916, "n_estimators": 23.135058650037934}, "datetime": {"datetime": "2021-09-17 19:44:19", "elapsed": 6.606301, "delta": 0.421}}
{"target": 0.7778835155387369, "params": {"eta": 0.1, "max_depth": 15.35270380794468, "n_estimators": 24.507273787219226}, "datetime": {"datetime": "2021-09-17 19:44:20", "elapsed": 7.217297, "delta": 0.610996}}
{"target": 0.8213462121562299, "params": {"eta": 0.5168408641968539, "max_depth": 13.126715884351203, "n_estimators": 40.64861026827862}, "datetime": {"datetime": "2021-09-17 19:44:20", "elapsed": 7.6603, "delta": 0.443003}}
{"target": 0.8330014982373783, "params": {"eta": 0.41349527975639955, "max_depth": 12.608172517286404, "n_estimators": 41.35963922694272}, "datetime": {"datetime": "2021-09-17 19:44:21", "elapsed": 8.183299, "delta": 0.522999}}
{"target": 0.8515783061913897, "params": {"eta": 0.43187593300220783, "max_depth": 13.128949891193125, "n_estimators": 42.174768606834476}, "datetime": {"datetime": "2021-09-17 19:44:21", "elapsed": 8.612303, "delta": 0.429004}}
{"target": 0.8409895168089357, "params": {"eta": 0.1, "max_depth": 13.938390551456388, "n_estimators": 41.591847280393125}, "datetime": {"datetime": "2021-09-17 19:44:22", "elapsed": 9.153091, "delta": 0.540788}}
{"target": 0.8259684458500585, "params": {"eta": 0.13509963870349878, "max_depth": 17.16573241030345, "n_estimators": 22.239581461710976}, "datetime": {"datetime": "2021-09-17 19:44:22", "elapsed": 9.394093, "delta": 0.241002}}
{"target": 0.8500994980756338, "params": {"eta": 0.15657235628954966, "max_depth": 17.721121116375166, "n_estimators": 23.80411014041363}, "datetime": {"datetime": "2021-09-17 19:44:22", "elapsed": 9.716091, "delta": 0.321998}}
{"target": 0.7772286782285905, "params": {"eta": 0.7385030350453435, "max_depth": 17.901645221868737, "n_estimators": 23.08253485474307}, "datetime": {"datetime": "2021-09-17 19:44:23", "elapsed": 10.017093, "delta": 0.301002}}
{"target": 0.8204921688166653, "params": {"eta": 0.486163189362543, "max_depth": 15.322951664918609, "n_estimators": 21.16807760084651}, "datetime": {"datetime": "2021-09-17 19:44:23", "elapsed": 10.37009, "delta": 0.352997}}
{"target": 0.8634567336549374, "params": {"eta": 0.26102929395924, "max_depth": 6.98019360656551, "n_estimators": 37.26536283896921}, "datetime": {"datetime": "2021-09-17 19:44:23", "elapsed": 10.646093, "delta": 0.276003}}
{"target": 0.8613357811357107, "params": {"eta": 0.3564454260255736, "max_depth": 13.422859530043162, "n_estimators": 41.840938395439686}, "datetime": {"datetime": "2021-09-17 19:44:24", "elapsed": 11.105866, "delta": 0.459773}}
{"target": 0.7590330367130179, "params": {"eta": 0.7533362862881023, "max_depth": 7.096747852559543, "n_estimators": 37.091733549926076}, "datetime": {"datetime": "2021-09-17 19:44:24", "elapsed": 11.458862, "delta": 0.352996}}
{"target": 0.7962632664693756, "params": {"eta": 0.6874427835729519, "max_depth": 23.251482020438768, "n_estimators": 19.731844947081193}, "datetime": {"datetime": "2021-09-17 19:44:25", "elapsed": 11.858863, "delta": 0.400001}}
{"target": 0.8631195036041629, "params": {"eta": 0.13252740734297674, "max_depth": 6.711004112783138, "n_estimators": 37.47068095047382}, "datetime": {"datetime": "2021-09-17 19:44:25", "elapsed": 12.153868, "delta": 0.295005}}
{"target": 0.7489154154432737, "params": {"eta": 0.7612116732590857, "max_depth": 13.451200319572466, "n_estimators": 41.3564977280574}, "datetime": {"datetime": "2021-09-17 19:44:25", "elapsed": 12.51887, "delta": 0.365002}}
{"target": -0.13752008722796294, "params": {"eta": 0.13009439809973278, "max_depth": 23.083695934930653, "n_estimators": 7.227537639475904}, "datetime": {"datetime": "2021-09-17 19:44:25", "elapsed": 12.754152, "delta": 0.235282}}
{"target": 0.8606952115963764, "params": {"eta": 0.13484330230970937, "max_depth": 11.551458844099761, "n_estimators": 37.10724555551886}, "datetime": {"datetime": "2021-09-17 19:44:26", "elapsed": 13.337153, "delta": 0.583001}}
{"target": 0.6851099884019906, "params": {"eta": 0.1, "max_depth": 12.836067039315205, "n_estimators": 19.129431580271376}, "datetime": {"datetime": "2021-09-17 19:44:27", "elapsed": 13.894154, "delta": 0.557001}}
{"target": 0.8602357189016764, "params": {"eta": 0.3381022721634407, "max_depth": 13.267257117459682, "n_estimators": 33.725222215266314}, "datetime": {"datetime": "2021-09-17 19:44:27", "elapsed": 14.62615, "delta": 0.731996}}
{"target": 0.8453578488058453, "params": {"eta": 0.2507977504520003, "max_depth": 9.797989886742602, "n_estimators": 33.575818938853764}, "datetime": {"datetime": "2021-09-17 19:44:28", "elapsed": 15.427151, "delta": 0.801001}}
{"target": 0.8464628547077735, "params": {"eta": 0.1, "max_depth": 8.859718180943714, "n_estimators": 38.9158769272298}, "datetime": {"datetime": "2021-09-17 19:44:29", "elapsed": 16.117299, "delta": 0.690148}}
{"target": 0.8226640711624239, "params": {"eta": 0.1, "max_depth": 11.871815588489715, "n_estimators": 30.42316969566364}, "datetime": {"datetime": "2021-09-17 19:44:29", "elapsed": 16.751161, "delta": 0.633862}}
{"target": 0.8252286224361832, "params": {"eta": 0.1, "max_depth": 16.22465983732558, "n_estimators": 31.551538308159895}, "datetime": {"datetime": "2021-09-17 19:44:30", "elapsed": 17.497159, "delta": 0.745998}}
{"target": 0.8486085617990295, "params": {"eta": 0.11365513686306233, "max_depth": 12.397158535078681, "n_estimators": 47.946394589466294}, "datetime": {"datetime": "2021-09-17 19:44:31", "elapsed": 18.12416, "delta": 0.627001}}
{"target": 0.8531179260869641, "params": {"eta": 0.1, "max_depth": 9.211008168764202, "n_estimators": 49.903465286922405}, "datetime": {"datetime": "2021-09-17 19:44:31", "elapsed": 18.78016, "delta": 0.656}}
{"target": 0.8431674284260525, "params": {"eta": 0.5104582326048153, "max_depth": 5.7141567957345085, "n_estimators": 48.73922509497272}, "datetime": {"datetime": "2021-09-17 19:44:32", "elapsed": 19.325162, "delta": 0.545002}}
{"target": 0.7966714463946827, "params": {"eta": 0.6536482492238846, "max_depth": 15.984262790659276, "n_estimators": 49.53521384496598}, "datetime": {"datetime": "2021-09-17 19:44:33", "elapsed": 20.063159, "delta": 0.737997}}
{"target": 0.8398370653781031, "params": {"eta": 0.21716884967390962, "max_depth": 14.47903315664395, "n_estimators": 36.45617765244582}, "datetime": {"datetime": "2021-09-17 19:44:33", "elapsed": 20.80516, "delta": 0.742001}}
{"target": 0.8546110092325198, "params": {"eta": 0.1, "max_depth": 4.214843961058027, "n_estimators": 45.23684292218094}, "datetime": {"datetime": "2021-09-17 19:44:34", "elapsed": 21.31785, "delta": 0.51269}}
{"target": 0.8608932141388004, "params": {"eta": 0.1, "max_depth": 6.126803018736469, "n_estimators": 42.49231533457918}, "datetime": {"datetime": "2021-09-17 19:44:34", "elapsed": 21.720846, "delta": 0.402996}}
{"target": 0.8755659420438286, "params": {"eta": 0.21069735379145194, "max_depth": 6.938035850555494, "n_estimators": 30.615775186960875}, "datetime": {"datetime": "2021-09-17 19:44:35", "elapsed": 22.285848, "delta": 0.565002}}
{"target": 0.8543480277722799, "params": {"eta": 0.1804612189156976, "max_depth": 4.419866233590749, "n_estimators": 28.947481276913702}, "datetime": {"datetime": "2021-09-17 19:44:35", "elapsed": 22.75885, "delta": 0.473002}}
{"target": 0.8435453114903197, "params": {"eta": 0.22730297147295145, "max_depth": 7.774655516224898, "n_estimators": 27.74561843084324}, "datetime": {"datetime": "2021-09-17 19:44:36", "elapsed": 23.280849, "delta": 0.521999}}
{"target": 0.8535206378673872, "params": {"eta": 0.48430066077382705, "max_depth": 4.394359444293615, "n_estimators": 32.06090166480102}, "datetime": {"datetime": "2021-09-17 19:44:36", "elapsed": 23.599849, "delta": 0.319}}
{"target": 0.7588465536636793, "params": {"eta": 0.8, "max_depth": 4.63894677709649, "n_estimators": 25.35431426797296}, "datetime": {"datetime": "2021-09-17 19:44:37", "elapsed": 24.13385, "delta": 0.534001}}
{"target": 0.8498593931207046, "params": {"eta": 0.35241627516684637, "max_depth": 22.317671323788822, "n_estimators": 26.705792004045268}, "datetime": {"datetime": "2021-09-17 19:44:38", "elapsed": 24.906326, "delta": 0.772476}}
{"target": 0.8087660307365783, "params": {"eta": 0.7056765607701244, "max_depth": 25.711630101802022, "n_estimators": 26.254459998040772}, "datetime": {"datetime": "2021-09-17 19:44:38", "elapsed": 25.49432, "delta": 0.587994}}
{"target": 0.27570664264119804, "params": {"eta": 0.16757086508880614, "max_depth": 9.3724584325588, "n_estimators": 7.241679159468809}, "datetime": {"datetime": "2021-09-17 19:44:39", "elapsed": 25.916917, "delta": 0.422597}}
{"target": 0.8231216869179737, "params": {"eta": 0.5082355810066941, "max_depth": 13.32905759077636, "n_estimators": 12.858917137606454}, "datetime": {"datetime": "2021-09-17 19:44:39", "elapsed": 26.495916, "delta": 0.578999}}
{"target": 0.7732501288286876, "params": {"eta": 0.7897807464810084, "max_depth": 8.833540236642666, "n_estimators": 14.066365313063354}, "datetime": {"datetime": "2021-09-17 19:44:40", "elapsed": 26.930168, "delta": 0.434252}}
{"target": 0.7582024277767377, "params": {"eta": 0.8, "max_depth": 35.14672387611607, "n_estimators": 10.831680290017214}, "datetime": {"datetime": "2021-09-17 19:44:40", "elapsed": 27.608171, "delta": 0.678003}}
{"target": 0.6144795752030277, "params": {"eta": 0.1, "max_depth": 18.840899378227803, "n_estimators": 17.460113013489035}, "datetime": {"datetime": "2021-09-17 19:44:41", "elapsed": 28.121173, "delta": 0.513002}}
{"target": 0.8159684896080479, "params": {"eta": 0.1, "max_depth": 19.778696889149423, "n_estimators": 29.30716825581578}, "datetime": {"datetime": "2021-09-17 19:44:41", "elapsed": 28.638697, "delta": 0.517524}}
{"target": 0.8535845424818537, "params": {"eta": 0.19279137807635238, "max_depth": 28.345006448243122, "n_estimators": 31.30176358241353}, "datetime": {"datetime": "2021-09-17 19:44:42", "elapsed": 29.222917, "delta": 0.58422}}
{"target": 0.7854702235170926, "params": {"eta": 0.6055354136694197, "max_depth": 28.266694674268432, "n_estimators": 34.76799642543131}, "datetime": {"datetime": "2021-09-17 19:44:43", "elapsed": 30.05192, "delta": 0.829003}}
{"target": 0.8093657871770026, "params": {"eta": 0.1, "max_depth": 30.5535419483159, "n_estimators": 28.670163162917024}, "datetime": {"datetime": "2021-09-17 19:44:43", "elapsed": 30.661918, "delta": 0.609998}}
{"target": 0.8168376130164443, "params": {"eta": 0.5668923254965831, "max_depth": 31.917634513046718, "n_estimators": 32.32479958548464}, "datetime": {"datetime": "2021-09-17 19:44:44", "elapsed": 31.372251, "delta": 0.710333}}
{"target": 0.8159684896080479, "params": {"eta": 0.1, "max_depth": 35.96195853427497, "n_estimators": 29.84230247881373}, "datetime": {"datetime": "2021-09-17 19:44:45", "elapsed": 32.052248, "delta": 0.679997}}
{"target": 0.8018257217334085, "params": {"eta": 0.49084052797944844, "max_depth": 35.94651168338224, "n_estimators": 34.7169942853529}, "datetime": {"datetime": "2021-09-17 19:44:45", "elapsed": 32.753251, "delta": 0.701003}}
{"target": 0.7838647596380697, "params": {"eta": 0.6601716567385895, "max_depth": 35.142176086243474, "n_estimators": 25.397416055037798}, "datetime": {"datetime": "2021-09-17 19:44:46", "elapsed": 33.413252, "delta": 0.660001}}
{"target": 0.8373691668245553, "params": {"eta": 0.5313301490035911, "max_depth": 40.25100549538436, "n_estimators": 31.19993178125791}, "datetime": {"datetime": "2021-09-17 19:44:47", "elapsed": 34.14525, "delta": 0.731998}}
{"target": 0.8012030155588274, "params": {"eta": 0.1, "max_depth": 40.605887550732035, "n_estimators": 27.61606771723515}, "datetime": {"datetime": "2021-09-17 19:44:48", "elapsed": 34.877544, "delta": 0.732294}}
{"target": 0.8509609044943038, "params": {"eta": 0.1, "max_depth": 6.818019644237581, "n_estimators": 33.45896088684457}, "datetime": {"datetime": "2021-09-17 19:44:48", "elapsed": 35.498547, "delta": 0.621003}}
{"target": 0.8334329626544825, "params": {"eta": 0.1, "max_depth": 41.87767479856284, "n_estimators": 34.47418133998533}, "datetime": {"datetime": "2021-09-17 19:44:49", "elapsed": 36.313191, "delta": 0.814644}}
{"target": 0.7578373396062963, "params": {"eta": 0.8, "max_depth": 43.936432068575705, "n_estimators": 31.452005120696125}, "datetime": {"datetime": "2021-09-17 19:44:50", "elapsed": 37.101732, "delta": 0.788541}}
{"target": 0.8580389281432994, "params": {"eta": 0.12746754121651735, "max_depth": 40.645604692900555, "n_estimators": 37.79501043868509}, "datetime": {"datetime": "2021-09-17 19:44:51", "elapsed": 37.909732, "delta": 0.808}}
{"target": 0.837652584859762, "params": {"eta": 0.1, "max_depth": 43.76471187239985, "n_estimators": 37.80737591132865}, "datetime": {"datetime": "2021-09-17 19:44:51", "elapsed": 38.57373, "delta": 0.663998}}
{"target": 0.8719993887826148, "params": {"eta": 0.19945275264791187, "max_depth": 41.68919494033666, "n_estimators": 40.79467856174318}, "datetime": {"datetime": "2021-09-17 19:44:52", "elapsed": 39.58673, "delta": 1.013}}
{"target": 0.812614478017225, "params": {"eta": 0.5376002118232684, "max_depth": 38.8411404945144, "n_estimators": 40.25819327577049}, "datetime": {"datetime": "2021-09-17 19:44:53", "elapsed": 40.471732, "delta": 0.885002}}
{"target": 0.8268236927287405, "params": {"eta": 0.4756673821676871, "max_depth": 44.53874623590652, "n_estimators": 41.54063662465644}, "datetime": {"datetime": "2021-09-17 19:44:54", "elapsed": 41.359181, "delta": 0.887449}}
{"target": 0.7926404356469674, "params": {"eta": 0.667076973117446, "max_depth": 41.86422493650117, "n_estimators": 43.74821908419913}, "datetime": {"datetime": "2021-09-17 19:44:55", "elapsed": 42.051183, "delta": 0.692002}}
{"target": 0.8385550602483692, "params": {"eta": 0.1, "max_depth": 47.5364009432536, "n_estimators": 38.71143819989601}, "datetime": {"datetime": "2021-09-17 19:44:56", "elapsed": 42.968749, "delta": 0.917566}}
{"target": 0.7578373378930275, "params": {"eta": 0.8, "max_depth": 48.85206396212789, "n_estimators": 41.918833038449414}, "datetime": {"datetime": "2021-09-17 19:44:56", "elapsed": 43.682757, "delta": 0.714008}}
{"target": 0.7574459237624096, "params": {"eta": 0.8, "max_depth": 9.196648597429723, "n_estimators": 30.615306590720134}, "datetime": {"datetime": "2021-09-17 19:44:57", "elapsed": 44.33775, "delta": 0.654993}}
{"target": 0.7884980343869861, "params": {"eta": 0.6050981295742529, "max_depth": 46.98264130137932, "n_estimators": 35.64586031859817}, "datetime": {"datetime": "2021-09-17 19:44:58", "elapsed": 45.005966, "delta": 0.668216}}
{"target": 0.8631783044361138, "params": {"eta": 0.17220521108011647, "max_depth": 6.698386765997376, "n_estimators": 46.23577266361013}, "datetime": {"datetime": "2021-09-17 19:44:58", "elapsed": 45.602965, "delta": 0.596999}}
{"target": 0.8500418726667818, "params": {"eta": 0.1, "max_depth": 4.0, "n_estimators": 41.20009607314634}, "datetime": {"datetime": "2021-09-17 19:44:59", "elapsed": 46.204575, "delta": 0.60161}}
