{"target": 0.8006386401723102, "params": {"eta": 0.7158545792054009, "max_depth": 41.0619234174042, "n_estimators": 40.24615119748508}, "datetime": {"datetime": "2021-09-17 19:48:54", "elapsed": 281.241647, "delta": 1.892115}}
{"target": 0.8001451778270582, "params": {"eta": 0.7238056322320693, "max_depth": 28.62276724122875, "n_estimators": 45.17598033043151}, "datetime": {"datetime": "2021-09-17 19:48:56", "elapsed": 282.939779, "delta": 1.698132}}
{"target": 0.8515728744686699, "params": {"eta": 0.47034537259160236, "max_depth": 28.26318425119951, "n_estimators": 43.21159218073266}, "datetime": {"datetime": "2021-09-17 19:48:57", "elapsed": 284.832107, "delta": 1.892328}}
{"target": 0.7504353729989406, "params": {"eta": 0.7878287327016364, "max_depth": 38.61033611183636, "n_estimators": 49.18705060327428}, "datetime": {"datetime": "2021-09-17 19:48:59", "elapsed": 286.453544, "delta": 1.621437}}
{"target": 0.8518168979901226, "params": {"eta": 0.32080045001642166, "max_depth": 31.482884174648756, "n_estimators": 40.40995024354383}, "datetime": {"datetime": "2021-09-17 19:49:01", "elapsed": 288.065344, "delta": 1.6118}}
{"target": 0.7558116569237345, "params": {"eta": 0.799425911813357, "max_depth": 29.286251968030626, "n_estimators": 43.184507418440404}, "datetime": {"datetime": "2021-09-17 19:49:02", "elapsed": 289.766403, "delta": 1.701059}}
{"target": 0.8513183932925191, "params": {"eta": 0.3543223947045824, "max_depth": 45.43150005194358, "n_estimators": 43.27441782009219}, "datetime": {"datetime": "2021-09-17 19:49:04", "elapsed": 291.808173, "delta": 2.04177}}
{"target": 0.8450458565317065, "params": {"eta": 0.45048161702890055, "max_depth": 40.406490526187405, "n_estimators": 32.52860396090333}, "datetime": {"datetime": "2021-09-17 19:49:06", "elapsed": 293.677383, "delta": 1.86921}}
{"target": 0.8604356343107021, "params": {"eta": 0.238906576484267, "max_depth": 29.337985815538993, "n_estimators": 41.48856788684601}, "datetime": {"datetime": "2021-09-17 19:49:08", "elapsed": 295.328567, "delta": 1.651184}}
{"target": 0.8654105984964044, "params": {"eta": 0.3301725719589622, "max_depth": 4.867862418388592, "n_estimators": 37.92140401631701}, "datetime": {"datetime": "2021-09-17 19:49:10", "elapsed": 296.843825, "delta": 1.515258}}
{"target": 0.839526831590741, "params": {"eta": 0.11407510844977758, "max_depth": 42.87616664579876, "n_estimators": 40.66386638399619}, "datetime": {"datetime": "2021-09-17 19:49:11", "elapsed": 298.469414, "delta": 1.625589}}
{"target": 0.8421487644534963, "params": {"eta": 0.1, "max_depth": 5.245898912310447, "n_estimators": 36.68726109045436}, "datetime": {"datetime": "2021-09-17 19:49:13", "elapsed": 300.151744, "delta": 1.68233}}
{"target": 0.78575192079721, "params": {"eta": 0.6865692529323432, "max_depth": 10.518617135593992, "n_estimators": 36.97559605460431}, "datetime": {"datetime": "2021-09-17 19:49:14", "elapsed": 301.660368, "delta": 1.508624}}
{"target": 0.8846832464920549, "params": {"eta": 0.19382294524464277, "max_depth": 6.257338627431203, "n_estimators": 39.11617986764428}, "datetime": {"datetime": "2021-09-17 19:49:16", "elapsed": 303.172673, "delta": 1.512305}}
{"target": 0.8469712828872715, "params": {"eta": 0.40785321229852034, "max_depth": 5.289093913157358, "n_estimators": 38.72508999272886}, "datetime": {"datetime": "2021-09-17 19:49:17", "elapsed": 304.447425, "delta": 1.274752}}
{"target": 0.7490829458681656, "params": {"eta": 0.7614086526085259, "max_depth": 15.990148269980645, "n_estimators": 37.08484262696216}, "datetime": {"datetime": "2021-09-17 19:49:19", "elapsed": 305.987095, "delta": 1.53967}}
{"target": 0.8654362539504119, "params": {"eta": 0.17197385292387163, "max_depth": 8.201273271990395, "n_estimators": 37.68986275317142}, "datetime": {"datetime": "2021-09-17 19:49:20", "elapsed": 307.675099, "delta": 1.688004}}
{"target": 0.7881178809593392, "params": {"eta": 0.1, "max_depth": 24.437788452054477, "n_estimators": 25.10205297341538}, "datetime": {"datetime": "2021-09-17 19:49:22", "elapsed": 309.29997, "delta": 1.624871}}
{"target": 0.866375311846741, "params": {"eta": 0.15019011136585236, "max_depth": 46.9042733556567, "n_estimators": 46.46296520289817}, "datetime": {"datetime": "2021-09-17 19:49:24", "elapsed": 311.122762, "delta": 1.822792}}
{"target": 0.7511813703635205, "params": {"eta": 0.7621310244683205, "max_depth": 15.576824596787901, "n_estimators": 39.986971852477915}, "datetime": {"datetime": "2021-09-17 19:49:26", "elapsed": 313.574277, "delta": 2.451515}}
{"target": 0.7602869568008186, "params": {"eta": 0.7907401776253595, "max_depth": 16.313691459437266, "n_estimators": 35.0912801472543}, "datetime": {"datetime": "2021-09-17 19:49:28", "elapsed": 315.492903, "delta": 1.918626}}
{"target": 0.782090840451446, "params": {"eta": 0.798262798921022, "max_depth": 6.613197337371156, "n_estimators": 39.27964344140856}, "datetime": {"datetime": "2021-09-17 19:49:30", "elapsed": 316.971923, "delta": 1.47902}}
{"target": 0.8408790916584572, "params": {"eta": 0.10346065482660816, "max_depth": 30.334044414395223, "n_estimators": 42.13681356986806}, "datetime": {"datetime": "2021-09-17 19:49:31", "elapsed": 318.558138, "delta": 1.586215}}
{"target": 0.839731788550733, "params": {"eta": 0.2848388516221031, "max_depth": 28.446966892230023, "n_estimators": 41.91402356430691}, "datetime": {"datetime": "2021-09-17 19:49:33", "elapsed": 320.731343, "delta": 2.173205}}
{"target": 0.7711015673264869, "params": {"eta": 0.7874334405279791, "max_depth": 11.175508640141915, "n_estimators": 47.35232541200619}, "datetime": {"datetime": "2021-09-17 19:49:35", "elapsed": 322.270426, "delta": 1.539083}}
{"target": 0.7997313922671118, "params": {"eta": 0.6966187047988676, "max_depth": 28.526398398517102, "n_estimators": 37.88310630607395}, "datetime": {"datetime": "2021-09-17 19:49:37", "elapsed": 323.938421, "delta": 1.667995}}
{"target": 0.8545095686857263, "params": {"eta": 0.28408276282992945, "max_depth": 4.063723289475962, "n_estimators": 38.1071335157935}, "datetime": {"datetime": "2021-09-17 19:49:38", "elapsed": 325.573572, "delta": 1.635151}}
{"target": 0.8336385658079062, "params": {"eta": 0.305548708558238, "max_depth": 27.04570676203296, "n_estimators": 36.882077507848564}, "datetime": {"datetime": "2021-09-17 19:49:40", "elapsed": 327.483302, "delta": 1.90973}}
{"target": 0.8443479361316923, "params": {"eta": 0.13859529234652412, "max_depth": 42.335055981453856, "n_estimators": 33.05331993825759}, "datetime": {"datetime": "2021-09-17 19:49:42", "elapsed": 329.04158, "delta": 1.558278}}
{"target": 0.8650377826806291, "params": {"eta": 0.3434506851446235, "max_depth": 16.620410462601633, "n_estimators": 43.791339356334504}, "datetime": {"datetime": "2021-09-17 19:49:43", "elapsed": 330.80824, "delta": 1.76666}}
{"target": 0.8503782671415956, "params": {"eta": 0.1585227312031774, "max_depth": 37.39396103706597, "n_estimators": 31.098074993850286}, "datetime": {"datetime": "2021-09-17 19:49:45", "elapsed": 332.715007, "delta": 1.906767}}
{"target": 0.8523503692717854, "params": {"eta": 0.1456035125359238, "max_depth": 33.20991889467515, "n_estimators": 46.33144100383475}, "datetime": {"datetime": "2021-09-17 19:49:47", "elapsed": 334.45387, "delta": 1.738863}}
{"target": 0.8385550602483692, "params": {"eta": 0.1, "max_depth": 26.476652171889583, "n_estimators": 38.15964466726254}, "datetime": {"datetime": "2021-09-17 19:49:50", "elapsed": 336.910311, "delta": 2.456441}}
{"target": 0.7837511061697502, "params": {"eta": 0.5853756956349526, "max_depth": 22.53659359632577, "n_estimators": 22.89325004473823}, "datetime": {"datetime": "2021-09-17 19:49:51", "elapsed": 338.745112, "delta": 1.834801}}
{"target": 0.8494077707555916, "params": {"eta": 0.1, "max_depth": 8.197663059383936, "n_estimators": 40.74126840929555}, "datetime": {"datetime": "2021-09-17 19:49:53", "elapsed": 340.799993, "delta": 2.054881}}
{"target": 0.8421382561559962, "params": {"eta": 0.1, "max_depth": 42.32520055720262, "n_estimators": 45.861041302198316}, "datetime": {"datetime": "2021-09-17 19:49:55", "elapsed": 342.664913, "delta": 1.86492}}
{"target": 0.7598665987161612, "params": {"eta": 0.7812782144338457, "max_depth": 22.466663269752168, "n_estimators": 41.2431286186348}, "datetime": {"datetime": "2021-09-17 19:49:57", "elapsed": 344.234098, "delta": 1.569185}}
{"target": 0.7709062335485573, "params": {"eta": 0.6801450032765947, "max_depth": 24.058694139208196, "n_estimators": 34.780450397137486}, "datetime": {"datetime": "2021-09-17 19:49:59", "elapsed": 346.011095, "delta": 1.776997}}
{"target": 0.8274138354893145, "params": {"eta": 0.5302871221409109, "max_depth": 26.193003302354885, "n_estimators": 33.79360666481412}, "datetime": {"datetime": "2021-09-17 19:50:00", "elapsed": 347.816303, "delta": 1.805208}}
{"target": 0.841123383980968, "params": {"eta": 0.1, "max_depth": 20.302538722023368, "n_estimators": 42.339114349788645}, "datetime": {"datetime": "2021-09-17 19:50:02", "elapsed": 349.779054, "delta": 1.962751}}
{"target": 0.8445527046330173, "params": {"eta": 0.31681185386304145, "max_depth": 7.773285575852657, "n_estimators": 46.32271548389432}, "datetime": {"datetime": "2021-09-17 19:50:05", "elapsed": 352.098769, "delta": 2.319715}}
{"target": 0.8570277845590479, "params": {"eta": 0.15438903668793327, "max_depth": 27.519799214421013, "n_estimators": 39.14968819816658}, "datetime": {"datetime": "2021-09-17 19:50:07", "elapsed": 354.368881, "delta": 2.270112}}
{"target": 0.8685961198759325, "params": {"eta": 0.11913721111198138, "max_depth": 19.307089576607815, "n_estimators": 47.06396095601123}, "datetime": {"datetime": "2021-09-17 19:50:09", "elapsed": 356.233158, "delta": 1.864277}}
{"target": 0.7858908762482838, "params": {"eta": 0.6446631122165277, "max_depth": 34.460128296079006, "n_estimators": 41.139619877997546}, "datetime": {"datetime": "2021-09-17 19:50:10", "elapsed": 357.721157, "delta": 1.487999}}
{"target": 0.8428742235730916, "params": {"eta": 0.11196979324232777, "max_depth": 14.58532690203254, "n_estimators": 45.05726854062362}, "datetime": {"datetime": "2021-09-17 19:50:12", "elapsed": 359.537572, "delta": 1.816415}}
{"target": 0.7577460509393409, "params": {"eta": 0.8, "max_depth": 27.097812606285, "n_estimators": 24.28757975528862}, "datetime": {"datetime": "2021-09-17 19:50:14", "elapsed": 361.253449, "delta": 1.715877}}
{"target": 0.851086895582556, "params": {"eta": 0.11576279723591534, "max_depth": 26.21028901288862, "n_estimators": 45.55009730192074}, "datetime": {"datetime": "2021-09-17 19:50:16", "elapsed": 363.327215, "delta": 2.073766}}
{"target": 0.7873444061454733, "params": {"eta": 0.1, "max_depth": 10.456074199276047, "n_estimators": 25.648142385927564}, "datetime": {"datetime": "2021-09-17 19:50:18", "elapsed": 365.113387, "delta": 1.786172}}
{"target": 0.7973403310449669, "params": {"eta": 0.6032119547533789, "max_depth": 46.380112919764926, "n_estimators": 49.98619937923035}, "datetime": {"datetime": "2021-09-17 19:50:20", "elapsed": 367.036651, "delta": 1.923264}}
{"target": 0.8583823663920364, "params": {"eta": 0.3391269586669663, "max_depth": 34.784355544795254, "n_estimators": 46.150382299682775}, "datetime": {"datetime": "2021-09-17 19:50:22", "elapsed": 369.335048, "delta": 2.298397}}
{"target": 0.7644444565574671, "params": {"eta": 0.7920244999675624, "max_depth": 22.767602576641394, "n_estimators": 32.808643474147694}, "datetime": {"datetime": "2021-09-17 19:50:24", "elapsed": 371.303131, "delta": 1.968083}}
{"target": 0.7320224352613407, "params": {"eta": 0.1, "max_depth": 25.497075674350835, "n_estimators": 21.076606009925147}, "datetime": {"datetime": "2021-09-17 19:50:26", "elapsed": 373.197336, "delta": 1.894205}}
{"target": 0.8262181624590181, "params": {"eta": 0.1, "max_depth": 5.22249130912164, "n_estimators": 30.682318519769485}, "datetime": {"datetime": "2021-09-17 19:50:28", "elapsed": 374.896907, "delta": 1.699571}}
{"target": 0.8637159857656732, "params": {"eta": 0.13079400978584663, "max_depth": 21.31388496330713, "n_estimators": 43.91179653674718}, "datetime": {"datetime": "2021-09-17 19:50:30", "elapsed": 377.788661, "delta": 2.891754}}
{"target": 0.8509817035938874, "params": {"eta": 0.12377155936293847, "max_depth": 21.959326903880225, "n_estimators": 45.421371378175536}, "datetime": {"datetime": "2021-09-17 19:50:32", "elapsed": 379.729665, "delta": 1.941004}}
{"target": 0.8507769280058771, "params": {"eta": 0.1268266686891143, "max_depth": 7.03218559526378, "n_estimators": 47.37810539945003}, "datetime": {"datetime": "2021-09-17 19:50:34", "elapsed": 381.526692, "delta": 1.797027}}
{"target": 0.8314802222128503, "params": {"eta": 0.1, "max_depth": 14.861752473214224, "n_estimators": 33.31642496795649}, "datetime": {"datetime": "2021-09-17 19:50:36", "elapsed": 383.391992, "delta": 1.8653}}
{"target": 0.8599643440721135, "params": {"eta": 0.17154711505850836, "max_depth": 40.52834644782593, "n_estimators": 48.27180949793139}, "datetime": {"datetime": "2021-09-17 19:50:39", "elapsed": 385.850595, "delta": 2.458603}}
{"target": 0.8612797819787382, "params": {"eta": 0.13134289520507977, "max_depth": 40.34937993501478, "n_estimators": 46.61736119141125}, "datetime": {"datetime": "2021-09-17 19:50:41", "elapsed": 388.001698, "delta": 2.151103}}
{"target": 0.7893575126855759, "params": {"eta": 0.7199007391100414, "max_depth": 39.88470938112378, "n_estimators": 45.53670561384252}, "datetime": {"datetime": "2021-09-17 19:50:43", "elapsed": 389.910899, "delta": 1.909201}}
{"target": 0.8592610083469587, "params": {"eta": 0.30467852037954923, "max_depth": 6.925045605400881, "n_estimators": 26.36846029557723}, "datetime": {"datetime": "2021-09-17 19:50:44", "elapsed": 391.582023, "delta": 1.671124}}
{"target": 0.8265189812329038, "params": {"eta": 0.4952277535202566, "max_depth": 7.262072883399511, "n_estimators": 24.413363869494717}, "datetime": {"datetime": "2021-09-17 19:50:46", "elapsed": 393.372756, "delta": 1.790733}}
{"target": 0.8539251859635314, "params": {"eta": 0.3927803287376683, "max_depth": 49.91622877407532, "n_estimators": 35.94326003369846}, "datetime": {"datetime": "2021-09-17 19:50:48", "elapsed": 395.530048, "delta": 2.157292}}
{"target": 0.7972639291971713, "params": {"eta": 0.7129231602556753, "max_depth": 50.0, "n_estimators": 34.401130672801926}, "datetime": {"datetime": "2021-09-17 19:50:50", "elapsed": 397.729831, "delta": 2.199783}}
{"target": 0.8633097937046811, "params": {"eta": 0.3385959923832478, "max_depth": 31.84957000851504, "n_estimators": 42.87773199175594}, "datetime": {"datetime": "2021-09-17 19:50:53", "elapsed": 400.217147, "delta": 2.487316}}
{"target": 0.8428220358417325, "params": {"eta": 0.23115498296154066, "max_depth": 46.80746912435832, "n_estimators": 22.978006143684247}, "datetime": {"datetime": "2021-09-17 19:50:55", "elapsed": 401.882198, "delta": 1.665051}}
{"target": 0.8621073665934065, "params": {"eta": 0.457449727115396, "max_depth": 44.89211870751309, "n_estimators": 23.166253726148327}, "datetime": {"datetime": "2021-09-17 19:50:56", "elapsed": 403.807717, "delta": 1.925519}}
{"target": 0.8237548765631617, "params": {"eta": 0.5276605552097976, "max_depth": 45.18868370924858, "n_estimators": 24.67702880901206}, "datetime": {"datetime": "2021-09-17 19:50:58", "elapsed": 405.813814, "delta": 2.006097}}
{"target": 0.7800829216883975, "params": {"eta": 0.6280937210131879, "max_depth": 44.024479993821, "n_estimators": 22.076989578704847}, "datetime": {"datetime": "2021-09-17 19:51:01", "elapsed": 407.975036, "delta": 2.161222}}
{"target": 0.7778835155387369, "params": {"eta": 0.1, "max_depth": 43.674164284724455, "n_estimators": 24.058819595921292}, "datetime": {"datetime": "2021-09-17 19:51:03", "elapsed": 409.920303, "delta": 1.945267}}
{"target": 0.7998568774255281, "params": {"eta": 0.7262302068799051, "max_depth": 47.266078923628896, "n_estimators": 24.754646877370835}, "datetime": {"datetime": "2021-09-17 19:51:06", "elapsed": 412.863859, "delta": 2.943556}}
{"target": 0.76761124243536, "params": {"eta": 0.7626728136371513, "max_depth": 4.070074145967126, "n_estimators": 35.86671196257265}, "datetime": {"datetime": "2021-09-17 19:51:07", "elapsed": 414.516681, "delta": 1.652822}}
{"target": 0.7545823329758304, "params": {"eta": 0.7622506681227337, "max_depth": 45.682531728933434, "n_estimators": 22.61137259771204}, "datetime": {"datetime": "2021-09-17 19:51:10", "elapsed": 417.111638, "delta": 2.594957}}
{"target": 0.7755269679981506, "params": {"eta": 0.7428284124098374, "max_depth": 31.54989481166283, "n_estimators": 41.93249781882804}, "datetime": {"datetime": "2021-09-17 19:51:12", "elapsed": 419.438414, "delta": 2.326776}}
{"target": 0.8045220663590414, "params": {"eta": 0.4951894705901704, "max_depth": 40.86445671959825, "n_estimators": 47.23804983161006}, "datetime": {"datetime": "2021-09-17 19:51:14", "elapsed": 421.662551, "delta": 2.224137}}
{"target": 0.7766650530792661, "params": {"eta": 0.7426936146329821, "max_depth": 20.674099541193776, "n_estimators": 43.39758435347471}, "datetime": {"datetime": "2021-09-17 19:51:17", "elapsed": 423.959852, "delta": 2.297301}}
{"target": 0.8732658597909412, "params": {"eta": 0.1527792859821231, "max_depth": 6.149938358398949, "n_estimators": 38.539789833088406}, "datetime": {"datetime": "2021-09-17 19:51:19", "elapsed": 426.50542, "delta": 2.545568}}
{"target": 0.8444370655648132, "params": {"eta": 0.1364889048518647, "max_depth": 32.01748805496838, "n_estimators": 37.027048362695425}, "datetime": {"datetime": "2021-09-17 19:51:22", "elapsed": 429.172794, "delta": 2.667374}}
{"target": 0.7578403147545703, "params": {"eta": 0.8, "max_depth": 32.7289374808253, "n_estimators": 47.10452828255764}, "datetime": {"datetime": "2021-09-17 19:51:24", "elapsed": 431.389226, "delta": 2.216432}}
{"target": 0.8414152225718785, "params": {"eta": 0.24836650520217463, "max_depth": 37.15304295453621, "n_estimators": 49.87385120007458}, "datetime": {"datetime": "2021-09-17 19:51:26", "elapsed": 433.819679, "delta": 2.430453}}
{"target": 0.8397186023194957, "params": {"eta": 0.1, "max_depth": 17.672297364793234, "n_estimators": 40.398509450728476}, "datetime": {"datetime": "2021-09-17 19:51:28", "elapsed": 435.767821, "delta": 1.948142}}
{"target": 0.8357684870454865, "params": {"eta": 0.11992825728078049, "max_depth": 46.87679783555207, "n_estimators": 45.47650296963329}, "datetime": {"datetime": "2021-09-17 19:51:31", "elapsed": 438.182109, "delta": 2.414288}}
{"target": 0.8639071884254759, "params": {"eta": 0.18722712069731612, "max_depth": 22.205647874454694, "n_estimators": 44.255882553066684}, "datetime": {"datetime": "2021-09-17 19:51:33", "elapsed": 440.323915, "delta": 2.141806}}
{"target": 0.8337219814419128, "params": {"eta": 0.45466533644015583, "max_depth": 31.814385455137423, "n_estimators": 43.813573096080894}, "datetime": {"datetime": "2021-09-17 19:51:35", "elapsed": 442.600738, "delta": 2.276823}}
{"target": 0.8576140201947152, "params": {"eta": 0.1622708961280701, "max_depth": 5.0151387640897465, "n_estimators": 42.10970523469347}, "datetime": {"datetime": "2021-09-17 19:51:37", "elapsed": 444.699355, "delta": 2.098617}}
{"target": 0.7585818374776968, "params": {"eta": 0.8, "max_depth": 26.062557868175038, "n_estimators": 35.33095379787007}, "datetime": {"datetime": "2021-09-17 19:51:39", "elapsed": 446.653989, "delta": 1.954634}}
{"target": 0.8497614110430449, "params": {"eta": 0.10944424020542659, "max_depth": 8.506365302528923, "n_estimators": 36.138814574873976}, "datetime": {"datetime": "2021-09-17 19:51:42", "elapsed": 449.351546, "delta": 2.697557}}
{"target": 0.8402680829867005, "params": {"eta": 0.21717688629979895, "max_depth": 44.301801969287304, "n_estimators": 39.26215364973389}, "datetime": {"datetime": "2021-09-17 19:51:45", "elapsed": 452.011926, "delta": 2.66038}}
{"target": 0.8005339609923073, "params": {"eta": 0.7096559751724633, "max_depth": 34.5549322179198, "n_estimators": 38.83677602121289}, "datetime": {"datetime": "2021-09-17 19:51:47", "elapsed": 454.292435, "delta": 2.280509}}
{"target": 0.8396552956180533, "params": {"eta": 0.10301581788799008, "max_depth": 29.822601680245175, "n_estimators": 38.1424334460813}, "datetime": {"datetime": "2021-09-17 19:51:49", "elapsed": 456.382077, "delta": 2.089642}}
{"target": 0.8757581221898604, "params": {"eta": 0.1957930389479719, "max_depth": 48.6955668290999, "n_estimators": 36.61663313475909}, "datetime": {"datetime": "2021-09-17 19:51:52", "elapsed": 459.554628, "delta": 3.172551}}
{"target": 0.7647302150394143, "params": {"eta": 0.777990055827474, "max_depth": 48.2690401961241, "n_estimators": 37.347566430022546}, "datetime": {"datetime": "2021-09-17 19:51:55", "elapsed": 462.09017, "delta": 2.535542}}
{"target": 0.8454907116436987, "params": {"eta": 0.2792077497163683, "max_depth": 48.70077452095816, "n_estimators": 35.79208514650299}, "datetime": {"datetime": "2021-09-17 19:51:57", "elapsed": 464.669764, "delta": 2.579594}}
{"target": 0.8458444623411073, "params": {"eta": 0.13623207143572963, "max_depth": 39.59811739585176, "n_estimators": 47.68563962996396}, "datetime": {"datetime": "2021-09-17 19:52:00", "elapsed": 467.149243, "delta": 2.479479}}
{"target": 0.8038906434039867, "params": {"eta": 0.7029900255210486, "max_depth": 24.983234406169373, "n_estimators": 46.46107928589886}, "datetime": {"datetime": "2021-09-17 19:52:02", "elapsed": 469.611599, "delta": 2.462356}}
{"target": 0.7855954715103698, "params": {"eta": 0.6092817583250417, "max_depth": 25.828242929880094, "n_estimators": 48.473914406585706}, "datetime": {"datetime": "2021-09-17 19:52:05", "elapsed": 472.063582, "delta": 2.451983}}
{"target": 0.8367503102027107, "params": {"eta": 0.1, "max_depth": 4.0, "n_estimators": 33.194668821103896}, "datetime": {"datetime": "2021-09-17 19:52:07", "elapsed": 474.575262, "delta": 2.51168}}
