{"target": -2.953668147639224, "params": {"eta": 0.5828576393484495, "max_depth": 11.140389448695283, "n_estimators": 17.679000483299973}, "datetime": {"datetime": "2021-09-17 11:05:42", "elapsed": 1340.286021, "delta": 5.24537}}
{"target": -3.317019956362875, "params": {"eta": 0.7695065409416079, "max_depth": 9.601003667751394, "n_estimators": 16.561953652885236}, "datetime": {"datetime": "2021-09-17 11:05:46", "elapsed": 1344.358099, "delta": 4.072078}}
{"target": -2.5991190239002826, "params": {"eta": 0.27438892514457236, "max_depth": 10.254963753864445, "n_estimators": 12.715749916828896}, "datetime": {"datetime": "2021-09-17 11:05:51", "elapsed": 1348.533247, "delta": 4.175148}}
{"target": -2.732892491942958, "params": {"eta": 0.36787436542413854, "max_depth": 3.943619249334399, "n_estimators": 11.791755899581819}, "datetime": {"datetime": "2021-09-17 11:05:55", "elapsed": 1352.728942, "delta": 4.195695}}
{"target": -2.9653961852977146, "params": {"eta": 0.6276796722113961, "max_depth": 14.997716967991078, "n_estimators": 16.707677844986648}, "datetime": {"datetime": "2021-09-17 11:06:00", "elapsed": 1358.42195, "delta": 5.693008}}
{"target": -3.210303074435184, "params": {"eta": 1.0, "max_depth": 14.377730479483946, "n_estimators": 16.133336808040678}, "datetime": {"datetime": "2021-09-17 11:06:07", "elapsed": 1364.515556, "delta": 6.093606}}
{"target": -3.271340353865373, "params": {"eta": 0.5599518829657396, "max_depth": 1.0, "n_estimators": 12.868104388295711}, "datetime": {"datetime": "2021-09-17 11:06:11", "elapsed": 1368.503141, "delta": 3.987585}}
{"target": -3.0092952696900617, "params": {"eta": 0.6341574005896907, "max_depth": 7.274827551245451, "n_estimators": 12.898775602815071}, "datetime": {"datetime": "2021-09-17 11:06:16", "elapsed": 1373.504195, "delta": 5.001054}}
{"target": -5.863805339210912, "params": {"eta": 0.10200571631656562, "max_depth": 13.651606260082662, "n_estimators": 14.382944346405731}, "datetime": {"datetime": "2021-09-17 11:06:22", "elapsed": 1379.857401, "delta": 6.353206}}
{"target": -3.105521004764657, "params": {"eta": 0.5933757439556286, "max_depth": 14.263164225403479, "n_estimators": 14.326434018210636}, "datetime": {"datetime": "2021-09-17 11:06:26", "elapsed": 1384.325431, "delta": 4.46803}}
{"target": -3.1000937129321855, "params": {"eta": 0.6391392934579659, "max_depth": 13.18616063095811, "n_estimators": 14.35271091120615}, "datetime": {"datetime": "2021-09-17 11:06:32", "elapsed": 1389.654215, "delta": 5.328784}}
{"target": -3.0565840432518403, "params": {"eta": 0.6138663122421081, "max_depth": 13.873328753330933, "n_estimators": 14.14861728748765}, "datetime": {"datetime": "2021-09-17 11:06:37", "elapsed": 1394.667424, "delta": 5.013209}}
{"target": -2.889042640359778, "params": {"eta": 0.19397703561954058, "max_depth": 12.419357721354075, "n_estimators": 14.015303722209408}, "datetime": {"datetime": "2021-09-17 11:06:41", "elapsed": 1399.00448, "delta": 4.337056}}
{"target": -2.594119928385082, "params": {"eta": 0.356268119602977, "max_depth": 14.282224275010096, "n_estimators": 14.814332624802455}, "datetime": {"datetime": "2021-09-17 11:06:47", "elapsed": 1404.731142, "delta": 5.726662}}
{"target": -4.295440799311588, "params": {"eta": 1.0, "max_depth": 9.855600775516468, "n_estimators": 1.9271036032927296}, "datetime": {"datetime": "2021-09-17 11:06:52", "elapsed": 1410.24013, "delta": 5.508988}}
{"target": -9.570898067951203, "params": {"eta": 0.1703142701153403, "max_depth": 6.293272387331054, "n_estimators": 5.154208558848603}, "datetime": {"datetime": "2021-09-17 11:06:57", "elapsed": 1415.477059, "delta": 5.236929}}
{"target": -3.428156099821392, "params": {"eta": 1.0, "max_depth": 10.916000515541462, "n_estimators": 7.32694310811629}, "datetime": {"datetime": "2021-09-17 11:07:04", "elapsed": 1422.094212, "delta": 6.617153}}
{"target": -3.461543537441053, "params": {"eta": 0.9893127668975861, "max_depth": 13.314652768946017, "n_estimators": 6.627925090901407}, "datetime": {"datetime": "2021-09-17 11:07:09", "elapsed": 1427.469462, "delta": 5.37525}}
{"target": -5.980980198006881, "params": {"eta": 0.10758341636670254, "max_depth": 8.711317458145654, "n_estimators": 13.70415361985349}, "datetime": {"datetime": "2021-09-17 11:07:15", "elapsed": 1433.124198, "delta": 5.654736}}
{"target": -4.580199960031007, "params": {"eta": 0.13278271205268255, "max_depth": 10.43736601079393, "n_estimators": 13.475647853017044}, "datetime": {"datetime": "2021-09-17 11:07:20", "elapsed": 1437.927537, "delta": 4.803339}}
{"target": -3.532730783914264, "params": {"eta": 1.0, "max_depth": 8.576307473506048, "n_estimators": 7.807394616576594}, "datetime": {"datetime": "2021-09-17 11:07:28", "elapsed": 1445.86588, "delta": 7.938343}}
{"target": -3.140329000196959, "params": {"eta": 0.6534689080761412, "max_depth": 7.971602354434349, "n_estimators": 13.361798046031106}, "datetime": {"datetime": "2021-09-17 11:07:36", "elapsed": 1454.110294, "delta": 8.244414}}
{"target": -3.0684842115954347, "params": {"eta": 0.5893605140434052, "max_depth": 10.966945665423461, "n_estimators": 12.44353442775513}, "datetime": {"datetime": "2021-09-17 11:07:41", "elapsed": 1459.319851, "delta": 5.209557}}
{"target": -2.6448250801939714, "params": {"eta": 0.464440843761588, "max_depth": 11.525059060174247, "n_estimators": 12.075372569467948}, "datetime": {"datetime": "2021-09-17 11:07:46", "elapsed": 1463.799522, "delta": 4.479671}}
{"target": -3.1662416056582803, "params": {"eta": 1.0, "max_depth": 11.052932562378341, "n_estimators": 5.713586787256499}, "datetime": {"datetime": "2021-09-17 11:07:51", "elapsed": 1469.299711, "delta": 5.500189}}
{"target": -2.9487954371853875, "params": {"eta": 1.0, "max_depth": 2.1383616386760957, "n_estimators": 13.588492258038047}, "datetime": {"datetime": "2021-09-17 11:07:56", "elapsed": 1474.47849, "delta": 5.178779}}
{"target": -6.479578412833966, "params": {"eta": 0.1797116536783241, "max_depth": 10.26061932644162, "n_estimators": 7.895877792351565}, "datetime": {"datetime": "2021-09-17 11:08:01", "elapsed": 1479.134954, "delta": 4.656464}}
{"target": -3.0532032715646844, "params": {"eta": 0.3688861480105712, "max_depth": 1.0, "n_estimators": 17.04014512669077}, "datetime": {"datetime": "2021-09-17 11:08:06", "elapsed": 1483.714258, "delta": 4.579304}}
{"target": -3.0618927861514846, "params": {"eta": 0.6400425943901952, "max_depth": 10.93613027472199, "n_estimators": 16.087264183095748}, "datetime": {"datetime": "2021-09-17 11:08:11", "elapsed": 1489.306302, "delta": 5.592044}}
{"target": -3.4840395350205275, "params": {"eta": 1.0, "max_depth": 8.16579202933441, "n_estimators": 3.022542316216455}, "datetime": {"datetime": "2021-09-17 11:08:16", "elapsed": 1493.840582, "delta": 4.53428}}
{"target": -3.448874911509062, "params": {"eta": 1.0, "max_depth": 9.191293458497082, "n_estimators": 5.918779071742625}, "datetime": {"datetime": "2021-09-17 11:08:21", "elapsed": 1498.525308, "delta": 4.684726}}
{"target": -3.3240448314892617, "params": {"eta": 0.9879397513330757, "max_depth": 11.48035140497706, "n_estimators": 10.310136772424743}, "datetime": {"datetime": "2021-09-17 11:08:25", "elapsed": 1502.810339, "delta": 4.285031}}
{"target": -6.024283543385957, "params": {"eta": 0.1, "max_depth": 3.3165755738547156, "n_estimators": 14.548112576792095}, "datetime": {"datetime": "2021-09-17 11:08:29", "elapsed": 1507.454627, "delta": 4.644288}}
{"target": -3.1705073438192666, "params": {"eta": 0.7171594806326437, "max_depth": 2.7793401668072866, "n_estimators": 15.15575956222806}, "datetime": {"datetime": "2021-09-17 11:08:36", "elapsed": 1514.126075, "delta": 6.671448}}
{"target": -3.2144903534337095, "params": {"eta": 1.0, "max_depth": 12.73715174651576, "n_estimators": 13.01106303292646}, "datetime": {"datetime": "2021-09-17 11:08:41", "elapsed": 1518.95281, "delta": 4.826735}}
{"target": -3.45666512313642, "params": {"eta": 0.17679375251956955, "max_depth": 2.8199479436407806, "n_estimators": 15.453028264454552}, "datetime": {"datetime": "2021-09-17 11:08:47", "elapsed": 1524.639888, "delta": 5.687078}}
{"target": -3.1851665791712307, "params": {"eta": 1.0, "max_depth": 15.0, "n_estimators": 4.8540660065079235}, "datetime": {"datetime": "2021-09-17 11:08:52", "elapsed": 1529.869567, "delta": 5.229679}}
{"target": -2.818426119653802, "params": {"eta": 0.5713877285449566, "max_depth": 6.610384196713777, "n_estimators": 17.464309973471202}, "datetime": {"datetime": "2021-09-17 11:08:56", "elapsed": 1534.260968, "delta": 4.391401}}
{"target": -2.7956495335227567, "params": {"eta": 0.689368163569106, "max_depth": 3.375527193969741, "n_estimators": 14.045686315763295}, "datetime": {"datetime": "2021-09-17 11:09:00", "elapsed": 1538.144443, "delta": 3.883475}}
{"target": -3.1737623547252856, "params": {"eta": 1.0, "max_depth": 11.231077542862012, "n_estimators": 12.868211989643527}, "datetime": {"datetime": "2021-09-17 11:09:04", "elapsed": 1542.465453, "delta": 4.32101}}
{"target": -2.722209715215784, "params": {"eta": 0.5273664207012957, "max_depth": 11.026511884319191, "n_estimators": 16.729046968361224}, "datetime": {"datetime": "2021-09-17 11:09:09", "elapsed": 1547.085909, "delta": 4.620456}}
{"target": -11.755219357892086, "params": {"eta": 0.1, "max_depth": 1.0, "n_estimators": 7.017527629695276}, "datetime": {"datetime": "2021-09-17 11:09:21", "elapsed": 1558.530675, "delta": 11.444766}}
{"target": -3.279131623945738, "params": {"eta": 1.0, "max_depth": 14.408728107482407, "n_estimators": 3.2942675431957573}, "datetime": {"datetime": "2021-09-17 11:09:26", "elapsed": 1563.756853, "delta": 5.226178}}
{"target": -4.099920366312328, "params": {"eta": 0.15421178176031564, "max_depth": 14.990328364768068, "n_estimators": 12.511998781357754}, "datetime": {"datetime": "2021-09-17 11:09:33", "elapsed": 1571.413203, "delta": 7.65635}}
{"target": -3.273648220614383, "params": {"eta": 1.0, "max_depth": 1.9749129083176915, "n_estimators": 15.594555309669184}, "datetime": {"datetime": "2021-09-17 11:09:41", "elapsed": 1578.514737, "delta": 7.101534}}
{"target": -3.138593874479595, "params": {"eta": 1.0, "max_depth": 3.661527107084335, "n_estimators": 14.317265263755973}, "datetime": {"datetime": "2021-09-17 11:09:49", "elapsed": 1587.314577, "delta": 8.79984}}
{"target": -3.2151029480131053, "params": {"eta": 1.0, "max_depth": 12.37857222812514, "n_estimators": 8.99539132403505}, "datetime": {"datetime": "2021-09-17 11:09:55", "elapsed": 1592.628047, "delta": 5.31347}}
{"target": -3.4298649311065676, "params": {"eta": 1.0, "max_depth": 9.150673444367882, "n_estimators": 9.06301691587483}, "datetime": {"datetime": "2021-09-17 11:10:01", "elapsed": 1598.664922, "delta": 6.036875}}
{"target": -2.9946707901201752, "params": {"eta": 0.5818481968335262, "max_depth": 11.195563447136333, "n_estimators": 15.197714286436955}, "datetime": {"datetime": "2021-09-17 11:10:08", "elapsed": 1606.241555, "delta": 7.576633}}
{"target": -5.040955574888932, "params": {"eta": 0.1, "max_depth": 2.7383139682772146, "n_estimators": 17.09853702444786}, "datetime": {"datetime": "2021-09-17 11:10:13", "elapsed": 1611.084642, "delta": 4.843087}}
{"target": -2.988233846739719, "params": {"eta": 0.6000351819788906, "max_depth": 15.0, "n_estimators": 11.997160229631637}, "datetime": {"datetime": "2021-09-17 11:10:21", "elapsed": 1619.03389, "delta": 7.949248}}
{"target": -2.8417390089286, "params": {"eta": 0.6049473319089601, "max_depth": 3.0920463458066263, "n_estimators": 17.49608321248018}, "datetime": {"datetime": "2021-09-17 11:10:29", "elapsed": 1627.201411, "delta": 8.167521}}
{"target": -2.800076837916123, "params": {"eta": 0.5604013319353754, "max_depth": 12.981272042184136, "n_estimators": 16.36338703141395}, "datetime": {"datetime": "2021-09-17 11:10:37", "elapsed": 1634.583921, "delta": 7.38251}}
{"target": -3.17378638480839, "params": {"eta": 1.0, "max_depth": 11.266135534502467, "n_estimators": 14.966310729402656}, "datetime": {"datetime": "2021-09-17 11:10:41", "elapsed": 1639.487102, "delta": 4.903181}}
{"target": -2.57427232830148, "params": {"eta": 0.4337605759434451, "max_depth": 11.63698681107831, "n_estimators": 9.640006247258658}, "datetime": {"datetime": "2021-09-17 11:10:46", "elapsed": 1644.249645, "delta": 4.762543}}
{"target": -2.959718749397679, "params": {"eta": 0.6244753991048285, "max_depth": 11.356844501393395, "n_estimators": 9.833520269058276}, "datetime": {"datetime": "2021-09-17 11:10:51", "elapsed": 1649.007259, "delta": 4.757614}}
{"target": -2.577568794551649, "params": {"eta": 0.3911127549322364, "max_depth": 6.576673028743063, "n_estimators": 16.685182924415997}, "datetime": {"datetime": "2021-09-17 11:10:56", "elapsed": 1653.92891, "delta": 4.921651}}
{"target": -2.772520619944522, "params": {"eta": 0.53882860751973, "max_depth": 10.523020486162805, "n_estimators": 16.771065606586784}, "datetime": {"datetime": "2021-09-17 11:11:03", "elapsed": 1661.477201, "delta": 7.548291}}
{"target": -3.4298406004905697, "params": {"eta": 0.9986234586584595, "max_depth": 6.100451465211363, "n_estimators": 8.747568348312583}, "datetime": {"datetime": "2021-09-17 11:11:09", "elapsed": 1666.80295, "delta": 5.325749}}
{"target": -2.7317798300793297, "params": {"eta": 0.3806724993719893, "max_depth": 5.442219470806887, "n_estimators": 8.15770263769228}, "datetime": {"datetime": "2021-09-17 11:11:18", "elapsed": 1676.310359, "delta": 9.507409}}
{"target": -3.212022915639375, "params": {"eta": 1.0, "max_depth": 12.151044380022366, "n_estimators": 3.5347420229017996}, "datetime": {"datetime": "2021-09-17 11:11:24", "elapsed": 1682.451439, "delta": 6.14108}}
{"target": -9.475549654584182, "params": {"eta": 0.1, "max_depth": 11.461230881506937, "n_estimators": 9.4145961710967}, "datetime": {"datetime": "2021-09-17 11:11:29", "elapsed": 1687.410729, "delta": 4.95929}}
{"target": -2.9563265806750243, "params": {"eta": 0.6451206877887645, "max_depth": 11.843737053331711, "n_estimators": 9.83962156706543}, "datetime": {"datetime": "2021-09-17 11:11:36", "elapsed": 1694.37302, "delta": 6.962291}}
{"target": -4.726135664237174, "params": {"eta": 0.1, "max_depth": 14.407132820746483, "n_estimators": 17.58308680637447}, "datetime": {"datetime": "2021-09-17 11:11:42", "elapsed": 1700.16675, "delta": 5.79373}}
{"target": -3.438622179784273, "params": {"eta": 1.0, "max_depth": 10.791264381312919, "n_estimators": 10.829815783216624}, "datetime": {"datetime": "2021-09-17 11:11:55", "elapsed": 1712.608288, "delta": 12.441538}}
{"target": -2.55362305954883, "params": {"eta": 0.2612997150208452, "max_depth": 13.22782299005947, "n_estimators": 17.95554555650391}, "datetime": {"datetime": "2021-09-17 11:12:01", "elapsed": 1719.432826, "delta": 6.824538}}
{"target": -2.768365560079876, "params": {"eta": 0.3608928096110747, "max_depth": 14.985385000171028, "n_estimators": 8.076055238078863}, "datetime": {"datetime": "2021-09-17 11:12:07", "elapsed": 1725.414005, "delta": 5.981179}}
{"target": -2.927949368953705, "params": {"eta": 0.6761488809282751, "max_depth": 14.908298148431827, "n_estimators": 8.387110349340944}, "datetime": {"datetime": "2021-09-17 11:12:13", "elapsed": 1731.073501, "delta": 5.659496}}
{"target": -3.479073504397743, "params": {"eta": 1.0, "max_depth": 1.8695417426833854, "n_estimators": 13.066344399205015}, "datetime": {"datetime": "2021-09-17 11:12:23", "elapsed": 1740.77094, "delta": 9.697439}}
{"target": -2.771144031850915, "params": {"eta": 0.5046590173542854, "max_depth": 14.481717159343454, "n_estimators": 17.193154474211664}, "datetime": {"datetime": "2021-09-17 11:12:28", "elapsed": 1746.38457, "delta": 5.61363}}
{"target": -3.479073504397743, "params": {"eta": 1.0, "max_depth": 1.0, "n_estimators": 13.001014936675341}, "datetime": {"datetime": "2021-09-17 11:12:34", "elapsed": 1752.068465, "delta": 5.683895}}
{"target": -2.8872623794957213, "params": {"eta": 0.5571497640864638, "max_depth": 13.559768151942762, "n_estimators": 17.75035282615387}, "datetime": {"datetime": "2021-09-17 11:12:40", "elapsed": 1757.550906, "delta": 5.482441}}
{"target": -3.126487030481037, "params": {"eta": 1.0, "max_depth": 3.31875505429548, "n_estimators": 16.97977744042387}, "datetime": {"datetime": "2021-09-17 11:12:56", "elapsed": 1774.101189, "delta": 16.550283}}
{"target": -3.199572156604968, "params": {"eta": 0.961869195624056, "max_depth": 4.525309614696102, "n_estimators": 16.789137662004915}, "datetime": {"datetime": "2021-09-17 11:13:10", "elapsed": 1787.883401, "delta": 13.782212}}
{"target": -3.001896868254009, "params": {"eta": 0.6109616915672288, "max_depth": 9.184638130504858, "n_estimators": 17.996517690671478}, "datetime": {"datetime": "2021-09-17 11:13:16", "elapsed": 1794.04904, "delta": 6.165639}}
{"target": -3.0381581682907908, "params": {"eta": 0.6382100982836393, "max_depth": 11.900491224965023, "n_estimators": 12.864777722541687}, "datetime": {"datetime": "2021-09-17 11:13:25", "elapsed": 1802.532226, "delta": 8.483186}}
{"target": -7.293388512260035, "params": {"eta": 0.1, "max_depth": 2.957306436488507, "n_estimators": 12.21641419184606}, "datetime": {"datetime": "2021-09-17 11:13:30", "elapsed": 1808.381475, "delta": 5.849249}}
{"target": -2.8828422238952234, "params": {"eta": 0.5558610657372774, "max_depth": 2.2377344447225207, "n_estimators": 12.500172507642905}, "datetime": {"datetime": "2021-09-17 11:13:39", "elapsed": 1816.900491, "delta": 8.519016}}
{"target": -3.1518525154967056, "params": {"eta": 0.9558609525077779, "max_depth": 2.5631684494661906, "n_estimators": 12.45433979156741}, "datetime": {"datetime": "2021-09-17 11:13:50", "elapsed": 1828.382044, "delta": 11.481553}}
{"target": -3.0871960627405266, "params": {"eta": 0.36925844621209747, "max_depth": 2.3853068187937447, "n_estimators": 10.278313972356228}, "datetime": {"datetime": "2021-09-17 11:13:57", "elapsed": 1835.021307, "delta": 6.639263}}
{"target": -6.189552363596465, "params": {"eta": 0.10285054177618361, "max_depth": 1.8494035558812654, "n_estimators": 15.347238068139287}, "datetime": {"datetime": "2021-09-17 11:14:07", "elapsed": 1845.00659, "delta": 9.985283}}
{"target": -8.52844256225385, "params": {"eta": 0.14178901134403815, "max_depth": 9.08496998580663, "n_estimators": 7.079890020353625}, "datetime": {"datetime": "2021-09-17 11:14:14", "elapsed": 1851.610255, "delta": 6.603665}}
{"target": -3.4452779016996686, "params": {"eta": 1.0, "max_depth": 6.29880920786693, "n_estimators": 9.572678083016696}, "datetime": {"datetime": "2021-09-17 11:14:20", "elapsed": 1857.8072, "delta": 6.196945}}
{"target": -3.4431831720628234, "params": {"eta": 1.0, "max_depth": 10.746049955728349, "n_estimators": 12.30281942963835}, "datetime": {"datetime": "2021-09-17 11:14:31", "elapsed": 1869.046106, "delta": 11.238906}}
{"target": -4.295440799311588, "params": {"eta": 1.0, "max_depth": 9.58697549275069, "n_estimators": 1.0}, "datetime": {"datetime": "2021-09-17 11:14:39", "elapsed": 1877.426805, "delta": 8.380699}}
{"target": -2.939574862781324, "params": {"eta": 0.261703343717216, "max_depth": 4.536999114957922, "n_estimators": 10.988749253512708}, "datetime": {"datetime": "2021-09-17 11:14:46", "elapsed": 1883.652535, "delta": 6.22573}}
{"target": -3.033611974590703, "params": {"eta": 0.5738594275717344, "max_depth": 4.156902966267676, "n_estimators": 10.985534809827216}, "datetime": {"datetime": "2021-09-17 11:14:53", "elapsed": 1890.981063, "delta": 7.328528}}
{"target": -3.5548262815726432, "params": {"eta": 0.9366058810417239, "max_depth": 10.668261447563838, "n_estimators": 16.44005577936158}, "datetime": {"datetime": "2021-09-17 11:15:05", "elapsed": 1902.828808, "delta": 11.847745}}
{"target": -2.620390056936364, "params": {"eta": 0.39762624349398823, "max_depth": 4.613736399985173, "n_estimators": 10.380125947699446}, "datetime": {"datetime": "2021-09-17 11:15:11", "elapsed": 1909.251221, "delta": 6.422413}}
{"target": -2.7845760828570314, "params": {"eta": 0.49153511769304503, "max_depth": 4.938255033230784, "n_estimators": 10.783807900809407}, "datetime": {"datetime": "2021-09-17 11:15:21", "elapsed": 1919.303046, "delta": 10.051825}}
{"target": -15.403358144509166, "params": {"eta": 0.1, "max_depth": 2.8291915264543817, "n_estimators": 4.173543786372907}, "datetime": {"datetime": "2021-09-17 11:15:28", "elapsed": 1925.503118, "delta": 6.200072}}
{"target": -3.8549114854712236, "params": {"eta": 1.0, "max_depth": 2.6289654560282303, "n_estimators": 3.1711128390127565}, "datetime": {"datetime": "2021-09-17 11:15:35", "elapsed": 1933.074351, "delta": 7.571233}}
{"target": -4.574551111773441, "params": {"eta": 0.9736987214986171, "max_depth": 1.9064013328926022, "n_estimators": 2.5868299595532345}, "datetime": {"datetime": "2021-09-17 11:15:41", "elapsed": 1939.205351, "delta": 6.131}}
{"target": -4.527537759981658, "params": {"eta": 0.14113686654361687, "max_depth": 2.6510933316845575, "n_estimators": 13.805947087609603}, "datetime": {"datetime": "2021-09-17 11:15:55", "elapsed": 1953.358482, "delta": 14.153131}}
{"target": -3.1906183267894543, "params": {"eta": 1.0, "max_depth": 5.4136471000152895, "n_estimators": 16.09645206041035}, "datetime": {"datetime": "2021-09-17 11:16:02", "elapsed": 1959.95083, "delta": 6.592348}}
{"target": -2.987039542825598, "params": {"eta": 0.5474984536046965, "max_depth": 2.6561988789465416, "n_estimators": 12.79780719580228}, "datetime": {"datetime": "2021-09-17 11:16:11", "elapsed": 1969.020532, "delta": 9.069702}}
{"target": -3.0968370180380975, "params": {"eta": 1.0, "max_depth": 5.300742960357428, "n_estimators": 6.358063560995615}, "datetime": {"datetime": "2021-09-17 11:16:17", "elapsed": 1975.363034, "delta": 6.342502}}
{"target": -8.606484098810897, "params": {"eta": 0.1, "max_depth": 4.827301698625685, "n_estimators": 10.575310746940357}, "datetime": {"datetime": "2021-09-17 11:16:29", "elapsed": 1987.254012, "delta": 11.890978}}
