{"target": -1.415286739029196, "params": {"eta": 0.4228517846555483, "max_depth": 7.482920440979423, "n_estimators": 1.001029373356104}, "datetime": {"datetime": "2021-09-17 15:46:51", "elapsed": 0.0, "delta": 0.0}}
{"target": -2.228237655385987, "params": {"eta": 0.30930924690552136, "max_depth": 2.3208030173540175, "n_estimators": 1.8310473529191802}, "datetime": {"datetime": "2021-09-17 15:46:51", "elapsed": 0.024997, "delta": 0.024997}}
{"target": -0.359702337829249, "params": {"eta": 0.1943976092638942, "max_depth": 4.11004654338743, "n_estimators": 4.570907268076029}, "datetime": {"datetime": "2021-09-17 15:46:51", "elapsed": 0.055, "delta": 0.030003}}
{"target": 0.8093012513495245, "params": {"eta": 0.5434285666633234, "max_depth": 4.772750629629654, "n_estimators": 7.166975503570836}, "datetime": {"datetime": "2021-09-17 15:46:51", "elapsed": 0.089001, "delta": 0.034001}}
{"target": -3.0029783003322246, "params": {"eta": 0.21240772723420226, "max_depth": 8.90305692751851, "n_estimators": 1.2464883387813355}, "datetime": {"datetime": "2021-09-17 15:46:51", "elapsed": 0.107996, "delta": 0.018995}}
{"target": 0.7779355680771014, "params": {"eta": 0.6737628350766182, "max_depth": 4.755743221304143, "n_estimators": 6.028208456011765}, "datetime": {"datetime": "2021-09-17 15:46:51", "elapsed": 0.142997, "delta": 0.035001}}
{"target": 0.21554481867414743, "params": {"eta": 0.14898306920928145, "max_depth": 2.782913401763909, "n_estimators": 8.206701118079831}, "datetime": {"datetime": "2021-09-17 15:46:51", "elapsed": 0.176999, "delta": 0.034002}}
{"target": 0.8014772363599529, "params": {"eta": 0.9685789599622036, "max_depth": 3.8208176034331855, "n_estimators": 7.230903541023826}, "datetime": {"datetime": "2021-09-17 15:46:51", "elapsed": 0.209998, "delta": 0.032999}}
{"target": 0.7589153849289856, "params": {"eta": 1.0, "max_depth": 8.394548759981477, "n_estimators": 10.0}, "datetime": {"datetime": "2021-09-17 15:46:52", "elapsed": 0.592999, "delta": 0.383001}}
{"target": 0.7388542172490171, "params": {"eta": 1.0, "max_depth": 10.0, "n_estimators": 7.5117037674702445}, "datetime": {"datetime": "2021-09-17 15:46:52", "elapsed": 0.947997, "delta": 0.354998}}
{"target": 0.7572151586168977, "params": {"eta": 1.0, "max_depth": 7.454137006322252, "n_estimators": 7.083794958873287}, "datetime": {"datetime": "2021-09-17 15:46:53", "elapsed": 1.299003, "delta": 0.351006}}
{"target": 0.7947878224637659, "params": {"eta": 1.0, "max_depth": 5.16477214718756, "n_estimators": 10.0}, "datetime": {"datetime": "2021-09-17 15:46:53", "elapsed": 1.707, "delta": 0.407997}}
{"target": -4.0541145165847405, "params": {"eta": 0.01, "max_depth": 10.0, "n_estimators": 10.0}, "datetime": {"datetime": "2021-09-17 15:46:53", "elapsed": 2.154229, "delta": 0.447229}}
{"target": 0.7341123056212094, "params": {"eta": 1.0, "max_depth": 6.912005200555131, "n_estimators": 9.100506551761034}, "datetime": {"datetime": "2021-09-17 15:46:54", "elapsed": 2.740978, "delta": 0.586749}}
{"target": 0.742262674698396, "params": {"eta": 1.0, "max_depth": 9.37920462042873, "n_estimators": 5.652477411350355}, "datetime": {"datetime": "2021-09-17 15:46:54", "elapsed": 3.139977, "delta": 0.398999}}
{"target": -4.539225082713517, "params": {"eta": 0.01, "max_depth": 7.028004079022273, "n_estimators": 5.213982438937073}, "datetime": {"datetime": "2021-09-17 15:46:55", "elapsed": 3.57998, "delta": 0.440003}}
{"target": 0.7582765895449579, "params": {"eta": 1.0, "max_depth": 8.386182699897109, "n_estimators": 8.17494967049102}, "datetime": {"datetime": "2021-09-17 15:46:55", "elapsed": 4.025978, "delta": 0.445998}}
{"target": 0.7846370741753156, "params": {"eta": 1.0, "max_depth": 3.1531452576581356, "n_estimators": 10.0}, "datetime": {"datetime": "2021-09-17 15:46:56", "elapsed": 4.405978, "delta": 0.38}}
{"target": 0.7119100761012043, "params": {"eta": 1.0, "max_depth": 1.0, "n_estimators": 10.0}, "datetime": {"datetime": "2021-09-17 15:46:56", "elapsed": 4.843977, "delta": 0.437999}}
{"target": 0.683330437699961, "params": {"eta": 1.0, "max_depth": 1.0, "n_estimators": 6.5519504325033315}, "datetime": {"datetime": "2021-09-17 15:46:56", "elapsed": 5.140033, "delta": 0.296056}}
{"target": -4.54837803754386, "params": {"eta": 0.01, "max_depth": 2.516189539412841, "n_estimators": 5.962600165197661}, "datetime": {"datetime": "2021-09-17 15:46:57", "elapsed": 5.515039, "delta": 0.375006}}
{"target": 0.7806514688399577, "params": {"eta": 1.0, "max_depth": 4.267407720869502, "n_estimators": 8.717982684247193}, "datetime": {"datetime": "2021-09-17 15:46:57", "elapsed": 6.02845, "delta": 0.513411}}
{"target": 0.7172211498993863, "params": {"eta": 0.9571669806725023, "max_depth": 1.1551559934202702, "n_estimators": 8.08166508490522}, "datetime": {"datetime": "2021-09-17 15:46:58", "elapsed": 6.424433, "delta": 0.395983}}
{"target": -1.3447874288361992, "params": {"eta": 0.06420136765452564, "max_depth": 5.913404198417612, "n_estimators": 8.530529811173656}, "datetime": {"datetime": "2021-09-17 15:46:58", "elapsed": 6.830437, "delta": 0.406004}}
{"target": -4.438288178974261, "params": {"eta": 0.01, "max_depth": 10.0, "n_estimators": 6.448649629852982}, "datetime": {"datetime": "2021-09-17 15:46:58", "elapsed": 7.125438, "delta": 0.295001}}
{"target": 0.7662601423143494, "params": {"eta": 0.98949167265704, "max_depth": 3.9248598629931517, "n_estimators": 7.2934759924827635}, "datetime": {"datetime": "2021-09-17 15:46:59", "elapsed": 7.271439, "delta": 0.146001}}
{"target": 0.6879896624704895, "params": {"eta": 0.9618593866484857, "max_depth": 1.9811113896849917, "n_estimators": 9.156632018767677}, "datetime": {"datetime": "2021-09-17 15:46:59", "elapsed": 7.71742, "delta": 0.445981}}
{"target": -0.2851750630223384, "params": {"eta": 0.09469087079144034, "max_depth": 4.056119251105341, "n_estimators": 9.779976875087918}, "datetime": {"datetime": "2021-09-17 15:46:59", "elapsed": 8.093418, "delta": 0.375998}}
{"target": -3.1647445571698, "params": {"eta": 0.02488823910711399, "max_depth": 1.0908728970442103, "n_estimators": 9.171552213319133}, "datetime": {"datetime": "2021-09-17 15:47:00", "elapsed": 8.510418, "delta": 0.417}}
{"target": 0.7799277177055814, "params": {"eta": 1.0, "max_depth": 3.13626475188254, "n_estimators": 8.888471607835863}, "datetime": {"datetime": "2021-09-17 15:47:00", "elapsed": 8.942418, "delta": 0.432}}
{"target": 0.8210384246356246, "params": {"eta": 0.387327371192694, "max_depth": 7.935443404990602, "n_estimators": 9.10315748518061}, "datetime": {"datetime": "2021-09-17 15:47:01", "elapsed": 9.346418, "delta": 0.404}}
{"target": 0.8160608348178151, "params": {"eta": 0.5659292200138509, "max_depth": 7.232109168406436, "n_estimators": 9.994764465731889}, "datetime": {"datetime": "2021-09-17 15:47:01", "elapsed": 9.714419, "delta": 0.368001}}
{"target": 0.7454291117837446, "params": {"eta": 1.0, "max_depth": 9.58373198811846, "n_estimators": 4.371058208242035}, "datetime": {"datetime": "2021-09-17 15:47:01", "elapsed": 10.114724, "delta": 0.400305}}
{"target": 0.7942577392161377, "params": {"eta": 0.9943823062409326, "max_depth": 5.981987417010741, "n_estimators": 7.077704802291486}, "datetime": {"datetime": "2021-09-17 15:47:02", "elapsed": 10.578722, "delta": 0.463998}}
{"target": 0.6329085524532094, "params": {"eta": 1.0, "max_depth": 5.0609186349762805, "n_estimators": 1.0}, "datetime": {"datetime": "2021-09-17 15:47:02", "elapsed": 10.979722, "delta": 0.401}}
{"target": 0.7500827879786587, "params": {"eta": 1.0, "max_depth": 5.167263394609284, "n_estimators": 2.4841660835394}, "datetime": {"datetime": "2021-09-17 15:47:03", "elapsed": 11.358724, "delta": 0.379002}}
{"target": -4.846639496632115, "params": {"eta": 0.02011297163148489, "max_depth": 5.5387682848704936, "n_estimators": 1.7951063522292976}, "datetime": {"datetime": "2021-09-17 15:47:03", "elapsed": 11.859724, "delta": 0.501}}
{"target": 0.7571278127596985, "params": {"eta": 1.0, "max_depth": 7.288101416215071, "n_estimators": 8.090259894186136}, "datetime": {"datetime": "2021-09-17 15:47:04", "elapsed": 12.467115, "delta": 0.607391}}
{"target": 0.7683362113140478, "params": {"eta": 1.0, "max_depth": 4.360162185135308, "n_estimators": 3.2065880559419653}, "datetime": {"datetime": "2021-09-17 15:47:04", "elapsed": 13.050092, "delta": 0.582977}}
{"target": 0.7341003453320659, "params": {"eta": 1.0, "max_depth": 2.21342100589065, "n_estimators": 7.7320062990370575}, "datetime": {"datetime": "2021-09-17 15:47:05", "elapsed": 13.45209, "delta": 0.401998}}
{"target": 0.6329085524532094, "params": {"eta": 1.0, "max_depth": 4.102421924051958, "n_estimators": 1.9000735659167853}, "datetime": {"datetime": "2021-09-17 15:47:05", "elapsed": 13.94769, "delta": 0.4956}}
{"target": -1.613958628994899, "params": {"eta": 0.14586714059062986, "max_depth": 9.978113958054237, "n_estimators": 3.5988410842113088}, "datetime": {"datetime": "2021-09-17 15:47:06", "elapsed": 14.272691, "delta": 0.325001}}
{"target": -4.339277197157583, "params": {"eta": 0.01, "max_depth": 7.860921188626102, "n_estimators": 7.753968479010329}, "datetime": {"datetime": "2021-09-17 15:47:06", "elapsed": 14.693691, "delta": 0.421}}
{"target": 0.7422500938967571, "params": {"eta": 1.0, "max_depth": 9.431108583584562, "n_estimators": 8.43527467363739}, "datetime": {"datetime": "2021-09-17 15:47:06", "elapsed": 15.261691, "delta": 0.568}}
{"target": 0.7649090388878759, "params": {"eta": 1.0, "max_depth": 5.408857562796948, "n_estimators": 3.6872853511650376}, "datetime": {"datetime": "2021-09-17 15:47:07", "elapsed": 15.659692, "delta": 0.398001}}
{"target": 0.7567831536963845, "params": {"eta": 1.0, "max_depth": 8.688732890413247, "n_estimators": 4.859945983444357}, "datetime": {"datetime": "2021-09-17 15:47:07", "elapsed": 16.00924, "delta": 0.349548}}
{"target": 0.6685074400449509, "params": {"eta": 1.0, "max_depth": 1.0, "n_estimators": 3.967795948101418}, "datetime": {"datetime": "2021-09-17 15:47:08", "elapsed": 16.44424, "delta": 0.435}}
{"target": -4.7584086522985425, "params": {"eta": 0.01, "max_depth": 1.0, "n_estimators": 3.3905317753630713}, "datetime": {"datetime": "2021-09-17 15:47:08", "elapsed": 16.979239, "delta": 0.534999}}
{"target": -4.338465958257554, "params": {"eta": 0.01, "max_depth": 4.051640026777344, "n_estimators": 7.989773992053341}, "datetime": {"datetime": "2021-09-17 15:47:09", "elapsed": 17.640406, "delta": 0.661167}}
{"target": 0.7590694510178495, "params": {"eta": 1.0, "max_depth": 8.536301052542644, "n_estimators": 9.062705981842836}, "datetime": {"datetime": "2021-09-17 15:47:10", "elapsed": 18.306112, "delta": 0.665706}}
{"target": 0.75960645604437, "params": {"eta": 1.0, "max_depth": 7.701453405499866, "n_estimators": 9.450758603913645}, "datetime": {"datetime": "2021-09-17 15:47:10", "elapsed": 18.817091, "delta": 0.510979}}
{"target": 0.8009749043562968, "params": {"eta": 1.0, "max_depth": 5.176389253532046, "n_estimators": 6.666077082723883}, "datetime": {"datetime": "2021-09-17 15:47:11", "elapsed": 19.363095, "delta": 0.546004}}
{"target": 0.6992594803952312, "params": {"eta": 1.0, "max_depth": 1.0, "n_estimators": 5.050245538356207}, "datetime": {"datetime": "2021-09-17 15:47:11", "elapsed": 19.775096, "delta": 0.412001}}
{"target": 0.42704776625105667, "params": {"eta": 0.14925310966318742, "max_depth": 6.022734492341369, "n_estimators": 9.975596291738999}, "datetime": {"datetime": "2021-09-17 15:47:11", "elapsed": 20.207357, "delta": 0.432261}}
{"target": 0.7892660769169526, "params": {"eta": 1.0, "max_depth": 5.089681961107257, "n_estimators": 4.882272028285652}, "datetime": {"datetime": "2021-09-17 15:47:12", "elapsed": 20.599356, "delta": 0.391999}}
{"target": 0.6433649151003584, "params": {"eta": 1.0, "max_depth": 3.880261919481864, "n_estimators": 1.0}, "datetime": {"datetime": "2021-09-17 15:47:12", "elapsed": 21.050356, "delta": 0.451}}
{"target": 0.7577490929942254, "params": {"eta": 1.0, "max_depth": 8.375733451857407, "n_estimators": 3.5411103082389386}, "datetime": {"datetime": "2021-09-17 15:47:13", "elapsed": 21.469359, "delta": 0.419003}}
{"target": 0.7511540537978727, "params": {"eta": 1.0, "max_depth": 7.072647681803243, "n_estimators": 3.1825453250586935}, "datetime": {"datetime": "2021-09-17 15:47:13", "elapsed": 21.827358, "delta": 0.357999}}
{"target": 0.7733206116833531, "params": {"eta": 1.0, "max_depth": 2.1308507463426016, "n_estimators": 10.0}, "datetime": {"datetime": "2021-09-17 15:47:14", "elapsed": 22.326359, "delta": 0.499001}}
{"target": 0.7164257850260478, "params": {"eta": 1.0, "max_depth": 3.03554182750565, "n_estimators": 3.74436976592268}, "datetime": {"datetime": "2021-09-17 15:47:14", "elapsed": 22.809111, "delta": 0.482752}}
{"target": 0.6934965317814836, "params": {"eta": 0.996106697512936, "max_depth": 2.02810861230854, "n_estimators": 4.434864274091131}, "datetime": {"datetime": "2021-09-17 15:47:15", "elapsed": 23.284111, "delta": 0.475}}
{"target": -4.0541145165847405, "params": {"eta": 0.01, "max_depth": 8.031678062370114, "n_estimators": 10.0}, "datetime": {"datetime": "2021-09-17 15:47:15", "elapsed": 23.64911, "delta": 0.364999}}
{"target": 0.766886924258545, "params": {"eta": 0.9791237935432623, "max_depth": 6.473129518521666, "n_estimators": 9.928590427256175}, "datetime": {"datetime": "2021-09-17 15:47:16", "elapsed": 24.497112, "delta": 0.848002}}
{"target": -2.173113661721284, "params": {"eta": 0.05799553734468029, "max_depth": 5.523744813116587, "n_estimators": 6.47162108289549}, "datetime": {"datetime": "2021-09-17 15:47:16", "elapsed": 25.024109, "delta": 0.526997}}
{"target": 0.7727210382037252, "params": {"eta": 1.0, "max_depth": 4.217107225284151, "n_estimators": 6.520967470547571}, "datetime": {"datetime": "2021-09-17 15:47:17", "elapsed": 25.545177, "delta": 0.521068}}
{"target": 0.7949167839301217, "params": {"eta": 0.990538503854988, "max_depth": 5.197442272803172, "n_estimators": 7.82039338204324}, "datetime": {"datetime": "2021-09-17 15:47:17", "elapsed": 26.118176, "delta": 0.572999}}
{"target": 0.7949894098636706, "params": {"eta": 1.0, "max_depth": 5.229364815831014, "n_estimators": 9.059115764699632}, "datetime": {"datetime": "2021-09-17 15:47:18", "elapsed": 26.699177, "delta": 0.581001}}
{"target": -0.1278928344293171, "params": {"eta": 0.154129987446771, "max_depth": 1.0, "n_estimators": 7.279742279225222}, "datetime": {"datetime": "2021-09-17 15:47:19", "elapsed": 27.308176, "delta": 0.608999}}
{"target": -4.481893873265379, "params": {"eta": 0.018560458846732915, "max_depth": 7.681388727194072, "n_estimators": 3.1690761821074203}, "datetime": {"datetime": "2021-09-17 15:47:19", "elapsed": 27.82292, "delta": 0.514744}}
{"target": 0.7472850061016996, "params": {"eta": 1.0, "max_depth": 6.158048605460793, "n_estimators": 3.0620346837586148}, "datetime": {"datetime": "2021-09-17 15:47:20", "elapsed": 28.307893, "delta": 0.484973}}
{"target": 0.7667730451273227, "params": {"eta": 0.9884474677709674, "max_depth": 8.353087134061454, "n_estimators": 6.1873052584496815}, "datetime": {"datetime": "2021-09-17 15:47:20", "elapsed": 28.790893, "delta": 0.483}}
{"target": -4.575693123719905, "params": {"eta": 0.023338801135557523, "max_depth": 3.5670091962039887, "n_estimators": 2.970879979209112}, "datetime": {"datetime": "2021-09-17 15:47:21", "elapsed": 29.346893, "delta": 0.556}}
{"target": 0.7695119482990421, "params": {"eta": 1.0, "max_depth": 4.04743846282573, "n_estimators": 5.211387678937973}, "datetime": {"datetime": "2021-09-17 15:47:21", "elapsed": 30.025462, "delta": 0.678569}}
{"target": 0.4522557239459628, "params": {"eta": 1.0, "max_depth": 1.0, "n_estimators": 1.0}, "datetime": {"datetime": "2021-09-17 15:47:22", "elapsed": 30.773461, "delta": 0.747999}}
{"target": 0.28665030179883355, "params": {"eta": 0.13958036471214486, "max_depth": 2.760395947068259, "n_estimators": 9.905745427278053}, "datetime": {"datetime": "2021-09-17 15:47:23", "elapsed": 31.601462, "delta": 0.828001}}
{"target": 0.7768820465650499, "params": {"eta": 0.9693331720318424, "max_depth": 4.190554147408357, "n_estimators": 4.1529583968476995}, "datetime": {"datetime": "2021-09-17 15:47:24", "elapsed": 32.292151, "delta": 0.690689}}
{"target": 0.7633188163952546, "params": {"eta": 0.9711008286132802, "max_depth": 4.135160707721809, "n_estimators": 9.969432438029834}, "datetime": {"datetime": "2021-09-17 15:47:24", "elapsed": 32.898836, "delta": 0.606685}}
{"target": 0.7606110497870101, "params": {"eta": 1.0, "max_depth": 8.964085400402315, "n_estimators": 7.1930908050267055}, "datetime": {"datetime": "2021-09-17 15:47:25", "elapsed": 33.634833, "delta": 0.735997}}
{"target": 0.735856892108592, "params": {"eta": 1.0, "max_depth": 6.322156186644537, "n_estimators": 7.965752452844571}, "datetime": {"datetime": "2021-09-17 15:47:25", "elapsed": 34.265605, "delta": 0.630772}}
{"target": 0.7438374957288227, "params": {"eta": 0.9832033886087959, "max_depth": 9.969552811623862, "n_estimators": 2.239551964682989}, "datetime": {"datetime": "2021-09-17 15:47:26", "elapsed": 34.946606, "delta": 0.681001}}
{"target": 0.7558756763853692, "params": {"eta": 0.995856921692018, "max_depth": 9.37634791491873, "n_estimators": 3.1079281842241637}, "datetime": {"datetime": "2021-09-17 15:47:27", "elapsed": 35.948664, "delta": 1.002058}}
{"target": 0.6987741064871507, "params": {"eta": 1.0, "max_depth": 3.1338289368083396, "n_estimators": 4.615050205653714}, "datetime": {"datetime": "2021-09-17 15:47:28", "elapsed": 36.6884, "delta": 0.739736}}
{"target": -4.450883465385101, "params": {"eta": 0.06251038831584117, "max_depth": 1.0497621217682973, "n_estimators": 1.0222946316962847}, "datetime": {"datetime": "2021-09-17 15:47:29", "elapsed": 37.267402, "delta": 0.579002}}
{"target": 0.6329085524532094, "params": {"eta": 1.0, "max_depth": 10.0, "n_estimators": 1.0}, "datetime": {"datetime": "2021-09-17 15:47:29", "elapsed": 37.799093, "delta": 0.531691}}
{"target": 0.7472850061016996, "params": {"eta": 1.0, "max_depth": 6.488850191722944, "n_estimators": 3.988845703748156}, "datetime": {"datetime": "2021-09-17 15:47:30", "elapsed": 38.316838, "delta": 0.517745}}
{"target": 0.7401719303231153, "params": {"eta": 1.0, "max_depth": 6.827832768228687, "n_estimators": 6.44595576232481}, "datetime": {"datetime": "2021-09-17 15:47:30", "elapsed": 38.94582, "delta": 0.628982}}
{"target": 0.6463688258184356, "params": {"eta": 1.0, "max_depth": 2.678882310832994, "n_estimators": 1.0}, "datetime": {"datetime": "2021-09-17 15:47:31", "elapsed": 39.515812, "delta": 0.569992}}
{"target": 0.7807179480353723, "params": {"eta": 0.9857995632163934, "max_depth": 9.966271974352015, "n_estimators": 5.043182837053624}, "datetime": {"datetime": "2021-09-17 15:47:31", "elapsed": 40.235776, "delta": 0.719964}}
{"target": 0.7807907221339332, "params": {"eta": 0.9776504028832476, "max_depth": 3.1057834883732087, "n_estimators": 8.014676397709941}, "datetime": {"datetime": "2021-09-17 15:47:32", "elapsed": 40.810776, "delta": 0.575}}
{"target": 0.7300825520268106, "params": {"eta": 1.0, "max_depth": 2.3621013823586696, "n_estimators": 8.467979699265754}, "datetime": {"datetime": "2021-09-17 15:47:33", "elapsed": 41.36578, "delta": 0.555004}}
{"target": 0.7613861859593845, "params": {"eta": 1.0, "max_depth": 7.6662050966991355, "n_estimators": 4.199577955176321}, "datetime": {"datetime": "2021-09-17 15:47:33", "elapsed": 42.056146, "delta": 0.690366}}
{"target": 0.6807015196445243, "params": {"eta": 0.9700527784265957, "max_depth": 1.0248858843744757, "n_estimators": 7.338957238325467}, "datetime": {"datetime": "2021-09-17 15:47:34", "elapsed": 42.612873, "delta": 0.556727}}
{"target": 0.6904865733694427, "params": {"eta": 1.0, "max_depth": 2.068768200477152, "n_estimators": 3.481221391987018}, "datetime": {"datetime": "2021-09-17 15:47:34", "elapsed": 43.237872, "delta": 0.624999}}
{"target": 0.6329085524532094, "params": {"eta": 1.0, "max_depth": 6.3398369747332906, "n_estimators": 1.0}, "datetime": {"datetime": "2021-09-17 15:47:35", "elapsed": 43.774873, "delta": 0.537001}}
{"target": 0.7398587288666492, "params": {"eta": 1.0, "max_depth": 6.849645069603247, "n_estimators": 2.040142066626635}, "datetime": {"datetime": "2021-09-17 15:47:36", "elapsed": 44.426164, "delta": 0.651291}}
{"target": 0.795154306507933, "params": {"eta": 1.0, "max_depth": 5.756912611889062, "n_estimators": 5.586493354810355}, "datetime": {"datetime": "2021-09-17 15:47:36", "elapsed": 45.093229, "delta": 0.667065}}
{"target": 0.7408014537241433, "params": {"eta": 0.9963129640609034, "max_depth": 8.799971842029198, "n_estimators": 2.3668045675262483}, "datetime": {"datetime": "2021-09-17 15:47:37", "elapsed": 45.653229, "delta": 0.56}}
{"target": 0.6515409981958605, "params": {"eta": 0.19655753039581805, "max_depth": 6.958043801034959, "n_estimators": 9.192836454250418}, "datetime": {"datetime": "2021-09-17 15:47:37", "elapsed": 46.216928, "delta": 0.563699}}
{"target": -4.953948948284663, "params": {"eta": 0.01, "max_depth": 3.5151156208457106, "n_estimators": 1.0}, "datetime": {"datetime": "2021-09-17 15:47:38", "elapsed": 46.802919, "delta": 0.585991}}
{"target": 0.6900136582491602, "params": {"eta": 0.9937851765021664, "max_depth": 2.8445286062401163, "n_estimators": 2.400845257915446}, "datetime": {"datetime": "2021-09-17 15:47:39", "elapsed": 47.34361, "delta": 0.540691}}
{"target": 0.4522557239459628, "params": {"eta": 1.0, "max_depth": 1.7167816751637466, "n_estimators": 1.9967119659558752}, "datetime": {"datetime": "2021-09-17 15:47:39", "elapsed": 47.898611, "delta": 0.555001}}
{"target": 0.7532477652865055, "params": {"eta": 1.0, "max_depth": 7.759476851655318, "n_estimators": 5.469794644830507}, "datetime": {"datetime": "2021-09-17 15:47:40", "elapsed": 48.453288, "delta": 0.554677}}
