{"target": -2.527585173908033, "params": {"eta": 0.06168210812687464, "max_depth": 25.42776540246302, "n_estimators": 54.77037162137188}, "datetime": {"datetime": "2021-09-21 13:38:16", "elapsed": 758.552799, "delta": 8.10564}}
{"target": -2.315336039191798, "params": {"eta": 0.33636909131380177, "max_depth": 4.122435675050272, "n_estimators": 41.641747125951966}, "datetime": {"datetime": "2021-09-21 13:38:18", "elapsed": 760.729328, "delta": 2.176529}}
{"target": -7.618364271992131, "params": {"eta": 0.032533237995326786, "max_depth": 17.820754670212786, "n_estimators": 36.198855016118706}, "datetime": {"datetime": "2021-09-21 13:38:23", "elapsed": 765.161296, "delta": 4.431968}}
{"target": -3.0948574266935656, "params": {"eta": 0.646574909112377, "max_depth": 13.344584384652912, "n_estimators": 45.03471086708313}, "datetime": {"datetime": "2021-09-21 13:38:27", "elapsed": 769.853127, "delta": 4.691831}}
{"target": -7.338949901492972, "params": {"eta": 0.7347788016304687, "max_depth": 10.8528091399605, "n_estimators": 1.4144530401324213}, "datetime": {"datetime": "2021-09-21 13:38:29", "elapsed": 771.943903, "delta": 2.090776}}
{"target": -17.592059438479577, "params": {"eta": 0.01, "max_depth": 24.55267717058648, "n_estimators": 28.82331236875022}, "datetime": {"datetime": "2021-09-21 13:38:33", "elapsed": 775.60687, "delta": 3.662967}}
{"target": -2.6230662258047808, "params": {"eta": 0.48203998505712303, "max_depth": 17.9054878052866, "n_estimators": 12.369013497245083}, "datetime": {"datetime": "2021-09-21 13:38:36", "elapsed": 777.973418, "delta": 2.366548}}
{"target": -3.5467962023458988, "params": {"eta": 0.8489283518383856, "max_depth": 25.636393554212802, "n_estimators": 29.142300828411432}, "datetime": {"datetime": "2021-09-21 13:38:41", "elapsed": 783.615766, "delta": 5.642348}}
{"target": -2.2934660510012974, "params": {"eta": 0.13241023371779329, "max_depth": 10.961997765130874, "n_estimators": 41.42470346764926}, "datetime": {"datetime": "2021-09-21 13:38:47", "elapsed": 789.54651, "delta": 5.930744}}
{"target": -2.545599327589336, "params": {"eta": 0.4620947549726619, "max_depth": 24.998954847350685, "n_estimators": 29.87103716143287}, "datetime": {"datetime": "2021-09-21 13:38:52", "elapsed": 794.604866, "delta": 5.058356}}
{"target": -2.3202205651684813, "params": {"eta": 0.16290333924491876, "max_depth": 26.510852411893282, "n_estimators": 54.65196173629725}, "datetime": {"datetime": "2021-09-21 13:38:58", "elapsed": 800.206114, "delta": 5.601248}}
{"target": -3.2961345239689477, "params": {"eta": 0.7494224070379691, "max_depth": 23.60240896290961, "n_estimators": 18.19250773219668}, "datetime": {"datetime": "2021-09-21 13:39:04", "elapsed": 806.409042, "delta": 6.202928}}
{"target": -3.7375106193517382, "params": {"eta": 0.9973813069274164, "max_depth": 14.357614466309848, "n_estimators": 34.67716837402458}, "datetime": {"datetime": "2021-09-21 13:39:08", "elapsed": 810.40415, "delta": 3.995108}}
{"target": -7.164226996271234, "params": {"eta": 0.03353927096484349, "max_depth": 21.015669290724382, "n_estimators": 37.606074692415106}, "datetime": {"datetime": "2021-09-21 13:39:14", "elapsed": 816.871554, "delta": 6.467404}}
{"target": -3.325132179260254, "params": {"eta": 0.8853321144516559, "max_depth": 21.614077965226183, "n_estimators": 6.67527094777143}, "datetime": {"datetime": "2021-09-21 13:39:17", "elapsed": 819.096582, "delta": 2.225028}}
{"target": -2.510769647673557, "params": {"eta": 0.42794046609923586, "max_depth": 25.89315113920182, "n_estimators": 54.489052879100164}, "datetime": {"datetime": "2021-09-21 13:39:22", "elapsed": 824.076453, "delta": 4.979871}}
{"target": -3.5747381398552345, "params": {"eta": 0.839164941778764, "max_depth": 17.572151936465257, "n_estimators": 41.46131642922585}, "datetime": {"datetime": "2021-09-21 13:39:26", "elapsed": 828.015609, "delta": 3.939156}}
{"target": -2.3593647398446738, "params": {"eta": 0.1286065527465096, "max_depth": 12.323668365770134, "n_estimators": 32.28699090558256}, "datetime": {"datetime": "2021-09-21 13:39:29", "elapsed": 831.51265, "delta": 3.497041}}
{"target": -3.1865344430270945, "params": {"eta": 0.7576757965431569, "max_depth": 15.181565664194318, "n_estimators": 16.2229677245713}, "datetime": {"datetime": "2021-09-21 13:39:32", "elapsed": 834.376594, "delta": 2.863944}}
{"target": -3.003896831211291, "params": {"eta": 0.9233111008573531, "max_depth": 2.371739830693117, "n_estimators": 49.218551353750186}, "datetime": {"datetime": "2021-09-21 13:39:35", "elapsed": 837.34709, "delta": 2.970496}}
{"target": -3.7825462758541106, "params": {"eta": 0.9364792418850992, "max_depth": 26.72323927600242, "n_estimators": 12.670139535942956}, "datetime": {"datetime": "2021-09-21 13:39:38", "elapsed": 840.284198, "delta": 2.937108}}
{"target": -2.3678829168018543, "params": {"eta": 0.11536903776892413, "max_depth": 12.999925797605727, "n_estimators": 32.46175445715223}, "datetime": {"datetime": "2021-09-21 13:39:42", "elapsed": 844.928218, "delta": 4.64402}}
{"target": -15.979398248540729, "params": {"eta": 0.01, "max_depth": 13.414541656688888, "n_estimators": 38.5027110019179}, "datetime": {"datetime": "2021-09-21 13:39:47", "elapsed": 849.321044, "delta": 4.392826}}
{"target": -2.617692506940741, "params": {"eta": 0.12422689399752147, "max_depth": 3.8774678692534343, "n_estimators": 45.51385620231097}, "datetime": {"datetime": "2021-09-21 13:39:50", "elapsed": 852.278367, "delta": 2.957323}}
{"target": -6.9347144898615385, "params": {"eta": 0.03464845211260822, "max_depth": 14.35798406151079, "n_estimators": 37.5089576896032}, "datetime": {"datetime": "2021-09-21 13:39:55", "elapsed": 857.273128, "delta": 4.994761}}
{"target": -3.6742501183560017, "params": {"eta": 0.9999143313755736, "max_depth": 24.94418359860769, "n_estimators": 29.47194492475381}, "datetime": {"datetime": "2021-09-21 13:40:03", "elapsed": 865.2118, "delta": 7.938672}}
{"target": -3.770983088251791, "params": {"eta": 0.9376428036564229, "max_depth": 14.425051826440887, "n_estimators": 38.0173142091931}, "datetime": {"datetime": "2021-09-21 13:40:08", "elapsed": 870.874559, "delta": 5.662759}}
{"target": -2.8712797679399187, "params": {"eta": 0.7001098731950074, "max_depth": 4.075104113390541, "n_estimators": 52.8627300482192}, "datetime": {"datetime": "2021-09-21 13:40:11", "elapsed": 873.460519, "delta": 2.58596}}
{"target": -3.6752868947229884, "params": {"eta": 0.9979159508404963, "max_depth": 21.335880075500338, "n_estimators": 38.34340624238686}, "datetime": {"datetime": "2021-09-21 13:40:16", "elapsed": 878.920317, "delta": 5.459798}}
{"target": -2.807072513354452, "params": {"eta": 0.06215633299787547, "max_depth": 16.202719759702266, "n_estimators": 43.75647331233551}, "datetime": {"datetime": "2021-09-21 13:40:20", "elapsed": 882.403445, "delta": 3.483128}}
{"target": -2.5769909902622827, "params": {"eta": 0.32211382492958074, "max_depth": 2.602421292745774, "n_estimators": 58.793514990992215}, "datetime": {"datetime": "2021-09-21 13:40:23", "elapsed": 885.586482, "delta": 3.183037}}
{"target": -3.0607377221709804, "params": {"eta": 0.7062273507160788, "max_depth": 12.39436356614108, "n_estimators": 32.826520325522246}, "datetime": {"datetime": "2021-09-21 13:40:28", "elapsed": 890.524805, "delta": 4.938323}}
{"target": -2.2767722958012633, "params": {"eta": 0.13625635733535263, "max_depth": 28.24155695727556, "n_estimators": 57.237227164724764}, "datetime": {"datetime": "2021-09-21 13:40:39", "elapsed": 901.437285, "delta": 10.91248}}
{"target": -3.3282693800173306, "params": {"eta": 0.8800952131836467, "max_depth": 26.484216712086038, "n_estimators": 54.55699253624022}, "datetime": {"datetime": "2021-09-21 13:40:45", "elapsed": 906.955182, "delta": 5.517897}}
{"target": -3.520426474746905, "params": {"eta": 0.9086126370290767, "max_depth": 22.364841766447007, "n_estimators": 35.70913074867082}, "datetime": {"datetime": "2021-09-21 13:40:52", "elapsed": 914.759995, "delta": 7.804813}}
{"target": -3.268061244487763, "params": {"eta": 0.896953308068451, "max_depth": 27.649384322395257, "n_estimators": 47.76246097312822}, "datetime": {"datetime": "2021-09-21 13:40:55", "elapsed": 917.837108, "delta": 3.077113}}
{"target": -2.480170948881852, "params": {"eta": 0.251156651934331, "max_depth": 12.751088899406549, "n_estimators": 31.731575611004043}, "datetime": {"datetime": "2021-09-21 13:41:01", "elapsed": 923.526404, "delta": 5.689296}}
{"target": -2.447188215506704, "params": {"eta": 0.18032772780850276, "max_depth": 11.338331755059095, "n_estimators": 42.074938991018136}, "datetime": {"datetime": "2021-09-21 13:41:07", "elapsed": 928.969703, "delta": 5.443299}}
{"target": -2.3345263230173208, "params": {"eta": 0.07531560195025314, "max_depth": 29.288939289458998, "n_estimators": 57.6379666552214}, "datetime": {"datetime": "2021-09-21 13:41:18", "elapsed": 940.931846, "delta": 11.962143}}
{"target": -2.374843150063565, "params": {"eta": 0.09950200460818284, "max_depth": 27.59890719462865, "n_estimators": 56.70310534033471}, "datetime": {"datetime": "2021-09-21 13:41:41", "elapsed": 963.442557, "delta": 22.510711}}
{"target": -2.511088578324569, "params": {"eta": 0.39560075613144924, "max_depth": 19.09455008790924, "n_estimators": 37.81578141165396}, "datetime": {"datetime": "2021-09-21 13:41:47", "elapsed": 969.880415, "delta": 6.437858}}
{"target": -3.746434500342921, "params": {"eta": 0.9568623907997346, "max_depth": 25.18131122020897, "n_estimators": 34.46300901532604}, "datetime": {"datetime": "2021-09-21 13:41:52", "elapsed": 974.666007, "delta": 4.785592}}
{"target": -2.5540255176393614, "params": {"eta": 0.46761914726298165, "max_depth": 22.78241461760197, "n_estimators": 26.966154155441174}, "datetime": {"datetime": "2021-09-21 13:42:01", "elapsed": 983.16604, "delta": 8.500033}}
{"target": -3.4512403419143274, "params": {"eta": 0.8495738326199107, "max_depth": 13.502967222904795, "n_estimators": 37.60218191197776}, "datetime": {"datetime": "2021-09-21 13:42:06", "elapsed": 988.652354, "delta": 5.486314}}
{"target": -3.2151467919349668, "params": {"eta": 0.7749452956181001, "max_depth": 12.188627473610001, "n_estimators": 31.917147193643604}, "datetime": {"datetime": "2021-09-21 13:42:11", "elapsed": 993.817636, "delta": 5.165282}}
{"target": -3.3311434281499763, "params": {"eta": 0.8589190718938807, "max_depth": 23.473770338846624, "n_estimators": 30.273636425607343}, "datetime": {"datetime": "2021-09-21 13:42:17", "elapsed": 999.748471, "delta": 5.930835}}
{"target": -3.5406452191503424, "params": {"eta": 0.9052833957122632, "max_depth": 19.163436673705874, "n_estimators": 31.554159535986543}, "datetime": {"datetime": "2021-09-21 13:42:21", "elapsed": 1003.485213, "delta": 3.736742}}
{"target": -3.5977459029147503, "params": {"eta": 0.9939253972012214, "max_depth": 14.436196692162456, "n_estimators": 38.837347596665026}, "datetime": {"datetime": "2021-09-21 13:42:26", "elapsed": 1008.180082, "delta": 4.694869}}
{"target": -3.1451166033744813, "params": {"eta": 0.6940881925992822, "max_depth": 17.952724818242434, "n_estimators": 36.65528068526129}, "datetime": {"datetime": "2021-09-21 13:42:31", "elapsed": 1013.817721, "delta": 5.637639}}
{"target": -14.940928302626862, "params": {"eta": 0.01, "max_depth": 19.570166971960525, "n_estimators": 45.190109096180244}, "datetime": {"datetime": "2021-09-21 13:42:36", "elapsed": 1018.026423, "delta": 4.208702}}
{"target": -2.4204372155038936, "params": {"eta": 0.27530516185073844, "max_depth": 20.68278504880346, "n_estimators": 44.792940508977615}, "datetime": {"datetime": "2021-09-21 13:42:44", "elapsed": 1026.271737, "delta": 8.245314}}
{"target": -2.657316232982435, "params": {"eta": 0.4751605293265275, "max_depth": 26.424784319328943, "n_estimators": 59.661915350627325}, "datetime": {"datetime": "2021-09-21 13:42:50", "elapsed": 1032.204821, "delta": 5.933084}}
{"target": -3.0243680891237763, "params": {"eta": 0.5850442295691987, "max_depth": 7.545071923019221, "n_estimators": 39.48964193376009}, "datetime": {"datetime": "2021-09-21 13:42:55", "elapsed": 1037.354684, "delta": 5.149863}}
{"target": -3.2762113568029902, "params": {"eta": 0.7960877513663668, "max_depth": 25.785264602825634, "n_estimators": 59.75960619376717}, "datetime": {"datetime": "2021-09-21 13:43:01", "elapsed": 1043.374995, "delta": 6.020311}}
{"target": -2.4208525965088286, "params": {"eta": 0.2853175565067529, "max_depth": 19.828203876968477, "n_estimators": 43.72903499247237}, "datetime": {"datetime": "2021-09-21 13:43:10", "elapsed": 1052.472129, "delta": 9.097134}}
{"target": -3.108745112544612, "params": {"eta": 0.8136580129403796, "max_depth": 20.452009025974025, "n_estimators": 45.096282218187575}, "datetime": {"datetime": "2021-09-21 13:43:15", "elapsed": 1057.929563, "delta": 5.457434}}
{"target": -3.406579060303537, "params": {"eta": 0.8279897198269894, "max_depth": 19.62750369810229, "n_estimators": 44.10267973254105}, "datetime": {"datetime": "2021-09-21 13:43:22", "elapsed": 1064.543341, "delta": 6.613778}}
{"target": -3.4734491569431207, "params": {"eta": 0.9837857585540084, "max_depth": 19.0299257638193, "n_estimators": 23.065152929618144}, "datetime": {"datetime": "2021-09-21 13:43:26", "elapsed": 1068.767879, "delta": 4.224538}}
{"target": -3.477952092415408, "params": {"eta": 0.9913457616952821, "max_depth": 21.220097561440724, "n_estimators": 37.29057799939309}, "datetime": {"datetime": "2021-09-21 13:43:32", "elapsed": 1074.552788, "delta": 5.784909}}
{"target": -3.14623574583154, "params": {"eta": 0.6930740832791406, "max_depth": 13.930918022520625, "n_estimators": 3.0561897379252265}, "datetime": {"datetime": "2021-09-21 13:43:36", "elapsed": 1078.143292, "delta": 3.590504}}
{"target": -3.8720758927495855, "params": {"eta": 0.9431776910770644, "max_depth": 11.356172328513948, "n_estimators": 42.69883297834602}, "datetime": {"datetime": "2021-09-21 13:43:40", "elapsed": 1082.817091, "delta": 4.673799}}
{"target": -2.3529635925042003, "params": {"eta": 0.302333554239645, "max_depth": 29.948442416998464, "n_estimators": 58.07108846779879}, "datetime": {"datetime": "2021-09-21 13:43:51", "elapsed": 1093.357918, "delta": 10.540827}}
{"target": -9.288681586165177, "params": {"eta": 0.3865456458857697, "max_depth": 8.04509105437929, "n_estimators": 2.1842608011577402}, "datetime": {"datetime": "2021-09-21 13:43:54", "elapsed": 1096.141279, "delta": 2.783361}}
{"target": -3.0425073134271723, "params": {"eta": 0.7039338728965605, "max_depth": 18.616719364727402, "n_estimators": 41.13493545856604}, "datetime": {"datetime": "2021-09-21 13:43:59", "elapsed": 1101.794386, "delta": 5.653107}}
{"target": -3.343179827614834, "params": {"eta": 0.7868203049220316, "max_depth": 16.844520440996085, "n_estimators": 43.563868090151786}, "datetime": {"datetime": "2021-09-21 13:44:05", "elapsed": 1107.578912, "delta": 5.784526}}
{"target": -2.297056209413629, "params": {"eta": 0.15360356916513324, "max_depth": 23.963038534602337, "n_estimators": 36.57647730199298}, "datetime": {"datetime": "2021-09-21 13:44:11", "elapsed": 1113.718511, "delta": 6.139599}}
{"target": -2.851958934256905, "params": {"eta": 0.5399296811546086, "max_depth": 24.100027587007283, "n_estimators": 37.52033436374846}, "datetime": {"datetime": "2021-09-21 13:44:21", "elapsed": 1123.165569, "delta": 9.447058}}
{"target": -15.979398248540729, "params": {"eta": 0.01, "max_depth": 21.60130331162447, "n_estimators": 38.927969080365045}, "datetime": {"datetime": "2021-09-21 13:44:27", "elapsed": 1129.266555, "delta": 6.100986}}
{"target": -3.452411331628498, "params": {"eta": 0.05870669588668751, "max_depth": 24.469952539243227, "n_estimators": 37.048158232379215}, "datetime": {"datetime": "2021-09-21 13:44:31", "elapsed": 1133.623064, "delta": 4.356509}}
{"target": -3.236927347747903, "params": {"eta": 0.7921108892379686, "max_depth": 16.677558082754796, "n_estimators": 36.28432742335632}, "datetime": {"datetime": "2021-09-21 13:44:37", "elapsed": 1139.810644, "delta": 6.18758}}
{"target": -3.6682679734731973, "params": {"eta": 0.9971903437219913, "max_depth": 20.949932480833194, "n_estimators": 39.126730148837055}, "datetime": {"datetime": "2021-09-21 13:44:42", "elapsed": 1144.932216, "delta": 5.121572}}
{"target": -2.1956629972708854, "params": {"eta": 0.17526092558435105, "max_depth": 20.298063666997262, "n_estimators": 38.45712685582732}, "datetime": {"datetime": "2021-09-21 13:44:51", "elapsed": 1153.128214, "delta": 8.195998}}
{"target": -3.7254251392264113, "params": {"eta": 0.9487326070934409, "max_depth": 27.05013623244918, "n_estimators": 7.3690318925118365}, "datetime": {"datetime": "2021-09-21 13:44:56", "elapsed": 1157.994346, "delta": 4.866132}}
{"target": -3.0072597792274074, "params": {"eta": 0.7067994703191735, "max_depth": 29.691143129092257, "n_estimators": 57.5006825109824}, "datetime": {"datetime": "2021-09-21 13:45:03", "elapsed": 1165.064893, "delta": 7.070547}}
{"target": -17.092043593839595, "params": {"eta": 0.01, "max_depth": 12.027088868230447, "n_estimators": 31.559150360246374}, "datetime": {"datetime": "2021-09-21 13:45:07", "elapsed": 1169.838862, "delta": 4.773969}}
{"target": -2.2602392867991803, "params": {"eta": 0.1300825847546688, "max_depth": 27.104358261061105, "n_estimators": 55.14627294820389}, "datetime": {"datetime": "2021-09-21 13:45:17", "elapsed": 1179.310976, "delta": 9.472114}}
{"target": -2.434511709840674, "params": {"eta": 0.31117215936098924, "max_depth": 27.411389059732628, "n_estimators": 56.05264869632788}, "datetime": {"datetime": "2021-09-21 13:45:22", "elapsed": 1183.995053, "delta": 4.684077}}
{"target": -2.3536147732483714, "params": {"eta": 0.26312445265324336, "max_depth": 13.364964017089363, "n_estimators": 31.60976174894653}, "datetime": {"datetime": "2021-09-21 13:45:27", "elapsed": 1189.171986, "delta": 5.176933}}
{"target": -3.4070665761044148, "params": {"eta": 0.8479909842715753, "max_depth": 12.96507718109592, "n_estimators": 31.396692297164357}, "datetime": {"datetime": "2021-09-21 13:45:34", "elapsed": 1196.41501, "delta": 7.243024}}
{"target": -2.288526243912546, "params": {"eta": 0.15619892220267734, "max_depth": 28.956836296469653, "n_estimators": 56.99697603358909}, "datetime": {"datetime": "2021-09-21 13:45:44", "elapsed": 1206.033657, "delta": 9.618647}}
{"target": -3.1532087896999554, "params": {"eta": 0.6857661481583608, "max_depth": 12.788418916464527, "n_estimators": 32.02371583426991}, "datetime": {"datetime": "2021-09-21 13:45:50", "elapsed": 1212.004046, "delta": 5.970389}}
{"target": -2.8808790589633744, "params": {"eta": 0.6674047291428971, "max_depth": 18.26472416956624, "n_estimators": 50.6306489147186}, "datetime": {"datetime": "2021-09-21 13:45:53", "elapsed": 1215.902339, "delta": 3.898293}}
{"target": -2.471211794803017, "params": {"eta": 0.22919792884032417, "max_depth": 29.691573453396845, "n_estimators": 56.87149618807483}, "datetime": {"datetime": "2021-09-21 13:46:02", "elapsed": 1224.856376, "delta": 8.954037}}
{"target": -2.326588722906615, "params": {"eta": 0.16533047478997778, "max_depth": 11.040572762242183, "n_estimators": 45.07934786888894}, "datetime": {"datetime": "2021-09-21 13:46:10", "elapsed": 1232.541432, "delta": 7.685056}}
{"target": -2.7059288369981864, "params": {"eta": 0.6271445846291127, "max_depth": 3.1283069979646223, "n_estimators": 29.74915283249669}, "datetime": {"datetime": "2021-09-21 13:46:13", "elapsed": 1235.912503, "delta": 3.371071}}
{"target": -16.927899077064115, "params": {"eta": 0.01, "max_depth": 12.380105059043634, "n_estimators": 32.917668549118254}, "datetime": {"datetime": "2021-09-21 13:46:20", "elapsed": 1242.091073, "delta": 6.17857}}
{"target": -3.0240668158782156, "params": {"eta": 0.6921407317925703, "max_depth": 19.195315524131512, "n_estimators": 8.901964844281647}, "datetime": {"datetime": "2021-09-21 13:46:24", "elapsed": 1246.061862, "delta": 3.970789}}
{"target": -2.7919998388541374, "params": {"eta": 0.5713493277442925, "max_depth": 4.232194599973843, "n_estimators": 32.18347467084931}, "datetime": {"datetime": "2021-09-21 13:46:26", "elapsed": 1248.740342, "delta": 2.67848}}
{"target": -7.937623012065887, "params": {"eta": 0.02176367676806694, "max_depth": 22.943395418627937, "n_estimators": 52.50949218585023}, "datetime": {"datetime": "2021-09-21 13:46:31", "elapsed": 1253.40176, "delta": 4.661418}}
{"target": -2.2878776845179107, "params": {"eta": 0.1189059670010305, "max_depth": 19.827609184190553, "n_estimators": 34.412454227099886}, "datetime": {"datetime": "2021-09-21 13:46:35", "elapsed": 1257.05547, "delta": 3.65371}}
{"target": -2.788425076007843, "params": {"eta": 0.5907349309893811, "max_depth": 26.45773129025782, "n_estimators": 28.035023198336688}, "datetime": {"datetime": "2021-09-21 13:46:39", "elapsed": 1261.869744, "delta": 4.814274}}
{"target": -3.6688873080830824, "params": {"eta": 0.9975626299767906, "max_depth": 17.197796826616727, "n_estimators": 17.14781660876355}, "datetime": {"datetime": "2021-09-21 13:46:44", "elapsed": 1266.891763, "delta": 5.022019}}
{"target": -3.187346251387345, "params": {"eta": 0.6742452901333539, "max_depth": 29.217771754745648, "n_estimators": 56.78894752280898}, "datetime": {"datetime": "2021-09-21 13:46:52", "elapsed": 1274.59635, "delta": 7.704587}}
{"target": -2.998279619216919, "params": {"eta": 0.6717674780900577, "max_depth": 20.159809815410686, "n_estimators": 37.82990699317253}, "datetime": {"datetime": "2021-09-21 13:46:58", "elapsed": 1280.919772, "delta": 6.323422}}
{"target": -2.3265118787163184, "params": {"eta": 0.1475602308127752, "max_depth": 14.917128941732308, "n_estimators": 38.824898206084995}, "datetime": {"datetime": "2021-09-21 13:47:05", "elapsed": 1287.686778, "delta": 6.767006}}
