{"target": 0.6891799146734541, "params": {"eta": 1.0, "max_depth": 2.2432483198843927, "n_estimators": 2.231031895914576}, "datetime": {"datetime": "2021-09-17 17:57:47", "elapsed": 1107.285648, "delta": 6.176788}}
{"target": 0.7083510007585798, "params": {"eta": 1.0, "max_depth": 2.797698675913025, "n_estimators": 6.679063769629812}, "datetime": {"datetime": "2021-09-17 17:57:52", "elapsed": 1112.406553, "delta": 5.120905}}
{"target": 0.8039655628552929, "params": {"eta": 0.5414439939139133, "max_depth": 3.6454213371746595, "n_estimators": 8.663620707127627}, "datetime": {"datetime": "2021-09-17 17:58:02", "elapsed": 1122.515266, "delta": 10.108713}}
{"target": 0.7585986376550723, "params": {"eta": 0.9848749589897953, "max_depth": 5.136950763887784, "n_estimators": 3.107213078147251}, "datetime": {"datetime": "2021-09-17 17:58:04", "elapsed": 1125.175308, "delta": 2.660042}}
{"target": 0.684991812726818, "params": {"eta": 0.9857860648652998, "max_depth": 1.3413501014199545, "n_estimators": 6.86950816191763}, "datetime": {"datetime": "2021-09-17 17:58:09", "elapsed": 1129.331288, "delta": 4.15598}}
{"target": 0.7384967052531604, "params": {"eta": 1.0, "max_depth": 10.0, "n_estimators": 9.254128002509544}, "datetime": {"datetime": "2021-09-17 17:58:16", "elapsed": 1136.363434, "delta": 7.032146}}
{"target": 0.7790508367786756, "params": {"eta": 0.6576184847142816, "max_depth": 5.244357880480238, "n_estimators": 5.14152063698162}, "datetime": {"datetime": "2021-09-17 17:58:19", "elapsed": 1139.204503, "delta": 2.841069}}
{"target": 0.544662452910784, "params": {"eta": 0.5991201316083289, "max_depth": 6.343877159069693, "n_estimators": 2.2891108170347225}, "datetime": {"datetime": "2021-09-17 17:58:24", "elapsed": 1144.33468, "delta": 5.130177}}
{"target": 0.7480924990508413, "params": {"eta": 0.7679413362914395, "max_depth": 6.548543218229796, "n_estimators": 8.952352834351128}, "datetime": {"datetime": "2021-09-17 17:58:28", "elapsed": 1148.446762, "delta": 4.112082}}
{"target": 0.7259982402554099, "params": {"eta": 0.7265070950351574, "max_depth": 8.512337468691532, "n_estimators": 5.851320492009249}, "datetime": {"datetime": "2021-09-17 17:58:32", "elapsed": 1152.378535, "delta": 3.931773}}
{"target": 0.7904827752060639, "params": {"eta": 0.6074307381662744, "max_depth": 9.151525284448374, "n_estimators": 8.63442155560355}, "datetime": {"datetime": "2021-09-17 17:58:39", "elapsed": 1159.418995, "delta": 7.04046}}
{"target": 0.5318849601531728, "params": {"eta": 0.16660000515478116, "max_depth": 9.10802916606355, "n_estimators": 9.082856666934424}, "datetime": {"datetime": "2021-09-17 17:58:46", "elapsed": 1167.020063, "delta": 7.601068}}
{"target": 0.7136952452172722, "params": {"eta": 1.0, "max_depth": 3.7400552997590517, "n_estimators": 5.649157416300401}, "datetime": {"datetime": "2021-09-17 17:58:55", "elapsed": 1175.784607, "delta": 8.764544}}
{"target": 0.5943775757266159, "params": {"eta": 0.4586740547499508, "max_depth": 9.888357992943703, "n_estimators": 3.283330307292349}, "datetime": {"datetime": "2021-09-17 17:58:58", "elapsed": 1178.720214, "delta": 2.935607}}
{"target": 0.8080793027926012, "params": {"eta": 0.3541564692013099, "max_depth": 5.520159490936859, "n_estimators": 7.970147278724051}, "datetime": {"datetime": "2021-09-17 17:59:02", "elapsed": 1182.653902, "delta": 3.933688}}
{"target": 0.7594276667820253, "params": {"eta": 0.5523948136634065, "max_depth": 1.4723688692721968, "n_estimators": 7.9380250378088695}, "datetime": {"datetime": "2021-09-17 17:59:07", "elapsed": 1187.376088, "delta": 4.722186}}
{"target": 0.7164243496001464, "params": {"eta": 0.7862377916450694, "max_depth": 9.702199090801777, "n_estimators": 3.1510799951675548}, "datetime": {"datetime": "2021-09-17 17:59:15", "elapsed": 1195.973447, "delta": 8.597359}}
{"target": 0.7971583449264712, "params": {"eta": 0.6951649556754493, "max_depth": 8.660849448535274, "n_estimators": 9.382227621436417}, "datetime": {"datetime": "2021-09-17 17:59:23", "elapsed": 1203.880594, "delta": 7.907147}}
{"target": 0.7793103237478658, "params": {"eta": 0.6012812136051563, "max_depth": 7.303649960988177, "n_estimators": 8.34948403839778}, "datetime": {"datetime": "2021-09-17 17:59:31", "elapsed": 1211.850094, "delta": 7.9695}}
{"target": 0.7824029725776436, "params": {"eta": 0.6291077403587637, "max_depth": 7.6741913050178905, "n_estimators": 6.956538583115492}, "datetime": {"datetime": "2021-09-17 17:59:38", "elapsed": 1218.315295, "delta": 6.465201}}
{"target": 0.7543087867975389, "params": {"eta": 0.7524038666149669, "max_depth": 4.3407452767555395, "n_estimators": 9.630892411692136}, "datetime": {"datetime": "2021-09-17 17:59:44", "elapsed": 1225.13883, "delta": 6.823535}}
{"target": 0.7419253547478588, "params": {"eta": 0.7856421412834673, "max_depth": 5.750847539710597, "n_estimators": 3.291882009136308}, "datetime": {"datetime": "2021-09-17 17:59:52", "elapsed": 1233.176502, "delta": 8.037672}}
{"target": 0.7589178351597933, "params": {"eta": 0.6892288129127431, "max_depth": 6.249274400439745, "n_estimators": 3.914554834365091}, "datetime": {"datetime": "2021-09-17 18:00:01", "elapsed": 1241.284347, "delta": 8.107845}}
{"target": -3.259903054768693, "params": {"eta": 0.02746136206011167, "max_depth": 8.918634073531251, "n_estimators": 7.822256982706699}, "datetime": {"datetime": "2021-09-17 18:00:05", "elapsed": 1245.729511, "delta": 4.445164}}
{"target": 0.8141580601757232, "params": {"eta": 0.6614046709639635, "max_depth": 9.252737954806681, "n_estimators": 6.759549914586225}, "datetime": {"datetime": "2021-09-17 18:00:12", "elapsed": 1252.979336, "delta": 7.249825}}
{"target": -1.4857769570835466, "params": {"eta": 0.22324129858709216, "max_depth": 7.844076456689095, "n_estimators": 2.7403381774123288}, "datetime": {"datetime": "2021-09-17 18:00:15", "elapsed": 1255.771807, "delta": 2.792471}}
{"target": 0.7955884778800888, "params": {"eta": 0.6685582247399346, "max_depth": 8.633026127178208, "n_estimators": 8.368459997000341}, "datetime": {"datetime": "2021-09-17 18:00:25", "elapsed": 1266.050359, "delta": 10.278552}}
{"target": 0.725859973805645, "params": {"eta": 0.7525358998779714, "max_depth": 2.3338091522366966, "n_estimators": 5.307971316242562}, "datetime": {"datetime": "2021-09-17 18:00:30", "elapsed": 1270.919514, "delta": 4.869155}}
{"target": 0.7842555053028342, "params": {"eta": 0.6233559714713182, "max_depth": 3.9125752538572773, "n_estimators": 6.8886914975292965}, "datetime": {"datetime": "2021-09-17 18:00:34", "elapsed": 1275.140308, "delta": 4.220794}}
{"target": 0.825453721476777, "params": {"eta": 0.5243286816510417, "max_depth": 9.98689300268799, "n_estimators": 8.100451107656326}, "datetime": {"datetime": "2021-09-17 18:00:37", "elapsed": 1277.887256, "delta": 2.746948}}
{"target": 0.7975563074916445, "params": {"eta": 0.39191540329180186, "max_depth": 15.52519189507453, "n_estimators": 7.001486872625484}, "datetime": {"datetime": "2021-09-17 18:28:31", "elapsed": 0.0, "delta": 0.0}}
{"target": 0.7842140473851883, "params": {"eta": 0.31163280084228784, "max_depth": 6.348094253073809, "n_estimators": 8.200401731994372}, "datetime": {"datetime": "2021-09-17 18:28:31", "elapsed": 0.049001, "delta": 0.049001}}
{"target": 0.808700216486507, "params": {"eta": 0.23038214796436965, "max_depth": 9.528971632688764, "n_estimators": 12.157977164998709}, "datetime": {"datetime": "2021-09-17 18:28:31", "elapsed": 0.117, "delta": 0.067999}}
{"target": 0.834168107051011, "params": {"eta": 0.4771717138023499, "max_depth": 10.707112230452717, "n_estimators": 15.907853505157874}, "datetime": {"datetime": "2021-09-17 18:28:31", "elapsed": 0.210997, "delta": 0.093997}}
{"target": 0.6530841462688677, "params": {"eta": 0.24311657481206222, "max_depth": 18.049878982255127, "n_estimators": 7.35603871157304}, "datetime": {"datetime": "2021-09-17 18:28:31", "elapsed": 0.249999, "delta": 0.039002}}
{"target": 0.8124088727140236, "params": {"eta": 0.5693272571248816, "max_depth": 10.676876837874032, "n_estimators": 14.262967769794772}, "datetime": {"datetime": "2021-09-17 18:28:31", "elapsed": 0.346, "delta": 0.096001}}
{"target": 0.8585213522416308, "params": {"eta": 0.19827085701666364, "max_depth": 7.169623825358061, "n_estimators": 17.409679392781975}, "datetime": {"datetime": "2021-09-17 18:28:31", "elapsed": 0.415998, "delta": 0.069998}}
{"target": 0.7319677882599098, "params": {"eta": 0.7777831030035783, "max_depth": 9.014786850547885, "n_estimators": 16.000194003701083}, "datetime": {"datetime": "2021-09-17 18:28:31", "elapsed": 0.515049, "delta": 0.099051}}
{"target": 0.8107755083972965, "params": {"eta": 0.15405274713838046, "max_depth": 7.0162914514994466, "n_estimators": 17.514237565332415}, "datetime": {"datetime": "2021-09-17 18:28:32", "elapsed": 0.716053, "delta": 0.201004}}
{"target": 0.8363499670023301, "params": {"eta": 0.40203273080752255, "max_depth": 7.3686476334301805, "n_estimators": 17.338078040881896}, "datetime": {"datetime": "2021-09-17 18:28:32", "elapsed": 0.965048, "delta": 0.248995}}
{"target": 0.6109578363075954, "params": {"eta": 0.1, "max_depth": 7.239349494827759, "n_estimators": 17.069218594874407}, "datetime": {"datetime": "2021-09-17 18:28:32", "elapsed": 1.383046, "delta": 0.417998}}
{"target": 0.8579692801471865, "params": {"eta": 0.25926040760326863, "max_depth": 6.489439958211479, "n_estimators": 19.314944864003174}, "datetime": {"datetime": "2021-09-17 18:28:32", "elapsed": 1.549046, "delta": 0.166}}
{"target": 0.7661310038866815, "params": {"eta": 0.6083792363168542, "max_depth": 15.657792221611071, "n_estimators": 9.530944410569578}, "datetime": {"datetime": "2021-09-17 18:28:33", "elapsed": 1.746049, "delta": 0.197003}}
{"target": 0.8161716335941392, "params": {"eta": 0.4987400270898019, "max_depth": 10.73662410498892, "n_estimators": 15.85749568928767}, "datetime": {"datetime": "2021-09-17 18:28:33", "elapsed": 2.067248, "delta": 0.321199}}
{"target": 0.7350106224678887, "params": {"eta": 0.7688119028788368, "max_depth": 14.625142653472762, "n_estimators": 13.11936831907937}, "datetime": {"datetime": "2021-09-17 18:28:33", "elapsed": 2.358254, "delta": 0.291006}}
{"target": 0.8533869223497076, "params": {"eta": 0.4421129060123973, "max_depth": 17.458858779716383, "n_estimators": 19.727889698739503}, "datetime": {"datetime": "2021-09-17 18:28:34", "elapsed": 2.653247, "delta": 0.294993}}
{"target": 0.7213360805822403, "params": {"eta": 0.10784930856144812, "max_depth": 6.576563444623606, "n_estimators": 19.271298153352166}, "datetime": {"datetime": "2021-09-17 18:28:34", "elapsed": 2.858253, "delta": 0.205006}}
{"target": 0.7868570045958565, "params": {"eta": 0.6182671301823127, "max_depth": 17.418965095540727, "n_estimators": 19.80271477062454}, "datetime": {"datetime": "2021-09-17 18:28:34", "elapsed": 3.20149, "delta": 0.343237}}
{"target": 0.7805395087883844, "params": {"eta": 0.5739780683873611, "max_depth": 12.766576683259828, "n_estimators": 11.981719172803162}, "datetime": {"datetime": "2021-09-17 18:28:34", "elapsed": 3.417492, "delta": 0.216002}}
{"target": 0.7609760259089824, "params": {"eta": 0.19852927070215975, "max_depth": 6.230072910372442, "n_estimators": 11.118820054065786}, "datetime": {"datetime": "2021-09-17 18:28:34", "elapsed": 3.577493, "delta": 0.160001}}
{"target": 0.7411027834616086, "params": {"eta": 0.29180032737889655, "max_depth": 16.22957446121127, "n_estimators": 7.869317093584096}, "datetime": {"datetime": "2021-09-17 18:28:35", "elapsed": 3.745491, "delta": 0.167998}}
{"target": 0.8494862454156542, "params": {"eta": 0.289013368013491, "max_depth": 6.403462412338024, "n_estimators": 19.39021671951337}, "datetime": {"datetime": "2021-09-17 18:28:35", "elapsed": 3.934491, "delta": 0.189}}
{"target": 0.8261528851229143, "params": {"eta": 0.5187414128763308, "max_depth": 5.803232916952007, "n_estimators": 8.518107625897562}, "datetime": {"datetime": "2021-09-17 18:28:35", "elapsed": 4.094488, "delta": 0.159997}}
{"target": 0.8216927662807142, "params": {"eta": 0.5295372625025185, "max_depth": 12.918270330258553, "n_estimators": 15.496889963923138}, "datetime": {"datetime": "2021-09-17 18:28:35", "elapsed": 4.341488, "delta": 0.247}}
{"target": 0.8428843170029046, "params": {"eta": 0.32263621123095454, "max_depth": 7.238284907475377, "n_estimators": 17.45891747992479}, "datetime": {"datetime": "2021-09-17 18:28:36", "elapsed": 4.661491, "delta": 0.320003}}
{"target": 0.8456917214604198, "params": {"eta": 0.3421594961260329, "max_depth": 7.083783720553809, "n_estimators": 17.36746013863458}, "datetime": {"datetime": "2021-09-17 18:28:36", "elapsed": 4.936494, "delta": 0.275003}}
{"target": 0.8162667370746948, "params": {"eta": 0.4192570669965209, "max_depth": 17.65057171910962, "n_estimators": 19.772959979595786}, "datetime": {"datetime": "2021-09-17 18:28:36", "elapsed": 5.24369, "delta": 0.307196}}
{"target": 0.8319275623027707, "params": {"eta": 0.5101256681166358, "max_depth": 6.613507766863478, "n_estimators": 19.37286166966437}, "datetime": {"datetime": "2021-09-17 18:28:36", "elapsed": 5.47474, "delta": 0.23105}}
{"target": 0.8282468469616628, "params": {"eta": 0.38470371985726104, "max_depth": 17.431994700738358, "n_estimators": 19.503955563604208}, "datetime": {"datetime": "2021-09-17 18:28:37", "elapsed": 5.766741, "delta": 0.292001}}
{"target": 0.8325712303389756, "params": {"eta": 0.26102929395924, "max_depth": 5.036589080544525, "n_estimators": 16.14999341643255}, "datetime": {"datetime": "2021-09-17 18:28:37", "elapsed": 5.952738, "delta": 0.185997}}
{"target": 0.8382660253504901, "params": {"eta": 0.464878338921785, "max_depth": 6.472909716335748, "n_estimators": 19.358346764926146}, "datetime": {"datetime": "2021-09-17 18:28:37", "elapsed": 6.184738, "delta": 0.232}}
{"target": 0.8422595200855987, "params": {"eta": 0.32332254136443117, "max_depth": 6.4830955783850595, "n_estimators": 19.125073186857538}, "datetime": {"datetime": "2021-09-17 18:28:37", "elapsed": 6.536738, "delta": 0.352}}
{"target": 0.7832834819123329, "params": {"eta": 0.6874427835729519, "max_depth": 10.69616765928305, "n_estimators": 10.849162425861756}, "datetime": {"datetime": "2021-09-17 18:28:38", "elapsed": 6.76974, "delta": 0.233002}}
{"target": 0.8211270724436253, "params": {"eta": 0.2447201893217849, "max_depth": 17.39824046263477, "n_estimators": 19.737800119121015}, "datetime": {"datetime": "2021-09-17 18:28:38", "elapsed": 7.248942, "delta": 0.479202}}
{"target": 0.8253848467017358, "params": {"eta": 0.374177700543615, "max_depth": 6.199344937391764, "n_estimators": 19.137675950031063}, "datetime": {"datetime": "2021-09-17 18:28:38", "elapsed": 7.55494, "delta": 0.305998}}
{"target": -0.14976279669857062, "params": {"eta": 0.13009439809973278, "max_depth": 10.637807281715009, "n_estimators": 7.0687904491438776}, "datetime": {"datetime": "2021-09-17 18:28:39", "elapsed": 7.755624, "delta": 0.200684}}
{"target": 0.7448111865187421, "params": {"eta": 0.13593255575299767, "max_depth": 10.492819547186123, "n_estimators": 16.603808384812126}, "datetime": {"datetime": "2021-09-17 18:28:39", "elapsed": 8.345631, "delta": 0.590007}}
{"target": 0.5089731701417542, "params": {"eta": 0.1, "max_depth": 10.063657986598567, "n_estimators": 15.664446834908533}, "datetime": {"datetime": "2021-09-17 18:28:40", "elapsed": 8.940626, "delta": 0.594995}}
{"target": 0.7718353835256466, "params": {"eta": 0.6069758047931824, "max_depth": 11.206348893608835, "n_estimators": 16.388079349277312}, "datetime": {"datetime": "2021-09-17 18:28:41", "elapsed": 9.656427, "delta": 0.715801}}
{"target": 0.6947661224496178, "params": {"eta": 0.1722408876075845, "max_depth": 4.914381886482033, "n_estimators": 11.805399016743413}, "datetime": {"datetime": "2021-09-17 18:28:41", "elapsed": 9.896427, "delta": 0.24}}
{"target": 0.8426648293306009, "params": {"eta": 0.4547440810536084, "max_depth": 4.266795828289146, "n_estimators": 15.966397098391129}, "datetime": {"datetime": "2021-09-17 18:28:42", "elapsed": 10.780886, "delta": 0.884459}}
{"target": 0.8317906094755712, "params": {"eta": 0.4721689649762649, "max_depth": 17.43813075829474, "n_estimators": 19.703127437096313}, "datetime": {"datetime": "2021-09-17 18:28:42", "elapsed": 11.136883, "delta": 0.355997}}
{"target": 0.7889278687693098, "params": {"eta": 0.584821295467516, "max_depth": 4.806333356977053, "n_estimators": 15.489210950381327}, "datetime": {"datetime": "2021-09-17 18:28:43", "elapsed": 11.788191, "delta": 0.651308}}
{"target": 0.851229507294364, "params": {"eta": 0.38039425783630276, "max_depth": 4.486814075311427, "n_estimators": 16.675881428413778}, "datetime": {"datetime": "2021-09-17 18:28:43", "elapsed": 12.269193, "delta": 0.481002}}
{"target": 0.840430377148183, "params": {"eta": 0.4955857667244362, "max_depth": 5.162216439936104, "n_estimators": 16.857655801557886}, "datetime": {"datetime": "2021-09-17 18:28:44", "elapsed": 12.800826, "delta": 0.531633}}
{"target": 0.8397501719515301, "params": {"eta": 0.29203019486949766, "max_depth": 4.762710513878291, "n_estimators": 17.439575454146393}, "datetime": {"datetime": "2021-09-17 18:28:44", "elapsed": 13.274066, "delta": 0.47324}}
{"target": 0.7983097827418955, "params": {"eta": 0.7033703321170899, "max_depth": 4.197715892609397, "n_estimators": 17.37988796113607}, "datetime": {"datetime": "2021-09-17 18:28:45", "elapsed": 13.94906, "delta": 0.674994}}
{"target": 0.7994602417109592, "params": {"eta": 0.7231186931614736, "max_depth": 5.333956233558537, "n_estimators": 17.578331077323803}, "datetime": {"datetime": "2021-09-17 18:28:46", "elapsed": 14.688059, "delta": 0.738999}}
{"target": 0.7915824747237508, "params": {"eta": 0.6282919860886841, "max_depth": 7.782024467782323, "n_estimators": 18.377476575152986}, "datetime": {"datetime": "2021-09-17 18:28:46", "elapsed": 14.916058, "delta": 0.227999}}
{"target": 0.7802257436660572, "params": {"eta": 0.6169153758430689, "max_depth": 5.787837397481715, "n_estimators": 16.272516025182945}, "datetime": {"datetime": "2021-09-17 18:28:46", "elapsed": 15.389493, "delta": 0.473435}}
{"target": 0.7884081964489535, "params": {"eta": 0.6676088043008048, "max_depth": 15.955937054195608, "n_estimators": 18.563876965502004}, "datetime": {"datetime": "2021-09-17 18:28:47", "elapsed": 15.764494, "delta": 0.375001}}
{"target": 0.8418418282885449, "params": {"eta": 0.4491887772998855, "max_depth": 10.71431299502822, "n_estimators": 15.937077247959408}, "datetime": {"datetime": "2021-09-17 18:28:47", "elapsed": 16.051493, "delta": 0.286999}}
{"target": 0.7626180254547499, "params": {"eta": 0.7823017777622502, "max_depth": 4.505610121744095, "n_estimators": 16.34294789791018}, "datetime": {"datetime": "2021-09-17 18:28:48", "elapsed": 16.665495, "delta": 0.614002}}
{"target": 0.5911010559736003, "params": {"eta": 0.15845941112910272, "max_depth": 7.236298801600908, "n_estimators": 10.871696249097504}, "datetime": {"datetime": "2021-09-17 18:28:48", "elapsed": 16.9535, "delta": 0.288005}}
{"target": 0.77296679098762, "params": {"eta": 0.7547720277375185, "max_depth": 5.351752522209697, "n_estimators": 17.556537191185004}, "datetime": {"datetime": "2021-09-17 18:28:48", "elapsed": 17.197495, "delta": 0.243995}}
{"target": 0.8236278688183101, "params": {"eta": 0.2573088862173765, "max_depth": 6.4838801458666815, "n_estimators": 19.266567873618982}, "datetime": {"datetime": "2021-09-17 18:28:48", "elapsed": 17.459822, "delta": 0.262327}}
{"target": 0.8007642434038955, "params": {"eta": 0.5550109205149384, "max_depth": 10.718986983676801, "n_estimators": 15.863982690155863}, "datetime": {"datetime": "2021-09-17 18:28:49", "elapsed": 17.818824, "delta": 0.359002}}
{"target": 0.8366619899578975, "params": {"eta": 0.5150925559188617, "max_depth": 6.348694135670884, "n_estimators": 18.65824681337093}, "datetime": {"datetime": "2021-09-17 18:28:49", "elapsed": 18.491821, "delta": 0.672997}}
{"target": 0.8442269556663775, "params": {"eta": 0.2990606847413438, "max_depth": 5.1787023703475485, "n_estimators": 17.88133059892594}, "datetime": {"datetime": "2021-09-17 18:28:50", "elapsed": 19.262827, "delta": 0.771006}}
{"target": 0.7825933860472464, "params": {"eta": 0.12954274128368432, "max_depth": 14.522246873241718, "n_estimators": 19.88521058054307}, "datetime": {"datetime": "2021-09-17 18:28:50", "elapsed": 19.566824, "delta": 0.303997}}
{"target": 0.7733400151584869, "params": {"eta": 0.7092952476119521, "max_depth": 4.83824222744256, "n_estimators": 17.859091337936253}, "datetime": {"datetime": "2021-09-17 18:28:51", "elapsed": 20.135824, "delta": 0.569}}
{"target": 0.8220586822215697, "params": {"eta": 0.1760476781500317, "max_depth": 17.046602448273923, "n_estimators": 19.67018471782391}, "datetime": {"datetime": "2021-09-17 18:28:51", "elapsed": 20.467825, "delta": 0.332001}}
{"target": 0.7910854910222153, "params": {"eta": 0.7102229012795783, "max_depth": 6.857522751247849, "n_estimators": 12.444220624638547}, "datetime": {"datetime": "2021-09-17 18:28:52", "elapsed": 20.721823, "delta": 0.253998}}
{"target": 0.830281682148288, "params": {"eta": 0.21893053841549726, "max_depth": 5.397292984798776, "n_estimators": 17.349453386720906}, "datetime": {"datetime": "2021-09-17 18:28:52", "elapsed": 21.294107, "delta": 0.572284}}
{"target": 0.8260132449484879, "params": {"eta": 0.2576068982011291, "max_depth": 6.64874045898889, "n_estimators": 19.713390089101583}, "datetime": {"datetime": "2021-09-17 18:28:53", "elapsed": 21.757109, "delta": 0.463002}}
{"target": 0.8542463313048528, "params": {"eta": 0.4680506100063827, "max_depth": 6.601993164900501, "n_estimators": 19.383360977135105}, "datetime": {"datetime": "2021-09-17 18:28:53", "elapsed": 22.041115, "delta": 0.284006}}
{"target": 0.667156098537447, "params": {"eta": 0.11528533905772509, "max_depth": 4.904548997504879, "n_estimators": 16.733224941489897}, "datetime": {"datetime": "2021-09-17 18:28:54", "elapsed": 22.686873, "delta": 0.645758}}
