{"target": -11.989197654968942, "params": {"eta": 0.2029627842096302, "max_depth": 8.078108577540169, "n_estimators": 23.0000145196981}, "datetime": {"datetime": "2021-09-27 18:40:03", "elapsed": 621.002747, "delta": 2.658364}}
{"target": -12.857382055401697, "params": {"eta": 0.4511890442582223, "max_depth": 15.958661120441704, "n_estimators": 27.163883062242526}, "datetime": {"datetime": "2021-09-27 18:40:06", "elapsed": 624.103599, "delta": 3.100852}}
{"target": -12.870799869018676, "params": {"eta": 0.5, "max_depth": 24.10847476659988, "n_estimators": 43.1890952186354}, "datetime": {"datetime": "2021-09-27 18:40:09", "elapsed": 627.208804, "delta": 3.105205}}
{"target": -12.900807892934319, "params": {"eta": 0.48313527744548174, "max_depth": 12.87056847300626, "n_estimators": 26.0095557880398}, "datetime": {"datetime": "2021-09-27 18:40:12", "elapsed": 630.14747, "delta": 2.938666}}
{"target": -13.4667995524082, "params": {"eta": 0.5, "max_depth": 9.200446940921896, "n_estimators": 18.472045228273082}, "datetime": {"datetime": "2021-09-27 18:40:15", "elapsed": 632.780303, "delta": 2.632833}}
{"target": -12.32358905674991, "params": {"eta": 0.5, "max_depth": 3.648545126352176, "n_estimators": 48.527056857313646}, "datetime": {"datetime": "2021-09-27 18:40:17", "elapsed": 635.146354, "delta": 2.366051}}
{"target": -29.70994431046361, "params": {"eta": 0.10489655892705521, "max_depth": 6.1823915024305265, "n_estimators": 11.68263168011281}, "datetime": {"datetime": "2021-09-27 18:40:21", "elapsed": 638.309377, "delta": 3.163023}}
{"target": -11.259599473061673, "params": {"eta": 0.11053177789790142, "max_depth": 11.424406545989903, "n_estimators": 44.77587359182456}, "datetime": {"datetime": "2021-09-27 18:40:23", "elapsed": 640.893699, "delta": 2.584322}}
{"target": -13.06016932599051, "params": {"eta": 0.5, "max_depth": 11.402841696598015, "n_estimators": 35.109453189688075}, "datetime": {"datetime": "2021-09-27 18:40:26", "elapsed": 644.07558, "delta": 3.181881}}
{"target": -13.060170896960404, "params": {"eta": 0.5, "max_depth": 11.874480789639113, "n_estimators": 37.69470766699131}, "datetime": {"datetime": "2021-09-27 18:40:29", "elapsed": 646.466417, "delta": 2.390837}}
{"target": -13.030625197673004, "params": {"eta": 0.5, "max_depth": 13.543052310248237, "n_estimators": 9.06521564762124}, "datetime": {"datetime": "2021-09-27 18:40:32", "elapsed": 649.496595, "delta": 3.030178}}
{"target": -66.67437497398477, "params": {"eta": 0.11699837106108953, "max_depth": 21.021774010896046, "n_estimators": 3.4433979797352956}, "datetime": {"datetime": "2021-09-27 18:40:34", "elapsed": 651.949571, "delta": 2.452976}}
{"target": -11.617997127327575, "params": {"eta": 0.16164998097592956, "max_depth": 7.098833317213054, "n_estimators": 28.407789988341165}, "datetime": {"datetime": "2021-09-27 18:40:36", "elapsed": 653.841563, "delta": 1.891992}}
{"target": -12.763819918028254, "params": {"eta": 0.5, "max_depth": 15.82240510427136, "n_estimators": 7.700943379437575}, "datetime": {"datetime": "2021-09-27 18:40:39", "elapsed": 656.448394, "delta": 2.606831}}
{"target": -12.688199683837304, "params": {"eta": 0.10775870637687562, "max_depth": 13.213605767968707, "n_estimators": 24.081053355373765}, "datetime": {"datetime": "2021-09-27 18:40:41", "elapsed": 658.671988, "delta": 2.223594}}
{"target": -12.027554245566078, "params": {"eta": 0.47823842231322494, "max_depth": 26.543690275639868, "n_estimators": 22.336923234332467}, "datetime": {"datetime": "2021-09-27 18:40:43", "elapsed": 661.101559, "delta": 2.429571}}
{"target": -33.84228895743533, "params": {"eta": 0.05, "max_depth": 28.84857769050951, "n_estimators": 21.462944027864324}, "datetime": {"datetime": "2021-09-27 18:40:46", "elapsed": 663.338329, "delta": 2.23677}}
{"target": -11.900594285715771, "params": {"eta": 0.4358029934632847, "max_depth": 28.117204423766488, "n_estimators": 23.919989357917807}, "datetime": {"datetime": "2021-09-27 18:40:49", "elapsed": 666.700978, "delta": 3.362649}}
{"target": -89.47287710708261, "params": {"eta": 0.08116299224503701, "max_depth": 4.054198488112418, "n_estimators": 1.0490369361915342}, "datetime": {"datetime": "2021-09-27 18:40:51", "elapsed": 669.267174, "delta": 2.566196}}
{"target": -11.855056795767997, "params": {"eta": 0.4502737318280756, "max_depth": 10.939960966058123, "n_estimators": 30.091951041539215}, "datetime": {"datetime": "2021-09-27 18:40:54", "elapsed": 672.085166, "delta": 2.817992}}
{"target": -12.111115094220743, "params": {"eta": 0.3447354941533789, "max_depth": 8.571772153616028, "n_estimators": 26.162339789585452}, "datetime": {"datetime": "2021-09-27 18:40:57", "elapsed": 674.791803, "delta": 2.706637}}
{"target": -12.693360910945216, "params": {"eta": 0.4751563927061585, "max_depth": 11.11677621977621, "n_estimators": 27.007756900332815}, "datetime": {"datetime": "2021-09-27 18:41:01", "elapsed": 678.831175, "delta": 4.039372}}
{"target": -12.354975989248276, "params": {"eta": 0.3441031028941212, "max_depth": 11.410777735078572, "n_estimators": 28.574242929061388}, "datetime": {"datetime": "2021-09-27 18:41:04", "elapsed": 681.909595, "delta": 3.07842}}
{"target": -13.107983171849833, "params": {"eta": 0.5, "max_depth": 14.098970705820767, "n_estimators": 21.499657777005766}, "datetime": {"datetime": "2021-09-27 18:41:07", "elapsed": 684.661221, "delta": 2.751626}}
{"target": -19.143648865983632, "params": {"eta": 0.10954232102552765, "max_depth": 3.627365201098121, "n_estimators": 15.657964894799097}, "datetime": {"datetime": "2021-09-27 18:41:09", "elapsed": 687.163169, "delta": 2.501948}}
{"target": -12.173632085875575, "params": {"eta": 0.4494769364898564, "max_depth": 9.344033791057768, "n_estimators": 32.42865149859335}, "datetime": {"datetime": "2021-09-27 18:41:13", "elapsed": 691.070046, "delta": 3.906877}}
{"target": -11.768581217354642, "params": {"eta": 0.3745329217823573, "max_depth": 9.223084489111836, "n_estimators": 16.315088661383367}, "datetime": {"datetime": "2021-09-27 18:41:19", "elapsed": 697.289401, "delta": 6.219355}}
{"target": -14.82883104471063, "params": {"eta": 0.05, "max_depth": 3.4632008802205507, "n_estimators": 45.861417550529715}, "datetime": {"datetime": "2021-09-27 18:41:23", "elapsed": 700.713173, "delta": 3.423772}}
{"target": -13.813507651144716, "params": {"eta": 0.5, "max_depth": 8.870675060851607, "n_estimators": 4.710807645375899}, "datetime": {"datetime": "2021-09-27 18:41:26", "elapsed": 703.489349, "delta": 2.776176}}
{"target": -26.38259351276068, "params": {"eta": 0.4872747359708433, "max_depth": 26.570406487310418, "n_estimators": 2.552477952158908}, "datetime": {"datetime": "2021-09-27 18:41:29", "elapsed": 706.359432, "delta": 2.870083}}
{"target": -19.038239987772265, "params": {"eta": 0.05, "max_depth": 1.0, "n_estimators": 44.75341382176438}, "datetime": {"datetime": "2021-09-27 18:41:31", "elapsed": 708.993736, "delta": 2.634304}}
{"target": -13.839786355343374, "params": {"eta": 0.5, "max_depth": 2.7092715000832412, "n_estimators": 29.066031033436328}, "datetime": {"datetime": "2021-09-27 18:41:34", "elapsed": 711.916671, "delta": 2.922935}}
{"target": -13.214056049816914, "params": {"eta": 0.5, "max_depth": 12.253471661045126, "n_estimators": 40.43126843320059}, "datetime": {"datetime": "2021-09-27 18:41:37", "elapsed": 714.863062, "delta": 2.946391}}
{"target": -40.90839065351658, "params": {"eta": 0.05, "max_depth": 24.197064081356128, "n_estimators": 17.26876501537187}, "datetime": {"datetime": "2021-09-27 18:41:40", "elapsed": 717.754978, "delta": 2.891916}}
{"target": -12.267721425083373, "params": {"eta": 0.45451487252836986, "max_depth": 25.898424216374064, "n_estimators": 18.695106851923896}, "datetime": {"datetime": "2021-09-27 18:41:43", "elapsed": 720.758979, "delta": 3.004001}}
{"target": -12.19461020385575, "params": {"eta": 0.46142610084837055, "max_depth": 26.46499941655329, "n_estimators": 16.141217951042606}, "datetime": {"datetime": "2021-09-27 18:41:46", "elapsed": 723.924171, "delta": 3.165192}}
{"target": -13.46800342213785, "params": {"eta": 0.49959308487543214, "max_depth": 2.4273679406436655, "n_estimators": 40.4654141694145}, "datetime": {"datetime": "2021-09-27 18:41:50", "elapsed": 727.710172, "delta": 3.786001}}
{"target": -12.76560863081201, "params": {"eta": 0.4434167967779944, "max_depth": 11.068088990426885, "n_estimators": 5.328791829366119}, "datetime": {"datetime": "2021-09-27 18:41:54", "elapsed": 731.308748, "delta": 3.598576}}
{"target": -13.786322340659183, "params": {"eta": 0.4918118526340847, "max_depth": 20.978613807557288, "n_estimators": 38.594163500883475}, "datetime": {"datetime": "2021-09-27 18:41:57", "elapsed": 734.529597, "delta": 3.220849}}
{"target": -13.057662310622407, "params": {"eta": 0.4914157603451353, "max_depth": 4.740112113211994, "n_estimators": 20.188581143773252}, "datetime": {"datetime": "2021-09-27 18:42:02", "elapsed": 739.361069, "delta": 4.831472}}
{"target": -12.87080010667675, "params": {"eta": 0.5, "max_depth": 28.648740378061504, "n_estimators": 40.863934572808134}, "datetime": {"datetime": "2021-09-27 18:42:05", "elapsed": 743.268735, "delta": 3.907666}}
{"target": -12.856896938728134, "params": {"eta": 0.5, "max_depth": 25.329560316409598, "n_estimators": 14.973637598483222}, "datetime": {"datetime": "2021-09-27 18:42:13", "elapsed": 750.375945, "delta": 7.10721}}
{"target": -11.958940997483811, "params": {"eta": 0.36806508356217055, "max_depth": 24.766917791390288, "n_estimators": 19.309003510449717}, "datetime": {"datetime": "2021-09-27 18:42:17", "elapsed": 754.785663, "delta": 4.409718}}
{"target": -12.804984406438003, "params": {"eta": 0.5, "max_depth": 27.44592658664358, "n_estimators": 11.787198194271449}, "datetime": {"datetime": "2021-09-27 18:42:21", "elapsed": 758.553844, "delta": 3.768181}}
{"target": -43.5230308782921, "params": {"eta": 0.07026629084902838, "max_depth": 22.310594975436246, "n_estimators": 11.67895340258689}, "datetime": {"datetime": "2021-09-27 18:42:24", "elapsed": 761.999395, "delta": 3.445551}}
{"target": -26.934179575739815, "params": {"eta": 0.05, "max_depth": 28.53379758445806, "n_estimators": 26.383274846121104}, "datetime": {"datetime": "2021-09-27 18:42:27", "elapsed": 764.822592, "delta": 2.823197}}
{"target": -25.773756275096172, "params": {"eta": 0.05, "max_depth": 21.66734187598956, "n_estimators": 27.56640243793315}, "datetime": {"datetime": "2021-09-27 18:42:30", "elapsed": 768.050883, "delta": 3.228291}}
{"target": -12.870645361325542, "params": {"eta": 0.5, "max_depth": 27.27834193707375, "n_estimators": 28.281203621429178}, "datetime": {"datetime": "2021-09-27 18:42:34", "elapsed": 771.504882, "delta": 3.453999}}
{"target": -13.840555667263546, "params": {"eta": 0.05, "max_depth": 7.000418673984424, "n_estimators": 45.35657684753528}, "datetime": {"datetime": "2021-09-27 18:42:37", "elapsed": 774.63446, "delta": 3.129578}}
{"target": -12.909693124379906, "params": {"eta": 0.5, "max_depth": 20.118919381651313, "n_estimators": 40.93736846572387}, "datetime": {"datetime": "2021-09-27 18:42:41", "elapsed": 779.086983, "delta": 4.452523}}
{"target": -12.871050369699688, "params": {"eta": 0.5, "max_depth": 21.830919161822482, "n_estimators": 44.5408989247807}, "datetime": {"datetime": "2021-09-27 18:42:46", "elapsed": 783.821138, "delta": 4.734155}}
{"target": -13.01948183273128, "params": {"eta": 0.4819416478745946, "max_depth": 11.126346218747434, "n_estimators": 13.1575398725046}, "datetime": {"datetime": "2021-09-27 18:42:51", "elapsed": 788.702976, "delta": 4.881838}}
{"target": -14.388090000052589, "params": {"eta": 0.5, "max_depth": 1.0, "n_estimators": 48.06197625224383}, "datetime": {"datetime": "2021-09-27 18:42:58", "elapsed": 795.590112, "delta": 6.887136}}
{"target": -11.777711767768968, "params": {"eta": 0.14121375056813507, "max_depth": 24.253926983958863, "n_estimators": 48.12549752636123}, "datetime": {"datetime": "2021-09-27 18:43:03", "elapsed": 800.468643, "delta": 4.878531}}
{"target": -37.08700849438299, "params": {"eta": 0.05, "max_depth": 5.753736322765639, "n_estimators": 19.058986996082428}, "datetime": {"datetime": "2021-09-27 18:43:07", "elapsed": 805.234873, "delta": 4.76623}}
{"target": -16.007990839692088, "params": {"eta": 0.05, "max_depth": 9.766853490060747, "n_estimators": 40.56859396672916}, "datetime": {"datetime": "2021-09-27 18:43:13", "elapsed": 811.043235, "delta": 5.808362}}
{"target": -13.342793993044738, "params": {"eta": 0.49613376508154794, "max_depth": 13.509535816848425, "n_estimators": 37.51839139270434}, "datetime": {"datetime": "2021-09-27 18:43:20", "elapsed": 817.884096, "delta": 6.840861}}
{"target": -18.72352386186406, "params": {"eta": 0.05, "max_depth": 16.42334947789179, "n_estimators": 35.25092695649217}, "datetime": {"datetime": "2021-09-27 18:43:25", "elapsed": 822.531344, "delta": 4.647248}}
{"target": -11.495408370594792, "params": {"eta": 0.08840017918668241, "max_depth": 6.640696973700941, "n_estimators": 42.92521884681257}, "datetime": {"datetime": "2021-09-27 18:43:29", "elapsed": 826.843233, "delta": 4.311889}}
{"target": -12.803338476614384, "params": {"eta": 0.4886381743231168, "max_depth": 20.19454149442012, "n_estimators": 48.81450415913115}, "datetime": {"datetime": "2021-09-27 18:43:34", "elapsed": 831.6838, "delta": 4.840567}}
{"target": -12.752453905636582, "params": {"eta": 0.5, "max_depth": 3.8483715429450047, "n_estimators": 17.9828247871635}, "datetime": {"datetime": "2021-09-27 18:43:38", "elapsed": 835.502378, "delta": 3.818578}}
{"target": -12.795366354429582, "params": {"eta": 0.47556471949556495, "max_depth": 6.948619088787995, "n_estimators": 36.42928880593716}, "datetime": {"datetime": "2021-09-27 18:43:43", "elapsed": 841.058619, "delta": 5.556241}}
{"target": -12.539419691663111, "params": {"eta": 0.3913243290756587, "max_depth": 17.01486942827841, "n_estimators": 38.53072918367444}, "datetime": {"datetime": "2021-09-27 18:43:47", "elapsed": 845.048315, "delta": 3.989696}}
{"target": -13.170979391630988, "params": {"eta": 0.49706570415728973, "max_depth": 22.121301133053414, "n_estimators": 16.33352991512998}, "datetime": {"datetime": "2021-09-27 18:43:51", "elapsed": 848.486742, "delta": 3.438427}}
{"target": -12.869865781867794, "params": {"eta": 0.5, "max_depth": 22.3089581314702, "n_estimators": 24.28549275170602}, "datetime": {"datetime": "2021-09-27 18:43:56", "elapsed": 853.506677, "delta": 5.019935}}
{"target": -11.517862624571347, "params": {"eta": 0.15132674170440408, "max_depth": 29.669886767945247, "n_estimators": 34.197905801521344}, "datetime": {"datetime": "2021-09-27 18:43:59", "elapsed": 856.923639, "delta": 3.416962}}
{"target": -33.84228895743533, "params": {"eta": 0.05, "max_depth": 25.35157402058695, "n_estimators": 21.689026367757638}, "datetime": {"datetime": "2021-09-27 18:44:02", "elapsed": 860.234932, "delta": 3.311293}}
{"target": -12.176967912643876, "params": {"eta": 0.18632390076823568, "max_depth": 21.570897397969656, "n_estimators": 43.12374593334751}, "datetime": {"datetime": "2021-09-27 18:44:07", "elapsed": 865.068106, "delta": 4.833174}}
{"target": -14.063259995412533, "params": {"eta": 0.24619770596390173, "max_depth": 1.7518607230088485, "n_estimators": 77.48312389393546}, "datetime": {"datetime": "2021-09-27 18:48:25", "elapsed": 0.0, "delta": 0.0}}
{"target": -12.141499915063228, "params": {"eta": 0.24589507667822458, "max_depth": 13.190666260537181, "n_estimators": 66.5167410501937}, "datetime": {"datetime": "2021-09-27 18:48:25", "elapsed": 0.426997, "delta": 0.426997}}
{"target": -11.797888575000725, "params": {"eta": 0.14209188531702913, "max_depth": 18.958858024169245, "n_estimators": 64.98273368372615}, "datetime": {"datetime": "2021-09-27 18:48:25", "elapsed": 0.971002, "delta": 0.544005}}
{"target": -12.389647424967476, "params": {"eta": 0.17007227379628997, "max_depth": 19.012881150309553, "n_estimators": 76.45710471385195}, "datetime": {"datetime": "2021-09-27 18:48:26", "elapsed": 1.906361, "delta": 0.935359}}
{"target": -11.514340419300465, "params": {"eta": 0.11056097540522011, "max_depth": 15.893765516706646, "n_estimators": 59.221993282345764}, "datetime": {"datetime": "2021-09-27 18:48:27", "elapsed": 2.497356, "delta": 0.590995}}
{"target": -12.496238270362225, "params": {"eta": 0.40340081651750304, "max_depth": 25.765283486545176, "n_estimators": 74.71184186909639}, "datetime": {"datetime": "2021-09-27 18:48:27", "elapsed": 2.919358, "delta": 0.422002}}
{"target": -12.035653164539129, "params": {"eta": 0.4309526684108606, "max_depth": 3.3097188332627687, "n_estimators": 75.2623045060852}, "datetime": {"datetime": "2021-09-27 18:48:28", "elapsed": 3.158355, "delta": 0.238997}}
{"target": -11.608797938505903, "params": {"eta": 0.07937892697409515, "max_depth": 13.415547500324294, "n_estimators": 54.826545783030625}, "datetime": {"datetime": "2021-09-27 18:48:29", "elapsed": 4.247373, "delta": 1.089018}}
{"target": -11.543635232581014, "params": {"eta": 0.3343586812346106, "max_depth": 8.858002598286497, "n_estimators": 75.89219114729003}, "datetime": {"datetime": "2021-09-27 18:48:29", "elapsed": 4.833335, "delta": 0.585962}}
{"target": -12.257662419715713, "params": {"eta": 0.23927442271541421, "max_depth": 14.18291324227636, "n_estimators": 78.85651260590596}, "datetime": {"datetime": "2021-09-27 18:48:30", "elapsed": 5.484337, "delta": 0.651002}}
{"target": -11.595039579854689, "params": {"eta": 0.13790533655893997, "max_depth": 19.058719641153118, "n_estimators": 73.51833077643099}, "datetime": {"datetime": "2021-09-27 18:48:31", "elapsed": 6.926054, "delta": 1.441717}}
{"target": -13.162447434302237, "params": {"eta": 0.4178182137065774, "max_depth": 2.5962950149333963, "n_estimators": 93.60887497097139}, "datetime": {"datetime": "2021-09-27 18:48:32", "elapsed": 7.289034, "delta": 0.36298}}
{"target": -12.481828666173152, "params": {"eta": 0.22704614005921037, "max_depth": 24.959865486873138, "n_estimators": 76.72302679196298}, "datetime": {"datetime": "2021-09-27 18:48:33", "elapsed": 8.562892, "delta": 1.273858}}
{"target": -12.723024735117733, "params": {"eta": 0.38884345384490254, "max_depth": 15.944656095544374, "n_estimators": 59.787614442596904}, "datetime": {"datetime": "2021-09-27 18:48:34", "elapsed": 9.194547, "delta": 0.631655}}
{"target": -11.588980180973945, "params": {"eta": 0.09332064963535569, "max_depth": 19.134750536993096, "n_estimators": 73.57211263996787}, "datetime": {"datetime": "2021-09-27 18:48:34", "elapsed": 9.880791, "delta": 0.686244}}
{"target": -11.880667228876577, "params": {"eta": 0.36842000610161413, "max_depth": 16.208133653103378, "n_estimators": 58.49976898075918}, "datetime": {"datetime": "2021-09-27 18:48:35", "elapsed": 10.61979, "delta": 0.738999}}
{"target": -11.480751169476488, "params": {"eta": 0.1374734964236485, "max_depth": 15.138228072468172, "n_estimators": 58.91450427848205}, "datetime": {"datetime": "2021-09-27 18:48:36", "elapsed": 11.496793, "delta": 0.877003}}
{"target": -11.130018284567196, "params": {"eta": 0.10585740907186311, "max_depth": 9.57456938711774, "n_estimators": 76.37759316341459}, "datetime": {"datetime": "2021-09-27 18:48:37", "elapsed": 12.418559, "delta": 0.921766}}
{"target": -11.558499985386721, "params": {"eta": 0.20011069779706672, "max_depth": 9.069259773880063, "n_estimators": 77.00979981641387}, "datetime": {"datetime": "2021-09-27 18:48:38", "elapsed": 13.452762, "delta": 1.034203}}
{"target": -12.159669067880627, "params": {"eta": 0.2934978021697872, "max_depth": 10.066489354283254, "n_estimators": 75.69480914097808}, "datetime": {"datetime": "2021-09-27 18:48:39", "elapsed": 14.279131, "delta": 0.826369}}
{"target": -11.300802303064716, "params": {"eta": 0.05, "max_depth": 10.045966147961147, "n_estimators": 77.00613758199209}, "datetime": {"datetime": "2021-09-27 18:48:40", "elapsed": 15.073128, "delta": 0.793997}}
{"target": -11.29847321158874, "params": {"eta": 0.05, "max_depth": 10.068137887379573, "n_estimators": 78.12579524063582}, "datetime": {"datetime": "2021-09-27 18:48:40", "elapsed": 15.767131, "delta": 0.694003}}
{"target": -12.89241644088067, "params": {"eta": 0.5, "max_depth": 10.895596413013978, "n_estimators": 77.78773149061107}, "datetime": {"datetime": "2021-09-27 18:48:41", "elapsed": 16.624636, "delta": 0.857505}}
{"target": -11.45157885713769, "params": {"eta": 0.09791966539230954, "max_depth": 9.220376034815194, "n_estimators": 78.17407959038766}, "datetime": {"datetime": "2021-09-27 18:48:42", "elapsed": 17.295633, "delta": 0.670997}}
{"target": -11.274911414848203, "params": {"eta": 0.07877447099556512, "max_depth": 10.048161143855092, "n_estimators": 79.01003388290613}, "datetime": {"datetime": "2021-09-27 18:48:42", "elapsed": 17.874631, "delta": 0.578998}}
{"target": -11.35263876145988, "params": {"eta": 0.06610952076084382, "max_depth": 9.061227791114616, "n_estimators": 79.30588626272025}, "datetime": {"datetime": "2021-09-27 18:48:43", "elapsed": 18.752669, "delta": 0.878038}}
{"target": -11.883665687460066, "params": {"eta": 0.41854291396237586, "max_depth": 9.68349889145006, "n_estimators": 80.11178906324336}, "datetime": {"datetime": "2021-09-27 18:48:45", "elapsed": 20.083815, "delta": 1.331146}}
{"target": -11.626695301940625, "params": {"eta": 0.17773415834326922, "max_depth": 7.742543019448264, "n_estimators": 79.38559638968572}, "datetime": {"datetime": "2021-09-27 18:48:46", "elapsed": 21.104816, "delta": 1.021001}}
{"target": -11.725368137197183, "params": {"eta": 0.05, "max_depth": 19.91959060673885, "n_estimators": 72.5450941665257}, "datetime": {"datetime": "2021-09-27 18:48:47", "elapsed": 22.47987, "delta": 1.375054}}
{"target": -11.619766660612111, "params": {"eta": 0.3692293808929157, "max_depth": 7.81544175697995, "n_estimators": 78.16024196573731}, "datetime": {"datetime": "2021-09-27 18:48:48", "elapsed": 23.6364, "delta": 1.15653}}
