{"target": -2.5608424763930473, "params": {"eta": 0.25273791100658466, "max_depth": 34.0617881761212, "n_estimators": 49.68786951024954}, "datetime": {"datetime": "2021-09-21 15:47:50", "elapsed": 1061.914025, "delta": 3.871303}}
{"target": -2.507764180710441, "params": {"eta": 0.31493927343100375, "max_depth": 22.34799751937352, "n_estimators": 36.71330089881269}, "datetime": {"datetime": "2021-09-21 15:47:53", "elapsed": 1065.254256, "delta": 3.340231}}
{"target": -2.550004770881251, "params": {"eta": 0.05291188041096891, "max_depth": 21.716262599012673, "n_estimators": 59.16300265696423}, "datetime": {"datetime": "2021-09-21 15:47:59", "elapsed": 1071.043531, "delta": 5.789275}}
{"target": -2.3901214762737877, "params": {"eta": 0.16738132203611114, "max_depth": 21.09816571395408, "n_estimators": 49.156468493656156}, "datetime": {"datetime": "2021-09-21 15:48:06", "elapsed": 1078.510116, "delta": 7.466585}}
{"target": -2.273235883838252, "params": {"eta": 0.17326788188006512, "max_depth": 32.51137448160361, "n_estimators": 46.91177310880104}, "datetime": {"datetime": "2021-09-21 15:48:10", "elapsed": 1081.748055, "delta": 3.237939}}
{"target": -2.4311299681663514, "params": {"eta": 0.31138374071327213, "max_depth": 15.642303381913122, "n_estimators": 52.8328384352814}, "datetime": {"datetime": "2021-09-21 15:48:13", "elapsed": 1085.005794, "delta": 3.257739}}
{"target": -2.448491846887689, "params": {"eta": 0.24801248164278444, "max_depth": 19.43432366287781, "n_estimators": 60.16164386068027}, "datetime": {"datetime": "2021-09-21 15:48:19", "elapsed": 1091.366312, "delta": 6.360518}}
{"target": -2.344095031838668, "params": {"eta": 0.09131988126221006, "max_depth": 10.482697522417435, "n_estimators": 60.9982943101165}, "datetime": {"datetime": "2021-09-21 15:48:26", "elapsed": 1097.685297, "delta": 6.318985}}
{"target": -2.424480384274533, "params": {"eta": 0.22820363479196482, "max_depth": 32.45024299357193, "n_estimators": 46.94344179990368}, "datetime": {"datetime": "2021-09-21 15:48:31", "elapsed": 1103.519184, "delta": 5.833887}}
{"target": -2.3370821871255574, "params": {"eta": 0.3016151776096074, "max_depth": 30.21264842406736, "n_estimators": 47.541708047257416}, "datetime": {"datetime": "2021-09-21 15:48:41", "elapsed": 1113.185945, "delta": 9.666761}}
{"target": -2.6730448120518737, "params": {"eta": 0.49262989025182197, "max_depth": 25.54303945156836, "n_estimators": 43.089497500620936}, "datetime": {"datetime": "2021-09-21 15:48:45", "elapsed": 1116.878581, "delta": 3.692636}}
{"target": -2.3304879495972086, "params": {"eta": 0.10500389696109219, "max_depth": 22.37622303534684, "n_estimators": 61.909714888865004}, "datetime": {"datetime": "2021-09-21 15:48:51", "elapsed": 1123.527937, "delta": 6.649356}}
{"target": -2.4736690019306384, "params": {"eta": 0.36048821967233663, "max_depth": 21.14734312286261, "n_estimators": 31.219773573345474}, "datetime": {"datetime": "2021-09-21 15:48:56", "elapsed": 1128.442244, "delta": 4.914307}}
{"target": -2.381297858765251, "params": {"eta": 0.2362940974855955, "max_depth": 33.118632447131574, "n_estimators": 55.67201102949302}, "datetime": {"datetime": "2021-09-21 15:49:03", "elapsed": 1134.710193, "delta": 6.267949}}
{"target": -2.2341255257004184, "params": {"eta": 0.17350260494820446, "max_depth": 19.193806653149096, "n_estimators": 60.09821096677692}, "datetime": {"datetime": "2021-09-21 15:49:07", "elapsed": 1139.097059, "delta": 4.386866}}
{"target": -2.3943085049328054, "params": {"eta": 0.22115711176625896, "max_depth": 16.073354357223526, "n_estimators": 30.702527593907135}, "datetime": {"datetime": "2021-09-21 15:49:10", "elapsed": 1141.935612, "delta": 2.838553}}
{"target": -2.361271107824225, "params": {"eta": 0.27858267933501385, "max_depth": 19.214389788921146, "n_estimators": 60.00130671376512}, "datetime": {"datetime": "2021-09-21 15:49:17", "elapsed": 1148.942588, "delta": 7.006976}}
{"target": -2.4698227443193135, "params": {"eta": 0.3869369868180221, "max_depth": 23.15345072960433, "n_estimators": 61.764111920380756}, "datetime": {"datetime": "2021-09-21 15:49:23", "elapsed": 1155.203988, "delta": 6.2614}}
{"target": -2.3756916999816897, "params": {"eta": 0.2235001153150693, "max_depth": 20.959882485178813, "n_estimators": 49.097778149061966}, "datetime": {"datetime": "2021-09-21 15:49:33", "elapsed": 1164.791999, "delta": 9.588011}}
{"target": -2.270227089681123, "params": {"eta": 0.20404610149224867, "max_depth": 33.16962143275289, "n_estimators": 55.79886155878801}, "datetime": {"datetime": "2021-09-21 15:49:41", "elapsed": 1172.941439, "delta": 8.14944}}
{"target": -2.3328778329648467, "params": {"eta": 0.10188488075824237, "max_depth": 10.680592352173958, "n_estimators": 59.05627042692127}, "datetime": {"datetime": "2021-09-21 15:49:48", "elapsed": 1179.99345, "delta": 7.052011}}
{"target": -2.3876800549657724, "params": {"eta": 0.08693372815829725, "max_depth": 33.31278746420978, "n_estimators": 55.71172793369797}, "datetime": {"datetime": "2021-09-21 15:49:57", "elapsed": 1189.226726, "delta": 9.233276}}
{"target": -2.3095674903769243, "params": {"eta": 0.12947282720729966, "max_depth": 10.306685066234106, "n_estimators": 61.4353337212149}, "datetime": {"datetime": "2021-09-21 15:50:05", "elapsed": 1197.621996, "delta": 8.39527}}
{"target": -2.3242782341806514, "params": {"eta": 0.21370798273385794, "max_depth": 31.95281122320887, "n_estimators": 58.300473865522434}, "datetime": {"datetime": "2021-09-21 15:50:15", "elapsed": 1207.52094, "delta": 9.898944}}
{"target": -2.2417565057152196, "params": {"eta": 0.1423249660351622, "max_depth": 32.90925102059646, "n_estimators": 42.38216177918593}, "datetime": {"datetime": "2021-09-21 15:50:24", "elapsed": 1216.540104, "delta": 9.019164}}
{"target": -2.194883175900108, "params": {"eta": 0.158417118070022, "max_depth": 21.723807074820762, "n_estimators": 49.730226949965}, "datetime": {"datetime": "2021-09-21 15:50:29", "elapsed": 1221.234599, "delta": 4.694495}}
{"target": -2.3015156545137105, "params": {"eta": 0.1447101753897361, "max_depth": 32.93636753726627, "n_estimators": 42.279921023131564}, "datetime": {"datetime": "2021-09-21 15:50:36", "elapsed": 1228.487476, "delta": 7.252877}}
{"target": -2.3323552181846217, "params": {"eta": 0.15969102204046975, "max_depth": 19.12602381173231, "n_estimators": 60.094265218268916}, "datetime": {"datetime": "2021-09-21 15:50:46", "elapsed": 1238.631324, "delta": 10.143848}}
{"target": -2.3257803245594624, "params": {"eta": 0.16869312696914407, "max_depth": 10.561197338217143, "n_estimators": 61.1174361352097}, "datetime": {"datetime": "2021-09-21 15:51:00", "elapsed": 1252.02517, "delta": 13.393846}}
{"target": -2.3424697166994997, "params": {"eta": 0.18626412107940304, "max_depth": 32.929324929680554, "n_estimators": 49.7434961882789}, "datetime": {"datetime": "2021-09-21 15:51:07", "elapsed": 1259.615166, "delta": 7.589996}}
{"target": -2.5297774051365103, "params": {"eta": 0.34934832085700074, "max_depth": 16.794982729767064, "n_estimators": 35.191750071539374}, "datetime": {"datetime": "2021-09-21 15:51:12", "elapsed": 1264.283586, "delta": 4.66842}}
{"target": -2.428638335905577, "params": {"eta": 0.3112994995215531, "max_depth": 24.37800555253712, "n_estimators": 59.21771793000569}, "datetime": {"datetime": "2021-09-21 15:51:19", "elapsed": 1271.338334, "delta": 7.054748}}
{"target": -2.2252942900908623, "params": {"eta": 0.2058088186577015, "max_depth": 30.212328200921515, "n_estimators": 47.47193852163838}, "datetime": {"datetime": "2021-09-21 15:51:35", "elapsed": 1286.999485, "delta": 15.661151}}
{"target": -2.3797055231897453, "params": {"eta": 0.09025435396262962, "max_depth": 21.855813920716393, "n_estimators": 49.719257843595614}, "datetime": {"datetime": "2021-09-21 15:51:45", "elapsed": 1296.944947, "delta": 9.945462}}
{"target": -2.501278453124197, "params": {"eta": 0.3488203314285896, "max_depth": 24.88338290479848, "n_estimators": 59.44191037313816}, "datetime": {"datetime": "2021-09-21 15:51:53", "elapsed": 1305.174022, "delta": 8.229075}}
{"target": -2.6246178137628657, "params": {"eta": 0.48359742471335837, "max_depth": 30.26030674104076, "n_estimators": 30.933566420604702}, "datetime": {"datetime": "2021-09-21 15:52:01", "elapsed": 1312.812798, "delta": 7.638776}}
{"target": -2.308248490408847, "params": {"eta": 0.11729652126002063, "max_depth": 10.390659501303178, "n_estimators": 61.100909598138266}, "datetime": {"datetime": "2021-09-21 15:52:07", "elapsed": 1319.345808, "delta": 6.53301}}
{"target": -2.397581524597971, "params": {"eta": 0.33052026574050575, "max_depth": 11.834747412038467, "n_estimators": 47.054582188769224}, "datetime": {"datetime": "2021-09-21 15:52:13", "elapsed": 1325.607582, "delta": 6.261774}}
{"target": -2.337613992942007, "params": {"eta": 0.20031470959672454, "max_depth": 10.307679772380867, "n_estimators": 61.07990370425689}, "datetime": {"datetime": "2021-09-21 15:52:24", "elapsed": 1335.655259, "delta": 10.047677}}
{"target": -2.4581311106681825, "params": {"eta": 0.36006396899662285, "max_depth": 25.685616831147854, "n_estimators": 34.68760626355691}, "datetime": {"datetime": "2021-09-21 15:52:31", "elapsed": 1342.756295, "delta": 7.101036}}
{"target": -2.535673154655256, "params": {"eta": 0.30515878533831475, "max_depth": 12.786374655149864, "n_estimators": 48.4986714149106}, "datetime": {"datetime": "2021-09-21 15:52:36", "elapsed": 1348.011026, "delta": 5.254731}}
{"target": -2.4891698247507996, "params": {"eta": 0.0553471258036668, "max_depth": 28.916720188472357, "n_estimators": 60.55647841533488}, "datetime": {"datetime": "2021-09-21 15:52:42", "elapsed": 1354.410652, "delta": 6.399626}}
{"target": -2.383718951124894, "params": {"eta": 0.09950271227319568, "max_depth": 26.230697572578062, "n_estimators": 49.820947422855866}, "datetime": {"datetime": "2021-09-21 15:52:50", "elapsed": 1362.32235, "delta": 7.911698}}
{"target": -2.457883012294769, "params": {"eta": 0.3139704231769914, "max_depth": 31.946320077808465, "n_estimators": 46.03772562613193}, "datetime": {"datetime": "2021-09-21 15:53:01", "elapsed": 1372.753324, "delta": 10.430974}}
{"target": -2.703316684773094, "params": {"eta": 0.4988921045349048, "max_depth": 23.963617953979938, "n_estimators": 39.57921324248685}, "datetime": {"datetime": "2021-09-21 15:53:10", "elapsed": 1381.660159, "delta": 8.906835}}
{"target": -2.557927999370976, "params": {"eta": 0.05162410201796907, "max_depth": 10.30600590879174, "n_estimators": 61.26023569501498}, "datetime": {"datetime": "2021-09-21 15:53:20", "elapsed": 1392.574414, "delta": 10.914255}}
{"target": -2.7151443688493027, "params": {"eta": 0.49639037866515046, "max_depth": 12.585885963625948, "n_estimators": 62.5754096425582}, "datetime": {"datetime": "2021-09-21 15:53:24", "elapsed": 1396.588141, "delta": 4.013727}}
{"target": -2.2569852935640435, "params": {"eta": 0.143643744133604, "max_depth": 25.29076317819487, "n_estimators": 40.853342067396106}, "datetime": {"datetime": "2021-09-21 15:53:31", "elapsed": 1403.161072, "delta": 6.572931}}
{"target": -2.38191060894414, "params": {"eta": 0.27599633989627564, "max_depth": 27.23397730931375, "n_estimators": 39.34416504691805}, "datetime": {"datetime": "2021-09-21 15:53:40", "elapsed": 1412.419833, "delta": 9.258761}}
{"target": -2.3041371891373084, "params": {"eta": 0.0989078524795, "max_depth": 21.79311308682207, "n_estimators": 49.818812985298294}, "datetime": {"datetime": "2021-09-21 15:53:50", "elapsed": 1422.480418, "delta": 10.060585}}
{"target": -2.2226609255138197, "params": {"eta": 0.16308074681457194, "max_depth": 30.66513775700726, "n_estimators": 48.38875732839445}, "datetime": {"datetime": "2021-09-21 15:53:58", "elapsed": 1429.862205, "delta": 7.381787}}
{"target": -2.337644604632729, "params": {"eta": 0.08587603961044413, "max_depth": 19.684285534632455, "n_estimators": 48.61078569122085}, "datetime": {"datetime": "2021-09-21 15:54:05", "elapsed": 1437.315063, "delta": 7.452858}}
{"target": -2.3203617880218905, "params": {"eta": 0.1759594262110954, "max_depth": 10.44930495804393, "n_estimators": 59.014024976860824}, "datetime": {"datetime": "2021-09-21 15:54:14", "elapsed": 1446.546686, "delta": 9.231623}}
{"target": -2.414803167393333, "params": {"eta": 0.27748756247959255, "max_depth": 10.526185848062067, "n_estimators": 61.03444990663725}, "datetime": {"datetime": "2021-09-21 15:54:27", "elapsed": 1458.943385, "delta": 12.396699}}
{"target": -2.423979698356829, "params": {"eta": 0.2856290074092826, "max_depth": 17.94364618756726, "n_estimators": 38.25390212706722}, "datetime": {"datetime": "2021-09-21 15:54:32", "elapsed": 1464.029632, "delta": 5.086247}}
{"target": -2.3035078249479595, "params": {"eta": 0.11995150866472518, "max_depth": 10.501428276216096, "n_estimators": 59.05036413686329}, "datetime": {"datetime": "2021-09-21 15:54:47", "elapsed": 1478.72817, "delta": 14.698538}}
{"target": -2.502435679184763, "params": {"eta": 0.25217791042445126, "max_depth": 28.578424068484466, "n_estimators": 60.924145940914606}, "datetime": {"datetime": "2021-09-21 15:55:00", "elapsed": 1492.217583, "delta": 13.489413}}
{"target": -2.3277221780074266, "params": {"eta": 0.10420613050447289, "max_depth": 16.077197511345283, "n_estimators": 37.21741389056234}, "datetime": {"datetime": "2021-09-21 15:55:06", "elapsed": 1498.606975, "delta": 6.389392}}
{"target": -2.274592570254677, "params": {"eta": 0.0839269840625984, "max_depth": 19.339782908889358, "n_estimators": 59.968556543739055}, "datetime": {"datetime": "2021-09-21 15:55:15", "elapsed": 1507.553507, "delta": 8.946532}}
{"target": -2.2539813211089688, "params": {"eta": 0.19407346358806143, "max_depth": 21.67774204291854, "n_estimators": 59.0822822415921}, "datetime": {"datetime": "2021-09-21 15:55:27", "elapsed": 1519.490428, "delta": 11.936921}}
{"target": -2.7150346636772156, "params": {"eta": 0.497013362099385, "max_depth": 26.813193265795473, "n_estimators": 36.791886195249404}, "datetime": {"datetime": "2021-09-21 15:55:33", "elapsed": 1525.033066, "delta": 5.542638}}
{"target": -2.2545010692194887, "params": {"eta": 0.08427826966344401, "max_depth": 33.183011760683996, "n_estimators": 55.58684976529001}, "datetime": {"datetime": "2021-09-21 15:55:45", "elapsed": 1536.722188, "delta": 11.689122}}
{"target": -2.507204032571692, "params": {"eta": 0.3893805848850477, "max_depth": 16.242685783054558, "n_estimators": 47.17539979676955}, "datetime": {"datetime": "2021-09-21 15:55:48", "elapsed": 1540.190387, "delta": 3.468199}}
{"target": -2.33294614678935, "params": {"eta": 0.2812114036479429, "max_depth": 30.66073761452271, "n_estimators": 48.37899829124582}, "datetime": {"datetime": "2021-09-21 15:55:58", "elapsed": 1550.119847, "delta": 9.92946}}
{"target": -2.5510448907551013, "params": {"eta": 0.07366186888133877, "max_depth": 25.256170249217448, "n_estimators": 40.78511592117802}, "datetime": {"datetime": "2021-09-21 15:56:07", "elapsed": 1558.869609, "delta": 8.749762}}
{"target": -2.4416196892136015, "params": {"eta": 0.46905304920308194, "max_depth": 21.24560662766205, "n_estimators": 51.31594285665271}, "datetime": {"datetime": "2021-09-21 15:56:11", "elapsed": 1563.015688, "delta": 4.146079}}
{"target": -2.248085017580735, "params": {"eta": 0.08007082476347183, "max_depth": 10.402034147810912, "n_estimators": 60.99170938199905}, "datetime": {"datetime": "2021-09-21 15:56:20", "elapsed": 1571.929546, "delta": 8.913858}}
{"target": -3.2090578336464732, "params": {"eta": 0.06753808906016553, "max_depth": 10.701421143265776, "n_estimators": 34.912521243723745}, "datetime": {"datetime": "2021-09-21 15:56:25", "elapsed": 1576.652155, "delta": 4.722609}}
{"target": -2.3125167300826623, "params": {"eta": 0.10611394243627628, "max_depth": 33.09606488483666, "n_estimators": 55.627612701377416}, "datetime": {"datetime": "2021-09-21 15:56:34", "elapsed": 1586.028093, "delta": 9.375938}}
{"target": -2.2761356661194245, "params": {"eta": 0.10717298232847251, "max_depth": 19.42175326146164, "n_estimators": 60.05764955966612}, "datetime": {"datetime": "2021-09-21 15:56:43", "elapsed": 1594.798979, "delta": 8.770886}}
{"target": -2.3714933903593765, "params": {"eta": 0.11789149700205499, "max_depth": 29.833835181060607, "n_estimators": 33.86364690687343}, "datetime": {"datetime": "2021-09-21 15:56:48", "elapsed": 1599.810376, "delta": 5.011397}}
{"target": -2.388387267213119, "params": {"eta": 0.06296267186811204, "max_depth": 10.015495362234185, "n_estimators": 57.342205709351255}, "datetime": {"datetime": "2021-09-21 15:56:57", "elapsed": 1609.307773, "delta": 9.497397}}
{"target": -2.447419936405985, "params": {"eta": 0.10189723854783335, "max_depth": 10.218271426547952, "n_estimators": 61.0251812967456}, "datetime": {"datetime": "2021-09-21 15:57:08", "elapsed": 1620.156983, "delta": 10.84921}}
