{"target": -4.545399363663797, "params": {"eta": 0.012396517273524553, "max_depth": 6.296100983177154, "n_estimators": 4.234957049742699}, "datetime": {"datetime": "2021-09-17 15:58:21", "elapsed": 689.466545, "delta": 3.744202}}
{"target": 0.7773480687094761, "params": {"eta": 0.635835420168313, "max_depth": 5.850864369949376, "n_estimators": 4.6086162949969705}, "datetime": {"datetime": "2021-09-17 15:58:24", "elapsed": 692.89235, "delta": 3.425805}}
{"target": 0.7450059265577442, "params": {"eta": 0.7362526828550217, "max_depth": 6.821602190389198, "n_estimators": 4.230049111117295}, "datetime": {"datetime": "2021-09-17 15:58:29", "elapsed": 698.198591, "delta": 5.306241}}
{"target": 0.7906008659586616, "params": {"eta": 0.8926423872447182, "max_depth": 5.812276367200181, "n_estimators": 4.879006392098008}, "datetime": {"datetime": "2021-09-17 15:58:32", "elapsed": 700.277296, "delta": 2.078705}}
{"target": 0.7528439674469314, "params": {"eta": 1.0, "max_depth": 7.5726773876081515, "n_estimators": 2.928696070013278}, "datetime": {"datetime": "2021-09-17 15:58:36", "elapsed": 704.589978, "delta": 4.312682}}
{"target": 0.7465989666963314, "params": {"eta": 0.6712410683290506, "max_depth": 2.8470046639431503, "n_estimators": 6.752246440623197}, "datetime": {"datetime": "2021-09-17 15:58:40", "elapsed": 708.525995, "delta": 3.936017}}
{"target": 0.7794458970659837, "params": {"eta": 0.5539691838462081, "max_depth": 4.915894337403941, "n_estimators": 4.63661275479509}, "datetime": {"datetime": "2021-09-17 15:58:42", "elapsed": 710.694084, "delta": 2.168089}}
{"target": 0.7476024434648578, "params": {"eta": 0.6519337014164877, "max_depth": 5.059910208374351, "n_estimators": 3.5841919560824174}, "datetime": {"datetime": "2021-09-17 15:58:45", "elapsed": 713.884048, "delta": 3.189964}}
{"target": -4.441423126946196, "params": {"eta": 0.01, "max_depth": 3.386235543227716, "n_estimators": 6.937626729136267}, "datetime": {"datetime": "2021-09-17 15:58:49", "elapsed": 717.861787, "delta": 3.977739}}
{"target": 0.7860919184383449, "params": {"eta": 0.6464851166889451, "max_depth": 3.7277839796886294, "n_estimators": 6.504032277273662}, "datetime": {"datetime": "2021-09-17 15:58:52", "elapsed": 721.168648, "delta": 3.306861}}
{"target": 0.7756239542844303, "params": {"eta": 0.42619301526641323, "max_depth": 5.016421430669236, "n_estimators": 5.582719377296188}, "datetime": {"datetime": "2021-09-17 15:58:56", "elapsed": 724.526809, "delta": 3.358161}}
{"target": 0.8138898955150672, "params": {"eta": 0.5739925288034171, "max_depth": 8.141015509017835, "n_estimators": 6.252094114443713}, "datetime": {"datetime": "2021-09-17 15:58:58", "elapsed": 726.633123, "delta": 2.106314}}
{"target": 0.7333815388505713, "params": {"eta": 0.6053636720260527, "max_depth": 7.019332543294581, "n_estimators": 3.5469387221706152}, "datetime": {"datetime": "2021-09-17 15:59:02", "elapsed": 730.614829, "delta": 3.981706}}
{"target": 0.23588880897424802, "params": {"eta": 0.7748254919263642, "max_depth": 9.939828328516638, "n_estimators": 1.2983038081009153}, "datetime": {"datetime": "2021-09-17 15:59:04", "elapsed": 732.613813, "delta": 1.998984}}
{"target": 0.7008413102873174, "params": {"eta": 0.5977213562477274, "max_depth": 1.4662659545786494, "n_estimators": 4.287170637110901}, "datetime": {"datetime": "2021-09-17 15:59:08", "elapsed": 736.424262, "delta": 3.810449}}
{"target": 0.7755769387346723, "params": {"eta": 0.5647795480032488, "max_depth": 4.981382637323733, "n_estimators": 5.106398419482954}, "datetime": {"datetime": "2021-09-17 15:59:10", "elapsed": 738.597129, "delta": 2.172867}}
{"target": 0.7984747944339912, "params": {"eta": 1.0, "max_depth": 5.485383287884531, "n_estimators": 8.65441300683196}, "datetime": {"datetime": "2021-09-17 15:59:15", "elapsed": 743.576973, "delta": 4.979844}}
{"target": 0.8126442965364142, "params": {"eta": 0.44366491893309884, "max_depth": 9.607950899889303, "n_estimators": 5.205333770774407}, "datetime": {"datetime": "2021-09-17 15:59:17", "elapsed": 745.876016, "delta": 2.299043}}
{"target": 0.7929741450739759, "params": {"eta": 0.5827421093594476, "max_depth": 9.68773001901386, "n_estimators": 5.655572017835888}, "datetime": {"datetime": "2021-09-17 15:59:21", "elapsed": 749.274497, "delta": 3.398481}}
{"target": 0.43086967048699343, "params": {"eta": 0.5610644712019673, "max_depth": 2.6770479238458793, "n_estimators": 2.95224378318859}, "datetime": {"datetime": "2021-09-17 15:59:24", "elapsed": 752.728666, "delta": 3.454169}}
{"target": 0.7600994512425905, "params": {"eta": 0.5757372606263018, "max_depth": 1.0008399263809846, "n_estimators": 7.6066856601496315}, "datetime": {"datetime": "2021-09-17 15:59:28", "elapsed": 756.710095, "delta": 3.981429}}
{"target": 0.8053512035937708, "params": {"eta": 0.5392958105735809, "max_depth": 2.6111844486745124, "n_estimators": 9.658349829173678}, "datetime": {"datetime": "2021-09-17 15:59:33", "elapsed": 761.51569, "delta": 4.805595}}
{"target": 0.7476663318058681, "params": {"eta": 0.7260505723512648, "max_depth": 2.101072221325062, "n_estimators": 7.29198749438224}, "datetime": {"datetime": "2021-09-17 15:59:37", "elapsed": 765.460911, "delta": 3.945221}}
{"target": -4.120274767911457, "params": {"eta": 0.01, "max_depth": 1.4082353883905308, "n_estimators": 10.0}, "datetime": {"datetime": "2021-09-17 15:59:40", "elapsed": 768.947478, "delta": 3.486567}}
{"target": 0.7795095610024149, "params": {"eta": 0.6616410764749207, "max_depth": 2.190904680735858, "n_estimators": 9.997682854404545}, "datetime": {"datetime": "2021-09-17 15:59:44", "elapsed": 772.752091, "delta": 3.804613}}
{"target": 0.7630357736274103, "params": {"eta": 0.6037647314832798, "max_depth": 1.0, "n_estimators": 10.0}, "datetime": {"datetime": "2021-09-17 15:59:47", "elapsed": 775.686818, "delta": 2.934727}}
{"target": 0.7413130447522431, "params": {"eta": 0.6974782747256234, "max_depth": 1.8452159440369282, "n_estimators": 9.9848086255995}, "datetime": {"datetime": "2021-09-17 15:59:50", "elapsed": 778.963265, "delta": 3.276447}}
{"target": 0.6253447271287116, "params": {"eta": 0.9888346653867723, "max_depth": 7.241511906398574, "n_estimators": 1.677068899482371}, "datetime": {"datetime": "2021-09-17 15:59:53", "elapsed": 782.14698, "delta": 3.183715}}
{"target": 0.6463688258184356, "params": {"eta": 1.0, "max_depth": 2.1972870080826286, "n_estimators": 1.3761586534059833}, "datetime": {"datetime": "2021-09-17 15:59:57", "elapsed": 785.643591, "delta": 3.496611}}
{"target": 0.743337095576976, "params": {"eta": 1.0, "max_depth": 9.795416092721211, "n_estimators": 7.881824124121495}, "datetime": {"datetime": "2021-09-17 16:00:00", "elapsed": 788.995501, "delta": 3.35191}}
{"target": 0.7553695587042677, "params": {"eta": 0.39877867427924585, "max_depth": 2.3510454787975426, "n_estimators": 7.374765971414584}, "datetime": {"datetime": "2021-09-17 16:00:03", "elapsed": 791.283608, "delta": 2.288107}}
{"target": -2.4466102924603264, "params": {"eta": 0.082573087971228, "max_depth": 1.7107915380451963, "n_estimators": 4.984965709210764}, "datetime": {"datetime": "2021-09-17 16:00:05", "elapsed": 793.331297, "delta": 2.047689}}
{"target": -4.291881117407946, "params": {"eta": 0.02499725883180046, "max_depth": 8.700582671194919, "n_estimators": 3.045329546705804}, "datetime": {"datetime": "2021-09-17 16:00:07", "elapsed": 795.819898, "delta": 2.488601}}
{"target": 0.7138911012831503, "params": {"eta": 0.6990661393755294, "max_depth": 2.0320262390195634, "n_estimators": 4.757008888771599}, "datetime": {"datetime": "2021-09-17 16:00:13", "elapsed": 801.812994, "delta": 5.993096}}
{"target": 0.7613923321632069, "params": {"eta": 1.0, "max_depth": 8.513264329785637, "n_estimators": 6.6345885453314}, "datetime": {"datetime": "2021-09-17 16:00:16", "elapsed": 805.128552, "delta": 3.315558}}
{"target": -4.641800766139532, "params": {"eta": 0.01, "max_depth": 10.0, "n_estimators": 4.931901681627306}, "datetime": {"datetime": "2021-09-17 16:00:22", "elapsed": 810.52743, "delta": 5.398878}}
{"target": 0.78030671175576, "params": {"eta": 0.8750848894655447, "max_depth": 7.815548974838097, "n_estimators": 9.942198009057222}, "datetime": {"datetime": "2021-09-17 16:00:24", "elapsed": 812.789187, "delta": 2.261757}}
{"target": 0.7644399757409854, "params": {"eta": 0.6984672729973637, "max_depth": 9.686849037569942, "n_estimators": 4.977375406626564}, "datetime": {"datetime": "2021-09-17 16:00:30", "elapsed": 818.54976, "delta": 5.760573}}
{"target": 0.7961933707713839, "params": {"eta": 0.6646022108502483, "max_depth": 9.230922806158434, "n_estimators": 5.428823207115216}, "datetime": {"datetime": "2021-09-17 16:00:34", "elapsed": 822.634592, "delta": 4.084832}}
{"target": 0.7943773667326308, "params": {"eta": 0.6885342749428774, "max_depth": 8.320973373123135, "n_estimators": 7.864967847097876}, "datetime": {"datetime": "2021-09-17 16:00:37", "elapsed": 825.786273, "delta": 3.151681}}
{"target": 0.7438357713580328, "params": {"eta": 0.3119200037374609, "max_depth": 1.0840271792632237, "n_estimators": 9.852853265625201}, "datetime": {"datetime": "2021-09-17 16:00:39", "elapsed": 828.094395, "delta": 2.308122}}
{"target": 0.7827684221145522, "params": {"eta": 0.5966438253975038, "max_depth": 2.263518061672178, "n_estimators": 7.70483425901432}, "datetime": {"datetime": "2021-09-17 16:00:43", "elapsed": 832.036059, "delta": 3.941664}}
{"target": 0.6329085524532094, "params": {"eta": 1.0, "max_depth": 4.214293363820996, "n_estimators": 1.419959168967319}, "datetime": {"datetime": "2021-09-17 16:00:48", "elapsed": 837.134076, "delta": 5.098017}}
{"target": -4.746064806838786, "params": {"eta": 0.01, "max_depth": 4.958500015590228, "n_estimators": 3.2691964636741875}, "datetime": {"datetime": "2021-09-17 16:00:54", "elapsed": 842.592962, "delta": 5.458886}}
{"target": 0.7530352891991429, "params": {"eta": 0.9974432631416233, "max_depth": 7.568341472585084, "n_estimators": 2.9337216439586284}, "datetime": {"datetime": "2021-09-17 16:00:56", "elapsed": 844.831717, "delta": 2.238755}}
{"target": 0.749495600372698, "params": {"eta": 0.6207268250415526, "max_depth": 4.536712201786871, "n_estimators": 4.003892460913476}, "datetime": {"datetime": "2021-09-17 16:01:00", "elapsed": 848.560045, "delta": 3.728328}}
{"target": 0.7580728887522123, "params": {"eta": 0.7204136769696956, "max_depth": 5.665210066235386, "n_estimators": 3.978837174321982}, "datetime": {"datetime": "2021-09-17 16:01:04", "elapsed": 852.699771, "delta": 4.139726}}
{"target": 0.7300825520268106, "params": {"eta": 1.0, "max_depth": 2.8327057776625506, "n_estimators": 8.394402223295454}, "datetime": {"datetime": "2021-09-17 16:01:08", "elapsed": 856.547663, "delta": 3.847892}}
{"target": 0.7616428428395106, "params": {"eta": 0.5445179772317861, "max_depth": 1.2472392860770882, "n_estimators": 8.948915299431016}, "datetime": {"datetime": "2021-09-17 16:01:10", "elapsed": 858.833842, "delta": 2.286179}}
{"target": 0.7618083036989165, "params": {"eta": 0.5911091417657273, "max_depth": 1.1794205532980717, "n_estimators": 8.417244539890229}, "datetime": {"datetime": "2021-09-17 16:01:14", "elapsed": 862.998328, "delta": 4.164486}}
{"target": 0.796601892520311, "params": {"eta": 0.5420396931014497, "max_depth": 2.33287592518889, "n_estimators": 6.891496170079536}, "datetime": {"datetime": "2021-09-17 16:01:18", "elapsed": 866.914352, "delta": 3.916024}}
{"target": 0.6329085524532094, "params": {"eta": 1.0, "max_depth": 5.390177707365185, "n_estimators": 1.4180417233685956}, "datetime": {"datetime": "2021-09-17 16:01:22", "elapsed": 870.564828, "delta": 3.650476}}
{"target": 0.7839445859497436, "params": {"eta": 0.7013338798605313, "max_depth": 9.800823924760172, "n_estimators": 5.332172369944582}, "datetime": {"datetime": "2021-09-17 16:01:25", "elapsed": 874.184428, "delta": 3.6196}}
{"target": 0.7755577158963828, "params": {"eta": 0.9739811382297664, "max_depth": 7.672314221706837, "n_estimators": 3.892491841223525}, "datetime": {"datetime": "2021-09-17 16:01:28", "elapsed": 876.54465, "delta": 2.360222}}
{"target": 0.7804542802760858, "params": {"eta": 0.7149283284553227, "max_depth": 8.975044366674423, "n_estimators": 7.625515389280318}, "datetime": {"datetime": "2021-09-17 16:01:31", "elapsed": 879.826648, "delta": 3.281998}}
{"target": 0.7281643388988119, "params": {"eta": 0.9178307278537856, "max_depth": 4.762543275888406, "n_estimators": 2.898657218246311}, "datetime": {"datetime": "2021-09-17 16:01:35", "elapsed": 884.057796, "delta": 4.231148}}
{"target": 0.7755442006651558, "params": {"eta": 0.8259102174101808, "max_depth": 10.0, "n_estimators": 4.686158557503665}, "datetime": {"datetime": "2021-09-17 16:01:40", "elapsed": 888.755798, "delta": 4.698002}}
{"target": 0.8183173195147181, "params": {"eta": 0.660276962755613, "max_depth": 9.329450583463895, "n_estimators": 9.653996659319237}, "datetime": {"datetime": "2021-09-17 16:01:47", "elapsed": 895.611404, "delta": 6.855606}}
{"target": 0.8009286889998739, "params": {"eta": 0.6588361702218842, "max_depth": 9.930719939372265, "n_estimators": 4.192357605319726}, "datetime": {"datetime": "2021-09-17 16:01:51", "elapsed": 899.583002, "delta": 3.971598}}
{"target": 0.78453231431954, "params": {"eta": 0.6944031196702583, "max_depth": 8.377438833666382, "n_estimators": 4.797316313141784}, "datetime": {"datetime": "2021-09-17 16:01:56", "elapsed": 904.754219, "delta": 5.171217}}
{"target": 0.6992594803952312, "params": {"eta": 1.0, "max_depth": 1.3273627404205255, "n_estimators": 5.4537869573934685}, "datetime": {"datetime": "2021-09-17 16:02:00", "elapsed": 908.719986, "delta": 3.965767}}
{"target": -0.6624801128615312, "params": {"eta": 0.07840745483825057, "max_depth": 4.136764773614652, "n_estimators": 9.183049467427399}, "datetime": {"datetime": "2021-09-17 16:02:05", "elapsed": 913.865396, "delta": 5.14541}}
{"target": -4.781847781816972, "params": {"eta": 0.02626483935809496, "max_depth": 4.466062241429273, "n_estimators": 1.3382455633659087}, "datetime": {"datetime": "2021-09-17 16:02:07", "elapsed": 916.216757, "delta": 2.351361}}
{"target": 0.6255112710149693, "params": {"eta": 0.654992594930539, "max_depth": 4.885619448265225, "n_estimators": 2.375544676504129}, "datetime": {"datetime": "2021-09-17 16:02:11", "elapsed": 919.954858, "delta": 3.738101}}
{"target": 0.7648587648901134, "params": {"eta": 0.9402247171570657, "max_depth": 5.445015190502467, "n_estimators": 9.561634621561295}, "datetime": {"datetime": "2021-09-17 16:02:14", "elapsed": 922.437902, "delta": 2.483044}}
{"target": 0.7433414400598144, "params": {"eta": 0.6611596305232915, "max_depth": 1.3086881052091286, "n_estimators": 9.468070688885941}, "datetime": {"datetime": "2021-09-17 16:02:21", "elapsed": 929.39114, "delta": 6.953238}}
{"target": 0.7193037220910798, "params": {"eta": 1.0, "max_depth": 4.6582468378712045, "n_estimators": 2.0764814960335296}, "datetime": {"datetime": "2021-09-17 16:02:25", "elapsed": 934.123064, "delta": 4.731924}}
{"target": 0.798808392278615, "params": {"eta": 0.8412228476108466, "max_depth": 3.1937509862893063, "n_estimators": 7.108133924025616}, "datetime": {"datetime": "2021-09-17 16:02:29", "elapsed": 937.762742, "delta": 3.639678}}
{"target": -1.4141714957530414, "params": {"eta": 0.07095625133130402, "max_depth": 5.002847114767522, "n_estimators": 7.46292156000116}, "datetime": {"datetime": "2021-09-17 16:02:37", "elapsed": 945.363806, "delta": 7.601064}}
{"target": -0.9910033105101348, "params": {"eta": 0.07572171235300061, "max_depth": 3.8879580300141283, "n_estimators": 8.428414122217408}, "datetime": {"datetime": "2021-09-17 16:02:39", "elapsed": 947.937976, "delta": 2.57417}}
{"target": 0.80730926107671, "params": {"eta": 0.8612450963998433, "max_depth": 3.6606982714174565, "n_estimators": 9.129092847959225}, "datetime": {"datetime": "2021-09-17 16:02:44", "elapsed": 953.044676, "delta": 5.1067}}
{"target": 0.6685074400449509, "params": {"eta": 1.0, "max_depth": 1.0, "n_estimators": 3.3932361249071286}, "datetime": {"datetime": "2021-09-17 16:02:49", "elapsed": 957.687028, "delta": 4.642352}}
{"target": 0.7902324362673483, "params": {"eta": 0.6287889282030532, "max_depth": 3.8460427238598838, "n_estimators": 9.925097408972558}, "datetime": {"datetime": "2021-09-17 16:02:53", "elapsed": 961.720821, "delta": 4.033793}}
{"target": 0.3877258286733789, "params": {"eta": 0.469330923770223, "max_depth": 1.2098334695451518, "n_estimators": 3.517420967591656}, "datetime": {"datetime": "2021-09-17 16:02:55", "elapsed": 964.244913, "delta": 2.524092}}
{"target": 0.42930695100736094, "params": {"eta": 0.18881245445469816, "max_depth": 4.6295163175832545, "n_estimators": 7.289237078867899}, "datetime": {"datetime": "2021-09-17 16:02:58", "elapsed": 966.755023, "delta": 2.51011}}
{"target": 0.5922642222778187, "params": {"eta": 0.6291346301967398, "max_depth": 1.6750555644279188, "n_estimators": 3.498147782600031}, "datetime": {"datetime": "2021-09-17 16:03:04", "elapsed": 972.675663, "delta": 5.92064}}
{"target": 0.650567592644475, "params": {"eta": 0.7388408511266423, "max_depth": 1.2685113907190844, "n_estimators": 3.71716108276572}, "datetime": {"datetime": "2021-09-17 16:03:08", "elapsed": 976.522049, "delta": 3.846386}}
{"target": 0.748225370182256, "params": {"eta": 0.7168089483053637, "max_depth": 2.5978984603336692, "n_estimators": 7.2826782511716806}, "datetime": {"datetime": "2021-09-17 16:03:12", "elapsed": 981.029336, "delta": 4.507287}}
{"target": -4.7463813684086205, "params": {"eta": 0.01, "max_depth": 6.498963824157701, "n_estimators": 3.115819368371684}, "datetime": {"datetime": "2021-09-17 16:03:17", "elapsed": 985.489302, "delta": 4.459966}}
{"target": 0.8185555513721334, "params": {"eta": 0.5693949784382278, "max_depth": 8.394779859872205, "n_estimators": 7.0770725013742}, "datetime": {"datetime": "2021-09-17 16:03:20", "elapsed": 989.155831, "delta": 3.666529}}
{"target": 0.6891799146734541, "params": {"eta": 1.0, "max_depth": 2.2432483198843927, "n_estimators": 2.231031895914576}, "datetime": {"datetime": "2021-09-17 16:03:25", "elapsed": 993.73969, "delta": 4.583859}}
{"target": 0.7083510007585798, "params": {"eta": 1.0, "max_depth": 2.797698675913025, "n_estimators": 6.679063769629812}, "datetime": {"datetime": "2021-09-17 16:03:29", "elapsed": 997.496943, "delta": 3.757253}}
{"target": 0.8039655628552929, "params": {"eta": 0.5414439939139133, "max_depth": 3.6454213371746595, "n_estimators": 8.663620707127627}, "datetime": {"datetime": "2021-09-17 16:03:37", "elapsed": 1006.229387, "delta": 8.732444}}
{"target": 0.7585986376550723, "params": {"eta": 0.9848749589897953, "max_depth": 5.136950763887784, "n_estimators": 3.107213078147251}, "datetime": {"datetime": "2021-09-17 16:03:40", "elapsed": 1008.761096, "delta": 2.531709}}
{"target": 0.684991812726818, "params": {"eta": 0.9857860648652998, "max_depth": 1.3413501014199545, "n_estimators": 6.86950816191763}, "datetime": {"datetime": "2021-09-17 16:03:44", "elapsed": 1012.570301, "delta": 3.809205}}
{"target": 0.7384967052531604, "params": {"eta": 1.0, "max_depth": 10.0, "n_estimators": 9.254128002509544}, "datetime": {"datetime": "2021-09-17 16:03:49", "elapsed": 1018.061753, "delta": 5.491452}}
{"target": 0.7790508367786756, "params": {"eta": 0.6576184847142816, "max_depth": 5.244357880480238, "n_estimators": 5.14152063698162}, "datetime": {"datetime": "2021-09-17 16:03:52", "elapsed": 1020.72061, "delta": 2.658857}}
{"target": 0.544662452910784, "params": {"eta": 0.5991201316083289, "max_depth": 6.343877159069693, "n_estimators": 2.2891108170347225}, "datetime": {"datetime": "2021-09-17 16:03:56", "elapsed": 1024.424882, "delta": 3.704272}}
{"target": 0.7480924990508413, "params": {"eta": 0.7679413362914395, "max_depth": 6.548543218229796, "n_estimators": 8.952352834351128}, "datetime": {"datetime": "2021-09-17 16:04:00", "elapsed": 1028.298403, "delta": 3.873521}}
{"target": 0.7259982402554099, "params": {"eta": 0.7265070950351574, "max_depth": 8.512337468691532, "n_estimators": 5.851320492009249}, "datetime": {"datetime": "2021-09-17 16:04:03", "elapsed": 1032.198508, "delta": 3.900105}}
{"target": 0.7904827752060639, "params": {"eta": 0.6074307381662744, "max_depth": 9.151525284448374, "n_estimators": 8.63442155560355}, "datetime": {"datetime": "2021-09-17 16:04:08", "elapsed": 1037.242588, "delta": 5.04408}}
{"target": 0.5318849601531728, "params": {"eta": 0.16660000515478116, "max_depth": 9.10802916606355, "n_estimators": 9.082856666934424}, "datetime": {"datetime": "2021-09-17 16:04:14", "elapsed": 1043.106847, "delta": 5.864259}}
{"target": 0.7136952452172722, "params": {"eta": 1.0, "max_depth": 3.7400552997590517, "n_estimators": 5.649157416300401}, "datetime": {"datetime": "2021-09-17 16:04:21", "elapsed": 1049.798098, "delta": 6.691251}}
{"target": 0.5943775757266159, "params": {"eta": 0.4586740547499508, "max_depth": 9.888357992943703, "n_estimators": 3.283330307292349}, "datetime": {"datetime": "2021-09-17 16:04:24", "elapsed": 1052.468184, "delta": 2.670086}}
{"target": 0.8080793027926012, "params": {"eta": 0.3541564692013099, "max_depth": 5.520159490936859, "n_estimators": 7.970147278724051}, "datetime": {"datetime": "2021-09-17 16:04:26", "elapsed": 1055.21269, "delta": 2.744506}}
{"target": 0.7594276667820253, "params": {"eta": 0.5523948136634065, "max_depth": 1.4723688692721968, "n_estimators": 7.9380250378088695}, "datetime": {"datetime": "2021-09-17 16:04:31", "elapsed": 1059.504895, "delta": 4.292205}}
{"target": 0.7164243496001464, "params": {"eta": 0.7862377916450694, "max_depth": 9.702199090801777, "n_estimators": 3.1510799951675548}, "datetime": {"datetime": "2021-09-17 16:04:38", "elapsed": 1066.637779, "delta": 7.132884}}
{"target": 0.7971583449264712, "params": {"eta": 0.6951649556754493, "max_depth": 8.660849448535274, "n_estimators": 9.382227621436417}, "datetime": {"datetime": "2021-09-17 16:04:45", "elapsed": 1073.314504, "delta": 6.676725}}
