{"target": 0.8514064344516084, "params": {"eta": 0.13675647409825858, "max_depth": 6.639930337261515, "n_estimators": 40.8728928112579}, "datetime": {"datetime": "2021-09-17 19:55:50", "elapsed": 692.617602, "delta": 2.7924}}
{"target": 0.8390509662913566, "params": {"eta": 0.21714429839241425, "max_depth": 22.336180480480653, "n_estimators": 30.119742279902393}, "datetime": {"datetime": "2021-09-17 19:55:52", "elapsed": 694.915994, "delta": 2.298392}}
{"target": 0.8325403507752601, "params": {"eta": 0.32995477998206263, "max_depth": 6.493393856745195, "n_estimators": 39.43365164224887}, "datetime": {"datetime": "2021-09-17 19:55:55", "elapsed": 698.44623, "delta": 3.530236}}
{"target": 0.8331757405810083, "params": {"eta": 0.5167007329489691, "max_depth": 7.2671354192904065, "n_estimators": 39.610492508360025}, "datetime": {"datetime": "2021-09-17 19:55:58", "elapsed": 701.365054, "delta": 2.918824}}
{"target": 0.8429340645403429, "params": {"eta": 0.14152296167797154, "max_depth": 41.30743587315533, "n_estimators": 41.974526783725715}, "datetime": {"datetime": "2021-09-17 19:56:03", "elapsed": 705.714719, "delta": 4.349665}}
{"target": 0.8195557419850824, "params": {"eta": 0.22220542645316002, "max_depth": 24.6832824922117, "n_estimators": 27.03105987775106}, "datetime": {"datetime": "2021-09-17 19:56:05", "elapsed": 707.963437, "delta": 2.248718}}
{"target": 0.8402673507609669, "params": {"eta": 0.1345812190527893, "max_depth": 10.137667112604746, "n_estimators": 37.264549808507596}, "datetime": {"datetime": "2021-09-17 19:56:08", "elapsed": 710.931685, "delta": 2.968248}}
{"target": 0.8439576493152297, "params": {"eta": 0.38311984657994247, "max_depth": 6.1060499655646305, "n_estimators": 38.163987879806655}, "datetime": {"datetime": "2021-09-17 19:56:12", "elapsed": 714.641485, "delta": 3.7098}}
{"target": 0.8376050957804267, "params": {"eta": 0.12418288100117666, "max_depth": 24.23445644314618, "n_estimators": 32.00375971397267}, "datetime": {"datetime": "2021-09-17 19:56:14", "elapsed": 717.125629, "delta": 2.484144}}
{"target": 0.8658342616006964, "params": {"eta": 0.18650454877497918, "max_depth": 5.4025753708704825, "n_estimators": 39.64748230170503}, "datetime": {"datetime": "2021-09-17 19:56:19", "elapsed": 722.357602, "delta": 5.231973}}
{"target": 0.7258009376647371, "params": {"eta": 0.7240905768396998, "max_depth": 28.59607921013426, "n_estimators": 25.533030540023816}, "datetime": {"datetime": "2021-09-17 19:56:22", "elapsed": 724.604476, "delta": 2.246874}}
{"target": 0.8473564900272508, "params": {"eta": 0.34097763793372227, "max_depth": 6.760864631696522, "n_estimators": 40.97461335419822}, "datetime": {"datetime": "2021-09-17 19:56:26", "elapsed": 728.531887, "delta": 3.927411}}
{"target": 0.8448148658251806, "params": {"eta": 0.12035180965156612, "max_depth": 5.235079873452292, "n_estimators": 39.45488957014757}, "datetime": {"datetime": "2021-09-17 19:56:29", "elapsed": 732.128674, "delta": 3.596787}}
{"target": 0.8299394295839375, "params": {"eta": 0.48462467544681387, "max_depth": 24.014571057842367, "n_estimators": 24.374927606243208}, "datetime": {"datetime": "2021-09-17 19:56:31", "elapsed": 734.296798, "delta": 2.168124}}
{"target": 0.8400316714363221, "params": {"eta": 0.2889446609748303, "max_depth": 8.682236664878843, "n_estimators": 41.5205617975281}, "datetime": {"datetime": "2021-09-17 19:56:36", "elapsed": 738.602222, "delta": 4.305424}}
{"target": 0.8645481183135117, "params": {"eta": 0.13872858939581686, "max_depth": 6.419651686167356, "n_estimators": 41.17839846603297}, "datetime": {"datetime": "2021-09-17 19:56:39", "elapsed": 742.468878, "delta": 3.866656}}
{"target": 0.8577562513710875, "params": {"eta": 0.3098004492446055, "max_depth": 5.474332283923215, "n_estimators": 40.06073591193624}, "datetime": {"datetime": "2021-09-17 19:56:43", "elapsed": 745.690023, "delta": 3.221145}}
{"target": 0.7410504120162875, "params": {"eta": 0.7245760482814044, "max_depth": 21.544152096549038, "n_estimators": 46.13981181740135}, "datetime": {"datetime": "2021-09-17 19:56:45", "elapsed": 748.234765, "delta": 2.544742}}
{"target": 0.8085036495975222, "params": {"eta": 0.4987825961236283, "max_depth": 40.49852371275782, "n_estimators": 32.093338546786626}, "datetime": {"datetime": "2021-09-17 19:56:48", "elapsed": 750.762144, "delta": 2.527379}}
{"target": 0.8356802097688817, "params": {"eta": 0.1725386039447676, "max_depth": 9.496696975355347, "n_estimators": 38.193881458462435}, "datetime": {"datetime": "2021-09-17 19:56:52", "elapsed": 754.930253, "delta": 4.168109}}
{"target": 0.7758025435659861, "params": {"eta": 0.6407857013620757, "max_depth": 49.69245590130726, "n_estimators": 8.42522930537104}, "datetime": {"datetime": "2021-09-17 19:56:54", "elapsed": 757.414165, "delta": 2.483912}}
{"target": 0.8503886760349998, "params": {"eta": 0.23163284722773603, "max_depth": 5.169278047077459, "n_estimators": 40.05535263555551}, "datetime": {"datetime": "2021-09-17 19:56:58", "elapsed": 761.23387, "delta": 3.819705}}
{"target": 0.7969419160991393, "params": {"eta": 0.49226836727502443, "max_depth": 24.34928903521019, "n_estimators": 26.619459115307446}, "datetime": {"datetime": "2021-09-17 19:57:01", "elapsed": 763.849308, "delta": 2.615438}}
{"target": 0.8308515562386802, "params": {"eta": 0.44907196673389016, "max_depth": 5.578211255112888, "n_estimators": 39.67406768509436}, "datetime": {"datetime": "2021-09-17 19:57:04", "elapsed": 766.720194, "delta": 2.870886}}
{"target": 0.8200115574110686, "params": {"eta": 0.4066317608617871, "max_depth": 47.9961934883231, "n_estimators": 27.09215023814439}, "datetime": {"datetime": "2021-09-17 19:57:06", "elapsed": 769.274776, "delta": 2.554582}}
{"target": 0.8121372123019633, "params": {"eta": 0.5257188371918191, "max_depth": 5.278277534210958, "n_estimators": 39.96946701509608}, "datetime": {"datetime": "2021-09-17 19:57:10", "elapsed": 772.633017, "delta": 3.358241}}
{"target": 0.8538037437786413, "params": {"eta": 0.38441325444461116, "max_depth": 6.751082129381795, "n_estimators": 41.27730757131042}, "datetime": {"datetime": "2021-09-17 19:57:14", "elapsed": 777.293752, "delta": 4.660735}}
{"target": 0.8538047111542784, "params": {"eta": 0.14334477739663695, "max_depth": 10.191590648980242, "n_estimators": 40.16802874406442}, "datetime": {"datetime": "2021-09-17 19:57:18", "elapsed": 780.657942, "delta": 3.36419}}
{"target": 0.8419693660189869, "params": {"eta": 0.25135546688882027, "max_depth": 6.470293288511694, "n_estimators": 39.044615851887265}, "datetime": {"datetime": "2021-09-17 19:57:21", "elapsed": 784.136261, "delta": 3.478319}}
{"target": 0.8556901967932266, "params": {"eta": 0.19519781871683622, "max_depth": 5.695748560991492, "n_estimators": 39.872373087069754}, "datetime": {"datetime": "2021-09-17 19:57:25", "elapsed": 787.623385, "delta": 3.487124}}
{"target": 0.8414982964481391, "params": {"eta": 0.4135297935220922, "max_depth": 10.411298504350931, "n_estimators": 40.16678626410652}, "datetime": {"datetime": "2021-09-17 19:57:29", "elapsed": 792.405058, "delta": 4.781673}}
{"target": 0.8410038913129659, "params": {"eta": 0.28338850201002364, "max_depth": 24.06275725720466, "n_estimators": 31.793873787422637}, "datetime": {"datetime": "2021-09-17 19:57:32", "elapsed": 795.428898, "delta": 3.02384}}
{"target": 0.8353110632494386, "params": {"eta": 0.11218295044081149, "max_depth": 6.100723622420242, "n_estimators": 37.17679025625161}, "datetime": {"datetime": "2021-09-17 19:57:36", "elapsed": 798.5973, "delta": 3.168402}}
{"target": 0.8419053763049427, "params": {"eta": 0.1841672590222453, "max_depth": 9.721797997034672, "n_estimators": 37.1086284691497}, "datetime": {"datetime": "2021-09-17 19:57:39", "elapsed": 801.611687, "delta": 3.014387}}
{"target": 0.8477322182842, "params": {"eta": 0.10898595774131781, "max_depth": 10.224915680864763, "n_estimators": 40.601525827036916}, "datetime": {"datetime": "2021-09-17 19:57:42", "elapsed": 804.929558, "delta": 3.317871}}
{"target": 0.8448976531550162, "params": {"eta": 0.12696448617472456, "max_depth": 11.082813682186147, "n_estimators": 37.77134978797485}, "datetime": {"datetime": "2021-09-17 19:57:47", "elapsed": 809.808864, "delta": 4.879306}}
{"target": 0.7138496512999345, "params": {"eta": 0.7984113637901902, "max_depth": 48.43174953131175, "n_estimators": 37.96010206351851}, "datetime": {"datetime": "2021-09-17 19:57:50", "elapsed": 812.664361, "delta": 2.855497}}
{"target": 0.8450767007636728, "params": {"eta": 0.37489401211663853, "max_depth": 10.90534355829855, "n_estimators": 37.45721519675857}, "datetime": {"datetime": "2021-09-17 19:57:52", "elapsed": 815.415645, "delta": 2.751284}}
{"target": 0.8623830258732754, "params": {"eta": 0.15131430462612083, "max_depth": 7.63293452778656, "n_estimators": 26.03928061067365}, "datetime": {"datetime": "2021-09-17 19:57:55", "elapsed": 817.796816, "delta": 2.381171}}
{"target": 0.6486497364209138, "params": {"eta": 0.11060412240632356, "max_depth": 43.35853365277403, "n_estimators": 16.772130056483284}, "datetime": {"datetime": "2021-09-17 19:57:57", "elapsed": 820.317731, "delta": 2.520915}}
{"target": 0.8511709315495921, "params": {"eta": 0.28465782692017394, "max_depth": 6.263869728142567, "n_estimators": 41.47528076618468}, "datetime": {"datetime": "2021-09-17 19:58:02", "elapsed": 824.895194, "delta": 4.577463}}
{"target": 0.8497568218318159, "params": {"eta": 0.12686936533721818, "max_depth": 7.34393799228405, "n_estimators": 26.200916505170934}, "datetime": {"datetime": "2021-09-17 19:58:05", "elapsed": 828.444315, "delta": 3.549121}}
{"target": 0.8368767928481144, "params": {"eta": 0.33320998721172757, "max_depth": 49.18662000343036, "n_estimators": 24.45105465986381}, "datetime": {"datetime": "2021-09-17 19:58:11", "elapsed": 833.980732, "delta": 5.536417}}
{"target": 0.7868889870056401, "params": {"eta": 0.7116761844705872, "max_depth": 38.83502809361694, "n_estimators": 49.72383493216228}, "datetime": {"datetime": "2021-09-17 19:58:14", "elapsed": 836.629272, "delta": 2.64854}}
{"target": 0.8202148060157952, "params": {"eta": 0.39673676876873865, "max_depth": 7.512995427417922, "n_estimators": 26.10620606124882}, "datetime": {"datetime": "2021-09-17 19:58:17", "elapsed": 839.693933, "delta": 3.064661}}
{"target": 0.8319621437175005, "params": {"eta": 0.130730375440044, "max_depth": 14.523750018794638, "n_estimators": 28.505124064792735}, "datetime": {"datetime": "2021-09-17 19:58:20", "elapsed": 842.869357, "delta": 3.175424}}
{"target": 0.8364362619573087, "params": {"eta": 0.23767573433393946, "max_depth": 40.0831892318854, "n_estimators": 40.33877415834764}, "datetime": {"datetime": "2021-09-17 19:58:23", "elapsed": 846.330769, "delta": 3.461412}}
{"target": 0.8535823623933559, "params": {"eta": 0.313478790521437, "max_depth": 4.4294722495675884, "n_estimators": 49.29696560243152}, "datetime": {"datetime": "2021-09-17 19:58:26", "elapsed": 848.735563, "delta": 2.404794}}
{"target": 0.7681043108970566, "params": {"eta": 0.5747389219091917, "max_depth": 14.36999747300652, "n_estimators": 38.127970147443875}, "datetime": {"datetime": "2021-09-17 19:58:28", "elapsed": 851.219171, "delta": 2.483608}}
{"target": 0.8555414742962971, "params": {"eta": 0.14813419875894326, "max_depth": 5.870533491935026, "n_estimators": 37.93024005455078}, "datetime": {"datetime": "2021-09-17 19:58:32", "elapsed": 854.919735, "delta": 3.700564}}
{"target": 0.8359070738838483, "params": {"eta": 0.10263753603338067, "max_depth": 10.837981900088712, "n_estimators": 39.77621792612938}, "datetime": {"datetime": "2021-09-17 19:58:35", "elapsed": 858.108414, "delta": 3.188679}}
{"target": 0.7938776038193371, "params": {"eta": 0.5554135994286397, "max_depth": 28.297460876899798, "n_estimators": 34.03484002751071}, "datetime": {"datetime": "2021-09-17 19:58:38", "elapsed": 860.616423, "delta": 2.508009}}
{"target": 0.8399296662491368, "params": {"eta": 0.1, "max_depth": 10.066492200221756, "n_estimators": 36.796147647535314}, "datetime": {"datetime": "2021-09-17 19:58:41", "elapsed": 864.06918, "delta": 3.452757}}
{"target": 0.790943895022947, "params": {"eta": 0.1, "max_depth": 7.403624434392331, "n_estimators": 25.853585094686853}, "datetime": {"datetime": "2021-09-17 19:58:46", "elapsed": 868.727605, "delta": 4.658425}}
{"target": 0.8419715469816477, "params": {"eta": 0.21070500145737353, "max_depth": 10.984327907198534, "n_estimators": 41.810223119163055}, "datetime": {"datetime": "2021-09-17 19:58:50", "elapsed": 873.143127, "delta": 4.415522}}
{"target": 0.8347826274434845, "params": {"eta": 0.47794200410328314, "max_depth": 5.263667462171784, "n_estimators": 44.9781508750593}, "datetime": {"datetime": "2021-09-17 19:58:53", "elapsed": 875.736818, "delta": 2.593691}}
{"target": 0.8114766623025541, "params": {"eta": 0.3572675101776557, "max_depth": 12.893670935953434, "n_estimators": 41.17505291114549}, "datetime": {"datetime": "2021-09-17 19:58:57", "elapsed": 879.799828, "delta": 4.06301}}
{"target": 0.8552409697824703, "params": {"eta": 0.3745821787031953, "max_depth": 4.320351582161004, "n_estimators": 49.5917627736348}, "datetime": {"datetime": "2021-09-17 19:59:02", "elapsed": 884.608006, "delta": 4.808178}}
{"target": 0.8366684970306328, "params": {"eta": 0.39178949393453943, "max_depth": 4.087137452584819, "n_estimators": 49.2364061268707}, "datetime": {"datetime": "2021-09-17 19:59:05", "elapsed": 887.88828, "delta": 3.280274}}
{"target": 0.7925745351219894, "params": {"eta": 0.6159201231511116, "max_depth": 48.89910548933297, "n_estimators": 49.10421246053483}, "datetime": {"datetime": "2021-09-17 19:59:08", "elapsed": 890.549179, "delta": 2.660899}}
{"target": 0.7184184341664079, "params": {"eta": 0.7816028250109459, "max_depth": 38.1029393553905, "n_estimators": 20.819683241401286}, "datetime": {"datetime": "2021-09-17 19:59:10", "elapsed": 893.110051, "delta": 2.560872}}
{"target": 0.8503789155679942, "params": {"eta": 0.1, "max_depth": 6.892839015886043, "n_estimators": 41.256731415496404}, "datetime": {"datetime": "2021-09-17 19:59:13", "elapsed": 896.40644, "delta": 3.296389}}
{"target": 0.840965103269089, "params": {"eta": 0.32157491070203353, "max_depth": 8.78669421127372, "n_estimators": 39.06436440533688}, "datetime": {"datetime": "2021-09-17 19:59:17", "elapsed": 899.735694, "delta": 3.329254}}
{"target": 0.8475470874860385, "params": {"eta": 0.1, "max_depth": 7.757720998382833, "n_estimators": 41.11387997775887}, "datetime": {"datetime": "2021-09-17 19:59:21", "elapsed": 903.550746, "delta": 3.815052}}
{"target": 0.8457089724948353, "params": {"eta": 0.35117010938158866, "max_depth": 8.059412834714522, "n_estimators": 37.93518288609141}, "datetime": {"datetime": "2021-09-17 19:59:27", "elapsed": 910.055461, "delta": 6.504715}}
{"target": 0.8447555986359235, "params": {"eta": 0.1, "max_depth": 12.634607198456248, "n_estimators": 40.6863820905552}, "datetime": {"datetime": "2021-09-17 19:59:31", "elapsed": 914.234555, "delta": 4.179094}}
{"target": 0.8179397623915692, "params": {"eta": 0.42360336978021185, "max_depth": 47.59490015432134, "n_estimators": 18.30083234730514}, "datetime": {"datetime": "2021-09-17 19:59:34", "elapsed": 916.990951, "delta": 2.756396}}
{"target": 0.8082810945048424, "params": {"eta": 0.5604309037105475, "max_depth": 9.78071516280763, "n_estimators": 37.292777492264364}, "datetime": {"datetime": "2021-09-17 19:59:37", "elapsed": 920.368154, "delta": 3.377203}}
{"target": 0.8380240461920682, "params": {"eta": 0.19864878996684127, "max_depth": 11.361680938584062, "n_estimators": 40.705180998837044}, "datetime": {"datetime": "2021-09-17 19:59:42", "elapsed": 925.152084, "delta": 4.78393}}
{"target": -0.19038149011470207, "params": {"eta": 0.11150039146531968, "max_depth": 21.71542923397184, "n_estimators": 8.616062136081563}, "datetime": {"datetime": "2021-09-17 19:59:44", "elapsed": 927.460687, "delta": 2.308603}}
{"target": 0.8034927137665053, "params": {"eta": 0.5587585599433408, "max_depth": 14.547373407737895, "n_estimators": 28.900301538230067}, "datetime": {"datetime": "2021-09-17 19:59:49", "elapsed": 931.655612, "delta": 4.194925}}
{"target": 0.7359958349562752, "params": {"eta": 0.757734648494895, "max_depth": 26.718966529234834, "n_estimators": 47.90558763634841}, "datetime": {"datetime": "2021-09-17 19:59:51", "elapsed": 934.421492, "delta": 2.76588}}
{"target": 0.842478743153411, "params": {"eta": 0.14154546159588194, "max_depth": 15.640289766875082, "n_estimators": 41.63029105787831}, "datetime": {"datetime": "2021-09-17 19:59:55", "elapsed": 937.910296, "delta": 3.488804}}
{"target": 0.8400172241822426, "params": {"eta": 0.17783259244663785, "max_depth": 14.463485106646552, "n_estimators": 40.43334765763059}, "datetime": {"datetime": "2021-09-17 20:00:00", "elapsed": 943.402106, "delta": 5.49181}}
{"target": 0.7913105366691051, "params": {"eta": 0.5830289241704495, "max_depth": 33.261675645852655, "n_estimators": 14.192084565903201}, "datetime": {"datetime": "2021-09-17 20:00:03", "elapsed": 946.240221, "delta": 2.838115}}
{"target": 0.8418205820988015, "params": {"eta": 0.1, "max_depth": 13.124968798442774, "n_estimators": 40.29729023508575}, "datetime": {"datetime": "2021-09-17 20:00:09", "elapsed": 951.887535, "delta": 5.647314}}
{"target": 0.8457913046522044, "params": {"eta": 0.1464698976233338, "max_depth": 18.760674375627765, "n_estimators": 42.491311917260944}, "datetime": {"datetime": "2021-09-17 20:00:12", "elapsed": 954.691664, "delta": 2.804129}}
{"target": 0.7963947778290918, "params": {"eta": 0.27119254286070726, "max_depth": 22.311913022230634, "n_estimators": 9.016279063024594}, "datetime": {"datetime": "2021-09-17 20:00:14", "elapsed": 957.192876, "delta": 2.501212}}
{"target": 0.8607951861182409, "params": {"eta": 0.21789529586270545, "max_depth": 5.342891299533665, "n_estimators": 34.55520305515776}, "datetime": {"datetime": "2021-09-17 20:00:17", "elapsed": 959.694043, "delta": 2.501167}}
{"target": 0.825143202130026, "params": {"eta": 0.22095587073237916, "max_depth": 10.537254173941013, "n_estimators": 45.02025737834614}, "datetime": {"datetime": "2021-09-17 20:00:20", "elapsed": 962.580276, "delta": 2.886233}}
{"target": 0.8421023241573761, "params": {"eta": 0.4247794410496527, "max_depth": 5.072482177675221, "n_estimators": 19.027677956271248}, "datetime": {"datetime": "2021-09-17 20:00:22", "elapsed": 965.240407, "delta": 2.660131}}
{"target": 0.8170793329385404, "params": {"eta": 0.22643304860433203, "max_depth": 22.550861178758854, "n_estimators": 37.04857715459107}, "datetime": {"datetime": "2021-09-17 20:00:25", "elapsed": 968.344626, "delta": 3.104219}}
{"target": 0.8370104010385992, "params": {"eta": 0.11423757883238815, "max_depth": 5.647981177246944, "n_estimators": 34.277297939180855}, "datetime": {"datetime": "2021-09-17 20:00:29", "elapsed": 972.158343, "delta": 3.813717}}
{"target": 0.7426770326009879, "params": {"eta": 0.7346680538800687, "max_depth": 4.516242524966587, "n_estimators": 49.48999924883237}, "datetime": {"datetime": "2021-09-17 20:00:33", "elapsed": 976.152324, "delta": 3.993981}}
{"target": 0.8317384440330994, "params": {"eta": 0.20577571590752042, "max_depth": 37.630061459171884, "n_estimators": 44.068813798108984}, "datetime": {"datetime": "2021-09-17 20:00:39", "elapsed": 981.62205, "delta": 5.469726}}
{"target": 0.8522264064432635, "params": {"eta": 0.1534895387711374, "max_depth": 7.60287539759413, "n_estimators": 37.75359358297153}, "datetime": {"datetime": "2021-09-17 20:00:42", "elapsed": 984.679499, "delta": 3.057449}}
{"target": 0.832589250978873, "params": {"eta": 0.3304151804820612, "max_depth": 41.22044289374622, "n_estimators": 13.167976628960334}, "datetime": {"datetime": "2021-09-17 20:00:46", "elapsed": 988.623925, "delta": 3.944426}}
{"target": 0.8330064646762119, "params": {"eta": 0.3290367128187116, "max_depth": 15.449166502849991, "n_estimators": 42.55233558797449}, "datetime": {"datetime": "2021-09-17 20:00:49", "elapsed": 992.063962, "delta": 3.440037}}
{"target": 0.8393386576105432, "params": {"eta": 0.12844952792327502, "max_depth": 13.483039814464426, "n_estimators": 40.85690376135348}, "datetime": {"datetime": "2021-09-17 20:00:53", "elapsed": 996.072729, "delta": 4.008767}}
{"target": 0.8536380605023741, "params": {"eta": 0.14424801509719742, "max_depth": 12.717154478889592, "n_estimators": 42.83903178469748}, "datetime": {"datetime": "2021-09-17 20:01:02", "elapsed": 1005.318987, "delta": 9.246258}}
{"target": 0.8578957703179177, "params": {"eta": 0.3532516956216031, "max_depth": 7.123077779320108, "n_estimators": 31.297528357545545}, "datetime": {"datetime": "2021-09-17 20:01:05", "elapsed": 1008.102528, "delta": 2.783541}}
{"target": 0.8587376651591893, "params": {"eta": 0.12534537626109865, "max_depth": 4.657682455146336, "n_estimators": 49.67235414014126}, "datetime": {"datetime": "2021-09-17 20:01:09", "elapsed": 1012.42057, "delta": 4.318042}}
{"target": 0.8382028286091834, "params": {"eta": 0.3425884577532007, "max_depth": 5.303276877330765, "n_estimators": 34.93634922504609}, "datetime": {"datetime": "2021-09-17 20:01:14", "elapsed": 1016.614247, "delta": 4.193677}}
{"target": 0.8022861827082953, "params": {"eta": 0.5579120598989871, "max_depth": 25.69338472245455, "n_estimators": 26.787265265578853}, "datetime": {"datetime": "2021-09-17 20:01:17", "elapsed": 1019.600374, "delta": 2.986127}}
{"target": 0.8451747423461936, "params": {"eta": 0.22948303773205472, "max_depth": 6.842548515350313, "n_estimators": 31.5881051062343}, "datetime": {"datetime": "2021-09-17 20:01:21", "elapsed": 1023.754781, "delta": 4.154407}}
{"target": 0.8524077860397082, "params": {"eta": 0.4460436787642096, "max_depth": 48.58582894099186, "n_estimators": 24.07956546794601}, "datetime": {"datetime": "2021-09-17 20:01:25", "elapsed": 1027.7031, "delta": 3.948319}}
