{"target": -17.310229330915586, "params": {"eta": 1.0, "max_depth": 17.963238144535353, "n_estimators": 47.275888467088706}, "datetime": {"datetime": "2021-09-27 18:44:01", "elapsed": 166.984705, "delta": 1.228295}}
{"target": -91.68615838489517, "params": {"eta": 0.059295743349307595, "max_depth": 20.895409978259085, "n_estimators": 1.014464010730816}, "datetime": {"datetime": "2021-09-27 18:44:02", "elapsed": 168.006705, "delta": 1.022}}
{"target": -16.017234356990002, "params": {"eta": 0.9226969027735386, "max_depth": 7.206222133520404, "n_estimators": 40.32328251128108}, "datetime": {"datetime": "2021-09-27 18:44:03", "elapsed": 169.281728, "delta": 1.275023}}
{"target": -14.698159986183779, "params": {"eta": 0.9675508209268013, "max_depth": 1.8143396460852352, "n_estimators": 32.67670196163459}, "datetime": {"datetime": "2021-09-27 18:44:04", "elapsed": 170.541369, "delta": 1.259641}}
{"target": -94.96997934376408, "params": {"eta": 0.001, "max_depth": 11.885466190215205, "n_estimators": 26.4611495809128}, "datetime": {"datetime": "2021-09-27 18:44:05", "elapsed": 171.683643, "delta": 1.142274}}
{"target": -96.97030430199102, "params": {"eta": 0.001, "max_depth": 17.38870407535011, "n_estimators": 5.84169694783392}, "datetime": {"datetime": "2021-09-27 18:44:06", "elapsed": 172.784641, "delta": 1.100998}}
{"target": -15.785741090894481, "params": {"eta": 0.7853210146939029, "max_depth": 20.458788855284595, "n_estimators": 5.520160643903918}, "datetime": {"datetime": "2021-09-27 18:44:07", "elapsed": 173.711876, "delta": 0.927235}}
{"target": -14.150908587326194, "params": {"eta": 0.8797689036958468, "max_depth": 3.2382494505990844, "n_estimators": 28.256671036710276}, "datetime": {"datetime": "2021-09-27 18:44:08", "elapsed": 174.668395, "delta": 0.956519}}
{"target": -45.009626423191094, "params": {"eta": 0.03296182457311388, "max_depth": 13.045595371090629, "n_estimators": 23.218595802096697}, "datetime": {"datetime": "2021-09-27 18:44:09", "elapsed": 175.526267, "delta": 0.857872}}
{"target": -15.32983332501596, "params": {"eta": 0.04977598078429722, "max_depth": 26.364637682760495, "n_estimators": 40.96095162124357}, "datetime": {"datetime": "2021-09-27 18:44:10", "elapsed": 176.628271, "delta": 1.102004}}
{"target": -10.586838770885395, "params": {"eta": 0.06565151499194843, "max_depth": 9.34138048673513, "n_estimators": 48.401013675575214}, "datetime": {"datetime": "2021-09-27 18:44:11", "elapsed": 177.831445, "delta": 1.203174}}
{"target": -74.33565839093218, "params": {"eta": 0.0059950678467789575, "max_depth": 13.438372570422406, "n_estimators": 45.49223151233184}, "datetime": {"datetime": "2021-09-27 18:44:12", "elapsed": 178.714441, "delta": 0.882996}}
{"target": -15.291795522715612, "params": {"eta": 0.9280535814555871, "max_depth": 4.328613171031874, "n_estimators": 30.78527240380552}, "datetime": {"datetime": "2021-09-27 18:44:13", "elapsed": 179.797895, "delta": 1.083454}}
{"target": -37.12794347899275, "params": {"eta": 0.020232222872392833, "max_depth": 14.471983819644212, "n_estimators": 48.579930350081376}, "datetime": {"datetime": "2021-09-27 18:44:15", "elapsed": 180.914604, "delta": 1.116709}}
{"target": -16.99583483205882, "params": {"eta": 0.9866448623150537, "max_depth": 25.00703400658555, "n_estimators": 39.0545482580893}, "datetime": {"datetime": "2021-09-27 18:44:16", "elapsed": 182.015603, "delta": 1.100999}}
{"target": -17.36905892982407, "params": {"eta": 1.0, "max_depth": 16.601462016494818, "n_estimators": 44.93607546913749}, "datetime": {"datetime": "2021-09-27 18:44:17", "elapsed": 183.095992, "delta": 1.080389}}
{"target": -17.54858582634365, "params": {"eta": 1.0, "max_depth": 12.656159043377965, "n_estimators": 42.435971615824556}, "datetime": {"datetime": "2021-09-27 18:44:18", "elapsed": 184.247993, "delta": 1.152001}}
{"target": -94.87621790927922, "params": {"eta": 0.001, "max_depth": 21.070567161834763, "n_estimators": 27.898798241223286}, "datetime": {"datetime": "2021-09-27 18:44:19", "elapsed": 185.611447, "delta": 1.363454}}
{"target": -14.742240105249824, "params": {"eta": 0.6303450441091873, "max_depth": 18.871872327317437, "n_estimators": 28.986853281196055}, "datetime": {"datetime": "2021-09-27 18:44:21", "elapsed": 186.974703, "delta": 1.363256}}
{"target": -14.59162957034076, "params": {"eta": 0.6255968341046624, "max_depth": 20.154784882460657, "n_estimators": 30.13369921127795}, "datetime": {"datetime": "2021-09-27 18:44:22", "elapsed": 188.185705, "delta": 1.211002}}
{"target": -17.34217634534169, "params": {"eta": 1.0, "max_depth": 24.633412936655066, "n_estimators": 36.229151730697524}, "datetime": {"datetime": "2021-09-27 18:44:23", "elapsed": 189.293683, "delta": 1.107978}}
{"target": -11.132089005006671, "params": {"eta": 0.2792039716575293, "max_depth": 26.096886802195996, "n_estimators": 47.29324811372404}, "datetime": {"datetime": "2021-09-27 18:44:24", "elapsed": 190.675293, "delta": 1.38161}}
{"target": -16.732903074235782, "params": {"eta": 0.9809304391485009, "max_depth": 24.090146165408672, "n_estimators": 28.488556386465962}, "datetime": {"datetime": "2021-09-27 18:44:25", "elapsed": 191.870567, "delta": 1.195274}}
{"target": -16.991618509155426, "params": {"eta": 0.9614728605989469, "max_depth": 28.730540455952486, "n_estimators": 17.41185560072549}, "datetime": {"datetime": "2021-09-27 18:44:27", "elapsed": 193.143571, "delta": 1.273004}}
{"target": -14.145588835632697, "params": {"eta": 0.5933134657255614, "max_depth": 10.870705086576985, "n_estimators": 45.19029214277216}, "datetime": {"datetime": "2021-09-27 18:44:28", "elapsed": 194.525137, "delta": 1.381566}}
{"target": -17.329673077219514, "params": {"eta": 1.0, "max_depth": 25.936478896659843, "n_estimators": 45.441826210042336}, "datetime": {"datetime": "2021-09-27 18:44:29", "elapsed": 195.703571, "delta": 1.178434}}
{"target": -16.130445410965564, "params": {"eta": 0.8534698649615381, "max_depth": 9.91982988804115, "n_estimators": 11.25512381673686}, "datetime": {"datetime": "2021-09-27 18:44:30", "elapsed": 196.807571, "delta": 1.104}}
{"target": -94.12636063851606, "params": {"eta": 0.001, "max_depth": 21.684068630340214, "n_estimators": 35.54650261050641}, "datetime": {"datetime": "2021-09-27 18:44:31", "elapsed": 197.846771, "delta": 1.0392}}
{"target": -16.619316660247772, "params": {"eta": 0.9695774707542161, "max_depth": 11.910250686086174, "n_estimators": 9.919805395810005}, "datetime": {"datetime": "2021-09-27 18:44:33", "elapsed": 199.168254, "delta": 1.321483}}
{"target": -17.52125803186391, "params": {"eta": 1.0, "max_depth": 18.83518286663081, "n_estimators": 35.9975955030241}, "datetime": {"datetime": "2021-09-27 18:44:34", "elapsed": 200.463962, "delta": 1.295708}}
{"target": -16.831719696630756, "params": {"eta": 0.988380746392134, "max_depth": 25.43022009663372, "n_estimators": 40.42981779140393}, "datetime": {"datetime": "2021-09-27 18:44:36", "elapsed": 202.088274, "delta": 1.624312}}
{"target": -18.488143340920697, "params": {"eta": 0.9391383254883084, "max_depth": 22.800509450915325, "n_estimators": 27.027523241610755}, "datetime": {"datetime": "2021-09-27 18:44:37", "elapsed": 203.233583, "delta": 1.145309}}
{"target": -93.93904456667151, "params": {"eta": 0.001, "max_depth": 18.01640028360052, "n_estimators": 37.968134001972444}, "datetime": {"datetime": "2021-09-27 18:44:38", "elapsed": 204.579581, "delta": 1.345998}}
{"target": -94.66008817209243, "params": {"eta": 0.001, "max_depth": 2.3773170289043457, "n_estimators": 29.33715507448266}, "datetime": {"datetime": "2021-09-27 18:44:39", "elapsed": 205.837544, "delta": 1.257963}}
{"target": -15.146255855299042, "params": {"eta": 0.7681791441401955, "max_depth": 4.45160834039391, "n_estimators": 28.858255328302448}, "datetime": {"datetime": "2021-09-27 18:44:40", "elapsed": 206.864544, "delta": 1.027}}
{"target": -38.598062954186176, "params": {"eta": 0.029135793260143397, "max_depth": 2.492343422976047, "n_estimators": 31.934756619675557}, "datetime": {"datetime": "2021-09-27 18:44:42", "elapsed": 207.966114, "delta": 1.10157}}
{"target": -15.766591507082723, "params": {"eta": 0.7996055464373855, "max_depth": 23.123656230191198, "n_estimators": 48.453793820355514}, "datetime": {"datetime": "2021-09-27 18:44:43", "elapsed": 209.228593, "delta": 1.262479}}
{"target": -10.740741553537648, "params": {"eta": 0.28064347811056356, "max_depth": 28.895648133129633, "n_estimators": 18.42342477187449}, "datetime": {"datetime": "2021-09-27 18:44:44", "elapsed": 210.624195, "delta": 1.395602}}
{"target": -16.81508131448515, "params": {"eta": 0.9787610264089796, "max_depth": 27.18692306683447, "n_estimators": 47.275301601287126}, "datetime": {"datetime": "2021-09-27 18:44:46", "elapsed": 212.056389, "delta": 1.432194}}
{"target": -15.204988307617926, "params": {"eta": 0.9035118838475635, "max_depth": 20.10700846192041, "n_estimators": 36.85507277895816}, "datetime": {"datetime": "2021-09-27 18:44:47", "elapsed": 213.560968, "delta": 1.504579}}
{"target": -10.184795700236396, "params": {"eta": 0.14339219712403306, "max_depth": 8.692450115697255, "n_estimators": 39.57462289034502}, "datetime": {"datetime": "2021-09-27 18:44:49", "elapsed": 215.091558, "delta": 1.53059}}
{"target": -15.208979937235162, "params": {"eta": 1.0, "max_depth": 1.0, "n_estimators": 27.685916553186928}, "datetime": {"datetime": "2021-09-27 18:44:50", "elapsed": 216.344559, "delta": 1.253001}}
{"target": -28.840213874602693, "params": {"eta": 0.06717522952690733, "max_depth": 26.278401890835344, "n_estimators": 18.16511141735043}, "datetime": {"datetime": "2021-09-27 18:44:51", "elapsed": 217.778174, "delta": 1.433615}}
{"target": -11.23987806277637, "params": {"eta": 0.0931639890634216, "max_depth": 5.139698839417946, "n_estimators": 32.277436927538595}, "datetime": {"datetime": "2021-09-27 18:44:53", "elapsed": 219.416479, "delta": 1.638305}}
{"target": -94.57793164352987, "params": {"eta": 0.001, "max_depth": 4.865049572600754, "n_estimators": 30.067226359577123}, "datetime": {"datetime": "2021-09-27 18:44:54", "elapsed": 220.794856, "delta": 1.378377}}
{"target": -15.113248428439366, "params": {"eta": 1.0, "max_depth": 3.2205600355735755, "n_estimators": 44.070220943938494}, "datetime": {"datetime": "2021-09-27 18:44:55", "elapsed": 221.868206, "delta": 1.07335}}
{"target": -15.073060375264424, "params": {"eta": 0.979148322758712, "max_depth": 4.569297209315836, "n_estimators": 33.11541548670054}, "datetime": {"datetime": "2021-09-27 18:44:57", "elapsed": 223.389135, "delta": 1.520929}}
{"target": -72.27349268246066, "params": {"eta": 0.011727277067610425, "max_depth": 3.488798491671304, "n_estimators": 25.630358464925802}, "datetime": {"datetime": "2021-09-27 18:44:58", "elapsed": 224.644137, "delta": 1.255002}}
{"target": -14.178011827564605, "params": {"eta": 0.7571593929775746, "max_depth": 4.457098731549013, "n_estimators": 27.76319646623027}, "datetime": {"datetime": "2021-09-27 18:45:00", "elapsed": 225.956115, "delta": 1.311978}}
{"target": -14.301492362463783, "params": {"eta": 0.8630684261747646, "max_depth": 3.2397745105783597, "n_estimators": 42.43097882480842}, "datetime": {"datetime": "2021-09-27 18:45:01", "elapsed": 227.150115, "delta": 1.194}}
{"target": -16.894203713056694, "params": {"eta": 0.9720635706063709, "max_depth": 25.36528545389132, "n_estimators": 47.856671524352834}, "datetime": {"datetime": "2021-09-27 18:45:02", "elapsed": 228.629262, "delta": 1.479147}}
{"target": -15.1393670315773, "params": {"eta": 0.9659041394642893, "max_depth": 3.035124833993317, "n_estimators": 30.83134805221222}, "datetime": {"datetime": "2021-09-27 18:45:04", "elapsed": 230.182098, "delta": 1.552836}}
{"target": -13.383371096985632, "params": {"eta": 0.6084496663065493, "max_depth": 10.032094891695845, "n_estimators": 49.471834920602234}, "datetime": {"datetime": "2021-09-27 18:45:05", "elapsed": 231.77271, "delta": 1.590612}}
{"target": -80.49314719785502, "params": {"eta": 0.01726023362736492, "max_depth": 11.181016006170347, "n_estimators": 11.217086296180339}, "datetime": {"datetime": "2021-09-27 18:45:07", "elapsed": 233.666947, "delta": 1.894237}}
{"target": -18.349259717503426, "params": {"eta": 0.9524548757884463, "max_depth": 9.949481508328972, "n_estimators": 9.725232852128858}, "datetime": {"datetime": "2021-09-27 18:45:09", "elapsed": 235.29493, "delta": 1.627983}}
{"target": -14.402368029195337, "params": {"eta": 0.730399955233455, "max_depth": 25.912534648920428, "n_estimators": 38.12502933443431}, "datetime": {"datetime": "2021-09-27 18:45:11", "elapsed": 237.033929, "delta": 1.738999}}
{"target": -14.557292553443023, "params": {"eta": 1.0, "max_depth": 1.850024290133788, "n_estimators": 42.95328248703193}, "datetime": {"datetime": "2021-09-27 18:45:12", "elapsed": 238.557816, "delta": 1.523887}}
{"target": -15.455072177687477, "params": {"eta": 0.8658749627423981, "max_depth": 15.97930874445359, "n_estimators": 46.31156584953704}, "datetime": {"datetime": "2021-09-27 18:45:14", "elapsed": 240.148377, "delta": 1.590561}}
{"target": -14.725686786529298, "params": {"eta": 0.9969489396691812, "max_depth": 1.291833573423053, "n_estimators": 25.92273564212864}, "datetime": {"datetime": "2021-09-27 18:45:15", "elapsed": 241.672376, "delta": 1.523999}}
{"target": -16.704437555021208, "params": {"eta": 0.972679032528088, "max_depth": 16.31765767492646, "n_estimators": 36.045351530524584}, "datetime": {"datetime": "2021-09-27 18:45:17", "elapsed": 243.00838, "delta": 1.336004}}
{"target": -28.03628783429663, "params": {"eta": 0.06521221606868044, "max_depth": 9.88783114929519, "n_estimators": 19.96057442244781}, "datetime": {"datetime": "2021-09-27 18:45:18", "elapsed": 244.813969, "delta": 1.805589}}
{"target": -17.005229681210928, "params": {"eta": 0.8514417751617247, "max_depth": 26.52256037315844, "n_estimators": 13.203565192223445}, "datetime": {"datetime": "2021-09-27 18:45:20", "elapsed": 246.217704, "delta": 1.403735}}
{"target": -80.31924215559872, "params": {"eta": 0.01744853943388922, "max_depth": 26.00227614648346, "n_estimators": 11.666590171116592}, "datetime": {"datetime": "2021-09-27 18:45:21", "elapsed": 247.625982, "delta": 1.408278}}
{"target": -18.52573973157393, "params": {"eta": 0.93449371614519, "max_depth": 27.867929986964715, "n_estimators": 12.457341200490012}, "datetime": {"datetime": "2021-09-27 18:45:23", "elapsed": 249.172983, "delta": 1.547001}}
{"target": -11.21189810258189, "params": {"eta": 0.3939567910532532, "max_depth": 25.998869082148943, "n_estimators": 14.366167501423446}, "datetime": {"datetime": "2021-09-27 18:45:24", "elapsed": 250.66681, "delta": 1.493827}}
{"target": -16.98404806670648, "params": {"eta": 0.9708860815546045, "max_depth": 26.854427425603486, "n_estimators": 9.324835332087089}, "datetime": {"datetime": "2021-09-27 18:45:26", "elapsed": 252.152224, "delta": 1.485414}}
{"target": -16.882514199629266, "params": {"eta": 0.9836352720582597, "max_depth": 24.915352478083523, "n_estimators": 13.961977232120462}, "datetime": {"datetime": "2021-09-27 18:45:27", "elapsed": 253.68194, "delta": 1.529716}}
{"target": -11.58000498849808, "params": {"eta": 0.24994962744826463, "max_depth": 26.02164813030896, "n_estimators": 43.12718844609383}, "datetime": {"datetime": "2021-09-27 18:45:29", "elapsed": 255.733834, "delta": 2.051894}}
{"target": -12.938175081393165, "params": {"eta": 0.5385556063043692, "max_depth": 24.644329418175627, "n_estimators": 43.433827290545224}, "datetime": {"datetime": "2021-09-27 18:45:31", "elapsed": 257.635323, "delta": 1.901489}}
{"target": -93.56550352959965, "params": {"eta": 0.001, "max_depth": 24.700040100362575, "n_estimators": 41.342459026078586}, "datetime": {"datetime": "2021-09-27 18:45:33", "elapsed": 259.458477, "delta": 1.823154}}
{"target": -41.22006658391234, "params": {"eta": 0.021991399911152586, "max_depth": 25.07276898793719, "n_estimators": 39.311041297143696}, "datetime": {"datetime": "2021-09-27 18:45:35", "elapsed": 261.006117, "delta": 1.54764}}
{"target": -17.169118467014574, "params": {"eta": 0.9948727288208995, "max_depth": 4.889620843467679, "n_estimators": 31.80165016711001}, "datetime": {"datetime": "2021-09-27 18:45:36", "elapsed": 262.413378, "delta": 1.407261}}
{"target": -14.554129699815293, "params": {"eta": 0.7378527470883273, "max_depth": 26.986066119592383, "n_estimators": 39.53960930732763}, "datetime": {"datetime": "2021-09-27 18:45:38", "elapsed": 263.891771, "delta": 1.478393}}
{"target": -93.84552310309424, "params": {"eta": 0.001, "max_depth": 27.043511197553872, "n_estimators": 38.362607041013774}, "datetime": {"datetime": "2021-09-27 18:45:39", "elapsed": 265.748975, "delta": 1.857204}}
{"target": -16.295558842005885, "params": {"eta": 0.9683839277012247, "max_depth": 25.69391050788507, "n_estimators": 36.46061015325504}, "datetime": {"datetime": "2021-09-27 18:45:41", "elapsed": 267.411975, "delta": 1.663}}
{"target": -17.014661032381078, "params": {"eta": 0.9071206037770155, "max_depth": 25.54400666684016, "n_estimators": 43.67875575387134}, "datetime": {"datetime": "2021-09-27 18:45:44", "elapsed": 270.221647, "delta": 2.809672}}
{"target": -17.148195018860747, "params": {"eta": 0.9727439154086963, "max_depth": 26.536103156865117, "n_estimators": 40.251407031200976}, "datetime": {"datetime": "2021-09-27 18:45:47", "elapsed": 273.330429, "delta": 3.108782}}
{"target": -17.15193325935983, "params": {"eta": 0.993595982747064, "max_depth": 27.541163340476214, "n_estimators": 10.948867946026107}, "datetime": {"datetime": "2021-09-27 18:45:49", "elapsed": 275.484525, "delta": 2.154096}}
{"target": -16.90871606511613, "params": {"eta": 0.9178842036971023, "max_depth": 26.847984610940884, "n_estimators": 15.292337885535144}, "datetime": {"datetime": "2021-09-27 18:45:51", "elapsed": 277.549187, "delta": 2.064662}}
{"target": -17.335727184701728, "params": {"eta": 1.0, "max_depth": 26.569938413970117, "n_estimators": 42.15735735939504}, "datetime": {"datetime": "2021-09-27 18:45:53", "elapsed": 279.22371, "delta": 1.674523}}
{"target": -11.12792199017255, "params": {"eta": 0.4245868412835134, "max_depth": 4.4984455350917445, "n_estimators": 41.751765622383616}, "datetime": {"datetime": "2021-09-27 18:45:55", "elapsed": 281.228406, "delta": 2.004696}}
{"target": -15.564167129341335, "params": {"eta": 0.7660063804819084, "max_depth": 22.21889254425246, "n_estimators": 49.968779679849376}, "datetime": {"datetime": "2021-09-27 18:45:57", "elapsed": 283.608007, "delta": 2.379601}}
{"target": -16.446506272859, "params": {"eta": 0.9711824664613479, "max_depth": 13.4558468634589, "n_estimators": 10.829055923031108}, "datetime": {"datetime": "2021-09-27 18:45:59", "elapsed": 285.800568, "delta": 2.192561}}
{"target": -14.2594144234919, "params": {"eta": 0.05307380037650552, "max_depth": 9.830415068024033, "n_estimators": 40.36413562385433}, "datetime": {"datetime": "2021-09-27 18:46:01", "elapsed": 287.554567, "delta": 1.753999}}
{"target": -17.042611869736945, "params": {"eta": 0.9730368040961397, "max_depth": 27.880803941615074, "n_estimators": 45.4871970188758}, "datetime": {"datetime": "2021-09-27 18:46:03", "elapsed": 289.47801, "delta": 1.923443}}
{"target": -12.398831258976086, "params": {"eta": 0.48584790587888177, "max_depth": 28.33045338165235, "n_estimators": 15.83266415671168}, "datetime": {"datetime": "2021-09-27 18:46:05", "elapsed": 291.739247, "delta": 2.261237}}
{"target": -93.10061513117614, "params": {"eta": 0.001, "max_depth": 25.769876311893984, "n_estimators": 46.004380026564306}, "datetime": {"datetime": "2021-09-27 18:46:07", "elapsed": 293.880776, "delta": 2.141529}}
{"target": -18.239262914961902, "params": {"eta": 0.038077840738447374, "max_depth": 27.849438855469707, "n_estimators": 46.56120267900202}, "datetime": {"datetime": "2021-09-27 18:46:09", "elapsed": 295.79096, "delta": 1.910184}}
{"target": -10.507455824474322, "params": {"eta": 0.0700546154566596, "max_depth": 23.529796986384973, "n_estimators": 49.328317510639316}, "datetime": {"datetime": "2021-09-27 18:46:12", "elapsed": 298.063759, "delta": 2.272799}}
{"target": -61.19484102050444, "params": {"eta": 0.009615113559974124, "max_depth": 25.8027493009025, "n_estimators": 48.348085951011576}, "datetime": {"datetime": "2021-09-27 18:46:14", "elapsed": 300.515618, "delta": 2.451859}}
{"target": -10.720974104188093, "params": {"eta": 0.17033351973438632, "max_depth": 10.955804805401586, "n_estimators": 46.306948901853914}, "datetime": {"datetime": "2021-09-27 18:46:16", "elapsed": 302.622789, "delta": 2.107171}}
{"target": -36.3433823318463, "params": {"eta": 0.060590283600065555, "max_depth": 28.937052837707025, "n_estimators": 16.68515128448979}, "datetime": {"datetime": "2021-09-27 18:46:19", "elapsed": 305.178674, "delta": 2.555885}}
{"target": -18.500229203145704, "params": {"eta": 0.9362829097375973, "max_depth": 24.039843377987197, "n_estimators": 47.141567407104446}, "datetime": {"datetime": "2021-09-27 18:46:21", "elapsed": 307.2479, "delta": 2.069226}}
{"target": -16.763222798827268, "params": {"eta": 1.0, "max_depth": 9.033285286649182, "n_estimators": 48.717470997392255}, "datetime": {"datetime": "2021-09-27 18:46:23", "elapsed": 309.395107, "delta": 2.147207}}
{"target": -16.94245492111462, "params": {"eta": 1.0, "max_depth": 8.307929340710016, "n_estimators": 39.77144897561567}, "datetime": {"datetime": "2021-09-27 18:46:25", "elapsed": 311.3584, "delta": 1.963293}}
{"target": -14.136560919510673, "params": {"eta": 0.5905889413180367, "max_depth": 10.288717670045637, "n_estimators": 48.13380316753163}, "datetime": {"datetime": "2021-09-27 18:46:27", "elapsed": 313.428611, "delta": 2.070211}}
{"target": -13.296771598993057, "params": {"eta": 0.9581987303885048, "max_depth": 2.9541909426418695, "n_estimators": 27.21715110864217}, "datetime": {"datetime": "2021-09-27 18:46:29", "elapsed": 315.382487, "delta": 1.953876}}
