{"target": 0.6329085524532094, "params": {"eta": 1.0, "max_depth": 10.0, "n_estimators": 1.0}, "datetime": {"datetime": "2021-09-17 17:39:55", "elapsed": 35.879229, "delta": 0.502004}}
{"target": 0.7472850061016996, "params": {"eta": 1.0, "max_depth": 6.488850191722944, "n_estimators": 3.988845703748156}, "datetime": {"datetime": "2021-09-17 17:39:56", "elapsed": 36.274228, "delta": 0.394999}}
{"target": 0.7401719303231153, "params": {"eta": 1.0, "max_depth": 6.827832768228687, "n_estimators": 6.44595576232481}, "datetime": {"datetime": "2021-09-17 17:39:56", "elapsed": 36.803228, "delta": 0.529}}
{"target": 0.6463688258184356, "params": {"eta": 1.0, "max_depth": 2.678882310832994, "n_estimators": 1.0}, "datetime": {"datetime": "2021-09-17 17:39:57", "elapsed": 37.268812, "delta": 0.465584}}
{"target": 0.7807179480353723, "params": {"eta": 0.9857995632163934, "max_depth": 9.966271974352015, "n_estimators": 5.043182837053624}, "datetime": {"datetime": "2021-09-17 17:39:57", "elapsed": 37.879816, "delta": 0.611004}}
{"target": 0.7807907221339332, "params": {"eta": 0.9776504028832476, "max_depth": 3.1057834883732087, "n_estimators": 8.014676397709941}, "datetime": {"datetime": "2021-09-17 17:39:58", "elapsed": 38.445813, "delta": 0.565997}}
{"target": 0.7300825520268106, "params": {"eta": 1.0, "max_depth": 2.3621013823586696, "n_estimators": 8.467979699265754}, "datetime": {"datetime": "2021-09-17 17:39:58", "elapsed": 38.939815, "delta": 0.494002}}
{"target": 0.7613861859593845, "params": {"eta": 1.0, "max_depth": 7.6662050966991355, "n_estimators": 4.199577955176321}, "datetime": {"datetime": "2021-09-17 17:39:59", "elapsed": 39.627546, "delta": 0.687731}}
{"target": 0.6807015196445243, "params": {"eta": 0.9700527784265957, "max_depth": 1.0248858843744757, "n_estimators": 7.338957238325467}, "datetime": {"datetime": "2021-09-17 17:39:59", "elapsed": 40.192544, "delta": 0.564998}}
{"target": 0.6904865733694427, "params": {"eta": 1.0, "max_depth": 2.068768200477152, "n_estimators": 3.481221391987018}, "datetime": {"datetime": "2021-09-17 17:40:00", "elapsed": 40.744544, "delta": 0.552}}
{"target": 0.6329085524532094, "params": {"eta": 1.0, "max_depth": 6.3398369747332906, "n_estimators": 1.0}, "datetime": {"datetime": "2021-09-17 17:40:01", "elapsed": 41.296131, "delta": 0.551587}}
{"target": 0.7398587288666492, "params": {"eta": 1.0, "max_depth": 6.849645069603247, "n_estimators": 2.040142066626635}, "datetime": {"datetime": "2021-09-17 17:40:01", "elapsed": 41.905128, "delta": 0.608997}}
{"target": 0.795154306507933, "params": {"eta": 1.0, "max_depth": 5.756912611889062, "n_estimators": 5.586493354810355}, "datetime": {"datetime": "2021-09-17 17:40:02", "elapsed": 42.530131, "delta": 0.625003}}
{"target": 0.7408014537241433, "params": {"eta": 0.9963129640609034, "max_depth": 8.799971842029198, "n_estimators": 2.3668045675262483}, "datetime": {"datetime": "2021-09-17 17:40:02", "elapsed": 43.113408, "delta": 0.583277}}
{"target": 0.6515409981958605, "params": {"eta": 0.19655753039581805, "max_depth": 6.958043801034959, "n_estimators": 9.192836454250418}, "datetime": {"datetime": "2021-09-17 17:40:03", "elapsed": 43.669409, "delta": 0.556001}}
{"target": -4.953948948284663, "params": {"eta": 0.01, "max_depth": 3.5151156208457106, "n_estimators": 1.0}, "datetime": {"datetime": "2021-09-17 17:40:04", "elapsed": 44.255059, "delta": 0.58565}}
{"target": 0.6900136582491602, "params": {"eta": 0.9937851765021664, "max_depth": 2.8445286062401163, "n_estimators": 2.400845257915446}, "datetime": {"datetime": "2021-09-17 17:40:04", "elapsed": 44.941062, "delta": 0.686003}}
{"target": 0.4522557239459628, "params": {"eta": 1.0, "max_depth": 1.7167816751637466, "n_estimators": 1.9967119659558752}, "datetime": {"datetime": "2021-09-17 17:40:05", "elapsed": 45.502247, "delta": 0.561185}}
{"target": 0.7532477652865055, "params": {"eta": 1.0, "max_depth": 7.759476851655318, "n_estimators": 5.469794644830507}, "datetime": {"datetime": "2021-09-17 17:40:05", "elapsed": 46.106247, "delta": 0.604}}
{"target": 0.4522557239459628, "params": {"eta": 1.0, "max_depth": 1.850621068225255, "n_estimators": 1.0}, "datetime": {"datetime": "2021-09-17 17:40:06", "elapsed": 46.596247, "delta": 0.49}}
{"target": 0.7535339674676651, "params": {"eta": 0.9908209969652548, "max_depth": 7.767915820424815, "n_estimators": 2.071207052080693}, "datetime": {"datetime": "2021-09-17 17:40:07", "elapsed": 47.253516, "delta": 0.657269}}
{"target": 0.7571278127596985, "params": {"eta": 1.0, "max_depth": 7.779837334719382, "n_estimators": 8.715206270611432}, "datetime": {"datetime": "2021-09-17 17:40:07", "elapsed": 47.909518, "delta": 0.656002}}
{"target": 0.6433649151003584, "params": {"eta": 1.0, "max_depth": 3.092198922160033, "n_estimators": 1.6648300673858318}, "datetime": {"datetime": "2021-09-17 17:40:08", "elapsed": 48.70352, "delta": 0.794002}}
{"target": 0.7473245199410825, "params": {"eta": 1.0, "max_depth": 6.042552223760517, "n_estimators": 4.768197350112515}, "datetime": {"datetime": "2021-09-17 17:40:09", "elapsed": 49.398469, "delta": 0.694949}}
{"target": 0.7352161813702642, "params": {"eta": 0.9927610427966778, "max_depth": 2.830284450428458, "n_estimators": 7.177312645433098}, "datetime": {"datetime": "2021-09-17 17:40:09", "elapsed": 49.892408, "delta": 0.493939}}
{"target": 0.7382160394696183, "params": {"eta": 1.0, "max_depth": 10.0, "n_estimators": 8.300358677253618}, "datetime": {"datetime": "2021-09-17 17:40:10", "elapsed": 50.531409, "delta": 0.639001}}
{"target": 0.7754633940135828, "params": {"eta": 0.9999968628782637, "max_depth": 4.135293064888538, "n_estimators": 9.310945774116652}, "datetime": {"datetime": "2021-09-17 17:40:10", "elapsed": 51.151569, "delta": 0.62016}}
{"target": 0.743337095576976, "params": {"eta": 1.0, "max_depth": 9.333734485208646, "n_estimators": 7.799938074393115}, "datetime": {"datetime": "2021-09-17 17:40:11", "elapsed": 51.845566, "delta": 0.693997}}
{"target": 0.735856892108592, "params": {"eta": 1.0, "max_depth": 6.748498312524269, "n_estimators": 7.297267220691175}, "datetime": {"datetime": "2021-09-17 17:40:12", "elapsed": 52.54157, "delta": 0.696004}}
{"target": 0.7695119482990421, "params": {"eta": 1.0, "max_depth": 4.823460238702479, "n_estimators": 5.600073066557664}, "datetime": {"datetime": "2021-09-17 17:40:13", "elapsed": 53.294907, "delta": 0.753337}}
{"target": 0.7822765618778306, "params": {"eta": 1.0, "max_depth": 4.8054697013817504, "n_estimators": 7.203259696100971}, "datetime": {"datetime": "2021-09-17 17:40:13", "elapsed": 54.066905, "delta": 0.771998}}
{"target": 0.7455799344007846, "params": {"eta": 1.0, "max_depth": 10.0, "n_estimators": 3.5337561619228985}, "datetime": {"datetime": "2021-09-17 17:40:14", "elapsed": 54.877636, "delta": 0.810731}}
{"target": 0.2817240778559946, "params": {"eta": 0.13336324823769044, "max_depth": 4.976380951379602, "n_estimators": 9.95668401187883}, "datetime": {"datetime": "2021-09-17 17:40:15", "elapsed": 55.571842, "delta": 0.694206}}
{"target": 0.7424003086591193, "params": {"eta": 1.0, "max_depth": 8.03995854020786, "n_estimators": 2.780465163082969}, "datetime": {"datetime": "2021-09-17 17:40:16", "elapsed": 56.263842, "delta": 0.692}}
{"target": 0.7456460521686725, "params": {"eta": 1.0, "max_depth": 6.739485744366013, "n_estimators": 5.400923019215295}, "datetime": {"datetime": "2021-09-17 17:40:16", "elapsed": 56.827842, "delta": 0.564}}
{"target": 0.7599503111527197, "params": {"eta": 1.0, "max_depth": 7.5773307245209525, "n_estimators": 6.246994317643839}, "datetime": {"datetime": "2021-09-17 17:40:17", "elapsed": 57.405036, "delta": 0.577194}}
{"target": 0.7601646303107068, "params": {"eta": 1.0, "max_depth": 2.644449710359218, "n_estimators": 9.444448740799515}, "datetime": {"datetime": "2021-09-17 17:40:17", "elapsed": 58.061029, "delta": 0.655993}}
{"target": 0.7348252000953864, "params": {"eta": 1.0, "max_depth": 6.040868020761666, "n_estimators": 8.988594486673087}, "datetime": {"datetime": "2021-09-17 17:40:18", "elapsed": 58.757032, "delta": 0.696003}}
{"target": 0.7788413303289816, "params": {"eta": 0.9655118884755137, "max_depth": 7.16408845439844, "n_estimators": 9.959297558808098}, "datetime": {"datetime": "2021-09-17 17:40:19", "elapsed": 59.388474, "delta": 0.631442}}
{"target": 0.4208680751456262, "params": {"eta": 0.2317512410846599, "max_depth": 1.9992829907429985, "n_estimators": 7.925239436879119}, "datetime": {"datetime": "2021-09-17 17:40:19", "elapsed": 60.029475, "delta": 0.641001}}
{"target": 0.683330437699961, "params": {"eta": 1.0, "max_depth": 1.7426401163120169, "n_estimators": 6.936928083588594}, "datetime": {"datetime": "2021-09-17 17:40:20", "elapsed": 60.764473, "delta": 0.734998}}
{"target": 0.8307582700971741, "params": {"eta": 0.5270016454105136, "max_depth": 6.784328349138907, "n_estimators": 9.567496461756285}, "datetime": {"datetime": "2021-09-17 17:40:21", "elapsed": 61.487789, "delta": 0.723316}}
{"target": 0.6432717230747024, "params": {"eta": 0.9957676335383272, "max_depth": 2.4875662443423554, "n_estimators": 1.792612823953287}, "datetime": {"datetime": "2021-09-17 17:40:21", "elapsed": 62.173792, "delta": 0.686003}}
{"target": 0.6329085524532094, "params": {"eta": 1.0, "max_depth": 7.145585499329371, "n_estimators": 1.2144946962433656}, "datetime": {"datetime": "2021-09-17 17:40:22", "elapsed": 62.833791, "delta": 0.659999}}
{"target": 0.8008267290693871, "params": {"eta": 0.5958502819549457, "max_depth": 7.421155261170635, "n_estimators": 9.175936304321365}, "datetime": {"datetime": "2021-09-17 17:40:23", "elapsed": 63.608728, "delta": 0.774937}}
{"target": 0.7584435891766655, "params": {"eta": 0.9857857177518926, "max_depth": 5.128252780254217, "n_estimators": 3.1003532637664017}, "datetime": {"datetime": "2021-09-17 17:40:24", "elapsed": 64.359916, "delta": 0.751188}}
{"target": 0.7606110497870101, "params": {"eta": 1.0, "max_depth": 8.248661364913673, "n_estimators": 7.0224491091610455}, "datetime": {"datetime": "2021-09-17 17:40:24", "elapsed": 65.118439, "delta": 0.758523}}
{"target": 0.7567831536963845, "params": {"eta": 1.0, "max_depth": 8.883880478199847, "n_estimators": 4.031087459587401}, "datetime": {"datetime": "2021-09-17 17:40:25", "elapsed": 65.893438, "delta": 0.774999}}
{"target": 0.7761632254559719, "params": {"eta": 1.0, "max_depth": 4.840092392903656, "n_estimators": 4.089671354983841}, "datetime": {"datetime": "2021-09-17 17:40:26", "elapsed": 66.58744, "delta": 0.694002}}
{"target": 0.6992594803952312, "params": {"eta": 1.0, "max_depth": 1.0, "n_estimators": 5.794482937521183}, "datetime": {"datetime": "2021-09-17 17:40:27", "elapsed": 67.359721, "delta": 0.772281}}
{"target": 0.6545534755708191, "params": {"eta": 1.0, "max_depth": 1.4014377926145027, "n_estimators": 4.349204952834938}, "datetime": {"datetime": "2021-09-17 17:40:28", "elapsed": 68.234725, "delta": 0.875004}}
{"target": 0.7613861859593845, "params": {"eta": 1.0, "max_depth": 7.0525479800328466, "n_estimators": 4.665274158596004}, "datetime": {"datetime": "2021-09-17 17:40:28", "elapsed": 68.978721, "delta": 0.743996}}
{"target": 0.7509500995691037, "params": {"eta": 1.0, "max_depth": 10.0, "n_estimators": 2.8558438870874454}, "datetime": {"datetime": "2021-09-17 17:40:29", "elapsed": 69.709523, "delta": 0.730802}}
{"target": 0.6891799146734541, "params": {"eta": 1.0, "max_depth": 2.1827550660456896, "n_estimators": 2.6945528258075644}, "datetime": {"datetime": "2021-09-17 17:40:30", "elapsed": 70.383522, "delta": 0.673999}}
{"target": 0.7508705366766901, "params": {"eta": 0.29930703599900105, "max_depth": 2.514431165269934, "n_estimators": 8.962834128743994}, "datetime": {"datetime": "2021-09-17 17:40:31", "elapsed": 71.203525, "delta": 0.820003}}
{"target": 0.8080002051574061, "params": {"eta": 0.5398488656060241, "max_depth": 4.393904174502175, "n_estimators": 6.691275841884151}, "datetime": {"datetime": "2021-09-17 17:40:31", "elapsed": 71.822525, "delta": 0.619}}
{"target": 0.7193037220910798, "params": {"eta": 1.0, "max_depth": 4.5245757062743905, "n_estimators": 2.5419572157092394}, "datetime": {"datetime": "2021-09-17 17:40:32", "elapsed": 72.579523, "delta": 0.756998}}
{"target": 0.757986578660557, "params": {"eta": 1.0, "max_depth": 8.672005542105433, "n_estimators": 5.55117418569825}, "datetime": {"datetime": "2021-09-17 17:40:33", "elapsed": 73.343717, "delta": 0.764194}}
{"target": 0.742262674698396, "params": {"eta": 1.0, "max_depth": 9.353453401595129, "n_estimators": 5.036322423692947}, "datetime": {"datetime": "2021-09-17 17:40:33", "elapsed": 74.088717, "delta": 0.745}}
{"target": 0.6928473983594505, "params": {"eta": 1.0, "max_depth": 2.5353893028947905, "n_estimators": 4.073951969388175}, "datetime": {"datetime": "2021-09-17 17:40:34", "elapsed": 74.652332, "delta": 0.563615}}
{"target": 0.6534858712017793, "params": {"eta": 1.0, "max_depth": 1.0, "n_estimators": 2.607609578715653}, "datetime": {"datetime": "2021-09-17 17:40:35", "elapsed": 75.299141, "delta": 0.646809}}
{"target": 0.6314928807000164, "params": {"eta": 0.9977605739890734, "max_depth": 4.849033013560735, "n_estimators": 1.634181042469207}, "datetime": {"datetime": "2021-09-17 17:40:35", "elapsed": 76.009148, "delta": 0.710007}}
{"target": 0.7572065768562806, "params": {"eta": 1.0, "max_depth": 3.5074602113597018, "n_estimators": 6.072382000529837}, "datetime": {"datetime": "2021-09-17 17:40:36", "elapsed": 76.717141, "delta": 0.707993}}
{"target": 0.6992594803952312, "params": {"eta": 1.0, "max_depth": 1.7874545276021294, "n_estimators": 5.410624203548591}, "datetime": {"datetime": "2021-09-17 17:40:37", "elapsed": 77.435146, "delta": 0.718005}}
{"target": 0.7415273909696185, "params": {"eta": 0.9928856636626108, "max_depth": 9.048425372064964, "n_estimators": 6.404741691132276}, "datetime": {"datetime": "2021-09-17 17:40:38", "elapsed": 78.306146, "delta": 0.871}}
{"target": 0.6329085524532094, "params": {"eta": 1.0, "max_depth": 10.0, "n_estimators": 1.5903792107044208}, "datetime": {"datetime": "2021-09-17 17:40:38", "elapsed": 79.128476, "delta": 0.82233}}
{"target": 0.4522557239459628, "params": {"eta": 1.0, "max_depth": 1.0, "n_estimators": 1.8000843383811032}, "datetime": {"datetime": "2021-09-17 17:40:39", "elapsed": 80.015268, "delta": 0.886792}}
{"target": 0.6319759537932532, "params": {"eta": 0.998515716637577, "max_depth": 5.8132646405170005, "n_estimators": 1.8170633424306273}, "datetime": {"datetime": "2021-09-17 17:40:40", "elapsed": 80.948269, "delta": 0.933001}}
{"target": 0.7947878224637659, "params": {"eta": 1.0, "max_depth": 5.797410059541507, "n_estimators": 10.0}, "datetime": {"datetime": "2021-09-17 17:40:41", "elapsed": 81.77183, "delta": 0.823561}}
{"target": 0.7401719303231153, "params": {"eta": 1.0, "max_depth": 6.054438380744195, "n_estimators": 6.264337939494582}, "datetime": {"datetime": "2021-09-17 17:40:42", "elapsed": 82.637828, "delta": 0.865998}}
{"target": 0.7613861859593845, "params": {"eta": 1.0, "max_depth": 7.9660721645793675, "n_estimators": 4.765599758859871}, "datetime": {"datetime": "2021-09-17 17:40:43", "elapsed": 83.491662, "delta": 0.853834}}
{"target": 0.7806514688399577, "params": {"eta": 1.0, "max_depth": 4.978472045329129, "n_estimators": 8.477854169470334}, "datetime": {"datetime": "2021-09-17 17:40:44", "elapsed": 84.316247, "delta": 0.824585}}
{"target": 0.8210587455872789, "params": {"eta": 0.3236764945059428, "max_depth": 6.716091384555356, "n_estimators": 10.0}, "datetime": {"datetime": "2021-09-17 17:40:44", "elapsed": 85.129249, "delta": 0.813002}}
{"target": 0.7348252000953864, "params": {"eta": 1.0, "max_depth": 6.714994668125784, "n_estimators": 8.50135307902153}, "datetime": {"datetime": "2021-09-17 17:40:45", "elapsed": 85.802249, "delta": 0.673}}
{"target": 0.7387566848415379, "params": {"eta": 1.0, "max_depth": 10.0, "n_estimators": 6.113220070623676}, "datetime": {"datetime": "2021-09-17 17:40:46", "elapsed": 86.811251, "delta": 1.009002}}
{"target": 0.6988827444828829, "params": {"eta": 1.0, "max_depth": 2.8267972965893478, "n_estimators": 5.3479096248931945}, "datetime": {"datetime": "2021-09-17 17:40:47", "elapsed": 87.578813, "delta": 0.767562}}
{"target": 0.6329085524532094, "params": {"eta": 1.0, "max_depth": 8.090798243371438, "n_estimators": 1.0}, "datetime": {"datetime": "2021-09-17 17:40:48", "elapsed": 88.400813, "delta": 0.822}}
{"target": 0.7238163823228044, "params": {"eta": 0.9568486412154588, "max_depth": 1.5767689353069538, "n_estimators": 7.6639905612111345}, "datetime": {"datetime": "2021-09-17 17:40:48", "elapsed": 89.164812, "delta": 0.763999}}
{"target": 0.7234779285539812, "params": {"eta": 1.0, "max_depth": 3.545259665289072, "n_estimators": 2.9438777917265075}, "datetime": {"datetime": "2021-09-17 17:40:49", "elapsed": 89.982157, "delta": 0.817345}}
{"target": 0.7754627688367631, "params": {"eta": 1.0, "max_depth": 4.719949478281594, "n_estimators": 9.454190995721092}, "datetime": {"datetime": "2021-09-17 17:40:50", "elapsed": 90.918155, "delta": 0.935998}}
{"target": 0.6904865733694427, "params": {"eta": 1.0, "max_depth": 2.7443557120895585, "n_estimators": 3.131415728625875}, "datetime": {"datetime": "2021-09-17 17:40:51", "elapsed": 91.725914, "delta": 0.807759}}
{"target": 0.7082430241759907, "params": {"eta": 1.0, "max_depth": 1.0, "n_estimators": 8.986890106958075}, "datetime": {"datetime": "2021-09-17 17:40:52", "elapsed": 92.643911, "delta": 0.917997}}
{"target": 0.7398587288666492, "params": {"eta": 1.0, "max_depth": 6.237956611161533, "n_estimators": 2.4164004428395125}, "datetime": {"datetime": "2021-09-17 17:40:53", "elapsed": 93.409101, "delta": 0.76519}}
{"target": 0.7528439674469314, "params": {"eta": 1.0, "max_depth": 7.246630546732451, "n_estimators": 2.549825034397013}, "datetime": {"datetime": "2021-09-17 17:40:53", "elapsed": 94.061102, "delta": 0.652001}}
{"target": 0.6992493607063319, "params": {"eta": 1.0, "max_depth": 1.5021340264221021, "n_estimators": 9.708317918830947}, "datetime": {"datetime": "2021-09-17 17:40:54", "elapsed": 94.9608, "delta": 0.899698}}
{"target": 0.7082430241759907, "params": {"eta": 1.0, "max_depth": 1.5775847988118472, "n_estimators": 8.545591398108312}, "datetime": {"datetime": "2021-09-17 17:40:55", "elapsed": 95.737944, "delta": 0.777144}}
{"target": 0.6329085524532094, "params": {"eta": 1.0, "max_depth": 9.181369360572074, "n_estimators": 1.0}, "datetime": {"datetime": "2021-09-17 17:40:56", "elapsed": 96.390946, "delta": 0.653002}}
{"target": 0.6329085524532094, "params": {"eta": 1.0, "max_depth": 8.50612724550626, "n_estimators": 1.651260758026864}, "datetime": {"datetime": "2021-09-17 17:40:56", "elapsed": 97.049945, "delta": 0.658999}}
{"target": 0.7761632254559719, "params": {"eta": 1.0, "max_depth": 4.436496426962737, "n_estimators": 4.711770050415358}, "datetime": {"datetime": "2021-09-17 17:40:57", "elapsed": 98.050489, "delta": 1.000544}}
{"target": 0.6329085524532094, "params": {"eta": 1.0, "max_depth": 9.382655459491959, "n_estimators": 1.9688740153876438}, "datetime": {"datetime": "2021-09-17 17:40:58", "elapsed": 98.93149, "delta": 0.881001}}
{"target": 0.7726720012102029, "params": {"eta": 0.45110803660327164, "max_depth": 2.448595311830266, "n_estimators": 8.42697566972656}, "datetime": {"datetime": "2021-09-17 17:40:59", "elapsed": 99.691417, "delta": 0.759927}}
{"target": 0.7826099847366883, "params": {"eta": 0.9983752755729203, "max_depth": 5.776771236085102, "n_estimators": 8.276172815767953}, "datetime": {"datetime": "2021-09-17 17:41:00", "elapsed": 100.748417, "delta": 1.057}}
{"target": 0.7572065768562806, "params": {"eta": 1.0, "max_depth": 3.3791752038305063, "n_estimators": 6.719309779879687}, "datetime": {"datetime": "2021-09-17 17:41:01", "elapsed": 101.447449, "delta": 0.699032}}
{"target": 0.6685074400449509, "params": {"eta": 1.0, "max_depth": 1.3770164260490163, "n_estimators": 3.225542972893282}, "datetime": {"datetime": "2021-09-17 17:41:02", "elapsed": 102.481448, "delta": 1.033999}}
{"target": 0.7439855772075359, "params": {"eta": 1.0, "max_depth": 9.669271561365822, "n_estimators": 6.834794046523197}, "datetime": {"datetime": "2021-09-17 17:41:03", "elapsed": 103.226449, "delta": 0.745001}}
{"target": 0.7136952452172722, "params": {"eta": 1.0, "max_depth": 3.4371725476727337, "n_estimators": 5.306727780242284}, "datetime": {"datetime": "2021-09-17 17:41:03", "elapsed": 104.187403, "delta": 0.960954}}
{"target": 0.7164257850260478, "params": {"eta": 1.0, "max_depth": 3.7471224365223033, "n_estimators": 3.668111231288392}, "datetime": {"datetime": "2021-09-17 17:41:04", "elapsed": 104.982154, "delta": 0.794751}}
{"target": 0.7695119482990421, "params": {"eta": 1.0, "max_depth": 4.167397949670847, "n_estimators": 5.855988337444588}, "datetime": {"datetime": "2021-09-17 17:41:05", "elapsed": 105.878862, "delta": 0.896708}}
{"target": 0.7275005056438867, "params": {"eta": 0.7277271326176276, "max_depth": 8.066520188677954, "n_estimators": 9.026127747192435}, "datetime": {"datetime": "2021-09-17 17:41:06", "elapsed": 106.716865, "delta": 0.838003}}
{"target": 0.7823713690291302, "params": {"eta": 0.9720756905076501, "max_depth": 9.372761738757486, "n_estimators": 9.289511379843095}, "datetime": {"datetime": "2021-09-17 17:41:07", "elapsed": 107.924488, "delta": 1.207623}}
{"target": 0.7600107750952798, "params": {"eta": 0.986487244437643, "max_depth": 8.788837972234269, "n_estimators": 9.737785129905932}, "datetime": {"datetime": "2021-09-17 17:41:08", "elapsed": 108.903489, "delta": 0.979001}}
{"target": 0.7531592530826856, "params": {"eta": 0.9911194438700613, "max_depth": 9.865097943733197, "n_estimators": 8.861787796766722}, "datetime": {"datetime": "2021-09-17 17:41:09", "elapsed": 109.861213, "delta": 0.957724}}
