{"target": 0.8207100574342528, "params": {"eta": 0.19332413044894656, "max_depth": 16.999286102322834, "n_estimators": 17.454893737655027}, "datetime": {"datetime": "2021-09-17 18:32:02", "elapsed": 211.533851, "delta": 0.918}}
{"target": 0.8273068988073328, "params": {"eta": 0.5450661510520147, "max_depth": 8.236706938522763, "n_estimators": 16.819400185296104}, "datetime": {"datetime": "2021-09-17 18:32:04", "elapsed": 213.235949, "delta": 1.702098}}
{"target": 0.7177964077472769, "params": {"eta": 0.2427295797831248, "max_depth": 18.46403701981478, "n_estimators": 8.915708200181777}, "datetime": {"datetime": "2021-09-17 18:32:05", "elapsed": 214.089176, "delta": 0.853227}}
{"target": 0.8399778520421584, "params": {"eta": 0.19708400556394215, "max_depth": 8.076489044868088, "n_estimators": 16.75871669539534}, "datetime": {"datetime": "2021-09-17 18:32:07", "elapsed": 215.835173, "delta": 1.745997}}
{"target": 0.15321887503159226, "params": {"eta": 0.10152391577854936, "max_depth": 8.823938957121598, "n_estimators": 11.982019912159114}, "datetime": {"datetime": "2021-09-17 18:32:09", "elapsed": 217.844973, "delta": 2.0098}}
{"target": 0.8274514779310633, "params": {"eta": 0.4815303637418231, "max_depth": 5.384347364533497, "n_estimators": 12.900517815928705}, "datetime": {"datetime": "2021-09-17 18:32:10", "elapsed": 218.696241, "delta": 0.851268}}
{"target": 0.7334191286510321, "params": {"eta": 0.7863576348061874, "max_depth": 11.584739615719384, "n_estimators": 8.591640316278761}, "datetime": {"datetime": "2021-09-17 18:32:11", "elapsed": 219.685242, "delta": 0.989001}}
{"target": 0.8057494043747163, "params": {"eta": 0.7196649971466756, "max_depth": 8.414973208339974, "n_estimators": 11.88274581040071}, "datetime": {"datetime": "2021-09-17 18:32:13", "elapsed": 221.664442, "delta": 1.9792}}
{"target": 0.8474632326604327, "params": {"eta": 0.28265835543281526, "max_depth": 8.376878792327881, "n_estimators": 16.48840666903132}, "datetime": {"datetime": "2021-09-17 18:32:15", "elapsed": 223.74718, "delta": 2.082738}}
{"target": 0.8418126487221518, "params": {"eta": 0.4528295640965062, "max_depth": 8.075016763428646, "n_estimators": 16.489155317586153}, "datetime": {"datetime": "2021-09-17 18:32:17", "elapsed": 225.698335, "delta": 1.951155}}
{"target": 0.8334515389948227, "params": {"eta": 0.2868968512637534, "max_depth": 8.69959985843121, "n_estimators": 16.800683690604878}, "datetime": {"datetime": "2021-09-17 18:32:18", "elapsed": 227.301056, "delta": 1.602721}}
{"target": 0.825591041752581, "params": {"eta": 0.5461440424527547, "max_depth": 8.68502462922431, "n_estimators": 16.493437124189988}, "datetime": {"datetime": "2021-09-17 18:32:20", "elapsed": 229.13639, "delta": 1.835334}}
{"target": 0.7417775563757893, "params": {"eta": 0.13025105196742842, "max_depth": 8.758434986154715, "n_estimators": 16.384862011215006}, "datetime": {"datetime": "2021-09-17 18:32:22", "elapsed": 230.753282, "delta": 1.616892}}
{"target": 0.8356996016021403, "params": {"eta": 0.4312709462757235, "max_depth": 9.221687830355854, "n_estimators": 11.432151726297988}, "datetime": {"datetime": "2021-09-17 18:32:23", "elapsed": 232.248909, "delta": 1.495627}}
{"target": 0.7749770527357025, "params": {"eta": 0.6072353645840874, "max_depth": 8.572088350180332, "n_estimators": 17.01763057241863}, "datetime": {"datetime": "2021-09-17 18:32:25", "elapsed": 234.342704, "delta": 2.093795}}
{"target": 0.8185233371817564, "params": {"eta": 0.551124327203208, "max_depth": 8.280427791270066, "n_estimators": 16.159766943643184}, "datetime": {"datetime": "2021-09-17 18:32:27", "elapsed": 236.00371, "delta": 1.661006}}
{"target": 0.7490817085119124, "params": {"eta": 0.7984077943737986, "max_depth": 8.326871243048801, "n_estimators": 16.526036356137517}, "datetime": {"datetime": "2021-09-17 18:32:28", "elapsed": 237.550186, "delta": 1.546476}}
{"target": 0.8251030631732081, "params": {"eta": 0.22006626354321063, "max_depth": 16.80719826864338, "n_estimators": 17.080976372462754}, "datetime": {"datetime": "2021-09-17 18:32:31", "elapsed": 239.631754, "delta": 2.081568}}
{"target": 0.7152081124321522, "params": {"eta": 0.7925653120921733, "max_depth": 18.945817915939344, "n_estimators": 7.717759673278335}, "datetime": {"datetime": "2021-09-17 18:32:31", "elapsed": 240.575891, "delta": 0.944137}}
{"target": 0.8516581043260338, "params": {"eta": 0.19685548131664066, "max_depth": 16.55859177527997, "n_estimators": 17.38152643068709}, "datetime": {"datetime": "2021-09-17 18:32:33", "elapsed": 242.189897, "delta": 1.614006}}
{"target": 0.8220056717774089, "params": {"eta": 0.5418015275792551, "max_depth": 16.826677887924827, "n_estimators": 17.26138507525259}, "datetime": {"datetime": "2021-09-17 18:32:35", "elapsed": 244.250975, "delta": 2.061078}}
{"target": 0.8008389010964007, "params": {"eta": 0.37942099728222123, "max_depth": 6.9129012088602, "n_estimators": 7.413018247746816}, "datetime": {"datetime": "2021-09-17 18:32:36", "elapsed": 245.210982, "delta": 0.960007}}
{"target": 0.7913273839896997, "params": {"eta": 0.4919827577895576, "max_depth": 16.380685545077945, "n_estimators": 17.180562835044114}, "datetime": {"datetime": "2021-09-17 18:32:38", "elapsed": 247.022304, "delta": 1.811322}}
{"target": 0.8419816408701432, "params": {"eta": 0.3261636135892054, "max_depth": 16.62703373806985, "n_estimators": 17.720958558192358}, "datetime": {"datetime": "2021-09-17 18:32:40", "elapsed": 248.933733, "delta": 1.911429}}
{"target": 0.6991317567820685, "params": {"eta": 0.12350039124795005, "max_depth": 8.07769942549039, "n_estimators": 16.29173503039599}, "datetime": {"datetime": "2021-09-17 18:32:42", "elapsed": 250.627514, "delta": 1.693781}}
{"target": 0.7762069049049202, "params": {"eta": 0.1397125763371423, "max_depth": 16.294244396303696, "n_estimators": 17.768120892723044}, "datetime": {"datetime": "2021-09-17 18:32:43", "elapsed": 252.575158, "delta": 1.947644}}
{"target": 0.7538021208283432, "params": {"eta": 0.7999527287029858, "max_depth": 4.909206893504269, "n_estimators": 19.169615642014556}, "datetime": {"datetime": "2021-09-17 18:32:46", "elapsed": 254.700143, "delta": 2.124985}}
{"target": 0.8154324348768562, "params": {"eta": 0.38926203975665163, "max_depth": 9.059464168870814, "n_estimators": 8.945265009982219}, "datetime": {"datetime": "2021-09-17 18:32:47", "elapsed": 255.791141, "delta": 1.090998}}
{"target": 0.7890292316720646, "params": {"eta": 0.6289798308156375, "max_depth": 16.902008502801003, "n_estimators": 17.656566505669506}, "datetime": {"datetime": "2021-09-17 18:32:49", "elapsed": 257.69651, "delta": 1.905369}}
{"target": 0.751966773153805, "params": {"eta": 0.7238522852279057, "max_depth": 7.561710215605009, "n_estimators": 17.096781970415915}, "datetime": {"datetime": "2021-09-17 18:32:50", "elapsed": 259.366788, "delta": 1.670278}}
{"target": 0.8216569781000316, "params": {"eta": 0.5430311130850284, "max_depth": 17.368191188436896, "n_estimators": 10.742094154268635}, "datetime": {"datetime": "2021-09-17 18:32:51", "elapsed": 260.528698, "delta": 1.16191}}
{"target": 0.7937340734435104, "params": {"eta": 0.498489316287427, "max_depth": 11.31620288665056, "n_estimators": 16.33479556958204}, "datetime": {"datetime": "2021-09-17 18:32:53", "elapsed": 261.6937, "delta": 1.165002}}
{"target": 0.780354918912531, "params": {"eta": 0.6193972767728225, "max_depth": 6.209693862145956, "n_estimators": 16.74768692368447}, "datetime": {"datetime": "2021-09-17 18:32:55", "elapsed": 263.777613, "delta": 2.083913}}
{"target": 0.8210843813230823, "params": {"eta": 0.5599348515048813, "max_depth": 4.0, "n_estimators": 16.202046387097}, "datetime": {"datetime": "2021-09-17 18:32:57", "elapsed": 265.78849, "delta": 2.010877}}
{"target": 0.8295212982280151, "params": {"eta": 0.32464095601013976, "max_depth": 17.46657086871501, "n_estimators": 11.077483306462913}, "datetime": {"datetime": "2021-09-17 18:32:58", "elapsed": 266.968728, "delta": 1.180238}}
{"target": 0.7571655773092654, "params": {"eta": 0.7828630170055015, "max_depth": 8.446129306546878, "n_estimators": 8.234480012062374}, "datetime": {"datetime": "2021-09-17 18:32:59", "elapsed": 267.985401, "delta": 1.016673}}
{"target": 0.8285675189350667, "params": {"eta": 0.4723091196256505, "max_depth": 9.366088935703665, "n_estimators": 7.063496386197814}, "datetime": {"datetime": "2021-09-17 18:33:00", "elapsed": 268.990652, "delta": 1.005251}}
{"target": 0.7421986659795051, "params": {"eta": 0.7349597424831842, "max_depth": 17.486838868983, "n_estimators": 11.084444881008851}, "datetime": {"datetime": "2021-09-17 18:33:01", "elapsed": 270.57083, "delta": 1.580178}}
{"target": 0.7666359028010632, "params": {"eta": 0.7531191068841457, "max_depth": 5.2558173681402955, "n_estimators": 15.597030904776743}, "datetime": {"datetime": "2021-09-17 18:33:04", "elapsed": 272.843593, "delta": 2.272763}}
{"target": 0.8487505686632402, "params": {"eta": 0.19515948708544475, "max_depth": 14.93411092445128, "n_estimators": 18.59320936559974}, "datetime": {"datetime": "2021-09-17 18:33:06", "elapsed": 274.668992, "delta": 1.825399}}
{"target": 0.7146634429309172, "params": {"eta": 0.11133215153135716, "max_depth": 5.678766770457305, "n_estimators": 18.47111537716696}, "datetime": {"datetime": "2021-09-17 18:33:07", "elapsed": 276.455662, "delta": 1.78667}}
{"target": 0.862455406829246, "params": {"eta": 0.4400153582310701, "max_depth": 5.860015761388075, "n_estimators": 18.851057620964273}, "datetime": {"datetime": "2021-09-17 18:33:09", "elapsed": 278.322663, "delta": 1.867001}}
{"target": 0.8128083818635685, "params": {"eta": 0.1475190929186016, "max_depth": 4.391555337176164, "n_estimators": 19.27450422091458}, "datetime": {"datetime": "2021-09-17 18:33:11", "elapsed": 280.056077, "delta": 1.733414}}
{"target": 0.6497611064455624, "params": {"eta": 0.10583011601627401, "max_depth": 5.029893826009458, "n_estimators": 17.35708400607894}, "datetime": {"datetime": "2021-09-17 18:33:13", "elapsed": 281.892243, "delta": 1.836166}}
{"target": 0.7878354378669852, "params": {"eta": 0.6284049623658172, "max_depth": 7.782607748879874, "n_estimators": 10.24603093541625}, "datetime": {"datetime": "2021-09-17 18:33:15", "elapsed": 283.918048, "delta": 2.025805}}
{"target": 0.7876698379568973, "params": {"eta": 0.5636698732279687, "max_depth": 4.285275217904777, "n_estimators": 19.13831418889484}, "datetime": {"datetime": "2021-09-17 18:33:16", "elapsed": 285.601296, "delta": 1.683248}}
{"target": 0.8111690657138078, "params": {"eta": 0.5709811489055854, "max_depth": 8.028298071781578, "n_estimators": 10.277958656442266}, "datetime": {"datetime": "2021-09-17 18:33:18", "elapsed": 286.631647, "delta": 1.030351}}
{"target": 0.7783152421820905, "params": {"eta": 0.6177557086282474, "max_depth": 16.446071384972452, "n_estimators": 17.594852830418407}, "datetime": {"datetime": "2021-09-17 18:33:20", "elapsed": 288.677412, "delta": 2.045765}}
{"target": 0.8253873938388607, "params": {"eta": 0.5271238788911926, "max_depth": 5.371508015552672, "n_estimators": 17.29291892435478}, "datetime": {"datetime": "2021-09-17 18:33:21", "elapsed": 290.317418, "delta": 1.640006}}
{"target": 0.8392046696784695, "params": {"eta": 0.35064086268851924, "max_depth": 17.1800767894658, "n_estimators": 17.45348485571065}, "datetime": {"datetime": "2021-09-17 18:33:22", "elapsed": 291.581699, "delta": 1.264281}}
{"target": 0.7491655564431907, "params": {"eta": 0.7715109190547174, "max_depth": 5.3964345424834494, "n_estimators": 19.02224048368638}, "datetime": {"datetime": "2021-09-17 18:33:25", "elapsed": 293.65503, "delta": 2.073331}}
{"target": 0.13652255884436215, "params": {"eta": 0.1, "max_depth": 17.161549885825764, "n_estimators": 11.224853483749973}, "datetime": {"datetime": "2021-09-17 18:33:26", "elapsed": 295.500642, "delta": 1.845612}}
{"target": 0.8097820468623425, "params": {"eta": 0.33505682219379823, "max_depth": 17.73349491960018, "n_estimators": 10.862954192621652}, "datetime": {"datetime": "2021-09-17 18:33:28", "elapsed": 297.242033, "delta": 1.741391}}
{"target": 0.7941138280957813, "params": {"eta": 0.6795070054018771, "max_depth": 5.918625829427073, "n_estimators": 18.460988537302804}, "datetime": {"datetime": "2021-09-17 18:33:31", "elapsed": 299.762885, "delta": 2.520852}}
{"target": 0.8108679405430503, "params": {"eta": 0.5219242752088091, "max_depth": 17.27691000150173, "n_estimators": 17.08784897115799}, "datetime": {"datetime": "2021-09-17 18:33:33", "elapsed": 302.262154, "delta": 2.499269}}
{"target": 0.6336812408219115, "params": {"eta": 0.17125739201145465, "max_depth": 7.749994288254957, "n_estimators": 10.152641108983376}, "datetime": {"datetime": "2021-09-17 18:33:35", "elapsed": 304.446309, "delta": 2.184155}}
{"target": 0.8360765420549818, "params": {"eta": 0.1567407831128587, "max_depth": 6.077247267260233, "n_estimators": 18.862640633889505}, "datetime": {"datetime": "2021-09-17 18:33:37", "elapsed": 306.57199, "delta": 2.125681}}
{"target": 0.7770022812683037, "params": {"eta": 0.6189288045556341, "max_depth": 18.54662476625117, "n_estimators": 19.914978568003548}, "datetime": {"datetime": "2021-09-17 18:33:39", "elapsed": 307.870675, "delta": 1.298685}}
{"target": 0.7381939099652796, "params": {"eta": 0.7476807102891858, "max_depth": 16.43258113836304, "n_estimators": 14.863023011369721}, "datetime": {"datetime": "2021-09-17 18:33:40", "elapsed": 309.279675, "delta": 1.409}}
{"target": 0.7824447558368259, "params": {"eta": 0.24020149586397585, "max_depth": 15.506533332031989, "n_estimators": 10.749206573658473}, "datetime": {"datetime": "2021-09-17 18:33:42", "elapsed": 310.625187, "delta": 1.345512}}
{"target": 0.8150656176472786, "params": {"eta": 0.4005724761665702, "max_depth": 16.478907731254605, "n_estimators": 18.755536688858037}, "datetime": {"datetime": "2021-09-17 18:33:43", "elapsed": 312.006191, "delta": 1.381004}}
{"target": 0.8338003277274153, "params": {"eta": 0.19969840878495995, "max_depth": 8.552488260089849, "n_estimators": 17.358857837379833}, "datetime": {"datetime": "2021-09-17 18:33:46", "elapsed": 314.797435, "delta": 2.791244}}
{"target": 0.8318968515173648, "params": {"eta": 0.5477291661218541, "max_depth": 8.415668431261498, "n_estimators": 17.47777917556101}, "datetime": {"datetime": "2021-09-17 18:33:48", "elapsed": 316.943352, "delta": 2.145917}}
{"target": 0.8237247532198528, "params": {"eta": 0.26859618382689693, "max_depth": 8.450674276346511, "n_estimators": 17.77356383639695}, "datetime": {"datetime": "2021-09-17 18:33:50", "elapsed": 318.794287, "delta": 1.850935}}
{"target": 0.6159070113422096, "params": {"eta": 0.14081306954378514, "max_depth": 11.369536347178741, "n_estimators": 12.51466174200285}, "datetime": {"datetime": "2021-09-17 18:33:51", "elapsed": 320.075291, "delta": 1.281004}}
{"target": 0.7108587185465667, "params": {"eta": 0.8, "max_depth": 17.178582574325866, "n_estimators": 11.564941484852103}, "datetime": {"datetime": "2021-09-17 18:33:53", "elapsed": 322.393713, "delta": 2.318422}}
{"target": 0.8167847866748725, "params": {"eta": 0.2054567704079225, "max_depth": 15.430858045036123, "n_estimators": 16.6982886023505}, "datetime": {"datetime": "2021-09-17 18:33:56", "elapsed": 324.81592, "delta": 2.422207}}
{"target": 0.724200584326627, "params": {"eta": 0.7794800281458925, "max_depth": 17.452518231704264, "n_estimators": 10.945909468024047}, "datetime": {"datetime": "2021-09-17 18:33:57", "elapsed": 326.225923, "delta": 1.410003}}
{"target": 0.6146335370523257, "params": {"eta": 0.10119052491504221, "max_depth": 17.261042805295936, "n_estimators": 17.140584173291472}, "datetime": {"datetime": "2021-09-17 18:34:00", "elapsed": 328.988369, "delta": 2.762446}}
{"target": 0.5636472676958022, "params": {"eta": 0.1, "max_depth": 15.296526823801594, "n_estimators": 16.315673324167722}, "datetime": {"datetime": "2021-09-17 18:34:02", "elapsed": 331.049093, "delta": 2.060724}}
{"target": 0.8494847008606116, "params": {"eta": 0.3073563429533519, "max_depth": 15.103396996357725, "n_estimators": 17.067442408173832}, "datetime": {"datetime": "2021-09-17 18:34:04", "elapsed": 333.335697, "delta": 2.286604}}
{"target": 0.6339420971923881, "params": {"eta": 0.10987990402655473, "max_depth": 14.793508070626844, "n_estimators": 16.930505842604983}, "datetime": {"datetime": "2021-09-17 18:34:06", "elapsed": 335.596924, "delta": 2.261227}}
{"target": 0.8151662003408179, "params": {"eta": 0.5056208655373883, "max_depth": 15.268420145655057, "n_estimators": 16.8556362411628}, "datetime": {"datetime": "2021-09-17 18:34:09", "elapsed": 337.732109, "delta": 2.135185}}
{"target": 0.7430712727557769, "params": {"eta": 0.7353443324470399, "max_depth": 17.282260315263372, "n_estimators": 17.41906535920323}, "datetime": {"datetime": "2021-09-17 18:34:11", "elapsed": 339.992327, "delta": 2.260218}}
{"target": 0.8575008702173356, "params": {"eta": 0.44253723377246534, "max_depth": 17.88728711717097, "n_estimators": 17.18211658581692}, "datetime": {"datetime": "2021-09-17 18:34:12", "elapsed": 341.369263, "delta": 1.376936}}
{"target": 0.8304143261310575, "params": {"eta": 0.20022037607877186, "max_depth": 15.519399439031593, "n_estimators": 17.0794718050252}, "datetime": {"datetime": "2021-09-17 18:34:15", "elapsed": 344.054713, "delta": 2.68545}}
{"target": 0.7889181077786092, "params": {"eta": 0.6501893424322087, "max_depth": 19.136018367736618, "n_estimators": 10.652078694351324}, "datetime": {"datetime": "2021-09-17 18:34:16", "elapsed": 345.368033, "delta": 1.31332}}
{"target": 0.7358579572922781, "params": {"eta": 0.7240660367452786, "max_depth": 17.742579549186516, "n_estimators": 17.05837184733999}, "datetime": {"datetime": "2021-09-17 18:34:19", "elapsed": 347.822465, "delta": 2.454432}}
{"target": 0.8131610882791741, "params": {"eta": 0.18525559590948637, "max_depth": 18.041343999996663, "n_estimators": 17.05522912355074}, "datetime": {"datetime": "2021-09-17 18:34:21", "elapsed": 349.999152, "delta": 2.176687}}
{"target": 0.8282013642508813, "params": {"eta": 0.34051042987438745, "max_depth": 18.07443334162631, "n_estimators": 17.450330202972193}, "datetime": {"datetime": "2021-09-17 18:34:23", "elapsed": 352.605555, "delta": 2.606403}}
{"target": 0.8125944651761305, "params": {"eta": 0.5357999284555245, "max_depth": 15.253526568806654, "n_estimators": 17.253147124960442}, "datetime": {"datetime": "2021-09-17 18:34:26", "elapsed": 355.183793, "delta": 2.578238}}
{"target": 0.7961442184706846, "params": {"eta": 0.6373565175639188, "max_depth": 8.556010206500734, "n_estimators": 7.404411135076337}, "datetime": {"datetime": "2021-09-17 18:34:27", "elapsed": 356.475793, "delta": 1.292}}
{"target": 0.8063957341918012, "params": {"eta": 0.52287718747323, "max_depth": 18.255844786169074, "n_estimators": 17.174668197347522}, "datetime": {"datetime": "2021-09-17 18:34:30", "elapsed": 359.153309, "delta": 2.677516}}
{"target": 0.8478082843345132, "params": {"eta": 0.4510567109875476, "max_depth": 17.725063270893568, "n_estimators": 17.523120303281377}, "datetime": {"datetime": "2021-09-17 18:34:32", "elapsed": 361.195931, "delta": 2.042622}}
{"target": 0.8654385430061037, "params": {"eta": 0.445146771336941, "max_depth": 8.779955279644172, "n_estimators": 17.56128253140107}, "datetime": {"datetime": "2021-09-17 18:34:34", "elapsed": 363.1144, "delta": 1.918469}}
{"target": 0.7782779016174963, "params": {"eta": 0.6204403756166162, "max_depth": 14.356180814748633, "n_estimators": 14.413695141105734}, "datetime": {"datetime": "2021-09-17 18:34:35", "elapsed": 364.556466, "delta": 1.442066}}
{"target": 0.808055872412167, "params": {"eta": 0.686277118370686, "max_depth": 8.699585703627573, "n_estimators": 17.80380026612484}, "datetime": {"datetime": "2021-09-17 18:34:38", "elapsed": 366.60872, "delta": 2.052254}}
{"target": 0.7858292586817968, "params": {"eta": 0.7116081192837633, "max_depth": 6.995232412656323, "n_estimators": 18.5773203245018}, "datetime": {"datetime": "2021-09-17 18:34:39", "elapsed": 367.955372, "delta": 1.346652}}
{"target": 0.7475720641404219, "params": {"eta": 0.16266377952900438, "max_depth": 7.7188923660029065, "n_estimators": 13.358486473916109}, "datetime": {"datetime": "2021-09-17 18:34:40", "elapsed": 369.182246, "delta": 1.226874}}
{"target": 0.8308324541316247, "params": {"eta": 0.31841772606419716, "max_depth": 8.918520672241705, "n_estimators": 17.240956277898928}, "datetime": {"datetime": "2021-09-17 18:34:42", "elapsed": 371.15414, "delta": 1.971894}}
{"target": 0.8207427440663839, "params": {"eta": 0.20876448880935788, "max_depth": 11.256514065835223, "n_estimators": 15.645169237125678}, "datetime": {"datetime": "2021-09-17 18:34:43", "elapsed": 372.593141, "delta": 1.439001}}
{"target": 0.7178750949026262, "params": {"eta": 0.7915373162487714, "max_depth": 18.098049238822203, "n_estimators": 12.56360710271041}, "datetime": {"datetime": "2021-09-17 18:34:45", "elapsed": 373.977358, "delta": 1.384217}}
{"target": 0.7165976073047963, "params": {"eta": 0.7618854309003644, "max_depth": 8.896950520580074, "n_estimators": 17.453523238855254}, "datetime": {"datetime": "2021-09-17 18:34:48", "elapsed": 377.025587, "delta": 3.048229}}
{"target": 0.8178905846916438, "params": {"eta": 0.17450305553950635, "max_depth": 9.026686709386107, "n_estimators": 17.740905873263973}, "datetime": {"datetime": "2021-09-17 18:34:51", "elapsed": 379.766761, "delta": 2.741174}}
{"target": 0.8463586217892415, "params": {"eta": 0.3460237829291263, "max_depth": 8.785034789727158, "n_estimators": 17.978976984305223}, "datetime": {"datetime": "2021-09-17 18:34:53", "elapsed": 382.22104, "delta": 2.454279}}
{"target": 0.8242604140973075, "params": {"eta": 0.5187629797230469, "max_depth": 8.365337103119806, "n_estimators": 18.103649386831137}, "datetime": {"datetime": "2021-09-17 18:34:56", "elapsed": 385.399569, "delta": 3.178529}}
