{"target": -2.4739920252247862, "params": {"eta": 0.34786964778330387, "max_depth": 24.96741565814937, "n_estimators": 34.59148858320866}, "datetime": {"datetime": "2021-09-21 14:32:29", "elapsed": 4011.36531, "delta": 16.662896}}
{"target": -2.411707243793889, "params": {"eta": 0.23145172565928954, "max_depth": 22.030258683600533, "n_estimators": 34.64590129687255}, "datetime": {"datetime": "2021-09-21 14:32:48", "elapsed": 4030.831253, "delta": 19.465943}}
{"target": -2.4963111068073074, "params": {"eta": 0.2723548156812468, "max_depth": 22.87160006147894, "n_estimators": 26.123439943768663}, "datetime": {"datetime": "2021-09-21 14:33:07", "elapsed": 4049.074538, "delta": 18.243285}}
{"target": -15.722475393351758, "params": {"eta": 0.010177789798917328, "max_depth": 17.404725408307556, "n_estimators": 39.10660836197173}, "datetime": {"datetime": "2021-09-21 14:33:22", "elapsed": 4064.113976, "delta": 15.039438}}
{"target": -2.3985239637525457, "params": {"eta": 0.27703809842774796, "max_depth": 24.55968233892671, "n_estimators": 34.51089137235921}, "datetime": {"datetime": "2021-09-21 14:33:35", "elapsed": 4077.070967, "delta": 12.956991}}
{"target": -3.0999127024098443, "params": {"eta": 0.66138455408022, "max_depth": 17.47930368657948, "n_estimators": 39.09678354654305}, "datetime": {"datetime": "2021-09-21 14:33:49", "elapsed": 4091.850584, "delta": 14.779617}}
{"target": -2.6070117762214258, "params": {"eta": 0.38527205296352846, "max_depth": 22.7851266189872, "n_estimators": 36.641067376605534}, "datetime": {"datetime": "2021-09-21 14:34:10", "elapsed": 4112.647893, "delta": 20.797309}}
{"target": -3.1059102020765605, "params": {"eta": 0.6204256491751073, "max_depth": 16.916881432648097, "n_estimators": 52.867535068117455}, "datetime": {"datetime": "2021-09-21 14:34:24", "elapsed": 4126.439165, "delta": 13.791272}}
{"target": -14.947040078200793, "params": {"eta": 0.010212491080082068, "max_depth": 16.603136672409708, "n_estimators": 44.38783238968372}, "datetime": {"datetime": "2021-09-21 14:34:37", "elapsed": 4138.959037, "delta": 12.519872}}
{"target": -2.543660788787039, "params": {"eta": 0.47385864850001574, "max_depth": 17.234098917976162, "n_estimators": 39.62084738975458}, "datetime": {"datetime": "2021-09-21 14:34:55", "elapsed": 4157.66876, "delta": 18.709723}}
{"target": -2.42290019675305, "params": {"eta": 0.4434033807484583, "max_depth": 22.104078233791412, "n_estimators": 34.181748431597484}, "datetime": {"datetime": "2021-09-21 14:35:08", "elapsed": 4170.568876, "delta": 12.900116}}
{"target": -2.4359832205270466, "params": {"eta": 0.3134877409346656, "max_depth": 11.004506909998844, "n_estimators": 45.78323875477791}, "datetime": {"datetime": "2021-09-21 14:35:23", "elapsed": 4185.048118, "delta": 14.479242}}
{"target": -3.2273992663935607, "params": {"eta": 0.7869957667076912, "max_depth": 4.744928180440648, "n_estimators": 11.034407403185895}, "datetime": {"datetime": "2021-09-21 14:35:30", "elapsed": 4192.425257, "delta": 7.377139}}
{"target": -2.3805265238410547, "params": {"eta": 0.2851086279618433, "max_depth": 16.509244661665626, "n_estimators": 43.57737355607234}, "datetime": {"datetime": "2021-09-21 14:35:44", "elapsed": 4206.657043, "delta": 14.231786}}
{"target": -2.8548195111124137, "params": {"eta": 0.5741081814124376, "max_depth": 25.955213403957963, "n_estimators": 54.94698115502191}, "datetime": {"datetime": "2021-09-21 14:36:02", "elapsed": 4224.239917, "delta": 17.582874}}
{"target": -2.6473308713812576, "params": {"eta": 0.4533984784785424, "max_depth": 20.354714957553742, "n_estimators": 36.19741075361576}, "datetime": {"datetime": "2021-09-21 14:36:17", "elapsed": 4239.555913, "delta": 15.315996}}
{"target": -2.330329426966215, "params": {"eta": 0.19929228953120495, "max_depth": 21.674768963737783, "n_estimators": 58.071940930867186}, "datetime": {"datetime": "2021-09-21 14:36:27", "elapsed": 4249.800345, "delta": 10.244432}}
{"target": -2.39612565605264, "params": {"eta": 0.061138177762853685, "max_depth": 25.99955930635259, "n_estimators": 54.55299125537277}, "datetime": {"datetime": "2021-09-21 14:36:38", "elapsed": 4260.723608, "delta": 10.923263}}
{"target": -2.682997603165476, "params": {"eta": 0.519191440508782, "max_depth": 16.19025063834005, "n_estimators": 44.50135775483156}, "datetime": {"datetime": "2021-09-21 14:37:02", "elapsed": 4284.507809, "delta": 23.784201}}
{"target": -2.3519451084889864, "params": {"eta": 0.200068878425772, "max_depth": 16.90387144387812, "n_estimators": 43.73090650488557}, "datetime": {"datetime": "2021-09-21 14:37:19", "elapsed": 4300.963207, "delta": 16.455398}}
{"target": -3.8481962627486177, "params": {"eta": 0.9309450553529864, "max_depth": 26.28914728872551, "n_estimators": 24.008643964065715}, "datetime": {"datetime": "2021-09-21 14:37:27", "elapsed": 4309.840719, "delta": 8.877512}}
{"target": -2.264152863778566, "params": {"eta": 0.21132378466119073, "max_depth": 24.835719796261824, "n_estimators": 59.699501468385556}, "datetime": {"datetime": "2021-09-21 14:37:37", "elapsed": 4319.945798, "delta": 10.105079}}
{"target": -2.5718387923742596, "params": {"eta": 0.4733298837449497, "max_depth": 27.81236366586569, "n_estimators": 56.610363072399345}, "datetime": {"datetime": "2021-09-21 14:37:53", "elapsed": 4335.372315, "delta": 15.426517}}
{"target": -2.452786059756028, "params": {"eta": 0.31043245680680154, "max_depth": 22.63757929275407, "n_estimators": 35.858013315070664}, "datetime": {"datetime": "2021-09-21 14:38:08", "elapsed": 4350.232126, "delta": 14.859811}}
{"target": -2.846610139545641, "params": {"eta": 0.5941029180024309, "max_depth": 25.905289548083445, "n_estimators": 54.783785486612}, "datetime": {"datetime": "2021-09-21 14:38:19", "elapsed": 4361.888462, "delta": 11.656336}}
{"target": -2.492349400645808, "params": {"eta": 0.47380924079502507, "max_depth": 16.79514535148401, "n_estimators": 39.105762171639135}, "datetime": {"datetime": "2021-09-21 14:38:32", "elapsed": 4374.576416, "delta": 12.687954}}
{"target": -3.544734957971071, "params": {"eta": 0.7477066197139405, "max_depth": 4.630655282297733, "n_estimators": 3.2364523857763925}, "datetime": {"datetime": "2021-09-21 14:38:39", "elapsed": 4381.794683, "delta": 7.218267}}
{"target": -2.493260399918807, "params": {"eta": 0.3968787015570519, "max_depth": 25.702529748828002, "n_estimators": 55.878472440452946}, "datetime": {"datetime": "2021-09-21 14:38:49", "elapsed": 4391.668721, "delta": 9.874038}}
{"target": -3.07391425622137, "params": {"eta": 0.6566534705207568, "max_depth": 25.91406782959103, "n_estimators": 56.1067921859105}, "datetime": {"datetime": "2021-09-21 14:39:03", "elapsed": 4405.76942, "delta": 14.100699}}
{"target": -2.410775702250631, "params": {"eta": 0.17955216880546604, "max_depth": 19.981066503634985, "n_estimators": 36.900073620925866}, "datetime": {"datetime": "2021-09-21 14:39:12", "elapsed": 4414.332756, "delta": 8.563336}}
{"target": -2.1950844036905393, "params": {"eta": 0.19582926464561082, "max_depth": 25.238752601093037, "n_estimators": 53.664079235518685}, "datetime": {"datetime": "2021-09-21 14:39:28", "elapsed": 4430.12071, "delta": 15.787954}}
{"target": -2.3558317849510595, "params": {"eta": 0.39129751483768266, "max_depth": 12.469659543224532, "n_estimators": 46.14278414989871}, "datetime": {"datetime": "2021-09-21 14:39:37", "elapsed": 4439.215529, "delta": 9.094819}}
{"target": -2.242007685335059, "params": {"eta": 0.1948771228333617, "max_depth": 7.822226354968885, "n_estimators": 54.491532864178645}, "datetime": {"datetime": "2021-09-21 14:39:46", "elapsed": 4448.759939, "delta": 9.54441}}
{"target": -2.3681754758483486, "params": {"eta": 0.34002636129896036, "max_depth": 19.845938839408674, "n_estimators": 36.64081171670014}, "datetime": {"datetime": "2021-09-21 14:40:05", "elapsed": 4467.548278, "delta": 18.788339}}
{"target": -2.4142362042477252, "params": {"eta": 0.3025816869517391, "max_depth": 19.328583844071332, "n_estimators": 38.073583216179685}, "datetime": {"datetime": "2021-09-21 14:40:30", "elapsed": 4492.57462, "delta": 25.026342}}
{"target": -2.510905070681321, "params": {"eta": 0.3931230716754594, "max_depth": 24.41490543208324, "n_estimators": 34.091172112738576}, "datetime": {"datetime": "2021-09-21 14:40:50", "elapsed": 4511.953579, "delta": 19.378959}}
{"target": -2.7137008158784166, "params": {"eta": 0.5664094806860025, "max_depth": 17.217822010417475, "n_estimators": 38.85414952785598}, "datetime": {"datetime": "2021-09-21 14:41:09", "elapsed": 4531.83444, "delta": 19.880861}}
{"target": -2.9031413530048567, "params": {"eta": 0.6113557581135778, "max_depth": 16.384859490806996, "n_estimators": 44.11556987592327}, "datetime": {"datetime": "2021-09-21 14:41:32", "elapsed": 4554.901665, "delta": 23.067225}}
{"target": -2.4076932480460718, "params": {"eta": 0.4389819858792591, "max_depth": 25.133003998241733, "n_estimators": 54.56126810157388}, "datetime": {"datetime": "2021-09-21 14:41:56", "elapsed": 4578.83947, "delta": 23.937805}}
{"target": -2.3637976539762398, "params": {"eta": 0.17128968263683814, "max_depth": 13.612015158404397, "n_estimators": 50.26920650281917}, "datetime": {"datetime": "2021-09-21 14:42:05", "elapsed": 4587.708557, "delta": 8.869087}}
{"target": -2.486661870228617, "params": {"eta": 0.3811274933043577, "max_depth": 24.952218927771096, "n_estimators": 35.81751581324938}, "datetime": {"datetime": "2021-09-21 14:42:22", "elapsed": 4604.888449, "delta": 17.179892}}
{"target": -2.6734649884073356, "params": {"eta": 0.4539632412585632, "max_depth": 22.29464515422711, "n_estimators": 34.583984238920856}, "datetime": {"datetime": "2021-09-21 14:42:39", "elapsed": 4621.602817, "delta": 16.714368}}
{"target": -2.719840433723048, "params": {"eta": 0.5334280335934619, "max_depth": 10.970349125400245, "n_estimators": 45.29937471472017}, "datetime": {"datetime": "2021-09-21 14:42:55", "elapsed": 4637.519109, "delta": 15.916292}}
{"target": -3.0089226026284064, "params": {"eta": 0.710873327128607, "max_depth": 24.030277433382576, "n_estimators": 25.701387472967173}, "datetime": {"datetime": "2021-09-21 14:43:03", "elapsed": 4645.175659, "delta": 7.65655}}
{"target": -2.95241193834104, "params": {"eta": 0.5806079721080986, "max_depth": 16.446967655192267, "n_estimators": 44.85094575960369}, "datetime": {"datetime": "2021-09-21 14:43:21", "elapsed": 4663.079247, "delta": 17.903588}}
{"target": -3.1531358113414365, "params": {"eta": 0.7456254085187091, "max_depth": 12.31695535038659, "n_estimators": 12.671394536197214}, "datetime": {"datetime": "2021-09-21 14:43:30", "elapsed": 4672.009347, "delta": 8.9301}}
{"target": -2.5477748042658757, "params": {"eta": 0.47264832983428806, "max_depth": 27.89350651833124, "n_estimators": 43.44389947277878}, "datetime": {"datetime": "2021-09-21 14:43:38", "elapsed": 4680.259368, "delta": 8.250021}}
{"target": -2.4575225547740334, "params": {"eta": 0.31800344533845903, "max_depth": 14.468567609956331, "n_estimators": 38.67752642787265}, "datetime": {"datetime": "2021-09-21 14:43:58", "elapsed": 4700.049735, "delta": 19.790367}}
{"target": -2.4356315844937377, "params": {"eta": 0.3216147275109081, "max_depth": 29.278689703845675, "n_estimators": 57.22968646501049}, "datetime": {"datetime": "2021-09-21 14:44:16", "elapsed": 4718.932047, "delta": 18.882312}}
{"target": -3.030672225826665, "params": {"eta": 0.6556228424925246, "max_depth": 20.018843613543744, "n_estimators": 36.88186028508282}, "datetime": {"datetime": "2021-09-21 14:44:31", "elapsed": 4733.373455, "delta": 14.441408}}
{"target": -2.4162426553274456, "params": {"eta": 0.4340199242412634, "max_depth": 19.54795480495591, "n_estimators": 36.89703477320493}, "datetime": {"datetime": "2021-09-21 14:44:51", "elapsed": 4753.13712, "delta": 19.763665}}
{"target": -2.6826132215951617, "params": {"eta": 0.5158628729930641, "max_depth": 16.769877934701235, "n_estimators": 43.991001907193954}, "datetime": {"datetime": "2021-09-21 14:45:09", "elapsed": 4771.937161, "delta": 18.800041}}
{"target": -2.549592755342785, "params": {"eta": 0.36214142012173384, "max_depth": 11.252395005099011, "n_estimators": 41.739438237003014}, "datetime": {"datetime": "2021-09-21 14:45:22", "elapsed": 4784.460734, "delta": 12.523573}}
{"target": -2.7849861734791803, "params": {"eta": 0.4873529555793854, "max_depth": 10.262297412263063, "n_estimators": 43.97174573326862}, "datetime": {"datetime": "2021-09-21 14:45:39", "elapsed": 4801.644975, "delta": 17.184241}}
{"target": -2.383877480657477, "params": {"eta": 0.09667211711192852, "max_depth": 10.946104665051555, "n_estimators": 45.43981588333896}, "datetime": {"datetime": "2021-09-21 14:45:55", "elapsed": 4817.360871, "delta": 15.715896}}
{"target": -2.876232012949492, "params": {"eta": 0.40058482235554255, "max_depth": 2.1725108400564803, "n_estimators": 15.4888160444856}, "datetime": {"datetime": "2021-09-21 14:46:03", "elapsed": 4824.996739, "delta": 7.635868}}
{"target": -2.646698271600824, "params": {"eta": 0.48645633011047584, "max_depth": 20.143786101965055, "n_estimators": 35.692512903112835}, "datetime": {"datetime": "2021-09-21 14:46:21", "elapsed": 4843.423342, "delta": 18.426603}}
{"target": -2.347590883782036, "params": {"eta": 0.1982416102129221, "max_depth": 11.39040587770438, "n_estimators": 45.3549367426534}, "datetime": {"datetime": "2021-09-21 14:46:36", "elapsed": 4858.814892, "delta": 15.39155}}
{"target": -6.173359456815217, "params": {"eta": 0.03803780698333417, "max_depth": 23.05020301783264, "n_estimators": 37.30659454702845}, "datetime": {"datetime": "2021-09-21 14:46:57", "elapsed": 4879.76857, "delta": 20.953678}}
{"target": -3.0306339502334594, "params": {"eta": 0.6410995955895507, "max_depth": 9.066846168739927, "n_estimators": 4.948614997621765}, "datetime": {"datetime": "2021-09-21 14:47:05", "elapsed": 4887.44012, "delta": 7.67155}}
{"target": -2.950968214712645, "params": {"eta": 0.5854564273255314, "max_depth": 20.31873276584942, "n_estimators": 44.73955969940757}, "datetime": {"datetime": "2021-09-21 14:47:20", "elapsed": 4902.482718, "delta": 15.042598}}
{"target": -2.3403891061481676, "params": {"eta": 0.09157875371922433, "max_depth": 27.216356704959427, "n_estimators": 55.66364796747009}, "datetime": {"datetime": "2021-09-21 14:47:37", "elapsed": 4919.314131, "delta": 16.831413}}
{"target": -2.4163458504174886, "params": {"eta": 0.4019832162931529, "max_depth": 20.213214609446304, "n_estimators": 17.412263257141326}, "datetime": {"datetime": "2021-09-21 14:47:46", "elapsed": 4927.96053, "delta": 8.646399}}
{"target": -3.669403683511834, "params": {"eta": 0.8697770486350211, "max_depth": 2.436634011851841, "n_estimators": 3.1457502952045053}, "datetime": {"datetime": "2021-09-21 14:47:53", "elapsed": 4935.538926, "delta": 7.578396}}
{"target": -2.345458912222009, "params": {"eta": 0.13927328559878574, "max_depth": 27.756189188211238, "n_estimators": 56.29180514721183}, "datetime": {"datetime": "2021-09-21 14:48:11", "elapsed": 4953.321467, "delta": 17.782541}}
{"target": -2.766837668418884, "params": {"eta": 0.2717010309060271, "max_depth": 26.97319779045952, "n_estimators": 10.4209372216577}, "datetime": {"datetime": "2021-09-21 14:48:19", "elapsed": 4960.991772, "delta": 7.670305}}
{"target": -2.666137071032273, "params": {"eta": 0.5068977007915225, "max_depth": 22.195947750626683, "n_estimators": 8.135718694560344}, "datetime": {"datetime": "2021-09-21 14:48:27", "elapsed": 4969.088806, "delta": 8.097034}}
{"target": -3.279307202288979, "params": {"eta": 0.8143042770118669, "max_depth": 19.554877787503585, "n_estimators": 42.232524741485705}, "datetime": {"datetime": "2021-09-21 14:48:38", "elapsed": 4980.681393, "delta": 11.592587}}
{"target": -2.337483477592468, "params": {"eta": 0.17191566217632467, "max_depth": 14.97061873781383, "n_estimators": 34.050886339283565}, "datetime": {"datetime": "2021-09-21 14:48:57", "elapsed": 4999.714771, "delta": 19.033378}}
{"target": -2.713568697477642, "params": {"eta": 0.5149218076935893, "max_depth": 10.832180981687745, "n_estimators": 41.61259238716812}, "datetime": {"datetime": "2021-09-21 14:49:17", "elapsed": 5019.28843, "delta": 19.573659}}
{"target": -2.456599216084731, "params": {"eta": 0.3582205848196175, "max_depth": 25.518054590745027, "n_estimators": 54.65662107884766}, "datetime": {"datetime": "2021-09-21 14:49:33", "elapsed": 5035.730079, "delta": 16.441649}}
{"target": -2.9489672359667325, "params": {"eta": 0.5844365212598298, "max_depth": 15.086300586779537, "n_estimators": 34.2729011261474}, "datetime": {"datetime": "2021-09-21 14:49:55", "elapsed": 5056.982536, "delta": 21.252457}}
{"target": -2.312870454160791, "params": {"eta": 0.4555058726742606, "max_depth": 14.637073858275219, "n_estimators": 34.329834238693024}, "datetime": {"datetime": "2021-09-21 14:50:10", "elapsed": 5072.215235, "delta": 15.232699}}
{"target": -2.7540330209230124, "params": {"eta": 0.5027387011876996, "max_depth": 23.096608730378367, "n_estimators": 54.06692515704327}, "datetime": {"datetime": "2021-09-21 14:50:28", "elapsed": 5090.626375, "delta": 18.41114}}
{"target": -2.412904506608059, "params": {"eta": 0.38439928462152023, "max_depth": 12.845679539835281, "n_estimators": 49.55617362419672}, "datetime": {"datetime": "2021-09-21 14:50:45", "elapsed": 5106.963003, "delta": 16.336628}}
{"target": -5.307204538270047, "params": {"eta": 0.09608681045807002, "max_depth": 23.671459877863594, "n_estimators": 16.45760355274835}, "datetime": {"datetime": "2021-09-21 14:50:53", "elapsed": 5115.707858, "delta": 8.744855}}
{"target": -2.732346591196562, "params": {"eta": 0.5011468544756047, "max_depth": 20.505104281607803, "n_estimators": 37.557146510637494}, "datetime": {"datetime": "2021-09-21 14:51:10", "elapsed": 5132.47246, "delta": 16.764602}}
{"target": -4.845884431035896, "params": {"eta": 0.14661297174394747, "max_depth": 7.05056362385733, "n_estimators": 11.302607857674664}, "datetime": {"datetime": "2021-09-21 14:51:18", "elapsed": 5140.494665, "delta": 8.022205}}
{"target": -2.5420096999720525, "params": {"eta": 0.3838618101066703, "max_depth": 15.794303118222825, "n_estimators": 39.95417327903124}, "datetime": {"datetime": "2021-09-21 14:51:28", "elapsed": 5150.2205, "delta": 9.725835}}
{"target": -2.335042689975939, "params": {"eta": 0.187237247333412, "max_depth": 26.92444562655828, "n_estimators": 56.2803262657624}, "datetime": {"datetime": "2021-09-21 14:51:58", "elapsed": 5180.347823, "delta": 30.127323}}
{"target": -2.282671670537246, "params": {"eta": 0.12929617833975368, "max_depth": 24.640745343195967, "n_estimators": 53.94084671400232}, "datetime": {"datetime": "2021-09-21 14:52:24", "elapsed": 5206.558983, "delta": 26.21116}}
{"target": -2.7263883772649264, "params": {"eta": 0.5009210571058554, "max_depth": 28.92927696123217, "n_estimators": 57.162001564542315}, "datetime": {"datetime": "2021-09-21 14:52:45", "elapsed": 5227.432921, "delta": 20.873938}}
{"target": -2.3145425608283596, "params": {"eta": 0.15089804244712166, "max_depth": 22.811951510860904, "n_estimators": 26.665914315180146}, "datetime": {"datetime": "2021-09-21 14:53:05", "elapsed": 5247.52499, "delta": 20.092069}}
{"target": -2.3844326972961425, "params": {"eta": 0.30268035297933243, "max_depth": 11.464504046243823, "n_estimators": 44.91044583858936}, "datetime": {"datetime": "2021-09-21 14:53:29", "elapsed": 5271.60489, "delta": 24.0799}}
{"target": -2.8235256860130713, "params": {"eta": 0.5975295058493024, "max_depth": 11.279554892178064, "n_estimators": 44.561055290914766}, "datetime": {"datetime": "2021-09-21 14:53:43", "elapsed": 5285.282315, "delta": 13.677425}}
{"target": -2.896701535425688, "params": {"eta": 0.5688190395146235, "max_depth": 26.76806079450158, "n_estimators": 56.14818724061504}, "datetime": {"datetime": "2021-09-21 14:53:58", "elapsed": 5300.498743, "delta": 15.216428}}
{"target": -2.851158909421218, "params": {"eta": 0.5750315984154116, "max_depth": 28.779046909175822, "n_estimators": 40.691689803474326}, "datetime": {"datetime": "2021-09-21 14:54:08", "elapsed": 5310.385869, "delta": 9.887126}}
{"target": -2.487131630746942, "params": {"eta": 0.3977423751401224, "max_depth": 16.72345611038304, "n_estimators": 39.537054735087096}, "datetime": {"datetime": "2021-09-21 14:54:22", "elapsed": 5324.23537, "delta": 13.849501}}
{"target": -2.9379286740955557, "params": {"eta": 0.5825219501384624, "max_depth": 12.583849693612654, "n_estimators": 49.24888838394117}, "datetime": {"datetime": "2021-09-21 14:54:40", "elapsed": 5342.604577, "delta": 18.369207}}
{"target": -2.444777473023063, "params": {"eta": 0.12091825090346778, "max_depth": 22.339425750400384, "n_estimators": 34.918358699934124}, "datetime": {"datetime": "2021-09-21 14:55:02", "elapsed": 5364.885997, "delta": 22.28142}}
{"target": -2.4417265088934648, "params": {"eta": 0.3207422389365685, "max_depth": 14.93929921566477, "n_estimators": 39.19001453827878}, "datetime": {"datetime": "2021-09-21 14:55:22", "elapsed": 5384.381023, "delta": 19.495026}}
{"target": -2.9267494082450867, "params": {"eta": 0.5812613596902755, "max_depth": 7.5498375481778375, "n_estimators": 39.47554357011827}, "datetime": {"datetime": "2021-09-21 14:55:30", "elapsed": 5392.550086, "delta": 8.169063}}
{"target": -2.708201577161488, "params": {"eta": 0.564793731970982, "max_depth": 25.00311638523029, "n_estimators": 34.98194905742739}, "datetime": {"datetime": "2021-09-21 14:55:50", "elapsed": 5411.97679, "delta": 19.426704}}
{"target": -2.364107170230464, "params": {"eta": 0.22345975102309287, "max_depth": 24.007324610127398, "n_estimators": 37.14880247538743}, "datetime": {"datetime": "2021-09-21 14:56:11", "elapsed": 5433.899722, "delta": 21.922932}}
{"target": -2.9730979204177856, "params": {"eta": 0.07186105707373812, "max_depth": 20.139071206736006, "n_estimators": 35.57741068149728}, "datetime": {"datetime": "2021-09-21 14:56:25", "elapsed": 5447.624537, "delta": 13.724815}}
