{"target": 0.7872583318781528, "params": {"eta": 0.5749422028348488, "max_depth": 12.15368882888409, "n_estimators": 17.49533921292044}, "datetime": {"datetime": "2021-09-17 18:34:58", "elapsed": 386.880305, "delta": 1.480736}}
{"target": 0.8202366163791142, "params": {"eta": 0.5417936556024476, "max_depth": 16.827570563534863, "n_estimators": 17.275498586815417}, "datetime": {"datetime": "2021-09-17 18:34:59", "elapsed": 388.36666, "delta": 1.486355}}
{"target": 0.7847082846977895, "params": {"eta": 0.705801045440013, "max_depth": 17.990694738986104, "n_estimators": 17.50198378684878}, "datetime": {"datetime": "2021-09-17 18:35:02", "elapsed": 390.687067, "delta": 2.320407}}
{"target": 0.802338084660611, "params": {"eta": 0.16805533602872058, "max_depth": 17.616746590942785, "n_estimators": 17.73007907109269}, "datetime": {"datetime": "2021-09-17 18:35:04", "elapsed": 393.019041, "delta": 2.331974}}
{"target": 0.7899267781769447, "params": {"eta": 0.7123415930073654, "max_depth": 14.107835152784995, "n_estimators": 12.740900678309185}, "datetime": {"datetime": "2021-09-17 18:35:05", "elapsed": 394.463043, "delta": 1.444002}}
{"target": 0.7528916061956521, "params": {"eta": 0.13135776006195884, "max_depth": 15.238177170856568, "n_estimators": 17.308631594069233}, "datetime": {"datetime": "2021-09-17 18:35:08", "elapsed": 396.762169, "delta": 2.299126}}
{"target": 0.3374475283458781, "params": {"eta": 0.15513524957606845, "max_depth": 10.142471240344197, "n_estimators": 8.025191963384948}, "datetime": {"datetime": "2021-09-17 18:35:09", "elapsed": 398.17596, "delta": 1.413791}}
{"target": 0.7086003091173738, "params": {"eta": 0.10940595045750356, "max_depth": 8.620065697417076, "n_estimators": 18.232247484957277}, "datetime": {"datetime": "2021-09-17 18:35:12", "elapsed": 400.739497, "delta": 2.563537}}
{"target": 0.8264509654707359, "params": {"eta": 0.3754495999295362, "max_depth": 17.760831387750223, "n_estimators": 11.255495588835313}, "datetime": {"datetime": "2021-09-17 18:35:14", "elapsed": 403.525288, "delta": 2.785791}}
{"target": 0.8250174042366808, "params": {"eta": 0.4763697879607289, "max_depth": 16.669554834224083, "n_estimators": 16.7959156340057}, "datetime": {"datetime": "2021-09-17 18:35:17", "elapsed": 406.223232, "delta": 2.697944}}
{"target": 0.8149656614855946, "params": {"eta": 0.23494404993295667, "max_depth": 15.455133388218195, "n_estimators": 15.680341917466693}, "datetime": {"datetime": "2021-09-17 18:35:19", "elapsed": 407.652444, "delta": 1.429212}}
{"target": 0.8074792514070088, "params": {"eta": 0.17782645843230221, "max_depth": 11.073135315108354, "n_estimators": 16.027743343290187}, "datetime": {"datetime": "2021-09-17 18:35:21", "elapsed": 409.700738, "delta": 2.048294}}
{"target": 0.7939212959349076, "params": {"eta": 0.16376025435401287, "max_depth": 15.86976627664831, "n_estimators": 16.86161837267648}, "datetime": {"datetime": "2021-09-17 18:35:23", "elapsed": 411.891084, "delta": 2.190346}}
{"target": 0.8405761709621625, "params": {"eta": 0.471037887948045, "max_depth": 9.075879683873932, "n_estimators": 17.935687839758693}, "datetime": {"datetime": "2021-09-17 18:35:26", "elapsed": 415.008158, "delta": 3.117074}}
{"target": 0.8013431102250016, "params": {"eta": 0.14966948838050748, "max_depth": 17.767280874984813, "n_estimators": 17.375861144294987}, "datetime": {"datetime": "2021-09-17 18:35:28", "elapsed": 417.559534, "delta": 2.551376}}
{"target": 0.7896379958049021, "params": {"eta": 0.4826715717846497, "max_depth": 9.36502732621802, "n_estimators": 7.060305358625578}, "datetime": {"datetime": "2021-09-17 18:35:30", "elapsed": 418.98845, "delta": 1.428916}}
{"target": 0.25286147757104005, "params": {"eta": 0.1655676401897026, "max_depth": 9.391110135794618, "n_estimators": 7.216850022448998}, "datetime": {"datetime": "2021-09-17 18:35:33", "elapsed": 421.856239, "delta": 2.867789}}
{"target": 0.8482096500483298, "params": {"eta": 0.45492347326930893, "max_depth": 7.932107091408307, "n_estimators": 17.528524806345157}, "datetime": {"datetime": "2021-09-17 18:35:35", "elapsed": 423.990963, "delta": 2.134724}}
{"target": 0.7279061978911459, "params": {"eta": 0.7513445414787302, "max_depth": 18.866562007565364, "n_estimators": 18.57457974502814}, "datetime": {"datetime": "2021-09-17 18:35:36", "elapsed": 425.580109, "delta": 1.589146}}
{"target": 0.8348888117984851, "params": {"eta": 0.3095277580885284, "max_depth": 6.358704267222844, "n_estimators": 17.968055322474292}, "datetime": {"datetime": "2021-09-17 18:35:38", "elapsed": 427.57238, "delta": 1.992271}}
{"target": 0.834215592232731, "params": {"eta": 0.1876096656890647, "max_depth": 8.727652985233489, "n_estimators": 17.63447918756497}, "datetime": {"datetime": "2021-09-17 18:35:40", "elapsed": 429.532349, "delta": 1.959969}}
{"target": 0.7988874135381925, "params": {"eta": 0.5908615307057448, "max_depth": 6.490674520567675, "n_estimators": 17.897190706113186}, "datetime": {"datetime": "2021-09-17 18:35:43", "elapsed": 431.98333, "delta": 2.450981}}
{"target": 0.8052318005952592, "params": {"eta": 0.5517595756217739, "max_depth": 18.333842600531245, "n_estimators": 10.208576503063979}, "datetime": {"datetime": "2021-09-17 18:35:44", "elapsed": 433.440747, "delta": 1.457417}}
{"target": 0.8504142141313192, "params": {"eta": 0.31615286264608633, "max_depth": 6.508114153144902, "n_estimators": 18.859640628978152}, "datetime": {"datetime": "2021-09-17 18:35:47", "elapsed": 436.061204, "delta": 2.620457}}
{"target": 0.8425074670727637, "params": {"eta": 0.36403822668200525, "max_depth": 9.289541409111965, "n_estimators": 17.831820202595278}, "datetime": {"datetime": "2021-09-17 18:35:48", "elapsed": 437.472005, "delta": 1.410801}}
{"target": 0.8345960666468253, "params": {"eta": 0.36157031459428346, "max_depth": 6.26472647802794, "n_estimators": 18.88032168656868}, "datetime": {"datetime": "2021-09-17 18:35:51", "elapsed": 439.853695, "delta": 2.38169}}
{"target": 0.8479852128133498, "params": {"eta": 0.4121598611872844, "max_depth": 9.15342858557935, "n_estimators": 17.497935171348217}, "datetime": {"datetime": "2021-09-17 18:35:53", "elapsed": 442.309048, "delta": 2.455353}}
{"target": 0.8030790150928196, "params": {"eta": 0.17234960352265885, "max_depth": 8.44174855013987, "n_estimators": 16.754426278417185}, "datetime": {"datetime": "2021-09-17 18:35:56", "elapsed": 444.848493, "delta": 2.539445}}
{"target": 0.7831375719650193, "params": {"eta": 0.6289340048035439, "max_depth": 4.832391926608395, "n_estimators": 16.180192603197916}, "datetime": {"datetime": "2021-09-17 18:35:59", "elapsed": 447.676171, "delta": 2.827678}}
{"target": 0.8278941706254155, "params": {"eta": 0.21461069228461283, "max_depth": 5.6277107159832145, "n_estimators": 14.781332535818335}, "datetime": {"datetime": "2021-09-17 18:36:00", "elapsed": 449.107773, "delta": 1.431602}}
{"target": 0.7846098236345999, "params": {"eta": 0.6551172071365949, "max_depth": 8.634100533957804, "n_estimators": 12.054064601508113}, "datetime": {"datetime": "2021-09-17 18:36:04", "elapsed": 452.708987, "delta": 3.601214}}
{"target": 0.8552762735713155, "params": {"eta": 0.44449965268966296, "max_depth": 17.058841089180532, "n_estimators": 19.605408482584895}, "datetime": {"datetime": "2021-09-17 18:36:07", "elapsed": 456.140788, "delta": 3.431801}}
{"target": 0.8212952728726476, "params": {"eta": 0.515242876945115, "max_depth": 5.6310961182285055, "n_estimators": 18.89302612351914}, "datetime": {"datetime": "2021-09-17 18:36:09", "elapsed": 458.291229, "delta": 2.150441}}
{"target": 0.8216575551005147, "params": {"eta": 0.1861025438456012, "max_depth": 4.30687711065513, "n_estimators": 16.513136205630396}, "datetime": {"datetime": "2021-09-17 18:36:12", "elapsed": 460.893817, "delta": 2.602588}}
{"target": 0.8473674653030565, "params": {"eta": 0.21510483814157172, "max_depth": 5.193844292880451, "n_estimators": 18.237624942320267}, "datetime": {"datetime": "2021-09-17 18:36:16", "elapsed": 464.902227, "delta": 4.00841}}
{"target": 0.8377159396203846, "params": {"eta": 0.37177805017397514, "max_depth": 8.10044628797846, "n_estimators": 17.018301204769237}, "datetime": {"datetime": "2021-09-17 18:36:19", "elapsed": 467.675915, "delta": 2.773688}}
{"target": 0.8441154571141352, "params": {"eta": 0.46602012455380926, "max_depth": 16.84499989994297, "n_estimators": 19.837237276449358}, "datetime": {"datetime": "2021-09-17 18:36:22", "elapsed": 471.170483, "delta": 3.494568}}
{"target": 0.7392807774249868, "params": {"eta": 0.11863255148416897, "max_depth": 4.9469983719772905, "n_estimators": 18.412273702838263}, "datetime": {"datetime": "2021-09-17 18:36:26", "elapsed": 474.86874, "delta": 3.698257}}
{"target": 0.7595496791118358, "params": {"eta": 0.5939571326115637, "max_depth": 8.353259588815291, "n_estimators": 17.795953647030515}, "datetime": {"datetime": "2021-09-17 18:36:28", "elapsed": 477.128476, "delta": 2.259736}}
{"target": 0.8308348545183676, "params": {"eta": 0.2879605547078695, "max_depth": 12.897012041893772, "n_estimators": 17.601856070551182}, "datetime": {"datetime": "2021-09-17 18:36:30", "elapsed": 478.859327, "delta": 1.730851}}
{"target": 0.7609929912029291, "params": {"eta": 0.6942941763179908, "max_depth": 17.06147805024611, "n_estimators": 19.935125499295246}, "datetime": {"datetime": "2021-09-17 18:36:33", "elapsed": 481.837909, "delta": 2.978582}}
{"target": 0.7821856391457869, "params": {"eta": 0.2256643651208342, "max_depth": 17.34648973204627, "n_estimators": 12.077115205013921}, "datetime": {"datetime": "2021-09-17 18:36:34", "elapsed": 483.360286, "delta": 1.522377}}
{"target": 0.859972763760693, "params": {"eta": 0.4438552960508627, "max_depth": 5.783991478596926, "n_estimators": 15.583010831545408}, "datetime": {"datetime": "2021-09-17 18:36:37", "elapsed": 486.02103, "delta": 2.660744}}
{"target": 0.735865630781716, "params": {"eta": 0.19106007582237633, "max_depth": 9.310739833633582, "n_estimators": 11.607189473505496}, "datetime": {"datetime": "2021-09-17 18:36:40", "elapsed": 488.616934, "delta": 2.595904}}
{"target": 0.8310266261036326, "params": {"eta": 0.21068236908302387, "max_depth": 5.2645365448133115, "n_estimators": 16.37791953009628}, "datetime": {"datetime": "2021-09-17 18:36:42", "elapsed": 491.4284, "delta": 2.811466}}
{"target": 0.8062975456698156, "params": {"eta": 0.48240761048441344, "max_depth": 15.620764416263217, "n_estimators": 16.940232947643114}, "datetime": {"datetime": "2021-09-17 18:36:45", "elapsed": 494.100267, "delta": 2.671867}}
{"target": 0.8450609803135364, "params": {"eta": 0.2298320558690272, "max_depth": 4.101653982782883, "n_estimators": 16.181005466545106}, "datetime": {"datetime": "2021-09-17 18:36:47", "elapsed": 496.580923, "delta": 2.480656}}
{"target": 0.5553599900629869, "params": {"eta": 0.11271264999254406, "max_depth": 11.045548045619668, "n_estimators": 14.566034648352058}, "datetime": {"datetime": "2021-09-17 18:36:49", "elapsed": 498.105634, "delta": 1.524711}}
{"target": 0.7185377528410037, "params": {"eta": 0.24280094709437364, "max_depth": 11.960949075684661, "n_estimators": 8.646949281363952}, "datetime": {"datetime": "2021-09-17 18:36:51", "elapsed": 499.627916, "delta": 1.522282}}
{"target": 0.7819340828065, "params": {"eta": 0.6478287923009012, "max_depth": 9.28037732705591, "n_estimators": 17.714385124082046}, "datetime": {"datetime": "2021-09-17 18:36:53", "elapsed": 502.25316, "delta": 2.625244}}
{"target": 0.8061740893930487, "params": {"eta": 0.15174848598918889, "max_depth": 9.345863456852193, "n_estimators": 17.562286529152676}, "datetime": {"datetime": "2021-09-17 18:36:56", "elapsed": 504.695252, "delta": 2.442092}}
{"target": 0.7692299658429035, "params": {"eta": 0.7613474267742399, "max_depth": 5.201935343867813, "n_estimators": 17.00869960479934}, "datetime": {"datetime": "2021-09-17 18:36:58", "elapsed": 507.299793, "delta": 2.604541}}
{"target": 0.8310949933906168, "params": {"eta": 0.5486173326067105, "max_depth": 8.956681096172785, "n_estimators": 11.550884898997712}, "datetime": {"datetime": "2021-09-17 18:37:00", "elapsed": 509.310377, "delta": 2.010584}}
{"target": 0.7013783191716092, "params": {"eta": 0.11781532274088753, "max_depth": 6.424089627741383, "n_estimators": 17.699282612038242}, "datetime": {"datetime": "2021-09-17 18:37:03", "elapsed": 512.029773, "delta": 2.719396}}
{"target": 0.8440379316798665, "params": {"eta": 0.3312945363316, "max_depth": 7.03123061014813, "n_estimators": 18.488945993191056}, "datetime": {"datetime": "2021-09-17 18:37:05", "elapsed": 514.496156, "delta": 2.466383}}
{"target": 0.8574010676593006, "params": {"eta": 0.438020204738783, "max_depth": 7.044972847959178, "n_estimators": 18.217192372548396}, "datetime": {"datetime": "2021-09-17 18:37:08", "elapsed": 517.502743, "delta": 3.006587}}
{"target": 0.7765430564410493, "params": {"eta": 0.6037207800250445, "max_depth": 16.260079401681246, "n_estimators": 8.848493331830918}, "datetime": {"datetime": "2021-09-17 18:37:10", "elapsed": 519.126409, "delta": 1.623666}}
{"target": 0.8209385126666364, "params": {"eta": 0.5252155183073254, "max_depth": 7.248159998206802, "n_estimators": 18.448949064363926}, "datetime": {"datetime": "2021-09-17 18:37:13", "elapsed": 522.255549, "delta": 3.12914}}
{"target": 0.75189196173409, "params": {"eta": 0.7234665025672079, "max_depth": 7.164782739286466, "n_estimators": 18.173016580691723}, "datetime": {"datetime": "2021-09-17 18:37:16", "elapsed": 525.271389, "delta": 3.01584}}
{"target": 0.8328647607638668, "params": {"eta": 0.24918131881883337, "max_depth": 9.874673315927785, "n_estimators": 18.231760187210536}, "datetime": {"datetime": "2021-09-17 18:37:18", "elapsed": 526.899035, "delta": 1.627646}}
{"target": 0.8285351742188984, "params": {"eta": 0.207523427357239, "max_depth": 5.422386034959549, "n_estimators": 18.042825114683765}, "datetime": {"datetime": "2021-09-17 18:37:21", "elapsed": 529.849072, "delta": 2.950037}}
{"target": 0.798469988490287, "params": {"eta": 0.6203555710371116, "max_depth": 8.761275152347002, "n_estimators": 18.13647538962411}, "datetime": {"datetime": "2021-09-17 18:37:23", "elapsed": 532.19658, "delta": 2.347508}}
{"target": 0.8012883513654325, "params": {"eta": 0.14150975437309743, "max_depth": 19.255173290092813, "n_estimators": 19.490422774352222}, "datetime": {"datetime": "2021-09-17 18:37:25", "elapsed": 533.868171, "delta": 1.671591}}
{"target": 0.7618004673539334, "params": {"eta": 0.13355985708899734, "max_depth": 8.039898029044165, "n_estimators": 17.683514084800386}, "datetime": {"datetime": "2021-09-17 18:37:28", "elapsed": 536.853918, "delta": 2.985747}}
{"target": 0.849134075269251, "params": {"eta": 0.3566710566874858, "max_depth": 6.885144978218623, "n_estimators": 19.51297844955866}, "datetime": {"datetime": "2021-09-17 18:37:31", "elapsed": 540.42136, "delta": 3.567442}}
{"target": 0.8352919808453406, "params": {"eta": 0.30059292072352684, "max_depth": 9.591224273961288, "n_estimators": 18.012467629057575}, "datetime": {"datetime": "2021-09-17 18:37:34", "elapsed": 543.546765, "delta": 3.125405}}
{"target": 0.8332573859278457, "params": {"eta": 0.24066789231120278, "max_depth": 10.765553984389111, "n_estimators": 19.092749501817043}, "datetime": {"datetime": "2021-09-17 18:37:36", "elapsed": 545.278767, "delta": 1.732002}}
{"target": 0.8246726088771839, "params": {"eta": 0.41482290019197343, "max_depth": 6.858582353374553, "n_estimators": 17.98597875445688}, "datetime": {"datetime": "2021-09-17 18:37:40", "elapsed": 548.662273, "delta": 3.383506}}
{"target": 0.6502900825351305, "params": {"eta": 0.2160689971502473, "max_depth": 17.641284271602615, "n_estimators": 8.771347448247447}, "datetime": {"datetime": "2021-09-17 18:37:41", "elapsed": 550.465452, "delta": 1.803179}}
{"target": 0.8372151019463948, "params": {"eta": 0.23130574086714104, "max_depth": 9.24672932862716, "n_estimators": 18.13216346561842}, "datetime": {"datetime": "2021-09-17 18:37:44", "elapsed": 553.331119, "delta": 2.865667}}
{"target": 0.8312759308842691, "params": {"eta": 0.17774990338526012, "max_depth": 9.600398329966481, "n_estimators": 18.347043643763215}, "datetime": {"datetime": "2021-09-17 18:37:47", "elapsed": 556.174004, "delta": 2.842885}}
{"target": 0.8285556872275132, "params": {"eta": 0.20221679472683957, "max_depth": 7.258931249343696, "n_estimators": 18.29662618943287}, "datetime": {"datetime": "2021-09-17 18:37:51", "elapsed": 559.716663, "delta": 3.542659}}
{"target": 0.8233444998450183, "params": {"eta": 0.5156003775927931, "max_depth": 9.403734013593194, "n_estimators": 18.190401066055397}, "datetime": {"datetime": "2021-09-17 18:37:55", "elapsed": 563.718325, "delta": 4.001662}}
{"target": 0.8442779804585325, "params": {"eta": 0.3975023302646242, "max_depth": 6.866324601677938, "n_estimators": 19.162380066744436}, "datetime": {"datetime": "2021-09-17 18:37:58", "elapsed": 567.066562, "delta": 3.348237}}
{"target": 0.7518179698512473, "params": {"eta": 0.12352760202557576, "max_depth": 6.898904324084176, "n_estimators": 18.881485061136384}, "datetime": {"datetime": "2021-09-17 18:38:01", "elapsed": 570.585235, "delta": 3.518673}}
{"target": 0.8255737464485344, "params": {"eta": 0.30269578640077544, "max_depth": 16.961180451917173, "n_estimators": 17.795252356465255}, "datetime": {"datetime": "2021-09-17 18:38:05", "elapsed": 573.728034, "delta": 3.142799}}
{"target": 0.8317191817686256, "params": {"eta": 0.45356813194206724, "max_depth": 5.981568713237429, "n_estimators": 15.336455142933271}, "datetime": {"datetime": "2021-09-17 18:38:08", "elapsed": 577.072306, "delta": 3.344272}}
{"target": 0.8147196320443434, "params": {"eta": 0.517482753518132, "max_depth": 9.725665447328879, "n_estimators": 18.345148763275574}, "datetime": {"datetime": "2021-09-17 18:38:12", "elapsed": 580.808141, "delta": 3.735835}}
{"target": 0.8282105451696444, "params": {"eta": 0.3067594056361962, "max_depth": 6.362716201920948, "n_estimators": 17.98042740793193}, "datetime": {"datetime": "2021-09-17 18:38:14", "elapsed": 582.736685, "delta": 1.928544}}
{"target": 0.8623672746850293, "params": {"eta": 0.46214867076866994, "max_depth": 7.17194498768705, "n_estimators": 19.280723653059418}, "datetime": {"datetime": "2021-09-17 18:38:16", "elapsed": 585.380913, "delta": 2.644228}}
{"target": 0.8341856259987546, "params": {"eta": 0.1583770942944605, "max_depth": 7.109598906882454, "n_estimators": 19.367336131110655}, "datetime": {"datetime": "2021-09-17 18:38:19", "elapsed": 588.202602, "delta": 2.821689}}
{"target": 0.8565107429640738, "params": {"eta": 0.45394543844904056, "max_depth": 7.19599342494603, "n_estimators": 19.628937731914622}, "datetime": {"datetime": "2021-09-17 18:38:23", "elapsed": 592.605135, "delta": 4.402533}}
{"target": 0.83277786289256, "params": {"eta": 0.22048767461881863, "max_depth": 9.249002452233897, "n_estimators": 18.134486183861632}, "datetime": {"datetime": "2021-09-17 18:38:25", "elapsed": 594.518766, "delta": 1.913631}}
{"target": 0.7415422723036489, "params": {"eta": 0.7427212061794941, "max_depth": 7.072967556878833, "n_estimators": 19.580378079692167}, "datetime": {"datetime": "2021-09-17 18:38:29", "elapsed": 597.677499, "delta": 3.158733}}
{"target": 0.8251662100882291, "params": {"eta": 0.15701106272575494, "max_depth": 7.204483252909556, "n_estimators": 19.704836854906876}, "datetime": {"datetime": "2021-09-17 18:38:32", "elapsed": 600.704259, "delta": 3.02676}}
{"target": 0.8291406847169231, "params": {"eta": 0.286212165512734, "max_depth": 7.5429056687351395, "n_estimators": 19.49459716389319}, "datetime": {"datetime": "2021-09-17 18:38:35", "elapsed": 603.684073, "delta": 2.979814}}
{"target": 0.8249216853315078, "params": {"eta": 0.5182736974566816, "max_depth": 6.489574229648415, "n_estimators": 10.738226671459977}, "datetime": {"datetime": "2021-09-17 18:38:36", "elapsed": 605.249412, "delta": 1.565339}}
{"target": 0.819534148231688, "params": {"eta": 0.40410588868933206, "max_depth": 7.446688560885484, "n_estimators": 19.851121552322113}, "datetime": {"datetime": "2021-09-17 18:38:39", "elapsed": 607.940273, "delta": 2.690861}}
{"target": 0.8515419327670666, "params": {"eta": 0.27434785450660004, "max_depth": 7.3935322209863035, "n_estimators": 19.16244877656266}, "datetime": {"datetime": "2021-09-17 18:38:41", "elapsed": 610.601181, "delta": 2.660908}}
{"target": 0.7973773002832646, "params": {"eta": 0.6730446395273123, "max_depth": 5.9302567362756875, "n_estimators": 14.246072667885791}, "datetime": {"datetime": "2021-09-17 18:38:43", "elapsed": 612.199679, "delta": 1.598498}}
{"target": 0.8411772516744536, "params": {"eta": 0.42047115016704695, "max_depth": 7.231879675749315, "n_estimators": 18.909383260827603}, "datetime": {"datetime": "2021-09-17 18:38:46", "elapsed": 614.818189, "delta": 2.61851}}
{"target": 0.8522109360263183, "params": {"eta": 0.3541901730507545, "max_depth": 6.944796075089576, "n_estimators": 19.85230972489201}, "datetime": {"datetime": "2021-09-17 18:38:50", "elapsed": 619.092157, "delta": 4.273968}}
{"target": 0.8166155402168127, "params": {"eta": 0.58279394086317, "max_depth": 7.53772392251766, "n_estimators": 19.297846820091927}, "datetime": {"datetime": "2021-09-17 18:38:53", "elapsed": 622.383763, "delta": 3.291606}}
{"target": 0.8430143088726239, "params": {"eta": 0.4534537605361736, "max_depth": 16.47008414188199, "n_estimators": 9.797441636724923}, "datetime": {"datetime": "2021-09-17 18:38:55", "elapsed": 624.002691, "delta": 1.618928}}
{"target": 0.7955784817594099, "params": {"eta": 0.7178577288826851, "max_depth": 7.150530989601036, "n_estimators": 19.096556252847567}, "datetime": {"datetime": "2021-09-17 18:38:58", "elapsed": 627.273613, "delta": 3.270922}}
{"target": 0.82202906350811, "params": {"eta": 0.2229639276764997, "max_depth": 7.487399642718465, "n_estimators": 18.741306947978526}, "datetime": {"datetime": "2021-09-17 18:39:01", "elapsed": 629.714559, "delta": 2.440946}}
