{"target": -2.4500866482132357, "params": {"eta": 0.22810382425329576, "max_depth": 9.970397858229587, "n_estimators": 16.191723367138568}, "datetime": {"datetime": "2021-09-17 13:18:57", "elapsed": 203.008707, "delta": 1.396821}}
{"target": -2.5261809361608405, "params": {"eta": 0.3485176481709972, "max_depth": 9.977997612211558, "n_estimators": 16.441610555201905}, "datetime": {"datetime": "2021-09-17 13:18:58", "elapsed": 204.122624, "delta": 1.113917}}
{"target": -2.479216281991256, "params": {"eta": 0.399849202624958, "max_depth": 10.440563295165063, "n_estimators": 18.760871041527636}, "datetime": {"datetime": "2021-09-17 13:18:59", "elapsed": 205.5081, "delta": 1.385476}}
{"target": -2.483963906764984, "params": {"eta": 0.2898041022327451, "max_depth": 11.300267003412444, "n_estimators": 18.233638283242342}, "datetime": {"datetime": "2021-09-17 13:19:01", "elapsed": 206.903669, "delta": 1.395569}}
{"target": -2.4787097410151833, "params": {"eta": 0.3482653727301812, "max_depth": 17.09164047890698, "n_estimators": 19.973839559385706}, "datetime": {"datetime": "2021-09-17 13:19:02", "elapsed": 208.056837, "delta": 1.153168}}
{"target": -2.55550004181109, "params": {"eta": 0.385051631511196, "max_depth": 15.7703632114769, "n_estimators": 18.41939169580607}, "datetime": {"datetime": "2021-09-17 13:19:03", "elapsed": 209.202945, "delta": 1.146108}}
{"target": -2.426475733204892, "params": {"eta": 0.24005757024685026, "max_depth": 15.191583332519993, "n_estimators": 17.153602022664145}, "datetime": {"datetime": "2021-09-17 13:19:04", "elapsed": 210.323497, "delta": 1.120552}}
{"target": -2.4600450547117934, "params": {"eta": 0.28587785033330576, "max_depth": 15.799317332034128, "n_estimators": 19.617088211956318}, "datetime": {"datetime": "2021-09-17 13:19:05", "elapsed": 211.494182, "delta": 1.170685}}
{"target": -2.3903890120355706, "params": {"eta": 0.2875851918532073, "max_depth": 13.425500906161922, "n_estimators": 16.13235940224977}, "datetime": {"datetime": "2021-09-17 13:19:07", "elapsed": 213.260847, "delta": 1.766665}}
{"target": -2.4137610422937494, "params": {"eta": 0.3289647662800548, "max_depth": 17.82018214174274, "n_estimators": 18.54441685724884}, "datetime": {"datetime": "2021-09-17 13:19:08", "elapsed": 214.48158, "delta": 1.220733}}
{"target": -2.5337599315141373, "params": {"eta": 0.3197779544554575, "max_depth": 10.793687231558799, "n_estimators": 19.34553275072056}, "datetime": {"datetime": "2021-09-17 13:19:10", "elapsed": 215.761651, "delta": 1.280071}}
{"target": -2.378754164670643, "params": {"eta": 0.21166087701251005, "max_depth": 12.605960216986713, "n_estimators": 17.69681899753934}, "datetime": {"datetime": "2021-09-17 13:19:11", "elapsed": 216.905885, "delta": 1.144234}}
{"target": -2.3367874998795357, "params": {"eta": 0.23392081609892232, "max_depth": 16.234734428591672, "n_estimators": 17.447202036517204}, "datetime": {"datetime": "2021-09-17 13:19:12", "elapsed": 218.055773, "delta": 1.149888}}
{"target": -2.3918989708549097, "params": {"eta": 0.3385275419476944, "max_depth": 13.343366519677577, "n_estimators": 18.714984975183715}, "datetime": {"datetime": "2021-09-17 13:19:13", "elapsed": 219.303878, "delta": 1.248105}}
{"target": -2.5806443402641697, "params": {"eta": 0.3941371508988264, "max_depth": 16.407823894815166, "n_estimators": 17.214125990161246}, "datetime": {"datetime": "2021-09-17 13:19:14", "elapsed": 220.517084, "delta": 1.213206}}
{"target": -2.4359764701441713, "params": {"eta": 0.22922169814416715, "max_depth": 8.202006245122288, "n_estimators": 18.84889239144407}, "datetime": {"datetime": "2021-09-17 13:19:16", "elapsed": 221.90113, "delta": 1.384046}}
{"target": -2.4282230778744345, "params": {"eta": 0.2760048804080535, "max_depth": 8.788573784835574, "n_estimators": 18.796447977854463}, "datetime": {"datetime": "2021-09-17 13:19:17", "elapsed": 223.476072, "delta": 1.574942}}
{"target": -2.3712890261097956, "params": {"eta": 0.3451125596009475, "max_depth": 12.460928379054824, "n_estimators": 16.148841288788564}, "datetime": {"datetime": "2021-09-17 13:19:19", "elapsed": 225.043741, "delta": 1.567669}}
{"target": -2.535488215873116, "params": {"eta": 0.37425510508892257, "max_depth": 12.872258589770908, "n_estimators": 16.952237392307335}, "datetime": {"datetime": "2021-09-17 13:19:20", "elapsed": 226.269447, "delta": 1.225706}}
{"target": -2.492283006090867, "params": {"eta": 0.3739446698884504, "max_depth": 15.149330814909419, "n_estimators": 18.927207243542348}, "datetime": {"datetime": "2021-09-17 13:19:22", "elapsed": 227.798968, "delta": 1.529521}}
{"target": -2.438577601784154, "params": {"eta": 0.3783480505916453, "max_depth": 14.159182588417854, "n_estimators": 16.766566303419573}, "datetime": {"datetime": "2021-09-17 13:19:23", "elapsed": 229.401257, "delta": 1.602289}}
{"target": -2.3825058108881896, "params": {"eta": 0.2978677810778472, "max_depth": 16.67955444823186, "n_estimators": 19.13295894948213}, "datetime": {"datetime": "2021-09-17 13:19:24", "elapsed": 230.565527, "delta": 1.16427}}
{"target": -2.366331406643516, "params": {"eta": 0.23510388059205148, "max_depth": 12.70217691959169, "n_estimators": 16.165078927741124}, "datetime": {"datetime": "2021-09-17 13:19:26", "elapsed": 231.824788, "delta": 1.259261}}
{"target": -2.4478406165775497, "params": {"eta": 0.3571969549806311, "max_depth": 17.460011479835387, "n_estimators": 17.12371652133887}, "datetime": {"datetime": "2021-09-17 13:19:27", "elapsed": 233.058432, "delta": 1.233644}}
{"target": -2.3330949030424417, "params": {"eta": 0.23370810769989603, "max_depth": 12.135251854951374, "n_estimators": 18.397120352882684}, "datetime": {"datetime": "2021-09-17 13:19:28", "elapsed": 234.712943, "delta": 1.654511}}
{"target": -2.4583138064334267, "params": {"eta": 0.37555411943883343, "max_depth": 10.333430168426744, "n_estimators": 18.45367091878276}, "datetime": {"datetime": "2021-09-17 13:19:30", "elapsed": 235.961027, "delta": 1.248084}}
{"target": -2.3867334227812917, "params": {"eta": 0.2767616535157079, "max_depth": 10.759491989120733, "n_estimators": 19.747804332377086}, "datetime": {"datetime": "2021-09-17 13:19:31", "elapsed": 237.239908, "delta": 1.278881}}
{"target": -2.3937270120570533, "params": {"eta": 0.26892495080024637, "max_depth": 10.124379677948713, "n_estimators": 17.85552027459263}, "datetime": {"datetime": "2021-09-17 13:19:32", "elapsed": 238.487941, "delta": 1.248033}}
{"target": -2.48812637454585, "params": {"eta": 0.35353043358969105, "max_depth": 10.847506379062958, "n_estimators": 16.124434195408103}, "datetime": {"datetime": "2021-09-17 13:19:34", "elapsed": 239.785179, "delta": 1.297238}}
{"target": -2.4210602766589115, "params": {"eta": 0.28526214723163984, "max_depth": 15.944815491908077, "n_estimators": 16.63547170757549}, "datetime": {"datetime": "2021-09-17 13:19:35", "elapsed": 241.39084, "delta": 1.605661}}
{"target": -2.428200320193642, "params": {"eta": 0.2765242645165189, "max_depth": 8.775757940947218, "n_estimators": 19.957367771974187}, "datetime": {"datetime": "2021-09-17 13:19:36", "elapsed": 242.571662, "delta": 1.180822}}
{"target": -2.3819487640732215, "params": {"eta": 0.2594584052989872, "max_depth": 8.626063807883837, "n_estimators": 19.907424726610202}, "datetime": {"datetime": "2021-09-17 13:19:38", "elapsed": 243.767876, "delta": 1.196214}}
{"target": -2.535610276774356, "params": {"eta": 0.34869725017617603, "max_depth": 14.472613009217895, "n_estimators": 18.28113696649407}, "datetime": {"datetime": "2021-09-17 13:19:39", "elapsed": 245.041452, "delta": 1.273576}}
{"target": -2.485051864071896, "params": {"eta": 0.24597181376090815, "max_depth": 9.309196124753004, "n_estimators": 16.979906412762038}, "datetime": {"datetime": "2021-09-17 13:19:40", "elapsed": 246.319832, "delta": 1.27838}}
{"target": -2.3388381261574596, "params": {"eta": 0.3010044577334727, "max_depth": 14.436572885222883, "n_estimators": 18.226672760285794}, "datetime": {"datetime": "2021-09-17 13:19:41", "elapsed": 247.595457, "delta": 1.275625}}
{"target": -2.457152403655805, "params": {"eta": 0.21790393700828697, "max_depth": 10.324307728751815, "n_estimators": 17.956457376589572}, "datetime": {"datetime": "2021-09-17 13:19:43", "elapsed": 248.857281, "delta": 1.261824}}
{"target": -2.483611761268816, "params": {"eta": 0.35287179405160385, "max_depth": 11.400123200097294, "n_estimators": 17.905835147219054}, "datetime": {"datetime": "2021-09-17 13:19:44", "elapsed": 250.17156, "delta": 1.314279}}
{"target": -2.4511262379194565, "params": {"eta": 0.23107556823124512, "max_depth": 12.535321291147014, "n_estimators": 18.660052072961747}, "datetime": {"datetime": "2021-09-17 13:19:45", "elapsed": 251.464673, "delta": 1.293113}}
{"target": -2.5005228393956234, "params": {"eta": 0.3975820903567918, "max_depth": 16.811280774263878, "n_estimators": 17.71187910852628}, "datetime": {"datetime": "2021-09-17 13:19:47", "elapsed": 252.866966, "delta": 1.402293}}
{"target": -2.588733500555942, "params": {"eta": 0.21579342714083558, "max_depth": 11.869516970457969, "n_estimators": 17.10616554875486}, "datetime": {"datetime": "2021-09-17 13:19:48", "elapsed": 254.186037, "delta": 1.319071}}
{"target": -2.4551378877539385, "params": {"eta": 0.2964006746331673, "max_depth": 8.36354623182373, "n_estimators": 16.93397133357293}, "datetime": {"datetime": "2021-09-17 13:19:50", "elapsed": 256.033981, "delta": 1.847944}}
{"target": -2.352559727744052, "params": {"eta": 0.331669603740274, "max_depth": 9.239537195991725, "n_estimators": 19.304500705255332}, "datetime": {"datetime": "2021-09-17 13:19:51", "elapsed": 257.381069, "delta": 1.347088}}
{"target": -2.482493640247144, "params": {"eta": 0.37012136593039313, "max_depth": 11.61562165295907, "n_estimators": 16.40275763427891}, "datetime": {"datetime": "2021-09-17 13:19:53", "elapsed": 259.638069, "delta": 2.257}}
{"target": -2.400492845083538, "params": {"eta": 0.3356977722385282, "max_depth": 13.096055518052555, "n_estimators": 19.22933514243706}, "datetime": {"datetime": "2021-09-17 13:19:55", "elapsed": 261.0118, "delta": 1.373731}}
{"target": -2.5412958992154975, "params": {"eta": 0.37261113299244136, "max_depth": 13.851798749970289, "n_estimators": 16.84172449871153}, "datetime": {"datetime": "2021-09-17 13:19:56", "elapsed": 262.342579, "delta": 1.330779}}
{"target": -2.480133045347113, "params": {"eta": 0.3640092500732963, "max_depth": 8.165384330013802, "n_estimators": 19.30568377606336}, "datetime": {"datetime": "2021-09-17 13:19:57", "elapsed": 263.693239, "delta": 1.35066}}
{"target": -2.518201221917805, "params": {"eta": 0.2605548436955906, "max_depth": 17.4808433506106, "n_estimators": 19.06580893403886}, "datetime": {"datetime": "2021-09-17 13:19:59", "elapsed": 265.07359, "delta": 1.380351}}
{"target": -2.5164149635716484, "params": {"eta": 0.3749547408592473, "max_depth": 14.317396970490622, "n_estimators": 17.766430977941287}, "datetime": {"datetime": "2021-09-17 13:20:00", "elapsed": 266.495704, "delta": 1.422114}}
{"target": -2.429240593784734, "params": {"eta": 0.33819752563301375, "max_depth": 14.903599498942373, "n_estimators": 17.73428370117245}, "datetime": {"datetime": "2021-09-17 13:20:02", "elapsed": 268.419396, "delta": 1.923692}}
{"target": -2.6183846887789275, "params": {"eta": 0.21575292845030528, "max_depth": 11.839044525215122, "n_estimators": 16.315443681041522}, "datetime": {"datetime": "2021-09-17 13:20:04", "elapsed": 269.751622, "delta": 1.332226}}
{"target": -2.452273920335268, "params": {"eta": 0.2962534264354099, "max_depth": 10.326400276939328, "n_estimators": 16.40738389736324}, "datetime": {"datetime": "2021-09-17 13:20:05", "elapsed": 271.076994, "delta": 1.325372}}
{"target": -2.4497027045802064, "params": {"eta": 0.3954541500740403, "max_depth": 11.729048173813299, "n_estimators": 19.770120902112495}, "datetime": {"datetime": "2021-09-17 13:20:07", "elapsed": 272.736567, "delta": 1.659573}}
{"target": -2.4243915658248096, "params": {"eta": 0.2676713060326202, "max_depth": 15.649401106242113, "n_estimators": 18.58629095163333}, "datetime": {"datetime": "2021-09-17 13:20:08", "elapsed": 274.166207, "delta": 1.42964}}
{"target": -2.407507460368307, "params": {"eta": 0.23855544283798763, "max_depth": 15.159458367636372, "n_estimators": 18.6708744361436}, "datetime": {"datetime": "2021-09-17 13:20:09", "elapsed": 275.522189, "delta": 1.355982}}
{"target": -2.414369309575934, "params": {"eta": 0.2786838948281186, "max_depth": 15.709837062699341, "n_estimators": 17.461981021658836}, "datetime": {"datetime": "2021-09-17 13:20:11", "elapsed": 277.008057, "delta": 1.485868}}
{"target": -2.3970639078240645, "params": {"eta": 0.25347279706470915, "max_depth": 15.690603638701994, "n_estimators": 17.443612036327693}, "datetime": {"datetime": "2021-09-17 13:20:12", "elapsed": 278.457997, "delta": 1.44994}}
{"target": -2.575234349777824, "params": {"eta": 0.262106140047656, "max_depth": 13.487719403049367, "n_estimators": 17.03927087563462}, "datetime": {"datetime": "2021-09-17 13:20:14", "elapsed": 280.501493, "delta": 2.043496}}
{"target": -2.4701179153040833, "params": {"eta": 0.24218441821871395, "max_depth": 9.646043950837843, "n_estimators": 16.737176714705118}, "datetime": {"datetime": "2021-09-17 13:20:16", "elapsed": 282.311023, "delta": 1.80953}}
{"target": -2.364981094159578, "params": {"eta": 0.3315203539545647, "max_depth": 11.933374489430303, "n_estimators": 17.869750807038194}, "datetime": {"datetime": "2021-09-17 13:20:17", "elapsed": 283.590635, "delta": 1.279612}}
{"target": -2.4228234002464695, "params": {"eta": 0.2890610097695596, "max_depth": 16.154483448064898, "n_estimators": 19.877146865733287}, "datetime": {"datetime": "2021-09-17 13:20:19", "elapsed": 285.510661, "delta": 1.920026}}
{"target": -2.4892390382917307, "params": {"eta": 0.26187648571273814, "max_depth": 12.934801693450648, "n_estimators": 19.97909502911683}, "datetime": {"datetime": "2021-09-17 13:20:21", "elapsed": 286.933934, "delta": 1.423273}}
{"target": -2.613287509115119, "params": {"eta": 0.38609844042249436, "max_depth": 17.291601254728352, "n_estimators": 19.56140915231635}, "datetime": {"datetime": "2021-09-17 13:20:22", "elapsed": 288.443051, "delta": 1.509117}}
{"target": -2.489334945929678, "params": {"eta": 0.28820804051407567, "max_depth": 16.242385072387457, "n_estimators": 17.560354859859714}, "datetime": {"datetime": "2021-09-17 13:20:24", "elapsed": 289.974608, "delta": 1.531557}}
{"target": -2.407733862023605, "params": {"eta": 0.38721343179510065, "max_depth": 16.014161719346436, "n_estimators": 17.639681288714012}, "datetime": {"datetime": "2021-09-17 13:20:25", "elapsed": 291.459996, "delta": 1.485388}}
{"target": -2.5227554145612214, "params": {"eta": 0.2463735839075838, "max_depth": 17.08861982873504, "n_estimators": 18.404673755544028}, "datetime": {"datetime": "2021-09-17 13:20:27", "elapsed": 293.373627, "delta": 1.913631}}
{"target": -2.4306395480507295, "params": {"eta": 0.329074164463364, "max_depth": 16.958651625332028, "n_estimators": 16.98725430863507}, "datetime": {"datetime": "2021-09-17 13:20:29", "elapsed": 294.890579, "delta": 1.516952}}
{"target": -2.377177431708888, "params": {"eta": 0.33436623983740044, "max_depth": 15.741361443565994, "n_estimators": 19.810812246464657}, "datetime": {"datetime": "2021-09-17 13:20:31", "elapsed": 296.946823, "delta": 2.056244}}
{"target": -2.3837666009601794, "params": {"eta": 0.2754394933377158, "max_depth": 11.305963380694978, "n_estimators": 19.332867754644703}, "datetime": {"datetime": "2021-09-17 13:20:32", "elapsed": 298.339827, "delta": 1.393004}}
{"target": -2.3951093460384167, "params": {"eta": 0.26375108959955784, "max_depth": 13.520723251990649, "n_estimators": 18.6474593978314}, "datetime": {"datetime": "2021-09-17 13:20:34", "elapsed": 300.451329, "delta": 2.111502}}
{"target": -2.5558370621580826, "params": {"eta": 0.38495797537337706, "max_depth": 15.021244515535178, "n_estimators": 16.892516236579887}, "datetime": {"datetime": "2021-09-17 13:20:36", "elapsed": 301.898688, "delta": 1.447359}}
{"target": -2.3769829373610647, "params": {"eta": 0.27676515795227297, "max_depth": 14.181267873133267, "n_estimators": 19.622000614293377}, "datetime": {"datetime": "2021-09-17 13:20:37", "elapsed": 303.470751, "delta": 1.572063}}
{"target": -2.3761329023461593, "params": {"eta": 0.3347251959872679, "max_depth": 9.947155927878505, "n_estimators": 19.873667754999857}, "datetime": {"datetime": "2021-09-17 13:20:39", "elapsed": 305.425262, "delta": 1.954511}}
{"target": -2.528466030171043, "params": {"eta": 0.23274591208131795, "max_depth": 9.01731919748951, "n_estimators": 18.39425616486718}, "datetime": {"datetime": "2021-09-17 13:20:41", "elapsed": 306.735796, "delta": 1.310534}}
{"target": -2.4488053648095383, "params": {"eta": 0.22920200287344106, "max_depth": 11.647434286903339, "n_estimators": 18.067735385141198}, "datetime": {"datetime": "2021-09-17 13:20:42", "elapsed": 308.492631, "delta": 1.756835}}
{"target": -2.5844897878797433, "params": {"eta": 0.3866539228074983, "max_depth": 15.873237666335255, "n_estimators": 19.55520649652323}, "datetime": {"datetime": "2021-09-17 13:20:44", "elapsed": 310.351399, "delta": 1.858768}}
{"target": -2.5027768461327806, "params": {"eta": 0.21868843688242348, "max_depth": 13.36430369147907, "n_estimators": 17.490786284316776}, "datetime": {"datetime": "2021-09-17 13:20:46", "elapsed": 311.914706, "delta": 1.563307}}
{"target": -2.3732534439940203, "params": {"eta": 0.2831368809382579, "max_depth": 12.197068873496818, "n_estimators": 18.228765843171143}, "datetime": {"datetime": "2021-09-17 13:20:48", "elapsed": 313.960947, "delta": 2.046241}}
{"target": -2.436605114685862, "params": {"eta": 0.37100934885757675, "max_depth": 8.226933821617628, "n_estimators": 19.475938663491654}, "datetime": {"datetime": "2021-09-17 13:20:50", "elapsed": 316.653616, "delta": 2.692669}}
{"target": -2.469455055186623, "params": {"eta": 0.24464236083924368, "max_depth": 14.472397995856191, "n_estimators": 18.920610202644383}, "datetime": {"datetime": "2021-09-17 13:20:53", "elapsed": 318.757172, "delta": 2.103556}}
{"target": -2.5041760927752446, "params": {"eta": 0.3525152300053641, "max_depth": 10.550838914850395, "n_estimators": 19.764002736018703}, "datetime": {"datetime": "2021-09-17 13:20:55", "elapsed": 320.774776, "delta": 2.017604}}
{"target": -2.3765613831971817, "params": {"eta": 0.3350041103120806, "max_depth": 12.190005412126808, "n_estimators": 17.52395845589167}, "datetime": {"datetime": "2021-09-17 13:20:57", "elapsed": 322.858939, "delta": 2.084163}}
{"target": -2.479024998765243, "params": {"eta": 0.2537030156308199, "max_depth": 13.560632526183607, "n_estimators": 19.262109560169595}, "datetime": {"datetime": "2021-09-17 13:21:00", "elapsed": 325.999965, "delta": 1.608791}}
{"target": -2.4520503458223843, "params": {"eta": 0.36634879396496334, "max_depth": 14.729406425880118, "n_estimators": 18.340111520159567}, "datetime": {"datetime": "2021-09-17 13:21:02", "elapsed": 328.047161, "delta": 2.047196}}
{"target": -2.4281174377391213, "params": {"eta": 0.23590410432023834, "max_depth": 16.341556082528918, "n_estimators": 17.562189293850437}, "datetime": {"datetime": "2021-09-17 13:21:03", "elapsed": 329.540094, "delta": 1.492933}}
{"target": -2.534704105477584, "params": {"eta": 0.3863522344616467, "max_depth": 13.206403509610167, "n_estimators": 16.91418803930187}, "datetime": {"datetime": "2021-09-17 13:21:05", "elapsed": 331.642675, "delta": 2.102581}}
{"target": -2.440014726864664, "params": {"eta": 0.35062049103020804, "max_depth": 14.256326171111496, "n_estimators": 18.488031483813185}, "datetime": {"datetime": "2021-09-17 13:21:08", "elapsed": 333.857477, "delta": 2.214802}}
{"target": -2.405657796483291, "params": {"eta": 0.20951847461717918, "max_depth": 8.907322939610946, "n_estimators": 18.849743869047607}, "datetime": {"datetime": "2021-09-17 13:21:10", "elapsed": 336.067561, "delta": 2.210084}}
{"target": -2.463380091441305, "params": {"eta": 0.2200883535376716, "max_depth": 8.516903393165574, "n_estimators": 16.263251558279197}, "datetime": {"datetime": "2021-09-17 13:21:11", "elapsed": 337.536871, "delta": 1.46931}}
{"target": -2.3934170020254033, "params": {"eta": 0.26693839139596165, "max_depth": 15.566730060111867, "n_estimators": 16.482706404440155}, "datetime": {"datetime": "2021-09-17 13:21:13", "elapsed": 339.133469, "delta": 1.596598}}
{"target": -2.3203447203887135, "params": {"eta": 0.20363218571215547, "max_depth": 12.403467528512293, "n_estimators": 18.328010661031403}, "datetime": {"datetime": "2021-09-17 13:21:14", "elapsed": 340.601559, "delta": 1.46809}}
{"target": -2.45025626358233, "params": {"eta": 0.24080027059839249, "max_depth": 12.975593172302913, "n_estimators": 16.506753625035063}, "datetime": {"datetime": "2021-09-17 13:21:16", "elapsed": 342.124345, "delta": 1.522786}}
{"target": -2.49483049856989, "params": {"eta": 0.31906068405272847, "max_depth": 12.171780396560848, "n_estimators": 17.43881149505747}, "datetime": {"datetime": "2021-09-17 13:21:17", "elapsed": 343.680052, "delta": 1.555707}}
{"target": -2.38177519660247, "params": {"eta": 0.2817633110735429, "max_depth": 8.126836738013832, "n_estimators": 19.945215154835076}, "datetime": {"datetime": "2021-09-17 13:21:19", "elapsed": 345.268238, "delta": 1.588186}}
{"target": -3.31663968061146, "params": {"eta": 0.13587242051728315, "max_depth": 15.20324493442158, "n_estimators": 16.00045749926938}, "datetime": {"datetime": "2021-09-17 13:22:58", "elapsed": 0.0, "delta": 0.0}}
{"target": -3.7501855850219727, "params": {"eta": 0.12325658298950237, "max_depth": 9.46755890817113, "n_estimators": 16.36935437907519}, "datetime": {"datetime": "2021-09-17 13:22:58", "elapsed": 0.072989, "delta": 0.072989}}
