{"target": -3.052122480932035, "params": {"eta": 0.9791958035859384, "max_depth": 2.1941666562138993, "n_estimators": 11.263479762577369}, "datetime": {"datetime": "2021-09-17 11:20:32", "elapsed": 470.491649, "delta": 2.928449}}
{"target": -3.66170825707285, "params": {"eta": 0.22509091532518175, "max_depth": 2.9019648540833938, "n_estimators": 10.685632276540836}, "datetime": {"datetime": "2021-09-17 11:20:34", "elapsed": 473.088588, "delta": 2.596939}}
{"target": -2.6946927509809795, "params": {"eta": 0.3817853239617605, "max_depth": 9.874857730577371, "n_estimators": 7.270366964733282}, "datetime": {"datetime": "2021-09-17 11:20:36", "elapsed": 475.434931, "delta": 2.346343}}
{"target": -3.131437112155713, "params": {"eta": 0.3009719183450786, "max_depth": 9.907573626425503, "n_estimators": 7.93191560397564}, "datetime": {"datetime": "2021-09-17 11:20:41", "elapsed": 479.568997, "delta": 4.134066}}
{"target": -3.181941376861773, "params": {"eta": 0.7095672651472135, "max_depth": 7.41239303510023, "n_estimators": 14.48929870465993}, "datetime": {"datetime": "2021-09-17 11:20:45", "elapsed": 483.507597, "delta": 3.9386}}
{"target": -2.5285462015553524, "params": {"eta": 0.37445530167469915, "max_depth": 13.301331277579525, "n_estimators": 15.108676424597514}, "datetime": {"datetime": "2021-09-17 11:20:48", "elapsed": 487.439323, "delta": 3.931726}}
{"target": -4.245081961154938, "params": {"eta": 0.276793476357112, "max_depth": 9.355610345200766, "n_estimators": 6.8266997196450125}, "datetime": {"datetime": "2021-09-17 11:20:51", "elapsed": 490.20729, "delta": 2.767967}}
{"target": -2.770509109999004, "params": {"eta": 0.6691713811189552, "max_depth": 10.491045038983943, "n_estimators": 6.993188146942664}, "datetime": {"datetime": "2021-09-17 11:20:53", "elapsed": 492.365131, "delta": 2.157841}}
{"target": -2.442694382918509, "params": {"eta": 0.2758299273725583, "max_depth": 8.78488553665705, "n_estimators": 14.863965630720775}, "datetime": {"datetime": "2021-09-17 11:20:55", "elapsed": 493.892316, "delta": 1.527185}}
{"target": -11.490839526841516, "params": {"eta": 0.09931832206702114, "max_depth": 10.463268044211407, "n_estimators": 7.487106952758499}, "datetime": {"datetime": "2021-09-17 11:20:58", "elapsed": 496.640223, "delta": 2.747907}}
{"target": -6.096260142326355, "params": {"eta": 0.18772531638517978, "max_depth": 12.678178515540486, "n_estimators": 7.639304498864359}, "datetime": {"datetime": "2021-09-17 11:20:59", "elapsed": 498.113223, "delta": 1.473}}
{"target": -3.553430562584023, "params": {"eta": 0.9779882374845503, "max_depth": 12.590633024938015, "n_estimators": 7.973044892019138}, "datetime": {"datetime": "2021-09-17 11:21:02", "elapsed": 500.763669, "delta": 2.650446}}
{"target": -8.025263065413425, "params": {"eta": 0.06433416457764551, "max_depth": 13.906700731473883, "n_estimators": 17.963318451381472}, "datetime": {"datetime": "2021-09-17 11:21:06", "elapsed": 504.619159, "delta": 3.85549}}
{"target": -3.177866817148108, "params": {"eta": 0.765013941564003, "max_depth": 9.255449951606273, "n_estimators": 14.909939180043702}, "datetime": {"datetime": "2021-09-17 11:21:08", "elapsed": 507.221932, "delta": 2.602773}}
{"target": -3.129169345529456, "params": {"eta": 0.7299397545057442, "max_depth": 14.477559904888388, "n_estimators": 17.628644846707367}, "datetime": {"datetime": "2021-09-17 11:21:12", "elapsed": 510.806755, "delta": 3.584823}}
{"target": -14.975167077152355, "params": {"eta": 0.04395799249096331, "max_depth": 7.625744157779199, "n_estimators": 10.929495407117468}, "datetime": {"datetime": "2021-09-17 11:21:14", "elapsed": 513.183714, "delta": 2.376959}}
{"target": -17.55891603262801, "params": {"eta": 0.027979319275169452, "max_depth": 7.16485453991721, "n_estimators": 10.89404530938346}, "datetime": {"datetime": "2021-09-17 11:21:16", "elapsed": 514.624887, "delta": 1.441173}}
{"target": -11.631238089109722, "params": {"eta": 0.2119613394620427, "max_depth": 7.965830441224079, "n_estimators": 3.153702906399014}, "datetime": {"datetime": "2021-09-17 11:21:17", "elapsed": 516.245884, "delta": 1.620997}}
{"target": -2.5650634796995866, "params": {"eta": 0.4243922155141181, "max_depth": 7.128663523320553, "n_estimators": 11.654580372388667}, "datetime": {"datetime": "2021-09-17 11:21:20", "elapsed": 518.734526, "delta": 2.488642}}
{"target": -3.2473363060700264, "params": {"eta": 0.7700030184174235, "max_depth": 13.419807114974198, "n_estimators": 14.708861083046925}, "datetime": {"datetime": "2021-09-17 11:21:22", "elapsed": 521.176286, "delta": 2.44176}}
{"target": -3.8036277614141767, "params": {"eta": 1.0, "max_depth": 13.177978952599235, "n_estimators": 18.0}, "datetime": {"datetime": "2021-09-17 11:21:25", "elapsed": 523.889782, "delta": 2.713496}}
{"target": -3.060791212634036, "params": {"eta": 0.6638009621179438, "max_depth": 7.624516838395703, "n_estimators": 11.398967269461211}, "datetime": {"datetime": "2021-09-17 11:21:27", "elapsed": 526.330238, "delta": 2.440456}}
{"target": -2.8449040532112124, "params": {"eta": 0.6996543531918016, "max_depth": 3.763187443822035, "n_estimators": 14.872044805375074}, "datetime": {"datetime": "2021-09-17 11:21:30", "elapsed": 528.832095, "delta": 2.501857}}
{"target": -3.2769947930386194, "params": {"eta": 0.840637610311526, "max_depth": 5.048331145321567, "n_estimators": 14.799323780684517}, "datetime": {"datetime": "2021-09-17 11:21:32", "elapsed": 531.269243, "delta": 2.437148}}
{"target": -3.288778401675977, "params": {"eta": 0.76054083134796, "max_depth": 13.198189875877063, "n_estimators": 15.768668141612457}, "datetime": {"datetime": "2021-09-17 11:21:36", "elapsed": 534.476138, "delta": 3.206895}}
{"target": -3.110541016177127, "params": {"eta": 0.7224051031782772, "max_depth": 11.727569476471091, "n_estimators": 3.4172605108558156}, "datetime": {"datetime": "2021-09-17 11:21:37", "elapsed": 536.163332, "delta": 1.687194}}
{"target": -3.213548879246963, "params": {"eta": 0.6753630239395015, "max_depth": 2.4860072803137583, "n_estimators": 10.965799703533301}, "datetime": {"datetime": "2021-09-17 11:21:41", "elapsed": 539.459995, "delta": 3.296663}}
{"target": -3.3688428201173477, "params": {"eta": 0.8993302782011868, "max_depth": 10.092212189929192, "n_estimators": 12.907476381521521}, "datetime": {"datetime": "2021-09-17 11:21:44", "elapsed": 542.535664, "delta": 3.075669}}
{"target": -2.423509656755548, "params": {"eta": 0.24421575477448113, "max_depth": 12.799609448874147, "n_estimators": 16.372615777163794}, "datetime": {"datetime": "2021-09-17 11:21:46", "elapsed": 544.966262, "delta": 2.430598}}
{"target": -3.5355232332882123, "params": {"eta": 0.8351388229661415, "max_depth": 12.046336364872744, "n_estimators": 12.131500942955075}, "datetime": {"datetime": "2021-09-17 11:21:49", "elapsed": 547.877089, "delta": 2.910827}}
{"target": -3.215389641962553, "params": {"eta": 0.19638138121372267, "max_depth": 12.57955412810773, "n_estimators": 11.907581389477713}, "datetime": {"datetime": "2021-09-17 11:21:52", "elapsed": 550.635334, "delta": 2.758245}}
{"target": -7.499555080187948, "params": {"eta": 0.06870665261338062, "max_depth": 14.348276628831213, "n_estimators": 17.33362978184521}, "datetime": {"datetime": "2021-09-17 11:21:53", "elapsed": 552.316328, "delta": 1.680994}}
{"target": -3.593759903468584, "params": {"eta": 1.0, "max_depth": 5.843358813194156, "n_estimators": 16.56759426677343}, "datetime": {"datetime": "2021-09-17 11:21:56", "elapsed": 555.060048, "delta": 2.74372}}
{"target": -2.917013941313091, "params": {"eta": 0.6007765389072712, "max_depth": 3.669233816208964, "n_estimators": 11.20163150471598}, "datetime": {"datetime": "2021-09-17 11:22:00", "elapsed": 558.493356, "delta": 3.433308}}
{"target": -3.453516834346872, "params": {"eta": 0.9709384531525794, "max_depth": 11.852161291325912, "n_estimators": 9.801244329222866}, "datetime": {"datetime": "2021-09-17 11:22:03", "elapsed": 561.49262, "delta": 2.999264}}
{"target": -2.4482238455822594, "params": {"eta": 0.20894459055441536, "max_depth": 6.919859736340472, "n_estimators": 16.81359550237613}, "datetime": {"datetime": "2021-09-17 11:22:04", "elapsed": 563.186907, "delta": 1.694287}}
{"target": -2.7230248256733542, "params": {"eta": 0.5533003071613738, "max_depth": 7.185843737231107, "n_estimators": 17.079642715723192}, "datetime": {"datetime": "2021-09-17 11:22:08", "elapsed": 566.641065, "delta": 3.454158}}
{"target": -13.311288931181558, "params": {"eta": 0.17415472454106404, "max_depth": 12.93612373765229, "n_estimators": 3.316377432323584}, "datetime": {"datetime": "2021-09-17 11:22:10", "elapsed": 568.468849, "delta": 1.827784}}
{"target": -3.0698882040224578, "params": {"eta": 0.9632419516934333, "max_depth": 4.53285810678335, "n_estimators": 10.362108959403304}, "datetime": {"datetime": "2021-09-17 11:22:12", "elapsed": 571.230755, "delta": 2.761906}}
{"target": -3.749950983649806, "params": {"eta": 1.0, "max_depth": 14.988388031711175, "n_estimators": 5.168489150399407}, "datetime": {"datetime": "2021-09-17 11:22:15", "elapsed": 573.977976, "delta": 2.747221}}
{"target": -3.132837759821038, "params": {"eta": 0.339759370851828, "max_depth": 1.77229806816252, "n_estimators": 16.445373698617274}, "datetime": {"datetime": "2021-09-17 11:22:19", "elapsed": 577.890181, "delta": 3.912205}}
{"target": -3.3878098211790384, "params": {"eta": 0.9233911325029575, "max_depth": 1.49159340897167, "n_estimators": 15.978497220872391}, "datetime": {"datetime": "2021-09-17 11:22:23", "elapsed": 581.480214, "delta": 3.590033}}
{"target": -3.130209952279141, "params": {"eta": 0.8036847362427776, "max_depth": 11.46345571097598, "n_estimators": 16.14960244407549}, "datetime": {"datetime": "2021-09-17 11:22:24", "elapsed": 583.282024, "delta": 1.80181}}
{"target": -3.1947505875637656, "params": {"eta": 0.6635304162452255, "max_depth": 13.104394644232153, "n_estimators": 8.943951872205213}, "datetime": {"datetime": "2021-09-17 11:22:28", "elapsed": 586.945242, "delta": 3.663218}}
{"target": -4.958095784563767, "params": {"eta": 0.2913925528468451, "max_depth": 14.733094546140137, "n_estimators": 5.462081759195684}, "datetime": {"datetime": "2021-09-17 11:22:31", "elapsed": 589.578959, "delta": 2.633717}}
{"target": -3.124383846082185, "params": {"eta": 0.7942665764867414, "max_depth": 10.256848509102015, "n_estimators": 8.626902092211218}, "datetime": {"datetime": "2021-09-17 11:22:35", "elapsed": 593.951125, "delta": 4.372166}}
{"target": -3.6842936362090857, "params": {"eta": 0.9315662049353783, "max_depth": 10.50777252934467, "n_estimators": 9.373205802849498}, "datetime": {"datetime": "2021-09-17 11:22:39", "elapsed": 597.493425, "delta": 3.5423}}
{"target": -3.5955228491833338, "params": {"eta": 0.9129327318724426, "max_depth": 13.292222027996171, "n_estimators": 11.401849468538627}, "datetime": {"datetime": "2021-09-17 11:22:40", "elapsed": 599.305615, "delta": 1.81219}}
{"target": -2.98737824025907, "params": {"eta": 0.6326683889974445, "max_depth": 13.24482887215701, "n_estimators": 16.446526712070686}, "datetime": {"datetime": "2021-09-17 11:22:43", "elapsed": 601.916024, "delta": 2.610409}}
{"target": -3.6288519075042327, "params": {"eta": 0.9701511473573229, "max_depth": 12.956436907423441, "n_estimators": 11.357167272722199}, "datetime": {"datetime": "2021-09-17 11:22:46", "elapsed": 605.273052, "delta": 3.357028}}
{"target": -3.1970277209030953, "params": {"eta": 0.861255025530034, "max_depth": 8.658721748631995, "n_estimators": 14.629693538691088}, "datetime": {"datetime": "2021-09-17 11:22:50", "elapsed": 609.023427, "delta": 3.750375}}
{"target": -3.345481362468318, "params": {"eta": 0.8538350166472171, "max_depth": 4.058626437619224, "n_estimators": 12.374114316460803}, "datetime": {"datetime": "2021-09-17 11:22:53", "elapsed": 612.321484, "delta": 3.298057}}
{"target": -3.5373409622593925, "params": {"eta": 1.0, "max_depth": 10.522413179604882, "n_estimators": 14.864212702563984}, "datetime": {"datetime": "2021-09-17 11:22:57", "elapsed": 615.906293, "delta": 3.584809}}
{"target": -20.12165976072613, "params": {"eta": 0.01, "max_depth": 6.007727826801196, "n_estimators": 14.807038634741359}, "datetime": {"datetime": "2021-09-17 11:23:02", "elapsed": 620.465782, "delta": 4.559489}}
{"target": -3.14731681190039, "params": {"eta": 0.882373745724926, "max_depth": 6.280578760488289, "n_estimators": 14.968967279519998}, "datetime": {"datetime": "2021-09-17 11:23:05", "elapsed": 624.26615, "delta": 3.800368}}
{"target": -2.9049049835456047, "params": {"eta": 0.6282562217337607, "max_depth": 6.070093682644132, "n_estimators": 13.94883185562824}, "datetime": {"datetime": "2021-09-17 11:23:09", "elapsed": 627.719378, "delta": 3.453228}}
{"target": -3.2556531316355657, "params": {"eta": 0.8106178137426286, "max_depth": 5.697159324289244, "n_estimators": 14.620008339889733}, "datetime": {"datetime": "2021-09-17 11:23:12", "elapsed": 630.49556, "delta": 2.776182}}
{"target": -2.9296530158896195, "params": {"eta": 0.6298334566620789, "max_depth": 6.494673698348684, "n_estimators": 14.476315364329254}, "datetime": {"datetime": "2021-09-17 11:23:16", "elapsed": 634.690321, "delta": 4.194761}}
{"target": -2.929976200430017, "params": {"eta": 0.9921042743477699, "max_depth": 2.3226673569866625, "n_estimators": 13.343920739284442}, "datetime": {"datetime": "2021-09-17 11:23:19", "elapsed": 637.58717, "delta": 2.896849}}
{"target": -3.6219249490060306, "params": {"eta": 1.0, "max_depth": 11.482970519462397, "n_estimators": 14.06883986173873}, "datetime": {"datetime": "2021-09-17 11:23:22", "elapsed": 640.572893, "delta": 2.985723}}
{"target": -2.476762900854412, "params": {"eta": 0.32829919482463205, "max_depth": 14.086566240291745, "n_estimators": 16.02934905330667}, "datetime": {"datetime": "2021-09-17 11:23:25", "elapsed": 644.398975, "delta": 3.826082}}
{"target": -2.7177029289697345, "params": {"eta": 0.3319836290115314, "max_depth": 13.363223445764637, "n_estimators": 8.236456332318243}, "datetime": {"datetime": "2021-09-17 11:23:31", "elapsed": 649.945969, "delta": 5.546994}}
{"target": -3.16054885073712, "params": {"eta": 0.509884604186874, "max_depth": 11.911323624146743, "n_estimators": 4.65819290956336}, "datetime": {"datetime": "2021-09-17 11:23:33", "elapsed": 651.838214, "delta": 1.892245}}
{"target": -2.8892093884317496, "params": {"eta": 0.5418570384521497, "max_depth": 12.786114641039918, "n_estimators": 12.815149262084315}, "datetime": {"datetime": "2021-09-17 11:23:37", "elapsed": 655.571949, "delta": 3.733735}}
{"target": -2.9213491772350513, "params": {"eta": 0.6378300354709376, "max_depth": 6.714985725255914, "n_estimators": 15.26476174561745}, "datetime": {"datetime": "2021-09-17 11:23:40", "elapsed": 659.030047, "delta": 3.458098}}
{"target": -2.664529720105623, "params": {"eta": 0.5032767988285355, "max_depth": 11.85978190545938, "n_estimators": 14.693161991061055}, "datetime": {"datetime": "2021-09-17 11:23:42", "elapsed": 661.023756, "delta": 1.993709}}
{"target": -3.5953788544002325, "params": {"eta": 0.9576533097037203, "max_depth": 5.5785308324321665, "n_estimators": 3.7325433302891966}, "datetime": {"datetime": "2021-09-17 11:23:45", "elapsed": 663.905559, "delta": 2.881803}}
{"target": -3.569271874741504, "params": {"eta": 0.9241692064375332, "max_depth": 11.404675221955067, "n_estimators": 14.881804368861456}, "datetime": {"datetime": "2021-09-17 11:23:50", "elapsed": 668.947864, "delta": 5.042305}}
{"target": -3.6947194014724927, "params": {"eta": 1.0, "max_depth": 12.092691938204416, "n_estimators": 7.319045437015536}, "datetime": {"datetime": "2021-09-17 11:23:56", "elapsed": 674.679217, "delta": 5.731353}}
{"target": -2.445392323795118, "params": {"eta": 0.27327370196608936, "max_depth": 9.44124052378333, "n_estimators": 12.737590439788328}, "datetime": {"datetime": "2021-09-17 11:23:58", "elapsed": 676.745038, "delta": 2.065821}}
{"target": -2.427521886323628, "params": {"eta": 0.3550571456486796, "max_depth": 9.045142704047365, "n_estimators": 13.144243226654854}, "datetime": {"datetime": "2021-09-17 11:24:02", "elapsed": 680.738987, "delta": 3.993949}}
{"target": -3.591478414911973, "params": {"eta": 0.9927155178296935, "max_depth": 14.529317529024247, "n_estimators": 16.30454161435448}, "datetime": {"datetime": "2021-09-17 11:24:05", "elapsed": 684.258993, "delta": 3.520006}}
{"target": -2.688791911852987, "params": {"eta": 0.5707318605152605, "max_depth": 9.89842291929493, "n_estimators": 11.692624200116722}, "datetime": {"datetime": "2021-09-17 11:24:10", "elapsed": 688.490472, "delta": 4.231479}}
{"target": -3.524196604051088, "params": {"eta": 0.9248968809089537, "max_depth": 9.561630126320587, "n_estimators": 12.545640759733566}, "datetime": {"datetime": "2021-09-17 11:24:14", "elapsed": 692.547643, "delta": 4.057171}}
{"target": -3.729266487297258, "params": {"eta": 0.23685873731925253, "max_depth": 9.714894400659965, "n_estimators": 8.55587685527449}, "datetime": {"datetime": "2021-09-17 11:24:20", "elapsed": 699.289554, "delta": 6.741911}}
{"target": -5.159269846740521, "params": {"eta": 0.15209443590654284, "max_depth": 8.326722536988068, "n_estimators": 10.298886587033069}, "datetime": {"datetime": "2021-09-17 11:24:25", "elapsed": 704.327045, "delta": 5.037491}}
{"target": -3.0743683131117567, "params": {"eta": 0.7144835244253092, "max_depth": 14.122633315574955, "n_estimators": 4.40448676267684}, "datetime": {"datetime": "2021-09-17 11:24:27", "elapsed": 706.339287, "delta": 2.012242}}
{"target": -3.449732772927535, "params": {"eta": 0.9651291489579468, "max_depth": 12.036841207620785, "n_estimators": 14.543326317689463}, "datetime": {"datetime": "2021-09-17 11:24:32", "elapsed": 710.957265, "delta": 4.617978}}
{"target": -3.557151421120292, "params": {"eta": 1.0, "max_depth": 5.029447855820616, "n_estimators": 4.756292779593077}, "datetime": {"datetime": "2021-09-17 11:24:36", "elapsed": 714.723293, "delta": 3.766028}}
{"target": -3.1162363196674145, "params": {"eta": 0.6351837216232098, "max_depth": 9.393265158413033, "n_estimators": 11.200501368458706}, "datetime": {"datetime": "2021-09-17 11:24:39", "elapsed": 718.294968, "delta": 3.571675}}
{"target": -19.74467533583704, "params": {"eta": 0.01, "max_depth": 13.48188942790669, "n_estimators": 16.26624792596448}, "datetime": {"datetime": "2021-09-17 11:24:42", "elapsed": 720.89535, "delta": 2.600382}}
{"target": -2.7455638358467507, "params": {"eta": 0.4287698613656992, "max_depth": 5.792402544051424, "n_estimators": 7.0969436223185225}, "datetime": {"datetime": "2021-09-17 11:24:44", "elapsed": 722.848141, "delta": 1.952791}}
{"target": -4.924376911866037, "params": {"eta": 0.1021519797522834, "max_depth": 12.320156436858486, "n_estimators": 16.43712559877279}, "datetime": {"datetime": "2021-09-17 11:24:49", "elapsed": 728.113347, "delta": 5.265206}}
{"target": -3.240383485116457, "params": {"eta": 0.774842487372994, "max_depth": 13.737222724901859, "n_estimators": 15.833740854255078}, "datetime": {"datetime": "2021-09-17 11:24:53", "elapsed": 732.100328, "delta": 3.986981}}
{"target": -3.4171510558379325, "params": {"eta": 0.14142158335365293, "max_depth": 13.784619008315241, "n_estimators": 15.348025406303677}, "datetime": {"datetime": "2021-09-17 11:24:57", "elapsed": 735.637014, "delta": 3.536686}}
{"target": -3.632305680136932, "params": {"eta": 0.9395265075837109, "max_depth": 6.1362322765254556, "n_estimators": 9.312150157615678}, "datetime": {"datetime": "2021-09-17 11:24:59", "elapsed": 738.272793, "delta": 2.635779}}
{"target": -3.2424093789175936, "params": {"eta": 0.8863022180299739, "max_depth": 14.000345347592978, "n_estimators": 4.900902623230672}, "datetime": {"datetime": "2021-09-17 11:25:03", "elapsed": 741.817495, "delta": 3.544702}}
{"target": -3.722326977315702, "params": {"eta": 0.9294905635887808, "max_depth": 14.897641629202925, "n_estimators": 4.27737100138365}, "datetime": {"datetime": "2021-09-17 11:25:06", "elapsed": 744.935279, "delta": 3.117784}}
{"target": -2.5218077440010873, "params": {"eta": 0.44582125808793904, "max_depth": 9.478796770740056, "n_estimators": 16.097189816896748}, "datetime": {"datetime": "2021-09-17 11:25:11", "elapsed": 749.566588, "delta": 4.631309}}
{"target": -4.45488607946195, "params": {"eta": 0.1439250318289297, "max_depth": 6.428180087444457, "n_estimators": 12.459477797962268}, "datetime": {"datetime": "2021-09-17 11:25:13", "elapsed": 751.732283, "delta": 2.165695}}
{"target": -3.1683341471772444, "params": {"eta": 0.614416220368597, "max_depth": 4.346868561374381, "n_estimators": 4.324183186587026}, "datetime": {"datetime": "2021-09-17 11:25:15", "elapsed": 753.652922, "delta": 1.920639}}
{"target": -2.61513882749959, "params": {"eta": 0.4717428810927801, "max_depth": 6.681438390548521, "n_estimators": 12.117601938757842}, "datetime": {"datetime": "2021-09-17 11:25:18", "elapsed": 756.846726, "delta": 3.193804}}
{"target": -2.9213375599760756, "params": {"eta": 0.6498081516281133, "max_depth": 5.8858222873694785, "n_estimators": 11.975284544716285}, "datetime": {"datetime": "2021-09-17 11:25:21", "elapsed": 759.953238, "delta": 3.106512}}
{"target": -3.5442386228787264, "params": {"eta": 0.920900366480951, "max_depth": 9.855032711342737, "n_estimators": 15.78509514963993}, "datetime": {"datetime": "2021-09-17 11:25:24", "elapsed": 763.179263, "delta": 3.226025}}
{"target": -3.4011072767408272, "params": {"eta": 0.8256602854444476, "max_depth": 11.740081450118524, "n_estimators": 15.877958920851798}, "datetime": {"datetime": "2021-09-17 11:25:26", "elapsed": 765.39157, "delta": 2.212307}}
{"target": -3.241563232321488, "params": {"eta": 0.8003407761986967, "max_depth": 9.035073749556195, "n_estimators": 16.56694764325839}, "datetime": {"datetime": "2021-09-17 11:25:30", "elapsed": 768.812103, "delta": 3.420533}}
