{"target": -2.556377755968194, "params": {"eta": 0.40345953796108214, "max_depth": 7.606955642784877, "n_estimators": 16.686875389984337}, "datetime": {"datetime": "2021-09-17 13:05:45", "elapsed": 778.298367, "delta": 3.13444}}
{"target": -2.5269876956939696, "params": {"eta": 0.39846476339985104, "max_depth": 9.726887208622538, "n_estimators": 8.645188375783297}, "datetime": {"datetime": "2021-09-17 13:05:47", "elapsed": 780.578596, "delta": 2.280229}}
{"target": -2.378557513262096, "params": {"eta": 0.33866739175794414, "max_depth": 8.1528433844022, "n_estimators": 18.83638241195566}, "datetime": {"datetime": "2021-09-17 13:05:52", "elapsed": 785.677392, "delta": 5.098796}}
{"target": -2.4518968845668594, "params": {"eta": 0.39517725689798844, "max_depth": 12.451290739791235, "n_estimators": 15.544606519305313}, "datetime": {"datetime": "2021-09-17 13:05:55", "elapsed": 788.205979, "delta": 2.528587}}
{"target": -2.4492453324167354, "params": {"eta": 0.2737579356786042, "max_depth": 8.201044787245355, "n_estimators": 18.75886535084033}, "datetime": {"datetime": "2021-09-17 13:05:59", "elapsed": 792.082813, "delta": 3.876834}}
{"target": -2.411555790901184, "params": {"eta": 0.23089686751156702, "max_depth": 17.71408445121778, "n_estimators": 19.798940828042916}, "datetime": {"datetime": "2021-09-17 13:06:04", "elapsed": 797.180156, "delta": 5.097343}}
{"target": -2.427611479633733, "params": {"eta": 0.27019161949224146, "max_depth": 17.393840692685394, "n_estimators": 19.703217869643808}, "datetime": {"datetime": "2021-09-17 13:06:07", "elapsed": 800.680369, "delta": 3.500213}}
{"target": -2.478396874979923, "params": {"eta": 0.36197514461569275, "max_depth": 4.43953650858149, "n_estimators": 18.59855373257469}, "datetime": {"datetime": "2021-09-17 13:06:10", "elapsed": 802.891052, "delta": 2.210683}}
{"target": -2.3883852193230077, "params": {"eta": 0.23770119328829303, "max_depth": 12.570884705951626, "n_estimators": 17.88973631177778}, "datetime": {"datetime": "2021-09-17 13:06:13", "elapsed": 806.051536, "delta": 3.160484}}
{"target": -2.3897835505636116, "params": {"eta": 0.20296273222684702, "max_depth": 15.503470009814476, "n_estimators": 18.34206005265261}, "datetime": {"datetime": "2021-09-17 13:06:17", "elapsed": 810.359114, "delta": 4.307578}}
{"target": -2.4067364849542314, "params": {"eta": 0.22032687282467223, "max_depth": 17.690527665650254, "n_estimators": 19.64117670533917}, "datetime": {"datetime": "2021-09-17 13:06:21", "elapsed": 814.216257, "delta": 3.857143}}
{"target": -2.6911991734253733, "params": {"eta": 0.42110862420761924, "max_depth": 19.61708017020277, "n_estimators": 19.75001277968414}, "datetime": {"datetime": "2021-09-17 13:06:23", "elapsed": 816.692688, "delta": 2.476431}}
{"target": -2.69018675653558, "params": {"eta": 0.4921154964332625, "max_depth": 15.861891949701043, "n_estimators": 11.856655788298033}, "datetime": {"datetime": "2021-09-17 13:06:26", "elapsed": 818.905786, "delta": 2.213098}}
{"target": -2.5783073644889027, "params": {"eta": 0.21588546232260983, "max_depth": 16.176193852916775, "n_estimators": 15.781646531908372}, "datetime": {"datetime": "2021-09-17 13:06:29", "elapsed": 822.353668, "delta": 3.447882}}
{"target": -2.445288316199654, "params": {"eta": 0.3350127801666011, "max_depth": 19.367699361100023, "n_estimators": 13.536793341270874}, "datetime": {"datetime": "2021-09-17 13:06:32", "elapsed": 825.180508, "delta": 2.82684}}
{"target": -2.292435679310246, "params": {"eta": 0.2038225599600021, "max_depth": 14.327188326841242, "n_estimators": 19.968367509131795}, "datetime": {"datetime": "2021-09-17 13:06:35", "elapsed": 828.480866, "delta": 3.300358}}
{"target": -2.4045565925146404, "params": {"eta": 0.2224384108773837, "max_depth": 8.145257844761804, "n_estimators": 18.81933804127934}, "datetime": {"datetime": "2021-09-17 13:06:39", "elapsed": 832.091208, "delta": 3.610342}}
{"target": -2.528781720839049, "params": {"eta": 0.30785556514876494, "max_depth": 16.27257800334218, "n_estimators": 18.21874549590043}, "datetime": {"datetime": "2021-09-17 13:06:43", "elapsed": 835.823642, "delta": 3.732434}}
{"target": -2.422744613572171, "params": {"eta": 0.33868715847723363, "max_depth": 19.163443531937858, "n_estimators": 11.1537206550619}, "datetime": {"datetime": "2021-09-17 13:06:45", "elapsed": 838.246984, "delta": 2.423342}}
{"target": -2.4045222182022896, "params": {"eta": 0.28412947836900554, "max_depth": 18.689795682735685, "n_estimators": 17.973886527065442}, "datetime": {"datetime": "2021-09-17 13:06:47", "elapsed": 840.701829, "delta": 2.454845}}
{"target": -2.4243560050663193, "params": {"eta": 0.3391381922381278, "max_depth": 14.318283243169633, "n_estimators": 19.964345956111742}, "datetime": {"datetime": "2021-09-17 13:06:52", "elapsed": 844.849106, "delta": 4.147277}}
{"target": -4.54883543252945, "params": {"eta": 0.20492873919942273, "max_depth": 10.161888429207597, "n_estimators": 8.450994084487878}, "datetime": {"datetime": "2021-09-17 13:06:54", "elapsed": 847.063337, "delta": 2.214231}}
{"target": -2.4210460512261647, "params": {"eta": 0.436170525826539, "max_depth": 18.710928583827418, "n_estimators": 16.514044470921018}, "datetime": {"datetime": "2021-09-17 13:06:56", "elapsed": 849.525858, "delta": 2.462521}}
{"target": -2.7086662003868507, "params": {"eta": 0.48188627792638355, "max_depth": 11.902249227559942, "n_estimators": 19.41551282874839}, "datetime": {"datetime": "2021-09-17 13:06:59", "elapsed": 851.954594, "delta": 2.428736}}
{"target": -2.476868580517016, "params": {"eta": 0.21640964405297555, "max_depth": 14.343747227472686, "n_estimators": 19.743596565121653}, "datetime": {"datetime": "2021-09-17 13:07:03", "elapsed": 856.16316, "delta": 4.208566}}
{"target": -2.4636886985678417, "params": {"eta": 0.22978857409917255, "max_depth": 14.884418928504683, "n_estimators": 19.29204641426056}, "datetime": {"datetime": "2021-09-17 13:07:08", "elapsed": 860.886743, "delta": 4.723583}}
{"target": -2.5491150492116024, "params": {"eta": 0.40701239607304973, "max_depth": 14.17797413768788, "n_estimators": 10.007093367228801}, "datetime": {"datetime": "2021-09-17 13:07:10", "elapsed": 863.366584, "delta": 2.479841}}
{"target": -2.4620425864269855, "params": {"eta": 0.381995429251415, "max_depth": 13.637622336374193, "n_estimators": 16.320369738330744}, "datetime": {"datetime": "2021-09-17 13:07:15", "elapsed": 868.334112, "delta": 4.967528}}
{"target": -2.468584509272324, "params": {"eta": 0.2199156704100002, "max_depth": 9.134147608914006, "n_estimators": 17.90455216295654}, "datetime": {"datetime": "2021-09-17 13:07:17", "elapsed": 870.695386, "delta": 2.361274}}
{"target": -3.143484790701615, "params": {"eta": 0.2733682326545888, "max_depth": 10.369361051210655, "n_estimators": 8.562682529216165}, "datetime": {"datetime": "2021-09-17 13:07:20", "elapsed": 872.996359, "delta": 2.300973}}
{"target": -2.5863994648582054, "params": {"eta": 0.2505265553697309, "max_depth": 4.467092625924753, "n_estimators": 15.68982410841612}, "datetime": {"datetime": "2021-09-17 13:07:22", "elapsed": 875.283201, "delta": 2.286842}}
{"target": -2.322930192947388, "params": {"eta": 0.2518382303138768, "max_depth": 6.273827538762092, "n_estimators": 18.610304384654736}, "datetime": {"datetime": "2021-09-17 13:07:24", "elapsed": 877.54936, "delta": 2.266159}}
{"target": -2.60163036145662, "params": {"eta": 0.3391911890212797, "max_depth": 4.373037279191381, "n_estimators": 11.356561290122208}, "datetime": {"datetime": "2021-09-17 13:07:27", "elapsed": 879.911075, "delta": 2.361715}}
{"target": -2.5138536760681554, "params": {"eta": 0.25418559225899945, "max_depth": 10.45247345348134, "n_estimators": 16.385649438490532}, "datetime": {"datetime": "2021-09-17 13:07:29", "elapsed": 882.270698, "delta": 2.359623}}
{"target": -2.426049864919562, "params": {"eta": 0.35743210667391734, "max_depth": 6.250656283368409, "n_estimators": 18.525373412720334}, "datetime": {"datetime": "2021-09-17 13:07:33", "elapsed": 886.599118, "delta": 4.32842}}
{"target": -2.513551151752472, "params": {"eta": 0.33041198935512006, "max_depth": 4.347105079610355, "n_estimators": 12.265905797498949}, "datetime": {"datetime": "2021-09-17 13:07:36", "elapsed": 888.992925, "delta": 2.393807}}
{"target": -2.507615132080881, "params": {"eta": 0.38764380685214006, "max_depth": 8.38321785705553, "n_estimators": 19.89383402278987}, "datetime": {"datetime": "2021-09-17 13:07:40", "elapsed": 893.08759, "delta": 4.094665}}
{"target": -2.4566841401551898, "params": {"eta": 0.22292408804477318, "max_depth": 5.253174051337089, "n_estimators": 16.582398209201358}, "datetime": {"datetime": "2021-09-17 13:07:43", "elapsed": 896.522478, "delta": 3.434888}}
{"target": -2.4518685962024485, "params": {"eta": 0.26516100275004195, "max_depth": 6.193656273934639, "n_estimators": 18.51146838744862}, "datetime": {"datetime": "2021-09-17 13:07:47", "elapsed": 900.441454, "delta": 3.918976}}
{"target": -2.5243002107268886, "params": {"eta": 0.3361136522440803, "max_depth": 5.672769672215059, "n_estimators": 19.729384460316933}, "datetime": {"datetime": "2021-09-17 13:07:50", "elapsed": 902.823005, "delta": 2.381551}}
{"target": -2.907624153714431, "params": {"eta": 0.24174768781579103, "max_depth": 17.511425109874395, "n_estimators": 10.970117253915408}, "datetime": {"datetime": "2021-09-17 13:07:52", "elapsed": 905.302945, "delta": 2.47994}}
{"target": -2.487603623616068, "params": {"eta": 0.316691863015795, "max_depth": 6.214840171777662, "n_estimators": 18.6391582225813}, "datetime": {"datetime": "2021-09-17 13:08:01", "elapsed": 914.04555, "delta": 8.742605}}
{"target": -2.5525227565514412, "params": {"eta": 0.30853644098068705, "max_depth": 5.086287923241777, "n_estimators": 14.780705588152244}, "datetime": {"datetime": "2021-09-17 13:08:03", "elapsed": 916.673794, "delta": 2.628244}}
{"target": -2.3730747285642124, "params": {"eta": 0.2589061908210756, "max_depth": 6.328309088730201, "n_estimators": 18.534913822642007}, "datetime": {"datetime": "2021-09-17 13:08:08", "elapsed": 921.434393, "delta": 4.760599}}
{"target": -2.610934167786649, "params": {"eta": 0.24595881713618867, "max_depth": 19.260217295765685, "n_estimators": 13.653449611971986}, "datetime": {"datetime": "2021-09-17 13:08:13", "elapsed": 926.771519, "delta": 5.337126}}
{"target": -2.500584797482741, "params": {"eta": 0.39624802567099443, "max_depth": 11.545525120853757, "n_estimators": 13.522027515975493}, "datetime": {"datetime": "2021-09-17 13:08:16", "elapsed": 929.430953, "delta": 2.659434}}
{"target": -2.3742252500433674, "params": {"eta": 0.3522476304163613, "max_depth": 8.104699567101337, "n_estimators": 18.762797399891014}, "datetime": {"datetime": "2021-09-17 13:08:21", "elapsed": 933.967113, "delta": 4.53616}}
{"target": -2.5420356737939933, "params": {"eta": 0.23233700782611308, "max_depth": 14.986379990211995, "n_estimators": 19.39482966683292}, "datetime": {"datetime": "2021-09-17 13:08:25", "elapsed": 938.450567, "delta": 4.483454}}
{"target": -2.553802558622862, "params": {"eta": 0.3499672102674645, "max_depth": 16.08588488965169, "n_estimators": 15.672388216687104}, "datetime": {"datetime": "2021-09-17 13:08:31", "elapsed": 944.272482, "delta": 5.821915}}
{"target": -2.48387592466254, "params": {"eta": 0.43183138876892796, "max_depth": 19.26754730090135, "n_estimators": 13.623638937121846}, "datetime": {"datetime": "2021-09-17 13:08:36", "elapsed": 948.826644, "delta": 4.554162}}
{"target": -2.580998829164003, "params": {"eta": 0.41058415754961947, "max_depth": 15.93385138878168, "n_estimators": 18.761594011080454}, "datetime": {"datetime": "2021-09-17 13:08:41", "elapsed": 954.309185, "delta": 5.482541}}
{"target": -2.4344114905909486, "params": {"eta": 0.36335848069054055, "max_depth": 17.12189157523536, "n_estimators": 19.62588295129349}, "datetime": {"datetime": "2021-09-17 13:08:49", "elapsed": 962.443464, "delta": 8.134279}}
{"target": -2.4462061605955423, "params": {"eta": 0.33596183477271235, "max_depth": 19.801525320788805, "n_estimators": 11.044440409723132}, "datetime": {"datetime": "2021-09-17 13:08:52", "elapsed": 965.352411, "delta": 2.908947}}
{"target": -2.518198263645172, "params": {"eta": 0.3042898391519121, "max_depth": 12.03583909499886, "n_estimators": 17.2935297049654}, "datetime": {"datetime": "2021-09-17 13:08:55", "elapsed": 968.267467, "delta": 2.915056}}
{"target": -2.514864298544432, "params": {"eta": 0.3062850092984625, "max_depth": 16.282564558630476, "n_estimators": 15.88790955379811}, "datetime": {"datetime": "2021-09-17 13:08:59", "elapsed": 971.997256, "delta": 3.729789}}
{"target": -2.3685493789221113, "params": {"eta": 0.20290632456422317, "max_depth": 14.636739173126843, "n_estimators": 19.75971663292195}, "datetime": {"datetime": "2021-09-17 13:09:05", "elapsed": 978.169625, "delta": 6.172369}}
{"target": -2.4073268118657567, "params": {"eta": 0.24340019786722786, "max_depth": 14.250147622237087, "n_estimators": 20.0}, "datetime": {"datetime": "2021-09-17 13:09:11", "elapsed": 984.255805, "delta": 6.08618}}
{"target": -2.449495113523383, "params": {"eta": 0.26287820736913586, "max_depth": 6.331455587900306, "n_estimators": 18.672902024967257}, "datetime": {"datetime": "2021-09-17 13:09:18", "elapsed": 991.510542, "delta": 7.254737}}
{"target": -2.4965102314949035, "params": {"eta": 0.34370621160425857, "max_depth": 19.274435659006425, "n_estimators": 11.101022782600085}, "datetime": {"datetime": "2021-09-17 13:09:22", "elapsed": 995.521076, "delta": 4.010534}}
{"target": -2.4348420406642712, "params": {"eta": 0.28536198891815523, "max_depth": 18.43640624678478, "n_estimators": 18.170971713528406}, "datetime": {"datetime": "2021-09-17 13:09:26", "elapsed": 999.11833, "delta": 3.597254}}
{"target": -2.4358740837950457, "params": {"eta": 0.26948498679058985, "max_depth": 13.662764358309136, "n_estimators": 16.165408325374415}, "datetime": {"datetime": "2021-09-17 13:09:32", "elapsed": 1005.406161, "delta": 6.287831}}
{"target": -2.346144571429805, "params": {"eta": 0.22406977253249377, "max_depth": 11.689779677511227, "n_estimators": 17.92874848752359}, "datetime": {"datetime": "2021-09-17 13:09:36", "elapsed": 1008.9821, "delta": 3.575939}}
{"target": -2.510235434456875, "params": {"eta": 0.36835724496934563, "max_depth": 8.63985811689282, "n_estimators": 14.236925544830573}, "datetime": {"datetime": "2021-09-17 13:09:39", "elapsed": 1011.785384, "delta": 2.803284}}
{"target": -2.47023486965581, "params": {"eta": 0.21531662003038216, "max_depth": 13.720247243776482, "n_estimators": 16.299352772193526}, "datetime": {"datetime": "2021-09-17 13:09:43", "elapsed": 1016.038845, "delta": 4.253461}}
{"target": -2.6688149019291525, "params": {"eta": 0.2646185753294219, "max_depth": 16.16724703411395, "n_estimators": 10.320450903216438}, "datetime": {"datetime": "2021-09-17 13:09:46", "elapsed": 1019.146484, "delta": 3.107639}}
{"target": -2.345642105529183, "params": {"eta": 0.22357506462226748, "max_depth": 14.73086707456042, "n_estimators": 19.77960973423759}, "datetime": {"datetime": "2021-09-17 13:09:54", "elapsed": 1027.199369, "delta": 8.052885}}
{"target": -2.373119189864711, "params": {"eta": 0.22147013395676018, "max_depth": 14.057968626131112, "n_estimators": 19.735297506260036}, "datetime": {"datetime": "2021-09-17 13:09:58", "elapsed": 1031.37089, "delta": 4.171521}}
{"target": -2.3759723926845346, "params": {"eta": 0.33682750457661254, "max_depth": 18.147804079313136, "n_estimators": 18.379565579534926}, "datetime": {"datetime": "2021-09-17 13:10:04", "elapsed": 1037.321932, "delta": 5.951042}}
{"target": -2.6397644118258827, "params": {"eta": 0.4849673899378073, "max_depth": 7.002556226082234, "n_estimators": 11.244117321283357}, "datetime": {"datetime": "2021-09-17 13:10:07", "elapsed": 1040.209767, "delta": 2.887835}}
{"target": -2.322090638311286, "params": {"eta": 0.28340440094051483, "max_depth": 15.20324493442158, "n_estimators": 16.00045749926938}, "datetime": {"datetime": "2021-09-17 13:15:34", "elapsed": 0.0, "delta": 0.0}}
{"target": -2.5223550627106115, "params": {"eta": 0.260466514526368, "max_depth": 9.46755890817113, "n_estimators": 16.36935437907519}, "datetime": {"datetime": "2021-09-17 13:15:34", "elapsed": 0.084998, "delta": 0.084998}}
{"target": -2.4164530277252196, "params": {"eta": 0.2372520422755342, "max_depth": 11.455607270430477, "n_estimators": 17.587069896922678}, "datetime": {"datetime": "2021-09-17 13:15:34", "elapsed": 0.187, "delta": 0.102002}}
{"target": -2.4652953812950535, "params": {"eta": 0.3077633468006714, "max_depth": 12.191945144032948, "n_estimators": 18.74087800158704}, "datetime": {"datetime": "2021-09-17 13:15:34", "elapsed": 0.311, "delta": 0.124}}
{"target": -2.3987896473784196, "params": {"eta": 0.2408904499463035, "max_depth": 16.781174363909454, "n_estimators": 16.109550372791706}, "datetime": {"datetime": "2021-09-17 13:15:34", "elapsed": 0.422999, "delta": 0.111999}}
{"target": -2.3495170066231177, "params": {"eta": 0.33409350203568045, "max_depth": 12.17304802367127, "n_estimators": 18.234759313783005}, "datetime": {"datetime": "2021-09-17 13:15:34", "elapsed": 0.551996, "delta": 0.128997}}
{"target": -2.3962006110894056, "params": {"eta": 0.22807738771904676, "max_depth": 9.981014890848789, "n_estimators": 19.202978274702147}, "datetime": {"datetime": "2021-09-17 13:15:34", "elapsed": 0.650002, "delta": 0.098006}}
{"target": -2.573694768704866, "params": {"eta": 0.39365231514387955, "max_depth": 11.13424178159243, "n_estimators": 18.769290462677255}, "datetime": {"datetime": "2021-09-17 13:15:35", "elapsed": 0.776001, "delta": 0.125999}}
{"target": -2.4297517575715717, "params": {"eta": 0.2751680761528667, "max_depth": 15.898785350260257, "n_estimators": 19.09778760838115}, "datetime": {"datetime": "2021-09-17 13:15:35", "elapsed": 1.033996, "delta": 0.257995}}
{"target": -2.5327128266033374, "params": {"eta": 0.3064595840634835, "max_depth": 15.87384008802918, "n_estimators": 16.69959909912299}, "datetime": {"datetime": "2021-09-17 13:15:35", "elapsed": 1.280999, "delta": 0.247003}}
{"target": -2.490182259208278, "params": {"eta": 0.31916888901253043, "max_depth": 10.610249083006684, "n_estimators": 18.986915824068348}, "datetime": {"datetime": "2021-09-17 13:15:35", "elapsed": 1.495004, "delta": 0.214005}}
{"target": -2.4885359419019597, "params": {"eta": 0.2455029736009339, "max_depth": 9.555899973882175, "n_estimators": 19.78921380430867}, "datetime": {"datetime": "2021-09-17 13:15:35", "elapsed": 1.69, "delta": 0.194996}}
{"target": -2.457646804106863, "params": {"eta": 0.34525121037624407, "max_depth": 15.28612013850692, "n_estimators": 16.778752126329103}, "datetime": {"datetime": "2021-09-17 13:15:36", "elapsed": 1.92, "delta": 0.23}}
{"target": -2.4591709651445086, "params": {"eta": 0.313441573928147, "max_depth": 15.05643541945132, "n_estimators": 16.113915977517895}, "datetime": {"datetime": "2021-09-17 13:15:36", "elapsed": 2.361, "delta": 0.441}}
{"target": -2.4724187386663337, "params": {"eta": 0.39108911510823907, "max_depth": 14.640714158420476, "n_estimators": 17.88288255971673}, "datetime": {"datetime": "2021-09-17 13:15:36", "elapsed": 2.603, "delta": 0.242}}
{"target": -2.38997647197623, "params": {"eta": 0.2977465445749707, "max_depth": 16.41178673732274, "n_estimators": 19.91627375345831}, "datetime": {"datetime": "2021-09-17 13:15:37", "elapsed": 2.873999, "delta": 0.270999}}
{"target": -2.3239126606991416, "params": {"eta": 0.2644945518873707, "max_depth": 15.635354487773103, "n_estimators": 19.42784666230726}, "datetime": {"datetime": "2021-09-17 13:15:37", "elapsed": 3.143997, "delta": 0.269998}}
{"target": -2.493327974018298, "params": {"eta": 0.3709894746764273, "max_depth": 15.193520551602155, "n_estimators": 19.64788369443976}, "datetime": {"datetime": "2021-09-17 13:15:37", "elapsed": 3.425, "delta": 0.281003}}
{"target": -2.3848388414633903, "params": {"eta": 0.3354223052535317, "max_depth": 13.479110427037392, "n_estimators": 17.53283666855482}, "datetime": {"datetime": "2021-09-17 13:15:37", "elapsed": 3.677006, "delta": 0.252006}}
{"target": -2.4350466496066043, "params": {"eta": 0.22815122020061707, "max_depth": 9.393795568982776, "n_estimators": 17.267329247404856}, "datetime": {"datetime": "2021-09-17 13:15:38", "elapsed": 3.891998, "delta": 0.214992}}
{"target": -2.4723525486494364, "params": {"eta": 0.2548000935368276, "max_depth": 15.643484038257043, "n_estimators": 16.26748218264126}, "datetime": {"datetime": "2021-09-17 13:15:38", "elapsed": 4.129998, "delta": 0.238}}
{"target": -2.49245456708105, "params": {"eta": 0.38786591187172437, "max_depth": 17.499490551743776, "n_estimators": 17.116525694963226}, "datetime": {"datetime": "2021-09-17 13:15:38", "elapsed": 4.416002, "delta": 0.286004}}
{"target": -2.4721140397222414, "params": {"eta": 0.31964040367895163, "max_depth": 9.127020573095004, "n_estimators": 16.46711003873771}, "datetime": {"datetime": "2021-09-17 13:15:38", "elapsed": 4.629002, "delta": 0.213}}
{"target": -2.4361762856182296, "params": {"eta": 0.3227249321435767, "max_depth": 13.573918956411596, "n_estimators": 18.61442768120712}, "datetime": {"datetime": "2021-09-17 13:15:39", "elapsed": 4.894605, "delta": 0.265603}}
{"target": -2.2363166307148177, "params": {"eta": 0.2033625330058525, "max_depth": 10.583568369976849, "n_estimators": 19.20233882277705}, "datetime": {"datetime": "2021-09-17 13:15:39", "elapsed": 5.140606, "delta": 0.246001}}
{"target": -2.5124452321152937, "params": {"eta": 0.2624652076458545, "max_depth": 13.462583607320354, "n_estimators": 19.30703305187142}, "datetime": {"datetime": "2021-09-17 13:15:39", "elapsed": 5.396606, "delta": 0.256}}
{"target": -2.4641365176752994, "params": {"eta": 0.2927923258282521, "max_depth": 9.358483076112082, "n_estimators": 18.26933322010775}, "datetime": {"datetime": "2021-09-17 13:15:39", "elapsed": 5.637609, "delta": 0.241003}}
