{"target": 0.8303189251531717, "params": {"eta": 0.2707566331385852, "max_depth": 12.425113375968841, "n_estimators": 41.49651227176927}, "datetime": {"datetime": "2021-09-17 19:44:20", "elapsed": 2.524312, "delta": 0.431999}}
{"target": 0.8487588987423081, "params": {"eta": 0.17303345386971025, "max_depth": 12.977069053769435, "n_estimators": 40.74594911577024}, "datetime": {"datetime": "2021-09-17 19:44:20", "elapsed": 2.911312, "delta": 0.387}}
{"target": 0.7797682226931885, "params": {"eta": 0.5738283563085346, "max_depth": 12.33321551663759, "n_estimators": 39.76683069289401}, "datetime": {"datetime": "2021-09-17 19:44:20", "elapsed": 3.294312, "delta": 0.383}}
{"target": 0.8310901649958731, "params": {"eta": 0.46152853196298826, "max_depth": 10.608631883553928, "n_estimators": 11.963356086017551}, "datetime": {"datetime": "2021-09-17 19:44:21", "elapsed": 3.491314, "delta": 0.197002}}
{"target": 0.7295031406109285, "params": {"eta": 0.7369403003858125, "max_depth": 11.641041541047448, "n_estimators": 11.41319113933913}, "datetime": {"datetime": "2021-09-17 19:44:21", "elapsed": 3.840314, "delta": 0.349}}
{"target": 0.7365906265693503, "params": {"eta": 0.7688119028788368, "max_depth": 34.54728512873419, "n_estimators": 27.240987516954842}, "datetime": {"datetime": "2021-09-17 19:44:21", "elapsed": 4.150314, "delta": 0.31}}
{"target": 0.809527023312401, "params": {"eta": 0.5579555339484925, "max_depth": 10.10770730361479, "n_estimators": 11.037460278668348}, "datetime": {"datetime": "2021-09-17 19:44:21", "elapsed": 4.350837, "delta": 0.200523}}
{"target": 0.8418205820988015, "params": {"eta": 0.1, "max_depth": 13.670137918226953, "n_estimators": 40.29167335103788}, "datetime": {"datetime": "2021-09-17 19:44:22", "elapsed": 4.803104, "delta": 0.452267}}
{"target": 0.8477341475653963, "params": {"eta": 0.3466850888969295, "max_depth": 12.92229725823047, "n_estimators": 42.44316014034208}, "datetime": {"datetime": "2021-09-17 19:44:22", "elapsed": 5.317101, "delta": 0.513997}}
{"target": 0.8459023779164141, "params": {"eta": 0.1, "max_depth": 12.18443978165427, "n_estimators": 42.784831301032504}, "datetime": {"datetime": "2021-09-17 19:44:23", "elapsed": 5.837104, "delta": 0.520003}}
{"target": 0.8082068936186271, "params": {"eta": 0.5629575722948743, "max_depth": 12.444374438903075, "n_estimators": 43.32049918215654}, "datetime": {"datetime": "2021-09-17 19:44:23", "elapsed": 6.250105, "delta": 0.413001}}
{"target": 0.8317142045747454, "params": {"eta": 0.1041384856972334, "max_depth": 11.228886922523536, "n_estimators": 42.55899689222725}, "datetime": {"datetime": "2021-09-17 19:44:24", "elapsed": 6.57088, "delta": 0.320775}}
{"target": 0.632110063478214, "params": {"eta": 0.14341793420006502, "max_depth": 9.979647750137632, "n_estimators": 12.878805679138718}, "datetime": {"datetime": "2021-09-17 19:44:24", "elapsed": 6.792881, "delta": 0.222001}}
{"target": 0.83533422881284, "params": {"eta": 0.11480773838677191, "max_depth": 14.526239772513346, "n_estimators": 39.83251214678203}, "datetime": {"datetime": "2021-09-17 19:44:24", "elapsed": 7.203879, "delta": 0.410998}}
{"target": 0.8360464842436534, "params": {"eta": 0.47964457604880173, "max_depth": 13.926135548382447, "n_estimators": 39.038332452366184}, "datetime": {"datetime": "2021-09-17 19:44:25", "elapsed": 7.609883, "delta": 0.406004}}
{"target": 0.7787245286617365, "params": {"eta": 0.6445478063794454, "max_depth": 15.030355989254252, "n_estimators": 39.20290452205719}, "datetime": {"datetime": "2021-09-17 19:44:25", "elapsed": 8.049876, "delta": 0.439993}}
{"target": 0.7285803637182471, "params": {"eta": 0.8, "max_depth": 13.841921955915405, "n_estimators": 39.91200024534912}, "datetime": {"datetime": "2021-09-17 19:44:25", "elapsed": 8.389166, "delta": 0.33929}}
{"target": 0.7311078718116792, "params": {"eta": 0.7729975579778232, "max_depth": 12.511219084652616, "n_estimators": 42.01465147172137}, "datetime": {"datetime": "2021-09-17 19:44:26", "elapsed": 8.717169, "delta": 0.328003}}
{"target": 0.8232385157060974, "params": {"eta": 0.2334519800464585, "max_depth": 19.972306620111976, "n_estimators": 24.13691840624101}, "datetime": {"datetime": "2021-09-17 19:44:26", "elapsed": 9.072166, "delta": 0.354997}}
{"target": 0.8468527228528864, "params": {"eta": 0.10923259824769638, "max_depth": 12.438128014524402, "n_estimators": 40.996159812494675}, "datetime": {"datetime": "2021-09-17 19:44:26", "elapsed": 9.393166, "delta": 0.321}}
{"target": 0.8391090535221196, "params": {"eta": 0.26102929395924, "max_depth": 6.98019360656551, "n_estimators": 37.26536283896921}, "datetime": {"datetime": "2021-09-17 19:44:27", "elapsed": 9.722166, "delta": 0.329}}
{"target": 0.8209746078721908, "params": {"eta": 0.2652710791037073, "max_depth": 13.601302770177771, "n_estimators": 42.626710465582505}, "datetime": {"datetime": "2021-09-17 19:44:27", "elapsed": 10.158162, "delta": 0.435996}}
{"target": 0.8206076873487218, "params": {"eta": 0.22553556831922666, "max_depth": 19.24174167532799, "n_estimators": 23.61140606163052}, "datetime": {"datetime": "2021-09-17 19:44:28", "elapsed": 10.575165, "delta": 0.417003}}
{"target": 0.7699846977058078, "params": {"eta": 0.6874427835729519, "max_depth": 23.251482020438768, "n_estimators": 19.731844947081193}, "datetime": {"datetime": "2021-09-17 19:44:28", "elapsed": 10.916165, "delta": 0.341}}
{"target": 0.8134800109941032, "params": {"eta": 0.55667420714755, "max_depth": 13.768781775393597, "n_estimators": 38.406559633819796}, "datetime": {"datetime": "2021-09-17 19:44:28", "elapsed": 11.344166, "delta": 0.428001}}
{"target": 0.7907956026222391, "params": {"eta": 0.7188857696783649, "max_depth": 6.778678028523821, "n_estimators": 36.7535722576845}, "datetime": {"datetime": "2021-09-17 19:44:29", "elapsed": 11.64531, "delta": 0.301144}}
{"target": 0.8382548727182046, "params": {"eta": 0.1718013634571753, "max_depth": 11.512642286705434, "n_estimators": 43.219324131687586}, "datetime": {"datetime": "2021-09-17 19:44:29", "elapsed": 12.060312, "delta": 0.415002}}
{"target": 0.8491099783490692, "params": {"eta": 0.1270617283843271, "max_depth": 6.743450762821782, "n_estimators": 37.94929557724781}, "datetime": {"datetime": "2021-09-17 19:44:29", "elapsed": 12.334312, "delta": 0.274}}
{"target": 0.8703198424696038, "params": {"eta": 0.18022477427212721, "max_depth": 7.529091250752732, "n_estimators": 38.13965891447974}, "datetime": {"datetime": "2021-09-17 19:44:30", "elapsed": 12.687175, "delta": 0.352863}}
{"target": 0.8060783619419317, "params": {"eta": 0.6586981885945145, "max_depth": 7.446825230384068, "n_estimators": 37.81722803872035}, "datetime": {"datetime": "2021-09-17 19:44:30", "elapsed": 13.018175, "delta": 0.331}}
{"target": 0.8411480999257824, "params": {"eta": 0.1722408876075845, "max_depth": 6.6288479236358455, "n_estimators": 22.894781363074365}, "datetime": {"datetime": "2021-09-17 19:44:30", "elapsed": 13.302175, "delta": 0.284}}
{"target": 0.858965910087565, "params": {"eta": 0.3184080100416054, "max_depth": 7.453606279630596, "n_estimators": 38.68439107450726}, "datetime": {"datetime": "2021-09-17 19:44:31", "elapsed": 13.715174, "delta": 0.412999}}
{"target": 0.84414120666004, "params": {"eta": 0.3597992285698408, "max_depth": 6.725173664325418, "n_estimators": 38.664623195319855}, "datetime": {"datetime": "2021-09-17 19:44:31", "elapsed": 14.033175, "delta": 0.318001}}
{"target": 0.8451466555077259, "params": {"eta": 0.21272358157603116, "max_depth": 8.339963528415142, "n_estimators": 38.22324535899422}, "datetime": {"datetime": "2021-09-17 19:44:32", "elapsed": 14.563174, "delta": 0.529999}}
{"target": 0.8303511163458444, "params": {"eta": 0.4043056999271236, "max_depth": 8.353136748029776, "n_estimators": 38.956189254270186}, "datetime": {"datetime": "2021-09-17 19:44:32", "elapsed": 14.912175, "delta": 0.349001}}
{"target": 0.832549807211155, "params": {"eta": 0.42666532818191283, "max_depth": 23.26791639207228, "n_estimators": 36.406593726310845}, "datetime": {"datetime": "2021-09-17 19:44:32", "elapsed": 15.393175, "delta": 0.481}}
{"target": 0.8477814822928225, "params": {"eta": 0.10743731729168843, "max_depth": 7.920570802552697, "n_estimators": 38.596883649745344}, "datetime": {"datetime": "2021-09-17 19:44:33", "elapsed": 15.746177, "delta": 0.353002}}
{"target": 0.7686591977531325, "params": {"eta": 0.5756245101217418, "max_depth": 22.884496293182096, "n_estimators": 35.53378750000009}, "datetime": {"datetime": "2021-09-17 19:44:33", "elapsed": 16.177173, "delta": 0.430996}}
{"target": 0.8522176557090193, "params": {"eta": 0.3414460882669951, "max_depth": 7.055869981437076, "n_estimators": 39.49053966024742}, "datetime": {"datetime": "2021-09-17 19:44:34", "elapsed": 16.51517, "delta": 0.337997}}
{"target": 0.7919886884167149, "params": {"eta": 0.6282919860886841, "max_depth": 14.873320344874179, "n_estimators": 44.63319174858295}, "datetime": {"datetime": "2021-09-17 19:44:34", "elapsed": 16.892861, "delta": 0.377691}}
{"target": 0.8517340566069255, "params": {"eta": 0.18727223529389614, "max_depth": 6.286504703886018, "n_estimators": 39.35344105150337}, "datetime": {"datetime": "2021-09-17 19:44:34", "elapsed": 17.233862, "delta": 0.341001}}
{"target": 0.7880600056974251, "params": {"eta": 0.6676088043008048, "max_depth": 38.373319030812375, "n_estimators": 45.24974688589125}, "datetime": {"datetime": "2021-09-17 19:44:35", "elapsed": 17.69386, "delta": 0.459998}}
{"target": 0.8132626947409042, "params": {"eta": 0.5174792355041044, "max_depth": 25.430946352455468, "n_estimators": 49.51279168533824}, "datetime": {"datetime": "2021-09-17 19:44:35", "elapsed": 18.200863, "delta": 0.507003}}
{"target": 0.7540137576132082, "params": {"eta": 0.7811849375047468, "max_depth": 6.336958628306885, "n_estimators": 39.24102614751419}, "datetime": {"datetime": "2021-09-17 19:44:36", "elapsed": 18.645862, "delta": 0.444999}}
{"target": 0.814470064499176, "params": {"eta": 0.15845941112910272, "max_depth": 13.30435905460261, "n_estimators": 19.80637990086097}, "datetime": {"datetime": "2021-09-17 19:44:36", "elapsed": 18.961862, "delta": 0.316}}
{"target": 0.5930941323685663, "params": {"eta": 0.14661563004920414, "max_depth": 27.396366453186264, "n_estimators": 11.653411071058166}, "datetime": {"datetime": "2021-09-17 19:44:36", "elapsed": 19.182863, "delta": 0.221001}}
{"target": 0.8527763483650862, "params": {"eta": 0.1356855980450652, "max_depth": 6.776811225134533, "n_estimators": 40.34368886349989}, "datetime": {"datetime": "2021-09-17 19:44:37", "elapsed": 19.577863, "delta": 0.395}}
{"target": 0.8519498833985143, "params": {"eta": 0.1259951559963608, "max_depth": 7.680581437214591, "n_estimators": 40.157112548065676}, "datetime": {"datetime": "2021-09-17 19:44:37", "elapsed": 20.00786, "delta": 0.429997}}
{"target": 0.8413443211907429, "params": {"eta": 0.10046579473470453, "max_depth": 5.609502371022592, "n_estimators": 40.35974774088326}, "datetime": {"datetime": "2021-09-17 19:44:37", "elapsed": 20.381859, "delta": 0.373999}}
{"target": 0.854246595105647, "params": {"eta": 0.3195062480702527, "max_depth": 7.55036300757234, "n_estimators": 41.24861080006963}, "datetime": {"datetime": "2021-09-17 19:44:38", "elapsed": 20.835338, "delta": 0.453479}}
{"target": 0.8503789155679942, "params": {"eta": 0.1, "max_depth": 6.597286351916631, "n_estimators": 41.354552933803625}, "datetime": {"datetime": "2021-09-17 19:44:38", "elapsed": 21.290338, "delta": 0.455}}
{"target": 0.764113669834694, "params": {"eta": 0.7165703701613937, "max_depth": 6.952014291004312, "n_estimators": 41.81921491621146}, "datetime": {"datetime": "2021-09-17 19:44:39", "elapsed": 21.743927, "delta": 0.453589}}
{"target": 0.8538289011094057, "params": {"eta": 0.31444993256977705, "max_depth": 8.50541120208738, "n_estimators": 41.24786561262693}, "datetime": {"datetime": "2021-09-17 19:44:39", "elapsed": 22.182926, "delta": 0.438999}}
{"target": 0.7617768354171663, "params": {"eta": 0.7870381981900166, "max_depth": 8.425953810430888, "n_estimators": 40.546337306652724}, "datetime": {"datetime": "2021-09-17 19:44:40", "elapsed": 22.529183, "delta": 0.346257}}
{"target": 0.839035147516462, "params": {"eta": 0.2669054195299895, "max_depth": 8.415802235043872, "n_estimators": 41.88025196922323}, "datetime": {"datetime": "2021-09-17 19:44:40", "elapsed": 22.916181, "delta": 0.386998}}
{"target": 0.868617924019074, "params": {"eta": 0.36579781048863, "max_depth": 5.783580515518918, "n_estimators": 41.11516216932088}, "datetime": {"datetime": "2021-09-17 19:44:40", "elapsed": 23.277185, "delta": 0.361004}}
{"target": 0.7491549087450817, "params": {"eta": 0.7241991002502826, "max_depth": 6.372897790306008, "n_estimators": 40.79347987571042}, "datetime": {"datetime": "2021-09-17 19:44:41", "elapsed": 23.604185, "delta": 0.327}}
{"target": 0.838729372769379, "params": {"eta": 0.2730061734718855, "max_depth": 5.327605413655916, "n_estimators": 41.59312740418599}, "datetime": {"datetime": "2021-09-17 19:44:41", "elapsed": 24.063186, "delta": 0.459001}}
{"target": 0.8164546600396456, "params": {"eta": 0.5362854724966875, "max_depth": 4.694951128704646, "n_estimators": 40.829422270249246}, "datetime": {"datetime": "2021-09-17 19:44:42", "elapsed": 24.483934, "delta": 0.420748}}
{"target": 0.8472174719574124, "params": {"eta": 0.10721851251515598, "max_depth": 9.442145665517756, "n_estimators": 41.46879890145399}, "datetime": {"datetime": "2021-09-17 19:44:42", "elapsed": 24.988932, "delta": 0.504998}}
{"target": 0.7298324467055527, "params": {"eta": 0.16037369803823626, "max_depth": 29.17147066328202, "n_estimators": 13.236354494205631}, "datetime": {"datetime": "2021-09-17 19:44:42", "elapsed": 25.278934, "delta": 0.290002}}
{"target": 0.8440953273881524, "params": {"eta": 0.3406117632556091, "max_depth": 7.463855404599008, "n_estimators": 38.61913550728653}, "datetime": {"datetime": "2021-09-17 19:44:43", "elapsed": 25.709929, "delta": 0.430995}}
{"target": 0.8570717364832915, "params": {"eta": 0.1223995418797181, "max_depth": 5.977490378922035, "n_estimators": 41.518859668432896}, "datetime": {"datetime": "2021-09-17 19:44:43", "elapsed": 26.093936, "delta": 0.384007}}
{"target": 0.8197758938720072, "params": {"eta": 0.394201722605271, "max_depth": 7.536784107892809, "n_estimators": 39.293615127566625}, "datetime": {"datetime": "2021-09-17 19:44:44", "elapsed": 26.657264, "delta": 0.563328}}
{"target": 0.8673137118095822, "params": {"eta": 0.16208818581760623, "max_depth": 6.983288960620865, "n_estimators": 38.83530543652953}, "datetime": {"datetime": "2021-09-17 19:44:44", "elapsed": 27.303265, "delta": 0.646001}}
{"target": 0.8148081252873591, "params": {"eta": 0.29803806081698325, "max_depth": 13.508091773040693, "n_estimators": 42.58209449379079}, "datetime": {"datetime": "2021-09-17 19:44:45", "elapsed": 27.878262, "delta": 0.574997}}
{"target": 0.8454956747227098, "params": {"eta": 0.10718150264904822, "max_depth": 7.2152315928625494, "n_estimators": 39.912134495421526}, "datetime": {"datetime": "2021-09-17 19:44:45", "elapsed": 28.376265, "delta": 0.498003}}
{"target": 0.8464259192401031, "params": {"eta": 0.4540057252517887, "max_depth": 49.537644982867675, "n_estimators": 24.305262167776196}, "datetime": {"datetime": "2021-09-17 19:44:46", "elapsed": 28.891261, "delta": 0.514996}}
{"target": 0.8500237458294214, "params": {"eta": 0.13859782763832762, "max_depth": 7.047825110935484, "n_estimators": 40.893209383017464}, "datetime": {"datetime": "2021-09-17 19:44:46", "elapsed": 29.404263, "delta": 0.513002}}
{"target": 0.8147762553585787, "params": {"eta": 0.42083649473410056, "max_depth": 48.58695306221028, "n_estimators": 31.468894822932775}, "datetime": {"datetime": "2021-09-17 19:44:47", "elapsed": 30.025264, "delta": 0.621001}}
{"target": 0.8350927182468464, "params": {"eta": 0.3905018495873249, "max_depth": 9.109541990602509, "n_estimators": 41.960652538578955}, "datetime": {"datetime": "2021-09-17 19:44:48", "elapsed": 30.488556, "delta": 0.463292}}
{"target": 0.45504814931934434, "params": {"eta": 0.19412733071221333, "max_depth": 47.17732925820613, "n_estimators": 7.40726298432091}, "datetime": {"datetime": "2021-09-17 19:44:48", "elapsed": 30.785558, "delta": 0.297002}}
{"target": 0.7991309152176191, "params": {"eta": 0.6749486184446227, "max_depth": 48.668213304501734, "n_estimators": 24.959488485187794}, "datetime": {"datetime": "2021-09-17 19:44:48", "elapsed": 31.450558, "delta": 0.665}}
{"target": 0.8395308111677262, "params": {"eta": 0.10099377845059507, "max_depth": 8.14011084052937, "n_estimators": 37.19614003081192}, "datetime": {"datetime": "2021-09-17 19:44:49", "elapsed": 31.958204, "delta": 0.507646}}
{"target": 0.7428734288049155, "params": {"eta": 0.7423891552777223, "max_depth": 49.54023652460451, "n_estimators": 23.22490224957512}, "datetime": {"datetime": "2021-09-17 19:44:50", "elapsed": 32.505747, "delta": 0.547543}}
{"target": 0.8412625105223019, "params": {"eta": 0.19182896316525366, "max_depth": 9.459073516410395, "n_estimators": 37.84319260623729}, "datetime": {"datetime": "2021-09-17 19:44:50", "elapsed": 33.091742, "delta": 0.585995}}
{"target": 0.83756013939519, "params": {"eta": 0.15483226523242916, "max_depth": 49.918746867365016, "n_estimators": 25.449824376918652}, "datetime": {"datetime": "2021-09-17 19:44:51", "elapsed": 33.706747, "delta": 0.615005}}
{"target": 0.8412904946306472, "params": {"eta": 0.16156246479217506, "max_depth": 24.083463364935763, "n_estimators": 35.86706103293541}, "datetime": {"datetime": "2021-09-17 19:44:51", "elapsed": 34.459743, "delta": 0.752996}}
{"target": 0.7732673951263038, "params": {"eta": 0.6920306536721403, "max_depth": 9.536811133531696, "n_estimators": 38.880205933215095}, "datetime": {"datetime": "2021-09-17 19:44:52", "elapsed": 34.967743, "delta": 0.508}}
{"target": 0.8427415409171368, "params": {"eta": 0.19309943207511798, "max_depth": 9.685713971122619, "n_estimators": 36.72168640829552}, "datetime": {"datetime": "2021-09-17 19:44:53", "elapsed": 35.521741, "delta": 0.553998}}
{"target": 0.8457416406716413, "params": {"eta": 0.3766227475056576, "max_depth": 10.805764302802167, "n_estimators": 37.146311941465946}, "datetime": {"datetime": "2021-09-17 19:44:53", "elapsed": 36.132745, "delta": 0.611004}}
{"target": 0.8104091314323671, "params": {"eta": 0.4901135473229762, "max_depth": 10.43434651858946, "n_estimators": 36.01198998701598}, "datetime": {"datetime": "2021-09-17 19:44:54", "elapsed": 36.707198, "delta": 0.574453}}
{"target": 0.8159071267546616, "params": {"eta": 0.6353807021559984, "max_depth": 5.829391024249997, "n_estimators": 22.250312825397245}, "datetime": {"datetime": "2021-09-17 19:44:54", "elapsed": 37.267193, "delta": 0.559995}}
{"target": 0.7528255175163691, "params": {"eta": 0.7506074797506176, "max_depth": 8.859521804190992, "n_estimators": 37.07938452565536}, "datetime": {"datetime": "2021-09-17 19:44:55", "elapsed": 37.843195, "delta": 0.576002}}
{"target": 0.8484241867092518, "params": {"eta": 0.13613499606050303, "max_depth": 6.80418502652509, "n_estimators": 40.37878104345455}, "datetime": {"datetime": "2021-09-17 19:44:55", "elapsed": 38.254198, "delta": 0.411003}}
{"target": 0.8364191597185826, "params": {"eta": 0.4231491337843887, "max_depth": 6.49685091392899, "n_estimators": 24.02841439321159}, "datetime": {"datetime": "2021-09-17 19:44:56", "elapsed": 38.884763, "delta": 0.630565}}
{"target": 0.8253031360662667, "params": {"eta": 0.5798517857313066, "max_depth": 7.516962764773622, "n_estimators": 23.31743147416103}, "datetime": {"datetime": "2021-09-17 19:44:57", "elapsed": 39.539763, "delta": 0.655}}
{"target": 0.8339943494772585, "params": {"eta": 0.4497396990819428, "max_depth": 5.4209260048345005, "n_estimators": 23.64738658649555}, "datetime": {"datetime": "2021-09-17 19:44:57", "elapsed": 39.984761, "delta": 0.444998}}
{"target": 0.8392869353050302, "params": {"eta": 0.13253207326193137, "max_depth": 10.622959833508958, "n_estimators": 37.86159130053131}, "datetime": {"datetime": "2021-09-17 19:44:58", "elapsed": 40.622975, "delta": 0.638214}}
{"target": 0.8348573950092111, "params": {"eta": 0.3632856892357428, "max_depth": 11.920513564166043, "n_estimators": 37.59090479777498}, "datetime": {"datetime": "2021-09-17 19:44:58", "elapsed": 41.424978, "delta": 0.802003}}
{"target": 0.8396520778104453, "params": {"eta": 0.10288775778527252, "max_depth": 14.97987006364179, "n_estimators": 42.64727044245578}, "datetime": {"datetime": "2021-09-17 19:44:59", "elapsed": 42.207588, "delta": 0.78261}}
{"target": 0.7762985923468712, "params": {"eta": 0.1, "max_depth": 5.598592649193346, "n_estimators": 24.834475863755042}, "datetime": {"datetime": "2021-09-17 19:45:00", "elapsed": 42.784495, "delta": 0.576907}}
{"target": 0.8365035985052792, "params": {"eta": 0.1457566665975726, "max_depth": 15.019233635715668, "n_estimators": 41.4508990458408}, "datetime": {"datetime": "2021-09-17 19:45:01", "elapsed": 43.697491, "delta": 0.912996}}
{"target": 0.8248071827421887, "params": {"eta": 0.5114255588099134, "max_depth": 16.083769310999823, "n_estimators": 42.35462856682703}, "datetime": {"datetime": "2021-09-17 19:45:01", "elapsed": 44.378025, "delta": 0.680534}}
{"target": 0.8366898609250152, "params": {"eta": 0.1, "max_depth": 11.784673089589965, "n_estimators": 36.51317219156806}, "datetime": {"datetime": "2021-09-17 19:45:02", "elapsed": 44.905684, "delta": 0.527659}}
{"target": 0.8473186197802441, "params": {"eta": 0.3458885228205901, "max_depth": 10.461587385789782, "n_estimators": 41.70675863849006}, "datetime": {"datetime": "2021-09-17 19:45:03", "elapsed": 45.640682, "delta": 0.734998}}
{"target": 0.7877425494352417, "params": {"eta": 0.6260348848958825, "max_depth": 10.033619533516113, "n_estimators": 43.16311601999583}, "datetime": {"datetime": "2021-09-17 19:45:03", "elapsed": 46.443682, "delta": 0.803}}
