{"target": 0.7241946413332907, "params": {"eta": 0.7794800281458925, "max_depth": 25.86034212651943, "n_estimators": 13.981224443427159}, "datetime": {"datetime": "2021-09-17 19:11:03", "elapsed": 331.859802, "delta": 1.35747}}
{"target": 0.8422077519542568, "params": {"eta": 0.41939731499849897, "max_depth": 7.703008022603776, "n_estimators": 26.793404177923325}, "datetime": {"datetime": "2021-09-17 19:11:05", "elapsed": 334.204731, "delta": 2.344929}}
{"target": 0.6015370391663062, "params": {"eta": 0.11110224005211479, "max_depth": 29.76853141806768, "n_estimators": 15.989248099801877}, "datetime": {"datetime": "2021-09-17 19:11:08", "elapsed": 336.641959, "delta": 2.437228}}
{"target": 0.8151662911752977, "params": {"eta": 0.3940788820700506, "max_depth": 29.58168092968047, "n_estimators": 15.589210086229144}, "datetime": {"datetime": "2021-09-17 19:11:10", "elapsed": 338.977428, "delta": 2.335469}}
{"target": 0.7233577002416505, "params": {"eta": 0.7321430336328325, "max_depth": 29.635389488853228, "n_estimators": 15.963726781885887}, "datetime": {"datetime": "2021-09-17 19:11:12", "elapsed": 341.299135, "delta": 2.321707}}
{"target": 0.8299431781501553, "params": {"eta": 0.21763883811589624, "max_depth": 24.178438152401664, "n_estimators": 28.97932998035389}, "datetime": {"datetime": "2021-09-17 19:11:15", "elapsed": 343.618134, "delta": 2.318999}}
{"target": 0.8516593658129099, "params": {"eta": 0.4791590931954952, "max_depth": 7.763201419614191, "n_estimators": 26.351333231312452}, "datetime": {"datetime": "2021-09-17 19:11:17", "elapsed": 345.885285, "delta": 2.267151}}
{"target": 0.8568924589649036, "params": {"eta": 0.44253723377246534, "max_depth": 26.56684156540283, "n_estimators": 25.014513959522244}, "datetime": {"datetime": "2021-09-17 19:11:18", "elapsed": 347.326283, "delta": 1.440998}}
{"target": 0.8232230642471976, "params": {"eta": 0.5304265740656386, "max_depth": 26.34616583981995, "n_estimators": 25.289713987578967}, "datetime": {"datetime": "2021-09-17 19:11:21", "elapsed": 349.852361, "delta": 2.526078}}
{"target": 0.7881418700746197, "params": {"eta": 0.6501893424322087, "max_depth": 28.59602984757201, "n_estimators": 13.461369997698498}, "datetime": {"datetime": "2021-09-17 19:11:22", "elapsed": 351.330359, "delta": 1.477998}}
{"target": 0.7928126407334737, "params": {"eta": 0.6294056597503401, "max_depth": 26.864040239117834, "n_estimators": 25.1487375353054}, "datetime": {"datetime": "2021-09-17 19:11:25", "elapsed": 354.237733, "delta": 2.907374}}
{"target": 0.8541251709474291, "params": {"eta": 0.4491627862801886, "max_depth": 8.178110754906724, "n_estimators": 26.321275878227414}, "datetime": {"datetime": "2021-09-17 19:11:28", "elapsed": 356.564039, "delta": 2.326306}}
{"target": 0.8460610945262416, "params": {"eta": 0.13700314956757764, "max_depth": 7.562439785707264, "n_estimators": 26.506198437360748}, "datetime": {"datetime": "2021-09-17 19:11:30", "elapsed": 358.955259, "delta": 2.39122}}
{"target": 0.7750701185168908, "params": {"eta": 0.6373565175639188, "max_depth": 11.403516585563692, "n_estimators": 7.715496623596597}, "datetime": {"datetime": "2021-09-17 19:11:34", "elapsed": 362.895357, "delta": 1.475869}}
{"target": 0.8084415257168958, "params": {"eta": 0.4285866989725271, "max_depth": 26.260127336651106, "n_estimators": 24.74291346434776}, "datetime": {"datetime": "2021-09-17 19:11:36", "elapsed": 365.158625, "delta": 2.263268}}
{"target": 0.8336873142569179, "params": {"eta": 0.13068384527454452, "max_depth": 7.816447896694999, "n_estimators": 26.23783177441801}, "datetime": {"datetime": "2021-09-17 19:11:38", "elapsed": 367.103539, "delta": 1.944914}}
{"target": 0.7272725870719655, "params": {"eta": 0.7283302784246407, "max_depth": 8.0860367097575, "n_estimators": 26.03980408001366}, "datetime": {"datetime": "2021-09-17 19:11:40", "elapsed": 369.338785, "delta": 2.235246}}
{"target": 0.7798129106942371, "params": {"eta": 0.6204403756166162, "max_depth": 20.828793823966528, "n_estimators": 20.116537557340912}, "datetime": {"datetime": "2021-09-17 19:11:42", "elapsed": 370.876362, "delta": 1.537577}}
{"target": 0.8017424048677317, "params": {"eta": 0.1062686107882695, "max_depth": 8.404199557296092, "n_estimators": 26.390193535173363}, "datetime": {"datetime": "2021-09-17 19:11:44", "elapsed": 372.976881, "delta": 2.100519}}
{"target": 0.8429549819750017, "params": {"eta": 0.45351560206715436, "max_depth": 20.7350895015795, "n_estimators": 19.803368371643305}, "datetime": {"datetime": "2021-09-17 19:11:46", "elapsed": 374.593361, "delta": 1.61648}}
{"target": 0.8227422715032766, "params": {"eta": 0.16266377952900438, "max_depth": 10.043200094754724, "n_estimators": 18.24962991539004}, "datetime": {"datetime": "2021-09-17 19:11:47", "elapsed": 376.003098, "delta": 1.409737}}
{"target": 0.7810339724380521, "params": {"eta": 0.1041001682240103, "max_depth": 26.555611638297485, "n_estimators": 24.973540676726717}, "datetime": {"datetime": "2021-09-17 19:11:49", "elapsed": 378.173844, "delta": 2.170746}}
{"target": 0.7129073763442415, "params": {"eta": 0.7991068152618342, "max_depth": 26.450006253161902, "n_estimators": 24.934491739319412}, "datetime": {"datetime": "2021-09-17 19:11:51", "elapsed": 380.26907, "delta": 2.095226}}
{"target": 0.7169610849196166, "params": {"eta": 0.7915373162487714, "max_depth": 26.90933001308608, "n_estimators": 16.84330487402611}, "datetime": {"datetime": "2021-09-17 19:11:53", "elapsed": 381.794861, "delta": 1.525791}}
{"target": 0.8370978659718125, "params": {"eta": 0.3258054497732018, "max_depth": 20.529888129396706, "n_estimators": 19.495888645495363}, "datetime": {"datetime": "2021-09-17 19:11:56", "elapsed": 384.392878, "delta": 2.598017}}
{"target": 0.7927446284918687, "params": {"eta": 0.5537437859403688, "max_depth": 20.889960640261155, "n_estimators": 19.499574997794966}, "datetime": {"datetime": "2021-09-17 19:11:59", "elapsed": 387.820845, "delta": 3.427967}}
{"target": 0.8362759076327673, "params": {"eta": 0.3294124121499802, "max_depth": 7.4123476126478645, "n_estimators": 26.172921527262343}, "datetime": {"datetime": "2021-09-17 19:12:02", "elapsed": 390.424643, "delta": 2.603798}}
{"target": 0.8173173705820922, "params": {"eta": 0.16906556925132157, "max_depth": 20.472313508262403, "n_estimators": 19.98989235802032}, "datetime": {"datetime": "2021-09-17 19:12:05", "elapsed": 393.949509, "delta": 3.524866}}
{"target": 0.784349782197029, "params": {"eta": 0.5749422028348488, "max_depth": 17.249744346936644, "n_estimators": 25.568677069013095}, "datetime": {"datetime": "2021-09-17 19:12:07", "elapsed": 395.68051, "delta": 1.731001}}
{"target": 0.7887438863589952, "params": {"eta": 0.7041389654735447, "max_depth": 19.214676749922752, "n_estimators": 11.8399158675913}, "datetime": {"datetime": "2021-09-17 19:12:08", "elapsed": 397.171132, "delta": 1.490622}}
{"target": 0.8198567812130048, "params": {"eta": 0.5328477010956365, "max_depth": 20.25452123397882, "n_estimators": 19.68277207566217}, "datetime": {"datetime": "2021-09-17 19:12:11", "elapsed": 399.757608, "delta": 2.586476}}
{"target": 0.7995820067546355, "params": {"eta": 0.1, "max_depth": 5.460905731558828, "n_estimators": 27.184914211877675}, "datetime": {"datetime": "2021-09-17 19:12:13", "elapsed": 401.914765, "delta": 2.157157}}
{"target": 0.7868041120594376, "params": {"eta": 0.7123415930073654, "max_depth": 20.425232123275617, "n_estimators": 17.156978123162403}, "datetime": {"datetime": "2021-09-17 19:12:15", "elapsed": 403.464449, "delta": 1.549684}}
{"target": 0.834116182577517, "params": {"eta": 0.45803058429799415, "max_depth": 4.918220876689864, "n_estimators": 27.175513710327714}, "datetime": {"datetime": "2021-09-17 19:12:17", "elapsed": 405.528873, "delta": 2.064424}}
{"target": 0.3374475283458781, "params": {"eta": 0.15513524957606845, "max_depth": 13.981515765559319, "n_estimators": 8.813801165988753}, "datetime": {"datetime": "2021-09-17 19:12:18", "elapsed": 406.86527, "delta": 1.336397}}
{"target": 0.8278894831680633, "params": {"eta": 0.37269105848284156, "max_depth": 6.331058856529323, "n_estimators": 26.937953392886275}, "datetime": {"datetime": "2021-09-17 19:12:20", "elapsed": 409.056171, "delta": 2.190901}}
{"target": 0.8371856470738244, "params": {"eta": 0.17592032143091388, "max_depth": 26.1434896681293, "n_estimators": 29.038176762672474}, "datetime": {"datetime": "2021-09-17 19:12:23", "elapsed": 411.476175, "delta": 2.420004}}
{"target": 0.7843363994235507, "params": {"eta": 0.7159961234820937, "max_depth": 19.015157660221423, "n_estimators": 23.0463582276484}, "datetime": {"datetime": "2021-09-17 19:12:25", "elapsed": 413.666772, "delta": 2.190597}}
{"target": 0.8242175789500736, "params": {"eta": 0.23494404993295667, "max_depth": 22.61459175585457, "n_estimators": 22.357528007825685}, "datetime": {"datetime": "2021-09-17 19:12:26", "elapsed": 415.133866, "delta": 1.467094}}
{"target": 0.847754949043522, "params": {"eta": 0.19421217637664995, "max_depth": 22.11742421371881, "n_estimators": 22.644909006251993}, "datetime": {"datetime": "2021-09-17 19:12:29", "elapsed": 417.628241, "delta": 2.494375}}
{"target": 0.8116085413462439, "params": {"eta": 0.12863799451729985, "max_depth": 22.41824941075589, "n_estimators": 23.03241920098382}, "datetime": {"datetime": "2021-09-17 19:12:31", "elapsed": 419.912359, "delta": 2.284118}}
{"target": 0.681618242930196, "params": {"eta": 0.1, "max_depth": 20.864610627347897, "n_estimators": 19.706196427985084}, "datetime": {"datetime": "2021-09-17 19:12:34", "elapsed": 422.447817, "delta": 2.535458}}
{"target": 0.7591420917911123, "params": {"eta": 0.5948701837243807, "max_depth": 22.113574878832587, "n_estimators": 22.452653839729294}, "datetime": {"datetime": "2021-09-17 19:12:36", "elapsed": 424.786456, "delta": 2.338639}}
{"target": 0.8065114903726983, "params": {"eta": 0.4826715717846497, "max_depth": 12.71816940510428, "n_estimators": 7.106694096029868}, "datetime": {"datetime": "2021-09-17 19:12:37", "elapsed": 426.313817, "delta": 1.527361}}
{"target": 0.25286147757104005, "params": {"eta": 0.1655676401897026, "max_depth": 12.760553970666253, "n_estimators": 7.38365773202515}, "datetime": {"datetime": "2021-09-17 19:12:40", "elapsed": 428.973628, "delta": 2.659811}}
{"target": 0.8505962160276725, "params": {"eta": 0.46057155703020913, "max_depth": 8.015095993683179, "n_estimators": 26.497611656730882}, "datetime": {"datetime": "2021-09-17 19:12:42", "elapsed": 430.729868, "delta": 1.75624}}
{"target": 0.7317667104935066, "params": {"eta": 0.7513445414787302, "max_depth": 28.158163262293716, "n_estimators": 27.47810262581902}, "datetime": {"datetime": "2021-09-17 19:12:44", "elapsed": 432.442424, "delta": 1.712556}}
{"target": 0.8210954141022125, "params": {"eta": 0.2213175115809238, "max_depth": 25.361839436069108, "n_estimators": 29.616692324989923}, "datetime": {"datetime": "2021-09-17 19:12:46", "elapsed": 434.730622, "delta": 2.288198}}
{"target": 0.8437134378616691, "params": {"eta": 0.24491946339804108, "max_depth": 7.811645451796821, "n_estimators": 26.53506579598072}, "datetime": {"datetime": "2021-09-17 19:12:48", "elapsed": 436.45038, "delta": 1.719758}}
{"target": 0.8268605451679487, "params": {"eta": 0.49012564188771623, "max_depth": 7.321969404668025, "n_estimators": 28.50470953232237}, "datetime": {"datetime": "2021-09-17 19:12:49", "elapsed": 438.311514, "delta": 1.861134}}
{"target": 0.8054914053413844, "params": {"eta": 0.5517595756217739, "max_depth": 27.292494225863273, "n_estimators": 12.676712274651656}, "datetime": {"datetime": "2021-09-17 19:12:51", "elapsed": 439.929454, "delta": 1.61794}}
{"target": 0.8618656511889798, "params": {"eta": 0.32171361645855495, "max_depth": 7.780186677443192, "n_estimators": 27.637467161848935}, "datetime": {"datetime": "2021-09-17 19:12:54", "elapsed": 442.601233, "delta": 2.671779}}
{"target": 0.8413880051156468, "params": {"eta": 0.36403822668200525, "max_depth": 12.595504789806943, "n_estimators": 26.16398958920703}, "datetime": {"datetime": "2021-09-17 19:12:55", "elapsed": 444.135477, "delta": 1.534244}}
{"target": 0.8301699200394032, "params": {"eta": 0.3788131009774751, "max_depth": 25.71897467962433, "n_estimators": 29.79243390604972}, "datetime": {"datetime": "2021-09-17 19:12:58", "elapsed": 446.815709, "delta": 2.680232}}
{"target": 0.8404714120481767, "params": {"eta": 0.25456493381304, "max_depth": 7.927813176299079, "n_estimators": 27.944147748831472}, "datetime": {"datetime": "2021-09-17 19:13:00", "elapsed": 448.836853, "delta": 2.021144}}
{"target": 0.8536776391208863, "params": {"eta": 0.3570140054277513, "max_depth": 6.678412621148709, "n_estimators": 28.287919509788267}, "datetime": {"datetime": "2021-09-17 19:13:03", "elapsed": 451.38482, "delta": 2.547967}}
{"target": 0.8408463112387159, "params": {"eta": 0.24114817122339305, "max_depth": 7.377438416142439, "n_estimators": 28.183922244525693}, "datetime": {"datetime": "2021-09-17 19:13:05", "elapsed": 454.214624, "delta": 2.829804}}
{"target": 0.818042432348407, "params": {"eta": 0.21461069228461283, "max_depth": 6.645029913472723, "n_estimators": 20.766972947986282}, "datetime": {"datetime": "2021-09-17 19:13:07", "elapsed": 455.676623, "delta": 1.461999}}
{"target": 0.8464877210879154, "params": {"eta": 0.2367116284154806, "max_depth": 6.838570199084457, "n_estimators": 28.49788564550698}, "datetime": {"datetime": "2021-09-17 19:13:10", "elapsed": 458.591516, "delta": 2.914893}}
{"target": 0.871454338508246, "params": {"eta": 0.40678031707342865, "max_depth": 5.2202211270635654, "n_estimators": 27.11334691917932}, "datetime": {"datetime": "2021-09-17 19:13:13", "elapsed": 461.392448, "delta": 2.800932}}
{"target": 0.8699913469265346, "params": {"eta": 0.4394757849060581, "max_depth": 5.625282960049944, "n_estimators": 27.32201298468817}, "datetime": {"datetime": "2021-09-17 19:13:15", "elapsed": 464.347938, "delta": 2.95549}}
{"target": 0.8352650913894641, "params": {"eta": 0.3747925749865677, "max_depth": 6.6543277168580195, "n_estimators": 27.94188256126463}, "datetime": {"datetime": "2021-09-17 19:13:18", "elapsed": 466.92256, "delta": 2.574622}}
{"target": 0.8214840169756183, "params": {"eta": 0.38713516371714873, "max_depth": 24.88643322464257, "n_estimators": 29.370985584362852}, "datetime": {"datetime": "2021-09-17 19:13:22", "elapsed": 470.846985, "delta": 3.924425}}
{"target": 0.8314684701489351, "params": {"eta": 0.5501584746117698, "max_depth": 8.046919382719341, "n_estimators": 27.884695140148963}, "datetime": {"datetime": "2021-09-17 19:13:24", "elapsed": 473.234038, "delta": 2.387053}}
{"target": 0.8613383836836203, "params": {"eta": 0.1888556700423063, "max_depth": 6.2894549466488385, "n_estimators": 27.48693715983338}, "datetime": {"datetime": "2021-09-17 19:13:28", "elapsed": 476.538, "delta": 3.303962}}
{"target": 0.8472224121693216, "params": {"eta": 0.3518528219556486, "max_depth": 6.604449908626442, "n_estimators": 27.55910475914924}, "datetime": {"datetime": "2021-09-17 19:13:31", "elapsed": 479.864116, "delta": 3.326116}}
{"target": 0.8661769339988392, "params": {"eta": 0.19649850195868607, "max_depth": 9.513068191980853, "n_estimators": 26.73590930880675}, "datetime": {"datetime": "2021-09-17 19:13:33", "elapsed": 481.887218, "delta": 2.023102}}
{"target": 0.8414538400721109, "params": {"eta": 0.2879605547078695, "max_depth": 18.457644568077377, "n_estimators": 25.757129970975168}, "datetime": {"datetime": "2021-09-17 19:13:35", "elapsed": 483.632658, "delta": 1.74544}}
{"target": 0.8441535072533725, "params": {"eta": 0.3821342062740113, "max_depth": 9.435761265760835, "n_estimators": 26.88647178762617}, "datetime": {"datetime": "2021-09-17 19:13:37", "elapsed": 486.283363, "delta": 2.650705}}
{"target": 0.8075572003758795, "params": {"eta": 0.2256643651208342, "max_depth": 25.688045814575187, "n_estimators": 15.982588439640015}, "datetime": {"datetime": "2021-09-17 19:13:39", "elapsed": 487.89701, "delta": 1.613647}}
{"target": 0.8078897631633052, "params": {"eta": 0.11642497866006428, "max_depth": 24.68114199716251, "n_estimators": 25.14934355554641}, "datetime": {"datetime": "2021-09-17 19:13:41", "elapsed": 490.072355, "delta": 2.175345}}
{"target": 0.826975822121212, "params": {"eta": 0.12304894256312081, "max_depth": 25.268497248550755, "n_estimators": 29.154962682971032}, "datetime": {"datetime": "2021-09-17 19:13:44", "elapsed": 493.310683, "delta": 3.238328}}
{"target": 0.8319146601578009, "params": {"eta": 0.13517717232464715, "max_depth": 7.85382202891882, "n_estimators": 26.87060281308015}, "datetime": {"datetime": "2021-09-17 19:13:47", "elapsed": 495.636963, "delta": 2.32628}}
{"target": 0.7775609236344566, "params": {"eta": 0.1, "max_depth": 24.15880184334292, "n_estimators": 24.97198016351045}, "datetime": {"datetime": "2021-09-17 19:13:49", "elapsed": 497.786329, "delta": 2.149366}}
{"target": 0.8384256001860442, "params": {"eta": 0.42311351795987706, "max_depth": 6.44456502630767, "n_estimators": 27.273734894571028}, "datetime": {"datetime": "2021-09-17 19:13:51", "elapsed": 500.126277, "delta": 2.339948}}
{"target": 0.7482783945512734, "params": {"eta": 0.11271264999254406, "max_depth": 15.44901557413196, "n_estimators": 20.386061300930564}, "datetime": {"datetime": "2021-09-17 19:13:53", "elapsed": 501.698414, "delta": 1.572137}}
{"target": 0.7569801873939481, "params": {"eta": 0.24280094709437364, "max_depth": 16.936542247987575, "n_estimators": 9.913833343951607}, "datetime": {"datetime": "2021-09-17 19:13:55", "elapsed": 503.440422, "delta": 1.742008}}
{"target": 0.8161617406883483, "params": {"eta": 0.11760959962290683, "max_depth": 8.119092104599602, "n_estimators": 28.2902069208174}, "datetime": {"datetime": "2021-09-17 19:13:57", "elapsed": 505.683397, "delta": 2.242975}}
{"target": 0.8616896570939204, "params": {"eta": 0.3685230382505724, "max_depth": 5.829638701605855, "n_estimators": 26.88566874454384}, "datetime": {"datetime": "2021-09-17 19:13:59", "elapsed": 507.545085, "delta": 1.861688}}
{"target": 0.8744225064019975, "params": {"eta": 0.438097471608213, "max_depth": 5.624124923386551, "n_estimators": 26.976130054987703}, "datetime": {"datetime": "2021-09-17 19:14:01", "elapsed": 509.595041, "delta": 2.049956}}
{"target": 0.8216546424692021, "params": {"eta": 0.12491520137046921, "max_depth": 9.982074395948656, "n_estimators": 26.202429951565282}, "datetime": {"datetime": "2021-09-17 19:14:03", "elapsed": 511.609241, "delta": 2.0142}}
{"target": 0.8303390348762932, "params": {"eta": 0.15811252192119124, "max_depth": 25.8007655035625, "n_estimators": 28.909341657452565}, "datetime": {"datetime": "2021-09-17 19:14:05", "elapsed": 514.233645, "delta": 2.624404}}
{"target": 0.8396135064635426, "params": {"eta": 0.19909112153506933, "max_depth": 7.4728062146459795, "n_estimators": 28.749120776812696}, "datetime": {"datetime": "2021-09-17 19:14:08", "elapsed": 516.699109, "delta": 2.465464}}
{"target": 0.8175591447168246, "params": {"eta": 0.5531860758394814, "max_depth": 10.376470386560333, "n_estimators": 25.27874043398498}, "datetime": {"datetime": "2021-09-17 19:14:10", "elapsed": 519.329619, "delta": 2.63051}}
{"target": 0.7754167263766447, "params": {"eta": 0.6037207800250445, "max_depth": 23.92262902773203, "n_estimators": 10.270411279393162}, "datetime": {"datetime": "2021-09-17 19:14:12", "elapsed": 521.133338, "delta": 1.803719}}
{"target": 0.8373369848095116, "params": {"eta": 0.3320467756820764, "max_depth": 6.270312496961955, "n_estimators": 27.900136089739014}, "datetime": {"datetime": "2021-09-17 19:14:15", "elapsed": 524.267943, "delta": 3.134605}}
{"target": 0.7927511993832991, "params": {"eta": 0.10228241633404266, "max_depth": 9.76704157069359, "n_estimators": 26.75678635673173}, "datetime": {"datetime": "2021-09-17 19:14:18", "elapsed": 527.258531, "delta": 2.990588}}
{"target": 0.8346983789195691, "params": {"eta": 0.24918131881883337, "max_depth": 13.54634413838265, "n_estimators": 26.871575715834027}, "datetime": {"datetime": "2021-09-17 19:14:20", "elapsed": 529.081793, "delta": 1.823262}}
{"target": 0.8617971947224136, "params": {"eta": 0.44159053685697447, "max_depth": 10.284362740005786, "n_estimators": 26.227493825834404}, "datetime": {"datetime": "2021-09-17 19:14:23", "elapsed": 531.752027, "delta": 2.670234}}
{"target": 0.8231403434289063, "params": {"eta": 0.26233228480309156, "max_depth": 10.336921210620615, "n_estimators": 26.450742058380218}, "datetime": {"datetime": "2021-09-17 19:14:25", "elapsed": 534.190313, "delta": 2.438286}}
{"target": 0.8365214734405116, "params": {"eta": 0.14150975437309743, "max_depth": 28.789656596400825, "n_estimators": 29.0984402930847}, "datetime": {"datetime": "2021-09-17 19:14:27", "elapsed": 536.106273, "delta": 1.91596}}
{"target": 0.8201348266975638, "params": {"eta": 0.1161201627473007, "max_depth": 7.68875576486516, "n_estimators": 28.368001243662373}, "datetime": {"datetime": "2021-09-17 19:14:30", "elapsed": 539.368316, "delta": 3.262043}}
{"target": 0.8093993532907575, "params": {"eta": 0.21456851674833433, "max_depth": 13.563611705065467, "n_estimators": 15.432635438563263}, "datetime": {"datetime": "2021-09-17 19:14:34", "elapsed": 542.605019, "delta": 3.236703}}
{"target": 0.7583315082383231, "params": {"eta": 0.5883664396423852, "max_depth": 9.973554176284031, "n_estimators": 26.02852820966302}, "datetime": {"datetime": "2021-09-17 19:14:36", "elapsed": 545.316297, "delta": 2.711278}}
{"target": 0.83419139078292, "params": {"eta": 0.24066789231120278, "max_depth": 14.994025224632306, "n_estimators": 28.394864503214766}, "datetime": {"datetime": "2021-09-17 19:14:38", "elapsed": 547.222671, "delta": 1.906374}}
{"target": 0.8141926106031645, "params": {"eta": 0.1038176310568912, "max_depth": 24.73657577816741, "n_estimators": 29.923082292920537}, "datetime": {"datetime": "2021-09-17 19:14:42", "elapsed": 550.514589, "delta": 3.291918}}
