{"target": 0.7511540537978727, "params": {"eta": 1.0, "max_depth": 7.686583125748055, "n_estimators": 3.4450233372996526}, "datetime": {"datetime": "2021-09-17 15:49:02", "elapsed": 131.144914, "delta": 0.894311}}
{"target": 0.7567831536963845, "params": {"eta": 1.0, "max_depth": 8.315265385213527, "n_estimators": 4.231149716868003}, "datetime": {"datetime": "2021-09-17 15:49:03", "elapsed": 132.126915, "delta": 0.982001}}
{"target": 0.7500827879786587, "params": {"eta": 1.0, "max_depth": 5.655776620396746, "n_estimators": 2.8140027933251313}, "datetime": {"datetime": "2021-09-17 15:49:04", "elapsed": 132.97421, "delta": 0.847295}}
{"target": 0.7582765895449579, "params": {"eta": 1.0, "max_depth": 8.84068757166776, "n_estimators": 8.498985494891569}, "datetime": {"datetime": "2021-09-17 15:49:05", "elapsed": 133.96921, "delta": 0.995}}
{"target": 0.7352823494569657, "params": {"eta": 0.9923290918162986, "max_depth": 2.9739174343799837, "n_estimators": 7.596218151902285}, "datetime": {"datetime": "2021-09-17 15:49:06", "elapsed": 134.94222, "delta": 0.97301}}
{"target": 0.6329085524532094, "params": {"eta": 1.0, "max_depth": 7.728239797487494, "n_estimators": 1.5117019132347094}, "datetime": {"datetime": "2021-09-17 15:49:07", "elapsed": 135.739738, "delta": 0.797518}}
{"target": 0.7572151586168977, "params": {"eta": 1.0, "max_depth": 7.8808091303404995, "n_estimators": 7.673266788680413}, "datetime": {"datetime": "2021-09-17 15:49:08", "elapsed": 136.783091, "delta": 1.043353}}
{"target": 0.7532477652865055, "params": {"eta": 1.0, "max_depth": 7.127946890231033, "n_estimators": 5.8270440187963795}, "datetime": {"datetime": "2021-09-17 15:49:09", "elapsed": 137.666808, "delta": 0.883717}}
{"target": 0.8038560051528982, "params": {"eta": 0.574027123513393, "max_depth": 3.4431358173571116, "n_estimators": 10.0}, "datetime": {"datetime": "2021-09-17 15:49:10", "elapsed": 138.80695, "delta": 1.140142}}
{"target": 0.6329085524532094, "params": {"eta": 1.0, "max_depth": 6.461757647604674, "n_estimators": 1.5701121382246503}, "datetime": {"datetime": "2021-09-17 15:49:11", "elapsed": 139.952952, "delta": 1.146002}}
{"target": 0.7600589855042117, "params": {"eta": 1.0, "max_depth": 7.75166419897371, "n_estimators": 10.0}, "datetime": {"datetime": "2021-09-17 15:49:12", "elapsed": 141.017392, "delta": 1.06444}}
{"target": 0.7095172302998332, "params": {"eta": 0.9943507651422682, "max_depth": 2.485993679022093, "n_estimators": 6.2968016819740225}, "datetime": {"datetime": "2021-09-17 15:49:14", "elapsed": 142.429123, "delta": 1.411731}}
{"target": 0.7555792555470828, "params": {"eta": 0.7234615988085771, "max_depth": 2.6986586344436034, "n_estimators": 8.829197678015085}, "datetime": {"datetime": "2021-09-17 15:49:15", "elapsed": 143.409348, "delta": 0.980225}}
{"target": 0.7801938498065187, "params": {"eta": 0.9969024257867403, "max_depth": 3.609501080656867, "n_estimators": 8.724574892240671}, "datetime": {"datetime": "2021-09-17 15:49:16", "elapsed": 144.381349, "delta": 0.972001}}
{"target": 0.7443186035509229, "params": {"eta": 1.0, "max_depth": 9.415232464289925, "n_estimators": 3.698910128015718}, "datetime": {"datetime": "2021-09-17 15:49:17", "elapsed": 145.416205, "delta": 1.034856}}
{"target": 0.7674511384759213, "params": {"eta": 0.6041160843871745, "max_depth": 5.4763630172127895, "n_estimators": 10.0}, "datetime": {"datetime": "2021-09-17 15:49:18", "elapsed": 146.428201, "delta": 1.011996}}
{"target": 0.7482492217650238, "params": {"eta": 1.0, "max_depth": 9.46728163149085, "n_estimators": 2.558092497527578}, "datetime": {"datetime": "2021-09-17 15:49:19", "elapsed": 147.450518, "delta": 1.022317}}
{"target": 0.7588840580547833, "params": {"eta": 0.6766591464561431, "max_depth": 4.329886375573655, "n_estimators": 5.558396616951491}, "datetime": {"datetime": "2021-09-17 15:49:20", "elapsed": 148.283519, "delta": 0.833001}}
{"target": 0.6329085524532094, "params": {"eta": 1.0, "max_depth": 5.717191590699871, "n_estimators": 1.0}, "datetime": {"datetime": "2021-09-17 15:49:20", "elapsed": 149.259677, "delta": 0.976158}}
{"target": 0.786277389970067, "params": {"eta": 0.6395539525246136, "max_depth": 6.6843610318021405, "n_estimators": 9.979753266277589}, "datetime": {"datetime": "2021-09-17 15:49:22", "elapsed": 150.456677, "delta": 1.197}}
{"target": 0.7234779285539812, "params": {"eta": 1.0, "max_depth": 3.5675336638147934, "n_estimators": 2.317630258672469}, "datetime": {"datetime": "2021-09-17 15:49:23", "elapsed": 151.61217, "delta": 1.155493}}
{"target": 0.7747248092912872, "params": {"eta": 0.2534792439982656, "max_depth": 7.119316227640598, "n_estimators": 9.600177069557107}, "datetime": {"datetime": "2021-09-17 15:49:24", "elapsed": 152.72661, "delta": 1.11444}}
{"target": 0.7606110497870101, "params": {"eta": 1.0, "max_depth": 8.624955506577201, "n_estimators": 7.659056767965029}, "datetime": {"datetime": "2021-09-17 15:49:25", "elapsed": 153.982606, "delta": 1.255996}}
{"target": 0.7588149350443214, "params": {"eta": 0.4751449666684822, "max_depth": 4.872896927456722, "n_estimators": 4.819642055859704}, "datetime": {"datetime": "2021-09-17 15:49:27", "elapsed": 155.500588, "delta": 1.517982}}
{"target": 0.7731130841191473, "params": {"eta": 0.6886090108693702, "max_depth": 2.7175868079434293, "n_estimators": 9.996490403745788}, "datetime": {"datetime": "2021-09-17 15:49:28", "elapsed": 156.415588, "delta": 0.915}}
{"target": 0.7590694510178495, "params": {"eta": 1.0, "max_depth": 8.242886071991599, "n_estimators": 9.581261271348213}, "datetime": {"datetime": "2021-09-17 15:49:29", "elapsed": 157.32909, "delta": 0.913502}}
{"target": 0.7456460521686725, "params": {"eta": 1.0, "max_depth": 6.409964787751121, "n_estimators": 5.8174284124544124}, "datetime": {"datetime": "2021-09-17 15:49:29", "elapsed": 158.228089, "delta": 0.898999}}
{"target": 0.7798361864274581, "params": {"eta": 0.6475278657943467, "max_depth": 5.121370620126437, "n_estimators": 5.275142990226767}, "datetime": {"datetime": "2021-09-17 15:49:31", "elapsed": 159.274372, "delta": 1.046283}}
{"target": 0.7083510007585798, "params": {"eta": 1.0, "max_depth": 2.3166729219539577, "n_estimators": 6.858754224455279}, "datetime": {"datetime": "2021-09-17 15:49:32", "elapsed": 160.275373, "delta": 1.001001}}
{"target": 0.7907319749494783, "params": {"eta": 0.5831717193397415, "max_depth": 4.666969299692797, "n_estimators": 9.997046382687067}, "datetime": {"datetime": "2021-09-17 15:49:32", "elapsed": 161.142694, "delta": 0.867321}}
{"target": 0.7649090388878759, "params": {"eta": 1.0, "max_depth": 5.985898960051991, "n_estimators": 3.6876087045987225}, "datetime": {"datetime": "2021-09-17 15:49:33", "elapsed": 162.129697, "delta": 0.987003}}
{"target": 0.795154306507933, "params": {"eta": 1.0, "max_depth": 5.559425002776804, "n_estimators": 5.084576599551736}, "datetime": {"datetime": "2021-09-17 15:49:34", "elapsed": 163.159119, "delta": 1.029422}}
{"target": 0.6988827444828829, "params": {"eta": 1.0, "max_depth": 2.253546220163987, "n_estimators": 5.752045630805346}, "datetime": {"datetime": "2021-09-17 15:49:35", "elapsed": 164.037116, "delta": 0.877997}}
{"target": 0.8204546383749619, "params": {"eta": 0.5054546261375518, "max_depth": 7.743151581328723, "n_estimators": 8.901148164171019}, "datetime": {"datetime": "2021-09-17 15:49:36", "elapsed": 165.107558, "delta": 1.070442}}
{"target": 0.7683362113140478, "params": {"eta": 1.0, "max_depth": 4.650503195830283, "n_estimators": 3.6144809249804895}, "datetime": {"datetime": "2021-09-17 15:49:37", "elapsed": 166.191561, "delta": 1.084003}}
{"target": 0.7423463181634276, "params": {"eta": 1.0, "max_depth": 9.667959692955279, "n_estimators": 9.50763499843146}, "datetime": {"datetime": "2021-09-17 15:49:38", "elapsed": 167.216483, "delta": 1.024922}}
{"target": 0.7422500938967571, "params": {"eta": 1.0, "max_depth": 9.099260020211728, "n_estimators": 8.976690175170576}, "datetime": {"datetime": "2021-09-17 15:49:40", "elapsed": 168.396279, "delta": 1.179796}}
{"target": 0.7439855772075359, "params": {"eta": 1.0, "max_depth": 9.549959771785037, "n_estimators": 6.219459272718512}, "datetime": {"datetime": "2021-09-17 15:49:41", "elapsed": 169.543531, "delta": 1.147252}}
{"target": 0.7514600038467866, "params": {"eta": 0.6986079458545188, "max_depth": 4.7000830575115256, "n_estimators": 5.106059346314661}, "datetime": {"datetime": "2021-09-17 15:49:42", "elapsed": 170.653854, "delta": 1.110323}}
{"target": 0.7729183164943851, "params": {"eta": 1.0, "max_depth": 4.6410033662952666, "n_estimators": 10.0}, "datetime": {"datetime": "2021-09-17 15:49:43", "elapsed": 171.502852, "delta": 0.848998}}
{"target": 0.7762475492667954, "params": {"eta": 0.9823722337631616, "max_depth": 5.784022442513694, "n_estimators": 7.643191975168444}, "datetime": {"datetime": "2021-09-17 15:49:44", "elapsed": 172.650486, "delta": 1.147634}}
{"target": 0.7572065768562806, "params": {"eta": 1.0, "max_depth": 3.896744303856921, "n_estimators": 6.855081309535594}, "datetime": {"datetime": "2021-09-17 15:49:45", "elapsed": 173.639188, "delta": 0.988702}}
{"target": 0.6534858712017793, "params": {"eta": 1.0, "max_depth": 1.5564281396714301, "n_estimators": 2.6968166818666948}, "datetime": {"datetime": "2021-09-17 15:49:46", "elapsed": 175.173374, "delta": 1.534186}}
{"target": -4.53839105835571, "params": {"eta": 0.01, "max_depth": 4.849655258858199, "n_estimators": 5.0924291991936705}, "datetime": {"datetime": "2021-09-17 15:49:47", "elapsed": 176.178377, "delta": 1.005003}}
{"target": 0.747761190437974, "params": {"eta": 0.6114753557941479, "max_depth": 4.920579562441314, "n_estimators": 4.353200474539389}, "datetime": {"datetime": "2021-09-17 15:49:49", "elapsed": 177.503008, "delta": 1.324631}}
{"target": 0.7549255117675927, "params": {"eta": 0.654579579169644, "max_depth": 4.685880545837581, "n_estimators": 4.633804085264595}, "datetime": {"datetime": "2021-09-17 15:49:50", "elapsed": 178.611005, "delta": 1.107997}}
{"target": 0.7814103567275168, "params": {"eta": 0.6827557805703858, "max_depth": 5.260013204397289, "n_estimators": 4.687139529723321}, "datetime": {"datetime": "2021-09-17 15:49:51", "elapsed": 179.688004, "delta": 1.076999}}
{"target": -1.3212025821989628, "params": {"eta": 0.11476396143620948, "max_depth": 1.009414174826678, "n_estimators": 5.556869890127744}, "datetime": {"datetime": "2021-09-17 15:49:52", "elapsed": 180.509001, "delta": 0.820997}}
{"target": -4.849130874012915, "params": {"eta": 0.01, "max_depth": 10.0, "n_estimators": 2.119863012569865}, "datetime": {"datetime": "2021-09-17 15:49:53", "elapsed": 181.715715, "delta": 1.206714}}
{"target": 0.7145376411647706, "params": {"eta": 0.24066050254091714, "max_depth": 9.971525635343264, "n_estimators": 8.190917202086368}, "datetime": {"datetime": "2021-09-17 15:49:54", "elapsed": 182.949753, "delta": 1.234038}}
{"target": 0.8018074023834334, "params": {"eta": 0.31432946947092977, "max_depth": 9.336268070418523, "n_estimators": 8.658440549258046}, "datetime": {"datetime": "2021-09-17 15:49:55", "elapsed": 184.075753, "delta": 1.126}}
{"target": 0.8005771726771946, "params": {"eta": 0.31782984955735716, "max_depth": 9.973046586982043, "n_estimators": 8.714432563475224}, "datetime": {"datetime": "2021-09-17 15:49:56", "elapsed": 185.110917, "delta": 1.035164}}
{"target": 0.7906195921305921, "params": {"eta": 0.6070760801155504, "max_depth": 9.648768587437832, "n_estimators": 8.271179787646872}, "datetime": {"datetime": "2021-09-17 15:49:58", "elapsed": 186.335914, "delta": 1.224997}}
{"target": -4.156175243512049, "params": {"eta": 0.011138511373933329, "max_depth": 9.7184879605452, "n_estimators": 8.579803250198625}, "datetime": {"datetime": "2021-09-17 15:49:59", "elapsed": 187.399, "delta": 1.063086}}
{"target": 0.8052775662865509, "params": {"eta": 0.5202439272291306, "max_depth": 8.837247624873607, "n_estimators": 8.844511979052598}, "datetime": {"datetime": "2021-09-17 15:50:00", "elapsed": 188.475002, "delta": 1.076002}}
{"target": -4.641800766139532, "params": {"eta": 0.01, "max_depth": 9.069383502818797, "n_estimators": 4.825714906582302}, "datetime": {"datetime": "2021-09-17 15:50:01", "elapsed": 189.670213, "delta": 1.195211}}
{"target": 0.7787539832130249, "params": {"eta": 0.6469471786948062, "max_depth": 9.444119787664844, "n_estimators": 8.890444463538563}, "datetime": {"datetime": "2021-09-17 15:50:02", "elapsed": 191.018767, "delta": 1.348554}}
{"target": 0.8105118133077187, "params": {"eta": 0.49321891808772494, "max_depth": 9.00564384874743, "n_estimators": 8.271671343669246}, "datetime": {"datetime": "2021-09-17 15:50:03", "elapsed": 191.957765, "delta": 0.938998}}
{"target": 0.732540961246579, "params": {"eta": 0.7398681955933838, "max_depth": 9.984724200703496, "n_estimators": 8.638469053546839}, "datetime": {"datetime": "2021-09-17 15:50:04", "elapsed": 193.156262, "delta": 1.198497}}
{"target": -1.4406660878702988, "params": {"eta": 0.15721829866906828, "max_depth": 5.700617224150563, "n_estimators": 3.584958614616452}, "datetime": {"datetime": "2021-09-17 15:50:05", "elapsed": 194.26226, "delta": 1.105998}}
{"target": -0.12760188579769305, "params": {"eta": 0.22481414605186262, "max_depth": 2.785540962979667, "n_estimators": 4.327596265204376}, "datetime": {"datetime": "2021-09-17 15:50:07", "elapsed": 195.347988, "delta": 1.085728}}
{"target": 0.8223982891341892, "params": {"eta": 0.5002473692278424, "max_depth": 10.0, "n_estimators": 7.822135415403666}, "datetime": {"datetime": "2021-09-17 15:50:08", "elapsed": 196.506854, "delta": 1.158866}}
{"target": 0.7498218488035417, "params": {"eta": 0.32102227651373505, "max_depth": 1.8689279366167308, "n_estimators": 9.998900187970916}, "datetime": {"datetime": "2021-09-17 15:50:09", "elapsed": 197.729203, "delta": 1.222349}}
{"target": -4.150069929103902, "params": {"eta": 0.01, "max_depth": 3.116178396121447, "n_estimators": 9.111201625063133}, "datetime": {"datetime": "2021-09-17 15:50:10", "elapsed": 199.060439, "delta": 1.331236}}
{"target": 0.7657537600703063, "params": {"eta": 0.38509610153886853, "max_depth": 2.2983241312860185, "n_estimators": 9.470087149968478}, "datetime": {"datetime": "2021-09-17 15:50:11", "elapsed": 200.214435, "delta": 1.153996}}
{"target": -1.9624115573583834, "params": {"eta": 0.057203724353936815, "max_depth": 2.5009936580302776, "n_estimators": 7.44864643710866}, "datetime": {"datetime": "2021-09-17 15:50:13", "elapsed": 201.371028, "delta": 1.156593}}
{"target": -4.259558014847994, "params": {"eta": 0.01, "max_depth": 2.0691650544637743, "n_estimators": 8.520615868837966}, "datetime": {"datetime": "2021-09-17 15:50:14", "elapsed": 202.516679, "delta": 1.145651}}
{"target": 0.721147711766219, "params": {"eta": 0.979271519605375, "max_depth": 3.5445469453883667, "n_estimators": 2.920483461441384}, "datetime": {"datetime": "2021-09-17 15:50:15", "elapsed": 203.599857, "delta": 1.083178}}
{"target": 0.7884333349874709, "params": {"eta": 0.6643830662578234, "max_depth": 2.620409566546755, "n_estimators": 7.964773716360984}, "datetime": {"datetime": "2021-09-17 15:50:16", "elapsed": 205.255081, "delta": 1.655224}}
{"target": 0.743744488234268, "params": {"eta": 0.2876359926705871, "max_depth": 6.370089238717286, "n_estimators": 7.33933369819156}, "datetime": {"datetime": "2021-09-17 15:50:18", "elapsed": 206.362085, "delta": 1.107004}}
{"target": 0.7845387853092842, "params": {"eta": 0.40296869184472, "max_depth": 6.736813339028406, "n_estimators": 6.746220653682483}, "datetime": {"datetime": "2021-09-17 15:50:19", "elapsed": 207.549162, "delta": 1.187077}}
{"target": 0.7916670413901674, "params": {"eta": 0.3599621057585952, "max_depth": 5.533362753057508, "n_estimators": 7.508380993733393}, "datetime": {"datetime": "2021-09-17 15:50:20", "elapsed": 209.114482, "delta": 1.56532}}
{"target": 0.7426387380351058, "params": {"eta": 0.4129583495009883, "max_depth": 1.7295650946114072, "n_estimators": 7.491975375214467}, "datetime": {"datetime": "2021-09-17 15:50:22", "elapsed": 210.903386, "delta": 1.788904}}
{"target": 0.7032959987225837, "params": {"eta": 0.3035249126335779, "max_depth": 8.047990189025523, "n_estimators": 6.33159427947154}, "datetime": {"datetime": "2021-09-17 15:50:23", "elapsed": 212.135388, "delta": 1.232002}}
{"target": 0.7724236712811356, "params": {"eta": 0.39006540980094817, "max_depth": 7.395690427862954, "n_estimators": 6.5423502696311875}, "datetime": {"datetime": "2021-09-17 15:50:25", "elapsed": 213.468469, "delta": 1.333081}}
{"target": 0.6258201038703164, "params": {"eta": 0.9894852271017878, "max_depth": 9.407022577715882, "n_estimators": 1.4969105430388479}, "datetime": {"datetime": "2021-09-17 15:50:26", "elapsed": 214.358468, "delta": 0.889999}}
{"target": 0.8419588911735961, "params": {"eta": 0.3498799797966094, "max_depth": 4.997591732648712, "n_estimators": 9.275516741251773}, "datetime": {"datetime": "2021-09-17 15:50:27", "elapsed": 215.414725, "delta": 1.056257}}
{"target": 0.710690399656215, "params": {"eta": 0.3711436557929032, "max_depth": 3.577151554397079, "n_estimators": 5.105643215773643}, "datetime": {"datetime": "2021-09-17 15:50:28", "elapsed": 216.816889, "delta": 1.402164}}
{"target": -1.5442702119261602, "params": {"eta": 0.4051811247277129, "max_depth": 2.6385069299838624, "n_estimators": 1.2859357099785647}, "datetime": {"datetime": "2021-09-17 15:50:29", "elapsed": 217.807999, "delta": 0.99111}}
{"target": 0.7830801567293435, "params": {"eta": 0.9952196139827204, "max_depth": 4.412863791921055, "n_estimators": 8.106197120532375}, "datetime": {"datetime": "2021-09-17 15:50:31", "elapsed": 219.268218, "delta": 1.460219}}
{"target": 0.8189231901447037, "params": {"eta": 0.3738972164124519, "max_depth": 5.608852704402941, "n_estimators": 9.388881242871902}, "datetime": {"datetime": "2021-09-17 15:50:32", "elapsed": 220.777216, "delta": 1.508998}}
{"target": 0.7363813609847971, "params": {"eta": 0.6933502242463349, "max_depth": 1.926418106367883, "n_estimators": 7.990586885541215}, "datetime": {"datetime": "2021-09-17 15:50:33", "elapsed": 221.948044, "delta": 1.170828}}
{"target": 0.8236484727546645, "params": {"eta": 0.4701153178933772, "max_depth": 8.618945247935073, "n_estimators": 6.648193867623033}, "datetime": {"datetime": "2021-09-17 15:50:34", "elapsed": 223.24972, "delta": 1.301676}}
{"target": 0.3950970816952457, "params": {"eta": 0.3536302458525931, "max_depth": 1.8012138941928404, "n_estimators": 4.668176776509671}, "datetime": {"datetime": "2021-09-17 15:50:36", "elapsed": 224.844719, "delta": 1.594999}}
{"target": -3.232483302638699, "params": {"eta": 0.02183457233317735, "max_depth": 6.439455448714589, "n_estimators": 9.453937959756747}, "datetime": {"datetime": "2021-09-17 15:50:37", "elapsed": 226.166997, "delta": 1.322278}}
{"target": -1.2481624452170696, "params": {"eta": 0.06728385922010997, "max_depth": 7.39964333872161, "n_estimators": 8.984664842134586}, "datetime": {"datetime": "2021-09-17 15:50:39", "elapsed": 227.596905, "delta": 1.429908}}
{"target": 0.7006135462207224, "params": {"eta": 0.9915031933939419, "max_depth": 2.8414739224359877, "n_estimators": 5.369568870704386}, "datetime": {"datetime": "2021-09-17 15:50:40", "elapsed": 228.558907, "delta": 0.962002}}
{"target": 0.747528749939172, "params": {"eta": 0.6365725742202544, "max_depth": 8.519607543495752, "n_estimators": 3.590680568339824}, "datetime": {"datetime": "2021-09-17 15:50:41", "elapsed": 229.526488, "delta": 0.967581}}
{"target": 0.7867355866561571, "params": {"eta": 0.5735777473207896, "max_depth": 5.11536412374094, "n_estimators": 7.462550778941413}, "datetime": {"datetime": "2021-09-17 15:50:42", "elapsed": 230.509488, "delta": 0.983}}
{"target": 0.40009089328654546, "params": {"eta": 0.2172335326468491, "max_depth": 3.790847575785615, "n_estimators": 6.498757108883115}, "datetime": {"datetime": "2021-09-17 15:50:44", "elapsed": 232.285897, "delta": 1.776409}}
{"target": 0.7839269192228003, "params": {"eta": 1.0, "max_depth": 3.725940431551419, "n_estimators": 7.985150781019443}, "datetime": {"datetime": "2021-09-17 15:50:45", "elapsed": 233.579303, "delta": 1.293406}}
{"target": 0.7889416792021919, "params": {"eta": 0.4154501460324863, "max_depth": 8.55193510516546, "n_estimators": 6.0506836811370714}, "datetime": {"datetime": "2021-09-17 15:50:46", "elapsed": 235.017078, "delta": 1.437775}}
{"target": 0.7996118309068767, "params": {"eta": 0.5627465808346757, "max_depth": 5.311122718186156, "n_estimators": 8.706262754667677}, "datetime": {"datetime": "2021-09-17 15:50:47", "elapsed": 236.233973, "delta": 1.216895}}
{"target": -0.7444565980989988, "params": {"eta": 0.5365514691848485, "max_depth": 4.018425026333311, "n_estimators": 1.0439590365984865}, "datetime": {"datetime": "2021-09-17 15:50:49", "elapsed": 237.294974, "delta": 1.061001}}
{"target": 0.8225918891985353, "params": {"eta": 0.518320886612698, "max_depth": 6.761289770284933, "n_estimators": 7.973251774242878}, "datetime": {"datetime": "2021-09-17 15:50:50", "elapsed": 238.56866, "delta": 1.273686}}
{"target": 0.8381403850550359, "params": {"eta": 0.4815572660751237, "max_depth": 7.0086969520700135, "n_estimators": 7.189906833413091}, "datetime": {"datetime": "2021-09-17 15:50:52", "elapsed": 240.720886, "delta": 2.152226}}
{"target": 0.8192219250006391, "params": {"eta": 0.543286723968368, "max_depth": 6.919723927680748, "n_estimators": 8.757545985226841}, "datetime": {"datetime": "2021-09-17 15:50:54", "elapsed": 242.607512, "delta": 1.886626}}
{"target": 0.8217360253150632, "params": {"eta": 0.46570980121329786, "max_depth": 6.103138808197269, "n_estimators": 7.861990902347448}, "datetime": {"datetime": "2021-09-17 15:50:55", "elapsed": 243.946858, "delta": 1.339346}}
{"target": 0.7133020022064078, "params": {"eta": 0.28377747197901826, "max_depth": 1.0330658325254003, "n_estimators": 9.999176124383816}, "datetime": {"datetime": "2021-09-17 15:50:57", "elapsed": 245.474683, "delta": 1.527825}}
